<?xml version="1.0" encoding="UTF-8"?>
<testsuite xmlns:xsi="http://www.w3.org/2001/XMLSchema-instance" xsi:noNamespaceSchemaLocation="https://maven.apache.org/surefire/maven-surefire-plugin/xsd/surefire-test-report.xsd" name="org.apache.hadoop.ozone.client.rpc.TestCommitWatcher" time="49.705" tests="2" errors="0" skipped="0" failures="1">
  <properties>
    <property name="awt.toolkit" value="sun.awt.X11.XToolkit"/>
    <property name="file.encoding.pkg" value="sun.io"/>
    <property name="java.specification.version" value="1.8"/>
    <property name="sun.cpu.isalist" value=""/>
    <property name="sun.jnu.encoding" value="UTF-8"/>
    <property name="java.class.path" value="/workdir/hadoop-ozone/integration-test/target/test-classes:/workdir/hadoop-ozone/integration-test/target/classes:/home/user/.m2/repository/org/apache/hadoop/hadoop-ozone-common/0.5.0-SNAPSHOT/hadoop-ozone-common-0.5.0-SNAPSHOT.jar:/home/user/.m2/repository/org/apache/commons/commons-compress/1.4.1/commons-compress-1.4.1.jar:/home/user/.m2/repository/org/tukaani/xz/1.0/xz-1.0.jar:/home/user/.m2/repository/org/apache/hadoop/hadoop-common/3.2.0/hadoop-common-3.2.0.jar:/home/user/.m2/repository/org/apache/hadoop/hadoop-hdfs/3.2.0/hadoop-hdfs-3.2.0.jar:/home/user/.m2/repository/org/apache/hadoop/hadoop-hdfs-client/3.2.0/hadoop-hdfs-client-3.2.0.jar:/home/user/.m2/repository/com/fasterxml/jackson/core/jackson-annotations/2.9.5/jackson-annotations-2.9.5.jar:/home/user/.m2/repository/org/apache/hadoop/hadoop-hdds-common/0.5.0-SNAPSHOT/hadoop-hdds-common-0.5.0-SNAPSHOT.jar:/home/user/.m2/repository/javax/annotation/javax.annotation-api/1.2/javax.annotation-api-1.2.jar:/home/user/.m2/repository/org/apache/ratis/ratis-server/0.4.0-2337318-SNAPSHOT/ratis-server-0.4.0-2337318-SNAPSHOT.jar:/home/user/.m2/repository/org/apache/ratis/ratis-thirdparty-misc/0.2.0/ratis-thirdparty-misc-0.2.0.jar:/home/user/.m2/repository/org/apache/ratis/ratis-proto/0.4.0-2337318-SNAPSHOT/ratis-proto-0.4.0-2337318-SNAPSHOT.jar:/home/user/.m2/repository/org/apache/ratis/ratis-common/0.4.0-2337318-SNAPSHOT/ratis-common-0.4.0-2337318-SNAPSHOT.jar:/home/user/.m2/repository/org/apache/ratis/ratis-client/0.4.0-2337318-SNAPSHOT/ratis-client-0.4.0-2337318-SNAPSHOT.jar:/home/user/.m2/repository/org/apache/ratis/ratis-metrics/0.4.0-2337318-SNAPSHOT/ratis-metrics-0.4.0-2337318-SNAPSHOT.jar:/home/user/.m2/repository/org/apache/ratis/ratis-netty/0.4.0-2337318-SNAPSHOT/ratis-netty-0.4.0-2337318-SNAPSHOT.jar:/home/user/.m2/repository/org/apache/ratis/ratis-grpc/0.4.0-2337318-SNAPSHOT/ratis-grpc-0.4.0-2337318-SNAPSHOT.jar:/home/user/.m2/repository/org/rocksdb/rocksdbjni/6.0.1/rocksdbjni-6.0.1.jar:/home/user/.m2/repository/org/apache/logging/log4j/log4j-api/2.11.0/log4j-api-2.11.0.jar:/home/user/.m2/repository/org/apache/logging/log4j/log4j-core/2.11.0/log4j-core-2.11.0.jar:/home/user/.m2/repository/com/lmax/disruptor/3.4.2/disruptor-3.4.2.jar:/home/user/.m2/repository/org/apache/commons/commons-pool2/2.6.0/commons-pool2-2.6.0.jar:/home/user/.m2/repository/org/bouncycastle/bcpkix-jdk15on/1.60/bcpkix-jdk15on-1.60.jar:/home/user/.m2/repository/commons-validator/commons-validator/1.6/commons-validator-1.6.jar:/home/user/.m2/repository/commons-digester/commons-digester/1.8.1/commons-digester-1.8.1.jar:/home/user/.m2/repository/io/jaegertracing/jaeger-client/0.33.1/jaeger-client-0.33.1.jar:/home/user/.m2/repository/io/jaegertracing/jaeger-thrift/0.33.1/jaeger-thrift-0.33.1.jar:/home/user/.m2/repository/org/apache/thrift/libthrift/0.11.0/libthrift-0.11.0.jar:/home/user/.m2/repository/com/squareup/okhttp3/okhttp/3.9.0/okhttp-3.9.0.jar:/home/user/.m2/repository/com/squareup/okio/okio/1.13.0/okio-1.13.0.jar:/home/user/.m2/repository/io/jaegertracing/jaeger-core/0.33.1/jaeger-core-0.33.1.jar:/home/user/.m2/repository/io/jaegertracing/jaeger-tracerresolver/0.33.1/jaeger-tracerresolver-0.33.1.jar:/home/user/.m2/repository/io/opentracing/contrib/opentracing-tracerresolver/0.1.5/opentracing-tracerresolver-0.1.5.jar:/home/user/.m2/repository/io/opentracing/opentracing-util/0.31.0/opentracing-util-0.31.0.jar:/home/user/.m2/repository/io/opentracing/opentracing-api/0.31.0/opentracing-api-0.31.0.jar:/home/user/.m2/repository/io/opentracing/opentracing-noop/0.31.0/opentracing-noop-0.31.0.jar:/home/user/.m2/repository/org/apache/hadoop/hadoop-hdds-server-framework/0.5.0-SNAPSHOT/hadoop-hdds-server-framework-0.5.0-SNAPSHOT.jar:/home/user/.m2/repository/org/apache/hadoop/hadoop-hdds-container-service/0.5.0-SNAPSHOT/hadoop-hdds-container-service-0.5.0-SNAPSHOT.jar:/home/user/.m2/repository/org/apache/hadoop/hadoop-hdds-client/0.5.0-SNAPSHOT/hadoop-hdds-client-0.5.0-SNAPSHOT.jar:/home/user/.m2/repository/org/apache/hadoop/hadoop-hdds-tools/0.5.0-SNAPSHOT/hadoop-hdds-tools-0.5.0-SNAPSHOT.jar:/home/user/.m2/repository/org/apache/hadoop/hadoop-hdds-server-scm/0.5.0-SNAPSHOT/hadoop-hdds-server-scm-0.5.0-SNAPSHOT.jar:/home/user/.m2/repository/org/apache/hadoop/hadoop-hdds-docs/0.5.0-SNAPSHOT/hadoop-hdds-docs-0.5.0-SNAPSHOT.jar:/home/user/.m2/repository/io/dropwizard/metrics/metrics-core/3.2.4/metrics-core-3.2.4.jar:/home/user/.m2/repository/org/hamcrest/hamcrest-all/1.3/hamcrest-all-1.3.jar:/home/user/.m2/repository/org/bouncycastle/bcprov-jdk15on/1.60/bcprov-jdk15on-1.60.jar:/home/user/.m2/repository/info/picocli/picocli/3.9.6/picocli-3.9.6.jar:/home/user/.m2/repository/com/google/protobuf/protobuf-java/2.5.0/protobuf-java-2.5.0.jar:/home/user/.m2/repository/com/google/guava/guava/11.0.2/guava-11.0.2.jar:/home/user/.m2/repository/org/apache/hadoop/hadoop-ozone-ozone-manager/0.5.0-SNAPSHOT/hadoop-ozone-ozone-manager-0.5.0-SNAPSHOT.jar:/home/user/.m2/repository/org/apache/hadoop/hadoop-minikdc/3.2.0/hadoop-minikdc-3.2.0.jar:/home/user/.m2/repository/commons-io/commons-io/2.5/commons-io-2.5.jar:/home/user/.m2/repository/org/apache/kerby/kerb-simplekdc/1.0.1/kerb-simplekdc-1.0.1.jar:/home/user/.m2/repository/org/apache/kerby/kerb-client/1.0.1/kerb-client-1.0.1.jar:/home/user/.m2/repository/org/apache/kerby/kerby-config/1.0.1/kerby-config-1.0.1.jar:/home/user/.m2/repository/org/apache/kerby/kerb-core/1.0.1/kerb-core-1.0.1.jar:/home/user/.m2/repository/org/apache/kerby/kerby-pkix/1.0.1/kerby-pkix-1.0.1.jar:/home/user/.m2/repository/org/apache/kerby/kerby-asn1/1.0.1/kerby-asn1-1.0.1.jar:/home/user/.m2/repository/org/apache/kerby/kerby-util/1.0.1/kerby-util-1.0.1.jar:/home/user/.m2/repository/org/apache/kerby/kerb-common/1.0.1/kerb-common-1.0.1.jar:/home/user/.m2/repository/org/apache/kerby/kerb-crypto/1.0.1/kerb-crypto-1.0.1.jar:/home/user/.m2/repository/org/apache/kerby/kerb-util/1.0.1/kerb-util-1.0.1.jar:/home/user/.m2/repository/org/apache/kerby/token-provider/1.0.1/token-provider-1.0.1.jar:/home/user/.m2/repository/org/apache/kerby/kerb-admin/1.0.1/kerb-admin-1.0.1.jar:/home/user/.m2/repository/org/apache/kerby/kerb-server/1.0.1/kerb-server-1.0.1.jar:/home/user/.m2/repository/org/apache/kerby/kerb-identity/1.0.1/kerb-identity-1.0.1.jar:/home/user/.m2/repository/org/apache/kerby/kerby-xdr/1.0.1/kerby-xdr-1.0.1.jar:/home/user/.m2/repository/org/slf4j/slf4j-log4j12/1.7.25/slf4j-log4j12-1.7.25.jar:/home/user/.m2/repository/org/apache/hadoop/hadoop-ozone-objectstore-service/0.5.0-SNAPSHOT/hadoop-ozone-objectstore-service-0.5.0-SNAPSHOT.jar:/home/user/.m2/repository/org/apache/hadoop/hadoop-ozone-s3gateway/0.5.0-SNAPSHOT/hadoop-ozone-s3gateway-0.5.0-SNAPSHOT.jar:/home/user/.m2/repository/org/jboss/weld/servlet/weld-servlet/2.4.7.Final/weld-servlet-2.4.7.Final.jar:/home/user/.m2/repository/org/glassfish/jersey/containers/jersey-container-servlet-core/2.27/jersey-container-servlet-core-2.27.jar:/home/user/.m2/repository/org/glassfish/hk2/external/javax.inject/2.5.0-b42/javax.inject-2.5.0-b42.jar:/home/user/.m2/repository/org/glassfish/jersey/core/jersey-common/2.27/jersey-common-2.27.jar:/home/user/.m2/repository/org/glassfish/hk2/osgi-resource-locator/1.0.1/osgi-resource-locator-1.0.1.jar:/home/user/.m2/repository/javax/ws/rs/javax.ws.rs-api/2.1/javax.ws.rs-api-2.1.jar:/home/user/.m2/repository/org/glassfish/jersey/ext/cdi/jersey-cdi1x/2.27/jersey-cdi1x-2.27.jar:/home/user/.m2/repository/org/glassfish/jersey/inject/jersey-hk2/2.27/jersey-hk2-2.27.jar:/home/user/.m2/repository/org/glassfish/hk2/hk2-locator/2.5.0-b42/hk2-locator-2.5.0-b42.jar:/home/user/.m2/repository/org/javassist/javassist/3.22.0-CR2/javassist-3.22.0-CR2.jar:/home/user/.m2/repository/org/glassfish/hk2/hk2-api/2.5.0/hk2-api-2.5.0.jar:/home/user/.m2/repository/org/glassfish/hk2/external/jakarta.inject/2.5.0/jakarta.inject-2.5.0.jar:/home/user/.m2/repository/org/glassfish/hk2/hk2-utils/2.5.0/hk2-utils-2.5.0.jar:/home/user/.m2/repository/jakarta/annotation/jakarta.annotation-api/1.3.4/jakarta.annotation-api-1.3.4.jar:/home/user/.m2/repository/org/glassfish/hk2/external/aopalliance-repackaged/2.5.0/aopalliance-repackaged-2.5.0.jar:/home/user/.m2/repository/com/fasterxml/jackson/dataformat/jackson-dataformat-xml/2.9.0/jackson-dataformat-xml-2.9.0.jar:/home/user/.m2/repository/com/fasterxml/jackson/core/jackson-core/2.9.5/jackson-core-2.9.5.jar:/home/user/.m2/repository/com/fasterxml/jackson/module/jackson-module-jaxb-annotations/2.9.5/jackson-module-jaxb-annotations-2.9.5.jar:/home/user/.m2/repository/javax/enterprise/cdi-api/1.2/cdi-api-1.2.jar:/home/user/.m2/repository/javax/el/javax.el-api/3.0.0/javax.el-api-3.0.0.jar:/home/user/.m2/repository/javax/interceptor/javax.interceptor-api/1.2/javax.interceptor-api-1.2.jar:/home/user/.m2/repository/javax/inject/javax.inject/1/javax.inject-1.jar:/home/user/.m2/repository/com/sun/xml/bind/jaxb-impl/2.3.0.1/jaxb-impl-2.3.0.1.jar:/home/user/.m2/repository/com/sun/xml/bind/jaxb-core/2.3.0.1/jaxb-core-2.3.0.1.jar:/home/user/.m2/repository/javax/xml/bind/jaxb-api/2.3.0/jaxb-api-2.3.0.jar:/home/user/.m2/repository/javax/activation/activation/1.1.1/activation-1.1.1.jar:/home/user/.m2/repository/org/apache/hadoop/hadoop-ozone-csi/0.5.0-SNAPSHOT/hadoop-ozone-csi-0.5.0-SNAPSHOT.jar:/home/user/.m2/repository/com/google/protobuf/protobuf-java-util/3.5.1/protobuf-java-util-3.5.1.jar:/home/user/.m2/repository/org/apache/hadoop/hadoop-hdds-config/0.5.0-SNAPSHOT/hadoop-hdds-config-0.5.0-SNAPSHOT.jar:/home/user/.m2/repository/io/grpc/grpc-netty/1.17.1/grpc-netty-1.17.1.jar:/home/user/.m2/repository/io/grpc/grpc-core/1.17.1/grpc-core-1.17.1.jar:/home/user/.m2/repository/io/grpc/grpc-context/1.17.1/grpc-context-1.17.1.jar:/home/user/.m2/repository/com/google/errorprone/error_prone_annotations/2.2.0/error_prone_annotations-2.2.0.jar:/home/user/.m2/repository/org/codehaus/mojo/animal-sniffer-annotations/1.17/animal-sniffer-annotations-1.17.jar:/home/user/.m2/repository/io/opencensus/opencensus-api/0.17.0/opencensus-api-0.17.0.jar:/home/user/.m2/repository/io/opencensus/opencensus-contrib-grpc-metrics/0.17.0/opencensus-contrib-grpc-metrics-0.17.0.jar:/home/user/.m2/repository/io/netty/netty-codec-http2/4.1.30.Final/netty-codec-http2-4.1.30.Final.jar:/home/user/.m2/repository/io/netty/netty-codec-http/4.1.30.Final/netty-codec-http-4.1.30.Final.jar:/home/user/.m2/repository/io/netty/netty-codec/4.1.30.Final/netty-codec-4.1.30.Final.jar:/home/user/.m2/repository/io/netty/netty-handler/4.1.30.Final/netty-handler-4.1.30.Final.jar:/home/user/.m2/repository/io/netty/netty-handler-proxy/4.1.30.Final/netty-handler-proxy-4.1.30.Final.jar:/home/user/.m2/repository/io/netty/netty-codec-socks/4.1.30.Final/netty-codec-socks-4.1.30.Final.jar:/home/user/.m2/repository/io/netty/netty-transport-native-epoll/4.1.30.Final/netty-transport-native-epoll-4.1.30.Final.jar:/home/user/.m2/repository/io/netty/netty-common/4.1.30.Final/netty-common-4.1.30.Final.jar:/home/user/.m2/repository/io/netty/netty-buffer/4.1.30.Final/netty-buffer-4.1.30.Final.jar:/home/user/.m2/repository/io/netty/netty-transport/4.1.30.Final/netty-transport-4.1.30.Final.jar:/home/user/.m2/repository/io/netty/netty-resolver/4.1.30.Final/netty-resolver-4.1.30.Final.jar:/home/user/.m2/repository/io/netty/netty-transport-native-unix-common/4.1.30.Final/netty-transport-native-unix-common-4.1.30.Final.jar:/home/user/.m2/repository/io/grpc/grpc-protobuf/1.17.1/grpc-protobuf-1.17.1.jar:/home/user/.m2/repository/com/google/api/grpc/proto-google-common-protos/1.0.0/proto-google-common-protos-1.0.0.jar:/home/user/.m2/repository/io/grpc/grpc-protobuf-lite/1.17.1/grpc-protobuf-lite-1.17.1.jar:/home/user/.m2/repository/io/grpc/grpc-stub/1.17.1/grpc-stub-1.17.1.jar:/home/user/.m2/repository/org/apache/hadoop/hadoop-ozone-recon/0.5.0-SNAPSHOT/hadoop-ozone-recon-0.5.0-SNAPSHOT.jar:/home/user/.m2/repository/org/apache/hadoop/hadoop-ozone-reconcodegen/0.5.0-SNAPSHOT/hadoop-ozone-reconcodegen-0.5.0-SNAPSHOT.jar:/home/user/.m2/repository/com/google/inject/extensions/guice-multibindings/4.0/guice-multibindings-4.0.jar:/home/user/.m2/repository/com/google/inject/guice/4.0/guice-4.0.jar:/home/user/.m2/repository/aopalliance/aopalliance/1.0/aopalliance-1.0.jar:/home/user/.m2/repository/com/google/inject/extensions/guice-servlet/4.0/guice-servlet-4.0.jar:/home/user/.m2/repository/org/glassfish/jersey/containers/jersey-container-servlet/2.27/jersey-container-servlet-2.27.jar:/home/user/.m2/repository/org/glassfish/hk2/guice-bridge/2.5.0/guice-bridge-2.5.0.jar:/home/user/.m2/repository/org/glassfish/jersey/core/jersey-server/2.27/jersey-server-2.27.jar:/home/user/.m2/repository/org/glassfish/jersey/core/jersey-client/2.27/jersey-client-2.27.jar:/home/user/.m2/repository/org/glassfish/jersey/media/jersey-media-jaxb/2.27/jersey-media-jaxb-2.27.jar:/home/user/.m2/repository/javax/validation/validation-api/1.1.0.Final/validation-api-1.1.0.Final.jar:/home/user/.m2/repository/org/glassfish/jersey/media/jersey-media-json-jackson/2.27/jersey-media-json-jackson-2.27.jar:/home/user/.m2/repository/org/glassfish/jersey/ext/jersey-entity-filtering/2.27/jersey-entity-filtering-2.27.jar:/home/user/.m2/repository/com/google/inject/extensions/guice-assistedinject/4.0/guice-assistedinject-4.0.jar:/home/user/.m2/repository/org/jooq/jooq/3.11.10/jooq-3.11.10.jar:/home/user/.m2/repository/org/jooq/jooq-meta/3.11.10/jooq-meta-3.11.10.jar:/home/user/.m2/repository/org/jooq/jooq-codegen/3.11.10/jooq-codegen-3.11.10.jar:/home/user/.m2/repository/com/jolbox/bonecp/0.8.0.RELEASE/bonecp-0.8.0.RELEASE.jar:/home/user/.m2/repository/org/xerial/sqlite-jdbc/3.25.2/sqlite-jdbc-3.25.2.jar:/home/user/.m2/repository/org/springframework/spring-jdbc/5.1.3.RELEASE/spring-jdbc-5.1.3.RELEASE.jar:/home/user/.m2/repository/org/springframework/spring-beans/5.1.3.RELEASE/spring-beans-5.1.3.RELEASE.jar:/home/user/.m2/repository/org/springframework/spring-core/5.1.3.RELEASE/spring-core-5.1.3.RELEASE.jar:/home/user/.m2/repository/org/springframework/spring-jcl/5.1.3.RELEASE/spring-jcl-5.1.3.RELEASE.jar:/home/user/.m2/repository/org/springframework/spring-tx/5.1.3.RELEASE/spring-tx-5.1.3.RELEASE.jar:/home/user/.m2/repository/org/apache/hadoop/hadoop-ozone-client/0.5.0-SNAPSHOT/hadoop-ozone-client-0.5.0-SNAPSHOT.jar:/home/user/.m2/repository/commons-lang/commons-lang/2.6/commons-lang-2.6.jar:/home/user/.m2/repository/org/apache/hadoop/hadoop-ozone-ozone-manager/0.5.0-SNAPSHOT/hadoop-ozone-ozone-manager-0.5.0-SNAPSHOT-tests.jar:/home/user/.m2/repository/junit/junit/4.11/junit-4.11.jar:/home/user/.m2/repository/org/hamcrest/hamcrest-core/1.3/hamcrest-core-1.3.jar:/home/user/.m2/repository/org/openjdk/jmh/jmh-core/1.19/jmh-core-1.19.jar:/home/user/.m2/repository/net/sf/jopt-simple/jopt-simple/4.6/jopt-simple-4.6.jar:/home/user/.m2/repository/org/apache/commons/commons-math3/3.1.1/commons-math3-3.1.1.jar:/home/user/.m2/repository/org/openjdk/jmh/jmh-generator-annprocess/1.19/jmh-generator-annprocess-1.19.jar:/home/user/.m2/repository/org/mockito/mockito-all/1.8.5/mockito-all-1.8.5.jar:/home/user/.m2/repository/org/apache/hadoop/hadoop-kms/3.2.0/hadoop-kms-3.2.0.jar:/home/user/.m2/repository/org/apache/hadoop/hadoop-auth/3.2.0/hadoop-auth-3.2.0.jar:/home/user/.m2/repository/com/nimbusds/nimbus-jose-jwt/4.41.1/nimbus-jose-jwt-4.41.1.jar:/home/user/.m2/repository/com/github/stephenc/jcip/jcip-annotations/1.0-1/jcip-annotations-1.0-1.jar:/home/user/.m2/repository/net/minidev/json-smart/2.3/json-smart-2.3.jar:/home/user/.m2/repository/net/minidev/accessors-smart/1.2/accessors-smart-1.2.jar:/home/user/.m2/repository/org/ow2/asm/asm/5.0.4/asm-5.0.4.jar:/home/user/.m2/repository/org/apache/curator/curator-framework/2.12.0/curator-framework-2.12.0.jar:/home/user/.m2/repository/com/sun/jersey/jersey-core/1.19/jersey-core-1.19.jar:/home/user/.m2/repository/javax/ws/rs/jsr311-api/1.1.1/jsr311-api-1.1.1.jar:/home/user/.m2/repository/com/sun/jersey/jersey-server/1.19/jersey-server-1.19.jar:/home/user/.m2/repository/javax/servlet/javax.servlet-api/3.1.0/javax.servlet-api-3.1.0.jar:/home/user/.m2/repository/org/eclipse/jetty/jetty-server/9.3.24.v20180605/jetty-server-9.3.24.v20180605.jar:/home/user/.m2/repository/org/eclipse/jetty/jetty-http/9.3.24.v20180605/jetty-http-9.3.24.v20180605.jar:/home/user/.m2/repository/org/eclipse/jetty/jetty-io/9.3.24.v20180605/jetty-io-9.3.24.v20180605.jar:/home/user/.m2/repository/org/eclipse/jetty/jetty-webapp/9.3.24.v20180605/jetty-webapp-9.3.24.v20180605.jar:/home/user/.m2/repository/org/eclipse/jetty/jetty-xml/9.3.24.v20180605/jetty-xml-9.3.24.v20180605.jar:/home/user/.m2/repository/log4j/log4j/1.2.17/log4j-1.2.17.jar:/home/user/.m2/repository/org/slf4j/slf4j-api/1.7.25/slf4j-api-1.7.25.jar:/home/user/.m2/repository/org/slf4j/jul-to-slf4j/1.7.25/jul-to-slf4j-1.7.25.jar:/home/user/.m2/repository/org/eclipse/jetty/jetty-util/9.3.24.v20180605/jetty-util-9.3.24.v20180605.jar:/home/user/.m2/repository/com/fasterxml/jackson/core/jackson-databind/2.9.5/jackson-databind-2.9.5.jar:/home/user/.m2/repository/org/apache/hadoop/hadoop-kms/3.2.0/hadoop-kms-3.2.0-tests.jar:/home/user/.m2/repository/org/apache/hadoop/hadoop-hdds-server-scm/0.5.0-SNAPSHOT/hadoop-hdds-server-scm-0.5.0-SNAPSHOT-tests.jar:/home/user/.m2/repository/org/apache/hadoop/hadoop-hdds-container-service/0.5.0-SNAPSHOT/hadoop-hdds-container-service-0.5.0-SNAPSHOT-tests.jar:/home/user/.m2/repository/org/yaml/snakeyaml/1.16/snakeyaml-1.16.jar:/home/user/.m2/repository/org/apache/hadoop/hadoop-common/3.2.0/hadoop-common-3.2.0-tests.jar:/home/user/.m2/repository/org/apache/hadoop/hadoop-annotations/3.2.0/hadoop-annotations-3.2.0.jar:/usr/lib/jvm/java-1.8-openjdk/jre/../lib/tools.jar:/home/user/.m2/repository/commons-cli/commons-cli/1.2/commons-cli-1.2.jar:/home/user/.m2/repository/org/apache/httpcomponents/httpclient/4.5.2/httpclient-4.5.2.jar:/home/user/.m2/repository/org/apache/httpcomponents/httpcore/4.4.4/httpcore-4.4.4.jar:/home/user/.m2/repository/commons-codec/commons-codec/1.11/commons-codec-1.11.jar:/home/user/.m2/repository/commons-net/commons-net/3.6/commons-net-3.6.jar:/home/user/.m2/repository/commons-collections/commons-collections/3.2.2/commons-collections-3.2.2.jar:/home/user/.m2/repository/org/eclipse/jetty/jetty-servlet/9.3.24.v20180605/jetty-servlet-9.3.24.v20180605.jar:/home/user/.m2/repository/org/eclipse/jetty/jetty-security/9.3.24.v20180605/jetty-security-9.3.24.v20180605.jar:/home/user/.m2/repository/javax/servlet/jsp/jsp-api/2.1/jsp-api-2.1.jar:/home/user/.m2/repository/com/sun/jersey/jersey-servlet/1.19/jersey-servlet-1.19.jar:/home/user/.m2/repository/com/sun/jersey/jersey-json/1.19/jersey-json-1.19.jar:/home/user/.m2/repository/org/codehaus/jettison/jettison/1.1/jettison-1.1.jar:/home/user/.m2/repository/org/codehaus/jackson/jackson-core-asl/1.9.13/jackson-core-asl-1.9.13.jar:/home/user/.m2/repository/org/codehaus/jackson/jackson-mapper-asl/1.9.13/jackson-mapper-asl-1.9.13.jar:/home/user/.m2/repository/org/codehaus/jackson/jackson-jaxrs/1.9.13/jackson-jaxrs-1.9.13.jar:/home/user/.m2/repository/org/codehaus/jackson/jackson-xc/1.9.13/jackson-xc-1.9.13.jar:/home/user/.m2/repository/commons-logging/commons-logging/1.1.3/commons-logging-1.1.3.jar:/home/user/.m2/repository/commons-beanutils/commons-beanutils/1.9.3/commons-beanutils-1.9.3.jar:/home/user/.m2/repository/org/apache/commons/commons-configuration2/2.1.1/commons-configuration2-2.1.1.jar:/home/user/.m2/repository/org/apache/commons/commons-lang3/3.7/commons-lang3-3.7.jar:/home/user/.m2/repository/org/apache/commons/commons-text/1.4/commons-text-1.4.jar:/home/user/.m2/repository/org/apache/avro/avro/1.7.7/avro-1.7.7.jar:/home/user/.m2/repository/com/thoughtworks/paranamer/paranamer/2.3/paranamer-2.3.jar:/home/user/.m2/repository/org/xerial/snappy/snappy-java/1.0.5/snappy-java-1.0.5.jar:/home/user/.m2/repository/com/google/re2j/re2j/1.1/re2j-1.1.jar:/home/user/.m2/repository/com/google/code/gson/gson/2.2.4/gson-2.2.4.jar:/home/user/.m2/repository/com/jcraft/jsch/0.1.54/jsch-0.1.54.jar:/home/user/.m2/repository/org/apache/curator/curator-client/2.12.0/curator-client-2.12.0.jar:/home/user/.m2/repository/org/apache/curator/curator-recipes/2.12.0/curator-recipes-2.12.0.jar:/home/user/.m2/repository/com/google/code/findbugs/jsr305/3.0.0/jsr305-3.0.0.jar:/home/user/.m2/repository/org/apache/htrace/htrace-core4/4.1.0-incubating/htrace-core4-4.1.0-incubating.jar:/home/user/.m2/repository/org/apache/zookeeper/zookeeper/3.4.13/zookeeper-3.4.13.jar:/home/user/.m2/repository/org/apache/yetus/audience-annotations/0.5.0/audience-annotations-0.5.0.jar:/home/user/.m2/repository/org/codehaus/woodstox/stax2-api/3.1.4/stax2-api-3.1.4.jar:/home/user/.m2/repository/com/fasterxml/woodstox/woodstox-core/5.0.3/woodstox-core-5.0.3.jar:/home/user/.m2/repository/dnsjava/dnsjava/2.1.7/dnsjava-2.1.7.jar:/home/user/.m2/repository/org/apache/hadoop/hadoop-hdfs/3.2.0/hadoop-hdfs-3.2.0-tests.jar:/home/user/.m2/repository/org/eclipse/jetty/jetty-util-ajax/9.3.24.v20180605/jetty-util-ajax-9.3.24.v20180605.jar:/home/user/.m2/repository/commons-daemon/commons-daemon/1.0.13/commons-daemon-1.0.13.jar:/home/user/.m2/repository/io/netty/netty/3.10.5.Final/netty-3.10.5.Final.jar:/home/user/.m2/repository/io/netty/netty-all/4.0.52.Final/netty-all-4.0.52.Final.jar:/home/user/.m2/repository/org/fusesource/leveldbjni/leveldbjni-all/1.8/leveldbjni-all-1.8.jar:"/>
    <property name="java.vm.vendor" value="IcedTea"/>
    <property name="sun.arch.data.model" value="64"/>
    <property name="test.build.dir" value="/workdir/hadoop-ozone/integration-test/target/test-dir"/>
    <property name="test.cache.data" value=""/>
    <property name="java.vendor.url" value="https://icedtea.classpath.org"/>
    <property name="user.timezone" value=""/>
    <property name="java.vm.specification.version" value="1.8"/>
    <property name="os.name" value="Linux"/>
    <property name="test.build.data" value="/workdir/hadoop-ozone/integration-test/target/test-dir"/>
    <property name="user.country" value="US"/>
    <property name="sun.java.launcher" value="SUN_STANDARD"/>
    <property name="sun.boot.library.path" value="/usr/lib/jvm/java-1.8-openjdk/jre/lib/amd64"/>
    <property name="sun.java.command" value="/workdir/hadoop-ozone/integration-test/target/surefire/surefirebooter283977424864122569.jar /workdir/hadoop-ozone/integration-test/target/surefire 2019-08-20T05-13-06_910-jvmRun1 surefire626853262191653242tmp surefire_255492039044620279797tmp"/>
    <property name="test" value="!TestMiniChaosOzoneCluster"/>
    <property name="surefire.test.class.path" value="/workdir/hadoop-ozone/integration-test/target/test-classes:/workdir/hadoop-ozone/integration-test/target/classes:/home/user/.m2/repository/org/apache/hadoop/hadoop-ozone-common/0.5.0-SNAPSHOT/hadoop-ozone-common-0.5.0-SNAPSHOT.jar:/home/user/.m2/repository/org/apache/commons/commons-compress/1.4.1/commons-compress-1.4.1.jar:/home/user/.m2/repository/org/tukaani/xz/1.0/xz-1.0.jar:/home/user/.m2/repository/org/apache/hadoop/hadoop-common/3.2.0/hadoop-common-3.2.0.jar:/home/user/.m2/repository/org/apache/hadoop/hadoop-hdfs/3.2.0/hadoop-hdfs-3.2.0.jar:/home/user/.m2/repository/org/apache/hadoop/hadoop-hdfs-client/3.2.0/hadoop-hdfs-client-3.2.0.jar:/home/user/.m2/repository/com/fasterxml/jackson/core/jackson-annotations/2.9.5/jackson-annotations-2.9.5.jar:/home/user/.m2/repository/org/apache/hadoop/hadoop-hdds-common/0.5.0-SNAPSHOT/hadoop-hdds-common-0.5.0-SNAPSHOT.jar:/home/user/.m2/repository/javax/annotation/javax.annotation-api/1.2/javax.annotation-api-1.2.jar:/home/user/.m2/repository/org/apache/ratis/ratis-server/0.4.0-2337318-SNAPSHOT/ratis-server-0.4.0-2337318-SNAPSHOT.jar:/home/user/.m2/repository/org/apache/ratis/ratis-thirdparty-misc/0.2.0/ratis-thirdparty-misc-0.2.0.jar:/home/user/.m2/repository/org/apache/ratis/ratis-proto/0.4.0-2337318-SNAPSHOT/ratis-proto-0.4.0-2337318-SNAPSHOT.jar:/home/user/.m2/repository/org/apache/ratis/ratis-common/0.4.0-2337318-SNAPSHOT/ratis-common-0.4.0-2337318-SNAPSHOT.jar:/home/user/.m2/repository/org/apache/ratis/ratis-client/0.4.0-2337318-SNAPSHOT/ratis-client-0.4.0-2337318-SNAPSHOT.jar:/home/user/.m2/repository/org/apache/ratis/ratis-metrics/0.4.0-2337318-SNAPSHOT/ratis-metrics-0.4.0-2337318-SNAPSHOT.jar:/home/user/.m2/repository/org/apache/ratis/ratis-netty/0.4.0-2337318-SNAPSHOT/ratis-netty-0.4.0-2337318-SNAPSHOT.jar:/home/user/.m2/repository/org/apache/ratis/ratis-grpc/0.4.0-2337318-SNAPSHOT/ratis-grpc-0.4.0-2337318-SNAPSHOT.jar:/home/user/.m2/repository/org/rocksdb/rocksdbjni/6.0.1/rocksdbjni-6.0.1.jar:/home/user/.m2/repository/org/apache/logging/log4j/log4j-api/2.11.0/log4j-api-2.11.0.jar:/home/user/.m2/repository/org/apache/logging/log4j/log4j-core/2.11.0/log4j-core-2.11.0.jar:/home/user/.m2/repository/com/lmax/disruptor/3.4.2/disruptor-3.4.2.jar:/home/user/.m2/repository/org/apache/commons/commons-pool2/2.6.0/commons-pool2-2.6.0.jar:/home/user/.m2/repository/org/bouncycastle/bcpkix-jdk15on/1.60/bcpkix-jdk15on-1.60.jar:/home/user/.m2/repository/commons-validator/commons-validator/1.6/commons-validator-1.6.jar:/home/user/.m2/repository/commons-digester/commons-digester/1.8.1/commons-digester-1.8.1.jar:/home/user/.m2/repository/io/jaegertracing/jaeger-client/0.33.1/jaeger-client-0.33.1.jar:/home/user/.m2/repository/io/jaegertracing/jaeger-thrift/0.33.1/jaeger-thrift-0.33.1.jar:/home/user/.m2/repository/org/apache/thrift/libthrift/0.11.0/libthrift-0.11.0.jar:/home/user/.m2/repository/com/squareup/okhttp3/okhttp/3.9.0/okhttp-3.9.0.jar:/home/user/.m2/repository/com/squareup/okio/okio/1.13.0/okio-1.13.0.jar:/home/user/.m2/repository/io/jaegertracing/jaeger-core/0.33.1/jaeger-core-0.33.1.jar:/home/user/.m2/repository/io/jaegertracing/jaeger-tracerresolver/0.33.1/jaeger-tracerresolver-0.33.1.jar:/home/user/.m2/repository/io/opentracing/contrib/opentracing-tracerresolver/0.1.5/opentracing-tracerresolver-0.1.5.jar:/home/user/.m2/repository/io/opentracing/opentracing-util/0.31.0/opentracing-util-0.31.0.jar:/home/user/.m2/repository/io/opentracing/opentracing-api/0.31.0/opentracing-api-0.31.0.jar:/home/user/.m2/repository/io/opentracing/opentracing-noop/0.31.0/opentracing-noop-0.31.0.jar:/home/user/.m2/repository/org/apache/hadoop/hadoop-hdds-server-framework/0.5.0-SNAPSHOT/hadoop-hdds-server-framework-0.5.0-SNAPSHOT.jar:/home/user/.m2/repository/org/apache/hadoop/hadoop-hdds-container-service/0.5.0-SNAPSHOT/hadoop-hdds-container-service-0.5.0-SNAPSHOT.jar:/home/user/.m2/repository/org/apache/hadoop/hadoop-hdds-client/0.5.0-SNAPSHOT/hadoop-hdds-client-0.5.0-SNAPSHOT.jar:/home/user/.m2/repository/org/apache/hadoop/hadoop-hdds-tools/0.5.0-SNAPSHOT/hadoop-hdds-tools-0.5.0-SNAPSHOT.jar:/home/user/.m2/repository/org/apache/hadoop/hadoop-hdds-server-scm/0.5.0-SNAPSHOT/hadoop-hdds-server-scm-0.5.0-SNAPSHOT.jar:/home/user/.m2/repository/org/apache/hadoop/hadoop-hdds-docs/0.5.0-SNAPSHOT/hadoop-hdds-docs-0.5.0-SNAPSHOT.jar:/home/user/.m2/repository/io/dropwizard/metrics/metrics-core/3.2.4/metrics-core-3.2.4.jar:/home/user/.m2/repository/org/hamcrest/hamcrest-all/1.3/hamcrest-all-1.3.jar:/home/user/.m2/repository/org/bouncycastle/bcprov-jdk15on/1.60/bcprov-jdk15on-1.60.jar:/home/user/.m2/repository/info/picocli/picocli/3.9.6/picocli-3.9.6.jar:/home/user/.m2/repository/com/google/protobuf/protobuf-java/2.5.0/protobuf-java-2.5.0.jar:/home/user/.m2/repository/com/google/guava/guava/11.0.2/guava-11.0.2.jar:/home/user/.m2/repository/org/apache/hadoop/hadoop-ozone-ozone-manager/0.5.0-SNAPSHOT/hadoop-ozone-ozone-manager-0.5.0-SNAPSHOT.jar:/home/user/.m2/repository/org/apache/hadoop/hadoop-minikdc/3.2.0/hadoop-minikdc-3.2.0.jar:/home/user/.m2/repository/commons-io/commons-io/2.5/commons-io-2.5.jar:/home/user/.m2/repository/org/apache/kerby/kerb-simplekdc/1.0.1/kerb-simplekdc-1.0.1.jar:/home/user/.m2/repository/org/apache/kerby/kerb-client/1.0.1/kerb-client-1.0.1.jar:/home/user/.m2/repository/org/apache/kerby/kerby-config/1.0.1/kerby-config-1.0.1.jar:/home/user/.m2/repository/org/apache/kerby/kerb-core/1.0.1/kerb-core-1.0.1.jar:/home/user/.m2/repository/org/apache/kerby/kerby-pkix/1.0.1/kerby-pkix-1.0.1.jar:/home/user/.m2/repository/org/apache/kerby/kerby-asn1/1.0.1/kerby-asn1-1.0.1.jar:/home/user/.m2/repository/org/apache/kerby/kerby-util/1.0.1/kerby-util-1.0.1.jar:/home/user/.m2/repository/org/apache/kerby/kerb-common/1.0.1/kerb-common-1.0.1.jar:/home/user/.m2/repository/org/apache/kerby/kerb-crypto/1.0.1/kerb-crypto-1.0.1.jar:/home/user/.m2/repository/org/apache/kerby/kerb-util/1.0.1/kerb-util-1.0.1.jar:/home/user/.m2/repository/org/apache/kerby/token-provider/1.0.1/token-provider-1.0.1.jar:/home/user/.m2/repository/org/apache/kerby/kerb-admin/1.0.1/kerb-admin-1.0.1.jar:/home/user/.m2/repository/org/apache/kerby/kerb-server/1.0.1/kerb-server-1.0.1.jar:/home/user/.m2/repository/org/apache/kerby/kerb-identity/1.0.1/kerb-identity-1.0.1.jar:/home/user/.m2/repository/org/apache/kerby/kerby-xdr/1.0.1/kerby-xdr-1.0.1.jar:/home/user/.m2/repository/org/slf4j/slf4j-log4j12/1.7.25/slf4j-log4j12-1.7.25.jar:/home/user/.m2/repository/org/apache/hadoop/hadoop-ozone-objectstore-service/0.5.0-SNAPSHOT/hadoop-ozone-objectstore-service-0.5.0-SNAPSHOT.jar:/home/user/.m2/repository/org/apache/hadoop/hadoop-ozone-s3gateway/0.5.0-SNAPSHOT/hadoop-ozone-s3gateway-0.5.0-SNAPSHOT.jar:/home/user/.m2/repository/org/jboss/weld/servlet/weld-servlet/2.4.7.Final/weld-servlet-2.4.7.Final.jar:/home/user/.m2/repository/org/glassfish/jersey/containers/jersey-container-servlet-core/2.27/jersey-container-servlet-core-2.27.jar:/home/user/.m2/repository/org/glassfish/hk2/external/javax.inject/2.5.0-b42/javax.inject-2.5.0-b42.jar:/home/user/.m2/repository/org/glassfish/jersey/core/jersey-common/2.27/jersey-common-2.27.jar:/home/user/.m2/repository/org/glassfish/hk2/osgi-resource-locator/1.0.1/osgi-resource-locator-1.0.1.jar:/home/user/.m2/repository/javax/ws/rs/javax.ws.rs-api/2.1/javax.ws.rs-api-2.1.jar:/home/user/.m2/repository/org/glassfish/jersey/ext/cdi/jersey-cdi1x/2.27/jersey-cdi1x-2.27.jar:/home/user/.m2/repository/org/glassfish/jersey/inject/jersey-hk2/2.27/jersey-hk2-2.27.jar:/home/user/.m2/repository/org/glassfish/hk2/hk2-locator/2.5.0-b42/hk2-locator-2.5.0-b42.jar:/home/user/.m2/repository/org/javassist/javassist/3.22.0-CR2/javassist-3.22.0-CR2.jar:/home/user/.m2/repository/org/glassfish/hk2/hk2-api/2.5.0/hk2-api-2.5.0.jar:/home/user/.m2/repository/org/glassfish/hk2/external/jakarta.inject/2.5.0/jakarta.inject-2.5.0.jar:/home/user/.m2/repository/org/glassfish/hk2/hk2-utils/2.5.0/hk2-utils-2.5.0.jar:/home/user/.m2/repository/jakarta/annotation/jakarta.annotation-api/1.3.4/jakarta.annotation-api-1.3.4.jar:/home/user/.m2/repository/org/glassfish/hk2/external/aopalliance-repackaged/2.5.0/aopalliance-repackaged-2.5.0.jar:/home/user/.m2/repository/com/fasterxml/jackson/dataformat/jackson-dataformat-xml/2.9.0/jackson-dataformat-xml-2.9.0.jar:/home/user/.m2/repository/com/fasterxml/jackson/core/jackson-core/2.9.5/jackson-core-2.9.5.jar:/home/user/.m2/repository/com/fasterxml/jackson/module/jackson-module-jaxb-annotations/2.9.5/jackson-module-jaxb-annotations-2.9.5.jar:/home/user/.m2/repository/javax/enterprise/cdi-api/1.2/cdi-api-1.2.jar:/home/user/.m2/repository/javax/el/javax.el-api/3.0.0/javax.el-api-3.0.0.jar:/home/user/.m2/repository/javax/interceptor/javax.interceptor-api/1.2/javax.interceptor-api-1.2.jar:/home/user/.m2/repository/javax/inject/javax.inject/1/javax.inject-1.jar:/home/user/.m2/repository/com/sun/xml/bind/jaxb-impl/2.3.0.1/jaxb-impl-2.3.0.1.jar:/home/user/.m2/repository/com/sun/xml/bind/jaxb-core/2.3.0.1/jaxb-core-2.3.0.1.jar:/home/user/.m2/repository/javax/xml/bind/jaxb-api/2.3.0/jaxb-api-2.3.0.jar:/home/user/.m2/repository/javax/activation/activation/1.1.1/activation-1.1.1.jar:/home/user/.m2/repository/org/apache/hadoop/hadoop-ozone-csi/0.5.0-SNAPSHOT/hadoop-ozone-csi-0.5.0-SNAPSHOT.jar:/home/user/.m2/repository/com/google/protobuf/protobuf-java-util/3.5.1/protobuf-java-util-3.5.1.jar:/home/user/.m2/repository/org/apache/hadoop/hadoop-hdds-config/0.5.0-SNAPSHOT/hadoop-hdds-config-0.5.0-SNAPSHOT.jar:/home/user/.m2/repository/io/grpc/grpc-netty/1.17.1/grpc-netty-1.17.1.jar:/home/user/.m2/repository/io/grpc/grpc-core/1.17.1/grpc-core-1.17.1.jar:/home/user/.m2/repository/io/grpc/grpc-context/1.17.1/grpc-context-1.17.1.jar:/home/user/.m2/repository/com/google/errorprone/error_prone_annotations/2.2.0/error_prone_annotations-2.2.0.jar:/home/user/.m2/repository/org/codehaus/mojo/animal-sniffer-annotations/1.17/animal-sniffer-annotations-1.17.jar:/home/user/.m2/repository/io/opencensus/opencensus-api/0.17.0/opencensus-api-0.17.0.jar:/home/user/.m2/repository/io/opencensus/opencensus-contrib-grpc-metrics/0.17.0/opencensus-contrib-grpc-metrics-0.17.0.jar:/home/user/.m2/repository/io/netty/netty-codec-http2/4.1.30.Final/netty-codec-http2-4.1.30.Final.jar:/home/user/.m2/repository/io/netty/netty-codec-http/4.1.30.Final/netty-codec-http-4.1.30.Final.jar:/home/user/.m2/repository/io/netty/netty-codec/4.1.30.Final/netty-codec-4.1.30.Final.jar:/home/user/.m2/repository/io/netty/netty-handler/4.1.30.Final/netty-handler-4.1.30.Final.jar:/home/user/.m2/repository/io/netty/netty-handler-proxy/4.1.30.Final/netty-handler-proxy-4.1.30.Final.jar:/home/user/.m2/repository/io/netty/netty-codec-socks/4.1.30.Final/netty-codec-socks-4.1.30.Final.jar:/home/user/.m2/repository/io/netty/netty-transport-native-epoll/4.1.30.Final/netty-transport-native-epoll-4.1.30.Final.jar:/home/user/.m2/repository/io/netty/netty-common/4.1.30.Final/netty-common-4.1.30.Final.jar:/home/user/.m2/repository/io/netty/netty-buffer/4.1.30.Final/netty-buffer-4.1.30.Final.jar:/home/user/.m2/repository/io/netty/netty-transport/4.1.30.Final/netty-transport-4.1.30.Final.jar:/home/user/.m2/repository/io/netty/netty-resolver/4.1.30.Final/netty-resolver-4.1.30.Final.jar:/home/user/.m2/repository/io/netty/netty-transport-native-unix-common/4.1.30.Final/netty-transport-native-unix-common-4.1.30.Final.jar:/home/user/.m2/repository/io/grpc/grpc-protobuf/1.17.1/grpc-protobuf-1.17.1.jar:/home/user/.m2/repository/com/google/api/grpc/proto-google-common-protos/1.0.0/proto-google-common-protos-1.0.0.jar:/home/user/.m2/repository/io/grpc/grpc-protobuf-lite/1.17.1/grpc-protobuf-lite-1.17.1.jar:/home/user/.m2/repository/io/grpc/grpc-stub/1.17.1/grpc-stub-1.17.1.jar:/home/user/.m2/repository/org/apache/hadoop/hadoop-ozone-recon/0.5.0-SNAPSHOT/hadoop-ozone-recon-0.5.0-SNAPSHOT.jar:/home/user/.m2/repository/org/apache/hadoop/hadoop-ozone-reconcodegen/0.5.0-SNAPSHOT/hadoop-ozone-reconcodegen-0.5.0-SNAPSHOT.jar:/home/user/.m2/repository/com/google/inject/extensions/guice-multibindings/4.0/guice-multibindings-4.0.jar:/home/user/.m2/repository/com/google/inject/guice/4.0/guice-4.0.jar:/home/user/.m2/repository/aopalliance/aopalliance/1.0/aopalliance-1.0.jar:/home/user/.m2/repository/com/google/inject/extensions/guice-servlet/4.0/guice-servlet-4.0.jar:/home/user/.m2/repository/org/glassfish/jersey/containers/jersey-container-servlet/2.27/jersey-container-servlet-2.27.jar:/home/user/.m2/repository/org/glassfish/hk2/guice-bridge/2.5.0/guice-bridge-2.5.0.jar:/home/user/.m2/repository/org/glassfish/jersey/core/jersey-server/2.27/jersey-server-2.27.jar:/home/user/.m2/repository/org/glassfish/jersey/core/jersey-client/2.27/jersey-client-2.27.jar:/home/user/.m2/repository/org/glassfish/jersey/media/jersey-media-jaxb/2.27/jersey-media-jaxb-2.27.jar:/home/user/.m2/repository/javax/validation/validation-api/1.1.0.Final/validation-api-1.1.0.Final.jar:/home/user/.m2/repository/org/glassfish/jersey/media/jersey-media-json-jackson/2.27/jersey-media-json-jackson-2.27.jar:/home/user/.m2/repository/org/glassfish/jersey/ext/jersey-entity-filtering/2.27/jersey-entity-filtering-2.27.jar:/home/user/.m2/repository/com/google/inject/extensions/guice-assistedinject/4.0/guice-assistedinject-4.0.jar:/home/user/.m2/repository/org/jooq/jooq/3.11.10/jooq-3.11.10.jar:/home/user/.m2/repository/org/jooq/jooq-meta/3.11.10/jooq-meta-3.11.10.jar:/home/user/.m2/repository/org/jooq/jooq-codegen/3.11.10/jooq-codegen-3.11.10.jar:/home/user/.m2/repository/com/jolbox/bonecp/0.8.0.RELEASE/bonecp-0.8.0.RELEASE.jar:/home/user/.m2/repository/org/xerial/sqlite-jdbc/3.25.2/sqlite-jdbc-3.25.2.jar:/home/user/.m2/repository/org/springframework/spring-jdbc/5.1.3.RELEASE/spring-jdbc-5.1.3.RELEASE.jar:/home/user/.m2/repository/org/springframework/spring-beans/5.1.3.RELEASE/spring-beans-5.1.3.RELEASE.jar:/home/user/.m2/repository/org/springframework/spring-core/5.1.3.RELEASE/spring-core-5.1.3.RELEASE.jar:/home/user/.m2/repository/org/springframework/spring-jcl/5.1.3.RELEASE/spring-jcl-5.1.3.RELEASE.jar:/home/user/.m2/repository/org/springframework/spring-tx/5.1.3.RELEASE/spring-tx-5.1.3.RELEASE.jar:/home/user/.m2/repository/org/apache/hadoop/hadoop-ozone-client/0.5.0-SNAPSHOT/hadoop-ozone-client-0.5.0-SNAPSHOT.jar:/home/user/.m2/repository/commons-lang/commons-lang/2.6/commons-lang-2.6.jar:/home/user/.m2/repository/org/apache/hadoop/hadoop-ozone-ozone-manager/0.5.0-SNAPSHOT/hadoop-ozone-ozone-manager-0.5.0-SNAPSHOT-tests.jar:/home/user/.m2/repository/junit/junit/4.11/junit-4.11.jar:/home/user/.m2/repository/org/hamcrest/hamcrest-core/1.3/hamcrest-core-1.3.jar:/home/user/.m2/repository/org/openjdk/jmh/jmh-core/1.19/jmh-core-1.19.jar:/home/user/.m2/repository/net/sf/jopt-simple/jopt-simple/4.6/jopt-simple-4.6.jar:/home/user/.m2/repository/org/apache/commons/commons-math3/3.1.1/commons-math3-3.1.1.jar:/home/user/.m2/repository/org/openjdk/jmh/jmh-generator-annprocess/1.19/jmh-generator-annprocess-1.19.jar:/home/user/.m2/repository/org/mockito/mockito-all/1.8.5/mockito-all-1.8.5.jar:/home/user/.m2/repository/org/apache/hadoop/hadoop-kms/3.2.0/hadoop-kms-3.2.0.jar:/home/user/.m2/repository/org/apache/hadoop/hadoop-auth/3.2.0/hadoop-auth-3.2.0.jar:/home/user/.m2/repository/com/nimbusds/nimbus-jose-jwt/4.41.1/nimbus-jose-jwt-4.41.1.jar:/home/user/.m2/repository/com/github/stephenc/jcip/jcip-annotations/1.0-1/jcip-annotations-1.0-1.jar:/home/user/.m2/repository/net/minidev/json-smart/2.3/json-smart-2.3.jar:/home/user/.m2/repository/net/minidev/accessors-smart/1.2/accessors-smart-1.2.jar:/home/user/.m2/repository/org/ow2/asm/asm/5.0.4/asm-5.0.4.jar:/home/user/.m2/repository/org/apache/curator/curator-framework/2.12.0/curator-framework-2.12.0.jar:/home/user/.m2/repository/com/sun/jersey/jersey-core/1.19/jersey-core-1.19.jar:/home/user/.m2/repository/javax/ws/rs/jsr311-api/1.1.1/jsr311-api-1.1.1.jar:/home/user/.m2/repository/com/sun/jersey/jersey-server/1.19/jersey-server-1.19.jar:/home/user/.m2/repository/javax/servlet/javax.servlet-api/3.1.0/javax.servlet-api-3.1.0.jar:/home/user/.m2/repository/org/eclipse/jetty/jetty-server/9.3.24.v20180605/jetty-server-9.3.24.v20180605.jar:/home/user/.m2/repository/org/eclipse/jetty/jetty-http/9.3.24.v20180605/jetty-http-9.3.24.v20180605.jar:/home/user/.m2/repository/org/eclipse/jetty/jetty-io/9.3.24.v20180605/jetty-io-9.3.24.v20180605.jar:/home/user/.m2/repository/org/eclipse/jetty/jetty-webapp/9.3.24.v20180605/jetty-webapp-9.3.24.v20180605.jar:/home/user/.m2/repository/org/eclipse/jetty/jetty-xml/9.3.24.v20180605/jetty-xml-9.3.24.v20180605.jar:/home/user/.m2/repository/log4j/log4j/1.2.17/log4j-1.2.17.jar:/home/user/.m2/repository/org/slf4j/slf4j-api/1.7.25/slf4j-api-1.7.25.jar:/home/user/.m2/repository/org/slf4j/jul-to-slf4j/1.7.25/jul-to-slf4j-1.7.25.jar:/home/user/.m2/repository/org/eclipse/jetty/jetty-util/9.3.24.v20180605/jetty-util-9.3.24.v20180605.jar:/home/user/.m2/repository/com/fasterxml/jackson/core/jackson-databind/2.9.5/jackson-databind-2.9.5.jar:/home/user/.m2/repository/org/apache/hadoop/hadoop-kms/3.2.0/hadoop-kms-3.2.0-tests.jar:/home/user/.m2/repository/org/apache/hadoop/hadoop-hdds-server-scm/0.5.0-SNAPSHOT/hadoop-hdds-server-scm-0.5.0-SNAPSHOT-tests.jar:/home/user/.m2/repository/org/apache/hadoop/hadoop-hdds-container-service/0.5.0-SNAPSHOT/hadoop-hdds-container-service-0.5.0-SNAPSHOT-tests.jar:/home/user/.m2/repository/org/yaml/snakeyaml/1.16/snakeyaml-1.16.jar:/home/user/.m2/repository/org/apache/hadoop/hadoop-common/3.2.0/hadoop-common-3.2.0-tests.jar:/home/user/.m2/repository/org/apache/hadoop/hadoop-annotations/3.2.0/hadoop-annotations-3.2.0.jar:/usr/lib/jvm/java-1.8-openjdk/jre/../lib/tools.jar:/home/user/.m2/repository/commons-cli/commons-cli/1.2/commons-cli-1.2.jar:/home/user/.m2/repository/org/apache/httpcomponents/httpclient/4.5.2/httpclient-4.5.2.jar:/home/user/.m2/repository/org/apache/httpcomponents/httpcore/4.4.4/httpcore-4.4.4.jar:/home/user/.m2/repository/commons-codec/commons-codec/1.11/commons-codec-1.11.jar:/home/user/.m2/repository/commons-net/commons-net/3.6/commons-net-3.6.jar:/home/user/.m2/repository/commons-collections/commons-collections/3.2.2/commons-collections-3.2.2.jar:/home/user/.m2/repository/org/eclipse/jetty/jetty-servlet/9.3.24.v20180605/jetty-servlet-9.3.24.v20180605.jar:/home/user/.m2/repository/org/eclipse/jetty/jetty-security/9.3.24.v20180605/jetty-security-9.3.24.v20180605.jar:/home/user/.m2/repository/javax/servlet/jsp/jsp-api/2.1/jsp-api-2.1.jar:/home/user/.m2/repository/com/sun/jersey/jersey-servlet/1.19/jersey-servlet-1.19.jar:/home/user/.m2/repository/com/sun/jersey/jersey-json/1.19/jersey-json-1.19.jar:/home/user/.m2/repository/org/codehaus/jettison/jettison/1.1/jettison-1.1.jar:/home/user/.m2/repository/org/codehaus/jackson/jackson-core-asl/1.9.13/jackson-core-asl-1.9.13.jar:/home/user/.m2/repository/org/codehaus/jackson/jackson-mapper-asl/1.9.13/jackson-mapper-asl-1.9.13.jar:/home/user/.m2/repository/org/codehaus/jackson/jackson-jaxrs/1.9.13/jackson-jaxrs-1.9.13.jar:/home/user/.m2/repository/org/codehaus/jackson/jackson-xc/1.9.13/jackson-xc-1.9.13.jar:/home/user/.m2/repository/commons-logging/commons-logging/1.1.3/commons-logging-1.1.3.jar:/home/user/.m2/repository/commons-beanutils/commons-beanutils/1.9.3/commons-beanutils-1.9.3.jar:/home/user/.m2/repository/org/apache/commons/commons-configuration2/2.1.1/commons-configuration2-2.1.1.jar:/home/user/.m2/repository/org/apache/commons/commons-lang3/3.7/commons-lang3-3.7.jar:/home/user/.m2/repository/org/apache/commons/commons-text/1.4/commons-text-1.4.jar:/home/user/.m2/repository/org/apache/avro/avro/1.7.7/avro-1.7.7.jar:/home/user/.m2/repository/com/thoughtworks/paranamer/paranamer/2.3/paranamer-2.3.jar:/home/user/.m2/repository/org/xerial/snappy/snappy-java/1.0.5/snappy-java-1.0.5.jar:/home/user/.m2/repository/com/google/re2j/re2j/1.1/re2j-1.1.jar:/home/user/.m2/repository/com/google/code/gson/gson/2.2.4/gson-2.2.4.jar:/home/user/.m2/repository/com/jcraft/jsch/0.1.54/jsch-0.1.54.jar:/home/user/.m2/repository/org/apache/curator/curator-client/2.12.0/curator-client-2.12.0.jar:/home/user/.m2/repository/org/apache/curator/curator-recipes/2.12.0/curator-recipes-2.12.0.jar:/home/user/.m2/repository/com/google/code/findbugs/jsr305/3.0.0/jsr305-3.0.0.jar:/home/user/.m2/repository/org/apache/htrace/htrace-core4/4.1.0-incubating/htrace-core4-4.1.0-incubating.jar:/home/user/.m2/repository/org/apache/zookeeper/zookeeper/3.4.13/zookeeper-3.4.13.jar:/home/user/.m2/repository/org/apache/yetus/audience-annotations/0.5.0/audience-annotations-0.5.0.jar:/home/user/.m2/repository/org/codehaus/woodstox/stax2-api/3.1.4/stax2-api-3.1.4.jar:/home/user/.m2/repository/com/fasterxml/woodstox/woodstox-core/5.0.3/woodstox-core-5.0.3.jar:/home/user/.m2/repository/dnsjava/dnsjava/2.1.7/dnsjava-2.1.7.jar:/home/user/.m2/repository/org/apache/hadoop/hadoop-hdfs/3.2.0/hadoop-hdfs-3.2.0-tests.jar:/home/user/.m2/repository/org/eclipse/jetty/jetty-util-ajax/9.3.24.v20180605/jetty-util-ajax-9.3.24.v20180605.jar:/home/user/.m2/repository/commons-daemon/commons-daemon/1.0.13/commons-daemon-1.0.13.jar:/home/user/.m2/repository/io/netty/netty/3.10.5.Final/netty-3.10.5.Final.jar:/home/user/.m2/repository/io/netty/netty-all/4.0.52.Final/netty-all-4.0.52.Final.jar:/home/user/.m2/repository/org/fusesource/leveldbjni/leveldbjni-all/1.8/leveldbjni-all-1.8.jar:"/>
    <property name="sun.cpu.endian" value="little"/>
    <property name="user.home" value="/home/user"/>
    <property name="user.language" value="en"/>
    <property name="java.specification.vendor" value="Oracle Corporation"/>
    <property name="java.home" value="/usr/lib/jvm/java-1.8-openjdk/jre"/>
    <property name="java.security.krb5.conf" value="/workdir/hadoop-ozone/integration-test/target/test-classes/krb5.conf"/>
    <property name="basedir" value="/workdir/hadoop-ozone/integration-test"/>
    <property name="file.separator" value="/"/>
    <property name="line.separator" value="&#10;"/>
    <property name="java.vm.specification.vendor" value="Oracle Corporation"/>
    <property name="java.specification.name" value="Java Platform API Specification"/>
    <property name="java.awt.graphicsenv" value="sun.awt.X11GraphicsEnvironment"/>
    <property name="surefire.real.class.path" value="/workdir/hadoop-ozone/integration-test/target/surefire/surefirebooter283977424864122569.jar"/>
    <property name="hadoop.log.dir" value="/workdir/hadoop-ozone/integration-test/target/log"/>
    <property name="sun.boot.class.path" value="/usr/lib/jvm/java-1.8-openjdk/jre/lib/resources.jar:/usr/lib/jvm/java-1.8-openjdk/jre/lib/rt.jar:/usr/lib/jvm/java-1.8-openjdk/jre/lib/sunrsasign.jar:/usr/lib/jvm/java-1.8-openjdk/jre/lib/jsse.jar:/usr/lib/jvm/java-1.8-openjdk/jre/lib/jce.jar:/usr/lib/jvm/java-1.8-openjdk/jre/lib/charsets.jar:/usr/lib/jvm/java-1.8-openjdk/jre/lib/jfr.jar:/usr/lib/jvm/java-1.8-openjdk/jre/classes"/>
    <property name="sun.management.compiler" value="HotSpot 64-Bit Tiered Compilers"/>
    <property name="java.runtime.version" value="1.8.0_212-b04"/>
    <property name="java.net.preferIPv4Stack" value="true"/>
    <property name="user.name" value="jenkins1000"/>
    <property name="path.separator" value=":"/>
    <property name="java.security.egd" value="file:///dev/urandom"/>
    <property name="os.version" value="3.10.0-957.12.2.el7.x86_64"/>
    <property name="java.endorsed.dirs" value="/usr/lib/jvm/java-1.8-openjdk/jre/lib/endorsed"/>
    <property name="java.runtime.name" value="OpenJDK Runtime Environment"/>
    <property name="file.encoding" value="UTF-8"/>
    <property name="java.vm.name" value="OpenJDK 64-Bit Server VM"/>
    <property name="test.build.webapps" value=""/>
    <property name="localRepository" value="/home/user/.m2/repository"/>
    <property name="java.vendor.url.bug" value="https://icedtea.classpath.org/bugzilla"/>
    <property name="java.io.tmpdir" value="/tmp"/>
    <property name="require.test.libhadoop" value=""/>
    <property name="java.version" value="1.8.0_212"/>
    <property name="user.dir" value="/workdir/hadoop-ozone/integration-test"/>
    <property name="os.arch" value="amd64"/>
    <property name="java.vm.specification.name" value="Java Virtual Machine Specification"/>
    <property name="test.build.classes" value="/workdir/hadoop-ozone/integration-test/target/test-classes"/>
    <property name="java.awt.printerjob" value="sun.print.PSPrinterJob"/>
    <property name="sun.os.patch.level" value="unknown"/>
    <property name="hadoop.tmp.dir" value="/workdir/hadoop-ozone/integration-test/target/tmp"/>
    <property name="java.library.path" value="/usr/lib/jvm/java-1.8-openjdk/jre/lib/amd64/server:/usr/lib/jvm/java-1.8-openjdk/jre/lib/amd64:/usr/lib/jvm/java-1.8-openjdk/jre/../lib/amd64:/workdir/hadoop-ozone/integration-test/target/native/target/usr/local/lib:/workdir/hadoop-ozone/integration-test/../../hadoop-common-project/hadoop-common/target/native/target/usr/local/lib:/usr/java/packages/lib/amd64:/usr/lib64:/lib64:/lib:/usr/lib"/>
    <property name="java.vm.info" value="mixed mode"/>
    <property name="java.vendor" value="IcedTea"/>
    <property name="java.vm.version" value="25.212-b04"/>
    <property name="java.ext.dirs" value="/usr/lib/jvm/java-1.8-openjdk/jre/lib/ext:/usr/java/packages/lib/ext"/>
    <property name="sun.io.unicode.encoding" value="UnicodeLittle"/>
    <property name="java.class.version" value="52.0"/>
  </properties>
  <testcase name="testReleaseBuffers" classname="org.apache.hadoop.ozone.client.rpc.TestCommitWatcher" time="5.115"/>
  <testcase name="testReleaseBuffersOnException" classname="org.apache.hadoop.ozone.client.rpc.TestCommitWatcher" time="15.892">
    <failure type="java.lang.AssertionError">java.lang.AssertionError
	at org.junit.Assert.fail(Assert.java:86)
	at org.junit.Assert.assertTrue(Assert.java:41)
	at org.junit.Assert.assertTrue(Assert.java:52)
	at org.apache.hadoop.ozone.client.rpc.TestCommitWatcher.testReleaseBuffersOnException(TestCommitWatcher.java:284)
	at sun.reflect.NativeMethodAccessorImpl.invoke0(Native Method)
	at sun.reflect.NativeMethodAccessorImpl.invoke(NativeMethodAccessorImpl.java:62)
	at sun.reflect.DelegatingMethodAccessorImpl.invoke(DelegatingMethodAccessorImpl.java:43)
	at java.lang.reflect.Method.invoke(Method.java:498)
	at org.junit.runners.model.FrameworkMethod$1.runReflectiveCall(FrameworkMethod.java:47)
	at org.junit.internal.runners.model.ReflectiveCallable.run(ReflectiveCallable.java:12)
	at org.junit.runners.model.FrameworkMethod.invokeExplosively(FrameworkMethod.java:44)
	at org.junit.internal.runners.statements.InvokeMethod.evaluate(InvokeMethod.java:17)
	at org.junit.runners.ParentRunner.runLeaf(ParentRunner.java:271)
	at org.junit.runners.BlockJUnit4ClassRunner.runChild(BlockJUnit4ClassRunner.java:70)
	at org.junit.runners.BlockJUnit4ClassRunner.runChild(BlockJUnit4ClassRunner.java:50)
	at org.junit.runners.ParentRunner$3.run(ParentRunner.java:238)
	at org.junit.runners.ParentRunner$1.schedule(ParentRunner.java:63)
	at org.junit.runners.ParentRunner.runChildren(ParentRunner.java:236)
	at org.junit.runners.ParentRunner.access$000(ParentRunner.java:53)
	at org.junit.runners.ParentRunner$2.evaluate(ParentRunner.java:229)
	at org.junit.internal.runners.statements.RunBefores.evaluate(RunBefores.java:26)
	at org.junit.internal.runners.statements.RunAfters.evaluate(RunAfters.java:27)
	at org.junit.runners.ParentRunner.run(ParentRunner.java:309)
	at org.apache.maven.surefire.junit4.JUnit4Provider.execute(JUnit4Provider.java:365)
	at org.apache.maven.surefire.junit4.JUnit4Provider.executeWithRerun(JUnit4Provider.java:273)
	at org.apache.maven.surefire.junit4.JUnit4Provider.executeTestSet(JUnit4Provider.java:238)
	at org.apache.maven.surefire.junit4.JUnit4Provider.invoke(JUnit4Provider.java:159)
	at org.apache.maven.surefire.booter.ForkedBooter.invokeProviderInSameClassLoader(ForkedBooter.java:384)
	at org.apache.maven.surefire.booter.ForkedBooter.runSuitesInProcess(ForkedBooter.java:345)
	at org.apache.maven.surefire.booter.ForkedBooter.execute(ForkedBooter.java:126)
	at org.apache.maven.surefire.booter.ForkedBooter.main(ForkedBooter.java:418)
</failure>
    <system-out><![CDATA[2019-08-20 05:50:17,004 [grpc-default-executor-0] INFO  client.GrpcClientProtocolClient (GrpcClientProtocolClient.java:onNext(255)) - client-A92074BEDBCC->129b0c42-e6c5-4a3f-b9ab-15ec6d9b24c7: receive RaftClientReply:client-A92074BEDBCC->129b0c42-e6c5-4a3f-b9ab-15ec6d9b24c7@group-D2AA38D1B708, cid=17, FAILED org.apache.ratis.protocol.NotLeaderException: Server 129b0c42-e6c5-4a3f-b9ab-15ec6d9b24c7 is not the leader (null). Request must be sent to leader., logIndex=0, commits[129b0c42-e6c5-4a3f-b9ab-15ec6d9b24c7:c-1]
2019-08-20 05:50:17,157 | INFO  | SCMAudit | user=jenkins1000 | ip=192.168.5.154 | op=SEND_HEARTBEAT {datanodeUUID=129b0c42-e6c5-4a3f-b9ab-15ec6d9b24c7, command=[]} | ret=SUCCESS |  
2019-08-20 05:50:17,365 | INFO  | SCMAudit | user=jenkins1000 | ip=192.168.5.154 | op=SEND_HEARTBEAT {datanodeUUID=ef352f97-736e-4edc-a6c2-ec6abaebdefc, command=[]} | ret=SUCCESS |  
2019-08-20 05:50:17,597 | INFO  | SCMAudit | user=jenkins1000 | ip=192.168.5.154 | op=SEND_HEARTBEAT {datanodeUUID=99bf7a5b-8799-4087-9771-2fdfa93aefd9, command=[]} | ret=SUCCESS |  
2019-08-20 05:50:17,683 | INFO  | SCMAudit | user=jenkins1000 | ip=192.168.5.154 | op=SEND_HEARTBEAT {datanodeUUID=3c86acb4-fb04-479e-8fbb-a4233497e8c2, command=[]} | ret=SUCCESS |  
2019-08-20 05:50:17,683 | INFO  | SCMAudit | user=jenkins1000 | ip=192.168.5.154 | op=SEND_HEARTBEAT {datanodeUUID=654d3ff9-9803-426b-8be5-64caf9bb3c5b, command=[]} | ret=SUCCESS |  
2019-08-20 05:50:17,866 | INFO  | SCMAudit | user=jenkins1000 | ip=192.168.5.154 | op=SEND_HEARTBEAT {datanodeUUID=bde77ea4-41f7-4f4f-90c5-1a3146b1ce11, command=[]} | ret=SUCCESS |  
2019-08-20 05:50:17,940 | INFO  | SCMAudit | user=jenkins1000 | ip=192.168.5.154 | op=SEND_HEARTBEAT {datanodeUUID=c2ead661-67c6-4a0c-930e-d8556e16a1f1, command=[]} | ret=SUCCESS |  
2019-08-20 05:50:18,061 [grpc-default-executor-0] INFO  client.GrpcClientProtocolClient (GrpcClientProtocolClient.java:onNext(255)) - client-A92074BEDBCC->bde77ea4-41f7-4f4f-90c5-1a3146b1ce11: receive RaftClientReply:client-A92074BEDBCC->bde77ea4-41f7-4f4f-90c5-1a3146b1ce11@group-D2AA38D1B708, cid=17, FAILED org.apache.ratis.protocol.NotLeaderException: Server bde77ea4-41f7-4f4f-90c5-1a3146b1ce11 is not the leader (null). Request must be sent to leader., logIndex=0, commits[bde77ea4-41f7-4f4f-90c5-1a3146b1ce11:c-1]
2019-08-20 05:50:18,157 | INFO  | SCMAudit | user=jenkins1000 | ip=192.168.5.154 | op=SEND_HEARTBEAT {datanodeUUID=129b0c42-e6c5-4a3f-b9ab-15ec6d9b24c7, command=[]} | ret=SUCCESS |  
2019-08-20 05:50:18,366 | INFO  | SCMAudit | user=jenkins1000 | ip=192.168.5.154 | op=SEND_HEARTBEAT {datanodeUUID=ef352f97-736e-4edc-a6c2-ec6abaebdefc, command=[]} | ret=SUCCESS |  
2019-08-20 05:50:18,598 | INFO  | SCMAudit | user=jenkins1000 | ip=192.168.5.154 | op=SEND_HEARTBEAT {datanodeUUID=99bf7a5b-8799-4087-9771-2fdfa93aefd9, command=[]} | ret=SUCCESS |  
2019-08-20 05:50:18,684 | INFO  | SCMAudit | user=jenkins1000 | ip=192.168.5.154 | op=SEND_HEARTBEAT {datanodeUUID=654d3ff9-9803-426b-8be5-64caf9bb3c5b, command=[]} | ret=SUCCESS |  
2019-08-20 05:50:18,684 | INFO  | SCMAudit | user=jenkins1000 | ip=192.168.5.154 | op=SEND_HEARTBEAT {datanodeUUID=3c86acb4-fb04-479e-8fbb-a4233497e8c2, command=[]} | ret=SUCCESS |  
2019-08-20 05:50:18,867 | INFO  | SCMAudit | user=jenkins1000 | ip=192.168.5.154 | op=SEND_HEARTBEAT {datanodeUUID=bde77ea4-41f7-4f4f-90c5-1a3146b1ce11, command=[]} | ret=SUCCESS |  
2019-08-20 05:50:18,941 | INFO  | SCMAudit | user=jenkins1000 | ip=192.168.5.154 | op=SEND_HEARTBEAT {datanodeUUID=c2ead661-67c6-4a0c-930e-d8556e16a1f1, command=[]} | ret=SUCCESS |  
2019-08-20 05:50:19,096 [grpc-default-executor-0] INFO  client.GrpcClientProtocolClient (GrpcClientProtocolClient.java:onNext(255)) - client-A92074BEDBCC->129b0c42-e6c5-4a3f-b9ab-15ec6d9b24c7: receive RaftClientReply:client-A92074BEDBCC->129b0c42-e6c5-4a3f-b9ab-15ec6d9b24c7@group-D2AA38D1B708, cid=17, FAILED org.apache.ratis.protocol.NotLeaderException: Server 129b0c42-e6c5-4a3f-b9ab-15ec6d9b24c7 is not the leader (null). Request must be sent to leader., logIndex=0, commits[129b0c42-e6c5-4a3f-b9ab-15ec6d9b24c7:c-1]
2019-08-20 05:50:19,157 | INFO  | SCMAudit | user=jenkins1000 | ip=192.168.5.154 | op=SEND_HEARTBEAT {datanodeUUID=129b0c42-e6c5-4a3f-b9ab-15ec6d9b24c7, command=[]} | ret=SUCCESS |  
2019-08-20 05:50:19,366 | INFO  | SCMAudit | user=jenkins1000 | ip=192.168.5.154 | op=SEND_HEARTBEAT {datanodeUUID=ef352f97-736e-4edc-a6c2-ec6abaebdefc, command=[]} | ret=SUCCESS |  
2019-08-20 05:50:19,598 | INFO  | SCMAudit | user=jenkins1000 | ip=192.168.5.154 | op=SEND_HEARTBEAT {datanodeUUID=99bf7a5b-8799-4087-9771-2fdfa93aefd9, command=[]} | ret=SUCCESS |  
2019-08-20 05:50:19,683 | INFO  | SCMAudit | user=jenkins1000 | ip=192.168.5.154 | op=SEND_HEARTBEAT {datanodeUUID=3c86acb4-fb04-479e-8fbb-a4233497e8c2, command=[]} | ret=SUCCESS |  
2019-08-20 05:50:19,684 | INFO  | SCMAudit | user=jenkins1000 | ip=192.168.5.154 | op=SEND_HEARTBEAT {datanodeUUID=654d3ff9-9803-426b-8be5-64caf9bb3c5b, command=[]} | ret=SUCCESS |  
2019-08-20 05:50:19,867 | INFO  | SCMAudit | user=jenkins1000 | ip=192.168.5.154 | op=SEND_HEARTBEAT {datanodeUUID=bde77ea4-41f7-4f4f-90c5-1a3146b1ce11, command=[]} | ret=SUCCESS |  
2019-08-20 05:50:19,942 | INFO  | SCMAudit | user=jenkins1000 | ip=192.168.5.154 | op=SEND_HEARTBEAT {datanodeUUID=c2ead661-67c6-4a0c-930e-d8556e16a1f1, command=[]} | ret=SUCCESS |  
2019-08-20 05:50:20,128 [grpc-default-executor-0] INFO  client.GrpcClientProtocolClient (GrpcClientProtocolClient.java:onNext(255)) - client-A92074BEDBCC->c2ead661-67c6-4a0c-930e-d8556e16a1f1: receive RaftClientReply:client-A92074BEDBCC->c2ead661-67c6-4a0c-930e-d8556e16a1f1@group-D2AA38D1B708, cid=17, FAILED org.apache.ratis.protocol.NotLeaderException: Server c2ead661-67c6-4a0c-930e-d8556e16a1f1 is not the leader (null). Request must be sent to leader., logIndex=0, commits[c2ead661-67c6-4a0c-930e-d8556e16a1f1:c-1]
2019-08-20 05:50:20,157 | INFO  | SCMAudit | user=jenkins1000 | ip=192.168.5.154 | op=SEND_HEARTBEAT {datanodeUUID=129b0c42-e6c5-4a3f-b9ab-15ec6d9b24c7, command=[]} | ret=SUCCESS |  
2019-08-20 05:50:20,366 | INFO  | SCMAudit | user=jenkins1000 | ip=192.168.5.154 | op=SEND_HEARTBEAT {datanodeUUID=ef352f97-736e-4edc-a6c2-ec6abaebdefc, command=[]} | ret=SUCCESS |  
2019-08-20 05:50:20,598 | INFO  | SCMAudit | user=jenkins1000 | ip=192.168.5.154 | op=SEND_HEARTBEAT {datanodeUUID=99bf7a5b-8799-4087-9771-2fdfa93aefd9, command=[]} | ret=SUCCESS |  
2019-08-20 05:50:20,683 | INFO  | SCMAudit | user=jenkins1000 | ip=192.168.5.154 | op=SEND_HEARTBEAT {datanodeUUID=3c86acb4-fb04-479e-8fbb-a4233497e8c2, command=[]} | ret=SUCCESS |  
2019-08-20 05:50:20,684 | INFO  | SCMAudit | user=jenkins1000 | ip=192.168.5.154 | op=SEND_HEARTBEAT {datanodeUUID=654d3ff9-9803-426b-8be5-64caf9bb3c5b, command=[]} | ret=SUCCESS |  
2019-08-20 05:50:20,867 | INFO  | SCMAudit | user=jenkins1000 | ip=192.168.5.154 | op=SEND_HEARTBEAT {datanodeUUID=bde77ea4-41f7-4f4f-90c5-1a3146b1ce11, command=[]} | ret=SUCCESS |  
2019-08-20 05:50:20,941 | INFO  | SCMAudit | user=jenkins1000 | ip=192.168.5.154 | op=SEND_HEARTBEAT {datanodeUUID=c2ead661-67c6-4a0c-930e-d8556e16a1f1, command=[]} | ret=SUCCESS |  
2019-08-20 05:50:21,158 | INFO  | SCMAudit | user=jenkins1000 | ip=192.168.5.154 | op=SEND_HEARTBEAT {datanodeUUID=129b0c42-e6c5-4a3f-b9ab-15ec6d9b24c7, command=[]} | ret=SUCCESS |  
2019-08-20 05:50:21,169 [grpc-default-executor-0] INFO  client.GrpcClientProtocolClient (GrpcClientProtocolClient.java:onNext(255)) - client-A92074BEDBCC->129b0c42-e6c5-4a3f-b9ab-15ec6d9b24c7: receive RaftClientReply:client-A92074BEDBCC->129b0c42-e6c5-4a3f-b9ab-15ec6d9b24c7@group-D2AA38D1B708, cid=17, FAILED org.apache.ratis.protocol.NotLeaderException: Server 129b0c42-e6c5-4a3f-b9ab-15ec6d9b24c7 is not the leader (null). Request must be sent to leader., logIndex=0, commits[129b0c42-e6c5-4a3f-b9ab-15ec6d9b24c7:c-1]
2019-08-20 05:50:21,366 | INFO  | SCMAudit | user=jenkins1000 | ip=192.168.5.154 | op=SEND_HEARTBEAT {datanodeUUID=ef352f97-736e-4edc-a6c2-ec6abaebdefc, command=[]} | ret=SUCCESS |  
2019-08-20 05:50:21,437 [Thread-333] INFO  impl.FollowerState (FollowerState.java:run(106)) - c2ead661-67c6-4a0c-930e-d8556e16a1f1:group-D2AA38D1B708 changes to CANDIDATE, lastRpcTime:5024, electionTimeout:5022ms
2019-08-20 05:50:21,440 [Thread-333] INFO  impl.RoleInfo (RoleInfo.java:shutdownFollowerState(121)) - c2ead661-67c6-4a0c-930e-d8556e16a1f1: shutdown FollowerState
2019-08-20 05:50:21,441 [Thread-333] INFO  impl.RaftServerImpl (RaftServerImpl.java:setRole(171)) - c2ead661-67c6-4a0c-930e-d8556e16a1f1:group-D2AA38D1B708 changes role from FOLLOWER to CANDIDATE at term 1 for changeToCandidate
2019-08-20 05:50:21,441 [Thread-333] INFO  impl.RoleInfo (RoleInfo.java:updateAndGet(143)) - c2ead661-67c6-4a0c-930e-d8556e16a1f1: start LeaderElection
2019-08-20 05:50:21,458 [c2ead661-67c6-4a0c-930e-d8556e16a1f1:group-D2AA38D1B708:LeaderElection12] INFO  impl.LeaderElection (LeaderElection.java:askForVotes(181)) - c2ead661-67c6-4a0c-930e-d8556e16a1f1:group-D2AA38D1B708:LeaderElection12: begin an election at term 2 for -1: [bde77ea4-41f7-4f4f-90c5-1a3146b1ce11:192.168.5.154:38562, c2ead661-67c6-4a0c-930e-d8556e16a1f1:192.168.5.154:46867, 129b0c42-e6c5-4a3f-b9ab-15ec6d9b24c7:192.168.5.154:35148], old=null
2019-08-20 05:50:21,468 [grpc-default-executor-0] INFO  impl.RaftServerImpl (RaftServerImpl.java:setRole(171)) - bde77ea4-41f7-4f4f-90c5-1a3146b1ce11:group-D2AA38D1B708 changes role from FOLLOWER to FOLLOWER at term 2 for recognizeCandidate:c2ead661-67c6-4a0c-930e-d8556e16a1f1
2019-08-20 05:50:21,469 [grpc-default-executor-0] INFO  impl.RoleInfo (RoleInfo.java:shutdownFollowerState(121)) - bde77ea4-41f7-4f4f-90c5-1a3146b1ce11: shutdown FollowerState
2019-08-20 05:50:21,469 [grpc-default-executor-3] INFO  impl.RaftServerImpl (RaftServerImpl.java:setRole(171)) - 129b0c42-e6c5-4a3f-b9ab-15ec6d9b24c7:group-D2AA38D1B708 changes role from FOLLOWER to FOLLOWER at term 2 for recognizeCandidate:c2ead661-67c6-4a0c-930e-d8556e16a1f1
2019-08-20 05:50:21,469 [grpc-default-executor-0] INFO  impl.RoleInfo (RoleInfo.java:updateAndGet(143)) - bde77ea4-41f7-4f4f-90c5-1a3146b1ce11: start FollowerState
2019-08-20 05:50:21,469 [Thread-332] INFO  impl.FollowerState (FollowerState.java:run(114)) - bde77ea4-41f7-4f4f-90c5-1a3146b1ce11: FollowerState was interrupted: java.lang.InterruptedException: sleep interrupted
2019-08-20 05:50:21,469 [grpc-default-executor-3] INFO  impl.RoleInfo (RoleInfo.java:shutdownFollowerState(121)) - 129b0c42-e6c5-4a3f-b9ab-15ec6d9b24c7: shutdown FollowerState
2019-08-20 05:50:21,472 [grpc-default-executor-3] INFO  impl.RoleInfo (RoleInfo.java:updateAndGet(143)) - 129b0c42-e6c5-4a3f-b9ab-15ec6d9b24c7: start FollowerState
2019-08-20 05:50:21,472 [Thread-336] INFO  impl.FollowerState (FollowerState.java:run(114)) - 129b0c42-e6c5-4a3f-b9ab-15ec6d9b24c7: FollowerState was interrupted: java.lang.InterruptedException: sleep interrupted
2019-08-20 05:50:21,489 [c2ead661-67c6-4a0c-930e-d8556e16a1f1:group-D2AA38D1B708:LeaderElection12] INFO  impl.LeaderElection (LeaderElection.java:logAndReturn(56)) - c2ead661-67c6-4a0c-930e-d8556e16a1f1:group-D2AA38D1B708:LeaderElection12: Election PASSED; received 1 response(s) [c2ead661-67c6-4a0c-930e-d8556e16a1f1<-bde77ea4-41f7-4f4f-90c5-1a3146b1ce11#0:OK-t2] and 0 exception(s); c2ead661-67c6-4a0c-930e-d8556e16a1f1:t2, leader=null, voted=c2ead661-67c6-4a0c-930e-d8556e16a1f1, raftlog=c2ead661-67c6-4a0c-930e-d8556e16a1f1-SegmentedRaftLog:OPENED:c-1,f-1,i0, conf=-1: [bde77ea4-41f7-4f4f-90c5-1a3146b1ce11:192.168.5.154:38562, c2ead661-67c6-4a0c-930e-d8556e16a1f1:192.168.5.154:46867, 129b0c42-e6c5-4a3f-b9ab-15ec6d9b24c7:192.168.5.154:35148], old=null
2019-08-20 05:50:21,489 [c2ead661-67c6-4a0c-930e-d8556e16a1f1:group-D2AA38D1B708:LeaderElection12] INFO  impl.RoleInfo (RoleInfo.java:shutdownLeaderElection(134)) - c2ead661-67c6-4a0c-930e-d8556e16a1f1: shutdown LeaderElection
2019-08-20 05:50:21,505 [c2ead661-67c6-4a0c-930e-d8556e16a1f1:group-D2AA38D1B708:LeaderElection12] INFO  impl.RaftServerImpl (RaftServerImpl.java:setRole(171)) - c2ead661-67c6-4a0c-930e-d8556e16a1f1:group-D2AA38D1B708 changes role from CANDIDATE to LEADER at term 2 for changeToLeader
2019-08-20 05:50:21,505 [c2ead661-67c6-4a0c-930e-d8556e16a1f1:group-D2AA38D1B708:LeaderElection12] INFO  impl.RaftServerImpl (ServerState.java:setLeader(263)) - c2ead661-67c6-4a0c-930e-d8556e16a1f1:group-D2AA38D1B708 change Leader from null to c2ead661-67c6-4a0c-930e-d8556e16a1f1 at term 2 for becomeLeader, leader elected after 10397ms
2019-08-20 05:50:21,505 [c2ead661-67c6-4a0c-930e-d8556e16a1f1:group-D2AA38D1B708:LeaderElection12] INFO  server.RaftServerConfigKeys (ConfUtils.java:logGet(43)) - raft.server.staging.catchup.gap = 1000 (default)
2019-08-20 05:50:21,505 [c2ead661-67c6-4a0c-930e-d8556e16a1f1:group-D2AA38D1B708:LeaderElection12] INFO  server.RaftServerConfigKeys (ConfUtils.java:logGet(43)) - raft.server.rpc.sleep.time = 25ms (default)
2019-08-20 05:50:21,506 [c2ead661-67c6-4a0c-930e-d8556e16a1f1:group-D2AA38D1B708:LeaderElection12] INFO  server.RaftServerConfigKeys (ConfUtils.java:logGet(43)) - raft.server.write.element-limit = 4096 (default)
2019-08-20 05:50:21,506 [c2ead661-67c6-4a0c-930e-d8556e16a1f1:group-D2AA38D1B708:LeaderElection12] INFO  server.RaftServerConfigKeys (ConfUtils.java:logGet(43)) - raft.server.watch.timeout = 10s (default)
2019-08-20 05:50:21,506 [c2ead661-67c6-4a0c-930e-d8556e16a1f1:group-D2AA38D1B708:LeaderElection12] INFO  server.RaftServerConfigKeys (ConfUtils.java:logGet(43)) - raft.server.watch.timeout.denomination = 1s (default)
2019-08-20 05:50:21,506 [c2ead661-67c6-4a0c-930e-d8556e16a1f1:group-D2AA38D1B708:LeaderElection12] INFO  server.RaftServerConfigKeys (ConfUtils.java:logGet(43)) - raft.server.watch.element-limit = 65536 (default)
2019-08-20 05:50:21,507 [c2ead661-67c6-4a0c-930e-d8556e16a1f1:group-D2AA38D1B708:LeaderElection12] INFO  server.RaftServerConfigKeys (ConfUtils.java:logGet(43)) - raft.server.log.appender.snapshot.chunk.size.max = 16MB (=16777216) (default)
2019-08-20 05:50:21,507 [c2ead661-67c6-4a0c-930e-d8556e16a1f1:group-D2AA38D1B708:LeaderElection12] INFO  server.RaftServerConfigKeys (ConfUtils.java:logGet(43)) - raft.server.log.appender.buffer.byte-limit = 33554432 (custom)
2019-08-20 05:50:21,507 [c2ead661-67c6-4a0c-930e-d8556e16a1f1:group-D2AA38D1B708:LeaderElection12] INFO  server.RaftServerConfigKeys (ConfUtils.java:logGet(43)) - raft.server.log.appender.buffer.element-limit = 1 (custom)
2019-08-20 05:50:21,507 [c2ead661-67c6-4a0c-930e-d8556e16a1f1:group-D2AA38D1B708:LeaderElection12] INFO  grpc.GrpcConfigKeys$Server (ConfUtils.java:logGet(43)) - raft.grpc.server.leader.outstanding.appends.max = 128 (default)
2019-08-20 05:50:21,508 [c2ead661-67c6-4a0c-930e-d8556e16a1f1:group-D2AA38D1B708:LeaderElection12] INFO  server.RaftServerConfigKeys (ConfUtils.java:logGet(43)) - raft.server.rpc.request.timeout = 3000ms (default)
2019-08-20 05:50:21,508 [c2ead661-67c6-4a0c-930e-d8556e16a1f1:group-D2AA38D1B708:LeaderElection12] INFO  server.RaftServerConfigKeys (ConfUtils.java:logGet(43)) - raft.server.log.appender.install.snapshot.enabled = false (custom)
2019-08-20 05:50:21,508 [c2ead661-67c6-4a0c-930e-d8556e16a1f1:group-D2AA38D1B708:LeaderElection12] INFO  server.RaftServerConfigKeys (ConfUtils.java:logGet(43)) - raft.server.log.appender.snapshot.chunk.size.max = 16MB (=16777216) (default)
2019-08-20 05:50:21,508 [c2ead661-67c6-4a0c-930e-d8556e16a1f1:group-D2AA38D1B708:LeaderElection12] INFO  server.RaftServerConfigKeys (ConfUtils.java:logGet(43)) - raft.server.log.appender.buffer.byte-limit = 33554432 (custom)
2019-08-20 05:50:21,508 [c2ead661-67c6-4a0c-930e-d8556e16a1f1:group-D2AA38D1B708:LeaderElection12] INFO  server.RaftServerConfigKeys (ConfUtils.java:logGet(43)) - raft.server.log.appender.buffer.element-limit = 1 (custom)
2019-08-20 05:50:21,509 [c2ead661-67c6-4a0c-930e-d8556e16a1f1:group-D2AA38D1B708:LeaderElection12] INFO  grpc.GrpcConfigKeys$Server (ConfUtils.java:logGet(43)) - raft.grpc.server.leader.outstanding.appends.max = 128 (default)
2019-08-20 05:50:21,509 [c2ead661-67c6-4a0c-930e-d8556e16a1f1:group-D2AA38D1B708:LeaderElection12] INFO  server.RaftServerConfigKeys (ConfUtils.java:logGet(43)) - raft.server.rpc.request.timeout = 3000ms (default)
2019-08-20 05:50:21,509 [c2ead661-67c6-4a0c-930e-d8556e16a1f1:group-D2AA38D1B708:LeaderElection12] INFO  server.RaftServerConfigKeys (ConfUtils.java:logGet(43)) - raft.server.log.appender.install.snapshot.enabled = false (custom)
2019-08-20 05:50:21,509 [c2ead661-67c6-4a0c-930e-d8556e16a1f1:group-D2AA38D1B708:LeaderElection12] INFO  impl.RoleInfo (RoleInfo.java:updateAndGet(143)) - c2ead661-67c6-4a0c-930e-d8556e16a1f1: start LeaderState
2019-08-20 05:50:21,510 [c2ead661-67c6-4a0c-930e-d8556e16a1f1:group-D2AA38D1B708:LeaderElection12] INFO  segmented.SegmentedRaftLogWorker (SegmentedRaftLogWorker.java:startLogSegment(380)) - c2ead661-67c6-4a0c-930e-d8556e16a1f1-SegmentedRaftLogWorker:Storage Directory /workdir/hadoop-ozone/integration-test/target/test-dir/MiniOzoneClusterImpl-d637330b-d419-40bf-a687-d940784151bf/datanode-0/data/ratis/3130929d-e93b-448a-813c-d2aa38d1b708: Starting segment from index:0
2019-08-20 05:50:21,511 [c2ead661-67c6-4a0c-930e-d8556e16a1f1:group-D2AA38D1B708:LeaderElection12] INFO  impl.RaftServerImpl (ServerState.java:setRaftConf(361)) - c2ead661-67c6-4a0c-930e-d8556e16a1f1:group-D2AA38D1B708 set configuration 0: [bde77ea4-41f7-4f4f-90c5-1a3146b1ce11:192.168.5.154:38562, c2ead661-67c6-4a0c-930e-d8556e16a1f1:192.168.5.154:46867, 129b0c42-e6c5-4a3f-b9ab-15ec6d9b24c7:192.168.5.154:35148], old=null at 0
2019-08-20 05:50:21,513 [grpc-default-executor-3] INFO  impl.RaftServerImpl (ServerState.java:setLeader(263)) - bde77ea4-41f7-4f4f-90c5-1a3146b1ce11:group-D2AA38D1B708 change Leader from null to c2ead661-67c6-4a0c-930e-d8556e16a1f1 at term 2 for appendEntries, leader elected after 10404ms
2019-08-20 05:50:21,548 [grpc-default-executor-0] INFO  impl.RaftServerImpl (ServerState.java:setLeader(263)) - 129b0c42-e6c5-4a3f-b9ab-15ec6d9b24c7:group-D2AA38D1B708 change Leader from null to c2ead661-67c6-4a0c-930e-d8556e16a1f1 at term 2 for appendEntries, leader elected after 10439ms
2019-08-20 05:50:21,551 [grpc-default-executor-3] INFO  impl.RaftServerImpl (ServerState.java:setRaftConf(361)) - bde77ea4-41f7-4f4f-90c5-1a3146b1ce11:group-D2AA38D1B708 set configuration 0: [bde77ea4-41f7-4f4f-90c5-1a3146b1ce11:192.168.5.154:38562, c2ead661-67c6-4a0c-930e-d8556e16a1f1:192.168.5.154:46867, 129b0c42-e6c5-4a3f-b9ab-15ec6d9b24c7:192.168.5.154:35148], old=null at 0
2019-08-20 05:50:21,551 [grpc-default-executor-3] INFO  segmented.SegmentedRaftLogWorker (SegmentedRaftLogWorker.java:startLogSegment(380)) - bde77ea4-41f7-4f4f-90c5-1a3146b1ce11-SegmentedRaftLogWorker:Storage Directory /workdir/hadoop-ozone/integration-test/target/test-dir/MiniOzoneClusterImpl-d637330b-d419-40bf-a687-d940784151bf/datanode-4/data/ratis/3130929d-e93b-448a-813c-d2aa38d1b708: Starting segment from index:0
2019-08-20 05:50:21,552 [grpc-default-executor-0] INFO  impl.RaftServerImpl (ServerState.java:setRaftConf(361)) - 129b0c42-e6c5-4a3f-b9ab-15ec6d9b24c7:group-D2AA38D1B708 set configuration 0: [bde77ea4-41f7-4f4f-90c5-1a3146b1ce11:192.168.5.154:38562, c2ead661-67c6-4a0c-930e-d8556e16a1f1:192.168.5.154:46867, 129b0c42-e6c5-4a3f-b9ab-15ec6d9b24c7:192.168.5.154:35148], old=null at 0
2019-08-20 05:50:21,552 [grpc-default-executor-0] INFO  segmented.SegmentedRaftLogWorker (SegmentedRaftLogWorker.java:startLogSegment(380)) - 129b0c42-e6c5-4a3f-b9ab-15ec6d9b24c7-SegmentedRaftLogWorker:Storage Directory /workdir/hadoop-ozone/integration-test/target/test-dir/MiniOzoneClusterImpl-d637330b-d419-40bf-a687-d940784151bf/datanode-5/data/ratis/3130929d-e93b-448a-813c-d2aa38d1b708: Starting segment from index:0
2019-08-20 05:50:21,561 [c2ead661-67c6-4a0c-930e-d8556e16a1f1-SegmentedRaftLogWorker:Storage Directory /workdir/hadoop-ozone/integration-test/target/test-dir/MiniOzoneClusterImpl-d637330b-d419-40bf-a687-d940784151bf/datanode-0/data/ratis/3130929d-e93b-448a-813c-d2aa38d1b708] INFO  segmented.SegmentedRaftLogWorker (SegmentedRaftLogWorker.java:execute(569)) - c2ead661-67c6-4a0c-930e-d8556e16a1f1-SegmentedRaftLogWorker:Storage Directory /workdir/hadoop-ozone/integration-test/target/test-dir/MiniOzoneClusterImpl-d637330b-d419-40bf-a687-d940784151bf/datanode-0/data/ratis/3130929d-e93b-448a-813c-d2aa38d1b708: created new log segment /workdir/hadoop-ozone/integration-test/target/test-dir/MiniOzoneClusterImpl-d637330b-d419-40bf-a687-d940784151bf/datanode-0/data/ratis/3130929d-e93b-448a-813c-d2aa38d1b708/current/log_inprogress_0
2019-08-20 05:50:21,573 [129b0c42-e6c5-4a3f-b9ab-15ec6d9b24c7-SegmentedRaftLogWorker:Storage Directory /workdir/hadoop-ozone/integration-test/target/test-dir/MiniOzoneClusterImpl-d637330b-d419-40bf-a687-d940784151bf/datanode-5/data/ratis/3130929d-e93b-448a-813c-d2aa38d1b708] INFO  segmented.SegmentedRaftLogWorker (SegmentedRaftLogWorker.java:execute(569)) - 129b0c42-e6c5-4a3f-b9ab-15ec6d9b24c7-SegmentedRaftLogWorker:Storage Directory /workdir/hadoop-ozone/integration-test/target/test-dir/MiniOzoneClusterImpl-d637330b-d419-40bf-a687-d940784151bf/datanode-5/data/ratis/3130929d-e93b-448a-813c-d2aa38d1b708: created new log segment /workdir/hadoop-ozone/integration-test/target/test-dir/MiniOzoneClusterImpl-d637330b-d419-40bf-a687-d940784151bf/datanode-5/data/ratis/3130929d-e93b-448a-813c-d2aa38d1b708/current/log_inprogress_0
2019-08-20 05:50:21,599 | INFO  | SCMAudit | user=jenkins1000 | ip=192.168.5.154 | op=SEND_HEARTBEAT {datanodeUUID=99bf7a5b-8799-4087-9771-2fdfa93aefd9, command=[]} | ret=SUCCESS |  
2019-08-20 05:50:21,602 [bde77ea4-41f7-4f4f-90c5-1a3146b1ce11-SegmentedRaftLogWorker:Storage Directory /workdir/hadoop-ozone/integration-test/target/test-dir/MiniOzoneClusterImpl-d637330b-d419-40bf-a687-d940784151bf/datanode-4/data/ratis/3130929d-e93b-448a-813c-d2aa38d1b708] INFO  segmented.SegmentedRaftLogWorker (SegmentedRaftLogWorker.java:execute(569)) - bde77ea4-41f7-4f4f-90c5-1a3146b1ce11-SegmentedRaftLogWorker:Storage Directory /workdir/hadoop-ozone/integration-test/target/test-dir/MiniOzoneClusterImpl-d637330b-d419-40bf-a687-d940784151bf/datanode-4/data/ratis/3130929d-e93b-448a-813c-d2aa38d1b708: created new log segment /workdir/hadoop-ozone/integration-test/target/test-dir/MiniOzoneClusterImpl-d637330b-d419-40bf-a687-d940784151bf/datanode-4/data/ratis/3130929d-e93b-448a-813c-d2aa38d1b708/current/log_inprogress_0
2019-08-20 05:50:21,683 | INFO  | SCMAudit | user=jenkins1000 | ip=192.168.5.154 | op=SEND_HEARTBEAT {datanodeUUID=3c86acb4-fb04-479e-8fbb-a4233497e8c2, command=[]} | ret=SUCCESS |  
2019-08-20 05:50:21,684 | INFO  | SCMAudit | user=jenkins1000 | ip=192.168.5.154 | op=SEND_HEARTBEAT {datanodeUUID=654d3ff9-9803-426b-8be5-64caf9bb3c5b, command=[]} | ret=SUCCESS |  
2019-08-20 05:50:21,867 | INFO  | SCMAudit | user=jenkins1000 | ip=192.168.5.154 | op=SEND_HEARTBEAT {datanodeUUID=bde77ea4-41f7-4f4f-90c5-1a3146b1ce11, command=[]} | ret=SUCCESS |  
2019-08-20 05:50:21,941 | INFO  | SCMAudit | user=jenkins1000 | ip=192.168.5.154 | op=SEND_HEARTBEAT {datanodeUUID=c2ead661-67c6-4a0c-930e-d8556e16a1f1, command=[]} | ret=SUCCESS |  
2019-08-20 05:50:22,159 | INFO  | SCMAudit | user=jenkins1000 | ip=192.168.5.154 | op=SEND_HEARTBEAT {datanodeUUID=129b0c42-e6c5-4a3f-b9ab-15ec6d9b24c7, command=[]} | ret=SUCCESS |  
2019-08-20 05:50:22,297 | INFO  | SCMAudit | user=jenkins1000 | ip=192.168.5.154 | op=SEND_HEARTBEAT {datanodeUUID=c2ead661-67c6-4a0c-930e-d8556e16a1f1, command=[]} | ret=SUCCESS |  
2019-08-20 05:50:22,308 | INFO  | DNAudit | user=null | ip=null | op=WRITE_CHUNK {blockData=conID: 2 locID: 1566280216962 bcsId: 0} | ret=SUCCESS |  
2019-08-20 05:50:22,365 | INFO  | SCMAudit | user=jenkins1000 | ip=192.168.5.154 | op=SEND_HEARTBEAT {datanodeUUID=ef352f97-736e-4edc-a6c2-ec6abaebdefc, command=[]} | ret=SUCCESS |  
2019-08-20 05:50:22,390 | INFO  | SCMAudit | user=jenkins1000 | ip=192.168.5.154 | op=SEND_HEARTBEAT {datanodeUUID=bde77ea4-41f7-4f4f-90c5-1a3146b1ce11, command=[]} | ret=SUCCESS |  
2019-08-20 05:50:22,390 | INFO  | SCMAudit | user=jenkins1000 | ip=192.168.5.154 | op=SEND_HEARTBEAT {datanodeUUID=129b0c42-e6c5-4a3f-b9ab-15ec6d9b24c7, command=[]} | ret=SUCCESS |  
2019-08-20 05:50:22,396 | INFO  | DNAudit | user=null | ip=null | op=WRITE_CHUNK {blockData=conID: 2 locID: 1566280216962 bcsId: 0} | ret=SUCCESS |  
2019-08-20 05:50:22,396 | INFO  | DNAudit | user=null | ip=null | op=WRITE_CHUNK {blockData=conID: 2 locID: 1566280216962 bcsId: 0} | ret=SUCCESS |  
2019-08-20 05:50:22,412 | INFO  | DNAudit | user=null | ip=null | op=WRITE_CHUNK {blockData=conID: 2 locID: 1566280216962 bcsId: 0} | ret=SUCCESS |  
2019-08-20 05:50:22,421 [grpc-default-executor-0] INFO  client.GrpcClientProtocolClient (GrpcClientProtocolClient.java:onNext(255)) - client-A92074BEDBCC->c2ead661-67c6-4a0c-930e-d8556e16a1f1: receive RaftClientReply:client-A92074BEDBCC->c2ead661-67c6-4a0c-930e-d8556e16a1f1@group-D2AA38D1B708, cid=17, SUCCESS, logIndex=1, commits[c2ead661-67c6-4a0c-930e-d8556e16a1f1:c1, bde77ea4-41f7-4f4f-90c5-1a3146b1ce11:c0, 129b0c42-e6c5-4a3f-b9ab-15ec6d9b24c7:c0]
2019-08-20 05:50:22,440 | INFO  | DNAudit | user=null | ip=null | op=WRITE_CHUNK {blockData=conID: 2 locID: 1566280216962 bcsId: 0} | ret=SUCCESS |  
2019-08-20 05:50:22,441 | INFO  | DNAudit | user=null | ip=null | op=WRITE_CHUNK {blockData=conID: 2 locID: 1566280216962 bcsId: 0} | ret=SUCCESS |  
2019-08-20 05:50:22,452 [pool-26-thread-4] WARN  impl.ChunkManagerImpl (ChunkUtils.java:validateChunkForOverwrite(218)) - Duplicate write chunk request. Chunk overwrite without explicit request. ChunkInfo{chunkName='1566280216962.data.0, offset=0, len=1048576}
2019-08-20 05:50:22,452 [pool-26-thread-4] WARN  impl.ChunkManagerImpl (ChunkManagerImpl.java:writeChunk(111)) - ChunkFile already exists/workdir/hadoop-ozone/integration-test/target/test-dir/MiniOzoneClusterImpl-d637330b-d419-40bf-a687-d940784151bf/datanode-0/data/containers/hdds/8f627022-ea7c-4180-9ee0-50ddd198cc36/current/containerDir0/2/chunks/1566280216962.data.0.Deleting it.
2019-08-20 05:50:22,455 | INFO  | DNAudit | user=null | ip=null | op=WRITE_CHUNK {blockData=conID: 2 locID: 1566280216962 bcsId: 0} | ret=SUCCESS |  
2019-08-20 05:50:22,464 [pool-81-thread-2] WARN  impl.ChunkManagerImpl (ChunkUtils.java:validateChunkForOverwrite(218)) - Duplicate write chunk request. Chunk overwrite without explicit request. ChunkInfo{chunkName='1566280216962.data.0, offset=0, len=1048576}
2019-08-20 05:50:22,464 [pool-81-thread-2] WARN  impl.ChunkManagerImpl (ChunkManagerImpl.java:writeChunk(111)) - ChunkFile already exists/workdir/hadoop-ozone/integration-test/target/test-dir/MiniOzoneClusterImpl-d637330b-d419-40bf-a687-d940784151bf/datanode-5/data/containers/hdds/8f627022-ea7c-4180-9ee0-50ddd198cc36/current/containerDir0/2/chunks/1566280216962.data.0.Deleting it.
2019-08-20 05:50:22,468 [pool-70-thread-2] WARN  impl.ChunkManagerImpl (ChunkUtils.java:validateChunkForOverwrite(218)) - Duplicate write chunk request. Chunk overwrite without explicit request. ChunkInfo{chunkName='1566280216962.data.0, offset=0, len=1048576}
2019-08-20 05:50:22,468 [pool-70-thread-2] WARN  impl.ChunkManagerImpl (ChunkManagerImpl.java:writeChunk(111)) - ChunkFile already exists/workdir/hadoop-ozone/integration-test/target/test-dir/MiniOzoneClusterImpl-d637330b-d419-40bf-a687-d940784151bf/datanode-4/data/containers/hdds/8f627022-ea7c-4180-9ee0-50ddd198cc36/current/containerDir0/2/chunks/1566280216962.data.0.Deleting it.
2019-08-20 05:50:22,470 | INFO  | DNAudit | user=null | ip=null | op=WRITE_CHUNK {blockData=conID: 2 locID: 1566280216962 bcsId: 0} | ret=SUCCESS |  
2019-08-20 05:50:22,472 | INFO  | DNAudit | user=null | ip=null | op=WRITE_CHUNK {blockData=conID: 2 locID: 1566280216962 bcsId: 0} | ret=SUCCESS |  
2019-08-20 05:50:22,502 | INFO  | DNAudit | user=null | ip=null | op=PUT_BLOCK {blockData=[blockId=conID: 2 locID: 1566280216962 bcsId: 0,size=1048576]} | ret=SUCCESS |  
2019-08-20 05:50:22,514 | INFO  | DNAudit | user=null | ip=null | op=WRITE_CHUNK {blockData=conID: 2 locID: 1566280216962 bcsId: 0} | ret=SUCCESS |  
2019-08-20 05:50:22,515 [grpc-default-executor-3] INFO  client.GrpcClientProtocolClient (GrpcClientProtocolClient.java:onNext(255)) - client-A92074BEDBCC->c2ead661-67c6-4a0c-930e-d8556e16a1f1: receive RaftClientReply:client-A92074BEDBCC->c2ead661-67c6-4a0c-930e-d8556e16a1f1@group-D2AA38D1B708, cid=18, SUCCESS, logIndex=3, commits[c2ead661-67c6-4a0c-930e-d8556e16a1f1:c7, bde77ea4-41f7-4f4f-90c5-1a3146b1ce11:c6, 129b0c42-e6c5-4a3f-b9ab-15ec6d9b24c7:c6]
2019-08-20 05:50:22,516 [grpc-default-executor-3] INFO  client.GrpcClientProtocolClient (GrpcClientProtocolClient.java:onNext(255)) - client-A92074BEDBCC->c2ead661-67c6-4a0c-930e-d8556e16a1f1: receive RaftClientReply:client-A92074BEDBCC->c2ead661-67c6-4a0c-930e-d8556e16a1f1@group-D2AA38D1B708, cid=19, SUCCESS, logIndex=4, commits[c2ead661-67c6-4a0c-930e-d8556e16a1f1:c7, bde77ea4-41f7-4f4f-90c5-1a3146b1ce11:c6, 129b0c42-e6c5-4a3f-b9ab-15ec6d9b24c7:c6]
2019-08-20 05:50:22,536 | INFO  | DNAudit | user=null | ip=null | op=PUT_BLOCK {blockData=[blockId=conID: 2 locID: 1566280216962 bcsId: 0,size=1048576]} | ret=SUCCESS |  
2019-08-20 05:50:22,537 | INFO  | DNAudit | user=null | ip=null | op=WRITE_CHUNK {blockData=conID: 2 locID: 1566280216962 bcsId: 0} | ret=SUCCESS |  
2019-08-20 05:50:22,582 | INFO  | DNAudit | user=null | ip=null | op=PUT_BLOCK {blockData=[blockId=conID: 2 locID: 1566280216962 bcsId: 0,size=1048576]} | ret=SUCCESS |  
2019-08-20 05:50:22,582 | INFO  | DNAudit | user=null | ip=null | op=PUT_BLOCK {blockData=[blockId=conID: 2 locID: 1566280216962 bcsId: 0,size=1048576]} | ret=SUCCESS |  
2019-08-20 05:50:22,582 | INFO  | DNAudit | user=null | ip=null | op=PUT_BLOCK {blockData=[blockId=conID: 2 locID: 1566280216962 bcsId: 0,size=1048576]} | ret=SUCCESS |  
2019-08-20 05:50:22,583 | INFO  | DNAudit | user=null | ip=null | op=WRITE_CHUNK {blockData=conID: 2 locID: 1566280216962 bcsId: 0} | ret=SUCCESS |  
2019-08-20 05:50:22,584 | INFO  | DNAudit | user=null | ip=null | op=PUT_BLOCK {blockData=[blockId=conID: 2 locID: 1566280216962 bcsId: 0,size=1048576]} | ret=SUCCESS |  
2019-08-20 05:50:22,585 [grpc-default-executor-3] INFO  client.GrpcClientProtocolClient (GrpcClientProtocolClient.java:onNext(255)) - client-A92074BEDBCC->c2ead661-67c6-4a0c-930e-d8556e16a1f1: receive RaftClientReply:client-A92074BEDBCC->c2ead661-67c6-4a0c-930e-d8556e16a1f1@group-D2AA38D1B708, cid=20, SUCCESS, logIndex=5, commits[c2ead661-67c6-4a0c-930e-d8556e16a1f1:c7, bde77ea4-41f7-4f4f-90c5-1a3146b1ce11:c6, 129b0c42-e6c5-4a3f-b9ab-15ec6d9b24c7:c6]
2019-08-20 05:50:22,587 [main] INFO  datanode.ObjectStoreHandler (ObjectStoreHandler.java:close(155)) - Closing ObjectStoreHandler.
2019-08-20 05:50:22,589 [main] INFO  ozone.HddsDatanodeService (HddsDatanodeService.java:stop(451)) - Stopped plug-in org.apache.hadoop.ozone.web.OzoneHddsDatanodeService@78479f2b
2019-08-20 05:50:22,600 | INFO  | SCMAudit | user=jenkins1000 | ip=192.168.5.154 | op=SEND_HEARTBEAT {datanodeUUID=99bf7a5b-8799-4087-9771-2fdfa93aefd9, command=[]} | ret=SUCCESS |  
2019-08-20 05:50:22,684 | INFO  | SCMAudit | user=jenkins1000 | ip=192.168.5.154 | op=SEND_HEARTBEAT {datanodeUUID=3c86acb4-fb04-479e-8fbb-a4233497e8c2, command=[]} | ret=SUCCESS |  
2019-08-20 05:50:22,685 | INFO  | SCMAudit | user=jenkins1000 | ip=192.168.5.154 | op=SEND_HEARTBEAT {datanodeUUID=654d3ff9-9803-426b-8be5-64caf9bb3c5b, command=[]} | ret=SUCCESS |  
2019-08-20 05:50:23,297 | INFO  | SCMAudit | user=jenkins1000 | ip=192.168.5.154 | op=SEND_HEARTBEAT {datanodeUUID=c2ead661-67c6-4a0c-930e-d8556e16a1f1, command=[]} | ret=SUCCESS |  
2019-08-20 05:50:23,365 | INFO  | SCMAudit | user=jenkins1000 | ip=192.168.5.154 | op=SEND_HEARTBEAT {datanodeUUID=ef352f97-736e-4edc-a6c2-ec6abaebdefc, command=[]} | ret=SUCCESS |  
2019-08-20 05:50:23,389 [Datanode State Machine Thread - 0] INFO  statemachine.DatanodeStateMachine (DatanodeStateMachine.java:lambda$startDaemon$0(350)) - Ozone container server started.
2019-08-20 05:50:23,391 | INFO  | SCMAudit | user=jenkins1000 | ip=192.168.5.154 | op=SEND_HEARTBEAT {datanodeUUID=bde77ea4-41f7-4f4f-90c5-1a3146b1ce11, command=[]} | ret=SUCCESS |  
2019-08-20 05:50:23,599 | INFO  | SCMAudit | user=jenkins1000 | ip=192.168.5.154 | op=SEND_HEARTBEAT {datanodeUUID=99bf7a5b-8799-4087-9771-2fdfa93aefd9, command=[]} | ret=SUCCESS |  
2019-08-20 05:50:23,683 | INFO  | SCMAudit | user=jenkins1000 | ip=192.168.5.154 | op=SEND_HEARTBEAT {datanodeUUID=3c86acb4-fb04-479e-8fbb-a4233497e8c2, command=[]} | ret=SUCCESS |  
2019-08-20 05:50:23,686 | INFO  | SCMAudit | user=jenkins1000 | ip=192.168.5.154 | op=SEND_HEARTBEAT {datanodeUUID=654d3ff9-9803-426b-8be5-64caf9bb3c5b, command=[]} | ret=SUCCESS |  
2019-08-20 05:50:24,299 | INFO  | SCMAudit | user=jenkins1000 | ip=192.168.5.154 | op=SEND_HEARTBEAT {datanodeUUID=c2ead661-67c6-4a0c-930e-d8556e16a1f1, command=[]} | ret=SUCCESS |  
2019-08-20 05:50:24,366 | INFO  | SCMAudit | user=jenkins1000 | ip=192.168.5.154 | op=SEND_HEARTBEAT {datanodeUUID=ef352f97-736e-4edc-a6c2-ec6abaebdefc, command=[]} | ret=SUCCESS |  
2019-08-20 05:50:24,391 | INFO  | SCMAudit | user=jenkins1000 | ip=192.168.5.154 | op=SEND_HEARTBEAT {datanodeUUID=bde77ea4-41f7-4f4f-90c5-1a3146b1ce11, command=[]} | ret=SUCCESS |  
2019-08-20 05:50:24,599 | INFO  | SCMAudit | user=jenkins1000 | ip=192.168.5.154 | op=SEND_HEARTBEAT {datanodeUUID=99bf7a5b-8799-4087-9771-2fdfa93aefd9, command=[]} | ret=SUCCESS |  
2019-08-20 05:50:24,684 | INFO  | SCMAudit | user=jenkins1000 | ip=192.168.5.154 | op=SEND_HEARTBEAT {datanodeUUID=3c86acb4-fb04-479e-8fbb-a4233497e8c2, command=[]} | ret=SUCCESS |  
2019-08-20 05:50:24,686 | INFO  | SCMAudit | user=jenkins1000 | ip=192.168.5.154 | op=SEND_HEARTBEAT {datanodeUUID=654d3ff9-9803-426b-8be5-64caf9bb3c5b, command=[]} | ret=SUCCESS |  
2019-08-20 05:50:25,296 | INFO  | SCMAudit | user=jenkins1000 | ip=192.168.5.154 | op=SEND_HEARTBEAT {datanodeUUID=c2ead661-67c6-4a0c-930e-d8556e16a1f1, command=[]} | ret=SUCCESS |  
2019-08-20 05:50:25,366 | INFO  | SCMAudit | user=jenkins1000 | ip=192.168.5.154 | op=SEND_HEARTBEAT {datanodeUUID=ef352f97-736e-4edc-a6c2-ec6abaebdefc, command=[]} | ret=SUCCESS |  
2019-08-20 05:50:25,391 | INFO  | SCMAudit | user=jenkins1000 | ip=192.168.5.154 | op=SEND_HEARTBEAT {datanodeUUID=bde77ea4-41f7-4f4f-90c5-1a3146b1ce11, command=[]} | ret=SUCCESS |  
2019-08-20 05:50:25,478 [EventQueue-StaleNodeForStaleNodeHandler] INFO  node.StaleNodeHandler (StaleNodeHandler.java:onMessage(58)) - Datanode 129b0c42-e6c5-4a3f-b9ab-15ec6d9b24c7{ip: 192.168.5.154, host: trunk-nightly-4t5zk-4039974792, networkLocation: /default-rack, certSerialId: null} moved to stale state. Finalizing its pipelines [PipelineID=7fc934ea-d98e-499a-a7fe-ff4b62139fb3, PipelineID=3130929d-e93b-448a-813c-d2aa38d1b708]
2019-08-20 05:50:25,479 [EventQueue-StaleNodeForStaleNodeHandler] INFO  pipeline.SCMPipelineManager (SCMPipelineManager.java:finalizeAndDestroyPipeline(309)) - destroying pipeline:Pipeline[ Id: 7fc934ea-d98e-499a-a7fe-ff4b62139fb3, Nodes: 129b0c42-e6c5-4a3f-b9ab-15ec6d9b24c7{ip: 192.168.5.154, host: trunk-nightly-4t5zk-4039974792, networkLocation: /default-rack, certSerialId: null}, Type:RATIS, Factor:ONE, State:OPEN]
2019-08-20 05:50:25,482 [EventQueue-StaleNodeForStaleNodeHandler] INFO  pipeline.PipelineStateManager (PipelineStateManager.java:finalizePipeline(123)) - Pipeline Pipeline[ Id: 7fc934ea-d98e-499a-a7fe-ff4b62139fb3, Nodes: 129b0c42-e6c5-4a3f-b9ab-15ec6d9b24c7{ip: 192.168.5.154, host: trunk-nightly-4t5zk-4039974792, networkLocation: /default-rack, certSerialId: null}, Type:RATIS, Factor:ONE, State:CLOSED] moved to CLOSED state
2019-08-20 05:50:25,484 [EventQueue-StaleNodeForStaleNodeHandler] INFO  pipeline.SCMPipelineManager (SCMPipelineManager.java:finalizeAndDestroyPipeline(309)) - destroying pipeline:Pipeline[ Id: 3130929d-e93b-448a-813c-d2aa38d1b708, Nodes: 129b0c42-e6c5-4a3f-b9ab-15ec6d9b24c7{ip: 192.168.5.154, host: trunk-nightly-4t5zk-4039974792, networkLocation: /default-rack, certSerialId: null}c2ead661-67c6-4a0c-930e-d8556e16a1f1{ip: 192.168.5.154, host: trunk-nightly-4t5zk-4039974792, networkLocation: /default-rack, certSerialId: null}bde77ea4-41f7-4f4f-90c5-1a3146b1ce11{ip: 192.168.5.154, host: trunk-nightly-4t5zk-4039974792, networkLocation: /default-rack, certSerialId: null}, Type:RATIS, Factor:THREE, State:OPEN]
2019-08-20 05:50:25,484 [EventQueue-StaleNodeForStaleNodeHandler] INFO  pipeline.PipelineStateManager (PipelineStateManager.java:finalizePipeline(123)) - Pipeline Pipeline[ Id: 3130929d-e93b-448a-813c-d2aa38d1b708, Nodes: 129b0c42-e6c5-4a3f-b9ab-15ec6d9b24c7{ip: 192.168.5.154, host: trunk-nightly-4t5zk-4039974792, networkLocation: /default-rack, certSerialId: null}c2ead661-67c6-4a0c-930e-d8556e16a1f1{ip: 192.168.5.154, host: trunk-nightly-4t5zk-4039974792, networkLocation: /default-rack, certSerialId: null}bde77ea4-41f7-4f4f-90c5-1a3146b1ce11{ip: 192.168.5.154, host: trunk-nightly-4t5zk-4039974792, networkLocation: /default-rack, certSerialId: null}, Type:RATIS, Factor:THREE, State:CLOSED] moved to CLOSED state
2019-08-20 05:50:25,486 [EventQueue-CloseContainerForCloseContainerEventHandler] INFO  container.CloseContainerEventHandler (CloseContainerEventHandler.java:onMessage(61)) - Close container Event triggered for container : #2
2019-08-20 05:50:25,599 | INFO  | SCMAudit | user=jenkins1000 | ip=192.168.5.154 | op=SEND_HEARTBEAT {datanodeUUID=99bf7a5b-8799-4087-9771-2fdfa93aefd9, command=[]} | ret=SUCCESS |  
2019-08-20 05:50:25,684 | INFO  | SCMAudit | user=jenkins1000 | ip=192.168.5.154 | op=SEND_HEARTBEAT {datanodeUUID=3c86acb4-fb04-479e-8fbb-a4233497e8c2, command=[]} | ret=SUCCESS |  
2019-08-20 05:50:25,686 | INFO  | SCMAudit | user=jenkins1000 | ip=192.168.5.154 | op=SEND_HEARTBEAT {datanodeUUID=654d3ff9-9803-426b-8be5-64caf9bb3c5b, command=[]} | ret=SUCCESS |  
2019-08-20 05:50:26,332 | INFO  | SCMAudit | user=jenkins1000 | ip=192.168.5.154 | op=SEND_HEARTBEAT {datanodeUUID=c2ead661-67c6-4a0c-930e-d8556e16a1f1, command=[commandType: closeContainerCommand closeContainerCommandProto { containerID: 2 pipelineID { id: "3130929d-e93b-448a-813c-d2aa38d1b708" } cmdId: 2 force: false } ]} | ret=SUCCESS |  
2019-08-20 05:50:26,366 | INFO  | SCMAudit | user=jenkins1000 | ip=192.168.5.154 | op=SEND_HEARTBEAT {datanodeUUID=ef352f97-736e-4edc-a6c2-ec6abaebdefc, command=[]} | ret=SUCCESS |  
2019-08-20 05:50:26,391 | INFO  | SCMAudit | user=jenkins1000 | ip=192.168.5.154 | op=SEND_HEARTBEAT {datanodeUUID=bde77ea4-41f7-4f4f-90c5-1a3146b1ce11, command=[commandType: closeContainerCommand closeContainerCommandProto { containerID: 2 pipelineID { id: "3130929d-e93b-448a-813c-d2aa38d1b708" } cmdId: 2 force: false } ]} | ret=SUCCESS |  
2019-08-20 05:50:26,599 | INFO  | SCMAudit | user=jenkins1000 | ip=192.168.5.154 | op=SEND_HEARTBEAT {datanodeUUID=99bf7a5b-8799-4087-9771-2fdfa93aefd9, command=[]} | ret=SUCCESS |  
2019-08-20 05:50:26,684 | INFO  | SCMAudit | user=jenkins1000 | ip=192.168.5.154 | op=SEND_HEARTBEAT {datanodeUUID=3c86acb4-fb04-479e-8fbb-a4233497e8c2, command=[]} | ret=SUCCESS |  
2019-08-20 05:50:26,687 | INFO  | SCMAudit | user=jenkins1000 | ip=192.168.5.154 | op=SEND_HEARTBEAT {datanodeUUID=654d3ff9-9803-426b-8be5-64caf9bb3c5b, command=[]} | ret=SUCCESS |  
2019-08-20 05:50:27,296 | INFO  | SCMAudit | user=jenkins1000 | ip=192.168.5.154 | op=SEND_HEARTBEAT {datanodeUUID=c2ead661-67c6-4a0c-930e-d8556e16a1f1, command=[]} | ret=SUCCESS |  
2019-08-20 05:50:27,366 | INFO  | SCMAudit | user=jenkins1000 | ip=192.168.5.154 | op=SEND_HEARTBEAT {datanodeUUID=ef352f97-736e-4edc-a6c2-ec6abaebdefc, command=[]} | ret=SUCCESS |  
2019-08-20 05:50:27,391 | INFO  | SCMAudit | user=jenkins1000 | ip=192.168.5.154 | op=SEND_HEARTBEAT {datanodeUUID=bde77ea4-41f7-4f4f-90c5-1a3146b1ce11, command=[]} | ret=SUCCESS |  
2019-08-20 05:50:27,591 [main] INFO  ozoneimpl.OzoneContainer (OzoneContainer.java:stop(199)) - Attempting to stop container services.
2019-08-20 05:50:27,592 [main] INFO  impl.RaftServerProxy (RaftServerProxy.java:lambda$close$4(314)) - 129b0c42-e6c5-4a3f-b9ab-15ec6d9b24c7: close
2019-08-20 05:50:27,594 [main] INFO  impl.RaftServerImpl (RaftServerImpl.java:lambda$shutdown$3(245)) - 129b0c42-e6c5-4a3f-b9ab-15ec6d9b24c7: shutdown group-FF4B62139FB3
2019-08-20 05:50:27,594 [main] INFO  util.JmxRegister (JmxRegister.java:unregister(73)) - Successfully un-registered JMX Bean with object name Ratis:service=RaftServer,group=group-FF4B62139FB3,id=129b0c42-e6c5-4a3f-b9ab-15ec6d9b24c7
2019-08-20 05:50:27,595 [main] INFO  impl.RoleInfo (RoleInfo.java:shutdownLeaderState(104)) - 129b0c42-e6c5-4a3f-b9ab-15ec6d9b24c7: shutdown LeaderState
2019-08-20 05:50:27,595 [main] INFO  impl.PendingRequests (PendingRequests.java:sendNotLeaderResponses(202)) - 129b0c42-e6c5-4a3f-b9ab-15ec6d9b24c7-PendingRequests: sendNotLeaderResponses
2019-08-20 05:50:27,597 [main] INFO  impl.StateMachineUpdater (StateMachineUpdater.java:stopAndJoin(115)) - StateMachineUpdater:129b0c42-e6c5-4a3f-b9ab-15ec6d9b24c7:group-FF4B62139FB3: set stopIndex = 0
2019-08-20 05:50:27,598 [main] INFO  impl.RaftServerImpl (ServerState.java:close(394)) - 129b0c42-e6c5-4a3f-b9ab-15ec6d9b24c7:group-FF4B62139FB3 closes. The last applied log index is 0
2019-08-20 05:50:27,599 | INFO  | SCMAudit | user=jenkins1000 | ip=192.168.5.154 | op=SEND_HEARTBEAT {datanodeUUID=99bf7a5b-8799-4087-9771-2fdfa93aefd9, command=[]} | ret=SUCCESS |  
2019-08-20 05:50:27,600 [129b0c42-e6c5-4a3f-b9ab-15ec6d9b24c7-SegmentedRaftLogWorker:Storage Directory /workdir/hadoop-ozone/integration-test/target/test-dir/MiniOzoneClusterImpl-d637330b-d419-40bf-a687-d940784151bf/datanode-5/data/ratis/7fc934ea-d98e-499a-a7fe-ff4b62139fb3] INFO  segmented.SegmentedRaftLogWorker (SegmentedRaftLogWorker.java:run(313)) - 129b0c42-e6c5-4a3f-b9ab-15ec6d9b24c7-SegmentedRaftLogWorker:Storage Directory /workdir/hadoop-ozone/integration-test/target/test-dir/MiniOzoneClusterImpl-d637330b-d419-40bf-a687-d940784151bf/datanode-5/data/ratis/7fc934ea-d98e-499a-a7fe-ff4b62139fb3 was interrupted, exiting. There are 0 tasks remaining in the queue.
2019-08-20 05:50:27,604 [main] INFO  segmented.SegmentedRaftLogWorker (SegmentedRaftLogWorker.java:close(228)) - 129b0c42-e6c5-4a3f-b9ab-15ec6d9b24c7-SegmentedRaftLogWorker:Storage Directory /workdir/hadoop-ozone/integration-test/target/test-dir/MiniOzoneClusterImpl-d637330b-d419-40bf-a687-d940784151bf/datanode-5/data/ratis/7fc934ea-d98e-499a-a7fe-ff4b62139fb3 close()
2019-08-20 05:50:27,609 [main] INFO  impl.RaftServerImpl (RaftServerImpl.java:lambda$shutdown$3(245)) - 129b0c42-e6c5-4a3f-b9ab-15ec6d9b24c7: shutdown group-D2AA38D1B708
2019-08-20 05:50:27,609 [main] INFO  util.JmxRegister (JmxRegister.java:unregister(73)) - Successfully un-registered JMX Bean with object name Ratis:service=RaftServer,group=group-D2AA38D1B708,id=129b0c42-e6c5-4a3f-b9ab-15ec6d9b24c7
2019-08-20 05:50:27,609 [main] INFO  impl.RoleInfo (RoleInfo.java:shutdownFollowerState(121)) - 129b0c42-e6c5-4a3f-b9ab-15ec6d9b24c7: shutdown FollowerState
2019-08-20 05:50:27,609 [main] INFO  impl.StateMachineUpdater (StateMachineUpdater.java:stopAndJoin(115)) - StateMachineUpdater:129b0c42-e6c5-4a3f-b9ab-15ec6d9b24c7:group-D2AA38D1B708: set stopIndex = 7
2019-08-20 05:50:27,610 [Thread-387] INFO  impl.FollowerState (FollowerState.java:run(114)) - 129b0c42-e6c5-4a3f-b9ab-15ec6d9b24c7: FollowerState was interrupted: java.lang.InterruptedException: sleep interrupted
2019-08-20 05:50:27,610 [StateMachineUpdater:129b0c42-e6c5-4a3f-b9ab-15ec6d9b24c7:group-D2AA38D1B708] INFO  ratis.ContainerStateMachine (ContainerStateMachine.java:takeSnapshot(271)) - group-D2AA38D1B708: Taking a snapshot at:(t:2, i:6) file /workdir/hadoop-ozone/integration-test/target/test-dir/MiniOzoneClusterImpl-d637330b-d419-40bf-a687-d940784151bf/datanode-5/data/ratis/3130929d-e93b-448a-813c-d2aa38d1b708/sm/snapshot.2_6
2019-08-20 05:50:27,642 [StateMachineUpdater:129b0c42-e6c5-4a3f-b9ab-15ec6d9b24c7:group-D2AA38D1B708] INFO  ratis.ContainerStateMachine (ContainerStateMachine.java:takeSnapshot(282)) - group-D2AA38D1B708: Finished taking a snapshot at:(t:2, i:6) file:/workdir/hadoop-ozone/integration-test/target/test-dir/MiniOzoneClusterImpl-d637330b-d419-40bf-a687-d940784151bf/datanode-5/data/ratis/3130929d-e93b-448a-813c-d2aa38d1b708/sm/snapshot.2_6 time:32
2019-08-20 05:50:27,642 [StateMachineUpdater:129b0c42-e6c5-4a3f-b9ab-15ec6d9b24c7:group-D2AA38D1B708] INFO  impl.StateMachineUpdater (StateMachineUpdater.java:takeSnapshot(242)) - StateMachineUpdater:129b0c42-e6c5-4a3f-b9ab-15ec6d9b24c7:group-D2AA38D1B708: Took a snapshot at index 6
2019-08-20 05:50:27,644 [StateMachineUpdater:129b0c42-e6c5-4a3f-b9ab-15ec6d9b24c7:group-D2AA38D1B708] INFO  impl.StateMachineUpdater (StateMachineUpdater.java:lambda$new$0(80)) - StateMachineUpdater:129b0c42-e6c5-4a3f-b9ab-15ec6d9b24c7:group-D2AA38D1B708: snapshotIndex: updateIncreasingly -1 -> 6
2019-08-20 05:50:27,649 [main] INFO  impl.RaftServerImpl (ServerState.java:close(394)) - 129b0c42-e6c5-4a3f-b9ab-15ec6d9b24c7:group-D2AA38D1B708 closes. The last applied log index is 7
2019-08-20 05:50:27,650 [129b0c42-e6c5-4a3f-b9ab-15ec6d9b24c7-SegmentedRaftLogWorker:Storage Directory /workdir/hadoop-ozone/integration-test/target/test-dir/MiniOzoneClusterImpl-d637330b-d419-40bf-a687-d940784151bf/datanode-5/data/ratis/3130929d-e93b-448a-813c-d2aa38d1b708] INFO  segmented.SegmentedRaftLogWorker (SegmentedRaftLogWorker.java:run(313)) - 129b0c42-e6c5-4a3f-b9ab-15ec6d9b24c7-SegmentedRaftLogWorker:Storage Directory /workdir/hadoop-ozone/integration-test/target/test-dir/MiniOzoneClusterImpl-d637330b-d419-40bf-a687-d940784151bf/datanode-5/data/ratis/3130929d-e93b-448a-813c-d2aa38d1b708 was interrupted, exiting. There are 0 tasks remaining in the queue.
2019-08-20 05:50:27,653 [main] INFO  segmented.SegmentedRaftLogWorker (SegmentedRaftLogWorker.java:close(228)) - 129b0c42-e6c5-4a3f-b9ab-15ec6d9b24c7-SegmentedRaftLogWorker:Storage Directory /workdir/hadoop-ozone/integration-test/target/test-dir/MiniOzoneClusterImpl-d637330b-d419-40bf-a687-d940784151bf/datanode-5/data/ratis/3130929d-e93b-448a-813c-d2aa38d1b708 close()
2019-08-20 05:50:27,658 [main] INFO  server.GrpcService (GrpcService.java:closeImpl(155)) - 129b0c42-e6c5-4a3f-b9ab-15ec6d9b24c7: shutdown server with port 35148 now
2019-08-20 05:50:27,668 [main] INFO  server.GrpcService (GrpcService.java:closeImpl(163)) - 129b0c42-e6c5-4a3f-b9ab-15ec6d9b24c7: shutdown server with port 35148 successfully
2019-08-20 05:50:27,669 [grpc-default-executor-3] WARN  server.GrpcServerProtocolService (LogUtils.java:warn(134)) - 129b0c42-e6c5-4a3f-b9ab-15ec6d9b24c7: appendEntries onError: org.apache.ratis.thirdparty.io.grpc.StatusRuntimeException: CANCELLED: cancelled before receiving half close
2019-08-20 05:50:27,672 [grpc-default-executor-3] WARN  server.GrpcLogAppender (LogUtils.java:warn(134)) - c2ead661-67c6-4a0c-930e-d8556e16a1f1->129b0c42-e6c5-4a3f-b9ab-15ec6d9b24c7: Failed appendEntries: org.apache.ratis.thirdparty.io.grpc.StatusRuntimeException: CANCELLED: HTTP/2 error code: CANCEL
Received Rst Stream
2019-08-20 05:50:27,675 [main] INFO  utils.BackgroundService (BackgroundService.java:shutdown(148)) - Shutting down service BlockDeletingService
2019-08-20 05:50:27,677 [grpc-default-executor-3] INFO  impl.FollowerInfo (FollowerInfo.java:lambda$new$0(50)) - c2ead661-67c6-4a0c-930e-d8556e16a1f1->129b0c42-e6c5-4a3f-b9ab-15ec6d9b24c7: nextIndex: updateUnconditionally 8 -> 7
2019-08-20 05:50:27,678 [refreshUsed-/workdir/hadoop-ozone/integration-test/target/test-dir/MiniOzoneClusterImpl-d637330b-d419-40bf-a687-d940784151bf/datanode-5/data/containers] WARN  fs.CachingGetSpaceUsed (CachingGetSpaceUsed.java:run(183)) - Thread Interrupted waiting to refresh disk information: sleep interrupted
2019-08-20 05:50:27,684 | INFO  | SCMAudit | user=jenkins1000 | ip=192.168.5.154 | op=SEND_HEARTBEAT {datanodeUUID=3c86acb4-fb04-479e-8fbb-a4233497e8c2, command=[]} | ret=SUCCESS |  
2019-08-20 05:50:27,687 | INFO  | SCMAudit | user=jenkins1000 | ip=192.168.5.154 | op=SEND_HEARTBEAT {datanodeUUID=654d3ff9-9803-426b-8be5-64caf9bb3c5b, command=[]} | ret=SUCCESS |  
2019-08-20 05:50:27,706 [main] INFO  statemachine.DatanodeStateMachine (DatanodeStateMachine.java:stopDaemon(395)) - Ozone container server stopped.
2019-08-20 05:50:27,713 [main] INFO  handler.ContextHandler (ContextHandler.java:doStop(910)) - Stopped o.e.j.w.WebAppContext@62e73ab6{/,null,UNAVAILABLE}{/hddsDatanode}
2019-08-20 05:50:27,720 [main] INFO  server.AbstractConnector (AbstractConnector.java:doStop(318)) - Stopped ServerConnector@5d7f8467{HTTP/1.1,[http/1.1]}{0.0.0.0:0}
2019-08-20 05:50:27,721 [main] INFO  handler.ContextHandler (ContextHandler.java:doStop(910)) - Stopped o.e.j.s.ServletContextHandler@7ac48f05{/static,jar:file:/home/user/.m2/repository/org/apache/hadoop/hadoop-hdds-container-service/0.5.0-SNAPSHOT/hadoop-hdds-container-service-0.5.0-SNAPSHOT.jar!/webapps/static,UNAVAILABLE}
2019-08-20 05:50:27,721 [main] INFO  handler.ContextHandler (ContextHandler.java:doStop(910)) - Stopped o.e.j.s.ServletContextHandler@33bdd01{/logs,file:///workdir/hadoop-ozone/integration-test/target/log,UNAVAILABLE}
2019-08-20 05:50:27,724 [main] INFO  datanode.ObjectStoreHandler (ObjectStoreHandler.java:close(155)) - Closing ObjectStoreHandler.
2019-08-20 05:50:27,725 [main] INFO  ozone.HddsDatanodeService (HddsDatanodeService.java:stop(451)) - Stopped plug-in org.apache.hadoop.ozone.web.OzoneHddsDatanodeService@a1691c0
2019-08-20 05:50:28,294 [Datanode State Machine Thread - 0] INFO  statemachine.DatanodeStateMachine (DatanodeStateMachine.java:lambda$startDaemon$0(350)) - Ozone container server started.
2019-08-20 05:50:28,366 | INFO  | SCMAudit | user=jenkins1000 | ip=192.168.5.154 | op=SEND_HEARTBEAT {datanodeUUID=ef352f97-736e-4edc-a6c2-ec6abaebdefc, command=[]} | ret=SUCCESS |  
2019-08-20 05:50:28,390 | INFO  | SCMAudit | user=jenkins1000 | ip=192.168.5.154 | op=SEND_HEARTBEAT {datanodeUUID=bde77ea4-41f7-4f4f-90c5-1a3146b1ce11, command=[]} | ret=SUCCESS |  
2019-08-20 05:50:28,411 | INFO  | SCMAudit | user=jenkins1000 | ip=192.168.5.154 | op=SEND_HEARTBEAT {datanodeUUID=bde77ea4-41f7-4f4f-90c5-1a3146b1ce11, command=[]} | ret=SUCCESS |  
2019-08-20 05:50:28,599 | INFO  | SCMAudit | user=jenkins1000 | ip=192.168.5.154 | op=SEND_HEARTBEAT {datanodeUUID=99bf7a5b-8799-4087-9771-2fdfa93aefd9, command=[]} | ret=SUCCESS |  
2019-08-20 05:50:28,684 | INFO  | SCMAudit | user=jenkins1000 | ip=192.168.5.154 | op=SEND_HEARTBEAT {datanodeUUID=3c86acb4-fb04-479e-8fbb-a4233497e8c2, command=[]} | ret=SUCCESS |  
2019-08-20 05:50:28,688 | INFO  | SCMAudit | user=jenkins1000 | ip=192.168.5.154 | op=SEND_HEARTBEAT {datanodeUUID=654d3ff9-9803-426b-8be5-64caf9bb3c5b, command=[]} | ret=SUCCESS |  
2019-08-20 05:50:29,366 | INFO  | SCMAudit | user=jenkins1000 | ip=192.168.5.154 | op=SEND_HEARTBEAT {datanodeUUID=ef352f97-736e-4edc-a6c2-ec6abaebdefc, command=[]} | ret=SUCCESS |  
2019-08-20 05:50:29,411 | INFO  | SCMAudit | user=jenkins1000 | ip=192.168.5.154 | op=SEND_HEARTBEAT {datanodeUUID=bde77ea4-41f7-4f4f-90c5-1a3146b1ce11, command=[]} | ret=SUCCESS |  
2019-08-20 05:50:29,600 | INFO  | SCMAudit | user=jenkins1000 | ip=192.168.5.154 | op=SEND_HEARTBEAT {datanodeUUID=99bf7a5b-8799-4087-9771-2fdfa93aefd9, command=[]} | ret=SUCCESS |  
2019-08-20 05:50:29,684 | INFO  | SCMAudit | user=jenkins1000 | ip=192.168.5.154 | op=SEND_HEARTBEAT {datanodeUUID=3c86acb4-fb04-479e-8fbb-a4233497e8c2, command=[]} | ret=SUCCESS |  
2019-08-20 05:50:29,688 | INFO  | SCMAudit | user=jenkins1000 | ip=192.168.5.154 | op=SEND_HEARTBEAT {datanodeUUID=654d3ff9-9803-426b-8be5-64caf9bb3c5b, command=[]} | ret=SUCCESS |  
2019-08-20 05:50:30,013 [grpc-default-executor-1] WARN  server.GrpcLogAppender (LogUtils.java:warn(134)) - c2ead661-67c6-4a0c-930e-d8556e16a1f1->129b0c42-e6c5-4a3f-b9ab-15ec6d9b24c7: Failed appendEntries: org.apache.ratis.thirdparty.io.grpc.StatusRuntimeException: UNAVAILABLE: io exception
2019-08-20 05:50:30,018 [grpc-default-executor-1] INFO  impl.FollowerInfo (FollowerInfo.java:lambda$new$0(50)) - c2ead661-67c6-4a0c-930e-d8556e16a1f1->129b0c42-e6c5-4a3f-b9ab-15ec6d9b24c7: nextIndex: updateUnconditionally 7 -> 6
2019-08-20 05:50:30,366 | INFO  | SCMAudit | user=jenkins1000 | ip=192.168.5.154 | op=SEND_HEARTBEAT {datanodeUUID=ef352f97-736e-4edc-a6c2-ec6abaebdefc, command=[]} | ret=SUCCESS |  
2019-08-20 05:50:30,387 [EventQueue-StaleNodeForStaleNodeHandler] INFO  node.StaleNodeHandler (StaleNodeHandler.java:onMessage(58)) - Datanode c2ead661-67c6-4a0c-930e-d8556e16a1f1{ip: 192.168.5.154, host: trunk-nightly-4t5zk-4039974792, networkLocation: /default-rack, certSerialId: null} moved to stale state. Finalizing its pipelines [PipelineID=f1d27d04-fe0c-450d-aa54-87f76b469110, PipelineID=3130929d-e93b-448a-813c-d2aa38d1b708]
2019-08-20 05:50:30,387 [EventQueue-StaleNodeForStaleNodeHandler] INFO  pipeline.SCMPipelineManager (SCMPipelineManager.java:finalizeAndDestroyPipeline(309)) - destroying pipeline:Pipeline[ Id: f1d27d04-fe0c-450d-aa54-87f76b469110, Nodes: c2ead661-67c6-4a0c-930e-d8556e16a1f1{ip: 192.168.5.154, host: trunk-nightly-4t5zk-4039974792, networkLocation: /default-rack, certSerialId: null}, Type:RATIS, Factor:ONE, State:OPEN]
2019-08-20 05:50:30,387 [EventQueue-StaleNodeForStaleNodeHandler] INFO  pipeline.PipelineStateManager (PipelineStateManager.java:finalizePipeline(123)) - Pipeline Pipeline[ Id: f1d27d04-fe0c-450d-aa54-87f76b469110, Nodes: c2ead661-67c6-4a0c-930e-d8556e16a1f1{ip: 192.168.5.154, host: trunk-nightly-4t5zk-4039974792, networkLocation: /default-rack, certSerialId: null}, Type:RATIS, Factor:ONE, State:CLOSED] moved to CLOSED state
2019-08-20 05:50:30,388 [EventQueue-StaleNodeForStaleNodeHandler] INFO  pipeline.SCMPipelineManager (SCMPipelineManager.java:finalizeAndDestroyPipeline(309)) - destroying pipeline:Pipeline[ Id: 3130929d-e93b-448a-813c-d2aa38d1b708, Nodes: 129b0c42-e6c5-4a3f-b9ab-15ec6d9b24c7{ip: 192.168.5.154, host: trunk-nightly-4t5zk-4039974792, networkLocation: /default-rack, certSerialId: null}c2ead661-67c6-4a0c-930e-d8556e16a1f1{ip: 192.168.5.154, host: trunk-nightly-4t5zk-4039974792, networkLocation: /default-rack, certSerialId: null}bde77ea4-41f7-4f4f-90c5-1a3146b1ce11{ip: 192.168.5.154, host: trunk-nightly-4t5zk-4039974792, networkLocation: /default-rack, certSerialId: null}, Type:RATIS, Factor:THREE, State:CLOSED]
2019-08-20 05:50:30,412 | INFO  | SCMAudit | user=jenkins1000 | ip=192.168.5.154 | op=SEND_HEARTBEAT {datanodeUUID=bde77ea4-41f7-4f4f-90c5-1a3146b1ce11, command=[]} | ret=SUCCESS |  
2019-08-20 05:50:30,600 | INFO  | SCMAudit | user=jenkins1000 | ip=192.168.5.154 | op=SEND_HEARTBEAT {datanodeUUID=99bf7a5b-8799-4087-9771-2fdfa93aefd9, command=[]} | ret=SUCCESS |  
2019-08-20 05:50:30,685 | INFO  | SCMAudit | user=jenkins1000 | ip=192.168.5.154 | op=SEND_HEARTBEAT {datanodeUUID=3c86acb4-fb04-479e-8fbb-a4233497e8c2, command=[]} | ret=SUCCESS |  
2019-08-20 05:50:30,688 | INFO  | SCMAudit | user=jenkins1000 | ip=192.168.5.154 | op=SEND_HEARTBEAT {datanodeUUID=654d3ff9-9803-426b-8be5-64caf9bb3c5b, command=[]} | ret=SUCCESS |  
2019-08-20 05:50:31,366 | INFO  | SCMAudit | user=jenkins1000 | ip=192.168.5.154 | op=SEND_HEARTBEAT {datanodeUUID=ef352f97-736e-4edc-a6c2-ec6abaebdefc, command=[]} | ret=SUCCESS |  
2019-08-20 05:50:31,411 | INFO  | SCMAudit | user=jenkins1000 | ip=192.168.5.154 | op=SEND_HEARTBEAT {datanodeUUID=bde77ea4-41f7-4f4f-90c5-1a3146b1ce11, command=[]} | ret=SUCCESS |  
2019-08-20 05:50:31,600 | INFO  | SCMAudit | user=jenkins1000 | ip=192.168.5.154 | op=SEND_HEARTBEAT {datanodeUUID=99bf7a5b-8799-4087-9771-2fdfa93aefd9, command=[]} | ret=SUCCESS |  
2019-08-20 05:50:31,685 | INFO  | SCMAudit | user=jenkins1000 | ip=192.168.5.154 | op=SEND_HEARTBEAT {datanodeUUID=3c86acb4-fb04-479e-8fbb-a4233497e8c2, command=[]} | ret=SUCCESS |  
2019-08-20 05:50:31,687 | INFO  | SCMAudit | user=jenkins1000 | ip=192.168.5.154 | op=SEND_HEARTBEAT {datanodeUUID=654d3ff9-9803-426b-8be5-64caf9bb3c5b, command=[]} | ret=SUCCESS |  
2019-08-20 05:50:32,366 | INFO  | SCMAudit | user=jenkins1000 | ip=192.168.5.154 | op=SEND_HEARTBEAT {datanodeUUID=ef352f97-736e-4edc-a6c2-ec6abaebdefc, command=[]} | ret=SUCCESS |  
2019-08-20 05:50:32,411 | INFO  | SCMAudit | user=jenkins1000 | ip=192.168.5.154 | op=SEND_HEARTBEAT {datanodeUUID=bde77ea4-41f7-4f4f-90c5-1a3146b1ce11, command=[]} | ret=SUCCESS |  
2019-08-20 05:50:32,506 [grpc-default-executor-0] WARN  server.GrpcLogAppender (LogUtils.java:warn(134)) - c2ead661-67c6-4a0c-930e-d8556e16a1f1->129b0c42-e6c5-4a3f-b9ab-15ec6d9b24c7: Failed appendEntries: org.apache.ratis.thirdparty.io.grpc.StatusRuntimeException: UNAVAILABLE: io exception
2019-08-20 05:50:32,508 [grpc-default-executor-0] INFO  impl.FollowerInfo (FollowerInfo.java:lambda$new$0(50)) - c2ead661-67c6-4a0c-930e-d8556e16a1f1->129b0c42-e6c5-4a3f-b9ab-15ec6d9b24c7: nextIndex: updateUnconditionally 6 -> 5
2019-08-20 05:50:32,600 | INFO  | SCMAudit | user=jenkins1000 | ip=192.168.5.154 | op=SEND_HEARTBEAT {datanodeUUID=99bf7a5b-8799-4087-9771-2fdfa93aefd9, command=[]} | ret=SUCCESS |  
2019-08-20 05:50:32,685 | INFO  | SCMAudit | user=jenkins1000 | ip=192.168.5.154 | op=SEND_HEARTBEAT {datanodeUUID=3c86acb4-fb04-479e-8fbb-a4233497e8c2, command=[]} | ret=SUCCESS |  
2019-08-20 05:50:32,687 | INFO  | SCMAudit | user=jenkins1000 | ip=192.168.5.154 | op=SEND_HEARTBEAT {datanodeUUID=654d3ff9-9803-426b-8be5-64caf9bb3c5b, command=[]} | ret=SUCCESS |  
2019-08-20 05:50:32,726 [main] INFO  ozoneimpl.OzoneContainer (OzoneContainer.java:stop(199)) - Attempting to stop container services.
2019-08-20 05:50:32,726 [main] INFO  impl.RaftServerProxy (RaftServerProxy.java:lambda$close$4(314)) - c2ead661-67c6-4a0c-930e-d8556e16a1f1: close
2019-08-20 05:50:32,727 [main] INFO  impl.RaftServerImpl (RaftServerImpl.java:lambda$shutdown$3(245)) - c2ead661-67c6-4a0c-930e-d8556e16a1f1: shutdown group-87F76B469110
2019-08-20 05:50:32,728 [main] INFO  util.JmxRegister (JmxRegister.java:unregister(73)) - Successfully un-registered JMX Bean with object name Ratis:service=RaftServer,group=group-87F76B469110,id=c2ead661-67c6-4a0c-930e-d8556e16a1f1
2019-08-20 05:50:32,728 [main] INFO  impl.RoleInfo (RoleInfo.java:shutdownLeaderState(104)) - c2ead661-67c6-4a0c-930e-d8556e16a1f1: shutdown LeaderState
2019-08-20 05:50:32,729 [main] INFO  impl.PendingRequests (PendingRequests.java:sendNotLeaderResponses(202)) - c2ead661-67c6-4a0c-930e-d8556e16a1f1-PendingRequests: sendNotLeaderResponses
2019-08-20 05:50:32,729 [main] INFO  impl.StateMachineUpdater (StateMachineUpdater.java:stopAndJoin(115)) - StateMachineUpdater:c2ead661-67c6-4a0c-930e-d8556e16a1f1:group-87F76B469110: set stopIndex = 0
2019-08-20 05:50:32,730 [main] INFO  impl.RaftServerImpl (ServerState.java:close(394)) - c2ead661-67c6-4a0c-930e-d8556e16a1f1:group-87F76B469110 closes. The last applied log index is 0
2019-08-20 05:50:32,730 [c2ead661-67c6-4a0c-930e-d8556e16a1f1-SegmentedRaftLogWorker:Storage Directory /workdir/hadoop-ozone/integration-test/target/test-dir/MiniOzoneClusterImpl-d637330b-d419-40bf-a687-d940784151bf/datanode-0/data/ratis/f1d27d04-fe0c-450d-aa54-87f76b469110] INFO  segmented.SegmentedRaftLogWorker (SegmentedRaftLogWorker.java:run(313)) - c2ead661-67c6-4a0c-930e-d8556e16a1f1-SegmentedRaftLogWorker:Storage Directory /workdir/hadoop-ozone/integration-test/target/test-dir/MiniOzoneClusterImpl-d637330b-d419-40bf-a687-d940784151bf/datanode-0/data/ratis/f1d27d04-fe0c-450d-aa54-87f76b469110 was interrupted, exiting. There are 0 tasks remaining in the queue.
2019-08-20 05:50:32,733 [main] INFO  segmented.SegmentedRaftLogWorker (SegmentedRaftLogWorker.java:close(228)) - c2ead661-67c6-4a0c-930e-d8556e16a1f1-SegmentedRaftLogWorker:Storage Directory /workdir/hadoop-ozone/integration-test/target/test-dir/MiniOzoneClusterImpl-d637330b-d419-40bf-a687-d940784151bf/datanode-0/data/ratis/f1d27d04-fe0c-450d-aa54-87f76b469110 close()
2019-08-20 05:50:32,737 [main] INFO  impl.RaftServerImpl (RaftServerImpl.java:lambda$shutdown$3(245)) - c2ead661-67c6-4a0c-930e-d8556e16a1f1: shutdown group-D2AA38D1B708
2019-08-20 05:50:32,738 [main] INFO  util.JmxRegister (JmxRegister.java:unregister(73)) - Successfully un-registered JMX Bean with object name Ratis:service=RaftServer,group=group-D2AA38D1B708,id=c2ead661-67c6-4a0c-930e-d8556e16a1f1
2019-08-20 05:50:32,738 [main] INFO  impl.RoleInfo (RoleInfo.java:shutdownLeaderState(104)) - c2ead661-67c6-4a0c-930e-d8556e16a1f1: shutdown LeaderState
2019-08-20 05:50:32,742 [main] INFO  impl.PendingRequests (PendingRequests.java:sendNotLeaderResponses(202)) - c2ead661-67c6-4a0c-930e-d8556e16a1f1-PendingRequests: sendNotLeaderResponses
2019-08-20 05:50:32,742 [org.apache.ratis.server.impl.LogAppender$AppenderDaemon$$Lambda$440/1973663443@7814c190] WARN  server.GrpcLogAppender (GrpcLogAppender.java:mayWait(143)) - GrpcLogAppender(c2ead661-67c6-4a0c-930e-d8556e16a1f1->bde77ea4-41f7-4f4f-90c5-1a3146b1ce11): Wait interrupted by java.lang.InterruptedException
2019-08-20 05:50:32,742 [org.apache.ratis.server.impl.LogAppender$AppenderDaemon$$Lambda$440/1973663443@3d1650f6] WARN  server.GrpcLogAppender (GrpcLogAppender.java:mayWait(143)) - GrpcLogAppender(c2ead661-67c6-4a0c-930e-d8556e16a1f1->129b0c42-e6c5-4a3f-b9ab-15ec6d9b24c7): Wait interrupted by java.lang.InterruptedException
2019-08-20 05:50:32,748 [grpc-default-executor-0] INFO  server.GrpcServerProtocolService (GrpcServerProtocolService.java:onCompleted(104)) - bde77ea4-41f7-4f4f-90c5-1a3146b1ce11: appendEntries completed
2019-08-20 05:50:32,754 [grpc-default-executor-0] INFO  server.GrpcLogAppender (GrpcLogAppender.java:onCompleted(292)) - c2ead661-67c6-4a0c-930e-d8556e16a1f1->bde77ea4-41f7-4f4f-90c5-1a3146b1ce11: follower responses appendEntries COMPLETED
2019-08-20 05:50:32,756 [grpc-default-executor-0] INFO  impl.FollowerInfo (FollowerInfo.java:lambda$new$0(50)) - c2ead661-67c6-4a0c-930e-d8556e16a1f1->bde77ea4-41f7-4f4f-90c5-1a3146b1ce11: nextIndex: updateUnconditionally 8 -> 7
2019-08-20 05:50:32,760 [main] INFO  impl.StateMachineUpdater (StateMachineUpdater.java:stopAndJoin(115)) - StateMachineUpdater:c2ead661-67c6-4a0c-930e-d8556e16a1f1:group-D2AA38D1B708: set stopIndex = 7
2019-08-20 05:50:32,760 [StateMachineUpdater:c2ead661-67c6-4a0c-930e-d8556e16a1f1:group-D2AA38D1B708] INFO  ratis.ContainerStateMachine (ContainerStateMachine.java:takeSnapshot(271)) - group-D2AA38D1B708: Taking a snapshot at:(t:2, i:7) file /workdir/hadoop-ozone/integration-test/target/test-dir/MiniOzoneClusterImpl-d637330b-d419-40bf-a687-d940784151bf/datanode-0/data/ratis/3130929d-e93b-448a-813c-d2aa38d1b708/sm/snapshot.2_7
2019-08-20 05:50:32,776 [StateMachineUpdater:c2ead661-67c6-4a0c-930e-d8556e16a1f1:group-D2AA38D1B708] INFO  ratis.ContainerStateMachine (ContainerStateMachine.java:takeSnapshot(282)) - group-D2AA38D1B708: Finished taking a snapshot at:(t:2, i:7) file:/workdir/hadoop-ozone/integration-test/target/test-dir/MiniOzoneClusterImpl-d637330b-d419-40bf-a687-d940784151bf/datanode-0/data/ratis/3130929d-e93b-448a-813c-d2aa38d1b708/sm/snapshot.2_7 time:16
2019-08-20 05:50:32,776 [StateMachineUpdater:c2ead661-67c6-4a0c-930e-d8556e16a1f1:group-D2AA38D1B708] INFO  impl.StateMachineUpdater (StateMachineUpdater.java:takeSnapshot(242)) - StateMachineUpdater:c2ead661-67c6-4a0c-930e-d8556e16a1f1:group-D2AA38D1B708: Took a snapshot at index 7
2019-08-20 05:50:32,776 [StateMachineUpdater:c2ead661-67c6-4a0c-930e-d8556e16a1f1:group-D2AA38D1B708] INFO  impl.StateMachineUpdater (StateMachineUpdater.java:lambda$new$0(80)) - StateMachineUpdater:c2ead661-67c6-4a0c-930e-d8556e16a1f1:group-D2AA38D1B708: snapshotIndex: updateIncreasingly -1 -> 7
2019-08-20 05:50:32,777 [main] INFO  impl.RaftServerImpl (ServerState.java:close(394)) - c2ead661-67c6-4a0c-930e-d8556e16a1f1:group-D2AA38D1B708 closes. The last applied log index is 7
2019-08-20 05:50:32,777 [c2ead661-67c6-4a0c-930e-d8556e16a1f1-SegmentedRaftLogWorker:Storage Directory /workdir/hadoop-ozone/integration-test/target/test-dir/MiniOzoneClusterImpl-d637330b-d419-40bf-a687-d940784151bf/datanode-0/data/ratis/3130929d-e93b-448a-813c-d2aa38d1b708] INFO  segmented.SegmentedRaftLogWorker (SegmentedRaftLogWorker.java:run(313)) - c2ead661-67c6-4a0c-930e-d8556e16a1f1-SegmentedRaftLogWorker:Storage Directory /workdir/hadoop-ozone/integration-test/target/test-dir/MiniOzoneClusterImpl-d637330b-d419-40bf-a687-d940784151bf/datanode-0/data/ratis/3130929d-e93b-448a-813c-d2aa38d1b708 was interrupted, exiting. There are 0 tasks remaining in the queue.
2019-08-20 05:50:32,781 [main] INFO  segmented.SegmentedRaftLogWorker (SegmentedRaftLogWorker.java:close(228)) - c2ead661-67c6-4a0c-930e-d8556e16a1f1-SegmentedRaftLogWorker:Storage Directory /workdir/hadoop-ozone/integration-test/target/test-dir/MiniOzoneClusterImpl-d637330b-d419-40bf-a687-d940784151bf/datanode-0/data/ratis/3130929d-e93b-448a-813c-d2aa38d1b708 close()
2019-08-20 05:50:32,786 [main] INFO  server.GrpcService (GrpcService.java:closeImpl(155)) - c2ead661-67c6-4a0c-930e-d8556e16a1f1: shutdown server with port 46867 now
2019-08-20 05:50:32,787 [main] INFO  server.GrpcService (GrpcService.java:closeImpl(163)) - c2ead661-67c6-4a0c-930e-d8556e16a1f1: shutdown server with port 46867 successfully
2019-08-20 05:50:32,790 [main] INFO  utils.BackgroundService (BackgroundService.java:shutdown(148)) - Shutting down service BlockDeletingService
2019-08-20 05:50:32,792 [refreshUsed-/workdir/hadoop-ozone/integration-test/target/test-dir/MiniOzoneClusterImpl-d637330b-d419-40bf-a687-d940784151bf/datanode-0/data/containers] WARN  fs.CachingGetSpaceUsed (CachingGetSpaceUsed.java:run(183)) - Thread Interrupted waiting to refresh disk information: sleep interrupted
2019-08-20 05:50:32,821 [main] INFO  statemachine.DatanodeStateMachine (DatanodeStateMachine.java:stopDaemon(395)) - Ozone container server stopped.
2019-08-20 05:50:32,823 [main] INFO  handler.ContextHandler (ContextHandler.java:doStop(910)) - Stopped o.e.j.w.WebAppContext@4dba773d{/,null,UNAVAILABLE}{/hddsDatanode}
2019-08-20 05:50:32,824 [main] INFO  server.AbstractConnector (AbstractConnector.java:doStop(318)) - Stopped ServerConnector@1d9bd4da{HTTP/1.1,[http/1.1]}{0.0.0.0:0}
2019-08-20 05:50:32,824 [main] INFO  handler.ContextHandler (ContextHandler.java:doStop(910)) - Stopped o.e.j.s.ServletContextHandler@6a1d3225{/static,jar:file:/home/user/.m2/repository/org/apache/hadoop/hadoop-hdds-container-service/0.5.0-SNAPSHOT/hadoop-hdds-container-service-0.5.0-SNAPSHOT.jar!/webapps/static,UNAVAILABLE}
2019-08-20 05:50:32,824 [main] INFO  handler.ContextHandler (ContextHandler.java:doStop(910)) - Stopped o.e.j.s.ServletContextHandler@1cc680e{/logs,file:///workdir/hadoop-ozone/integration-test/target/log,UNAVAILABLE}
]]></system-out>
  </testcase>
</testsuite>