<?xml version="1.0" encoding="UTF-8"?>
<testsuite xmlns:xsi="http://www.w3.org/2001/XMLSchema-instance" xsi:noNamespaceSchemaLocation="https://maven.apache.org/surefire/maven-surefire-plugin/xsd/surefire-test-report.xsd" name="org.apache.hadoop.ozone.freon.TestFreonWithPipelineDestroy" time="30.116" tests="1" errors="1" skipped="0" failures="0">
  <properties>
    <property name="awt.toolkit" value="sun.awt.X11.XToolkit"/>
    <property name="file.encoding.pkg" value="sun.io"/>
    <property name="java.specification.version" value="1.8"/>
    <property name="sun.cpu.isalist" value=""/>
    <property name="sun.jnu.encoding" value="UTF-8"/>
    <property name="java.class.path" value="/tmp/workdir/hadoop-ozone/tools/target/test-classes:/tmp/workdir/hadoop-ozone/tools/target/classes:/tmp/workdir/hadoop-ozone/ozone-manager/target/classes:/tmp/workdir/hadoop-hdds/docs/target/classes:/home/user/.m2/repository/org/bouncycastle/bcprov-jdk15on/1.60/bcprov-jdk15on-1.60.jar:/tmp/workdir/hadoop-ozone/common/target/classes:/home/user/.m2/repository/org/apache/commons/commons-compress/1.4.1/commons-compress-1.4.1.jar:/home/user/.m2/repository/org/tukaani/xz/1.0/xz-1.0.jar:/home/user/.m2/repository/org/apache/hadoop/hadoop-hdfs-client/3.2.0/hadoop-hdfs-client-3.2.0.jar:/home/user/.m2/repository/com/fasterxml/jackson/core/jackson-annotations/2.9.5/jackson-annotations-2.9.5.jar:/tmp/workdir/hadoop-hdds/common/target/classes:/tmp/workdir/hadoop-hdds/config/target/classes:/home/user/.m2/repository/javax/annotation/javax.annotation-api/1.2/javax.annotation-api-1.2.jar:/home/user/.m2/repository/org/apache/ratis/ratis-server/0.4.0-2337318-SNAPSHOT/ratis-server-0.4.0-2337318-SNAPSHOT.jar:/home/user/.m2/repository/org/apache/ratis/ratis-thirdparty-misc/0.2.0/ratis-thirdparty-misc-0.2.0.jar:/home/user/.m2/repository/org/apache/ratis/ratis-proto/0.4.0-2337318-SNAPSHOT/ratis-proto-0.4.0-2337318-SNAPSHOT.jar:/home/user/.m2/repository/org/apache/ratis/ratis-common/0.4.0-2337318-SNAPSHOT/ratis-common-0.4.0-2337318-SNAPSHOT.jar:/home/user/.m2/repository/org/apache/ratis/ratis-client/0.4.0-2337318-SNAPSHOT/ratis-client-0.4.0-2337318-SNAPSHOT.jar:/home/user/.m2/repository/org/apache/ratis/ratis-metrics/0.4.0-2337318-SNAPSHOT/ratis-metrics-0.4.0-2337318-SNAPSHOT.jar:/home/user/.m2/repository/org/apache/ratis/ratis-netty/0.4.0-2337318-SNAPSHOT/ratis-netty-0.4.0-2337318-SNAPSHOT.jar:/home/user/.m2/repository/org/apache/ratis/ratis-grpc/0.4.0-2337318-SNAPSHOT/ratis-grpc-0.4.0-2337318-SNAPSHOT.jar:/home/user/.m2/repository/org/rocksdb/rocksdbjni/6.0.1/rocksdbjni-6.0.1.jar:/home/user/.m2/repository/org/apache/logging/log4j/log4j-api/2.11.0/log4j-api-2.11.0.jar:/home/user/.m2/repository/org/apache/logging/log4j/log4j-core/2.11.0/log4j-core-2.11.0.jar:/home/user/.m2/repository/com/lmax/disruptor/3.4.2/disruptor-3.4.2.jar:/home/user/.m2/repository/org/apache/commons/commons-pool2/2.6.0/commons-pool2-2.6.0.jar:/home/user/.m2/repository/org/bouncycastle/bcpkix-jdk15on/1.60/bcpkix-jdk15on-1.60.jar:/home/user/.m2/repository/commons-validator/commons-validator/1.6/commons-validator-1.6.jar:/home/user/.m2/repository/commons-digester/commons-digester/1.8.1/commons-digester-1.8.1.jar:/home/user/.m2/repository/io/jaegertracing/jaeger-client/0.33.1/jaeger-client-0.33.1.jar:/home/user/.m2/repository/io/jaegertracing/jaeger-thrift/0.33.1/jaeger-thrift-0.33.1.jar:/home/user/.m2/repository/org/apache/thrift/libthrift/0.11.0/libthrift-0.11.0.jar:/home/user/.m2/repository/com/squareup/okhttp3/okhttp/3.9.0/okhttp-3.9.0.jar:/home/user/.m2/repository/com/squareup/okio/okio/1.13.0/okio-1.13.0.jar:/home/user/.m2/repository/io/jaegertracing/jaeger-core/0.33.1/jaeger-core-0.33.1.jar:/home/user/.m2/repository/io/jaegertracing/jaeger-tracerresolver/0.33.1/jaeger-tracerresolver-0.33.1.jar:/home/user/.m2/repository/io/opentracing/contrib/opentracing-tracerresolver/0.1.5/opentracing-tracerresolver-0.1.5.jar:/home/user/.m2/repository/io/opentracing/opentracing-util/0.31.0/opentracing-util-0.31.0.jar:/home/user/.m2/repository/io/opentracing/opentracing-api/0.31.0/opentracing-api-0.31.0.jar:/home/user/.m2/repository/io/opentracing/opentracing-noop/0.31.0/opentracing-noop-0.31.0.jar:/home/user/.m2/repository/org/yaml/snakeyaml/1.16/snakeyaml-1.16.jar:/tmp/workdir/hadoop-hdds/container-service/target/classes:/tmp/workdir/hadoop-hdds/client/target/classes:/tmp/workdir/hadoop-hdds/tools/target/classes:/home/user/.m2/repository/org/xerial/sqlite-jdbc/3.25.2/sqlite-jdbc-3.25.2.jar:/tmp/workdir/hadoop-hdds/server-scm/target/classes:/home/user/.m2/repository/org/hamcrest/hamcrest-all/1.3/hamcrest-all-1.3.jar:/home/user/.m2/repository/info/picocli/picocli/3.9.6/picocli-3.9.6.jar:/home/user/.m2/repository/com/google/protobuf/protobuf-java/2.5.0/protobuf-java-2.5.0.jar:/home/user/.m2/repository/com/google/guava/guava/11.0.2/guava-11.0.2.jar:/tmp/workdir/hadoop-ozone/client/target/classes:/home/user/.m2/repository/org/apache/hadoop/hadoop-ozone-filesystem/0.5.0-SNAPSHOT/hadoop-ozone-filesystem-0.5.0-SNAPSHOT.jar:/tmp/workdir/hadoop-hdds/framework/target/classes:/home/user/.m2/repository/org/apache/hadoop/hadoop-common/3.2.0/hadoop-common-3.2.0.jar:/home/user/.m2/repository/org/apache/hadoop/hadoop-annotations/3.2.0/hadoop-annotations-3.2.0.jar:/usr/lib/jvm/java-1.8-openjdk/jre/../lib/tools.jar:/home/user/.m2/repository/commons-cli/commons-cli/1.2/commons-cli-1.2.jar:/home/user/.m2/repository/org/apache/commons/commons-math3/3.1.1/commons-math3-3.1.1.jar:/home/user/.m2/repository/org/apache/httpcomponents/httpclient/4.5.2/httpclient-4.5.2.jar:/home/user/.m2/repository/org/apache/httpcomponents/httpcore/4.4.4/httpcore-4.4.4.jar:/home/user/.m2/repository/commons-codec/commons-codec/1.11/commons-codec-1.11.jar:/home/user/.m2/repository/commons-io/commons-io/2.5/commons-io-2.5.jar:/home/user/.m2/repository/commons-net/commons-net/3.6/commons-net-3.6.jar:/home/user/.m2/repository/commons-collections/commons-collections/3.2.2/commons-collections-3.2.2.jar:/home/user/.m2/repository/javax/servlet/javax.servlet-api/3.1.0/javax.servlet-api-3.1.0.jar:/home/user/.m2/repository/org/eclipse/jetty/jetty-server/9.3.24.v20180605/jetty-server-9.3.24.v20180605.jar:/home/user/.m2/repository/org/eclipse/jetty/jetty-http/9.3.24.v20180605/jetty-http-9.3.24.v20180605.jar:/home/user/.m2/repository/org/eclipse/jetty/jetty-io/9.3.24.v20180605/jetty-io-9.3.24.v20180605.jar:/home/user/.m2/repository/org/eclipse/jetty/jetty-util/9.3.24.v20180605/jetty-util-9.3.24.v20180605.jar:/home/user/.m2/repository/org/eclipse/jetty/jetty-servlet/9.3.24.v20180605/jetty-servlet-9.3.24.v20180605.jar:/home/user/.m2/repository/org/eclipse/jetty/jetty-security/9.3.24.v20180605/jetty-security-9.3.24.v20180605.jar:/home/user/.m2/repository/org/eclipse/jetty/jetty-webapp/9.3.24.v20180605/jetty-webapp-9.3.24.v20180605.jar:/home/user/.m2/repository/org/eclipse/jetty/jetty-xml/9.3.24.v20180605/jetty-xml-9.3.24.v20180605.jar:/home/user/.m2/repository/javax/servlet/jsp/jsp-api/2.1/jsp-api-2.1.jar:/home/user/.m2/repository/com/sun/jersey/jersey-core/1.19/jersey-core-1.19.jar:/home/user/.m2/repository/javax/ws/rs/jsr311-api/1.1.1/jsr311-api-1.1.1.jar:/home/user/.m2/repository/com/sun/jersey/jersey-servlet/1.19/jersey-servlet-1.19.jar:/home/user/.m2/repository/com/sun/jersey/jersey-json/1.19/jersey-json-1.19.jar:/home/user/.m2/repository/org/codehaus/jettison/jettison/1.1/jettison-1.1.jar:/home/user/.m2/repository/com/sun/xml/bind/jaxb-impl/2.3.0.1/jaxb-impl-2.3.0.1.jar:/home/user/.m2/repository/org/codehaus/jackson/jackson-core-asl/1.9.13/jackson-core-asl-1.9.13.jar:/home/user/.m2/repository/org/codehaus/jackson/jackson-mapper-asl/1.9.13/jackson-mapper-asl-1.9.13.jar:/home/user/.m2/repository/org/codehaus/jackson/jackson-jaxrs/1.9.13/jackson-jaxrs-1.9.13.jar:/home/user/.m2/repository/org/codehaus/jackson/jackson-xc/1.9.13/jackson-xc-1.9.13.jar:/home/user/.m2/repository/com/sun/jersey/jersey-server/1.19/jersey-server-1.19.jar:/home/user/.m2/repository/commons-logging/commons-logging/1.1.3/commons-logging-1.1.3.jar:/home/user/.m2/repository/log4j/log4j/1.2.17/log4j-1.2.17.jar:/home/user/.m2/repository/commons-beanutils/commons-beanutils/1.9.3/commons-beanutils-1.9.3.jar:/home/user/.m2/repository/org/apache/commons/commons-configuration2/2.1.1/commons-configuration2-2.1.1.jar:/home/user/.m2/repository/org/apache/commons/commons-lang3/3.7/commons-lang3-3.7.jar:/home/user/.m2/repository/org/apache/commons/commons-text/1.4/commons-text-1.4.jar:/home/user/.m2/repository/org/slf4j/slf4j-api/1.7.25/slf4j-api-1.7.25.jar:/home/user/.m2/repository/org/slf4j/slf4j-log4j12/1.7.25/slf4j-log4j12-1.7.25.jar:/home/user/.m2/repository/org/apache/avro/avro/1.7.7/avro-1.7.7.jar:/home/user/.m2/repository/com/thoughtworks/paranamer/paranamer/2.3/paranamer-2.3.jar:/home/user/.m2/repository/org/xerial/snappy/snappy-java/1.0.5/snappy-java-1.0.5.jar:/home/user/.m2/repository/com/google/re2j/re2j/1.1/re2j-1.1.jar:/home/user/.m2/repository/com/google/code/gson/gson/2.2.4/gson-2.2.4.jar:/home/user/.m2/repository/org/apache/hadoop/hadoop-auth/3.2.0/hadoop-auth-3.2.0.jar:/home/user/.m2/repository/com/nimbusds/nimbus-jose-jwt/4.41.1/nimbus-jose-jwt-4.41.1.jar:/home/user/.m2/repository/com/github/stephenc/jcip/jcip-annotations/1.0-1/jcip-annotations-1.0-1.jar:/home/user/.m2/repository/net/minidev/json-smart/2.3/json-smart-2.3.jar:/home/user/.m2/repository/net/minidev/accessors-smart/1.2/accessors-smart-1.2.jar:/home/user/.m2/repository/org/apache/curator/curator-framework/2.12.0/curator-framework-2.12.0.jar:/home/user/.m2/repository/com/jcraft/jsch/0.1.54/jsch-0.1.54.jar:/home/user/.m2/repository/org/apache/curator/curator-client/2.12.0/curator-client-2.12.0.jar:/home/user/.m2/repository/org/apache/curator/curator-recipes/2.12.0/curator-recipes-2.12.0.jar:/home/user/.m2/repository/com/google/code/findbugs/jsr305/3.0.0/jsr305-3.0.0.jar:/home/user/.m2/repository/org/apache/htrace/htrace-core4/4.1.0-incubating/htrace-core4-4.1.0-incubating.jar:/home/user/.m2/repository/org/apache/zookeeper/zookeeper/3.4.13/zookeeper-3.4.13.jar:/home/user/.m2/repository/org/apache/yetus/audience-annotations/0.5.0/audience-annotations-0.5.0.jar:/home/user/.m2/repository/org/apache/kerby/kerb-simplekdc/1.0.1/kerb-simplekdc-1.0.1.jar:/home/user/.m2/repository/org/apache/kerby/kerb-client/1.0.1/kerb-client-1.0.1.jar:/home/user/.m2/repository/org/apache/kerby/kerby-config/1.0.1/kerby-config-1.0.1.jar:/home/user/.m2/repository/org/apache/kerby/kerb-core/1.0.1/kerb-core-1.0.1.jar:/home/user/.m2/repository/org/apache/kerby/kerby-pkix/1.0.1/kerby-pkix-1.0.1.jar:/home/user/.m2/repository/org/apache/kerby/kerby-asn1/1.0.1/kerby-asn1-1.0.1.jar:/home/user/.m2/repository/org/apache/kerby/kerby-util/1.0.1/kerby-util-1.0.1.jar:/home/user/.m2/repository/org/apache/kerby/kerb-common/1.0.1/kerb-common-1.0.1.jar:/home/user/.m2/repository/org/apache/kerby/kerb-crypto/1.0.1/kerb-crypto-1.0.1.jar:/home/user/.m2/repository/org/apache/kerby/kerb-util/1.0.1/kerb-util-1.0.1.jar:/home/user/.m2/repository/org/apache/kerby/token-provider/1.0.1/token-provider-1.0.1.jar:/home/user/.m2/repository/org/apache/kerby/kerb-admin/1.0.1/kerb-admin-1.0.1.jar:/home/user/.m2/repository/org/apache/kerby/kerb-server/1.0.1/kerb-server-1.0.1.jar:/home/user/.m2/repository/org/apache/kerby/kerb-identity/1.0.1/kerb-identity-1.0.1.jar:/home/user/.m2/repository/org/apache/kerby/kerby-xdr/1.0.1/kerby-xdr-1.0.1.jar:/home/user/.m2/repository/com/fasterxml/jackson/core/jackson-databind/2.9.5/jackson-databind-2.9.5.jar:/home/user/.m2/repository/com/fasterxml/jackson/core/jackson-core/2.9.5/jackson-core-2.9.5.jar:/home/user/.m2/repository/org/codehaus/woodstox/stax2-api/3.1.4/stax2-api-3.1.4.jar:/home/user/.m2/repository/com/fasterxml/woodstox/woodstox-core/5.0.3/woodstox-core-5.0.3.jar:/home/user/.m2/repository/dnsjava/dnsjava/2.1.7/dnsjava-2.1.7.jar:/home/user/.m2/repository/org/apache/hadoop/hadoop-hdfs/3.2.0/hadoop-hdfs-3.2.0.jar:/home/user/.m2/repository/org/eclipse/jetty/jetty-util-ajax/9.3.24.v20180605/jetty-util-ajax-9.3.24.v20180605.jar:/home/user/.m2/repository/commons-daemon/commons-daemon/1.0.13/commons-daemon-1.0.13.jar:/home/user/.m2/repository/io/netty/netty/3.10.5.Final/netty-3.10.5.Final.jar:/home/user/.m2/repository/io/netty/netty-all/4.0.52.Final/netty-all-4.0.52.Final.jar:/home/user/.m2/repository/org/fusesource/leveldbjni/leveldbjni-all/1.8/leveldbjni-all-1.8.jar:/home/user/.m2/repository/com/sun/xml/bind/jaxb-core/2.3.0.1/jaxb-core-2.3.0.1.jar:/home/user/.m2/repository/javax/xml/bind/jaxb-api/2.3.0/jaxb-api-2.3.0.jar:/home/user/.m2/repository/javax/activation/activation/1.1.1/activation-1.1.1.jar:/home/user/.m2/repository/io/dropwizard/metrics/metrics-core/3.2.4/metrics-core-3.2.4.jar:/home/user/.m2/repository/org/openjdk/jmh/jmh-core/1.19/jmh-core-1.19.jar:/home/user/.m2/repository/net/sf/jopt-simple/jopt-simple/4.6/jopt-simple-4.6.jar:/home/user/.m2/repository/org/openjdk/jmh/jmh-generator-annprocess/1.19/jmh-generator-annprocess-1.19.jar:/home/user/.m2/repository/com/google/code/findbugs/findbugs/3.0.1/findbugs-3.0.1.jar:/home/user/.m2/repository/net/jcip/jcip-annotations/1.0/jcip-annotations-1.0.jar:/home/user/.m2/repository/com/google/code/findbugs/bcel-findbugs/6.0/bcel-findbugs-6.0.jar:/home/user/.m2/repository/com/google/code/findbugs/jFormatString/2.0.1/jFormatString-2.0.1.jar:/home/user/.m2/repository/dom4j/dom4j/1.6.1/dom4j-1.6.1.jar:/home/user/.m2/repository/xml-apis/xml-apis/1.0.b2/xml-apis-1.0.b2.jar:/home/user/.m2/repository/org/ow2/asm/asm-debug-all/5.0.2/asm-debug-all-5.0.2.jar:/home/user/.m2/repository/org/ow2/asm/asm-commons/5.0.2/asm-commons-5.0.2.jar:/home/user/.m2/repository/org/ow2/asm/asm-tree/5.0.2/asm-tree-5.0.2.jar:/home/user/.m2/repository/org/ow2/asm/asm/5.0.4/asm-5.0.4.jar:/home/user/.m2/repository/commons-lang/commons-lang/2.6/commons-lang-2.6.jar:/home/user/.m2/repository/com/apple/AppleJavaExtensions/1.4/AppleJavaExtensions-1.4.jar:/home/user/.m2/repository/jaxen/jaxen/1.1.6/jaxen-1.1.6.jar:/home/user/.m2/repository/junit/junit/4.11/junit-4.11.jar:/home/user/.m2/repository/org/hamcrest/hamcrest-core/1.3/hamcrest-core-1.3.jar:/home/user/.m2/repository/org/apache/hadoop/hadoop-common/3.2.0/hadoop-common-3.2.0-tests.jar:/home/user/.m2/repository/org/apache/hadoop/hadoop-ozone-integration-test/0.5.0-SNAPSHOT/hadoop-ozone-integration-test-0.5.0-SNAPSHOT-tests.jar:/tmp/workdir/hadoop-ozone/objectstore-service/target/classes:/tmp/workdir/hadoop-ozone/s3gateway/target/classes:/home/user/.m2/repository/org/jboss/weld/servlet/weld-servlet/2.4.7.Final/weld-servlet-2.4.7.Final.jar:/home/user/.m2/repository/org/glassfish/jersey/containers/jersey-container-servlet-core/2.27/jersey-container-servlet-core-2.27.jar:/home/user/.m2/repository/org/glassfish/hk2/external/javax.inject/2.5.0-b42/javax.inject-2.5.0-b42.jar:/home/user/.m2/repository/org/glassfish/jersey/core/jersey-common/2.27/jersey-common-2.27.jar:/home/user/.m2/repository/org/glassfish/hk2/osgi-resource-locator/1.0.1/osgi-resource-locator-1.0.1.jar:/home/user/.m2/repository/javax/ws/rs/javax.ws.rs-api/2.1/javax.ws.rs-api-2.1.jar:/home/user/.m2/repository/org/glassfish/jersey/ext/cdi/jersey-cdi1x/2.27/jersey-cdi1x-2.27.jar:/home/user/.m2/repository/org/glassfish/jersey/inject/jersey-hk2/2.27/jersey-hk2-2.27.jar:/home/user/.m2/repository/org/glassfish/hk2/hk2-locator/2.5.0-b42/hk2-locator-2.5.0-b42.jar:/home/user/.m2/repository/org/javassist/javassist/3.22.0-CR2/javassist-3.22.0-CR2.jar:/home/user/.m2/repository/org/glassfish/hk2/hk2-api/2.5.0/hk2-api-2.5.0.jar:/home/user/.m2/repository/org/glassfish/hk2/external/jakarta.inject/2.5.0/jakarta.inject-2.5.0.jar:/home/user/.m2/repository/org/glassfish/hk2/hk2-utils/2.5.0/hk2-utils-2.5.0.jar:/home/user/.m2/repository/jakarta/annotation/jakarta.annotation-api/1.3.4/jakarta.annotation-api-1.3.4.jar:/home/user/.m2/repository/org/glassfish/hk2/external/aopalliance-repackaged/2.5.0/aopalliance-repackaged-2.5.0.jar:/home/user/.m2/repository/com/fasterxml/jackson/dataformat/jackson-dataformat-xml/2.9.0/jackson-dataformat-xml-2.9.0.jar:/home/user/.m2/repository/com/fasterxml/jackson/module/jackson-module-jaxb-annotations/2.9.5/jackson-module-jaxb-annotations-2.9.5.jar:/home/user/.m2/repository/javax/enterprise/cdi-api/1.2/cdi-api-1.2.jar:/home/user/.m2/repository/javax/el/javax.el-api/3.0.0/javax.el-api-3.0.0.jar:/home/user/.m2/repository/javax/interceptor/javax.interceptor-api/1.2/javax.interceptor-api-1.2.jar:/home/user/.m2/repository/javax/inject/javax.inject/1/javax.inject-1.jar:/tmp/workdir/hadoop-ozone/csi/target/classes:/home/user/.m2/repository/com/google/protobuf/protobuf-java-util/3.5.1/protobuf-java-util-3.5.1.jar:/home/user/.m2/repository/io/grpc/grpc-netty/1.17.1/grpc-netty-1.17.1.jar:/home/user/.m2/repository/io/grpc/grpc-core/1.17.1/grpc-core-1.17.1.jar:/home/user/.m2/repository/io/grpc/grpc-context/1.17.1/grpc-context-1.17.1.jar:/home/user/.m2/repository/com/google/errorprone/error_prone_annotations/2.2.0/error_prone_annotations-2.2.0.jar:/home/user/.m2/repository/org/codehaus/mojo/animal-sniffer-annotations/1.17/animal-sniffer-annotations-1.17.jar:/home/user/.m2/repository/io/opencensus/opencensus-api/0.17.0/opencensus-api-0.17.0.jar:/home/user/.m2/repository/io/opencensus/opencensus-contrib-grpc-metrics/0.17.0/opencensus-contrib-grpc-metrics-0.17.0.jar:/home/user/.m2/repository/io/netty/netty-codec-http2/4.1.30.Final/netty-codec-http2-4.1.30.Final.jar:/home/user/.m2/repository/io/netty/netty-codec-http/4.1.30.Final/netty-codec-http-4.1.30.Final.jar:/home/user/.m2/repository/io/netty/netty-codec/4.1.30.Final/netty-codec-4.1.30.Final.jar:/home/user/.m2/repository/io/netty/netty-handler/4.1.30.Final/netty-handler-4.1.30.Final.jar:/home/user/.m2/repository/io/netty/netty-handler-proxy/4.1.30.Final/netty-handler-proxy-4.1.30.Final.jar:/home/user/.m2/repository/io/netty/netty-codec-socks/4.1.30.Final/netty-codec-socks-4.1.30.Final.jar:/home/user/.m2/repository/io/netty/netty-transport-native-epoll/4.1.30.Final/netty-transport-native-epoll-4.1.30.Final.jar:/home/user/.m2/repository/io/netty/netty-common/4.1.30.Final/netty-common-4.1.30.Final.jar:/home/user/.m2/repository/io/netty/netty-buffer/4.1.30.Final/netty-buffer-4.1.30.Final.jar:/home/user/.m2/repository/io/netty/netty-transport/4.1.30.Final/netty-transport-4.1.30.Final.jar:/home/user/.m2/repository/io/netty/netty-resolver/4.1.30.Final/netty-resolver-4.1.30.Final.jar:/home/user/.m2/repository/io/netty/netty-transport-native-unix-common/4.1.30.Final/netty-transport-native-unix-common-4.1.30.Final.jar:/home/user/.m2/repository/io/grpc/grpc-protobuf/1.17.1/grpc-protobuf-1.17.1.jar:/home/user/.m2/repository/com/google/api/grpc/proto-google-common-protos/1.0.0/proto-google-common-protos-1.0.0.jar:/home/user/.m2/repository/io/grpc/grpc-protobuf-lite/1.17.1/grpc-protobuf-lite-1.17.1.jar:/home/user/.m2/repository/io/grpc/grpc-stub/1.17.1/grpc-stub-1.17.1.jar:/tmp/workdir/hadoop-ozone/ozone-recon/target/classes:/tmp/workdir/hadoop-ozone/ozone-recon-codegen/target/classes:/home/user/.m2/repository/com/google/inject/extensions/guice-multibindings/4.0/guice-multibindings-4.0.jar:/home/user/.m2/repository/com/google/inject/guice/4.0/guice-4.0.jar:/home/user/.m2/repository/aopalliance/aopalliance/1.0/aopalliance-1.0.jar:/home/user/.m2/repository/com/google/inject/extensions/guice-servlet/4.0/guice-servlet-4.0.jar:/home/user/.m2/repository/org/glassfish/jersey/containers/jersey-container-servlet/2.27/jersey-container-servlet-2.27.jar:/home/user/.m2/repository/org/glassfish/hk2/guice-bridge/2.5.0/guice-bridge-2.5.0.jar:/home/user/.m2/repository/org/glassfish/jersey/core/jersey-server/2.27/jersey-server-2.27.jar:/home/user/.m2/repository/org/glassfish/jersey/core/jersey-client/2.27/jersey-client-2.27.jar:/home/user/.m2/repository/org/glassfish/jersey/media/jersey-media-jaxb/2.27/jersey-media-jaxb-2.27.jar:/home/user/.m2/repository/javax/validation/validation-api/1.1.0.Final/validation-api-1.1.0.Final.jar:/home/user/.m2/repository/org/glassfish/jersey/media/jersey-media-json-jackson/2.27/jersey-media-json-jackson-2.27.jar:/home/user/.m2/repository/org/glassfish/jersey/ext/jersey-entity-filtering/2.27/jersey-entity-filtering-2.27.jar:/home/user/.m2/repository/com/google/inject/extensions/guice-assistedinject/4.0/guice-assistedinject-4.0.jar:/home/user/.m2/repository/org/jooq/jooq/3.11.10/jooq-3.11.10.jar:/home/user/.m2/repository/org/jooq/jooq-meta/3.11.10/jooq-meta-3.11.10.jar:/home/user/.m2/repository/org/jooq/jooq-codegen/3.11.10/jooq-codegen-3.11.10.jar:/home/user/.m2/repository/com/jolbox/bonecp/0.8.0.RELEASE/bonecp-0.8.0.RELEASE.jar:/home/user/.m2/repository/org/springframework/spring-jdbc/5.1.3.RELEASE/spring-jdbc-5.1.3.RELEASE.jar:/home/user/.m2/repository/org/springframework/spring-beans/5.1.3.RELEASE/spring-beans-5.1.3.RELEASE.jar:/home/user/.m2/repository/org/springframework/spring-core/5.1.3.RELEASE/spring-core-5.1.3.RELEASE.jar:/home/user/.m2/repository/org/springframework/spring-jcl/5.1.3.RELEASE/spring-jcl-5.1.3.RELEASE.jar:/home/user/.m2/repository/org/springframework/spring-tx/5.1.3.RELEASE/spring-tx-5.1.3.RELEASE.jar:/home/user/.m2/repository/org/mockito/mockito-core/2.15.0/mockito-core-2.15.0.jar:/home/user/.m2/repository/net/bytebuddy/byte-buddy/1.7.9/byte-buddy-1.7.9.jar:/home/user/.m2/repository/net/bytebuddy/byte-buddy-agent/1.7.9/byte-buddy-agent-1.7.9.jar:/home/user/.m2/repository/org/objenesis/objenesis/1.0/objenesis-1.0.jar:"/>
    <property name="java.vm.vendor" value="IcedTea"/>
    <property name="sun.arch.data.model" value="64"/>
    <property name="test.build.dir" value="/tmp/workdir/hadoop-ozone/tools/target/test-dir"/>
    <property name="test.cache.data" value=""/>
    <property name="java.vendor.url" value="https://icedtea.classpath.org"/>
    <property name="user.timezone" value=""/>
    <property name="java.vm.specification.version" value="1.8"/>
    <property name="os.name" value="Linux"/>
    <property name="test.build.data" value="/tmp/workdir/hadoop-ozone/tools/target/test-dir"/>
    <property name="user.country" value="US"/>
    <property name="sun.java.launcher" value="SUN_STANDARD"/>
    <property name="sun.boot.library.path" value="/usr/lib/jvm/java-1.8-openjdk/jre/lib/amd64"/>
    <property name="sun.java.command" value="/tmp/workdir/hadoop-ozone/tools/target/surefire/surefirebooter3733149318544122410.jar /tmp/workdir/hadoop-ozone/tools/target/surefire 2019-07-08T23-44-19_305-jvmRun1 surefire4917834660395173547tmp surefire_1041124734323703273375tmp"/>
    <property name="surefire.test.class.path" value="/tmp/workdir/hadoop-ozone/tools/target/test-classes:/tmp/workdir/hadoop-ozone/tools/target/classes:/tmp/workdir/hadoop-ozone/ozone-manager/target/classes:/tmp/workdir/hadoop-hdds/docs/target/classes:/home/user/.m2/repository/org/bouncycastle/bcprov-jdk15on/1.60/bcprov-jdk15on-1.60.jar:/tmp/workdir/hadoop-ozone/common/target/classes:/home/user/.m2/repository/org/apache/commons/commons-compress/1.4.1/commons-compress-1.4.1.jar:/home/user/.m2/repository/org/tukaani/xz/1.0/xz-1.0.jar:/home/user/.m2/repository/org/apache/hadoop/hadoop-hdfs-client/3.2.0/hadoop-hdfs-client-3.2.0.jar:/home/user/.m2/repository/com/fasterxml/jackson/core/jackson-annotations/2.9.5/jackson-annotations-2.9.5.jar:/tmp/workdir/hadoop-hdds/common/target/classes:/tmp/workdir/hadoop-hdds/config/target/classes:/home/user/.m2/repository/javax/annotation/javax.annotation-api/1.2/javax.annotation-api-1.2.jar:/home/user/.m2/repository/org/apache/ratis/ratis-server/0.4.0-2337318-SNAPSHOT/ratis-server-0.4.0-2337318-SNAPSHOT.jar:/home/user/.m2/repository/org/apache/ratis/ratis-thirdparty-misc/0.2.0/ratis-thirdparty-misc-0.2.0.jar:/home/user/.m2/repository/org/apache/ratis/ratis-proto/0.4.0-2337318-SNAPSHOT/ratis-proto-0.4.0-2337318-SNAPSHOT.jar:/home/user/.m2/repository/org/apache/ratis/ratis-common/0.4.0-2337318-SNAPSHOT/ratis-common-0.4.0-2337318-SNAPSHOT.jar:/home/user/.m2/repository/org/apache/ratis/ratis-client/0.4.0-2337318-SNAPSHOT/ratis-client-0.4.0-2337318-SNAPSHOT.jar:/home/user/.m2/repository/org/apache/ratis/ratis-metrics/0.4.0-2337318-SNAPSHOT/ratis-metrics-0.4.0-2337318-SNAPSHOT.jar:/home/user/.m2/repository/org/apache/ratis/ratis-netty/0.4.0-2337318-SNAPSHOT/ratis-netty-0.4.0-2337318-SNAPSHOT.jar:/home/user/.m2/repository/org/apache/ratis/ratis-grpc/0.4.0-2337318-SNAPSHOT/ratis-grpc-0.4.0-2337318-SNAPSHOT.jar:/home/user/.m2/repository/org/rocksdb/rocksdbjni/6.0.1/rocksdbjni-6.0.1.jar:/home/user/.m2/repository/org/apache/logging/log4j/log4j-api/2.11.0/log4j-api-2.11.0.jar:/home/user/.m2/repository/org/apache/logging/log4j/log4j-core/2.11.0/log4j-core-2.11.0.jar:/home/user/.m2/repository/com/lmax/disruptor/3.4.2/disruptor-3.4.2.jar:/home/user/.m2/repository/org/apache/commons/commons-pool2/2.6.0/commons-pool2-2.6.0.jar:/home/user/.m2/repository/org/bouncycastle/bcpkix-jdk15on/1.60/bcpkix-jdk15on-1.60.jar:/home/user/.m2/repository/commons-validator/commons-validator/1.6/commons-validator-1.6.jar:/home/user/.m2/repository/commons-digester/commons-digester/1.8.1/commons-digester-1.8.1.jar:/home/user/.m2/repository/io/jaegertracing/jaeger-client/0.33.1/jaeger-client-0.33.1.jar:/home/user/.m2/repository/io/jaegertracing/jaeger-thrift/0.33.1/jaeger-thrift-0.33.1.jar:/home/user/.m2/repository/org/apache/thrift/libthrift/0.11.0/libthrift-0.11.0.jar:/home/user/.m2/repository/com/squareup/okhttp3/okhttp/3.9.0/okhttp-3.9.0.jar:/home/user/.m2/repository/com/squareup/okio/okio/1.13.0/okio-1.13.0.jar:/home/user/.m2/repository/io/jaegertracing/jaeger-core/0.33.1/jaeger-core-0.33.1.jar:/home/user/.m2/repository/io/jaegertracing/jaeger-tracerresolver/0.33.1/jaeger-tracerresolver-0.33.1.jar:/home/user/.m2/repository/io/opentracing/contrib/opentracing-tracerresolver/0.1.5/opentracing-tracerresolver-0.1.5.jar:/home/user/.m2/repository/io/opentracing/opentracing-util/0.31.0/opentracing-util-0.31.0.jar:/home/user/.m2/repository/io/opentracing/opentracing-api/0.31.0/opentracing-api-0.31.0.jar:/home/user/.m2/repository/io/opentracing/opentracing-noop/0.31.0/opentracing-noop-0.31.0.jar:/home/user/.m2/repository/org/yaml/snakeyaml/1.16/snakeyaml-1.16.jar:/tmp/workdir/hadoop-hdds/container-service/target/classes:/tmp/workdir/hadoop-hdds/client/target/classes:/tmp/workdir/hadoop-hdds/tools/target/classes:/home/user/.m2/repository/org/xerial/sqlite-jdbc/3.25.2/sqlite-jdbc-3.25.2.jar:/tmp/workdir/hadoop-hdds/server-scm/target/classes:/home/user/.m2/repository/org/hamcrest/hamcrest-all/1.3/hamcrest-all-1.3.jar:/home/user/.m2/repository/info/picocli/picocli/3.9.6/picocli-3.9.6.jar:/home/user/.m2/repository/com/google/protobuf/protobuf-java/2.5.0/protobuf-java-2.5.0.jar:/home/user/.m2/repository/com/google/guava/guava/11.0.2/guava-11.0.2.jar:/tmp/workdir/hadoop-ozone/client/target/classes:/home/user/.m2/repository/org/apache/hadoop/hadoop-ozone-filesystem/0.5.0-SNAPSHOT/hadoop-ozone-filesystem-0.5.0-SNAPSHOT.jar:/tmp/workdir/hadoop-hdds/framework/target/classes:/home/user/.m2/repository/org/apache/hadoop/hadoop-common/3.2.0/hadoop-common-3.2.0.jar:/home/user/.m2/repository/org/apache/hadoop/hadoop-annotations/3.2.0/hadoop-annotations-3.2.0.jar:/usr/lib/jvm/java-1.8-openjdk/jre/../lib/tools.jar:/home/user/.m2/repository/commons-cli/commons-cli/1.2/commons-cli-1.2.jar:/home/user/.m2/repository/org/apache/commons/commons-math3/3.1.1/commons-math3-3.1.1.jar:/home/user/.m2/repository/org/apache/httpcomponents/httpclient/4.5.2/httpclient-4.5.2.jar:/home/user/.m2/repository/org/apache/httpcomponents/httpcore/4.4.4/httpcore-4.4.4.jar:/home/user/.m2/repository/commons-codec/commons-codec/1.11/commons-codec-1.11.jar:/home/user/.m2/repository/commons-io/commons-io/2.5/commons-io-2.5.jar:/home/user/.m2/repository/commons-net/commons-net/3.6/commons-net-3.6.jar:/home/user/.m2/repository/commons-collections/commons-collections/3.2.2/commons-collections-3.2.2.jar:/home/user/.m2/repository/javax/servlet/javax.servlet-api/3.1.0/javax.servlet-api-3.1.0.jar:/home/user/.m2/repository/org/eclipse/jetty/jetty-server/9.3.24.v20180605/jetty-server-9.3.24.v20180605.jar:/home/user/.m2/repository/org/eclipse/jetty/jetty-http/9.3.24.v20180605/jetty-http-9.3.24.v20180605.jar:/home/user/.m2/repository/org/eclipse/jetty/jetty-io/9.3.24.v20180605/jetty-io-9.3.24.v20180605.jar:/home/user/.m2/repository/org/eclipse/jetty/jetty-util/9.3.24.v20180605/jetty-util-9.3.24.v20180605.jar:/home/user/.m2/repository/org/eclipse/jetty/jetty-servlet/9.3.24.v20180605/jetty-servlet-9.3.24.v20180605.jar:/home/user/.m2/repository/org/eclipse/jetty/jetty-security/9.3.24.v20180605/jetty-security-9.3.24.v20180605.jar:/home/user/.m2/repository/org/eclipse/jetty/jetty-webapp/9.3.24.v20180605/jetty-webapp-9.3.24.v20180605.jar:/home/user/.m2/repository/org/eclipse/jetty/jetty-xml/9.3.24.v20180605/jetty-xml-9.3.24.v20180605.jar:/home/user/.m2/repository/javax/servlet/jsp/jsp-api/2.1/jsp-api-2.1.jar:/home/user/.m2/repository/com/sun/jersey/jersey-core/1.19/jersey-core-1.19.jar:/home/user/.m2/repository/javax/ws/rs/jsr311-api/1.1.1/jsr311-api-1.1.1.jar:/home/user/.m2/repository/com/sun/jersey/jersey-servlet/1.19/jersey-servlet-1.19.jar:/home/user/.m2/repository/com/sun/jersey/jersey-json/1.19/jersey-json-1.19.jar:/home/user/.m2/repository/org/codehaus/jettison/jettison/1.1/jettison-1.1.jar:/home/user/.m2/repository/com/sun/xml/bind/jaxb-impl/2.3.0.1/jaxb-impl-2.3.0.1.jar:/home/user/.m2/repository/org/codehaus/jackson/jackson-core-asl/1.9.13/jackson-core-asl-1.9.13.jar:/home/user/.m2/repository/org/codehaus/jackson/jackson-mapper-asl/1.9.13/jackson-mapper-asl-1.9.13.jar:/home/user/.m2/repository/org/codehaus/jackson/jackson-jaxrs/1.9.13/jackson-jaxrs-1.9.13.jar:/home/user/.m2/repository/org/codehaus/jackson/jackson-xc/1.9.13/jackson-xc-1.9.13.jar:/home/user/.m2/repository/com/sun/jersey/jersey-server/1.19/jersey-server-1.19.jar:/home/user/.m2/repository/commons-logging/commons-logging/1.1.3/commons-logging-1.1.3.jar:/home/user/.m2/repository/log4j/log4j/1.2.17/log4j-1.2.17.jar:/home/user/.m2/repository/commons-beanutils/commons-beanutils/1.9.3/commons-beanutils-1.9.3.jar:/home/user/.m2/repository/org/apache/commons/commons-configuration2/2.1.1/commons-configuration2-2.1.1.jar:/home/user/.m2/repository/org/apache/commons/commons-lang3/3.7/commons-lang3-3.7.jar:/home/user/.m2/repository/org/apache/commons/commons-text/1.4/commons-text-1.4.jar:/home/user/.m2/repository/org/slf4j/slf4j-api/1.7.25/slf4j-api-1.7.25.jar:/home/user/.m2/repository/org/slf4j/slf4j-log4j12/1.7.25/slf4j-log4j12-1.7.25.jar:/home/user/.m2/repository/org/apache/avro/avro/1.7.7/avro-1.7.7.jar:/home/user/.m2/repository/com/thoughtworks/paranamer/paranamer/2.3/paranamer-2.3.jar:/home/user/.m2/repository/org/xerial/snappy/snappy-java/1.0.5/snappy-java-1.0.5.jar:/home/user/.m2/repository/com/google/re2j/re2j/1.1/re2j-1.1.jar:/home/user/.m2/repository/com/google/code/gson/gson/2.2.4/gson-2.2.4.jar:/home/user/.m2/repository/org/apache/hadoop/hadoop-auth/3.2.0/hadoop-auth-3.2.0.jar:/home/user/.m2/repository/com/nimbusds/nimbus-jose-jwt/4.41.1/nimbus-jose-jwt-4.41.1.jar:/home/user/.m2/repository/com/github/stephenc/jcip/jcip-annotations/1.0-1/jcip-annotations-1.0-1.jar:/home/user/.m2/repository/net/minidev/json-smart/2.3/json-smart-2.3.jar:/home/user/.m2/repository/net/minidev/accessors-smart/1.2/accessors-smart-1.2.jar:/home/user/.m2/repository/org/apache/curator/curator-framework/2.12.0/curator-framework-2.12.0.jar:/home/user/.m2/repository/com/jcraft/jsch/0.1.54/jsch-0.1.54.jar:/home/user/.m2/repository/org/apache/curator/curator-client/2.12.0/curator-client-2.12.0.jar:/home/user/.m2/repository/org/apache/curator/curator-recipes/2.12.0/curator-recipes-2.12.0.jar:/home/user/.m2/repository/com/google/code/findbugs/jsr305/3.0.0/jsr305-3.0.0.jar:/home/user/.m2/repository/org/apache/htrace/htrace-core4/4.1.0-incubating/htrace-core4-4.1.0-incubating.jar:/home/user/.m2/repository/org/apache/zookeeper/zookeeper/3.4.13/zookeeper-3.4.13.jar:/home/user/.m2/repository/org/apache/yetus/audience-annotations/0.5.0/audience-annotations-0.5.0.jar:/home/user/.m2/repository/org/apache/kerby/kerb-simplekdc/1.0.1/kerb-simplekdc-1.0.1.jar:/home/user/.m2/repository/org/apache/kerby/kerb-client/1.0.1/kerb-client-1.0.1.jar:/home/user/.m2/repository/org/apache/kerby/kerby-config/1.0.1/kerby-config-1.0.1.jar:/home/user/.m2/repository/org/apache/kerby/kerb-core/1.0.1/kerb-core-1.0.1.jar:/home/user/.m2/repository/org/apache/kerby/kerby-pkix/1.0.1/kerby-pkix-1.0.1.jar:/home/user/.m2/repository/org/apache/kerby/kerby-asn1/1.0.1/kerby-asn1-1.0.1.jar:/home/user/.m2/repository/org/apache/kerby/kerby-util/1.0.1/kerby-util-1.0.1.jar:/home/user/.m2/repository/org/apache/kerby/kerb-common/1.0.1/kerb-common-1.0.1.jar:/home/user/.m2/repository/org/apache/kerby/kerb-crypto/1.0.1/kerb-crypto-1.0.1.jar:/home/user/.m2/repository/org/apache/kerby/kerb-util/1.0.1/kerb-util-1.0.1.jar:/home/user/.m2/repository/org/apache/kerby/token-provider/1.0.1/token-provider-1.0.1.jar:/home/user/.m2/repository/org/apache/kerby/kerb-admin/1.0.1/kerb-admin-1.0.1.jar:/home/user/.m2/repository/org/apache/kerby/kerb-server/1.0.1/kerb-server-1.0.1.jar:/home/user/.m2/repository/org/apache/kerby/kerb-identity/1.0.1/kerb-identity-1.0.1.jar:/home/user/.m2/repository/org/apache/kerby/kerby-xdr/1.0.1/kerby-xdr-1.0.1.jar:/home/user/.m2/repository/com/fasterxml/jackson/core/jackson-databind/2.9.5/jackson-databind-2.9.5.jar:/home/user/.m2/repository/com/fasterxml/jackson/core/jackson-core/2.9.5/jackson-core-2.9.5.jar:/home/user/.m2/repository/org/codehaus/woodstox/stax2-api/3.1.4/stax2-api-3.1.4.jar:/home/user/.m2/repository/com/fasterxml/woodstox/woodstox-core/5.0.3/woodstox-core-5.0.3.jar:/home/user/.m2/repository/dnsjava/dnsjava/2.1.7/dnsjava-2.1.7.jar:/home/user/.m2/repository/org/apache/hadoop/hadoop-hdfs/3.2.0/hadoop-hdfs-3.2.0.jar:/home/user/.m2/repository/org/eclipse/jetty/jetty-util-ajax/9.3.24.v20180605/jetty-util-ajax-9.3.24.v20180605.jar:/home/user/.m2/repository/commons-daemon/commons-daemon/1.0.13/commons-daemon-1.0.13.jar:/home/user/.m2/repository/io/netty/netty/3.10.5.Final/netty-3.10.5.Final.jar:/home/user/.m2/repository/io/netty/netty-all/4.0.52.Final/netty-all-4.0.52.Final.jar:/home/user/.m2/repository/org/fusesource/leveldbjni/leveldbjni-all/1.8/leveldbjni-all-1.8.jar:/home/user/.m2/repository/com/sun/xml/bind/jaxb-core/2.3.0.1/jaxb-core-2.3.0.1.jar:/home/user/.m2/repository/javax/xml/bind/jaxb-api/2.3.0/jaxb-api-2.3.0.jar:/home/user/.m2/repository/javax/activation/activation/1.1.1/activation-1.1.1.jar:/home/user/.m2/repository/io/dropwizard/metrics/metrics-core/3.2.4/metrics-core-3.2.4.jar:/home/user/.m2/repository/org/openjdk/jmh/jmh-core/1.19/jmh-core-1.19.jar:/home/user/.m2/repository/net/sf/jopt-simple/jopt-simple/4.6/jopt-simple-4.6.jar:/home/user/.m2/repository/org/openjdk/jmh/jmh-generator-annprocess/1.19/jmh-generator-annprocess-1.19.jar:/home/user/.m2/repository/com/google/code/findbugs/findbugs/3.0.1/findbugs-3.0.1.jar:/home/user/.m2/repository/net/jcip/jcip-annotations/1.0/jcip-annotations-1.0.jar:/home/user/.m2/repository/com/google/code/findbugs/bcel-findbugs/6.0/bcel-findbugs-6.0.jar:/home/user/.m2/repository/com/google/code/findbugs/jFormatString/2.0.1/jFormatString-2.0.1.jar:/home/user/.m2/repository/dom4j/dom4j/1.6.1/dom4j-1.6.1.jar:/home/user/.m2/repository/xml-apis/xml-apis/1.0.b2/xml-apis-1.0.b2.jar:/home/user/.m2/repository/org/ow2/asm/asm-debug-all/5.0.2/asm-debug-all-5.0.2.jar:/home/user/.m2/repository/org/ow2/asm/asm-commons/5.0.2/asm-commons-5.0.2.jar:/home/user/.m2/repository/org/ow2/asm/asm-tree/5.0.2/asm-tree-5.0.2.jar:/home/user/.m2/repository/org/ow2/asm/asm/5.0.4/asm-5.0.4.jar:/home/user/.m2/repository/commons-lang/commons-lang/2.6/commons-lang-2.6.jar:/home/user/.m2/repository/com/apple/AppleJavaExtensions/1.4/AppleJavaExtensions-1.4.jar:/home/user/.m2/repository/jaxen/jaxen/1.1.6/jaxen-1.1.6.jar:/home/user/.m2/repository/junit/junit/4.11/junit-4.11.jar:/home/user/.m2/repository/org/hamcrest/hamcrest-core/1.3/hamcrest-core-1.3.jar:/home/user/.m2/repository/org/apache/hadoop/hadoop-common/3.2.0/hadoop-common-3.2.0-tests.jar:/home/user/.m2/repository/org/apache/hadoop/hadoop-ozone-integration-test/0.5.0-SNAPSHOT/hadoop-ozone-integration-test-0.5.0-SNAPSHOT-tests.jar:/tmp/workdir/hadoop-ozone/objectstore-service/target/classes:/tmp/workdir/hadoop-ozone/s3gateway/target/classes:/home/user/.m2/repository/org/jboss/weld/servlet/weld-servlet/2.4.7.Final/weld-servlet-2.4.7.Final.jar:/home/user/.m2/repository/org/glassfish/jersey/containers/jersey-container-servlet-core/2.27/jersey-container-servlet-core-2.27.jar:/home/user/.m2/repository/org/glassfish/hk2/external/javax.inject/2.5.0-b42/javax.inject-2.5.0-b42.jar:/home/user/.m2/repository/org/glassfish/jersey/core/jersey-common/2.27/jersey-common-2.27.jar:/home/user/.m2/repository/org/glassfish/hk2/osgi-resource-locator/1.0.1/osgi-resource-locator-1.0.1.jar:/home/user/.m2/repository/javax/ws/rs/javax.ws.rs-api/2.1/javax.ws.rs-api-2.1.jar:/home/user/.m2/repository/org/glassfish/jersey/ext/cdi/jersey-cdi1x/2.27/jersey-cdi1x-2.27.jar:/home/user/.m2/repository/org/glassfish/jersey/inject/jersey-hk2/2.27/jersey-hk2-2.27.jar:/home/user/.m2/repository/org/glassfish/hk2/hk2-locator/2.5.0-b42/hk2-locator-2.5.0-b42.jar:/home/user/.m2/repository/org/javassist/javassist/3.22.0-CR2/javassist-3.22.0-CR2.jar:/home/user/.m2/repository/org/glassfish/hk2/hk2-api/2.5.0/hk2-api-2.5.0.jar:/home/user/.m2/repository/org/glassfish/hk2/external/jakarta.inject/2.5.0/jakarta.inject-2.5.0.jar:/home/user/.m2/repository/org/glassfish/hk2/hk2-utils/2.5.0/hk2-utils-2.5.0.jar:/home/user/.m2/repository/jakarta/annotation/jakarta.annotation-api/1.3.4/jakarta.annotation-api-1.3.4.jar:/home/user/.m2/repository/org/glassfish/hk2/external/aopalliance-repackaged/2.5.0/aopalliance-repackaged-2.5.0.jar:/home/user/.m2/repository/com/fasterxml/jackson/dataformat/jackson-dataformat-xml/2.9.0/jackson-dataformat-xml-2.9.0.jar:/home/user/.m2/repository/com/fasterxml/jackson/module/jackson-module-jaxb-annotations/2.9.5/jackson-module-jaxb-annotations-2.9.5.jar:/home/user/.m2/repository/javax/enterprise/cdi-api/1.2/cdi-api-1.2.jar:/home/user/.m2/repository/javax/el/javax.el-api/3.0.0/javax.el-api-3.0.0.jar:/home/user/.m2/repository/javax/interceptor/javax.interceptor-api/1.2/javax.interceptor-api-1.2.jar:/home/user/.m2/repository/javax/inject/javax.inject/1/javax.inject-1.jar:/tmp/workdir/hadoop-ozone/csi/target/classes:/home/user/.m2/repository/com/google/protobuf/protobuf-java-util/3.5.1/protobuf-java-util-3.5.1.jar:/home/user/.m2/repository/io/grpc/grpc-netty/1.17.1/grpc-netty-1.17.1.jar:/home/user/.m2/repository/io/grpc/grpc-core/1.17.1/grpc-core-1.17.1.jar:/home/user/.m2/repository/io/grpc/grpc-context/1.17.1/grpc-context-1.17.1.jar:/home/user/.m2/repository/com/google/errorprone/error_prone_annotations/2.2.0/error_prone_annotations-2.2.0.jar:/home/user/.m2/repository/org/codehaus/mojo/animal-sniffer-annotations/1.17/animal-sniffer-annotations-1.17.jar:/home/user/.m2/repository/io/opencensus/opencensus-api/0.17.0/opencensus-api-0.17.0.jar:/home/user/.m2/repository/io/opencensus/opencensus-contrib-grpc-metrics/0.17.0/opencensus-contrib-grpc-metrics-0.17.0.jar:/home/user/.m2/repository/io/netty/netty-codec-http2/4.1.30.Final/netty-codec-http2-4.1.30.Final.jar:/home/user/.m2/repository/io/netty/netty-codec-http/4.1.30.Final/netty-codec-http-4.1.30.Final.jar:/home/user/.m2/repository/io/netty/netty-codec/4.1.30.Final/netty-codec-4.1.30.Final.jar:/home/user/.m2/repository/io/netty/netty-handler/4.1.30.Final/netty-handler-4.1.30.Final.jar:/home/user/.m2/repository/io/netty/netty-handler-proxy/4.1.30.Final/netty-handler-proxy-4.1.30.Final.jar:/home/user/.m2/repository/io/netty/netty-codec-socks/4.1.30.Final/netty-codec-socks-4.1.30.Final.jar:/home/user/.m2/repository/io/netty/netty-transport-native-epoll/4.1.30.Final/netty-transport-native-epoll-4.1.30.Final.jar:/home/user/.m2/repository/io/netty/netty-common/4.1.30.Final/netty-common-4.1.30.Final.jar:/home/user/.m2/repository/io/netty/netty-buffer/4.1.30.Final/netty-buffer-4.1.30.Final.jar:/home/user/.m2/repository/io/netty/netty-transport/4.1.30.Final/netty-transport-4.1.30.Final.jar:/home/user/.m2/repository/io/netty/netty-resolver/4.1.30.Final/netty-resolver-4.1.30.Final.jar:/home/user/.m2/repository/io/netty/netty-transport-native-unix-common/4.1.30.Final/netty-transport-native-unix-common-4.1.30.Final.jar:/home/user/.m2/repository/io/grpc/grpc-protobuf/1.17.1/grpc-protobuf-1.17.1.jar:/home/user/.m2/repository/com/google/api/grpc/proto-google-common-protos/1.0.0/proto-google-common-protos-1.0.0.jar:/home/user/.m2/repository/io/grpc/grpc-protobuf-lite/1.17.1/grpc-protobuf-lite-1.17.1.jar:/home/user/.m2/repository/io/grpc/grpc-stub/1.17.1/grpc-stub-1.17.1.jar:/tmp/workdir/hadoop-ozone/ozone-recon/target/classes:/tmp/workdir/hadoop-ozone/ozone-recon-codegen/target/classes:/home/user/.m2/repository/com/google/inject/extensions/guice-multibindings/4.0/guice-multibindings-4.0.jar:/home/user/.m2/repository/com/google/inject/guice/4.0/guice-4.0.jar:/home/user/.m2/repository/aopalliance/aopalliance/1.0/aopalliance-1.0.jar:/home/user/.m2/repository/com/google/inject/extensions/guice-servlet/4.0/guice-servlet-4.0.jar:/home/user/.m2/repository/org/glassfish/jersey/containers/jersey-container-servlet/2.27/jersey-container-servlet-2.27.jar:/home/user/.m2/repository/org/glassfish/hk2/guice-bridge/2.5.0/guice-bridge-2.5.0.jar:/home/user/.m2/repository/org/glassfish/jersey/core/jersey-server/2.27/jersey-server-2.27.jar:/home/user/.m2/repository/org/glassfish/jersey/core/jersey-client/2.27/jersey-client-2.27.jar:/home/user/.m2/repository/org/glassfish/jersey/media/jersey-media-jaxb/2.27/jersey-media-jaxb-2.27.jar:/home/user/.m2/repository/javax/validation/validation-api/1.1.0.Final/validation-api-1.1.0.Final.jar:/home/user/.m2/repository/org/glassfish/jersey/media/jersey-media-json-jackson/2.27/jersey-media-json-jackson-2.27.jar:/home/user/.m2/repository/org/glassfish/jersey/ext/jersey-entity-filtering/2.27/jersey-entity-filtering-2.27.jar:/home/user/.m2/repository/com/google/inject/extensions/guice-assistedinject/4.0/guice-assistedinject-4.0.jar:/home/user/.m2/repository/org/jooq/jooq/3.11.10/jooq-3.11.10.jar:/home/user/.m2/repository/org/jooq/jooq-meta/3.11.10/jooq-meta-3.11.10.jar:/home/user/.m2/repository/org/jooq/jooq-codegen/3.11.10/jooq-codegen-3.11.10.jar:/home/user/.m2/repository/com/jolbox/bonecp/0.8.0.RELEASE/bonecp-0.8.0.RELEASE.jar:/home/user/.m2/repository/org/springframework/spring-jdbc/5.1.3.RELEASE/spring-jdbc-5.1.3.RELEASE.jar:/home/user/.m2/repository/org/springframework/spring-beans/5.1.3.RELEASE/spring-beans-5.1.3.RELEASE.jar:/home/user/.m2/repository/org/springframework/spring-core/5.1.3.RELEASE/spring-core-5.1.3.RELEASE.jar:/home/user/.m2/repository/org/springframework/spring-jcl/5.1.3.RELEASE/spring-jcl-5.1.3.RELEASE.jar:/home/user/.m2/repository/org/springframework/spring-tx/5.1.3.RELEASE/spring-tx-5.1.3.RELEASE.jar:/home/user/.m2/repository/org/mockito/mockito-core/2.15.0/mockito-core-2.15.0.jar:/home/user/.m2/repository/net/bytebuddy/byte-buddy/1.7.9/byte-buddy-1.7.9.jar:/home/user/.m2/repository/net/bytebuddy/byte-buddy-agent/1.7.9/byte-buddy-agent-1.7.9.jar:/home/user/.m2/repository/org/objenesis/objenesis/1.0/objenesis-1.0.jar:"/>
    <property name="sun.cpu.endian" value="little"/>
    <property name="user.home" value="/home/user"/>
    <property name="user.language" value="en"/>
    <property name="java.specification.vendor" value="Oracle Corporation"/>
    <property name="java.home" value="/usr/lib/jvm/java-1.8-openjdk/jre"/>
    <property name="java.security.krb5.conf" value="/tmp/workdir/hadoop-ozone/tools/target/test-classes/krb5.conf"/>
    <property name="basedir" value="/tmp/workdir/hadoop-ozone/tools"/>
    <property name="file.separator" value="/"/>
    <property name="line.separator" value="&#10;"/>
    <property name="java.vm.specification.vendor" value="Oracle Corporation"/>
    <property name="java.specification.name" value="Java Platform API Specification"/>
    <property name="java.awt.graphicsenv" value="sun.awt.X11GraphicsEnvironment"/>
    <property name="surefire.real.class.path" value="/tmp/workdir/hadoop-ozone/tools/target/surefire/surefirebooter3733149318544122410.jar"/>
    <property name="hadoop.log.dir" value="/tmp/workdir/hadoop-ozone/tools/target/log"/>
    <property name="sun.boot.class.path" value="/usr/lib/jvm/java-1.8-openjdk/jre/lib/resources.jar:/usr/lib/jvm/java-1.8-openjdk/jre/lib/rt.jar:/usr/lib/jvm/java-1.8-openjdk/jre/lib/sunrsasign.jar:/usr/lib/jvm/java-1.8-openjdk/jre/lib/jsse.jar:/usr/lib/jvm/java-1.8-openjdk/jre/lib/jce.jar:/usr/lib/jvm/java-1.8-openjdk/jre/lib/charsets.jar:/usr/lib/jvm/java-1.8-openjdk/jre/lib/jfr.jar:/usr/lib/jvm/java-1.8-openjdk/jre/classes"/>
    <property name="sun.management.compiler" value="HotSpot 64-Bit Tiered Compilers"/>
    <property name="java.runtime.version" value="1.8.0_212-b04"/>
    <property name="java.net.preferIPv4Stack" value="true"/>
    <property name="user.name" value="jenkins1000"/>
    <property name="path.separator" value=":"/>
    <property name="java.security.egd" value="file:///dev/urandom"/>
    <property name="os.version" value="3.10.0-957.12.2.el7.x86_64"/>
    <property name="java.endorsed.dirs" value="/usr/lib/jvm/java-1.8-openjdk/jre/lib/endorsed"/>
    <property name="java.runtime.name" value="OpenJDK Runtime Environment"/>
    <property name="file.encoding" value="UTF-8"/>
    <property name="java.vm.name" value="OpenJDK 64-Bit Server VM"/>
    <property name="test.build.webapps" value=""/>
    <property name="localRepository" value="/home/user/.m2/repository"/>
    <property name="java.vendor.url.bug" value="https://icedtea.classpath.org/bugzilla"/>
    <property name="java.io.tmpdir" value="/tmp"/>
    <property name="require.test.libhadoop" value=""/>
    <property name="java.version" value="1.8.0_212"/>
    <property name="user.dir" value="/tmp/workdir/hadoop-ozone/tools"/>
    <property name="os.arch" value="amd64"/>
    <property name="java.vm.specification.name" value="Java Virtual Machine Specification"/>
    <property name="test.build.classes" value="/tmp/workdir/hadoop-ozone/tools/target/test-classes"/>
    <property name="java.awt.printerjob" value="sun.print.PSPrinterJob"/>
    <property name="sun.os.patch.level" value="unknown"/>
    <property name="hadoop.tmp.dir" value="/tmp/workdir/hadoop-ozone/tools/target/tmp"/>
    <property name="java.library.path" value="/usr/lib/jvm/java-1.8-openjdk/jre/lib/amd64/server:/usr/lib/jvm/java-1.8-openjdk/jre/lib/amd64:/usr/lib/jvm/java-1.8-openjdk/jre/../lib/amd64:/tmp/workdir/hadoop-ozone/tools/target/native/target/usr/local/lib:/tmp/workdir/hadoop-ozone/tools/../../hadoop-common-project/hadoop-common/target/native/target/usr/local/lib:/usr/java/packages/lib/amd64:/usr/lib64:/lib64:/lib:/usr/lib"/>
    <property name="java.vm.info" value="mixed mode"/>
    <property name="java.vendor" value="IcedTea"/>
    <property name="java.vm.version" value="25.212-b04"/>
    <property name="java.ext.dirs" value="/usr/lib/jvm/java-1.8-openjdk/jre/lib/ext:/usr/java/packages/lib/ext"/>
    <property name="sun.io.unicode.encoding" value="UnicodeLittle"/>
    <property name="java.class.version" value="52.0"/>
  </properties>
  <testcase name="testRestart" classname="org.apache.hadoop.ozone.freon.TestFreonWithPipelineDestroy" time="18.967">
    <error message="Unexpected Storage Container Exception: org.apache.hadoop.hdds.scm.container.common.helpers.StorageContainerException: ContainerID 6 does not exist" type="java.io.IOException">java.io.IOException: Unexpected Storage Container Exception: org.apache.hadoop.hdds.scm.container.common.helpers.StorageContainerException: ContainerID 6 does not exist
	at org.apache.hadoop.hdds.scm.storage.BlockOutputStream.setIoException(BlockOutputStream.java:548)
	at org.apache.hadoop.hdds.scm.storage.BlockOutputStream.validateResponse(BlockOutputStream.java:539)
	at org.apache.hadoop.hdds.scm.storage.BlockOutputStream.lambda$writeChunkToContainer$2(BlockOutputStream.java:614)
	at java.util.concurrent.CompletableFuture.uniApply(CompletableFuture.java:602)
	at java.util.concurrent.CompletableFuture$UniApply.tryFire(CompletableFuture.java:577)
	at java.util.concurrent.CompletableFuture$Completion.run(CompletableFuture.java:442)
	at java.util.concurrent.ThreadPoolExecutor.runWorker(ThreadPoolExecutor.java:1149)
	at java.util.concurrent.ThreadPoolExecutor$Worker.run(ThreadPoolExecutor.java:624)
	at java.lang.Thread.run(Thread.java:748)
Caused by: org.apache.hadoop.hdds.scm.container.common.helpers.StorageContainerException: ContainerID 6 does not exist
	at org.apache.hadoop.hdds.scm.storage.ContainerProtocolCalls.validateContainerResponse(ContainerProtocolCalls.java:536)
	at org.apache.hadoop.hdds.scm.storage.BlockOutputStream.validateResponse(BlockOutputStream.java:536)
	... 7 more
</error>
    <system-out><![CDATA[2019-07-08 23:57:22,953 WARN  server.ServerUtils (ServerUtils.java:getScmDbDir(145)) - ozone.scm.db.dirs is not configured. We recommend adding this setting. Falling back to ozone.metadata.dirs instead.
2019-07-08 23:57:23,045 WARN  server.ServerUtils (ServerUtils.java:getScmDbDir(145)) - ozone.scm.db.dirs is not configured. We recommend adding this setting. Falling back to ozone.metadata.dirs instead.
2019-07-08 23:57:23,048 WARN  server.ServerUtils (ServerUtils.java:getScmDbDir(145)) - ozone.scm.db.dirs is not configured. We recommend adding this setting. Falling back to ozone.metadata.dirs instead.
2019-07-08 23:57:23,061 INFO  util.log (Log.java:initialized(192)) - Logging initialized @890ms
2019-07-08 23:57:23,140 INFO  db.DBStoreBuilder (DBStoreBuilder.java:addTable(110)) - using custom profile for table: deletedBlocks
2019-07-08 23:57:23,140 INFO  db.DBStoreBuilder (DBStoreBuilder.java:processTables(161)) - Using default column profile:DBProfile.DISK for Table:deletedBlocks
2019-07-08 23:57:23,140 INFO  db.DBStoreBuilder (DBStoreBuilder.java:addTable(110)) - using custom profile for table: validCerts
2019-07-08 23:57:23,141 INFO  db.DBStoreBuilder (DBStoreBuilder.java:processTables(161)) - Using default column profile:DBProfile.DISK for Table:validCerts
2019-07-08 23:57:23,141 INFO  db.DBStoreBuilder (DBStoreBuilder.java:addTable(110)) - using custom profile for table: revokedCerts
2019-07-08 23:57:23,141 INFO  db.DBStoreBuilder (DBStoreBuilder.java:processTables(161)) - Using default column profile:DBProfile.DISK for Table:revokedCerts
2019-07-08 23:57:23,151 INFO  db.DBStoreBuilder (DBStoreBuilder.java:addTable(110)) - using custom profile for table: default
2019-07-08 23:57:23,151 INFO  db.DBStoreBuilder (DBStoreBuilder.java:processTables(167)) - Using default column profile:DBProfile.DISK for Table:default
2019-07-08 23:57:23,152 INFO  db.DBStoreBuilder (DBStoreBuilder.java:getDbProfile(198)) - Using default options. DBProfile.DISK
2019-07-08 23:57:23,235 INFO  net.NodeSchemaLoader (NodeSchemaLoader.java:loadSchemaFromFile(125)) - Loading file from sun.misc.CompoundEnumeration@12b0404f
2019-07-08 23:57:23,237 INFO  net.NodeSchemaLoader (NodeSchemaLoader.java:loadSchema(171)) - Loading network topology layer schema file
2019-07-08 23:57:23,295 INFO  node.SCMNodeManager (SCMNodeManager.java:<init>(119)) - Entering startup safe mode.
2019-07-08 23:57:23,362 WARN  server.ServerUtils (ServerUtils.java:getScmDbDir(145)) - ozone.scm.db.dirs is not configured. We recommend adding this setting. Falling back to ozone.metadata.dirs instead.
2019-07-08 23:57:23,425 INFO  pipeline.SCMPipelineManager (SCMPipelineManager.java:initializePipelineState(126)) - No pipeline exists in current db
2019-07-08 23:57:23,426 WARN  server.ServerUtils (ServerUtils.java:getScmDbDir(145)) - ozone.scm.db.dirs is not configured. We recommend adding this setting. Falling back to ozone.metadata.dirs instead.
2019-07-08 23:57:23,532 WARN  events.EventQueue (EventQueue.java:fireEvent(175)) - No event handler registered for event TypedEvent{payloadType=SafeModeStatus, name='SafeModeStatus'}
2019-07-08 23:57:23,918 INFO  ipc.CallQueueManager (CallQueueManager.java:<init>(84)) - Using callQueue: class java.util.concurrent.LinkedBlockingQueue, queueCapacity: 2000, scheduler: class org.apache.hadoop.ipc.DefaultRpcScheduler, ipcBackoff: false.
2019-07-08 23:57:23,947 INFO  ipc.Server (Server.java:run(1074)) - Starting Socket Reader #1 for port 39616
2019-07-08 23:57:23,971 INFO  ipc.CallQueueManager (CallQueueManager.java:<init>(84)) - Using callQueue: class java.util.concurrent.LinkedBlockingQueue, queueCapacity: 2000, scheduler: class org.apache.hadoop.ipc.DefaultRpcScheduler, ipcBackoff: false.
2019-07-08 23:57:23,973 INFO  ipc.Server (Server.java:run(1074)) - Starting Socket Reader #1 for port 45441
2019-07-08 23:57:23,979 INFO  ipc.CallQueueManager (CallQueueManager.java:<init>(84)) - Using callQueue: class java.util.concurrent.LinkedBlockingQueue, queueCapacity: 2000, scheduler: class org.apache.hadoop.ipc.DefaultRpcScheduler, ipcBackoff: false.
2019-07-08 23:57:23,980 INFO  ipc.Server (Server.java:run(1074)) - Starting Socket Reader #1 for port 34942
2019-07-08 23:57:24,003 INFO  hdfs.DFSUtil (DFSUtil.java:httpServerTemplateForNNAndJN(1641)) - Starting Web-server for scm at: http://0.0.0.0:0
2019-07-08 23:57:24,260 INFO  server.AuthenticationFilter (AuthenticationFilter.java:constructSecretProvider(240)) - Unable to initialize FileSignerSecretProvider, falling back to use random secrets.
2019-07-08 23:57:24,277 WARN  http.HttpRequestLog (HttpRequestLog.java:getRequestLog(97)) - Jetty request log can only be enabled using Log4j
2019-07-08 23:57:24,285 INFO  http.HttpServer2 (HttpServer2.java:addGlobalFilter(975)) - Added global filter 'safety' (class=org.apache.hadoop.http.HttpServer2$QuotingInputFilter)
2019-07-08 23:57:24,288 INFO  http.HttpServer2 (HttpServer2.java:addFilter(948)) - Added filter static_user_filter (class=org.apache.hadoop.http.lib.StaticUserWebFilter$StaticUserFilter) to context scm
2019-07-08 23:57:24,288 INFO  http.HttpServer2 (HttpServer2.java:addFilter(958)) - Added filter static_user_filter (class=org.apache.hadoop.http.lib.StaticUserWebFilter$StaticUserFilter) to context logs
2019-07-08 23:57:24,289 INFO  http.HttpServer2 (HttpServer2.java:addFilter(958)) - Added filter static_user_filter (class=org.apache.hadoop.http.lib.StaticUserWebFilter$StaticUserFilter) to context static
2019-07-08 23:57:24,316 INFO  server.StorageContainerManager (StorageContainerManager.java:start(753)) - StorageContainerLocationProtocol RPC server is listening at /0.0.0.0:34942
2019-07-08 23:57:24,373 WARN  impl.MetricsConfig (MetricsConfig.java:loadFirst(134)) - Cannot locate configuration: tried hadoop-metrics2-storagecontainermanager.properties,hadoop-metrics2.properties
2019-07-08 23:57:24,388 INFO  impl.MetricsSystemImpl (MetricsSystemImpl.java:startTimer(374)) - Scheduled Metric snapshot period at 10 second(s).
2019-07-08 23:57:24,388 INFO  impl.MetricsSystemImpl (MetricsSystemImpl.java:start(191)) - StorageContainerManager metrics system started
2019-07-08 23:57:24,609 INFO  server.SCMClientProtocolServer (SCMClientProtocolServer.java:start(149)) - RPC server for Client  is listening at /0.0.0.0:34942
2019-07-08 23:57:24,610 INFO  ipc.Server (Server.java:run(1314)) - IPC Server Responder: starting
2019-07-08 23:57:24,610 INFO  ipc.Server (Server.java:run(1153)) - IPC Server listener on 34942: starting
2019-07-08 23:57:24,614 INFO  server.StorageContainerManager (StorageContainerManager.java:start(762)) - ScmBlockLocationProtocol RPC server is listening at /0.0.0.0:45441
2019-07-08 23:57:24,614 INFO  server.SCMBlockProtocolServer (SCMBlockProtocolServer.java:start(137)) - RPC server for Block Protocol is listening at /0.0.0.0:45441
2019-07-08 23:57:24,616 INFO  ipc.Server (Server.java:run(1314)) - IPC Server Responder: starting
2019-07-08 23:57:24,616 INFO  ipc.Server (Server.java:run(1153)) - IPC Server listener on 45441: starting
2019-07-08 23:57:24,625 INFO  server.StorageContainerManager (StorageContainerManager.java:start(766)) - ScmDatanodeProtocl RPC server is listening at /0.0.0.0:39616
2019-07-08 23:57:24,626 INFO  server.SCMDatanodeProtocolServer (SCMDatanodeProtocolServer.java:start(191)) - RPC server for DataNodes is listening at /0.0.0.0:39616
2019-07-08 23:57:24,627 INFO  ipc.Server (Server.java:run(1314)) - IPC Server Responder: starting
2019-07-08 23:57:24,627 INFO  ipc.Server (Server.java:run(1153)) - IPC Server listener on 39616: starting
2019-07-08 23:57:24,643 INFO  http.HttpServer2 (HttpServer2.java:bindListener(1191)) - Jetty bound to port 37815
2019-07-08 23:57:24,646 INFO  server.Server (Server.java:doStart(351)) - jetty-9.3.24.v20180605, build timestamp: 2018-06-05T17:11:56Z, git hash: 84205aa28f11a4f31f2a3b86d1bba2cc8ab69827
2019-07-08 23:57:24,694 INFO  handler.ContextHandler (ContextHandler.java:doStart(781)) - Started o.e.j.s.ServletContextHandler@413f69cc{/logs,file:///tmp/workdir/hadoop-ozone/tools/target/log,AVAILABLE}
2019-07-08 23:57:24,695 INFO  handler.ContextHandler (ContextHandler.java:doStart(781)) - Started o.e.j.s.ServletContextHandler@1b75c2e3{/static,file:///tmp/workdir/hadoop-hdds/server-scm/target/classes/webapps/static/,AVAILABLE}
2019-07-08 23:57:24,728 INFO  handler.ContextHandler (ContextHandler.java:doStart(781)) - Started o.e.j.w.WebAppContext@3918c187{/,file:///tmp/workdir/hadoop-hdds/server-scm/target/classes/webapps/scm/,AVAILABLE}{/scm}
2019-07-08 23:57:24,732 INFO  server.AbstractConnector (AbstractConnector.java:doStart(278)) - Started ServerConnector@11eadcba{HTTP/1.1,[http/1.1]}{0.0.0.0:37815}
2019-07-08 23:57:24,732 INFO  server.Server (Server.java:doStart(419)) - Started @2561ms
2019-07-08 23:57:24,735 INFO  server.BaseHttpServer (BaseHttpServer.java:updateConnectorAddress(207)) - HTTP server of SCM is listening at http://0.0.0.0:37815
2019-07-08 23:57:24,743 INFO  util.JvmPauseMonitor (JvmPauseMonitor.java:run(188)) - Starting JVM pause monitor
2019-07-08 23:57:24,745 WARN  server.ServerUtils (ServerUtils.java:getDBPath(222)) - ozone.om.db.dirs is not configured. We recommend adding this setting. Falling back to ozone.metadata.dirs instead.
2019-07-08 23:57:24,846 WARN  server.ServerUtils (ServerUtils.java:getDBPath(222)) - ozone.om.db.dirs is not configured. We recommend adding this setting. Falling back to ozone.metadata.dirs instead.
2019-07-08 23:57:24,848 INFO  om.OzoneManager (OzoneManager.java:setOMNodeDetails(621)) - OM Service ID is not set. Setting it to the default ID: omServiceIdDefault
2019-07-08 23:57:24,848 INFO  om.OzoneManager (OzoneManager.java:setOMNodeDetails(627)) - OM Node ID is not set. Setting it to the OmStorage's OmID: 7581ff0a-12c5-45d3-b453-a3bef32c18f9
2019-07-08 23:57:24,849 INFO  om.OzoneManager (OzoneManager.java:loadOMHAConfigs(578)) - Found matching OM address with OMServiceId: null, OMNodeId: null, RPC Address: localhost:0 and Ratis port: 9872
2019-07-08 23:57:25,089 WARN  server.ServerUtils (ServerUtils.java:getDBPath(222)) - ozone.om.db.dirs is not configured. We recommend adding this setting. Falling back to ozone.metadata.dirs instead.
2019-07-08 23:57:25,099 INFO  db.DBStoreBuilder (DBStoreBuilder.java:addTable(110)) - using custom profile for table: userTable
2019-07-08 23:57:25,100 INFO  db.DBStoreBuilder (DBStoreBuilder.java:processTables(161)) - Using default column profile:DBProfile.DISK for Table:userTable
2019-07-08 23:57:25,100 INFO  db.DBStoreBuilder (DBStoreBuilder.java:addTable(110)) - using custom profile for table: volumeTable
2019-07-08 23:57:25,100 INFO  db.DBStoreBuilder (DBStoreBuilder.java:processTables(161)) - Using default column profile:DBProfile.DISK for Table:volumeTable
2019-07-08 23:57:25,101 INFO  db.DBStoreBuilder (DBStoreBuilder.java:addTable(110)) - using custom profile for table: bucketTable
2019-07-08 23:57:25,101 INFO  db.DBStoreBuilder (DBStoreBuilder.java:processTables(161)) - Using default column profile:DBProfile.DISK for Table:bucketTable
2019-07-08 23:57:25,101 INFO  db.DBStoreBuilder (DBStoreBuilder.java:addTable(110)) - using custom profile for table: keyTable
2019-07-08 23:57:25,101 INFO  db.DBStoreBuilder (DBStoreBuilder.java:processTables(161)) - Using default column profile:DBProfile.DISK for Table:keyTable
2019-07-08 23:57:25,102 INFO  db.DBStoreBuilder (DBStoreBuilder.java:addTable(110)) - using custom profile for table: deletedTable
2019-07-08 23:57:25,102 INFO  db.DBStoreBuilder (DBStoreBuilder.java:processTables(161)) - Using default column profile:DBProfile.DISK for Table:deletedTable
2019-07-08 23:57:25,103 INFO  db.DBStoreBuilder (DBStoreBuilder.java:addTable(110)) - using custom profile for table: openKeyTable
2019-07-08 23:57:25,103 INFO  db.DBStoreBuilder (DBStoreBuilder.java:processTables(161)) - Using default column profile:DBProfile.DISK for Table:openKeyTable
2019-07-08 23:57:25,103 INFO  db.DBStoreBuilder (DBStoreBuilder.java:addTable(110)) - using custom profile for table: s3Table
2019-07-08 23:57:25,103 INFO  db.DBStoreBuilder (DBStoreBuilder.java:processTables(161)) - Using default column profile:DBProfile.DISK for Table:s3Table
2019-07-08 23:57:25,104 INFO  db.DBStoreBuilder (DBStoreBuilder.java:addTable(110)) - using custom profile for table: multipartInfoTable
2019-07-08 23:57:25,104 INFO  db.DBStoreBuilder (DBStoreBuilder.java:processTables(161)) - Using default column profile:DBProfile.DISK for Table:multipartInfoTable
2019-07-08 23:57:25,105 INFO  db.DBStoreBuilder (DBStoreBuilder.java:addTable(110)) - using custom profile for table: dTokenTable
2019-07-08 23:57:25,105 INFO  db.DBStoreBuilder (DBStoreBuilder.java:processTables(161)) - Using default column profile:DBProfile.DISK for Table:dTokenTable
2019-07-08 23:57:25,105 INFO  db.DBStoreBuilder (DBStoreBuilder.java:addTable(110)) - using custom profile for table: s3SecretTable
2019-07-08 23:57:25,106 INFO  db.DBStoreBuilder (DBStoreBuilder.java:processTables(161)) - Using default column profile:DBProfile.DISK for Table:s3SecretTable
2019-07-08 23:57:25,106 INFO  db.DBStoreBuilder (DBStoreBuilder.java:addTable(110)) - using custom profile for table: prefixTable
2019-07-08 23:57:25,106 INFO  db.DBStoreBuilder (DBStoreBuilder.java:processTables(161)) - Using default column profile:DBProfile.DISK for Table:prefixTable
2019-07-08 23:57:25,107 INFO  db.DBStoreBuilder (DBStoreBuilder.java:addTable(110)) - using custom profile for table: default
2019-07-08 23:57:25,107 INFO  db.DBStoreBuilder (DBStoreBuilder.java:processTables(167)) - Using default column profile:DBProfile.DISK for Table:default
2019-07-08 23:57:25,107 INFO  db.DBStoreBuilder (DBStoreBuilder.java:getDbProfile(198)) - Using default options. DBProfile.DISK
2019-07-08 23:57:25,780 INFO  ipc.CallQueueManager (CallQueueManager.java:<init>(84)) - Using callQueue: class java.util.concurrent.LinkedBlockingQueue, queueCapacity: 2000, scheduler: class org.apache.hadoop.ipc.DefaultRpcScheduler, ipcBackoff: false.
2019-07-08 23:57:25,782 INFO  ipc.Server (Server.java:run(1074)) - Starting Socket Reader #1 for port 34361
2019-07-08 23:57:25,810 WARN  server.ServerUtils (ServerUtils.java:getDBPath(222)) - ozone.om.db.dirs is not configured. We recommend adding this setting. Falling back to ozone.metadata.dirs instead.
2019-07-08 23:57:25,811 INFO  om.OzoneManager (OzoneManager.java:start(1219)) - OzoneManager RPC server is listening at localhost/127.0.0.1:34361
2019-07-08 23:57:25,811 INFO  impl.MetricsSystemImpl (MetricsSystemImpl.java:init(158)) - OzoneManager metrics system started (again)
2019-07-08 23:57:25,812 INFO  ipc.Server (Server.java:run(1314)) - IPC Server Responder: starting
2019-07-08 23:57:25,813 INFO  ipc.Server (Server.java:run(1153)) - IPC Server listener on 34361: starting
2019-07-08 23:57:25,827 INFO  hdfs.DFSUtil (DFSUtil.java:httpServerTemplateForNNAndJN(1641)) - Starting Web-server for ozoneManager at: http://0.0.0.0:0
2019-07-08 23:57:25,828 INFO  server.AuthenticationFilter (AuthenticationFilter.java:constructSecretProvider(240)) - Unable to initialize FileSignerSecretProvider, falling back to use random secrets.
2019-07-08 23:57:25,829 WARN  http.HttpRequestLog (HttpRequestLog.java:getRequestLog(97)) - Jetty request log can only be enabled using Log4j
2019-07-08 23:57:25,831 INFO  http.HttpServer2 (HttpServer2.java:addGlobalFilter(975)) - Added global filter 'safety' (class=org.apache.hadoop.http.HttpServer2$QuotingInputFilter)
2019-07-08 23:57:25,832 INFO  http.HttpServer2 (HttpServer2.java:addFilter(948)) - Added filter static_user_filter (class=org.apache.hadoop.http.lib.StaticUserWebFilter$StaticUserFilter) to context ozoneManager
2019-07-08 23:57:25,832 INFO  http.HttpServer2 (HttpServer2.java:addFilter(958)) - Added filter static_user_filter (class=org.apache.hadoop.http.lib.StaticUserWebFilter$StaticUserFilter) to context static
2019-07-08 23:57:25,832 INFO  http.HttpServer2 (HttpServer2.java:addFilter(958)) - Added filter static_user_filter (class=org.apache.hadoop.http.lib.StaticUserWebFilter$StaticUserFilter) to context logs
2019-07-08 23:57:25,834 INFO  http.HttpServer2 (HttpServer2.java:bindListener(1191)) - Jetty bound to port 40015
2019-07-08 23:57:25,834 INFO  server.Server (Server.java:doStart(351)) - jetty-9.3.24.v20180605, build timestamp: 2018-06-05T17:11:56Z, git hash: 84205aa28f11a4f31f2a3b86d1bba2cc8ab69827
2019-07-08 23:57:25,836 INFO  handler.ContextHandler (ContextHandler.java:doStart(781)) - Started o.e.j.s.ServletContextHandler@85ec632{/logs,file:///tmp/workdir/hadoop-ozone/tools/target/log,AVAILABLE}
2019-07-08 23:57:25,837 INFO  handler.ContextHandler (ContextHandler.java:doStart(781)) - Started o.e.j.s.ServletContextHandler@65ef722a{/static,file:///tmp/workdir/hadoop-ozone/ozone-manager/target/classes/webapps/static/,AVAILABLE}
2019-07-08 23:57:25,841 INFO  handler.ContextHandler (ContextHandler.java:doStart(781)) - Started o.e.j.w.WebAppContext@1c65121{/,file:///tmp/workdir/hadoop-ozone/ozone-manager/target/classes/webapps/ozoneManager/,AVAILABLE}{/ozoneManager}
2019-07-08 23:57:25,842 INFO  server.AbstractConnector (AbstractConnector.java:doStart(278)) - Started ServerConnector@159e366{HTTP/1.1,[http/1.1]}{0.0.0.0:40015}
2019-07-08 23:57:25,842 INFO  server.Server (Server.java:doStart(419)) - Started @3671ms
2019-07-08 23:57:25,843 INFO  server.BaseHttpServer (BaseHttpServer.java:updateConnectorAddress(207)) - HTTP server of OZONEMANAGER is listening at http://0.0.0.0:40015
2019-07-08 23:57:26,162 INFO  impl.MetricsSystemImpl (MetricsSystemImpl.java:init(158)) - HddsDatanode metrics system started (again)
2019-07-08 23:57:26,246 INFO  ozone.HddsDatanodeService (HddsDatanodeService.java:start(185)) - HddsDatanodeService host:hdds1735-nc2fb-114972354 ip:192.168.5.141
2019-07-08 23:57:26,277 INFO  volume.HddsVolume (HddsVolume.java:<init>(176)) - Creating Volume: /tmp/workdir/hadoop-ozone/tools/target/test-dir/MiniOzoneClusterImpl-2b8b0ed9-393c-4f9f-8988-c7aaab790c5d/datanode-0/data/containers/hdds of  storage type : DISK and capacity : 52710309888
2019-07-08 23:57:26,278 INFO  volume.VolumeSet (VolumeSet.java:initializeVolumeSet(170)) - Added Volume : /tmp/workdir/hadoop-ozone/tools/target/test-dir/MiniOzoneClusterImpl-2b8b0ed9-393c-4f9f-8988-c7aaab790c5d/datanode-0/data/containers/hdds to VolumeSet
2019-07-08 23:57:26,281 INFO  volume.ThrottledAsyncChecker (ThrottledAsyncChecker.java:schedule(140)) - Scheduling a check for org.apache.hadoop.ozone.container.common.volume.HddsVolume@3122b117
2019-07-08 23:57:26,299 INFO  volume.HddsVolumeChecker (HddsVolumeChecker.java:checkAllVolumes(203)) - Scheduled health check for volume org.apache.hadoop.ozone.container.common.volume.HddsVolume@3122b117
2019-07-08 23:57:26,345 INFO  ratis.XceiverServerRatis (XceiverServerRatis.java:newXceiverServerRatis(411)) - Found a free port for the server : 46501
2019-07-08 23:57:26,415 INFO  impl.RaftServerProxy (ConfUtils.java:logGet(43)) - raft.rpc.type = GRPC (default)
2019-07-08 23:57:26,481 INFO  grpc.GrpcFactory (GrpcFactory.java:checkPooledByteBufAllocatorUseCacheForAllThreads(45)) - PERFORMANCE WARNING: useCacheForAllThreads is true that may cause Netty to create a lot garbage objects and, as a result, trigger GC.
	It is recommended to disable useCacheForAllThreads by setting -Dorg.apache.ratis.thirdparty.io.netty.allocator.useCacheForAllThreads=false in command line.
2019-07-08 23:57:26,486 INFO  grpc.GrpcConfigKeys$Server (ConfUtils.java:logGet(43)) - raft.grpc.server.port = 46501 (custom)
2019-07-08 23:57:26,487 INFO  server.GrpcService (ConfUtils.java:logGet(43)) - raft.grpc.message.size.max = 33570816 (custom)
2019-07-08 23:57:26,488 INFO  server.RaftServerConfigKeys (ConfUtils.java:logGet(43)) - raft.server.log.appender.buffer.byte-limit = 33554432 (custom)
2019-07-08 23:57:26,489 INFO  server.GrpcService (ConfUtils.java:logGet(43)) - raft.grpc.flow.control.window = 1MB (=1048576) (default)
2019-07-08 23:57:26,489 INFO  server.RaftServerConfigKeys (ConfUtils.java:logGet(43)) - raft.server.rpc.request.timeout = 3000ms (default)
2019-07-08 23:57:26,660 INFO  server.RaftServerConfigKeys (ConfUtils.java:logGet(43)) - raft.server.storage.dir = [/tmp/workdir/hadoop-ozone/tools/target/test-dir/MiniOzoneClusterImpl-2b8b0ed9-393c-4f9f-8988-c7aaab790c5d/datanode-0/data/ratis] (custom)
2019-07-08 23:57:26,667 INFO  server.XceiverServerGrpc (XceiverServerGrpc.java:<init>(97)) - Found a free port for the server : 44614
2019-07-08 23:57:26,697 INFO  replication.SimpleContainerDownloader (SimpleContainerDownloader.java:<init>(72)) - Starting container downloader service to copy containers to replicate.
2019-07-08 23:57:26,710 INFO  hdfs.DFSUtil (DFSUtil.java:httpServerTemplateForNNAndJN(1641)) - Starting Web-server for hddsDatanode at: http://0.0.0.0:0
2019-07-08 23:57:26,713 INFO  server.AuthenticationFilter (AuthenticationFilter.java:constructSecretProvider(240)) - Unable to initialize FileSignerSecretProvider, falling back to use random secrets.
2019-07-08 23:57:26,714 WARN  http.HttpRequestLog (HttpRequestLog.java:getRequestLog(97)) - Jetty request log can only be enabled using Log4j
2019-07-08 23:57:26,717 INFO  http.HttpServer2 (HttpServer2.java:addGlobalFilter(975)) - Added global filter 'safety' (class=org.apache.hadoop.http.HttpServer2$QuotingInputFilter)
2019-07-08 23:57:26,719 INFO  http.HttpServer2 (HttpServer2.java:addFilter(948)) - Added filter static_user_filter (class=org.apache.hadoop.http.lib.StaticUserWebFilter$StaticUserFilter) to context hddsDatanode
2019-07-08 23:57:26,719 INFO  http.HttpServer2 (HttpServer2.java:addFilter(958)) - Added filter static_user_filter (class=org.apache.hadoop.http.lib.StaticUserWebFilter$StaticUserFilter) to context static
2019-07-08 23:57:26,719 INFO  http.HttpServer2 (HttpServer2.java:addFilter(958)) - Added filter static_user_filter (class=org.apache.hadoop.http.lib.StaticUserWebFilter$StaticUserFilter) to context logs
2019-07-08 23:57:26,721 INFO  http.HttpServer2 (HttpServer2.java:bindListener(1191)) - Jetty bound to port 38927
2019-07-08 23:57:26,721 INFO  server.Server (Server.java:doStart(351)) - jetty-9.3.24.v20180605, build timestamp: 2018-06-05T17:11:56Z, git hash: 84205aa28f11a4f31f2a3b86d1bba2cc8ab69827
2019-07-08 23:57:26,724 INFO  handler.ContextHandler (ContextHandler.java:doStart(781)) - Started o.e.j.s.ServletContextHandler@3f4cd155{/logs,file:///tmp/workdir/hadoop-ozone/tools/target/log,AVAILABLE}
2019-07-08 23:57:26,725 INFO  handler.ContextHandler (ContextHandler.java:doStart(781)) - Started o.e.j.s.ServletContextHandler@506dcf55{/static,file:///tmp/workdir/hadoop-hdds/container-service/target/classes/webapps/static,AVAILABLE}
2019-07-08 23:57:26,732 INFO  handler.ContextHandler (ContextHandler.java:doStart(781)) - Started o.e.j.w.WebAppContext@6145b81e{/,file:///tmp/workdir/hadoop-hdds/container-service/target/classes/webapps/hddsDatanode/,AVAILABLE}{/hddsDatanode}
2019-07-08 23:57:26,733 INFO  server.AbstractConnector (AbstractConnector.java:doStart(278)) - Started ServerConnector@64355120{HTTP/1.1,[http/1.1]}{0.0.0.0:38927}
2019-07-08 23:57:26,734 INFO  server.Server (Server.java:doStart(419)) - Started @4563ms
2019-07-08 23:57:26,736 INFO  server.BaseHttpServer (BaseHttpServer.java:updateConnectorAddress(207)) - HTTP server of HDDSDATANODE is listening at http://0.0.0.0:38927
2019-07-08 23:57:27,879 INFO  ozone.HddsDatanodeService (HddsDatanodeService.java:startPlugins(396)) - Started plug-in org.apache.hadoop.ozone.web.OzoneHddsDatanodeService@36920bd6
2019-07-08 23:57:27,881 INFO  impl.MetricsSystemImpl (MetricsSystemImpl.java:init(158)) - HddsDatanode metrics system started (again)
2019-07-08 23:57:27,882 INFO  ozone.HddsDatanodeService (HddsDatanodeService.java:start(185)) - HddsDatanodeService host:hdds1735-nc2fb-114972354 ip:192.168.5.141
2019-07-08 23:57:27,888 INFO  util.JvmPauseMonitor (JvmPauseMonitor.java:run(188)) - Starting JVM pause monitor
2019-07-08 23:57:27,893 INFO  volume.HddsVolume (HddsVolume.java:<init>(176)) - Creating Volume: /tmp/workdir/hadoop-ozone/tools/target/test-dir/MiniOzoneClusterImpl-2b8b0ed9-393c-4f9f-8988-c7aaab790c5d/datanode-1/data/containers/hdds of  storage type : DISK and capacity : 52710309888
2019-07-08 23:57:27,894 INFO  volume.VolumeSet (VolumeSet.java:initializeVolumeSet(170)) - Added Volume : /tmp/workdir/hadoop-ozone/tools/target/test-dir/MiniOzoneClusterImpl-2b8b0ed9-393c-4f9f-8988-c7aaab790c5d/datanode-1/data/containers/hdds to VolumeSet
2019-07-08 23:57:27,895 INFO  volume.ThrottledAsyncChecker (ThrottledAsyncChecker.java:schedule(140)) - Scheduling a check for org.apache.hadoop.ozone.container.common.volume.HddsVolume@208f0007
2019-07-08 23:57:27,896 INFO  volume.HddsVolumeChecker (HddsVolumeChecker.java:checkAllVolumes(203)) - Scheduled health check for volume org.apache.hadoop.ozone.container.common.volume.HddsVolume@208f0007
2019-07-08 23:57:27,924 INFO  ratis.XceiverServerRatis (XceiverServerRatis.java:newXceiverServerRatis(411)) - Found a free port for the server : 34888
2019-07-08 23:57:27,926 INFO  impl.RaftServerProxy (ConfUtils.java:logGet(43)) - raft.rpc.type = GRPC (default)
2019-07-08 23:57:27,926 INFO  grpc.GrpcFactory (GrpcFactory.java:checkPooledByteBufAllocatorUseCacheForAllThreads(45)) - PERFORMANCE WARNING: useCacheForAllThreads is true that may cause Netty to create a lot garbage objects and, as a result, trigger GC.
	It is recommended to disable useCacheForAllThreads by setting -Dorg.apache.ratis.thirdparty.io.netty.allocator.useCacheForAllThreads=false in command line.
2019-07-08 23:57:27,927 INFO  grpc.GrpcConfigKeys$Server (ConfUtils.java:logGet(43)) - raft.grpc.server.port = 34888 (custom)
2019-07-08 23:57:27,927 INFO  server.GrpcService (ConfUtils.java:logGet(43)) - raft.grpc.message.size.max = 33570816 (custom)
2019-07-08 23:57:27,928 INFO  server.RaftServerConfigKeys (ConfUtils.java:logGet(43)) - raft.server.log.appender.buffer.byte-limit = 33554432 (custom)
2019-07-08 23:57:27,928 INFO  server.GrpcService (ConfUtils.java:logGet(43)) - raft.grpc.flow.control.window = 1MB (=1048576) (default)
2019-07-08 23:57:27,928 INFO  server.RaftServerConfigKeys (ConfUtils.java:logGet(43)) - raft.server.rpc.request.timeout = 3000ms (default)
2019-07-08 23:57:27,930 INFO  server.RaftServerConfigKeys (ConfUtils.java:logGet(43)) - raft.server.storage.dir = [/tmp/workdir/hadoop-ozone/tools/target/test-dir/MiniOzoneClusterImpl-2b8b0ed9-393c-4f9f-8988-c7aaab790c5d/datanode-1/data/ratis] (custom)
2019-07-08 23:57:27,930 INFO  server.XceiverServerGrpc (XceiverServerGrpc.java:<init>(97)) - Found a free port for the server : 35862
2019-07-08 23:57:27,931 INFO  replication.SimpleContainerDownloader (SimpleContainerDownloader.java:<init>(72)) - Starting container downloader service to copy containers to replicate.
2019-07-08 23:57:27,934 INFO  hdfs.DFSUtil (DFSUtil.java:httpServerTemplateForNNAndJN(1641)) - Starting Web-server for hddsDatanode at: http://0.0.0.0:0
2019-07-08 23:57:27,944 INFO  server.AuthenticationFilter (AuthenticationFilter.java:constructSecretProvider(240)) - Unable to initialize FileSignerSecretProvider, falling back to use random secrets.
2019-07-08 23:57:27,947 WARN  http.HttpRequestLog (HttpRequestLog.java:getRequestLog(97)) - Jetty request log can only be enabled using Log4j
2019-07-08 23:57:27,950 INFO  http.HttpServer2 (HttpServer2.java:addGlobalFilter(975)) - Added global filter 'safety' (class=org.apache.hadoop.http.HttpServer2$QuotingInputFilter)
2019-07-08 23:57:27,951 INFO  http.HttpServer2 (HttpServer2.java:addFilter(948)) - Added filter static_user_filter (class=org.apache.hadoop.http.lib.StaticUserWebFilter$StaticUserFilter) to context hddsDatanode
2019-07-08 23:57:27,952 INFO  http.HttpServer2 (HttpServer2.java:addFilter(958)) - Added filter static_user_filter (class=org.apache.hadoop.http.lib.StaticUserWebFilter$StaticUserFilter) to context logs
2019-07-08 23:57:27,952 INFO  http.HttpServer2 (HttpServer2.java:addFilter(958)) - Added filter static_user_filter (class=org.apache.hadoop.http.lib.StaticUserWebFilter$StaticUserFilter) to context static
2019-07-08 23:57:27,953 INFO  http.HttpServer2 (HttpServer2.java:bindListener(1191)) - Jetty bound to port 46725
2019-07-08 23:57:27,953 INFO  server.Server (Server.java:doStart(351)) - jetty-9.3.24.v20180605, build timestamp: 2018-06-05T17:11:56Z, git hash: 84205aa28f11a4f31f2a3b86d1bba2cc8ab69827
2019-07-08 23:57:27,956 INFO  handler.ContextHandler (ContextHandler.java:doStart(781)) - Started o.e.j.s.ServletContextHandler@51dae791{/logs,file:///tmp/workdir/hadoop-ozone/tools/target/log,AVAILABLE}
2019-07-08 23:57:27,957 INFO  handler.ContextHandler (ContextHandler.java:doStart(781)) - Started o.e.j.s.ServletContextHandler@5de5e95{/static,file:///tmp/workdir/hadoop-hdds/container-service/target/classes/webapps/static,AVAILABLE}
2019-07-08 23:57:27,963 INFO  handler.ContextHandler (ContextHandler.java:doStart(781)) - Started o.e.j.w.WebAppContext@34c70b5e{/,file:///tmp/workdir/hadoop-hdds/container-service/target/classes/webapps/hddsDatanode/,AVAILABLE}{/hddsDatanode}
2019-07-08 23:57:27,964 INFO  server.AbstractConnector (AbstractConnector.java:doStart(278)) - Started ServerConnector@4f2d995e{HTTP/1.1,[http/1.1]}{0.0.0.0:46725}
2019-07-08 23:57:27,965 INFO  server.Server (Server.java:doStart(419)) - Started @5794ms
2019-07-08 23:57:27,967 INFO  server.BaseHttpServer (BaseHttpServer.java:updateConnectorAddress(207)) - HTTP server of HDDSDATANODE is listening at http://0.0.0.0:46725
2019-07-08 23:57:28,024 INFO  datanode.InitDatanodeState (InitDatanodeState.java:persistContainerDatanodeDetails(140)) - DatanodeDetails is persisted to /tmp/workdir/hadoop-ozone/tools/target/test-dir/MiniOzoneClusterImpl-2b8b0ed9-393c-4f9f-8988-c7aaab790c5d/datanode-0/meta/datanode.id
2019-07-08 23:57:28,170 INFO  ozone.HddsDatanodeService (HddsDatanodeService.java:startPlugins(396)) - Started plug-in org.apache.hadoop.ozone.web.OzoneHddsDatanodeService@696db620
2019-07-08 23:57:28,170 INFO  impl.MetricsSystemImpl (MetricsSystemImpl.java:init(158)) - HddsDatanode metrics system started (again)
2019-07-08 23:57:28,171 INFO  ozone.HddsDatanodeService (HddsDatanodeService.java:start(185)) - HddsDatanodeService host:hdds1735-nc2fb-114972354 ip:192.168.5.141
2019-07-08 23:57:28,173 INFO  util.JvmPauseMonitor (JvmPauseMonitor.java:run(188)) - Starting JVM pause monitor
2019-07-08 23:57:28,184 INFO  volume.HddsVolume (HddsVolume.java:<init>(176)) - Creating Volume: /tmp/workdir/hadoop-ozone/tools/target/test-dir/MiniOzoneClusterImpl-2b8b0ed9-393c-4f9f-8988-c7aaab790c5d/datanode-2/data/containers/hdds of  storage type : DISK and capacity : 52710309888
2019-07-08 23:57:28,185 INFO  volume.VolumeSet (VolumeSet.java:initializeVolumeSet(170)) - Added Volume : /tmp/workdir/hadoop-ozone/tools/target/test-dir/MiniOzoneClusterImpl-2b8b0ed9-393c-4f9f-8988-c7aaab790c5d/datanode-2/data/containers/hdds to VolumeSet
2019-07-08 23:57:28,185 INFO  volume.ThrottledAsyncChecker (ThrottledAsyncChecker.java:schedule(140)) - Scheduling a check for org.apache.hadoop.ozone.container.common.volume.HddsVolume@12a470dd
2019-07-08 23:57:28,186 INFO  datanode.InitDatanodeState (InitDatanodeState.java:persistContainerDatanodeDetails(140)) - DatanodeDetails is persisted to /tmp/workdir/hadoop-ozone/tools/target/test-dir/MiniOzoneClusterImpl-2b8b0ed9-393c-4f9f-8988-c7aaab790c5d/datanode-1/meta/datanode.id
2019-07-08 23:57:28,187 INFO  volume.HddsVolumeChecker (HddsVolumeChecker.java:checkAllVolumes(203)) - Scheduled health check for volume org.apache.hadoop.ozone.container.common.volume.HddsVolume@12a470dd
2019-07-08 23:57:28,210 INFO  ratis.XceiverServerRatis (XceiverServerRatis.java:newXceiverServerRatis(411)) - Found a free port for the server : 40288
2019-07-08 23:57:28,212 INFO  impl.RaftServerProxy (ConfUtils.java:logGet(43)) - raft.rpc.type = GRPC (default)
2019-07-08 23:57:28,213 INFO  grpc.GrpcFactory (GrpcFactory.java:checkPooledByteBufAllocatorUseCacheForAllThreads(45)) - PERFORMANCE WARNING: useCacheForAllThreads is true that may cause Netty to create a lot garbage objects and, as a result, trigger GC.
	It is recommended to disable useCacheForAllThreads by setting -Dorg.apache.ratis.thirdparty.io.netty.allocator.useCacheForAllThreads=false in command line.
2019-07-08 23:57:28,213 INFO  grpc.GrpcConfigKeys$Server (ConfUtils.java:logGet(43)) - raft.grpc.server.port = 40288 (custom)
2019-07-08 23:57:28,213 INFO  server.GrpcService (ConfUtils.java:logGet(43)) - raft.grpc.message.size.max = 33570816 (custom)
2019-07-08 23:57:28,214 INFO  server.RaftServerConfigKeys (ConfUtils.java:logGet(43)) - raft.server.log.appender.buffer.byte-limit = 33554432 (custom)
2019-07-08 23:57:28,214 INFO  server.GrpcService (ConfUtils.java:logGet(43)) - raft.grpc.flow.control.window = 1MB (=1048576) (default)
2019-07-08 23:57:28,214 INFO  server.RaftServerConfigKeys (ConfUtils.java:logGet(43)) - raft.server.rpc.request.timeout = 3000ms (default)
2019-07-08 23:57:28,215 INFO  server.RaftServerConfigKeys (ConfUtils.java:logGet(43)) - raft.server.storage.dir = [/tmp/workdir/hadoop-ozone/tools/target/test-dir/MiniOzoneClusterImpl-2b8b0ed9-393c-4f9f-8988-c7aaab790c5d/datanode-2/data/ratis] (custom)
2019-07-08 23:57:28,216 INFO  server.XceiverServerGrpc (XceiverServerGrpc.java:<init>(97)) - Found a free port for the server : 46763
2019-07-08 23:57:28,217 INFO  replication.SimpleContainerDownloader (SimpleContainerDownloader.java:<init>(72)) - Starting container downloader service to copy containers to replicate.
2019-07-08 23:57:28,218 INFO  hdfs.DFSUtil (DFSUtil.java:httpServerTemplateForNNAndJN(1641)) - Starting Web-server for hddsDatanode at: http://0.0.0.0:0
2019-07-08 23:57:28,220 INFO  server.AuthenticationFilter (AuthenticationFilter.java:constructSecretProvider(240)) - Unable to initialize FileSignerSecretProvider, falling back to use random secrets.
2019-07-08 23:57:28,221 WARN  http.HttpRequestLog (HttpRequestLog.java:getRequestLog(97)) - Jetty request log can only be enabled using Log4j
2019-07-08 23:57:28,224 INFO  http.HttpServer2 (HttpServer2.java:addGlobalFilter(975)) - Added global filter 'safety' (class=org.apache.hadoop.http.HttpServer2$QuotingInputFilter)
2019-07-08 23:57:28,225 INFO  http.HttpServer2 (HttpServer2.java:addFilter(948)) - Added filter static_user_filter (class=org.apache.hadoop.http.lib.StaticUserWebFilter$StaticUserFilter) to context hddsDatanode
2019-07-08 23:57:28,225 INFO  http.HttpServer2 (HttpServer2.java:addFilter(958)) - Added filter static_user_filter (class=org.apache.hadoop.http.lib.StaticUserWebFilter$StaticUserFilter) to context static
2019-07-08 23:57:28,225 INFO  http.HttpServer2 (HttpServer2.java:addFilter(958)) - Added filter static_user_filter (class=org.apache.hadoop.http.lib.StaticUserWebFilter$StaticUserFilter) to context logs
2019-07-08 23:57:28,226 INFO  http.HttpServer2 (HttpServer2.java:bindListener(1191)) - Jetty bound to port 34177
2019-07-08 23:57:28,227 INFO  server.Server (Server.java:doStart(351)) - jetty-9.3.24.v20180605, build timestamp: 2018-06-05T17:11:56Z, git hash: 84205aa28f11a4f31f2a3b86d1bba2cc8ab69827
2019-07-08 23:57:28,231 INFO  handler.ContextHandler (ContextHandler.java:doStart(781)) - Started o.e.j.s.ServletContextHandler@3a3ed300{/logs,file:///tmp/workdir/hadoop-ozone/tools/target/log,AVAILABLE}
2019-07-08 23:57:28,232 INFO  handler.ContextHandler (ContextHandler.java:doStart(781)) - Started o.e.j.s.ServletContextHandler@39f5b723{/static,file:///tmp/workdir/hadoop-hdds/container-service/target/classes/webapps/static,AVAILABLE}
2019-07-08 23:57:28,238 INFO  handler.ContextHandler (ContextHandler.java:doStart(781)) - Started o.e.j.w.WebAppContext@16736040{/,file:///tmp/workdir/hadoop-hdds/container-service/target/classes/webapps/hddsDatanode/,AVAILABLE}{/hddsDatanode}
2019-07-08 23:57:28,239 INFO  server.AbstractConnector (AbstractConnector.java:doStart(278)) - Started ServerConnector@7c5d1d25{HTTP/1.1,[http/1.1]}{0.0.0.0:34177}
2019-07-08 23:57:28,240 INFO  server.Server (Server.java:doStart(419)) - Started @6069ms
2019-07-08 23:57:28,242 INFO  server.BaseHttpServer (BaseHttpServer.java:updateConnectorAddress(207)) - HTTP server of HDDSDATANODE is listening at http://0.0.0.0:34177
2019-07-08 23:57:28,422 INFO  ozone.HddsDatanodeService (HddsDatanodeService.java:startPlugins(396)) - Started plug-in org.apache.hadoop.ozone.web.OzoneHddsDatanodeService@62cba181
2019-07-08 23:57:28,424 INFO  ozone.MiniOzoneClusterImpl (MiniOzoneClusterImpl.java:lambda$waitForClusterToBeReady$0(142)) - Waiting for cluster to be ready. Got 0 of 3 DN Heartbeats.
2019-07-08 23:57:28,425 INFO  util.JvmPauseMonitor (JvmPauseMonitor.java:run(188)) - Starting JVM pause monitor
2019-07-08 23:57:28,429 INFO  datanode.InitDatanodeState (InitDatanodeState.java:persistContainerDatanodeDetails(140)) - DatanodeDetails is persisted to /tmp/workdir/hadoop-ozone/tools/target/test-dir/MiniOzoneClusterImpl-2b8b0ed9-393c-4f9f-8988-c7aaab790c5d/datanode-2/meta/datanode.id
2019-07-08 23:57:29,424 INFO  ozone.MiniOzoneClusterImpl (MiniOzoneClusterImpl.java:lambda$waitForClusterToBeReady$0(142)) - Waiting for cluster to be ready. Got 0 of 3 DN Heartbeats.
2019-07-08 23:57:29,954 INFO  ozoneimpl.OzoneContainer (OzoneContainer.java:start(186)) - Attempting to start container services.
2019-07-08 23:57:29,955 INFO  ozoneimpl.OzoneContainer (OzoneContainer.java:startContainerScrub(160)) - Background container scrubber has been disabled by hdds.containerscrub.enabled
2019-07-08 23:57:29,955 INFO  ratis.XceiverServerRatis (XceiverServerRatis.java:start(428)) - Starting XceiverServerRatis cddf3713-3d93-4cc0-9436-6662a42f2930 at port 46501
2019-07-08 23:57:29,986 INFO  impl.RaftServerProxy (RaftServerProxy.java:lambda$start$3(299)) - cddf3713-3d93-4cc0-9436-6662a42f2930: start RPC server
2019-07-08 23:57:30,120 INFO  server.GrpcService (GrpcService.java:startImpl(149)) - cddf3713-3d93-4cc0-9436-6662a42f2930: GrpcService started, listening on 0.0.0.0/0.0.0.0:46501
2019-07-08 23:57:30,189 INFO  ozoneimpl.OzoneContainer (OzoneContainer.java:start(186)) - Attempting to start container services.
2019-07-08 23:57:30,191 INFO  ozoneimpl.OzoneContainer (OzoneContainer.java:startContainerScrub(160)) - Background container scrubber has been disabled by hdds.containerscrub.enabled
2019-07-08 23:57:30,191 INFO  ratis.XceiverServerRatis (XceiverServerRatis.java:start(428)) - Starting XceiverServerRatis fb2f9e5f-3f85-4645-9434-35845990ef62 at port 34888
2019-07-08 23:57:30,205 INFO  impl.RaftServerProxy (RaftServerProxy.java:lambda$start$3(299)) - fb2f9e5f-3f85-4645-9434-35845990ef62: start RPC server
2019-07-08 23:57:30,209 INFO  server.GrpcService (GrpcService.java:startImpl(149)) - fb2f9e5f-3f85-4645-9434-35845990ef62: GrpcService started, listening on 0.0.0.0/0.0.0.0:34888
2019-07-08 23:57:30,425 INFO  ozone.MiniOzoneClusterImpl (MiniOzoneClusterImpl.java:lambda$waitForClusterToBeReady$0(142)) - Waiting for cluster to be ready. Got 0 of 3 DN Heartbeats.
2019-07-08 23:57:30,433 INFO  ozoneimpl.OzoneContainer (OzoneContainer.java:start(186)) - Attempting to start container services.
2019-07-08 23:57:30,435 INFO  ozoneimpl.OzoneContainer (OzoneContainer.java:startContainerScrub(160)) - Background container scrubber has been disabled by hdds.containerscrub.enabled
2019-07-08 23:57:30,436 INFO  ratis.XceiverServerRatis (XceiverServerRatis.java:start(428)) - Starting XceiverServerRatis fc8bae70-5ee2-4690-a891-bdec1ff31df6 at port 40288
2019-07-08 23:57:30,452 INFO  impl.RaftServerProxy (RaftServerProxy.java:lambda$start$3(299)) - fc8bae70-5ee2-4690-a891-bdec1ff31df6: start RPC server
2019-07-08 23:57:30,456 INFO  server.GrpcService (GrpcService.java:startImpl(149)) - fc8bae70-5ee2-4690-a891-bdec1ff31df6: GrpcService started, listening on 0.0.0.0/0.0.0.0:40288
2019-07-08 23:57:31,426 INFO  ozone.MiniOzoneClusterImpl (MiniOzoneClusterImpl.java:lambda$waitForClusterToBeReady$0(142)) - Waiting for cluster to be ready. Got 0 of 3 DN Heartbeats.
2019-07-08 23:57:31,994 INFO  net.NetworkTopology (NetworkTopologyImpl.java:add(109)) - Added a new node: /default-rack/192.168.5.141
2019-07-08 23:57:31,994 INFO  node.SCMNodeManager (SCMNodeManager.java:register(268)) - Registered Data node : cddf3713-3d93-4cc0-9436-6662a42f2930{ip: 192.168.5.141, host: hdds1735-nc2fb-114972354, networkLocation: /default-rack, certSerialId: null}
2019-07-08 23:57:32,000 INFO  safemode.SCMSafeModeManager (DataNodeSafeModeRule.java:process(71)) - SCM in safe mode. 1 DataNodes registered, 1 required.
2019-07-08 23:57:32,000 INFO  safemode.SCMSafeModeManager (SCMSafeModeManager.java:validateSafeModeExitRules(177)) - ScmSafeModeManager, all rules are successfully validated
2019-07-08 23:57:32,000 INFO  safemode.SCMSafeModeManager (SCMSafeModeManager.java:exitSafeMode(193)) - SCM exiting safe mode.
2019-07-08 23:57:32,176 INFO  node.SCMNodeManager (SCMNodeManager.java:register(268)) - Registered Data node : fb2f9e5f-3f85-4645-9434-35845990ef62{ip: 192.168.5.141, host: hdds1735-nc2fb-114972354, networkLocation: /default-rack, certSerialId: null}
2019-07-08 23:57:32,426 INFO  ozone.MiniOzoneClusterImpl (MiniOzoneClusterImpl.java:lambda$waitForClusterToBeReady$0(142)) - Waiting for cluster to be ready. Got 2 of 3 DN Heartbeats.
2019-07-08 23:57:32,429 INFO  node.SCMNodeManager (SCMNodeManager.java:register(268)) - Registered Data node : fc8bae70-5ee2-4690-a891-bdec1ff31df6{ip: 192.168.5.141, host: hdds1735-nc2fb-114972354, networkLocation: /default-rack, certSerialId: null}
2019-07-08 23:57:32,552 INFO  impl.RaftServerProxy (RaftServerProxy.java:addNew(89)) - cddf3713-3d93-4cc0-9436-6662a42f2930: addNew group-99AD5D8BB700:[cddf3713-3d93-4cc0-9436-6662a42f2930:192.168.5.141:46501] returns group-99AD5D8BB700:java.util.concurrent.CompletableFuture@3932ef63[Not completed]
2019-07-08 23:57:32,573 INFO  impl.RaftServerImpl (RaftServerImpl.java:<init>(93)) - cddf3713-3d93-4cc0-9436-6662a42f2930: new RaftServerImpl for group-99AD5D8BB700:[cddf3713-3d93-4cc0-9436-6662a42f2930:192.168.5.141:46501] with ContainerStateMachine:uninitialized
2019-07-08 23:57:32,576 INFO  server.RaftServerConfigKeys (ConfUtils.java:logGet(43)) - raft.server.rpc.timeout.min = 1s (custom)
2019-07-08 23:57:32,577 INFO  server.RaftServerConfigKeys (ConfUtils.java:logGet(43)) - raft.server.rpc.timeout.max = 1200ms (custom)
2019-07-08 23:57:32,577 INFO  server.RaftServerConfigKeys (ConfUtils.java:logGet(43)) - raft.server.rpcslowness.timeout = 120s (custom)
2019-07-08 23:57:32,578 INFO  server.RaftServerConfigKeys (ConfUtils.java:logGet(43)) - raft.server.sleep.deviation.threshold = 300 (default)
2019-07-08 23:57:32,579 INFO  server.RaftServerConfigKeys (ConfUtils.java:logGet(43)) - raft.server.log.appender.install.snapshot.enabled = false (custom)
2019-07-08 23:57:32,589 INFO  impl.RaftServerImpl (ServerState.java:<init>(105)) - cddf3713-3d93-4cc0-9436-6662a42f2930:group-99AD5D8BB700 ConfigurationManager, init=-1: [cddf3713-3d93-4cc0-9436-6662a42f2930:192.168.5.141:46501], old=null, confs=<EMPTY_MAP>
2019-07-08 23:57:32,590 INFO  server.RaftServerConfigKeys (ConfUtils.java:logGet(43)) - raft.server.storage.dir = [/tmp/workdir/hadoop-ozone/tools/target/test-dir/MiniOzoneClusterImpl-2b8b0ed9-393c-4f9f-8988-c7aaab790c5d/datanode-0/data/ratis] (custom)
2019-07-08 23:57:32,599 INFO  storage.RaftStorageDirectory (RaftStorageDirectory.java:analyzeStorage(246)) - The storage directory /tmp/workdir/hadoop-ozone/tools/target/test-dir/MiniOzoneClusterImpl-2b8b0ed9-393c-4f9f-8988-c7aaab790c5d/datanode-0/data/ratis/46823cf6-30a6-491d-9997-99ad5d8bb700 does not exist. Creating ...
2019-07-08 23:57:32,617 INFO  storage.RaftStorageDirectory (RaftStorageDirectory.java:tryLock(328)) - Lock on /tmp/workdir/hadoop-ozone/tools/target/test-dir/MiniOzoneClusterImpl-2b8b0ed9-393c-4f9f-8988-c7aaab790c5d/datanode-0/data/ratis/46823cf6-30a6-491d-9997-99ad5d8bb700/in_use.lock acquired by nodename 22440@hdds1735-nc2fb-114972354
2019-07-08 23:57:32,625 INFO  storage.RaftStorage (RaftStorage.java:format(72)) - Storage directory /tmp/workdir/hadoop-ozone/tools/target/test-dir/MiniOzoneClusterImpl-2b8b0ed9-393c-4f9f-8988-c7aaab790c5d/datanode-0/data/ratis/46823cf6-30a6-491d-9997-99ad5d8bb700 has been successfully formatted.
2019-07-08 23:57:32,629 INFO  ratis.ContainerStateMachine (ContainerStateMachine.java:loadSnapshot(198)) - The snapshot info is null.Setting the last applied index to:(t:0, i:~)
2019-07-08 23:57:32,629 INFO  server.RaftServerConfigKeys (ConfUtils.java:logGet(43)) - raft.server.leader.election.timeout = 120s (custom)
2019-07-08 23:57:32,632 INFO  server.RaftServerConfigKeys (ConfUtils.java:logGet(43)) - raft.server.log.use.memory = false (default)
2019-07-08 23:57:32,640 INFO  server.RaftServerConfigKeys (ConfUtils.java:logGet(43)) - raft.server.log.purge.gap = 1000000000 (custom)
2019-07-08 23:57:32,640 INFO  server.RaftServerConfigKeys (ConfUtils.java:logGet(43)) - raft.server.log.appender.buffer.byte-limit = 33554432 (custom)
2019-07-08 23:57:32,643 INFO  server.RaftServerConfigKeys (ConfUtils.java:logGet(43)) - raft.server.log.segment.size.max = 1048576 (custom)
2019-07-08 23:57:32,649 INFO  server.RaftServerConfigKeys (ConfUtils.java:logGet(43)) - raft.server.log.segment.cache.num.max = 2 (custom)
2019-07-08 23:57:32,656 INFO  segmented.SegmentedRaftLogWorker (SegmentedRaftLogWorker.java:<init>(172)) - new cddf3713-3d93-4cc0-9436-6662a42f2930-SegmentedRaftLogWorker:Storage Directory /tmp/workdir/hadoop-ozone/tools/target/test-dir/MiniOzoneClusterImpl-2b8b0ed9-393c-4f9f-8988-c7aaab790c5d/datanode-0/data/ratis/46823cf6-30a6-491d-9997-99ad5d8bb700 for RaftStorage:Storage Directory /tmp/workdir/hadoop-ozone/tools/target/test-dir/MiniOzoneClusterImpl-2b8b0ed9-393c-4f9f-8988-c7aaab790c5d/datanode-0/data/ratis/46823cf6-30a6-491d-9997-99ad5d8bb700
2019-07-08 23:57:32,672 INFO  server.RaftServerConfigKeys (ConfUtils.java:logGet(43)) - raft.server.log.queue.byte-limit = 2147483647 (custom)
2019-07-08 23:57:32,673 INFO  server.RaftServerConfigKeys (ConfUtils.java:logGet(43)) - raft.server.log.queue.element-limit = 1024 (custom)
2019-07-08 23:57:32,679 INFO  server.RaftServerConfigKeys (ConfUtils.java:logGet(43)) - raft.server.log.segment.size.max = 1048576 (custom)
2019-07-08 23:57:32,680 INFO  server.RaftServerConfigKeys (ConfUtils.java:logGet(43)) - raft.server.log.preallocated.size = 16384 (custom)
2019-07-08 23:57:32,681 INFO  server.RaftServerConfigKeys (ConfUtils.java:logGet(43)) - raft.server.log.write.buffer.size = 33554432 (custom)
2019-07-08 23:57:32,681 INFO  server.RaftServerConfigKeys (ConfUtils.java:logGet(43)) - raft.server.log.force.sync.num = 128 (default)
2019-07-08 23:57:32,683 INFO  server.RaftServerConfigKeys (ConfUtils.java:logGet(43)) - raft.server.log.statemachine.data.sync = true (default)
2019-07-08 23:57:32,683 INFO  server.RaftServerConfigKeys (ConfUtils.java:logGet(43)) - raft.server.log.statemachine.data.sync.timeout = 10s (default)
2019-07-08 23:57:32,683 INFO  server.RaftServerConfigKeys (ConfUtils.java:logGet(43)) - raft.server.log.statemachine.data.sync.timeout.retry = -1 (default)
2019-07-08 23:57:32,700 INFO  server.RaftServerConfigKeys (ConfUtils.java:logGet(43)) - raft.server.log.statemachine.data.caching.enabled = true (custom)
2019-07-08 23:57:32,705 INFO  segmented.SegmentedRaftLogWorker (SegmentedRaftLogWorker.java:lambda$new$0(132)) - cddf3713-3d93-4cc0-9436-6662a42f2930-SegmentedRaftLogWorker:Storage Directory /tmp/workdir/hadoop-ozone/tools/target/test-dir/MiniOzoneClusterImpl-2b8b0ed9-393c-4f9f-8988-c7aaab790c5d/datanode-0/data/ratis/46823cf6-30a6-491d-9997-99ad5d8bb700: flushIndex: setUnconditionally 0 -> -1
2019-07-08 23:57:32,710 INFO  server.RaftServerConfigKeys (ConfUtils.java:logGet(43)) - raft.server.snapshot.auto.trigger.enabled = true (custom)
2019-07-08 23:57:32,711 INFO  server.RaftServerConfigKeys (ConfUtils.java:logGet(43)) - raft.server.snapshot.auto.trigger.threshold = 10000 (custom)
2019-07-08 23:57:32,711 INFO  server.RaftServerConfigKeys (ConfUtils.java:logGet(43)) - raft.server.retrycache.expirytime = 600000ms (custom)
2019-07-08 23:57:33,038 INFO  impl.RaftServerImpl (RaftServerImpl.java:start(180)) - cddf3713-3d93-4cc0-9436-6662a42f2930: start group-99AD5D8BB700
2019-07-08 23:57:33,040 INFO  impl.RaftServerImpl (RaftServerImpl.java:setRole(171)) - cddf3713-3d93-4cc0-9436-6662a42f2930:group-99AD5D8BB700 changes role from null to FOLLOWER at term 0 for startAsFollower
2019-07-08 23:57:33,042 INFO  impl.RoleInfo (RoleInfo.java:updateAndGet(143)) - cddf3713-3d93-4cc0-9436-6662a42f2930: start FollowerState
2019-07-08 23:57:33,045 INFO  util.JmxRegister (JmxRegister.java:tryRegister(44)) - Successfully registered JMX Bean with object name Ratis:service=RaftServer,group=group-99AD5D8BB700,id=cddf3713-3d93-4cc0-9436-6662a42f2930
2019-07-08 23:57:33,115 INFO  pipeline.PipelineStateManager (PipelineStateManager.java:addPipeline(56)) - Created pipeline Pipeline[ Id: 46823cf6-30a6-491d-9997-99ad5d8bb700, Nodes: cddf3713-3d93-4cc0-9436-6662a42f2930{ip: 192.168.5.141, host: hdds1735-nc2fb-114972354, networkLocation: /default-rack, certSerialId: null}, Type:RATIS, Factor:ONE, State:OPEN]
2019-07-08 23:57:33,135 INFO  impl.RaftServerProxy (RaftServerProxy.java:addNew(89)) - fc8bae70-5ee2-4690-a891-bdec1ff31df6: addNew group-62780E9AAD54:[fc8bae70-5ee2-4690-a891-bdec1ff31df6:192.168.5.141:40288] returns group-62780E9AAD54:java.util.concurrent.CompletableFuture@6732e31d[Not completed]
2019-07-08 23:57:33,160 INFO  impl.RaftServerImpl (RaftServerImpl.java:<init>(93)) - fc8bae70-5ee2-4690-a891-bdec1ff31df6: new RaftServerImpl for group-62780E9AAD54:[fc8bae70-5ee2-4690-a891-bdec1ff31df6:192.168.5.141:40288] with ContainerStateMachine:uninitialized
2019-07-08 23:57:33,162 INFO  server.RaftServerConfigKeys (ConfUtils.java:logGet(43)) - raft.server.rpc.timeout.min = 1s (custom)
2019-07-08 23:57:33,163 INFO  server.RaftServerConfigKeys (ConfUtils.java:logGet(43)) - raft.server.rpc.timeout.max = 1200ms (custom)
2019-07-08 23:57:33,163 INFO  server.RaftServerConfigKeys (ConfUtils.java:logGet(43)) - raft.server.rpcslowness.timeout = 120s (custom)
2019-07-08 23:57:33,163 INFO  server.RaftServerConfigKeys (ConfUtils.java:logGet(43)) - raft.server.sleep.deviation.threshold = 300 (default)
2019-07-08 23:57:33,163 INFO  server.RaftServerConfigKeys (ConfUtils.java:logGet(43)) - raft.server.log.appender.install.snapshot.enabled = false (custom)
2019-07-08 23:57:33,164 INFO  impl.RaftServerImpl (ServerState.java:<init>(105)) - fc8bae70-5ee2-4690-a891-bdec1ff31df6:group-62780E9AAD54 ConfigurationManager, init=-1: [fc8bae70-5ee2-4690-a891-bdec1ff31df6:192.168.5.141:40288], old=null, confs=<EMPTY_MAP>
2019-07-08 23:57:33,164 INFO  server.RaftServerConfigKeys (ConfUtils.java:logGet(43)) - raft.server.storage.dir = [/tmp/workdir/hadoop-ozone/tools/target/test-dir/MiniOzoneClusterImpl-2b8b0ed9-393c-4f9f-8988-c7aaab790c5d/datanode-2/data/ratis] (custom)
2019-07-08 23:57:33,165 INFO  storage.RaftStorageDirectory (RaftStorageDirectory.java:analyzeStorage(246)) - The storage directory /tmp/workdir/hadoop-ozone/tools/target/test-dir/MiniOzoneClusterImpl-2b8b0ed9-393c-4f9f-8988-c7aaab790c5d/datanode-2/data/ratis/4dabeb2d-ec87-42a2-9766-62780e9aad54 does not exist. Creating ...
2019-07-08 23:57:33,179 INFO  storage.RaftStorageDirectory (RaftStorageDirectory.java:tryLock(328)) - Lock on /tmp/workdir/hadoop-ozone/tools/target/test-dir/MiniOzoneClusterImpl-2b8b0ed9-393c-4f9f-8988-c7aaab790c5d/datanode-2/data/ratis/4dabeb2d-ec87-42a2-9766-62780e9aad54/in_use.lock acquired by nodename 22440@hdds1735-nc2fb-114972354
2019-07-08 23:57:33,185 INFO  storage.RaftStorage (RaftStorage.java:format(72)) - Storage directory /tmp/workdir/hadoop-ozone/tools/target/test-dir/MiniOzoneClusterImpl-2b8b0ed9-393c-4f9f-8988-c7aaab790c5d/datanode-2/data/ratis/4dabeb2d-ec87-42a2-9766-62780e9aad54 has been successfully formatted.
2019-07-08 23:57:33,187 INFO  ratis.ContainerStateMachine (ContainerStateMachine.java:loadSnapshot(198)) - The snapshot info is null.Setting the last applied index to:(t:0, i:~)
2019-07-08 23:57:33,188 INFO  server.RaftServerConfigKeys (ConfUtils.java:logGet(43)) - raft.server.leader.election.timeout = 120s (custom)
2019-07-08 23:57:33,188 INFO  server.RaftServerConfigKeys (ConfUtils.java:logGet(43)) - raft.server.log.use.memory = false (default)
2019-07-08 23:57:33,189 INFO  server.RaftServerConfigKeys (ConfUtils.java:logGet(43)) - raft.server.log.purge.gap = 1000000000 (custom)
2019-07-08 23:57:33,189 INFO  server.RaftServerConfigKeys (ConfUtils.java:logGet(43)) - raft.server.log.appender.buffer.byte-limit = 33554432 (custom)
2019-07-08 23:57:33,189 INFO  server.RaftServerConfigKeys (ConfUtils.java:logGet(43)) - raft.server.log.segment.size.max = 1048576 (custom)
2019-07-08 23:57:33,189 INFO  server.RaftServerConfigKeys (ConfUtils.java:logGet(43)) - raft.server.log.segment.cache.num.max = 2 (custom)
2019-07-08 23:57:33,189 INFO  segmented.SegmentedRaftLogWorker (SegmentedRaftLogWorker.java:<init>(172)) - new fc8bae70-5ee2-4690-a891-bdec1ff31df6-SegmentedRaftLogWorker:Storage Directory /tmp/workdir/hadoop-ozone/tools/target/test-dir/MiniOzoneClusterImpl-2b8b0ed9-393c-4f9f-8988-c7aaab790c5d/datanode-2/data/ratis/4dabeb2d-ec87-42a2-9766-62780e9aad54 for RaftStorage:Storage Directory /tmp/workdir/hadoop-ozone/tools/target/test-dir/MiniOzoneClusterImpl-2b8b0ed9-393c-4f9f-8988-c7aaab790c5d/datanode-2/data/ratis/4dabeb2d-ec87-42a2-9766-62780e9aad54
2019-07-08 23:57:33,191 INFO  server.RaftServerConfigKeys (ConfUtils.java:logGet(43)) - raft.server.log.queue.byte-limit = 2147483647 (custom)
2019-07-08 23:57:33,191 INFO  server.RaftServerConfigKeys (ConfUtils.java:logGet(43)) - raft.server.log.queue.element-limit = 1024 (custom)
2019-07-08 23:57:33,191 INFO  server.RaftServerConfigKeys (ConfUtils.java:logGet(43)) - raft.server.log.segment.size.max = 1048576 (custom)
2019-07-08 23:57:33,192 INFO  server.RaftServerConfigKeys (ConfUtils.java:logGet(43)) - raft.server.log.preallocated.size = 16384 (custom)
2019-07-08 23:57:33,192 INFO  server.RaftServerConfigKeys (ConfUtils.java:logGet(43)) - raft.server.log.write.buffer.size = 33554432 (custom)
2019-07-08 23:57:33,192 INFO  server.RaftServerConfigKeys (ConfUtils.java:logGet(43)) - raft.server.log.force.sync.num = 128 (default)
2019-07-08 23:57:33,192 INFO  server.RaftServerConfigKeys (ConfUtils.java:logGet(43)) - raft.server.log.statemachine.data.sync = true (default)
2019-07-08 23:57:33,193 INFO  server.RaftServerConfigKeys (ConfUtils.java:logGet(43)) - raft.server.log.statemachine.data.sync.timeout = 10s (default)
2019-07-08 23:57:33,193 INFO  server.RaftServerConfigKeys (ConfUtils.java:logGet(43)) - raft.server.log.statemachine.data.sync.timeout.retry = -1 (default)
2019-07-08 23:57:33,194 INFO  server.RaftServerConfigKeys (ConfUtils.java:logGet(43)) - raft.server.log.statemachine.data.caching.enabled = true (custom)
2019-07-08 23:57:33,194 INFO  segmented.SegmentedRaftLogWorker (SegmentedRaftLogWorker.java:lambda$new$0(132)) - fc8bae70-5ee2-4690-a891-bdec1ff31df6-SegmentedRaftLogWorker:Storage Directory /tmp/workdir/hadoop-ozone/tools/target/test-dir/MiniOzoneClusterImpl-2b8b0ed9-393c-4f9f-8988-c7aaab790c5d/datanode-2/data/ratis/4dabeb2d-ec87-42a2-9766-62780e9aad54: flushIndex: setUnconditionally 0 -> -1
2019-07-08 23:57:33,195 INFO  server.RaftServerConfigKeys (ConfUtils.java:logGet(43)) - raft.server.snapshot.auto.trigger.enabled = true (custom)
2019-07-08 23:57:33,195 INFO  server.RaftServerConfigKeys (ConfUtils.java:logGet(43)) - raft.server.snapshot.auto.trigger.threshold = 10000 (custom)
2019-07-08 23:57:33,195 INFO  server.RaftServerConfigKeys (ConfUtils.java:logGet(43)) - raft.server.retrycache.expirytime = 600000ms (custom)
2019-07-08 23:57:33,195 INFO  impl.RaftServerImpl (RaftServerImpl.java:start(180)) - fc8bae70-5ee2-4690-a891-bdec1ff31df6: start group-62780E9AAD54
2019-07-08 23:57:33,196 INFO  impl.RaftServerImpl (RaftServerImpl.java:setRole(171)) - fc8bae70-5ee2-4690-a891-bdec1ff31df6:group-62780E9AAD54 changes role from null to FOLLOWER at term 0 for startAsFollower
2019-07-08 23:57:33,196 INFO  impl.RoleInfo (RoleInfo.java:updateAndGet(143)) - fc8bae70-5ee2-4690-a891-bdec1ff31df6: start FollowerState
2019-07-08 23:57:33,198 INFO  util.JmxRegister (JmxRegister.java:tryRegister(44)) - Successfully registered JMX Bean with object name Ratis:service=RaftServer,group=group-62780E9AAD54,id=fc8bae70-5ee2-4690-a891-bdec1ff31df6
2019-07-08 23:57:33,211 INFO  pipeline.PipelineStateManager (PipelineStateManager.java:addPipeline(56)) - Created pipeline Pipeline[ Id: 4dabeb2d-ec87-42a2-9766-62780e9aad54, Nodes: fc8bae70-5ee2-4690-a891-bdec1ff31df6{ip: 192.168.5.141, host: hdds1735-nc2fb-114972354, networkLocation: /default-rack, certSerialId: null}, Type:RATIS, Factor:ONE, State:OPEN]
2019-07-08 23:57:33,236 INFO  impl.RaftServerProxy (RaftServerProxy.java:addNew(89)) - fb2f9e5f-3f85-4645-9434-35845990ef62: addNew group-30951EC559B3:[fb2f9e5f-3f85-4645-9434-35845990ef62:192.168.5.141:34888] returns group-30951EC559B3:java.util.concurrent.CompletableFuture@6ceb9631[Not completed]
2019-07-08 23:57:33,241 INFO  impl.RaftServerImpl (RaftServerImpl.java:<init>(93)) - fb2f9e5f-3f85-4645-9434-35845990ef62: new RaftServerImpl for group-30951EC559B3:[fb2f9e5f-3f85-4645-9434-35845990ef62:192.168.5.141:34888] with ContainerStateMachine:uninitialized
2019-07-08 23:57:33,242 INFO  server.RaftServerConfigKeys (ConfUtils.java:logGet(43)) - raft.server.rpc.timeout.min = 1s (custom)
2019-07-08 23:57:33,242 INFO  server.RaftServerConfigKeys (ConfUtils.java:logGet(43)) - raft.server.rpc.timeout.max = 1200ms (custom)
2019-07-08 23:57:33,243 INFO  server.RaftServerConfigKeys (ConfUtils.java:logGet(43)) - raft.server.rpcslowness.timeout = 120s (custom)
2019-07-08 23:57:33,243 INFO  server.RaftServerConfigKeys (ConfUtils.java:logGet(43)) - raft.server.sleep.deviation.threshold = 300 (default)
2019-07-08 23:57:33,243 INFO  server.RaftServerConfigKeys (ConfUtils.java:logGet(43)) - raft.server.log.appender.install.snapshot.enabled = false (custom)
2019-07-08 23:57:33,243 INFO  impl.RaftServerImpl (ServerState.java:<init>(105)) - fb2f9e5f-3f85-4645-9434-35845990ef62:group-30951EC559B3 ConfigurationManager, init=-1: [fb2f9e5f-3f85-4645-9434-35845990ef62:192.168.5.141:34888], old=null, confs=<EMPTY_MAP>
2019-07-08 23:57:33,244 INFO  server.RaftServerConfigKeys (ConfUtils.java:logGet(43)) - raft.server.storage.dir = [/tmp/workdir/hadoop-ozone/tools/target/test-dir/MiniOzoneClusterImpl-2b8b0ed9-393c-4f9f-8988-c7aaab790c5d/datanode-1/data/ratis] (custom)
2019-07-08 23:57:33,244 INFO  storage.RaftStorageDirectory (RaftStorageDirectory.java:analyzeStorage(246)) - The storage directory /tmp/workdir/hadoop-ozone/tools/target/test-dir/MiniOzoneClusterImpl-2b8b0ed9-393c-4f9f-8988-c7aaab790c5d/datanode-1/data/ratis/17f57eac-c438-409c-8fb6-30951ec559b3 does not exist. Creating ...
2019-07-08 23:57:33,265 INFO  storage.RaftStorageDirectory (RaftStorageDirectory.java:tryLock(328)) - Lock on /tmp/workdir/hadoop-ozone/tools/target/test-dir/MiniOzoneClusterImpl-2b8b0ed9-393c-4f9f-8988-c7aaab790c5d/datanode-1/data/ratis/17f57eac-c438-409c-8fb6-30951ec559b3/in_use.lock acquired by nodename 22440@hdds1735-nc2fb-114972354
2019-07-08 23:57:33,268 INFO  storage.RaftStorage (RaftStorage.java:format(72)) - Storage directory /tmp/workdir/hadoop-ozone/tools/target/test-dir/MiniOzoneClusterImpl-2b8b0ed9-393c-4f9f-8988-c7aaab790c5d/datanode-1/data/ratis/17f57eac-c438-409c-8fb6-30951ec559b3 has been successfully formatted.
2019-07-08 23:57:33,269 INFO  ratis.ContainerStateMachine (ContainerStateMachine.java:loadSnapshot(198)) - The snapshot info is null.Setting the last applied index to:(t:0, i:~)
2019-07-08 23:57:33,269 INFO  server.RaftServerConfigKeys (ConfUtils.java:logGet(43)) - raft.server.leader.election.timeout = 120s (custom)
2019-07-08 23:57:33,269 INFO  server.RaftServerConfigKeys (ConfUtils.java:logGet(43)) - raft.server.log.use.memory = false (default)
2019-07-08 23:57:33,270 INFO  server.RaftServerConfigKeys (ConfUtils.java:logGet(43)) - raft.server.log.purge.gap = 1000000000 (custom)
2019-07-08 23:57:33,270 INFO  server.RaftServerConfigKeys (ConfUtils.java:logGet(43)) - raft.server.log.appender.buffer.byte-limit = 33554432 (custom)
2019-07-08 23:57:33,270 INFO  server.RaftServerConfigKeys (ConfUtils.java:logGet(43)) - raft.server.log.segment.size.max = 1048576 (custom)
2019-07-08 23:57:33,270 INFO  server.RaftServerConfigKeys (ConfUtils.java:logGet(43)) - raft.server.log.segment.cache.num.max = 2 (custom)
2019-07-08 23:57:33,270 INFO  segmented.SegmentedRaftLogWorker (SegmentedRaftLogWorker.java:<init>(172)) - new fb2f9e5f-3f85-4645-9434-35845990ef62-SegmentedRaftLogWorker:Storage Directory /tmp/workdir/hadoop-ozone/tools/target/test-dir/MiniOzoneClusterImpl-2b8b0ed9-393c-4f9f-8988-c7aaab790c5d/datanode-1/data/ratis/17f57eac-c438-409c-8fb6-30951ec559b3 for RaftStorage:Storage Directory /tmp/workdir/hadoop-ozone/tools/target/test-dir/MiniOzoneClusterImpl-2b8b0ed9-393c-4f9f-8988-c7aaab790c5d/datanode-1/data/ratis/17f57eac-c438-409c-8fb6-30951ec559b3
2019-07-08 23:57:33,271 INFO  server.RaftServerConfigKeys (ConfUtils.java:logGet(43)) - raft.server.log.queue.byte-limit = 2147483647 (custom)
2019-07-08 23:57:33,271 INFO  server.RaftServerConfigKeys (ConfUtils.java:logGet(43)) - raft.server.log.queue.element-limit = 1024 (custom)
2019-07-08 23:57:33,271 INFO  server.RaftServerConfigKeys (ConfUtils.java:logGet(43)) - raft.server.log.segment.size.max = 1048576 (custom)
2019-07-08 23:57:33,272 INFO  server.RaftServerConfigKeys (ConfUtils.java:logGet(43)) - raft.server.log.preallocated.size = 16384 (custom)
2019-07-08 23:57:33,272 INFO  server.RaftServerConfigKeys (ConfUtils.java:logGet(43)) - raft.server.log.write.buffer.size = 33554432 (custom)
2019-07-08 23:57:33,272 INFO  server.RaftServerConfigKeys (ConfUtils.java:logGet(43)) - raft.server.log.force.sync.num = 128 (default)
2019-07-08 23:57:33,272 INFO  server.RaftServerConfigKeys (ConfUtils.java:logGet(43)) - raft.server.log.statemachine.data.sync = true (default)
2019-07-08 23:57:33,272 INFO  server.RaftServerConfigKeys (ConfUtils.java:logGet(43)) - raft.server.log.statemachine.data.sync.timeout = 10s (default)
2019-07-08 23:57:33,273 INFO  server.RaftServerConfigKeys (ConfUtils.java:logGet(43)) - raft.server.log.statemachine.data.sync.timeout.retry = -1 (default)
2019-07-08 23:57:33,273 INFO  server.RaftServerConfigKeys (ConfUtils.java:logGet(43)) - raft.server.log.statemachine.data.caching.enabled = true (custom)
2019-07-08 23:57:33,274 INFO  segmented.SegmentedRaftLogWorker (SegmentedRaftLogWorker.java:lambda$new$0(132)) - fb2f9e5f-3f85-4645-9434-35845990ef62-SegmentedRaftLogWorker:Storage Directory /tmp/workdir/hadoop-ozone/tools/target/test-dir/MiniOzoneClusterImpl-2b8b0ed9-393c-4f9f-8988-c7aaab790c5d/datanode-1/data/ratis/17f57eac-c438-409c-8fb6-30951ec559b3: flushIndex: setUnconditionally 0 -> -1
2019-07-08 23:57:33,274 INFO  server.RaftServerConfigKeys (ConfUtils.java:logGet(43)) - raft.server.snapshot.auto.trigger.enabled = true (custom)
2019-07-08 23:57:33,274 INFO  server.RaftServerConfigKeys (ConfUtils.java:logGet(43)) - raft.server.snapshot.auto.trigger.threshold = 10000 (custom)
2019-07-08 23:57:33,275 INFO  server.RaftServerConfigKeys (ConfUtils.java:logGet(43)) - raft.server.retrycache.expirytime = 600000ms (custom)
2019-07-08 23:57:33,275 INFO  impl.RaftServerImpl (RaftServerImpl.java:start(180)) - fb2f9e5f-3f85-4645-9434-35845990ef62: start group-30951EC559B3
2019-07-08 23:57:33,275 INFO  impl.RaftServerImpl (RaftServerImpl.java:setRole(171)) - fb2f9e5f-3f85-4645-9434-35845990ef62:group-30951EC559B3 changes role from null to FOLLOWER at term 0 for startAsFollower
2019-07-08 23:57:33,275 INFO  impl.RoleInfo (RoleInfo.java:updateAndGet(143)) - fb2f9e5f-3f85-4645-9434-35845990ef62: start FollowerState
2019-07-08 23:57:33,276 INFO  util.JmxRegister (JmxRegister.java:tryRegister(44)) - Successfully registered JMX Bean with object name Ratis:service=RaftServer,group=group-30951EC559B3,id=fb2f9e5f-3f85-4645-9434-35845990ef62
2019-07-08 23:57:33,288 INFO  pipeline.PipelineStateManager (PipelineStateManager.java:addPipeline(56)) - Created pipeline Pipeline[ Id: 17f57eac-c438-409c-8fb6-30951ec559b3, Nodes: fb2f9e5f-3f85-4645-9434-35845990ef62{ip: 192.168.5.141, host: hdds1735-nc2fb-114972354, networkLocation: /default-rack, certSerialId: null}, Type:RATIS, Factor:ONE, State:OPEN]
2019-07-08 23:57:33,328 INFO  impl.RaftServerProxy (RaftServerProxy.java:addNew(89)) - fb2f9e5f-3f85-4645-9434-35845990ef62: addNew group-D8F969E359FE:[fb2f9e5f-3f85-4645-9434-35845990ef62:192.168.5.141:34888, fc8bae70-5ee2-4690-a891-bdec1ff31df6:192.168.5.141:40288, cddf3713-3d93-4cc0-9436-6662a42f2930:192.168.5.141:46501] returns group-D8F969E359FE:java.util.concurrent.CompletableFuture@4b42d097[Not completed]
2019-07-08 23:57:33,328 INFO  impl.RaftServerProxy (RaftServerProxy.java:addNew(89)) - cddf3713-3d93-4cc0-9436-6662a42f2930: addNew group-D8F969E359FE:[fb2f9e5f-3f85-4645-9434-35845990ef62:192.168.5.141:34888, fc8bae70-5ee2-4690-a891-bdec1ff31df6:192.168.5.141:40288, cddf3713-3d93-4cc0-9436-6662a42f2930:192.168.5.141:46501] returns group-D8F969E359FE:java.util.concurrent.CompletableFuture@ebf6d93[Not completed]
2019-07-08 23:57:33,331 INFO  impl.RaftServerImpl (RaftServerImpl.java:<init>(93)) - cddf3713-3d93-4cc0-9436-6662a42f2930: new RaftServerImpl for group-D8F969E359FE:[fb2f9e5f-3f85-4645-9434-35845990ef62:192.168.5.141:34888, fc8bae70-5ee2-4690-a891-bdec1ff31df6:192.168.5.141:40288, cddf3713-3d93-4cc0-9436-6662a42f2930:192.168.5.141:46501] with ContainerStateMachine:uninitialized
2019-07-08 23:57:33,331 INFO  server.RaftServerConfigKeys (ConfUtils.java:logGet(43)) - raft.server.rpc.timeout.min = 1s (custom)
2019-07-08 23:57:33,331 INFO  server.RaftServerConfigKeys (ConfUtils.java:logGet(43)) - raft.server.rpc.timeout.max = 1200ms (custom)
2019-07-08 23:57:33,333 INFO  server.RaftServerConfigKeys (ConfUtils.java:logGet(43)) - raft.server.rpcslowness.timeout = 120s (custom)
2019-07-08 23:57:33,333 INFO  impl.RaftServerImpl (RaftServerImpl.java:<init>(93)) - fb2f9e5f-3f85-4645-9434-35845990ef62: new RaftServerImpl for group-D8F969E359FE:[fb2f9e5f-3f85-4645-9434-35845990ef62:192.168.5.141:34888, fc8bae70-5ee2-4690-a891-bdec1ff31df6:192.168.5.141:40288, cddf3713-3d93-4cc0-9436-6662a42f2930:192.168.5.141:46501] with ContainerStateMachine:uninitialized
2019-07-08 23:57:33,333 INFO  server.RaftServerConfigKeys (ConfUtils.java:logGet(43)) - raft.server.sleep.deviation.threshold = 300 (default)
2019-07-08 23:57:33,333 INFO  impl.RaftServerProxy (RaftServerProxy.java:addNew(89)) - fc8bae70-5ee2-4690-a891-bdec1ff31df6: addNew group-D8F969E359FE:[fb2f9e5f-3f85-4645-9434-35845990ef62:192.168.5.141:34888, fc8bae70-5ee2-4690-a891-bdec1ff31df6:192.168.5.141:40288, cddf3713-3d93-4cc0-9436-6662a42f2930:192.168.5.141:46501] returns group-D8F969E359FE:java.util.concurrent.CompletableFuture@4bbde220[Not completed]
2019-07-08 23:57:33,333 INFO  server.RaftServerConfigKeys (ConfUtils.java:logGet(43)) - raft.server.rpc.timeout.min = 1s (custom)
2019-07-08 23:57:33,334 INFO  server.RaftServerConfigKeys (ConfUtils.java:logGet(43)) - raft.server.log.appender.install.snapshot.enabled = false (custom)
2019-07-08 23:57:33,334 INFO  server.RaftServerConfigKeys (ConfUtils.java:logGet(43)) - raft.server.rpc.timeout.max = 1200ms (custom)
2019-07-08 23:57:33,334 INFO  impl.RaftServerImpl (ServerState.java:<init>(105)) - cddf3713-3d93-4cc0-9436-6662a42f2930:group-D8F969E359FE ConfigurationManager, init=-1: [fb2f9e5f-3f85-4645-9434-35845990ef62:192.168.5.141:34888, fc8bae70-5ee2-4690-a891-bdec1ff31df6:192.168.5.141:40288, cddf3713-3d93-4cc0-9436-6662a42f2930:192.168.5.141:46501], old=null, confs=<EMPTY_MAP>
2019-07-08 23:57:33,334 INFO  impl.RaftServerImpl (RaftServerImpl.java:<init>(93)) - fc8bae70-5ee2-4690-a891-bdec1ff31df6: new RaftServerImpl for group-D8F969E359FE:[fb2f9e5f-3f85-4645-9434-35845990ef62:192.168.5.141:34888, fc8bae70-5ee2-4690-a891-bdec1ff31df6:192.168.5.141:40288, cddf3713-3d93-4cc0-9436-6662a42f2930:192.168.5.141:46501] with ContainerStateMachine:uninitialized
2019-07-08 23:57:33,334 INFO  server.RaftServerConfigKeys (ConfUtils.java:logGet(43)) - raft.server.rpcslowness.timeout = 120s (custom)
2019-07-08 23:57:33,335 INFO  server.RaftServerConfigKeys (ConfUtils.java:logGet(43)) - raft.server.rpc.timeout.min = 1s (custom)
2019-07-08 23:57:33,335 INFO  server.RaftServerConfigKeys (ConfUtils.java:logGet(43)) - raft.server.storage.dir = [/tmp/workdir/hadoop-ozone/tools/target/test-dir/MiniOzoneClusterImpl-2b8b0ed9-393c-4f9f-8988-c7aaab790c5d/datanode-0/data/ratis] (custom)
2019-07-08 23:57:33,335 INFO  server.RaftServerConfigKeys (ConfUtils.java:logGet(43)) - raft.server.rpc.timeout.max = 1200ms (custom)
2019-07-08 23:57:33,335 INFO  server.RaftServerConfigKeys (ConfUtils.java:logGet(43)) - raft.server.sleep.deviation.threshold = 300 (default)
2019-07-08 23:57:33,336 INFO  server.RaftServerConfigKeys (ConfUtils.java:logGet(43)) - raft.server.rpcslowness.timeout = 120s (custom)
2019-07-08 23:57:33,336 INFO  storage.RaftStorageDirectory (RaftStorageDirectory.java:analyzeStorage(246)) - The storage directory /tmp/workdir/hadoop-ozone/tools/target/test-dir/MiniOzoneClusterImpl-2b8b0ed9-393c-4f9f-8988-c7aaab790c5d/datanode-0/data/ratis/ded666c4-a1f9-40ba-b4b9-d8f969e359fe does not exist. Creating ...
2019-07-08 23:57:33,336 INFO  server.RaftServerConfigKeys (ConfUtils.java:logGet(43)) - raft.server.log.appender.install.snapshot.enabled = false (custom)
2019-07-08 23:57:33,336 INFO  server.RaftServerConfigKeys (ConfUtils.java:logGet(43)) - raft.server.sleep.deviation.threshold = 300 (default)
2019-07-08 23:57:33,336 INFO  impl.RaftServerImpl (ServerState.java:<init>(105)) - fb2f9e5f-3f85-4645-9434-35845990ef62:group-D8F969E359FE ConfigurationManager, init=-1: [fb2f9e5f-3f85-4645-9434-35845990ef62:192.168.5.141:34888, fc8bae70-5ee2-4690-a891-bdec1ff31df6:192.168.5.141:40288, cddf3713-3d93-4cc0-9436-6662a42f2930:192.168.5.141:46501], old=null, confs=<EMPTY_MAP>
2019-07-08 23:57:33,336 INFO  server.RaftServerConfigKeys (ConfUtils.java:logGet(43)) - raft.server.log.appender.install.snapshot.enabled = false (custom)
2019-07-08 23:57:33,337 INFO  server.RaftServerConfigKeys (ConfUtils.java:logGet(43)) - raft.server.storage.dir = [/tmp/workdir/hadoop-ozone/tools/target/test-dir/MiniOzoneClusterImpl-2b8b0ed9-393c-4f9f-8988-c7aaab790c5d/datanode-1/data/ratis] (custom)
2019-07-08 23:57:33,337 INFO  impl.RaftServerImpl (ServerState.java:<init>(105)) - fc8bae70-5ee2-4690-a891-bdec1ff31df6:group-D8F969E359FE ConfigurationManager, init=-1: [fb2f9e5f-3f85-4645-9434-35845990ef62:192.168.5.141:34888, fc8bae70-5ee2-4690-a891-bdec1ff31df6:192.168.5.141:40288, cddf3713-3d93-4cc0-9436-6662a42f2930:192.168.5.141:46501], old=null, confs=<EMPTY_MAP>
2019-07-08 23:57:33,337 INFO  server.RaftServerConfigKeys (ConfUtils.java:logGet(43)) - raft.server.storage.dir = [/tmp/workdir/hadoop-ozone/tools/target/test-dir/MiniOzoneClusterImpl-2b8b0ed9-393c-4f9f-8988-c7aaab790c5d/datanode-2/data/ratis] (custom)
2019-07-08 23:57:33,337 INFO  storage.RaftStorageDirectory (RaftStorageDirectory.java:analyzeStorage(246)) - The storage directory /tmp/workdir/hadoop-ozone/tools/target/test-dir/MiniOzoneClusterImpl-2b8b0ed9-393c-4f9f-8988-c7aaab790c5d/datanode-1/data/ratis/ded666c4-a1f9-40ba-b4b9-d8f969e359fe does not exist. Creating ...
2019-07-08 23:57:33,338 INFO  storage.RaftStorageDirectory (RaftStorageDirectory.java:analyzeStorage(246)) - The storage directory /tmp/workdir/hadoop-ozone/tools/target/test-dir/MiniOzoneClusterImpl-2b8b0ed9-393c-4f9f-8988-c7aaab790c5d/datanode-2/data/ratis/ded666c4-a1f9-40ba-b4b9-d8f969e359fe does not exist. Creating ...
2019-07-08 23:57:33,369 INFO  storage.RaftStorageDirectory (RaftStorageDirectory.java:tryLock(328)) - Lock on /tmp/workdir/hadoop-ozone/tools/target/test-dir/MiniOzoneClusterImpl-2b8b0ed9-393c-4f9f-8988-c7aaab790c5d/datanode-0/data/ratis/ded666c4-a1f9-40ba-b4b9-d8f969e359fe/in_use.lock acquired by nodename 22440@hdds1735-nc2fb-114972354
2019-07-08 23:57:33,369 INFO  storage.RaftStorageDirectory (RaftStorageDirectory.java:tryLock(328)) - Lock on /tmp/workdir/hadoop-ozone/tools/target/test-dir/MiniOzoneClusterImpl-2b8b0ed9-393c-4f9f-8988-c7aaab790c5d/datanode-2/data/ratis/ded666c4-a1f9-40ba-b4b9-d8f969e359fe/in_use.lock acquired by nodename 22440@hdds1735-nc2fb-114972354
2019-07-08 23:57:33,369 INFO  storage.RaftStorageDirectory (RaftStorageDirectory.java:tryLock(328)) - Lock on /tmp/workdir/hadoop-ozone/tools/target/test-dir/MiniOzoneClusterImpl-2b8b0ed9-393c-4f9f-8988-c7aaab790c5d/datanode-1/data/ratis/ded666c4-a1f9-40ba-b4b9-d8f969e359fe/in_use.lock acquired by nodename 22440@hdds1735-nc2fb-114972354
2019-07-08 23:57:33,394 INFO  storage.RaftStorage (RaftStorage.java:format(72)) - Storage directory /tmp/workdir/hadoop-ozone/tools/target/test-dir/MiniOzoneClusterImpl-2b8b0ed9-393c-4f9f-8988-c7aaab790c5d/datanode-2/data/ratis/ded666c4-a1f9-40ba-b4b9-d8f969e359fe has been successfully formatted.
2019-07-08 23:57:33,394 INFO  storage.RaftStorage (RaftStorage.java:format(72)) - Storage directory /tmp/workdir/hadoop-ozone/tools/target/test-dir/MiniOzoneClusterImpl-2b8b0ed9-393c-4f9f-8988-c7aaab790c5d/datanode-0/data/ratis/ded666c4-a1f9-40ba-b4b9-d8f969e359fe has been successfully formatted.
2019-07-08 23:57:33,394 INFO  storage.RaftStorage (RaftStorage.java:format(72)) - Storage directory /tmp/workdir/hadoop-ozone/tools/target/test-dir/MiniOzoneClusterImpl-2b8b0ed9-393c-4f9f-8988-c7aaab790c5d/datanode-1/data/ratis/ded666c4-a1f9-40ba-b4b9-d8f969e359fe has been successfully formatted.
2019-07-08 23:57:33,395 INFO  ratis.ContainerStateMachine (ContainerStateMachine.java:loadSnapshot(198)) - The snapshot info is null.Setting the last applied index to:(t:0, i:~)
2019-07-08 23:57:33,395 INFO  ratis.ContainerStateMachine (ContainerStateMachine.java:loadSnapshot(198)) - The snapshot info is null.Setting the last applied index to:(t:0, i:~)
2019-07-08 23:57:33,395 INFO  server.RaftServerConfigKeys (ConfUtils.java:logGet(43)) - raft.server.leader.election.timeout = 120s (custom)
2019-07-08 23:57:33,395 INFO  ratis.ContainerStateMachine (ContainerStateMachine.java:loadSnapshot(198)) - The snapshot info is null.Setting the last applied index to:(t:0, i:~)
2019-07-08 23:57:33,396 INFO  server.RaftServerConfigKeys (ConfUtils.java:logGet(43)) - raft.server.log.use.memory = false (default)
2019-07-08 23:57:33,396 INFO  server.RaftServerConfigKeys (ConfUtils.java:logGet(43)) - raft.server.leader.election.timeout = 120s (custom)
2019-07-08 23:57:33,396 INFO  server.RaftServerConfigKeys (ConfUtils.java:logGet(43)) - raft.server.log.purge.gap = 1000000000 (custom)
2019-07-08 23:57:33,396 INFO  server.RaftServerConfigKeys (ConfUtils.java:logGet(43)) - raft.server.leader.election.timeout = 120s (custom)
2019-07-08 23:57:33,397 INFO  server.RaftServerConfigKeys (ConfUtils.java:logGet(43)) - raft.server.log.appender.buffer.byte-limit = 33554432 (custom)
2019-07-08 23:57:33,396 INFO  server.RaftServerConfigKeys (ConfUtils.java:logGet(43)) - raft.server.log.use.memory = false (default)
2019-07-08 23:57:33,397 INFO  server.RaftServerConfigKeys (ConfUtils.java:logGet(43)) - raft.server.log.segment.size.max = 1048576 (custom)
2019-07-08 23:57:33,397 INFO  server.RaftServerConfigKeys (ConfUtils.java:logGet(43)) - raft.server.log.use.memory = false (default)
2019-07-08 23:57:33,397 INFO  server.RaftServerConfigKeys (ConfUtils.java:logGet(43)) - raft.server.log.segment.cache.num.max = 2 (custom)
2019-07-08 23:57:33,397 INFO  server.RaftServerConfigKeys (ConfUtils.java:logGet(43)) - raft.server.log.purge.gap = 1000000000 (custom)
2019-07-08 23:57:33,398 INFO  segmented.SegmentedRaftLogWorker (SegmentedRaftLogWorker.java:<init>(172)) - new cddf3713-3d93-4cc0-9436-6662a42f2930-SegmentedRaftLogWorker:Storage Directory /tmp/workdir/hadoop-ozone/tools/target/test-dir/MiniOzoneClusterImpl-2b8b0ed9-393c-4f9f-8988-c7aaab790c5d/datanode-0/data/ratis/ded666c4-a1f9-40ba-b4b9-d8f969e359fe for RaftStorage:Storage Directory /tmp/workdir/hadoop-ozone/tools/target/test-dir/MiniOzoneClusterImpl-2b8b0ed9-393c-4f9f-8988-c7aaab790c5d/datanode-0/data/ratis/ded666c4-a1f9-40ba-b4b9-d8f969e359fe
2019-07-08 23:57:33,398 INFO  server.RaftServerConfigKeys (ConfUtils.java:logGet(43)) - raft.server.log.purge.gap = 1000000000 (custom)
2019-07-08 23:57:33,398 INFO  server.RaftServerConfigKeys (ConfUtils.java:logGet(43)) - raft.server.log.queue.byte-limit = 2147483647 (custom)
2019-07-08 23:57:33,398 INFO  server.RaftServerConfigKeys (ConfUtils.java:logGet(43)) - raft.server.log.appender.buffer.byte-limit = 33554432 (custom)
2019-07-08 23:57:33,400 INFO  server.RaftServerConfigKeys (ConfUtils.java:logGet(43)) - raft.server.log.queue.element-limit = 1024 (custom)
2019-07-08 23:57:33,398 INFO  server.RaftServerConfigKeys (ConfUtils.java:logGet(43)) - raft.server.log.appender.buffer.byte-limit = 33554432 (custom)
2019-07-08 23:57:33,401 INFO  server.RaftServerConfigKeys (ConfUtils.java:logGet(43)) - raft.server.log.segment.size.max = 1048576 (custom)
2019-07-08 23:57:33,400 INFO  server.RaftServerConfigKeys (ConfUtils.java:logGet(43)) - raft.server.log.segment.size.max = 1048576 (custom)
2019-07-08 23:57:33,401 INFO  server.RaftServerConfigKeys (ConfUtils.java:logGet(43)) - raft.server.log.preallocated.size = 16384 (custom)
2019-07-08 23:57:33,401 INFO  server.RaftServerConfigKeys (ConfUtils.java:logGet(43)) - raft.server.log.segment.size.max = 1048576 (custom)
2019-07-08 23:57:33,402 INFO  server.RaftServerConfigKeys (ConfUtils.java:logGet(43)) - raft.server.log.write.buffer.size = 33554432 (custom)
2019-07-08 23:57:33,401 INFO  server.RaftServerConfigKeys (ConfUtils.java:logGet(43)) - raft.server.log.segment.cache.num.max = 2 (custom)
2019-07-08 23:57:33,402 INFO  server.RaftServerConfigKeys (ConfUtils.java:logGet(43)) - raft.server.log.force.sync.num = 128 (default)
2019-07-08 23:57:33,402 INFO  server.RaftServerConfigKeys (ConfUtils.java:logGet(43)) - raft.server.log.segment.cache.num.max = 2 (custom)
2019-07-08 23:57:33,402 INFO  server.RaftServerConfigKeys (ConfUtils.java:logGet(43)) - raft.server.log.statemachine.data.sync = true (default)
2019-07-08 23:57:33,402 INFO  segmented.SegmentedRaftLogWorker (SegmentedRaftLogWorker.java:<init>(172)) - new fc8bae70-5ee2-4690-a891-bdec1ff31df6-SegmentedRaftLogWorker:Storage Directory /tmp/workdir/hadoop-ozone/tools/target/test-dir/MiniOzoneClusterImpl-2b8b0ed9-393c-4f9f-8988-c7aaab790c5d/datanode-2/data/ratis/ded666c4-a1f9-40ba-b4b9-d8f969e359fe for RaftStorage:Storage Directory /tmp/workdir/hadoop-ozone/tools/target/test-dir/MiniOzoneClusterImpl-2b8b0ed9-393c-4f9f-8988-c7aaab790c5d/datanode-2/data/ratis/ded666c4-a1f9-40ba-b4b9-d8f969e359fe
2019-07-08 23:57:33,403 INFO  server.RaftServerConfigKeys (ConfUtils.java:logGet(43)) - raft.server.log.statemachine.data.sync.timeout = 10s (default)
2019-07-08 23:57:33,402 INFO  segmented.SegmentedRaftLogWorker (SegmentedRaftLogWorker.java:<init>(172)) - new fb2f9e5f-3f85-4645-9434-35845990ef62-SegmentedRaftLogWorker:Storage Directory /tmp/workdir/hadoop-ozone/tools/target/test-dir/MiniOzoneClusterImpl-2b8b0ed9-393c-4f9f-8988-c7aaab790c5d/datanode-1/data/ratis/ded666c4-a1f9-40ba-b4b9-d8f969e359fe for RaftStorage:Storage Directory /tmp/workdir/hadoop-ozone/tools/target/test-dir/MiniOzoneClusterImpl-2b8b0ed9-393c-4f9f-8988-c7aaab790c5d/datanode-1/data/ratis/ded666c4-a1f9-40ba-b4b9-d8f969e359fe
2019-07-08 23:57:33,403 INFO  server.RaftServerConfigKeys (ConfUtils.java:logGet(43)) - raft.server.log.statemachine.data.sync.timeout.retry = -1 (default)
2019-07-08 23:57:33,403 INFO  server.RaftServerConfigKeys (ConfUtils.java:logGet(43)) - raft.server.log.queue.byte-limit = 2147483647 (custom)
2019-07-08 23:57:33,405 INFO  server.RaftServerConfigKeys (ConfUtils.java:logGet(43)) - raft.server.log.queue.byte-limit = 2147483647 (custom)
2019-07-08 23:57:33,406 INFO  server.RaftServerConfigKeys (ConfUtils.java:logGet(43)) - raft.server.log.queue.element-limit = 1024 (custom)
2019-07-08 23:57:33,406 INFO  server.RaftServerConfigKeys (ConfUtils.java:logGet(43)) - raft.server.log.statemachine.data.caching.enabled = true (custom)
2019-07-08 23:57:33,407 INFO  server.RaftServerConfigKeys (ConfUtils.java:logGet(43)) - raft.server.log.segment.size.max = 1048576 (custom)
2019-07-08 23:57:33,406 INFO  server.RaftServerConfigKeys (ConfUtils.java:logGet(43)) - raft.server.log.queue.element-limit = 1024 (custom)
2019-07-08 23:57:33,407 INFO  segmented.SegmentedRaftLogWorker (SegmentedRaftLogWorker.java:lambda$new$0(132)) - cddf3713-3d93-4cc0-9436-6662a42f2930-SegmentedRaftLogWorker:Storage Directory /tmp/workdir/hadoop-ozone/tools/target/test-dir/MiniOzoneClusterImpl-2b8b0ed9-393c-4f9f-8988-c7aaab790c5d/datanode-0/data/ratis/ded666c4-a1f9-40ba-b4b9-d8f969e359fe: flushIndex: setUnconditionally 0 -> -1
2019-07-08 23:57:33,407 INFO  server.RaftServerConfigKeys (ConfUtils.java:logGet(43)) - raft.server.log.preallocated.size = 16384 (custom)
2019-07-08 23:57:33,407 INFO  server.RaftServerConfigKeys (ConfUtils.java:logGet(43)) - raft.server.log.segment.size.max = 1048576 (custom)
2019-07-08 23:57:33,408 INFO  server.RaftServerConfigKeys (ConfUtils.java:logGet(43)) - raft.server.log.write.buffer.size = 33554432 (custom)
2019-07-08 23:57:33,408 INFO  server.RaftServerConfigKeys (ConfUtils.java:logGet(43)) - raft.server.snapshot.auto.trigger.enabled = true (custom)
2019-07-08 23:57:33,408 INFO  server.RaftServerConfigKeys (ConfUtils.java:logGet(43)) - raft.server.log.force.sync.num = 128 (default)
2019-07-08 23:57:33,408 INFO  server.RaftServerConfigKeys (ConfUtils.java:logGet(43)) - raft.server.log.preallocated.size = 16384 (custom)
2019-07-08 23:57:33,408 INFO  server.RaftServerConfigKeys (ConfUtils.java:logGet(43)) - raft.server.log.statemachine.data.sync = true (default)
2019-07-08 23:57:33,408 INFO  server.RaftServerConfigKeys (ConfUtils.java:logGet(43)) - raft.server.snapshot.auto.trigger.threshold = 10000 (custom)
2019-07-08 23:57:33,409 INFO  server.RaftServerConfigKeys (ConfUtils.java:logGet(43)) - raft.server.log.statemachine.data.sync.timeout = 10s (default)
2019-07-08 23:57:33,409 INFO  server.RaftServerConfigKeys (ConfUtils.java:logGet(43)) - raft.server.log.write.buffer.size = 33554432 (custom)
2019-07-08 23:57:33,409 INFO  server.RaftServerConfigKeys (ConfUtils.java:logGet(43)) - raft.server.log.statemachine.data.sync.timeout.retry = -1 (default)
2019-07-08 23:57:33,409 INFO  server.RaftServerConfigKeys (ConfUtils.java:logGet(43)) - raft.server.retrycache.expirytime = 600000ms (custom)
2019-07-08 23:57:33,410 INFO  server.RaftServerConfigKeys (ConfUtils.java:logGet(43)) - raft.server.log.statemachine.data.caching.enabled = true (custom)
2019-07-08 23:57:33,409 INFO  server.RaftServerConfigKeys (ConfUtils.java:logGet(43)) - raft.server.log.force.sync.num = 128 (default)
2019-07-08 23:57:33,410 INFO  impl.RaftServerImpl (RaftServerImpl.java:start(180)) - cddf3713-3d93-4cc0-9436-6662a42f2930: start group-D8F969E359FE
2019-07-08 23:57:33,410 INFO  segmented.SegmentedRaftLogWorker (SegmentedRaftLogWorker.java:lambda$new$0(132)) - fc8bae70-5ee2-4690-a891-bdec1ff31df6-SegmentedRaftLogWorker:Storage Directory /tmp/workdir/hadoop-ozone/tools/target/test-dir/MiniOzoneClusterImpl-2b8b0ed9-393c-4f9f-8988-c7aaab790c5d/datanode-2/data/ratis/ded666c4-a1f9-40ba-b4b9-d8f969e359fe: flushIndex: setUnconditionally 0 -> -1
2019-07-08 23:57:33,410 INFO  server.RaftServerConfigKeys (ConfUtils.java:logGet(43)) - raft.server.log.statemachine.data.sync = true (default)
2019-07-08 23:57:33,410 INFO  impl.RaftServerImpl (RaftServerImpl.java:setRole(171)) - cddf3713-3d93-4cc0-9436-6662a42f2930:group-D8F969E359FE changes role from null to FOLLOWER at term 0 for startAsFollower
2019-07-08 23:57:33,411 INFO  server.RaftServerConfigKeys (ConfUtils.java:logGet(43)) - raft.server.log.statemachine.data.sync.timeout = 10s (default)
2019-07-08 23:57:33,411 INFO  server.RaftServerConfigKeys (ConfUtils.java:logGet(43)) - raft.server.snapshot.auto.trigger.enabled = true (custom)
2019-07-08 23:57:33,411 INFO  server.RaftServerConfigKeys (ConfUtils.java:logGet(43)) - raft.server.log.statemachine.data.sync.timeout.retry = -1 (default)
2019-07-08 23:57:33,411 INFO  impl.RoleInfo (RoleInfo.java:updateAndGet(143)) - cddf3713-3d93-4cc0-9436-6662a42f2930: start FollowerState
2019-07-08 23:57:33,411 INFO  server.RaftServerConfigKeys (ConfUtils.java:logGet(43)) - raft.server.log.statemachine.data.caching.enabled = true (custom)
2019-07-08 23:57:33,411 INFO  server.RaftServerConfigKeys (ConfUtils.java:logGet(43)) - raft.server.snapshot.auto.trigger.threshold = 10000 (custom)
2019-07-08 23:57:33,412 INFO  util.JmxRegister (JmxRegister.java:tryRegister(44)) - Successfully registered JMX Bean with object name Ratis:service=RaftServer,group=group-D8F969E359FE,id=cddf3713-3d93-4cc0-9436-6662a42f2930
2019-07-08 23:57:33,412 INFO  server.RaftServerConfigKeys (ConfUtils.java:logGet(43)) - raft.server.retrycache.expirytime = 600000ms (custom)
2019-07-08 23:57:33,412 INFO  segmented.SegmentedRaftLogWorker (SegmentedRaftLogWorker.java:lambda$new$0(132)) - fb2f9e5f-3f85-4645-9434-35845990ef62-SegmentedRaftLogWorker:Storage Directory /tmp/workdir/hadoop-ozone/tools/target/test-dir/MiniOzoneClusterImpl-2b8b0ed9-393c-4f9f-8988-c7aaab790c5d/datanode-1/data/ratis/ded666c4-a1f9-40ba-b4b9-d8f969e359fe: flushIndex: setUnconditionally 0 -> -1
2019-07-08 23:57:33,412 INFO  impl.RaftServerImpl (RaftServerImpl.java:start(180)) - fc8bae70-5ee2-4690-a891-bdec1ff31df6: start group-D8F969E359FE
2019-07-08 23:57:33,413 INFO  impl.RaftServerImpl (RaftServerImpl.java:setRole(171)) - fc8bae70-5ee2-4690-a891-bdec1ff31df6:group-D8F969E359FE changes role from null to FOLLOWER at term 0 for startAsFollower
2019-07-08 23:57:33,413 INFO  server.RaftServerConfigKeys (ConfUtils.java:logGet(43)) - raft.server.snapshot.auto.trigger.enabled = true (custom)
2019-07-08 23:57:33,413 INFO  impl.RoleInfo (RoleInfo.java:updateAndGet(143)) - fc8bae70-5ee2-4690-a891-bdec1ff31df6: start FollowerState
2019-07-08 23:57:33,413 INFO  server.RaftServerConfigKeys (ConfUtils.java:logGet(43)) - raft.server.snapshot.auto.trigger.threshold = 10000 (custom)
2019-07-08 23:57:33,415 INFO  server.RaftServerConfigKeys (ConfUtils.java:logGet(43)) - raft.server.retrycache.expirytime = 600000ms (custom)
2019-07-08 23:57:33,415 INFO  util.JmxRegister (JmxRegister.java:tryRegister(44)) - Successfully registered JMX Bean with object name Ratis:service=RaftServer,group=group-D8F969E359FE,id=fc8bae70-5ee2-4690-a891-bdec1ff31df6
2019-07-08 23:57:33,416 INFO  impl.RaftServerImpl (RaftServerImpl.java:start(180)) - fb2f9e5f-3f85-4645-9434-35845990ef62: start group-D8F969E359FE
2019-07-08 23:57:33,416 INFO  impl.RaftServerImpl (RaftServerImpl.java:setRole(171)) - fb2f9e5f-3f85-4645-9434-35845990ef62:group-D8F969E359FE changes role from null to FOLLOWER at term 0 for startAsFollower
2019-07-08 23:57:33,416 INFO  impl.RoleInfo (RoleInfo.java:updateAndGet(143)) - fb2f9e5f-3f85-4645-9434-35845990ef62: start FollowerState
2019-07-08 23:57:33,418 INFO  util.JmxRegister (JmxRegister.java:tryRegister(44)) - Successfully registered JMX Bean with object name Ratis:service=RaftServer,group=group-D8F969E359FE,id=fb2f9e5f-3f85-4645-9434-35845990ef62
2019-07-08 23:57:33,429 INFO  ozone.MiniOzoneClusterImpl (MiniOzoneClusterImpl.java:lambda$waitForClusterToBeReady$0(142)) - Cluster is ready. Got 3 of 3 DN Heartbeats.
2019-07-08 23:57:33,435 INFO  pipeline.PipelineStateManager (PipelineStateManager.java:addPipeline(56)) - Created pipeline Pipeline[ Id: ded666c4-a1f9-40ba-b4b9-d8f969e359fe, Nodes: fc8bae70-5ee2-4690-a891-bdec1ff31df6{ip: 192.168.5.141, host: hdds1735-nc2fb-114972354, networkLocation: /default-rack, certSerialId: null}fb2f9e5f-3f85-4645-9434-35845990ef62{ip: 192.168.5.141, host: hdds1735-nc2fb-114972354, networkLocation: /default-rack, certSerialId: null}cddf3713-3d93-4cc0-9436-6662a42f2930{ip: 192.168.5.141, host: hdds1735-nc2fb-114972354, networkLocation: /default-rack, certSerialId: null}, Type:RATIS, Factor:THREE, State:OPEN]
2019-07-08 23:57:33,871 INFO  freon.RandomKeyGenerator (RandomKeyGenerator.java:call(262)) - Number of Threads: 10
2019-07-08 23:57:33,872 INFO  freon.RandomKeyGenerator (RandomKeyGenerator.java:call(267)) - Number of Volumes: 1.
2019-07-08 23:57:33,872 INFO  freon.RandomKeyGenerator (RandomKeyGenerator.java:call(268)) - Number of Buckets per Volume: 1.
2019-07-08 23:57:33,872 INFO  freon.RandomKeyGenerator (RandomKeyGenerator.java:call(269)) - Number of Keys per Bucket: 1.
2019-07-08 23:57:33,872 INFO  freon.RandomKeyGenerator (RandomKeyGenerator.java:call(270)) - Key size: 20971520 bytes
2019-07-08 23:57:33,872 INFO  freon.RandomKeyGenerator (RandomKeyGenerator.java:call(271)) - Buffer size: 4096 bytes
2019-07-08 23:57:33,874 INFO  freon.RandomKeyGenerator (RandomKeyGenerator.java:call(286)) - Data validation is enabled.
2019-07-08 23:57:33,875 INFO  freon.RandomKeyGenerator (RandomKeyGenerator.java:call(299)) - Starting progress bar Thread.

 0.00% |█                                                                                                    |  0/1 Time: 0:00:002019-07-08 23:57:33,914 INFO  rpc.RpcClient (RpcClient.java:createVolume(289)) - Creating Volume: vol-0-00520, with jenkins1000 as owner.
2019-07-08 23:57:33,962 INFO  rpc.RpcClient (RpcClient.java:createBucket(426)) - Creating Bucket: vol-0-00520/bucket-0-06732, with Versioning false and Storage Type set to DISK and Encryption set to false 
2019-07-08 23:57:34,109 INFO  impl.FollowerState (FollowerState.java:run(106)) - cddf3713-3d93-4cc0-9436-6662a42f2930:group-99AD5D8BB700 changes to CANDIDATE, lastRpcTime:1067, electionTimeout:1066ms
2019-07-08 23:57:34,109 INFO  impl.RoleInfo (RoleInfo.java:shutdownFollowerState(121)) - cddf3713-3d93-4cc0-9436-6662a42f2930: shutdown FollowerState
2019-07-08 23:57:34,109 INFO  impl.RaftServerImpl (RaftServerImpl.java:setRole(171)) - cddf3713-3d93-4cc0-9436-6662a42f2930:group-99AD5D8BB700 changes role from FOLLOWER to CANDIDATE at term 0 for changeToCandidate
2019-07-08 23:57:34,113 INFO  impl.RoleInfo (RoleInfo.java:updateAndGet(143)) - cddf3713-3d93-4cc0-9436-6662a42f2930: start LeaderElection
2019-07-08 23:57:34,125 INFO  impl.LeaderElection (LeaderElection.java:askForVotes(181)) - cddf3713-3d93-4cc0-9436-6662a42f2930:group-99AD5D8BB700:LeaderElection1: begin an election at term 1 for -1: [cddf3713-3d93-4cc0-9436-6662a42f2930:192.168.5.141:46501], old=null
2019-07-08 23:57:34,127 INFO  impl.RoleInfo (RoleInfo.java:shutdownLeaderElection(134)) - cddf3713-3d93-4cc0-9436-6662a42f2930: shutdown LeaderElection
2019-07-08 23:57:34,128 INFO  impl.RaftServerImpl (RaftServerImpl.java:setRole(171)) - cddf3713-3d93-4cc0-9436-6662a42f2930:group-99AD5D8BB700 changes role from CANDIDATE to LEADER at term 1 for changeToLeader
2019-07-08 23:57:34,128 INFO  impl.RaftServerImpl (ServerState.java:setLeader(263)) - cddf3713-3d93-4cc0-9436-6662a42f2930:group-99AD5D8BB700 change Leader from null to cddf3713-3d93-4cc0-9436-6662a42f2930 at term 1 for becomeLeader, leader elected after 1499ms
2019-07-08 23:57:34,135 INFO  server.RaftServerConfigKeys (ConfUtils.java:logGet(43)) - raft.server.staging.catchup.gap = 1000 (default)
2019-07-08 23:57:34,135 INFO  server.RaftServerConfigKeys (ConfUtils.java:logGet(43)) - raft.server.rpc.sleep.time = 25ms (default)
2019-07-08 23:57:34,139 INFO  server.RaftServerConfigKeys (ConfUtils.java:logGet(43)) - raft.server.write.element-limit = 4096 (default)
2019-07-08 23:57:34,142 INFO  server.RaftServerConfigKeys (ConfUtils.java:logGet(43)) - raft.server.watch.timeout = 10s (default)
2019-07-08 23:57:34,142 INFO  server.RaftServerConfigKeys (ConfUtils.java:logGet(43)) - raft.server.watch.timeout.denomination = 1s (default)
2019-07-08 23:57:34,143 INFO  server.RaftServerConfigKeys (ConfUtils.java:logGet(43)) - raft.server.watch.element-limit = 65536 (default)
2019-07-08 23:57:34,152 INFO  impl.RoleInfo (RoleInfo.java:updateAndGet(143)) - cddf3713-3d93-4cc0-9436-6662a42f2930: start LeaderState
2019-07-08 23:57:34,176 INFO  segmented.SegmentedRaftLogWorker (SegmentedRaftLogWorker.java:startLogSegment(380)) - cddf3713-3d93-4cc0-9436-6662a42f2930-SegmentedRaftLogWorker:Storage Directory /tmp/workdir/hadoop-ozone/tools/target/test-dir/MiniOzoneClusterImpl-2b8b0ed9-393c-4f9f-8988-c7aaab790c5d/datanode-0/data/ratis/46823cf6-30a6-491d-9997-99ad5d8bb700: Starting segment from index:0
2019-07-08 23:57:34,187 INFO  impl.RaftServerImpl (ServerState.java:setRaftConf(361)) - cddf3713-3d93-4cc0-9436-6662a42f2930:group-99AD5D8BB700 set configuration 0: [cddf3713-3d93-4cc0-9436-6662a42f2930:192.168.5.141:46501], old=null at 0
2019-07-08 23:57:34,248 INFO  impl.FollowerState (FollowerState.java:run(106)) - fc8bae70-5ee2-4690-a891-bdec1ff31df6:group-62780E9AAD54 changes to CANDIDATE, lastRpcTime:1051, electionTimeout:1050ms
2019-07-08 23:57:34,249 INFO  impl.RoleInfo (RoleInfo.java:shutdownFollowerState(121)) - fc8bae70-5ee2-4690-a891-bdec1ff31df6: shutdown FollowerState
2019-07-08 23:57:34,249 INFO  impl.RaftServerImpl (RaftServerImpl.java:setRole(171)) - fc8bae70-5ee2-4690-a891-bdec1ff31df6:group-62780E9AAD54 changes role from FOLLOWER to CANDIDATE at term 0 for changeToCandidate
2019-07-08 23:57:34,249 INFO  impl.RoleInfo (RoleInfo.java:updateAndGet(143)) - fc8bae70-5ee2-4690-a891-bdec1ff31df6: start LeaderElection
2019-07-08 23:57:34,266 INFO  impl.LeaderElection (LeaderElection.java:askForVotes(181)) - fc8bae70-5ee2-4690-a891-bdec1ff31df6:group-62780E9AAD54:LeaderElection2: begin an election at term 1 for -1: [fc8bae70-5ee2-4690-a891-bdec1ff31df6:192.168.5.141:40288], old=null
2019-07-08 23:57:34,268 INFO  impl.RoleInfo (RoleInfo.java:shutdownLeaderElection(134)) - fc8bae70-5ee2-4690-a891-bdec1ff31df6: shutdown LeaderElection
2019-07-08 23:57:34,268 INFO  impl.RaftServerImpl (RaftServerImpl.java:setRole(171)) - fc8bae70-5ee2-4690-a891-bdec1ff31df6:group-62780E9AAD54 changes role from CANDIDATE to LEADER at term 1 for changeToLeader
2019-07-08 23:57:34,268 INFO  impl.RaftServerImpl (ServerState.java:setLeader(263)) - fc8bae70-5ee2-4690-a891-bdec1ff31df6:group-62780E9AAD54 change Leader from null to fc8bae70-5ee2-4690-a891-bdec1ff31df6 at term 1 for becomeLeader, leader elected after 1079ms
2019-07-08 23:57:34,268 INFO  server.RaftServerConfigKeys (ConfUtils.java:logGet(43)) - raft.server.staging.catchup.gap = 1000 (default)
2019-07-08 23:57:34,268 INFO  server.RaftServerConfigKeys (ConfUtils.java:logGet(43)) - raft.server.rpc.sleep.time = 25ms (default)
2019-07-08 23:57:34,269 INFO  server.RaftServerConfigKeys (ConfUtils.java:logGet(43)) - raft.server.write.element-limit = 4096 (default)
2019-07-08 23:57:34,269 INFO  server.RaftServerConfigKeys (ConfUtils.java:logGet(43)) - raft.server.watch.timeout = 10s (default)
2019-07-08 23:57:34,273 INFO  server.RaftServerConfigKeys (ConfUtils.java:logGet(43)) - raft.server.watch.timeout.denomination = 1s (default)
2019-07-08 23:57:34,273 INFO  server.RaftServerConfigKeys (ConfUtils.java:logGet(43)) - raft.server.watch.element-limit = 65536 (default)
2019-07-08 23:57:34,274 INFO  impl.RoleInfo (RoleInfo.java:updateAndGet(143)) - fc8bae70-5ee2-4690-a891-bdec1ff31df6: start LeaderState
2019-07-08 23:57:34,274 INFO  segmented.SegmentedRaftLogWorker (SegmentedRaftLogWorker.java:startLogSegment(380)) - fc8bae70-5ee2-4690-a891-bdec1ff31df6-SegmentedRaftLogWorker:Storage Directory /tmp/workdir/hadoop-ozone/tools/target/test-dir/MiniOzoneClusterImpl-2b8b0ed9-393c-4f9f-8988-c7aaab790c5d/datanode-2/data/ratis/4dabeb2d-ec87-42a2-9766-62780e9aad54: Starting segment from index:0
2019-07-08 23:57:34,275 INFO  impl.RaftServerImpl (ServerState.java:setRaftConf(361)) - fc8bae70-5ee2-4690-a891-bdec1ff31df6:group-62780E9AAD54 set configuration 0: [fc8bae70-5ee2-4690-a891-bdec1ff31df6:192.168.5.141:40288], old=null at 0
2019-07-08 23:57:34,300 INFO  client.GrpcClientProtocolClient (GrpcClientProtocolClient.java:onNext(255)) - client-8AB46143C543->fc8bae70-5ee2-4690-a891-bdec1ff31df6: receive RaftClientReply:client-8AB46143C543->fc8bae70-5ee2-4690-a891-bdec1ff31df6@group-D8F969E359FE, cid=6, FAILED org.apache.ratis.protocol.NotLeaderException: Server fc8bae70-5ee2-4690-a891-bdec1ff31df6 is not the leader (null). Request must be sent to leader., logIndex=0, commits[fc8bae70-5ee2-4690-a891-bdec1ff31df6:c-1]
2019-07-08 23:57:34,396 INFO  segmented.SegmentedRaftLogWorker (SegmentedRaftLogWorker.java:execute(569)) - cddf3713-3d93-4cc0-9436-6662a42f2930-SegmentedRaftLogWorker:Storage Directory /tmp/workdir/hadoop-ozone/tools/target/test-dir/MiniOzoneClusterImpl-2b8b0ed9-393c-4f9f-8988-c7aaab790c5d/datanode-0/data/ratis/46823cf6-30a6-491d-9997-99ad5d8bb700: created new log segment /tmp/workdir/hadoop-ozone/tools/target/test-dir/MiniOzoneClusterImpl-2b8b0ed9-393c-4f9f-8988-c7aaab790c5d/datanode-0/data/ratis/46823cf6-30a6-491d-9997-99ad5d8bb700/current/log_inprogress_0
2019-07-08 23:57:34,396 INFO  segmented.SegmentedRaftLogWorker (SegmentedRaftLogWorker.java:execute(569)) - fc8bae70-5ee2-4690-a891-bdec1ff31df6-SegmentedRaftLogWorker:Storage Directory /tmp/workdir/hadoop-ozone/tools/target/test-dir/MiniOzoneClusterImpl-2b8b0ed9-393c-4f9f-8988-c7aaab790c5d/datanode-2/data/ratis/4dabeb2d-ec87-42a2-9766-62780e9aad54: created new log segment /tmp/workdir/hadoop-ozone/tools/target/test-dir/MiniOzoneClusterImpl-2b8b0ed9-393c-4f9f-8988-c7aaab790c5d/datanode-2/data/ratis/4dabeb2d-ec87-42a2-9766-62780e9aad54/current/log_inprogress_0
2019-07-08 23:57:34,419 INFO  impl.FollowerState (FollowerState.java:run(106)) - fb2f9e5f-3f85-4645-9434-35845990ef62:group-30951EC559B3 changes to CANDIDATE, lastRpcTime:1143, electionTimeout:1143ms
2019-07-08 23:57:34,420 INFO  impl.RoleInfo (RoleInfo.java:shutdownFollowerState(121)) - fb2f9e5f-3f85-4645-9434-35845990ef62: shutdown FollowerState
2019-07-08 23:57:34,420 INFO  impl.RaftServerImpl (RaftServerImpl.java:setRole(171)) - fb2f9e5f-3f85-4645-9434-35845990ef62:group-30951EC559B3 changes role from FOLLOWER to CANDIDATE at term 0 for changeToCandidate
2019-07-08 23:57:34,420 INFO  impl.RoleInfo (RoleInfo.java:updateAndGet(143)) - fb2f9e5f-3f85-4645-9434-35845990ef62: start LeaderElection
2019-07-08 23:57:34,428 INFO  impl.LeaderElection (LeaderElection.java:askForVotes(181)) - fb2f9e5f-3f85-4645-9434-35845990ef62:group-30951EC559B3:LeaderElection3: begin an election at term 1 for -1: [fb2f9e5f-3f85-4645-9434-35845990ef62:192.168.5.141:34888], old=null
2019-07-08 23:57:34,430 INFO  impl.RoleInfo (RoleInfo.java:shutdownLeaderElection(134)) - fb2f9e5f-3f85-4645-9434-35845990ef62: shutdown LeaderElection
2019-07-08 23:57:34,430 INFO  impl.RaftServerImpl (RaftServerImpl.java:setRole(171)) - fb2f9e5f-3f85-4645-9434-35845990ef62:group-30951EC559B3 changes role from CANDIDATE to LEADER at term 1 for changeToLeader
2019-07-08 23:57:34,430 INFO  impl.RaftServerImpl (ServerState.java:setLeader(263)) - fb2f9e5f-3f85-4645-9434-35845990ef62:group-30951EC559B3 change Leader from null to fb2f9e5f-3f85-4645-9434-35845990ef62 at term 1 for becomeLeader, leader elected after 1160ms
2019-07-08 23:57:34,430 INFO  server.RaftServerConfigKeys (ConfUtils.java:logGet(43)) - raft.server.staging.catchup.gap = 1000 (default)
2019-07-08 23:57:34,430 INFO  server.RaftServerConfigKeys (ConfUtils.java:logGet(43)) - raft.server.rpc.sleep.time = 25ms (default)
2019-07-08 23:57:34,431 INFO  server.RaftServerConfigKeys (ConfUtils.java:logGet(43)) - raft.server.write.element-limit = 4096 (default)
2019-07-08 23:57:34,431 INFO  server.RaftServerConfigKeys (ConfUtils.java:logGet(43)) - raft.server.watch.timeout = 10s (default)
2019-07-08 23:57:34,431 INFO  server.RaftServerConfigKeys (ConfUtils.java:logGet(43)) - raft.server.watch.timeout.denomination = 1s (default)
2019-07-08 23:57:34,431 INFO  server.RaftServerConfigKeys (ConfUtils.java:logGet(43)) - raft.server.watch.element-limit = 65536 (default)
2019-07-08 23:57:34,431 INFO  impl.RoleInfo (RoleInfo.java:updateAndGet(143)) - fb2f9e5f-3f85-4645-9434-35845990ef62: start LeaderState
2019-07-08 23:57:34,432 INFO  segmented.SegmentedRaftLogWorker (SegmentedRaftLogWorker.java:startLogSegment(380)) - fb2f9e5f-3f85-4645-9434-35845990ef62-SegmentedRaftLogWorker:Storage Directory /tmp/workdir/hadoop-ozone/tools/target/test-dir/MiniOzoneClusterImpl-2b8b0ed9-393c-4f9f-8988-c7aaab790c5d/datanode-1/data/ratis/17f57eac-c438-409c-8fb6-30951ec559b3: Starting segment from index:0
2019-07-08 23:57:34,432 INFO  impl.RaftServerImpl (ServerState.java:setRaftConf(361)) - fb2f9e5f-3f85-4645-9434-35845990ef62:group-30951EC559B3 set configuration 0: [fb2f9e5f-3f85-4645-9434-35845990ef62:192.168.5.141:34888], old=null at 0
2019-07-08 23:57:34,451 INFO  segmented.SegmentedRaftLogWorker (SegmentedRaftLogWorker.java:execute(569)) - fb2f9e5f-3f85-4645-9434-35845990ef62-SegmentedRaftLogWorker:Storage Directory /tmp/workdir/hadoop-ozone/tools/target/test-dir/MiniOzoneClusterImpl-2b8b0ed9-393c-4f9f-8988-c7aaab790c5d/datanode-1/data/ratis/17f57eac-c438-409c-8fb6-30951ec559b3: created new log segment /tmp/workdir/hadoop-ozone/tools/target/test-dir/MiniOzoneClusterImpl-2b8b0ed9-393c-4f9f-8988-c7aaab790c5d/datanode-1/data/ratis/17f57eac-c438-409c-8fb6-30951ec559b3/current/log_inprogress_0
2019-07-08 23:57:34,460 INFO  impl.FollowerState (FollowerState.java:run(106)) - fb2f9e5f-3f85-4645-9434-35845990ef62:group-D8F969E359FE changes to CANDIDATE, lastRpcTime:1043, electionTimeout:1043ms
2019-07-08 23:57:34,460 INFO  impl.RoleInfo (RoleInfo.java:shutdownFollowerState(121)) - fb2f9e5f-3f85-4645-9434-35845990ef62: shutdown FollowerState
2019-07-08 23:57:34,460 INFO  impl.RaftServerImpl (RaftServerImpl.java:setRole(171)) - fb2f9e5f-3f85-4645-9434-35845990ef62:group-D8F969E359FE changes role from FOLLOWER to CANDIDATE at term 0 for changeToCandidate
2019-07-08 23:57:34,461 INFO  impl.RoleInfo (RoleInfo.java:updateAndGet(143)) - fb2f9e5f-3f85-4645-9434-35845990ef62: start LeaderElection
2019-07-08 23:57:34,467 INFO  impl.LeaderElection (LeaderElection.java:askForVotes(181)) - fb2f9e5f-3f85-4645-9434-35845990ef62:group-D8F969E359FE:LeaderElection4: begin an election at term 1 for -1: [fb2f9e5f-3f85-4645-9434-35845990ef62:192.168.5.141:34888, fc8bae70-5ee2-4690-a891-bdec1ff31df6:192.168.5.141:40288, cddf3713-3d93-4cc0-9436-6662a42f2930:192.168.5.141:46501], old=null
2019-07-08 23:57:34,486 INFO  impl.FollowerState (FollowerState.java:run(106)) - cddf3713-3d93-4cc0-9436-6662a42f2930:group-D8F969E359FE changes to CANDIDATE, lastRpcTime:1075, electionTimeout:1074ms
2019-07-08 23:57:34,486 INFO  impl.RoleInfo (RoleInfo.java:shutdownFollowerState(121)) - cddf3713-3d93-4cc0-9436-6662a42f2930: shutdown FollowerState
2019-07-08 23:57:34,486 INFO  impl.RaftServerImpl (RaftServerImpl.java:setRole(171)) - cddf3713-3d93-4cc0-9436-6662a42f2930:group-D8F969E359FE changes role from FOLLOWER to CANDIDATE at term 0 for changeToCandidate
2019-07-08 23:57:34,487 INFO  impl.RoleInfo (RoleInfo.java:updateAndGet(143)) - cddf3713-3d93-4cc0-9436-6662a42f2930: start LeaderElection
2019-07-08 23:57:34,496 INFO  impl.LeaderElection (LeaderElection.java:askForVotes(181)) - cddf3713-3d93-4cc0-9436-6662a42f2930:group-D8F969E359FE:LeaderElection5: begin an election at term 1 for -1: [fb2f9e5f-3f85-4645-9434-35845990ef62:192.168.5.141:34888, fc8bae70-5ee2-4690-a891-bdec1ff31df6:192.168.5.141:40288, cddf3713-3d93-4cc0-9436-6662a42f2930:192.168.5.141:46501], old=null
2019-07-08 23:57:34,502 INFO  impl.RaftServerImpl (RaftServerImpl.java:setRole(171)) - fc8bae70-5ee2-4690-a891-bdec1ff31df6:group-D8F969E359FE changes role from FOLLOWER to FOLLOWER at term 1 for recognizeCandidate:fb2f9e5f-3f85-4645-9434-35845990ef62
2019-07-08 23:57:34,502 INFO  impl.RoleInfo (RoleInfo.java:shutdownFollowerState(121)) - fc8bae70-5ee2-4690-a891-bdec1ff31df6: shutdown FollowerState
2019-07-08 23:57:34,506 INFO  impl.RoleInfo (RoleInfo.java:updateAndGet(143)) - fc8bae70-5ee2-4690-a891-bdec1ff31df6: start FollowerState
2019-07-08 23:57:34,506 INFO  impl.FollowerState (FollowerState.java:run(114)) - fc8bae70-5ee2-4690-a891-bdec1ff31df6: FollowerState was interrupted: java.lang.InterruptedException: sleep interrupted
2019-07-08 23:57:34,538 INFO  impl.LeaderElection (LeaderElection.java:logAndReturn(56)) - fb2f9e5f-3f85-4645-9434-35845990ef62:group-D8F969E359FE:LeaderElection4: Election PASSED; received 2 response(s) [fb2f9e5f-3f85-4645-9434-35845990ef62<-fc8bae70-5ee2-4690-a891-bdec1ff31df6#0:OK-t1, fb2f9e5f-3f85-4645-9434-35845990ef62<-cddf3713-3d93-4cc0-9436-6662a42f2930#0:FAIL-t1] and 0 exception(s); fb2f9e5f-3f85-4645-9434-35845990ef62:t1, leader=null, voted=fb2f9e5f-3f85-4645-9434-35845990ef62, raftlog=fb2f9e5f-3f85-4645-9434-35845990ef62-SegmentedRaftLog:OPENED:c-1,f-1,i0, conf=-1: [fb2f9e5f-3f85-4645-9434-35845990ef62:192.168.5.141:34888, fc8bae70-5ee2-4690-a891-bdec1ff31df6:192.168.5.141:40288, cddf3713-3d93-4cc0-9436-6662a42f2930:192.168.5.141:46501], old=null
2019-07-08 23:57:34,538 INFO  impl.LeaderElection (LeaderElection.java:logAndReturn(56)) - cddf3713-3d93-4cc0-9436-6662a42f2930:group-D8F969E359FE:LeaderElection5: Election REJECTED; received 2 response(s) [cddf3713-3d93-4cc0-9436-6662a42f2930<-fb2f9e5f-3f85-4645-9434-35845990ef62#0:FAIL-t1, cddf3713-3d93-4cc0-9436-6662a42f2930<-fc8bae70-5ee2-4690-a891-bdec1ff31df6#0:FAIL-t1] and 0 exception(s); cddf3713-3d93-4cc0-9436-6662a42f2930:t1, leader=null, voted=cddf3713-3d93-4cc0-9436-6662a42f2930, raftlog=cddf3713-3d93-4cc0-9436-6662a42f2930-SegmentedRaftLog:OPENED:c-1,f-1,i0, conf=-1: [fb2f9e5f-3f85-4645-9434-35845990ef62:192.168.5.141:34888, fc8bae70-5ee2-4690-a891-bdec1ff31df6:192.168.5.141:40288, cddf3713-3d93-4cc0-9436-6662a42f2930:192.168.5.141:46501], old=null
2019-07-08 23:57:34,539 INFO  impl.RoleInfo (RoleInfo.java:shutdownLeaderElection(134)) - fb2f9e5f-3f85-4645-9434-35845990ef62: shutdown LeaderElection
2019-07-08 23:57:34,541 INFO  impl.RaftServerImpl (RaftServerImpl.java:setRole(171)) - fb2f9e5f-3f85-4645-9434-35845990ef62:group-D8F969E359FE changes role from CANDIDATE to LEADER at term 1 for changeToLeader
2019-07-08 23:57:34,541 INFO  impl.RaftServerImpl (RaftServerImpl.java:setRole(171)) - cddf3713-3d93-4cc0-9436-6662a42f2930:group-D8F969E359FE changes role from CANDIDATE to FOLLOWER at term 1 for DISCOVERED_A_NEW_TERM
2019-07-08 23:57:34,541 INFO  impl.RaftServerImpl (ServerState.java:setLeader(263)) - fb2f9e5f-3f85-4645-9434-35845990ef62:group-D8F969E359FE change Leader from null to fb2f9e5f-3f85-4645-9434-35845990ef62 at term 1 for becomeLeader, leader elected after 1145ms
2019-07-08 23:57:34,544 INFO  impl.RoleInfo (RoleInfo.java:shutdownLeaderElection(134)) - cddf3713-3d93-4cc0-9436-6662a42f2930: shutdown LeaderElection
2019-07-08 23:57:34,544 INFO  server.RaftServerConfigKeys (ConfUtils.java:logGet(43)) - raft.server.staging.catchup.gap = 1000 (default)
2019-07-08 23:57:34,544 INFO  impl.RoleInfo (RoleInfo.java:updateAndGet(143)) - cddf3713-3d93-4cc0-9436-6662a42f2930: start FollowerState
2019-07-08 23:57:34,544 INFO  server.RaftServerConfigKeys (ConfUtils.java:logGet(43)) - raft.server.rpc.sleep.time = 25ms (default)
2019-07-08 23:57:34,546 INFO  server.RaftServerConfigKeys (ConfUtils.java:logGet(43)) - raft.server.write.element-limit = 4096 (default)
2019-07-08 23:57:34,546 INFO  server.RaftServerConfigKeys (ConfUtils.java:logGet(43)) - raft.server.watch.timeout = 10s (default)
2019-07-08 23:57:34,546 INFO  server.RaftServerConfigKeys (ConfUtils.java:logGet(43)) - raft.server.watch.timeout.denomination = 1s (default)
2019-07-08 23:57:34,546 INFO  server.RaftServerConfigKeys (ConfUtils.java:logGet(43)) - raft.server.watch.element-limit = 65536 (default)
2019-07-08 23:57:34,549 INFO  server.RaftServerConfigKeys (ConfUtils.java:logGet(43)) - raft.server.log.appender.snapshot.chunk.size.max = 16MB (=16777216) (default)
2019-07-08 23:57:34,549 INFO  server.RaftServerConfigKeys (ConfUtils.java:logGet(43)) - raft.server.log.appender.buffer.byte-limit = 33554432 (custom)
2019-07-08 23:57:34,550 INFO  server.RaftServerConfigKeys (ConfUtils.java:logGet(43)) - raft.server.log.appender.buffer.element-limit = 1 (custom)
2019-07-08 23:57:34,554 INFO  grpc.GrpcConfigKeys$Server (ConfUtils.java:logGet(43)) - raft.grpc.server.leader.outstanding.appends.max = 128 (default)
2019-07-08 23:57:34,555 INFO  server.RaftServerConfigKeys (ConfUtils.java:logGet(43)) - raft.server.rpc.request.timeout = 3000ms (default)
2019-07-08 23:57:34,555 INFO  server.RaftServerConfigKeys (ConfUtils.java:logGet(43)) - raft.server.log.appender.install.snapshot.enabled = false (custom)
2019-07-08 23:57:34,556 INFO  server.RaftServerConfigKeys (ConfUtils.java:logGet(43)) - raft.server.log.appender.snapshot.chunk.size.max = 16MB (=16777216) (default)
2019-07-08 23:57:34,556 INFO  server.RaftServerConfigKeys (ConfUtils.java:logGet(43)) - raft.server.log.appender.buffer.byte-limit = 33554432 (custom)
2019-07-08 23:57:34,556 INFO  server.RaftServerConfigKeys (ConfUtils.java:logGet(43)) - raft.server.log.appender.buffer.element-limit = 1 (custom)
2019-07-08 23:57:34,556 INFO  grpc.GrpcConfigKeys$Server (ConfUtils.java:logGet(43)) - raft.grpc.server.leader.outstanding.appends.max = 128 (default)
2019-07-08 23:57:34,557 INFO  server.RaftServerConfigKeys (ConfUtils.java:logGet(43)) - raft.server.rpc.request.timeout = 3000ms (default)
2019-07-08 23:57:34,557 INFO  server.RaftServerConfigKeys (ConfUtils.java:logGet(43)) - raft.server.log.appender.install.snapshot.enabled = false (custom)
2019-07-08 23:57:34,559 INFO  impl.RoleInfo (RoleInfo.java:updateAndGet(143)) - fb2f9e5f-3f85-4645-9434-35845990ef62: start LeaderState
2019-07-08 23:57:34,559 INFO  segmented.SegmentedRaftLogWorker (SegmentedRaftLogWorker.java:startLogSegment(380)) - fb2f9e5f-3f85-4645-9434-35845990ef62-SegmentedRaftLogWorker:Storage Directory /tmp/workdir/hadoop-ozone/tools/target/test-dir/MiniOzoneClusterImpl-2b8b0ed9-393c-4f9f-8988-c7aaab790c5d/datanode-1/data/ratis/ded666c4-a1f9-40ba-b4b9-d8f969e359fe: Starting segment from index:0
2019-07-08 23:57:34,560 INFO  impl.RaftServerImpl (ServerState.java:setRaftConf(361)) - fb2f9e5f-3f85-4645-9434-35845990ef62:group-D8F969E359FE set configuration 0: [fb2f9e5f-3f85-4645-9434-35845990ef62:192.168.5.141:34888, fc8bae70-5ee2-4690-a891-bdec1ff31df6:192.168.5.141:40288, cddf3713-3d93-4cc0-9436-6662a42f2930:192.168.5.141:46501], old=null at 0
2019-07-08 23:57:34,588 INFO  segmented.SegmentedRaftLogWorker (SegmentedRaftLogWorker.java:execute(569)) - fb2f9e5f-3f85-4645-9434-35845990ef62-SegmentedRaftLogWorker:Storage Directory /tmp/workdir/hadoop-ozone/tools/target/test-dir/MiniOzoneClusterImpl-2b8b0ed9-393c-4f9f-8988-c7aaab790c5d/datanode-1/data/ratis/ded666c4-a1f9-40ba-b4b9-d8f969e359fe: created new log segment /tmp/workdir/hadoop-ozone/tools/target/test-dir/MiniOzoneClusterImpl-2b8b0ed9-393c-4f9f-8988-c7aaab790c5d/datanode-1/data/ratis/ded666c4-a1f9-40ba-b4b9-d8f969e359fe/current/log_inprogress_0
2019-07-08 23:57:34,600 INFO  impl.RaftServerImpl (ServerState.java:setLeader(263)) - cddf3713-3d93-4cc0-9436-6662a42f2930:group-D8F969E359FE change Leader from null to fb2f9e5f-3f85-4645-9434-35845990ef62 at term 1 for appendEntries, leader elected after 1205ms
2019-07-08 23:57:34,601 INFO  impl.RaftServerImpl (ServerState.java:setLeader(263)) - fc8bae70-5ee2-4690-a891-bdec1ff31df6:group-D8F969E359FE change Leader from null to fb2f9e5f-3f85-4645-9434-35845990ef62 at term 1 for appendEntries, leader elected after 1205ms
2019-07-08 23:57:34,632 INFO  impl.RaftServerImpl (ServerState.java:setRaftConf(361)) - fc8bae70-5ee2-4690-a891-bdec1ff31df6:group-D8F969E359FE set configuration 0: [fb2f9e5f-3f85-4645-9434-35845990ef62:192.168.5.141:34888, fc8bae70-5ee2-4690-a891-bdec1ff31df6:192.168.5.141:40288, cddf3713-3d93-4cc0-9436-6662a42f2930:192.168.5.141:46501], old=null at 0
2019-07-08 23:57:34,632 INFO  impl.RaftServerImpl (ServerState.java:setRaftConf(361)) - cddf3713-3d93-4cc0-9436-6662a42f2930:group-D8F969E359FE set configuration 0: [fb2f9e5f-3f85-4645-9434-35845990ef62:192.168.5.141:34888, fc8bae70-5ee2-4690-a891-bdec1ff31df6:192.168.5.141:40288, cddf3713-3d93-4cc0-9436-6662a42f2930:192.168.5.141:46501], old=null at 0
2019-07-08 23:57:34,632 INFO  segmented.SegmentedRaftLogWorker (SegmentedRaftLogWorker.java:startLogSegment(380)) - fc8bae70-5ee2-4690-a891-bdec1ff31df6-SegmentedRaftLogWorker:Storage Directory /tmp/workdir/hadoop-ozone/tools/target/test-dir/MiniOzoneClusterImpl-2b8b0ed9-393c-4f9f-8988-c7aaab790c5d/datanode-2/data/ratis/ded666c4-a1f9-40ba-b4b9-d8f969e359fe: Starting segment from index:0
2019-07-08 23:57:34,633 INFO  segmented.SegmentedRaftLogWorker (SegmentedRaftLogWorker.java:startLogSegment(380)) - cddf3713-3d93-4cc0-9436-6662a42f2930-SegmentedRaftLogWorker:Storage Directory /tmp/workdir/hadoop-ozone/tools/target/test-dir/MiniOzoneClusterImpl-2b8b0ed9-393c-4f9f-8988-c7aaab790c5d/datanode-0/data/ratis/ded666c4-a1f9-40ba-b4b9-d8f969e359fe: Starting segment from index:0
2019-07-08 23:57:34,653 INFO  segmented.SegmentedRaftLogWorker (SegmentedRaftLogWorker.java:execute(569)) - fc8bae70-5ee2-4690-a891-bdec1ff31df6-SegmentedRaftLogWorker:Storage Directory /tmp/workdir/hadoop-ozone/tools/target/test-dir/MiniOzoneClusterImpl-2b8b0ed9-393c-4f9f-8988-c7aaab790c5d/datanode-2/data/ratis/ded666c4-a1f9-40ba-b4b9-d8f969e359fe: created new log segment /tmp/workdir/hadoop-ozone/tools/target/test-dir/MiniOzoneClusterImpl-2b8b0ed9-393c-4f9f-8988-c7aaab790c5d/datanode-2/data/ratis/ded666c4-a1f9-40ba-b4b9-d8f969e359fe/current/log_inprogress_0
2019-07-08 23:57:34,653 INFO  segmented.SegmentedRaftLogWorker (SegmentedRaftLogWorker.java:execute(569)) - cddf3713-3d93-4cc0-9436-6662a42f2930-SegmentedRaftLogWorker:Storage Directory /tmp/workdir/hadoop-ozone/tools/target/test-dir/MiniOzoneClusterImpl-2b8b0ed9-393c-4f9f-8988-c7aaab790c5d/datanode-0/data/ratis/ded666c4-a1f9-40ba-b4b9-d8f969e359fe: created new log segment /tmp/workdir/hadoop-ozone/tools/target/test-dir/MiniOzoneClusterImpl-2b8b0ed9-393c-4f9f-8988-c7aaab790c5d/datanode-0/data/ratis/ded666c4-a1f9-40ba-b4b9-d8f969e359fe/current/log_inprogress_0
 0.00% |█                                                                                                    |  0/1 Time: 0:00:012019-07-08 23:57:35,343 INFO  client.GrpcClientProtocolClient (GrpcClientProtocolClient.java:onNext(255)) - client-8AB46143C543->cddf3713-3d93-4cc0-9436-6662a42f2930: receive RaftClientReply:client-8AB46143C543->cddf3713-3d93-4cc0-9436-6662a42f2930@group-D8F969E359FE, cid=6, FAILED org.apache.ratis.protocol.NotLeaderException: Server cddf3713-3d93-4cc0-9436-6662a42f2930 is not the leader (fb2f9e5f-3f85-4645-9434-35845990ef62:192.168.5.141:34888). Request must be sent to leader., logIndex=0, commits[cddf3713-3d93-4cc0-9436-6662a42f2930:c0, fb2f9e5f-3f85-4645-9434-35845990ef62:c0, fc8bae70-5ee2-4690-a891-bdec1ff31df6:c0]
2019-07-08 23:57:35,596 INFO  client.GrpcClientProtocolClient (GrpcClientProtocolClient.java:onNext(255)) - client-8AB46143C543->fb2f9e5f-3f85-4645-9434-35845990ef62: receive RaftClientReply:client-8AB46143C543->fb2f9e5f-3f85-4645-9434-35845990ef62@group-D8F969E359FE, cid=6, SUCCESS, logIndex=1, commits[fb2f9e5f-3f85-4645-9434-35845990ef62:c1, fc8bae70-5ee2-4690-a891-bdec1ff31df6:c0, cddf3713-3d93-4cc0-9436-6662a42f2930:c0]
2019-07-08 23:57:35,682 INFO  client.GrpcClientProtocolClient (GrpcClientProtocolClient.java:onNext(255)) - client-8AB46143C543->fb2f9e5f-3f85-4645-9434-35845990ef62: receive RaftClientReply:client-8AB46143C543->fb2f9e5f-3f85-4645-9434-35845990ef62@group-D8F969E359FE, cid=7, SUCCESS, logIndex=3, commits[fb2f9e5f-3f85-4645-9434-35845990ef62:c8, fc8bae70-5ee2-4690-a891-bdec1ff31df6:c6, cddf3713-3d93-4cc0-9436-6662a42f2930:c6]
2019-07-08 23:57:35,687 INFO  client.GrpcClientProtocolClient (GrpcClientProtocolClient.java:onNext(255)) - client-8AB46143C543->fb2f9e5f-3f85-4645-9434-35845990ef62: receive RaftClientReply:client-8AB46143C543->fb2f9e5f-3f85-4645-9434-35845990ef62@group-D8F969E359FE, cid=8, SUCCESS, logIndex=5, commits[fb2f9e5f-3f85-4645-9434-35845990ef62:c8, fc8bae70-5ee2-4690-a891-bdec1ff31df6:c6, cddf3713-3d93-4cc0-9436-6662a42f2930:c6]
2019-07-08 23:57:35,718 INFO  client.GrpcClientProtocolClient (GrpcClientProtocolClient.java:onNext(255)) - client-8AB46143C543->fb2f9e5f-3f85-4645-9434-35845990ef62: receive RaftClientReply:client-8AB46143C543->fb2f9e5f-3f85-4645-9434-35845990ef62@group-D8F969E359FE, cid=9, SUCCESS, logIndex=6, commits[fb2f9e5f-3f85-4645-9434-35845990ef62:c8, fc8bae70-5ee2-4690-a891-bdec1ff31df6:c6, cddf3713-3d93-4cc0-9436-6662a42f2930:c6]
2019-07-08 23:57:35,782 INFO  client.GrpcClientProtocolClient (GrpcClientProtocolClient.java:onNext(255)) - client-8AB46143C543->fb2f9e5f-3f85-4645-9434-35845990ef62: receive RaftClientReply:client-8AB46143C543->fb2f9e5f-3f85-4645-9434-35845990ef62@group-D8F969E359FE, cid=10, SUCCESS, logIndex=9, commits[fb2f9e5f-3f85-4645-9434-35845990ef62:c9, fc8bae70-5ee2-4690-a891-bdec1ff31df6:c6, cddf3713-3d93-4cc0-9436-6662a42f2930:c8]
2019-07-08 23:57:35,784 INFO  client.GrpcClientProtocolClient (GrpcClientProtocolClient.java:onNext(255)) - client-8AB46143C543->fb2f9e5f-3f85-4645-9434-35845990ef62: receive RaftClientReply:client-8AB46143C543->fb2f9e5f-3f85-4645-9434-35845990ef62@group-D8F969E359FE, cid=11, SUCCESS, logIndex=10, commits[fb2f9e5f-3f85-4645-9434-35845990ef62:c10, fc8bae70-5ee2-4690-a891-bdec1ff31df6:c8, cddf3713-3d93-4cc0-9436-6662a42f2930:c8]
2019-07-08 23:57:35,795 INFO  client.GrpcClientProtocolClient (GrpcClientProtocolClient.java:onNext(255)) - client-8AB46143C543->fb2f9e5f-3f85-4645-9434-35845990ef62: receive RaftClientReply:client-8AB46143C543->fb2f9e5f-3f85-4645-9434-35845990ef62@group-D8F969E359FE, cid=12, SUCCESS, logIndex=11, commits[fb2f9e5f-3f85-4645-9434-35845990ef62:c11, fc8bae70-5ee2-4690-a891-bdec1ff31df6:c8, cddf3713-3d93-4cc0-9436-6662a42f2930:c8]
2019-07-08 23:57:35,797 INFO  client.GrpcClientProtocolClient (GrpcClientProtocolClient.java:onNext(255)) - client-8AB46143C543->fb2f9e5f-3f85-4645-9434-35845990ef62: receive RaftClientReply:client-8AB46143C543->fb2f9e5f-3f85-4645-9434-35845990ef62@group-D8F969E359FE, cid=13, SUCCESS, logIndex=12, commits[fb2f9e5f-3f85-4645-9434-35845990ef62:c14, fc8bae70-5ee2-4690-a891-bdec1ff31df6:c10, cddf3713-3d93-4cc0-9436-6662a42f2930:c10]
2019-07-08 23:57:35,821 INFO  client.GrpcClientProtocolClient (GrpcClientProtocolClient.java:onNext(255)) - client-8AB46143C543->fb2f9e5f-3f85-4645-9434-35845990ef62: receive RaftClientReply:client-8AB46143C543->fb2f9e5f-3f85-4645-9434-35845990ef62@group-D8F969E359FE, cid=14, SUCCESS, logIndex=0, commits[fb2f9e5f-3f85-4645-9434-35845990ef62:c16, fc8bae70-5ee2-4690-a891-bdec1ff31df6:c12, cddf3713-3d93-4cc0-9436-6662a42f2930:c12]
 0.00% |█                                                                                                    |  0/1 Time: 0:00:022019-07-08 23:57:35,914 INFO  client.GrpcClientProtocolClient (GrpcClientProtocolClient.java:onNext(255)) - client-8AB46143C543->fb2f9e5f-3f85-4645-9434-35845990ef62: receive RaftClientReply:client-8AB46143C543->fb2f9e5f-3f85-4645-9434-35845990ef62@group-D8F969E359FE, cid=15, SUCCESS, logIndex=17, commits[fb2f9e5f-3f85-4645-9434-35845990ef62:c20, fc8bae70-5ee2-4690-a891-bdec1ff31df6:c12, cddf3713-3d93-4cc0-9436-6662a42f2930:c16]
2019-07-08 23:57:35,932 INFO  client.GrpcClientProtocolClient (GrpcClientProtocolClient.java:onNext(255)) - client-8AB46143C543->fb2f9e5f-3f85-4645-9434-35845990ef62: receive RaftClientReply:client-8AB46143C543->fb2f9e5f-3f85-4645-9434-35845990ef62@group-D8F969E359FE, cid=16, SUCCESS, logIndex=18, commits[fb2f9e5f-3f85-4645-9434-35845990ef62:c23, fc8bae70-5ee2-4690-a891-bdec1ff31df6:c20, cddf3713-3d93-4cc0-9436-6662a42f2930:c20]
2019-07-08 23:57:35,933 INFO  client.GrpcClientProtocolClient (GrpcClientProtocolClient.java:onNext(255)) - client-8AB46143C543->fb2f9e5f-3f85-4645-9434-35845990ef62: receive RaftClientReply:client-8AB46143C543->fb2f9e5f-3f85-4645-9434-35845990ef62@group-D8F969E359FE, cid=17, SUCCESS, logIndex=19, commits[fb2f9e5f-3f85-4645-9434-35845990ef62:c23, fc8bae70-5ee2-4690-a891-bdec1ff31df6:c20, cddf3713-3d93-4cc0-9436-6662a42f2930:c20]
2019-07-08 23:57:35,976 INFO  client.GrpcClientProtocolClient (GrpcClientProtocolClient.java:onNext(255)) - client-8AB46143C543->fb2f9e5f-3f85-4645-9434-35845990ef62: receive RaftClientReply:client-8AB46143C543->fb2f9e5f-3f85-4645-9434-35845990ef62@group-D8F969E359FE, cid=18, SUCCESS, logIndex=20, commits[fb2f9e5f-3f85-4645-9434-35845990ef62:c23, fc8bae70-5ee2-4690-a891-bdec1ff31df6:c20, cddf3713-3d93-4cc0-9436-6662a42f2930:c20]
2019-07-08 23:57:36,008 INFO  client.GrpcClientProtocolClient (GrpcClientProtocolClient.java:onNext(255)) - client-8AB46143C543->fb2f9e5f-3f85-4645-9434-35845990ef62: receive RaftClientReply:client-8AB46143C543->fb2f9e5f-3f85-4645-9434-35845990ef62@group-D8F969E359FE, cid=19, SUCCESS, logIndex=24, commits[fb2f9e5f-3f85-4645-9434-35845990ef62:c25, fc8bae70-5ee2-4690-a891-bdec1ff31df6:c23, cddf3713-3d93-4cc0-9436-6662a42f2930:c23]
2019-07-08 23:57:36,010 INFO  client.GrpcClientProtocolClient (GrpcClientProtocolClient.java:onNext(255)) - client-8AB46143C543->fb2f9e5f-3f85-4645-9434-35845990ef62: receive RaftClientReply:client-8AB46143C543->fb2f9e5f-3f85-4645-9434-35845990ef62@group-D8F969E359FE, cid=20, SUCCESS, logIndex=25, commits[fb2f9e5f-3f85-4645-9434-35845990ef62:c25, fc8bae70-5ee2-4690-a891-bdec1ff31df6:c23, cddf3713-3d93-4cc0-9436-6662a42f2930:c23]
2019-07-08 23:57:36,017 INFO  client.GrpcClientProtocolClient (GrpcClientProtocolClient.java:onNext(255)) - client-8AB46143C543->fb2f9e5f-3f85-4645-9434-35845990ef62: receive RaftClientReply:client-8AB46143C543->fb2f9e5f-3f85-4645-9434-35845990ef62@group-D8F969E359FE, cid=21, SUCCESS, logIndex=26, commits[fb2f9e5f-3f85-4645-9434-35845990ef62:c29, fc8bae70-5ee2-4690-a891-bdec1ff31df6:c23, cddf3713-3d93-4cc0-9436-6662a42f2930:c25]
2019-07-08 23:57:36,018 INFO  client.GrpcClientProtocolClient (GrpcClientProtocolClient.java:onNext(255)) - client-8AB46143C543->fb2f9e5f-3f85-4645-9434-35845990ef62: receive RaftClientReply:client-8AB46143C543->fb2f9e5f-3f85-4645-9434-35845990ef62@group-D8F969E359FE, cid=22, SUCCESS, logIndex=27, commits[fb2f9e5f-3f85-4645-9434-35845990ef62:c29, fc8bae70-5ee2-4690-a891-bdec1ff31df6:c25, cddf3713-3d93-4cc0-9436-6662a42f2930:c25]
2019-07-08 23:57:36,025 INFO  client.GrpcClientProtocolClient (GrpcClientProtocolClient.java:onNext(255)) - client-8AB46143C543->fb2f9e5f-3f85-4645-9434-35845990ef62: receive RaftClientReply:client-8AB46143C543->fb2f9e5f-3f85-4645-9434-35845990ef62@group-D8F969E359FE, cid=23, SUCCESS, logIndex=0, commits[fb2f9e5f-3f85-4645-9434-35845990ef62:c31, fc8bae70-5ee2-4690-a891-bdec1ff31df6:c29, cddf3713-3d93-4cc0-9436-6662a42f2930:c27]
2019-07-08 23:57:36,126 INFO  client.GrpcClientProtocolClient (GrpcClientProtocolClient.java:onNext(255)) - client-8AB46143C543->fb2f9e5f-3f85-4645-9434-35845990ef62: receive RaftClientReply:client-8AB46143C543->fb2f9e5f-3f85-4645-9434-35845990ef62@group-D8F969E359FE, cid=24, SUCCESS, logIndex=32, commits[fb2f9e5f-3f85-4645-9434-35845990ef62:c35, fc8bae70-5ee2-4690-a891-bdec1ff31df6:c31, cddf3713-3d93-4cc0-9436-6662a42f2930:c27]
2019-07-08 23:57:36,151 INFO  client.GrpcClientProtocolClient (GrpcClientProtocolClient.java:onNext(255)) - client-8AB46143C543->fb2f9e5f-3f85-4645-9434-35845990ef62: receive RaftClientReply:client-8AB46143C543->fb2f9e5f-3f85-4645-9434-35845990ef62@group-D8F969E359FE, cid=25, SUCCESS, logIndex=33, commits[fb2f9e5f-3f85-4645-9434-35845990ef62:c38, fc8bae70-5ee2-4690-a891-bdec1ff31df6:c35, cddf3713-3d93-4cc0-9436-6662a42f2930:c35]
2019-07-08 23:57:36,151 INFO  client.GrpcClientProtocolClient (GrpcClientProtocolClient.java:onNext(255)) - client-8AB46143C543->fb2f9e5f-3f85-4645-9434-35845990ef62: receive RaftClientReply:client-8AB46143C543->fb2f9e5f-3f85-4645-9434-35845990ef62@group-D8F969E359FE, cid=26, SUCCESS, logIndex=34, commits[fb2f9e5f-3f85-4645-9434-35845990ef62:c38, fc8bae70-5ee2-4690-a891-bdec1ff31df6:c35, cddf3713-3d93-4cc0-9436-6662a42f2930:c35]
2019-07-08 23:57:36,216 INFO  client.GrpcClientProtocolClient (GrpcClientProtocolClient.java:onNext(255)) - client-8AB46143C543->fb2f9e5f-3f85-4645-9434-35845990ef62: receive RaftClientReply:client-8AB46143C543->fb2f9e5f-3f85-4645-9434-35845990ef62@group-D8F969E359FE, cid=27, SUCCESS, logIndex=35, commits[fb2f9e5f-3f85-4645-9434-35845990ef62:c38, fc8bae70-5ee2-4690-a891-bdec1ff31df6:c35, cddf3713-3d93-4cc0-9436-6662a42f2930:c35]
2019-07-08 23:57:36,245 INFO  client.GrpcClientProtocolClient (GrpcClientProtocolClient.java:onNext(255)) - client-8AB46143C543->fb2f9e5f-3f85-4645-9434-35845990ef62: receive RaftClientReply:client-8AB46143C543->fb2f9e5f-3f85-4645-9434-35845990ef62@group-D8F969E359FE, cid=28, SUCCESS, logIndex=39, commits[fb2f9e5f-3f85-4645-9434-35845990ef62:c40, fc8bae70-5ee2-4690-a891-bdec1ff31df6:c35, cddf3713-3d93-4cc0-9436-6662a42f2930:c38]
2019-07-08 23:57:36,247 INFO  client.GrpcClientProtocolClient (GrpcClientProtocolClient.java:onNext(255)) - client-8AB46143C543->fb2f9e5f-3f85-4645-9434-35845990ef62: receive RaftClientReply:client-8AB46143C543->fb2f9e5f-3f85-4645-9434-35845990ef62@group-D8F969E359FE, cid=29, SUCCESS, logIndex=40, commits[fb2f9e5f-3f85-4645-9434-35845990ef62:c40, fc8bae70-5ee2-4690-a891-bdec1ff31df6:c38, cddf3713-3d93-4cc0-9436-6662a42f2930:c38]
2019-07-08 23:57:36,253 INFO  client.GrpcClientProtocolClient (GrpcClientProtocolClient.java:onNext(255)) - client-8AB46143C543->fb2f9e5f-3f85-4645-9434-35845990ef62: receive RaftClientReply:client-8AB46143C543->fb2f9e5f-3f85-4645-9434-35845990ef62@group-D8F969E359FE, cid=30, SUCCESS, logIndex=41, commits[fb2f9e5f-3f85-4645-9434-35845990ef62:c42, fc8bae70-5ee2-4690-a891-bdec1ff31df6:c40, cddf3713-3d93-4cc0-9436-6662a42f2930:c38]
2019-07-08 23:57:36,254 INFO  client.GrpcClientProtocolClient (GrpcClientProtocolClient.java:onNext(255)) - client-8AB46143C543->fb2f9e5f-3f85-4645-9434-35845990ef62: receive RaftClientReply:client-8AB46143C543->fb2f9e5f-3f85-4645-9434-35845990ef62@group-D8F969E359FE, cid=31, SUCCESS, logIndex=42, commits[fb2f9e5f-3f85-4645-9434-35845990ef62:c44, fc8bae70-5ee2-4690-a891-bdec1ff31df6:c40, cddf3713-3d93-4cc0-9436-6662a42f2930:c40]
2019-07-08 23:57:36,261 INFO  client.GrpcClientProtocolClient (GrpcClientProtocolClient.java:onNext(255)) - client-8AB46143C543->fb2f9e5f-3f85-4645-9434-35845990ef62: receive RaftClientReply:client-8AB46143C543->fb2f9e5f-3f85-4645-9434-35845990ef62@group-D8F969E359FE, cid=32, SUCCESS, logIndex=0, commits[fb2f9e5f-3f85-4645-9434-35845990ef62:c46, fc8bae70-5ee2-4690-a891-bdec1ff31df6:c42, cddf3713-3d93-4cc0-9436-6662a42f2930:c42]
2019-07-08 23:57:36,285 INFO  client.GrpcClientProtocolClient (GrpcClientProtocolClient.java:onNext(255)) - client-8AB46143C543->fb2f9e5f-3f85-4645-9434-35845990ef62: receive RaftClientReply:client-8AB46143C543->fb2f9e5f-3f85-4645-9434-35845990ef62@group-D8F969E359FE, cid=33, SUCCESS, logIndex=47, commits[fb2f9e5f-3f85-4645-9434-35845990ef62:c48, fc8bae70-5ee2-4690-a891-bdec1ff31df6:c46, cddf3713-3d93-4cc0-9436-6662a42f2930:c46]
2019-07-08 23:57:36,286 INFO  client.GrpcClientProtocolClient (GrpcClientProtocolClient.java:onNext(255)) - client-8AB46143C543->fb2f9e5f-3f85-4645-9434-35845990ef62: receive RaftClientReply:client-8AB46143C543->fb2f9e5f-3f85-4645-9434-35845990ef62@group-D8F969E359FE, cid=34, SUCCESS, logIndex=48, commits[fb2f9e5f-3f85-4645-9434-35845990ef62:c48, fc8bae70-5ee2-4690-a891-bdec1ff31df6:c46, cddf3713-3d93-4cc0-9436-6662a42f2930:c46]
2019-07-08 23:57:36,289 INFO  client.GrpcClientProtocolClient (GrpcClientProtocolClient.java:onNext(255)) - client-8AB46143C543->fb2f9e5f-3f85-4645-9434-35845990ef62: receive RaftClientReply:client-8AB46143C543->fb2f9e5f-3f85-4645-9434-35845990ef62@group-D8F969E359FE, cid=35, SUCCESS, logIndex=49, commits[fb2f9e5f-3f85-4645-9434-35845990ef62:c51, fc8bae70-5ee2-4690-a891-bdec1ff31df6:c46, cddf3713-3d93-4cc0-9436-6662a42f2930:c48]
2019-07-08 23:57:36,291 INFO  client.GrpcClientProtocolClient (GrpcClientProtocolClient.java:onNext(255)) - client-8AB46143C543->fb2f9e5f-3f85-4645-9434-35845990ef62: receive RaftClientReply:client-8AB46143C543->fb2f9e5f-3f85-4645-9434-35845990ef62@group-D8F969E359FE, cid=36, SUCCESS, logIndex=50, commits[fb2f9e5f-3f85-4645-9434-35845990ef62:c52, fc8bae70-5ee2-4690-a891-bdec1ff31df6:c48, cddf3713-3d93-4cc0-9436-6662a42f2930:c48]
2019-07-08 23:57:36,314 INFO  client.GrpcClientProtocolClient (GrpcClientProtocolClient.java:onNext(255)) - client-8AB46143C543->fb2f9e5f-3f85-4645-9434-35845990ef62: receive RaftClientReply:client-8AB46143C543->fb2f9e5f-3f85-4645-9434-35845990ef62@group-D8F969E359FE, cid=37, SUCCESS, logIndex=55, commits[fb2f9e5f-3f85-4645-9434-35845990ef62:c56, fc8bae70-5ee2-4690-a891-bdec1ff31df6:c54, cddf3713-3d93-4cc0-9436-6662a42f2930:c54]
2019-07-08 23:57:36,315 INFO  client.GrpcClientProtocolClient (GrpcClientProtocolClient.java:onNext(255)) - client-8AB46143C543->fb2f9e5f-3f85-4645-9434-35845990ef62: receive RaftClientReply:client-8AB46143C543->fb2f9e5f-3f85-4645-9434-35845990ef62@group-D8F969E359FE, cid=38, SUCCESS, logIndex=56, commits[fb2f9e5f-3f85-4645-9434-35845990ef62:c56, fc8bae70-5ee2-4690-a891-bdec1ff31df6:c54, cddf3713-3d93-4cc0-9436-6662a42f2930:c54]
2019-07-08 23:57:36,337 INFO  client.GrpcClientProtocolClient (GrpcClientProtocolClient.java:onNext(255)) - client-8AB46143C543->fb2f9e5f-3f85-4645-9434-35845990ef62: receive RaftClientReply:client-8AB46143C543->fb2f9e5f-3f85-4645-9434-35845990ef62@group-D8F969E359FE, cid=39, SUCCESS, logIndex=59, commits[fb2f9e5f-3f85-4645-9434-35845990ef62:c60, fc8bae70-5ee2-4690-a891-bdec1ff31df6:c58, cddf3713-3d93-4cc0-9436-6662a42f2930:c58]
2019-07-08 23:57:36,338 INFO  client.GrpcClientProtocolClient (GrpcClientProtocolClient.java:onNext(255)) - client-8AB46143C543->fb2f9e5f-3f85-4645-9434-35845990ef62: receive RaftClientReply:client-8AB46143C543->fb2f9e5f-3f85-4645-9434-35845990ef62@group-D8F969E359FE, cid=40, SUCCESS, logIndex=60, commits[fb2f9e5f-3f85-4645-9434-35845990ef62:c60, fc8bae70-5ee2-4690-a891-bdec1ff31df6:c58, cddf3713-3d93-4cc0-9436-6662a42f2930:c58]
2019-07-08 23:57:36,344 INFO  client.GrpcClientProtocolClient (GrpcClientProtocolClient.java:onNext(255)) - client-8AB46143C543->fb2f9e5f-3f85-4645-9434-35845990ef62: receive RaftClientReply:client-8AB46143C543->fb2f9e5f-3f85-4645-9434-35845990ef62@group-D8F969E359FE, cid=41, SUCCESS, logIndex=0, commits[fb2f9e5f-3f85-4645-9434-35845990ef62:c61, fc8bae70-5ee2-4690-a891-bdec1ff31df6:c60, cddf3713-3d93-4cc0-9436-6662a42f2930:c60]
2019-07-08 23:57:36,366 INFO  client.GrpcClientProtocolClient (GrpcClientProtocolClient.java:onNext(255)) - client-8AB46143C543->fb2f9e5f-3f85-4645-9434-35845990ef62: receive RaftClientReply:client-8AB46143C543->fb2f9e5f-3f85-4645-9434-35845990ef62@group-D8F969E359FE, cid=42, SUCCESS, logIndex=63, commits[fb2f9e5f-3f85-4645-9434-35845990ef62:c64, fc8bae70-5ee2-4690-a891-bdec1ff31df6:c62, cddf3713-3d93-4cc0-9436-6662a42f2930:c62]
2019-07-08 23:57:36,367 INFO  client.GrpcClientProtocolClient (GrpcClientProtocolClient.java:onNext(255)) - client-8AB46143C543->fb2f9e5f-3f85-4645-9434-35845990ef62: receive RaftClientReply:client-8AB46143C543->fb2f9e5f-3f85-4645-9434-35845990ef62@group-D8F969E359FE, cid=43, SUCCESS, logIndex=64, commits[fb2f9e5f-3f85-4645-9434-35845990ef62:c64, fc8bae70-5ee2-4690-a891-bdec1ff31df6:c62, cddf3713-3d93-4cc0-9436-6662a42f2930:c62]
2019-07-08 23:57:36,372 INFO  client.GrpcClientProtocolClient (GrpcClientProtocolClient.java:onNext(255)) - client-8AB46143C543->fb2f9e5f-3f85-4645-9434-35845990ef62: receive RaftClientReply:client-8AB46143C543->fb2f9e5f-3f85-4645-9434-35845990ef62@group-D8F969E359FE, cid=44, SUCCESS, logIndex=65, commits[fb2f9e5f-3f85-4645-9434-35845990ef62:c67, fc8bae70-5ee2-4690-a891-bdec1ff31df6:c64, cddf3713-3d93-4cc0-9436-6662a42f2930:c62]
2019-07-08 23:57:36,373 INFO  client.GrpcClientProtocolClient (GrpcClientProtocolClient.java:onNext(255)) - client-8AB46143C543->fb2f9e5f-3f85-4645-9434-35845990ef62: receive RaftClientReply:client-8AB46143C543->fb2f9e5f-3f85-4645-9434-35845990ef62@group-D8F969E359FE, cid=45, SUCCESS, logIndex=66, commits[fb2f9e5f-3f85-4645-9434-35845990ef62:c68, fc8bae70-5ee2-4690-a891-bdec1ff31df6:c64, cddf3713-3d93-4cc0-9436-6662a42f2930:c64]
2019-07-08 23:57:36,394 INFO  client.GrpcClientProtocolClient (GrpcClientProtocolClient.java:onNext(255)) - client-8AB46143C543->fb2f9e5f-3f85-4645-9434-35845990ef62: receive RaftClientReply:client-8AB46143C543->fb2f9e5f-3f85-4645-9434-35845990ef62@group-D8F969E359FE, cid=46, SUCCESS, logIndex=71, commits[fb2f9e5f-3f85-4645-9434-35845990ef62:c72, fc8bae70-5ee2-4690-a891-bdec1ff31df6:c70, cddf3713-3d93-4cc0-9436-6662a42f2930:c70]
2019-07-08 23:57:36,395 INFO  client.GrpcClientProtocolClient (GrpcClientProtocolClient.java:onNext(255)) - client-8AB46143C543->fb2f9e5f-3f85-4645-9434-35845990ef62: receive RaftClientReply:client-8AB46143C543->fb2f9e5f-3f85-4645-9434-35845990ef62@group-D8F969E359FE, cid=47, SUCCESS, logIndex=72, commits[fb2f9e5f-3f85-4645-9434-35845990ef62:c72, fc8bae70-5ee2-4690-a891-bdec1ff31df6:c70, cddf3713-3d93-4cc0-9436-6662a42f2930:c70]
2019-07-08 23:57:36,466 INFO  client.GrpcClientProtocolClient (GrpcClientProtocolClient.java:onNext(255)) - client-8AB46143C543->fb2f9e5f-3f85-4645-9434-35845990ef62: receive RaftClientReply:client-8AB46143C543->fb2f9e5f-3f85-4645-9434-35845990ef62@group-D8F969E359FE, cid=48, SUCCESS, logIndex=75, commits[fb2f9e5f-3f85-4645-9434-35845990ef62:c76, fc8bae70-5ee2-4690-a891-bdec1ff31df6:c73, cddf3713-3d93-4cc0-9436-6662a42f2930:c72]
2019-07-08 23:57:36,467 INFO  client.GrpcClientProtocolClient (GrpcClientProtocolClient.java:onNext(255)) - client-8AB46143C543->fb2f9e5f-3f85-4645-9434-35845990ef62: receive RaftClientReply:client-8AB46143C543->fb2f9e5f-3f85-4645-9434-35845990ef62@group-D8F969E359FE, cid=49, SUCCESS, logIndex=76, commits[fb2f9e5f-3f85-4645-9434-35845990ef62:c76, fc8bae70-5ee2-4690-a891-bdec1ff31df6:c73, cddf3713-3d93-4cc0-9436-6662a42f2930:c73]
2019-07-08 23:57:36,469 INFO  client.GrpcClientProtocolClient (GrpcClientProtocolClient.java:onNext(255)) - client-8AB46143C543->fb2f9e5f-3f85-4645-9434-35845990ef62: receive RaftClientReply:client-8AB46143C543->fb2f9e5f-3f85-4645-9434-35845990ef62@group-D8F969E359FE, cid=50, SUCCESS, logIndex=0, commits[fb2f9e5f-3f85-4645-9434-35845990ef62:c78, fc8bae70-5ee2-4690-a891-bdec1ff31df6:c76, cddf3713-3d93-4cc0-9436-6662a42f2930:c76]
 100.00% |█████████████████████████████████████████████████████████████████████████████████████████████████████|  1/1 Time: 0:00:03
2019-07-08 23:57:42,100 INFO  pipeline.SCMPipelineManager (SCMPipelineManager.java:finalizeAndDestroyPipeline(307)) - destroying pipeline:Pipeline[ Id: ded666c4-a1f9-40ba-b4b9-d8f969e359fe, Nodes: fc8bae70-5ee2-4690-a891-bdec1ff31df6{ip: 192.168.5.141, host: hdds1735-nc2fb-114972354, networkLocation: /default-rack, certSerialId: null}fb2f9e5f-3f85-4645-9434-35845990ef62{ip: 192.168.5.141, host: hdds1735-nc2fb-114972354, networkLocation: /default-rack, certSerialId: null}cddf3713-3d93-4cc0-9436-6662a42f2930{ip: 192.168.5.141, host: hdds1735-nc2fb-114972354, networkLocation: /default-rack, certSerialId: null}, Type:RATIS, Factor:THREE, State:OPEN]
2019-07-08 23:57:42,101 INFO  pipeline.PipelineStateManager (PipelineStateManager.java:finalizePipeline(123)) - Pipeline Pipeline[ Id: ded666c4-a1f9-40ba-b4b9-d8f969e359fe, Nodes: fc8bae70-5ee2-4690-a891-bdec1ff31df6{ip: 192.168.5.141, host: hdds1735-nc2fb-114972354, networkLocation: /default-rack, certSerialId: null}fb2f9e5f-3f85-4645-9434-35845990ef62{ip: 192.168.5.141, host: hdds1735-nc2fb-114972354, networkLocation: /default-rack, certSerialId: null}cddf3713-3d93-4cc0-9436-6662a42f2930{ip: 192.168.5.141, host: hdds1735-nc2fb-114972354, networkLocation: /default-rack, certSerialId: null}, Type:RATIS, Factor:THREE, State:CLOSED] moved to CLOSED state
2019-07-08 23:57:42,102 INFO  container.CloseContainerEventHandler (CloseContainerEventHandler.java:onMessage(61)) - Close container Event triggered for container : #1
2019-07-08 23:57:42,107 INFO  container.CloseContainerEventHandler (CloseContainerEventHandler.java:onMessage(61)) - Close container Event triggered for container : #2
2019-07-08 23:57:42,108 INFO  container.CloseContainerEventHandler (CloseContainerEventHandler.java:onMessage(61)) - Close container Event triggered for container : #3
2019-07-08 23:57:42,119 INFO  impl.RaftServerProxy (RaftServerProxy.java:remove(95)) - fc8bae70-5ee2-4690-a891-bdec1ff31df6: remove FOLLOWER group-D8F969E359FE fc8bae70-5ee2-4690-a891-bdec1ff31df6:t1, leader=fb2f9e5f-3f85-4645-9434-35845990ef62, voted=fb2f9e5f-3f85-4645-9434-35845990ef62, raftlog=fc8bae70-5ee2-4690-a891-bdec1ff31df6-SegmentedRaftLog:OPENED:c78,f78,i78, conf=0: [fb2f9e5f-3f85-4645-9434-35845990ef62:192.168.5.141:34888, fc8bae70-5ee2-4690-a891-bdec1ff31df6:192.168.5.141:40288, cddf3713-3d93-4cc0-9436-6662a42f2930:192.168.5.141:46501], old=null RUNNING
2019-07-08 23:57:42,122 INFO  impl.RaftServerImpl (RaftServerImpl.java:lambda$shutdown$3(245)) - fc8bae70-5ee2-4690-a891-bdec1ff31df6: shutdown group-D8F969E359FE
2019-07-08 23:57:42,123 INFO  util.JmxRegister (JmxRegister.java:unregister(73)) - Successfully un-registered JMX Bean with object name Ratis:service=RaftServer,group=group-D8F969E359FE,id=fc8bae70-5ee2-4690-a891-bdec1ff31df6
2019-07-08 23:57:42,123 INFO  impl.RoleInfo (RoleInfo.java:shutdownFollowerState(121)) - fc8bae70-5ee2-4690-a891-bdec1ff31df6: shutdown FollowerState
2019-07-08 23:57:42,123 INFO  impl.StateMachineUpdater (StateMachineUpdater.java:stopAndJoin(115)) - StateMachineUpdater:fc8bae70-5ee2-4690-a891-bdec1ff31df6:group-D8F969E359FE: set stopIndex = 78
2019-07-08 23:57:42,123 INFO  impl.FollowerState (FollowerState.java:run(114)) - fc8bae70-5ee2-4690-a891-bdec1ff31df6: FollowerState was interrupted: java.lang.InterruptedException: sleep interrupted
2019-07-08 23:57:42,123 INFO  ratis.ContainerStateMachine (ContainerStateMachine.java:takeSnapshot(244)) - Taking snapshot at termIndex:(t:1, i:76)
2019-07-08 23:57:42,125 INFO  ratis.ContainerStateMachine (ContainerStateMachine.java:takeSnapshot(248)) - Taking a snapshot to file /tmp/workdir/hadoop-ozone/tools/target/test-dir/MiniOzoneClusterImpl-2b8b0ed9-393c-4f9f-8988-c7aaab790c5d/datanode-2/data/ratis/ded666c4-a1f9-40ba-b4b9-d8f969e359fe/sm/snapshot.1_76
2019-07-08 23:57:42,136 INFO  impl.StateMachineUpdater (StateMachineUpdater.java:takeSnapshot(242)) - StateMachineUpdater:fc8bae70-5ee2-4690-a891-bdec1ff31df6:group-D8F969E359FE: Took a snapshot at index 76
2019-07-08 23:57:42,137 INFO  impl.StateMachineUpdater (StateMachineUpdater.java:lambda$new$0(80)) - StateMachineUpdater:fc8bae70-5ee2-4690-a891-bdec1ff31df6:group-D8F969E359FE: snapshotIndex: updateIncreasingly -1 -> 76
2019-07-08 23:57:42,141 INFO  impl.RaftServerImpl (ServerState.java:close(394)) - fc8bae70-5ee2-4690-a891-bdec1ff31df6:group-D8F969E359FE closes. The last applied log index is 78
2019-07-08 23:57:42,143 INFO  segmented.SegmentedRaftLogWorker (SegmentedRaftLogWorker.java:run(313)) - fc8bae70-5ee2-4690-a891-bdec1ff31df6-SegmentedRaftLogWorker:Storage Directory /tmp/workdir/hadoop-ozone/tools/target/test-dir/MiniOzoneClusterImpl-2b8b0ed9-393c-4f9f-8988-c7aaab790c5d/datanode-2/data/ratis/ded666c4-a1f9-40ba-b4b9-d8f969e359fe was interrupted, exiting. There are 0 tasks remaining in the queue.
2019-07-08 23:57:42,148 INFO  segmented.SegmentedRaftLogWorker (SegmentedRaftLogWorker.java:close(228)) - fc8bae70-5ee2-4690-a891-bdec1ff31df6-SegmentedRaftLogWorker:Storage Directory /tmp/workdir/hadoop-ozone/tools/target/test-dir/MiniOzoneClusterImpl-2b8b0ed9-393c-4f9f-8988-c7aaab790c5d/datanode-2/data/ratis/ded666c4-a1f9-40ba-b4b9-d8f969e359fe close()
2019-07-08 23:57:42,174 INFO  impl.RaftServerProxy (RaftServerProxy.java:remove(95)) - fb2f9e5f-3f85-4645-9434-35845990ef62: remove   LEADER group-D8F969E359FE fb2f9e5f-3f85-4645-9434-35845990ef62:t1, leader=fb2f9e5f-3f85-4645-9434-35845990ef62, voted=fb2f9e5f-3f85-4645-9434-35845990ef62, raftlog=fb2f9e5f-3f85-4645-9434-35845990ef62-SegmentedRaftLog:OPENED:c78,f78,i78, conf=0: [fb2f9e5f-3f85-4645-9434-35845990ef62:192.168.5.141:34888, fc8bae70-5ee2-4690-a891-bdec1ff31df6:192.168.5.141:40288, cddf3713-3d93-4cc0-9436-6662a42f2930:192.168.5.141:46501], old=null RUNNING
2019-07-08 23:57:42,175 INFO  impl.RaftServerImpl (RaftServerImpl.java:lambda$shutdown$3(245)) - fb2f9e5f-3f85-4645-9434-35845990ef62: shutdown group-D8F969E359FE
2019-07-08 23:57:42,175 INFO  util.JmxRegister (JmxRegister.java:unregister(73)) - Successfully un-registered JMX Bean with object name Ratis:service=RaftServer,group=group-D8F969E359FE,id=fb2f9e5f-3f85-4645-9434-35845990ef62
2019-07-08 23:57:42,175 INFO  impl.RoleInfo (RoleInfo.java:shutdownLeaderState(104)) - fb2f9e5f-3f85-4645-9434-35845990ef62: shutdown LeaderState
2019-07-08 23:57:42,178 INFO  impl.PendingRequests (PendingRequests.java:sendNotLeaderResponses(202)) - fb2f9e5f-3f85-4645-9434-35845990ef62-PendingRequests: sendNotLeaderResponses
2019-07-08 23:57:42,178 WARN  server.GrpcLogAppender (GrpcLogAppender.java:mayWait(143)) - GrpcLogAppender(fb2f9e5f-3f85-4645-9434-35845990ef62->fc8bae70-5ee2-4690-a891-bdec1ff31df6): Wait interrupted by java.lang.InterruptedException
2019-07-08 23:57:42,178 WARN  server.GrpcLogAppender (GrpcLogAppender.java:mayWait(143)) - GrpcLogAppender(fb2f9e5f-3f85-4645-9434-35845990ef62->cddf3713-3d93-4cc0-9436-6662a42f2930): Wait interrupted by java.lang.InterruptedException
2019-07-08 23:57:42,184 INFO  server.GrpcServerProtocolService (GrpcServerProtocolService.java:onCompleted(104)) - fc8bae70-5ee2-4690-a891-bdec1ff31df6: appendEntries completed
2019-07-08 23:57:42,184 INFO  server.GrpcServerProtocolService (GrpcServerProtocolService.java:onCompleted(104)) - cddf3713-3d93-4cc0-9436-6662a42f2930: appendEntries completed
2019-07-08 23:57:42,189 INFO  impl.StateMachineUpdater (StateMachineUpdater.java:stopAndJoin(115)) - StateMachineUpdater:fb2f9e5f-3f85-4645-9434-35845990ef62:group-D8F969E359FE: set stopIndex = 78
2019-07-08 23:57:42,189 INFO  ratis.ContainerStateMachine (ContainerStateMachine.java:takeSnapshot(244)) - Taking snapshot at termIndex:(t:1, i:76)
2019-07-08 23:57:42,190 INFO  ratis.ContainerStateMachine (ContainerStateMachine.java:takeSnapshot(248)) - Taking a snapshot to file /tmp/workdir/hadoop-ozone/tools/target/test-dir/MiniOzoneClusterImpl-2b8b0ed9-393c-4f9f-8988-c7aaab790c5d/datanode-1/data/ratis/ded666c4-a1f9-40ba-b4b9-d8f969e359fe/sm/snapshot.1_76
2019-07-08 23:57:42,189 INFO  server.GrpcLogAppender (GrpcLogAppender.java:onCompleted(292)) - fb2f9e5f-3f85-4645-9434-35845990ef62->cddf3713-3d93-4cc0-9436-6662a42f2930: follower responses appendEntries COMPLETED
2019-07-08 23:57:42,189 INFO  server.GrpcLogAppender (GrpcLogAppender.java:onCompleted(292)) - fb2f9e5f-3f85-4645-9434-35845990ef62->fc8bae70-5ee2-4690-a891-bdec1ff31df6: follower responses appendEntries COMPLETED
2019-07-08 23:57:42,191 INFO  impl.StateMachineUpdater (StateMachineUpdater.java:takeSnapshot(242)) - StateMachineUpdater:fb2f9e5f-3f85-4645-9434-35845990ef62:group-D8F969E359FE: Took a snapshot at index 76
2019-07-08 23:57:42,194 INFO  impl.StateMachineUpdater (StateMachineUpdater.java:lambda$new$0(80)) - StateMachineUpdater:fb2f9e5f-3f85-4645-9434-35845990ef62:group-D8F969E359FE: snapshotIndex: updateIncreasingly -1 -> 76
2019-07-08 23:57:42,195 INFO  impl.RaftServerImpl (ServerState.java:close(394)) - fb2f9e5f-3f85-4645-9434-35845990ef62:group-D8F969E359FE closes. The last applied log index is 78
2019-07-08 23:57:42,195 INFO  segmented.SegmentedRaftLogWorker (SegmentedRaftLogWorker.java:run(313)) - fb2f9e5f-3f85-4645-9434-35845990ef62-SegmentedRaftLogWorker:Storage Directory /tmp/workdir/hadoop-ozone/tools/target/test-dir/MiniOzoneClusterImpl-2b8b0ed9-393c-4f9f-8988-c7aaab790c5d/datanode-1/data/ratis/ded666c4-a1f9-40ba-b4b9-d8f969e359fe was interrupted, exiting. There are 0 tasks remaining in the queue.
2019-07-08 23:57:42,195 INFO  impl.FollowerInfo (FollowerInfo.java:lambda$new$0(50)) - fb2f9e5f-3f85-4645-9434-35845990ef62->fc8bae70-5ee2-4690-a891-bdec1ff31df6: nextIndex: updateUnconditionally 79 -> 78
2019-07-08 23:57:42,195 INFO  impl.FollowerInfo (FollowerInfo.java:lambda$new$0(50)) - fb2f9e5f-3f85-4645-9434-35845990ef62->cddf3713-3d93-4cc0-9436-6662a42f2930: nextIndex: updateUnconditionally 79 -> 78
2019-07-08 23:57:42,197 INFO  segmented.SegmentedRaftLogWorker (SegmentedRaftLogWorker.java:close(228)) - fb2f9e5f-3f85-4645-9434-35845990ef62-SegmentedRaftLogWorker:Storage Directory /tmp/workdir/hadoop-ozone/tools/target/test-dir/MiniOzoneClusterImpl-2b8b0ed9-393c-4f9f-8988-c7aaab790c5d/datanode-1/data/ratis/ded666c4-a1f9-40ba-b4b9-d8f969e359fe close()
2019-07-08 23:57:42,218 INFO  impl.RaftServerProxy (RaftServerProxy.java:remove(95)) - cddf3713-3d93-4cc0-9436-6662a42f2930: remove FOLLOWER group-D8F969E359FE cddf3713-3d93-4cc0-9436-6662a42f2930:t1, leader=fb2f9e5f-3f85-4645-9434-35845990ef62, voted=cddf3713-3d93-4cc0-9436-6662a42f2930, raftlog=cddf3713-3d93-4cc0-9436-6662a42f2930-SegmentedRaftLog:OPENED:c78,f78,i78, conf=0: [fb2f9e5f-3f85-4645-9434-35845990ef62:192.168.5.141:34888, fc8bae70-5ee2-4690-a891-bdec1ff31df6:192.168.5.141:40288, cddf3713-3d93-4cc0-9436-6662a42f2930:192.168.5.141:46501], old=null RUNNING
2019-07-08 23:57:42,218 INFO  impl.RaftServerImpl (RaftServerImpl.java:lambda$shutdown$3(245)) - cddf3713-3d93-4cc0-9436-6662a42f2930: shutdown group-D8F969E359FE
2019-07-08 23:57:42,219 INFO  util.JmxRegister (JmxRegister.java:unregister(73)) - Successfully un-registered JMX Bean with object name Ratis:service=RaftServer,group=group-D8F969E359FE,id=cddf3713-3d93-4cc0-9436-6662a42f2930
2019-07-08 23:57:42,219 INFO  impl.RoleInfo (RoleInfo.java:shutdownFollowerState(121)) - cddf3713-3d93-4cc0-9436-6662a42f2930: shutdown FollowerState
2019-07-08 23:57:42,219 INFO  impl.StateMachineUpdater (StateMachineUpdater.java:stopAndJoin(115)) - StateMachineUpdater:cddf3713-3d93-4cc0-9436-6662a42f2930:group-D8F969E359FE: set stopIndex = 78
2019-07-08 23:57:42,219 INFO  impl.FollowerState (FollowerState.java:run(114)) - cddf3713-3d93-4cc0-9436-6662a42f2930: FollowerState was interrupted: java.lang.InterruptedException: sleep interrupted
2019-07-08 23:57:42,219 INFO  ratis.ContainerStateMachine (ContainerStateMachine.java:takeSnapshot(244)) - Taking snapshot at termIndex:(t:1, i:76)
2019-07-08 23:57:42,224 INFO  ratis.ContainerStateMachine (ContainerStateMachine.java:takeSnapshot(248)) - Taking a snapshot to file /tmp/workdir/hadoop-ozone/tools/target/test-dir/MiniOzoneClusterImpl-2b8b0ed9-393c-4f9f-8988-c7aaab790c5d/datanode-0/data/ratis/ded666c4-a1f9-40ba-b4b9-d8f969e359fe/sm/snapshot.1_76
2019-07-08 23:57:42,224 INFO  impl.StateMachineUpdater (StateMachineUpdater.java:takeSnapshot(242)) - StateMachineUpdater:cddf3713-3d93-4cc0-9436-6662a42f2930:group-D8F969E359FE: Took a snapshot at index 76
2019-07-08 23:57:42,224 INFO  impl.StateMachineUpdater (StateMachineUpdater.java:lambda$new$0(80)) - StateMachineUpdater:cddf3713-3d93-4cc0-9436-6662a42f2930:group-D8F969E359FE: snapshotIndex: updateIncreasingly -1 -> 76
2019-07-08 23:57:42,224 INFO  impl.RaftServerImpl (ServerState.java:close(394)) - cddf3713-3d93-4cc0-9436-6662a42f2930:group-D8F969E359FE closes. The last applied log index is 78
2019-07-08 23:57:42,225 INFO  segmented.SegmentedRaftLogWorker (SegmentedRaftLogWorker.java:run(313)) - cddf3713-3d93-4cc0-9436-6662a42f2930-SegmentedRaftLogWorker:Storage Directory /tmp/workdir/hadoop-ozone/tools/target/test-dir/MiniOzoneClusterImpl-2b8b0ed9-393c-4f9f-8988-c7aaab790c5d/datanode-0/data/ratis/ded666c4-a1f9-40ba-b4b9-d8f969e359fe was interrupted, exiting. There are 0 tasks remaining in the queue.
2019-07-08 23:57:42,225 INFO  segmented.SegmentedRaftLogWorker (SegmentedRaftLogWorker.java:close(228)) - cddf3713-3d93-4cc0-9436-6662a42f2930-SegmentedRaftLogWorker:Storage Directory /tmp/workdir/hadoop-ozone/tools/target/test-dir/MiniOzoneClusterImpl-2b8b0ed9-393c-4f9f-8988-c7aaab790c5d/datanode-0/data/ratis/ded666c4-a1f9-40ba-b4b9-d8f969e359fe close()
2019-07-08 23:57:42,234 INFO  pipeline.PipelineStateManager (PipelineStateManager.java:removePipeline(108)) - Pipeline Pipeline[ Id: ded666c4-a1f9-40ba-b4b9-d8f969e359fe, Nodes: fc8bae70-5ee2-4690-a891-bdec1ff31df6{ip: 192.168.5.141, host: hdds1735-nc2fb-114972354, networkLocation: /default-rack, certSerialId: null}fb2f9e5f-3f85-4645-9434-35845990ef62{ip: 192.168.5.141, host: hdds1735-nc2fb-114972354, networkLocation: /default-rack, certSerialId: null}cddf3713-3d93-4cc0-9436-6662a42f2930{ip: 192.168.5.141, host: hdds1735-nc2fb-114972354, networkLocation: /default-rack, certSerialId: null}, Type:RATIS, Factor:THREE, State:CLOSED] removed from db
2019-07-08 23:57:42,254 INFO  impl.RaftServerProxy (RaftServerProxy.java:addNew(89)) - fb2f9e5f-3f85-4645-9434-35845990ef62: addNew group-3AD1B7BEFEFB:[fb2f9e5f-3f85-4645-9434-35845990ef62:192.168.5.141:34888, fc8bae70-5ee2-4690-a891-bdec1ff31df6:192.168.5.141:40288, cddf3713-3d93-4cc0-9436-6662a42f2930:192.168.5.141:46501] returns group-3AD1B7BEFEFB:java.util.concurrent.CompletableFuture@25fbdb5[Not completed]
2019-07-08 23:57:42,254 INFO  impl.RaftServerProxy (RaftServerProxy.java:addNew(89)) - fc8bae70-5ee2-4690-a891-bdec1ff31df6: addNew group-3AD1B7BEFEFB:[fb2f9e5f-3f85-4645-9434-35845990ef62:192.168.5.141:34888, fc8bae70-5ee2-4690-a891-bdec1ff31df6:192.168.5.141:40288, cddf3713-3d93-4cc0-9436-6662a42f2930:192.168.5.141:46501] returns group-3AD1B7BEFEFB:java.util.concurrent.CompletableFuture@7be08fe8[Not completed]
2019-07-08 23:57:42,257 INFO  impl.RaftServerProxy (RaftServerProxy.java:addNew(89)) - cddf3713-3d93-4cc0-9436-6662a42f2930: addNew group-3AD1B7BEFEFB:[fb2f9e5f-3f85-4645-9434-35845990ef62:192.168.5.141:34888, fc8bae70-5ee2-4690-a891-bdec1ff31df6:192.168.5.141:40288, cddf3713-3d93-4cc0-9436-6662a42f2930:192.168.5.141:46501] returns group-3AD1B7BEFEFB:java.util.concurrent.CompletableFuture@4047dcf[Not completed]
2019-07-08 23:57:42,257 INFO  impl.RaftServerImpl (RaftServerImpl.java:<init>(93)) - fb2f9e5f-3f85-4645-9434-35845990ef62: new RaftServerImpl for group-3AD1B7BEFEFB:[fb2f9e5f-3f85-4645-9434-35845990ef62:192.168.5.141:34888, fc8bae70-5ee2-4690-a891-bdec1ff31df6:192.168.5.141:40288, cddf3713-3d93-4cc0-9436-6662a42f2930:192.168.5.141:46501] with ContainerStateMachine:uninitialized
2019-07-08 23:57:42,258 INFO  server.RaftServerConfigKeys (ConfUtils.java:logGet(43)) - raft.server.rpc.timeout.min = 1s (custom)
2019-07-08 23:57:42,258 INFO  server.RaftServerConfigKeys (ConfUtils.java:logGet(43)) - raft.server.rpc.timeout.max = 1200ms (custom)
2019-07-08 23:57:42,258 INFO  server.RaftServerConfigKeys (ConfUtils.java:logGet(43)) - raft.server.rpcslowness.timeout = 120s (custom)
2019-07-08 23:57:42,258 INFO  impl.RaftServerImpl (RaftServerImpl.java:<init>(93)) - cddf3713-3d93-4cc0-9436-6662a42f2930: new RaftServerImpl for group-3AD1B7BEFEFB:[fb2f9e5f-3f85-4645-9434-35845990ef62:192.168.5.141:34888, fc8bae70-5ee2-4690-a891-bdec1ff31df6:192.168.5.141:40288, cddf3713-3d93-4cc0-9436-6662a42f2930:192.168.5.141:46501] with ContainerStateMachine:uninitialized
2019-07-08 23:57:42,258 INFO  server.RaftServerConfigKeys (ConfUtils.java:logGet(43)) - raft.server.sleep.deviation.threshold = 300 (default)
2019-07-08 23:57:42,258 INFO  server.RaftServerConfigKeys (ConfUtils.java:logGet(43)) - raft.server.rpc.timeout.min = 1s (custom)
2019-07-08 23:57:42,258 INFO  server.RaftServerConfigKeys (ConfUtils.java:logGet(43)) - raft.server.log.appender.install.snapshot.enabled = false (custom)
2019-07-08 23:57:42,259 INFO  server.RaftServerConfigKeys (ConfUtils.java:logGet(43)) - raft.server.rpc.timeout.max = 1200ms (custom)
2019-07-08 23:57:42,259 INFO  impl.RaftServerImpl (ServerState.java:<init>(105)) - fb2f9e5f-3f85-4645-9434-35845990ef62:group-3AD1B7BEFEFB ConfigurationManager, init=-1: [fb2f9e5f-3f85-4645-9434-35845990ef62:192.168.5.141:34888, fc8bae70-5ee2-4690-a891-bdec1ff31df6:192.168.5.141:40288, cddf3713-3d93-4cc0-9436-6662a42f2930:192.168.5.141:46501], old=null, confs=<EMPTY_MAP>
2019-07-08 23:57:42,259 INFO  impl.RaftServerImpl (RaftServerImpl.java:<init>(93)) - fc8bae70-5ee2-4690-a891-bdec1ff31df6: new RaftServerImpl for group-3AD1B7BEFEFB:[fb2f9e5f-3f85-4645-9434-35845990ef62:192.168.5.141:34888, fc8bae70-5ee2-4690-a891-bdec1ff31df6:192.168.5.141:40288, cddf3713-3d93-4cc0-9436-6662a42f2930:192.168.5.141:46501] with ContainerStateMachine:uninitialized
2019-07-08 23:57:42,259 INFO  server.RaftServerConfigKeys (ConfUtils.java:logGet(43)) - raft.server.rpcslowness.timeout = 120s (custom)
2019-07-08 23:57:42,259 INFO  server.RaftServerConfigKeys (ConfUtils.java:logGet(43)) - raft.server.storage.dir = [/tmp/workdir/hadoop-ozone/tools/target/test-dir/MiniOzoneClusterImpl-2b8b0ed9-393c-4f9f-8988-c7aaab790c5d/datanode-1/data/ratis] (custom)
2019-07-08 23:57:42,259 INFO  server.RaftServerConfigKeys (ConfUtils.java:logGet(43)) - raft.server.rpc.timeout.min = 1s (custom)
2019-07-08 23:57:42,259 INFO  server.RaftServerConfigKeys (ConfUtils.java:logGet(43)) - raft.server.sleep.deviation.threshold = 300 (default)
2019-07-08 23:57:42,260 INFO  server.RaftServerConfigKeys (ConfUtils.java:logGet(43)) - raft.server.rpc.timeout.max = 1200ms (custom)
2019-07-08 23:57:42,260 INFO  server.RaftServerConfigKeys (ConfUtils.java:logGet(43)) - raft.server.log.appender.install.snapshot.enabled = false (custom)
2019-07-08 23:57:42,260 INFO  storage.RaftStorageDirectory (RaftStorageDirectory.java:analyzeStorage(246)) - The storage directory /tmp/workdir/hadoop-ozone/tools/target/test-dir/MiniOzoneClusterImpl-2b8b0ed9-393c-4f9f-8988-c7aaab790c5d/datanode-1/data/ratis/12b52dae-861e-4b1a-b91c-3ad1b7befefb does not exist. Creating ...
2019-07-08 23:57:42,260 INFO  impl.RaftServerImpl (ServerState.java:<init>(105)) - cddf3713-3d93-4cc0-9436-6662a42f2930:group-3AD1B7BEFEFB ConfigurationManager, init=-1: [fb2f9e5f-3f85-4645-9434-35845990ef62:192.168.5.141:34888, fc8bae70-5ee2-4690-a891-bdec1ff31df6:192.168.5.141:40288, cddf3713-3d93-4cc0-9436-6662a42f2930:192.168.5.141:46501], old=null, confs=<EMPTY_MAP>
2019-07-08 23:57:42,260 INFO  server.RaftServerConfigKeys (ConfUtils.java:logGet(43)) - raft.server.rpcslowness.timeout = 120s (custom)
2019-07-08 23:57:42,260 INFO  server.RaftServerConfigKeys (ConfUtils.java:logGet(43)) - raft.server.storage.dir = [/tmp/workdir/hadoop-ozone/tools/target/test-dir/MiniOzoneClusterImpl-2b8b0ed9-393c-4f9f-8988-c7aaab790c5d/datanode-0/data/ratis] (custom)
2019-07-08 23:57:42,260 INFO  server.RaftServerConfigKeys (ConfUtils.java:logGet(43)) - raft.server.sleep.deviation.threshold = 300 (default)
2019-07-08 23:57:42,261 INFO  server.RaftServerConfigKeys (ConfUtils.java:logGet(43)) - raft.server.log.appender.install.snapshot.enabled = false (custom)
2019-07-08 23:57:42,261 INFO  storage.RaftStorageDirectory (RaftStorageDirectory.java:analyzeStorage(246)) - The storage directory /tmp/workdir/hadoop-ozone/tools/target/test-dir/MiniOzoneClusterImpl-2b8b0ed9-393c-4f9f-8988-c7aaab790c5d/datanode-0/data/ratis/12b52dae-861e-4b1a-b91c-3ad1b7befefb does not exist. Creating ...
2019-07-08 23:57:42,261 INFO  impl.RaftServerImpl (ServerState.java:<init>(105)) - fc8bae70-5ee2-4690-a891-bdec1ff31df6:group-3AD1B7BEFEFB ConfigurationManager, init=-1: [fb2f9e5f-3f85-4645-9434-35845990ef62:192.168.5.141:34888, fc8bae70-5ee2-4690-a891-bdec1ff31df6:192.168.5.141:40288, cddf3713-3d93-4cc0-9436-6662a42f2930:192.168.5.141:46501], old=null, confs=<EMPTY_MAP>
2019-07-08 23:57:42,261 INFO  server.RaftServerConfigKeys (ConfUtils.java:logGet(43)) - raft.server.storage.dir = [/tmp/workdir/hadoop-ozone/tools/target/test-dir/MiniOzoneClusterImpl-2b8b0ed9-393c-4f9f-8988-c7aaab790c5d/datanode-2/data/ratis] (custom)
2019-07-08 23:57:42,261 INFO  storage.RaftStorageDirectory (RaftStorageDirectory.java:analyzeStorage(246)) - The storage directory /tmp/workdir/hadoop-ozone/tools/target/test-dir/MiniOzoneClusterImpl-2b8b0ed9-393c-4f9f-8988-c7aaab790c5d/datanode-2/data/ratis/12b52dae-861e-4b1a-b91c-3ad1b7befefb does not exist. Creating ...
2019-07-08 23:57:42,276 INFO  storage.RaftStorageDirectory (RaftStorageDirectory.java:tryLock(328)) - Lock on /tmp/workdir/hadoop-ozone/tools/target/test-dir/MiniOzoneClusterImpl-2b8b0ed9-393c-4f9f-8988-c7aaab790c5d/datanode-0/data/ratis/12b52dae-861e-4b1a-b91c-3ad1b7befefb/in_use.lock acquired by nodename 22440@hdds1735-nc2fb-114972354
2019-07-08 23:57:42,276 INFO  storage.RaftStorageDirectory (RaftStorageDirectory.java:tryLock(328)) - Lock on /tmp/workdir/hadoop-ozone/tools/target/test-dir/MiniOzoneClusterImpl-2b8b0ed9-393c-4f9f-8988-c7aaab790c5d/datanode-2/data/ratis/12b52dae-861e-4b1a-b91c-3ad1b7befefb/in_use.lock acquired by nodename 22440@hdds1735-nc2fb-114972354
2019-07-08 23:57:42,276 INFO  storage.RaftStorageDirectory (RaftStorageDirectory.java:tryLock(328)) - Lock on /tmp/workdir/hadoop-ozone/tools/target/test-dir/MiniOzoneClusterImpl-2b8b0ed9-393c-4f9f-8988-c7aaab790c5d/datanode-1/data/ratis/12b52dae-861e-4b1a-b91c-3ad1b7befefb/in_use.lock acquired by nodename 22440@hdds1735-nc2fb-114972354
2019-07-08 23:57:42,287 INFO  storage.RaftStorage (RaftStorage.java:format(72)) - Storage directory /tmp/workdir/hadoop-ozone/tools/target/test-dir/MiniOzoneClusterImpl-2b8b0ed9-393c-4f9f-8988-c7aaab790c5d/datanode-1/data/ratis/12b52dae-861e-4b1a-b91c-3ad1b7befefb has been successfully formatted.
2019-07-08 23:57:42,287 INFO  storage.RaftStorage (RaftStorage.java:format(72)) - Storage directory /tmp/workdir/hadoop-ozone/tools/target/test-dir/MiniOzoneClusterImpl-2b8b0ed9-393c-4f9f-8988-c7aaab790c5d/datanode-0/data/ratis/12b52dae-861e-4b1a-b91c-3ad1b7befefb has been successfully formatted.
2019-07-08 23:57:42,287 INFO  ratis.ContainerStateMachine (ContainerStateMachine.java:loadSnapshot(198)) - The snapshot info is null.Setting the last applied index to:(t:0, i:~)
2019-07-08 23:57:42,287 INFO  storage.RaftStorage (RaftStorage.java:format(72)) - Storage directory /tmp/workdir/hadoop-ozone/tools/target/test-dir/MiniOzoneClusterImpl-2b8b0ed9-393c-4f9f-8988-c7aaab790c5d/datanode-2/data/ratis/12b52dae-861e-4b1a-b91c-3ad1b7befefb has been successfully formatted.
2019-07-08 23:57:42,288 INFO  server.RaftServerConfigKeys (ConfUtils.java:logGet(43)) - raft.server.leader.election.timeout = 120s (custom)
2019-07-08 23:57:42,288 INFO  ratis.ContainerStateMachine (ContainerStateMachine.java:loadSnapshot(198)) - The snapshot info is null.Setting the last applied index to:(t:0, i:~)
2019-07-08 23:57:42,288 INFO  ratis.ContainerStateMachine (ContainerStateMachine.java:loadSnapshot(198)) - The snapshot info is null.Setting the last applied index to:(t:0, i:~)
2019-07-08 23:57:42,288 INFO  server.RaftServerConfigKeys (ConfUtils.java:logGet(43)) - raft.server.leader.election.timeout = 120s (custom)
2019-07-08 23:57:42,288 INFO  server.RaftServerConfigKeys (ConfUtils.java:logGet(43)) - raft.server.log.use.memory = false (default)
2019-07-08 23:57:42,288 INFO  server.RaftServerConfigKeys (ConfUtils.java:logGet(43)) - raft.server.log.use.memory = false (default)
2019-07-08 23:57:42,288 INFO  server.RaftServerConfigKeys (ConfUtils.java:logGet(43)) - raft.server.leader.election.timeout = 120s (custom)
2019-07-08 23:57:42,289 INFO  server.RaftServerConfigKeys (ConfUtils.java:logGet(43)) - raft.server.log.purge.gap = 1000000000 (custom)
2019-07-08 23:57:42,289 INFO  server.RaftServerConfigKeys (ConfUtils.java:logGet(43)) - raft.server.log.purge.gap = 1000000000 (custom)
2019-07-08 23:57:42,289 INFO  server.RaftServerConfigKeys (ConfUtils.java:logGet(43)) - raft.server.log.appender.buffer.byte-limit = 33554432 (custom)
2019-07-08 23:57:42,289 INFO  server.RaftServerConfigKeys (ConfUtils.java:logGet(43)) - raft.server.log.use.memory = false (default)
2019-07-08 23:57:42,290 INFO  server.RaftServerConfigKeys (ConfUtils.java:logGet(43)) - raft.server.log.segment.size.max = 1048576 (custom)
2019-07-08 23:57:42,289 INFO  server.RaftServerConfigKeys (ConfUtils.java:logGet(43)) - raft.server.log.appender.buffer.byte-limit = 33554432 (custom)
2019-07-08 23:57:42,290 INFO  server.RaftServerConfigKeys (ConfUtils.java:logGet(43)) - raft.server.log.segment.cache.num.max = 2 (custom)
2019-07-08 23:57:42,290 INFO  server.RaftServerConfigKeys (ConfUtils.java:logGet(43)) - raft.server.log.purge.gap = 1000000000 (custom)
2019-07-08 23:57:42,290 INFO  segmented.SegmentedRaftLogWorker (SegmentedRaftLogWorker.java:<init>(172)) - new fc8bae70-5ee2-4690-a891-bdec1ff31df6-SegmentedRaftLogWorker:Storage Directory /tmp/workdir/hadoop-ozone/tools/target/test-dir/MiniOzoneClusterImpl-2b8b0ed9-393c-4f9f-8988-c7aaab790c5d/datanode-2/data/ratis/12b52dae-861e-4b1a-b91c-3ad1b7befefb for RaftStorage:Storage Directory /tmp/workdir/hadoop-ozone/tools/target/test-dir/MiniOzoneClusterImpl-2b8b0ed9-393c-4f9f-8988-c7aaab790c5d/datanode-2/data/ratis/12b52dae-861e-4b1a-b91c-3ad1b7befefb
2019-07-08 23:57:42,290 INFO  server.RaftServerConfigKeys (ConfUtils.java:logGet(43)) - raft.server.log.segment.size.max = 1048576 (custom)
2019-07-08 23:57:42,291 INFO  server.RaftServerConfigKeys (ConfUtils.java:logGet(43)) - raft.server.log.queue.byte-limit = 2147483647 (custom)
2019-07-08 23:57:42,290 INFO  server.RaftServerConfigKeys (ConfUtils.java:logGet(43)) - raft.server.log.appender.buffer.byte-limit = 33554432 (custom)
2019-07-08 23:57:42,292 INFO  server.RaftServerConfigKeys (ConfUtils.java:logGet(43)) - raft.server.log.queue.element-limit = 1024 (custom)
2019-07-08 23:57:42,292 INFO  server.RaftServerConfigKeys (ConfUtils.java:logGet(43)) - raft.server.log.segment.cache.num.max = 2 (custom)
2019-07-08 23:57:42,293 INFO  server.RaftServerConfigKeys (ConfUtils.java:logGet(43)) - raft.server.log.segment.size.max = 1048576 (custom)
2019-07-08 23:57:42,292 INFO  server.RaftServerConfigKeys (ConfUtils.java:logGet(43)) - raft.server.log.segment.size.max = 1048576 (custom)
2019-07-08 23:57:42,293 INFO  server.RaftServerConfigKeys (ConfUtils.java:logGet(43)) - raft.server.log.preallocated.size = 16384 (custom)
2019-07-08 23:57:42,293 INFO  segmented.SegmentedRaftLogWorker (SegmentedRaftLogWorker.java:<init>(172)) - new fb2f9e5f-3f85-4645-9434-35845990ef62-SegmentedRaftLogWorker:Storage Directory /tmp/workdir/hadoop-ozone/tools/target/test-dir/MiniOzoneClusterImpl-2b8b0ed9-393c-4f9f-8988-c7aaab790c5d/datanode-1/data/ratis/12b52dae-861e-4b1a-b91c-3ad1b7befefb for RaftStorage:Storage Directory /tmp/workdir/hadoop-ozone/tools/target/test-dir/MiniOzoneClusterImpl-2b8b0ed9-393c-4f9f-8988-c7aaab790c5d/datanode-1/data/ratis/12b52dae-861e-4b1a-b91c-3ad1b7befefb
2019-07-08 23:57:42,293 INFO  server.RaftServerConfigKeys (ConfUtils.java:logGet(43)) - raft.server.log.write.buffer.size = 33554432 (custom)
2019-07-08 23:57:42,293 INFO  server.RaftServerConfigKeys (ConfUtils.java:logGet(43)) - raft.server.log.segment.cache.num.max = 2 (custom)
2019-07-08 23:57:42,295 INFO  server.RaftServerConfigKeys (ConfUtils.java:logGet(43)) - raft.server.log.force.sync.num = 128 (default)
2019-07-08 23:57:42,293 INFO  server.RaftServerConfigKeys (ConfUtils.java:logGet(43)) - raft.server.log.queue.byte-limit = 2147483647 (custom)
2019-07-08 23:57:42,295 INFO  server.RaftServerConfigKeys (ConfUtils.java:logGet(43)) - raft.server.log.statemachine.data.sync = true (default)
2019-07-08 23:57:42,295 INFO  segmented.SegmentedRaftLogWorker (SegmentedRaftLogWorker.java:<init>(172)) - new cddf3713-3d93-4cc0-9436-6662a42f2930-SegmentedRaftLogWorker:Storage Directory /tmp/workdir/hadoop-ozone/tools/target/test-dir/MiniOzoneClusterImpl-2b8b0ed9-393c-4f9f-8988-c7aaab790c5d/datanode-0/data/ratis/12b52dae-861e-4b1a-b91c-3ad1b7befefb for RaftStorage:Storage Directory /tmp/workdir/hadoop-ozone/tools/target/test-dir/MiniOzoneClusterImpl-2b8b0ed9-393c-4f9f-8988-c7aaab790c5d/datanode-0/data/ratis/12b52dae-861e-4b1a-b91c-3ad1b7befefb
2019-07-08 23:57:42,296 INFO  server.RaftServerConfigKeys (ConfUtils.java:logGet(43)) - raft.server.log.statemachine.data.sync.timeout = 10s (default)
2019-07-08 23:57:42,296 INFO  server.RaftServerConfigKeys (ConfUtils.java:logGet(43)) - raft.server.log.queue.element-limit = 1024 (custom)
2019-07-08 23:57:42,297 INFO  server.RaftServerConfigKeys (ConfUtils.java:logGet(43)) - raft.server.log.statemachine.data.sync.timeout.retry = -1 (default)
2019-07-08 23:57:42,296 INFO  server.RaftServerConfigKeys (ConfUtils.java:logGet(43)) - raft.server.log.queue.byte-limit = 2147483647 (custom)
2019-07-08 23:57:42,298 INFO  server.RaftServerConfigKeys (ConfUtils.java:logGet(43)) - raft.server.log.statemachine.data.caching.enabled = true (custom)
2019-07-08 23:57:42,298 INFO  server.RaftServerConfigKeys (ConfUtils.java:logGet(43)) - raft.server.log.segment.size.max = 1048576 (custom)
2019-07-08 23:57:42,298 INFO  segmented.SegmentedRaftLogWorker (SegmentedRaftLogWorker.java:lambda$new$0(132)) - fc8bae70-5ee2-4690-a891-bdec1ff31df6-SegmentedRaftLogWorker:Storage Directory /tmp/workdir/hadoop-ozone/tools/target/test-dir/MiniOzoneClusterImpl-2b8b0ed9-393c-4f9f-8988-c7aaab790c5d/datanode-2/data/ratis/12b52dae-861e-4b1a-b91c-3ad1b7befefb: flushIndex: setUnconditionally 0 -> -1
2019-07-08 23:57:42,298 INFO  server.RaftServerConfigKeys (ConfUtils.java:logGet(43)) - raft.server.log.queue.element-limit = 1024 (custom)
2019-07-08 23:57:42,298 INFO  server.RaftServerConfigKeys (ConfUtils.java:logGet(43)) - raft.server.log.preallocated.size = 16384 (custom)
2019-07-08 23:57:42,299 INFO  server.RaftServerConfigKeys (ConfUtils.java:logGet(43)) - raft.server.log.segment.size.max = 1048576 (custom)
2019-07-08 23:57:42,298 INFO  server.RaftServerConfigKeys (ConfUtils.java:logGet(43)) - raft.server.snapshot.auto.trigger.enabled = true (custom)
2019-07-08 23:57:42,299 INFO  server.RaftServerConfigKeys (ConfUtils.java:logGet(43)) - raft.server.log.preallocated.size = 16384 (custom)
2019-07-08 23:57:42,299 INFO  server.RaftServerConfigKeys (ConfUtils.java:logGet(43)) - raft.server.log.write.buffer.size = 33554432 (custom)
2019-07-08 23:57:42,299 INFO  server.RaftServerConfigKeys (ConfUtils.java:logGet(43)) - raft.server.log.write.buffer.size = 33554432 (custom)
2019-07-08 23:57:42,299 INFO  server.RaftServerConfigKeys (ConfUtils.java:logGet(43)) - raft.server.snapshot.auto.trigger.threshold = 10000 (custom)
2019-07-08 23:57:42,300 INFO  server.RaftServerConfigKeys (ConfUtils.java:logGet(43)) - raft.server.log.force.sync.num = 128 (default)
2019-07-08 23:57:42,300 INFO  server.RaftServerConfigKeys (ConfUtils.java:logGet(43)) - raft.server.retrycache.expirytime = 600000ms (custom)
2019-07-08 23:57:42,299 INFO  server.RaftServerConfigKeys (ConfUtils.java:logGet(43)) - raft.server.log.force.sync.num = 128 (default)
2019-07-08 23:57:42,300 INFO  impl.RaftServerImpl (RaftServerImpl.java:start(180)) - fc8bae70-5ee2-4690-a891-bdec1ff31df6: start group-3AD1B7BEFEFB
2019-07-08 23:57:42,300 INFO  server.RaftServerConfigKeys (ConfUtils.java:logGet(43)) - raft.server.log.statemachine.data.sync = true (default)
2019-07-08 23:57:42,300 INFO  impl.RaftServerImpl (RaftServerImpl.java:setRole(171)) - fc8bae70-5ee2-4690-a891-bdec1ff31df6:group-3AD1B7BEFEFB changes role from null to FOLLOWER at term 0 for startAsFollower
2019-07-08 23:57:42,300 INFO  server.RaftServerConfigKeys (ConfUtils.java:logGet(43)) - raft.server.log.statemachine.data.sync = true (default)
2019-07-08 23:57:42,301 INFO  impl.RoleInfo (RoleInfo.java:updateAndGet(143)) - fc8bae70-5ee2-4690-a891-bdec1ff31df6: start FollowerState
2019-07-08 23:57:42,301 INFO  server.RaftServerConfigKeys (ConfUtils.java:logGet(43)) - raft.server.log.statemachine.data.sync.timeout = 10s (default)
2019-07-08 23:57:42,301 INFO  server.RaftServerConfigKeys (ConfUtils.java:logGet(43)) - raft.server.log.statemachine.data.sync.timeout = 10s (default)
2019-07-08 23:57:42,301 INFO  server.RaftServerConfigKeys (ConfUtils.java:logGet(43)) - raft.server.log.statemachine.data.sync.timeout.retry = -1 (default)
2019-07-08 23:57:42,302 INFO  server.RaftServerConfigKeys (ConfUtils.java:logGet(43)) - raft.server.log.statemachine.data.sync.timeout.retry = -1 (default)
2019-07-08 23:57:42,302 INFO  util.JmxRegister (JmxRegister.java:tryRegister(44)) - Successfully registered JMX Bean with object name Ratis:service=RaftServer,group=group-3AD1B7BEFEFB,id=fc8bae70-5ee2-4690-a891-bdec1ff31df6
2019-07-08 23:57:42,302 INFO  server.RaftServerConfigKeys (ConfUtils.java:logGet(43)) - raft.server.log.statemachine.data.caching.enabled = true (custom)
2019-07-08 23:57:42,302 INFO  server.RaftServerConfigKeys (ConfUtils.java:logGet(43)) - raft.server.log.statemachine.data.caching.enabled = true (custom)
2019-07-08 23:57:42,302 INFO  segmented.SegmentedRaftLogWorker (SegmentedRaftLogWorker.java:lambda$new$0(132)) - fb2f9e5f-3f85-4645-9434-35845990ef62-SegmentedRaftLogWorker:Storage Directory /tmp/workdir/hadoop-ozone/tools/target/test-dir/MiniOzoneClusterImpl-2b8b0ed9-393c-4f9f-8988-c7aaab790c5d/datanode-1/data/ratis/12b52dae-861e-4b1a-b91c-3ad1b7befefb: flushIndex: setUnconditionally 0 -> -1
2019-07-08 23:57:42,303 INFO  segmented.SegmentedRaftLogWorker (SegmentedRaftLogWorker.java:lambda$new$0(132)) - cddf3713-3d93-4cc0-9436-6662a42f2930-SegmentedRaftLogWorker:Storage Directory /tmp/workdir/hadoop-ozone/tools/target/test-dir/MiniOzoneClusterImpl-2b8b0ed9-393c-4f9f-8988-c7aaab790c5d/datanode-0/data/ratis/12b52dae-861e-4b1a-b91c-3ad1b7befefb: flushIndex: setUnconditionally 0 -> -1
2019-07-08 23:57:42,303 INFO  server.RaftServerConfigKeys (ConfUtils.java:logGet(43)) - raft.server.snapshot.auto.trigger.enabled = true (custom)
2019-07-08 23:57:42,304 INFO  server.RaftServerConfigKeys (ConfUtils.java:logGet(43)) - raft.server.snapshot.auto.trigger.threshold = 10000 (custom)
2019-07-08 23:57:42,304 INFO  server.RaftServerConfigKeys (ConfUtils.java:logGet(43)) - raft.server.snapshot.auto.trigger.enabled = true (custom)
2019-07-08 23:57:42,304 INFO  server.RaftServerConfigKeys (ConfUtils.java:logGet(43)) - raft.server.retrycache.expirytime = 600000ms (custom)
2019-07-08 23:57:42,304 INFO  server.RaftServerConfigKeys (ConfUtils.java:logGet(43)) - raft.server.snapshot.auto.trigger.threshold = 10000 (custom)
2019-07-08 23:57:42,304 INFO  impl.RaftServerImpl (RaftServerImpl.java:start(180)) - fb2f9e5f-3f85-4645-9434-35845990ef62: start group-3AD1B7BEFEFB
2019-07-08 23:57:42,304 INFO  server.RaftServerConfigKeys (ConfUtils.java:logGet(43)) - raft.server.retrycache.expirytime = 600000ms (custom)
2019-07-08 23:57:42,304 INFO  impl.RaftServerImpl (RaftServerImpl.java:setRole(171)) - fb2f9e5f-3f85-4645-9434-35845990ef62:group-3AD1B7BEFEFB changes role from null to FOLLOWER at term 0 for startAsFollower
2019-07-08 23:57:42,305 INFO  impl.RaftServerImpl (RaftServerImpl.java:start(180)) - cddf3713-3d93-4cc0-9436-6662a42f2930: start group-3AD1B7BEFEFB
2019-07-08 23:57:42,306 INFO  impl.RaftServerImpl (RaftServerImpl.java:setRole(171)) - cddf3713-3d93-4cc0-9436-6662a42f2930:group-3AD1B7BEFEFB changes role from null to FOLLOWER at term 0 for startAsFollower
2019-07-08 23:57:42,306 INFO  impl.RoleInfo (RoleInfo.java:updateAndGet(143)) - fb2f9e5f-3f85-4645-9434-35845990ef62: start FollowerState
2019-07-08 23:57:42,306 INFO  impl.RoleInfo (RoleInfo.java:updateAndGet(143)) - cddf3713-3d93-4cc0-9436-6662a42f2930: start FollowerState
2019-07-08 23:57:42,307 INFO  util.JmxRegister (JmxRegister.java:tryRegister(44)) - Successfully registered JMX Bean with object name Ratis:service=RaftServer,group=group-3AD1B7BEFEFB,id=fb2f9e5f-3f85-4645-9434-35845990ef62
2019-07-08 23:57:42,307 INFO  util.JmxRegister (JmxRegister.java:tryRegister(44)) - Successfully registered JMX Bean with object name Ratis:service=RaftServer,group=group-3AD1B7BEFEFB,id=cddf3713-3d93-4cc0-9436-6662a42f2930
2019-07-08 23:57:42,316 INFO  pipeline.PipelineStateManager (PipelineStateManager.java:addPipeline(56)) - Created pipeline Pipeline[ Id: 12b52dae-861e-4b1a-b91c-3ad1b7befefb, Nodes: fc8bae70-5ee2-4690-a891-bdec1ff31df6{ip: 192.168.5.141, host: hdds1735-nc2fb-114972354, networkLocation: /default-rack, certSerialId: null}fb2f9e5f-3f85-4645-9434-35845990ef62{ip: 192.168.5.141, host: hdds1735-nc2fb-114972354, networkLocation: /default-rack, certSerialId: null}cddf3713-3d93-4cc0-9436-6662a42f2930{ip: 192.168.5.141, host: hdds1735-nc2fb-114972354, networkLocation: /default-rack, certSerialId: null}, Type:RATIS, Factor:THREE, State:OPEN]
2019-07-08 23:57:42,382 INFO  freon.RandomKeyGenerator (RandomKeyGenerator.java:call(262)) - Number of Threads: 10
2019-07-08 23:57:42,382 INFO  freon.RandomKeyGenerator (RandomKeyGenerator.java:call(267)) - Number of Volumes: 1.
2019-07-08 23:57:42,382 INFO  freon.RandomKeyGenerator (RandomKeyGenerator.java:call(268)) - Number of Buckets per Volume: 1.
2019-07-08 23:57:42,382 INFO  freon.RandomKeyGenerator (RandomKeyGenerator.java:call(269)) - Number of Keys per Bucket: 1.
2019-07-08 23:57:42,382 INFO  freon.RandomKeyGenerator (RandomKeyGenerator.java:call(270)) - Key size: 20971520 bytes
2019-07-08 23:57:42,382 INFO  freon.RandomKeyGenerator (RandomKeyGenerator.java:call(271)) - Buffer size: 4096 bytes
2019-07-08 23:57:42,383 INFO  freon.RandomKeyGenerator (RandomKeyGenerator.java:call(286)) - Data validation is enabled.
2019-07-08 23:57:42,383 INFO  freon.RandomKeyGenerator (RandomKeyGenerator.java:call(299)) - Starting progress bar Thread.

 0.00% |█                                                                                                    |  0/1 Time: 0:00:002019-07-08 23:57:42,384 INFO  rpc.RpcClient (RpcClient.java:createVolume(289)) - Creating Volume: vol-0-20707, with jenkins1000 as owner.
2019-07-08 23:57:42,395 INFO  rpc.RpcClient (RpcClient.java:createBucket(426)) - Creating Bucket: vol-0-20707/bucket-0-25070, with Versioning false and Storage Type set to DISK and Encryption set to false 
2019-07-08 23:57:42,430 INFO  client.GrpcClientProtocolClient (GrpcClientProtocolClient.java:onNext(255)) - client-455C54CB926E->fc8bae70-5ee2-4690-a891-bdec1ff31df6: receive RaftClientReply:client-455C54CB926E->fc8bae70-5ee2-4690-a891-bdec1ff31df6@group-3AD1B7BEFEFB, cid=57, FAILED org.apache.ratis.protocol.NotLeaderException: Server fc8bae70-5ee2-4690-a891-bdec1ff31df6 is not the leader (null). Request must be sent to leader., logIndex=0, commits[fc8bae70-5ee2-4690-a891-bdec1ff31df6:c-1]
2019-07-08 23:57:43,381 INFO  impl.FollowerState (FollowerState.java:run(106)) - fb2f9e5f-3f85-4645-9434-35845990ef62:group-3AD1B7BEFEFB changes to CANDIDATE, lastRpcTime:1074, electionTimeout:1074ms
2019-07-08 23:57:43,381 INFO  impl.RoleInfo (RoleInfo.java:shutdownFollowerState(121)) - fb2f9e5f-3f85-4645-9434-35845990ef62: shutdown FollowerState
2019-07-08 23:57:43,381 INFO  impl.RaftServerImpl (RaftServerImpl.java:setRole(171)) - fb2f9e5f-3f85-4645-9434-35845990ef62:group-3AD1B7BEFEFB changes role from FOLLOWER to CANDIDATE at term 0 for changeToCandidate
2019-07-08 23:57:43,382 INFO  impl.RoleInfo (RoleInfo.java:updateAndGet(143)) - fb2f9e5f-3f85-4645-9434-35845990ef62: start LeaderElection
 0.00% |█                                                                                                    |  0/1 Time: 0:00:012019-07-08 23:57:43,391 INFO  impl.LeaderElection (LeaderElection.java:askForVotes(181)) - fb2f9e5f-3f85-4645-9434-35845990ef62:group-3AD1B7BEFEFB:LeaderElection6: begin an election at term 1 for -1: [fb2f9e5f-3f85-4645-9434-35845990ef62:192.168.5.141:34888, fc8bae70-5ee2-4690-a891-bdec1ff31df6:192.168.5.141:40288, cddf3713-3d93-4cc0-9436-6662a42f2930:192.168.5.141:46501], old=null
2019-07-08 23:57:43,402 INFO  impl.RaftServerImpl (RaftServerImpl.java:setRole(171)) - cddf3713-3d93-4cc0-9436-6662a42f2930:group-3AD1B7BEFEFB changes role from FOLLOWER to FOLLOWER at term 1 for recognizeCandidate:fb2f9e5f-3f85-4645-9434-35845990ef62
2019-07-08 23:57:43,402 INFO  impl.RaftServerImpl (RaftServerImpl.java:setRole(171)) - fc8bae70-5ee2-4690-a891-bdec1ff31df6:group-3AD1B7BEFEFB changes role from FOLLOWER to FOLLOWER at term 1 for recognizeCandidate:fb2f9e5f-3f85-4645-9434-35845990ef62
2019-07-08 23:57:43,403 INFO  impl.RoleInfo (RoleInfo.java:shutdownFollowerState(121)) - cddf3713-3d93-4cc0-9436-6662a42f2930: shutdown FollowerState
2019-07-08 23:57:43,403 INFO  impl.RoleInfo (RoleInfo.java:shutdownFollowerState(121)) - fc8bae70-5ee2-4690-a891-bdec1ff31df6: shutdown FollowerState
2019-07-08 23:57:43,403 INFO  impl.FollowerState (FollowerState.java:run(114)) - cddf3713-3d93-4cc0-9436-6662a42f2930: FollowerState was interrupted: java.lang.InterruptedException: sleep interrupted
2019-07-08 23:57:43,403 INFO  impl.RoleInfo (RoleInfo.java:updateAndGet(143)) - fc8bae70-5ee2-4690-a891-bdec1ff31df6: start FollowerState
2019-07-08 23:57:43,403 INFO  impl.RoleInfo (RoleInfo.java:updateAndGet(143)) - cddf3713-3d93-4cc0-9436-6662a42f2930: start FollowerState
2019-07-08 23:57:43,403 INFO  impl.FollowerState (FollowerState.java:run(114)) - fc8bae70-5ee2-4690-a891-bdec1ff31df6: FollowerState was interrupted: java.lang.InterruptedException: sleep interrupted
2019-07-08 23:57:43,418 INFO  impl.LeaderElection (LeaderElection.java:logAndReturn(56)) - fb2f9e5f-3f85-4645-9434-35845990ef62:group-3AD1B7BEFEFB:LeaderElection6: Election PASSED; received 1 response(s) [fb2f9e5f-3f85-4645-9434-35845990ef62<-cddf3713-3d93-4cc0-9436-6662a42f2930#0:OK-t1] and 0 exception(s); fb2f9e5f-3f85-4645-9434-35845990ef62:t1, leader=null, voted=fb2f9e5f-3f85-4645-9434-35845990ef62, raftlog=fb2f9e5f-3f85-4645-9434-35845990ef62-SegmentedRaftLog:OPENED:c-1,f-1,i0, conf=-1: [fb2f9e5f-3f85-4645-9434-35845990ef62:192.168.5.141:34888, fc8bae70-5ee2-4690-a891-bdec1ff31df6:192.168.5.141:40288, cddf3713-3d93-4cc0-9436-6662a42f2930:192.168.5.141:46501], old=null
2019-07-08 23:57:43,418 INFO  impl.RoleInfo (RoleInfo.java:shutdownLeaderElection(134)) - fb2f9e5f-3f85-4645-9434-35845990ef62: shutdown LeaderElection
2019-07-08 23:57:43,420 INFO  impl.RaftServerImpl (RaftServerImpl.java:setRole(171)) - fb2f9e5f-3f85-4645-9434-35845990ef62:group-3AD1B7BEFEFB changes role from CANDIDATE to LEADER at term 1 for changeToLeader
2019-07-08 23:57:43,420 INFO  impl.RaftServerImpl (ServerState.java:setLeader(263)) - fb2f9e5f-3f85-4645-9434-35845990ef62:group-3AD1B7BEFEFB change Leader from null to fb2f9e5f-3f85-4645-9434-35845990ef62 at term 1 for becomeLeader, leader elected after 1132ms
2019-07-08 23:57:43,420 INFO  server.RaftServerConfigKeys (ConfUtils.java:logGet(43)) - raft.server.staging.catchup.gap = 1000 (default)
2019-07-08 23:57:43,420 INFO  server.RaftServerConfigKeys (ConfUtils.java:logGet(43)) - raft.server.rpc.sleep.time = 25ms (default)
2019-07-08 23:57:43,421 INFO  server.RaftServerConfigKeys (ConfUtils.java:logGet(43)) - raft.server.write.element-limit = 4096 (default)
2019-07-08 23:57:43,421 INFO  server.RaftServerConfigKeys (ConfUtils.java:logGet(43)) - raft.server.watch.timeout = 10s (default)
2019-07-08 23:57:43,421 INFO  server.RaftServerConfigKeys (ConfUtils.java:logGet(43)) - raft.server.watch.timeout.denomination = 1s (default)
2019-07-08 23:57:43,421 INFO  server.RaftServerConfigKeys (ConfUtils.java:logGet(43)) - raft.server.watch.element-limit = 65536 (default)
2019-07-08 23:57:43,421 INFO  server.RaftServerConfigKeys (ConfUtils.java:logGet(43)) - raft.server.log.appender.snapshot.chunk.size.max = 16MB (=16777216) (default)
2019-07-08 23:57:43,422 INFO  server.RaftServerConfigKeys (ConfUtils.java:logGet(43)) - raft.server.log.appender.buffer.byte-limit = 33554432 (custom)
2019-07-08 23:57:43,422 INFO  server.RaftServerConfigKeys (ConfUtils.java:logGet(43)) - raft.server.log.appender.buffer.element-limit = 1 (custom)
2019-07-08 23:57:43,422 INFO  grpc.GrpcConfigKeys$Server (ConfUtils.java:logGet(43)) - raft.grpc.server.leader.outstanding.appends.max = 128 (default)
2019-07-08 23:57:43,422 INFO  server.RaftServerConfigKeys (ConfUtils.java:logGet(43)) - raft.server.rpc.request.timeout = 3000ms (default)
2019-07-08 23:57:43,422 INFO  server.RaftServerConfigKeys (ConfUtils.java:logGet(43)) - raft.server.log.appender.install.snapshot.enabled = false (custom)
2019-07-08 23:57:43,423 INFO  server.RaftServerConfigKeys (ConfUtils.java:logGet(43)) - raft.server.log.appender.snapshot.chunk.size.max = 16MB (=16777216) (default)
2019-07-08 23:57:43,423 INFO  server.RaftServerConfigKeys (ConfUtils.java:logGet(43)) - raft.server.log.appender.buffer.byte-limit = 33554432 (custom)
2019-07-08 23:57:43,423 INFO  server.RaftServerConfigKeys (ConfUtils.java:logGet(43)) - raft.server.log.appender.buffer.element-limit = 1 (custom)
2019-07-08 23:57:43,423 INFO  grpc.GrpcConfigKeys$Server (ConfUtils.java:logGet(43)) - raft.grpc.server.leader.outstanding.appends.max = 128 (default)
2019-07-08 23:57:43,424 INFO  server.RaftServerConfigKeys (ConfUtils.java:logGet(43)) - raft.server.rpc.request.timeout = 3000ms (default)
2019-07-08 23:57:43,424 INFO  server.RaftServerConfigKeys (ConfUtils.java:logGet(43)) - raft.server.log.appender.install.snapshot.enabled = false (custom)
2019-07-08 23:57:43,424 INFO  impl.RoleInfo (RoleInfo.java:updateAndGet(143)) - fb2f9e5f-3f85-4645-9434-35845990ef62: start LeaderState
2019-07-08 23:57:43,424 INFO  segmented.SegmentedRaftLogWorker (SegmentedRaftLogWorker.java:startLogSegment(380)) - fb2f9e5f-3f85-4645-9434-35845990ef62-SegmentedRaftLogWorker:Storage Directory /tmp/workdir/hadoop-ozone/tools/target/test-dir/MiniOzoneClusterImpl-2b8b0ed9-393c-4f9f-8988-c7aaab790c5d/datanode-1/data/ratis/12b52dae-861e-4b1a-b91c-3ad1b7befefb: Starting segment from index:0
2019-07-08 23:57:43,425 INFO  impl.RaftServerImpl (ServerState.java:setRaftConf(361)) - fb2f9e5f-3f85-4645-9434-35845990ef62:group-3AD1B7BEFEFB set configuration 0: [fb2f9e5f-3f85-4645-9434-35845990ef62:192.168.5.141:34888, fc8bae70-5ee2-4690-a891-bdec1ff31df6:192.168.5.141:40288, cddf3713-3d93-4cc0-9436-6662a42f2930:192.168.5.141:46501], old=null at 0
2019-07-08 23:57:43,449 INFO  segmented.SegmentedRaftLogWorker (SegmentedRaftLogWorker.java:execute(569)) - fb2f9e5f-3f85-4645-9434-35845990ef62-SegmentedRaftLogWorker:Storage Directory /tmp/workdir/hadoop-ozone/tools/target/test-dir/MiniOzoneClusterImpl-2b8b0ed9-393c-4f9f-8988-c7aaab790c5d/datanode-1/data/ratis/12b52dae-861e-4b1a-b91c-3ad1b7befefb: created new log segment /tmp/workdir/hadoop-ozone/tools/target/test-dir/MiniOzoneClusterImpl-2b8b0ed9-393c-4f9f-8988-c7aaab790c5d/datanode-1/data/ratis/12b52dae-861e-4b1a-b91c-3ad1b7befefb/current/log_inprogress_0
2019-07-08 23:57:43,452 INFO  impl.RaftServerImpl (ServerState.java:setLeader(263)) - fc8bae70-5ee2-4690-a891-bdec1ff31df6:group-3AD1B7BEFEFB change Leader from null to fb2f9e5f-3f85-4645-9434-35845990ef62 at term 1 for appendEntries, leader elected after 1163ms
2019-07-08 23:57:43,453 INFO  impl.RaftServerImpl (ServerState.java:setLeader(263)) - cddf3713-3d93-4cc0-9436-6662a42f2930:group-3AD1B7BEFEFB change Leader from null to fb2f9e5f-3f85-4645-9434-35845990ef62 at term 1 for appendEntries, leader elected after 1165ms
2019-07-08 23:57:43,461 INFO  impl.RaftServerImpl (ServerState.java:setRaftConf(361)) - cddf3713-3d93-4cc0-9436-6662a42f2930:group-3AD1B7BEFEFB set configuration 0: [fb2f9e5f-3f85-4645-9434-35845990ef62:192.168.5.141:34888, fc8bae70-5ee2-4690-a891-bdec1ff31df6:192.168.5.141:40288, cddf3713-3d93-4cc0-9436-6662a42f2930:192.168.5.141:46501], old=null at 0
2019-07-08 23:57:43,461 INFO  segmented.SegmentedRaftLogWorker (SegmentedRaftLogWorker.java:startLogSegment(380)) - cddf3713-3d93-4cc0-9436-6662a42f2930-SegmentedRaftLogWorker:Storage Directory /tmp/workdir/hadoop-ozone/tools/target/test-dir/MiniOzoneClusterImpl-2b8b0ed9-393c-4f9f-8988-c7aaab790c5d/datanode-0/data/ratis/12b52dae-861e-4b1a-b91c-3ad1b7befefb: Starting segment from index:0
2019-07-08 23:57:43,462 INFO  impl.RaftServerImpl (ServerState.java:setRaftConf(361)) - fc8bae70-5ee2-4690-a891-bdec1ff31df6:group-3AD1B7BEFEFB set configuration 0: [fb2f9e5f-3f85-4645-9434-35845990ef62:192.168.5.141:34888, fc8bae70-5ee2-4690-a891-bdec1ff31df6:192.168.5.141:40288, cddf3713-3d93-4cc0-9436-6662a42f2930:192.168.5.141:46501], old=null at 0
2019-07-08 23:57:43,463 INFO  segmented.SegmentedRaftLogWorker (SegmentedRaftLogWorker.java:startLogSegment(380)) - fc8bae70-5ee2-4690-a891-bdec1ff31df6-SegmentedRaftLogWorker:Storage Directory /tmp/workdir/hadoop-ozone/tools/target/test-dir/MiniOzoneClusterImpl-2b8b0ed9-393c-4f9f-8988-c7aaab790c5d/datanode-2/data/ratis/12b52dae-861e-4b1a-b91c-3ad1b7befefb: Starting segment from index:0
2019-07-08 23:57:43,486 INFO  client.GrpcClientProtocolClient (GrpcClientProtocolClient.java:onNext(255)) - client-455C54CB926E->cddf3713-3d93-4cc0-9436-6662a42f2930: receive RaftClientReply:client-455C54CB926E->cddf3713-3d93-4cc0-9436-6662a42f2930@group-3AD1B7BEFEFB, cid=57, FAILED org.apache.ratis.protocol.NotLeaderException: Server cddf3713-3d93-4cc0-9436-6662a42f2930 is not the leader (fb2f9e5f-3f85-4645-9434-35845990ef62:192.168.5.141:34888). Request must be sent to leader., logIndex=0, commits[cddf3713-3d93-4cc0-9436-6662a42f2930:c-1, fb2f9e5f-3f85-4645-9434-35845990ef62:c0, fc8bae70-5ee2-4690-a891-bdec1ff31df6:c-1]
2019-07-08 23:57:43,490 INFO  segmented.SegmentedRaftLogWorker (SegmentedRaftLogWorker.java:execute(569)) - cddf3713-3d93-4cc0-9436-6662a42f2930-SegmentedRaftLogWorker:Storage Directory /tmp/workdir/hadoop-ozone/tools/target/test-dir/MiniOzoneClusterImpl-2b8b0ed9-393c-4f9f-8988-c7aaab790c5d/datanode-0/data/ratis/12b52dae-861e-4b1a-b91c-3ad1b7befefb: created new log segment /tmp/workdir/hadoop-ozone/tools/target/test-dir/MiniOzoneClusterImpl-2b8b0ed9-393c-4f9f-8988-c7aaab790c5d/datanode-0/data/ratis/12b52dae-861e-4b1a-b91c-3ad1b7befefb/current/log_inprogress_0
2019-07-08 23:57:43,490 INFO  segmented.SegmentedRaftLogWorker (SegmentedRaftLogWorker.java:execute(569)) - fc8bae70-5ee2-4690-a891-bdec1ff31df6-SegmentedRaftLogWorker:Storage Directory /tmp/workdir/hadoop-ozone/tools/target/test-dir/MiniOzoneClusterImpl-2b8b0ed9-393c-4f9f-8988-c7aaab790c5d/datanode-2/data/ratis/12b52dae-861e-4b1a-b91c-3ad1b7befefb: created new log segment /tmp/workdir/hadoop-ozone/tools/target/test-dir/MiniOzoneClusterImpl-2b8b0ed9-393c-4f9f-8988-c7aaab790c5d/datanode-2/data/ratis/12b52dae-861e-4b1a-b91c-3ad1b7befefb/current/log_inprogress_0
2019-07-08 23:57:43,587 INFO  client.GrpcClientProtocolClient (GrpcClientProtocolClient.java:onNext(255)) - client-455C54CB926E->fb2f9e5f-3f85-4645-9434-35845990ef62: receive RaftClientReply:client-455C54CB926E->fb2f9e5f-3f85-4645-9434-35845990ef62@group-3AD1B7BEFEFB, cid=57, SUCCESS, logIndex=1, commits[fb2f9e5f-3f85-4645-9434-35845990ef62:c1, fc8bae70-5ee2-4690-a891-bdec1ff31df6:c0, cddf3713-3d93-4cc0-9436-6662a42f2930:c0]
2019-07-08 23:57:43,626 INFO  client.GrpcClientProtocolClient (GrpcClientProtocolClient.java:onNext(255)) - client-455C54CB926E->fb2f9e5f-3f85-4645-9434-35845990ef62: receive RaftClientReply:client-455C54CB926E->fb2f9e5f-3f85-4645-9434-35845990ef62@group-3AD1B7BEFEFB, cid=58, SUCCESS, logIndex=3, commits[fb2f9e5f-3f85-4645-9434-35845990ef62:c8, fc8bae70-5ee2-4690-a891-bdec1ff31df6:c6, cddf3713-3d93-4cc0-9436-6662a42f2930:c6]
2019-07-08 23:57:43,628 INFO  client.GrpcClientProtocolClient (GrpcClientProtocolClient.java:onNext(255)) - client-455C54CB926E->fb2f9e5f-3f85-4645-9434-35845990ef62: receive RaftClientReply:client-455C54CB926E->fb2f9e5f-3f85-4645-9434-35845990ef62@group-3AD1B7BEFEFB, cid=59, SUCCESS, logIndex=5, commits[fb2f9e5f-3f85-4645-9434-35845990ef62:c8, fc8bae70-5ee2-4690-a891-bdec1ff31df6:c6, cddf3713-3d93-4cc0-9436-6662a42f2930:c6]
2019-07-08 23:57:43,670 INFO  client.GrpcClientProtocolClient (GrpcClientProtocolClient.java:onNext(255)) - client-455C54CB926E->fb2f9e5f-3f85-4645-9434-35845990ef62: receive RaftClientReply:client-455C54CB926E->fb2f9e5f-3f85-4645-9434-35845990ef62@group-3AD1B7BEFEFB, cid=60, SUCCESS, logIndex=6, commits[fb2f9e5f-3f85-4645-9434-35845990ef62:c8, fc8bae70-5ee2-4690-a891-bdec1ff31df6:c6, cddf3713-3d93-4cc0-9436-6662a42f2930:c6]
2019-07-08 23:57:43,692 INFO  client.GrpcClientProtocolClient (GrpcClientProtocolClient.java:onNext(255)) - client-455C54CB926E->fb2f9e5f-3f85-4645-9434-35845990ef62: receive RaftClientReply:client-455C54CB926E->fb2f9e5f-3f85-4645-9434-35845990ef62@group-3AD1B7BEFEFB, cid=61, SUCCESS, logIndex=9, commits[fb2f9e5f-3f85-4645-9434-35845990ef62:c10, fc8bae70-5ee2-4690-a891-bdec1ff31df6:c8, cddf3713-3d93-4cc0-9436-6662a42f2930:c6]
2019-07-08 23:57:43,693 INFO  client.GrpcClientProtocolClient (GrpcClientProtocolClient.java:onNext(255)) - client-455C54CB926E->fb2f9e5f-3f85-4645-9434-35845990ef62: receive RaftClientReply:client-455C54CB926E->fb2f9e5f-3f85-4645-9434-35845990ef62@group-3AD1B7BEFEFB, cid=62, SUCCESS, logIndex=10, commits[fb2f9e5f-3f85-4645-9434-35845990ef62:c10, fc8bae70-5ee2-4690-a891-bdec1ff31df6:c8, cddf3713-3d93-4cc0-9436-6662a42f2930:c8]
2019-07-08 23:57:43,699 INFO  client.GrpcClientProtocolClient (GrpcClientProtocolClient.java:onNext(255)) - client-455C54CB926E->fb2f9e5f-3f85-4645-9434-35845990ef62: receive RaftClientReply:client-455C54CB926E->fb2f9e5f-3f85-4645-9434-35845990ef62@group-3AD1B7BEFEFB, cid=63, SUCCESS, logIndex=11, commits[fb2f9e5f-3f85-4645-9434-35845990ef62:c13, fc8bae70-5ee2-4690-a891-bdec1ff31df6:c10, cddf3713-3d93-4cc0-9436-6662a42f2930:c8]
2019-07-08 23:57:43,700 INFO  client.GrpcClientProtocolClient (GrpcClientProtocolClient.java:onNext(255)) - client-455C54CB926E->fb2f9e5f-3f85-4645-9434-35845990ef62: receive RaftClientReply:client-455C54CB926E->fb2f9e5f-3f85-4645-9434-35845990ef62@group-3AD1B7BEFEFB, cid=64, SUCCESS, logIndex=12, commits[fb2f9e5f-3f85-4645-9434-35845990ef62:c14, fc8bae70-5ee2-4690-a891-bdec1ff31df6:c10, cddf3713-3d93-4cc0-9436-6662a42f2930:c10]
2019-07-08 23:57:43,705 INFO  client.GrpcClientProtocolClient (GrpcClientProtocolClient.java:onNext(255)) - client-455C54CB926E->fb2f9e5f-3f85-4645-9434-35845990ef62: receive RaftClientReply:client-455C54CB926E->fb2f9e5f-3f85-4645-9434-35845990ef62@group-3AD1B7BEFEFB, cid=65, SUCCESS, logIndex=0, commits[fb2f9e5f-3f85-4645-9434-35845990ef62:c15, fc8bae70-5ee2-4690-a891-bdec1ff31df6:c12, cddf3713-3d93-4cc0-9436-6662a42f2930:c12]
2019-07-08 23:57:43,791 INFO  client.GrpcClientProtocolClient (GrpcClientProtocolClient.java:onNext(255)) - client-455C54CB926E->fb2f9e5f-3f85-4645-9434-35845990ef62: receive RaftClientReply:client-455C54CB926E->fb2f9e5f-3f85-4645-9434-35845990ef62@group-3AD1B7BEFEFB, cid=66, SUCCESS, logIndex=17, commits[fb2f9e5f-3f85-4645-9434-35845990ef62:c20, fc8bae70-5ee2-4690-a891-bdec1ff31df6:c16, cddf3713-3d93-4cc0-9436-6662a42f2930:c16]
2019-07-08 23:57:43,823 INFO  client.GrpcClientProtocolClient (GrpcClientProtocolClient.java:onNext(255)) - client-455C54CB926E->fb2f9e5f-3f85-4645-9434-35845990ef62: receive RaftClientReply:client-455C54CB926E->fb2f9e5f-3f85-4645-9434-35845990ef62@group-3AD1B7BEFEFB, cid=67, SUCCESS, logIndex=18, commits[fb2f9e5f-3f85-4645-9434-35845990ef62:c24, fc8bae70-5ee2-4690-a891-bdec1ff31df6:c20, cddf3713-3d93-4cc0-9436-6662a42f2930:c20]
2019-07-08 23:57:43,823 INFO  client.GrpcClientProtocolClient (GrpcClientProtocolClient.java:onNext(255)) - client-455C54CB926E->fb2f9e5f-3f85-4645-9434-35845990ef62: receive RaftClientReply:client-455C54CB926E->fb2f9e5f-3f85-4645-9434-35845990ef62@group-3AD1B7BEFEFB, cid=68, SUCCESS, logIndex=19, commits[fb2f9e5f-3f85-4645-9434-35845990ef62:c24, fc8bae70-5ee2-4690-a891-bdec1ff31df6:c20, cddf3713-3d93-4cc0-9436-6662a42f2930:c20]
2019-07-08 23:57:43,882 INFO  client.GrpcClientProtocolClient (GrpcClientProtocolClient.java:onNext(255)) - client-455C54CB926E->fb2f9e5f-3f85-4645-9434-35845990ef62: receive RaftClientReply:client-455C54CB926E->fb2f9e5f-3f85-4645-9434-35845990ef62@group-3AD1B7BEFEFB, cid=69, SUCCESS, logIndex=20, commits[fb2f9e5f-3f85-4645-9434-35845990ef62:c24, fc8bae70-5ee2-4690-a891-bdec1ff31df6:c20, cddf3713-3d93-4cc0-9436-6662a42f2930:c20]
2019-07-08 23:57:43,909 INFO  client.GrpcClientProtocolClient (GrpcClientProtocolClient.java:onNext(255)) - client-455C54CB926E->fb2f9e5f-3f85-4645-9434-35845990ef62: receive RaftClientReply:client-455C54CB926E->fb2f9e5f-3f85-4645-9434-35845990ef62@group-3AD1B7BEFEFB, cid=70, SUCCESS, logIndex=25, commits[fb2f9e5f-3f85-4645-9434-35845990ef62:c26, fc8bae70-5ee2-4690-a891-bdec1ff31df6:c24, cddf3713-3d93-4cc0-9436-6662a42f2930:c20]
2019-07-08 23:57:43,910 INFO  client.GrpcClientProtocolClient (GrpcClientProtocolClient.java:onNext(255)) - client-455C54CB926E->fb2f9e5f-3f85-4645-9434-35845990ef62: receive RaftClientReply:client-455C54CB926E->fb2f9e5f-3f85-4645-9434-35845990ef62@group-3AD1B7BEFEFB, cid=71, SUCCESS, logIndex=26, commits[fb2f9e5f-3f85-4645-9434-35845990ef62:c26, fc8bae70-5ee2-4690-a891-bdec1ff31df6:c24, cddf3713-3d93-4cc0-9436-6662a42f2930:c20]
2019-07-08 23:57:43,911 INFO  client.GrpcClientProtocolClient (GrpcClientProtocolClient.java:onNext(255)) - client-455C54CB926E->fb2f9e5f-3f85-4645-9434-35845990ef62: receive RaftClientReply:client-455C54CB926E->fb2f9e5f-3f85-4645-9434-35845990ef62@group-3AD1B7BEFEFB, cid=72, SUCCESS, logIndex=27, commits[fb2f9e5f-3f85-4645-9434-35845990ef62:c28, fc8bae70-5ee2-4690-a891-bdec1ff31df6:c24, cddf3713-3d93-4cc0-9436-6662a42f2930:c24]
2019-07-08 23:57:43,913 INFO  client.GrpcClientProtocolClient (GrpcClientProtocolClient.java:onNext(255)) - client-455C54CB926E->fb2f9e5f-3f85-4645-9434-35845990ef62: receive RaftClientReply:client-455C54CB926E->fb2f9e5f-3f85-4645-9434-35845990ef62@group-3AD1B7BEFEFB, cid=73, SUCCESS, logIndex=28, commits[fb2f9e5f-3f85-4645-9434-35845990ef62:c28, fc8bae70-5ee2-4690-a891-bdec1ff31df6:c24, cddf3713-3d93-4cc0-9436-6662a42f2930:c24]
2019-07-08 23:57:43,915 INFO  client.GrpcClientProtocolClient (GrpcClientProtocolClient.java:onNext(255)) - client-455C54CB926E->fb2f9e5f-3f85-4645-9434-35845990ef62: receive RaftClientReply:client-455C54CB926E->fb2f9e5f-3f85-4645-9434-35845990ef62@group-3AD1B7BEFEFB, cid=74, SUCCESS, logIndex=0, commits[fb2f9e5f-3f85-4645-9434-35845990ef62:c30, fc8bae70-5ee2-4690-a891-bdec1ff31df6:c26, cddf3713-3d93-4cc0-9436-6662a42f2930:c26]
2019-07-08 23:57:43,918 INFO  client.GrpcClientProtocolClient (GrpcClientProtocolClient.java:onNext(255)) - client-455C54CB926E->fb2f9e5f-3f85-4645-9434-35845990ef62: receive RaftClientReply:client-455C54CB926E->fb2f9e5f-3f85-4645-9434-35845990ef62@group-3AD1B7BEFEFB, cid=75, SUCCESS, logIndex=0, commits[fb2f9e5f-3f85-4645-9434-35845990ef62:c32, fc8bae70-5ee2-4690-a891-bdec1ff31df6:c28, cddf3713-3d93-4cc0-9436-6662a42f2930:c28]
2019-07-08 23:57:44,044 INFO  keyvalue.KeyValueHandler (ContainerUtils.java:logAndReturnError(146)) - Operation: CreateContainer : Trace ID: 514e339bb1337313:3fb825f053bf63bd:2713b847d6e6768b:0 : Message: Container creation failed, due to disk out of space : Result: DISK_OUT_OF_SPACE
2019-07-08 23:57:44,049 INFO  keyvalue.KeyValueHandler (ContainerUtils.java:logAndReturnError(146)) - Operation: CreateContainer : Trace ID: 514e339bb1337313:cd89738bdd918852:2713b847d6e6768b:0 : Message: Container creation failed, due to disk out of space : Result: DISK_OUT_OF_SPACE
2019-07-08 23:57:44,053 INFO  keyvalue.KeyValueHandler (ContainerUtils.java:logAndReturnError(146)) - Operation: CreateContainer : Trace ID: 514e339bb1337313:3fb825f053bf63bd:2713b847d6e6768b:0 : Message: Container creation failed, due to disk out of space : Result: DISK_OUT_OF_SPACE
2019-07-08 23:57:44,056 INFO  keyvalue.KeyValueHandler (ContainerUtils.java:logAndReturnError(146)) - Operation: CreateContainer : Trace ID: 514e339bb1337313:cd89738bdd918852:2713b847d6e6768b:0 : Message: Container creation failed, due to disk out of space : Result: DISK_OUT_OF_SPACE
23:57:44.053 [pool-68-thread-29] ERROR DNAudit - user=null | ip=null | op=WRITE_CHUNK {blockData=conID: 6 locID: 102408536876908553 bcsId: 0} | ret=FAILURE
org.apache.hadoop.hdds.scm.container.common.helpers.StorageContainerException: ContainerID 6 creation failed
	at org.apache.hadoop.ozone.container.common.impl.HddsDispatcher.dispatchRequest(HddsDispatcher.java:227) ~[classes/:?]
	at org.apache.hadoop.ozone.container.common.impl.HddsDispatcher.dispatch(HddsDispatcher.java:148) ~[classes/:?]
	at org.apache.hadoop.ozone.container.common.transport.server.ratis.ContainerStateMachine.dispatchCommand(ContainerStateMachine.java:346) ~[classes/:?]
	at org.apache.hadoop.ozone.container.common.transport.server.ratis.ContainerStateMachine.runCommand(ContainerStateMachine.java:353) ~[classes/:?]
	at org.apache.hadoop.ozone.container.common.transport.server.ratis.ContainerStateMachine.lambda$handleWriteChunk$0(ContainerStateMachine.java:384) ~[classes/:?]
	at java.util.concurrent.CompletableFuture$AsyncSupply.run(CompletableFuture.java:1590) [?:1.8.0_212]
	at java.util.concurrent.ThreadPoolExecutor.runWorker(ThreadPoolExecutor.java:1149) [?:1.8.0_212]
	at java.util.concurrent.ThreadPoolExecutor$Worker.run(ThreadPoolExecutor.java:624) [?:1.8.0_212]
	at java.lang.Thread.run(Thread.java:748) [?:1.8.0_212]
23:57:44.052 [pool-47-thread-28] ERROR DNAudit - user=null | ip=null | op=WRITE_CHUNK {blockData=conID: 6 locID: 102408536876908553 bcsId: 0} | ret=FAILURE
org.apache.hadoop.hdds.scm.container.common.helpers.StorageContainerException: ContainerID 6 creation failed
	at org.apache.hadoop.ozone.container.common.impl.HddsDispatcher.dispatchRequest(HddsDispatcher.java:227) ~[classes/:?]
	at org.apache.hadoop.ozone.container.common.impl.HddsDispatcher.dispatch(HddsDispatcher.java:148) ~[classes/:?]
	at org.apache.hadoop.ozone.container.common.transport.server.ratis.ContainerStateMachine.dispatchCommand(ContainerStateMachine.java:346) ~[classes/:?]
	at org.apache.hadoop.ozone.container.common.transport.server.ratis.ContainerStateMachine.runCommand(ContainerStateMachine.java:353) ~[classes/:?]
	at org.apache.hadoop.ozone.container.common.transport.server.ratis.ContainerStateMachine.lambda$handleWriteChunk$0(ContainerStateMachine.java:384) ~[classes/:?]
	at java.util.concurrent.CompletableFuture$AsyncSupply.run(CompletableFuture.java:1590) [?:1.8.0_212]
	at java.util.concurrent.ThreadPoolExecutor.runWorker(ThreadPoolExecutor.java:1149) [?:1.8.0_212]
	at java.util.concurrent.ThreadPoolExecutor$Worker.run(ThreadPoolExecutor.java:624) [?:1.8.0_212]
	at java.lang.Thread.run(Thread.java:748) [?:1.8.0_212]
23:57:44.057 [pool-68-thread-30] ERROR DNAudit - user=null | ip=null | op=WRITE_CHUNK {blockData=conID: 6 locID: 102408536876908553 bcsId: 0} | ret=FAILURE
org.apache.hadoop.hdds.scm.container.common.helpers.StorageContainerException: ContainerID 6 creation failed
	at org.apache.hadoop.ozone.container.common.impl.HddsDispatcher.dispatchRequest(HddsDispatcher.java:227) ~[classes/:?]
	at org.apache.hadoop.ozone.container.common.impl.HddsDispatcher.dispatch(HddsDispatcher.java:148) ~[classes/:?]
	at org.apache.hadoop.ozone.container.common.transport.server.ratis.ContainerStateMachine.dispatchCommand(ContainerStateMachine.java:346) ~[classes/:?]
	at org.apache.hadoop.ozone.container.common.transport.server.ratis.ContainerStateMachine.runCommand(ContainerStateMachine.java:353) ~[classes/:?]
	at org.apache.hadoop.ozone.container.common.transport.server.ratis.ContainerStateMachine.lambda$handleWriteChunk$0(ContainerStateMachine.java:384) ~[classes/:?]
	at java.util.concurrent.CompletableFuture$AsyncSupply.run(CompletableFuture.java:1590) [?:1.8.0_212]
	at java.util.concurrent.ThreadPoolExecutor.runWorker(ThreadPoolExecutor.java:1149) [?:1.8.0_212]
	at java.util.concurrent.ThreadPoolExecutor$Worker.run(ThreadPoolExecutor.java:624) [?:1.8.0_212]
	at java.lang.Thread.run(Thread.java:748) [?:1.8.0_212]
23:57:44.048 [pool-47-thread-26] ERROR DNAudit - user=null | ip=null | op=WRITE_CHUNK {blockData=conID: 6 locID: 102408536876908553 bcsId: 0} | ret=FAILURE
org.apache.hadoop.hdds.scm.container.common.helpers.StorageContainerException: ContainerID 6 creation failed
	at org.apache.hadoop.ozone.container.common.impl.HddsDispatcher.dispatchRequest(HddsDispatcher.java:227) ~[classes/:?]
	at org.apache.hadoop.ozone.container.common.impl.HddsDispatcher.dispatch(HddsDispatcher.java:148) ~[classes/:?]
	at org.apache.hadoop.ozone.container.common.transport.server.ratis.ContainerStateMachine.dispatchCommand(ContainerStateMachine.java:346) ~[classes/:?]
	at org.apache.hadoop.ozone.container.common.transport.server.ratis.ContainerStateMachine.runCommand(ContainerStateMachine.java:353) ~[classes/:?]
	at org.apache.hadoop.ozone.container.common.transport.server.ratis.ContainerStateMachine.lambda$handleWriteChunk$0(ContainerStateMachine.java:384) ~[classes/:?]
	at java.util.concurrent.CompletableFuture$AsyncSupply.run(CompletableFuture.java:1590) [?:1.8.0_212]
	at java.util.concurrent.ThreadPoolExecutor.runWorker(ThreadPoolExecutor.java:1149) [?:1.8.0_212]
	at java.util.concurrent.ThreadPoolExecutor$Worker.run(ThreadPoolExecutor.java:624) [?:1.8.0_212]
	at java.lang.Thread.run(Thread.java:748) [?:1.8.0_212]
2019-07-08 23:57:44,066 INFO  impl.HddsDispatcher (ContainerUtils.java:logAndReturnError(146)) - Operation: WriteChunk : Trace ID: 514e339bb1337313:3fb825f053bf63bd:2713b847d6e6768b:0 : Message: ContainerID 6 creation failed : Result: DISK_OUT_OF_SPACE
2019-07-08 23:57:44,067 INFO  impl.HddsDispatcher (ContainerUtils.java:logAndReturnError(146)) - Operation: WriteChunk : Trace ID: 514e339bb1337313:3fb825f053bf63bd:2713b847d6e6768b:0 : Message: ContainerID 6 creation failed : Result: DISK_OUT_OF_SPACE
2019-07-08 23:57:44,068 INFO  impl.HddsDispatcher (ContainerUtils.java:logAndReturnError(146)) - Operation: WriteChunk : Trace ID: 514e339bb1337313:cd89738bdd918852:2713b847d6e6768b:0 : Message: ContainerID 6 creation failed : Result: DISK_OUT_OF_SPACE
2019-07-08 23:57:44,068 INFO  impl.HddsDispatcher (ContainerUtils.java:logAndReturnError(146)) - Operation: WriteChunk : Trace ID: 514e339bb1337313:cd89738bdd918852:2713b847d6e6768b:0 : Message: ContainerID 6 creation failed : Result: DISK_OUT_OF_SPACE
23:57:44.074 [pool-54-thread-1] ERROR DNAudit - user=null | ip=null | op=WRITE_CHUNK {blockData=conID: 6 locID: 102408536876908553 bcsId: 0} | ret=FAILURE
org.apache.hadoop.hdds.scm.container.common.helpers.StorageContainerException: ContainerID 6 does not exist
	at org.apache.hadoop.ozone.container.common.impl.HddsDispatcher.dispatchRequest(HddsDispatcher.java:242) ~[classes/:?]
	at org.apache.hadoop.ozone.container.common.impl.HddsDispatcher.dispatch(HddsDispatcher.java:148) ~[classes/:?]
	at org.apache.hadoop.ozone.container.common.transport.server.ratis.ContainerStateMachine.dispatchCommand(ContainerStateMachine.java:346) ~[classes/:?]
	at org.apache.hadoop.ozone.container.common.transport.server.ratis.ContainerStateMachine.runCommand(ContainerStateMachine.java:353) ~[classes/:?]
	at org.apache.hadoop.ozone.container.common.transport.server.ratis.ContainerStateMachine.lambda$applyTransaction$5(ContainerStateMachine.java:620) ~[classes/:?]
	at java.util.concurrent.CompletableFuture$AsyncSupply.run(CompletableFuture.java:1590) [?:1.8.0_212]
	at java.util.concurrent.ThreadPoolExecutor.runWorker(ThreadPoolExecutor.java:1149) [?:1.8.0_212]
	at java.util.concurrent.ThreadPoolExecutor$Worker.run(ThreadPoolExecutor.java:624) [?:1.8.0_212]
	at java.lang.Thread.run(Thread.java:748) [?:1.8.0_212]
2019-07-08 23:57:44,076 INFO  impl.HddsDispatcher (ContainerUtils.java:logAndReturnError(146)) - Operation: WriteChunk : Trace ID: 514e339bb1337313:3fb825f053bf63bd:2713b847d6e6768b:0 : Message: ContainerID 6 does not exist : Result: CONTAINER_NOT_FOUND
23:57:44.076 [pool-54-thread-1] ERROR DNAudit - user=null | ip=null | op=PUT_BLOCK {blockData=[blockId=conID: 6 locID: 102408536876908553 bcsId: 0,size=1048576]} | ret=FAILURE
org.apache.hadoop.hdds.scm.container.common.helpers.StorageContainerException: ContainerID 6 does not exist
	at org.apache.hadoop.ozone.container.common.impl.HddsDispatcher.dispatchRequest(HddsDispatcher.java:242) ~[classes/:?]
	at org.apache.hadoop.ozone.container.common.impl.HddsDispatcher.dispatch(HddsDispatcher.java:148) ~[classes/:?]
	at org.apache.hadoop.ozone.container.common.transport.server.ratis.ContainerStateMachine.dispatchCommand(ContainerStateMachine.java:346) ~[classes/:?]
	at org.apache.hadoop.ozone.container.common.transport.server.ratis.ContainerStateMachine.runCommand(ContainerStateMachine.java:353) ~[classes/:?]
	at org.apache.hadoop.ozone.container.common.transport.server.ratis.ContainerStateMachine.lambda$applyTransaction$5(ContainerStateMachine.java:620) ~[classes/:?]
	at java.util.concurrent.CompletableFuture$AsyncSupply.run(CompletableFuture.java:1590) [?:1.8.0_212]
	at java.util.concurrent.ThreadPoolExecutor.runWorker(ThreadPoolExecutor.java:1149) [?:1.8.0_212]
	at java.util.concurrent.ThreadPoolExecutor$Worker.run(ThreadPoolExecutor.java:624) [?:1.8.0_212]
	at java.lang.Thread.run(Thread.java:748) [?:1.8.0_212]
2019-07-08 23:57:44,077 INFO  impl.HddsDispatcher (ContainerUtils.java:logAndReturnError(146)) - Operation: PutBlock : Trace ID: 514e339bb1337313:765feeab92970cd:2713b847d6e6768b:0 : Message: ContainerID 6 does not exist : Result: CONTAINER_NOT_FOUND
2019-07-08 23:57:44,077 INFO  client.GrpcClientProtocolClient (GrpcClientProtocolClient.java:onNext(255)) - client-455C54CB926E->fb2f9e5f-3f85-4645-9434-35845990ef62: receive RaftClientReply:client-455C54CB926E->fb2f9e5f-3f85-4645-9434-35845990ef62@group-3AD1B7BEFEFB, cid=76, SUCCESS, logIndex=33, commits[fb2f9e5f-3f85-4645-9434-35845990ef62:c36, fc8bae70-5ee2-4690-a891-bdec1ff31df6:c32, cddf3713-3d93-4cc0-9436-6662a42f2930:c28]
23:57:44.077 [pool-54-thread-1] ERROR DNAudit - user=null | ip=null | op=WRITE_CHUNK {blockData=conID: 6 locID: 102408536876908553 bcsId: 0} | ret=FAILURE
org.apache.hadoop.hdds.scm.container.common.helpers.StorageContainerException: ContainerID 6 does not exist
	at org.apache.hadoop.ozone.container.common.impl.HddsDispatcher.dispatchRequest(HddsDispatcher.java:242) ~[classes/:?]
	at org.apache.hadoop.ozone.container.common.impl.HddsDispatcher.dispatch(HddsDispatcher.java:148) ~[classes/:?]
	at org.apache.hadoop.ozone.container.common.transport.server.ratis.ContainerStateMachine.dispatchCommand(ContainerStateMachine.java:346) ~[classes/:?]
	at org.apache.hadoop.ozone.container.common.transport.server.ratis.ContainerStateMachine.runCommand(ContainerStateMachine.java:353) ~[classes/:?]
	at org.apache.hadoop.ozone.container.common.transport.server.ratis.ContainerStateMachine.lambda$applyTransaction$5(ContainerStateMachine.java:620) ~[classes/:?]
	at java.util.concurrent.CompletableFuture$AsyncSupply.run(CompletableFuture.java:1590) [?:1.8.0_212]
	at java.util.concurrent.ThreadPoolExecutor.runWorker(ThreadPoolExecutor.java:1149) [?:1.8.0_212]
	at java.util.concurrent.ThreadPoolExecutor$Worker.run(ThreadPoolExecutor.java:624) [?:1.8.0_212]
	at java.lang.Thread.run(Thread.java:748) [?:1.8.0_212]
2019-07-08 23:57:44,078 INFO  impl.HddsDispatcher (ContainerUtils.java:logAndReturnError(146)) - Operation: WriteChunk : Trace ID: 514e339bb1337313:cd89738bdd918852:2713b847d6e6768b:0 : Message: ContainerID 6 does not exist : Result: CONTAINER_NOT_FOUND
2019-07-08 23:57:44,078 INFO  client.GrpcClientProtocolClient (GrpcClientProtocolClient.java:onNext(255)) - client-455C54CB926E->fb2f9e5f-3f85-4645-9434-35845990ef62: receive RaftClientReply:client-455C54CB926E->fb2f9e5f-3f85-4645-9434-35845990ef62@group-3AD1B7BEFEFB, cid=77, SUCCESS, logIndex=34, commits[fb2f9e5f-3f85-4645-9434-35845990ef62:c36, fc8bae70-5ee2-4690-a891-bdec1ff31df6:c32, cddf3713-3d93-4cc0-9436-6662a42f2930:c28]
23:57:44.078 [pool-75-thread-1] ERROR DNAudit - user=null | ip=null | op=WRITE_CHUNK {blockData=conID: 6 locID: 102408536876908553 bcsId: 0} | ret=FAILURE
org.apache.hadoop.hdds.scm.container.common.helpers.StorageContainerException: ContainerID 6 does not exist
	at org.apache.hadoop.ozone.container.common.impl.HddsDispatcher.dispatchRequest(HddsDispatcher.java:242) ~[classes/:?]
	at org.apache.hadoop.ozone.container.common.impl.HddsDispatcher.dispatch(HddsDispatcher.java:148) ~[classes/:?]
	at org.apache.hadoop.ozone.container.common.transport.server.ratis.ContainerStateMachine.dispatchCommand(ContainerStateMachine.java:346) ~[classes/:?]
	at org.apache.hadoop.ozone.container.common.transport.server.ratis.ContainerStateMachine.runCommand(ContainerStateMachine.java:353) ~[classes/:?]
	at org.apache.hadoop.ozone.container.common.transport.server.ratis.ContainerStateMachine.lambda$applyTransaction$5(ContainerStateMachine.java:620) ~[classes/:?]
	at java.util.concurrent.CompletableFuture$AsyncSupply.run(CompletableFuture.java:1590) [?:1.8.0_212]
	at java.util.concurrent.ThreadPoolExecutor.runWorker(ThreadPoolExecutor.java:1149) [?:1.8.0_212]
	at java.util.concurrent.ThreadPoolExecutor$Worker.run(ThreadPoolExecutor.java:624) [?:1.8.0_212]
	at java.lang.Thread.run(Thread.java:748) [?:1.8.0_212]
2019-07-08 23:57:44,078 INFO  impl.HddsDispatcher (ContainerUtils.java:logAndReturnError(146)) - Operation: WriteChunk : Trace ID: 514e339bb1337313:3fb825f053bf63bd:2713b847d6e6768b:0 : Message: ContainerID 6 does not exist : Result: CONTAINER_NOT_FOUND
23:57:44.079 [pool-54-thread-1] ERROR DNAudit - user=null | ip=null | op=PUT_BLOCK {blockData=[blockId=conID: 6 locID: 102408536876908553 bcsId: 0,size=2097152]} | ret=FAILURE
org.apache.hadoop.hdds.scm.container.common.helpers.StorageContainerException: ContainerID 6 does not exist
	at org.apache.hadoop.ozone.container.common.impl.HddsDispatcher.dispatchRequest(HddsDispatcher.java:242) ~[classes/:?]
	at org.apache.hadoop.ozone.container.common.impl.HddsDispatcher.dispatch(HddsDispatcher.java:148) ~[classes/:?]
	at org.apache.hadoop.ozone.container.common.transport.server.ratis.ContainerStateMachine.dispatchCommand(ContainerStateMachine.java:346) ~[classes/:?]
	at org.apache.hadoop.ozone.container.common.transport.server.ratis.ContainerStateMachine.runCommand(ContainerStateMachine.java:353) ~[classes/:?]
	at org.apache.hadoop.ozone.container.common.transport.server.ratis.ContainerStateMachine.lambda$applyTransaction$5(ContainerStateMachine.java:620) ~[classes/:?]
	at java.util.concurrent.CompletableFuture$AsyncSupply.run(CompletableFuture.java:1590) [?:1.8.0_212]
	at java.util.concurrent.ThreadPoolExecutor.runWorker(ThreadPoolExecutor.java:1149) [?:1.8.0_212]
	at java.util.concurrent.ThreadPoolExecutor$Worker.run(ThreadPoolExecutor.java:624) [?:1.8.0_212]
	at java.lang.Thread.run(Thread.java:748) [?:1.8.0_212]
2019-07-08 23:57:44,079 INFO  impl.HddsDispatcher (ContainerUtils.java:logAndReturnError(146)) - Operation: PutBlock : Trace ID: 514e339bb1337313:3e1e1424531885bb:2713b847d6e6768b:0 : Message: ContainerID 6 does not exist : Result: CONTAINER_NOT_FOUND
23:57:44.079 [pool-75-thread-1] ERROR DNAudit - user=null | ip=null | op=PUT_BLOCK {blockData=[blockId=conID: 6 locID: 102408536876908553 bcsId: 0,size=1048576]} | ret=FAILURE
org.apache.hadoop.hdds.scm.container.common.helpers.StorageContainerException: ContainerID 6 does not exist
	at org.apache.hadoop.ozone.container.common.impl.HddsDispatcher.dispatchRequest(HddsDispatcher.java:242) ~[classes/:?]
	at org.apache.hadoop.ozone.container.common.impl.HddsDispatcher.dispatch(HddsDispatcher.java:148) ~[classes/:?]
	at org.apache.hadoop.ozone.container.common.transport.server.ratis.ContainerStateMachine.dispatchCommand(ContainerStateMachine.java:346) ~[classes/:?]
	at org.apache.hadoop.ozone.container.common.transport.server.ratis.ContainerStateMachine.runCommand(ContainerStateMachine.java:353) ~[classes/:?]
	at org.apache.hadoop.ozone.container.common.transport.server.ratis.ContainerStateMachine.lambda$applyTransaction$5(ContainerStateMachine.java:620) ~[classes/:?]
	at java.util.concurrent.CompletableFuture$AsyncSupply.run(CompletableFuture.java:1590) [?:1.8.0_212]
	at java.util.concurrent.ThreadPoolExecutor.runWorker(ThreadPoolExecutor.java:1149) [?:1.8.0_212]
	at java.util.concurrent.ThreadPoolExecutor$Worker.run(ThreadPoolExecutor.java:624) [?:1.8.0_212]
	at java.lang.Thread.run(Thread.java:748) [?:1.8.0_212]
2019-07-08 23:57:44,079 ERROR storage.BlockOutputStream (BlockOutputStream.java:validateResponse(538)) - Unexpected Storage Container Exception: 
org.apache.hadoop.hdds.scm.container.common.helpers.StorageContainerException: ContainerID 6 does not exist
	at org.apache.hadoop.hdds.scm.storage.ContainerProtocolCalls.validateContainerResponse(ContainerProtocolCalls.java:536)
	at org.apache.hadoop.hdds.scm.storage.BlockOutputStream.validateResponse(BlockOutputStream.java:536)
	at org.apache.hadoop.hdds.scm.storage.BlockOutputStream.lambda$writeChunkToContainer$2(BlockOutputStream.java:614)
	at java.util.concurrent.CompletableFuture.uniApply(CompletableFuture.java:602)
	at java.util.concurrent.CompletableFuture$UniApply.tryFire(CompletableFuture.java:577)
	at java.util.concurrent.CompletableFuture$Completion.run(CompletableFuture.java:442)
	at java.util.concurrent.ThreadPoolExecutor.runWorker(ThreadPoolExecutor.java:1149)
	at java.util.concurrent.ThreadPoolExecutor$Worker.run(ThreadPoolExecutor.java:624)
	at java.lang.Thread.run(Thread.java:748)
2019-07-08 23:57:44,080 INFO  impl.HddsDispatcher (ContainerUtils.java:logAndReturnError(146)) - Operation: PutBlock : Trace ID: 514e339bb1337313:765feeab92970cd:2713b847d6e6768b:0 : Message: ContainerID 6 does not exist : Result: CONTAINER_NOT_FOUND
2019-07-08 23:57:44,079 INFO  client.GrpcClientProtocolClient (GrpcClientProtocolClient.java:onNext(255)) - client-455C54CB926E->fb2f9e5f-3f85-4645-9434-35845990ef62: receive RaftClientReply:client-455C54CB926E->fb2f9e5f-3f85-4645-9434-35845990ef62@group-3AD1B7BEFEFB, cid=78, SUCCESS, logIndex=35, commits[fb2f9e5f-3f85-4645-9434-35845990ef62:c37, fc8bae70-5ee2-4690-a891-bdec1ff31df6:c33, cddf3713-3d93-4cc0-9436-6662a42f2930:c28]
2019-07-08 23:57:44,082 INFO  client.GrpcClientProtocolClient (GrpcClientProtocolClient.java:onNext(255)) - client-455C54CB926E->fb2f9e5f-3f85-4645-9434-35845990ef62: receive RaftClientReply:client-455C54CB926E->fb2f9e5f-3f85-4645-9434-35845990ef62@group-3AD1B7BEFEFB, cid=79, SUCCESS, logIndex=36, commits[fb2f9e5f-3f85-4645-9434-35845990ef62:c37, fc8bae70-5ee2-4690-a891-bdec1ff31df6:c35, cddf3713-3d93-4cc0-9436-6662a42f2930:c28]
23:57:44.082 [pool-75-thread-1] ERROR DNAudit - user=null | ip=null | op=WRITE_CHUNK {blockData=conID: 6 locID: 102408536876908553 bcsId: 0} | ret=FAILURE
org.apache.hadoop.hdds.scm.container.common.helpers.StorageContainerException: ContainerID 6 does not exist
	at org.apache.hadoop.ozone.container.common.impl.HddsDispatcher.dispatchRequest(HddsDispatcher.java:242) ~[classes/:?]
	at org.apache.hadoop.ozone.container.common.impl.HddsDispatcher.dispatch(HddsDispatcher.java:148) ~[classes/:?]
	at org.apache.hadoop.ozone.container.common.transport.server.ratis.ContainerStateMachine.dispatchCommand(ContainerStateMachine.java:346) ~[classes/:?]
	at org.apache.hadoop.ozone.container.common.transport.server.ratis.ContainerStateMachine.runCommand(ContainerStateMachine.java:353) ~[classes/:?]
	at org.apache.hadoop.ozone.container.common.transport.server.ratis.ContainerStateMachine.lambda$applyTransaction$5(ContainerStateMachine.java:620) ~[classes/:?]
	at java.util.concurrent.CompletableFuture$AsyncSupply.run(CompletableFuture.java:1590) [?:1.8.0_212]
	at java.util.concurrent.ThreadPoolExecutor.runWorker(ThreadPoolExecutor.java:1149) [?:1.8.0_212]
	at java.util.concurrent.ThreadPoolExecutor$Worker.run(ThreadPoolExecutor.java:624) [?:1.8.0_212]
	at java.lang.Thread.run(Thread.java:748) [?:1.8.0_212]
2019-07-08 23:57:44,084 INFO  impl.HddsDispatcher (ContainerUtils.java:logAndReturnError(146)) - Operation: WriteChunk : Trace ID: 514e339bb1337313:cd89738bdd918852:2713b847d6e6768b:0 : Message: ContainerID 6 does not exist : Result: CONTAINER_NOT_FOUND
2019-07-08 23:57:44,086 ERROR freon.RandomKeyGenerator (RandomKeyGenerator.java:run(718)) - Exception while adding key: key-0-45188 in bucket: bucket-0-25070 of volume: vol-0-20707.
java.io.IOException: Unexpected Storage Container Exception: org.apache.hadoop.hdds.scm.container.common.helpers.StorageContainerException: ContainerID 6 does not exist
	at org.apache.hadoop.hdds.scm.storage.BlockOutputStream.setIoException(BlockOutputStream.java:548)
	at org.apache.hadoop.hdds.scm.storage.BlockOutputStream.validateResponse(BlockOutputStream.java:539)
	at org.apache.hadoop.hdds.scm.storage.BlockOutputStream.lambda$writeChunkToContainer$2(BlockOutputStream.java:614)
	at java.util.concurrent.CompletableFuture.uniApply(CompletableFuture.java:602)
	at java.util.concurrent.CompletableFuture$UniApply.tryFire(CompletableFuture.java:577)
	at java.util.concurrent.CompletableFuture$Completion.run(CompletableFuture.java:442)
	at java.util.concurrent.ThreadPoolExecutor.runWorker(ThreadPoolExecutor.java:1149)
	at java.util.concurrent.ThreadPoolExecutor$Worker.run(ThreadPoolExecutor.java:624)
	at java.lang.Thread.run(Thread.java:748)
Caused by: org.apache.hadoop.hdds.scm.container.common.helpers.StorageContainerException: ContainerID 6 does not exist
	at org.apache.hadoop.hdds.scm.storage.ContainerProtocolCalls.validateContainerResponse(ContainerProtocolCalls.java:536)
	at org.apache.hadoop.hdds.scm.storage.BlockOutputStream.validateResponse(BlockOutputStream.java:536)
	... 7 more
23:57:44.087 [pool-75-thread-1] ERROR DNAudit - user=null | ip=null | op=PUT_BLOCK {blockData=[blockId=conID: 6 locID: 102408536876908553 bcsId: 0,size=2097152]} | ret=FAILURE
org.apache.hadoop.hdds.scm.container.common.helpers.StorageContainerException: ContainerID 6 does not exist
	at org.apache.hadoop.ozone.container.common.impl.HddsDispatcher.dispatchRequest(HddsDispatcher.java:242) ~[classes/:?]
	at org.apache.hadoop.ozone.container.common.impl.HddsDispatcher.dispatch(HddsDispatcher.java:148) ~[classes/:?]
	at org.apache.hadoop.ozone.container.common.transport.server.ratis.ContainerStateMachine.dispatchCommand(ContainerStateMachine.java:346) ~[classes/:?]
	at org.apache.hadoop.ozone.container.common.transport.server.ratis.ContainerStateMachine.runCommand(ContainerStateMachine.java:353) ~[classes/:?]
	at org.apache.hadoop.ozone.container.common.transport.server.ratis.ContainerStateMachine.lambda$applyTransaction$5(ContainerStateMachine.java:620) ~[classes/:?]
	at java.util.concurrent.CompletableFuture$AsyncSupply.run(CompletableFuture.java:1590) [?:1.8.0_212]
	at java.util.concurrent.ThreadPoolExecutor.runWorker(ThreadPoolExecutor.java:1149) [?:1.8.0_212]
	at java.util.concurrent.ThreadPoolExecutor$Worker.run(ThreadPoolExecutor.java:624) [?:1.8.0_212]
	at java.lang.Thread.run(Thread.java:748) [?:1.8.0_212]
2019-07-08 23:57:44,088 INFO  impl.HddsDispatcher (ContainerUtils.java:logAndReturnError(146)) - Operation: PutBlock : Trace ID: 514e339bb1337313:3e1e1424531885bb:2713b847d6e6768b:0 : Message: ContainerID 6 does not exist : Result: CONTAINER_NOT_FOUND
 0.00% |█                                                                                                    |  0/1 Time: 0:00:02 0.00% |█                                                                                                    |  0/1 Time: 0:00:03 0.00% |█                                                                                                    |  0/1 Time: 0:00:04 100.00% |█████████████████████████████████████████████████████████████████████████████████████████████████████|  1/1 Time: 0:00:05
]]></system-out>
    <system-err><![CDATA[ERROR StatusLogger No Log4j 2 configuration file found. Using default configuration (logging only errors to the console), or user programmatically provided configurations. Set system property 'log4j2.debug' to show Log4j 2 internal initialization logging. See https://logging.apache.org/log4j/2.x/manual/configuration.html for instructions on how to configure Log4j 2
Jul 08, 2019 11:57:26 PM com.sun.jersey.server.impl.application.WebApplicationImpl _initiate
INFO: Initiating Jersey application, version 'Jersey: 1.19 02/11/2015 03:25 AM'
Jul 08, 2019 11:57:27 PM com.sun.jersey.server.impl.application.WebApplicationImpl _initiate
INFO: Initiating Jersey application, version 'Jersey: 1.19 02/11/2015 03:25 AM'
Jul 08, 2019 11:57:28 PM com.sun.jersey.server.impl.application.WebApplicationImpl _initiate
INFO: Initiating Jersey application, version 'Jersey: 1.19 02/11/2015 03:25 AM'
]]></system-err>
  </testcase>
</testsuite>