<?xml version="1.0" encoding="UTF-8"?>
<testsuite xmlns:xsi="http://www.w3.org/2001/XMLSchema-instance" xsi:noNamespaceSchemaLocation="https://maven.apache.org/surefire/maven-surefire-plugin/xsd/surefire-test-report.xsd" name="org.apache.hadoop.ozone.freon.TestRandomKeyGenerator" time="130.494" tests="6" errors="1" skipped="0" failures="0">
  <properties>
    <property name="awt.toolkit" value="sun.awt.X11.XToolkit"/>
    <property name="file.encoding.pkg" value="sun.io"/>
    <property name="java.specification.version" value="1.8"/>
    <property name="sun.cpu.isalist" value=""/>
    <property name="sun.jnu.encoding" value="UTF-8"/>
    <property name="java.class.path" value="/workdir/hadoop-ozone/tools/target/test-classes:/workdir/hadoop-ozone/tools/target/classes:/home/user/.m2/repository/org/apache/hadoop/hadoop-ozone-ozone-manager/0.5.0-SNAPSHOT/hadoop-ozone-ozone-manager-0.5.0-SNAPSHOT.jar:/home/user/.m2/repository/org/apache/hadoop/hadoop-hdds-docs/0.5.0-SNAPSHOT/hadoop-hdds-docs-0.5.0-SNAPSHOT.jar:/home/user/.m2/repository/org/bouncycastle/bcprov-jdk15on/1.60/bcprov-jdk15on-1.60.jar:/home/user/.m2/repository/org/apache/hadoop/hadoop-ozone-common/0.5.0-SNAPSHOT/hadoop-ozone-common-0.5.0-SNAPSHOT.jar:/home/user/.m2/repository/org/apache/commons/commons-compress/1.4.1/commons-compress-1.4.1.jar:/home/user/.m2/repository/org/tukaani/xz/1.0/xz-1.0.jar:/home/user/.m2/repository/org/apache/hadoop/hadoop-hdfs-client/3.2.0/hadoop-hdfs-client-3.2.0.jar:/home/user/.m2/repository/com/fasterxml/jackson/core/jackson-annotations/2.9.5/jackson-annotations-2.9.5.jar:/home/user/.m2/repository/org/apache/hadoop/hadoop-hdds-common/0.5.0-SNAPSHOT/hadoop-hdds-common-0.5.0-SNAPSHOT.jar:/home/user/.m2/repository/org/apache/hadoop/hadoop-hdds-config/0.5.0-SNAPSHOT/hadoop-hdds-config-0.5.0-SNAPSHOT.jar:/home/user/.m2/repository/javax/annotation/javax.annotation-api/1.2/javax.annotation-api-1.2.jar:/home/user/.m2/repository/org/apache/ratis/ratis-server/0.4.0-78e95b9-SNAPSHOT/ratis-server-0.4.0-78e95b9-SNAPSHOT.jar:/home/user/.m2/repository/org/apache/ratis/ratis-thirdparty-misc/0.2.0/ratis-thirdparty-misc-0.2.0.jar:/home/user/.m2/repository/org/apache/ratis/ratis-proto/0.4.0-78e95b9-SNAPSHOT/ratis-proto-0.4.0-78e95b9-SNAPSHOT.jar:/home/user/.m2/repository/org/apache/ratis/ratis-common/0.4.0-78e95b9-SNAPSHOT/ratis-common-0.4.0-78e95b9-SNAPSHOT.jar:/home/user/.m2/repository/org/apache/ratis/ratis-client/0.4.0-78e95b9-SNAPSHOT/ratis-client-0.4.0-78e95b9-SNAPSHOT.jar:/home/user/.m2/repository/org/apache/ratis/ratis-metrics/0.4.0-78e95b9-SNAPSHOT/ratis-metrics-0.4.0-78e95b9-SNAPSHOT.jar:/home/user/.m2/repository/com/github/joshelser/dropwizard-metrics-hadoop-metrics2-reporter/0.1.2/dropwizard-metrics-hadoop-metrics2-reporter-0.1.2.jar:/home/user/.m2/repository/io/dropwizard/metrics/metrics-jvm/3.2.5/metrics-jvm-3.2.5.jar:/home/user/.m2/repository/io/dropwizard/metrics/metrics-ganglia/3.2.5/metrics-ganglia-3.2.5.jar:/home/user/.m2/repository/info/ganglia/gmetric4j/gmetric4j/1.0.7/gmetric4j-1.0.7.jar:/home/user/.m2/repository/org/apache/ratis/ratis-netty/0.4.0-78e95b9-SNAPSHOT/ratis-netty-0.4.0-78e95b9-SNAPSHOT.jar:/home/user/.m2/repository/org/apache/ratis/ratis-grpc/0.4.0-78e95b9-SNAPSHOT/ratis-grpc-0.4.0-78e95b9-SNAPSHOT.jar:/home/user/.m2/repository/org/rocksdb/rocksdbjni/6.0.1/rocksdbjni-6.0.1.jar:/home/user/.m2/repository/org/apache/logging/log4j/log4j-api/2.11.0/log4j-api-2.11.0.jar:/home/user/.m2/repository/org/apache/logging/log4j/log4j-core/2.11.0/log4j-core-2.11.0.jar:/home/user/.m2/repository/com/lmax/disruptor/3.4.2/disruptor-3.4.2.jar:/home/user/.m2/repository/org/apache/commons/commons-pool2/2.6.0/commons-pool2-2.6.0.jar:/home/user/.m2/repository/org/bouncycastle/bcpkix-jdk15on/1.60/bcpkix-jdk15on-1.60.jar:/home/user/.m2/repository/commons-validator/commons-validator/1.6/commons-validator-1.6.jar:/home/user/.m2/repository/commons-digester/commons-digester/1.8.1/commons-digester-1.8.1.jar:/home/user/.m2/repository/io/jaegertracing/jaeger-client/0.33.1/jaeger-client-0.33.1.jar:/home/user/.m2/repository/io/jaegertracing/jaeger-thrift/0.33.1/jaeger-thrift-0.33.1.jar:/home/user/.m2/repository/org/apache/thrift/libthrift/0.11.0/libthrift-0.11.0.jar:/home/user/.m2/repository/com/squareup/okhttp3/okhttp/3.9.0/okhttp-3.9.0.jar:/home/user/.m2/repository/com/squareup/okio/okio/1.13.0/okio-1.13.0.jar:/home/user/.m2/repository/io/jaegertracing/jaeger-core/0.33.1/jaeger-core-0.33.1.jar:/home/user/.m2/repository/io/jaegertracing/jaeger-tracerresolver/0.33.1/jaeger-tracerresolver-0.33.1.jar:/home/user/.m2/repository/io/opentracing/contrib/opentracing-tracerresolver/0.1.5/opentracing-tracerresolver-0.1.5.jar:/home/user/.m2/repository/io/opentracing/opentracing-util/0.31.0/opentracing-util-0.31.0.jar:/home/user/.m2/repository/io/opentracing/opentracing-api/0.31.0/opentracing-api-0.31.0.jar:/home/user/.m2/repository/io/opentracing/opentracing-noop/0.31.0/opentracing-noop-0.31.0.jar:/home/user/.m2/repository/org/yaml/snakeyaml/1.16/snakeyaml-1.16.jar:/home/user/.m2/repository/org/apache/hadoop/hadoop-hdds-container-service/0.5.0-SNAPSHOT/hadoop-hdds-container-service-0.5.0-SNAPSHOT.jar:/home/user/.m2/repository/org/apache/hadoop/hadoop-hdds-client/0.5.0-SNAPSHOT/hadoop-hdds-client-0.5.0-SNAPSHOT.jar:/home/user/.m2/repository/org/apache/hadoop/hadoop-hdds-tools/0.5.0-SNAPSHOT/hadoop-hdds-tools-0.5.0-SNAPSHOT.jar:/home/user/.m2/repository/org/xerial/sqlite-jdbc/3.25.2/sqlite-jdbc-3.25.2.jar:/home/user/.m2/repository/org/apache/hadoop/hadoop-hdds-server-scm/0.5.0-SNAPSHOT/hadoop-hdds-server-scm-0.5.0-SNAPSHOT.jar:/home/user/.m2/repository/org/hamcrest/hamcrest-all/1.3/hamcrest-all-1.3.jar:/home/user/.m2/repository/info/picocli/picocli/3.9.6/picocli-3.9.6.jar:/home/user/.m2/repository/com/google/protobuf/protobuf-java/2.5.0/protobuf-java-2.5.0.jar:/home/user/.m2/repository/com/google/guava/guava/11.0.2/guava-11.0.2.jar:/home/user/.m2/repository/org/apache/hadoop/hadoop-ozone-client/0.5.0-SNAPSHOT/hadoop-ozone-client-0.5.0-SNAPSHOT.jar:/workdir/hadoop-ozone/ozonefs/target/classes:/home/user/.m2/repository/org/apache/hadoop/hadoop-hdds-server-framework/0.5.0-SNAPSHOT/hadoop-hdds-server-framework-0.5.0-SNAPSHOT.jar:/home/user/.m2/repository/org/apache/hadoop/hadoop-common/3.2.0/hadoop-common-3.2.0.jar:/home/user/.m2/repository/org/apache/hadoop/hadoop-annotations/3.2.0/hadoop-annotations-3.2.0.jar:/usr/lib/jvm/java-1.8-openjdk/jre/../lib/tools.jar:/home/user/.m2/repository/commons-cli/commons-cli/1.2/commons-cli-1.2.jar:/home/user/.m2/repository/org/apache/commons/commons-math3/3.1.1/commons-math3-3.1.1.jar:/home/user/.m2/repository/org/apache/httpcomponents/httpclient/4.5.2/httpclient-4.5.2.jar:/home/user/.m2/repository/org/apache/httpcomponents/httpcore/4.4.4/httpcore-4.4.4.jar:/home/user/.m2/repository/commons-codec/commons-codec/1.11/commons-codec-1.11.jar:/home/user/.m2/repository/commons-io/commons-io/2.5/commons-io-2.5.jar:/home/user/.m2/repository/commons-net/commons-net/3.6/commons-net-3.6.jar:/home/user/.m2/repository/commons-collections/commons-collections/3.2.2/commons-collections-3.2.2.jar:/home/user/.m2/repository/javax/servlet/javax.servlet-api/3.1.0/javax.servlet-api-3.1.0.jar:/home/user/.m2/repository/org/eclipse/jetty/jetty-server/9.3.24.v20180605/jetty-server-9.3.24.v20180605.jar:/home/user/.m2/repository/org/eclipse/jetty/jetty-http/9.3.24.v20180605/jetty-http-9.3.24.v20180605.jar:/home/user/.m2/repository/org/eclipse/jetty/jetty-io/9.3.24.v20180605/jetty-io-9.3.24.v20180605.jar:/home/user/.m2/repository/org/eclipse/jetty/jetty-util/9.3.24.v20180605/jetty-util-9.3.24.v20180605.jar:/home/user/.m2/repository/org/eclipse/jetty/jetty-servlet/9.3.24.v20180605/jetty-servlet-9.3.24.v20180605.jar:/home/user/.m2/repository/org/eclipse/jetty/jetty-security/9.3.24.v20180605/jetty-security-9.3.24.v20180605.jar:/home/user/.m2/repository/org/eclipse/jetty/jetty-webapp/9.3.24.v20180605/jetty-webapp-9.3.24.v20180605.jar:/home/user/.m2/repository/org/eclipse/jetty/jetty-xml/9.3.24.v20180605/jetty-xml-9.3.24.v20180605.jar:/home/user/.m2/repository/javax/servlet/jsp/jsp-api/2.1/jsp-api-2.1.jar:/home/user/.m2/repository/com/sun/jersey/jersey-core/1.19/jersey-core-1.19.jar:/home/user/.m2/repository/javax/ws/rs/jsr311-api/1.1.1/jsr311-api-1.1.1.jar:/home/user/.m2/repository/com/sun/jersey/jersey-servlet/1.19/jersey-servlet-1.19.jar:/home/user/.m2/repository/com/sun/jersey/jersey-json/1.19/jersey-json-1.19.jar:/home/user/.m2/repository/org/codehaus/jettison/jettison/1.1/jettison-1.1.jar:/home/user/.m2/repository/com/sun/xml/bind/jaxb-impl/2.3.0.1/jaxb-impl-2.3.0.1.jar:/home/user/.m2/repository/org/codehaus/jackson/jackson-core-asl/1.9.13/jackson-core-asl-1.9.13.jar:/home/user/.m2/repository/org/codehaus/jackson/jackson-mapper-asl/1.9.13/jackson-mapper-asl-1.9.13.jar:/home/user/.m2/repository/org/codehaus/jackson/jackson-jaxrs/1.9.13/jackson-jaxrs-1.9.13.jar:/home/user/.m2/repository/org/codehaus/jackson/jackson-xc/1.9.13/jackson-xc-1.9.13.jar:/home/user/.m2/repository/com/sun/jersey/jersey-server/1.19/jersey-server-1.19.jar:/home/user/.m2/repository/commons-logging/commons-logging/1.1.3/commons-logging-1.1.3.jar:/home/user/.m2/repository/log4j/log4j/1.2.17/log4j-1.2.17.jar:/home/user/.m2/repository/commons-beanutils/commons-beanutils/1.9.3/commons-beanutils-1.9.3.jar:/home/user/.m2/repository/org/apache/commons/commons-configuration2/2.1.1/commons-configuration2-2.1.1.jar:/home/user/.m2/repository/org/apache/commons/commons-lang3/3.7/commons-lang3-3.7.jar:/home/user/.m2/repository/org/apache/commons/commons-text/1.4/commons-text-1.4.jar:/home/user/.m2/repository/org/slf4j/slf4j-api/1.7.25/slf4j-api-1.7.25.jar:/home/user/.m2/repository/org/slf4j/slf4j-log4j12/1.7.25/slf4j-log4j12-1.7.25.jar:/home/user/.m2/repository/org/apache/avro/avro/1.7.7/avro-1.7.7.jar:/home/user/.m2/repository/com/thoughtworks/paranamer/paranamer/2.3/paranamer-2.3.jar:/home/user/.m2/repository/org/xerial/snappy/snappy-java/1.0.5/snappy-java-1.0.5.jar:/home/user/.m2/repository/com/google/re2j/re2j/1.1/re2j-1.1.jar:/home/user/.m2/repository/com/google/code/gson/gson/2.2.4/gson-2.2.4.jar:/home/user/.m2/repository/org/apache/hadoop/hadoop-auth/3.2.0/hadoop-auth-3.2.0.jar:/home/user/.m2/repository/com/nimbusds/nimbus-jose-jwt/4.41.1/nimbus-jose-jwt-4.41.1.jar:/home/user/.m2/repository/com/github/stephenc/jcip/jcip-annotations/1.0-1/jcip-annotations-1.0-1.jar:/home/user/.m2/repository/net/minidev/json-smart/2.3/json-smart-2.3.jar:/home/user/.m2/repository/net/minidev/accessors-smart/1.2/accessors-smart-1.2.jar:/home/user/.m2/repository/org/apache/curator/curator-framework/2.12.0/curator-framework-2.12.0.jar:/home/user/.m2/repository/com/jcraft/jsch/0.1.54/jsch-0.1.54.jar:/home/user/.m2/repository/org/apache/curator/curator-client/2.12.0/curator-client-2.12.0.jar:/home/user/.m2/repository/org/apache/curator/curator-recipes/2.12.0/curator-recipes-2.12.0.jar:/home/user/.m2/repository/com/google/code/findbugs/jsr305/3.0.0/jsr305-3.0.0.jar:/home/user/.m2/repository/org/apache/htrace/htrace-core4/4.1.0-incubating/htrace-core4-4.1.0-incubating.jar:/home/user/.m2/repository/org/apache/zookeeper/zookeeper/3.4.13/zookeeper-3.4.13.jar:/home/user/.m2/repository/org/apache/yetus/audience-annotations/0.5.0/audience-annotations-0.5.0.jar:/home/user/.m2/repository/org/apache/kerby/kerb-simplekdc/1.0.1/kerb-simplekdc-1.0.1.jar:/home/user/.m2/repository/org/apache/kerby/kerb-client/1.0.1/kerb-client-1.0.1.jar:/home/user/.m2/repository/org/apache/kerby/kerby-config/1.0.1/kerby-config-1.0.1.jar:/home/user/.m2/repository/org/apache/kerby/kerb-core/1.0.1/kerb-core-1.0.1.jar:/home/user/.m2/repository/org/apache/kerby/kerby-pkix/1.0.1/kerby-pkix-1.0.1.jar:/home/user/.m2/repository/org/apache/kerby/kerby-asn1/1.0.1/kerby-asn1-1.0.1.jar:/home/user/.m2/repository/org/apache/kerby/kerby-util/1.0.1/kerby-util-1.0.1.jar:/home/user/.m2/repository/org/apache/kerby/kerb-common/1.0.1/kerb-common-1.0.1.jar:/home/user/.m2/repository/org/apache/kerby/kerb-crypto/1.0.1/kerb-crypto-1.0.1.jar:/home/user/.m2/repository/org/apache/kerby/kerb-util/1.0.1/kerb-util-1.0.1.jar:/home/user/.m2/repository/org/apache/kerby/token-provider/1.0.1/token-provider-1.0.1.jar:/home/user/.m2/repository/org/apache/kerby/kerb-admin/1.0.1/kerb-admin-1.0.1.jar:/home/user/.m2/repository/org/apache/kerby/kerb-server/1.0.1/kerb-server-1.0.1.jar:/home/user/.m2/repository/org/apache/kerby/kerb-identity/1.0.1/kerb-identity-1.0.1.jar:/home/user/.m2/repository/org/apache/kerby/kerby-xdr/1.0.1/kerby-xdr-1.0.1.jar:/home/user/.m2/repository/com/fasterxml/jackson/core/jackson-databind/2.9.5/jackson-databind-2.9.5.jar:/home/user/.m2/repository/com/fasterxml/jackson/core/jackson-core/2.9.5/jackson-core-2.9.5.jar:/home/user/.m2/repository/org/codehaus/woodstox/stax2-api/3.1.4/stax2-api-3.1.4.jar:/home/user/.m2/repository/com/fasterxml/woodstox/woodstox-core/5.0.3/woodstox-core-5.0.3.jar:/home/user/.m2/repository/dnsjava/dnsjava/2.1.7/dnsjava-2.1.7.jar:/home/user/.m2/repository/org/apache/hadoop/hadoop-hdfs/3.2.0/hadoop-hdfs-3.2.0.jar:/home/user/.m2/repository/org/eclipse/jetty/jetty-util-ajax/9.3.24.v20180605/jetty-util-ajax-9.3.24.v20180605.jar:/home/user/.m2/repository/commons-daemon/commons-daemon/1.0.13/commons-daemon-1.0.13.jar:/home/user/.m2/repository/io/netty/netty/3.10.5.Final/netty-3.10.5.Final.jar:/home/user/.m2/repository/io/netty/netty-all/4.0.52.Final/netty-all-4.0.52.Final.jar:/home/user/.m2/repository/org/fusesource/leveldbjni/leveldbjni-all/1.8/leveldbjni-all-1.8.jar:/home/user/.m2/repository/com/sun/xml/bind/jaxb-core/2.3.0.1/jaxb-core-2.3.0.1.jar:/home/user/.m2/repository/javax/xml/bind/jaxb-api/2.3.0/jaxb-api-2.3.0.jar:/home/user/.m2/repository/javax/activation/activation/1.1.1/activation-1.1.1.jar:/home/user/.m2/repository/io/dropwizard/metrics/metrics-core/3.2.4/metrics-core-3.2.4.jar:/home/user/.m2/repository/org/openjdk/jmh/jmh-core/1.19/jmh-core-1.19.jar:/home/user/.m2/repository/net/sf/jopt-simple/jopt-simple/4.6/jopt-simple-4.6.jar:/home/user/.m2/repository/org/openjdk/jmh/jmh-generator-annprocess/1.19/jmh-generator-annprocess-1.19.jar:/home/user/.m2/repository/com/google/code/findbugs/findbugs/3.0.1/findbugs-3.0.1.jar:/home/user/.m2/repository/net/jcip/jcip-annotations/1.0/jcip-annotations-1.0.jar:/home/user/.m2/repository/com/google/code/findbugs/bcel-findbugs/6.0/bcel-findbugs-6.0.jar:/home/user/.m2/repository/com/google/code/findbugs/jFormatString/2.0.1/jFormatString-2.0.1.jar:/home/user/.m2/repository/dom4j/dom4j/1.6.1/dom4j-1.6.1.jar:/home/user/.m2/repository/xml-apis/xml-apis/1.0.b2/xml-apis-1.0.b2.jar:/home/user/.m2/repository/org/ow2/asm/asm-debug-all/5.0.2/asm-debug-all-5.0.2.jar:/home/user/.m2/repository/org/ow2/asm/asm-commons/5.0.2/asm-commons-5.0.2.jar:/home/user/.m2/repository/org/ow2/asm/asm-tree/5.0.2/asm-tree-5.0.2.jar:/home/user/.m2/repository/org/ow2/asm/asm/5.0.4/asm-5.0.4.jar:/home/user/.m2/repository/commons-lang/commons-lang/2.6/commons-lang-2.6.jar:/home/user/.m2/repository/com/apple/AppleJavaExtensions/1.4/AppleJavaExtensions-1.4.jar:/home/user/.m2/repository/jaxen/jaxen/1.1.6/jaxen-1.1.6.jar:/home/user/.m2/repository/junit/junit/4.11/junit-4.11.jar:/home/user/.m2/repository/org/hamcrest/hamcrest-core/1.3/hamcrest-core-1.3.jar:/home/user/.m2/repository/org/apache/hadoop/hadoop-common/3.2.0/hadoop-common-3.2.0-tests.jar:/workdir/hadoop-ozone/integration-test/target/test-classes:/home/user/.m2/repository/org/apache/hadoop/hadoop-ozone-s3gateway/0.5.0-SNAPSHOT/hadoop-ozone-s3gateway-0.5.0-SNAPSHOT.jar:/home/user/.m2/repository/org/jboss/weld/servlet/weld-servlet/2.4.7.Final/weld-servlet-2.4.7.Final.jar:/home/user/.m2/repository/org/glassfish/jersey/containers/jersey-container-servlet-core/2.27/jersey-container-servlet-core-2.27.jar:/home/user/.m2/repository/org/glassfish/hk2/external/javax.inject/2.5.0-b42/javax.inject-2.5.0-b42.jar:/home/user/.m2/repository/org/glassfish/jersey/core/jersey-common/2.27/jersey-common-2.27.jar:/home/user/.m2/repository/org/glassfish/hk2/osgi-resource-locator/1.0.1/osgi-resource-locator-1.0.1.jar:/home/user/.m2/repository/javax/ws/rs/javax.ws.rs-api/2.1/javax.ws.rs-api-2.1.jar:/home/user/.m2/repository/org/glassfish/jersey/ext/cdi/jersey-cdi1x/2.27/jersey-cdi1x-2.27.jar:/home/user/.m2/repository/org/glassfish/jersey/inject/jersey-hk2/2.27/jersey-hk2-2.27.jar:/home/user/.m2/repository/org/glassfish/hk2/hk2-locator/2.5.0-b42/hk2-locator-2.5.0-b42.jar:/home/user/.m2/repository/org/javassist/javassist/3.22.0-CR2/javassist-3.22.0-CR2.jar:/home/user/.m2/repository/org/glassfish/hk2/hk2-api/2.5.0/hk2-api-2.5.0.jar:/home/user/.m2/repository/org/glassfish/hk2/external/jakarta.inject/2.5.0/jakarta.inject-2.5.0.jar:/home/user/.m2/repository/org/glassfish/hk2/hk2-utils/2.5.0/hk2-utils-2.5.0.jar:/home/user/.m2/repository/jakarta/annotation/jakarta.annotation-api/1.3.4/jakarta.annotation-api-1.3.4.jar:/home/user/.m2/repository/org/glassfish/hk2/external/aopalliance-repackaged/2.5.0/aopalliance-repackaged-2.5.0.jar:/home/user/.m2/repository/com/fasterxml/jackson/dataformat/jackson-dataformat-xml/2.9.0/jackson-dataformat-xml-2.9.0.jar:/home/user/.m2/repository/com/fasterxml/jackson/module/jackson-module-jaxb-annotations/2.9.5/jackson-module-jaxb-annotations-2.9.5.jar:/home/user/.m2/repository/javax/enterprise/cdi-api/1.2/cdi-api-1.2.jar:/home/user/.m2/repository/javax/el/javax.el-api/3.0.0/javax.el-api-3.0.0.jar:/home/user/.m2/repository/javax/interceptor/javax.interceptor-api/1.2/javax.interceptor-api-1.2.jar:/home/user/.m2/repository/javax/inject/javax.inject/1/javax.inject-1.jar:/home/user/.m2/repository/org/apache/hadoop/hadoop-ozone-csi/0.5.0-SNAPSHOT/hadoop-ozone-csi-0.5.0-SNAPSHOT.jar:/home/user/.m2/repository/com/google/protobuf/protobuf-java-util/3.5.1/protobuf-java-util-3.5.1.jar:/home/user/.m2/repository/io/grpc/grpc-netty/1.17.1/grpc-netty-1.17.1.jar:/home/user/.m2/repository/io/grpc/grpc-core/1.17.1/grpc-core-1.17.1.jar:/home/user/.m2/repository/io/grpc/grpc-context/1.17.1/grpc-context-1.17.1.jar:/home/user/.m2/repository/com/google/errorprone/error_prone_annotations/2.2.0/error_prone_annotations-2.2.0.jar:/home/user/.m2/repository/org/codehaus/mojo/animal-sniffer-annotations/1.17/animal-sniffer-annotations-1.17.jar:/home/user/.m2/repository/io/opencensus/opencensus-api/0.17.0/opencensus-api-0.17.0.jar:/home/user/.m2/repository/io/opencensus/opencensus-contrib-grpc-metrics/0.17.0/opencensus-contrib-grpc-metrics-0.17.0.jar:/home/user/.m2/repository/io/netty/netty-codec-http2/4.1.30.Final/netty-codec-http2-4.1.30.Final.jar:/home/user/.m2/repository/io/netty/netty-codec-http/4.1.30.Final/netty-codec-http-4.1.30.Final.jar:/home/user/.m2/repository/io/netty/netty-codec/4.1.30.Final/netty-codec-4.1.30.Final.jar:/home/user/.m2/repository/io/netty/netty-handler/4.1.30.Final/netty-handler-4.1.30.Final.jar:/home/user/.m2/repository/io/netty/netty-handler-proxy/4.1.30.Final/netty-handler-proxy-4.1.30.Final.jar:/home/user/.m2/repository/io/netty/netty-codec-socks/4.1.30.Final/netty-codec-socks-4.1.30.Final.jar:/home/user/.m2/repository/io/netty/netty-transport-native-epoll/4.1.30.Final/netty-transport-native-epoll-4.1.30.Final.jar:/home/user/.m2/repository/io/netty/netty-common/4.1.30.Final/netty-common-4.1.30.Final.jar:/home/user/.m2/repository/io/netty/netty-buffer/4.1.30.Final/netty-buffer-4.1.30.Final.jar:/home/user/.m2/repository/io/netty/netty-transport/4.1.30.Final/netty-transport-4.1.30.Final.jar:/home/user/.m2/repository/io/netty/netty-resolver/4.1.30.Final/netty-resolver-4.1.30.Final.jar:/home/user/.m2/repository/io/netty/netty-transport-native-unix-common/4.1.30.Final/netty-transport-native-unix-common-4.1.30.Final.jar:/home/user/.m2/repository/io/grpc/grpc-protobuf/1.17.1/grpc-protobuf-1.17.1.jar:/home/user/.m2/repository/com/google/api/grpc/proto-google-common-protos/1.0.0/proto-google-common-protos-1.0.0.jar:/home/user/.m2/repository/io/grpc/grpc-protobuf-lite/1.17.1/grpc-protobuf-lite-1.17.1.jar:/home/user/.m2/repository/io/grpc/grpc-stub/1.17.1/grpc-stub-1.17.1.jar:/home/user/.m2/repository/org/apache/hadoop/hadoop-ozone-recon/0.5.0-SNAPSHOT/hadoop-ozone-recon-0.5.0-SNAPSHOT.jar:/home/user/.m2/repository/org/apache/hadoop/hadoop-ozone-reconcodegen/0.5.0-SNAPSHOT/hadoop-ozone-reconcodegen-0.5.0-SNAPSHOT.jar:/home/user/.m2/repository/com/google/inject/extensions/guice-multibindings/4.0/guice-multibindings-4.0.jar:/home/user/.m2/repository/com/google/inject/guice/4.0/guice-4.0.jar:/home/user/.m2/repository/aopalliance/aopalliance/1.0/aopalliance-1.0.jar:/home/user/.m2/repository/com/google/inject/extensions/guice-servlet/4.0/guice-servlet-4.0.jar:/home/user/.m2/repository/org/glassfish/jersey/containers/jersey-container-servlet/2.27/jersey-container-servlet-2.27.jar:/home/user/.m2/repository/org/glassfish/hk2/guice-bridge/2.5.0/guice-bridge-2.5.0.jar:/home/user/.m2/repository/org/glassfish/jersey/core/jersey-server/2.27/jersey-server-2.27.jar:/home/user/.m2/repository/org/glassfish/jersey/core/jersey-client/2.27/jersey-client-2.27.jar:/home/user/.m2/repository/org/glassfish/jersey/media/jersey-media-jaxb/2.27/jersey-media-jaxb-2.27.jar:/home/user/.m2/repository/javax/validation/validation-api/1.1.0.Final/validation-api-1.1.0.Final.jar:/home/user/.m2/repository/org/glassfish/jersey/media/jersey-media-json-jackson/2.27/jersey-media-json-jackson-2.27.jar:/home/user/.m2/repository/org/glassfish/jersey/ext/jersey-entity-filtering/2.27/jersey-entity-filtering-2.27.jar:/home/user/.m2/repository/com/google/inject/extensions/guice-assistedinject/4.0/guice-assistedinject-4.0.jar:/home/user/.m2/repository/org/jooq/jooq/3.11.10/jooq-3.11.10.jar:/home/user/.m2/repository/org/jooq/jooq-meta/3.11.10/jooq-meta-3.11.10.jar:/home/user/.m2/repository/org/jooq/jooq-codegen/3.11.10/jooq-codegen-3.11.10.jar:/home/user/.m2/repository/com/jolbox/bonecp/0.8.0.RELEASE/bonecp-0.8.0.RELEASE.jar:/home/user/.m2/repository/org/springframework/spring-jdbc/5.1.3.RELEASE/spring-jdbc-5.1.3.RELEASE.jar:/home/user/.m2/repository/org/springframework/spring-beans/5.1.3.RELEASE/spring-beans-5.1.3.RELEASE.jar:/home/user/.m2/repository/org/springframework/spring-core/5.1.3.RELEASE/spring-core-5.1.3.RELEASE.jar:/home/user/.m2/repository/org/springframework/spring-jcl/5.1.3.RELEASE/spring-jcl-5.1.3.RELEASE.jar:/home/user/.m2/repository/org/springframework/spring-tx/5.1.3.RELEASE/spring-tx-5.1.3.RELEASE.jar:/home/user/.m2/repository/org/mockito/mockito-core/2.15.0/mockito-core-2.15.0.jar:/home/user/.m2/repository/net/bytebuddy/byte-buddy/1.7.9/byte-buddy-1.7.9.jar:/home/user/.m2/repository/net/bytebuddy/byte-buddy-agent/1.7.9/byte-buddy-agent-1.7.9.jar:/home/user/.m2/repository/org/objenesis/objenesis/1.0/objenesis-1.0.jar:"/>
    <property name="java.vm.vendor" value="IcedTea"/>
    <property name="sun.arch.data.model" value="64"/>
    <property name="test.build.dir" value="/workdir/hadoop-ozone/tools/target/test-dir"/>
    <property name="test.cache.data" value=""/>
    <property name="java.vendor.url" value="https://icedtea.classpath.org"/>
    <property name="user.timezone" value=""/>
    <property name="java.vm.specification.version" value="1.8"/>
    <property name="os.name" value="Linux"/>
    <property name="test.build.data" value="/workdir/hadoop-ozone/tools/target/test-dir"/>
    <property name="user.country" value="US"/>
    <property name="sun.java.launcher" value="SUN_STANDARD"/>
    <property name="sun.boot.library.path" value="/usr/lib/jvm/java-1.8-openjdk/jre/lib/amd64"/>
    <property name="sun.java.command" value="/workdir/hadoop-ozone/tools/target/surefire/surefirebooter3586797233695659269.jar /workdir/hadoop-ozone/tools/target/surefire 2019-09-12T12-24-28_299-jvmRun1 surefire2957054501681028598tmp surefire_1061247032760912947754tmp"/>
    <property name="test" value="!TestMiniChaosOzoneCluster"/>
    <property name="surefire.test.class.path" value="/workdir/hadoop-ozone/tools/target/test-classes:/workdir/hadoop-ozone/tools/target/classes:/home/user/.m2/repository/org/apache/hadoop/hadoop-ozone-ozone-manager/0.5.0-SNAPSHOT/hadoop-ozone-ozone-manager-0.5.0-SNAPSHOT.jar:/home/user/.m2/repository/org/apache/hadoop/hadoop-hdds-docs/0.5.0-SNAPSHOT/hadoop-hdds-docs-0.5.0-SNAPSHOT.jar:/home/user/.m2/repository/org/bouncycastle/bcprov-jdk15on/1.60/bcprov-jdk15on-1.60.jar:/home/user/.m2/repository/org/apache/hadoop/hadoop-ozone-common/0.5.0-SNAPSHOT/hadoop-ozone-common-0.5.0-SNAPSHOT.jar:/home/user/.m2/repository/org/apache/commons/commons-compress/1.4.1/commons-compress-1.4.1.jar:/home/user/.m2/repository/org/tukaani/xz/1.0/xz-1.0.jar:/home/user/.m2/repository/org/apache/hadoop/hadoop-hdfs-client/3.2.0/hadoop-hdfs-client-3.2.0.jar:/home/user/.m2/repository/com/fasterxml/jackson/core/jackson-annotations/2.9.5/jackson-annotations-2.9.5.jar:/home/user/.m2/repository/org/apache/hadoop/hadoop-hdds-common/0.5.0-SNAPSHOT/hadoop-hdds-common-0.5.0-SNAPSHOT.jar:/home/user/.m2/repository/org/apache/hadoop/hadoop-hdds-config/0.5.0-SNAPSHOT/hadoop-hdds-config-0.5.0-SNAPSHOT.jar:/home/user/.m2/repository/javax/annotation/javax.annotation-api/1.2/javax.annotation-api-1.2.jar:/home/user/.m2/repository/org/apache/ratis/ratis-server/0.4.0-78e95b9-SNAPSHOT/ratis-server-0.4.0-78e95b9-SNAPSHOT.jar:/home/user/.m2/repository/org/apache/ratis/ratis-thirdparty-misc/0.2.0/ratis-thirdparty-misc-0.2.0.jar:/home/user/.m2/repository/org/apache/ratis/ratis-proto/0.4.0-78e95b9-SNAPSHOT/ratis-proto-0.4.0-78e95b9-SNAPSHOT.jar:/home/user/.m2/repository/org/apache/ratis/ratis-common/0.4.0-78e95b9-SNAPSHOT/ratis-common-0.4.0-78e95b9-SNAPSHOT.jar:/home/user/.m2/repository/org/apache/ratis/ratis-client/0.4.0-78e95b9-SNAPSHOT/ratis-client-0.4.0-78e95b9-SNAPSHOT.jar:/home/user/.m2/repository/org/apache/ratis/ratis-metrics/0.4.0-78e95b9-SNAPSHOT/ratis-metrics-0.4.0-78e95b9-SNAPSHOT.jar:/home/user/.m2/repository/com/github/joshelser/dropwizard-metrics-hadoop-metrics2-reporter/0.1.2/dropwizard-metrics-hadoop-metrics2-reporter-0.1.2.jar:/home/user/.m2/repository/io/dropwizard/metrics/metrics-jvm/3.2.5/metrics-jvm-3.2.5.jar:/home/user/.m2/repository/io/dropwizard/metrics/metrics-ganglia/3.2.5/metrics-ganglia-3.2.5.jar:/home/user/.m2/repository/info/ganglia/gmetric4j/gmetric4j/1.0.7/gmetric4j-1.0.7.jar:/home/user/.m2/repository/org/apache/ratis/ratis-netty/0.4.0-78e95b9-SNAPSHOT/ratis-netty-0.4.0-78e95b9-SNAPSHOT.jar:/home/user/.m2/repository/org/apache/ratis/ratis-grpc/0.4.0-78e95b9-SNAPSHOT/ratis-grpc-0.4.0-78e95b9-SNAPSHOT.jar:/home/user/.m2/repository/org/rocksdb/rocksdbjni/6.0.1/rocksdbjni-6.0.1.jar:/home/user/.m2/repository/org/apache/logging/log4j/log4j-api/2.11.0/log4j-api-2.11.0.jar:/home/user/.m2/repository/org/apache/logging/log4j/log4j-core/2.11.0/log4j-core-2.11.0.jar:/home/user/.m2/repository/com/lmax/disruptor/3.4.2/disruptor-3.4.2.jar:/home/user/.m2/repository/org/apache/commons/commons-pool2/2.6.0/commons-pool2-2.6.0.jar:/home/user/.m2/repository/org/bouncycastle/bcpkix-jdk15on/1.60/bcpkix-jdk15on-1.60.jar:/home/user/.m2/repository/commons-validator/commons-validator/1.6/commons-validator-1.6.jar:/home/user/.m2/repository/commons-digester/commons-digester/1.8.1/commons-digester-1.8.1.jar:/home/user/.m2/repository/io/jaegertracing/jaeger-client/0.33.1/jaeger-client-0.33.1.jar:/home/user/.m2/repository/io/jaegertracing/jaeger-thrift/0.33.1/jaeger-thrift-0.33.1.jar:/home/user/.m2/repository/org/apache/thrift/libthrift/0.11.0/libthrift-0.11.0.jar:/home/user/.m2/repository/com/squareup/okhttp3/okhttp/3.9.0/okhttp-3.9.0.jar:/home/user/.m2/repository/com/squareup/okio/okio/1.13.0/okio-1.13.0.jar:/home/user/.m2/repository/io/jaegertracing/jaeger-core/0.33.1/jaeger-core-0.33.1.jar:/home/user/.m2/repository/io/jaegertracing/jaeger-tracerresolver/0.33.1/jaeger-tracerresolver-0.33.1.jar:/home/user/.m2/repository/io/opentracing/contrib/opentracing-tracerresolver/0.1.5/opentracing-tracerresolver-0.1.5.jar:/home/user/.m2/repository/io/opentracing/opentracing-util/0.31.0/opentracing-util-0.31.0.jar:/home/user/.m2/repository/io/opentracing/opentracing-api/0.31.0/opentracing-api-0.31.0.jar:/home/user/.m2/repository/io/opentracing/opentracing-noop/0.31.0/opentracing-noop-0.31.0.jar:/home/user/.m2/repository/org/yaml/snakeyaml/1.16/snakeyaml-1.16.jar:/home/user/.m2/repository/org/apache/hadoop/hadoop-hdds-container-service/0.5.0-SNAPSHOT/hadoop-hdds-container-service-0.5.0-SNAPSHOT.jar:/home/user/.m2/repository/org/apache/hadoop/hadoop-hdds-client/0.5.0-SNAPSHOT/hadoop-hdds-client-0.5.0-SNAPSHOT.jar:/home/user/.m2/repository/org/apache/hadoop/hadoop-hdds-tools/0.5.0-SNAPSHOT/hadoop-hdds-tools-0.5.0-SNAPSHOT.jar:/home/user/.m2/repository/org/xerial/sqlite-jdbc/3.25.2/sqlite-jdbc-3.25.2.jar:/home/user/.m2/repository/org/apache/hadoop/hadoop-hdds-server-scm/0.5.0-SNAPSHOT/hadoop-hdds-server-scm-0.5.0-SNAPSHOT.jar:/home/user/.m2/repository/org/hamcrest/hamcrest-all/1.3/hamcrest-all-1.3.jar:/home/user/.m2/repository/info/picocli/picocli/3.9.6/picocli-3.9.6.jar:/home/user/.m2/repository/com/google/protobuf/protobuf-java/2.5.0/protobuf-java-2.5.0.jar:/home/user/.m2/repository/com/google/guava/guava/11.0.2/guava-11.0.2.jar:/home/user/.m2/repository/org/apache/hadoop/hadoop-ozone-client/0.5.0-SNAPSHOT/hadoop-ozone-client-0.5.0-SNAPSHOT.jar:/workdir/hadoop-ozone/ozonefs/target/classes:/home/user/.m2/repository/org/apache/hadoop/hadoop-hdds-server-framework/0.5.0-SNAPSHOT/hadoop-hdds-server-framework-0.5.0-SNAPSHOT.jar:/home/user/.m2/repository/org/apache/hadoop/hadoop-common/3.2.0/hadoop-common-3.2.0.jar:/home/user/.m2/repository/org/apache/hadoop/hadoop-annotations/3.2.0/hadoop-annotations-3.2.0.jar:/usr/lib/jvm/java-1.8-openjdk/jre/../lib/tools.jar:/home/user/.m2/repository/commons-cli/commons-cli/1.2/commons-cli-1.2.jar:/home/user/.m2/repository/org/apache/commons/commons-math3/3.1.1/commons-math3-3.1.1.jar:/home/user/.m2/repository/org/apache/httpcomponents/httpclient/4.5.2/httpclient-4.5.2.jar:/home/user/.m2/repository/org/apache/httpcomponents/httpcore/4.4.4/httpcore-4.4.4.jar:/home/user/.m2/repository/commons-codec/commons-codec/1.11/commons-codec-1.11.jar:/home/user/.m2/repository/commons-io/commons-io/2.5/commons-io-2.5.jar:/home/user/.m2/repository/commons-net/commons-net/3.6/commons-net-3.6.jar:/home/user/.m2/repository/commons-collections/commons-collections/3.2.2/commons-collections-3.2.2.jar:/home/user/.m2/repository/javax/servlet/javax.servlet-api/3.1.0/javax.servlet-api-3.1.0.jar:/home/user/.m2/repository/org/eclipse/jetty/jetty-server/9.3.24.v20180605/jetty-server-9.3.24.v20180605.jar:/home/user/.m2/repository/org/eclipse/jetty/jetty-http/9.3.24.v20180605/jetty-http-9.3.24.v20180605.jar:/home/user/.m2/repository/org/eclipse/jetty/jetty-io/9.3.24.v20180605/jetty-io-9.3.24.v20180605.jar:/home/user/.m2/repository/org/eclipse/jetty/jetty-util/9.3.24.v20180605/jetty-util-9.3.24.v20180605.jar:/home/user/.m2/repository/org/eclipse/jetty/jetty-servlet/9.3.24.v20180605/jetty-servlet-9.3.24.v20180605.jar:/home/user/.m2/repository/org/eclipse/jetty/jetty-security/9.3.24.v20180605/jetty-security-9.3.24.v20180605.jar:/home/user/.m2/repository/org/eclipse/jetty/jetty-webapp/9.3.24.v20180605/jetty-webapp-9.3.24.v20180605.jar:/home/user/.m2/repository/org/eclipse/jetty/jetty-xml/9.3.24.v20180605/jetty-xml-9.3.24.v20180605.jar:/home/user/.m2/repository/javax/servlet/jsp/jsp-api/2.1/jsp-api-2.1.jar:/home/user/.m2/repository/com/sun/jersey/jersey-core/1.19/jersey-core-1.19.jar:/home/user/.m2/repository/javax/ws/rs/jsr311-api/1.1.1/jsr311-api-1.1.1.jar:/home/user/.m2/repository/com/sun/jersey/jersey-servlet/1.19/jersey-servlet-1.19.jar:/home/user/.m2/repository/com/sun/jersey/jersey-json/1.19/jersey-json-1.19.jar:/home/user/.m2/repository/org/codehaus/jettison/jettison/1.1/jettison-1.1.jar:/home/user/.m2/repository/com/sun/xml/bind/jaxb-impl/2.3.0.1/jaxb-impl-2.3.0.1.jar:/home/user/.m2/repository/org/codehaus/jackson/jackson-core-asl/1.9.13/jackson-core-asl-1.9.13.jar:/home/user/.m2/repository/org/codehaus/jackson/jackson-mapper-asl/1.9.13/jackson-mapper-asl-1.9.13.jar:/home/user/.m2/repository/org/codehaus/jackson/jackson-jaxrs/1.9.13/jackson-jaxrs-1.9.13.jar:/home/user/.m2/repository/org/codehaus/jackson/jackson-xc/1.9.13/jackson-xc-1.9.13.jar:/home/user/.m2/repository/com/sun/jersey/jersey-server/1.19/jersey-server-1.19.jar:/home/user/.m2/repository/commons-logging/commons-logging/1.1.3/commons-logging-1.1.3.jar:/home/user/.m2/repository/log4j/log4j/1.2.17/log4j-1.2.17.jar:/home/user/.m2/repository/commons-beanutils/commons-beanutils/1.9.3/commons-beanutils-1.9.3.jar:/home/user/.m2/repository/org/apache/commons/commons-configuration2/2.1.1/commons-configuration2-2.1.1.jar:/home/user/.m2/repository/org/apache/commons/commons-lang3/3.7/commons-lang3-3.7.jar:/home/user/.m2/repository/org/apache/commons/commons-text/1.4/commons-text-1.4.jar:/home/user/.m2/repository/org/slf4j/slf4j-api/1.7.25/slf4j-api-1.7.25.jar:/home/user/.m2/repository/org/slf4j/slf4j-log4j12/1.7.25/slf4j-log4j12-1.7.25.jar:/home/user/.m2/repository/org/apache/avro/avro/1.7.7/avro-1.7.7.jar:/home/user/.m2/repository/com/thoughtworks/paranamer/paranamer/2.3/paranamer-2.3.jar:/home/user/.m2/repository/org/xerial/snappy/snappy-java/1.0.5/snappy-java-1.0.5.jar:/home/user/.m2/repository/com/google/re2j/re2j/1.1/re2j-1.1.jar:/home/user/.m2/repository/com/google/code/gson/gson/2.2.4/gson-2.2.4.jar:/home/user/.m2/repository/org/apache/hadoop/hadoop-auth/3.2.0/hadoop-auth-3.2.0.jar:/home/user/.m2/repository/com/nimbusds/nimbus-jose-jwt/4.41.1/nimbus-jose-jwt-4.41.1.jar:/home/user/.m2/repository/com/github/stephenc/jcip/jcip-annotations/1.0-1/jcip-annotations-1.0-1.jar:/home/user/.m2/repository/net/minidev/json-smart/2.3/json-smart-2.3.jar:/home/user/.m2/repository/net/minidev/accessors-smart/1.2/accessors-smart-1.2.jar:/home/user/.m2/repository/org/apache/curator/curator-framework/2.12.0/curator-framework-2.12.0.jar:/home/user/.m2/repository/com/jcraft/jsch/0.1.54/jsch-0.1.54.jar:/home/user/.m2/repository/org/apache/curator/curator-client/2.12.0/curator-client-2.12.0.jar:/home/user/.m2/repository/org/apache/curator/curator-recipes/2.12.0/curator-recipes-2.12.0.jar:/home/user/.m2/repository/com/google/code/findbugs/jsr305/3.0.0/jsr305-3.0.0.jar:/home/user/.m2/repository/org/apache/htrace/htrace-core4/4.1.0-incubating/htrace-core4-4.1.0-incubating.jar:/home/user/.m2/repository/org/apache/zookeeper/zookeeper/3.4.13/zookeeper-3.4.13.jar:/home/user/.m2/repository/org/apache/yetus/audience-annotations/0.5.0/audience-annotations-0.5.0.jar:/home/user/.m2/repository/org/apache/kerby/kerb-simplekdc/1.0.1/kerb-simplekdc-1.0.1.jar:/home/user/.m2/repository/org/apache/kerby/kerb-client/1.0.1/kerb-client-1.0.1.jar:/home/user/.m2/repository/org/apache/kerby/kerby-config/1.0.1/kerby-config-1.0.1.jar:/home/user/.m2/repository/org/apache/kerby/kerb-core/1.0.1/kerb-core-1.0.1.jar:/home/user/.m2/repository/org/apache/kerby/kerby-pkix/1.0.1/kerby-pkix-1.0.1.jar:/home/user/.m2/repository/org/apache/kerby/kerby-asn1/1.0.1/kerby-asn1-1.0.1.jar:/home/user/.m2/repository/org/apache/kerby/kerby-util/1.0.1/kerby-util-1.0.1.jar:/home/user/.m2/repository/org/apache/kerby/kerb-common/1.0.1/kerb-common-1.0.1.jar:/home/user/.m2/repository/org/apache/kerby/kerb-crypto/1.0.1/kerb-crypto-1.0.1.jar:/home/user/.m2/repository/org/apache/kerby/kerb-util/1.0.1/kerb-util-1.0.1.jar:/home/user/.m2/repository/org/apache/kerby/token-provider/1.0.1/token-provider-1.0.1.jar:/home/user/.m2/repository/org/apache/kerby/kerb-admin/1.0.1/kerb-admin-1.0.1.jar:/home/user/.m2/repository/org/apache/kerby/kerb-server/1.0.1/kerb-server-1.0.1.jar:/home/user/.m2/repository/org/apache/kerby/kerb-identity/1.0.1/kerb-identity-1.0.1.jar:/home/user/.m2/repository/org/apache/kerby/kerby-xdr/1.0.1/kerby-xdr-1.0.1.jar:/home/user/.m2/repository/com/fasterxml/jackson/core/jackson-databind/2.9.5/jackson-databind-2.9.5.jar:/home/user/.m2/repository/com/fasterxml/jackson/core/jackson-core/2.9.5/jackson-core-2.9.5.jar:/home/user/.m2/repository/org/codehaus/woodstox/stax2-api/3.1.4/stax2-api-3.1.4.jar:/home/user/.m2/repository/com/fasterxml/woodstox/woodstox-core/5.0.3/woodstox-core-5.0.3.jar:/home/user/.m2/repository/dnsjava/dnsjava/2.1.7/dnsjava-2.1.7.jar:/home/user/.m2/repository/org/apache/hadoop/hadoop-hdfs/3.2.0/hadoop-hdfs-3.2.0.jar:/home/user/.m2/repository/org/eclipse/jetty/jetty-util-ajax/9.3.24.v20180605/jetty-util-ajax-9.3.24.v20180605.jar:/home/user/.m2/repository/commons-daemon/commons-daemon/1.0.13/commons-daemon-1.0.13.jar:/home/user/.m2/repository/io/netty/netty/3.10.5.Final/netty-3.10.5.Final.jar:/home/user/.m2/repository/io/netty/netty-all/4.0.52.Final/netty-all-4.0.52.Final.jar:/home/user/.m2/repository/org/fusesource/leveldbjni/leveldbjni-all/1.8/leveldbjni-all-1.8.jar:/home/user/.m2/repository/com/sun/xml/bind/jaxb-core/2.3.0.1/jaxb-core-2.3.0.1.jar:/home/user/.m2/repository/javax/xml/bind/jaxb-api/2.3.0/jaxb-api-2.3.0.jar:/home/user/.m2/repository/javax/activation/activation/1.1.1/activation-1.1.1.jar:/home/user/.m2/repository/io/dropwizard/metrics/metrics-core/3.2.4/metrics-core-3.2.4.jar:/home/user/.m2/repository/org/openjdk/jmh/jmh-core/1.19/jmh-core-1.19.jar:/home/user/.m2/repository/net/sf/jopt-simple/jopt-simple/4.6/jopt-simple-4.6.jar:/home/user/.m2/repository/org/openjdk/jmh/jmh-generator-annprocess/1.19/jmh-generator-annprocess-1.19.jar:/home/user/.m2/repository/com/google/code/findbugs/findbugs/3.0.1/findbugs-3.0.1.jar:/home/user/.m2/repository/net/jcip/jcip-annotations/1.0/jcip-annotations-1.0.jar:/home/user/.m2/repository/com/google/code/findbugs/bcel-findbugs/6.0/bcel-findbugs-6.0.jar:/home/user/.m2/repository/com/google/code/findbugs/jFormatString/2.0.1/jFormatString-2.0.1.jar:/home/user/.m2/repository/dom4j/dom4j/1.6.1/dom4j-1.6.1.jar:/home/user/.m2/repository/xml-apis/xml-apis/1.0.b2/xml-apis-1.0.b2.jar:/home/user/.m2/repository/org/ow2/asm/asm-debug-all/5.0.2/asm-debug-all-5.0.2.jar:/home/user/.m2/repository/org/ow2/asm/asm-commons/5.0.2/asm-commons-5.0.2.jar:/home/user/.m2/repository/org/ow2/asm/asm-tree/5.0.2/asm-tree-5.0.2.jar:/home/user/.m2/repository/org/ow2/asm/asm/5.0.4/asm-5.0.4.jar:/home/user/.m2/repository/commons-lang/commons-lang/2.6/commons-lang-2.6.jar:/home/user/.m2/repository/com/apple/AppleJavaExtensions/1.4/AppleJavaExtensions-1.4.jar:/home/user/.m2/repository/jaxen/jaxen/1.1.6/jaxen-1.1.6.jar:/home/user/.m2/repository/junit/junit/4.11/junit-4.11.jar:/home/user/.m2/repository/org/hamcrest/hamcrest-core/1.3/hamcrest-core-1.3.jar:/home/user/.m2/repository/org/apache/hadoop/hadoop-common/3.2.0/hadoop-common-3.2.0-tests.jar:/workdir/hadoop-ozone/integration-test/target/test-classes:/home/user/.m2/repository/org/apache/hadoop/hadoop-ozone-s3gateway/0.5.0-SNAPSHOT/hadoop-ozone-s3gateway-0.5.0-SNAPSHOT.jar:/home/user/.m2/repository/org/jboss/weld/servlet/weld-servlet/2.4.7.Final/weld-servlet-2.4.7.Final.jar:/home/user/.m2/repository/org/glassfish/jersey/containers/jersey-container-servlet-core/2.27/jersey-container-servlet-core-2.27.jar:/home/user/.m2/repository/org/glassfish/hk2/external/javax.inject/2.5.0-b42/javax.inject-2.5.0-b42.jar:/home/user/.m2/repository/org/glassfish/jersey/core/jersey-common/2.27/jersey-common-2.27.jar:/home/user/.m2/repository/org/glassfish/hk2/osgi-resource-locator/1.0.1/osgi-resource-locator-1.0.1.jar:/home/user/.m2/repository/javax/ws/rs/javax.ws.rs-api/2.1/javax.ws.rs-api-2.1.jar:/home/user/.m2/repository/org/glassfish/jersey/ext/cdi/jersey-cdi1x/2.27/jersey-cdi1x-2.27.jar:/home/user/.m2/repository/org/glassfish/jersey/inject/jersey-hk2/2.27/jersey-hk2-2.27.jar:/home/user/.m2/repository/org/glassfish/hk2/hk2-locator/2.5.0-b42/hk2-locator-2.5.0-b42.jar:/home/user/.m2/repository/org/javassist/javassist/3.22.0-CR2/javassist-3.22.0-CR2.jar:/home/user/.m2/repository/org/glassfish/hk2/hk2-api/2.5.0/hk2-api-2.5.0.jar:/home/user/.m2/repository/org/glassfish/hk2/external/jakarta.inject/2.5.0/jakarta.inject-2.5.0.jar:/home/user/.m2/repository/org/glassfish/hk2/hk2-utils/2.5.0/hk2-utils-2.5.0.jar:/home/user/.m2/repository/jakarta/annotation/jakarta.annotation-api/1.3.4/jakarta.annotation-api-1.3.4.jar:/home/user/.m2/repository/org/glassfish/hk2/external/aopalliance-repackaged/2.5.0/aopalliance-repackaged-2.5.0.jar:/home/user/.m2/repository/com/fasterxml/jackson/dataformat/jackson-dataformat-xml/2.9.0/jackson-dataformat-xml-2.9.0.jar:/home/user/.m2/repository/com/fasterxml/jackson/module/jackson-module-jaxb-annotations/2.9.5/jackson-module-jaxb-annotations-2.9.5.jar:/home/user/.m2/repository/javax/enterprise/cdi-api/1.2/cdi-api-1.2.jar:/home/user/.m2/repository/javax/el/javax.el-api/3.0.0/javax.el-api-3.0.0.jar:/home/user/.m2/repository/javax/interceptor/javax.interceptor-api/1.2/javax.interceptor-api-1.2.jar:/home/user/.m2/repository/javax/inject/javax.inject/1/javax.inject-1.jar:/home/user/.m2/repository/org/apache/hadoop/hadoop-ozone-csi/0.5.0-SNAPSHOT/hadoop-ozone-csi-0.5.0-SNAPSHOT.jar:/home/user/.m2/repository/com/google/protobuf/protobuf-java-util/3.5.1/protobuf-java-util-3.5.1.jar:/home/user/.m2/repository/io/grpc/grpc-netty/1.17.1/grpc-netty-1.17.1.jar:/home/user/.m2/repository/io/grpc/grpc-core/1.17.1/grpc-core-1.17.1.jar:/home/user/.m2/repository/io/grpc/grpc-context/1.17.1/grpc-context-1.17.1.jar:/home/user/.m2/repository/com/google/errorprone/error_prone_annotations/2.2.0/error_prone_annotations-2.2.0.jar:/home/user/.m2/repository/org/codehaus/mojo/animal-sniffer-annotations/1.17/animal-sniffer-annotations-1.17.jar:/home/user/.m2/repository/io/opencensus/opencensus-api/0.17.0/opencensus-api-0.17.0.jar:/home/user/.m2/repository/io/opencensus/opencensus-contrib-grpc-metrics/0.17.0/opencensus-contrib-grpc-metrics-0.17.0.jar:/home/user/.m2/repository/io/netty/netty-codec-http2/4.1.30.Final/netty-codec-http2-4.1.30.Final.jar:/home/user/.m2/repository/io/netty/netty-codec-http/4.1.30.Final/netty-codec-http-4.1.30.Final.jar:/home/user/.m2/repository/io/netty/netty-codec/4.1.30.Final/netty-codec-4.1.30.Final.jar:/home/user/.m2/repository/io/netty/netty-handler/4.1.30.Final/netty-handler-4.1.30.Final.jar:/home/user/.m2/repository/io/netty/netty-handler-proxy/4.1.30.Final/netty-handler-proxy-4.1.30.Final.jar:/home/user/.m2/repository/io/netty/netty-codec-socks/4.1.30.Final/netty-codec-socks-4.1.30.Final.jar:/home/user/.m2/repository/io/netty/netty-transport-native-epoll/4.1.30.Final/netty-transport-native-epoll-4.1.30.Final.jar:/home/user/.m2/repository/io/netty/netty-common/4.1.30.Final/netty-common-4.1.30.Final.jar:/home/user/.m2/repository/io/netty/netty-buffer/4.1.30.Final/netty-buffer-4.1.30.Final.jar:/home/user/.m2/repository/io/netty/netty-transport/4.1.30.Final/netty-transport-4.1.30.Final.jar:/home/user/.m2/repository/io/netty/netty-resolver/4.1.30.Final/netty-resolver-4.1.30.Final.jar:/home/user/.m2/repository/io/netty/netty-transport-native-unix-common/4.1.30.Final/netty-transport-native-unix-common-4.1.30.Final.jar:/home/user/.m2/repository/io/grpc/grpc-protobuf/1.17.1/grpc-protobuf-1.17.1.jar:/home/user/.m2/repository/com/google/api/grpc/proto-google-common-protos/1.0.0/proto-google-common-protos-1.0.0.jar:/home/user/.m2/repository/io/grpc/grpc-protobuf-lite/1.17.1/grpc-protobuf-lite-1.17.1.jar:/home/user/.m2/repository/io/grpc/grpc-stub/1.17.1/grpc-stub-1.17.1.jar:/home/user/.m2/repository/org/apache/hadoop/hadoop-ozone-recon/0.5.0-SNAPSHOT/hadoop-ozone-recon-0.5.0-SNAPSHOT.jar:/home/user/.m2/repository/org/apache/hadoop/hadoop-ozone-reconcodegen/0.5.0-SNAPSHOT/hadoop-ozone-reconcodegen-0.5.0-SNAPSHOT.jar:/home/user/.m2/repository/com/google/inject/extensions/guice-multibindings/4.0/guice-multibindings-4.0.jar:/home/user/.m2/repository/com/google/inject/guice/4.0/guice-4.0.jar:/home/user/.m2/repository/aopalliance/aopalliance/1.0/aopalliance-1.0.jar:/home/user/.m2/repository/com/google/inject/extensions/guice-servlet/4.0/guice-servlet-4.0.jar:/home/user/.m2/repository/org/glassfish/jersey/containers/jersey-container-servlet/2.27/jersey-container-servlet-2.27.jar:/home/user/.m2/repository/org/glassfish/hk2/guice-bridge/2.5.0/guice-bridge-2.5.0.jar:/home/user/.m2/repository/org/glassfish/jersey/core/jersey-server/2.27/jersey-server-2.27.jar:/home/user/.m2/repository/org/glassfish/jersey/core/jersey-client/2.27/jersey-client-2.27.jar:/home/user/.m2/repository/org/glassfish/jersey/media/jersey-media-jaxb/2.27/jersey-media-jaxb-2.27.jar:/home/user/.m2/repository/javax/validation/validation-api/1.1.0.Final/validation-api-1.1.0.Final.jar:/home/user/.m2/repository/org/glassfish/jersey/media/jersey-media-json-jackson/2.27/jersey-media-json-jackson-2.27.jar:/home/user/.m2/repository/org/glassfish/jersey/ext/jersey-entity-filtering/2.27/jersey-entity-filtering-2.27.jar:/home/user/.m2/repository/com/google/inject/extensions/guice-assistedinject/4.0/guice-assistedinject-4.0.jar:/home/user/.m2/repository/org/jooq/jooq/3.11.10/jooq-3.11.10.jar:/home/user/.m2/repository/org/jooq/jooq-meta/3.11.10/jooq-meta-3.11.10.jar:/home/user/.m2/repository/org/jooq/jooq-codegen/3.11.10/jooq-codegen-3.11.10.jar:/home/user/.m2/repository/com/jolbox/bonecp/0.8.0.RELEASE/bonecp-0.8.0.RELEASE.jar:/home/user/.m2/repository/org/springframework/spring-jdbc/5.1.3.RELEASE/spring-jdbc-5.1.3.RELEASE.jar:/home/user/.m2/repository/org/springframework/spring-beans/5.1.3.RELEASE/spring-beans-5.1.3.RELEASE.jar:/home/user/.m2/repository/org/springframework/spring-core/5.1.3.RELEASE/spring-core-5.1.3.RELEASE.jar:/home/user/.m2/repository/org/springframework/spring-jcl/5.1.3.RELEASE/spring-jcl-5.1.3.RELEASE.jar:/home/user/.m2/repository/org/springframework/spring-tx/5.1.3.RELEASE/spring-tx-5.1.3.RELEASE.jar:/home/user/.m2/repository/org/mockito/mockito-core/2.15.0/mockito-core-2.15.0.jar:/home/user/.m2/repository/net/bytebuddy/byte-buddy/1.7.9/byte-buddy-1.7.9.jar:/home/user/.m2/repository/net/bytebuddy/byte-buddy-agent/1.7.9/byte-buddy-agent-1.7.9.jar:/home/user/.m2/repository/org/objenesis/objenesis/1.0/objenesis-1.0.jar:"/>
    <property name="sun.cpu.endian" value="little"/>
    <property name="user.home" value="/home/user"/>
    <property name="user.language" value="en"/>
    <property name="java.specification.vendor" value="Oracle Corporation"/>
    <property name="java.home" value="/usr/lib/jvm/java-1.8-openjdk/jre"/>
    <property name="java.security.krb5.conf" value="/workdir/hadoop-ozone/tools/target/test-classes/krb5.conf"/>
    <property name="basedir" value="/workdir/hadoop-ozone/tools"/>
    <property name="file.separator" value="/"/>
    <property name="line.separator" value="&#10;"/>
    <property name="java.vm.specification.vendor" value="Oracle Corporation"/>
    <property name="java.specification.name" value="Java Platform API Specification"/>
    <property name="java.awt.graphicsenv" value="sun.awt.X11GraphicsEnvironment"/>
    <property name="surefire.real.class.path" value="/workdir/hadoop-ozone/tools/target/surefire/surefirebooter3586797233695659269.jar"/>
    <property name="hadoop.log.dir" value="/workdir/hadoop-ozone/tools/target/log"/>
    <property name="sun.boot.class.path" value="/usr/lib/jvm/java-1.8-openjdk/jre/lib/resources.jar:/usr/lib/jvm/java-1.8-openjdk/jre/lib/rt.jar:/usr/lib/jvm/java-1.8-openjdk/jre/lib/sunrsasign.jar:/usr/lib/jvm/java-1.8-openjdk/jre/lib/jsse.jar:/usr/lib/jvm/java-1.8-openjdk/jre/lib/jce.jar:/usr/lib/jvm/java-1.8-openjdk/jre/lib/charsets.jar:/usr/lib/jvm/java-1.8-openjdk/jre/lib/jfr.jar:/usr/lib/jvm/java-1.8-openjdk/jre/classes"/>
    <property name="sun.management.compiler" value="HotSpot 64-Bit Tiered Compilers"/>
    <property name="java.runtime.version" value="1.8.0_212-b04"/>
    <property name="java.net.preferIPv4Stack" value="true"/>
    <property name="user.name" value="jenkins1000"/>
    <property name="path.separator" value=":"/>
    <property name="java.security.egd" value="file:///dev/urandom"/>
    <property name="os.version" value="3.10.0-957.12.2.el7.x86_64"/>
    <property name="java.endorsed.dirs" value="/usr/lib/jvm/java-1.8-openjdk/jre/lib/endorsed"/>
    <property name="java.runtime.name" value="OpenJDK Runtime Environment"/>
    <property name="file.encoding" value="UTF-8"/>
    <property name="java.vm.name" value="OpenJDK 64-Bit Server VM"/>
    <property name="test.build.webapps" value=""/>
    <property name="localRepository" value="/home/user/.m2/repository"/>
    <property name="java.vendor.url.bug" value="https://icedtea.classpath.org/bugzilla"/>
    <property name="java.io.tmpdir" value="/tmp"/>
    <property name="require.test.libhadoop" value=""/>
    <property name="java.version" value="1.8.0_212"/>
    <property name="user.dir" value="/workdir/hadoop-ozone/tools"/>
    <property name="os.arch" value="amd64"/>
    <property name="java.vm.specification.name" value="Java Virtual Machine Specification"/>
    <property name="test.build.classes" value="/workdir/hadoop-ozone/tools/target/test-classes"/>
    <property name="java.awt.printerjob" value="sun.print.PSPrinterJob"/>
    <property name="sun.os.patch.level" value="unknown"/>
    <property name="hadoop.tmp.dir" value="/workdir/hadoop-ozone/tools/target/tmp"/>
    <property name="java.library.path" value="/usr/lib/jvm/java-1.8-openjdk/jre/lib/amd64/server:/usr/lib/jvm/java-1.8-openjdk/jre/lib/amd64:/usr/lib/jvm/java-1.8-openjdk/jre/../lib/amd64:/workdir/hadoop-ozone/tools/target/native/target/usr/local/lib:/workdir/hadoop-ozone/tools/../../hadoop-common-project/hadoop-common/target/native/target/usr/local/lib:/usr/java/packages/lib/amd64:/usr/lib64:/lib64:/lib:/usr/lib"/>
    <property name="java.vm.info" value="mixed mode"/>
    <property name="java.vendor" value="IcedTea"/>
    <property name="java.vm.version" value="25.212-b04"/>
    <property name="java.ext.dirs" value="/usr/lib/jvm/java-1.8-openjdk/jre/lib/ext:/usr/java/packages/lib/ext"/>
    <property name="sun.io.unicode.encoding" value="UnicodeLittle"/>
    <property name="java.class.version" value="52.0"/>
  </properties>
  <testcase name="ratisTest3" classname="org.apache.hadoop.ozone.freon.TestRandomKeyGenerator" time="15.64"/>
  <testcase name="testThreadPoolSize" classname="org.apache.hadoop.ozone.freon.TestRandomKeyGenerator" time="5.038"/>
  <testcase name="defaultTest" classname="org.apache.hadoop.ozone.freon.TestRandomKeyGenerator" time="5.028"/>
  <testcase name="bigFileThan2GB" classname="org.apache.hadoop.ozone.freon.TestRandomKeyGenerator" time="57.014">
    <error message="Allocated 0 blocks. Requested 1 blocks" type="INTERNAL_ERROR org.apache.hadoop.ozone.om.exceptions.OMException">INTERNAL_ERROR org.apache.hadoop.ozone.om.exceptions.OMException: Allocated 0 blocks. Requested 1 blocks
	at org.apache.hadoop.ozone.om.protocolPB.OzoneManagerProtocolClientSideTranslatorPB.handleError(OzoneManagerProtocolClientSideTranslatorPB.java:726)
	at org.apache.hadoop.ozone.om.protocolPB.OzoneManagerProtocolClientSideTranslatorPB.allocateBlock(OzoneManagerProtocolClientSideTranslatorPB.java:758)
	at sun.reflect.GeneratedMethodAccessor537.invoke(Unknown Source)
	at sun.reflect.DelegatingMethodAccessorImpl.invoke(DelegatingMethodAccessorImpl.java:43)
	at java.lang.reflect.Method.invoke(Method.java:498)
	at org.apache.hadoop.hdds.tracing.TraceAllMethod.invoke(TraceAllMethod.java:66)
	at com.sun.proxy.$Proxy37.allocateBlock(Unknown Source)
	at org.apache.hadoop.ozone.client.io.BlockOutputStreamEntryPool.allocateNewBlock(BlockOutputStreamEntryPool.java:248)
	at org.apache.hadoop.ozone.client.io.BlockOutputStreamEntryPool.allocateBlockIfNeeded(BlockOutputStreamEntryPool.java:296)
	at org.apache.hadoop.ozone.client.io.KeyOutputStream.handleWrite(KeyOutputStream.java:201)
	at org.apache.hadoop.ozone.client.io.KeyOutputStream.write(KeyOutputStream.java:193)
	at org.apache.hadoop.ozone.client.io.OzoneOutputStream.write(OzoneOutputStream.java:49)
	at org.apache.hadoop.ozone.freon.RandomKeyGenerator.createKey(RandomKeyGenerator.java:708)
	at org.apache.hadoop.ozone.freon.RandomKeyGenerator.access$1100(RandomKeyGenerator.java:88)
	at org.apache.hadoop.ozone.freon.RandomKeyGenerator$ObjectCreator.run(RandomKeyGenerator.java:615)
	at java.util.concurrent.Executors$RunnableAdapter.call(Executors.java:511)
	at java.util.concurrent.FutureTask.run(FutureTask.java:266)
	at java.util.concurrent.ThreadPoolExecutor.runWorker(ThreadPoolExecutor.java:1149)
	at java.util.concurrent.ThreadPoolExecutor$Worker.run(ThreadPoolExecutor.java:624)
	at java.lang.Thread.run(Thread.java:748)
</error>
    <system-out><![CDATA[2019-09-12 14:53:32,415 [main] INFO  freon.RandomKeyGenerator (RandomKeyGenerator.java:call(283)) - Number of Threads: 1
2019-09-12 14:53:32,416 [main] INFO  freon.RandomKeyGenerator (RandomKeyGenerator.java:call(288)) - Number of Volumes: 1.
2019-09-12 14:53:32,416 [main] INFO  freon.RandomKeyGenerator (RandomKeyGenerator.java:call(289)) - Number of Buckets per Volume: 1.
2019-09-12 14:53:32,416 [main] INFO  freon.RandomKeyGenerator (RandomKeyGenerator.java:call(290)) - Number of Keys per Bucket: 1.
2019-09-12 14:53:32,416 [main] INFO  freon.RandomKeyGenerator (RandomKeyGenerator.java:call(291)) - Key size: 2147483657 bytes
2019-09-12 14:53:32,416 [main] INFO  freon.RandomKeyGenerator (RandomKeyGenerator.java:call(292)) - Buffer size: 4096 bytes
2019-09-12 14:53:32,416 [main] INFO  freon.RandomKeyGenerator (RandomKeyGenerator.java:call(293)) - validateWrites : true
2019-09-12 14:53:32,418 [pool-277-thread-1] INFO  rpc.RpcClient (RpcClient.java:createVolume(302)) - Creating Volume: vol-0-08593, with jenkins1000 as owner.
2019-09-12 14:53:32,418 [main] INFO  freon.RandomKeyGenerator (RandomKeyGenerator.java:call(307)) - Data validation is enabled.
2019-09-12 14:53:32,419 [main] INFO  freon.RandomKeyGenerator (RandomKeyGenerator.java:call(313)) - Starting progress bar Thread.

 0.00% |█                                                                                                    |  0/1 Time: 0:00:002019-09-12 14:53:32,428 [IPC Server handler 3 on 39689] INFO  volume.OMVolumeCreateRequest (OMVolumeCreateRequest.java:validateAndUpdateCache(189)) - created volume:vol-0-08593 for user:jenkins1000
2019-09-12 14:53:32,431 [pool-277-thread-1] INFO  rpc.RpcClient (RpcClient.java:createBucket(441)) - Creating Bucket: vol-0-08593/bucket-0-60859, with Versioning false and Storage Type set to DISK and Encryption set to false 
2019-09-12 14:53:32,526 [grpc-default-executor-6] INFO  client.GrpcClientProtocolClient (GrpcClientProtocolClient.java:onNext(264)) - client-835E41B928D6->c9d0001a-daad-4532-9e58-9f5f4a7ddd18: receive RaftClientReply:client-835E41B928D6->c9d0001a-daad-4532-9e58-9f5f4a7ddd18@group-349356213E97, cid=600, FAILED org.apache.ratis.protocol.NotLeaderException: Server c9d0001a-daad-4532-9e58-9f5f4a7ddd18@group-349356213E97 is not the leader 6dd5d97a-7455-476f-86d1-706748154c4a:192.168.34.38:35784, logIndex=0, commits[c9d0001a-daad-4532-9e58-9f5f4a7ddd18:c717, 8c1a4ac2-2d71-4742-ab0b-89dcc95eb13f:c717, 6dd5d97a-7455-476f-86d1-706748154c4a:c717]
2019-09-12 14:53:32,598 [grpc-default-executor-2] INFO  client.GrpcClientProtocolClient (GrpcClientProtocolClient.java:onNext(264)) - client-835E41B928D6->6dd5d97a-7455-476f-86d1-706748154c4a: receive RaftClientReply:client-835E41B928D6->6dd5d97a-7455-476f-86d1-706748154c4a@group-349356213E97, cid=600, SUCCESS, logIndex=718, commits[6dd5d97a-7455-476f-86d1-706748154c4a:c718, 8c1a4ac2-2d71-4742-ab0b-89dcc95eb13f:c717, c9d0001a-daad-4532-9e58-9f5f4a7ddd18:c717]
2019-09-12 14:53:32,622 [grpc-default-executor-6] INFO  client.GrpcClientProtocolClient (GrpcClientProtocolClient.java:onNext(264)) - client-835E41B928D6->6dd5d97a-7455-476f-86d1-706748154c4a: receive RaftClientReply:client-835E41B928D6->6dd5d97a-7455-476f-86d1-706748154c4a@group-349356213E97, cid=601, SUCCESS, logIndex=720, commits[6dd5d97a-7455-476f-86d1-706748154c4a:c720, 8c1a4ac2-2d71-4742-ab0b-89dcc95eb13f:c718, c9d0001a-daad-4532-9e58-9f5f4a7ddd18:c718]
2019-09-12 14:53:32,642 [grpc-default-executor-5] INFO  client.GrpcClientProtocolClient (GrpcClientProtocolClient.java:onNext(264)) - client-835E41B928D6->6dd5d97a-7455-476f-86d1-706748154c4a: receive RaftClientReply:client-835E41B928D6->6dd5d97a-7455-476f-86d1-706748154c4a@group-349356213E97, cid=602, SUCCESS, logIndex=721, commits[6dd5d97a-7455-476f-86d1-706748154c4a:c723, 8c1a4ac2-2d71-4742-ab0b-89dcc95eb13f:c720, c9d0001a-daad-4532-9e58-9f5f4a7ddd18:c720]
2019-09-12 14:53:32,643 [grpc-default-executor-5] INFO  client.GrpcClientProtocolClient (GrpcClientProtocolClient.java:onNext(264)) - client-835E41B928D6->6dd5d97a-7455-476f-86d1-706748154c4a: receive RaftClientReply:client-835E41B928D6->6dd5d97a-7455-476f-86d1-706748154c4a@group-349356213E97, cid=603, SUCCESS, logIndex=722, commits[6dd5d97a-7455-476f-86d1-706748154c4a:c723, 8c1a4ac2-2d71-4742-ab0b-89dcc95eb13f:c720, c9d0001a-daad-4532-9e58-9f5f4a7ddd18:c720]
2019-09-12 14:53:32,673 [grpc-default-executor-5] INFO  client.GrpcClientProtocolClient (GrpcClientProtocolClient.java:onNext(264)) - client-835E41B928D6->6dd5d97a-7455-476f-86d1-706748154c4a: receive RaftClientReply:client-835E41B928D6->6dd5d97a-7455-476f-86d1-706748154c4a@group-349356213E97, cid=604, SUCCESS, logIndex=726, commits[6dd5d97a-7455-476f-86d1-706748154c4a:c727, 8c1a4ac2-2d71-4742-ab0b-89dcc95eb13f:c723, c9d0001a-daad-4532-9e58-9f5f4a7ddd18:c725]
2019-09-12 14:53:32,674 [grpc-default-executor-5] INFO  client.GrpcClientProtocolClient (GrpcClientProtocolClient.java:onNext(264)) - client-835E41B928D6->6dd5d97a-7455-476f-86d1-706748154c4a: receive RaftClientReply:client-835E41B928D6->6dd5d97a-7455-476f-86d1-706748154c4a@group-349356213E97, cid=605, SUCCESS, logIndex=727, commits[6dd5d97a-7455-476f-86d1-706748154c4a:c727, 8c1a4ac2-2d71-4742-ab0b-89dcc95eb13f:c723, c9d0001a-daad-4532-9e58-9f5f4a7ddd18:c725]
2019-09-12 14:53:32,704 [grpc-default-executor-6] INFO  client.GrpcClientProtocolClient (GrpcClientProtocolClient.java:onNext(264)) - client-835E41B928D6->6dd5d97a-7455-476f-86d1-706748154c4a: receive RaftClientReply:client-835E41B928D6->6dd5d97a-7455-476f-86d1-706748154c4a@group-349356213E97, cid=606, SUCCESS, logIndex=730, commits[6dd5d97a-7455-476f-86d1-706748154c4a:c731, 8c1a4ac2-2d71-4742-ab0b-89dcc95eb13f:c727, c9d0001a-daad-4532-9e58-9f5f4a7ddd18:c729]
2019-09-12 14:53:32,705 [grpc-default-executor-6] INFO  client.GrpcClientProtocolClient (GrpcClientProtocolClient.java:onNext(264)) - client-835E41B928D6->6dd5d97a-7455-476f-86d1-706748154c4a: receive RaftClientReply:client-835E41B928D6->6dd5d97a-7455-476f-86d1-706748154c4a@group-349356213E97, cid=607, SUCCESS, logIndex=731, commits[6dd5d97a-7455-476f-86d1-706748154c4a:c731, 8c1a4ac2-2d71-4742-ab0b-89dcc95eb13f:c729, c9d0001a-daad-4532-9e58-9f5f4a7ddd18:c729]
2019-09-12 14:53:32,712 [grpc-default-executor-6] INFO  client.GrpcClientProtocolClient (GrpcClientProtocolClient.java:onNext(264)) - client-835E41B928D6->6dd5d97a-7455-476f-86d1-706748154c4a: receive RaftClientReply:client-835E41B928D6->6dd5d97a-7455-476f-86d1-706748154c4a@group-349356213E97, cid=608, SUCCESS, logIndex=0, commits[6dd5d97a-7455-476f-86d1-706748154c4a:c732, 8c1a4ac2-2d71-4742-ab0b-89dcc95eb13f:c731, c9d0001a-daad-4532-9e58-9f5f4a7ddd18:c731]
2019-09-12 14:53:32,742 [grpc-default-executor-6] INFO  client.GrpcClientProtocolClient (GrpcClientProtocolClient.java:onNext(264)) - client-835E41B928D6->6dd5d97a-7455-476f-86d1-706748154c4a: receive RaftClientReply:client-835E41B928D6->6dd5d97a-7455-476f-86d1-706748154c4a@group-349356213E97, cid=609, SUCCESS, logIndex=734, commits[6dd5d97a-7455-476f-86d1-706748154c4a:c735, 8c1a4ac2-2d71-4742-ab0b-89dcc95eb13f:c733, c9d0001a-daad-4532-9e58-9f5f4a7ddd18:c733]
2019-09-12 14:53:32,743 [grpc-default-executor-6] INFO  client.GrpcClientProtocolClient (GrpcClientProtocolClient.java:onNext(264)) - client-835E41B928D6->6dd5d97a-7455-476f-86d1-706748154c4a: receive RaftClientReply:client-835E41B928D6->6dd5d97a-7455-476f-86d1-706748154c4a@group-349356213E97, cid=610, SUCCESS, logIndex=735, commits[6dd5d97a-7455-476f-86d1-706748154c4a:c735, 8c1a4ac2-2d71-4742-ab0b-89dcc95eb13f:c733, c9d0001a-daad-4532-9e58-9f5f4a7ddd18:c733]
2019-09-12 14:53:32,752 [grpc-default-executor-6] INFO  client.GrpcClientProtocolClient (GrpcClientProtocolClient.java:onNext(264)) - client-835E41B928D6->6dd5d97a-7455-476f-86d1-706748154c4a: receive RaftClientReply:client-835E41B928D6->6dd5d97a-7455-476f-86d1-706748154c4a@group-349356213E97, cid=611, SUCCESS, logIndex=736, commits[6dd5d97a-7455-476f-86d1-706748154c4a:c739, 8c1a4ac2-2d71-4742-ab0b-89dcc95eb13f:c735, c9d0001a-daad-4532-9e58-9f5f4a7ddd18:c733]
2019-09-12 14:53:32,753 [grpc-default-executor-6] INFO  client.GrpcClientProtocolClient (GrpcClientProtocolClient.java:onNext(264)) - client-835E41B928D6->6dd5d97a-7455-476f-86d1-706748154c4a: receive RaftClientReply:client-835E41B928D6->6dd5d97a-7455-476f-86d1-706748154c4a@group-349356213E97, cid=612, SUCCESS, logIndex=737, commits[6dd5d97a-7455-476f-86d1-706748154c4a:c739, 8c1a4ac2-2d71-4742-ab0b-89dcc95eb13f:c735, c9d0001a-daad-4532-9e58-9f5f4a7ddd18:c735]
2019-09-12 14:53:32,773 [grpc-default-executor-6] INFO  client.GrpcClientProtocolClient (GrpcClientProtocolClient.java:onNext(264)) - client-835E41B928D6->6dd5d97a-7455-476f-86d1-706748154c4a: receive RaftClientReply:client-835E41B928D6->6dd5d97a-7455-476f-86d1-706748154c4a@group-349356213E97, cid=613, SUCCESS, logIndex=742, commits[6dd5d97a-7455-476f-86d1-706748154c4a:c743, 8c1a4ac2-2d71-4742-ab0b-89dcc95eb13f:c737, c9d0001a-daad-4532-9e58-9f5f4a7ddd18:c741]
2019-09-12 14:53:32,774 [grpc-default-executor-6] INFO  client.GrpcClientProtocolClient (GrpcClientProtocolClient.java:onNext(264)) - client-835E41B928D6->6dd5d97a-7455-476f-86d1-706748154c4a: receive RaftClientReply:client-835E41B928D6->6dd5d97a-7455-476f-86d1-706748154c4a@group-349356213E97, cid=614, SUCCESS, logIndex=743, commits[6dd5d97a-7455-476f-86d1-706748154c4a:c743, 8c1a4ac2-2d71-4742-ab0b-89dcc95eb13f:c741, c9d0001a-daad-4532-9e58-9f5f4a7ddd18:c741]
2019-09-12 14:53:32,794 [grpc-default-executor-5] INFO  client.GrpcClientProtocolClient (GrpcClientProtocolClient.java:onNext(264)) - client-835E41B928D6->6dd5d97a-7455-476f-86d1-706748154c4a: receive RaftClientReply:client-835E41B928D6->6dd5d97a-7455-476f-86d1-706748154c4a@group-349356213E97, cid=615, SUCCESS, logIndex=746, commits[6dd5d97a-7455-476f-86d1-706748154c4a:c747, 8c1a4ac2-2d71-4742-ab0b-89dcc95eb13f:c743, c9d0001a-daad-4532-9e58-9f5f4a7ddd18:c745]
2019-09-12 14:53:32,794 [grpc-default-executor-5] INFO  client.GrpcClientProtocolClient (GrpcClientProtocolClient.java:onNext(264)) - client-835E41B928D6->6dd5d97a-7455-476f-86d1-706748154c4a: receive RaftClientReply:client-835E41B928D6->6dd5d97a-7455-476f-86d1-706748154c4a@group-349356213E97, cid=616, SUCCESS, logIndex=747, commits[6dd5d97a-7455-476f-86d1-706748154c4a:c747, 8c1a4ac2-2d71-4742-ab0b-89dcc95eb13f:c745, c9d0001a-daad-4532-9e58-9f5f4a7ddd18:c745]
2019-09-12 14:53:32,797 [grpc-default-executor-5] INFO  client.GrpcClientProtocolClient (GrpcClientProtocolClient.java:onNext(264)) - client-835E41B928D6->6dd5d97a-7455-476f-86d1-706748154c4a: receive RaftClientReply:client-835E41B928D6->6dd5d97a-7455-476f-86d1-706748154c4a@group-349356213E97, cid=617, SUCCESS, logIndex=0, commits[6dd5d97a-7455-476f-86d1-706748154c4a:c748, 8c1a4ac2-2d71-4742-ab0b-89dcc95eb13f:c747, c9d0001a-daad-4532-9e58-9f5f4a7ddd18:c747]
2019-09-12 14:53:33,051 [grpc-default-executor-6] INFO  client.GrpcClientProtocolClient (GrpcClientProtocolClient.java:onNext(264)) - client-835E41B928D6->6dd5d97a-7455-476f-86d1-706748154c4a: receive RaftClientReply:client-835E41B928D6->6dd5d97a-7455-476f-86d1-706748154c4a@group-349356213E97, cid=618, SUCCESS, logIndex=750, commits[6dd5d97a-7455-476f-86d1-706748154c4a:c752, 8c1a4ac2-2d71-4742-ab0b-89dcc95eb13f:c749, c9d0001a-daad-4532-9e58-9f5f4a7ddd18:c749]
2019-09-12 14:53:33,052 [grpc-default-executor-6] INFO  client.GrpcClientProtocolClient (GrpcClientProtocolClient.java:onNext(264)) - client-835E41B928D6->6dd5d97a-7455-476f-86d1-706748154c4a: receive RaftClientReply:client-835E41B928D6->6dd5d97a-7455-476f-86d1-706748154c4a@group-349356213E97, cid=619, SUCCESS, logIndex=751, commits[6dd5d97a-7455-476f-86d1-706748154c4a:c753, 8c1a4ac2-2d71-4742-ab0b-89dcc95eb13f:c749, c9d0001a-daad-4532-9e58-9f5f4a7ddd18:c749]
2019-09-12 14:53:33,052 [grpc-default-executor-6] INFO  client.GrpcClientProtocolClient (GrpcClientProtocolClient.java:onNext(264)) - client-835E41B928D6->6dd5d97a-7455-476f-86d1-706748154c4a: receive RaftClientReply:client-835E41B928D6->6dd5d97a-7455-476f-86d1-706748154c4a@group-349356213E97, cid=620, SUCCESS, logIndex=752, commits[6dd5d97a-7455-476f-86d1-706748154c4a:c753, 8c1a4ac2-2d71-4742-ab0b-89dcc95eb13f:c749, c9d0001a-daad-4532-9e58-9f5f4a7ddd18:c749]
2019-09-12 14:53:33,053 [grpc-default-executor-6] INFO  client.GrpcClientProtocolClient (GrpcClientProtocolClient.java:onNext(264)) - client-835E41B928D6->6dd5d97a-7455-476f-86d1-706748154c4a: receive RaftClientReply:client-835E41B928D6->6dd5d97a-7455-476f-86d1-706748154c4a@group-349356213E97, cid=621, SUCCESS, logIndex=753, commits[6dd5d97a-7455-476f-86d1-706748154c4a:c753, 8c1a4ac2-2d71-4742-ab0b-89dcc95eb13f:c749, c9d0001a-daad-4532-9e58-9f5f4a7ddd18:c749]
2019-09-12 14:53:33,068 [grpc-default-executor-6] INFO  client.GrpcClientProtocolClient (GrpcClientProtocolClient.java:onNext(264)) - client-835E41B928D6->6dd5d97a-7455-476f-86d1-706748154c4a: receive RaftClientReply:client-835E41B928D6->6dd5d97a-7455-476f-86d1-706748154c4a@group-349356213E97, cid=622, SUCCESS, logIndex=0, commits[6dd5d97a-7455-476f-86d1-706748154c4a:c756, 8c1a4ac2-2d71-4742-ab0b-89dcc95eb13f:c752, c9d0001a-daad-4532-9e58-9f5f4a7ddd18:c751]
2019-09-12 14:53:33,095 [grpc-default-executor-5] INFO  client.GrpcClientProtocolClient (GrpcClientProtocolClient.java:onNext(264)) - client-835E41B928D6->6dd5d97a-7455-476f-86d1-706748154c4a: receive RaftClientReply:client-835E41B928D6->6dd5d97a-7455-476f-86d1-706748154c4a@group-349356213E97, cid=623, SUCCESS, logIndex=758, commits[6dd5d97a-7455-476f-86d1-706748154c4a:c759, 8c1a4ac2-2d71-4742-ab0b-89dcc95eb13f:c757, c9d0001a-daad-4532-9e58-9f5f4a7ddd18:c757]
2019-09-12 14:53:33,096 [grpc-default-executor-5] INFO  client.GrpcClientProtocolClient (GrpcClientProtocolClient.java:onNext(264)) - client-835E41B928D6->6dd5d97a-7455-476f-86d1-706748154c4a: receive RaftClientReply:client-835E41B928D6->6dd5d97a-7455-476f-86d1-706748154c4a@group-349356213E97, cid=624, SUCCESS, logIndex=759, commits[6dd5d97a-7455-476f-86d1-706748154c4a:c759, 8c1a4ac2-2d71-4742-ab0b-89dcc95eb13f:c757, c9d0001a-daad-4532-9e58-9f5f4a7ddd18:c757]
2019-09-12 14:53:33,123 [grpc-default-executor-5] INFO  client.GrpcClientProtocolClient (GrpcClientProtocolClient.java:onNext(264)) - client-835E41B928D6->6dd5d97a-7455-476f-86d1-706748154c4a: receive RaftClientReply:client-835E41B928D6->6dd5d97a-7455-476f-86d1-706748154c4a@group-349356213E97, cid=625, SUCCESS, logIndex=762, commits[6dd5d97a-7455-476f-86d1-706748154c4a:c763, 8c1a4ac2-2d71-4742-ab0b-89dcc95eb13f:c760, c9d0001a-daad-4532-9e58-9f5f4a7ddd18:c760]
2019-09-12 14:53:33,123 [grpc-default-executor-5] INFO  client.GrpcClientProtocolClient (GrpcClientProtocolClient.java:onNext(264)) - client-835E41B928D6->6dd5d97a-7455-476f-86d1-706748154c4a: receive RaftClientReply:client-835E41B928D6->6dd5d97a-7455-476f-86d1-706748154c4a@group-349356213E97, cid=626, SUCCESS, logIndex=763, commits[6dd5d97a-7455-476f-86d1-706748154c4a:c763, 8c1a4ac2-2d71-4742-ab0b-89dcc95eb13f:c760, c9d0001a-daad-4532-9e58-9f5f4a7ddd18:c760]
2019-09-12 14:53:33,134 [grpc-default-executor-5] INFO  client.GrpcClientProtocolClient (GrpcClientProtocolClient.java:onNext(264)) - client-835E41B928D6->6dd5d97a-7455-476f-86d1-706748154c4a: receive RaftClientReply:client-835E41B928D6->6dd5d97a-7455-476f-86d1-706748154c4a@group-349356213E97, cid=627, SUCCESS, logIndex=0, commits[6dd5d97a-7455-476f-86d1-706748154c4a:c764, 8c1a4ac2-2d71-4742-ab0b-89dcc95eb13f:c763, c9d0001a-daad-4532-9e58-9f5f4a7ddd18:c763]
2019-09-12 14:53:33,159 [grpc-default-executor-6] INFO  client.GrpcClientProtocolClient (GrpcClientProtocolClient.java:onNext(264)) - client-835E41B928D6->6dd5d97a-7455-476f-86d1-706748154c4a: receive RaftClientReply:client-835E41B928D6->6dd5d97a-7455-476f-86d1-706748154c4a@group-349356213E97, cid=628, SUCCESS, logIndex=766, commits[6dd5d97a-7455-476f-86d1-706748154c4a:c767, 8c1a4ac2-2d71-4742-ab0b-89dcc95eb13f:c765, c9d0001a-daad-4532-9e58-9f5f4a7ddd18:c763]
2019-09-12 14:53:33,160 [grpc-default-executor-6] INFO  client.GrpcClientProtocolClient (GrpcClientProtocolClient.java:onNext(264)) - client-835E41B928D6->6dd5d97a-7455-476f-86d1-706748154c4a: receive RaftClientReply:client-835E41B928D6->6dd5d97a-7455-476f-86d1-706748154c4a@group-349356213E97, cid=629, SUCCESS, logIndex=767, commits[6dd5d97a-7455-476f-86d1-706748154c4a:c769, 8c1a4ac2-2d71-4742-ab0b-89dcc95eb13f:c765, c9d0001a-daad-4532-9e58-9f5f4a7ddd18:c765]
2019-09-12 14:53:33,162 [grpc-default-executor-6] INFO  client.GrpcClientProtocolClient (GrpcClientProtocolClient.java:onNext(264)) - client-835E41B928D6->6dd5d97a-7455-476f-86d1-706748154c4a: receive RaftClientReply:client-835E41B928D6->6dd5d97a-7455-476f-86d1-706748154c4a@group-349356213E97, cid=630, SUCCESS, logIndex=768, commits[6dd5d97a-7455-476f-86d1-706748154c4a:c769, 8c1a4ac2-2d71-4742-ab0b-89dcc95eb13f:c765, c9d0001a-daad-4532-9e58-9f5f4a7ddd18:c765]
2019-09-12 14:53:33,162 [grpc-default-executor-6] INFO  client.GrpcClientProtocolClient (GrpcClientProtocolClient.java:onNext(264)) - client-835E41B928D6->6dd5d97a-7455-476f-86d1-706748154c4a: receive RaftClientReply:client-835E41B928D6->6dd5d97a-7455-476f-86d1-706748154c4a@group-349356213E97, cid=631, SUCCESS, logIndex=769, commits[6dd5d97a-7455-476f-86d1-706748154c4a:c769, 8c1a4ac2-2d71-4742-ab0b-89dcc95eb13f:c767, c9d0001a-daad-4532-9e58-9f5f4a7ddd18:c765]
2019-09-12 14:53:33,163 [grpc-default-executor-6] INFO  client.GrpcClientProtocolClient (GrpcClientProtocolClient.java:onNext(264)) - client-835E41B928D6->6dd5d97a-7455-476f-86d1-706748154c4a: receive RaftClientReply:client-835E41B928D6->6dd5d97a-7455-476f-86d1-706748154c4a@group-349356213E97, cid=632, SUCCESS, logIndex=0, commits[6dd5d97a-7455-476f-86d1-706748154c4a:c773, 8c1a4ac2-2d71-4742-ab0b-89dcc95eb13f:c769, c9d0001a-daad-4532-9e58-9f5f4a7ddd18:c769]
2019-09-12 14:53:33,185 [grpc-default-executor-5] INFO  client.GrpcClientProtocolClient (GrpcClientProtocolClient.java:onNext(264)) - client-835E41B928D6->6dd5d97a-7455-476f-86d1-706748154c4a: receive RaftClientReply:client-835E41B928D6->6dd5d97a-7455-476f-86d1-706748154c4a@group-349356213E97, cid=633, SUCCESS, logIndex=774, commits[6dd5d97a-7455-476f-86d1-706748154c4a:c775, 8c1a4ac2-2d71-4742-ab0b-89dcc95eb13f:c773, c9d0001a-daad-4532-9e58-9f5f4a7ddd18:c773]
2019-09-12 14:53:33,186 [grpc-default-executor-5] INFO  client.GrpcClientProtocolClient (GrpcClientProtocolClient.java:onNext(264)) - client-835E41B928D6->6dd5d97a-7455-476f-86d1-706748154c4a: receive RaftClientReply:client-835E41B928D6->6dd5d97a-7455-476f-86d1-706748154c4a@group-349356213E97, cid=634, SUCCESS, logIndex=775, commits[6dd5d97a-7455-476f-86d1-706748154c4a:c775, 8c1a4ac2-2d71-4742-ab0b-89dcc95eb13f:c773, c9d0001a-daad-4532-9e58-9f5f4a7ddd18:c773]
2019-09-12 14:53:33,211 [grpc-default-executor-2] INFO  client.GrpcClientProtocolClient (GrpcClientProtocolClient.java:onNext(264)) - client-835E41B928D6->6dd5d97a-7455-476f-86d1-706748154c4a: receive RaftClientReply:client-835E41B928D6->6dd5d97a-7455-476f-86d1-706748154c4a@group-349356213E97, cid=635, SUCCESS, logIndex=778, commits[6dd5d97a-7455-476f-86d1-706748154c4a:c779, 8c1a4ac2-2d71-4742-ab0b-89dcc95eb13f:c775, c9d0001a-daad-4532-9e58-9f5f4a7ddd18:c775]
2019-09-12 14:53:33,212 [grpc-default-executor-2] INFO  client.GrpcClientProtocolClient (GrpcClientProtocolClient.java:onNext(264)) - client-835E41B928D6->6dd5d97a-7455-476f-86d1-706748154c4a: receive RaftClientReply:client-835E41B928D6->6dd5d97a-7455-476f-86d1-706748154c4a@group-349356213E97, cid=636, SUCCESS, logIndex=779, commits[6dd5d97a-7455-476f-86d1-706748154c4a:c779, 8c1a4ac2-2d71-4742-ab0b-89dcc95eb13f:c775, c9d0001a-daad-4532-9e58-9f5f4a7ddd18:c775]
2019-09-12 14:53:33,224 [grpc-default-executor-6] INFO  client.GrpcClientProtocolClient (GrpcClientProtocolClient.java:onNext(264)) - client-835E41B928D6->6dd5d97a-7455-476f-86d1-706748154c4a: receive RaftClientReply:client-835E41B928D6->6dd5d97a-7455-476f-86d1-706748154c4a@group-349356213E97, cid=637, SUCCESS, logIndex=0, commits[6dd5d97a-7455-476f-86d1-706748154c4a:c781, 8c1a4ac2-2d71-4742-ab0b-89dcc95eb13f:c779, c9d0001a-daad-4532-9e58-9f5f4a7ddd18:c779]
2019-09-12 14:53:33,246 [grpc-default-executor-2] INFO  client.GrpcClientProtocolClient (GrpcClientProtocolClient.java:onNext(264)) - client-835E41B928D6->6dd5d97a-7455-476f-86d1-706748154c4a: receive RaftClientReply:client-835E41B928D6->6dd5d97a-7455-476f-86d1-706748154c4a@group-349356213E97, cid=638, SUCCESS, logIndex=782, commits[6dd5d97a-7455-476f-86d1-706748154c4a:c782, 8c1a4ac2-2d71-4742-ab0b-89dcc95eb13f:c779, c9d0001a-daad-4532-9e58-9f5f4a7ddd18:c781]
2019-09-12 14:53:33,247 [grpc-default-executor-2] INFO  client.GrpcClientProtocolClient (GrpcClientProtocolClient.java:onNext(264)) - client-835E41B928D6->6dd5d97a-7455-476f-86d1-706748154c4a: receive RaftClientReply:client-835E41B928D6->6dd5d97a-7455-476f-86d1-706748154c4a@group-349356213E97, cid=639, SUCCESS, logIndex=783, commits[6dd5d97a-7455-476f-86d1-706748154c4a:c783, 8c1a4ac2-2d71-4742-ab0b-89dcc95eb13f:c779, c9d0001a-daad-4532-9e58-9f5f4a7ddd18:c781]
2019-09-12 14:53:33,252 [grpc-default-executor-2] INFO  client.GrpcClientProtocolClient (GrpcClientProtocolClient.java:onNext(264)) - client-835E41B928D6->6dd5d97a-7455-476f-86d1-706748154c4a: receive RaftClientReply:client-835E41B928D6->6dd5d97a-7455-476f-86d1-706748154c4a@group-349356213E97, cid=640, SUCCESS, logIndex=784, commits[6dd5d97a-7455-476f-86d1-706748154c4a:c786, 8c1a4ac2-2d71-4742-ab0b-89dcc95eb13f:c781, c9d0001a-daad-4532-9e58-9f5f4a7ddd18:c783]
2019-09-12 14:53:33,259 [grpc-default-executor-2] INFO  client.GrpcClientProtocolClient (GrpcClientProtocolClient.java:onNext(264)) - client-835E41B928D6->6dd5d97a-7455-476f-86d1-706748154c4a: receive RaftClientReply:client-835E41B928D6->6dd5d97a-7455-476f-86d1-706748154c4a@group-349356213E97, cid=641, SUCCESS, logIndex=785, commits[6dd5d97a-7455-476f-86d1-706748154c4a:c789, 8c1a4ac2-2d71-4742-ab0b-89dcc95eb13f:c783, c9d0001a-daad-4532-9e58-9f5f4a7ddd18:c785]
2019-09-12 14:53:33,277 [grpc-default-executor-6] INFO  client.GrpcClientProtocolClient (GrpcClientProtocolClient.java:onNext(264)) - client-835E41B928D6->6dd5d97a-7455-476f-86d1-706748154c4a: receive RaftClientReply:client-835E41B928D6->6dd5d97a-7455-476f-86d1-706748154c4a@group-349356213E97, cid=642, SUCCESS, logIndex=790, commits[6dd5d97a-7455-476f-86d1-706748154c4a:c791, 8c1a4ac2-2d71-4742-ab0b-89dcc95eb13f:c789, c9d0001a-daad-4532-9e58-9f5f4a7ddd18:c789]
2019-09-12 14:53:33,278 [grpc-default-executor-6] INFO  client.GrpcClientProtocolClient (GrpcClientProtocolClient.java:onNext(264)) - client-835E41B928D6->6dd5d97a-7455-476f-86d1-706748154c4a: receive RaftClientReply:client-835E41B928D6->6dd5d97a-7455-476f-86d1-706748154c4a@group-349356213E97, cid=643, SUCCESS, logIndex=791, commits[6dd5d97a-7455-476f-86d1-706748154c4a:c791, 8c1a4ac2-2d71-4742-ab0b-89dcc95eb13f:c789, c9d0001a-daad-4532-9e58-9f5f4a7ddd18:c789]
2019-09-12 14:53:33,292 [grpc-default-executor-6] INFO  client.GrpcClientProtocolClient (GrpcClientProtocolClient.java:onNext(264)) - client-835E41B928D6->6dd5d97a-7455-476f-86d1-706748154c4a: receive RaftClientReply:client-835E41B928D6->6dd5d97a-7455-476f-86d1-706748154c4a@group-349356213E97, cid=644, SUCCESS, logIndex=794, commits[6dd5d97a-7455-476f-86d1-706748154c4a:c795, 8c1a4ac2-2d71-4742-ab0b-89dcc95eb13f:c793, c9d0001a-daad-4532-9e58-9f5f4a7ddd18:c793]
2019-09-12 14:53:33,293 [grpc-default-executor-6] INFO  client.GrpcClientProtocolClient (GrpcClientProtocolClient.java:onNext(264)) - client-835E41B928D6->6dd5d97a-7455-476f-86d1-706748154c4a: receive RaftClientReply:client-835E41B928D6->6dd5d97a-7455-476f-86d1-706748154c4a@group-349356213E97, cid=645, SUCCESS, logIndex=795, commits[6dd5d97a-7455-476f-86d1-706748154c4a:c795, 8c1a4ac2-2d71-4742-ab0b-89dcc95eb13f:c793, c9d0001a-daad-4532-9e58-9f5f4a7ddd18:c793]
2019-09-12 14:53:33,297 [grpc-default-executor-6] INFO  client.GrpcClientProtocolClient (GrpcClientProtocolClient.java:onNext(264)) - client-835E41B928D6->6dd5d97a-7455-476f-86d1-706748154c4a: receive RaftClientReply:client-835E41B928D6->6dd5d97a-7455-476f-86d1-706748154c4a@group-349356213E97, cid=646, SUCCESS, logIndex=0, commits[6dd5d97a-7455-476f-86d1-706748154c4a:c797, 8c1a4ac2-2d71-4742-ab0b-89dcc95eb13f:c795, c9d0001a-daad-4532-9e58-9f5f4a7ddd18:c795]
2019-09-12 14:53:33,331 [grpc-default-executor-6] INFO  client.GrpcClientProtocolClient (GrpcClientProtocolClient.java:onNext(264)) - client-835E41B928D6->6dd5d97a-7455-476f-86d1-706748154c4a: receive RaftClientReply:client-835E41B928D6->6dd5d97a-7455-476f-86d1-706748154c4a@group-349356213E97, cid=647, SUCCESS, logIndex=798, commits[6dd5d97a-7455-476f-86d1-706748154c4a:c801, 8c1a4ac2-2d71-4742-ab0b-89dcc95eb13f:c797, c9d0001a-daad-4532-9e58-9f5f4a7ddd18:c795]
2019-09-12 14:53:33,331 [grpc-default-executor-6] INFO  client.GrpcClientProtocolClient (GrpcClientProtocolClient.java:onNext(264)) - client-835E41B928D6->6dd5d97a-7455-476f-86d1-706748154c4a: receive RaftClientReply:client-835E41B928D6->6dd5d97a-7455-476f-86d1-706748154c4a@group-349356213E97, cid=648, SUCCESS, logIndex=799, commits[6dd5d97a-7455-476f-86d1-706748154c4a:c801, 8c1a4ac2-2d71-4742-ab0b-89dcc95eb13f:c797, c9d0001a-daad-4532-9e58-9f5f4a7ddd18:c797]
2019-09-12 14:53:33,332 [grpc-default-executor-6] INFO  client.GrpcClientProtocolClient (GrpcClientProtocolClient.java:onNext(264)) - client-835E41B928D6->6dd5d97a-7455-476f-86d1-706748154c4a: receive RaftClientReply:client-835E41B928D6->6dd5d97a-7455-476f-86d1-706748154c4a@group-349356213E97, cid=649, SUCCESS, logIndex=800, commits[6dd5d97a-7455-476f-86d1-706748154c4a:c801, 8c1a4ac2-2d71-4742-ab0b-89dcc95eb13f:c797, c9d0001a-daad-4532-9e58-9f5f4a7ddd18:c797]
2019-09-12 14:53:33,332 [grpc-default-executor-6] INFO  client.GrpcClientProtocolClient (GrpcClientProtocolClient.java:onNext(264)) - client-835E41B928D6->6dd5d97a-7455-476f-86d1-706748154c4a: receive RaftClientReply:client-835E41B928D6->6dd5d97a-7455-476f-86d1-706748154c4a@group-349356213E97, cid=650, SUCCESS, logIndex=801, commits[6dd5d97a-7455-476f-86d1-706748154c4a:c801, 8c1a4ac2-2d71-4742-ab0b-89dcc95eb13f:c797, c9d0001a-daad-4532-9e58-9f5f4a7ddd18:c797]
2019-09-12 14:53:33,342 [grpc-default-executor-6] INFO  client.GrpcClientProtocolClient (GrpcClientProtocolClient.java:onNext(264)) - client-835E41B928D6->6dd5d97a-7455-476f-86d1-706748154c4a: receive RaftClientReply:client-835E41B928D6->6dd5d97a-7455-476f-86d1-706748154c4a@group-349356213E97, cid=651, SUCCESS, logIndex=0, commits[6dd5d97a-7455-476f-86d1-706748154c4a:c802, 8c1a4ac2-2d71-4742-ab0b-89dcc95eb13f:c799, c9d0001a-daad-4532-9e58-9f5f4a7ddd18:c799]
2019-09-12 14:53:33,370 [grpc-default-executor-2] INFO  client.GrpcClientProtocolClient (GrpcClientProtocolClient.java:onNext(264)) - client-835E41B928D6->6dd5d97a-7455-476f-86d1-706748154c4a: receive RaftClientReply:client-835E41B928D6->6dd5d97a-7455-476f-86d1-706748154c4a@group-349356213E97, cid=652, SUCCESS, logIndex=805, commits[6dd5d97a-7455-476f-86d1-706748154c4a:c805, 8c1a4ac2-2d71-4742-ab0b-89dcc95eb13f:c804, c9d0001a-daad-4532-9e58-9f5f4a7ddd18:c801]
2019-09-12 14:53:33,370 [grpc-default-executor-2] INFO  client.GrpcClientProtocolClient (GrpcClientProtocolClient.java:onNext(264)) - client-835E41B928D6->6dd5d97a-7455-476f-86d1-706748154c4a: receive RaftClientReply:client-835E41B928D6->6dd5d97a-7455-476f-86d1-706748154c4a@group-349356213E97, cid=653, SUCCESS, logIndex=806, commits[6dd5d97a-7455-476f-86d1-706748154c4a:c806, 8c1a4ac2-2d71-4742-ab0b-89dcc95eb13f:c804, c9d0001a-daad-4532-9e58-9f5f4a7ddd18:c804]
2019-09-12 14:53:33,396 [grpc-default-executor-6] INFO  client.GrpcClientProtocolClient (GrpcClientProtocolClient.java:onNext(264)) - client-835E41B928D6->6dd5d97a-7455-476f-86d1-706748154c4a: receive RaftClientReply:client-835E41B928D6->6dd5d97a-7455-476f-86d1-706748154c4a@group-349356213E97, cid=654, SUCCESS, logIndex=809, commits[6dd5d97a-7455-476f-86d1-706748154c4a:c810, 8c1a4ac2-2d71-4742-ab0b-89dcc95eb13f:c806, c9d0001a-daad-4532-9e58-9f5f4a7ddd18:c806]
2019-09-12 14:53:33,396 [grpc-default-executor-6] INFO  client.GrpcClientProtocolClient (GrpcClientProtocolClient.java:onNext(264)) - client-835E41B928D6->6dd5d97a-7455-476f-86d1-706748154c4a: receive RaftClientReply:client-835E41B928D6->6dd5d97a-7455-476f-86d1-706748154c4a@group-349356213E97, cid=655, SUCCESS, logIndex=810, commits[6dd5d97a-7455-476f-86d1-706748154c4a:c810, 8c1a4ac2-2d71-4742-ab0b-89dcc95eb13f:c806, c9d0001a-daad-4532-9e58-9f5f4a7ddd18:c806]
2019-09-12 14:53:33,410 [grpc-default-executor-6] INFO  client.GrpcClientProtocolClient (GrpcClientProtocolClient.java:onNext(264)) - client-835E41B928D6->6dd5d97a-7455-476f-86d1-706748154c4a: receive RaftClientReply:client-835E41B928D6->6dd5d97a-7455-476f-86d1-706748154c4a@group-349356213E97, cid=656, SUCCESS, logIndex=0, commits[6dd5d97a-7455-476f-86d1-706748154c4a:c812, 8c1a4ac2-2d71-4742-ab0b-89dcc95eb13f:c810, c9d0001a-daad-4532-9e58-9f5f4a7ddd18:c810]
 0.00% |█                                                                                                    |  0/1 Time: 0:00:012019-09-12 14:53:33,434 [grpc-default-executor-6] INFO  client.GrpcClientProtocolClient (GrpcClientProtocolClient.java:onNext(264)) - client-835E41B928D6->6dd5d97a-7455-476f-86d1-706748154c4a: receive RaftClientReply:client-835E41B928D6->6dd5d97a-7455-476f-86d1-706748154c4a@group-349356213E97, cid=657, SUCCESS, logIndex=813, commits[6dd5d97a-7455-476f-86d1-706748154c4a:c815, 8c1a4ac2-2d71-4742-ab0b-89dcc95eb13f:c812, c9d0001a-daad-4532-9e58-9f5f4a7ddd18:c812]
2019-09-12 14:53:33,435 [grpc-default-executor-6] INFO  client.GrpcClientProtocolClient (GrpcClientProtocolClient.java:onNext(264)) - client-835E41B928D6->6dd5d97a-7455-476f-86d1-706748154c4a: receive RaftClientReply:client-835E41B928D6->6dd5d97a-7455-476f-86d1-706748154c4a@group-349356213E97, cid=658, SUCCESS, logIndex=814, commits[6dd5d97a-7455-476f-86d1-706748154c4a:c816, 8c1a4ac2-2d71-4742-ab0b-89dcc95eb13f:c812, c9d0001a-daad-4532-9e58-9f5f4a7ddd18:c812]
2019-09-12 14:53:33,435 [grpc-default-executor-6] INFO  client.GrpcClientProtocolClient (GrpcClientProtocolClient.java:onNext(264)) - client-835E41B928D6->6dd5d97a-7455-476f-86d1-706748154c4a: receive RaftClientReply:client-835E41B928D6->6dd5d97a-7455-476f-86d1-706748154c4a@group-349356213E97, cid=659, SUCCESS, logIndex=815, commits[6dd5d97a-7455-476f-86d1-706748154c4a:c816, 8c1a4ac2-2d71-4742-ab0b-89dcc95eb13f:c812, c9d0001a-daad-4532-9e58-9f5f4a7ddd18:c812]
2019-09-12 14:53:33,435 [grpc-default-executor-6] INFO  client.GrpcClientProtocolClient (GrpcClientProtocolClient.java:onNext(264)) - client-835E41B928D6->6dd5d97a-7455-476f-86d1-706748154c4a: receive RaftClientReply:client-835E41B928D6->6dd5d97a-7455-476f-86d1-706748154c4a@group-349356213E97, cid=660, SUCCESS, logIndex=816, commits[6dd5d97a-7455-476f-86d1-706748154c4a:c816, 8c1a4ac2-2d71-4742-ab0b-89dcc95eb13f:c812, c9d0001a-daad-4532-9e58-9f5f4a7ddd18:c812]
2019-09-12 14:53:33,451 [grpc-default-executor-6] INFO  client.GrpcClientProtocolClient (GrpcClientProtocolClient.java:onNext(264)) - client-835E41B928D6->6dd5d97a-7455-476f-86d1-706748154c4a: receive RaftClientReply:client-835E41B928D6->6dd5d97a-7455-476f-86d1-706748154c4a@group-349356213E97, cid=661, SUCCESS, logIndex=0, commits[6dd5d97a-7455-476f-86d1-706748154c4a:c819, 8c1a4ac2-2d71-4742-ab0b-89dcc95eb13f:c814, c9d0001a-daad-4532-9e58-9f5f4a7ddd18:c815]
2019-09-12 14:53:33,475 [grpc-default-executor-6] INFO  client.GrpcClientProtocolClient (GrpcClientProtocolClient.java:onNext(264)) - client-835E41B928D6->6dd5d97a-7455-476f-86d1-706748154c4a: receive RaftClientReply:client-835E41B928D6->6dd5d97a-7455-476f-86d1-706748154c4a@group-349356213E97, cid=662, SUCCESS, logIndex=821, commits[6dd5d97a-7455-476f-86d1-706748154c4a:c822, 8c1a4ac2-2d71-4742-ab0b-89dcc95eb13f:c820, c9d0001a-daad-4532-9e58-9f5f4a7ddd18:c820]
2019-09-12 14:53:33,475 [grpc-default-executor-6] INFO  client.GrpcClientProtocolClient (GrpcClientProtocolClient.java:onNext(264)) - client-835E41B928D6->6dd5d97a-7455-476f-86d1-706748154c4a: receive RaftClientReply:client-835E41B928D6->6dd5d97a-7455-476f-86d1-706748154c4a@group-349356213E97, cid=663, SUCCESS, logIndex=822, commits[6dd5d97a-7455-476f-86d1-706748154c4a:c822, 8c1a4ac2-2d71-4742-ab0b-89dcc95eb13f:c820, c9d0001a-daad-4532-9e58-9f5f4a7ddd18:c820]
2019-09-12 14:53:33,502 [grpc-default-executor-5] INFO  client.GrpcClientProtocolClient (GrpcClientProtocolClient.java:onNext(264)) - client-835E41B928D6->6dd5d97a-7455-476f-86d1-706748154c4a: receive RaftClientReply:client-835E41B928D6->6dd5d97a-7455-476f-86d1-706748154c4a@group-349356213E97, cid=664, SUCCESS, logIndex=825, commits[6dd5d97a-7455-476f-86d1-706748154c4a:c826, 8c1a4ac2-2d71-4742-ab0b-89dcc95eb13f:c822, c9d0001a-daad-4532-9e58-9f5f4a7ddd18:c822]
2019-09-12 14:53:33,504 [grpc-default-executor-5] INFO  client.GrpcClientProtocolClient (GrpcClientProtocolClient.java:onNext(264)) - client-835E41B928D6->6dd5d97a-7455-476f-86d1-706748154c4a: receive RaftClientReply:client-835E41B928D6->6dd5d97a-7455-476f-86d1-706748154c4a@group-349356213E97, cid=665, SUCCESS, logIndex=826, commits[6dd5d97a-7455-476f-86d1-706748154c4a:c826, 8c1a4ac2-2d71-4742-ab0b-89dcc95eb13f:c822, c9d0001a-daad-4532-9e58-9f5f4a7ddd18:c822]
2019-09-12 14:53:33,516 [grpc-default-executor-5] INFO  client.GrpcClientProtocolClient (GrpcClientProtocolClient.java:onNext(264)) - client-835E41B928D6->6dd5d97a-7455-476f-86d1-706748154c4a: receive RaftClientReply:client-835E41B928D6->6dd5d97a-7455-476f-86d1-706748154c4a@group-349356213E97, cid=666, SUCCESS, logIndex=0, commits[6dd5d97a-7455-476f-86d1-706748154c4a:c828, 8c1a4ac2-2d71-4742-ab0b-89dcc95eb13f:c826, c9d0001a-daad-4532-9e58-9f5f4a7ddd18:c826]
2019-09-12 14:53:33,546 [grpc-default-executor-6] INFO  client.GrpcClientProtocolClient (GrpcClientProtocolClient.java:onNext(264)) - client-835E41B928D6->6dd5d97a-7455-476f-86d1-706748154c4a: receive RaftClientReply:client-835E41B928D6->6dd5d97a-7455-476f-86d1-706748154c4a@group-349356213E97, cid=667, SUCCESS, logIndex=829, commits[6dd5d97a-7455-476f-86d1-706748154c4a:c830, 8c1a4ac2-2d71-4742-ab0b-89dcc95eb13f:c828, c9d0001a-daad-4532-9e58-9f5f4a7ddd18:c828]
2019-09-12 14:53:33,547 [grpc-default-executor-6] INFO  client.GrpcClientProtocolClient (GrpcClientProtocolClient.java:onNext(264)) - client-835E41B928D6->6dd5d97a-7455-476f-86d1-706748154c4a: receive RaftClientReply:client-835E41B928D6->6dd5d97a-7455-476f-86d1-706748154c4a@group-349356213E97, cid=668, SUCCESS, logIndex=830, commits[6dd5d97a-7455-476f-86d1-706748154c4a:c832, 8c1a4ac2-2d71-4742-ab0b-89dcc95eb13f:c828, c9d0001a-daad-4532-9e58-9f5f4a7ddd18:c828]
2019-09-12 14:53:33,547 [grpc-default-executor-6] INFO  client.GrpcClientProtocolClient (GrpcClientProtocolClient.java:onNext(264)) - client-835E41B928D6->6dd5d97a-7455-476f-86d1-706748154c4a: receive RaftClientReply:client-835E41B928D6->6dd5d97a-7455-476f-86d1-706748154c4a@group-349356213E97, cid=669, SUCCESS, logIndex=831, commits[6dd5d97a-7455-476f-86d1-706748154c4a:c832, 8c1a4ac2-2d71-4742-ab0b-89dcc95eb13f:c828, c9d0001a-daad-4532-9e58-9f5f4a7ddd18:c828]
2019-09-12 14:53:33,547 [grpc-default-executor-6] INFO  client.GrpcClientProtocolClient (GrpcClientProtocolClient.java:onNext(264)) - client-835E41B928D6->6dd5d97a-7455-476f-86d1-706748154c4a: receive RaftClientReply:client-835E41B928D6->6dd5d97a-7455-476f-86d1-706748154c4a@group-349356213E97, cid=670, SUCCESS, logIndex=832, commits[6dd5d97a-7455-476f-86d1-706748154c4a:c832, 8c1a4ac2-2d71-4742-ab0b-89dcc95eb13f:c828, c9d0001a-daad-4532-9e58-9f5f4a7ddd18:c828]
2019-09-12 14:53:33,549 [grpc-default-executor-6] INFO  client.GrpcClientProtocolClient (GrpcClientProtocolClient.java:onNext(264)) - client-835E41B928D6->6dd5d97a-7455-476f-86d1-706748154c4a: receive RaftClientReply:client-835E41B928D6->6dd5d97a-7455-476f-86d1-706748154c4a@group-349356213E97, cid=671, SUCCESS, logIndex=0, commits[6dd5d97a-7455-476f-86d1-706748154c4a:c833, 8c1a4ac2-2d71-4742-ab0b-89dcc95eb13f:c830, c9d0001a-daad-4532-9e58-9f5f4a7ddd18:c830]
2019-09-12 14:53:33,564 [grpc-default-executor-6] INFO  client.GrpcClientProtocolClient (GrpcClientProtocolClient.java:onNext(264)) - client-835E41B928D6->6dd5d97a-7455-476f-86d1-706748154c4a: receive RaftClientReply:client-835E41B928D6->6dd5d97a-7455-476f-86d1-706748154c4a@group-349356213E97, cid=672, SUCCESS, logIndex=837, commits[6dd5d97a-7455-476f-86d1-706748154c4a:c838, 8c1a4ac2-2d71-4742-ab0b-89dcc95eb13f:c832, c9d0001a-daad-4532-9e58-9f5f4a7ddd18:c836]
2019-09-12 14:53:33,565 [grpc-default-executor-6] INFO  client.GrpcClientProtocolClient (GrpcClientProtocolClient.java:onNext(264)) - client-835E41B928D6->6dd5d97a-7455-476f-86d1-706748154c4a: receive RaftClientReply:client-835E41B928D6->6dd5d97a-7455-476f-86d1-706748154c4a@group-349356213E97, cid=673, SUCCESS, logIndex=838, commits[6dd5d97a-7455-476f-86d1-706748154c4a:c838, 8c1a4ac2-2d71-4742-ab0b-89dcc95eb13f:c836, c9d0001a-daad-4532-9e58-9f5f4a7ddd18:c836]
2019-09-12 14:53:33,580 [grpc-default-executor-5] INFO  client.GrpcClientProtocolClient (GrpcClientProtocolClient.java:onNext(264)) - client-835E41B928D6->6dd5d97a-7455-476f-86d1-706748154c4a: receive RaftClientReply:client-835E41B928D6->6dd5d97a-7455-476f-86d1-706748154c4a@group-349356213E97, cid=674, SUCCESS, logIndex=841, commits[6dd5d97a-7455-476f-86d1-706748154c4a:c842, 8c1a4ac2-2d71-4742-ab0b-89dcc95eb13f:c838, c9d0001a-daad-4532-9e58-9f5f4a7ddd18:c840]
2019-09-12 14:53:33,581 [grpc-default-executor-5] INFO  client.GrpcClientProtocolClient (GrpcClientProtocolClient.java:onNext(264)) - client-835E41B928D6->6dd5d97a-7455-476f-86d1-706748154c4a: receive RaftClientReply:client-835E41B928D6->6dd5d97a-7455-476f-86d1-706748154c4a@group-349356213E97, cid=675, SUCCESS, logIndex=842, commits[6dd5d97a-7455-476f-86d1-706748154c4a:c842, 8c1a4ac2-2d71-4742-ab0b-89dcc95eb13f:c840, c9d0001a-daad-4532-9e58-9f5f4a7ddd18:c840]
2019-09-12 14:53:33,584 [grpc-default-executor-5] INFO  client.GrpcClientProtocolClient (GrpcClientProtocolClient.java:onNext(264)) - client-835E41B928D6->6dd5d97a-7455-476f-86d1-706748154c4a: receive RaftClientReply:client-835E41B928D6->6dd5d97a-7455-476f-86d1-706748154c4a@group-349356213E97, cid=676, SUCCESS, logIndex=0, commits[6dd5d97a-7455-476f-86d1-706748154c4a:c843, 8c1a4ac2-2d71-4742-ab0b-89dcc95eb13f:c842, c9d0001a-daad-4532-9e58-9f5f4a7ddd18:c842]
2019-09-12 14:53:33,626 [grpc-default-executor-2] INFO  client.GrpcClientProtocolClient (GrpcClientProtocolClient.java:onNext(264)) - client-835E41B928D6->6dd5d97a-7455-476f-86d1-706748154c4a: receive RaftClientReply:client-835E41B928D6->6dd5d97a-7455-476f-86d1-706748154c4a@group-349356213E97, cid=677, SUCCESS, logIndex=845, commits[6dd5d97a-7455-476f-86d1-706748154c4a:c847, 8c1a4ac2-2d71-4742-ab0b-89dcc95eb13f:c844, c9d0001a-daad-4532-9e58-9f5f4a7ddd18:c844]
2019-09-12 14:53:33,627 [grpc-default-executor-2] INFO  client.GrpcClientProtocolClient (GrpcClientProtocolClient.java:onNext(264)) - client-835E41B928D6->6dd5d97a-7455-476f-86d1-706748154c4a: receive RaftClientReply:client-835E41B928D6->6dd5d97a-7455-476f-86d1-706748154c4a@group-349356213E97, cid=678, SUCCESS, logIndex=846, commits[6dd5d97a-7455-476f-86d1-706748154c4a:c848, 8c1a4ac2-2d71-4742-ab0b-89dcc95eb13f:c844, c9d0001a-daad-4532-9e58-9f5f4a7ddd18:c844]
2019-09-12 14:53:33,627 [grpc-default-executor-2] INFO  client.GrpcClientProtocolClient (GrpcClientProtocolClient.java:onNext(264)) - client-835E41B928D6->6dd5d97a-7455-476f-86d1-706748154c4a: receive RaftClientReply:client-835E41B928D6->6dd5d97a-7455-476f-86d1-706748154c4a@group-349356213E97, cid=679, SUCCESS, logIndex=847, commits[6dd5d97a-7455-476f-86d1-706748154c4a:c848, 8c1a4ac2-2d71-4742-ab0b-89dcc95eb13f:c844, c9d0001a-daad-4532-9e58-9f5f4a7ddd18:c844]
2019-09-12 14:53:33,628 [grpc-default-executor-2] INFO  client.GrpcClientProtocolClient (GrpcClientProtocolClient.java:onNext(264)) - client-835E41B928D6->6dd5d97a-7455-476f-86d1-706748154c4a: receive RaftClientReply:client-835E41B928D6->6dd5d97a-7455-476f-86d1-706748154c4a@group-349356213E97, cid=680, SUCCESS, logIndex=848, commits[6dd5d97a-7455-476f-86d1-706748154c4a:c848, 8c1a4ac2-2d71-4742-ab0b-89dcc95eb13f:c844, c9d0001a-daad-4532-9e58-9f5f4a7ddd18:c844]
2019-09-12 14:53:33,642 [grpc-default-executor-2] INFO  client.GrpcClientProtocolClient (GrpcClientProtocolClient.java:onNext(264)) - client-835E41B928D6->6dd5d97a-7455-476f-86d1-706748154c4a: receive RaftClientReply:client-835E41B928D6->6dd5d97a-7455-476f-86d1-706748154c4a@group-349356213E97, cid=681, SUCCESS, logIndex=0, commits[6dd5d97a-7455-476f-86d1-706748154c4a:c851, 8c1a4ac2-2d71-4742-ab0b-89dcc95eb13f:c848, c9d0001a-daad-4532-9e58-9f5f4a7ddd18:c847]
2019-09-12 14:53:33,665 [grpc-default-executor-2] INFO  client.GrpcClientProtocolClient (GrpcClientProtocolClient.java:onNext(264)) - client-835E41B928D6->6dd5d97a-7455-476f-86d1-706748154c4a: receive RaftClientReply:client-835E41B928D6->6dd5d97a-7455-476f-86d1-706748154c4a@group-349356213E97, cid=682, SUCCESS, logIndex=852, commits[6dd5d97a-7455-476f-86d1-706748154c4a:c853, 8c1a4ac2-2d71-4742-ab0b-89dcc95eb13f:c851, c9d0001a-daad-4532-9e58-9f5f4a7ddd18:c851]
2019-09-12 14:53:33,666 [grpc-default-executor-2] INFO  client.GrpcClientProtocolClient (GrpcClientProtocolClient.java:onNext(264)) - client-835E41B928D6->6dd5d97a-7455-476f-86d1-706748154c4a: receive RaftClientReply:client-835E41B928D6->6dd5d97a-7455-476f-86d1-706748154c4a@group-349356213E97, cid=683, SUCCESS, logIndex=853, commits[6dd5d97a-7455-476f-86d1-706748154c4a:c853, 8c1a4ac2-2d71-4742-ab0b-89dcc95eb13f:c851, c9d0001a-daad-4532-9e58-9f5f4a7ddd18:c851]
2019-09-12 14:53:33,692 [grpc-default-executor-2] INFO  client.GrpcClientProtocolClient (GrpcClientProtocolClient.java:onNext(264)) - client-835E41B928D6->6dd5d97a-7455-476f-86d1-706748154c4a: receive RaftClientReply:client-835E41B928D6->6dd5d97a-7455-476f-86d1-706748154c4a@group-349356213E97, cid=684, SUCCESS, logIndex=856, commits[6dd5d97a-7455-476f-86d1-706748154c4a:c857, 8c1a4ac2-2d71-4742-ab0b-89dcc95eb13f:c853, c9d0001a-daad-4532-9e58-9f5f4a7ddd18:c853]
2019-09-12 14:53:33,693 [grpc-default-executor-2] INFO  client.GrpcClientProtocolClient (GrpcClientProtocolClient.java:onNext(264)) - client-835E41B928D6->6dd5d97a-7455-476f-86d1-706748154c4a: receive RaftClientReply:client-835E41B928D6->6dd5d97a-7455-476f-86d1-706748154c4a@group-349356213E97, cid=685, SUCCESS, logIndex=857, commits[6dd5d97a-7455-476f-86d1-706748154c4a:c857, 8c1a4ac2-2d71-4742-ab0b-89dcc95eb13f:c853, c9d0001a-daad-4532-9e58-9f5f4a7ddd18:c853]
2019-09-12 14:53:33,708 [grpc-default-executor-2] INFO  client.GrpcClientProtocolClient (GrpcClientProtocolClient.java:onNext(264)) - client-835E41B928D6->6dd5d97a-7455-476f-86d1-706748154c4a: receive RaftClientReply:client-835E41B928D6->6dd5d97a-7455-476f-86d1-706748154c4a@group-349356213E97, cid=686, SUCCESS, logIndex=0, commits[6dd5d97a-7455-476f-86d1-706748154c4a:c859, 8c1a4ac2-2d71-4742-ab0b-89dcc95eb13f:c857, c9d0001a-daad-4532-9e58-9f5f4a7ddd18:c857]
2019-09-12 14:53:33,731 [grpc-default-executor-2] INFO  client.GrpcClientProtocolClient (GrpcClientProtocolClient.java:onNext(264)) - client-835E41B928D6->6dd5d97a-7455-476f-86d1-706748154c4a: receive RaftClientReply:client-835E41B928D6->6dd5d97a-7455-476f-86d1-706748154c4a@group-349356213E97, cid=687, SUCCESS, logIndex=860, commits[6dd5d97a-7455-476f-86d1-706748154c4a:c861, 8c1a4ac2-2d71-4742-ab0b-89dcc95eb13f:c859, c9d0001a-daad-4532-9e58-9f5f4a7ddd18:c859]
2019-09-12 14:53:33,732 [grpc-default-executor-2] INFO  client.GrpcClientProtocolClient (GrpcClientProtocolClient.java:onNext(264)) - client-835E41B928D6->6dd5d97a-7455-476f-86d1-706748154c4a: receive RaftClientReply:client-835E41B928D6->6dd5d97a-7455-476f-86d1-706748154c4a@group-349356213E97, cid=688, SUCCESS, logIndex=861, commits[6dd5d97a-7455-476f-86d1-706748154c4a:c863, 8c1a4ac2-2d71-4742-ab0b-89dcc95eb13f:c859, c9d0001a-daad-4532-9e58-9f5f4a7ddd18:c859]
2019-09-12 14:53:33,732 [grpc-default-executor-2] INFO  client.GrpcClientProtocolClient (GrpcClientProtocolClient.java:onNext(264)) - client-835E41B928D6->6dd5d97a-7455-476f-86d1-706748154c4a: receive RaftClientReply:client-835E41B928D6->6dd5d97a-7455-476f-86d1-706748154c4a@group-349356213E97, cid=689, SUCCESS, logIndex=862, commits[6dd5d97a-7455-476f-86d1-706748154c4a:c863, 8c1a4ac2-2d71-4742-ab0b-89dcc95eb13f:c859, c9d0001a-daad-4532-9e58-9f5f4a7ddd18:c859]
2019-09-12 14:53:33,733 [grpc-default-executor-2] INFO  client.GrpcClientProtocolClient (GrpcClientProtocolClient.java:onNext(264)) - client-835E41B928D6->6dd5d97a-7455-476f-86d1-706748154c4a: receive RaftClientReply:client-835E41B928D6->6dd5d97a-7455-476f-86d1-706748154c4a@group-349356213E97, cid=690, SUCCESS, logIndex=863, commits[6dd5d97a-7455-476f-86d1-706748154c4a:c863, 8c1a4ac2-2d71-4742-ab0b-89dcc95eb13f:c859, c9d0001a-daad-4532-9e58-9f5f4a7ddd18:c859]
2019-09-12 14:53:33,744 [grpc-default-executor-2] INFO  client.GrpcClientProtocolClient (GrpcClientProtocolClient.java:onNext(264)) - client-835E41B928D6->6dd5d97a-7455-476f-86d1-706748154c4a: receive RaftClientReply:client-835E41B928D6->6dd5d97a-7455-476f-86d1-706748154c4a@group-349356213E97, cid=691, SUCCESS, logIndex=0, commits[6dd5d97a-7455-476f-86d1-706748154c4a:c864, 8c1a4ac2-2d71-4742-ab0b-89dcc95eb13f:c861, c9d0001a-daad-4532-9e58-9f5f4a7ddd18:c861]
2019-09-12 14:53:33,768 [grpc-default-executor-2] INFO  client.GrpcClientProtocolClient (GrpcClientProtocolClient.java:onNext(264)) - client-835E41B928D6->6dd5d97a-7455-476f-86d1-706748154c4a: receive RaftClientReply:client-835E41B928D6->6dd5d97a-7455-476f-86d1-706748154c4a@group-349356213E97, cid=692, SUCCESS, logIndex=868, commits[6dd5d97a-7455-476f-86d1-706748154c4a:c869, 8c1a4ac2-2d71-4742-ab0b-89dcc95eb13f:c867, c9d0001a-daad-4532-9e58-9f5f4a7ddd18:c867]
2019-09-12 14:53:33,768 [grpc-default-executor-2] INFO  client.GrpcClientProtocolClient (GrpcClientProtocolClient.java:onNext(264)) - client-835E41B928D6->6dd5d97a-7455-476f-86d1-706748154c4a: receive RaftClientReply:client-835E41B928D6->6dd5d97a-7455-476f-86d1-706748154c4a@group-349356213E97, cid=693, SUCCESS, logIndex=869, commits[6dd5d97a-7455-476f-86d1-706748154c4a:c869, 8c1a4ac2-2d71-4742-ab0b-89dcc95eb13f:c867, c9d0001a-daad-4532-9e58-9f5f4a7ddd18:c867]
2019-09-12 14:53:33,793 [grpc-default-executor-2] INFO  client.GrpcClientProtocolClient (GrpcClientProtocolClient.java:onNext(264)) - client-835E41B928D6->6dd5d97a-7455-476f-86d1-706748154c4a: receive RaftClientReply:client-835E41B928D6->6dd5d97a-7455-476f-86d1-706748154c4a@group-349356213E97, cid=694, SUCCESS, logIndex=872, commits[6dd5d97a-7455-476f-86d1-706748154c4a:c873, 8c1a4ac2-2d71-4742-ab0b-89dcc95eb13f:c869, c9d0001a-daad-4532-9e58-9f5f4a7ddd18:c869]
2019-09-12 14:53:33,794 [grpc-default-executor-2] INFO  client.GrpcClientProtocolClient (GrpcClientProtocolClient.java:onNext(264)) - client-835E41B928D6->6dd5d97a-7455-476f-86d1-706748154c4a: receive RaftClientReply:client-835E41B928D6->6dd5d97a-7455-476f-86d1-706748154c4a@group-349356213E97, cid=695, SUCCESS, logIndex=873, commits[6dd5d97a-7455-476f-86d1-706748154c4a:c873, 8c1a4ac2-2d71-4742-ab0b-89dcc95eb13f:c869, c9d0001a-daad-4532-9e58-9f5f4a7ddd18:c869]
2019-09-12 14:53:33,805 [grpc-default-executor-2] INFO  client.GrpcClientProtocolClient (GrpcClientProtocolClient.java:onNext(264)) - client-835E41B928D6->6dd5d97a-7455-476f-86d1-706748154c4a: receive RaftClientReply:client-835E41B928D6->6dd5d97a-7455-476f-86d1-706748154c4a@group-349356213E97, cid=696, SUCCESS, logIndex=0, commits[6dd5d97a-7455-476f-86d1-706748154c4a:c874, 8c1a4ac2-2d71-4742-ab0b-89dcc95eb13f:c873, c9d0001a-daad-4532-9e58-9f5f4a7ddd18:c873]
2019-09-12 14:53:33,828 [grpc-default-executor-2] INFO  client.GrpcClientProtocolClient (GrpcClientProtocolClient.java:onNext(264)) - client-835E41B928D6->6dd5d97a-7455-476f-86d1-706748154c4a: receive RaftClientReply:client-835E41B928D6->6dd5d97a-7455-476f-86d1-706748154c4a@group-349356213E97, cid=697, SUCCESS, logIndex=876, commits[6dd5d97a-7455-476f-86d1-706748154c4a:c879, 8c1a4ac2-2d71-4742-ab0b-89dcc95eb13f:c875, c9d0001a-daad-4532-9e58-9f5f4a7ddd18:c875]
2019-09-12 14:53:33,828 [grpc-default-executor-2] INFO  client.GrpcClientProtocolClient (GrpcClientProtocolClient.java:onNext(264)) - client-835E41B928D6->6dd5d97a-7455-476f-86d1-706748154c4a: receive RaftClientReply:client-835E41B928D6->6dd5d97a-7455-476f-86d1-706748154c4a@group-349356213E97, cid=698, SUCCESS, logIndex=877, commits[6dd5d97a-7455-476f-86d1-706748154c4a:c879, 8c1a4ac2-2d71-4742-ab0b-89dcc95eb13f:c875, c9d0001a-daad-4532-9e58-9f5f4a7ddd18:c875]
2019-09-12 14:53:33,829 [grpc-default-executor-2] INFO  client.GrpcClientProtocolClient (GrpcClientProtocolClient.java:onNext(264)) - client-835E41B928D6->6dd5d97a-7455-476f-86d1-706748154c4a: receive RaftClientReply:client-835E41B928D6->6dd5d97a-7455-476f-86d1-706748154c4a@group-349356213E97, cid=699, SUCCESS, logIndex=878, commits[6dd5d97a-7455-476f-86d1-706748154c4a:c879, 8c1a4ac2-2d71-4742-ab0b-89dcc95eb13f:c875, c9d0001a-daad-4532-9e58-9f5f4a7ddd18:c875]
2019-09-12 14:53:33,829 [grpc-default-executor-2] INFO  client.GrpcClientProtocolClient (GrpcClientProtocolClient.java:onNext(264)) - client-835E41B928D6->6dd5d97a-7455-476f-86d1-706748154c4a: receive RaftClientReply:client-835E41B928D6->6dd5d97a-7455-476f-86d1-706748154c4a@group-349356213E97, cid=700, SUCCESS, logIndex=879, commits[6dd5d97a-7455-476f-86d1-706748154c4a:c879, 8c1a4ac2-2d71-4742-ab0b-89dcc95eb13f:c875, c9d0001a-daad-4532-9e58-9f5f4a7ddd18:c875]
2019-09-12 14:53:33,831 [grpc-default-executor-7] INFO  client.GrpcClientProtocolClient (GrpcClientProtocolClient.java:onNext(264)) - client-835E41B928D6->6dd5d97a-7455-476f-86d1-706748154c4a: receive RaftClientReply:client-835E41B928D6->6dd5d97a-7455-476f-86d1-706748154c4a@group-349356213E97, cid=701, SUCCESS, logIndex=0, commits[6dd5d97a-7455-476f-86d1-706748154c4a:c880, 8c1a4ac2-2d71-4742-ab0b-89dcc95eb13f:c877, c9d0001a-daad-4532-9e58-9f5f4a7ddd18:c877]
2019-09-12 14:53:33,846 [grpc-default-executor-7] INFO  client.GrpcClientProtocolClient (GrpcClientProtocolClient.java:onNext(264)) - client-835E41B928D6->6dd5d97a-7455-476f-86d1-706748154c4a: receive RaftClientReply:client-835E41B928D6->6dd5d97a-7455-476f-86d1-706748154c4a@group-349356213E97, cid=702, SUCCESS, logIndex=884, commits[6dd5d97a-7455-476f-86d1-706748154c4a:c885, 8c1a4ac2-2d71-4742-ab0b-89dcc95eb13f:c883, c9d0001a-daad-4532-9e58-9f5f4a7ddd18:c883]
2019-09-12 14:53:33,847 [grpc-default-executor-7] INFO  client.GrpcClientProtocolClient (GrpcClientProtocolClient.java:onNext(264)) - client-835E41B928D6->6dd5d97a-7455-476f-86d1-706748154c4a: receive RaftClientReply:client-835E41B928D6->6dd5d97a-7455-476f-86d1-706748154c4a@group-349356213E97, cid=703, SUCCESS, logIndex=885, commits[6dd5d97a-7455-476f-86d1-706748154c4a:c885, 8c1a4ac2-2d71-4742-ab0b-89dcc95eb13f:c883, c9d0001a-daad-4532-9e58-9f5f4a7ddd18:c883]
2019-09-12 14:53:33,887 [grpc-default-executor-2] INFO  client.GrpcClientProtocolClient (GrpcClientProtocolClient.java:onNext(264)) - client-835E41B928D6->6dd5d97a-7455-476f-86d1-706748154c4a: receive RaftClientReply:client-835E41B928D6->6dd5d97a-7455-476f-86d1-706748154c4a@group-349356213E97, cid=704, SUCCESS, logIndex=888, commits[6dd5d97a-7455-476f-86d1-706748154c4a:c889, 8c1a4ac2-2d71-4742-ab0b-89dcc95eb13f:c887, c9d0001a-daad-4532-9e58-9f5f4a7ddd18:c887]
2019-09-12 14:53:33,888 [grpc-default-executor-2] INFO  client.GrpcClientProtocolClient (GrpcClientProtocolClient.java:onNext(264)) - client-835E41B928D6->6dd5d97a-7455-476f-86d1-706748154c4a: receive RaftClientReply:client-835E41B928D6->6dd5d97a-7455-476f-86d1-706748154c4a@group-349356213E97, cid=705, SUCCESS, logIndex=889, commits[6dd5d97a-7455-476f-86d1-706748154c4a:c889, 8c1a4ac2-2d71-4742-ab0b-89dcc95eb13f:c887, c9d0001a-daad-4532-9e58-9f5f4a7ddd18:c887]
2019-09-12 14:53:33,902 [grpc-default-executor-2] INFO  client.GrpcClientProtocolClient (GrpcClientProtocolClient.java:onNext(264)) - client-835E41B928D6->6dd5d97a-7455-476f-86d1-706748154c4a: receive RaftClientReply:client-835E41B928D6->6dd5d97a-7455-476f-86d1-706748154c4a@group-349356213E97, cid=706, SUCCESS, logIndex=0, commits[6dd5d97a-7455-476f-86d1-706748154c4a:c891, 8c1a4ac2-2d71-4742-ab0b-89dcc95eb13f:c889, c9d0001a-daad-4532-9e58-9f5f4a7ddd18:c889]
2019-09-12 14:53:33,928 [grpc-default-executor-6] INFO  client.GrpcClientProtocolClient (GrpcClientProtocolClient.java:onNext(264)) - client-835E41B928D6->6dd5d97a-7455-476f-86d1-706748154c4a: receive RaftClientReply:client-835E41B928D6->6dd5d97a-7455-476f-86d1-706748154c4a@group-349356213E97, cid=707, SUCCESS, logIndex=892, commits[6dd5d97a-7455-476f-86d1-706748154c4a:c893, 8c1a4ac2-2d71-4742-ab0b-89dcc95eb13f:c891, c9d0001a-daad-4532-9e58-9f5f4a7ddd18:c891]
2019-09-12 14:53:33,929 [grpc-default-executor-6] INFO  client.GrpcClientProtocolClient (GrpcClientProtocolClient.java:onNext(264)) - client-835E41B928D6->6dd5d97a-7455-476f-86d1-706748154c4a: receive RaftClientReply:client-835E41B928D6->6dd5d97a-7455-476f-86d1-706748154c4a@group-349356213E97, cid=708, SUCCESS, logIndex=893, commits[6dd5d97a-7455-476f-86d1-706748154c4a:c893, 8c1a4ac2-2d71-4742-ab0b-89dcc95eb13f:c891, c9d0001a-daad-4532-9e58-9f5f4a7ddd18:c891]
2019-09-12 14:53:33,940 [grpc-default-executor-7] INFO  client.GrpcClientProtocolClient (GrpcClientProtocolClient.java:onNext(264)) - client-835E41B928D6->6dd5d97a-7455-476f-86d1-706748154c4a: receive RaftClientReply:client-835E41B928D6->6dd5d97a-7455-476f-86d1-706748154c4a@group-349356213E97, cid=709, SUCCESS, logIndex=894, commits[6dd5d97a-7455-476f-86d1-706748154c4a:c895, 8c1a4ac2-2d71-4742-ab0b-89dcc95eb13f:c891, c9d0001a-daad-4532-9e58-9f5f4a7ddd18:c891]
2019-09-12 14:53:33,940 [grpc-default-executor-6] INFO  client.GrpcClientProtocolClient (GrpcClientProtocolClient.java:onNext(264)) - client-835E41B928D6->6dd5d97a-7455-476f-86d1-706748154c4a: receive RaftClientReply:client-835E41B928D6->6dd5d97a-7455-476f-86d1-706748154c4a@group-349356213E97, cid=710, SUCCESS, logIndex=895, commits[6dd5d97a-7455-476f-86d1-706748154c4a:c895, 8c1a4ac2-2d71-4742-ab0b-89dcc95eb13f:c891, c9d0001a-daad-4532-9e58-9f5f4a7ddd18:c891]
2019-09-12 14:53:33,941 [grpc-default-executor-6] INFO  client.GrpcClientProtocolClient (GrpcClientProtocolClient.java:onNext(264)) - client-835E41B928D6->6dd5d97a-7455-476f-86d1-706748154c4a: receive RaftClientReply:client-835E41B928D6->6dd5d97a-7455-476f-86d1-706748154c4a@group-349356213E97, cid=711, SUCCESS, logIndex=0, commits[6dd5d97a-7455-476f-86d1-706748154c4a:c898, 8c1a4ac2-2d71-4742-ab0b-89dcc95eb13f:c893, c9d0001a-daad-4532-9e58-9f5f4a7ddd18:c894]
2019-09-12 14:53:33,965 [grpc-default-executor-6] INFO  client.GrpcClientProtocolClient (GrpcClientProtocolClient.java:onNext(264)) - client-835E41B928D6->6dd5d97a-7455-476f-86d1-706748154c4a: receive RaftClientReply:client-835E41B928D6->6dd5d97a-7455-476f-86d1-706748154c4a@group-349356213E97, cid=712, SUCCESS, logIndex=900, commits[6dd5d97a-7455-476f-86d1-706748154c4a:c901, 8c1a4ac2-2d71-4742-ab0b-89dcc95eb13f:c899, c9d0001a-daad-4532-9e58-9f5f4a7ddd18:c899]
2019-09-12 14:53:33,965 [grpc-default-executor-6] INFO  client.GrpcClientProtocolClient (GrpcClientProtocolClient.java:onNext(264)) - client-835E41B928D6->6dd5d97a-7455-476f-86d1-706748154c4a: receive RaftClientReply:client-835E41B928D6->6dd5d97a-7455-476f-86d1-706748154c4a@group-349356213E97, cid=713, SUCCESS, logIndex=901, commits[6dd5d97a-7455-476f-86d1-706748154c4a:c901, 8c1a4ac2-2d71-4742-ab0b-89dcc95eb13f:c899, c9d0001a-daad-4532-9e58-9f5f4a7ddd18:c899]
2019-09-12 14:53:33,990 [grpc-default-executor-2] INFO  client.GrpcClientProtocolClient (GrpcClientProtocolClient.java:onNext(264)) - client-835E41B928D6->6dd5d97a-7455-476f-86d1-706748154c4a: receive RaftClientReply:client-835E41B928D6->6dd5d97a-7455-476f-86d1-706748154c4a@group-349356213E97, cid=714, SUCCESS, logIndex=904, commits[6dd5d97a-7455-476f-86d1-706748154c4a:c905, 8c1a4ac2-2d71-4742-ab0b-89dcc95eb13f:c901, c9d0001a-daad-4532-9e58-9f5f4a7ddd18:c901]
2019-09-12 14:53:33,991 [grpc-default-executor-2] INFO  client.GrpcClientProtocolClient (GrpcClientProtocolClient.java:onNext(264)) - client-835E41B928D6->6dd5d97a-7455-476f-86d1-706748154c4a: receive RaftClientReply:client-835E41B928D6->6dd5d97a-7455-476f-86d1-706748154c4a@group-349356213E97, cid=715, SUCCESS, logIndex=905, commits[6dd5d97a-7455-476f-86d1-706748154c4a:c905, 8c1a4ac2-2d71-4742-ab0b-89dcc95eb13f:c901, c9d0001a-daad-4532-9e58-9f5f4a7ddd18:c901]
2019-09-12 14:53:33,992 [grpc-default-executor-6] INFO  client.GrpcClientProtocolClient (GrpcClientProtocolClient.java:onNext(264)) - client-835E41B928D6->6dd5d97a-7455-476f-86d1-706748154c4a: receive RaftClientReply:client-835E41B928D6->6dd5d97a-7455-476f-86d1-706748154c4a@group-349356213E97, cid=716, SUCCESS, logIndex=0, commits[6dd5d97a-7455-476f-86d1-706748154c4a:c906, 8c1a4ac2-2d71-4742-ab0b-89dcc95eb13f:c905, c9d0001a-daad-4532-9e58-9f5f4a7ddd18:c905]
2019-09-12 14:53:34,014 [grpc-default-executor-7] INFO  client.GrpcClientProtocolClient (GrpcClientProtocolClient.java:onNext(264)) - client-835E41B928D6->6dd5d97a-7455-476f-86d1-706748154c4a: receive RaftClientReply:client-835E41B928D6->6dd5d97a-7455-476f-86d1-706748154c4a@group-349356213E97, cid=717, SUCCESS, logIndex=908, commits[6dd5d97a-7455-476f-86d1-706748154c4a:c909, 8c1a4ac2-2d71-4742-ab0b-89dcc95eb13f:c907, c9d0001a-daad-4532-9e58-9f5f4a7ddd18:c907]
2019-09-12 14:53:34,015 [grpc-default-executor-7] INFO  client.GrpcClientProtocolClient (GrpcClientProtocolClient.java:onNext(264)) - client-835E41B928D6->6dd5d97a-7455-476f-86d1-706748154c4a: receive RaftClientReply:client-835E41B928D6->6dd5d97a-7455-476f-86d1-706748154c4a@group-349356213E97, cid=718, SUCCESS, logIndex=909, commits[6dd5d97a-7455-476f-86d1-706748154c4a:c909, 8c1a4ac2-2d71-4742-ab0b-89dcc95eb13f:c907, c9d0001a-daad-4532-9e58-9f5f4a7ddd18:c907]
2019-09-12 14:53:34,015 [grpc-default-executor-7] INFO  client.GrpcClientProtocolClient (GrpcClientProtocolClient.java:onNext(264)) - client-835E41B928D6->6dd5d97a-7455-476f-86d1-706748154c4a: receive RaftClientReply:client-835E41B928D6->6dd5d97a-7455-476f-86d1-706748154c4a@group-349356213E97, cid=719, SUCCESS, logIndex=910, commits[6dd5d97a-7455-476f-86d1-706748154c4a:c911, 8c1a4ac2-2d71-4742-ab0b-89dcc95eb13f:c907, c9d0001a-daad-4532-9e58-9f5f4a7ddd18:c907]
2019-09-12 14:53:34,016 [grpc-default-executor-7] INFO  client.GrpcClientProtocolClient (GrpcClientProtocolClient.java:onNext(264)) - client-835E41B928D6->6dd5d97a-7455-476f-86d1-706748154c4a: receive RaftClientReply:client-835E41B928D6->6dd5d97a-7455-476f-86d1-706748154c4a@group-349356213E97, cid=720, SUCCESS, logIndex=911, commits[6dd5d97a-7455-476f-86d1-706748154c4a:c911, 8c1a4ac2-2d71-4742-ab0b-89dcc95eb13f:c907, c9d0001a-daad-4532-9e58-9f5f4a7ddd18:c907]
2019-09-12 14:53:34,029 [grpc-default-executor-7] INFO  client.GrpcClientProtocolClient (GrpcClientProtocolClient.java:onNext(264)) - client-835E41B928D6->6dd5d97a-7455-476f-86d1-706748154c4a: receive RaftClientReply:client-835E41B928D6->6dd5d97a-7455-476f-86d1-706748154c4a@group-349356213E97, cid=721, SUCCESS, logIndex=0, commits[6dd5d97a-7455-476f-86d1-706748154c4a:c912, 8c1a4ac2-2d71-4742-ab0b-89dcc95eb13f:c909, c9d0001a-daad-4532-9e58-9f5f4a7ddd18:c909]
2019-09-12 14:53:34,053 [grpc-default-executor-6] INFO  client.GrpcClientProtocolClient (GrpcClientProtocolClient.java:onNext(264)) - client-835E41B928D6->6dd5d97a-7455-476f-86d1-706748154c4a: receive RaftClientReply:client-835E41B928D6->6dd5d97a-7455-476f-86d1-706748154c4a@group-349356213E97, cid=722, SUCCESS, logIndex=916, commits[6dd5d97a-7455-476f-86d1-706748154c4a:c917, 8c1a4ac2-2d71-4742-ab0b-89dcc95eb13f:c911, c9d0001a-daad-4532-9e58-9f5f4a7ddd18:c915]
2019-09-12 14:53:34,054 [grpc-default-executor-6] INFO  client.GrpcClientProtocolClient (GrpcClientProtocolClient.java:onNext(264)) - client-835E41B928D6->6dd5d97a-7455-476f-86d1-706748154c4a: receive RaftClientReply:client-835E41B928D6->6dd5d97a-7455-476f-86d1-706748154c4a@group-349356213E97, cid=723, SUCCESS, logIndex=917, commits[6dd5d97a-7455-476f-86d1-706748154c4a:c917, 8c1a4ac2-2d71-4742-ab0b-89dcc95eb13f:c915, c9d0001a-daad-4532-9e58-9f5f4a7ddd18:c915]
2019-09-12 14:53:34,068 [grpc-default-executor-7] INFO  client.GrpcClientProtocolClient (GrpcClientProtocolClient.java:onNext(264)) - client-835E41B928D6->6dd5d97a-7455-476f-86d1-706748154c4a: receive RaftClientReply:client-835E41B928D6->6dd5d97a-7455-476f-86d1-706748154c4a@group-349356213E97, cid=724, SUCCESS, logIndex=920, commits[6dd5d97a-7455-476f-86d1-706748154c4a:c921, 8c1a4ac2-2d71-4742-ab0b-89dcc95eb13f:c919, c9d0001a-daad-4532-9e58-9f5f4a7ddd18:c917]
2019-09-12 14:53:34,068 [grpc-default-executor-7] INFO  client.GrpcClientProtocolClient (GrpcClientProtocolClient.java:onNext(264)) - client-835E41B928D6->6dd5d97a-7455-476f-86d1-706748154c4a: receive RaftClientReply:client-835E41B928D6->6dd5d97a-7455-476f-86d1-706748154c4a@group-349356213E97, cid=725, SUCCESS, logIndex=921, commits[6dd5d97a-7455-476f-86d1-706748154c4a:c921, 8c1a4ac2-2d71-4742-ab0b-89dcc95eb13f:c919, c9d0001a-daad-4532-9e58-9f5f4a7ddd18:c919]
2019-09-12 14:53:34,071 [grpc-default-executor-7] INFO  client.GrpcClientProtocolClient (GrpcClientProtocolClient.java:onNext(264)) - client-835E41B928D6->6dd5d97a-7455-476f-86d1-706748154c4a: receive RaftClientReply:client-835E41B928D6->6dd5d97a-7455-476f-86d1-706748154c4a@group-349356213E97, cid=726, SUCCESS, logIndex=0, commits[6dd5d97a-7455-476f-86d1-706748154c4a:c922, 8c1a4ac2-2d71-4742-ab0b-89dcc95eb13f:c921, c9d0001a-daad-4532-9e58-9f5f4a7ddd18:c921]
2019-09-12 14:53:34,087 [grpc-default-executor-6] INFO  client.GrpcClientProtocolClient (GrpcClientProtocolClient.java:onNext(264)) - client-835E41B928D6->6dd5d97a-7455-476f-86d1-706748154c4a: receive RaftClientReply:client-835E41B928D6->6dd5d97a-7455-476f-86d1-706748154c4a@group-349356213E97, cid=727, SUCCESS, logIndex=924, commits[6dd5d97a-7455-476f-86d1-706748154c4a:c925, 8c1a4ac2-2d71-4742-ab0b-89dcc95eb13f:c921, c9d0001a-daad-4532-9e58-9f5f4a7ddd18:c923]
2019-09-12 14:53:34,087 [grpc-default-executor-6] INFO  client.GrpcClientProtocolClient (GrpcClientProtocolClient.java:onNext(264)) - client-835E41B928D6->6dd5d97a-7455-476f-86d1-706748154c4a: receive RaftClientReply:client-835E41B928D6->6dd5d97a-7455-476f-86d1-706748154c4a@group-349356213E97, cid=728, SUCCESS, logIndex=925, commits[6dd5d97a-7455-476f-86d1-706748154c4a:c925, 8c1a4ac2-2d71-4742-ab0b-89dcc95eb13f:c923, c9d0001a-daad-4532-9e58-9f5f4a7ddd18:c923]
2019-09-12 14:53:34,089 [grpc-default-executor-6] INFO  client.GrpcClientProtocolClient (GrpcClientProtocolClient.java:onNext(264)) - client-835E41B928D6->6dd5d97a-7455-476f-86d1-706748154c4a: receive RaftClientReply:client-835E41B928D6->6dd5d97a-7455-476f-86d1-706748154c4a@group-349356213E97, cid=729, SUCCESS, logIndex=926, commits[6dd5d97a-7455-476f-86d1-706748154c4a:c927, 8c1a4ac2-2d71-4742-ab0b-89dcc95eb13f:c923, c9d0001a-daad-4532-9e58-9f5f4a7ddd18:c923]
2019-09-12 14:53:34,089 [grpc-default-executor-6] INFO  client.GrpcClientProtocolClient (GrpcClientProtocolClient.java:onNext(264)) - client-835E41B928D6->6dd5d97a-7455-476f-86d1-706748154c4a: receive RaftClientReply:client-835E41B928D6->6dd5d97a-7455-476f-86d1-706748154c4a@group-349356213E97, cid=730, SUCCESS, logIndex=927, commits[6dd5d97a-7455-476f-86d1-706748154c4a:c927, 8c1a4ac2-2d71-4742-ab0b-89dcc95eb13f:c923, c9d0001a-daad-4532-9e58-9f5f4a7ddd18:c923]
2019-09-12 14:53:34,090 [grpc-default-executor-6] INFO  client.GrpcClientProtocolClient (GrpcClientProtocolClient.java:onNext(264)) - client-835E41B928D6->6dd5d97a-7455-476f-86d1-706748154c4a: receive RaftClientReply:client-835E41B928D6->6dd5d97a-7455-476f-86d1-706748154c4a@group-349356213E97, cid=731, SUCCESS, logIndex=0, commits[6dd5d97a-7455-476f-86d1-706748154c4a:c929, 8c1a4ac2-2d71-4742-ab0b-89dcc95eb13f:c927, c9d0001a-daad-4532-9e58-9f5f4a7ddd18:c927]
2019-09-12 14:53:34,104 [grpc-default-executor-7] INFO  client.GrpcClientProtocolClient (GrpcClientProtocolClient.java:onNext(264)) - client-835E41B928D6->6dd5d97a-7455-476f-86d1-706748154c4a: receive RaftClientReply:client-835E41B928D6->6dd5d97a-7455-476f-86d1-706748154c4a@group-349356213E97, cid=732, SUCCESS, logIndex=930, commits[6dd5d97a-7455-476f-86d1-706748154c4a:c931, 8c1a4ac2-2d71-4742-ab0b-89dcc95eb13f:c929, c9d0001a-daad-4532-9e58-9f5f4a7ddd18:c927]
2019-09-12 14:53:34,105 [grpc-default-executor-7] INFO  client.GrpcClientProtocolClient (GrpcClientProtocolClient.java:onNext(264)) - client-835E41B928D6->6dd5d97a-7455-476f-86d1-706748154c4a: receive RaftClientReply:client-835E41B928D6->6dd5d97a-7455-476f-86d1-706748154c4a@group-349356213E97, cid=733, SUCCESS, logIndex=931, commits[6dd5d97a-7455-476f-86d1-706748154c4a:c931, 8c1a4ac2-2d71-4742-ab0b-89dcc95eb13f:c929, c9d0001a-daad-4532-9e58-9f5f4a7ddd18:c929]
2019-09-12 14:53:34,123 [grpc-default-executor-7] INFO  client.GrpcClientProtocolClient (GrpcClientProtocolClient.java:onNext(264)) - client-835E41B928D6->6dd5d97a-7455-476f-86d1-706748154c4a: receive RaftClientReply:client-835E41B928D6->6dd5d97a-7455-476f-86d1-706748154c4a@group-349356213E97, cid=734, SUCCESS, logIndex=934, commits[6dd5d97a-7455-476f-86d1-706748154c4a:c935, 8c1a4ac2-2d71-4742-ab0b-89dcc95eb13f:c933, c9d0001a-daad-4532-9e58-9f5f4a7ddd18:c931]
2019-09-12 14:53:34,124 [grpc-default-executor-7] INFO  client.GrpcClientProtocolClient (GrpcClientProtocolClient.java:onNext(264)) - client-835E41B928D6->6dd5d97a-7455-476f-86d1-706748154c4a: receive RaftClientReply:client-835E41B928D6->6dd5d97a-7455-476f-86d1-706748154c4a@group-349356213E97, cid=735, SUCCESS, logIndex=935, commits[6dd5d97a-7455-476f-86d1-706748154c4a:c935, 8c1a4ac2-2d71-4742-ab0b-89dcc95eb13f:c933, c9d0001a-daad-4532-9e58-9f5f4a7ddd18:c931]
2019-09-12 14:53:34,128 [grpc-default-executor-7] INFO  client.GrpcClientProtocolClient (GrpcClientProtocolClient.java:onNext(264)) - client-835E41B928D6->6dd5d97a-7455-476f-86d1-706748154c4a: receive RaftClientReply:client-835E41B928D6->6dd5d97a-7455-476f-86d1-706748154c4a@group-349356213E97, cid=736, SUCCESS, logIndex=0, commits[6dd5d97a-7455-476f-86d1-706748154c4a:c937, 8c1a4ac2-2d71-4742-ab0b-89dcc95eb13f:c935, c9d0001a-daad-4532-9e58-9f5f4a7ddd18:c935]
2019-09-12 14:53:34,156 [grpc-default-executor-7] INFO  client.GrpcClientProtocolClient (GrpcClientProtocolClient.java:onNext(264)) - client-835E41B928D6->6dd5d97a-7455-476f-86d1-706748154c4a: receive RaftClientReply:client-835E41B928D6->6dd5d97a-7455-476f-86d1-706748154c4a@group-349356213E97, cid=737, SUCCESS, logIndex=938, commits[6dd5d97a-7455-476f-86d1-706748154c4a:c939, 8c1a4ac2-2d71-4742-ab0b-89dcc95eb13f:c937, c9d0001a-daad-4532-9e58-9f5f4a7ddd18:c937]
2019-09-12 14:53:34,157 [grpc-default-executor-7] INFO  client.GrpcClientProtocolClient (GrpcClientProtocolClient.java:onNext(264)) - client-835E41B928D6->6dd5d97a-7455-476f-86d1-706748154c4a: receive RaftClientReply:client-835E41B928D6->6dd5d97a-7455-476f-86d1-706748154c4a@group-349356213E97, cid=738, SUCCESS, logIndex=939, commits[6dd5d97a-7455-476f-86d1-706748154c4a:c941, 8c1a4ac2-2d71-4742-ab0b-89dcc95eb13f:c937, c9d0001a-daad-4532-9e58-9f5f4a7ddd18:c937]
2019-09-12 14:53:34,157 [grpc-default-executor-7] INFO  client.GrpcClientProtocolClient (GrpcClientProtocolClient.java:onNext(264)) - client-835E41B928D6->6dd5d97a-7455-476f-86d1-706748154c4a: receive RaftClientReply:client-835E41B928D6->6dd5d97a-7455-476f-86d1-706748154c4a@group-349356213E97, cid=739, SUCCESS, logIndex=940, commits[6dd5d97a-7455-476f-86d1-706748154c4a:c941, 8c1a4ac2-2d71-4742-ab0b-89dcc95eb13f:c937, c9d0001a-daad-4532-9e58-9f5f4a7ddd18:c937]
2019-09-12 14:53:34,157 [grpc-default-executor-7] INFO  client.GrpcClientProtocolClient (GrpcClientProtocolClient.java:onNext(264)) - client-835E41B928D6->6dd5d97a-7455-476f-86d1-706748154c4a: receive RaftClientReply:client-835E41B928D6->6dd5d97a-7455-476f-86d1-706748154c4a@group-349356213E97, cid=740, SUCCESS, logIndex=941, commits[6dd5d97a-7455-476f-86d1-706748154c4a:c941, 8c1a4ac2-2d71-4742-ab0b-89dcc95eb13f:c937, c9d0001a-daad-4532-9e58-9f5f4a7ddd18:c937]
2019-09-12 14:53:34,171 [grpc-default-executor-7] INFO  client.GrpcClientProtocolClient (GrpcClientProtocolClient.java:onNext(264)) - client-835E41B928D6->6dd5d97a-7455-476f-86d1-706748154c4a: receive RaftClientReply:client-835E41B928D6->6dd5d97a-7455-476f-86d1-706748154c4a@group-349356213E97, cid=741, SUCCESS, logIndex=0, commits[6dd5d97a-7455-476f-86d1-706748154c4a:c943, 8c1a4ac2-2d71-4742-ab0b-89dcc95eb13f:c939, c9d0001a-daad-4532-9e58-9f5f4a7ddd18:c939]
2019-09-12 14:53:34,195 [grpc-default-executor-5] INFO  client.GrpcClientProtocolClient (GrpcClientProtocolClient.java:onNext(264)) - client-835E41B928D6->6dd5d97a-7455-476f-86d1-706748154c4a: receive RaftClientReply:client-835E41B928D6->6dd5d97a-7455-476f-86d1-706748154c4a@group-349356213E97, cid=742, SUCCESS, logIndex=946, commits[6dd5d97a-7455-476f-86d1-706748154c4a:c946, 8c1a4ac2-2d71-4742-ab0b-89dcc95eb13f:c945, c9d0001a-daad-4532-9e58-9f5f4a7ddd18:c945]
2019-09-12 14:53:34,195 [grpc-default-executor-5] INFO  client.GrpcClientProtocolClient (GrpcClientProtocolClient.java:onNext(264)) - client-835E41B928D6->6dd5d97a-7455-476f-86d1-706748154c4a: receive RaftClientReply:client-835E41B928D6->6dd5d97a-7455-476f-86d1-706748154c4a@group-349356213E97, cid=743, SUCCESS, logIndex=947, commits[6dd5d97a-7455-476f-86d1-706748154c4a:c947, 8c1a4ac2-2d71-4742-ab0b-89dcc95eb13f:c945, c9d0001a-daad-4532-9e58-9f5f4a7ddd18:c945]
2019-09-12 14:53:34,219 [grpc-default-executor-6] INFO  client.GrpcClientProtocolClient (GrpcClientProtocolClient.java:onNext(264)) - client-835E41B928D6->6dd5d97a-7455-476f-86d1-706748154c4a: receive RaftClientReply:client-835E41B928D6->6dd5d97a-7455-476f-86d1-706748154c4a@group-349356213E97, cid=744, SUCCESS, logIndex=950, commits[6dd5d97a-7455-476f-86d1-706748154c4a:c951, 8c1a4ac2-2d71-4742-ab0b-89dcc95eb13f:c946, c9d0001a-daad-4532-9e58-9f5f4a7ddd18:c947]
2019-09-12 14:53:34,219 [grpc-default-executor-6] INFO  client.GrpcClientProtocolClient (GrpcClientProtocolClient.java:onNext(264)) - client-835E41B928D6->6dd5d97a-7455-476f-86d1-706748154c4a: receive RaftClientReply:client-835E41B928D6->6dd5d97a-7455-476f-86d1-706748154c4a@group-349356213E97, cid=745, SUCCESS, logIndex=951, commits[6dd5d97a-7455-476f-86d1-706748154c4a:c951, 8c1a4ac2-2d71-4742-ab0b-89dcc95eb13f:c947, c9d0001a-daad-4532-9e58-9f5f4a7ddd18:c947]
2019-09-12 14:53:34,233 [grpc-default-executor-6] INFO  client.GrpcClientProtocolClient (GrpcClientProtocolClient.java:onNext(264)) - client-835E41B928D6->6dd5d97a-7455-476f-86d1-706748154c4a: receive RaftClientReply:client-835E41B928D6->6dd5d97a-7455-476f-86d1-706748154c4a@group-349356213E97, cid=746, SUCCESS, logIndex=0, commits[6dd5d97a-7455-476f-86d1-706748154c4a:c953, 8c1a4ac2-2d71-4742-ab0b-89dcc95eb13f:c951, c9d0001a-daad-4532-9e58-9f5f4a7ddd18:c951]
2019-09-12 14:53:34,252 [grpc-default-executor-7] INFO  client.GrpcClientProtocolClient (GrpcClientProtocolClient.java:onNext(264)) - client-835E41B928D6->6dd5d97a-7455-476f-86d1-706748154c4a: receive RaftClientReply:client-835E41B928D6->6dd5d97a-7455-476f-86d1-706748154c4a@group-349356213E97, cid=747, SUCCESS, logIndex=954, commits[6dd5d97a-7455-476f-86d1-706748154c4a:c955, 8c1a4ac2-2d71-4742-ab0b-89dcc95eb13f:c953, c9d0001a-daad-4532-9e58-9f5f4a7ddd18:c953]
2019-09-12 14:53:34,253 [grpc-default-executor-7] INFO  client.GrpcClientProtocolClient (GrpcClientProtocolClient.java:onNext(264)) - client-835E41B928D6->6dd5d97a-7455-476f-86d1-706748154c4a: receive RaftClientReply:client-835E41B928D6->6dd5d97a-7455-476f-86d1-706748154c4a@group-349356213E97, cid=748, SUCCESS, logIndex=955, commits[6dd5d97a-7455-476f-86d1-706748154c4a:c957, 8c1a4ac2-2d71-4742-ab0b-89dcc95eb13f:c953, c9d0001a-daad-4532-9e58-9f5f4a7ddd18:c953]
2019-09-12 14:53:34,253 [grpc-default-executor-7] INFO  client.GrpcClientProtocolClient (GrpcClientProtocolClient.java:onNext(264)) - client-835E41B928D6->6dd5d97a-7455-476f-86d1-706748154c4a: receive RaftClientReply:client-835E41B928D6->6dd5d97a-7455-476f-86d1-706748154c4a@group-349356213E97, cid=749, SUCCESS, logIndex=956, commits[6dd5d97a-7455-476f-86d1-706748154c4a:c957, 8c1a4ac2-2d71-4742-ab0b-89dcc95eb13f:c953, c9d0001a-daad-4532-9e58-9f5f4a7ddd18:c953]
2019-09-12 14:53:34,253 [grpc-default-executor-7] INFO  client.GrpcClientProtocolClient (GrpcClientProtocolClient.java:onNext(264)) - client-835E41B928D6->6dd5d97a-7455-476f-86d1-706748154c4a: receive RaftClientReply:client-835E41B928D6->6dd5d97a-7455-476f-86d1-706748154c4a@group-349356213E97, cid=750, SUCCESS, logIndex=957, commits[6dd5d97a-7455-476f-86d1-706748154c4a:c957, 8c1a4ac2-2d71-4742-ab0b-89dcc95eb13f:c953, c9d0001a-daad-4532-9e58-9f5f4a7ddd18:c953]
2019-09-12 14:53:34,266 [grpc-default-executor-7] INFO  client.GrpcClientProtocolClient (GrpcClientProtocolClient.java:onNext(264)) - client-835E41B928D6->6dd5d97a-7455-476f-86d1-706748154c4a: receive RaftClientReply:client-835E41B928D6->6dd5d97a-7455-476f-86d1-706748154c4a@group-349356213E97, cid=751, SUCCESS, logIndex=0, commits[6dd5d97a-7455-476f-86d1-706748154c4a:c960, 8c1a4ac2-2d71-4742-ab0b-89dcc95eb13f:c957, c9d0001a-daad-4532-9e58-9f5f4a7ddd18:c955]
2019-09-12 14:53:34,285 [grpc-default-executor-7] INFO  client.GrpcClientProtocolClient (GrpcClientProtocolClient.java:onNext(264)) - client-835E41B928D6->6dd5d97a-7455-476f-86d1-706748154c4a: receive RaftClientReply:client-835E41B928D6->6dd5d97a-7455-476f-86d1-706748154c4a@group-349356213E97, cid=752, SUCCESS, logIndex=961, commits[6dd5d97a-7455-476f-86d1-706748154c4a:c962, 8c1a4ac2-2d71-4742-ab0b-89dcc95eb13f:c960, c9d0001a-daad-4532-9e58-9f5f4a7ddd18:c960]
2019-09-12 14:53:34,286 [grpc-default-executor-7] INFO  client.GrpcClientProtocolClient (GrpcClientProtocolClient.java:onNext(264)) - client-835E41B928D6->6dd5d97a-7455-476f-86d1-706748154c4a: receive RaftClientReply:client-835E41B928D6->6dd5d97a-7455-476f-86d1-706748154c4a@group-349356213E97, cid=753, SUCCESS, logIndex=962, commits[6dd5d97a-7455-476f-86d1-706748154c4a:c962, 8c1a4ac2-2d71-4742-ab0b-89dcc95eb13f:c960, c9d0001a-daad-4532-9e58-9f5f4a7ddd18:c960]
2019-09-12 14:53:34,312 [grpc-default-executor-7] INFO  client.GrpcClientProtocolClient (GrpcClientProtocolClient.java:onNext(264)) - client-835E41B928D6->6dd5d97a-7455-476f-86d1-706748154c4a: receive RaftClientReply:client-835E41B928D6->6dd5d97a-7455-476f-86d1-706748154c4a@group-349356213E97, cid=754, SUCCESS, logIndex=965, commits[6dd5d97a-7455-476f-86d1-706748154c4a:c966, 8c1a4ac2-2d71-4742-ab0b-89dcc95eb13f:c962, c9d0001a-daad-4532-9e58-9f5f4a7ddd18:c962]
2019-09-12 14:53:34,312 [grpc-default-executor-7] INFO  client.GrpcClientProtocolClient (GrpcClientProtocolClient.java:onNext(264)) - client-835E41B928D6->6dd5d97a-7455-476f-86d1-706748154c4a: receive RaftClientReply:client-835E41B928D6->6dd5d97a-7455-476f-86d1-706748154c4a@group-349356213E97, cid=755, SUCCESS, logIndex=966, commits[6dd5d97a-7455-476f-86d1-706748154c4a:c966, 8c1a4ac2-2d71-4742-ab0b-89dcc95eb13f:c962, c9d0001a-daad-4532-9e58-9f5f4a7ddd18:c962]
2019-09-12 14:53:34,338 [grpc-default-executor-7] INFO  client.GrpcClientProtocolClient (GrpcClientProtocolClient.java:onNext(264)) - client-835E41B928D6->6dd5d97a-7455-476f-86d1-706748154c4a: receive RaftClientReply:client-835E41B928D6->6dd5d97a-7455-476f-86d1-706748154c4a@group-349356213E97, cid=756, SUCCESS, logIndex=0, commits[6dd5d97a-7455-476f-86d1-706748154c4a:c968, 8c1a4ac2-2d71-4742-ab0b-89dcc95eb13f:c966, c9d0001a-daad-4532-9e58-9f5f4a7ddd18:c966]
2019-09-12 14:53:34,353 [grpc-default-executor-7] INFO  client.GrpcClientProtocolClient (GrpcClientProtocolClient.java:onNext(264)) - client-835E41B928D6->6dd5d97a-7455-476f-86d1-706748154c4a: receive RaftClientReply:client-835E41B928D6->6dd5d97a-7455-476f-86d1-706748154c4a@group-349356213E97, cid=757, SUCCESS, logIndex=969, commits[6dd5d97a-7455-476f-86d1-706748154c4a:c970, 8c1a4ac2-2d71-4742-ab0b-89dcc95eb13f:c968, c9d0001a-daad-4532-9e58-9f5f4a7ddd18:c966]
2019-09-12 14:53:34,353 [grpc-default-executor-7] INFO  client.GrpcClientProtocolClient (GrpcClientProtocolClient.java:onNext(264)) - client-835E41B928D6->6dd5d97a-7455-476f-86d1-706748154c4a: receive RaftClientReply:client-835E41B928D6->6dd5d97a-7455-476f-86d1-706748154c4a@group-349356213E97, cid=758, SUCCESS, logIndex=970, commits[6dd5d97a-7455-476f-86d1-706748154c4a:c970, 8c1a4ac2-2d71-4742-ab0b-89dcc95eb13f:c968, c9d0001a-daad-4532-9e58-9f5f4a7ddd18:c966]
2019-09-12 14:53:34,357 [grpc-default-executor-7] INFO  client.GrpcClientProtocolClient (GrpcClientProtocolClient.java:onNext(264)) - client-835E41B928D6->6dd5d97a-7455-476f-86d1-706748154c4a: receive RaftClientReply:client-835E41B928D6->6dd5d97a-7455-476f-86d1-706748154c4a@group-349356213E97, cid=759, SUCCESS, logIndex=971, commits[6dd5d97a-7455-476f-86d1-706748154c4a:c974, 8c1a4ac2-2d71-4742-ab0b-89dcc95eb13f:c968, c9d0001a-daad-4532-9e58-9f5f4a7ddd18:c970]
2019-09-12 14:53:34,358 [grpc-default-executor-7] INFO  client.GrpcClientProtocolClient (GrpcClientProtocolClient.java:onNext(264)) - client-835E41B928D6->6dd5d97a-7455-476f-86d1-706748154c4a: receive RaftClientReply:client-835E41B928D6->6dd5d97a-7455-476f-86d1-706748154c4a@group-349356213E97, cid=760, SUCCESS, logIndex=972, commits[6dd5d97a-7455-476f-86d1-706748154c4a:c974, 8c1a4ac2-2d71-4742-ab0b-89dcc95eb13f:c968, c9d0001a-daad-4532-9e58-9f5f4a7ddd18:c970]
2019-09-12 14:53:34,359 [grpc-default-executor-7] INFO  client.GrpcClientProtocolClient (GrpcClientProtocolClient.java:onNext(264)) - client-835E41B928D6->6dd5d97a-7455-476f-86d1-706748154c4a: receive RaftClientReply:client-835E41B928D6->6dd5d97a-7455-476f-86d1-706748154c4a@group-349356213E97, cid=761, SUCCESS, logIndex=0, commits[6dd5d97a-7455-476f-86d1-706748154c4a:c974, 8c1a4ac2-2d71-4742-ab0b-89dcc95eb13f:c970, c9d0001a-daad-4532-9e58-9f5f4a7ddd18:c970]
2019-09-12 14:53:34,373 [grpc-default-executor-7] INFO  client.GrpcClientProtocolClient (GrpcClientProtocolClient.java:onNext(264)) - client-835E41B928D6->6dd5d97a-7455-476f-86d1-706748154c4a: receive RaftClientReply:client-835E41B928D6->6dd5d97a-7455-476f-86d1-706748154c4a@group-349356213E97, cid=762, SUCCESS, logIndex=976, commits[6dd5d97a-7455-476f-86d1-706748154c4a:c977, 8c1a4ac2-2d71-4742-ab0b-89dcc95eb13f:c975, c9d0001a-daad-4532-9e58-9f5f4a7ddd18:c973]
2019-09-12 14:53:34,373 [grpc-default-executor-7] INFO  client.GrpcClientProtocolClient (GrpcClientProtocolClient.java:onNext(264)) - client-835E41B928D6->6dd5d97a-7455-476f-86d1-706748154c4a: receive RaftClientReply:client-835E41B928D6->6dd5d97a-7455-476f-86d1-706748154c4a@group-349356213E97, cid=763, SUCCESS, logIndex=977, commits[6dd5d97a-7455-476f-86d1-706748154c4a:c977, 8c1a4ac2-2d71-4742-ab0b-89dcc95eb13f:c975, c9d0001a-daad-4532-9e58-9f5f4a7ddd18:c973]
2019-09-12 14:53:34,386 [grpc-default-executor-7] INFO  client.GrpcClientProtocolClient (GrpcClientProtocolClient.java:onNext(264)) - client-835E41B928D6->6dd5d97a-7455-476f-86d1-706748154c4a: receive RaftClientReply:client-835E41B928D6->6dd5d97a-7455-476f-86d1-706748154c4a@group-349356213E97, cid=764, SUCCESS, logIndex=980, commits[6dd5d97a-7455-476f-86d1-706748154c4a:c981, 8c1a4ac2-2d71-4742-ab0b-89dcc95eb13f:c979, c9d0001a-daad-4532-9e58-9f5f4a7ddd18:c979]
2019-09-12 14:53:34,386 [grpc-default-executor-7] INFO  client.GrpcClientProtocolClient (GrpcClientProtocolClient.java:onNext(264)) - client-835E41B928D6->6dd5d97a-7455-476f-86d1-706748154c4a: receive RaftClientReply:client-835E41B928D6->6dd5d97a-7455-476f-86d1-706748154c4a@group-349356213E97, cid=765, SUCCESS, logIndex=981, commits[6dd5d97a-7455-476f-86d1-706748154c4a:c981, 8c1a4ac2-2d71-4742-ab0b-89dcc95eb13f:c979, c9d0001a-daad-4532-9e58-9f5f4a7ddd18:c979]
2019-09-12 14:53:34,388 [grpc-default-executor-7] INFO  client.GrpcClientProtocolClient (GrpcClientProtocolClient.java:onNext(264)) - client-835E41B928D6->6dd5d97a-7455-476f-86d1-706748154c4a: receive RaftClientReply:client-835E41B928D6->6dd5d97a-7455-476f-86d1-706748154c4a@group-349356213E97, cid=766, SUCCESS, logIndex=0, commits[6dd5d97a-7455-476f-86d1-706748154c4a:c982, 8c1a4ac2-2d71-4742-ab0b-89dcc95eb13f:c981, c9d0001a-daad-4532-9e58-9f5f4a7ddd18:c981]
2019-09-12 14:53:34,417 [grpc-default-executor-6] INFO  client.GrpcClientProtocolClient (GrpcClientProtocolClient.java:onNext(264)) - client-835E41B928D6->6dd5d97a-7455-476f-86d1-706748154c4a: receive RaftClientReply:client-835E41B928D6->6dd5d97a-7455-476f-86d1-706748154c4a@group-349356213E97, cid=767, SUCCESS, logIndex=984, commits[6dd5d97a-7455-476f-86d1-706748154c4a:c985, 8c1a4ac2-2d71-4742-ab0b-89dcc95eb13f:c983, c9d0001a-daad-4532-9e58-9f5f4a7ddd18:c983]
2019-09-12 14:53:34,417 [grpc-default-executor-6] INFO  client.GrpcClientProtocolClient (GrpcClientProtocolClient.java:onNext(264)) - client-835E41B928D6->6dd5d97a-7455-476f-86d1-706748154c4a: receive RaftClientReply:client-835E41B928D6->6dd5d97a-7455-476f-86d1-706748154c4a@group-349356213E97, cid=768, SUCCESS, logIndex=985, commits[6dd5d97a-7455-476f-86d1-706748154c4a:c987, 8c1a4ac2-2d71-4742-ab0b-89dcc95eb13f:c983, c9d0001a-daad-4532-9e58-9f5f4a7ddd18:c983]
2019-09-12 14:53:34,418 [grpc-default-executor-6] INFO  client.GrpcClientProtocolClient (GrpcClientProtocolClient.java:onNext(264)) - client-835E41B928D6->6dd5d97a-7455-476f-86d1-706748154c4a: receive RaftClientReply:client-835E41B928D6->6dd5d97a-7455-476f-86d1-706748154c4a@group-349356213E97, cid=769, SUCCESS, logIndex=986, commits[6dd5d97a-7455-476f-86d1-706748154c4a:c987, 8c1a4ac2-2d71-4742-ab0b-89dcc95eb13f:c983, c9d0001a-daad-4532-9e58-9f5f4a7ddd18:c983]
2019-09-12 14:53:34,418 [grpc-default-executor-6] INFO  client.GrpcClientProtocolClient (GrpcClientProtocolClient.java:onNext(264)) - client-835E41B928D6->6dd5d97a-7455-476f-86d1-706748154c4a: receive RaftClientReply:client-835E41B928D6->6dd5d97a-7455-476f-86d1-706748154c4a@group-349356213E97, cid=770, SUCCESS, logIndex=987, commits[6dd5d97a-7455-476f-86d1-706748154c4a:c987, 8c1a4ac2-2d71-4742-ab0b-89dcc95eb13f:c983, c9d0001a-daad-4532-9e58-9f5f4a7ddd18:c983]
2019-09-12 14:53:34,419 [grpc-default-executor-5] INFO  client.GrpcClientProtocolClient (GrpcClientProtocolClient.java:onNext(264)) - client-835E41B928D6->6dd5d97a-7455-476f-86d1-706748154c4a: receive RaftClientReply:client-835E41B928D6->6dd5d97a-7455-476f-86d1-706748154c4a@group-349356213E97, cid=771, SUCCESS, logIndex=0, commits[6dd5d97a-7455-476f-86d1-706748154c4a:c988, 8c1a4ac2-2d71-4742-ab0b-89dcc95eb13f:c985, c9d0001a-daad-4532-9e58-9f5f4a7ddd18:c985]
 0.00% |█                                                                                                    |  0/1 Time: 0:00:022019-09-12 14:53:34,433 [grpc-default-executor-5] INFO  client.GrpcClientProtocolClient (GrpcClientProtocolClient.java:onNext(264)) - client-835E41B928D6->6dd5d97a-7455-476f-86d1-706748154c4a: receive RaftClientReply:client-835E41B928D6->6dd5d97a-7455-476f-86d1-706748154c4a@group-349356213E97, cid=772, SUCCESS, logIndex=991, commits[6dd5d97a-7455-476f-86d1-706748154c4a:c992, 8c1a4ac2-2d71-4742-ab0b-89dcc95eb13f:c989, c9d0001a-daad-4532-9e58-9f5f4a7ddd18:c987]
2019-09-12 14:53:34,433 [grpc-default-executor-5] INFO  client.GrpcClientProtocolClient (GrpcClientProtocolClient.java:onNext(264)) - client-835E41B928D6->6dd5d97a-7455-476f-86d1-706748154c4a: receive RaftClientReply:client-835E41B928D6->6dd5d97a-7455-476f-86d1-706748154c4a@group-349356213E97, cid=773, SUCCESS, logIndex=992, commits[6dd5d97a-7455-476f-86d1-706748154c4a:c992, 8c1a4ac2-2d71-4742-ab0b-89dcc95eb13f:c989, c9d0001a-daad-4532-9e58-9f5f4a7ddd18:c989]
2019-09-12 14:53:34,592 [grpc-default-executor-6] INFO  client.GrpcClientProtocolClient (GrpcClientProtocolClient.java:onNext(264)) - client-835E41B928D6->6dd5d97a-7455-476f-86d1-706748154c4a: receive RaftClientReply:client-835E41B928D6->6dd5d97a-7455-476f-86d1-706748154c4a@group-349356213E97, cid=774, SUCCESS, logIndex=994, commits[6dd5d97a-7455-476f-86d1-706748154c4a:c995, 8c1a4ac2-2d71-4742-ab0b-89dcc95eb13f:c992, c9d0001a-daad-4532-9e58-9f5f4a7ddd18:c992]
2019-09-12 14:53:34,592 [grpc-default-executor-6] INFO  client.GrpcClientProtocolClient (GrpcClientProtocolClient.java:onNext(264)) - client-835E41B928D6->6dd5d97a-7455-476f-86d1-706748154c4a: receive RaftClientReply:client-835E41B928D6->6dd5d97a-7455-476f-86d1-706748154c4a@group-349356213E97, cid=775, SUCCESS, logIndex=995, commits[6dd5d97a-7455-476f-86d1-706748154c4a:c995, 8c1a4ac2-2d71-4742-ab0b-89dcc95eb13f:c992, c9d0001a-daad-4532-9e58-9f5f4a7ddd18:c992]
2019-09-12 14:53:34,603 [grpc-default-executor-6] INFO  client.GrpcClientProtocolClient (GrpcClientProtocolClient.java:onNext(264)) - client-835E41B928D6->6dd5d97a-7455-476f-86d1-706748154c4a: receive RaftClientReply:client-835E41B928D6->6dd5d97a-7455-476f-86d1-706748154c4a@group-349356213E97, cid=776, SUCCESS, logIndex=0, commits[6dd5d97a-7455-476f-86d1-706748154c4a:c996, 8c1a4ac2-2d71-4742-ab0b-89dcc95eb13f:c995, c9d0001a-daad-4532-9e58-9f5f4a7ddd18:c995]
2019-09-12 14:53:34,627 [grpc-default-executor-5] INFO  client.GrpcClientProtocolClient (GrpcClientProtocolClient.java:onNext(264)) - client-835E41B928D6->6dd5d97a-7455-476f-86d1-706748154c4a: receive RaftClientReply:client-835E41B928D6->6dd5d97a-7455-476f-86d1-706748154c4a@group-349356213E97, cid=777, SUCCESS, logIndex=998, commits[6dd5d97a-7455-476f-86d1-706748154c4a:c999, 8c1a4ac2-2d71-4742-ab0b-89dcc95eb13f:c997, c9d0001a-daad-4532-9e58-9f5f4a7ddd18:c997]
2019-09-12 14:53:34,628 [grpc-default-executor-5] INFO  client.GrpcClientProtocolClient (GrpcClientProtocolClient.java:onNext(264)) - client-835E41B928D6->6dd5d97a-7455-476f-86d1-706748154c4a: receive RaftClientReply:client-835E41B928D6->6dd5d97a-7455-476f-86d1-706748154c4a@group-349356213E97, cid=778, SUCCESS, logIndex=999, commits[6dd5d97a-7455-476f-86d1-706748154c4a:c1001, 8c1a4ac2-2d71-4742-ab0b-89dcc95eb13f:c997, c9d0001a-daad-4532-9e58-9f5f4a7ddd18:c997]
2019-09-12 14:53:34,628 [grpc-default-executor-5] INFO  client.GrpcClientProtocolClient (GrpcClientProtocolClient.java:onNext(264)) - client-835E41B928D6->6dd5d97a-7455-476f-86d1-706748154c4a: receive RaftClientReply:client-835E41B928D6->6dd5d97a-7455-476f-86d1-706748154c4a@group-349356213E97, cid=779, SUCCESS, logIndex=1000, commits[6dd5d97a-7455-476f-86d1-706748154c4a:c1001, 8c1a4ac2-2d71-4742-ab0b-89dcc95eb13f:c997, c9d0001a-daad-4532-9e58-9f5f4a7ddd18:c997]
2019-09-12 14:53:34,629 [grpc-default-executor-5] INFO  client.GrpcClientProtocolClient (GrpcClientProtocolClient.java:onNext(264)) - client-835E41B928D6->6dd5d97a-7455-476f-86d1-706748154c4a: receive RaftClientReply:client-835E41B928D6->6dd5d97a-7455-476f-86d1-706748154c4a@group-349356213E97, cid=780, SUCCESS, logIndex=1001, commits[6dd5d97a-7455-476f-86d1-706748154c4a:c1001, 8c1a4ac2-2d71-4742-ab0b-89dcc95eb13f:c997, c9d0001a-daad-4532-9e58-9f5f4a7ddd18:c997]
2019-09-12 14:53:34,643 [grpc-default-executor-5] INFO  client.GrpcClientProtocolClient (GrpcClientProtocolClient.java:onNext(264)) - client-835E41B928D6->6dd5d97a-7455-476f-86d1-706748154c4a: receive RaftClientReply:client-835E41B928D6->6dd5d97a-7455-476f-86d1-706748154c4a@group-349356213E97, cid=781, SUCCESS, logIndex=0, commits[6dd5d97a-7455-476f-86d1-706748154c4a:c1003, 8c1a4ac2-2d71-4742-ab0b-89dcc95eb13f:c999, c9d0001a-daad-4532-9e58-9f5f4a7ddd18:c999]
2019-09-12 14:53:34,661 [grpc-default-executor-7] INFO  client.GrpcClientProtocolClient (GrpcClientProtocolClient.java:onNext(264)) - client-835E41B928D6->6dd5d97a-7455-476f-86d1-706748154c4a: receive RaftClientReply:client-835E41B928D6->6dd5d97a-7455-476f-86d1-706748154c4a@group-349356213E97, cid=782, SUCCESS, logIndex=1006, commits[6dd5d97a-7455-476f-86d1-706748154c4a:c1006, 8c1a4ac2-2d71-4742-ab0b-89dcc95eb13f:c1005, c9d0001a-daad-4532-9e58-9f5f4a7ddd18:c1005]
2019-09-12 14:53:34,662 [grpc-default-executor-7] INFO  client.GrpcClientProtocolClient (GrpcClientProtocolClient.java:onNext(264)) - client-835E41B928D6->6dd5d97a-7455-476f-86d1-706748154c4a: receive RaftClientReply:client-835E41B928D6->6dd5d97a-7455-476f-86d1-706748154c4a@group-349356213E97, cid=783, SUCCESS, logIndex=1007, commits[6dd5d97a-7455-476f-86d1-706748154c4a:c1007, 8c1a4ac2-2d71-4742-ab0b-89dcc95eb13f:c1005, c9d0001a-daad-4532-9e58-9f5f4a7ddd18:c1005]
2019-09-12 14:53:34,683 [grpc-default-executor-7] INFO  client.GrpcClientProtocolClient (GrpcClientProtocolClient.java:onNext(264)) - client-835E41B928D6->6dd5d97a-7455-476f-86d1-706748154c4a: receive RaftClientReply:client-835E41B928D6->6dd5d97a-7455-476f-86d1-706748154c4a@group-349356213E97, cid=784, SUCCESS, logIndex=1010, commits[6dd5d97a-7455-476f-86d1-706748154c4a:c1011, 8c1a4ac2-2d71-4742-ab0b-89dcc95eb13f:c1009, c9d0001a-daad-4532-9e58-9f5f4a7ddd18:c1009]
2019-09-12 14:53:34,683 [grpc-default-executor-7] INFO  client.GrpcClientProtocolClient (GrpcClientProtocolClient.java:onNext(264)) - client-835E41B928D6->6dd5d97a-7455-476f-86d1-706748154c4a: receive RaftClientReply:client-835E41B928D6->6dd5d97a-7455-476f-86d1-706748154c4a@group-349356213E97, cid=785, SUCCESS, logIndex=1011, commits[6dd5d97a-7455-476f-86d1-706748154c4a:c1011, 8c1a4ac2-2d71-4742-ab0b-89dcc95eb13f:c1009, c9d0001a-daad-4532-9e58-9f5f4a7ddd18:c1009]
2019-09-12 14:53:34,700 [grpc-default-executor-7] INFO  client.GrpcClientProtocolClient (GrpcClientProtocolClient.java:onNext(264)) - client-835E41B928D6->6dd5d97a-7455-476f-86d1-706748154c4a: receive RaftClientReply:client-835E41B928D6->6dd5d97a-7455-476f-86d1-706748154c4a@group-349356213E97, cid=786, SUCCESS, logIndex=0, commits[6dd5d97a-7455-476f-86d1-706748154c4a:c1013, 8c1a4ac2-2d71-4742-ab0b-89dcc95eb13f:c1011, c9d0001a-daad-4532-9e58-9f5f4a7ddd18:c1011]
2019-09-12 14:53:34,720 [grpc-default-executor-5] INFO  client.GrpcClientProtocolClient (GrpcClientProtocolClient.java:onNext(264)) - client-835E41B928D6->6dd5d97a-7455-476f-86d1-706748154c4a: receive RaftClientReply:client-835E41B928D6->6dd5d97a-7455-476f-86d1-706748154c4a@group-349356213E97, cid=787, SUCCESS, logIndex=1014, commits[6dd5d97a-7455-476f-86d1-706748154c4a:c1015, 8c1a4ac2-2d71-4742-ab0b-89dcc95eb13f:c1013, c9d0001a-daad-4532-9e58-9f5f4a7ddd18:c1013]
2019-09-12 14:53:34,721 [grpc-default-executor-5] INFO  client.GrpcClientProtocolClient (GrpcClientProtocolClient.java:onNext(264)) - client-835E41B928D6->6dd5d97a-7455-476f-86d1-706748154c4a: receive RaftClientReply:client-835E41B928D6->6dd5d97a-7455-476f-86d1-706748154c4a@group-349356213E97, cid=788, SUCCESS, logIndex=1015, commits[6dd5d97a-7455-476f-86d1-706748154c4a:c1015, 8c1a4ac2-2d71-4742-ab0b-89dcc95eb13f:c1013, c9d0001a-daad-4532-9e58-9f5f4a7ddd18:c1013]
2019-09-12 14:53:34,723 [grpc-default-executor-6] INFO  client.GrpcClientProtocolClient (GrpcClientProtocolClient.java:onNext(264)) - client-835E41B928D6->6dd5d97a-7455-476f-86d1-706748154c4a: receive RaftClientReply:client-835E41B928D6->6dd5d97a-7455-476f-86d1-706748154c4a@group-349356213E97, cid=789, SUCCESS, logIndex=1016, commits[6dd5d97a-7455-476f-86d1-706748154c4a:c1017, 8c1a4ac2-2d71-4742-ab0b-89dcc95eb13f:c1013, c9d0001a-daad-4532-9e58-9f5f4a7ddd18:c1013]
2019-09-12 14:53:34,723 [grpc-default-executor-6] INFO  client.GrpcClientProtocolClient (GrpcClientProtocolClient.java:onNext(264)) - client-835E41B928D6->6dd5d97a-7455-476f-86d1-706748154c4a: receive RaftClientReply:client-835E41B928D6->6dd5d97a-7455-476f-86d1-706748154c4a@group-349356213E97, cid=790, SUCCESS, logIndex=1017, commits[6dd5d97a-7455-476f-86d1-706748154c4a:c1017, 8c1a4ac2-2d71-4742-ab0b-89dcc95eb13f:c1013, c9d0001a-daad-4532-9e58-9f5f4a7ddd18:c1013]
2019-09-12 14:53:34,735 [grpc-default-executor-5] INFO  client.GrpcClientProtocolClient (GrpcClientProtocolClient.java:onNext(264)) - client-835E41B928D6->6dd5d97a-7455-476f-86d1-706748154c4a: receive RaftClientReply:client-835E41B928D6->6dd5d97a-7455-476f-86d1-706748154c4a@group-349356213E97, cid=791, SUCCESS, logIndex=0, commits[6dd5d97a-7455-476f-86d1-706748154c4a:c1018, 8c1a4ac2-2d71-4742-ab0b-89dcc95eb13f:c1015, c9d0001a-daad-4532-9e58-9f5f4a7ddd18:c1015]
2019-09-12 14:53:34,761 [grpc-default-executor-5] INFO  client.GrpcClientProtocolClient (GrpcClientProtocolClient.java:onNext(264)) - client-835E41B928D6->6dd5d97a-7455-476f-86d1-706748154c4a: receive RaftClientReply:client-835E41B928D6->6dd5d97a-7455-476f-86d1-706748154c4a@group-349356213E97, cid=792, SUCCESS, logIndex=1022, commits[6dd5d97a-7455-476f-86d1-706748154c4a:c1023, 8c1a4ac2-2d71-4742-ab0b-89dcc95eb13f:c1018, c9d0001a-daad-4532-9e58-9f5f4a7ddd18:c1018]
2019-09-12 14:53:34,761 [grpc-default-executor-5] INFO  client.GrpcClientProtocolClient (GrpcClientProtocolClient.java:onNext(264)) - client-835E41B928D6->6dd5d97a-7455-476f-86d1-706748154c4a: receive RaftClientReply:client-835E41B928D6->6dd5d97a-7455-476f-86d1-706748154c4a@group-349356213E97, cid=793, SUCCESS, logIndex=1023, commits[6dd5d97a-7455-476f-86d1-706748154c4a:c1023, 8c1a4ac2-2d71-4742-ab0b-89dcc95eb13f:c1018, c9d0001a-daad-4532-9e58-9f5f4a7ddd18:c1018]
2019-09-12 14:53:34,774 [grpc-default-executor-5] INFO  client.GrpcClientProtocolClient (GrpcClientProtocolClient.java:onNext(264)) - client-835E41B928D6->6dd5d97a-7455-476f-86d1-706748154c4a: receive RaftClientReply:client-835E41B928D6->6dd5d97a-7455-476f-86d1-706748154c4a@group-349356213E97, cid=794, SUCCESS, logIndex=1026, commits[6dd5d97a-7455-476f-86d1-706748154c4a:c1027, 8c1a4ac2-2d71-4742-ab0b-89dcc95eb13f:c1023, c9d0001a-daad-4532-9e58-9f5f4a7ddd18:c1023]
2019-09-12 14:53:34,774 [grpc-default-executor-5] INFO  client.GrpcClientProtocolClient (GrpcClientProtocolClient.java:onNext(264)) - client-835E41B928D6->6dd5d97a-7455-476f-86d1-706748154c4a: receive RaftClientReply:client-835E41B928D6->6dd5d97a-7455-476f-86d1-706748154c4a@group-349356213E97, cid=795, SUCCESS, logIndex=1027, commits[6dd5d97a-7455-476f-86d1-706748154c4a:c1027, 8c1a4ac2-2d71-4742-ab0b-89dcc95eb13f:c1023, c9d0001a-daad-4532-9e58-9f5f4a7ddd18:c1023]
2019-09-12 14:53:34,787 [grpc-default-executor-6] INFO  client.GrpcClientProtocolClient (GrpcClientProtocolClient.java:onNext(264)) - client-835E41B928D6->6dd5d97a-7455-476f-86d1-706748154c4a: receive RaftClientReply:client-835E41B928D6->6dd5d97a-7455-476f-86d1-706748154c4a@group-349356213E97, cid=796, SUCCESS, logIndex=0, commits[6dd5d97a-7455-476f-86d1-706748154c4a:c1028, 8c1a4ac2-2d71-4742-ab0b-89dcc95eb13f:c1027, c9d0001a-daad-4532-9e58-9f5f4a7ddd18:c1027]
2019-09-12 14:53:34,806 [grpc-default-executor-7] INFO  client.GrpcClientProtocolClient (GrpcClientProtocolClient.java:onNext(264)) - client-835E41B928D6->6dd5d97a-7455-476f-86d1-706748154c4a: receive RaftClientReply:client-835E41B928D6->6dd5d97a-7455-476f-86d1-706748154c4a@group-349356213E97, cid=797, SUCCESS, logIndex=1030, commits[6dd5d97a-7455-476f-86d1-706748154c4a:c1032, 8c1a4ac2-2d71-4742-ab0b-89dcc95eb13f:c1029, c9d0001a-daad-4532-9e58-9f5f4a7ddd18:c1029]
2019-09-12 14:53:34,806 [grpc-default-executor-7] INFO  client.GrpcClientProtocolClient (GrpcClientProtocolClient.java:onNext(264)) - client-835E41B928D6->6dd5d97a-7455-476f-86d1-706748154c4a: receive RaftClientReply:client-835E41B928D6->6dd5d97a-7455-476f-86d1-706748154c4a@group-349356213E97, cid=798, SUCCESS, logIndex=1031, commits[6dd5d97a-7455-476f-86d1-706748154c4a:c1033, 8c1a4ac2-2d71-4742-ab0b-89dcc95eb13f:c1029, c9d0001a-daad-4532-9e58-9f5f4a7ddd18:c1029]
2019-09-12 14:53:34,807 [grpc-default-executor-7] INFO  client.GrpcClientProtocolClient (GrpcClientProtocolClient.java:onNext(264)) - client-835E41B928D6->6dd5d97a-7455-476f-86d1-706748154c4a: receive RaftClientReply:client-835E41B928D6->6dd5d97a-7455-476f-86d1-706748154c4a@group-349356213E97, cid=799, SUCCESS, logIndex=1032, commits[6dd5d97a-7455-476f-86d1-706748154c4a:c1033, 8c1a4ac2-2d71-4742-ab0b-89dcc95eb13f:c1029, c9d0001a-daad-4532-9e58-9f5f4a7ddd18:c1029]
2019-09-12 14:53:34,807 [grpc-default-executor-7] INFO  client.GrpcClientProtocolClient (GrpcClientProtocolClient.java:onNext(264)) - client-835E41B928D6->6dd5d97a-7455-476f-86d1-706748154c4a: receive RaftClientReply:client-835E41B928D6->6dd5d97a-7455-476f-86d1-706748154c4a@group-349356213E97, cid=800, SUCCESS, logIndex=1033, commits[6dd5d97a-7455-476f-86d1-706748154c4a:c1033, 8c1a4ac2-2d71-4742-ab0b-89dcc95eb13f:c1029, c9d0001a-daad-4532-9e58-9f5f4a7ddd18:c1029]
2019-09-12 14:53:34,818 [grpc-default-executor-7] INFO  client.GrpcClientProtocolClient (GrpcClientProtocolClient.java:onNext(264)) - client-835E41B928D6->6dd5d97a-7455-476f-86d1-706748154c4a: receive RaftClientReply:client-835E41B928D6->6dd5d97a-7455-476f-86d1-706748154c4a@group-349356213E97, cid=801, SUCCESS, logIndex=0, commits[6dd5d97a-7455-476f-86d1-706748154c4a:c1034, 8c1a4ac2-2d71-4742-ab0b-89dcc95eb13f:c1031, c9d0001a-daad-4532-9e58-9f5f4a7ddd18:c1031]
2019-09-12 14:53:34,829 [grpc-default-executor-6] INFO  client.GrpcClientProtocolClient (GrpcClientProtocolClient.java:onNext(264)) - client-835E41B928D6->6dd5d97a-7455-476f-86d1-706748154c4a: receive RaftClientReply:client-835E41B928D6->6dd5d97a-7455-476f-86d1-706748154c4a@group-349356213E97, cid=802, SUCCESS, logIndex=1038, commits[6dd5d97a-7455-476f-86d1-706748154c4a:c1039, 8c1a4ac2-2d71-4742-ab0b-89dcc95eb13f:c1037, c9d0001a-daad-4532-9e58-9f5f4a7ddd18:c1033]
2019-09-12 14:53:34,830 [grpc-default-executor-6] INFO  client.GrpcClientProtocolClient (GrpcClientProtocolClient.java:onNext(264)) - client-835E41B928D6->6dd5d97a-7455-476f-86d1-706748154c4a: receive RaftClientReply:client-835E41B928D6->6dd5d97a-7455-476f-86d1-706748154c4a@group-349356213E97, cid=803, SUCCESS, logIndex=1039, commits[6dd5d97a-7455-476f-86d1-706748154c4a:c1039, 8c1a4ac2-2d71-4742-ab0b-89dcc95eb13f:c1037, c9d0001a-daad-4532-9e58-9f5f4a7ddd18:c1037]
2019-09-12 14:53:34,845 [grpc-default-executor-6] INFO  client.GrpcClientProtocolClient (GrpcClientProtocolClient.java:onNext(264)) - client-835E41B928D6->6dd5d97a-7455-476f-86d1-706748154c4a: receive RaftClientReply:client-835E41B928D6->6dd5d97a-7455-476f-86d1-706748154c4a@group-349356213E97, cid=804, SUCCESS, logIndex=1042, commits[6dd5d97a-7455-476f-86d1-706748154c4a:c1043, 8c1a4ac2-2d71-4742-ab0b-89dcc95eb13f:c1041, c9d0001a-daad-4532-9e58-9f5f4a7ddd18:c1041]
2019-09-12 14:53:34,845 [grpc-default-executor-6] INFO  client.GrpcClientProtocolClient (GrpcClientProtocolClient.java:onNext(264)) - client-835E41B928D6->6dd5d97a-7455-476f-86d1-706748154c4a: receive RaftClientReply:client-835E41B928D6->6dd5d97a-7455-476f-86d1-706748154c4a@group-349356213E97, cid=805, SUCCESS, logIndex=1043, commits[6dd5d97a-7455-476f-86d1-706748154c4a:c1043, 8c1a4ac2-2d71-4742-ab0b-89dcc95eb13f:c1041, c9d0001a-daad-4532-9e58-9f5f4a7ddd18:c1041]
2019-09-12 14:53:34,849 [grpc-default-executor-6] INFO  client.GrpcClientProtocolClient (GrpcClientProtocolClient.java:onNext(264)) - client-835E41B928D6->6dd5d97a-7455-476f-86d1-706748154c4a: receive RaftClientReply:client-835E41B928D6->6dd5d97a-7455-476f-86d1-706748154c4a@group-349356213E97, cid=806, SUCCESS, logIndex=0, commits[6dd5d97a-7455-476f-86d1-706748154c4a:c1045, 8c1a4ac2-2d71-4742-ab0b-89dcc95eb13f:c1043, c9d0001a-daad-4532-9e58-9f5f4a7ddd18:c1043]
2019-09-12 14:53:34,862 [grpc-default-executor-6] INFO  client.GrpcClientProtocolClient (GrpcClientProtocolClient.java:onNext(264)) - client-835E41B928D6->6dd5d97a-7455-476f-86d1-706748154c4a: receive RaftClientReply:client-835E41B928D6->6dd5d97a-7455-476f-86d1-706748154c4a@group-349356213E97, cid=807, SUCCESS, logIndex=1046, commits[6dd5d97a-7455-476f-86d1-706748154c4a:c1047, 8c1a4ac2-2d71-4742-ab0b-89dcc95eb13f:c1045, c9d0001a-daad-4532-9e58-9f5f4a7ddd18:c1043]
2019-09-12 14:53:34,863 [grpc-default-executor-6] INFO  client.GrpcClientProtocolClient (GrpcClientProtocolClient.java:onNext(264)) - client-835E41B928D6->6dd5d97a-7455-476f-86d1-706748154c4a: receive RaftClientReply:client-835E41B928D6->6dd5d97a-7455-476f-86d1-706748154c4a@group-349356213E97, cid=808, SUCCESS, logIndex=1047, commits[6dd5d97a-7455-476f-86d1-706748154c4a:c1047, 8c1a4ac2-2d71-4742-ab0b-89dcc95eb13f:c1045, c9d0001a-daad-4532-9e58-9f5f4a7ddd18:c1045]
2019-09-12 14:53:34,863 [grpc-default-executor-7] INFO  client.GrpcClientProtocolClient (GrpcClientProtocolClient.java:onNext(264)) - client-835E41B928D6->6dd5d97a-7455-476f-86d1-706748154c4a: receive RaftClientReply:client-835E41B928D6->6dd5d97a-7455-476f-86d1-706748154c4a@group-349356213E97, cid=809, SUCCESS, logIndex=1048, commits[6dd5d97a-7455-476f-86d1-706748154c4a:c1049, 8c1a4ac2-2d71-4742-ab0b-89dcc95eb13f:c1045, c9d0001a-daad-4532-9e58-9f5f4a7ddd18:c1045]
2019-09-12 14:53:34,863 [grpc-default-executor-7] INFO  client.GrpcClientProtocolClient (GrpcClientProtocolClient.java:onNext(264)) - client-835E41B928D6->6dd5d97a-7455-476f-86d1-706748154c4a: receive RaftClientReply:client-835E41B928D6->6dd5d97a-7455-476f-86d1-706748154c4a@group-349356213E97, cid=810, SUCCESS, logIndex=1049, commits[6dd5d97a-7455-476f-86d1-706748154c4a:c1049, 8c1a4ac2-2d71-4742-ab0b-89dcc95eb13f:c1045, c9d0001a-daad-4532-9e58-9f5f4a7ddd18:c1045]
2019-09-12 14:53:34,864 [grpc-default-executor-5] INFO  client.GrpcClientProtocolClient (GrpcClientProtocolClient.java:onNext(264)) - client-835E41B928D6->6dd5d97a-7455-476f-86d1-706748154c4a: receive RaftClientReply:client-835E41B928D6->6dd5d97a-7455-476f-86d1-706748154c4a@group-349356213E97, cid=811, SUCCESS, logIndex=0, commits[6dd5d97a-7455-476f-86d1-706748154c4a:c1051, 8c1a4ac2-2d71-4742-ab0b-89dcc95eb13f:c1047, c9d0001a-daad-4532-9e58-9f5f4a7ddd18:c1047]
2019-09-12 14:53:34,875 [grpc-default-executor-5] INFO  client.GrpcClientProtocolClient (GrpcClientProtocolClient.java:onNext(264)) - client-835E41B928D6->6dd5d97a-7455-476f-86d1-706748154c4a: receive RaftClientReply:client-835E41B928D6->6dd5d97a-7455-476f-86d1-706748154c4a@group-349356213E97, cid=812, SUCCESS, logIndex=1054, commits[6dd5d97a-7455-476f-86d1-706748154c4a:c1055, 8c1a4ac2-2d71-4742-ab0b-89dcc95eb13f:c1053, c9d0001a-daad-4532-9e58-9f5f4a7ddd18:c1049]
2019-09-12 14:53:34,876 [grpc-default-executor-5] INFO  client.GrpcClientProtocolClient (GrpcClientProtocolClient.java:onNext(264)) - client-835E41B928D6->6dd5d97a-7455-476f-86d1-706748154c4a: receive RaftClientReply:client-835E41B928D6->6dd5d97a-7455-476f-86d1-706748154c4a@group-349356213E97, cid=813, SUCCESS, logIndex=1055, commits[6dd5d97a-7455-476f-86d1-706748154c4a:c1055, 8c1a4ac2-2d71-4742-ab0b-89dcc95eb13f:c1053, c9d0001a-daad-4532-9e58-9f5f4a7ddd18:c1053]
2019-09-12 14:53:34,887 [grpc-default-executor-7] INFO  client.GrpcClientProtocolClient (GrpcClientProtocolClient.java:onNext(264)) - client-835E41B928D6->6dd5d97a-7455-476f-86d1-706748154c4a: receive RaftClientReply:client-835E41B928D6->6dd5d97a-7455-476f-86d1-706748154c4a@group-349356213E97, cid=814, SUCCESS, logIndex=1058, commits[6dd5d97a-7455-476f-86d1-706748154c4a:c1059, 8c1a4ac2-2d71-4742-ab0b-89dcc95eb13f:c1057, c9d0001a-daad-4532-9e58-9f5f4a7ddd18:c1055]
2019-09-12 14:53:34,887 [grpc-default-executor-7] INFO  client.GrpcClientProtocolClient (GrpcClientProtocolClient.java:onNext(264)) - client-835E41B928D6->6dd5d97a-7455-476f-86d1-706748154c4a: receive RaftClientReply:client-835E41B928D6->6dd5d97a-7455-476f-86d1-706748154c4a@group-349356213E97, cid=815, SUCCESS, logIndex=1059, commits[6dd5d97a-7455-476f-86d1-706748154c4a:c1059, 8c1a4ac2-2d71-4742-ab0b-89dcc95eb13f:c1057, c9d0001a-daad-4532-9e58-9f5f4a7ddd18:c1057]
2019-09-12 14:53:34,889 [grpc-default-executor-7] INFO  client.GrpcClientProtocolClient (GrpcClientProtocolClient.java:onNext(264)) - client-835E41B928D6->6dd5d97a-7455-476f-86d1-706748154c4a: receive RaftClientReply:client-835E41B928D6->6dd5d97a-7455-476f-86d1-706748154c4a@group-349356213E97, cid=816, SUCCESS, logIndex=0, commits[6dd5d97a-7455-476f-86d1-706748154c4a:c1060, 8c1a4ac2-2d71-4742-ab0b-89dcc95eb13f:c1059, c9d0001a-daad-4532-9e58-9f5f4a7ddd18:c1059]
2019-09-12 14:53:34,916 [grpc-default-executor-5] INFO  client.GrpcClientProtocolClient (GrpcClientProtocolClient.java:onNext(264)) - client-835E41B928D6->6dd5d97a-7455-476f-86d1-706748154c4a: receive RaftClientReply:client-835E41B928D6->6dd5d97a-7455-476f-86d1-706748154c4a@group-349356213E97, cid=817, SUCCESS, logIndex=1062, commits[6dd5d97a-7455-476f-86d1-706748154c4a:c1063, 8c1a4ac2-2d71-4742-ab0b-89dcc95eb13f:c1061, c9d0001a-daad-4532-9e58-9f5f4a7ddd18:c1061]
2019-09-12 14:53:34,917 [grpc-default-executor-5] INFO  client.GrpcClientProtocolClient (GrpcClientProtocolClient.java:onNext(264)) - client-835E41B928D6->6dd5d97a-7455-476f-86d1-706748154c4a: receive RaftClientReply:client-835E41B928D6->6dd5d97a-7455-476f-86d1-706748154c4a@group-349356213E97, cid=818, SUCCESS, logIndex=1063, commits[6dd5d97a-7455-476f-86d1-706748154c4a:c1063, 8c1a4ac2-2d71-4742-ab0b-89dcc95eb13f:c1061, c9d0001a-daad-4532-9e58-9f5f4a7ddd18:c1061]
2019-09-12 14:53:34,917 [grpc-default-executor-6] INFO  client.GrpcClientProtocolClient (GrpcClientProtocolClient.java:onNext(264)) - client-835E41B928D6->6dd5d97a-7455-476f-86d1-706748154c4a: receive RaftClientReply:client-835E41B928D6->6dd5d97a-7455-476f-86d1-706748154c4a@group-349356213E97, cid=819, SUCCESS, logIndex=1064, commits[6dd5d97a-7455-476f-86d1-706748154c4a:c1065, 8c1a4ac2-2d71-4742-ab0b-89dcc95eb13f:c1061, c9d0001a-daad-4532-9e58-9f5f4a7ddd18:c1061]
2019-09-12 14:53:34,918 [grpc-default-executor-6] INFO  client.GrpcClientProtocolClient (GrpcClientProtocolClient.java:onNext(264)) - client-835E41B928D6->6dd5d97a-7455-476f-86d1-706748154c4a: receive RaftClientReply:client-835E41B928D6->6dd5d97a-7455-476f-86d1-706748154c4a@group-349356213E97, cid=820, SUCCESS, logIndex=1065, commits[6dd5d97a-7455-476f-86d1-706748154c4a:c1065, 8c1a4ac2-2d71-4742-ab0b-89dcc95eb13f:c1061, c9d0001a-daad-4532-9e58-9f5f4a7ddd18:c1061]
2019-09-12 14:53:34,921 [grpc-default-executor-6] INFO  client.GrpcClientProtocolClient (GrpcClientProtocolClient.java:onNext(264)) - client-835E41B928D6->6dd5d97a-7455-476f-86d1-706748154c4a: receive RaftClientReply:client-835E41B928D6->6dd5d97a-7455-476f-86d1-706748154c4a@group-349356213E97, cid=821, SUCCESS, logIndex=0, commits[6dd5d97a-7455-476f-86d1-706748154c4a:c1067, 8c1a4ac2-2d71-4742-ab0b-89dcc95eb13f:c1063, c9d0001a-daad-4532-9e58-9f5f4a7ddd18:c1063]
2019-09-12 14:53:34,932 [grpc-default-executor-5] INFO  client.GrpcClientProtocolClient (GrpcClientProtocolClient.java:onNext(264)) - client-835E41B928D6->6dd5d97a-7455-476f-86d1-706748154c4a: receive RaftClientReply:client-835E41B928D6->6dd5d97a-7455-476f-86d1-706748154c4a@group-349356213E97, cid=822, SUCCESS, logIndex=1070, commits[6dd5d97a-7455-476f-86d1-706748154c4a:c1071, 8c1a4ac2-2d71-4742-ab0b-89dcc95eb13f:c1069, c9d0001a-daad-4532-9e58-9f5f4a7ddd18:c1065]
2019-09-12 14:53:34,933 [grpc-default-executor-5] INFO  client.GrpcClientProtocolClient (GrpcClientProtocolClient.java:onNext(264)) - client-835E41B928D6->6dd5d97a-7455-476f-86d1-706748154c4a: receive RaftClientReply:client-835E41B928D6->6dd5d97a-7455-476f-86d1-706748154c4a@group-349356213E97, cid=823, SUCCESS, logIndex=1071, commits[6dd5d97a-7455-476f-86d1-706748154c4a:c1071, 8c1a4ac2-2d71-4742-ab0b-89dcc95eb13f:c1069, c9d0001a-daad-4532-9e58-9f5f4a7ddd18:c1069]
2019-09-12 14:53:34,962 [grpc-default-executor-7] INFO  client.GrpcClientProtocolClient (GrpcClientProtocolClient.java:onNext(264)) - client-835E41B928D6->6dd5d97a-7455-476f-86d1-706748154c4a: receive RaftClientReply:client-835E41B928D6->6dd5d97a-7455-476f-86d1-706748154c4a@group-349356213E97, cid=824, SUCCESS, logIndex=1074, commits[6dd5d97a-7455-476f-86d1-706748154c4a:c1075, 8c1a4ac2-2d71-4742-ab0b-89dcc95eb13f:c1073, c9d0001a-daad-4532-9e58-9f5f4a7ddd18:c1073]
2019-09-12 14:53:34,962 [grpc-default-executor-7] INFO  client.GrpcClientProtocolClient (GrpcClientProtocolClient.java:onNext(264)) - client-835E41B928D6->6dd5d97a-7455-476f-86d1-706748154c4a: receive RaftClientReply:client-835E41B928D6->6dd5d97a-7455-476f-86d1-706748154c4a@group-349356213E97, cid=825, SUCCESS, logIndex=1075, commits[6dd5d97a-7455-476f-86d1-706748154c4a:c1075, 8c1a4ac2-2d71-4742-ab0b-89dcc95eb13f:c1073, c9d0001a-daad-4532-9e58-9f5f4a7ddd18:c1073]
2019-09-12 14:53:34,976 [grpc-default-executor-7] INFO  client.GrpcClientProtocolClient (GrpcClientProtocolClient.java:onNext(264)) - client-835E41B928D6->6dd5d97a-7455-476f-86d1-706748154c4a: receive RaftClientReply:client-835E41B928D6->6dd5d97a-7455-476f-86d1-706748154c4a@group-349356213E97, cid=826, SUCCESS, logIndex=0, commits[6dd5d97a-7455-476f-86d1-706748154c4a:c1077, 8c1a4ac2-2d71-4742-ab0b-89dcc95eb13f:c1075, c9d0001a-daad-4532-9e58-9f5f4a7ddd18:c1075]
2019-09-12 14:53:34,994 [grpc-default-executor-6] INFO  client.GrpcClientProtocolClient (GrpcClientProtocolClient.java:onNext(264)) - client-835E41B928D6->6dd5d97a-7455-476f-86d1-706748154c4a: receive RaftClientReply:client-835E41B928D6->6dd5d97a-7455-476f-86d1-706748154c4a@group-349356213E97, cid=827, SUCCESS, logIndex=1078, commits[6dd5d97a-7455-476f-86d1-706748154c4a:c1079, 8c1a4ac2-2d71-4742-ab0b-89dcc95eb13f:c1077, c9d0001a-daad-4532-9e58-9f5f4a7ddd18:c1077]
2019-09-12 14:53:34,995 [grpc-default-executor-6] INFO  client.GrpcClientProtocolClient (GrpcClientProtocolClient.java:onNext(264)) - client-835E41B928D6->6dd5d97a-7455-476f-86d1-706748154c4a: receive RaftClientReply:client-835E41B928D6->6dd5d97a-7455-476f-86d1-706748154c4a@group-349356213E97, cid=828, SUCCESS, logIndex=1079, commits[6dd5d97a-7455-476f-86d1-706748154c4a:c1079, 8c1a4ac2-2d71-4742-ab0b-89dcc95eb13f:c1077, c9d0001a-daad-4532-9e58-9f5f4a7ddd18:c1077]
2019-09-12 14:53:34,997 [grpc-default-executor-7] INFO  client.GrpcClientProtocolClient (GrpcClientProtocolClient.java:onNext(264)) - client-835E41B928D6->6dd5d97a-7455-476f-86d1-706748154c4a: receive RaftClientReply:client-835E41B928D6->6dd5d97a-7455-476f-86d1-706748154c4a@group-349356213E97, cid=829, SUCCESS, logIndex=1080, commits[6dd5d97a-7455-476f-86d1-706748154c4a:c1080, 8c1a4ac2-2d71-4742-ab0b-89dcc95eb13f:c1077, c9d0001a-daad-4532-9e58-9f5f4a7ddd18:c1077]
2019-09-12 14:53:34,998 [grpc-default-executor-7] INFO  client.GrpcClientProtocolClient (GrpcClientProtocolClient.java:onNext(264)) - client-835E41B928D6->6dd5d97a-7455-476f-86d1-706748154c4a: receive RaftClientReply:client-835E41B928D6->6dd5d97a-7455-476f-86d1-706748154c4a@group-349356213E97, cid=830, SUCCESS, logIndex=1081, commits[6dd5d97a-7455-476f-86d1-706748154c4a:c1081, 8c1a4ac2-2d71-4742-ab0b-89dcc95eb13f:c1077, c9d0001a-daad-4532-9e58-9f5f4a7ddd18:c1077]
2019-09-12 14:53:35,009 [grpc-default-executor-7] INFO  client.GrpcClientProtocolClient (GrpcClientProtocolClient.java:onNext(264)) - client-835E41B928D6->6dd5d97a-7455-476f-86d1-706748154c4a: receive RaftClientReply:client-835E41B928D6->6dd5d97a-7455-476f-86d1-706748154c4a@group-349356213E97, cid=831, SUCCESS, logIndex=0, commits[6dd5d97a-7455-476f-86d1-706748154c4a:c1083, 8c1a4ac2-2d71-4742-ab0b-89dcc95eb13f:c1079, c9d0001a-daad-4532-9e58-9f5f4a7ddd18:c1079]
2019-09-12 14:53:35,030 [grpc-default-executor-5] INFO  client.GrpcClientProtocolClient (GrpcClientProtocolClient.java:onNext(264)) - client-835E41B928D6->6dd5d97a-7455-476f-86d1-706748154c4a: receive RaftClientReply:client-835E41B928D6->6dd5d97a-7455-476f-86d1-706748154c4a@group-349356213E97, cid=832, SUCCESS, logIndex=1086, commits[6dd5d97a-7455-476f-86d1-706748154c4a:c1087, 8c1a4ac2-2d71-4742-ab0b-89dcc95eb13f:c1085, c9d0001a-daad-4532-9e58-9f5f4a7ddd18:c1085]
2019-09-12 14:53:35,031 [grpc-default-executor-5] INFO  client.GrpcClientProtocolClient (GrpcClientProtocolClient.java:onNext(264)) - client-835E41B928D6->6dd5d97a-7455-476f-86d1-706748154c4a: receive RaftClientReply:client-835E41B928D6->6dd5d97a-7455-476f-86d1-706748154c4a@group-349356213E97, cid=833, SUCCESS, logIndex=1087, commits[6dd5d97a-7455-476f-86d1-706748154c4a:c1087, 8c1a4ac2-2d71-4742-ab0b-89dcc95eb13f:c1085, c9d0001a-daad-4532-9e58-9f5f4a7ddd18:c1085]
2019-09-12 14:53:35,054 [grpc-default-executor-6] INFO  client.GrpcClientProtocolClient (GrpcClientProtocolClient.java:onNext(264)) - client-835E41B928D6->6dd5d97a-7455-476f-86d1-706748154c4a: receive RaftClientReply:client-835E41B928D6->6dd5d97a-7455-476f-86d1-706748154c4a@group-349356213E97, cid=834, SUCCESS, logIndex=1090, commits[6dd5d97a-7455-476f-86d1-706748154c4a:c1091, 8c1a4ac2-2d71-4742-ab0b-89dcc95eb13f:c1087, c9d0001a-daad-4532-9e58-9f5f4a7ddd18:c1087]
2019-09-12 14:53:35,054 [grpc-default-executor-6] INFO  client.GrpcClientProtocolClient (GrpcClientProtocolClient.java:onNext(264)) - client-835E41B928D6->6dd5d97a-7455-476f-86d1-706748154c4a: receive RaftClientReply:client-835E41B928D6->6dd5d97a-7455-476f-86d1-706748154c4a@group-349356213E97, cid=835, SUCCESS, logIndex=1091, commits[6dd5d97a-7455-476f-86d1-706748154c4a:c1091, 8c1a4ac2-2d71-4742-ab0b-89dcc95eb13f:c1087, c9d0001a-daad-4532-9e58-9f5f4a7ddd18:c1087]
2019-09-12 14:53:35,068 [grpc-default-executor-6] INFO  client.GrpcClientProtocolClient (GrpcClientProtocolClient.java:onNext(264)) - client-835E41B928D6->6dd5d97a-7455-476f-86d1-706748154c4a: receive RaftClientReply:client-835E41B928D6->6dd5d97a-7455-476f-86d1-706748154c4a@group-349356213E97, cid=836, SUCCESS, logIndex=0, commits[6dd5d97a-7455-476f-86d1-706748154c4a:c1093, 8c1a4ac2-2d71-4742-ab0b-89dcc95eb13f:c1091, c9d0001a-daad-4532-9e58-9f5f4a7ddd18:c1091]
2019-09-12 14:53:35,087 [grpc-default-executor-5] INFO  client.GrpcClientProtocolClient (GrpcClientProtocolClient.java:onNext(264)) - client-835E41B928D6->6dd5d97a-7455-476f-86d1-706748154c4a: receive RaftClientReply:client-835E41B928D6->6dd5d97a-7455-476f-86d1-706748154c4a@group-349356213E97, cid=837, SUCCESS, logIndex=1094, commits[6dd5d97a-7455-476f-86d1-706748154c4a:c1095, 8c1a4ac2-2d71-4742-ab0b-89dcc95eb13f:c1093, c9d0001a-daad-4532-9e58-9f5f4a7ddd18:c1093]
2019-09-12 14:53:35,087 [grpc-default-executor-5] INFO  client.GrpcClientProtocolClient (GrpcClientProtocolClient.java:onNext(264)) - client-835E41B928D6->6dd5d97a-7455-476f-86d1-706748154c4a: receive RaftClientReply:client-835E41B928D6->6dd5d97a-7455-476f-86d1-706748154c4a@group-349356213E97, cid=838, SUCCESS, logIndex=1095, commits[6dd5d97a-7455-476f-86d1-706748154c4a:c1095, 8c1a4ac2-2d71-4742-ab0b-89dcc95eb13f:c1093, c9d0001a-daad-4532-9e58-9f5f4a7ddd18:c1093]
2019-09-12 14:53:35,089 [grpc-default-executor-6] INFO  client.GrpcClientProtocolClient (GrpcClientProtocolClient.java:onNext(264)) - client-835E41B928D6->6dd5d97a-7455-476f-86d1-706748154c4a: receive RaftClientReply:client-835E41B928D6->6dd5d97a-7455-476f-86d1-706748154c4a@group-349356213E97, cid=839, SUCCESS, logIndex=1096, commits[6dd5d97a-7455-476f-86d1-706748154c4a:c1097, 8c1a4ac2-2d71-4742-ab0b-89dcc95eb13f:c1093, c9d0001a-daad-4532-9e58-9f5f4a7ddd18:c1093]
2019-09-12 14:53:35,090 [grpc-default-executor-6] INFO  client.GrpcClientProtocolClient (GrpcClientProtocolClient.java:onNext(264)) - client-835E41B928D6->6dd5d97a-7455-476f-86d1-706748154c4a: receive RaftClientReply:client-835E41B928D6->6dd5d97a-7455-476f-86d1-706748154c4a@group-349356213E97, cid=840, SUCCESS, logIndex=1097, commits[6dd5d97a-7455-476f-86d1-706748154c4a:c1097, 8c1a4ac2-2d71-4742-ab0b-89dcc95eb13f:c1093, c9d0001a-daad-4532-9e58-9f5f4a7ddd18:c1093]
2019-09-12 14:53:35,102 [grpc-default-executor-6] INFO  client.GrpcClientProtocolClient (GrpcClientProtocolClient.java:onNext(264)) - client-835E41B928D6->6dd5d97a-7455-476f-86d1-706748154c4a: receive RaftClientReply:client-835E41B928D6->6dd5d97a-7455-476f-86d1-706748154c4a@group-349356213E97, cid=841, SUCCESS, logIndex=0, commits[6dd5d97a-7455-476f-86d1-706748154c4a:c1097, 8c1a4ac2-2d71-4742-ab0b-89dcc95eb13f:c1095, c9d0001a-daad-4532-9e58-9f5f4a7ddd18:c1095]
2019-09-12 14:53:35,116 [grpc-default-executor-6] INFO  client.GrpcClientProtocolClient (GrpcClientProtocolClient.java:onNext(264)) - client-835E41B928D6->6dd5d97a-7455-476f-86d1-706748154c4a: receive RaftClientReply:client-835E41B928D6->6dd5d97a-7455-476f-86d1-706748154c4a@group-349356213E97, cid=842, SUCCESS, logIndex=1102, commits[6dd5d97a-7455-476f-86d1-706748154c4a:c1103, 8c1a4ac2-2d71-4742-ab0b-89dcc95eb13f:c1098, c9d0001a-daad-4532-9e58-9f5f4a7ddd18:c1098]
2019-09-12 14:53:35,117 [grpc-default-executor-6] INFO  client.GrpcClientProtocolClient (GrpcClientProtocolClient.java:onNext(264)) - client-835E41B928D6->6dd5d97a-7455-476f-86d1-706748154c4a: receive RaftClientReply:client-835E41B928D6->6dd5d97a-7455-476f-86d1-706748154c4a@group-349356213E97, cid=843, SUCCESS, logIndex=1103, commits[6dd5d97a-7455-476f-86d1-706748154c4a:c1103, 8c1a4ac2-2d71-4742-ab0b-89dcc95eb13f:c1098, c9d0001a-daad-4532-9e58-9f5f4a7ddd18:c1098]
2019-09-12 14:53:35,128 [grpc-default-executor-7] INFO  client.GrpcClientProtocolClient (GrpcClientProtocolClient.java:onNext(264)) - client-835E41B928D6->6dd5d97a-7455-476f-86d1-706748154c4a: receive RaftClientReply:client-835E41B928D6->6dd5d97a-7455-476f-86d1-706748154c4a@group-349356213E97, cid=844, SUCCESS, logIndex=1106, commits[6dd5d97a-7455-476f-86d1-706748154c4a:c1107, 8c1a4ac2-2d71-4742-ab0b-89dcc95eb13f:c1103, c9d0001a-daad-4532-9e58-9f5f4a7ddd18:c1104]
2019-09-12 14:53:35,128 [grpc-default-executor-7] INFO  client.GrpcClientProtocolClient (GrpcClientProtocolClient.java:onNext(264)) - client-835E41B928D6->6dd5d97a-7455-476f-86d1-706748154c4a: receive RaftClientReply:client-835E41B928D6->6dd5d97a-7455-476f-86d1-706748154c4a@group-349356213E97, cid=845, SUCCESS, logIndex=1107, commits[6dd5d97a-7455-476f-86d1-706748154c4a:c1107, 8c1a4ac2-2d71-4742-ab0b-89dcc95eb13f:c1104, c9d0001a-daad-4532-9e58-9f5f4a7ddd18:c1104]
2019-09-12 14:53:35,129 [grpc-default-executor-6] INFO  client.GrpcClientProtocolClient (GrpcClientProtocolClient.java:onNext(264)) - client-835E41B928D6->6dd5d97a-7455-476f-86d1-706748154c4a: receive RaftClientReply:client-835E41B928D6->6dd5d97a-7455-476f-86d1-706748154c4a@group-349356213E97, cid=846, SUCCESS, logIndex=0, commits[6dd5d97a-7455-476f-86d1-706748154c4a:c1108, 8c1a4ac2-2d71-4742-ab0b-89dcc95eb13f:c1107, c9d0001a-daad-4532-9e58-9f5f4a7ddd18:c1107]
2019-09-12 14:53:35,225 [grpc-default-executor-6] INFO  client.GrpcClientProtocolClient (GrpcClientProtocolClient.java:onNext(264)) - client-835E41B928D6->6dd5d97a-7455-476f-86d1-706748154c4a: receive RaftClientReply:client-835E41B928D6->6dd5d97a-7455-476f-86d1-706748154c4a@group-349356213E97, cid=847, SUCCESS, logIndex=1110, commits[6dd5d97a-7455-476f-86d1-706748154c4a:c1111, 8c1a4ac2-2d71-4742-ab0b-89dcc95eb13f:c1109, c9d0001a-daad-4532-9e58-9f5f4a7ddd18:c1109]
2019-09-12 14:53:35,225 [grpc-default-executor-5] INFO  client.GrpcClientProtocolClient (GrpcClientProtocolClient.java:onNext(264)) - client-835E41B928D6->6dd5d97a-7455-476f-86d1-706748154c4a: receive RaftClientReply:client-835E41B928D6->6dd5d97a-7455-476f-86d1-706748154c4a@group-349356213E97, cid=848, SUCCESS, logIndex=1111, commits[6dd5d97a-7455-476f-86d1-706748154c4a:c1112, 8c1a4ac2-2d71-4742-ab0b-89dcc95eb13f:c1109, c9d0001a-daad-4532-9e58-9f5f4a7ddd18:c1109]
2019-09-12 14:53:35,226 [grpc-default-executor-5] INFO  client.GrpcClientProtocolClient (GrpcClientProtocolClient.java:onNext(264)) - client-835E41B928D6->6dd5d97a-7455-476f-86d1-706748154c4a: receive RaftClientReply:client-835E41B928D6->6dd5d97a-7455-476f-86d1-706748154c4a@group-349356213E97, cid=849, SUCCESS, logIndex=1112, commits[6dd5d97a-7455-476f-86d1-706748154c4a:c1113, 8c1a4ac2-2d71-4742-ab0b-89dcc95eb13f:c1109, c9d0001a-daad-4532-9e58-9f5f4a7ddd18:c1109]
2019-09-12 14:53:35,226 [grpc-default-executor-5] INFO  client.GrpcClientProtocolClient (GrpcClientProtocolClient.java:onNext(264)) - client-835E41B928D6->6dd5d97a-7455-476f-86d1-706748154c4a: receive RaftClientReply:client-835E41B928D6->6dd5d97a-7455-476f-86d1-706748154c4a@group-349356213E97, cid=850, SUCCESS, logIndex=1113, commits[6dd5d97a-7455-476f-86d1-706748154c4a:c1113, 8c1a4ac2-2d71-4742-ab0b-89dcc95eb13f:c1110, c9d0001a-daad-4532-9e58-9f5f4a7ddd18:c1109]
2019-09-12 14:53:35,227 [grpc-default-executor-6] INFO  client.GrpcClientProtocolClient (GrpcClientProtocolClient.java:onNext(264)) - client-835E41B928D6->6dd5d97a-7455-476f-86d1-706748154c4a: receive RaftClientReply:client-835E41B928D6->6dd5d97a-7455-476f-86d1-706748154c4a@group-349356213E97, cid=851, SUCCESS, logIndex=0, commits[6dd5d97a-7455-476f-86d1-706748154c4a:c1116, 8c1a4ac2-2d71-4742-ab0b-89dcc95eb13f:c1113, c9d0001a-daad-4532-9e58-9f5f4a7ddd18:c1111]
2019-09-12 14:53:35,249 [grpc-default-executor-7] INFO  client.GrpcClientProtocolClient (GrpcClientProtocolClient.java:onNext(264)) - client-835E41B928D6->6dd5d97a-7455-476f-86d1-706748154c4a: receive RaftClientReply:client-835E41B928D6->6dd5d97a-7455-476f-86d1-706748154c4a@group-349356213E97, cid=852, SUCCESS, logIndex=1118, commits[6dd5d97a-7455-476f-86d1-706748154c4a:c1119, 8c1a4ac2-2d71-4742-ab0b-89dcc95eb13f:c1117, c9d0001a-daad-4532-9e58-9f5f4a7ddd18:c1117]
2019-09-12 14:53:35,249 [grpc-default-executor-7] INFO  client.GrpcClientProtocolClient (GrpcClientProtocolClient.java:onNext(264)) - client-835E41B928D6->6dd5d97a-7455-476f-86d1-706748154c4a: receive RaftClientReply:client-835E41B928D6->6dd5d97a-7455-476f-86d1-706748154c4a@group-349356213E97, cid=853, SUCCESS, logIndex=1119, commits[6dd5d97a-7455-476f-86d1-706748154c4a:c1119, 8c1a4ac2-2d71-4742-ab0b-89dcc95eb13f:c1117, c9d0001a-daad-4532-9e58-9f5f4a7ddd18:c1117]
2019-09-12 14:53:35,262 [grpc-default-executor-2] INFO  client.GrpcClientProtocolClient (GrpcClientProtocolClient.java:onNext(264)) - client-835E41B928D6->6dd5d97a-7455-476f-86d1-706748154c4a: receive RaftClientReply:client-835E41B928D6->6dd5d97a-7455-476f-86d1-706748154c4a@group-349356213E97, cid=854, SUCCESS, logIndex=1122, commits[6dd5d97a-7455-476f-86d1-706748154c4a:c1123, 8c1a4ac2-2d71-4742-ab0b-89dcc95eb13f:c1118, c9d0001a-daad-4532-9e58-9f5f4a7ddd18:c1119]
2019-09-12 14:53:35,262 [grpc-default-executor-2] INFO  client.GrpcClientProtocolClient (GrpcClientProtocolClient.java:onNext(264)) - client-835E41B928D6->6dd5d97a-7455-476f-86d1-706748154c4a: receive RaftClientReply:client-835E41B928D6->6dd5d97a-7455-476f-86d1-706748154c4a@group-349356213E97, cid=855, SUCCESS, logIndex=1123, commits[6dd5d97a-7455-476f-86d1-706748154c4a:c1123, 8c1a4ac2-2d71-4742-ab0b-89dcc95eb13f:c1119, c9d0001a-daad-4532-9e58-9f5f4a7ddd18:c1119]
2019-09-12 14:53:35,264 [grpc-default-executor-6] INFO  client.GrpcClientProtocolClient (GrpcClientProtocolClient.java:onNext(264)) - client-835E41B928D6->6dd5d97a-7455-476f-86d1-706748154c4a: receive RaftClientReply:client-835E41B928D6->6dd5d97a-7455-476f-86d1-706748154c4a@group-349356213E97, cid=856, SUCCESS, logIndex=0, commits[6dd5d97a-7455-476f-86d1-706748154c4a:c1125, 8c1a4ac2-2d71-4742-ab0b-89dcc95eb13f:c1123, c9d0001a-daad-4532-9e58-9f5f4a7ddd18:c1123]
2019-09-12 14:53:35,284 [grpc-default-executor-2] INFO  client.GrpcClientProtocolClient (GrpcClientProtocolClient.java:onNext(264)) - client-835E41B928D6->6dd5d97a-7455-476f-86d1-706748154c4a: receive RaftClientReply:client-835E41B928D6->6dd5d97a-7455-476f-86d1-706748154c4a@group-349356213E97, cid=857, SUCCESS, logIndex=1126, commits[6dd5d97a-7455-476f-86d1-706748154c4a:c1127, 8c1a4ac2-2d71-4742-ab0b-89dcc95eb13f:c1125, c9d0001a-daad-4532-9e58-9f5f4a7ddd18:c1125]
2019-09-12 14:53:35,285 [grpc-default-executor-6] INFO  client.GrpcClientProtocolClient (GrpcClientProtocolClient.java:onNext(264)) - client-835E41B928D6->6dd5d97a-7455-476f-86d1-706748154c4a: receive RaftClientReply:client-835E41B928D6->6dd5d97a-7455-476f-86d1-706748154c4a@group-349356213E97, cid=858, SUCCESS, logIndex=1127, commits[6dd5d97a-7455-476f-86d1-706748154c4a:c1127, 8c1a4ac2-2d71-4742-ab0b-89dcc95eb13f:c1125, c9d0001a-daad-4532-9e58-9f5f4a7ddd18:c1125]
2019-09-12 14:53:35,286 [grpc-default-executor-7] INFO  client.GrpcClientProtocolClient (GrpcClientProtocolClient.java:onNext(264)) - client-835E41B928D6->6dd5d97a-7455-476f-86d1-706748154c4a: receive RaftClientReply:client-835E41B928D6->6dd5d97a-7455-476f-86d1-706748154c4a@group-349356213E97, cid=859, SUCCESS, logIndex=1128, commits[6dd5d97a-7455-476f-86d1-706748154c4a:c1129, 8c1a4ac2-2d71-4742-ab0b-89dcc95eb13f:c1125, c9d0001a-daad-4532-9e58-9f5f4a7ddd18:c1125]
2019-09-12 14:53:35,286 [grpc-default-executor-7] INFO  client.GrpcClientProtocolClient (GrpcClientProtocolClient.java:onNext(264)) - client-835E41B928D6->6dd5d97a-7455-476f-86d1-706748154c4a: receive RaftClientReply:client-835E41B928D6->6dd5d97a-7455-476f-86d1-706748154c4a@group-349356213E97, cid=860, SUCCESS, logIndex=1129, commits[6dd5d97a-7455-476f-86d1-706748154c4a:c1129, 8c1a4ac2-2d71-4742-ab0b-89dcc95eb13f:c1125, c9d0001a-daad-4532-9e58-9f5f4a7ddd18:c1125]
2019-09-12 14:53:35,287 [grpc-default-executor-6] INFO  client.GrpcClientProtocolClient (GrpcClientProtocolClient.java:onNext(264)) - client-835E41B928D6->6dd5d97a-7455-476f-86d1-706748154c4a: receive RaftClientReply:client-835E41B928D6->6dd5d97a-7455-476f-86d1-706748154c4a@group-349356213E97, cid=861, SUCCESS, logIndex=0, commits[6dd5d97a-7455-476f-86d1-706748154c4a:c1131, 8c1a4ac2-2d71-4742-ab0b-89dcc95eb13f:c1129, c9d0001a-daad-4532-9e58-9f5f4a7ddd18:c1127]
2019-09-12 14:53:35,307 [grpc-default-executor-6] INFO  client.GrpcClientProtocolClient (GrpcClientProtocolClient.java:onNext(264)) - client-835E41B928D6->6dd5d97a-7455-476f-86d1-706748154c4a: receive RaftClientReply:client-835E41B928D6->6dd5d97a-7455-476f-86d1-706748154c4a@group-349356213E97, cid=862, SUCCESS, logIndex=1134, commits[6dd5d97a-7455-476f-86d1-706748154c4a:c1135, 8c1a4ac2-2d71-4742-ab0b-89dcc95eb13f:c1133, c9d0001a-daad-4532-9e58-9f5f4a7ddd18:c1133]
2019-09-12 14:53:35,308 [grpc-default-executor-6] INFO  client.GrpcClientProtocolClient (GrpcClientProtocolClient.java:onNext(264)) - client-835E41B928D6->6dd5d97a-7455-476f-86d1-706748154c4a: receive RaftClientReply:client-835E41B928D6->6dd5d97a-7455-476f-86d1-706748154c4a@group-349356213E97, cid=863, SUCCESS, logIndex=1135, commits[6dd5d97a-7455-476f-86d1-706748154c4a:c1135, 8c1a4ac2-2d71-4742-ab0b-89dcc95eb13f:c1133, c9d0001a-daad-4532-9e58-9f5f4a7ddd18:c1133]
2019-09-12 14:53:35,332 [grpc-default-executor-2] INFO  client.GrpcClientProtocolClient (GrpcClientProtocolClient.java:onNext(264)) - client-835E41B928D6->6dd5d97a-7455-476f-86d1-706748154c4a: receive RaftClientReply:client-835E41B928D6->6dd5d97a-7455-476f-86d1-706748154c4a@group-349356213E97, cid=864, SUCCESS, logIndex=1138, commits[6dd5d97a-7455-476f-86d1-706748154c4a:c1139, 8c1a4ac2-2d71-4742-ab0b-89dcc95eb13f:c1135, c9d0001a-daad-4532-9e58-9f5f4a7ddd18:c1134]
2019-09-12 14:53:35,332 [grpc-default-executor-2] INFO  client.GrpcClientProtocolClient (GrpcClientProtocolClient.java:onNext(264)) - client-835E41B928D6->6dd5d97a-7455-476f-86d1-706748154c4a: receive RaftClientReply:client-835E41B928D6->6dd5d97a-7455-476f-86d1-706748154c4a@group-349356213E97, cid=865, SUCCESS, logIndex=1139, commits[6dd5d97a-7455-476f-86d1-706748154c4a:c1139, 8c1a4ac2-2d71-4742-ab0b-89dcc95eb13f:c1135, c9d0001a-daad-4532-9e58-9f5f4a7ddd18:c1135]
2019-09-12 14:53:35,334 [grpc-default-executor-2] INFO  client.GrpcClientProtocolClient (GrpcClientProtocolClient.java:onNext(264)) - client-835E41B928D6->6dd5d97a-7455-476f-86d1-706748154c4a: receive RaftClientReply:client-835E41B928D6->6dd5d97a-7455-476f-86d1-706748154c4a@group-349356213E97, cid=866, SUCCESS, logIndex=0, commits[6dd5d97a-7455-476f-86d1-706748154c4a:c1140, 8c1a4ac2-2d71-4742-ab0b-89dcc95eb13f:c1139, c9d0001a-daad-4532-9e58-9f5f4a7ddd18:c1139]
2019-09-12 14:53:35,354 [grpc-default-executor-7] INFO  client.GrpcClientProtocolClient (GrpcClientProtocolClient.java:onNext(264)) - client-835E41B928D6->6dd5d97a-7455-476f-86d1-706748154c4a: receive RaftClientReply:client-835E41B928D6->6dd5d97a-7455-476f-86d1-706748154c4a@group-349356213E97, cid=867, SUCCESS, logIndex=1142, commits[6dd5d97a-7455-476f-86d1-706748154c4a:c1144, 8c1a4ac2-2d71-4742-ab0b-89dcc95eb13f:c1141, c9d0001a-daad-4532-9e58-9f5f4a7ddd18:c1141]
2019-09-12 14:53:35,355 [grpc-default-executor-7] INFO  client.GrpcClientProtocolClient (GrpcClientProtocolClient.java:onNext(264)) - client-835E41B928D6->6dd5d97a-7455-476f-86d1-706748154c4a: receive RaftClientReply:client-835E41B928D6->6dd5d97a-7455-476f-86d1-706748154c4a@group-349356213E97, cid=868, SUCCESS, logIndex=1143, commits[6dd5d97a-7455-476f-86d1-706748154c4a:c1145, 8c1a4ac2-2d71-4742-ab0b-89dcc95eb13f:c1141, c9d0001a-daad-4532-9e58-9f5f4a7ddd18:c1141]
2019-09-12 14:53:35,355 [grpc-default-executor-7] INFO  client.GrpcClientProtocolClient (GrpcClientProtocolClient.java:onNext(264)) - client-835E41B928D6->6dd5d97a-7455-476f-86d1-706748154c4a: receive RaftClientReply:client-835E41B928D6->6dd5d97a-7455-476f-86d1-706748154c4a@group-349356213E97, cid=869, SUCCESS, logIndex=1144, commits[6dd5d97a-7455-476f-86d1-706748154c4a:c1145, 8c1a4ac2-2d71-4742-ab0b-89dcc95eb13f:c1141, c9d0001a-daad-4532-9e58-9f5f4a7ddd18:c1141]
2019-09-12 14:53:35,356 [grpc-default-executor-7] INFO  client.GrpcClientProtocolClient (GrpcClientProtocolClient.java:onNext(264)) - client-835E41B928D6->6dd5d97a-7455-476f-86d1-706748154c4a: receive RaftClientReply:client-835E41B928D6->6dd5d97a-7455-476f-86d1-706748154c4a@group-349356213E97, cid=870, SUCCESS, logIndex=1145, commits[6dd5d97a-7455-476f-86d1-706748154c4a:c1145, 8c1a4ac2-2d71-4742-ab0b-89dcc95eb13f:c1141, c9d0001a-daad-4532-9e58-9f5f4a7ddd18:c1141]
2019-09-12 14:53:35,357 [grpc-default-executor-5] INFO  client.GrpcClientProtocolClient (GrpcClientProtocolClient.java:onNext(264)) - client-835E41B928D6->6dd5d97a-7455-476f-86d1-706748154c4a: receive RaftClientReply:client-835E41B928D6->6dd5d97a-7455-476f-86d1-706748154c4a@group-349356213E97, cid=871, SUCCESS, logIndex=0, commits[6dd5d97a-7455-476f-86d1-706748154c4a:c1149, 8c1a4ac2-2d71-4742-ab0b-89dcc95eb13f:c1143, c9d0001a-daad-4532-9e58-9f5f4a7ddd18:c1145]
2019-09-12 14:53:35,376 [grpc-default-executor-7] INFO  client.GrpcClientProtocolClient (GrpcClientProtocolClient.java:onNext(264)) - client-835E41B928D6->6dd5d97a-7455-476f-86d1-706748154c4a: receive RaftClientReply:client-835E41B928D6->6dd5d97a-7455-476f-86d1-706748154c4a@group-349356213E97, cid=872, SUCCESS, logIndex=1150, commits[6dd5d97a-7455-476f-86d1-706748154c4a:c1151, 8c1a4ac2-2d71-4742-ab0b-89dcc95eb13f:c1149, c9d0001a-daad-4532-9e58-9f5f4a7ddd18:c1149]
2019-09-12 14:53:35,377 [grpc-default-executor-7] INFO  client.GrpcClientProtocolClient (GrpcClientProtocolClient.java:onNext(264)) - client-835E41B928D6->6dd5d97a-7455-476f-86d1-706748154c4a: receive RaftClientReply:client-835E41B928D6->6dd5d97a-7455-476f-86d1-706748154c4a@group-349356213E97, cid=873, SUCCESS, logIndex=1151, commits[6dd5d97a-7455-476f-86d1-706748154c4a:c1151, 8c1a4ac2-2d71-4742-ab0b-89dcc95eb13f:c1149, c9d0001a-daad-4532-9e58-9f5f4a7ddd18:c1149]
2019-09-12 14:53:35,392 [grpc-default-executor-5] INFO  client.GrpcClientProtocolClient (GrpcClientProtocolClient.java:onNext(264)) - client-835E41B928D6->6dd5d97a-7455-476f-86d1-706748154c4a: receive RaftClientReply:client-835E41B928D6->6dd5d97a-7455-476f-86d1-706748154c4a@group-349356213E97, cid=874, SUCCESS, logIndex=1154, commits[6dd5d97a-7455-476f-86d1-706748154c4a:c1155, 8c1a4ac2-2d71-4742-ab0b-89dcc95eb13f:c1151, c9d0001a-daad-4532-9e58-9f5f4a7ddd18:c1151]
2019-09-12 14:53:35,392 [grpc-default-executor-5] INFO  client.GrpcClientProtocolClient (GrpcClientProtocolClient.java:onNext(264)) - client-835E41B928D6->6dd5d97a-7455-476f-86d1-706748154c4a: receive RaftClientReply:client-835E41B928D6->6dd5d97a-7455-476f-86d1-706748154c4a@group-349356213E97, cid=875, SUCCESS, logIndex=1155, commits[6dd5d97a-7455-476f-86d1-706748154c4a:c1155, 8c1a4ac2-2d71-4742-ab0b-89dcc95eb13f:c1151, c9d0001a-daad-4532-9e58-9f5f4a7ddd18:c1151]
2019-09-12 14:53:35,405 [grpc-default-executor-5] INFO  client.GrpcClientProtocolClient (GrpcClientProtocolClient.java:onNext(264)) - client-835E41B928D6->6dd5d97a-7455-476f-86d1-706748154c4a: receive RaftClientReply:client-835E41B928D6->6dd5d97a-7455-476f-86d1-706748154c4a@group-349356213E97, cid=876, SUCCESS, logIndex=0, commits[6dd5d97a-7455-476f-86d1-706748154c4a:c1157, 8c1a4ac2-2d71-4742-ab0b-89dcc95eb13f:c1155, c9d0001a-daad-4532-9e58-9f5f4a7ddd18:c1155]
2019-09-12 14:53:35,418 [grpc-default-executor-2] INFO  client.GrpcClientProtocolClient (GrpcClientProtocolClient.java:onNext(264)) - client-835E41B928D6->6dd5d97a-7455-476f-86d1-706748154c4a: receive RaftClientReply:client-835E41B928D6->6dd5d97a-7455-476f-86d1-706748154c4a@group-349356213E97, cid=877, SUCCESS, logIndex=1158, commits[6dd5d97a-7455-476f-86d1-706748154c4a:c1159, 8c1a4ac2-2d71-4742-ab0b-89dcc95eb13f:c1157, c9d0001a-daad-4532-9e58-9f5f4a7ddd18:c1157]
2019-09-12 14:53:35,419 [grpc-default-executor-2] INFO  client.GrpcClientProtocolClient (GrpcClientProtocolClient.java:onNext(264)) - client-835E41B928D6->6dd5d97a-7455-476f-86d1-706748154c4a: receive RaftClientReply:client-835E41B928D6->6dd5d97a-7455-476f-86d1-706748154c4a@group-349356213E97, cid=878, SUCCESS, logIndex=1159, commits[6dd5d97a-7455-476f-86d1-706748154c4a:c1161, 8c1a4ac2-2d71-4742-ab0b-89dcc95eb13f:c1157, c9d0001a-daad-4532-9e58-9f5f4a7ddd18:c1157]
2019-09-12 14:53:35,419 [grpc-default-executor-2] INFO  client.GrpcClientProtocolClient (GrpcClientProtocolClient.java:onNext(264)) - client-835E41B928D6->6dd5d97a-7455-476f-86d1-706748154c4a: receive RaftClientReply:client-835E41B928D6->6dd5d97a-7455-476f-86d1-706748154c4a@group-349356213E97, cid=879, SUCCESS, logIndex=1160, commits[6dd5d97a-7455-476f-86d1-706748154c4a:c1161, 8c1a4ac2-2d71-4742-ab0b-89dcc95eb13f:c1157, c9d0001a-daad-4532-9e58-9f5f4a7ddd18:c1157]
2019-09-12 14:53:35,419 [grpc-default-executor-2] INFO  client.GrpcClientProtocolClient (GrpcClientProtocolClient.java:onNext(264)) - client-835E41B928D6->6dd5d97a-7455-476f-86d1-706748154c4a: receive RaftClientReply:client-835E41B928D6->6dd5d97a-7455-476f-86d1-706748154c4a@group-349356213E97, cid=880, SUCCESS, logIndex=1161, commits[6dd5d97a-7455-476f-86d1-706748154c4a:c1161, 8c1a4ac2-2d71-4742-ab0b-89dcc95eb13f:c1157, c9d0001a-daad-4532-9e58-9f5f4a7ddd18:c1157]
 0.00% |█                                                                                                    |  0/1 Time: 0:00:032019-09-12 14:53:35,421 [grpc-default-executor-7] INFO  client.GrpcClientProtocolClient (GrpcClientProtocolClient.java:onNext(264)) - client-835E41B928D6->6dd5d97a-7455-476f-86d1-706748154c4a: receive RaftClientReply:client-835E41B928D6->6dd5d97a-7455-476f-86d1-706748154c4a@group-349356213E97, cid=881, SUCCESS, logIndex=0, commits[6dd5d97a-7455-476f-86d1-706748154c4a:c1164, 8c1a4ac2-2d71-4742-ab0b-89dcc95eb13f:c1159, c9d0001a-daad-4532-9e58-9f5f4a7ddd18:c1161]
2019-09-12 14:53:35,432 [grpc-default-executor-5] INFO  client.GrpcClientProtocolClient (GrpcClientProtocolClient.java:onNext(264)) - client-835E41B928D6->6dd5d97a-7455-476f-86d1-706748154c4a: receive RaftClientReply:client-835E41B928D6->6dd5d97a-7455-476f-86d1-706748154c4a@group-349356213E97, cid=882, SUCCESS, logIndex=1165, commits[6dd5d97a-7455-476f-86d1-706748154c4a:c1166, 8c1a4ac2-2d71-4742-ab0b-89dcc95eb13f:c1161, c9d0001a-daad-4532-9e58-9f5f4a7ddd18:c1164]
2019-09-12 14:53:35,433 [grpc-default-executor-5] INFO  client.GrpcClientProtocolClient (GrpcClientProtocolClient.java:onNext(264)) - client-835E41B928D6->6dd5d97a-7455-476f-86d1-706748154c4a: receive RaftClientReply:client-835E41B928D6->6dd5d97a-7455-476f-86d1-706748154c4a@group-349356213E97, cid=883, SUCCESS, logIndex=1166, commits[6dd5d97a-7455-476f-86d1-706748154c4a:c1166, 8c1a4ac2-2d71-4742-ab0b-89dcc95eb13f:c1164, c9d0001a-daad-4532-9e58-9f5f4a7ddd18:c1164]
2019-09-12 14:53:35,444 [grpc-default-executor-5] INFO  client.GrpcClientProtocolClient (GrpcClientProtocolClient.java:onNext(264)) - client-835E41B928D6->6dd5d97a-7455-476f-86d1-706748154c4a: receive RaftClientReply:client-835E41B928D6->6dd5d97a-7455-476f-86d1-706748154c4a@group-349356213E97, cid=884, SUCCESS, logIndex=1169, commits[6dd5d97a-7455-476f-86d1-706748154c4a:c1170, 8c1a4ac2-2d71-4742-ab0b-89dcc95eb13f:c1168, c9d0001a-daad-4532-9e58-9f5f4a7ddd18:c1166]
2019-09-12 14:53:35,444 [grpc-default-executor-5] INFO  client.GrpcClientProtocolClient (GrpcClientProtocolClient.java:onNext(264)) - client-835E41B928D6->6dd5d97a-7455-476f-86d1-706748154c4a: receive RaftClientReply:client-835E41B928D6->6dd5d97a-7455-476f-86d1-706748154c4a@group-349356213E97, cid=885, SUCCESS, logIndex=1170, commits[6dd5d97a-7455-476f-86d1-706748154c4a:c1170, 8c1a4ac2-2d71-4742-ab0b-89dcc95eb13f:c1168, c9d0001a-daad-4532-9e58-9f5f4a7ddd18:c1166]
2019-09-12 14:53:35,446 [grpc-default-executor-5] INFO  client.GrpcClientProtocolClient (GrpcClientProtocolClient.java:onNext(264)) - client-835E41B928D6->6dd5d97a-7455-476f-86d1-706748154c4a: receive RaftClientReply:client-835E41B928D6->6dd5d97a-7455-476f-86d1-706748154c4a@group-349356213E97, cid=886, SUCCESS, logIndex=0, commits[6dd5d97a-7455-476f-86d1-706748154c4a:c1172, 8c1a4ac2-2d71-4742-ab0b-89dcc95eb13f:c1170, c9d0001a-daad-4532-9e58-9f5f4a7ddd18:c1170]
2019-09-12 14:53:35,458 [grpc-default-executor-7] INFO  client.GrpcClientProtocolClient (GrpcClientProtocolClient.java:onNext(264)) - client-835E41B928D6->6dd5d97a-7455-476f-86d1-706748154c4a: receive RaftClientReply:client-835E41B928D6->6dd5d97a-7455-476f-86d1-706748154c4a@group-349356213E97, cid=887, SUCCESS, logIndex=1173, commits[6dd5d97a-7455-476f-86d1-706748154c4a:c1174, 8c1a4ac2-2d71-4742-ab0b-89dcc95eb13f:c1172, c9d0001a-daad-4532-9e58-9f5f4a7ddd18:c1172]
2019-09-12 14:53:35,459 [grpc-default-executor-7] INFO  client.GrpcClientProtocolClient (GrpcClientProtocolClient.java:onNext(264)) - client-835E41B928D6->6dd5d97a-7455-476f-86d1-706748154c4a: receive RaftClientReply:client-835E41B928D6->6dd5d97a-7455-476f-86d1-706748154c4a@group-349356213E97, cid=888, SUCCESS, logIndex=1174, commits[6dd5d97a-7455-476f-86d1-706748154c4a:c1174, 8c1a4ac2-2d71-4742-ab0b-89dcc95eb13f:c1172, c9d0001a-daad-4532-9e58-9f5f4a7ddd18:c1172]
2019-09-12 14:53:35,461 [grpc-default-executor-5] INFO  client.GrpcClientProtocolClient (GrpcClientProtocolClient.java:onNext(264)) - client-835E41B928D6->6dd5d97a-7455-476f-86d1-706748154c4a: receive RaftClientReply:client-835E41B928D6->6dd5d97a-7455-476f-86d1-706748154c4a@group-349356213E97, cid=889, SUCCESS, logIndex=1175, commits[6dd5d97a-7455-476f-86d1-706748154c4a:c1176, 8c1a4ac2-2d71-4742-ab0b-89dcc95eb13f:c1173, c9d0001a-daad-4532-9e58-9f5f4a7ddd18:c1172]
2019-09-12 14:53:35,461 [grpc-default-executor-5] INFO  client.GrpcClientProtocolClient (GrpcClientProtocolClient.java:onNext(264)) - client-835E41B928D6->6dd5d97a-7455-476f-86d1-706748154c4a: receive RaftClientReply:client-835E41B928D6->6dd5d97a-7455-476f-86d1-706748154c4a@group-349356213E97, cid=890, SUCCESS, logIndex=1176, commits[6dd5d97a-7455-476f-86d1-706748154c4a:c1178, 8c1a4ac2-2d71-4742-ab0b-89dcc95eb13f:c1174, c9d0001a-daad-4532-9e58-9f5f4a7ddd18:c1173]
2019-09-12 14:53:35,463 [grpc-default-executor-5] INFO  client.GrpcClientProtocolClient (GrpcClientProtocolClient.java:onNext(264)) - client-835E41B928D6->6dd5d97a-7455-476f-86d1-706748154c4a: receive RaftClientReply:client-835E41B928D6->6dd5d97a-7455-476f-86d1-706748154c4a@group-349356213E97, cid=891, SUCCESS, logIndex=0, commits[6dd5d97a-7455-476f-86d1-706748154c4a:c1179, 8c1a4ac2-2d71-4742-ab0b-89dcc95eb13f:c1175, c9d0001a-daad-4532-9e58-9f5f4a7ddd18:c1174]
2019-09-12 14:53:35,474 [grpc-default-executor-7] INFO  client.GrpcClientProtocolClient (GrpcClientProtocolClient.java:onNext(264)) - client-835E41B928D6->6dd5d97a-7455-476f-86d1-706748154c4a: receive RaftClientReply:client-835E41B928D6->6dd5d97a-7455-476f-86d1-706748154c4a@group-349356213E97, cid=892, SUCCESS, logIndex=1181, commits[6dd5d97a-7455-476f-86d1-706748154c4a:c1182, 8c1a4ac2-2d71-4742-ab0b-89dcc95eb13f:c1180, c9d0001a-daad-4532-9e58-9f5f4a7ddd18:c1176]
2019-09-12 14:53:35,475 [grpc-default-executor-7] INFO  client.GrpcClientProtocolClient (GrpcClientProtocolClient.java:onNext(264)) - client-835E41B928D6->6dd5d97a-7455-476f-86d1-706748154c4a: receive RaftClientReply:client-835E41B928D6->6dd5d97a-7455-476f-86d1-706748154c4a@group-349356213E97, cid=893, SUCCESS, logIndex=1182, commits[6dd5d97a-7455-476f-86d1-706748154c4a:c1182, 8c1a4ac2-2d71-4742-ab0b-89dcc95eb13f:c1180, c9d0001a-daad-4532-9e58-9f5f4a7ddd18:c1180]
2019-09-12 14:53:35,503 [grpc-default-executor-7] INFO  client.GrpcClientProtocolClient (GrpcClientProtocolClient.java:onNext(264)) - client-835E41B928D6->6dd5d97a-7455-476f-86d1-706748154c4a: receive RaftClientReply:client-835E41B928D6->6dd5d97a-7455-476f-86d1-706748154c4a@group-349356213E97, cid=894, SUCCESS, logIndex=1185, commits[6dd5d97a-7455-476f-86d1-706748154c4a:c1186, 8c1a4ac2-2d71-4742-ab0b-89dcc95eb13f:c1184, c9d0001a-daad-4532-9e58-9f5f4a7ddd18:c1184]
2019-09-12 14:53:35,503 [grpc-default-executor-7] INFO  client.GrpcClientProtocolClient (GrpcClientProtocolClient.java:onNext(264)) - client-835E41B928D6->6dd5d97a-7455-476f-86d1-706748154c4a: receive RaftClientReply:client-835E41B928D6->6dd5d97a-7455-476f-86d1-706748154c4a@group-349356213E97, cid=895, SUCCESS, logIndex=1186, commits[6dd5d97a-7455-476f-86d1-706748154c4a:c1186, 8c1a4ac2-2d71-4742-ab0b-89dcc95eb13f:c1184, c9d0001a-daad-4532-9e58-9f5f4a7ddd18:c1184]
2019-09-12 14:53:35,514 [grpc-default-executor-7] INFO  client.GrpcClientProtocolClient (GrpcClientProtocolClient.java:onNext(264)) - client-835E41B928D6->6dd5d97a-7455-476f-86d1-706748154c4a: receive RaftClientReply:client-835E41B928D6->6dd5d97a-7455-476f-86d1-706748154c4a@group-349356213E97, cid=896, SUCCESS, logIndex=0, commits[6dd5d97a-7455-476f-86d1-706748154c4a:c1187, 8c1a4ac2-2d71-4742-ab0b-89dcc95eb13f:c1186, c9d0001a-daad-4532-9e58-9f5f4a7ddd18:c1186]
2019-09-12 14:53:35,536 [grpc-default-executor-5] INFO  client.GrpcClientProtocolClient (GrpcClientProtocolClient.java:onNext(264)) - client-835E41B928D6->6dd5d97a-7455-476f-86d1-706748154c4a: receive RaftClientReply:client-835E41B928D6->6dd5d97a-7455-476f-86d1-706748154c4a@group-349356213E97, cid=897, SUCCESS, logIndex=1189, commits[6dd5d97a-7455-476f-86d1-706748154c4a:c1190, 8c1a4ac2-2d71-4742-ab0b-89dcc95eb13f:c1188, c9d0001a-daad-4532-9e58-9f5f4a7ddd18:c1188]
2019-09-12 14:53:35,537 [grpc-default-executor-5] INFO  client.GrpcClientProtocolClient (GrpcClientProtocolClient.java:onNext(264)) - client-835E41B928D6->6dd5d97a-7455-476f-86d1-706748154c4a: receive RaftClientReply:client-835E41B928D6->6dd5d97a-7455-476f-86d1-706748154c4a@group-349356213E97, cid=898, SUCCESS, logIndex=1190, commits[6dd5d97a-7455-476f-86d1-706748154c4a:c1192, 8c1a4ac2-2d71-4742-ab0b-89dcc95eb13f:c1188, c9d0001a-daad-4532-9e58-9f5f4a7ddd18:c1188]
2019-09-12 14:53:35,537 [grpc-default-executor-5] INFO  client.GrpcClientProtocolClient (GrpcClientProtocolClient.java:onNext(264)) - client-835E41B928D6->6dd5d97a-7455-476f-86d1-706748154c4a: receive RaftClientReply:client-835E41B928D6->6dd5d97a-7455-476f-86d1-706748154c4a@group-349356213E97, cid=899, SUCCESS, logIndex=1191, commits[6dd5d97a-7455-476f-86d1-706748154c4a:c1192, 8c1a4ac2-2d71-4742-ab0b-89dcc95eb13f:c1188, c9d0001a-daad-4532-9e58-9f5f4a7ddd18:c1188]
2019-09-12 14:53:35,537 [grpc-default-executor-7] INFO  client.GrpcClientProtocolClient (GrpcClientProtocolClient.java:onNext(264)) - client-835E41B928D6->6dd5d97a-7455-476f-86d1-706748154c4a: receive RaftClientReply:client-835E41B928D6->6dd5d97a-7455-476f-86d1-706748154c4a@group-349356213E97, cid=900, SUCCESS, logIndex=1192, commits[6dd5d97a-7455-476f-86d1-706748154c4a:c1192, 8c1a4ac2-2d71-4742-ab0b-89dcc95eb13f:c1188, c9d0001a-daad-4532-9e58-9f5f4a7ddd18:c1188]
2019-09-12 14:53:35,539 [grpc-default-executor-5] INFO  client.GrpcClientProtocolClient (GrpcClientProtocolClient.java:onNext(264)) - client-835E41B928D6->6dd5d97a-7455-476f-86d1-706748154c4a: receive RaftClientReply:client-835E41B928D6->6dd5d97a-7455-476f-86d1-706748154c4a@group-349356213E97, cid=901, SUCCESS, logIndex=0, commits[6dd5d97a-7455-476f-86d1-706748154c4a:c1196, 8c1a4ac2-2d71-4742-ab0b-89dcc95eb13f:c1192, c9d0001a-daad-4532-9e58-9f5f4a7ddd18:c1190]
2019-09-12 14:53:35,558 [grpc-default-executor-5] INFO  client.GrpcClientProtocolClient (GrpcClientProtocolClient.java:onNext(264)) - client-835E41B928D6->6dd5d97a-7455-476f-86d1-706748154c4a: receive RaftClientReply:client-835E41B928D6->6dd5d97a-7455-476f-86d1-706748154c4a@group-349356213E97, cid=902, SUCCESS, logIndex=1197, commits[6dd5d97a-7455-476f-86d1-706748154c4a:c1198, 8c1a4ac2-2d71-4742-ab0b-89dcc95eb13f:c1196, c9d0001a-daad-4532-9e58-9f5f4a7ddd18:c1196]
2019-09-12 14:53:35,558 [grpc-default-executor-5] INFO  client.GrpcClientProtocolClient (GrpcClientProtocolClient.java:onNext(264)) - client-835E41B928D6->6dd5d97a-7455-476f-86d1-706748154c4a: receive RaftClientReply:client-835E41B928D6->6dd5d97a-7455-476f-86d1-706748154c4a@group-349356213E97, cid=903, SUCCESS, logIndex=1198, commits[6dd5d97a-7455-476f-86d1-706748154c4a:c1198, 8c1a4ac2-2d71-4742-ab0b-89dcc95eb13f:c1196, c9d0001a-daad-4532-9e58-9f5f4a7ddd18:c1196]
2019-09-12 14:53:35,571 [grpc-default-executor-7] INFO  client.GrpcClientProtocolClient (GrpcClientProtocolClient.java:onNext(264)) - client-835E41B928D6->6dd5d97a-7455-476f-86d1-706748154c4a: receive RaftClientReply:client-835E41B928D6->6dd5d97a-7455-476f-86d1-706748154c4a@group-349356213E97, cid=904, SUCCESS, logIndex=1201, commits[6dd5d97a-7455-476f-86d1-706748154c4a:c1202, 8c1a4ac2-2d71-4742-ab0b-89dcc95eb13f:c1198, c9d0001a-daad-4532-9e58-9f5f4a7ddd18:c1198]
2019-09-12 14:53:35,571 [grpc-default-executor-7] INFO  client.GrpcClientProtocolClient (GrpcClientProtocolClient.java:onNext(264)) - client-835E41B928D6->6dd5d97a-7455-476f-86d1-706748154c4a: receive RaftClientReply:client-835E41B928D6->6dd5d97a-7455-476f-86d1-706748154c4a@group-349356213E97, cid=905, SUCCESS, logIndex=1202, commits[6dd5d97a-7455-476f-86d1-706748154c4a:c1202, 8c1a4ac2-2d71-4742-ab0b-89dcc95eb13f:c1198, c9d0001a-daad-4532-9e58-9f5f4a7ddd18:c1198]
2019-09-12 14:53:35,583 [grpc-default-executor-7] INFO  client.GrpcClientProtocolClient (GrpcClientProtocolClient.java:onNext(264)) - client-835E41B928D6->6dd5d97a-7455-476f-86d1-706748154c4a: receive RaftClientReply:client-835E41B928D6->6dd5d97a-7455-476f-86d1-706748154c4a@group-349356213E97, cid=906, SUCCESS, logIndex=0, commits[6dd5d97a-7455-476f-86d1-706748154c4a:c1204, 8c1a4ac2-2d71-4742-ab0b-89dcc95eb13f:c1202, c9d0001a-daad-4532-9e58-9f5f4a7ddd18:c1202]
2019-09-12 14:53:35,602 [grpc-default-executor-2] INFO  client.GrpcClientProtocolClient (GrpcClientProtocolClient.java:onNext(264)) - client-835E41B928D6->6dd5d97a-7455-476f-86d1-706748154c4a: receive RaftClientReply:client-835E41B928D6->6dd5d97a-7455-476f-86d1-706748154c4a@group-349356213E97, cid=907, SUCCESS, logIndex=1205, commits[6dd5d97a-7455-476f-86d1-706748154c4a:c1207, 8c1a4ac2-2d71-4742-ab0b-89dcc95eb13f:c1204, c9d0001a-daad-4532-9e58-9f5f4a7ddd18:c1204]
2019-09-12 14:53:35,602 [grpc-default-executor-2] INFO  client.GrpcClientProtocolClient (GrpcClientProtocolClient.java:onNext(264)) - client-835E41B928D6->6dd5d97a-7455-476f-86d1-706748154c4a: receive RaftClientReply:client-835E41B928D6->6dd5d97a-7455-476f-86d1-706748154c4a@group-349356213E97, cid=908, SUCCESS, logIndex=1206, commits[6dd5d97a-7455-476f-86d1-706748154c4a:c1208, 8c1a4ac2-2d71-4742-ab0b-89dcc95eb13f:c1204, c9d0001a-daad-4532-9e58-9f5f4a7ddd18:c1204]
2019-09-12 14:53:35,602 [grpc-default-executor-2] INFO  client.GrpcClientProtocolClient (GrpcClientProtocolClient.java:onNext(264)) - client-835E41B928D6->6dd5d97a-7455-476f-86d1-706748154c4a: receive RaftClientReply:client-835E41B928D6->6dd5d97a-7455-476f-86d1-706748154c4a@group-349356213E97, cid=909, SUCCESS, logIndex=1207, commits[6dd5d97a-7455-476f-86d1-706748154c4a:c1208, 8c1a4ac2-2d71-4742-ab0b-89dcc95eb13f:c1204, c9d0001a-daad-4532-9e58-9f5f4a7ddd18:c1204]
2019-09-12 14:53:35,603 [grpc-default-executor-2] INFO  client.GrpcClientProtocolClient (GrpcClientProtocolClient.java:onNext(264)) - client-835E41B928D6->6dd5d97a-7455-476f-86d1-706748154c4a: receive RaftClientReply:client-835E41B928D6->6dd5d97a-7455-476f-86d1-706748154c4a@group-349356213E97, cid=910, SUCCESS, logIndex=1208, commits[6dd5d97a-7455-476f-86d1-706748154c4a:c1208, 8c1a4ac2-2d71-4742-ab0b-89dcc95eb13f:c1204, c9d0001a-daad-4532-9e58-9f5f4a7ddd18:c1204]
2019-09-12 14:53:35,604 [grpc-default-executor-7] INFO  client.GrpcClientProtocolClient (GrpcClientProtocolClient.java:onNext(264)) - client-835E41B928D6->6dd5d97a-7455-476f-86d1-706748154c4a: receive RaftClientReply:client-835E41B928D6->6dd5d97a-7455-476f-86d1-706748154c4a@group-349356213E97, cid=911, SUCCESS, logIndex=0, commits[6dd5d97a-7455-476f-86d1-706748154c4a:c1212, 8c1a4ac2-2d71-4742-ab0b-89dcc95eb13f:c1208, c9d0001a-daad-4532-9e58-9f5f4a7ddd18:c1206]
2019-09-12 14:53:35,622 [grpc-default-executor-7] INFO  client.GrpcClientProtocolClient (GrpcClientProtocolClient.java:onNext(264)) - client-835E41B928D6->6dd5d97a-7455-476f-86d1-706748154c4a: receive RaftClientReply:client-835E41B928D6->6dd5d97a-7455-476f-86d1-706748154c4a@group-349356213E97, cid=912, SUCCESS, logIndex=1213, commits[6dd5d97a-7455-476f-86d1-706748154c4a:c1214, 8c1a4ac2-2d71-4742-ab0b-89dcc95eb13f:c1212, c9d0001a-daad-4532-9e58-9f5f4a7ddd18:c1212]
2019-09-12 14:53:35,623 [grpc-default-executor-7] INFO  client.GrpcClientProtocolClient (GrpcClientProtocolClient.java:onNext(264)) - client-835E41B928D6->6dd5d97a-7455-476f-86d1-706748154c4a: receive RaftClientReply:client-835E41B928D6->6dd5d97a-7455-476f-86d1-706748154c4a@group-349356213E97, cid=913, SUCCESS, logIndex=1214, commits[6dd5d97a-7455-476f-86d1-706748154c4a:c1214, 8c1a4ac2-2d71-4742-ab0b-89dcc95eb13f:c1212, c9d0001a-daad-4532-9e58-9f5f4a7ddd18:c1212]
2019-09-12 14:53:35,636 [grpc-default-executor-2] INFO  client.GrpcClientProtocolClient (GrpcClientProtocolClient.java:onNext(264)) - client-835E41B928D6->6dd5d97a-7455-476f-86d1-706748154c4a: receive RaftClientReply:client-835E41B928D6->6dd5d97a-7455-476f-86d1-706748154c4a@group-349356213E97, cid=914, SUCCESS, logIndex=1217, commits[6dd5d97a-7455-476f-86d1-706748154c4a:c1217, 8c1a4ac2-2d71-4742-ab0b-89dcc95eb13f:c1214, c9d0001a-daad-4532-9e58-9f5f4a7ddd18:c1214]
2019-09-12 14:53:35,636 [grpc-default-executor-2] INFO  client.GrpcClientProtocolClient (GrpcClientProtocolClient.java:onNext(264)) - client-835E41B928D6->6dd5d97a-7455-476f-86d1-706748154c4a: receive RaftClientReply:client-835E41B928D6->6dd5d97a-7455-476f-86d1-706748154c4a@group-349356213E97, cid=915, SUCCESS, logIndex=1218, commits[6dd5d97a-7455-476f-86d1-706748154c4a:c1218, 8c1a4ac2-2d71-4742-ab0b-89dcc95eb13f:c1214, c9d0001a-daad-4532-9e58-9f5f4a7ddd18:c1214]
2019-09-12 14:53:35,648 [grpc-default-executor-2] INFO  client.GrpcClientProtocolClient (GrpcClientProtocolClient.java:onNext(264)) - client-835E41B928D6->6dd5d97a-7455-476f-86d1-706748154c4a: receive RaftClientReply:client-835E41B928D6->6dd5d97a-7455-476f-86d1-706748154c4a@group-349356213E97, cid=916, SUCCESS, logIndex=0, commits[6dd5d97a-7455-476f-86d1-706748154c4a:c1220, 8c1a4ac2-2d71-4742-ab0b-89dcc95eb13f:c1218, c9d0001a-daad-4532-9e58-9f5f4a7ddd18:c1218]
2019-09-12 14:53:35,765 [grpc-default-executor-7] INFO  client.GrpcClientProtocolClient (GrpcClientProtocolClient.java:onNext(264)) - client-835E41B928D6->6dd5d97a-7455-476f-86d1-706748154c4a: receive RaftClientReply:client-835E41B928D6->6dd5d97a-7455-476f-86d1-706748154c4a@group-349356213E97, cid=917, SUCCESS, logIndex=1221, commits[6dd5d97a-7455-476f-86d1-706748154c4a:c1222, 8c1a4ac2-2d71-4742-ab0b-89dcc95eb13f:c1220, c9d0001a-daad-4532-9e58-9f5f4a7ddd18:c1220]
2019-09-12 14:53:35,765 [grpc-default-executor-7] INFO  client.GrpcClientProtocolClient (GrpcClientProtocolClient.java:onNext(264)) - client-835E41B928D6->6dd5d97a-7455-476f-86d1-706748154c4a: receive RaftClientReply:client-835E41B928D6->6dd5d97a-7455-476f-86d1-706748154c4a@group-349356213E97, cid=918, SUCCESS, logIndex=1222, commits[6dd5d97a-7455-476f-86d1-706748154c4a:c1224, 8c1a4ac2-2d71-4742-ab0b-89dcc95eb13f:c1220, c9d0001a-daad-4532-9e58-9f5f4a7ddd18:c1220]
2019-09-12 14:53:35,766 [grpc-default-executor-7] INFO  client.GrpcClientProtocolClient (GrpcClientProtocolClient.java:onNext(264)) - client-835E41B928D6->6dd5d97a-7455-476f-86d1-706748154c4a: receive RaftClientReply:client-835E41B928D6->6dd5d97a-7455-476f-86d1-706748154c4a@group-349356213E97, cid=919, SUCCESS, logIndex=1223, commits[6dd5d97a-7455-476f-86d1-706748154c4a:c1224, 8c1a4ac2-2d71-4742-ab0b-89dcc95eb13f:c1220, c9d0001a-daad-4532-9e58-9f5f4a7ddd18:c1220]
2019-09-12 14:53:35,766 [grpc-default-executor-7] INFO  client.GrpcClientProtocolClient (GrpcClientProtocolClient.java:onNext(264)) - client-835E41B928D6->6dd5d97a-7455-476f-86d1-706748154c4a: receive RaftClientReply:client-835E41B928D6->6dd5d97a-7455-476f-86d1-706748154c4a@group-349356213E97, cid=920, SUCCESS, logIndex=1224, commits[6dd5d97a-7455-476f-86d1-706748154c4a:c1224, 8c1a4ac2-2d71-4742-ab0b-89dcc95eb13f:c1220, c9d0001a-daad-4532-9e58-9f5f4a7ddd18:c1220]
2019-09-12 14:53:35,798 [grpc-default-executor-6] INFO  client.GrpcClientProtocolClient (GrpcClientProtocolClient.java:onNext(264)) - client-835E41B928D6->6dd5d97a-7455-476f-86d1-706748154c4a: receive RaftClientReply:client-835E41B928D6->6dd5d97a-7455-476f-86d1-706748154c4a@group-349356213E97, cid=921, SUCCESS, logIndex=0, commits[6dd5d97a-7455-476f-86d1-706748154c4a:c1226, 8c1a4ac2-2d71-4742-ab0b-89dcc95eb13f:c1222, c9d0001a-daad-4532-9e58-9f5f4a7ddd18:c1222]
2019-09-12 14:53:35,820 [grpc-default-executor-2] INFO  client.GrpcClientProtocolClient (GrpcClientProtocolClient.java:onNext(264)) - client-835E41B928D6->6dd5d97a-7455-476f-86d1-706748154c4a: receive RaftClientReply:client-835E41B928D6->6dd5d97a-7455-476f-86d1-706748154c4a@group-349356213E97, cid=922, SUCCESS, logIndex=1229, commits[6dd5d97a-7455-476f-86d1-706748154c4a:c1230, 8c1a4ac2-2d71-4742-ab0b-89dcc95eb13f:c1228, c9d0001a-daad-4532-9e58-9f5f4a7ddd18:c1228]
2019-09-12 14:53:35,821 [grpc-default-executor-2] INFO  client.GrpcClientProtocolClient (GrpcClientProtocolClient.java:onNext(264)) - client-835E41B928D6->6dd5d97a-7455-476f-86d1-706748154c4a: receive RaftClientReply:client-835E41B928D6->6dd5d97a-7455-476f-86d1-706748154c4a@group-349356213E97, cid=923, SUCCESS, logIndex=1230, commits[6dd5d97a-7455-476f-86d1-706748154c4a:c1230, 8c1a4ac2-2d71-4742-ab0b-89dcc95eb13f:c1228, c9d0001a-daad-4532-9e58-9f5f4a7ddd18:c1228]
2019-09-12 14:53:35,834 [grpc-default-executor-7] INFO  client.GrpcClientProtocolClient (GrpcClientProtocolClient.java:onNext(264)) - client-835E41B928D6->6dd5d97a-7455-476f-86d1-706748154c4a: receive RaftClientReply:client-835E41B928D6->6dd5d97a-7455-476f-86d1-706748154c4a@group-349356213E97, cid=924, SUCCESS, logIndex=1233, commits[6dd5d97a-7455-476f-86d1-706748154c4a:c1234, 8c1a4ac2-2d71-4742-ab0b-89dcc95eb13f:c1230, c9d0001a-daad-4532-9e58-9f5f4a7ddd18:c1230]
2019-09-12 14:53:35,834 [grpc-default-executor-7] INFO  client.GrpcClientProtocolClient (GrpcClientProtocolClient.java:onNext(264)) - client-835E41B928D6->6dd5d97a-7455-476f-86d1-706748154c4a: receive RaftClientReply:client-835E41B928D6->6dd5d97a-7455-476f-86d1-706748154c4a@group-349356213E97, cid=925, SUCCESS, logIndex=1234, commits[6dd5d97a-7455-476f-86d1-706748154c4a:c1234, 8c1a4ac2-2d71-4742-ab0b-89dcc95eb13f:c1230, c9d0001a-daad-4532-9e58-9f5f4a7ddd18:c1230]
2019-09-12 14:53:35,836 [grpc-default-executor-7] INFO  client.GrpcClientProtocolClient (GrpcClientProtocolClient.java:onNext(264)) - client-835E41B928D6->6dd5d97a-7455-476f-86d1-706748154c4a: receive RaftClientReply:client-835E41B928D6->6dd5d97a-7455-476f-86d1-706748154c4a@group-349356213E97, cid=926, SUCCESS, logIndex=0, commits[6dd5d97a-7455-476f-86d1-706748154c4a:c1236, 8c1a4ac2-2d71-4742-ab0b-89dcc95eb13f:c1234, c9d0001a-daad-4532-9e58-9f5f4a7ddd18:c1234]
2019-09-12 14:53:35,857 [grpc-default-executor-2] INFO  client.GrpcClientProtocolClient (GrpcClientProtocolClient.java:onNext(264)) - client-835E41B928D6->6dd5d97a-7455-476f-86d1-706748154c4a: receive RaftClientReply:client-835E41B928D6->6dd5d97a-7455-476f-86d1-706748154c4a@group-349356213E97, cid=927, SUCCESS, logIndex=1237, commits[6dd5d97a-7455-476f-86d1-706748154c4a:c1238, 8c1a4ac2-2d71-4742-ab0b-89dcc95eb13f:c1236, c9d0001a-daad-4532-9e58-9f5f4a7ddd18:c1236]
2019-09-12 14:53:35,857 [grpc-default-executor-2] INFO  client.GrpcClientProtocolClient (GrpcClientProtocolClient.java:onNext(264)) - client-835E41B928D6->6dd5d97a-7455-476f-86d1-706748154c4a: receive RaftClientReply:client-835E41B928D6->6dd5d97a-7455-476f-86d1-706748154c4a@group-349356213E97, cid=928, SUCCESS, logIndex=1238, commits[6dd5d97a-7455-476f-86d1-706748154c4a:c1238, 8c1a4ac2-2d71-4742-ab0b-89dcc95eb13f:c1236, c9d0001a-daad-4532-9e58-9f5f4a7ddd18:c1236]
2019-09-12 14:53:35,858 [grpc-default-executor-2] INFO  client.GrpcClientProtocolClient (GrpcClientProtocolClient.java:onNext(264)) - client-835E41B928D6->6dd5d97a-7455-476f-86d1-706748154c4a: receive RaftClientReply:client-835E41B928D6->6dd5d97a-7455-476f-86d1-706748154c4a@group-349356213E97, cid=929, SUCCESS, logIndex=1239, commits[6dd5d97a-7455-476f-86d1-706748154c4a:c1240, 8c1a4ac2-2d71-4742-ab0b-89dcc95eb13f:c1236, c9d0001a-daad-4532-9e58-9f5f4a7ddd18:c1236]
2019-09-12 14:53:35,858 [grpc-default-executor-6] INFO  client.GrpcClientProtocolClient (GrpcClientProtocolClient.java:onNext(264)) - client-835E41B928D6->6dd5d97a-7455-476f-86d1-706748154c4a: receive RaftClientReply:client-835E41B928D6->6dd5d97a-7455-476f-86d1-706748154c4a@group-349356213E97, cid=930, SUCCESS, logIndex=1240, commits[6dd5d97a-7455-476f-86d1-706748154c4a:c1240, 8c1a4ac2-2d71-4742-ab0b-89dcc95eb13f:c1236, c9d0001a-daad-4532-9e58-9f5f4a7ddd18:c1236]
2019-09-12 14:53:35,859 [grpc-default-executor-2] INFO  client.GrpcClientProtocolClient (GrpcClientProtocolClient.java:onNext(264)) - client-835E41B928D6->6dd5d97a-7455-476f-86d1-706748154c4a: receive RaftClientReply:client-835E41B928D6->6dd5d97a-7455-476f-86d1-706748154c4a@group-349356213E97, cid=931, SUCCESS, logIndex=0, commits[6dd5d97a-7455-476f-86d1-706748154c4a:c1242, 8c1a4ac2-2d71-4742-ab0b-89dcc95eb13f:c1238, c9d0001a-daad-4532-9e58-9f5f4a7ddd18:c1238]
2019-09-12 14:53:35,881 [grpc-default-executor-2] INFO  client.GrpcClientProtocolClient (GrpcClientProtocolClient.java:onNext(264)) - client-835E41B928D6->6dd5d97a-7455-476f-86d1-706748154c4a: receive RaftClientReply:client-835E41B928D6->6dd5d97a-7455-476f-86d1-706748154c4a@group-349356213E97, cid=932, SUCCESS, logIndex=1245, commits[6dd5d97a-7455-476f-86d1-706748154c4a:c1246, 8c1a4ac2-2d71-4742-ab0b-89dcc95eb13f:c1244, c9d0001a-daad-4532-9e58-9f5f4a7ddd18:c1244]
2019-09-12 14:53:35,881 [grpc-default-executor-2] INFO  client.GrpcClientProtocolClient (GrpcClientProtocolClient.java:onNext(264)) - client-835E41B928D6->6dd5d97a-7455-476f-86d1-706748154c4a: receive RaftClientReply:client-835E41B928D6->6dd5d97a-7455-476f-86d1-706748154c4a@group-349356213E97, cid=933, SUCCESS, logIndex=1246, commits[6dd5d97a-7455-476f-86d1-706748154c4a:c1246, 8c1a4ac2-2d71-4742-ab0b-89dcc95eb13f:c1244, c9d0001a-daad-4532-9e58-9f5f4a7ddd18:c1244]
2019-09-12 14:53:35,894 [grpc-default-executor-5] INFO  client.GrpcClientProtocolClient (GrpcClientProtocolClient.java:onNext(264)) - client-835E41B928D6->6dd5d97a-7455-476f-86d1-706748154c4a: receive RaftClientReply:client-835E41B928D6->6dd5d97a-7455-476f-86d1-706748154c4a@group-349356213E97, cid=934, SUCCESS, logIndex=1249, commits[6dd5d97a-7455-476f-86d1-706748154c4a:c1250, 8c1a4ac2-2d71-4742-ab0b-89dcc95eb13f:c1246, c9d0001a-daad-4532-9e58-9f5f4a7ddd18:c1246]
2019-09-12 14:53:35,894 [grpc-default-executor-5] INFO  client.GrpcClientProtocolClient (GrpcClientProtocolClient.java:onNext(264)) - client-835E41B928D6->6dd5d97a-7455-476f-86d1-706748154c4a: receive RaftClientReply:client-835E41B928D6->6dd5d97a-7455-476f-86d1-706748154c4a@group-349356213E97, cid=935, SUCCESS, logIndex=1250, commits[6dd5d97a-7455-476f-86d1-706748154c4a:c1250, 8c1a4ac2-2d71-4742-ab0b-89dcc95eb13f:c1246, c9d0001a-daad-4532-9e58-9f5f4a7ddd18:c1246]
2019-09-12 14:53:35,907 [grpc-default-executor-5] INFO  client.GrpcClientProtocolClient (GrpcClientProtocolClient.java:onNext(264)) - client-835E41B928D6->6dd5d97a-7455-476f-86d1-706748154c4a: receive RaftClientReply:client-835E41B928D6->6dd5d97a-7455-476f-86d1-706748154c4a@group-349356213E97, cid=936, SUCCESS, logIndex=0, commits[6dd5d97a-7455-476f-86d1-706748154c4a:c1252, 8c1a4ac2-2d71-4742-ab0b-89dcc95eb13f:c1250, c9d0001a-daad-4532-9e58-9f5f4a7ddd18:c1250]
2019-09-12 14:53:35,927 [grpc-default-executor-5] INFO  client.GrpcClientProtocolClient (GrpcClientProtocolClient.java:onNext(264)) - client-835E41B928D6->6dd5d97a-7455-476f-86d1-706748154c4a: receive RaftClientReply:client-835E41B928D6->6dd5d97a-7455-476f-86d1-706748154c4a@group-349356213E97, cid=937, SUCCESS, logIndex=1253, commits[6dd5d97a-7455-476f-86d1-706748154c4a:c1254, 8c1a4ac2-2d71-4742-ab0b-89dcc95eb13f:c1252, c9d0001a-daad-4532-9e58-9f5f4a7ddd18:c1252]
2019-09-12 14:53:35,928 [grpc-default-executor-7] INFO  client.GrpcClientProtocolClient (GrpcClientProtocolClient.java:onNext(264)) - client-835E41B928D6->6dd5d97a-7455-476f-86d1-706748154c4a: receive RaftClientReply:client-835E41B928D6->6dd5d97a-7455-476f-86d1-706748154c4a@group-349356213E97, cid=938, SUCCESS, logIndex=1254, commits[6dd5d97a-7455-476f-86d1-706748154c4a:c1254, 8c1a4ac2-2d71-4742-ab0b-89dcc95eb13f:c1252, c9d0001a-daad-4532-9e58-9f5f4a7ddd18:c1252]
2019-09-12 14:53:35,928 [grpc-default-executor-2] INFO  client.GrpcClientProtocolClient (GrpcClientProtocolClient.java:onNext(264)) - client-835E41B928D6->6dd5d97a-7455-476f-86d1-706748154c4a: receive RaftClientReply:client-835E41B928D6->6dd5d97a-7455-476f-86d1-706748154c4a@group-349356213E97, cid=939, SUCCESS, logIndex=1255, commits[6dd5d97a-7455-476f-86d1-706748154c4a:c1255, 8c1a4ac2-2d71-4742-ab0b-89dcc95eb13f:c1252, c9d0001a-daad-4532-9e58-9f5f4a7ddd18:c1252]
2019-09-12 14:53:35,928 [grpc-default-executor-2] INFO  client.GrpcClientProtocolClient (GrpcClientProtocolClient.java:onNext(264)) - client-835E41B928D6->6dd5d97a-7455-476f-86d1-706748154c4a: receive RaftClientReply:client-835E41B928D6->6dd5d97a-7455-476f-86d1-706748154c4a@group-349356213E97, cid=940, SUCCESS, logIndex=1256, commits[6dd5d97a-7455-476f-86d1-706748154c4a:c1256, 8c1a4ac2-2d71-4742-ab0b-89dcc95eb13f:c1252, c9d0001a-daad-4532-9e58-9f5f4a7ddd18:c1252]
2019-09-12 14:53:35,930 [grpc-default-executor-7] INFO  client.GrpcClientProtocolClient (GrpcClientProtocolClient.java:onNext(264)) - client-835E41B928D6->6dd5d97a-7455-476f-86d1-706748154c4a: receive RaftClientReply:client-835E41B928D6->6dd5d97a-7455-476f-86d1-706748154c4a@group-349356213E97, cid=941, SUCCESS, logIndex=0, commits[6dd5d97a-7455-476f-86d1-706748154c4a:c1260, 8c1a4ac2-2d71-4742-ab0b-89dcc95eb13f:c1256, c9d0001a-daad-4532-9e58-9f5f4a7ddd18:c1254]
2019-09-12 14:53:35,949 [grpc-default-executor-2] INFO  client.GrpcClientProtocolClient (GrpcClientProtocolClient.java:onNext(264)) - client-835E41B928D6->6dd5d97a-7455-476f-86d1-706748154c4a: receive RaftClientReply:client-835E41B928D6->6dd5d97a-7455-476f-86d1-706748154c4a@group-349356213E97, cid=942, SUCCESS, logIndex=1261, commits[6dd5d97a-7455-476f-86d1-706748154c4a:c1262, 8c1a4ac2-2d71-4742-ab0b-89dcc95eb13f:c1260, c9d0001a-daad-4532-9e58-9f5f4a7ddd18:c1260]
2019-09-12 14:53:35,949 [grpc-default-executor-2] INFO  client.GrpcClientProtocolClient (GrpcClientProtocolClient.java:onNext(264)) - client-835E41B928D6->6dd5d97a-7455-476f-86d1-706748154c4a: receive RaftClientReply:client-835E41B928D6->6dd5d97a-7455-476f-86d1-706748154c4a@group-349356213E97, cid=943, SUCCESS, logIndex=1262, commits[6dd5d97a-7455-476f-86d1-706748154c4a:c1262, 8c1a4ac2-2d71-4742-ab0b-89dcc95eb13f:c1260, c9d0001a-daad-4532-9e58-9f5f4a7ddd18:c1260]
2019-09-12 14:53:35,964 [grpc-default-executor-7] INFO  client.GrpcClientProtocolClient (GrpcClientProtocolClient.java:onNext(264)) - client-835E41B928D6->6dd5d97a-7455-476f-86d1-706748154c4a: receive RaftClientReply:client-835E41B928D6->6dd5d97a-7455-476f-86d1-706748154c4a@group-349356213E97, cid=944, SUCCESS, logIndex=1265, commits[6dd5d97a-7455-476f-86d1-706748154c4a:c1266, 8c1a4ac2-2d71-4742-ab0b-89dcc95eb13f:c1262, c9d0001a-daad-4532-9e58-9f5f4a7ddd18:c1262]
2019-09-12 14:53:35,965 [grpc-default-executor-7] INFO  client.GrpcClientProtocolClient (GrpcClientProtocolClient.java:onNext(264)) - client-835E41B928D6->6dd5d97a-7455-476f-86d1-706748154c4a: receive RaftClientReply:client-835E41B928D6->6dd5d97a-7455-476f-86d1-706748154c4a@group-349356213E97, cid=945, SUCCESS, logIndex=1266, commits[6dd5d97a-7455-476f-86d1-706748154c4a:c1266, 8c1a4ac2-2d71-4742-ab0b-89dcc95eb13f:c1262, c9d0001a-daad-4532-9e58-9f5f4a7ddd18:c1262]
2019-09-12 14:53:35,977 [grpc-default-executor-7] INFO  client.GrpcClientProtocolClient (GrpcClientProtocolClient.java:onNext(264)) - client-835E41B928D6->6dd5d97a-7455-476f-86d1-706748154c4a: receive RaftClientReply:client-835E41B928D6->6dd5d97a-7455-476f-86d1-706748154c4a@group-349356213E97, cid=946, SUCCESS, logIndex=0, commits[6dd5d97a-7455-476f-86d1-706748154c4a:c1268, 8c1a4ac2-2d71-4742-ab0b-89dcc95eb13f:c1266, c9d0001a-daad-4532-9e58-9f5f4a7ddd18:c1266]
2019-09-12 14:53:35,989 [grpc-default-executor-5] INFO  client.GrpcClientProtocolClient (GrpcClientProtocolClient.java:onNext(264)) - client-835E41B928D6->6dd5d97a-7455-476f-86d1-706748154c4a: receive RaftClientReply:client-835E41B928D6->6dd5d97a-7455-476f-86d1-706748154c4a@group-349356213E97, cid=947, SUCCESS, logIndex=1269, commits[6dd5d97a-7455-476f-86d1-706748154c4a:c1272, 8c1a4ac2-2d71-4742-ab0b-89dcc95eb13f:c1268, c9d0001a-daad-4532-9e58-9f5f4a7ddd18:c1266]
2019-09-12 14:53:35,990 [grpc-default-executor-5] INFO  client.GrpcClientProtocolClient (GrpcClientProtocolClient.java:onNext(264)) - client-835E41B928D6->6dd5d97a-7455-476f-86d1-706748154c4a: receive RaftClientReply:client-835E41B928D6->6dd5d97a-7455-476f-86d1-706748154c4a@group-349356213E97, cid=948, SUCCESS, logIndex=1270, commits[6dd5d97a-7455-476f-86d1-706748154c4a:c1272, 8c1a4ac2-2d71-4742-ab0b-89dcc95eb13f:c1268, c9d0001a-daad-4532-9e58-9f5f4a7ddd18:c1268]
2019-09-12 14:53:35,990 [grpc-default-executor-5] INFO  client.GrpcClientProtocolClient (GrpcClientProtocolClient.java:onNext(264)) - client-835E41B928D6->6dd5d97a-7455-476f-86d1-706748154c4a: receive RaftClientReply:client-835E41B928D6->6dd5d97a-7455-476f-86d1-706748154c4a@group-349356213E97, cid=949, SUCCESS, logIndex=1271, commits[6dd5d97a-7455-476f-86d1-706748154c4a:c1272, 8c1a4ac2-2d71-4742-ab0b-89dcc95eb13f:c1268, c9d0001a-daad-4532-9e58-9f5f4a7ddd18:c1268]
2019-09-12 14:53:35,990 [grpc-default-executor-5] INFO  client.GrpcClientProtocolClient (GrpcClientProtocolClient.java:onNext(264)) - client-835E41B928D6->6dd5d97a-7455-476f-86d1-706748154c4a: receive RaftClientReply:client-835E41B928D6->6dd5d97a-7455-476f-86d1-706748154c4a@group-349356213E97, cid=950, SUCCESS, logIndex=1272, commits[6dd5d97a-7455-476f-86d1-706748154c4a:c1272, 8c1a4ac2-2d71-4742-ab0b-89dcc95eb13f:c1268, c9d0001a-daad-4532-9e58-9f5f4a7ddd18:c1268]
2019-09-12 14:53:35,992 [grpc-default-executor-5] INFO  client.GrpcClientProtocolClient (GrpcClientProtocolClient.java:onNext(264)) - client-835E41B928D6->6dd5d97a-7455-476f-86d1-706748154c4a: receive RaftClientReply:client-835E41B928D6->6dd5d97a-7455-476f-86d1-706748154c4a@group-349356213E97, cid=951, SUCCESS, logIndex=0, commits[6dd5d97a-7455-476f-86d1-706748154c4a:c1276, 8c1a4ac2-2d71-4742-ab0b-89dcc95eb13f:c1272, c9d0001a-daad-4532-9e58-9f5f4a7ddd18:c1270]
2019-09-12 14:53:36,005 [grpc-default-executor-2] INFO  client.GrpcClientProtocolClient (GrpcClientProtocolClient.java:onNext(264)) - client-835E41B928D6->6dd5d97a-7455-476f-86d1-706748154c4a: receive RaftClientReply:client-835E41B928D6->6dd5d97a-7455-476f-86d1-706748154c4a@group-349356213E97, cid=952, SUCCESS, logIndex=1277, commits[6dd5d97a-7455-476f-86d1-706748154c4a:c1278, 8c1a4ac2-2d71-4742-ab0b-89dcc95eb13f:c1272, c9d0001a-daad-4532-9e58-9f5f4a7ddd18:c1276]
2019-09-12 14:53:36,005 [grpc-default-executor-7] INFO  client.GrpcClientProtocolClient (GrpcClientProtocolClient.java:onNext(264)) - client-835E41B928D6->6dd5d97a-7455-476f-86d1-706748154c4a: receive RaftClientReply:client-835E41B928D6->6dd5d97a-7455-476f-86d1-706748154c4a@group-349356213E97, cid=953, SUCCESS, logIndex=1278, commits[6dd5d97a-7455-476f-86d1-706748154c4a:c1278, 8c1a4ac2-2d71-4742-ab0b-89dcc95eb13f:c1276, c9d0001a-daad-4532-9e58-9f5f4a7ddd18:c1276]
2019-09-12 14:53:36,017 [grpc-default-executor-2] INFO  client.GrpcClientProtocolClient (GrpcClientProtocolClient.java:onNext(264)) - client-835E41B928D6->6dd5d97a-7455-476f-86d1-706748154c4a: receive RaftClientReply:client-835E41B928D6->6dd5d97a-7455-476f-86d1-706748154c4a@group-349356213E97, cid=954, SUCCESS, logIndex=1281, commits[6dd5d97a-7455-476f-86d1-706748154c4a:c1282, 8c1a4ac2-2d71-4742-ab0b-89dcc95eb13f:c1278, c9d0001a-daad-4532-9e58-9f5f4a7ddd18:c1280]
2019-09-12 14:53:36,018 [grpc-default-executor-2] INFO  client.GrpcClientProtocolClient (GrpcClientProtocolClient.java:onNext(264)) - client-835E41B928D6->6dd5d97a-7455-476f-86d1-706748154c4a: receive RaftClientReply:client-835E41B928D6->6dd5d97a-7455-476f-86d1-706748154c4a@group-349356213E97, cid=955, SUCCESS, logIndex=1282, commits[6dd5d97a-7455-476f-86d1-706748154c4a:c1282, 8c1a4ac2-2d71-4742-ab0b-89dcc95eb13f:c1280, c9d0001a-daad-4532-9e58-9f5f4a7ddd18:c1280]
2019-09-12 14:53:36,019 [grpc-default-executor-7] INFO  client.GrpcClientProtocolClient (GrpcClientProtocolClient.java:onNext(264)) - client-835E41B928D6->6dd5d97a-7455-476f-86d1-706748154c4a: receive RaftClientReply:client-835E41B928D6->6dd5d97a-7455-476f-86d1-706748154c4a@group-349356213E97, cid=956, SUCCESS, logIndex=0, commits[6dd5d97a-7455-476f-86d1-706748154c4a:c1283, 8c1a4ac2-2d71-4742-ab0b-89dcc95eb13f:c1282, c9d0001a-daad-4532-9e58-9f5f4a7ddd18:c1282]
2019-09-12 14:53:36,032 [grpc-default-executor-7] INFO  client.GrpcClientProtocolClient (GrpcClientProtocolClient.java:onNext(264)) - client-835E41B928D6->6dd5d97a-7455-476f-86d1-706748154c4a: receive RaftClientReply:client-835E41B928D6->6dd5d97a-7455-476f-86d1-706748154c4a@group-349356213E97, cid=957, SUCCESS, logIndex=1285, commits[6dd5d97a-7455-476f-86d1-706748154c4a:c1286, 8c1a4ac2-2d71-4742-ab0b-89dcc95eb13f:c1282, c9d0001a-daad-4532-9e58-9f5f4a7ddd18:c1284]
2019-09-12 14:53:36,032 [grpc-default-executor-7] INFO  client.GrpcClientProtocolClient (GrpcClientProtocolClient.java:onNext(264)) - client-835E41B928D6->6dd5d97a-7455-476f-86d1-706748154c4a: receive RaftClientReply:client-835E41B928D6->6dd5d97a-7455-476f-86d1-706748154c4a@group-349356213E97, cid=958, SUCCESS, logIndex=1286, commits[6dd5d97a-7455-476f-86d1-706748154c4a:c1286, 8c1a4ac2-2d71-4742-ab0b-89dcc95eb13f:c1282, c9d0001a-daad-4532-9e58-9f5f4a7ddd18:c1284]
2019-09-12 14:53:36,035 [grpc-default-executor-7] INFO  client.GrpcClientProtocolClient (GrpcClientProtocolClient.java:onNext(264)) - client-835E41B928D6->6dd5d97a-7455-476f-86d1-706748154c4a: receive RaftClientReply:client-835E41B928D6->6dd5d97a-7455-476f-86d1-706748154c4a@group-349356213E97, cid=959, SUCCESS, logIndex=1287, commits[6dd5d97a-7455-476f-86d1-706748154c4a:c1287, 8c1a4ac2-2d71-4742-ab0b-89dcc95eb13f:c1284, c9d0001a-daad-4532-9e58-9f5f4a7ddd18:c1284]
2019-09-12 14:53:36,036 [grpc-default-executor-7] INFO  client.GrpcClientProtocolClient (GrpcClientProtocolClient.java:onNext(264)) - client-835E41B928D6->6dd5d97a-7455-476f-86d1-706748154c4a: receive RaftClientReply:client-835E41B928D6->6dd5d97a-7455-476f-86d1-706748154c4a@group-349356213E97, cid=960, SUCCESS, logIndex=1288, commits[6dd5d97a-7455-476f-86d1-706748154c4a:c1290, 8c1a4ac2-2d71-4742-ab0b-89dcc95eb13f:c1284, c9d0001a-daad-4532-9e58-9f5f4a7ddd18:c1286]
2019-09-12 14:53:36,040 [grpc-default-executor-7] INFO  client.GrpcClientProtocolClient (GrpcClientProtocolClient.java:onNext(264)) - client-835E41B928D6->6dd5d97a-7455-476f-86d1-706748154c4a: receive RaftClientReply:client-835E41B928D6->6dd5d97a-7455-476f-86d1-706748154c4a@group-349356213E97, cid=961, SUCCESS, logIndex=0, commits[6dd5d97a-7455-476f-86d1-706748154c4a:c1291, 8c1a4ac2-2d71-4742-ab0b-89dcc95eb13f:c1286, c9d0001a-daad-4532-9e58-9f5f4a7ddd18:c1287]
2019-09-12 14:53:36,079 [grpc-default-executor-5] INFO  client.GrpcClientProtocolClient (GrpcClientProtocolClient.java:onNext(264)) - client-835E41B928D6->6dd5d97a-7455-476f-86d1-706748154c4a: receive RaftClientReply:client-835E41B928D6->6dd5d97a-7455-476f-86d1-706748154c4a@group-349356213E97, cid=962, SUCCESS, logIndex=1292, commits[6dd5d97a-7455-476f-86d1-706748154c4a:c1293, 8c1a4ac2-2d71-4742-ab0b-89dcc95eb13f:c1291, c9d0001a-daad-4532-9e58-9f5f4a7ddd18:c1291]
2019-09-12 14:53:36,080 [grpc-default-executor-5] INFO  client.GrpcClientProtocolClient (GrpcClientProtocolClient.java:onNext(264)) - client-835E41B928D6->6dd5d97a-7455-476f-86d1-706748154c4a: receive RaftClientReply:client-835E41B928D6->6dd5d97a-7455-476f-86d1-706748154c4a@group-349356213E97, cid=963, SUCCESS, logIndex=1293, commits[6dd5d97a-7455-476f-86d1-706748154c4a:c1293, 8c1a4ac2-2d71-4742-ab0b-89dcc95eb13f:c1291, c9d0001a-daad-4532-9e58-9f5f4a7ddd18:c1291]
2019-09-12 14:53:36,097 [grpc-default-executor-5] INFO  client.GrpcClientProtocolClient (GrpcClientProtocolClient.java:onNext(264)) - client-835E41B928D6->6dd5d97a-7455-476f-86d1-706748154c4a: receive RaftClientReply:client-835E41B928D6->6dd5d97a-7455-476f-86d1-706748154c4a@group-349356213E97, cid=964, SUCCESS, logIndex=1296, commits[6dd5d97a-7455-476f-86d1-706748154c4a:c1297, 8c1a4ac2-2d71-4742-ab0b-89dcc95eb13f:c1293, c9d0001a-daad-4532-9e58-9f5f4a7ddd18:c1293]
2019-09-12 14:53:36,097 [grpc-default-executor-5] INFO  client.GrpcClientProtocolClient (GrpcClientProtocolClient.java:onNext(264)) - client-835E41B928D6->6dd5d97a-7455-476f-86d1-706748154c4a: receive RaftClientReply:client-835E41B928D6->6dd5d97a-7455-476f-86d1-706748154c4a@group-349356213E97, cid=965, SUCCESS, logIndex=1297, commits[6dd5d97a-7455-476f-86d1-706748154c4a:c1297, 8c1a4ac2-2d71-4742-ab0b-89dcc95eb13f:c1293, c9d0001a-daad-4532-9e58-9f5f4a7ddd18:c1293]
2019-09-12 14:53:36,108 [grpc-default-executor-5] INFO  client.GrpcClientProtocolClient (GrpcClientProtocolClient.java:onNext(264)) - client-835E41B928D6->6dd5d97a-7455-476f-86d1-706748154c4a: receive RaftClientReply:client-835E41B928D6->6dd5d97a-7455-476f-86d1-706748154c4a@group-349356213E97, cid=966, SUCCESS, logIndex=0, commits[6dd5d97a-7455-476f-86d1-706748154c4a:c1297, 8c1a4ac2-2d71-4742-ab0b-89dcc95eb13f:c1297, c9d0001a-daad-4532-9e58-9f5f4a7ddd18:c1297]
2019-09-12 14:53:36,131 [grpc-default-executor-7] INFO  client.GrpcClientProtocolClient (GrpcClientProtocolClient.java:onNext(264)) - client-835E41B928D6->6dd5d97a-7455-476f-86d1-706748154c4a: receive RaftClientReply:client-835E41B928D6->6dd5d97a-7455-476f-86d1-706748154c4a@group-349356213E97, cid=967, SUCCESS, logIndex=1300, commits[6dd5d97a-7455-476f-86d1-706748154c4a:c1303, 8c1a4ac2-2d71-4742-ab0b-89dcc95eb13f:c1299, c9d0001a-daad-4532-9e58-9f5f4a7ddd18:c1299]
2019-09-12 14:53:36,131 [grpc-default-executor-7] INFO  client.GrpcClientProtocolClient (GrpcClientProtocolClient.java:onNext(264)) - client-835E41B928D6->6dd5d97a-7455-476f-86d1-706748154c4a: receive RaftClientReply:client-835E41B928D6->6dd5d97a-7455-476f-86d1-706748154c4a@group-349356213E97, cid=968, SUCCESS, logIndex=1301, commits[6dd5d97a-7455-476f-86d1-706748154c4a:c1303, 8c1a4ac2-2d71-4742-ab0b-89dcc95eb13f:c1299, c9d0001a-daad-4532-9e58-9f5f4a7ddd18:c1299]
2019-09-12 14:53:36,132 [grpc-default-executor-7] INFO  client.GrpcClientProtocolClient (GrpcClientProtocolClient.java:onNext(264)) - client-835E41B928D6->6dd5d97a-7455-476f-86d1-706748154c4a: receive RaftClientReply:client-835E41B928D6->6dd5d97a-7455-476f-86d1-706748154c4a@group-349356213E97, cid=969, SUCCESS, logIndex=1302, commits[6dd5d97a-7455-476f-86d1-706748154c4a:c1303, 8c1a4ac2-2d71-4742-ab0b-89dcc95eb13f:c1299, c9d0001a-daad-4532-9e58-9f5f4a7ddd18:c1299]
2019-09-12 14:53:36,132 [grpc-default-executor-7] INFO  client.GrpcClientProtocolClient (GrpcClientProtocolClient.java:onNext(264)) - client-835E41B928D6->6dd5d97a-7455-476f-86d1-706748154c4a: receive RaftClientReply:client-835E41B928D6->6dd5d97a-7455-476f-86d1-706748154c4a@group-349356213E97, cid=970, SUCCESS, logIndex=1303, commits[6dd5d97a-7455-476f-86d1-706748154c4a:c1303, 8c1a4ac2-2d71-4742-ab0b-89dcc95eb13f:c1299, c9d0001a-daad-4532-9e58-9f5f4a7ddd18:c1299]
2019-09-12 14:53:36,144 [grpc-default-executor-7] INFO  client.GrpcClientProtocolClient (GrpcClientProtocolClient.java:onNext(264)) - client-835E41B928D6->6dd5d97a-7455-476f-86d1-706748154c4a: receive RaftClientReply:client-835E41B928D6->6dd5d97a-7455-476f-86d1-706748154c4a@group-349356213E97, cid=971, SUCCESS, logIndex=0, commits[6dd5d97a-7455-476f-86d1-706748154c4a:c1304, 8c1a4ac2-2d71-4742-ab0b-89dcc95eb13f:c1301, c9d0001a-daad-4532-9e58-9f5f4a7ddd18:c1301]
2019-09-12 14:53:36,163 [grpc-default-executor-5] INFO  client.GrpcClientProtocolClient (GrpcClientProtocolClient.java:onNext(264)) - client-835E41B928D6->6dd5d97a-7455-476f-86d1-706748154c4a: receive RaftClientReply:client-835E41B928D6->6dd5d97a-7455-476f-86d1-706748154c4a@group-349356213E97, cid=972, SUCCESS, logIndex=1308, commits[6dd5d97a-7455-476f-86d1-706748154c4a:c1309, 8c1a4ac2-2d71-4742-ab0b-89dcc95eb13f:c1307, c9d0001a-daad-4532-9e58-9f5f4a7ddd18:c1307]
2019-09-12 14:53:36,163 [grpc-default-executor-5] INFO  client.GrpcClientProtocolClient (GrpcClientProtocolClient.java:onNext(264)) - client-835E41B928D6->6dd5d97a-7455-476f-86d1-706748154c4a: receive RaftClientReply:client-835E41B928D6->6dd5d97a-7455-476f-86d1-706748154c4a@group-349356213E97, cid=973, SUCCESS, logIndex=1309, commits[6dd5d97a-7455-476f-86d1-706748154c4a:c1309, 8c1a4ac2-2d71-4742-ab0b-89dcc95eb13f:c1307, c9d0001a-daad-4532-9e58-9f5f4a7ddd18:c1307]
2019-09-12 14:53:36,176 [grpc-default-executor-7] INFO  client.GrpcClientProtocolClient (GrpcClientProtocolClient.java:onNext(264)) - client-835E41B928D6->6dd5d97a-7455-476f-86d1-706748154c4a: receive RaftClientReply:client-835E41B928D6->6dd5d97a-7455-476f-86d1-706748154c4a@group-349356213E97, cid=974, SUCCESS, logIndex=1312, commits[6dd5d97a-7455-476f-86d1-706748154c4a:c1313, 8c1a4ac2-2d71-4742-ab0b-89dcc95eb13f:c1309, c9d0001a-daad-4532-9e58-9f5f4a7ddd18:c1309]
2019-09-12 14:53:36,177 [grpc-default-executor-7] INFO  client.GrpcClientProtocolClient (GrpcClientProtocolClient.java:onNext(264)) - client-835E41B928D6->6dd5d97a-7455-476f-86d1-706748154c4a: receive RaftClientReply:client-835E41B928D6->6dd5d97a-7455-476f-86d1-706748154c4a@group-349356213E97, cid=975, SUCCESS, logIndex=1313, commits[6dd5d97a-7455-476f-86d1-706748154c4a:c1313, 8c1a4ac2-2d71-4742-ab0b-89dcc95eb13f:c1309, c9d0001a-daad-4532-9e58-9f5f4a7ddd18:c1309]
2019-09-12 14:53:36,189 [grpc-default-executor-5] INFO  client.GrpcClientProtocolClient (GrpcClientProtocolClient.java:onNext(264)) - client-835E41B928D6->6dd5d97a-7455-476f-86d1-706748154c4a: receive RaftClientReply:client-835E41B928D6->6dd5d97a-7455-476f-86d1-706748154c4a@group-349356213E97, cid=976, SUCCESS, logIndex=0, commits[6dd5d97a-7455-476f-86d1-706748154c4a:c1314, 8c1a4ac2-2d71-4742-ab0b-89dcc95eb13f:c1313, c9d0001a-daad-4532-9e58-9f5f4a7ddd18:c1313]
2019-09-12 14:53:36,208 [grpc-default-executor-7] INFO  client.GrpcClientProtocolClient (GrpcClientProtocolClient.java:onNext(264)) - client-835E41B928D6->6dd5d97a-7455-476f-86d1-706748154c4a: receive RaftClientReply:client-835E41B928D6->6dd5d97a-7455-476f-86d1-706748154c4a@group-349356213E97, cid=977, SUCCESS, logIndex=1316, commits[6dd5d97a-7455-476f-86d1-706748154c4a:c1317, 8c1a4ac2-2d71-4742-ab0b-89dcc95eb13f:c1315, c9d0001a-daad-4532-9e58-9f5f4a7ddd18:c1315]
2019-09-12 14:53:36,209 [grpc-default-executor-2] INFO  client.GrpcClientProtocolClient (GrpcClientProtocolClient.java:onNext(264)) - client-835E41B928D6->6dd5d97a-7455-476f-86d1-706748154c4a: receive RaftClientReply:client-835E41B928D6->6dd5d97a-7455-476f-86d1-706748154c4a@group-349356213E97, cid=978, SUCCESS, logIndex=1317, commits[6dd5d97a-7455-476f-86d1-706748154c4a:c1317, 8c1a4ac2-2d71-4742-ab0b-89dcc95eb13f:c1315, c9d0001a-daad-4532-9e58-9f5f4a7ddd18:c1315]
2019-09-12 14:53:36,209 [grpc-default-executor-2] INFO  client.GrpcClientProtocolClient (GrpcClientProtocolClient.java:onNext(264)) - client-835E41B928D6->6dd5d97a-7455-476f-86d1-706748154c4a: receive RaftClientReply:client-835E41B928D6->6dd5d97a-7455-476f-86d1-706748154c4a@group-349356213E97, cid=979, SUCCESS, logIndex=1318, commits[6dd5d97a-7455-476f-86d1-706748154c4a:c1319, 8c1a4ac2-2d71-4742-ab0b-89dcc95eb13f:c1315, c9d0001a-daad-4532-9e58-9f5f4a7ddd18:c1315]
2019-09-12 14:53:36,210 [grpc-default-executor-2] INFO  client.GrpcClientProtocolClient (GrpcClientProtocolClient.java:onNext(264)) - client-835E41B928D6->6dd5d97a-7455-476f-86d1-706748154c4a: receive RaftClientReply:client-835E41B928D6->6dd5d97a-7455-476f-86d1-706748154c4a@group-349356213E97, cid=980, SUCCESS, logIndex=1319, commits[6dd5d97a-7455-476f-86d1-706748154c4a:c1319, 8c1a4ac2-2d71-4742-ab0b-89dcc95eb13f:c1315, c9d0001a-daad-4532-9e58-9f5f4a7ddd18:c1315]
2019-09-12 14:53:36,211 [grpc-default-executor-5] INFO  client.GrpcClientProtocolClient (GrpcClientProtocolClient.java:onNext(264)) - client-835E41B928D6->6dd5d97a-7455-476f-86d1-706748154c4a: receive RaftClientReply:client-835E41B928D6->6dd5d97a-7455-476f-86d1-706748154c4a@group-349356213E97, cid=981, SUCCESS, logIndex=0, commits[6dd5d97a-7455-476f-86d1-706748154c4a:c1321, 8c1a4ac2-2d71-4742-ab0b-89dcc95eb13f:c1319, c9d0001a-daad-4532-9e58-9f5f4a7ddd18:c1319]
2019-09-12 14:53:36,229 [grpc-default-executor-5] INFO  client.GrpcClientProtocolClient (GrpcClientProtocolClient.java:onNext(264)) - client-835E41B928D6->6dd5d97a-7455-476f-86d1-706748154c4a: receive RaftClientReply:client-835E41B928D6->6dd5d97a-7455-476f-86d1-706748154c4a@group-349356213E97, cid=982, SUCCESS, logIndex=1324, commits[6dd5d97a-7455-476f-86d1-706748154c4a:c1325, 8c1a4ac2-2d71-4742-ab0b-89dcc95eb13f:c1323, c9d0001a-daad-4532-9e58-9f5f4a7ddd18:c1323]
2019-09-12 14:53:36,229 [grpc-default-executor-5] INFO  client.GrpcClientProtocolClient (GrpcClientProtocolClient.java:onNext(264)) - client-835E41B928D6->6dd5d97a-7455-476f-86d1-706748154c4a: receive RaftClientReply:client-835E41B928D6->6dd5d97a-7455-476f-86d1-706748154c4a@group-349356213E97, cid=983, SUCCESS, logIndex=1325, commits[6dd5d97a-7455-476f-86d1-706748154c4a:c1325, 8c1a4ac2-2d71-4742-ab0b-89dcc95eb13f:c1323, c9d0001a-daad-4532-9e58-9f5f4a7ddd18:c1323]
2019-09-12 14:53:36,244 [grpc-default-executor-2] INFO  client.GrpcClientProtocolClient (GrpcClientProtocolClient.java:onNext(264)) - client-835E41B928D6->6dd5d97a-7455-476f-86d1-706748154c4a: receive RaftClientReply:client-835E41B928D6->6dd5d97a-7455-476f-86d1-706748154c4a@group-349356213E97, cid=984, SUCCESS, logIndex=1328, commits[6dd5d97a-7455-476f-86d1-706748154c4a:c1329, 8c1a4ac2-2d71-4742-ab0b-89dcc95eb13f:c1325, c9d0001a-daad-4532-9e58-9f5f4a7ddd18:c1325]
2019-09-12 14:53:36,244 [grpc-default-executor-2] INFO  client.GrpcClientProtocolClient (GrpcClientProtocolClient.java:onNext(264)) - client-835E41B928D6->6dd5d97a-7455-476f-86d1-706748154c4a: receive RaftClientReply:client-835E41B928D6->6dd5d97a-7455-476f-86d1-706748154c4a@group-349356213E97, cid=985, SUCCESS, logIndex=1329, commits[6dd5d97a-7455-476f-86d1-706748154c4a:c1329, 8c1a4ac2-2d71-4742-ab0b-89dcc95eb13f:c1325, c9d0001a-daad-4532-9e58-9f5f4a7ddd18:c1325]
2019-09-12 14:53:36,257 [grpc-default-executor-5] INFO  client.GrpcClientProtocolClient (GrpcClientProtocolClient.java:onNext(264)) - client-835E41B928D6->6dd5d97a-7455-476f-86d1-706748154c4a: receive RaftClientReply:client-835E41B928D6->6dd5d97a-7455-476f-86d1-706748154c4a@group-349356213E97, cid=986, SUCCESS, logIndex=0, commits[6dd5d97a-7455-476f-86d1-706748154c4a:c1330, 8c1a4ac2-2d71-4742-ab0b-89dcc95eb13f:c1329, c9d0001a-daad-4532-9e58-9f5f4a7ddd18:c1329]
 0.00% |█                                                                                                    |  0/1 Time: 0:00:042019-09-12 14:53:36,421 [grpc-default-executor-2] INFO  client.GrpcClientProtocolClient (GrpcClientProtocolClient.java:onNext(264)) - client-835E41B928D6->6dd5d97a-7455-476f-86d1-706748154c4a: receive RaftClientReply:client-835E41B928D6->6dd5d97a-7455-476f-86d1-706748154c4a@group-349356213E97, cid=987, SUCCESS, logIndex=1332, commits[6dd5d97a-7455-476f-86d1-706748154c4a:c1333, 8c1a4ac2-2d71-4742-ab0b-89dcc95eb13f:c1331, c9d0001a-daad-4532-9e58-9f5f4a7ddd18:c1331]
2019-09-12 14:53:36,422 [grpc-default-executor-2] INFO  client.GrpcClientProtocolClient (GrpcClientProtocolClient.java:onNext(264)) - client-835E41B928D6->6dd5d97a-7455-476f-86d1-706748154c4a: receive RaftClientReply:client-835E41B928D6->6dd5d97a-7455-476f-86d1-706748154c4a@group-349356213E97, cid=988, SUCCESS, logIndex=1333, commits[6dd5d97a-7455-476f-86d1-706748154c4a:c1334, 8c1a4ac2-2d71-4742-ab0b-89dcc95eb13f:c1331, c9d0001a-daad-4532-9e58-9f5f4a7ddd18:c1331]
2019-09-12 14:53:36,423 [grpc-default-executor-5] INFO  client.GrpcClientProtocolClient (GrpcClientProtocolClient.java:onNext(264)) - client-835E41B928D6->6dd5d97a-7455-476f-86d1-706748154c4a: receive RaftClientReply:client-835E41B928D6->6dd5d97a-7455-476f-86d1-706748154c4a@group-349356213E97, cid=989, SUCCESS, logIndex=1334, commits[6dd5d97a-7455-476f-86d1-706748154c4a:c1335, 8c1a4ac2-2d71-4742-ab0b-89dcc95eb13f:c1331, c9d0001a-daad-4532-9e58-9f5f4a7ddd18:c1331]
2019-09-12 14:53:36,423 [grpc-default-executor-5] INFO  client.GrpcClientProtocolClient (GrpcClientProtocolClient.java:onNext(264)) - client-835E41B928D6->6dd5d97a-7455-476f-86d1-706748154c4a: receive RaftClientReply:client-835E41B928D6->6dd5d97a-7455-476f-86d1-706748154c4a@group-349356213E97, cid=990, SUCCESS, logIndex=1335, commits[6dd5d97a-7455-476f-86d1-706748154c4a:c1335, 8c1a4ac2-2d71-4742-ab0b-89dcc95eb13f:c1331, c9d0001a-daad-4532-9e58-9f5f4a7ddd18:c1331]
2019-09-12 14:53:36,425 [grpc-default-executor-2] INFO  client.GrpcClientProtocolClient (GrpcClientProtocolClient.java:onNext(264)) - client-835E41B928D6->6dd5d97a-7455-476f-86d1-706748154c4a: receive RaftClientReply:client-835E41B928D6->6dd5d97a-7455-476f-86d1-706748154c4a@group-349356213E97, cid=991, SUCCESS, logIndex=0, commits[6dd5d97a-7455-476f-86d1-706748154c4a:c1338, 8c1a4ac2-2d71-4742-ab0b-89dcc95eb13f:c1334, c9d0001a-daad-4532-9e58-9f5f4a7ddd18:c1333]
2019-09-12 14:53:36,446 [grpc-default-executor-5] INFO  client.GrpcClientProtocolClient (GrpcClientProtocolClient.java:onNext(264)) - client-835E41B928D6->6dd5d97a-7455-476f-86d1-706748154c4a: receive RaftClientReply:client-835E41B928D6->6dd5d97a-7455-476f-86d1-706748154c4a@group-349356213E97, cid=992, SUCCESS, logIndex=1340, commits[6dd5d97a-7455-476f-86d1-706748154c4a:c1341, 8c1a4ac2-2d71-4742-ab0b-89dcc95eb13f:c1339, c9d0001a-daad-4532-9e58-9f5f4a7ddd18:c1339]
2019-09-12 14:53:36,446 [grpc-default-executor-5] INFO  client.GrpcClientProtocolClient (GrpcClientProtocolClient.java:onNext(264)) - client-835E41B928D6->6dd5d97a-7455-476f-86d1-706748154c4a: receive RaftClientReply:client-835E41B928D6->6dd5d97a-7455-476f-86d1-706748154c4a@group-349356213E97, cid=993, SUCCESS, logIndex=1341, commits[6dd5d97a-7455-476f-86d1-706748154c4a:c1341, 8c1a4ac2-2d71-4742-ab0b-89dcc95eb13f:c1339, c9d0001a-daad-4532-9e58-9f5f4a7ddd18:c1339]
2019-09-12 14:53:36,458 [grpc-default-executor-5] INFO  client.GrpcClientProtocolClient (GrpcClientProtocolClient.java:onNext(264)) - client-835E41B928D6->6dd5d97a-7455-476f-86d1-706748154c4a: receive RaftClientReply:client-835E41B928D6->6dd5d97a-7455-476f-86d1-706748154c4a@group-349356213E97, cid=994, SUCCESS, logIndex=1344, commits[6dd5d97a-7455-476f-86d1-706748154c4a:c1344, 8c1a4ac2-2d71-4742-ab0b-89dcc95eb13f:c1341, c9d0001a-daad-4532-9e58-9f5f4a7ddd18:c1341]
2019-09-12 14:53:36,459 [grpc-default-executor-5] INFO  client.GrpcClientProtocolClient (GrpcClientProtocolClient.java:onNext(264)) - client-835E41B928D6->6dd5d97a-7455-476f-86d1-706748154c4a: receive RaftClientReply:client-835E41B928D6->6dd5d97a-7455-476f-86d1-706748154c4a@group-349356213E97, cid=995, SUCCESS, logIndex=1345, commits[6dd5d97a-7455-476f-86d1-706748154c4a:c1345, 8c1a4ac2-2d71-4742-ab0b-89dcc95eb13f:c1341, c9d0001a-daad-4532-9e58-9f5f4a7ddd18:c1341]
2019-09-12 14:53:36,472 [grpc-default-executor-5] INFO  client.GrpcClientProtocolClient (GrpcClientProtocolClient.java:onNext(264)) - client-835E41B928D6->6dd5d97a-7455-476f-86d1-706748154c4a: receive RaftClientReply:client-835E41B928D6->6dd5d97a-7455-476f-86d1-706748154c4a@group-349356213E97, cid=996, SUCCESS, logIndex=0, commits[6dd5d97a-7455-476f-86d1-706748154c4a:c1347, 8c1a4ac2-2d71-4742-ab0b-89dcc95eb13f:c1345, c9d0001a-daad-4532-9e58-9f5f4a7ddd18:c1345]
2019-09-12 14:53:36,491 [grpc-default-executor-7] INFO  client.GrpcClientProtocolClient (GrpcClientProtocolClient.java:onNext(264)) - client-835E41B928D6->6dd5d97a-7455-476f-86d1-706748154c4a: receive RaftClientReply:client-835E41B928D6->6dd5d97a-7455-476f-86d1-706748154c4a@group-349356213E97, cid=997, SUCCESS, logIndex=1348, commits[6dd5d97a-7455-476f-86d1-706748154c4a:c1349, 8c1a4ac2-2d71-4742-ab0b-89dcc95eb13f:c1347, c9d0001a-daad-4532-9e58-9f5f4a7ddd18:c1347]
2019-09-12 14:53:36,492 [grpc-default-executor-6] INFO  client.GrpcClientProtocolClient (GrpcClientProtocolClient.java:onNext(264)) - client-835E41B928D6->6dd5d97a-7455-476f-86d1-706748154c4a: receive RaftClientReply:client-835E41B928D6->6dd5d97a-7455-476f-86d1-706748154c4a@group-349356213E97, cid=998, SUCCESS, logIndex=1349, commits[6dd5d97a-7455-476f-86d1-706748154c4a:c1349, 8c1a4ac2-2d71-4742-ab0b-89dcc95eb13f:c1347, c9d0001a-daad-4532-9e58-9f5f4a7ddd18:c1347]
2019-09-12 14:53:36,492 [grpc-default-executor-6] INFO  client.GrpcClientProtocolClient (GrpcClientProtocolClient.java:onNext(264)) - client-835E41B928D6->6dd5d97a-7455-476f-86d1-706748154c4a: receive RaftClientReply:client-835E41B928D6->6dd5d97a-7455-476f-86d1-706748154c4a@group-349356213E97, cid=999, SUCCESS, logIndex=1350, commits[6dd5d97a-7455-476f-86d1-706748154c4a:c1351, 8c1a4ac2-2d71-4742-ab0b-89dcc95eb13f:c1347, c9d0001a-daad-4532-9e58-9f5f4a7ddd18:c1347]
2019-09-12 14:53:36,492 [grpc-default-executor-2] INFO  client.GrpcClientProtocolClient (GrpcClientProtocolClient.java:onNext(264)) - client-835E41B928D6->6dd5d97a-7455-476f-86d1-706748154c4a: receive RaftClientReply:client-835E41B928D6->6dd5d97a-7455-476f-86d1-706748154c4a@group-349356213E97, cid=1000, SUCCESS, logIndex=1351, commits[6dd5d97a-7455-476f-86d1-706748154c4a:c1351, 8c1a4ac2-2d71-4742-ab0b-89dcc95eb13f:c1347, c9d0001a-daad-4532-9e58-9f5f4a7ddd18:c1347]
2019-09-12 14:53:36,494 [grpc-default-executor-6] INFO  client.GrpcClientProtocolClient (GrpcClientProtocolClient.java:onNext(264)) - client-835E41B928D6->6dd5d97a-7455-476f-86d1-706748154c4a: receive RaftClientReply:client-835E41B928D6->6dd5d97a-7455-476f-86d1-706748154c4a@group-349356213E97, cid=1001, SUCCESS, logIndex=0, commits[6dd5d97a-7455-476f-86d1-706748154c4a:c1353, 8c1a4ac2-2d71-4742-ab0b-89dcc95eb13f:c1349, c9d0001a-daad-4532-9e58-9f5f4a7ddd18:c1349]
2019-09-12 14:53:36,513 [grpc-default-executor-2] INFO  client.GrpcClientProtocolClient (GrpcClientProtocolClient.java:onNext(264)) - client-835E41B928D6->6dd5d97a-7455-476f-86d1-706748154c4a: receive RaftClientReply:client-835E41B928D6->6dd5d97a-7455-476f-86d1-706748154c4a@group-349356213E97, cid=1002, SUCCESS, logIndex=1356, commits[6dd5d97a-7455-476f-86d1-706748154c4a:c1357, 8c1a4ac2-2d71-4742-ab0b-89dcc95eb13f:c1355, c9d0001a-daad-4532-9e58-9f5f4a7ddd18:c1355]
2019-09-12 14:53:36,514 [grpc-default-executor-2] INFO  client.GrpcClientProtocolClient (GrpcClientProtocolClient.java:onNext(264)) - client-835E41B928D6->6dd5d97a-7455-476f-86d1-706748154c4a: receive RaftClientReply:client-835E41B928D6->6dd5d97a-7455-476f-86d1-706748154c4a@group-349356213E97, cid=1003, SUCCESS, logIndex=1357, commits[6dd5d97a-7455-476f-86d1-706748154c4a:c1357, 8c1a4ac2-2d71-4742-ab0b-89dcc95eb13f:c1355, c9d0001a-daad-4532-9e58-9f5f4a7ddd18:c1355]
2019-09-12 14:53:36,527 [grpc-default-executor-7] INFO  client.GrpcClientProtocolClient (GrpcClientProtocolClient.java:onNext(264)) - client-835E41B928D6->6dd5d97a-7455-476f-86d1-706748154c4a: receive RaftClientReply:client-835E41B928D6->6dd5d97a-7455-476f-86d1-706748154c4a@group-349356213E97, cid=1004, SUCCESS, logIndex=1360, commits[6dd5d97a-7455-476f-86d1-706748154c4a:c1361, 8c1a4ac2-2d71-4742-ab0b-89dcc95eb13f:c1357, c9d0001a-daad-4532-9e58-9f5f4a7ddd18:c1357]
2019-09-12 14:53:36,527 [grpc-default-executor-7] INFO  client.GrpcClientProtocolClient (GrpcClientProtocolClient.java:onNext(264)) - client-835E41B928D6->6dd5d97a-7455-476f-86d1-706748154c4a: receive RaftClientReply:client-835E41B928D6->6dd5d97a-7455-476f-86d1-706748154c4a@group-349356213E97, cid=1005, SUCCESS, logIndex=1361, commits[6dd5d97a-7455-476f-86d1-706748154c4a:c1361, 8c1a4ac2-2d71-4742-ab0b-89dcc95eb13f:c1357, c9d0001a-daad-4532-9e58-9f5f4a7ddd18:c1357]
2019-09-12 14:53:36,529 [grpc-default-executor-7] INFO  client.GrpcClientProtocolClient (GrpcClientProtocolClient.java:onNext(264)) - client-835E41B928D6->6dd5d97a-7455-476f-86d1-706748154c4a: receive RaftClientReply:client-835E41B928D6->6dd5d97a-7455-476f-86d1-706748154c4a@group-349356213E97, cid=1006, SUCCESS, logIndex=0, commits[6dd5d97a-7455-476f-86d1-706748154c4a:c1363, 8c1a4ac2-2d71-4742-ab0b-89dcc95eb13f:c1361, c9d0001a-daad-4532-9e58-9f5f4a7ddd18:c1361]
2019-09-12 14:53:36,549 [grpc-default-executor-2] INFO  client.GrpcClientProtocolClient (GrpcClientProtocolClient.java:onNext(264)) - client-835E41B928D6->6dd5d97a-7455-476f-86d1-706748154c4a: receive RaftClientReply:client-835E41B928D6->6dd5d97a-7455-476f-86d1-706748154c4a@group-349356213E97, cid=1007, SUCCESS, logIndex=1364, commits[6dd5d97a-7455-476f-86d1-706748154c4a:c1365, 8c1a4ac2-2d71-4742-ab0b-89dcc95eb13f:c1363, c9d0001a-daad-4532-9e58-9f5f4a7ddd18:c1363]
2019-09-12 14:53:36,550 [grpc-default-executor-7] INFO  client.GrpcClientProtocolClient (GrpcClientProtocolClient.java:onNext(264)) - client-835E41B928D6->6dd5d97a-7455-476f-86d1-706748154c4a: receive RaftClientReply:client-835E41B928D6->6dd5d97a-7455-476f-86d1-706748154c4a@group-349356213E97, cid=1008, SUCCESS, logIndex=1365, commits[6dd5d97a-7455-476f-86d1-706748154c4a:c1365, 8c1a4ac2-2d71-4742-ab0b-89dcc95eb13f:c1363, c9d0001a-daad-4532-9e58-9f5f4a7ddd18:c1363]
2019-09-12 14:53:36,550 [grpc-default-executor-7] INFO  client.GrpcClientProtocolClient (GrpcClientProtocolClient.java:onNext(264)) - client-835E41B928D6->6dd5d97a-7455-476f-86d1-706748154c4a: receive RaftClientReply:client-835E41B928D6->6dd5d97a-7455-476f-86d1-706748154c4a@group-349356213E97, cid=1009, SUCCESS, logIndex=1366, commits[6dd5d97a-7455-476f-86d1-706748154c4a:c1366, 8c1a4ac2-2d71-4742-ab0b-89dcc95eb13f:c1363, c9d0001a-daad-4532-9e58-9f5f4a7ddd18:c1363]
2019-09-12 14:53:36,550 [grpc-default-executor-7] INFO  client.GrpcClientProtocolClient (GrpcClientProtocolClient.java:onNext(264)) - client-835E41B928D6->6dd5d97a-7455-476f-86d1-706748154c4a: receive RaftClientReply:client-835E41B928D6->6dd5d97a-7455-476f-86d1-706748154c4a@group-349356213E97, cid=1010, SUCCESS, logIndex=1367, commits[6dd5d97a-7455-476f-86d1-706748154c4a:c1367, 8c1a4ac2-2d71-4742-ab0b-89dcc95eb13f:c1363, c9d0001a-daad-4532-9e58-9f5f4a7ddd18:c1363]
2019-09-12 14:53:36,552 [grpc-default-executor-6] INFO  client.GrpcClientProtocolClient (GrpcClientProtocolClient.java:onNext(264)) - client-835E41B928D6->6dd5d97a-7455-476f-86d1-706748154c4a: receive RaftClientReply:client-835E41B928D6->6dd5d97a-7455-476f-86d1-706748154c4a@group-349356213E97, cid=1011, SUCCESS, logIndex=0, commits[6dd5d97a-7455-476f-86d1-706748154c4a:c1369, 8c1a4ac2-2d71-4742-ab0b-89dcc95eb13f:c1365, c9d0001a-daad-4532-9e58-9f5f4a7ddd18:c1365]
2019-09-12 14:53:36,569 [grpc-default-executor-7] INFO  client.GrpcClientProtocolClient (GrpcClientProtocolClient.java:onNext(264)) - client-835E41B928D6->6dd5d97a-7455-476f-86d1-706748154c4a: receive RaftClientReply:client-835E41B928D6->6dd5d97a-7455-476f-86d1-706748154c4a@group-349356213E97, cid=1012, SUCCESS, logIndex=1372, commits[6dd5d97a-7455-476f-86d1-706748154c4a:c1373, 8c1a4ac2-2d71-4742-ab0b-89dcc95eb13f:c1371, c9d0001a-daad-4532-9e58-9f5f4a7ddd18:c1371]
2019-09-12 14:53:36,570 [grpc-default-executor-7] INFO  client.GrpcClientProtocolClient (GrpcClientProtocolClient.java:onNext(264)) - client-835E41B928D6->6dd5d97a-7455-476f-86d1-706748154c4a: receive RaftClientReply:client-835E41B928D6->6dd5d97a-7455-476f-86d1-706748154c4a@group-349356213E97, cid=1013, SUCCESS, logIndex=1373, commits[6dd5d97a-7455-476f-86d1-706748154c4a:c1373, 8c1a4ac2-2d71-4742-ab0b-89dcc95eb13f:c1371, c9d0001a-daad-4532-9e58-9f5f4a7ddd18:c1371]
2019-09-12 14:53:36,585 [grpc-default-executor-6] INFO  client.GrpcClientProtocolClient (GrpcClientProtocolClient.java:onNext(264)) - client-835E41B928D6->6dd5d97a-7455-476f-86d1-706748154c4a: receive RaftClientReply:client-835E41B928D6->6dd5d97a-7455-476f-86d1-706748154c4a@group-349356213E97, cid=1014, SUCCESS, logIndex=1376, commits[6dd5d97a-7455-476f-86d1-706748154c4a:c1377, 8c1a4ac2-2d71-4742-ab0b-89dcc95eb13f:c1373, c9d0001a-daad-4532-9e58-9f5f4a7ddd18:c1373]
2019-09-12 14:53:36,585 [grpc-default-executor-6] INFO  client.GrpcClientProtocolClient (GrpcClientProtocolClient.java:onNext(264)) - client-835E41B928D6->6dd5d97a-7455-476f-86d1-706748154c4a: receive RaftClientReply:client-835E41B928D6->6dd5d97a-7455-476f-86d1-706748154c4a@group-349356213E97, cid=1015, SUCCESS, logIndex=1377, commits[6dd5d97a-7455-476f-86d1-706748154c4a:c1377, 8c1a4ac2-2d71-4742-ab0b-89dcc95eb13f:c1373, c9d0001a-daad-4532-9e58-9f5f4a7ddd18:c1373]
2019-09-12 14:53:36,603 [grpc-default-executor-6] INFO  client.GrpcClientProtocolClient (GrpcClientProtocolClient.java:onNext(264)) - client-835E41B928D6->6dd5d97a-7455-476f-86d1-706748154c4a: receive RaftClientReply:client-835E41B928D6->6dd5d97a-7455-476f-86d1-706748154c4a@group-349356213E97, cid=1016, SUCCESS, logIndex=0, commits[6dd5d97a-7455-476f-86d1-706748154c4a:c1379, 8c1a4ac2-2d71-4742-ab0b-89dcc95eb13f:c1377, c9d0001a-daad-4532-9e58-9f5f4a7ddd18:c1377]
2019-09-12 14:53:36,622 [grpc-default-executor-7] INFO  client.GrpcClientProtocolClient (GrpcClientProtocolClient.java:onNext(264)) - client-835E41B928D6->6dd5d97a-7455-476f-86d1-706748154c4a: receive RaftClientReply:client-835E41B928D6->6dd5d97a-7455-476f-86d1-706748154c4a@group-349356213E97, cid=1017, SUCCESS, logIndex=1380, commits[6dd5d97a-7455-476f-86d1-706748154c4a:c1381, 8c1a4ac2-2d71-4742-ab0b-89dcc95eb13f:c1379, c9d0001a-daad-4532-9e58-9f5f4a7ddd18:c1379]
2019-09-12 14:53:36,623 [grpc-default-executor-7] INFO  client.GrpcClientProtocolClient (GrpcClientProtocolClient.java:onNext(264)) - client-835E41B928D6->6dd5d97a-7455-476f-86d1-706748154c4a: receive RaftClientReply:client-835E41B928D6->6dd5d97a-7455-476f-86d1-706748154c4a@group-349356213E97, cid=1018, SUCCESS, logIndex=1381, commits[6dd5d97a-7455-476f-86d1-706748154c4a:c1381, 8c1a4ac2-2d71-4742-ab0b-89dcc95eb13f:c1379, c9d0001a-daad-4532-9e58-9f5f4a7ddd18:c1379]
2019-09-12 14:53:36,623 [grpc-default-executor-6] INFO  client.GrpcClientProtocolClient (GrpcClientProtocolClient.java:onNext(264)) - client-835E41B928D6->6dd5d97a-7455-476f-86d1-706748154c4a: receive RaftClientReply:client-835E41B928D6->6dd5d97a-7455-476f-86d1-706748154c4a@group-349356213E97, cid=1019, SUCCESS, logIndex=1382, commits[6dd5d97a-7455-476f-86d1-706748154c4a:c1383, 8c1a4ac2-2d71-4742-ab0b-89dcc95eb13f:c1379, c9d0001a-daad-4532-9e58-9f5f4a7ddd18:c1379]
2019-09-12 14:53:36,626 [grpc-default-executor-6] INFO  client.GrpcClientProtocolClient (GrpcClientProtocolClient.java:onNext(264)) - client-835E41B928D6->6dd5d97a-7455-476f-86d1-706748154c4a: receive RaftClientReply:client-835E41B928D6->6dd5d97a-7455-476f-86d1-706748154c4a@group-349356213E97, cid=1020, SUCCESS, logIndex=1383, commits[6dd5d97a-7455-476f-86d1-706748154c4a:c1383, 8c1a4ac2-2d71-4742-ab0b-89dcc95eb13f:c1379, c9d0001a-daad-4532-9e58-9f5f4a7ddd18:c1379]
2019-09-12 14:53:36,627 [grpc-default-executor-6] INFO  client.GrpcClientProtocolClient (GrpcClientProtocolClient.java:onNext(264)) - client-835E41B928D6->6dd5d97a-7455-476f-86d1-706748154c4a: receive RaftClientReply:client-835E41B928D6->6dd5d97a-7455-476f-86d1-706748154c4a@group-349356213E97, cid=1021, SUCCESS, logIndex=0, commits[6dd5d97a-7455-476f-86d1-706748154c4a:c1385, 8c1a4ac2-2d71-4742-ab0b-89dcc95eb13f:c1381, c9d0001a-daad-4532-9e58-9f5f4a7ddd18:c1381]
2019-09-12 14:53:36,638 [grpc-default-executor-5] INFO  client.GrpcClientProtocolClient (GrpcClientProtocolClient.java:onNext(264)) - client-835E41B928D6->6dd5d97a-7455-476f-86d1-706748154c4a: receive RaftClientReply:client-835E41B928D6->6dd5d97a-7455-476f-86d1-706748154c4a@group-349356213E97, cid=1022, SUCCESS, logIndex=1388, commits[6dd5d97a-7455-476f-86d1-706748154c4a:c1389, 8c1a4ac2-2d71-4742-ab0b-89dcc95eb13f:c1385, c9d0001a-daad-4532-9e58-9f5f4a7ddd18:c1383]
2019-09-12 14:53:36,639 [grpc-default-executor-5] INFO  client.GrpcClientProtocolClient (GrpcClientProtocolClient.java:onNext(264)) - client-835E41B928D6->6dd5d97a-7455-476f-86d1-706748154c4a: receive RaftClientReply:client-835E41B928D6->6dd5d97a-7455-476f-86d1-706748154c4a@group-349356213E97, cid=1023, SUCCESS, logIndex=1389, commits[6dd5d97a-7455-476f-86d1-706748154c4a:c1389, 8c1a4ac2-2d71-4742-ab0b-89dcc95eb13f:c1385, c9d0001a-daad-4532-9e58-9f5f4a7ddd18:c1383]
2019-09-12 14:53:36,657 [grpc-default-executor-6] INFO  client.GrpcClientProtocolClient (GrpcClientProtocolClient.java:onNext(264)) - client-835E41B928D6->6dd5d97a-7455-476f-86d1-706748154c4a: receive RaftClientReply:client-835E41B928D6->6dd5d97a-7455-476f-86d1-706748154c4a@group-349356213E97, cid=1024, SUCCESS, logIndex=1392, commits[6dd5d97a-7455-476f-86d1-706748154c4a:c1393, 8c1a4ac2-2d71-4742-ab0b-89dcc95eb13f:c1391, c9d0001a-daad-4532-9e58-9f5f4a7ddd18:c1391]
2019-09-12 14:53:36,657 [grpc-default-executor-6] INFO  client.GrpcClientProtocolClient (GrpcClientProtocolClient.java:onNext(264)) - client-835E41B928D6->6dd5d97a-7455-476f-86d1-706748154c4a: receive RaftClientReply:client-835E41B928D6->6dd5d97a-7455-476f-86d1-706748154c4a@group-349356213E97, cid=1025, SUCCESS, logIndex=1393, commits[6dd5d97a-7455-476f-86d1-706748154c4a:c1393, 8c1a4ac2-2d71-4742-ab0b-89dcc95eb13f:c1391, c9d0001a-daad-4532-9e58-9f5f4a7ddd18:c1391]
2019-09-12 14:53:36,668 [grpc-default-executor-6] INFO  client.GrpcClientProtocolClient (GrpcClientProtocolClient.java:onNext(264)) - client-835E41B928D6->6dd5d97a-7455-476f-86d1-706748154c4a: receive RaftClientReply:client-835E41B928D6->6dd5d97a-7455-476f-86d1-706748154c4a@group-349356213E97, cid=1026, SUCCESS, logIndex=0, commits[6dd5d97a-7455-476f-86d1-706748154c4a:c1394, 8c1a4ac2-2d71-4742-ab0b-89dcc95eb13f:c1393, c9d0001a-daad-4532-9e58-9f5f4a7ddd18:c1393]
2019-09-12 14:53:36,687 [grpc-default-executor-7] INFO  client.GrpcClientProtocolClient (GrpcClientProtocolClient.java:onNext(264)) - client-835E41B928D6->6dd5d97a-7455-476f-86d1-706748154c4a: receive RaftClientReply:client-835E41B928D6->6dd5d97a-7455-476f-86d1-706748154c4a@group-349356213E97, cid=1027, SUCCESS, logIndex=1396, commits[6dd5d97a-7455-476f-86d1-706748154c4a:c1397, 8c1a4ac2-2d71-4742-ab0b-89dcc95eb13f:c1395, c9d0001a-daad-4532-9e58-9f5f4a7ddd18:c1395]
2019-09-12 14:53:36,687 [grpc-default-executor-7] INFO  client.GrpcClientProtocolClient (GrpcClientProtocolClient.java:onNext(264)) - client-835E41B928D6->6dd5d97a-7455-476f-86d1-706748154c4a: receive RaftClientReply:client-835E41B928D6->6dd5d97a-7455-476f-86d1-706748154c4a@group-349356213E97, cid=1028, SUCCESS, logIndex=1397, commits[6dd5d97a-7455-476f-86d1-706748154c4a:c1397, 8c1a4ac2-2d71-4742-ab0b-89dcc95eb13f:c1395, c9d0001a-daad-4532-9e58-9f5f4a7ddd18:c1395]
2019-09-12 14:53:36,688 [grpc-default-executor-6] INFO  client.GrpcClientProtocolClient (GrpcClientProtocolClient.java:onNext(264)) - client-835E41B928D6->6dd5d97a-7455-476f-86d1-706748154c4a: receive RaftClientReply:client-835E41B928D6->6dd5d97a-7455-476f-86d1-706748154c4a@group-349356213E97, cid=1029, SUCCESS, logIndex=1398, commits[6dd5d97a-7455-476f-86d1-706748154c4a:c1398, 8c1a4ac2-2d71-4742-ab0b-89dcc95eb13f:c1395, c9d0001a-daad-4532-9e58-9f5f4a7ddd18:c1395]
2019-09-12 14:53:36,688 [grpc-default-executor-6] INFO  client.GrpcClientProtocolClient (GrpcClientProtocolClient.java:onNext(264)) - client-835E41B928D6->6dd5d97a-7455-476f-86d1-706748154c4a: receive RaftClientReply:client-835E41B928D6->6dd5d97a-7455-476f-86d1-706748154c4a@group-349356213E97, cid=1030, SUCCESS, logIndex=1399, commits[6dd5d97a-7455-476f-86d1-706748154c4a:c1399, 8c1a4ac2-2d71-4742-ab0b-89dcc95eb13f:c1395, c9d0001a-daad-4532-9e58-9f5f4a7ddd18:c1395]
2019-09-12 14:53:36,689 [grpc-default-executor-6] INFO  client.GrpcClientProtocolClient (GrpcClientProtocolClient.java:onNext(264)) - client-835E41B928D6->6dd5d97a-7455-476f-86d1-706748154c4a: receive RaftClientReply:client-835E41B928D6->6dd5d97a-7455-476f-86d1-706748154c4a@group-349356213E97, cid=1031, SUCCESS, logIndex=0, commits[6dd5d97a-7455-476f-86d1-706748154c4a:c1401, 8c1a4ac2-2d71-4742-ab0b-89dcc95eb13f:c1397, c9d0001a-daad-4532-9e58-9f5f4a7ddd18:c1397]
2019-09-12 14:53:36,707 [grpc-default-executor-2] INFO  client.GrpcClientProtocolClient (GrpcClientProtocolClient.java:onNext(264)) - client-835E41B928D6->6dd5d97a-7455-476f-86d1-706748154c4a: receive RaftClientReply:client-835E41B928D6->6dd5d97a-7455-476f-86d1-706748154c4a@group-349356213E97, cid=1032, SUCCESS, logIndex=1404, commits[6dd5d97a-7455-476f-86d1-706748154c4a:c1405, 8c1a4ac2-2d71-4742-ab0b-89dcc95eb13f:c1403, c9d0001a-daad-4532-9e58-9f5f4a7ddd18:c1403]
2019-09-12 14:53:36,708 [grpc-default-executor-2] INFO  client.GrpcClientProtocolClient (GrpcClientProtocolClient.java:onNext(264)) - client-835E41B928D6->6dd5d97a-7455-476f-86d1-706748154c4a: receive RaftClientReply:client-835E41B928D6->6dd5d97a-7455-476f-86d1-706748154c4a@group-349356213E97, cid=1033, SUCCESS, logIndex=1405, commits[6dd5d97a-7455-476f-86d1-706748154c4a:c1405, 8c1a4ac2-2d71-4742-ab0b-89dcc95eb13f:c1403, c9d0001a-daad-4532-9e58-9f5f4a7ddd18:c1403]
2019-09-12 14:53:36,721 [grpc-default-executor-2] INFO  client.GrpcClientProtocolClient (GrpcClientProtocolClient.java:onNext(264)) - client-835E41B928D6->6dd5d97a-7455-476f-86d1-706748154c4a: receive RaftClientReply:client-835E41B928D6->6dd5d97a-7455-476f-86d1-706748154c4a@group-349356213E97, cid=1034, SUCCESS, logIndex=1408, commits[6dd5d97a-7455-476f-86d1-706748154c4a:c1409, 8c1a4ac2-2d71-4742-ab0b-89dcc95eb13f:c1405, c9d0001a-daad-4532-9e58-9f5f4a7ddd18:c1405]
2019-09-12 14:53:36,721 [grpc-default-executor-2] INFO  client.GrpcClientProtocolClient (GrpcClientProtocolClient.java:onNext(264)) - client-835E41B928D6->6dd5d97a-7455-476f-86d1-706748154c4a: receive RaftClientReply:client-835E41B928D6->6dd5d97a-7455-476f-86d1-706748154c4a@group-349356213E97, cid=1035, SUCCESS, logIndex=1409, commits[6dd5d97a-7455-476f-86d1-706748154c4a:c1409, 8c1a4ac2-2d71-4742-ab0b-89dcc95eb13f:c1405, c9d0001a-daad-4532-9e58-9f5f4a7ddd18:c1405]
2019-09-12 14:53:36,734 [grpc-default-executor-6] INFO  client.GrpcClientProtocolClient (GrpcClientProtocolClient.java:onNext(264)) - client-835E41B928D6->6dd5d97a-7455-476f-86d1-706748154c4a: receive RaftClientReply:client-835E41B928D6->6dd5d97a-7455-476f-86d1-706748154c4a@group-349356213E97, cid=1036, SUCCESS, logIndex=0, commits[6dd5d97a-7455-476f-86d1-706748154c4a:c1411, 8c1a4ac2-2d71-4742-ab0b-89dcc95eb13f:c1409, c9d0001a-daad-4532-9e58-9f5f4a7ddd18:c1409]
2019-09-12 14:53:36,753 [grpc-default-executor-2] INFO  client.GrpcClientProtocolClient (GrpcClientProtocolClient.java:onNext(264)) - client-835E41B928D6->6dd5d97a-7455-476f-86d1-706748154c4a: receive RaftClientReply:client-835E41B928D6->6dd5d97a-7455-476f-86d1-706748154c4a@group-349356213E97, cid=1037, SUCCESS, logIndex=1412, commits[6dd5d97a-7455-476f-86d1-706748154c4a:c1415, 8c1a4ac2-2d71-4742-ab0b-89dcc95eb13f:c1411, c9d0001a-daad-4532-9e58-9f5f4a7ddd18:c1411]
2019-09-12 14:53:36,754 [grpc-default-executor-2] INFO  client.GrpcClientProtocolClient (GrpcClientProtocolClient.java:onNext(264)) - client-835E41B928D6->6dd5d97a-7455-476f-86d1-706748154c4a: receive RaftClientReply:client-835E41B928D6->6dd5d97a-7455-476f-86d1-706748154c4a@group-349356213E97, cid=1038, SUCCESS, logIndex=1413, commits[6dd5d97a-7455-476f-86d1-706748154c4a:c1415, 8c1a4ac2-2d71-4742-ab0b-89dcc95eb13f:c1411, c9d0001a-daad-4532-9e58-9f5f4a7ddd18:c1411]
2019-09-12 14:53:36,754 [grpc-default-executor-2] INFO  client.GrpcClientProtocolClient (GrpcClientProtocolClient.java:onNext(264)) - client-835E41B928D6->6dd5d97a-7455-476f-86d1-706748154c4a: receive RaftClientReply:client-835E41B928D6->6dd5d97a-7455-476f-86d1-706748154c4a@group-349356213E97, cid=1039, SUCCESS, logIndex=1414, commits[6dd5d97a-7455-476f-86d1-706748154c4a:c1415, 8c1a4ac2-2d71-4742-ab0b-89dcc95eb13f:c1411, c9d0001a-daad-4532-9e58-9f5f4a7ddd18:c1411]
2019-09-12 14:53:36,754 [grpc-default-executor-2] INFO  client.GrpcClientProtocolClient (GrpcClientProtocolClient.java:onNext(264)) - client-835E41B928D6->6dd5d97a-7455-476f-86d1-706748154c4a: receive RaftClientReply:client-835E41B928D6->6dd5d97a-7455-476f-86d1-706748154c4a@group-349356213E97, cid=1040, SUCCESS, logIndex=1415, commits[6dd5d97a-7455-476f-86d1-706748154c4a:c1415, 8c1a4ac2-2d71-4742-ab0b-89dcc95eb13f:c1411, c9d0001a-daad-4532-9e58-9f5f4a7ddd18:c1411]
2019-09-12 14:53:36,756 [grpc-default-executor-2] INFO  client.GrpcClientProtocolClient (GrpcClientProtocolClient.java:onNext(264)) - client-835E41B928D6->6dd5d97a-7455-476f-86d1-706748154c4a: receive RaftClientReply:client-835E41B928D6->6dd5d97a-7455-476f-86d1-706748154c4a@group-349356213E97, cid=1041, SUCCESS, logIndex=0, commits[6dd5d97a-7455-476f-86d1-706748154c4a:c1418, 8c1a4ac2-2d71-4742-ab0b-89dcc95eb13f:c1414, c9d0001a-daad-4532-9e58-9f5f4a7ddd18:c1415]
2019-09-12 14:53:36,776 [grpc-default-executor-6] INFO  client.GrpcClientProtocolClient (GrpcClientProtocolClient.java:onNext(264)) - client-835E41B928D6->6dd5d97a-7455-476f-86d1-706748154c4a: receive RaftClientReply:client-835E41B928D6->6dd5d97a-7455-476f-86d1-706748154c4a@group-349356213E97, cid=1042, SUCCESS, logIndex=1419, commits[6dd5d97a-7455-476f-86d1-706748154c4a:c1420, 8c1a4ac2-2d71-4742-ab0b-89dcc95eb13f:c1418, c9d0001a-daad-4532-9e58-9f5f4a7ddd18:c1418]
2019-09-12 14:53:36,776 [grpc-default-executor-6] INFO  client.GrpcClientProtocolClient (GrpcClientProtocolClient.java:onNext(264)) - client-835E41B928D6->6dd5d97a-7455-476f-86d1-706748154c4a: receive RaftClientReply:client-835E41B928D6->6dd5d97a-7455-476f-86d1-706748154c4a@group-349356213E97, cid=1043, SUCCESS, logIndex=1420, commits[6dd5d97a-7455-476f-86d1-706748154c4a:c1420, 8c1a4ac2-2d71-4742-ab0b-89dcc95eb13f:c1418, c9d0001a-daad-4532-9e58-9f5f4a7ddd18:c1418]
2019-09-12 14:53:36,788 [grpc-default-executor-2] INFO  client.GrpcClientProtocolClient (GrpcClientProtocolClient.java:onNext(264)) - client-835E41B928D6->6dd5d97a-7455-476f-86d1-706748154c4a: receive RaftClientReply:client-835E41B928D6->6dd5d97a-7455-476f-86d1-706748154c4a@group-349356213E97, cid=1044, SUCCESS, logIndex=1423, commits[6dd5d97a-7455-476f-86d1-706748154c4a:c1424, 8c1a4ac2-2d71-4742-ab0b-89dcc95eb13f:c1420, c9d0001a-daad-4532-9e58-9f5f4a7ddd18:c1420]
2019-09-12 14:53:36,788 [grpc-default-executor-6] INFO  client.GrpcClientProtocolClient (GrpcClientProtocolClient.java:onNext(264)) - client-835E41B928D6->6dd5d97a-7455-476f-86d1-706748154c4a: receive RaftClientReply:client-835E41B928D6->6dd5d97a-7455-476f-86d1-706748154c4a@group-349356213E97, cid=1045, SUCCESS, logIndex=1424, commits[6dd5d97a-7455-476f-86d1-706748154c4a:c1424, 8c1a4ac2-2d71-4742-ab0b-89dcc95eb13f:c1420, c9d0001a-daad-4532-9e58-9f5f4a7ddd18:c1420]
2019-09-12 14:53:36,791 [grpc-default-executor-6] INFO  client.GrpcClientProtocolClient (GrpcClientProtocolClient.java:onNext(264)) - client-835E41B928D6->6dd5d97a-7455-476f-86d1-706748154c4a: receive RaftClientReply:client-835E41B928D6->6dd5d97a-7455-476f-86d1-706748154c4a@group-349356213E97, cid=1046, SUCCESS, logIndex=0, commits[6dd5d97a-7455-476f-86d1-706748154c4a:c1425, 8c1a4ac2-2d71-4742-ab0b-89dcc95eb13f:c1424, c9d0001a-daad-4532-9e58-9f5f4a7ddd18:c1424]
2019-09-12 14:53:36,802 [grpc-default-executor-6] INFO  client.GrpcClientProtocolClient (GrpcClientProtocolClient.java:onNext(264)) - client-835E41B928D6->6dd5d97a-7455-476f-86d1-706748154c4a: receive RaftClientReply:client-835E41B928D6->6dd5d97a-7455-476f-86d1-706748154c4a@group-349356213E97, cid=1047, SUCCESS, logIndex=1427, commits[6dd5d97a-7455-476f-86d1-706748154c4a:c1428, 8c1a4ac2-2d71-4742-ab0b-89dcc95eb13f:c1426, c9d0001a-daad-4532-9e58-9f5f4a7ddd18:c1426]
2019-09-12 14:53:36,802 [grpc-default-executor-7] INFO  client.GrpcClientProtocolClient (GrpcClientProtocolClient.java:onNext(264)) - client-835E41B928D6->6dd5d97a-7455-476f-86d1-706748154c4a: receive RaftClientReply:client-835E41B928D6->6dd5d97a-7455-476f-86d1-706748154c4a@group-349356213E97, cid=1048, SUCCESS, logIndex=1428, commits[6dd5d97a-7455-476f-86d1-706748154c4a:c1428, 8c1a4ac2-2d71-4742-ab0b-89dcc95eb13f:c1426, c9d0001a-daad-4532-9e58-9f5f4a7ddd18:c1426]
2019-09-12 14:53:36,803 [grpc-default-executor-7] INFO  client.GrpcClientProtocolClient (GrpcClientProtocolClient.java:onNext(264)) - client-835E41B928D6->6dd5d97a-7455-476f-86d1-706748154c4a: receive RaftClientReply:client-835E41B928D6->6dd5d97a-7455-476f-86d1-706748154c4a@group-349356213E97, cid=1049, SUCCESS, logIndex=1429, commits[6dd5d97a-7455-476f-86d1-706748154c4a:c1430, 8c1a4ac2-2d71-4742-ab0b-89dcc95eb13f:c1426, c9d0001a-daad-4532-9e58-9f5f4a7ddd18:c1426]
2019-09-12 14:53:36,803 [grpc-default-executor-7] INFO  client.GrpcClientProtocolClient (GrpcClientProtocolClient.java:onNext(264)) - client-835E41B928D6->6dd5d97a-7455-476f-86d1-706748154c4a: receive RaftClientReply:client-835E41B928D6->6dd5d97a-7455-476f-86d1-706748154c4a@group-349356213E97, cid=1050, SUCCESS, logIndex=1430, commits[6dd5d97a-7455-476f-86d1-706748154c4a:c1430, 8c1a4ac2-2d71-4742-ab0b-89dcc95eb13f:c1426, c9d0001a-daad-4532-9e58-9f5f4a7ddd18:c1426]
2019-09-12 14:53:36,804 [grpc-default-executor-6] INFO  client.GrpcClientProtocolClient (GrpcClientProtocolClient.java:onNext(264)) - client-835E41B928D6->6dd5d97a-7455-476f-86d1-706748154c4a: receive RaftClientReply:client-835E41B928D6->6dd5d97a-7455-476f-86d1-706748154c4a@group-349356213E97, cid=1051, SUCCESS, logIndex=0, commits[6dd5d97a-7455-476f-86d1-706748154c4a:c1432, 8c1a4ac2-2d71-4742-ab0b-89dcc95eb13f:c1428, c9d0001a-daad-4532-9e58-9f5f4a7ddd18:c1428]
2019-09-12 14:53:36,814 [grpc-default-executor-7] INFO  client.GrpcClientProtocolClient (GrpcClientProtocolClient.java:onNext(264)) - client-835E41B928D6->6dd5d97a-7455-476f-86d1-706748154c4a: receive RaftClientReply:client-835E41B928D6->6dd5d97a-7455-476f-86d1-706748154c4a@group-349356213E97, cid=1052, SUCCESS, logIndex=1435, commits[6dd5d97a-7455-476f-86d1-706748154c4a:c1436, 8c1a4ac2-2d71-4742-ab0b-89dcc95eb13f:c1430, c9d0001a-daad-4532-9e58-9f5f4a7ddd18:c1434]
2019-09-12 14:53:36,815 [grpc-default-executor-7] INFO  client.GrpcClientProtocolClient (GrpcClientProtocolClient.java:onNext(264)) - client-835E41B928D6->6dd5d97a-7455-476f-86d1-706748154c4a: receive RaftClientReply:client-835E41B928D6->6dd5d97a-7455-476f-86d1-706748154c4a@group-349356213E97, cid=1053, SUCCESS, logIndex=1436, commits[6dd5d97a-7455-476f-86d1-706748154c4a:c1436, 8c1a4ac2-2d71-4742-ab0b-89dcc95eb13f:c1434, c9d0001a-daad-4532-9e58-9f5f4a7ddd18:c1434]
2019-09-12 14:53:36,833 [grpc-default-executor-7] INFO  client.GrpcClientProtocolClient (GrpcClientProtocolClient.java:onNext(264)) - client-835E41B928D6->6dd5d97a-7455-476f-86d1-706748154c4a: receive RaftClientReply:client-835E41B928D6->6dd5d97a-7455-476f-86d1-706748154c4a@group-349356213E97, cid=1054, SUCCESS, logIndex=1438, commits[6dd5d97a-7455-476f-86d1-706748154c4a:c1439, 8c1a4ac2-2d71-4742-ab0b-89dcc95eb13f:c1437, c9d0001a-daad-4532-9e58-9f5f4a7ddd18:c1437]
2019-09-12 14:53:36,833 [grpc-default-executor-7] INFO  client.GrpcClientProtocolClient (GrpcClientProtocolClient.java:onNext(264)) - client-835E41B928D6->6dd5d97a-7455-476f-86d1-706748154c4a: receive RaftClientReply:client-835E41B928D6->6dd5d97a-7455-476f-86d1-706748154c4a@group-349356213E97, cid=1055, SUCCESS, logIndex=1439, commits[6dd5d97a-7455-476f-86d1-706748154c4a:c1439, 8c1a4ac2-2d71-4742-ab0b-89dcc95eb13f:c1437, c9d0001a-daad-4532-9e58-9f5f4a7ddd18:c1437]
2019-09-12 14:53:36,836 [grpc-default-executor-7] INFO  client.GrpcClientProtocolClient (GrpcClientProtocolClient.java:onNext(264)) - client-835E41B928D6->6dd5d97a-7455-476f-86d1-706748154c4a: receive RaftClientReply:client-835E41B928D6->6dd5d97a-7455-476f-86d1-706748154c4a@group-349356213E97, cid=1056, SUCCESS, logIndex=0, commits[6dd5d97a-7455-476f-86d1-706748154c4a:c1440, 8c1a4ac2-2d71-4742-ab0b-89dcc95eb13f:c1439, c9d0001a-daad-4532-9e58-9f5f4a7ddd18:c1439]
2019-09-12 14:53:36,863 [grpc-default-executor-6] INFO  client.GrpcClientProtocolClient (GrpcClientProtocolClient.java:onNext(264)) - client-835E41B928D6->6dd5d97a-7455-476f-86d1-706748154c4a: receive RaftClientReply:client-835E41B928D6->6dd5d97a-7455-476f-86d1-706748154c4a@group-349356213E97, cid=1057, SUCCESS, logIndex=1442, commits[6dd5d97a-7455-476f-86d1-706748154c4a:c1444, 8c1a4ac2-2d71-4742-ab0b-89dcc95eb13f:c1441, c9d0001a-daad-4532-9e58-9f5f4a7ddd18:c1441]
2019-09-12 14:53:36,864 [grpc-default-executor-6] INFO  client.GrpcClientProtocolClient (GrpcClientProtocolClient.java:onNext(264)) - client-835E41B928D6->6dd5d97a-7455-476f-86d1-706748154c4a: receive RaftClientReply:client-835E41B928D6->6dd5d97a-7455-476f-86d1-706748154c4a@group-349356213E97, cid=1058, SUCCESS, logIndex=1443, commits[6dd5d97a-7455-476f-86d1-706748154c4a:c1445, 8c1a4ac2-2d71-4742-ab0b-89dcc95eb13f:c1441, c9d0001a-daad-4532-9e58-9f5f4a7ddd18:c1441]
2019-09-12 14:53:36,864 [grpc-default-executor-6] INFO  client.GrpcClientProtocolClient (GrpcClientProtocolClient.java:onNext(264)) - client-835E41B928D6->6dd5d97a-7455-476f-86d1-706748154c4a: receive RaftClientReply:client-835E41B928D6->6dd5d97a-7455-476f-86d1-706748154c4a@group-349356213E97, cid=1059, SUCCESS, logIndex=1444, commits[6dd5d97a-7455-476f-86d1-706748154c4a:c1445, 8c1a4ac2-2d71-4742-ab0b-89dcc95eb13f:c1441, c9d0001a-daad-4532-9e58-9f5f4a7ddd18:c1441]
2019-09-12 14:53:36,864 [grpc-default-executor-6] INFO  client.GrpcClientProtocolClient (GrpcClientProtocolClient.java:onNext(264)) - client-835E41B928D6->6dd5d97a-7455-476f-86d1-706748154c4a: receive RaftClientReply:client-835E41B928D6->6dd5d97a-7455-476f-86d1-706748154c4a@group-349356213E97, cid=1060, SUCCESS, logIndex=1445, commits[6dd5d97a-7455-476f-86d1-706748154c4a:c1445, 8c1a4ac2-2d71-4742-ab0b-89dcc95eb13f:c1441, c9d0001a-daad-4532-9e58-9f5f4a7ddd18:c1441]
2019-09-12 14:53:36,865 [grpc-default-executor-6] INFO  client.GrpcClientProtocolClient (GrpcClientProtocolClient.java:onNext(264)) - client-835E41B928D6->6dd5d97a-7455-476f-86d1-706748154c4a: receive RaftClientReply:client-835E41B928D6->6dd5d97a-7455-476f-86d1-706748154c4a@group-349356213E97, cid=1061, SUCCESS, logIndex=0, commits[6dd5d97a-7455-476f-86d1-706748154c4a:c1446, 8c1a4ac2-2d71-4742-ab0b-89dcc95eb13f:c1443, c9d0001a-daad-4532-9e58-9f5f4a7ddd18:c1443]
2019-09-12 14:53:37,046 [grpc-default-executor-2] INFO  client.GrpcClientProtocolClient (GrpcClientProtocolClient.java:onNext(264)) - client-835E41B928D6->6dd5d97a-7455-476f-86d1-706748154c4a: receive RaftClientReply:client-835E41B928D6->6dd5d97a-7455-476f-86d1-706748154c4a@group-349356213E97, cid=1062, SUCCESS, logIndex=1450, commits[6dd5d97a-7455-476f-86d1-706748154c4a:c1451, 8c1a4ac2-2d71-4742-ab0b-89dcc95eb13f:c1449, c9d0001a-daad-4532-9e58-9f5f4a7ddd18:c1449]
2019-09-12 14:53:37,046 [grpc-default-executor-6] INFO  client.GrpcClientProtocolClient (GrpcClientProtocolClient.java:onNext(264)) - client-835E41B928D6->6dd5d97a-7455-476f-86d1-706748154c4a: receive RaftClientReply:client-835E41B928D6->6dd5d97a-7455-476f-86d1-706748154c4a@group-349356213E97, cid=1063, SUCCESS, logIndex=1451, commits[6dd5d97a-7455-476f-86d1-706748154c4a:c1451, 8c1a4ac2-2d71-4742-ab0b-89dcc95eb13f:c1449, c9d0001a-daad-4532-9e58-9f5f4a7ddd18:c1449]
2019-09-12 14:53:37,072 [grpc-default-executor-6] INFO  client.GrpcClientProtocolClient (GrpcClientProtocolClient.java:onNext(264)) - client-835E41B928D6->6dd5d97a-7455-476f-86d1-706748154c4a: receive RaftClientReply:client-835E41B928D6->6dd5d97a-7455-476f-86d1-706748154c4a@group-349356213E97, cid=1064, SUCCESS, logIndex=1454, commits[6dd5d97a-7455-476f-86d1-706748154c4a:c1455, 8c1a4ac2-2d71-4742-ab0b-89dcc95eb13f:c1451, c9d0001a-daad-4532-9e58-9f5f4a7ddd18:c1451]
2019-09-12 14:53:37,073 [grpc-default-executor-6] INFO  client.GrpcClientProtocolClient (GrpcClientProtocolClient.java:onNext(264)) - client-835E41B928D6->6dd5d97a-7455-476f-86d1-706748154c4a: receive RaftClientReply:client-835E41B928D6->6dd5d97a-7455-476f-86d1-706748154c4a@group-349356213E97, cid=1065, SUCCESS, logIndex=1455, commits[6dd5d97a-7455-476f-86d1-706748154c4a:c1455, 8c1a4ac2-2d71-4742-ab0b-89dcc95eb13f:c1451, c9d0001a-daad-4532-9e58-9f5f4a7ddd18:c1451]
2019-09-12 14:53:37,084 [grpc-default-executor-6] INFO  client.GrpcClientProtocolClient (GrpcClientProtocolClient.java:onNext(264)) - client-835E41B928D6->6dd5d97a-7455-476f-86d1-706748154c4a: receive RaftClientReply:client-835E41B928D6->6dd5d97a-7455-476f-86d1-706748154c4a@group-349356213E97, cid=1066, SUCCESS, logIndex=0, commits[6dd5d97a-7455-476f-86d1-706748154c4a:c1456, 8c1a4ac2-2d71-4742-ab0b-89dcc95eb13f:c1455, c9d0001a-daad-4532-9e58-9f5f4a7ddd18:c1455]
2019-09-12 14:53:37,108 [grpc-default-executor-7] INFO  client.GrpcClientProtocolClient (GrpcClientProtocolClient.java:onNext(264)) - client-835E41B928D6->6dd5d97a-7455-476f-86d1-706748154c4a: receive RaftClientReply:client-835E41B928D6->6dd5d97a-7455-476f-86d1-706748154c4a@group-349356213E97, cid=1067, SUCCESS, logIndex=1458, commits[6dd5d97a-7455-476f-86d1-706748154c4a:c1459, 8c1a4ac2-2d71-4742-ab0b-89dcc95eb13f:c1457, c9d0001a-daad-4532-9e58-9f5f4a7ddd18:c1457]
2019-09-12 14:53:37,109 [grpc-default-executor-6] INFO  client.GrpcClientProtocolClient (GrpcClientProtocolClient.java:onNext(264)) - client-835E41B928D6->6dd5d97a-7455-476f-86d1-706748154c4a: receive RaftClientReply:client-835E41B928D6->6dd5d97a-7455-476f-86d1-706748154c4a@group-349356213E97, cid=1068, SUCCESS, logIndex=1459, commits[6dd5d97a-7455-476f-86d1-706748154c4a:c1461, 8c1a4ac2-2d71-4742-ab0b-89dcc95eb13f:c1457, c9d0001a-daad-4532-9e58-9f5f4a7ddd18:c1457]
2019-09-12 14:53:37,110 [grpc-default-executor-6] INFO  client.GrpcClientProtocolClient (GrpcClientProtocolClient.java:onNext(264)) - client-835E41B928D6->6dd5d97a-7455-476f-86d1-706748154c4a: receive RaftClientReply:client-835E41B928D6->6dd5d97a-7455-476f-86d1-706748154c4a@group-349356213E97, cid=1069, SUCCESS, logIndex=1460, commits[6dd5d97a-7455-476f-86d1-706748154c4a:c1461, 8c1a4ac2-2d71-4742-ab0b-89dcc95eb13f:c1457, c9d0001a-daad-4532-9e58-9f5f4a7ddd18:c1457]
2019-09-12 14:53:37,110 [grpc-default-executor-6] INFO  client.GrpcClientProtocolClient (GrpcClientProtocolClient.java:onNext(264)) - client-835E41B928D6->6dd5d97a-7455-476f-86d1-706748154c4a: receive RaftClientReply:client-835E41B928D6->6dd5d97a-7455-476f-86d1-706748154c4a@group-349356213E97, cid=1070, SUCCESS, logIndex=1461, commits[6dd5d97a-7455-476f-86d1-706748154c4a:c1461, 8c1a4ac2-2d71-4742-ab0b-89dcc95eb13f:c1457, c9d0001a-daad-4532-9e58-9f5f4a7ddd18:c1457]
2019-09-12 14:53:37,111 [grpc-default-executor-6] INFO  client.GrpcClientProtocolClient (GrpcClientProtocolClient.java:onNext(264)) - client-835E41B928D6->6dd5d97a-7455-476f-86d1-706748154c4a: receive RaftClientReply:client-835E41B928D6->6dd5d97a-7455-476f-86d1-706748154c4a@group-349356213E97, cid=1071, SUCCESS, logIndex=0, commits[6dd5d97a-7455-476f-86d1-706748154c4a:c1464, 8c1a4ac2-2d71-4742-ab0b-89dcc95eb13f:c1461, c9d0001a-daad-4532-9e58-9f5f4a7ddd18:c1461]
2019-09-12 14:53:37,138 [grpc-default-executor-6] INFO  client.GrpcClientProtocolClient (GrpcClientProtocolClient.java:onNext(264)) - client-835E41B928D6->6dd5d97a-7455-476f-86d1-706748154c4a: receive RaftClientReply:client-835E41B928D6->6dd5d97a-7455-476f-86d1-706748154c4a@group-349356213E97, cid=1072, SUCCESS, logIndex=1465, commits[6dd5d97a-7455-476f-86d1-706748154c4a:c1466, 8c1a4ac2-2d71-4742-ab0b-89dcc95eb13f:c1464, c9d0001a-daad-4532-9e58-9f5f4a7ddd18:c1464]
2019-09-12 14:53:37,138 [grpc-default-executor-6] INFO  client.GrpcClientProtocolClient (GrpcClientProtocolClient.java:onNext(264)) - client-835E41B928D6->6dd5d97a-7455-476f-86d1-706748154c4a: receive RaftClientReply:client-835E41B928D6->6dd5d97a-7455-476f-86d1-706748154c4a@group-349356213E97, cid=1073, SUCCESS, logIndex=1466, commits[6dd5d97a-7455-476f-86d1-706748154c4a:c1466, 8c1a4ac2-2d71-4742-ab0b-89dcc95eb13f:c1464, c9d0001a-daad-4532-9e58-9f5f4a7ddd18:c1464]
2019-09-12 14:53:37,152 [grpc-default-executor-7] INFO  client.GrpcClientProtocolClient (GrpcClientProtocolClient.java:onNext(264)) - client-835E41B928D6->6dd5d97a-7455-476f-86d1-706748154c4a: receive RaftClientReply:client-835E41B928D6->6dd5d97a-7455-476f-86d1-706748154c4a@group-349356213E97, cid=1074, SUCCESS, logIndex=1469, commits[6dd5d97a-7455-476f-86d1-706748154c4a:c1470, 8c1a4ac2-2d71-4742-ab0b-89dcc95eb13f:c1466, c9d0001a-daad-4532-9e58-9f5f4a7ddd18:c1465]
2019-09-12 14:53:37,153 [grpc-default-executor-7] INFO  client.GrpcClientProtocolClient (GrpcClientProtocolClient.java:onNext(264)) - client-835E41B928D6->6dd5d97a-7455-476f-86d1-706748154c4a: receive RaftClientReply:client-835E41B928D6->6dd5d97a-7455-476f-86d1-706748154c4a@group-349356213E97, cid=1075, SUCCESS, logIndex=1470, commits[6dd5d97a-7455-476f-86d1-706748154c4a:c1470, 8c1a4ac2-2d71-4742-ab0b-89dcc95eb13f:c1466, c9d0001a-daad-4532-9e58-9f5f4a7ddd18:c1466]
2019-09-12 14:53:37,164 [grpc-default-executor-7] INFO  client.GrpcClientProtocolClient (GrpcClientProtocolClient.java:onNext(264)) - client-835E41B928D6->6dd5d97a-7455-476f-86d1-706748154c4a: receive RaftClientReply:client-835E41B928D6->6dd5d97a-7455-476f-86d1-706748154c4a@group-349356213E97, cid=1076, SUCCESS, logIndex=0, commits[6dd5d97a-7455-476f-86d1-706748154c4a:c1471, 8c1a4ac2-2d71-4742-ab0b-89dcc95eb13f:c1470, c9d0001a-daad-4532-9e58-9f5f4a7ddd18:c1470]
2019-09-12 14:53:37,186 [grpc-default-executor-2] INFO  client.GrpcClientProtocolClient (GrpcClientProtocolClient.java:onNext(264)) - client-835E41B928D6->6dd5d97a-7455-476f-86d1-706748154c4a: receive RaftClientReply:client-835E41B928D6->6dd5d97a-7455-476f-86d1-706748154c4a@group-349356213E97, cid=1077, SUCCESS, logIndex=1473, commits[6dd5d97a-7455-476f-86d1-706748154c4a:c1474, 8c1a4ac2-2d71-4742-ab0b-89dcc95eb13f:c1472, c9d0001a-daad-4532-9e58-9f5f4a7ddd18:c1470]
2019-09-12 14:53:37,187 [grpc-default-executor-2] INFO  client.GrpcClientProtocolClient (GrpcClientProtocolClient.java:onNext(264)) - client-835E41B928D6->6dd5d97a-7455-476f-86d1-706748154c4a: receive RaftClientReply:client-835E41B928D6->6dd5d97a-7455-476f-86d1-706748154c4a@group-349356213E97, cid=1078, SUCCESS, logIndex=1474, commits[6dd5d97a-7455-476f-86d1-706748154c4a:c1476, 8c1a4ac2-2d71-4742-ab0b-89dcc95eb13f:c1472, c9d0001a-daad-4532-9e58-9f5f4a7ddd18:c1472]
2019-09-12 14:53:37,187 [grpc-default-executor-2] INFO  client.GrpcClientProtocolClient (GrpcClientProtocolClient.java:onNext(264)) - client-835E41B928D6->6dd5d97a-7455-476f-86d1-706748154c4a: receive RaftClientReply:client-835E41B928D6->6dd5d97a-7455-476f-86d1-706748154c4a@group-349356213E97, cid=1079, SUCCESS, logIndex=1475, commits[6dd5d97a-7455-476f-86d1-706748154c4a:c1476, 8c1a4ac2-2d71-4742-ab0b-89dcc95eb13f:c1472, c9d0001a-daad-4532-9e58-9f5f4a7ddd18:c1472]
2019-09-12 14:53:37,187 [grpc-default-executor-2] INFO  client.GrpcClientProtocolClient (GrpcClientProtocolClient.java:onNext(264)) - client-835E41B928D6->6dd5d97a-7455-476f-86d1-706748154c4a: receive RaftClientReply:client-835E41B928D6->6dd5d97a-7455-476f-86d1-706748154c4a@group-349356213E97, cid=1080, SUCCESS, logIndex=1476, commits[6dd5d97a-7455-476f-86d1-706748154c4a:c1476, 8c1a4ac2-2d71-4742-ab0b-89dcc95eb13f:c1472, c9d0001a-daad-4532-9e58-9f5f4a7ddd18:c1472]
2019-09-12 14:53:37,188 [grpc-default-executor-2] INFO  client.GrpcClientProtocolClient (GrpcClientProtocolClient.java:onNext(264)) - client-835E41B928D6->6dd5d97a-7455-476f-86d1-706748154c4a: receive RaftClientReply:client-835E41B928D6->6dd5d97a-7455-476f-86d1-706748154c4a@group-349356213E97, cid=1081, SUCCESS, logIndex=0, commits[6dd5d97a-7455-476f-86d1-706748154c4a:c1480, 8c1a4ac2-2d71-4742-ab0b-89dcc95eb13f:c1476, c9d0001a-daad-4532-9e58-9f5f4a7ddd18:c1476]
2019-09-12 14:53:37,210 [grpc-default-executor-6] INFO  client.GrpcClientProtocolClient (GrpcClientProtocolClient.java:onNext(264)) - client-835E41B928D6->6dd5d97a-7455-476f-86d1-706748154c4a: receive RaftClientReply:client-835E41B928D6->6dd5d97a-7455-476f-86d1-706748154c4a@group-349356213E97, cid=1082, SUCCESS, logIndex=1481, commits[6dd5d97a-7455-476f-86d1-706748154c4a:c1482, 8c1a4ac2-2d71-4742-ab0b-89dcc95eb13f:c1480, c9d0001a-daad-4532-9e58-9f5f4a7ddd18:c1480]
2019-09-12 14:53:37,210 [grpc-default-executor-6] INFO  client.GrpcClientProtocolClient (GrpcClientProtocolClient.java:onNext(264)) - client-835E41B928D6->6dd5d97a-7455-476f-86d1-706748154c4a: receive RaftClientReply:client-835E41B928D6->6dd5d97a-7455-476f-86d1-706748154c4a@group-349356213E97, cid=1083, SUCCESS, logIndex=1482, commits[6dd5d97a-7455-476f-86d1-706748154c4a:c1482, 8c1a4ac2-2d71-4742-ab0b-89dcc95eb13f:c1480, c9d0001a-daad-4532-9e58-9f5f4a7ddd18:c1480]
2019-09-12 14:53:37,227 [grpc-default-executor-7] INFO  client.GrpcClientProtocolClient (GrpcClientProtocolClient.java:onNext(264)) - client-835E41B928D6->6dd5d97a-7455-476f-86d1-706748154c4a: receive RaftClientReply:client-835E41B928D6->6dd5d97a-7455-476f-86d1-706748154c4a@group-349356213E97, cid=1084, SUCCESS, logIndex=1484, commits[6dd5d97a-7455-476f-86d1-706748154c4a:c1485, 8c1a4ac2-2d71-4742-ab0b-89dcc95eb13f:c1482, c9d0001a-daad-4532-9e58-9f5f4a7ddd18:c1482]
2019-09-12 14:53:37,229 [grpc-default-executor-7] INFO  client.GrpcClientProtocolClient (GrpcClientProtocolClient.java:onNext(264)) - client-835E41B928D6->6dd5d97a-7455-476f-86d1-706748154c4a: receive RaftClientReply:client-835E41B928D6->6dd5d97a-7455-476f-86d1-706748154c4a@group-349356213E97, cid=1085, SUCCESS, logIndex=1485, commits[6dd5d97a-7455-476f-86d1-706748154c4a:c1485, 8c1a4ac2-2d71-4742-ab0b-89dcc95eb13f:c1482, c9d0001a-daad-4532-9e58-9f5f4a7ddd18:c1482]
2019-09-12 14:53:37,230 [grpc-default-executor-6] INFO  client.GrpcClientProtocolClient (GrpcClientProtocolClient.java:onNext(264)) - client-835E41B928D6->6dd5d97a-7455-476f-86d1-706748154c4a: receive RaftClientReply:client-835E41B928D6->6dd5d97a-7455-476f-86d1-706748154c4a@group-349356213E97, cid=1086, SUCCESS, logIndex=0, commits[6dd5d97a-7455-476f-86d1-706748154c4a:c1487, 8c1a4ac2-2d71-4742-ab0b-89dcc95eb13f:c1485, c9d0001a-daad-4532-9e58-9f5f4a7ddd18:c1485]
2019-09-12 14:53:37,251 [grpc-default-executor-2] INFO  client.GrpcClientProtocolClient (GrpcClientProtocolClient.java:onNext(264)) - client-835E41B928D6->6dd5d97a-7455-476f-86d1-706748154c4a: receive RaftClientReply:client-835E41B928D6->6dd5d97a-7455-476f-86d1-706748154c4a@group-349356213E97, cid=1087, SUCCESS, logIndex=1488, commits[6dd5d97a-7455-476f-86d1-706748154c4a:c1489, 8c1a4ac2-2d71-4742-ab0b-89dcc95eb13f:c1487, c9d0001a-daad-4532-9e58-9f5f4a7ddd18:c1487]
2019-09-12 14:53:37,252 [grpc-default-executor-2] INFO  client.GrpcClientProtocolClient (GrpcClientProtocolClient.java:onNext(264)) - client-835E41B928D6->6dd5d97a-7455-476f-86d1-706748154c4a: receive RaftClientReply:client-835E41B928D6->6dd5d97a-7455-476f-86d1-706748154c4a@group-349356213E97, cid=1088, SUCCESS, logIndex=1489, commits[6dd5d97a-7455-476f-86d1-706748154c4a:c1489, 8c1a4ac2-2d71-4742-ab0b-89dcc95eb13f:c1487, c9d0001a-daad-4532-9e58-9f5f4a7ddd18:c1487]
2019-09-12 14:53:37,252 [grpc-default-executor-2] INFO  client.GrpcClientProtocolClient (GrpcClientProtocolClient.java:onNext(264)) - client-835E41B928D6->6dd5d97a-7455-476f-86d1-706748154c4a: receive RaftClientReply:client-835E41B928D6->6dd5d97a-7455-476f-86d1-706748154c4a@group-349356213E97, cid=1089, SUCCESS, logIndex=1490, commits[6dd5d97a-7455-476f-86d1-706748154c4a:c1490, 8c1a4ac2-2d71-4742-ab0b-89dcc95eb13f:c1487, c9d0001a-daad-4532-9e58-9f5f4a7ddd18:c1487]
2019-09-12 14:53:37,253 [grpc-default-executor-2] INFO  client.GrpcClientProtocolClient (GrpcClientProtocolClient.java:onNext(264)) - client-835E41B928D6->6dd5d97a-7455-476f-86d1-706748154c4a: receive RaftClientReply:client-835E41B928D6->6dd5d97a-7455-476f-86d1-706748154c4a@group-349356213E97, cid=1090, SUCCESS, logIndex=1491, commits[6dd5d97a-7455-476f-86d1-706748154c4a:c1491, 8c1a4ac2-2d71-4742-ab0b-89dcc95eb13f:c1487, c9d0001a-daad-4532-9e58-9f5f4a7ddd18:c1487]
2019-09-12 14:53:37,255 [grpc-default-executor-2] INFO  client.GrpcClientProtocolClient (GrpcClientProtocolClient.java:onNext(264)) - client-835E41B928D6->6dd5d97a-7455-476f-86d1-706748154c4a: receive RaftClientReply:client-835E41B928D6->6dd5d97a-7455-476f-86d1-706748154c4a@group-349356213E97, cid=1091, SUCCESS, logIndex=0, commits[6dd5d97a-7455-476f-86d1-706748154c4a:c1493, 8c1a4ac2-2d71-4742-ab0b-89dcc95eb13f:c1489, c9d0001a-daad-4532-9e58-9f5f4a7ddd18:c1489]
2019-09-12 14:53:37,276 [grpc-default-executor-7] INFO  client.GrpcClientProtocolClient (GrpcClientProtocolClient.java:onNext(264)) - client-835E41B928D6->6dd5d97a-7455-476f-86d1-706748154c4a: receive RaftClientReply:client-835E41B928D6->6dd5d97a-7455-476f-86d1-706748154c4a@group-349356213E97, cid=1092, SUCCESS, logIndex=1496, commits[6dd5d97a-7455-476f-86d1-706748154c4a:c1497, 8c1a4ac2-2d71-4742-ab0b-89dcc95eb13f:c1495, c9d0001a-daad-4532-9e58-9f5f4a7ddd18:c1495]
2019-09-12 14:53:37,276 [grpc-default-executor-7] INFO  client.GrpcClientProtocolClient (GrpcClientProtocolClient.java:onNext(264)) - client-835E41B928D6->6dd5d97a-7455-476f-86d1-706748154c4a: receive RaftClientReply:client-835E41B928D6->6dd5d97a-7455-476f-86d1-706748154c4a@group-349356213E97, cid=1093, SUCCESS, logIndex=1497, commits[6dd5d97a-7455-476f-86d1-706748154c4a:c1497, 8c1a4ac2-2d71-4742-ab0b-89dcc95eb13f:c1495, c9d0001a-daad-4532-9e58-9f5f4a7ddd18:c1495]
2019-09-12 14:53:37,289 [grpc-default-executor-7] INFO  client.GrpcClientProtocolClient (GrpcClientProtocolClient.java:onNext(264)) - client-835E41B928D6->6dd5d97a-7455-476f-86d1-706748154c4a: receive RaftClientReply:client-835E41B928D6->6dd5d97a-7455-476f-86d1-706748154c4a@group-349356213E97, cid=1094, SUCCESS, logIndex=1500, commits[6dd5d97a-7455-476f-86d1-706748154c4a:c1501, 8c1a4ac2-2d71-4742-ab0b-89dcc95eb13f:c1497, c9d0001a-daad-4532-9e58-9f5f4a7ddd18:c1497]
2019-09-12 14:53:37,289 [grpc-default-executor-7] INFO  client.GrpcClientProtocolClient (GrpcClientProtocolClient.java:onNext(264)) - client-835E41B928D6->6dd5d97a-7455-476f-86d1-706748154c4a: receive RaftClientReply:client-835E41B928D6->6dd5d97a-7455-476f-86d1-706748154c4a@group-349356213E97, cid=1095, SUCCESS, logIndex=1501, commits[6dd5d97a-7455-476f-86d1-706748154c4a:c1501, 8c1a4ac2-2d71-4742-ab0b-89dcc95eb13f:c1497, c9d0001a-daad-4532-9e58-9f5f4a7ddd18:c1497]
2019-09-12 14:53:37,301 [grpc-default-executor-7] INFO  client.GrpcClientProtocolClient (GrpcClientProtocolClient.java:onNext(264)) - client-835E41B928D6->6dd5d97a-7455-476f-86d1-706748154c4a: receive RaftClientReply:client-835E41B928D6->6dd5d97a-7455-476f-86d1-706748154c4a@group-349356213E97, cid=1096, SUCCESS, logIndex=0, commits[6dd5d97a-7455-476f-86d1-706748154c4a:c1502, 8c1a4ac2-2d71-4742-ab0b-89dcc95eb13f:c1501, c9d0001a-daad-4532-9e58-9f5f4a7ddd18:c1501]
2019-09-12 14:53:37,320 [grpc-default-executor-6] INFO  client.GrpcClientProtocolClient (GrpcClientProtocolClient.java:onNext(264)) - client-835E41B928D6->6dd5d97a-7455-476f-86d1-706748154c4a: receive RaftClientReply:client-835E41B928D6->6dd5d97a-7455-476f-86d1-706748154c4a@group-349356213E97, cid=1097, SUCCESS, logIndex=1504, commits[6dd5d97a-7455-476f-86d1-706748154c4a:c1504, 8c1a4ac2-2d71-4742-ab0b-89dcc95eb13f:c1503, c9d0001a-daad-4532-9e58-9f5f4a7ddd18:c1503]
2019-09-12 14:53:37,321 [grpc-default-executor-6] INFO  client.GrpcClientProtocolClient (GrpcClientProtocolClient.java:onNext(264)) - client-835E41B928D6->6dd5d97a-7455-476f-86d1-706748154c4a: receive RaftClientReply:client-835E41B928D6->6dd5d97a-7455-476f-86d1-706748154c4a@group-349356213E97, cid=1098, SUCCESS, logIndex=1505, commits[6dd5d97a-7455-476f-86d1-706748154c4a:c1505, 8c1a4ac2-2d71-4742-ab0b-89dcc95eb13f:c1503, c9d0001a-daad-4532-9e58-9f5f4a7ddd18:c1503]
2019-09-12 14:53:37,322 [grpc-default-executor-6] INFO  client.GrpcClientProtocolClient (GrpcClientProtocolClient.java:onNext(264)) - client-835E41B928D6->6dd5d97a-7455-476f-86d1-706748154c4a: receive RaftClientReply:client-835E41B928D6->6dd5d97a-7455-476f-86d1-706748154c4a@group-349356213E97, cid=1099, SUCCESS, logIndex=1506, commits[6dd5d97a-7455-476f-86d1-706748154c4a:c1507, 8c1a4ac2-2d71-4742-ab0b-89dcc95eb13f:c1503, c9d0001a-daad-4532-9e58-9f5f4a7ddd18:c1503]
2019-09-12 14:53:37,322 [grpc-default-executor-6] INFO  client.GrpcClientProtocolClient (GrpcClientProtocolClient.java:onNext(264)) - client-835E41B928D6->6dd5d97a-7455-476f-86d1-706748154c4a: receive RaftClientReply:client-835E41B928D6->6dd5d97a-7455-476f-86d1-706748154c4a@group-349356213E97, cid=1100, SUCCESS, logIndex=1507, commits[6dd5d97a-7455-476f-86d1-706748154c4a:c1507, 8c1a4ac2-2d71-4742-ab0b-89dcc95eb13f:c1503, c9d0001a-daad-4532-9e58-9f5f4a7ddd18:c1503]
2019-09-12 14:53:37,324 [grpc-default-executor-2] INFO  client.GrpcClientProtocolClient (GrpcClientProtocolClient.java:onNext(264)) - client-835E41B928D6->6dd5d97a-7455-476f-86d1-706748154c4a: receive RaftClientReply:client-835E41B928D6->6dd5d97a-7455-476f-86d1-706748154c4a@group-349356213E97, cid=1101, SUCCESS, logIndex=0, commits[6dd5d97a-7455-476f-86d1-706748154c4a:c1509, 8c1a4ac2-2d71-4742-ab0b-89dcc95eb13f:c1507, c9d0001a-daad-4532-9e58-9f5f4a7ddd18:c1505]
2019-09-12 14:53:37,336 [grpc-default-executor-7] INFO  client.GrpcClientProtocolClient (GrpcClientProtocolClient.java:onNext(264)) - client-835E41B928D6->6dd5d97a-7455-476f-86d1-706748154c4a: receive RaftClientReply:client-835E41B928D6->6dd5d97a-7455-476f-86d1-706748154c4a@group-349356213E97, cid=1102, SUCCESS, logIndex=1512, commits[6dd5d97a-7455-476f-86d1-706748154c4a:c1513, 8c1a4ac2-2d71-4742-ab0b-89dcc95eb13f:c1511, c9d0001a-daad-4532-9e58-9f5f4a7ddd18:c1507]
2019-09-12 14:53:37,337 [grpc-default-executor-7] INFO  client.GrpcClientProtocolClient (GrpcClientProtocolClient.java:onNext(264)) - client-835E41B928D6->6dd5d97a-7455-476f-86d1-706748154c4a: receive RaftClientReply:client-835E41B928D6->6dd5d97a-7455-476f-86d1-706748154c4a@group-349356213E97, cid=1103, SUCCESS, logIndex=1513, commits[6dd5d97a-7455-476f-86d1-706748154c4a:c1513, 8c1a4ac2-2d71-4742-ab0b-89dcc95eb13f:c1511, c9d0001a-daad-4532-9e58-9f5f4a7ddd18:c1511]
2019-09-12 14:53:37,349 [grpc-default-executor-2] INFO  client.GrpcClientProtocolClient (GrpcClientProtocolClient.java:onNext(264)) - client-835E41B928D6->6dd5d97a-7455-476f-86d1-706748154c4a: receive RaftClientReply:client-835E41B928D6->6dd5d97a-7455-476f-86d1-706748154c4a@group-349356213E97, cid=1104, SUCCESS, logIndex=1516, commits[6dd5d97a-7455-476f-86d1-706748154c4a:c1517, 8c1a4ac2-2d71-4742-ab0b-89dcc95eb13f:c1513, c9d0001a-daad-4532-9e58-9f5f4a7ddd18:c1515]
2019-09-12 14:53:37,349 [grpc-default-executor-2] INFO  client.GrpcClientProtocolClient (GrpcClientProtocolClient.java:onNext(264)) - client-835E41B928D6->6dd5d97a-7455-476f-86d1-706748154c4a: receive RaftClientReply:client-835E41B928D6->6dd5d97a-7455-476f-86d1-706748154c4a@group-349356213E97, cid=1105, SUCCESS, logIndex=1517, commits[6dd5d97a-7455-476f-86d1-706748154c4a:c1517, 8c1a4ac2-2d71-4742-ab0b-89dcc95eb13f:c1515, c9d0001a-daad-4532-9e58-9f5f4a7ddd18:c1515]
2019-09-12 14:53:37,353 [grpc-default-executor-2] INFO  client.GrpcClientProtocolClient (GrpcClientProtocolClient.java:onNext(264)) - client-835E41B928D6->6dd5d97a-7455-476f-86d1-706748154c4a: receive RaftClientReply:client-835E41B928D6->6dd5d97a-7455-476f-86d1-706748154c4a@group-349356213E97, cid=1106, SUCCESS, logIndex=0, commits[6dd5d97a-7455-476f-86d1-706748154c4a:c1519, 8c1a4ac2-2d71-4742-ab0b-89dcc95eb13f:c1517, c9d0001a-daad-4532-9e58-9f5f4a7ddd18:c1517]
2019-09-12 14:53:37,367 [grpc-default-executor-7] INFO  client.GrpcClientProtocolClient (GrpcClientProtocolClient.java:onNext(264)) - client-835E41B928D6->6dd5d97a-7455-476f-86d1-706748154c4a: receive RaftClientReply:client-835E41B928D6->6dd5d97a-7455-476f-86d1-706748154c4a@group-349356213E97, cid=1107, SUCCESS, logIndex=1520, commits[6dd5d97a-7455-476f-86d1-706748154c4a:c1523, 8c1a4ac2-2d71-4742-ab0b-89dcc95eb13f:c1519, c9d0001a-daad-4532-9e58-9f5f4a7ddd18:c1517]
2019-09-12 14:53:37,368 [grpc-default-executor-7] INFO  client.GrpcClientProtocolClient (GrpcClientProtocolClient.java:onNext(264)) - client-835E41B928D6->6dd5d97a-7455-476f-86d1-706748154c4a: receive RaftClientReply:client-835E41B928D6->6dd5d97a-7455-476f-86d1-706748154c4a@group-349356213E97, cid=1108, SUCCESS, logIndex=1521, commits[6dd5d97a-7455-476f-86d1-706748154c4a:c1523, 8c1a4ac2-2d71-4742-ab0b-89dcc95eb13f:c1519, c9d0001a-daad-4532-9e58-9f5f4a7ddd18:c1519]
2019-09-12 14:53:37,368 [grpc-default-executor-7] INFO  client.GrpcClientProtocolClient (GrpcClientProtocolClient.java:onNext(264)) - client-835E41B928D6->6dd5d97a-7455-476f-86d1-706748154c4a: receive RaftClientReply:client-835E41B928D6->6dd5d97a-7455-476f-86d1-706748154c4a@group-349356213E97, cid=1109, SUCCESS, logIndex=1522, commits[6dd5d97a-7455-476f-86d1-706748154c4a:c1523, 8c1a4ac2-2d71-4742-ab0b-89dcc95eb13f:c1519, c9d0001a-daad-4532-9e58-9f5f4a7ddd18:c1519]
2019-09-12 14:53:37,368 [grpc-default-executor-7] INFO  client.GrpcClientProtocolClient (GrpcClientProtocolClient.java:onNext(264)) - client-835E41B928D6->6dd5d97a-7455-476f-86d1-706748154c4a: receive RaftClientReply:client-835E41B928D6->6dd5d97a-7455-476f-86d1-706748154c4a@group-349356213E97, cid=1110, SUCCESS, logIndex=1523, commits[6dd5d97a-7455-476f-86d1-706748154c4a:c1523, 8c1a4ac2-2d71-4742-ab0b-89dcc95eb13f:c1519, c9d0001a-daad-4532-9e58-9f5f4a7ddd18:c1519]
2019-09-12 14:53:37,371 [grpc-default-executor-2] INFO  client.GrpcClientProtocolClient (GrpcClientProtocolClient.java:onNext(264)) - client-835E41B928D6->6dd5d97a-7455-476f-86d1-706748154c4a: receive RaftClientReply:client-835E41B928D6->6dd5d97a-7455-476f-86d1-706748154c4a@group-349356213E97, cid=1111, SUCCESS, logIndex=0, commits[6dd5d97a-7455-476f-86d1-706748154c4a:c1524, 8c1a4ac2-2d71-4742-ab0b-89dcc95eb13f:c1523, c9d0001a-daad-4532-9e58-9f5f4a7ddd18:c1523]
2019-09-12 14:53:37,383 [grpc-default-executor-2] INFO  client.GrpcClientProtocolClient (GrpcClientProtocolClient.java:onNext(264)) - client-835E41B928D6->6dd5d97a-7455-476f-86d1-706748154c4a: receive RaftClientReply:client-835E41B928D6->6dd5d97a-7455-476f-86d1-706748154c4a@group-349356213E97, cid=1112, SUCCESS, logIndex=1526, commits[6dd5d97a-7455-476f-86d1-706748154c4a:c1527, 8c1a4ac2-2d71-4742-ab0b-89dcc95eb13f:c1525, c9d0001a-daad-4532-9e58-9f5f4a7ddd18:c1525]
2019-09-12 14:53:37,383 [grpc-default-executor-2] INFO  client.GrpcClientProtocolClient (GrpcClientProtocolClient.java:onNext(264)) - client-835E41B928D6->6dd5d97a-7455-476f-86d1-706748154c4a: receive RaftClientReply:client-835E41B928D6->6dd5d97a-7455-476f-86d1-706748154c4a@group-349356213E97, cid=1113, SUCCESS, logIndex=1527, commits[6dd5d97a-7455-476f-86d1-706748154c4a:c1527, 8c1a4ac2-2d71-4742-ab0b-89dcc95eb13f:c1525, c9d0001a-daad-4532-9e58-9f5f4a7ddd18:c1525]
2019-09-12 14:53:37,395 [grpc-default-executor-6] INFO  client.GrpcClientProtocolClient (GrpcClientProtocolClient.java:onNext(264)) - client-835E41B928D6->6dd5d97a-7455-476f-86d1-706748154c4a: receive RaftClientReply:client-835E41B928D6->6dd5d97a-7455-476f-86d1-706748154c4a@group-349356213E97, cid=1114, SUCCESS, logIndex=1530, commits[6dd5d97a-7455-476f-86d1-706748154c4a:c1531, 8c1a4ac2-2d71-4742-ab0b-89dcc95eb13f:c1529, c9d0001a-daad-4532-9e58-9f5f4a7ddd18:c1529]
2019-09-12 14:53:37,395 [grpc-default-executor-6] INFO  client.GrpcClientProtocolClient (GrpcClientProtocolClient.java:onNext(264)) - client-835E41B928D6->6dd5d97a-7455-476f-86d1-706748154c4a: receive RaftClientReply:client-835E41B928D6->6dd5d97a-7455-476f-86d1-706748154c4a@group-349356213E97, cid=1115, SUCCESS, logIndex=1531, commits[6dd5d97a-7455-476f-86d1-706748154c4a:c1531, 8c1a4ac2-2d71-4742-ab0b-89dcc95eb13f:c1529, c9d0001a-daad-4532-9e58-9f5f4a7ddd18:c1529]
2019-09-12 14:53:37,398 [grpc-default-executor-2] INFO  client.GrpcClientProtocolClient (GrpcClientProtocolClient.java:onNext(264)) - client-835E41B928D6->6dd5d97a-7455-476f-86d1-706748154c4a: receive RaftClientReply:client-835E41B928D6->6dd5d97a-7455-476f-86d1-706748154c4a@group-349356213E97, cid=1116, SUCCESS, logIndex=0, commits[6dd5d97a-7455-476f-86d1-706748154c4a:c1532, 8c1a4ac2-2d71-4742-ab0b-89dcc95eb13f:c1531, c9d0001a-daad-4532-9e58-9f5f4a7ddd18:c1531]
 0.00% |█                                                                                                    |  0/1 Time: 0:00:052019-09-12 14:53:37,432 [grpc-default-executor-7] INFO  client.GrpcClientProtocolClient (GrpcClientProtocolClient.java:onNext(264)) - client-835E41B928D6->6dd5d97a-7455-476f-86d1-706748154c4a: receive RaftClientReply:client-835E41B928D6->6dd5d97a-7455-476f-86d1-706748154c4a@group-349356213E97, cid=1117, SUCCESS, logIndex=1534, commits[6dd5d97a-7455-476f-86d1-706748154c4a:c1535, 8c1a4ac2-2d71-4742-ab0b-89dcc95eb13f:c1533, c9d0001a-daad-4532-9e58-9f5f4a7ddd18:c1533]
2019-09-12 14:53:37,432 [grpc-default-executor-7] INFO  client.GrpcClientProtocolClient (GrpcClientProtocolClient.java:onNext(264)) - client-835E41B928D6->6dd5d97a-7455-476f-86d1-706748154c4a: receive RaftClientReply:client-835E41B928D6->6dd5d97a-7455-476f-86d1-706748154c4a@group-349356213E97, cid=1118, SUCCESS, logIndex=1535, commits[6dd5d97a-7455-476f-86d1-706748154c4a:c1537, 8c1a4ac2-2d71-4742-ab0b-89dcc95eb13f:c1533, c9d0001a-daad-4532-9e58-9f5f4a7ddd18:c1533]
2019-09-12 14:53:37,433 [grpc-default-executor-7] INFO  client.GrpcClientProtocolClient (GrpcClientProtocolClient.java:onNext(264)) - client-835E41B928D6->6dd5d97a-7455-476f-86d1-706748154c4a: receive RaftClientReply:client-835E41B928D6->6dd5d97a-7455-476f-86d1-706748154c4a@group-349356213E97, cid=1119, SUCCESS, logIndex=1536, commits[6dd5d97a-7455-476f-86d1-706748154c4a:c1538, 8c1a4ac2-2d71-4742-ab0b-89dcc95eb13f:c1535, c9d0001a-daad-4532-9e58-9f5f4a7ddd18:c1534]
2019-09-12 14:53:37,433 [grpc-default-executor-7] INFO  client.GrpcClientProtocolClient (GrpcClientProtocolClient.java:onNext(264)) - client-835E41B928D6->6dd5d97a-7455-476f-86d1-706748154c4a: receive RaftClientReply:client-835E41B928D6->6dd5d97a-7455-476f-86d1-706748154c4a@group-349356213E97, cid=1120, SUCCESS, logIndex=1537, commits[6dd5d97a-7455-476f-86d1-706748154c4a:c1538, 8c1a4ac2-2d71-4742-ab0b-89dcc95eb13f:c1535, c9d0001a-daad-4532-9e58-9f5f4a7ddd18:c1534]
2019-09-12 14:53:37,435 [grpc-default-executor-5] INFO  client.GrpcClientProtocolClient (GrpcClientProtocolClient.java:onNext(264)) - client-835E41B928D6->6dd5d97a-7455-476f-86d1-706748154c4a: receive RaftClientReply:client-835E41B928D6->6dd5d97a-7455-476f-86d1-706748154c4a@group-349356213E97, cid=1121, SUCCESS, logIndex=0, commits[6dd5d97a-7455-476f-86d1-706748154c4a:c1539, 8c1a4ac2-2d71-4742-ab0b-89dcc95eb13f:c1535, c9d0001a-daad-4532-9e58-9f5f4a7ddd18:c1535]
2019-09-12 14:53:37,449 [grpc-default-executor-7] INFO  client.GrpcClientProtocolClient (GrpcClientProtocolClient.java:onNext(264)) - client-835E41B928D6->6dd5d97a-7455-476f-86d1-706748154c4a: receive RaftClientReply:client-835E41B928D6->6dd5d97a-7455-476f-86d1-706748154c4a@group-349356213E97, cid=1122, SUCCESS, logIndex=1542, commits[6dd5d97a-7455-476f-86d1-706748154c4a:c1543, 8c1a4ac2-2d71-4742-ab0b-89dcc95eb13f:c1541, c9d0001a-daad-4532-9e58-9f5f4a7ddd18:c1541]
2019-09-12 14:53:37,449 [grpc-default-executor-7] INFO  client.GrpcClientProtocolClient (GrpcClientProtocolClient.java:onNext(264)) - client-835E41B928D6->6dd5d97a-7455-476f-86d1-706748154c4a: receive RaftClientReply:client-835E41B928D6->6dd5d97a-7455-476f-86d1-706748154c4a@group-349356213E97, cid=1123, SUCCESS, logIndex=1543, commits[6dd5d97a-7455-476f-86d1-706748154c4a:c1543, 8c1a4ac2-2d71-4742-ab0b-89dcc95eb13f:c1541, c9d0001a-daad-4532-9e58-9f5f4a7ddd18:c1541]
2019-09-12 14:53:37,462 [grpc-default-executor-7] INFO  client.GrpcClientProtocolClient (GrpcClientProtocolClient.java:onNext(264)) - client-835E41B928D6->6dd5d97a-7455-476f-86d1-706748154c4a: receive RaftClientReply:client-835E41B928D6->6dd5d97a-7455-476f-86d1-706748154c4a@group-349356213E97, cid=1124, SUCCESS, logIndex=1546, commits[6dd5d97a-7455-476f-86d1-706748154c4a:c1547, 8c1a4ac2-2d71-4742-ab0b-89dcc95eb13f:c1543, c9d0001a-daad-4532-9e58-9f5f4a7ddd18:c1543]
2019-09-12 14:53:37,462 [grpc-default-executor-7] INFO  client.GrpcClientProtocolClient (GrpcClientProtocolClient.java:onNext(264)) - client-835E41B928D6->6dd5d97a-7455-476f-86d1-706748154c4a: receive RaftClientReply:client-835E41B928D6->6dd5d97a-7455-476f-86d1-706748154c4a@group-349356213E97, cid=1125, SUCCESS, logIndex=1547, commits[6dd5d97a-7455-476f-86d1-706748154c4a:c1547, 8c1a4ac2-2d71-4742-ab0b-89dcc95eb13f:c1543, c9d0001a-daad-4532-9e58-9f5f4a7ddd18:c1543]
2019-09-12 14:53:37,473 [grpc-default-executor-7] INFO  client.GrpcClientProtocolClient (GrpcClientProtocolClient.java:onNext(264)) - client-835E41B928D6->6dd5d97a-7455-476f-86d1-706748154c4a: receive RaftClientReply:client-835E41B928D6->6dd5d97a-7455-476f-86d1-706748154c4a@group-349356213E97, cid=1126, SUCCESS, logIndex=0, commits[6dd5d97a-7455-476f-86d1-706748154c4a:c1548, 8c1a4ac2-2d71-4742-ab0b-89dcc95eb13f:c1547, c9d0001a-daad-4532-9e58-9f5f4a7ddd18:c1547]
2019-09-12 14:53:37,493 [grpc-default-executor-6] INFO  client.GrpcClientProtocolClient (GrpcClientProtocolClient.java:onNext(264)) - client-835E41B928D6->6dd5d97a-7455-476f-86d1-706748154c4a: receive RaftClientReply:client-835E41B928D6->6dd5d97a-7455-476f-86d1-706748154c4a@group-349356213E97, cid=1127, SUCCESS, logIndex=1550, commits[6dd5d97a-7455-476f-86d1-706748154c4a:c1551, 8c1a4ac2-2d71-4742-ab0b-89dcc95eb13f:c1549, c9d0001a-daad-4532-9e58-9f5f4a7ddd18:c1549]
2019-09-12 14:53:37,494 [grpc-default-executor-6] INFO  client.GrpcClientProtocolClient (GrpcClientProtocolClient.java:onNext(264)) - client-835E41B928D6->6dd5d97a-7455-476f-86d1-706748154c4a: receive RaftClientReply:client-835E41B928D6->6dd5d97a-7455-476f-86d1-706748154c4a@group-349356213E97, cid=1128, SUCCESS, logIndex=1551, commits[6dd5d97a-7455-476f-86d1-706748154c4a:c1553, 8c1a4ac2-2d71-4742-ab0b-89dcc95eb13f:c1549, c9d0001a-daad-4532-9e58-9f5f4a7ddd18:c1549]
2019-09-12 14:53:37,494 [grpc-default-executor-6] INFO  client.GrpcClientProtocolClient (GrpcClientProtocolClient.java:onNext(264)) - client-835E41B928D6->6dd5d97a-7455-476f-86d1-706748154c4a: receive RaftClientReply:client-835E41B928D6->6dd5d97a-7455-476f-86d1-706748154c4a@group-349356213E97, cid=1129, SUCCESS, logIndex=1552, commits[6dd5d97a-7455-476f-86d1-706748154c4a:c1553, 8c1a4ac2-2d71-4742-ab0b-89dcc95eb13f:c1549, c9d0001a-daad-4532-9e58-9f5f4a7ddd18:c1549]
2019-09-12 14:53:37,497 [grpc-default-executor-6] INFO  client.GrpcClientProtocolClient (GrpcClientProtocolClient.java:onNext(264)) - client-835E41B928D6->6dd5d97a-7455-476f-86d1-706748154c4a: receive RaftClientReply:client-835E41B928D6->6dd5d97a-7455-476f-86d1-706748154c4a@group-349356213E97, cid=1130, SUCCESS, logIndex=1553, commits[6dd5d97a-7455-476f-86d1-706748154c4a:c1553, 8c1a4ac2-2d71-4742-ab0b-89dcc95eb13f:c1549, c9d0001a-daad-4532-9e58-9f5f4a7ddd18:c1549]
2019-09-12 14:53:37,499 [grpc-default-executor-5] INFO  client.GrpcClientProtocolClient (GrpcClientProtocolClient.java:onNext(264)) - client-835E41B928D6->6dd5d97a-7455-476f-86d1-706748154c4a: receive RaftClientReply:client-835E41B928D6->6dd5d97a-7455-476f-86d1-706748154c4a@group-349356213E97, cid=1131, SUCCESS, logIndex=0, commits[6dd5d97a-7455-476f-86d1-706748154c4a:c1554, 8c1a4ac2-2d71-4742-ab0b-89dcc95eb13f:c1551, c9d0001a-daad-4532-9e58-9f5f4a7ddd18:c1551]
2019-09-12 14:53:37,518 [grpc-default-executor-6] INFO  client.GrpcClientProtocolClient (GrpcClientProtocolClient.java:onNext(264)) - client-835E41B928D6->6dd5d97a-7455-476f-86d1-706748154c4a: receive RaftClientReply:client-835E41B928D6->6dd5d97a-7455-476f-86d1-706748154c4a@group-349356213E97, cid=1132, SUCCESS, logIndex=1558, commits[6dd5d97a-7455-476f-86d1-706748154c4a:c1559, 8c1a4ac2-2d71-4742-ab0b-89dcc95eb13f:c1557, c9d0001a-daad-4532-9e58-9f5f4a7ddd18:c1557]
2019-09-12 14:53:37,519 [grpc-default-executor-6] INFO  client.GrpcClientProtocolClient (GrpcClientProtocolClient.java:onNext(264)) - client-835E41B928D6->6dd5d97a-7455-476f-86d1-706748154c4a: receive RaftClientReply:client-835E41B928D6->6dd5d97a-7455-476f-86d1-706748154c4a@group-349356213E97, cid=1133, SUCCESS, logIndex=1559, commits[6dd5d97a-7455-476f-86d1-706748154c4a:c1559, 8c1a4ac2-2d71-4742-ab0b-89dcc95eb13f:c1557, c9d0001a-daad-4532-9e58-9f5f4a7ddd18:c1557]
2019-09-12 14:53:37,531 [grpc-default-executor-5] INFO  client.GrpcClientProtocolClient (GrpcClientProtocolClient.java:onNext(264)) - client-835E41B928D6->6dd5d97a-7455-476f-86d1-706748154c4a: receive RaftClientReply:client-835E41B928D6->6dd5d97a-7455-476f-86d1-706748154c4a@group-349356213E97, cid=1134, SUCCESS, logIndex=1562, commits[6dd5d97a-7455-476f-86d1-706748154c4a:c1563, 8c1a4ac2-2d71-4742-ab0b-89dcc95eb13f:c1559, c9d0001a-daad-4532-9e58-9f5f4a7ddd18:c1559]
2019-09-12 14:53:37,532 [grpc-default-executor-5] INFO  client.GrpcClientProtocolClient (GrpcClientProtocolClient.java:onNext(264)) - client-835E41B928D6->6dd5d97a-7455-476f-86d1-706748154c4a: receive RaftClientReply:client-835E41B928D6->6dd5d97a-7455-476f-86d1-706748154c4a@group-349356213E97, cid=1135, SUCCESS, logIndex=1563, commits[6dd5d97a-7455-476f-86d1-706748154c4a:c1563, 8c1a4ac2-2d71-4742-ab0b-89dcc95eb13f:c1559, c9d0001a-daad-4532-9e58-9f5f4a7ddd18:c1559]
2019-09-12 14:53:37,713 [grpc-default-executor-6] INFO  client.GrpcClientProtocolClient (GrpcClientProtocolClient.java:onNext(264)) - client-835E41B928D6->6dd5d97a-7455-476f-86d1-706748154c4a: receive RaftClientReply:client-835E41B928D6->6dd5d97a-7455-476f-86d1-706748154c4a@group-349356213E97, cid=1136, SUCCESS, logIndex=0, commits[6dd5d97a-7455-476f-86d1-706748154c4a:c1564, 8c1a4ac2-2d71-4742-ab0b-89dcc95eb13f:c1563, c9d0001a-daad-4532-9e58-9f5f4a7ddd18:c1563]
2019-09-12 14:53:37,743 [grpc-default-executor-5] INFO  client.GrpcClientProtocolClient (GrpcClientProtocolClient.java:onNext(264)) - client-835E41B928D6->6dd5d97a-7455-476f-86d1-706748154c4a: receive RaftClientReply:client-835E41B928D6->6dd5d97a-7455-476f-86d1-706748154c4a@group-349356213E97, cid=1137, SUCCESS, logIndex=1566, commits[6dd5d97a-7455-476f-86d1-706748154c4a:c1568, 8c1a4ac2-2d71-4742-ab0b-89dcc95eb13f:c1565, c9d0001a-daad-4532-9e58-9f5f4a7ddd18:c1565]
2019-09-12 14:53:37,743 [grpc-default-executor-5] INFO  client.GrpcClientProtocolClient (GrpcClientProtocolClient.java:onNext(264)) - client-835E41B928D6->6dd5d97a-7455-476f-86d1-706748154c4a: receive RaftClientReply:client-835E41B928D6->6dd5d97a-7455-476f-86d1-706748154c4a@group-349356213E97, cid=1138, SUCCESS, logIndex=1567, commits[6dd5d97a-7455-476f-86d1-706748154c4a:c1569, 8c1a4ac2-2d71-4742-ab0b-89dcc95eb13f:c1565, c9d0001a-daad-4532-9e58-9f5f4a7ddd18:c1565]
2019-09-12 14:53:37,743 [grpc-default-executor-5] INFO  client.GrpcClientProtocolClient (GrpcClientProtocolClient.java:onNext(264)) - client-835E41B928D6->6dd5d97a-7455-476f-86d1-706748154c4a: receive RaftClientReply:client-835E41B928D6->6dd5d97a-7455-476f-86d1-706748154c4a@group-349356213E97, cid=1139, SUCCESS, logIndex=1568, commits[6dd5d97a-7455-476f-86d1-706748154c4a:c1569, 8c1a4ac2-2d71-4742-ab0b-89dcc95eb13f:c1565, c9d0001a-daad-4532-9e58-9f5f4a7ddd18:c1565]
2019-09-12 14:53:37,744 [grpc-default-executor-5] INFO  client.GrpcClientProtocolClient (GrpcClientProtocolClient.java:onNext(264)) - client-835E41B928D6->6dd5d97a-7455-476f-86d1-706748154c4a: receive RaftClientReply:client-835E41B928D6->6dd5d97a-7455-476f-86d1-706748154c4a@group-349356213E97, cid=1140, SUCCESS, logIndex=1569, commits[6dd5d97a-7455-476f-86d1-706748154c4a:c1569, 8c1a4ac2-2d71-4742-ab0b-89dcc95eb13f:c1567, c9d0001a-daad-4532-9e58-9f5f4a7ddd18:c1565]
2019-09-12 14:53:37,745 [grpc-default-executor-7] INFO  client.GrpcClientProtocolClient (GrpcClientProtocolClient.java:onNext(264)) - client-835E41B928D6->6dd5d97a-7455-476f-86d1-706748154c4a: receive RaftClientReply:client-835E41B928D6->6dd5d97a-7455-476f-86d1-706748154c4a@group-349356213E97, cid=1141, SUCCESS, logIndex=0, commits[6dd5d97a-7455-476f-86d1-706748154c4a:c1573, 8c1a4ac2-2d71-4742-ab0b-89dcc95eb13f:c1569, c9d0001a-daad-4532-9e58-9f5f4a7ddd18:c1568]
2019-09-12 14:53:37,766 [grpc-default-executor-6] INFO  client.GrpcClientProtocolClient (GrpcClientProtocolClient.java:onNext(264)) - client-835E41B928D6->6dd5d97a-7455-476f-86d1-706748154c4a: receive RaftClientReply:client-835E41B928D6->6dd5d97a-7455-476f-86d1-706748154c4a@group-349356213E97, cid=1142, SUCCESS, logIndex=1574, commits[6dd5d97a-7455-476f-86d1-706748154c4a:c1575, 8c1a4ac2-2d71-4742-ab0b-89dcc95eb13f:c1573, c9d0001a-daad-4532-9e58-9f5f4a7ddd18:c1573]
2019-09-12 14:53:37,767 [grpc-default-executor-6] INFO  client.GrpcClientProtocolClient (GrpcClientProtocolClient.java:onNext(264)) - client-835E41B928D6->6dd5d97a-7455-476f-86d1-706748154c4a: receive RaftClientReply:client-835E41B928D6->6dd5d97a-7455-476f-86d1-706748154c4a@group-349356213E97, cid=1143, SUCCESS, logIndex=1575, commits[6dd5d97a-7455-476f-86d1-706748154c4a:c1575, 8c1a4ac2-2d71-4742-ab0b-89dcc95eb13f:c1573, c9d0001a-daad-4532-9e58-9f5f4a7ddd18:c1573]
2019-09-12 14:53:37,782 [grpc-default-executor-6] INFO  client.GrpcClientProtocolClient (GrpcClientProtocolClient.java:onNext(264)) - client-835E41B928D6->6dd5d97a-7455-476f-86d1-706748154c4a: receive RaftClientReply:client-835E41B928D6->6dd5d97a-7455-476f-86d1-706748154c4a@group-349356213E97, cid=1144, SUCCESS, logIndex=1578, commits[6dd5d97a-7455-476f-86d1-706748154c4a:c1579, 8c1a4ac2-2d71-4742-ab0b-89dcc95eb13f:c1575, c9d0001a-daad-4532-9e58-9f5f4a7ddd18:c1575]
2019-09-12 14:53:37,782 [grpc-default-executor-6] INFO  client.GrpcClientProtocolClient (GrpcClientProtocolClient.java:onNext(264)) - client-835E41B928D6->6dd5d97a-7455-476f-86d1-706748154c4a: receive RaftClientReply:client-835E41B928D6->6dd5d97a-7455-476f-86d1-706748154c4a@group-349356213E97, cid=1145, SUCCESS, logIndex=1579, commits[6dd5d97a-7455-476f-86d1-706748154c4a:c1579, 8c1a4ac2-2d71-4742-ab0b-89dcc95eb13f:c1575, c9d0001a-daad-4532-9e58-9f5f4a7ddd18:c1575]
2019-09-12 14:53:37,793 [grpc-default-executor-7] INFO  client.GrpcClientProtocolClient (GrpcClientProtocolClient.java:onNext(264)) - client-835E41B928D6->6dd5d97a-7455-476f-86d1-706748154c4a: receive RaftClientReply:client-835E41B928D6->6dd5d97a-7455-476f-86d1-706748154c4a@group-349356213E97, cid=1146, SUCCESS, logIndex=0, commits[6dd5d97a-7455-476f-86d1-706748154c4a:c1580, 8c1a4ac2-2d71-4742-ab0b-89dcc95eb13f:c1579, c9d0001a-daad-4532-9e58-9f5f4a7ddd18:c1579]
2019-09-12 14:53:37,813 [grpc-default-executor-5] INFO  client.GrpcClientProtocolClient (GrpcClientProtocolClient.java:onNext(264)) - client-835E41B928D6->6dd5d97a-7455-476f-86d1-706748154c4a: receive RaftClientReply:client-835E41B928D6->6dd5d97a-7455-476f-86d1-706748154c4a@group-349356213E97, cid=1147, SUCCESS, logIndex=1582, commits[6dd5d97a-7455-476f-86d1-706748154c4a:c1583, 8c1a4ac2-2d71-4742-ab0b-89dcc95eb13f:c1581, c9d0001a-daad-4532-9e58-9f5f4a7ddd18:c1581]
2019-09-12 14:53:37,814 [grpc-default-executor-5] INFO  client.GrpcClientProtocolClient (GrpcClientProtocolClient.java:onNext(264)) - client-835E41B928D6->6dd5d97a-7455-476f-86d1-706748154c4a: receive RaftClientReply:client-835E41B928D6->6dd5d97a-7455-476f-86d1-706748154c4a@group-349356213E97, cid=1148, SUCCESS, logIndex=1583, commits[6dd5d97a-7455-476f-86d1-706748154c4a:c1583, 8c1a4ac2-2d71-4742-ab0b-89dcc95eb13f:c1581, c9d0001a-daad-4532-9e58-9f5f4a7ddd18:c1581]
2019-09-12 14:53:37,814 [grpc-default-executor-5] INFO  client.GrpcClientProtocolClient (GrpcClientProtocolClient.java:onNext(264)) - client-835E41B928D6->6dd5d97a-7455-476f-86d1-706748154c4a: receive RaftClientReply:client-835E41B928D6->6dd5d97a-7455-476f-86d1-706748154c4a@group-349356213E97, cid=1149, SUCCESS, logIndex=1584, commits[6dd5d97a-7455-476f-86d1-706748154c4a:c1585, 8c1a4ac2-2d71-4742-ab0b-89dcc95eb13f:c1581, c9d0001a-daad-4532-9e58-9f5f4a7ddd18:c1581]
2019-09-12 14:53:37,815 [grpc-default-executor-5] INFO  client.GrpcClientProtocolClient (GrpcClientProtocolClient.java:onNext(264)) - client-835E41B928D6->6dd5d97a-7455-476f-86d1-706748154c4a: receive RaftClientReply:client-835E41B928D6->6dd5d97a-7455-476f-86d1-706748154c4a@group-349356213E97, cid=1150, SUCCESS, logIndex=1585, commits[6dd5d97a-7455-476f-86d1-706748154c4a:c1585, 8c1a4ac2-2d71-4742-ab0b-89dcc95eb13f:c1581, c9d0001a-daad-4532-9e58-9f5f4a7ddd18:c1581]
2019-09-12 14:53:37,818 [grpc-default-executor-5] INFO  client.GrpcClientProtocolClient (GrpcClientProtocolClient.java:onNext(264)) - client-835E41B928D6->6dd5d97a-7455-476f-86d1-706748154c4a: receive RaftClientReply:client-835E41B928D6->6dd5d97a-7455-476f-86d1-706748154c4a@group-349356213E97, cid=1151, SUCCESS, logIndex=0, commits[6dd5d97a-7455-476f-86d1-706748154c4a:c1588, 8c1a4ac2-2d71-4742-ab0b-89dcc95eb13f:c1585, c9d0001a-daad-4532-9e58-9f5f4a7ddd18:c1583]
2019-09-12 14:53:37,829 [grpc-default-executor-5] INFO  client.GrpcClientProtocolClient (GrpcClientProtocolClient.java:onNext(264)) - client-835E41B928D6->6dd5d97a-7455-476f-86d1-706748154c4a: receive RaftClientReply:client-835E41B928D6->6dd5d97a-7455-476f-86d1-706748154c4a@group-349356213E97, cid=1152, SUCCESS, logIndex=1590, commits[6dd5d97a-7455-476f-86d1-706748154c4a:c1591, 8c1a4ac2-2d71-4742-ab0b-89dcc95eb13f:c1588, c9d0001a-daad-4532-9e58-9f5f4a7ddd18:c1585]
2019-09-12 14:53:37,830 [grpc-default-executor-5] INFO  client.GrpcClientProtocolClient (GrpcClientProtocolClient.java:onNext(264)) - client-835E41B928D6->6dd5d97a-7455-476f-86d1-706748154c4a: receive RaftClientReply:client-835E41B928D6->6dd5d97a-7455-476f-86d1-706748154c4a@group-349356213E97, cid=1153, SUCCESS, logIndex=1591, commits[6dd5d97a-7455-476f-86d1-706748154c4a:c1591, 8c1a4ac2-2d71-4742-ab0b-89dcc95eb13f:c1588, c9d0001a-daad-4532-9e58-9f5f4a7ddd18:c1588]
2019-09-12 14:53:37,847 [grpc-default-executor-5] INFO  client.GrpcClientProtocolClient (GrpcClientProtocolClient.java:onNext(264)) - client-835E41B928D6->6dd5d97a-7455-476f-86d1-706748154c4a: receive RaftClientReply:client-835E41B928D6->6dd5d97a-7455-476f-86d1-706748154c4a@group-349356213E97, cid=1154, SUCCESS, logIndex=1594, commits[6dd5d97a-7455-476f-86d1-706748154c4a:c1595, 8c1a4ac2-2d71-4742-ab0b-89dcc95eb13f:c1592, c9d0001a-daad-4532-9e58-9f5f4a7ddd18:c1591]
2019-09-12 14:53:37,848 [grpc-default-executor-5] INFO  client.GrpcClientProtocolClient (GrpcClientProtocolClient.java:onNext(264)) - client-835E41B928D6->6dd5d97a-7455-476f-86d1-706748154c4a: receive RaftClientReply:client-835E41B928D6->6dd5d97a-7455-476f-86d1-706748154c4a@group-349356213E97, cid=1155, SUCCESS, logIndex=1595, commits[6dd5d97a-7455-476f-86d1-706748154c4a:c1595, 8c1a4ac2-2d71-4742-ab0b-89dcc95eb13f:c1592, c9d0001a-daad-4532-9e58-9f5f4a7ddd18:c1591]
2019-09-12 14:53:37,851 [grpc-default-executor-7] INFO  client.GrpcClientProtocolClient (GrpcClientProtocolClient.java:onNext(264)) - client-835E41B928D6->6dd5d97a-7455-476f-86d1-706748154c4a: receive RaftClientReply:client-835E41B928D6->6dd5d97a-7455-476f-86d1-706748154c4a@group-349356213E97, cid=1156, SUCCESS, logIndex=0, commits[6dd5d97a-7455-476f-86d1-706748154c4a:c1597, 8c1a4ac2-2d71-4742-ab0b-89dcc95eb13f:c1595, c9d0001a-daad-4532-9e58-9f5f4a7ddd18:c1595]
2019-09-12 14:53:37,870 [grpc-default-executor-7] INFO  client.GrpcClientProtocolClient (GrpcClientProtocolClient.java:onNext(264)) - client-835E41B928D6->6dd5d97a-7455-476f-86d1-706748154c4a: receive RaftClientReply:client-835E41B928D6->6dd5d97a-7455-476f-86d1-706748154c4a@group-349356213E97, cid=1157, SUCCESS, logIndex=1598, commits[6dd5d97a-7455-476f-86d1-706748154c4a:c1599, 8c1a4ac2-2d71-4742-ab0b-89dcc95eb13f:c1597, c9d0001a-daad-4532-9e58-9f5f4a7ddd18:c1597]
2019-09-12 14:53:37,871 [grpc-default-executor-6] INFO  client.GrpcClientProtocolClient (GrpcClientProtocolClient.java:onNext(264)) - client-835E41B928D6->6dd5d97a-7455-476f-86d1-706748154c4a: receive RaftClientReply:client-835E41B928D6->6dd5d97a-7455-476f-86d1-706748154c4a@group-349356213E97, cid=1158, SUCCESS, logIndex=1599, commits[6dd5d97a-7455-476f-86d1-706748154c4a:c1601, 8c1a4ac2-2d71-4742-ab0b-89dcc95eb13f:c1597, c9d0001a-daad-4532-9e58-9f5f4a7ddd18:c1597]
2019-09-12 14:53:37,871 [grpc-default-executor-6] INFO  client.GrpcClientProtocolClient (GrpcClientProtocolClient.java:onNext(264)) - client-835E41B928D6->6dd5d97a-7455-476f-86d1-706748154c4a: receive RaftClientReply:client-835E41B928D6->6dd5d97a-7455-476f-86d1-706748154c4a@group-349356213E97, cid=1159, SUCCESS, logIndex=1600, commits[6dd5d97a-7455-476f-86d1-706748154c4a:c1601, 8c1a4ac2-2d71-4742-ab0b-89dcc95eb13f:c1597, c9d0001a-daad-4532-9e58-9f5f4a7ddd18:c1597]
2019-09-12 14:53:37,872 [grpc-default-executor-6] INFO  client.GrpcClientProtocolClient (GrpcClientProtocolClient.java:onNext(264)) - client-835E41B928D6->6dd5d97a-7455-476f-86d1-706748154c4a: receive RaftClientReply:client-835E41B928D6->6dd5d97a-7455-476f-86d1-706748154c4a@group-349356213E97, cid=1160, SUCCESS, logIndex=1601, commits[6dd5d97a-7455-476f-86d1-706748154c4a:c1601, 8c1a4ac2-2d71-4742-ab0b-89dcc95eb13f:c1597, c9d0001a-daad-4532-9e58-9f5f4a7ddd18:c1597]
2019-09-12 14:53:37,873 [grpc-default-executor-7] INFO  client.GrpcClientProtocolClient (GrpcClientProtocolClient.java:onNext(264)) - client-835E41B928D6->6dd5d97a-7455-476f-86d1-706748154c4a: receive RaftClientReply:client-835E41B928D6->6dd5d97a-7455-476f-86d1-706748154c4a@group-349356213E97, cid=1161, SUCCESS, logIndex=0, commits[6dd5d97a-7455-476f-86d1-706748154c4a:c1602, 8c1a4ac2-2d71-4742-ab0b-89dcc95eb13f:c1599, c9d0001a-daad-4532-9e58-9f5f4a7ddd18:c1599]
2019-09-12 14:53:37,892 [grpc-default-executor-7] INFO  client.GrpcClientProtocolClient (GrpcClientProtocolClient.java:onNext(264)) - client-835E41B928D6->6dd5d97a-7455-476f-86d1-706748154c4a: receive RaftClientReply:client-835E41B928D6->6dd5d97a-7455-476f-86d1-706748154c4a@group-349356213E97, cid=1162, SUCCESS, logIndex=1606, commits[6dd5d97a-7455-476f-86d1-706748154c4a:c1607, 8c1a4ac2-2d71-4742-ab0b-89dcc95eb13f:c1605, c9d0001a-daad-4532-9e58-9f5f4a7ddd18:c1605]
2019-09-12 14:53:37,893 [grpc-default-executor-7] INFO  client.GrpcClientProtocolClient (GrpcClientProtocolClient.java:onNext(264)) - client-835E41B928D6->6dd5d97a-7455-476f-86d1-706748154c4a: receive RaftClientReply:client-835E41B928D6->6dd5d97a-7455-476f-86d1-706748154c4a@group-349356213E97, cid=1163, SUCCESS, logIndex=1607, commits[6dd5d97a-7455-476f-86d1-706748154c4a:c1607, 8c1a4ac2-2d71-4742-ab0b-89dcc95eb13f:c1605, c9d0001a-daad-4532-9e58-9f5f4a7ddd18:c1605]
2019-09-12 14:53:37,907 [grpc-default-executor-7] INFO  client.GrpcClientProtocolClient (GrpcClientProtocolClient.java:onNext(264)) - client-835E41B928D6->6dd5d97a-7455-476f-86d1-706748154c4a: receive RaftClientReply:client-835E41B928D6->6dd5d97a-7455-476f-86d1-706748154c4a@group-349356213E97, cid=1164, SUCCESS, logIndex=1610, commits[6dd5d97a-7455-476f-86d1-706748154c4a:c1611, 8c1a4ac2-2d71-4742-ab0b-89dcc95eb13f:c1607, c9d0001a-daad-4532-9e58-9f5f4a7ddd18:c1607]
2019-09-12 14:53:37,907 [grpc-default-executor-7] INFO  client.GrpcClientProtocolClient (GrpcClientProtocolClient.java:onNext(264)) - client-835E41B928D6->6dd5d97a-7455-476f-86d1-706748154c4a: receive RaftClientReply:client-835E41B928D6->6dd5d97a-7455-476f-86d1-706748154c4a@group-349356213E97, cid=1165, SUCCESS, logIndex=1611, commits[6dd5d97a-7455-476f-86d1-706748154c4a:c1611, 8c1a4ac2-2d71-4742-ab0b-89dcc95eb13f:c1607, c9d0001a-daad-4532-9e58-9f5f4a7ddd18:c1607]
2019-09-12 14:53:37,921 [grpc-default-executor-7] INFO  client.GrpcClientProtocolClient (GrpcClientProtocolClient.java:onNext(264)) - client-835E41B928D6->6dd5d97a-7455-476f-86d1-706748154c4a: receive RaftClientReply:client-835E41B928D6->6dd5d97a-7455-476f-86d1-706748154c4a@group-349356213E97, cid=1166, SUCCESS, logIndex=0, commits[6dd5d97a-7455-476f-86d1-706748154c4a:c1613, 8c1a4ac2-2d71-4742-ab0b-89dcc95eb13f:c1611, c9d0001a-daad-4532-9e58-9f5f4a7ddd18:c1611]
2019-09-12 14:53:37,934 [grpc-default-executor-6] INFO  client.GrpcClientProtocolClient (GrpcClientProtocolClient.java:onNext(264)) - client-835E41B928D6->6dd5d97a-7455-476f-86d1-706748154c4a: receive RaftClientReply:client-835E41B928D6->6dd5d97a-7455-476f-86d1-706748154c4a@group-349356213E97, cid=1167, SUCCESS, logIndex=1614, commits[6dd5d97a-7455-476f-86d1-706748154c4a:c1617, 8c1a4ac2-2d71-4742-ab0b-89dcc95eb13f:c1611, c9d0001a-daad-4532-9e58-9f5f4a7ddd18:c1613]
2019-09-12 14:53:37,934 [grpc-default-executor-6] INFO  client.GrpcClientProtocolClient (GrpcClientProtocolClient.java:onNext(264)) - client-835E41B928D6->6dd5d97a-7455-476f-86d1-706748154c4a: receive RaftClientReply:client-835E41B928D6->6dd5d97a-7455-476f-86d1-706748154c4a@group-349356213E97, cid=1168, SUCCESS, logIndex=1615, commits[6dd5d97a-7455-476f-86d1-706748154c4a:c1617, 8c1a4ac2-2d71-4742-ab0b-89dcc95eb13f:c1613, c9d0001a-daad-4532-9e58-9f5f4a7ddd18:c1613]
2019-09-12 14:53:37,935 [grpc-default-executor-6] INFO  client.GrpcClientProtocolClient (GrpcClientProtocolClient.java:onNext(264)) - client-835E41B928D6->6dd5d97a-7455-476f-86d1-706748154c4a: receive RaftClientReply:client-835E41B928D6->6dd5d97a-7455-476f-86d1-706748154c4a@group-349356213E97, cid=1169, SUCCESS, logIndex=1616, commits[6dd5d97a-7455-476f-86d1-706748154c4a:c1617, 8c1a4ac2-2d71-4742-ab0b-89dcc95eb13f:c1613, c9d0001a-daad-4532-9e58-9f5f4a7ddd18:c1613]
2019-09-12 14:53:37,935 [grpc-default-executor-6] INFO  client.GrpcClientProtocolClient (GrpcClientProtocolClient.java:onNext(264)) - client-835E41B928D6->6dd5d97a-7455-476f-86d1-706748154c4a: receive RaftClientReply:client-835E41B928D6->6dd5d97a-7455-476f-86d1-706748154c4a@group-349356213E97, cid=1170, SUCCESS, logIndex=1617, commits[6dd5d97a-7455-476f-86d1-706748154c4a:c1617, 8c1a4ac2-2d71-4742-ab0b-89dcc95eb13f:c1613, c9d0001a-daad-4532-9e58-9f5f4a7ddd18:c1613]
2019-09-12 14:53:37,936 [grpc-default-executor-7] INFO  client.GrpcClientProtocolClient (GrpcClientProtocolClient.java:onNext(264)) - client-835E41B928D6->6dd5d97a-7455-476f-86d1-706748154c4a: receive RaftClientReply:client-835E41B928D6->6dd5d97a-7455-476f-86d1-706748154c4a@group-349356213E97, cid=1171, SUCCESS, logIndex=0, commits[6dd5d97a-7455-476f-86d1-706748154c4a:c1618, 8c1a4ac2-2d71-4742-ab0b-89dcc95eb13f:c1616, c9d0001a-daad-4532-9e58-9f5f4a7ddd18:c1615]
2019-09-12 14:53:37,947 [grpc-default-executor-6] INFO  client.GrpcClientProtocolClient (GrpcClientProtocolClient.java:onNext(264)) - client-835E41B928D6->6dd5d97a-7455-476f-86d1-706748154c4a: receive RaftClientReply:client-835E41B928D6->6dd5d97a-7455-476f-86d1-706748154c4a@group-349356213E97, cid=1172, SUCCESS, logIndex=1622, commits[6dd5d97a-7455-476f-86d1-706748154c4a:c1623, 8c1a4ac2-2d71-4742-ab0b-89dcc95eb13f:c1617, c9d0001a-daad-4532-9e58-9f5f4a7ddd18:c1621]
2019-09-12 14:53:37,948 [grpc-default-executor-6] INFO  client.GrpcClientProtocolClient (GrpcClientProtocolClient.java:onNext(264)) - client-835E41B928D6->6dd5d97a-7455-476f-86d1-706748154c4a: receive RaftClientReply:client-835E41B928D6->6dd5d97a-7455-476f-86d1-706748154c4a@group-349356213E97, cid=1173, SUCCESS, logIndex=1623, commits[6dd5d97a-7455-476f-86d1-706748154c4a:c1623, 8c1a4ac2-2d71-4742-ab0b-89dcc95eb13f:c1621, c9d0001a-daad-4532-9e58-9f5f4a7ddd18:c1621]
2019-09-12 14:53:37,958 [grpc-default-executor-6] INFO  client.GrpcClientProtocolClient (GrpcClientProtocolClient.java:onNext(264)) - client-835E41B928D6->6dd5d97a-7455-476f-86d1-706748154c4a: receive RaftClientReply:client-835E41B928D6->6dd5d97a-7455-476f-86d1-706748154c4a@group-349356213E97, cid=1174, SUCCESS, logIndex=1626, commits[6dd5d97a-7455-476f-86d1-706748154c4a:c1627, 8c1a4ac2-2d71-4742-ab0b-89dcc95eb13f:c1623, c9d0001a-daad-4532-9e58-9f5f4a7ddd18:c1625]
2019-09-12 14:53:37,959 [grpc-default-executor-7] INFO  client.GrpcClientProtocolClient (GrpcClientProtocolClient.java:onNext(264)) - client-835E41B928D6->6dd5d97a-7455-476f-86d1-706748154c4a: receive RaftClientReply:client-835E41B928D6->6dd5d97a-7455-476f-86d1-706748154c4a@group-349356213E97, cid=1175, SUCCESS, logIndex=1627, commits[6dd5d97a-7455-476f-86d1-706748154c4a:c1627, 8c1a4ac2-2d71-4742-ab0b-89dcc95eb13f:c1623, c9d0001a-daad-4532-9e58-9f5f4a7ddd18:c1625]
2019-09-12 14:53:37,960 [grpc-default-executor-6] INFO  client.GrpcClientProtocolClient (GrpcClientProtocolClient.java:onNext(264)) - client-835E41B928D6->6dd5d97a-7455-476f-86d1-706748154c4a: receive RaftClientReply:client-835E41B928D6->6dd5d97a-7455-476f-86d1-706748154c4a@group-349356213E97, cid=1176, SUCCESS, logIndex=0, commits[6dd5d97a-7455-476f-86d1-706748154c4a:c1628, 8c1a4ac2-2d71-4742-ab0b-89dcc95eb13f:c1627, c9d0001a-daad-4532-9e58-9f5f4a7ddd18:c1627]
2019-09-12 14:53:37,977 [grpc-default-executor-5] INFO  client.GrpcClientProtocolClient (GrpcClientProtocolClient.java:onNext(264)) - client-835E41B928D6->6dd5d97a-7455-476f-86d1-706748154c4a: receive RaftClientReply:client-835E41B928D6->6dd5d97a-7455-476f-86d1-706748154c4a@group-349356213E97, cid=1177, SUCCESS, logIndex=1630, commits[6dd5d97a-7455-476f-86d1-706748154c4a:c1633, 8c1a4ac2-2d71-4742-ab0b-89dcc95eb13f:c1629, c9d0001a-daad-4532-9e58-9f5f4a7ddd18:c1629]
2019-09-12 14:53:37,977 [grpc-default-executor-7] INFO  client.GrpcClientProtocolClient (GrpcClientProtocolClient.java:onNext(264)) - client-835E41B928D6->6dd5d97a-7455-476f-86d1-706748154c4a: receive RaftClientReply:client-835E41B928D6->6dd5d97a-7455-476f-86d1-706748154c4a@group-349356213E97, cid=1178, SUCCESS, logIndex=1631, commits[6dd5d97a-7455-476f-86d1-706748154c4a:c1633, 8c1a4ac2-2d71-4742-ab0b-89dcc95eb13f:c1629, c9d0001a-daad-4532-9e58-9f5f4a7ddd18:c1629]
2019-09-12 14:53:37,977 [grpc-default-executor-7] INFO  client.GrpcClientProtocolClient (GrpcClientProtocolClient.java:onNext(264)) - client-835E41B928D6->6dd5d97a-7455-476f-86d1-706748154c4a: receive RaftClientReply:client-835E41B928D6->6dd5d97a-7455-476f-86d1-706748154c4a@group-349356213E97, cid=1179, SUCCESS, logIndex=1632, commits[6dd5d97a-7455-476f-86d1-706748154c4a:c1633, 8c1a4ac2-2d71-4742-ab0b-89dcc95eb13f:c1629, c9d0001a-daad-4532-9e58-9f5f4a7ddd18:c1629]
2019-09-12 14:53:37,978 [grpc-default-executor-7] INFO  client.GrpcClientProtocolClient (GrpcClientProtocolClient.java:onNext(264)) - client-835E41B928D6->6dd5d97a-7455-476f-86d1-706748154c4a: receive RaftClientReply:client-835E41B928D6->6dd5d97a-7455-476f-86d1-706748154c4a@group-349356213E97, cid=1180, SUCCESS, logIndex=1633, commits[6dd5d97a-7455-476f-86d1-706748154c4a:c1633, 8c1a4ac2-2d71-4742-ab0b-89dcc95eb13f:c1629, c9d0001a-daad-4532-9e58-9f5f4a7ddd18:c1629]
2019-09-12 14:53:37,979 [grpc-default-executor-7] INFO  client.GrpcClientProtocolClient (GrpcClientProtocolClient.java:onNext(264)) - client-835E41B928D6->6dd5d97a-7455-476f-86d1-706748154c4a: receive RaftClientReply:client-835E41B928D6->6dd5d97a-7455-476f-86d1-706748154c4a@group-349356213E97, cid=1181, SUCCESS, logIndex=0, commits[6dd5d97a-7455-476f-86d1-706748154c4a:c1634, 8c1a4ac2-2d71-4742-ab0b-89dcc95eb13f:c1631, c9d0001a-daad-4532-9e58-9f5f4a7ddd18:c1631]
2019-09-12 14:53:37,990 [grpc-default-executor-7] INFO  client.GrpcClientProtocolClient (GrpcClientProtocolClient.java:onNext(264)) - client-835E41B928D6->6dd5d97a-7455-476f-86d1-706748154c4a: receive RaftClientReply:client-835E41B928D6->6dd5d97a-7455-476f-86d1-706748154c4a@group-349356213E97, cid=1182, SUCCESS, logIndex=1638, commits[6dd5d97a-7455-476f-86d1-706748154c4a:c1639, 8c1a4ac2-2d71-4742-ab0b-89dcc95eb13f:c1637, c9d0001a-daad-4532-9e58-9f5f4a7ddd18:c1637]
2019-09-12 14:53:37,990 [grpc-default-executor-7] INFO  client.GrpcClientProtocolClient (GrpcClientProtocolClient.java:onNext(264)) - client-835E41B928D6->6dd5d97a-7455-476f-86d1-706748154c4a: receive RaftClientReply:client-835E41B928D6->6dd5d97a-7455-476f-86d1-706748154c4a@group-349356213E97, cid=1183, SUCCESS, logIndex=1639, commits[6dd5d97a-7455-476f-86d1-706748154c4a:c1639, 8c1a4ac2-2d71-4742-ab0b-89dcc95eb13f:c1637, c9d0001a-daad-4532-9e58-9f5f4a7ddd18:c1637]
2019-09-12 14:53:38,000 [grpc-default-executor-5] INFO  client.GrpcClientProtocolClient (GrpcClientProtocolClient.java:onNext(264)) - client-835E41B928D6->6dd5d97a-7455-476f-86d1-706748154c4a: receive RaftClientReply:client-835E41B928D6->6dd5d97a-7455-476f-86d1-706748154c4a@group-349356213E97, cid=1184, SUCCESS, logIndex=1642, commits[6dd5d97a-7455-476f-86d1-706748154c4a:c1643, 8c1a4ac2-2d71-4742-ab0b-89dcc95eb13f:c1639, c9d0001a-daad-4532-9e58-9f5f4a7ddd18:c1641]
2019-09-12 14:53:38,000 [grpc-default-executor-5] INFO  client.GrpcClientProtocolClient (GrpcClientProtocolClient.java:onNext(264)) - client-835E41B928D6->6dd5d97a-7455-476f-86d1-706748154c4a: receive RaftClientReply:client-835E41B928D6->6dd5d97a-7455-476f-86d1-706748154c4a@group-349356213E97, cid=1185, SUCCESS, logIndex=1643, commits[6dd5d97a-7455-476f-86d1-706748154c4a:c1643, 8c1a4ac2-2d71-4742-ab0b-89dcc95eb13f:c1641, c9d0001a-daad-4532-9e58-9f5f4a7ddd18:c1641]
2019-09-12 14:53:38,003 [grpc-default-executor-5] INFO  client.GrpcClientProtocolClient (GrpcClientProtocolClient.java:onNext(264)) - client-835E41B928D6->6dd5d97a-7455-476f-86d1-706748154c4a: receive RaftClientReply:client-835E41B928D6->6dd5d97a-7455-476f-86d1-706748154c4a@group-349356213E97, cid=1186, SUCCESS, logIndex=0, commits[6dd5d97a-7455-476f-86d1-706748154c4a:c1644, 8c1a4ac2-2d71-4742-ab0b-89dcc95eb13f:c1643, c9d0001a-daad-4532-9e58-9f5f4a7ddd18:c1643]
2019-09-12 14:53:38,025 [grpc-default-executor-7] INFO  client.GrpcClientProtocolClient (GrpcClientProtocolClient.java:onNext(264)) - client-835E41B928D6->6dd5d97a-7455-476f-86d1-706748154c4a: receive RaftClientReply:client-835E41B928D6->6dd5d97a-7455-476f-86d1-706748154c4a@group-349356213E97, cid=1187, SUCCESS, logIndex=1646, commits[6dd5d97a-7455-476f-86d1-706748154c4a:c1648, 8c1a4ac2-2d71-4742-ab0b-89dcc95eb13f:c1645, c9d0001a-daad-4532-9e58-9f5f4a7ddd18:c1645]
2019-09-12 14:53:38,026 [grpc-default-executor-7] INFO  client.GrpcClientProtocolClient (GrpcClientProtocolClient.java:onNext(264)) - client-835E41B928D6->6dd5d97a-7455-476f-86d1-706748154c4a: receive RaftClientReply:client-835E41B928D6->6dd5d97a-7455-476f-86d1-706748154c4a@group-349356213E97, cid=1188, SUCCESS, logIndex=1647, commits[6dd5d97a-7455-476f-86d1-706748154c4a:c1649, 8c1a4ac2-2d71-4742-ab0b-89dcc95eb13f:c1645, c9d0001a-daad-4532-9e58-9f5f4a7ddd18:c1645]
2019-09-12 14:53:38,026 [grpc-default-executor-7] INFO  client.GrpcClientProtocolClient (GrpcClientProtocolClient.java:onNext(264)) - client-835E41B928D6->6dd5d97a-7455-476f-86d1-706748154c4a: receive RaftClientReply:client-835E41B928D6->6dd5d97a-7455-476f-86d1-706748154c4a@group-349356213E97, cid=1189, SUCCESS, logIndex=1648, commits[6dd5d97a-7455-476f-86d1-706748154c4a:c1649, 8c1a4ac2-2d71-4742-ab0b-89dcc95eb13f:c1645, c9d0001a-daad-4532-9e58-9f5f4a7ddd18:c1645]
2019-09-12 14:53:38,026 [grpc-default-executor-7] INFO  client.GrpcClientProtocolClient (GrpcClientProtocolClient.java:onNext(264)) - client-835E41B928D6->6dd5d97a-7455-476f-86d1-706748154c4a: receive RaftClientReply:client-835E41B928D6->6dd5d97a-7455-476f-86d1-706748154c4a@group-349356213E97, cid=1190, SUCCESS, logIndex=1649, commits[6dd5d97a-7455-476f-86d1-706748154c4a:c1649, 8c1a4ac2-2d71-4742-ab0b-89dcc95eb13f:c1645, c9d0001a-daad-4532-9e58-9f5f4a7ddd18:c1645]
2019-09-12 14:53:38,038 [grpc-default-executor-7] INFO  client.GrpcClientProtocolClient (GrpcClientProtocolClient.java:onNext(264)) - client-835E41B928D6->6dd5d97a-7455-476f-86d1-706748154c4a: receive RaftClientReply:client-835E41B928D6->6dd5d97a-7455-476f-86d1-706748154c4a@group-349356213E97, cid=1191, SUCCESS, logIndex=0, commits[6dd5d97a-7455-476f-86d1-706748154c4a:c1651, 8c1a4ac2-2d71-4742-ab0b-89dcc95eb13f:c1647, c9d0001a-daad-4532-9e58-9f5f4a7ddd18:c1647]
2019-09-12 14:53:38,053 [grpc-default-executor-7] INFO  client.GrpcClientProtocolClient (GrpcClientProtocolClient.java:onNext(264)) - client-835E41B928D6->6dd5d97a-7455-476f-86d1-706748154c4a: receive RaftClientReply:client-835E41B928D6->6dd5d97a-7455-476f-86d1-706748154c4a@group-349356213E97, cid=1192, SUCCESS, logIndex=1654, commits[6dd5d97a-7455-476f-86d1-706748154c4a:c1655, 8c1a4ac2-2d71-4742-ab0b-89dcc95eb13f:c1653, c9d0001a-daad-4532-9e58-9f5f4a7ddd18:c1653]
2019-09-12 14:53:38,053 [grpc-default-executor-7] INFO  client.GrpcClientProtocolClient (GrpcClientProtocolClient.java:onNext(264)) - client-835E41B928D6->6dd5d97a-7455-476f-86d1-706748154c4a: receive RaftClientReply:client-835E41B928D6->6dd5d97a-7455-476f-86d1-706748154c4a@group-349356213E97, cid=1193, SUCCESS, logIndex=1655, commits[6dd5d97a-7455-476f-86d1-706748154c4a:c1655, 8c1a4ac2-2d71-4742-ab0b-89dcc95eb13f:c1653, c9d0001a-daad-4532-9e58-9f5f4a7ddd18:c1653]
2019-09-12 14:53:38,067 [grpc-default-executor-6] INFO  client.GrpcClientProtocolClient (GrpcClientProtocolClient.java:onNext(264)) - client-835E41B928D6->6dd5d97a-7455-476f-86d1-706748154c4a: receive RaftClientReply:client-835E41B928D6->6dd5d97a-7455-476f-86d1-706748154c4a@group-349356213E97, cid=1194, SUCCESS, logIndex=1658, commits[6dd5d97a-7455-476f-86d1-706748154c4a:c1658, 8c1a4ac2-2d71-4742-ab0b-89dcc95eb13f:c1655, c9d0001a-daad-4532-9e58-9f5f4a7ddd18:c1655]
2019-09-12 14:53:38,067 [grpc-default-executor-6] INFO  client.GrpcClientProtocolClient (GrpcClientProtocolClient.java:onNext(264)) - client-835E41B928D6->6dd5d97a-7455-476f-86d1-706748154c4a: receive RaftClientReply:client-835E41B928D6->6dd5d97a-7455-476f-86d1-706748154c4a@group-349356213E97, cid=1195, SUCCESS, logIndex=1659, commits[6dd5d97a-7455-476f-86d1-706748154c4a:c1659, 8c1a4ac2-2d71-4742-ab0b-89dcc95eb13f:c1655, c9d0001a-daad-4532-9e58-9f5f4a7ddd18:c1655]
2019-09-12 14:53:38,079 [grpc-default-executor-7] INFO  client.GrpcClientProtocolClient (GrpcClientProtocolClient.java:onNext(264)) - client-835E41B928D6->6dd5d97a-7455-476f-86d1-706748154c4a: receive RaftClientReply:client-835E41B928D6->6dd5d97a-7455-476f-86d1-706748154c4a@group-349356213E97, cid=1196, SUCCESS, logIndex=0, commits[6dd5d97a-7455-476f-86d1-706748154c4a:c1661, 8c1a4ac2-2d71-4742-ab0b-89dcc95eb13f:c1659, c9d0001a-daad-4532-9e58-9f5f4a7ddd18:c1659]
2019-09-12 14:53:38,101 [grpc-default-executor-7] INFO  client.GrpcClientProtocolClient (GrpcClientProtocolClient.java:onNext(264)) - client-835E41B928D6->6dd5d97a-7455-476f-86d1-706748154c4a: receive RaftClientReply:client-835E41B928D6->6dd5d97a-7455-476f-86d1-706748154c4a@group-349356213E97, cid=1197, SUCCESS, logIndex=1662, commits[6dd5d97a-7455-476f-86d1-706748154c4a:c1664, 8c1a4ac2-2d71-4742-ab0b-89dcc95eb13f:c1661, c9d0001a-daad-4532-9e58-9f5f4a7ddd18:c1661]
2019-09-12 14:53:38,102 [grpc-default-executor-7] INFO  client.GrpcClientProtocolClient (GrpcClientProtocolClient.java:onNext(264)) - client-835E41B928D6->6dd5d97a-7455-476f-86d1-706748154c4a: receive RaftClientReply:client-835E41B928D6->6dd5d97a-7455-476f-86d1-706748154c4a@group-349356213E97, cid=1198, SUCCESS, logIndex=1663, commits[6dd5d97a-7455-476f-86d1-706748154c4a:c1665, 8c1a4ac2-2d71-4742-ab0b-89dcc95eb13f:c1661, c9d0001a-daad-4532-9e58-9f5f4a7ddd18:c1661]
2019-09-12 14:53:38,102 [grpc-default-executor-7] INFO  client.GrpcClientProtocolClient (GrpcClientProtocolClient.java:onNext(264)) - client-835E41B928D6->6dd5d97a-7455-476f-86d1-706748154c4a: receive RaftClientReply:client-835E41B928D6->6dd5d97a-7455-476f-86d1-706748154c4a@group-349356213E97, cid=1199, SUCCESS, logIndex=1664, commits[6dd5d97a-7455-476f-86d1-706748154c4a:c1665, 8c1a4ac2-2d71-4742-ab0b-89dcc95eb13f:c1661, c9d0001a-daad-4532-9e58-9f5f4a7ddd18:c1661]
2019-09-12 14:53:38,102 [grpc-default-executor-7] INFO  client.GrpcClientProtocolClient (GrpcClientProtocolClient.java:onNext(264)) - client-835E41B928D6->6dd5d97a-7455-476f-86d1-706748154c4a: receive RaftClientReply:client-835E41B928D6->6dd5d97a-7455-476f-86d1-706748154c4a@group-349356213E97, cid=1200, SUCCESS, logIndex=1665, commits[6dd5d97a-7455-476f-86d1-706748154c4a:c1665, 8c1a4ac2-2d71-4742-ab0b-89dcc95eb13f:c1661, c9d0001a-daad-4532-9e58-9f5f4a7ddd18:c1661]
2019-09-12 14:53:38,124 [grpc-default-executor-6] INFO  client.GrpcClientProtocolClient (GrpcClientProtocolClient.java:onNext(264)) - client-835E41B928D6->6dd5d97a-7455-476f-86d1-706748154c4a: receive RaftClientReply:client-835E41B928D6->6dd5d97a-7455-476f-86d1-706748154c4a@group-349356213E97, cid=1201, SUCCESS, logIndex=0, commits[6dd5d97a-7455-476f-86d1-706748154c4a:c1667, 8c1a4ac2-2d71-4742-ab0b-89dcc95eb13f:c1663, c9d0001a-daad-4532-9e58-9f5f4a7ddd18:c1663]
2019-09-12 14:53:38,143 [grpc-default-executor-5] INFO  client.GrpcClientProtocolClient (GrpcClientProtocolClient.java:onNext(264)) - client-835E41B928D6->6dd5d97a-7455-476f-86d1-706748154c4a: receive RaftClientReply:client-835E41B928D6->6dd5d97a-7455-476f-86d1-706748154c4a@group-349356213E97, cid=1202, SUCCESS, logIndex=1670, commits[6dd5d97a-7455-476f-86d1-706748154c4a:c1671, 8c1a4ac2-2d71-4742-ab0b-89dcc95eb13f:c1669, c9d0001a-daad-4532-9e58-9f5f4a7ddd18:c1669]
2019-09-12 14:53:38,143 [grpc-default-executor-5] INFO  client.GrpcClientProtocolClient (GrpcClientProtocolClient.java:onNext(264)) - client-835E41B928D6->6dd5d97a-7455-476f-86d1-706748154c4a: receive RaftClientReply:client-835E41B928D6->6dd5d97a-7455-476f-86d1-706748154c4a@group-349356213E97, cid=1203, SUCCESS, logIndex=1671, commits[6dd5d97a-7455-476f-86d1-706748154c4a:c1671, 8c1a4ac2-2d71-4742-ab0b-89dcc95eb13f:c1669, c9d0001a-daad-4532-9e58-9f5f4a7ddd18:c1669]
2019-09-12 14:53:38,156 [grpc-default-executor-7] INFO  client.GrpcClientProtocolClient (GrpcClientProtocolClient.java:onNext(264)) - client-835E41B928D6->6dd5d97a-7455-476f-86d1-706748154c4a: receive RaftClientReply:client-835E41B928D6->6dd5d97a-7455-476f-86d1-706748154c4a@group-349356213E97, cid=1204, SUCCESS, logIndex=1674, commits[6dd5d97a-7455-476f-86d1-706748154c4a:c1675, 8c1a4ac2-2d71-4742-ab0b-89dcc95eb13f:c1671, c9d0001a-daad-4532-9e58-9f5f4a7ddd18:c1671]
2019-09-12 14:53:38,156 [grpc-default-executor-7] INFO  client.GrpcClientProtocolClient (GrpcClientProtocolClient.java:onNext(264)) - client-835E41B928D6->6dd5d97a-7455-476f-86d1-706748154c4a: receive RaftClientReply:client-835E41B928D6->6dd5d97a-7455-476f-86d1-706748154c4a@group-349356213E97, cid=1205, SUCCESS, logIndex=1675, commits[6dd5d97a-7455-476f-86d1-706748154c4a:c1675, 8c1a4ac2-2d71-4742-ab0b-89dcc95eb13f:c1671, c9d0001a-daad-4532-9e58-9f5f4a7ddd18:c1671]
2019-09-12 14:53:38,169 [grpc-default-executor-7] INFO  client.GrpcClientProtocolClient (GrpcClientProtocolClient.java:onNext(264)) - client-835E41B928D6->6dd5d97a-7455-476f-86d1-706748154c4a: receive RaftClientReply:client-835E41B928D6->6dd5d97a-7455-476f-86d1-706748154c4a@group-349356213E97, cid=1206, SUCCESS, logIndex=0, commits[6dd5d97a-7455-476f-86d1-706748154c4a:c1677, 8c1a4ac2-2d71-4742-ab0b-89dcc95eb13f:c1675, c9d0001a-daad-4532-9e58-9f5f4a7ddd18:c1675]
2019-09-12 14:53:38,383 [grpc-default-executor-6] INFO  client.GrpcClientProtocolClient (GrpcClientProtocolClient.java:onNext(264)) - client-835E41B928D6->6dd5d97a-7455-476f-86d1-706748154c4a: receive RaftClientReply:client-835E41B928D6->6dd5d97a-7455-476f-86d1-706748154c4a@group-349356213E97, cid=1207, SUCCESS, logIndex=1678, commits[6dd5d97a-7455-476f-86d1-706748154c4a:c1680, 8c1a4ac2-2d71-4742-ab0b-89dcc95eb13f:c1677, c9d0001a-daad-4532-9e58-9f5f4a7ddd18:c1677]
2019-09-12 14:53:38,386 [grpc-default-executor-6] INFO  client.GrpcClientProtocolClient (GrpcClientProtocolClient.java:onNext(264)) - client-835E41B928D6->6dd5d97a-7455-476f-86d1-706748154c4a: receive RaftClientReply:client-835E41B928D6->6dd5d97a-7455-476f-86d1-706748154c4a@group-349356213E97, cid=1208, SUCCESS, logIndex=1679, commits[6dd5d97a-7455-476f-86d1-706748154c4a:c1681, 8c1a4ac2-2d71-4742-ab0b-89dcc95eb13f:c1677, c9d0001a-daad-4532-9e58-9f5f4a7ddd18:c1677]
2019-09-12 14:53:38,386 [grpc-default-executor-6] INFO  client.GrpcClientProtocolClient (GrpcClientProtocolClient.java:onNext(264)) - client-835E41B928D6->6dd5d97a-7455-476f-86d1-706748154c4a: receive RaftClientReply:client-835E41B928D6->6dd5d97a-7455-476f-86d1-706748154c4a@group-349356213E97, cid=1209, SUCCESS, logIndex=1680, commits[6dd5d97a-7455-476f-86d1-706748154c4a:c1681, 8c1a4ac2-2d71-4742-ab0b-89dcc95eb13f:c1677, c9d0001a-daad-4532-9e58-9f5f4a7ddd18:c1677]
2019-09-12 14:53:38,386 [grpc-default-executor-6] INFO  client.GrpcClientProtocolClient (GrpcClientProtocolClient.java:onNext(264)) - client-835E41B928D6->6dd5d97a-7455-476f-86d1-706748154c4a: receive RaftClientReply:client-835E41B928D6->6dd5d97a-7455-476f-86d1-706748154c4a@group-349356213E97, cid=1210, SUCCESS, logIndex=1681, commits[6dd5d97a-7455-476f-86d1-706748154c4a:c1682, 8c1a4ac2-2d71-4742-ab0b-89dcc95eb13f:c1679, c9d0001a-daad-4532-9e58-9f5f4a7ddd18:c1679]
2019-09-12 14:53:38,409 [grpc-default-executor-7] INFO  client.GrpcClientProtocolClient (GrpcClientProtocolClient.java:onNext(264)) - client-835E41B928D6->6dd5d97a-7455-476f-86d1-706748154c4a: receive RaftClientReply:client-835E41B928D6->6dd5d97a-7455-476f-86d1-706748154c4a@group-349356213E97, cid=1211, SUCCESS, logIndex=1686, commits[6dd5d97a-7455-476f-86d1-706748154c4a:c1687, 8c1a4ac2-2d71-4742-ab0b-89dcc95eb13f:c1685, c9d0001a-daad-4532-9e58-9f5f4a7ddd18:c1685]
2019-09-12 14:53:38,409 [grpc-default-executor-7] INFO  client.GrpcClientProtocolClient (GrpcClientProtocolClient.java:onNext(264)) - client-835E41B928D6->6dd5d97a-7455-476f-86d1-706748154c4a: receive RaftClientReply:client-835E41B928D6->6dd5d97a-7455-476f-86d1-706748154c4a@group-349356213E97, cid=1212, SUCCESS, logIndex=1687, commits[6dd5d97a-7455-476f-86d1-706748154c4a:c1687, 8c1a4ac2-2d71-4742-ab0b-89dcc95eb13f:c1685, c9d0001a-daad-4532-9e58-9f5f4a7ddd18:c1685]
 0.00% |█                                                                                                    |  0/1 Time: 0:00:062019-09-12 14:53:38,433 [grpc-default-executor-6] INFO  client.GrpcClientProtocolClient (GrpcClientProtocolClient.java:onNext(264)) - client-835E41B928D6->6dd5d97a-7455-476f-86d1-706748154c4a: receive RaftClientReply:client-835E41B928D6->6dd5d97a-7455-476f-86d1-706748154c4a@group-349356213E97, cid=1213, SUCCESS, logIndex=1690, commits[6dd5d97a-7455-476f-86d1-706748154c4a:c1691, 8c1a4ac2-2d71-4742-ab0b-89dcc95eb13f:c1687, c9d0001a-daad-4532-9e58-9f5f4a7ddd18:c1687]
2019-09-12 14:53:38,433 [grpc-default-executor-6] INFO  client.GrpcClientProtocolClient (GrpcClientProtocolClient.java:onNext(264)) - client-835E41B928D6->6dd5d97a-7455-476f-86d1-706748154c4a: receive RaftClientReply:client-835E41B928D6->6dd5d97a-7455-476f-86d1-706748154c4a@group-349356213E97, cid=1214, SUCCESS, logIndex=1691, commits[6dd5d97a-7455-476f-86d1-706748154c4a:c1691, 8c1a4ac2-2d71-4742-ab0b-89dcc95eb13f:c1687, c9d0001a-daad-4532-9e58-9f5f4a7ddd18:c1687]
2019-09-12 14:53:38,435 [grpc-default-executor-5] INFO  client.GrpcClientProtocolClient (GrpcClientProtocolClient.java:onNext(264)) - client-835E41B928D6->6dd5d97a-7455-476f-86d1-706748154c4a: receive RaftClientReply:client-835E41B928D6->6dd5d97a-7455-476f-86d1-706748154c4a@group-349356213E97, cid=1215, SUCCESS, logIndex=0, commits[6dd5d97a-7455-476f-86d1-706748154c4a:c1692, 8c1a4ac2-2d71-4742-ab0b-89dcc95eb13f:c1691, c9d0001a-daad-4532-9e58-9f5f4a7ddd18:c1691]
2019-09-12 14:53:38,456 [grpc-default-executor-5] INFO  client.GrpcClientProtocolClient (GrpcClientProtocolClient.java:onNext(264)) - client-835E41B928D6->6dd5d97a-7455-476f-86d1-706748154c4a: receive RaftClientReply:client-835E41B928D6->6dd5d97a-7455-476f-86d1-706748154c4a@group-349356213E97, cid=1216, SUCCESS, logIndex=1694, commits[6dd5d97a-7455-476f-86d1-706748154c4a:c1697, 8c1a4ac2-2d71-4742-ab0b-89dcc95eb13f:c1693, c9d0001a-daad-4532-9e58-9f5f4a7ddd18:c1693]
2019-09-12 14:53:38,456 [grpc-default-executor-5] INFO  client.GrpcClientProtocolClient (GrpcClientProtocolClient.java:onNext(264)) - client-835E41B928D6->6dd5d97a-7455-476f-86d1-706748154c4a: receive RaftClientReply:client-835E41B928D6->6dd5d97a-7455-476f-86d1-706748154c4a@group-349356213E97, cid=1217, SUCCESS, logIndex=1695, commits[6dd5d97a-7455-476f-86d1-706748154c4a:c1697, 8c1a4ac2-2d71-4742-ab0b-89dcc95eb13f:c1693, c9d0001a-daad-4532-9e58-9f5f4a7ddd18:c1693]
2019-09-12 14:53:38,457 [grpc-default-executor-5] INFO  client.GrpcClientProtocolClient (GrpcClientProtocolClient.java:onNext(264)) - client-835E41B928D6->6dd5d97a-7455-476f-86d1-706748154c4a: receive RaftClientReply:client-835E41B928D6->6dd5d97a-7455-476f-86d1-706748154c4a@group-349356213E97, cid=1218, SUCCESS, logIndex=1696, commits[6dd5d97a-7455-476f-86d1-706748154c4a:c1697, 8c1a4ac2-2d71-4742-ab0b-89dcc95eb13f:c1693, c9d0001a-daad-4532-9e58-9f5f4a7ddd18:c1693]
2019-09-12 14:53:38,457 [grpc-default-executor-5] INFO  client.GrpcClientProtocolClient (GrpcClientProtocolClient.java:onNext(264)) - client-835E41B928D6->6dd5d97a-7455-476f-86d1-706748154c4a: receive RaftClientReply:client-835E41B928D6->6dd5d97a-7455-476f-86d1-706748154c4a@group-349356213E97, cid=1219, SUCCESS, logIndex=1697, commits[6dd5d97a-7455-476f-86d1-706748154c4a:c1697, 8c1a4ac2-2d71-4742-ab0b-89dcc95eb13f:c1693, c9d0001a-daad-4532-9e58-9f5f4a7ddd18:c1693]
2019-09-12 14:53:38,467 [grpc-default-executor-5] INFO  client.GrpcClientProtocolClient (GrpcClientProtocolClient.java:onNext(264)) - client-835E41B928D6->6dd5d97a-7455-476f-86d1-706748154c4a: receive RaftClientReply:client-835E41B928D6->6dd5d97a-7455-476f-86d1-706748154c4a@group-349356213E97, cid=1220, SUCCESS, logIndex=0, commits[6dd5d97a-7455-476f-86d1-706748154c4a:c1698, 8c1a4ac2-2d71-4742-ab0b-89dcc95eb13f:c1695, c9d0001a-daad-4532-9e58-9f5f4a7ddd18:c1695]
2019-09-12 14:53:38,486 [grpc-default-executor-5] INFO  client.GrpcClientProtocolClient (GrpcClientProtocolClient.java:onNext(264)) - client-835E41B928D6->6dd5d97a-7455-476f-86d1-706748154c4a: receive RaftClientReply:client-835E41B928D6->6dd5d97a-7455-476f-86d1-706748154c4a@group-349356213E97, cid=1221, SUCCESS, logIndex=1702, commits[6dd5d97a-7455-476f-86d1-706748154c4a:c1703, 8c1a4ac2-2d71-4742-ab0b-89dcc95eb13f:c1701, c9d0001a-daad-4532-9e58-9f5f4a7ddd18:c1701]
2019-09-12 14:53:38,487 [grpc-default-executor-5] INFO  client.GrpcClientProtocolClient (GrpcClientProtocolClient.java:onNext(264)) - client-835E41B928D6->6dd5d97a-7455-476f-86d1-706748154c4a: receive RaftClientReply:client-835E41B928D6->6dd5d97a-7455-476f-86d1-706748154c4a@group-349356213E97, cid=1222, SUCCESS, logIndex=1703, commits[6dd5d97a-7455-476f-86d1-706748154c4a:c1703, 8c1a4ac2-2d71-4742-ab0b-89dcc95eb13f:c1701, c9d0001a-daad-4532-9e58-9f5f4a7ddd18:c1701]
2019-09-12 14:53:38,501 [grpc-default-executor-7] INFO  client.GrpcClientProtocolClient (GrpcClientProtocolClient.java:onNext(264)) - client-835E41B928D6->6dd5d97a-7455-476f-86d1-706748154c4a: receive RaftClientReply:client-835E41B928D6->6dd5d97a-7455-476f-86d1-706748154c4a@group-349356213E97, cid=1223, SUCCESS, logIndex=1706, commits[6dd5d97a-7455-476f-86d1-706748154c4a:c1706, 8c1a4ac2-2d71-4742-ab0b-89dcc95eb13f:c1703, c9d0001a-daad-4532-9e58-9f5f4a7ddd18:c1703]
2019-09-12 14:53:38,502 [grpc-default-executor-7] INFO  client.GrpcClientProtocolClient (GrpcClientProtocolClient.java:onNext(264)) - client-835E41B928D6->6dd5d97a-7455-476f-86d1-706748154c4a: receive RaftClientReply:client-835E41B928D6->6dd5d97a-7455-476f-86d1-706748154c4a@group-349356213E97, cid=1224, SUCCESS, logIndex=1707, commits[6dd5d97a-7455-476f-86d1-706748154c4a:c1707, 8c1a4ac2-2d71-4742-ab0b-89dcc95eb13f:c1703, c9d0001a-daad-4532-9e58-9f5f4a7ddd18:c1703]
2019-09-12 14:53:38,514 [grpc-default-executor-7] INFO  client.GrpcClientProtocolClient (GrpcClientProtocolClient.java:onNext(264)) - client-835E41B928D6->6dd5d97a-7455-476f-86d1-706748154c4a: receive RaftClientReply:client-835E41B928D6->6dd5d97a-7455-476f-86d1-706748154c4a@group-349356213E97, cid=1225, SUCCESS, logIndex=0, commits[6dd5d97a-7455-476f-86d1-706748154c4a:c1709, 8c1a4ac2-2d71-4742-ab0b-89dcc95eb13f:c1707, c9d0001a-daad-4532-9e58-9f5f4a7ddd18:c1707]
2019-09-12 14:53:38,537 [grpc-default-executor-2] INFO  client.GrpcClientProtocolClient (GrpcClientProtocolClient.java:onNext(264)) - client-835E41B928D6->6dd5d97a-7455-476f-86d1-706748154c4a: receive RaftClientReply:client-835E41B928D6->6dd5d97a-7455-476f-86d1-706748154c4a@group-349356213E97, cid=1226, SUCCESS, logIndex=1710, commits[6dd5d97a-7455-476f-86d1-706748154c4a:c1713, 8c1a4ac2-2d71-4742-ab0b-89dcc95eb13f:c1709, c9d0001a-daad-4532-9e58-9f5f4a7ddd18:c1709]
2019-09-12 14:53:38,538 [grpc-default-executor-2] INFO  client.GrpcClientProtocolClient (GrpcClientProtocolClient.java:onNext(264)) - client-835E41B928D6->6dd5d97a-7455-476f-86d1-706748154c4a: receive RaftClientReply:client-835E41B928D6->6dd5d97a-7455-476f-86d1-706748154c4a@group-349356213E97, cid=1227, SUCCESS, logIndex=1711, commits[6dd5d97a-7455-476f-86d1-706748154c4a:c1713, 8c1a4ac2-2d71-4742-ab0b-89dcc95eb13f:c1709, c9d0001a-daad-4532-9e58-9f5f4a7ddd18:c1709]
2019-09-12 14:53:38,538 [grpc-default-executor-2] INFO  client.GrpcClientProtocolClient (GrpcClientProtocolClient.java:onNext(264)) - client-835E41B928D6->6dd5d97a-7455-476f-86d1-706748154c4a: receive RaftClientReply:client-835E41B928D6->6dd5d97a-7455-476f-86d1-706748154c4a@group-349356213E97, cid=1228, SUCCESS, logIndex=1712, commits[6dd5d97a-7455-476f-86d1-706748154c4a:c1713, 8c1a4ac2-2d71-4742-ab0b-89dcc95eb13f:c1709, c9d0001a-daad-4532-9e58-9f5f4a7ddd18:c1709]
2019-09-12 14:53:38,538 [grpc-default-executor-2] INFO  client.GrpcClientProtocolClient (GrpcClientProtocolClient.java:onNext(264)) - client-835E41B928D6->6dd5d97a-7455-476f-86d1-706748154c4a: receive RaftClientReply:client-835E41B928D6->6dd5d97a-7455-476f-86d1-706748154c4a@group-349356213E97, cid=1229, SUCCESS, logIndex=1713, commits[6dd5d97a-7455-476f-86d1-706748154c4a:c1713, 8c1a4ac2-2d71-4742-ab0b-89dcc95eb13f:c1709, c9d0001a-daad-4532-9e58-9f5f4a7ddd18:c1709]
2019-09-12 14:53:38,539 [grpc-default-executor-2] INFO  client.GrpcClientProtocolClient (GrpcClientProtocolClient.java:onNext(264)) - client-835E41B928D6->6dd5d97a-7455-476f-86d1-706748154c4a: receive RaftClientReply:client-835E41B928D6->6dd5d97a-7455-476f-86d1-706748154c4a@group-349356213E97, cid=1230, SUCCESS, logIndex=0, commits[6dd5d97a-7455-476f-86d1-706748154c4a:c1717, 8c1a4ac2-2d71-4742-ab0b-89dcc95eb13f:c1713, c9d0001a-daad-4532-9e58-9f5f4a7ddd18:c1712]
2019-09-12 14:53:38,558 [grpc-default-executor-7] INFO  client.GrpcClientProtocolClient (GrpcClientProtocolClient.java:onNext(264)) - client-835E41B928D6->6dd5d97a-7455-476f-86d1-706748154c4a: receive RaftClientReply:client-835E41B928D6->6dd5d97a-7455-476f-86d1-706748154c4a@group-349356213E97, cid=1231, SUCCESS, logIndex=1718, commits[6dd5d97a-7455-476f-86d1-706748154c4a:c1719, 8c1a4ac2-2d71-4742-ab0b-89dcc95eb13f:c1717, c9d0001a-daad-4532-9e58-9f5f4a7ddd18:c1717]
2019-09-12 14:53:38,559 [grpc-default-executor-7] INFO  client.GrpcClientProtocolClient (GrpcClientProtocolClient.java:onNext(264)) - client-835E41B928D6->6dd5d97a-7455-476f-86d1-706748154c4a: receive RaftClientReply:client-835E41B928D6->6dd5d97a-7455-476f-86d1-706748154c4a@group-349356213E97, cid=1232, SUCCESS, logIndex=1719, commits[6dd5d97a-7455-476f-86d1-706748154c4a:c1719, 8c1a4ac2-2d71-4742-ab0b-89dcc95eb13f:c1717, c9d0001a-daad-4532-9e58-9f5f4a7ddd18:c1717]
2019-09-12 14:53:38,571 [grpc-default-executor-2] INFO  client.GrpcClientProtocolClient (GrpcClientProtocolClient.java:onNext(264)) - client-835E41B928D6->6dd5d97a-7455-476f-86d1-706748154c4a: receive RaftClientReply:client-835E41B928D6->6dd5d97a-7455-476f-86d1-706748154c4a@group-349356213E97, cid=1233, SUCCESS, logIndex=1722, commits[6dd5d97a-7455-476f-86d1-706748154c4a:c1723, 8c1a4ac2-2d71-4742-ab0b-89dcc95eb13f:c1721, c9d0001a-daad-4532-9e58-9f5f4a7ddd18:c1719]
2019-09-12 14:53:38,572 [grpc-default-executor-2] INFO  client.GrpcClientProtocolClient (GrpcClientProtocolClient.java:onNext(264)) - client-835E41B928D6->6dd5d97a-7455-476f-86d1-706748154c4a: receive RaftClientReply:client-835E41B928D6->6dd5d97a-7455-476f-86d1-706748154c4a@group-349356213E97, cid=1234, SUCCESS, logIndex=1723, commits[6dd5d97a-7455-476f-86d1-706748154c4a:c1723, 8c1a4ac2-2d71-4742-ab0b-89dcc95eb13f:c1721, c9d0001a-daad-4532-9e58-9f5f4a7ddd18:c1721]
2019-09-12 14:53:38,574 [grpc-default-executor-2] INFO  client.GrpcClientProtocolClient (GrpcClientProtocolClient.java:onNext(264)) - client-835E41B928D6->6dd5d97a-7455-476f-86d1-706748154c4a: receive RaftClientReply:client-835E41B928D6->6dd5d97a-7455-476f-86d1-706748154c4a@group-349356213E97, cid=1235, SUCCESS, logIndex=0, commits[6dd5d97a-7455-476f-86d1-706748154c4a:c1724, 8c1a4ac2-2d71-4742-ab0b-89dcc95eb13f:c1723, c9d0001a-daad-4532-9e58-9f5f4a7ddd18:c1723]
2019-09-12 14:53:38,606 [grpc-default-executor-2] INFO  client.GrpcClientProtocolClient (GrpcClientProtocolClient.java:onNext(264)) - client-835E41B928D6->6dd5d97a-7455-476f-86d1-706748154c4a: receive RaftClientReply:client-835E41B928D6->6dd5d97a-7455-476f-86d1-706748154c4a@group-349356213E97, cid=1236, SUCCESS, logIndex=1726, commits[6dd5d97a-7455-476f-86d1-706748154c4a:c1729, 8c1a4ac2-2d71-4742-ab0b-89dcc95eb13f:c1725, c9d0001a-daad-4532-9e58-9f5f4a7ddd18:c1723]
2019-09-12 14:53:38,606 [grpc-default-executor-2] INFO  client.GrpcClientProtocolClient (GrpcClientProtocolClient.java:onNext(264)) - client-835E41B928D6->6dd5d97a-7455-476f-86d1-706748154c4a: receive RaftClientReply:client-835E41B928D6->6dd5d97a-7455-476f-86d1-706748154c4a@group-349356213E97, cid=1237, SUCCESS, logIndex=1727, commits[6dd5d97a-7455-476f-86d1-706748154c4a:c1729, 8c1a4ac2-2d71-4742-ab0b-89dcc95eb13f:c1725, c9d0001a-daad-4532-9e58-9f5f4a7ddd18:c1725]
2019-09-12 14:53:38,607 [grpc-default-executor-2] INFO  client.GrpcClientProtocolClient (GrpcClientProtocolClient.java:onNext(264)) - client-835E41B928D6->6dd5d97a-7455-476f-86d1-706748154c4a: receive RaftClientReply:client-835E41B928D6->6dd5d97a-7455-476f-86d1-706748154c4a@group-349356213E97, cid=1238, SUCCESS, logIndex=1728, commits[6dd5d97a-7455-476f-86d1-706748154c4a:c1729, 8c1a4ac2-2d71-4742-ab0b-89dcc95eb13f:c1725, c9d0001a-daad-4532-9e58-9f5f4a7ddd18:c1725]
2019-09-12 14:53:38,607 [grpc-default-executor-2] INFO  client.GrpcClientProtocolClient (GrpcClientProtocolClient.java:onNext(264)) - client-835E41B928D6->6dd5d97a-7455-476f-86d1-706748154c4a: receive RaftClientReply:client-835E41B928D6->6dd5d97a-7455-476f-86d1-706748154c4a@group-349356213E97, cid=1239, SUCCESS, logIndex=1729, commits[6dd5d97a-7455-476f-86d1-706748154c4a:c1729, 8c1a4ac2-2d71-4742-ab0b-89dcc95eb13f:c1725, c9d0001a-daad-4532-9e58-9f5f4a7ddd18:c1725]
2019-09-12 14:53:38,608 [grpc-default-executor-2] INFO  client.GrpcClientProtocolClient (GrpcClientProtocolClient.java:onNext(264)) - client-835E41B928D6->6dd5d97a-7455-476f-86d1-706748154c4a: receive RaftClientReply:client-835E41B928D6->6dd5d97a-7455-476f-86d1-706748154c4a@group-349356213E97, cid=1240, SUCCESS, logIndex=0, commits[6dd5d97a-7455-476f-86d1-706748154c4a:c1730, 8c1a4ac2-2d71-4742-ab0b-89dcc95eb13f:c1728, c9d0001a-daad-4532-9e58-9f5f4a7ddd18:c1728]
2019-09-12 14:53:38,619 [grpc-default-executor-7] INFO  client.GrpcClientProtocolClient (GrpcClientProtocolClient.java:onNext(264)) - client-835E41B928D6->6dd5d97a-7455-476f-86d1-706748154c4a: receive RaftClientReply:client-835E41B928D6->6dd5d97a-7455-476f-86d1-706748154c4a@group-349356213E97, cid=1241, SUCCESS, logIndex=1733, commits[6dd5d97a-7455-476f-86d1-706748154c4a:c1734, 8c1a4ac2-2d71-4742-ab0b-89dcc95eb13f:c1732, c9d0001a-daad-4532-9e58-9f5f4a7ddd18:c1729]
2019-09-12 14:53:38,620 [grpc-default-executor-2] INFO  client.GrpcClientProtocolClient (GrpcClientProtocolClient.java:onNext(264)) - client-835E41B928D6->6dd5d97a-7455-476f-86d1-706748154c4a: receive RaftClientReply:client-835E41B928D6->6dd5d97a-7455-476f-86d1-706748154c4a@group-349356213E97, cid=1242, SUCCESS, logIndex=1734, commits[6dd5d97a-7455-476f-86d1-706748154c4a:c1734, 8c1a4ac2-2d71-4742-ab0b-89dcc95eb13f:c1732, c9d0001a-daad-4532-9e58-9f5f4a7ddd18:c1729]
2019-09-12 14:53:38,630 [grpc-default-executor-2] INFO  client.GrpcClientProtocolClient (GrpcClientProtocolClient.java:onNext(264)) - client-835E41B928D6->6dd5d97a-7455-476f-86d1-706748154c4a: receive RaftClientReply:client-835E41B928D6->6dd5d97a-7455-476f-86d1-706748154c4a@group-349356213E97, cid=1243, SUCCESS, logIndex=1737, commits[6dd5d97a-7455-476f-86d1-706748154c4a:c1738, 8c1a4ac2-2d71-4742-ab0b-89dcc95eb13f:c1736, c9d0001a-daad-4532-9e58-9f5f4a7ddd18:c1736]
2019-09-12 14:53:38,631 [grpc-default-executor-2] INFO  client.GrpcClientProtocolClient (GrpcClientProtocolClient.java:onNext(264)) - client-835E41B928D6->6dd5d97a-7455-476f-86d1-706748154c4a: receive RaftClientReply:client-835E41B928D6->6dd5d97a-7455-476f-86d1-706748154c4a@group-349356213E97, cid=1244, SUCCESS, logIndex=1738, commits[6dd5d97a-7455-476f-86d1-706748154c4a:c1738, 8c1a4ac2-2d71-4742-ab0b-89dcc95eb13f:c1736, c9d0001a-daad-4532-9e58-9f5f4a7ddd18:c1736]
2019-09-12 14:53:38,633 [grpc-default-executor-2] INFO  client.GrpcClientProtocolClient (GrpcClientProtocolClient.java:onNext(264)) - client-835E41B928D6->6dd5d97a-7455-476f-86d1-706748154c4a: receive RaftClientReply:client-835E41B928D6->6dd5d97a-7455-476f-86d1-706748154c4a@group-349356213E97, cid=1245, SUCCESS, logIndex=0, commits[6dd5d97a-7455-476f-86d1-706748154c4a:c1739, 8c1a4ac2-2d71-4742-ab0b-89dcc95eb13f:c1738, c9d0001a-daad-4532-9e58-9f5f4a7ddd18:c1738]
2019-09-12 14:53:38,661 [grpc-default-executor-5] INFO  client.GrpcClientProtocolClient (GrpcClientProtocolClient.java:onNext(264)) - client-835E41B928D6->6dd5d97a-7455-476f-86d1-706748154c4a: receive RaftClientReply:client-835E41B928D6->6dd5d97a-7455-476f-86d1-706748154c4a@group-349356213E97, cid=1246, SUCCESS, logIndex=1741, commits[6dd5d97a-7455-476f-86d1-706748154c4a:c1743, 8c1a4ac2-2d71-4742-ab0b-89dcc95eb13f:c1740, c9d0001a-daad-4532-9e58-9f5f4a7ddd18:c1740]
2019-09-12 14:53:38,662 [grpc-default-executor-5] INFO  client.GrpcClientProtocolClient (GrpcClientProtocolClient.java:onNext(264)) - client-835E41B928D6->6dd5d97a-7455-476f-86d1-706748154c4a: receive RaftClientReply:client-835E41B928D6->6dd5d97a-7455-476f-86d1-706748154c4a@group-349356213E97, cid=1247, SUCCESS, logIndex=1742, commits[6dd5d97a-7455-476f-86d1-706748154c4a:c1744, 8c1a4ac2-2d71-4742-ab0b-89dcc95eb13f:c1740, c9d0001a-daad-4532-9e58-9f5f4a7ddd18:c1740]
2019-09-12 14:53:38,662 [grpc-default-executor-5] INFO  client.GrpcClientProtocolClient (GrpcClientProtocolClient.java:onNext(264)) - client-835E41B928D6->6dd5d97a-7455-476f-86d1-706748154c4a: receive RaftClientReply:client-835E41B928D6->6dd5d97a-7455-476f-86d1-706748154c4a@group-349356213E97, cid=1248, SUCCESS, logIndex=1743, commits[6dd5d97a-7455-476f-86d1-706748154c4a:c1744, 8c1a4ac2-2d71-4742-ab0b-89dcc95eb13f:c1740, c9d0001a-daad-4532-9e58-9f5f4a7ddd18:c1740]
2019-09-12 14:53:38,662 [grpc-default-executor-5] INFO  client.GrpcClientProtocolClient (GrpcClientProtocolClient.java:onNext(264)) - client-835E41B928D6->6dd5d97a-7455-476f-86d1-706748154c4a: receive RaftClientReply:client-835E41B928D6->6dd5d97a-7455-476f-86d1-706748154c4a@group-349356213E97, cid=1249, SUCCESS, logIndex=1744, commits[6dd5d97a-7455-476f-86d1-706748154c4a:c1744, 8c1a4ac2-2d71-4742-ab0b-89dcc95eb13f:c1740, c9d0001a-daad-4532-9e58-9f5f4a7ddd18:c1740]
2019-09-12 14:53:38,673 [grpc-default-executor-5] INFO  client.GrpcClientProtocolClient (GrpcClientProtocolClient.java:onNext(264)) - client-835E41B928D6->6dd5d97a-7455-476f-86d1-706748154c4a: receive RaftClientReply:client-835E41B928D6->6dd5d97a-7455-476f-86d1-706748154c4a@group-349356213E97, cid=1250, SUCCESS, logIndex=0, commits[6dd5d97a-7455-476f-86d1-706748154c4a:c1746, 8c1a4ac2-2d71-4742-ab0b-89dcc95eb13f:c1742, c9d0001a-daad-4532-9e58-9f5f4a7ddd18:c1742]
2019-09-12 14:53:38,704 [grpc-default-executor-5] INFO  client.GrpcClientProtocolClient (GrpcClientProtocolClient.java:onNext(264)) - client-835E41B928D6->6dd5d97a-7455-476f-86d1-706748154c4a: receive RaftClientReply:client-835E41B928D6->6dd5d97a-7455-476f-86d1-706748154c4a@group-349356213E97, cid=1251, SUCCESS, logIndex=1749, commits[6dd5d97a-7455-476f-86d1-706748154c4a:c1750, 8c1a4ac2-2d71-4742-ab0b-89dcc95eb13f:c1748, c9d0001a-daad-4532-9e58-9f5f4a7ddd18:c1748]
2019-09-12 14:53:38,705 [grpc-default-executor-5] INFO  client.GrpcClientProtocolClient (GrpcClientProtocolClient.java:onNext(264)) - client-835E41B928D6->6dd5d97a-7455-476f-86d1-706748154c4a: receive RaftClientReply:client-835E41B928D6->6dd5d97a-7455-476f-86d1-706748154c4a@group-349356213E97, cid=1252, SUCCESS, logIndex=1750, commits[6dd5d97a-7455-476f-86d1-706748154c4a:c1750, 8c1a4ac2-2d71-4742-ab0b-89dcc95eb13f:c1748, c9d0001a-daad-4532-9e58-9f5f4a7ddd18:c1748]
2019-09-12 14:53:38,718 [grpc-default-executor-2] INFO  client.GrpcClientProtocolClient (GrpcClientProtocolClient.java:onNext(264)) - client-835E41B928D6->6dd5d97a-7455-476f-86d1-706748154c4a: receive RaftClientReply:client-835E41B928D6->6dd5d97a-7455-476f-86d1-706748154c4a@group-349356213E97, cid=1253, SUCCESS, logIndex=1753, commits[6dd5d97a-7455-476f-86d1-706748154c4a:c1754, 8c1a4ac2-2d71-4742-ab0b-89dcc95eb13f:c1750, c9d0001a-daad-4532-9e58-9f5f4a7ddd18:c1750]
2019-09-12 14:53:38,718 [grpc-default-executor-2] INFO  client.GrpcClientProtocolClient (GrpcClientProtocolClient.java:onNext(264)) - client-835E41B928D6->6dd5d97a-7455-476f-86d1-706748154c4a: receive RaftClientReply:client-835E41B928D6->6dd5d97a-7455-476f-86d1-706748154c4a@group-349356213E97, cid=1254, SUCCESS, logIndex=1754, commits[6dd5d97a-7455-476f-86d1-706748154c4a:c1754, 8c1a4ac2-2d71-4742-ab0b-89dcc95eb13f:c1750, c9d0001a-daad-4532-9e58-9f5f4a7ddd18:c1750]
2019-09-12 14:53:38,731 [grpc-default-executor-5] INFO  client.GrpcClientProtocolClient (GrpcClientProtocolClient.java:onNext(264)) - client-835E41B928D6->6dd5d97a-7455-476f-86d1-706748154c4a: receive RaftClientReply:client-835E41B928D6->6dd5d97a-7455-476f-86d1-706748154c4a@group-349356213E97, cid=1255, SUCCESS, logIndex=0, commits[6dd5d97a-7455-476f-86d1-706748154c4a:c1756, 8c1a4ac2-2d71-4742-ab0b-89dcc95eb13f:c1754, c9d0001a-daad-4532-9e58-9f5f4a7ddd18:c1754]
2019-09-12 14:53:38,763 [grpc-default-executor-7] INFO  client.GrpcClientProtocolClient (GrpcClientProtocolClient.java:onNext(264)) - client-835E41B928D6->6dd5d97a-7455-476f-86d1-706748154c4a: receive RaftClientReply:client-835E41B928D6->6dd5d97a-7455-476f-86d1-706748154c4a@group-349356213E97, cid=1256, SUCCESS, logIndex=1757, commits[6dd5d97a-7455-476f-86d1-706748154c4a:c1758, 8c1a4ac2-2d71-4742-ab0b-89dcc95eb13f:c1756, c9d0001a-daad-4532-9e58-9f5f4a7ddd18:c1756]
2019-09-12 14:53:38,764 [grpc-default-executor-7] INFO  client.GrpcClientProtocolClient (GrpcClientProtocolClient.java:onNext(264)) - client-835E41B928D6->6dd5d97a-7455-476f-86d1-706748154c4a: receive RaftClientReply:client-835E41B928D6->6dd5d97a-7455-476f-86d1-706748154c4a@group-349356213E97, cid=1257, SUCCESS, logIndex=1758, commits[6dd5d97a-7455-476f-86d1-706748154c4a:c1759, 8c1a4ac2-2d71-4742-ab0b-89dcc95eb13f:c1756, c9d0001a-daad-4532-9e58-9f5f4a7ddd18:c1756]
2019-09-12 14:53:38,764 [grpc-default-executor-7] INFO  client.GrpcClientProtocolClient (GrpcClientProtocolClient.java:onNext(264)) - client-835E41B928D6->6dd5d97a-7455-476f-86d1-706748154c4a: receive RaftClientReply:client-835E41B928D6->6dd5d97a-7455-476f-86d1-706748154c4a@group-349356213E97, cid=1258, SUCCESS, logIndex=1759, commits[6dd5d97a-7455-476f-86d1-706748154c4a:c1760, 8c1a4ac2-2d71-4742-ab0b-89dcc95eb13f:c1756, c9d0001a-daad-4532-9e58-9f5f4a7ddd18:c1756]
2019-09-12 14:53:38,764 [grpc-default-executor-7] INFO  client.GrpcClientProtocolClient (GrpcClientProtocolClient.java:onNext(264)) - client-835E41B928D6->6dd5d97a-7455-476f-86d1-706748154c4a: receive RaftClientReply:client-835E41B928D6->6dd5d97a-7455-476f-86d1-706748154c4a@group-349356213E97, cid=1259, SUCCESS, logIndex=1760, commits[6dd5d97a-7455-476f-86d1-706748154c4a:c1760, 8c1a4ac2-2d71-4742-ab0b-89dcc95eb13f:c1756, c9d0001a-daad-4532-9e58-9f5f4a7ddd18:c1756]
2019-09-12 14:53:38,774 [grpc-default-executor-5] INFO  client.GrpcClientProtocolClient (GrpcClientProtocolClient.java:onNext(264)) - client-835E41B928D6->6dd5d97a-7455-476f-86d1-706748154c4a: receive RaftClientReply:client-835E41B928D6->6dd5d97a-7455-476f-86d1-706748154c4a@group-349356213E97, cid=1260, SUCCESS, logIndex=0, commits[6dd5d97a-7455-476f-86d1-706748154c4a:c1762, 8c1a4ac2-2d71-4742-ab0b-89dcc95eb13f:c1758, c9d0001a-daad-4532-9e58-9f5f4a7ddd18:c1759]
2019-09-12 14:53:38,794 [grpc-default-executor-5] INFO  client.GrpcClientProtocolClient (GrpcClientProtocolClient.java:onNext(264)) - client-835E41B928D6->6dd5d97a-7455-476f-86d1-706748154c4a: receive RaftClientReply:client-835E41B928D6->6dd5d97a-7455-476f-86d1-706748154c4a@group-349356213E97, cid=1261, SUCCESS, logIndex=1765, commits[6dd5d97a-7455-476f-86d1-706748154c4a:c1766, 8c1a4ac2-2d71-4742-ab0b-89dcc95eb13f:c1764, c9d0001a-daad-4532-9e58-9f5f4a7ddd18:c1764]
2019-09-12 14:53:38,795 [grpc-default-executor-5] INFO  client.GrpcClientProtocolClient (GrpcClientProtocolClient.java:onNext(264)) - client-835E41B928D6->6dd5d97a-7455-476f-86d1-706748154c4a: receive RaftClientReply:client-835E41B928D6->6dd5d97a-7455-476f-86d1-706748154c4a@group-349356213E97, cid=1262, SUCCESS, logIndex=1766, commits[6dd5d97a-7455-476f-86d1-706748154c4a:c1766, 8c1a4ac2-2d71-4742-ab0b-89dcc95eb13f:c1764, c9d0001a-daad-4532-9e58-9f5f4a7ddd18:c1764]
2019-09-12 14:53:38,810 [grpc-default-executor-7] INFO  client.GrpcClientProtocolClient (GrpcClientProtocolClient.java:onNext(264)) - client-835E41B928D6->6dd5d97a-7455-476f-86d1-706748154c4a: receive RaftClientReply:client-835E41B928D6->6dd5d97a-7455-476f-86d1-706748154c4a@group-349356213E97, cid=1263, SUCCESS, logIndex=1769, commits[6dd5d97a-7455-476f-86d1-706748154c4a:c1770, 8c1a4ac2-2d71-4742-ab0b-89dcc95eb13f:c1766, c9d0001a-daad-4532-9e58-9f5f4a7ddd18:c1766]
2019-09-12 14:53:38,810 [grpc-default-executor-7] INFO  client.GrpcClientProtocolClient (GrpcClientProtocolClient.java:onNext(264)) - client-835E41B928D6->6dd5d97a-7455-476f-86d1-706748154c4a: receive RaftClientReply:client-835E41B928D6->6dd5d97a-7455-476f-86d1-706748154c4a@group-349356213E97, cid=1264, SUCCESS, logIndex=1770, commits[6dd5d97a-7455-476f-86d1-706748154c4a:c1770, 8c1a4ac2-2d71-4742-ab0b-89dcc95eb13f:c1766, c9d0001a-daad-4532-9e58-9f5f4a7ddd18:c1766]
2019-09-12 14:53:38,821 [grpc-default-executor-7] INFO  client.GrpcClientProtocolClient (GrpcClientProtocolClient.java:onNext(264)) - client-835E41B928D6->6dd5d97a-7455-476f-86d1-706748154c4a: receive RaftClientReply:client-835E41B928D6->6dd5d97a-7455-476f-86d1-706748154c4a@group-349356213E97, cid=1265, SUCCESS, logIndex=0, commits[6dd5d97a-7455-476f-86d1-706748154c4a:c1771, 8c1a4ac2-2d71-4742-ab0b-89dcc95eb13f:c1770, c9d0001a-daad-4532-9e58-9f5f4a7ddd18:c1770]
2019-09-12 14:53:38,853 [grpc-default-executor-2] INFO  client.GrpcClientProtocolClient (GrpcClientProtocolClient.java:onNext(264)) - client-835E41B928D6->6dd5d97a-7455-476f-86d1-706748154c4a: receive RaftClientReply:client-835E41B928D6->6dd5d97a-7455-476f-86d1-706748154c4a@group-349356213E97, cid=1266, SUCCESS, logIndex=1772, commits[6dd5d97a-7455-476f-86d1-706748154c4a:c1773, 8c1a4ac2-2d71-4742-ab0b-89dcc95eb13f:c1771, c9d0001a-daad-4532-9e58-9f5f4a7ddd18:c1771]
2019-09-12 14:53:38,854 [grpc-default-executor-2] INFO  client.GrpcClientProtocolClient (GrpcClientProtocolClient.java:onNext(264)) - client-835E41B928D6->6dd5d97a-7455-476f-86d1-706748154c4a: receive RaftClientReply:client-835E41B928D6->6dd5d97a-7455-476f-86d1-706748154c4a@group-349356213E97, cid=1267, SUCCESS, logIndex=1773, commits[6dd5d97a-7455-476f-86d1-706748154c4a:c1775, 8c1a4ac2-2d71-4742-ab0b-89dcc95eb13f:c1771, c9d0001a-daad-4532-9e58-9f5f4a7ddd18:c1771]
2019-09-12 14:53:38,854 [grpc-default-executor-7] INFO  client.GrpcClientProtocolClient (GrpcClientProtocolClient.java:onNext(264)) - client-835E41B928D6->6dd5d97a-7455-476f-86d1-706748154c4a: receive RaftClientReply:client-835E41B928D6->6dd5d97a-7455-476f-86d1-706748154c4a@group-349356213E97, cid=1268, SUCCESS, logIndex=1774, commits[6dd5d97a-7455-476f-86d1-706748154c4a:c1775, 8c1a4ac2-2d71-4742-ab0b-89dcc95eb13f:c1771, c9d0001a-daad-4532-9e58-9f5f4a7ddd18:c1771]
2019-09-12 14:53:38,854 [grpc-default-executor-2] INFO  client.GrpcClientProtocolClient (GrpcClientProtocolClient.java:onNext(264)) - client-835E41B928D6->6dd5d97a-7455-476f-86d1-706748154c4a: receive RaftClientReply:client-835E41B928D6->6dd5d97a-7455-476f-86d1-706748154c4a@group-349356213E97, cid=1269, SUCCESS, logIndex=1775, commits[6dd5d97a-7455-476f-86d1-706748154c4a:c1775, 8c1a4ac2-2d71-4742-ab0b-89dcc95eb13f:c1771, c9d0001a-daad-4532-9e58-9f5f4a7ddd18:c1771]
2019-09-12 14:53:38,856 [grpc-default-executor-2] INFO  client.GrpcClientProtocolClient (GrpcClientProtocolClient.java:onNext(264)) - client-835E41B928D6->6dd5d97a-7455-476f-86d1-706748154c4a: receive RaftClientReply:client-835E41B928D6->6dd5d97a-7455-476f-86d1-706748154c4a@group-349356213E97, cid=1270, SUCCESS, logIndex=0, commits[6dd5d97a-7455-476f-86d1-706748154c4a:c1776, 8c1a4ac2-2d71-4742-ab0b-89dcc95eb13f:c1773, c9d0001a-daad-4532-9e58-9f5f4a7ddd18:c1773]
2019-09-12 14:53:38,876 [grpc-default-executor-2] INFO  client.GrpcClientProtocolClient (GrpcClientProtocolClient.java:onNext(264)) - client-835E41B928D6->6dd5d97a-7455-476f-86d1-706748154c4a: receive RaftClientReply:client-835E41B928D6->6dd5d97a-7455-476f-86d1-706748154c4a@group-349356213E97, cid=1271, SUCCESS, logIndex=1780, commits[6dd5d97a-7455-476f-86d1-706748154c4a:c1781, 8c1a4ac2-2d71-4742-ab0b-89dcc95eb13f:c1779, c9d0001a-daad-4532-9e58-9f5f4a7ddd18:c1779]
2019-09-12 14:53:38,877 [grpc-default-executor-2] INFO  client.GrpcClientProtocolClient (GrpcClientProtocolClient.java:onNext(264)) - client-835E41B928D6->6dd5d97a-7455-476f-86d1-706748154c4a: receive RaftClientReply:client-835E41B928D6->6dd5d97a-7455-476f-86d1-706748154c4a@group-349356213E97, cid=1272, SUCCESS, logIndex=1781, commits[6dd5d97a-7455-476f-86d1-706748154c4a:c1781, 8c1a4ac2-2d71-4742-ab0b-89dcc95eb13f:c1779, c9d0001a-daad-4532-9e58-9f5f4a7ddd18:c1779]
2019-09-12 14:53:38,889 [grpc-default-executor-7] INFO  client.GrpcClientProtocolClient (GrpcClientProtocolClient.java:onNext(264)) - client-835E41B928D6->6dd5d97a-7455-476f-86d1-706748154c4a: receive RaftClientReply:client-835E41B928D6->6dd5d97a-7455-476f-86d1-706748154c4a@group-349356213E97, cid=1273, SUCCESS, logIndex=1784, commits[6dd5d97a-7455-476f-86d1-706748154c4a:c1784, 8c1a4ac2-2d71-4742-ab0b-89dcc95eb13f:c1781, c9d0001a-daad-4532-9e58-9f5f4a7ddd18:c1781]
2019-09-12 14:53:38,890 [grpc-default-executor-7] INFO  client.GrpcClientProtocolClient (GrpcClientProtocolClient.java:onNext(264)) - client-835E41B928D6->6dd5d97a-7455-476f-86d1-706748154c4a: receive RaftClientReply:client-835E41B928D6->6dd5d97a-7455-476f-86d1-706748154c4a@group-349356213E97, cid=1274, SUCCESS, logIndex=1785, commits[6dd5d97a-7455-476f-86d1-706748154c4a:c1785, 8c1a4ac2-2d71-4742-ab0b-89dcc95eb13f:c1781, c9d0001a-daad-4532-9e58-9f5f4a7ddd18:c1781]
2019-09-12 14:53:38,913 [grpc-default-executor-7] INFO  client.GrpcClientProtocolClient (GrpcClientProtocolClient.java:onNext(264)) - client-835E41B928D6->6dd5d97a-7455-476f-86d1-706748154c4a: receive RaftClientReply:client-835E41B928D6->6dd5d97a-7455-476f-86d1-706748154c4a@group-349356213E97, cid=1275, SUCCESS, logIndex=0, commits[6dd5d97a-7455-476f-86d1-706748154c4a:c1787, 8c1a4ac2-2d71-4742-ab0b-89dcc95eb13f:c1785, c9d0001a-daad-4532-9e58-9f5f4a7ddd18:c1785]
2019-09-12 14:53:39,038 [grpc-default-executor-5] INFO  client.GrpcClientProtocolClient (GrpcClientProtocolClient.java:onNext(264)) - client-835E41B928D6->6dd5d97a-7455-476f-86d1-706748154c4a: receive RaftClientReply:client-835E41B928D6->6dd5d97a-7455-476f-86d1-706748154c4a@group-349356213E97, cid=1276, SUCCESS, logIndex=1788, commits[6dd5d97a-7455-476f-86d1-706748154c4a:c1790, 8c1a4ac2-2d71-4742-ab0b-89dcc95eb13f:c1787, c9d0001a-daad-4532-9e58-9f5f4a7ddd18:c1787]
2019-09-12 14:53:39,041 [grpc-default-executor-5] INFO  client.GrpcClientProtocolClient (GrpcClientProtocolClient.java:onNext(264)) - client-835E41B928D6->6dd5d97a-7455-476f-86d1-706748154c4a: receive RaftClientReply:client-835E41B928D6->6dd5d97a-7455-476f-86d1-706748154c4a@group-349356213E97, cid=1277, SUCCESS, logIndex=1789, commits[6dd5d97a-7455-476f-86d1-706748154c4a:c1791, 8c1a4ac2-2d71-4742-ab0b-89dcc95eb13f:c1787, c9d0001a-daad-4532-9e58-9f5f4a7ddd18:c1787]
2019-09-12 14:53:39,041 [grpc-default-executor-5] INFO  client.GrpcClientProtocolClient (GrpcClientProtocolClient.java:onNext(264)) - client-835E41B928D6->6dd5d97a-7455-476f-86d1-706748154c4a: receive RaftClientReply:client-835E41B928D6->6dd5d97a-7455-476f-86d1-706748154c4a@group-349356213E97, cid=1278, SUCCESS, logIndex=1790, commits[6dd5d97a-7455-476f-86d1-706748154c4a:c1791, 8c1a4ac2-2d71-4742-ab0b-89dcc95eb13f:c1787, c9d0001a-daad-4532-9e58-9f5f4a7ddd18:c1787]
2019-09-12 14:53:39,041 [grpc-default-executor-5] INFO  client.GrpcClientProtocolClient (GrpcClientProtocolClient.java:onNext(264)) - client-835E41B928D6->6dd5d97a-7455-476f-86d1-706748154c4a: receive RaftClientReply:client-835E41B928D6->6dd5d97a-7455-476f-86d1-706748154c4a@group-349356213E97, cid=1279, SUCCESS, logIndex=1791, commits[6dd5d97a-7455-476f-86d1-706748154c4a:c1791, 8c1a4ac2-2d71-4742-ab0b-89dcc95eb13f:c1787, c9d0001a-daad-4532-9e58-9f5f4a7ddd18:c1787]
2019-09-12 14:53:39,051 [grpc-default-executor-5] INFO  client.GrpcClientProtocolClient (GrpcClientProtocolClient.java:onNext(264)) - client-835E41B928D6->6dd5d97a-7455-476f-86d1-706748154c4a: receive RaftClientReply:client-835E41B928D6->6dd5d97a-7455-476f-86d1-706748154c4a@group-349356213E97, cid=1280, SUCCESS, logIndex=0, commits[6dd5d97a-7455-476f-86d1-706748154c4a:c1792, 8c1a4ac2-2d71-4742-ab0b-89dcc95eb13f:c1789, c9d0001a-daad-4532-9e58-9f5f4a7ddd18:c1789]
2019-09-12 14:53:39,071 [grpc-default-executor-5] INFO  client.GrpcClientProtocolClient (GrpcClientProtocolClient.java:onNext(264)) - client-835E41B928D6->6dd5d97a-7455-476f-86d1-706748154c4a: receive RaftClientReply:client-835E41B928D6->6dd5d97a-7455-476f-86d1-706748154c4a@group-349356213E97, cid=1281, SUCCESS, logIndex=1796, commits[6dd5d97a-7455-476f-86d1-706748154c4a:c1797, 8c1a4ac2-2d71-4742-ab0b-89dcc95eb13f:c1795, c9d0001a-daad-4532-9e58-9f5f4a7ddd18:c1795]
2019-09-12 14:53:39,071 [grpc-default-executor-5] INFO  client.GrpcClientProtocolClient (GrpcClientProtocolClient.java:onNext(264)) - client-835E41B928D6->6dd5d97a-7455-476f-86d1-706748154c4a: receive RaftClientReply:client-835E41B928D6->6dd5d97a-7455-476f-86d1-706748154c4a@group-349356213E97, cid=1282, SUCCESS, logIndex=1797, commits[6dd5d97a-7455-476f-86d1-706748154c4a:c1797, 8c1a4ac2-2d71-4742-ab0b-89dcc95eb13f:c1795, c9d0001a-daad-4532-9e58-9f5f4a7ddd18:c1795]
2019-09-12 14:53:39,084 [grpc-default-executor-2] INFO  client.GrpcClientProtocolClient (GrpcClientProtocolClient.java:onNext(264)) - client-835E41B928D6->6dd5d97a-7455-476f-86d1-706748154c4a: receive RaftClientReply:client-835E41B928D6->6dd5d97a-7455-476f-86d1-706748154c4a@group-349356213E97, cid=1283, SUCCESS, logIndex=1800, commits[6dd5d97a-7455-476f-86d1-706748154c4a:c1800, 8c1a4ac2-2d71-4742-ab0b-89dcc95eb13f:c1797, c9d0001a-daad-4532-9e58-9f5f4a7ddd18:c1797]
2019-09-12 14:53:39,084 [grpc-default-executor-2] INFO  client.GrpcClientProtocolClient (GrpcClientProtocolClient.java:onNext(264)) - client-835E41B928D6->6dd5d97a-7455-476f-86d1-706748154c4a: receive RaftClientReply:client-835E41B928D6->6dd5d97a-7455-476f-86d1-706748154c4a@group-349356213E97, cid=1284, SUCCESS, logIndex=1801, commits[6dd5d97a-7455-476f-86d1-706748154c4a:c1801, 8c1a4ac2-2d71-4742-ab0b-89dcc95eb13f:c1797, c9d0001a-daad-4532-9e58-9f5f4a7ddd18:c1797]
2019-09-12 14:53:39,097 [grpc-default-executor-7] INFO  client.GrpcClientProtocolClient (GrpcClientProtocolClient.java:onNext(264)) - client-835E41B928D6->6dd5d97a-7455-476f-86d1-706748154c4a: receive RaftClientReply:client-835E41B928D6->6dd5d97a-7455-476f-86d1-706748154c4a@group-349356213E97, cid=1285, SUCCESS, logIndex=0, commits[6dd5d97a-7455-476f-86d1-706748154c4a:c1803, 8c1a4ac2-2d71-4742-ab0b-89dcc95eb13f:c1801, c9d0001a-daad-4532-9e58-9f5f4a7ddd18:c1801]
2019-09-12 14:53:39,127 [grpc-default-executor-5] INFO  client.GrpcClientProtocolClient (GrpcClientProtocolClient.java:onNext(264)) - client-835E41B928D6->6dd5d97a-7455-476f-86d1-706748154c4a: receive RaftClientReply:client-835E41B928D6->6dd5d97a-7455-476f-86d1-706748154c4a@group-349356213E97, cid=1286, SUCCESS, logIndex=1804, commits[6dd5d97a-7455-476f-86d1-706748154c4a:c1805, 8c1a4ac2-2d71-4742-ab0b-89dcc95eb13f:c1803, c9d0001a-daad-4532-9e58-9f5f4a7ddd18:c1803]
2019-09-12 14:53:39,127 [grpc-default-executor-5] INFO  client.GrpcClientProtocolClient (GrpcClientProtocolClient.java:onNext(264)) - client-835E41B928D6->6dd5d97a-7455-476f-86d1-706748154c4a: receive RaftClientReply:client-835E41B928D6->6dd5d97a-7455-476f-86d1-706748154c4a@group-349356213E97, cid=1287, SUCCESS, logIndex=1805, commits[6dd5d97a-7455-476f-86d1-706748154c4a:c1807, 8c1a4ac2-2d71-4742-ab0b-89dcc95eb13f:c1803, c9d0001a-daad-4532-9e58-9f5f4a7ddd18:c1803]
2019-09-12 14:53:39,127 [grpc-default-executor-5] INFO  client.GrpcClientProtocolClient (GrpcClientProtocolClient.java:onNext(264)) - client-835E41B928D6->6dd5d97a-7455-476f-86d1-706748154c4a: receive RaftClientReply:client-835E41B928D6->6dd5d97a-7455-476f-86d1-706748154c4a@group-349356213E97, cid=1288, SUCCESS, logIndex=1806, commits[6dd5d97a-7455-476f-86d1-706748154c4a:c1807, 8c1a4ac2-2d71-4742-ab0b-89dcc95eb13f:c1803, c9d0001a-daad-4532-9e58-9f5f4a7ddd18:c1803]
2019-09-12 14:53:39,128 [grpc-default-executor-5] INFO  client.GrpcClientProtocolClient (GrpcClientProtocolClient.java:onNext(264)) - client-835E41B928D6->6dd5d97a-7455-476f-86d1-706748154c4a: receive RaftClientReply:client-835E41B928D6->6dd5d97a-7455-476f-86d1-706748154c4a@group-349356213E97, cid=1289, SUCCESS, logIndex=1807, commits[6dd5d97a-7455-476f-86d1-706748154c4a:c1807, 8c1a4ac2-2d71-4742-ab0b-89dcc95eb13f:c1803, c9d0001a-daad-4532-9e58-9f5f4a7ddd18:c1803]
2019-09-12 14:53:39,140 [grpc-default-executor-5] INFO  client.GrpcClientProtocolClient (GrpcClientProtocolClient.java:onNext(264)) - client-835E41B928D6->6dd5d97a-7455-476f-86d1-706748154c4a: receive RaftClientReply:client-835E41B928D6->6dd5d97a-7455-476f-86d1-706748154c4a@group-349356213E97, cid=1290, SUCCESS, logIndex=0, commits[6dd5d97a-7455-476f-86d1-706748154c4a:c1809, 8c1a4ac2-2d71-4742-ab0b-89dcc95eb13f:c1805, c9d0001a-daad-4532-9e58-9f5f4a7ddd18:c1805]
2019-09-12 14:53:39,158 [grpc-default-executor-7] INFO  client.GrpcClientProtocolClient (GrpcClientProtocolClient.java:onNext(264)) - client-835E41B928D6->6dd5d97a-7455-476f-86d1-706748154c4a: receive RaftClientReply:client-835E41B928D6->6dd5d97a-7455-476f-86d1-706748154c4a@group-349356213E97, cid=1291, SUCCESS, logIndex=1811, commits[6dd5d97a-7455-476f-86d1-706748154c4a:c1812, 8c1a4ac2-2d71-4742-ab0b-89dcc95eb13f:c1810, c9d0001a-daad-4532-9e58-9f5f4a7ddd18:c1810]
2019-09-12 14:53:39,158 [grpc-default-executor-7] INFO  client.GrpcClientProtocolClient (GrpcClientProtocolClient.java:onNext(264)) - client-835E41B928D6->6dd5d97a-7455-476f-86d1-706748154c4a: receive RaftClientReply:client-835E41B928D6->6dd5d97a-7455-476f-86d1-706748154c4a@group-349356213E97, cid=1292, SUCCESS, logIndex=1812, commits[6dd5d97a-7455-476f-86d1-706748154c4a:c1812, 8c1a4ac2-2d71-4742-ab0b-89dcc95eb13f:c1810, c9d0001a-daad-4532-9e58-9f5f4a7ddd18:c1810]
2019-09-12 14:53:39,173 [grpc-default-executor-7] INFO  client.GrpcClientProtocolClient (GrpcClientProtocolClient.java:onNext(264)) - client-835E41B928D6->6dd5d97a-7455-476f-86d1-706748154c4a: receive RaftClientReply:client-835E41B928D6->6dd5d97a-7455-476f-86d1-706748154c4a@group-349356213E97, cid=1293, SUCCESS, logIndex=1815, commits[6dd5d97a-7455-476f-86d1-706748154c4a:c1815, 8c1a4ac2-2d71-4742-ab0b-89dcc95eb13f:c1812, c9d0001a-daad-4532-9e58-9f5f4a7ddd18:c1812]
2019-09-12 14:53:39,173 [grpc-default-executor-7] INFO  client.GrpcClientProtocolClient (GrpcClientProtocolClient.java:onNext(264)) - client-835E41B928D6->6dd5d97a-7455-476f-86d1-706748154c4a: receive RaftClientReply:client-835E41B928D6->6dd5d97a-7455-476f-86d1-706748154c4a@group-349356213E97, cid=1294, SUCCESS, logIndex=1816, commits[6dd5d97a-7455-476f-86d1-706748154c4a:c1816, 8c1a4ac2-2d71-4742-ab0b-89dcc95eb13f:c1812, c9d0001a-daad-4532-9e58-9f5f4a7ddd18:c1812]
2019-09-12 14:53:39,197 [grpc-default-executor-7] INFO  client.GrpcClientProtocolClient (GrpcClientProtocolClient.java:onNext(264)) - client-835E41B928D6->6dd5d97a-7455-476f-86d1-706748154c4a: receive RaftClientReply:client-835E41B928D6->6dd5d97a-7455-476f-86d1-706748154c4a@group-349356213E97, cid=1295, SUCCESS, logIndex=0, commits[6dd5d97a-7455-476f-86d1-706748154c4a:c1818, 8c1a4ac2-2d71-4742-ab0b-89dcc95eb13f:c1816, c9d0001a-daad-4532-9e58-9f5f4a7ddd18:c1816]
2019-09-12 14:53:39,226 [grpc-default-executor-2] INFO  client.GrpcClientProtocolClient (GrpcClientProtocolClient.java:onNext(264)) - client-835E41B928D6->6dd5d97a-7455-476f-86d1-706748154c4a: receive RaftClientReply:client-835E41B928D6->6dd5d97a-7455-476f-86d1-706748154c4a@group-349356213E97, cid=1296, SUCCESS, logIndex=1819, commits[6dd5d97a-7455-476f-86d1-706748154c4a:c1822, 8c1a4ac2-2d71-4742-ab0b-89dcc95eb13f:c1818, c9d0001a-daad-4532-9e58-9f5f4a7ddd18:c1818]
2019-09-12 14:53:39,227 [grpc-default-executor-2] INFO  client.GrpcClientProtocolClient (GrpcClientProtocolClient.java:onNext(264)) - client-835E41B928D6->6dd5d97a-7455-476f-86d1-706748154c4a: receive RaftClientReply:client-835E41B928D6->6dd5d97a-7455-476f-86d1-706748154c4a@group-349356213E97, cid=1297, SUCCESS, logIndex=1820, commits[6dd5d97a-7455-476f-86d1-706748154c4a:c1822, 8c1a4ac2-2d71-4742-ab0b-89dcc95eb13f:c1818, c9d0001a-daad-4532-9e58-9f5f4a7ddd18:c1818]
2019-09-12 14:53:39,227 [grpc-default-executor-2] INFO  client.GrpcClientProtocolClient (GrpcClientProtocolClient.java:onNext(264)) - client-835E41B928D6->6dd5d97a-7455-476f-86d1-706748154c4a: receive RaftClientReply:client-835E41B928D6->6dd5d97a-7455-476f-86d1-706748154c4a@group-349356213E97, cid=1298, SUCCESS, logIndex=1821, commits[6dd5d97a-7455-476f-86d1-706748154c4a:c1822, 8c1a4ac2-2d71-4742-ab0b-89dcc95eb13f:c1818, c9d0001a-daad-4532-9e58-9f5f4a7ddd18:c1818]
2019-09-12 14:53:39,227 [grpc-default-executor-2] INFO  client.GrpcClientProtocolClient (GrpcClientProtocolClient.java:onNext(264)) - client-835E41B928D6->6dd5d97a-7455-476f-86d1-706748154c4a: receive RaftClientReply:client-835E41B928D6->6dd5d97a-7455-476f-86d1-706748154c4a@group-349356213E97, cid=1299, SUCCESS, logIndex=1822, commits[6dd5d97a-7455-476f-86d1-706748154c4a:c1822, 8c1a4ac2-2d71-4742-ab0b-89dcc95eb13f:c1818, c9d0001a-daad-4532-9e58-9f5f4a7ddd18:c1818]
2019-09-12 14:53:39,240 [grpc-default-executor-5] INFO  client.GrpcClientProtocolClient (GrpcClientProtocolClient.java:onNext(264)) - client-835E41B928D6->6dd5d97a-7455-476f-86d1-706748154c4a: receive RaftClientReply:client-835E41B928D6->6dd5d97a-7455-476f-86d1-706748154c4a@group-349356213E97, cid=1300, SUCCESS, logIndex=0, commits[6dd5d97a-7455-476f-86d1-706748154c4a:c1824, 8c1a4ac2-2d71-4742-ab0b-89dcc95eb13f:c1820, c9d0001a-daad-4532-9e58-9f5f4a7ddd18:c1820]
2019-09-12 14:53:39,261 [grpc-default-executor-5] INFO  client.GrpcClientProtocolClient (GrpcClientProtocolClient.java:onNext(264)) - client-835E41B928D6->6dd5d97a-7455-476f-86d1-706748154c4a: receive RaftClientReply:client-835E41B928D6->6dd5d97a-7455-476f-86d1-706748154c4a@group-349356213E97, cid=1301, SUCCESS, logIndex=1827, commits[6dd5d97a-7455-476f-86d1-706748154c4a:c1828, 8c1a4ac2-2d71-4742-ab0b-89dcc95eb13f:c1826, c9d0001a-daad-4532-9e58-9f5f4a7ddd18:c1826]
2019-09-12 14:53:39,262 [grpc-default-executor-5] INFO  client.GrpcClientProtocolClient (GrpcClientProtocolClient.java:onNext(264)) - client-835E41B928D6->6dd5d97a-7455-476f-86d1-706748154c4a: receive RaftClientReply:client-835E41B928D6->6dd5d97a-7455-476f-86d1-706748154c4a@group-349356213E97, cid=1302, SUCCESS, logIndex=1828, commits[6dd5d97a-7455-476f-86d1-706748154c4a:c1828, 8c1a4ac2-2d71-4742-ab0b-89dcc95eb13f:c1826, c9d0001a-daad-4532-9e58-9f5f4a7ddd18:c1826]
2019-09-12 14:53:39,274 [grpc-default-executor-2] INFO  client.GrpcClientProtocolClient (GrpcClientProtocolClient.java:onNext(264)) - client-835E41B928D6->6dd5d97a-7455-476f-86d1-706748154c4a: receive RaftClientReply:client-835E41B928D6->6dd5d97a-7455-476f-86d1-706748154c4a@group-349356213E97, cid=1303, SUCCESS, logIndex=1831, commits[6dd5d97a-7455-476f-86d1-706748154c4a:c1832, 8c1a4ac2-2d71-4742-ab0b-89dcc95eb13f:c1828, c9d0001a-daad-4532-9e58-9f5f4a7ddd18:c1828]
2019-09-12 14:53:39,275 [grpc-default-executor-2] INFO  client.GrpcClientProtocolClient (GrpcClientProtocolClient.java:onNext(264)) - client-835E41B928D6->6dd5d97a-7455-476f-86d1-706748154c4a: receive RaftClientReply:client-835E41B928D6->6dd5d97a-7455-476f-86d1-706748154c4a@group-349356213E97, cid=1304, SUCCESS, logIndex=1832, commits[6dd5d97a-7455-476f-86d1-706748154c4a:c1832, 8c1a4ac2-2d71-4742-ab0b-89dcc95eb13f:c1828, c9d0001a-daad-4532-9e58-9f5f4a7ddd18:c1828]
2019-09-12 14:53:39,286 [grpc-default-executor-2] INFO  client.GrpcClientProtocolClient (GrpcClientProtocolClient.java:onNext(264)) - client-835E41B928D6->6dd5d97a-7455-476f-86d1-706748154c4a: receive RaftClientReply:client-835E41B928D6->6dd5d97a-7455-476f-86d1-706748154c4a@group-349356213E97, cid=1305, SUCCESS, logIndex=0, commits[6dd5d97a-7455-476f-86d1-706748154c4a:c1833, 8c1a4ac2-2d71-4742-ab0b-89dcc95eb13f:c1832, c9d0001a-daad-4532-9e58-9f5f4a7ddd18:c1832]
2019-09-12 14:53:39,313 [grpc-default-executor-2] INFO  client.GrpcClientProtocolClient (GrpcClientProtocolClient.java:onNext(264)) - client-835E41B928D6->6dd5d97a-7455-476f-86d1-706748154c4a: receive RaftClientReply:client-835E41B928D6->6dd5d97a-7455-476f-86d1-706748154c4a@group-349356213E97, cid=1306, SUCCESS, logIndex=1835, commits[6dd5d97a-7455-476f-86d1-706748154c4a:c1836, 8c1a4ac2-2d71-4742-ab0b-89dcc95eb13f:c1834, c9d0001a-daad-4532-9e58-9f5f4a7ddd18:c1834]
2019-09-12 14:53:39,313 [grpc-default-executor-2] INFO  client.GrpcClientProtocolClient (GrpcClientProtocolClient.java:onNext(264)) - client-835E41B928D6->6dd5d97a-7455-476f-86d1-706748154c4a: receive RaftClientReply:client-835E41B928D6->6dd5d97a-7455-476f-86d1-706748154c4a@group-349356213E97, cid=1307, SUCCESS, logIndex=1836, commits[6dd5d97a-7455-476f-86d1-706748154c4a:c1838, 8c1a4ac2-2d71-4742-ab0b-89dcc95eb13f:c1834, c9d0001a-daad-4532-9e58-9f5f4a7ddd18:c1834]
2019-09-12 14:53:39,313 [grpc-default-executor-2] INFO  client.GrpcClientProtocolClient (GrpcClientProtocolClient.java:onNext(264)) - client-835E41B928D6->6dd5d97a-7455-476f-86d1-706748154c4a: receive RaftClientReply:client-835E41B928D6->6dd5d97a-7455-476f-86d1-706748154c4a@group-349356213E97, cid=1308, SUCCESS, logIndex=1837, commits[6dd5d97a-7455-476f-86d1-706748154c4a:c1838, 8c1a4ac2-2d71-4742-ab0b-89dcc95eb13f:c1834, c9d0001a-daad-4532-9e58-9f5f4a7ddd18:c1834]
2019-09-12 14:53:39,313 [grpc-default-executor-2] INFO  client.GrpcClientProtocolClient (GrpcClientProtocolClient.java:onNext(264)) - client-835E41B928D6->6dd5d97a-7455-476f-86d1-706748154c4a: receive RaftClientReply:client-835E41B928D6->6dd5d97a-7455-476f-86d1-706748154c4a@group-349356213E97, cid=1309, SUCCESS, logIndex=1838, commits[6dd5d97a-7455-476f-86d1-706748154c4a:c1838, 8c1a4ac2-2d71-4742-ab0b-89dcc95eb13f:c1834, c9d0001a-daad-4532-9e58-9f5f4a7ddd18:c1834]
2019-09-12 14:53:39,314 [grpc-default-executor-5] INFO  client.GrpcClientProtocolClient (GrpcClientProtocolClient.java:onNext(264)) - client-835E41B928D6->6dd5d97a-7455-476f-86d1-706748154c4a: receive RaftClientReply:client-835E41B928D6->6dd5d97a-7455-476f-86d1-706748154c4a@group-349356213E97, cid=1310, SUCCESS, logIndex=0, commits[6dd5d97a-7455-476f-86d1-706748154c4a:c1839, 8c1a4ac2-2d71-4742-ab0b-89dcc95eb13f:c1836, c9d0001a-daad-4532-9e58-9f5f4a7ddd18:c1836]
2019-09-12 14:53:39,333 [grpc-default-executor-5] INFO  client.GrpcClientProtocolClient (GrpcClientProtocolClient.java:onNext(264)) - client-835E41B928D6->6dd5d97a-7455-476f-86d1-706748154c4a: receive RaftClientReply:client-835E41B928D6->6dd5d97a-7455-476f-86d1-706748154c4a@group-349356213E97, cid=1311, SUCCESS, logIndex=1843, commits[6dd5d97a-7455-476f-86d1-706748154c4a:c1844, 8c1a4ac2-2d71-4742-ab0b-89dcc95eb13f:c1842, c9d0001a-daad-4532-9e58-9f5f4a7ddd18:c1842]
2019-09-12 14:53:39,333 [grpc-default-executor-5] INFO  client.GrpcClientProtocolClient (GrpcClientProtocolClient.java:onNext(264)) - client-835E41B928D6->6dd5d97a-7455-476f-86d1-706748154c4a: receive RaftClientReply:client-835E41B928D6->6dd5d97a-7455-476f-86d1-706748154c4a@group-349356213E97, cid=1312, SUCCESS, logIndex=1844, commits[6dd5d97a-7455-476f-86d1-706748154c4a:c1844, 8c1a4ac2-2d71-4742-ab0b-89dcc95eb13f:c1842, c9d0001a-daad-4532-9e58-9f5f4a7ddd18:c1842]
2019-09-12 14:53:39,346 [grpc-default-executor-5] INFO  client.GrpcClientProtocolClient (GrpcClientProtocolClient.java:onNext(264)) - client-835E41B928D6->6dd5d97a-7455-476f-86d1-706748154c4a: receive RaftClientReply:client-835E41B928D6->6dd5d97a-7455-476f-86d1-706748154c4a@group-349356213E97, cid=1313, SUCCESS, logIndex=1847, commits[6dd5d97a-7455-476f-86d1-706748154c4a:c1848, 8c1a4ac2-2d71-4742-ab0b-89dcc95eb13f:c1844, c9d0001a-daad-4532-9e58-9f5f4a7ddd18:c1844]
2019-09-12 14:53:39,347 [grpc-default-executor-5] INFO  client.GrpcClientProtocolClient (GrpcClientProtocolClient.java:onNext(264)) - client-835E41B928D6->6dd5d97a-7455-476f-86d1-706748154c4a: receive RaftClientReply:client-835E41B928D6->6dd5d97a-7455-476f-86d1-706748154c4a@group-349356213E97, cid=1314, SUCCESS, logIndex=1848, commits[6dd5d97a-7455-476f-86d1-706748154c4a:c1848, 8c1a4ac2-2d71-4742-ab0b-89dcc95eb13f:c1844, c9d0001a-daad-4532-9e58-9f5f4a7ddd18:c1844]
2019-09-12 14:53:39,360 [grpc-default-executor-7] INFO  client.GrpcClientProtocolClient (GrpcClientProtocolClient.java:onNext(264)) - client-835E41B928D6->6dd5d97a-7455-476f-86d1-706748154c4a: receive RaftClientReply:client-835E41B928D6->6dd5d97a-7455-476f-86d1-706748154c4a@group-349356213E97, cid=1315, SUCCESS, logIndex=0, commits[6dd5d97a-7455-476f-86d1-706748154c4a:c1850, 8c1a4ac2-2d71-4742-ab0b-89dcc95eb13f:c1848, c9d0001a-daad-4532-9e58-9f5f4a7ddd18:c1848]
2019-09-12 14:53:39,386 [grpc-default-executor-2] INFO  client.GrpcClientProtocolClient (GrpcClientProtocolClient.java:onNext(264)) - client-835E41B928D6->6dd5d97a-7455-476f-86d1-706748154c4a: receive RaftClientReply:client-835E41B928D6->6dd5d97a-7455-476f-86d1-706748154c4a@group-349356213E97, cid=1316, SUCCESS, logIndex=1851, commits[6dd5d97a-7455-476f-86d1-706748154c4a:c1852, 8c1a4ac2-2d71-4742-ab0b-89dcc95eb13f:c1850, c9d0001a-daad-4532-9e58-9f5f4a7ddd18:c1850]
2019-09-12 14:53:39,387 [grpc-default-executor-2] INFO  client.GrpcClientProtocolClient (GrpcClientProtocolClient.java:onNext(264)) - client-835E41B928D6->6dd5d97a-7455-476f-86d1-706748154c4a: receive RaftClientReply:client-835E41B928D6->6dd5d97a-7455-476f-86d1-706748154c4a@group-349356213E97, cid=1317, SUCCESS, logIndex=1852, commits[6dd5d97a-7455-476f-86d1-706748154c4a:c1852, 8c1a4ac2-2d71-4742-ab0b-89dcc95eb13f:c1850, c9d0001a-daad-4532-9e58-9f5f4a7ddd18:c1850]
2019-09-12 14:53:39,388 [grpc-default-executor-5] INFO  client.GrpcClientProtocolClient (GrpcClientProtocolClient.java:onNext(264)) - client-835E41B928D6->6dd5d97a-7455-476f-86d1-706748154c4a: receive RaftClientReply:client-835E41B928D6->6dd5d97a-7455-476f-86d1-706748154c4a@group-349356213E97, cid=1318, SUCCESS, logIndex=1853, commits[6dd5d97a-7455-476f-86d1-706748154c4a:c1854, 8c1a4ac2-2d71-4742-ab0b-89dcc95eb13f:c1850, c9d0001a-daad-4532-9e58-9f5f4a7ddd18:c1850]
2019-09-12 14:53:39,389 [grpc-default-executor-5] INFO  client.GrpcClientProtocolClient (GrpcClientProtocolClient.java:onNext(264)) - client-835E41B928D6->6dd5d97a-7455-476f-86d1-706748154c4a: receive RaftClientReply:client-835E41B928D6->6dd5d97a-7455-476f-86d1-706748154c4a@group-349356213E97, cid=1319, SUCCESS, logIndex=1854, commits[6dd5d97a-7455-476f-86d1-706748154c4a:c1854, 8c1a4ac2-2d71-4742-ab0b-89dcc95eb13f:c1850, c9d0001a-daad-4532-9e58-9f5f4a7ddd18:c1850]
2019-09-12 14:53:39,400 [grpc-default-executor-5] INFO  client.GrpcClientProtocolClient (GrpcClientProtocolClient.java:onNext(264)) - client-835E41B928D6->6dd5d97a-7455-476f-86d1-706748154c4a: receive RaftClientReply:client-835E41B928D6->6dd5d97a-7455-476f-86d1-706748154c4a@group-349356213E97, cid=1320, SUCCESS, logIndex=0, commits[6dd5d97a-7455-476f-86d1-706748154c4a:c1854, 8c1a4ac2-2d71-4742-ab0b-89dcc95eb13f:c1852, c9d0001a-daad-4532-9e58-9f5f4a7ddd18:c1852]
2019-09-12 14:53:39,413 [grpc-default-executor-2] INFO  client.GrpcClientProtocolClient (GrpcClientProtocolClient.java:onNext(264)) - client-835E41B928D6->6dd5d97a-7455-476f-86d1-706748154c4a: receive RaftClientReply:client-835E41B928D6->6dd5d97a-7455-476f-86d1-706748154c4a@group-349356213E97, cid=1321, SUCCESS, logIndex=1859, commits[6dd5d97a-7455-476f-86d1-706748154c4a:c1860, 8c1a4ac2-2d71-4742-ab0b-89dcc95eb13f:c1858, c9d0001a-daad-4532-9e58-9f5f4a7ddd18:c1858]
2019-09-12 14:53:39,414 [grpc-default-executor-2] INFO  client.GrpcClientProtocolClient (GrpcClientProtocolClient.java:onNext(264)) - client-835E41B928D6->6dd5d97a-7455-476f-86d1-706748154c4a: receive RaftClientReply:client-835E41B928D6->6dd5d97a-7455-476f-86d1-706748154c4a@group-349356213E97, cid=1322, SUCCESS, logIndex=1860, commits[6dd5d97a-7455-476f-86d1-706748154c4a:c1860, 8c1a4ac2-2d71-4742-ab0b-89dcc95eb13f:c1858, c9d0001a-daad-4532-9e58-9f5f4a7ddd18:c1858]
 0.00% |█                                                                                                    |  0/1 Time: 0:00:072019-09-12 14:53:39,425 [grpc-default-executor-2] INFO  client.GrpcClientProtocolClient (GrpcClientProtocolClient.java:onNext(264)) - client-835E41B928D6->6dd5d97a-7455-476f-86d1-706748154c4a: receive RaftClientReply:client-835E41B928D6->6dd5d97a-7455-476f-86d1-706748154c4a@group-349356213E97, cid=1323, SUCCESS, logIndex=1863, commits[6dd5d97a-7455-476f-86d1-706748154c4a:c1864, 8c1a4ac2-2d71-4742-ab0b-89dcc95eb13f:c1862, c9d0001a-daad-4532-9e58-9f5f4a7ddd18:c1860]
2019-09-12 14:53:39,426 [grpc-default-executor-2] INFO  client.GrpcClientProtocolClient (GrpcClientProtocolClient.java:onNext(264)) - client-835E41B928D6->6dd5d97a-7455-476f-86d1-706748154c4a: receive RaftClientReply:client-835E41B928D6->6dd5d97a-7455-476f-86d1-706748154c4a@group-349356213E97, cid=1324, SUCCESS, logIndex=1864, commits[6dd5d97a-7455-476f-86d1-706748154c4a:c1864, 8c1a4ac2-2d71-4742-ab0b-89dcc95eb13f:c1862, c9d0001a-daad-4532-9e58-9f5f4a7ddd18:c1862]
2019-09-12 14:53:39,428 [grpc-default-executor-2] INFO  client.GrpcClientProtocolClient (GrpcClientProtocolClient.java:onNext(264)) - client-835E41B928D6->6dd5d97a-7455-476f-86d1-706748154c4a: receive RaftClientReply:client-835E41B928D6->6dd5d97a-7455-476f-86d1-706748154c4a@group-349356213E97, cid=1325, SUCCESS, logIndex=0, commits[6dd5d97a-7455-476f-86d1-706748154c4a:c1865, 8c1a4ac2-2d71-4742-ab0b-89dcc95eb13f:c1864, c9d0001a-daad-4532-9e58-9f5f4a7ddd18:c1864]
2019-09-12 14:53:39,462 [grpc-default-executor-2] INFO  client.GrpcClientProtocolClient (GrpcClientProtocolClient.java:onNext(264)) - client-835E41B928D6->6dd5d97a-7455-476f-86d1-706748154c4a: receive RaftClientReply:client-835E41B928D6->6dd5d97a-7455-476f-86d1-706748154c4a@group-349356213E97, cid=1326, SUCCESS, logIndex=1867, commits[6dd5d97a-7455-476f-86d1-706748154c4a:c1869, 8c1a4ac2-2d71-4742-ab0b-89dcc95eb13f:c1866, c9d0001a-daad-4532-9e58-9f5f4a7ddd18:c1866]
2019-09-12 14:53:39,463 [grpc-default-executor-2] INFO  client.GrpcClientProtocolClient (GrpcClientProtocolClient.java:onNext(264)) - client-835E41B928D6->6dd5d97a-7455-476f-86d1-706748154c4a: receive RaftClientReply:client-835E41B928D6->6dd5d97a-7455-476f-86d1-706748154c4a@group-349356213E97, cid=1327, SUCCESS, logIndex=1868, commits[6dd5d97a-7455-476f-86d1-706748154c4a:c1870, 8c1a4ac2-2d71-4742-ab0b-89dcc95eb13f:c1866, c9d0001a-daad-4532-9e58-9f5f4a7ddd18:c1866]
2019-09-12 14:53:39,463 [grpc-default-executor-2] INFO  client.GrpcClientProtocolClient (GrpcClientProtocolClient.java:onNext(264)) - client-835E41B928D6->6dd5d97a-7455-476f-86d1-706748154c4a: receive RaftClientReply:client-835E41B928D6->6dd5d97a-7455-476f-86d1-706748154c4a@group-349356213E97, cid=1328, SUCCESS, logIndex=1869, commits[6dd5d97a-7455-476f-86d1-706748154c4a:c1870, 8c1a4ac2-2d71-4742-ab0b-89dcc95eb13f:c1866, c9d0001a-daad-4532-9e58-9f5f4a7ddd18:c1866]
2019-09-12 14:53:39,464 [grpc-default-executor-2] INFO  client.GrpcClientProtocolClient (GrpcClientProtocolClient.java:onNext(264)) - client-835E41B928D6->6dd5d97a-7455-476f-86d1-706748154c4a: receive RaftClientReply:client-835E41B928D6->6dd5d97a-7455-476f-86d1-706748154c4a@group-349356213E97, cid=1329, SUCCESS, logIndex=1870, commits[6dd5d97a-7455-476f-86d1-706748154c4a:c1870, 8c1a4ac2-2d71-4742-ab0b-89dcc95eb13f:c1866, c9d0001a-daad-4532-9e58-9f5f4a7ddd18:c1866]
2019-09-12 14:53:39,474 [grpc-default-executor-2] INFO  client.GrpcClientProtocolClient (GrpcClientProtocolClient.java:onNext(264)) - client-835E41B928D6->6dd5d97a-7455-476f-86d1-706748154c4a: receive RaftClientReply:client-835E41B928D6->6dd5d97a-7455-476f-86d1-706748154c4a@group-349356213E97, cid=1330, SUCCESS, logIndex=0, commits[6dd5d97a-7455-476f-86d1-706748154c4a:c1872, 8c1a4ac2-2d71-4742-ab0b-89dcc95eb13f:c1868, c9d0001a-daad-4532-9e58-9f5f4a7ddd18:c1868]
2019-09-12 14:53:39,493 [grpc-default-executor-2] INFO  client.GrpcClientProtocolClient (GrpcClientProtocolClient.java:onNext(264)) - client-835E41B928D6->6dd5d97a-7455-476f-86d1-706748154c4a: receive RaftClientReply:client-835E41B928D6->6dd5d97a-7455-476f-86d1-706748154c4a@group-349356213E97, cid=1331, SUCCESS, logIndex=1875, commits[6dd5d97a-7455-476f-86d1-706748154c4a:c1876, 8c1a4ac2-2d71-4742-ab0b-89dcc95eb13f:c1874, c9d0001a-daad-4532-9e58-9f5f4a7ddd18:c1874]
2019-09-12 14:53:39,493 [grpc-default-executor-2] INFO  client.GrpcClientProtocolClient (GrpcClientProtocolClient.java:onNext(264)) - client-835E41B928D6->6dd5d97a-7455-476f-86d1-706748154c4a: receive RaftClientReply:client-835E41B928D6->6dd5d97a-7455-476f-86d1-706748154c4a@group-349356213E97, cid=1332, SUCCESS, logIndex=1876, commits[6dd5d97a-7455-476f-86d1-706748154c4a:c1876, 8c1a4ac2-2d71-4742-ab0b-89dcc95eb13f:c1874, c9d0001a-daad-4532-9e58-9f5f4a7ddd18:c1874]
2019-09-12 14:53:39,507 [grpc-default-executor-5] INFO  client.GrpcClientProtocolClient (GrpcClientProtocolClient.java:onNext(264)) - client-835E41B928D6->6dd5d97a-7455-476f-86d1-706748154c4a: receive RaftClientReply:client-835E41B928D6->6dd5d97a-7455-476f-86d1-706748154c4a@group-349356213E97, cid=1333, SUCCESS, logIndex=1879, commits[6dd5d97a-7455-476f-86d1-706748154c4a:c1879, 8c1a4ac2-2d71-4742-ab0b-89dcc95eb13f:c1876, c9d0001a-daad-4532-9e58-9f5f4a7ddd18:c1876]
2019-09-12 14:53:39,507 [grpc-default-executor-5] INFO  client.GrpcClientProtocolClient (GrpcClientProtocolClient.java:onNext(264)) - client-835E41B928D6->6dd5d97a-7455-476f-86d1-706748154c4a: receive RaftClientReply:client-835E41B928D6->6dd5d97a-7455-476f-86d1-706748154c4a@group-349356213E97, cid=1334, SUCCESS, logIndex=1880, commits[6dd5d97a-7455-476f-86d1-706748154c4a:c1880, 8c1a4ac2-2d71-4742-ab0b-89dcc95eb13f:c1876, c9d0001a-daad-4532-9e58-9f5f4a7ddd18:c1876]
2019-09-12 14:53:39,519 [grpc-default-executor-5] INFO  client.GrpcClientProtocolClient (GrpcClientProtocolClient.java:onNext(264)) - client-835E41B928D6->6dd5d97a-7455-476f-86d1-706748154c4a: receive RaftClientReply:client-835E41B928D6->6dd5d97a-7455-476f-86d1-706748154c4a@group-349356213E97, cid=1335, SUCCESS, logIndex=0, commits[6dd5d97a-7455-476f-86d1-706748154c4a:c1882, 8c1a4ac2-2d71-4742-ab0b-89dcc95eb13f:c1880, c9d0001a-daad-4532-9e58-9f5f4a7ddd18:c1880]
2019-09-12 14:53:39,547 [grpc-default-executor-7] INFO  client.GrpcClientProtocolClient (GrpcClientProtocolClient.java:onNext(264)) - client-835E41B928D6->6dd5d97a-7455-476f-86d1-706748154c4a: receive RaftClientReply:client-835E41B928D6->6dd5d97a-7455-476f-86d1-706748154c4a@group-349356213E97, cid=1336, SUCCESS, logIndex=1883, commits[6dd5d97a-7455-476f-86d1-706748154c4a:c1886, 8c1a4ac2-2d71-4742-ab0b-89dcc95eb13f:c1882, c9d0001a-daad-4532-9e58-9f5f4a7ddd18:c1882]
2019-09-12 14:53:39,548 [grpc-default-executor-7] INFO  client.GrpcClientProtocolClient (GrpcClientProtocolClient.java:onNext(264)) - client-835E41B928D6->6dd5d97a-7455-476f-86d1-706748154c4a: receive RaftClientReply:client-835E41B928D6->6dd5d97a-7455-476f-86d1-706748154c4a@group-349356213E97, cid=1337, SUCCESS, logIndex=1884, commits[6dd5d97a-7455-476f-86d1-706748154c4a:c1886, 8c1a4ac2-2d71-4742-ab0b-89dcc95eb13f:c1882, c9d0001a-daad-4532-9e58-9f5f4a7ddd18:c1882]
2019-09-12 14:53:39,548 [grpc-default-executor-7] INFO  client.GrpcClientProtocolClient (GrpcClientProtocolClient.java:onNext(264)) - client-835E41B928D6->6dd5d97a-7455-476f-86d1-706748154c4a: receive RaftClientReply:client-835E41B928D6->6dd5d97a-7455-476f-86d1-706748154c4a@group-349356213E97, cid=1338, SUCCESS, logIndex=1885, commits[6dd5d97a-7455-476f-86d1-706748154c4a:c1886, 8c1a4ac2-2d71-4742-ab0b-89dcc95eb13f:c1882, c9d0001a-daad-4532-9e58-9f5f4a7ddd18:c1882]
2019-09-12 14:53:39,548 [grpc-default-executor-5] INFO  client.GrpcClientProtocolClient (GrpcClientProtocolClient.java:onNext(264)) - client-835E41B928D6->6dd5d97a-7455-476f-86d1-706748154c4a: receive RaftClientReply:client-835E41B928D6->6dd5d97a-7455-476f-86d1-706748154c4a@group-349356213E97, cid=1339, SUCCESS, logIndex=1886, commits[6dd5d97a-7455-476f-86d1-706748154c4a:c1886, 8c1a4ac2-2d71-4742-ab0b-89dcc95eb13f:c1882, c9d0001a-daad-4532-9e58-9f5f4a7ddd18:c1882]
2019-09-12 14:53:39,550 [grpc-default-executor-5] INFO  client.GrpcClientProtocolClient (GrpcClientProtocolClient.java:onNext(264)) - client-835E41B928D6->6dd5d97a-7455-476f-86d1-706748154c4a: receive RaftClientReply:client-835E41B928D6->6dd5d97a-7455-476f-86d1-706748154c4a@group-349356213E97, cid=1340, SUCCESS, logIndex=0, commits[6dd5d97a-7455-476f-86d1-706748154c4a:c1889, 8c1a4ac2-2d71-4742-ab0b-89dcc95eb13f:c1885, c9d0001a-daad-4532-9e58-9f5f4a7ddd18:c1886]
2019-09-12 14:53:39,568 [grpc-default-executor-7] INFO  client.GrpcClientProtocolClient (GrpcClientProtocolClient.java:onNext(264)) - client-835E41B928D6->6dd5d97a-7455-476f-86d1-706748154c4a: receive RaftClientReply:client-835E41B928D6->6dd5d97a-7455-476f-86d1-706748154c4a@group-349356213E97, cid=1341, SUCCESS, logIndex=1890, commits[6dd5d97a-7455-476f-86d1-706748154c4a:c1890, 8c1a4ac2-2d71-4742-ab0b-89dcc95eb13f:c1889, c9d0001a-daad-4532-9e58-9f5f4a7ddd18:c1889]
2019-09-12 14:53:39,569 [grpc-default-executor-7] INFO  client.GrpcClientProtocolClient (GrpcClientProtocolClient.java:onNext(264)) - client-835E41B928D6->6dd5d97a-7455-476f-86d1-706748154c4a: receive RaftClientReply:client-835E41B928D6->6dd5d97a-7455-476f-86d1-706748154c4a@group-349356213E97, cid=1342, SUCCESS, logIndex=1891, commits[6dd5d97a-7455-476f-86d1-706748154c4a:c1891, 8c1a4ac2-2d71-4742-ab0b-89dcc95eb13f:c1889, c9d0001a-daad-4532-9e58-9f5f4a7ddd18:c1889]
2019-09-12 14:53:39,581 [grpc-default-executor-2] INFO  client.GrpcClientProtocolClient (GrpcClientProtocolClient.java:onNext(264)) - client-835E41B928D6->6dd5d97a-7455-476f-86d1-706748154c4a: receive RaftClientReply:client-835E41B928D6->6dd5d97a-7455-476f-86d1-706748154c4a@group-349356213E97, cid=1343, SUCCESS, logIndex=1894, commits[6dd5d97a-7455-476f-86d1-706748154c4a:c1895, 8c1a4ac2-2d71-4742-ab0b-89dcc95eb13f:c1891, c9d0001a-daad-4532-9e58-9f5f4a7ddd18:c1891]
2019-09-12 14:53:39,581 [grpc-default-executor-2] INFO  client.GrpcClientProtocolClient (GrpcClientProtocolClient.java:onNext(264)) - client-835E41B928D6->6dd5d97a-7455-476f-86d1-706748154c4a: receive RaftClientReply:client-835E41B928D6->6dd5d97a-7455-476f-86d1-706748154c4a@group-349356213E97, cid=1344, SUCCESS, logIndex=1895, commits[6dd5d97a-7455-476f-86d1-706748154c4a:c1895, 8c1a4ac2-2d71-4742-ab0b-89dcc95eb13f:c1891, c9d0001a-daad-4532-9e58-9f5f4a7ddd18:c1891]
2019-09-12 14:53:39,594 [grpc-default-executor-2] INFO  client.GrpcClientProtocolClient (GrpcClientProtocolClient.java:onNext(264)) - client-835E41B928D6->6dd5d97a-7455-476f-86d1-706748154c4a: receive RaftClientReply:client-835E41B928D6->6dd5d97a-7455-476f-86d1-706748154c4a@group-349356213E97, cid=1345, SUCCESS, logIndex=0, commits[6dd5d97a-7455-476f-86d1-706748154c4a:c1897, 8c1a4ac2-2d71-4742-ab0b-89dcc95eb13f:c1895, c9d0001a-daad-4532-9e58-9f5f4a7ddd18:c1895]
2019-09-12 14:53:39,726 [grpc-default-executor-5] INFO  client.GrpcClientProtocolClient (GrpcClientProtocolClient.java:onNext(264)) - client-835E41B928D6->6dd5d97a-7455-476f-86d1-706748154c4a: receive RaftClientReply:client-835E41B928D6->6dd5d97a-7455-476f-86d1-706748154c4a@group-349356213E97, cid=1346, SUCCESS, logIndex=1898, commits[6dd5d97a-7455-476f-86d1-706748154c4a:c1899, 8c1a4ac2-2d71-4742-ab0b-89dcc95eb13f:c1897, c9d0001a-daad-4532-9e58-9f5f4a7ddd18:c1897]
2019-09-12 14:53:39,726 [grpc-default-executor-5] INFO  client.GrpcClientProtocolClient (GrpcClientProtocolClient.java:onNext(264)) - client-835E41B928D6->6dd5d97a-7455-476f-86d1-706748154c4a: receive RaftClientReply:client-835E41B928D6->6dd5d97a-7455-476f-86d1-706748154c4a@group-349356213E97, cid=1347, SUCCESS, logIndex=1899, commits[6dd5d97a-7455-476f-86d1-706748154c4a:c1901, 8c1a4ac2-2d71-4742-ab0b-89dcc95eb13f:c1897, c9d0001a-daad-4532-9e58-9f5f4a7ddd18:c1897]
2019-09-12 14:53:39,727 [grpc-default-executor-5] INFO  client.GrpcClientProtocolClient (GrpcClientProtocolClient.java:onNext(264)) - client-835E41B928D6->6dd5d97a-7455-476f-86d1-706748154c4a: receive RaftClientReply:client-835E41B928D6->6dd5d97a-7455-476f-86d1-706748154c4a@group-349356213E97, cid=1348, SUCCESS, logIndex=1900, commits[6dd5d97a-7455-476f-86d1-706748154c4a:c1901, 8c1a4ac2-2d71-4742-ab0b-89dcc95eb13f:c1897, c9d0001a-daad-4532-9e58-9f5f4a7ddd18:c1897]
2019-09-12 14:53:39,727 [grpc-default-executor-5] INFO  client.GrpcClientProtocolClient (GrpcClientProtocolClient.java:onNext(264)) - client-835E41B928D6->6dd5d97a-7455-476f-86d1-706748154c4a: receive RaftClientReply:client-835E41B928D6->6dd5d97a-7455-476f-86d1-706748154c4a@group-349356213E97, cid=1349, SUCCESS, logIndex=1901, commits[6dd5d97a-7455-476f-86d1-706748154c4a:c1901, 8c1a4ac2-2d71-4742-ab0b-89dcc95eb13f:c1897, c9d0001a-daad-4532-9e58-9f5f4a7ddd18:c1897]
2019-09-12 14:53:39,739 [grpc-default-executor-7] INFO  client.GrpcClientProtocolClient (GrpcClientProtocolClient.java:onNext(264)) - client-835E41B928D6->6dd5d97a-7455-476f-86d1-706748154c4a: receive RaftClientReply:client-835E41B928D6->6dd5d97a-7455-476f-86d1-706748154c4a@group-349356213E97, cid=1350, SUCCESS, logIndex=0, commits[6dd5d97a-7455-476f-86d1-706748154c4a:c1903, 8c1a4ac2-2d71-4742-ab0b-89dcc95eb13f:c1899, c9d0001a-daad-4532-9e58-9f5f4a7ddd18:c1899]
2019-09-12 14:53:39,758 [grpc-default-executor-2] INFO  client.GrpcClientProtocolClient (GrpcClientProtocolClient.java:onNext(264)) - client-835E41B928D6->6dd5d97a-7455-476f-86d1-706748154c4a: receive RaftClientReply:client-835E41B928D6->6dd5d97a-7455-476f-86d1-706748154c4a@group-349356213E97, cid=1351, SUCCESS, logIndex=1905, commits[6dd5d97a-7455-476f-86d1-706748154c4a:c1906, 8c1a4ac2-2d71-4742-ab0b-89dcc95eb13f:c1904, c9d0001a-daad-4532-9e58-9f5f4a7ddd18:c1904]
2019-09-12 14:53:39,759 [grpc-default-executor-2] INFO  client.GrpcClientProtocolClient (GrpcClientProtocolClient.java:onNext(264)) - client-835E41B928D6->6dd5d97a-7455-476f-86d1-706748154c4a: receive RaftClientReply:client-835E41B928D6->6dd5d97a-7455-476f-86d1-706748154c4a@group-349356213E97, cid=1352, SUCCESS, logIndex=1906, commits[6dd5d97a-7455-476f-86d1-706748154c4a:c1906, 8c1a4ac2-2d71-4742-ab0b-89dcc95eb13f:c1904, c9d0001a-daad-4532-9e58-9f5f4a7ddd18:c1904]
2019-09-12 14:53:39,771 [grpc-default-executor-7] INFO  client.GrpcClientProtocolClient (GrpcClientProtocolClient.java:onNext(264)) - client-835E41B928D6->6dd5d97a-7455-476f-86d1-706748154c4a: receive RaftClientReply:client-835E41B928D6->6dd5d97a-7455-476f-86d1-706748154c4a@group-349356213E97, cid=1353, SUCCESS, logIndex=1909, commits[6dd5d97a-7455-476f-86d1-706748154c4a:c1910, 8c1a4ac2-2d71-4742-ab0b-89dcc95eb13f:c1906, c9d0001a-daad-4532-9e58-9f5f4a7ddd18:c1906]
2019-09-12 14:53:39,772 [grpc-default-executor-7] INFO  client.GrpcClientProtocolClient (GrpcClientProtocolClient.java:onNext(264)) - client-835E41B928D6->6dd5d97a-7455-476f-86d1-706748154c4a: receive RaftClientReply:client-835E41B928D6->6dd5d97a-7455-476f-86d1-706748154c4a@group-349356213E97, cid=1354, SUCCESS, logIndex=1910, commits[6dd5d97a-7455-476f-86d1-706748154c4a:c1910, 8c1a4ac2-2d71-4742-ab0b-89dcc95eb13f:c1906, c9d0001a-daad-4532-9e58-9f5f4a7ddd18:c1906]
2019-09-12 14:53:39,784 [grpc-default-executor-7] INFO  client.GrpcClientProtocolClient (GrpcClientProtocolClient.java:onNext(264)) - client-835E41B928D6->6dd5d97a-7455-476f-86d1-706748154c4a: receive RaftClientReply:client-835E41B928D6->6dd5d97a-7455-476f-86d1-706748154c4a@group-349356213E97, cid=1355, SUCCESS, logIndex=0, commits[6dd5d97a-7455-476f-86d1-706748154c4a:c1912, 8c1a4ac2-2d71-4742-ab0b-89dcc95eb13f:c1910, c9d0001a-daad-4532-9e58-9f5f4a7ddd18:c1910]
2019-09-12 14:53:39,813 [grpc-default-executor-5] INFO  client.GrpcClientProtocolClient (GrpcClientProtocolClient.java:onNext(264)) - client-835E41B928D6->6dd5d97a-7455-476f-86d1-706748154c4a: receive RaftClientReply:client-835E41B928D6->6dd5d97a-7455-476f-86d1-706748154c4a@group-349356213E97, cid=1356, SUCCESS, logIndex=1913, commits[6dd5d97a-7455-476f-86d1-706748154c4a:c1914, 8c1a4ac2-2d71-4742-ab0b-89dcc95eb13f:c1912, c9d0001a-daad-4532-9e58-9f5f4a7ddd18:c1912]
2019-09-12 14:53:39,814 [grpc-default-executor-5] INFO  client.GrpcClientProtocolClient (GrpcClientProtocolClient.java:onNext(264)) - client-835E41B928D6->6dd5d97a-7455-476f-86d1-706748154c4a: receive RaftClientReply:client-835E41B928D6->6dd5d97a-7455-476f-86d1-706748154c4a@group-349356213E97, cid=1357, SUCCESS, logIndex=1914, commits[6dd5d97a-7455-476f-86d1-706748154c4a:c1915, 8c1a4ac2-2d71-4742-ab0b-89dcc95eb13f:c1912, c9d0001a-daad-4532-9e58-9f5f4a7ddd18:c1912]
2019-09-12 14:53:39,814 [grpc-default-executor-5] INFO  client.GrpcClientProtocolClient (GrpcClientProtocolClient.java:onNext(264)) - client-835E41B928D6->6dd5d97a-7455-476f-86d1-706748154c4a: receive RaftClientReply:client-835E41B928D6->6dd5d97a-7455-476f-86d1-706748154c4a@group-349356213E97, cid=1358, SUCCESS, logIndex=1915, commits[6dd5d97a-7455-476f-86d1-706748154c4a:c1916, 8c1a4ac2-2d71-4742-ab0b-89dcc95eb13f:c1912, c9d0001a-daad-4532-9e58-9f5f4a7ddd18:c1912]
2019-09-12 14:53:39,815 [grpc-default-executor-5] INFO  client.GrpcClientProtocolClient (GrpcClientProtocolClient.java:onNext(264)) - client-835E41B928D6->6dd5d97a-7455-476f-86d1-706748154c4a: receive RaftClientReply:client-835E41B928D6->6dd5d97a-7455-476f-86d1-706748154c4a@group-349356213E97, cid=1359, SUCCESS, logIndex=1916, commits[6dd5d97a-7455-476f-86d1-706748154c4a:c1916, 8c1a4ac2-2d71-4742-ab0b-89dcc95eb13f:c1912, c9d0001a-daad-4532-9e58-9f5f4a7ddd18:c1912]
2019-09-12 14:53:39,816 [grpc-default-executor-7] INFO  client.GrpcClientProtocolClient (GrpcClientProtocolClient.java:onNext(264)) - client-835E41B928D6->6dd5d97a-7455-476f-86d1-706748154c4a: receive RaftClientReply:client-835E41B928D6->6dd5d97a-7455-476f-86d1-706748154c4a@group-349356213E97, cid=1360, SUCCESS, logIndex=0, commits[6dd5d97a-7455-476f-86d1-706748154c4a:c1918, 8c1a4ac2-2d71-4742-ab0b-89dcc95eb13f:c1914, c9d0001a-daad-4532-9e58-9f5f4a7ddd18:c1914]
2019-09-12 14:53:39,836 [grpc-default-executor-5] INFO  client.GrpcClientProtocolClient (GrpcClientProtocolClient.java:onNext(264)) - client-835E41B928D6->6dd5d97a-7455-476f-86d1-706748154c4a: receive RaftClientReply:client-835E41B928D6->6dd5d97a-7455-476f-86d1-706748154c4a@group-349356213E97, cid=1361, SUCCESS, logIndex=1921, commits[6dd5d97a-7455-476f-86d1-706748154c4a:c1922, 8c1a4ac2-2d71-4742-ab0b-89dcc95eb13f:c1920, c9d0001a-daad-4532-9e58-9f5f4a7ddd18:c1920]
2019-09-12 14:53:39,836 [grpc-default-executor-5] INFO  client.GrpcClientProtocolClient (GrpcClientProtocolClient.java:onNext(264)) - client-835E41B928D6->6dd5d97a-7455-476f-86d1-706748154c4a: receive RaftClientReply:client-835E41B928D6->6dd5d97a-7455-476f-86d1-706748154c4a@group-349356213E97, cid=1362, SUCCESS, logIndex=1922, commits[6dd5d97a-7455-476f-86d1-706748154c4a:c1922, 8c1a4ac2-2d71-4742-ab0b-89dcc95eb13f:c1920, c9d0001a-daad-4532-9e58-9f5f4a7ddd18:c1920]
2019-09-12 14:53:39,851 [grpc-default-executor-2] INFO  client.GrpcClientProtocolClient (GrpcClientProtocolClient.java:onNext(264)) - client-835E41B928D6->6dd5d97a-7455-476f-86d1-706748154c4a: receive RaftClientReply:client-835E41B928D6->6dd5d97a-7455-476f-86d1-706748154c4a@group-349356213E97, cid=1363, SUCCESS, logIndex=1925, commits[6dd5d97a-7455-476f-86d1-706748154c4a:c1925, 8c1a4ac2-2d71-4742-ab0b-89dcc95eb13f:c1922, c9d0001a-daad-4532-9e58-9f5f4a7ddd18:c1922]
2019-09-12 14:53:39,851 [grpc-default-executor-2] INFO  client.GrpcClientProtocolClient (GrpcClientProtocolClient.java:onNext(264)) - client-835E41B928D6->6dd5d97a-7455-476f-86d1-706748154c4a: receive RaftClientReply:client-835E41B928D6->6dd5d97a-7455-476f-86d1-706748154c4a@group-349356213E97, cid=1364, SUCCESS, logIndex=1926, commits[6dd5d97a-7455-476f-86d1-706748154c4a:c1926, 8c1a4ac2-2d71-4742-ab0b-89dcc95eb13f:c1922, c9d0001a-daad-4532-9e58-9f5f4a7ddd18:c1922]
2019-09-12 14:53:39,864 [grpc-default-executor-7] INFO  client.GrpcClientProtocolClient (GrpcClientProtocolClient.java:onNext(264)) - client-835E41B928D6->6dd5d97a-7455-476f-86d1-706748154c4a: receive RaftClientReply:client-835E41B928D6->6dd5d97a-7455-476f-86d1-706748154c4a@group-349356213E97, cid=1365, SUCCESS, logIndex=0, commits[6dd5d97a-7455-476f-86d1-706748154c4a:c1928, 8c1a4ac2-2d71-4742-ab0b-89dcc95eb13f:c1926, c9d0001a-daad-4532-9e58-9f5f4a7ddd18:c1926]
2019-09-12 14:53:39,889 [grpc-default-executor-7] INFO  client.GrpcClientProtocolClient (GrpcClientProtocolClient.java:onNext(264)) - client-835E41B928D6->6dd5d97a-7455-476f-86d1-706748154c4a: receive RaftClientReply:client-835E41B928D6->6dd5d97a-7455-476f-86d1-706748154c4a@group-349356213E97, cid=1366, SUCCESS, logIndex=1929, commits[6dd5d97a-7455-476f-86d1-706748154c4a:c1930, 8c1a4ac2-2d71-4742-ab0b-89dcc95eb13f:c1928, c9d0001a-daad-4532-9e58-9f5f4a7ddd18:c1928]
2019-09-12 14:53:39,889 [grpc-default-executor-7] INFO  client.GrpcClientProtocolClient (GrpcClientProtocolClient.java:onNext(264)) - client-835E41B928D6->6dd5d97a-7455-476f-86d1-706748154c4a: receive RaftClientReply:client-835E41B928D6->6dd5d97a-7455-476f-86d1-706748154c4a@group-349356213E97, cid=1367, SUCCESS, logIndex=1930, commits[6dd5d97a-7455-476f-86d1-706748154c4a:c1932, 8c1a4ac2-2d71-4742-ab0b-89dcc95eb13f:c1928, c9d0001a-daad-4532-9e58-9f5f4a7ddd18:c1928]
2019-09-12 14:53:39,890 [grpc-default-executor-7] INFO  client.GrpcClientProtocolClient (GrpcClientProtocolClient.java:onNext(264)) - client-835E41B928D6->6dd5d97a-7455-476f-86d1-706748154c4a: receive RaftClientReply:client-835E41B928D6->6dd5d97a-7455-476f-86d1-706748154c4a@group-349356213E97, cid=1368, SUCCESS, logIndex=1931, commits[6dd5d97a-7455-476f-86d1-706748154c4a:c1932, 8c1a4ac2-2d71-4742-ab0b-89dcc95eb13f:c1928, c9d0001a-daad-4532-9e58-9f5f4a7ddd18:c1928]
2019-09-12 14:53:39,890 [grpc-default-executor-7] INFO  client.GrpcClientProtocolClient (GrpcClientProtocolClient.java:onNext(264)) - client-835E41B928D6->6dd5d97a-7455-476f-86d1-706748154c4a: receive RaftClientReply:client-835E41B928D6->6dd5d97a-7455-476f-86d1-706748154c4a@group-349356213E97, cid=1369, SUCCESS, logIndex=1932, commits[6dd5d97a-7455-476f-86d1-706748154c4a:c1932, 8c1a4ac2-2d71-4742-ab0b-89dcc95eb13f:c1928, c9d0001a-daad-4532-9e58-9f5f4a7ddd18:c1928]
2019-09-12 14:53:39,892 [grpc-default-executor-2] INFO  client.GrpcClientProtocolClient (GrpcClientProtocolClient.java:onNext(264)) - client-835E41B928D6->6dd5d97a-7455-476f-86d1-706748154c4a: receive RaftClientReply:client-835E41B928D6->6dd5d97a-7455-476f-86d1-706748154c4a@group-349356213E97, cid=1370, SUCCESS, logIndex=0, commits[6dd5d97a-7455-476f-86d1-706748154c4a:c1935, 8c1a4ac2-2d71-4742-ab0b-89dcc95eb13f:c1930, c9d0001a-daad-4532-9e58-9f5f4a7ddd18:c1932]
2019-09-12 14:53:39,910 [grpc-default-executor-7] INFO  client.GrpcClientProtocolClient (GrpcClientProtocolClient.java:onNext(264)) - client-835E41B928D6->6dd5d97a-7455-476f-86d1-706748154c4a: receive RaftClientReply:client-835E41B928D6->6dd5d97a-7455-476f-86d1-706748154c4a@group-349356213E97, cid=1371, SUCCESS, logIndex=1937, commits[6dd5d97a-7455-476f-86d1-706748154c4a:c1938, 8c1a4ac2-2d71-4742-ab0b-89dcc95eb13f:c1936, c9d0001a-daad-4532-9e58-9f5f4a7ddd18:c1936]
2019-09-12 14:53:39,910 [grpc-default-executor-7] INFO  client.GrpcClientProtocolClient (GrpcClientProtocolClient.java:onNext(264)) - client-835E41B928D6->6dd5d97a-7455-476f-86d1-706748154c4a: receive RaftClientReply:client-835E41B928D6->6dd5d97a-7455-476f-86d1-706748154c4a@group-349356213E97, cid=1372, SUCCESS, logIndex=1938, commits[6dd5d97a-7455-476f-86d1-706748154c4a:c1938, 8c1a4ac2-2d71-4742-ab0b-89dcc95eb13f:c1936, c9d0001a-daad-4532-9e58-9f5f4a7ddd18:c1936]
2019-09-12 14:53:39,921 [grpc-default-executor-5] INFO  client.GrpcClientProtocolClient (GrpcClientProtocolClient.java:onNext(264)) - client-835E41B928D6->6dd5d97a-7455-476f-86d1-706748154c4a: receive RaftClientReply:client-835E41B928D6->6dd5d97a-7455-476f-86d1-706748154c4a@group-349356213E97, cid=1373, SUCCESS, logIndex=1941, commits[6dd5d97a-7455-476f-86d1-706748154c4a:c1942, 8c1a4ac2-2d71-4742-ab0b-89dcc95eb13f:c1938, c9d0001a-daad-4532-9e58-9f5f4a7ddd18:c1940]
2019-09-12 14:53:39,921 [grpc-default-executor-5] INFO  client.GrpcClientProtocolClient (GrpcClientProtocolClient.java:onNext(264)) - client-835E41B928D6->6dd5d97a-7455-476f-86d1-706748154c4a: receive RaftClientReply:client-835E41B928D6->6dd5d97a-7455-476f-86d1-706748154c4a@group-349356213E97, cid=1374, SUCCESS, logIndex=1942, commits[6dd5d97a-7455-476f-86d1-706748154c4a:c1942, 8c1a4ac2-2d71-4742-ab0b-89dcc95eb13f:c1940, c9d0001a-daad-4532-9e58-9f5f4a7ddd18:c1940]
2019-09-12 14:53:39,924 [grpc-default-executor-5] INFO  client.GrpcClientProtocolClient (GrpcClientProtocolClient.java:onNext(264)) - client-835E41B928D6->6dd5d97a-7455-476f-86d1-706748154c4a: receive RaftClientReply:client-835E41B928D6->6dd5d97a-7455-476f-86d1-706748154c4a@group-349356213E97, cid=1375, SUCCESS, logIndex=0, commits[6dd5d97a-7455-476f-86d1-706748154c4a:c1944, 8c1a4ac2-2d71-4742-ab0b-89dcc95eb13f:c1942, c9d0001a-daad-4532-9e58-9f5f4a7ddd18:c1942]
2019-09-12 14:53:39,946 [grpc-default-executor-5] INFO  client.GrpcClientProtocolClient (GrpcClientProtocolClient.java:onNext(264)) - client-835E41B928D6->6dd5d97a-7455-476f-86d1-706748154c4a: receive RaftClientReply:client-835E41B928D6->6dd5d97a-7455-476f-86d1-706748154c4a@group-349356213E97, cid=1376, SUCCESS, logIndex=1945, commits[6dd5d97a-7455-476f-86d1-706748154c4a:c1947, 8c1a4ac2-2d71-4742-ab0b-89dcc95eb13f:c1944, c9d0001a-daad-4532-9e58-9f5f4a7ddd18:c1944]
2019-09-12 14:53:39,947 [grpc-default-executor-5] INFO  client.GrpcClientProtocolClient (GrpcClientProtocolClient.java:onNext(264)) - client-835E41B928D6->6dd5d97a-7455-476f-86d1-706748154c4a: receive RaftClientReply:client-835E41B928D6->6dd5d97a-7455-476f-86d1-706748154c4a@group-349356213E97, cid=1377, SUCCESS, logIndex=1946, commits[6dd5d97a-7455-476f-86d1-706748154c4a:c1948, 8c1a4ac2-2d71-4742-ab0b-89dcc95eb13f:c1944, c9d0001a-daad-4532-9e58-9f5f4a7ddd18:c1944]
2019-09-12 14:53:39,947 [grpc-default-executor-5] INFO  client.GrpcClientProtocolClient (GrpcClientProtocolClient.java:onNext(264)) - client-835E41B928D6->6dd5d97a-7455-476f-86d1-706748154c4a: receive RaftClientReply:client-835E41B928D6->6dd5d97a-7455-476f-86d1-706748154c4a@group-349356213E97, cid=1378, SUCCESS, logIndex=1947, commits[6dd5d97a-7455-476f-86d1-706748154c4a:c1948, 8c1a4ac2-2d71-4742-ab0b-89dcc95eb13f:c1944, c9d0001a-daad-4532-9e58-9f5f4a7ddd18:c1944]
2019-09-12 14:53:39,947 [grpc-default-executor-5] INFO  client.GrpcClientProtocolClient (GrpcClientProtocolClient.java:onNext(264)) - client-835E41B928D6->6dd5d97a-7455-476f-86d1-706748154c4a: receive RaftClientReply:client-835E41B928D6->6dd5d97a-7455-476f-86d1-706748154c4a@group-349356213E97, cid=1379, SUCCESS, logIndex=1948, commits[6dd5d97a-7455-476f-86d1-706748154c4a:c1948, 8c1a4ac2-2d71-4742-ab0b-89dcc95eb13f:c1944, c9d0001a-daad-4532-9e58-9f5f4a7ddd18:c1944]
2019-09-12 14:53:39,958 [grpc-default-executor-5] INFO  client.GrpcClientProtocolClient (GrpcClientProtocolClient.java:onNext(264)) - client-835E41B928D6->6dd5d97a-7455-476f-86d1-706748154c4a: receive RaftClientReply:client-835E41B928D6->6dd5d97a-7455-476f-86d1-706748154c4a@group-349356213E97, cid=1380, SUCCESS, logIndex=0, commits[6dd5d97a-7455-476f-86d1-706748154c4a:c1949, 8c1a4ac2-2d71-4742-ab0b-89dcc95eb13f:c1946, c9d0001a-daad-4532-9e58-9f5f4a7ddd18:c1946]
2019-09-12 14:53:39,971 [grpc-default-executor-5] INFO  client.GrpcClientProtocolClient (GrpcClientProtocolClient.java:onNext(264)) - client-835E41B928D6->6dd5d97a-7455-476f-86d1-706748154c4a: receive RaftClientReply:client-835E41B928D6->6dd5d97a-7455-476f-86d1-706748154c4a@group-349356213E97, cid=1381, SUCCESS, logIndex=1953, commits[6dd5d97a-7455-476f-86d1-706748154c4a:c1954, 8c1a4ac2-2d71-4742-ab0b-89dcc95eb13f:c1952, c9d0001a-daad-4532-9e58-9f5f4a7ddd18:c1948]
2019-09-12 14:53:39,971 [grpc-default-executor-5] INFO  client.GrpcClientProtocolClient (GrpcClientProtocolClient.java:onNext(264)) - client-835E41B928D6->6dd5d97a-7455-476f-86d1-706748154c4a: receive RaftClientReply:client-835E41B928D6->6dd5d97a-7455-476f-86d1-706748154c4a@group-349356213E97, cid=1382, SUCCESS, logIndex=1954, commits[6dd5d97a-7455-476f-86d1-706748154c4a:c1954, 8c1a4ac2-2d71-4742-ab0b-89dcc95eb13f:c1952, c9d0001a-daad-4532-9e58-9f5f4a7ddd18:c1952]
2019-09-12 14:53:39,990 [grpc-default-executor-7] INFO  client.GrpcClientProtocolClient (GrpcClientProtocolClient.java:onNext(264)) - client-835E41B928D6->6dd5d97a-7455-476f-86d1-706748154c4a: receive RaftClientReply:client-835E41B928D6->6dd5d97a-7455-476f-86d1-706748154c4a@group-349356213E97, cid=1383, SUCCESS, logIndex=1957, commits[6dd5d97a-7455-476f-86d1-706748154c4a:c1958, 8c1a4ac2-2d71-4742-ab0b-89dcc95eb13f:c1956, c9d0001a-daad-4532-9e58-9f5f4a7ddd18:c1956]
2019-09-12 14:53:39,990 [grpc-default-executor-7] INFO  client.GrpcClientProtocolClient (GrpcClientProtocolClient.java:onNext(264)) - client-835E41B928D6->6dd5d97a-7455-476f-86d1-706748154c4a: receive RaftClientReply:client-835E41B928D6->6dd5d97a-7455-476f-86d1-706748154c4a@group-349356213E97, cid=1384, SUCCESS, logIndex=1958, commits[6dd5d97a-7455-476f-86d1-706748154c4a:c1958, 8c1a4ac2-2d71-4742-ab0b-89dcc95eb13f:c1956, c9d0001a-daad-4532-9e58-9f5f4a7ddd18:c1956]
2019-09-12 14:53:40,002 [grpc-default-executor-5] INFO  client.GrpcClientProtocolClient (GrpcClientProtocolClient.java:onNext(264)) - client-835E41B928D6->6dd5d97a-7455-476f-86d1-706748154c4a: receive RaftClientReply:client-835E41B928D6->6dd5d97a-7455-476f-86d1-706748154c4a@group-349356213E97, cid=1385, SUCCESS, logIndex=0, commits[6dd5d97a-7455-476f-86d1-706748154c4a:c1960, 8c1a4ac2-2d71-4742-ab0b-89dcc95eb13f:c1958, c9d0001a-daad-4532-9e58-9f5f4a7ddd18:c1958]
2019-09-12 14:53:40,029 [grpc-default-executor-5] INFO  client.GrpcClientProtocolClient (GrpcClientProtocolClient.java:onNext(264)) - client-835E41B928D6->6dd5d97a-7455-476f-86d1-706748154c4a: receive RaftClientReply:client-835E41B928D6->6dd5d97a-7455-476f-86d1-706748154c4a@group-349356213E97, cid=1386, SUCCESS, logIndex=1961, commits[6dd5d97a-7455-476f-86d1-706748154c4a:c1962, 8c1a4ac2-2d71-4742-ab0b-89dcc95eb13f:c1960, c9d0001a-daad-4532-9e58-9f5f4a7ddd18:c1960]
2019-09-12 14:53:40,030 [grpc-default-executor-5] INFO  client.GrpcClientProtocolClient (GrpcClientProtocolClient.java:onNext(264)) - client-835E41B928D6->6dd5d97a-7455-476f-86d1-706748154c4a: receive RaftClientReply:client-835E41B928D6->6dd5d97a-7455-476f-86d1-706748154c4a@group-349356213E97, cid=1387, SUCCESS, logIndex=1962, commits[6dd5d97a-7455-476f-86d1-706748154c4a:c1964, 8c1a4ac2-2d71-4742-ab0b-89dcc95eb13f:c1960, c9d0001a-daad-4532-9e58-9f5f4a7ddd18:c1960]
2019-09-12 14:53:40,030 [grpc-default-executor-5] INFO  client.GrpcClientProtocolClient (GrpcClientProtocolClient.java:onNext(264)) - client-835E41B928D6->6dd5d97a-7455-476f-86d1-706748154c4a: receive RaftClientReply:client-835E41B928D6->6dd5d97a-7455-476f-86d1-706748154c4a@group-349356213E97, cid=1388, SUCCESS, logIndex=1963, commits[6dd5d97a-7455-476f-86d1-706748154c4a:c1964, 8c1a4ac2-2d71-4742-ab0b-89dcc95eb13f:c1960, c9d0001a-daad-4532-9e58-9f5f4a7ddd18:c1960]
2019-09-12 14:53:40,030 [grpc-default-executor-5] INFO  client.GrpcClientProtocolClient (GrpcClientProtocolClient.java:onNext(264)) - client-835E41B928D6->6dd5d97a-7455-476f-86d1-706748154c4a: receive RaftClientReply:client-835E41B928D6->6dd5d97a-7455-476f-86d1-706748154c4a@group-349356213E97, cid=1389, SUCCESS, logIndex=1964, commits[6dd5d97a-7455-476f-86d1-706748154c4a:c1964, 8c1a4ac2-2d71-4742-ab0b-89dcc95eb13f:c1960, c9d0001a-daad-4532-9e58-9f5f4a7ddd18:c1960]
2019-09-12 14:53:40,032 [grpc-default-executor-7] INFO  client.GrpcClientProtocolClient (GrpcClientProtocolClient.java:onNext(264)) - client-835E41B928D6->6dd5d97a-7455-476f-86d1-706748154c4a: receive RaftClientReply:client-835E41B928D6->6dd5d97a-7455-476f-86d1-706748154c4a@group-349356213E97, cid=1390, SUCCESS, logIndex=0, commits[6dd5d97a-7455-476f-86d1-706748154c4a:c1967, 8c1a4ac2-2d71-4742-ab0b-89dcc95eb13f:c1962, c9d0001a-daad-4532-9e58-9f5f4a7ddd18:c1964]
2019-09-12 14:53:40,049 [grpc-default-executor-7] INFO  client.GrpcClientProtocolClient (GrpcClientProtocolClient.java:onNext(264)) - client-835E41B928D6->6dd5d97a-7455-476f-86d1-706748154c4a: receive RaftClientReply:client-835E41B928D6->6dd5d97a-7455-476f-86d1-706748154c4a@group-349356213E97, cid=1391, SUCCESS, logIndex=1969, commits[6dd5d97a-7455-476f-86d1-706748154c4a:c1970, 8c1a4ac2-2d71-4742-ab0b-89dcc95eb13f:c1968, c9d0001a-daad-4532-9e58-9f5f4a7ddd18:c1968]
2019-09-12 14:53:40,049 [grpc-default-executor-7] INFO  client.GrpcClientProtocolClient (GrpcClientProtocolClient.java:onNext(264)) - client-835E41B928D6->6dd5d97a-7455-476f-86d1-706748154c4a: receive RaftClientReply:client-835E41B928D6->6dd5d97a-7455-476f-86d1-706748154c4a@group-349356213E97, cid=1392, SUCCESS, logIndex=1970, commits[6dd5d97a-7455-476f-86d1-706748154c4a:c1970, 8c1a4ac2-2d71-4742-ab0b-89dcc95eb13f:c1968, c9d0001a-daad-4532-9e58-9f5f4a7ddd18:c1968]
2019-09-12 14:53:40,062 [grpc-default-executor-2] INFO  client.GrpcClientProtocolClient (GrpcClientProtocolClient.java:onNext(264)) - client-835E41B928D6->6dd5d97a-7455-476f-86d1-706748154c4a: receive RaftClientReply:client-835E41B928D6->6dd5d97a-7455-476f-86d1-706748154c4a@group-349356213E97, cid=1393, SUCCESS, logIndex=1973, commits[6dd5d97a-7455-476f-86d1-706748154c4a:c1974, 8c1a4ac2-2d71-4742-ab0b-89dcc95eb13f:c1970, c9d0001a-daad-4532-9e58-9f5f4a7ddd18:c1970]
2019-09-12 14:53:40,063 [grpc-default-executor-2] INFO  client.GrpcClientProtocolClient (GrpcClientProtocolClient.java:onNext(264)) - client-835E41B928D6->6dd5d97a-7455-476f-86d1-706748154c4a: receive RaftClientReply:client-835E41B928D6->6dd5d97a-7455-476f-86d1-706748154c4a@group-349356213E97, cid=1394, SUCCESS, logIndex=1974, commits[6dd5d97a-7455-476f-86d1-706748154c4a:c1974, 8c1a4ac2-2d71-4742-ab0b-89dcc95eb13f:c1970, c9d0001a-daad-4532-9e58-9f5f4a7ddd18:c1970]
2019-09-12 14:53:40,076 [grpc-default-executor-6] INFO  client.GrpcClientProtocolClient (GrpcClientProtocolClient.java:onNext(264)) - client-835E41B928D6->6dd5d97a-7455-476f-86d1-706748154c4a: receive RaftClientReply:client-835E41B928D6->6dd5d97a-7455-476f-86d1-706748154c4a@group-349356213E97, cid=1395, SUCCESS, logIndex=0, commits[6dd5d97a-7455-476f-86d1-706748154c4a:c1976, 8c1a4ac2-2d71-4742-ab0b-89dcc95eb13f:c1974, c9d0001a-daad-4532-9e58-9f5f4a7ddd18:c1974]
2019-09-12 14:53:40,102 [grpc-default-executor-6] INFO  client.GrpcClientProtocolClient (GrpcClientProtocolClient.java:onNext(264)) - client-835E41B928D6->6dd5d97a-7455-476f-86d1-706748154c4a: receive RaftClientReply:client-835E41B928D6->6dd5d97a-7455-476f-86d1-706748154c4a@group-349356213E97, cid=1396, SUCCESS, logIndex=1977, commits[6dd5d97a-7455-476f-86d1-706748154c4a:c1978, 8c1a4ac2-2d71-4742-ab0b-89dcc95eb13f:c1976, c9d0001a-daad-4532-9e58-9f5f4a7ddd18:c1976]
2019-09-12 14:53:40,103 [grpc-default-executor-6] INFO  client.GrpcClientProtocolClient (GrpcClientProtocolClient.java:onNext(264)) - client-835E41B928D6->6dd5d97a-7455-476f-86d1-706748154c4a: receive RaftClientReply:client-835E41B928D6->6dd5d97a-7455-476f-86d1-706748154c4a@group-349356213E97, cid=1397, SUCCESS, logIndex=1978, commits[6dd5d97a-7455-476f-86d1-706748154c4a:c1980, 8c1a4ac2-2d71-4742-ab0b-89dcc95eb13f:c1976, c9d0001a-daad-4532-9e58-9f5f4a7ddd18:c1976]
2019-09-12 14:53:40,103 [grpc-default-executor-6] INFO  client.GrpcClientProtocolClient (GrpcClientProtocolClient.java:onNext(264)) - client-835E41B928D6->6dd5d97a-7455-476f-86d1-706748154c4a: receive RaftClientReply:client-835E41B928D6->6dd5d97a-7455-476f-86d1-706748154c4a@group-349356213E97, cid=1398, SUCCESS, logIndex=1979, commits[6dd5d97a-7455-476f-86d1-706748154c4a:c1980, 8c1a4ac2-2d71-4742-ab0b-89dcc95eb13f:c1976, c9d0001a-daad-4532-9e58-9f5f4a7ddd18:c1976]
2019-09-12 14:53:40,103 [grpc-default-executor-6] INFO  client.GrpcClientProtocolClient (GrpcClientProtocolClient.java:onNext(264)) - client-835E41B928D6->6dd5d97a-7455-476f-86d1-706748154c4a: receive RaftClientReply:client-835E41B928D6->6dd5d97a-7455-476f-86d1-706748154c4a@group-349356213E97, cid=1399, SUCCESS, logIndex=1980, commits[6dd5d97a-7455-476f-86d1-706748154c4a:c1980, 8c1a4ac2-2d71-4742-ab0b-89dcc95eb13f:c1976, c9d0001a-daad-4532-9e58-9f5f4a7ddd18:c1976]
2019-09-12 14:53:40,115 [grpc-default-executor-6] INFO  client.GrpcClientProtocolClient (GrpcClientProtocolClient.java:onNext(264)) - client-835E41B928D6->6dd5d97a-7455-476f-86d1-706748154c4a: receive RaftClientReply:client-835E41B928D6->6dd5d97a-7455-476f-86d1-706748154c4a@group-349356213E97, cid=1400, SUCCESS, logIndex=0, commits[6dd5d97a-7455-476f-86d1-706748154c4a:c1982, 8c1a4ac2-2d71-4742-ab0b-89dcc95eb13f:c1978, c9d0001a-daad-4532-9e58-9f5f4a7ddd18:c1978]
2019-09-12 14:53:40,132 [grpc-default-executor-7] INFO  client.GrpcClientProtocolClient (GrpcClientProtocolClient.java:onNext(264)) - client-835E41B928D6->6dd5d97a-7455-476f-86d1-706748154c4a: receive RaftClientReply:client-835E41B928D6->6dd5d97a-7455-476f-86d1-706748154c4a@group-349356213E97, cid=1401, SUCCESS, logIndex=1985, commits[6dd5d97a-7455-476f-86d1-706748154c4a:c1986, 8c1a4ac2-2d71-4742-ab0b-89dcc95eb13f:c1984, c9d0001a-daad-4532-9e58-9f5f4a7ddd18:c1984]
2019-09-12 14:53:40,133 [grpc-default-executor-7] INFO  client.GrpcClientProtocolClient (GrpcClientProtocolClient.java:onNext(264)) - client-835E41B928D6->6dd5d97a-7455-476f-86d1-706748154c4a: receive RaftClientReply:client-835E41B928D6->6dd5d97a-7455-476f-86d1-706748154c4a@group-349356213E97, cid=1402, SUCCESS, logIndex=1986, commits[6dd5d97a-7455-476f-86d1-706748154c4a:c1986, 8c1a4ac2-2d71-4742-ab0b-89dcc95eb13f:c1984, c9d0001a-daad-4532-9e58-9f5f4a7ddd18:c1984]
2019-09-12 14:53:40,145 [grpc-default-executor-2] INFO  client.GrpcClientProtocolClient (GrpcClientProtocolClient.java:onNext(264)) - client-835E41B928D6->6dd5d97a-7455-476f-86d1-706748154c4a: receive RaftClientReply:client-835E41B928D6->6dd5d97a-7455-476f-86d1-706748154c4a@group-349356213E97, cid=1403, SUCCESS, logIndex=1989, commits[6dd5d97a-7455-476f-86d1-706748154c4a:c1990, 8c1a4ac2-2d71-4742-ab0b-89dcc95eb13f:c1986, c9d0001a-daad-4532-9e58-9f5f4a7ddd18:c1986]
2019-09-12 14:53:40,146 [grpc-default-executor-2] INFO  client.GrpcClientProtocolClient (GrpcClientProtocolClient.java:onNext(264)) - client-835E41B928D6->6dd5d97a-7455-476f-86d1-706748154c4a: receive RaftClientReply:client-835E41B928D6->6dd5d97a-7455-476f-86d1-706748154c4a@group-349356213E97, cid=1404, SUCCESS, logIndex=1990, commits[6dd5d97a-7455-476f-86d1-706748154c4a:c1990, 8c1a4ac2-2d71-4742-ab0b-89dcc95eb13f:c1986, c9d0001a-daad-4532-9e58-9f5f4a7ddd18:c1986]
2019-09-12 14:53:40,149 [grpc-default-executor-2] INFO  client.GrpcClientProtocolClient (GrpcClientProtocolClient.java:onNext(264)) - client-835E41B928D6->6dd5d97a-7455-476f-86d1-706748154c4a: receive RaftClientReply:client-835E41B928D6->6dd5d97a-7455-476f-86d1-706748154c4a@group-349356213E97, cid=1405, SUCCESS, logIndex=0, commits[6dd5d97a-7455-476f-86d1-706748154c4a:c1992, 8c1a4ac2-2d71-4742-ab0b-89dcc95eb13f:c1990, c9d0001a-daad-4532-9e58-9f5f4a7ddd18:c1990]
2019-09-12 14:53:40,166 [grpc-default-executor-2] INFO  client.GrpcClientProtocolClient (GrpcClientProtocolClient.java:onNext(264)) - client-835E41B928D6->6dd5d97a-7455-476f-86d1-706748154c4a: receive RaftClientReply:client-835E41B928D6->6dd5d97a-7455-476f-86d1-706748154c4a@group-349356213E97, cid=1406, SUCCESS, logIndex=1993, commits[6dd5d97a-7455-476f-86d1-706748154c4a:c1994, 8c1a4ac2-2d71-4742-ab0b-89dcc95eb13f:c1992, c9d0001a-daad-4532-9e58-9f5f4a7ddd18:c1992]
2019-09-12 14:53:40,167 [grpc-default-executor-2] INFO  client.GrpcClientProtocolClient (GrpcClientProtocolClient.java:onNext(264)) - client-835E41B928D6->6dd5d97a-7455-476f-86d1-706748154c4a: receive RaftClientReply:client-835E41B928D6->6dd5d97a-7455-476f-86d1-706748154c4a@group-349356213E97, cid=1407, SUCCESS, logIndex=1994, commits[6dd5d97a-7455-476f-86d1-706748154c4a:c1996, 8c1a4ac2-2d71-4742-ab0b-89dcc95eb13f:c1992, c9d0001a-daad-4532-9e58-9f5f4a7ddd18:c1992]
2019-09-12 14:53:40,167 [grpc-default-executor-2] INFO  client.GrpcClientProtocolClient (GrpcClientProtocolClient.java:onNext(264)) - client-835E41B928D6->6dd5d97a-7455-476f-86d1-706748154c4a: receive RaftClientReply:client-835E41B928D6->6dd5d97a-7455-476f-86d1-706748154c4a@group-349356213E97, cid=1408, SUCCESS, logIndex=1995, commits[6dd5d97a-7455-476f-86d1-706748154c4a:c1996, 8c1a4ac2-2d71-4742-ab0b-89dcc95eb13f:c1992, c9d0001a-daad-4532-9e58-9f5f4a7ddd18:c1992]
2019-09-12 14:53:40,167 [grpc-default-executor-2] INFO  client.GrpcClientProtocolClient (GrpcClientProtocolClient.java:onNext(264)) - client-835E41B928D6->6dd5d97a-7455-476f-86d1-706748154c4a: receive RaftClientReply:client-835E41B928D6->6dd5d97a-7455-476f-86d1-706748154c4a@group-349356213E97, cid=1409, SUCCESS, logIndex=1996, commits[6dd5d97a-7455-476f-86d1-706748154c4a:c1996, 8c1a4ac2-2d71-4742-ab0b-89dcc95eb13f:c1992, c9d0001a-daad-4532-9e58-9f5f4a7ddd18:c1992]
2019-09-12 14:53:40,170 [grpc-default-executor-6] INFO  client.GrpcClientProtocolClient (GrpcClientProtocolClient.java:onNext(264)) - client-835E41B928D6->6dd5d97a-7455-476f-86d1-706748154c4a: receive RaftClientReply:client-835E41B928D6->6dd5d97a-7455-476f-86d1-706748154c4a@group-349356213E97, cid=1410, SUCCESS, logIndex=0, commits[6dd5d97a-7455-476f-86d1-706748154c4a:c1998, 8c1a4ac2-2d71-4742-ab0b-89dcc95eb13f:c1994, c9d0001a-daad-4532-9e58-9f5f4a7ddd18:c1994]
2019-09-12 14:53:40,197 [grpc-default-executor-7] INFO  client.GrpcClientProtocolClient (GrpcClientProtocolClient.java:onNext(264)) - client-835E41B928D6->6dd5d97a-7455-476f-86d1-706748154c4a: receive RaftClientReply:client-835E41B928D6->6dd5d97a-7455-476f-86d1-706748154c4a@group-349356213E97, cid=1411, SUCCESS, logIndex=2001, commits[6dd5d97a-7455-476f-86d1-706748154c4a:c2002, 8c1a4ac2-2d71-4742-ab0b-89dcc95eb13f:c2000, c9d0001a-daad-4532-9e58-9f5f4a7ddd18:c2000]
2019-09-12 14:53:40,197 [grpc-default-executor-7] INFO  client.GrpcClientProtocolClient (GrpcClientProtocolClient.java:onNext(264)) - client-835E41B928D6->6dd5d97a-7455-476f-86d1-706748154c4a: receive RaftClientReply:client-835E41B928D6->6dd5d97a-7455-476f-86d1-706748154c4a@group-349356213E97, cid=1412, SUCCESS, logIndex=2002, commits[6dd5d97a-7455-476f-86d1-706748154c4a:c2002, 8c1a4ac2-2d71-4742-ab0b-89dcc95eb13f:c2000, c9d0001a-daad-4532-9e58-9f5f4a7ddd18:c2000]
2019-09-12 14:53:40,208 [grpc-default-executor-7] INFO  client.GrpcClientProtocolClient (GrpcClientProtocolClient.java:onNext(264)) - client-835E41B928D6->6dd5d97a-7455-476f-86d1-706748154c4a: receive RaftClientReply:client-835E41B928D6->6dd5d97a-7455-476f-86d1-706748154c4a@group-349356213E97, cid=1413, SUCCESS, logIndex=2005, commits[6dd5d97a-7455-476f-86d1-706748154c4a:c2006, 8c1a4ac2-2d71-4742-ab0b-89dcc95eb13f:c2004, c9d0001a-daad-4532-9e58-9f5f4a7ddd18:c2004]
2019-09-12 14:53:40,208 [grpc-default-executor-7] INFO  client.GrpcClientProtocolClient (GrpcClientProtocolClient.java:onNext(264)) - client-835E41B928D6->6dd5d97a-7455-476f-86d1-706748154c4a: receive RaftClientReply:client-835E41B928D6->6dd5d97a-7455-476f-86d1-706748154c4a@group-349356213E97, cid=1414, SUCCESS, logIndex=2006, commits[6dd5d97a-7455-476f-86d1-706748154c4a:c2006, 8c1a4ac2-2d71-4742-ab0b-89dcc95eb13f:c2004, c9d0001a-daad-4532-9e58-9f5f4a7ddd18:c2004]
2019-09-12 14:53:40,220 [grpc-default-executor-7] INFO  client.GrpcClientProtocolClient (GrpcClientProtocolClient.java:onNext(264)) - client-835E41B928D6->6dd5d97a-7455-476f-86d1-706748154c4a: receive RaftClientReply:client-835E41B928D6->6dd5d97a-7455-476f-86d1-706748154c4a@group-349356213E97, cid=1415, SUCCESS, logIndex=0, commits[6dd5d97a-7455-476f-86d1-706748154c4a:c2007, 8c1a4ac2-2d71-4742-ab0b-89dcc95eb13f:c2006, c9d0001a-daad-4532-9e58-9f5f4a7ddd18:c2006]
2019-09-12 14:53:40,343 [grpc-default-executor-2] INFO  client.GrpcClientProtocolClient (GrpcClientProtocolClient.java:onNext(264)) - client-835E41B928D6->6dd5d97a-7455-476f-86d1-706748154c4a: receive RaftClientReply:client-835E41B928D6->6dd5d97a-7455-476f-86d1-706748154c4a@group-349356213E97, cid=1416, SUCCESS, logIndex=2009, commits[6dd5d97a-7455-476f-86d1-706748154c4a:c2012, 8c1a4ac2-2d71-4742-ab0b-89dcc95eb13f:c2008, c9d0001a-daad-4532-9e58-9f5f4a7ddd18:c2008]
2019-09-12 14:53:40,343 [grpc-default-executor-2] INFO  client.GrpcClientProtocolClient (GrpcClientProtocolClient.java:onNext(264)) - client-835E41B928D6->6dd5d97a-7455-476f-86d1-706748154c4a: receive RaftClientReply:client-835E41B928D6->6dd5d97a-7455-476f-86d1-706748154c4a@group-349356213E97, cid=1417, SUCCESS, logIndex=2010, commits[6dd5d97a-7455-476f-86d1-706748154c4a:c2012, 8c1a4ac2-2d71-4742-ab0b-89dcc95eb13f:c2008, c9d0001a-daad-4532-9e58-9f5f4a7ddd18:c2008]
2019-09-12 14:53:40,344 [grpc-default-executor-7] INFO  client.GrpcClientProtocolClient (GrpcClientProtocolClient.java:onNext(264)) - client-835E41B928D6->6dd5d97a-7455-476f-86d1-706748154c4a: receive RaftClientReply:client-835E41B928D6->6dd5d97a-7455-476f-86d1-706748154c4a@group-349356213E97, cid=1418, SUCCESS, logIndex=2011, commits[6dd5d97a-7455-476f-86d1-706748154c4a:c2012, 8c1a4ac2-2d71-4742-ab0b-89dcc95eb13f:c2008, c9d0001a-daad-4532-9e58-9f5f4a7ddd18:c2008]
2019-09-12 14:53:40,345 [grpc-default-executor-7] INFO  client.GrpcClientProtocolClient (GrpcClientProtocolClient.java:onNext(264)) - client-835E41B928D6->6dd5d97a-7455-476f-86d1-706748154c4a: receive RaftClientReply:client-835E41B928D6->6dd5d97a-7455-476f-86d1-706748154c4a@group-349356213E97, cid=1419, SUCCESS, logIndex=2012, commits[6dd5d97a-7455-476f-86d1-706748154c4a:c2013, 8c1a4ac2-2d71-4742-ab0b-89dcc95eb13f:c2010, c9d0001a-daad-4532-9e58-9f5f4a7ddd18:c2010]
2019-09-12 14:53:40,364 [grpc-default-executor-6] INFO  client.GrpcClientProtocolClient (GrpcClientProtocolClient.java:onNext(264)) - client-835E41B928D6->6dd5d97a-7455-476f-86d1-706748154c4a: receive RaftClientReply:client-835E41B928D6->6dd5d97a-7455-476f-86d1-706748154c4a@group-349356213E97, cid=1420, SUCCESS, logIndex=2017, commits[6dd5d97a-7455-476f-86d1-706748154c4a:c2018, 8c1a4ac2-2d71-4742-ab0b-89dcc95eb13f:c2016, c9d0001a-daad-4532-9e58-9f5f4a7ddd18:c2016]
2019-09-12 14:53:40,364 [grpc-default-executor-6] INFO  client.GrpcClientProtocolClient (GrpcClientProtocolClient.java:onNext(264)) - client-835E41B928D6->6dd5d97a-7455-476f-86d1-706748154c4a: receive RaftClientReply:client-835E41B928D6->6dd5d97a-7455-476f-86d1-706748154c4a@group-349356213E97, cid=1421, SUCCESS, logIndex=2018, commits[6dd5d97a-7455-476f-86d1-706748154c4a:c2018, 8c1a4ac2-2d71-4742-ab0b-89dcc95eb13f:c2016, c9d0001a-daad-4532-9e58-9f5f4a7ddd18:c2016]
2019-09-12 14:53:40,378 [grpc-default-executor-2] INFO  client.GrpcClientProtocolClient (GrpcClientProtocolClient.java:onNext(264)) - client-835E41B928D6->6dd5d97a-7455-476f-86d1-706748154c4a: receive RaftClientReply:client-835E41B928D6->6dd5d97a-7455-476f-86d1-706748154c4a@group-349356213E97, cid=1422, SUCCESS, logIndex=2021, commits[6dd5d97a-7455-476f-86d1-706748154c4a:c2021, 8c1a4ac2-2d71-4742-ab0b-89dcc95eb13f:c2018, c9d0001a-daad-4532-9e58-9f5f4a7ddd18:c2018]
2019-09-12 14:53:40,379 [grpc-default-executor-2] INFO  client.GrpcClientProtocolClient (GrpcClientProtocolClient.java:onNext(264)) - client-835E41B928D6->6dd5d97a-7455-476f-86d1-706748154c4a: receive RaftClientReply:client-835E41B928D6->6dd5d97a-7455-476f-86d1-706748154c4a@group-349356213E97, cid=1423, SUCCESS, logIndex=2022, commits[6dd5d97a-7455-476f-86d1-706748154c4a:c2022, 8c1a4ac2-2d71-4742-ab0b-89dcc95eb13f:c2018, c9d0001a-daad-4532-9e58-9f5f4a7ddd18:c2018]
2019-09-12 14:53:40,391 [grpc-default-executor-5] INFO  client.GrpcClientProtocolClient (GrpcClientProtocolClient.java:onNext(264)) - client-835E41B928D6->6dd5d97a-7455-476f-86d1-706748154c4a: receive RaftClientReply:client-835E41B928D6->6dd5d97a-7455-476f-86d1-706748154c4a@group-349356213E97, cid=1424, SUCCESS, logIndex=0, commits[6dd5d97a-7455-476f-86d1-706748154c4a:c2024, 8c1a4ac2-2d71-4742-ab0b-89dcc95eb13f:c2022, c9d0001a-daad-4532-9e58-9f5f4a7ddd18:c2022]
2019-09-12 14:53:40,418 [grpc-default-executor-2] INFO  client.GrpcClientProtocolClient (GrpcClientProtocolClient.java:onNext(264)) - client-835E41B928D6->6dd5d97a-7455-476f-86d1-706748154c4a: receive RaftClientReply:client-835E41B928D6->6dd5d97a-7455-476f-86d1-706748154c4a@group-349356213E97, cid=1425, SUCCESS, logIndex=2025, commits[6dd5d97a-7455-476f-86d1-706748154c4a:c2026, 8c1a4ac2-2d71-4742-ab0b-89dcc95eb13f:c2024, c9d0001a-daad-4532-9e58-9f5f4a7ddd18:c2024]
2019-09-12 14:53:40,418 [grpc-default-executor-7] INFO  client.GrpcClientProtocolClient (GrpcClientProtocolClient.java:onNext(264)) - client-835E41B928D6->6dd5d97a-7455-476f-86d1-706748154c4a: receive RaftClientReply:client-835E41B928D6->6dd5d97a-7455-476f-86d1-706748154c4a@group-349356213E97, cid=1426, SUCCESS, logIndex=2026, commits[6dd5d97a-7455-476f-86d1-706748154c4a:c2028, 8c1a4ac2-2d71-4742-ab0b-89dcc95eb13f:c2024, c9d0001a-daad-4532-9e58-9f5f4a7ddd18:c2024]
2019-09-12 14:53:40,419 [grpc-default-executor-7] INFO  client.GrpcClientProtocolClient (GrpcClientProtocolClient.java:onNext(264)) - client-835E41B928D6->6dd5d97a-7455-476f-86d1-706748154c4a: receive RaftClientReply:client-835E41B928D6->6dd5d97a-7455-476f-86d1-706748154c4a@group-349356213E97, cid=1427, SUCCESS, logIndex=2027, commits[6dd5d97a-7455-476f-86d1-706748154c4a:c2028, 8c1a4ac2-2d71-4742-ab0b-89dcc95eb13f:c2024, c9d0001a-daad-4532-9e58-9f5f4a7ddd18:c2024]
2019-09-12 14:53:40,419 [grpc-default-executor-7] INFO  client.GrpcClientProtocolClient (GrpcClientProtocolClient.java:onNext(264)) - client-835E41B928D6->6dd5d97a-7455-476f-86d1-706748154c4a: receive RaftClientReply:client-835E41B928D6->6dd5d97a-7455-476f-86d1-706748154c4a@group-349356213E97, cid=1428, SUCCESS, logIndex=2028, commits[6dd5d97a-7455-476f-86d1-706748154c4a:c2028, 8c1a4ac2-2d71-4742-ab0b-89dcc95eb13f:c2024, c9d0001a-daad-4532-9e58-9f5f4a7ddd18:c2024]
2019-09-12 14:53:40,421 [grpc-default-executor-7] INFO  client.GrpcClientProtocolClient (GrpcClientProtocolClient.java:onNext(264)) - client-835E41B928D6->6dd5d97a-7455-476f-86d1-706748154c4a: receive RaftClientReply:client-835E41B928D6->6dd5d97a-7455-476f-86d1-706748154c4a@group-349356213E97, cid=1429, SUCCESS, logIndex=0, commits[6dd5d97a-7455-476f-86d1-706748154c4a:c2030, 8c1a4ac2-2d71-4742-ab0b-89dcc95eb13f:c2026, c9d0001a-daad-4532-9e58-9f5f4a7ddd18:c2026]
 0.00% |█                                                                                                    |  0/1 Time: 0:00:082019-09-12 14:53:40,441 [grpc-default-executor-2] INFO  client.GrpcClientProtocolClient (GrpcClientProtocolClient.java:onNext(264)) - client-835E41B928D6->6dd5d97a-7455-476f-86d1-706748154c4a: receive RaftClientReply:client-835E41B928D6->6dd5d97a-7455-476f-86d1-706748154c4a@group-349356213E97, cid=1430, SUCCESS, logIndex=2032, commits[6dd5d97a-7455-476f-86d1-706748154c4a:c2033, 8c1a4ac2-2d71-4742-ab0b-89dcc95eb13f:c2031, c9d0001a-daad-4532-9e58-9f5f4a7ddd18:c2031]
2019-09-12 14:53:40,441 [grpc-default-executor-2] INFO  client.GrpcClientProtocolClient (GrpcClientProtocolClient.java:onNext(264)) - client-835E41B928D6->6dd5d97a-7455-476f-86d1-706748154c4a: receive RaftClientReply:client-835E41B928D6->6dd5d97a-7455-476f-86d1-706748154c4a@group-349356213E97, cid=1431, SUCCESS, logIndex=2033, commits[6dd5d97a-7455-476f-86d1-706748154c4a:c2033, 8c1a4ac2-2d71-4742-ab0b-89dcc95eb13f:c2031, c9d0001a-daad-4532-9e58-9f5f4a7ddd18:c2031]
2019-09-12 14:53:40,456 [grpc-default-executor-5] INFO  client.GrpcClientProtocolClient (GrpcClientProtocolClient.java:onNext(264)) - client-835E41B928D6->6dd5d97a-7455-476f-86d1-706748154c4a: receive RaftClientReply:client-835E41B928D6->6dd5d97a-7455-476f-86d1-706748154c4a@group-349356213E97, cid=1432, SUCCESS, logIndex=2036, commits[6dd5d97a-7455-476f-86d1-706748154c4a:c2037, 8c1a4ac2-2d71-4742-ab0b-89dcc95eb13f:c2033, c9d0001a-daad-4532-9e58-9f5f4a7ddd18:c2033]
2019-09-12 14:53:40,456 [grpc-default-executor-5] INFO  client.GrpcClientProtocolClient (GrpcClientProtocolClient.java:onNext(264)) - client-835E41B928D6->6dd5d97a-7455-476f-86d1-706748154c4a: receive RaftClientReply:client-835E41B928D6->6dd5d97a-7455-476f-86d1-706748154c4a@group-349356213E97, cid=1433, SUCCESS, logIndex=2037, commits[6dd5d97a-7455-476f-86d1-706748154c4a:c2037, 8c1a4ac2-2d71-4742-ab0b-89dcc95eb13f:c2033, c9d0001a-daad-4532-9e58-9f5f4a7ddd18:c2033]
2019-09-12 14:53:40,481 [grpc-default-executor-5] INFO  client.GrpcClientProtocolClient (GrpcClientProtocolClient.java:onNext(264)) - client-835E41B928D6->6dd5d97a-7455-476f-86d1-706748154c4a: receive RaftClientReply:client-835E41B928D6->6dd5d97a-7455-476f-86d1-706748154c4a@group-349356213E97, cid=1434, SUCCESS, logIndex=0, commits[6dd5d97a-7455-476f-86d1-706748154c4a:c2039, 8c1a4ac2-2d71-4742-ab0b-89dcc95eb13f:c2037, c9d0001a-daad-4532-9e58-9f5f4a7ddd18:c2037]
2019-09-12 14:53:40,508 [grpc-default-executor-7] INFO  client.GrpcClientProtocolClient (GrpcClientProtocolClient.java:onNext(264)) - client-835E41B928D6->6dd5d97a-7455-476f-86d1-706748154c4a: receive RaftClientReply:client-835E41B928D6->6dd5d97a-7455-476f-86d1-706748154c4a@group-349356213E97, cid=1435, SUCCESS, logIndex=2040, commits[6dd5d97a-7455-476f-86d1-706748154c4a:c2041, 8c1a4ac2-2d71-4742-ab0b-89dcc95eb13f:c2039, c9d0001a-daad-4532-9e58-9f5f4a7ddd18:c2039]
2019-09-12 14:53:40,509 [grpc-default-executor-7] INFO  client.GrpcClientProtocolClient (GrpcClientProtocolClient.java:onNext(264)) - client-835E41B928D6->6dd5d97a-7455-476f-86d1-706748154c4a: receive RaftClientReply:client-835E41B928D6->6dd5d97a-7455-476f-86d1-706748154c4a@group-349356213E97, cid=1436, SUCCESS, logIndex=2041, commits[6dd5d97a-7455-476f-86d1-706748154c4a:c2043, 8c1a4ac2-2d71-4742-ab0b-89dcc95eb13f:c2039, c9d0001a-daad-4532-9e58-9f5f4a7ddd18:c2039]
2019-09-12 14:53:40,509 [grpc-default-executor-7] INFO  client.GrpcClientProtocolClient (GrpcClientProtocolClient.java:onNext(264)) - client-835E41B928D6->6dd5d97a-7455-476f-86d1-706748154c4a: receive RaftClientReply:client-835E41B928D6->6dd5d97a-7455-476f-86d1-706748154c4a@group-349356213E97, cid=1437, SUCCESS, logIndex=2042, commits[6dd5d97a-7455-476f-86d1-706748154c4a:c2043, 8c1a4ac2-2d71-4742-ab0b-89dcc95eb13f:c2039, c9d0001a-daad-4532-9e58-9f5f4a7ddd18:c2039]
2019-09-12 14:53:40,509 [grpc-default-executor-7] INFO  client.GrpcClientProtocolClient (GrpcClientProtocolClient.java:onNext(264)) - client-835E41B928D6->6dd5d97a-7455-476f-86d1-706748154c4a: receive RaftClientReply:client-835E41B928D6->6dd5d97a-7455-476f-86d1-706748154c4a@group-349356213E97, cid=1438, SUCCESS, logIndex=2043, commits[6dd5d97a-7455-476f-86d1-706748154c4a:c2043, 8c1a4ac2-2d71-4742-ab0b-89dcc95eb13f:c2039, c9d0001a-daad-4532-9e58-9f5f4a7ddd18:c2039]
2019-09-12 14:53:40,510 [grpc-default-executor-7] INFO  client.GrpcClientProtocolClient (GrpcClientProtocolClient.java:onNext(264)) - client-835E41B928D6->6dd5d97a-7455-476f-86d1-706748154c4a: receive RaftClientReply:client-835E41B928D6->6dd5d97a-7455-476f-86d1-706748154c4a@group-349356213E97, cid=1439, SUCCESS, logIndex=0, commits[6dd5d97a-7455-476f-86d1-706748154c4a:c2045, 8c1a4ac2-2d71-4742-ab0b-89dcc95eb13f:c2041, c9d0001a-daad-4532-9e58-9f5f4a7ddd18:c2041]
2019-09-12 14:53:40,530 [grpc-default-executor-7] INFO  client.GrpcClientProtocolClient (GrpcClientProtocolClient.java:onNext(264)) - client-835E41B928D6->6dd5d97a-7455-476f-86d1-706748154c4a: receive RaftClientReply:client-835E41B928D6->6dd5d97a-7455-476f-86d1-706748154c4a@group-349356213E97, cid=1440, SUCCESS, logIndex=2048, commits[6dd5d97a-7455-476f-86d1-706748154c4a:c2049, 8c1a4ac2-2d71-4742-ab0b-89dcc95eb13f:c2047, c9d0001a-daad-4532-9e58-9f5f4a7ddd18:c2047]
2019-09-12 14:53:40,530 [grpc-default-executor-7] INFO  client.GrpcClientProtocolClient (GrpcClientProtocolClient.java:onNext(264)) - client-835E41B928D6->6dd5d97a-7455-476f-86d1-706748154c4a: receive RaftClientReply:client-835E41B928D6->6dd5d97a-7455-476f-86d1-706748154c4a@group-349356213E97, cid=1441, SUCCESS, logIndex=2049, commits[6dd5d97a-7455-476f-86d1-706748154c4a:c2049, 8c1a4ac2-2d71-4742-ab0b-89dcc95eb13f:c2047, c9d0001a-daad-4532-9e58-9f5f4a7ddd18:c2047]
2019-09-12 14:53:40,543 [grpc-default-executor-6] INFO  client.GrpcClientProtocolClient (GrpcClientProtocolClient.java:onNext(264)) - client-835E41B928D6->6dd5d97a-7455-476f-86d1-706748154c4a: receive RaftClientReply:client-835E41B928D6->6dd5d97a-7455-476f-86d1-706748154c4a@group-349356213E97, cid=1442, SUCCESS, logIndex=2052, commits[6dd5d97a-7455-476f-86d1-706748154c4a:c2053, 8c1a4ac2-2d71-4742-ab0b-89dcc95eb13f:c2049, c9d0001a-daad-4532-9e58-9f5f4a7ddd18:c2049]
2019-09-12 14:53:40,543 [grpc-default-executor-6] INFO  client.GrpcClientProtocolClient (GrpcClientProtocolClient.java:onNext(264)) - client-835E41B928D6->6dd5d97a-7455-476f-86d1-706748154c4a: receive RaftClientReply:client-835E41B928D6->6dd5d97a-7455-476f-86d1-706748154c4a@group-349356213E97, cid=1443, SUCCESS, logIndex=2053, commits[6dd5d97a-7455-476f-86d1-706748154c4a:c2053, 8c1a4ac2-2d71-4742-ab0b-89dcc95eb13f:c2049, c9d0001a-daad-4532-9e58-9f5f4a7ddd18:c2049]
2019-09-12 14:53:40,555 [grpc-default-executor-6] INFO  client.GrpcClientProtocolClient (GrpcClientProtocolClient.java:onNext(264)) - client-835E41B928D6->6dd5d97a-7455-476f-86d1-706748154c4a: receive RaftClientReply:client-835E41B928D6->6dd5d97a-7455-476f-86d1-706748154c4a@group-349356213E97, cid=1444, SUCCESS, logIndex=0, commits[6dd5d97a-7455-476f-86d1-706748154c4a:c2055, 8c1a4ac2-2d71-4742-ab0b-89dcc95eb13f:c2053, c9d0001a-daad-4532-9e58-9f5f4a7ddd18:c2053]
2019-09-12 14:53:40,582 [grpc-default-executor-7] INFO  client.GrpcClientProtocolClient (GrpcClientProtocolClient.java:onNext(264)) - client-835E41B928D6->6dd5d97a-7455-476f-86d1-706748154c4a: receive RaftClientReply:client-835E41B928D6->6dd5d97a-7455-476f-86d1-706748154c4a@group-349356213E97, cid=1445, SUCCESS, logIndex=2056, commits[6dd5d97a-7455-476f-86d1-706748154c4a:c2058, 8c1a4ac2-2d71-4742-ab0b-89dcc95eb13f:c2055, c9d0001a-daad-4532-9e58-9f5f4a7ddd18:c2055]
2019-09-12 14:53:40,582 [grpc-default-executor-7] INFO  client.GrpcClientProtocolClient (GrpcClientProtocolClient.java:onNext(264)) - client-835E41B928D6->6dd5d97a-7455-476f-86d1-706748154c4a: receive RaftClientReply:client-835E41B928D6->6dd5d97a-7455-476f-86d1-706748154c4a@group-349356213E97, cid=1446, SUCCESS, logIndex=2057, commits[6dd5d97a-7455-476f-86d1-706748154c4a:c2059, 8c1a4ac2-2d71-4742-ab0b-89dcc95eb13f:c2055, c9d0001a-daad-4532-9e58-9f5f4a7ddd18:c2055]
2019-09-12 14:53:40,583 [grpc-default-executor-7] INFO  client.GrpcClientProtocolClient (GrpcClientProtocolClient.java:onNext(264)) - client-835E41B928D6->6dd5d97a-7455-476f-86d1-706748154c4a: receive RaftClientReply:client-835E41B928D6->6dd5d97a-7455-476f-86d1-706748154c4a@group-349356213E97, cid=1447, SUCCESS, logIndex=2058, commits[6dd5d97a-7455-476f-86d1-706748154c4a:c2059, 8c1a4ac2-2d71-4742-ab0b-89dcc95eb13f:c2055, c9d0001a-daad-4532-9e58-9f5f4a7ddd18:c2055]
2019-09-12 14:53:40,583 [grpc-default-executor-7] INFO  client.GrpcClientProtocolClient (GrpcClientProtocolClient.java:onNext(264)) - client-835E41B928D6->6dd5d97a-7455-476f-86d1-706748154c4a: receive RaftClientReply:client-835E41B928D6->6dd5d97a-7455-476f-86d1-706748154c4a@group-349356213E97, cid=1448, SUCCESS, logIndex=2059, commits[6dd5d97a-7455-476f-86d1-706748154c4a:c2059, 8c1a4ac2-2d71-4742-ab0b-89dcc95eb13f:c2055, c9d0001a-daad-4532-9e58-9f5f4a7ddd18:c2055]
2019-09-12 14:53:40,585 [grpc-default-executor-7] INFO  client.GrpcClientProtocolClient (GrpcClientProtocolClient.java:onNext(264)) - client-835E41B928D6->6dd5d97a-7455-476f-86d1-706748154c4a: receive RaftClientReply:client-835E41B928D6->6dd5d97a-7455-476f-86d1-706748154c4a@group-349356213E97, cid=1449, SUCCESS, logIndex=0, commits[6dd5d97a-7455-476f-86d1-706748154c4a:c2061, 8c1a4ac2-2d71-4742-ab0b-89dcc95eb13f:c2058, c9d0001a-daad-4532-9e58-9f5f4a7ddd18:c2058]
2019-09-12 14:53:40,612 [grpc-default-executor-2] INFO  client.GrpcClientProtocolClient (GrpcClientProtocolClient.java:onNext(264)) - client-835E41B928D6->6dd5d97a-7455-476f-86d1-706748154c4a: receive RaftClientReply:client-835E41B928D6->6dd5d97a-7455-476f-86d1-706748154c4a@group-349356213E97, cid=1450, SUCCESS, logIndex=2064, commits[6dd5d97a-7455-476f-86d1-706748154c4a:c2065, 8c1a4ac2-2d71-4742-ab0b-89dcc95eb13f:c2063, c9d0001a-daad-4532-9e58-9f5f4a7ddd18:c2063]
2019-09-12 14:53:40,612 [grpc-default-executor-2] INFO  client.GrpcClientProtocolClient (GrpcClientProtocolClient.java:onNext(264)) - client-835E41B928D6->6dd5d97a-7455-476f-86d1-706748154c4a: receive RaftClientReply:client-835E41B928D6->6dd5d97a-7455-476f-86d1-706748154c4a@group-349356213E97, cid=1451, SUCCESS, logIndex=2065, commits[6dd5d97a-7455-476f-86d1-706748154c4a:c2065, 8c1a4ac2-2d71-4742-ab0b-89dcc95eb13f:c2063, c9d0001a-daad-4532-9e58-9f5f4a7ddd18:c2063]
2019-09-12 14:53:40,625 [grpc-default-executor-7] INFO  client.GrpcClientProtocolClient (GrpcClientProtocolClient.java:onNext(264)) - client-835E41B928D6->6dd5d97a-7455-476f-86d1-706748154c4a: receive RaftClientReply:client-835E41B928D6->6dd5d97a-7455-476f-86d1-706748154c4a@group-349356213E97, cid=1452, SUCCESS, logIndex=2068, commits[6dd5d97a-7455-476f-86d1-706748154c4a:c2068, 8c1a4ac2-2d71-4742-ab0b-89dcc95eb13f:c2065, c9d0001a-daad-4532-9e58-9f5f4a7ddd18:c2065]
2019-09-12 14:53:40,625 [grpc-default-executor-7] INFO  client.GrpcClientProtocolClient (GrpcClientProtocolClient.java:onNext(264)) - client-835E41B928D6->6dd5d97a-7455-476f-86d1-706748154c4a: receive RaftClientReply:client-835E41B928D6->6dd5d97a-7455-476f-86d1-706748154c4a@group-349356213E97, cid=1453, SUCCESS, logIndex=2069, commits[6dd5d97a-7455-476f-86d1-706748154c4a:c2069, 8c1a4ac2-2d71-4742-ab0b-89dcc95eb13f:c2065, c9d0001a-daad-4532-9e58-9f5f4a7ddd18:c2065]
2019-09-12 14:53:40,638 [grpc-default-executor-6] INFO  client.GrpcClientProtocolClient (GrpcClientProtocolClient.java:onNext(264)) - client-835E41B928D6->6dd5d97a-7455-476f-86d1-706748154c4a: receive RaftClientReply:client-835E41B928D6->6dd5d97a-7455-476f-86d1-706748154c4a@group-349356213E97, cid=1454, SUCCESS, logIndex=0, commits[6dd5d97a-7455-476f-86d1-706748154c4a:c2071, 8c1a4ac2-2d71-4742-ab0b-89dcc95eb13f:c2069, c9d0001a-daad-4532-9e58-9f5f4a7ddd18:c2069]
2019-09-12 14:53:40,665 [grpc-default-executor-5] INFO  client.GrpcClientProtocolClient (GrpcClientProtocolClient.java:onNext(264)) - client-835E41B928D6->6dd5d97a-7455-476f-86d1-706748154c4a: receive RaftClientReply:client-835E41B928D6->6dd5d97a-7455-476f-86d1-706748154c4a@group-349356213E97, cid=1455, SUCCESS, logIndex=2072, commits[6dd5d97a-7455-476f-86d1-706748154c4a:c2073, 8c1a4ac2-2d71-4742-ab0b-89dcc95eb13f:c2071, c9d0001a-daad-4532-9e58-9f5f4a7ddd18:c2071]
2019-09-12 14:53:40,665 [grpc-default-executor-5] INFO  client.GrpcClientProtocolClient (GrpcClientProtocolClient.java:onNext(264)) - client-835E41B928D6->6dd5d97a-7455-476f-86d1-706748154c4a: receive RaftClientReply:client-835E41B928D6->6dd5d97a-7455-476f-86d1-706748154c4a@group-349356213E97, cid=1456, SUCCESS, logIndex=2073, commits[6dd5d97a-7455-476f-86d1-706748154c4a:c2075, 8c1a4ac2-2d71-4742-ab0b-89dcc95eb13f:c2071, c9d0001a-daad-4532-9e58-9f5f4a7ddd18:c2071]
2019-09-12 14:53:40,666 [grpc-default-executor-5] INFO  client.GrpcClientProtocolClient (GrpcClientProtocolClient.java:onNext(264)) - client-835E41B928D6->6dd5d97a-7455-476f-86d1-706748154c4a: receive RaftClientReply:client-835E41B928D6->6dd5d97a-7455-476f-86d1-706748154c4a@group-349356213E97, cid=1457, SUCCESS, logIndex=2074, commits[6dd5d97a-7455-476f-86d1-706748154c4a:c2075, 8c1a4ac2-2d71-4742-ab0b-89dcc95eb13f:c2071, c9d0001a-daad-4532-9e58-9f5f4a7ddd18:c2071]
2019-09-12 14:53:40,666 [grpc-default-executor-6] INFO  client.GrpcClientProtocolClient (GrpcClientProtocolClient.java:onNext(264)) - client-835E41B928D6->6dd5d97a-7455-476f-86d1-706748154c4a: receive RaftClientReply:client-835E41B928D6->6dd5d97a-7455-476f-86d1-706748154c4a@group-349356213E97, cid=1458, SUCCESS, logIndex=2075, commits[6dd5d97a-7455-476f-86d1-706748154c4a:c2076, 8c1a4ac2-2d71-4742-ab0b-89dcc95eb13f:c2071, c9d0001a-daad-4532-9e58-9f5f4a7ddd18:c2073]
2019-09-12 14:53:40,667 [grpc-default-executor-6] INFO  client.GrpcClientProtocolClient (GrpcClientProtocolClient.java:onNext(264)) - client-835E41B928D6->6dd5d97a-7455-476f-86d1-706748154c4a: receive RaftClientReply:client-835E41B928D6->6dd5d97a-7455-476f-86d1-706748154c4a@group-349356213E97, cid=1459, SUCCESS, logIndex=0, commits[6dd5d97a-7455-476f-86d1-706748154c4a:c2077, 8c1a4ac2-2d71-4742-ab0b-89dcc95eb13f:c2073, c9d0001a-daad-4532-9e58-9f5f4a7ddd18:c2075]
2019-09-12 14:53:40,686 [grpc-default-executor-5] INFO  client.GrpcClientProtocolClient (GrpcClientProtocolClient.java:onNext(264)) - client-835E41B928D6->6dd5d97a-7455-476f-86d1-706748154c4a: receive RaftClientReply:client-835E41B928D6->6dd5d97a-7455-476f-86d1-706748154c4a@group-349356213E97, cid=1460, SUCCESS, logIndex=2079, commits[6dd5d97a-7455-476f-86d1-706748154c4a:c2080, 8c1a4ac2-2d71-4742-ab0b-89dcc95eb13f:c2078, c9d0001a-daad-4532-9e58-9f5f4a7ddd18:c2078]
2019-09-12 14:53:40,686 [grpc-default-executor-5] INFO  client.GrpcClientProtocolClient (GrpcClientProtocolClient.java:onNext(264)) - client-835E41B928D6->6dd5d97a-7455-476f-86d1-706748154c4a: receive RaftClientReply:client-835E41B928D6->6dd5d97a-7455-476f-86d1-706748154c4a@group-349356213E97, cid=1461, SUCCESS, logIndex=2080, commits[6dd5d97a-7455-476f-86d1-706748154c4a:c2080, 8c1a4ac2-2d71-4742-ab0b-89dcc95eb13f:c2078, c9d0001a-daad-4532-9e58-9f5f4a7ddd18:c2078]
2019-09-12 14:53:40,708 [grpc-default-executor-7] INFO  client.GrpcClientProtocolClient (GrpcClientProtocolClient.java:onNext(264)) - client-835E41B928D6->6dd5d97a-7455-476f-86d1-706748154c4a: receive RaftClientReply:client-835E41B928D6->6dd5d97a-7455-476f-86d1-706748154c4a@group-349356213E97, cid=1462, SUCCESS, logIndex=2083, commits[6dd5d97a-7455-476f-86d1-706748154c4a:c2084, 8c1a4ac2-2d71-4742-ab0b-89dcc95eb13f:c2080, c9d0001a-daad-4532-9e58-9f5f4a7ddd18:c2080]
2019-09-12 14:53:40,708 [grpc-default-executor-7] INFO  client.GrpcClientProtocolClient (GrpcClientProtocolClient.java:onNext(264)) - client-835E41B928D6->6dd5d97a-7455-476f-86d1-706748154c4a: receive RaftClientReply:client-835E41B928D6->6dd5d97a-7455-476f-86d1-706748154c4a@group-349356213E97, cid=1463, SUCCESS, logIndex=2084, commits[6dd5d97a-7455-476f-86d1-706748154c4a:c2084, 8c1a4ac2-2d71-4742-ab0b-89dcc95eb13f:c2080, c9d0001a-daad-4532-9e58-9f5f4a7ddd18:c2080]
2019-09-12 14:53:40,721 [grpc-default-executor-7] INFO  client.GrpcClientProtocolClient (GrpcClientProtocolClient.java:onNext(264)) - client-835E41B928D6->6dd5d97a-7455-476f-86d1-706748154c4a: receive RaftClientReply:client-835E41B928D6->6dd5d97a-7455-476f-86d1-706748154c4a@group-349356213E97, cid=1464, SUCCESS, logIndex=0, commits[6dd5d97a-7455-476f-86d1-706748154c4a:c2086, 8c1a4ac2-2d71-4742-ab0b-89dcc95eb13f:c2084, c9d0001a-daad-4532-9e58-9f5f4a7ddd18:c2084]
2019-09-12 14:53:40,749 [grpc-default-executor-7] INFO  client.GrpcClientProtocolClient (GrpcClientProtocolClient.java:onNext(264)) - client-835E41B928D6->6dd5d97a-7455-476f-86d1-706748154c4a: receive RaftClientReply:client-835E41B928D6->6dd5d97a-7455-476f-86d1-706748154c4a@group-349356213E97, cid=1465, SUCCESS, logIndex=2087, commits[6dd5d97a-7455-476f-86d1-706748154c4a:c2088, 8c1a4ac2-2d71-4742-ab0b-89dcc95eb13f:c2086, c9d0001a-daad-4532-9e58-9f5f4a7ddd18:c2086]
2019-09-12 14:53:40,749 [grpc-default-executor-7] INFO  client.GrpcClientProtocolClient (GrpcClientProtocolClient.java:onNext(264)) - client-835E41B928D6->6dd5d97a-7455-476f-86d1-706748154c4a: receive RaftClientReply:client-835E41B928D6->6dd5d97a-7455-476f-86d1-706748154c4a@group-349356213E97, cid=1466, SUCCESS, logIndex=2088, commits[6dd5d97a-7455-476f-86d1-706748154c4a:c2090, 8c1a4ac2-2d71-4742-ab0b-89dcc95eb13f:c2086, c9d0001a-daad-4532-9e58-9f5f4a7ddd18:c2086]
2019-09-12 14:53:40,750 [grpc-default-executor-7] INFO  client.GrpcClientProtocolClient (GrpcClientProtocolClient.java:onNext(264)) - client-835E41B928D6->6dd5d97a-7455-476f-86d1-706748154c4a: receive RaftClientReply:client-835E41B928D6->6dd5d97a-7455-476f-86d1-706748154c4a@group-349356213E97, cid=1467, SUCCESS, logIndex=2089, commits[6dd5d97a-7455-476f-86d1-706748154c4a:c2090, 8c1a4ac2-2d71-4742-ab0b-89dcc95eb13f:c2086, c9d0001a-daad-4532-9e58-9f5f4a7ddd18:c2086]
2019-09-12 14:53:40,750 [grpc-default-executor-7] INFO  client.GrpcClientProtocolClient (GrpcClientProtocolClient.java:onNext(264)) - client-835E41B928D6->6dd5d97a-7455-476f-86d1-706748154c4a: receive RaftClientReply:client-835E41B928D6->6dd5d97a-7455-476f-86d1-706748154c4a@group-349356213E97, cid=1468, SUCCESS, logIndex=2090, commits[6dd5d97a-7455-476f-86d1-706748154c4a:c2090, 8c1a4ac2-2d71-4742-ab0b-89dcc95eb13f:c2086, c9d0001a-daad-4532-9e58-9f5f4a7ddd18:c2086]
2019-09-12 14:53:40,762 [grpc-default-executor-7] INFO  client.GrpcClientProtocolClient (GrpcClientProtocolClient.java:onNext(264)) - client-835E41B928D6->6dd5d97a-7455-476f-86d1-706748154c4a: receive RaftClientReply:client-835E41B928D6->6dd5d97a-7455-476f-86d1-706748154c4a@group-349356213E97, cid=1469, SUCCESS, logIndex=0, commits[6dd5d97a-7455-476f-86d1-706748154c4a:c2093, 8c1a4ac2-2d71-4742-ab0b-89dcc95eb13f:c2088, c9d0001a-daad-4532-9e58-9f5f4a7ddd18:c2090]
2019-09-12 14:53:40,782 [grpc-default-executor-7] INFO  client.GrpcClientProtocolClient (GrpcClientProtocolClient.java:onNext(264)) - client-835E41B928D6->6dd5d97a-7455-476f-86d1-706748154c4a: receive RaftClientReply:client-835E41B928D6->6dd5d97a-7455-476f-86d1-706748154c4a@group-349356213E97, cid=1470, SUCCESS, logIndex=2094, commits[6dd5d97a-7455-476f-86d1-706748154c4a:c2095, 8c1a4ac2-2d71-4742-ab0b-89dcc95eb13f:c2093, c9d0001a-daad-4532-9e58-9f5f4a7ddd18:c2093]
2019-09-12 14:53:40,782 [grpc-default-executor-7] INFO  client.GrpcClientProtocolClient (GrpcClientProtocolClient.java:onNext(264)) - client-835E41B928D6->6dd5d97a-7455-476f-86d1-706748154c4a: receive RaftClientReply:client-835E41B928D6->6dd5d97a-7455-476f-86d1-706748154c4a@group-349356213E97, cid=1471, SUCCESS, logIndex=2095, commits[6dd5d97a-7455-476f-86d1-706748154c4a:c2095, 8c1a4ac2-2d71-4742-ab0b-89dcc95eb13f:c2093, c9d0001a-daad-4532-9e58-9f5f4a7ddd18:c2093]
2019-09-12 14:53:40,795 [grpc-default-executor-5] INFO  client.GrpcClientProtocolClient (GrpcClientProtocolClient.java:onNext(264)) - client-835E41B928D6->6dd5d97a-7455-476f-86d1-706748154c4a: receive RaftClientReply:client-835E41B928D6->6dd5d97a-7455-476f-86d1-706748154c4a@group-349356213E97, cid=1472, SUCCESS, logIndex=2098, commits[6dd5d97a-7455-476f-86d1-706748154c4a:c2099, 8c1a4ac2-2d71-4742-ab0b-89dcc95eb13f:c2095, c9d0001a-daad-4532-9e58-9f5f4a7ddd18:c2095]
2019-09-12 14:53:40,795 [grpc-default-executor-5] INFO  client.GrpcClientProtocolClient (GrpcClientProtocolClient.java:onNext(264)) - client-835E41B928D6->6dd5d97a-7455-476f-86d1-706748154c4a: receive RaftClientReply:client-835E41B928D6->6dd5d97a-7455-476f-86d1-706748154c4a@group-349356213E97, cid=1473, SUCCESS, logIndex=2099, commits[6dd5d97a-7455-476f-86d1-706748154c4a:c2099, 8c1a4ac2-2d71-4742-ab0b-89dcc95eb13f:c2095, c9d0001a-daad-4532-9e58-9f5f4a7ddd18:c2095]
2019-09-12 14:53:40,808 [grpc-default-executor-5] INFO  client.GrpcClientProtocolClient (GrpcClientProtocolClient.java:onNext(264)) - client-835E41B928D6->6dd5d97a-7455-476f-86d1-706748154c4a: receive RaftClientReply:client-835E41B928D6->6dd5d97a-7455-476f-86d1-706748154c4a@group-349356213E97, cid=1474, SUCCESS, logIndex=0, commits[6dd5d97a-7455-476f-86d1-706748154c4a:c2101, 8c1a4ac2-2d71-4742-ab0b-89dcc95eb13f:c2099, c9d0001a-daad-4532-9e58-9f5f4a7ddd18:c2099]
2019-09-12 14:53:40,838 [grpc-default-executor-6] INFO  client.GrpcClientProtocolClient (GrpcClientProtocolClient.java:onNext(264)) - client-835E41B928D6->6dd5d97a-7455-476f-86d1-706748154c4a: receive RaftClientReply:client-835E41B928D6->6dd5d97a-7455-476f-86d1-706748154c4a@group-349356213E97, cid=1475, SUCCESS, logIndex=2102, commits[6dd5d97a-7455-476f-86d1-706748154c4a:c2103, 8c1a4ac2-2d71-4742-ab0b-89dcc95eb13f:c2101, c9d0001a-daad-4532-9e58-9f5f4a7ddd18:c2101]
2019-09-12 14:53:40,839 [grpc-default-executor-6] INFO  client.GrpcClientProtocolClient (GrpcClientProtocolClient.java:onNext(264)) - client-835E41B928D6->6dd5d97a-7455-476f-86d1-706748154c4a: receive RaftClientReply:client-835E41B928D6->6dd5d97a-7455-476f-86d1-706748154c4a@group-349356213E97, cid=1476, SUCCESS, logIndex=2103, commits[6dd5d97a-7455-476f-86d1-706748154c4a:c2105, 8c1a4ac2-2d71-4742-ab0b-89dcc95eb13f:c2101, c9d0001a-daad-4532-9e58-9f5f4a7ddd18:c2101]
2019-09-12 14:53:40,839 [grpc-default-executor-6] INFO  client.GrpcClientProtocolClient (GrpcClientProtocolClient.java:onNext(264)) - client-835E41B928D6->6dd5d97a-7455-476f-86d1-706748154c4a: receive RaftClientReply:client-835E41B928D6->6dd5d97a-7455-476f-86d1-706748154c4a@group-349356213E97, cid=1477, SUCCESS, logIndex=2104, commits[6dd5d97a-7455-476f-86d1-706748154c4a:c2105, 8c1a4ac2-2d71-4742-ab0b-89dcc95eb13f:c2101, c9d0001a-daad-4532-9e58-9f5f4a7ddd18:c2101]
2019-09-12 14:53:40,839 [grpc-default-executor-6] INFO  client.GrpcClientProtocolClient (GrpcClientProtocolClient.java:onNext(264)) - client-835E41B928D6->6dd5d97a-7455-476f-86d1-706748154c4a: receive RaftClientReply:client-835E41B928D6->6dd5d97a-7455-476f-86d1-706748154c4a@group-349356213E97, cid=1478, SUCCESS, logIndex=2105, commits[6dd5d97a-7455-476f-86d1-706748154c4a:c2105, 8c1a4ac2-2d71-4742-ab0b-89dcc95eb13f:c2101, c9d0001a-daad-4532-9e58-9f5f4a7ddd18:c2101]
2019-09-12 14:53:40,840 [grpc-default-executor-6] INFO  client.GrpcClientProtocolClient (GrpcClientProtocolClient.java:onNext(264)) - client-835E41B928D6->6dd5d97a-7455-476f-86d1-706748154c4a: receive RaftClientReply:client-835E41B928D6->6dd5d97a-7455-476f-86d1-706748154c4a@group-349356213E97, cid=1479, SUCCESS, logIndex=0, commits[6dd5d97a-7455-476f-86d1-706748154c4a:c2107, 8c1a4ac2-2d71-4742-ab0b-89dcc95eb13f:c2103, c9d0001a-daad-4532-9e58-9f5f4a7ddd18:c2103]
2019-09-12 14:53:40,860 [grpc-default-executor-6] INFO  client.GrpcClientProtocolClient (GrpcClientProtocolClient.java:onNext(264)) - client-835E41B928D6->6dd5d97a-7455-476f-86d1-706748154c4a: receive RaftClientReply:client-835E41B928D6->6dd5d97a-7455-476f-86d1-706748154c4a@group-349356213E97, cid=1480, SUCCESS, logIndex=2110, commits[6dd5d97a-7455-476f-86d1-706748154c4a:c2111, 8c1a4ac2-2d71-4742-ab0b-89dcc95eb13f:c2109, c9d0001a-daad-4532-9e58-9f5f4a7ddd18:c2109]
2019-09-12 14:53:40,860 [grpc-default-executor-6] INFO  client.GrpcClientProtocolClient (GrpcClientProtocolClient.java:onNext(264)) - client-835E41B928D6->6dd5d97a-7455-476f-86d1-706748154c4a: receive RaftClientReply:client-835E41B928D6->6dd5d97a-7455-476f-86d1-706748154c4a@group-349356213E97, cid=1481, SUCCESS, logIndex=2111, commits[6dd5d97a-7455-476f-86d1-706748154c4a:c2111, 8c1a4ac2-2d71-4742-ab0b-89dcc95eb13f:c2109, c9d0001a-daad-4532-9e58-9f5f4a7ddd18:c2109]
2019-09-12 14:53:40,873 [grpc-default-executor-5] INFO  client.GrpcClientProtocolClient (GrpcClientProtocolClient.java:onNext(264)) - client-835E41B928D6->6dd5d97a-7455-476f-86d1-706748154c4a: receive RaftClientReply:client-835E41B928D6->6dd5d97a-7455-476f-86d1-706748154c4a@group-349356213E97, cid=1482, SUCCESS, logIndex=2114, commits[6dd5d97a-7455-476f-86d1-706748154c4a:c2115, 8c1a4ac2-2d71-4742-ab0b-89dcc95eb13f:c2111, c9d0001a-daad-4532-9e58-9f5f4a7ddd18:c2111]
2019-09-12 14:53:40,873 [grpc-default-executor-5] INFO  client.GrpcClientProtocolClient (GrpcClientProtocolClient.java:onNext(264)) - client-835E41B928D6->6dd5d97a-7455-476f-86d1-706748154c4a: receive RaftClientReply:client-835E41B928D6->6dd5d97a-7455-476f-86d1-706748154c4a@group-349356213E97, cid=1483, SUCCESS, logIndex=2115, commits[6dd5d97a-7455-476f-86d1-706748154c4a:c2115, 8c1a4ac2-2d71-4742-ab0b-89dcc95eb13f:c2111, c9d0001a-daad-4532-9e58-9f5f4a7ddd18:c2111]
2019-09-12 14:53:40,985 [grpc-default-executor-6] INFO  client.GrpcClientProtocolClient (GrpcClientProtocolClient.java:onNext(264)) - client-835E41B928D6->6dd5d97a-7455-476f-86d1-706748154c4a: receive RaftClientReply:client-835E41B928D6->6dd5d97a-7455-476f-86d1-706748154c4a@group-349356213E97, cid=1484, SUCCESS, logIndex=0, commits[6dd5d97a-7455-476f-86d1-706748154c4a:c2117, 8c1a4ac2-2d71-4742-ab0b-89dcc95eb13f:c2115, c9d0001a-daad-4532-9e58-9f5f4a7ddd18:c2115]
2019-09-12 14:53:41,017 [grpc-default-executor-7] INFO  client.GrpcClientProtocolClient (GrpcClientProtocolClient.java:onNext(264)) - client-835E41B928D6->6dd5d97a-7455-476f-86d1-706748154c4a: receive RaftClientReply:client-835E41B928D6->6dd5d97a-7455-476f-86d1-706748154c4a@group-349356213E97, cid=1485, SUCCESS, logIndex=2118, commits[6dd5d97a-7455-476f-86d1-706748154c4a:c2119, 8c1a4ac2-2d71-4742-ab0b-89dcc95eb13f:c2117, c9d0001a-daad-4532-9e58-9f5f4a7ddd18:c2117]
2019-09-12 14:53:41,018 [grpc-default-executor-5] INFO  client.GrpcClientProtocolClient (GrpcClientProtocolClient.java:onNext(264)) - client-835E41B928D6->6dd5d97a-7455-476f-86d1-706748154c4a: receive RaftClientReply:client-835E41B928D6->6dd5d97a-7455-476f-86d1-706748154c4a@group-349356213E97, cid=1486, SUCCESS, logIndex=2119, commits[6dd5d97a-7455-476f-86d1-706748154c4a:c2120, 8c1a4ac2-2d71-4742-ab0b-89dcc95eb13f:c2117, c9d0001a-daad-4532-9e58-9f5f4a7ddd18:c2117]
2019-09-12 14:53:41,018 [grpc-default-executor-5] INFO  client.GrpcClientProtocolClient (GrpcClientProtocolClient.java:onNext(264)) - client-835E41B928D6->6dd5d97a-7455-476f-86d1-706748154c4a: receive RaftClientReply:client-835E41B928D6->6dd5d97a-7455-476f-86d1-706748154c4a@group-349356213E97, cid=1487, SUCCESS, logIndex=2120, commits[6dd5d97a-7455-476f-86d1-706748154c4a:c2121, 8c1a4ac2-2d71-4742-ab0b-89dcc95eb13f:c2117, c9d0001a-daad-4532-9e58-9f5f4a7ddd18:c2117]
2019-09-12 14:53:41,019 [grpc-default-executor-5] INFO  client.GrpcClientProtocolClient (GrpcClientProtocolClient.java:onNext(264)) - client-835E41B928D6->6dd5d97a-7455-476f-86d1-706748154c4a: receive RaftClientReply:client-835E41B928D6->6dd5d97a-7455-476f-86d1-706748154c4a@group-349356213E97, cid=1488, SUCCESS, logIndex=2121, commits[6dd5d97a-7455-476f-86d1-706748154c4a:c2123, 8c1a4ac2-2d71-4742-ab0b-89dcc95eb13f:c2119, c9d0001a-daad-4532-9e58-9f5f4a7ddd18:c2117]
2019-09-12 14:53:41,020 [grpc-default-executor-5] INFO  client.GrpcClientProtocolClient (GrpcClientProtocolClient.java:onNext(264)) - client-835E41B928D6->6dd5d97a-7455-476f-86d1-706748154c4a: receive RaftClientReply:client-835E41B928D6->6dd5d97a-7455-476f-86d1-706748154c4a@group-349356213E97, cid=1489, SUCCESS, logIndex=0, commits[6dd5d97a-7455-476f-86d1-706748154c4a:c2125, 8c1a4ac2-2d71-4742-ab0b-89dcc95eb13f:c2121, c9d0001a-daad-4532-9e58-9f5f4a7ddd18:c2119]
2019-09-12 14:53:41,040 [grpc-default-executor-2] INFO  client.GrpcClientProtocolClient (GrpcClientProtocolClient.java:onNext(264)) - client-835E41B928D6->6dd5d97a-7455-476f-86d1-706748154c4a: receive RaftClientReply:client-835E41B928D6->6dd5d97a-7455-476f-86d1-706748154c4a@group-349356213E97, cid=1490, SUCCESS, logIndex=2126, commits[6dd5d97a-7455-476f-86d1-706748154c4a:c2127, 8c1a4ac2-2d71-4742-ab0b-89dcc95eb13f:c2125, c9d0001a-daad-4532-9e58-9f5f4a7ddd18:c2125]
2019-09-12 14:53:41,040 [grpc-default-executor-2] INFO  client.GrpcClientProtocolClient (GrpcClientProtocolClient.java:onNext(264)) - client-835E41B928D6->6dd5d97a-7455-476f-86d1-706748154c4a: receive RaftClientReply:client-835E41B928D6->6dd5d97a-7455-476f-86d1-706748154c4a@group-349356213E97, cid=1491, SUCCESS, logIndex=2127, commits[6dd5d97a-7455-476f-86d1-706748154c4a:c2127, 8c1a4ac2-2d71-4742-ab0b-89dcc95eb13f:c2125, c9d0001a-daad-4532-9e58-9f5f4a7ddd18:c2125]
2019-09-12 14:53:41,052 [grpc-default-executor-2] INFO  client.GrpcClientProtocolClient (GrpcClientProtocolClient.java:onNext(264)) - client-835E41B928D6->6dd5d97a-7455-476f-86d1-706748154c4a: receive RaftClientReply:client-835E41B928D6->6dd5d97a-7455-476f-86d1-706748154c4a@group-349356213E97, cid=1492, SUCCESS, logIndex=2130, commits[6dd5d97a-7455-476f-86d1-706748154c4a:c2131, 8c1a4ac2-2d71-4742-ab0b-89dcc95eb13f:c2127, c9d0001a-daad-4532-9e58-9f5f4a7ddd18:c2126]
2019-09-12 14:53:41,053 [grpc-default-executor-2] INFO  client.GrpcClientProtocolClient (GrpcClientProtocolClient.java:onNext(264)) - client-835E41B928D6->6dd5d97a-7455-476f-86d1-706748154c4a: receive RaftClientReply:client-835E41B928D6->6dd5d97a-7455-476f-86d1-706748154c4a@group-349356213E97, cid=1493, SUCCESS, logIndex=2131, commits[6dd5d97a-7455-476f-86d1-706748154c4a:c2131, 8c1a4ac2-2d71-4742-ab0b-89dcc95eb13f:c2127, c9d0001a-daad-4532-9e58-9f5f4a7ddd18:c2127]
2019-09-12 14:53:41,056 [grpc-default-executor-5] INFO  client.GrpcClientProtocolClient (GrpcClientProtocolClient.java:onNext(264)) - client-835E41B928D6->6dd5d97a-7455-476f-86d1-706748154c4a: receive RaftClientReply:client-835E41B928D6->6dd5d97a-7455-476f-86d1-706748154c4a@group-349356213E97, cid=1494, SUCCESS, logIndex=0, commits[6dd5d97a-7455-476f-86d1-706748154c4a:c2133, 8c1a4ac2-2d71-4742-ab0b-89dcc95eb13f:c2131, c9d0001a-daad-4532-9e58-9f5f4a7ddd18:c2131]
2019-09-12 14:53:41,088 [grpc-default-executor-2] INFO  client.GrpcClientProtocolClient (GrpcClientProtocolClient.java:onNext(264)) - client-835E41B928D6->6dd5d97a-7455-476f-86d1-706748154c4a: receive RaftClientReply:client-835E41B928D6->6dd5d97a-7455-476f-86d1-706748154c4a@group-349356213E97, cid=1495, SUCCESS, logIndex=2134, commits[6dd5d97a-7455-476f-86d1-706748154c4a:c2137, 8c1a4ac2-2d71-4742-ab0b-89dcc95eb13f:c2133, c9d0001a-daad-4532-9e58-9f5f4a7ddd18:c2131]
2019-09-12 14:53:41,089 [grpc-default-executor-2] INFO  client.GrpcClientProtocolClient (GrpcClientProtocolClient.java:onNext(264)) - client-835E41B928D6->6dd5d97a-7455-476f-86d1-706748154c4a: receive RaftClientReply:client-835E41B928D6->6dd5d97a-7455-476f-86d1-706748154c4a@group-349356213E97, cid=1496, SUCCESS, logIndex=2135, commits[6dd5d97a-7455-476f-86d1-706748154c4a:c2137, 8c1a4ac2-2d71-4742-ab0b-89dcc95eb13f:c2133, c9d0001a-daad-4532-9e58-9f5f4a7ddd18:c2131]
2019-09-12 14:53:41,089 [grpc-default-executor-2] INFO  client.GrpcClientProtocolClient (GrpcClientProtocolClient.java:onNext(264)) - client-835E41B928D6->6dd5d97a-7455-476f-86d1-706748154c4a: receive RaftClientReply:client-835E41B928D6->6dd5d97a-7455-476f-86d1-706748154c4a@group-349356213E97, cid=1497, SUCCESS, logIndex=2136, commits[6dd5d97a-7455-476f-86d1-706748154c4a:c2137, 8c1a4ac2-2d71-4742-ab0b-89dcc95eb13f:c2133, c9d0001a-daad-4532-9e58-9f5f4a7ddd18:c2131]
2019-09-12 14:53:41,089 [grpc-default-executor-2] INFO  client.GrpcClientProtocolClient (GrpcClientProtocolClient.java:onNext(264)) - client-835E41B928D6->6dd5d97a-7455-476f-86d1-706748154c4a: receive RaftClientReply:client-835E41B928D6->6dd5d97a-7455-476f-86d1-706748154c4a@group-349356213E97, cid=1498, SUCCESS, logIndex=2137, commits[6dd5d97a-7455-476f-86d1-706748154c4a:c2137, 8c1a4ac2-2d71-4742-ab0b-89dcc95eb13f:c2133, c9d0001a-daad-4532-9e58-9f5f4a7ddd18:c2131]
2019-09-12 14:53:41,098 [grpc-default-executor-2] INFO  client.GrpcClientProtocolClient (GrpcClientProtocolClient.java:onNext(264)) - client-835E41B928D6->6dd5d97a-7455-476f-86d1-706748154c4a: receive RaftClientReply:client-835E41B928D6->6dd5d97a-7455-476f-86d1-706748154c4a@group-349356213E97, cid=1499, SUCCESS, logIndex=0, commits[6dd5d97a-7455-476f-86d1-706748154c4a:c2138, 8c1a4ac2-2d71-4742-ab0b-89dcc95eb13f:c2137, c9d0001a-daad-4532-9e58-9f5f4a7ddd18:c2137]
2019-09-12 14:53:41,117 [grpc-default-executor-5] INFO  client.GrpcClientProtocolClient (GrpcClientProtocolClient.java:onNext(264)) - client-835E41B928D6->6dd5d97a-7455-476f-86d1-706748154c4a: receive RaftClientReply:client-835E41B928D6->6dd5d97a-7455-476f-86d1-706748154c4a@group-349356213E97, cid=1500, SUCCESS, logIndex=2140, commits[6dd5d97a-7455-476f-86d1-706748154c4a:c2141, 8c1a4ac2-2d71-4742-ab0b-89dcc95eb13f:c2139, c9d0001a-daad-4532-9e58-9f5f4a7ddd18:c2139]
2019-09-12 14:53:41,117 [grpc-default-executor-5] INFO  client.GrpcClientProtocolClient (GrpcClientProtocolClient.java:onNext(264)) - client-835E41B928D6->6dd5d97a-7455-476f-86d1-706748154c4a: receive RaftClientReply:client-835E41B928D6->6dd5d97a-7455-476f-86d1-706748154c4a@group-349356213E97, cid=1501, SUCCESS, logIndex=2141, commits[6dd5d97a-7455-476f-86d1-706748154c4a:c2141, 8c1a4ac2-2d71-4742-ab0b-89dcc95eb13f:c2139, c9d0001a-daad-4532-9e58-9f5f4a7ddd18:c2139]
2019-09-12 14:53:41,132 [grpc-default-executor-5] INFO  client.GrpcClientProtocolClient (GrpcClientProtocolClient.java:onNext(264)) - client-835E41B928D6->6dd5d97a-7455-476f-86d1-706748154c4a: receive RaftClientReply:client-835E41B928D6->6dd5d97a-7455-476f-86d1-706748154c4a@group-349356213E97, cid=1502, SUCCESS, logIndex=2144, commits[6dd5d97a-7455-476f-86d1-706748154c4a:c2145, 8c1a4ac2-2d71-4742-ab0b-89dcc95eb13f:c2141, c9d0001a-daad-4532-9e58-9f5f4a7ddd18:c2141]
2019-09-12 14:53:41,133 [grpc-default-executor-5] INFO  client.GrpcClientProtocolClient (GrpcClientProtocolClient.java:onNext(264)) - client-835E41B928D6->6dd5d97a-7455-476f-86d1-706748154c4a: receive RaftClientReply:client-835E41B928D6->6dd5d97a-7455-476f-86d1-706748154c4a@group-349356213E97, cid=1503, SUCCESS, logIndex=2145, commits[6dd5d97a-7455-476f-86d1-706748154c4a:c2145, 8c1a4ac2-2d71-4742-ab0b-89dcc95eb13f:c2141, c9d0001a-daad-4532-9e58-9f5f4a7ddd18:c2141]
2019-09-12 14:53:41,144 [grpc-default-executor-5] INFO  client.GrpcClientProtocolClient (GrpcClientProtocolClient.java:onNext(264)) - client-835E41B928D6->6dd5d97a-7455-476f-86d1-706748154c4a: receive RaftClientReply:client-835E41B928D6->6dd5d97a-7455-476f-86d1-706748154c4a@group-349356213E97, cid=1504, SUCCESS, logIndex=0, commits[6dd5d97a-7455-476f-86d1-706748154c4a:c2146, 8c1a4ac2-2d71-4742-ab0b-89dcc95eb13f:c2145, c9d0001a-daad-4532-9e58-9f5f4a7ddd18:c2145]
2019-09-12 14:53:41,171 [grpc-default-executor-5] INFO  client.GrpcClientProtocolClient (GrpcClientProtocolClient.java:onNext(264)) - client-835E41B928D6->6dd5d97a-7455-476f-86d1-706748154c4a: receive RaftClientReply:client-835E41B928D6->6dd5d97a-7455-476f-86d1-706748154c4a@group-349356213E97, cid=1505, SUCCESS, logIndex=2148, commits[6dd5d97a-7455-476f-86d1-706748154c4a:c2149, 8c1a4ac2-2d71-4742-ab0b-89dcc95eb13f:c2147, c9d0001a-daad-4532-9e58-9f5f4a7ddd18:c2147]
2019-09-12 14:53:41,171 [grpc-default-executor-7] INFO  client.GrpcClientProtocolClient (GrpcClientProtocolClient.java:onNext(264)) - client-835E41B928D6->6dd5d97a-7455-476f-86d1-706748154c4a: receive RaftClientReply:client-835E41B928D6->6dd5d97a-7455-476f-86d1-706748154c4a@group-349356213E97, cid=1506, SUCCESS, logIndex=2149, commits[6dd5d97a-7455-476f-86d1-706748154c4a:c2149, 8c1a4ac2-2d71-4742-ab0b-89dcc95eb13f:c2147, c9d0001a-daad-4532-9e58-9f5f4a7ddd18:c2147]
2019-09-12 14:53:41,172 [grpc-default-executor-7] INFO  client.GrpcClientProtocolClient (GrpcClientProtocolClient.java:onNext(264)) - client-835E41B928D6->6dd5d97a-7455-476f-86d1-706748154c4a: receive RaftClientReply:client-835E41B928D6->6dd5d97a-7455-476f-86d1-706748154c4a@group-349356213E97, cid=1507, SUCCESS, logIndex=2150, commits[6dd5d97a-7455-476f-86d1-706748154c4a:c2151, 8c1a4ac2-2d71-4742-ab0b-89dcc95eb13f:c2147, c9d0001a-daad-4532-9e58-9f5f4a7ddd18:c2147]
2019-09-12 14:53:41,172 [grpc-default-executor-7] INFO  client.GrpcClientProtocolClient (GrpcClientProtocolClient.java:onNext(264)) - client-835E41B928D6->6dd5d97a-7455-476f-86d1-706748154c4a: receive RaftClientReply:client-835E41B928D6->6dd5d97a-7455-476f-86d1-706748154c4a@group-349356213E97, cid=1508, SUCCESS, logIndex=2151, commits[6dd5d97a-7455-476f-86d1-706748154c4a:c2151, 8c1a4ac2-2d71-4742-ab0b-89dcc95eb13f:c2147, c9d0001a-daad-4532-9e58-9f5f4a7ddd18:c2147]
2019-09-12 14:53:41,173 [grpc-default-executor-5] INFO  client.GrpcClientProtocolClient (GrpcClientProtocolClient.java:onNext(264)) - client-835E41B928D6->6dd5d97a-7455-476f-86d1-706748154c4a: receive RaftClientReply:client-835E41B928D6->6dd5d97a-7455-476f-86d1-706748154c4a@group-349356213E97, cid=1509, SUCCESS, logIndex=0, commits[6dd5d97a-7455-476f-86d1-706748154c4a:c2153, 8c1a4ac2-2d71-4742-ab0b-89dcc95eb13f:c2149, c9d0001a-daad-4532-9e58-9f5f4a7ddd18:c2149]
2019-09-12 14:53:41,193 [grpc-default-executor-5] INFO  client.GrpcClientProtocolClient (GrpcClientProtocolClient.java:onNext(264)) - client-835E41B928D6->6dd5d97a-7455-476f-86d1-706748154c4a: receive RaftClientReply:client-835E41B928D6->6dd5d97a-7455-476f-86d1-706748154c4a@group-349356213E97, cid=1510, SUCCESS, logIndex=2156, commits[6dd5d97a-7455-476f-86d1-706748154c4a:c2157, 8c1a4ac2-2d71-4742-ab0b-89dcc95eb13f:c2155, c9d0001a-daad-4532-9e58-9f5f4a7ddd18:c2155]
2019-09-12 14:53:41,194 [grpc-default-executor-5] INFO  client.GrpcClientProtocolClient (GrpcClientProtocolClient.java:onNext(264)) - client-835E41B928D6->6dd5d97a-7455-476f-86d1-706748154c4a: receive RaftClientReply:client-835E41B928D6->6dd5d97a-7455-476f-86d1-706748154c4a@group-349356213E97, cid=1511, SUCCESS, logIndex=2157, commits[6dd5d97a-7455-476f-86d1-706748154c4a:c2157, 8c1a4ac2-2d71-4742-ab0b-89dcc95eb13f:c2155, c9d0001a-daad-4532-9e58-9f5f4a7ddd18:c2155]
2019-09-12 14:53:41,208 [grpc-default-executor-7] INFO  client.GrpcClientProtocolClient (GrpcClientProtocolClient.java:onNext(264)) - client-835E41B928D6->6dd5d97a-7455-476f-86d1-706748154c4a: receive RaftClientReply:client-835E41B928D6->6dd5d97a-7455-476f-86d1-706748154c4a@group-349356213E97, cid=1512, SUCCESS, logIndex=2160, commits[6dd5d97a-7455-476f-86d1-706748154c4a:c2161, 8c1a4ac2-2d71-4742-ab0b-89dcc95eb13f:c2157, c9d0001a-daad-4532-9e58-9f5f4a7ddd18:c2157]
2019-09-12 14:53:41,208 [grpc-default-executor-7] INFO  client.GrpcClientProtocolClient (GrpcClientProtocolClient.java:onNext(264)) - client-835E41B928D6->6dd5d97a-7455-476f-86d1-706748154c4a: receive RaftClientReply:client-835E41B928D6->6dd5d97a-7455-476f-86d1-706748154c4a@group-349356213E97, cid=1513, SUCCESS, logIndex=2161, commits[6dd5d97a-7455-476f-86d1-706748154c4a:c2161, 8c1a4ac2-2d71-4742-ab0b-89dcc95eb13f:c2157, c9d0001a-daad-4532-9e58-9f5f4a7ddd18:c2157]
2019-09-12 14:53:41,211 [grpc-default-executor-7] INFO  client.GrpcClientProtocolClient (GrpcClientProtocolClient.java:onNext(264)) - client-835E41B928D6->6dd5d97a-7455-476f-86d1-706748154c4a: receive RaftClientReply:client-835E41B928D6->6dd5d97a-7455-476f-86d1-706748154c4a@group-349356213E97, cid=1514, SUCCESS, logIndex=0, commits[6dd5d97a-7455-476f-86d1-706748154c4a:c2163, 8c1a4ac2-2d71-4742-ab0b-89dcc95eb13f:c2161, c9d0001a-daad-4532-9e58-9f5f4a7ddd18:c2161]
2019-09-12 14:53:41,248 [grpc-default-executor-7] INFO  client.GrpcClientProtocolClient (GrpcClientProtocolClient.java:onNext(264)) - client-835E41B928D6->6dd5d97a-7455-476f-86d1-706748154c4a: receive RaftClientReply:client-835E41B928D6->6dd5d97a-7455-476f-86d1-706748154c4a@group-349356213E97, cid=1515, SUCCESS, logIndex=2164, commits[6dd5d97a-7455-476f-86d1-706748154c4a:c2165, 8c1a4ac2-2d71-4742-ab0b-89dcc95eb13f:c2163, c9d0001a-daad-4532-9e58-9f5f4a7ddd18:c2163]
2019-09-12 14:53:41,248 [grpc-default-executor-7] INFO  client.GrpcClientProtocolClient (GrpcClientProtocolClient.java:onNext(264)) - client-835E41B928D6->6dd5d97a-7455-476f-86d1-706748154c4a: receive RaftClientReply:client-835E41B928D6->6dd5d97a-7455-476f-86d1-706748154c4a@group-349356213E97, cid=1516, SUCCESS, logIndex=2165, commits[6dd5d97a-7455-476f-86d1-706748154c4a:c2166, 8c1a4ac2-2d71-4742-ab0b-89dcc95eb13f:c2163, c9d0001a-daad-4532-9e58-9f5f4a7ddd18:c2163]
2019-09-12 14:53:41,249 [grpc-default-executor-2] INFO  client.GrpcClientProtocolClient (GrpcClientProtocolClient.java:onNext(264)) - client-835E41B928D6->6dd5d97a-7455-476f-86d1-706748154c4a: receive RaftClientReply:client-835E41B928D6->6dd5d97a-7455-476f-86d1-706748154c4a@group-349356213E97, cid=1517, SUCCESS, logIndex=2166, commits[6dd5d97a-7455-476f-86d1-706748154c4a:c2167, 8c1a4ac2-2d71-4742-ab0b-89dcc95eb13f:c2163, c9d0001a-daad-4532-9e58-9f5f4a7ddd18:c2163]
2019-09-12 14:53:41,249 [grpc-default-executor-2] INFO  client.GrpcClientProtocolClient (GrpcClientProtocolClient.java:onNext(264)) - client-835E41B928D6->6dd5d97a-7455-476f-86d1-706748154c4a: receive RaftClientReply:client-835E41B928D6->6dd5d97a-7455-476f-86d1-706748154c4a@group-349356213E97, cid=1518, SUCCESS, logIndex=2167, commits[6dd5d97a-7455-476f-86d1-706748154c4a:c2167, 8c1a4ac2-2d71-4742-ab0b-89dcc95eb13f:c2163, c9d0001a-daad-4532-9e58-9f5f4a7ddd18:c2163]
2019-09-12 14:53:41,251 [grpc-default-executor-7] INFO  client.GrpcClientProtocolClient (GrpcClientProtocolClient.java:onNext(264)) - client-835E41B928D6->6dd5d97a-7455-476f-86d1-706748154c4a: receive RaftClientReply:client-835E41B928D6->6dd5d97a-7455-476f-86d1-706748154c4a@group-349356213E97, cid=1519, SUCCESS, logIndex=0, commits[6dd5d97a-7455-476f-86d1-706748154c4a:c2171, 8c1a4ac2-2d71-4742-ab0b-89dcc95eb13f:c2167, c9d0001a-daad-4532-9e58-9f5f4a7ddd18:c2165]
2019-09-12 14:53:41,267 [grpc-default-executor-7] INFO  client.GrpcClientProtocolClient (GrpcClientProtocolClient.java:onNext(264)) - client-835E41B928D6->6dd5d97a-7455-476f-86d1-706748154c4a: receive RaftClientReply:client-835E41B928D6->6dd5d97a-7455-476f-86d1-706748154c4a@group-349356213E97, cid=1520, SUCCESS, logIndex=2172, commits[6dd5d97a-7455-476f-86d1-706748154c4a:c2173, 8c1a4ac2-2d71-4742-ab0b-89dcc95eb13f:c2171, c9d0001a-daad-4532-9e58-9f5f4a7ddd18:c2171]
2019-09-12 14:53:41,267 [grpc-default-executor-7] INFO  client.GrpcClientProtocolClient (GrpcClientProtocolClient.java:onNext(264)) - client-835E41B928D6->6dd5d97a-7455-476f-86d1-706748154c4a: receive RaftClientReply:client-835E41B928D6->6dd5d97a-7455-476f-86d1-706748154c4a@group-349356213E97, cid=1521, SUCCESS, logIndex=2173, commits[6dd5d97a-7455-476f-86d1-706748154c4a:c2173, 8c1a4ac2-2d71-4742-ab0b-89dcc95eb13f:c2171, c9d0001a-daad-4532-9e58-9f5f4a7ddd18:c2171]
2019-09-12 14:53:41,293 [grpc-default-executor-7] INFO  client.GrpcClientProtocolClient (GrpcClientProtocolClient.java:onNext(264)) - client-835E41B928D6->6dd5d97a-7455-476f-86d1-706748154c4a: receive RaftClientReply:client-835E41B928D6->6dd5d97a-7455-476f-86d1-706748154c4a@group-349356213E97, cid=1522, SUCCESS, logIndex=2176, commits[6dd5d97a-7455-476f-86d1-706748154c4a:c2177, 8c1a4ac2-2d71-4742-ab0b-89dcc95eb13f:c2173, c9d0001a-daad-4532-9e58-9f5f4a7ddd18:c2173]
2019-09-12 14:53:41,294 [grpc-default-executor-7] INFO  client.GrpcClientProtocolClient (GrpcClientProtocolClient.java:onNext(264)) - client-835E41B928D6->6dd5d97a-7455-476f-86d1-706748154c4a: receive RaftClientReply:client-835E41B928D6->6dd5d97a-7455-476f-86d1-706748154c4a@group-349356213E97, cid=1523, SUCCESS, logIndex=2177, commits[6dd5d97a-7455-476f-86d1-706748154c4a:c2177, 8c1a4ac2-2d71-4742-ab0b-89dcc95eb13f:c2173, c9d0001a-daad-4532-9e58-9f5f4a7ddd18:c2173]
2019-09-12 14:53:41,305 [grpc-default-executor-2] INFO  client.GrpcClientProtocolClient (GrpcClientProtocolClient.java:onNext(264)) - client-835E41B928D6->6dd5d97a-7455-476f-86d1-706748154c4a: receive RaftClientReply:client-835E41B928D6->6dd5d97a-7455-476f-86d1-706748154c4a@group-349356213E97, cid=1524, SUCCESS, logIndex=0, commits[6dd5d97a-7455-476f-86d1-706748154c4a:c2178, 8c1a4ac2-2d71-4742-ab0b-89dcc95eb13f:c2177, c9d0001a-daad-4532-9e58-9f5f4a7ddd18:c2177]
2019-09-12 14:53:41,333 [grpc-default-executor-2] INFO  client.GrpcClientProtocolClient (GrpcClientProtocolClient.java:onNext(264)) - client-835E41B928D6->6dd5d97a-7455-476f-86d1-706748154c4a: receive RaftClientReply:client-835E41B928D6->6dd5d97a-7455-476f-86d1-706748154c4a@group-349356213E97, cid=1525, SUCCESS, logIndex=2180, commits[6dd5d97a-7455-476f-86d1-706748154c4a:c2181, 8c1a4ac2-2d71-4742-ab0b-89dcc95eb13f:c2179, c9d0001a-daad-4532-9e58-9f5f4a7ddd18:c2179]
2019-09-12 14:53:41,333 [grpc-default-executor-2] INFO  client.GrpcClientProtocolClient (GrpcClientProtocolClient.java:onNext(264)) - client-835E41B928D6->6dd5d97a-7455-476f-86d1-706748154c4a: receive RaftClientReply:client-835E41B928D6->6dd5d97a-7455-476f-86d1-706748154c4a@group-349356213E97, cid=1526, SUCCESS, logIndex=2181, commits[6dd5d97a-7455-476f-86d1-706748154c4a:c2183, 8c1a4ac2-2d71-4742-ab0b-89dcc95eb13f:c2179, c9d0001a-daad-4532-9e58-9f5f4a7ddd18:c2179]
2019-09-12 14:53:41,334 [grpc-default-executor-2] INFO  client.GrpcClientProtocolClient (GrpcClientProtocolClient.java:onNext(264)) - client-835E41B928D6->6dd5d97a-7455-476f-86d1-706748154c4a: receive RaftClientReply:client-835E41B928D6->6dd5d97a-7455-476f-86d1-706748154c4a@group-349356213E97, cid=1527, SUCCESS, logIndex=2182, commits[6dd5d97a-7455-476f-86d1-706748154c4a:c2183, 8c1a4ac2-2d71-4742-ab0b-89dcc95eb13f:c2179, c9d0001a-daad-4532-9e58-9f5f4a7ddd18:c2179]
2019-09-12 14:53:41,334 [grpc-default-executor-2] INFO  client.GrpcClientProtocolClient (GrpcClientProtocolClient.java:onNext(264)) - client-835E41B928D6->6dd5d97a-7455-476f-86d1-706748154c4a: receive RaftClientReply:client-835E41B928D6->6dd5d97a-7455-476f-86d1-706748154c4a@group-349356213E97, cid=1528, SUCCESS, logIndex=2183, commits[6dd5d97a-7455-476f-86d1-706748154c4a:c2183, 8c1a4ac2-2d71-4742-ab0b-89dcc95eb13f:c2179, c9d0001a-daad-4532-9e58-9f5f4a7ddd18:c2179]
2019-09-12 14:53:41,344 [grpc-default-executor-2] INFO  client.GrpcClientProtocolClient (GrpcClientProtocolClient.java:onNext(264)) - client-835E41B928D6->6dd5d97a-7455-476f-86d1-706748154c4a: receive RaftClientReply:client-835E41B928D6->6dd5d97a-7455-476f-86d1-706748154c4a@group-349356213E97, cid=1529, SUCCESS, logIndex=0, commits[6dd5d97a-7455-476f-86d1-706748154c4a:c2184, 8c1a4ac2-2d71-4742-ab0b-89dcc95eb13f:c2181, c9d0001a-daad-4532-9e58-9f5f4a7ddd18:c2181]
2019-09-12 14:53:41,363 [grpc-default-executor-6] INFO  client.GrpcClientProtocolClient (GrpcClientProtocolClient.java:onNext(264)) - client-835E41B928D6->6dd5d97a-7455-476f-86d1-706748154c4a: receive RaftClientReply:client-835E41B928D6->6dd5d97a-7455-476f-86d1-706748154c4a@group-349356213E97, cid=1530, SUCCESS, logIndex=2188, commits[6dd5d97a-7455-476f-86d1-706748154c4a:c2189, 8c1a4ac2-2d71-4742-ab0b-89dcc95eb13f:c2187, c9d0001a-daad-4532-9e58-9f5f4a7ddd18:c2187]
2019-09-12 14:53:41,363 [grpc-default-executor-6] INFO  client.GrpcClientProtocolClient (GrpcClientProtocolClient.java:onNext(264)) - client-835E41B928D6->6dd5d97a-7455-476f-86d1-706748154c4a: receive RaftClientReply:client-835E41B928D6->6dd5d97a-7455-476f-86d1-706748154c4a@group-349356213E97, cid=1531, SUCCESS, logIndex=2189, commits[6dd5d97a-7455-476f-86d1-706748154c4a:c2189, 8c1a4ac2-2d71-4742-ab0b-89dcc95eb13f:c2187, c9d0001a-daad-4532-9e58-9f5f4a7ddd18:c2187]
2019-09-12 14:53:41,376 [grpc-default-executor-7] INFO  client.GrpcClientProtocolClient (GrpcClientProtocolClient.java:onNext(264)) - client-835E41B928D6->6dd5d97a-7455-476f-86d1-706748154c4a: receive RaftClientReply:client-835E41B928D6->6dd5d97a-7455-476f-86d1-706748154c4a@group-349356213E97, cid=1532, SUCCESS, logIndex=2192, commits[6dd5d97a-7455-476f-86d1-706748154c4a:c2193, 8c1a4ac2-2d71-4742-ab0b-89dcc95eb13f:c2189, c9d0001a-daad-4532-9e58-9f5f4a7ddd18:c2189]
2019-09-12 14:53:41,376 [grpc-default-executor-7] INFO  client.GrpcClientProtocolClient (GrpcClientProtocolClient.java:onNext(264)) - client-835E41B928D6->6dd5d97a-7455-476f-86d1-706748154c4a: receive RaftClientReply:client-835E41B928D6->6dd5d97a-7455-476f-86d1-706748154c4a@group-349356213E97, cid=1533, SUCCESS, logIndex=2193, commits[6dd5d97a-7455-476f-86d1-706748154c4a:c2193, 8c1a4ac2-2d71-4742-ab0b-89dcc95eb13f:c2189, c9d0001a-daad-4532-9e58-9f5f4a7ddd18:c2189]
2019-09-12 14:53:41,389 [grpc-default-executor-2] INFO  client.GrpcClientProtocolClient (GrpcClientProtocolClient.java:onNext(264)) - client-835E41B928D6->6dd5d97a-7455-476f-86d1-706748154c4a: receive RaftClientReply:client-835E41B928D6->6dd5d97a-7455-476f-86d1-706748154c4a@group-349356213E97, cid=1534, SUCCESS, logIndex=0, commits[6dd5d97a-7455-476f-86d1-706748154c4a:c2195, 8c1a4ac2-2d71-4742-ab0b-89dcc95eb13f:c2193, c9d0001a-daad-4532-9e58-9f5f4a7ddd18:c2193]
2019-09-12 14:53:41,414 [grpc-default-executor-6] INFO  client.GrpcClientProtocolClient (GrpcClientProtocolClient.java:onNext(264)) - client-835E41B928D6->6dd5d97a-7455-476f-86d1-706748154c4a: receive RaftClientReply:client-835E41B928D6->6dd5d97a-7455-476f-86d1-706748154c4a@group-349356213E97, cid=1535, SUCCESS, logIndex=2196, commits[6dd5d97a-7455-476f-86d1-706748154c4a:c2196, 8c1a4ac2-2d71-4742-ab0b-89dcc95eb13f:c2195, c9d0001a-daad-4532-9e58-9f5f4a7ddd18:c2195]
2019-09-12 14:53:41,414 [grpc-default-executor-6] INFO  client.GrpcClientProtocolClient (GrpcClientProtocolClient.java:onNext(264)) - client-835E41B928D6->6dd5d97a-7455-476f-86d1-706748154c4a: receive RaftClientReply:client-835E41B928D6->6dd5d97a-7455-476f-86d1-706748154c4a@group-349356213E97, cid=1536, SUCCESS, logIndex=2197, commits[6dd5d97a-7455-476f-86d1-706748154c4a:c2199, 8c1a4ac2-2d71-4742-ab0b-89dcc95eb13f:c2195, c9d0001a-daad-4532-9e58-9f5f4a7ddd18:c2195]
2019-09-12 14:53:41,415 [grpc-default-executor-6] INFO  client.GrpcClientProtocolClient (GrpcClientProtocolClient.java:onNext(264)) - client-835E41B928D6->6dd5d97a-7455-476f-86d1-706748154c4a: receive RaftClientReply:client-835E41B928D6->6dd5d97a-7455-476f-86d1-706748154c4a@group-349356213E97, cid=1537, SUCCESS, logIndex=2198, commits[6dd5d97a-7455-476f-86d1-706748154c4a:c2199, 8c1a4ac2-2d71-4742-ab0b-89dcc95eb13f:c2195, c9d0001a-daad-4532-9e58-9f5f4a7ddd18:c2195]
2019-09-12 14:53:41,415 [grpc-default-executor-6] INFO  client.GrpcClientProtocolClient (GrpcClientProtocolClient.java:onNext(264)) - client-835E41B928D6->6dd5d97a-7455-476f-86d1-706748154c4a: receive RaftClientReply:client-835E41B928D6->6dd5d97a-7455-476f-86d1-706748154c4a@group-349356213E97, cid=1538, SUCCESS, logIndex=2199, commits[6dd5d97a-7455-476f-86d1-706748154c4a:c2199, 8c1a4ac2-2d71-4742-ab0b-89dcc95eb13f:c2195, c9d0001a-daad-4532-9e58-9f5f4a7ddd18:c2195]
2019-09-12 14:53:41,417 [grpc-default-executor-6] INFO  client.GrpcClientProtocolClient (GrpcClientProtocolClient.java:onNext(264)) - client-835E41B928D6->6dd5d97a-7455-476f-86d1-706748154c4a: receive RaftClientReply:client-835E41B928D6->6dd5d97a-7455-476f-86d1-706748154c4a@group-349356213E97, cid=1539, SUCCESS, logIndex=0, commits[6dd5d97a-7455-476f-86d1-706748154c4a:c2202, 8c1a4ac2-2d71-4742-ab0b-89dcc95eb13f:c2198, c9d0001a-daad-4532-9e58-9f5f4a7ddd18:c2199]
 0.00% |█                                                                                                    |  0/1 Time: 0:00:092019-09-12 14:53:41,436 [grpc-default-executor-2] INFO  client.GrpcClientProtocolClient (GrpcClientProtocolClient.java:onNext(264)) - client-835E41B928D6->6dd5d97a-7455-476f-86d1-706748154c4a: receive RaftClientReply:client-835E41B928D6->6dd5d97a-7455-476f-86d1-706748154c4a@group-349356213E97, cid=1540, SUCCESS, logIndex=2203, commits[6dd5d97a-7455-476f-86d1-706748154c4a:c2204, 8c1a4ac2-2d71-4742-ab0b-89dcc95eb13f:c2202, c9d0001a-daad-4532-9e58-9f5f4a7ddd18:c2202]
2019-09-12 14:53:41,436 [grpc-default-executor-2] INFO  client.GrpcClientProtocolClient (GrpcClientProtocolClient.java:onNext(264)) - client-835E41B928D6->6dd5d97a-7455-476f-86d1-706748154c4a: receive RaftClientReply:client-835E41B928D6->6dd5d97a-7455-476f-86d1-706748154c4a@group-349356213E97, cid=1541, SUCCESS, logIndex=2204, commits[6dd5d97a-7455-476f-86d1-706748154c4a:c2204, 8c1a4ac2-2d71-4742-ab0b-89dcc95eb13f:c2202, c9d0001a-daad-4532-9e58-9f5f4a7ddd18:c2202]
2019-09-12 14:53:41,449 [grpc-default-executor-2] INFO  client.GrpcClientProtocolClient (GrpcClientProtocolClient.java:onNext(264)) - client-835E41B928D6->6dd5d97a-7455-476f-86d1-706748154c4a: receive RaftClientReply:client-835E41B928D6->6dd5d97a-7455-476f-86d1-706748154c4a@group-349356213E97, cid=1542, SUCCESS, logIndex=2207, commits[6dd5d97a-7455-476f-86d1-706748154c4a:c2208, 8c1a4ac2-2d71-4742-ab0b-89dcc95eb13f:c2204, c9d0001a-daad-4532-9e58-9f5f4a7ddd18:c2204]
2019-09-12 14:53:41,449 [grpc-default-executor-2] INFO  client.GrpcClientProtocolClient (GrpcClientProtocolClient.java:onNext(264)) - client-835E41B928D6->6dd5d97a-7455-476f-86d1-706748154c4a: receive RaftClientReply:client-835E41B928D6->6dd5d97a-7455-476f-86d1-706748154c4a@group-349356213E97, cid=1543, SUCCESS, logIndex=2208, commits[6dd5d97a-7455-476f-86d1-706748154c4a:c2208, 8c1a4ac2-2d71-4742-ab0b-89dcc95eb13f:c2204, c9d0001a-daad-4532-9e58-9f5f4a7ddd18:c2204]
2019-09-12 14:53:41,450 [grpc-default-executor-5] INFO  client.GrpcClientProtocolClient (GrpcClientProtocolClient.java:onNext(264)) - client-835E41B928D6->6dd5d97a-7455-476f-86d1-706748154c4a: receive RaftClientReply:client-835E41B928D6->6dd5d97a-7455-476f-86d1-706748154c4a@group-349356213E97, cid=1544, SUCCESS, logIndex=0, commits[6dd5d97a-7455-476f-86d1-706748154c4a:c2209, 8c1a4ac2-2d71-4742-ab0b-89dcc95eb13f:c2208, c9d0001a-daad-4532-9e58-9f5f4a7ddd18:c2208]
2019-09-12 14:53:41,468 [grpc-default-executor-5] INFO  client.GrpcClientProtocolClient (GrpcClientProtocolClient.java:onNext(264)) - client-835E41B928D6->6dd5d97a-7455-476f-86d1-706748154c4a: receive RaftClientReply:client-835E41B928D6->6dd5d97a-7455-476f-86d1-706748154c4a@group-349356213E97, cid=1545, SUCCESS, logIndex=2211, commits[6dd5d97a-7455-476f-86d1-706748154c4a:c2214, 8c1a4ac2-2d71-4742-ab0b-89dcc95eb13f:c2210, c9d0001a-daad-4532-9e58-9f5f4a7ddd18:c2208]
2019-09-12 14:53:41,469 [grpc-default-executor-5] INFO  client.GrpcClientProtocolClient (GrpcClientProtocolClient.java:onNext(264)) - client-835E41B928D6->6dd5d97a-7455-476f-86d1-706748154c4a: receive RaftClientReply:client-835E41B928D6->6dd5d97a-7455-476f-86d1-706748154c4a@group-349356213E97, cid=1546, SUCCESS, logIndex=2212, commits[6dd5d97a-7455-476f-86d1-706748154c4a:c2214, 8c1a4ac2-2d71-4742-ab0b-89dcc95eb13f:c2210, c9d0001a-daad-4532-9e58-9f5f4a7ddd18:c2208]
2019-09-12 14:53:41,469 [grpc-default-executor-5] INFO  client.GrpcClientProtocolClient (GrpcClientProtocolClient.java:onNext(264)) - client-835E41B928D6->6dd5d97a-7455-476f-86d1-706748154c4a: receive RaftClientReply:client-835E41B928D6->6dd5d97a-7455-476f-86d1-706748154c4a@group-349356213E97, cid=1547, SUCCESS, logIndex=2213, commits[6dd5d97a-7455-476f-86d1-706748154c4a:c2214, 8c1a4ac2-2d71-4742-ab0b-89dcc95eb13f:c2210, c9d0001a-daad-4532-9e58-9f5f4a7ddd18:c2208]
2019-09-12 14:53:41,469 [grpc-default-executor-5] INFO  client.GrpcClientProtocolClient (GrpcClientProtocolClient.java:onNext(264)) - client-835E41B928D6->6dd5d97a-7455-476f-86d1-706748154c4a: receive RaftClientReply:client-835E41B928D6->6dd5d97a-7455-476f-86d1-706748154c4a@group-349356213E97, cid=1548, SUCCESS, logIndex=2214, commits[6dd5d97a-7455-476f-86d1-706748154c4a:c2214, 8c1a4ac2-2d71-4742-ab0b-89dcc95eb13f:c2210, c9d0001a-daad-4532-9e58-9f5f4a7ddd18:c2210]
2019-09-12 14:53:41,470 [grpc-default-executor-5] INFO  client.GrpcClientProtocolClient (GrpcClientProtocolClient.java:onNext(264)) - client-835E41B928D6->6dd5d97a-7455-476f-86d1-706748154c4a: receive RaftClientReply:client-835E41B928D6->6dd5d97a-7455-476f-86d1-706748154c4a@group-349356213E97, cid=1549, SUCCESS, logIndex=0, commits[6dd5d97a-7455-476f-86d1-706748154c4a:c2216, 8c1a4ac2-2d71-4742-ab0b-89dcc95eb13f:c2212, c9d0001a-daad-4532-9e58-9f5f4a7ddd18:c2213]
2019-09-12 14:53:41,498 [grpc-default-executor-5] INFO  client.GrpcClientProtocolClient (GrpcClientProtocolClient.java:onNext(264)) - client-835E41B928D6->6dd5d97a-7455-476f-86d1-706748154c4a: receive RaftClientReply:client-835E41B928D6->6dd5d97a-7455-476f-86d1-706748154c4a@group-349356213E97, cid=1550, SUCCESS, logIndex=2219, commits[6dd5d97a-7455-476f-86d1-706748154c4a:c2220, 8c1a4ac2-2d71-4742-ab0b-89dcc95eb13f:c2214, c9d0001a-daad-4532-9e58-9f5f4a7ddd18:c2218]
2019-09-12 14:53:41,498 [grpc-default-executor-5] INFO  client.GrpcClientProtocolClient (GrpcClientProtocolClient.java:onNext(264)) - client-835E41B928D6->6dd5d97a-7455-476f-86d1-706748154c4a: receive RaftClientReply:client-835E41B928D6->6dd5d97a-7455-476f-86d1-706748154c4a@group-349356213E97, cid=1551, SUCCESS, logIndex=2220, commits[6dd5d97a-7455-476f-86d1-706748154c4a:c2220, 8c1a4ac2-2d71-4742-ab0b-89dcc95eb13f:c2218, c9d0001a-daad-4532-9e58-9f5f4a7ddd18:c2218]
2019-09-12 14:53:41,628 [grpc-default-executor-6] INFO  client.GrpcClientProtocolClient (GrpcClientProtocolClient.java:onNext(264)) - client-835E41B928D6->6dd5d97a-7455-476f-86d1-706748154c4a: receive RaftClientReply:client-835E41B928D6->6dd5d97a-7455-476f-86d1-706748154c4a@group-349356213E97, cid=1552, SUCCESS, logIndex=2223, commits[6dd5d97a-7455-476f-86d1-706748154c4a:c2224, 8c1a4ac2-2d71-4742-ab0b-89dcc95eb13f:c2222, c9d0001a-daad-4532-9e58-9f5f4a7ddd18:c2222]
2019-09-12 14:53:41,628 [grpc-default-executor-6] INFO  client.GrpcClientProtocolClient (GrpcClientProtocolClient.java:onNext(264)) - client-835E41B928D6->6dd5d97a-7455-476f-86d1-706748154c4a: receive RaftClientReply:client-835E41B928D6->6dd5d97a-7455-476f-86d1-706748154c4a@group-349356213E97, cid=1553, SUCCESS, logIndex=2224, commits[6dd5d97a-7455-476f-86d1-706748154c4a:c2224, 8c1a4ac2-2d71-4742-ab0b-89dcc95eb13f:c2222, c9d0001a-daad-4532-9e58-9f5f4a7ddd18:c2222]
2019-09-12 14:53:41,639 [grpc-default-executor-6] INFO  client.GrpcClientProtocolClient (GrpcClientProtocolClient.java:onNext(264)) - client-835E41B928D6->6dd5d97a-7455-476f-86d1-706748154c4a: receive RaftClientReply:client-835E41B928D6->6dd5d97a-7455-476f-86d1-706748154c4a@group-349356213E97, cid=1554, SUCCESS, logIndex=0, commits[6dd5d97a-7455-476f-86d1-706748154c4a:c2225, 8c1a4ac2-2d71-4742-ab0b-89dcc95eb13f:c2224, c9d0001a-daad-4532-9e58-9f5f4a7ddd18:c2224]
2019-09-12 14:53:41,670 [grpc-default-executor-5] INFO  client.GrpcClientProtocolClient (GrpcClientProtocolClient.java:onNext(264)) - client-835E41B928D6->6dd5d97a-7455-476f-86d1-706748154c4a: receive RaftClientReply:client-835E41B928D6->6dd5d97a-7455-476f-86d1-706748154c4a@group-349356213E97, cid=1555, SUCCESS, logIndex=2227, commits[6dd5d97a-7455-476f-86d1-706748154c4a:c2230, 8c1a4ac2-2d71-4742-ab0b-89dcc95eb13f:c2226, c9d0001a-daad-4532-9e58-9f5f4a7ddd18:c2226]
2019-09-12 14:53:41,671 [grpc-default-executor-5] INFO  client.GrpcClientProtocolClient (GrpcClientProtocolClient.java:onNext(264)) - client-835E41B928D6->6dd5d97a-7455-476f-86d1-706748154c4a: receive RaftClientReply:client-835E41B928D6->6dd5d97a-7455-476f-86d1-706748154c4a@group-349356213E97, cid=1556, SUCCESS, logIndex=2228, commits[6dd5d97a-7455-476f-86d1-706748154c4a:c2230, 8c1a4ac2-2d71-4742-ab0b-89dcc95eb13f:c2226, c9d0001a-daad-4532-9e58-9f5f4a7ddd18:c2226]
2019-09-12 14:53:41,671 [grpc-default-executor-5] INFO  client.GrpcClientProtocolClient (GrpcClientProtocolClient.java:onNext(264)) - client-835E41B928D6->6dd5d97a-7455-476f-86d1-706748154c4a: receive RaftClientReply:client-835E41B928D6->6dd5d97a-7455-476f-86d1-706748154c4a@group-349356213E97, cid=1557, SUCCESS, logIndex=2229, commits[6dd5d97a-7455-476f-86d1-706748154c4a:c2230, 8c1a4ac2-2d71-4742-ab0b-89dcc95eb13f:c2226, c9d0001a-daad-4532-9e58-9f5f4a7ddd18:c2226]
2019-09-12 14:53:41,672 [grpc-default-executor-5] INFO  client.GrpcClientProtocolClient (GrpcClientProtocolClient.java:onNext(264)) - client-835E41B928D6->6dd5d97a-7455-476f-86d1-706748154c4a: receive RaftClientReply:client-835E41B928D6->6dd5d97a-7455-476f-86d1-706748154c4a@group-349356213E97, cid=1558, SUCCESS, logIndex=2230, commits[6dd5d97a-7455-476f-86d1-706748154c4a:c2230, 8c1a4ac2-2d71-4742-ab0b-89dcc95eb13f:c2226, c9d0001a-daad-4532-9e58-9f5f4a7ddd18:c2226]
2019-09-12 14:53:41,685 [grpc-default-executor-6] INFO  client.GrpcClientProtocolClient (GrpcClientProtocolClient.java:onNext(264)) - client-835E41B928D6->6dd5d97a-7455-476f-86d1-706748154c4a: receive RaftClientReply:client-835E41B928D6->6dd5d97a-7455-476f-86d1-706748154c4a@group-349356213E97, cid=1559, SUCCESS, logIndex=0, commits[6dd5d97a-7455-476f-86d1-706748154c4a:c2232, 8c1a4ac2-2d71-4742-ab0b-89dcc95eb13f:c2228, c9d0001a-daad-4532-9e58-9f5f4a7ddd18:c2228]
2019-09-12 14:53:41,705 [grpc-default-executor-2] INFO  client.GrpcClientProtocolClient (GrpcClientProtocolClient.java:onNext(264)) - client-835E41B928D6->6dd5d97a-7455-476f-86d1-706748154c4a: receive RaftClientReply:client-835E41B928D6->6dd5d97a-7455-476f-86d1-706748154c4a@group-349356213E97, cid=1560, SUCCESS, logIndex=2235, commits[6dd5d97a-7455-476f-86d1-706748154c4a:c2236, 8c1a4ac2-2d71-4742-ab0b-89dcc95eb13f:c2234, c9d0001a-daad-4532-9e58-9f5f4a7ddd18:c2234]
2019-09-12 14:53:41,705 [grpc-default-executor-2] INFO  client.GrpcClientProtocolClient (GrpcClientProtocolClient.java:onNext(264)) - client-835E41B928D6->6dd5d97a-7455-476f-86d1-706748154c4a: receive RaftClientReply:client-835E41B928D6->6dd5d97a-7455-476f-86d1-706748154c4a@group-349356213E97, cid=1561, SUCCESS, logIndex=2236, commits[6dd5d97a-7455-476f-86d1-706748154c4a:c2236, 8c1a4ac2-2d71-4742-ab0b-89dcc95eb13f:c2234, c9d0001a-daad-4532-9e58-9f5f4a7ddd18:c2234]
2019-09-12 14:53:41,718 [grpc-default-executor-2] INFO  client.GrpcClientProtocolClient (GrpcClientProtocolClient.java:onNext(264)) - client-835E41B928D6->6dd5d97a-7455-476f-86d1-706748154c4a: receive RaftClientReply:client-835E41B928D6->6dd5d97a-7455-476f-86d1-706748154c4a@group-349356213E97, cid=1562, SUCCESS, logIndex=2239, commits[6dd5d97a-7455-476f-86d1-706748154c4a:c2240, 8c1a4ac2-2d71-4742-ab0b-89dcc95eb13f:c2236, c9d0001a-daad-4532-9e58-9f5f4a7ddd18:c2236]
2019-09-12 14:53:41,718 [grpc-default-executor-2] INFO  client.GrpcClientProtocolClient (GrpcClientProtocolClient.java:onNext(264)) - client-835E41B928D6->6dd5d97a-7455-476f-86d1-706748154c4a: receive RaftClientReply:client-835E41B928D6->6dd5d97a-7455-476f-86d1-706748154c4a@group-349356213E97, cid=1563, SUCCESS, logIndex=2240, commits[6dd5d97a-7455-476f-86d1-706748154c4a:c2240, 8c1a4ac2-2d71-4742-ab0b-89dcc95eb13f:c2236, c9d0001a-daad-4532-9e58-9f5f4a7ddd18:c2236]
2019-09-12 14:53:41,732 [grpc-default-executor-5] INFO  client.GrpcClientProtocolClient (GrpcClientProtocolClient.java:onNext(264)) - client-835E41B928D6->6dd5d97a-7455-476f-86d1-706748154c4a: receive RaftClientReply:client-835E41B928D6->6dd5d97a-7455-476f-86d1-706748154c4a@group-349356213E97, cid=1564, SUCCESS, logIndex=0, commits[6dd5d97a-7455-476f-86d1-706748154c4a:c2242, 8c1a4ac2-2d71-4742-ab0b-89dcc95eb13f:c2240, c9d0001a-daad-4532-9e58-9f5f4a7ddd18:c2240]
2019-09-12 14:53:41,759 [grpc-default-executor-2] INFO  client.GrpcClientProtocolClient (GrpcClientProtocolClient.java:onNext(264)) - client-835E41B928D6->6dd5d97a-7455-476f-86d1-706748154c4a: receive RaftClientReply:client-835E41B928D6->6dd5d97a-7455-476f-86d1-706748154c4a@group-349356213E97, cid=1565, SUCCESS, logIndex=2243, commits[6dd5d97a-7455-476f-86d1-706748154c4a:c2244, 8c1a4ac2-2d71-4742-ab0b-89dcc95eb13f:c2240, c9d0001a-daad-4532-9e58-9f5f4a7ddd18:c2242]
2019-09-12 14:53:41,767 [grpc-default-executor-2] INFO  client.GrpcClientProtocolClient (GrpcClientProtocolClient.java:onNext(264)) - client-835E41B928D6->6dd5d97a-7455-476f-86d1-706748154c4a: receive RaftClientReply:client-835E41B928D6->6dd5d97a-7455-476f-86d1-706748154c4a@group-349356213E97, cid=1566, SUCCESS, logIndex=2244, commits[6dd5d97a-7455-476f-86d1-706748154c4a:c2246, 8c1a4ac2-2d71-4742-ab0b-89dcc95eb13f:c2242, c9d0001a-daad-4532-9e58-9f5f4a7ddd18:c2242]
2019-09-12 14:53:41,767 [grpc-default-executor-2] INFO  client.GrpcClientProtocolClient (GrpcClientProtocolClient.java:onNext(264)) - client-835E41B928D6->6dd5d97a-7455-476f-86d1-706748154c4a: receive RaftClientReply:client-835E41B928D6->6dd5d97a-7455-476f-86d1-706748154c4a@group-349356213E97, cid=1567, SUCCESS, logIndex=2245, commits[6dd5d97a-7455-476f-86d1-706748154c4a:c2247, 8c1a4ac2-2d71-4742-ab0b-89dcc95eb13f:c2244, c9d0001a-daad-4532-9e58-9f5f4a7ddd18:c2242]
2019-09-12 14:53:41,767 [grpc-default-executor-2] INFO  client.GrpcClientProtocolClient (GrpcClientProtocolClient.java:onNext(264)) - client-835E41B928D6->6dd5d97a-7455-476f-86d1-706748154c4a: receive RaftClientReply:client-835E41B928D6->6dd5d97a-7455-476f-86d1-706748154c4a@group-349356213E97, cid=1568, SUCCESS, logIndex=2246, commits[6dd5d97a-7455-476f-86d1-706748154c4a:c2248, 8c1a4ac2-2d71-4742-ab0b-89dcc95eb13f:c2244, c9d0001a-daad-4532-9e58-9f5f4a7ddd18:c2244]
2019-09-12 14:53:41,795 [grpc-default-executor-2] INFO  client.GrpcClientProtocolClient (GrpcClientProtocolClient.java:onNext(264)) - client-835E41B928D6->6dd5d97a-7455-476f-86d1-706748154c4a: receive RaftClientReply:client-835E41B928D6->6dd5d97a-7455-476f-86d1-706748154c4a@group-349356213E97, cid=1569, SUCCESS, logIndex=2251, commits[6dd5d97a-7455-476f-86d1-706748154c4a:c2252, 8c1a4ac2-2d71-4742-ab0b-89dcc95eb13f:c2246, c9d0001a-daad-4532-9e58-9f5f4a7ddd18:c2248]
2019-09-12 14:53:41,795 [grpc-default-executor-2] INFO  client.GrpcClientProtocolClient (GrpcClientProtocolClient.java:onNext(264)) - client-835E41B928D6->6dd5d97a-7455-476f-86d1-706748154c4a: receive RaftClientReply:client-835E41B928D6->6dd5d97a-7455-476f-86d1-706748154c4a@group-349356213E97, cid=1570, SUCCESS, logIndex=2252, commits[6dd5d97a-7455-476f-86d1-706748154c4a:c2252, 8c1a4ac2-2d71-4742-ab0b-89dcc95eb13f:c2248, c9d0001a-daad-4532-9e58-9f5f4a7ddd18:c2248]
2019-09-12 14:53:41,815 [grpc-default-executor-6] INFO  client.GrpcClientProtocolClient (GrpcClientProtocolClient.java:onNext(264)) - client-835E41B928D6->6dd5d97a-7455-476f-86d1-706748154c4a: receive RaftClientReply:client-835E41B928D6->6dd5d97a-7455-476f-86d1-706748154c4a@group-349356213E97, cid=1571, SUCCESS, logIndex=2254, commits[6dd5d97a-7455-476f-86d1-706748154c4a:c2255, 8c1a4ac2-2d71-4742-ab0b-89dcc95eb13f:c2253, c9d0001a-daad-4532-9e58-9f5f4a7ddd18:c2253]
2019-09-12 14:53:41,816 [grpc-default-executor-6] INFO  client.GrpcClientProtocolClient (GrpcClientProtocolClient.java:onNext(264)) - client-835E41B928D6->6dd5d97a-7455-476f-86d1-706748154c4a: receive RaftClientReply:client-835E41B928D6->6dd5d97a-7455-476f-86d1-706748154c4a@group-349356213E97, cid=1572, SUCCESS, logIndex=2255, commits[6dd5d97a-7455-476f-86d1-706748154c4a:c2255, 8c1a4ac2-2d71-4742-ab0b-89dcc95eb13f:c2253, c9d0001a-daad-4532-9e58-9f5f4a7ddd18:c2253]
2019-09-12 14:53:41,829 [grpc-default-executor-2] INFO  client.GrpcClientProtocolClient (GrpcClientProtocolClient.java:onNext(264)) - client-835E41B928D6->6dd5d97a-7455-476f-86d1-706748154c4a: receive RaftClientReply:client-835E41B928D6->6dd5d97a-7455-476f-86d1-706748154c4a@group-349356213E97, cid=1573, SUCCESS, logIndex=0, commits[6dd5d97a-7455-476f-86d1-706748154c4a:c2256, 8c1a4ac2-2d71-4742-ab0b-89dcc95eb13f:c2255, c9d0001a-daad-4532-9e58-9f5f4a7ddd18:c2255]
2019-09-12 14:53:41,862 [grpc-default-executor-5] INFO  client.GrpcClientProtocolClient (GrpcClientProtocolClient.java:onNext(264)) - client-835E41B928D6->6dd5d97a-7455-476f-86d1-706748154c4a: receive RaftClientReply:client-835E41B928D6->6dd5d97a-7455-476f-86d1-706748154c4a@group-349356213E97, cid=1574, SUCCESS, logIndex=2258, commits[6dd5d97a-7455-476f-86d1-706748154c4a:c2259, 8c1a4ac2-2d71-4742-ab0b-89dcc95eb13f:c2257, c9d0001a-daad-4532-9e58-9f5f4a7ddd18:c2257]
2019-09-12 14:53:41,862 [grpc-default-executor-5] INFO  client.GrpcClientProtocolClient (GrpcClientProtocolClient.java:onNext(264)) - client-835E41B928D6->6dd5d97a-7455-476f-86d1-706748154c4a: receive RaftClientReply:client-835E41B928D6->6dd5d97a-7455-476f-86d1-706748154c4a@group-349356213E97, cid=1575, SUCCESS, logIndex=2259, commits[6dd5d97a-7455-476f-86d1-706748154c4a:c2259, 8c1a4ac2-2d71-4742-ab0b-89dcc95eb13f:c2257, c9d0001a-daad-4532-9e58-9f5f4a7ddd18:c2257]
2019-09-12 14:53:41,863 [grpc-default-executor-5] INFO  client.GrpcClientProtocolClient (GrpcClientProtocolClient.java:onNext(264)) - client-835E41B928D6->6dd5d97a-7455-476f-86d1-706748154c4a: receive RaftClientReply:client-835E41B928D6->6dd5d97a-7455-476f-86d1-706748154c4a@group-349356213E97, cid=1576, SUCCESS, logIndex=2260, commits[6dd5d97a-7455-476f-86d1-706748154c4a:c2261, 8c1a4ac2-2d71-4742-ab0b-89dcc95eb13f:c2257, c9d0001a-daad-4532-9e58-9f5f4a7ddd18:c2257]
2019-09-12 14:53:41,863 [grpc-default-executor-5] INFO  client.GrpcClientProtocolClient (GrpcClientProtocolClient.java:onNext(264)) - client-835E41B928D6->6dd5d97a-7455-476f-86d1-706748154c4a: receive RaftClientReply:client-835E41B928D6->6dd5d97a-7455-476f-86d1-706748154c4a@group-349356213E97, cid=1577, SUCCESS, logIndex=2261, commits[6dd5d97a-7455-476f-86d1-706748154c4a:c2261, 8c1a4ac2-2d71-4742-ab0b-89dcc95eb13f:c2257, c9d0001a-daad-4532-9e58-9f5f4a7ddd18:c2257]
2019-09-12 14:53:41,864 [grpc-default-executor-5] INFO  client.GrpcClientProtocolClient (GrpcClientProtocolClient.java:onNext(264)) - client-835E41B928D6->6dd5d97a-7455-476f-86d1-706748154c4a: receive RaftClientReply:client-835E41B928D6->6dd5d97a-7455-476f-86d1-706748154c4a@group-349356213E97, cid=1578, SUCCESS, logIndex=0, commits[6dd5d97a-7455-476f-86d1-706748154c4a:c2263, 8c1a4ac2-2d71-4742-ab0b-89dcc95eb13f:c2259, c9d0001a-daad-4532-9e58-9f5f4a7ddd18:c2259]
2019-09-12 14:53:41,883 [grpc-default-executor-5] INFO  client.GrpcClientProtocolClient (GrpcClientProtocolClient.java:onNext(264)) - client-835E41B928D6->6dd5d97a-7455-476f-86d1-706748154c4a: receive RaftClientReply:client-835E41B928D6->6dd5d97a-7455-476f-86d1-706748154c4a@group-349356213E97, cid=1579, SUCCESS, logIndex=2266, commits[6dd5d97a-7455-476f-86d1-706748154c4a:c2267, 8c1a4ac2-2d71-4742-ab0b-89dcc95eb13f:c2265, c9d0001a-daad-4532-9e58-9f5f4a7ddd18:c2265]
2019-09-12 14:53:41,884 [grpc-default-executor-5] INFO  client.GrpcClientProtocolClient (GrpcClientProtocolClient.java:onNext(264)) - client-835E41B928D6->6dd5d97a-7455-476f-86d1-706748154c4a: receive RaftClientReply:client-835E41B928D6->6dd5d97a-7455-476f-86d1-706748154c4a@group-349356213E97, cid=1580, SUCCESS, logIndex=2267, commits[6dd5d97a-7455-476f-86d1-706748154c4a:c2267, 8c1a4ac2-2d71-4742-ab0b-89dcc95eb13f:c2265, c9d0001a-daad-4532-9e58-9f5f4a7ddd18:c2265]
2019-09-12 14:53:41,897 [grpc-default-executor-2] INFO  client.GrpcClientProtocolClient (GrpcClientProtocolClient.java:onNext(264)) - client-835E41B928D6->6dd5d97a-7455-476f-86d1-706748154c4a: receive RaftClientReply:client-835E41B928D6->6dd5d97a-7455-476f-86d1-706748154c4a@group-349356213E97, cid=1581, SUCCESS, logIndex=2270, commits[6dd5d97a-7455-476f-86d1-706748154c4a:c2271, 8c1a4ac2-2d71-4742-ab0b-89dcc95eb13f:c2267, c9d0001a-daad-4532-9e58-9f5f4a7ddd18:c2267]
2019-09-12 14:53:41,897 [grpc-default-executor-2] INFO  client.GrpcClientProtocolClient (GrpcClientProtocolClient.java:onNext(264)) - client-835E41B928D6->6dd5d97a-7455-476f-86d1-706748154c4a: receive RaftClientReply:client-835E41B928D6->6dd5d97a-7455-476f-86d1-706748154c4a@group-349356213E97, cid=1582, SUCCESS, logIndex=2271, commits[6dd5d97a-7455-476f-86d1-706748154c4a:c2271, 8c1a4ac2-2d71-4742-ab0b-89dcc95eb13f:c2267, c9d0001a-daad-4532-9e58-9f5f4a7ddd18:c2267]
2019-09-12 14:53:41,908 [grpc-default-executor-5] INFO  client.GrpcClientProtocolClient (GrpcClientProtocolClient.java:onNext(264)) - client-835E41B928D6->6dd5d97a-7455-476f-86d1-706748154c4a: receive RaftClientReply:client-835E41B928D6->6dd5d97a-7455-476f-86d1-706748154c4a@group-349356213E97, cid=1583, SUCCESS, logIndex=0, commits[6dd5d97a-7455-476f-86d1-706748154c4a:c2271, 8c1a4ac2-2d71-4742-ab0b-89dcc95eb13f:c2271, c9d0001a-daad-4532-9e58-9f5f4a7ddd18:c2271]
2019-09-12 14:53:41,937 [grpc-default-executor-6] INFO  client.GrpcClientProtocolClient (GrpcClientProtocolClient.java:onNext(264)) - client-835E41B928D6->6dd5d97a-7455-476f-86d1-706748154c4a: receive RaftClientReply:client-835E41B928D6->6dd5d97a-7455-476f-86d1-706748154c4a@group-349356213E97, cid=1584, SUCCESS, logIndex=2274, commits[6dd5d97a-7455-476f-86d1-706748154c4a:c2275, 8c1a4ac2-2d71-4742-ab0b-89dcc95eb13f:c2273, c9d0001a-daad-4532-9e58-9f5f4a7ddd18:c2273]
2019-09-12 14:53:41,937 [grpc-default-executor-6] INFO  client.GrpcClientProtocolClient (GrpcClientProtocolClient.java:onNext(264)) - client-835E41B928D6->6dd5d97a-7455-476f-86d1-706748154c4a: receive RaftClientReply:client-835E41B928D6->6dd5d97a-7455-476f-86d1-706748154c4a@group-349356213E97, cid=1585, SUCCESS, logIndex=2275, commits[6dd5d97a-7455-476f-86d1-706748154c4a:c2277, 8c1a4ac2-2d71-4742-ab0b-89dcc95eb13f:c2273, c9d0001a-daad-4532-9e58-9f5f4a7ddd18:c2273]
2019-09-12 14:53:41,938 [grpc-default-executor-6] INFO  client.GrpcClientProtocolClient (GrpcClientProtocolClient.java:onNext(264)) - client-835E41B928D6->6dd5d97a-7455-476f-86d1-706748154c4a: receive RaftClientReply:client-835E41B928D6->6dd5d97a-7455-476f-86d1-706748154c4a@group-349356213E97, cid=1586, SUCCESS, logIndex=2276, commits[6dd5d97a-7455-476f-86d1-706748154c4a:c2277, 8c1a4ac2-2d71-4742-ab0b-89dcc95eb13f:c2273, c9d0001a-daad-4532-9e58-9f5f4a7ddd18:c2273]
2019-09-12 14:53:41,938 [grpc-default-executor-6] INFO  client.GrpcClientProtocolClient (GrpcClientProtocolClient.java:onNext(264)) - client-835E41B928D6->6dd5d97a-7455-476f-86d1-706748154c4a: receive RaftClientReply:client-835E41B928D6->6dd5d97a-7455-476f-86d1-706748154c4a@group-349356213E97, cid=1587, SUCCESS, logIndex=2277, commits[6dd5d97a-7455-476f-86d1-706748154c4a:c2277, 8c1a4ac2-2d71-4742-ab0b-89dcc95eb13f:c2273, c9d0001a-daad-4532-9e58-9f5f4a7ddd18:c2273]
2019-09-12 14:53:41,939 [grpc-default-executor-2] INFO  client.GrpcClientProtocolClient (GrpcClientProtocolClient.java:onNext(264)) - client-835E41B928D6->6dd5d97a-7455-476f-86d1-706748154c4a: receive RaftClientReply:client-835E41B928D6->6dd5d97a-7455-476f-86d1-706748154c4a@group-349356213E97, cid=1588, SUCCESS, logIndex=0, commits[6dd5d97a-7455-476f-86d1-706748154c4a:c2279, 8c1a4ac2-2d71-4742-ab0b-89dcc95eb13f:c2275, c9d0001a-daad-4532-9e58-9f5f4a7ddd18:c2275]
2019-09-12 14:53:41,958 [grpc-default-executor-6] INFO  client.GrpcClientProtocolClient (GrpcClientProtocolClient.java:onNext(264)) - client-835E41B928D6->6dd5d97a-7455-476f-86d1-706748154c4a: receive RaftClientReply:client-835E41B928D6->6dd5d97a-7455-476f-86d1-706748154c4a@group-349356213E97, cid=1589, SUCCESS, logIndex=2282, commits[6dd5d97a-7455-476f-86d1-706748154c4a:c2283, 8c1a4ac2-2d71-4742-ab0b-89dcc95eb13f:c2281, c9d0001a-daad-4532-9e58-9f5f4a7ddd18:c2281]
2019-09-12 14:53:41,958 [grpc-default-executor-6] INFO  client.GrpcClientProtocolClient (GrpcClientProtocolClient.java:onNext(264)) - client-835E41B928D6->6dd5d97a-7455-476f-86d1-706748154c4a: receive RaftClientReply:client-835E41B928D6->6dd5d97a-7455-476f-86d1-706748154c4a@group-349356213E97, cid=1590, SUCCESS, logIndex=2283, commits[6dd5d97a-7455-476f-86d1-706748154c4a:c2283, 8c1a4ac2-2d71-4742-ab0b-89dcc95eb13f:c2281, c9d0001a-daad-4532-9e58-9f5f4a7ddd18:c2281]
2019-09-12 14:53:41,970 [grpc-default-executor-6] INFO  client.GrpcClientProtocolClient (GrpcClientProtocolClient.java:onNext(264)) - client-835E41B928D6->6dd5d97a-7455-476f-86d1-706748154c4a: receive RaftClientReply:client-835E41B928D6->6dd5d97a-7455-476f-86d1-706748154c4a@group-349356213E97, cid=1591, SUCCESS, logIndex=2286, commits[6dd5d97a-7455-476f-86d1-706748154c4a:c2287, 8c1a4ac2-2d71-4742-ab0b-89dcc95eb13f:c2283, c9d0001a-daad-4532-9e58-9f5f4a7ddd18:c2285]
2019-09-12 14:53:41,971 [grpc-default-executor-6] INFO  client.GrpcClientProtocolClient (GrpcClientProtocolClient.java:onNext(264)) - client-835E41B928D6->6dd5d97a-7455-476f-86d1-706748154c4a: receive RaftClientReply:client-835E41B928D6->6dd5d97a-7455-476f-86d1-706748154c4a@group-349356213E97, cid=1592, SUCCESS, logIndex=2287, commits[6dd5d97a-7455-476f-86d1-706748154c4a:c2287, 8c1a4ac2-2d71-4742-ab0b-89dcc95eb13f:c2283, c9d0001a-daad-4532-9e58-9f5f4a7ddd18:c2285]
2019-09-12 14:53:41,972 [grpc-default-executor-2] INFO  client.GrpcClientProtocolClient (GrpcClientProtocolClient.java:onNext(264)) - client-835E41B928D6->6dd5d97a-7455-476f-86d1-706748154c4a: receive RaftClientReply:client-835E41B928D6->6dd5d97a-7455-476f-86d1-706748154c4a@group-349356213E97, cid=1593, SUCCESS, logIndex=0, commits[6dd5d97a-7455-476f-86d1-706748154c4a:c2288, 8c1a4ac2-2d71-4742-ab0b-89dcc95eb13f:c2287, c9d0001a-daad-4532-9e58-9f5f4a7ddd18:c2287]
2019-09-12 14:53:42,014 [grpc-default-executor-5] INFO  client.GrpcClientProtocolClient (GrpcClientProtocolClient.java:onNext(264)) - client-835E41B928D6->6dd5d97a-7455-476f-86d1-706748154c4a: receive RaftClientReply:client-835E41B928D6->6dd5d97a-7455-476f-86d1-706748154c4a@group-349356213E97, cid=1594, SUCCESS, logIndex=2290, commits[6dd5d97a-7455-476f-86d1-706748154c4a:c2291, 8c1a4ac2-2d71-4742-ab0b-89dcc95eb13f:c2289, c9d0001a-daad-4532-9e58-9f5f4a7ddd18:c2289]
2019-09-12 14:53:42,014 [grpc-default-executor-2] INFO  client.GrpcClientProtocolClient (GrpcClientProtocolClient.java:onNext(264)) - client-835E41B928D6->6dd5d97a-7455-476f-86d1-706748154c4a: receive RaftClientReply:client-835E41B928D6->6dd5d97a-7455-476f-86d1-706748154c4a@group-349356213E97, cid=1595, SUCCESS, logIndex=2291, commits[6dd5d97a-7455-476f-86d1-706748154c4a:c2292, 8c1a4ac2-2d71-4742-ab0b-89dcc95eb13f:c2289, c9d0001a-daad-4532-9e58-9f5f4a7ddd18:c2289]
2019-09-12 14:53:42,015 [grpc-default-executor-2] INFO  client.GrpcClientProtocolClient (GrpcClientProtocolClient.java:onNext(264)) - client-835E41B928D6->6dd5d97a-7455-476f-86d1-706748154c4a: receive RaftClientReply:client-835E41B928D6->6dd5d97a-7455-476f-86d1-706748154c4a@group-349356213E97, cid=1596, SUCCESS, logIndex=2292, commits[6dd5d97a-7455-476f-86d1-706748154c4a:c2293, 8c1a4ac2-2d71-4742-ab0b-89dcc95eb13f:c2289, c9d0001a-daad-4532-9e58-9f5f4a7ddd18:c2289]
2019-09-12 14:53:42,015 [grpc-default-executor-2] INFO  client.GrpcClientProtocolClient (GrpcClientProtocolClient.java:onNext(264)) - client-835E41B928D6->6dd5d97a-7455-476f-86d1-706748154c4a: receive RaftClientReply:client-835E41B928D6->6dd5d97a-7455-476f-86d1-706748154c4a@group-349356213E97, cid=1597, SUCCESS, logIndex=2293, commits[6dd5d97a-7455-476f-86d1-706748154c4a:c2293, 8c1a4ac2-2d71-4742-ab0b-89dcc95eb13f:c2289, c9d0001a-daad-4532-9e58-9f5f4a7ddd18:c2289]
2019-09-12 14:53:42,017 [grpc-default-executor-5] INFO  client.GrpcClientProtocolClient (GrpcClientProtocolClient.java:onNext(264)) - client-835E41B928D6->6dd5d97a-7455-476f-86d1-706748154c4a: receive RaftClientReply:client-835E41B928D6->6dd5d97a-7455-476f-86d1-706748154c4a@group-349356213E97, cid=1598, SUCCESS, logIndex=0, commits[6dd5d97a-7455-476f-86d1-706748154c4a:c2296, 8c1a4ac2-2d71-4742-ab0b-89dcc95eb13f:c2291, c9d0001a-daad-4532-9e58-9f5f4a7ddd18:c2292]
2019-09-12 14:53:42,034 [grpc-default-executor-6] INFO  client.GrpcClientProtocolClient (GrpcClientProtocolClient.java:onNext(264)) - client-835E41B928D6->6dd5d97a-7455-476f-86d1-706748154c4a: receive RaftClientReply:client-835E41B928D6->6dd5d97a-7455-476f-86d1-706748154c4a@group-349356213E97, cid=1599, SUCCESS, logIndex=2298, commits[6dd5d97a-7455-476f-86d1-706748154c4a:c2299, 8c1a4ac2-2d71-4742-ab0b-89dcc95eb13f:c2297, c9d0001a-daad-4532-9e58-9f5f4a7ddd18:c2297]
2019-09-12 14:53:42,034 [grpc-default-executor-6] INFO  client.GrpcClientProtocolClient (GrpcClientProtocolClient.java:onNext(264)) - client-835E41B928D6->6dd5d97a-7455-476f-86d1-706748154c4a: receive RaftClientReply:client-835E41B928D6->6dd5d97a-7455-476f-86d1-706748154c4a@group-349356213E97, cid=1600, SUCCESS, logIndex=2299, commits[6dd5d97a-7455-476f-86d1-706748154c4a:c2299, 8c1a4ac2-2d71-4742-ab0b-89dcc95eb13f:c2297, c9d0001a-daad-4532-9e58-9f5f4a7ddd18:c2297]
2019-09-12 14:53:42,047 [grpc-default-executor-2] INFO  client.GrpcClientProtocolClient (GrpcClientProtocolClient.java:onNext(264)) - client-835E41B928D6->6dd5d97a-7455-476f-86d1-706748154c4a: receive RaftClientReply:client-835E41B928D6->6dd5d97a-7455-476f-86d1-706748154c4a@group-349356213E97, cid=1601, SUCCESS, logIndex=2302, commits[6dd5d97a-7455-476f-86d1-706748154c4a:c2303, 8c1a4ac2-2d71-4742-ab0b-89dcc95eb13f:c2299, c9d0001a-daad-4532-9e58-9f5f4a7ddd18:c2299]
2019-09-12 14:53:42,048 [grpc-default-executor-2] INFO  client.GrpcClientProtocolClient (GrpcClientProtocolClient.java:onNext(264)) - client-835E41B928D6->6dd5d97a-7455-476f-86d1-706748154c4a: receive RaftClientReply:client-835E41B928D6->6dd5d97a-7455-476f-86d1-706748154c4a@group-349356213E97, cid=1602, SUCCESS, logIndex=2303, commits[6dd5d97a-7455-476f-86d1-706748154c4a:c2303, 8c1a4ac2-2d71-4742-ab0b-89dcc95eb13f:c2299, c9d0001a-daad-4532-9e58-9f5f4a7ddd18:c2299]
2019-09-12 14:53:42,060 [grpc-default-executor-2] INFO  client.GrpcClientProtocolClient (GrpcClientProtocolClient.java:onNext(264)) - client-835E41B928D6->6dd5d97a-7455-476f-86d1-706748154c4a: receive RaftClientReply:client-835E41B928D6->6dd5d97a-7455-476f-86d1-706748154c4a@group-349356213E97, cid=1603, SUCCESS, logIndex=0, commits[6dd5d97a-7455-476f-86d1-706748154c4a:c2305, 8c1a4ac2-2d71-4742-ab0b-89dcc95eb13f:c2303, c9d0001a-daad-4532-9e58-9f5f4a7ddd18:c2303]
2019-09-12 14:53:42,087 [grpc-default-executor-7] INFO  client.GrpcClientProtocolClient (GrpcClientProtocolClient.java:onNext(264)) - client-835E41B928D6->6dd5d97a-7455-476f-86d1-706748154c4a: receive RaftClientReply:client-835E41B928D6->6dd5d97a-7455-476f-86d1-706748154c4a@group-349356213E97, cid=1604, SUCCESS, logIndex=2306, commits[6dd5d97a-7455-476f-86d1-706748154c4a:c2307, 8c1a4ac2-2d71-4742-ab0b-89dcc95eb13f:c2305, c9d0001a-daad-4532-9e58-9f5f4a7ddd18:c2305]
2019-09-12 14:53:42,088 [grpc-default-executor-7] INFO  client.GrpcClientProtocolClient (GrpcClientProtocolClient.java:onNext(264)) - client-835E41B928D6->6dd5d97a-7455-476f-86d1-706748154c4a: receive RaftClientReply:client-835E41B928D6->6dd5d97a-7455-476f-86d1-706748154c4a@group-349356213E97, cid=1605, SUCCESS, logIndex=2307, commits[6dd5d97a-7455-476f-86d1-706748154c4a:c2309, 8c1a4ac2-2d71-4742-ab0b-89dcc95eb13f:c2305, c9d0001a-daad-4532-9e58-9f5f4a7ddd18:c2305]
2019-09-12 14:53:42,088 [grpc-default-executor-7] INFO  client.GrpcClientProtocolClient (GrpcClientProtocolClient.java:onNext(264)) - client-835E41B928D6->6dd5d97a-7455-476f-86d1-706748154c4a: receive RaftClientReply:client-835E41B928D6->6dd5d97a-7455-476f-86d1-706748154c4a@group-349356213E97, cid=1606, SUCCESS, logIndex=2308, commits[6dd5d97a-7455-476f-86d1-706748154c4a:c2309, 8c1a4ac2-2d71-4742-ab0b-89dcc95eb13f:c2305, c9d0001a-daad-4532-9e58-9f5f4a7ddd18:c2305]
2019-09-12 14:53:42,088 [grpc-default-executor-6] INFO  client.GrpcClientProtocolClient (GrpcClientProtocolClient.java:onNext(264)) - client-835E41B928D6->6dd5d97a-7455-476f-86d1-706748154c4a: receive RaftClientReply:client-835E41B928D6->6dd5d97a-7455-476f-86d1-706748154c4a@group-349356213E97, cid=1607, SUCCESS, logIndex=2309, commits[6dd5d97a-7455-476f-86d1-706748154c4a:c2310, 8c1a4ac2-2d71-4742-ab0b-89dcc95eb13f:c2307, c9d0001a-daad-4532-9e58-9f5f4a7ddd18:c2305]
2019-09-12 14:53:42,089 [grpc-default-executor-6] INFO  client.GrpcClientProtocolClient (GrpcClientProtocolClient.java:onNext(264)) - client-835E41B928D6->6dd5d97a-7455-476f-86d1-706748154c4a: receive RaftClientReply:client-835E41B928D6->6dd5d97a-7455-476f-86d1-706748154c4a@group-349356213E97, cid=1608, SUCCESS, logIndex=0, commits[6dd5d97a-7455-476f-86d1-706748154c4a:c2311, 8c1a4ac2-2d71-4742-ab0b-89dcc95eb13f:c2309, c9d0001a-daad-4532-9e58-9f5f4a7ddd18:c2307]
2019-09-12 14:53:42,108 [grpc-default-executor-6] INFO  client.GrpcClientProtocolClient (GrpcClientProtocolClient.java:onNext(264)) - client-835E41B928D6->6dd5d97a-7455-476f-86d1-706748154c4a: receive RaftClientReply:client-835E41B928D6->6dd5d97a-7455-476f-86d1-706748154c4a@group-349356213E97, cid=1609, SUCCESS, logIndex=2313, commits[6dd5d97a-7455-476f-86d1-706748154c4a:c2314, 8c1a4ac2-2d71-4742-ab0b-89dcc95eb13f:c2312, c9d0001a-daad-4532-9e58-9f5f4a7ddd18:c2312]
2019-09-12 14:53:42,108 [grpc-default-executor-6] INFO  client.GrpcClientProtocolClient (GrpcClientProtocolClient.java:onNext(264)) - client-835E41B928D6->6dd5d97a-7455-476f-86d1-706748154c4a: receive RaftClientReply:client-835E41B928D6->6dd5d97a-7455-476f-86d1-706748154c4a@group-349356213E97, cid=1610, SUCCESS, logIndex=2314, commits[6dd5d97a-7455-476f-86d1-706748154c4a:c2314, 8c1a4ac2-2d71-4742-ab0b-89dcc95eb13f:c2312, c9d0001a-daad-4532-9e58-9f5f4a7ddd18:c2312]
2019-09-12 14:53:42,121 [grpc-default-executor-2] INFO  client.GrpcClientProtocolClient (GrpcClientProtocolClient.java:onNext(264)) - client-835E41B928D6->6dd5d97a-7455-476f-86d1-706748154c4a: receive RaftClientReply:client-835E41B928D6->6dd5d97a-7455-476f-86d1-706748154c4a@group-349356213E97, cid=1611, SUCCESS, logIndex=2317, commits[6dd5d97a-7455-476f-86d1-706748154c4a:c2318, 8c1a4ac2-2d71-4742-ab0b-89dcc95eb13f:c2314, c9d0001a-daad-4532-9e58-9f5f4a7ddd18:c2314]
2019-09-12 14:53:42,121 [grpc-default-executor-2] INFO  client.GrpcClientProtocolClient (GrpcClientProtocolClient.java:onNext(264)) - client-835E41B928D6->6dd5d97a-7455-476f-86d1-706748154c4a: receive RaftClientReply:client-835E41B928D6->6dd5d97a-7455-476f-86d1-706748154c4a@group-349356213E97, cid=1612, SUCCESS, logIndex=2318, commits[6dd5d97a-7455-476f-86d1-706748154c4a:c2318, 8c1a4ac2-2d71-4742-ab0b-89dcc95eb13f:c2314, c9d0001a-daad-4532-9e58-9f5f4a7ddd18:c2314]
2019-09-12 14:53:42,133 [grpc-default-executor-2] INFO  client.GrpcClientProtocolClient (GrpcClientProtocolClient.java:onNext(264)) - client-835E41B928D6->6dd5d97a-7455-476f-86d1-706748154c4a: receive RaftClientReply:client-835E41B928D6->6dd5d97a-7455-476f-86d1-706748154c4a@group-349356213E97, cid=1613, SUCCESS, logIndex=0, commits[6dd5d97a-7455-476f-86d1-706748154c4a:c2319, 8c1a4ac2-2d71-4742-ab0b-89dcc95eb13f:c2318, c9d0001a-daad-4532-9e58-9f5f4a7ddd18:c2318]
2019-09-12 14:53:42,158 [grpc-default-executor-7] INFO  client.GrpcClientProtocolClient (GrpcClientProtocolClient.java:onNext(264)) - client-835E41B928D6->6dd5d97a-7455-476f-86d1-706748154c4a: receive RaftClientReply:client-835E41B928D6->6dd5d97a-7455-476f-86d1-706748154c4a@group-349356213E97, cid=1614, SUCCESS, logIndex=2321, commits[6dd5d97a-7455-476f-86d1-706748154c4a:c2322, 8c1a4ac2-2d71-4742-ab0b-89dcc95eb13f:c2320, c9d0001a-daad-4532-9e58-9f5f4a7ddd18:c2320]
2019-09-12 14:53:42,159 [grpc-default-executor-7] INFO  client.GrpcClientProtocolClient (GrpcClientProtocolClient.java:onNext(264)) - client-835E41B928D6->6dd5d97a-7455-476f-86d1-706748154c4a: receive RaftClientReply:client-835E41B928D6->6dd5d97a-7455-476f-86d1-706748154c4a@group-349356213E97, cid=1615, SUCCESS, logIndex=2322, commits[6dd5d97a-7455-476f-86d1-706748154c4a:c2324, 8c1a4ac2-2d71-4742-ab0b-89dcc95eb13f:c2320, c9d0001a-daad-4532-9e58-9f5f4a7ddd18:c2320]
2019-09-12 14:53:42,159 [grpc-default-executor-7] INFO  client.GrpcClientProtocolClient (GrpcClientProtocolClient.java:onNext(264)) - client-835E41B928D6->6dd5d97a-7455-476f-86d1-706748154c4a: receive RaftClientReply:client-835E41B928D6->6dd5d97a-7455-476f-86d1-706748154c4a@group-349356213E97, cid=1616, SUCCESS, logIndex=2323, commits[6dd5d97a-7455-476f-86d1-706748154c4a:c2324, 8c1a4ac2-2d71-4742-ab0b-89dcc95eb13f:c2320, c9d0001a-daad-4532-9e58-9f5f4a7ddd18:c2320]
2019-09-12 14:53:42,160 [grpc-default-executor-7] INFO  client.GrpcClientProtocolClient (GrpcClientProtocolClient.java:onNext(264)) - client-835E41B928D6->6dd5d97a-7455-476f-86d1-706748154c4a: receive RaftClientReply:client-835E41B928D6->6dd5d97a-7455-476f-86d1-706748154c4a@group-349356213E97, cid=1617, SUCCESS, logIndex=2324, commits[6dd5d97a-7455-476f-86d1-706748154c4a:c2324, 8c1a4ac2-2d71-4742-ab0b-89dcc95eb13f:c2320, c9d0001a-daad-4532-9e58-9f5f4a7ddd18:c2320]
2019-09-12 14:53:42,161 [grpc-default-executor-7] INFO  client.GrpcClientProtocolClient (GrpcClientProtocolClient.java:onNext(264)) - client-835E41B928D6->6dd5d97a-7455-476f-86d1-706748154c4a: receive RaftClientReply:client-835E41B928D6->6dd5d97a-7455-476f-86d1-706748154c4a@group-349356213E97, cid=1618, SUCCESS, logIndex=0, commits[6dd5d97a-7455-476f-86d1-706748154c4a:c2326, 8c1a4ac2-2d71-4742-ab0b-89dcc95eb13f:c2322, c9d0001a-daad-4532-9e58-9f5f4a7ddd18:c2322]
2019-09-12 14:53:42,280 [grpc-default-executor-7] INFO  client.GrpcClientProtocolClient (GrpcClientProtocolClient.java:onNext(264)) - client-835E41B928D6->6dd5d97a-7455-476f-86d1-706748154c4a: receive RaftClientReply:client-835E41B928D6->6dd5d97a-7455-476f-86d1-706748154c4a@group-349356213E97, cid=1619, SUCCESS, logIndex=2329, commits[6dd5d97a-7455-476f-86d1-706748154c4a:c2330, 8c1a4ac2-2d71-4742-ab0b-89dcc95eb13f:c2328, c9d0001a-daad-4532-9e58-9f5f4a7ddd18:c2328]
2019-09-12 14:53:42,280 [grpc-default-executor-7] INFO  client.GrpcClientProtocolClient (GrpcClientProtocolClient.java:onNext(264)) - client-835E41B928D6->6dd5d97a-7455-476f-86d1-706748154c4a: receive RaftClientReply:client-835E41B928D6->6dd5d97a-7455-476f-86d1-706748154c4a@group-349356213E97, cid=1620, SUCCESS, logIndex=2330, commits[6dd5d97a-7455-476f-86d1-706748154c4a:c2330, 8c1a4ac2-2d71-4742-ab0b-89dcc95eb13f:c2328, c9d0001a-daad-4532-9e58-9f5f4a7ddd18:c2328]
2019-09-12 14:53:42,293 [grpc-default-executor-6] INFO  client.GrpcClientProtocolClient (GrpcClientProtocolClient.java:onNext(264)) - client-835E41B928D6->6dd5d97a-7455-476f-86d1-706748154c4a: receive RaftClientReply:client-835E41B928D6->6dd5d97a-7455-476f-86d1-706748154c4a@group-349356213E97, cid=1621, SUCCESS, logIndex=2333, commits[6dd5d97a-7455-476f-86d1-706748154c4a:c2334, 8c1a4ac2-2d71-4742-ab0b-89dcc95eb13f:c2330, c9d0001a-daad-4532-9e58-9f5f4a7ddd18:c2329]
2019-09-12 14:53:42,294 [grpc-default-executor-6] INFO  client.GrpcClientProtocolClient (GrpcClientProtocolClient.java:onNext(264)) - client-835E41B928D6->6dd5d97a-7455-476f-86d1-706748154c4a: receive RaftClientReply:client-835E41B928D6->6dd5d97a-7455-476f-86d1-706748154c4a@group-349356213E97, cid=1622, SUCCESS, logIndex=2334, commits[6dd5d97a-7455-476f-86d1-706748154c4a:c2334, 8c1a4ac2-2d71-4742-ab0b-89dcc95eb13f:c2330, c9d0001a-daad-4532-9e58-9f5f4a7ddd18:c2330]
2019-09-12 14:53:42,298 [grpc-default-executor-2] INFO  client.GrpcClientProtocolClient (GrpcClientProtocolClient.java:onNext(264)) - client-835E41B928D6->6dd5d97a-7455-476f-86d1-706748154c4a: receive RaftClientReply:client-835E41B928D6->6dd5d97a-7455-476f-86d1-706748154c4a@group-349356213E97, cid=1623, SUCCESS, logIndex=0, commits[6dd5d97a-7455-476f-86d1-706748154c4a:c2335, 8c1a4ac2-2d71-4742-ab0b-89dcc95eb13f:c2334, c9d0001a-daad-4532-9e58-9f5f4a7ddd18:c2334]
2019-09-12 14:53:42,326 [grpc-default-executor-2] INFO  client.GrpcClientProtocolClient (GrpcClientProtocolClient.java:onNext(264)) - client-835E41B928D6->6dd5d97a-7455-476f-86d1-706748154c4a: receive RaftClientReply:client-835E41B928D6->6dd5d97a-7455-476f-86d1-706748154c4a@group-349356213E97, cid=1624, SUCCESS, logIndex=2337, commits[6dd5d97a-7455-476f-86d1-706748154c4a:c2338, 8c1a4ac2-2d71-4742-ab0b-89dcc95eb13f:c2336, c9d0001a-daad-4532-9e58-9f5f4a7ddd18:c2336]
2019-09-12 14:53:42,326 [grpc-default-executor-7] INFO  client.GrpcClientProtocolClient (GrpcClientProtocolClient.java:onNext(264)) - client-835E41B928D6->6dd5d97a-7455-476f-86d1-706748154c4a: receive RaftClientReply:client-835E41B928D6->6dd5d97a-7455-476f-86d1-706748154c4a@group-349356213E97, cid=1625, SUCCESS, logIndex=2338, commits[6dd5d97a-7455-476f-86d1-706748154c4a:c2338, 8c1a4ac2-2d71-4742-ab0b-89dcc95eb13f:c2336, c9d0001a-daad-4532-9e58-9f5f4a7ddd18:c2336]
2019-09-12 14:53:42,327 [grpc-default-executor-5] INFO  client.GrpcClientProtocolClient (GrpcClientProtocolClient.java:onNext(264)) - client-835E41B928D6->6dd5d97a-7455-476f-86d1-706748154c4a: receive RaftClientReply:client-835E41B928D6->6dd5d97a-7455-476f-86d1-706748154c4a@group-349356213E97, cid=1626, SUCCESS, logIndex=2339, commits[6dd5d97a-7455-476f-86d1-706748154c4a:c2339, 8c1a4ac2-2d71-4742-ab0b-89dcc95eb13f:c2336, c9d0001a-daad-4532-9e58-9f5f4a7ddd18:c2336]
2019-09-12 14:53:42,328 [grpc-default-executor-6] INFO  client.GrpcClientProtocolClient (GrpcClientProtocolClient.java:onNext(264)) - client-835E41B928D6->6dd5d97a-7455-476f-86d1-706748154c4a: receive RaftClientReply:client-835E41B928D6->6dd5d97a-7455-476f-86d1-706748154c4a@group-349356213E97, cid=1627, SUCCESS, logIndex=2340, commits[6dd5d97a-7455-476f-86d1-706748154c4a:c2340, 8c1a4ac2-2d71-4742-ab0b-89dcc95eb13f:c2336, c9d0001a-daad-4532-9e58-9f5f4a7ddd18:c2336]
2019-09-12 14:53:42,329 [grpc-default-executor-6] INFO  client.GrpcClientProtocolClient (GrpcClientProtocolClient.java:onNext(264)) - client-835E41B928D6->6dd5d97a-7455-476f-86d1-706748154c4a: receive RaftClientReply:client-835E41B928D6->6dd5d97a-7455-476f-86d1-706748154c4a@group-349356213E97, cid=1628, SUCCESS, logIndex=0, commits[6dd5d97a-7455-476f-86d1-706748154c4a:c2342, 8c1a4ac2-2d71-4742-ab0b-89dcc95eb13f:c2340, c9d0001a-daad-4532-9e58-9f5f4a7ddd18:c2339]
2019-09-12 14:53:42,349 [grpc-default-executor-5] INFO  client.GrpcClientProtocolClient (GrpcClientProtocolClient.java:onNext(264)) - client-835E41B928D6->6dd5d97a-7455-476f-86d1-706748154c4a: receive RaftClientReply:client-835E41B928D6->6dd5d97a-7455-476f-86d1-706748154c4a@group-349356213E97, cid=1629, SUCCESS, logIndex=2345, commits[6dd5d97a-7455-476f-86d1-706748154c4a:c2346, 8c1a4ac2-2d71-4742-ab0b-89dcc95eb13f:c2344, c9d0001a-daad-4532-9e58-9f5f4a7ddd18:c2344]
2019-09-12 14:53:42,350 [grpc-default-executor-5] INFO  client.GrpcClientProtocolClient (GrpcClientProtocolClient.java:onNext(264)) - client-835E41B928D6->6dd5d97a-7455-476f-86d1-706748154c4a: receive RaftClientReply:client-835E41B928D6->6dd5d97a-7455-476f-86d1-706748154c4a@group-349356213E97, cid=1630, SUCCESS, logIndex=2346, commits[6dd5d97a-7455-476f-86d1-706748154c4a:c2346, 8c1a4ac2-2d71-4742-ab0b-89dcc95eb13f:c2344, c9d0001a-daad-4532-9e58-9f5f4a7ddd18:c2344]
2019-09-12 14:53:42,362 [grpc-default-executor-7] INFO  client.GrpcClientProtocolClient (GrpcClientProtocolClient.java:onNext(264)) - client-835E41B928D6->6dd5d97a-7455-476f-86d1-706748154c4a: receive RaftClientReply:client-835E41B928D6->6dd5d97a-7455-476f-86d1-706748154c4a@group-349356213E97, cid=1631, SUCCESS, logIndex=2349, commits[6dd5d97a-7455-476f-86d1-706748154c4a:c2349, 8c1a4ac2-2d71-4742-ab0b-89dcc95eb13f:c2346, c9d0001a-daad-4532-9e58-9f5f4a7ddd18:c2346]
2019-09-12 14:53:42,363 [grpc-default-executor-7] INFO  client.GrpcClientProtocolClient (GrpcClientProtocolClient.java:onNext(264)) - client-835E41B928D6->6dd5d97a-7455-476f-86d1-706748154c4a: receive RaftClientReply:client-835E41B928D6->6dd5d97a-7455-476f-86d1-706748154c4a@group-349356213E97, cid=1632, SUCCESS, logIndex=2350, commits[6dd5d97a-7455-476f-86d1-706748154c4a:c2350, 8c1a4ac2-2d71-4742-ab0b-89dcc95eb13f:c2346, c9d0001a-daad-4532-9e58-9f5f4a7ddd18:c2346]
2019-09-12 14:53:42,375 [grpc-default-executor-2] INFO  client.GrpcClientProtocolClient (GrpcClientProtocolClient.java:onNext(264)) - client-835E41B928D6->6dd5d97a-7455-476f-86d1-706748154c4a: receive RaftClientReply:client-835E41B928D6->6dd5d97a-7455-476f-86d1-706748154c4a@group-349356213E97, cid=1633, SUCCESS, logIndex=0, commits[6dd5d97a-7455-476f-86d1-706748154c4a:c2352, 8c1a4ac2-2d71-4742-ab0b-89dcc95eb13f:c2350, c9d0001a-daad-4532-9e58-9f5f4a7ddd18:c2350]
2019-09-12 14:53:42,404 [grpc-default-executor-2] INFO  client.GrpcClientProtocolClient (GrpcClientProtocolClient.java:onNext(264)) - client-835E41B928D6->6dd5d97a-7455-476f-86d1-706748154c4a: receive RaftClientReply:client-835E41B928D6->6dd5d97a-7455-476f-86d1-706748154c4a@group-349356213E97, cid=1634, SUCCESS, logIndex=2353, commits[6dd5d97a-7455-476f-86d1-706748154c4a:c2354, 8c1a4ac2-2d71-4742-ab0b-89dcc95eb13f:c2352, c9d0001a-daad-4532-9e58-9f5f4a7ddd18:c2352]
2019-09-12 14:53:42,405 [grpc-default-executor-7] INFO  client.GrpcClientProtocolClient (GrpcClientProtocolClient.java:onNext(264)) - client-835E41B928D6->6dd5d97a-7455-476f-86d1-706748154c4a: receive RaftClientReply:client-835E41B928D6->6dd5d97a-7455-476f-86d1-706748154c4a@group-349356213E97, cid=1635, SUCCESS, logIndex=2354, commits[6dd5d97a-7455-476f-86d1-706748154c4a:c2354, 8c1a4ac2-2d71-4742-ab0b-89dcc95eb13f:c2352, c9d0001a-daad-4532-9e58-9f5f4a7ddd18:c2352]
2019-09-12 14:53:42,405 [grpc-default-executor-7] INFO  client.GrpcClientProtocolClient (GrpcClientProtocolClient.java:onNext(264)) - client-835E41B928D6->6dd5d97a-7455-476f-86d1-706748154c4a: receive RaftClientReply:client-835E41B928D6->6dd5d97a-7455-476f-86d1-706748154c4a@group-349356213E97, cid=1636, SUCCESS, logIndex=2355, commits[6dd5d97a-7455-476f-86d1-706748154c4a:c2356, 8c1a4ac2-2d71-4742-ab0b-89dcc95eb13f:c2352, c9d0001a-daad-4532-9e58-9f5f4a7ddd18:c2352]
2019-09-12 14:53:42,406 [grpc-default-executor-7] INFO  client.GrpcClientProtocolClient (GrpcClientProtocolClient.java:onNext(264)) - client-835E41B928D6->6dd5d97a-7455-476f-86d1-706748154c4a: receive RaftClientReply:client-835E41B928D6->6dd5d97a-7455-476f-86d1-706748154c4a@group-349356213E97, cid=1637, SUCCESS, logIndex=2356, commits[6dd5d97a-7455-476f-86d1-706748154c4a:c2356, 8c1a4ac2-2d71-4742-ab0b-89dcc95eb13f:c2352, c9d0001a-daad-4532-9e58-9f5f4a7ddd18:c2352]
2019-09-12 14:53:42,407 [grpc-default-executor-6] INFO  client.GrpcClientProtocolClient (GrpcClientProtocolClient.java:onNext(264)) - client-835E41B928D6->6dd5d97a-7455-476f-86d1-706748154c4a: receive RaftClientReply:client-835E41B928D6->6dd5d97a-7455-476f-86d1-706748154c4a@group-349356213E97, cid=1638, SUCCESS, logIndex=0, commits[6dd5d97a-7455-476f-86d1-706748154c4a:c2358, 8c1a4ac2-2d71-4742-ab0b-89dcc95eb13f:c2354, c9d0001a-daad-4532-9e58-9f5f4a7ddd18:c2354]
 0.00% |█                                                                                                    |  0/1 Time: 0:00:102019-09-12 14:53:42,427 [grpc-default-executor-7] INFO  client.GrpcClientProtocolClient (GrpcClientProtocolClient.java:onNext(264)) - client-835E41B928D6->6dd5d97a-7455-476f-86d1-706748154c4a: receive RaftClientReply:client-835E41B928D6->6dd5d97a-7455-476f-86d1-706748154c4a@group-349356213E97, cid=1639, SUCCESS, logIndex=2361, commits[6dd5d97a-7455-476f-86d1-706748154c4a:c2362, 8c1a4ac2-2d71-4742-ab0b-89dcc95eb13f:c2360, c9d0001a-daad-4532-9e58-9f5f4a7ddd18:c2360]
2019-09-12 14:53:42,428 [grpc-default-executor-7] INFO  client.GrpcClientProtocolClient (GrpcClientProtocolClient.java:onNext(264)) - client-835E41B928D6->6dd5d97a-7455-476f-86d1-706748154c4a: receive RaftClientReply:client-835E41B928D6->6dd5d97a-7455-476f-86d1-706748154c4a@group-349356213E97, cid=1640, SUCCESS, logIndex=2362, commits[6dd5d97a-7455-476f-86d1-706748154c4a:c2362, 8c1a4ac2-2d71-4742-ab0b-89dcc95eb13f:c2360, c9d0001a-daad-4532-9e58-9f5f4a7ddd18:c2360]
2019-09-12 14:53:42,445 [grpc-default-executor-6] INFO  client.GrpcClientProtocolClient (GrpcClientProtocolClient.java:onNext(264)) - client-835E41B928D6->6dd5d97a-7455-476f-86d1-706748154c4a: receive RaftClientReply:client-835E41B928D6->6dd5d97a-7455-476f-86d1-706748154c4a@group-349356213E97, cid=1641, SUCCESS, logIndex=2365, commits[6dd5d97a-7455-476f-86d1-706748154c4a:c2366, 8c1a4ac2-2d71-4742-ab0b-89dcc95eb13f:c2362, c9d0001a-daad-4532-9e58-9f5f4a7ddd18:c2362]
2019-09-12 14:53:42,445 [grpc-default-executor-6] INFO  client.GrpcClientProtocolClient (GrpcClientProtocolClient.java:onNext(264)) - client-835E41B928D6->6dd5d97a-7455-476f-86d1-706748154c4a: receive RaftClientReply:client-835E41B928D6->6dd5d97a-7455-476f-86d1-706748154c4a@group-349356213E97, cid=1642, SUCCESS, logIndex=2366, commits[6dd5d97a-7455-476f-86d1-706748154c4a:c2366, 8c1a4ac2-2d71-4742-ab0b-89dcc95eb13f:c2362, c9d0001a-daad-4532-9e58-9f5f4a7ddd18:c2362]
2019-09-12 14:53:42,458 [grpc-default-executor-7] INFO  client.GrpcClientProtocolClient (GrpcClientProtocolClient.java:onNext(264)) - client-835E41B928D6->6dd5d97a-7455-476f-86d1-706748154c4a: receive RaftClientReply:client-835E41B928D6->6dd5d97a-7455-476f-86d1-706748154c4a@group-349356213E97, cid=1643, SUCCESS, logIndex=0, commits[6dd5d97a-7455-476f-86d1-706748154c4a:c2368, 8c1a4ac2-2d71-4742-ab0b-89dcc95eb13f:c2366, c9d0001a-daad-4532-9e58-9f5f4a7ddd18:c2366]
2019-09-12 14:53:42,488 [grpc-default-executor-5] INFO  client.GrpcClientProtocolClient (GrpcClientProtocolClient.java:onNext(264)) - client-835E41B928D6->6dd5d97a-7455-476f-86d1-706748154c4a: receive RaftClientReply:client-835E41B928D6->6dd5d97a-7455-476f-86d1-706748154c4a@group-349356213E97, cid=1644, SUCCESS, logIndex=2369, commits[6dd5d97a-7455-476f-86d1-706748154c4a:c2370, 8c1a4ac2-2d71-4742-ab0b-89dcc95eb13f:c2368, c9d0001a-daad-4532-9e58-9f5f4a7ddd18:c2368]
2019-09-12 14:53:42,489 [grpc-default-executor-5] INFO  client.GrpcClientProtocolClient (GrpcClientProtocolClient.java:onNext(264)) - client-835E41B928D6->6dd5d97a-7455-476f-86d1-706748154c4a: receive RaftClientReply:client-835E41B928D6->6dd5d97a-7455-476f-86d1-706748154c4a@group-349356213E97, cid=1645, SUCCESS, logIndex=2370, commits[6dd5d97a-7455-476f-86d1-706748154c4a:c2370, 8c1a4ac2-2d71-4742-ab0b-89dcc95eb13f:c2368, c9d0001a-daad-4532-9e58-9f5f4a7ddd18:c2368]
2019-09-12 14:53:42,489 [grpc-default-executor-5] INFO  client.GrpcClientProtocolClient (GrpcClientProtocolClient.java:onNext(264)) - client-835E41B928D6->6dd5d97a-7455-476f-86d1-706748154c4a: receive RaftClientReply:client-835E41B928D6->6dd5d97a-7455-476f-86d1-706748154c4a@group-349356213E97, cid=1646, SUCCESS, logIndex=2371, commits[6dd5d97a-7455-476f-86d1-706748154c4a:c2372, 8c1a4ac2-2d71-4742-ab0b-89dcc95eb13f:c2368, c9d0001a-daad-4532-9e58-9f5f4a7ddd18:c2368]
2019-09-12 14:53:42,490 [grpc-default-executor-7] INFO  client.GrpcClientProtocolClient (GrpcClientProtocolClient.java:onNext(264)) - client-835E41B928D6->6dd5d97a-7455-476f-86d1-706748154c4a: receive RaftClientReply:client-835E41B928D6->6dd5d97a-7455-476f-86d1-706748154c4a@group-349356213E97, cid=1647, SUCCESS, logIndex=2372, commits[6dd5d97a-7455-476f-86d1-706748154c4a:c2372, 8c1a4ac2-2d71-4742-ab0b-89dcc95eb13f:c2368, c9d0001a-daad-4532-9e58-9f5f4a7ddd18:c2368]
2019-09-12 14:53:42,490 [grpc-default-executor-7] INFO  client.GrpcClientProtocolClient (GrpcClientProtocolClient.java:onNext(264)) - client-835E41B928D6->6dd5d97a-7455-476f-86d1-706748154c4a: receive RaftClientReply:client-835E41B928D6->6dd5d97a-7455-476f-86d1-706748154c4a@group-349356213E97, cid=1648, SUCCESS, logIndex=0, commits[6dd5d97a-7455-476f-86d1-706748154c4a:c2374, 8c1a4ac2-2d71-4742-ab0b-89dcc95eb13f:c2370, c9d0001a-daad-4532-9e58-9f5f4a7ddd18:c2370]
2019-09-12 14:53:42,510 [grpc-default-executor-6] INFO  client.GrpcClientProtocolClient (GrpcClientProtocolClient.java:onNext(264)) - client-835E41B928D6->6dd5d97a-7455-476f-86d1-706748154c4a: receive RaftClientReply:client-835E41B928D6->6dd5d97a-7455-476f-86d1-706748154c4a@group-349356213E97, cid=1649, SUCCESS, logIndex=2377, commits[6dd5d97a-7455-476f-86d1-706748154c4a:c2378, 8c1a4ac2-2d71-4742-ab0b-89dcc95eb13f:c2376, c9d0001a-daad-4532-9e58-9f5f4a7ddd18:c2376]
2019-09-12 14:53:42,511 [grpc-default-executor-6] INFO  client.GrpcClientProtocolClient (GrpcClientProtocolClient.java:onNext(264)) - client-835E41B928D6->6dd5d97a-7455-476f-86d1-706748154c4a: receive RaftClientReply:client-835E41B928D6->6dd5d97a-7455-476f-86d1-706748154c4a@group-349356213E97, cid=1650, SUCCESS, logIndex=2378, commits[6dd5d97a-7455-476f-86d1-706748154c4a:c2378, 8c1a4ac2-2d71-4742-ab0b-89dcc95eb13f:c2376, c9d0001a-daad-4532-9e58-9f5f4a7ddd18:c2376]
2019-09-12 14:53:42,523 [grpc-default-executor-5] INFO  client.GrpcClientProtocolClient (GrpcClientProtocolClient.java:onNext(264)) - client-835E41B928D6->6dd5d97a-7455-476f-86d1-706748154c4a: receive RaftClientReply:client-835E41B928D6->6dd5d97a-7455-476f-86d1-706748154c4a@group-349356213E97, cid=1651, SUCCESS, logIndex=2381, commits[6dd5d97a-7455-476f-86d1-706748154c4a:c2381, 8c1a4ac2-2d71-4742-ab0b-89dcc95eb13f:c2378, c9d0001a-daad-4532-9e58-9f5f4a7ddd18:c2378]
2019-09-12 14:53:42,524 [grpc-default-executor-5] INFO  client.GrpcClientProtocolClient (GrpcClientProtocolClient.java:onNext(264)) - client-835E41B928D6->6dd5d97a-7455-476f-86d1-706748154c4a: receive RaftClientReply:client-835E41B928D6->6dd5d97a-7455-476f-86d1-706748154c4a@group-349356213E97, cid=1652, SUCCESS, logIndex=2382, commits[6dd5d97a-7455-476f-86d1-706748154c4a:c2382, 8c1a4ac2-2d71-4742-ab0b-89dcc95eb13f:c2378, c9d0001a-daad-4532-9e58-9f5f4a7ddd18:c2378]
2019-09-12 14:53:42,545 [grpc-default-executor-7] INFO  client.GrpcClientProtocolClient (GrpcClientProtocolClient.java:onNext(264)) - client-835E41B928D6->6dd5d97a-7455-476f-86d1-706748154c4a: receive RaftClientReply:client-835E41B928D6->6dd5d97a-7455-476f-86d1-706748154c4a@group-349356213E97, cid=1653, SUCCESS, logIndex=0, commits[6dd5d97a-7455-476f-86d1-706748154c4a:c2383, 8c1a4ac2-2d71-4742-ab0b-89dcc95eb13f:c2382, c9d0001a-daad-4532-9e58-9f5f4a7ddd18:c2382]
2019-09-12 14:53:42,572 [grpc-default-executor-7] INFO  client.GrpcClientProtocolClient (GrpcClientProtocolClient.java:onNext(264)) - client-835E41B928D6->6dd5d97a-7455-476f-86d1-706748154c4a: receive RaftClientReply:client-835E41B928D6->6dd5d97a-7455-476f-86d1-706748154c4a@group-349356213E97, cid=1654, SUCCESS, logIndex=2385, commits[6dd5d97a-7455-476f-86d1-706748154c4a:c2386, 8c1a4ac2-2d71-4742-ab0b-89dcc95eb13f:c2384, c9d0001a-daad-4532-9e58-9f5f4a7ddd18:c2384]
2019-09-12 14:53:42,573 [grpc-default-executor-5] INFO  client.GrpcClientProtocolClient (GrpcClientProtocolClient.java:onNext(264)) - client-835E41B928D6->6dd5d97a-7455-476f-86d1-706748154c4a: receive RaftClientReply:client-835E41B928D6->6dd5d97a-7455-476f-86d1-706748154c4a@group-349356213E97, cid=1655, SUCCESS, logIndex=2386, commits[6dd5d97a-7455-476f-86d1-706748154c4a:c2386, 8c1a4ac2-2d71-4742-ab0b-89dcc95eb13f:c2384, c9d0001a-daad-4532-9e58-9f5f4a7ddd18:c2384]
2019-09-12 14:53:42,574 [grpc-default-executor-7] INFO  client.GrpcClientProtocolClient (GrpcClientProtocolClient.java:onNext(264)) - client-835E41B928D6->6dd5d97a-7455-476f-86d1-706748154c4a: receive RaftClientReply:client-835E41B928D6->6dd5d97a-7455-476f-86d1-706748154c4a@group-349356213E97, cid=1656, SUCCESS, logIndex=2387, commits[6dd5d97a-7455-476f-86d1-706748154c4a:c2388, 8c1a4ac2-2d71-4742-ab0b-89dcc95eb13f:c2384, c9d0001a-daad-4532-9e58-9f5f4a7ddd18:c2384]
2019-09-12 14:53:42,574 [grpc-default-executor-7] INFO  client.GrpcClientProtocolClient (GrpcClientProtocolClient.java:onNext(264)) - client-835E41B928D6->6dd5d97a-7455-476f-86d1-706748154c4a: receive RaftClientReply:client-835E41B928D6->6dd5d97a-7455-476f-86d1-706748154c4a@group-349356213E97, cid=1657, SUCCESS, logIndex=2388, commits[6dd5d97a-7455-476f-86d1-706748154c4a:c2388, 8c1a4ac2-2d71-4742-ab0b-89dcc95eb13f:c2384, c9d0001a-daad-4532-9e58-9f5f4a7ddd18:c2384]
2019-09-12 14:53:42,578 [grpc-default-executor-5] INFO  client.GrpcClientProtocolClient (GrpcClientProtocolClient.java:onNext(264)) - client-835E41B928D6->6dd5d97a-7455-476f-86d1-706748154c4a: receive RaftClientReply:client-835E41B928D6->6dd5d97a-7455-476f-86d1-706748154c4a@group-349356213E97, cid=1658, SUCCESS, logIndex=0, commits[6dd5d97a-7455-476f-86d1-706748154c4a:c2390, 8c1a4ac2-2d71-4742-ab0b-89dcc95eb13f:c2386, c9d0001a-daad-4532-9e58-9f5f4a7ddd18:c2386]
2019-09-12 14:53:42,597 [grpc-default-executor-7] INFO  client.GrpcClientProtocolClient (GrpcClientProtocolClient.java:onNext(264)) - client-835E41B928D6->6dd5d97a-7455-476f-86d1-706748154c4a: receive RaftClientReply:client-835E41B928D6->6dd5d97a-7455-476f-86d1-706748154c4a@group-349356213E97, cid=1659, SUCCESS, logIndex=2393, commits[6dd5d97a-7455-476f-86d1-706748154c4a:c2394, 8c1a4ac2-2d71-4742-ab0b-89dcc95eb13f:c2392, c9d0001a-daad-4532-9e58-9f5f4a7ddd18:c2392]
2019-09-12 14:53:42,598 [grpc-default-executor-7] INFO  client.GrpcClientProtocolClient (GrpcClientProtocolClient.java:onNext(264)) - client-835E41B928D6->6dd5d97a-7455-476f-86d1-706748154c4a: receive RaftClientReply:client-835E41B928D6->6dd5d97a-7455-476f-86d1-706748154c4a@group-349356213E97, cid=1660, SUCCESS, logIndex=2394, commits[6dd5d97a-7455-476f-86d1-706748154c4a:c2394, 8c1a4ac2-2d71-4742-ab0b-89dcc95eb13f:c2392, c9d0001a-daad-4532-9e58-9f5f4a7ddd18:c2392]
2019-09-12 14:53:42,610 [grpc-default-executor-6] INFO  client.GrpcClientProtocolClient (GrpcClientProtocolClient.java:onNext(264)) - client-835E41B928D6->6dd5d97a-7455-476f-86d1-706748154c4a: receive RaftClientReply:client-835E41B928D6->6dd5d97a-7455-476f-86d1-706748154c4a@group-349356213E97, cid=1661, SUCCESS, logIndex=2397, commits[6dd5d97a-7455-476f-86d1-706748154c4a:c2398, 8c1a4ac2-2d71-4742-ab0b-89dcc95eb13f:c2394, c9d0001a-daad-4532-9e58-9f5f4a7ddd18:c2394]
2019-09-12 14:53:42,611 [grpc-default-executor-6] INFO  client.GrpcClientProtocolClient (GrpcClientProtocolClient.java:onNext(264)) - client-835E41B928D6->6dd5d97a-7455-476f-86d1-706748154c4a: receive RaftClientReply:client-835E41B928D6->6dd5d97a-7455-476f-86d1-706748154c4a@group-349356213E97, cid=1662, SUCCESS, logIndex=2398, commits[6dd5d97a-7455-476f-86d1-706748154c4a:c2398, 8c1a4ac2-2d71-4742-ab0b-89dcc95eb13f:c2394, c9d0001a-daad-4532-9e58-9f5f4a7ddd18:c2394]
2019-09-12 14:53:42,623 [grpc-default-executor-6] INFO  client.GrpcClientProtocolClient (GrpcClientProtocolClient.java:onNext(264)) - client-835E41B928D6->6dd5d97a-7455-476f-86d1-706748154c4a: receive RaftClientReply:client-835E41B928D6->6dd5d97a-7455-476f-86d1-706748154c4a@group-349356213E97, cid=1663, SUCCESS, logIndex=0, commits[6dd5d97a-7455-476f-86d1-706748154c4a:c2399, 8c1a4ac2-2d71-4742-ab0b-89dcc95eb13f:c2398, c9d0001a-daad-4532-9e58-9f5f4a7ddd18:c2398]
2019-09-12 14:53:42,650 [grpc-default-executor-7] INFO  client.GrpcClientProtocolClient (GrpcClientProtocolClient.java:onNext(264)) - client-835E41B928D6->6dd5d97a-7455-476f-86d1-706748154c4a: receive RaftClientReply:client-835E41B928D6->6dd5d97a-7455-476f-86d1-706748154c4a@group-349356213E97, cid=1664, SUCCESS, logIndex=2401, commits[6dd5d97a-7455-476f-86d1-706748154c4a:c2402, 8c1a4ac2-2d71-4742-ab0b-89dcc95eb13f:c2400, c9d0001a-daad-4532-9e58-9f5f4a7ddd18:c2400]
2019-09-12 14:53:42,650 [grpc-default-executor-7] INFO  client.GrpcClientProtocolClient (GrpcClientProtocolClient.java:onNext(264)) - client-835E41B928D6->6dd5d97a-7455-476f-86d1-706748154c4a: receive RaftClientReply:client-835E41B928D6->6dd5d97a-7455-476f-86d1-706748154c4a@group-349356213E97, cid=1665, SUCCESS, logIndex=2402, commits[6dd5d97a-7455-476f-86d1-706748154c4a:c2402, 8c1a4ac2-2d71-4742-ab0b-89dcc95eb13f:c2400, c9d0001a-daad-4532-9e58-9f5f4a7ddd18:c2400]
2019-09-12 14:53:42,651 [grpc-default-executor-7] INFO  client.GrpcClientProtocolClient (GrpcClientProtocolClient.java:onNext(264)) - client-835E41B928D6->6dd5d97a-7455-476f-86d1-706748154c4a: receive RaftClientReply:client-835E41B928D6->6dd5d97a-7455-476f-86d1-706748154c4a@group-349356213E97, cid=1666, SUCCESS, logIndex=2403, commits[6dd5d97a-7455-476f-86d1-706748154c4a:c2404, 8c1a4ac2-2d71-4742-ab0b-89dcc95eb13f:c2400, c9d0001a-daad-4532-9e58-9f5f4a7ddd18:c2400]
2019-09-12 14:53:42,651 [grpc-default-executor-7] INFO  client.GrpcClientProtocolClient (GrpcClientProtocolClient.java:onNext(264)) - client-835E41B928D6->6dd5d97a-7455-476f-86d1-706748154c4a: receive RaftClientReply:client-835E41B928D6->6dd5d97a-7455-476f-86d1-706748154c4a@group-349356213E97, cid=1667, SUCCESS, logIndex=2404, commits[6dd5d97a-7455-476f-86d1-706748154c4a:c2404, 8c1a4ac2-2d71-4742-ab0b-89dcc95eb13f:c2400, c9d0001a-daad-4532-9e58-9f5f4a7ddd18:c2400]
2019-09-12 14:53:42,653 [grpc-default-executor-7] INFO  client.GrpcClientProtocolClient (GrpcClientProtocolClient.java:onNext(264)) - client-835E41B928D6->6dd5d97a-7455-476f-86d1-706748154c4a: receive RaftClientReply:client-835E41B928D6->6dd5d97a-7455-476f-86d1-706748154c4a@group-349356213E97, cid=1668, SUCCESS, logIndex=0, commits[6dd5d97a-7455-476f-86d1-706748154c4a:c2406, 8c1a4ac2-2d71-4742-ab0b-89dcc95eb13f:c2402, c9d0001a-daad-4532-9e58-9f5f4a7ddd18:c2402]
2019-09-12 14:53:42,672 [grpc-default-executor-6] INFO  client.GrpcClientProtocolClient (GrpcClientProtocolClient.java:onNext(264)) - client-835E41B928D6->6dd5d97a-7455-476f-86d1-706748154c4a: receive RaftClientReply:client-835E41B928D6->6dd5d97a-7455-476f-86d1-706748154c4a@group-349356213E97, cid=1669, SUCCESS, logIndex=2409, commits[6dd5d97a-7455-476f-86d1-706748154c4a:c2410, 8c1a4ac2-2d71-4742-ab0b-89dcc95eb13f:c2408, c9d0001a-daad-4532-9e58-9f5f4a7ddd18:c2408]
2019-09-12 14:53:42,672 [grpc-default-executor-6] INFO  client.GrpcClientProtocolClient (GrpcClientProtocolClient.java:onNext(264)) - client-835E41B928D6->6dd5d97a-7455-476f-86d1-706748154c4a: receive RaftClientReply:client-835E41B928D6->6dd5d97a-7455-476f-86d1-706748154c4a@group-349356213E97, cid=1670, SUCCESS, logIndex=2410, commits[6dd5d97a-7455-476f-86d1-706748154c4a:c2410, 8c1a4ac2-2d71-4742-ab0b-89dcc95eb13f:c2408, c9d0001a-daad-4532-9e58-9f5f4a7ddd18:c2408]
2019-09-12 14:53:42,685 [grpc-default-executor-5] INFO  client.GrpcClientProtocolClient (GrpcClientProtocolClient.java:onNext(264)) - client-835E41B928D6->6dd5d97a-7455-476f-86d1-706748154c4a: receive RaftClientReply:client-835E41B928D6->6dd5d97a-7455-476f-86d1-706748154c4a@group-349356213E97, cid=1671, SUCCESS, logIndex=2413, commits[6dd5d97a-7455-476f-86d1-706748154c4a:c2414, 8c1a4ac2-2d71-4742-ab0b-89dcc95eb13f:c2410, c9d0001a-daad-4532-9e58-9f5f4a7ddd18:c2410]
2019-09-12 14:53:42,686 [grpc-default-executor-5] INFO  client.GrpcClientProtocolClient (GrpcClientProtocolClient.java:onNext(264)) - client-835E41B928D6->6dd5d97a-7455-476f-86d1-706748154c4a: receive RaftClientReply:client-835E41B928D6->6dd5d97a-7455-476f-86d1-706748154c4a@group-349356213E97, cid=1672, SUCCESS, logIndex=2414, commits[6dd5d97a-7455-476f-86d1-706748154c4a:c2414, 8c1a4ac2-2d71-4742-ab0b-89dcc95eb13f:c2410, c9d0001a-daad-4532-9e58-9f5f4a7ddd18:c2410]
2019-09-12 14:53:42,699 [grpc-default-executor-5] INFO  client.GrpcClientProtocolClient (GrpcClientProtocolClient.java:onNext(264)) - client-835E41B928D6->6dd5d97a-7455-476f-86d1-706748154c4a: receive RaftClientReply:client-835E41B928D6->6dd5d97a-7455-476f-86d1-706748154c4a@group-349356213E97, cid=1673, SUCCESS, logIndex=0, commits[6dd5d97a-7455-476f-86d1-706748154c4a:c2415, 8c1a4ac2-2d71-4742-ab0b-89dcc95eb13f:c2414, c9d0001a-daad-4532-9e58-9f5f4a7ddd18:c2414]
2019-09-12 14:53:42,728 [grpc-default-executor-6] INFO  client.GrpcClientProtocolClient (GrpcClientProtocolClient.java:onNext(264)) - client-835E41B928D6->6dd5d97a-7455-476f-86d1-706748154c4a: receive RaftClientReply:client-835E41B928D6->6dd5d97a-7455-476f-86d1-706748154c4a@group-349356213E97, cid=1674, SUCCESS, logIndex=2417, commits[6dd5d97a-7455-476f-86d1-706748154c4a:c2418, 8c1a4ac2-2d71-4742-ab0b-89dcc95eb13f:c2416, c9d0001a-daad-4532-9e58-9f5f4a7ddd18:c2416]
2019-09-12 14:53:42,729 [grpc-default-executor-6] INFO  client.GrpcClientProtocolClient (GrpcClientProtocolClient.java:onNext(264)) - client-835E41B928D6->6dd5d97a-7455-476f-86d1-706748154c4a: receive RaftClientReply:client-835E41B928D6->6dd5d97a-7455-476f-86d1-706748154c4a@group-349356213E97, cid=1675, SUCCESS, logIndex=2418, commits[6dd5d97a-7455-476f-86d1-706748154c4a:c2420, 8c1a4ac2-2d71-4742-ab0b-89dcc95eb13f:c2416, c9d0001a-daad-4532-9e58-9f5f4a7ddd18:c2416]
2019-09-12 14:53:42,729 [grpc-default-executor-6] INFO  client.GrpcClientProtocolClient (GrpcClientProtocolClient.java:onNext(264)) - client-835E41B928D6->6dd5d97a-7455-476f-86d1-706748154c4a: receive RaftClientReply:client-835E41B928D6->6dd5d97a-7455-476f-86d1-706748154c4a@group-349356213E97, cid=1676, SUCCESS, logIndex=2419, commits[6dd5d97a-7455-476f-86d1-706748154c4a:c2420, 8c1a4ac2-2d71-4742-ab0b-89dcc95eb13f:c2416, c9d0001a-daad-4532-9e58-9f5f4a7ddd18:c2416]
2019-09-12 14:53:42,729 [grpc-default-executor-6] INFO  client.GrpcClientProtocolClient (GrpcClientProtocolClient.java:onNext(264)) - client-835E41B928D6->6dd5d97a-7455-476f-86d1-706748154c4a: receive RaftClientReply:client-835E41B928D6->6dd5d97a-7455-476f-86d1-706748154c4a@group-349356213E97, cid=1677, SUCCESS, logIndex=2420, commits[6dd5d97a-7455-476f-86d1-706748154c4a:c2420, 8c1a4ac2-2d71-4742-ab0b-89dcc95eb13f:c2416, c9d0001a-daad-4532-9e58-9f5f4a7ddd18:c2416]
2019-09-12 14:53:42,742 [grpc-default-executor-6] INFO  client.GrpcClientProtocolClient (GrpcClientProtocolClient.java:onNext(264)) - client-835E41B928D6->6dd5d97a-7455-476f-86d1-706748154c4a: receive RaftClientReply:client-835E41B928D6->6dd5d97a-7455-476f-86d1-706748154c4a@group-349356213E97, cid=1678, SUCCESS, logIndex=0, commits[6dd5d97a-7455-476f-86d1-706748154c4a:c2421, 8c1a4ac2-2d71-4742-ab0b-89dcc95eb13f:c2418, c9d0001a-daad-4532-9e58-9f5f4a7ddd18:c2418]
2019-09-12 14:53:42,760 [grpc-default-executor-6] INFO  client.GrpcClientProtocolClient (GrpcClientProtocolClient.java:onNext(264)) - client-835E41B928D6->6dd5d97a-7455-476f-86d1-706748154c4a: receive RaftClientReply:client-835E41B928D6->6dd5d97a-7455-476f-86d1-706748154c4a@group-349356213E97, cid=1679, SUCCESS, logIndex=2425, commits[6dd5d97a-7455-476f-86d1-706748154c4a:c2426, 8c1a4ac2-2d71-4742-ab0b-89dcc95eb13f:c2424, c9d0001a-daad-4532-9e58-9f5f4a7ddd18:c2424]
2019-09-12 14:53:42,760 [grpc-default-executor-6] INFO  client.GrpcClientProtocolClient (GrpcClientProtocolClient.java:onNext(264)) - client-835E41B928D6->6dd5d97a-7455-476f-86d1-706748154c4a: receive RaftClientReply:client-835E41B928D6->6dd5d97a-7455-476f-86d1-706748154c4a@group-349356213E97, cid=1680, SUCCESS, logIndex=2426, commits[6dd5d97a-7455-476f-86d1-706748154c4a:c2426, 8c1a4ac2-2d71-4742-ab0b-89dcc95eb13f:c2424, c9d0001a-daad-4532-9e58-9f5f4a7ddd18:c2424]
2019-09-12 14:53:42,771 [grpc-default-executor-6] INFO  client.GrpcClientProtocolClient (GrpcClientProtocolClient.java:onNext(264)) - client-835E41B928D6->6dd5d97a-7455-476f-86d1-706748154c4a: receive RaftClientReply:client-835E41B928D6->6dd5d97a-7455-476f-86d1-706748154c4a@group-349356213E97, cid=1681, SUCCESS, logIndex=2429, commits[6dd5d97a-7455-476f-86d1-706748154c4a:c2430, 8c1a4ac2-2d71-4742-ab0b-89dcc95eb13f:c2428, c9d0001a-daad-4532-9e58-9f5f4a7ddd18:c2426]
2019-09-12 14:53:42,772 [grpc-default-executor-6] INFO  client.GrpcClientProtocolClient (GrpcClientProtocolClient.java:onNext(264)) - client-835E41B928D6->6dd5d97a-7455-476f-86d1-706748154c4a: receive RaftClientReply:client-835E41B928D6->6dd5d97a-7455-476f-86d1-706748154c4a@group-349356213E97, cid=1682, SUCCESS, logIndex=2430, commits[6dd5d97a-7455-476f-86d1-706748154c4a:c2430, 8c1a4ac2-2d71-4742-ab0b-89dcc95eb13f:c2428, c9d0001a-daad-4532-9e58-9f5f4a7ddd18:c2428]
2019-09-12 14:53:42,772 [grpc-default-executor-6] INFO  client.GrpcClientProtocolClient (GrpcClientProtocolClient.java:onNext(264)) - client-835E41B928D6->6dd5d97a-7455-476f-86d1-706748154c4a: receive RaftClientReply:client-835E41B928D6->6dd5d97a-7455-476f-86d1-706748154c4a@group-349356213E97, cid=1683, SUCCESS, logIndex=0, commits[6dd5d97a-7455-476f-86d1-706748154c4a:c2431, 8c1a4ac2-2d71-4742-ab0b-89dcc95eb13f:c2430, c9d0001a-daad-4532-9e58-9f5f4a7ddd18:c2430]
2019-09-12 14:53:42,803 [grpc-default-executor-7] INFO  client.GrpcClientProtocolClient (GrpcClientProtocolClient.java:onNext(264)) - client-835E41B928D6->6dd5d97a-7455-476f-86d1-706748154c4a: receive RaftClientReply:client-835E41B928D6->6dd5d97a-7455-476f-86d1-706748154c4a@group-349356213E97, cid=1684, SUCCESS, logIndex=2433, commits[6dd5d97a-7455-476f-86d1-706748154c4a:c2434, 8c1a4ac2-2d71-4742-ab0b-89dcc95eb13f:c2432, c9d0001a-daad-4532-9e58-9f5f4a7ddd18:c2432]
2019-09-12 14:53:42,902 [grpc-default-executor-5] INFO  client.GrpcClientProtocolClient (GrpcClientProtocolClient.java:onNext(264)) - client-835E41B928D6->6dd5d97a-7455-476f-86d1-706748154c4a: receive RaftClientReply:client-835E41B928D6->6dd5d97a-7455-476f-86d1-706748154c4a@group-349356213E97, cid=1685, SUCCESS, logIndex=2434, commits[6dd5d97a-7455-476f-86d1-706748154c4a:c2434, 8c1a4ac2-2d71-4742-ab0b-89dcc95eb13f:c2432, c9d0001a-daad-4532-9e58-9f5f4a7ddd18:c2432]
2019-09-12 14:53:42,902 [grpc-default-executor-5] INFO  client.GrpcClientProtocolClient (GrpcClientProtocolClient.java:onNext(264)) - client-835E41B928D6->6dd5d97a-7455-476f-86d1-706748154c4a: receive RaftClientReply:client-835E41B928D6->6dd5d97a-7455-476f-86d1-706748154c4a@group-349356213E97, cid=1686, SUCCESS, logIndex=2435, commits[6dd5d97a-7455-476f-86d1-706748154c4a:c2436, 8c1a4ac2-2d71-4742-ab0b-89dcc95eb13f:c2432, c9d0001a-daad-4532-9e58-9f5f4a7ddd18:c2432]
2019-09-12 14:53:42,903 [grpc-default-executor-7] INFO  client.GrpcClientProtocolClient (GrpcClientProtocolClient.java:onNext(264)) - client-835E41B928D6->6dd5d97a-7455-476f-86d1-706748154c4a: receive RaftClientReply:client-835E41B928D6->6dd5d97a-7455-476f-86d1-706748154c4a@group-349356213E97, cid=1687, SUCCESS, logIndex=2436, commits[6dd5d97a-7455-476f-86d1-706748154c4a:c2436, 8c1a4ac2-2d71-4742-ab0b-89dcc95eb13f:c2432, c9d0001a-daad-4532-9e58-9f5f4a7ddd18:c2432]
2019-09-12 14:53:42,915 [grpc-default-executor-7] INFO  client.GrpcClientProtocolClient (GrpcClientProtocolClient.java:onNext(264)) - client-835E41B928D6->6dd5d97a-7455-476f-86d1-706748154c4a: receive RaftClientReply:client-835E41B928D6->6dd5d97a-7455-476f-86d1-706748154c4a@group-349356213E97, cid=1688, SUCCESS, logIndex=0, commits[6dd5d97a-7455-476f-86d1-706748154c4a:c2439, 8c1a4ac2-2d71-4742-ab0b-89dcc95eb13f:c2435, c9d0001a-daad-4532-9e58-9f5f4a7ddd18:c2434]
2019-09-12 14:53:42,928 [grpc-default-executor-6] INFO  client.GrpcClientProtocolClient (GrpcClientProtocolClient.java:onNext(264)) - client-835E41B928D6->6dd5d97a-7455-476f-86d1-706748154c4a: receive RaftClientReply:client-835E41B928D6->6dd5d97a-7455-476f-86d1-706748154c4a@group-349356213E97, cid=1689, SUCCESS, logIndex=2441, commits[6dd5d97a-7455-476f-86d1-706748154c4a:c2442, 8c1a4ac2-2d71-4742-ab0b-89dcc95eb13f:c2440, c9d0001a-daad-4532-9e58-9f5f4a7ddd18:c2440]
2019-09-12 14:53:42,928 [grpc-default-executor-6] INFO  client.GrpcClientProtocolClient (GrpcClientProtocolClient.java:onNext(264)) - client-835E41B928D6->6dd5d97a-7455-476f-86d1-706748154c4a: receive RaftClientReply:client-835E41B928D6->6dd5d97a-7455-476f-86d1-706748154c4a@group-349356213E97, cid=1690, SUCCESS, logIndex=2442, commits[6dd5d97a-7455-476f-86d1-706748154c4a:c2442, 8c1a4ac2-2d71-4742-ab0b-89dcc95eb13f:c2440, c9d0001a-daad-4532-9e58-9f5f4a7ddd18:c2440]
2019-09-12 14:53:42,942 [grpc-default-executor-6] INFO  client.GrpcClientProtocolClient (GrpcClientProtocolClient.java:onNext(264)) - client-835E41B928D6->6dd5d97a-7455-476f-86d1-706748154c4a: receive RaftClientReply:client-835E41B928D6->6dd5d97a-7455-476f-86d1-706748154c4a@group-349356213E97, cid=1691, SUCCESS, logIndex=2445, commits[6dd5d97a-7455-476f-86d1-706748154c4a:c2446, 8c1a4ac2-2d71-4742-ab0b-89dcc95eb13f:c2442, c9d0001a-daad-4532-9e58-9f5f4a7ddd18:c2442]
2019-09-12 14:53:42,942 [grpc-default-executor-6] INFO  client.GrpcClientProtocolClient (GrpcClientProtocolClient.java:onNext(264)) - client-835E41B928D6->6dd5d97a-7455-476f-86d1-706748154c4a: receive RaftClientReply:client-835E41B928D6->6dd5d97a-7455-476f-86d1-706748154c4a@group-349356213E97, cid=1692, SUCCESS, logIndex=2446, commits[6dd5d97a-7455-476f-86d1-706748154c4a:c2446, 8c1a4ac2-2d71-4742-ab0b-89dcc95eb13f:c2442, c9d0001a-daad-4532-9e58-9f5f4a7ddd18:c2442]
2019-09-12 14:53:42,954 [grpc-default-executor-6] INFO  client.GrpcClientProtocolClient (GrpcClientProtocolClient.java:onNext(264)) - client-835E41B928D6->6dd5d97a-7455-476f-86d1-706748154c4a: receive RaftClientReply:client-835E41B928D6->6dd5d97a-7455-476f-86d1-706748154c4a@group-349356213E97, cid=1693, SUCCESS, logIndex=0, commits[6dd5d97a-7455-476f-86d1-706748154c4a:c2447, 8c1a4ac2-2d71-4742-ab0b-89dcc95eb13f:c2446, c9d0001a-daad-4532-9e58-9f5f4a7ddd18:c2446]
2019-09-12 14:53:42,984 [grpc-default-executor-5] INFO  client.GrpcClientProtocolClient (GrpcClientProtocolClient.java:onNext(264)) - client-835E41B928D6->6dd5d97a-7455-476f-86d1-706748154c4a: receive RaftClientReply:client-835E41B928D6->6dd5d97a-7455-476f-86d1-706748154c4a@group-349356213E97, cid=1694, SUCCESS, logIndex=2449, commits[6dd5d97a-7455-476f-86d1-706748154c4a:c2450, 8c1a4ac2-2d71-4742-ab0b-89dcc95eb13f:c2448, c9d0001a-daad-4532-9e58-9f5f4a7ddd18:c2448]
2019-09-12 14:53:42,985 [grpc-default-executor-5] INFO  client.GrpcClientProtocolClient (GrpcClientProtocolClient.java:onNext(264)) - client-835E41B928D6->6dd5d97a-7455-476f-86d1-706748154c4a: receive RaftClientReply:client-835E41B928D6->6dd5d97a-7455-476f-86d1-706748154c4a@group-349356213E97, cid=1695, SUCCESS, logIndex=2450, commits[6dd5d97a-7455-476f-86d1-706748154c4a:c2452, 8c1a4ac2-2d71-4742-ab0b-89dcc95eb13f:c2448, c9d0001a-daad-4532-9e58-9f5f4a7ddd18:c2448]
2019-09-12 14:53:42,985 [grpc-default-executor-5] INFO  client.GrpcClientProtocolClient (GrpcClientProtocolClient.java:onNext(264)) - client-835E41B928D6->6dd5d97a-7455-476f-86d1-706748154c4a: receive RaftClientReply:client-835E41B928D6->6dd5d97a-7455-476f-86d1-706748154c4a@group-349356213E97, cid=1696, SUCCESS, logIndex=2451, commits[6dd5d97a-7455-476f-86d1-706748154c4a:c2452, 8c1a4ac2-2d71-4742-ab0b-89dcc95eb13f:c2448, c9d0001a-daad-4532-9e58-9f5f4a7ddd18:c2448]
2019-09-12 14:53:42,985 [grpc-default-executor-5] INFO  client.GrpcClientProtocolClient (GrpcClientProtocolClient.java:onNext(264)) - client-835E41B928D6->6dd5d97a-7455-476f-86d1-706748154c4a: receive RaftClientReply:client-835E41B928D6->6dd5d97a-7455-476f-86d1-706748154c4a@group-349356213E97, cid=1697, SUCCESS, logIndex=2452, commits[6dd5d97a-7455-476f-86d1-706748154c4a:c2452, 8c1a4ac2-2d71-4742-ab0b-89dcc95eb13f:c2448, c9d0001a-daad-4532-9e58-9f5f4a7ddd18:c2448]
2019-09-12 14:53:42,987 [grpc-default-executor-5] INFO  client.GrpcClientProtocolClient (GrpcClientProtocolClient.java:onNext(264)) - client-835E41B928D6->6dd5d97a-7455-476f-86d1-706748154c4a: receive RaftClientReply:client-835E41B928D6->6dd5d97a-7455-476f-86d1-706748154c4a@group-349356213E97, cid=1698, SUCCESS, logIndex=0, commits[6dd5d97a-7455-476f-86d1-706748154c4a:c2454, 8c1a4ac2-2d71-4742-ab0b-89dcc95eb13f:c2450, c9d0001a-daad-4532-9e58-9f5f4a7ddd18:c2450]
2019-09-12 14:53:43,008 [grpc-default-executor-6] INFO  client.GrpcClientProtocolClient (GrpcClientProtocolClient.java:onNext(264)) - client-835E41B928D6->6dd5d97a-7455-476f-86d1-706748154c4a: receive RaftClientReply:client-835E41B928D6->6dd5d97a-7455-476f-86d1-706748154c4a@group-349356213E97, cid=1699, SUCCESS, logIndex=2456, commits[6dd5d97a-7455-476f-86d1-706748154c4a:c2457, 8c1a4ac2-2d71-4742-ab0b-89dcc95eb13f:c2455, c9d0001a-daad-4532-9e58-9f5f4a7ddd18:c2455]
2019-09-12 14:53:43,008 [grpc-default-executor-6] INFO  client.GrpcClientProtocolClient (GrpcClientProtocolClient.java:onNext(264)) - client-835E41B928D6->6dd5d97a-7455-476f-86d1-706748154c4a: receive RaftClientReply:client-835E41B928D6->6dd5d97a-7455-476f-86d1-706748154c4a@group-349356213E97, cid=1700, SUCCESS, logIndex=2457, commits[6dd5d97a-7455-476f-86d1-706748154c4a:c2457, 8c1a4ac2-2d71-4742-ab0b-89dcc95eb13f:c2455, c9d0001a-daad-4532-9e58-9f5f4a7ddd18:c2455]
2019-09-12 14:53:43,032 [grpc-default-executor-5] INFO  client.GrpcClientProtocolClient (GrpcClientProtocolClient.java:onNext(264)) - client-835E41B928D6->6dd5d97a-7455-476f-86d1-706748154c4a: receive RaftClientReply:client-835E41B928D6->6dd5d97a-7455-476f-86d1-706748154c4a@group-349356213E97, cid=1701, SUCCESS, logIndex=2460, commits[6dd5d97a-7455-476f-86d1-706748154c4a:c2461, 8c1a4ac2-2d71-4742-ab0b-89dcc95eb13f:c2457, c9d0001a-daad-4532-9e58-9f5f4a7ddd18:c2457]
2019-09-12 14:53:43,033 [grpc-default-executor-5] INFO  client.GrpcClientProtocolClient (GrpcClientProtocolClient.java:onNext(264)) - client-835E41B928D6->6dd5d97a-7455-476f-86d1-706748154c4a: receive RaftClientReply:client-835E41B928D6->6dd5d97a-7455-476f-86d1-706748154c4a@group-349356213E97, cid=1702, SUCCESS, logIndex=2461, commits[6dd5d97a-7455-476f-86d1-706748154c4a:c2461, 8c1a4ac2-2d71-4742-ab0b-89dcc95eb13f:c2457, c9d0001a-daad-4532-9e58-9f5f4a7ddd18:c2457]
2019-09-12 14:53:43,059 [grpc-default-executor-5] INFO  client.GrpcClientProtocolClient (GrpcClientProtocolClient.java:onNext(264)) - client-835E41B928D6->6dd5d97a-7455-476f-86d1-706748154c4a: receive RaftClientReply:client-835E41B928D6->6dd5d97a-7455-476f-86d1-706748154c4a@group-349356213E97, cid=1703, SUCCESS, logIndex=0, commits[6dd5d97a-7455-476f-86d1-706748154c4a:c2462, 8c1a4ac2-2d71-4742-ab0b-89dcc95eb13f:c2461, c9d0001a-daad-4532-9e58-9f5f4a7ddd18:c2461]
2019-09-12 14:53:43,086 [grpc-default-executor-7] INFO  client.GrpcClientProtocolClient (GrpcClientProtocolClient.java:onNext(264)) - client-835E41B928D6->6dd5d97a-7455-476f-86d1-706748154c4a: receive RaftClientReply:client-835E41B928D6->6dd5d97a-7455-476f-86d1-706748154c4a@group-349356213E97, cid=1704, SUCCESS, logIndex=2464, commits[6dd5d97a-7455-476f-86d1-706748154c4a:c2466, 8c1a4ac2-2d71-4742-ab0b-89dcc95eb13f:c2463, c9d0001a-daad-4532-9e58-9f5f4a7ddd18:c2463]
2019-09-12 14:53:43,086 [grpc-default-executor-7] INFO  client.GrpcClientProtocolClient (GrpcClientProtocolClient.java:onNext(264)) - client-835E41B928D6->6dd5d97a-7455-476f-86d1-706748154c4a: receive RaftClientReply:client-835E41B928D6->6dd5d97a-7455-476f-86d1-706748154c4a@group-349356213E97, cid=1705, SUCCESS, logIndex=2465, commits[6dd5d97a-7455-476f-86d1-706748154c4a:c2467, 8c1a4ac2-2d71-4742-ab0b-89dcc95eb13f:c2463, c9d0001a-daad-4532-9e58-9f5f4a7ddd18:c2463]
2019-09-12 14:53:43,087 [grpc-default-executor-7] INFO  client.GrpcClientProtocolClient (GrpcClientProtocolClient.java:onNext(264)) - client-835E41B928D6->6dd5d97a-7455-476f-86d1-706748154c4a: receive RaftClientReply:client-835E41B928D6->6dd5d97a-7455-476f-86d1-706748154c4a@group-349356213E97, cid=1706, SUCCESS, logIndex=2466, commits[6dd5d97a-7455-476f-86d1-706748154c4a:c2467, 8c1a4ac2-2d71-4742-ab0b-89dcc95eb13f:c2463, c9d0001a-daad-4532-9e58-9f5f4a7ddd18:c2463]
2019-09-12 14:53:43,087 [grpc-default-executor-7] INFO  client.GrpcClientProtocolClient (GrpcClientProtocolClient.java:onNext(264)) - client-835E41B928D6->6dd5d97a-7455-476f-86d1-706748154c4a: receive RaftClientReply:client-835E41B928D6->6dd5d97a-7455-476f-86d1-706748154c4a@group-349356213E97, cid=1707, SUCCESS, logIndex=2467, commits[6dd5d97a-7455-476f-86d1-706748154c4a:c2467, 8c1a4ac2-2d71-4742-ab0b-89dcc95eb13f:c2463, c9d0001a-daad-4532-9e58-9f5f4a7ddd18:c2463]
2019-09-12 14:53:43,088 [grpc-default-executor-5] INFO  client.GrpcClientProtocolClient (GrpcClientProtocolClient.java:onNext(264)) - client-835E41B928D6->6dd5d97a-7455-476f-86d1-706748154c4a: receive RaftClientReply:client-835E41B928D6->6dd5d97a-7455-476f-86d1-706748154c4a@group-349356213E97, cid=1708, SUCCESS, logIndex=0, commits[6dd5d97a-7455-476f-86d1-706748154c4a:c2469, 8c1a4ac2-2d71-4742-ab0b-89dcc95eb13f:c2465, c9d0001a-daad-4532-9e58-9f5f4a7ddd18:c2465]
2019-09-12 14:53:43,108 [grpc-default-executor-5] INFO  client.GrpcClientProtocolClient (GrpcClientProtocolClient.java:onNext(264)) - client-835E41B928D6->6dd5d97a-7455-476f-86d1-706748154c4a: receive RaftClientReply:client-835E41B928D6->6dd5d97a-7455-476f-86d1-706748154c4a@group-349356213E97, cid=1709, SUCCESS, logIndex=2472, commits[6dd5d97a-7455-476f-86d1-706748154c4a:c2473, 8c1a4ac2-2d71-4742-ab0b-89dcc95eb13f:c2471, c9d0001a-daad-4532-9e58-9f5f4a7ddd18:c2471]
2019-09-12 14:53:43,109 [grpc-default-executor-5] INFO  client.GrpcClientProtocolClient (GrpcClientProtocolClient.java:onNext(264)) - client-835E41B928D6->6dd5d97a-7455-476f-86d1-706748154c4a: receive RaftClientReply:client-835E41B928D6->6dd5d97a-7455-476f-86d1-706748154c4a@group-349356213E97, cid=1710, SUCCESS, logIndex=2473, commits[6dd5d97a-7455-476f-86d1-706748154c4a:c2473, 8c1a4ac2-2d71-4742-ab0b-89dcc95eb13f:c2471, c9d0001a-daad-4532-9e58-9f5f4a7ddd18:c2471]
2019-09-12 14:53:43,121 [grpc-default-executor-7] INFO  client.GrpcClientProtocolClient (GrpcClientProtocolClient.java:onNext(264)) - client-835E41B928D6->6dd5d97a-7455-476f-86d1-706748154c4a: receive RaftClientReply:client-835E41B928D6->6dd5d97a-7455-476f-86d1-706748154c4a@group-349356213E97, cid=1711, SUCCESS, logIndex=2476, commits[6dd5d97a-7455-476f-86d1-706748154c4a:c2477, 8c1a4ac2-2d71-4742-ab0b-89dcc95eb13f:c2473, c9d0001a-daad-4532-9e58-9f5f4a7ddd18:c2473]
2019-09-12 14:53:43,122 [grpc-default-executor-7] INFO  client.GrpcClientProtocolClient (GrpcClientProtocolClient.java:onNext(264)) - client-835E41B928D6->6dd5d97a-7455-476f-86d1-706748154c4a: receive RaftClientReply:client-835E41B928D6->6dd5d97a-7455-476f-86d1-706748154c4a@group-349356213E97, cid=1712, SUCCESS, logIndex=2477, commits[6dd5d97a-7455-476f-86d1-706748154c4a:c2477, 8c1a4ac2-2d71-4742-ab0b-89dcc95eb13f:c2473, c9d0001a-daad-4532-9e58-9f5f4a7ddd18:c2473]
2019-09-12 14:53:43,135 [grpc-default-executor-7] INFO  client.GrpcClientProtocolClient (GrpcClientProtocolClient.java:onNext(264)) - client-835E41B928D6->6dd5d97a-7455-476f-86d1-706748154c4a: receive RaftClientReply:client-835E41B928D6->6dd5d97a-7455-476f-86d1-706748154c4a@group-349356213E97, cid=1713, SUCCESS, logIndex=0, commits[6dd5d97a-7455-476f-86d1-706748154c4a:c2479, 8c1a4ac2-2d71-4742-ab0b-89dcc95eb13f:c2477, c9d0001a-daad-4532-9e58-9f5f4a7ddd18:c2477]
2019-09-12 14:53:43,167 [grpc-default-executor-6] INFO  client.GrpcClientProtocolClient (GrpcClientProtocolClient.java:onNext(264)) - client-835E41B928D6->6dd5d97a-7455-476f-86d1-706748154c4a: receive RaftClientReply:client-835E41B928D6->6dd5d97a-7455-476f-86d1-706748154c4a@group-349356213E97, cid=1714, SUCCESS, logIndex=2480, commits[6dd5d97a-7455-476f-86d1-706748154c4a:c2481, 8c1a4ac2-2d71-4742-ab0b-89dcc95eb13f:c2479, c9d0001a-daad-4532-9e58-9f5f4a7ddd18:c2479]
2019-09-12 14:53:43,168 [grpc-default-executor-7] INFO  client.GrpcClientProtocolClient (GrpcClientProtocolClient.java:onNext(264)) - client-835E41B928D6->6dd5d97a-7455-476f-86d1-706748154c4a: receive RaftClientReply:client-835E41B928D6->6dd5d97a-7455-476f-86d1-706748154c4a@group-349356213E97, cid=1715, SUCCESS, logIndex=2481, commits[6dd5d97a-7455-476f-86d1-706748154c4a:c2483, 8c1a4ac2-2d71-4742-ab0b-89dcc95eb13f:c2479, c9d0001a-daad-4532-9e58-9f5f4a7ddd18:c2479]
2019-09-12 14:53:43,168 [grpc-default-executor-7] INFO  client.GrpcClientProtocolClient (GrpcClientProtocolClient.java:onNext(264)) - client-835E41B928D6->6dd5d97a-7455-476f-86d1-706748154c4a: receive RaftClientReply:client-835E41B928D6->6dd5d97a-7455-476f-86d1-706748154c4a@group-349356213E97, cid=1716, SUCCESS, logIndex=2482, commits[6dd5d97a-7455-476f-86d1-706748154c4a:c2483, 8c1a4ac2-2d71-4742-ab0b-89dcc95eb13f:c2479, c9d0001a-daad-4532-9e58-9f5f4a7ddd18:c2479]
2019-09-12 14:53:43,169 [grpc-default-executor-7] INFO  client.GrpcClientProtocolClient (GrpcClientProtocolClient.java:onNext(264)) - client-835E41B928D6->6dd5d97a-7455-476f-86d1-706748154c4a: receive RaftClientReply:client-835E41B928D6->6dd5d97a-7455-476f-86d1-706748154c4a@group-349356213E97, cid=1717, SUCCESS, logIndex=2483, commits[6dd5d97a-7455-476f-86d1-706748154c4a:c2483, 8c1a4ac2-2d71-4742-ab0b-89dcc95eb13f:c2479, c9d0001a-daad-4532-9e58-9f5f4a7ddd18:c2479]
2019-09-12 14:53:43,171 [grpc-default-executor-7] INFO  client.GrpcClientProtocolClient (GrpcClientProtocolClient.java:onNext(264)) - client-835E41B928D6->6dd5d97a-7455-476f-86d1-706748154c4a: receive RaftClientReply:client-835E41B928D6->6dd5d97a-7455-476f-86d1-706748154c4a@group-349356213E97, cid=1718, SUCCESS, logIndex=0, commits[6dd5d97a-7455-476f-86d1-706748154c4a:c2487, 8c1a4ac2-2d71-4742-ab0b-89dcc95eb13f:c2483, c9d0001a-daad-4532-9e58-9f5f4a7ddd18:c2483]
2019-09-12 14:53:43,193 [grpc-default-executor-6] INFO  client.GrpcClientProtocolClient (GrpcClientProtocolClient.java:onNext(264)) - client-835E41B928D6->6dd5d97a-7455-476f-86d1-706748154c4a: receive RaftClientReply:client-835E41B928D6->6dd5d97a-7455-476f-86d1-706748154c4a@group-349356213E97, cid=1719, SUCCESS, logIndex=2488, commits[6dd5d97a-7455-476f-86d1-706748154c4a:c2489, 8c1a4ac2-2d71-4742-ab0b-89dcc95eb13f:c2487, c9d0001a-daad-4532-9e58-9f5f4a7ddd18:c2487]
2019-09-12 14:53:43,193 [grpc-default-executor-6] INFO  client.GrpcClientProtocolClient (GrpcClientProtocolClient.java:onNext(264)) - client-835E41B928D6->6dd5d97a-7455-476f-86d1-706748154c4a: receive RaftClientReply:client-835E41B928D6->6dd5d97a-7455-476f-86d1-706748154c4a@group-349356213E97, cid=1720, SUCCESS, logIndex=2489, commits[6dd5d97a-7455-476f-86d1-706748154c4a:c2489, 8c1a4ac2-2d71-4742-ab0b-89dcc95eb13f:c2487, c9d0001a-daad-4532-9e58-9f5f4a7ddd18:c2487]
2019-09-12 14:53:43,217 [grpc-default-executor-6] INFO  client.GrpcClientProtocolClient (GrpcClientProtocolClient.java:onNext(264)) - client-835E41B928D6->6dd5d97a-7455-476f-86d1-706748154c4a: receive RaftClientReply:client-835E41B928D6->6dd5d97a-7455-476f-86d1-706748154c4a@group-349356213E97, cid=1721, SUCCESS, logIndex=2492, commits[6dd5d97a-7455-476f-86d1-706748154c4a:c2493, 8c1a4ac2-2d71-4742-ab0b-89dcc95eb13f:c2489, c9d0001a-daad-4532-9e58-9f5f4a7ddd18:c2489]
2019-09-12 14:53:43,217 [grpc-default-executor-6] INFO  client.GrpcClientProtocolClient (GrpcClientProtocolClient.java:onNext(264)) - client-835E41B928D6->6dd5d97a-7455-476f-86d1-706748154c4a: receive RaftClientReply:client-835E41B928D6->6dd5d97a-7455-476f-86d1-706748154c4a@group-349356213E97, cid=1722, SUCCESS, logIndex=2493, commits[6dd5d97a-7455-476f-86d1-706748154c4a:c2493, 8c1a4ac2-2d71-4742-ab0b-89dcc95eb13f:c2489, c9d0001a-daad-4532-9e58-9f5f4a7ddd18:c2489]
2019-09-12 14:53:43,229 [grpc-default-executor-6] INFO  client.GrpcClientProtocolClient (GrpcClientProtocolClient.java:onNext(264)) - client-835E41B928D6->6dd5d97a-7455-476f-86d1-706748154c4a: receive RaftClientReply:client-835E41B928D6->6dd5d97a-7455-476f-86d1-706748154c4a@group-349356213E97, cid=1723, SUCCESS, logIndex=0, commits[6dd5d97a-7455-476f-86d1-706748154c4a:c2494, 8c1a4ac2-2d71-4742-ab0b-89dcc95eb13f:c2493, c9d0001a-daad-4532-9e58-9f5f4a7ddd18:c2493]
2019-09-12 14:53:43,262 [grpc-default-executor-2] INFO  client.GrpcClientProtocolClient (GrpcClientProtocolClient.java:onNext(264)) - client-835E41B928D6->6dd5d97a-7455-476f-86d1-706748154c4a: receive RaftClientReply:client-835E41B928D6->6dd5d97a-7455-476f-86d1-706748154c4a@group-349356213E97, cid=1724, SUCCESS, logIndex=2495, commits[6dd5d97a-7455-476f-86d1-706748154c4a:c2496, 8c1a4ac2-2d71-4742-ab0b-89dcc95eb13f:c2494, c9d0001a-daad-4532-9e58-9f5f4a7ddd18:c2494]
2019-09-12 14:53:43,263 [grpc-default-executor-2] INFO  client.GrpcClientProtocolClient (GrpcClientProtocolClient.java:onNext(264)) - client-835E41B928D6->6dd5d97a-7455-476f-86d1-706748154c4a: receive RaftClientReply:client-835E41B928D6->6dd5d97a-7455-476f-86d1-706748154c4a@group-349356213E97, cid=1725, SUCCESS, logIndex=2496, commits[6dd5d97a-7455-476f-86d1-706748154c4a:c2496, 8c1a4ac2-2d71-4742-ab0b-89dcc95eb13f:c2494, c9d0001a-daad-4532-9e58-9f5f4a7ddd18:c2494]
2019-09-12 14:53:43,266 [grpc-default-executor-2] INFO  client.GrpcClientProtocolClient (GrpcClientProtocolClient.java:onNext(264)) - client-835E41B928D6->6dd5d97a-7455-476f-86d1-706748154c4a: receive RaftClientReply:client-835E41B928D6->6dd5d97a-7455-476f-86d1-706748154c4a@group-349356213E97, cid=1726, SUCCESS, logIndex=2497, commits[6dd5d97a-7455-476f-86d1-706748154c4a:c2498, 8c1a4ac2-2d71-4742-ab0b-89dcc95eb13f:c2494, c9d0001a-daad-4532-9e58-9f5f4a7ddd18:c2494]
2019-09-12 14:53:43,267 [grpc-default-executor-2] INFO  client.GrpcClientProtocolClient (GrpcClientProtocolClient.java:onNext(264)) - client-835E41B928D6->6dd5d97a-7455-476f-86d1-706748154c4a: receive RaftClientReply:client-835E41B928D6->6dd5d97a-7455-476f-86d1-706748154c4a@group-349356213E97, cid=1727, SUCCESS, logIndex=2498, commits[6dd5d97a-7455-476f-86d1-706748154c4a:c2498, 8c1a4ac2-2d71-4742-ab0b-89dcc95eb13f:c2494, c9d0001a-daad-4532-9e58-9f5f4a7ddd18:c2494]
2019-09-12 14:53:43,269 [grpc-default-executor-2] INFO  client.GrpcClientProtocolClient (GrpcClientProtocolClient.java:onNext(264)) - client-835E41B928D6->6dd5d97a-7455-476f-86d1-706748154c4a: receive RaftClientReply:client-835E41B928D6->6dd5d97a-7455-476f-86d1-706748154c4a@group-349356213E97, cid=1728, SUCCESS, logIndex=0, commits[6dd5d97a-7455-476f-86d1-706748154c4a:c2502, 8c1a4ac2-2d71-4742-ab0b-89dcc95eb13f:c2498, c9d0001a-daad-4532-9e58-9f5f4a7ddd18:c2498]
2019-09-12 14:53:43,305 [grpc-default-executor-6] INFO  client.GrpcClientProtocolClient (GrpcClientProtocolClient.java:onNext(264)) - client-835E41B928D6->6dd5d97a-7455-476f-86d1-706748154c4a: receive RaftClientReply:client-835E41B928D6->6dd5d97a-7455-476f-86d1-706748154c4a@group-349356213E97, cid=1729, SUCCESS, logIndex=2503, commits[6dd5d97a-7455-476f-86d1-706748154c4a:c2504, 8c1a4ac2-2d71-4742-ab0b-89dcc95eb13f:c2502, c9d0001a-daad-4532-9e58-9f5f4a7ddd18:c2502]
2019-09-12 14:53:43,306 [grpc-default-executor-6] INFO  client.GrpcClientProtocolClient (GrpcClientProtocolClient.java:onNext(264)) - client-835E41B928D6->6dd5d97a-7455-476f-86d1-706748154c4a: receive RaftClientReply:client-835E41B928D6->6dd5d97a-7455-476f-86d1-706748154c4a@group-349356213E97, cid=1730, SUCCESS, logIndex=2504, commits[6dd5d97a-7455-476f-86d1-706748154c4a:c2504, 8c1a4ac2-2d71-4742-ab0b-89dcc95eb13f:c2502, c9d0001a-daad-4532-9e58-9f5f4a7ddd18:c2502]
2019-09-12 14:53:43,331 [grpc-default-executor-2] INFO  client.GrpcClientProtocolClient (GrpcClientProtocolClient.java:onNext(264)) - client-835E41B928D6->6dd5d97a-7455-476f-86d1-706748154c4a: receive RaftClientReply:client-835E41B928D6->6dd5d97a-7455-476f-86d1-706748154c4a@group-349356213E97, cid=1731, SUCCESS, logIndex=2507, commits[6dd5d97a-7455-476f-86d1-706748154c4a:c2508, 8c1a4ac2-2d71-4742-ab0b-89dcc95eb13f:c2504, c9d0001a-daad-4532-9e58-9f5f4a7ddd18:c2504]
2019-09-12 14:53:43,331 [grpc-default-executor-2] INFO  client.GrpcClientProtocolClient (GrpcClientProtocolClient.java:onNext(264)) - client-835E41B928D6->6dd5d97a-7455-476f-86d1-706748154c4a: receive RaftClientReply:client-835E41B928D6->6dd5d97a-7455-476f-86d1-706748154c4a@group-349356213E97, cid=1732, SUCCESS, logIndex=2508, commits[6dd5d97a-7455-476f-86d1-706748154c4a:c2508, 8c1a4ac2-2d71-4742-ab0b-89dcc95eb13f:c2504, c9d0001a-daad-4532-9e58-9f5f4a7ddd18:c2504]
2019-09-12 14:53:43,342 [grpc-default-executor-2] INFO  client.GrpcClientProtocolClient (GrpcClientProtocolClient.java:onNext(264)) - client-835E41B928D6->6dd5d97a-7455-476f-86d1-706748154c4a: receive RaftClientReply:client-835E41B928D6->6dd5d97a-7455-476f-86d1-706748154c4a@group-349356213E97, cid=1733, SUCCESS, logIndex=0, commits[6dd5d97a-7455-476f-86d1-706748154c4a:c2509, 8c1a4ac2-2d71-4742-ab0b-89dcc95eb13f:c2508, c9d0001a-daad-4532-9e58-9f5f4a7ddd18:c2508]
2019-09-12 14:53:43,374 [grpc-default-executor-7] INFO  client.GrpcClientProtocolClient (GrpcClientProtocolClient.java:onNext(264)) - client-835E41B928D6->6dd5d97a-7455-476f-86d1-706748154c4a: receive RaftClientReply:client-835E41B928D6->6dd5d97a-7455-476f-86d1-706748154c4a@group-349356213E97, cid=1734, SUCCESS, logIndex=2511, commits[6dd5d97a-7455-476f-86d1-706748154c4a:c2512, 8c1a4ac2-2d71-4742-ab0b-89dcc95eb13f:c2510, c9d0001a-daad-4532-9e58-9f5f4a7ddd18:c2510]
2019-09-12 14:53:43,375 [grpc-default-executor-7] INFO  client.GrpcClientProtocolClient (GrpcClientProtocolClient.java:onNext(264)) - client-835E41B928D6->6dd5d97a-7455-476f-86d1-706748154c4a: receive RaftClientReply:client-835E41B928D6->6dd5d97a-7455-476f-86d1-706748154c4a@group-349356213E97, cid=1735, SUCCESS, logIndex=2512, commits[6dd5d97a-7455-476f-86d1-706748154c4a:c2512, 8c1a4ac2-2d71-4742-ab0b-89dcc95eb13f:c2510, c9d0001a-daad-4532-9e58-9f5f4a7ddd18:c2510]
2019-09-12 14:53:43,375 [grpc-default-executor-7] INFO  client.GrpcClientProtocolClient (GrpcClientProtocolClient.java:onNext(264)) - client-835E41B928D6->6dd5d97a-7455-476f-86d1-706748154c4a: receive RaftClientReply:client-835E41B928D6->6dd5d97a-7455-476f-86d1-706748154c4a@group-349356213E97, cid=1736, SUCCESS, logIndex=2513, commits[6dd5d97a-7455-476f-86d1-706748154c4a:c2514, 8c1a4ac2-2d71-4742-ab0b-89dcc95eb13f:c2510, c9d0001a-daad-4532-9e58-9f5f4a7ddd18:c2510]
2019-09-12 14:53:43,375 [grpc-default-executor-2] INFO  client.GrpcClientProtocolClient (GrpcClientProtocolClient.java:onNext(264)) - client-835E41B928D6->6dd5d97a-7455-476f-86d1-706748154c4a: receive RaftClientReply:client-835E41B928D6->6dd5d97a-7455-476f-86d1-706748154c4a@group-349356213E97, cid=1737, SUCCESS, logIndex=2514, commits[6dd5d97a-7455-476f-86d1-706748154c4a:c2514, 8c1a4ac2-2d71-4742-ab0b-89dcc95eb13f:c2510, c9d0001a-daad-4532-9e58-9f5f4a7ddd18:c2510]
2019-09-12 14:53:43,377 [grpc-default-executor-2] INFO  client.GrpcClientProtocolClient (GrpcClientProtocolClient.java:onNext(264)) - client-835E41B928D6->6dd5d97a-7455-476f-86d1-706748154c4a: receive RaftClientReply:client-835E41B928D6->6dd5d97a-7455-476f-86d1-706748154c4a@group-349356213E97, cid=1738, SUCCESS, logIndex=0, commits[6dd5d97a-7455-476f-86d1-706748154c4a:c2517, 8c1a4ac2-2d71-4742-ab0b-89dcc95eb13f:c2514, c9d0001a-daad-4532-9e58-9f5f4a7ddd18:c2514]
2019-09-12 14:53:43,396 [grpc-default-executor-7] INFO  client.GrpcClientProtocolClient (GrpcClientProtocolClient.java:onNext(264)) - client-835E41B928D6->6dd5d97a-7455-476f-86d1-706748154c4a: receive RaftClientReply:client-835E41B928D6->6dd5d97a-7455-476f-86d1-706748154c4a@group-349356213E97, cid=1739, SUCCESS, logIndex=2518, commits[6dd5d97a-7455-476f-86d1-706748154c4a:c2519, 8c1a4ac2-2d71-4742-ab0b-89dcc95eb13f:c2517, c9d0001a-daad-4532-9e58-9f5f4a7ddd18:c2517]
2019-09-12 14:53:43,396 [grpc-default-executor-7] INFO  client.GrpcClientProtocolClient (GrpcClientProtocolClient.java:onNext(264)) - client-835E41B928D6->6dd5d97a-7455-476f-86d1-706748154c4a: receive RaftClientReply:client-835E41B928D6->6dd5d97a-7455-476f-86d1-706748154c4a@group-349356213E97, cid=1740, SUCCESS, logIndex=2519, commits[6dd5d97a-7455-476f-86d1-706748154c4a:c2519, 8c1a4ac2-2d71-4742-ab0b-89dcc95eb13f:c2517, c9d0001a-daad-4532-9e58-9f5f4a7ddd18:c2517]
2019-09-12 14:53:43,409 [grpc-default-executor-6] INFO  client.GrpcClientProtocolClient (GrpcClientProtocolClient.java:onNext(264)) - client-835E41B928D6->6dd5d97a-7455-476f-86d1-706748154c4a: receive RaftClientReply:client-835E41B928D6->6dd5d97a-7455-476f-86d1-706748154c4a@group-349356213E97, cid=1741, SUCCESS, logIndex=2522, commits[6dd5d97a-7455-476f-86d1-706748154c4a:c2522, 8c1a4ac2-2d71-4742-ab0b-89dcc95eb13f:c2519, c9d0001a-daad-4532-9e58-9f5f4a7ddd18:c2519]
2019-09-12 14:53:43,409 [grpc-default-executor-6] INFO  client.GrpcClientProtocolClient (GrpcClientProtocolClient.java:onNext(264)) - client-835E41B928D6->6dd5d97a-7455-476f-86d1-706748154c4a: receive RaftClientReply:client-835E41B928D6->6dd5d97a-7455-476f-86d1-706748154c4a@group-349356213E97, cid=1742, SUCCESS, logIndex=2523, commits[6dd5d97a-7455-476f-86d1-706748154c4a:c2523, 8c1a4ac2-2d71-4742-ab0b-89dcc95eb13f:c2519, c9d0001a-daad-4532-9e58-9f5f4a7ddd18:c2519]
2019-09-12 14:53:43,422 [grpc-default-executor-6] INFO  client.GrpcClientProtocolClient (GrpcClientProtocolClient.java:onNext(264)) - client-835E41B928D6->6dd5d97a-7455-476f-86d1-706748154c4a: receive RaftClientReply:client-835E41B928D6->6dd5d97a-7455-476f-86d1-706748154c4a@group-349356213E97, cid=1743, SUCCESS, logIndex=0, commits[6dd5d97a-7455-476f-86d1-706748154c4a:c2525, 8c1a4ac2-2d71-4742-ab0b-89dcc95eb13f:c2523, c9d0001a-daad-4532-9e58-9f5f4a7ddd18:c2523]
 0.00% |█                                                                                                    |  0/1 Time: 0:00:112019-09-12 14:53:43,450 [grpc-default-executor-5] INFO  client.GrpcClientProtocolClient (GrpcClientProtocolClient.java:onNext(264)) - client-835E41B928D6->6dd5d97a-7455-476f-86d1-706748154c4a: receive RaftClientReply:client-835E41B928D6->6dd5d97a-7455-476f-86d1-706748154c4a@group-349356213E97, cid=1744, SUCCESS, logIndex=2526, commits[6dd5d97a-7455-476f-86d1-706748154c4a:c2527, 8c1a4ac2-2d71-4742-ab0b-89dcc95eb13f:c2525, c9d0001a-daad-4532-9e58-9f5f4a7ddd18:c2525]
2019-09-12 14:53:43,450 [grpc-default-executor-5] INFO  client.GrpcClientProtocolClient (GrpcClientProtocolClient.java:onNext(264)) - client-835E41B928D6->6dd5d97a-7455-476f-86d1-706748154c4a: receive RaftClientReply:client-835E41B928D6->6dd5d97a-7455-476f-86d1-706748154c4a@group-349356213E97, cid=1745, SUCCESS, logIndex=2527, commits[6dd5d97a-7455-476f-86d1-706748154c4a:c2529, 8c1a4ac2-2d71-4742-ab0b-89dcc95eb13f:c2525, c9d0001a-daad-4532-9e58-9f5f4a7ddd18:c2525]
2019-09-12 14:53:43,451 [grpc-default-executor-5] INFO  client.GrpcClientProtocolClient (GrpcClientProtocolClient.java:onNext(264)) - client-835E41B928D6->6dd5d97a-7455-476f-86d1-706748154c4a: receive RaftClientReply:client-835E41B928D6->6dd5d97a-7455-476f-86d1-706748154c4a@group-349356213E97, cid=1746, SUCCESS, logIndex=2528, commits[6dd5d97a-7455-476f-86d1-706748154c4a:c2529, 8c1a4ac2-2d71-4742-ab0b-89dcc95eb13f:c2525, c9d0001a-daad-4532-9e58-9f5f4a7ddd18:c2525]
2019-09-12 14:53:43,451 [grpc-default-executor-5] INFO  client.GrpcClientProtocolClient (GrpcClientProtocolClient.java:onNext(264)) - client-835E41B928D6->6dd5d97a-7455-476f-86d1-706748154c4a: receive RaftClientReply:client-835E41B928D6->6dd5d97a-7455-476f-86d1-706748154c4a@group-349356213E97, cid=1747, SUCCESS, logIndex=2529, commits[6dd5d97a-7455-476f-86d1-706748154c4a:c2529, 8c1a4ac2-2d71-4742-ab0b-89dcc95eb13f:c2525, c9d0001a-daad-4532-9e58-9f5f4a7ddd18:c2525]
2019-09-12 14:53:43,462 [grpc-default-executor-2] INFO  client.GrpcClientProtocolClient (GrpcClientProtocolClient.java:onNext(264)) - client-835E41B928D6->6dd5d97a-7455-476f-86d1-706748154c4a: receive RaftClientReply:client-835E41B928D6->6dd5d97a-7455-476f-86d1-706748154c4a@group-349356213E97, cid=1748, SUCCESS, logIndex=0, commits[6dd5d97a-7455-476f-86d1-706748154c4a:c2531, 8c1a4ac2-2d71-4742-ab0b-89dcc95eb13f:c2527, c9d0001a-daad-4532-9e58-9f5f4a7ddd18:c2527]
2019-09-12 14:53:43,480 [grpc-default-executor-6] INFO  client.GrpcClientProtocolClient (GrpcClientProtocolClient.java:onNext(264)) - client-835E41B928D6->6dd5d97a-7455-476f-86d1-706748154c4a: receive RaftClientReply:client-835E41B928D6->6dd5d97a-7455-476f-86d1-706748154c4a@group-349356213E97, cid=1749, SUCCESS, logIndex=2534, commits[6dd5d97a-7455-476f-86d1-706748154c4a:c2535, 8c1a4ac2-2d71-4742-ab0b-89dcc95eb13f:c2533, c9d0001a-daad-4532-9e58-9f5f4a7ddd18:c2533]
2019-09-12 14:53:43,481 [grpc-default-executor-6] INFO  client.GrpcClientProtocolClient (GrpcClientProtocolClient.java:onNext(264)) - client-835E41B928D6->6dd5d97a-7455-476f-86d1-706748154c4a: receive RaftClientReply:client-835E41B928D6->6dd5d97a-7455-476f-86d1-706748154c4a@group-349356213E97, cid=1750, SUCCESS, logIndex=2535, commits[6dd5d97a-7455-476f-86d1-706748154c4a:c2535, 8c1a4ac2-2d71-4742-ab0b-89dcc95eb13f:c2533, c9d0001a-daad-4532-9e58-9f5f4a7ddd18:c2533]
2019-09-12 14:53:43,494 [grpc-default-executor-5] INFO  client.GrpcClientProtocolClient (GrpcClientProtocolClient.java:onNext(264)) - client-835E41B928D6->6dd5d97a-7455-476f-86d1-706748154c4a: receive RaftClientReply:client-835E41B928D6->6dd5d97a-7455-476f-86d1-706748154c4a@group-349356213E97, cid=1751, SUCCESS, logIndex=2538, commits[6dd5d97a-7455-476f-86d1-706748154c4a:c2538, 8c1a4ac2-2d71-4742-ab0b-89dcc95eb13f:c2535, c9d0001a-daad-4532-9e58-9f5f4a7ddd18:c2535]
2019-09-12 14:53:43,494 [grpc-default-executor-5] INFO  client.GrpcClientProtocolClient (GrpcClientProtocolClient.java:onNext(264)) - client-835E41B928D6->6dd5d97a-7455-476f-86d1-706748154c4a: receive RaftClientReply:client-835E41B928D6->6dd5d97a-7455-476f-86d1-706748154c4a@group-349356213E97, cid=1752, SUCCESS, logIndex=2539, commits[6dd5d97a-7455-476f-86d1-706748154c4a:c2539, 8c1a4ac2-2d71-4742-ab0b-89dcc95eb13f:c2535, c9d0001a-daad-4532-9e58-9f5f4a7ddd18:c2535]
2019-09-12 14:53:43,497 [grpc-default-executor-5] INFO  client.GrpcClientProtocolClient (GrpcClientProtocolClient.java:onNext(264)) - client-835E41B928D6->6dd5d97a-7455-476f-86d1-706748154c4a: receive RaftClientReply:client-835E41B928D6->6dd5d97a-7455-476f-86d1-706748154c4a@group-349356213E97, cid=1753, SUCCESS, logIndex=0, commits[6dd5d97a-7455-476f-86d1-706748154c4a:c2541, 8c1a4ac2-2d71-4742-ab0b-89dcc95eb13f:c2539, c9d0001a-daad-4532-9e58-9f5f4a7ddd18:c2539]
2019-09-12 14:53:43,518 [grpc-default-executor-6] INFO  client.GrpcClientProtocolClient (GrpcClientProtocolClient.java:onNext(264)) - client-835E41B928D6->6dd5d97a-7455-476f-86d1-706748154c4a: receive RaftClientReply:client-835E41B928D6->6dd5d97a-7455-476f-86d1-706748154c4a@group-349356213E97, cid=1754, SUCCESS, logIndex=2542, commits[6dd5d97a-7455-476f-86d1-706748154c4a:c2545, 8c1a4ac2-2d71-4742-ab0b-89dcc95eb13f:c2541, c9d0001a-daad-4532-9e58-9f5f4a7ddd18:c2539]
2019-09-12 14:53:43,518 [grpc-default-executor-6] INFO  client.GrpcClientProtocolClient (GrpcClientProtocolClient.java:onNext(264)) - client-835E41B928D6->6dd5d97a-7455-476f-86d1-706748154c4a: receive RaftClientReply:client-835E41B928D6->6dd5d97a-7455-476f-86d1-706748154c4a@group-349356213E97, cid=1755, SUCCESS, logIndex=2543, commits[6dd5d97a-7455-476f-86d1-706748154c4a:c2545, 8c1a4ac2-2d71-4742-ab0b-89dcc95eb13f:c2541, c9d0001a-daad-4532-9e58-9f5f4a7ddd18:c2539]
2019-09-12 14:53:43,518 [grpc-default-executor-6] INFO  client.GrpcClientProtocolClient (GrpcClientProtocolClient.java:onNext(264)) - client-835E41B928D6->6dd5d97a-7455-476f-86d1-706748154c4a: receive RaftClientReply:client-835E41B928D6->6dd5d97a-7455-476f-86d1-706748154c4a@group-349356213E97, cid=1756, SUCCESS, logIndex=2544, commits[6dd5d97a-7455-476f-86d1-706748154c4a:c2545, 8c1a4ac2-2d71-4742-ab0b-89dcc95eb13f:c2541, c9d0001a-daad-4532-9e58-9f5f4a7ddd18:c2539]
2019-09-12 14:53:43,519 [grpc-default-executor-6] INFO  client.GrpcClientProtocolClient (GrpcClientProtocolClient.java:onNext(264)) - client-835E41B928D6->6dd5d97a-7455-476f-86d1-706748154c4a: receive RaftClientReply:client-835E41B928D6->6dd5d97a-7455-476f-86d1-706748154c4a@group-349356213E97, cid=1757, SUCCESS, logIndex=2545, commits[6dd5d97a-7455-476f-86d1-706748154c4a:c2545, 8c1a4ac2-2d71-4742-ab0b-89dcc95eb13f:c2541, c9d0001a-daad-4532-9e58-9f5f4a7ddd18:c2539]
2019-09-12 14:53:43,653 [grpc-default-executor-6] INFO  client.GrpcClientProtocolClient (GrpcClientProtocolClient.java:onNext(264)) - client-835E41B928D6->6dd5d97a-7455-476f-86d1-706748154c4a: receive RaftClientReply:client-835E41B928D6->6dd5d97a-7455-476f-86d1-706748154c4a@group-349356213E97, cid=1758, SUCCESS, logIndex=0, commits[6dd5d97a-7455-476f-86d1-706748154c4a:c2548, 8c1a4ac2-2d71-4742-ab0b-89dcc95eb13f:c2545, c9d0001a-daad-4532-9e58-9f5f4a7ddd18:c2544]
2019-09-12 14:53:43,675 [grpc-default-executor-5] INFO  client.GrpcClientProtocolClient (GrpcClientProtocolClient.java:onNext(264)) - client-835E41B928D6->6dd5d97a-7455-476f-86d1-706748154c4a: receive RaftClientReply:client-835E41B928D6->6dd5d97a-7455-476f-86d1-706748154c4a@group-349356213E97, cid=1759, SUCCESS, logIndex=2549, commits[6dd5d97a-7455-476f-86d1-706748154c4a:c2549, 8c1a4ac2-2d71-4742-ab0b-89dcc95eb13f:c2548, c9d0001a-daad-4532-9e58-9f5f4a7ddd18:c2545]
2019-09-12 14:53:43,676 [grpc-default-executor-5] INFO  client.GrpcClientProtocolClient (GrpcClientProtocolClient.java:onNext(264)) - client-835E41B928D6->6dd5d97a-7455-476f-86d1-706748154c4a: receive RaftClientReply:client-835E41B928D6->6dd5d97a-7455-476f-86d1-706748154c4a@group-349356213E97, cid=1760, SUCCESS, logIndex=2550, commits[6dd5d97a-7455-476f-86d1-706748154c4a:c2550, 8c1a4ac2-2d71-4742-ab0b-89dcc95eb13f:c2548, c9d0001a-daad-4532-9e58-9f5f4a7ddd18:c2548]
2019-09-12 14:53:43,689 [grpc-default-executor-5] INFO  client.GrpcClientProtocolClient (GrpcClientProtocolClient.java:onNext(264)) - client-835E41B928D6->6dd5d97a-7455-476f-86d1-706748154c4a: receive RaftClientReply:client-835E41B928D6->6dd5d97a-7455-476f-86d1-706748154c4a@group-349356213E97, cid=1761, SUCCESS, logIndex=2553, commits[6dd5d97a-7455-476f-86d1-706748154c4a:c2553, 8c1a4ac2-2d71-4742-ab0b-89dcc95eb13f:c2550, c9d0001a-daad-4532-9e58-9f5f4a7ddd18:c2549]
2019-09-12 14:53:43,689 [grpc-default-executor-5] INFO  client.GrpcClientProtocolClient (GrpcClientProtocolClient.java:onNext(264)) - client-835E41B928D6->6dd5d97a-7455-476f-86d1-706748154c4a: receive RaftClientReply:client-835E41B928D6->6dd5d97a-7455-476f-86d1-706748154c4a@group-349356213E97, cid=1762, SUCCESS, logIndex=2554, commits[6dd5d97a-7455-476f-86d1-706748154c4a:c2554, 8c1a4ac2-2d71-4742-ab0b-89dcc95eb13f:c2550, c9d0001a-daad-4532-9e58-9f5f4a7ddd18:c2549]
2019-09-12 14:53:43,691 [grpc-default-executor-5] INFO  client.GrpcClientProtocolClient (GrpcClientProtocolClient.java:onNext(264)) - client-835E41B928D6->6dd5d97a-7455-476f-86d1-706748154c4a: receive RaftClientReply:client-835E41B928D6->6dd5d97a-7455-476f-86d1-706748154c4a@group-349356213E97, cid=1763, SUCCESS, logIndex=0, commits[6dd5d97a-7455-476f-86d1-706748154c4a:c2555, 8c1a4ac2-2d71-4742-ab0b-89dcc95eb13f:c2553, c9d0001a-daad-4532-9e58-9f5f4a7ddd18:c2550]
2019-09-12 14:53:43,692 [grpc-default-executor-5] INFO  client.GrpcClientProtocolClient (GrpcClientProtocolClient.java:onNext(264)) - client-835E41B928D6->6dd5d97a-7455-476f-86d1-706748154c4a: receive RaftClientReply:client-835E41B928D6->6dd5d97a-7455-476f-86d1-706748154c4a@group-349356213E97, cid=1764, SUCCESS, logIndex=0, commits[6dd5d97a-7455-476f-86d1-706748154c4a:c2556, 8c1a4ac2-2d71-4742-ab0b-89dcc95eb13f:c2554, c9d0001a-daad-4532-9e58-9f5f4a7ddd18:c2554]
2019-09-12 14:53:43,726 [grpc-default-executor-5] INFO  client.GrpcClientProtocolClient (GrpcClientProtocolClient.java:onNext(264)) - client-835E41B928D6->6dd5d97a-7455-476f-86d1-706748154c4a: receive RaftClientReply:client-835E41B928D6->6dd5d97a-7455-476f-86d1-706748154c4a@group-349356213E97, cid=1765, SUCCESS, logIndex=2557, commits[6dd5d97a-7455-476f-86d1-706748154c4a:c2559, 8c1a4ac2-2d71-4742-ab0b-89dcc95eb13f:c2556, c9d0001a-daad-4532-9e58-9f5f4a7ddd18:c2556]
2019-09-12 14:53:43,727 [grpc-default-executor-5] INFO  client.GrpcClientProtocolClient (GrpcClientProtocolClient.java:onNext(264)) - client-835E41B928D6->6dd5d97a-7455-476f-86d1-706748154c4a: receive RaftClientReply:client-835E41B928D6->6dd5d97a-7455-476f-86d1-706748154c4a@group-349356213E97, cid=1766, SUCCESS, logIndex=2558, commits[6dd5d97a-7455-476f-86d1-706748154c4a:c2560, 8c1a4ac2-2d71-4742-ab0b-89dcc95eb13f:c2556, c9d0001a-daad-4532-9e58-9f5f4a7ddd18:c2556]
2019-09-12 14:53:43,727 [grpc-default-executor-5] INFO  client.GrpcClientProtocolClient (GrpcClientProtocolClient.java:onNext(264)) - client-835E41B928D6->6dd5d97a-7455-476f-86d1-706748154c4a: receive RaftClientReply:client-835E41B928D6->6dd5d97a-7455-476f-86d1-706748154c4a@group-349356213E97, cid=1767, SUCCESS, logIndex=2559, commits[6dd5d97a-7455-476f-86d1-706748154c4a:c2560, 8c1a4ac2-2d71-4742-ab0b-89dcc95eb13f:c2556, c9d0001a-daad-4532-9e58-9f5f4a7ddd18:c2556]
2019-09-12 14:53:43,727 [grpc-default-executor-5] INFO  client.GrpcClientProtocolClient (GrpcClientProtocolClient.java:onNext(264)) - client-835E41B928D6->6dd5d97a-7455-476f-86d1-706748154c4a: receive RaftClientReply:client-835E41B928D6->6dd5d97a-7455-476f-86d1-706748154c4a@group-349356213E97, cid=1768, SUCCESS, logIndex=2560, commits[6dd5d97a-7455-476f-86d1-706748154c4a:c2560, 8c1a4ac2-2d71-4742-ab0b-89dcc95eb13f:c2556, c9d0001a-daad-4532-9e58-9f5f4a7ddd18:c2556]
2019-09-12 14:53:43,738 [grpc-default-executor-5] INFO  client.GrpcClientProtocolClient (GrpcClientProtocolClient.java:onNext(264)) - client-835E41B928D6->6dd5d97a-7455-476f-86d1-706748154c4a: receive RaftClientReply:client-835E41B928D6->6dd5d97a-7455-476f-86d1-706748154c4a@group-349356213E97, cid=1769, SUCCESS, logIndex=0, commits[6dd5d97a-7455-476f-86d1-706748154c4a:c2561, 8c1a4ac2-2d71-4742-ab0b-89dcc95eb13f:c2558, c9d0001a-daad-4532-9e58-9f5f4a7ddd18:c2558]
2019-09-12 14:53:43,757 [grpc-default-executor-6] INFO  client.GrpcClientProtocolClient (GrpcClientProtocolClient.java:onNext(264)) - client-835E41B928D6->6dd5d97a-7455-476f-86d1-706748154c4a: receive RaftClientReply:client-835E41B928D6->6dd5d97a-7455-476f-86d1-706748154c4a@group-349356213E97, cid=1770, SUCCESS, logIndex=2565, commits[6dd5d97a-7455-476f-86d1-706748154c4a:c2566, 8c1a4ac2-2d71-4742-ab0b-89dcc95eb13f:c2564, c9d0001a-daad-4532-9e58-9f5f4a7ddd18:c2564]
2019-09-12 14:53:43,757 [grpc-default-executor-6] INFO  client.GrpcClientProtocolClient (GrpcClientProtocolClient.java:onNext(264)) - client-835E41B928D6->6dd5d97a-7455-476f-86d1-706748154c4a: receive RaftClientReply:client-835E41B928D6->6dd5d97a-7455-476f-86d1-706748154c4a@group-349356213E97, cid=1771, SUCCESS, logIndex=2566, commits[6dd5d97a-7455-476f-86d1-706748154c4a:c2566, 8c1a4ac2-2d71-4742-ab0b-89dcc95eb13f:c2564, c9d0001a-daad-4532-9e58-9f5f4a7ddd18:c2564]
2019-09-12 14:53:43,771 [grpc-default-executor-5] INFO  client.GrpcClientProtocolClient (GrpcClientProtocolClient.java:onNext(264)) - client-835E41B928D6->6dd5d97a-7455-476f-86d1-706748154c4a: receive RaftClientReply:client-835E41B928D6->6dd5d97a-7455-476f-86d1-706748154c4a@group-349356213E97, cid=1772, SUCCESS, logIndex=2569, commits[6dd5d97a-7455-476f-86d1-706748154c4a:c2569, 8c1a4ac2-2d71-4742-ab0b-89dcc95eb13f:c2566, c9d0001a-daad-4532-9e58-9f5f4a7ddd18:c2566]
2019-09-12 14:53:43,771 [grpc-default-executor-5] INFO  client.GrpcClientProtocolClient (GrpcClientProtocolClient.java:onNext(264)) - client-835E41B928D6->6dd5d97a-7455-476f-86d1-706748154c4a: receive RaftClientReply:client-835E41B928D6->6dd5d97a-7455-476f-86d1-706748154c4a@group-349356213E97, cid=1773, SUCCESS, logIndex=2570, commits[6dd5d97a-7455-476f-86d1-706748154c4a:c2570, 8c1a4ac2-2d71-4742-ab0b-89dcc95eb13f:c2566, c9d0001a-daad-4532-9e58-9f5f4a7ddd18:c2566]
2019-09-12 14:53:43,783 [grpc-default-executor-5] INFO  client.GrpcClientProtocolClient (GrpcClientProtocolClient.java:onNext(264)) - client-835E41B928D6->6dd5d97a-7455-476f-86d1-706748154c4a: receive RaftClientReply:client-835E41B928D6->6dd5d97a-7455-476f-86d1-706748154c4a@group-349356213E97, cid=1774, SUCCESS, logIndex=0, commits[6dd5d97a-7455-476f-86d1-706748154c4a:c2572, 8c1a4ac2-2d71-4742-ab0b-89dcc95eb13f:c2570, c9d0001a-daad-4532-9e58-9f5f4a7ddd18:c2570]
2019-09-12 14:53:43,814 [grpc-default-executor-5] INFO  client.GrpcClientProtocolClient (GrpcClientProtocolClient.java:onNext(264)) - client-835E41B928D6->6dd5d97a-7455-476f-86d1-706748154c4a: receive RaftClientReply:client-835E41B928D6->6dd5d97a-7455-476f-86d1-706748154c4a@group-349356213E97, cid=1775, SUCCESS, logIndex=2573, commits[6dd5d97a-7455-476f-86d1-706748154c4a:c2575, 8c1a4ac2-2d71-4742-ab0b-89dcc95eb13f:c2572, c9d0001a-daad-4532-9e58-9f5f4a7ddd18:c2572]
2019-09-12 14:53:43,814 [grpc-default-executor-5] INFO  client.GrpcClientProtocolClient (GrpcClientProtocolClient.java:onNext(264)) - client-835E41B928D6->6dd5d97a-7455-476f-86d1-706748154c4a: receive RaftClientReply:client-835E41B928D6->6dd5d97a-7455-476f-86d1-706748154c4a@group-349356213E97, cid=1776, SUCCESS, logIndex=2574, commits[6dd5d97a-7455-476f-86d1-706748154c4a:c2576, 8c1a4ac2-2d71-4742-ab0b-89dcc95eb13f:c2572, c9d0001a-daad-4532-9e58-9f5f4a7ddd18:c2572]
2019-09-12 14:53:43,815 [grpc-default-executor-5] INFO  client.GrpcClientProtocolClient (GrpcClientProtocolClient.java:onNext(264)) - client-835E41B928D6->6dd5d97a-7455-476f-86d1-706748154c4a: receive RaftClientReply:client-835E41B928D6->6dd5d97a-7455-476f-86d1-706748154c4a@group-349356213E97, cid=1777, SUCCESS, logIndex=2575, commits[6dd5d97a-7455-476f-86d1-706748154c4a:c2576, 8c1a4ac2-2d71-4742-ab0b-89dcc95eb13f:c2572, c9d0001a-daad-4532-9e58-9f5f4a7ddd18:c2572]
2019-09-12 14:53:43,815 [grpc-default-executor-5] INFO  client.GrpcClientProtocolClient (GrpcClientProtocolClient.java:onNext(264)) - client-835E41B928D6->6dd5d97a-7455-476f-86d1-706748154c4a: receive RaftClientReply:client-835E41B928D6->6dd5d97a-7455-476f-86d1-706748154c4a@group-349356213E97, cid=1778, SUCCESS, logIndex=2576, commits[6dd5d97a-7455-476f-86d1-706748154c4a:c2576, 8c1a4ac2-2d71-4742-ab0b-89dcc95eb13f:c2572, c9d0001a-daad-4532-9e58-9f5f4a7ddd18:c2572]
2019-09-12 14:53:43,824 [grpc-default-executor-5] INFO  client.GrpcClientProtocolClient (GrpcClientProtocolClient.java:onNext(264)) - client-835E41B928D6->6dd5d97a-7455-476f-86d1-706748154c4a: receive RaftClientReply:client-835E41B928D6->6dd5d97a-7455-476f-86d1-706748154c4a@group-349356213E97, cid=1779, SUCCESS, logIndex=0, commits[6dd5d97a-7455-476f-86d1-706748154c4a:c2577, 8c1a4ac2-2d71-4742-ab0b-89dcc95eb13f:c2574, c9d0001a-daad-4532-9e58-9f5f4a7ddd18:c2574]
2019-09-12 14:53:43,851 [grpc-default-executor-5] INFO  client.GrpcClientProtocolClient (GrpcClientProtocolClient.java:onNext(264)) - client-835E41B928D6->6dd5d97a-7455-476f-86d1-706748154c4a: receive RaftClientReply:client-835E41B928D6->6dd5d97a-7455-476f-86d1-706748154c4a@group-349356213E97, cid=1780, SUCCESS, logIndex=2581, commits[6dd5d97a-7455-476f-86d1-706748154c4a:c2582, 8c1a4ac2-2d71-4742-ab0b-89dcc95eb13f:c2580, c9d0001a-daad-4532-9e58-9f5f4a7ddd18:c2580]
2019-09-12 14:53:43,851 [grpc-default-executor-5] INFO  client.GrpcClientProtocolClient (GrpcClientProtocolClient.java:onNext(264)) - client-835E41B928D6->6dd5d97a-7455-476f-86d1-706748154c4a: receive RaftClientReply:client-835E41B928D6->6dd5d97a-7455-476f-86d1-706748154c4a@group-349356213E97, cid=1781, SUCCESS, logIndex=2582, commits[6dd5d97a-7455-476f-86d1-706748154c4a:c2582, 8c1a4ac2-2d71-4742-ab0b-89dcc95eb13f:c2580, c9d0001a-daad-4532-9e58-9f5f4a7ddd18:c2580]
2019-09-12 14:53:43,873 [grpc-default-executor-6] INFO  client.GrpcClientProtocolClient (GrpcClientProtocolClient.java:onNext(264)) - client-835E41B928D6->6dd5d97a-7455-476f-86d1-706748154c4a: receive RaftClientReply:client-835E41B928D6->6dd5d97a-7455-476f-86d1-706748154c4a@group-349356213E97, cid=1782, SUCCESS, logIndex=2585, commits[6dd5d97a-7455-476f-86d1-706748154c4a:c2585, 8c1a4ac2-2d71-4742-ab0b-89dcc95eb13f:c2584, c9d0001a-daad-4532-9e58-9f5f4a7ddd18:c2584]
2019-09-12 14:53:43,874 [grpc-default-executor-6] INFO  client.GrpcClientProtocolClient (GrpcClientProtocolClient.java:onNext(264)) - client-835E41B928D6->6dd5d97a-7455-476f-86d1-706748154c4a: receive RaftClientReply:client-835E41B928D6->6dd5d97a-7455-476f-86d1-706748154c4a@group-349356213E97, cid=1783, SUCCESS, logIndex=2586, commits[6dd5d97a-7455-476f-86d1-706748154c4a:c2586, 8c1a4ac2-2d71-4742-ab0b-89dcc95eb13f:c2584, c9d0001a-daad-4532-9e58-9f5f4a7ddd18:c2584]
2019-09-12 14:53:43,886 [grpc-default-executor-6] INFO  client.GrpcClientProtocolClient (GrpcClientProtocolClient.java:onNext(264)) - client-835E41B928D6->6dd5d97a-7455-476f-86d1-706748154c4a: receive RaftClientReply:client-835E41B928D6->6dd5d97a-7455-476f-86d1-706748154c4a@group-349356213E97, cid=1784, SUCCESS, logIndex=0, commits[6dd5d97a-7455-476f-86d1-706748154c4a:c2588, 8c1a4ac2-2d71-4742-ab0b-89dcc95eb13f:c2586, c9d0001a-daad-4532-9e58-9f5f4a7ddd18:c2586]
2019-09-12 14:53:43,930 [grpc-default-executor-5] INFO  client.GrpcClientProtocolClient (GrpcClientProtocolClient.java:onNext(264)) - client-835E41B928D6->6dd5d97a-7455-476f-86d1-706748154c4a: receive RaftClientReply:client-835E41B928D6->6dd5d97a-7455-476f-86d1-706748154c4a@group-349356213E97, cid=1785, SUCCESS, logIndex=2589, commits[6dd5d97a-7455-476f-86d1-706748154c4a:c2591, 8c1a4ac2-2d71-4742-ab0b-89dcc95eb13f:c2588, c9d0001a-daad-4532-9e58-9f5f4a7ddd18:c2588]
2019-09-12 14:53:43,931 [grpc-default-executor-5] INFO  client.GrpcClientProtocolClient (GrpcClientProtocolClient.java:onNext(264)) - client-835E41B928D6->6dd5d97a-7455-476f-86d1-706748154c4a: receive RaftClientReply:client-835E41B928D6->6dd5d97a-7455-476f-86d1-706748154c4a@group-349356213E97, cid=1786, SUCCESS, logIndex=2590, commits[6dd5d97a-7455-476f-86d1-706748154c4a:c2592, 8c1a4ac2-2d71-4742-ab0b-89dcc95eb13f:c2588, c9d0001a-daad-4532-9e58-9f5f4a7ddd18:c2588]
2019-09-12 14:53:43,931 [grpc-default-executor-5] INFO  client.GrpcClientProtocolClient (GrpcClientProtocolClient.java:onNext(264)) - client-835E41B928D6->6dd5d97a-7455-476f-86d1-706748154c4a: receive RaftClientReply:client-835E41B928D6->6dd5d97a-7455-476f-86d1-706748154c4a@group-349356213E97, cid=1787, SUCCESS, logIndex=2591, commits[6dd5d97a-7455-476f-86d1-706748154c4a:c2592, 8c1a4ac2-2d71-4742-ab0b-89dcc95eb13f:c2588, c9d0001a-daad-4532-9e58-9f5f4a7ddd18:c2588]
2019-09-12 14:53:43,931 [grpc-default-executor-5] INFO  client.GrpcClientProtocolClient (GrpcClientProtocolClient.java:onNext(264)) - client-835E41B928D6->6dd5d97a-7455-476f-86d1-706748154c4a: receive RaftClientReply:client-835E41B928D6->6dd5d97a-7455-476f-86d1-706748154c4a@group-349356213E97, cid=1788, SUCCESS, logIndex=2592, commits[6dd5d97a-7455-476f-86d1-706748154c4a:c2592, 8c1a4ac2-2d71-4742-ab0b-89dcc95eb13f:c2588, c9d0001a-daad-4532-9e58-9f5f4a7ddd18:c2588]
2019-09-12 14:53:43,932 [grpc-default-executor-5] INFO  client.GrpcClientProtocolClient (GrpcClientProtocolClient.java:onNext(264)) - client-835E41B928D6->6dd5d97a-7455-476f-86d1-706748154c4a: receive RaftClientReply:client-835E41B928D6->6dd5d97a-7455-476f-86d1-706748154c4a@group-349356213E97, cid=1789, SUCCESS, logIndex=0, commits[6dd5d97a-7455-476f-86d1-706748154c4a:c2593, 8c1a4ac2-2d71-4742-ab0b-89dcc95eb13f:c2590, c9d0001a-daad-4532-9e58-9f5f4a7ddd18:c2590]
2019-09-12 14:53:43,951 [grpc-default-executor-6] INFO  client.GrpcClientProtocolClient (GrpcClientProtocolClient.java:onNext(264)) - client-835E41B928D6->6dd5d97a-7455-476f-86d1-706748154c4a: receive RaftClientReply:client-835E41B928D6->6dd5d97a-7455-476f-86d1-706748154c4a@group-349356213E97, cid=1790, SUCCESS, logIndex=2597, commits[6dd5d97a-7455-476f-86d1-706748154c4a:c2598, 8c1a4ac2-2d71-4742-ab0b-89dcc95eb13f:c2596, c9d0001a-daad-4532-9e58-9f5f4a7ddd18:c2596]
2019-09-12 14:53:43,952 [grpc-default-executor-6] INFO  client.GrpcClientProtocolClient (GrpcClientProtocolClient.java:onNext(264)) - client-835E41B928D6->6dd5d97a-7455-476f-86d1-706748154c4a: receive RaftClientReply:client-835E41B928D6->6dd5d97a-7455-476f-86d1-706748154c4a@group-349356213E97, cid=1791, SUCCESS, logIndex=2598, commits[6dd5d97a-7455-476f-86d1-706748154c4a:c2598, 8c1a4ac2-2d71-4742-ab0b-89dcc95eb13f:c2596, c9d0001a-daad-4532-9e58-9f5f4a7ddd18:c2596]
2019-09-12 14:53:43,964 [grpc-default-executor-2] INFO  client.GrpcClientProtocolClient (GrpcClientProtocolClient.java:onNext(264)) - client-835E41B928D6->6dd5d97a-7455-476f-86d1-706748154c4a: receive RaftClientReply:client-835E41B928D6->6dd5d97a-7455-476f-86d1-706748154c4a@group-349356213E97, cid=1792, SUCCESS, logIndex=2601, commits[6dd5d97a-7455-476f-86d1-706748154c4a:c2602, 8c1a4ac2-2d71-4742-ab0b-89dcc95eb13f:c2598, c9d0001a-daad-4532-9e58-9f5f4a7ddd18:c2598]
2019-09-12 14:53:43,965 [grpc-default-executor-2] INFO  client.GrpcClientProtocolClient (GrpcClientProtocolClient.java:onNext(264)) - client-835E41B928D6->6dd5d97a-7455-476f-86d1-706748154c4a: receive RaftClientReply:client-835E41B928D6->6dd5d97a-7455-476f-86d1-706748154c4a@group-349356213E97, cid=1793, SUCCESS, logIndex=2602, commits[6dd5d97a-7455-476f-86d1-706748154c4a:c2602, 8c1a4ac2-2d71-4742-ab0b-89dcc95eb13f:c2598, c9d0001a-daad-4532-9e58-9f5f4a7ddd18:c2598]
2019-09-12 14:53:43,979 [grpc-default-executor-2] INFO  client.GrpcClientProtocolClient (GrpcClientProtocolClient.java:onNext(264)) - client-835E41B928D6->6dd5d97a-7455-476f-86d1-706748154c4a: receive RaftClientReply:client-835E41B928D6->6dd5d97a-7455-476f-86d1-706748154c4a@group-349356213E97, cid=1794, SUCCESS, logIndex=0, commits[6dd5d97a-7455-476f-86d1-706748154c4a:c2604, 8c1a4ac2-2d71-4742-ab0b-89dcc95eb13f:c2602, c9d0001a-daad-4532-9e58-9f5f4a7ddd18:c2602]
2019-09-12 14:53:44,005 [grpc-default-executor-5] INFO  client.GrpcClientProtocolClient (GrpcClientProtocolClient.java:onNext(264)) - client-835E41B928D6->6dd5d97a-7455-476f-86d1-706748154c4a: receive RaftClientReply:client-835E41B928D6->6dd5d97a-7455-476f-86d1-706748154c4a@group-349356213E97, cid=1795, SUCCESS, logIndex=2605, commits[6dd5d97a-7455-476f-86d1-706748154c4a:c2606, 8c1a4ac2-2d71-4742-ab0b-89dcc95eb13f:c2604, c9d0001a-daad-4532-9e58-9f5f4a7ddd18:c2604]
2019-09-12 14:53:44,005 [grpc-default-executor-5] INFO  client.GrpcClientProtocolClient (GrpcClientProtocolClient.java:onNext(264)) - client-835E41B928D6->6dd5d97a-7455-476f-86d1-706748154c4a: receive RaftClientReply:client-835E41B928D6->6dd5d97a-7455-476f-86d1-706748154c4a@group-349356213E97, cid=1796, SUCCESS, logIndex=2606, commits[6dd5d97a-7455-476f-86d1-706748154c4a:c2608, 8c1a4ac2-2d71-4742-ab0b-89dcc95eb13f:c2604, c9d0001a-daad-4532-9e58-9f5f4a7ddd18:c2604]
2019-09-12 14:53:44,006 [grpc-default-executor-5] INFO  client.GrpcClientProtocolClient (GrpcClientProtocolClient.java:onNext(264)) - client-835E41B928D6->6dd5d97a-7455-476f-86d1-706748154c4a: receive RaftClientReply:client-835E41B928D6->6dd5d97a-7455-476f-86d1-706748154c4a@group-349356213E97, cid=1797, SUCCESS, logIndex=2607, commits[6dd5d97a-7455-476f-86d1-706748154c4a:c2608, 8c1a4ac2-2d71-4742-ab0b-89dcc95eb13f:c2604, c9d0001a-daad-4532-9e58-9f5f4a7ddd18:c2604]
2019-09-12 14:53:44,006 [grpc-default-executor-5] INFO  client.GrpcClientProtocolClient (GrpcClientProtocolClient.java:onNext(264)) - client-835E41B928D6->6dd5d97a-7455-476f-86d1-706748154c4a: receive RaftClientReply:client-835E41B928D6->6dd5d97a-7455-476f-86d1-706748154c4a@group-349356213E97, cid=1798, SUCCESS, logIndex=2608, commits[6dd5d97a-7455-476f-86d1-706748154c4a:c2608, 8c1a4ac2-2d71-4742-ab0b-89dcc95eb13f:c2604, c9d0001a-daad-4532-9e58-9f5f4a7ddd18:c2604]
2019-09-12 14:53:44,007 [grpc-default-executor-5] INFO  client.GrpcClientProtocolClient (GrpcClientProtocolClient.java:onNext(264)) - client-835E41B928D6->6dd5d97a-7455-476f-86d1-706748154c4a: receive RaftClientReply:client-835E41B928D6->6dd5d97a-7455-476f-86d1-706748154c4a@group-349356213E97, cid=1799, SUCCESS, logIndex=0, commits[6dd5d97a-7455-476f-86d1-706748154c4a:c2609, 8c1a4ac2-2d71-4742-ab0b-89dcc95eb13f:c2606, c9d0001a-daad-4532-9e58-9f5f4a7ddd18:c2607]
2019-09-12 14:53:44,025 [grpc-default-executor-5] INFO  client.GrpcClientProtocolClient (GrpcClientProtocolClient.java:onNext(264)) - client-835E41B928D6->6dd5d97a-7455-476f-86d1-706748154c4a: receive RaftClientReply:client-835E41B928D6->6dd5d97a-7455-476f-86d1-706748154c4a@group-349356213E97, cid=1800, SUCCESS, logIndex=2613, commits[6dd5d97a-7455-476f-86d1-706748154c4a:c2614, 8c1a4ac2-2d71-4742-ab0b-89dcc95eb13f:c2612, c9d0001a-daad-4532-9e58-9f5f4a7ddd18:c2612]
2019-09-12 14:53:44,025 [grpc-default-executor-5] INFO  client.GrpcClientProtocolClient (GrpcClientProtocolClient.java:onNext(264)) - client-835E41B928D6->6dd5d97a-7455-476f-86d1-706748154c4a: receive RaftClientReply:client-835E41B928D6->6dd5d97a-7455-476f-86d1-706748154c4a@group-349356213E97, cid=1801, SUCCESS, logIndex=2614, commits[6dd5d97a-7455-476f-86d1-706748154c4a:c2614, 8c1a4ac2-2d71-4742-ab0b-89dcc95eb13f:c2612, c9d0001a-daad-4532-9e58-9f5f4a7ddd18:c2612]
2019-09-12 14:53:44,038 [grpc-default-executor-6] INFO  client.GrpcClientProtocolClient (GrpcClientProtocolClient.java:onNext(264)) - client-835E41B928D6->6dd5d97a-7455-476f-86d1-706748154c4a: receive RaftClientReply:client-835E41B928D6->6dd5d97a-7455-476f-86d1-706748154c4a@group-349356213E97, cid=1802, SUCCESS, logIndex=2617, commits[6dd5d97a-7455-476f-86d1-706748154c4a:c2618, 8c1a4ac2-2d71-4742-ab0b-89dcc95eb13f:c2614, c9d0001a-daad-4532-9e58-9f5f4a7ddd18:c2614]
2019-09-12 14:53:44,038 [grpc-default-executor-6] INFO  client.GrpcClientProtocolClient (GrpcClientProtocolClient.java:onNext(264)) - client-835E41B928D6->6dd5d97a-7455-476f-86d1-706748154c4a: receive RaftClientReply:client-835E41B928D6->6dd5d97a-7455-476f-86d1-706748154c4a@group-349356213E97, cid=1803, SUCCESS, logIndex=2618, commits[6dd5d97a-7455-476f-86d1-706748154c4a:c2618, 8c1a4ac2-2d71-4742-ab0b-89dcc95eb13f:c2614, c9d0001a-daad-4532-9e58-9f5f4a7ddd18:c2614]
2019-09-12 14:53:44,040 [grpc-default-executor-6] INFO  client.GrpcClientProtocolClient (GrpcClientProtocolClient.java:onNext(264)) - client-835E41B928D6->6dd5d97a-7455-476f-86d1-706748154c4a: receive RaftClientReply:client-835E41B928D6->6dd5d97a-7455-476f-86d1-706748154c4a@group-349356213E97, cid=1804, SUCCESS, logIndex=0, commits[6dd5d97a-7455-476f-86d1-706748154c4a:c2619, 8c1a4ac2-2d71-4742-ab0b-89dcc95eb13f:c2618, c9d0001a-daad-4532-9e58-9f5f4a7ddd18:c2618]
2019-09-12 14:53:44,058 [grpc-default-executor-5] INFO  client.GrpcClientProtocolClient (GrpcClientProtocolClient.java:onNext(264)) - client-835E41B928D6->6dd5d97a-7455-476f-86d1-706748154c4a: receive RaftClientReply:client-835E41B928D6->6dd5d97a-7455-476f-86d1-706748154c4a@group-349356213E97, cid=1805, SUCCESS, logIndex=2621, commits[6dd5d97a-7455-476f-86d1-706748154c4a:c2622, 8c1a4ac2-2d71-4742-ab0b-89dcc95eb13f:c2620, c9d0001a-daad-4532-9e58-9f5f4a7ddd18:c2618]
2019-09-12 14:53:44,058 [grpc-default-executor-5] INFO  client.GrpcClientProtocolClient (GrpcClientProtocolClient.java:onNext(264)) - client-835E41B928D6->6dd5d97a-7455-476f-86d1-706748154c4a: receive RaftClientReply:client-835E41B928D6->6dd5d97a-7455-476f-86d1-706748154c4a@group-349356213E97, cid=1806, SUCCESS, logIndex=2622, commits[6dd5d97a-7455-476f-86d1-706748154c4a:c2622, 8c1a4ac2-2d71-4742-ab0b-89dcc95eb13f:c2620, c9d0001a-daad-4532-9e58-9f5f4a7ddd18:c2618]
2019-09-12 14:53:44,060 [grpc-default-executor-5] INFO  client.GrpcClientProtocolClient (GrpcClientProtocolClient.java:onNext(264)) - client-835E41B928D6->6dd5d97a-7455-476f-86d1-706748154c4a: receive RaftClientReply:client-835E41B928D6->6dd5d97a-7455-476f-86d1-706748154c4a@group-349356213E97, cid=1807, SUCCESS, logIndex=2623, commits[6dd5d97a-7455-476f-86d1-706748154c4a:c2624, 8c1a4ac2-2d71-4742-ab0b-89dcc95eb13f:c2620, c9d0001a-daad-4532-9e58-9f5f4a7ddd18:c2620]
2019-09-12 14:53:44,060 [grpc-default-executor-5] INFO  client.GrpcClientProtocolClient (GrpcClientProtocolClient.java:onNext(264)) - client-835E41B928D6->6dd5d97a-7455-476f-86d1-706748154c4a: receive RaftClientReply:client-835E41B928D6->6dd5d97a-7455-476f-86d1-706748154c4a@group-349356213E97, cid=1808, SUCCESS, logIndex=2624, commits[6dd5d97a-7455-476f-86d1-706748154c4a:c2624, 8c1a4ac2-2d71-4742-ab0b-89dcc95eb13f:c2620, c9d0001a-daad-4532-9e58-9f5f4a7ddd18:c2620]
2019-09-12 14:53:44,062 [grpc-default-executor-6] INFO  client.GrpcClientProtocolClient (GrpcClientProtocolClient.java:onNext(264)) - client-835E41B928D6->6dd5d97a-7455-476f-86d1-706748154c4a: receive RaftClientReply:client-835E41B928D6->6dd5d97a-7455-476f-86d1-706748154c4a@group-349356213E97, cid=1809, SUCCESS, logIndex=0, commits[6dd5d97a-7455-476f-86d1-706748154c4a:c2626, 8c1a4ac2-2d71-4742-ab0b-89dcc95eb13f:c2622, c9d0001a-daad-4532-9e58-9f5f4a7ddd18:c2622]
2019-09-12 14:53:44,074 [grpc-default-executor-5] INFO  client.GrpcClientProtocolClient (GrpcClientProtocolClient.java:onNext(264)) - client-835E41B928D6->6dd5d97a-7455-476f-86d1-706748154c4a: receive RaftClientReply:client-835E41B928D6->6dd5d97a-7455-476f-86d1-706748154c4a@group-349356213E97, cid=1810, SUCCESS, logIndex=2629, commits[6dd5d97a-7455-476f-86d1-706748154c4a:c2630, 8c1a4ac2-2d71-4742-ab0b-89dcc95eb13f:c2624, c9d0001a-daad-4532-9e58-9f5f4a7ddd18:c2628]
2019-09-12 14:53:44,074 [grpc-default-executor-5] INFO  client.GrpcClientProtocolClient (GrpcClientProtocolClient.java:onNext(264)) - client-835E41B928D6->6dd5d97a-7455-476f-86d1-706748154c4a: receive RaftClientReply:client-835E41B928D6->6dd5d97a-7455-476f-86d1-706748154c4a@group-349356213E97, cid=1811, SUCCESS, logIndex=2630, commits[6dd5d97a-7455-476f-86d1-706748154c4a:c2630, 8c1a4ac2-2d71-4742-ab0b-89dcc95eb13f:c2628, c9d0001a-daad-4532-9e58-9f5f4a7ddd18:c2628]
2019-09-12 14:53:44,099 [grpc-default-executor-6] INFO  client.GrpcClientProtocolClient (GrpcClientProtocolClient.java:onNext(264)) - client-835E41B928D6->6dd5d97a-7455-476f-86d1-706748154c4a: receive RaftClientReply:client-835E41B928D6->6dd5d97a-7455-476f-86d1-706748154c4a@group-349356213E97, cid=1812, SUCCESS, logIndex=2633, commits[6dd5d97a-7455-476f-86d1-706748154c4a:c2634, 8c1a4ac2-2d71-4742-ab0b-89dcc95eb13f:c2632, c9d0001a-daad-4532-9e58-9f5f4a7ddd18:c2630]
2019-09-12 14:53:44,100 [grpc-default-executor-6] INFO  client.GrpcClientProtocolClient (GrpcClientProtocolClient.java:onNext(264)) - client-835E41B928D6->6dd5d97a-7455-476f-86d1-706748154c4a: receive RaftClientReply:client-835E41B928D6->6dd5d97a-7455-476f-86d1-706748154c4a@group-349356213E97, cid=1813, SUCCESS, logIndex=2634, commits[6dd5d97a-7455-476f-86d1-706748154c4a:c2634, 8c1a4ac2-2d71-4742-ab0b-89dcc95eb13f:c2632, c9d0001a-daad-4532-9e58-9f5f4a7ddd18:c2632]
2019-09-12 14:53:44,114 [grpc-default-executor-6] INFO  client.GrpcClientProtocolClient (GrpcClientProtocolClient.java:onNext(264)) - client-835E41B928D6->6dd5d97a-7455-476f-86d1-706748154c4a: receive RaftClientReply:client-835E41B928D6->6dd5d97a-7455-476f-86d1-706748154c4a@group-349356213E97, cid=1814, SUCCESS, logIndex=0, commits[6dd5d97a-7455-476f-86d1-706748154c4a:c2635, 8c1a4ac2-2d71-4742-ab0b-89dcc95eb13f:c2634, c9d0001a-daad-4532-9e58-9f5f4a7ddd18:c2634]
2019-09-12 14:53:44,144 [grpc-default-executor-2] INFO  client.GrpcClientProtocolClient (GrpcClientProtocolClient.java:onNext(264)) - client-835E41B928D6->6dd5d97a-7455-476f-86d1-706748154c4a: receive RaftClientReply:client-835E41B928D6->6dd5d97a-7455-476f-86d1-706748154c4a@group-349356213E97, cid=1815, SUCCESS, logIndex=2637, commits[6dd5d97a-7455-476f-86d1-706748154c4a:c2640, 8c1a4ac2-2d71-4742-ab0b-89dcc95eb13f:c2636, c9d0001a-daad-4532-9e58-9f5f4a7ddd18:c2636]
2019-09-12 14:53:44,144 [grpc-default-executor-2] INFO  client.GrpcClientProtocolClient (GrpcClientProtocolClient.java:onNext(264)) - client-835E41B928D6->6dd5d97a-7455-476f-86d1-706748154c4a: receive RaftClientReply:client-835E41B928D6->6dd5d97a-7455-476f-86d1-706748154c4a@group-349356213E97, cid=1816, SUCCESS, logIndex=2638, commits[6dd5d97a-7455-476f-86d1-706748154c4a:c2640, 8c1a4ac2-2d71-4742-ab0b-89dcc95eb13f:c2636, c9d0001a-daad-4532-9e58-9f5f4a7ddd18:c2636]
2019-09-12 14:53:44,145 [grpc-default-executor-2] INFO  client.GrpcClientProtocolClient (GrpcClientProtocolClient.java:onNext(264)) - client-835E41B928D6->6dd5d97a-7455-476f-86d1-706748154c4a: receive RaftClientReply:client-835E41B928D6->6dd5d97a-7455-476f-86d1-706748154c4a@group-349356213E97, cid=1817, SUCCESS, logIndex=2639, commits[6dd5d97a-7455-476f-86d1-706748154c4a:c2640, 8c1a4ac2-2d71-4742-ab0b-89dcc95eb13f:c2636, c9d0001a-daad-4532-9e58-9f5f4a7ddd18:c2636]
2019-09-12 14:53:44,145 [grpc-default-executor-2] INFO  client.GrpcClientProtocolClient (GrpcClientProtocolClient.java:onNext(264)) - client-835E41B928D6->6dd5d97a-7455-476f-86d1-706748154c4a: receive RaftClientReply:client-835E41B928D6->6dd5d97a-7455-476f-86d1-706748154c4a@group-349356213E97, cid=1818, SUCCESS, logIndex=2640, commits[6dd5d97a-7455-476f-86d1-706748154c4a:c2640, 8c1a4ac2-2d71-4742-ab0b-89dcc95eb13f:c2636, c9d0001a-daad-4532-9e58-9f5f4a7ddd18:c2636]
2019-09-12 14:53:44,149 [grpc-default-executor-5] INFO  client.GrpcClientProtocolClient (GrpcClientProtocolClient.java:onNext(264)) - client-835E41B928D6->6dd5d97a-7455-476f-86d1-706748154c4a: receive RaftClientReply:client-835E41B928D6->6dd5d97a-7455-476f-86d1-706748154c4a@group-349356213E97, cid=1819, SUCCESS, logIndex=0, commits[6dd5d97a-7455-476f-86d1-706748154c4a:c2644, 8c1a4ac2-2d71-4742-ab0b-89dcc95eb13f:c2640, c9d0001a-daad-4532-9e58-9f5f4a7ddd18:c2639]
2019-09-12 14:53:44,169 [grpc-default-executor-5] INFO  client.GrpcClientProtocolClient (GrpcClientProtocolClient.java:onNext(264)) - client-835E41B928D6->6dd5d97a-7455-476f-86d1-706748154c4a: receive RaftClientReply:client-835E41B928D6->6dd5d97a-7455-476f-86d1-706748154c4a@group-349356213E97, cid=1820, SUCCESS, logIndex=2645, commits[6dd5d97a-7455-476f-86d1-706748154c4a:c2646, 8c1a4ac2-2d71-4742-ab0b-89dcc95eb13f:c2644, c9d0001a-daad-4532-9e58-9f5f4a7ddd18:c2644]
2019-09-12 14:53:44,169 [grpc-default-executor-5] INFO  client.GrpcClientProtocolClient (GrpcClientProtocolClient.java:onNext(264)) - client-835E41B928D6->6dd5d97a-7455-476f-86d1-706748154c4a: receive RaftClientReply:client-835E41B928D6->6dd5d97a-7455-476f-86d1-706748154c4a@group-349356213E97, cid=1821, SUCCESS, logIndex=2646, commits[6dd5d97a-7455-476f-86d1-706748154c4a:c2646, 8c1a4ac2-2d71-4742-ab0b-89dcc95eb13f:c2644, c9d0001a-daad-4532-9e58-9f5f4a7ddd18:c2644]
2019-09-12 14:53:44,183 [grpc-default-executor-5] INFO  client.GrpcClientProtocolClient (GrpcClientProtocolClient.java:onNext(264)) - client-835E41B928D6->6dd5d97a-7455-476f-86d1-706748154c4a: receive RaftClientReply:client-835E41B928D6->6dd5d97a-7455-476f-86d1-706748154c4a@group-349356213E97, cid=1822, SUCCESS, logIndex=2649, commits[6dd5d97a-7455-476f-86d1-706748154c4a:c2649, 8c1a4ac2-2d71-4742-ab0b-89dcc95eb13f:c2646, c9d0001a-daad-4532-9e58-9f5f4a7ddd18:c2646]
2019-09-12 14:53:44,183 [grpc-default-executor-5] INFO  client.GrpcClientProtocolClient (GrpcClientProtocolClient.java:onNext(264)) - client-835E41B928D6->6dd5d97a-7455-476f-86d1-706748154c4a: receive RaftClientReply:client-835E41B928D6->6dd5d97a-7455-476f-86d1-706748154c4a@group-349356213E97, cid=1823, SUCCESS, logIndex=2650, commits[6dd5d97a-7455-476f-86d1-706748154c4a:c2650, 8c1a4ac2-2d71-4742-ab0b-89dcc95eb13f:c2646, c9d0001a-daad-4532-9e58-9f5f4a7ddd18:c2646]
2019-09-12 14:53:44,196 [grpc-default-executor-5] INFO  client.GrpcClientProtocolClient (GrpcClientProtocolClient.java:onNext(264)) - client-835E41B928D6->6dd5d97a-7455-476f-86d1-706748154c4a: receive RaftClientReply:client-835E41B928D6->6dd5d97a-7455-476f-86d1-706748154c4a@group-349356213E97, cid=1824, SUCCESS, logIndex=0, commits[6dd5d97a-7455-476f-86d1-706748154c4a:c2652, 8c1a4ac2-2d71-4742-ab0b-89dcc95eb13f:c2650, c9d0001a-daad-4532-9e58-9f5f4a7ddd18:c2650]
2019-09-12 14:53:44,422 [grpc-default-executor-5] INFO  client.GrpcClientProtocolClient (GrpcClientProtocolClient.java:onNext(264)) - client-835E41B928D6->6dd5d97a-7455-476f-86d1-706748154c4a: receive RaftClientReply:client-835E41B928D6->6dd5d97a-7455-476f-86d1-706748154c4a@group-349356213E97, cid=1825, SUCCESS, logIndex=2653, commits[6dd5d97a-7455-476f-86d1-706748154c4a:c2654, 8c1a4ac2-2d71-4742-ab0b-89dcc95eb13f:c2652, c9d0001a-daad-4532-9e58-9f5f4a7ddd18:c2652]
2019-09-12 14:53:44,423 [grpc-default-executor-5] INFO  client.GrpcClientProtocolClient (GrpcClientProtocolClient.java:onNext(264)) - client-835E41B928D6->6dd5d97a-7455-476f-86d1-706748154c4a: receive RaftClientReply:client-835E41B928D6->6dd5d97a-7455-476f-86d1-706748154c4a@group-349356213E97, cid=1826, SUCCESS, logIndex=2654, commits[6dd5d97a-7455-476f-86d1-706748154c4a:c2656, 8c1a4ac2-2d71-4742-ab0b-89dcc95eb13f:c2652, c9d0001a-daad-4532-9e58-9f5f4a7ddd18:c2652]
 0.00% |█                                                                                                    |  0/1 Time: 0:00:122019-09-12 14:53:44,424 [grpc-default-executor-5] INFO  client.GrpcClientProtocolClient (GrpcClientProtocolClient.java:onNext(264)) - client-835E41B928D6->6dd5d97a-7455-476f-86d1-706748154c4a: receive RaftClientReply:client-835E41B928D6->6dd5d97a-7455-476f-86d1-706748154c4a@group-349356213E97, cid=1827, SUCCESS, logIndex=2655, commits[6dd5d97a-7455-476f-86d1-706748154c4a:c2657, 8c1a4ac2-2d71-4742-ab0b-89dcc95eb13f:c2654, c9d0001a-daad-4532-9e58-9f5f4a7ddd18:c2652]
2019-09-12 14:53:44,424 [grpc-default-executor-5] INFO  client.GrpcClientProtocolClient (GrpcClientProtocolClient.java:onNext(264)) - client-835E41B928D6->6dd5d97a-7455-476f-86d1-706748154c4a: receive RaftClientReply:client-835E41B928D6->6dd5d97a-7455-476f-86d1-706748154c4a@group-349356213E97, cid=1828, SUCCESS, logIndex=2656, commits[6dd5d97a-7455-476f-86d1-706748154c4a:c2658, 8c1a4ac2-2d71-4742-ab0b-89dcc95eb13f:c2654, c9d0001a-daad-4532-9e58-9f5f4a7ddd18:c2654]
2019-09-12 14:53:44,437 [grpc-default-executor-6] INFO  client.GrpcClientProtocolClient (GrpcClientProtocolClient.java:onNext(264)) - client-835E41B928D6->6dd5d97a-7455-476f-86d1-706748154c4a: receive RaftClientReply:client-835E41B928D6->6dd5d97a-7455-476f-86d1-706748154c4a@group-349356213E97, cid=1829, SUCCESS, logIndex=2660, commits[6dd5d97a-7455-476f-86d1-706748154c4a:c2661, 8c1a4ac2-2d71-4742-ab0b-89dcc95eb13f:c2659, c9d0001a-daad-4532-9e58-9f5f4a7ddd18:c2656]
2019-09-12 14:53:44,438 [grpc-default-executor-6] INFO  client.GrpcClientProtocolClient (GrpcClientProtocolClient.java:onNext(264)) - client-835E41B928D6->6dd5d97a-7455-476f-86d1-706748154c4a: receive RaftClientReply:client-835E41B928D6->6dd5d97a-7455-476f-86d1-706748154c4a@group-349356213E97, cid=1830, SUCCESS, logIndex=2661, commits[6dd5d97a-7455-476f-86d1-706748154c4a:c2661, 8c1a4ac2-2d71-4742-ab0b-89dcc95eb13f:c2659, c9d0001a-daad-4532-9e58-9f5f4a7ddd18:c2659]
2019-09-12 14:53:44,459 [grpc-default-executor-6] INFO  client.GrpcClientProtocolClient (GrpcClientProtocolClient.java:onNext(264)) - client-835E41B928D6->6dd5d97a-7455-476f-86d1-706748154c4a: receive RaftClientReply:client-835E41B928D6->6dd5d97a-7455-476f-86d1-706748154c4a@group-349356213E97, cid=1831, SUCCESS, logIndex=2664, commits[6dd5d97a-7455-476f-86d1-706748154c4a:c2665, 8c1a4ac2-2d71-4742-ab0b-89dcc95eb13f:c2663, c9d0001a-daad-4532-9e58-9f5f4a7ddd18:c2663]
2019-09-12 14:53:44,459 [grpc-default-executor-6] INFO  client.GrpcClientProtocolClient (GrpcClientProtocolClient.java:onNext(264)) - client-835E41B928D6->6dd5d97a-7455-476f-86d1-706748154c4a: receive RaftClientReply:client-835E41B928D6->6dd5d97a-7455-476f-86d1-706748154c4a@group-349356213E97, cid=1832, SUCCESS, logIndex=2665, commits[6dd5d97a-7455-476f-86d1-706748154c4a:c2665, 8c1a4ac2-2d71-4742-ab0b-89dcc95eb13f:c2663, c9d0001a-daad-4532-9e58-9f5f4a7ddd18:c2663]
2019-09-12 14:53:44,471 [grpc-default-executor-5] INFO  client.GrpcClientProtocolClient (GrpcClientProtocolClient.java:onNext(264)) - client-835E41B928D6->6dd5d97a-7455-476f-86d1-706748154c4a: receive RaftClientReply:client-835E41B928D6->6dd5d97a-7455-476f-86d1-706748154c4a@group-349356213E97, cid=1833, SUCCESS, logIndex=0, commits[6dd5d97a-7455-476f-86d1-706748154c4a:c2667, 8c1a4ac2-2d71-4742-ab0b-89dcc95eb13f:c2665, c9d0001a-daad-4532-9e58-9f5f4a7ddd18:c2665]
2019-09-12 14:53:44,520 [grpc-default-executor-2] INFO  client.GrpcClientProtocolClient (GrpcClientProtocolClient.java:onNext(264)) - client-835E41B928D6->6dd5d97a-7455-476f-86d1-706748154c4a: receive RaftClientReply:client-835E41B928D6->6dd5d97a-7455-476f-86d1-706748154c4a@group-349356213E97, cid=1834, SUCCESS, logIndex=2668, commits[6dd5d97a-7455-476f-86d1-706748154c4a:c2671, 8c1a4ac2-2d71-4742-ab0b-89dcc95eb13f:c2667, c9d0001a-daad-4532-9e58-9f5f4a7ddd18:c2667]
2019-09-12 14:53:44,520 [grpc-default-executor-2] INFO  client.GrpcClientProtocolClient (GrpcClientProtocolClient.java:onNext(264)) - client-835E41B928D6->6dd5d97a-7455-476f-86d1-706748154c4a: receive RaftClientReply:client-835E41B928D6->6dd5d97a-7455-476f-86d1-706748154c4a@group-349356213E97, cid=1835, SUCCESS, logIndex=2669, commits[6dd5d97a-7455-476f-86d1-706748154c4a:c2671, 8c1a4ac2-2d71-4742-ab0b-89dcc95eb13f:c2667, c9d0001a-daad-4532-9e58-9f5f4a7ddd18:c2667]
2019-09-12 14:53:44,521 [grpc-default-executor-2] INFO  client.GrpcClientProtocolClient (GrpcClientProtocolClient.java:onNext(264)) - client-835E41B928D6->6dd5d97a-7455-476f-86d1-706748154c4a: receive RaftClientReply:client-835E41B928D6->6dd5d97a-7455-476f-86d1-706748154c4a@group-349356213E97, cid=1836, SUCCESS, logIndex=2670, commits[6dd5d97a-7455-476f-86d1-706748154c4a:c2671, 8c1a4ac2-2d71-4742-ab0b-89dcc95eb13f:c2667, c9d0001a-daad-4532-9e58-9f5f4a7ddd18:c2667]
2019-09-12 14:53:44,521 [grpc-default-executor-2] INFO  client.GrpcClientProtocolClient (GrpcClientProtocolClient.java:onNext(264)) - client-835E41B928D6->6dd5d97a-7455-476f-86d1-706748154c4a: receive RaftClientReply:client-835E41B928D6->6dd5d97a-7455-476f-86d1-706748154c4a@group-349356213E97, cid=1837, SUCCESS, logIndex=2671, commits[6dd5d97a-7455-476f-86d1-706748154c4a:c2671, 8c1a4ac2-2d71-4742-ab0b-89dcc95eb13f:c2667, c9d0001a-daad-4532-9e58-9f5f4a7ddd18:c2667]
2019-09-12 14:53:44,523 [grpc-default-executor-5] INFO  client.GrpcClientProtocolClient (GrpcClientProtocolClient.java:onNext(264)) - client-835E41B928D6->6dd5d97a-7455-476f-86d1-706748154c4a: receive RaftClientReply:client-835E41B928D6->6dd5d97a-7455-476f-86d1-706748154c4a@group-349356213E97, cid=1838, SUCCESS, logIndex=0, commits[6dd5d97a-7455-476f-86d1-706748154c4a:c2673, 8c1a4ac2-2d71-4742-ab0b-89dcc95eb13f:c2669, c9d0001a-daad-4532-9e58-9f5f4a7ddd18:c2669]
2019-09-12 14:53:44,539 [grpc-default-executor-2] INFO  client.GrpcClientProtocolClient (GrpcClientProtocolClient.java:onNext(264)) - client-835E41B928D6->6dd5d97a-7455-476f-86d1-706748154c4a: receive RaftClientReply:client-835E41B928D6->6dd5d97a-7455-476f-86d1-706748154c4a@group-349356213E97, cid=1839, SUCCESS, logIndex=2676, commits[6dd5d97a-7455-476f-86d1-706748154c4a:c2677, 8c1a4ac2-2d71-4742-ab0b-89dcc95eb13f:c2675, c9d0001a-daad-4532-9e58-9f5f4a7ddd18:c2671]
2019-09-12 14:53:44,540 [grpc-default-executor-2] INFO  client.GrpcClientProtocolClient (GrpcClientProtocolClient.java:onNext(264)) - client-835E41B928D6->6dd5d97a-7455-476f-86d1-706748154c4a: receive RaftClientReply:client-835E41B928D6->6dd5d97a-7455-476f-86d1-706748154c4a@group-349356213E97, cid=1840, SUCCESS, logIndex=2677, commits[6dd5d97a-7455-476f-86d1-706748154c4a:c2677, 8c1a4ac2-2d71-4742-ab0b-89dcc95eb13f:c2675, c9d0001a-daad-4532-9e58-9f5f4a7ddd18:c2675]
2019-09-12 14:53:44,555 [grpc-default-executor-6] INFO  client.GrpcClientProtocolClient (GrpcClientProtocolClient.java:onNext(264)) - client-835E41B928D6->6dd5d97a-7455-476f-86d1-706748154c4a: receive RaftClientReply:client-835E41B928D6->6dd5d97a-7455-476f-86d1-706748154c4a@group-349356213E97, cid=1841, SUCCESS, logIndex=2680, commits[6dd5d97a-7455-476f-86d1-706748154c4a:c2681, 8c1a4ac2-2d71-4742-ab0b-89dcc95eb13f:c2679, c9d0001a-daad-4532-9e58-9f5f4a7ddd18:c2677]
2019-09-12 14:53:44,555 [grpc-default-executor-6] INFO  client.GrpcClientProtocolClient (GrpcClientProtocolClient.java:onNext(264)) - client-835E41B928D6->6dd5d97a-7455-476f-86d1-706748154c4a: receive RaftClientReply:client-835E41B928D6->6dd5d97a-7455-476f-86d1-706748154c4a@group-349356213E97, cid=1842, SUCCESS, logIndex=2681, commits[6dd5d97a-7455-476f-86d1-706748154c4a:c2681, 8c1a4ac2-2d71-4742-ab0b-89dcc95eb13f:c2679, c9d0001a-daad-4532-9e58-9f5f4a7ddd18:c2679]
2019-09-12 14:53:44,557 [grpc-default-executor-6] INFO  client.GrpcClientProtocolClient (GrpcClientProtocolClient.java:onNext(264)) - client-835E41B928D6->6dd5d97a-7455-476f-86d1-706748154c4a: receive RaftClientReply:client-835E41B928D6->6dd5d97a-7455-476f-86d1-706748154c4a@group-349356213E97, cid=1843, SUCCESS, logIndex=0, commits[6dd5d97a-7455-476f-86d1-706748154c4a:c2682, 8c1a4ac2-2d71-4742-ab0b-89dcc95eb13f:c2681, c9d0001a-daad-4532-9e58-9f5f4a7ddd18:c2681]
2019-09-12 14:53:44,582 [grpc-default-executor-2] INFO  client.GrpcClientProtocolClient (GrpcClientProtocolClient.java:onNext(264)) - client-835E41B928D6->6dd5d97a-7455-476f-86d1-706748154c4a: receive RaftClientReply:client-835E41B928D6->6dd5d97a-7455-476f-86d1-706748154c4a@group-349356213E97, cid=1844, SUCCESS, logIndex=2684, commits[6dd5d97a-7455-476f-86d1-706748154c4a:c2687, 8c1a4ac2-2d71-4742-ab0b-89dcc95eb13f:c2681, c9d0001a-daad-4532-9e58-9f5f4a7ddd18:c2683]
2019-09-12 14:53:44,583 [grpc-default-executor-2] INFO  client.GrpcClientProtocolClient (GrpcClientProtocolClient.java:onNext(264)) - client-835E41B928D6->6dd5d97a-7455-476f-86d1-706748154c4a: receive RaftClientReply:client-835E41B928D6->6dd5d97a-7455-476f-86d1-706748154c4a@group-349356213E97, cid=1845, SUCCESS, logIndex=2685, commits[6dd5d97a-7455-476f-86d1-706748154c4a:c2687, 8c1a4ac2-2d71-4742-ab0b-89dcc95eb13f:c2683, c9d0001a-daad-4532-9e58-9f5f4a7ddd18:c2683]
2019-09-12 14:53:44,583 [grpc-default-executor-2] INFO  client.GrpcClientProtocolClient (GrpcClientProtocolClient.java:onNext(264)) - client-835E41B928D6->6dd5d97a-7455-476f-86d1-706748154c4a: receive RaftClientReply:client-835E41B928D6->6dd5d97a-7455-476f-86d1-706748154c4a@group-349356213E97, cid=1846, SUCCESS, logIndex=2686, commits[6dd5d97a-7455-476f-86d1-706748154c4a:c2687, 8c1a4ac2-2d71-4742-ab0b-89dcc95eb13f:c2683, c9d0001a-daad-4532-9e58-9f5f4a7ddd18:c2683]
2019-09-12 14:53:44,584 [grpc-default-executor-2] INFO  client.GrpcClientProtocolClient (GrpcClientProtocolClient.java:onNext(264)) - client-835E41B928D6->6dd5d97a-7455-476f-86d1-706748154c4a: receive RaftClientReply:client-835E41B928D6->6dd5d97a-7455-476f-86d1-706748154c4a@group-349356213E97, cid=1847, SUCCESS, logIndex=2687, commits[6dd5d97a-7455-476f-86d1-706748154c4a:c2688, 8c1a4ac2-2d71-4742-ab0b-89dcc95eb13f:c2683, c9d0001a-daad-4532-9e58-9f5f4a7ddd18:c2685]
2019-09-12 14:53:44,585 [grpc-default-executor-2] INFO  client.GrpcClientProtocolClient (GrpcClientProtocolClient.java:onNext(264)) - client-835E41B928D6->6dd5d97a-7455-476f-86d1-706748154c4a: receive RaftClientReply:client-835E41B928D6->6dd5d97a-7455-476f-86d1-706748154c4a@group-349356213E97, cid=1848, SUCCESS, logIndex=0, commits[6dd5d97a-7455-476f-86d1-706748154c4a:c2688, 8c1a4ac2-2d71-4742-ab0b-89dcc95eb13f:c2686, c9d0001a-daad-4532-9e58-9f5f4a7ddd18:c2685]
2019-09-12 14:53:44,598 [grpc-default-executor-5] INFO  client.GrpcClientProtocolClient (GrpcClientProtocolClient.java:onNext(264)) - client-835E41B928D6->6dd5d97a-7455-476f-86d1-706748154c4a: receive RaftClientReply:client-835E41B928D6->6dd5d97a-7455-476f-86d1-706748154c4a@group-349356213E97, cid=1849, SUCCESS, logIndex=2692, commits[6dd5d97a-7455-476f-86d1-706748154c4a:c2693, 8c1a4ac2-2d71-4742-ab0b-89dcc95eb13f:c2691, c9d0001a-daad-4532-9e58-9f5f4a7ddd18:c2687]
2019-09-12 14:53:44,599 [grpc-default-executor-5] INFO  client.GrpcClientProtocolClient (GrpcClientProtocolClient.java:onNext(264)) - client-835E41B928D6->6dd5d97a-7455-476f-86d1-706748154c4a: receive RaftClientReply:client-835E41B928D6->6dd5d97a-7455-476f-86d1-706748154c4a@group-349356213E97, cid=1850, SUCCESS, logIndex=2693, commits[6dd5d97a-7455-476f-86d1-706748154c4a:c2693, 8c1a4ac2-2d71-4742-ab0b-89dcc95eb13f:c2691, c9d0001a-daad-4532-9e58-9f5f4a7ddd18:c2691]
2019-09-12 14:53:44,611 [grpc-default-executor-2] INFO  client.GrpcClientProtocolClient (GrpcClientProtocolClient.java:onNext(264)) - client-835E41B928D6->6dd5d97a-7455-476f-86d1-706748154c4a: receive RaftClientReply:client-835E41B928D6->6dd5d97a-7455-476f-86d1-706748154c4a@group-349356213E97, cid=1851, SUCCESS, logIndex=2696, commits[6dd5d97a-7455-476f-86d1-706748154c4a:c2697, 8c1a4ac2-2d71-4742-ab0b-89dcc95eb13f:c2693, c9d0001a-daad-4532-9e58-9f5f4a7ddd18:c2695]
2019-09-12 14:53:44,611 [grpc-default-executor-2] INFO  client.GrpcClientProtocolClient (GrpcClientProtocolClient.java:onNext(264)) - client-835E41B928D6->6dd5d97a-7455-476f-86d1-706748154c4a: receive RaftClientReply:client-835E41B928D6->6dd5d97a-7455-476f-86d1-706748154c4a@group-349356213E97, cid=1852, SUCCESS, logIndex=2697, commits[6dd5d97a-7455-476f-86d1-706748154c4a:c2697, 8c1a4ac2-2d71-4742-ab0b-89dcc95eb13f:c2695, c9d0001a-daad-4532-9e58-9f5f4a7ddd18:c2695]
2019-09-12 14:53:44,612 [grpc-default-executor-5] INFO  client.GrpcClientProtocolClient (GrpcClientProtocolClient.java:onNext(264)) - client-835E41B928D6->6dd5d97a-7455-476f-86d1-706748154c4a: receive RaftClientReply:client-835E41B928D6->6dd5d97a-7455-476f-86d1-706748154c4a@group-349356213E97, cid=1853, SUCCESS, logIndex=0, commits[6dd5d97a-7455-476f-86d1-706748154c4a:c2698, 8c1a4ac2-2d71-4742-ab0b-89dcc95eb13f:c2697, c9d0001a-daad-4532-9e58-9f5f4a7ddd18:c2697]
2019-09-12 14:53:44,635 [grpc-default-executor-6] INFO  client.GrpcClientProtocolClient (GrpcClientProtocolClient.java:onNext(264)) - client-835E41B928D6->6dd5d97a-7455-476f-86d1-706748154c4a: receive RaftClientReply:client-835E41B928D6->6dd5d97a-7455-476f-86d1-706748154c4a@group-349356213E97, cid=1854, SUCCESS, logIndex=2700, commits[6dd5d97a-7455-476f-86d1-706748154c4a:c2701, 8c1a4ac2-2d71-4742-ab0b-89dcc95eb13f:c2699, c9d0001a-daad-4532-9e58-9f5f4a7ddd18:c2697]
2019-09-12 14:53:44,635 [grpc-default-executor-7] INFO  client.GrpcClientProtocolClient (GrpcClientProtocolClient.java:onNext(264)) - client-835E41B928D6->6dd5d97a-7455-476f-86d1-706748154c4a: receive RaftClientReply:client-835E41B928D6->6dd5d97a-7455-476f-86d1-706748154c4a@group-349356213E97, cid=1855, SUCCESS, logIndex=2701, commits[6dd5d97a-7455-476f-86d1-706748154c4a:c2702, 8c1a4ac2-2d71-4742-ab0b-89dcc95eb13f:c2699, c9d0001a-daad-4532-9e58-9f5f4a7ddd18:c2699]
2019-09-12 14:53:44,636 [grpc-default-executor-7] INFO  client.GrpcClientProtocolClient (GrpcClientProtocolClient.java:onNext(264)) - client-835E41B928D6->6dd5d97a-7455-476f-86d1-706748154c4a: receive RaftClientReply:client-835E41B928D6->6dd5d97a-7455-476f-86d1-706748154c4a@group-349356213E97, cid=1856, SUCCESS, logIndex=2702, commits[6dd5d97a-7455-476f-86d1-706748154c4a:c2703, 8c1a4ac2-2d71-4742-ab0b-89dcc95eb13f:c2699, c9d0001a-daad-4532-9e58-9f5f4a7ddd18:c2699]
2019-09-12 14:53:44,636 [grpc-default-executor-7] INFO  client.GrpcClientProtocolClient (GrpcClientProtocolClient.java:onNext(264)) - client-835E41B928D6->6dd5d97a-7455-476f-86d1-706748154c4a: receive RaftClientReply:client-835E41B928D6->6dd5d97a-7455-476f-86d1-706748154c4a@group-349356213E97, cid=1857, SUCCESS, logIndex=2703, commits[6dd5d97a-7455-476f-86d1-706748154c4a:c2703, 8c1a4ac2-2d71-4742-ab0b-89dcc95eb13f:c2699, c9d0001a-daad-4532-9e58-9f5f4a7ddd18:c2699]
2019-09-12 14:53:44,638 [grpc-default-executor-7] INFO  client.GrpcClientProtocolClient (GrpcClientProtocolClient.java:onNext(264)) - client-835E41B928D6->6dd5d97a-7455-476f-86d1-706748154c4a: receive RaftClientReply:client-835E41B928D6->6dd5d97a-7455-476f-86d1-706748154c4a@group-349356213E97, cid=1858, SUCCESS, logIndex=0, commits[6dd5d97a-7455-476f-86d1-706748154c4a:c2706, 8c1a4ac2-2d71-4742-ab0b-89dcc95eb13f:c2702, c9d0001a-daad-4532-9e58-9f5f4a7ddd18:c2701]
2019-09-12 14:53:44,667 [grpc-default-executor-2] INFO  client.GrpcClientProtocolClient (GrpcClientProtocolClient.java:onNext(264)) - client-835E41B928D6->6dd5d97a-7455-476f-86d1-706748154c4a: receive RaftClientReply:client-835E41B928D6->6dd5d97a-7455-476f-86d1-706748154c4a@group-349356213E97, cid=1859, SUCCESS, logIndex=2708, commits[6dd5d97a-7455-476f-86d1-706748154c4a:c2709, 8c1a4ac2-2d71-4742-ab0b-89dcc95eb13f:c2707, c9d0001a-daad-4532-9e58-9f5f4a7ddd18:c2707]
2019-09-12 14:53:44,668 [grpc-default-executor-2] INFO  client.GrpcClientProtocolClient (GrpcClientProtocolClient.java:onNext(264)) - client-835E41B928D6->6dd5d97a-7455-476f-86d1-706748154c4a: receive RaftClientReply:client-835E41B928D6->6dd5d97a-7455-476f-86d1-706748154c4a@group-349356213E97, cid=1860, SUCCESS, logIndex=2709, commits[6dd5d97a-7455-476f-86d1-706748154c4a:c2709, 8c1a4ac2-2d71-4742-ab0b-89dcc95eb13f:c2707, c9d0001a-daad-4532-9e58-9f5f4a7ddd18:c2707]
2019-09-12 14:53:44,682 [grpc-default-executor-2] INFO  client.GrpcClientProtocolClient (GrpcClientProtocolClient.java:onNext(264)) - client-835E41B928D6->6dd5d97a-7455-476f-86d1-706748154c4a: receive RaftClientReply:client-835E41B928D6->6dd5d97a-7455-476f-86d1-706748154c4a@group-349356213E97, cid=1861, SUCCESS, logIndex=2712, commits[6dd5d97a-7455-476f-86d1-706748154c4a:c2713, 8c1a4ac2-2d71-4742-ab0b-89dcc95eb13f:c2709, c9d0001a-daad-4532-9e58-9f5f4a7ddd18:c2709]
2019-09-12 14:53:44,682 [grpc-default-executor-2] INFO  client.GrpcClientProtocolClient (GrpcClientProtocolClient.java:onNext(264)) - client-835E41B928D6->6dd5d97a-7455-476f-86d1-706748154c4a: receive RaftClientReply:client-835E41B928D6->6dd5d97a-7455-476f-86d1-706748154c4a@group-349356213E97, cid=1862, SUCCESS, logIndex=2713, commits[6dd5d97a-7455-476f-86d1-706748154c4a:c2713, 8c1a4ac2-2d71-4742-ab0b-89dcc95eb13f:c2709, c9d0001a-daad-4532-9e58-9f5f4a7ddd18:c2709]
2019-09-12 14:53:44,693 [grpc-default-executor-2] INFO  client.GrpcClientProtocolClient (GrpcClientProtocolClient.java:onNext(264)) - client-835E41B928D6->6dd5d97a-7455-476f-86d1-706748154c4a: receive RaftClientReply:client-835E41B928D6->6dd5d97a-7455-476f-86d1-706748154c4a@group-349356213E97, cid=1863, SUCCESS, logIndex=0, commits[6dd5d97a-7455-476f-86d1-706748154c4a:c2714, 8c1a4ac2-2d71-4742-ab0b-89dcc95eb13f:c2713, c9d0001a-daad-4532-9e58-9f5f4a7ddd18:c2713]
2019-09-12 14:53:44,726 [grpc-default-executor-2] INFO  client.GrpcClientProtocolClient (GrpcClientProtocolClient.java:onNext(264)) - client-835E41B928D6->6dd5d97a-7455-476f-86d1-706748154c4a: receive RaftClientReply:client-835E41B928D6->6dd5d97a-7455-476f-86d1-706748154c4a@group-349356213E97, cid=1864, SUCCESS, logIndex=2715, commits[6dd5d97a-7455-476f-86d1-706748154c4a:c2716, 8c1a4ac2-2d71-4742-ab0b-89dcc95eb13f:c2714, c9d0001a-daad-4532-9e58-9f5f4a7ddd18:c2714]
2019-09-12 14:53:44,726 [grpc-default-executor-2] INFO  client.GrpcClientProtocolClient (GrpcClientProtocolClient.java:onNext(264)) - client-835E41B928D6->6dd5d97a-7455-476f-86d1-706748154c4a: receive RaftClientReply:client-835E41B928D6->6dd5d97a-7455-476f-86d1-706748154c4a@group-349356213E97, cid=1865, SUCCESS, logIndex=2716, commits[6dd5d97a-7455-476f-86d1-706748154c4a:c2718, 8c1a4ac2-2d71-4742-ab0b-89dcc95eb13f:c2714, c9d0001a-daad-4532-9e58-9f5f4a7ddd18:c2714]
2019-09-12 14:53:44,726 [grpc-default-executor-2] INFO  client.GrpcClientProtocolClient (GrpcClientProtocolClient.java:onNext(264)) - client-835E41B928D6->6dd5d97a-7455-476f-86d1-706748154c4a: receive RaftClientReply:client-835E41B928D6->6dd5d97a-7455-476f-86d1-706748154c4a@group-349356213E97, cid=1866, SUCCESS, logIndex=2717, commits[6dd5d97a-7455-476f-86d1-706748154c4a:c2718, 8c1a4ac2-2d71-4742-ab0b-89dcc95eb13f:c2714, c9d0001a-daad-4532-9e58-9f5f4a7ddd18:c2714]
2019-09-12 14:53:44,727 [grpc-default-executor-2] INFO  client.GrpcClientProtocolClient (GrpcClientProtocolClient.java:onNext(264)) - client-835E41B928D6->6dd5d97a-7455-476f-86d1-706748154c4a: receive RaftClientReply:client-835E41B928D6->6dd5d97a-7455-476f-86d1-706748154c4a@group-349356213E97, cid=1867, SUCCESS, logIndex=2718, commits[6dd5d97a-7455-476f-86d1-706748154c4a:c2718, 8c1a4ac2-2d71-4742-ab0b-89dcc95eb13f:c2714, c9d0001a-daad-4532-9e58-9f5f4a7ddd18:c2714]
2019-09-12 14:53:44,738 [grpc-default-executor-2] INFO  client.GrpcClientProtocolClient (GrpcClientProtocolClient.java:onNext(264)) - client-835E41B928D6->6dd5d97a-7455-476f-86d1-706748154c4a: receive RaftClientReply:client-835E41B928D6->6dd5d97a-7455-476f-86d1-706748154c4a@group-349356213E97, cid=1868, SUCCESS, logIndex=0, commits[6dd5d97a-7455-476f-86d1-706748154c4a:c2720, 8c1a4ac2-2d71-4742-ab0b-89dcc95eb13f:c2716, c9d0001a-daad-4532-9e58-9f5f4a7ddd18:c2716]
2019-09-12 14:53:44,758 [grpc-default-executor-5] INFO  client.GrpcClientProtocolClient (GrpcClientProtocolClient.java:onNext(264)) - client-835E41B928D6->6dd5d97a-7455-476f-86d1-706748154c4a: receive RaftClientReply:client-835E41B928D6->6dd5d97a-7455-476f-86d1-706748154c4a@group-349356213E97, cid=1869, SUCCESS, logIndex=2723, commits[6dd5d97a-7455-476f-86d1-706748154c4a:c2724, 8c1a4ac2-2d71-4742-ab0b-89dcc95eb13f:c2722, c9d0001a-daad-4532-9e58-9f5f4a7ddd18:c2722]
2019-09-12 14:53:44,758 [grpc-default-executor-5] INFO  client.GrpcClientProtocolClient (GrpcClientProtocolClient.java:onNext(264)) - client-835E41B928D6->6dd5d97a-7455-476f-86d1-706748154c4a: receive RaftClientReply:client-835E41B928D6->6dd5d97a-7455-476f-86d1-706748154c4a@group-349356213E97, cid=1870, SUCCESS, logIndex=2724, commits[6dd5d97a-7455-476f-86d1-706748154c4a:c2724, 8c1a4ac2-2d71-4742-ab0b-89dcc95eb13f:c2722, c9d0001a-daad-4532-9e58-9f5f4a7ddd18:c2722]
2019-09-12 14:53:44,771 [grpc-default-executor-5] INFO  client.GrpcClientProtocolClient (GrpcClientProtocolClient.java:onNext(264)) - client-835E41B928D6->6dd5d97a-7455-476f-86d1-706748154c4a: receive RaftClientReply:client-835E41B928D6->6dd5d97a-7455-476f-86d1-706748154c4a@group-349356213E97, cid=1871, SUCCESS, logIndex=2727, commits[6dd5d97a-7455-476f-86d1-706748154c4a:c2727, 8c1a4ac2-2d71-4742-ab0b-89dcc95eb13f:c2724, c9d0001a-daad-4532-9e58-9f5f4a7ddd18:c2724]
2019-09-12 14:53:44,772 [grpc-default-executor-5] INFO  client.GrpcClientProtocolClient (GrpcClientProtocolClient.java:onNext(264)) - client-835E41B928D6->6dd5d97a-7455-476f-86d1-706748154c4a: receive RaftClientReply:client-835E41B928D6->6dd5d97a-7455-476f-86d1-706748154c4a@group-349356213E97, cid=1872, SUCCESS, logIndex=2728, commits[6dd5d97a-7455-476f-86d1-706748154c4a:c2728, 8c1a4ac2-2d71-4742-ab0b-89dcc95eb13f:c2724, c9d0001a-daad-4532-9e58-9f5f4a7ddd18:c2724]
2019-09-12 14:53:44,784 [grpc-default-executor-5] INFO  client.GrpcClientProtocolClient (GrpcClientProtocolClient.java:onNext(264)) - client-835E41B928D6->6dd5d97a-7455-476f-86d1-706748154c4a: receive RaftClientReply:client-835E41B928D6->6dd5d97a-7455-476f-86d1-706748154c4a@group-349356213E97, cid=1873, SUCCESS, logIndex=0, commits[6dd5d97a-7455-476f-86d1-706748154c4a:c2729, 8c1a4ac2-2d71-4742-ab0b-89dcc95eb13f:c2728, c9d0001a-daad-4532-9e58-9f5f4a7ddd18:c2728]
2019-09-12 14:53:44,811 [grpc-default-executor-2] INFO  client.GrpcClientProtocolClient (GrpcClientProtocolClient.java:onNext(264)) - client-835E41B928D6->6dd5d97a-7455-476f-86d1-706748154c4a: receive RaftClientReply:client-835E41B928D6->6dd5d97a-7455-476f-86d1-706748154c4a@group-349356213E97, cid=1874, SUCCESS, logIndex=2731, commits[6dd5d97a-7455-476f-86d1-706748154c4a:c2732, 8c1a4ac2-2d71-4742-ab0b-89dcc95eb13f:c2730, c9d0001a-daad-4532-9e58-9f5f4a7ddd18:c2730]
2019-09-12 14:53:44,812 [grpc-default-executor-2] INFO  client.GrpcClientProtocolClient (GrpcClientProtocolClient.java:onNext(264)) - client-835E41B928D6->6dd5d97a-7455-476f-86d1-706748154c4a: receive RaftClientReply:client-835E41B928D6->6dd5d97a-7455-476f-86d1-706748154c4a@group-349356213E97, cid=1875, SUCCESS, logIndex=2732, commits[6dd5d97a-7455-476f-86d1-706748154c4a:c2734, 8c1a4ac2-2d71-4742-ab0b-89dcc95eb13f:c2730, c9d0001a-daad-4532-9e58-9f5f4a7ddd18:c2730]
2019-09-12 14:53:44,812 [grpc-default-executor-2] INFO  client.GrpcClientProtocolClient (GrpcClientProtocolClient.java:onNext(264)) - client-835E41B928D6->6dd5d97a-7455-476f-86d1-706748154c4a: receive RaftClientReply:client-835E41B928D6->6dd5d97a-7455-476f-86d1-706748154c4a@group-349356213E97, cid=1876, SUCCESS, logIndex=2733, commits[6dd5d97a-7455-476f-86d1-706748154c4a:c2734, 8c1a4ac2-2d71-4742-ab0b-89dcc95eb13f:c2730, c9d0001a-daad-4532-9e58-9f5f4a7ddd18:c2730]
2019-09-12 14:53:44,812 [grpc-default-executor-2] INFO  client.GrpcClientProtocolClient (GrpcClientProtocolClient.java:onNext(264)) - client-835E41B928D6->6dd5d97a-7455-476f-86d1-706748154c4a: receive RaftClientReply:client-835E41B928D6->6dd5d97a-7455-476f-86d1-706748154c4a@group-349356213E97, cid=1877, SUCCESS, logIndex=2734, commits[6dd5d97a-7455-476f-86d1-706748154c4a:c2734, 8c1a4ac2-2d71-4742-ab0b-89dcc95eb13f:c2730, c9d0001a-daad-4532-9e58-9f5f4a7ddd18:c2730]
2019-09-12 14:53:44,824 [grpc-default-executor-2] INFO  client.GrpcClientProtocolClient (GrpcClientProtocolClient.java:onNext(264)) - client-835E41B928D6->6dd5d97a-7455-476f-86d1-706748154c4a: receive RaftClientReply:client-835E41B928D6->6dd5d97a-7455-476f-86d1-706748154c4a@group-349356213E97, cid=1878, SUCCESS, logIndex=0, commits[6dd5d97a-7455-476f-86d1-706748154c4a:c2737, 8c1a4ac2-2d71-4742-ab0b-89dcc95eb13f:c2734, c9d0001a-daad-4532-9e58-9f5f4a7ddd18:c2732]
2019-09-12 14:53:44,843 [grpc-default-executor-5] INFO  client.GrpcClientProtocolClient (GrpcClientProtocolClient.java:onNext(264)) - client-835E41B928D6->6dd5d97a-7455-476f-86d1-706748154c4a: receive RaftClientReply:client-835E41B928D6->6dd5d97a-7455-476f-86d1-706748154c4a@group-349356213E97, cid=1879, SUCCESS, logIndex=2738, commits[6dd5d97a-7455-476f-86d1-706748154c4a:c2739, 8c1a4ac2-2d71-4742-ab0b-89dcc95eb13f:c2737, c9d0001a-daad-4532-9e58-9f5f4a7ddd18:c2737]
2019-09-12 14:53:44,843 [grpc-default-executor-5] INFO  client.GrpcClientProtocolClient (GrpcClientProtocolClient.java:onNext(264)) - client-835E41B928D6->6dd5d97a-7455-476f-86d1-706748154c4a: receive RaftClientReply:client-835E41B928D6->6dd5d97a-7455-476f-86d1-706748154c4a@group-349356213E97, cid=1880, SUCCESS, logIndex=2739, commits[6dd5d97a-7455-476f-86d1-706748154c4a:c2739, 8c1a4ac2-2d71-4742-ab0b-89dcc95eb13f:c2737, c9d0001a-daad-4532-9e58-9f5f4a7ddd18:c2737]
2019-09-12 14:53:44,867 [grpc-default-executor-5] INFO  client.GrpcClientProtocolClient (GrpcClientProtocolClient.java:onNext(264)) - client-835E41B928D6->6dd5d97a-7455-476f-86d1-706748154c4a: receive RaftClientReply:client-835E41B928D6->6dd5d97a-7455-476f-86d1-706748154c4a@group-349356213E97, cid=1881, SUCCESS, logIndex=2742, commits[6dd5d97a-7455-476f-86d1-706748154c4a:c2743, 8c1a4ac2-2d71-4742-ab0b-89dcc95eb13f:c2738, c9d0001a-daad-4532-9e58-9f5f4a7ddd18:c2739]
2019-09-12 14:53:44,868 [grpc-default-executor-5] INFO  client.GrpcClientProtocolClient (GrpcClientProtocolClient.java:onNext(264)) - client-835E41B928D6->6dd5d97a-7455-476f-86d1-706748154c4a: receive RaftClientReply:client-835E41B928D6->6dd5d97a-7455-476f-86d1-706748154c4a@group-349356213E97, cid=1882, SUCCESS, logIndex=2743, commits[6dd5d97a-7455-476f-86d1-706748154c4a:c2743, 8c1a4ac2-2d71-4742-ab0b-89dcc95eb13f:c2738, c9d0001a-daad-4532-9e58-9f5f4a7ddd18:c2739]
2019-09-12 14:53:44,869 [grpc-default-executor-5] INFO  client.GrpcClientProtocolClient (GrpcClientProtocolClient.java:onNext(264)) - client-835E41B928D6->6dd5d97a-7455-476f-86d1-706748154c4a: receive RaftClientReply:client-835E41B928D6->6dd5d97a-7455-476f-86d1-706748154c4a@group-349356213E97, cid=1883, SUCCESS, logIndex=0, commits[6dd5d97a-7455-476f-86d1-706748154c4a:c2744, 8c1a4ac2-2d71-4742-ab0b-89dcc95eb13f:c2739, c9d0001a-daad-4532-9e58-9f5f4a7ddd18:c2743]
2019-09-12 14:53:44,870 [grpc-default-executor-5] INFO  client.GrpcClientProtocolClient (GrpcClientProtocolClient.java:onNext(264)) - client-835E41B928D6->6dd5d97a-7455-476f-86d1-706748154c4a: receive RaftClientReply:client-835E41B928D6->6dd5d97a-7455-476f-86d1-706748154c4a@group-349356213E97, cid=1884, SUCCESS, logIndex=0, commits[6dd5d97a-7455-476f-86d1-706748154c4a:c2745, 8c1a4ac2-2d71-4742-ab0b-89dcc95eb13f:c2743, c9d0001a-daad-4532-9e58-9f5f4a7ddd18:c2743]
2019-09-12 14:53:44,901 [grpc-default-executor-7] INFO  client.GrpcClientProtocolClient (GrpcClientProtocolClient.java:onNext(264)) - client-835E41B928D6->6dd5d97a-7455-476f-86d1-706748154c4a: receive RaftClientReply:client-835E41B928D6->6dd5d97a-7455-476f-86d1-706748154c4a@group-349356213E97, cid=1885, SUCCESS, logIndex=2746, commits[6dd5d97a-7455-476f-86d1-706748154c4a:c2749, 8c1a4ac2-2d71-4742-ab0b-89dcc95eb13f:c2745, c9d0001a-daad-4532-9e58-9f5f4a7ddd18:c2745]
2019-09-12 14:53:44,902 [grpc-default-executor-7] INFO  client.GrpcClientProtocolClient (GrpcClientProtocolClient.java:onNext(264)) - client-835E41B928D6->6dd5d97a-7455-476f-86d1-706748154c4a: receive RaftClientReply:client-835E41B928D6->6dd5d97a-7455-476f-86d1-706748154c4a@group-349356213E97, cid=1886, SUCCESS, logIndex=2747, commits[6dd5d97a-7455-476f-86d1-706748154c4a:c2749, 8c1a4ac2-2d71-4742-ab0b-89dcc95eb13f:c2745, c9d0001a-daad-4532-9e58-9f5f4a7ddd18:c2745]
2019-09-12 14:53:44,902 [grpc-default-executor-7] INFO  client.GrpcClientProtocolClient (GrpcClientProtocolClient.java:onNext(264)) - client-835E41B928D6->6dd5d97a-7455-476f-86d1-706748154c4a: receive RaftClientReply:client-835E41B928D6->6dd5d97a-7455-476f-86d1-706748154c4a@group-349356213E97, cid=1887, SUCCESS, logIndex=2748, commits[6dd5d97a-7455-476f-86d1-706748154c4a:c2749, 8c1a4ac2-2d71-4742-ab0b-89dcc95eb13f:c2745, c9d0001a-daad-4532-9e58-9f5f4a7ddd18:c2745]
2019-09-12 14:53:44,903 [grpc-default-executor-7] INFO  client.GrpcClientProtocolClient (GrpcClientProtocolClient.java:onNext(264)) - client-835E41B928D6->6dd5d97a-7455-476f-86d1-706748154c4a: receive RaftClientReply:client-835E41B928D6->6dd5d97a-7455-476f-86d1-706748154c4a@group-349356213E97, cid=1888, SUCCESS, logIndex=2749, commits[6dd5d97a-7455-476f-86d1-706748154c4a:c2749, 8c1a4ac2-2d71-4742-ab0b-89dcc95eb13f:c2745, c9d0001a-daad-4532-9e58-9f5f4a7ddd18:c2745]
2019-09-12 14:53:44,907 [grpc-default-executor-7] INFO  client.GrpcClientProtocolClient (GrpcClientProtocolClient.java:onNext(264)) - client-835E41B928D6->6dd5d97a-7455-476f-86d1-706748154c4a: receive RaftClientReply:client-835E41B928D6->6dd5d97a-7455-476f-86d1-706748154c4a@group-349356213E97, cid=1889, SUCCESS, logIndex=0, commits[6dd5d97a-7455-476f-86d1-706748154c4a:c2751, 8c1a4ac2-2d71-4742-ab0b-89dcc95eb13f:c2747, c9d0001a-daad-4532-9e58-9f5f4a7ddd18:c2747]
2019-09-12 14:53:44,942 [grpc-default-executor-2] INFO  client.GrpcClientProtocolClient (GrpcClientProtocolClient.java:onNext(264)) - client-835E41B928D6->6dd5d97a-7455-476f-86d1-706748154c4a: receive RaftClientReply:client-835E41B928D6->6dd5d97a-7455-476f-86d1-706748154c4a@group-349356213E97, cid=1890, SUCCESS, logIndex=2754, commits[6dd5d97a-7455-476f-86d1-706748154c4a:c2755, 8c1a4ac2-2d71-4742-ab0b-89dcc95eb13f:c2753, c9d0001a-daad-4532-9e58-9f5f4a7ddd18:c2753]
2019-09-12 14:53:44,943 [grpc-default-executor-7] INFO  client.GrpcClientProtocolClient (GrpcClientProtocolClient.java:onNext(264)) - client-835E41B928D6->6dd5d97a-7455-476f-86d1-706748154c4a: receive RaftClientReply:client-835E41B928D6->6dd5d97a-7455-476f-86d1-706748154c4a@group-349356213E97, cid=1891, SUCCESS, logIndex=2755, commits[6dd5d97a-7455-476f-86d1-706748154c4a:c2755, 8c1a4ac2-2d71-4742-ab0b-89dcc95eb13f:c2753, c9d0001a-daad-4532-9e58-9f5f4a7ddd18:c2753]
2019-09-12 14:53:44,956 [grpc-default-executor-7] INFO  client.GrpcClientProtocolClient (GrpcClientProtocolClient.java:onNext(264)) - client-835E41B928D6->6dd5d97a-7455-476f-86d1-706748154c4a: receive RaftClientReply:client-835E41B928D6->6dd5d97a-7455-476f-86d1-706748154c4a@group-349356213E97, cid=1892, SUCCESS, logIndex=2758, commits[6dd5d97a-7455-476f-86d1-706748154c4a:c2758, 8c1a4ac2-2d71-4742-ab0b-89dcc95eb13f:c2755, c9d0001a-daad-4532-9e58-9f5f4a7ddd18:c2755]
2019-09-12 14:53:44,956 [grpc-default-executor-7] INFO  client.GrpcClientProtocolClient (GrpcClientProtocolClient.java:onNext(264)) - client-835E41B928D6->6dd5d97a-7455-476f-86d1-706748154c4a: receive RaftClientReply:client-835E41B928D6->6dd5d97a-7455-476f-86d1-706748154c4a@group-349356213E97, cid=1893, SUCCESS, logIndex=2759, commits[6dd5d97a-7455-476f-86d1-706748154c4a:c2759, 8c1a4ac2-2d71-4742-ab0b-89dcc95eb13f:c2755, c9d0001a-daad-4532-9e58-9f5f4a7ddd18:c2755]
2019-09-12 14:53:44,969 [grpc-default-executor-7] INFO  client.GrpcClientProtocolClient (GrpcClientProtocolClient.java:onNext(264)) - client-835E41B928D6->6dd5d97a-7455-476f-86d1-706748154c4a: receive RaftClientReply:client-835E41B928D6->6dd5d97a-7455-476f-86d1-706748154c4a@group-349356213E97, cid=1894, SUCCESS, logIndex=0, commits[6dd5d97a-7455-476f-86d1-706748154c4a:c2761, 8c1a4ac2-2d71-4742-ab0b-89dcc95eb13f:c2759, c9d0001a-daad-4532-9e58-9f5f4a7ddd18:c2759]
2019-09-12 14:53:45,125 [grpc-default-executor-7] INFO  client.GrpcClientProtocolClient (GrpcClientProtocolClient.java:onNext(264)) - client-835E41B928D6->6dd5d97a-7455-476f-86d1-706748154c4a: receive RaftClientReply:client-835E41B928D6->6dd5d97a-7455-476f-86d1-706748154c4a@group-349356213E97, cid=1895, SUCCESS, logIndex=2762, commits[6dd5d97a-7455-476f-86d1-706748154c4a:c2764, 8c1a4ac2-2d71-4742-ab0b-89dcc95eb13f:c2761, c9d0001a-daad-4532-9e58-9f5f4a7ddd18:c2761]
2019-09-12 14:53:45,126 [grpc-default-executor-7] INFO  client.GrpcClientProtocolClient (GrpcClientProtocolClient.java:onNext(264)) - client-835E41B928D6->6dd5d97a-7455-476f-86d1-706748154c4a: receive RaftClientReply:client-835E41B928D6->6dd5d97a-7455-476f-86d1-706748154c4a@group-349356213E97, cid=1896, SUCCESS, logIndex=2763, commits[6dd5d97a-7455-476f-86d1-706748154c4a:c2765, 8c1a4ac2-2d71-4742-ab0b-89dcc95eb13f:c2761, c9d0001a-daad-4532-9e58-9f5f4a7ddd18:c2761]
2019-09-12 14:53:45,126 [grpc-default-executor-7] INFO  client.GrpcClientProtocolClient (GrpcClientProtocolClient.java:onNext(264)) - client-835E41B928D6->6dd5d97a-7455-476f-86d1-706748154c4a: receive RaftClientReply:client-835E41B928D6->6dd5d97a-7455-476f-86d1-706748154c4a@group-349356213E97, cid=1897, SUCCESS, logIndex=2764, commits[6dd5d97a-7455-476f-86d1-706748154c4a:c2765, 8c1a4ac2-2d71-4742-ab0b-89dcc95eb13f:c2761, c9d0001a-daad-4532-9e58-9f5f4a7ddd18:c2761]
2019-09-12 14:53:45,127 [grpc-default-executor-7] INFO  client.GrpcClientProtocolClient (GrpcClientProtocolClient.java:onNext(264)) - client-835E41B928D6->6dd5d97a-7455-476f-86d1-706748154c4a: receive RaftClientReply:client-835E41B928D6->6dd5d97a-7455-476f-86d1-706748154c4a@group-349356213E97, cid=1898, SUCCESS, logIndex=2765, commits[6dd5d97a-7455-476f-86d1-706748154c4a:c2765, 8c1a4ac2-2d71-4742-ab0b-89dcc95eb13f:c2761, c9d0001a-daad-4532-9e58-9f5f4a7ddd18:c2761]
2019-09-12 14:53:45,138 [grpc-default-executor-2] INFO  client.GrpcClientProtocolClient (GrpcClientProtocolClient.java:onNext(264)) - client-835E41B928D6->6dd5d97a-7455-476f-86d1-706748154c4a: receive RaftClientReply:client-835E41B928D6->6dd5d97a-7455-476f-86d1-706748154c4a@group-349356213E97, cid=1899, SUCCESS, logIndex=0, commits[6dd5d97a-7455-476f-86d1-706748154c4a:c2767, 8c1a4ac2-2d71-4742-ab0b-89dcc95eb13f:c2763, c9d0001a-daad-4532-9e58-9f5f4a7ddd18:c2764]
2019-09-12 14:53:45,160 [grpc-default-executor-2] INFO  client.GrpcClientProtocolClient (GrpcClientProtocolClient.java:onNext(264)) - client-835E41B928D6->6dd5d97a-7455-476f-86d1-706748154c4a: receive RaftClientReply:client-835E41B928D6->6dd5d97a-7455-476f-86d1-706748154c4a@group-349356213E97, cid=1900, SUCCESS, logIndex=2770, commits[6dd5d97a-7455-476f-86d1-706748154c4a:c2771, 8c1a4ac2-2d71-4742-ab0b-89dcc95eb13f:c2769, c9d0001a-daad-4532-9e58-9f5f4a7ddd18:c2769]
2019-09-12 14:53:45,160 [grpc-default-executor-2] INFO  client.GrpcClientProtocolClient (GrpcClientProtocolClient.java:onNext(264)) - client-835E41B928D6->6dd5d97a-7455-476f-86d1-706748154c4a: receive RaftClientReply:client-835E41B928D6->6dd5d97a-7455-476f-86d1-706748154c4a@group-349356213E97, cid=1901, SUCCESS, logIndex=2771, commits[6dd5d97a-7455-476f-86d1-706748154c4a:c2771, 8c1a4ac2-2d71-4742-ab0b-89dcc95eb13f:c2769, c9d0001a-daad-4532-9e58-9f5f4a7ddd18:c2769]
2019-09-12 14:53:45,173 [grpc-default-executor-6] INFO  client.GrpcClientProtocolClient (GrpcClientProtocolClient.java:onNext(264)) - client-835E41B928D6->6dd5d97a-7455-476f-86d1-706748154c4a: receive RaftClientReply:client-835E41B928D6->6dd5d97a-7455-476f-86d1-706748154c4a@group-349356213E97, cid=1902, SUCCESS, logIndex=2774, commits[6dd5d97a-7455-476f-86d1-706748154c4a:c2775, 8c1a4ac2-2d71-4742-ab0b-89dcc95eb13f:c2771, c9d0001a-daad-4532-9e58-9f5f4a7ddd18:c2771]
2019-09-12 14:53:45,173 [grpc-default-executor-6] INFO  client.GrpcClientProtocolClient (GrpcClientProtocolClient.java:onNext(264)) - client-835E41B928D6->6dd5d97a-7455-476f-86d1-706748154c4a: receive RaftClientReply:client-835E41B928D6->6dd5d97a-7455-476f-86d1-706748154c4a@group-349356213E97, cid=1903, SUCCESS, logIndex=2775, commits[6dd5d97a-7455-476f-86d1-706748154c4a:c2775, 8c1a4ac2-2d71-4742-ab0b-89dcc95eb13f:c2771, c9d0001a-daad-4532-9e58-9f5f4a7ddd18:c2771]
2019-09-12 14:53:45,185 [grpc-default-executor-6] INFO  client.GrpcClientProtocolClient (GrpcClientProtocolClient.java:onNext(264)) - client-835E41B928D6->6dd5d97a-7455-476f-86d1-706748154c4a: receive RaftClientReply:client-835E41B928D6->6dd5d97a-7455-476f-86d1-706748154c4a@group-349356213E97, cid=1904, SUCCESS, logIndex=0, commits[6dd5d97a-7455-476f-86d1-706748154c4a:c2777, 8c1a4ac2-2d71-4742-ab0b-89dcc95eb13f:c2775, c9d0001a-daad-4532-9e58-9f5f4a7ddd18:c2775]
2019-09-12 14:53:45,209 [grpc-default-executor-6] INFO  client.GrpcClientProtocolClient (GrpcClientProtocolClient.java:onNext(264)) - client-835E41B928D6->6dd5d97a-7455-476f-86d1-706748154c4a: receive RaftClientReply:client-835E41B928D6->6dd5d97a-7455-476f-86d1-706748154c4a@group-349356213E97, cid=1905, SUCCESS, logIndex=2778, commits[6dd5d97a-7455-476f-86d1-706748154c4a:c2779, 8c1a4ac2-2d71-4742-ab0b-89dcc95eb13f:c2777, c9d0001a-daad-4532-9e58-9f5f4a7ddd18:c2777]
2019-09-12 14:53:45,210 [grpc-default-executor-6] INFO  client.GrpcClientProtocolClient (GrpcClientProtocolClient.java:onNext(264)) - client-835E41B928D6->6dd5d97a-7455-476f-86d1-706748154c4a: receive RaftClientReply:client-835E41B928D6->6dd5d97a-7455-476f-86d1-706748154c4a@group-349356213E97, cid=1906, SUCCESS, logIndex=2779, commits[6dd5d97a-7455-476f-86d1-706748154c4a:c2781, 8c1a4ac2-2d71-4742-ab0b-89dcc95eb13f:c2777, c9d0001a-daad-4532-9e58-9f5f4a7ddd18:c2777]
2019-09-12 14:53:45,210 [grpc-default-executor-6] INFO  client.GrpcClientProtocolClient (GrpcClientProtocolClient.java:onNext(264)) - client-835E41B928D6->6dd5d97a-7455-476f-86d1-706748154c4a: receive RaftClientReply:client-835E41B928D6->6dd5d97a-7455-476f-86d1-706748154c4a@group-349356213E97, cid=1907, SUCCESS, logIndex=2780, commits[6dd5d97a-7455-476f-86d1-706748154c4a:c2781, 8c1a4ac2-2d71-4742-ab0b-89dcc95eb13f:c2777, c9d0001a-daad-4532-9e58-9f5f4a7ddd18:c2777]
2019-09-12 14:53:45,210 [grpc-default-executor-6] INFO  client.GrpcClientProtocolClient (GrpcClientProtocolClient.java:onNext(264)) - client-835E41B928D6->6dd5d97a-7455-476f-86d1-706748154c4a: receive RaftClientReply:client-835E41B928D6->6dd5d97a-7455-476f-86d1-706748154c4a@group-349356213E97, cid=1908, SUCCESS, logIndex=2781, commits[6dd5d97a-7455-476f-86d1-706748154c4a:c2781, 8c1a4ac2-2d71-4742-ab0b-89dcc95eb13f:c2777, c9d0001a-daad-4532-9e58-9f5f4a7ddd18:c2777]
2019-09-12 14:53:45,212 [grpc-default-executor-2] INFO  client.GrpcClientProtocolClient (GrpcClientProtocolClient.java:onNext(264)) - client-835E41B928D6->6dd5d97a-7455-476f-86d1-706748154c4a: receive RaftClientReply:client-835E41B928D6->6dd5d97a-7455-476f-86d1-706748154c4a@group-349356213E97, cid=1909, SUCCESS, logIndex=0, commits[6dd5d97a-7455-476f-86d1-706748154c4a:c2783, 8c1a4ac2-2d71-4742-ab0b-89dcc95eb13f:c2779, c9d0001a-daad-4532-9e58-9f5f4a7ddd18:c2779]
2019-09-12 14:53:45,233 [grpc-default-executor-2] INFO  client.GrpcClientProtocolClient (GrpcClientProtocolClient.java:onNext(264)) - client-835E41B928D6->6dd5d97a-7455-476f-86d1-706748154c4a: receive RaftClientReply:client-835E41B928D6->6dd5d97a-7455-476f-86d1-706748154c4a@group-349356213E97, cid=1910, SUCCESS, logIndex=2786, commits[6dd5d97a-7455-476f-86d1-706748154c4a:c2787, 8c1a4ac2-2d71-4742-ab0b-89dcc95eb13f:c2785, c9d0001a-daad-4532-9e58-9f5f4a7ddd18:c2785]
2019-09-12 14:53:45,233 [grpc-default-executor-2] INFO  client.GrpcClientProtocolClient (GrpcClientProtocolClient.java:onNext(264)) - client-835E41B928D6->6dd5d97a-7455-476f-86d1-706748154c4a: receive RaftClientReply:client-835E41B928D6->6dd5d97a-7455-476f-86d1-706748154c4a@group-349356213E97, cid=1911, SUCCESS, logIndex=2787, commits[6dd5d97a-7455-476f-86d1-706748154c4a:c2787, 8c1a4ac2-2d71-4742-ab0b-89dcc95eb13f:c2785, c9d0001a-daad-4532-9e58-9f5f4a7ddd18:c2785]
2019-09-12 14:53:45,256 [grpc-default-executor-6] INFO  client.GrpcClientProtocolClient (GrpcClientProtocolClient.java:onNext(264)) - client-835E41B928D6->6dd5d97a-7455-476f-86d1-706748154c4a: receive RaftClientReply:client-835E41B928D6->6dd5d97a-7455-476f-86d1-706748154c4a@group-349356213E97, cid=1912, SUCCESS, logIndex=2790, commits[6dd5d97a-7455-476f-86d1-706748154c4a:c2791, 8c1a4ac2-2d71-4742-ab0b-89dcc95eb13f:c2787, c9d0001a-daad-4532-9e58-9f5f4a7ddd18:c2787]
2019-09-12 14:53:45,257 [grpc-default-executor-6] INFO  client.GrpcClientProtocolClient (GrpcClientProtocolClient.java:onNext(264)) - client-835E41B928D6->6dd5d97a-7455-476f-86d1-706748154c4a: receive RaftClientReply:client-835E41B928D6->6dd5d97a-7455-476f-86d1-706748154c4a@group-349356213E97, cid=1913, SUCCESS, logIndex=2791, commits[6dd5d97a-7455-476f-86d1-706748154c4a:c2791, 8c1a4ac2-2d71-4742-ab0b-89dcc95eb13f:c2787, c9d0001a-daad-4532-9e58-9f5f4a7ddd18:c2787]
2019-09-12 14:53:45,258 [grpc-default-executor-6] INFO  client.GrpcClientProtocolClient (GrpcClientProtocolClient.java:onNext(264)) - client-835E41B928D6->6dd5d97a-7455-476f-86d1-706748154c4a: receive RaftClientReply:client-835E41B928D6->6dd5d97a-7455-476f-86d1-706748154c4a@group-349356213E97, cid=1914, SUCCESS, logIndex=0, commits[6dd5d97a-7455-476f-86d1-706748154c4a:c2792, 8c1a4ac2-2d71-4742-ab0b-89dcc95eb13f:c2791, c9d0001a-daad-4532-9e58-9f5f4a7ddd18:c2791]
2019-09-12 14:53:45,285 [grpc-default-executor-2] INFO  client.GrpcClientProtocolClient (GrpcClientProtocolClient.java:onNext(264)) - client-835E41B928D6->6dd5d97a-7455-476f-86d1-706748154c4a: receive RaftClientReply:client-835E41B928D6->6dd5d97a-7455-476f-86d1-706748154c4a@group-349356213E97, cid=1915, SUCCESS, logIndex=2794, commits[6dd5d97a-7455-476f-86d1-706748154c4a:c2795, 8c1a4ac2-2d71-4742-ab0b-89dcc95eb13f:c2793, c9d0001a-daad-4532-9e58-9f5f4a7ddd18:c2793]
2019-09-12 14:53:45,285 [grpc-default-executor-2] INFO  client.GrpcClientProtocolClient (GrpcClientProtocolClient.java:onNext(264)) - client-835E41B928D6->6dd5d97a-7455-476f-86d1-706748154c4a: receive RaftClientReply:client-835E41B928D6->6dd5d97a-7455-476f-86d1-706748154c4a@group-349356213E97, cid=1916, SUCCESS, logIndex=2795, commits[6dd5d97a-7455-476f-86d1-706748154c4a:c2796, 8c1a4ac2-2d71-4742-ab0b-89dcc95eb13f:c2793, c9d0001a-daad-4532-9e58-9f5f4a7ddd18:c2793]
2019-09-12 14:53:45,285 [grpc-default-executor-2] INFO  client.GrpcClientProtocolClient (GrpcClientProtocolClient.java:onNext(264)) - client-835E41B928D6->6dd5d97a-7455-476f-86d1-706748154c4a: receive RaftClientReply:client-835E41B928D6->6dd5d97a-7455-476f-86d1-706748154c4a@group-349356213E97, cid=1917, SUCCESS, logIndex=2796, commits[6dd5d97a-7455-476f-86d1-706748154c4a:c2797, 8c1a4ac2-2d71-4742-ab0b-89dcc95eb13f:c2793, c9d0001a-daad-4532-9e58-9f5f4a7ddd18:c2793]
2019-09-12 14:53:45,286 [grpc-default-executor-2] INFO  client.GrpcClientProtocolClient (GrpcClientProtocolClient.java:onNext(264)) - client-835E41B928D6->6dd5d97a-7455-476f-86d1-706748154c4a: receive RaftClientReply:client-835E41B928D6->6dd5d97a-7455-476f-86d1-706748154c4a@group-349356213E97, cid=1918, SUCCESS, logIndex=2797, commits[6dd5d97a-7455-476f-86d1-706748154c4a:c2797, 8c1a4ac2-2d71-4742-ab0b-89dcc95eb13f:c2793, c9d0001a-daad-4532-9e58-9f5f4a7ddd18:c2793]
2019-09-12 14:53:45,299 [grpc-default-executor-2] INFO  client.GrpcClientProtocolClient (GrpcClientProtocolClient.java:onNext(264)) - client-835E41B928D6->6dd5d97a-7455-476f-86d1-706748154c4a: receive RaftClientReply:client-835E41B928D6->6dd5d97a-7455-476f-86d1-706748154c4a@group-349356213E97, cid=1919, SUCCESS, logIndex=0, commits[6dd5d97a-7455-476f-86d1-706748154c4a:c2799, 8c1a4ac2-2d71-4742-ab0b-89dcc95eb13f:c2795, c9d0001a-daad-4532-9e58-9f5f4a7ddd18:c2795]
2019-09-12 14:53:45,318 [grpc-default-executor-6] INFO  client.GrpcClientProtocolClient (GrpcClientProtocolClient.java:onNext(264)) - client-835E41B928D6->6dd5d97a-7455-476f-86d1-706748154c4a: receive RaftClientReply:client-835E41B928D6->6dd5d97a-7455-476f-86d1-706748154c4a@group-349356213E97, cid=1920, SUCCESS, logIndex=2802, commits[6dd5d97a-7455-476f-86d1-706748154c4a:c2803, 8c1a4ac2-2d71-4742-ab0b-89dcc95eb13f:c2801, c9d0001a-daad-4532-9e58-9f5f4a7ddd18:c2801]
2019-09-12 14:53:45,318 [grpc-default-executor-6] INFO  client.GrpcClientProtocolClient (GrpcClientProtocolClient.java:onNext(264)) - client-835E41B928D6->6dd5d97a-7455-476f-86d1-706748154c4a: receive RaftClientReply:client-835E41B928D6->6dd5d97a-7455-476f-86d1-706748154c4a@group-349356213E97, cid=1921, SUCCESS, logIndex=2803, commits[6dd5d97a-7455-476f-86d1-706748154c4a:c2803, 8c1a4ac2-2d71-4742-ab0b-89dcc95eb13f:c2801, c9d0001a-daad-4532-9e58-9f5f4a7ddd18:c2801]
2019-09-12 14:53:45,332 [grpc-default-executor-6] INFO  client.GrpcClientProtocolClient (GrpcClientProtocolClient.java:onNext(264)) - client-835E41B928D6->6dd5d97a-7455-476f-86d1-706748154c4a: receive RaftClientReply:client-835E41B928D6->6dd5d97a-7455-476f-86d1-706748154c4a@group-349356213E97, cid=1922, SUCCESS, logIndex=2806, commits[6dd5d97a-7455-476f-86d1-706748154c4a:c2807, 8c1a4ac2-2d71-4742-ab0b-89dcc95eb13f:c2803, c9d0001a-daad-4532-9e58-9f5f4a7ddd18:c2803]
2019-09-12 14:53:45,333 [grpc-default-executor-6] INFO  client.GrpcClientProtocolClient (GrpcClientProtocolClient.java:onNext(264)) - client-835E41B928D6->6dd5d97a-7455-476f-86d1-706748154c4a: receive RaftClientReply:client-835E41B928D6->6dd5d97a-7455-476f-86d1-706748154c4a@group-349356213E97, cid=1923, SUCCESS, logIndex=2807, commits[6dd5d97a-7455-476f-86d1-706748154c4a:c2807, 8c1a4ac2-2d71-4742-ab0b-89dcc95eb13f:c2803, c9d0001a-daad-4532-9e58-9f5f4a7ddd18:c2803]
2019-09-12 14:53:45,345 [grpc-default-executor-6] INFO  client.GrpcClientProtocolClient (GrpcClientProtocolClient.java:onNext(264)) - client-835E41B928D6->6dd5d97a-7455-476f-86d1-706748154c4a: receive RaftClientReply:client-835E41B928D6->6dd5d97a-7455-476f-86d1-706748154c4a@group-349356213E97, cid=1924, SUCCESS, logIndex=0, commits[6dd5d97a-7455-476f-86d1-706748154c4a:c2809, 8c1a4ac2-2d71-4742-ab0b-89dcc95eb13f:c2807, c9d0001a-daad-4532-9e58-9f5f4a7ddd18:c2807]
2019-09-12 14:53:45,375 [grpc-default-executor-7] INFO  client.GrpcClientProtocolClient (GrpcClientProtocolClient.java:onNext(264)) - client-835E41B928D6->6dd5d97a-7455-476f-86d1-706748154c4a: receive RaftClientReply:client-835E41B928D6->6dd5d97a-7455-476f-86d1-706748154c4a@group-349356213E97, cid=1925, SUCCESS, logIndex=2810, commits[6dd5d97a-7455-476f-86d1-706748154c4a:c2812, 8c1a4ac2-2d71-4742-ab0b-89dcc95eb13f:c2809, c9d0001a-daad-4532-9e58-9f5f4a7ddd18:c2809]
2019-09-12 14:53:45,375 [grpc-default-executor-7] INFO  client.GrpcClientProtocolClient (GrpcClientProtocolClient.java:onNext(264)) - client-835E41B928D6->6dd5d97a-7455-476f-86d1-706748154c4a: receive RaftClientReply:client-835E41B928D6->6dd5d97a-7455-476f-86d1-706748154c4a@group-349356213E97, cid=1926, SUCCESS, logIndex=2811, commits[6dd5d97a-7455-476f-86d1-706748154c4a:c2813, 8c1a4ac2-2d71-4742-ab0b-89dcc95eb13f:c2809, c9d0001a-daad-4532-9e58-9f5f4a7ddd18:c2809]
2019-09-12 14:53:45,375 [grpc-default-executor-7] INFO  client.GrpcClientProtocolClient (GrpcClientProtocolClient.java:onNext(264)) - client-835E41B928D6->6dd5d97a-7455-476f-86d1-706748154c4a: receive RaftClientReply:client-835E41B928D6->6dd5d97a-7455-476f-86d1-706748154c4a@group-349356213E97, cid=1927, SUCCESS, logIndex=2812, commits[6dd5d97a-7455-476f-86d1-706748154c4a:c2813, 8c1a4ac2-2d71-4742-ab0b-89dcc95eb13f:c2809, c9d0001a-daad-4532-9e58-9f5f4a7ddd18:c2809]
2019-09-12 14:53:45,376 [grpc-default-executor-7] INFO  client.GrpcClientProtocolClient (GrpcClientProtocolClient.java:onNext(264)) - client-835E41B928D6->6dd5d97a-7455-476f-86d1-706748154c4a: receive RaftClientReply:client-835E41B928D6->6dd5d97a-7455-476f-86d1-706748154c4a@group-349356213E97, cid=1928, SUCCESS, logIndex=2813, commits[6dd5d97a-7455-476f-86d1-706748154c4a:c2813, 8c1a4ac2-2d71-4742-ab0b-89dcc95eb13f:c2809, c9d0001a-daad-4532-9e58-9f5f4a7ddd18:c2809]
2019-09-12 14:53:45,389 [grpc-default-executor-7] INFO  client.GrpcClientProtocolClient (GrpcClientProtocolClient.java:onNext(264)) - client-835E41B928D6->6dd5d97a-7455-476f-86d1-706748154c4a: receive RaftClientReply:client-835E41B928D6->6dd5d97a-7455-476f-86d1-706748154c4a@group-349356213E97, cid=1929, SUCCESS, logIndex=0, commits[6dd5d97a-7455-476f-86d1-706748154c4a:c2815, 8c1a4ac2-2d71-4742-ab0b-89dcc95eb13f:c2811, c9d0001a-daad-4532-9e58-9f5f4a7ddd18:c2811]
2019-09-12 14:53:45,418 [grpc-default-executor-5] INFO  client.GrpcClientProtocolClient (GrpcClientProtocolClient.java:onNext(264)) - client-835E41B928D6->6dd5d97a-7455-476f-86d1-706748154c4a: receive RaftClientReply:client-835E41B928D6->6dd5d97a-7455-476f-86d1-706748154c4a@group-349356213E97, cid=1930, SUCCESS, logIndex=2818, commits[6dd5d97a-7455-476f-86d1-706748154c4a:c2819, 8c1a4ac2-2d71-4742-ab0b-89dcc95eb13f:c2817, c9d0001a-daad-4532-9e58-9f5f4a7ddd18:c2813]
2019-09-12 14:53:45,418 [grpc-default-executor-5] INFO  client.GrpcClientProtocolClient (GrpcClientProtocolClient.java:onNext(264)) - client-835E41B928D6->6dd5d97a-7455-476f-86d1-706748154c4a: receive RaftClientReply:client-835E41B928D6->6dd5d97a-7455-476f-86d1-706748154c4a@group-349356213E97, cid=1931, SUCCESS, logIndex=2819, commits[6dd5d97a-7455-476f-86d1-706748154c4a:c2819, 8c1a4ac2-2d71-4742-ab0b-89dcc95eb13f:c2817, c9d0001a-daad-4532-9e58-9f5f4a7ddd18:c2813]
 0.00% |█                                                                                                    |  0/1 Time: 0:00:132019-09-12 14:53:45,440 [grpc-default-executor-5] INFO  client.GrpcClientProtocolClient (GrpcClientProtocolClient.java:onNext(264)) - client-835E41B928D6->6dd5d97a-7455-476f-86d1-706748154c4a: receive RaftClientReply:client-835E41B928D6->6dd5d97a-7455-476f-86d1-706748154c4a@group-349356213E97, cid=1932, SUCCESS, logIndex=2822, commits[6dd5d97a-7455-476f-86d1-706748154c4a:c2823, 8c1a4ac2-2d71-4742-ab0b-89dcc95eb13f:c2821, c9d0001a-daad-4532-9e58-9f5f4a7ddd18:c2821]
2019-09-12 14:53:45,441 [grpc-default-executor-5] INFO  client.GrpcClientProtocolClient (GrpcClientProtocolClient.java:onNext(264)) - client-835E41B928D6->6dd5d97a-7455-476f-86d1-706748154c4a: receive RaftClientReply:client-835E41B928D6->6dd5d97a-7455-476f-86d1-706748154c4a@group-349356213E97, cid=1933, SUCCESS, logIndex=2823, commits[6dd5d97a-7455-476f-86d1-706748154c4a:c2823, 8c1a4ac2-2d71-4742-ab0b-89dcc95eb13f:c2821, c9d0001a-daad-4532-9e58-9f5f4a7ddd18:c2821]
2019-09-12 14:53:45,453 [grpc-default-executor-7] INFO  client.GrpcClientProtocolClient (GrpcClientProtocolClient.java:onNext(264)) - client-835E41B928D6->6dd5d97a-7455-476f-86d1-706748154c4a: receive RaftClientReply:client-835E41B928D6->6dd5d97a-7455-476f-86d1-706748154c4a@group-349356213E97, cid=1934, SUCCESS, logIndex=0, commits[6dd5d97a-7455-476f-86d1-706748154c4a:c2824, 8c1a4ac2-2d71-4742-ab0b-89dcc95eb13f:c2823, c9d0001a-daad-4532-9e58-9f5f4a7ddd18:c2823]
2019-09-12 14:53:45,483 [grpc-default-executor-7] INFO  client.GrpcClientProtocolClient (GrpcClientProtocolClient.java:onNext(264)) - client-835E41B928D6->6dd5d97a-7455-476f-86d1-706748154c4a: receive RaftClientReply:client-835E41B928D6->6dd5d97a-7455-476f-86d1-706748154c4a@group-349356213E97, cid=1935, SUCCESS, logIndex=2826, commits[6dd5d97a-7455-476f-86d1-706748154c4a:c2828, 8c1a4ac2-2d71-4742-ab0b-89dcc95eb13f:c2825, c9d0001a-daad-4532-9e58-9f5f4a7ddd18:c2825]
2019-09-12 14:53:45,484 [grpc-default-executor-7] INFO  client.GrpcClientProtocolClient (GrpcClientProtocolClient.java:onNext(264)) - client-835E41B928D6->6dd5d97a-7455-476f-86d1-706748154c4a: receive RaftClientReply:client-835E41B928D6->6dd5d97a-7455-476f-86d1-706748154c4a@group-349356213E97, cid=1936, SUCCESS, logIndex=2827, commits[6dd5d97a-7455-476f-86d1-706748154c4a:c2829, 8c1a4ac2-2d71-4742-ab0b-89dcc95eb13f:c2825, c9d0001a-daad-4532-9e58-9f5f4a7ddd18:c2825]
2019-09-12 14:53:45,484 [grpc-default-executor-7] INFO  client.GrpcClientProtocolClient (GrpcClientProtocolClient.java:onNext(264)) - client-835E41B928D6->6dd5d97a-7455-476f-86d1-706748154c4a: receive RaftClientReply:client-835E41B928D6->6dd5d97a-7455-476f-86d1-706748154c4a@group-349356213E97, cid=1937, SUCCESS, logIndex=2828, commits[6dd5d97a-7455-476f-86d1-706748154c4a:c2829, 8c1a4ac2-2d71-4742-ab0b-89dcc95eb13f:c2825, c9d0001a-daad-4532-9e58-9f5f4a7ddd18:c2825]
2019-09-12 14:53:45,484 [grpc-default-executor-7] INFO  client.GrpcClientProtocolClient (GrpcClientProtocolClient.java:onNext(264)) - client-835E41B928D6->6dd5d97a-7455-476f-86d1-706748154c4a: receive RaftClientReply:client-835E41B928D6->6dd5d97a-7455-476f-86d1-706748154c4a@group-349356213E97, cid=1938, SUCCESS, logIndex=2829, commits[6dd5d97a-7455-476f-86d1-706748154c4a:c2830, 8c1a4ac2-2d71-4742-ab0b-89dcc95eb13f:c2826, c9d0001a-daad-4532-9e58-9f5f4a7ddd18:c2825]
2019-09-12 14:53:45,485 [grpc-default-executor-7] INFO  client.GrpcClientProtocolClient (GrpcClientProtocolClient.java:onNext(264)) - client-835E41B928D6->6dd5d97a-7455-476f-86d1-706748154c4a: receive RaftClientReply:client-835E41B928D6->6dd5d97a-7455-476f-86d1-706748154c4a@group-349356213E97, cid=1939, SUCCESS, logIndex=0, commits[6dd5d97a-7455-476f-86d1-706748154c4a:c2833, 8c1a4ac2-2d71-4742-ab0b-89dcc95eb13f:c2829, c9d0001a-daad-4532-9e58-9f5f4a7ddd18:c2828]
2019-09-12 14:53:45,505 [grpc-default-executor-2] INFO  client.GrpcClientProtocolClient (GrpcClientProtocolClient.java:onNext(264)) - client-835E41B928D6->6dd5d97a-7455-476f-86d1-706748154c4a: receive RaftClientReply:client-835E41B928D6->6dd5d97a-7455-476f-86d1-706748154c4a@group-349356213E97, cid=1940, SUCCESS, logIndex=2834, commits[6dd5d97a-7455-476f-86d1-706748154c4a:c2835, 8c1a4ac2-2d71-4742-ab0b-89dcc95eb13f:c2833, c9d0001a-daad-4532-9e58-9f5f4a7ddd18:c2833]
2019-09-12 14:53:45,505 [grpc-default-executor-2] INFO  client.GrpcClientProtocolClient (GrpcClientProtocolClient.java:onNext(264)) - client-835E41B928D6->6dd5d97a-7455-476f-86d1-706748154c4a: receive RaftClientReply:client-835E41B928D6->6dd5d97a-7455-476f-86d1-706748154c4a@group-349356213E97, cid=1941, SUCCESS, logIndex=2835, commits[6dd5d97a-7455-476f-86d1-706748154c4a:c2835, 8c1a4ac2-2d71-4742-ab0b-89dcc95eb13f:c2833, c9d0001a-daad-4532-9e58-9f5f4a7ddd18:c2833]
2019-09-12 14:53:45,519 [grpc-default-executor-5] INFO  client.GrpcClientProtocolClient (GrpcClientProtocolClient.java:onNext(264)) - client-835E41B928D6->6dd5d97a-7455-476f-86d1-706748154c4a: receive RaftClientReply:client-835E41B928D6->6dd5d97a-7455-476f-86d1-706748154c4a@group-349356213E97, cid=1942, SUCCESS, logIndex=2838, commits[6dd5d97a-7455-476f-86d1-706748154c4a:c2839, 8c1a4ac2-2d71-4742-ab0b-89dcc95eb13f:c2835, c9d0001a-daad-4532-9e58-9f5f4a7ddd18:c2835]
2019-09-12 14:53:45,519 [grpc-default-executor-5] INFO  client.GrpcClientProtocolClient (GrpcClientProtocolClient.java:onNext(264)) - client-835E41B928D6->6dd5d97a-7455-476f-86d1-706748154c4a: receive RaftClientReply:client-835E41B928D6->6dd5d97a-7455-476f-86d1-706748154c4a@group-349356213E97, cid=1943, SUCCESS, logIndex=2839, commits[6dd5d97a-7455-476f-86d1-706748154c4a:c2839, 8c1a4ac2-2d71-4742-ab0b-89dcc95eb13f:c2835, c9d0001a-daad-4532-9e58-9f5f4a7ddd18:c2835]
2019-09-12 14:53:45,531 [grpc-default-executor-5] INFO  client.GrpcClientProtocolClient (GrpcClientProtocolClient.java:onNext(264)) - client-835E41B928D6->6dd5d97a-7455-476f-86d1-706748154c4a: receive RaftClientReply:client-835E41B928D6->6dd5d97a-7455-476f-86d1-706748154c4a@group-349356213E97, cid=1944, SUCCESS, logIndex=0, commits[6dd5d97a-7455-476f-86d1-706748154c4a:c2840, 8c1a4ac2-2d71-4742-ab0b-89dcc95eb13f:c2839, c9d0001a-daad-4532-9e58-9f5f4a7ddd18:c2839]
2019-09-12 14:53:45,560 [grpc-default-executor-5] INFO  client.GrpcClientProtocolClient (GrpcClientProtocolClient.java:onNext(264)) - client-835E41B928D6->6dd5d97a-7455-476f-86d1-706748154c4a: receive RaftClientReply:client-835E41B928D6->6dd5d97a-7455-476f-86d1-706748154c4a@group-349356213E97, cid=1945, SUCCESS, logIndex=2842, commits[6dd5d97a-7455-476f-86d1-706748154c4a:c2843, 8c1a4ac2-2d71-4742-ab0b-89dcc95eb13f:c2841, c9d0001a-daad-4532-9e58-9f5f4a7ddd18:c2841]
2019-09-12 14:53:45,561 [grpc-default-executor-6] INFO  client.GrpcClientProtocolClient (GrpcClientProtocolClient.java:onNext(264)) - client-835E41B928D6->6dd5d97a-7455-476f-86d1-706748154c4a: receive RaftClientReply:client-835E41B928D6->6dd5d97a-7455-476f-86d1-706748154c4a@group-349356213E97, cid=1946, SUCCESS, logIndex=2843, commits[6dd5d97a-7455-476f-86d1-706748154c4a:c2843, 8c1a4ac2-2d71-4742-ab0b-89dcc95eb13f:c2841, c9d0001a-daad-4532-9e58-9f5f4a7ddd18:c2841]
2019-09-12 14:53:45,561 [grpc-default-executor-7] INFO  client.GrpcClientProtocolClient (GrpcClientProtocolClient.java:onNext(264)) - client-835E41B928D6->6dd5d97a-7455-476f-86d1-706748154c4a: receive RaftClientReply:client-835E41B928D6->6dd5d97a-7455-476f-86d1-706748154c4a@group-349356213E97, cid=1947, SUCCESS, logIndex=2844, commits[6dd5d97a-7455-476f-86d1-706748154c4a:c2844, 8c1a4ac2-2d71-4742-ab0b-89dcc95eb13f:c2841, c9d0001a-daad-4532-9e58-9f5f4a7ddd18:c2841]
2019-09-12 14:53:45,562 [grpc-default-executor-7] INFO  client.GrpcClientProtocolClient (GrpcClientProtocolClient.java:onNext(264)) - client-835E41B928D6->6dd5d97a-7455-476f-86d1-706748154c4a: receive RaftClientReply:client-835E41B928D6->6dd5d97a-7455-476f-86d1-706748154c4a@group-349356213E97, cid=1948, SUCCESS, logIndex=2845, commits[6dd5d97a-7455-476f-86d1-706748154c4a:c2845, 8c1a4ac2-2d71-4742-ab0b-89dcc95eb13f:c2841, c9d0001a-daad-4532-9e58-9f5f4a7ddd18:c2841]
2019-09-12 14:53:45,563 [grpc-default-executor-7] INFO  client.GrpcClientProtocolClient (GrpcClientProtocolClient.java:onNext(264)) - client-835E41B928D6->6dd5d97a-7455-476f-86d1-706748154c4a: receive RaftClientReply:client-835E41B928D6->6dd5d97a-7455-476f-86d1-706748154c4a@group-349356213E97, cid=1949, SUCCESS, logIndex=0, commits[6dd5d97a-7455-476f-86d1-706748154c4a:c2847, 8c1a4ac2-2d71-4742-ab0b-89dcc95eb13f:c2843, c9d0001a-daad-4532-9e58-9f5f4a7ddd18:c2843]
2019-09-12 14:53:45,586 [grpc-default-executor-5] INFO  client.GrpcClientProtocolClient (GrpcClientProtocolClient.java:onNext(264)) - client-835E41B928D6->6dd5d97a-7455-476f-86d1-706748154c4a: receive RaftClientReply:client-835E41B928D6->6dd5d97a-7455-476f-86d1-706748154c4a@group-349356213E97, cid=1950, SUCCESS, logIndex=2850, commits[6dd5d97a-7455-476f-86d1-706748154c4a:c2851, 8c1a4ac2-2d71-4742-ab0b-89dcc95eb13f:c2849, c9d0001a-daad-4532-9e58-9f5f4a7ddd18:c2845]
2019-09-12 14:53:45,586 [grpc-default-executor-5] INFO  client.GrpcClientProtocolClient (GrpcClientProtocolClient.java:onNext(264)) - client-835E41B928D6->6dd5d97a-7455-476f-86d1-706748154c4a: receive RaftClientReply:client-835E41B928D6->6dd5d97a-7455-476f-86d1-706748154c4a@group-349356213E97, cid=1951, SUCCESS, logIndex=2851, commits[6dd5d97a-7455-476f-86d1-706748154c4a:c2851, 8c1a4ac2-2d71-4742-ab0b-89dcc95eb13f:c2849, c9d0001a-daad-4532-9e58-9f5f4a7ddd18:c2849]
2019-09-12 14:53:45,615 [grpc-default-executor-5] INFO  client.GrpcClientProtocolClient (GrpcClientProtocolClient.java:onNext(264)) - client-835E41B928D6->6dd5d97a-7455-476f-86d1-706748154c4a: receive RaftClientReply:client-835E41B928D6->6dd5d97a-7455-476f-86d1-706748154c4a@group-349356213E97, cid=1952, SUCCESS, logIndex=2854, commits[6dd5d97a-7455-476f-86d1-706748154c4a:c2855, 8c1a4ac2-2d71-4742-ab0b-89dcc95eb13f:c2851, c9d0001a-daad-4532-9e58-9f5f4a7ddd18:c2851]
2019-09-12 14:53:45,615 [grpc-default-executor-5] INFO  client.GrpcClientProtocolClient (GrpcClientProtocolClient.java:onNext(264)) - client-835E41B928D6->6dd5d97a-7455-476f-86d1-706748154c4a: receive RaftClientReply:client-835E41B928D6->6dd5d97a-7455-476f-86d1-706748154c4a@group-349356213E97, cid=1953, SUCCESS, logIndex=2855, commits[6dd5d97a-7455-476f-86d1-706748154c4a:c2855, 8c1a4ac2-2d71-4742-ab0b-89dcc95eb13f:c2851, c9d0001a-daad-4532-9e58-9f5f4a7ddd18:c2851]
2019-09-12 14:53:45,628 [grpc-default-executor-5] INFO  client.GrpcClientProtocolClient (GrpcClientProtocolClient.java:onNext(264)) - client-835E41B928D6->6dd5d97a-7455-476f-86d1-706748154c4a: receive RaftClientReply:client-835E41B928D6->6dd5d97a-7455-476f-86d1-706748154c4a@group-349356213E97, cid=1954, SUCCESS, logIndex=0, commits[6dd5d97a-7455-476f-86d1-706748154c4a:c2857, 8c1a4ac2-2d71-4742-ab0b-89dcc95eb13f:c2855, c9d0001a-daad-4532-9e58-9f5f4a7ddd18:c2855]
2019-09-12 14:53:45,656 [grpc-default-executor-5] INFO  client.GrpcClientProtocolClient (GrpcClientProtocolClient.java:onNext(264)) - client-835E41B928D6->6dd5d97a-7455-476f-86d1-706748154c4a: receive RaftClientReply:client-835E41B928D6->6dd5d97a-7455-476f-86d1-706748154c4a@group-349356213E97, cid=1955, SUCCESS, logIndex=2858, commits[6dd5d97a-7455-476f-86d1-706748154c4a:c2859, 8c1a4ac2-2d71-4742-ab0b-89dcc95eb13f:c2857, c9d0001a-daad-4532-9e58-9f5f4a7ddd18:c2857]
2019-09-12 14:53:45,657 [grpc-default-executor-5] INFO  client.GrpcClientProtocolClient (GrpcClientProtocolClient.java:onNext(264)) - client-835E41B928D6->6dd5d97a-7455-476f-86d1-706748154c4a: receive RaftClientReply:client-835E41B928D6->6dd5d97a-7455-476f-86d1-706748154c4a@group-349356213E97, cid=1956, SUCCESS, logIndex=2859, commits[6dd5d97a-7455-476f-86d1-706748154c4a:c2861, 8c1a4ac2-2d71-4742-ab0b-89dcc95eb13f:c2857, c9d0001a-daad-4532-9e58-9f5f4a7ddd18:c2857]
2019-09-12 14:53:45,657 [grpc-default-executor-5] INFO  client.GrpcClientProtocolClient (GrpcClientProtocolClient.java:onNext(264)) - client-835E41B928D6->6dd5d97a-7455-476f-86d1-706748154c4a: receive RaftClientReply:client-835E41B928D6->6dd5d97a-7455-476f-86d1-706748154c4a@group-349356213E97, cid=1957, SUCCESS, logIndex=2860, commits[6dd5d97a-7455-476f-86d1-706748154c4a:c2861, 8c1a4ac2-2d71-4742-ab0b-89dcc95eb13f:c2857, c9d0001a-daad-4532-9e58-9f5f4a7ddd18:c2857]
2019-09-12 14:53:45,657 [grpc-default-executor-5] INFO  client.GrpcClientProtocolClient (GrpcClientProtocolClient.java:onNext(264)) - client-835E41B928D6->6dd5d97a-7455-476f-86d1-706748154c4a: receive RaftClientReply:client-835E41B928D6->6dd5d97a-7455-476f-86d1-706748154c4a@group-349356213E97, cid=1958, SUCCESS, logIndex=2861, commits[6dd5d97a-7455-476f-86d1-706748154c4a:c2861, 8c1a4ac2-2d71-4742-ab0b-89dcc95eb13f:c2857, c9d0001a-daad-4532-9e58-9f5f4a7ddd18:c2857]
2019-09-12 14:53:45,658 [grpc-default-executor-5] INFO  client.GrpcClientProtocolClient (GrpcClientProtocolClient.java:onNext(264)) - client-835E41B928D6->6dd5d97a-7455-476f-86d1-706748154c4a: receive RaftClientReply:client-835E41B928D6->6dd5d97a-7455-476f-86d1-706748154c4a@group-349356213E97, cid=1959, SUCCESS, logIndex=0, commits[6dd5d97a-7455-476f-86d1-706748154c4a:c2863, 8c1a4ac2-2d71-4742-ab0b-89dcc95eb13f:c2859, c9d0001a-daad-4532-9e58-9f5f4a7ddd18:c2859]
2019-09-12 14:53:45,676 [grpc-default-executor-7] INFO  client.GrpcClientProtocolClient (GrpcClientProtocolClient.java:onNext(264)) - client-835E41B928D6->6dd5d97a-7455-476f-86d1-706748154c4a: receive RaftClientReply:client-835E41B928D6->6dd5d97a-7455-476f-86d1-706748154c4a@group-349356213E97, cid=1960, SUCCESS, logIndex=2866, commits[6dd5d97a-7455-476f-86d1-706748154c4a:c2867, 8c1a4ac2-2d71-4742-ab0b-89dcc95eb13f:c2861, c9d0001a-daad-4532-9e58-9f5f4a7ddd18:c2865]
2019-09-12 14:53:45,676 [grpc-default-executor-7] INFO  client.GrpcClientProtocolClient (GrpcClientProtocolClient.java:onNext(264)) - client-835E41B928D6->6dd5d97a-7455-476f-86d1-706748154c4a: receive RaftClientReply:client-835E41B928D6->6dd5d97a-7455-476f-86d1-706748154c4a@group-349356213E97, cid=1961, SUCCESS, logIndex=2867, commits[6dd5d97a-7455-476f-86d1-706748154c4a:c2867, 8c1a4ac2-2d71-4742-ab0b-89dcc95eb13f:c2865, c9d0001a-daad-4532-9e58-9f5f4a7ddd18:c2865]
2019-09-12 14:53:45,698 [grpc-default-executor-5] INFO  client.GrpcClientProtocolClient (GrpcClientProtocolClient.java:onNext(264)) - client-835E41B928D6->6dd5d97a-7455-476f-86d1-706748154c4a: receive RaftClientReply:client-835E41B928D6->6dd5d97a-7455-476f-86d1-706748154c4a@group-349356213E97, cid=1962, SUCCESS, logIndex=2870, commits[6dd5d97a-7455-476f-86d1-706748154c4a:c2871, 8c1a4ac2-2d71-4742-ab0b-89dcc95eb13f:c2869, c9d0001a-daad-4532-9e58-9f5f4a7ddd18:c2869]
2019-09-12 14:53:46,458 [Thread-284] WARN  util.JavaUtils (JavaUtils.java:sleep(250)) - Unexpected long sleep: sleep(5044ms) actually took 5640ms which is over the threshold 300ms
 0.00% |█                                                                                                    |  0/1 Time: 0:00:142019-09-12 14:53:46,461 [grpc-default-executor-7] INFO  client.GrpcClientProtocolClient (GrpcClientProtocolClient.java:onNext(264)) - client-835E41B928D6->6dd5d97a-7455-476f-86d1-706748154c4a: receive RaftClientReply:client-835E41B928D6->6dd5d97a-7455-476f-86d1-706748154c4a@group-349356213E97, cid=1963, SUCCESS, logIndex=2871, commits[6dd5d97a-7455-476f-86d1-706748154c4a:c2871, 8c1a4ac2-2d71-4742-ab0b-89dcc95eb13f:c2869, c9d0001a-daad-4532-9e58-9f5f4a7ddd18:c2869]
2019-09-12 14:53:46,463 [grpc-default-executor-7] INFO  client.GrpcClientProtocolClient (GrpcClientProtocolClient.java:onNext(264)) - client-835E41B928D6->6dd5d97a-7455-476f-86d1-706748154c4a: receive RaftClientReply:client-835E41B928D6->6dd5d97a-7455-476f-86d1-706748154c4a@group-349356213E97, cid=1964, SUCCESS, logIndex=0, commits[6dd5d97a-7455-476f-86d1-706748154c4a:c2872, 8c1a4ac2-2d71-4742-ab0b-89dcc95eb13f:c2871, c9d0001a-daad-4532-9e58-9f5f4a7ddd18:c2871]
2019-09-12 14:53:46,496 [grpc-default-executor-5] INFO  client.GrpcClientProtocolClient (GrpcClientProtocolClient.java:onNext(264)) - client-835E41B928D6->6dd5d97a-7455-476f-86d1-706748154c4a: receive RaftClientReply:client-835E41B928D6->6dd5d97a-7455-476f-86d1-706748154c4a@group-349356213E97, cid=1965, SUCCESS, logIndex=2874, commits[6dd5d97a-7455-476f-86d1-706748154c4a:c2876, 8c1a4ac2-2d71-4742-ab0b-89dcc95eb13f:c2873, c9d0001a-daad-4532-9e58-9f5f4a7ddd18:c2873]
2019-09-12 14:53:46,496 [grpc-default-executor-5] INFO  client.GrpcClientProtocolClient (GrpcClientProtocolClient.java:onNext(264)) - client-835E41B928D6->6dd5d97a-7455-476f-86d1-706748154c4a: receive RaftClientReply:client-835E41B928D6->6dd5d97a-7455-476f-86d1-706748154c4a@group-349356213E97, cid=1966, SUCCESS, logIndex=2875, commits[6dd5d97a-7455-476f-86d1-706748154c4a:c2877, 8c1a4ac2-2d71-4742-ab0b-89dcc95eb13f:c2873, c9d0001a-daad-4532-9e58-9f5f4a7ddd18:c2873]
2019-09-12 14:53:46,497 [grpc-default-executor-5] INFO  client.GrpcClientProtocolClient (GrpcClientProtocolClient.java:onNext(264)) - client-835E41B928D6->6dd5d97a-7455-476f-86d1-706748154c4a: receive RaftClientReply:client-835E41B928D6->6dd5d97a-7455-476f-86d1-706748154c4a@group-349356213E97, cid=1967, SUCCESS, logIndex=2876, commits[6dd5d97a-7455-476f-86d1-706748154c4a:c2877, 8c1a4ac2-2d71-4742-ab0b-89dcc95eb13f:c2873, c9d0001a-daad-4532-9e58-9f5f4a7ddd18:c2873]
2019-09-12 14:53:46,497 [grpc-default-executor-5] INFO  client.GrpcClientProtocolClient (GrpcClientProtocolClient.java:onNext(264)) - client-835E41B928D6->6dd5d97a-7455-476f-86d1-706748154c4a: receive RaftClientReply:client-835E41B928D6->6dd5d97a-7455-476f-86d1-706748154c4a@group-349356213E97, cid=1968, SUCCESS, logIndex=2877, commits[6dd5d97a-7455-476f-86d1-706748154c4a:c2877, 8c1a4ac2-2d71-4742-ab0b-89dcc95eb13f:c2873, c9d0001a-daad-4532-9e58-9f5f4a7ddd18:c2873]
2019-09-12 14:53:46,508 [grpc-default-executor-6] INFO  client.GrpcClientProtocolClient (GrpcClientProtocolClient.java:onNext(264)) - client-835E41B928D6->6dd5d97a-7455-476f-86d1-706748154c4a: receive RaftClientReply:client-835E41B928D6->6dd5d97a-7455-476f-86d1-706748154c4a@group-349356213E97, cid=1969, SUCCESS, logIndex=0, commits[6dd5d97a-7455-476f-86d1-706748154c4a:c2879, 8c1a4ac2-2d71-4742-ab0b-89dcc95eb13f:c2875, c9d0001a-daad-4532-9e58-9f5f4a7ddd18:c2875]
2019-09-12 14:53:46,529 [grpc-default-executor-5] INFO  client.GrpcClientProtocolClient (GrpcClientProtocolClient.java:onNext(264)) - client-835E41B928D6->6dd5d97a-7455-476f-86d1-706748154c4a: receive RaftClientReply:client-835E41B928D6->6dd5d97a-7455-476f-86d1-706748154c4a@group-349356213E97, cid=1970, SUCCESS, logIndex=2882, commits[6dd5d97a-7455-476f-86d1-706748154c4a:c2883, 8c1a4ac2-2d71-4742-ab0b-89dcc95eb13f:c2881, c9d0001a-daad-4532-9e58-9f5f4a7ddd18:c2881]
2019-09-12 14:53:46,529 [grpc-default-executor-5] INFO  client.GrpcClientProtocolClient (GrpcClientProtocolClient.java:onNext(264)) - client-835E41B928D6->6dd5d97a-7455-476f-86d1-706748154c4a: receive RaftClientReply:client-835E41B928D6->6dd5d97a-7455-476f-86d1-706748154c4a@group-349356213E97, cid=1971, SUCCESS, logIndex=2883, commits[6dd5d97a-7455-476f-86d1-706748154c4a:c2883, 8c1a4ac2-2d71-4742-ab0b-89dcc95eb13f:c2881, c9d0001a-daad-4532-9e58-9f5f4a7ddd18:c2881]
2019-09-12 14:53:46,542 [grpc-default-executor-5] INFO  client.GrpcClientProtocolClient (GrpcClientProtocolClient.java:onNext(264)) - client-835E41B928D6->6dd5d97a-7455-476f-86d1-706748154c4a: receive RaftClientReply:client-835E41B928D6->6dd5d97a-7455-476f-86d1-706748154c4a@group-349356213E97, cid=1972, SUCCESS, logIndex=2886, commits[6dd5d97a-7455-476f-86d1-706748154c4a:c2887, 8c1a4ac2-2d71-4742-ab0b-89dcc95eb13f:c2883, c9d0001a-daad-4532-9e58-9f5f4a7ddd18:c2883]
2019-09-12 14:53:46,543 [grpc-default-executor-5] INFO  client.GrpcClientProtocolClient (GrpcClientProtocolClient.java:onNext(264)) - client-835E41B928D6->6dd5d97a-7455-476f-86d1-706748154c4a: receive RaftClientReply:client-835E41B928D6->6dd5d97a-7455-476f-86d1-706748154c4a@group-349356213E97, cid=1973, SUCCESS, logIndex=2887, commits[6dd5d97a-7455-476f-86d1-706748154c4a:c2887, 8c1a4ac2-2d71-4742-ab0b-89dcc95eb13f:c2883, c9d0001a-daad-4532-9e58-9f5f4a7ddd18:c2883]
2019-09-12 14:53:46,555 [grpc-default-executor-5] INFO  client.GrpcClientProtocolClient (GrpcClientProtocolClient.java:onNext(264)) - client-835E41B928D6->6dd5d97a-7455-476f-86d1-706748154c4a: receive RaftClientReply:client-835E41B928D6->6dd5d97a-7455-476f-86d1-706748154c4a@group-349356213E97, cid=1974, SUCCESS, logIndex=0, commits[6dd5d97a-7455-476f-86d1-706748154c4a:c2889, 8c1a4ac2-2d71-4742-ab0b-89dcc95eb13f:c2887, c9d0001a-daad-4532-9e58-9f5f4a7ddd18:c2887]
2019-09-12 14:53:46,583 [grpc-default-executor-7] INFO  client.GrpcClientProtocolClient (GrpcClientProtocolClient.java:onNext(264)) - client-835E41B928D6->6dd5d97a-7455-476f-86d1-706748154c4a: receive RaftClientReply:client-835E41B928D6->6dd5d97a-7455-476f-86d1-706748154c4a@group-349356213E97, cid=1975, SUCCESS, logIndex=2890, commits[6dd5d97a-7455-476f-86d1-706748154c4a:c2891, 8c1a4ac2-2d71-4742-ab0b-89dcc95eb13f:c2889, c9d0001a-daad-4532-9e58-9f5f4a7ddd18:c2889]
2019-09-12 14:53:46,583 [grpc-default-executor-7] INFO  client.GrpcClientProtocolClient (GrpcClientProtocolClient.java:onNext(264)) - client-835E41B928D6->6dd5d97a-7455-476f-86d1-706748154c4a: receive RaftClientReply:client-835E41B928D6->6dd5d97a-7455-476f-86d1-706748154c4a@group-349356213E97, cid=1976, SUCCESS, logIndex=2891, commits[6dd5d97a-7455-476f-86d1-706748154c4a:c2891, 8c1a4ac2-2d71-4742-ab0b-89dcc95eb13f:c2889, c9d0001a-daad-4532-9e58-9f5f4a7ddd18:c2889]
2019-09-12 14:53:46,584 [grpc-default-executor-5] INFO  client.GrpcClientProtocolClient (GrpcClientProtocolClient.java:onNext(264)) - client-835E41B928D6->6dd5d97a-7455-476f-86d1-706748154c4a: receive RaftClientReply:client-835E41B928D6->6dd5d97a-7455-476f-86d1-706748154c4a@group-349356213E97, cid=1977, SUCCESS, logIndex=2892, commits[6dd5d97a-7455-476f-86d1-706748154c4a:c2893, 8c1a4ac2-2d71-4742-ab0b-89dcc95eb13f:c2889, c9d0001a-daad-4532-9e58-9f5f4a7ddd18:c2889]
2019-09-12 14:53:46,585 [grpc-default-executor-5] INFO  client.GrpcClientProtocolClient (GrpcClientProtocolClient.java:onNext(264)) - client-835E41B928D6->6dd5d97a-7455-476f-86d1-706748154c4a: receive RaftClientReply:client-835E41B928D6->6dd5d97a-7455-476f-86d1-706748154c4a@group-349356213E97, cid=1978, SUCCESS, logIndex=2893, commits[6dd5d97a-7455-476f-86d1-706748154c4a:c2893, 8c1a4ac2-2d71-4742-ab0b-89dcc95eb13f:c2889, c9d0001a-daad-4532-9e58-9f5f4a7ddd18:c2889]
2019-09-12 14:53:46,586 [grpc-default-executor-6] INFO  client.GrpcClientProtocolClient (GrpcClientProtocolClient.java:onNext(264)) - client-835E41B928D6->6dd5d97a-7455-476f-86d1-706748154c4a: receive RaftClientReply:client-835E41B928D6->6dd5d97a-7455-476f-86d1-706748154c4a@group-349356213E97, cid=1979, SUCCESS, logIndex=0, commits[6dd5d97a-7455-476f-86d1-706748154c4a:c2895, 8c1a4ac2-2d71-4742-ab0b-89dcc95eb13f:c2891, c9d0001a-daad-4532-9e58-9f5f4a7ddd18:c2891]
2019-09-12 14:53:46,605 [grpc-default-executor-5] INFO  client.GrpcClientProtocolClient (GrpcClientProtocolClient.java:onNext(264)) - client-835E41B928D6->6dd5d97a-7455-476f-86d1-706748154c4a: receive RaftClientReply:client-835E41B928D6->6dd5d97a-7455-476f-86d1-706748154c4a@group-349356213E97, cid=1980, SUCCESS, logIndex=2898, commits[6dd5d97a-7455-476f-86d1-706748154c4a:c2899, 8c1a4ac2-2d71-4742-ab0b-89dcc95eb13f:c2897, c9d0001a-daad-4532-9e58-9f5f4a7ddd18:c2897]
2019-09-12 14:53:46,605 [grpc-default-executor-5] INFO  client.GrpcClientProtocolClient (GrpcClientProtocolClient.java:onNext(264)) - client-835E41B928D6->6dd5d97a-7455-476f-86d1-706748154c4a: receive RaftClientReply:client-835E41B928D6->6dd5d97a-7455-476f-86d1-706748154c4a@group-349356213E97, cid=1981, SUCCESS, logIndex=2899, commits[6dd5d97a-7455-476f-86d1-706748154c4a:c2899, 8c1a4ac2-2d71-4742-ab0b-89dcc95eb13f:c2897, c9d0001a-daad-4532-9e58-9f5f4a7ddd18:c2897]
2019-09-12 14:53:46,619 [grpc-default-executor-7] INFO  client.GrpcClientProtocolClient (GrpcClientProtocolClient.java:onNext(264)) - client-835E41B928D6->6dd5d97a-7455-476f-86d1-706748154c4a: receive RaftClientReply:client-835E41B928D6->6dd5d97a-7455-476f-86d1-706748154c4a@group-349356213E97, cid=1982, SUCCESS, logIndex=2902, commits[6dd5d97a-7455-476f-86d1-706748154c4a:c2903, 8c1a4ac2-2d71-4742-ab0b-89dcc95eb13f:c2899, c9d0001a-daad-4532-9e58-9f5f4a7ddd18:c2899]
2019-09-12 14:53:46,620 [grpc-default-executor-7] INFO  client.GrpcClientProtocolClient (GrpcClientProtocolClient.java:onNext(264)) - client-835E41B928D6->6dd5d97a-7455-476f-86d1-706748154c4a: receive RaftClientReply:client-835E41B928D6->6dd5d97a-7455-476f-86d1-706748154c4a@group-349356213E97, cid=1983, SUCCESS, logIndex=2903, commits[6dd5d97a-7455-476f-86d1-706748154c4a:c2903, 8c1a4ac2-2d71-4742-ab0b-89dcc95eb13f:c2899, c9d0001a-daad-4532-9e58-9f5f4a7ddd18:c2899]
2019-09-12 14:53:46,632 [grpc-default-executor-7] INFO  client.GrpcClientProtocolClient (GrpcClientProtocolClient.java:onNext(264)) - client-835E41B928D6->6dd5d97a-7455-476f-86d1-706748154c4a: receive RaftClientReply:client-835E41B928D6->6dd5d97a-7455-476f-86d1-706748154c4a@group-349356213E97, cid=1984, SUCCESS, logIndex=0, commits[6dd5d97a-7455-476f-86d1-706748154c4a:c2905, 8c1a4ac2-2d71-4742-ab0b-89dcc95eb13f:c2903, c9d0001a-daad-4532-9e58-9f5f4a7ddd18:c2903]
2019-09-12 14:53:46,659 [grpc-default-executor-5] INFO  client.GrpcClientProtocolClient (GrpcClientProtocolClient.java:onNext(264)) - client-835E41B928D6->6dd5d97a-7455-476f-86d1-706748154c4a: receive RaftClientReply:client-835E41B928D6->6dd5d97a-7455-476f-86d1-706748154c4a@group-349356213E97, cid=1985, SUCCESS, logIndex=2906, commits[6dd5d97a-7455-476f-86d1-706748154c4a:c2907, 8c1a4ac2-2d71-4742-ab0b-89dcc95eb13f:c2905, c9d0001a-daad-4532-9e58-9f5f4a7ddd18:c2905]
2019-09-12 14:53:46,659 [grpc-default-executor-6] INFO  client.GrpcClientProtocolClient (GrpcClientProtocolClient.java:onNext(264)) - client-835E41B928D6->6dd5d97a-7455-476f-86d1-706748154c4a: receive RaftClientReply:client-835E41B928D6->6dd5d97a-7455-476f-86d1-706748154c4a@group-349356213E97, cid=1986, SUCCESS, logIndex=2907, commits[6dd5d97a-7455-476f-86d1-706748154c4a:c2907, 8c1a4ac2-2d71-4742-ab0b-89dcc95eb13f:c2905, c9d0001a-daad-4532-9e58-9f5f4a7ddd18:c2905]
2019-09-12 14:53:46,660 [grpc-default-executor-5] INFO  client.GrpcClientProtocolClient (GrpcClientProtocolClient.java:onNext(264)) - client-835E41B928D6->6dd5d97a-7455-476f-86d1-706748154c4a: receive RaftClientReply:client-835E41B928D6->6dd5d97a-7455-476f-86d1-706748154c4a@group-349356213E97, cid=1987, SUCCESS, logIndex=2908, commits[6dd5d97a-7455-476f-86d1-706748154c4a:c2908, 8c1a4ac2-2d71-4742-ab0b-89dcc95eb13f:c2905, c9d0001a-daad-4532-9e58-9f5f4a7ddd18:c2905]
2019-09-12 14:53:46,660 [grpc-default-executor-5] INFO  client.GrpcClientProtocolClient (GrpcClientProtocolClient.java:onNext(264)) - client-835E41B928D6->6dd5d97a-7455-476f-86d1-706748154c4a: receive RaftClientReply:client-835E41B928D6->6dd5d97a-7455-476f-86d1-706748154c4a@group-349356213E97, cid=1988, SUCCESS, logIndex=2909, commits[6dd5d97a-7455-476f-86d1-706748154c4a:c2909, 8c1a4ac2-2d71-4742-ab0b-89dcc95eb13f:c2905, c9d0001a-daad-4532-9e58-9f5f4a7ddd18:c2905]
2019-09-12 14:53:46,662 [grpc-default-executor-7] INFO  client.GrpcClientProtocolClient (GrpcClientProtocolClient.java:onNext(264)) - client-835E41B928D6->6dd5d97a-7455-476f-86d1-706748154c4a: receive RaftClientReply:client-835E41B928D6->6dd5d97a-7455-476f-86d1-706748154c4a@group-349356213E97, cid=1989, SUCCESS, logIndex=0, commits[6dd5d97a-7455-476f-86d1-706748154c4a:c2911, 8c1a4ac2-2d71-4742-ab0b-89dcc95eb13f:c2907, c9d0001a-daad-4532-9e58-9f5f4a7ddd18:c2907]
2019-09-12 14:53:46,673 [grpc-default-executor-5] INFO  client.GrpcClientProtocolClient (GrpcClientProtocolClient.java:onNext(264)) - client-835E41B928D6->6dd5d97a-7455-476f-86d1-706748154c4a: receive RaftClientReply:client-835E41B928D6->6dd5d97a-7455-476f-86d1-706748154c4a@group-349356213E97, cid=1990, SUCCESS, logIndex=2914, commits[6dd5d97a-7455-476f-86d1-706748154c4a:c2915, 8c1a4ac2-2d71-4742-ab0b-89dcc95eb13f:c2913, c9d0001a-daad-4532-9e58-9f5f4a7ddd18:c2909]
2019-09-12 14:53:46,673 [grpc-default-executor-5] INFO  client.GrpcClientProtocolClient (GrpcClientProtocolClient.java:onNext(264)) - client-835E41B928D6->6dd5d97a-7455-476f-86d1-706748154c4a: receive RaftClientReply:client-835E41B928D6->6dd5d97a-7455-476f-86d1-706748154c4a@group-349356213E97, cid=1991, SUCCESS, logIndex=2915, commits[6dd5d97a-7455-476f-86d1-706748154c4a:c2915, 8c1a4ac2-2d71-4742-ab0b-89dcc95eb13f:c2913, c9d0001a-daad-4532-9e58-9f5f4a7ddd18:c2913]
2019-09-12 14:53:46,684 [grpc-default-executor-5] INFO  client.GrpcClientProtocolClient (GrpcClientProtocolClient.java:onNext(264)) - client-835E41B928D6->6dd5d97a-7455-476f-86d1-706748154c4a: receive RaftClientReply:client-835E41B928D6->6dd5d97a-7455-476f-86d1-706748154c4a@group-349356213E97, cid=1992, SUCCESS, logIndex=2918, commits[6dd5d97a-7455-476f-86d1-706748154c4a:c2919, 8c1a4ac2-2d71-4742-ab0b-89dcc95eb13f:c2915, c9d0001a-daad-4532-9e58-9f5f4a7ddd18:c2917]
2019-09-12 14:53:46,684 [grpc-default-executor-5] INFO  client.GrpcClientProtocolClient (GrpcClientProtocolClient.java:onNext(264)) - client-835E41B928D6->6dd5d97a-7455-476f-86d1-706748154c4a: receive RaftClientReply:client-835E41B928D6->6dd5d97a-7455-476f-86d1-706748154c4a@group-349356213E97, cid=1993, SUCCESS, logIndex=2919, commits[6dd5d97a-7455-476f-86d1-706748154c4a:c2919, 8c1a4ac2-2d71-4742-ab0b-89dcc95eb13f:c2917, c9d0001a-daad-4532-9e58-9f5f4a7ddd18:c2917]
2019-09-12 14:53:46,687 [grpc-default-executor-7] INFO  client.GrpcClientProtocolClient (GrpcClientProtocolClient.java:onNext(264)) - client-835E41B928D6->6dd5d97a-7455-476f-86d1-706748154c4a: receive RaftClientReply:client-835E41B928D6->6dd5d97a-7455-476f-86d1-706748154c4a@group-349356213E97, cid=1994, SUCCESS, logIndex=0, commits[6dd5d97a-7455-476f-86d1-706748154c4a:c2921, 8c1a4ac2-2d71-4742-ab0b-89dcc95eb13f:c2919, c9d0001a-daad-4532-9e58-9f5f4a7ddd18:c2919]
2019-09-12 14:53:46,711 [grpc-default-executor-7] INFO  client.GrpcClientProtocolClient (GrpcClientProtocolClient.java:onNext(264)) - client-835E41B928D6->6dd5d97a-7455-476f-86d1-706748154c4a: receive RaftClientReply:client-835E41B928D6->6dd5d97a-7455-476f-86d1-706748154c4a@group-349356213E97, cid=1995, SUCCESS, logIndex=2922, commits[6dd5d97a-7455-476f-86d1-706748154c4a:c2924, 8c1a4ac2-2d71-4742-ab0b-89dcc95eb13f:c2921, c9d0001a-daad-4532-9e58-9f5f4a7ddd18:c2921]
2019-09-12 14:53:46,712 [grpc-default-executor-7] INFO  client.GrpcClientProtocolClient (GrpcClientProtocolClient.java:onNext(264)) - client-835E41B928D6->6dd5d97a-7455-476f-86d1-706748154c4a: receive RaftClientReply:client-835E41B928D6->6dd5d97a-7455-476f-86d1-706748154c4a@group-349356213E97, cid=1996, SUCCESS, logIndex=2923, commits[6dd5d97a-7455-476f-86d1-706748154c4a:c2925, 8c1a4ac2-2d71-4742-ab0b-89dcc95eb13f:c2921, c9d0001a-daad-4532-9e58-9f5f4a7ddd18:c2921]
2019-09-12 14:53:46,712 [grpc-default-executor-7] INFO  client.GrpcClientProtocolClient (GrpcClientProtocolClient.java:onNext(264)) - client-835E41B928D6->6dd5d97a-7455-476f-86d1-706748154c4a: receive RaftClientReply:client-835E41B928D6->6dd5d97a-7455-476f-86d1-706748154c4a@group-349356213E97, cid=1997, SUCCESS, logIndex=2924, commits[6dd5d97a-7455-476f-86d1-706748154c4a:c2925, 8c1a4ac2-2d71-4742-ab0b-89dcc95eb13f:c2921, c9d0001a-daad-4532-9e58-9f5f4a7ddd18:c2921]
2019-09-12 14:53:46,712 [grpc-default-executor-7] INFO  client.GrpcClientProtocolClient (GrpcClientProtocolClient.java:onNext(264)) - client-835E41B928D6->6dd5d97a-7455-476f-86d1-706748154c4a: receive RaftClientReply:client-835E41B928D6->6dd5d97a-7455-476f-86d1-706748154c4a@group-349356213E97, cid=1998, SUCCESS, logIndex=2925, commits[6dd5d97a-7455-476f-86d1-706748154c4a:c2925, 8c1a4ac2-2d71-4742-ab0b-89dcc95eb13f:c2921, c9d0001a-daad-4532-9e58-9f5f4a7ddd18:c2921]
2019-09-12 14:53:46,716 [grpc-default-executor-6] INFO  client.GrpcClientProtocolClient (GrpcClientProtocolClient.java:onNext(264)) - client-835E41B928D6->6dd5d97a-7455-476f-86d1-706748154c4a: receive RaftClientReply:client-835E41B928D6->6dd5d97a-7455-476f-86d1-706748154c4a@group-349356213E97, cid=1999, SUCCESS, logIndex=0, commits[6dd5d97a-7455-476f-86d1-706748154c4a:c2927, 8c1a4ac2-2d71-4742-ab0b-89dcc95eb13f:c2923, c9d0001a-daad-4532-9e58-9f5f4a7ddd18:c2923]
2019-09-12 14:53:46,747 [grpc-default-executor-5] INFO  client.GrpcClientProtocolClient (GrpcClientProtocolClient.java:onNext(264)) - client-835E41B928D6->6dd5d97a-7455-476f-86d1-706748154c4a: receive RaftClientReply:client-835E41B928D6->6dd5d97a-7455-476f-86d1-706748154c4a@group-349356213E97, cid=2000, SUCCESS, logIndex=2930, commits[6dd5d97a-7455-476f-86d1-706748154c4a:c2931, 8c1a4ac2-2d71-4742-ab0b-89dcc95eb13f:c2929, c9d0001a-daad-4532-9e58-9f5f4a7ddd18:c2925]
2019-09-12 14:53:46,747 [grpc-default-executor-5] INFO  client.GrpcClientProtocolClient (GrpcClientProtocolClient.java:onNext(264)) - client-835E41B928D6->6dd5d97a-7455-476f-86d1-706748154c4a: receive RaftClientReply:client-835E41B928D6->6dd5d97a-7455-476f-86d1-706748154c4a@group-349356213E97, cid=2001, SUCCESS, logIndex=2931, commits[6dd5d97a-7455-476f-86d1-706748154c4a:c2931, 8c1a4ac2-2d71-4742-ab0b-89dcc95eb13f:c2929, c9d0001a-daad-4532-9e58-9f5f4a7ddd18:c2929]
2019-09-12 14:53:46,764 [grpc-default-executor-6] INFO  client.GrpcClientProtocolClient (GrpcClientProtocolClient.java:onNext(264)) - client-835E41B928D6->6dd5d97a-7455-476f-86d1-706748154c4a: receive RaftClientReply:client-835E41B928D6->6dd5d97a-7455-476f-86d1-706748154c4a@group-349356213E97, cid=2002, SUCCESS, logIndex=2934, commits[6dd5d97a-7455-476f-86d1-706748154c4a:c2935, 8c1a4ac2-2d71-4742-ab0b-89dcc95eb13f:c2931, c9d0001a-daad-4532-9e58-9f5f4a7ddd18:c2933]
2019-09-12 14:53:46,764 [grpc-default-executor-6] INFO  client.GrpcClientProtocolClient (GrpcClientProtocolClient.java:onNext(264)) - client-835E41B928D6->6dd5d97a-7455-476f-86d1-706748154c4a: receive RaftClientReply:client-835E41B928D6->6dd5d97a-7455-476f-86d1-706748154c4a@group-349356213E97, cid=2003, SUCCESS, logIndex=2935, commits[6dd5d97a-7455-476f-86d1-706748154c4a:c2935, 8c1a4ac2-2d71-4742-ab0b-89dcc95eb13f:c2933, c9d0001a-daad-4532-9e58-9f5f4a7ddd18:c2933]
2019-09-12 14:53:46,767 [grpc-default-executor-6] INFO  client.GrpcClientProtocolClient (GrpcClientProtocolClient.java:onNext(264)) - client-835E41B928D6->6dd5d97a-7455-476f-86d1-706748154c4a: receive RaftClientReply:client-835E41B928D6->6dd5d97a-7455-476f-86d1-706748154c4a@group-349356213E97, cid=2004, SUCCESS, logIndex=0, commits[6dd5d97a-7455-476f-86d1-706748154c4a:c2937, 8c1a4ac2-2d71-4742-ab0b-89dcc95eb13f:c2935, c9d0001a-daad-4532-9e58-9f5f4a7ddd18:c2935]
2019-09-12 14:53:46,793 [grpc-default-executor-7] INFO  client.GrpcClientProtocolClient (GrpcClientProtocolClient.java:onNext(264)) - client-835E41B928D6->6dd5d97a-7455-476f-86d1-706748154c4a: receive RaftClientReply:client-835E41B928D6->6dd5d97a-7455-476f-86d1-706748154c4a@group-349356213E97, cid=2005, SUCCESS, logIndex=2938, commits[6dd5d97a-7455-476f-86d1-706748154c4a:c2939, 8c1a4ac2-2d71-4742-ab0b-89dcc95eb13f:c2937, c9d0001a-daad-4532-9e58-9f5f4a7ddd18:c2937]
2019-09-12 14:53:46,793 [grpc-default-executor-7] INFO  client.GrpcClientProtocolClient (GrpcClientProtocolClient.java:onNext(264)) - client-835E41B928D6->6dd5d97a-7455-476f-86d1-706748154c4a: receive RaftClientReply:client-835E41B928D6->6dd5d97a-7455-476f-86d1-706748154c4a@group-349356213E97, cid=2006, SUCCESS, logIndex=2939, commits[6dd5d97a-7455-476f-86d1-706748154c4a:c2940, 8c1a4ac2-2d71-4742-ab0b-89dcc95eb13f:c2937, c9d0001a-daad-4532-9e58-9f5f4a7ddd18:c2937]
2019-09-12 14:53:46,794 [grpc-default-executor-7] INFO  client.GrpcClientProtocolClient (GrpcClientProtocolClient.java:onNext(264)) - client-835E41B928D6->6dd5d97a-7455-476f-86d1-706748154c4a: receive RaftClientReply:client-835E41B928D6->6dd5d97a-7455-476f-86d1-706748154c4a@group-349356213E97, cid=2007, SUCCESS, logIndex=2940, commits[6dd5d97a-7455-476f-86d1-706748154c4a:c2941, 8c1a4ac2-2d71-4742-ab0b-89dcc95eb13f:c2937, c9d0001a-daad-4532-9e58-9f5f4a7ddd18:c2937]
2019-09-12 14:53:46,794 [grpc-default-executor-7] INFO  client.GrpcClientProtocolClient (GrpcClientProtocolClient.java:onNext(264)) - client-835E41B928D6->6dd5d97a-7455-476f-86d1-706748154c4a: receive RaftClientReply:client-835E41B928D6->6dd5d97a-7455-476f-86d1-706748154c4a@group-349356213E97, cid=2008, SUCCESS, logIndex=2941, commits[6dd5d97a-7455-476f-86d1-706748154c4a:c2941, 8c1a4ac2-2d71-4742-ab0b-89dcc95eb13f:c2937, c9d0001a-daad-4532-9e58-9f5f4a7ddd18:c2937]
2019-09-12 14:53:46,796 [grpc-default-executor-7] INFO  client.GrpcClientProtocolClient (GrpcClientProtocolClient.java:onNext(264)) - client-835E41B928D6->6dd5d97a-7455-476f-86d1-706748154c4a: receive RaftClientReply:client-835E41B928D6->6dd5d97a-7455-476f-86d1-706748154c4a@group-349356213E97, cid=2009, SUCCESS, logIndex=0, commits[6dd5d97a-7455-476f-86d1-706748154c4a:c2943, 8c1a4ac2-2d71-4742-ab0b-89dcc95eb13f:c2939, c9d0001a-daad-4532-9e58-9f5f4a7ddd18:c2939]
2019-09-12 14:53:46,813 [grpc-default-executor-5] INFO  client.GrpcClientProtocolClient (GrpcClientProtocolClient.java:onNext(264)) - client-835E41B928D6->6dd5d97a-7455-476f-86d1-706748154c4a: receive RaftClientReply:client-835E41B928D6->6dd5d97a-7455-476f-86d1-706748154c4a@group-349356213E97, cid=2010, SUCCESS, logIndex=2946, commits[6dd5d97a-7455-476f-86d1-706748154c4a:c2946, 8c1a4ac2-2d71-4742-ab0b-89dcc95eb13f:c2945, c9d0001a-daad-4532-9e58-9f5f4a7ddd18:c2945]
2019-09-12 14:53:46,813 [grpc-default-executor-5] INFO  client.GrpcClientProtocolClient (GrpcClientProtocolClient.java:onNext(264)) - client-835E41B928D6->6dd5d97a-7455-476f-86d1-706748154c4a: receive RaftClientReply:client-835E41B928D6->6dd5d97a-7455-476f-86d1-706748154c4a@group-349356213E97, cid=2011, SUCCESS, logIndex=2947, commits[6dd5d97a-7455-476f-86d1-706748154c4a:c2947, 8c1a4ac2-2d71-4742-ab0b-89dcc95eb13f:c2945, c9d0001a-daad-4532-9e58-9f5f4a7ddd18:c2945]
2019-09-12 14:53:46,826 [grpc-default-executor-6] INFO  client.GrpcClientProtocolClient (GrpcClientProtocolClient.java:onNext(264)) - client-835E41B928D6->6dd5d97a-7455-476f-86d1-706748154c4a: receive RaftClientReply:client-835E41B928D6->6dd5d97a-7455-476f-86d1-706748154c4a@group-349356213E97, cid=2012, SUCCESS, logIndex=2950, commits[6dd5d97a-7455-476f-86d1-706748154c4a:c2951, 8c1a4ac2-2d71-4742-ab0b-89dcc95eb13f:c2947, c9d0001a-daad-4532-9e58-9f5f4a7ddd18:c2947]
2019-09-12 14:53:46,827 [grpc-default-executor-6] INFO  client.GrpcClientProtocolClient (GrpcClientProtocolClient.java:onNext(264)) - client-835E41B928D6->6dd5d97a-7455-476f-86d1-706748154c4a: receive RaftClientReply:client-835E41B928D6->6dd5d97a-7455-476f-86d1-706748154c4a@group-349356213E97, cid=2013, SUCCESS, logIndex=2951, commits[6dd5d97a-7455-476f-86d1-706748154c4a:c2951, 8c1a4ac2-2d71-4742-ab0b-89dcc95eb13f:c2947, c9d0001a-daad-4532-9e58-9f5f4a7ddd18:c2947]
2019-09-12 14:53:46,840 [grpc-default-executor-6] INFO  client.GrpcClientProtocolClient (GrpcClientProtocolClient.java:onNext(264)) - client-835E41B928D6->6dd5d97a-7455-476f-86d1-706748154c4a: receive RaftClientReply:client-835E41B928D6->6dd5d97a-7455-476f-86d1-706748154c4a@group-349356213E97, cid=2014, SUCCESS, logIndex=0, commits[6dd5d97a-7455-476f-86d1-706748154c4a:c2953, 8c1a4ac2-2d71-4742-ab0b-89dcc95eb13f:c2951, c9d0001a-daad-4532-9e58-9f5f4a7ddd18:c2951]
2019-09-12 14:53:46,866 [grpc-default-executor-7] INFO  client.GrpcClientProtocolClient (GrpcClientProtocolClient.java:onNext(264)) - client-835E41B928D6->6dd5d97a-7455-476f-86d1-706748154c4a: receive RaftClientReply:client-835E41B928D6->6dd5d97a-7455-476f-86d1-706748154c4a@group-349356213E97, cid=2015, SUCCESS, logIndex=2954, commits[6dd5d97a-7455-476f-86d1-706748154c4a:c2955, 8c1a4ac2-2d71-4742-ab0b-89dcc95eb13f:c2953, c9d0001a-daad-4532-9e58-9f5f4a7ddd18:c2953]
2019-09-12 14:53:46,867 [grpc-default-executor-2] INFO  client.GrpcClientProtocolClient (GrpcClientProtocolClient.java:onNext(264)) - client-835E41B928D6->6dd5d97a-7455-476f-86d1-706748154c4a: receive RaftClientReply:client-835E41B928D6->6dd5d97a-7455-476f-86d1-706748154c4a@group-349356213E97, cid=2016, SUCCESS, logIndex=2955, commits[6dd5d97a-7455-476f-86d1-706748154c4a:c2955, 8c1a4ac2-2d71-4742-ab0b-89dcc95eb13f:c2953, c9d0001a-daad-4532-9e58-9f5f4a7ddd18:c2953]
2019-09-12 14:53:46,867 [grpc-default-executor-2] INFO  client.GrpcClientProtocolClient (GrpcClientProtocolClient.java:onNext(264)) - client-835E41B928D6->6dd5d97a-7455-476f-86d1-706748154c4a: receive RaftClientReply:client-835E41B928D6->6dd5d97a-7455-476f-86d1-706748154c4a@group-349356213E97, cid=2017, SUCCESS, logIndex=2956, commits[6dd5d97a-7455-476f-86d1-706748154c4a:c2957, 8c1a4ac2-2d71-4742-ab0b-89dcc95eb13f:c2953, c9d0001a-daad-4532-9e58-9f5f4a7ddd18:c2953]
2019-09-12 14:53:46,867 [grpc-default-executor-2] INFO  client.GrpcClientProtocolClient (GrpcClientProtocolClient.java:onNext(264)) - client-835E41B928D6->6dd5d97a-7455-476f-86d1-706748154c4a: receive RaftClientReply:client-835E41B928D6->6dd5d97a-7455-476f-86d1-706748154c4a@group-349356213E97, cid=2018, SUCCESS, logIndex=2957, commits[6dd5d97a-7455-476f-86d1-706748154c4a:c2957, 8c1a4ac2-2d71-4742-ab0b-89dcc95eb13f:c2953, c9d0001a-daad-4532-9e58-9f5f4a7ddd18:c2953]
2019-09-12 14:53:46,869 [grpc-default-executor-7] INFO  client.GrpcClientProtocolClient (GrpcClientProtocolClient.java:onNext(264)) - client-835E41B928D6->6dd5d97a-7455-476f-86d1-706748154c4a: receive RaftClientReply:client-835E41B928D6->6dd5d97a-7455-476f-86d1-706748154c4a@group-349356213E97, cid=2019, SUCCESS, logIndex=0, commits[6dd5d97a-7455-476f-86d1-706748154c4a:c2959, 8c1a4ac2-2d71-4742-ab0b-89dcc95eb13f:c2955, c9d0001a-daad-4532-9e58-9f5f4a7ddd18:c2955]
2019-09-12 14:53:46,887 [grpc-default-executor-5] INFO  client.GrpcClientProtocolClient (GrpcClientProtocolClient.java:onNext(264)) - client-835E41B928D6->6dd5d97a-7455-476f-86d1-706748154c4a: receive RaftClientReply:client-835E41B928D6->6dd5d97a-7455-476f-86d1-706748154c4a@group-349356213E97, cid=2020, SUCCESS, logIndex=2962, commits[6dd5d97a-7455-476f-86d1-706748154c4a:c2963, 8c1a4ac2-2d71-4742-ab0b-89dcc95eb13f:c2961, c9d0001a-daad-4532-9e58-9f5f4a7ddd18:c2961]
2019-09-12 14:53:46,887 [grpc-default-executor-5] INFO  client.GrpcClientProtocolClient (GrpcClientProtocolClient.java:onNext(264)) - client-835E41B928D6->6dd5d97a-7455-476f-86d1-706748154c4a: receive RaftClientReply:client-835E41B928D6->6dd5d97a-7455-476f-86d1-706748154c4a@group-349356213E97, cid=2021, SUCCESS, logIndex=2963, commits[6dd5d97a-7455-476f-86d1-706748154c4a:c2963, 8c1a4ac2-2d71-4742-ab0b-89dcc95eb13f:c2961, c9d0001a-daad-4532-9e58-9f5f4a7ddd18:c2961]
2019-09-12 14:53:46,901 [grpc-default-executor-7] INFO  client.GrpcClientProtocolClient (GrpcClientProtocolClient.java:onNext(264)) - client-835E41B928D6->6dd5d97a-7455-476f-86d1-706748154c4a: receive RaftClientReply:client-835E41B928D6->6dd5d97a-7455-476f-86d1-706748154c4a@group-349356213E97, cid=2022, SUCCESS, logIndex=2966, commits[6dd5d97a-7455-476f-86d1-706748154c4a:c2967, 8c1a4ac2-2d71-4742-ab0b-89dcc95eb13f:c2963, c9d0001a-daad-4532-9e58-9f5f4a7ddd18:c2963]
2019-09-12 14:53:46,902 [grpc-default-executor-7] INFO  client.GrpcClientProtocolClient (GrpcClientProtocolClient.java:onNext(264)) - client-835E41B928D6->6dd5d97a-7455-476f-86d1-706748154c4a: receive RaftClientReply:client-835E41B928D6->6dd5d97a-7455-476f-86d1-706748154c4a@group-349356213E97, cid=2023, SUCCESS, logIndex=2967, commits[6dd5d97a-7455-476f-86d1-706748154c4a:c2967, 8c1a4ac2-2d71-4742-ab0b-89dcc95eb13f:c2963, c9d0001a-daad-4532-9e58-9f5f4a7ddd18:c2963]
2019-09-12 14:53:46,914 [grpc-default-executor-7] INFO  client.GrpcClientProtocolClient (GrpcClientProtocolClient.java:onNext(264)) - client-835E41B928D6->6dd5d97a-7455-476f-86d1-706748154c4a: receive RaftClientReply:client-835E41B928D6->6dd5d97a-7455-476f-86d1-706748154c4a@group-349356213E97, cid=2024, SUCCESS, logIndex=0, commits[6dd5d97a-7455-476f-86d1-706748154c4a:c2969, 8c1a4ac2-2d71-4742-ab0b-89dcc95eb13f:c2967, c9d0001a-daad-4532-9e58-9f5f4a7ddd18:c2967]
2019-09-12 14:53:47,001 [grpc-default-executor-7] INFO  client.GrpcClientProtocolClient (GrpcClientProtocolClient.java:onNext(264)) - client-835E41B928D6->6dd5d97a-7455-476f-86d1-706748154c4a: receive RaftClientReply:client-835E41B928D6->6dd5d97a-7455-476f-86d1-706748154c4a@group-349356213E97, cid=2025, SUCCESS, logIndex=2970, commits[6dd5d97a-7455-476f-86d1-706748154c4a:c2971, 8c1a4ac2-2d71-4742-ab0b-89dcc95eb13f:c2969, c9d0001a-daad-4532-9e58-9f5f4a7ddd18:c2969]
2019-09-12 14:53:47,002 [grpc-default-executor-7] INFO  client.GrpcClientProtocolClient (GrpcClientProtocolClient.java:onNext(264)) - client-835E41B928D6->6dd5d97a-7455-476f-86d1-706748154c4a: receive RaftClientReply:client-835E41B928D6->6dd5d97a-7455-476f-86d1-706748154c4a@group-349356213E97, cid=2026, SUCCESS, logIndex=2971, commits[6dd5d97a-7455-476f-86d1-706748154c4a:c2973, 8c1a4ac2-2d71-4742-ab0b-89dcc95eb13f:c2969, c9d0001a-daad-4532-9e58-9f5f4a7ddd18:c2969]
2019-09-12 14:53:47,002 [grpc-default-executor-7] INFO  client.GrpcClientProtocolClient (GrpcClientProtocolClient.java:onNext(264)) - client-835E41B928D6->6dd5d97a-7455-476f-86d1-706748154c4a: receive RaftClientReply:client-835E41B928D6->6dd5d97a-7455-476f-86d1-706748154c4a@group-349356213E97, cid=2027, SUCCESS, logIndex=2972, commits[6dd5d97a-7455-476f-86d1-706748154c4a:c2973, 8c1a4ac2-2d71-4742-ab0b-89dcc95eb13f:c2969, c9d0001a-daad-4532-9e58-9f5f4a7ddd18:c2969]
2019-09-12 14:53:47,002 [grpc-default-executor-2] INFO  client.GrpcClientProtocolClient (GrpcClientProtocolClient.java:onNext(264)) - client-835E41B928D6->6dd5d97a-7455-476f-86d1-706748154c4a: receive RaftClientReply:client-835E41B928D6->6dd5d97a-7455-476f-86d1-706748154c4a@group-349356213E97, cid=2028, SUCCESS, logIndex=2973, commits[6dd5d97a-7455-476f-86d1-706748154c4a:c2973, 8c1a4ac2-2d71-4742-ab0b-89dcc95eb13f:c2969, c9d0001a-daad-4532-9e58-9f5f4a7ddd18:c2969]
2019-09-12 14:53:47,003 [grpc-default-executor-7] INFO  client.GrpcClientProtocolClient (GrpcClientProtocolClient.java:onNext(264)) - client-835E41B928D6->6dd5d97a-7455-476f-86d1-706748154c4a: receive RaftClientReply:client-835E41B928D6->6dd5d97a-7455-476f-86d1-706748154c4a@group-349356213E97, cid=2029, SUCCESS, logIndex=0, commits[6dd5d97a-7455-476f-86d1-706748154c4a:c2977, 8c1a4ac2-2d71-4742-ab0b-89dcc95eb13f:c2973, c9d0001a-daad-4532-9e58-9f5f4a7ddd18:c2973]
2019-09-12 14:53:47,023 [grpc-default-executor-2] INFO  client.GrpcClientProtocolClient (GrpcClientProtocolClient.java:onNext(264)) - client-835E41B928D6->6dd5d97a-7455-476f-86d1-706748154c4a: receive RaftClientReply:client-835E41B928D6->6dd5d97a-7455-476f-86d1-706748154c4a@group-349356213E97, cid=2030, SUCCESS, logIndex=2978, commits[6dd5d97a-7455-476f-86d1-706748154c4a:c2979, 8c1a4ac2-2d71-4742-ab0b-89dcc95eb13f:c2977, c9d0001a-daad-4532-9e58-9f5f4a7ddd18:c2977]
2019-09-12 14:53:47,023 [grpc-default-executor-2] INFO  client.GrpcClientProtocolClient (GrpcClientProtocolClient.java:onNext(264)) - client-835E41B928D6->6dd5d97a-7455-476f-86d1-706748154c4a: receive RaftClientReply:client-835E41B928D6->6dd5d97a-7455-476f-86d1-706748154c4a@group-349356213E97, cid=2031, SUCCESS, logIndex=2979, commits[6dd5d97a-7455-476f-86d1-706748154c4a:c2979, 8c1a4ac2-2d71-4742-ab0b-89dcc95eb13f:c2977, c9d0001a-daad-4532-9e58-9f5f4a7ddd18:c2977]
2019-09-12 14:53:47,040 [grpc-default-executor-6] INFO  client.GrpcClientProtocolClient (GrpcClientProtocolClient.java:onNext(264)) - client-835E41B928D6->6dd5d97a-7455-476f-86d1-706748154c4a: receive RaftClientReply:client-835E41B928D6->6dd5d97a-7455-476f-86d1-706748154c4a@group-349356213E97, cid=2032, SUCCESS, logIndex=2982, commits[6dd5d97a-7455-476f-86d1-706748154c4a:c2983, 8c1a4ac2-2d71-4742-ab0b-89dcc95eb13f:c2978, c9d0001a-daad-4532-9e58-9f5f4a7ddd18:c2979]
2019-09-12 14:53:47,041 [grpc-default-executor-6] INFO  client.GrpcClientProtocolClient (GrpcClientProtocolClient.java:onNext(264)) - client-835E41B928D6->6dd5d97a-7455-476f-86d1-706748154c4a: receive RaftClientReply:client-835E41B928D6->6dd5d97a-7455-476f-86d1-706748154c4a@group-349356213E97, cid=2033, SUCCESS, logIndex=2983, commits[6dd5d97a-7455-476f-86d1-706748154c4a:c2983, 8c1a4ac2-2d71-4742-ab0b-89dcc95eb13f:c2978, c9d0001a-daad-4532-9e58-9f5f4a7ddd18:c2979]
2019-09-12 14:53:47,049 [grpc-default-executor-2] INFO  client.GrpcClientProtocolClient (GrpcClientProtocolClient.java:onNext(264)) - client-835E41B928D6->6dd5d97a-7455-476f-86d1-706748154c4a: receive RaftClientReply:client-835E41B928D6->6dd5d97a-7455-476f-86d1-706748154c4a@group-349356213E97, cid=2034, SUCCESS, logIndex=0, commits[6dd5d97a-7455-476f-86d1-706748154c4a:c2983, 8c1a4ac2-2d71-4742-ab0b-89dcc95eb13f:c2979, c9d0001a-daad-4532-9e58-9f5f4a7ddd18:c2979]
2019-09-12 14:53:47,051 [grpc-default-executor-6] INFO  client.GrpcClientProtocolClient (GrpcClientProtocolClient.java:onNext(264)) - client-835E41B928D6->6dd5d97a-7455-476f-86d1-706748154c4a: receive RaftClientReply:client-835E41B928D6->6dd5d97a-7455-476f-86d1-706748154c4a@group-349356213E97, cid=2035, SUCCESS, logIndex=0, commits[6dd5d97a-7455-476f-86d1-706748154c4a:c2985, 8c1a4ac2-2d71-4742-ab0b-89dcc95eb13f:c2983, c9d0001a-daad-4532-9e58-9f5f4a7ddd18:c2983]
2019-09-12 14:53:47,076 [grpc-default-executor-2] INFO  client.GrpcClientProtocolClient (GrpcClientProtocolClient.java:onNext(264)) - client-835E41B928D6->6dd5d97a-7455-476f-86d1-706748154c4a: receive RaftClientReply:client-835E41B928D6->6dd5d97a-7455-476f-86d1-706748154c4a@group-349356213E97, cid=2036, SUCCESS, logIndex=2986, commits[6dd5d97a-7455-476f-86d1-706748154c4a:c2987, 8c1a4ac2-2d71-4742-ab0b-89dcc95eb13f:c2985, c9d0001a-daad-4532-9e58-9f5f4a7ddd18:c2985]
2019-09-12 14:53:47,076 [grpc-default-executor-2] INFO  client.GrpcClientProtocolClient (GrpcClientProtocolClient.java:onNext(264)) - client-835E41B928D6->6dd5d97a-7455-476f-86d1-706748154c4a: receive RaftClientReply:client-835E41B928D6->6dd5d97a-7455-476f-86d1-706748154c4a@group-349356213E97, cid=2037, SUCCESS, logIndex=2987, commits[6dd5d97a-7455-476f-86d1-706748154c4a:c2989, 8c1a4ac2-2d71-4742-ab0b-89dcc95eb13f:c2985, c9d0001a-daad-4532-9e58-9f5f4a7ddd18:c2985]
2019-09-12 14:53:47,077 [grpc-default-executor-2] INFO  client.GrpcClientProtocolClient (GrpcClientProtocolClient.java:onNext(264)) - client-835E41B928D6->6dd5d97a-7455-476f-86d1-706748154c4a: receive RaftClientReply:client-835E41B928D6->6dd5d97a-7455-476f-86d1-706748154c4a@group-349356213E97, cid=2038, SUCCESS, logIndex=2988, commits[6dd5d97a-7455-476f-86d1-706748154c4a:c2989, 8c1a4ac2-2d71-4742-ab0b-89dcc95eb13f:c2985, c9d0001a-daad-4532-9e58-9f5f4a7ddd18:c2985]
2019-09-12 14:53:47,077 [grpc-default-executor-2] INFO  client.GrpcClientProtocolClient (GrpcClientProtocolClient.java:onNext(264)) - client-835E41B928D6->6dd5d97a-7455-476f-86d1-706748154c4a: receive RaftClientReply:client-835E41B928D6->6dd5d97a-7455-476f-86d1-706748154c4a@group-349356213E97, cid=2039, SUCCESS, logIndex=2989, commits[6dd5d97a-7455-476f-86d1-706748154c4a:c2989, 8c1a4ac2-2d71-4742-ab0b-89dcc95eb13f:c2985, c9d0001a-daad-4532-9e58-9f5f4a7ddd18:c2985]
2019-09-12 14:53:47,078 [grpc-default-executor-5] INFO  client.GrpcClientProtocolClient (GrpcClientProtocolClient.java:onNext(264)) - client-835E41B928D6->6dd5d97a-7455-476f-86d1-706748154c4a: receive RaftClientReply:client-835E41B928D6->6dd5d97a-7455-476f-86d1-706748154c4a@group-349356213E97, cid=2040, SUCCESS, logIndex=0, commits[6dd5d97a-7455-476f-86d1-706748154c4a:c2990, 8c1a4ac2-2d71-4742-ab0b-89dcc95eb13f:c2987, c9d0001a-daad-4532-9e58-9f5f4a7ddd18:c2987]
2019-09-12 14:53:47,097 [grpc-default-executor-7] INFO  client.GrpcClientProtocolClient (GrpcClientProtocolClient.java:onNext(264)) - client-835E41B928D6->6dd5d97a-7455-476f-86d1-706748154c4a: receive RaftClientReply:client-835E41B928D6->6dd5d97a-7455-476f-86d1-706748154c4a@group-349356213E97, cid=2041, SUCCESS, logIndex=2993, commits[6dd5d97a-7455-476f-86d1-706748154c4a:c2994, 8c1a4ac2-2d71-4742-ab0b-89dcc95eb13f:c2992, c9d0001a-daad-4532-9e58-9f5f4a7ddd18:c2992]
2019-09-12 14:53:47,097 [grpc-default-executor-7] INFO  client.GrpcClientProtocolClient (GrpcClientProtocolClient.java:onNext(264)) - client-835E41B928D6->6dd5d97a-7455-476f-86d1-706748154c4a: receive RaftClientReply:client-835E41B928D6->6dd5d97a-7455-476f-86d1-706748154c4a@group-349356213E97, cid=2042, SUCCESS, logIndex=2994, commits[6dd5d97a-7455-476f-86d1-706748154c4a:c2994, 8c1a4ac2-2d71-4742-ab0b-89dcc95eb13f:c2992, c9d0001a-daad-4532-9e58-9f5f4a7ddd18:c2992]
2019-09-12 14:53:47,122 [grpc-default-executor-5] INFO  client.GrpcClientProtocolClient (GrpcClientProtocolClient.java:onNext(264)) - client-835E41B928D6->6dd5d97a-7455-476f-86d1-706748154c4a: receive RaftClientReply:client-835E41B928D6->6dd5d97a-7455-476f-86d1-706748154c4a@group-349356213E97, cid=2043, SUCCESS, logIndex=2997, commits[6dd5d97a-7455-476f-86d1-706748154c4a:c2998, 8c1a4ac2-2d71-4742-ab0b-89dcc95eb13f:c2994, c9d0001a-daad-4532-9e58-9f5f4a7ddd18:c2994]
2019-09-12 14:53:47,122 [grpc-default-executor-5] INFO  client.GrpcClientProtocolClient (GrpcClientProtocolClient.java:onNext(264)) - client-835E41B928D6->6dd5d97a-7455-476f-86d1-706748154c4a: receive RaftClientReply:client-835E41B928D6->6dd5d97a-7455-476f-86d1-706748154c4a@group-349356213E97, cid=2044, SUCCESS, logIndex=2998, commits[6dd5d97a-7455-476f-86d1-706748154c4a:c2998, 8c1a4ac2-2d71-4742-ab0b-89dcc95eb13f:c2994, c9d0001a-daad-4532-9e58-9f5f4a7ddd18:c2994]
2019-09-12 14:53:47,133 [grpc-default-executor-7] INFO  client.GrpcClientProtocolClient (GrpcClientProtocolClient.java:onNext(264)) - client-835E41B928D6->6dd5d97a-7455-476f-86d1-706748154c4a: receive RaftClientReply:client-835E41B928D6->6dd5d97a-7455-476f-86d1-706748154c4a@group-349356213E97, cid=2045, SUCCESS, logIndex=0, commits[6dd5d97a-7455-476f-86d1-706748154c4a:c2998, 8c1a4ac2-2d71-4742-ab0b-89dcc95eb13f:c2998, c9d0001a-daad-4532-9e58-9f5f4a7ddd18:c2998]
2019-09-12 14:53:47,159 [grpc-default-executor-5] INFO  client.GrpcClientProtocolClient (GrpcClientProtocolClient.java:onNext(264)) - client-835E41B928D6->6dd5d97a-7455-476f-86d1-706748154c4a: receive RaftClientReply:client-835E41B928D6->6dd5d97a-7455-476f-86d1-706748154c4a@group-349356213E97, cid=2046, SUCCESS, logIndex=3001, commits[6dd5d97a-7455-476f-86d1-706748154c4a:c3002, 8c1a4ac2-2d71-4742-ab0b-89dcc95eb13f:c3000, c9d0001a-daad-4532-9e58-9f5f4a7ddd18:c3000]
2019-09-12 14:53:47,159 [grpc-default-executor-5] INFO  client.GrpcClientProtocolClient (GrpcClientProtocolClient.java:onNext(264)) - client-835E41B928D6->6dd5d97a-7455-476f-86d1-706748154c4a: receive RaftClientReply:client-835E41B928D6->6dd5d97a-7455-476f-86d1-706748154c4a@group-349356213E97, cid=2047, SUCCESS, logIndex=3002, commits[6dd5d97a-7455-476f-86d1-706748154c4a:c3004, 8c1a4ac2-2d71-4742-ab0b-89dcc95eb13f:c3000, c9d0001a-daad-4532-9e58-9f5f4a7ddd18:c3000]
2019-09-12 14:53:47,160 [grpc-default-executor-5] INFO  client.GrpcClientProtocolClient (GrpcClientProtocolClient.java:onNext(264)) - client-835E41B928D6->6dd5d97a-7455-476f-86d1-706748154c4a: receive RaftClientReply:client-835E41B928D6->6dd5d97a-7455-476f-86d1-706748154c4a@group-349356213E97, cid=2048, SUCCESS, logIndex=3003, commits[6dd5d97a-7455-476f-86d1-706748154c4a:c3004, 8c1a4ac2-2d71-4742-ab0b-89dcc95eb13f:c3000, c9d0001a-daad-4532-9e58-9f5f4a7ddd18:c3000]
2019-09-12 14:53:47,160 [grpc-default-executor-5] INFO  client.GrpcClientProtocolClient (GrpcClientProtocolClient.java:onNext(264)) - client-835E41B928D6->6dd5d97a-7455-476f-86d1-706748154c4a: receive RaftClientReply:client-835E41B928D6->6dd5d97a-7455-476f-86d1-706748154c4a@group-349356213E97, cid=2049, SUCCESS, logIndex=3004, commits[6dd5d97a-7455-476f-86d1-706748154c4a:c3004, 8c1a4ac2-2d71-4742-ab0b-89dcc95eb13f:c3000, c9d0001a-daad-4532-9e58-9f5f4a7ddd18:c3000]
2019-09-12 14:53:47,161 [grpc-default-executor-5] INFO  client.GrpcClientProtocolClient (GrpcClientProtocolClient.java:onNext(264)) - client-835E41B928D6->6dd5d97a-7455-476f-86d1-706748154c4a: receive RaftClientReply:client-835E41B928D6->6dd5d97a-7455-476f-86d1-706748154c4a@group-349356213E97, cid=2050, SUCCESS, logIndex=0, commits[6dd5d97a-7455-476f-86d1-706748154c4a:c3008, 8c1a4ac2-2d71-4742-ab0b-89dcc95eb13f:c3004, c9d0001a-daad-4532-9e58-9f5f4a7ddd18:c3002]
2019-09-12 14:53:47,179 [grpc-default-executor-2] INFO  client.GrpcClientProtocolClient (GrpcClientProtocolClient.java:onNext(264)) - client-835E41B928D6->6dd5d97a-7455-476f-86d1-706748154c4a: receive RaftClientReply:client-835E41B928D6->6dd5d97a-7455-476f-86d1-706748154c4a@group-349356213E97, cid=2051, SUCCESS, logIndex=3009, commits[6dd5d97a-7455-476f-86d1-706748154c4a:c3010, 8c1a4ac2-2d71-4742-ab0b-89dcc95eb13f:c3008, c9d0001a-daad-4532-9e58-9f5f4a7ddd18:c3008]
2019-09-12 14:53:47,179 [grpc-default-executor-2] INFO  client.GrpcClientProtocolClient (GrpcClientProtocolClient.java:onNext(264)) - client-835E41B928D6->6dd5d97a-7455-476f-86d1-706748154c4a: receive RaftClientReply:client-835E41B928D6->6dd5d97a-7455-476f-86d1-706748154c4a@group-349356213E97, cid=2052, SUCCESS, logIndex=3010, commits[6dd5d97a-7455-476f-86d1-706748154c4a:c3010, 8c1a4ac2-2d71-4742-ab0b-89dcc95eb13f:c3008, c9d0001a-daad-4532-9e58-9f5f4a7ddd18:c3008]
2019-09-12 14:53:47,188 [grpc-default-executor-2] INFO  client.GrpcClientProtocolClient (GrpcClientProtocolClient.java:onNext(264)) - client-835E41B928D6->6dd5d97a-7455-476f-86d1-706748154c4a: receive RaftClientReply:client-835E41B928D6->6dd5d97a-7455-476f-86d1-706748154c4a@group-349356213E97, cid=2053, SUCCESS, logIndex=3013, commits[6dd5d97a-7455-476f-86d1-706748154c4a:c3014, 8c1a4ac2-2d71-4742-ab0b-89dcc95eb13f:c3012, c9d0001a-daad-4532-9e58-9f5f4a7ddd18:c3012]
2019-09-12 14:53:47,189 [grpc-default-executor-2] INFO  client.GrpcClientProtocolClient (GrpcClientProtocolClient.java:onNext(264)) - client-835E41B928D6->6dd5d97a-7455-476f-86d1-706748154c4a: receive RaftClientReply:client-835E41B928D6->6dd5d97a-7455-476f-86d1-706748154c4a@group-349356213E97, cid=2054, SUCCESS, logIndex=3014, commits[6dd5d97a-7455-476f-86d1-706748154c4a:c3014, 8c1a4ac2-2d71-4742-ab0b-89dcc95eb13f:c3012, c9d0001a-daad-4532-9e58-9f5f4a7ddd18:c3012]
2019-09-12 14:53:47,192 [grpc-default-executor-2] INFO  client.GrpcClientProtocolClient (GrpcClientProtocolClient.java:onNext(264)) - client-835E41B928D6->6dd5d97a-7455-476f-86d1-706748154c4a: receive RaftClientReply:client-835E41B928D6->6dd5d97a-7455-476f-86d1-706748154c4a@group-349356213E97, cid=2055, SUCCESS, logIndex=0, commits[6dd5d97a-7455-476f-86d1-706748154c4a:c3016, 8c1a4ac2-2d71-4742-ab0b-89dcc95eb13f:c3014, c9d0001a-daad-4532-9e58-9f5f4a7ddd18:c3014]
2019-09-12 14:53:47,209 [grpc-default-executor-2] INFO  client.GrpcClientProtocolClient (GrpcClientProtocolClient.java:onNext(264)) - client-835E41B928D6->6dd5d97a-7455-476f-86d1-706748154c4a: receive RaftClientReply:client-835E41B928D6->6dd5d97a-7455-476f-86d1-706748154c4a@group-349356213E97, cid=2056, SUCCESS, logIndex=3017, commits[6dd5d97a-7455-476f-86d1-706748154c4a:c3018, 8c1a4ac2-2d71-4742-ab0b-89dcc95eb13f:c3014, c9d0001a-daad-4532-9e58-9f5f4a7ddd18:c3016]
2019-09-12 14:53:47,210 [grpc-default-executor-2] INFO  client.GrpcClientProtocolClient (GrpcClientProtocolClient.java:onNext(264)) - client-835E41B928D6->6dd5d97a-7455-476f-86d1-706748154c4a: receive RaftClientReply:client-835E41B928D6->6dd5d97a-7455-476f-86d1-706748154c4a@group-349356213E97, cid=2057, SUCCESS, logIndex=3018, commits[6dd5d97a-7455-476f-86d1-706748154c4a:c3018, 8c1a4ac2-2d71-4742-ab0b-89dcc95eb13f:c3016, c9d0001a-daad-4532-9e58-9f5f4a7ddd18:c3016]
2019-09-12 14:53:47,210 [grpc-default-executor-6] INFO  client.GrpcClientProtocolClient (GrpcClientProtocolClient.java:onNext(264)) - client-835E41B928D6->6dd5d97a-7455-476f-86d1-706748154c4a: receive RaftClientReply:client-835E41B928D6->6dd5d97a-7455-476f-86d1-706748154c4a@group-349356213E97, cid=2058, SUCCESS, logIndex=3019, commits[6dd5d97a-7455-476f-86d1-706748154c4a:c3019, 8c1a4ac2-2d71-4742-ab0b-89dcc95eb13f:c3016, c9d0001a-daad-4532-9e58-9f5f4a7ddd18:c3016]
2019-09-12 14:53:47,210 [grpc-default-executor-6] INFO  client.GrpcClientProtocolClient (GrpcClientProtocolClient.java:onNext(264)) - client-835E41B928D6->6dd5d97a-7455-476f-86d1-706748154c4a: receive RaftClientReply:client-835E41B928D6->6dd5d97a-7455-476f-86d1-706748154c4a@group-349356213E97, cid=2059, SUCCESS, logIndex=3020, commits[6dd5d97a-7455-476f-86d1-706748154c4a:c3020, 8c1a4ac2-2d71-4742-ab0b-89dcc95eb13f:c3016, c9d0001a-daad-4532-9e58-9f5f4a7ddd18:c3016]
2019-09-12 14:53:47,212 [grpc-default-executor-7] INFO  client.GrpcClientProtocolClient (GrpcClientProtocolClient.java:onNext(264)) - client-835E41B928D6->6dd5d97a-7455-476f-86d1-706748154c4a: receive RaftClientReply:client-835E41B928D6->6dd5d97a-7455-476f-86d1-706748154c4a@group-349356213E97, cid=2060, SUCCESS, logIndex=0, commits[6dd5d97a-7455-476f-86d1-706748154c4a:c3022, 8c1a4ac2-2d71-4742-ab0b-89dcc95eb13f:c3018, c9d0001a-daad-4532-9e58-9f5f4a7ddd18:c3018]
2019-09-12 14:53:47,223 [grpc-default-executor-6] INFO  client.GrpcClientProtocolClient (GrpcClientProtocolClient.java:onNext(264)) - client-835E41B928D6->6dd5d97a-7455-476f-86d1-706748154c4a: receive RaftClientReply:client-835E41B928D6->6dd5d97a-7455-476f-86d1-706748154c4a@group-349356213E97, cid=2061, SUCCESS, logIndex=3025, commits[6dd5d97a-7455-476f-86d1-706748154c4a:c3026, 8c1a4ac2-2d71-4742-ab0b-89dcc95eb13f:c3024, c9d0001a-daad-4532-9e58-9f5f4a7ddd18:c3020]
2019-09-12 14:53:47,223 [grpc-default-executor-6] INFO  client.GrpcClientProtocolClient (GrpcClientProtocolClient.java:onNext(264)) - client-835E41B928D6->6dd5d97a-7455-476f-86d1-706748154c4a: receive RaftClientReply:client-835E41B928D6->6dd5d97a-7455-476f-86d1-706748154c4a@group-349356213E97, cid=2062, SUCCESS, logIndex=3026, commits[6dd5d97a-7455-476f-86d1-706748154c4a:c3026, 8c1a4ac2-2d71-4742-ab0b-89dcc95eb13f:c3024, c9d0001a-daad-4532-9e58-9f5f4a7ddd18:c3020]
2019-09-12 14:53:47,244 [grpc-default-executor-7] INFO  client.GrpcClientProtocolClient (GrpcClientProtocolClient.java:onNext(264)) - client-835E41B928D6->6dd5d97a-7455-476f-86d1-706748154c4a: receive RaftClientReply:client-835E41B928D6->6dd5d97a-7455-476f-86d1-706748154c4a@group-349356213E97, cid=2063, SUCCESS, logIndex=3029, commits[6dd5d97a-7455-476f-86d1-706748154c4a:c3030, 8c1a4ac2-2d71-4742-ab0b-89dcc95eb13f:c3028, c9d0001a-daad-4532-9e58-9f5f4a7ddd18:c3028]
2019-09-12 14:53:47,244 [grpc-default-executor-7] INFO  client.GrpcClientProtocolClient (GrpcClientProtocolClient.java:onNext(264)) - client-835E41B928D6->6dd5d97a-7455-476f-86d1-706748154c4a: receive RaftClientReply:client-835E41B928D6->6dd5d97a-7455-476f-86d1-706748154c4a@group-349356213E97, cid=2064, SUCCESS, logIndex=3030, commits[6dd5d97a-7455-476f-86d1-706748154c4a:c3030, 8c1a4ac2-2d71-4742-ab0b-89dcc95eb13f:c3028, c9d0001a-daad-4532-9e58-9f5f4a7ddd18:c3028]
2019-09-12 14:53:47,256 [grpc-default-executor-7] INFO  client.GrpcClientProtocolClient (GrpcClientProtocolClient.java:onNext(264)) - client-835E41B928D6->6dd5d97a-7455-476f-86d1-706748154c4a: receive RaftClientReply:client-835E41B928D6->6dd5d97a-7455-476f-86d1-706748154c4a@group-349356213E97, cid=2065, SUCCESS, logIndex=0, commits[6dd5d97a-7455-476f-86d1-706748154c4a:c3032, 8c1a4ac2-2d71-4742-ab0b-89dcc95eb13f:c3030, c9d0001a-daad-4532-9e58-9f5f4a7ddd18:c3030]
2019-09-12 14:53:47,292 [grpc-default-executor-7] INFO  client.GrpcClientProtocolClient (GrpcClientProtocolClient.java:onNext(264)) - client-835E41B928D6->6dd5d97a-7455-476f-86d1-706748154c4a: receive RaftClientReply:client-835E41B928D6->6dd5d97a-7455-476f-86d1-706748154c4a@group-349356213E97, cid=2066, SUCCESS, logIndex=3033, commits[6dd5d97a-7455-476f-86d1-706748154c4a:c3034, 8c1a4ac2-2d71-4742-ab0b-89dcc95eb13f:c3032, c9d0001a-daad-4532-9e58-9f5f4a7ddd18:c3032]
2019-09-12 14:53:47,293 [grpc-default-executor-7] INFO  client.GrpcClientProtocolClient (GrpcClientProtocolClient.java:onNext(264)) - client-835E41B928D6->6dd5d97a-7455-476f-86d1-706748154c4a: receive RaftClientReply:client-835E41B928D6->6dd5d97a-7455-476f-86d1-706748154c4a@group-349356213E97, cid=2067, SUCCESS, logIndex=3034, commits[6dd5d97a-7455-476f-86d1-706748154c4a:c3034, 8c1a4ac2-2d71-4742-ab0b-89dcc95eb13f:c3032, c9d0001a-daad-4532-9e58-9f5f4a7ddd18:c3032]
2019-09-12 14:53:47,303 [grpc-default-executor-2] INFO  client.GrpcClientProtocolClient (GrpcClientProtocolClient.java:onNext(264)) - client-835E41B928D6->6dd5d97a-7455-476f-86d1-706748154c4a: receive RaftClientReply:client-835E41B928D6->6dd5d97a-7455-476f-86d1-706748154c4a@group-349356213E97, cid=2068, SUCCESS, logIndex=3035, commits[6dd5d97a-7455-476f-86d1-706748154c4a:c3036, 8c1a4ac2-2d71-4742-ab0b-89dcc95eb13f:c3032, c9d0001a-daad-4532-9e58-9f5f4a7ddd18:c3032]
2019-09-12 14:53:47,303 [grpc-default-executor-2] INFO  client.GrpcClientProtocolClient (GrpcClientProtocolClient.java:onNext(264)) - client-835E41B928D6->6dd5d97a-7455-476f-86d1-706748154c4a: receive RaftClientReply:client-835E41B928D6->6dd5d97a-7455-476f-86d1-706748154c4a@group-349356213E97, cid=2069, SUCCESS, logIndex=3036, commits[6dd5d97a-7455-476f-86d1-706748154c4a:c3036, 8c1a4ac2-2d71-4742-ab0b-89dcc95eb13f:c3032, c9d0001a-daad-4532-9e58-9f5f4a7ddd18:c3032]
2019-09-12 14:53:47,305 [grpc-default-executor-7] INFO  client.GrpcClientProtocolClient (GrpcClientProtocolClient.java:onNext(264)) - client-835E41B928D6->6dd5d97a-7455-476f-86d1-706748154c4a: receive RaftClientReply:client-835E41B928D6->6dd5d97a-7455-476f-86d1-706748154c4a@group-349356213E97, cid=2070, SUCCESS, logIndex=0, commits[6dd5d97a-7455-476f-86d1-706748154c4a:c3037, 8c1a4ac2-2d71-4742-ab0b-89dcc95eb13f:c3034, c9d0001a-daad-4532-9e58-9f5f4a7ddd18:c3034]
2019-09-12 14:53:47,318 [grpc-default-executor-7] INFO  client.GrpcClientProtocolClient (GrpcClientProtocolClient.java:onNext(264)) - client-835E41B928D6->6dd5d97a-7455-476f-86d1-706748154c4a: receive RaftClientReply:client-835E41B928D6->6dd5d97a-7455-476f-86d1-706748154c4a@group-349356213E97, cid=2071, SUCCESS, logIndex=3041, commits[6dd5d97a-7455-476f-86d1-706748154c4a:c3042, 8c1a4ac2-2d71-4742-ab0b-89dcc95eb13f:c3038, c9d0001a-daad-4532-9e58-9f5f4a7ddd18:c3036]
2019-09-12 14:53:47,319 [grpc-default-executor-7] INFO  client.GrpcClientProtocolClient (GrpcClientProtocolClient.java:onNext(264)) - client-835E41B928D6->6dd5d97a-7455-476f-86d1-706748154c4a: receive RaftClientReply:client-835E41B928D6->6dd5d97a-7455-476f-86d1-706748154c4a@group-349356213E97, cid=2072, SUCCESS, logIndex=3042, commits[6dd5d97a-7455-476f-86d1-706748154c4a:c3042, 8c1a4ac2-2d71-4742-ab0b-89dcc95eb13f:c3038, c9d0001a-daad-4532-9e58-9f5f4a7ddd18:c3038]
2019-09-12 14:53:47,336 [grpc-default-executor-2] INFO  client.GrpcClientProtocolClient (GrpcClientProtocolClient.java:onNext(264)) - client-835E41B928D6->6dd5d97a-7455-476f-86d1-706748154c4a: receive RaftClientReply:client-835E41B928D6->6dd5d97a-7455-476f-86d1-706748154c4a@group-349356213E97, cid=2073, SUCCESS, logIndex=3045, commits[6dd5d97a-7455-476f-86d1-706748154c4a:c3046, 8c1a4ac2-2d71-4742-ab0b-89dcc95eb13f:c3043, c9d0001a-daad-4532-9e58-9f5f4a7ddd18:c3043]
2019-09-12 14:53:47,336 [grpc-default-executor-2] INFO  client.GrpcClientProtocolClient (GrpcClientProtocolClient.java:onNext(264)) - client-835E41B928D6->6dd5d97a-7455-476f-86d1-706748154c4a: receive RaftClientReply:client-835E41B928D6->6dd5d97a-7455-476f-86d1-706748154c4a@group-349356213E97, cid=2074, SUCCESS, logIndex=3046, commits[6dd5d97a-7455-476f-86d1-706748154c4a:c3046, 8c1a4ac2-2d71-4742-ab0b-89dcc95eb13f:c3043, c9d0001a-daad-4532-9e58-9f5f4a7ddd18:c3043]
2019-09-12 14:53:47,349 [grpc-default-executor-2] INFO  client.GrpcClientProtocolClient (GrpcClientProtocolClient.java:onNext(264)) - client-835E41B928D6->6dd5d97a-7455-476f-86d1-706748154c4a: receive RaftClientReply:client-835E41B928D6->6dd5d97a-7455-476f-86d1-706748154c4a@group-349356213E97, cid=2075, SUCCESS, logIndex=0, commits[6dd5d97a-7455-476f-86d1-706748154c4a:c3048, 8c1a4ac2-2d71-4742-ab0b-89dcc95eb13f:c3046, c9d0001a-daad-4532-9e58-9f5f4a7ddd18:c3046]
2019-09-12 14:53:47,378 [grpc-default-executor-7] INFO  client.GrpcClientProtocolClient (GrpcClientProtocolClient.java:onNext(264)) - client-835E41B928D6->6dd5d97a-7455-476f-86d1-706748154c4a: receive RaftClientReply:client-835E41B928D6->6dd5d97a-7455-476f-86d1-706748154c4a@group-349356213E97, cid=2076, SUCCESS, logIndex=3049, commits[6dd5d97a-7455-476f-86d1-706748154c4a:c3050, 8c1a4ac2-2d71-4742-ab0b-89dcc95eb13f:c3048, c9d0001a-daad-4532-9e58-9f5f4a7ddd18:c3048]
2019-09-12 14:53:47,378 [grpc-default-executor-7] INFO  client.GrpcClientProtocolClient (GrpcClientProtocolClient.java:onNext(264)) - client-835E41B928D6->6dd5d97a-7455-476f-86d1-706748154c4a: receive RaftClientReply:client-835E41B928D6->6dd5d97a-7455-476f-86d1-706748154c4a@group-349356213E97, cid=2077, SUCCESS, logIndex=3050, commits[6dd5d97a-7455-476f-86d1-706748154c4a:c3050, 8c1a4ac2-2d71-4742-ab0b-89dcc95eb13f:c3048, c9d0001a-daad-4532-9e58-9f5f4a7ddd18:c3048]
2019-09-12 14:53:47,379 [grpc-default-executor-2] INFO  client.GrpcClientProtocolClient (GrpcClientProtocolClient.java:onNext(264)) - client-835E41B928D6->6dd5d97a-7455-476f-86d1-706748154c4a: receive RaftClientReply:client-835E41B928D6->6dd5d97a-7455-476f-86d1-706748154c4a@group-349356213E97, cid=2078, SUCCESS, logIndex=3051, commits[6dd5d97a-7455-476f-86d1-706748154c4a:c3052, 8c1a4ac2-2d71-4742-ab0b-89dcc95eb13f:c3048, c9d0001a-daad-4532-9e58-9f5f4a7ddd18:c3048]
2019-09-12 14:53:47,379 [grpc-default-executor-2] INFO  client.GrpcClientProtocolClient (GrpcClientProtocolClient.java:onNext(264)) - client-835E41B928D6->6dd5d97a-7455-476f-86d1-706748154c4a: receive RaftClientReply:client-835E41B928D6->6dd5d97a-7455-476f-86d1-706748154c4a@group-349356213E97, cid=2079, SUCCESS, logIndex=3052, commits[6dd5d97a-7455-476f-86d1-706748154c4a:c3052, 8c1a4ac2-2d71-4742-ab0b-89dcc95eb13f:c3048, c9d0001a-daad-4532-9e58-9f5f4a7ddd18:c3048]
2019-09-12 14:53:47,391 [grpc-default-executor-2] INFO  client.GrpcClientProtocolClient (GrpcClientProtocolClient.java:onNext(264)) - client-835E41B928D6->6dd5d97a-7455-476f-86d1-706748154c4a: receive RaftClientReply:client-835E41B928D6->6dd5d97a-7455-476f-86d1-706748154c4a@group-349356213E97, cid=2080, SUCCESS, logIndex=0, commits[6dd5d97a-7455-476f-86d1-706748154c4a:c3053, 8c1a4ac2-2d71-4742-ab0b-89dcc95eb13f:c3050, c9d0001a-daad-4532-9e58-9f5f4a7ddd18:c3050]
2019-09-12 14:53:47,410 [grpc-default-executor-2] INFO  client.GrpcClientProtocolClient (GrpcClientProtocolClient.java:onNext(264)) - client-835E41B928D6->6dd5d97a-7455-476f-86d1-706748154c4a: receive RaftClientReply:client-835E41B928D6->6dd5d97a-7455-476f-86d1-706748154c4a@group-349356213E97, cid=2081, SUCCESS, logIndex=3056, commits[6dd5d97a-7455-476f-86d1-706748154c4a:c3057, 8c1a4ac2-2d71-4742-ab0b-89dcc95eb13f:c3055, c9d0001a-daad-4532-9e58-9f5f4a7ddd18:c3055]
2019-09-12 14:53:47,410 [grpc-default-executor-2] INFO  client.GrpcClientProtocolClient (GrpcClientProtocolClient.java:onNext(264)) - client-835E41B928D6->6dd5d97a-7455-476f-86d1-706748154c4a: receive RaftClientReply:client-835E41B928D6->6dd5d97a-7455-476f-86d1-706748154c4a@group-349356213E97, cid=2082, SUCCESS, logIndex=3057, commits[6dd5d97a-7455-476f-86d1-706748154c4a:c3057, 8c1a4ac2-2d71-4742-ab0b-89dcc95eb13f:c3055, c9d0001a-daad-4532-9e58-9f5f4a7ddd18:c3055]
2019-09-12 14:53:47,422 [grpc-default-executor-7] INFO  client.GrpcClientProtocolClient (GrpcClientProtocolClient.java:onNext(264)) - client-835E41B928D6->6dd5d97a-7455-476f-86d1-706748154c4a: receive RaftClientReply:client-835E41B928D6->6dd5d97a-7455-476f-86d1-706748154c4a@group-349356213E97, cid=2083, SUCCESS, logIndex=3060, commits[6dd5d97a-7455-476f-86d1-706748154c4a:c3061, 8c1a4ac2-2d71-4742-ab0b-89dcc95eb13f:c3057, c9d0001a-daad-4532-9e58-9f5f4a7ddd18:c3057]
2019-09-12 14:53:47,423 [grpc-default-executor-7] INFO  client.GrpcClientProtocolClient (GrpcClientProtocolClient.java:onNext(264)) - client-835E41B928D6->6dd5d97a-7455-476f-86d1-706748154c4a: receive RaftClientReply:client-835E41B928D6->6dd5d97a-7455-476f-86d1-706748154c4a@group-349356213E97, cid=2084, SUCCESS, logIndex=3061, commits[6dd5d97a-7455-476f-86d1-706748154c4a:c3061, 8c1a4ac2-2d71-4742-ab0b-89dcc95eb13f:c3057, c9d0001a-daad-4532-9e58-9f5f4a7ddd18:c3057]
2019-09-12 14:53:47,437 [grpc-default-executor-7] INFO  client.GrpcClientProtocolClient (GrpcClientProtocolClient.java:onNext(264)) - client-835E41B928D6->6dd5d97a-7455-476f-86d1-706748154c4a: receive RaftClientReply:client-835E41B928D6->6dd5d97a-7455-476f-86d1-706748154c4a@group-349356213E97, cid=2085, SUCCESS, logIndex=0, commits[6dd5d97a-7455-476f-86d1-706748154c4a:c3063, 8c1a4ac2-2d71-4742-ab0b-89dcc95eb13f:c3061, c9d0001a-daad-4532-9e58-9f5f4a7ddd18:c3061]
2019-09-12 14:53:47,455 [grpc-default-executor-7] INFO  client.GrpcClientProtocolClient (GrpcClientProtocolClient.java:onNext(264)) - client-835E41B928D6->6dd5d97a-7455-476f-86d1-706748154c4a: receive RaftClientReply:client-835E41B928D6->6dd5d97a-7455-476f-86d1-706748154c4a@group-349356213E97, cid=2086, SUCCESS, logIndex=3064, commits[6dd5d97a-7455-476f-86d1-706748154c4a:c3065, 8c1a4ac2-2d71-4742-ab0b-89dcc95eb13f:c3061, c9d0001a-daad-4532-9e58-9f5f4a7ddd18:c3063]
2019-09-12 14:53:47,456 [grpc-default-executor-2] INFO  client.GrpcClientProtocolClient (GrpcClientProtocolClient.java:onNext(264)) - client-835E41B928D6->6dd5d97a-7455-476f-86d1-706748154c4a: receive RaftClientReply:client-835E41B928D6->6dd5d97a-7455-476f-86d1-706748154c4a@group-349356213E97, cid=2087, SUCCESS, logIndex=3065, commits[6dd5d97a-7455-476f-86d1-706748154c4a:c3065, 8c1a4ac2-2d71-4742-ab0b-89dcc95eb13f:c3063, c9d0001a-daad-4532-9e58-9f5f4a7ddd18:c3063]
2019-09-12 14:53:47,456 [grpc-default-executor-2] INFO  client.GrpcClientProtocolClient (GrpcClientProtocolClient.java:onNext(264)) - client-835E41B928D6->6dd5d97a-7455-476f-86d1-706748154c4a: receive RaftClientReply:client-835E41B928D6->6dd5d97a-7455-476f-86d1-706748154c4a@group-349356213E97, cid=2088, SUCCESS, logIndex=3066, commits[6dd5d97a-7455-476f-86d1-706748154c4a:c3066, 8c1a4ac2-2d71-4742-ab0b-89dcc95eb13f:c3063, c9d0001a-daad-4532-9e58-9f5f4a7ddd18:c3063]
2019-09-12 14:53:47,457 [grpc-default-executor-7] INFO  client.GrpcClientProtocolClient (GrpcClientProtocolClient.java:onNext(264)) - client-835E41B928D6->6dd5d97a-7455-476f-86d1-706748154c4a: receive RaftClientReply:client-835E41B928D6->6dd5d97a-7455-476f-86d1-706748154c4a@group-349356213E97, cid=2089, SUCCESS, logIndex=3067, commits[6dd5d97a-7455-476f-86d1-706748154c4a:c3067, 8c1a4ac2-2d71-4742-ab0b-89dcc95eb13f:c3063, c9d0001a-daad-4532-9e58-9f5f4a7ddd18:c3063]
 0.00% |█                                                                                                    |  0/1 Time: 0:00:152019-09-12 14:53:47,461 [grpc-default-executor-7] INFO  client.GrpcClientProtocolClient (GrpcClientProtocolClient.java:onNext(264)) - client-835E41B928D6->6dd5d97a-7455-476f-86d1-706748154c4a: receive RaftClientReply:client-835E41B928D6->6dd5d97a-7455-476f-86d1-706748154c4a@group-349356213E97, cid=2090, SUCCESS, logIndex=0, commits[6dd5d97a-7455-476f-86d1-706748154c4a:c3069, 8c1a4ac2-2d71-4742-ab0b-89dcc95eb13f:c3065, c9d0001a-daad-4532-9e58-9f5f4a7ddd18:c3065]
2019-09-12 14:53:47,472 [grpc-default-executor-6] INFO  client.GrpcClientProtocolClient (GrpcClientProtocolClient.java:onNext(264)) - client-835E41B928D6->6dd5d97a-7455-476f-86d1-706748154c4a: receive RaftClientReply:client-835E41B928D6->6dd5d97a-7455-476f-86d1-706748154c4a@group-349356213E97, cid=2091, SUCCESS, logIndex=3072, commits[6dd5d97a-7455-476f-86d1-706748154c4a:c3073, 8c1a4ac2-2d71-4742-ab0b-89dcc95eb13f:c3067, c9d0001a-daad-4532-9e58-9f5f4a7ddd18:c3071]
2019-09-12 14:53:47,472 [grpc-default-executor-6] INFO  client.GrpcClientProtocolClient (GrpcClientProtocolClient.java:onNext(264)) - client-835E41B928D6->6dd5d97a-7455-476f-86d1-706748154c4a: receive RaftClientReply:client-835E41B928D6->6dd5d97a-7455-476f-86d1-706748154c4a@group-349356213E97, cid=2092, SUCCESS, logIndex=3073, commits[6dd5d97a-7455-476f-86d1-706748154c4a:c3073, 8c1a4ac2-2d71-4742-ab0b-89dcc95eb13f:c3071, c9d0001a-daad-4532-9e58-9f5f4a7ddd18:c3071]
2019-09-12 14:53:47,499 [grpc-default-executor-2] INFO  client.GrpcClientProtocolClient (GrpcClientProtocolClient.java:onNext(264)) - client-835E41B928D6->6dd5d97a-7455-476f-86d1-706748154c4a: receive RaftClientReply:client-835E41B928D6->6dd5d97a-7455-476f-86d1-706748154c4a@group-349356213E97, cid=2093, SUCCESS, logIndex=3076, commits[6dd5d97a-7455-476f-86d1-706748154c4a:c3077, 8c1a4ac2-2d71-4742-ab0b-89dcc95eb13f:c3075, c9d0001a-daad-4532-9e58-9f5f4a7ddd18:c3075]
2019-09-12 14:53:47,499 [grpc-default-executor-2] INFO  client.GrpcClientProtocolClient (GrpcClientProtocolClient.java:onNext(264)) - client-835E41B928D6->6dd5d97a-7455-476f-86d1-706748154c4a: receive RaftClientReply:client-835E41B928D6->6dd5d97a-7455-476f-86d1-706748154c4a@group-349356213E97, cid=2094, SUCCESS, logIndex=3077, commits[6dd5d97a-7455-476f-86d1-706748154c4a:c3077, 8c1a4ac2-2d71-4742-ab0b-89dcc95eb13f:c3075, c9d0001a-daad-4532-9e58-9f5f4a7ddd18:c3075]
2019-09-12 14:53:47,511 [grpc-default-executor-7] INFO  client.GrpcClientProtocolClient (GrpcClientProtocolClient.java:onNext(264)) - client-835E41B928D6->6dd5d97a-7455-476f-86d1-706748154c4a: receive RaftClientReply:client-835E41B928D6->6dd5d97a-7455-476f-86d1-706748154c4a@group-349356213E97, cid=2095, SUCCESS, logIndex=0, commits[6dd5d97a-7455-476f-86d1-706748154c4a:c3079, 8c1a4ac2-2d71-4742-ab0b-89dcc95eb13f:c3077, c9d0001a-daad-4532-9e58-9f5f4a7ddd18:c3077]
2019-09-12 14:53:47,655 [grpc-default-executor-6] INFO  client.GrpcClientProtocolClient (GrpcClientProtocolClient.java:onNext(264)) - client-835E41B928D6->6dd5d97a-7455-476f-86d1-706748154c4a: receive RaftClientReply:client-835E41B928D6->6dd5d97a-7455-476f-86d1-706748154c4a@group-349356213E97, cid=2096, SUCCESS, logIndex=3080, commits[6dd5d97a-7455-476f-86d1-706748154c4a:c3081, 8c1a4ac2-2d71-4742-ab0b-89dcc95eb13f:c3079, c9d0001a-daad-4532-9e58-9f5f4a7ddd18:c3079]
2019-09-12 14:53:47,655 [grpc-default-executor-7] INFO  client.GrpcClientProtocolClient (GrpcClientProtocolClient.java:onNext(264)) - client-835E41B928D6->6dd5d97a-7455-476f-86d1-706748154c4a: receive RaftClientReply:client-835E41B928D6->6dd5d97a-7455-476f-86d1-706748154c4a@group-349356213E97, cid=2097, SUCCESS, logIndex=3081, commits[6dd5d97a-7455-476f-86d1-706748154c4a:c3083, 8c1a4ac2-2d71-4742-ab0b-89dcc95eb13f:c3079, c9d0001a-daad-4532-9e58-9f5f4a7ddd18:c3079]
2019-09-12 14:53:47,656 [grpc-default-executor-6] INFO  client.GrpcClientProtocolClient (GrpcClientProtocolClient.java:onNext(264)) - client-835E41B928D6->6dd5d97a-7455-476f-86d1-706748154c4a: receive RaftClientReply:client-835E41B928D6->6dd5d97a-7455-476f-86d1-706748154c4a@group-349356213E97, cid=2098, SUCCESS, logIndex=3082, commits[6dd5d97a-7455-476f-86d1-706748154c4a:c3083, 8c1a4ac2-2d71-4742-ab0b-89dcc95eb13f:c3079, c9d0001a-daad-4532-9e58-9f5f4a7ddd18:c3079]
2019-09-12 14:53:47,656 [grpc-default-executor-6] INFO  client.GrpcClientProtocolClient (GrpcClientProtocolClient.java:onNext(264)) - client-835E41B928D6->6dd5d97a-7455-476f-86d1-706748154c4a: receive RaftClientReply:client-835E41B928D6->6dd5d97a-7455-476f-86d1-706748154c4a@group-349356213E97, cid=2099, SUCCESS, logIndex=3083, commits[6dd5d97a-7455-476f-86d1-706748154c4a:c3084, 8c1a4ac2-2d71-4742-ab0b-89dcc95eb13f:c3080, c9d0001a-daad-4532-9e58-9f5f4a7ddd18:c3079]
2019-09-12 14:53:47,658 [grpc-default-executor-6] INFO  client.GrpcClientProtocolClient (GrpcClientProtocolClient.java:onNext(264)) - client-835E41B928D6->6dd5d97a-7455-476f-86d1-706748154c4a: receive RaftClientReply:client-835E41B928D6->6dd5d97a-7455-476f-86d1-706748154c4a@group-349356213E97, cid=2100, SUCCESS, logIndex=0, commits[6dd5d97a-7455-476f-86d1-706748154c4a:c3085, 8c1a4ac2-2d71-4742-ab0b-89dcc95eb13f:c3081, c9d0001a-daad-4532-9e58-9f5f4a7ddd18:c3081]
2019-09-12 14:53:47,677 [grpc-default-executor-2] INFO  client.GrpcClientProtocolClient (GrpcClientProtocolClient.java:onNext(264)) - client-835E41B928D6->6dd5d97a-7455-476f-86d1-706748154c4a: receive RaftClientReply:client-835E41B928D6->6dd5d97a-7455-476f-86d1-706748154c4a@group-349356213E97, cid=2101, SUCCESS, logIndex=3088, commits[6dd5d97a-7455-476f-86d1-706748154c4a:c3089, 8c1a4ac2-2d71-4742-ab0b-89dcc95eb13f:c3087, c9d0001a-daad-4532-9e58-9f5f4a7ddd18:c3087]
2019-09-12 14:53:47,677 [grpc-default-executor-2] INFO  client.GrpcClientProtocolClient (GrpcClientProtocolClient.java:onNext(264)) - client-835E41B928D6->6dd5d97a-7455-476f-86d1-706748154c4a: receive RaftClientReply:client-835E41B928D6->6dd5d97a-7455-476f-86d1-706748154c4a@group-349356213E97, cid=2102, SUCCESS, logIndex=3089, commits[6dd5d97a-7455-476f-86d1-706748154c4a:c3089, 8c1a4ac2-2d71-4742-ab0b-89dcc95eb13f:c3087, c9d0001a-daad-4532-9e58-9f5f4a7ddd18:c3087]
2019-09-12 14:53:47,691 [grpc-default-executor-2] INFO  client.GrpcClientProtocolClient (GrpcClientProtocolClient.java:onNext(264)) - client-835E41B928D6->6dd5d97a-7455-476f-86d1-706748154c4a: receive RaftClientReply:client-835E41B928D6->6dd5d97a-7455-476f-86d1-706748154c4a@group-349356213E97, cid=2103, SUCCESS, logIndex=3092, commits[6dd5d97a-7455-476f-86d1-706748154c4a:c3093, 8c1a4ac2-2d71-4742-ab0b-89dcc95eb13f:c3089, c9d0001a-daad-4532-9e58-9f5f4a7ddd18:c3089]
2019-09-12 14:53:47,692 [grpc-default-executor-2] INFO  client.GrpcClientProtocolClient (GrpcClientProtocolClient.java:onNext(264)) - client-835E41B928D6->6dd5d97a-7455-476f-86d1-706748154c4a: receive RaftClientReply:client-835E41B928D6->6dd5d97a-7455-476f-86d1-706748154c4a@group-349356213E97, cid=2104, SUCCESS, logIndex=3093, commits[6dd5d97a-7455-476f-86d1-706748154c4a:c3093, 8c1a4ac2-2d71-4742-ab0b-89dcc95eb13f:c3089, c9d0001a-daad-4532-9e58-9f5f4a7ddd18:c3089]
2019-09-12 14:53:47,703 [grpc-default-executor-2] INFO  client.GrpcClientProtocolClient (GrpcClientProtocolClient.java:onNext(264)) - client-835E41B928D6->6dd5d97a-7455-476f-86d1-706748154c4a: receive RaftClientReply:client-835E41B928D6->6dd5d97a-7455-476f-86d1-706748154c4a@group-349356213E97, cid=2105, SUCCESS, logIndex=0, commits[6dd5d97a-7455-476f-86d1-706748154c4a:c3094, 8c1a4ac2-2d71-4742-ab0b-89dcc95eb13f:c3093, c9d0001a-daad-4532-9e58-9f5f4a7ddd18:c3093]
2019-09-12 14:53:47,730 [grpc-default-executor-7] INFO  client.GrpcClientProtocolClient (GrpcClientProtocolClient.java:onNext(264)) - client-835E41B928D6->6dd5d97a-7455-476f-86d1-706748154c4a: receive RaftClientReply:client-835E41B928D6->6dd5d97a-7455-476f-86d1-706748154c4a@group-349356213E97, cid=2106, SUCCESS, logIndex=3096, commits[6dd5d97a-7455-476f-86d1-706748154c4a:c3097, 8c1a4ac2-2d71-4742-ab0b-89dcc95eb13f:c3095, c9d0001a-daad-4532-9e58-9f5f4a7ddd18:c3095]
2019-09-12 14:53:47,730 [grpc-default-executor-7] INFO  client.GrpcClientProtocolClient (GrpcClientProtocolClient.java:onNext(264)) - client-835E41B928D6->6dd5d97a-7455-476f-86d1-706748154c4a: receive RaftClientReply:client-835E41B928D6->6dd5d97a-7455-476f-86d1-706748154c4a@group-349356213E97, cid=2107, SUCCESS, logIndex=3097, commits[6dd5d97a-7455-476f-86d1-706748154c4a:c3097, 8c1a4ac2-2d71-4742-ab0b-89dcc95eb13f:c3095, c9d0001a-daad-4532-9e58-9f5f4a7ddd18:c3095]
2019-09-12 14:53:47,740 [grpc-default-executor-6] INFO  client.GrpcClientProtocolClient (GrpcClientProtocolClient.java:onNext(264)) - client-835E41B928D6->6dd5d97a-7455-476f-86d1-706748154c4a: receive RaftClientReply:client-835E41B928D6->6dd5d97a-7455-476f-86d1-706748154c4a@group-349356213E97, cid=2108, SUCCESS, logIndex=3098, commits[6dd5d97a-7455-476f-86d1-706748154c4a:c3099, 8c1a4ac2-2d71-4742-ab0b-89dcc95eb13f:c3095, c9d0001a-daad-4532-9e58-9f5f4a7ddd18:c3095]
2019-09-12 14:53:47,741 [grpc-default-executor-6] INFO  client.GrpcClientProtocolClient (GrpcClientProtocolClient.java:onNext(264)) - client-835E41B928D6->6dd5d97a-7455-476f-86d1-706748154c4a: receive RaftClientReply:client-835E41B928D6->6dd5d97a-7455-476f-86d1-706748154c4a@group-349356213E97, cid=2109, SUCCESS, logIndex=3099, commits[6dd5d97a-7455-476f-86d1-706748154c4a:c3099, 8c1a4ac2-2d71-4742-ab0b-89dcc95eb13f:c3095, c9d0001a-daad-4532-9e58-9f5f4a7ddd18:c3095]
2019-09-12 14:53:47,742 [grpc-default-executor-6] INFO  client.GrpcClientProtocolClient (GrpcClientProtocolClient.java:onNext(264)) - client-835E41B928D6->6dd5d97a-7455-476f-86d1-706748154c4a: receive RaftClientReply:client-835E41B928D6->6dd5d97a-7455-476f-86d1-706748154c4a@group-349356213E97, cid=2110, SUCCESS, logIndex=0, commits[6dd5d97a-7455-476f-86d1-706748154c4a:c3101, 8c1a4ac2-2d71-4742-ab0b-89dcc95eb13f:c3097, c9d0001a-daad-4532-9e58-9f5f4a7ddd18:c3097]
2019-09-12 14:53:47,768 [grpc-default-executor-6] INFO  client.GrpcClientProtocolClient (GrpcClientProtocolClient.java:onNext(264)) - client-835E41B928D6->6dd5d97a-7455-476f-86d1-706748154c4a: receive RaftClientReply:client-835E41B928D6->6dd5d97a-7455-476f-86d1-706748154c4a@group-349356213E97, cid=2111, SUCCESS, logIndex=3104, commits[6dd5d97a-7455-476f-86d1-706748154c4a:c3105, 8c1a4ac2-2d71-4742-ab0b-89dcc95eb13f:c3103, c9d0001a-daad-4532-9e58-9f5f4a7ddd18:c3103]
2019-09-12 14:53:47,768 [grpc-default-executor-6] INFO  client.GrpcClientProtocolClient (GrpcClientProtocolClient.java:onNext(264)) - client-835E41B928D6->6dd5d97a-7455-476f-86d1-706748154c4a: receive RaftClientReply:client-835E41B928D6->6dd5d97a-7455-476f-86d1-706748154c4a@group-349356213E97, cid=2112, SUCCESS, logIndex=3105, commits[6dd5d97a-7455-476f-86d1-706748154c4a:c3105, 8c1a4ac2-2d71-4742-ab0b-89dcc95eb13f:c3103, c9d0001a-daad-4532-9e58-9f5f4a7ddd18:c3103]
2019-09-12 14:53:47,801 [grpc-default-executor-7] INFO  client.GrpcClientProtocolClient (GrpcClientProtocolClient.java:onNext(264)) - client-835E41B928D6->6dd5d97a-7455-476f-86d1-706748154c4a: receive RaftClientReply:client-835E41B928D6->6dd5d97a-7455-476f-86d1-706748154c4a@group-349356213E97, cid=2113, SUCCESS, logIndex=3108, commits[6dd5d97a-7455-476f-86d1-706748154c4a:c3109, 8c1a4ac2-2d71-4742-ab0b-89dcc95eb13f:c3105, c9d0001a-daad-4532-9e58-9f5f4a7ddd18:c3105]
2019-09-12 14:53:47,802 [grpc-default-executor-7] INFO  client.GrpcClientProtocolClient (GrpcClientProtocolClient.java:onNext(264)) - client-835E41B928D6->6dd5d97a-7455-476f-86d1-706748154c4a: receive RaftClientReply:client-835E41B928D6->6dd5d97a-7455-476f-86d1-706748154c4a@group-349356213E97, cid=2114, SUCCESS, logIndex=3109, commits[6dd5d97a-7455-476f-86d1-706748154c4a:c3109, 8c1a4ac2-2d71-4742-ab0b-89dcc95eb13f:c3105, c9d0001a-daad-4532-9e58-9f5f4a7ddd18:c3105]
2019-09-12 14:53:47,806 [grpc-default-executor-7] INFO  client.GrpcClientProtocolClient (GrpcClientProtocolClient.java:onNext(264)) - client-835E41B928D6->6dd5d97a-7455-476f-86d1-706748154c4a: receive RaftClientReply:client-835E41B928D6->6dd5d97a-7455-476f-86d1-706748154c4a@group-349356213E97, cid=2115, SUCCESS, logIndex=0, commits[6dd5d97a-7455-476f-86d1-706748154c4a:c3111, 8c1a4ac2-2d71-4742-ab0b-89dcc95eb13f:c3109, c9d0001a-daad-4532-9e58-9f5f4a7ddd18:c3109]
2019-09-12 14:53:47,832 [grpc-default-executor-5] INFO  client.GrpcClientProtocolClient (GrpcClientProtocolClient.java:onNext(264)) - client-835E41B928D6->6dd5d97a-7455-476f-86d1-706748154c4a: receive RaftClientReply:client-835E41B928D6->6dd5d97a-7455-476f-86d1-706748154c4a@group-349356213E97, cid=2116, SUCCESS, logIndex=3112, commits[6dd5d97a-7455-476f-86d1-706748154c4a:c3113, 8c1a4ac2-2d71-4742-ab0b-89dcc95eb13f:c3111, c9d0001a-daad-4532-9e58-9f5f4a7ddd18:c3111]
2019-09-12 14:53:47,832 [grpc-default-executor-5] INFO  client.GrpcClientProtocolClient (GrpcClientProtocolClient.java:onNext(264)) - client-835E41B928D6->6dd5d97a-7455-476f-86d1-706748154c4a: receive RaftClientReply:client-835E41B928D6->6dd5d97a-7455-476f-86d1-706748154c4a@group-349356213E97, cid=2117, SUCCESS, logIndex=3113, commits[6dd5d97a-7455-476f-86d1-706748154c4a:c3113, 8c1a4ac2-2d71-4742-ab0b-89dcc95eb13f:c3111, c9d0001a-daad-4532-9e58-9f5f4a7ddd18:c3111]
2019-09-12 14:53:47,833 [grpc-default-executor-5] INFO  client.GrpcClientProtocolClient (GrpcClientProtocolClient.java:onNext(264)) - client-835E41B928D6->6dd5d97a-7455-476f-86d1-706748154c4a: receive RaftClientReply:client-835E41B928D6->6dd5d97a-7455-476f-86d1-706748154c4a@group-349356213E97, cid=2118, SUCCESS, logIndex=3114, commits[6dd5d97a-7455-476f-86d1-706748154c4a:c3115, 8c1a4ac2-2d71-4742-ab0b-89dcc95eb13f:c3111, c9d0001a-daad-4532-9e58-9f5f4a7ddd18:c3111]
2019-09-12 14:53:47,833 [grpc-default-executor-5] INFO  client.GrpcClientProtocolClient (GrpcClientProtocolClient.java:onNext(264)) - client-835E41B928D6->6dd5d97a-7455-476f-86d1-706748154c4a: receive RaftClientReply:client-835E41B928D6->6dd5d97a-7455-476f-86d1-706748154c4a@group-349356213E97, cid=2119, SUCCESS, logIndex=3115, commits[6dd5d97a-7455-476f-86d1-706748154c4a:c3115, 8c1a4ac2-2d71-4742-ab0b-89dcc95eb13f:c3111, c9d0001a-daad-4532-9e58-9f5f4a7ddd18:c3111]
2019-09-12 14:53:47,836 [grpc-default-executor-6] INFO  client.GrpcClientProtocolClient (GrpcClientProtocolClient.java:onNext(264)) - client-835E41B928D6->6dd5d97a-7455-476f-86d1-706748154c4a: receive RaftClientReply:client-835E41B928D6->6dd5d97a-7455-476f-86d1-706748154c4a@group-349356213E97, cid=2120, SUCCESS, logIndex=0, commits[6dd5d97a-7455-476f-86d1-706748154c4a:c3117, 8c1a4ac2-2d71-4742-ab0b-89dcc95eb13f:c3113, c9d0001a-daad-4532-9e58-9f5f4a7ddd18:c3113]
2019-09-12 14:53:47,847 [grpc-default-executor-5] INFO  client.GrpcClientProtocolClient (GrpcClientProtocolClient.java:onNext(264)) - client-835E41B928D6->6dd5d97a-7455-476f-86d1-706748154c4a: receive RaftClientReply:client-835E41B928D6->6dd5d97a-7455-476f-86d1-706748154c4a@group-349356213E97, cid=2121, SUCCESS, logIndex=3120, commits[6dd5d97a-7455-476f-86d1-706748154c4a:c3121, 8c1a4ac2-2d71-4742-ab0b-89dcc95eb13f:c3115, c9d0001a-daad-4532-9e58-9f5f4a7ddd18:c3119]
2019-09-12 14:53:47,848 [grpc-default-executor-5] INFO  client.GrpcClientProtocolClient (GrpcClientProtocolClient.java:onNext(264)) - client-835E41B928D6->6dd5d97a-7455-476f-86d1-706748154c4a: receive RaftClientReply:client-835E41B928D6->6dd5d97a-7455-476f-86d1-706748154c4a@group-349356213E97, cid=2122, SUCCESS, logIndex=3121, commits[6dd5d97a-7455-476f-86d1-706748154c4a:c3121, 8c1a4ac2-2d71-4742-ab0b-89dcc95eb13f:c3119, c9d0001a-daad-4532-9e58-9f5f4a7ddd18:c3119]
2019-09-12 14:53:47,866 [grpc-default-executor-7] INFO  client.GrpcClientProtocolClient (GrpcClientProtocolClient.java:onNext(264)) - client-835E41B928D6->6dd5d97a-7455-476f-86d1-706748154c4a: receive RaftClientReply:client-835E41B928D6->6dd5d97a-7455-476f-86d1-706748154c4a@group-349356213E97, cid=2123, SUCCESS, logIndex=3124, commits[6dd5d97a-7455-476f-86d1-706748154c4a:c3125, 8c1a4ac2-2d71-4742-ab0b-89dcc95eb13f:c3123, c9d0001a-daad-4532-9e58-9f5f4a7ddd18:c3123]
2019-09-12 14:53:47,867 [grpc-default-executor-7] INFO  client.GrpcClientProtocolClient (GrpcClientProtocolClient.java:onNext(264)) - client-835E41B928D6->6dd5d97a-7455-476f-86d1-706748154c4a: receive RaftClientReply:client-835E41B928D6->6dd5d97a-7455-476f-86d1-706748154c4a@group-349356213E97, cid=2124, SUCCESS, logIndex=3125, commits[6dd5d97a-7455-476f-86d1-706748154c4a:c3125, 8c1a4ac2-2d71-4742-ab0b-89dcc95eb13f:c3123, c9d0001a-daad-4532-9e58-9f5f4a7ddd18:c3123]
2019-09-12 14:53:47,881 [grpc-default-executor-5] INFO  client.GrpcClientProtocolClient (GrpcClientProtocolClient.java:onNext(264)) - client-835E41B928D6->6dd5d97a-7455-476f-86d1-706748154c4a: receive RaftClientReply:client-835E41B928D6->6dd5d97a-7455-476f-86d1-706748154c4a@group-349356213E97, cid=2125, SUCCESS, logIndex=0, commits[6dd5d97a-7455-476f-86d1-706748154c4a:c3127, 8c1a4ac2-2d71-4742-ab0b-89dcc95eb13f:c3125, c9d0001a-daad-4532-9e58-9f5f4a7ddd18:c3125]
2019-09-12 14:53:47,906 [grpc-default-executor-7] INFO  client.GrpcClientProtocolClient (GrpcClientProtocolClient.java:onNext(264)) - client-835E41B928D6->6dd5d97a-7455-476f-86d1-706748154c4a: receive RaftClientReply:client-835E41B928D6->6dd5d97a-7455-476f-86d1-706748154c4a@group-349356213E97, cid=2126, SUCCESS, logIndex=3128, commits[6dd5d97a-7455-476f-86d1-706748154c4a:c3129, 8c1a4ac2-2d71-4742-ab0b-89dcc95eb13f:c3127, c9d0001a-daad-4532-9e58-9f5f4a7ddd18:c3127]
2019-09-12 14:53:47,906 [grpc-default-executor-7] INFO  client.GrpcClientProtocolClient (GrpcClientProtocolClient.java:onNext(264)) - client-835E41B928D6->6dd5d97a-7455-476f-86d1-706748154c4a: receive RaftClientReply:client-835E41B928D6->6dd5d97a-7455-476f-86d1-706748154c4a@group-349356213E97, cid=2127, SUCCESS, logIndex=3129, commits[6dd5d97a-7455-476f-86d1-706748154c4a:c3129, 8c1a4ac2-2d71-4742-ab0b-89dcc95eb13f:c3127, c9d0001a-daad-4532-9e58-9f5f4a7ddd18:c3127]
2019-09-12 14:53:47,908 [grpc-default-executor-6] INFO  client.GrpcClientProtocolClient (GrpcClientProtocolClient.java:onNext(264)) - client-835E41B928D6->6dd5d97a-7455-476f-86d1-706748154c4a: receive RaftClientReply:client-835E41B928D6->6dd5d97a-7455-476f-86d1-706748154c4a@group-349356213E97, cid=2128, SUCCESS, logIndex=3130, commits[6dd5d97a-7455-476f-86d1-706748154c4a:c3131, 8c1a4ac2-2d71-4742-ab0b-89dcc95eb13f:c3127, c9d0001a-daad-4532-9e58-9f5f4a7ddd18:c3127]
2019-09-12 14:53:47,908 [grpc-default-executor-6] INFO  client.GrpcClientProtocolClient (GrpcClientProtocolClient.java:onNext(264)) - client-835E41B928D6->6dd5d97a-7455-476f-86d1-706748154c4a: receive RaftClientReply:client-835E41B928D6->6dd5d97a-7455-476f-86d1-706748154c4a@group-349356213E97, cid=2129, SUCCESS, logIndex=3131, commits[6dd5d97a-7455-476f-86d1-706748154c4a:c3131, 8c1a4ac2-2d71-4742-ab0b-89dcc95eb13f:c3127, c9d0001a-daad-4532-9e58-9f5f4a7ddd18:c3127]
2019-09-12 14:53:47,919 [grpc-default-executor-5] INFO  client.GrpcClientProtocolClient (GrpcClientProtocolClient.java:onNext(264)) - client-835E41B928D6->6dd5d97a-7455-476f-86d1-706748154c4a: receive RaftClientReply:client-835E41B928D6->6dd5d97a-7455-476f-86d1-706748154c4a@group-349356213E97, cid=2130, SUCCESS, logIndex=0, commits[6dd5d97a-7455-476f-86d1-706748154c4a:c3132, 8c1a4ac2-2d71-4742-ab0b-89dcc95eb13f:c3129, c9d0001a-daad-4532-9e58-9f5f4a7ddd18:c3129]
2019-09-12 14:53:47,937 [grpc-default-executor-7] INFO  client.GrpcClientProtocolClient (GrpcClientProtocolClient.java:onNext(264)) - client-835E41B928D6->6dd5d97a-7455-476f-86d1-706748154c4a: receive RaftClientReply:client-835E41B928D6->6dd5d97a-7455-476f-86d1-706748154c4a@group-349356213E97, cid=2131, SUCCESS, logIndex=3136, commits[6dd5d97a-7455-476f-86d1-706748154c4a:c3136, 8c1a4ac2-2d71-4742-ab0b-89dcc95eb13f:c3135, c9d0001a-daad-4532-9e58-9f5f4a7ddd18:c3135]
2019-09-12 14:53:47,937 [grpc-default-executor-7] INFO  client.GrpcClientProtocolClient (GrpcClientProtocolClient.java:onNext(264)) - client-835E41B928D6->6dd5d97a-7455-476f-86d1-706748154c4a: receive RaftClientReply:client-835E41B928D6->6dd5d97a-7455-476f-86d1-706748154c4a@group-349356213E97, cid=2132, SUCCESS, logIndex=3137, commits[6dd5d97a-7455-476f-86d1-706748154c4a:c3137, 8c1a4ac2-2d71-4742-ab0b-89dcc95eb13f:c3135, c9d0001a-daad-4532-9e58-9f5f4a7ddd18:c3135]
2019-09-12 14:53:47,955 [grpc-default-executor-5] INFO  client.GrpcClientProtocolClient (GrpcClientProtocolClient.java:onNext(264)) - client-835E41B928D6->6dd5d97a-7455-476f-86d1-706748154c4a: receive RaftClientReply:client-835E41B928D6->6dd5d97a-7455-476f-86d1-706748154c4a@group-349356213E97, cid=2133, SUCCESS, logIndex=3140, commits[6dd5d97a-7455-476f-86d1-706748154c4a:c3141, 8c1a4ac2-2d71-4742-ab0b-89dcc95eb13f:c3137, c9d0001a-daad-4532-9e58-9f5f4a7ddd18:c3137]
2019-09-12 14:53:47,956 [grpc-default-executor-5] INFO  client.GrpcClientProtocolClient (GrpcClientProtocolClient.java:onNext(264)) - client-835E41B928D6->6dd5d97a-7455-476f-86d1-706748154c4a: receive RaftClientReply:client-835E41B928D6->6dd5d97a-7455-476f-86d1-706748154c4a@group-349356213E97, cid=2134, SUCCESS, logIndex=3141, commits[6dd5d97a-7455-476f-86d1-706748154c4a:c3141, 8c1a4ac2-2d71-4742-ab0b-89dcc95eb13f:c3137, c9d0001a-daad-4532-9e58-9f5f4a7ddd18:c3137]
2019-09-12 14:53:47,957 [grpc-default-executor-6] INFO  client.GrpcClientProtocolClient (GrpcClientProtocolClient.java:onNext(264)) - client-835E41B928D6->6dd5d97a-7455-476f-86d1-706748154c4a: receive RaftClientReply:client-835E41B928D6->6dd5d97a-7455-476f-86d1-706748154c4a@group-349356213E97, cid=2135, SUCCESS, logIndex=0, commits[6dd5d97a-7455-476f-86d1-706748154c4a:c3142, 8c1a4ac2-2d71-4742-ab0b-89dcc95eb13f:c3141, c9d0001a-daad-4532-9e58-9f5f4a7ddd18:c3141]
2019-09-12 14:53:47,979 [grpc-default-executor-5] INFO  client.GrpcClientProtocolClient (GrpcClientProtocolClient.java:onNext(264)) - client-835E41B928D6->6dd5d97a-7455-476f-86d1-706748154c4a: receive RaftClientReply:client-835E41B928D6->6dd5d97a-7455-476f-86d1-706748154c4a@group-349356213E97, cid=2136, SUCCESS, logIndex=3143, commits[6dd5d97a-7455-476f-86d1-706748154c4a:c3144, 8c1a4ac2-2d71-4742-ab0b-89dcc95eb13f:c3142, c9d0001a-daad-4532-9e58-9f5f4a7ddd18:c3142]
2019-09-12 14:53:47,979 [grpc-default-executor-5] INFO  client.GrpcClientProtocolClient (GrpcClientProtocolClient.java:onNext(264)) - client-835E41B928D6->6dd5d97a-7455-476f-86d1-706748154c4a: receive RaftClientReply:client-835E41B928D6->6dd5d97a-7455-476f-86d1-706748154c4a@group-349356213E97, cid=2137, SUCCESS, logIndex=3144, commits[6dd5d97a-7455-476f-86d1-706748154c4a:c3146, 8c1a4ac2-2d71-4742-ab0b-89dcc95eb13f:c3142, c9d0001a-daad-4532-9e58-9f5f4a7ddd18:c3142]
2019-09-12 14:53:47,979 [grpc-default-executor-5] INFO  client.GrpcClientProtocolClient (GrpcClientProtocolClient.java:onNext(264)) - client-835E41B928D6->6dd5d97a-7455-476f-86d1-706748154c4a: receive RaftClientReply:client-835E41B928D6->6dd5d97a-7455-476f-86d1-706748154c4a@group-349356213E97, cid=2138, SUCCESS, logIndex=3145, commits[6dd5d97a-7455-476f-86d1-706748154c4a:c3146, 8c1a4ac2-2d71-4742-ab0b-89dcc95eb13f:c3142, c9d0001a-daad-4532-9e58-9f5f4a7ddd18:c3142]
2019-09-12 14:53:47,979 [grpc-default-executor-5] INFO  client.GrpcClientProtocolClient (GrpcClientProtocolClient.java:onNext(264)) - client-835E41B928D6->6dd5d97a-7455-476f-86d1-706748154c4a: receive RaftClientReply:client-835E41B928D6->6dd5d97a-7455-476f-86d1-706748154c4a@group-349356213E97, cid=2139, SUCCESS, logIndex=3146, commits[6dd5d97a-7455-476f-86d1-706748154c4a:c3146, 8c1a4ac2-2d71-4742-ab0b-89dcc95eb13f:c3142, c9d0001a-daad-4532-9e58-9f5f4a7ddd18:c3142]
2019-09-12 14:53:47,982 [grpc-default-executor-5] INFO  client.GrpcClientProtocolClient (GrpcClientProtocolClient.java:onNext(264)) - client-835E41B928D6->6dd5d97a-7455-476f-86d1-706748154c4a: receive RaftClientReply:client-835E41B928D6->6dd5d97a-7455-476f-86d1-706748154c4a@group-349356213E97, cid=2140, SUCCESS, logIndex=0, commits[6dd5d97a-7455-476f-86d1-706748154c4a:c3147, 8c1a4ac2-2d71-4742-ab0b-89dcc95eb13f:c3144, c9d0001a-daad-4532-9e58-9f5f4a7ddd18:c3144]
2019-09-12 14:53:48,009 [grpc-default-executor-5] INFO  client.GrpcClientProtocolClient (GrpcClientProtocolClient.java:onNext(264)) - client-835E41B928D6->6dd5d97a-7455-476f-86d1-706748154c4a: receive RaftClientReply:client-835E41B928D6->6dd5d97a-7455-476f-86d1-706748154c4a@group-349356213E97, cid=2141, SUCCESS, logIndex=3151, commits[6dd5d97a-7455-476f-86d1-706748154c4a:c3152, 8c1a4ac2-2d71-4742-ab0b-89dcc95eb13f:c3150, c9d0001a-daad-4532-9e58-9f5f4a7ddd18:c3150]
2019-09-12 14:53:48,010 [grpc-default-executor-5] INFO  client.GrpcClientProtocolClient (GrpcClientProtocolClient.java:onNext(264)) - client-835E41B928D6->6dd5d97a-7455-476f-86d1-706748154c4a: receive RaftClientReply:client-835E41B928D6->6dd5d97a-7455-476f-86d1-706748154c4a@group-349356213E97, cid=2142, SUCCESS, logIndex=3152, commits[6dd5d97a-7455-476f-86d1-706748154c4a:c3152, 8c1a4ac2-2d71-4742-ab0b-89dcc95eb13f:c3150, c9d0001a-daad-4532-9e58-9f5f4a7ddd18:c3150]
2019-09-12 14:53:48,023 [grpc-default-executor-7] INFO  client.GrpcClientProtocolClient (GrpcClientProtocolClient.java:onNext(264)) - client-835E41B928D6->6dd5d97a-7455-476f-86d1-706748154c4a: receive RaftClientReply:client-835E41B928D6->6dd5d97a-7455-476f-86d1-706748154c4a@group-349356213E97, cid=2143, SUCCESS, logIndex=3155, commits[6dd5d97a-7455-476f-86d1-706748154c4a:c3156, 8c1a4ac2-2d71-4742-ab0b-89dcc95eb13f:c3152, c9d0001a-daad-4532-9e58-9f5f4a7ddd18:c3152]
2019-09-12 14:53:48,023 [grpc-default-executor-7] INFO  client.GrpcClientProtocolClient (GrpcClientProtocolClient.java:onNext(264)) - client-835E41B928D6->6dd5d97a-7455-476f-86d1-706748154c4a: receive RaftClientReply:client-835E41B928D6->6dd5d97a-7455-476f-86d1-706748154c4a@group-349356213E97, cid=2144, SUCCESS, logIndex=3156, commits[6dd5d97a-7455-476f-86d1-706748154c4a:c3156, 8c1a4ac2-2d71-4742-ab0b-89dcc95eb13f:c3152, c9d0001a-daad-4532-9e58-9f5f4a7ddd18:c3152]
2019-09-12 14:53:48,035 [grpc-default-executor-7] INFO  client.GrpcClientProtocolClient (GrpcClientProtocolClient.java:onNext(264)) - client-835E41B928D6->6dd5d97a-7455-476f-86d1-706748154c4a: receive RaftClientReply:client-835E41B928D6->6dd5d97a-7455-476f-86d1-706748154c4a@group-349356213E97, cid=2145, SUCCESS, logIndex=0, commits[6dd5d97a-7455-476f-86d1-706748154c4a:c3158, 8c1a4ac2-2d71-4742-ab0b-89dcc95eb13f:c3156, c9d0001a-daad-4532-9e58-9f5f4a7ddd18:c3156]
2019-09-12 14:53:48,062 [grpc-default-executor-7] INFO  client.GrpcClientProtocolClient (GrpcClientProtocolClient.java:onNext(264)) - client-835E41B928D6->6dd5d97a-7455-476f-86d1-706748154c4a: receive RaftClientReply:client-835E41B928D6->6dd5d97a-7455-476f-86d1-706748154c4a@group-349356213E97, cid=2146, SUCCESS, logIndex=3159, commits[6dd5d97a-7455-476f-86d1-706748154c4a:c3161, 8c1a4ac2-2d71-4742-ab0b-89dcc95eb13f:c3158, c9d0001a-daad-4532-9e58-9f5f4a7ddd18:c3158]
2019-09-12 14:53:48,063 [grpc-default-executor-7] INFO  client.GrpcClientProtocolClient (GrpcClientProtocolClient.java:onNext(264)) - client-835E41B928D6->6dd5d97a-7455-476f-86d1-706748154c4a: receive RaftClientReply:client-835E41B928D6->6dd5d97a-7455-476f-86d1-706748154c4a@group-349356213E97, cid=2147, SUCCESS, logIndex=3160, commits[6dd5d97a-7455-476f-86d1-706748154c4a:c3162, 8c1a4ac2-2d71-4742-ab0b-89dcc95eb13f:c3158, c9d0001a-daad-4532-9e58-9f5f4a7ddd18:c3158]
2019-09-12 14:53:48,063 [grpc-default-executor-7] INFO  client.GrpcClientProtocolClient (GrpcClientProtocolClient.java:onNext(264)) - client-835E41B928D6->6dd5d97a-7455-476f-86d1-706748154c4a: receive RaftClientReply:client-835E41B928D6->6dd5d97a-7455-476f-86d1-706748154c4a@group-349356213E97, cid=2148, SUCCESS, logIndex=3161, commits[6dd5d97a-7455-476f-86d1-706748154c4a:c3162, 8c1a4ac2-2d71-4742-ab0b-89dcc95eb13f:c3158, c9d0001a-daad-4532-9e58-9f5f4a7ddd18:c3158]
2019-09-12 14:53:48,063 [grpc-default-executor-7] INFO  client.GrpcClientProtocolClient (GrpcClientProtocolClient.java:onNext(264)) - client-835E41B928D6->6dd5d97a-7455-476f-86d1-706748154c4a: receive RaftClientReply:client-835E41B928D6->6dd5d97a-7455-476f-86d1-706748154c4a@group-349356213E97, cid=2149, SUCCESS, logIndex=3162, commits[6dd5d97a-7455-476f-86d1-706748154c4a:c3162, 8c1a4ac2-2d71-4742-ab0b-89dcc95eb13f:c3158, c9d0001a-daad-4532-9e58-9f5f4a7ddd18:c3158]
2019-09-12 14:53:48,075 [grpc-default-executor-6] INFO  client.GrpcClientProtocolClient (GrpcClientProtocolClient.java:onNext(264)) - client-835E41B928D6->6dd5d97a-7455-476f-86d1-706748154c4a: receive RaftClientReply:client-835E41B928D6->6dd5d97a-7455-476f-86d1-706748154c4a@group-349356213E97, cid=2150, SUCCESS, logIndex=0, commits[6dd5d97a-7455-476f-86d1-706748154c4a:c3164, 8c1a4ac2-2d71-4742-ab0b-89dcc95eb13f:c3160, c9d0001a-daad-4532-9e58-9f5f4a7ddd18:c3160]
2019-09-12 14:53:48,093 [grpc-default-executor-5] INFO  client.GrpcClientProtocolClient (GrpcClientProtocolClient.java:onNext(264)) - client-835E41B928D6->6dd5d97a-7455-476f-86d1-706748154c4a: receive RaftClientReply:client-835E41B928D6->6dd5d97a-7455-476f-86d1-706748154c4a@group-349356213E97, cid=2151, SUCCESS, logIndex=3167, commits[6dd5d97a-7455-476f-86d1-706748154c4a:c3168, 8c1a4ac2-2d71-4742-ab0b-89dcc95eb13f:c3166, c9d0001a-daad-4532-9e58-9f5f4a7ddd18:c3166]
2019-09-12 14:53:48,093 [grpc-default-executor-5] INFO  client.GrpcClientProtocolClient (GrpcClientProtocolClient.java:onNext(264)) - client-835E41B928D6->6dd5d97a-7455-476f-86d1-706748154c4a: receive RaftClientReply:client-835E41B928D6->6dd5d97a-7455-476f-86d1-706748154c4a@group-349356213E97, cid=2152, SUCCESS, logIndex=3168, commits[6dd5d97a-7455-476f-86d1-706748154c4a:c3168, 8c1a4ac2-2d71-4742-ab0b-89dcc95eb13f:c3166, c9d0001a-daad-4532-9e58-9f5f4a7ddd18:c3166]
2019-09-12 14:53:48,106 [grpc-default-executor-6] INFO  client.GrpcClientProtocolClient (GrpcClientProtocolClient.java:onNext(264)) - client-835E41B928D6->6dd5d97a-7455-476f-86d1-706748154c4a: receive RaftClientReply:client-835E41B928D6->6dd5d97a-7455-476f-86d1-706748154c4a@group-349356213E97, cid=2153, SUCCESS, logIndex=3171, commits[6dd5d97a-7455-476f-86d1-706748154c4a:c3172, 8c1a4ac2-2d71-4742-ab0b-89dcc95eb13f:c3168, c9d0001a-daad-4532-9e58-9f5f4a7ddd18:c3168]
2019-09-12 14:53:48,106 [grpc-default-executor-6] INFO  client.GrpcClientProtocolClient (GrpcClientProtocolClient.java:onNext(264)) - client-835E41B928D6->6dd5d97a-7455-476f-86d1-706748154c4a: receive RaftClientReply:client-835E41B928D6->6dd5d97a-7455-476f-86d1-706748154c4a@group-349356213E97, cid=2154, SUCCESS, logIndex=3172, commits[6dd5d97a-7455-476f-86d1-706748154c4a:c3172, 8c1a4ac2-2d71-4742-ab0b-89dcc95eb13f:c3168, c9d0001a-daad-4532-9e58-9f5f4a7ddd18:c3168]
2019-09-12 14:53:48,120 [grpc-default-executor-6] INFO  client.GrpcClientProtocolClient (GrpcClientProtocolClient.java:onNext(264)) - client-835E41B928D6->6dd5d97a-7455-476f-86d1-706748154c4a: receive RaftClientReply:client-835E41B928D6->6dd5d97a-7455-476f-86d1-706748154c4a@group-349356213E97, cid=2155, SUCCESS, logIndex=0, commits[6dd5d97a-7455-476f-86d1-706748154c4a:c3174, 8c1a4ac2-2d71-4742-ab0b-89dcc95eb13f:c3172, c9d0001a-daad-4532-9e58-9f5f4a7ddd18:c3172]
2019-09-12 14:53:48,146 [grpc-default-executor-5] INFO  client.GrpcClientProtocolClient (GrpcClientProtocolClient.java:onNext(264)) - client-835E41B928D6->6dd5d97a-7455-476f-86d1-706748154c4a: receive RaftClientReply:client-835E41B928D6->6dd5d97a-7455-476f-86d1-706748154c4a@group-349356213E97, cid=2156, SUCCESS, logIndex=3175, commits[6dd5d97a-7455-476f-86d1-706748154c4a:c3176, 8c1a4ac2-2d71-4742-ab0b-89dcc95eb13f:c3174, c9d0001a-daad-4532-9e58-9f5f4a7ddd18:c3174]
2019-09-12 14:53:48,147 [grpc-default-executor-5] INFO  client.GrpcClientProtocolClient (GrpcClientProtocolClient.java:onNext(264)) - client-835E41B928D6->6dd5d97a-7455-476f-86d1-706748154c4a: receive RaftClientReply:client-835E41B928D6->6dd5d97a-7455-476f-86d1-706748154c4a@group-349356213E97, cid=2157, SUCCESS, logIndex=3176, commits[6dd5d97a-7455-476f-86d1-706748154c4a:c3178, 8c1a4ac2-2d71-4742-ab0b-89dcc95eb13f:c3174, c9d0001a-daad-4532-9e58-9f5f4a7ddd18:c3174]
2019-09-12 14:53:48,147 [grpc-default-executor-5] INFO  client.GrpcClientProtocolClient (GrpcClientProtocolClient.java:onNext(264)) - client-835E41B928D6->6dd5d97a-7455-476f-86d1-706748154c4a: receive RaftClientReply:client-835E41B928D6->6dd5d97a-7455-476f-86d1-706748154c4a@group-349356213E97, cid=2158, SUCCESS, logIndex=3177, commits[6dd5d97a-7455-476f-86d1-706748154c4a:c3178, 8c1a4ac2-2d71-4742-ab0b-89dcc95eb13f:c3174, c9d0001a-daad-4532-9e58-9f5f4a7ddd18:c3174]
2019-09-12 14:53:48,147 [grpc-default-executor-5] INFO  client.GrpcClientProtocolClient (GrpcClientProtocolClient.java:onNext(264)) - client-835E41B928D6->6dd5d97a-7455-476f-86d1-706748154c4a: receive RaftClientReply:client-835E41B928D6->6dd5d97a-7455-476f-86d1-706748154c4a@group-349356213E97, cid=2159, SUCCESS, logIndex=3178, commits[6dd5d97a-7455-476f-86d1-706748154c4a:c3178, 8c1a4ac2-2d71-4742-ab0b-89dcc95eb13f:c3174, c9d0001a-daad-4532-9e58-9f5f4a7ddd18:c3174]
2019-09-12 14:53:48,149 [grpc-default-executor-6] INFO  client.GrpcClientProtocolClient (GrpcClientProtocolClient.java:onNext(264)) - client-835E41B928D6->6dd5d97a-7455-476f-86d1-706748154c4a: receive RaftClientReply:client-835E41B928D6->6dd5d97a-7455-476f-86d1-706748154c4a@group-349356213E97, cid=2160, SUCCESS, logIndex=0, commits[6dd5d97a-7455-476f-86d1-706748154c4a:c3181, 8c1a4ac2-2d71-4742-ab0b-89dcc95eb13f:c3177, c9d0001a-daad-4532-9e58-9f5f4a7ddd18:c3176]
2019-09-12 14:53:48,167 [grpc-default-executor-6] INFO  client.GrpcClientProtocolClient (GrpcClientProtocolClient.java:onNext(264)) - client-835E41B928D6->6dd5d97a-7455-476f-86d1-706748154c4a: receive RaftClientReply:client-835E41B928D6->6dd5d97a-7455-476f-86d1-706748154c4a@group-349356213E97, cid=2161, SUCCESS, logIndex=3183, commits[6dd5d97a-7455-476f-86d1-706748154c4a:c3184, 8c1a4ac2-2d71-4742-ab0b-89dcc95eb13f:c3182, c9d0001a-daad-4532-9e58-9f5f4a7ddd18:c3182]
2019-09-12 14:53:48,167 [grpc-default-executor-6] INFO  client.GrpcClientProtocolClient (GrpcClientProtocolClient.java:onNext(264)) - client-835E41B928D6->6dd5d97a-7455-476f-86d1-706748154c4a: receive RaftClientReply:client-835E41B928D6->6dd5d97a-7455-476f-86d1-706748154c4a@group-349356213E97, cid=2162, SUCCESS, logIndex=3184, commits[6dd5d97a-7455-476f-86d1-706748154c4a:c3184, 8c1a4ac2-2d71-4742-ab0b-89dcc95eb13f:c3182, c9d0001a-daad-4532-9e58-9f5f4a7ddd18:c3182]
2019-09-12 14:53:48,181 [grpc-default-executor-7] INFO  client.GrpcClientProtocolClient (GrpcClientProtocolClient.java:onNext(264)) - client-835E41B928D6->6dd5d97a-7455-476f-86d1-706748154c4a: receive RaftClientReply:client-835E41B928D6->6dd5d97a-7455-476f-86d1-706748154c4a@group-349356213E97, cid=2163, SUCCESS, logIndex=3187, commits[6dd5d97a-7455-476f-86d1-706748154c4a:c3188, 8c1a4ac2-2d71-4742-ab0b-89dcc95eb13f:c3184, c9d0001a-daad-4532-9e58-9f5f4a7ddd18:c3184]
2019-09-12 14:53:48,182 [grpc-default-executor-7] INFO  client.GrpcClientProtocolClient (GrpcClientProtocolClient.java:onNext(264)) - client-835E41B928D6->6dd5d97a-7455-476f-86d1-706748154c4a: receive RaftClientReply:client-835E41B928D6->6dd5d97a-7455-476f-86d1-706748154c4a@group-349356213E97, cid=2164, SUCCESS, logIndex=3188, commits[6dd5d97a-7455-476f-86d1-706748154c4a:c3188, 8c1a4ac2-2d71-4742-ab0b-89dcc95eb13f:c3184, c9d0001a-daad-4532-9e58-9f5f4a7ddd18:c3184]
2019-09-12 14:53:48,196 [grpc-default-executor-7] INFO  client.GrpcClientProtocolClient (GrpcClientProtocolClient.java:onNext(264)) - client-835E41B928D6->6dd5d97a-7455-476f-86d1-706748154c4a: receive RaftClientReply:client-835E41B928D6->6dd5d97a-7455-476f-86d1-706748154c4a@group-349356213E97, cid=2165, SUCCESS, logIndex=0, commits[6dd5d97a-7455-476f-86d1-706748154c4a:c3190, 8c1a4ac2-2d71-4742-ab0b-89dcc95eb13f:c3188, c9d0001a-daad-4532-9e58-9f5f4a7ddd18:c3188]
2019-09-12 14:53:48,313 [grpc-default-executor-2] INFO  client.GrpcClientProtocolClient (GrpcClientProtocolClient.java:onNext(264)) - client-835E41B928D6->6dd5d97a-7455-476f-86d1-706748154c4a: receive RaftClientReply:client-835E41B928D6->6dd5d97a-7455-476f-86d1-706748154c4a@group-349356213E97, cid=2166, SUCCESS, logIndex=3191, commits[6dd5d97a-7455-476f-86d1-706748154c4a:c3193, 8c1a4ac2-2d71-4742-ab0b-89dcc95eb13f:c3190, c9d0001a-daad-4532-9e58-9f5f4a7ddd18:c3190]
2019-09-12 14:53:48,314 [grpc-default-executor-2] INFO  client.GrpcClientProtocolClient (GrpcClientProtocolClient.java:onNext(264)) - client-835E41B928D6->6dd5d97a-7455-476f-86d1-706748154c4a: receive RaftClientReply:client-835E41B928D6->6dd5d97a-7455-476f-86d1-706748154c4a@group-349356213E97, cid=2167, SUCCESS, logIndex=3192, commits[6dd5d97a-7455-476f-86d1-706748154c4a:c3194, 8c1a4ac2-2d71-4742-ab0b-89dcc95eb13f:c3190, c9d0001a-daad-4532-9e58-9f5f4a7ddd18:c3190]
2019-09-12 14:53:48,314 [grpc-default-executor-2] INFO  client.GrpcClientProtocolClient (GrpcClientProtocolClient.java:onNext(264)) - client-835E41B928D6->6dd5d97a-7455-476f-86d1-706748154c4a: receive RaftClientReply:client-835E41B928D6->6dd5d97a-7455-476f-86d1-706748154c4a@group-349356213E97, cid=2168, SUCCESS, logIndex=3193, commits[6dd5d97a-7455-476f-86d1-706748154c4a:c3194, 8c1a4ac2-2d71-4742-ab0b-89dcc95eb13f:c3190, c9d0001a-daad-4532-9e58-9f5f4a7ddd18:c3190]
2019-09-12 14:53:48,315 [grpc-default-executor-2] INFO  client.GrpcClientProtocolClient (GrpcClientProtocolClient.java:onNext(264)) - client-835E41B928D6->6dd5d97a-7455-476f-86d1-706748154c4a: receive RaftClientReply:client-835E41B928D6->6dd5d97a-7455-476f-86d1-706748154c4a@group-349356213E97, cid=2169, SUCCESS, logIndex=3194, commits[6dd5d97a-7455-476f-86d1-706748154c4a:c3194, 8c1a4ac2-2d71-4742-ab0b-89dcc95eb13f:c3190, c9d0001a-daad-4532-9e58-9f5f4a7ddd18:c3190]
2019-09-12 14:53:48,325 [grpc-default-executor-2] INFO  client.GrpcClientProtocolClient (GrpcClientProtocolClient.java:onNext(264)) - client-835E41B928D6->6dd5d97a-7455-476f-86d1-706748154c4a: receive RaftClientReply:client-835E41B928D6->6dd5d97a-7455-476f-86d1-706748154c4a@group-349356213E97, cid=2170, SUCCESS, logIndex=0, commits[6dd5d97a-7455-476f-86d1-706748154c4a:c3195, 8c1a4ac2-2d71-4742-ab0b-89dcc95eb13f:c3192, c9d0001a-daad-4532-9e58-9f5f4a7ddd18:c3192]
2019-09-12 14:53:48,346 [grpc-default-executor-6] INFO  client.GrpcClientProtocolClient (GrpcClientProtocolClient.java:onNext(264)) - client-835E41B928D6->6dd5d97a-7455-476f-86d1-706748154c4a: receive RaftClientReply:client-835E41B928D6->6dd5d97a-7455-476f-86d1-706748154c4a@group-349356213E97, cid=2171, SUCCESS, logIndex=3199, commits[6dd5d97a-7455-476f-86d1-706748154c4a:c3200, 8c1a4ac2-2d71-4742-ab0b-89dcc95eb13f:c3198, c9d0001a-daad-4532-9e58-9f5f4a7ddd18:c3198]
2019-09-12 14:53:48,346 [grpc-default-executor-6] INFO  client.GrpcClientProtocolClient (GrpcClientProtocolClient.java:onNext(264)) - client-835E41B928D6->6dd5d97a-7455-476f-86d1-706748154c4a: receive RaftClientReply:client-835E41B928D6->6dd5d97a-7455-476f-86d1-706748154c4a@group-349356213E97, cid=2172, SUCCESS, logIndex=3200, commits[6dd5d97a-7455-476f-86d1-706748154c4a:c3200, 8c1a4ac2-2d71-4742-ab0b-89dcc95eb13f:c3198, c9d0001a-daad-4532-9e58-9f5f4a7ddd18:c3198]
2019-09-12 14:53:48,359 [grpc-default-executor-5] INFO  client.GrpcClientProtocolClient (GrpcClientProtocolClient.java:onNext(264)) - client-835E41B928D6->6dd5d97a-7455-476f-86d1-706748154c4a: receive RaftClientReply:client-835E41B928D6->6dd5d97a-7455-476f-86d1-706748154c4a@group-349356213E97, cid=2173, SUCCESS, logIndex=3203, commits[6dd5d97a-7455-476f-86d1-706748154c4a:c3204, 8c1a4ac2-2d71-4742-ab0b-89dcc95eb13f:c3200, c9d0001a-daad-4532-9e58-9f5f4a7ddd18:c3200]
2019-09-12 14:53:48,359 [grpc-default-executor-5] INFO  client.GrpcClientProtocolClient (GrpcClientProtocolClient.java:onNext(264)) - client-835E41B928D6->6dd5d97a-7455-476f-86d1-706748154c4a: receive RaftClientReply:client-835E41B928D6->6dd5d97a-7455-476f-86d1-706748154c4a@group-349356213E97, cid=2174, SUCCESS, logIndex=3204, commits[6dd5d97a-7455-476f-86d1-706748154c4a:c3204, 8c1a4ac2-2d71-4742-ab0b-89dcc95eb13f:c3200, c9d0001a-daad-4532-9e58-9f5f4a7ddd18:c3200]
2019-09-12 14:53:48,370 [grpc-default-executor-5] INFO  client.GrpcClientProtocolClient (GrpcClientProtocolClient.java:onNext(264)) - client-835E41B928D6->6dd5d97a-7455-476f-86d1-706748154c4a: receive RaftClientReply:client-835E41B928D6->6dd5d97a-7455-476f-86d1-706748154c4a@group-349356213E97, cid=2175, SUCCESS, logIndex=0, commits[6dd5d97a-7455-476f-86d1-706748154c4a:c3205, 8c1a4ac2-2d71-4742-ab0b-89dcc95eb13f:c3204, c9d0001a-daad-4532-9e58-9f5f4a7ddd18:c3204]
2019-09-12 14:53:48,396 [grpc-default-executor-2] INFO  client.GrpcClientProtocolClient (GrpcClientProtocolClient.java:onNext(264)) - client-835E41B928D6->6dd5d97a-7455-476f-86d1-706748154c4a: receive RaftClientReply:client-835E41B928D6->6dd5d97a-7455-476f-86d1-706748154c4a@group-349356213E97, cid=2176, SUCCESS, logIndex=3207, commits[6dd5d97a-7455-476f-86d1-706748154c4a:c3209, 8c1a4ac2-2d71-4742-ab0b-89dcc95eb13f:c3206, c9d0001a-daad-4532-9e58-9f5f4a7ddd18:c3206]
2019-09-12 14:53:48,396 [grpc-default-executor-2] INFO  client.GrpcClientProtocolClient (GrpcClientProtocolClient.java:onNext(264)) - client-835E41B928D6->6dd5d97a-7455-476f-86d1-706748154c4a: receive RaftClientReply:client-835E41B928D6->6dd5d97a-7455-476f-86d1-706748154c4a@group-349356213E97, cid=2177, SUCCESS, logIndex=3208, commits[6dd5d97a-7455-476f-86d1-706748154c4a:c3210, 8c1a4ac2-2d71-4742-ab0b-89dcc95eb13f:c3206, c9d0001a-daad-4532-9e58-9f5f4a7ddd18:c3206]
2019-09-12 14:53:48,397 [grpc-default-executor-2] INFO  client.GrpcClientProtocolClient (GrpcClientProtocolClient.java:onNext(264)) - client-835E41B928D6->6dd5d97a-7455-476f-86d1-706748154c4a: receive RaftClientReply:client-835E41B928D6->6dd5d97a-7455-476f-86d1-706748154c4a@group-349356213E97, cid=2178, SUCCESS, logIndex=3209, commits[6dd5d97a-7455-476f-86d1-706748154c4a:c3210, 8c1a4ac2-2d71-4742-ab0b-89dcc95eb13f:c3206, c9d0001a-daad-4532-9e58-9f5f4a7ddd18:c3206]
2019-09-12 14:53:48,397 [grpc-default-executor-6] INFO  client.GrpcClientProtocolClient (GrpcClientProtocolClient.java:onNext(264)) - client-835E41B928D6->6dd5d97a-7455-476f-86d1-706748154c4a: receive RaftClientReply:client-835E41B928D6->6dd5d97a-7455-476f-86d1-706748154c4a@group-349356213E97, cid=2179, SUCCESS, logIndex=3210, commits[6dd5d97a-7455-476f-86d1-706748154c4a:c3210, 8c1a4ac2-2d71-4742-ab0b-89dcc95eb13f:c3206, c9d0001a-daad-4532-9e58-9f5f4a7ddd18:c3206]
2019-09-12 14:53:48,410 [grpc-default-executor-6] INFO  client.GrpcClientProtocolClient (GrpcClientProtocolClient.java:onNext(264)) - client-835E41B928D6->6dd5d97a-7455-476f-86d1-706748154c4a: receive RaftClientReply:client-835E41B928D6->6dd5d97a-7455-476f-86d1-706748154c4a@group-349356213E97, cid=2180, SUCCESS, logIndex=0, commits[6dd5d97a-7455-476f-86d1-706748154c4a:c3214, 8c1a4ac2-2d71-4742-ab0b-89dcc95eb13f:c3209, c9d0001a-daad-4532-9e58-9f5f4a7ddd18:c3210]
2019-09-12 14:53:48,430 [grpc-default-executor-6] INFO  client.GrpcClientProtocolClient (GrpcClientProtocolClient.java:onNext(264)) - client-835E41B928D6->6dd5d97a-7455-476f-86d1-706748154c4a: receive RaftClientReply:client-835E41B928D6->6dd5d97a-7455-476f-86d1-706748154c4a@group-349356213E97, cid=2181, SUCCESS, logIndex=3215, commits[6dd5d97a-7455-476f-86d1-706748154c4a:c3216, 8c1a4ac2-2d71-4742-ab0b-89dcc95eb13f:c3214, c9d0001a-daad-4532-9e58-9f5f4a7ddd18:c3214]
2019-09-12 14:53:48,430 [grpc-default-executor-6] INFO  client.GrpcClientProtocolClient (GrpcClientProtocolClient.java:onNext(264)) - client-835E41B928D6->6dd5d97a-7455-476f-86d1-706748154c4a: receive RaftClientReply:client-835E41B928D6->6dd5d97a-7455-476f-86d1-706748154c4a@group-349356213E97, cid=2182, SUCCESS, logIndex=3216, commits[6dd5d97a-7455-476f-86d1-706748154c4a:c3216, 8c1a4ac2-2d71-4742-ab0b-89dcc95eb13f:c3214, c9d0001a-daad-4532-9e58-9f5f4a7ddd18:c3214]
2019-09-12 14:53:48,445 [grpc-default-executor-2] INFO  client.GrpcClientProtocolClient (GrpcClientProtocolClient.java:onNext(264)) - client-835E41B928D6->6dd5d97a-7455-476f-86d1-706748154c4a: receive RaftClientReply:client-835E41B928D6->6dd5d97a-7455-476f-86d1-706748154c4a@group-349356213E97, cid=2183, SUCCESS, logIndex=3219, commits[6dd5d97a-7455-476f-86d1-706748154c4a:c3220, 8c1a4ac2-2d71-4742-ab0b-89dcc95eb13f:c3216, c9d0001a-daad-4532-9e58-9f5f4a7ddd18:c3216]
2019-09-12 14:53:48,445 [grpc-default-executor-2] INFO  client.GrpcClientProtocolClient (GrpcClientProtocolClient.java:onNext(264)) - client-835E41B928D6->6dd5d97a-7455-476f-86d1-706748154c4a: receive RaftClientReply:client-835E41B928D6->6dd5d97a-7455-476f-86d1-706748154c4a@group-349356213E97, cid=2184, SUCCESS, logIndex=3220, commits[6dd5d97a-7455-476f-86d1-706748154c4a:c3220, 8c1a4ac2-2d71-4742-ab0b-89dcc95eb13f:c3216, c9d0001a-daad-4532-9e58-9f5f4a7ddd18:c3216]
2019-09-12 14:53:48,459 [grpc-default-executor-2] INFO  client.GrpcClientProtocolClient (GrpcClientProtocolClient.java:onNext(264)) - client-835E41B928D6->6dd5d97a-7455-476f-86d1-706748154c4a: receive RaftClientReply:client-835E41B928D6->6dd5d97a-7455-476f-86d1-706748154c4a@group-349356213E97, cid=2185, SUCCESS, logIndex=0, commits[6dd5d97a-7455-476f-86d1-706748154c4a:c3222, 8c1a4ac2-2d71-4742-ab0b-89dcc95eb13f:c3220, c9d0001a-daad-4532-9e58-9f5f4a7ddd18:c3220]
 0.00% |█                                                                                                    |  0/1 Time: 0:00:162019-09-12 14:53:48,487 [grpc-default-executor-6] INFO  client.GrpcClientProtocolClient (GrpcClientProtocolClient.java:onNext(264)) - client-835E41B928D6->6dd5d97a-7455-476f-86d1-706748154c4a: receive RaftClientReply:client-835E41B928D6->6dd5d97a-7455-476f-86d1-706748154c4a@group-349356213E97, cid=2186, SUCCESS, logIndex=3223, commits[6dd5d97a-7455-476f-86d1-706748154c4a:c3224, 8c1a4ac2-2d71-4742-ab0b-89dcc95eb13f:c3222, c9d0001a-daad-4532-9e58-9f5f4a7ddd18:c3222]
2019-09-12 14:53:48,488 [grpc-default-executor-6] INFO  client.GrpcClientProtocolClient (GrpcClientProtocolClient.java:onNext(264)) - client-835E41B928D6->6dd5d97a-7455-476f-86d1-706748154c4a: receive RaftClientReply:client-835E41B928D6->6dd5d97a-7455-476f-86d1-706748154c4a@group-349356213E97, cid=2187, SUCCESS, logIndex=3224, commits[6dd5d97a-7455-476f-86d1-706748154c4a:c3224, 8c1a4ac2-2d71-4742-ab0b-89dcc95eb13f:c3222, c9d0001a-daad-4532-9e58-9f5f4a7ddd18:c3222]
2019-09-12 14:53:48,489 [grpc-default-executor-5] INFO  client.GrpcClientProtocolClient (GrpcClientProtocolClient.java:onNext(264)) - client-835E41B928D6->6dd5d97a-7455-476f-86d1-706748154c4a: receive RaftClientReply:client-835E41B928D6->6dd5d97a-7455-476f-86d1-706748154c4a@group-349356213E97, cid=2188, SUCCESS, logIndex=3225, commits[6dd5d97a-7455-476f-86d1-706748154c4a:c3226, 8c1a4ac2-2d71-4742-ab0b-89dcc95eb13f:c3222, c9d0001a-daad-4532-9e58-9f5f4a7ddd18:c3222]
2019-09-12 14:53:48,489 [grpc-default-executor-5] INFO  client.GrpcClientProtocolClient (GrpcClientProtocolClient.java:onNext(264)) - client-835E41B928D6->6dd5d97a-7455-476f-86d1-706748154c4a: receive RaftClientReply:client-835E41B928D6->6dd5d97a-7455-476f-86d1-706748154c4a@group-349356213E97, cid=2189, SUCCESS, logIndex=3226, commits[6dd5d97a-7455-476f-86d1-706748154c4a:c3226, 8c1a4ac2-2d71-4742-ab0b-89dcc95eb13f:c3222, c9d0001a-daad-4532-9e58-9f5f4a7ddd18:c3222]
2019-09-12 14:53:48,492 [grpc-default-executor-5] INFO  client.GrpcClientProtocolClient (GrpcClientProtocolClient.java:onNext(264)) - client-835E41B928D6->6dd5d97a-7455-476f-86d1-706748154c4a: receive RaftClientReply:client-835E41B928D6->6dd5d97a-7455-476f-86d1-706748154c4a@group-349356213E97, cid=2190, SUCCESS, logIndex=0, commits[6dd5d97a-7455-476f-86d1-706748154c4a:c3228, 8c1a4ac2-2d71-4742-ab0b-89dcc95eb13f:c3224, c9d0001a-daad-4532-9e58-9f5f4a7ddd18:c3224]
2019-09-12 14:53:48,503 [grpc-default-executor-2] INFO  client.GrpcClientProtocolClient (GrpcClientProtocolClient.java:onNext(264)) - client-835E41B928D6->6dd5d97a-7455-476f-86d1-706748154c4a: receive RaftClientReply:client-835E41B928D6->6dd5d97a-7455-476f-86d1-706748154c4a@group-349356213E97, cid=2191, SUCCESS, logIndex=3231, commits[6dd5d97a-7455-476f-86d1-706748154c4a:c3232, 8c1a4ac2-2d71-4742-ab0b-89dcc95eb13f:c3226, c9d0001a-daad-4532-9e58-9f5f4a7ddd18:c3230]
2019-09-12 14:53:48,503 [grpc-default-executor-2] INFO  client.GrpcClientProtocolClient (GrpcClientProtocolClient.java:onNext(264)) - client-835E41B928D6->6dd5d97a-7455-476f-86d1-706748154c4a: receive RaftClientReply:client-835E41B928D6->6dd5d97a-7455-476f-86d1-706748154c4a@group-349356213E97, cid=2192, SUCCESS, logIndex=3232, commits[6dd5d97a-7455-476f-86d1-706748154c4a:c3232, 8c1a4ac2-2d71-4742-ab0b-89dcc95eb13f:c3230, c9d0001a-daad-4532-9e58-9f5f4a7ddd18:c3230]
2019-09-12 14:53:48,514 [grpc-default-executor-6] INFO  client.GrpcClientProtocolClient (GrpcClientProtocolClient.java:onNext(264)) - client-835E41B928D6->6dd5d97a-7455-476f-86d1-706748154c4a: receive RaftClientReply:client-835E41B928D6->6dd5d97a-7455-476f-86d1-706748154c4a@group-349356213E97, cid=2193, SUCCESS, logIndex=3235, commits[6dd5d97a-7455-476f-86d1-706748154c4a:c3236, 8c1a4ac2-2d71-4742-ab0b-89dcc95eb13f:c3234, c9d0001a-daad-4532-9e58-9f5f4a7ddd18:c3234]
2019-09-12 14:53:48,514 [grpc-default-executor-6] INFO  client.GrpcClientProtocolClient (GrpcClientProtocolClient.java:onNext(264)) - client-835E41B928D6->6dd5d97a-7455-476f-86d1-706748154c4a: receive RaftClientReply:client-835E41B928D6->6dd5d97a-7455-476f-86d1-706748154c4a@group-349356213E97, cid=2194, SUCCESS, logIndex=3236, commits[6dd5d97a-7455-476f-86d1-706748154c4a:c3236, 8c1a4ac2-2d71-4742-ab0b-89dcc95eb13f:c3234, c9d0001a-daad-4532-9e58-9f5f4a7ddd18:c3234]
2019-09-12 14:53:48,517 [grpc-default-executor-2] INFO  client.GrpcClientProtocolClient (GrpcClientProtocolClient.java:onNext(264)) - client-835E41B928D6->6dd5d97a-7455-476f-86d1-706748154c4a: receive RaftClientReply:client-835E41B928D6->6dd5d97a-7455-476f-86d1-706748154c4a@group-349356213E97, cid=2195, SUCCESS, logIndex=0, commits[6dd5d97a-7455-476f-86d1-706748154c4a:c3237, 8c1a4ac2-2d71-4742-ab0b-89dcc95eb13f:c3236, c9d0001a-daad-4532-9e58-9f5f4a7ddd18:c3236]
2019-09-12 14:53:48,541 [grpc-default-executor-5] INFO  client.GrpcClientProtocolClient (GrpcClientProtocolClient.java:onNext(264)) - client-835E41B928D6->6dd5d97a-7455-476f-86d1-706748154c4a: receive RaftClientReply:client-835E41B928D6->6dd5d97a-7455-476f-86d1-706748154c4a@group-349356213E97, cid=2196, SUCCESS, logIndex=3239, commits[6dd5d97a-7455-476f-86d1-706748154c4a:c3242, 8c1a4ac2-2d71-4742-ab0b-89dcc95eb13f:c3238, c9d0001a-daad-4532-9e58-9f5f4a7ddd18:c3238]
2019-09-12 14:53:48,542 [grpc-default-executor-5] INFO  client.GrpcClientProtocolClient (GrpcClientProtocolClient.java:onNext(264)) - client-835E41B928D6->6dd5d97a-7455-476f-86d1-706748154c4a: receive RaftClientReply:client-835E41B928D6->6dd5d97a-7455-476f-86d1-706748154c4a@group-349356213E97, cid=2197, SUCCESS, logIndex=3240, commits[6dd5d97a-7455-476f-86d1-706748154c4a:c3242, 8c1a4ac2-2d71-4742-ab0b-89dcc95eb13f:c3238, c9d0001a-daad-4532-9e58-9f5f4a7ddd18:c3238]
2019-09-12 14:53:48,542 [grpc-default-executor-5] INFO  client.GrpcClientProtocolClient (GrpcClientProtocolClient.java:onNext(264)) - client-835E41B928D6->6dd5d97a-7455-476f-86d1-706748154c4a: receive RaftClientReply:client-835E41B928D6->6dd5d97a-7455-476f-86d1-706748154c4a@group-349356213E97, cid=2198, SUCCESS, logIndex=3241, commits[6dd5d97a-7455-476f-86d1-706748154c4a:c3242, 8c1a4ac2-2d71-4742-ab0b-89dcc95eb13f:c3238, c9d0001a-daad-4532-9e58-9f5f4a7ddd18:c3238]
2019-09-12 14:53:48,542 [grpc-default-executor-5] INFO  client.GrpcClientProtocolClient (GrpcClientProtocolClient.java:onNext(264)) - client-835E41B928D6->6dd5d97a-7455-476f-86d1-706748154c4a: receive RaftClientReply:client-835E41B928D6->6dd5d97a-7455-476f-86d1-706748154c4a@group-349356213E97, cid=2199, SUCCESS, logIndex=3242, commits[6dd5d97a-7455-476f-86d1-706748154c4a:c3242, 8c1a4ac2-2d71-4742-ab0b-89dcc95eb13f:c3238, c9d0001a-daad-4532-9e58-9f5f4a7ddd18:c3238]
2019-09-12 14:53:48,544 [grpc-default-executor-5] INFO  client.GrpcClientProtocolClient (GrpcClientProtocolClient.java:onNext(264)) - client-835E41B928D6->6dd5d97a-7455-476f-86d1-706748154c4a: receive RaftClientReply:client-835E41B928D6->6dd5d97a-7455-476f-86d1-706748154c4a@group-349356213E97, cid=2200, SUCCESS, logIndex=0, commits[6dd5d97a-7455-476f-86d1-706748154c4a:c3243, 8c1a4ac2-2d71-4742-ab0b-89dcc95eb13f:c3242, c9d0001a-daad-4532-9e58-9f5f4a7ddd18:c3242]
2019-09-12 14:53:48,568 [grpc-default-executor-5] INFO  client.GrpcClientProtocolClient (GrpcClientProtocolClient.java:onNext(264)) - client-835E41B928D6->6dd5d97a-7455-476f-86d1-706748154c4a: receive RaftClientReply:client-835E41B928D6->6dd5d97a-7455-476f-86d1-706748154c4a@group-349356213E97, cid=2201, SUCCESS, logIndex=3244, commits[6dd5d97a-7455-476f-86d1-706748154c4a:c3245, 8c1a4ac2-2d71-4742-ab0b-89dcc95eb13f:c3243, c9d0001a-daad-4532-9e58-9f5f4a7ddd18:c3243]
2019-09-12 14:53:48,568 [grpc-default-executor-5] INFO  client.GrpcClientProtocolClient (GrpcClientProtocolClient.java:onNext(264)) - client-835E41B928D6->6dd5d97a-7455-476f-86d1-706748154c4a: receive RaftClientReply:client-835E41B928D6->6dd5d97a-7455-476f-86d1-706748154c4a@group-349356213E97, cid=2202, SUCCESS, logIndex=3245, commits[6dd5d97a-7455-476f-86d1-706748154c4a:c3245, 8c1a4ac2-2d71-4742-ab0b-89dcc95eb13f:c3243, c9d0001a-daad-4532-9e58-9f5f4a7ddd18:c3243]
2019-09-12 14:53:48,585 [grpc-default-executor-2] INFO  client.GrpcClientProtocolClient (GrpcClientProtocolClient.java:onNext(264)) - client-835E41B928D6->6dd5d97a-7455-476f-86d1-706748154c4a: receive RaftClientReply:client-835E41B928D6->6dd5d97a-7455-476f-86d1-706748154c4a@group-349356213E97, cid=2203, SUCCESS, logIndex=3248, commits[6dd5d97a-7455-476f-86d1-706748154c4a:c3249, 8c1a4ac2-2d71-4742-ab0b-89dcc95eb13f:c3246, c9d0001a-daad-4532-9e58-9f5f4a7ddd18:c3246]
2019-09-12 14:53:48,589 [grpc-default-executor-2] INFO  client.GrpcClientProtocolClient (GrpcClientProtocolClient.java:onNext(264)) - client-835E41B928D6->6dd5d97a-7455-476f-86d1-706748154c4a: receive RaftClientReply:client-835E41B928D6->6dd5d97a-7455-476f-86d1-706748154c4a@group-349356213E97, cid=2204, SUCCESS, logIndex=3249, commits[6dd5d97a-7455-476f-86d1-706748154c4a:c3249, 8c1a4ac2-2d71-4742-ab0b-89dcc95eb13f:c3246, c9d0001a-daad-4532-9e58-9f5f4a7ddd18:c3246]
2019-09-12 14:53:48,598 [grpc-default-executor-2] INFO  client.GrpcClientProtocolClient (GrpcClientProtocolClient.java:onNext(264)) - client-835E41B928D6->6dd5d97a-7455-476f-86d1-706748154c4a: receive RaftClientReply:client-835E41B928D6->6dd5d97a-7455-476f-86d1-706748154c4a@group-349356213E97, cid=2205, SUCCESS, logIndex=0, commits[6dd5d97a-7455-476f-86d1-706748154c4a:c3251, 8c1a4ac2-2d71-4742-ab0b-89dcc95eb13f:c3249, c9d0001a-daad-4532-9e58-9f5f4a7ddd18:c3249]
2019-09-12 14:53:48,625 [grpc-default-executor-6] INFO  client.GrpcClientProtocolClient (GrpcClientProtocolClient.java:onNext(264)) - client-835E41B928D6->6dd5d97a-7455-476f-86d1-706748154c4a: receive RaftClientReply:client-835E41B928D6->6dd5d97a-7455-476f-86d1-706748154c4a@group-349356213E97, cid=2206, SUCCESS, logIndex=3252, commits[6dd5d97a-7455-476f-86d1-706748154c4a:c3253, 8c1a4ac2-2d71-4742-ab0b-89dcc95eb13f:c3251, c9d0001a-daad-4532-9e58-9f5f4a7ddd18:c3251]
2019-09-12 14:53:48,626 [grpc-default-executor-6] INFO  client.GrpcClientProtocolClient (GrpcClientProtocolClient.java:onNext(264)) - client-835E41B928D6->6dd5d97a-7455-476f-86d1-706748154c4a: receive RaftClientReply:client-835E41B928D6->6dd5d97a-7455-476f-86d1-706748154c4a@group-349356213E97, cid=2207, SUCCESS, logIndex=3253, commits[6dd5d97a-7455-476f-86d1-706748154c4a:c3255, 8c1a4ac2-2d71-4742-ab0b-89dcc95eb13f:c3251, c9d0001a-daad-4532-9e58-9f5f4a7ddd18:c3251]
2019-09-12 14:53:48,626 [grpc-default-executor-7] INFO  client.GrpcClientProtocolClient (GrpcClientProtocolClient.java:onNext(264)) - client-835E41B928D6->6dd5d97a-7455-476f-86d1-706748154c4a: receive RaftClientReply:client-835E41B928D6->6dd5d97a-7455-476f-86d1-706748154c4a@group-349356213E97, cid=2208, SUCCESS, logIndex=3254, commits[6dd5d97a-7455-476f-86d1-706748154c4a:c3255, 8c1a4ac2-2d71-4742-ab0b-89dcc95eb13f:c3251, c9d0001a-daad-4532-9e58-9f5f4a7ddd18:c3251]
2019-09-12 14:53:48,626 [grpc-default-executor-7] INFO  client.GrpcClientProtocolClient (GrpcClientProtocolClient.java:onNext(264)) - client-835E41B928D6->6dd5d97a-7455-476f-86d1-706748154c4a: receive RaftClientReply:client-835E41B928D6->6dd5d97a-7455-476f-86d1-706748154c4a@group-349356213E97, cid=2209, SUCCESS, logIndex=3255, commits[6dd5d97a-7455-476f-86d1-706748154c4a:c3255, 8c1a4ac2-2d71-4742-ab0b-89dcc95eb13f:c3251, c9d0001a-daad-4532-9e58-9f5f4a7ddd18:c3251]
2019-09-12 14:53:48,627 [grpc-default-executor-7] INFO  client.GrpcClientProtocolClient (GrpcClientProtocolClient.java:onNext(264)) - client-835E41B928D6->6dd5d97a-7455-476f-86d1-706748154c4a: receive RaftClientReply:client-835E41B928D6->6dd5d97a-7455-476f-86d1-706748154c4a@group-349356213E97, cid=2210, SUCCESS, logIndex=0, commits[6dd5d97a-7455-476f-86d1-706748154c4a:c3256, 8c1a4ac2-2d71-4742-ab0b-89dcc95eb13f:c3253, c9d0001a-daad-4532-9e58-9f5f4a7ddd18:c3253]
2019-09-12 14:53:48,647 [grpc-default-executor-7] INFO  client.GrpcClientProtocolClient (GrpcClientProtocolClient.java:onNext(264)) - client-835E41B928D6->6dd5d97a-7455-476f-86d1-706748154c4a: receive RaftClientReply:client-835E41B928D6->6dd5d97a-7455-476f-86d1-706748154c4a@group-349356213E97, cid=2211, SUCCESS, logIndex=3260, commits[6dd5d97a-7455-476f-86d1-706748154c4a:c3261, 8c1a4ac2-2d71-4742-ab0b-89dcc95eb13f:c3259, c9d0001a-daad-4532-9e58-9f5f4a7ddd18:c3259]
2019-09-12 14:53:48,647 [grpc-default-executor-7] INFO  client.GrpcClientProtocolClient (GrpcClientProtocolClient.java:onNext(264)) - client-835E41B928D6->6dd5d97a-7455-476f-86d1-706748154c4a: receive RaftClientReply:client-835E41B928D6->6dd5d97a-7455-476f-86d1-706748154c4a@group-349356213E97, cid=2212, SUCCESS, logIndex=3261, commits[6dd5d97a-7455-476f-86d1-706748154c4a:c3261, 8c1a4ac2-2d71-4742-ab0b-89dcc95eb13f:c3259, c9d0001a-daad-4532-9e58-9f5f4a7ddd18:c3259]
2019-09-12 14:53:48,660 [grpc-default-executor-7] INFO  client.GrpcClientProtocolClient (GrpcClientProtocolClient.java:onNext(264)) - client-835E41B928D6->6dd5d97a-7455-476f-86d1-706748154c4a: receive RaftClientReply:client-835E41B928D6->6dd5d97a-7455-476f-86d1-706748154c4a@group-349356213E97, cid=2213, SUCCESS, logIndex=3264, commits[6dd5d97a-7455-476f-86d1-706748154c4a:c3264, 8c1a4ac2-2d71-4742-ab0b-89dcc95eb13f:c3261, c9d0001a-daad-4532-9e58-9f5f4a7ddd18:c3261]
2019-09-12 14:53:48,660 [grpc-default-executor-7] INFO  client.GrpcClientProtocolClient (GrpcClientProtocolClient.java:onNext(264)) - client-835E41B928D6->6dd5d97a-7455-476f-86d1-706748154c4a: receive RaftClientReply:client-835E41B928D6->6dd5d97a-7455-476f-86d1-706748154c4a@group-349356213E97, cid=2214, SUCCESS, logIndex=3265, commits[6dd5d97a-7455-476f-86d1-706748154c4a:c3265, 8c1a4ac2-2d71-4742-ab0b-89dcc95eb13f:c3261, c9d0001a-daad-4532-9e58-9f5f4a7ddd18:c3261]
2019-09-12 14:53:48,673 [grpc-default-executor-6] INFO  client.GrpcClientProtocolClient (GrpcClientProtocolClient.java:onNext(264)) - client-835E41B928D6->6dd5d97a-7455-476f-86d1-706748154c4a: receive RaftClientReply:client-835E41B928D6->6dd5d97a-7455-476f-86d1-706748154c4a@group-349356213E97, cid=2215, SUCCESS, logIndex=0, commits[6dd5d97a-7455-476f-86d1-706748154c4a:c3267, 8c1a4ac2-2d71-4742-ab0b-89dcc95eb13f:c3265, c9d0001a-daad-4532-9e58-9f5f4a7ddd18:c3265]
2019-09-12 14:53:48,697 [grpc-default-executor-5] INFO  client.GrpcClientProtocolClient (GrpcClientProtocolClient.java:onNext(264)) - client-835E41B928D6->6dd5d97a-7455-476f-86d1-706748154c4a: receive RaftClientReply:client-835E41B928D6->6dd5d97a-7455-476f-86d1-706748154c4a@group-349356213E97, cid=2216, SUCCESS, logIndex=3268, commits[6dd5d97a-7455-476f-86d1-706748154c4a:c3270, 8c1a4ac2-2d71-4742-ab0b-89dcc95eb13f:c3267, c9d0001a-daad-4532-9e58-9f5f4a7ddd18:c3267]
2019-09-12 14:53:48,697 [grpc-default-executor-5] INFO  client.GrpcClientProtocolClient (GrpcClientProtocolClient.java:onNext(264)) - client-835E41B928D6->6dd5d97a-7455-476f-86d1-706748154c4a: receive RaftClientReply:client-835E41B928D6->6dd5d97a-7455-476f-86d1-706748154c4a@group-349356213E97, cid=2217, SUCCESS, logIndex=3269, commits[6dd5d97a-7455-476f-86d1-706748154c4a:c3271, 8c1a4ac2-2d71-4742-ab0b-89dcc95eb13f:c3267, c9d0001a-daad-4532-9e58-9f5f4a7ddd18:c3267]
2019-09-12 14:53:48,698 [grpc-default-executor-5] INFO  client.GrpcClientProtocolClient (GrpcClientProtocolClient.java:onNext(264)) - client-835E41B928D6->6dd5d97a-7455-476f-86d1-706748154c4a: receive RaftClientReply:client-835E41B928D6->6dd5d97a-7455-476f-86d1-706748154c4a@group-349356213E97, cid=2218, SUCCESS, logIndex=3270, commits[6dd5d97a-7455-476f-86d1-706748154c4a:c3271, 8c1a4ac2-2d71-4742-ab0b-89dcc95eb13f:c3267, c9d0001a-daad-4532-9e58-9f5f4a7ddd18:c3267]
2019-09-12 14:53:48,698 [grpc-default-executor-5] INFO  client.GrpcClientProtocolClient (GrpcClientProtocolClient.java:onNext(264)) - client-835E41B928D6->6dd5d97a-7455-476f-86d1-706748154c4a: receive RaftClientReply:client-835E41B928D6->6dd5d97a-7455-476f-86d1-706748154c4a@group-349356213E97, cid=2219, SUCCESS, logIndex=3271, commits[6dd5d97a-7455-476f-86d1-706748154c4a:c3271, 8c1a4ac2-2d71-4742-ab0b-89dcc95eb13f:c3267, c9d0001a-daad-4532-9e58-9f5f4a7ddd18:c3267]
2019-09-12 14:53:48,700 [grpc-default-executor-7] INFO  client.GrpcClientProtocolClient (GrpcClientProtocolClient.java:onNext(264)) - client-835E41B928D6->6dd5d97a-7455-476f-86d1-706748154c4a: receive RaftClientReply:client-835E41B928D6->6dd5d97a-7455-476f-86d1-706748154c4a@group-349356213E97, cid=2220, SUCCESS, logIndex=0, commits[6dd5d97a-7455-476f-86d1-706748154c4a:c3273, 8c1a4ac2-2d71-4742-ab0b-89dcc95eb13f:c3269, c9d0001a-daad-4532-9e58-9f5f4a7ddd18:c3269]
2019-09-12 14:53:48,717 [grpc-default-executor-7] INFO  client.GrpcClientProtocolClient (GrpcClientProtocolClient.java:onNext(264)) - client-835E41B928D6->6dd5d97a-7455-476f-86d1-706748154c4a: receive RaftClientReply:client-835E41B928D6->6dd5d97a-7455-476f-86d1-706748154c4a@group-349356213E97, cid=2221, SUCCESS, logIndex=3276, commits[6dd5d97a-7455-476f-86d1-706748154c4a:c3277, 8c1a4ac2-2d71-4742-ab0b-89dcc95eb13f:c3275, c9d0001a-daad-4532-9e58-9f5f4a7ddd18:c3275]
2019-09-12 14:53:48,717 [grpc-default-executor-7] INFO  client.GrpcClientProtocolClient (GrpcClientProtocolClient.java:onNext(264)) - client-835E41B928D6->6dd5d97a-7455-476f-86d1-706748154c4a: receive RaftClientReply:client-835E41B928D6->6dd5d97a-7455-476f-86d1-706748154c4a@group-349356213E97, cid=2222, SUCCESS, logIndex=3277, commits[6dd5d97a-7455-476f-86d1-706748154c4a:c3277, 8c1a4ac2-2d71-4742-ab0b-89dcc95eb13f:c3275, c9d0001a-daad-4532-9e58-9f5f4a7ddd18:c3275]
2019-09-12 14:53:48,730 [grpc-default-executor-7] INFO  client.GrpcClientProtocolClient (GrpcClientProtocolClient.java:onNext(264)) - client-835E41B928D6->6dd5d97a-7455-476f-86d1-706748154c4a: receive RaftClientReply:client-835E41B928D6->6dd5d97a-7455-476f-86d1-706748154c4a@group-349356213E97, cid=2223, SUCCESS, logIndex=3280, commits[6dd5d97a-7455-476f-86d1-706748154c4a:c3281, 8c1a4ac2-2d71-4742-ab0b-89dcc95eb13f:c3277, c9d0001a-daad-4532-9e58-9f5f4a7ddd18:c3277]
2019-09-12 14:53:48,730 [grpc-default-executor-7] INFO  client.GrpcClientProtocolClient (GrpcClientProtocolClient.java:onNext(264)) - client-835E41B928D6->6dd5d97a-7455-476f-86d1-706748154c4a: receive RaftClientReply:client-835E41B928D6->6dd5d97a-7455-476f-86d1-706748154c4a@group-349356213E97, cid=2224, SUCCESS, logIndex=3281, commits[6dd5d97a-7455-476f-86d1-706748154c4a:c3281, 8c1a4ac2-2d71-4742-ab0b-89dcc95eb13f:c3277, c9d0001a-daad-4532-9e58-9f5f4a7ddd18:c3277]
2019-09-12 14:53:48,742 [grpc-default-executor-5] INFO  client.GrpcClientProtocolClient (GrpcClientProtocolClient.java:onNext(264)) - client-835E41B928D6->6dd5d97a-7455-476f-86d1-706748154c4a: receive RaftClientReply:client-835E41B928D6->6dd5d97a-7455-476f-86d1-706748154c4a@group-349356213E97, cid=2225, SUCCESS, logIndex=0, commits[6dd5d97a-7455-476f-86d1-706748154c4a:c3283, 8c1a4ac2-2d71-4742-ab0b-89dcc95eb13f:c3281, c9d0001a-daad-4532-9e58-9f5f4a7ddd18:c3281]
2019-09-12 14:53:48,763 [grpc-default-executor-7] INFO  client.GrpcClientProtocolClient (GrpcClientProtocolClient.java:onNext(264)) - client-835E41B928D6->6dd5d97a-7455-476f-86d1-706748154c4a: receive RaftClientReply:client-835E41B928D6->6dd5d97a-7455-476f-86d1-706748154c4a@group-349356213E97, cid=2226, SUCCESS, logIndex=3284, commits[6dd5d97a-7455-476f-86d1-706748154c4a:c3287, 8c1a4ac2-2d71-4742-ab0b-89dcc95eb13f:c3283, c9d0001a-daad-4532-9e58-9f5f4a7ddd18:c3281]
2019-09-12 14:53:48,763 [grpc-default-executor-7] INFO  client.GrpcClientProtocolClient (GrpcClientProtocolClient.java:onNext(264)) - client-835E41B928D6->6dd5d97a-7455-476f-86d1-706748154c4a: receive RaftClientReply:client-835E41B928D6->6dd5d97a-7455-476f-86d1-706748154c4a@group-349356213E97, cid=2227, SUCCESS, logIndex=3285, commits[6dd5d97a-7455-476f-86d1-706748154c4a:c3287, 8c1a4ac2-2d71-4742-ab0b-89dcc95eb13f:c3283, c9d0001a-daad-4532-9e58-9f5f4a7ddd18:c3283]
2019-09-12 14:53:48,763 [grpc-default-executor-7] INFO  client.GrpcClientProtocolClient (GrpcClientProtocolClient.java:onNext(264)) - client-835E41B928D6->6dd5d97a-7455-476f-86d1-706748154c4a: receive RaftClientReply:client-835E41B928D6->6dd5d97a-7455-476f-86d1-706748154c4a@group-349356213E97, cid=2228, SUCCESS, logIndex=3286, commits[6dd5d97a-7455-476f-86d1-706748154c4a:c3287, 8c1a4ac2-2d71-4742-ab0b-89dcc95eb13f:c3283, c9d0001a-daad-4532-9e58-9f5f4a7ddd18:c3283]
2019-09-12 14:53:48,764 [grpc-default-executor-6] INFO  client.GrpcClientProtocolClient (GrpcClientProtocolClient.java:onNext(264)) - client-835E41B928D6->6dd5d97a-7455-476f-86d1-706748154c4a: receive RaftClientReply:client-835E41B928D6->6dd5d97a-7455-476f-86d1-706748154c4a@group-349356213E97, cid=2229, SUCCESS, logIndex=3287, commits[6dd5d97a-7455-476f-86d1-706748154c4a:c3287, 8c1a4ac2-2d71-4742-ab0b-89dcc95eb13f:c3283, c9d0001a-daad-4532-9e58-9f5f4a7ddd18:c3283]
2019-09-12 14:53:48,765 [grpc-default-executor-7] INFO  client.GrpcClientProtocolClient (GrpcClientProtocolClient.java:onNext(264)) - client-835E41B928D6->6dd5d97a-7455-476f-86d1-706748154c4a: receive RaftClientReply:client-835E41B928D6->6dd5d97a-7455-476f-86d1-706748154c4a@group-349356213E97, cid=2230, SUCCESS, logIndex=0, commits[6dd5d97a-7455-476f-86d1-706748154c4a:c3288, 8c1a4ac2-2d71-4742-ab0b-89dcc95eb13f:c3286, c9d0001a-daad-4532-9e58-9f5f4a7ddd18:c3287]
2019-09-12 14:53:48,777 [grpc-default-executor-5] INFO  client.GrpcClientProtocolClient (GrpcClientProtocolClient.java:onNext(264)) - client-835E41B928D6->6dd5d97a-7455-476f-86d1-706748154c4a: receive RaftClientReply:client-835E41B928D6->6dd5d97a-7455-476f-86d1-706748154c4a@group-349356213E97, cid=2231, SUCCESS, logIndex=3292, commits[6dd5d97a-7455-476f-86d1-706748154c4a:c3293, 8c1a4ac2-2d71-4742-ab0b-89dcc95eb13f:c3291, c9d0001a-daad-4532-9e58-9f5f4a7ddd18:c3291]
2019-09-12 14:53:48,778 [grpc-default-executor-5] INFO  client.GrpcClientProtocolClient (GrpcClientProtocolClient.java:onNext(264)) - client-835E41B928D6->6dd5d97a-7455-476f-86d1-706748154c4a: receive RaftClientReply:client-835E41B928D6->6dd5d97a-7455-476f-86d1-706748154c4a@group-349356213E97, cid=2232, SUCCESS, logIndex=3293, commits[6dd5d97a-7455-476f-86d1-706748154c4a:c3293, 8c1a4ac2-2d71-4742-ab0b-89dcc95eb13f:c3291, c9d0001a-daad-4532-9e58-9f5f4a7ddd18:c3291]
2019-09-12 14:53:48,812 [grpc-default-executor-7] INFO  client.GrpcClientProtocolClient (GrpcClientProtocolClient.java:onNext(264)) - client-835E41B928D6->6dd5d97a-7455-476f-86d1-706748154c4a: receive RaftClientReply:client-835E41B928D6->6dd5d97a-7455-476f-86d1-706748154c4a@group-349356213E97, cid=2233, SUCCESS, logIndex=3296, commits[6dd5d97a-7455-476f-86d1-706748154c4a:c3297, 8c1a4ac2-2d71-4742-ab0b-89dcc95eb13f:c3295, c9d0001a-daad-4532-9e58-9f5f4a7ddd18:c3293]
2019-09-12 14:53:48,812 [grpc-default-executor-7] INFO  client.GrpcClientProtocolClient (GrpcClientProtocolClient.java:onNext(264)) - client-835E41B928D6->6dd5d97a-7455-476f-86d1-706748154c4a: receive RaftClientReply:client-835E41B928D6->6dd5d97a-7455-476f-86d1-706748154c4a@group-349356213E97, cid=2234, SUCCESS, logIndex=3297, commits[6dd5d97a-7455-476f-86d1-706748154c4a:c3297, 8c1a4ac2-2d71-4742-ab0b-89dcc95eb13f:c3295, c9d0001a-daad-4532-9e58-9f5f4a7ddd18:c3295]
2019-09-12 14:53:48,813 [grpc-default-executor-5] INFO  client.GrpcClientProtocolClient (GrpcClientProtocolClient.java:onNext(264)) - client-835E41B928D6->6dd5d97a-7455-476f-86d1-706748154c4a: receive RaftClientReply:client-835E41B928D6->6dd5d97a-7455-476f-86d1-706748154c4a@group-349356213E97, cid=2235, SUCCESS, logIndex=0, commits[6dd5d97a-7455-476f-86d1-706748154c4a:c3298, 8c1a4ac2-2d71-4742-ab0b-89dcc95eb13f:c3297, c9d0001a-daad-4532-9e58-9f5f4a7ddd18:c3297]
2019-09-12 14:53:48,842 [grpc-default-executor-7] INFO  client.GrpcClientProtocolClient (GrpcClientProtocolClient.java:onNext(264)) - client-835E41B928D6->6dd5d97a-7455-476f-86d1-706748154c4a: receive RaftClientReply:client-835E41B928D6->6dd5d97a-7455-476f-86d1-706748154c4a@group-349356213E97, cid=2236, SUCCESS, logIndex=3299, commits[6dd5d97a-7455-476f-86d1-706748154c4a:c3301, 8c1a4ac2-2d71-4742-ab0b-89dcc95eb13f:c3298, c9d0001a-daad-4532-9e58-9f5f4a7ddd18:c3298]
2019-09-12 14:53:48,843 [grpc-default-executor-7] INFO  client.GrpcClientProtocolClient (GrpcClientProtocolClient.java:onNext(264)) - client-835E41B928D6->6dd5d97a-7455-476f-86d1-706748154c4a: receive RaftClientReply:client-835E41B928D6->6dd5d97a-7455-476f-86d1-706748154c4a@group-349356213E97, cid=2237, SUCCESS, logIndex=3300, commits[6dd5d97a-7455-476f-86d1-706748154c4a:c3302, 8c1a4ac2-2d71-4742-ab0b-89dcc95eb13f:c3298, c9d0001a-daad-4532-9e58-9f5f4a7ddd18:c3298]
2019-09-12 14:53:48,843 [grpc-default-executor-5] INFO  client.GrpcClientProtocolClient (GrpcClientProtocolClient.java:onNext(264)) - client-835E41B928D6->6dd5d97a-7455-476f-86d1-706748154c4a: receive RaftClientReply:client-835E41B928D6->6dd5d97a-7455-476f-86d1-706748154c4a@group-349356213E97, cid=2238, SUCCESS, logIndex=3301, commits[6dd5d97a-7455-476f-86d1-706748154c4a:c3302, 8c1a4ac2-2d71-4742-ab0b-89dcc95eb13f:c3298, c9d0001a-daad-4532-9e58-9f5f4a7ddd18:c3298]
2019-09-12 14:53:48,843 [grpc-default-executor-5] INFO  client.GrpcClientProtocolClient (GrpcClientProtocolClient.java:onNext(264)) - client-835E41B928D6->6dd5d97a-7455-476f-86d1-706748154c4a: receive RaftClientReply:client-835E41B928D6->6dd5d97a-7455-476f-86d1-706748154c4a@group-349356213E97, cid=2239, SUCCESS, logIndex=3302, commits[6dd5d97a-7455-476f-86d1-706748154c4a:c3304, 8c1a4ac2-2d71-4742-ab0b-89dcc95eb13f:c3299, c9d0001a-daad-4532-9e58-9f5f4a7ddd18:c3301]
2019-09-12 14:53:48,845 [grpc-default-executor-7] INFO  client.GrpcClientProtocolClient (GrpcClientProtocolClient.java:onNext(264)) - client-835E41B928D6->6dd5d97a-7455-476f-86d1-706748154c4a: receive RaftClientReply:client-835E41B928D6->6dd5d97a-7455-476f-86d1-706748154c4a@group-349356213E97, cid=2240, SUCCESS, logIndex=0, commits[6dd5d97a-7455-476f-86d1-706748154c4a:c3305, 8c1a4ac2-2d71-4742-ab0b-89dcc95eb13f:c3300, c9d0001a-daad-4532-9e58-9f5f4a7ddd18:c3301]
2019-09-12 14:53:48,864 [grpc-default-executor-5] INFO  client.GrpcClientProtocolClient (GrpcClientProtocolClient.java:onNext(264)) - client-835E41B928D6->6dd5d97a-7455-476f-86d1-706748154c4a: receive RaftClientReply:client-835E41B928D6->6dd5d97a-7455-476f-86d1-706748154c4a@group-349356213E97, cid=2241, SUCCESS, logIndex=3307, commits[6dd5d97a-7455-476f-86d1-706748154c4a:c3308, 8c1a4ac2-2d71-4742-ab0b-89dcc95eb13f:c3306, c9d0001a-daad-4532-9e58-9f5f4a7ddd18:c3306]
2019-09-12 14:53:48,864 [grpc-default-executor-5] INFO  client.GrpcClientProtocolClient (GrpcClientProtocolClient.java:onNext(264)) - client-835E41B928D6->6dd5d97a-7455-476f-86d1-706748154c4a: receive RaftClientReply:client-835E41B928D6->6dd5d97a-7455-476f-86d1-706748154c4a@group-349356213E97, cid=2242, SUCCESS, logIndex=3308, commits[6dd5d97a-7455-476f-86d1-706748154c4a:c3308, 8c1a4ac2-2d71-4742-ab0b-89dcc95eb13f:c3306, c9d0001a-daad-4532-9e58-9f5f4a7ddd18:c3306]
2019-09-12 14:53:48,877 [grpc-default-executor-7] INFO  client.GrpcClientProtocolClient (GrpcClientProtocolClient.java:onNext(264)) - client-835E41B928D6->6dd5d97a-7455-476f-86d1-706748154c4a: receive RaftClientReply:client-835E41B928D6->6dd5d97a-7455-476f-86d1-706748154c4a@group-349356213E97, cid=2243, SUCCESS, logIndex=3311, commits[6dd5d97a-7455-476f-86d1-706748154c4a:c3312, 8c1a4ac2-2d71-4742-ab0b-89dcc95eb13f:c3308, c9d0001a-daad-4532-9e58-9f5f4a7ddd18:c3308]
2019-09-12 14:53:48,878 [grpc-default-executor-7] INFO  client.GrpcClientProtocolClient (GrpcClientProtocolClient.java:onNext(264)) - client-835E41B928D6->6dd5d97a-7455-476f-86d1-706748154c4a: receive RaftClientReply:client-835E41B928D6->6dd5d97a-7455-476f-86d1-706748154c4a@group-349356213E97, cid=2244, SUCCESS, logIndex=3312, commits[6dd5d97a-7455-476f-86d1-706748154c4a:c3312, 8c1a4ac2-2d71-4742-ab0b-89dcc95eb13f:c3308, c9d0001a-daad-4532-9e58-9f5f4a7ddd18:c3308]
2019-09-12 14:53:48,889 [grpc-default-executor-7] INFO  client.GrpcClientProtocolClient (GrpcClientProtocolClient.java:onNext(264)) - client-835E41B928D6->6dd5d97a-7455-476f-86d1-706748154c4a: receive RaftClientReply:client-835E41B928D6->6dd5d97a-7455-476f-86d1-706748154c4a@group-349356213E97, cid=2245, SUCCESS, logIndex=0, commits[6dd5d97a-7455-476f-86d1-706748154c4a:c3313, 8c1a4ac2-2d71-4742-ab0b-89dcc95eb13f:c3312, c9d0001a-daad-4532-9e58-9f5f4a7ddd18:c3312]
2019-09-12 14:53:49,046 [grpc-default-executor-7] INFO  client.GrpcClientProtocolClient (GrpcClientProtocolClient.java:onNext(264)) - client-835E41B928D6->6dd5d97a-7455-476f-86d1-706748154c4a: receive RaftClientReply:client-835E41B928D6->6dd5d97a-7455-476f-86d1-706748154c4a@group-349356213E97, cid=2246, SUCCESS, logIndex=3315, commits[6dd5d97a-7455-476f-86d1-706748154c4a:c3316, 8c1a4ac2-2d71-4742-ab0b-89dcc95eb13f:c3314, c9d0001a-daad-4532-9e58-9f5f4a7ddd18:c3314]
2019-09-12 14:53:49,047 [grpc-default-executor-7] INFO  client.GrpcClientProtocolClient (GrpcClientProtocolClient.java:onNext(264)) - client-835E41B928D6->6dd5d97a-7455-476f-86d1-706748154c4a: receive RaftClientReply:client-835E41B928D6->6dd5d97a-7455-476f-86d1-706748154c4a@group-349356213E97, cid=2247, SUCCESS, logIndex=3316, commits[6dd5d97a-7455-476f-86d1-706748154c4a:c3316, 8c1a4ac2-2d71-4742-ab0b-89dcc95eb13f:c3314, c9d0001a-daad-4532-9e58-9f5f4a7ddd18:c3314]
2019-09-12 14:53:49,047 [grpc-default-executor-7] INFO  client.GrpcClientProtocolClient (GrpcClientProtocolClient.java:onNext(264)) - client-835E41B928D6->6dd5d97a-7455-476f-86d1-706748154c4a: receive RaftClientReply:client-835E41B928D6->6dd5d97a-7455-476f-86d1-706748154c4a@group-349356213E97, cid=2248, SUCCESS, logIndex=3317, commits[6dd5d97a-7455-476f-86d1-706748154c4a:c3318, 8c1a4ac2-2d71-4742-ab0b-89dcc95eb13f:c3314, c9d0001a-daad-4532-9e58-9f5f4a7ddd18:c3314]
2019-09-12 14:53:49,047 [grpc-default-executor-7] INFO  client.GrpcClientProtocolClient (GrpcClientProtocolClient.java:onNext(264)) - client-835E41B928D6->6dd5d97a-7455-476f-86d1-706748154c4a: receive RaftClientReply:client-835E41B928D6->6dd5d97a-7455-476f-86d1-706748154c4a@group-349356213E97, cid=2249, SUCCESS, logIndex=3318, commits[6dd5d97a-7455-476f-86d1-706748154c4a:c3318, 8c1a4ac2-2d71-4742-ab0b-89dcc95eb13f:c3314, c9d0001a-daad-4532-9e58-9f5f4a7ddd18:c3314]
2019-09-12 14:53:49,048 [grpc-default-executor-7] INFO  client.GrpcClientProtocolClient (GrpcClientProtocolClient.java:onNext(264)) - client-835E41B928D6->6dd5d97a-7455-476f-86d1-706748154c4a: receive RaftClientReply:client-835E41B928D6->6dd5d97a-7455-476f-86d1-706748154c4a@group-349356213E97, cid=2250, SUCCESS, logIndex=0, commits[6dd5d97a-7455-476f-86d1-706748154c4a:c3320, 8c1a4ac2-2d71-4742-ab0b-89dcc95eb13f:c3316, c9d0001a-daad-4532-9e58-9f5f4a7ddd18:c3316]
2019-09-12 14:53:49,070 [grpc-default-executor-5] INFO  client.GrpcClientProtocolClient (GrpcClientProtocolClient.java:onNext(264)) - client-835E41B928D6->6dd5d97a-7455-476f-86d1-706748154c4a: receive RaftClientReply:client-835E41B928D6->6dd5d97a-7455-476f-86d1-706748154c4a@group-349356213E97, cid=2251, SUCCESS, logIndex=3323, commits[6dd5d97a-7455-476f-86d1-706748154c4a:c3324, 8c1a4ac2-2d71-4742-ab0b-89dcc95eb13f:c3322, c9d0001a-daad-4532-9e58-9f5f4a7ddd18:c3322]
2019-09-12 14:53:49,070 [grpc-default-executor-5] INFO  client.GrpcClientProtocolClient (GrpcClientProtocolClient.java:onNext(264)) - client-835E41B928D6->6dd5d97a-7455-476f-86d1-706748154c4a: receive RaftClientReply:client-835E41B928D6->6dd5d97a-7455-476f-86d1-706748154c4a@group-349356213E97, cid=2252, SUCCESS, logIndex=3324, commits[6dd5d97a-7455-476f-86d1-706748154c4a:c3324, 8c1a4ac2-2d71-4742-ab0b-89dcc95eb13f:c3322, c9d0001a-daad-4532-9e58-9f5f4a7ddd18:c3322]
2019-09-12 14:53:49,094 [grpc-default-executor-5] INFO  client.GrpcClientProtocolClient (GrpcClientProtocolClient.java:onNext(264)) - client-835E41B928D6->6dd5d97a-7455-476f-86d1-706748154c4a: receive RaftClientReply:client-835E41B928D6->6dd5d97a-7455-476f-86d1-706748154c4a@group-349356213E97, cid=2253, SUCCESS, logIndex=3326, commits[6dd5d97a-7455-476f-86d1-706748154c4a:c3326, 8c1a4ac2-2d71-4742-ab0b-89dcc95eb13f:c3324, c9d0001a-daad-4532-9e58-9f5f4a7ddd18:c3324]
2019-09-12 14:53:49,095 [grpc-default-executor-5] INFO  client.GrpcClientProtocolClient (GrpcClientProtocolClient.java:onNext(264)) - client-835E41B928D6->6dd5d97a-7455-476f-86d1-706748154c4a: receive RaftClientReply:client-835E41B928D6->6dd5d97a-7455-476f-86d1-706748154c4a@group-349356213E97, cid=2254, SUCCESS, logIndex=3327, commits[6dd5d97a-7455-476f-86d1-706748154c4a:c3327, 8c1a4ac2-2d71-4742-ab0b-89dcc95eb13f:c3324, c9d0001a-daad-4532-9e58-9f5f4a7ddd18:c3324]
2019-09-12 14:53:49,098 [grpc-default-executor-7] INFO  client.GrpcClientProtocolClient (GrpcClientProtocolClient.java:onNext(264)) - client-835E41B928D6->6dd5d97a-7455-476f-86d1-706748154c4a: receive RaftClientReply:client-835E41B928D6->6dd5d97a-7455-476f-86d1-706748154c4a@group-349356213E97, cid=2255, SUCCESS, logIndex=0, commits[6dd5d97a-7455-476f-86d1-706748154c4a:c3329, 8c1a4ac2-2d71-4742-ab0b-89dcc95eb13f:c3327, c9d0001a-daad-4532-9e58-9f5f4a7ddd18:c3327]
2019-09-12 14:53:49,125 [grpc-default-executor-2] INFO  client.GrpcClientProtocolClient (GrpcClientProtocolClient.java:onNext(264)) - client-835E41B928D6->6dd5d97a-7455-476f-86d1-706748154c4a: receive RaftClientReply:client-835E41B928D6->6dd5d97a-7455-476f-86d1-706748154c4a@group-349356213E97, cid=2256, SUCCESS, logIndex=3330, commits[6dd5d97a-7455-476f-86d1-706748154c4a:c3331, 8c1a4ac2-2d71-4742-ab0b-89dcc95eb13f:c3329, c9d0001a-daad-4532-9e58-9f5f4a7ddd18:c3327]
2019-09-12 14:53:49,125 [grpc-default-executor-7] INFO  client.GrpcClientProtocolClient (GrpcClientProtocolClient.java:onNext(264)) - client-835E41B928D6->6dd5d97a-7455-476f-86d1-706748154c4a: receive RaftClientReply:client-835E41B928D6->6dd5d97a-7455-476f-86d1-706748154c4a@group-349356213E97, cid=2257, SUCCESS, logIndex=3331, commits[6dd5d97a-7455-476f-86d1-706748154c4a:c3332, 8c1a4ac2-2d71-4742-ab0b-89dcc95eb13f:c3329, c9d0001a-daad-4532-9e58-9f5f4a7ddd18:c3329]
2019-09-12 14:53:49,126 [grpc-default-executor-7] INFO  client.GrpcClientProtocolClient (GrpcClientProtocolClient.java:onNext(264)) - client-835E41B928D6->6dd5d97a-7455-476f-86d1-706748154c4a: receive RaftClientReply:client-835E41B928D6->6dd5d97a-7455-476f-86d1-706748154c4a@group-349356213E97, cid=2258, SUCCESS, logIndex=3332, commits[6dd5d97a-7455-476f-86d1-706748154c4a:c3333, 8c1a4ac2-2d71-4742-ab0b-89dcc95eb13f:c3329, c9d0001a-daad-4532-9e58-9f5f4a7ddd18:c3329]
2019-09-12 14:53:49,126 [grpc-default-executor-7] INFO  client.GrpcClientProtocolClient (GrpcClientProtocolClient.java:onNext(264)) - client-835E41B928D6->6dd5d97a-7455-476f-86d1-706748154c4a: receive RaftClientReply:client-835E41B928D6->6dd5d97a-7455-476f-86d1-706748154c4a@group-349356213E97, cid=2259, SUCCESS, logIndex=3333, commits[6dd5d97a-7455-476f-86d1-706748154c4a:c3333, 8c1a4ac2-2d71-4742-ab0b-89dcc95eb13f:c3329, c9d0001a-daad-4532-9e58-9f5f4a7ddd18:c3329]
2019-09-12 14:53:49,129 [grpc-default-executor-7] INFO  client.GrpcClientProtocolClient (GrpcClientProtocolClient.java:onNext(264)) - client-835E41B928D6->6dd5d97a-7455-476f-86d1-706748154c4a: receive RaftClientReply:client-835E41B928D6->6dd5d97a-7455-476f-86d1-706748154c4a@group-349356213E97, cid=2260, SUCCESS, logIndex=0, commits[6dd5d97a-7455-476f-86d1-706748154c4a:c3335, 8c1a4ac2-2d71-4742-ab0b-89dcc95eb13f:c3331, c9d0001a-daad-4532-9e58-9f5f4a7ddd18:c3331]
2019-09-12 14:53:49,148 [grpc-default-executor-5] INFO  client.GrpcClientProtocolClient (GrpcClientProtocolClient.java:onNext(264)) - client-835E41B928D6->6dd5d97a-7455-476f-86d1-706748154c4a: receive RaftClientReply:client-835E41B928D6->6dd5d97a-7455-476f-86d1-706748154c4a@group-349356213E97, cid=2261, SUCCESS, logIndex=3338, commits[6dd5d97a-7455-476f-86d1-706748154c4a:c3338, 8c1a4ac2-2d71-4742-ab0b-89dcc95eb13f:c3337, c9d0001a-daad-4532-9e58-9f5f4a7ddd18:c3337]
2019-09-12 14:53:49,148 [grpc-default-executor-5] INFO  client.GrpcClientProtocolClient (GrpcClientProtocolClient.java:onNext(264)) - client-835E41B928D6->6dd5d97a-7455-476f-86d1-706748154c4a: receive RaftClientReply:client-835E41B928D6->6dd5d97a-7455-476f-86d1-706748154c4a@group-349356213E97, cid=2262, SUCCESS, logIndex=3339, commits[6dd5d97a-7455-476f-86d1-706748154c4a:c3339, 8c1a4ac2-2d71-4742-ab0b-89dcc95eb13f:c3337, c9d0001a-daad-4532-9e58-9f5f4a7ddd18:c3337]
2019-09-12 14:53:49,161 [grpc-default-executor-5] INFO  client.GrpcClientProtocolClient (GrpcClientProtocolClient.java:onNext(264)) - client-835E41B928D6->6dd5d97a-7455-476f-86d1-706748154c4a: receive RaftClientReply:client-835E41B928D6->6dd5d97a-7455-476f-86d1-706748154c4a@group-349356213E97, cid=2263, SUCCESS, logIndex=3342, commits[6dd5d97a-7455-476f-86d1-706748154c4a:c3343, 8c1a4ac2-2d71-4742-ab0b-89dcc95eb13f:c3339, c9d0001a-daad-4532-9e58-9f5f4a7ddd18:c3339]
2019-09-12 14:53:49,161 [grpc-default-executor-5] INFO  client.GrpcClientProtocolClient (GrpcClientProtocolClient.java:onNext(264)) - client-835E41B928D6->6dd5d97a-7455-476f-86d1-706748154c4a: receive RaftClientReply:client-835E41B928D6->6dd5d97a-7455-476f-86d1-706748154c4a@group-349356213E97, cid=2264, SUCCESS, logIndex=3343, commits[6dd5d97a-7455-476f-86d1-706748154c4a:c3343, 8c1a4ac2-2d71-4742-ab0b-89dcc95eb13f:c3339, c9d0001a-daad-4532-9e58-9f5f4a7ddd18:c3339]
2019-09-12 14:53:49,174 [grpc-default-executor-5] INFO  client.GrpcClientProtocolClient (GrpcClientProtocolClient.java:onNext(264)) - client-835E41B928D6->6dd5d97a-7455-476f-86d1-706748154c4a: receive RaftClientReply:client-835E41B928D6->6dd5d97a-7455-476f-86d1-706748154c4a@group-349356213E97, cid=2265, SUCCESS, logIndex=0, commits[6dd5d97a-7455-476f-86d1-706748154c4a:c3345, 8c1a4ac2-2d71-4742-ab0b-89dcc95eb13f:c3343, c9d0001a-daad-4532-9e58-9f5f4a7ddd18:c3343]
2019-09-12 14:53:49,199 [grpc-default-executor-2] INFO  client.GrpcClientProtocolClient (GrpcClientProtocolClient.java:onNext(264)) - client-835E41B928D6->6dd5d97a-7455-476f-86d1-706748154c4a: receive RaftClientReply:client-835E41B928D6->6dd5d97a-7455-476f-86d1-706748154c4a@group-349356213E97, cid=2266, SUCCESS, logIndex=3346, commits[6dd5d97a-7455-476f-86d1-706748154c4a:c3347, 8c1a4ac2-2d71-4742-ab0b-89dcc95eb13f:c3345, c9d0001a-daad-4532-9e58-9f5f4a7ddd18:c3345]
2019-09-12 14:53:49,200 [grpc-default-executor-2] INFO  client.GrpcClientProtocolClient (GrpcClientProtocolClient.java:onNext(264)) - client-835E41B928D6->6dd5d97a-7455-476f-86d1-706748154c4a: receive RaftClientReply:client-835E41B928D6->6dd5d97a-7455-476f-86d1-706748154c4a@group-349356213E97, cid=2267, SUCCESS, logIndex=3347, commits[6dd5d97a-7455-476f-86d1-706748154c4a:c3348, 8c1a4ac2-2d71-4742-ab0b-89dcc95eb13f:c3345, c9d0001a-daad-4532-9e58-9f5f4a7ddd18:c3345]
2019-09-12 14:53:49,200 [grpc-default-executor-2] INFO  client.GrpcClientProtocolClient (GrpcClientProtocolClient.java:onNext(264)) - client-835E41B928D6->6dd5d97a-7455-476f-86d1-706748154c4a: receive RaftClientReply:client-835E41B928D6->6dd5d97a-7455-476f-86d1-706748154c4a@group-349356213E97, cid=2268, SUCCESS, logIndex=3348, commits[6dd5d97a-7455-476f-86d1-706748154c4a:c3349, 8c1a4ac2-2d71-4742-ab0b-89dcc95eb13f:c3345, c9d0001a-daad-4532-9e58-9f5f4a7ddd18:c3345]
2019-09-12 14:53:49,200 [grpc-default-executor-2] INFO  client.GrpcClientProtocolClient (GrpcClientProtocolClient.java:onNext(264)) - client-835E41B928D6->6dd5d97a-7455-476f-86d1-706748154c4a: receive RaftClientReply:client-835E41B928D6->6dd5d97a-7455-476f-86d1-706748154c4a@group-349356213E97, cid=2269, SUCCESS, logIndex=3349, commits[6dd5d97a-7455-476f-86d1-706748154c4a:c3349, 8c1a4ac2-2d71-4742-ab0b-89dcc95eb13f:c3345, c9d0001a-daad-4532-9e58-9f5f4a7ddd18:c3345]
2019-09-12 14:53:49,202 [grpc-default-executor-6] INFO  client.GrpcClientProtocolClient (GrpcClientProtocolClient.java:onNext(264)) - client-835E41B928D6->6dd5d97a-7455-476f-86d1-706748154c4a: receive RaftClientReply:client-835E41B928D6->6dd5d97a-7455-476f-86d1-706748154c4a@group-349356213E97, cid=2270, SUCCESS, logIndex=0, commits[6dd5d97a-7455-476f-86d1-706748154c4a:c3350, 8c1a4ac2-2d71-4742-ab0b-89dcc95eb13f:c3347, c9d0001a-daad-4532-9e58-9f5f4a7ddd18:c3347]
2019-09-12 14:53:49,220 [grpc-default-executor-2] INFO  client.GrpcClientProtocolClient (GrpcClientProtocolClient.java:onNext(264)) - client-835E41B928D6->6dd5d97a-7455-476f-86d1-706748154c4a: receive RaftClientReply:client-835E41B928D6->6dd5d97a-7455-476f-86d1-706748154c4a@group-349356213E97, cid=2271, SUCCESS, logIndex=3354, commits[6dd5d97a-7455-476f-86d1-706748154c4a:c3355, 8c1a4ac2-2d71-4742-ab0b-89dcc95eb13f:c3353, c9d0001a-daad-4532-9e58-9f5f4a7ddd18:c3353]
2019-09-12 14:53:49,220 [grpc-default-executor-2] INFO  client.GrpcClientProtocolClient (GrpcClientProtocolClient.java:onNext(264)) - client-835E41B928D6->6dd5d97a-7455-476f-86d1-706748154c4a: receive RaftClientReply:client-835E41B928D6->6dd5d97a-7455-476f-86d1-706748154c4a@group-349356213E97, cid=2272, SUCCESS, logIndex=3355, commits[6dd5d97a-7455-476f-86d1-706748154c4a:c3355, 8c1a4ac2-2d71-4742-ab0b-89dcc95eb13f:c3353, c9d0001a-daad-4532-9e58-9f5f4a7ddd18:c3353]
2019-09-12 14:53:49,233 [grpc-default-executor-7] INFO  client.GrpcClientProtocolClient (GrpcClientProtocolClient.java:onNext(264)) - client-835E41B928D6->6dd5d97a-7455-476f-86d1-706748154c4a: receive RaftClientReply:client-835E41B928D6->6dd5d97a-7455-476f-86d1-706748154c4a@group-349356213E97, cid=2273, SUCCESS, logIndex=3358, commits[6dd5d97a-7455-476f-86d1-706748154c4a:c3359, 8c1a4ac2-2d71-4742-ab0b-89dcc95eb13f:c3355, c9d0001a-daad-4532-9e58-9f5f4a7ddd18:c3355]
2019-09-12 14:53:49,233 [grpc-default-executor-7] INFO  client.GrpcClientProtocolClient (GrpcClientProtocolClient.java:onNext(264)) - client-835E41B928D6->6dd5d97a-7455-476f-86d1-706748154c4a: receive RaftClientReply:client-835E41B928D6->6dd5d97a-7455-476f-86d1-706748154c4a@group-349356213E97, cid=2274, SUCCESS, logIndex=3359, commits[6dd5d97a-7455-476f-86d1-706748154c4a:c3359, 8c1a4ac2-2d71-4742-ab0b-89dcc95eb13f:c3355, c9d0001a-daad-4532-9e58-9f5f4a7ddd18:c3355]
2019-09-12 14:53:49,245 [grpc-default-executor-6] INFO  client.GrpcClientProtocolClient (GrpcClientProtocolClient.java:onNext(264)) - client-835E41B928D6->6dd5d97a-7455-476f-86d1-706748154c4a: receive RaftClientReply:client-835E41B928D6->6dd5d97a-7455-476f-86d1-706748154c4a@group-349356213E97, cid=2275, SUCCESS, logIndex=0, commits[6dd5d97a-7455-476f-86d1-706748154c4a:c3361, 8c1a4ac2-2d71-4742-ab0b-89dcc95eb13f:c3359, c9d0001a-daad-4532-9e58-9f5f4a7ddd18:c3359]
2019-09-12 14:53:49,272 [grpc-default-executor-6] INFO  client.GrpcClientProtocolClient (GrpcClientProtocolClient.java:onNext(264)) - client-835E41B928D6->6dd5d97a-7455-476f-86d1-706748154c4a: receive RaftClientReply:client-835E41B928D6->6dd5d97a-7455-476f-86d1-706748154c4a@group-349356213E97, cid=2276, SUCCESS, logIndex=3362, commits[6dd5d97a-7455-476f-86d1-706748154c4a:c3362, 8c1a4ac2-2d71-4742-ab0b-89dcc95eb13f:c3359, c9d0001a-daad-4532-9e58-9f5f4a7ddd18:c3361]
2019-09-12 14:53:49,272 [grpc-default-executor-6] INFO  client.GrpcClientProtocolClient (GrpcClientProtocolClient.java:onNext(264)) - client-835E41B928D6->6dd5d97a-7455-476f-86d1-706748154c4a: receive RaftClientReply:client-835E41B928D6->6dd5d97a-7455-476f-86d1-706748154c4a@group-349356213E97, cid=2277, SUCCESS, logIndex=3363, commits[6dd5d97a-7455-476f-86d1-706748154c4a:c3365, 8c1a4ac2-2d71-4742-ab0b-89dcc95eb13f:c3361, c9d0001a-daad-4532-9e58-9f5f4a7ddd18:c3361]
2019-09-12 14:53:49,273 [grpc-default-executor-6] INFO  client.GrpcClientProtocolClient (GrpcClientProtocolClient.java:onNext(264)) - client-835E41B928D6->6dd5d97a-7455-476f-86d1-706748154c4a: receive RaftClientReply:client-835E41B928D6->6dd5d97a-7455-476f-86d1-706748154c4a@group-349356213E97, cid=2278, SUCCESS, logIndex=3364, commits[6dd5d97a-7455-476f-86d1-706748154c4a:c3365, 8c1a4ac2-2d71-4742-ab0b-89dcc95eb13f:c3361, c9d0001a-daad-4532-9e58-9f5f4a7ddd18:c3361]
2019-09-12 14:53:49,273 [grpc-default-executor-6] INFO  client.GrpcClientProtocolClient (GrpcClientProtocolClient.java:onNext(264)) - client-835E41B928D6->6dd5d97a-7455-476f-86d1-706748154c4a: receive RaftClientReply:client-835E41B928D6->6dd5d97a-7455-476f-86d1-706748154c4a@group-349356213E97, cid=2279, SUCCESS, logIndex=3365, commits[6dd5d97a-7455-476f-86d1-706748154c4a:c3365, 8c1a4ac2-2d71-4742-ab0b-89dcc95eb13f:c3361, c9d0001a-daad-4532-9e58-9f5f4a7ddd18:c3361]
2019-09-12 14:53:49,274 [grpc-default-executor-6] INFO  client.GrpcClientProtocolClient (GrpcClientProtocolClient.java:onNext(264)) - client-835E41B928D6->6dd5d97a-7455-476f-86d1-706748154c4a: receive RaftClientReply:client-835E41B928D6->6dd5d97a-7455-476f-86d1-706748154c4a@group-349356213E97, cid=2280, SUCCESS, logIndex=0, commits[6dd5d97a-7455-476f-86d1-706748154c4a:c3366, 8c1a4ac2-2d71-4742-ab0b-89dcc95eb13f:c3363, c9d0001a-daad-4532-9e58-9f5f4a7ddd18:c3363]
2019-09-12 14:53:49,284 [grpc-default-executor-7] INFO  client.GrpcClientProtocolClient (GrpcClientProtocolClient.java:onNext(264)) - client-835E41B928D6->6dd5d97a-7455-476f-86d1-706748154c4a: receive RaftClientReply:client-835E41B928D6->6dd5d97a-7455-476f-86d1-706748154c4a@group-349356213E97, cid=2281, SUCCESS, logIndex=3369, commits[6dd5d97a-7455-476f-86d1-706748154c4a:c3370, 8c1a4ac2-2d71-4742-ab0b-89dcc95eb13f:c3365, c9d0001a-daad-4532-9e58-9f5f4a7ddd18:c3368]
2019-09-12 14:53:49,284 [grpc-default-executor-7] INFO  client.GrpcClientProtocolClient (GrpcClientProtocolClient.java:onNext(264)) - client-835E41B928D6->6dd5d97a-7455-476f-86d1-706748154c4a: receive RaftClientReply:client-835E41B928D6->6dd5d97a-7455-476f-86d1-706748154c4a@group-349356213E97, cid=2282, SUCCESS, logIndex=3370, commits[6dd5d97a-7455-476f-86d1-706748154c4a:c3370, 8c1a4ac2-2d71-4742-ab0b-89dcc95eb13f:c3368, c9d0001a-daad-4532-9e58-9f5f4a7ddd18:c3368]
2019-09-12 14:53:49,293 [grpc-default-executor-7] INFO  client.GrpcClientProtocolClient (GrpcClientProtocolClient.java:onNext(264)) - client-835E41B928D6->6dd5d97a-7455-476f-86d1-706748154c4a: receive RaftClientReply:client-835E41B928D6->6dd5d97a-7455-476f-86d1-706748154c4a@group-349356213E97, cid=2283, SUCCESS, logIndex=3373, commits[6dd5d97a-7455-476f-86d1-706748154c4a:c3374, 8c1a4ac2-2d71-4742-ab0b-89dcc95eb13f:c3370, c9d0001a-daad-4532-9e58-9f5f4a7ddd18:c3372]
2019-09-12 14:53:49,294 [grpc-default-executor-7] INFO  client.GrpcClientProtocolClient (GrpcClientProtocolClient.java:onNext(264)) - client-835E41B928D6->6dd5d97a-7455-476f-86d1-706748154c4a: receive RaftClientReply:client-835E41B928D6->6dd5d97a-7455-476f-86d1-706748154c4a@group-349356213E97, cid=2284, SUCCESS, logIndex=3374, commits[6dd5d97a-7455-476f-86d1-706748154c4a:c3374, 8c1a4ac2-2d71-4742-ab0b-89dcc95eb13f:c3372, c9d0001a-daad-4532-9e58-9f5f4a7ddd18:c3372]
2019-09-12 14:53:49,298 [grpc-default-executor-7] INFO  client.GrpcClientProtocolClient (GrpcClientProtocolClient.java:onNext(264)) - client-835E41B928D6->6dd5d97a-7455-476f-86d1-706748154c4a: receive RaftClientReply:client-835E41B928D6->6dd5d97a-7455-476f-86d1-706748154c4a@group-349356213E97, cid=2285, SUCCESS, logIndex=0, commits[6dd5d97a-7455-476f-86d1-706748154c4a:c3376, 8c1a4ac2-2d71-4742-ab0b-89dcc95eb13f:c3374, c9d0001a-daad-4532-9e58-9f5f4a7ddd18:c3374]
2019-09-12 14:53:49,314 [grpc-default-executor-2] INFO  client.GrpcClientProtocolClient (GrpcClientProtocolClient.java:onNext(264)) - client-835E41B928D6->6dd5d97a-7455-476f-86d1-706748154c4a: receive RaftClientReply:client-835E41B928D6->6dd5d97a-7455-476f-86d1-706748154c4a@group-349356213E97, cid=2286, SUCCESS, logIndex=3377, commits[6dd5d97a-7455-476f-86d1-706748154c4a:c3378, 8c1a4ac2-2d71-4742-ab0b-89dcc95eb13f:c3376, c9d0001a-daad-4532-9e58-9f5f4a7ddd18:c3376]
2019-09-12 14:53:49,315 [grpc-default-executor-2] INFO  client.GrpcClientProtocolClient (GrpcClientProtocolClient.java:onNext(264)) - client-835E41B928D6->6dd5d97a-7455-476f-86d1-706748154c4a: receive RaftClientReply:client-835E41B928D6->6dd5d97a-7455-476f-86d1-706748154c4a@group-349356213E97, cid=2287, SUCCESS, logIndex=3378, commits[6dd5d97a-7455-476f-86d1-706748154c4a:c3380, 8c1a4ac2-2d71-4742-ab0b-89dcc95eb13f:c3376, c9d0001a-daad-4532-9e58-9f5f4a7ddd18:c3376]
2019-09-12 14:53:49,315 [grpc-default-executor-2] INFO  client.GrpcClientProtocolClient (GrpcClientProtocolClient.java:onNext(264)) - client-835E41B928D6->6dd5d97a-7455-476f-86d1-706748154c4a: receive RaftClientReply:client-835E41B928D6->6dd5d97a-7455-476f-86d1-706748154c4a@group-349356213E97, cid=2288, SUCCESS, logIndex=3379, commits[6dd5d97a-7455-476f-86d1-706748154c4a:c3380, 8c1a4ac2-2d71-4742-ab0b-89dcc95eb13f:c3376, c9d0001a-daad-4532-9e58-9f5f4a7ddd18:c3376]
2019-09-12 14:53:49,315 [grpc-default-executor-2] INFO  client.GrpcClientProtocolClient (GrpcClientProtocolClient.java:onNext(264)) - client-835E41B928D6->6dd5d97a-7455-476f-86d1-706748154c4a: receive RaftClientReply:client-835E41B928D6->6dd5d97a-7455-476f-86d1-706748154c4a@group-349356213E97, cid=2289, SUCCESS, logIndex=3380, commits[6dd5d97a-7455-476f-86d1-706748154c4a:c3380, 8c1a4ac2-2d71-4742-ab0b-89dcc95eb13f:c3376, c9d0001a-daad-4532-9e58-9f5f4a7ddd18:c3376]
2019-09-12 14:53:49,332 [grpc-default-executor-2] INFO  client.GrpcClientProtocolClient (GrpcClientProtocolClient.java:onNext(264)) - client-835E41B928D6->6dd5d97a-7455-476f-86d1-706748154c4a: receive RaftClientReply:client-835E41B928D6->6dd5d97a-7455-476f-86d1-706748154c4a@group-349356213E97, cid=2290, SUCCESS, logIndex=0, commits[6dd5d97a-7455-476f-86d1-706748154c4a:c3383, 8c1a4ac2-2d71-4742-ab0b-89dcc95eb13f:c3380, c9d0001a-daad-4532-9e58-9f5f4a7ddd18:c3378]
2019-09-12 14:53:49,348 [grpc-default-executor-2] INFO  client.GrpcClientProtocolClient (GrpcClientProtocolClient.java:onNext(264)) - client-835E41B928D6->6dd5d97a-7455-476f-86d1-706748154c4a: receive RaftClientReply:client-835E41B928D6->6dd5d97a-7455-476f-86d1-706748154c4a@group-349356213E97, cid=2291, SUCCESS, logIndex=3384, commits[6dd5d97a-7455-476f-86d1-706748154c4a:c3385, 8c1a4ac2-2d71-4742-ab0b-89dcc95eb13f:c3383, c9d0001a-daad-4532-9e58-9f5f4a7ddd18:c3383]
2019-09-12 14:53:49,348 [grpc-default-executor-2] INFO  client.GrpcClientProtocolClient (GrpcClientProtocolClient.java:onNext(264)) - client-835E41B928D6->6dd5d97a-7455-476f-86d1-706748154c4a: receive RaftClientReply:client-835E41B928D6->6dd5d97a-7455-476f-86d1-706748154c4a@group-349356213E97, cid=2292, SUCCESS, logIndex=3385, commits[6dd5d97a-7455-476f-86d1-706748154c4a:c3385, 8c1a4ac2-2d71-4742-ab0b-89dcc95eb13f:c3383, c9d0001a-daad-4532-9e58-9f5f4a7ddd18:c3383]
2019-09-12 14:53:49,361 [grpc-default-executor-6] INFO  client.GrpcClientProtocolClient (GrpcClientProtocolClient.java:onNext(264)) - client-835E41B928D6->6dd5d97a-7455-476f-86d1-706748154c4a: receive RaftClientReply:client-835E41B928D6->6dd5d97a-7455-476f-86d1-706748154c4a@group-349356213E97, cid=2293, SUCCESS, logIndex=3388, commits[6dd5d97a-7455-476f-86d1-706748154c4a:c3388, 8c1a4ac2-2d71-4742-ab0b-89dcc95eb13f:c3385, c9d0001a-daad-4532-9e58-9f5f4a7ddd18:c3384]
2019-09-12 14:53:49,361 [grpc-default-executor-6] INFO  client.GrpcClientProtocolClient (GrpcClientProtocolClient.java:onNext(264)) - client-835E41B928D6->6dd5d97a-7455-476f-86d1-706748154c4a: receive RaftClientReply:client-835E41B928D6->6dd5d97a-7455-476f-86d1-706748154c4a@group-349356213E97, cid=2294, SUCCESS, logIndex=3389, commits[6dd5d97a-7455-476f-86d1-706748154c4a:c3389, 8c1a4ac2-2d71-4742-ab0b-89dcc95eb13f:c3385, c9d0001a-daad-4532-9e58-9f5f4a7ddd18:c3385]
2019-09-12 14:53:49,364 [grpc-default-executor-6] INFO  client.GrpcClientProtocolClient (GrpcClientProtocolClient.java:onNext(264)) - client-835E41B928D6->6dd5d97a-7455-476f-86d1-706748154c4a: receive RaftClientReply:client-835E41B928D6->6dd5d97a-7455-476f-86d1-706748154c4a@group-349356213E97, cid=2295, SUCCESS, logIndex=0, commits[6dd5d97a-7455-476f-86d1-706748154c4a:c3390, 8c1a4ac2-2d71-4742-ab0b-89dcc95eb13f:c3389, c9d0001a-daad-4532-9e58-9f5f4a7ddd18:c3389]
2019-09-12 14:53:49,389 [grpc-default-executor-6] INFO  client.GrpcClientProtocolClient (GrpcClientProtocolClient.java:onNext(264)) - client-835E41B928D6->6dd5d97a-7455-476f-86d1-706748154c4a: receive RaftClientReply:client-835E41B928D6->6dd5d97a-7455-476f-86d1-706748154c4a@group-349356213E97, cid=2296, SUCCESS, logIndex=3392, commits[6dd5d97a-7455-476f-86d1-706748154c4a:c3393, 8c1a4ac2-2d71-4742-ab0b-89dcc95eb13f:c3391, c9d0001a-daad-4532-9e58-9f5f4a7ddd18:c3391]
2019-09-12 14:53:49,390 [grpc-default-executor-6] INFO  client.GrpcClientProtocolClient (GrpcClientProtocolClient.java:onNext(264)) - client-835E41B928D6->6dd5d97a-7455-476f-86d1-706748154c4a: receive RaftClientReply:client-835E41B928D6->6dd5d97a-7455-476f-86d1-706748154c4a@group-349356213E97, cid=2297, SUCCESS, logIndex=3393, commits[6dd5d97a-7455-476f-86d1-706748154c4a:c3394, 8c1a4ac2-2d71-4742-ab0b-89dcc95eb13f:c3391, c9d0001a-daad-4532-9e58-9f5f4a7ddd18:c3391]
2019-09-12 14:53:49,390 [grpc-default-executor-6] INFO  client.GrpcClientProtocolClient (GrpcClientProtocolClient.java:onNext(264)) - client-835E41B928D6->6dd5d97a-7455-476f-86d1-706748154c4a: receive RaftClientReply:client-835E41B928D6->6dd5d97a-7455-476f-86d1-706748154c4a@group-349356213E97, cid=2298, SUCCESS, logIndex=3394, commits[6dd5d97a-7455-476f-86d1-706748154c4a:c3395, 8c1a4ac2-2d71-4742-ab0b-89dcc95eb13f:c3391, c9d0001a-daad-4532-9e58-9f5f4a7ddd18:c3391]
2019-09-12 14:53:49,390 [grpc-default-executor-6] INFO  client.GrpcClientProtocolClient (GrpcClientProtocolClient.java:onNext(264)) - client-835E41B928D6->6dd5d97a-7455-476f-86d1-706748154c4a: receive RaftClientReply:client-835E41B928D6->6dd5d97a-7455-476f-86d1-706748154c4a@group-349356213E97, cid=2299, SUCCESS, logIndex=3395, commits[6dd5d97a-7455-476f-86d1-706748154c4a:c3395, 8c1a4ac2-2d71-4742-ab0b-89dcc95eb13f:c3391, c9d0001a-daad-4532-9e58-9f5f4a7ddd18:c3391]
2019-09-12 14:53:49,402 [grpc-default-executor-6] INFO  client.GrpcClientProtocolClient (GrpcClientProtocolClient.java:onNext(264)) - client-835E41B928D6->6dd5d97a-7455-476f-86d1-706748154c4a: receive RaftClientReply:client-835E41B928D6->6dd5d97a-7455-476f-86d1-706748154c4a@group-349356213E97, cid=2300, SUCCESS, logIndex=0, commits[6dd5d97a-7455-476f-86d1-706748154c4a:c3397, 8c1a4ac2-2d71-4742-ab0b-89dcc95eb13f:c3393, c9d0001a-daad-4532-9e58-9f5f4a7ddd18:c3393]
2019-09-12 14:53:49,419 [grpc-default-executor-5] INFO  client.GrpcClientProtocolClient (GrpcClientProtocolClient.java:onNext(264)) - client-835E41B928D6->6dd5d97a-7455-476f-86d1-706748154c4a: receive RaftClientReply:client-835E41B928D6->6dd5d97a-7455-476f-86d1-706748154c4a@group-349356213E97, cid=2301, SUCCESS, logIndex=3400, commits[6dd5d97a-7455-476f-86d1-706748154c4a:c3401, 8c1a4ac2-2d71-4742-ab0b-89dcc95eb13f:c3399, c9d0001a-daad-4532-9e58-9f5f4a7ddd18:c3399]
2019-09-12 14:53:49,420 [grpc-default-executor-5] INFO  client.GrpcClientProtocolClient (GrpcClientProtocolClient.java:onNext(264)) - client-835E41B928D6->6dd5d97a-7455-476f-86d1-706748154c4a: receive RaftClientReply:client-835E41B928D6->6dd5d97a-7455-476f-86d1-706748154c4a@group-349356213E97, cid=2302, SUCCESS, logIndex=3401, commits[6dd5d97a-7455-476f-86d1-706748154c4a:c3401, 8c1a4ac2-2d71-4742-ab0b-89dcc95eb13f:c3399, c9d0001a-daad-4532-9e58-9f5f4a7ddd18:c3399]
2019-09-12 14:53:49,432 [grpc-default-executor-5] INFO  client.GrpcClientProtocolClient (GrpcClientProtocolClient.java:onNext(264)) - client-835E41B928D6->6dd5d97a-7455-476f-86d1-706748154c4a: receive RaftClientReply:client-835E41B928D6->6dd5d97a-7455-476f-86d1-706748154c4a@group-349356213E97, cid=2303, SUCCESS, logIndex=3404, commits[6dd5d97a-7455-476f-86d1-706748154c4a:c3404, 8c1a4ac2-2d71-4742-ab0b-89dcc95eb13f:c3401, c9d0001a-daad-4532-9e58-9f5f4a7ddd18:c3401]
2019-09-12 14:53:49,433 [grpc-default-executor-5] INFO  client.GrpcClientProtocolClient (GrpcClientProtocolClient.java:onNext(264)) - client-835E41B928D6->6dd5d97a-7455-476f-86d1-706748154c4a: receive RaftClientReply:client-835E41B928D6->6dd5d97a-7455-476f-86d1-706748154c4a@group-349356213E97, cid=2304, SUCCESS, logIndex=3405, commits[6dd5d97a-7455-476f-86d1-706748154c4a:c3405, 8c1a4ac2-2d71-4742-ab0b-89dcc95eb13f:c3401, c9d0001a-daad-4532-9e58-9f5f4a7ddd18:c3401]
2019-09-12 14:53:49,445 [grpc-default-executor-5] INFO  client.GrpcClientProtocolClient (GrpcClientProtocolClient.java:onNext(264)) - client-835E41B928D6->6dd5d97a-7455-476f-86d1-706748154c4a: receive RaftClientReply:client-835E41B928D6->6dd5d97a-7455-476f-86d1-706748154c4a@group-349356213E97, cid=2305, SUCCESS, logIndex=0, commits[6dd5d97a-7455-476f-86d1-706748154c4a:c3406, 8c1a4ac2-2d71-4742-ab0b-89dcc95eb13f:c3405, c9d0001a-daad-4532-9e58-9f5f4a7ddd18:c3405]
 0.00% |█                                                                                                    |  0/1 Time: 0:00:172019-09-12 14:53:49,469 [grpc-default-executor-5] INFO  client.GrpcClientProtocolClient (GrpcClientProtocolClient.java:onNext(264)) - client-835E41B928D6->6dd5d97a-7455-476f-86d1-706748154c4a: receive RaftClientReply:client-835E41B928D6->6dd5d97a-7455-476f-86d1-706748154c4a@group-349356213E97, cid=2306, SUCCESS, logIndex=3408, commits[6dd5d97a-7455-476f-86d1-706748154c4a:c3409, 8c1a4ac2-2d71-4742-ab0b-89dcc95eb13f:c3407, c9d0001a-daad-4532-9e58-9f5f4a7ddd18:c3407]
2019-09-12 14:53:49,470 [grpc-default-executor-5] INFO  client.GrpcClientProtocolClient (GrpcClientProtocolClient.java:onNext(264)) - client-835E41B928D6->6dd5d97a-7455-476f-86d1-706748154c4a: receive RaftClientReply:client-835E41B928D6->6dd5d97a-7455-476f-86d1-706748154c4a@group-349356213E97, cid=2307, SUCCESS, logIndex=3409, commits[6dd5d97a-7455-476f-86d1-706748154c4a:c3411, 8c1a4ac2-2d71-4742-ab0b-89dcc95eb13f:c3407, c9d0001a-daad-4532-9e58-9f5f4a7ddd18:c3407]
2019-09-12 14:53:49,470 [grpc-default-executor-5] INFO  client.GrpcClientProtocolClient (GrpcClientProtocolClient.java:onNext(264)) - client-835E41B928D6->6dd5d97a-7455-476f-86d1-706748154c4a: receive RaftClientReply:client-835E41B928D6->6dd5d97a-7455-476f-86d1-706748154c4a@group-349356213E97, cid=2308, SUCCESS, logIndex=3410, commits[6dd5d97a-7455-476f-86d1-706748154c4a:c3411, 8c1a4ac2-2d71-4742-ab0b-89dcc95eb13f:c3407, c9d0001a-daad-4532-9e58-9f5f4a7ddd18:c3407]
2019-09-12 14:53:49,470 [grpc-default-executor-5] INFO  client.GrpcClientProtocolClient (GrpcClientProtocolClient.java:onNext(264)) - client-835E41B928D6->6dd5d97a-7455-476f-86d1-706748154c4a: receive RaftClientReply:client-835E41B928D6->6dd5d97a-7455-476f-86d1-706748154c4a@group-349356213E97, cid=2309, SUCCESS, logIndex=3411, commits[6dd5d97a-7455-476f-86d1-706748154c4a:c3411, 8c1a4ac2-2d71-4742-ab0b-89dcc95eb13f:c3407, c9d0001a-daad-4532-9e58-9f5f4a7ddd18:c3407]
2019-09-12 14:53:49,471 [grpc-default-executor-5] INFO  client.GrpcClientProtocolClient (GrpcClientProtocolClient.java:onNext(264)) - client-835E41B928D6->6dd5d97a-7455-476f-86d1-706748154c4a: receive RaftClientReply:client-835E41B928D6->6dd5d97a-7455-476f-86d1-706748154c4a@group-349356213E97, cid=2310, SUCCESS, logIndex=0, commits[6dd5d97a-7455-476f-86d1-706748154c4a:c3413, 8c1a4ac2-2d71-4742-ab0b-89dcc95eb13f:c3409, c9d0001a-daad-4532-9e58-9f5f4a7ddd18:c3411]
2019-09-12 14:53:49,489 [grpc-default-executor-6] INFO  client.GrpcClientProtocolClient (GrpcClientProtocolClient.java:onNext(264)) - client-835E41B928D6->6dd5d97a-7455-476f-86d1-706748154c4a: receive RaftClientReply:client-835E41B928D6->6dd5d97a-7455-476f-86d1-706748154c4a@group-349356213E97, cid=2311, SUCCESS, logIndex=3416, commits[6dd5d97a-7455-476f-86d1-706748154c4a:c3417, 8c1a4ac2-2d71-4742-ab0b-89dcc95eb13f:c3415, c9d0001a-daad-4532-9e58-9f5f4a7ddd18:c3415]
2019-09-12 14:53:49,489 [grpc-default-executor-6] INFO  client.GrpcClientProtocolClient (GrpcClientProtocolClient.java:onNext(264)) - client-835E41B928D6->6dd5d97a-7455-476f-86d1-706748154c4a: receive RaftClientReply:client-835E41B928D6->6dd5d97a-7455-476f-86d1-706748154c4a@group-349356213E97, cid=2312, SUCCESS, logIndex=3417, commits[6dd5d97a-7455-476f-86d1-706748154c4a:c3417, 8c1a4ac2-2d71-4742-ab0b-89dcc95eb13f:c3415, c9d0001a-daad-4532-9e58-9f5f4a7ddd18:c3415]
2019-09-12 14:53:49,502 [grpc-default-executor-6] INFO  client.GrpcClientProtocolClient (GrpcClientProtocolClient.java:onNext(264)) - client-835E41B928D6->6dd5d97a-7455-476f-86d1-706748154c4a: receive RaftClientReply:client-835E41B928D6->6dd5d97a-7455-476f-86d1-706748154c4a@group-349356213E97, cid=2313, SUCCESS, logIndex=3420, commits[6dd5d97a-7455-476f-86d1-706748154c4a:c3420, 8c1a4ac2-2d71-4742-ab0b-89dcc95eb13f:c3417, c9d0001a-daad-4532-9e58-9f5f4a7ddd18:c3417]
2019-09-12 14:53:49,502 [grpc-default-executor-6] INFO  client.GrpcClientProtocolClient (GrpcClientProtocolClient.java:onNext(264)) - client-835E41B928D6->6dd5d97a-7455-476f-86d1-706748154c4a: receive RaftClientReply:client-835E41B928D6->6dd5d97a-7455-476f-86d1-706748154c4a@group-349356213E97, cid=2314, SUCCESS, logIndex=3421, commits[6dd5d97a-7455-476f-86d1-706748154c4a:c3421, 8c1a4ac2-2d71-4742-ab0b-89dcc95eb13f:c3417, c9d0001a-daad-4532-9e58-9f5f4a7ddd18:c3417]
2019-09-12 14:53:49,514 [grpc-default-executor-6] INFO  client.GrpcClientProtocolClient (GrpcClientProtocolClient.java:onNext(264)) - client-835E41B928D6->6dd5d97a-7455-476f-86d1-706748154c4a: receive RaftClientReply:client-835E41B928D6->6dd5d97a-7455-476f-86d1-706748154c4a@group-349356213E97, cid=2315, SUCCESS, logIndex=0, commits[6dd5d97a-7455-476f-86d1-706748154c4a:c3422, 8c1a4ac2-2d71-4742-ab0b-89dcc95eb13f:c3421, c9d0001a-daad-4532-9e58-9f5f4a7ddd18:c3421]
2019-09-12 14:53:49,539 [grpc-default-executor-7] INFO  client.GrpcClientProtocolClient (GrpcClientProtocolClient.java:onNext(264)) - client-835E41B928D6->6dd5d97a-7455-476f-86d1-706748154c4a: receive RaftClientReply:client-835E41B928D6->6dd5d97a-7455-476f-86d1-706748154c4a@group-349356213E97, cid=2316, SUCCESS, logIndex=3424, commits[6dd5d97a-7455-476f-86d1-706748154c4a:c3425, 8c1a4ac2-2d71-4742-ab0b-89dcc95eb13f:c3423, c9d0001a-daad-4532-9e58-9f5f4a7ddd18:c3423]
2019-09-12 14:53:49,539 [grpc-default-executor-7] INFO  client.GrpcClientProtocolClient (GrpcClientProtocolClient.java:onNext(264)) - client-835E41B928D6->6dd5d97a-7455-476f-86d1-706748154c4a: receive RaftClientReply:client-835E41B928D6->6dd5d97a-7455-476f-86d1-706748154c4a@group-349356213E97, cid=2317, SUCCESS, logIndex=3425, commits[6dd5d97a-7455-476f-86d1-706748154c4a:c3425, 8c1a4ac2-2d71-4742-ab0b-89dcc95eb13f:c3423, c9d0001a-daad-4532-9e58-9f5f4a7ddd18:c3423]
2019-09-12 14:53:49,539 [grpc-default-executor-7] INFO  client.GrpcClientProtocolClient (GrpcClientProtocolClient.java:onNext(264)) - client-835E41B928D6->6dd5d97a-7455-476f-86d1-706748154c4a: receive RaftClientReply:client-835E41B928D6->6dd5d97a-7455-476f-86d1-706748154c4a@group-349356213E97, cid=2318, SUCCESS, logIndex=3426, commits[6dd5d97a-7455-476f-86d1-706748154c4a:c3427, 8c1a4ac2-2d71-4742-ab0b-89dcc95eb13f:c3423, c9d0001a-daad-4532-9e58-9f5f4a7ddd18:c3423]
2019-09-12 14:53:49,540 [grpc-default-executor-7] INFO  client.GrpcClientProtocolClient (GrpcClientProtocolClient.java:onNext(264)) - client-835E41B928D6->6dd5d97a-7455-476f-86d1-706748154c4a: receive RaftClientReply:client-835E41B928D6->6dd5d97a-7455-476f-86d1-706748154c4a@group-349356213E97, cid=2319, SUCCESS, logIndex=3427, commits[6dd5d97a-7455-476f-86d1-706748154c4a:c3427, 8c1a4ac2-2d71-4742-ab0b-89dcc95eb13f:c3423, c9d0001a-daad-4532-9e58-9f5f4a7ddd18:c3423]
2019-09-12 14:53:49,541 [grpc-default-executor-7] INFO  client.GrpcClientProtocolClient (GrpcClientProtocolClient.java:onNext(264)) - client-835E41B928D6->6dd5d97a-7455-476f-86d1-706748154c4a: receive RaftClientReply:client-835E41B928D6->6dd5d97a-7455-476f-86d1-706748154c4a@group-349356213E97, cid=2320, SUCCESS, logIndex=0, commits[6dd5d97a-7455-476f-86d1-706748154c4a:c3429, 8c1a4ac2-2d71-4742-ab0b-89dcc95eb13f:c3425, c9d0001a-daad-4532-9e58-9f5f4a7ddd18:c3425]
2019-09-12 14:53:49,551 [grpc-default-executor-7] INFO  client.GrpcClientProtocolClient (GrpcClientProtocolClient.java:onNext(264)) - client-835E41B928D6->6dd5d97a-7455-476f-86d1-706748154c4a: receive RaftClientReply:client-835E41B928D6->6dd5d97a-7455-476f-86d1-706748154c4a@group-349356213E97, cid=2321, SUCCESS, logIndex=3431, commits[6dd5d97a-7455-476f-86d1-706748154c4a:c3432, 8c1a4ac2-2d71-4742-ab0b-89dcc95eb13f:c3427, c9d0001a-daad-4532-9e58-9f5f4a7ddd18:c3430]
2019-09-12 14:53:49,551 [grpc-default-executor-7] INFO  client.GrpcClientProtocolClient (GrpcClientProtocolClient.java:onNext(264)) - client-835E41B928D6->6dd5d97a-7455-476f-86d1-706748154c4a: receive RaftClientReply:client-835E41B928D6->6dd5d97a-7455-476f-86d1-706748154c4a@group-349356213E97, cid=2322, SUCCESS, logIndex=3432, commits[6dd5d97a-7455-476f-86d1-706748154c4a:c3432, 8c1a4ac2-2d71-4742-ab0b-89dcc95eb13f:c3430, c9d0001a-daad-4532-9e58-9f5f4a7ddd18:c3430]
2019-09-12 14:53:49,669 [grpc-default-executor-7] INFO  client.GrpcClientProtocolClient (GrpcClientProtocolClient.java:onNext(264)) - client-835E41B928D6->6dd5d97a-7455-476f-86d1-706748154c4a: receive RaftClientReply:client-835E41B928D6->6dd5d97a-7455-476f-86d1-706748154c4a@group-349356213E97, cid=2323, SUCCESS, logIndex=3435, commits[6dd5d97a-7455-476f-86d1-706748154c4a:c3436, 8c1a4ac2-2d71-4742-ab0b-89dcc95eb13f:c3434, c9d0001a-daad-4532-9e58-9f5f4a7ddd18:c3434]
2019-09-12 14:53:49,670 [grpc-default-executor-7] INFO  client.GrpcClientProtocolClient (GrpcClientProtocolClient.java:onNext(264)) - client-835E41B928D6->6dd5d97a-7455-476f-86d1-706748154c4a: receive RaftClientReply:client-835E41B928D6->6dd5d97a-7455-476f-86d1-706748154c4a@group-349356213E97, cid=2324, SUCCESS, logIndex=3436, commits[6dd5d97a-7455-476f-86d1-706748154c4a:c3436, 8c1a4ac2-2d71-4742-ab0b-89dcc95eb13f:c3434, c9d0001a-daad-4532-9e58-9f5f4a7ddd18:c3434]
2019-09-12 14:53:49,682 [grpc-default-executor-7] INFO  client.GrpcClientProtocolClient (GrpcClientProtocolClient.java:onNext(264)) - client-835E41B928D6->6dd5d97a-7455-476f-86d1-706748154c4a: receive RaftClientReply:client-835E41B928D6->6dd5d97a-7455-476f-86d1-706748154c4a@group-349356213E97, cid=2325, SUCCESS, logIndex=0, commits[6dd5d97a-7455-476f-86d1-706748154c4a:c3437, 8c1a4ac2-2d71-4742-ab0b-89dcc95eb13f:c3436, c9d0001a-daad-4532-9e58-9f5f4a7ddd18:c3436]
2019-09-12 14:53:49,717 [grpc-default-executor-2] INFO  client.GrpcClientProtocolClient (GrpcClientProtocolClient.java:onNext(264)) - client-835E41B928D6->6dd5d97a-7455-476f-86d1-706748154c4a: receive RaftClientReply:client-835E41B928D6->6dd5d97a-7455-476f-86d1-706748154c4a@group-349356213E97, cid=2326, SUCCESS, logIndex=3439, commits[6dd5d97a-7455-476f-86d1-706748154c4a:c3440, 8c1a4ac2-2d71-4742-ab0b-89dcc95eb13f:c3438, c9d0001a-daad-4532-9e58-9f5f4a7ddd18:c3436]
2019-09-12 14:53:49,718 [grpc-default-executor-2] INFO  client.GrpcClientProtocolClient (GrpcClientProtocolClient.java:onNext(264)) - client-835E41B928D6->6dd5d97a-7455-476f-86d1-706748154c4a: receive RaftClientReply:client-835E41B928D6->6dd5d97a-7455-476f-86d1-706748154c4a@group-349356213E97, cid=2327, SUCCESS, logIndex=3440, commits[6dd5d97a-7455-476f-86d1-706748154c4a:c3442, 8c1a4ac2-2d71-4742-ab0b-89dcc95eb13f:c3438, c9d0001a-daad-4532-9e58-9f5f4a7ddd18:c3438]
2019-09-12 14:53:49,720 [grpc-default-executor-5] INFO  client.GrpcClientProtocolClient (GrpcClientProtocolClient.java:onNext(264)) - client-835E41B928D6->6dd5d97a-7455-476f-86d1-706748154c4a: receive RaftClientReply:client-835E41B928D6->6dd5d97a-7455-476f-86d1-706748154c4a@group-349356213E97, cid=2328, SUCCESS, logIndex=3441, commits[6dd5d97a-7455-476f-86d1-706748154c4a:c3442, 8c1a4ac2-2d71-4742-ab0b-89dcc95eb13f:c3438, c9d0001a-daad-4532-9e58-9f5f4a7ddd18:c3438]
2019-09-12 14:53:49,720 [grpc-default-executor-5] INFO  client.GrpcClientProtocolClient (GrpcClientProtocolClient.java:onNext(264)) - client-835E41B928D6->6dd5d97a-7455-476f-86d1-706748154c4a: receive RaftClientReply:client-835E41B928D6->6dd5d97a-7455-476f-86d1-706748154c4a@group-349356213E97, cid=2329, SUCCESS, logIndex=3442, commits[6dd5d97a-7455-476f-86d1-706748154c4a:c3443, 8c1a4ac2-2d71-4742-ab0b-89dcc95eb13f:c3440, c9d0001a-daad-4532-9e58-9f5f4a7ddd18:c3438]
2019-09-12 14:53:49,721 [grpc-default-executor-5] INFO  client.GrpcClientProtocolClient (GrpcClientProtocolClient.java:onNext(264)) - client-835E41B928D6->6dd5d97a-7455-476f-86d1-706748154c4a: receive RaftClientReply:client-835E41B928D6->6dd5d97a-7455-476f-86d1-706748154c4a@group-349356213E97, cid=2330, SUCCESS, logIndex=0, commits[6dd5d97a-7455-476f-86d1-706748154c4a:c3446, 8c1a4ac2-2d71-4742-ab0b-89dcc95eb13f:c3442, c9d0001a-daad-4532-9e58-9f5f4a7ddd18:c3442]
2019-09-12 14:53:49,742 [grpc-default-executor-2] INFO  client.GrpcClientProtocolClient (GrpcClientProtocolClient.java:onNext(264)) - client-835E41B928D6->6dd5d97a-7455-476f-86d1-706748154c4a: receive RaftClientReply:client-835E41B928D6->6dd5d97a-7455-476f-86d1-706748154c4a@group-349356213E97, cid=2331, SUCCESS, logIndex=3447, commits[6dd5d97a-7455-476f-86d1-706748154c4a:c3448, 8c1a4ac2-2d71-4742-ab0b-89dcc95eb13f:c3446, c9d0001a-daad-4532-9e58-9f5f4a7ddd18:c3446]
2019-09-12 14:53:49,743 [grpc-default-executor-2] INFO  client.GrpcClientProtocolClient (GrpcClientProtocolClient.java:onNext(264)) - client-835E41B928D6->6dd5d97a-7455-476f-86d1-706748154c4a: receive RaftClientReply:client-835E41B928D6->6dd5d97a-7455-476f-86d1-706748154c4a@group-349356213E97, cid=2332, SUCCESS, logIndex=3448, commits[6dd5d97a-7455-476f-86d1-706748154c4a:c3448, 8c1a4ac2-2d71-4742-ab0b-89dcc95eb13f:c3446, c9d0001a-daad-4532-9e58-9f5f4a7ddd18:c3446]
2019-09-12 14:53:49,756 [grpc-default-executor-2] INFO  client.GrpcClientProtocolClient (GrpcClientProtocolClient.java:onNext(264)) - client-835E41B928D6->6dd5d97a-7455-476f-86d1-706748154c4a: receive RaftClientReply:client-835E41B928D6->6dd5d97a-7455-476f-86d1-706748154c4a@group-349356213E97, cid=2333, SUCCESS, logIndex=3451, commits[6dd5d97a-7455-476f-86d1-706748154c4a:c3452, 8c1a4ac2-2d71-4742-ab0b-89dcc95eb13f:c3448, c9d0001a-daad-4532-9e58-9f5f4a7ddd18:c3448]
2019-09-12 14:53:49,756 [grpc-default-executor-2] INFO  client.GrpcClientProtocolClient (GrpcClientProtocolClient.java:onNext(264)) - client-835E41B928D6->6dd5d97a-7455-476f-86d1-706748154c4a: receive RaftClientReply:client-835E41B928D6->6dd5d97a-7455-476f-86d1-706748154c4a@group-349356213E97, cid=2334, SUCCESS, logIndex=3452, commits[6dd5d97a-7455-476f-86d1-706748154c4a:c3452, 8c1a4ac2-2d71-4742-ab0b-89dcc95eb13f:c3448, c9d0001a-daad-4532-9e58-9f5f4a7ddd18:c3448]
2019-09-12 14:53:49,768 [grpc-default-executor-2] INFO  client.GrpcClientProtocolClient (GrpcClientProtocolClient.java:onNext(264)) - client-835E41B928D6->6dd5d97a-7455-476f-86d1-706748154c4a: receive RaftClientReply:client-835E41B928D6->6dd5d97a-7455-476f-86d1-706748154c4a@group-349356213E97, cid=2335, SUCCESS, logIndex=0, commits[6dd5d97a-7455-476f-86d1-706748154c4a:c3453, 8c1a4ac2-2d71-4742-ab0b-89dcc95eb13f:c3452, c9d0001a-daad-4532-9e58-9f5f4a7ddd18:c3452]
2019-09-12 14:53:49,803 [grpc-default-executor-5] INFO  client.GrpcClientProtocolClient (GrpcClientProtocolClient.java:onNext(264)) - client-835E41B928D6->6dd5d97a-7455-476f-86d1-706748154c4a: receive RaftClientReply:client-835E41B928D6->6dd5d97a-7455-476f-86d1-706748154c4a@group-349356213E97, cid=2336, SUCCESS, logIndex=3454, commits[6dd5d97a-7455-476f-86d1-706748154c4a:c3455, 8c1a4ac2-2d71-4742-ab0b-89dcc95eb13f:c3453, c9d0001a-daad-4532-9e58-9f5f4a7ddd18:c3453]
2019-09-12 14:53:49,805 [grpc-default-executor-5] INFO  client.GrpcClientProtocolClient (GrpcClientProtocolClient.java:onNext(264)) - client-835E41B928D6->6dd5d97a-7455-476f-86d1-706748154c4a: receive RaftClientReply:client-835E41B928D6->6dd5d97a-7455-476f-86d1-706748154c4a@group-349356213E97, cid=2337, SUCCESS, logIndex=3455, commits[6dd5d97a-7455-476f-86d1-706748154c4a:c3455, 8c1a4ac2-2d71-4742-ab0b-89dcc95eb13f:c3453, c9d0001a-daad-4532-9e58-9f5f4a7ddd18:c3453]
2019-09-12 14:53:49,806 [grpc-default-executor-5] INFO  client.GrpcClientProtocolClient (GrpcClientProtocolClient.java:onNext(264)) - client-835E41B928D6->6dd5d97a-7455-476f-86d1-706748154c4a: receive RaftClientReply:client-835E41B928D6->6dd5d97a-7455-476f-86d1-706748154c4a@group-349356213E97, cid=2338, SUCCESS, logIndex=3456, commits[6dd5d97a-7455-476f-86d1-706748154c4a:c3457, 8c1a4ac2-2d71-4742-ab0b-89dcc95eb13f:c3453, c9d0001a-daad-4532-9e58-9f5f4a7ddd18:c3453]
2019-09-12 14:53:49,806 [grpc-default-executor-5] INFO  client.GrpcClientProtocolClient (GrpcClientProtocolClient.java:onNext(264)) - client-835E41B928D6->6dd5d97a-7455-476f-86d1-706748154c4a: receive RaftClientReply:client-835E41B928D6->6dd5d97a-7455-476f-86d1-706748154c4a@group-349356213E97, cid=2339, SUCCESS, logIndex=3457, commits[6dd5d97a-7455-476f-86d1-706748154c4a:c3457, 8c1a4ac2-2d71-4742-ab0b-89dcc95eb13f:c3453, c9d0001a-daad-4532-9e58-9f5f4a7ddd18:c3453]
2019-09-12 14:53:49,807 [grpc-default-executor-5] INFO  client.GrpcClientProtocolClient (GrpcClientProtocolClient.java:onNext(264)) - client-835E41B928D6->6dd5d97a-7455-476f-86d1-706748154c4a: receive RaftClientReply:client-835E41B928D6->6dd5d97a-7455-476f-86d1-706748154c4a@group-349356213E97, cid=2340, SUCCESS, logIndex=0, commits[6dd5d97a-7455-476f-86d1-706748154c4a:c3461, 8c1a4ac2-2d71-4742-ab0b-89dcc95eb13f:c3457, c9d0001a-daad-4532-9e58-9f5f4a7ddd18:c3457]
2019-09-12 14:53:49,830 [grpc-default-executor-2] INFO  client.GrpcClientProtocolClient (GrpcClientProtocolClient.java:onNext(264)) - client-835E41B928D6->6dd5d97a-7455-476f-86d1-706748154c4a: receive RaftClientReply:client-835E41B928D6->6dd5d97a-7455-476f-86d1-706748154c4a@group-349356213E97, cid=2341, SUCCESS, logIndex=3462, commits[6dd5d97a-7455-476f-86d1-706748154c4a:c3463, 8c1a4ac2-2d71-4742-ab0b-89dcc95eb13f:c3461, c9d0001a-daad-4532-9e58-9f5f4a7ddd18:c3461]
2019-09-12 14:53:49,830 [grpc-default-executor-2] INFO  client.GrpcClientProtocolClient (GrpcClientProtocolClient.java:onNext(264)) - client-835E41B928D6->6dd5d97a-7455-476f-86d1-706748154c4a: receive RaftClientReply:client-835E41B928D6->6dd5d97a-7455-476f-86d1-706748154c4a@group-349356213E97, cid=2342, SUCCESS, logIndex=3463, commits[6dd5d97a-7455-476f-86d1-706748154c4a:c3463, 8c1a4ac2-2d71-4742-ab0b-89dcc95eb13f:c3461, c9d0001a-daad-4532-9e58-9f5f4a7ddd18:c3461]
2019-09-12 14:53:49,852 [grpc-default-executor-7] INFO  client.GrpcClientProtocolClient (GrpcClientProtocolClient.java:onNext(264)) - client-835E41B928D6->6dd5d97a-7455-476f-86d1-706748154c4a: receive RaftClientReply:client-835E41B928D6->6dd5d97a-7455-476f-86d1-706748154c4a@group-349356213E97, cid=2343, SUCCESS, logIndex=3466, commits[6dd5d97a-7455-476f-86d1-706748154c4a:c3467, 8c1a4ac2-2d71-4742-ab0b-89dcc95eb13f:c3463, c9d0001a-daad-4532-9e58-9f5f4a7ddd18:c3463]
2019-09-12 14:53:49,853 [grpc-default-executor-7] INFO  client.GrpcClientProtocolClient (GrpcClientProtocolClient.java:onNext(264)) - client-835E41B928D6->6dd5d97a-7455-476f-86d1-706748154c4a: receive RaftClientReply:client-835E41B928D6->6dd5d97a-7455-476f-86d1-706748154c4a@group-349356213E97, cid=2344, SUCCESS, logIndex=3467, commits[6dd5d97a-7455-476f-86d1-706748154c4a:c3467, 8c1a4ac2-2d71-4742-ab0b-89dcc95eb13f:c3463, c9d0001a-daad-4532-9e58-9f5f4a7ddd18:c3463]
2019-09-12 14:53:49,865 [grpc-default-executor-7] INFO  client.GrpcClientProtocolClient (GrpcClientProtocolClient.java:onNext(264)) - client-835E41B928D6->6dd5d97a-7455-476f-86d1-706748154c4a: receive RaftClientReply:client-835E41B928D6->6dd5d97a-7455-476f-86d1-706748154c4a@group-349356213E97, cid=2345, SUCCESS, logIndex=0, commits[6dd5d97a-7455-476f-86d1-706748154c4a:c3468, 8c1a4ac2-2d71-4742-ab0b-89dcc95eb13f:c3467, c9d0001a-daad-4532-9e58-9f5f4a7ddd18:c3467]
2019-09-12 14:53:49,898 [grpc-default-executor-7] INFO  client.GrpcClientProtocolClient (GrpcClientProtocolClient.java:onNext(264)) - client-835E41B928D6->6dd5d97a-7455-476f-86d1-706748154c4a: receive RaftClientReply:client-835E41B928D6->6dd5d97a-7455-476f-86d1-706748154c4a@group-349356213E97, cid=2346, SUCCESS, logIndex=3470, commits[6dd5d97a-7455-476f-86d1-706748154c4a:c3470, 8c1a4ac2-2d71-4742-ab0b-89dcc95eb13f:c3469, c9d0001a-daad-4532-9e58-9f5f4a7ddd18:c3469]
2019-09-12 14:53:49,898 [grpc-default-executor-7] INFO  client.GrpcClientProtocolClient (GrpcClientProtocolClient.java:onNext(264)) - client-835E41B928D6->6dd5d97a-7455-476f-86d1-706748154c4a: receive RaftClientReply:client-835E41B928D6->6dd5d97a-7455-476f-86d1-706748154c4a@group-349356213E97, cid=2347, SUCCESS, logIndex=3471, commits[6dd5d97a-7455-476f-86d1-706748154c4a:c3471, 8c1a4ac2-2d71-4742-ab0b-89dcc95eb13f:c3469, c9d0001a-daad-4532-9e58-9f5f4a7ddd18:c3469]
2019-09-12 14:53:49,900 [grpc-default-executor-2] INFO  client.GrpcClientProtocolClient (GrpcClientProtocolClient.java:onNext(264)) - client-835E41B928D6->6dd5d97a-7455-476f-86d1-706748154c4a: receive RaftClientReply:client-835E41B928D6->6dd5d97a-7455-476f-86d1-706748154c4a@group-349356213E97, cid=2348, SUCCESS, logIndex=3472, commits[6dd5d97a-7455-476f-86d1-706748154c4a:c3473, 8c1a4ac2-2d71-4742-ab0b-89dcc95eb13f:c3469, c9d0001a-daad-4532-9e58-9f5f4a7ddd18:c3469]
2019-09-12 14:53:49,900 [grpc-default-executor-2] INFO  client.GrpcClientProtocolClient (GrpcClientProtocolClient.java:onNext(264)) - client-835E41B928D6->6dd5d97a-7455-476f-86d1-706748154c4a: receive RaftClientReply:client-835E41B928D6->6dd5d97a-7455-476f-86d1-706748154c4a@group-349356213E97, cid=2349, SUCCESS, logIndex=3473, commits[6dd5d97a-7455-476f-86d1-706748154c4a:c3473, 8c1a4ac2-2d71-4742-ab0b-89dcc95eb13f:c3469, c9d0001a-daad-4532-9e58-9f5f4a7ddd18:c3469]
2019-09-12 14:53:49,902 [grpc-default-executor-2] INFO  client.GrpcClientProtocolClient (GrpcClientProtocolClient.java:onNext(264)) - client-835E41B928D6->6dd5d97a-7455-476f-86d1-706748154c4a: receive RaftClientReply:client-835E41B928D6->6dd5d97a-7455-476f-86d1-706748154c4a@group-349356213E97, cid=2350, SUCCESS, logIndex=0, commits[6dd5d97a-7455-476f-86d1-706748154c4a:c3475, 8c1a4ac2-2d71-4742-ab0b-89dcc95eb13f:c3471, c9d0001a-daad-4532-9e58-9f5f4a7ddd18:c3471]
2019-09-12 14:53:49,926 [grpc-default-executor-5] INFO  client.GrpcClientProtocolClient (GrpcClientProtocolClient.java:onNext(264)) - client-835E41B928D6->6dd5d97a-7455-476f-86d1-706748154c4a: receive RaftClientReply:client-835E41B928D6->6dd5d97a-7455-476f-86d1-706748154c4a@group-349356213E97, cid=2351, SUCCESS, logIndex=3478, commits[6dd5d97a-7455-476f-86d1-706748154c4a:c3479, 8c1a4ac2-2d71-4742-ab0b-89dcc95eb13f:c3475, c9d0001a-daad-4532-9e58-9f5f4a7ddd18:c3473]
2019-09-12 14:53:49,926 [grpc-default-executor-7] INFO  client.GrpcClientProtocolClient (GrpcClientProtocolClient.java:onNext(264)) - client-835E41B928D6->6dd5d97a-7455-476f-86d1-706748154c4a: receive RaftClientReply:client-835E41B928D6->6dd5d97a-7455-476f-86d1-706748154c4a@group-349356213E97, cid=2352, SUCCESS, logIndex=3479, commits[6dd5d97a-7455-476f-86d1-706748154c4a:c3479, 8c1a4ac2-2d71-4742-ab0b-89dcc95eb13f:c3475, c9d0001a-daad-4532-9e58-9f5f4a7ddd18:c3473]
2019-09-12 14:53:49,947 [grpc-default-executor-2] INFO  client.GrpcClientProtocolClient (GrpcClientProtocolClient.java:onNext(264)) - client-835E41B928D6->6dd5d97a-7455-476f-86d1-706748154c4a: receive RaftClientReply:client-835E41B928D6->6dd5d97a-7455-476f-86d1-706748154c4a@group-349356213E97, cid=2353, SUCCESS, logIndex=3482, commits[6dd5d97a-7455-476f-86d1-706748154c4a:c3483, 8c1a4ac2-2d71-4742-ab0b-89dcc95eb13f:c3481, c9d0001a-daad-4532-9e58-9f5f4a7ddd18:c3479]
2019-09-12 14:53:49,947 [grpc-default-executor-2] INFO  client.GrpcClientProtocolClient (GrpcClientProtocolClient.java:onNext(264)) - client-835E41B928D6->6dd5d97a-7455-476f-86d1-706748154c4a: receive RaftClientReply:client-835E41B928D6->6dd5d97a-7455-476f-86d1-706748154c4a@group-349356213E97, cid=2354, SUCCESS, logIndex=3483, commits[6dd5d97a-7455-476f-86d1-706748154c4a:c3483, 8c1a4ac2-2d71-4742-ab0b-89dcc95eb13f:c3481, c9d0001a-daad-4532-9e58-9f5f4a7ddd18:c3481]
2019-09-12 14:53:49,960 [grpc-default-executor-5] INFO  client.GrpcClientProtocolClient (GrpcClientProtocolClient.java:onNext(264)) - client-835E41B928D6->6dd5d97a-7455-476f-86d1-706748154c4a: receive RaftClientReply:client-835E41B928D6->6dd5d97a-7455-476f-86d1-706748154c4a@group-349356213E97, cid=2355, SUCCESS, logIndex=0, commits[6dd5d97a-7455-476f-86d1-706748154c4a:c3484, 8c1a4ac2-2d71-4742-ab0b-89dcc95eb13f:c3483, c9d0001a-daad-4532-9e58-9f5f4a7ddd18:c3483]
2019-09-12 14:53:49,992 [grpc-default-executor-7] INFO  client.GrpcClientProtocolClient (GrpcClientProtocolClient.java:onNext(264)) - client-835E41B928D6->6dd5d97a-7455-476f-86d1-706748154c4a: receive RaftClientReply:client-835E41B928D6->6dd5d97a-7455-476f-86d1-706748154c4a@group-349356213E97, cid=2356, SUCCESS, logIndex=3486, commits[6dd5d97a-7455-476f-86d1-706748154c4a:c3487, 8c1a4ac2-2d71-4742-ab0b-89dcc95eb13f:c3485, c9d0001a-daad-4532-9e58-9f5f4a7ddd18:c3485]
2019-09-12 14:53:49,993 [grpc-default-executor-2] INFO  client.GrpcClientProtocolClient (GrpcClientProtocolClient.java:onNext(264)) - client-835E41B928D6->6dd5d97a-7455-476f-86d1-706748154c4a: receive RaftClientReply:client-835E41B928D6->6dd5d97a-7455-476f-86d1-706748154c4a@group-349356213E97, cid=2357, SUCCESS, logIndex=3487, commits[6dd5d97a-7455-476f-86d1-706748154c4a:c3487, 8c1a4ac2-2d71-4742-ab0b-89dcc95eb13f:c3485, c9d0001a-daad-4532-9e58-9f5f4a7ddd18:c3485]
2019-09-12 14:53:49,994 [grpc-default-executor-5] INFO  client.GrpcClientProtocolClient (GrpcClientProtocolClient.java:onNext(264)) - client-835E41B928D6->6dd5d97a-7455-476f-86d1-706748154c4a: receive RaftClientReply:client-835E41B928D6->6dd5d97a-7455-476f-86d1-706748154c4a@group-349356213E97, cid=2358, SUCCESS, logIndex=3488, commits[6dd5d97a-7455-476f-86d1-706748154c4a:c3489, 8c1a4ac2-2d71-4742-ab0b-89dcc95eb13f:c3485, c9d0001a-daad-4532-9e58-9f5f4a7ddd18:c3485]
2019-09-12 14:53:49,995 [grpc-default-executor-5] INFO  client.GrpcClientProtocolClient (GrpcClientProtocolClient.java:onNext(264)) - client-835E41B928D6->6dd5d97a-7455-476f-86d1-706748154c4a: receive RaftClientReply:client-835E41B928D6->6dd5d97a-7455-476f-86d1-706748154c4a@group-349356213E97, cid=2359, SUCCESS, logIndex=3489, commits[6dd5d97a-7455-476f-86d1-706748154c4a:c3489, 8c1a4ac2-2d71-4742-ab0b-89dcc95eb13f:c3485, c9d0001a-daad-4532-9e58-9f5f4a7ddd18:c3485]
2019-09-12 14:53:49,996 [grpc-default-executor-2] INFO  client.GrpcClientProtocolClient (GrpcClientProtocolClient.java:onNext(264)) - client-835E41B928D6->6dd5d97a-7455-476f-86d1-706748154c4a: receive RaftClientReply:client-835E41B928D6->6dd5d97a-7455-476f-86d1-706748154c4a@group-349356213E97, cid=2360, SUCCESS, logIndex=0, commits[6dd5d97a-7455-476f-86d1-706748154c4a:c3492, 8c1a4ac2-2d71-4742-ab0b-89dcc95eb13f:c3489, c9d0001a-daad-4532-9e58-9f5f4a7ddd18:c3487]
2019-09-12 14:53:50,015 [grpc-default-executor-2] INFO  client.GrpcClientProtocolClient (GrpcClientProtocolClient.java:onNext(264)) - client-835E41B928D6->6dd5d97a-7455-476f-86d1-706748154c4a: receive RaftClientReply:client-835E41B928D6->6dd5d97a-7455-476f-86d1-706748154c4a@group-349356213E97, cid=2361, SUCCESS, logIndex=3494, commits[6dd5d97a-7455-476f-86d1-706748154c4a:c3495, 8c1a4ac2-2d71-4742-ab0b-89dcc95eb13f:c3493, c9d0001a-daad-4532-9e58-9f5f4a7ddd18:c3493]
2019-09-12 14:53:50,016 [grpc-default-executor-2] INFO  client.GrpcClientProtocolClient (GrpcClientProtocolClient.java:onNext(264)) - client-835E41B928D6->6dd5d97a-7455-476f-86d1-706748154c4a: receive RaftClientReply:client-835E41B928D6->6dd5d97a-7455-476f-86d1-706748154c4a@group-349356213E97, cid=2362, SUCCESS, logIndex=3495, commits[6dd5d97a-7455-476f-86d1-706748154c4a:c3495, 8c1a4ac2-2d71-4742-ab0b-89dcc95eb13f:c3493, c9d0001a-daad-4532-9e58-9f5f4a7ddd18:c3493]
2019-09-12 14:53:50,029 [grpc-default-executor-2] INFO  client.GrpcClientProtocolClient (GrpcClientProtocolClient.java:onNext(264)) - client-835E41B928D6->6dd5d97a-7455-476f-86d1-706748154c4a: receive RaftClientReply:client-835E41B928D6->6dd5d97a-7455-476f-86d1-706748154c4a@group-349356213E97, cid=2363, SUCCESS, logIndex=3498, commits[6dd5d97a-7455-476f-86d1-706748154c4a:c3499, 8c1a4ac2-2d71-4742-ab0b-89dcc95eb13f:c3495, c9d0001a-daad-4532-9e58-9f5f4a7ddd18:c3495]
2019-09-12 14:53:50,029 [grpc-default-executor-2] INFO  client.GrpcClientProtocolClient (GrpcClientProtocolClient.java:onNext(264)) - client-835E41B928D6->6dd5d97a-7455-476f-86d1-706748154c4a: receive RaftClientReply:client-835E41B928D6->6dd5d97a-7455-476f-86d1-706748154c4a@group-349356213E97, cid=2364, SUCCESS, logIndex=3499, commits[6dd5d97a-7455-476f-86d1-706748154c4a:c3499, 8c1a4ac2-2d71-4742-ab0b-89dcc95eb13f:c3495, c9d0001a-daad-4532-9e58-9f5f4a7ddd18:c3495]
2019-09-12 14:53:50,032 [grpc-default-executor-2] INFO  client.GrpcClientProtocolClient (GrpcClientProtocolClient.java:onNext(264)) - client-835E41B928D6->6dd5d97a-7455-476f-86d1-706748154c4a: receive RaftClientReply:client-835E41B928D6->6dd5d97a-7455-476f-86d1-706748154c4a@group-349356213E97, cid=2365, SUCCESS, logIndex=0, commits[6dd5d97a-7455-476f-86d1-706748154c4a:c3501, 8c1a4ac2-2d71-4742-ab0b-89dcc95eb13f:c3499, c9d0001a-daad-4532-9e58-9f5f4a7ddd18:c3499]
2019-09-12 14:53:50,056 [grpc-default-executor-7] INFO  client.GrpcClientProtocolClient (GrpcClientProtocolClient.java:onNext(264)) - client-835E41B928D6->6dd5d97a-7455-476f-86d1-706748154c4a: receive RaftClientReply:client-835E41B928D6->6dd5d97a-7455-476f-86d1-706748154c4a@group-349356213E97, cid=2366, SUCCESS, logIndex=3502, commits[6dd5d97a-7455-476f-86d1-706748154c4a:c3503, 8c1a4ac2-2d71-4742-ab0b-89dcc95eb13f:c3501, c9d0001a-daad-4532-9e58-9f5f4a7ddd18:c3499]
2019-09-12 14:53:50,057 [grpc-default-executor-7] INFO  client.GrpcClientProtocolClient (GrpcClientProtocolClient.java:onNext(264)) - client-835E41B928D6->6dd5d97a-7455-476f-86d1-706748154c4a: receive RaftClientReply:client-835E41B928D6->6dd5d97a-7455-476f-86d1-706748154c4a@group-349356213E97, cid=2367, SUCCESS, logIndex=3503, commits[6dd5d97a-7455-476f-86d1-706748154c4a:c3503, 8c1a4ac2-2d71-4742-ab0b-89dcc95eb13f:c3501, c9d0001a-daad-4532-9e58-9f5f4a7ddd18:c3499]
2019-09-12 14:53:50,059 [grpc-default-executor-7] INFO  client.GrpcClientProtocolClient (GrpcClientProtocolClient.java:onNext(264)) - client-835E41B928D6->6dd5d97a-7455-476f-86d1-706748154c4a: receive RaftClientReply:client-835E41B928D6->6dd5d97a-7455-476f-86d1-706748154c4a@group-349356213E97, cid=2368, SUCCESS, logIndex=3504, commits[6dd5d97a-7455-476f-86d1-706748154c4a:c3505, 8c1a4ac2-2d71-4742-ab0b-89dcc95eb13f:c3501, c9d0001a-daad-4532-9e58-9f5f4a7ddd18:c3501]
2019-09-12 14:53:50,059 [grpc-default-executor-5] INFO  client.GrpcClientProtocolClient (GrpcClientProtocolClient.java:onNext(264)) - client-835E41B928D6->6dd5d97a-7455-476f-86d1-706748154c4a: receive RaftClientReply:client-835E41B928D6->6dd5d97a-7455-476f-86d1-706748154c4a@group-349356213E97, cid=2369, SUCCESS, logIndex=3505, commits[6dd5d97a-7455-476f-86d1-706748154c4a:c3505, 8c1a4ac2-2d71-4742-ab0b-89dcc95eb13f:c3501, c9d0001a-daad-4532-9e58-9f5f4a7ddd18:c3501]
2019-09-12 14:53:50,060 [grpc-default-executor-5] INFO  client.GrpcClientProtocolClient (GrpcClientProtocolClient.java:onNext(264)) - client-835E41B928D6->6dd5d97a-7455-476f-86d1-706748154c4a: receive RaftClientReply:client-835E41B928D6->6dd5d97a-7455-476f-86d1-706748154c4a@group-349356213E97, cid=2370, SUCCESS, logIndex=0, commits[6dd5d97a-7455-476f-86d1-706748154c4a:c3509, 8c1a4ac2-2d71-4742-ab0b-89dcc95eb13f:c3505, c9d0001a-daad-4532-9e58-9f5f4a7ddd18:c3505]
2019-09-12 14:53:50,073 [grpc-default-executor-7] INFO  client.GrpcClientProtocolClient (GrpcClientProtocolClient.java:onNext(264)) - client-835E41B928D6->6dd5d97a-7455-476f-86d1-706748154c4a: receive RaftClientReply:client-835E41B928D6->6dd5d97a-7455-476f-86d1-706748154c4a@group-349356213E97, cid=2371, SUCCESS, logIndex=3510, commits[6dd5d97a-7455-476f-86d1-706748154c4a:c3511, 8c1a4ac2-2d71-4742-ab0b-89dcc95eb13f:c3509, c9d0001a-daad-4532-9e58-9f5f4a7ddd18:c3505]
2019-09-12 14:53:50,074 [grpc-default-executor-7] INFO  client.GrpcClientProtocolClient (GrpcClientProtocolClient.java:onNext(264)) - client-835E41B928D6->6dd5d97a-7455-476f-86d1-706748154c4a: receive RaftClientReply:client-835E41B928D6->6dd5d97a-7455-476f-86d1-706748154c4a@group-349356213E97, cid=2372, SUCCESS, logIndex=3511, commits[6dd5d97a-7455-476f-86d1-706748154c4a:c3511, 8c1a4ac2-2d71-4742-ab0b-89dcc95eb13f:c3509, c9d0001a-daad-4532-9e58-9f5f4a7ddd18:c3509]
2019-09-12 14:53:50,108 [grpc-default-executor-5] INFO  client.GrpcClientProtocolClient (GrpcClientProtocolClient.java:onNext(264)) - client-835E41B928D6->6dd5d97a-7455-476f-86d1-706748154c4a: receive RaftClientReply:client-835E41B928D6->6dd5d97a-7455-476f-86d1-706748154c4a@group-349356213E97, cid=2373, SUCCESS, logIndex=3514, commits[6dd5d97a-7455-476f-86d1-706748154c4a:c3515, 8c1a4ac2-2d71-4742-ab0b-89dcc95eb13f:c3513, c9d0001a-daad-4532-9e58-9f5f4a7ddd18:c3513]
2019-09-12 14:53:50,108 [grpc-default-executor-5] INFO  client.GrpcClientProtocolClient (GrpcClientProtocolClient.java:onNext(264)) - client-835E41B928D6->6dd5d97a-7455-476f-86d1-706748154c4a: receive RaftClientReply:client-835E41B928D6->6dd5d97a-7455-476f-86d1-706748154c4a@group-349356213E97, cid=2374, SUCCESS, logIndex=3515, commits[6dd5d97a-7455-476f-86d1-706748154c4a:c3515, 8c1a4ac2-2d71-4742-ab0b-89dcc95eb13f:c3513, c9d0001a-daad-4532-9e58-9f5f4a7ddd18:c3513]
2019-09-12 14:53:50,121 [grpc-default-executor-5] INFO  client.GrpcClientProtocolClient (GrpcClientProtocolClient.java:onNext(264)) - client-835E41B928D6->6dd5d97a-7455-476f-86d1-706748154c4a: receive RaftClientReply:client-835E41B928D6->6dd5d97a-7455-476f-86d1-706748154c4a@group-349356213E97, cid=2375, SUCCESS, logIndex=0, commits[6dd5d97a-7455-476f-86d1-706748154c4a:c3516, 8c1a4ac2-2d71-4742-ab0b-89dcc95eb13f:c3515, c9d0001a-daad-4532-9e58-9f5f4a7ddd18:c3515]
2019-09-12 14:53:50,153 [grpc-default-executor-7] INFO  client.GrpcClientProtocolClient (GrpcClientProtocolClient.java:onNext(264)) - client-835E41B928D6->6dd5d97a-7455-476f-86d1-706748154c4a: receive RaftClientReply:client-835E41B928D6->6dd5d97a-7455-476f-86d1-706748154c4a@group-349356213E97, cid=2376, SUCCESS, logIndex=3518, commits[6dd5d97a-7455-476f-86d1-706748154c4a:c3519, 8c1a4ac2-2d71-4742-ab0b-89dcc95eb13f:c3517, c9d0001a-daad-4532-9e58-9f5f4a7ddd18:c3515]
2019-09-12 14:53:50,154 [grpc-default-executor-7] INFO  client.GrpcClientProtocolClient (GrpcClientProtocolClient.java:onNext(264)) - client-835E41B928D6->6dd5d97a-7455-476f-86d1-706748154c4a: receive RaftClientReply:client-835E41B928D6->6dd5d97a-7455-476f-86d1-706748154c4a@group-349356213E97, cid=2377, SUCCESS, logIndex=3519, commits[6dd5d97a-7455-476f-86d1-706748154c4a:c3519, 8c1a4ac2-2d71-4742-ab0b-89dcc95eb13f:c3517, c9d0001a-daad-4532-9e58-9f5f4a7ddd18:c3517]
2019-09-12 14:53:50,154 [grpc-default-executor-5] INFO  client.GrpcClientProtocolClient (GrpcClientProtocolClient.java:onNext(264)) - client-835E41B928D6->6dd5d97a-7455-476f-86d1-706748154c4a: receive RaftClientReply:client-835E41B928D6->6dd5d97a-7455-476f-86d1-706748154c4a@group-349356213E97, cid=2378, SUCCESS, logIndex=3520, commits[6dd5d97a-7455-476f-86d1-706748154c4a:c3521, 8c1a4ac2-2d71-4742-ab0b-89dcc95eb13f:c3517, c9d0001a-daad-4532-9e58-9f5f4a7ddd18:c3517]
2019-09-12 14:53:50,154 [grpc-default-executor-5] INFO  client.GrpcClientProtocolClient (GrpcClientProtocolClient.java:onNext(264)) - client-835E41B928D6->6dd5d97a-7455-476f-86d1-706748154c4a: receive RaftClientReply:client-835E41B928D6->6dd5d97a-7455-476f-86d1-706748154c4a@group-349356213E97, cid=2379, SUCCESS, logIndex=3521, commits[6dd5d97a-7455-476f-86d1-706748154c4a:c3521, 8c1a4ac2-2d71-4742-ab0b-89dcc95eb13f:c3517, c9d0001a-daad-4532-9e58-9f5f4a7ddd18:c3517]
2019-09-12 14:53:50,155 [grpc-default-executor-5] INFO  client.GrpcClientProtocolClient (GrpcClientProtocolClient.java:onNext(264)) - client-835E41B928D6->6dd5d97a-7455-476f-86d1-706748154c4a: receive RaftClientReply:client-835E41B928D6->6dd5d97a-7455-476f-86d1-706748154c4a@group-349356213E97, cid=2380, SUCCESS, logIndex=0, commits[6dd5d97a-7455-476f-86d1-706748154c4a:c3524, 8c1a4ac2-2d71-4742-ab0b-89dcc95eb13f:c3521, c9d0001a-daad-4532-9e58-9f5f4a7ddd18:c3521]
2019-09-12 14:53:50,175 [grpc-default-executor-5] INFO  client.GrpcClientProtocolClient (GrpcClientProtocolClient.java:onNext(264)) - client-835E41B928D6->6dd5d97a-7455-476f-86d1-706748154c4a: receive RaftClientReply:client-835E41B928D6->6dd5d97a-7455-476f-86d1-706748154c4a@group-349356213E97, cid=2381, SUCCESS, logIndex=3525, commits[6dd5d97a-7455-476f-86d1-706748154c4a:c3526, 8c1a4ac2-2d71-4742-ab0b-89dcc95eb13f:c3524, c9d0001a-daad-4532-9e58-9f5f4a7ddd18:c3524]
2019-09-12 14:53:50,176 [grpc-default-executor-5] INFO  client.GrpcClientProtocolClient (GrpcClientProtocolClient.java:onNext(264)) - client-835E41B928D6->6dd5d97a-7455-476f-86d1-706748154c4a: receive RaftClientReply:client-835E41B928D6->6dd5d97a-7455-476f-86d1-706748154c4a@group-349356213E97, cid=2382, SUCCESS, logIndex=3526, commits[6dd5d97a-7455-476f-86d1-706748154c4a:c3526, 8c1a4ac2-2d71-4742-ab0b-89dcc95eb13f:c3524, c9d0001a-daad-4532-9e58-9f5f4a7ddd18:c3524]
2019-09-12 14:53:50,200 [grpc-default-executor-5] INFO  client.GrpcClientProtocolClient (GrpcClientProtocolClient.java:onNext(264)) - client-835E41B928D6->6dd5d97a-7455-476f-86d1-706748154c4a: receive RaftClientReply:client-835E41B928D6->6dd5d97a-7455-476f-86d1-706748154c4a@group-349356213E97, cid=2383, SUCCESS, logIndex=3529, commits[6dd5d97a-7455-476f-86d1-706748154c4a:c3530, 8c1a4ac2-2d71-4742-ab0b-89dcc95eb13f:c3525, c9d0001a-daad-4532-9e58-9f5f4a7ddd18:c3526]
2019-09-12 14:53:50,200 [grpc-default-executor-5] INFO  client.GrpcClientProtocolClient (GrpcClientProtocolClient.java:onNext(264)) - client-835E41B928D6->6dd5d97a-7455-476f-86d1-706748154c4a: receive RaftClientReply:client-835E41B928D6->6dd5d97a-7455-476f-86d1-706748154c4a@group-349356213E97, cid=2384, SUCCESS, logIndex=3530, commits[6dd5d97a-7455-476f-86d1-706748154c4a:c3530, 8c1a4ac2-2d71-4742-ab0b-89dcc95eb13f:c3526, c9d0001a-daad-4532-9e58-9f5f4a7ddd18:c3526]
2019-09-12 14:53:50,201 [grpc-default-executor-5] INFO  client.GrpcClientProtocolClient (GrpcClientProtocolClient.java:onNext(264)) - client-835E41B928D6->6dd5d97a-7455-476f-86d1-706748154c4a: receive RaftClientReply:client-835E41B928D6->6dd5d97a-7455-476f-86d1-706748154c4a@group-349356213E97, cid=2385, SUCCESS, logIndex=0, commits[6dd5d97a-7455-476f-86d1-706748154c4a:c3531, 8c1a4ac2-2d71-4742-ab0b-89dcc95eb13f:c3530, c9d0001a-daad-4532-9e58-9f5f4a7ddd18:c3530]
2019-09-12 14:53:50,234 [grpc-default-executor-5] INFO  client.GrpcClientProtocolClient (GrpcClientProtocolClient.java:onNext(264)) - client-835E41B928D6->6dd5d97a-7455-476f-86d1-706748154c4a: receive RaftClientReply:client-835E41B928D6->6dd5d97a-7455-476f-86d1-706748154c4a@group-349356213E97, cid=2386, SUCCESS, logIndex=3533, commits[6dd5d97a-7455-476f-86d1-706748154c4a:c3535, 8c1a4ac2-2d71-4742-ab0b-89dcc95eb13f:c3532, c9d0001a-daad-4532-9e58-9f5f4a7ddd18:c3532]
2019-09-12 14:53:50,235 [grpc-default-executor-5] INFO  client.GrpcClientProtocolClient (GrpcClientProtocolClient.java:onNext(264)) - client-835E41B928D6->6dd5d97a-7455-476f-86d1-706748154c4a: receive RaftClientReply:client-835E41B928D6->6dd5d97a-7455-476f-86d1-706748154c4a@group-349356213E97, cid=2387, SUCCESS, logIndex=3534, commits[6dd5d97a-7455-476f-86d1-706748154c4a:c3536, 8c1a4ac2-2d71-4742-ab0b-89dcc95eb13f:c3532, c9d0001a-daad-4532-9e58-9f5f4a7ddd18:c3532]
2019-09-12 14:53:50,235 [grpc-default-executor-5] INFO  client.GrpcClientProtocolClient (GrpcClientProtocolClient.java:onNext(264)) - client-835E41B928D6->6dd5d97a-7455-476f-86d1-706748154c4a: receive RaftClientReply:client-835E41B928D6->6dd5d97a-7455-476f-86d1-706748154c4a@group-349356213E97, cid=2388, SUCCESS, logIndex=3535, commits[6dd5d97a-7455-476f-86d1-706748154c4a:c3536, 8c1a4ac2-2d71-4742-ab0b-89dcc95eb13f:c3532, c9d0001a-daad-4532-9e58-9f5f4a7ddd18:c3532]
2019-09-12 14:53:50,236 [grpc-default-executor-5] INFO  client.GrpcClientProtocolClient (GrpcClientProtocolClient.java:onNext(264)) - client-835E41B928D6->6dd5d97a-7455-476f-86d1-706748154c4a: receive RaftClientReply:client-835E41B928D6->6dd5d97a-7455-476f-86d1-706748154c4a@group-349356213E97, cid=2389, SUCCESS, logIndex=3536, commits[6dd5d97a-7455-476f-86d1-706748154c4a:c3536, 8c1a4ac2-2d71-4742-ab0b-89dcc95eb13f:c3532, c9d0001a-daad-4532-9e58-9f5f4a7ddd18:c3532]
2019-09-12 14:53:50,237 [grpc-default-executor-7] INFO  client.GrpcClientProtocolClient (GrpcClientProtocolClient.java:onNext(264)) - client-835E41B928D6->6dd5d97a-7455-476f-86d1-706748154c4a: receive RaftClientReply:client-835E41B928D6->6dd5d97a-7455-476f-86d1-706748154c4a@group-349356213E97, cid=2390, SUCCESS, logIndex=0, commits[6dd5d97a-7455-476f-86d1-706748154c4a:c3537, 8c1a4ac2-2d71-4742-ab0b-89dcc95eb13f:c3534, c9d0001a-daad-4532-9e58-9f5f4a7ddd18:c3534]
2019-09-12 14:53:50,258 [grpc-default-executor-5] INFO  client.GrpcClientProtocolClient (GrpcClientProtocolClient.java:onNext(264)) - client-835E41B928D6->6dd5d97a-7455-476f-86d1-706748154c4a: receive RaftClientReply:client-835E41B928D6->6dd5d97a-7455-476f-86d1-706748154c4a@group-349356213E97, cid=2391, SUCCESS, logIndex=3541, commits[6dd5d97a-7455-476f-86d1-706748154c4a:c3542, 8c1a4ac2-2d71-4742-ab0b-89dcc95eb13f:c3540, c9d0001a-daad-4532-9e58-9f5f4a7ddd18:c3540]
2019-09-12 14:53:50,258 [grpc-default-executor-5] INFO  client.GrpcClientProtocolClient (GrpcClientProtocolClient.java:onNext(264)) - client-835E41B928D6->6dd5d97a-7455-476f-86d1-706748154c4a: receive RaftClientReply:client-835E41B928D6->6dd5d97a-7455-476f-86d1-706748154c4a@group-349356213E97, cid=2392, SUCCESS, logIndex=3542, commits[6dd5d97a-7455-476f-86d1-706748154c4a:c3542, 8c1a4ac2-2d71-4742-ab0b-89dcc95eb13f:c3540, c9d0001a-daad-4532-9e58-9f5f4a7ddd18:c3540]
2019-09-12 14:53:50,271 [grpc-default-executor-5] INFO  client.GrpcClientProtocolClient (GrpcClientProtocolClient.java:onNext(264)) - client-835E41B928D6->6dd5d97a-7455-476f-86d1-706748154c4a: receive RaftClientReply:client-835E41B928D6->6dd5d97a-7455-476f-86d1-706748154c4a@group-349356213E97, cid=2393, SUCCESS, logIndex=3545, commits[6dd5d97a-7455-476f-86d1-706748154c4a:c3546, 8c1a4ac2-2d71-4742-ab0b-89dcc95eb13f:c3542, c9d0001a-daad-4532-9e58-9f5f4a7ddd18:c3542]
2019-09-12 14:53:50,271 [grpc-default-executor-5] INFO  client.GrpcClientProtocolClient (GrpcClientProtocolClient.java:onNext(264)) - client-835E41B928D6->6dd5d97a-7455-476f-86d1-706748154c4a: receive RaftClientReply:client-835E41B928D6->6dd5d97a-7455-476f-86d1-706748154c4a@group-349356213E97, cid=2394, SUCCESS, logIndex=3546, commits[6dd5d97a-7455-476f-86d1-706748154c4a:c3546, 8c1a4ac2-2d71-4742-ab0b-89dcc95eb13f:c3542, c9d0001a-daad-4532-9e58-9f5f4a7ddd18:c3542]
2019-09-12 14:53:50,284 [grpc-default-executor-5] INFO  client.GrpcClientProtocolClient (GrpcClientProtocolClient.java:onNext(264)) - client-835E41B928D6->6dd5d97a-7455-476f-86d1-706748154c4a: receive RaftClientReply:client-835E41B928D6->6dd5d97a-7455-476f-86d1-706748154c4a@group-349356213E97, cid=2395, SUCCESS, logIndex=0, commits[6dd5d97a-7455-476f-86d1-706748154c4a:c3547, 8c1a4ac2-2d71-4742-ab0b-89dcc95eb13f:c3546, c9d0001a-daad-4532-9e58-9f5f4a7ddd18:c3546]
2019-09-12 14:53:50,317 [grpc-default-executor-5] INFO  client.GrpcClientProtocolClient (GrpcClientProtocolClient.java:onNext(264)) - client-835E41B928D6->6dd5d97a-7455-476f-86d1-706748154c4a: receive RaftClientReply:client-835E41B928D6->6dd5d97a-7455-476f-86d1-706748154c4a@group-349356213E97, cid=2396, SUCCESS, logIndex=3549, commits[6dd5d97a-7455-476f-86d1-706748154c4a:c3550, 8c1a4ac2-2d71-4742-ab0b-89dcc95eb13f:c3548, c9d0001a-daad-4532-9e58-9f5f4a7ddd18:c3548]
2019-09-12 14:53:50,317 [grpc-default-executor-5] INFO  client.GrpcClientProtocolClient (GrpcClientProtocolClient.java:onNext(264)) - client-835E41B928D6->6dd5d97a-7455-476f-86d1-706748154c4a: receive RaftClientReply:client-835E41B928D6->6dd5d97a-7455-476f-86d1-706748154c4a@group-349356213E97, cid=2397, SUCCESS, logIndex=3550, commits[6dd5d97a-7455-476f-86d1-706748154c4a:c3550, 8c1a4ac2-2d71-4742-ab0b-89dcc95eb13f:c3548, c9d0001a-daad-4532-9e58-9f5f4a7ddd18:c3548]
2019-09-12 14:53:50,318 [grpc-default-executor-5] INFO  client.GrpcClientProtocolClient (GrpcClientProtocolClient.java:onNext(264)) - client-835E41B928D6->6dd5d97a-7455-476f-86d1-706748154c4a: receive RaftClientReply:client-835E41B928D6->6dd5d97a-7455-476f-86d1-706748154c4a@group-349356213E97, cid=2398, SUCCESS, logIndex=3551, commits[6dd5d97a-7455-476f-86d1-706748154c4a:c3552, 8c1a4ac2-2d71-4742-ab0b-89dcc95eb13f:c3548, c9d0001a-daad-4532-9e58-9f5f4a7ddd18:c3548]
2019-09-12 14:53:50,318 [grpc-default-executor-5] INFO  client.GrpcClientProtocolClient (GrpcClientProtocolClient.java:onNext(264)) - client-835E41B928D6->6dd5d97a-7455-476f-86d1-706748154c4a: receive RaftClientReply:client-835E41B928D6->6dd5d97a-7455-476f-86d1-706748154c4a@group-349356213E97, cid=2399, SUCCESS, logIndex=3552, commits[6dd5d97a-7455-476f-86d1-706748154c4a:c3552, 8c1a4ac2-2d71-4742-ab0b-89dcc95eb13f:c3548, c9d0001a-daad-4532-9e58-9f5f4a7ddd18:c3548]
2019-09-12 14:53:50,320 [grpc-default-executor-5] INFO  client.GrpcClientProtocolClient (GrpcClientProtocolClient.java:onNext(264)) - client-835E41B928D6->6dd5d97a-7455-476f-86d1-706748154c4a: receive RaftClientReply:client-835E41B928D6->6dd5d97a-7455-476f-86d1-706748154c4a@group-349356213E97, cid=2400, SUCCESS, logIndex=0, commits[6dd5d97a-7455-476f-86d1-706748154c4a:c3554, 8c1a4ac2-2d71-4742-ab0b-89dcc95eb13f:c3550, c9d0001a-daad-4532-9e58-9f5f4a7ddd18:c3552]
2019-09-12 14:53:50,339 [grpc-default-executor-2] INFO  client.GrpcClientProtocolClient (GrpcClientProtocolClient.java:onNext(264)) - client-835E41B928D6->6dd5d97a-7455-476f-86d1-706748154c4a: receive RaftClientReply:client-835E41B928D6->6dd5d97a-7455-476f-86d1-706748154c4a@group-349356213E97, cid=2401, SUCCESS, logIndex=3557, commits[6dd5d97a-7455-476f-86d1-706748154c4a:c3558, 8c1a4ac2-2d71-4742-ab0b-89dcc95eb13f:c3556, c9d0001a-daad-4532-9e58-9f5f4a7ddd18:c3552]
2019-09-12 14:53:50,340 [grpc-default-executor-2] INFO  client.GrpcClientProtocolClient (GrpcClientProtocolClient.java:onNext(264)) - client-835E41B928D6->6dd5d97a-7455-476f-86d1-706748154c4a: receive RaftClientReply:client-835E41B928D6->6dd5d97a-7455-476f-86d1-706748154c4a@group-349356213E97, cid=2402, SUCCESS, logIndex=3558, commits[6dd5d97a-7455-476f-86d1-706748154c4a:c3558, 8c1a4ac2-2d71-4742-ab0b-89dcc95eb13f:c3556, c9d0001a-daad-4532-9e58-9f5f4a7ddd18:c3556]
2019-09-12 14:53:50,358 [grpc-default-executor-2] INFO  client.GrpcClientProtocolClient (GrpcClientProtocolClient.java:onNext(264)) - client-835E41B928D6->6dd5d97a-7455-476f-86d1-706748154c4a: receive RaftClientReply:client-835E41B928D6->6dd5d97a-7455-476f-86d1-706748154c4a@group-349356213E97, cid=2403, SUCCESS, logIndex=3561, commits[6dd5d97a-7455-476f-86d1-706748154c4a:c3562, 8c1a4ac2-2d71-4742-ab0b-89dcc95eb13f:c3558, c9d0001a-daad-4532-9e58-9f5f4a7ddd18:c3556]
2019-09-12 14:53:50,360 [grpc-default-executor-2] INFO  client.GrpcClientProtocolClient (GrpcClientProtocolClient.java:onNext(264)) - client-835E41B928D6->6dd5d97a-7455-476f-86d1-706748154c4a: receive RaftClientReply:client-835E41B928D6->6dd5d97a-7455-476f-86d1-706748154c4a@group-349356213E97, cid=2404, SUCCESS, logIndex=3562, commits[6dd5d97a-7455-476f-86d1-706748154c4a:c3562, 8c1a4ac2-2d71-4742-ab0b-89dcc95eb13f:c3558, c9d0001a-daad-4532-9e58-9f5f4a7ddd18:c3556]
2019-09-12 14:53:50,365 [grpc-default-executor-2] INFO  client.GrpcClientProtocolClient (GrpcClientProtocolClient.java:onNext(264)) - client-835E41B928D6->6dd5d97a-7455-476f-86d1-706748154c4a: receive RaftClientReply:client-835E41B928D6->6dd5d97a-7455-476f-86d1-706748154c4a@group-349356213E97, cid=2405, SUCCESS, logIndex=0, commits[6dd5d97a-7455-476f-86d1-706748154c4a:c3562, 8c1a4ac2-2d71-4742-ab0b-89dcc95eb13f:c3558, c9d0001a-daad-4532-9e58-9f5f4a7ddd18:c3558]
2019-09-12 14:53:50,369 [grpc-default-executor-2] INFO  client.GrpcClientProtocolClient (GrpcClientProtocolClient.java:onNext(264)) - client-835E41B928D6->6dd5d97a-7455-476f-86d1-706748154c4a: receive RaftClientReply:client-835E41B928D6->6dd5d97a-7455-476f-86d1-706748154c4a@group-349356213E97, cid=2406, SUCCESS, logIndex=0, commits[6dd5d97a-7455-476f-86d1-706748154c4a:c3564, 8c1a4ac2-2d71-4742-ab0b-89dcc95eb13f:c3562, c9d0001a-daad-4532-9e58-9f5f4a7ddd18:c3562]
2019-09-12 14:53:50,401 [grpc-default-executor-7] INFO  client.GrpcClientProtocolClient (GrpcClientProtocolClient.java:onNext(264)) - client-835E41B928D6->6dd5d97a-7455-476f-86d1-706748154c4a: receive RaftClientReply:client-835E41B928D6->6dd5d97a-7455-476f-86d1-706748154c4a@group-349356213E97, cid=2407, SUCCESS, logIndex=3565, commits[6dd5d97a-7455-476f-86d1-706748154c4a:c3566, 8c1a4ac2-2d71-4742-ab0b-89dcc95eb13f:c3564, c9d0001a-daad-4532-9e58-9f5f4a7ddd18:c3564]
2019-09-12 14:53:50,402 [grpc-default-executor-7] INFO  client.GrpcClientProtocolClient (GrpcClientProtocolClient.java:onNext(264)) - client-835E41B928D6->6dd5d97a-7455-476f-86d1-706748154c4a: receive RaftClientReply:client-835E41B928D6->6dd5d97a-7455-476f-86d1-706748154c4a@group-349356213E97, cid=2408, SUCCESS, logIndex=3566, commits[6dd5d97a-7455-476f-86d1-706748154c4a:c3567, 8c1a4ac2-2d71-4742-ab0b-89dcc95eb13f:c3564, c9d0001a-daad-4532-9e58-9f5f4a7ddd18:c3564]
2019-09-12 14:53:50,402 [grpc-default-executor-7] INFO  client.GrpcClientProtocolClient (GrpcClientProtocolClient.java:onNext(264)) - client-835E41B928D6->6dd5d97a-7455-476f-86d1-706748154c4a: receive RaftClientReply:client-835E41B928D6->6dd5d97a-7455-476f-86d1-706748154c4a@group-349356213E97, cid=2409, SUCCESS, logIndex=3567, commits[6dd5d97a-7455-476f-86d1-706748154c4a:c3568, 8c1a4ac2-2d71-4742-ab0b-89dcc95eb13f:c3564, c9d0001a-daad-4532-9e58-9f5f4a7ddd18:c3564]
2019-09-12 14:53:50,403 [grpc-default-executor-7] INFO  client.GrpcClientProtocolClient (GrpcClientProtocolClient.java:onNext(264)) - client-835E41B928D6->6dd5d97a-7455-476f-86d1-706748154c4a: receive RaftClientReply:client-835E41B928D6->6dd5d97a-7455-476f-86d1-706748154c4a@group-349356213E97, cid=2410, SUCCESS, logIndex=3568, commits[6dd5d97a-7455-476f-86d1-706748154c4a:c3568, 8c1a4ac2-2d71-4742-ab0b-89dcc95eb13f:c3564, c9d0001a-daad-4532-9e58-9f5f4a7ddd18:c3564]
2019-09-12 14:53:50,404 [grpc-default-executor-2] INFO  client.GrpcClientProtocolClient (GrpcClientProtocolClient.java:onNext(264)) - client-835E41B928D6->6dd5d97a-7455-476f-86d1-706748154c4a: receive RaftClientReply:client-835E41B928D6->6dd5d97a-7455-476f-86d1-706748154c4a@group-349356213E97, cid=2411, SUCCESS, logIndex=0, commits[6dd5d97a-7455-476f-86d1-706748154c4a:c3572, 8c1a4ac2-2d71-4742-ab0b-89dcc95eb13f:c3568, c9d0001a-daad-4532-9e58-9f5f4a7ddd18:c3567]
2019-09-12 14:53:50,424 [grpc-default-executor-2] INFO  client.GrpcClientProtocolClient (GrpcClientProtocolClient.java:onNext(264)) - client-835E41B928D6->6dd5d97a-7455-476f-86d1-706748154c4a: receive RaftClientReply:client-835E41B928D6->6dd5d97a-7455-476f-86d1-706748154c4a@group-349356213E97, cid=2412, SUCCESS, logIndex=3573, commits[6dd5d97a-7455-476f-86d1-706748154c4a:c3574, 8c1a4ac2-2d71-4742-ab0b-89dcc95eb13f:c3572, c9d0001a-daad-4532-9e58-9f5f4a7ddd18:c3572]
2019-09-12 14:53:50,424 [grpc-default-executor-2] INFO  client.GrpcClientProtocolClient (GrpcClientProtocolClient.java:onNext(264)) - client-835E41B928D6->6dd5d97a-7455-476f-86d1-706748154c4a: receive RaftClientReply:client-835E41B928D6->6dd5d97a-7455-476f-86d1-706748154c4a@group-349356213E97, cid=2413, SUCCESS, logIndex=3574, commits[6dd5d97a-7455-476f-86d1-706748154c4a:c3574, 8c1a4ac2-2d71-4742-ab0b-89dcc95eb13f:c3572, c9d0001a-daad-4532-9e58-9f5f4a7ddd18:c3572]
2019-09-12 14:53:50,437 [grpc-default-executor-2] INFO  client.GrpcClientProtocolClient (GrpcClientProtocolClient.java:onNext(264)) - client-835E41B928D6->6dd5d97a-7455-476f-86d1-706748154c4a: receive RaftClientReply:client-835E41B928D6->6dd5d97a-7455-476f-86d1-706748154c4a@group-349356213E97, cid=2414, SUCCESS, logIndex=3577, commits[6dd5d97a-7455-476f-86d1-706748154c4a:c3577, 8c1a4ac2-2d71-4742-ab0b-89dcc95eb13f:c3574, c9d0001a-daad-4532-9e58-9f5f4a7ddd18:c3574]
2019-09-12 14:53:50,437 [grpc-default-executor-2] INFO  client.GrpcClientProtocolClient (GrpcClientProtocolClient.java:onNext(264)) - client-835E41B928D6->6dd5d97a-7455-476f-86d1-706748154c4a: receive RaftClientReply:client-835E41B928D6->6dd5d97a-7455-476f-86d1-706748154c4a@group-349356213E97, cid=2415, SUCCESS, logIndex=3578, commits[6dd5d97a-7455-476f-86d1-706748154c4a:c3578, 8c1a4ac2-2d71-4742-ab0b-89dcc95eb13f:c3574, c9d0001a-daad-4532-9e58-9f5f4a7ddd18:c3574]
2019-09-12 14:53:50,449 [grpc-default-executor-2] INFO  client.GrpcClientProtocolClient (GrpcClientProtocolClient.java:onNext(264)) - client-835E41B928D6->6dd5d97a-7455-476f-86d1-706748154c4a: receive RaftClientReply:client-835E41B928D6->6dd5d97a-7455-476f-86d1-706748154c4a@group-349356213E97, cid=2416, SUCCESS, logIndex=0, commits[6dd5d97a-7455-476f-86d1-706748154c4a:c3580, 8c1a4ac2-2d71-4742-ab0b-89dcc95eb13f:c3578, c9d0001a-daad-4532-9e58-9f5f4a7ddd18:c3578]
 0.00% |█                                                                                                    |  0/1 Time: 0:00:182019-09-12 14:53:50,660 [grpc-default-executor-5] INFO  client.GrpcClientProtocolClient (GrpcClientProtocolClient.java:onNext(264)) - client-835E41B928D6->6dd5d97a-7455-476f-86d1-706748154c4a: receive RaftClientReply:client-835E41B928D6->6dd5d97a-7455-476f-86d1-706748154c4a@group-349356213E97, cid=2417, SUCCESS, logIndex=3581, commits[6dd5d97a-7455-476f-86d1-706748154c4a:c3582, 8c1a4ac2-2d71-4742-ab0b-89dcc95eb13f:c3580, c9d0001a-daad-4532-9e58-9f5f4a7ddd18:c3580]
2019-09-12 14:53:50,661 [grpc-default-executor-5] INFO  client.GrpcClientProtocolClient (GrpcClientProtocolClient.java:onNext(264)) - client-835E41B928D6->6dd5d97a-7455-476f-86d1-706748154c4a: receive RaftClientReply:client-835E41B928D6->6dd5d97a-7455-476f-86d1-706748154c4a@group-349356213E97, cid=2418, SUCCESS, logIndex=3582, commits[6dd5d97a-7455-476f-86d1-706748154c4a:c3584, 8c1a4ac2-2d71-4742-ab0b-89dcc95eb13f:c3580, c9d0001a-daad-4532-9e58-9f5f4a7ddd18:c3580]
2019-09-12 14:53:50,662 [grpc-default-executor-5] INFO  client.GrpcClientProtocolClient (GrpcClientProtocolClient.java:onNext(264)) - client-835E41B928D6->6dd5d97a-7455-476f-86d1-706748154c4a: receive RaftClientReply:client-835E41B928D6->6dd5d97a-7455-476f-86d1-706748154c4a@group-349356213E97, cid=2419, SUCCESS, logIndex=3583, commits[6dd5d97a-7455-476f-86d1-706748154c4a:c3584, 8c1a4ac2-2d71-4742-ab0b-89dcc95eb13f:c3580, c9d0001a-daad-4532-9e58-9f5f4a7ddd18:c3580]
2019-09-12 14:53:50,662 [grpc-default-executor-5] INFO  client.GrpcClientProtocolClient (GrpcClientProtocolClient.java:onNext(264)) - client-835E41B928D6->6dd5d97a-7455-476f-86d1-706748154c4a: receive RaftClientReply:client-835E41B928D6->6dd5d97a-7455-476f-86d1-706748154c4a@group-349356213E97, cid=2420, SUCCESS, logIndex=3584, commits[6dd5d97a-7455-476f-86d1-706748154c4a:c3585, 8c1a4ac2-2d71-4742-ab0b-89dcc95eb13f:c3580, c9d0001a-daad-4532-9e58-9f5f4a7ddd18:c3581]
2019-09-12 14:53:50,663 [grpc-default-executor-2] INFO  client.GrpcClientProtocolClient (GrpcClientProtocolClient.java:onNext(264)) - client-835E41B928D6->6dd5d97a-7455-476f-86d1-706748154c4a: receive RaftClientReply:client-835E41B928D6->6dd5d97a-7455-476f-86d1-706748154c4a@group-349356213E97, cid=2421, SUCCESS, logIndex=0, commits[6dd5d97a-7455-476f-86d1-706748154c4a:c3587, 8c1a4ac2-2d71-4742-ab0b-89dcc95eb13f:c3583, c9d0001a-daad-4532-9e58-9f5f4a7ddd18:c3583]
2019-09-12 14:53:50,684 [grpc-default-executor-2] INFO  client.GrpcClientProtocolClient (GrpcClientProtocolClient.java:onNext(264)) - client-835E41B928D6->6dd5d97a-7455-476f-86d1-706748154c4a: receive RaftClientReply:client-835E41B928D6->6dd5d97a-7455-476f-86d1-706748154c4a@group-349356213E97, cid=2422, SUCCESS, logIndex=3589, commits[6dd5d97a-7455-476f-86d1-706748154c4a:c3590, 8c1a4ac2-2d71-4742-ab0b-89dcc95eb13f:c3588, c9d0001a-daad-4532-9e58-9f5f4a7ddd18:c3588]
2019-09-12 14:53:50,684 [grpc-default-executor-2] INFO  client.GrpcClientProtocolClient (GrpcClientProtocolClient.java:onNext(264)) - client-835E41B928D6->6dd5d97a-7455-476f-86d1-706748154c4a: receive RaftClientReply:client-835E41B928D6->6dd5d97a-7455-476f-86d1-706748154c4a@group-349356213E97, cid=2423, SUCCESS, logIndex=3590, commits[6dd5d97a-7455-476f-86d1-706748154c4a:c3590, 8c1a4ac2-2d71-4742-ab0b-89dcc95eb13f:c3588, c9d0001a-daad-4532-9e58-9f5f4a7ddd18:c3588]
2019-09-12 14:53:50,697 [grpc-default-executor-2] INFO  client.GrpcClientProtocolClient (GrpcClientProtocolClient.java:onNext(264)) - client-835E41B928D6->6dd5d97a-7455-476f-86d1-706748154c4a: receive RaftClientReply:client-835E41B928D6->6dd5d97a-7455-476f-86d1-706748154c4a@group-349356213E97, cid=2424, SUCCESS, logIndex=3593, commits[6dd5d97a-7455-476f-86d1-706748154c4a:c3594, 8c1a4ac2-2d71-4742-ab0b-89dcc95eb13f:c3590, c9d0001a-daad-4532-9e58-9f5f4a7ddd18:c3590]
2019-09-12 14:53:50,697 [grpc-default-executor-2] INFO  client.GrpcClientProtocolClient (GrpcClientProtocolClient.java:onNext(264)) - client-835E41B928D6->6dd5d97a-7455-476f-86d1-706748154c4a: receive RaftClientReply:client-835E41B928D6->6dd5d97a-7455-476f-86d1-706748154c4a@group-349356213E97, cid=2425, SUCCESS, logIndex=3594, commits[6dd5d97a-7455-476f-86d1-706748154c4a:c3594, 8c1a4ac2-2d71-4742-ab0b-89dcc95eb13f:c3590, c9d0001a-daad-4532-9e58-9f5f4a7ddd18:c3590]
2019-09-12 14:53:50,710 [grpc-default-executor-2] INFO  client.GrpcClientProtocolClient (GrpcClientProtocolClient.java:onNext(264)) - client-835E41B928D6->6dd5d97a-7455-476f-86d1-706748154c4a: receive RaftClientReply:client-835E41B928D6->6dd5d97a-7455-476f-86d1-706748154c4a@group-349356213E97, cid=2426, SUCCESS, logIndex=0, commits[6dd5d97a-7455-476f-86d1-706748154c4a:c3596, 8c1a4ac2-2d71-4742-ab0b-89dcc95eb13f:c3594, c9d0001a-daad-4532-9e58-9f5f4a7ddd18:c3594]
2019-09-12 14:53:50,739 [grpc-default-executor-6] INFO  client.GrpcClientProtocolClient (GrpcClientProtocolClient.java:onNext(264)) - client-835E41B928D6->6dd5d97a-7455-476f-86d1-706748154c4a: receive RaftClientReply:client-835E41B928D6->6dd5d97a-7455-476f-86d1-706748154c4a@group-349356213E97, cid=2427, SUCCESS, logIndex=3597, commits[6dd5d97a-7455-476f-86d1-706748154c4a:c3598, 8c1a4ac2-2d71-4742-ab0b-89dcc95eb13f:c3596, c9d0001a-daad-4532-9e58-9f5f4a7ddd18:c3596]
2019-09-12 14:53:50,740 [grpc-default-executor-6] INFO  client.GrpcClientProtocolClient (GrpcClientProtocolClient.java:onNext(264)) - client-835E41B928D6->6dd5d97a-7455-476f-86d1-706748154c4a: receive RaftClientReply:client-835E41B928D6->6dd5d97a-7455-476f-86d1-706748154c4a@group-349356213E97, cid=2428, SUCCESS, logIndex=3598, commits[6dd5d97a-7455-476f-86d1-706748154c4a:c3599, 8c1a4ac2-2d71-4742-ab0b-89dcc95eb13f:c3596, c9d0001a-daad-4532-9e58-9f5f4a7ddd18:c3596]
2019-09-12 14:53:50,741 [grpc-default-executor-6] INFO  client.GrpcClientProtocolClient (GrpcClientProtocolClient.java:onNext(264)) - client-835E41B928D6->6dd5d97a-7455-476f-86d1-706748154c4a: receive RaftClientReply:client-835E41B928D6->6dd5d97a-7455-476f-86d1-706748154c4a@group-349356213E97, cid=2429, SUCCESS, logIndex=3599, commits[6dd5d97a-7455-476f-86d1-706748154c4a:c3600, 8c1a4ac2-2d71-4742-ab0b-89dcc95eb13f:c3596, c9d0001a-daad-4532-9e58-9f5f4a7ddd18:c3596]
2019-09-12 14:53:50,741 [grpc-default-executor-6] INFO  client.GrpcClientProtocolClient (GrpcClientProtocolClient.java:onNext(264)) - client-835E41B928D6->6dd5d97a-7455-476f-86d1-706748154c4a: receive RaftClientReply:client-835E41B928D6->6dd5d97a-7455-476f-86d1-706748154c4a@group-349356213E97, cid=2430, SUCCESS, logIndex=3600, commits[6dd5d97a-7455-476f-86d1-706748154c4a:c3600, 8c1a4ac2-2d71-4742-ab0b-89dcc95eb13f:c3596, c9d0001a-daad-4532-9e58-9f5f4a7ddd18:c3596]
2019-09-12 14:53:50,742 [grpc-default-executor-2] INFO  client.GrpcClientProtocolClient (GrpcClientProtocolClient.java:onNext(264)) - client-835E41B928D6->6dd5d97a-7455-476f-86d1-706748154c4a: receive RaftClientReply:client-835E41B928D6->6dd5d97a-7455-476f-86d1-706748154c4a@group-349356213E97, cid=2431, SUCCESS, logIndex=0, commits[6dd5d97a-7455-476f-86d1-706748154c4a:c3603, 8c1a4ac2-2d71-4742-ab0b-89dcc95eb13f:c3598, c9d0001a-daad-4532-9e58-9f5f4a7ddd18:c3600]
2019-09-12 14:53:50,761 [grpc-default-executor-2] INFO  client.GrpcClientProtocolClient (GrpcClientProtocolClient.java:onNext(264)) - client-835E41B928D6->6dd5d97a-7455-476f-86d1-706748154c4a: receive RaftClientReply:client-835E41B928D6->6dd5d97a-7455-476f-86d1-706748154c4a@group-349356213E97, cid=2432, SUCCESS, logIndex=3605, commits[6dd5d97a-7455-476f-86d1-706748154c4a:c3606, 8c1a4ac2-2d71-4742-ab0b-89dcc95eb13f:c3604, c9d0001a-daad-4532-9e58-9f5f4a7ddd18:c3604]
2019-09-12 14:53:50,762 [grpc-default-executor-2] INFO  client.GrpcClientProtocolClient (GrpcClientProtocolClient.java:onNext(264)) - client-835E41B928D6->6dd5d97a-7455-476f-86d1-706748154c4a: receive RaftClientReply:client-835E41B928D6->6dd5d97a-7455-476f-86d1-706748154c4a@group-349356213E97, cid=2433, SUCCESS, logIndex=3606, commits[6dd5d97a-7455-476f-86d1-706748154c4a:c3606, 8c1a4ac2-2d71-4742-ab0b-89dcc95eb13f:c3604, c9d0001a-daad-4532-9e58-9f5f4a7ddd18:c3604]
2019-09-12 14:53:50,775 [grpc-default-executor-5] INFO  client.GrpcClientProtocolClient (GrpcClientProtocolClient.java:onNext(264)) - client-835E41B928D6->6dd5d97a-7455-476f-86d1-706748154c4a: receive RaftClientReply:client-835E41B928D6->6dd5d97a-7455-476f-86d1-706748154c4a@group-349356213E97, cid=2434, SUCCESS, logIndex=3609, commits[6dd5d97a-7455-476f-86d1-706748154c4a:c3610, 8c1a4ac2-2d71-4742-ab0b-89dcc95eb13f:c3606, c9d0001a-daad-4532-9e58-9f5f4a7ddd18:c3606]
2019-09-12 14:53:50,775 [grpc-default-executor-5] INFO  client.GrpcClientProtocolClient (GrpcClientProtocolClient.java:onNext(264)) - client-835E41B928D6->6dd5d97a-7455-476f-86d1-706748154c4a: receive RaftClientReply:client-835E41B928D6->6dd5d97a-7455-476f-86d1-706748154c4a@group-349356213E97, cid=2435, SUCCESS, logIndex=3610, commits[6dd5d97a-7455-476f-86d1-706748154c4a:c3610, 8c1a4ac2-2d71-4742-ab0b-89dcc95eb13f:c3606, c9d0001a-daad-4532-9e58-9f5f4a7ddd18:c3606]
2019-09-12 14:53:50,787 [grpc-default-executor-5] INFO  client.GrpcClientProtocolClient (GrpcClientProtocolClient.java:onNext(264)) - client-835E41B928D6->6dd5d97a-7455-476f-86d1-706748154c4a: receive RaftClientReply:client-835E41B928D6->6dd5d97a-7455-476f-86d1-706748154c4a@group-349356213E97, cid=2436, SUCCESS, logIndex=0, commits[6dd5d97a-7455-476f-86d1-706748154c4a:c3612, 8c1a4ac2-2d71-4742-ab0b-89dcc95eb13f:c3610, c9d0001a-daad-4532-9e58-9f5f4a7ddd18:c3610]
2019-09-12 14:53:50,813 [grpc-default-executor-6] INFO  client.GrpcClientProtocolClient (GrpcClientProtocolClient.java:onNext(264)) - client-835E41B928D6->6dd5d97a-7455-476f-86d1-706748154c4a: receive RaftClientReply:client-835E41B928D6->6dd5d97a-7455-476f-86d1-706748154c4a@group-349356213E97, cid=2437, SUCCESS, logIndex=3613, commits[6dd5d97a-7455-476f-86d1-706748154c4a:c3614, 8c1a4ac2-2d71-4742-ab0b-89dcc95eb13f:c3612, c9d0001a-daad-4532-9e58-9f5f4a7ddd18:c3612]
2019-09-12 14:53:50,813 [grpc-default-executor-6] INFO  client.GrpcClientProtocolClient (GrpcClientProtocolClient.java:onNext(264)) - client-835E41B928D6->6dd5d97a-7455-476f-86d1-706748154c4a: receive RaftClientReply:client-835E41B928D6->6dd5d97a-7455-476f-86d1-706748154c4a@group-349356213E97, cid=2438, SUCCESS, logIndex=3614, commits[6dd5d97a-7455-476f-86d1-706748154c4a:c3614, 8c1a4ac2-2d71-4742-ab0b-89dcc95eb13f:c3612, c9d0001a-daad-4532-9e58-9f5f4a7ddd18:c3612]
2019-09-12 14:53:50,814 [grpc-default-executor-7] INFO  client.GrpcClientProtocolClient (GrpcClientProtocolClient.java:onNext(264)) - client-835E41B928D6->6dd5d97a-7455-476f-86d1-706748154c4a: receive RaftClientReply:client-835E41B928D6->6dd5d97a-7455-476f-86d1-706748154c4a@group-349356213E97, cid=2439, SUCCESS, logIndex=3615, commits[6dd5d97a-7455-476f-86d1-706748154c4a:c3616, 8c1a4ac2-2d71-4742-ab0b-89dcc95eb13f:c3612, c9d0001a-daad-4532-9e58-9f5f4a7ddd18:c3612]
2019-09-12 14:53:50,814 [grpc-default-executor-7] INFO  client.GrpcClientProtocolClient (GrpcClientProtocolClient.java:onNext(264)) - client-835E41B928D6->6dd5d97a-7455-476f-86d1-706748154c4a: receive RaftClientReply:client-835E41B928D6->6dd5d97a-7455-476f-86d1-706748154c4a@group-349356213E97, cid=2440, SUCCESS, logIndex=3616, commits[6dd5d97a-7455-476f-86d1-706748154c4a:c3616, 8c1a4ac2-2d71-4742-ab0b-89dcc95eb13f:c3612, c9d0001a-daad-4532-9e58-9f5f4a7ddd18:c3612]
2019-09-12 14:53:50,815 [grpc-default-executor-7] INFO  client.GrpcClientProtocolClient (GrpcClientProtocolClient.java:onNext(264)) - client-835E41B928D6->6dd5d97a-7455-476f-86d1-706748154c4a: receive RaftClientReply:client-835E41B928D6->6dd5d97a-7455-476f-86d1-706748154c4a@group-349356213E97, cid=2441, SUCCESS, logIndex=0, commits[6dd5d97a-7455-476f-86d1-706748154c4a:c3618, 8c1a4ac2-2d71-4742-ab0b-89dcc95eb13f:c3614, c9d0001a-daad-4532-9e58-9f5f4a7ddd18:c3614]
2019-09-12 14:53:50,833 [grpc-default-executor-5] INFO  client.GrpcClientProtocolClient (GrpcClientProtocolClient.java:onNext(264)) - client-835E41B928D6->6dd5d97a-7455-476f-86d1-706748154c4a: receive RaftClientReply:client-835E41B928D6->6dd5d97a-7455-476f-86d1-706748154c4a@group-349356213E97, cid=2442, SUCCESS, logIndex=3621, commits[6dd5d97a-7455-476f-86d1-706748154c4a:c3622, 8c1a4ac2-2d71-4742-ab0b-89dcc95eb13f:c3620, c9d0001a-daad-4532-9e58-9f5f4a7ddd18:c3620]
2019-09-12 14:53:50,834 [grpc-default-executor-5] INFO  client.GrpcClientProtocolClient (GrpcClientProtocolClient.java:onNext(264)) - client-835E41B928D6->6dd5d97a-7455-476f-86d1-706748154c4a: receive RaftClientReply:client-835E41B928D6->6dd5d97a-7455-476f-86d1-706748154c4a@group-349356213E97, cid=2443, SUCCESS, logIndex=3622, commits[6dd5d97a-7455-476f-86d1-706748154c4a:c3622, 8c1a4ac2-2d71-4742-ab0b-89dcc95eb13f:c3620, c9d0001a-daad-4532-9e58-9f5f4a7ddd18:c3620]
2019-09-12 14:53:50,846 [grpc-default-executor-6] INFO  client.GrpcClientProtocolClient (GrpcClientProtocolClient.java:onNext(264)) - client-835E41B928D6->6dd5d97a-7455-476f-86d1-706748154c4a: receive RaftClientReply:client-835E41B928D6->6dd5d97a-7455-476f-86d1-706748154c4a@group-349356213E97, cid=2444, SUCCESS, logIndex=3625, commits[6dd5d97a-7455-476f-86d1-706748154c4a:c3626, 8c1a4ac2-2d71-4742-ab0b-89dcc95eb13f:c3622, c9d0001a-daad-4532-9e58-9f5f4a7ddd18:c3622]
2019-09-12 14:53:50,847 [grpc-default-executor-6] INFO  client.GrpcClientProtocolClient (GrpcClientProtocolClient.java:onNext(264)) - client-835E41B928D6->6dd5d97a-7455-476f-86d1-706748154c4a: receive RaftClientReply:client-835E41B928D6->6dd5d97a-7455-476f-86d1-706748154c4a@group-349356213E97, cid=2445, SUCCESS, logIndex=3626, commits[6dd5d97a-7455-476f-86d1-706748154c4a:c3626, 8c1a4ac2-2d71-4742-ab0b-89dcc95eb13f:c3622, c9d0001a-daad-4532-9e58-9f5f4a7ddd18:c3622]
2019-09-12 14:53:50,849 [grpc-default-executor-6] INFO  client.GrpcClientProtocolClient (GrpcClientProtocolClient.java:onNext(264)) - client-835E41B928D6->6dd5d97a-7455-476f-86d1-706748154c4a: receive RaftClientReply:client-835E41B928D6->6dd5d97a-7455-476f-86d1-706748154c4a@group-349356213E97, cid=2446, SUCCESS, logIndex=0, commits[6dd5d97a-7455-476f-86d1-706748154c4a:c3627, 8c1a4ac2-2d71-4742-ab0b-89dcc95eb13f:c3626, c9d0001a-daad-4532-9e58-9f5f4a7ddd18:c3626]
2019-09-12 14:53:50,866 [grpc-default-executor-5] INFO  client.GrpcClientProtocolClient (GrpcClientProtocolClient.java:onNext(264)) - client-835E41B928D6->6dd5d97a-7455-476f-86d1-706748154c4a: receive RaftClientReply:client-835E41B928D6->6dd5d97a-7455-476f-86d1-706748154c4a@group-349356213E97, cid=2447, SUCCESS, logIndex=3629, commits[6dd5d97a-7455-476f-86d1-706748154c4a:c3630, 8c1a4ac2-2d71-4742-ab0b-89dcc95eb13f:c3626, c9d0001a-daad-4532-9e58-9f5f4a7ddd18:c3628]
2019-09-12 14:53:50,867 [grpc-default-executor-5] INFO  client.GrpcClientProtocolClient (GrpcClientProtocolClient.java:onNext(264)) - client-835E41B928D6->6dd5d97a-7455-476f-86d1-706748154c4a: receive RaftClientReply:client-835E41B928D6->6dd5d97a-7455-476f-86d1-706748154c4a@group-349356213E97, cid=2448, SUCCESS, logIndex=3630, commits[6dd5d97a-7455-476f-86d1-706748154c4a:c3630, 8c1a4ac2-2d71-4742-ab0b-89dcc95eb13f:c3628, c9d0001a-daad-4532-9e58-9f5f4a7ddd18:c3628]
2019-09-12 14:53:50,867 [grpc-default-executor-5] INFO  client.GrpcClientProtocolClient (GrpcClientProtocolClient.java:onNext(264)) - client-835E41B928D6->6dd5d97a-7455-476f-86d1-706748154c4a: receive RaftClientReply:client-835E41B928D6->6dd5d97a-7455-476f-86d1-706748154c4a@group-349356213E97, cid=2449, SUCCESS, logIndex=3631, commits[6dd5d97a-7455-476f-86d1-706748154c4a:c3632, 8c1a4ac2-2d71-4742-ab0b-89dcc95eb13f:c3628, c9d0001a-daad-4532-9e58-9f5f4a7ddd18:c3628]
2019-09-12 14:53:50,867 [grpc-default-executor-6] INFO  client.GrpcClientProtocolClient (GrpcClientProtocolClient.java:onNext(264)) - client-835E41B928D6->6dd5d97a-7455-476f-86d1-706748154c4a: receive RaftClientReply:client-835E41B928D6->6dd5d97a-7455-476f-86d1-706748154c4a@group-349356213E97, cid=2450, SUCCESS, logIndex=3632, commits[6dd5d97a-7455-476f-86d1-706748154c4a:c3632, 8c1a4ac2-2d71-4742-ab0b-89dcc95eb13f:c3628, c9d0001a-daad-4532-9e58-9f5f4a7ddd18:c3628]
2019-09-12 14:53:50,869 [grpc-default-executor-6] INFO  client.GrpcClientProtocolClient (GrpcClientProtocolClient.java:onNext(264)) - client-835E41B928D6->6dd5d97a-7455-476f-86d1-706748154c4a: receive RaftClientReply:client-835E41B928D6->6dd5d97a-7455-476f-86d1-706748154c4a@group-349356213E97, cid=2451, SUCCESS, logIndex=0, commits[6dd5d97a-7455-476f-86d1-706748154c4a:c3634, 8c1a4ac2-2d71-4742-ab0b-89dcc95eb13f:c3630, c9d0001a-daad-4532-9e58-9f5f4a7ddd18:c3630]
2019-09-12 14:53:50,894 [grpc-default-executor-5] INFO  client.GrpcClientProtocolClient (GrpcClientProtocolClient.java:onNext(264)) - client-835E41B928D6->6dd5d97a-7455-476f-86d1-706748154c4a: receive RaftClientReply:client-835E41B928D6->6dd5d97a-7455-476f-86d1-706748154c4a@group-349356213E97, cid=2452, SUCCESS, logIndex=3637, commits[6dd5d97a-7455-476f-86d1-706748154c4a:c3638, 8c1a4ac2-2d71-4742-ab0b-89dcc95eb13f:c3632, c9d0001a-daad-4532-9e58-9f5f4a7ddd18:c3636]
2019-09-12 14:53:50,895 [grpc-default-executor-5] INFO  client.GrpcClientProtocolClient (GrpcClientProtocolClient.java:onNext(264)) - client-835E41B928D6->6dd5d97a-7455-476f-86d1-706748154c4a: receive RaftClientReply:client-835E41B928D6->6dd5d97a-7455-476f-86d1-706748154c4a@group-349356213E97, cid=2453, SUCCESS, logIndex=3638, commits[6dd5d97a-7455-476f-86d1-706748154c4a:c3638, 8c1a4ac2-2d71-4742-ab0b-89dcc95eb13f:c3636, c9d0001a-daad-4532-9e58-9f5f4a7ddd18:c3636]
2019-09-12 14:53:50,907 [grpc-default-executor-6] INFO  client.GrpcClientProtocolClient (GrpcClientProtocolClient.java:onNext(264)) - client-835E41B928D6->6dd5d97a-7455-476f-86d1-706748154c4a: receive RaftClientReply:client-835E41B928D6->6dd5d97a-7455-476f-86d1-706748154c4a@group-349356213E97, cid=2454, SUCCESS, logIndex=3641, commits[6dd5d97a-7455-476f-86d1-706748154c4a:c3642, 8c1a4ac2-2d71-4742-ab0b-89dcc95eb13f:c3640, c9d0001a-daad-4532-9e58-9f5f4a7ddd18:c3640]
2019-09-12 14:53:50,907 [grpc-default-executor-6] INFO  client.GrpcClientProtocolClient (GrpcClientProtocolClient.java:onNext(264)) - client-835E41B928D6->6dd5d97a-7455-476f-86d1-706748154c4a: receive RaftClientReply:client-835E41B928D6->6dd5d97a-7455-476f-86d1-706748154c4a@group-349356213E97, cid=2455, SUCCESS, logIndex=3642, commits[6dd5d97a-7455-476f-86d1-706748154c4a:c3642, 8c1a4ac2-2d71-4742-ab0b-89dcc95eb13f:c3640, c9d0001a-daad-4532-9e58-9f5f4a7ddd18:c3640]
2019-09-12 14:53:50,919 [grpc-default-executor-6] INFO  client.GrpcClientProtocolClient (GrpcClientProtocolClient.java:onNext(264)) - client-835E41B928D6->6dd5d97a-7455-476f-86d1-706748154c4a: receive RaftClientReply:client-835E41B928D6->6dd5d97a-7455-476f-86d1-706748154c4a@group-349356213E97, cid=2456, SUCCESS, logIndex=0, commits[6dd5d97a-7455-476f-86d1-706748154c4a:c3644, 8c1a4ac2-2d71-4742-ab0b-89dcc95eb13f:c3642, c9d0001a-daad-4532-9e58-9f5f4a7ddd18:c3642]
2019-09-12 14:53:50,946 [grpc-default-executor-5] INFO  client.GrpcClientProtocolClient (GrpcClientProtocolClient.java:onNext(264)) - client-835E41B928D6->6dd5d97a-7455-476f-86d1-706748154c4a: receive RaftClientReply:client-835E41B928D6->6dd5d97a-7455-476f-86d1-706748154c4a@group-349356213E97, cid=2457, SUCCESS, logIndex=3645, commits[6dd5d97a-7455-476f-86d1-706748154c4a:c3646, 8c1a4ac2-2d71-4742-ab0b-89dcc95eb13f:c3644, c9d0001a-daad-4532-9e58-9f5f4a7ddd18:c3644]
2019-09-12 14:53:50,946 [grpc-default-executor-5] INFO  client.GrpcClientProtocolClient (GrpcClientProtocolClient.java:onNext(264)) - client-835E41B928D6->6dd5d97a-7455-476f-86d1-706748154c4a: receive RaftClientReply:client-835E41B928D6->6dd5d97a-7455-476f-86d1-706748154c4a@group-349356213E97, cid=2458, SUCCESS, logIndex=3646, commits[6dd5d97a-7455-476f-86d1-706748154c4a:c3648, 8c1a4ac2-2d71-4742-ab0b-89dcc95eb13f:c3644, c9d0001a-daad-4532-9e58-9f5f4a7ddd18:c3644]
2019-09-12 14:53:50,947 [grpc-default-executor-5] INFO  client.GrpcClientProtocolClient (GrpcClientProtocolClient.java:onNext(264)) - client-835E41B928D6->6dd5d97a-7455-476f-86d1-706748154c4a: receive RaftClientReply:client-835E41B928D6->6dd5d97a-7455-476f-86d1-706748154c4a@group-349356213E97, cid=2459, SUCCESS, logIndex=3647, commits[6dd5d97a-7455-476f-86d1-706748154c4a:c3648, 8c1a4ac2-2d71-4742-ab0b-89dcc95eb13f:c3644, c9d0001a-daad-4532-9e58-9f5f4a7ddd18:c3644]
2019-09-12 14:53:50,947 [grpc-default-executor-5] INFO  client.GrpcClientProtocolClient (GrpcClientProtocolClient.java:onNext(264)) - client-835E41B928D6->6dd5d97a-7455-476f-86d1-706748154c4a: receive RaftClientReply:client-835E41B928D6->6dd5d97a-7455-476f-86d1-706748154c4a@group-349356213E97, cid=2460, SUCCESS, logIndex=3648, commits[6dd5d97a-7455-476f-86d1-706748154c4a:c3648, 8c1a4ac2-2d71-4742-ab0b-89dcc95eb13f:c3644, c9d0001a-daad-4532-9e58-9f5f4a7ddd18:c3644]
2019-09-12 14:53:50,948 [grpc-default-executor-5] INFO  client.GrpcClientProtocolClient (GrpcClientProtocolClient.java:onNext(264)) - client-835E41B928D6->6dd5d97a-7455-476f-86d1-706748154c4a: receive RaftClientReply:client-835E41B928D6->6dd5d97a-7455-476f-86d1-706748154c4a@group-349356213E97, cid=2461, SUCCESS, logIndex=0, commits[6dd5d97a-7455-476f-86d1-706748154c4a:c3651, 8c1a4ac2-2d71-4742-ab0b-89dcc95eb13f:c3648, c9d0001a-daad-4532-9e58-9f5f4a7ddd18:c3646]
2019-09-12 14:53:50,967 [grpc-default-executor-5] INFO  client.GrpcClientProtocolClient (GrpcClientProtocolClient.java:onNext(264)) - client-835E41B928D6->6dd5d97a-7455-476f-86d1-706748154c4a: receive RaftClientReply:client-835E41B928D6->6dd5d97a-7455-476f-86d1-706748154c4a@group-349356213E97, cid=2462, SUCCESS, logIndex=3652, commits[6dd5d97a-7455-476f-86d1-706748154c4a:c3653, 8c1a4ac2-2d71-4742-ab0b-89dcc95eb13f:c3651, c9d0001a-daad-4532-9e58-9f5f4a7ddd18:c3651]
2019-09-12 14:53:50,967 [grpc-default-executor-5] INFO  client.GrpcClientProtocolClient (GrpcClientProtocolClient.java:onNext(264)) - client-835E41B928D6->6dd5d97a-7455-476f-86d1-706748154c4a: receive RaftClientReply:client-835E41B928D6->6dd5d97a-7455-476f-86d1-706748154c4a@group-349356213E97, cid=2463, SUCCESS, logIndex=3653, commits[6dd5d97a-7455-476f-86d1-706748154c4a:c3653, 8c1a4ac2-2d71-4742-ab0b-89dcc95eb13f:c3651, c9d0001a-daad-4532-9e58-9f5f4a7ddd18:c3651]
2019-09-12 14:53:50,979 [grpc-default-executor-7] INFO  client.GrpcClientProtocolClient (GrpcClientProtocolClient.java:onNext(264)) - client-835E41B928D6->6dd5d97a-7455-476f-86d1-706748154c4a: receive RaftClientReply:client-835E41B928D6->6dd5d97a-7455-476f-86d1-706748154c4a@group-349356213E97, cid=2464, SUCCESS, logIndex=3656, commits[6dd5d97a-7455-476f-86d1-706748154c4a:c3656, 8c1a4ac2-2d71-4742-ab0b-89dcc95eb13f:c3653, c9d0001a-daad-4532-9e58-9f5f4a7ddd18:c3653]
2019-09-12 14:53:50,980 [grpc-default-executor-7] INFO  client.GrpcClientProtocolClient (GrpcClientProtocolClient.java:onNext(264)) - client-835E41B928D6->6dd5d97a-7455-476f-86d1-706748154c4a: receive RaftClientReply:client-835E41B928D6->6dd5d97a-7455-476f-86d1-706748154c4a@group-349356213E97, cid=2465, SUCCESS, logIndex=3657, commits[6dd5d97a-7455-476f-86d1-706748154c4a:c3657, 8c1a4ac2-2d71-4742-ab0b-89dcc95eb13f:c3653, c9d0001a-daad-4532-9e58-9f5f4a7ddd18:c3653]
2019-09-12 14:53:50,992 [grpc-default-executor-7] INFO  client.GrpcClientProtocolClient (GrpcClientProtocolClient.java:onNext(264)) - client-835E41B928D6->6dd5d97a-7455-476f-86d1-706748154c4a: receive RaftClientReply:client-835E41B928D6->6dd5d97a-7455-476f-86d1-706748154c4a@group-349356213E97, cid=2466, SUCCESS, logIndex=0, commits[6dd5d97a-7455-476f-86d1-706748154c4a:c3659, 8c1a4ac2-2d71-4742-ab0b-89dcc95eb13f:c3657, c9d0001a-daad-4532-9e58-9f5f4a7ddd18:c3657]
2019-09-12 14:53:51,017 [grpc-default-executor-6] INFO  client.GrpcClientProtocolClient (GrpcClientProtocolClient.java:onNext(264)) - client-835E41B928D6->6dd5d97a-7455-476f-86d1-706748154c4a: receive RaftClientReply:client-835E41B928D6->6dd5d97a-7455-476f-86d1-706748154c4a@group-349356213E97, cid=2467, SUCCESS, logIndex=3660, commits[6dd5d97a-7455-476f-86d1-706748154c4a:c3661, 8c1a4ac2-2d71-4742-ab0b-89dcc95eb13f:c3659, c9d0001a-daad-4532-9e58-9f5f4a7ddd18:c3659]
2019-09-12 14:53:51,018 [grpc-default-executor-6] INFO  client.GrpcClientProtocolClient (GrpcClientProtocolClient.java:onNext(264)) - client-835E41B928D6->6dd5d97a-7455-476f-86d1-706748154c4a: receive RaftClientReply:client-835E41B928D6->6dd5d97a-7455-476f-86d1-706748154c4a@group-349356213E97, cid=2468, SUCCESS, logIndex=3661, commits[6dd5d97a-7455-476f-86d1-706748154c4a:c3663, 8c1a4ac2-2d71-4742-ab0b-89dcc95eb13f:c3659, c9d0001a-daad-4532-9e58-9f5f4a7ddd18:c3659]
2019-09-12 14:53:51,018 [grpc-default-executor-6] INFO  client.GrpcClientProtocolClient (GrpcClientProtocolClient.java:onNext(264)) - client-835E41B928D6->6dd5d97a-7455-476f-86d1-706748154c4a: receive RaftClientReply:client-835E41B928D6->6dd5d97a-7455-476f-86d1-706748154c4a@group-349356213E97, cid=2469, SUCCESS, logIndex=3662, commits[6dd5d97a-7455-476f-86d1-706748154c4a:c3663, 8c1a4ac2-2d71-4742-ab0b-89dcc95eb13f:c3659, c9d0001a-daad-4532-9e58-9f5f4a7ddd18:c3659]
2019-09-12 14:53:51,018 [grpc-default-executor-6] INFO  client.GrpcClientProtocolClient (GrpcClientProtocolClient.java:onNext(264)) - client-835E41B928D6->6dd5d97a-7455-476f-86d1-706748154c4a: receive RaftClientReply:client-835E41B928D6->6dd5d97a-7455-476f-86d1-706748154c4a@group-349356213E97, cid=2470, SUCCESS, logIndex=3663, commits[6dd5d97a-7455-476f-86d1-706748154c4a:c3663, 8c1a4ac2-2d71-4742-ab0b-89dcc95eb13f:c3659, c9d0001a-daad-4532-9e58-9f5f4a7ddd18:c3659]
2019-09-12 14:53:51,019 [grpc-default-executor-6] INFO  client.GrpcClientProtocolClient (GrpcClientProtocolClient.java:onNext(264)) - client-835E41B928D6->6dd5d97a-7455-476f-86d1-706748154c4a: receive RaftClientReply:client-835E41B928D6->6dd5d97a-7455-476f-86d1-706748154c4a@group-349356213E97, cid=2471, SUCCESS, logIndex=0, commits[6dd5d97a-7455-476f-86d1-706748154c4a:c3665, 8c1a4ac2-2d71-4742-ab0b-89dcc95eb13f:c3661, c9d0001a-daad-4532-9e58-9f5f4a7ddd18:c3661]
2019-09-12 14:53:51,038 [grpc-default-executor-5] INFO  client.GrpcClientProtocolClient (GrpcClientProtocolClient.java:onNext(264)) - client-835E41B928D6->6dd5d97a-7455-476f-86d1-706748154c4a: receive RaftClientReply:client-835E41B928D6->6dd5d97a-7455-476f-86d1-706748154c4a@group-349356213E97, cid=2472, SUCCESS, logIndex=3668, commits[6dd5d97a-7455-476f-86d1-706748154c4a:c3669, 8c1a4ac2-2d71-4742-ab0b-89dcc95eb13f:c3667, c9d0001a-daad-4532-9e58-9f5f4a7ddd18:c3667]
2019-09-12 14:53:51,039 [grpc-default-executor-5] INFO  client.GrpcClientProtocolClient (GrpcClientProtocolClient.java:onNext(264)) - client-835E41B928D6->6dd5d97a-7455-476f-86d1-706748154c4a: receive RaftClientReply:client-835E41B928D6->6dd5d97a-7455-476f-86d1-706748154c4a@group-349356213E97, cid=2473, SUCCESS, logIndex=3669, commits[6dd5d97a-7455-476f-86d1-706748154c4a:c3669, 8c1a4ac2-2d71-4742-ab0b-89dcc95eb13f:c3667, c9d0001a-daad-4532-9e58-9f5f4a7ddd18:c3667]
2019-09-12 14:53:51,051 [grpc-default-executor-5] INFO  client.GrpcClientProtocolClient (GrpcClientProtocolClient.java:onNext(264)) - client-835E41B928D6->6dd5d97a-7455-476f-86d1-706748154c4a: receive RaftClientReply:client-835E41B928D6->6dd5d97a-7455-476f-86d1-706748154c4a@group-349356213E97, cid=2474, SUCCESS, logIndex=3672, commits[6dd5d97a-7455-476f-86d1-706748154c4a:c3673, 8c1a4ac2-2d71-4742-ab0b-89dcc95eb13f:c3669, c9d0001a-daad-4532-9e58-9f5f4a7ddd18:c3669]
2019-09-12 14:53:51,052 [grpc-default-executor-5] INFO  client.GrpcClientProtocolClient (GrpcClientProtocolClient.java:onNext(264)) - client-835E41B928D6->6dd5d97a-7455-476f-86d1-706748154c4a: receive RaftClientReply:client-835E41B928D6->6dd5d97a-7455-476f-86d1-706748154c4a@group-349356213E97, cid=2475, SUCCESS, logIndex=3673, commits[6dd5d97a-7455-476f-86d1-706748154c4a:c3673, 8c1a4ac2-2d71-4742-ab0b-89dcc95eb13f:c3669, c9d0001a-daad-4532-9e58-9f5f4a7ddd18:c3669]
2019-09-12 14:53:51,064 [grpc-default-executor-5] INFO  client.GrpcClientProtocolClient (GrpcClientProtocolClient.java:onNext(264)) - client-835E41B928D6->6dd5d97a-7455-476f-86d1-706748154c4a: receive RaftClientReply:client-835E41B928D6->6dd5d97a-7455-476f-86d1-706748154c4a@group-349356213E97, cid=2476, SUCCESS, logIndex=0, commits[6dd5d97a-7455-476f-86d1-706748154c4a:c3674, 8c1a4ac2-2d71-4742-ab0b-89dcc95eb13f:c3673, c9d0001a-daad-4532-9e58-9f5f4a7ddd18:c3673]
2019-09-12 14:53:51,089 [grpc-default-executor-6] INFO  client.GrpcClientProtocolClient (GrpcClientProtocolClient.java:onNext(264)) - client-835E41B928D6->6dd5d97a-7455-476f-86d1-706748154c4a: receive RaftClientReply:client-835E41B928D6->6dd5d97a-7455-476f-86d1-706748154c4a@group-349356213E97, cid=2477, SUCCESS, logIndex=3676, commits[6dd5d97a-7455-476f-86d1-706748154c4a:c3677, 8c1a4ac2-2d71-4742-ab0b-89dcc95eb13f:c3675, c9d0001a-daad-4532-9e58-9f5f4a7ddd18:c3675]
2019-09-12 14:53:51,090 [grpc-default-executor-7] INFO  client.GrpcClientProtocolClient (GrpcClientProtocolClient.java:onNext(264)) - client-835E41B928D6->6dd5d97a-7455-476f-86d1-706748154c4a: receive RaftClientReply:client-835E41B928D6->6dd5d97a-7455-476f-86d1-706748154c4a@group-349356213E97, cid=2478, SUCCESS, logIndex=3677, commits[6dd5d97a-7455-476f-86d1-706748154c4a:c3677, 8c1a4ac2-2d71-4742-ab0b-89dcc95eb13f:c3675, c9d0001a-daad-4532-9e58-9f5f4a7ddd18:c3675]
2019-09-12 14:53:51,090 [grpc-default-executor-7] INFO  client.GrpcClientProtocolClient (GrpcClientProtocolClient.java:onNext(264)) - client-835E41B928D6->6dd5d97a-7455-476f-86d1-706748154c4a: receive RaftClientReply:client-835E41B928D6->6dd5d97a-7455-476f-86d1-706748154c4a@group-349356213E97, cid=2479, SUCCESS, logIndex=3678, commits[6dd5d97a-7455-476f-86d1-706748154c4a:c3679, 8c1a4ac2-2d71-4742-ab0b-89dcc95eb13f:c3675, c9d0001a-daad-4532-9e58-9f5f4a7ddd18:c3675]
2019-09-12 14:53:51,090 [grpc-default-executor-7] INFO  client.GrpcClientProtocolClient (GrpcClientProtocolClient.java:onNext(264)) - client-835E41B928D6->6dd5d97a-7455-476f-86d1-706748154c4a: receive RaftClientReply:client-835E41B928D6->6dd5d97a-7455-476f-86d1-706748154c4a@group-349356213E97, cid=2480, SUCCESS, logIndex=3679, commits[6dd5d97a-7455-476f-86d1-706748154c4a:c3679, 8c1a4ac2-2d71-4742-ab0b-89dcc95eb13f:c3675, c9d0001a-daad-4532-9e58-9f5f4a7ddd18:c3675]
2019-09-12 14:53:51,092 [grpc-default-executor-5] INFO  client.GrpcClientProtocolClient (GrpcClientProtocolClient.java:onNext(264)) - client-835E41B928D6->6dd5d97a-7455-476f-86d1-706748154c4a: receive RaftClientReply:client-835E41B928D6->6dd5d97a-7455-476f-86d1-706748154c4a@group-349356213E97, cid=2481, SUCCESS, logIndex=0, commits[6dd5d97a-7455-476f-86d1-706748154c4a:c3681, 8c1a4ac2-2d71-4742-ab0b-89dcc95eb13f:c3677, c9d0001a-daad-4532-9e58-9f5f4a7ddd18:c3677]
2019-09-12 14:53:51,102 [grpc-default-executor-5] INFO  client.GrpcClientProtocolClient (GrpcClientProtocolClient.java:onNext(264)) - client-835E41B928D6->6dd5d97a-7455-476f-86d1-706748154c4a: receive RaftClientReply:client-835E41B928D6->6dd5d97a-7455-476f-86d1-706748154c4a@group-349356213E97, cid=2482, SUCCESS, logIndex=3684, commits[6dd5d97a-7455-476f-86d1-706748154c4a:c3685, 8c1a4ac2-2d71-4742-ab0b-89dcc95eb13f:c3683, c9d0001a-daad-4532-9e58-9f5f4a7ddd18:c3679]
2019-09-12 14:53:51,102 [grpc-default-executor-5] INFO  client.GrpcClientProtocolClient (GrpcClientProtocolClient.java:onNext(264)) - client-835E41B928D6->6dd5d97a-7455-476f-86d1-706748154c4a: receive RaftClientReply:client-835E41B928D6->6dd5d97a-7455-476f-86d1-706748154c4a@group-349356213E97, cid=2483, SUCCESS, logIndex=3685, commits[6dd5d97a-7455-476f-86d1-706748154c4a:c3685, 8c1a4ac2-2d71-4742-ab0b-89dcc95eb13f:c3683, c9d0001a-daad-4532-9e58-9f5f4a7ddd18:c3683]
2019-09-12 14:53:51,112 [grpc-default-executor-7] INFO  client.GrpcClientProtocolClient (GrpcClientProtocolClient.java:onNext(264)) - client-835E41B928D6->6dd5d97a-7455-476f-86d1-706748154c4a: receive RaftClientReply:client-835E41B928D6->6dd5d97a-7455-476f-86d1-706748154c4a@group-349356213E97, cid=2484, SUCCESS, logIndex=3688, commits[6dd5d97a-7455-476f-86d1-706748154c4a:c3689, 8c1a4ac2-2d71-4742-ab0b-89dcc95eb13f:c3685, c9d0001a-daad-4532-9e58-9f5f4a7ddd18:c3687]
2019-09-12 14:53:51,113 [grpc-default-executor-7] INFO  client.GrpcClientProtocolClient (GrpcClientProtocolClient.java:onNext(264)) - client-835E41B928D6->6dd5d97a-7455-476f-86d1-706748154c4a: receive RaftClientReply:client-835E41B928D6->6dd5d97a-7455-476f-86d1-706748154c4a@group-349356213E97, cid=2485, SUCCESS, logIndex=3689, commits[6dd5d97a-7455-476f-86d1-706748154c4a:c3689, 8c1a4ac2-2d71-4742-ab0b-89dcc95eb13f:c3687, c9d0001a-daad-4532-9e58-9f5f4a7ddd18:c3687]
2019-09-12 14:53:51,115 [grpc-default-executor-5] INFO  client.GrpcClientProtocolClient (GrpcClientProtocolClient.java:onNext(264)) - client-835E41B928D6->6dd5d97a-7455-476f-86d1-706748154c4a: receive RaftClientReply:client-835E41B928D6->6dd5d97a-7455-476f-86d1-706748154c4a@group-349356213E97, cid=2486, SUCCESS, logIndex=0, commits[6dd5d97a-7455-476f-86d1-706748154c4a:c3690, 8c1a4ac2-2d71-4742-ab0b-89dcc95eb13f:c3689, c9d0001a-daad-4532-9e58-9f5f4a7ddd18:c3689]
2019-09-12 14:53:51,137 [grpc-default-executor-7] INFO  client.GrpcClientProtocolClient (GrpcClientProtocolClient.java:onNext(264)) - client-835E41B928D6->6dd5d97a-7455-476f-86d1-706748154c4a: receive RaftClientReply:client-835E41B928D6->6dd5d97a-7455-476f-86d1-706748154c4a@group-349356213E97, cid=2487, SUCCESS, logIndex=3692, commits[6dd5d97a-7455-476f-86d1-706748154c4a:c3693, 8c1a4ac2-2d71-4742-ab0b-89dcc95eb13f:c3691, c9d0001a-daad-4532-9e58-9f5f4a7ddd18:c3691]
2019-09-12 14:53:51,138 [grpc-default-executor-7] INFO  client.GrpcClientProtocolClient (GrpcClientProtocolClient.java:onNext(264)) - client-835E41B928D6->6dd5d97a-7455-476f-86d1-706748154c4a: receive RaftClientReply:client-835E41B928D6->6dd5d97a-7455-476f-86d1-706748154c4a@group-349356213E97, cid=2488, SUCCESS, logIndex=3693, commits[6dd5d97a-7455-476f-86d1-706748154c4a:c3694, 8c1a4ac2-2d71-4742-ab0b-89dcc95eb13f:c3691, c9d0001a-daad-4532-9e58-9f5f4a7ddd18:c3691]
2019-09-12 14:53:51,138 [grpc-default-executor-7] INFO  client.GrpcClientProtocolClient (GrpcClientProtocolClient.java:onNext(264)) - client-835E41B928D6->6dd5d97a-7455-476f-86d1-706748154c4a: receive RaftClientReply:client-835E41B928D6->6dd5d97a-7455-476f-86d1-706748154c4a@group-349356213E97, cid=2489, SUCCESS, logIndex=3694, commits[6dd5d97a-7455-476f-86d1-706748154c4a:c3695, 8c1a4ac2-2d71-4742-ab0b-89dcc95eb13f:c3691, c9d0001a-daad-4532-9e58-9f5f4a7ddd18:c3691]
2019-09-12 14:53:51,138 [grpc-default-executor-7] INFO  client.GrpcClientProtocolClient (GrpcClientProtocolClient.java:onNext(264)) - client-835E41B928D6->6dd5d97a-7455-476f-86d1-706748154c4a: receive RaftClientReply:client-835E41B928D6->6dd5d97a-7455-476f-86d1-706748154c4a@group-349356213E97, cid=2490, SUCCESS, logIndex=3695, commits[6dd5d97a-7455-476f-86d1-706748154c4a:c3695, 8c1a4ac2-2d71-4742-ab0b-89dcc95eb13f:c3691, c9d0001a-daad-4532-9e58-9f5f4a7ddd18:c3691]
2019-09-12 14:53:51,141 [grpc-default-executor-7] INFO  client.GrpcClientProtocolClient (GrpcClientProtocolClient.java:onNext(264)) - client-835E41B928D6->6dd5d97a-7455-476f-86d1-706748154c4a: receive RaftClientReply:client-835E41B928D6->6dd5d97a-7455-476f-86d1-706748154c4a@group-349356213E97, cid=2491, SUCCESS, logIndex=0, commits[6dd5d97a-7455-476f-86d1-706748154c4a:c3696, 8c1a4ac2-2d71-4742-ab0b-89dcc95eb13f:c3693, c9d0001a-daad-4532-9e58-9f5f4a7ddd18:c3693]
2019-09-12 14:53:51,176 [grpc-default-executor-6] INFO  client.GrpcClientProtocolClient (GrpcClientProtocolClient.java:onNext(264)) - client-835E41B928D6->6dd5d97a-7455-476f-86d1-706748154c4a: receive RaftClientReply:client-835E41B928D6->6dd5d97a-7455-476f-86d1-706748154c4a@group-349356213E97, cid=2492, SUCCESS, logIndex=3700, commits[6dd5d97a-7455-476f-86d1-706748154c4a:c3701, 8c1a4ac2-2d71-4742-ab0b-89dcc95eb13f:c3699, c9d0001a-daad-4532-9e58-9f5f4a7ddd18:c3699]
2019-09-12 14:53:51,177 [grpc-default-executor-6] INFO  client.GrpcClientProtocolClient (GrpcClientProtocolClient.java:onNext(264)) - client-835E41B928D6->6dd5d97a-7455-476f-86d1-706748154c4a: receive RaftClientReply:client-835E41B928D6->6dd5d97a-7455-476f-86d1-706748154c4a@group-349356213E97, cid=2493, SUCCESS, logIndex=3701, commits[6dd5d97a-7455-476f-86d1-706748154c4a:c3701, 8c1a4ac2-2d71-4742-ab0b-89dcc95eb13f:c3699, c9d0001a-daad-4532-9e58-9f5f4a7ddd18:c3699]
2019-09-12 14:53:51,189 [grpc-default-executor-2] INFO  client.GrpcClientProtocolClient (GrpcClientProtocolClient.java:onNext(264)) - client-835E41B928D6->6dd5d97a-7455-476f-86d1-706748154c4a: receive RaftClientReply:client-835E41B928D6->6dd5d97a-7455-476f-86d1-706748154c4a@group-349356213E97, cid=2494, SUCCESS, logIndex=3704, commits[6dd5d97a-7455-476f-86d1-706748154c4a:c3704, 8c1a4ac2-2d71-4742-ab0b-89dcc95eb13f:c3701, c9d0001a-daad-4532-9e58-9f5f4a7ddd18:c3701]
2019-09-12 14:53:51,190 [grpc-default-executor-2] INFO  client.GrpcClientProtocolClient (GrpcClientProtocolClient.java:onNext(264)) - client-835E41B928D6->6dd5d97a-7455-476f-86d1-706748154c4a: receive RaftClientReply:client-835E41B928D6->6dd5d97a-7455-476f-86d1-706748154c4a@group-349356213E97, cid=2495, SUCCESS, logIndex=3705, commits[6dd5d97a-7455-476f-86d1-706748154c4a:c3705, 8c1a4ac2-2d71-4742-ab0b-89dcc95eb13f:c3701, c9d0001a-daad-4532-9e58-9f5f4a7ddd18:c3701]
2019-09-12 14:53:51,202 [grpc-default-executor-6] INFO  client.GrpcClientProtocolClient (GrpcClientProtocolClient.java:onNext(264)) - client-835E41B928D6->6dd5d97a-7455-476f-86d1-706748154c4a: receive RaftClientReply:client-835E41B928D6->6dd5d97a-7455-476f-86d1-706748154c4a@group-349356213E97, cid=2496, SUCCESS, logIndex=0, commits[6dd5d97a-7455-476f-86d1-706748154c4a:c3706, 8c1a4ac2-2d71-4742-ab0b-89dcc95eb13f:c3705, c9d0001a-daad-4532-9e58-9f5f4a7ddd18:c3705]
2019-09-12 14:53:51,228 [grpc-default-executor-7] INFO  client.GrpcClientProtocolClient (GrpcClientProtocolClient.java:onNext(264)) - client-835E41B928D6->6dd5d97a-7455-476f-86d1-706748154c4a: receive RaftClientReply:client-835E41B928D6->6dd5d97a-7455-476f-86d1-706748154c4a@group-349356213E97, cid=2497, SUCCESS, logIndex=3708, commits[6dd5d97a-7455-476f-86d1-706748154c4a:c3709, 8c1a4ac2-2d71-4742-ab0b-89dcc95eb13f:c3707, c9d0001a-daad-4532-9e58-9f5f4a7ddd18:c3707]
2019-09-12 14:53:51,229 [grpc-default-executor-7] INFO  client.GrpcClientProtocolClient (GrpcClientProtocolClient.java:onNext(264)) - client-835E41B928D6->6dd5d97a-7455-476f-86d1-706748154c4a: receive RaftClientReply:client-835E41B928D6->6dd5d97a-7455-476f-86d1-706748154c4a@group-349356213E97, cid=2498, SUCCESS, logIndex=3709, commits[6dd5d97a-7455-476f-86d1-706748154c4a:c3711, 8c1a4ac2-2d71-4742-ab0b-89dcc95eb13f:c3707, c9d0001a-daad-4532-9e58-9f5f4a7ddd18:c3707]
2019-09-12 14:53:51,229 [grpc-default-executor-2] INFO  client.GrpcClientProtocolClient (GrpcClientProtocolClient.java:onNext(264)) - client-835E41B928D6->6dd5d97a-7455-476f-86d1-706748154c4a: receive RaftClientReply:client-835E41B928D6->6dd5d97a-7455-476f-86d1-706748154c4a@group-349356213E97, cid=2499, SUCCESS, logIndex=3710, commits[6dd5d97a-7455-476f-86d1-706748154c4a:c3711, 8c1a4ac2-2d71-4742-ab0b-89dcc95eb13f:c3707, c9d0001a-daad-4532-9e58-9f5f4a7ddd18:c3707]
2019-09-12 14:53:51,229 [grpc-default-executor-7] INFO  client.GrpcClientProtocolClient (GrpcClientProtocolClient.java:onNext(264)) - client-835E41B928D6->6dd5d97a-7455-476f-86d1-706748154c4a: receive RaftClientReply:client-835E41B928D6->6dd5d97a-7455-476f-86d1-706748154c4a@group-349356213E97, cid=2500, SUCCESS, logIndex=3711, commits[6dd5d97a-7455-476f-86d1-706748154c4a:c3711, 8c1a4ac2-2d71-4742-ab0b-89dcc95eb13f:c3707, c9d0001a-daad-4532-9e58-9f5f4a7ddd18:c3707]
2019-09-12 14:53:51,230 [grpc-default-executor-2] INFO  client.GrpcClientProtocolClient (GrpcClientProtocolClient.java:onNext(264)) - client-835E41B928D6->6dd5d97a-7455-476f-86d1-706748154c4a: receive RaftClientReply:client-835E41B928D6->6dd5d97a-7455-476f-86d1-706748154c4a@group-349356213E97, cid=2501, SUCCESS, logIndex=0, commits[6dd5d97a-7455-476f-86d1-706748154c4a:c3715, 8c1a4ac2-2d71-4742-ab0b-89dcc95eb13f:c3709, c9d0001a-daad-4532-9e58-9f5f4a7ddd18:c3711]
2019-09-12 14:53:51,369 [grpc-default-executor-2] INFO  client.GrpcClientProtocolClient (GrpcClientProtocolClient.java:onNext(264)) - client-835E41B928D6->6dd5d97a-7455-476f-86d1-706748154c4a: receive RaftClientReply:client-835E41B928D6->6dd5d97a-7455-476f-86d1-706748154c4a@group-349356213E97, cid=2502, SUCCESS, logIndex=3716, commits[6dd5d97a-7455-476f-86d1-706748154c4a:c3717, 8c1a4ac2-2d71-4742-ab0b-89dcc95eb13f:c3715, c9d0001a-daad-4532-9e58-9f5f4a7ddd18:c3715]
2019-09-12 14:53:51,369 [grpc-default-executor-2] INFO  client.GrpcClientProtocolClient (GrpcClientProtocolClient.java:onNext(264)) - client-835E41B928D6->6dd5d97a-7455-476f-86d1-706748154c4a: receive RaftClientReply:client-835E41B928D6->6dd5d97a-7455-476f-86d1-706748154c4a@group-349356213E97, cid=2503, SUCCESS, logIndex=3717, commits[6dd5d97a-7455-476f-86d1-706748154c4a:c3717, 8c1a4ac2-2d71-4742-ab0b-89dcc95eb13f:c3715, c9d0001a-daad-4532-9e58-9f5f4a7ddd18:c3715]
2019-09-12 14:53:51,395 [grpc-default-executor-6] INFO  client.GrpcClientProtocolClient (GrpcClientProtocolClient.java:onNext(264)) - client-835E41B928D6->6dd5d97a-7455-476f-86d1-706748154c4a: receive RaftClientReply:client-835E41B928D6->6dd5d97a-7455-476f-86d1-706748154c4a@group-349356213E97, cid=2504, SUCCESS, logIndex=3720, commits[6dd5d97a-7455-476f-86d1-706748154c4a:c3721, 8c1a4ac2-2d71-4742-ab0b-89dcc95eb13f:c3717, c9d0001a-daad-4532-9e58-9f5f4a7ddd18:c3717]
2019-09-12 14:53:51,395 [grpc-default-executor-6] INFO  client.GrpcClientProtocolClient (GrpcClientProtocolClient.java:onNext(264)) - client-835E41B928D6->6dd5d97a-7455-476f-86d1-706748154c4a: receive RaftClientReply:client-835E41B928D6->6dd5d97a-7455-476f-86d1-706748154c4a@group-349356213E97, cid=2505, SUCCESS, logIndex=3721, commits[6dd5d97a-7455-476f-86d1-706748154c4a:c3721, 8c1a4ac2-2d71-4742-ab0b-89dcc95eb13f:c3717, c9d0001a-daad-4532-9e58-9f5f4a7ddd18:c3717]
2019-09-12 14:53:51,406 [grpc-default-executor-6] INFO  client.GrpcClientProtocolClient (GrpcClientProtocolClient.java:onNext(264)) - client-835E41B928D6->6dd5d97a-7455-476f-86d1-706748154c4a: receive RaftClientReply:client-835E41B928D6->6dd5d97a-7455-476f-86d1-706748154c4a@group-349356213E97, cid=2506, SUCCESS, logIndex=0, commits[6dd5d97a-7455-476f-86d1-706748154c4a:c3722, 8c1a4ac2-2d71-4742-ab0b-89dcc95eb13f:c3721, c9d0001a-daad-4532-9e58-9f5f4a7ddd18:c3721]
2019-09-12 14:53:51,436 [grpc-default-executor-5] INFO  client.GrpcClientProtocolClient (GrpcClientProtocolClient.java:onNext(264)) - client-835E41B928D6->6dd5d97a-7455-476f-86d1-706748154c4a: receive RaftClientReply:client-835E41B928D6->6dd5d97a-7455-476f-86d1-706748154c4a@group-349356213E97, cid=2507, SUCCESS, logIndex=3724, commits[6dd5d97a-7455-476f-86d1-706748154c4a:c3725, 8c1a4ac2-2d71-4742-ab0b-89dcc95eb13f:c3723, c9d0001a-daad-4532-9e58-9f5f4a7ddd18:c3723]
2019-09-12 14:53:51,437 [grpc-default-executor-5] INFO  client.GrpcClientProtocolClient (GrpcClientProtocolClient.java:onNext(264)) - client-835E41B928D6->6dd5d97a-7455-476f-86d1-706748154c4a: receive RaftClientReply:client-835E41B928D6->6dd5d97a-7455-476f-86d1-706748154c4a@group-349356213E97, cid=2508, SUCCESS, logIndex=3725, commits[6dd5d97a-7455-476f-86d1-706748154c4a:c3725, 8c1a4ac2-2d71-4742-ab0b-89dcc95eb13f:c3723, c9d0001a-daad-4532-9e58-9f5f4a7ddd18:c3723]
2019-09-12 14:53:51,437 [grpc-default-executor-5] INFO  client.GrpcClientProtocolClient (GrpcClientProtocolClient.java:onNext(264)) - client-835E41B928D6->6dd5d97a-7455-476f-86d1-706748154c4a: receive RaftClientReply:client-835E41B928D6->6dd5d97a-7455-476f-86d1-706748154c4a@group-349356213E97, cid=2509, SUCCESS, logIndex=3726, commits[6dd5d97a-7455-476f-86d1-706748154c4a:c3727, 8c1a4ac2-2d71-4742-ab0b-89dcc95eb13f:c3723, c9d0001a-daad-4532-9e58-9f5f4a7ddd18:c3723]
2019-09-12 14:53:51,438 [grpc-default-executor-6] INFO  client.GrpcClientProtocolClient (GrpcClientProtocolClient.java:onNext(264)) - client-835E41B928D6->6dd5d97a-7455-476f-86d1-706748154c4a: receive RaftClientReply:client-835E41B928D6->6dd5d97a-7455-476f-86d1-706748154c4a@group-349356213E97, cid=2510, SUCCESS, logIndex=3727, commits[6dd5d97a-7455-476f-86d1-706748154c4a:c3727, 8c1a4ac2-2d71-4742-ab0b-89dcc95eb13f:c3723, c9d0001a-daad-4532-9e58-9f5f4a7ddd18:c3723]
2019-09-12 14:53:51,439 [grpc-default-executor-6] INFO  client.GrpcClientProtocolClient (GrpcClientProtocolClient.java:onNext(264)) - client-835E41B928D6->6dd5d97a-7455-476f-86d1-706748154c4a: receive RaftClientReply:client-835E41B928D6->6dd5d97a-7455-476f-86d1-706748154c4a@group-349356213E97, cid=2511, SUCCESS, logIndex=0, commits[6dd5d97a-7455-476f-86d1-706748154c4a:c3729, 8c1a4ac2-2d71-4742-ab0b-89dcc95eb13f:c3725, c9d0001a-daad-4532-9e58-9f5f4a7ddd18:c3725]
2019-09-12 14:53:51,458 [grpc-default-executor-2] INFO  client.GrpcClientProtocolClient (GrpcClientProtocolClient.java:onNext(264)) - client-835E41B928D6->6dd5d97a-7455-476f-86d1-706748154c4a: receive RaftClientReply:client-835E41B928D6->6dd5d97a-7455-476f-86d1-706748154c4a@group-349356213E97, cid=2512, SUCCESS, logIndex=3732, commits[6dd5d97a-7455-476f-86d1-706748154c4a:c3733, 8c1a4ac2-2d71-4742-ab0b-89dcc95eb13f:c3731, c9d0001a-daad-4532-9e58-9f5f4a7ddd18:c3731]
2019-09-12 14:53:51,458 [grpc-default-executor-2] INFO  client.GrpcClientProtocolClient (GrpcClientProtocolClient.java:onNext(264)) - client-835E41B928D6->6dd5d97a-7455-476f-86d1-706748154c4a: receive RaftClientReply:client-835E41B928D6->6dd5d97a-7455-476f-86d1-706748154c4a@group-349356213E97, cid=2513, SUCCESS, logIndex=3733, commits[6dd5d97a-7455-476f-86d1-706748154c4a:c3733, 8c1a4ac2-2d71-4742-ab0b-89dcc95eb13f:c3731, c9d0001a-daad-4532-9e58-9f5f4a7ddd18:c3731]
 0.00% |█                                                                                                    |  0/1 Time: 0:00:192019-09-12 14:53:51,471 [grpc-default-executor-6] INFO  client.GrpcClientProtocolClient (GrpcClientProtocolClient.java:onNext(264)) - client-835E41B928D6->6dd5d97a-7455-476f-86d1-706748154c4a: receive RaftClientReply:client-835E41B928D6->6dd5d97a-7455-476f-86d1-706748154c4a@group-349356213E97, cid=2514, SUCCESS, logIndex=3736, commits[6dd5d97a-7455-476f-86d1-706748154c4a:c3737, 8c1a4ac2-2d71-4742-ab0b-89dcc95eb13f:c3733, c9d0001a-daad-4532-9e58-9f5f4a7ddd18:c3733]
2019-09-12 14:53:51,471 [grpc-default-executor-6] INFO  client.GrpcClientProtocolClient (GrpcClientProtocolClient.java:onNext(264)) - client-835E41B928D6->6dd5d97a-7455-476f-86d1-706748154c4a: receive RaftClientReply:client-835E41B928D6->6dd5d97a-7455-476f-86d1-706748154c4a@group-349356213E97, cid=2515, SUCCESS, logIndex=3737, commits[6dd5d97a-7455-476f-86d1-706748154c4a:c3737, 8c1a4ac2-2d71-4742-ab0b-89dcc95eb13f:c3733, c9d0001a-daad-4532-9e58-9f5f4a7ddd18:c3733]
2019-09-12 14:53:51,485 [grpc-default-executor-6] INFO  client.GrpcClientProtocolClient (GrpcClientProtocolClient.java:onNext(264)) - client-835E41B928D6->6dd5d97a-7455-476f-86d1-706748154c4a: receive RaftClientReply:client-835E41B928D6->6dd5d97a-7455-476f-86d1-706748154c4a@group-349356213E97, cid=2516, SUCCESS, logIndex=0, commits[6dd5d97a-7455-476f-86d1-706748154c4a:c3739, 8c1a4ac2-2d71-4742-ab0b-89dcc95eb13f:c3737, c9d0001a-daad-4532-9e58-9f5f4a7ddd18:c3737]
2019-09-12 14:53:51,514 [grpc-default-executor-2] INFO  client.GrpcClientProtocolClient (GrpcClientProtocolClient.java:onNext(264)) - client-835E41B928D6->6dd5d97a-7455-476f-86d1-706748154c4a: receive RaftClientReply:client-835E41B928D6->6dd5d97a-7455-476f-86d1-706748154c4a@group-349356213E97, cid=2517, SUCCESS, logIndex=3740, commits[6dd5d97a-7455-476f-86d1-706748154c4a:c3741, 8c1a4ac2-2d71-4742-ab0b-89dcc95eb13f:c3739, c9d0001a-daad-4532-9e58-9f5f4a7ddd18:c3739]
2019-09-12 14:53:51,514 [grpc-default-executor-2] INFO  client.GrpcClientProtocolClient (GrpcClientProtocolClient.java:onNext(264)) - client-835E41B928D6->6dd5d97a-7455-476f-86d1-706748154c4a: receive RaftClientReply:client-835E41B928D6->6dd5d97a-7455-476f-86d1-706748154c4a@group-349356213E97, cid=2518, SUCCESS, logIndex=3741, commits[6dd5d97a-7455-476f-86d1-706748154c4a:c3741, 8c1a4ac2-2d71-4742-ab0b-89dcc95eb13f:c3739, c9d0001a-daad-4532-9e58-9f5f4a7ddd18:c3739]
2019-09-12 14:53:51,516 [grpc-default-executor-6] INFO  client.GrpcClientProtocolClient (GrpcClientProtocolClient.java:onNext(264)) - client-835E41B928D6->6dd5d97a-7455-476f-86d1-706748154c4a: receive RaftClientReply:client-835E41B928D6->6dd5d97a-7455-476f-86d1-706748154c4a@group-349356213E97, cid=2519, SUCCESS, logIndex=3742, commits[6dd5d97a-7455-476f-86d1-706748154c4a:c3743, 8c1a4ac2-2d71-4742-ab0b-89dcc95eb13f:c3739, c9d0001a-daad-4532-9e58-9f5f4a7ddd18:c3739]
2019-09-12 14:53:51,516 [grpc-default-executor-6] INFO  client.GrpcClientProtocolClient (GrpcClientProtocolClient.java:onNext(264)) - client-835E41B928D6->6dd5d97a-7455-476f-86d1-706748154c4a: receive RaftClientReply:client-835E41B928D6->6dd5d97a-7455-476f-86d1-706748154c4a@group-349356213E97, cid=2520, SUCCESS, logIndex=3743, commits[6dd5d97a-7455-476f-86d1-706748154c4a:c3743, 8c1a4ac2-2d71-4742-ab0b-89dcc95eb13f:c3739, c9d0001a-daad-4532-9e58-9f5f4a7ddd18:c3739]
2019-09-12 14:53:51,527 [grpc-default-executor-6] INFO  client.GrpcClientProtocolClient (GrpcClientProtocolClient.java:onNext(264)) - client-835E41B928D6->6dd5d97a-7455-476f-86d1-706748154c4a: receive RaftClientReply:client-835E41B928D6->6dd5d97a-7455-476f-86d1-706748154c4a@group-349356213E97, cid=2521, SUCCESS, logIndex=0, commits[6dd5d97a-7455-476f-86d1-706748154c4a:c3743, 8c1a4ac2-2d71-4742-ab0b-89dcc95eb13f:c3741, c9d0001a-daad-4532-9e58-9f5f4a7ddd18:c3741]
2019-09-12 14:53:51,538 [grpc-default-executor-7] INFO  client.GrpcClientProtocolClient (GrpcClientProtocolClient.java:onNext(264)) - client-835E41B928D6->6dd5d97a-7455-476f-86d1-706748154c4a: receive RaftClientReply:client-835E41B928D6->6dd5d97a-7455-476f-86d1-706748154c4a@group-349356213E97, cid=2522, SUCCESS, logIndex=3748, commits[6dd5d97a-7455-476f-86d1-706748154c4a:c3749, 8c1a4ac2-2d71-4742-ab0b-89dcc95eb13f:c3743, c9d0001a-daad-4532-9e58-9f5f4a7ddd18:c3747]
2019-09-12 14:53:51,538 [grpc-default-executor-7] INFO  client.GrpcClientProtocolClient (GrpcClientProtocolClient.java:onNext(264)) - client-835E41B928D6->6dd5d97a-7455-476f-86d1-706748154c4a: receive RaftClientReply:client-835E41B928D6->6dd5d97a-7455-476f-86d1-706748154c4a@group-349356213E97, cid=2523, SUCCESS, logIndex=3749, commits[6dd5d97a-7455-476f-86d1-706748154c4a:c3749, 8c1a4ac2-2d71-4742-ab0b-89dcc95eb13f:c3747, c9d0001a-daad-4532-9e58-9f5f4a7ddd18:c3747]
2019-09-12 14:53:51,549 [grpc-default-executor-2] INFO  client.GrpcClientProtocolClient (GrpcClientProtocolClient.java:onNext(264)) - client-835E41B928D6->6dd5d97a-7455-476f-86d1-706748154c4a: receive RaftClientReply:client-835E41B928D6->6dd5d97a-7455-476f-86d1-706748154c4a@group-349356213E97, cid=2524, SUCCESS, logIndex=3752, commits[6dd5d97a-7455-476f-86d1-706748154c4a:c3753, 8c1a4ac2-2d71-4742-ab0b-89dcc95eb13f:c3751, c9d0001a-daad-4532-9e58-9f5f4a7ddd18:c3749]
2019-09-12 14:53:51,549 [grpc-default-executor-2] INFO  client.GrpcClientProtocolClient (GrpcClientProtocolClient.java:onNext(264)) - client-835E41B928D6->6dd5d97a-7455-476f-86d1-706748154c4a: receive RaftClientReply:client-835E41B928D6->6dd5d97a-7455-476f-86d1-706748154c4a@group-349356213E97, cid=2525, SUCCESS, logIndex=3753, commits[6dd5d97a-7455-476f-86d1-706748154c4a:c3753, 8c1a4ac2-2d71-4742-ab0b-89dcc95eb13f:c3751, c9d0001a-daad-4532-9e58-9f5f4a7ddd18:c3751]
2019-09-12 14:53:51,552 [grpc-default-executor-7] INFO  client.GrpcClientProtocolClient (GrpcClientProtocolClient.java:onNext(264)) - client-835E41B928D6->6dd5d97a-7455-476f-86d1-706748154c4a: receive RaftClientReply:client-835E41B928D6->6dd5d97a-7455-476f-86d1-706748154c4a@group-349356213E97, cid=2526, SUCCESS, logIndex=0, commits[6dd5d97a-7455-476f-86d1-706748154c4a:c3755, 8c1a4ac2-2d71-4742-ab0b-89dcc95eb13f:c3753, c9d0001a-daad-4532-9e58-9f5f4a7ddd18:c3753]
2019-09-12 14:53:51,570 [grpc-default-executor-6] INFO  client.GrpcClientProtocolClient (GrpcClientProtocolClient.java:onNext(264)) - client-835E41B928D6->6dd5d97a-7455-476f-86d1-706748154c4a: receive RaftClientReply:client-835E41B928D6->6dd5d97a-7455-476f-86d1-706748154c4a@group-349356213E97, cid=2527, SUCCESS, logIndex=3756, commits[6dd5d97a-7455-476f-86d1-706748154c4a:c3757, 8c1a4ac2-2d71-4742-ab0b-89dcc95eb13f:c3755, c9d0001a-daad-4532-9e58-9f5f4a7ddd18:c3755]
2019-09-12 14:53:51,570 [grpc-default-executor-6] INFO  client.GrpcClientProtocolClient (GrpcClientProtocolClient.java:onNext(264)) - client-835E41B928D6->6dd5d97a-7455-476f-86d1-706748154c4a: receive RaftClientReply:client-835E41B928D6->6dd5d97a-7455-476f-86d1-706748154c4a@group-349356213E97, cid=2528, SUCCESS, logIndex=3757, commits[6dd5d97a-7455-476f-86d1-706748154c4a:c3757, 8c1a4ac2-2d71-4742-ab0b-89dcc95eb13f:c3755, c9d0001a-daad-4532-9e58-9f5f4a7ddd18:c3755]
2019-09-12 14:53:51,572 [grpc-default-executor-6] INFO  client.GrpcClientProtocolClient (GrpcClientProtocolClient.java:onNext(264)) - client-835E41B928D6->6dd5d97a-7455-476f-86d1-706748154c4a: receive RaftClientReply:client-835E41B928D6->6dd5d97a-7455-476f-86d1-706748154c4a@group-349356213E97, cid=2529, SUCCESS, logIndex=3758, commits[6dd5d97a-7455-476f-86d1-706748154c4a:c3758, 8c1a4ac2-2d71-4742-ab0b-89dcc95eb13f:c3755, c9d0001a-daad-4532-9e58-9f5f4a7ddd18:c3755]
2019-09-12 14:53:51,572 [grpc-default-executor-6] INFO  client.GrpcClientProtocolClient (GrpcClientProtocolClient.java:onNext(264)) - client-835E41B928D6->6dd5d97a-7455-476f-86d1-706748154c4a: receive RaftClientReply:client-835E41B928D6->6dd5d97a-7455-476f-86d1-706748154c4a@group-349356213E97, cid=2530, SUCCESS, logIndex=3759, commits[6dd5d97a-7455-476f-86d1-706748154c4a:c3759, 8c1a4ac2-2d71-4742-ab0b-89dcc95eb13f:c3755, c9d0001a-daad-4532-9e58-9f5f4a7ddd18:c3755]
2019-09-12 14:53:51,574 [grpc-default-executor-6] INFO  client.GrpcClientProtocolClient (GrpcClientProtocolClient.java:onNext(264)) - client-835E41B928D6->6dd5d97a-7455-476f-86d1-706748154c4a: receive RaftClientReply:client-835E41B928D6->6dd5d97a-7455-476f-86d1-706748154c4a@group-349356213E97, cid=2531, SUCCESS, logIndex=0, commits[6dd5d97a-7455-476f-86d1-706748154c4a:c3761, 8c1a4ac2-2d71-4742-ab0b-89dcc95eb13f:c3757, c9d0001a-daad-4532-9e58-9f5f4a7ddd18:c3757]
2019-09-12 14:53:51,583 [grpc-default-executor-6] INFO  client.GrpcClientProtocolClient (GrpcClientProtocolClient.java:onNext(264)) - client-835E41B928D6->6dd5d97a-7455-476f-86d1-706748154c4a: receive RaftClientReply:client-835E41B928D6->6dd5d97a-7455-476f-86d1-706748154c4a@group-349356213E97, cid=2532, SUCCESS, logIndex=3764, commits[6dd5d97a-7455-476f-86d1-706748154c4a:c3765, 8c1a4ac2-2d71-4742-ab0b-89dcc95eb13f:c3763, c9d0001a-daad-4532-9e58-9f5f4a7ddd18:c3759]
2019-09-12 14:53:51,584 [grpc-default-executor-6] INFO  client.GrpcClientProtocolClient (GrpcClientProtocolClient.java:onNext(264)) - client-835E41B928D6->6dd5d97a-7455-476f-86d1-706748154c4a: receive RaftClientReply:client-835E41B928D6->6dd5d97a-7455-476f-86d1-706748154c4a@group-349356213E97, cid=2533, SUCCESS, logIndex=3765, commits[6dd5d97a-7455-476f-86d1-706748154c4a:c3765, 8c1a4ac2-2d71-4742-ab0b-89dcc95eb13f:c3763, c9d0001a-daad-4532-9e58-9f5f4a7ddd18:c3763]
2019-09-12 14:53:51,594 [grpc-default-executor-6] INFO  client.GrpcClientProtocolClient (GrpcClientProtocolClient.java:onNext(264)) - client-835E41B928D6->6dd5d97a-7455-476f-86d1-706748154c4a: receive RaftClientReply:client-835E41B928D6->6dd5d97a-7455-476f-86d1-706748154c4a@group-349356213E97, cid=2534, SUCCESS, logIndex=3768, commits[6dd5d97a-7455-476f-86d1-706748154c4a:c3769, 8c1a4ac2-2d71-4742-ab0b-89dcc95eb13f:c3767, c9d0001a-daad-4532-9e58-9f5f4a7ddd18:c3765]
2019-09-12 14:53:51,595 [grpc-default-executor-6] INFO  client.GrpcClientProtocolClient (GrpcClientProtocolClient.java:onNext(264)) - client-835E41B928D6->6dd5d97a-7455-476f-86d1-706748154c4a: receive RaftClientReply:client-835E41B928D6->6dd5d97a-7455-476f-86d1-706748154c4a@group-349356213E97, cid=2535, SUCCESS, logIndex=3769, commits[6dd5d97a-7455-476f-86d1-706748154c4a:c3769, 8c1a4ac2-2d71-4742-ab0b-89dcc95eb13f:c3767, c9d0001a-daad-4532-9e58-9f5f4a7ddd18:c3767]
2019-09-12 14:53:51,596 [grpc-default-executor-6] INFO  client.GrpcClientProtocolClient (GrpcClientProtocolClient.java:onNext(264)) - client-835E41B928D6->6dd5d97a-7455-476f-86d1-706748154c4a: receive RaftClientReply:client-835E41B928D6->6dd5d97a-7455-476f-86d1-706748154c4a@group-349356213E97, cid=2536, SUCCESS, logIndex=0, commits[6dd5d97a-7455-476f-86d1-706748154c4a:c3770, 8c1a4ac2-2d71-4742-ab0b-89dcc95eb13f:c3769, c9d0001a-daad-4532-9e58-9f5f4a7ddd18:c3769]
2019-09-12 14:53:51,615 [grpc-default-executor-7] INFO  client.GrpcClientProtocolClient (GrpcClientProtocolClient.java:onNext(264)) - client-835E41B928D6->6dd5d97a-7455-476f-86d1-706748154c4a: receive RaftClientReply:client-835E41B928D6->6dd5d97a-7455-476f-86d1-706748154c4a@group-349356213E97, cid=2537, SUCCESS, logIndex=3772, commits[6dd5d97a-7455-476f-86d1-706748154c4a:c3773, 8c1a4ac2-2d71-4742-ab0b-89dcc95eb13f:c3771, c9d0001a-daad-4532-9e58-9f5f4a7ddd18:c3771]
2019-09-12 14:53:51,615 [grpc-default-executor-7] INFO  client.GrpcClientProtocolClient (GrpcClientProtocolClient.java:onNext(264)) - client-835E41B928D6->6dd5d97a-7455-476f-86d1-706748154c4a: receive RaftClientReply:client-835E41B928D6->6dd5d97a-7455-476f-86d1-706748154c4a@group-349356213E97, cid=2538, SUCCESS, logIndex=3773, commits[6dd5d97a-7455-476f-86d1-706748154c4a:c3775, 8c1a4ac2-2d71-4742-ab0b-89dcc95eb13f:c3771, c9d0001a-daad-4532-9e58-9f5f4a7ddd18:c3771]
2019-09-12 14:53:51,615 [grpc-default-executor-7] INFO  client.GrpcClientProtocolClient (GrpcClientProtocolClient.java:onNext(264)) - client-835E41B928D6->6dd5d97a-7455-476f-86d1-706748154c4a: receive RaftClientReply:client-835E41B928D6->6dd5d97a-7455-476f-86d1-706748154c4a@group-349356213E97, cid=2539, SUCCESS, logIndex=3774, commits[6dd5d97a-7455-476f-86d1-706748154c4a:c3775, 8c1a4ac2-2d71-4742-ab0b-89dcc95eb13f:c3771, c9d0001a-daad-4532-9e58-9f5f4a7ddd18:c3771]
2019-09-12 14:53:51,616 [grpc-default-executor-6] INFO  client.GrpcClientProtocolClient (GrpcClientProtocolClient.java:onNext(264)) - client-835E41B928D6->6dd5d97a-7455-476f-86d1-706748154c4a: receive RaftClientReply:client-835E41B928D6->6dd5d97a-7455-476f-86d1-706748154c4a@group-349356213E97, cid=2540, SUCCESS, logIndex=3775, commits[6dd5d97a-7455-476f-86d1-706748154c4a:c3775, 8c1a4ac2-2d71-4742-ab0b-89dcc95eb13f:c3771, c9d0001a-daad-4532-9e58-9f5f4a7ddd18:c3771]
2019-09-12 14:53:51,617 [grpc-default-executor-7] INFO  client.GrpcClientProtocolClient (GrpcClientProtocolClient.java:onNext(264)) - client-835E41B928D6->6dd5d97a-7455-476f-86d1-706748154c4a: receive RaftClientReply:client-835E41B928D6->6dd5d97a-7455-476f-86d1-706748154c4a@group-349356213E97, cid=2541, SUCCESS, logIndex=0, commits[6dd5d97a-7455-476f-86d1-706748154c4a:c3777, 8c1a4ac2-2d71-4742-ab0b-89dcc95eb13f:c3773, c9d0001a-daad-4532-9e58-9f5f4a7ddd18:c3773]
2019-09-12 14:53:51,627 [grpc-default-executor-7] INFO  client.GrpcClientProtocolClient (GrpcClientProtocolClient.java:onNext(264)) - client-835E41B928D6->6dd5d97a-7455-476f-86d1-706748154c4a: receive RaftClientReply:client-835E41B928D6->6dd5d97a-7455-476f-86d1-706748154c4a@group-349356213E97, cid=2542, SUCCESS, logIndex=3780, commits[6dd5d97a-7455-476f-86d1-706748154c4a:c3781, 8c1a4ac2-2d71-4742-ab0b-89dcc95eb13f:c3779, c9d0001a-daad-4532-9e58-9f5f4a7ddd18:c3775]
2019-09-12 14:53:51,627 [grpc-default-executor-7] INFO  client.GrpcClientProtocolClient (GrpcClientProtocolClient.java:onNext(264)) - client-835E41B928D6->6dd5d97a-7455-476f-86d1-706748154c4a: receive RaftClientReply:client-835E41B928D6->6dd5d97a-7455-476f-86d1-706748154c4a@group-349356213E97, cid=2543, SUCCESS, logIndex=3781, commits[6dd5d97a-7455-476f-86d1-706748154c4a:c3781, 8c1a4ac2-2d71-4742-ab0b-89dcc95eb13f:c3779, c9d0001a-daad-4532-9e58-9f5f4a7ddd18:c3779]
2019-09-12 14:53:51,651 [grpc-default-executor-2] INFO  client.GrpcClientProtocolClient (GrpcClientProtocolClient.java:onNext(264)) - client-835E41B928D6->6dd5d97a-7455-476f-86d1-706748154c4a: receive RaftClientReply:client-835E41B928D6->6dd5d97a-7455-476f-86d1-706748154c4a@group-349356213E97, cid=2544, SUCCESS, logIndex=3784, commits[6dd5d97a-7455-476f-86d1-706748154c4a:c3785, 8c1a4ac2-2d71-4742-ab0b-89dcc95eb13f:c3783, c9d0001a-daad-4532-9e58-9f5f4a7ddd18:c3781]
2019-09-12 14:53:51,651 [grpc-default-executor-2] INFO  client.GrpcClientProtocolClient (GrpcClientProtocolClient.java:onNext(264)) - client-835E41B928D6->6dd5d97a-7455-476f-86d1-706748154c4a: receive RaftClientReply:client-835E41B928D6->6dd5d97a-7455-476f-86d1-706748154c4a@group-349356213E97, cid=2545, SUCCESS, logIndex=3785, commits[6dd5d97a-7455-476f-86d1-706748154c4a:c3785, 8c1a4ac2-2d71-4742-ab0b-89dcc95eb13f:c3783, c9d0001a-daad-4532-9e58-9f5f4a7ddd18:c3783]
2019-09-12 14:53:51,653 [grpc-default-executor-2] INFO  client.GrpcClientProtocolClient (GrpcClientProtocolClient.java:onNext(264)) - client-835E41B928D6->6dd5d97a-7455-476f-86d1-706748154c4a: receive RaftClientReply:client-835E41B928D6->6dd5d97a-7455-476f-86d1-706748154c4a@group-349356213E97, cid=2546, SUCCESS, logIndex=0, commits[6dd5d97a-7455-476f-86d1-706748154c4a:c3786, 8c1a4ac2-2d71-4742-ab0b-89dcc95eb13f:c3785, c9d0001a-daad-4532-9e58-9f5f4a7ddd18:c3785]
2019-09-12 14:53:51,679 [grpc-default-executor-2] INFO  client.GrpcClientProtocolClient (GrpcClientProtocolClient.java:onNext(264)) - client-835E41B928D6->6dd5d97a-7455-476f-86d1-706748154c4a: receive RaftClientReply:client-835E41B928D6->6dd5d97a-7455-476f-86d1-706748154c4a@group-349356213E97, cid=2547, SUCCESS, logIndex=3788, commits[6dd5d97a-7455-476f-86d1-706748154c4a:c3789, 8c1a4ac2-2d71-4742-ab0b-89dcc95eb13f:c3787, c9d0001a-daad-4532-9e58-9f5f4a7ddd18:c3787]
2019-09-12 14:53:51,679 [grpc-default-executor-2] INFO  client.GrpcClientProtocolClient (GrpcClientProtocolClient.java:onNext(264)) - client-835E41B928D6->6dd5d97a-7455-476f-86d1-706748154c4a: receive RaftClientReply:client-835E41B928D6->6dd5d97a-7455-476f-86d1-706748154c4a@group-349356213E97, cid=2548, SUCCESS, logIndex=3789, commits[6dd5d97a-7455-476f-86d1-706748154c4a:c3789, 8c1a4ac2-2d71-4742-ab0b-89dcc95eb13f:c3787, c9d0001a-daad-4532-9e58-9f5f4a7ddd18:c3787]
2019-09-12 14:53:51,679 [grpc-default-executor-6] INFO  client.GrpcClientProtocolClient (GrpcClientProtocolClient.java:onNext(264)) - client-835E41B928D6->6dd5d97a-7455-476f-86d1-706748154c4a: receive RaftClientReply:client-835E41B928D6->6dd5d97a-7455-476f-86d1-706748154c4a@group-349356213E97, cid=2549, SUCCESS, logIndex=3790, commits[6dd5d97a-7455-476f-86d1-706748154c4a:c3791, 8c1a4ac2-2d71-4742-ab0b-89dcc95eb13f:c3787, c9d0001a-daad-4532-9e58-9f5f4a7ddd18:c3787]
2019-09-12 14:53:51,680 [grpc-default-executor-6] INFO  client.GrpcClientProtocolClient (GrpcClientProtocolClient.java:onNext(264)) - client-835E41B928D6->6dd5d97a-7455-476f-86d1-706748154c4a: receive RaftClientReply:client-835E41B928D6->6dd5d97a-7455-476f-86d1-706748154c4a@group-349356213E97, cid=2550, SUCCESS, logIndex=3791, commits[6dd5d97a-7455-476f-86d1-706748154c4a:c3791, 8c1a4ac2-2d71-4742-ab0b-89dcc95eb13f:c3787, c9d0001a-daad-4532-9e58-9f5f4a7ddd18:c3787]
2019-09-12 14:53:51,681 [grpc-default-executor-6] INFO  client.GrpcClientProtocolClient (GrpcClientProtocolClient.java:onNext(264)) - client-835E41B928D6->6dd5d97a-7455-476f-86d1-706748154c4a: receive RaftClientReply:client-835E41B928D6->6dd5d97a-7455-476f-86d1-706748154c4a@group-349356213E97, cid=2551, SUCCESS, logIndex=0, commits[6dd5d97a-7455-476f-86d1-706748154c4a:c3793, 8c1a4ac2-2d71-4742-ab0b-89dcc95eb13f:c3789, c9d0001a-daad-4532-9e58-9f5f4a7ddd18:c3789]
2019-09-12 14:53:51,700 [grpc-default-executor-5] INFO  client.GrpcClientProtocolClient (GrpcClientProtocolClient.java:onNext(264)) - client-835E41B928D6->6dd5d97a-7455-476f-86d1-706748154c4a: receive RaftClientReply:client-835E41B928D6->6dd5d97a-7455-476f-86d1-706748154c4a@group-349356213E97, cid=2552, SUCCESS, logIndex=3796, commits[6dd5d97a-7455-476f-86d1-706748154c4a:c3797, 8c1a4ac2-2d71-4742-ab0b-89dcc95eb13f:c3795, c9d0001a-daad-4532-9e58-9f5f4a7ddd18:c3795]
2019-09-12 14:53:51,700 [grpc-default-executor-5] INFO  client.GrpcClientProtocolClient (GrpcClientProtocolClient.java:onNext(264)) - client-835E41B928D6->6dd5d97a-7455-476f-86d1-706748154c4a: receive RaftClientReply:client-835E41B928D6->6dd5d97a-7455-476f-86d1-706748154c4a@group-349356213E97, cid=2553, SUCCESS, logIndex=3797, commits[6dd5d97a-7455-476f-86d1-706748154c4a:c3797, 8c1a4ac2-2d71-4742-ab0b-89dcc95eb13f:c3795, c9d0001a-daad-4532-9e58-9f5f4a7ddd18:c3795]
2019-09-12 14:53:51,713 [grpc-default-executor-6] INFO  client.GrpcClientProtocolClient (GrpcClientProtocolClient.java:onNext(264)) - client-835E41B928D6->6dd5d97a-7455-476f-86d1-706748154c4a: receive RaftClientReply:client-835E41B928D6->6dd5d97a-7455-476f-86d1-706748154c4a@group-349356213E97, cid=2554, SUCCESS, logIndex=3800, commits[6dd5d97a-7455-476f-86d1-706748154c4a:c3801, 8c1a4ac2-2d71-4742-ab0b-89dcc95eb13f:c3797, c9d0001a-daad-4532-9e58-9f5f4a7ddd18:c3797]
2019-09-12 14:53:51,713 [grpc-default-executor-6] INFO  client.GrpcClientProtocolClient (GrpcClientProtocolClient.java:onNext(264)) - client-835E41B928D6->6dd5d97a-7455-476f-86d1-706748154c4a: receive RaftClientReply:client-835E41B928D6->6dd5d97a-7455-476f-86d1-706748154c4a@group-349356213E97, cid=2555, SUCCESS, logIndex=3801, commits[6dd5d97a-7455-476f-86d1-706748154c4a:c3801, 8c1a4ac2-2d71-4742-ab0b-89dcc95eb13f:c3797, c9d0001a-daad-4532-9e58-9f5f4a7ddd18:c3797]
2019-09-12 14:53:51,725 [grpc-default-executor-6] INFO  client.GrpcClientProtocolClient (GrpcClientProtocolClient.java:onNext(264)) - client-835E41B928D6->6dd5d97a-7455-476f-86d1-706748154c4a: receive RaftClientReply:client-835E41B928D6->6dd5d97a-7455-476f-86d1-706748154c4a@group-349356213E97, cid=2556, SUCCESS, logIndex=0, commits[6dd5d97a-7455-476f-86d1-706748154c4a:c3802, 8c1a4ac2-2d71-4742-ab0b-89dcc95eb13f:c3801, c9d0001a-daad-4532-9e58-9f5f4a7ddd18:c3801]
2019-09-12 14:53:51,757 [grpc-default-executor-7] INFO  client.GrpcClientProtocolClient (GrpcClientProtocolClient.java:onNext(264)) - client-835E41B928D6->6dd5d97a-7455-476f-86d1-706748154c4a: receive RaftClientReply:client-835E41B928D6->6dd5d97a-7455-476f-86d1-706748154c4a@group-349356213E97, cid=2557, SUCCESS, logIndex=3804, commits[6dd5d97a-7455-476f-86d1-706748154c4a:c3806, 8c1a4ac2-2d71-4742-ab0b-89dcc95eb13f:c3803, c9d0001a-daad-4532-9e58-9f5f4a7ddd18:c3803]
2019-09-12 14:53:51,765 [grpc-default-executor-7] INFO  client.GrpcClientProtocolClient (GrpcClientProtocolClient.java:onNext(264)) - client-835E41B928D6->6dd5d97a-7455-476f-86d1-706748154c4a: receive RaftClientReply:client-835E41B928D6->6dd5d97a-7455-476f-86d1-706748154c4a@group-349356213E97, cid=2558, SUCCESS, logIndex=3805, commits[6dd5d97a-7455-476f-86d1-706748154c4a:c3807, 8c1a4ac2-2d71-4742-ab0b-89dcc95eb13f:c3803, c9d0001a-daad-4532-9e58-9f5f4a7ddd18:c3803]
2019-09-12 14:53:51,765 [grpc-default-executor-7] INFO  client.GrpcClientProtocolClient (GrpcClientProtocolClient.java:onNext(264)) - client-835E41B928D6->6dd5d97a-7455-476f-86d1-706748154c4a: receive RaftClientReply:client-835E41B928D6->6dd5d97a-7455-476f-86d1-706748154c4a@group-349356213E97, cid=2559, SUCCESS, logIndex=3806, commits[6dd5d97a-7455-476f-86d1-706748154c4a:c3807, 8c1a4ac2-2d71-4742-ab0b-89dcc95eb13f:c3803, c9d0001a-daad-4532-9e58-9f5f4a7ddd18:c3803]
2019-09-12 14:53:51,765 [grpc-default-executor-7] INFO  client.GrpcClientProtocolClient (GrpcClientProtocolClient.java:onNext(264)) - client-835E41B928D6->6dd5d97a-7455-476f-86d1-706748154c4a: receive RaftClientReply:client-835E41B928D6->6dd5d97a-7455-476f-86d1-706748154c4a@group-349356213E97, cid=2560, SUCCESS, logIndex=3807, commits[6dd5d97a-7455-476f-86d1-706748154c4a:c3807, 8c1a4ac2-2d71-4742-ab0b-89dcc95eb13f:c3803, c9d0001a-daad-4532-9e58-9f5f4a7ddd18:c3803]
2019-09-12 14:53:51,789 [grpc-default-executor-7] INFO  client.GrpcClientProtocolClient (GrpcClientProtocolClient.java:onNext(264)) - client-835E41B928D6->6dd5d97a-7455-476f-86d1-706748154c4a: receive RaftClientReply:client-835E41B928D6->6dd5d97a-7455-476f-86d1-706748154c4a@group-349356213E97, cid=2561, SUCCESS, logIndex=0, commits[6dd5d97a-7455-476f-86d1-706748154c4a:c3809, 8c1a4ac2-2d71-4742-ab0b-89dcc95eb13f:c3805, c9d0001a-daad-4532-9e58-9f5f4a7ddd18:c3805]
2019-09-12 14:53:51,807 [grpc-default-executor-7] INFO  client.GrpcClientProtocolClient (GrpcClientProtocolClient.java:onNext(264)) - client-835E41B928D6->6dd5d97a-7455-476f-86d1-706748154c4a: receive RaftClientReply:client-835E41B928D6->6dd5d97a-7455-476f-86d1-706748154c4a@group-349356213E97, cid=2562, SUCCESS, logIndex=3812, commits[6dd5d97a-7455-476f-86d1-706748154c4a:c3813, 8c1a4ac2-2d71-4742-ab0b-89dcc95eb13f:c3811, c9d0001a-daad-4532-9e58-9f5f4a7ddd18:c3811]
2019-09-12 14:53:51,807 [grpc-default-executor-7] INFO  client.GrpcClientProtocolClient (GrpcClientProtocolClient.java:onNext(264)) - client-835E41B928D6->6dd5d97a-7455-476f-86d1-706748154c4a: receive RaftClientReply:client-835E41B928D6->6dd5d97a-7455-476f-86d1-706748154c4a@group-349356213E97, cid=2563, SUCCESS, logIndex=3813, commits[6dd5d97a-7455-476f-86d1-706748154c4a:c3813, 8c1a4ac2-2d71-4742-ab0b-89dcc95eb13f:c3811, c9d0001a-daad-4532-9e58-9f5f4a7ddd18:c3811]
2019-09-12 14:53:51,821 [grpc-default-executor-7] INFO  client.GrpcClientProtocolClient (GrpcClientProtocolClient.java:onNext(264)) - client-835E41B928D6->6dd5d97a-7455-476f-86d1-706748154c4a: receive RaftClientReply:client-835E41B928D6->6dd5d97a-7455-476f-86d1-706748154c4a@group-349356213E97, cid=2564, SUCCESS, logIndex=3816, commits[6dd5d97a-7455-476f-86d1-706748154c4a:c3816, 8c1a4ac2-2d71-4742-ab0b-89dcc95eb13f:c3813, c9d0001a-daad-4532-9e58-9f5f4a7ddd18:c3813]
2019-09-12 14:53:51,822 [grpc-default-executor-7] INFO  client.GrpcClientProtocolClient (GrpcClientProtocolClient.java:onNext(264)) - client-835E41B928D6->6dd5d97a-7455-476f-86d1-706748154c4a: receive RaftClientReply:client-835E41B928D6->6dd5d97a-7455-476f-86d1-706748154c4a@group-349356213E97, cid=2565, SUCCESS, logIndex=3817, commits[6dd5d97a-7455-476f-86d1-706748154c4a:c3817, 8c1a4ac2-2d71-4742-ab0b-89dcc95eb13f:c3813, c9d0001a-daad-4532-9e58-9f5f4a7ddd18:c3813]
2019-09-12 14:53:51,836 [grpc-default-executor-7] INFO  client.GrpcClientProtocolClient (GrpcClientProtocolClient.java:onNext(264)) - client-835E41B928D6->6dd5d97a-7455-476f-86d1-706748154c4a: receive RaftClientReply:client-835E41B928D6->6dd5d97a-7455-476f-86d1-706748154c4a@group-349356213E97, cid=2566, SUCCESS, logIndex=0, commits[6dd5d97a-7455-476f-86d1-706748154c4a:c3819, 8c1a4ac2-2d71-4742-ab0b-89dcc95eb13f:c3817, c9d0001a-daad-4532-9e58-9f5f4a7ddd18:c3817]
2019-09-12 14:53:51,865 [grpc-default-executor-5] INFO  client.GrpcClientProtocolClient (GrpcClientProtocolClient.java:onNext(264)) - client-835E41B928D6->6dd5d97a-7455-476f-86d1-706748154c4a: receive RaftClientReply:client-835E41B928D6->6dd5d97a-7455-476f-86d1-706748154c4a@group-349356213E97, cid=2567, SUCCESS, logIndex=3820, commits[6dd5d97a-7455-476f-86d1-706748154c4a:c3822, 8c1a4ac2-2d71-4742-ab0b-89dcc95eb13f:c3819, c9d0001a-daad-4532-9e58-9f5f4a7ddd18:c3819]
2019-09-12 14:53:51,866 [grpc-default-executor-5] INFO  client.GrpcClientProtocolClient (GrpcClientProtocolClient.java:onNext(264)) - client-835E41B928D6->6dd5d97a-7455-476f-86d1-706748154c4a: receive RaftClientReply:client-835E41B928D6->6dd5d97a-7455-476f-86d1-706748154c4a@group-349356213E97, cid=2568, SUCCESS, logIndex=3821, commits[6dd5d97a-7455-476f-86d1-706748154c4a:c3823, 8c1a4ac2-2d71-4742-ab0b-89dcc95eb13f:c3819, c9d0001a-daad-4532-9e58-9f5f4a7ddd18:c3819]
2019-09-12 14:53:51,866 [grpc-default-executor-5] INFO  client.GrpcClientProtocolClient (GrpcClientProtocolClient.java:onNext(264)) - client-835E41B928D6->6dd5d97a-7455-476f-86d1-706748154c4a: receive RaftClientReply:client-835E41B928D6->6dd5d97a-7455-476f-86d1-706748154c4a@group-349356213E97, cid=2569, SUCCESS, logIndex=3822, commits[6dd5d97a-7455-476f-86d1-706748154c4a:c3823, 8c1a4ac2-2d71-4742-ab0b-89dcc95eb13f:c3819, c9d0001a-daad-4532-9e58-9f5f4a7ddd18:c3819]
2019-09-12 14:53:51,866 [grpc-default-executor-5] INFO  client.GrpcClientProtocolClient (GrpcClientProtocolClient.java:onNext(264)) - client-835E41B928D6->6dd5d97a-7455-476f-86d1-706748154c4a: receive RaftClientReply:client-835E41B928D6->6dd5d97a-7455-476f-86d1-706748154c4a@group-349356213E97, cid=2570, SUCCESS, logIndex=3823, commits[6dd5d97a-7455-476f-86d1-706748154c4a:c3823, 8c1a4ac2-2d71-4742-ab0b-89dcc95eb13f:c3819, c9d0001a-daad-4532-9e58-9f5f4a7ddd18:c3819]
2019-09-12 14:53:51,867 [grpc-default-executor-5] INFO  client.GrpcClientProtocolClient (GrpcClientProtocolClient.java:onNext(264)) - client-835E41B928D6->6dd5d97a-7455-476f-86d1-706748154c4a: receive RaftClientReply:client-835E41B928D6->6dd5d97a-7455-476f-86d1-706748154c4a@group-349356213E97, cid=2571, SUCCESS, logIndex=0, commits[6dd5d97a-7455-476f-86d1-706748154c4a:c3825, 8c1a4ac2-2d71-4742-ab0b-89dcc95eb13f:c3821, c9d0001a-daad-4532-9e58-9f5f4a7ddd18:c3821]
2019-09-12 14:53:51,878 [grpc-default-executor-6] INFO  client.GrpcClientProtocolClient (GrpcClientProtocolClient.java:onNext(264)) - client-835E41B928D6->6dd5d97a-7455-476f-86d1-706748154c4a: receive RaftClientReply:client-835E41B928D6->6dd5d97a-7455-476f-86d1-706748154c4a@group-349356213E97, cid=2572, SUCCESS, logIndex=3828, commits[6dd5d97a-7455-476f-86d1-706748154c4a:c3829, 8c1a4ac2-2d71-4742-ab0b-89dcc95eb13f:c3827, c9d0001a-daad-4532-9e58-9f5f4a7ddd18:c3827]
2019-09-12 14:53:51,879 [grpc-default-executor-6] INFO  client.GrpcClientProtocolClient (GrpcClientProtocolClient.java:onNext(264)) - client-835E41B928D6->6dd5d97a-7455-476f-86d1-706748154c4a: receive RaftClientReply:client-835E41B928D6->6dd5d97a-7455-476f-86d1-706748154c4a@group-349356213E97, cid=2573, SUCCESS, logIndex=3829, commits[6dd5d97a-7455-476f-86d1-706748154c4a:c3829, 8c1a4ac2-2d71-4742-ab0b-89dcc95eb13f:c3827, c9d0001a-daad-4532-9e58-9f5f4a7ddd18:c3827]
2019-09-12 14:53:51,889 [grpc-default-executor-5] INFO  client.GrpcClientProtocolClient (GrpcClientProtocolClient.java:onNext(264)) - client-835E41B928D6->6dd5d97a-7455-476f-86d1-706748154c4a: receive RaftClientReply:client-835E41B928D6->6dd5d97a-7455-476f-86d1-706748154c4a@group-349356213E97, cid=2574, SUCCESS, logIndex=3831, commits[6dd5d97a-7455-476f-86d1-706748154c4a:c3832, 8c1a4ac2-2d71-4742-ab0b-89dcc95eb13f:c3829, c9d0001a-daad-4532-9e58-9f5f4a7ddd18:c3830]
2019-09-12 14:53:51,889 [grpc-default-executor-5] INFO  client.GrpcClientProtocolClient (GrpcClientProtocolClient.java:onNext(264)) - client-835E41B928D6->6dd5d97a-7455-476f-86d1-706748154c4a: receive RaftClientReply:client-835E41B928D6->6dd5d97a-7455-476f-86d1-706748154c4a@group-349356213E97, cid=2575, SUCCESS, logIndex=3832, commits[6dd5d97a-7455-476f-86d1-706748154c4a:c3832, 8c1a4ac2-2d71-4742-ab0b-89dcc95eb13f:c3829, c9d0001a-daad-4532-9e58-9f5f4a7ddd18:c3830]
2019-09-12 14:53:51,891 [grpc-default-executor-5] INFO  client.GrpcClientProtocolClient (GrpcClientProtocolClient.java:onNext(264)) - client-835E41B928D6->6dd5d97a-7455-476f-86d1-706748154c4a: receive RaftClientReply:client-835E41B928D6->6dd5d97a-7455-476f-86d1-706748154c4a@group-349356213E97, cid=2576, SUCCESS, logIndex=0, commits[6dd5d97a-7455-476f-86d1-706748154c4a:c3834, 8c1a4ac2-2d71-4742-ab0b-89dcc95eb13f:c3832, c9d0001a-daad-4532-9e58-9f5f4a7ddd18:c3832]
2019-09-12 14:53:51,915 [grpc-default-executor-2] INFO  client.GrpcClientProtocolClient (GrpcClientProtocolClient.java:onNext(264)) - client-835E41B928D6->6dd5d97a-7455-476f-86d1-706748154c4a: receive RaftClientReply:client-835E41B928D6->6dd5d97a-7455-476f-86d1-706748154c4a@group-349356213E97, cid=2577, SUCCESS, logIndex=3835, commits[6dd5d97a-7455-476f-86d1-706748154c4a:c3836, 8c1a4ac2-2d71-4742-ab0b-89dcc95eb13f:c3834, c9d0001a-daad-4532-9e58-9f5f4a7ddd18:c3834]
2019-09-12 14:53:51,915 [grpc-default-executor-7] INFO  client.GrpcClientProtocolClient (GrpcClientProtocolClient.java:onNext(264)) - client-835E41B928D6->6dd5d97a-7455-476f-86d1-706748154c4a: receive RaftClientReply:client-835E41B928D6->6dd5d97a-7455-476f-86d1-706748154c4a@group-349356213E97, cid=2578, SUCCESS, logIndex=3836, commits[6dd5d97a-7455-476f-86d1-706748154c4a:c3836, 8c1a4ac2-2d71-4742-ab0b-89dcc95eb13f:c3834, c9d0001a-daad-4532-9e58-9f5f4a7ddd18:c3834]
2019-09-12 14:53:51,916 [grpc-default-executor-5] INFO  client.GrpcClientProtocolClient (GrpcClientProtocolClient.java:onNext(264)) - client-835E41B928D6->6dd5d97a-7455-476f-86d1-706748154c4a: receive RaftClientReply:client-835E41B928D6->6dd5d97a-7455-476f-86d1-706748154c4a@group-349356213E97, cid=2579, SUCCESS, logIndex=3837, commits[6dd5d97a-7455-476f-86d1-706748154c4a:c3838, 8c1a4ac2-2d71-4742-ab0b-89dcc95eb13f:c3834, c9d0001a-daad-4532-9e58-9f5f4a7ddd18:c3834]
2019-09-12 14:53:51,916 [grpc-default-executor-2] INFO  client.GrpcClientProtocolClient (GrpcClientProtocolClient.java:onNext(264)) - client-835E41B928D6->6dd5d97a-7455-476f-86d1-706748154c4a: receive RaftClientReply:client-835E41B928D6->6dd5d97a-7455-476f-86d1-706748154c4a@group-349356213E97, cid=2580, SUCCESS, logIndex=3838, commits[6dd5d97a-7455-476f-86d1-706748154c4a:c3838, 8c1a4ac2-2d71-4742-ab0b-89dcc95eb13f:c3834, c9d0001a-daad-4532-9e58-9f5f4a7ddd18:c3834]
2019-09-12 14:53:51,917 [grpc-default-executor-5] INFO  client.GrpcClientProtocolClient (GrpcClientProtocolClient.java:onNext(264)) - client-835E41B928D6->6dd5d97a-7455-476f-86d1-706748154c4a: receive RaftClientReply:client-835E41B928D6->6dd5d97a-7455-476f-86d1-706748154c4a@group-349356213E97, cid=2581, SUCCESS, logIndex=0, commits[6dd5d97a-7455-476f-86d1-706748154c4a:c3840, 8c1a4ac2-2d71-4742-ab0b-89dcc95eb13f:c3836, c9d0001a-daad-4532-9e58-9f5f4a7ddd18:c3836]
2019-09-12 14:53:51,930 [grpc-default-executor-2] INFO  client.GrpcClientProtocolClient (GrpcClientProtocolClient.java:onNext(264)) - client-835E41B928D6->6dd5d97a-7455-476f-86d1-706748154c4a: receive RaftClientReply:client-835E41B928D6->6dd5d97a-7455-476f-86d1-706748154c4a@group-349356213E97, cid=2582, SUCCESS, logIndex=3843, commits[6dd5d97a-7455-476f-86d1-706748154c4a:c3844, 8c1a4ac2-2d71-4742-ab0b-89dcc95eb13f:c3842, c9d0001a-daad-4532-9e58-9f5f4a7ddd18:c3838]
2019-09-12 14:53:51,930 [grpc-default-executor-2] INFO  client.GrpcClientProtocolClient (GrpcClientProtocolClient.java:onNext(264)) - client-835E41B928D6->6dd5d97a-7455-476f-86d1-706748154c4a: receive RaftClientReply:client-835E41B928D6->6dd5d97a-7455-476f-86d1-706748154c4a@group-349356213E97, cid=2583, SUCCESS, logIndex=3844, commits[6dd5d97a-7455-476f-86d1-706748154c4a:c3844, 8c1a4ac2-2d71-4742-ab0b-89dcc95eb13f:c3842, c9d0001a-daad-4532-9e58-9f5f4a7ddd18:c3842]
2019-09-12 14:53:51,950 [grpc-default-executor-7] INFO  client.GrpcClientProtocolClient (GrpcClientProtocolClient.java:onNext(264)) - client-835E41B928D6->6dd5d97a-7455-476f-86d1-706748154c4a: receive RaftClientReply:client-835E41B928D6->6dd5d97a-7455-476f-86d1-706748154c4a@group-349356213E97, cid=2584, SUCCESS, logIndex=3847, commits[6dd5d97a-7455-476f-86d1-706748154c4a:c3848, 8c1a4ac2-2d71-4742-ab0b-89dcc95eb13f:c3846, c9d0001a-daad-4532-9e58-9f5f4a7ddd18:c3846]
2019-09-12 14:53:51,950 [grpc-default-executor-7] INFO  client.GrpcClientProtocolClient (GrpcClientProtocolClient.java:onNext(264)) - client-835E41B928D6->6dd5d97a-7455-476f-86d1-706748154c4a: receive RaftClientReply:client-835E41B928D6->6dd5d97a-7455-476f-86d1-706748154c4a@group-349356213E97, cid=2585, SUCCESS, logIndex=3848, commits[6dd5d97a-7455-476f-86d1-706748154c4a:c3848, 8c1a4ac2-2d71-4742-ab0b-89dcc95eb13f:c3846, c9d0001a-daad-4532-9e58-9f5f4a7ddd18:c3846]
2019-09-12 14:53:51,962 [grpc-default-executor-7] INFO  client.GrpcClientProtocolClient (GrpcClientProtocolClient.java:onNext(264)) - client-835E41B928D6->6dd5d97a-7455-476f-86d1-706748154c4a: receive RaftClientReply:client-835E41B928D6->6dd5d97a-7455-476f-86d1-706748154c4a@group-349356213E97, cid=2586, SUCCESS, logIndex=0, commits[6dd5d97a-7455-476f-86d1-706748154c4a:c3850, 8c1a4ac2-2d71-4742-ab0b-89dcc95eb13f:c3848, c9d0001a-daad-4532-9e58-9f5f4a7ddd18:c3848]
2019-09-12 14:53:52,117 [grpc-default-executor-7] INFO  client.GrpcClientProtocolClient (GrpcClientProtocolClient.java:onNext(264)) - client-835E41B928D6->6dd5d97a-7455-476f-86d1-706748154c4a: receive RaftClientReply:client-835E41B928D6->6dd5d97a-7455-476f-86d1-706748154c4a@group-349356213E97, cid=2587, SUCCESS, logIndex=3851, commits[6dd5d97a-7455-476f-86d1-706748154c4a:c3852, 8c1a4ac2-2d71-4742-ab0b-89dcc95eb13f:c3850, c9d0001a-daad-4532-9e58-9f5f4a7ddd18:c3850]
2019-09-12 14:53:52,118 [grpc-default-executor-7] INFO  client.GrpcClientProtocolClient (GrpcClientProtocolClient.java:onNext(264)) - client-835E41B928D6->6dd5d97a-7455-476f-86d1-706748154c4a: receive RaftClientReply:client-835E41B928D6->6dd5d97a-7455-476f-86d1-706748154c4a@group-349356213E97, cid=2588, SUCCESS, logIndex=3852, commits[6dd5d97a-7455-476f-86d1-706748154c4a:c3852, 8c1a4ac2-2d71-4742-ab0b-89dcc95eb13f:c3850, c9d0001a-daad-4532-9e58-9f5f4a7ddd18:c3850]
2019-09-12 14:53:52,129 [grpc-default-executor-2] INFO  client.GrpcClientProtocolClient (GrpcClientProtocolClient.java:onNext(264)) - client-835E41B928D6->6dd5d97a-7455-476f-86d1-706748154c4a: receive RaftClientReply:client-835E41B928D6->6dd5d97a-7455-476f-86d1-706748154c4a@group-349356213E97, cid=2589, SUCCESS, logIndex=3853, commits[6dd5d97a-7455-476f-86d1-706748154c4a:c3853, 8c1a4ac2-2d71-4742-ab0b-89dcc95eb13f:c3850, c9d0001a-daad-4532-9e58-9f5f4a7ddd18:c3850]
2019-09-12 14:53:52,129 [grpc-default-executor-6] INFO  client.GrpcClientProtocolClient (GrpcClientProtocolClient.java:onNext(264)) - client-835E41B928D6->6dd5d97a-7455-476f-86d1-706748154c4a: receive RaftClientReply:client-835E41B928D6->6dd5d97a-7455-476f-86d1-706748154c4a@group-349356213E97, cid=2590, SUCCESS, logIndex=3854, commits[6dd5d97a-7455-476f-86d1-706748154c4a:c3856, 8c1a4ac2-2d71-4742-ab0b-89dcc95eb13f:c3850, c9d0001a-daad-4532-9e58-9f5f4a7ddd18:c3852]
2019-09-12 14:53:52,130 [grpc-default-executor-6] INFO  client.GrpcClientProtocolClient (GrpcClientProtocolClient.java:onNext(264)) - client-835E41B928D6->6dd5d97a-7455-476f-86d1-706748154c4a: receive RaftClientReply:client-835E41B928D6->6dd5d97a-7455-476f-86d1-706748154c4a@group-349356213E97, cid=2591, SUCCESS, logIndex=0, commits[6dd5d97a-7455-476f-86d1-706748154c4a:c3856, 8c1a4ac2-2d71-4742-ab0b-89dcc95eb13f:c3852, c9d0001a-daad-4532-9e58-9f5f4a7ddd18:c3852]
2019-09-12 14:53:52,144 [grpc-default-executor-6] INFO  client.GrpcClientProtocolClient (GrpcClientProtocolClient.java:onNext(264)) - client-835E41B928D6->6dd5d97a-7455-476f-86d1-706748154c4a: receive RaftClientReply:client-835E41B928D6->6dd5d97a-7455-476f-86d1-706748154c4a@group-349356213E97, cid=2592, SUCCESS, logIndex=3859, commits[6dd5d97a-7455-476f-86d1-706748154c4a:c3860, 8c1a4ac2-2d71-4742-ab0b-89dcc95eb13f:c3858, c9d0001a-daad-4532-9e58-9f5f4a7ddd18:c3854]
2019-09-12 14:53:52,144 [grpc-default-executor-6] INFO  client.GrpcClientProtocolClient (GrpcClientProtocolClient.java:onNext(264)) - client-835E41B928D6->6dd5d97a-7455-476f-86d1-706748154c4a: receive RaftClientReply:client-835E41B928D6->6dd5d97a-7455-476f-86d1-706748154c4a@group-349356213E97, cid=2593, SUCCESS, logIndex=3860, commits[6dd5d97a-7455-476f-86d1-706748154c4a:c3860, 8c1a4ac2-2d71-4742-ab0b-89dcc95eb13f:c3858, c9d0001a-daad-4532-9e58-9f5f4a7ddd18:c3858]
2019-09-12 14:53:52,168 [grpc-default-executor-7] INFO  client.GrpcClientProtocolClient (GrpcClientProtocolClient.java:onNext(264)) - client-835E41B928D6->6dd5d97a-7455-476f-86d1-706748154c4a: receive RaftClientReply:client-835E41B928D6->6dd5d97a-7455-476f-86d1-706748154c4a@group-349356213E97, cid=2594, SUCCESS, logIndex=3863, commits[6dd5d97a-7455-476f-86d1-706748154c4a:c3864, 8c1a4ac2-2d71-4742-ab0b-89dcc95eb13f:c3862, c9d0001a-daad-4532-9e58-9f5f4a7ddd18:c3862]
2019-09-12 14:53:52,169 [grpc-default-executor-7] INFO  client.GrpcClientProtocolClient (GrpcClientProtocolClient.java:onNext(264)) - client-835E41B928D6->6dd5d97a-7455-476f-86d1-706748154c4a: receive RaftClientReply:client-835E41B928D6->6dd5d97a-7455-476f-86d1-706748154c4a@group-349356213E97, cid=2595, SUCCESS, logIndex=3864, commits[6dd5d97a-7455-476f-86d1-706748154c4a:c3864, 8c1a4ac2-2d71-4742-ab0b-89dcc95eb13f:c3862, c9d0001a-daad-4532-9e58-9f5f4a7ddd18:c3862]
2019-09-12 14:53:52,170 [grpc-default-executor-7] INFO  client.GrpcClientProtocolClient (GrpcClientProtocolClient.java:onNext(264)) - client-835E41B928D6->6dd5d97a-7455-476f-86d1-706748154c4a: receive RaftClientReply:client-835E41B928D6->6dd5d97a-7455-476f-86d1-706748154c4a@group-349356213E97, cid=2596, SUCCESS, logIndex=0, commits[6dd5d97a-7455-476f-86d1-706748154c4a:c3865, 8c1a4ac2-2d71-4742-ab0b-89dcc95eb13f:c3864, c9d0001a-daad-4532-9e58-9f5f4a7ddd18:c3864]
2019-09-12 14:53:52,198 [grpc-default-executor-7] INFO  client.GrpcClientProtocolClient (GrpcClientProtocolClient.java:onNext(264)) - client-835E41B928D6->6dd5d97a-7455-476f-86d1-706748154c4a: receive RaftClientReply:client-835E41B928D6->6dd5d97a-7455-476f-86d1-706748154c4a@group-349356213E97, cid=2597, SUCCESS, logIndex=3867, commits[6dd5d97a-7455-476f-86d1-706748154c4a:c3868, 8c1a4ac2-2d71-4742-ab0b-89dcc95eb13f:c3866, c9d0001a-daad-4532-9e58-9f5f4a7ddd18:c3866]
2019-09-12 14:53:52,198 [grpc-default-executor-7] INFO  client.GrpcClientProtocolClient (GrpcClientProtocolClient.java:onNext(264)) - client-835E41B928D6->6dd5d97a-7455-476f-86d1-706748154c4a: receive RaftClientReply:client-835E41B928D6->6dd5d97a-7455-476f-86d1-706748154c4a@group-349356213E97, cid=2598, SUCCESS, logIndex=3868, commits[6dd5d97a-7455-476f-86d1-706748154c4a:c3868, 8c1a4ac2-2d71-4742-ab0b-89dcc95eb13f:c3866, c9d0001a-daad-4532-9e58-9f5f4a7ddd18:c3866]
2019-09-12 14:53:52,199 [grpc-default-executor-6] INFO  client.GrpcClientProtocolClient (GrpcClientProtocolClient.java:onNext(264)) - client-835E41B928D6->6dd5d97a-7455-476f-86d1-706748154c4a: receive RaftClientReply:client-835E41B928D6->6dd5d97a-7455-476f-86d1-706748154c4a@group-349356213E97, cid=2599, SUCCESS, logIndex=3869, commits[6dd5d97a-7455-476f-86d1-706748154c4a:c3870, 8c1a4ac2-2d71-4742-ab0b-89dcc95eb13f:c3866, c9d0001a-daad-4532-9e58-9f5f4a7ddd18:c3866]
2019-09-12 14:53:52,199 [grpc-default-executor-6] INFO  client.GrpcClientProtocolClient (GrpcClientProtocolClient.java:onNext(264)) - client-835E41B928D6->6dd5d97a-7455-476f-86d1-706748154c4a: receive RaftClientReply:client-835E41B928D6->6dd5d97a-7455-476f-86d1-706748154c4a@group-349356213E97, cid=2600, SUCCESS, logIndex=3870, commits[6dd5d97a-7455-476f-86d1-706748154c4a:c3870, 8c1a4ac2-2d71-4742-ab0b-89dcc95eb13f:c3866, c9d0001a-daad-4532-9e58-9f5f4a7ddd18:c3866]
2019-09-12 14:53:52,201 [grpc-default-executor-6] INFO  client.GrpcClientProtocolClient (GrpcClientProtocolClient.java:onNext(264)) - client-835E41B928D6->6dd5d97a-7455-476f-86d1-706748154c4a: receive RaftClientReply:client-835E41B928D6->6dd5d97a-7455-476f-86d1-706748154c4a@group-349356213E97, cid=2601, SUCCESS, logIndex=0, commits[6dd5d97a-7455-476f-86d1-706748154c4a:c3873, 8c1a4ac2-2d71-4742-ab0b-89dcc95eb13f:c3868, c9d0001a-daad-4532-9e58-9f5f4a7ddd18:c3870]
2019-09-12 14:53:52,221 [grpc-default-executor-7] INFO  client.GrpcClientProtocolClient (GrpcClientProtocolClient.java:onNext(264)) - client-835E41B928D6->6dd5d97a-7455-476f-86d1-706748154c4a: receive RaftClientReply:client-835E41B928D6->6dd5d97a-7455-476f-86d1-706748154c4a@group-349356213E97, cid=2602, SUCCESS, logIndex=3875, commits[6dd5d97a-7455-476f-86d1-706748154c4a:c3876, 8c1a4ac2-2d71-4742-ab0b-89dcc95eb13f:c3874, c9d0001a-daad-4532-9e58-9f5f4a7ddd18:c3874]
2019-09-12 14:53:52,221 [grpc-default-executor-7] INFO  client.GrpcClientProtocolClient (GrpcClientProtocolClient.java:onNext(264)) - client-835E41B928D6->6dd5d97a-7455-476f-86d1-706748154c4a: receive RaftClientReply:client-835E41B928D6->6dd5d97a-7455-476f-86d1-706748154c4a@group-349356213E97, cid=2603, SUCCESS, logIndex=3876, commits[6dd5d97a-7455-476f-86d1-706748154c4a:c3876, 8c1a4ac2-2d71-4742-ab0b-89dcc95eb13f:c3874, c9d0001a-daad-4532-9e58-9f5f4a7ddd18:c3874]
2019-09-12 14:53:52,234 [grpc-default-executor-6] INFO  client.GrpcClientProtocolClient (GrpcClientProtocolClient.java:onNext(264)) - client-835E41B928D6->6dd5d97a-7455-476f-86d1-706748154c4a: receive RaftClientReply:client-835E41B928D6->6dd5d97a-7455-476f-86d1-706748154c4a@group-349356213E97, cid=2604, SUCCESS, logIndex=3879, commits[6dd5d97a-7455-476f-86d1-706748154c4a:c3880, 8c1a4ac2-2d71-4742-ab0b-89dcc95eb13f:c3876, c9d0001a-daad-4532-9e58-9f5f4a7ddd18:c3876]
2019-09-12 14:53:52,234 [grpc-default-executor-6] INFO  client.GrpcClientProtocolClient (GrpcClientProtocolClient.java:onNext(264)) - client-835E41B928D6->6dd5d97a-7455-476f-86d1-706748154c4a: receive RaftClientReply:client-835E41B928D6->6dd5d97a-7455-476f-86d1-706748154c4a@group-349356213E97, cid=2605, SUCCESS, logIndex=3880, commits[6dd5d97a-7455-476f-86d1-706748154c4a:c3880, 8c1a4ac2-2d71-4742-ab0b-89dcc95eb13f:c3876, c9d0001a-daad-4532-9e58-9f5f4a7ddd18:c3876]
2019-09-12 14:53:52,248 [grpc-default-executor-6] INFO  client.GrpcClientProtocolClient (GrpcClientProtocolClient.java:onNext(264)) - client-835E41B928D6->6dd5d97a-7455-476f-86d1-706748154c4a: receive RaftClientReply:client-835E41B928D6->6dd5d97a-7455-476f-86d1-706748154c4a@group-349356213E97, cid=2606, SUCCESS, logIndex=0, commits[6dd5d97a-7455-476f-86d1-706748154c4a:c3882, 8c1a4ac2-2d71-4742-ab0b-89dcc95eb13f:c3880, c9d0001a-daad-4532-9e58-9f5f4a7ddd18:c3880]
2019-09-12 14:53:52,275 [grpc-default-executor-7] INFO  client.GrpcClientProtocolClient (GrpcClientProtocolClient.java:onNext(264)) - client-835E41B928D6->6dd5d97a-7455-476f-86d1-706748154c4a: receive RaftClientReply:client-835E41B928D6->6dd5d97a-7455-476f-86d1-706748154c4a@group-349356213E97, cid=2607, SUCCESS, logIndex=3883, commits[6dd5d97a-7455-476f-86d1-706748154c4a:c3884, 8c1a4ac2-2d71-4742-ab0b-89dcc95eb13f:c3882, c9d0001a-daad-4532-9e58-9f5f4a7ddd18:c3882]
2019-09-12 14:53:52,275 [grpc-default-executor-7] INFO  client.GrpcClientProtocolClient (GrpcClientProtocolClient.java:onNext(264)) - client-835E41B928D6->6dd5d97a-7455-476f-86d1-706748154c4a: receive RaftClientReply:client-835E41B928D6->6dd5d97a-7455-476f-86d1-706748154c4a@group-349356213E97, cid=2608, SUCCESS, logIndex=3884, commits[6dd5d97a-7455-476f-86d1-706748154c4a:c3884, 8c1a4ac2-2d71-4742-ab0b-89dcc95eb13f:c3882, c9d0001a-daad-4532-9e58-9f5f4a7ddd18:c3882]
2019-09-12 14:53:52,286 [grpc-default-executor-7] INFO  client.GrpcClientProtocolClient (GrpcClientProtocolClient.java:onNext(264)) - client-835E41B928D6->6dd5d97a-7455-476f-86d1-706748154c4a: receive RaftClientReply:client-835E41B928D6->6dd5d97a-7455-476f-86d1-706748154c4a@group-349356213E97, cid=2609, SUCCESS, logIndex=3885, commits[6dd5d97a-7455-476f-86d1-706748154c4a:c3886, 8c1a4ac2-2d71-4742-ab0b-89dcc95eb13f:c3882, c9d0001a-daad-4532-9e58-9f5f4a7ddd18:c3882]
2019-09-12 14:53:52,286 [grpc-default-executor-7] INFO  client.GrpcClientProtocolClient (GrpcClientProtocolClient.java:onNext(264)) - client-835E41B928D6->6dd5d97a-7455-476f-86d1-706748154c4a: receive RaftClientReply:client-835E41B928D6->6dd5d97a-7455-476f-86d1-706748154c4a@group-349356213E97, cid=2610, SUCCESS, logIndex=3886, commits[6dd5d97a-7455-476f-86d1-706748154c4a:c3886, 8c1a4ac2-2d71-4742-ab0b-89dcc95eb13f:c3882, c9d0001a-daad-4532-9e58-9f5f4a7ddd18:c3882]
2019-09-12 14:53:52,287 [grpc-default-executor-5] INFO  client.GrpcClientProtocolClient (GrpcClientProtocolClient.java:onNext(264)) - client-835E41B928D6->6dd5d97a-7455-476f-86d1-706748154c4a: receive RaftClientReply:client-835E41B928D6->6dd5d97a-7455-476f-86d1-706748154c4a@group-349356213E97, cid=2611, SUCCESS, logIndex=0, commits[6dd5d97a-7455-476f-86d1-706748154c4a:c3888, 8c1a4ac2-2d71-4742-ab0b-89dcc95eb13f:c3884, c9d0001a-daad-4532-9e58-9f5f4a7ddd18:c3884]
2019-09-12 14:53:52,305 [grpc-default-executor-5] INFO  client.GrpcClientProtocolClient (GrpcClientProtocolClient.java:onNext(264)) - client-835E41B928D6->6dd5d97a-7455-476f-86d1-706748154c4a: receive RaftClientReply:client-835E41B928D6->6dd5d97a-7455-476f-86d1-706748154c4a@group-349356213E97, cid=2612, SUCCESS, logIndex=3891, commits[6dd5d97a-7455-476f-86d1-706748154c4a:c3892, 8c1a4ac2-2d71-4742-ab0b-89dcc95eb13f:c3890, c9d0001a-daad-4532-9e58-9f5f4a7ddd18:c3890]
2019-09-12 14:53:52,306 [grpc-default-executor-5] INFO  client.GrpcClientProtocolClient (GrpcClientProtocolClient.java:onNext(264)) - client-835E41B928D6->6dd5d97a-7455-476f-86d1-706748154c4a: receive RaftClientReply:client-835E41B928D6->6dd5d97a-7455-476f-86d1-706748154c4a@group-349356213E97, cid=2613, SUCCESS, logIndex=3892, commits[6dd5d97a-7455-476f-86d1-706748154c4a:c3892, 8c1a4ac2-2d71-4742-ab0b-89dcc95eb13f:c3890, c9d0001a-daad-4532-9e58-9f5f4a7ddd18:c3890]
2019-09-12 14:53:52,319 [grpc-default-executor-5] INFO  client.GrpcClientProtocolClient (GrpcClientProtocolClient.java:onNext(264)) - client-835E41B928D6->6dd5d97a-7455-476f-86d1-706748154c4a: receive RaftClientReply:client-835E41B928D6->6dd5d97a-7455-476f-86d1-706748154c4a@group-349356213E97, cid=2614, SUCCESS, logIndex=3895, commits[6dd5d97a-7455-476f-86d1-706748154c4a:c3896, 8c1a4ac2-2d71-4742-ab0b-89dcc95eb13f:c3892, c9d0001a-daad-4532-9e58-9f5f4a7ddd18:c3892]
2019-09-12 14:53:52,319 [grpc-default-executor-5] INFO  client.GrpcClientProtocolClient (GrpcClientProtocolClient.java:onNext(264)) - client-835E41B928D6->6dd5d97a-7455-476f-86d1-706748154c4a: receive RaftClientReply:client-835E41B928D6->6dd5d97a-7455-476f-86d1-706748154c4a@group-349356213E97, cid=2615, SUCCESS, logIndex=3896, commits[6dd5d97a-7455-476f-86d1-706748154c4a:c3896, 8c1a4ac2-2d71-4742-ab0b-89dcc95eb13f:c3892, c9d0001a-daad-4532-9e58-9f5f4a7ddd18:c3892]
2019-09-12 14:53:52,333 [grpc-default-executor-5] INFO  client.GrpcClientProtocolClient (GrpcClientProtocolClient.java:onNext(264)) - client-835E41B928D6->6dd5d97a-7455-476f-86d1-706748154c4a: receive RaftClientReply:client-835E41B928D6->6dd5d97a-7455-476f-86d1-706748154c4a@group-349356213E97, cid=2616, SUCCESS, logIndex=0, commits[6dd5d97a-7455-476f-86d1-706748154c4a:c3898, 8c1a4ac2-2d71-4742-ab0b-89dcc95eb13f:c3896, c9d0001a-daad-4532-9e58-9f5f4a7ddd18:c3896]
2019-09-12 14:53:52,360 [grpc-default-executor-5] INFO  client.GrpcClientProtocolClient (GrpcClientProtocolClient.java:onNext(264)) - client-835E41B928D6->6dd5d97a-7455-476f-86d1-706748154c4a: receive RaftClientReply:client-835E41B928D6->6dd5d97a-7455-476f-86d1-706748154c4a@group-349356213E97, cid=2617, SUCCESS, logIndex=3899, commits[6dd5d97a-7455-476f-86d1-706748154c4a:c3901, 8c1a4ac2-2d71-4742-ab0b-89dcc95eb13f:c3898, c9d0001a-daad-4532-9e58-9f5f4a7ddd18:c3898]
2019-09-12 14:53:52,360 [grpc-default-executor-5] INFO  client.GrpcClientProtocolClient (GrpcClientProtocolClient.java:onNext(264)) - client-835E41B928D6->6dd5d97a-7455-476f-86d1-706748154c4a: receive RaftClientReply:client-835E41B928D6->6dd5d97a-7455-476f-86d1-706748154c4a@group-349356213E97, cid=2618, SUCCESS, logIndex=3900, commits[6dd5d97a-7455-476f-86d1-706748154c4a:c3902, 8c1a4ac2-2d71-4742-ab0b-89dcc95eb13f:c3898, c9d0001a-daad-4532-9e58-9f5f4a7ddd18:c3898]
2019-09-12 14:53:52,360 [grpc-default-executor-5] INFO  client.GrpcClientProtocolClient (GrpcClientProtocolClient.java:onNext(264)) - client-835E41B928D6->6dd5d97a-7455-476f-86d1-706748154c4a: receive RaftClientReply:client-835E41B928D6->6dd5d97a-7455-476f-86d1-706748154c4a@group-349356213E97, cid=2619, SUCCESS, logIndex=3901, commits[6dd5d97a-7455-476f-86d1-706748154c4a:c3902, 8c1a4ac2-2d71-4742-ab0b-89dcc95eb13f:c3898, c9d0001a-daad-4532-9e58-9f5f4a7ddd18:c3898]
2019-09-12 14:53:52,360 [grpc-default-executor-5] INFO  client.GrpcClientProtocolClient (GrpcClientProtocolClient.java:onNext(264)) - client-835E41B928D6->6dd5d97a-7455-476f-86d1-706748154c4a: receive RaftClientReply:client-835E41B928D6->6dd5d97a-7455-476f-86d1-706748154c4a@group-349356213E97, cid=2620, SUCCESS, logIndex=3902, commits[6dd5d97a-7455-476f-86d1-706748154c4a:c3902, 8c1a4ac2-2d71-4742-ab0b-89dcc95eb13f:c3898, c9d0001a-daad-4532-9e58-9f5f4a7ddd18:c3898]
2019-09-12 14:53:52,364 [grpc-default-executor-7] INFO  client.GrpcClientProtocolClient (GrpcClientProtocolClient.java:onNext(264)) - client-835E41B928D6->6dd5d97a-7455-476f-86d1-706748154c4a: receive RaftClientReply:client-835E41B928D6->6dd5d97a-7455-476f-86d1-706748154c4a@group-349356213E97, cid=2621, SUCCESS, logIndex=0, commits[6dd5d97a-7455-476f-86d1-706748154c4a:c3906, 8c1a4ac2-2d71-4742-ab0b-89dcc95eb13f:c3902, c9d0001a-daad-4532-9e58-9f5f4a7ddd18:c3900]
2019-09-12 14:53:52,375 [grpc-default-executor-7] INFO  client.GrpcClientProtocolClient (GrpcClientProtocolClient.java:onNext(264)) - client-835E41B928D6->6dd5d97a-7455-476f-86d1-706748154c4a: receive RaftClientReply:client-835E41B928D6->6dd5d97a-7455-476f-86d1-706748154c4a@group-349356213E97, cid=2622, SUCCESS, logIndex=3907, commits[6dd5d97a-7455-476f-86d1-706748154c4a:c3908, 8c1a4ac2-2d71-4742-ab0b-89dcc95eb13f:c3902, c9d0001a-daad-4532-9e58-9f5f4a7ddd18:c3906]
2019-09-12 14:53:52,375 [grpc-default-executor-7] INFO  client.GrpcClientProtocolClient (GrpcClientProtocolClient.java:onNext(264)) - client-835E41B928D6->6dd5d97a-7455-476f-86d1-706748154c4a: receive RaftClientReply:client-835E41B928D6->6dd5d97a-7455-476f-86d1-706748154c4a@group-349356213E97, cid=2623, SUCCESS, logIndex=3908, commits[6dd5d97a-7455-476f-86d1-706748154c4a:c3908, 8c1a4ac2-2d71-4742-ab0b-89dcc95eb13f:c3906, c9d0001a-daad-4532-9e58-9f5f4a7ddd18:c3906]
2019-09-12 14:53:52,385 [grpc-default-executor-7] INFO  client.GrpcClientProtocolClient (GrpcClientProtocolClient.java:onNext(264)) - client-835E41B928D6->6dd5d97a-7455-476f-86d1-706748154c4a: receive RaftClientReply:client-835E41B928D6->6dd5d97a-7455-476f-86d1-706748154c4a@group-349356213E97, cid=2624, SUCCESS, logIndex=3911, commits[6dd5d97a-7455-476f-86d1-706748154c4a:c3912, 8c1a4ac2-2d71-4742-ab0b-89dcc95eb13f:c3908, c9d0001a-daad-4532-9e58-9f5f4a7ddd18:c3910]
2019-09-12 14:53:52,385 [grpc-default-executor-5] INFO  client.GrpcClientProtocolClient (GrpcClientProtocolClient.java:onNext(264)) - client-835E41B928D6->6dd5d97a-7455-476f-86d1-706748154c4a: receive RaftClientReply:client-835E41B928D6->6dd5d97a-7455-476f-86d1-706748154c4a@group-349356213E97, cid=2625, SUCCESS, logIndex=3912, commits[6dd5d97a-7455-476f-86d1-706748154c4a:c3912, 8c1a4ac2-2d71-4742-ab0b-89dcc95eb13f:c3908, c9d0001a-daad-4532-9e58-9f5f4a7ddd18:c3910]
2019-09-12 14:53:52,387 [grpc-default-executor-5] INFO  client.GrpcClientProtocolClient (GrpcClientProtocolClient.java:onNext(264)) - client-835E41B928D6->6dd5d97a-7455-476f-86d1-706748154c4a: receive RaftClientReply:client-835E41B928D6->6dd5d97a-7455-476f-86d1-706748154c4a@group-349356213E97, cid=2626, SUCCESS, logIndex=0, commits[6dd5d97a-7455-476f-86d1-706748154c4a:c3913, 8c1a4ac2-2d71-4742-ab0b-89dcc95eb13f:c3912, c9d0001a-daad-4532-9e58-9f5f4a7ddd18:c3912]
2019-09-12 14:53:52,408 [grpc-default-executor-6] INFO  client.GrpcClientProtocolClient (GrpcClientProtocolClient.java:onNext(264)) - client-835E41B928D6->6dd5d97a-7455-476f-86d1-706748154c4a: receive RaftClientReply:client-835E41B928D6->6dd5d97a-7455-476f-86d1-706748154c4a@group-349356213E97, cid=2627, SUCCESS, logIndex=3915, commits[6dd5d97a-7455-476f-86d1-706748154c4a:c3916, 8c1a4ac2-2d71-4742-ab0b-89dcc95eb13f:c3914, c9d0001a-daad-4532-9e58-9f5f4a7ddd18:c3914]
2019-09-12 14:53:52,409 [grpc-default-executor-6] INFO  client.GrpcClientProtocolClient (GrpcClientProtocolClient.java:onNext(264)) - client-835E41B928D6->6dd5d97a-7455-476f-86d1-706748154c4a: receive RaftClientReply:client-835E41B928D6->6dd5d97a-7455-476f-86d1-706748154c4a@group-349356213E97, cid=2628, SUCCESS, logIndex=3916, commits[6dd5d97a-7455-476f-86d1-706748154c4a:c3918, 8c1a4ac2-2d71-4742-ab0b-89dcc95eb13f:c3914, c9d0001a-daad-4532-9e58-9f5f4a7ddd18:c3914]
2019-09-12 14:53:52,409 [grpc-default-executor-6] INFO  client.GrpcClientProtocolClient (GrpcClientProtocolClient.java:onNext(264)) - client-835E41B928D6->6dd5d97a-7455-476f-86d1-706748154c4a: receive RaftClientReply:client-835E41B928D6->6dd5d97a-7455-476f-86d1-706748154c4a@group-349356213E97, cid=2629, SUCCESS, logIndex=3917, commits[6dd5d97a-7455-476f-86d1-706748154c4a:c3918, 8c1a4ac2-2d71-4742-ab0b-89dcc95eb13f:c3914, c9d0001a-daad-4532-9e58-9f5f4a7ddd18:c3914]
2019-09-12 14:53:52,409 [grpc-default-executor-6] INFO  client.GrpcClientProtocolClient (GrpcClientProtocolClient.java:onNext(264)) - client-835E41B928D6->6dd5d97a-7455-476f-86d1-706748154c4a: receive RaftClientReply:client-835E41B928D6->6dd5d97a-7455-476f-86d1-706748154c4a@group-349356213E97, cid=2630, SUCCESS, logIndex=3918, commits[6dd5d97a-7455-476f-86d1-706748154c4a:c3918, 8c1a4ac2-2d71-4742-ab0b-89dcc95eb13f:c3914, c9d0001a-daad-4532-9e58-9f5f4a7ddd18:c3914]
2019-09-12 14:53:52,413 [grpc-default-executor-5] INFO  client.GrpcClientProtocolClient (GrpcClientProtocolClient.java:onNext(264)) - client-835E41B928D6->6dd5d97a-7455-476f-86d1-706748154c4a: receive RaftClientReply:client-835E41B928D6->6dd5d97a-7455-476f-86d1-706748154c4a@group-349356213E97, cid=2631, SUCCESS, logIndex=0, commits[6dd5d97a-7455-476f-86d1-706748154c4a:c3920, 8c1a4ac2-2d71-4742-ab0b-89dcc95eb13f:c3916, c9d0001a-daad-4532-9e58-9f5f4a7ddd18:c3916]
2019-09-12 14:53:52,435 [grpc-default-executor-6] INFO  client.GrpcClientProtocolClient (GrpcClientProtocolClient.java:onNext(264)) - client-835E41B928D6->6dd5d97a-7455-476f-86d1-706748154c4a: receive RaftClientReply:client-835E41B928D6->6dd5d97a-7455-476f-86d1-706748154c4a@group-349356213E97, cid=2632, SUCCESS, logIndex=3923, commits[6dd5d97a-7455-476f-86d1-706748154c4a:c3924, 8c1a4ac2-2d71-4742-ab0b-89dcc95eb13f:c3922, c9d0001a-daad-4532-9e58-9f5f4a7ddd18:c3918]
2019-09-12 14:53:52,435 [grpc-default-executor-6] INFO  client.GrpcClientProtocolClient (GrpcClientProtocolClient.java:onNext(264)) - client-835E41B928D6->6dd5d97a-7455-476f-86d1-706748154c4a: receive RaftClientReply:client-835E41B928D6->6dd5d97a-7455-476f-86d1-706748154c4a@group-349356213E97, cid=2633, SUCCESS, logIndex=3924, commits[6dd5d97a-7455-476f-86d1-706748154c4a:c3924, 8c1a4ac2-2d71-4742-ab0b-89dcc95eb13f:c3922, c9d0001a-daad-4532-9e58-9f5f4a7ddd18:c3922]
2019-09-12 14:53:52,454 [grpc-default-executor-7] INFO  client.GrpcClientProtocolClient (GrpcClientProtocolClient.java:onNext(264)) - client-835E41B928D6->6dd5d97a-7455-476f-86d1-706748154c4a: receive RaftClientReply:client-835E41B928D6->6dd5d97a-7455-476f-86d1-706748154c4a@group-349356213E97, cid=2634, SUCCESS, logIndex=3926, commits[6dd5d97a-7455-476f-86d1-706748154c4a:c3927, 8c1a4ac2-2d71-4742-ab0b-89dcc95eb13f:c3925, c9d0001a-daad-4532-9e58-9f5f4a7ddd18:c3925]
2019-09-12 14:53:52,454 [grpc-default-executor-7] INFO  client.GrpcClientProtocolClient (GrpcClientProtocolClient.java:onNext(264)) - client-835E41B928D6->6dd5d97a-7455-476f-86d1-706748154c4a: receive RaftClientReply:client-835E41B928D6->6dd5d97a-7455-476f-86d1-706748154c4a@group-349356213E97, cid=2635, SUCCESS, logIndex=3927, commits[6dd5d97a-7455-476f-86d1-706748154c4a:c3927, 8c1a4ac2-2d71-4742-ab0b-89dcc95eb13f:c3925, c9d0001a-daad-4532-9e58-9f5f4a7ddd18:c3925]
 0.00% |█                                                                                                    |  0/1 Time: 0:00:202019-09-12 14:53:52,466 [grpc-default-executor-7] INFO  client.GrpcClientProtocolClient (GrpcClientProtocolClient.java:onNext(264)) - client-835E41B928D6->6dd5d97a-7455-476f-86d1-706748154c4a: receive RaftClientReply:client-835E41B928D6->6dd5d97a-7455-476f-86d1-706748154c4a@group-349356213E97, cid=2636, SUCCESS, logIndex=0, commits[6dd5d97a-7455-476f-86d1-706748154c4a:c3929, 8c1a4ac2-2d71-4742-ab0b-89dcc95eb13f:c3927, c9d0001a-daad-4532-9e58-9f5f4a7ddd18:c3927]
2019-09-12 14:53:52,492 [grpc-default-executor-5] INFO  client.GrpcClientProtocolClient (GrpcClientProtocolClient.java:onNext(264)) - client-835E41B928D6->6dd5d97a-7455-476f-86d1-706748154c4a: receive RaftClientReply:client-835E41B928D6->6dd5d97a-7455-476f-86d1-706748154c4a@group-349356213E97, cid=2637, SUCCESS, logIndex=3930, commits[6dd5d97a-7455-476f-86d1-706748154c4a:c3931, 8c1a4ac2-2d71-4742-ab0b-89dcc95eb13f:c3929, c9d0001a-daad-4532-9e58-9f5f4a7ddd18:c3929]
2019-09-12 14:53:52,492 [grpc-default-executor-5] INFO  client.GrpcClientProtocolClient (GrpcClientProtocolClient.java:onNext(264)) - client-835E41B928D6->6dd5d97a-7455-476f-86d1-706748154c4a: receive RaftClientReply:client-835E41B928D6->6dd5d97a-7455-476f-86d1-706748154c4a@group-349356213E97, cid=2638, SUCCESS, logIndex=3931, commits[6dd5d97a-7455-476f-86d1-706748154c4a:c3933, 8c1a4ac2-2d71-4742-ab0b-89dcc95eb13f:c3929, c9d0001a-daad-4532-9e58-9f5f4a7ddd18:c3929]
2019-09-12 14:53:52,492 [grpc-default-executor-5] INFO  client.GrpcClientProtocolClient (GrpcClientProtocolClient.java:onNext(264)) - client-835E41B928D6->6dd5d97a-7455-476f-86d1-706748154c4a: receive RaftClientReply:client-835E41B928D6->6dd5d97a-7455-476f-86d1-706748154c4a@group-349356213E97, cid=2639, SUCCESS, logIndex=3932, commits[6dd5d97a-7455-476f-86d1-706748154c4a:c3933, 8c1a4ac2-2d71-4742-ab0b-89dcc95eb13f:c3929, c9d0001a-daad-4532-9e58-9f5f4a7ddd18:c3929]
2019-09-12 14:53:52,492 [grpc-default-executor-5] INFO  client.GrpcClientProtocolClient (GrpcClientProtocolClient.java:onNext(264)) - client-835E41B928D6->6dd5d97a-7455-476f-86d1-706748154c4a: receive RaftClientReply:client-835E41B928D6->6dd5d97a-7455-476f-86d1-706748154c4a@group-349356213E97, cid=2640, SUCCESS, logIndex=3933, commits[6dd5d97a-7455-476f-86d1-706748154c4a:c3933, 8c1a4ac2-2d71-4742-ab0b-89dcc95eb13f:c3929, c9d0001a-daad-4532-9e58-9f5f4a7ddd18:c3929]
2019-09-12 14:53:52,494 [grpc-default-executor-5] INFO  client.GrpcClientProtocolClient (GrpcClientProtocolClient.java:onNext(264)) - client-835E41B928D6->6dd5d97a-7455-476f-86d1-706748154c4a: receive RaftClientReply:client-835E41B928D6->6dd5d97a-7455-476f-86d1-706748154c4a@group-349356213E97, cid=2641, SUCCESS, logIndex=0, commits[6dd5d97a-7455-476f-86d1-706748154c4a:c3935, 8c1a4ac2-2d71-4742-ab0b-89dcc95eb13f:c3931, c9d0001a-daad-4532-9e58-9f5f4a7ddd18:c3931]
2019-09-12 14:53:52,512 [grpc-default-executor-6] INFO  client.GrpcClientProtocolClient (GrpcClientProtocolClient.java:onNext(264)) - client-835E41B928D6->6dd5d97a-7455-476f-86d1-706748154c4a: receive RaftClientReply:client-835E41B928D6->6dd5d97a-7455-476f-86d1-706748154c4a@group-349356213E97, cid=2642, SUCCESS, logIndex=3937, commits[6dd5d97a-7455-476f-86d1-706748154c4a:c3938, 8c1a4ac2-2d71-4742-ab0b-89dcc95eb13f:c3936, c9d0001a-daad-4532-9e58-9f5f4a7ddd18:c3936]
2019-09-12 14:53:52,512 [grpc-default-executor-6] INFO  client.GrpcClientProtocolClient (GrpcClientProtocolClient.java:onNext(264)) - client-835E41B928D6->6dd5d97a-7455-476f-86d1-706748154c4a: receive RaftClientReply:client-835E41B928D6->6dd5d97a-7455-476f-86d1-706748154c4a@group-349356213E97, cid=2643, SUCCESS, logIndex=3938, commits[6dd5d97a-7455-476f-86d1-706748154c4a:c3938, 8c1a4ac2-2d71-4742-ab0b-89dcc95eb13f:c3936, c9d0001a-daad-4532-9e58-9f5f4a7ddd18:c3936]
2019-09-12 14:53:52,537 [grpc-default-executor-7] INFO  client.GrpcClientProtocolClient (GrpcClientProtocolClient.java:onNext(264)) - client-835E41B928D6->6dd5d97a-7455-476f-86d1-706748154c4a: receive RaftClientReply:client-835E41B928D6->6dd5d97a-7455-476f-86d1-706748154c4a@group-349356213E97, cid=2644, SUCCESS, logIndex=3941, commits[6dd5d97a-7455-476f-86d1-706748154c4a:c3941, 8c1a4ac2-2d71-4742-ab0b-89dcc95eb13f:c3938, c9d0001a-daad-4532-9e58-9f5f4a7ddd18:c3938]
2019-09-12 14:53:52,537 [grpc-default-executor-7] INFO  client.GrpcClientProtocolClient (GrpcClientProtocolClient.java:onNext(264)) - client-835E41B928D6->6dd5d97a-7455-476f-86d1-706748154c4a: receive RaftClientReply:client-835E41B928D6->6dd5d97a-7455-476f-86d1-706748154c4a@group-349356213E97, cid=2645, SUCCESS, logIndex=3942, commits[6dd5d97a-7455-476f-86d1-706748154c4a:c3942, 8c1a4ac2-2d71-4742-ab0b-89dcc95eb13f:c3938, c9d0001a-daad-4532-9e58-9f5f4a7ddd18:c3938]
2019-09-12 14:53:52,551 [grpc-default-executor-7] INFO  client.GrpcClientProtocolClient (GrpcClientProtocolClient.java:onNext(264)) - client-835E41B928D6->6dd5d97a-7455-476f-86d1-706748154c4a: receive RaftClientReply:client-835E41B928D6->6dd5d97a-7455-476f-86d1-706748154c4a@group-349356213E97, cid=2646, SUCCESS, logIndex=0, commits[6dd5d97a-7455-476f-86d1-706748154c4a:c3944, 8c1a4ac2-2d71-4742-ab0b-89dcc95eb13f:c3942, c9d0001a-daad-4532-9e58-9f5f4a7ddd18:c3942]
2019-09-12 14:53:52,577 [grpc-default-executor-7] INFO  client.GrpcClientProtocolClient (GrpcClientProtocolClient.java:onNext(264)) - client-835E41B928D6->6dd5d97a-7455-476f-86d1-706748154c4a: receive RaftClientReply:client-835E41B928D6->6dd5d97a-7455-476f-86d1-706748154c4a@group-349356213E97, cid=2647, SUCCESS, logIndex=3945, commits[6dd5d97a-7455-476f-86d1-706748154c4a:c3946, 8c1a4ac2-2d71-4742-ab0b-89dcc95eb13f:c3944, c9d0001a-daad-4532-9e58-9f5f4a7ddd18:c3944]
2019-09-12 14:53:52,577 [grpc-default-executor-7] INFO  client.GrpcClientProtocolClient (GrpcClientProtocolClient.java:onNext(264)) - client-835E41B928D6->6dd5d97a-7455-476f-86d1-706748154c4a: receive RaftClientReply:client-835E41B928D6->6dd5d97a-7455-476f-86d1-706748154c4a@group-349356213E97, cid=2648, SUCCESS, logIndex=3946, commits[6dd5d97a-7455-476f-86d1-706748154c4a:c3946, 8c1a4ac2-2d71-4742-ab0b-89dcc95eb13f:c3944, c9d0001a-daad-4532-9e58-9f5f4a7ddd18:c3944]
2019-09-12 14:53:52,578 [grpc-default-executor-6] INFO  client.GrpcClientProtocolClient (GrpcClientProtocolClient.java:onNext(264)) - client-835E41B928D6->6dd5d97a-7455-476f-86d1-706748154c4a: receive RaftClientReply:client-835E41B928D6->6dd5d97a-7455-476f-86d1-706748154c4a@group-349356213E97, cid=2649, SUCCESS, logIndex=3947, commits[6dd5d97a-7455-476f-86d1-706748154c4a:c3947, 8c1a4ac2-2d71-4742-ab0b-89dcc95eb13f:c3944, c9d0001a-daad-4532-9e58-9f5f4a7ddd18:c3944]
2019-09-12 14:53:52,578 [grpc-default-executor-6] INFO  client.GrpcClientProtocolClient (GrpcClientProtocolClient.java:onNext(264)) - client-835E41B928D6->6dd5d97a-7455-476f-86d1-706748154c4a: receive RaftClientReply:client-835E41B928D6->6dd5d97a-7455-476f-86d1-706748154c4a@group-349356213E97, cid=2650, SUCCESS, logIndex=3948, commits[6dd5d97a-7455-476f-86d1-706748154c4a:c3948, 8c1a4ac2-2d71-4742-ab0b-89dcc95eb13f:c3944, c9d0001a-daad-4532-9e58-9f5f4a7ddd18:c3944]
2019-09-12 14:53:52,579 [grpc-default-executor-6] INFO  client.GrpcClientProtocolClient (GrpcClientProtocolClient.java:onNext(264)) - client-835E41B928D6->6dd5d97a-7455-476f-86d1-706748154c4a: receive RaftClientReply:client-835E41B928D6->6dd5d97a-7455-476f-86d1-706748154c4a@group-349356213E97, cid=2651, SUCCESS, logIndex=0, commits[6dd5d97a-7455-476f-86d1-706748154c4a:c3950, 8c1a4ac2-2d71-4742-ab0b-89dcc95eb13f:c3946, c9d0001a-daad-4532-9e58-9f5f4a7ddd18:c3946]
2019-09-12 14:53:52,597 [grpc-default-executor-2] INFO  client.GrpcClientProtocolClient (GrpcClientProtocolClient.java:onNext(264)) - client-835E41B928D6->6dd5d97a-7455-476f-86d1-706748154c4a: receive RaftClientReply:client-835E41B928D6->6dd5d97a-7455-476f-86d1-706748154c4a@group-349356213E97, cid=2652, SUCCESS, logIndex=3953, commits[6dd5d97a-7455-476f-86d1-706748154c4a:c3954, 8c1a4ac2-2d71-4742-ab0b-89dcc95eb13f:c3952, c9d0001a-daad-4532-9e58-9f5f4a7ddd18:c3952]
2019-09-12 14:53:52,598 [grpc-default-executor-2] INFO  client.GrpcClientProtocolClient (GrpcClientProtocolClient.java:onNext(264)) - client-835E41B928D6->6dd5d97a-7455-476f-86d1-706748154c4a: receive RaftClientReply:client-835E41B928D6->6dd5d97a-7455-476f-86d1-706748154c4a@group-349356213E97, cid=2653, SUCCESS, logIndex=3954, commits[6dd5d97a-7455-476f-86d1-706748154c4a:c3954, 8c1a4ac2-2d71-4742-ab0b-89dcc95eb13f:c3952, c9d0001a-daad-4532-9e58-9f5f4a7ddd18:c3952]
2019-09-12 14:53:52,611 [grpc-default-executor-2] INFO  client.GrpcClientProtocolClient (GrpcClientProtocolClient.java:onNext(264)) - client-835E41B928D6->6dd5d97a-7455-476f-86d1-706748154c4a: receive RaftClientReply:client-835E41B928D6->6dd5d97a-7455-476f-86d1-706748154c4a@group-349356213E97, cid=2654, SUCCESS, logIndex=3957, commits[6dd5d97a-7455-476f-86d1-706748154c4a:c3958, 8c1a4ac2-2d71-4742-ab0b-89dcc95eb13f:c3954, c9d0001a-daad-4532-9e58-9f5f4a7ddd18:c3954]
2019-09-12 14:53:52,611 [grpc-default-executor-2] INFO  client.GrpcClientProtocolClient (GrpcClientProtocolClient.java:onNext(264)) - client-835E41B928D6->6dd5d97a-7455-476f-86d1-706748154c4a: receive RaftClientReply:client-835E41B928D6->6dd5d97a-7455-476f-86d1-706748154c4a@group-349356213E97, cid=2655, SUCCESS, logIndex=3958, commits[6dd5d97a-7455-476f-86d1-706748154c4a:c3958, 8c1a4ac2-2d71-4742-ab0b-89dcc95eb13f:c3954, c9d0001a-daad-4532-9e58-9f5f4a7ddd18:c3954]
2019-09-12 14:53:52,615 [grpc-default-executor-6] INFO  client.GrpcClientProtocolClient (GrpcClientProtocolClient.java:onNext(264)) - client-835E41B928D6->6dd5d97a-7455-476f-86d1-706748154c4a: receive RaftClientReply:client-835E41B928D6->6dd5d97a-7455-476f-86d1-706748154c4a@group-349356213E97, cid=2656, SUCCESS, logIndex=0, commits[6dd5d97a-7455-476f-86d1-706748154c4a:c3960, 8c1a4ac2-2d71-4742-ab0b-89dcc95eb13f:c3958, c9d0001a-daad-4532-9e58-9f5f4a7ddd18:c3958]
2019-09-12 14:53:52,634 [grpc-default-executor-2] INFO  client.GrpcClientProtocolClient (GrpcClientProtocolClient.java:onNext(264)) - client-835E41B928D6->6dd5d97a-7455-476f-86d1-706748154c4a: receive RaftClientReply:client-835E41B928D6->6dd5d97a-7455-476f-86d1-706748154c4a@group-349356213E97, cid=2657, SUCCESS, logIndex=3961, commits[6dd5d97a-7455-476f-86d1-706748154c4a:c3962, 8c1a4ac2-2d71-4742-ab0b-89dcc95eb13f:c3960, c9d0001a-daad-4532-9e58-9f5f4a7ddd18:c3960]
2019-09-12 14:53:52,635 [grpc-default-executor-2] INFO  client.GrpcClientProtocolClient (GrpcClientProtocolClient.java:onNext(264)) - client-835E41B928D6->6dd5d97a-7455-476f-86d1-706748154c4a: receive RaftClientReply:client-835E41B928D6->6dd5d97a-7455-476f-86d1-706748154c4a@group-349356213E97, cid=2658, SUCCESS, logIndex=3962, commits[6dd5d97a-7455-476f-86d1-706748154c4a:c3964, 8c1a4ac2-2d71-4742-ab0b-89dcc95eb13f:c3960, c9d0001a-daad-4532-9e58-9f5f4a7ddd18:c3960]
2019-09-12 14:53:52,635 [grpc-default-executor-2] INFO  client.GrpcClientProtocolClient (GrpcClientProtocolClient.java:onNext(264)) - client-835E41B928D6->6dd5d97a-7455-476f-86d1-706748154c4a: receive RaftClientReply:client-835E41B928D6->6dd5d97a-7455-476f-86d1-706748154c4a@group-349356213E97, cid=2659, SUCCESS, logIndex=3963, commits[6dd5d97a-7455-476f-86d1-706748154c4a:c3964, 8c1a4ac2-2d71-4742-ab0b-89dcc95eb13f:c3960, c9d0001a-daad-4532-9e58-9f5f4a7ddd18:c3960]
2019-09-12 14:53:52,635 [grpc-default-executor-2] INFO  client.GrpcClientProtocolClient (GrpcClientProtocolClient.java:onNext(264)) - client-835E41B928D6->6dd5d97a-7455-476f-86d1-706748154c4a: receive RaftClientReply:client-835E41B928D6->6dd5d97a-7455-476f-86d1-706748154c4a@group-349356213E97, cid=2660, SUCCESS, logIndex=3964, commits[6dd5d97a-7455-476f-86d1-706748154c4a:c3964, 8c1a4ac2-2d71-4742-ab0b-89dcc95eb13f:c3960, c9d0001a-daad-4532-9e58-9f5f4a7ddd18:c3960]
2019-09-12 14:53:52,640 [grpc-default-executor-2] INFO  client.GrpcClientProtocolClient (GrpcClientProtocolClient.java:onNext(264)) - client-835E41B928D6->6dd5d97a-7455-476f-86d1-706748154c4a: receive RaftClientReply:client-835E41B928D6->6dd5d97a-7455-476f-86d1-706748154c4a@group-349356213E97, cid=2661, SUCCESS, logIndex=0, commits[6dd5d97a-7455-476f-86d1-706748154c4a:c3966, 8c1a4ac2-2d71-4742-ab0b-89dcc95eb13f:c3962, c9d0001a-daad-4532-9e58-9f5f4a7ddd18:c3962]
2019-09-12 14:53:52,686 [grpc-default-executor-2] INFO  client.GrpcClientProtocolClient (GrpcClientProtocolClient.java:onNext(264)) - client-835E41B928D6->6dd5d97a-7455-476f-86d1-706748154c4a: receive RaftClientReply:client-835E41B928D6->6dd5d97a-7455-476f-86d1-706748154c4a@group-349356213E97, cid=2662, SUCCESS, logIndex=3969, commits[6dd5d97a-7455-476f-86d1-706748154c4a:c3970, 8c1a4ac2-2d71-4742-ab0b-89dcc95eb13f:c3968, c9d0001a-daad-4532-9e58-9f5f4a7ddd18:c3968]
2019-09-12 14:53:52,687 [grpc-default-executor-2] INFO  client.GrpcClientProtocolClient (GrpcClientProtocolClient.java:onNext(264)) - client-835E41B928D6->6dd5d97a-7455-476f-86d1-706748154c4a: receive RaftClientReply:client-835E41B928D6->6dd5d97a-7455-476f-86d1-706748154c4a@group-349356213E97, cid=2663, SUCCESS, logIndex=3970, commits[6dd5d97a-7455-476f-86d1-706748154c4a:c3970, 8c1a4ac2-2d71-4742-ab0b-89dcc95eb13f:c3968, c9d0001a-daad-4532-9e58-9f5f4a7ddd18:c3968]
2019-09-12 14:53:52,700 [grpc-default-executor-6] INFO  client.GrpcClientProtocolClient (GrpcClientProtocolClient.java:onNext(264)) - client-835E41B928D6->6dd5d97a-7455-476f-86d1-706748154c4a: receive RaftClientReply:client-835E41B928D6->6dd5d97a-7455-476f-86d1-706748154c4a@group-349356213E97, cid=2664, SUCCESS, logIndex=3973, commits[6dd5d97a-7455-476f-86d1-706748154c4a:c3974, 8c1a4ac2-2d71-4742-ab0b-89dcc95eb13f:c3970, c9d0001a-daad-4532-9e58-9f5f4a7ddd18:c3970]
2019-09-12 14:53:52,700 [grpc-default-executor-6] INFO  client.GrpcClientProtocolClient (GrpcClientProtocolClient.java:onNext(264)) - client-835E41B928D6->6dd5d97a-7455-476f-86d1-706748154c4a: receive RaftClientReply:client-835E41B928D6->6dd5d97a-7455-476f-86d1-706748154c4a@group-349356213E97, cid=2665, SUCCESS, logIndex=3974, commits[6dd5d97a-7455-476f-86d1-706748154c4a:c3974, 8c1a4ac2-2d71-4742-ab0b-89dcc95eb13f:c3970, c9d0001a-daad-4532-9e58-9f5f4a7ddd18:c3970]
2019-09-12 14:53:52,717 [grpc-default-executor-6] INFO  client.GrpcClientProtocolClient (GrpcClientProtocolClient.java:onNext(264)) - client-835E41B928D6->6dd5d97a-7455-476f-86d1-706748154c4a: receive RaftClientReply:client-835E41B928D6->6dd5d97a-7455-476f-86d1-706748154c4a@group-349356213E97, cid=2666, SUCCESS, logIndex=0, commits[6dd5d97a-7455-476f-86d1-706748154c4a:c3976, 8c1a4ac2-2d71-4742-ab0b-89dcc95eb13f:c3974, c9d0001a-daad-4532-9e58-9f5f4a7ddd18:c3974]
2019-09-12 14:53:52,749 [grpc-default-executor-2] INFO  client.GrpcClientProtocolClient (GrpcClientProtocolClient.java:onNext(264)) - client-835E41B928D6->6dd5d97a-7455-476f-86d1-706748154c4a: receive RaftClientReply:client-835E41B928D6->6dd5d97a-7455-476f-86d1-706748154c4a@group-349356213E97, cid=2667, SUCCESS, logIndex=3977, commits[6dd5d97a-7455-476f-86d1-706748154c4a:c3978, 8c1a4ac2-2d71-4742-ab0b-89dcc95eb13f:c3976, c9d0001a-daad-4532-9e58-9f5f4a7ddd18:c3976]
2019-09-12 14:53:52,749 [grpc-default-executor-2] INFO  client.GrpcClientProtocolClient (GrpcClientProtocolClient.java:onNext(264)) - client-835E41B928D6->6dd5d97a-7455-476f-86d1-706748154c4a: receive RaftClientReply:client-835E41B928D6->6dd5d97a-7455-476f-86d1-706748154c4a@group-349356213E97, cid=2668, SUCCESS, logIndex=3978, commits[6dd5d97a-7455-476f-86d1-706748154c4a:c3978, 8c1a4ac2-2d71-4742-ab0b-89dcc95eb13f:c3976, c9d0001a-daad-4532-9e58-9f5f4a7ddd18:c3976]
2019-09-12 14:53:52,749 [grpc-default-executor-2] INFO  client.GrpcClientProtocolClient (GrpcClientProtocolClient.java:onNext(264)) - client-835E41B928D6->6dd5d97a-7455-476f-86d1-706748154c4a: receive RaftClientReply:client-835E41B928D6->6dd5d97a-7455-476f-86d1-706748154c4a@group-349356213E97, cid=2669, SUCCESS, logIndex=3979, commits[6dd5d97a-7455-476f-86d1-706748154c4a:c3980, 8c1a4ac2-2d71-4742-ab0b-89dcc95eb13f:c3976, c9d0001a-daad-4532-9e58-9f5f4a7ddd18:c3976]
2019-09-12 14:53:52,750 [grpc-default-executor-2] INFO  client.GrpcClientProtocolClient (GrpcClientProtocolClient.java:onNext(264)) - client-835E41B928D6->6dd5d97a-7455-476f-86d1-706748154c4a: receive RaftClientReply:client-835E41B928D6->6dd5d97a-7455-476f-86d1-706748154c4a@group-349356213E97, cid=2670, SUCCESS, logIndex=3980, commits[6dd5d97a-7455-476f-86d1-706748154c4a:c3980, 8c1a4ac2-2d71-4742-ab0b-89dcc95eb13f:c3976, c9d0001a-daad-4532-9e58-9f5f4a7ddd18:c3976]
2019-09-12 14:53:52,751 [grpc-default-executor-5] INFO  client.GrpcClientProtocolClient (GrpcClientProtocolClient.java:onNext(264)) - client-835E41B928D6->6dd5d97a-7455-476f-86d1-706748154c4a: receive RaftClientReply:client-835E41B928D6->6dd5d97a-7455-476f-86d1-706748154c4a@group-349356213E97, cid=2671, SUCCESS, logIndex=0, commits[6dd5d97a-7455-476f-86d1-706748154c4a:c3982, 8c1a4ac2-2d71-4742-ab0b-89dcc95eb13f:c3978, c9d0001a-daad-4532-9e58-9f5f4a7ddd18:c3978]
2019-09-12 14:53:52,770 [grpc-default-executor-2] INFO  client.GrpcClientProtocolClient (GrpcClientProtocolClient.java:onNext(264)) - client-835E41B928D6->6dd5d97a-7455-476f-86d1-706748154c4a: receive RaftClientReply:client-835E41B928D6->6dd5d97a-7455-476f-86d1-706748154c4a@group-349356213E97, cid=2672, SUCCESS, logIndex=3985, commits[6dd5d97a-7455-476f-86d1-706748154c4a:c3986, 8c1a4ac2-2d71-4742-ab0b-89dcc95eb13f:c3984, c9d0001a-daad-4532-9e58-9f5f4a7ddd18:c3984]
2019-09-12 14:53:52,770 [grpc-default-executor-2] INFO  client.GrpcClientProtocolClient (GrpcClientProtocolClient.java:onNext(264)) - client-835E41B928D6->6dd5d97a-7455-476f-86d1-706748154c4a: receive RaftClientReply:client-835E41B928D6->6dd5d97a-7455-476f-86d1-706748154c4a@group-349356213E97, cid=2673, SUCCESS, logIndex=3986, commits[6dd5d97a-7455-476f-86d1-706748154c4a:c3986, 8c1a4ac2-2d71-4742-ab0b-89dcc95eb13f:c3984, c9d0001a-daad-4532-9e58-9f5f4a7ddd18:c3984]
2019-09-12 14:53:52,906 [grpc-default-executor-7] INFO  client.GrpcClientProtocolClient (GrpcClientProtocolClient.java:onNext(264)) - client-835E41B928D6->6dd5d97a-7455-476f-86d1-706748154c4a: receive RaftClientReply:client-835E41B928D6->6dd5d97a-7455-476f-86d1-706748154c4a@group-349356213E97, cid=2674, SUCCESS, logIndex=3989, commits[6dd5d97a-7455-476f-86d1-706748154c4a:c3990, 8c1a4ac2-2d71-4742-ab0b-89dcc95eb13f:c3987, c9d0001a-daad-4532-9e58-9f5f4a7ddd18:c3987]
2019-09-12 14:53:52,907 [grpc-default-executor-7] INFO  client.GrpcClientProtocolClient (GrpcClientProtocolClient.java:onNext(264)) - client-835E41B928D6->6dd5d97a-7455-476f-86d1-706748154c4a: receive RaftClientReply:client-835E41B928D6->6dd5d97a-7455-476f-86d1-706748154c4a@group-349356213E97, cid=2675, SUCCESS, logIndex=3990, commits[6dd5d97a-7455-476f-86d1-706748154c4a:c3990, 8c1a4ac2-2d71-4742-ab0b-89dcc95eb13f:c3987, c9d0001a-daad-4532-9e58-9f5f4a7ddd18:c3987]
2019-09-12 14:53:52,920 [grpc-default-executor-7] INFO  client.GrpcClientProtocolClient (GrpcClientProtocolClient.java:onNext(264)) - client-835E41B928D6->6dd5d97a-7455-476f-86d1-706748154c4a: receive RaftClientReply:client-835E41B928D6->6dd5d97a-7455-476f-86d1-706748154c4a@group-349356213E97, cid=2676, SUCCESS, logIndex=0, commits[6dd5d97a-7455-476f-86d1-706748154c4a:c3992, 8c1a4ac2-2d71-4742-ab0b-89dcc95eb13f:c3990, c9d0001a-daad-4532-9e58-9f5f4a7ddd18:c3990]
2019-09-12 14:53:52,955 [grpc-default-executor-7] INFO  client.GrpcClientProtocolClient (GrpcClientProtocolClient.java:onNext(264)) - client-835E41B928D6->6dd5d97a-7455-476f-86d1-706748154c4a: receive RaftClientReply:client-835E41B928D6->6dd5d97a-7455-476f-86d1-706748154c4a@group-349356213E97, cid=2677, SUCCESS, logIndex=3993, commits[6dd5d97a-7455-476f-86d1-706748154c4a:c3994, 8c1a4ac2-2d71-4742-ab0b-89dcc95eb13f:c3992, c9d0001a-daad-4532-9e58-9f5f4a7ddd18:c3992]
2019-09-12 14:53:52,955 [grpc-default-executor-7] INFO  client.GrpcClientProtocolClient (GrpcClientProtocolClient.java:onNext(264)) - client-835E41B928D6->6dd5d97a-7455-476f-86d1-706748154c4a: receive RaftClientReply:client-835E41B928D6->6dd5d97a-7455-476f-86d1-706748154c4a@group-349356213E97, cid=2678, SUCCESS, logIndex=3994, commits[6dd5d97a-7455-476f-86d1-706748154c4a:c3995, 8c1a4ac2-2d71-4742-ab0b-89dcc95eb13f:c3992, c9d0001a-daad-4532-9e58-9f5f4a7ddd18:c3992]
2019-09-12 14:53:52,956 [grpc-default-executor-5] INFO  client.GrpcClientProtocolClient (GrpcClientProtocolClient.java:onNext(264)) - client-835E41B928D6->6dd5d97a-7455-476f-86d1-706748154c4a: receive RaftClientReply:client-835E41B928D6->6dd5d97a-7455-476f-86d1-706748154c4a@group-349356213E97, cid=2679, SUCCESS, logIndex=3995, commits[6dd5d97a-7455-476f-86d1-706748154c4a:c3996, 8c1a4ac2-2d71-4742-ab0b-89dcc95eb13f:c3992, c9d0001a-daad-4532-9e58-9f5f4a7ddd18:c3992]
2019-09-12 14:53:52,956 [grpc-default-executor-5] INFO  client.GrpcClientProtocolClient (GrpcClientProtocolClient.java:onNext(264)) - client-835E41B928D6->6dd5d97a-7455-476f-86d1-706748154c4a: receive RaftClientReply:client-835E41B928D6->6dd5d97a-7455-476f-86d1-706748154c4a@group-349356213E97, cid=2680, SUCCESS, logIndex=3996, commits[6dd5d97a-7455-476f-86d1-706748154c4a:c3996, 8c1a4ac2-2d71-4742-ab0b-89dcc95eb13f:c3992, c9d0001a-daad-4532-9e58-9f5f4a7ddd18:c3992]
2019-09-12 14:53:52,957 [grpc-default-executor-5] INFO  client.GrpcClientProtocolClient (GrpcClientProtocolClient.java:onNext(264)) - client-835E41B928D6->6dd5d97a-7455-476f-86d1-706748154c4a: receive RaftClientReply:client-835E41B928D6->6dd5d97a-7455-476f-86d1-706748154c4a@group-349356213E97, cid=2681, SUCCESS, logIndex=0, commits[6dd5d97a-7455-476f-86d1-706748154c4a:c3998, 8c1a4ac2-2d71-4742-ab0b-89dcc95eb13f:c3994, c9d0001a-daad-4532-9e58-9f5f4a7ddd18:c3994]
2019-09-12 14:53:52,976 [grpc-default-executor-7] INFO  client.GrpcClientProtocolClient (GrpcClientProtocolClient.java:onNext(264)) - client-835E41B928D6->6dd5d97a-7455-476f-86d1-706748154c4a: receive RaftClientReply:client-835E41B928D6->6dd5d97a-7455-476f-86d1-706748154c4a@group-349356213E97, cid=2682, SUCCESS, logIndex=4001, commits[6dd5d97a-7455-476f-86d1-706748154c4a:c4002, 8c1a4ac2-2d71-4742-ab0b-89dcc95eb13f:c4000, c9d0001a-daad-4532-9e58-9f5f4a7ddd18:c4000]
2019-09-12 14:53:52,977 [grpc-default-executor-7] INFO  client.GrpcClientProtocolClient (GrpcClientProtocolClient.java:onNext(264)) - client-835E41B928D6->6dd5d97a-7455-476f-86d1-706748154c4a: receive RaftClientReply:client-835E41B928D6->6dd5d97a-7455-476f-86d1-706748154c4a@group-349356213E97, cid=2683, SUCCESS, logIndex=4002, commits[6dd5d97a-7455-476f-86d1-706748154c4a:c4002, 8c1a4ac2-2d71-4742-ab0b-89dcc95eb13f:c4000, c9d0001a-daad-4532-9e58-9f5f4a7ddd18:c4000]
2019-09-12 14:53:52,990 [grpc-default-executor-7] INFO  client.GrpcClientProtocolClient (GrpcClientProtocolClient.java:onNext(264)) - client-835E41B928D6->6dd5d97a-7455-476f-86d1-706748154c4a: receive RaftClientReply:client-835E41B928D6->6dd5d97a-7455-476f-86d1-706748154c4a@group-349356213E97, cid=2684, SUCCESS, logIndex=4005, commits[6dd5d97a-7455-476f-86d1-706748154c4a:c4006, 8c1a4ac2-2d71-4742-ab0b-89dcc95eb13f:c4002, c9d0001a-daad-4532-9e58-9f5f4a7ddd18:c4002]
2019-09-12 14:53:52,990 [grpc-default-executor-7] INFO  client.GrpcClientProtocolClient (GrpcClientProtocolClient.java:onNext(264)) - client-835E41B928D6->6dd5d97a-7455-476f-86d1-706748154c4a: receive RaftClientReply:client-835E41B928D6->6dd5d97a-7455-476f-86d1-706748154c4a@group-349356213E97, cid=2685, SUCCESS, logIndex=4006, commits[6dd5d97a-7455-476f-86d1-706748154c4a:c4006, 8c1a4ac2-2d71-4742-ab0b-89dcc95eb13f:c4002, c9d0001a-daad-4532-9e58-9f5f4a7ddd18:c4002]
2019-09-12 14:53:53,004 [grpc-default-executor-7] INFO  client.GrpcClientProtocolClient (GrpcClientProtocolClient.java:onNext(264)) - client-835E41B928D6->6dd5d97a-7455-476f-86d1-706748154c4a: receive RaftClientReply:client-835E41B928D6->6dd5d97a-7455-476f-86d1-706748154c4a@group-349356213E97, cid=2686, SUCCESS, logIndex=0, commits[6dd5d97a-7455-476f-86d1-706748154c4a:c4008, 8c1a4ac2-2d71-4742-ab0b-89dcc95eb13f:c4006, c9d0001a-daad-4532-9e58-9f5f4a7ddd18:c4006]
2019-09-12 14:53:53,032 [grpc-default-executor-2] INFO  client.GrpcClientProtocolClient (GrpcClientProtocolClient.java:onNext(264)) - client-835E41B928D6->6dd5d97a-7455-476f-86d1-706748154c4a: receive RaftClientReply:client-835E41B928D6->6dd5d97a-7455-476f-86d1-706748154c4a@group-349356213E97, cid=2687, SUCCESS, logIndex=4009, commits[6dd5d97a-7455-476f-86d1-706748154c4a:c4010, 8c1a4ac2-2d71-4742-ab0b-89dcc95eb13f:c4006, c9d0001a-daad-4532-9e58-9f5f4a7ddd18:c4008]
2019-09-12 14:53:53,033 [grpc-default-executor-2] INFO  client.GrpcClientProtocolClient (GrpcClientProtocolClient.java:onNext(264)) - client-835E41B928D6->6dd5d97a-7455-476f-86d1-706748154c4a: receive RaftClientReply:client-835E41B928D6->6dd5d97a-7455-476f-86d1-706748154c4a@group-349356213E97, cid=2688, SUCCESS, logIndex=4010, commits[6dd5d97a-7455-476f-86d1-706748154c4a:c4012, 8c1a4ac2-2d71-4742-ab0b-89dcc95eb13f:c4008, c9d0001a-daad-4532-9e58-9f5f4a7ddd18:c4008]
2019-09-12 14:53:53,033 [grpc-default-executor-2] INFO  client.GrpcClientProtocolClient (GrpcClientProtocolClient.java:onNext(264)) - client-835E41B928D6->6dd5d97a-7455-476f-86d1-706748154c4a: receive RaftClientReply:client-835E41B928D6->6dd5d97a-7455-476f-86d1-706748154c4a@group-349356213E97, cid=2689, SUCCESS, logIndex=4011, commits[6dd5d97a-7455-476f-86d1-706748154c4a:c4012, 8c1a4ac2-2d71-4742-ab0b-89dcc95eb13f:c4008, c9d0001a-daad-4532-9e58-9f5f4a7ddd18:c4008]
2019-09-12 14:53:53,033 [grpc-default-executor-2] INFO  client.GrpcClientProtocolClient (GrpcClientProtocolClient.java:onNext(264)) - client-835E41B928D6->6dd5d97a-7455-476f-86d1-706748154c4a: receive RaftClientReply:client-835E41B928D6->6dd5d97a-7455-476f-86d1-706748154c4a@group-349356213E97, cid=2690, SUCCESS, logIndex=4012, commits[6dd5d97a-7455-476f-86d1-706748154c4a:c4012, 8c1a4ac2-2d71-4742-ab0b-89dcc95eb13f:c4008, c9d0001a-daad-4532-9e58-9f5f4a7ddd18:c4008]
2019-09-12 14:53:53,046 [grpc-default-executor-2] INFO  client.GrpcClientProtocolClient (GrpcClientProtocolClient.java:onNext(264)) - client-835E41B928D6->6dd5d97a-7455-476f-86d1-706748154c4a: receive RaftClientReply:client-835E41B928D6->6dd5d97a-7455-476f-86d1-706748154c4a@group-349356213E97, cid=2691, SUCCESS, logIndex=0, commits[6dd5d97a-7455-476f-86d1-706748154c4a:c4013, 8c1a4ac2-2d71-4742-ab0b-89dcc95eb13f:c4010, c9d0001a-daad-4532-9e58-9f5f4a7ddd18:c4010]
2019-09-12 14:53:53,064 [grpc-default-executor-2] INFO  client.GrpcClientProtocolClient (GrpcClientProtocolClient.java:onNext(264)) - client-835E41B928D6->6dd5d97a-7455-476f-86d1-706748154c4a: receive RaftClientReply:client-835E41B928D6->6dd5d97a-7455-476f-86d1-706748154c4a@group-349356213E97, cid=2692, SUCCESS, logIndex=4017, commits[6dd5d97a-7455-476f-86d1-706748154c4a:c4018, 8c1a4ac2-2d71-4742-ab0b-89dcc95eb13f:c4016, c9d0001a-daad-4532-9e58-9f5f4a7ddd18:c4016]
2019-09-12 14:53:53,064 [grpc-default-executor-2] INFO  client.GrpcClientProtocolClient (GrpcClientProtocolClient.java:onNext(264)) - client-835E41B928D6->6dd5d97a-7455-476f-86d1-706748154c4a: receive RaftClientReply:client-835E41B928D6->6dd5d97a-7455-476f-86d1-706748154c4a@group-349356213E97, cid=2693, SUCCESS, logIndex=4018, commits[6dd5d97a-7455-476f-86d1-706748154c4a:c4018, 8c1a4ac2-2d71-4742-ab0b-89dcc95eb13f:c4016, c9d0001a-daad-4532-9e58-9f5f4a7ddd18:c4016]
2019-09-12 14:53:53,079 [grpc-default-executor-5] INFO  client.GrpcClientProtocolClient (GrpcClientProtocolClient.java:onNext(264)) - client-835E41B928D6->6dd5d97a-7455-476f-86d1-706748154c4a: receive RaftClientReply:client-835E41B928D6->6dd5d97a-7455-476f-86d1-706748154c4a@group-349356213E97, cid=2694, SUCCESS, logIndex=4021, commits[6dd5d97a-7455-476f-86d1-706748154c4a:c4022, 8c1a4ac2-2d71-4742-ab0b-89dcc95eb13f:c4018, c9d0001a-daad-4532-9e58-9f5f4a7ddd18:c4018]
2019-09-12 14:53:53,079 [grpc-default-executor-5] INFO  client.GrpcClientProtocolClient (GrpcClientProtocolClient.java:onNext(264)) - client-835E41B928D6->6dd5d97a-7455-476f-86d1-706748154c4a: receive RaftClientReply:client-835E41B928D6->6dd5d97a-7455-476f-86d1-706748154c4a@group-349356213E97, cid=2695, SUCCESS, logIndex=4022, commits[6dd5d97a-7455-476f-86d1-706748154c4a:c4022, 8c1a4ac2-2d71-4742-ab0b-89dcc95eb13f:c4018, c9d0001a-daad-4532-9e58-9f5f4a7ddd18:c4018]
2019-09-12 14:53:53,093 [grpc-default-executor-5] INFO  client.GrpcClientProtocolClient (GrpcClientProtocolClient.java:onNext(264)) - client-835E41B928D6->6dd5d97a-7455-476f-86d1-706748154c4a: receive RaftClientReply:client-835E41B928D6->6dd5d97a-7455-476f-86d1-706748154c4a@group-349356213E97, cid=2696, SUCCESS, logIndex=0, commits[6dd5d97a-7455-476f-86d1-706748154c4a:c4024, 8c1a4ac2-2d71-4742-ab0b-89dcc95eb13f:c4022, c9d0001a-daad-4532-9e58-9f5f4a7ddd18:c4022]
2019-09-12 14:53:53,126 [grpc-default-executor-2] INFO  client.GrpcClientProtocolClient (GrpcClientProtocolClient.java:onNext(264)) - client-835E41B928D6->6dd5d97a-7455-476f-86d1-706748154c4a: receive RaftClientReply:client-835E41B928D6->6dd5d97a-7455-476f-86d1-706748154c4a@group-349356213E97, cid=2697, SUCCESS, logIndex=4025, commits[6dd5d97a-7455-476f-86d1-706748154c4a:c4026, 8c1a4ac2-2d71-4742-ab0b-89dcc95eb13f:c4024, c9d0001a-daad-4532-9e58-9f5f4a7ddd18:c4024]
2019-09-12 14:53:53,126 [grpc-default-executor-7] INFO  client.GrpcClientProtocolClient (GrpcClientProtocolClient.java:onNext(264)) - client-835E41B928D6->6dd5d97a-7455-476f-86d1-706748154c4a: receive RaftClientReply:client-835E41B928D6->6dd5d97a-7455-476f-86d1-706748154c4a@group-349356213E97, cid=2698, SUCCESS, logIndex=4026, commits[6dd5d97a-7455-476f-86d1-706748154c4a:c4026, 8c1a4ac2-2d71-4742-ab0b-89dcc95eb13f:c4024, c9d0001a-daad-4532-9e58-9f5f4a7ddd18:c4024]
2019-09-12 14:53:53,127 [grpc-default-executor-7] INFO  client.GrpcClientProtocolClient (GrpcClientProtocolClient.java:onNext(264)) - client-835E41B928D6->6dd5d97a-7455-476f-86d1-706748154c4a: receive RaftClientReply:client-835E41B928D6->6dd5d97a-7455-476f-86d1-706748154c4a@group-349356213E97, cid=2699, SUCCESS, logIndex=4027, commits[6dd5d97a-7455-476f-86d1-706748154c4a:c4028, 8c1a4ac2-2d71-4742-ab0b-89dcc95eb13f:c4024, c9d0001a-daad-4532-9e58-9f5f4a7ddd18:c4024]
2019-09-12 14:53:53,127 [grpc-default-executor-2] INFO  client.GrpcClientProtocolClient (GrpcClientProtocolClient.java:onNext(264)) - client-835E41B928D6->6dd5d97a-7455-476f-86d1-706748154c4a: receive RaftClientReply:client-835E41B928D6->6dd5d97a-7455-476f-86d1-706748154c4a@group-349356213E97, cid=2700, SUCCESS, logIndex=4028, commits[6dd5d97a-7455-476f-86d1-706748154c4a:c4028, 8c1a4ac2-2d71-4742-ab0b-89dcc95eb13f:c4024, c9d0001a-daad-4532-9e58-9f5f4a7ddd18:c4024]
2019-09-12 14:53:53,129 [grpc-default-executor-2] INFO  client.GrpcClientProtocolClient (GrpcClientProtocolClient.java:onNext(264)) - client-835E41B928D6->6dd5d97a-7455-476f-86d1-706748154c4a: receive RaftClientReply:client-835E41B928D6->6dd5d97a-7455-476f-86d1-706748154c4a@group-349356213E97, cid=2701, SUCCESS, logIndex=0, commits[6dd5d97a-7455-476f-86d1-706748154c4a:c4030, 8c1a4ac2-2d71-4742-ab0b-89dcc95eb13f:c4026, c9d0001a-daad-4532-9e58-9f5f4a7ddd18:c4026]
2019-09-12 14:53:53,140 [grpc-default-executor-2] INFO  client.GrpcClientProtocolClient (GrpcClientProtocolClient.java:onNext(264)) - client-835E41B928D6->6dd5d97a-7455-476f-86d1-706748154c4a: receive RaftClientReply:client-835E41B928D6->6dd5d97a-7455-476f-86d1-706748154c4a@group-349356213E97, cid=2702, SUCCESS, logIndex=4033, commits[6dd5d97a-7455-476f-86d1-706748154c4a:c4034, 8c1a4ac2-2d71-4742-ab0b-89dcc95eb13f:c4028, c9d0001a-daad-4532-9e58-9f5f4a7ddd18:c4032]
2019-09-12 14:53:53,141 [grpc-default-executor-2] INFO  client.GrpcClientProtocolClient (GrpcClientProtocolClient.java:onNext(264)) - client-835E41B928D6->6dd5d97a-7455-476f-86d1-706748154c4a: receive RaftClientReply:client-835E41B928D6->6dd5d97a-7455-476f-86d1-706748154c4a@group-349356213E97, cid=2703, SUCCESS, logIndex=4034, commits[6dd5d97a-7455-476f-86d1-706748154c4a:c4034, 8c1a4ac2-2d71-4742-ab0b-89dcc95eb13f:c4032, c9d0001a-daad-4532-9e58-9f5f4a7ddd18:c4032]
2019-09-12 14:53:53,150 [grpc-default-executor-5] INFO  client.GrpcClientProtocolClient (GrpcClientProtocolClient.java:onNext(264)) - client-835E41B928D6->6dd5d97a-7455-476f-86d1-706748154c4a: receive RaftClientReply:client-835E41B928D6->6dd5d97a-7455-476f-86d1-706748154c4a@group-349356213E97, cid=2704, SUCCESS, logIndex=4037, commits[6dd5d97a-7455-476f-86d1-706748154c4a:c4038, 8c1a4ac2-2d71-4742-ab0b-89dcc95eb13f:c4034, c9d0001a-daad-4532-9e58-9f5f4a7ddd18:c4036]
2019-09-12 14:53:53,151 [grpc-default-executor-5] INFO  client.GrpcClientProtocolClient (GrpcClientProtocolClient.java:onNext(264)) - client-835E41B928D6->6dd5d97a-7455-476f-86d1-706748154c4a: receive RaftClientReply:client-835E41B928D6->6dd5d97a-7455-476f-86d1-706748154c4a@group-349356213E97, cid=2705, SUCCESS, logIndex=4038, commits[6dd5d97a-7455-476f-86d1-706748154c4a:c4038, 8c1a4ac2-2d71-4742-ab0b-89dcc95eb13f:c4036, c9d0001a-daad-4532-9e58-9f5f4a7ddd18:c4036]
2019-09-12 14:53:53,152 [grpc-default-executor-5] INFO  client.GrpcClientProtocolClient (GrpcClientProtocolClient.java:onNext(264)) - client-835E41B928D6->6dd5d97a-7455-476f-86d1-706748154c4a: receive RaftClientReply:client-835E41B928D6->6dd5d97a-7455-476f-86d1-706748154c4a@group-349356213E97, cid=2706, SUCCESS, logIndex=0, commits[6dd5d97a-7455-476f-86d1-706748154c4a:c4039, 8c1a4ac2-2d71-4742-ab0b-89dcc95eb13f:c4038, c9d0001a-daad-4532-9e58-9f5f4a7ddd18:c4038]
2019-09-12 14:53:53,171 [grpc-default-executor-2] INFO  client.GrpcClientProtocolClient (GrpcClientProtocolClient.java:onNext(264)) - client-835E41B928D6->6dd5d97a-7455-476f-86d1-706748154c4a: receive RaftClientReply:client-835E41B928D6->6dd5d97a-7455-476f-86d1-706748154c4a@group-349356213E97, cid=2707, SUCCESS, logIndex=4041, commits[6dd5d97a-7455-476f-86d1-706748154c4a:c4042, 8c1a4ac2-2d71-4742-ab0b-89dcc95eb13f:c4040, c9d0001a-daad-4532-9e58-9f5f4a7ddd18:c4038]
2019-09-12 14:53:53,171 [grpc-default-executor-2] INFO  client.GrpcClientProtocolClient (GrpcClientProtocolClient.java:onNext(264)) - client-835E41B928D6->6dd5d97a-7455-476f-86d1-706748154c4a: receive RaftClientReply:client-835E41B928D6->6dd5d97a-7455-476f-86d1-706748154c4a@group-349356213E97, cid=2708, SUCCESS, logIndex=4042, commits[6dd5d97a-7455-476f-86d1-706748154c4a:c4044, 8c1a4ac2-2d71-4742-ab0b-89dcc95eb13f:c4040, c9d0001a-daad-4532-9e58-9f5f4a7ddd18:c4040]
2019-09-12 14:53:53,172 [grpc-default-executor-2] INFO  client.GrpcClientProtocolClient (GrpcClientProtocolClient.java:onNext(264)) - client-835E41B928D6->6dd5d97a-7455-476f-86d1-706748154c4a: receive RaftClientReply:client-835E41B928D6->6dd5d97a-7455-476f-86d1-706748154c4a@group-349356213E97, cid=2709, SUCCESS, logIndex=4043, commits[6dd5d97a-7455-476f-86d1-706748154c4a:c4044, 8c1a4ac2-2d71-4742-ab0b-89dcc95eb13f:c4040, c9d0001a-daad-4532-9e58-9f5f4a7ddd18:c4040]
2019-09-12 14:53:53,172 [grpc-default-executor-2] INFO  client.GrpcClientProtocolClient (GrpcClientProtocolClient.java:onNext(264)) - client-835E41B928D6->6dd5d97a-7455-476f-86d1-706748154c4a: receive RaftClientReply:client-835E41B928D6->6dd5d97a-7455-476f-86d1-706748154c4a@group-349356213E97, cid=2710, SUCCESS, logIndex=4044, commits[6dd5d97a-7455-476f-86d1-706748154c4a:c4044, 8c1a4ac2-2d71-4742-ab0b-89dcc95eb13f:c4040, c9d0001a-daad-4532-9e58-9f5f4a7ddd18:c4040]
2019-09-12 14:53:53,174 [grpc-default-executor-2] INFO  client.GrpcClientProtocolClient (GrpcClientProtocolClient.java:onNext(264)) - client-835E41B928D6->6dd5d97a-7455-476f-86d1-706748154c4a: receive RaftClientReply:client-835E41B928D6->6dd5d97a-7455-476f-86d1-706748154c4a@group-349356213E97, cid=2711, SUCCESS, logIndex=0, commits[6dd5d97a-7455-476f-86d1-706748154c4a:c4045, 8c1a4ac2-2d71-4742-ab0b-89dcc95eb13f:c4042, c9d0001a-daad-4532-9e58-9f5f4a7ddd18:c4042]
2019-09-12 14:53:53,211 [grpc-default-executor-7] INFO  client.GrpcClientProtocolClient (GrpcClientProtocolClient.java:onNext(264)) - client-835E41B928D6->6dd5d97a-7455-476f-86d1-706748154c4a: receive RaftClientReply:client-835E41B928D6->6dd5d97a-7455-476f-86d1-706748154c4a@group-349356213E97, cid=2712, SUCCESS, logIndex=4049, commits[6dd5d97a-7455-476f-86d1-706748154c4a:c4050, 8c1a4ac2-2d71-4742-ab0b-89dcc95eb13f:c4044, c9d0001a-daad-4532-9e58-9f5f4a7ddd18:c4048]
2019-09-12 14:53:53,211 [grpc-default-executor-7] INFO  client.GrpcClientProtocolClient (GrpcClientProtocolClient.java:onNext(264)) - client-835E41B928D6->6dd5d97a-7455-476f-86d1-706748154c4a: receive RaftClientReply:client-835E41B928D6->6dd5d97a-7455-476f-86d1-706748154c4a@group-349356213E97, cid=2713, SUCCESS, logIndex=4050, commits[6dd5d97a-7455-476f-86d1-706748154c4a:c4050, 8c1a4ac2-2d71-4742-ab0b-89dcc95eb13f:c4048, c9d0001a-daad-4532-9e58-9f5f4a7ddd18:c4048]
2019-09-12 14:53:53,233 [grpc-default-executor-7] INFO  client.GrpcClientProtocolClient (GrpcClientProtocolClient.java:onNext(264)) - client-835E41B928D6->6dd5d97a-7455-476f-86d1-706748154c4a: receive RaftClientReply:client-835E41B928D6->6dd5d97a-7455-476f-86d1-706748154c4a@group-349356213E97, cid=2714, SUCCESS, logIndex=4052, commits[6dd5d97a-7455-476f-86d1-706748154c4a:c4053, 8c1a4ac2-2d71-4742-ab0b-89dcc95eb13f:c4051, c9d0001a-daad-4532-9e58-9f5f4a7ddd18:c4051]
2019-09-12 14:53:53,234 [grpc-default-executor-7] INFO  client.GrpcClientProtocolClient (GrpcClientProtocolClient.java:onNext(264)) - client-835E41B928D6->6dd5d97a-7455-476f-86d1-706748154c4a: receive RaftClientReply:client-835E41B928D6->6dd5d97a-7455-476f-86d1-706748154c4a@group-349356213E97, cid=2715, SUCCESS, logIndex=4053, commits[6dd5d97a-7455-476f-86d1-706748154c4a:c4053, 8c1a4ac2-2d71-4742-ab0b-89dcc95eb13f:c4051, c9d0001a-daad-4532-9e58-9f5f4a7ddd18:c4051]
2019-09-12 14:53:53,288 [grpc-default-executor-5] INFO  client.GrpcClientProtocolClient (GrpcClientProtocolClient.java:onNext(264)) - client-835E41B928D6->6dd5d97a-7455-476f-86d1-706748154c4a: receive RaftClientReply:client-835E41B928D6->6dd5d97a-7455-476f-86d1-706748154c4a@group-349356213E97, cid=2716, SUCCESS, logIndex=0, commits[6dd5d97a-7455-476f-86d1-706748154c4a:c4055, 8c1a4ac2-2d71-4742-ab0b-89dcc95eb13f:c4053, c9d0001a-daad-4532-9e58-9f5f4a7ddd18:c4053]
2019-09-12 14:53:53,320 [grpc-default-executor-2] INFO  client.GrpcClientProtocolClient (GrpcClientProtocolClient.java:onNext(264)) - client-835E41B928D6->6dd5d97a-7455-476f-86d1-706748154c4a: receive RaftClientReply:client-835E41B928D6->6dd5d97a-7455-476f-86d1-706748154c4a@group-349356213E97, cid=2717, SUCCESS, logIndex=4056, commits[6dd5d97a-7455-476f-86d1-706748154c4a:c4058, 8c1a4ac2-2d71-4742-ab0b-89dcc95eb13f:c4055, c9d0001a-daad-4532-9e58-9f5f4a7ddd18:c4055]
2019-09-12 14:53:53,321 [grpc-default-executor-2] INFO  client.GrpcClientProtocolClient (GrpcClientProtocolClient.java:onNext(264)) - client-835E41B928D6->6dd5d97a-7455-476f-86d1-706748154c4a: receive RaftClientReply:client-835E41B928D6->6dd5d97a-7455-476f-86d1-706748154c4a@group-349356213E97, cid=2718, SUCCESS, logIndex=4057, commits[6dd5d97a-7455-476f-86d1-706748154c4a:c4059, 8c1a4ac2-2d71-4742-ab0b-89dcc95eb13f:c4055, c9d0001a-daad-4532-9e58-9f5f4a7ddd18:c4055]
2019-09-12 14:53:53,321 [grpc-default-executor-2] INFO  client.GrpcClientProtocolClient (GrpcClientProtocolClient.java:onNext(264)) - client-835E41B928D6->6dd5d97a-7455-476f-86d1-706748154c4a: receive RaftClientReply:client-835E41B928D6->6dd5d97a-7455-476f-86d1-706748154c4a@group-349356213E97, cid=2719, SUCCESS, logIndex=4058, commits[6dd5d97a-7455-476f-86d1-706748154c4a:c4059, 8c1a4ac2-2d71-4742-ab0b-89dcc95eb13f:c4055, c9d0001a-daad-4532-9e58-9f5f4a7ddd18:c4055]
2019-09-12 14:53:53,321 [grpc-default-executor-2] INFO  client.GrpcClientProtocolClient (GrpcClientProtocolClient.java:onNext(264)) - client-835E41B928D6->6dd5d97a-7455-476f-86d1-706748154c4a: receive RaftClientReply:client-835E41B928D6->6dd5d97a-7455-476f-86d1-706748154c4a@group-349356213E97, cid=2720, SUCCESS, logIndex=4059, commits[6dd5d97a-7455-476f-86d1-706748154c4a:c4059, 8c1a4ac2-2d71-4742-ab0b-89dcc95eb13f:c4055, c9d0001a-daad-4532-9e58-9f5f4a7ddd18:c4055]
2019-09-12 14:53:53,322 [grpc-default-executor-2] INFO  client.GrpcClientProtocolClient (GrpcClientProtocolClient.java:onNext(264)) - client-835E41B928D6->6dd5d97a-7455-476f-86d1-706748154c4a: receive RaftClientReply:client-835E41B928D6->6dd5d97a-7455-476f-86d1-706748154c4a@group-349356213E97, cid=2721, SUCCESS, logIndex=0, commits[6dd5d97a-7455-476f-86d1-706748154c4a:c4061, 8c1a4ac2-2d71-4742-ab0b-89dcc95eb13f:c4057, c9d0001a-daad-4532-9e58-9f5f4a7ddd18:c4057]
2019-09-12 14:53:53,341 [grpc-default-executor-7] INFO  client.GrpcClientProtocolClient (GrpcClientProtocolClient.java:onNext(264)) - client-835E41B928D6->6dd5d97a-7455-476f-86d1-706748154c4a: receive RaftClientReply:client-835E41B928D6->6dd5d97a-7455-476f-86d1-706748154c4a@group-349356213E97, cid=2722, SUCCESS, logIndex=4064, commits[6dd5d97a-7455-476f-86d1-706748154c4a:c4065, 8c1a4ac2-2d71-4742-ab0b-89dcc95eb13f:c4063, c9d0001a-daad-4532-9e58-9f5f4a7ddd18:c4063]
2019-09-12 14:53:53,341 [grpc-default-executor-7] INFO  client.GrpcClientProtocolClient (GrpcClientProtocolClient.java:onNext(264)) - client-835E41B928D6->6dd5d97a-7455-476f-86d1-706748154c4a: receive RaftClientReply:client-835E41B928D6->6dd5d97a-7455-476f-86d1-706748154c4a@group-349356213E97, cid=2723, SUCCESS, logIndex=4065, commits[6dd5d97a-7455-476f-86d1-706748154c4a:c4065, 8c1a4ac2-2d71-4742-ab0b-89dcc95eb13f:c4063, c9d0001a-daad-4532-9e58-9f5f4a7ddd18:c4063]
2019-09-12 14:53:53,354 [grpc-default-executor-5] INFO  client.GrpcClientProtocolClient (GrpcClientProtocolClient.java:onNext(264)) - client-835E41B928D6->6dd5d97a-7455-476f-86d1-706748154c4a: receive RaftClientReply:client-835E41B928D6->6dd5d97a-7455-476f-86d1-706748154c4a@group-349356213E97, cid=2724, SUCCESS, logIndex=4068, commits[6dd5d97a-7455-476f-86d1-706748154c4a:c4069, 8c1a4ac2-2d71-4742-ab0b-89dcc95eb13f:c4065, c9d0001a-daad-4532-9e58-9f5f4a7ddd18:c4065]
2019-09-12 14:53:53,354 [grpc-default-executor-5] INFO  client.GrpcClientProtocolClient (GrpcClientProtocolClient.java:onNext(264)) - client-835E41B928D6->6dd5d97a-7455-476f-86d1-706748154c4a: receive RaftClientReply:client-835E41B928D6->6dd5d97a-7455-476f-86d1-706748154c4a@group-349356213E97, cid=2725, SUCCESS, logIndex=4069, commits[6dd5d97a-7455-476f-86d1-706748154c4a:c4069, 8c1a4ac2-2d71-4742-ab0b-89dcc95eb13f:c4065, c9d0001a-daad-4532-9e58-9f5f4a7ddd18:c4065]
2019-09-12 14:53:53,365 [grpc-default-executor-5] INFO  client.GrpcClientProtocolClient (GrpcClientProtocolClient.java:onNext(264)) - client-835E41B928D6->6dd5d97a-7455-476f-86d1-706748154c4a: receive RaftClientReply:client-835E41B928D6->6dd5d97a-7455-476f-86d1-706748154c4a@group-349356213E97, cid=2726, SUCCESS, logIndex=0, commits[6dd5d97a-7455-476f-86d1-706748154c4a:c4070, 8c1a4ac2-2d71-4742-ab0b-89dcc95eb13f:c4069, c9d0001a-daad-4532-9e58-9f5f4a7ddd18:c4069]
2019-09-12 14:53:53,391 [grpc-default-executor-6] INFO  client.GrpcClientProtocolClient (GrpcClientProtocolClient.java:onNext(264)) - client-835E41B928D6->6dd5d97a-7455-476f-86d1-706748154c4a: receive RaftClientReply:client-835E41B928D6->6dd5d97a-7455-476f-86d1-706748154c4a@group-349356213E97, cid=2727, SUCCESS, logIndex=4072, commits[6dd5d97a-7455-476f-86d1-706748154c4a:c4073, 8c1a4ac2-2d71-4742-ab0b-89dcc95eb13f:c4071, c9d0001a-daad-4532-9e58-9f5f4a7ddd18:c4071]
2019-09-12 14:53:53,392 [grpc-default-executor-6] INFO  client.GrpcClientProtocolClient (GrpcClientProtocolClient.java:onNext(264)) - client-835E41B928D6->6dd5d97a-7455-476f-86d1-706748154c4a: receive RaftClientReply:client-835E41B928D6->6dd5d97a-7455-476f-86d1-706748154c4a@group-349356213E97, cid=2728, SUCCESS, logIndex=4073, commits[6dd5d97a-7455-476f-86d1-706748154c4a:c4075, 8c1a4ac2-2d71-4742-ab0b-89dcc95eb13f:c4071, c9d0001a-daad-4532-9e58-9f5f4a7ddd18:c4071]
2019-09-12 14:53:53,392 [grpc-default-executor-6] INFO  client.GrpcClientProtocolClient (GrpcClientProtocolClient.java:onNext(264)) - client-835E41B928D6->6dd5d97a-7455-476f-86d1-706748154c4a: receive RaftClientReply:client-835E41B928D6->6dd5d97a-7455-476f-86d1-706748154c4a@group-349356213E97, cid=2729, SUCCESS, logIndex=4074, commits[6dd5d97a-7455-476f-86d1-706748154c4a:c4075, 8c1a4ac2-2d71-4742-ab0b-89dcc95eb13f:c4071, c9d0001a-daad-4532-9e58-9f5f4a7ddd18:c4071]
2019-09-12 14:53:53,392 [grpc-default-executor-6] INFO  client.GrpcClientProtocolClient (GrpcClientProtocolClient.java:onNext(264)) - client-835E41B928D6->6dd5d97a-7455-476f-86d1-706748154c4a: receive RaftClientReply:client-835E41B928D6->6dd5d97a-7455-476f-86d1-706748154c4a@group-349356213E97, cid=2730, SUCCESS, logIndex=4075, commits[6dd5d97a-7455-476f-86d1-706748154c4a:c4075, 8c1a4ac2-2d71-4742-ab0b-89dcc95eb13f:c4071, c9d0001a-daad-4532-9e58-9f5f4a7ddd18:c4071]
2019-09-12 14:53:53,393 [grpc-default-executor-6] INFO  client.GrpcClientProtocolClient (GrpcClientProtocolClient.java:onNext(264)) - client-835E41B928D6->6dd5d97a-7455-476f-86d1-706748154c4a: receive RaftClientReply:client-835E41B928D6->6dd5d97a-7455-476f-86d1-706748154c4a@group-349356213E97, cid=2731, SUCCESS, logIndex=0, commits[6dd5d97a-7455-476f-86d1-706748154c4a:c4077, 8c1a4ac2-2d71-4742-ab0b-89dcc95eb13f:c4073, c9d0001a-daad-4532-9e58-9f5f4a7ddd18:c4073]
2019-09-12 14:53:53,412 [grpc-default-executor-5] INFO  client.GrpcClientProtocolClient (GrpcClientProtocolClient.java:onNext(264)) - client-835E41B928D6->6dd5d97a-7455-476f-86d1-706748154c4a: receive RaftClientReply:client-835E41B928D6->6dd5d97a-7455-476f-86d1-706748154c4a@group-349356213E97, cid=2732, SUCCESS, logIndex=4080, commits[6dd5d97a-7455-476f-86d1-706748154c4a:c4081, 8c1a4ac2-2d71-4742-ab0b-89dcc95eb13f:c4079, c9d0001a-daad-4532-9e58-9f5f4a7ddd18:c4079]
2019-09-12 14:53:53,412 [grpc-default-executor-5] INFO  client.GrpcClientProtocolClient (GrpcClientProtocolClient.java:onNext(264)) - client-835E41B928D6->6dd5d97a-7455-476f-86d1-706748154c4a: receive RaftClientReply:client-835E41B928D6->6dd5d97a-7455-476f-86d1-706748154c4a@group-349356213E97, cid=2733, SUCCESS, logIndex=4081, commits[6dd5d97a-7455-476f-86d1-706748154c4a:c4081, 8c1a4ac2-2d71-4742-ab0b-89dcc95eb13f:c4079, c9d0001a-daad-4532-9e58-9f5f4a7ddd18:c4079]
2019-09-12 14:53:53,425 [grpc-default-executor-7] INFO  client.GrpcClientProtocolClient (GrpcClientProtocolClient.java:onNext(264)) - client-835E41B928D6->6dd5d97a-7455-476f-86d1-706748154c4a: receive RaftClientReply:client-835E41B928D6->6dd5d97a-7455-476f-86d1-706748154c4a@group-349356213E97, cid=2734, SUCCESS, logIndex=4084, commits[6dd5d97a-7455-476f-86d1-706748154c4a:c4084, 8c1a4ac2-2d71-4742-ab0b-89dcc95eb13f:c4080, c9d0001a-daad-4532-9e58-9f5f4a7ddd18:c4081]
2019-09-12 14:53:53,425 [grpc-default-executor-7] INFO  client.GrpcClientProtocolClient (GrpcClientProtocolClient.java:onNext(264)) - client-835E41B928D6->6dd5d97a-7455-476f-86d1-706748154c4a: receive RaftClientReply:client-835E41B928D6->6dd5d97a-7455-476f-86d1-706748154c4a@group-349356213E97, cid=2735, SUCCESS, logIndex=4085, commits[6dd5d97a-7455-476f-86d1-706748154c4a:c4085, 8c1a4ac2-2d71-4742-ab0b-89dcc95eb13f:c4081, c9d0001a-daad-4532-9e58-9f5f4a7ddd18:c4081]
2019-09-12 14:53:53,444 [grpc-default-executor-6] INFO  client.GrpcClientProtocolClient (GrpcClientProtocolClient.java:onNext(264)) - client-835E41B928D6->6dd5d97a-7455-476f-86d1-706748154c4a: receive RaftClientReply:client-835E41B928D6->6dd5d97a-7455-476f-86d1-706748154c4a@group-349356213E97, cid=2736, SUCCESS, logIndex=0, commits[6dd5d97a-7455-476f-86d1-706748154c4a:c4087, 8c1a4ac2-2d71-4742-ab0b-89dcc95eb13f:c4085, c9d0001a-daad-4532-9e58-9f5f4a7ddd18:c4085]
 0.00% |█                                                                                                    |  0/1 Time: 0:00:212019-09-12 14:53:53,471 [grpc-default-executor-6] INFO  client.GrpcClientProtocolClient (GrpcClientProtocolClient.java:onNext(264)) - client-835E41B928D6->6dd5d97a-7455-476f-86d1-706748154c4a: receive RaftClientReply:client-835E41B928D6->6dd5d97a-7455-476f-86d1-706748154c4a@group-349356213E97, cid=2737, SUCCESS, logIndex=4088, commits[6dd5d97a-7455-476f-86d1-706748154c4a:c4089, 8c1a4ac2-2d71-4742-ab0b-89dcc95eb13f:c4087, c9d0001a-daad-4532-9e58-9f5f4a7ddd18:c4087]
2019-09-12 14:53:53,471 [grpc-default-executor-6] INFO  client.GrpcClientProtocolClient (GrpcClientProtocolClient.java:onNext(264)) - client-835E41B928D6->6dd5d97a-7455-476f-86d1-706748154c4a: receive RaftClientReply:client-835E41B928D6->6dd5d97a-7455-476f-86d1-706748154c4a@group-349356213E97, cid=2738, SUCCESS, logIndex=4089, commits[6dd5d97a-7455-476f-86d1-706748154c4a:c4091, 8c1a4ac2-2d71-4742-ab0b-89dcc95eb13f:c4087, c9d0001a-daad-4532-9e58-9f5f4a7ddd18:c4087]
2019-09-12 14:53:53,471 [grpc-default-executor-6] INFO  client.GrpcClientProtocolClient (GrpcClientProtocolClient.java:onNext(264)) - client-835E41B928D6->6dd5d97a-7455-476f-86d1-706748154c4a: receive RaftClientReply:client-835E41B928D6->6dd5d97a-7455-476f-86d1-706748154c4a@group-349356213E97, cid=2739, SUCCESS, logIndex=4090, commits[6dd5d97a-7455-476f-86d1-706748154c4a:c4091, 8c1a4ac2-2d71-4742-ab0b-89dcc95eb13f:c4087, c9d0001a-daad-4532-9e58-9f5f4a7ddd18:c4087]
2019-09-12 14:53:53,472 [grpc-default-executor-6] INFO  client.GrpcClientProtocolClient (GrpcClientProtocolClient.java:onNext(264)) - client-835E41B928D6->6dd5d97a-7455-476f-86d1-706748154c4a: receive RaftClientReply:client-835E41B928D6->6dd5d97a-7455-476f-86d1-706748154c4a@group-349356213E97, cid=2740, SUCCESS, logIndex=4091, commits[6dd5d97a-7455-476f-86d1-706748154c4a:c4091, 8c1a4ac2-2d71-4742-ab0b-89dcc95eb13f:c4087, c9d0001a-daad-4532-9e58-9f5f4a7ddd18:c4087]
2019-09-12 14:53:53,472 [grpc-default-executor-6] INFO  client.GrpcClientProtocolClient (GrpcClientProtocolClient.java:onNext(264)) - client-835E41B928D6->6dd5d97a-7455-476f-86d1-706748154c4a: receive RaftClientReply:client-835E41B928D6->6dd5d97a-7455-476f-86d1-706748154c4a@group-349356213E97, cid=2741, SUCCESS, logIndex=0, commits[6dd5d97a-7455-476f-86d1-706748154c4a:c4093, 8c1a4ac2-2d71-4742-ab0b-89dcc95eb13f:c4089, c9d0001a-daad-4532-9e58-9f5f4a7ddd18:c4089]
2019-09-12 14:53:53,491 [grpc-default-executor-6] INFO  client.GrpcClientProtocolClient (GrpcClientProtocolClient.java:onNext(264)) - client-835E41B928D6->6dd5d97a-7455-476f-86d1-706748154c4a: receive RaftClientReply:client-835E41B928D6->6dd5d97a-7455-476f-86d1-706748154c4a@group-349356213E97, cid=2742, SUCCESS, logIndex=4096, commits[6dd5d97a-7455-476f-86d1-706748154c4a:c4097, 8c1a4ac2-2d71-4742-ab0b-89dcc95eb13f:c4095, c9d0001a-daad-4532-9e58-9f5f4a7ddd18:c4095]
2019-09-12 14:53:53,491 [grpc-default-executor-6] INFO  client.GrpcClientProtocolClient (GrpcClientProtocolClient.java:onNext(264)) - client-835E41B928D6->6dd5d97a-7455-476f-86d1-706748154c4a: receive RaftClientReply:client-835E41B928D6->6dd5d97a-7455-476f-86d1-706748154c4a@group-349356213E97, cid=2743, SUCCESS, logIndex=4097, commits[6dd5d97a-7455-476f-86d1-706748154c4a:c4097, 8c1a4ac2-2d71-4742-ab0b-89dcc95eb13f:c4095, c9d0001a-daad-4532-9e58-9f5f4a7ddd18:c4095]
2019-09-12 14:53:53,503 [grpc-default-executor-6] INFO  client.GrpcClientProtocolClient (GrpcClientProtocolClient.java:onNext(264)) - client-835E41B928D6->6dd5d97a-7455-476f-86d1-706748154c4a: receive RaftClientReply:client-835E41B928D6->6dd5d97a-7455-476f-86d1-706748154c4a@group-349356213E97, cid=2744, SUCCESS, logIndex=4100, commits[6dd5d97a-7455-476f-86d1-706748154c4a:c4101, 8c1a4ac2-2d71-4742-ab0b-89dcc95eb13f:c4097, c9d0001a-daad-4532-9e58-9f5f4a7ddd18:c4097]
2019-09-12 14:53:53,504 [grpc-default-executor-6] INFO  client.GrpcClientProtocolClient (GrpcClientProtocolClient.java:onNext(264)) - client-835E41B928D6->6dd5d97a-7455-476f-86d1-706748154c4a: receive RaftClientReply:client-835E41B928D6->6dd5d97a-7455-476f-86d1-706748154c4a@group-349356213E97, cid=2745, SUCCESS, logIndex=4101, commits[6dd5d97a-7455-476f-86d1-706748154c4a:c4101, 8c1a4ac2-2d71-4742-ab0b-89dcc95eb13f:c4097, c9d0001a-daad-4532-9e58-9f5f4a7ddd18:c4097]
2019-09-12 14:53:53,518 [grpc-default-executor-7] INFO  client.GrpcClientProtocolClient (GrpcClientProtocolClient.java:onNext(264)) - client-835E41B928D6->6dd5d97a-7455-476f-86d1-706748154c4a: receive RaftClientReply:client-835E41B928D6->6dd5d97a-7455-476f-86d1-706748154c4a@group-349356213E97, cid=2746, SUCCESS, logIndex=0, commits[6dd5d97a-7455-476f-86d1-706748154c4a:c4103, 8c1a4ac2-2d71-4742-ab0b-89dcc95eb13f:c4101, c9d0001a-daad-4532-9e58-9f5f4a7ddd18:c4101]
2019-09-12 14:53:53,544 [grpc-default-executor-7] INFO  client.GrpcClientProtocolClient (GrpcClientProtocolClient.java:onNext(264)) - client-835E41B928D6->6dd5d97a-7455-476f-86d1-706748154c4a: receive RaftClientReply:client-835E41B928D6->6dd5d97a-7455-476f-86d1-706748154c4a@group-349356213E97, cid=2747, SUCCESS, logIndex=4104, commits[6dd5d97a-7455-476f-86d1-706748154c4a:c4105, 8c1a4ac2-2d71-4742-ab0b-89dcc95eb13f:c4101, c9d0001a-daad-4532-9e58-9f5f4a7ddd18:c4103]
2019-09-12 14:53:53,544 [grpc-default-executor-7] INFO  client.GrpcClientProtocolClient (GrpcClientProtocolClient.java:onNext(264)) - client-835E41B928D6->6dd5d97a-7455-476f-86d1-706748154c4a: receive RaftClientReply:client-835E41B928D6->6dd5d97a-7455-476f-86d1-706748154c4a@group-349356213E97, cid=2748, SUCCESS, logIndex=4105, commits[6dd5d97a-7455-476f-86d1-706748154c4a:c4107, 8c1a4ac2-2d71-4742-ab0b-89dcc95eb13f:c4103, c9d0001a-daad-4532-9e58-9f5f4a7ddd18:c4103]
2019-09-12 14:53:53,544 [grpc-default-executor-7] INFO  client.GrpcClientProtocolClient (GrpcClientProtocolClient.java:onNext(264)) - client-835E41B928D6->6dd5d97a-7455-476f-86d1-706748154c4a: receive RaftClientReply:client-835E41B928D6->6dd5d97a-7455-476f-86d1-706748154c4a@group-349356213E97, cid=2749, SUCCESS, logIndex=4106, commits[6dd5d97a-7455-476f-86d1-706748154c4a:c4107, 8c1a4ac2-2d71-4742-ab0b-89dcc95eb13f:c4103, c9d0001a-daad-4532-9e58-9f5f4a7ddd18:c4103]
2019-09-12 14:53:53,545 [grpc-default-executor-7] INFO  client.GrpcClientProtocolClient (GrpcClientProtocolClient.java:onNext(264)) - client-835E41B928D6->6dd5d97a-7455-476f-86d1-706748154c4a: receive RaftClientReply:client-835E41B928D6->6dd5d97a-7455-476f-86d1-706748154c4a@group-349356213E97, cid=2750, SUCCESS, logIndex=4107, commits[6dd5d97a-7455-476f-86d1-706748154c4a:c4107, 8c1a4ac2-2d71-4742-ab0b-89dcc95eb13f:c4103, c9d0001a-daad-4532-9e58-9f5f4a7ddd18:c4103]
2019-09-12 14:53:53,545 [grpc-default-executor-6] INFO  client.GrpcClientProtocolClient (GrpcClientProtocolClient.java:onNext(264)) - client-835E41B928D6->6dd5d97a-7455-476f-86d1-706748154c4a: receive RaftClientReply:client-835E41B928D6->6dd5d97a-7455-476f-86d1-706748154c4a@group-349356213E97, cid=2751, SUCCESS, logIndex=0, commits[6dd5d97a-7455-476f-86d1-706748154c4a:c4109, 8c1a4ac2-2d71-4742-ab0b-89dcc95eb13f:c4105, c9d0001a-daad-4532-9e58-9f5f4a7ddd18:c4105]
2019-09-12 14:53:53,563 [grpc-default-executor-7] INFO  client.GrpcClientProtocolClient (GrpcClientProtocolClient.java:onNext(264)) - client-835E41B928D6->6dd5d97a-7455-476f-86d1-706748154c4a: receive RaftClientReply:client-835E41B928D6->6dd5d97a-7455-476f-86d1-706748154c4a@group-349356213E97, cid=2752, SUCCESS, logIndex=4111, commits[6dd5d97a-7455-476f-86d1-706748154c4a:c4112, 8c1a4ac2-2d71-4742-ab0b-89dcc95eb13f:c4110, c9d0001a-daad-4532-9e58-9f5f4a7ddd18:c4110]
2019-09-12 14:53:53,563 [grpc-default-executor-7] INFO  client.GrpcClientProtocolClient (GrpcClientProtocolClient.java:onNext(264)) - client-835E41B928D6->6dd5d97a-7455-476f-86d1-706748154c4a: receive RaftClientReply:client-835E41B928D6->6dd5d97a-7455-476f-86d1-706748154c4a@group-349356213E97, cid=2753, SUCCESS, logIndex=4112, commits[6dd5d97a-7455-476f-86d1-706748154c4a:c4112, 8c1a4ac2-2d71-4742-ab0b-89dcc95eb13f:c4110, c9d0001a-daad-4532-9e58-9f5f4a7ddd18:c4110]
2019-09-12 14:53:53,580 [grpc-default-executor-5] INFO  client.GrpcClientProtocolClient (GrpcClientProtocolClient.java:onNext(264)) - client-835E41B928D6->6dd5d97a-7455-476f-86d1-706748154c4a: receive RaftClientReply:client-835E41B928D6->6dd5d97a-7455-476f-86d1-706748154c4a@group-349356213E97, cid=2754, SUCCESS, logIndex=4115, commits[6dd5d97a-7455-476f-86d1-706748154c4a:c4116, 8c1a4ac2-2d71-4742-ab0b-89dcc95eb13f:c4111, c9d0001a-daad-4532-9e58-9f5f4a7ddd18:c4112]
2019-09-12 14:53:53,580 [grpc-default-executor-5] INFO  client.GrpcClientProtocolClient (GrpcClientProtocolClient.java:onNext(264)) - client-835E41B928D6->6dd5d97a-7455-476f-86d1-706748154c4a: receive RaftClientReply:client-835E41B928D6->6dd5d97a-7455-476f-86d1-706748154c4a@group-349356213E97, cid=2755, SUCCESS, logIndex=4116, commits[6dd5d97a-7455-476f-86d1-706748154c4a:c4116, 8c1a4ac2-2d71-4742-ab0b-89dcc95eb13f:c4112, c9d0001a-daad-4532-9e58-9f5f4a7ddd18:c4112]
2019-09-12 14:53:53,592 [grpc-default-executor-5] INFO  client.GrpcClientProtocolClient (GrpcClientProtocolClient.java:onNext(264)) - client-835E41B928D6->6dd5d97a-7455-476f-86d1-706748154c4a: receive RaftClientReply:client-835E41B928D6->6dd5d97a-7455-476f-86d1-706748154c4a@group-349356213E97, cid=2756, SUCCESS, logIndex=0, commits[6dd5d97a-7455-476f-86d1-706748154c4a:c4117, 8c1a4ac2-2d71-4742-ab0b-89dcc95eb13f:c4116, c9d0001a-daad-4532-9e58-9f5f4a7ddd18:c4116]
2019-09-12 14:53:53,619 [grpc-default-executor-7] INFO  client.GrpcClientProtocolClient (GrpcClientProtocolClient.java:onNext(264)) - client-835E41B928D6->6dd5d97a-7455-476f-86d1-706748154c4a: receive RaftClientReply:client-835E41B928D6->6dd5d97a-7455-476f-86d1-706748154c4a@group-349356213E97, cid=2757, SUCCESS, logIndex=4118, commits[6dd5d97a-7455-476f-86d1-706748154c4a:c4120, 8c1a4ac2-2d71-4742-ab0b-89dcc95eb13f:c4117, c9d0001a-daad-4532-9e58-9f5f4a7ddd18:c4117]
2019-09-12 14:53:53,619 [grpc-default-executor-7] INFO  client.GrpcClientProtocolClient (GrpcClientProtocolClient.java:onNext(264)) - client-835E41B928D6->6dd5d97a-7455-476f-86d1-706748154c4a: receive RaftClientReply:client-835E41B928D6->6dd5d97a-7455-476f-86d1-706748154c4a@group-349356213E97, cid=2758, SUCCESS, logIndex=4119, commits[6dd5d97a-7455-476f-86d1-706748154c4a:c4121, 8c1a4ac2-2d71-4742-ab0b-89dcc95eb13f:c4117, c9d0001a-daad-4532-9e58-9f5f4a7ddd18:c4117]
2019-09-12 14:53:53,620 [grpc-default-executor-7] INFO  client.GrpcClientProtocolClient (GrpcClientProtocolClient.java:onNext(264)) - client-835E41B928D6->6dd5d97a-7455-476f-86d1-706748154c4a: receive RaftClientReply:client-835E41B928D6->6dd5d97a-7455-476f-86d1-706748154c4a@group-349356213E97, cid=2759, SUCCESS, logIndex=4120, commits[6dd5d97a-7455-476f-86d1-706748154c4a:c4121, 8c1a4ac2-2d71-4742-ab0b-89dcc95eb13f:c4117, c9d0001a-daad-4532-9e58-9f5f4a7ddd18:c4117]
2019-09-12 14:53:53,620 [grpc-default-executor-7] INFO  client.GrpcClientProtocolClient (GrpcClientProtocolClient.java:onNext(264)) - client-835E41B928D6->6dd5d97a-7455-476f-86d1-706748154c4a: receive RaftClientReply:client-835E41B928D6->6dd5d97a-7455-476f-86d1-706748154c4a@group-349356213E97, cid=2760, SUCCESS, logIndex=4121, commits[6dd5d97a-7455-476f-86d1-706748154c4a:c4121, 8c1a4ac2-2d71-4742-ab0b-89dcc95eb13f:c4117, c9d0001a-daad-4532-9e58-9f5f4a7ddd18:c4117]
2019-09-12 14:53:53,622 [grpc-default-executor-6] INFO  client.GrpcClientProtocolClient (GrpcClientProtocolClient.java:onNext(264)) - client-835E41B928D6->6dd5d97a-7455-476f-86d1-706748154c4a: receive RaftClientReply:client-835E41B928D6->6dd5d97a-7455-476f-86d1-706748154c4a@group-349356213E97, cid=2761, SUCCESS, logIndex=0, commits[6dd5d97a-7455-476f-86d1-706748154c4a:c4123, 8c1a4ac2-2d71-4742-ab0b-89dcc95eb13f:c4120, c9d0001a-daad-4532-9e58-9f5f4a7ddd18:c4120]
2019-09-12 14:53:53,752 [grpc-default-executor-7] INFO  client.GrpcClientProtocolClient (GrpcClientProtocolClient.java:onNext(264)) - client-835E41B928D6->6dd5d97a-7455-476f-86d1-706748154c4a: receive RaftClientReply:client-835E41B928D6->6dd5d97a-7455-476f-86d1-706748154c4a@group-349356213E97, cid=2762, SUCCESS, logIndex=4126, commits[6dd5d97a-7455-476f-86d1-706748154c4a:c4127, 8c1a4ac2-2d71-4742-ab0b-89dcc95eb13f:c4125, c9d0001a-daad-4532-9e58-9f5f4a7ddd18:c4125]
2019-09-12 14:53:53,752 [grpc-default-executor-7] INFO  client.GrpcClientProtocolClient (GrpcClientProtocolClient.java:onNext(264)) - client-835E41B928D6->6dd5d97a-7455-476f-86d1-706748154c4a: receive RaftClientReply:client-835E41B928D6->6dd5d97a-7455-476f-86d1-706748154c4a@group-349356213E97, cid=2763, SUCCESS, logIndex=4127, commits[6dd5d97a-7455-476f-86d1-706748154c4a:c4127, 8c1a4ac2-2d71-4742-ab0b-89dcc95eb13f:c4125, c9d0001a-daad-4532-9e58-9f5f4a7ddd18:c4125]
2019-09-12 14:53:53,772 [grpc-default-executor-7] INFO  client.GrpcClientProtocolClient (GrpcClientProtocolClient.java:onNext(264)) - client-835E41B928D6->6dd5d97a-7455-476f-86d1-706748154c4a: receive RaftClientReply:client-835E41B928D6->6dd5d97a-7455-476f-86d1-706748154c4a@group-349356213E97, cid=2764, SUCCESS, logIndex=4130, commits[6dd5d97a-7455-476f-86d1-706748154c4a:c4131, 8c1a4ac2-2d71-4742-ab0b-89dcc95eb13f:c4129, c9d0001a-daad-4532-9e58-9f5f4a7ddd18:c4129]
2019-09-12 14:53:53,772 [grpc-default-executor-7] INFO  client.GrpcClientProtocolClient (GrpcClientProtocolClient.java:onNext(264)) - client-835E41B928D6->6dd5d97a-7455-476f-86d1-706748154c4a: receive RaftClientReply:client-835E41B928D6->6dd5d97a-7455-476f-86d1-706748154c4a@group-349356213E97, cid=2765, SUCCESS, logIndex=4131, commits[6dd5d97a-7455-476f-86d1-706748154c4a:c4131, 8c1a4ac2-2d71-4742-ab0b-89dcc95eb13f:c4129, c9d0001a-daad-4532-9e58-9f5f4a7ddd18:c4129]
2019-09-12 14:53:53,784 [grpc-default-executor-7] INFO  client.GrpcClientProtocolClient (GrpcClientProtocolClient.java:onNext(264)) - client-835E41B928D6->6dd5d97a-7455-476f-86d1-706748154c4a: receive RaftClientReply:client-835E41B928D6->6dd5d97a-7455-476f-86d1-706748154c4a@group-349356213E97, cid=2766, SUCCESS, logIndex=0, commits[6dd5d97a-7455-476f-86d1-706748154c4a:c4133, 8c1a4ac2-2d71-4742-ab0b-89dcc95eb13f:c4131, c9d0001a-daad-4532-9e58-9f5f4a7ddd18:c4131]
2019-09-12 14:53:53,818 [grpc-default-executor-5] INFO  client.GrpcClientProtocolClient (GrpcClientProtocolClient.java:onNext(264)) - client-835E41B928D6->6dd5d97a-7455-476f-86d1-706748154c4a: receive RaftClientReply:client-835E41B928D6->6dd5d97a-7455-476f-86d1-706748154c4a@group-349356213E97, cid=2767, SUCCESS, logIndex=4134, commits[6dd5d97a-7455-476f-86d1-706748154c4a:c4135, 8c1a4ac2-2d71-4742-ab0b-89dcc95eb13f:c4133, c9d0001a-daad-4532-9e58-9f5f4a7ddd18:c4133]
2019-09-12 14:53:53,818 [grpc-default-executor-5] INFO  client.GrpcClientProtocolClient (GrpcClientProtocolClient.java:onNext(264)) - client-835E41B928D6->6dd5d97a-7455-476f-86d1-706748154c4a: receive RaftClientReply:client-835E41B928D6->6dd5d97a-7455-476f-86d1-706748154c4a@group-349356213E97, cid=2768, SUCCESS, logIndex=4135, commits[6dd5d97a-7455-476f-86d1-706748154c4a:c4135, 8c1a4ac2-2d71-4742-ab0b-89dcc95eb13f:c4133, c9d0001a-daad-4532-9e58-9f5f4a7ddd18:c4133]
2019-09-12 14:53:53,819 [grpc-default-executor-7] INFO  client.GrpcClientProtocolClient (GrpcClientProtocolClient.java:onNext(264)) - client-835E41B928D6->6dd5d97a-7455-476f-86d1-706748154c4a: receive RaftClientReply:client-835E41B928D6->6dd5d97a-7455-476f-86d1-706748154c4a@group-349356213E97, cid=2769, SUCCESS, logIndex=4136, commits[6dd5d97a-7455-476f-86d1-706748154c4a:c4137, 8c1a4ac2-2d71-4742-ab0b-89dcc95eb13f:c4133, c9d0001a-daad-4532-9e58-9f5f4a7ddd18:c4133]
2019-09-12 14:53:53,819 [grpc-default-executor-7] INFO  client.GrpcClientProtocolClient (GrpcClientProtocolClient.java:onNext(264)) - client-835E41B928D6->6dd5d97a-7455-476f-86d1-706748154c4a: receive RaftClientReply:client-835E41B928D6->6dd5d97a-7455-476f-86d1-706748154c4a@group-349356213E97, cid=2770, SUCCESS, logIndex=4137, commits[6dd5d97a-7455-476f-86d1-706748154c4a:c4137, 8c1a4ac2-2d71-4742-ab0b-89dcc95eb13f:c4133, c9d0001a-daad-4532-9e58-9f5f4a7ddd18:c4133]
2019-09-12 14:53:53,821 [grpc-default-executor-2] INFO  client.GrpcClientProtocolClient (GrpcClientProtocolClient.java:onNext(264)) - client-835E41B928D6->6dd5d97a-7455-476f-86d1-706748154c4a: receive RaftClientReply:client-835E41B928D6->6dd5d97a-7455-476f-86d1-706748154c4a@group-349356213E97, cid=2771, SUCCESS, logIndex=0, commits[6dd5d97a-7455-476f-86d1-706748154c4a:c4139, 8c1a4ac2-2d71-4742-ab0b-89dcc95eb13f:c4135, c9d0001a-daad-4532-9e58-9f5f4a7ddd18:c4135]
2019-09-12 14:53:53,839 [grpc-default-executor-2] INFO  client.GrpcClientProtocolClient (GrpcClientProtocolClient.java:onNext(264)) - client-835E41B928D6->6dd5d97a-7455-476f-86d1-706748154c4a: receive RaftClientReply:client-835E41B928D6->6dd5d97a-7455-476f-86d1-706748154c4a@group-349356213E97, cid=2772, SUCCESS, logIndex=4142, commits[6dd5d97a-7455-476f-86d1-706748154c4a:c4143, 8c1a4ac2-2d71-4742-ab0b-89dcc95eb13f:c4141, c9d0001a-daad-4532-9e58-9f5f4a7ddd18:c4141]
2019-09-12 14:53:53,840 [grpc-default-executor-2] INFO  client.GrpcClientProtocolClient (GrpcClientProtocolClient.java:onNext(264)) - client-835E41B928D6->6dd5d97a-7455-476f-86d1-706748154c4a: receive RaftClientReply:client-835E41B928D6->6dd5d97a-7455-476f-86d1-706748154c4a@group-349356213E97, cid=2773, SUCCESS, logIndex=4143, commits[6dd5d97a-7455-476f-86d1-706748154c4a:c4143, 8c1a4ac2-2d71-4742-ab0b-89dcc95eb13f:c4141, c9d0001a-daad-4532-9e58-9f5f4a7ddd18:c4141]
2019-09-12 14:53:53,853 [grpc-default-executor-5] INFO  client.GrpcClientProtocolClient (GrpcClientProtocolClient.java:onNext(264)) - client-835E41B928D6->6dd5d97a-7455-476f-86d1-706748154c4a: receive RaftClientReply:client-835E41B928D6->6dd5d97a-7455-476f-86d1-706748154c4a@group-349356213E97, cid=2774, SUCCESS, logIndex=4146, commits[6dd5d97a-7455-476f-86d1-706748154c4a:c4147, 8c1a4ac2-2d71-4742-ab0b-89dcc95eb13f:c4143, c9d0001a-daad-4532-9e58-9f5f4a7ddd18:c4143]
2019-09-12 14:53:53,853 [grpc-default-executor-5] INFO  client.GrpcClientProtocolClient (GrpcClientProtocolClient.java:onNext(264)) - client-835E41B928D6->6dd5d97a-7455-476f-86d1-706748154c4a: receive RaftClientReply:client-835E41B928D6->6dd5d97a-7455-476f-86d1-706748154c4a@group-349356213E97, cid=2775, SUCCESS, logIndex=4147, commits[6dd5d97a-7455-476f-86d1-706748154c4a:c4147, 8c1a4ac2-2d71-4742-ab0b-89dcc95eb13f:c4143, c9d0001a-daad-4532-9e58-9f5f4a7ddd18:c4143]
2019-09-12 14:53:53,864 [grpc-default-executor-2] INFO  client.GrpcClientProtocolClient (GrpcClientProtocolClient.java:onNext(264)) - client-835E41B928D6->6dd5d97a-7455-476f-86d1-706748154c4a: receive RaftClientReply:client-835E41B928D6->6dd5d97a-7455-476f-86d1-706748154c4a@group-349356213E97, cid=2776, SUCCESS, logIndex=0, commits[6dd5d97a-7455-476f-86d1-706748154c4a:c4148, 8c1a4ac2-2d71-4742-ab0b-89dcc95eb13f:c4147, c9d0001a-daad-4532-9e58-9f5f4a7ddd18:c4147]
2019-09-12 14:53:53,892 [grpc-default-executor-5] INFO  client.GrpcClientProtocolClient (GrpcClientProtocolClient.java:onNext(264)) - client-835E41B928D6->6dd5d97a-7455-476f-86d1-706748154c4a: receive RaftClientReply:client-835E41B928D6->6dd5d97a-7455-476f-86d1-706748154c4a@group-349356213E97, cid=2777, SUCCESS, logIndex=4150, commits[6dd5d97a-7455-476f-86d1-706748154c4a:c4151, 8c1a4ac2-2d71-4742-ab0b-89dcc95eb13f:c4149, c9d0001a-daad-4532-9e58-9f5f4a7ddd18:c4149]
2019-09-12 14:53:53,893 [grpc-default-executor-5] INFO  client.GrpcClientProtocolClient (GrpcClientProtocolClient.java:onNext(264)) - client-835E41B928D6->6dd5d97a-7455-476f-86d1-706748154c4a: receive RaftClientReply:client-835E41B928D6->6dd5d97a-7455-476f-86d1-706748154c4a@group-349356213E97, cid=2778, SUCCESS, logIndex=4151, commits[6dd5d97a-7455-476f-86d1-706748154c4a:c4151, 8c1a4ac2-2d71-4742-ab0b-89dcc95eb13f:c4149, c9d0001a-daad-4532-9e58-9f5f4a7ddd18:c4149]
2019-09-12 14:53:53,893 [grpc-default-executor-2] INFO  client.GrpcClientProtocolClient (GrpcClientProtocolClient.java:onNext(264)) - client-835E41B928D6->6dd5d97a-7455-476f-86d1-706748154c4a: receive RaftClientReply:client-835E41B928D6->6dd5d97a-7455-476f-86d1-706748154c4a@group-349356213E97, cid=2779, SUCCESS, logIndex=4152, commits[6dd5d97a-7455-476f-86d1-706748154c4a:c4153, 8c1a4ac2-2d71-4742-ab0b-89dcc95eb13f:c4149, c9d0001a-daad-4532-9e58-9f5f4a7ddd18:c4149]
2019-09-12 14:53:53,894 [grpc-default-executor-2] INFO  client.GrpcClientProtocolClient (GrpcClientProtocolClient.java:onNext(264)) - client-835E41B928D6->6dd5d97a-7455-476f-86d1-706748154c4a: receive RaftClientReply:client-835E41B928D6->6dd5d97a-7455-476f-86d1-706748154c4a@group-349356213E97, cid=2780, SUCCESS, logIndex=4153, commits[6dd5d97a-7455-476f-86d1-706748154c4a:c4153, 8c1a4ac2-2d71-4742-ab0b-89dcc95eb13f:c4149, c9d0001a-daad-4532-9e58-9f5f4a7ddd18:c4149]
2019-09-12 14:53:53,907 [grpc-default-executor-2] INFO  client.GrpcClientProtocolClient (GrpcClientProtocolClient.java:onNext(264)) - client-835E41B928D6->6dd5d97a-7455-476f-86d1-706748154c4a: receive RaftClientReply:client-835E41B928D6->6dd5d97a-7455-476f-86d1-706748154c4a@group-349356213E97, cid=2781, SUCCESS, logIndex=0, commits[6dd5d97a-7455-476f-86d1-706748154c4a:c4155, 8c1a4ac2-2d71-4742-ab0b-89dcc95eb13f:c4151, c9d0001a-daad-4532-9e58-9f5f4a7ddd18:c4151]
2019-09-12 14:53:53,925 [grpc-default-executor-5] INFO  client.GrpcClientProtocolClient (GrpcClientProtocolClient.java:onNext(264)) - client-835E41B928D6->6dd5d97a-7455-476f-86d1-706748154c4a: receive RaftClientReply:client-835E41B928D6->6dd5d97a-7455-476f-86d1-706748154c4a@group-349356213E97, cid=2782, SUCCESS, logIndex=4158, commits[6dd5d97a-7455-476f-86d1-706748154c4a:c4159, 8c1a4ac2-2d71-4742-ab0b-89dcc95eb13f:c4157, c9d0001a-daad-4532-9e58-9f5f4a7ddd18:c4157]
2019-09-12 14:53:53,925 [grpc-default-executor-5] INFO  client.GrpcClientProtocolClient (GrpcClientProtocolClient.java:onNext(264)) - client-835E41B928D6->6dd5d97a-7455-476f-86d1-706748154c4a: receive RaftClientReply:client-835E41B928D6->6dd5d97a-7455-476f-86d1-706748154c4a@group-349356213E97, cid=2783, SUCCESS, logIndex=4159, commits[6dd5d97a-7455-476f-86d1-706748154c4a:c4159, 8c1a4ac2-2d71-4742-ab0b-89dcc95eb13f:c4157, c9d0001a-daad-4532-9e58-9f5f4a7ddd18:c4157]
2019-09-12 14:53:53,938 [grpc-default-executor-5] INFO  client.GrpcClientProtocolClient (GrpcClientProtocolClient.java:onNext(264)) - client-835E41B928D6->6dd5d97a-7455-476f-86d1-706748154c4a: receive RaftClientReply:client-835E41B928D6->6dd5d97a-7455-476f-86d1-706748154c4a@group-349356213E97, cid=2784, SUCCESS, logIndex=4162, commits[6dd5d97a-7455-476f-86d1-706748154c4a:c4163, 8c1a4ac2-2d71-4742-ab0b-89dcc95eb13f:c4159, c9d0001a-daad-4532-9e58-9f5f4a7ddd18:c4159]
2019-09-12 14:53:53,938 [grpc-default-executor-5] INFO  client.GrpcClientProtocolClient (GrpcClientProtocolClient.java:onNext(264)) - client-835E41B928D6->6dd5d97a-7455-476f-86d1-706748154c4a: receive RaftClientReply:client-835E41B928D6->6dd5d97a-7455-476f-86d1-706748154c4a@group-349356213E97, cid=2785, SUCCESS, logIndex=4163, commits[6dd5d97a-7455-476f-86d1-706748154c4a:c4163, 8c1a4ac2-2d71-4742-ab0b-89dcc95eb13f:c4159, c9d0001a-daad-4532-9e58-9f5f4a7ddd18:c4159]
2019-09-12 14:53:53,940 [grpc-default-executor-5] INFO  client.GrpcClientProtocolClient (GrpcClientProtocolClient.java:onNext(264)) - client-835E41B928D6->6dd5d97a-7455-476f-86d1-706748154c4a: receive RaftClientReply:client-835E41B928D6->6dd5d97a-7455-476f-86d1-706748154c4a@group-349356213E97, cid=2786, SUCCESS, logIndex=0, commits[6dd5d97a-7455-476f-86d1-706748154c4a:c4164, 8c1a4ac2-2d71-4742-ab0b-89dcc95eb13f:c4163, c9d0001a-daad-4532-9e58-9f5f4a7ddd18:c4163]
2019-09-12 14:53:53,959 [grpc-default-executor-6] INFO  client.GrpcClientProtocolClient (GrpcClientProtocolClient.java:onNext(264)) - client-835E41B928D6->6dd5d97a-7455-476f-86d1-706748154c4a: receive RaftClientReply:client-835E41B928D6->6dd5d97a-7455-476f-86d1-706748154c4a@group-349356213E97, cid=2787, SUCCESS, logIndex=4166, commits[6dd5d97a-7455-476f-86d1-706748154c4a:c4167, 8c1a4ac2-2d71-4742-ab0b-89dcc95eb13f:c4165, c9d0001a-daad-4532-9e58-9f5f4a7ddd18:c4165]
2019-09-12 14:53:53,960 [grpc-default-executor-6] INFO  client.GrpcClientProtocolClient (GrpcClientProtocolClient.java:onNext(264)) - client-835E41B928D6->6dd5d97a-7455-476f-86d1-706748154c4a: receive RaftClientReply:client-835E41B928D6->6dd5d97a-7455-476f-86d1-706748154c4a@group-349356213E97, cid=2788, SUCCESS, logIndex=4167, commits[6dd5d97a-7455-476f-86d1-706748154c4a:c4169, 8c1a4ac2-2d71-4742-ab0b-89dcc95eb13f:c4165, c9d0001a-daad-4532-9e58-9f5f4a7ddd18:c4165]
2019-09-12 14:53:53,960 [grpc-default-executor-6] INFO  client.GrpcClientProtocolClient (GrpcClientProtocolClient.java:onNext(264)) - client-835E41B928D6->6dd5d97a-7455-476f-86d1-706748154c4a: receive RaftClientReply:client-835E41B928D6->6dd5d97a-7455-476f-86d1-706748154c4a@group-349356213E97, cid=2789, SUCCESS, logIndex=4168, commits[6dd5d97a-7455-476f-86d1-706748154c4a:c4169, 8c1a4ac2-2d71-4742-ab0b-89dcc95eb13f:c4165, c9d0001a-daad-4532-9e58-9f5f4a7ddd18:c4165]
2019-09-12 14:53:53,960 [grpc-default-executor-6] INFO  client.GrpcClientProtocolClient (GrpcClientProtocolClient.java:onNext(264)) - client-835E41B928D6->6dd5d97a-7455-476f-86d1-706748154c4a: receive RaftClientReply:client-835E41B928D6->6dd5d97a-7455-476f-86d1-706748154c4a@group-349356213E97, cid=2790, SUCCESS, logIndex=4169, commits[6dd5d97a-7455-476f-86d1-706748154c4a:c4169, 8c1a4ac2-2d71-4742-ab0b-89dcc95eb13f:c4165, c9d0001a-daad-4532-9e58-9f5f4a7ddd18:c4165]
2019-09-12 14:53:53,963 [grpc-default-executor-6] INFO  client.GrpcClientProtocolClient (GrpcClientProtocolClient.java:onNext(264)) - client-835E41B928D6->6dd5d97a-7455-476f-86d1-706748154c4a: receive RaftClientReply:client-835E41B928D6->6dd5d97a-7455-476f-86d1-706748154c4a@group-349356213E97, cid=2791, SUCCESS, logIndex=0, commits[6dd5d97a-7455-476f-86d1-706748154c4a:c4173, 8c1a4ac2-2d71-4742-ab0b-89dcc95eb13f:c4169, c9d0001a-daad-4532-9e58-9f5f4a7ddd18:c4167]
2019-09-12 14:53:53,972 [grpc-default-executor-6] INFO  client.GrpcClientProtocolClient (GrpcClientProtocolClient.java:onNext(264)) - client-835E41B928D6->6dd5d97a-7455-476f-86d1-706748154c4a: receive RaftClientReply:client-835E41B928D6->6dd5d97a-7455-476f-86d1-706748154c4a@group-349356213E97, cid=2792, SUCCESS, logIndex=4174, commits[6dd5d97a-7455-476f-86d1-706748154c4a:c4175, 8c1a4ac2-2d71-4742-ab0b-89dcc95eb13f:c4169, c9d0001a-daad-4532-9e58-9f5f4a7ddd18:c4173]
2019-09-12 14:53:53,973 [grpc-default-executor-6] INFO  client.GrpcClientProtocolClient (GrpcClientProtocolClient.java:onNext(264)) - client-835E41B928D6->6dd5d97a-7455-476f-86d1-706748154c4a: receive RaftClientReply:client-835E41B928D6->6dd5d97a-7455-476f-86d1-706748154c4a@group-349356213E97, cid=2793, SUCCESS, logIndex=4175, commits[6dd5d97a-7455-476f-86d1-706748154c4a:c4175, 8c1a4ac2-2d71-4742-ab0b-89dcc95eb13f:c4169, c9d0001a-daad-4532-9e58-9f5f4a7ddd18:c4173]
2019-09-12 14:53:53,995 [grpc-default-executor-7] INFO  client.GrpcClientProtocolClient (GrpcClientProtocolClient.java:onNext(264)) - client-835E41B928D6->6dd5d97a-7455-476f-86d1-706748154c4a: receive RaftClientReply:client-835E41B928D6->6dd5d97a-7455-476f-86d1-706748154c4a@group-349356213E97, cid=2794, SUCCESS, logIndex=4178, commits[6dd5d97a-7455-476f-86d1-706748154c4a:c4179, 8c1a4ac2-2d71-4742-ab0b-89dcc95eb13f:c4177, c9d0001a-daad-4532-9e58-9f5f4a7ddd18:c4177]
2019-09-12 14:53:53,996 [grpc-default-executor-7] INFO  client.GrpcClientProtocolClient (GrpcClientProtocolClient.java:onNext(264)) - client-835E41B928D6->6dd5d97a-7455-476f-86d1-706748154c4a: receive RaftClientReply:client-835E41B928D6->6dd5d97a-7455-476f-86d1-706748154c4a@group-349356213E97, cid=2795, SUCCESS, logIndex=4179, commits[6dd5d97a-7455-476f-86d1-706748154c4a:c4179, 8c1a4ac2-2d71-4742-ab0b-89dcc95eb13f:c4177, c9d0001a-daad-4532-9e58-9f5f4a7ddd18:c4177]
2019-09-12 14:53:54,008 [grpc-default-executor-5] INFO  client.GrpcClientProtocolClient (GrpcClientProtocolClient.java:onNext(264)) - client-835E41B928D6->6dd5d97a-7455-476f-86d1-706748154c4a: receive RaftClientReply:client-835E41B928D6->6dd5d97a-7455-476f-86d1-706748154c4a@group-349356213E97, cid=2796, SUCCESS, logIndex=0, commits[6dd5d97a-7455-476f-86d1-706748154c4a:c4181, 8c1a4ac2-2d71-4742-ab0b-89dcc95eb13f:c4179, c9d0001a-daad-4532-9e58-9f5f4a7ddd18:c4179]
2019-09-12 14:53:54,033 [grpc-default-executor-6] INFO  client.GrpcClientProtocolClient (GrpcClientProtocolClient.java:onNext(264)) - client-835E41B928D6->6dd5d97a-7455-476f-86d1-706748154c4a: receive RaftClientReply:client-835E41B928D6->6dd5d97a-7455-476f-86d1-706748154c4a@group-349356213E97, cid=2797, SUCCESS, logIndex=4182, commits[6dd5d97a-7455-476f-86d1-706748154c4a:c4184, 8c1a4ac2-2d71-4742-ab0b-89dcc95eb13f:c4181, c9d0001a-daad-4532-9e58-9f5f4a7ddd18:c4181]
2019-09-12 14:53:54,034 [grpc-default-executor-6] INFO  client.GrpcClientProtocolClient (GrpcClientProtocolClient.java:onNext(264)) - client-835E41B928D6->6dd5d97a-7455-476f-86d1-706748154c4a: receive RaftClientReply:client-835E41B928D6->6dd5d97a-7455-476f-86d1-706748154c4a@group-349356213E97, cid=2798, SUCCESS, logIndex=4183, commits[6dd5d97a-7455-476f-86d1-706748154c4a:c4185, 8c1a4ac2-2d71-4742-ab0b-89dcc95eb13f:c4181, c9d0001a-daad-4532-9e58-9f5f4a7ddd18:c4181]
2019-09-12 14:53:54,034 [grpc-default-executor-6] INFO  client.GrpcClientProtocolClient (GrpcClientProtocolClient.java:onNext(264)) - client-835E41B928D6->6dd5d97a-7455-476f-86d1-706748154c4a: receive RaftClientReply:client-835E41B928D6->6dd5d97a-7455-476f-86d1-706748154c4a@group-349356213E97, cid=2799, SUCCESS, logIndex=4184, commits[6dd5d97a-7455-476f-86d1-706748154c4a:c4185, 8c1a4ac2-2d71-4742-ab0b-89dcc95eb13f:c4181, c9d0001a-daad-4532-9e58-9f5f4a7ddd18:c4181]
2019-09-12 14:53:54,034 [grpc-default-executor-6] INFO  client.GrpcClientProtocolClient (GrpcClientProtocolClient.java:onNext(264)) - client-835E41B928D6->6dd5d97a-7455-476f-86d1-706748154c4a: receive RaftClientReply:client-835E41B928D6->6dd5d97a-7455-476f-86d1-706748154c4a@group-349356213E97, cid=2800, SUCCESS, logIndex=4185, commits[6dd5d97a-7455-476f-86d1-706748154c4a:c4185, 8c1a4ac2-2d71-4742-ab0b-89dcc95eb13f:c4181, c9d0001a-daad-4532-9e58-9f5f4a7ddd18:c4181]
2019-09-12 14:53:54,036 [grpc-default-executor-6] INFO  client.GrpcClientProtocolClient (GrpcClientProtocolClient.java:onNext(264)) - client-835E41B928D6->6dd5d97a-7455-476f-86d1-706748154c4a: receive RaftClientReply:client-835E41B928D6->6dd5d97a-7455-476f-86d1-706748154c4a@group-349356213E97, cid=2801, SUCCESS, logIndex=0, commits[6dd5d97a-7455-476f-86d1-706748154c4a:c4189, 8c1a4ac2-2d71-4742-ab0b-89dcc95eb13f:c4183, c9d0001a-daad-4532-9e58-9f5f4a7ddd18:c4185]
2019-09-12 14:53:54,054 [grpc-default-executor-7] INFO  client.GrpcClientProtocolClient (GrpcClientProtocolClient.java:onNext(264)) - client-835E41B928D6->6dd5d97a-7455-476f-86d1-706748154c4a: receive RaftClientReply:client-835E41B928D6->6dd5d97a-7455-476f-86d1-706748154c4a@group-349356213E97, cid=2802, SUCCESS, logIndex=4190, commits[6dd5d97a-7455-476f-86d1-706748154c4a:c4191, 8c1a4ac2-2d71-4742-ab0b-89dcc95eb13f:c4189, c9d0001a-daad-4532-9e58-9f5f4a7ddd18:c4189]
2019-09-12 14:53:54,054 [grpc-default-executor-7] INFO  client.GrpcClientProtocolClient (GrpcClientProtocolClient.java:onNext(264)) - client-835E41B928D6->6dd5d97a-7455-476f-86d1-706748154c4a: receive RaftClientReply:client-835E41B928D6->6dd5d97a-7455-476f-86d1-706748154c4a@group-349356213E97, cid=2803, SUCCESS, logIndex=4191, commits[6dd5d97a-7455-476f-86d1-706748154c4a:c4191, 8c1a4ac2-2d71-4742-ab0b-89dcc95eb13f:c4189, c9d0001a-daad-4532-9e58-9f5f4a7ddd18:c4189]
2019-09-12 14:53:54,066 [grpc-default-executor-7] INFO  client.GrpcClientProtocolClient (GrpcClientProtocolClient.java:onNext(264)) - client-835E41B928D6->6dd5d97a-7455-476f-86d1-706748154c4a: receive RaftClientReply:client-835E41B928D6->6dd5d97a-7455-476f-86d1-706748154c4a@group-349356213E97, cid=2804, SUCCESS, logIndex=4194, commits[6dd5d97a-7455-476f-86d1-706748154c4a:c4194, 8c1a4ac2-2d71-4742-ab0b-89dcc95eb13f:c4191, c9d0001a-daad-4532-9e58-9f5f4a7ddd18:c4191]
2019-09-12 14:53:54,066 [grpc-default-executor-7] INFO  client.GrpcClientProtocolClient (GrpcClientProtocolClient.java:onNext(264)) - client-835E41B928D6->6dd5d97a-7455-476f-86d1-706748154c4a: receive RaftClientReply:client-835E41B928D6->6dd5d97a-7455-476f-86d1-706748154c4a@group-349356213E97, cid=2805, SUCCESS, logIndex=4195, commits[6dd5d97a-7455-476f-86d1-706748154c4a:c4195, 8c1a4ac2-2d71-4742-ab0b-89dcc95eb13f:c4191, c9d0001a-daad-4532-9e58-9f5f4a7ddd18:c4191]
2019-09-12 14:53:54,069 [grpc-default-executor-7] INFO  client.GrpcClientProtocolClient (GrpcClientProtocolClient.java:onNext(264)) - client-835E41B928D6->6dd5d97a-7455-476f-86d1-706748154c4a: receive RaftClientReply:client-835E41B928D6->6dd5d97a-7455-476f-86d1-706748154c4a@group-349356213E97, cid=2806, SUCCESS, logIndex=0, commits[6dd5d97a-7455-476f-86d1-706748154c4a:c4197, 8c1a4ac2-2d71-4742-ab0b-89dcc95eb13f:c4195, c9d0001a-daad-4532-9e58-9f5f4a7ddd18:c4195]
2019-09-12 14:53:54,096 [grpc-default-executor-5] INFO  client.GrpcClientProtocolClient (GrpcClientProtocolClient.java:onNext(264)) - client-835E41B928D6->6dd5d97a-7455-476f-86d1-706748154c4a: receive RaftClientReply:client-835E41B928D6->6dd5d97a-7455-476f-86d1-706748154c4a@group-349356213E97, cid=2807, SUCCESS, logIndex=4198, commits[6dd5d97a-7455-476f-86d1-706748154c4a:c4200, 8c1a4ac2-2d71-4742-ab0b-89dcc95eb13f:c4197, c9d0001a-daad-4532-9e58-9f5f4a7ddd18:c4197]
2019-09-12 14:53:54,096 [grpc-default-executor-5] INFO  client.GrpcClientProtocolClient (GrpcClientProtocolClient.java:onNext(264)) - client-835E41B928D6->6dd5d97a-7455-476f-86d1-706748154c4a: receive RaftClientReply:client-835E41B928D6->6dd5d97a-7455-476f-86d1-706748154c4a@group-349356213E97, cid=2808, SUCCESS, logIndex=4199, commits[6dd5d97a-7455-476f-86d1-706748154c4a:c4201, 8c1a4ac2-2d71-4742-ab0b-89dcc95eb13f:c4197, c9d0001a-daad-4532-9e58-9f5f4a7ddd18:c4197]
2019-09-12 14:53:54,097 [grpc-default-executor-5] INFO  client.GrpcClientProtocolClient (GrpcClientProtocolClient.java:onNext(264)) - client-835E41B928D6->6dd5d97a-7455-476f-86d1-706748154c4a: receive RaftClientReply:client-835E41B928D6->6dd5d97a-7455-476f-86d1-706748154c4a@group-349356213E97, cid=2809, SUCCESS, logIndex=4200, commits[6dd5d97a-7455-476f-86d1-706748154c4a:c4201, 8c1a4ac2-2d71-4742-ab0b-89dcc95eb13f:c4197, c9d0001a-daad-4532-9e58-9f5f4a7ddd18:c4197]
2019-09-12 14:53:54,097 [grpc-default-executor-5] INFO  client.GrpcClientProtocolClient (GrpcClientProtocolClient.java:onNext(264)) - client-835E41B928D6->6dd5d97a-7455-476f-86d1-706748154c4a: receive RaftClientReply:client-835E41B928D6->6dd5d97a-7455-476f-86d1-706748154c4a@group-349356213E97, cid=2810, SUCCESS, logIndex=4201, commits[6dd5d97a-7455-476f-86d1-706748154c4a:c4201, 8c1a4ac2-2d71-4742-ab0b-89dcc95eb13f:c4197, c9d0001a-daad-4532-9e58-9f5f4a7ddd18:c4197]
2019-09-12 14:53:54,097 [grpc-default-executor-5] INFO  client.GrpcClientProtocolClient (GrpcClientProtocolClient.java:onNext(264)) - client-835E41B928D6->6dd5d97a-7455-476f-86d1-706748154c4a: receive RaftClientReply:client-835E41B928D6->6dd5d97a-7455-476f-86d1-706748154c4a@group-349356213E97, cid=2811, SUCCESS, logIndex=0, commits[6dd5d97a-7455-476f-86d1-706748154c4a:c4203, 8c1a4ac2-2d71-4742-ab0b-89dcc95eb13f:c4199, c9d0001a-daad-4532-9e58-9f5f4a7ddd18:c4199]
2019-09-12 14:53:54,115 [grpc-default-executor-5] INFO  client.GrpcClientProtocolClient (GrpcClientProtocolClient.java:onNext(264)) - client-835E41B928D6->6dd5d97a-7455-476f-86d1-706748154c4a: receive RaftClientReply:client-835E41B928D6->6dd5d97a-7455-476f-86d1-706748154c4a@group-349356213E97, cid=2812, SUCCESS, logIndex=4206, commits[6dd5d97a-7455-476f-86d1-706748154c4a:c4207, 8c1a4ac2-2d71-4742-ab0b-89dcc95eb13f:c4205, c9d0001a-daad-4532-9e58-9f5f4a7ddd18:c4205]
2019-09-12 14:53:54,115 [grpc-default-executor-5] INFO  client.GrpcClientProtocolClient (GrpcClientProtocolClient.java:onNext(264)) - client-835E41B928D6->6dd5d97a-7455-476f-86d1-706748154c4a: receive RaftClientReply:client-835E41B928D6->6dd5d97a-7455-476f-86d1-706748154c4a@group-349356213E97, cid=2813, SUCCESS, logIndex=4207, commits[6dd5d97a-7455-476f-86d1-706748154c4a:c4207, 8c1a4ac2-2d71-4742-ab0b-89dcc95eb13f:c4205, c9d0001a-daad-4532-9e58-9f5f4a7ddd18:c4205]
2019-09-12 14:53:54,133 [grpc-default-executor-5] INFO  client.GrpcClientProtocolClient (GrpcClientProtocolClient.java:onNext(264)) - client-835E41B928D6->6dd5d97a-7455-476f-86d1-706748154c4a: receive RaftClientReply:client-835E41B928D6->6dd5d97a-7455-476f-86d1-706748154c4a@group-349356213E97, cid=2814, SUCCESS, logIndex=4210, commits[6dd5d97a-7455-476f-86d1-706748154c4a:c4211, 8c1a4ac2-2d71-4742-ab0b-89dcc95eb13f:c4209, c9d0001a-daad-4532-9e58-9f5f4a7ddd18:c4209]
2019-09-12 14:53:54,133 [grpc-default-executor-5] INFO  client.GrpcClientProtocolClient (GrpcClientProtocolClient.java:onNext(264)) - client-835E41B928D6->6dd5d97a-7455-476f-86d1-706748154c4a: receive RaftClientReply:client-835E41B928D6->6dd5d97a-7455-476f-86d1-706748154c4a@group-349356213E97, cid=2815, SUCCESS, logIndex=4211, commits[6dd5d97a-7455-476f-86d1-706748154c4a:c4211, 8c1a4ac2-2d71-4742-ab0b-89dcc95eb13f:c4209, c9d0001a-daad-4532-9e58-9f5f4a7ddd18:c4209]
2019-09-12 14:53:54,135 [grpc-default-executor-5] INFO  client.GrpcClientProtocolClient (GrpcClientProtocolClient.java:onNext(264)) - client-835E41B928D6->6dd5d97a-7455-476f-86d1-706748154c4a: receive RaftClientReply:client-835E41B928D6->6dd5d97a-7455-476f-86d1-706748154c4a@group-349356213E97, cid=2816, SUCCESS, logIndex=0, commits[6dd5d97a-7455-476f-86d1-706748154c4a:c4213, 8c1a4ac2-2d71-4742-ab0b-89dcc95eb13f:c4211, c9d0001a-daad-4532-9e58-9f5f4a7ddd18:c4211]
2019-09-12 14:53:54,161 [grpc-default-executor-7] INFO  client.GrpcClientProtocolClient (GrpcClientProtocolClient.java:onNext(264)) - client-835E41B928D6->6dd5d97a-7455-476f-86d1-706748154c4a: receive RaftClientReply:client-835E41B928D6->6dd5d97a-7455-476f-86d1-706748154c4a@group-349356213E97, cid=2817, SUCCESS, logIndex=4214, commits[6dd5d97a-7455-476f-86d1-706748154c4a:c4216, 8c1a4ac2-2d71-4742-ab0b-89dcc95eb13f:c4213, c9d0001a-daad-4532-9e58-9f5f4a7ddd18:c4213]
2019-09-12 14:53:54,161 [grpc-default-executor-7] INFO  client.GrpcClientProtocolClient (GrpcClientProtocolClient.java:onNext(264)) - client-835E41B928D6->6dd5d97a-7455-476f-86d1-706748154c4a: receive RaftClientReply:client-835E41B928D6->6dd5d97a-7455-476f-86d1-706748154c4a@group-349356213E97, cid=2818, SUCCESS, logIndex=4215, commits[6dd5d97a-7455-476f-86d1-706748154c4a:c4217, 8c1a4ac2-2d71-4742-ab0b-89dcc95eb13f:c4213, c9d0001a-daad-4532-9e58-9f5f4a7ddd18:c4213]
2019-09-12 14:53:54,161 [grpc-default-executor-7] INFO  client.GrpcClientProtocolClient (GrpcClientProtocolClient.java:onNext(264)) - client-835E41B928D6->6dd5d97a-7455-476f-86d1-706748154c4a: receive RaftClientReply:client-835E41B928D6->6dd5d97a-7455-476f-86d1-706748154c4a@group-349356213E97, cid=2819, SUCCESS, logIndex=4216, commits[6dd5d97a-7455-476f-86d1-706748154c4a:c4217, 8c1a4ac2-2d71-4742-ab0b-89dcc95eb13f:c4213, c9d0001a-daad-4532-9e58-9f5f4a7ddd18:c4213]
2019-09-12 14:53:54,161 [grpc-default-executor-7] INFO  client.GrpcClientProtocolClient (GrpcClientProtocolClient.java:onNext(264)) - client-835E41B928D6->6dd5d97a-7455-476f-86d1-706748154c4a: receive RaftClientReply:client-835E41B928D6->6dd5d97a-7455-476f-86d1-706748154c4a@group-349356213E97, cid=2820, SUCCESS, logIndex=4217, commits[6dd5d97a-7455-476f-86d1-706748154c4a:c4217, 8c1a4ac2-2d71-4742-ab0b-89dcc95eb13f:c4213, c9d0001a-daad-4532-9e58-9f5f4a7ddd18:c4213]
2019-09-12 14:53:54,162 [grpc-default-executor-5] INFO  client.GrpcClientProtocolClient (GrpcClientProtocolClient.java:onNext(264)) - client-835E41B928D6->6dd5d97a-7455-476f-86d1-706748154c4a: receive RaftClientReply:client-835E41B928D6->6dd5d97a-7455-476f-86d1-706748154c4a@group-349356213E97, cid=2821, SUCCESS, logIndex=0, commits[6dd5d97a-7455-476f-86d1-706748154c4a:c4218, 8c1a4ac2-2d71-4742-ab0b-89dcc95eb13f:c4215, c9d0001a-daad-4532-9e58-9f5f4a7ddd18:c4215]
2019-09-12 14:53:54,180 [grpc-default-executor-5] INFO  client.GrpcClientProtocolClient (GrpcClientProtocolClient.java:onNext(264)) - client-835E41B928D6->6dd5d97a-7455-476f-86d1-706748154c4a: receive RaftClientReply:client-835E41B928D6->6dd5d97a-7455-476f-86d1-706748154c4a@group-349356213E97, cid=2822, SUCCESS, logIndex=4222, commits[6dd5d97a-7455-476f-86d1-706748154c4a:c4223, 8c1a4ac2-2d71-4742-ab0b-89dcc95eb13f:c4221, c9d0001a-daad-4532-9e58-9f5f4a7ddd18:c4221]
2019-09-12 14:53:54,180 [grpc-default-executor-5] INFO  client.GrpcClientProtocolClient (GrpcClientProtocolClient.java:onNext(264)) - client-835E41B928D6->6dd5d97a-7455-476f-86d1-706748154c4a: receive RaftClientReply:client-835E41B928D6->6dd5d97a-7455-476f-86d1-706748154c4a@group-349356213E97, cid=2823, SUCCESS, logIndex=4223, commits[6dd5d97a-7455-476f-86d1-706748154c4a:c4223, 8c1a4ac2-2d71-4742-ab0b-89dcc95eb13f:c4221, c9d0001a-daad-4532-9e58-9f5f4a7ddd18:c4221]
2019-09-12 14:53:54,198 [grpc-default-executor-7] INFO  client.GrpcClientProtocolClient (GrpcClientProtocolClient.java:onNext(264)) - client-835E41B928D6->6dd5d97a-7455-476f-86d1-706748154c4a: receive RaftClientReply:client-835E41B928D6->6dd5d97a-7455-476f-86d1-706748154c4a@group-349356213E97, cid=2824, SUCCESS, logIndex=4226, commits[6dd5d97a-7455-476f-86d1-706748154c4a:c4227, 8c1a4ac2-2d71-4742-ab0b-89dcc95eb13f:c4225, c9d0001a-daad-4532-9e58-9f5f4a7ddd18:c4225]
2019-09-12 14:53:54,198 [grpc-default-executor-7] INFO  client.GrpcClientProtocolClient (GrpcClientProtocolClient.java:onNext(264)) - client-835E41B928D6->6dd5d97a-7455-476f-86d1-706748154c4a: receive RaftClientReply:client-835E41B928D6->6dd5d97a-7455-476f-86d1-706748154c4a@group-349356213E97, cid=2825, SUCCESS, logIndex=4227, commits[6dd5d97a-7455-476f-86d1-706748154c4a:c4227, 8c1a4ac2-2d71-4742-ab0b-89dcc95eb13f:c4225, c9d0001a-daad-4532-9e58-9f5f4a7ddd18:c4225]
2019-09-12 14:53:54,212 [grpc-default-executor-7] INFO  client.GrpcClientProtocolClient (GrpcClientProtocolClient.java:onNext(264)) - client-835E41B928D6->6dd5d97a-7455-476f-86d1-706748154c4a: receive RaftClientReply:client-835E41B928D6->6dd5d97a-7455-476f-86d1-706748154c4a@group-349356213E97, cid=2826, SUCCESS, logIndex=0, commits[6dd5d97a-7455-476f-86d1-706748154c4a:c4229, 8c1a4ac2-2d71-4742-ab0b-89dcc95eb13f:c4227, c9d0001a-daad-4532-9e58-9f5f4a7ddd18:c4227]
2019-09-12 14:53:54,237 [grpc-default-executor-7] INFO  client.GrpcClientProtocolClient (GrpcClientProtocolClient.java:onNext(264)) - client-835E41B928D6->6dd5d97a-7455-476f-86d1-706748154c4a: receive RaftClientReply:client-835E41B928D6->6dd5d97a-7455-476f-86d1-706748154c4a@group-349356213E97, cid=2827, SUCCESS, logIndex=4230, commits[6dd5d97a-7455-476f-86d1-706748154c4a:c4232, 8c1a4ac2-2d71-4742-ab0b-89dcc95eb13f:c4229, c9d0001a-daad-4532-9e58-9f5f4a7ddd18:c4229]
2019-09-12 14:53:54,238 [grpc-default-executor-7] INFO  client.GrpcClientProtocolClient (GrpcClientProtocolClient.java:onNext(264)) - client-835E41B928D6->6dd5d97a-7455-476f-86d1-706748154c4a: receive RaftClientReply:client-835E41B928D6->6dd5d97a-7455-476f-86d1-706748154c4a@group-349356213E97, cid=2828, SUCCESS, logIndex=4231, commits[6dd5d97a-7455-476f-86d1-706748154c4a:c4233, 8c1a4ac2-2d71-4742-ab0b-89dcc95eb13f:c4229, c9d0001a-daad-4532-9e58-9f5f4a7ddd18:c4229]
2019-09-12 14:53:54,238 [grpc-default-executor-7] INFO  client.GrpcClientProtocolClient (GrpcClientProtocolClient.java:onNext(264)) - client-835E41B928D6->6dd5d97a-7455-476f-86d1-706748154c4a: receive RaftClientReply:client-835E41B928D6->6dd5d97a-7455-476f-86d1-706748154c4a@group-349356213E97, cid=2829, SUCCESS, logIndex=4232, commits[6dd5d97a-7455-476f-86d1-706748154c4a:c4233, 8c1a4ac2-2d71-4742-ab0b-89dcc95eb13f:c4229, c9d0001a-daad-4532-9e58-9f5f4a7ddd18:c4229]
2019-09-12 14:53:54,238 [grpc-default-executor-7] INFO  client.GrpcClientProtocolClient (GrpcClientProtocolClient.java:onNext(264)) - client-835E41B928D6->6dd5d97a-7455-476f-86d1-706748154c4a: receive RaftClientReply:client-835E41B928D6->6dd5d97a-7455-476f-86d1-706748154c4a@group-349356213E97, cid=2830, SUCCESS, logIndex=4233, commits[6dd5d97a-7455-476f-86d1-706748154c4a:c4233, 8c1a4ac2-2d71-4742-ab0b-89dcc95eb13f:c4229, c9d0001a-daad-4532-9e58-9f5f4a7ddd18:c4229]
2019-09-12 14:53:54,241 [grpc-default-executor-6] INFO  client.GrpcClientProtocolClient (GrpcClientProtocolClient.java:onNext(264)) - client-835E41B928D6->6dd5d97a-7455-476f-86d1-706748154c4a: receive RaftClientReply:client-835E41B928D6->6dd5d97a-7455-476f-86d1-706748154c4a@group-349356213E97, cid=2831, SUCCESS, logIndex=0, commits[6dd5d97a-7455-476f-86d1-706748154c4a:c4235, 8c1a4ac2-2d71-4742-ab0b-89dcc95eb13f:c4231, c9d0001a-daad-4532-9e58-9f5f4a7ddd18:c4231]
2019-09-12 14:53:54,260 [grpc-default-executor-7] INFO  client.GrpcClientProtocolClient (GrpcClientProtocolClient.java:onNext(264)) - client-835E41B928D6->6dd5d97a-7455-476f-86d1-706748154c4a: receive RaftClientReply:client-835E41B928D6->6dd5d97a-7455-476f-86d1-706748154c4a@group-349356213E97, cid=2832, SUCCESS, logIndex=4238, commits[6dd5d97a-7455-476f-86d1-706748154c4a:c4238, 8c1a4ac2-2d71-4742-ab0b-89dcc95eb13f:c4237, c9d0001a-daad-4532-9e58-9f5f4a7ddd18:c4237]
2019-09-12 14:53:54,261 [grpc-default-executor-7] INFO  client.GrpcClientProtocolClient (GrpcClientProtocolClient.java:onNext(264)) - client-835E41B928D6->6dd5d97a-7455-476f-86d1-706748154c4a: receive RaftClientReply:client-835E41B928D6->6dd5d97a-7455-476f-86d1-706748154c4a@group-349356213E97, cid=2833, SUCCESS, logIndex=4239, commits[6dd5d97a-7455-476f-86d1-706748154c4a:c4239, 8c1a4ac2-2d71-4742-ab0b-89dcc95eb13f:c4237, c9d0001a-daad-4532-9e58-9f5f4a7ddd18:c4237]
2019-09-12 14:53:54,281 [grpc-default-executor-5] INFO  client.GrpcClientProtocolClient (GrpcClientProtocolClient.java:onNext(264)) - client-835E41B928D6->6dd5d97a-7455-476f-86d1-706748154c4a: receive RaftClientReply:client-835E41B928D6->6dd5d97a-7455-476f-86d1-706748154c4a@group-349356213E97, cid=2834, SUCCESS, logIndex=4242, commits[6dd5d97a-7455-476f-86d1-706748154c4a:c4243, 8c1a4ac2-2d71-4742-ab0b-89dcc95eb13f:c4241, c9d0001a-daad-4532-9e58-9f5f4a7ddd18:c4241]
2019-09-12 14:53:54,281 [grpc-default-executor-5] INFO  client.GrpcClientProtocolClient (GrpcClientProtocolClient.java:onNext(264)) - client-835E41B928D6->6dd5d97a-7455-476f-86d1-706748154c4a: receive RaftClientReply:client-835E41B928D6->6dd5d97a-7455-476f-86d1-706748154c4a@group-349356213E97, cid=2835, SUCCESS, logIndex=4243, commits[6dd5d97a-7455-476f-86d1-706748154c4a:c4243, 8c1a4ac2-2d71-4742-ab0b-89dcc95eb13f:c4241, c9d0001a-daad-4532-9e58-9f5f4a7ddd18:c4241]
2019-09-12 14:53:54,293 [grpc-default-executor-5] INFO  client.GrpcClientProtocolClient (GrpcClientProtocolClient.java:onNext(264)) - client-835E41B928D6->6dd5d97a-7455-476f-86d1-706748154c4a: receive RaftClientReply:client-835E41B928D6->6dd5d97a-7455-476f-86d1-706748154c4a@group-349356213E97, cid=2836, SUCCESS, logIndex=0, commits[6dd5d97a-7455-476f-86d1-706748154c4a:c4244, 8c1a4ac2-2d71-4742-ab0b-89dcc95eb13f:c4243, c9d0001a-daad-4532-9e58-9f5f4a7ddd18:c4243]
2019-09-12 14:53:54,321 [grpc-default-executor-2] INFO  client.GrpcClientProtocolClient (GrpcClientProtocolClient.java:onNext(264)) - client-835E41B928D6->6dd5d97a-7455-476f-86d1-706748154c4a: receive RaftClientReply:client-835E41B928D6->6dd5d97a-7455-476f-86d1-706748154c4a@group-349356213E97, cid=2837, SUCCESS, logIndex=4246, commits[6dd5d97a-7455-476f-86d1-706748154c4a:c4248, 8c1a4ac2-2d71-4742-ab0b-89dcc95eb13f:c4245, c9d0001a-daad-4532-9e58-9f5f4a7ddd18:c4245]
2019-09-12 14:53:54,322 [grpc-default-executor-2] INFO  client.GrpcClientProtocolClient (GrpcClientProtocolClient.java:onNext(264)) - client-835E41B928D6->6dd5d97a-7455-476f-86d1-706748154c4a: receive RaftClientReply:client-835E41B928D6->6dd5d97a-7455-476f-86d1-706748154c4a@group-349356213E97, cid=2838, SUCCESS, logIndex=4247, commits[6dd5d97a-7455-476f-86d1-706748154c4a:c4249, 8c1a4ac2-2d71-4742-ab0b-89dcc95eb13f:c4245, c9d0001a-daad-4532-9e58-9f5f4a7ddd18:c4245]
2019-09-12 14:53:54,322 [grpc-default-executor-2] INFO  client.GrpcClientProtocolClient (GrpcClientProtocolClient.java:onNext(264)) - client-835E41B928D6->6dd5d97a-7455-476f-86d1-706748154c4a: receive RaftClientReply:client-835E41B928D6->6dd5d97a-7455-476f-86d1-706748154c4a@group-349356213E97, cid=2839, SUCCESS, logIndex=4248, commits[6dd5d97a-7455-476f-86d1-706748154c4a:c4249, 8c1a4ac2-2d71-4742-ab0b-89dcc95eb13f:c4245, c9d0001a-daad-4532-9e58-9f5f4a7ddd18:c4245]
2019-09-12 14:53:54,322 [grpc-default-executor-2] INFO  client.GrpcClientProtocolClient (GrpcClientProtocolClient.java:onNext(264)) - client-835E41B928D6->6dd5d97a-7455-476f-86d1-706748154c4a: receive RaftClientReply:client-835E41B928D6->6dd5d97a-7455-476f-86d1-706748154c4a@group-349356213E97, cid=2840, SUCCESS, logIndex=4249, commits[6dd5d97a-7455-476f-86d1-706748154c4a:c4249, 8c1a4ac2-2d71-4742-ab0b-89dcc95eb13f:c4245, c9d0001a-daad-4532-9e58-9f5f4a7ddd18:c4245]
2019-09-12 14:53:54,332 [grpc-default-executor-2] INFO  client.GrpcClientProtocolClient (GrpcClientProtocolClient.java:onNext(264)) - client-835E41B928D6->6dd5d97a-7455-476f-86d1-706748154c4a: receive RaftClientReply:client-835E41B928D6->6dd5d97a-7455-476f-86d1-706748154c4a@group-349356213E97, cid=2841, SUCCESS, logIndex=0, commits[6dd5d97a-7455-476f-86d1-706748154c4a:c4250, 8c1a4ac2-2d71-4742-ab0b-89dcc95eb13f:c4247, c9d0001a-daad-4532-9e58-9f5f4a7ddd18:c4247]
2019-09-12 14:53:54,350 [grpc-default-executor-7] INFO  client.GrpcClientProtocolClient (GrpcClientProtocolClient.java:onNext(264)) - client-835E41B928D6->6dd5d97a-7455-476f-86d1-706748154c4a: receive RaftClientReply:client-835E41B928D6->6dd5d97a-7455-476f-86d1-706748154c4a@group-349356213E97, cid=2842, SUCCESS, logIndex=4254, commits[6dd5d97a-7455-476f-86d1-706748154c4a:c4255, 8c1a4ac2-2d71-4742-ab0b-89dcc95eb13f:c4253, c9d0001a-daad-4532-9e58-9f5f4a7ddd18:c4253]
2019-09-12 14:53:54,351 [grpc-default-executor-7] INFO  client.GrpcClientProtocolClient (GrpcClientProtocolClient.java:onNext(264)) - client-835E41B928D6->6dd5d97a-7455-476f-86d1-706748154c4a: receive RaftClientReply:client-835E41B928D6->6dd5d97a-7455-476f-86d1-706748154c4a@group-349356213E97, cid=2843, SUCCESS, logIndex=4255, commits[6dd5d97a-7455-476f-86d1-706748154c4a:c4255, 8c1a4ac2-2d71-4742-ab0b-89dcc95eb13f:c4253, c9d0001a-daad-4532-9e58-9f5f4a7ddd18:c4253]
2019-09-12 14:53:54,363 [grpc-default-executor-7] INFO  client.GrpcClientProtocolClient (GrpcClientProtocolClient.java:onNext(264)) - client-835E41B928D6->6dd5d97a-7455-476f-86d1-706748154c4a: receive RaftClientReply:client-835E41B928D6->6dd5d97a-7455-476f-86d1-706748154c4a@group-349356213E97, cid=2844, SUCCESS, logIndex=4258, commits[6dd5d97a-7455-476f-86d1-706748154c4a:c4259, 8c1a4ac2-2d71-4742-ab0b-89dcc95eb13f:c4255, c9d0001a-daad-4532-9e58-9f5f4a7ddd18:c4255]
2019-09-12 14:53:54,364 [grpc-default-executor-7] INFO  client.GrpcClientProtocolClient (GrpcClientProtocolClient.java:onNext(264)) - client-835E41B928D6->6dd5d97a-7455-476f-86d1-706748154c4a: receive RaftClientReply:client-835E41B928D6->6dd5d97a-7455-476f-86d1-706748154c4a@group-349356213E97, cid=2845, SUCCESS, logIndex=4259, commits[6dd5d97a-7455-476f-86d1-706748154c4a:c4259, 8c1a4ac2-2d71-4742-ab0b-89dcc95eb13f:c4255, c9d0001a-daad-4532-9e58-9f5f4a7ddd18:c4255]
2019-09-12 14:53:54,375 [grpc-default-executor-7] INFO  client.GrpcClientProtocolClient (GrpcClientProtocolClient.java:onNext(264)) - client-835E41B928D6->6dd5d97a-7455-476f-86d1-706748154c4a: receive RaftClientReply:client-835E41B928D6->6dd5d97a-7455-476f-86d1-706748154c4a@group-349356213E97, cid=2846, SUCCESS, logIndex=0, commits[6dd5d97a-7455-476f-86d1-706748154c4a:c4260, 8c1a4ac2-2d71-4742-ab0b-89dcc95eb13f:c4259, c9d0001a-daad-4532-9e58-9f5f4a7ddd18:c4259]
2019-09-12 14:53:54,403 [grpc-default-executor-7] INFO  client.GrpcClientProtocolClient (GrpcClientProtocolClient.java:onNext(264)) - client-835E41B928D6->6dd5d97a-7455-476f-86d1-706748154c4a: receive RaftClientReply:client-835E41B928D6->6dd5d97a-7455-476f-86d1-706748154c4a@group-349356213E97, cid=2847, SUCCESS, logIndex=4262, commits[6dd5d97a-7455-476f-86d1-706748154c4a:c4263, 8c1a4ac2-2d71-4742-ab0b-89dcc95eb13f:c4259, c9d0001a-daad-4532-9e58-9f5f4a7ddd18:c4261]
2019-09-12 14:53:54,403 [grpc-default-executor-7] INFO  client.GrpcClientProtocolClient (GrpcClientProtocolClient.java:onNext(264)) - client-835E41B928D6->6dd5d97a-7455-476f-86d1-706748154c4a: receive RaftClientReply:client-835E41B928D6->6dd5d97a-7455-476f-86d1-706748154c4a@group-349356213E97, cid=2848, SUCCESS, logIndex=4263, commits[6dd5d97a-7455-476f-86d1-706748154c4a:c4263, 8c1a4ac2-2d71-4742-ab0b-89dcc95eb13f:c4261, c9d0001a-daad-4532-9e58-9f5f4a7ddd18:c4261]
2019-09-12 14:53:54,403 [grpc-default-executor-7] INFO  client.GrpcClientProtocolClient (GrpcClientProtocolClient.java:onNext(264)) - client-835E41B928D6->6dd5d97a-7455-476f-86d1-706748154c4a: receive RaftClientReply:client-835E41B928D6->6dd5d97a-7455-476f-86d1-706748154c4a@group-349356213E97, cid=2849, SUCCESS, logIndex=4264, commits[6dd5d97a-7455-476f-86d1-706748154c4a:c4265, 8c1a4ac2-2d71-4742-ab0b-89dcc95eb13f:c4261, c9d0001a-daad-4532-9e58-9f5f4a7ddd18:c4261]
2019-09-12 14:53:54,403 [grpc-default-executor-7] INFO  client.GrpcClientProtocolClient (GrpcClientProtocolClient.java:onNext(264)) - client-835E41B928D6->6dd5d97a-7455-476f-86d1-706748154c4a: receive RaftClientReply:client-835E41B928D6->6dd5d97a-7455-476f-86d1-706748154c4a@group-349356213E97, cid=2850, SUCCESS, logIndex=4265, commits[6dd5d97a-7455-476f-86d1-706748154c4a:c4265, 8c1a4ac2-2d71-4742-ab0b-89dcc95eb13f:c4261, c9d0001a-daad-4532-9e58-9f5f4a7ddd18:c4261]
 0.00% |█                                                                                                    |  0/1 Time: 0:00:222019-09-12 14:53:54,524 [grpc-default-executor-7] INFO  client.GrpcClientProtocolClient (GrpcClientProtocolClient.java:onNext(264)) - client-835E41B928D6->6dd5d97a-7455-476f-86d1-706748154c4a: receive RaftClientReply:client-835E41B928D6->6dd5d97a-7455-476f-86d1-706748154c4a@group-349356213E97, cid=2851, SUCCESS, logIndex=0, commits[6dd5d97a-7455-476f-86d1-706748154c4a:c4266, 8c1a4ac2-2d71-4742-ab0b-89dcc95eb13f:c4263, c9d0001a-daad-4532-9e58-9f5f4a7ddd18:c4263]
2019-09-12 14:53:54,556 [grpc-default-executor-6] INFO  client.GrpcClientProtocolClient (GrpcClientProtocolClient.java:onNext(264)) - client-835E41B928D6->6dd5d97a-7455-476f-86d1-706748154c4a: receive RaftClientReply:client-835E41B928D6->6dd5d97a-7455-476f-86d1-706748154c4a@group-349356213E97, cid=2852, SUCCESS, logIndex=4270, commits[6dd5d97a-7455-476f-86d1-706748154c4a:c4271, 8c1a4ac2-2d71-4742-ab0b-89dcc95eb13f:c4269, c9d0001a-daad-4532-9e58-9f5f4a7ddd18:c4269]
2019-09-12 14:53:54,556 [grpc-default-executor-6] INFO  client.GrpcClientProtocolClient (GrpcClientProtocolClient.java:onNext(264)) - client-835E41B928D6->6dd5d97a-7455-476f-86d1-706748154c4a: receive RaftClientReply:client-835E41B928D6->6dd5d97a-7455-476f-86d1-706748154c4a@group-349356213E97, cid=2853, SUCCESS, logIndex=4271, commits[6dd5d97a-7455-476f-86d1-706748154c4a:c4271, 8c1a4ac2-2d71-4742-ab0b-89dcc95eb13f:c4269, c9d0001a-daad-4532-9e58-9f5f4a7ddd18:c4269]
2019-09-12 14:53:54,577 [grpc-default-executor-6] INFO  client.GrpcClientProtocolClient (GrpcClientProtocolClient.java:onNext(264)) - client-835E41B928D6->6dd5d97a-7455-476f-86d1-706748154c4a: receive RaftClientReply:client-835E41B928D6->6dd5d97a-7455-476f-86d1-706748154c4a@group-349356213E97, cid=2854, SUCCESS, logIndex=4274, commits[6dd5d97a-7455-476f-86d1-706748154c4a:c4275, 8c1a4ac2-2d71-4742-ab0b-89dcc95eb13f:c4273, c9d0001a-daad-4532-9e58-9f5f4a7ddd18:c4273]
2019-09-12 14:53:54,578 [grpc-default-executor-6] INFO  client.GrpcClientProtocolClient (GrpcClientProtocolClient.java:onNext(264)) - client-835E41B928D6->6dd5d97a-7455-476f-86d1-706748154c4a: receive RaftClientReply:client-835E41B928D6->6dd5d97a-7455-476f-86d1-706748154c4a@group-349356213E97, cid=2855, SUCCESS, logIndex=4275, commits[6dd5d97a-7455-476f-86d1-706748154c4a:c4275, 8c1a4ac2-2d71-4742-ab0b-89dcc95eb13f:c4273, c9d0001a-daad-4532-9e58-9f5f4a7ddd18:c4273]
2019-09-12 14:53:54,589 [grpc-default-executor-6] INFO  client.GrpcClientProtocolClient (GrpcClientProtocolClient.java:onNext(264)) - client-835E41B928D6->6dd5d97a-7455-476f-86d1-706748154c4a: receive RaftClientReply:client-835E41B928D6->6dd5d97a-7455-476f-86d1-706748154c4a@group-349356213E97, cid=2856, SUCCESS, logIndex=0, commits[6dd5d97a-7455-476f-86d1-706748154c4a:c4276, 8c1a4ac2-2d71-4742-ab0b-89dcc95eb13f:c4275, c9d0001a-daad-4532-9e58-9f5f4a7ddd18:c4275]
2019-09-12 14:53:54,622 [grpc-default-executor-7] INFO  client.GrpcClientProtocolClient (GrpcClientProtocolClient.java:onNext(264)) - client-835E41B928D6->6dd5d97a-7455-476f-86d1-706748154c4a: receive RaftClientReply:client-835E41B928D6->6dd5d97a-7455-476f-86d1-706748154c4a@group-349356213E97, cid=2857, SUCCESS, logIndex=4278, commits[6dd5d97a-7455-476f-86d1-706748154c4a:c4279, 8c1a4ac2-2d71-4742-ab0b-89dcc95eb13f:c4277, c9d0001a-daad-4532-9e58-9f5f4a7ddd18:c4277]
2019-09-12 14:53:54,622 [grpc-default-executor-7] INFO  client.GrpcClientProtocolClient (GrpcClientProtocolClient.java:onNext(264)) - client-835E41B928D6->6dd5d97a-7455-476f-86d1-706748154c4a: receive RaftClientReply:client-835E41B928D6->6dd5d97a-7455-476f-86d1-706748154c4a@group-349356213E97, cid=2858, SUCCESS, logIndex=4279, commits[6dd5d97a-7455-476f-86d1-706748154c4a:c4279, 8c1a4ac2-2d71-4742-ab0b-89dcc95eb13f:c4277, c9d0001a-daad-4532-9e58-9f5f4a7ddd18:c4277]
2019-09-12 14:53:54,625 [grpc-default-executor-6] INFO  client.GrpcClientProtocolClient (GrpcClientProtocolClient.java:onNext(264)) - client-835E41B928D6->6dd5d97a-7455-476f-86d1-706748154c4a: receive RaftClientReply:client-835E41B928D6->6dd5d97a-7455-476f-86d1-706748154c4a@group-349356213E97, cid=2859, SUCCESS, logIndex=4280, commits[6dd5d97a-7455-476f-86d1-706748154c4a:c4281, 8c1a4ac2-2d71-4742-ab0b-89dcc95eb13f:c4277, c9d0001a-daad-4532-9e58-9f5f4a7ddd18:c4277]
2019-09-12 14:53:54,625 [grpc-default-executor-6] INFO  client.GrpcClientProtocolClient (GrpcClientProtocolClient.java:onNext(264)) - client-835E41B928D6->6dd5d97a-7455-476f-86d1-706748154c4a: receive RaftClientReply:client-835E41B928D6->6dd5d97a-7455-476f-86d1-706748154c4a@group-349356213E97, cid=2860, SUCCESS, logIndex=4281, commits[6dd5d97a-7455-476f-86d1-706748154c4a:c4281, 8c1a4ac2-2d71-4742-ab0b-89dcc95eb13f:c4277, c9d0001a-daad-4532-9e58-9f5f4a7ddd18:c4277]
2019-09-12 14:53:54,638 [grpc-default-executor-6] INFO  client.GrpcClientProtocolClient (GrpcClientProtocolClient.java:onNext(264)) - client-835E41B928D6->6dd5d97a-7455-476f-86d1-706748154c4a: receive RaftClientReply:client-835E41B928D6->6dd5d97a-7455-476f-86d1-706748154c4a@group-349356213E97, cid=2861, SUCCESS, logIndex=0, commits[6dd5d97a-7455-476f-86d1-706748154c4a:c4283, 8c1a4ac2-2d71-4742-ab0b-89dcc95eb13f:c4279, c9d0001a-daad-4532-9e58-9f5f4a7ddd18:c4279]
2019-09-12 14:53:54,662 [grpc-default-executor-6] INFO  client.GrpcClientProtocolClient (GrpcClientProtocolClient.java:onNext(264)) - client-835E41B928D6->6dd5d97a-7455-476f-86d1-706748154c4a: receive RaftClientReply:client-835E41B928D6->6dd5d97a-7455-476f-86d1-706748154c4a@group-349356213E97, cid=2862, SUCCESS, logIndex=4286, commits[6dd5d97a-7455-476f-86d1-706748154c4a:c4287, 8c1a4ac2-2d71-4742-ab0b-89dcc95eb13f:c4283, c9d0001a-daad-4532-9e58-9f5f4a7ddd18:c4283]
2019-09-12 14:53:54,663 [grpc-default-executor-6] INFO  client.GrpcClientProtocolClient (GrpcClientProtocolClient.java:onNext(264)) - client-835E41B928D6->6dd5d97a-7455-476f-86d1-706748154c4a: receive RaftClientReply:client-835E41B928D6->6dd5d97a-7455-476f-86d1-706748154c4a@group-349356213E97, cid=2863, SUCCESS, logIndex=4287, commits[6dd5d97a-7455-476f-86d1-706748154c4a:c4287, 8c1a4ac2-2d71-4742-ab0b-89dcc95eb13f:c4283, c9d0001a-daad-4532-9e58-9f5f4a7ddd18:c4283]
2019-09-12 14:53:54,674 [grpc-default-executor-5] INFO  client.GrpcClientProtocolClient (GrpcClientProtocolClient.java:onNext(264)) - client-835E41B928D6->6dd5d97a-7455-476f-86d1-706748154c4a: receive RaftClientReply:client-835E41B928D6->6dd5d97a-7455-476f-86d1-706748154c4a@group-349356213E97, cid=2864, SUCCESS, logIndex=4290, commits[6dd5d97a-7455-476f-86d1-706748154c4a:c4291, 8c1a4ac2-2d71-4742-ab0b-89dcc95eb13f:c4287, c9d0001a-daad-4532-9e58-9f5f4a7ddd18:c4287]
2019-09-12 14:53:54,674 [grpc-default-executor-5] INFO  client.GrpcClientProtocolClient (GrpcClientProtocolClient.java:onNext(264)) - client-835E41B928D6->6dd5d97a-7455-476f-86d1-706748154c4a: receive RaftClientReply:client-835E41B928D6->6dd5d97a-7455-476f-86d1-706748154c4a@group-349356213E97, cid=2865, SUCCESS, logIndex=4291, commits[6dd5d97a-7455-476f-86d1-706748154c4a:c4291, 8c1a4ac2-2d71-4742-ab0b-89dcc95eb13f:c4287, c9d0001a-daad-4532-9e58-9f5f4a7ddd18:c4287]
2019-09-12 14:53:54,682 [grpc-default-executor-5] INFO  client.GrpcClientProtocolClient (GrpcClientProtocolClient.java:onNext(264)) - client-835E41B928D6->6dd5d97a-7455-476f-86d1-706748154c4a: receive RaftClientReply:client-835E41B928D6->6dd5d97a-7455-476f-86d1-706748154c4a@group-349356213E97, cid=2866, SUCCESS, logIndex=0, commits[6dd5d97a-7455-476f-86d1-706748154c4a:c4293, 8c1a4ac2-2d71-4742-ab0b-89dcc95eb13f:c4291, c9d0001a-daad-4532-9e58-9f5f4a7ddd18:c4291]
2019-09-12 14:53:54,711 [grpc-default-executor-5] INFO  client.GrpcClientProtocolClient (GrpcClientProtocolClient.java:onNext(264)) - client-835E41B928D6->6dd5d97a-7455-476f-86d1-706748154c4a: receive RaftClientReply:client-835E41B928D6->6dd5d97a-7455-476f-86d1-706748154c4a@group-349356213E97, cid=2867, SUCCESS, logIndex=4294, commits[6dd5d97a-7455-476f-86d1-706748154c4a:c4295, 8c1a4ac2-2d71-4742-ab0b-89dcc95eb13f:c4293, c9d0001a-daad-4532-9e58-9f5f4a7ddd18:c4293]
2019-09-12 14:53:54,711 [grpc-default-executor-7] INFO  client.GrpcClientProtocolClient (GrpcClientProtocolClient.java:onNext(264)) - client-835E41B928D6->6dd5d97a-7455-476f-86d1-706748154c4a: receive RaftClientReply:client-835E41B928D6->6dd5d97a-7455-476f-86d1-706748154c4a@group-349356213E97, cid=2868, SUCCESS, logIndex=4295, commits[6dd5d97a-7455-476f-86d1-706748154c4a:c4295, 8c1a4ac2-2d71-4742-ab0b-89dcc95eb13f:c4293, c9d0001a-daad-4532-9e58-9f5f4a7ddd18:c4293]
2019-09-12 14:53:54,712 [grpc-default-executor-7] INFO  client.GrpcClientProtocolClient (GrpcClientProtocolClient.java:onNext(264)) - client-835E41B928D6->6dd5d97a-7455-476f-86d1-706748154c4a: receive RaftClientReply:client-835E41B928D6->6dd5d97a-7455-476f-86d1-706748154c4a@group-349356213E97, cid=2869, SUCCESS, logIndex=4296, commits[6dd5d97a-7455-476f-86d1-706748154c4a:c4297, 8c1a4ac2-2d71-4742-ab0b-89dcc95eb13f:c4293, c9d0001a-daad-4532-9e58-9f5f4a7ddd18:c4293]
2019-09-12 14:53:54,712 [grpc-default-executor-7] INFO  client.GrpcClientProtocolClient (GrpcClientProtocolClient.java:onNext(264)) - client-835E41B928D6->6dd5d97a-7455-476f-86d1-706748154c4a: receive RaftClientReply:client-835E41B928D6->6dd5d97a-7455-476f-86d1-706748154c4a@group-349356213E97, cid=2870, SUCCESS, logIndex=4297, commits[6dd5d97a-7455-476f-86d1-706748154c4a:c4297, 8c1a4ac2-2d71-4742-ab0b-89dcc95eb13f:c4293, c9d0001a-daad-4532-9e58-9f5f4a7ddd18:c4293]
2019-09-12 14:53:54,713 [grpc-default-executor-7] INFO  client.GrpcClientProtocolClient (GrpcClientProtocolClient.java:onNext(264)) - client-835E41B928D6->6dd5d97a-7455-476f-86d1-706748154c4a: receive RaftClientReply:client-835E41B928D6->6dd5d97a-7455-476f-86d1-706748154c4a@group-349356213E97, cid=2871, SUCCESS, logIndex=0, commits[6dd5d97a-7455-476f-86d1-706748154c4a:c4299, 8c1a4ac2-2d71-4742-ab0b-89dcc95eb13f:c4295, c9d0001a-daad-4532-9e58-9f5f4a7ddd18:c4295]
2019-09-12 14:53:54,731 [grpc-default-executor-7] INFO  client.GrpcClientProtocolClient (GrpcClientProtocolClient.java:onNext(264)) - client-835E41B928D6->6dd5d97a-7455-476f-86d1-706748154c4a: receive RaftClientReply:client-835E41B928D6->6dd5d97a-7455-476f-86d1-706748154c4a@group-349356213E97, cid=2872, SUCCESS, logIndex=4302, commits[6dd5d97a-7455-476f-86d1-706748154c4a:c4303, 8c1a4ac2-2d71-4742-ab0b-89dcc95eb13f:c4301, c9d0001a-daad-4532-9e58-9f5f4a7ddd18:c4301]
2019-09-12 14:53:54,732 [grpc-default-executor-7] INFO  client.GrpcClientProtocolClient (GrpcClientProtocolClient.java:onNext(264)) - client-835E41B928D6->6dd5d97a-7455-476f-86d1-706748154c4a: receive RaftClientReply:client-835E41B928D6->6dd5d97a-7455-476f-86d1-706748154c4a@group-349356213E97, cid=2873, SUCCESS, logIndex=4303, commits[6dd5d97a-7455-476f-86d1-706748154c4a:c4303, 8c1a4ac2-2d71-4742-ab0b-89dcc95eb13f:c4301, c9d0001a-daad-4532-9e58-9f5f4a7ddd18:c4301]
2019-09-12 14:53:54,744 [grpc-default-executor-6] INFO  client.GrpcClientProtocolClient (GrpcClientProtocolClient.java:onNext(264)) - client-835E41B928D6->6dd5d97a-7455-476f-86d1-706748154c4a: receive RaftClientReply:client-835E41B928D6->6dd5d97a-7455-476f-86d1-706748154c4a@group-349356213E97, cid=2874, SUCCESS, logIndex=4306, commits[6dd5d97a-7455-476f-86d1-706748154c4a:c4307, 8c1a4ac2-2d71-4742-ab0b-89dcc95eb13f:c4303, c9d0001a-daad-4532-9e58-9f5f4a7ddd18:c4303]
2019-09-12 14:53:54,744 [grpc-default-executor-6] INFO  client.GrpcClientProtocolClient (GrpcClientProtocolClient.java:onNext(264)) - client-835E41B928D6->6dd5d97a-7455-476f-86d1-706748154c4a: receive RaftClientReply:client-835E41B928D6->6dd5d97a-7455-476f-86d1-706748154c4a@group-349356213E97, cid=2875, SUCCESS, logIndex=4307, commits[6dd5d97a-7455-476f-86d1-706748154c4a:c4307, 8c1a4ac2-2d71-4742-ab0b-89dcc95eb13f:c4303, c9d0001a-daad-4532-9e58-9f5f4a7ddd18:c4303]
2019-09-12 14:53:54,756 [grpc-default-executor-6] INFO  client.GrpcClientProtocolClient (GrpcClientProtocolClient.java:onNext(264)) - client-835E41B928D6->6dd5d97a-7455-476f-86d1-706748154c4a: receive RaftClientReply:client-835E41B928D6->6dd5d97a-7455-476f-86d1-706748154c4a@group-349356213E97, cid=2876, SUCCESS, logIndex=0, commits[6dd5d97a-7455-476f-86d1-706748154c4a:c4308, 8c1a4ac2-2d71-4742-ab0b-89dcc95eb13f:c4307, c9d0001a-daad-4532-9e58-9f5f4a7ddd18:c4307]
2019-09-12 14:53:54,784 [grpc-default-executor-7] INFO  client.GrpcClientProtocolClient (GrpcClientProtocolClient.java:onNext(264)) - client-835E41B928D6->6dd5d97a-7455-476f-86d1-706748154c4a: receive RaftClientReply:client-835E41B928D6->6dd5d97a-7455-476f-86d1-706748154c4a@group-349356213E97, cid=2877, SUCCESS, logIndex=4310, commits[6dd5d97a-7455-476f-86d1-706748154c4a:c4311, 8c1a4ac2-2d71-4742-ab0b-89dcc95eb13f:c4309, c9d0001a-daad-4532-9e58-9f5f4a7ddd18:c4309]
2019-09-12 14:53:54,784 [grpc-default-executor-7] INFO  client.GrpcClientProtocolClient (GrpcClientProtocolClient.java:onNext(264)) - client-835E41B928D6->6dd5d97a-7455-476f-86d1-706748154c4a: receive RaftClientReply:client-835E41B928D6->6dd5d97a-7455-476f-86d1-706748154c4a@group-349356213E97, cid=2878, SUCCESS, logIndex=4311, commits[6dd5d97a-7455-476f-86d1-706748154c4a:c4311, 8c1a4ac2-2d71-4742-ab0b-89dcc95eb13f:c4309, c9d0001a-daad-4532-9e58-9f5f4a7ddd18:c4309]
2019-09-12 14:53:54,785 [grpc-default-executor-7] INFO  client.GrpcClientProtocolClient (GrpcClientProtocolClient.java:onNext(264)) - client-835E41B928D6->6dd5d97a-7455-476f-86d1-706748154c4a: receive RaftClientReply:client-835E41B928D6->6dd5d97a-7455-476f-86d1-706748154c4a@group-349356213E97, cid=2879, SUCCESS, logIndex=4312, commits[6dd5d97a-7455-476f-86d1-706748154c4a:c4313, 8c1a4ac2-2d71-4742-ab0b-89dcc95eb13f:c4309, c9d0001a-daad-4532-9e58-9f5f4a7ddd18:c4309]
2019-09-12 14:53:54,785 [grpc-default-executor-7] INFO  client.GrpcClientProtocolClient (GrpcClientProtocolClient.java:onNext(264)) - client-835E41B928D6->6dd5d97a-7455-476f-86d1-706748154c4a: receive RaftClientReply:client-835E41B928D6->6dd5d97a-7455-476f-86d1-706748154c4a@group-349356213E97, cid=2880, SUCCESS, logIndex=4313, commits[6dd5d97a-7455-476f-86d1-706748154c4a:c4313, 8c1a4ac2-2d71-4742-ab0b-89dcc95eb13f:c4309, c9d0001a-daad-4532-9e58-9f5f4a7ddd18:c4309]
2019-09-12 14:53:54,798 [grpc-default-executor-7] INFO  client.GrpcClientProtocolClient (GrpcClientProtocolClient.java:onNext(264)) - client-835E41B928D6->6dd5d97a-7455-476f-86d1-706748154c4a: receive RaftClientReply:client-835E41B928D6->6dd5d97a-7455-476f-86d1-706748154c4a@group-349356213E97, cid=2881, SUCCESS, logIndex=0, commits[6dd5d97a-7455-476f-86d1-706748154c4a:c4315, 8c1a4ac2-2d71-4742-ab0b-89dcc95eb13f:c4311, c9d0001a-daad-4532-9e58-9f5f4a7ddd18:c4311]
2019-09-12 14:53:54,821 [grpc-default-executor-6] INFO  client.GrpcClientProtocolClient (GrpcClientProtocolClient.java:onNext(264)) - client-835E41B928D6->6dd5d97a-7455-476f-86d1-706748154c4a: receive RaftClientReply:client-835E41B928D6->6dd5d97a-7455-476f-86d1-706748154c4a@group-349356213E97, cid=2882, SUCCESS, logIndex=4318, commits[6dd5d97a-7455-476f-86d1-706748154c4a:c4319, 8c1a4ac2-2d71-4742-ab0b-89dcc95eb13f:c4317, c9d0001a-daad-4532-9e58-9f5f4a7ddd18:c4317]
2019-09-12 14:53:54,821 [grpc-default-executor-6] INFO  client.GrpcClientProtocolClient (GrpcClientProtocolClient.java:onNext(264)) - client-835E41B928D6->6dd5d97a-7455-476f-86d1-706748154c4a: receive RaftClientReply:client-835E41B928D6->6dd5d97a-7455-476f-86d1-706748154c4a@group-349356213E97, cid=2883, SUCCESS, logIndex=4319, commits[6dd5d97a-7455-476f-86d1-706748154c4a:c4319, 8c1a4ac2-2d71-4742-ab0b-89dcc95eb13f:c4317, c9d0001a-daad-4532-9e58-9f5f4a7ddd18:c4317]
2019-09-12 14:53:54,835 [grpc-default-executor-7] INFO  client.GrpcClientProtocolClient (GrpcClientProtocolClient.java:onNext(264)) - client-835E41B928D6->6dd5d97a-7455-476f-86d1-706748154c4a: receive RaftClientReply:client-835E41B928D6->6dd5d97a-7455-476f-86d1-706748154c4a@group-349356213E97, cid=2884, SUCCESS, logIndex=4322, commits[6dd5d97a-7455-476f-86d1-706748154c4a:c4323, 8c1a4ac2-2d71-4742-ab0b-89dcc95eb13f:c4319, c9d0001a-daad-4532-9e58-9f5f4a7ddd18:c4319]
2019-09-12 14:53:54,836 [grpc-default-executor-7] INFO  client.GrpcClientProtocolClient (GrpcClientProtocolClient.java:onNext(264)) - client-835E41B928D6->6dd5d97a-7455-476f-86d1-706748154c4a: receive RaftClientReply:client-835E41B928D6->6dd5d97a-7455-476f-86d1-706748154c4a@group-349356213E97, cid=2885, SUCCESS, logIndex=4323, commits[6dd5d97a-7455-476f-86d1-706748154c4a:c4323, 8c1a4ac2-2d71-4742-ab0b-89dcc95eb13f:c4319, c9d0001a-daad-4532-9e58-9f5f4a7ddd18:c4319]
2019-09-12 14:53:54,847 [grpc-default-executor-7] INFO  client.GrpcClientProtocolClient (GrpcClientProtocolClient.java:onNext(264)) - client-835E41B928D6->6dd5d97a-7455-476f-86d1-706748154c4a: receive RaftClientReply:client-835E41B928D6->6dd5d97a-7455-476f-86d1-706748154c4a@group-349356213E97, cid=2886, SUCCESS, logIndex=0, commits[6dd5d97a-7455-476f-86d1-706748154c4a:c4324, 8c1a4ac2-2d71-4742-ab0b-89dcc95eb13f:c4323, c9d0001a-daad-4532-9e58-9f5f4a7ddd18:c4323]
2019-09-12 14:53:54,874 [grpc-default-executor-6] INFO  client.GrpcClientProtocolClient (GrpcClientProtocolClient.java:onNext(264)) - client-835E41B928D6->6dd5d97a-7455-476f-86d1-706748154c4a: receive RaftClientReply:client-835E41B928D6->6dd5d97a-7455-476f-86d1-706748154c4a@group-349356213E97, cid=2887, SUCCESS, logIndex=4326, commits[6dd5d97a-7455-476f-86d1-706748154c4a:c4329, 8c1a4ac2-2d71-4742-ab0b-89dcc95eb13f:c4325, c9d0001a-daad-4532-9e58-9f5f4a7ddd18:c4325]
2019-09-12 14:53:54,875 [grpc-default-executor-6] INFO  client.GrpcClientProtocolClient (GrpcClientProtocolClient.java:onNext(264)) - client-835E41B928D6->6dd5d97a-7455-476f-86d1-706748154c4a: receive RaftClientReply:client-835E41B928D6->6dd5d97a-7455-476f-86d1-706748154c4a@group-349356213E97, cid=2888, SUCCESS, logIndex=4327, commits[6dd5d97a-7455-476f-86d1-706748154c4a:c4329, 8c1a4ac2-2d71-4742-ab0b-89dcc95eb13f:c4325, c9d0001a-daad-4532-9e58-9f5f4a7ddd18:c4325]
2019-09-12 14:53:54,875 [grpc-default-executor-6] INFO  client.GrpcClientProtocolClient (GrpcClientProtocolClient.java:onNext(264)) - client-835E41B928D6->6dd5d97a-7455-476f-86d1-706748154c4a: receive RaftClientReply:client-835E41B928D6->6dd5d97a-7455-476f-86d1-706748154c4a@group-349356213E97, cid=2889, SUCCESS, logIndex=4328, commits[6dd5d97a-7455-476f-86d1-706748154c4a:c4329, 8c1a4ac2-2d71-4742-ab0b-89dcc95eb13f:c4325, c9d0001a-daad-4532-9e58-9f5f4a7ddd18:c4325]
2019-09-12 14:53:54,875 [grpc-default-executor-6] INFO  client.GrpcClientProtocolClient (GrpcClientProtocolClient.java:onNext(264)) - client-835E41B928D6->6dd5d97a-7455-476f-86d1-706748154c4a: receive RaftClientReply:client-835E41B928D6->6dd5d97a-7455-476f-86d1-706748154c4a@group-349356213E97, cid=2890, SUCCESS, logIndex=4329, commits[6dd5d97a-7455-476f-86d1-706748154c4a:c4329, 8c1a4ac2-2d71-4742-ab0b-89dcc95eb13f:c4325, c9d0001a-daad-4532-9e58-9f5f4a7ddd18:c4327]
2019-09-12 14:53:54,876 [grpc-default-executor-6] INFO  client.GrpcClientProtocolClient (GrpcClientProtocolClient.java:onNext(264)) - client-835E41B928D6->6dd5d97a-7455-476f-86d1-706748154c4a: receive RaftClientReply:client-835E41B928D6->6dd5d97a-7455-476f-86d1-706748154c4a@group-349356213E97, cid=2891, SUCCESS, logIndex=0, commits[6dd5d97a-7455-476f-86d1-706748154c4a:c4331, 8c1a4ac2-2d71-4742-ab0b-89dcc95eb13f:c4328, c9d0001a-daad-4532-9e58-9f5f4a7ddd18:c4327]
2019-09-12 14:53:54,892 [grpc-default-executor-2] INFO  client.GrpcClientProtocolClient (GrpcClientProtocolClient.java:onNext(264)) - client-835E41B928D6->6dd5d97a-7455-476f-86d1-706748154c4a: receive RaftClientReply:client-835E41B928D6->6dd5d97a-7455-476f-86d1-706748154c4a@group-349356213E97, cid=2892, SUCCESS, logIndex=4334, commits[6dd5d97a-7455-476f-86d1-706748154c4a:c4335, 8c1a4ac2-2d71-4742-ab0b-89dcc95eb13f:c4333, c9d0001a-daad-4532-9e58-9f5f4a7ddd18:c4333]
2019-09-12 14:53:54,893 [grpc-default-executor-2] INFO  client.GrpcClientProtocolClient (GrpcClientProtocolClient.java:onNext(264)) - client-835E41B928D6->6dd5d97a-7455-476f-86d1-706748154c4a: receive RaftClientReply:client-835E41B928D6->6dd5d97a-7455-476f-86d1-706748154c4a@group-349356213E97, cid=2893, SUCCESS, logIndex=4335, commits[6dd5d97a-7455-476f-86d1-706748154c4a:c4335, 8c1a4ac2-2d71-4742-ab0b-89dcc95eb13f:c4333, c9d0001a-daad-4532-9e58-9f5f4a7ddd18:c4333]
2019-09-12 14:53:54,911 [grpc-default-executor-2] INFO  client.GrpcClientProtocolClient (GrpcClientProtocolClient.java:onNext(264)) - client-835E41B928D6->6dd5d97a-7455-476f-86d1-706748154c4a: receive RaftClientReply:client-835E41B928D6->6dd5d97a-7455-476f-86d1-706748154c4a@group-349356213E97, cid=2894, SUCCESS, logIndex=4338, commits[6dd5d97a-7455-476f-86d1-706748154c4a:c4339, 8c1a4ac2-2d71-4742-ab0b-89dcc95eb13f:c4337, c9d0001a-daad-4532-9e58-9f5f4a7ddd18:c4337]
2019-09-12 14:53:54,911 [grpc-default-executor-2] INFO  client.GrpcClientProtocolClient (GrpcClientProtocolClient.java:onNext(264)) - client-835E41B928D6->6dd5d97a-7455-476f-86d1-706748154c4a: receive RaftClientReply:client-835E41B928D6->6dd5d97a-7455-476f-86d1-706748154c4a@group-349356213E97, cid=2895, SUCCESS, logIndex=4339, commits[6dd5d97a-7455-476f-86d1-706748154c4a:c4339, 8c1a4ac2-2d71-4742-ab0b-89dcc95eb13f:c4337, c9d0001a-daad-4532-9e58-9f5f4a7ddd18:c4337]
2019-09-12 14:53:54,925 [grpc-default-executor-2] INFO  client.GrpcClientProtocolClient (GrpcClientProtocolClient.java:onNext(264)) - client-835E41B928D6->6dd5d97a-7455-476f-86d1-706748154c4a: receive RaftClientReply:client-835E41B928D6->6dd5d97a-7455-476f-86d1-706748154c4a@group-349356213E97, cid=2896, SUCCESS, logIndex=0, commits[6dd5d97a-7455-476f-86d1-706748154c4a:c4341, 8c1a4ac2-2d71-4742-ab0b-89dcc95eb13f:c4339, c9d0001a-daad-4532-9e58-9f5f4a7ddd18:c4339]
2019-09-12 14:53:54,953 [grpc-default-executor-2] INFO  client.GrpcClientProtocolClient (GrpcClientProtocolClient.java:onNext(264)) - client-835E41B928D6->6dd5d97a-7455-476f-86d1-706748154c4a: receive RaftClientReply:client-835E41B928D6->6dd5d97a-7455-476f-86d1-706748154c4a@group-349356213E97, cid=2897, SUCCESS, logIndex=4342, commits[6dd5d97a-7455-476f-86d1-706748154c4a:c4343, 8c1a4ac2-2d71-4742-ab0b-89dcc95eb13f:c4341, c9d0001a-daad-4532-9e58-9f5f4a7ddd18:c4341]
2019-09-12 14:53:54,953 [grpc-default-executor-2] INFO  client.GrpcClientProtocolClient (GrpcClientProtocolClient.java:onNext(264)) - client-835E41B928D6->6dd5d97a-7455-476f-86d1-706748154c4a: receive RaftClientReply:client-835E41B928D6->6dd5d97a-7455-476f-86d1-706748154c4a@group-349356213E97, cid=2898, SUCCESS, logIndex=4343, commits[6dd5d97a-7455-476f-86d1-706748154c4a:c4345, 8c1a4ac2-2d71-4742-ab0b-89dcc95eb13f:c4341, c9d0001a-daad-4532-9e58-9f5f4a7ddd18:c4341]
2019-09-12 14:53:54,953 [grpc-default-executor-2] INFO  client.GrpcClientProtocolClient (GrpcClientProtocolClient.java:onNext(264)) - client-835E41B928D6->6dd5d97a-7455-476f-86d1-706748154c4a: receive RaftClientReply:client-835E41B928D6->6dd5d97a-7455-476f-86d1-706748154c4a@group-349356213E97, cid=2899, SUCCESS, logIndex=4344, commits[6dd5d97a-7455-476f-86d1-706748154c4a:c4345, 8c1a4ac2-2d71-4742-ab0b-89dcc95eb13f:c4341, c9d0001a-daad-4532-9e58-9f5f4a7ddd18:c4341]
2019-09-12 14:53:54,953 [grpc-default-executor-2] INFO  client.GrpcClientProtocolClient (GrpcClientProtocolClient.java:onNext(264)) - client-835E41B928D6->6dd5d97a-7455-476f-86d1-706748154c4a: receive RaftClientReply:client-835E41B928D6->6dd5d97a-7455-476f-86d1-706748154c4a@group-349356213E97, cid=2900, SUCCESS, logIndex=4345, commits[6dd5d97a-7455-476f-86d1-706748154c4a:c4345, 8c1a4ac2-2d71-4742-ab0b-89dcc95eb13f:c4341, c9d0001a-daad-4532-9e58-9f5f4a7ddd18:c4341]
2019-09-12 14:53:54,966 [grpc-default-executor-2] INFO  client.GrpcClientProtocolClient (GrpcClientProtocolClient.java:onNext(264)) - client-835E41B928D6->6dd5d97a-7455-476f-86d1-706748154c4a: receive RaftClientReply:client-835E41B928D6->6dd5d97a-7455-476f-86d1-706748154c4a@group-349356213E97, cid=2901, SUCCESS, logIndex=0, commits[6dd5d97a-7455-476f-86d1-706748154c4a:c4348, 8c1a4ac2-2d71-4742-ab0b-89dcc95eb13f:c4343, c9d0001a-daad-4532-9e58-9f5f4a7ddd18:c4344]
2019-09-12 14:53:54,985 [grpc-default-executor-2] INFO  client.GrpcClientProtocolClient (GrpcClientProtocolClient.java:onNext(264)) - client-835E41B928D6->6dd5d97a-7455-476f-86d1-706748154c4a: receive RaftClientReply:client-835E41B928D6->6dd5d97a-7455-476f-86d1-706748154c4a@group-349356213E97, cid=2902, SUCCESS, logIndex=4350, commits[6dd5d97a-7455-476f-86d1-706748154c4a:c4351, 8c1a4ac2-2d71-4742-ab0b-89dcc95eb13f:c4349, c9d0001a-daad-4532-9e58-9f5f4a7ddd18:c4349]
2019-09-12 14:53:54,985 [grpc-default-executor-2] INFO  client.GrpcClientProtocolClient (GrpcClientProtocolClient.java:onNext(264)) - client-835E41B928D6->6dd5d97a-7455-476f-86d1-706748154c4a: receive RaftClientReply:client-835E41B928D6->6dd5d97a-7455-476f-86d1-706748154c4a@group-349356213E97, cid=2903, SUCCESS, logIndex=4351, commits[6dd5d97a-7455-476f-86d1-706748154c4a:c4351, 8c1a4ac2-2d71-4742-ab0b-89dcc95eb13f:c4349, c9d0001a-daad-4532-9e58-9f5f4a7ddd18:c4349]
2019-09-12 14:53:54,999 [grpc-default-executor-6] INFO  client.GrpcClientProtocolClient (GrpcClientProtocolClient.java:onNext(264)) - client-835E41B928D6->6dd5d97a-7455-476f-86d1-706748154c4a: receive RaftClientReply:client-835E41B928D6->6dd5d97a-7455-476f-86d1-706748154c4a@group-349356213E97, cid=2904, SUCCESS, logIndex=4354, commits[6dd5d97a-7455-476f-86d1-706748154c4a:c4355, 8c1a4ac2-2d71-4742-ab0b-89dcc95eb13f:c4351, c9d0001a-daad-4532-9e58-9f5f4a7ddd18:c4351]
2019-09-12 14:53:55,000 [grpc-default-executor-6] INFO  client.GrpcClientProtocolClient (GrpcClientProtocolClient.java:onNext(264)) - client-835E41B928D6->6dd5d97a-7455-476f-86d1-706748154c4a: receive RaftClientReply:client-835E41B928D6->6dd5d97a-7455-476f-86d1-706748154c4a@group-349356213E97, cid=2905, SUCCESS, logIndex=4355, commits[6dd5d97a-7455-476f-86d1-706748154c4a:c4355, 8c1a4ac2-2d71-4742-ab0b-89dcc95eb13f:c4351, c9d0001a-daad-4532-9e58-9f5f4a7ddd18:c4351]
2019-09-12 14:53:55,013 [grpc-default-executor-6] INFO  client.GrpcClientProtocolClient (GrpcClientProtocolClient.java:onNext(264)) - client-835E41B928D6->6dd5d97a-7455-476f-86d1-706748154c4a: receive RaftClientReply:client-835E41B928D6->6dd5d97a-7455-476f-86d1-706748154c4a@group-349356213E97, cid=2906, SUCCESS, logIndex=0, commits[6dd5d97a-7455-476f-86d1-706748154c4a:c4357, 8c1a4ac2-2d71-4742-ab0b-89dcc95eb13f:c4355, c9d0001a-daad-4532-9e58-9f5f4a7ddd18:c4355]
2019-09-12 14:53:55,041 [grpc-default-executor-5] INFO  client.GrpcClientProtocolClient (GrpcClientProtocolClient.java:onNext(264)) - client-835E41B928D6->6dd5d97a-7455-476f-86d1-706748154c4a: receive RaftClientReply:client-835E41B928D6->6dd5d97a-7455-476f-86d1-706748154c4a@group-349356213E97, cid=2907, SUCCESS, logIndex=4358, commits[6dd5d97a-7455-476f-86d1-706748154c4a:c4360, 8c1a4ac2-2d71-4742-ab0b-89dcc95eb13f:c4357, c9d0001a-daad-4532-9e58-9f5f4a7ddd18:c4357]
2019-09-12 14:53:55,042 [grpc-default-executor-5] INFO  client.GrpcClientProtocolClient (GrpcClientProtocolClient.java:onNext(264)) - client-835E41B928D6->6dd5d97a-7455-476f-86d1-706748154c4a: receive RaftClientReply:client-835E41B928D6->6dd5d97a-7455-476f-86d1-706748154c4a@group-349356213E97, cid=2908, SUCCESS, logIndex=4359, commits[6dd5d97a-7455-476f-86d1-706748154c4a:c4361, 8c1a4ac2-2d71-4742-ab0b-89dcc95eb13f:c4357, c9d0001a-daad-4532-9e58-9f5f4a7ddd18:c4357]
2019-09-12 14:53:55,042 [grpc-default-executor-5] INFO  client.GrpcClientProtocolClient (GrpcClientProtocolClient.java:onNext(264)) - client-835E41B928D6->6dd5d97a-7455-476f-86d1-706748154c4a: receive RaftClientReply:client-835E41B928D6->6dd5d97a-7455-476f-86d1-706748154c4a@group-349356213E97, cid=2909, SUCCESS, logIndex=4360, commits[6dd5d97a-7455-476f-86d1-706748154c4a:c4361, 8c1a4ac2-2d71-4742-ab0b-89dcc95eb13f:c4357, c9d0001a-daad-4532-9e58-9f5f4a7ddd18:c4357]
2019-09-12 14:53:55,042 [grpc-default-executor-5] INFO  client.GrpcClientProtocolClient (GrpcClientProtocolClient.java:onNext(264)) - client-835E41B928D6->6dd5d97a-7455-476f-86d1-706748154c4a: receive RaftClientReply:client-835E41B928D6->6dd5d97a-7455-476f-86d1-706748154c4a@group-349356213E97, cid=2910, SUCCESS, logIndex=4361, commits[6dd5d97a-7455-476f-86d1-706748154c4a:c4361, 8c1a4ac2-2d71-4742-ab0b-89dcc95eb13f:c4357, c9d0001a-daad-4532-9e58-9f5f4a7ddd18:c4357]
2019-09-12 14:53:55,064 [grpc-default-executor-5] INFO  client.GrpcClientProtocolClient (GrpcClientProtocolClient.java:onNext(264)) - client-835E41B928D6->6dd5d97a-7455-476f-86d1-706748154c4a: receive RaftClientReply:client-835E41B928D6->6dd5d97a-7455-476f-86d1-706748154c4a@group-349356213E97, cid=2911, SUCCESS, logIndex=0, commits[6dd5d97a-7455-476f-86d1-706748154c4a:c4362, 8c1a4ac2-2d71-4742-ab0b-89dcc95eb13f:c4359, c9d0001a-daad-4532-9e58-9f5f4a7ddd18:c4359]
2019-09-12 14:53:55,077 [grpc-default-executor-5] INFO  client.GrpcClientProtocolClient (GrpcClientProtocolClient.java:onNext(264)) - client-835E41B928D6->6dd5d97a-7455-476f-86d1-706748154c4a: receive RaftClientReply:client-835E41B928D6->6dd5d97a-7455-476f-86d1-706748154c4a@group-349356213E97, cid=2912, SUCCESS, logIndex=4366, commits[6dd5d97a-7455-476f-86d1-706748154c4a:c4367, 8c1a4ac2-2d71-4742-ab0b-89dcc95eb13f:c4365, c9d0001a-daad-4532-9e58-9f5f4a7ddd18:c4365]
2019-09-12 14:53:55,077 [grpc-default-executor-5] INFO  client.GrpcClientProtocolClient (GrpcClientProtocolClient.java:onNext(264)) - client-835E41B928D6->6dd5d97a-7455-476f-86d1-706748154c4a: receive RaftClientReply:client-835E41B928D6->6dd5d97a-7455-476f-86d1-706748154c4a@group-349356213E97, cid=2913, SUCCESS, logIndex=4367, commits[6dd5d97a-7455-476f-86d1-706748154c4a:c4367, 8c1a4ac2-2d71-4742-ab0b-89dcc95eb13f:c4365, c9d0001a-daad-4532-9e58-9f5f4a7ddd18:c4365]
2019-09-12 14:53:55,090 [grpc-default-executor-7] INFO  client.GrpcClientProtocolClient (GrpcClientProtocolClient.java:onNext(264)) - client-835E41B928D6->6dd5d97a-7455-476f-86d1-706748154c4a: receive RaftClientReply:client-835E41B928D6->6dd5d97a-7455-476f-86d1-706748154c4a@group-349356213E97, cid=2914, SUCCESS, logIndex=4370, commits[6dd5d97a-7455-476f-86d1-706748154c4a:c4371, 8c1a4ac2-2d71-4742-ab0b-89dcc95eb13f:c4367, c9d0001a-daad-4532-9e58-9f5f4a7ddd18:c4367]
2019-09-12 14:53:55,091 [grpc-default-executor-7] INFO  client.GrpcClientProtocolClient (GrpcClientProtocolClient.java:onNext(264)) - client-835E41B928D6->6dd5d97a-7455-476f-86d1-706748154c4a: receive RaftClientReply:client-835E41B928D6->6dd5d97a-7455-476f-86d1-706748154c4a@group-349356213E97, cid=2915, SUCCESS, logIndex=4371, commits[6dd5d97a-7455-476f-86d1-706748154c4a:c4371, 8c1a4ac2-2d71-4742-ab0b-89dcc95eb13f:c4367, c9d0001a-daad-4532-9e58-9f5f4a7ddd18:c4367]
2019-09-12 14:53:55,102 [grpc-default-executor-5] INFO  client.GrpcClientProtocolClient (GrpcClientProtocolClient.java:onNext(264)) - client-835E41B928D6->6dd5d97a-7455-476f-86d1-706748154c4a: receive RaftClientReply:client-835E41B928D6->6dd5d97a-7455-476f-86d1-706748154c4a@group-349356213E97, cid=2916, SUCCESS, logIndex=0, commits[6dd5d97a-7455-476f-86d1-706748154c4a:c4372, 8c1a4ac2-2d71-4742-ab0b-89dcc95eb13f:c4371, c9d0001a-daad-4532-9e58-9f5f4a7ddd18:c4371]
2019-09-12 14:53:55,130 [grpc-default-executor-2] INFO  client.GrpcClientProtocolClient (GrpcClientProtocolClient.java:onNext(264)) - client-835E41B928D6->6dd5d97a-7455-476f-86d1-706748154c4a: receive RaftClientReply:client-835E41B928D6->6dd5d97a-7455-476f-86d1-706748154c4a@group-349356213E97, cid=2917, SUCCESS, logIndex=4374, commits[6dd5d97a-7455-476f-86d1-706748154c4a:c4375, 8c1a4ac2-2d71-4742-ab0b-89dcc95eb13f:c4373, c9d0001a-daad-4532-9e58-9f5f4a7ddd18:c4373]
2019-09-12 14:53:55,130 [grpc-default-executor-2] INFO  client.GrpcClientProtocolClient (GrpcClientProtocolClient.java:onNext(264)) - client-835E41B928D6->6dd5d97a-7455-476f-86d1-706748154c4a: receive RaftClientReply:client-835E41B928D6->6dd5d97a-7455-476f-86d1-706748154c4a@group-349356213E97, cid=2918, SUCCESS, logIndex=4375, commits[6dd5d97a-7455-476f-86d1-706748154c4a:c4375, 8c1a4ac2-2d71-4742-ab0b-89dcc95eb13f:c4373, c9d0001a-daad-4532-9e58-9f5f4a7ddd18:c4373]
2019-09-12 14:53:55,131 [grpc-default-executor-7] INFO  client.GrpcClientProtocolClient (GrpcClientProtocolClient.java:onNext(264)) - client-835E41B928D6->6dd5d97a-7455-476f-86d1-706748154c4a: receive RaftClientReply:client-835E41B928D6->6dd5d97a-7455-476f-86d1-706748154c4a@group-349356213E97, cid=2919, SUCCESS, logIndex=4376, commits[6dd5d97a-7455-476f-86d1-706748154c4a:c4377, 8c1a4ac2-2d71-4742-ab0b-89dcc95eb13f:c4373, c9d0001a-daad-4532-9e58-9f5f4a7ddd18:c4373]
2019-09-12 14:53:55,131 [grpc-default-executor-7] INFO  client.GrpcClientProtocolClient (GrpcClientProtocolClient.java:onNext(264)) - client-835E41B928D6->6dd5d97a-7455-476f-86d1-706748154c4a: receive RaftClientReply:client-835E41B928D6->6dd5d97a-7455-476f-86d1-706748154c4a@group-349356213E97, cid=2920, SUCCESS, logIndex=4377, commits[6dd5d97a-7455-476f-86d1-706748154c4a:c4377, 8c1a4ac2-2d71-4742-ab0b-89dcc95eb13f:c4373, c9d0001a-daad-4532-9e58-9f5f4a7ddd18:c4373]
2019-09-12 14:53:55,143 [grpc-default-executor-7] INFO  client.GrpcClientProtocolClient (GrpcClientProtocolClient.java:onNext(264)) - client-835E41B928D6->6dd5d97a-7455-476f-86d1-706748154c4a: receive RaftClientReply:client-835E41B928D6->6dd5d97a-7455-476f-86d1-706748154c4a@group-349356213E97, cid=2921, SUCCESS, logIndex=0, commits[6dd5d97a-7455-476f-86d1-706748154c4a:c4379, 8c1a4ac2-2d71-4742-ab0b-89dcc95eb13f:c4375, c9d0001a-daad-4532-9e58-9f5f4a7ddd18:c4375]
2019-09-12 14:53:55,160 [grpc-default-executor-7] INFO  client.GrpcClientProtocolClient (GrpcClientProtocolClient.java:onNext(264)) - client-835E41B928D6->6dd5d97a-7455-476f-86d1-706748154c4a: receive RaftClientReply:client-835E41B928D6->6dd5d97a-7455-476f-86d1-706748154c4a@group-349356213E97, cid=2922, SUCCESS, logIndex=4382, commits[6dd5d97a-7455-476f-86d1-706748154c4a:c4383, 8c1a4ac2-2d71-4742-ab0b-89dcc95eb13f:c4381, c9d0001a-daad-4532-9e58-9f5f4a7ddd18:c4381]
2019-09-12 14:53:55,161 [grpc-default-executor-7] INFO  client.GrpcClientProtocolClient (GrpcClientProtocolClient.java:onNext(264)) - client-835E41B928D6->6dd5d97a-7455-476f-86d1-706748154c4a: receive RaftClientReply:client-835E41B928D6->6dd5d97a-7455-476f-86d1-706748154c4a@group-349356213E97, cid=2923, SUCCESS, logIndex=4383, commits[6dd5d97a-7455-476f-86d1-706748154c4a:c4383, 8c1a4ac2-2d71-4742-ab0b-89dcc95eb13f:c4381, c9d0001a-daad-4532-9e58-9f5f4a7ddd18:c4381]
2019-09-12 14:53:55,173 [grpc-default-executor-2] INFO  client.GrpcClientProtocolClient (GrpcClientProtocolClient.java:onNext(264)) - client-835E41B928D6->6dd5d97a-7455-476f-86d1-706748154c4a: receive RaftClientReply:client-835E41B928D6->6dd5d97a-7455-476f-86d1-706748154c4a@group-349356213E97, cid=2924, SUCCESS, logIndex=4386, commits[6dd5d97a-7455-476f-86d1-706748154c4a:c4386, 8c1a4ac2-2d71-4742-ab0b-89dcc95eb13f:c4383, c9d0001a-daad-4532-9e58-9f5f4a7ddd18:c4383]
2019-09-12 14:53:55,174 [grpc-default-executor-2] INFO  client.GrpcClientProtocolClient (GrpcClientProtocolClient.java:onNext(264)) - client-835E41B928D6->6dd5d97a-7455-476f-86d1-706748154c4a: receive RaftClientReply:client-835E41B928D6->6dd5d97a-7455-476f-86d1-706748154c4a@group-349356213E97, cid=2925, SUCCESS, logIndex=4387, commits[6dd5d97a-7455-476f-86d1-706748154c4a:c4387, 8c1a4ac2-2d71-4742-ab0b-89dcc95eb13f:c4383, c9d0001a-daad-4532-9e58-9f5f4a7ddd18:c4383]
2019-09-12 14:53:55,175 [grpc-default-executor-2] INFO  client.GrpcClientProtocolClient (GrpcClientProtocolClient.java:onNext(264)) - client-835E41B928D6->6dd5d97a-7455-476f-86d1-706748154c4a: receive RaftClientReply:client-835E41B928D6->6dd5d97a-7455-476f-86d1-706748154c4a@group-349356213E97, cid=2926, SUCCESS, logIndex=0, commits[6dd5d97a-7455-476f-86d1-706748154c4a:c4389, 8c1a4ac2-2d71-4742-ab0b-89dcc95eb13f:c4387, c9d0001a-daad-4532-9e58-9f5f4a7ddd18:c4387]
2019-09-12 14:53:55,203 [grpc-default-executor-2] INFO  client.GrpcClientProtocolClient (GrpcClientProtocolClient.java:onNext(264)) - client-835E41B928D6->6dd5d97a-7455-476f-86d1-706748154c4a: receive RaftClientReply:client-835E41B928D6->6dd5d97a-7455-476f-86d1-706748154c4a@group-349356213E97, cid=2927, SUCCESS, logIndex=4390, commits[6dd5d97a-7455-476f-86d1-706748154c4a:c4391, 8c1a4ac2-2d71-4742-ab0b-89dcc95eb13f:c4389, c9d0001a-daad-4532-9e58-9f5f4a7ddd18:c4389]
2019-09-12 14:53:55,204 [grpc-default-executor-2] INFO  client.GrpcClientProtocolClient (GrpcClientProtocolClient.java:onNext(264)) - client-835E41B928D6->6dd5d97a-7455-476f-86d1-706748154c4a: receive RaftClientReply:client-835E41B928D6->6dd5d97a-7455-476f-86d1-706748154c4a@group-349356213E97, cid=2928, SUCCESS, logIndex=4391, commits[6dd5d97a-7455-476f-86d1-706748154c4a:c4391, 8c1a4ac2-2d71-4742-ab0b-89dcc95eb13f:c4389, c9d0001a-daad-4532-9e58-9f5f4a7ddd18:c4389]
2019-09-12 14:53:55,204 [grpc-default-executor-2] INFO  client.GrpcClientProtocolClient (GrpcClientProtocolClient.java:onNext(264)) - client-835E41B928D6->6dd5d97a-7455-476f-86d1-706748154c4a: receive RaftClientReply:client-835E41B928D6->6dd5d97a-7455-476f-86d1-706748154c4a@group-349356213E97, cid=2929, SUCCESS, logIndex=4392, commits[6dd5d97a-7455-476f-86d1-706748154c4a:c4393, 8c1a4ac2-2d71-4742-ab0b-89dcc95eb13f:c4389, c9d0001a-daad-4532-9e58-9f5f4a7ddd18:c4389]
2019-09-12 14:53:55,204 [grpc-default-executor-2] INFO  client.GrpcClientProtocolClient (GrpcClientProtocolClient.java:onNext(264)) - client-835E41B928D6->6dd5d97a-7455-476f-86d1-706748154c4a: receive RaftClientReply:client-835E41B928D6->6dd5d97a-7455-476f-86d1-706748154c4a@group-349356213E97, cid=2930, SUCCESS, logIndex=4393, commits[6dd5d97a-7455-476f-86d1-706748154c4a:c4393, 8c1a4ac2-2d71-4742-ab0b-89dcc95eb13f:c4389, c9d0001a-daad-4532-9e58-9f5f4a7ddd18:c4389]
2019-09-12 14:53:55,217 [grpc-default-executor-2] INFO  client.GrpcClientProtocolClient (GrpcClientProtocolClient.java:onNext(264)) - client-835E41B928D6->6dd5d97a-7455-476f-86d1-706748154c4a: receive RaftClientReply:client-835E41B928D6->6dd5d97a-7455-476f-86d1-706748154c4a@group-349356213E97, cid=2931, SUCCESS, logIndex=0, commits[6dd5d97a-7455-476f-86d1-706748154c4a:c4395, 8c1a4ac2-2d71-4742-ab0b-89dcc95eb13f:c4391, c9d0001a-daad-4532-9e58-9f5f4a7ddd18:c4391]
2019-09-12 14:53:55,234 [grpc-default-executor-5] INFO  client.GrpcClientProtocolClient (GrpcClientProtocolClient.java:onNext(264)) - client-835E41B928D6->6dd5d97a-7455-476f-86d1-706748154c4a: receive RaftClientReply:client-835E41B928D6->6dd5d97a-7455-476f-86d1-706748154c4a@group-349356213E97, cid=2932, SUCCESS, logIndex=4398, commits[6dd5d97a-7455-476f-86d1-706748154c4a:c4399, 8c1a4ac2-2d71-4742-ab0b-89dcc95eb13f:c4397, c9d0001a-daad-4532-9e58-9f5f4a7ddd18:c4397]
2019-09-12 14:53:55,235 [grpc-default-executor-5] INFO  client.GrpcClientProtocolClient (GrpcClientProtocolClient.java:onNext(264)) - client-835E41B928D6->6dd5d97a-7455-476f-86d1-706748154c4a: receive RaftClientReply:client-835E41B928D6->6dd5d97a-7455-476f-86d1-706748154c4a@group-349356213E97, cid=2933, SUCCESS, logIndex=4399, commits[6dd5d97a-7455-476f-86d1-706748154c4a:c4399, 8c1a4ac2-2d71-4742-ab0b-89dcc95eb13f:c4397, c9d0001a-daad-4532-9e58-9f5f4a7ddd18:c4397]
2019-09-12 14:53:55,252 [grpc-default-executor-2] INFO  client.GrpcClientProtocolClient (GrpcClientProtocolClient.java:onNext(264)) - client-835E41B928D6->6dd5d97a-7455-476f-86d1-706748154c4a: receive RaftClientReply:client-835E41B928D6->6dd5d97a-7455-476f-86d1-706748154c4a@group-349356213E97, cid=2934, SUCCESS, logIndex=4402, commits[6dd5d97a-7455-476f-86d1-706748154c4a:c4403, 8c1a4ac2-2d71-4742-ab0b-89dcc95eb13f:c4400, c9d0001a-daad-4532-9e58-9f5f4a7ddd18:c4400]
2019-09-12 14:53:55,253 [grpc-default-executor-2] INFO  client.GrpcClientProtocolClient (GrpcClientProtocolClient.java:onNext(264)) - client-835E41B928D6->6dd5d97a-7455-476f-86d1-706748154c4a: receive RaftClientReply:client-835E41B928D6->6dd5d97a-7455-476f-86d1-706748154c4a@group-349356213E97, cid=2935, SUCCESS, logIndex=4403, commits[6dd5d97a-7455-476f-86d1-706748154c4a:c4403, 8c1a4ac2-2d71-4742-ab0b-89dcc95eb13f:c4400, c9d0001a-daad-4532-9e58-9f5f4a7ddd18:c4400]
2019-09-12 14:53:55,257 [grpc-default-executor-2] INFO  client.GrpcClientProtocolClient (GrpcClientProtocolClient.java:onNext(264)) - client-835E41B928D6->6dd5d97a-7455-476f-86d1-706748154c4a: receive RaftClientReply:client-835E41B928D6->6dd5d97a-7455-476f-86d1-706748154c4a@group-349356213E97, cid=2936, SUCCESS, logIndex=0, commits[6dd5d97a-7455-476f-86d1-706748154c4a:c4405, 8c1a4ac2-2d71-4742-ab0b-89dcc95eb13f:c4403, c9d0001a-daad-4532-9e58-9f5f4a7ddd18:c4403]
2019-09-12 14:53:55,404 [grpc-default-executor-6] INFO  client.GrpcClientProtocolClient (GrpcClientProtocolClient.java:onNext(264)) - client-835E41B928D6->6dd5d97a-7455-476f-86d1-706748154c4a: receive RaftClientReply:client-835E41B928D6->6dd5d97a-7455-476f-86d1-706748154c4a@group-349356213E97, cid=2937, SUCCESS, logIndex=4406, commits[6dd5d97a-7455-476f-86d1-706748154c4a:c4407, 8c1a4ac2-2d71-4742-ab0b-89dcc95eb13f:c4405, c9d0001a-daad-4532-9e58-9f5f4a7ddd18:c4405]
2019-09-12 14:53:55,405 [grpc-default-executor-6] INFO  client.GrpcClientProtocolClient (GrpcClientProtocolClient.java:onNext(264)) - client-835E41B928D6->6dd5d97a-7455-476f-86d1-706748154c4a: receive RaftClientReply:client-835E41B928D6->6dd5d97a-7455-476f-86d1-706748154c4a@group-349356213E97, cid=2938, SUCCESS, logIndex=4407, commits[6dd5d97a-7455-476f-86d1-706748154c4a:c4407, 8c1a4ac2-2d71-4742-ab0b-89dcc95eb13f:c4405, c9d0001a-daad-4532-9e58-9f5f4a7ddd18:c4405]
2019-09-12 14:53:55,415 [grpc-default-executor-6] INFO  client.GrpcClientProtocolClient (GrpcClientProtocolClient.java:onNext(264)) - client-835E41B928D6->6dd5d97a-7455-476f-86d1-706748154c4a: receive RaftClientReply:client-835E41B928D6->6dd5d97a-7455-476f-86d1-706748154c4a@group-349356213E97, cid=2939, SUCCESS, logIndex=4408, commits[6dd5d97a-7455-476f-86d1-706748154c4a:c4409, 8c1a4ac2-2d71-4742-ab0b-89dcc95eb13f:c4405, c9d0001a-daad-4532-9e58-9f5f4a7ddd18:c4405]
2019-09-12 14:53:55,415 [grpc-default-executor-6] INFO  client.GrpcClientProtocolClient (GrpcClientProtocolClient.java:onNext(264)) - client-835E41B928D6->6dd5d97a-7455-476f-86d1-706748154c4a: receive RaftClientReply:client-835E41B928D6->6dd5d97a-7455-476f-86d1-706748154c4a@group-349356213E97, cid=2940, SUCCESS, logIndex=4409, commits[6dd5d97a-7455-476f-86d1-706748154c4a:c4409, 8c1a4ac2-2d71-4742-ab0b-89dcc95eb13f:c4405, c9d0001a-daad-4532-9e58-9f5f4a7ddd18:c4405]
2019-09-12 14:53:55,417 [grpc-default-executor-5] INFO  client.GrpcClientProtocolClient (GrpcClientProtocolClient.java:onNext(264)) - client-835E41B928D6->6dd5d97a-7455-476f-86d1-706748154c4a: receive RaftClientReply:client-835E41B928D6->6dd5d97a-7455-476f-86d1-706748154c4a@group-349356213E97, cid=2941, SUCCESS, logIndex=0, commits[6dd5d97a-7455-476f-86d1-706748154c4a:c4411, 8c1a4ac2-2d71-4742-ab0b-89dcc95eb13f:c4407, c9d0001a-daad-4532-9e58-9f5f4a7ddd18:c4407]
2019-09-12 14:53:55,435 [grpc-default-executor-6] INFO  client.GrpcClientProtocolClient (GrpcClientProtocolClient.java:onNext(264)) - client-835E41B928D6->6dd5d97a-7455-476f-86d1-706748154c4a: receive RaftClientReply:client-835E41B928D6->6dd5d97a-7455-476f-86d1-706748154c4a@group-349356213E97, cid=2942, SUCCESS, logIndex=4414, commits[6dd5d97a-7455-476f-86d1-706748154c4a:c4415, 8c1a4ac2-2d71-4742-ab0b-89dcc95eb13f:c4413, c9d0001a-daad-4532-9e58-9f5f4a7ddd18:c4413]
2019-09-12 14:53:55,436 [grpc-default-executor-6] INFO  client.GrpcClientProtocolClient (GrpcClientProtocolClient.java:onNext(264)) - client-835E41B928D6->6dd5d97a-7455-476f-86d1-706748154c4a: receive RaftClientReply:client-835E41B928D6->6dd5d97a-7455-476f-86d1-706748154c4a@group-349356213E97, cid=2943, SUCCESS, logIndex=4415, commits[6dd5d97a-7455-476f-86d1-706748154c4a:c4415, 8c1a4ac2-2d71-4742-ab0b-89dcc95eb13f:c4413, c9d0001a-daad-4532-9e58-9f5f4a7ddd18:c4413]
2019-09-12 14:53:55,448 [grpc-default-executor-6] INFO  client.GrpcClientProtocolClient (GrpcClientProtocolClient.java:onNext(264)) - client-835E41B928D6->6dd5d97a-7455-476f-86d1-706748154c4a: receive RaftClientReply:client-835E41B928D6->6dd5d97a-7455-476f-86d1-706748154c4a@group-349356213E97, cid=2944, SUCCESS, logIndex=4418, commits[6dd5d97a-7455-476f-86d1-706748154c4a:c4419, 8c1a4ac2-2d71-4742-ab0b-89dcc95eb13f:c4415, c9d0001a-daad-4532-9e58-9f5f4a7ddd18:c4415]
2019-09-12 14:53:55,449 [grpc-default-executor-6] INFO  client.GrpcClientProtocolClient (GrpcClientProtocolClient.java:onNext(264)) - client-835E41B928D6->6dd5d97a-7455-476f-86d1-706748154c4a: receive RaftClientReply:client-835E41B928D6->6dd5d97a-7455-476f-86d1-706748154c4a@group-349356213E97, cid=2945, SUCCESS, logIndex=4419, commits[6dd5d97a-7455-476f-86d1-706748154c4a:c4419, 8c1a4ac2-2d71-4742-ab0b-89dcc95eb13f:c4415, c9d0001a-daad-4532-9e58-9f5f4a7ddd18:c4415]
2019-09-12 14:53:55,461 [grpc-default-executor-6] INFO  client.GrpcClientProtocolClient (GrpcClientProtocolClient.java:onNext(264)) - client-835E41B928D6->6dd5d97a-7455-476f-86d1-706748154c4a: receive RaftClientReply:client-835E41B928D6->6dd5d97a-7455-476f-86d1-706748154c4a@group-349356213E97, cid=2946, SUCCESS, logIndex=0, commits[6dd5d97a-7455-476f-86d1-706748154c4a:c4421, 8c1a4ac2-2d71-4742-ab0b-89dcc95eb13f:c4419, c9d0001a-daad-4532-9e58-9f5f4a7ddd18:c4419]
2019-09-12 14:53:55,487 [grpc-default-executor-6] INFO  client.GrpcClientProtocolClient (GrpcClientProtocolClient.java:onNext(264)) - client-835E41B928D6->6dd5d97a-7455-476f-86d1-706748154c4a: receive RaftClientReply:client-835E41B928D6->6dd5d97a-7455-476f-86d1-706748154c4a@group-349356213E97, cid=2947, SUCCESS, logIndex=4422, commits[6dd5d97a-7455-476f-86d1-706748154c4a:c4423, 8c1a4ac2-2d71-4742-ab0b-89dcc95eb13f:c4421, c9d0001a-daad-4532-9e58-9f5f4a7ddd18:c4421]
2019-09-12 14:53:55,487 [grpc-default-executor-6] INFO  client.GrpcClientProtocolClient (GrpcClientProtocolClient.java:onNext(264)) - client-835E41B928D6->6dd5d97a-7455-476f-86d1-706748154c4a: receive RaftClientReply:client-835E41B928D6->6dd5d97a-7455-476f-86d1-706748154c4a@group-349356213E97, cid=2948, SUCCESS, logIndex=4423, commits[6dd5d97a-7455-476f-86d1-706748154c4a:c4423, 8c1a4ac2-2d71-4742-ab0b-89dcc95eb13f:c4421, c9d0001a-daad-4532-9e58-9f5f4a7ddd18:c4421]
2019-09-12 14:53:55,488 [grpc-default-executor-2] INFO  client.GrpcClientProtocolClient (GrpcClientProtocolClient.java:onNext(264)) - client-835E41B928D6->6dd5d97a-7455-476f-86d1-706748154c4a: receive RaftClientReply:client-835E41B928D6->6dd5d97a-7455-476f-86d1-706748154c4a@group-349356213E97, cid=2949, SUCCESS, logIndex=4424, commits[6dd5d97a-7455-476f-86d1-706748154c4a:c4425, 8c1a4ac2-2d71-4742-ab0b-89dcc95eb13f:c4421, c9d0001a-daad-4532-9e58-9f5f4a7ddd18:c4421]
2019-09-12 14:53:55,488 [grpc-default-executor-2] INFO  client.GrpcClientProtocolClient (GrpcClientProtocolClient.java:onNext(264)) - client-835E41B928D6->6dd5d97a-7455-476f-86d1-706748154c4a: receive RaftClientReply:client-835E41B928D6->6dd5d97a-7455-476f-86d1-706748154c4a@group-349356213E97, cid=2950, SUCCESS, logIndex=4425, commits[6dd5d97a-7455-476f-86d1-706748154c4a:c4425, 8c1a4ac2-2d71-4742-ab0b-89dcc95eb13f:c4421, c9d0001a-daad-4532-9e58-9f5f4a7ddd18:c4421]
2019-09-12 14:53:55,489 [grpc-default-executor-5] INFO  client.GrpcClientProtocolClient (GrpcClientProtocolClient.java:onNext(264)) - client-835E41B928D6->6dd5d97a-7455-476f-86d1-706748154c4a: receive RaftClientReply:client-835E41B928D6->6dd5d97a-7455-476f-86d1-706748154c4a@group-349356213E97, cid=2951, SUCCESS, logIndex=0, commits[6dd5d97a-7455-476f-86d1-706748154c4a:c4426, 8c1a4ac2-2d71-4742-ab0b-89dcc95eb13f:c4423, c9d0001a-daad-4532-9e58-9f5f4a7ddd18:c4423]
2019-09-12 14:53:55,509 [grpc-default-executor-2] INFO  client.GrpcClientProtocolClient (GrpcClientProtocolClient.java:onNext(264)) - client-835E41B928D6->6dd5d97a-7455-476f-86d1-706748154c4a: receive RaftClientReply:client-835E41B928D6->6dd5d97a-7455-476f-86d1-706748154c4a@group-349356213E97, cid=2952, SUCCESS, logIndex=4430, commits[6dd5d97a-7455-476f-86d1-706748154c4a:c4431, 8c1a4ac2-2d71-4742-ab0b-89dcc95eb13f:c4429, c9d0001a-daad-4532-9e58-9f5f4a7ddd18:c4429]
2019-09-12 14:53:55,509 [grpc-default-executor-2] INFO  client.GrpcClientProtocolClient (GrpcClientProtocolClient.java:onNext(264)) - client-835E41B928D6->6dd5d97a-7455-476f-86d1-706748154c4a: receive RaftClientReply:client-835E41B928D6->6dd5d97a-7455-476f-86d1-706748154c4a@group-349356213E97, cid=2953, SUCCESS, logIndex=4431, commits[6dd5d97a-7455-476f-86d1-706748154c4a:c4431, 8c1a4ac2-2d71-4742-ab0b-89dcc95eb13f:c4429, c9d0001a-daad-4532-9e58-9f5f4a7ddd18:c4429]
2019-09-12 14:53:55,522 [grpc-default-executor-2] INFO  client.GrpcClientProtocolClient (GrpcClientProtocolClient.java:onNext(264)) - client-835E41B928D6->6dd5d97a-7455-476f-86d1-706748154c4a: receive RaftClientReply:client-835E41B928D6->6dd5d97a-7455-476f-86d1-706748154c4a@group-349356213E97, cid=2954, SUCCESS, logIndex=4434, commits[6dd5d97a-7455-476f-86d1-706748154c4a:c4435, 8c1a4ac2-2d71-4742-ab0b-89dcc95eb13f:c4431, c9d0001a-daad-4532-9e58-9f5f4a7ddd18:c4431]
2019-09-12 14:53:55,522 [grpc-default-executor-2] INFO  client.GrpcClientProtocolClient (GrpcClientProtocolClient.java:onNext(264)) - client-835E41B928D6->6dd5d97a-7455-476f-86d1-706748154c4a: receive RaftClientReply:client-835E41B928D6->6dd5d97a-7455-476f-86d1-706748154c4a@group-349356213E97, cid=2955, SUCCESS, logIndex=4435, commits[6dd5d97a-7455-476f-86d1-706748154c4a:c4435, 8c1a4ac2-2d71-4742-ab0b-89dcc95eb13f:c4431, c9d0001a-daad-4532-9e58-9f5f4a7ddd18:c4431]
 0.00% |█                                                                                                    |  0/1 Time: 0:00:232019-09-12 14:53:55,546 [grpc-default-executor-6] INFO  client.GrpcClientProtocolClient (GrpcClientProtocolClient.java:onNext(264)) - client-835E41B928D6->6dd5d97a-7455-476f-86d1-706748154c4a: receive RaftClientReply:client-835E41B928D6->6dd5d97a-7455-476f-86d1-706748154c4a@group-349356213E97, cid=2956, SUCCESS, logIndex=0, commits[6dd5d97a-7455-476f-86d1-706748154c4a:c4436, 8c1a4ac2-2d71-4742-ab0b-89dcc95eb13f:c4435, c9d0001a-daad-4532-9e58-9f5f4a7ddd18:c4435]
2019-09-12 14:53:55,574 [grpc-default-executor-2] INFO  client.GrpcClientProtocolClient (GrpcClientProtocolClient.java:onNext(264)) - client-835E41B928D6->6dd5d97a-7455-476f-86d1-706748154c4a: receive RaftClientReply:client-835E41B928D6->6dd5d97a-7455-476f-86d1-706748154c4a@group-349356213E97, cid=2957, SUCCESS, logIndex=4438, commits[6dd5d97a-7455-476f-86d1-706748154c4a:c4439, 8c1a4ac2-2d71-4742-ab0b-89dcc95eb13f:c4437, c9d0001a-daad-4532-9e58-9f5f4a7ddd18:c4437]
2019-09-12 14:53:55,574 [grpc-default-executor-2] INFO  client.GrpcClientProtocolClient (GrpcClientProtocolClient.java:onNext(264)) - client-835E41B928D6->6dd5d97a-7455-476f-86d1-706748154c4a: receive RaftClientReply:client-835E41B928D6->6dd5d97a-7455-476f-86d1-706748154c4a@group-349356213E97, cid=2958, SUCCESS, logIndex=4439, commits[6dd5d97a-7455-476f-86d1-706748154c4a:c4441, 8c1a4ac2-2d71-4742-ab0b-89dcc95eb13f:c4437, c9d0001a-daad-4532-9e58-9f5f4a7ddd18:c4437]
2019-09-12 14:53:55,575 [grpc-default-executor-2] INFO  client.GrpcClientProtocolClient (GrpcClientProtocolClient.java:onNext(264)) - client-835E41B928D6->6dd5d97a-7455-476f-86d1-706748154c4a: receive RaftClientReply:client-835E41B928D6->6dd5d97a-7455-476f-86d1-706748154c4a@group-349356213E97, cid=2959, SUCCESS, logIndex=4440, commits[6dd5d97a-7455-476f-86d1-706748154c4a:c4441, 8c1a4ac2-2d71-4742-ab0b-89dcc95eb13f:c4437, c9d0001a-daad-4532-9e58-9f5f4a7ddd18:c4437]
2019-09-12 14:53:55,575 [grpc-default-executor-2] INFO  client.GrpcClientProtocolClient (GrpcClientProtocolClient.java:onNext(264)) - client-835E41B928D6->6dd5d97a-7455-476f-86d1-706748154c4a: receive RaftClientReply:client-835E41B928D6->6dd5d97a-7455-476f-86d1-706748154c4a@group-349356213E97, cid=2960, SUCCESS, logIndex=4441, commits[6dd5d97a-7455-476f-86d1-706748154c4a:c4441, 8c1a4ac2-2d71-4742-ab0b-89dcc95eb13f:c4437, c9d0001a-daad-4532-9e58-9f5f4a7ddd18:c4437]
2019-09-12 14:53:55,578 [grpc-default-executor-5] INFO  client.GrpcClientProtocolClient (GrpcClientProtocolClient.java:onNext(264)) - client-835E41B928D6->6dd5d97a-7455-476f-86d1-706748154c4a: receive RaftClientReply:client-835E41B928D6->6dd5d97a-7455-476f-86d1-706748154c4a@group-349356213E97, cid=2961, SUCCESS, logIndex=0, commits[6dd5d97a-7455-476f-86d1-706748154c4a:c4444, 8c1a4ac2-2d71-4742-ab0b-89dcc95eb13f:c4439, c9d0001a-daad-4532-9e58-9f5f4a7ddd18:c4441]
2019-09-12 14:53:55,610 [grpc-default-executor-6] INFO  client.GrpcClientProtocolClient (GrpcClientProtocolClient.java:onNext(264)) - client-835E41B928D6->6dd5d97a-7455-476f-86d1-706748154c4a: receive RaftClientReply:client-835E41B928D6->6dd5d97a-7455-476f-86d1-706748154c4a@group-349356213E97, cid=2962, SUCCESS, logIndex=4445, commits[6dd5d97a-7455-476f-86d1-706748154c4a:c4446, 8c1a4ac2-2d71-4742-ab0b-89dcc95eb13f:c4444, c9d0001a-daad-4532-9e58-9f5f4a7ddd18:c4441]
2019-09-12 14:53:55,611 [grpc-default-executor-6] INFO  client.GrpcClientProtocolClient (GrpcClientProtocolClient.java:onNext(264)) - client-835E41B928D6->6dd5d97a-7455-476f-86d1-706748154c4a: receive RaftClientReply:client-835E41B928D6->6dd5d97a-7455-476f-86d1-706748154c4a@group-349356213E97, cid=2963, SUCCESS, logIndex=4446, commits[6dd5d97a-7455-476f-86d1-706748154c4a:c4446, 8c1a4ac2-2d71-4742-ab0b-89dcc95eb13f:c4444, c9d0001a-daad-4532-9e58-9f5f4a7ddd18:c4444]
2019-09-12 14:53:55,630 [grpc-default-executor-2] INFO  client.GrpcClientProtocolClient (GrpcClientProtocolClient.java:onNext(264)) - client-835E41B928D6->6dd5d97a-7455-476f-86d1-706748154c4a: receive RaftClientReply:client-835E41B928D6->6dd5d97a-7455-476f-86d1-706748154c4a@group-349356213E97, cid=2964, SUCCESS, logIndex=4449, commits[6dd5d97a-7455-476f-86d1-706748154c4a:c4449, 8c1a4ac2-2d71-4742-ab0b-89dcc95eb13f:c4448, c9d0001a-daad-4532-9e58-9f5f4a7ddd18:c4448]
2019-09-12 14:53:55,630 [grpc-default-executor-2] INFO  client.GrpcClientProtocolClient (GrpcClientProtocolClient.java:onNext(264)) - client-835E41B928D6->6dd5d97a-7455-476f-86d1-706748154c4a: receive RaftClientReply:client-835E41B928D6->6dd5d97a-7455-476f-86d1-706748154c4a@group-349356213E97, cid=2965, SUCCESS, logIndex=4450, commits[6dd5d97a-7455-476f-86d1-706748154c4a:c4450, 8c1a4ac2-2d71-4742-ab0b-89dcc95eb13f:c4448, c9d0001a-daad-4532-9e58-9f5f4a7ddd18:c4448]
2019-09-12 14:53:55,642 [grpc-default-executor-2] INFO  client.GrpcClientProtocolClient (GrpcClientProtocolClient.java:onNext(264)) - client-835E41B928D6->6dd5d97a-7455-476f-86d1-706748154c4a: receive RaftClientReply:client-835E41B928D6->6dd5d97a-7455-476f-86d1-706748154c4a@group-349356213E97, cid=2966, SUCCESS, logIndex=0, commits[6dd5d97a-7455-476f-86d1-706748154c4a:c4452, 8c1a4ac2-2d71-4742-ab0b-89dcc95eb13f:c4450, c9d0001a-daad-4532-9e58-9f5f4a7ddd18:c4450]
2019-09-12 14:53:55,673 [grpc-default-executor-2] INFO  client.GrpcClientProtocolClient (GrpcClientProtocolClient.java:onNext(264)) - client-835E41B928D6->6dd5d97a-7455-476f-86d1-706748154c4a: receive RaftClientReply:client-835E41B928D6->6dd5d97a-7455-476f-86d1-706748154c4a@group-349356213E97, cid=2967, SUCCESS, logIndex=4453, commits[6dd5d97a-7455-476f-86d1-706748154c4a:c4454, 8c1a4ac2-2d71-4742-ab0b-89dcc95eb13f:c4452, c9d0001a-daad-4532-9e58-9f5f4a7ddd18:c4452]
2019-09-12 14:53:55,674 [grpc-default-executor-6] INFO  client.GrpcClientProtocolClient (GrpcClientProtocolClient.java:onNext(264)) - client-835E41B928D6->6dd5d97a-7455-476f-86d1-706748154c4a: receive RaftClientReply:client-835E41B928D6->6dd5d97a-7455-476f-86d1-706748154c4a@group-349356213E97, cid=2968, SUCCESS, logIndex=4454, commits[6dd5d97a-7455-476f-86d1-706748154c4a:c4454, 8c1a4ac2-2d71-4742-ab0b-89dcc95eb13f:c4452, c9d0001a-daad-4532-9e58-9f5f4a7ddd18:c4452]
2019-09-12 14:53:55,674 [grpc-default-executor-6] INFO  client.GrpcClientProtocolClient (GrpcClientProtocolClient.java:onNext(264)) - client-835E41B928D6->6dd5d97a-7455-476f-86d1-706748154c4a: receive RaftClientReply:client-835E41B928D6->6dd5d97a-7455-476f-86d1-706748154c4a@group-349356213E97, cid=2969, SUCCESS, logIndex=4455, commits[6dd5d97a-7455-476f-86d1-706748154c4a:c4455, 8c1a4ac2-2d71-4742-ab0b-89dcc95eb13f:c4452, c9d0001a-daad-4532-9e58-9f5f4a7ddd18:c4452]
2019-09-12 14:53:55,674 [grpc-default-executor-6] INFO  client.GrpcClientProtocolClient (GrpcClientProtocolClient.java:onNext(264)) - client-835E41B928D6->6dd5d97a-7455-476f-86d1-706748154c4a: receive RaftClientReply:client-835E41B928D6->6dd5d97a-7455-476f-86d1-706748154c4a@group-349356213E97, cid=2970, SUCCESS, logIndex=4456, commits[6dd5d97a-7455-476f-86d1-706748154c4a:c4456, 8c1a4ac2-2d71-4742-ab0b-89dcc95eb13f:c4452, c9d0001a-daad-4532-9e58-9f5f4a7ddd18:c4452]
2019-09-12 14:53:55,677 [grpc-default-executor-6] INFO  client.GrpcClientProtocolClient (GrpcClientProtocolClient.java:onNext(264)) - client-835E41B928D6->6dd5d97a-7455-476f-86d1-706748154c4a: receive RaftClientReply:client-835E41B928D6->6dd5d97a-7455-476f-86d1-706748154c4a@group-349356213E97, cid=2971, SUCCESS, logIndex=0, commits[6dd5d97a-7455-476f-86d1-706748154c4a:c4458, 8c1a4ac2-2d71-4742-ab0b-89dcc95eb13f:c4454, c9d0001a-daad-4532-9e58-9f5f4a7ddd18:c4454]
2019-09-12 14:53:55,691 [grpc-default-executor-6] INFO  client.GrpcClientProtocolClient (GrpcClientProtocolClient.java:onNext(264)) - client-835E41B928D6->6dd5d97a-7455-476f-86d1-706748154c4a: receive RaftClientReply:client-835E41B928D6->6dd5d97a-7455-476f-86d1-706748154c4a@group-349356213E97, cid=2972, SUCCESS, logIndex=4461, commits[6dd5d97a-7455-476f-86d1-706748154c4a:c4462, 8c1a4ac2-2d71-4742-ab0b-89dcc95eb13f:c4456, c9d0001a-daad-4532-9e58-9f5f4a7ddd18:c4458]
2019-09-12 14:53:55,692 [grpc-default-executor-6] INFO  client.GrpcClientProtocolClient (GrpcClientProtocolClient.java:onNext(264)) - client-835E41B928D6->6dd5d97a-7455-476f-86d1-706748154c4a: receive RaftClientReply:client-835E41B928D6->6dd5d97a-7455-476f-86d1-706748154c4a@group-349356213E97, cid=2973, SUCCESS, logIndex=4462, commits[6dd5d97a-7455-476f-86d1-706748154c4a:c4462, 8c1a4ac2-2d71-4742-ab0b-89dcc95eb13f:c4458, c9d0001a-daad-4532-9e58-9f5f4a7ddd18:c4458]
2019-09-12 14:53:55,706 [grpc-default-executor-2] INFO  client.GrpcClientProtocolClient (GrpcClientProtocolClient.java:onNext(264)) - client-835E41B928D6->6dd5d97a-7455-476f-86d1-706748154c4a: receive RaftClientReply:client-835E41B928D6->6dd5d97a-7455-476f-86d1-706748154c4a@group-349356213E97, cid=2974, SUCCESS, logIndex=4464, commits[6dd5d97a-7455-476f-86d1-706748154c4a:c4465, 8c1a4ac2-2d71-4742-ab0b-89dcc95eb13f:c4462, c9d0001a-daad-4532-9e58-9f5f4a7ddd18:c4462]
2019-09-12 14:53:55,706 [grpc-default-executor-2] INFO  client.GrpcClientProtocolClient (GrpcClientProtocolClient.java:onNext(264)) - client-835E41B928D6->6dd5d97a-7455-476f-86d1-706748154c4a: receive RaftClientReply:client-835E41B928D6->6dd5d97a-7455-476f-86d1-706748154c4a@group-349356213E97, cid=2975, SUCCESS, logIndex=4465, commits[6dd5d97a-7455-476f-86d1-706748154c4a:c4465, 8c1a4ac2-2d71-4742-ab0b-89dcc95eb13f:c4462, c9d0001a-daad-4532-9e58-9f5f4a7ddd18:c4462]
2019-09-12 14:53:55,720 [grpc-default-executor-2] INFO  client.GrpcClientProtocolClient (GrpcClientProtocolClient.java:onNext(264)) - client-835E41B928D6->6dd5d97a-7455-476f-86d1-706748154c4a: receive RaftClientReply:client-835E41B928D6->6dd5d97a-7455-476f-86d1-706748154c4a@group-349356213E97, cid=2976, SUCCESS, logIndex=0, commits[6dd5d97a-7455-476f-86d1-706748154c4a:c4467, 8c1a4ac2-2d71-4742-ab0b-89dcc95eb13f:c4465, c9d0001a-daad-4532-9e58-9f5f4a7ddd18:c4465]
2019-09-12 14:53:55,753 [grpc-default-executor-7] INFO  client.GrpcClientProtocolClient (GrpcClientProtocolClient.java:onNext(264)) - client-835E41B928D6->6dd5d97a-7455-476f-86d1-706748154c4a: receive RaftClientReply:client-835E41B928D6->6dd5d97a-7455-476f-86d1-706748154c4a@group-349356213E97, cid=2977, SUCCESS, logIndex=4468, commits[6dd5d97a-7455-476f-86d1-706748154c4a:c4470, 8c1a4ac2-2d71-4742-ab0b-89dcc95eb13f:c4467, c9d0001a-daad-4532-9e58-9f5f4a7ddd18:c4467]
2019-09-12 14:53:55,753 [grpc-default-executor-7] INFO  client.GrpcClientProtocolClient (GrpcClientProtocolClient.java:onNext(264)) - client-835E41B928D6->6dd5d97a-7455-476f-86d1-706748154c4a: receive RaftClientReply:client-835E41B928D6->6dd5d97a-7455-476f-86d1-706748154c4a@group-349356213E97, cid=2978, SUCCESS, logIndex=4469, commits[6dd5d97a-7455-476f-86d1-706748154c4a:c4471, 8c1a4ac2-2d71-4742-ab0b-89dcc95eb13f:c4467, c9d0001a-daad-4532-9e58-9f5f4a7ddd18:c4467]
2019-09-12 14:53:55,754 [grpc-default-executor-7] INFO  client.GrpcClientProtocolClient (GrpcClientProtocolClient.java:onNext(264)) - client-835E41B928D6->6dd5d97a-7455-476f-86d1-706748154c4a: receive RaftClientReply:client-835E41B928D6->6dd5d97a-7455-476f-86d1-706748154c4a@group-349356213E97, cid=2979, SUCCESS, logIndex=4470, commits[6dd5d97a-7455-476f-86d1-706748154c4a:c4471, 8c1a4ac2-2d71-4742-ab0b-89dcc95eb13f:c4467, c9d0001a-daad-4532-9e58-9f5f4a7ddd18:c4467]
2019-09-12 14:53:55,754 [grpc-default-executor-7] INFO  client.GrpcClientProtocolClient (GrpcClientProtocolClient.java:onNext(264)) - client-835E41B928D6->6dd5d97a-7455-476f-86d1-706748154c4a: receive RaftClientReply:client-835E41B928D6->6dd5d97a-7455-476f-86d1-706748154c4a@group-349356213E97, cid=2980, SUCCESS, logIndex=4471, commits[6dd5d97a-7455-476f-86d1-706748154c4a:c4471, 8c1a4ac2-2d71-4742-ab0b-89dcc95eb13f:c4467, c9d0001a-daad-4532-9e58-9f5f4a7ddd18:c4467]
2019-09-12 14:53:55,765 [grpc-default-executor-6] INFO  client.GrpcClientProtocolClient (GrpcClientProtocolClient.java:onNext(264)) - client-835E41B928D6->6dd5d97a-7455-476f-86d1-706748154c4a: receive RaftClientReply:client-835E41B928D6->6dd5d97a-7455-476f-86d1-706748154c4a@group-349356213E97, cid=2981, SUCCESS, logIndex=0, commits[6dd5d97a-7455-476f-86d1-706748154c4a:c4472, 8c1a4ac2-2d71-4742-ab0b-89dcc95eb13f:c4470, c9d0001a-daad-4532-9e58-9f5f4a7ddd18:c4470]
2019-09-12 14:53:55,783 [grpc-default-executor-6] INFO  client.GrpcClientProtocolClient (GrpcClientProtocolClient.java:onNext(264)) - client-835E41B928D6->6dd5d97a-7455-476f-86d1-706748154c4a: receive RaftClientReply:client-835E41B928D6->6dd5d97a-7455-476f-86d1-706748154c4a@group-349356213E97, cid=2982, SUCCESS, logIndex=4476, commits[6dd5d97a-7455-476f-86d1-706748154c4a:c4477, 8c1a4ac2-2d71-4742-ab0b-89dcc95eb13f:c4475, c9d0001a-daad-4532-9e58-9f5f4a7ddd18:c4475]
2019-09-12 14:53:55,784 [grpc-default-executor-6] INFO  client.GrpcClientProtocolClient (GrpcClientProtocolClient.java:onNext(264)) - client-835E41B928D6->6dd5d97a-7455-476f-86d1-706748154c4a: receive RaftClientReply:client-835E41B928D6->6dd5d97a-7455-476f-86d1-706748154c4a@group-349356213E97, cid=2983, SUCCESS, logIndex=4477, commits[6dd5d97a-7455-476f-86d1-706748154c4a:c4477, 8c1a4ac2-2d71-4742-ab0b-89dcc95eb13f:c4475, c9d0001a-daad-4532-9e58-9f5f4a7ddd18:c4475]
2019-09-12 14:53:55,797 [grpc-default-executor-6] INFO  client.GrpcClientProtocolClient (GrpcClientProtocolClient.java:onNext(264)) - client-835E41B928D6->6dd5d97a-7455-476f-86d1-706748154c4a: receive RaftClientReply:client-835E41B928D6->6dd5d97a-7455-476f-86d1-706748154c4a@group-349356213E97, cid=2984, SUCCESS, logIndex=4480, commits[6dd5d97a-7455-476f-86d1-706748154c4a:c4481, 8c1a4ac2-2d71-4742-ab0b-89dcc95eb13f:c4477, c9d0001a-daad-4532-9e58-9f5f4a7ddd18:c4477]
2019-09-12 14:53:55,797 [grpc-default-executor-6] INFO  client.GrpcClientProtocolClient (GrpcClientProtocolClient.java:onNext(264)) - client-835E41B928D6->6dd5d97a-7455-476f-86d1-706748154c4a: receive RaftClientReply:client-835E41B928D6->6dd5d97a-7455-476f-86d1-706748154c4a@group-349356213E97, cid=2985, SUCCESS, logIndex=4481, commits[6dd5d97a-7455-476f-86d1-706748154c4a:c4481, 8c1a4ac2-2d71-4742-ab0b-89dcc95eb13f:c4477, c9d0001a-daad-4532-9e58-9f5f4a7ddd18:c4477]
2019-09-12 14:53:55,801 [grpc-default-executor-6] INFO  client.GrpcClientProtocolClient (GrpcClientProtocolClient.java:onNext(264)) - client-835E41B928D6->6dd5d97a-7455-476f-86d1-706748154c4a: receive RaftClientReply:client-835E41B928D6->6dd5d97a-7455-476f-86d1-706748154c4a@group-349356213E97, cid=2986, SUCCESS, logIndex=0, commits[6dd5d97a-7455-476f-86d1-706748154c4a:c4483, 8c1a4ac2-2d71-4742-ab0b-89dcc95eb13f:c4481, c9d0001a-daad-4532-9e58-9f5f4a7ddd18:c4481]
2019-09-12 14:53:55,821 [grpc-default-executor-7] INFO  client.GrpcClientProtocolClient (GrpcClientProtocolClient.java:onNext(264)) - client-835E41B928D6->6dd5d97a-7455-476f-86d1-706748154c4a: receive RaftClientReply:client-835E41B928D6->6dd5d97a-7455-476f-86d1-706748154c4a@group-349356213E97, cid=2987, SUCCESS, logIndex=4484, commits[6dd5d97a-7455-476f-86d1-706748154c4a:c4485, 8c1a4ac2-2d71-4742-ab0b-89dcc95eb13f:c4481, c9d0001a-daad-4532-9e58-9f5f4a7ddd18:c4483]
2019-09-12 14:53:55,822 [grpc-default-executor-7] INFO  client.GrpcClientProtocolClient (GrpcClientProtocolClient.java:onNext(264)) - client-835E41B928D6->6dd5d97a-7455-476f-86d1-706748154c4a: receive RaftClientReply:client-835E41B928D6->6dd5d97a-7455-476f-86d1-706748154c4a@group-349356213E97, cid=2988, SUCCESS, logIndex=4485, commits[6dd5d97a-7455-476f-86d1-706748154c4a:c4485, 8c1a4ac2-2d71-4742-ab0b-89dcc95eb13f:c4483, c9d0001a-daad-4532-9e58-9f5f4a7ddd18:c4483]
2019-09-12 14:53:55,823 [grpc-default-executor-5] INFO  client.GrpcClientProtocolClient (GrpcClientProtocolClient.java:onNext(264)) - client-835E41B928D6->6dd5d97a-7455-476f-86d1-706748154c4a: receive RaftClientReply:client-835E41B928D6->6dd5d97a-7455-476f-86d1-706748154c4a@group-349356213E97, cid=2989, SUCCESS, logIndex=4486, commits[6dd5d97a-7455-476f-86d1-706748154c4a:c4488, 8c1a4ac2-2d71-4742-ab0b-89dcc95eb13f:c4483, c9d0001a-daad-4532-9e58-9f5f4a7ddd18:c4485]
2019-09-12 14:53:55,823 [grpc-default-executor-5] INFO  client.GrpcClientProtocolClient (GrpcClientProtocolClient.java:onNext(264)) - client-835E41B928D6->6dd5d97a-7455-476f-86d1-706748154c4a: receive RaftClientReply:client-835E41B928D6->6dd5d97a-7455-476f-86d1-706748154c4a@group-349356213E97, cid=2990, SUCCESS, logIndex=4487, commits[6dd5d97a-7455-476f-86d1-706748154c4a:c4488, 8c1a4ac2-2d71-4742-ab0b-89dcc95eb13f:c4483, c9d0001a-daad-4532-9e58-9f5f4a7ddd18:c4485]
2019-09-12 14:53:55,825 [grpc-default-executor-5] INFO  client.GrpcClientProtocolClient (GrpcClientProtocolClient.java:onNext(264)) - client-835E41B928D6->6dd5d97a-7455-476f-86d1-706748154c4a: receive RaftClientReply:client-835E41B928D6->6dd5d97a-7455-476f-86d1-706748154c4a@group-349356213E97, cid=2991, SUCCESS, logIndex=0, commits[6dd5d97a-7455-476f-86d1-706748154c4a:c4489, 8c1a4ac2-2d71-4742-ab0b-89dcc95eb13f:c4485, c9d0001a-daad-4532-9e58-9f5f4a7ddd18:c4485]
2019-09-12 14:53:55,860 [grpc-default-executor-7] INFO  client.GrpcClientProtocolClient (GrpcClientProtocolClient.java:onNext(264)) - client-835E41B928D6->6dd5d97a-7455-476f-86d1-706748154c4a: receive RaftClientReply:client-835E41B928D6->6dd5d97a-7455-476f-86d1-706748154c4a@group-349356213E97, cid=2992, SUCCESS, logIndex=4492, commits[6dd5d97a-7455-476f-86d1-706748154c4a:c4493, 8c1a4ac2-2d71-4742-ab0b-89dcc95eb13f:c4491, c9d0001a-daad-4532-9e58-9f5f4a7ddd18:c4491]
2019-09-12 14:53:55,860 [grpc-default-executor-7] INFO  client.GrpcClientProtocolClient (GrpcClientProtocolClient.java:onNext(264)) - client-835E41B928D6->6dd5d97a-7455-476f-86d1-706748154c4a: receive RaftClientReply:client-835E41B928D6->6dd5d97a-7455-476f-86d1-706748154c4a@group-349356213E97, cid=2993, SUCCESS, logIndex=4493, commits[6dd5d97a-7455-476f-86d1-706748154c4a:c4493, 8c1a4ac2-2d71-4742-ab0b-89dcc95eb13f:c4491, c9d0001a-daad-4532-9e58-9f5f4a7ddd18:c4491]
2019-09-12 14:53:55,880 [grpc-default-executor-5] INFO  client.GrpcClientProtocolClient (GrpcClientProtocolClient.java:onNext(264)) - client-835E41B928D6->6dd5d97a-7455-476f-86d1-706748154c4a: receive RaftClientReply:client-835E41B928D6->6dd5d97a-7455-476f-86d1-706748154c4a@group-349356213E97, cid=2994, SUCCESS, logIndex=4496, commits[6dd5d97a-7455-476f-86d1-706748154c4a:c4497, 8c1a4ac2-2d71-4742-ab0b-89dcc95eb13f:c4495, c9d0001a-daad-4532-9e58-9f5f4a7ddd18:c4495]
2019-09-12 14:53:55,880 [grpc-default-executor-5] INFO  client.GrpcClientProtocolClient (GrpcClientProtocolClient.java:onNext(264)) - client-835E41B928D6->6dd5d97a-7455-476f-86d1-706748154c4a: receive RaftClientReply:client-835E41B928D6->6dd5d97a-7455-476f-86d1-706748154c4a@group-349356213E97, cid=2995, SUCCESS, logIndex=4497, commits[6dd5d97a-7455-476f-86d1-706748154c4a:c4497, 8c1a4ac2-2d71-4742-ab0b-89dcc95eb13f:c4495, c9d0001a-daad-4532-9e58-9f5f4a7ddd18:c4495]
2019-09-12 14:53:55,893 [grpc-default-executor-6] INFO  client.GrpcClientProtocolClient (GrpcClientProtocolClient.java:onNext(264)) - client-835E41B928D6->6dd5d97a-7455-476f-86d1-706748154c4a: receive RaftClientReply:client-835E41B928D6->6dd5d97a-7455-476f-86d1-706748154c4a@group-349356213E97, cid=2996, SUCCESS, logIndex=0, commits[6dd5d97a-7455-476f-86d1-706748154c4a:c4499, 8c1a4ac2-2d71-4742-ab0b-89dcc95eb13f:c4497, c9d0001a-daad-4532-9e58-9f5f4a7ddd18:c4497]
2019-09-12 14:53:55,920 [grpc-default-executor-6] INFO  client.GrpcClientProtocolClient (GrpcClientProtocolClient.java:onNext(264)) - client-835E41B928D6->6dd5d97a-7455-476f-86d1-706748154c4a: receive RaftClientReply:client-835E41B928D6->6dd5d97a-7455-476f-86d1-706748154c4a@group-349356213E97, cid=2997, SUCCESS, logIndex=4500, commits[6dd5d97a-7455-476f-86d1-706748154c4a:c4501, 8c1a4ac2-2d71-4742-ab0b-89dcc95eb13f:c4499, c9d0001a-daad-4532-9e58-9f5f4a7ddd18:c4499]
2019-09-12 14:53:55,920 [grpc-default-executor-6] INFO  client.GrpcClientProtocolClient (GrpcClientProtocolClient.java:onNext(264)) - client-835E41B928D6->6dd5d97a-7455-476f-86d1-706748154c4a: receive RaftClientReply:client-835E41B928D6->6dd5d97a-7455-476f-86d1-706748154c4a@group-349356213E97, cid=2998, SUCCESS, logIndex=4501, commits[6dd5d97a-7455-476f-86d1-706748154c4a:c4503, 8c1a4ac2-2d71-4742-ab0b-89dcc95eb13f:c4499, c9d0001a-daad-4532-9e58-9f5f4a7ddd18:c4499]
2019-09-12 14:53:55,921 [grpc-default-executor-6] INFO  client.GrpcClientProtocolClient (GrpcClientProtocolClient.java:onNext(264)) - client-835E41B928D6->6dd5d97a-7455-476f-86d1-706748154c4a: receive RaftClientReply:client-835E41B928D6->6dd5d97a-7455-476f-86d1-706748154c4a@group-349356213E97, cid=2999, SUCCESS, logIndex=4502, commits[6dd5d97a-7455-476f-86d1-706748154c4a:c4503, 8c1a4ac2-2d71-4742-ab0b-89dcc95eb13f:c4499, c9d0001a-daad-4532-9e58-9f5f4a7ddd18:c4499]
2019-09-12 14:53:55,921 [grpc-default-executor-6] INFO  client.GrpcClientProtocolClient (GrpcClientProtocolClient.java:onNext(264)) - client-835E41B928D6->6dd5d97a-7455-476f-86d1-706748154c4a: receive RaftClientReply:client-835E41B928D6->6dd5d97a-7455-476f-86d1-706748154c4a@group-349356213E97, cid=3000, SUCCESS, logIndex=4503, commits[6dd5d97a-7455-476f-86d1-706748154c4a:c4503, 8c1a4ac2-2d71-4742-ab0b-89dcc95eb13f:c4499, c9d0001a-daad-4532-9e58-9f5f4a7ddd18:c4499]
2019-09-12 14:53:55,923 [grpc-default-executor-6] INFO  client.GrpcClientProtocolClient (GrpcClientProtocolClient.java:onNext(264)) - client-835E41B928D6->6dd5d97a-7455-476f-86d1-706748154c4a: receive RaftClientReply:client-835E41B928D6->6dd5d97a-7455-476f-86d1-706748154c4a@group-349356213E97, cid=3001, SUCCESS, logIndex=0, commits[6dd5d97a-7455-476f-86d1-706748154c4a:c4505, 8c1a4ac2-2d71-4742-ab0b-89dcc95eb13f:c4501, c9d0001a-daad-4532-9e58-9f5f4a7ddd18:c4501]
2019-09-12 14:53:55,942 [grpc-default-executor-7] INFO  client.GrpcClientProtocolClient (GrpcClientProtocolClient.java:onNext(264)) - client-835E41B928D6->6dd5d97a-7455-476f-86d1-706748154c4a: receive RaftClientReply:client-835E41B928D6->6dd5d97a-7455-476f-86d1-706748154c4a@group-349356213E97, cid=3002, SUCCESS, logIndex=4507, commits[6dd5d97a-7455-476f-86d1-706748154c4a:c4508, 8c1a4ac2-2d71-4742-ab0b-89dcc95eb13f:c4506, c9d0001a-daad-4532-9e58-9f5f4a7ddd18:c4506]
2019-09-12 14:53:55,942 [grpc-default-executor-7] INFO  client.GrpcClientProtocolClient (GrpcClientProtocolClient.java:onNext(264)) - client-835E41B928D6->6dd5d97a-7455-476f-86d1-706748154c4a: receive RaftClientReply:client-835E41B928D6->6dd5d97a-7455-476f-86d1-706748154c4a@group-349356213E97, cid=3003, SUCCESS, logIndex=4508, commits[6dd5d97a-7455-476f-86d1-706748154c4a:c4508, 8c1a4ac2-2d71-4742-ab0b-89dcc95eb13f:c4506, c9d0001a-daad-4532-9e58-9f5f4a7ddd18:c4506]
2019-09-12 14:53:55,956 [grpc-default-executor-5] INFO  client.GrpcClientProtocolClient (GrpcClientProtocolClient.java:onNext(264)) - client-835E41B928D6->6dd5d97a-7455-476f-86d1-706748154c4a: receive RaftClientReply:client-835E41B928D6->6dd5d97a-7455-476f-86d1-706748154c4a@group-349356213E97, cid=3004, SUCCESS, logIndex=4511, commits[6dd5d97a-7455-476f-86d1-706748154c4a:c4512, 8c1a4ac2-2d71-4742-ab0b-89dcc95eb13f:c4508, c9d0001a-daad-4532-9e58-9f5f4a7ddd18:c4508]
2019-09-12 14:53:55,957 [grpc-default-executor-5] INFO  client.GrpcClientProtocolClient (GrpcClientProtocolClient.java:onNext(264)) - client-835E41B928D6->6dd5d97a-7455-476f-86d1-706748154c4a: receive RaftClientReply:client-835E41B928D6->6dd5d97a-7455-476f-86d1-706748154c4a@group-349356213E97, cid=3005, SUCCESS, logIndex=4512, commits[6dd5d97a-7455-476f-86d1-706748154c4a:c4512, 8c1a4ac2-2d71-4742-ab0b-89dcc95eb13f:c4508, c9d0001a-daad-4532-9e58-9f5f4a7ddd18:c4508]
2019-09-12 14:53:55,971 [grpc-default-executor-5] INFO  client.GrpcClientProtocolClient (GrpcClientProtocolClient.java:onNext(264)) - client-835E41B928D6->6dd5d97a-7455-476f-86d1-706748154c4a: receive RaftClientReply:client-835E41B928D6->6dd5d97a-7455-476f-86d1-706748154c4a@group-349356213E97, cid=3006, SUCCESS, logIndex=0, commits[6dd5d97a-7455-476f-86d1-706748154c4a:c4513, 8c1a4ac2-2d71-4742-ab0b-89dcc95eb13f:c4512, c9d0001a-daad-4532-9e58-9f5f4a7ddd18:c4512]
2019-09-12 14:53:55,999 [grpc-default-executor-5] INFO  client.GrpcClientProtocolClient (GrpcClientProtocolClient.java:onNext(264)) - client-835E41B928D6->6dd5d97a-7455-476f-86d1-706748154c4a: receive RaftClientReply:client-835E41B928D6->6dd5d97a-7455-476f-86d1-706748154c4a@group-349356213E97, cid=3007, SUCCESS, logIndex=4515, commits[6dd5d97a-7455-476f-86d1-706748154c4a:c4517, 8c1a4ac2-2d71-4742-ab0b-89dcc95eb13f:c4514, c9d0001a-daad-4532-9e58-9f5f4a7ddd18:c4514]
2019-09-12 14:53:55,999 [grpc-default-executor-5] INFO  client.GrpcClientProtocolClient (GrpcClientProtocolClient.java:onNext(264)) - client-835E41B928D6->6dd5d97a-7455-476f-86d1-706748154c4a: receive RaftClientReply:client-835E41B928D6->6dd5d97a-7455-476f-86d1-706748154c4a@group-349356213E97, cid=3008, SUCCESS, logIndex=4516, commits[6dd5d97a-7455-476f-86d1-706748154c4a:c4518, 8c1a4ac2-2d71-4742-ab0b-89dcc95eb13f:c4514, c9d0001a-daad-4532-9e58-9f5f4a7ddd18:c4514]
2019-09-12 14:53:55,999 [grpc-default-executor-5] INFO  client.GrpcClientProtocolClient (GrpcClientProtocolClient.java:onNext(264)) - client-835E41B928D6->6dd5d97a-7455-476f-86d1-706748154c4a: receive RaftClientReply:client-835E41B928D6->6dd5d97a-7455-476f-86d1-706748154c4a@group-349356213E97, cid=3009, SUCCESS, logIndex=4517, commits[6dd5d97a-7455-476f-86d1-706748154c4a:c4518, 8c1a4ac2-2d71-4742-ab0b-89dcc95eb13f:c4514, c9d0001a-daad-4532-9e58-9f5f4a7ddd18:c4514]
2019-09-12 14:53:56,000 [grpc-default-executor-5] INFO  client.GrpcClientProtocolClient (GrpcClientProtocolClient.java:onNext(264)) - client-835E41B928D6->6dd5d97a-7455-476f-86d1-706748154c4a: receive RaftClientReply:client-835E41B928D6->6dd5d97a-7455-476f-86d1-706748154c4a@group-349356213E97, cid=3010, SUCCESS, logIndex=4518, commits[6dd5d97a-7455-476f-86d1-706748154c4a:c4518, 8c1a4ac2-2d71-4742-ab0b-89dcc95eb13f:c4514, c9d0001a-daad-4532-9e58-9f5f4a7ddd18:c4514]
2019-09-12 14:53:56,013 [grpc-default-executor-6] INFO  client.GrpcClientProtocolClient (GrpcClientProtocolClient.java:onNext(264)) - client-835E41B928D6->6dd5d97a-7455-476f-86d1-706748154c4a: receive RaftClientReply:client-835E41B928D6->6dd5d97a-7455-476f-86d1-706748154c4a@group-349356213E97, cid=3011, SUCCESS, logIndex=0, commits[6dd5d97a-7455-476f-86d1-706748154c4a:c4520, 8c1a4ac2-2d71-4742-ab0b-89dcc95eb13f:c4516, c9d0001a-daad-4532-9e58-9f5f4a7ddd18:c4516]
2019-09-12 14:53:56,031 [grpc-default-executor-5] INFO  client.GrpcClientProtocolClient (GrpcClientProtocolClient.java:onNext(264)) - client-835E41B928D6->6dd5d97a-7455-476f-86d1-706748154c4a: receive RaftClientReply:client-835E41B928D6->6dd5d97a-7455-476f-86d1-706748154c4a@group-349356213E97, cid=3012, SUCCESS, logIndex=4523, commits[6dd5d97a-7455-476f-86d1-706748154c4a:c4524, 8c1a4ac2-2d71-4742-ab0b-89dcc95eb13f:c4522, c9d0001a-daad-4532-9e58-9f5f4a7ddd18:c4522]
2019-09-12 14:53:56,031 [grpc-default-executor-5] INFO  client.GrpcClientProtocolClient (GrpcClientProtocolClient.java:onNext(264)) - client-835E41B928D6->6dd5d97a-7455-476f-86d1-706748154c4a: receive RaftClientReply:client-835E41B928D6->6dd5d97a-7455-476f-86d1-706748154c4a@group-349356213E97, cid=3013, SUCCESS, logIndex=4524, commits[6dd5d97a-7455-476f-86d1-706748154c4a:c4524, 8c1a4ac2-2d71-4742-ab0b-89dcc95eb13f:c4522, c9d0001a-daad-4532-9e58-9f5f4a7ddd18:c4522]
2019-09-12 14:53:56,044 [grpc-default-executor-5] INFO  client.GrpcClientProtocolClient (GrpcClientProtocolClient.java:onNext(264)) - client-835E41B928D6->6dd5d97a-7455-476f-86d1-706748154c4a: receive RaftClientReply:client-835E41B928D6->6dd5d97a-7455-476f-86d1-706748154c4a@group-349356213E97, cid=3014, SUCCESS, logIndex=4527, commits[6dd5d97a-7455-476f-86d1-706748154c4a:c4528, 8c1a4ac2-2d71-4742-ab0b-89dcc95eb13f:c4524, c9d0001a-daad-4532-9e58-9f5f4a7ddd18:c4524]
2019-09-12 14:53:56,044 [grpc-default-executor-5] INFO  client.GrpcClientProtocolClient (GrpcClientProtocolClient.java:onNext(264)) - client-835E41B928D6->6dd5d97a-7455-476f-86d1-706748154c4a: receive RaftClientReply:client-835E41B928D6->6dd5d97a-7455-476f-86d1-706748154c4a@group-349356213E97, cid=3015, SUCCESS, logIndex=4528, commits[6dd5d97a-7455-476f-86d1-706748154c4a:c4528, 8c1a4ac2-2d71-4742-ab0b-89dcc95eb13f:c4524, c9d0001a-daad-4532-9e58-9f5f4a7ddd18:c4524]
2019-09-12 14:53:56,058 [grpc-default-executor-6] INFO  client.GrpcClientProtocolClient (GrpcClientProtocolClient.java:onNext(264)) - client-835E41B928D6->6dd5d97a-7455-476f-86d1-706748154c4a: receive RaftClientReply:client-835E41B928D6->6dd5d97a-7455-476f-86d1-706748154c4a@group-349356213E97, cid=3016, SUCCESS, logIndex=0, commits[6dd5d97a-7455-476f-86d1-706748154c4a:c4529, 8c1a4ac2-2d71-4742-ab0b-89dcc95eb13f:c4528, c9d0001a-daad-4532-9e58-9f5f4a7ddd18:c4528]
2019-09-12 14:53:56,077 [grpc-default-executor-7] INFO  client.GrpcClientProtocolClient (GrpcClientProtocolClient.java:onNext(264)) - client-835E41B928D6->6dd5d97a-7455-476f-86d1-706748154c4a: receive RaftClientReply:client-835E41B928D6->6dd5d97a-7455-476f-86d1-706748154c4a@group-349356213E97, cid=3017, SUCCESS, logIndex=4531, commits[6dd5d97a-7455-476f-86d1-706748154c4a:c4534, 8c1a4ac2-2d71-4742-ab0b-89dcc95eb13f:c4528, c9d0001a-daad-4532-9e58-9f5f4a7ddd18:c4530]
2019-09-12 14:53:56,078 [grpc-default-executor-6] INFO  client.GrpcClientProtocolClient (GrpcClientProtocolClient.java:onNext(264)) - client-835E41B928D6->6dd5d97a-7455-476f-86d1-706748154c4a: receive RaftClientReply:client-835E41B928D6->6dd5d97a-7455-476f-86d1-706748154c4a@group-349356213E97, cid=3018, SUCCESS, logIndex=4532, commits[6dd5d97a-7455-476f-86d1-706748154c4a:c4534, 8c1a4ac2-2d71-4742-ab0b-89dcc95eb13f:c4530, c9d0001a-daad-4532-9e58-9f5f4a7ddd18:c4530]
2019-09-12 14:53:56,078 [grpc-default-executor-6] INFO  client.GrpcClientProtocolClient (GrpcClientProtocolClient.java:onNext(264)) - client-835E41B928D6->6dd5d97a-7455-476f-86d1-706748154c4a: receive RaftClientReply:client-835E41B928D6->6dd5d97a-7455-476f-86d1-706748154c4a@group-349356213E97, cid=3019, SUCCESS, logIndex=4533, commits[6dd5d97a-7455-476f-86d1-706748154c4a:c4534, 8c1a4ac2-2d71-4742-ab0b-89dcc95eb13f:c4530, c9d0001a-daad-4532-9e58-9f5f4a7ddd18:c4530]
2019-09-12 14:53:56,078 [grpc-default-executor-6] INFO  client.GrpcClientProtocolClient (GrpcClientProtocolClient.java:onNext(264)) - client-835E41B928D6->6dd5d97a-7455-476f-86d1-706748154c4a: receive RaftClientReply:client-835E41B928D6->6dd5d97a-7455-476f-86d1-706748154c4a@group-349356213E97, cid=3020, SUCCESS, logIndex=4534, commits[6dd5d97a-7455-476f-86d1-706748154c4a:c4535, 8c1a4ac2-2d71-4742-ab0b-89dcc95eb13f:c4530, c9d0001a-daad-4532-9e58-9f5f4a7ddd18:c4533]
2019-09-12 14:53:56,081 [grpc-default-executor-6] INFO  client.GrpcClientProtocolClient (GrpcClientProtocolClient.java:onNext(264)) - client-835E41B928D6->6dd5d97a-7455-476f-86d1-706748154c4a: receive RaftClientReply:client-835E41B928D6->6dd5d97a-7455-476f-86d1-706748154c4a@group-349356213E97, cid=3021, SUCCESS, logIndex=0, commits[6dd5d97a-7455-476f-86d1-706748154c4a:c4535, 8c1a4ac2-2d71-4742-ab0b-89dcc95eb13f:c4533, c9d0001a-daad-4532-9e58-9f5f4a7ddd18:c4533]
2019-09-12 14:53:56,102 [grpc-default-executor-5] INFO  client.GrpcClientProtocolClient (GrpcClientProtocolClient.java:onNext(264)) - client-835E41B928D6->6dd5d97a-7455-476f-86d1-706748154c4a: receive RaftClientReply:client-835E41B928D6->6dd5d97a-7455-476f-86d1-706748154c4a@group-349356213E97, cid=3022, SUCCESS, logIndex=4538, commits[6dd5d97a-7455-476f-86d1-706748154c4a:c4539, 8c1a4ac2-2d71-4742-ab0b-89dcc95eb13f:c4537, c9d0001a-daad-4532-9e58-9f5f4a7ddd18:c4537]
2019-09-12 14:53:56,102 [grpc-default-executor-5] INFO  client.GrpcClientProtocolClient (GrpcClientProtocolClient.java:onNext(264)) - client-835E41B928D6->6dd5d97a-7455-476f-86d1-706748154c4a: receive RaftClientReply:client-835E41B928D6->6dd5d97a-7455-476f-86d1-706748154c4a@group-349356213E97, cid=3023, SUCCESS, logIndex=4539, commits[6dd5d97a-7455-476f-86d1-706748154c4a:c4539, 8c1a4ac2-2d71-4742-ab0b-89dcc95eb13f:c4537, c9d0001a-daad-4532-9e58-9f5f4a7ddd18:c4537]
2019-09-12 14:53:56,117 [grpc-default-executor-7] INFO  client.GrpcClientProtocolClient (GrpcClientProtocolClient.java:onNext(264)) - client-835E41B928D6->6dd5d97a-7455-476f-86d1-706748154c4a: receive RaftClientReply:client-835E41B928D6->6dd5d97a-7455-476f-86d1-706748154c4a@group-349356213E97, cid=3024, SUCCESS, logIndex=4542, commits[6dd5d97a-7455-476f-86d1-706748154c4a:c4542, 8c1a4ac2-2d71-4742-ab0b-89dcc95eb13f:c4539, c9d0001a-daad-4532-9e58-9f5f4a7ddd18:c4539]
2019-09-12 14:53:56,117 [grpc-default-executor-7] INFO  client.GrpcClientProtocolClient (GrpcClientProtocolClient.java:onNext(264)) - client-835E41B928D6->6dd5d97a-7455-476f-86d1-706748154c4a: receive RaftClientReply:client-835E41B928D6->6dd5d97a-7455-476f-86d1-706748154c4a@group-349356213E97, cid=3025, SUCCESS, logIndex=4543, commits[6dd5d97a-7455-476f-86d1-706748154c4a:c4543, 8c1a4ac2-2d71-4742-ab0b-89dcc95eb13f:c4539, c9d0001a-daad-4532-9e58-9f5f4a7ddd18:c4539]
2019-09-12 14:53:56,151 [grpc-default-executor-7] INFO  client.GrpcClientProtocolClient (GrpcClientProtocolClient.java:onNext(264)) - client-835E41B928D6->6dd5d97a-7455-476f-86d1-706748154c4a: receive RaftClientReply:client-835E41B928D6->6dd5d97a-7455-476f-86d1-706748154c4a@group-349356213E97, cid=3026, SUCCESS, logIndex=0, commits[6dd5d97a-7455-476f-86d1-706748154c4a:c4545, 8c1a4ac2-2d71-4742-ab0b-89dcc95eb13f:c4543, c9d0001a-daad-4532-9e58-9f5f4a7ddd18:c4543]
2019-09-12 14:53:56,300 [grpc-default-executor-5] INFO  client.GrpcClientProtocolClient (GrpcClientProtocolClient.java:onNext(264)) - client-835E41B928D6->6dd5d97a-7455-476f-86d1-706748154c4a: receive RaftClientReply:client-835E41B928D6->6dd5d97a-7455-476f-86d1-706748154c4a@group-349356213E97, cid=3027, SUCCESS, logIndex=4546, commits[6dd5d97a-7455-476f-86d1-706748154c4a:c4547, 8c1a4ac2-2d71-4742-ab0b-89dcc95eb13f:c4543, c9d0001a-daad-4532-9e58-9f5f4a7ddd18:c4545]
2019-09-12 14:53:56,301 [grpc-default-executor-5] INFO  client.GrpcClientProtocolClient (GrpcClientProtocolClient.java:onNext(264)) - client-835E41B928D6->6dd5d97a-7455-476f-86d1-706748154c4a: receive RaftClientReply:client-835E41B928D6->6dd5d97a-7455-476f-86d1-706748154c4a@group-349356213E97, cid=3028, SUCCESS, logIndex=4547, commits[6dd5d97a-7455-476f-86d1-706748154c4a:c4547, 8c1a4ac2-2d71-4742-ab0b-89dcc95eb13f:c4543, c9d0001a-daad-4532-9e58-9f5f4a7ddd18:c4545]
2019-09-12 14:53:56,312 [grpc-default-executor-6] INFO  client.GrpcClientProtocolClient (GrpcClientProtocolClient.java:onNext(264)) - client-835E41B928D6->6dd5d97a-7455-476f-86d1-706748154c4a: receive RaftClientReply:client-835E41B928D6->6dd5d97a-7455-476f-86d1-706748154c4a@group-349356213E97, cid=3029, SUCCESS, logIndex=4548, commits[6dd5d97a-7455-476f-86d1-706748154c4a:c4549, 8c1a4ac2-2d71-4742-ab0b-89dcc95eb13f:c4545, c9d0001a-daad-4532-9e58-9f5f4a7ddd18:c4545]
2019-09-12 14:53:56,312 [grpc-default-executor-2] INFO  client.GrpcClientProtocolClient (GrpcClientProtocolClient.java:onNext(264)) - client-835E41B928D6->6dd5d97a-7455-476f-86d1-706748154c4a: receive RaftClientReply:client-835E41B928D6->6dd5d97a-7455-476f-86d1-706748154c4a@group-349356213E97, cid=3030, SUCCESS, logIndex=4549, commits[6dd5d97a-7455-476f-86d1-706748154c4a:c4549, 8c1a4ac2-2d71-4742-ab0b-89dcc95eb13f:c4545, c9d0001a-daad-4532-9e58-9f5f4a7ddd18:c4545]
2019-09-12 14:53:56,313 [grpc-default-executor-2] INFO  client.GrpcClientProtocolClient (GrpcClientProtocolClient.java:onNext(264)) - client-835E41B928D6->6dd5d97a-7455-476f-86d1-706748154c4a: receive RaftClientReply:client-835E41B928D6->6dd5d97a-7455-476f-86d1-706748154c4a@group-349356213E97, cid=3031, SUCCESS, logIndex=0, commits[6dd5d97a-7455-476f-86d1-706748154c4a:c4553, 8c1a4ac2-2d71-4742-ab0b-89dcc95eb13f:c4549, c9d0001a-daad-4532-9e58-9f5f4a7ddd18:c4547]
2019-09-12 14:53:56,334 [grpc-default-executor-6] INFO  client.GrpcClientProtocolClient (GrpcClientProtocolClient.java:onNext(264)) - client-835E41B928D6->6dd5d97a-7455-476f-86d1-706748154c4a: receive RaftClientReply:client-835E41B928D6->6dd5d97a-7455-476f-86d1-706748154c4a@group-349356213E97, cid=3032, SUCCESS, logIndex=4554, commits[6dd5d97a-7455-476f-86d1-706748154c4a:c4555, 8c1a4ac2-2d71-4742-ab0b-89dcc95eb13f:c4553, c9d0001a-daad-4532-9e58-9f5f4a7ddd18:c4553]
2019-09-12 14:53:56,334 [grpc-default-executor-6] INFO  client.GrpcClientProtocolClient (GrpcClientProtocolClient.java:onNext(264)) - client-835E41B928D6->6dd5d97a-7455-476f-86d1-706748154c4a: receive RaftClientReply:client-835E41B928D6->6dd5d97a-7455-476f-86d1-706748154c4a@group-349356213E97, cid=3033, SUCCESS, logIndex=4555, commits[6dd5d97a-7455-476f-86d1-706748154c4a:c4555, 8c1a4ac2-2d71-4742-ab0b-89dcc95eb13f:c4553, c9d0001a-daad-4532-9e58-9f5f4a7ddd18:c4553]
2019-09-12 14:53:56,358 [grpc-default-executor-5] INFO  client.GrpcClientProtocolClient (GrpcClientProtocolClient.java:onNext(264)) - client-835E41B928D6->6dd5d97a-7455-476f-86d1-706748154c4a: receive RaftClientReply:client-835E41B928D6->6dd5d97a-7455-476f-86d1-706748154c4a@group-349356213E97, cid=3034, SUCCESS, logIndex=4558, commits[6dd5d97a-7455-476f-86d1-706748154c4a:c4559, 8c1a4ac2-2d71-4742-ab0b-89dcc95eb13f:c4555, c9d0001a-daad-4532-9e58-9f5f4a7ddd18:c4554]
2019-09-12 14:53:56,359 [grpc-default-executor-5] INFO  client.GrpcClientProtocolClient (GrpcClientProtocolClient.java:onNext(264)) - client-835E41B928D6->6dd5d97a-7455-476f-86d1-706748154c4a: receive RaftClientReply:client-835E41B928D6->6dd5d97a-7455-476f-86d1-706748154c4a@group-349356213E97, cid=3035, SUCCESS, logIndex=4559, commits[6dd5d97a-7455-476f-86d1-706748154c4a:c4559, 8c1a4ac2-2d71-4742-ab0b-89dcc95eb13f:c4555, c9d0001a-daad-4532-9e58-9f5f4a7ddd18:c4555]
2019-09-12 14:53:56,370 [grpc-default-executor-5] INFO  client.GrpcClientProtocolClient (GrpcClientProtocolClient.java:onNext(264)) - client-835E41B928D6->6dd5d97a-7455-476f-86d1-706748154c4a: receive RaftClientReply:client-835E41B928D6->6dd5d97a-7455-476f-86d1-706748154c4a@group-349356213E97, cid=3036, SUCCESS, logIndex=0, commits[6dd5d97a-7455-476f-86d1-706748154c4a:c4560, 8c1a4ac2-2d71-4742-ab0b-89dcc95eb13f:c4559, c9d0001a-daad-4532-9e58-9f5f4a7ddd18:c4559]
2019-09-12 14:53:56,403 [grpc-default-executor-2] INFO  client.GrpcClientProtocolClient (GrpcClientProtocolClient.java:onNext(264)) - client-835E41B928D6->6dd5d97a-7455-476f-86d1-706748154c4a: receive RaftClientReply:client-835E41B928D6->6dd5d97a-7455-476f-86d1-706748154c4a@group-349356213E97, cid=3037, SUCCESS, logIndex=4561, commits[6dd5d97a-7455-476f-86d1-706748154c4a:c4562, 8c1a4ac2-2d71-4742-ab0b-89dcc95eb13f:c4560, c9d0001a-daad-4532-9e58-9f5f4a7ddd18:c4560]
2019-09-12 14:53:56,403 [grpc-default-executor-6] INFO  client.GrpcClientProtocolClient (GrpcClientProtocolClient.java:onNext(264)) - client-835E41B928D6->6dd5d97a-7455-476f-86d1-706748154c4a: receive RaftClientReply:client-835E41B928D6->6dd5d97a-7455-476f-86d1-706748154c4a@group-349356213E97, cid=3038, SUCCESS, logIndex=4562, commits[6dd5d97a-7455-476f-86d1-706748154c4a:c4562, 8c1a4ac2-2d71-4742-ab0b-89dcc95eb13f:c4560, c9d0001a-daad-4532-9e58-9f5f4a7ddd18:c4560]
2019-09-12 14:53:56,404 [grpc-default-executor-6] INFO  client.GrpcClientProtocolClient (GrpcClientProtocolClient.java:onNext(264)) - client-835E41B928D6->6dd5d97a-7455-476f-86d1-706748154c4a: receive RaftClientReply:client-835E41B928D6->6dd5d97a-7455-476f-86d1-706748154c4a@group-349356213E97, cid=3039, SUCCESS, logIndex=4563, commits[6dd5d97a-7455-476f-86d1-706748154c4a:c4564, 8c1a4ac2-2d71-4742-ab0b-89dcc95eb13f:c4560, c9d0001a-daad-4532-9e58-9f5f4a7ddd18:c4560]
2019-09-12 14:53:56,404 [grpc-default-executor-6] INFO  client.GrpcClientProtocolClient (GrpcClientProtocolClient.java:onNext(264)) - client-835E41B928D6->6dd5d97a-7455-476f-86d1-706748154c4a: receive RaftClientReply:client-835E41B928D6->6dd5d97a-7455-476f-86d1-706748154c4a@group-349356213E97, cid=3040, SUCCESS, logIndex=4564, commits[6dd5d97a-7455-476f-86d1-706748154c4a:c4564, 8c1a4ac2-2d71-4742-ab0b-89dcc95eb13f:c4560, c9d0001a-daad-4532-9e58-9f5f4a7ddd18:c4560]
2019-09-12 14:53:56,418 [grpc-default-executor-6] INFO  client.GrpcClientProtocolClient (GrpcClientProtocolClient.java:onNext(264)) - client-835E41B928D6->6dd5d97a-7455-476f-86d1-706748154c4a: receive RaftClientReply:client-835E41B928D6->6dd5d97a-7455-476f-86d1-706748154c4a@group-349356213E97, cid=3041, SUCCESS, logIndex=0, commits[6dd5d97a-7455-476f-86d1-706748154c4a:c4566, 8c1a4ac2-2d71-4742-ab0b-89dcc95eb13f:c4562, c9d0001a-daad-4532-9e58-9f5f4a7ddd18:c4562]
2019-09-12 14:53:56,436 [grpc-default-executor-2] INFO  client.GrpcClientProtocolClient (GrpcClientProtocolClient.java:onNext(264)) - client-835E41B928D6->6dd5d97a-7455-476f-86d1-706748154c4a: receive RaftClientReply:client-835E41B928D6->6dd5d97a-7455-476f-86d1-706748154c4a@group-349356213E97, cid=3042, SUCCESS, logIndex=4569, commits[6dd5d97a-7455-476f-86d1-706748154c4a:c4570, 8c1a4ac2-2d71-4742-ab0b-89dcc95eb13f:c4568, c9d0001a-daad-4532-9e58-9f5f4a7ddd18:c4568]
2019-09-12 14:53:56,436 [grpc-default-executor-2] INFO  client.GrpcClientProtocolClient (GrpcClientProtocolClient.java:onNext(264)) - client-835E41B928D6->6dd5d97a-7455-476f-86d1-706748154c4a: receive RaftClientReply:client-835E41B928D6->6dd5d97a-7455-476f-86d1-706748154c4a@group-349356213E97, cid=3043, SUCCESS, logIndex=4570, commits[6dd5d97a-7455-476f-86d1-706748154c4a:c4570, 8c1a4ac2-2d71-4742-ab0b-89dcc95eb13f:c4568, c9d0001a-daad-4532-9e58-9f5f4a7ddd18:c4568]
2019-09-12 14:53:56,451 [grpc-default-executor-5] INFO  client.GrpcClientProtocolClient (GrpcClientProtocolClient.java:onNext(264)) - client-835E41B928D6->6dd5d97a-7455-476f-86d1-706748154c4a: receive RaftClientReply:client-835E41B928D6->6dd5d97a-7455-476f-86d1-706748154c4a@group-349356213E97, cid=3044, SUCCESS, logIndex=4573, commits[6dd5d97a-7455-476f-86d1-706748154c4a:c4574, 8c1a4ac2-2d71-4742-ab0b-89dcc95eb13f:c4570, c9d0001a-daad-4532-9e58-9f5f4a7ddd18:c4570]
2019-09-12 14:53:56,451 [grpc-default-executor-5] INFO  client.GrpcClientProtocolClient (GrpcClientProtocolClient.java:onNext(264)) - client-835E41B928D6->6dd5d97a-7455-476f-86d1-706748154c4a: receive RaftClientReply:client-835E41B928D6->6dd5d97a-7455-476f-86d1-706748154c4a@group-349356213E97, cid=3045, SUCCESS, logIndex=4574, commits[6dd5d97a-7455-476f-86d1-706748154c4a:c4574, 8c1a4ac2-2d71-4742-ab0b-89dcc95eb13f:c4570, c9d0001a-daad-4532-9e58-9f5f4a7ddd18:c4570]
2019-09-12 14:53:56,465 [grpc-default-executor-6] INFO  client.GrpcClientProtocolClient (GrpcClientProtocolClient.java:onNext(264)) - client-835E41B928D6->6dd5d97a-7455-476f-86d1-706748154c4a: receive RaftClientReply:client-835E41B928D6->6dd5d97a-7455-476f-86d1-706748154c4a@group-349356213E97, cid=3046, SUCCESS, logIndex=0, commits[6dd5d97a-7455-476f-86d1-706748154c4a:c4576, 8c1a4ac2-2d71-4742-ab0b-89dcc95eb13f:c4574, c9d0001a-daad-4532-9e58-9f5f4a7ddd18:c4574]
2019-09-12 14:53:56,516 [grpc-default-executor-6] INFO  client.GrpcClientProtocolClient (GrpcClientProtocolClient.java:onNext(264)) - client-835E41B928D6->6dd5d97a-7455-476f-86d1-706748154c4a: receive RaftClientReply:client-835E41B928D6->6dd5d97a-7455-476f-86d1-706748154c4a@group-349356213E97, cid=3047, SUCCESS, logIndex=4577, commits[6dd5d97a-7455-476f-86d1-706748154c4a:c4578, 8c1a4ac2-2d71-4742-ab0b-89dcc95eb13f:c4576, c9d0001a-daad-4532-9e58-9f5f4a7ddd18:c4576]
2019-09-12 14:53:56,517 [grpc-default-executor-6] INFO  client.GrpcClientProtocolClient (GrpcClientProtocolClient.java:onNext(264)) - client-835E41B928D6->6dd5d97a-7455-476f-86d1-706748154c4a: receive RaftClientReply:client-835E41B928D6->6dd5d97a-7455-476f-86d1-706748154c4a@group-349356213E97, cid=3048, SUCCESS, logIndex=4578, commits[6dd5d97a-7455-476f-86d1-706748154c4a:c4580, 8c1a4ac2-2d71-4742-ab0b-89dcc95eb13f:c4576, c9d0001a-daad-4532-9e58-9f5f4a7ddd18:c4576]
2019-09-12 14:53:56,517 [grpc-default-executor-6] INFO  client.GrpcClientProtocolClient (GrpcClientProtocolClient.java:onNext(264)) - client-835E41B928D6->6dd5d97a-7455-476f-86d1-706748154c4a: receive RaftClientReply:client-835E41B928D6->6dd5d97a-7455-476f-86d1-706748154c4a@group-349356213E97, cid=3049, SUCCESS, logIndex=4579, commits[6dd5d97a-7455-476f-86d1-706748154c4a:c4580, 8c1a4ac2-2d71-4742-ab0b-89dcc95eb13f:c4576, c9d0001a-daad-4532-9e58-9f5f4a7ddd18:c4576]
2019-09-12 14:53:56,517 [grpc-default-executor-6] INFO  client.GrpcClientProtocolClient (GrpcClientProtocolClient.java:onNext(264)) - client-835E41B928D6->6dd5d97a-7455-476f-86d1-706748154c4a: receive RaftClientReply:client-835E41B928D6->6dd5d97a-7455-476f-86d1-706748154c4a@group-349356213E97, cid=3050, SUCCESS, logIndex=4580, commits[6dd5d97a-7455-476f-86d1-706748154c4a:c4580, 8c1a4ac2-2d71-4742-ab0b-89dcc95eb13f:c4576, c9d0001a-daad-4532-9e58-9f5f4a7ddd18:c4576]
 0.00% |█                                                                                                    |  0/1 Time: 0:00:242019-09-12 14:53:56,530 [grpc-default-executor-5] INFO  client.GrpcClientProtocolClient (GrpcClientProtocolClient.java:onNext(264)) - client-835E41B928D6->6dd5d97a-7455-476f-86d1-706748154c4a: receive RaftClientReply:client-835E41B928D6->6dd5d97a-7455-476f-86d1-706748154c4a@group-349356213E97, cid=3051, SUCCESS, logIndex=0, commits[6dd5d97a-7455-476f-86d1-706748154c4a:c4583, 8c1a4ac2-2d71-4742-ab0b-89dcc95eb13f:c4580, c9d0001a-daad-4532-9e58-9f5f4a7ddd18:c4580]
2019-09-12 14:53:56,550 [grpc-default-executor-6] INFO  client.GrpcClientProtocolClient (GrpcClientProtocolClient.java:onNext(264)) - client-835E41B928D6->6dd5d97a-7455-476f-86d1-706748154c4a: receive RaftClientReply:client-835E41B928D6->6dd5d97a-7455-476f-86d1-706748154c4a@group-349356213E97, cid=3052, SUCCESS, logIndex=4584, commits[6dd5d97a-7455-476f-86d1-706748154c4a:c4585, 8c1a4ac2-2d71-4742-ab0b-89dcc95eb13f:c4583, c9d0001a-daad-4532-9e58-9f5f4a7ddd18:c4583]
2019-09-12 14:53:56,550 [grpc-default-executor-6] INFO  client.GrpcClientProtocolClient (GrpcClientProtocolClient.java:onNext(264)) - client-835E41B928D6->6dd5d97a-7455-476f-86d1-706748154c4a: receive RaftClientReply:client-835E41B928D6->6dd5d97a-7455-476f-86d1-706748154c4a@group-349356213E97, cid=3053, SUCCESS, logIndex=4585, commits[6dd5d97a-7455-476f-86d1-706748154c4a:c4585, 8c1a4ac2-2d71-4742-ab0b-89dcc95eb13f:c4583, c9d0001a-daad-4532-9e58-9f5f4a7ddd18:c4583]
2019-09-12 14:53:56,565 [grpc-default-executor-2] INFO  client.GrpcClientProtocolClient (GrpcClientProtocolClient.java:onNext(264)) - client-835E41B928D6->6dd5d97a-7455-476f-86d1-706748154c4a: receive RaftClientReply:client-835E41B928D6->6dd5d97a-7455-476f-86d1-706748154c4a@group-349356213E97, cid=3054, SUCCESS, logIndex=4588, commits[6dd5d97a-7455-476f-86d1-706748154c4a:c4589, 8c1a4ac2-2d71-4742-ab0b-89dcc95eb13f:c4585, c9d0001a-daad-4532-9e58-9f5f4a7ddd18:c4585]
2019-09-12 14:53:56,565 [grpc-default-executor-2] INFO  client.GrpcClientProtocolClient (GrpcClientProtocolClient.java:onNext(264)) - client-835E41B928D6->6dd5d97a-7455-476f-86d1-706748154c4a: receive RaftClientReply:client-835E41B928D6->6dd5d97a-7455-476f-86d1-706748154c4a@group-349356213E97, cid=3055, SUCCESS, logIndex=4589, commits[6dd5d97a-7455-476f-86d1-706748154c4a:c4589, 8c1a4ac2-2d71-4742-ab0b-89dcc95eb13f:c4585, c9d0001a-daad-4532-9e58-9f5f4a7ddd18:c4585]
2019-09-12 14:53:56,579 [grpc-default-executor-2] INFO  client.GrpcClientProtocolClient (GrpcClientProtocolClient.java:onNext(264)) - client-835E41B928D6->6dd5d97a-7455-476f-86d1-706748154c4a: receive RaftClientReply:client-835E41B928D6->6dd5d97a-7455-476f-86d1-706748154c4a@group-349356213E97, cid=3056, SUCCESS, logIndex=0, commits[6dd5d97a-7455-476f-86d1-706748154c4a:c4591, 8c1a4ac2-2d71-4742-ab0b-89dcc95eb13f:c4589, c9d0001a-daad-4532-9e58-9f5f4a7ddd18:c4589]
2019-09-12 14:53:56,621 [grpc-default-executor-6] INFO  client.GrpcClientProtocolClient (GrpcClientProtocolClient.java:onNext(264)) - client-835E41B928D6->6dd5d97a-7455-476f-86d1-706748154c4a: receive RaftClientReply:client-835E41B928D6->6dd5d97a-7455-476f-86d1-706748154c4a@group-349356213E97, cid=3057, SUCCESS, logIndex=4592, commits[6dd5d97a-7455-476f-86d1-706748154c4a:c4593, 8c1a4ac2-2d71-4742-ab0b-89dcc95eb13f:c4589, c9d0001a-daad-4532-9e58-9f5f4a7ddd18:c4591]
2019-09-12 14:53:56,622 [grpc-default-executor-6] INFO  client.GrpcClientProtocolClient (GrpcClientProtocolClient.java:onNext(264)) - client-835E41B928D6->6dd5d97a-7455-476f-86d1-706748154c4a: receive RaftClientReply:client-835E41B928D6->6dd5d97a-7455-476f-86d1-706748154c4a@group-349356213E97, cid=3058, SUCCESS, logIndex=4593, commits[6dd5d97a-7455-476f-86d1-706748154c4a:c4593, 8c1a4ac2-2d71-4742-ab0b-89dcc95eb13f:c4591, c9d0001a-daad-4532-9e58-9f5f4a7ddd18:c4591]
2019-09-12 14:53:56,632 [grpc-default-executor-2] INFO  client.GrpcClientProtocolClient (GrpcClientProtocolClient.java:onNext(264)) - client-835E41B928D6->6dd5d97a-7455-476f-86d1-706748154c4a: receive RaftClientReply:client-835E41B928D6->6dd5d97a-7455-476f-86d1-706748154c4a@group-349356213E97, cid=3059, SUCCESS, logIndex=4594, commits[6dd5d97a-7455-476f-86d1-706748154c4a:c4595, 8c1a4ac2-2d71-4742-ab0b-89dcc95eb13f:c4591, c9d0001a-daad-4532-9e58-9f5f4a7ddd18:c4591]
2019-09-12 14:53:56,633 [grpc-default-executor-2] INFO  client.GrpcClientProtocolClient (GrpcClientProtocolClient.java:onNext(264)) - client-835E41B928D6->6dd5d97a-7455-476f-86d1-706748154c4a: receive RaftClientReply:client-835E41B928D6->6dd5d97a-7455-476f-86d1-706748154c4a@group-349356213E97, cid=3060, SUCCESS, logIndex=4595, commits[6dd5d97a-7455-476f-86d1-706748154c4a:c4595, 8c1a4ac2-2d71-4742-ab0b-89dcc95eb13f:c4591, c9d0001a-daad-4532-9e58-9f5f4a7ddd18:c4591]
2019-09-12 14:53:56,635 [grpc-default-executor-2] INFO  client.GrpcClientProtocolClient (GrpcClientProtocolClient.java:onNext(264)) - client-835E41B928D6->6dd5d97a-7455-476f-86d1-706748154c4a: receive RaftClientReply:client-835E41B928D6->6dd5d97a-7455-476f-86d1-706748154c4a@group-349356213E97, cid=3061, SUCCESS, logIndex=0, commits[6dd5d97a-7455-476f-86d1-706748154c4a:c4597, 8c1a4ac2-2d71-4742-ab0b-89dcc95eb13f:c4593, c9d0001a-daad-4532-9e58-9f5f4a7ddd18:c4593]
2019-09-12 14:53:56,647 [grpc-default-executor-6] INFO  client.GrpcClientProtocolClient (GrpcClientProtocolClient.java:onNext(264)) - client-835E41B928D6->6dd5d97a-7455-476f-86d1-706748154c4a: receive RaftClientReply:client-835E41B928D6->6dd5d97a-7455-476f-86d1-706748154c4a@group-349356213E97, cid=3062, SUCCESS, logIndex=4600, commits[6dd5d97a-7455-476f-86d1-706748154c4a:c4601, 8c1a4ac2-2d71-4742-ab0b-89dcc95eb13f:c4599, c9d0001a-daad-4532-9e58-9f5f4a7ddd18:c4595]
2019-09-12 14:53:56,647 [grpc-default-executor-6] INFO  client.GrpcClientProtocolClient (GrpcClientProtocolClient.java:onNext(264)) - client-835E41B928D6->6dd5d97a-7455-476f-86d1-706748154c4a: receive RaftClientReply:client-835E41B928D6->6dd5d97a-7455-476f-86d1-706748154c4a@group-349356213E97, cid=3063, SUCCESS, logIndex=4601, commits[6dd5d97a-7455-476f-86d1-706748154c4a:c4601, 8c1a4ac2-2d71-4742-ab0b-89dcc95eb13f:c4599, c9d0001a-daad-4532-9e58-9f5f4a7ddd18:c4595]
2019-09-12 14:53:56,662 [grpc-default-executor-6] INFO  client.GrpcClientProtocolClient (GrpcClientProtocolClient.java:onNext(264)) - client-835E41B928D6->6dd5d97a-7455-476f-86d1-706748154c4a: receive RaftClientReply:client-835E41B928D6->6dd5d97a-7455-476f-86d1-706748154c4a@group-349356213E97, cid=3064, SUCCESS, logIndex=4604, commits[6dd5d97a-7455-476f-86d1-706748154c4a:c4605, 8c1a4ac2-2d71-4742-ab0b-89dcc95eb13f:c4601, c9d0001a-daad-4532-9e58-9f5f4a7ddd18:c4601]
2019-09-12 14:53:56,663 [grpc-default-executor-6] INFO  client.GrpcClientProtocolClient (GrpcClientProtocolClient.java:onNext(264)) - client-835E41B928D6->6dd5d97a-7455-476f-86d1-706748154c4a: receive RaftClientReply:client-835E41B928D6->6dd5d97a-7455-476f-86d1-706748154c4a@group-349356213E97, cid=3065, SUCCESS, logIndex=4605, commits[6dd5d97a-7455-476f-86d1-706748154c4a:c4605, 8c1a4ac2-2d71-4742-ab0b-89dcc95eb13f:c4601, c9d0001a-daad-4532-9e58-9f5f4a7ddd18:c4601]
2019-09-12 14:53:56,677 [grpc-default-executor-6] INFO  client.GrpcClientProtocolClient (GrpcClientProtocolClient.java:onNext(264)) - client-835E41B928D6->6dd5d97a-7455-476f-86d1-706748154c4a: receive RaftClientReply:client-835E41B928D6->6dd5d97a-7455-476f-86d1-706748154c4a@group-349356213E97, cid=3066, SUCCESS, logIndex=0, commits[6dd5d97a-7455-476f-86d1-706748154c4a:c4607, 8c1a4ac2-2d71-4742-ab0b-89dcc95eb13f:c4605, c9d0001a-daad-4532-9e58-9f5f4a7ddd18:c4605]
2019-09-12 14:53:56,708 [grpc-default-executor-2] INFO  client.GrpcClientProtocolClient (GrpcClientProtocolClient.java:onNext(264)) - client-835E41B928D6->6dd5d97a-7455-476f-86d1-706748154c4a: receive RaftClientReply:client-835E41B928D6->6dd5d97a-7455-476f-86d1-706748154c4a@group-349356213E97, cid=3067, SUCCESS, logIndex=4608, commits[6dd5d97a-7455-476f-86d1-706748154c4a:c4609, 8c1a4ac2-2d71-4742-ab0b-89dcc95eb13f:c4607, c9d0001a-daad-4532-9e58-9f5f4a7ddd18:c4607]
2019-09-12 14:53:56,708 [grpc-default-executor-2] INFO  client.GrpcClientProtocolClient (GrpcClientProtocolClient.java:onNext(264)) - client-835E41B928D6->6dd5d97a-7455-476f-86d1-706748154c4a: receive RaftClientReply:client-835E41B928D6->6dd5d97a-7455-476f-86d1-706748154c4a@group-349356213E97, cid=3068, SUCCESS, logIndex=4609, commits[6dd5d97a-7455-476f-86d1-706748154c4a:c4611, 8c1a4ac2-2d71-4742-ab0b-89dcc95eb13f:c4607, c9d0001a-daad-4532-9e58-9f5f4a7ddd18:c4607]
2019-09-12 14:53:56,709 [grpc-default-executor-2] INFO  client.GrpcClientProtocolClient (GrpcClientProtocolClient.java:onNext(264)) - client-835E41B928D6->6dd5d97a-7455-476f-86d1-706748154c4a: receive RaftClientReply:client-835E41B928D6->6dd5d97a-7455-476f-86d1-706748154c4a@group-349356213E97, cid=3069, SUCCESS, logIndex=4610, commits[6dd5d97a-7455-476f-86d1-706748154c4a:c4611, 8c1a4ac2-2d71-4742-ab0b-89dcc95eb13f:c4607, c9d0001a-daad-4532-9e58-9f5f4a7ddd18:c4607]
2019-09-12 14:53:56,709 [grpc-default-executor-2] INFO  client.GrpcClientProtocolClient (GrpcClientProtocolClient.java:onNext(264)) - client-835E41B928D6->6dd5d97a-7455-476f-86d1-706748154c4a: receive RaftClientReply:client-835E41B928D6->6dd5d97a-7455-476f-86d1-706748154c4a@group-349356213E97, cid=3070, SUCCESS, logIndex=4611, commits[6dd5d97a-7455-476f-86d1-706748154c4a:c4611, 8c1a4ac2-2d71-4742-ab0b-89dcc95eb13f:c4607, c9d0001a-daad-4532-9e58-9f5f4a7ddd18:c4607]
2019-09-12 14:53:56,720 [grpc-default-executor-2] INFO  client.GrpcClientProtocolClient (GrpcClientProtocolClient.java:onNext(264)) - client-835E41B928D6->6dd5d97a-7455-476f-86d1-706748154c4a: receive RaftClientReply:client-835E41B928D6->6dd5d97a-7455-476f-86d1-706748154c4a@group-349356213E97, cid=3071, SUCCESS, logIndex=0, commits[6dd5d97a-7455-476f-86d1-706748154c4a:c4612, 8c1a4ac2-2d71-4742-ab0b-89dcc95eb13f:c4609, c9d0001a-daad-4532-9e58-9f5f4a7ddd18:c4609]
2019-09-12 14:53:56,737 [grpc-default-executor-5] INFO  client.GrpcClientProtocolClient (GrpcClientProtocolClient.java:onNext(264)) - client-835E41B928D6->6dd5d97a-7455-476f-86d1-706748154c4a: receive RaftClientReply:client-835E41B928D6->6dd5d97a-7455-476f-86d1-706748154c4a@group-349356213E97, cid=3072, SUCCESS, logIndex=4616, commits[6dd5d97a-7455-476f-86d1-706748154c4a:c4617, 8c1a4ac2-2d71-4742-ab0b-89dcc95eb13f:c4615, c9d0001a-daad-4532-9e58-9f5f4a7ddd18:c4615]
2019-09-12 14:53:56,737 [grpc-default-executor-5] INFO  client.GrpcClientProtocolClient (GrpcClientProtocolClient.java:onNext(264)) - client-835E41B928D6->6dd5d97a-7455-476f-86d1-706748154c4a: receive RaftClientReply:client-835E41B928D6->6dd5d97a-7455-476f-86d1-706748154c4a@group-349356213E97, cid=3073, SUCCESS, logIndex=4617, commits[6dd5d97a-7455-476f-86d1-706748154c4a:c4617, 8c1a4ac2-2d71-4742-ab0b-89dcc95eb13f:c4615, c9d0001a-daad-4532-9e58-9f5f4a7ddd18:c4615]
2019-09-12 14:53:56,751 [grpc-default-executor-2] INFO  client.GrpcClientProtocolClient (GrpcClientProtocolClient.java:onNext(264)) - client-835E41B928D6->6dd5d97a-7455-476f-86d1-706748154c4a: receive RaftClientReply:client-835E41B928D6->6dd5d97a-7455-476f-86d1-706748154c4a@group-349356213E97, cid=3074, SUCCESS, logIndex=4620, commits[6dd5d97a-7455-476f-86d1-706748154c4a:c4621, 8c1a4ac2-2d71-4742-ab0b-89dcc95eb13f:c4617, c9d0001a-daad-4532-9e58-9f5f4a7ddd18:c4617]
2019-09-12 14:53:56,752 [grpc-default-executor-2] INFO  client.GrpcClientProtocolClient (GrpcClientProtocolClient.java:onNext(264)) - client-835E41B928D6->6dd5d97a-7455-476f-86d1-706748154c4a: receive RaftClientReply:client-835E41B928D6->6dd5d97a-7455-476f-86d1-706748154c4a@group-349356213E97, cid=3075, SUCCESS, logIndex=4621, commits[6dd5d97a-7455-476f-86d1-706748154c4a:c4621, 8c1a4ac2-2d71-4742-ab0b-89dcc95eb13f:c4617, c9d0001a-daad-4532-9e58-9f5f4a7ddd18:c4617]
2019-09-12 14:53:56,764 [grpc-default-executor-2] INFO  client.GrpcClientProtocolClient (GrpcClientProtocolClient.java:onNext(264)) - client-835E41B928D6->6dd5d97a-7455-476f-86d1-706748154c4a: receive RaftClientReply:client-835E41B928D6->6dd5d97a-7455-476f-86d1-706748154c4a@group-349356213E97, cid=3076, SUCCESS, logIndex=0, commits[6dd5d97a-7455-476f-86d1-706748154c4a:c4622, 8c1a4ac2-2d71-4742-ab0b-89dcc95eb13f:c4621, c9d0001a-daad-4532-9e58-9f5f4a7ddd18:c4621]
2019-09-12 14:53:56,795 [grpc-default-executor-6] INFO  client.GrpcClientProtocolClient (GrpcClientProtocolClient.java:onNext(264)) - client-835E41B928D6->6dd5d97a-7455-476f-86d1-706748154c4a: receive RaftClientReply:client-835E41B928D6->6dd5d97a-7455-476f-86d1-706748154c4a@group-349356213E97, cid=3077, SUCCESS, logIndex=4624, commits[6dd5d97a-7455-476f-86d1-706748154c4a:c4627, 8c1a4ac2-2d71-4742-ab0b-89dcc95eb13f:c4623, c9d0001a-daad-4532-9e58-9f5f4a7ddd18:c4623]
2019-09-12 14:53:56,795 [grpc-default-executor-6] INFO  client.GrpcClientProtocolClient (GrpcClientProtocolClient.java:onNext(264)) - client-835E41B928D6->6dd5d97a-7455-476f-86d1-706748154c4a: receive RaftClientReply:client-835E41B928D6->6dd5d97a-7455-476f-86d1-706748154c4a@group-349356213E97, cid=3078, SUCCESS, logIndex=4625, commits[6dd5d97a-7455-476f-86d1-706748154c4a:c4627, 8c1a4ac2-2d71-4742-ab0b-89dcc95eb13f:c4623, c9d0001a-daad-4532-9e58-9f5f4a7ddd18:c4623]
2019-09-12 14:53:56,796 [grpc-default-executor-6] INFO  client.GrpcClientProtocolClient (GrpcClientProtocolClient.java:onNext(264)) - client-835E41B928D6->6dd5d97a-7455-476f-86d1-706748154c4a: receive RaftClientReply:client-835E41B928D6->6dd5d97a-7455-476f-86d1-706748154c4a@group-349356213E97, cid=3079, SUCCESS, logIndex=4626, commits[6dd5d97a-7455-476f-86d1-706748154c4a:c4627, 8c1a4ac2-2d71-4742-ab0b-89dcc95eb13f:c4623, c9d0001a-daad-4532-9e58-9f5f4a7ddd18:c4623]
2019-09-12 14:53:56,796 [grpc-default-executor-6] INFO  client.GrpcClientProtocolClient (GrpcClientProtocolClient.java:onNext(264)) - client-835E41B928D6->6dd5d97a-7455-476f-86d1-706748154c4a: receive RaftClientReply:client-835E41B928D6->6dd5d97a-7455-476f-86d1-706748154c4a@group-349356213E97, cid=3080, SUCCESS, logIndex=4627, commits[6dd5d97a-7455-476f-86d1-706748154c4a:c4627, 8c1a4ac2-2d71-4742-ab0b-89dcc95eb13f:c4623, c9d0001a-daad-4532-9e58-9f5f4a7ddd18:c4623]
2019-09-12 14:53:56,797 [grpc-default-executor-6] INFO  client.GrpcClientProtocolClient (GrpcClientProtocolClient.java:onNext(264)) - client-835E41B928D6->6dd5d97a-7455-476f-86d1-706748154c4a: receive RaftClientReply:client-835E41B928D6->6dd5d97a-7455-476f-86d1-706748154c4a@group-349356213E97, cid=3081, SUCCESS, logIndex=0, commits[6dd5d97a-7455-476f-86d1-706748154c4a:c4628, 8c1a4ac2-2d71-4742-ab0b-89dcc95eb13f:c4625, c9d0001a-daad-4532-9e58-9f5f4a7ddd18:c4625]
2019-09-12 14:53:56,810 [grpc-default-executor-5] INFO  client.GrpcClientProtocolClient (GrpcClientProtocolClient.java:onNext(264)) - client-835E41B928D6->6dd5d97a-7455-476f-86d1-706748154c4a: receive RaftClientReply:client-835E41B928D6->6dd5d97a-7455-476f-86d1-706748154c4a@group-349356213E97, cid=3082, SUCCESS, logIndex=4632, commits[6dd5d97a-7455-476f-86d1-706748154c4a:c4633, 8c1a4ac2-2d71-4742-ab0b-89dcc95eb13f:c4628, c9d0001a-daad-4532-9e58-9f5f4a7ddd18:c4627]
2019-09-12 14:53:56,811 [grpc-default-executor-5] INFO  client.GrpcClientProtocolClient (GrpcClientProtocolClient.java:onNext(264)) - client-835E41B928D6->6dd5d97a-7455-476f-86d1-706748154c4a: receive RaftClientReply:client-835E41B928D6->6dd5d97a-7455-476f-86d1-706748154c4a@group-349356213E97, cid=3083, SUCCESS, logIndex=4633, commits[6dd5d97a-7455-476f-86d1-706748154c4a:c4633, 8c1a4ac2-2d71-4742-ab0b-89dcc95eb13f:c4628, c9d0001a-daad-4532-9e58-9f5f4a7ddd18:c4628]
2019-09-12 14:53:56,826 [grpc-default-executor-5] INFO  client.GrpcClientProtocolClient (GrpcClientProtocolClient.java:onNext(264)) - client-835E41B928D6->6dd5d97a-7455-476f-86d1-706748154c4a: receive RaftClientReply:client-835E41B928D6->6dd5d97a-7455-476f-86d1-706748154c4a@group-349356213E97, cid=3084, SUCCESS, logIndex=4636, commits[6dd5d97a-7455-476f-86d1-706748154c4a:c4637, 8c1a4ac2-2d71-4742-ab0b-89dcc95eb13f:c4633, c9d0001a-daad-4532-9e58-9f5f4a7ddd18:c4633]
2019-09-12 14:53:56,826 [grpc-default-executor-5] INFO  client.GrpcClientProtocolClient (GrpcClientProtocolClient.java:onNext(264)) - client-835E41B928D6->6dd5d97a-7455-476f-86d1-706748154c4a: receive RaftClientReply:client-835E41B928D6->6dd5d97a-7455-476f-86d1-706748154c4a@group-349356213E97, cid=3085, SUCCESS, logIndex=4637, commits[6dd5d97a-7455-476f-86d1-706748154c4a:c4637, 8c1a4ac2-2d71-4742-ab0b-89dcc95eb13f:c4633, c9d0001a-daad-4532-9e58-9f5f4a7ddd18:c4633]
2019-09-12 14:53:56,840 [grpc-default-executor-2] INFO  client.GrpcClientProtocolClient (GrpcClientProtocolClient.java:onNext(264)) - client-835E41B928D6->6dd5d97a-7455-476f-86d1-706748154c4a: receive RaftClientReply:client-835E41B928D6->6dd5d97a-7455-476f-86d1-706748154c4a@group-349356213E97, cid=3086, SUCCESS, logIndex=0, commits[6dd5d97a-7455-476f-86d1-706748154c4a:c4639, 8c1a4ac2-2d71-4742-ab0b-89dcc95eb13f:c4637, c9d0001a-daad-4532-9e58-9f5f4a7ddd18:c4637]
2019-09-12 14:53:56,859 [grpc-default-executor-5] INFO  client.GrpcClientProtocolClient (GrpcClientProtocolClient.java:onNext(264)) - client-835E41B928D6->6dd5d97a-7455-476f-86d1-706748154c4a: receive RaftClientReply:client-835E41B928D6->6dd5d97a-7455-476f-86d1-706748154c4a@group-349356213E97, cid=3087, SUCCESS, logIndex=4640, commits[6dd5d97a-7455-476f-86d1-706748154c4a:c4641, 8c1a4ac2-2d71-4742-ab0b-89dcc95eb13f:c4637, c9d0001a-daad-4532-9e58-9f5f4a7ddd18:c4639]
2019-09-12 14:53:56,860 [grpc-default-executor-5] INFO  client.GrpcClientProtocolClient (GrpcClientProtocolClient.java:onNext(264)) - client-835E41B928D6->6dd5d97a-7455-476f-86d1-706748154c4a: receive RaftClientReply:client-835E41B928D6->6dd5d97a-7455-476f-86d1-706748154c4a@group-349356213E97, cid=3088, SUCCESS, logIndex=4641, commits[6dd5d97a-7455-476f-86d1-706748154c4a:c4641, 8c1a4ac2-2d71-4742-ab0b-89dcc95eb13f:c4637, c9d0001a-daad-4532-9e58-9f5f4a7ddd18:c4639]
2019-09-12 14:53:56,862 [grpc-default-executor-5] INFO  client.GrpcClientProtocolClient (GrpcClientProtocolClient.java:onNext(264)) - client-835E41B928D6->6dd5d97a-7455-476f-86d1-706748154c4a: receive RaftClientReply:client-835E41B928D6->6dd5d97a-7455-476f-86d1-706748154c4a@group-349356213E97, cid=3089, SUCCESS, logIndex=4642, commits[6dd5d97a-7455-476f-86d1-706748154c4a:c4642, 8c1a4ac2-2d71-4742-ab0b-89dcc95eb13f:c4639, c9d0001a-daad-4532-9e58-9f5f4a7ddd18:c4639]
2019-09-12 14:53:56,862 [grpc-default-executor-5] INFO  client.GrpcClientProtocolClient (GrpcClientProtocolClient.java:onNext(264)) - client-835E41B928D6->6dd5d97a-7455-476f-86d1-706748154c4a: receive RaftClientReply:client-835E41B928D6->6dd5d97a-7455-476f-86d1-706748154c4a@group-349356213E97, cid=3090, SUCCESS, logIndex=4643, commits[6dd5d97a-7455-476f-86d1-706748154c4a:c4645, 8c1a4ac2-2d71-4742-ab0b-89dcc95eb13f:c4641, c9d0001a-daad-4532-9e58-9f5f4a7ddd18:c4641]
2019-09-12 14:53:56,882 [grpc-default-executor-6] INFO  client.GrpcClientProtocolClient (GrpcClientProtocolClient.java:onNext(264)) - client-835E41B928D6->6dd5d97a-7455-476f-86d1-706748154c4a: receive RaftClientReply:client-835E41B928D6->6dd5d97a-7455-476f-86d1-706748154c4a@group-349356213E97, cid=3091, SUCCESS, logIndex=4647, commits[6dd5d97a-7455-476f-86d1-706748154c4a:c4648, 8c1a4ac2-2d71-4742-ab0b-89dcc95eb13f:c4646, c9d0001a-daad-4532-9e58-9f5f4a7ddd18:c4646]
2019-09-12 14:53:56,882 [grpc-default-executor-6] INFO  client.GrpcClientProtocolClient (GrpcClientProtocolClient.java:onNext(264)) - client-835E41B928D6->6dd5d97a-7455-476f-86d1-706748154c4a: receive RaftClientReply:client-835E41B928D6->6dd5d97a-7455-476f-86d1-706748154c4a@group-349356213E97, cid=3092, SUCCESS, logIndex=4648, commits[6dd5d97a-7455-476f-86d1-706748154c4a:c4648, 8c1a4ac2-2d71-4742-ab0b-89dcc95eb13f:c4646, c9d0001a-daad-4532-9e58-9f5f4a7ddd18:c4646]
2019-09-12 14:53:56,896 [grpc-default-executor-2] INFO  client.GrpcClientProtocolClient (GrpcClientProtocolClient.java:onNext(264)) - client-835E41B928D6->6dd5d97a-7455-476f-86d1-706748154c4a: receive RaftClientReply:client-835E41B928D6->6dd5d97a-7455-476f-86d1-706748154c4a@group-349356213E97, cid=3093, SUCCESS, logIndex=4651, commits[6dd5d97a-7455-476f-86d1-706748154c4a:c4652, 8c1a4ac2-2d71-4742-ab0b-89dcc95eb13f:c4648, c9d0001a-daad-4532-9e58-9f5f4a7ddd18:c4648]
2019-09-12 14:53:56,897 [grpc-default-executor-2] INFO  client.GrpcClientProtocolClient (GrpcClientProtocolClient.java:onNext(264)) - client-835E41B928D6->6dd5d97a-7455-476f-86d1-706748154c4a: receive RaftClientReply:client-835E41B928D6->6dd5d97a-7455-476f-86d1-706748154c4a@group-349356213E97, cid=3094, SUCCESS, logIndex=4652, commits[6dd5d97a-7455-476f-86d1-706748154c4a:c4652, 8c1a4ac2-2d71-4742-ab0b-89dcc95eb13f:c4648, c9d0001a-daad-4532-9e58-9f5f4a7ddd18:c4648]
2019-09-12 14:53:56,915 [grpc-default-executor-2] INFO  client.GrpcClientProtocolClient (GrpcClientProtocolClient.java:onNext(264)) - client-835E41B928D6->6dd5d97a-7455-476f-86d1-706748154c4a: receive RaftClientReply:client-835E41B928D6->6dd5d97a-7455-476f-86d1-706748154c4a@group-349356213E97, cid=3095, SUCCESS, logIndex=0, commits[6dd5d97a-7455-476f-86d1-706748154c4a:c4653, 8c1a4ac2-2d71-4742-ab0b-89dcc95eb13f:c4652, c9d0001a-daad-4532-9e58-9f5f4a7ddd18:c4652]
2019-09-12 14:53:56,944 [grpc-default-executor-5] INFO  client.GrpcClientProtocolClient (GrpcClientProtocolClient.java:onNext(264)) - client-835E41B928D6->6dd5d97a-7455-476f-86d1-706748154c4a: receive RaftClientReply:client-835E41B928D6->6dd5d97a-7455-476f-86d1-706748154c4a@group-349356213E97, cid=3096, SUCCESS, logIndex=4654, commits[6dd5d97a-7455-476f-86d1-706748154c4a:c4655, 8c1a4ac2-2d71-4742-ab0b-89dcc95eb13f:c4653, c9d0001a-daad-4532-9e58-9f5f4a7ddd18:c4653]
2019-09-12 14:53:56,945 [grpc-default-executor-5] INFO  client.GrpcClientProtocolClient (GrpcClientProtocolClient.java:onNext(264)) - client-835E41B928D6->6dd5d97a-7455-476f-86d1-706748154c4a: receive RaftClientReply:client-835E41B928D6->6dd5d97a-7455-476f-86d1-706748154c4a@group-349356213E97, cid=3097, SUCCESS, logIndex=4655, commits[6dd5d97a-7455-476f-86d1-706748154c4a:c4657, 8c1a4ac2-2d71-4742-ab0b-89dcc95eb13f:c4653, c9d0001a-daad-4532-9e58-9f5f4a7ddd18:c4653]
2019-09-12 14:53:56,945 [grpc-default-executor-5] INFO  client.GrpcClientProtocolClient (GrpcClientProtocolClient.java:onNext(264)) - client-835E41B928D6->6dd5d97a-7455-476f-86d1-706748154c4a: receive RaftClientReply:client-835E41B928D6->6dd5d97a-7455-476f-86d1-706748154c4a@group-349356213E97, cid=3098, SUCCESS, logIndex=4656, commits[6dd5d97a-7455-476f-86d1-706748154c4a:c4657, 8c1a4ac2-2d71-4742-ab0b-89dcc95eb13f:c4653, c9d0001a-daad-4532-9e58-9f5f4a7ddd18:c4653]
2019-09-12 14:53:56,945 [grpc-default-executor-5] INFO  client.GrpcClientProtocolClient (GrpcClientProtocolClient.java:onNext(264)) - client-835E41B928D6->6dd5d97a-7455-476f-86d1-706748154c4a: receive RaftClientReply:client-835E41B928D6->6dd5d97a-7455-476f-86d1-706748154c4a@group-349356213E97, cid=3099, SUCCESS, logIndex=4657, commits[6dd5d97a-7455-476f-86d1-706748154c4a:c4657, 8c1a4ac2-2d71-4742-ab0b-89dcc95eb13f:c4653, c9d0001a-daad-4532-9e58-9f5f4a7ddd18:c4653]
2019-09-12 14:53:56,958 [grpc-default-executor-5] INFO  client.GrpcClientProtocolClient (GrpcClientProtocolClient.java:onNext(264)) - client-835E41B928D6->6dd5d97a-7455-476f-86d1-706748154c4a: receive RaftClientReply:client-835E41B928D6->6dd5d97a-7455-476f-86d1-706748154c4a@group-349356213E97, cid=3100, SUCCESS, logIndex=0, commits[6dd5d97a-7455-476f-86d1-706748154c4a:c4661, 8c1a4ac2-2d71-4742-ab0b-89dcc95eb13f:c4655, c9d0001a-daad-4532-9e58-9f5f4a7ddd18:c4657]
2019-09-12 14:53:56,977 [grpc-default-executor-5] INFO  client.GrpcClientProtocolClient (GrpcClientProtocolClient.java:onNext(264)) - client-835E41B928D6->6dd5d97a-7455-476f-86d1-706748154c4a: receive RaftClientReply:client-835E41B928D6->6dd5d97a-7455-476f-86d1-706748154c4a@group-349356213E97, cid=3101, SUCCESS, logIndex=4662, commits[6dd5d97a-7455-476f-86d1-706748154c4a:c4663, 8c1a4ac2-2d71-4742-ab0b-89dcc95eb13f:c4661, c9d0001a-daad-4532-9e58-9f5f4a7ddd18:c4661]
2019-09-12 14:53:56,977 [grpc-default-executor-5] INFO  client.GrpcClientProtocolClient (GrpcClientProtocolClient.java:onNext(264)) - client-835E41B928D6->6dd5d97a-7455-476f-86d1-706748154c4a: receive RaftClientReply:client-835E41B928D6->6dd5d97a-7455-476f-86d1-706748154c4a@group-349356213E97, cid=3102, SUCCESS, logIndex=4663, commits[6dd5d97a-7455-476f-86d1-706748154c4a:c4663, 8c1a4ac2-2d71-4742-ab0b-89dcc95eb13f:c4661, c9d0001a-daad-4532-9e58-9f5f4a7ddd18:c4661]
2019-09-12 14:53:56,991 [grpc-default-executor-7] INFO  client.GrpcClientProtocolClient (GrpcClientProtocolClient.java:onNext(264)) - client-835E41B928D6->6dd5d97a-7455-476f-86d1-706748154c4a: receive RaftClientReply:client-835E41B928D6->6dd5d97a-7455-476f-86d1-706748154c4a@group-349356213E97, cid=3103, SUCCESS, logIndex=4666, commits[6dd5d97a-7455-476f-86d1-706748154c4a:c4667, 8c1a4ac2-2d71-4742-ab0b-89dcc95eb13f:c4663, c9d0001a-daad-4532-9e58-9f5f4a7ddd18:c4663]
2019-09-12 14:53:56,992 [grpc-default-executor-7] INFO  client.GrpcClientProtocolClient (GrpcClientProtocolClient.java:onNext(264)) - client-835E41B928D6->6dd5d97a-7455-476f-86d1-706748154c4a: receive RaftClientReply:client-835E41B928D6->6dd5d97a-7455-476f-86d1-706748154c4a@group-349356213E97, cid=3104, SUCCESS, logIndex=4667, commits[6dd5d97a-7455-476f-86d1-706748154c4a:c4667, 8c1a4ac2-2d71-4742-ab0b-89dcc95eb13f:c4663, c9d0001a-daad-4532-9e58-9f5f4a7ddd18:c4663]
2019-09-12 14:53:57,003 [grpc-default-executor-2] INFO  client.GrpcClientProtocolClient (GrpcClientProtocolClient.java:onNext(264)) - client-835E41B928D6->6dd5d97a-7455-476f-86d1-706748154c4a: receive RaftClientReply:client-835E41B928D6->6dd5d97a-7455-476f-86d1-706748154c4a@group-349356213E97, cid=3105, SUCCESS, logIndex=0, commits[6dd5d97a-7455-476f-86d1-706748154c4a:c4668, 8c1a4ac2-2d71-4742-ab0b-89dcc95eb13f:c4667, c9d0001a-daad-4532-9e58-9f5f4a7ddd18:c4667]
2019-09-12 14:53:57,034 [grpc-default-executor-7] INFO  client.GrpcClientProtocolClient (GrpcClientProtocolClient.java:onNext(264)) - client-835E41B928D6->6dd5d97a-7455-476f-86d1-706748154c4a: receive RaftClientReply:client-835E41B928D6->6dd5d97a-7455-476f-86d1-706748154c4a@group-349356213E97, cid=3106, SUCCESS, logIndex=4670, commits[6dd5d97a-7455-476f-86d1-706748154c4a:c4671, 8c1a4ac2-2d71-4742-ab0b-89dcc95eb13f:c4669, c9d0001a-daad-4532-9e58-9f5f4a7ddd18:c4669]
2019-09-12 14:53:57,034 [grpc-default-executor-7] INFO  client.GrpcClientProtocolClient (GrpcClientProtocolClient.java:onNext(264)) - client-835E41B928D6->6dd5d97a-7455-476f-86d1-706748154c4a: receive RaftClientReply:client-835E41B928D6->6dd5d97a-7455-476f-86d1-706748154c4a@group-349356213E97, cid=3107, SUCCESS, logIndex=4671, commits[6dd5d97a-7455-476f-86d1-706748154c4a:c4671, 8c1a4ac2-2d71-4742-ab0b-89dcc95eb13f:c4669, c9d0001a-daad-4532-9e58-9f5f4a7ddd18:c4669]
2019-09-12 14:53:57,036 [grpc-default-executor-5] INFO  client.GrpcClientProtocolClient (GrpcClientProtocolClient.java:onNext(264)) - client-835E41B928D6->6dd5d97a-7455-476f-86d1-706748154c4a: receive RaftClientReply:client-835E41B928D6->6dd5d97a-7455-476f-86d1-706748154c4a@group-349356213E97, cid=3108, SUCCESS, logIndex=4672, commits[6dd5d97a-7455-476f-86d1-706748154c4a:c4673, 8c1a4ac2-2d71-4742-ab0b-89dcc95eb13f:c4669, c9d0001a-daad-4532-9e58-9f5f4a7ddd18:c4669]
2019-09-12 14:53:57,036 [grpc-default-executor-5] INFO  client.GrpcClientProtocolClient (GrpcClientProtocolClient.java:onNext(264)) - client-835E41B928D6->6dd5d97a-7455-476f-86d1-706748154c4a: receive RaftClientReply:client-835E41B928D6->6dd5d97a-7455-476f-86d1-706748154c4a@group-349356213E97, cid=3109, SUCCESS, logIndex=4673, commits[6dd5d97a-7455-476f-86d1-706748154c4a:c4673, 8c1a4ac2-2d71-4742-ab0b-89dcc95eb13f:c4669, c9d0001a-daad-4532-9e58-9f5f4a7ddd18:c4669]
2019-09-12 14:53:57,047 [grpc-default-executor-7] INFO  client.GrpcClientProtocolClient (GrpcClientProtocolClient.java:onNext(264)) - client-835E41B928D6->6dd5d97a-7455-476f-86d1-706748154c4a: receive RaftClientReply:client-835E41B928D6->6dd5d97a-7455-476f-86d1-706748154c4a@group-349356213E97, cid=3110, SUCCESS, logIndex=0, commits[6dd5d97a-7455-476f-86d1-706748154c4a:c4674, 8c1a4ac2-2d71-4742-ab0b-89dcc95eb13f:c4671, c9d0001a-daad-4532-9e58-9f5f4a7ddd18:c4671]
2019-09-12 14:53:57,065 [grpc-default-executor-7] INFO  client.GrpcClientProtocolClient (GrpcClientProtocolClient.java:onNext(264)) - client-835E41B928D6->6dd5d97a-7455-476f-86d1-706748154c4a: receive RaftClientReply:client-835E41B928D6->6dd5d97a-7455-476f-86d1-706748154c4a@group-349356213E97, cid=3111, SUCCESS, logIndex=4678, commits[6dd5d97a-7455-476f-86d1-706748154c4a:c4679, 8c1a4ac2-2d71-4742-ab0b-89dcc95eb13f:c4677, c9d0001a-daad-4532-9e58-9f5f4a7ddd18:c4677]
2019-09-12 14:53:57,065 [grpc-default-executor-7] INFO  client.GrpcClientProtocolClient (GrpcClientProtocolClient.java:onNext(264)) - client-835E41B928D6->6dd5d97a-7455-476f-86d1-706748154c4a: receive RaftClientReply:client-835E41B928D6->6dd5d97a-7455-476f-86d1-706748154c4a@group-349356213E97, cid=3112, SUCCESS, logIndex=4679, commits[6dd5d97a-7455-476f-86d1-706748154c4a:c4679, 8c1a4ac2-2d71-4742-ab0b-89dcc95eb13f:c4677, c9d0001a-daad-4532-9e58-9f5f4a7ddd18:c4677]
2019-09-12 14:53:57,079 [grpc-default-executor-7] INFO  client.GrpcClientProtocolClient (GrpcClientProtocolClient.java:onNext(264)) - client-835E41B928D6->6dd5d97a-7455-476f-86d1-706748154c4a: receive RaftClientReply:client-835E41B928D6->6dd5d97a-7455-476f-86d1-706748154c4a@group-349356213E97, cid=3113, SUCCESS, logIndex=4682, commits[6dd5d97a-7455-476f-86d1-706748154c4a:c4683, 8c1a4ac2-2d71-4742-ab0b-89dcc95eb13f:c4679, c9d0001a-daad-4532-9e58-9f5f4a7ddd18:c4679]
2019-09-12 14:53:57,080 [grpc-default-executor-7] INFO  client.GrpcClientProtocolClient (GrpcClientProtocolClient.java:onNext(264)) - client-835E41B928D6->6dd5d97a-7455-476f-86d1-706748154c4a: receive RaftClientReply:client-835E41B928D6->6dd5d97a-7455-476f-86d1-706748154c4a@group-349356213E97, cid=3114, SUCCESS, logIndex=4683, commits[6dd5d97a-7455-476f-86d1-706748154c4a:c4683, 8c1a4ac2-2d71-4742-ab0b-89dcc95eb13f:c4679, c9d0001a-daad-4532-9e58-9f5f4a7ddd18:c4679]
2019-09-12 14:53:57,092 [grpc-default-executor-7] INFO  client.GrpcClientProtocolClient (GrpcClientProtocolClient.java:onNext(264)) - client-835E41B928D6->6dd5d97a-7455-476f-86d1-706748154c4a: receive RaftClientReply:client-835E41B928D6->6dd5d97a-7455-476f-86d1-706748154c4a@group-349356213E97, cid=3115, SUCCESS, logIndex=0, commits[6dd5d97a-7455-476f-86d1-706748154c4a:c4684, 8c1a4ac2-2d71-4742-ab0b-89dcc95eb13f:c4683, c9d0001a-daad-4532-9e58-9f5f4a7ddd18:c4683]
 0.00% |█                                                                                                    |  0/1 Time: 0:00:252019-09-12 14:53:57,642 [grpc-default-executor-5] INFO  client.GrpcClientProtocolClient (GrpcClientProtocolClient.java:onNext(264)) - client-835E41B928D6->6dd5d97a-7455-476f-86d1-706748154c4a: receive RaftClientReply:client-835E41B928D6->6dd5d97a-7455-476f-86d1-706748154c4a@group-349356213E97, cid=3116, SUCCESS, logIndex=4686, commits[6dd5d97a-7455-476f-86d1-706748154c4a:c4688, 8c1a4ac2-2d71-4742-ab0b-89dcc95eb13f:c4685, c9d0001a-daad-4532-9e58-9f5f4a7ddd18:c4685]
2019-09-12 14:53:57,643 [grpc-default-executor-5] INFO  client.GrpcClientProtocolClient (GrpcClientProtocolClient.java:onNext(264)) - client-835E41B928D6->6dd5d97a-7455-476f-86d1-706748154c4a: receive RaftClientReply:client-835E41B928D6->6dd5d97a-7455-476f-86d1-706748154c4a@group-349356213E97, cid=3117, SUCCESS, logIndex=4687, commits[6dd5d97a-7455-476f-86d1-706748154c4a:c4689, 8c1a4ac2-2d71-4742-ab0b-89dcc95eb13f:c4685, c9d0001a-daad-4532-9e58-9f5f4a7ddd18:c4685]
2019-09-12 14:53:57,643 [grpc-default-executor-5] INFO  client.GrpcClientProtocolClient (GrpcClientProtocolClient.java:onNext(264)) - client-835E41B928D6->6dd5d97a-7455-476f-86d1-706748154c4a: receive RaftClientReply:client-835E41B928D6->6dd5d97a-7455-476f-86d1-706748154c4a@group-349356213E97, cid=3118, SUCCESS, logIndex=4688, commits[6dd5d97a-7455-476f-86d1-706748154c4a:c4689, 8c1a4ac2-2d71-4742-ab0b-89dcc95eb13f:c4685, c9d0001a-daad-4532-9e58-9f5f4a7ddd18:c4685]
2019-09-12 14:53:57,643 [grpc-default-executor-5] INFO  client.GrpcClientProtocolClient (GrpcClientProtocolClient.java:onNext(264)) - client-835E41B928D6->6dd5d97a-7455-476f-86d1-706748154c4a: receive RaftClientReply:client-835E41B928D6->6dd5d97a-7455-476f-86d1-706748154c4a@group-349356213E97, cid=3119, SUCCESS, logIndex=4689, commits[6dd5d97a-7455-476f-86d1-706748154c4a:c4689, 8c1a4ac2-2d71-4742-ab0b-89dcc95eb13f:c4685, c9d0001a-daad-4532-9e58-9f5f4a7ddd18:c4685]
2019-09-12 14:53:57,656 [grpc-default-executor-5] INFO  client.GrpcClientProtocolClient (GrpcClientProtocolClient.java:onNext(264)) - client-835E41B928D6->6dd5d97a-7455-476f-86d1-706748154c4a: receive RaftClientReply:client-835E41B928D6->6dd5d97a-7455-476f-86d1-706748154c4a@group-349356213E97, cid=3120, SUCCESS, logIndex=0, commits[6dd5d97a-7455-476f-86d1-706748154c4a:c4690, 8c1a4ac2-2d71-4742-ab0b-89dcc95eb13f:c4687, c9d0001a-daad-4532-9e58-9f5f4a7ddd18:c4687]
2019-09-12 14:53:57,677 [grpc-default-executor-5] INFO  client.GrpcClientProtocolClient (GrpcClientProtocolClient.java:onNext(264)) - client-835E41B928D6->6dd5d97a-7455-476f-86d1-706748154c4a: receive RaftClientReply:client-835E41B928D6->6dd5d97a-7455-476f-86d1-706748154c4a@group-349356213E97, cid=3121, SUCCESS, logIndex=4694, commits[6dd5d97a-7455-476f-86d1-706748154c4a:c4694, 8c1a4ac2-2d71-4742-ab0b-89dcc95eb13f:c4693, c9d0001a-daad-4532-9e58-9f5f4a7ddd18:c4693]
2019-09-12 14:53:57,678 [grpc-default-executor-5] INFO  client.GrpcClientProtocolClient (GrpcClientProtocolClient.java:onNext(264)) - client-835E41B928D6->6dd5d97a-7455-476f-86d1-706748154c4a: receive RaftClientReply:client-835E41B928D6->6dd5d97a-7455-476f-86d1-706748154c4a@group-349356213E97, cid=3122, SUCCESS, logIndex=4695, commits[6dd5d97a-7455-476f-86d1-706748154c4a:c4695, 8c1a4ac2-2d71-4742-ab0b-89dcc95eb13f:c4693, c9d0001a-daad-4532-9e58-9f5f4a7ddd18:c4693]
2019-09-12 14:53:57,693 [grpc-default-executor-7] INFO  client.GrpcClientProtocolClient (GrpcClientProtocolClient.java:onNext(264)) - client-835E41B928D6->6dd5d97a-7455-476f-86d1-706748154c4a: receive RaftClientReply:client-835E41B928D6->6dd5d97a-7455-476f-86d1-706748154c4a@group-349356213E97, cid=3123, SUCCESS, logIndex=4698, commits[6dd5d97a-7455-476f-86d1-706748154c4a:c4699, 8c1a4ac2-2d71-4742-ab0b-89dcc95eb13f:c4695, c9d0001a-daad-4532-9e58-9f5f4a7ddd18:c4695]
2019-09-12 14:53:57,693 [grpc-default-executor-7] INFO  client.GrpcClientProtocolClient (GrpcClientProtocolClient.java:onNext(264)) - client-835E41B928D6->6dd5d97a-7455-476f-86d1-706748154c4a: receive RaftClientReply:client-835E41B928D6->6dd5d97a-7455-476f-86d1-706748154c4a@group-349356213E97, cid=3124, SUCCESS, logIndex=4699, commits[6dd5d97a-7455-476f-86d1-706748154c4a:c4699, 8c1a4ac2-2d71-4742-ab0b-89dcc95eb13f:c4695, c9d0001a-daad-4532-9e58-9f5f4a7ddd18:c4695]
2019-09-12 14:53:57,709 [grpc-default-executor-7] INFO  client.GrpcClientProtocolClient (GrpcClientProtocolClient.java:onNext(264)) - client-835E41B928D6->6dd5d97a-7455-476f-86d1-706748154c4a: receive RaftClientReply:client-835E41B928D6->6dd5d97a-7455-476f-86d1-706748154c4a@group-349356213E97, cid=3125, SUCCESS, logIndex=0, commits[6dd5d97a-7455-476f-86d1-706748154c4a:c4701, 8c1a4ac2-2d71-4742-ab0b-89dcc95eb13f:c4699, c9d0001a-daad-4532-9e58-9f5f4a7ddd18:c4699]
2019-09-12 14:53:57,739 [grpc-default-executor-7] INFO  client.GrpcClientProtocolClient (GrpcClientProtocolClient.java:onNext(264)) - client-835E41B928D6->6dd5d97a-7455-476f-86d1-706748154c4a: receive RaftClientReply:client-835E41B928D6->6dd5d97a-7455-476f-86d1-706748154c4a@group-349356213E97, cid=3126, SUCCESS, logIndex=4702, commits[6dd5d97a-7455-476f-86d1-706748154c4a:c4703, 8c1a4ac2-2d71-4742-ab0b-89dcc95eb13f:c4701, c9d0001a-daad-4532-9e58-9f5f4a7ddd18:c4701]
2019-09-12 14:53:57,739 [grpc-default-executor-7] INFO  client.GrpcClientProtocolClient (GrpcClientProtocolClient.java:onNext(264)) - client-835E41B928D6->6dd5d97a-7455-476f-86d1-706748154c4a: receive RaftClientReply:client-835E41B928D6->6dd5d97a-7455-476f-86d1-706748154c4a@group-349356213E97, cid=3127, SUCCESS, logIndex=4703, commits[6dd5d97a-7455-476f-86d1-706748154c4a:c4703, 8c1a4ac2-2d71-4742-ab0b-89dcc95eb13f:c4701, c9d0001a-daad-4532-9e58-9f5f4a7ddd18:c4701]
2019-09-12 14:53:57,741 [grpc-default-executor-2] INFO  client.GrpcClientProtocolClient (GrpcClientProtocolClient.java:onNext(264)) - client-835E41B928D6->6dd5d97a-7455-476f-86d1-706748154c4a: receive RaftClientReply:client-835E41B928D6->6dd5d97a-7455-476f-86d1-706748154c4a@group-349356213E97, cid=3128, SUCCESS, logIndex=4704, commits[6dd5d97a-7455-476f-86d1-706748154c4a:c4705, 8c1a4ac2-2d71-4742-ab0b-89dcc95eb13f:c4701, c9d0001a-daad-4532-9e58-9f5f4a7ddd18:c4701]
2019-09-12 14:53:57,741 [grpc-default-executor-2] INFO  client.GrpcClientProtocolClient (GrpcClientProtocolClient.java:onNext(264)) - client-835E41B928D6->6dd5d97a-7455-476f-86d1-706748154c4a: receive RaftClientReply:client-835E41B928D6->6dd5d97a-7455-476f-86d1-706748154c4a@group-349356213E97, cid=3129, SUCCESS, logIndex=4705, commits[6dd5d97a-7455-476f-86d1-706748154c4a:c4705, 8c1a4ac2-2d71-4742-ab0b-89dcc95eb13f:c4701, c9d0001a-daad-4532-9e58-9f5f4a7ddd18:c4701]
2019-09-12 14:53:57,753 [grpc-default-executor-2] INFO  client.GrpcClientProtocolClient (GrpcClientProtocolClient.java:onNext(264)) - client-835E41B928D6->6dd5d97a-7455-476f-86d1-706748154c4a: receive RaftClientReply:client-835E41B928D6->6dd5d97a-7455-476f-86d1-706748154c4a@group-349356213E97, cid=3130, SUCCESS, logIndex=0, commits[6dd5d97a-7455-476f-86d1-706748154c4a:c4707, 8c1a4ac2-2d71-4742-ab0b-89dcc95eb13f:c4703, c9d0001a-daad-4532-9e58-9f5f4a7ddd18:c4703]
2019-09-12 14:53:57,774 [grpc-default-executor-2] INFO  client.GrpcClientProtocolClient (GrpcClientProtocolClient.java:onNext(264)) - client-835E41B928D6->6dd5d97a-7455-476f-86d1-706748154c4a: receive RaftClientReply:client-835E41B928D6->6dd5d97a-7455-476f-86d1-706748154c4a@group-349356213E97, cid=3131, SUCCESS, logIndex=4710, commits[6dd5d97a-7455-476f-86d1-706748154c4a:c4711, 8c1a4ac2-2d71-4742-ab0b-89dcc95eb13f:c4709, c9d0001a-daad-4532-9e58-9f5f4a7ddd18:c4709]
2019-09-12 14:53:57,774 [grpc-default-executor-2] INFO  client.GrpcClientProtocolClient (GrpcClientProtocolClient.java:onNext(264)) - client-835E41B928D6->6dd5d97a-7455-476f-86d1-706748154c4a: receive RaftClientReply:client-835E41B928D6->6dd5d97a-7455-476f-86d1-706748154c4a@group-349356213E97, cid=3132, SUCCESS, logIndex=4711, commits[6dd5d97a-7455-476f-86d1-706748154c4a:c4711, 8c1a4ac2-2d71-4742-ab0b-89dcc95eb13f:c4709, c9d0001a-daad-4532-9e58-9f5f4a7ddd18:c4709]
2019-09-12 14:53:57,788 [grpc-default-executor-2] INFO  client.GrpcClientProtocolClient (GrpcClientProtocolClient.java:onNext(264)) - client-835E41B928D6->6dd5d97a-7455-476f-86d1-706748154c4a: receive RaftClientReply:client-835E41B928D6->6dd5d97a-7455-476f-86d1-706748154c4a@group-349356213E97, cid=3133, SUCCESS, logIndex=4714, commits[6dd5d97a-7455-476f-86d1-706748154c4a:c4715, 8c1a4ac2-2d71-4742-ab0b-89dcc95eb13f:c4711, c9d0001a-daad-4532-9e58-9f5f4a7ddd18:c4711]
2019-09-12 14:53:57,789 [grpc-default-executor-2] INFO  client.GrpcClientProtocolClient (GrpcClientProtocolClient.java:onNext(264)) - client-835E41B928D6->6dd5d97a-7455-476f-86d1-706748154c4a: receive RaftClientReply:client-835E41B928D6->6dd5d97a-7455-476f-86d1-706748154c4a@group-349356213E97, cid=3134, SUCCESS, logIndex=4715, commits[6dd5d97a-7455-476f-86d1-706748154c4a:c4715, 8c1a4ac2-2d71-4742-ab0b-89dcc95eb13f:c4711, c9d0001a-daad-4532-9e58-9f5f4a7ddd18:c4711]
2019-09-12 14:53:57,800 [grpc-default-executor-2] INFO  client.GrpcClientProtocolClient (GrpcClientProtocolClient.java:onNext(264)) - client-835E41B928D6->6dd5d97a-7455-476f-86d1-706748154c4a: receive RaftClientReply:client-835E41B928D6->6dd5d97a-7455-476f-86d1-706748154c4a@group-349356213E97, cid=3135, SUCCESS, logIndex=0, commits[6dd5d97a-7455-476f-86d1-706748154c4a:c4716, 8c1a4ac2-2d71-4742-ab0b-89dcc95eb13f:c4715, c9d0001a-daad-4532-9e58-9f5f4a7ddd18:c4715]
2019-09-12 14:53:57,829 [grpc-default-executor-2] INFO  client.GrpcClientProtocolClient (GrpcClientProtocolClient.java:onNext(264)) - client-835E41B928D6->6dd5d97a-7455-476f-86d1-706748154c4a: receive RaftClientReply:client-835E41B928D6->6dd5d97a-7455-476f-86d1-706748154c4a@group-349356213E97, cid=3136, SUCCESS, logIndex=4718, commits[6dd5d97a-7455-476f-86d1-706748154c4a:c4719, 8c1a4ac2-2d71-4742-ab0b-89dcc95eb13f:c4717, c9d0001a-daad-4532-9e58-9f5f4a7ddd18:c4717]
2019-09-12 14:53:57,830 [grpc-default-executor-2] INFO  client.GrpcClientProtocolClient (GrpcClientProtocolClient.java:onNext(264)) - client-835E41B928D6->6dd5d97a-7455-476f-86d1-706748154c4a: receive RaftClientReply:client-835E41B928D6->6dd5d97a-7455-476f-86d1-706748154c4a@group-349356213E97, cid=3137, SUCCESS, logIndex=4719, commits[6dd5d97a-7455-476f-86d1-706748154c4a:c4719, 8c1a4ac2-2d71-4742-ab0b-89dcc95eb13f:c4717, c9d0001a-daad-4532-9e58-9f5f4a7ddd18:c4717]
2019-09-12 14:53:57,839 [grpc-default-executor-5] INFO  client.GrpcClientProtocolClient (GrpcClientProtocolClient.java:onNext(264)) - client-835E41B928D6->6dd5d97a-7455-476f-86d1-706748154c4a: receive RaftClientReply:client-835E41B928D6->6dd5d97a-7455-476f-86d1-706748154c4a@group-349356213E97, cid=3138, SUCCESS, logIndex=4720, commits[6dd5d97a-7455-476f-86d1-706748154c4a:c4721, 8c1a4ac2-2d71-4742-ab0b-89dcc95eb13f:c4717, c9d0001a-daad-4532-9e58-9f5f4a7ddd18:c4717]
2019-09-12 14:53:57,839 [grpc-default-executor-5] INFO  client.GrpcClientProtocolClient (GrpcClientProtocolClient.java:onNext(264)) - client-835E41B928D6->6dd5d97a-7455-476f-86d1-706748154c4a: receive RaftClientReply:client-835E41B928D6->6dd5d97a-7455-476f-86d1-706748154c4a@group-349356213E97, cid=3139, SUCCESS, logIndex=4721, commits[6dd5d97a-7455-476f-86d1-706748154c4a:c4721, 8c1a4ac2-2d71-4742-ab0b-89dcc95eb13f:c4717, c9d0001a-daad-4532-9e58-9f5f4a7ddd18:c4717]
2019-09-12 14:53:57,853 [grpc-default-executor-5] INFO  client.GrpcClientProtocolClient (GrpcClientProtocolClient.java:onNext(264)) - client-835E41B928D6->6dd5d97a-7455-476f-86d1-706748154c4a: receive RaftClientReply:client-835E41B928D6->6dd5d97a-7455-476f-86d1-706748154c4a@group-349356213E97, cid=3140, SUCCESS, logIndex=0, commits[6dd5d97a-7455-476f-86d1-706748154c4a:c4724, 8c1a4ac2-2d71-4742-ab0b-89dcc95eb13f:c4719, c9d0001a-daad-4532-9e58-9f5f4a7ddd18:c4721]
2019-09-12 14:53:57,874 [grpc-default-executor-5] INFO  client.GrpcClientProtocolClient (GrpcClientProtocolClient.java:onNext(264)) - client-835E41B928D6->6dd5d97a-7455-476f-86d1-706748154c4a: receive RaftClientReply:client-835E41B928D6->6dd5d97a-7455-476f-86d1-706748154c4a@group-349356213E97, cid=3141, SUCCESS, logIndex=4725, commits[6dd5d97a-7455-476f-86d1-706748154c4a:c4726, 8c1a4ac2-2d71-4742-ab0b-89dcc95eb13f:c4724, c9d0001a-daad-4532-9e58-9f5f4a7ddd18:c4724]
2019-09-12 14:53:57,875 [grpc-default-executor-5] INFO  client.GrpcClientProtocolClient (GrpcClientProtocolClient.java:onNext(264)) - client-835E41B928D6->6dd5d97a-7455-476f-86d1-706748154c4a: receive RaftClientReply:client-835E41B928D6->6dd5d97a-7455-476f-86d1-706748154c4a@group-349356213E97, cid=3142, SUCCESS, logIndex=4726, commits[6dd5d97a-7455-476f-86d1-706748154c4a:c4726, 8c1a4ac2-2d71-4742-ab0b-89dcc95eb13f:c4724, c9d0001a-daad-4532-9e58-9f5f4a7ddd18:c4724]
2019-09-12 14:53:57,891 [grpc-default-executor-7] INFO  client.GrpcClientProtocolClient (GrpcClientProtocolClient.java:onNext(264)) - client-835E41B928D6->6dd5d97a-7455-476f-86d1-706748154c4a: receive RaftClientReply:client-835E41B928D6->6dd5d97a-7455-476f-86d1-706748154c4a@group-349356213E97, cid=3143, SUCCESS, logIndex=4729, commits[6dd5d97a-7455-476f-86d1-706748154c4a:c4730, 8c1a4ac2-2d71-4742-ab0b-89dcc95eb13f:c4726, c9d0001a-daad-4532-9e58-9f5f4a7ddd18:c4726]
2019-09-12 14:53:57,892 [grpc-default-executor-7] INFO  client.GrpcClientProtocolClient (GrpcClientProtocolClient.java:onNext(264)) - client-835E41B928D6->6dd5d97a-7455-476f-86d1-706748154c4a: receive RaftClientReply:client-835E41B928D6->6dd5d97a-7455-476f-86d1-706748154c4a@group-349356213E97, cid=3144, SUCCESS, logIndex=4730, commits[6dd5d97a-7455-476f-86d1-706748154c4a:c4730, 8c1a4ac2-2d71-4742-ab0b-89dcc95eb13f:c4726, c9d0001a-daad-4532-9e58-9f5f4a7ddd18:c4726]
2019-09-12 14:53:57,896 [grpc-default-executor-7] INFO  client.GrpcClientProtocolClient (GrpcClientProtocolClient.java:onNext(264)) - client-835E41B928D6->6dd5d97a-7455-476f-86d1-706748154c4a: receive RaftClientReply:client-835E41B928D6->6dd5d97a-7455-476f-86d1-706748154c4a@group-349356213E97, cid=3145, SUCCESS, logIndex=0, commits[6dd5d97a-7455-476f-86d1-706748154c4a:c4731, 8c1a4ac2-2d71-4742-ab0b-89dcc95eb13f:c4730, c9d0001a-daad-4532-9e58-9f5f4a7ddd18:c4730]
2019-09-12 14:53:57,920 [grpc-default-executor-2] INFO  client.GrpcClientProtocolClient (GrpcClientProtocolClient.java:onNext(264)) - client-835E41B928D6->6dd5d97a-7455-476f-86d1-706748154c4a: receive RaftClientReply:client-835E41B928D6->6dd5d97a-7455-476f-86d1-706748154c4a@group-349356213E97, cid=3146, SUCCESS, logIndex=4733, commits[6dd5d97a-7455-476f-86d1-706748154c4a:c4736, 8c1a4ac2-2d71-4742-ab0b-89dcc95eb13f:c4732, c9d0001a-daad-4532-9e58-9f5f4a7ddd18:c4730]
2019-09-12 14:53:57,921 [grpc-default-executor-2] INFO  client.GrpcClientProtocolClient (GrpcClientProtocolClient.java:onNext(264)) - client-835E41B928D6->6dd5d97a-7455-476f-86d1-706748154c4a: receive RaftClientReply:client-835E41B928D6->6dd5d97a-7455-476f-86d1-706748154c4a@group-349356213E97, cid=3147, SUCCESS, logIndex=4734, commits[6dd5d97a-7455-476f-86d1-706748154c4a:c4736, 8c1a4ac2-2d71-4742-ab0b-89dcc95eb13f:c4732, c9d0001a-daad-4532-9e58-9f5f4a7ddd18:c4732]
2019-09-12 14:53:57,921 [grpc-default-executor-2] INFO  client.GrpcClientProtocolClient (GrpcClientProtocolClient.java:onNext(264)) - client-835E41B928D6->6dd5d97a-7455-476f-86d1-706748154c4a: receive RaftClientReply:client-835E41B928D6->6dd5d97a-7455-476f-86d1-706748154c4a@group-349356213E97, cid=3148, SUCCESS, logIndex=4735, commits[6dd5d97a-7455-476f-86d1-706748154c4a:c4736, 8c1a4ac2-2d71-4742-ab0b-89dcc95eb13f:c4732, c9d0001a-daad-4532-9e58-9f5f4a7ddd18:c4732]
2019-09-12 14:53:57,921 [grpc-default-executor-2] INFO  client.GrpcClientProtocolClient (GrpcClientProtocolClient.java:onNext(264)) - client-835E41B928D6->6dd5d97a-7455-476f-86d1-706748154c4a: receive RaftClientReply:client-835E41B928D6->6dd5d97a-7455-476f-86d1-706748154c4a@group-349356213E97, cid=3149, SUCCESS, logIndex=4736, commits[6dd5d97a-7455-476f-86d1-706748154c4a:c4736, 8c1a4ac2-2d71-4742-ab0b-89dcc95eb13f:c4732, c9d0001a-daad-4532-9e58-9f5f4a7ddd18:c4732]
2019-09-12 14:53:57,922 [grpc-default-executor-2] INFO  client.GrpcClientProtocolClient (GrpcClientProtocolClient.java:onNext(264)) - client-835E41B928D6->6dd5d97a-7455-476f-86d1-706748154c4a: receive RaftClientReply:client-835E41B928D6->6dd5d97a-7455-476f-86d1-706748154c4a@group-349356213E97, cid=3150, SUCCESS, logIndex=0, commits[6dd5d97a-7455-476f-86d1-706748154c4a:c4739, 8c1a4ac2-2d71-4742-ab0b-89dcc95eb13f:c4734, c9d0001a-daad-4532-9e58-9f5f4a7ddd18:c4735]
2019-09-12 14:53:57,933 [grpc-default-executor-7] INFO  client.GrpcClientProtocolClient (GrpcClientProtocolClient.java:onNext(264)) - client-835E41B928D6->6dd5d97a-7455-476f-86d1-706748154c4a: receive RaftClientReply:client-835E41B928D6->6dd5d97a-7455-476f-86d1-706748154c4a@group-349356213E97, cid=3151, SUCCESS, logIndex=4741, commits[6dd5d97a-7455-476f-86d1-706748154c4a:c4742, 8c1a4ac2-2d71-4742-ab0b-89dcc95eb13f:c4740, c9d0001a-daad-4532-9e58-9f5f4a7ddd18:c4740]
2019-09-12 14:53:57,933 [grpc-default-executor-7] INFO  client.GrpcClientProtocolClient (GrpcClientProtocolClient.java:onNext(264)) - client-835E41B928D6->6dd5d97a-7455-476f-86d1-706748154c4a: receive RaftClientReply:client-835E41B928D6->6dd5d97a-7455-476f-86d1-706748154c4a@group-349356213E97, cid=3152, SUCCESS, logIndex=4742, commits[6dd5d97a-7455-476f-86d1-706748154c4a:c4742, 8c1a4ac2-2d71-4742-ab0b-89dcc95eb13f:c4740, c9d0001a-daad-4532-9e58-9f5f4a7ddd18:c4740]
2019-09-12 14:53:57,952 [grpc-default-executor-2] INFO  client.GrpcClientProtocolClient (GrpcClientProtocolClient.java:onNext(264)) - client-835E41B928D6->6dd5d97a-7455-476f-86d1-706748154c4a: receive RaftClientReply:client-835E41B928D6->6dd5d97a-7455-476f-86d1-706748154c4a@group-349356213E97, cid=3153, SUCCESS, logIndex=4745, commits[6dd5d97a-7455-476f-86d1-706748154c4a:c4746, 8c1a4ac2-2d71-4742-ab0b-89dcc95eb13f:c4742, c9d0001a-daad-4532-9e58-9f5f4a7ddd18:c4742]
2019-09-12 14:53:57,952 [grpc-default-executor-2] INFO  client.GrpcClientProtocolClient (GrpcClientProtocolClient.java:onNext(264)) - client-835E41B928D6->6dd5d97a-7455-476f-86d1-706748154c4a: receive RaftClientReply:client-835E41B928D6->6dd5d97a-7455-476f-86d1-706748154c4a@group-349356213E97, cid=3154, SUCCESS, logIndex=4746, commits[6dd5d97a-7455-476f-86d1-706748154c4a:c4746, 8c1a4ac2-2d71-4742-ab0b-89dcc95eb13f:c4742, c9d0001a-daad-4532-9e58-9f5f4a7ddd18:c4742]
2019-09-12 14:53:57,966 [grpc-default-executor-2] INFO  client.GrpcClientProtocolClient (GrpcClientProtocolClient.java:onNext(264)) - client-835E41B928D6->6dd5d97a-7455-476f-86d1-706748154c4a: receive RaftClientReply:client-835E41B928D6->6dd5d97a-7455-476f-86d1-706748154c4a@group-349356213E97, cid=3155, SUCCESS, logIndex=0, commits[6dd5d97a-7455-476f-86d1-706748154c4a:c4748, 8c1a4ac2-2d71-4742-ab0b-89dcc95eb13f:c4746, c9d0001a-daad-4532-9e58-9f5f4a7ddd18:c4746]
2019-09-12 14:53:57,996 [grpc-default-executor-5] INFO  client.GrpcClientProtocolClient (GrpcClientProtocolClient.java:onNext(264)) - client-835E41B928D6->6dd5d97a-7455-476f-86d1-706748154c4a: receive RaftClientReply:client-835E41B928D6->6dd5d97a-7455-476f-86d1-706748154c4a@group-349356213E97, cid=3156, SUCCESS, logIndex=4749, commits[6dd5d97a-7455-476f-86d1-706748154c4a:c4750, 8c1a4ac2-2d71-4742-ab0b-89dcc95eb13f:c4748, c9d0001a-daad-4532-9e58-9f5f4a7ddd18:c4748]
2019-09-12 14:53:57,997 [grpc-default-executor-5] INFO  client.GrpcClientProtocolClient (GrpcClientProtocolClient.java:onNext(264)) - client-835E41B928D6->6dd5d97a-7455-476f-86d1-706748154c4a: receive RaftClientReply:client-835E41B928D6->6dd5d97a-7455-476f-86d1-706748154c4a@group-349356213E97, cid=3157, SUCCESS, logIndex=4750, commits[6dd5d97a-7455-476f-86d1-706748154c4a:c4752, 8c1a4ac2-2d71-4742-ab0b-89dcc95eb13f:c4748, c9d0001a-daad-4532-9e58-9f5f4a7ddd18:c4748]
2019-09-12 14:53:57,997 [grpc-default-executor-5] INFO  client.GrpcClientProtocolClient (GrpcClientProtocolClient.java:onNext(264)) - client-835E41B928D6->6dd5d97a-7455-476f-86d1-706748154c4a: receive RaftClientReply:client-835E41B928D6->6dd5d97a-7455-476f-86d1-706748154c4a@group-349356213E97, cid=3158, SUCCESS, logIndex=4751, commits[6dd5d97a-7455-476f-86d1-706748154c4a:c4752, 8c1a4ac2-2d71-4742-ab0b-89dcc95eb13f:c4748, c9d0001a-daad-4532-9e58-9f5f4a7ddd18:c4748]
2019-09-12 14:53:57,997 [grpc-default-executor-5] INFO  client.GrpcClientProtocolClient (GrpcClientProtocolClient.java:onNext(264)) - client-835E41B928D6->6dd5d97a-7455-476f-86d1-706748154c4a: receive RaftClientReply:client-835E41B928D6->6dd5d97a-7455-476f-86d1-706748154c4a@group-349356213E97, cid=3159, SUCCESS, logIndex=4752, commits[6dd5d97a-7455-476f-86d1-706748154c4a:c4752, 8c1a4ac2-2d71-4742-ab0b-89dcc95eb13f:c4748, c9d0001a-daad-4532-9e58-9f5f4a7ddd18:c4748]
2019-09-12 14:53:58,008 [grpc-default-executor-2] INFO  client.GrpcClientProtocolClient (GrpcClientProtocolClient.java:onNext(264)) - client-835E41B928D6->6dd5d97a-7455-476f-86d1-706748154c4a: receive RaftClientReply:client-835E41B928D6->6dd5d97a-7455-476f-86d1-706748154c4a@group-349356213E97, cid=3160, SUCCESS, logIndex=0, commits[6dd5d97a-7455-476f-86d1-706748154c4a:c4753, 8c1a4ac2-2d71-4742-ab0b-89dcc95eb13f:c4750, c9d0001a-daad-4532-9e58-9f5f4a7ddd18:c4750]
2019-09-12 14:53:58,026 [grpc-default-executor-5] INFO  client.GrpcClientProtocolClient (GrpcClientProtocolClient.java:onNext(264)) - client-835E41B928D6->6dd5d97a-7455-476f-86d1-706748154c4a: receive RaftClientReply:client-835E41B928D6->6dd5d97a-7455-476f-86d1-706748154c4a@group-349356213E97, cid=3161, SUCCESS, logIndex=4757, commits[6dd5d97a-7455-476f-86d1-706748154c4a:c4758, 8c1a4ac2-2d71-4742-ab0b-89dcc95eb13f:c4756, c9d0001a-daad-4532-9e58-9f5f4a7ddd18:c4756]
2019-09-12 14:53:58,027 [grpc-default-executor-5] INFO  client.GrpcClientProtocolClient (GrpcClientProtocolClient.java:onNext(264)) - client-835E41B928D6->6dd5d97a-7455-476f-86d1-706748154c4a: receive RaftClientReply:client-835E41B928D6->6dd5d97a-7455-476f-86d1-706748154c4a@group-349356213E97, cid=3162, SUCCESS, logIndex=4758, commits[6dd5d97a-7455-476f-86d1-706748154c4a:c4758, 8c1a4ac2-2d71-4742-ab0b-89dcc95eb13f:c4756, c9d0001a-daad-4532-9e58-9f5f4a7ddd18:c4756]
2019-09-12 14:53:58,041 [grpc-default-executor-5] INFO  client.GrpcClientProtocolClient (GrpcClientProtocolClient.java:onNext(264)) - client-835E41B928D6->6dd5d97a-7455-476f-86d1-706748154c4a: receive RaftClientReply:client-835E41B928D6->6dd5d97a-7455-476f-86d1-706748154c4a@group-349356213E97, cid=3163, SUCCESS, logIndex=4761, commits[6dd5d97a-7455-476f-86d1-706748154c4a:c4761, 8c1a4ac2-2d71-4742-ab0b-89dcc95eb13f:c4758, c9d0001a-daad-4532-9e58-9f5f4a7ddd18:c4758]
2019-09-12 14:53:58,041 [grpc-default-executor-5] INFO  client.GrpcClientProtocolClient (GrpcClientProtocolClient.java:onNext(264)) - client-835E41B928D6->6dd5d97a-7455-476f-86d1-706748154c4a: receive RaftClientReply:client-835E41B928D6->6dd5d97a-7455-476f-86d1-706748154c4a@group-349356213E97, cid=3164, SUCCESS, logIndex=4762, commits[6dd5d97a-7455-476f-86d1-706748154c4a:c4762, 8c1a4ac2-2d71-4742-ab0b-89dcc95eb13f:c4758, c9d0001a-daad-4532-9e58-9f5f4a7ddd18:c4758]
2019-09-12 14:53:58,054 [grpc-default-executor-2] INFO  client.GrpcClientProtocolClient (GrpcClientProtocolClient.java:onNext(264)) - client-835E41B928D6->6dd5d97a-7455-476f-86d1-706748154c4a: receive RaftClientReply:client-835E41B928D6->6dd5d97a-7455-476f-86d1-706748154c4a@group-349356213E97, cid=3165, SUCCESS, logIndex=0, commits[6dd5d97a-7455-476f-86d1-706748154c4a:c4764, 8c1a4ac2-2d71-4742-ab0b-89dcc95eb13f:c4762, c9d0001a-daad-4532-9e58-9f5f4a7ddd18:c4762]
2019-09-12 14:53:58,085 [grpc-default-executor-5] INFO  client.GrpcClientProtocolClient (GrpcClientProtocolClient.java:onNext(264)) - client-835E41B928D6->6dd5d97a-7455-476f-86d1-706748154c4a: receive RaftClientReply:client-835E41B928D6->6dd5d97a-7455-476f-86d1-706748154c4a@group-349356213E97, cid=3166, SUCCESS, logIndex=4765, commits[6dd5d97a-7455-476f-86d1-706748154c4a:c4766, 8c1a4ac2-2d71-4742-ab0b-89dcc95eb13f:c4764, c9d0001a-daad-4532-9e58-9f5f4a7ddd18:c4764]
2019-09-12 14:53:58,085 [grpc-default-executor-5] INFO  client.GrpcClientProtocolClient (GrpcClientProtocolClient.java:onNext(264)) - client-835E41B928D6->6dd5d97a-7455-476f-86d1-706748154c4a: receive RaftClientReply:client-835E41B928D6->6dd5d97a-7455-476f-86d1-706748154c4a@group-349356213E97, cid=3167, SUCCESS, logIndex=4766, commits[6dd5d97a-7455-476f-86d1-706748154c4a:c4766, 8c1a4ac2-2d71-4742-ab0b-89dcc95eb13f:c4764, c9d0001a-daad-4532-9e58-9f5f4a7ddd18:c4764]
2019-09-12 14:53:58,086 [grpc-default-executor-2] INFO  client.GrpcClientProtocolClient (GrpcClientProtocolClient.java:onNext(264)) - client-835E41B928D6->6dd5d97a-7455-476f-86d1-706748154c4a: receive RaftClientReply:client-835E41B928D6->6dd5d97a-7455-476f-86d1-706748154c4a@group-349356213E97, cid=3168, SUCCESS, logIndex=4767, commits[6dd5d97a-7455-476f-86d1-706748154c4a:c4767, 8c1a4ac2-2d71-4742-ab0b-89dcc95eb13f:c4764, c9d0001a-daad-4532-9e58-9f5f4a7ddd18:c4764]
2019-09-12 14:53:58,086 [grpc-default-executor-2] INFO  client.GrpcClientProtocolClient (GrpcClientProtocolClient.java:onNext(264)) - client-835E41B928D6->6dd5d97a-7455-476f-86d1-706748154c4a: receive RaftClientReply:client-835E41B928D6->6dd5d97a-7455-476f-86d1-706748154c4a@group-349356213E97, cid=3169, SUCCESS, logIndex=4768, commits[6dd5d97a-7455-476f-86d1-706748154c4a:c4768, 8c1a4ac2-2d71-4742-ab0b-89dcc95eb13f:c4764, c9d0001a-daad-4532-9e58-9f5f4a7ddd18:c4764]
2019-09-12 14:53:58,098 [grpc-default-executor-5] INFO  client.GrpcClientProtocolClient (GrpcClientProtocolClient.java:onNext(264)) - client-835E41B928D6->6dd5d97a-7455-476f-86d1-706748154c4a: receive RaftClientReply:client-835E41B928D6->6dd5d97a-7455-476f-86d1-706748154c4a@group-349356213E97, cid=3170, SUCCESS, logIndex=0, commits[6dd5d97a-7455-476f-86d1-706748154c4a:c4770, 8c1a4ac2-2d71-4742-ab0b-89dcc95eb13f:c4766, c9d0001a-daad-4532-9e58-9f5f4a7ddd18:c4766]
2019-09-12 14:53:58,117 [grpc-default-executor-5] INFO  client.GrpcClientProtocolClient (GrpcClientProtocolClient.java:onNext(264)) - client-835E41B928D6->6dd5d97a-7455-476f-86d1-706748154c4a: receive RaftClientReply:client-835E41B928D6->6dd5d97a-7455-476f-86d1-706748154c4a@group-349356213E97, cid=3171, SUCCESS, logIndex=4773, commits[6dd5d97a-7455-476f-86d1-706748154c4a:c4774, 8c1a4ac2-2d71-4742-ab0b-89dcc95eb13f:c4772, c9d0001a-daad-4532-9e58-9f5f4a7ddd18:c4772]
2019-09-12 14:53:58,117 [grpc-default-executor-5] INFO  client.GrpcClientProtocolClient (GrpcClientProtocolClient.java:onNext(264)) - client-835E41B928D6->6dd5d97a-7455-476f-86d1-706748154c4a: receive RaftClientReply:client-835E41B928D6->6dd5d97a-7455-476f-86d1-706748154c4a@group-349356213E97, cid=3172, SUCCESS, logIndex=4774, commits[6dd5d97a-7455-476f-86d1-706748154c4a:c4774, 8c1a4ac2-2d71-4742-ab0b-89dcc95eb13f:c4772, c9d0001a-daad-4532-9e58-9f5f4a7ddd18:c4772]
2019-09-12 14:53:58,131 [grpc-default-executor-2] INFO  client.GrpcClientProtocolClient (GrpcClientProtocolClient.java:onNext(264)) - client-835E41B928D6->6dd5d97a-7455-476f-86d1-706748154c4a: receive RaftClientReply:client-835E41B928D6->6dd5d97a-7455-476f-86d1-706748154c4a@group-349356213E97, cid=3173, SUCCESS, logIndex=4777, commits[6dd5d97a-7455-476f-86d1-706748154c4a:c4778, 8c1a4ac2-2d71-4742-ab0b-89dcc95eb13f:c4774, c9d0001a-daad-4532-9e58-9f5f4a7ddd18:c4774]
2019-09-12 14:53:58,131 [grpc-default-executor-2] INFO  client.GrpcClientProtocolClient (GrpcClientProtocolClient.java:onNext(264)) - client-835E41B928D6->6dd5d97a-7455-476f-86d1-706748154c4a: receive RaftClientReply:client-835E41B928D6->6dd5d97a-7455-476f-86d1-706748154c4a@group-349356213E97, cid=3174, SUCCESS, logIndex=4778, commits[6dd5d97a-7455-476f-86d1-706748154c4a:c4778, 8c1a4ac2-2d71-4742-ab0b-89dcc95eb13f:c4774, c9d0001a-daad-4532-9e58-9f5f4a7ddd18:c4774]
2019-09-12 14:53:58,136 [grpc-default-executor-2] INFO  client.GrpcClientProtocolClient (GrpcClientProtocolClient.java:onNext(264)) - client-835E41B928D6->6dd5d97a-7455-476f-86d1-706748154c4a: receive RaftClientReply:client-835E41B928D6->6dd5d97a-7455-476f-86d1-706748154c4a@group-349356213E97, cid=3175, SUCCESS, logIndex=0, commits[6dd5d97a-7455-476f-86d1-706748154c4a:c4779, 8c1a4ac2-2d71-4742-ab0b-89dcc95eb13f:c4778, c9d0001a-daad-4532-9e58-9f5f4a7ddd18:c4778]
2019-09-12 14:53:58,158 [grpc-default-executor-2] INFO  client.GrpcClientProtocolClient (GrpcClientProtocolClient.java:onNext(264)) - client-835E41B928D6->6dd5d97a-7455-476f-86d1-706748154c4a: receive RaftClientReply:client-835E41B928D6->6dd5d97a-7455-476f-86d1-706748154c4a@group-349356213E97, cid=3176, SUCCESS, logIndex=4781, commits[6dd5d97a-7455-476f-86d1-706748154c4a:c4782, 8c1a4ac2-2d71-4742-ab0b-89dcc95eb13f:c4780, c9d0001a-daad-4532-9e58-9f5f4a7ddd18:c4780]
2019-09-12 14:53:58,159 [grpc-default-executor-2] INFO  client.GrpcClientProtocolClient (GrpcClientProtocolClient.java:onNext(264)) - client-835E41B928D6->6dd5d97a-7455-476f-86d1-706748154c4a: receive RaftClientReply:client-835E41B928D6->6dd5d97a-7455-476f-86d1-706748154c4a@group-349356213E97, cid=3177, SUCCESS, logIndex=4782, commits[6dd5d97a-7455-476f-86d1-706748154c4a:c4784, 8c1a4ac2-2d71-4742-ab0b-89dcc95eb13f:c4780, c9d0001a-daad-4532-9e58-9f5f4a7ddd18:c4780]
2019-09-12 14:53:58,160 [grpc-default-executor-2] INFO  client.GrpcClientProtocolClient (GrpcClientProtocolClient.java:onNext(264)) - client-835E41B928D6->6dd5d97a-7455-476f-86d1-706748154c4a: receive RaftClientReply:client-835E41B928D6->6dd5d97a-7455-476f-86d1-706748154c4a@group-349356213E97, cid=3178, SUCCESS, logIndex=4783, commits[6dd5d97a-7455-476f-86d1-706748154c4a:c4784, 8c1a4ac2-2d71-4742-ab0b-89dcc95eb13f:c4780, c9d0001a-daad-4532-9e58-9f5f4a7ddd18:c4780]
2019-09-12 14:53:58,160 [grpc-default-executor-2] INFO  client.GrpcClientProtocolClient (GrpcClientProtocolClient.java:onNext(264)) - client-835E41B928D6->6dd5d97a-7455-476f-86d1-706748154c4a: receive RaftClientReply:client-835E41B928D6->6dd5d97a-7455-476f-86d1-706748154c4a@group-349356213E97, cid=3179, SUCCESS, logIndex=4784, commits[6dd5d97a-7455-476f-86d1-706748154c4a:c4784, 8c1a4ac2-2d71-4742-ab0b-89dcc95eb13f:c4780, c9d0001a-daad-4532-9e58-9f5f4a7ddd18:c4780]
2019-09-12 14:53:58,163 [grpc-default-executor-5] INFO  client.GrpcClientProtocolClient (GrpcClientProtocolClient.java:onNext(264)) - client-835E41B928D6->6dd5d97a-7455-476f-86d1-706748154c4a: receive RaftClientReply:client-835E41B928D6->6dd5d97a-7455-476f-86d1-706748154c4a@group-349356213E97, cid=3180, SUCCESS, logIndex=0, commits[6dd5d97a-7455-476f-86d1-706748154c4a:c4786, 8c1a4ac2-2d71-4742-ab0b-89dcc95eb13f:c4784, c9d0001a-daad-4532-9e58-9f5f4a7ddd18:c4782]
2019-09-12 14:53:58,175 [grpc-default-executor-5] INFO  client.GrpcClientProtocolClient (GrpcClientProtocolClient.java:onNext(264)) - client-835E41B928D6->6dd5d97a-7455-476f-86d1-706748154c4a: receive RaftClientReply:client-835E41B928D6->6dd5d97a-7455-476f-86d1-706748154c4a@group-349356213E97, cid=3181, SUCCESS, logIndex=4788, commits[6dd5d97a-7455-476f-86d1-706748154c4a:c4789, 8c1a4ac2-2d71-4742-ab0b-89dcc95eb13f:c4784, c9d0001a-daad-4532-9e58-9f5f4a7ddd18:c4787]
2019-09-12 14:53:58,175 [grpc-default-executor-5] INFO  client.GrpcClientProtocolClient (GrpcClientProtocolClient.java:onNext(264)) - client-835E41B928D6->6dd5d97a-7455-476f-86d1-706748154c4a: receive RaftClientReply:client-835E41B928D6->6dd5d97a-7455-476f-86d1-706748154c4a@group-349356213E97, cid=3182, SUCCESS, logIndex=4789, commits[6dd5d97a-7455-476f-86d1-706748154c4a:c4789, 8c1a4ac2-2d71-4742-ab0b-89dcc95eb13f:c4787, c9d0001a-daad-4532-9e58-9f5f4a7ddd18:c4787]
2019-09-12 14:53:58,185 [grpc-default-executor-5] INFO  client.GrpcClientProtocolClient (GrpcClientProtocolClient.java:onNext(264)) - client-835E41B928D6->6dd5d97a-7455-476f-86d1-706748154c4a: receive RaftClientReply:client-835E41B928D6->6dd5d97a-7455-476f-86d1-706748154c4a@group-349356213E97, cid=3183, SUCCESS, logIndex=4792, commits[6dd5d97a-7455-476f-86d1-706748154c4a:c4793, 8c1a4ac2-2d71-4742-ab0b-89dcc95eb13f:c4791, c9d0001a-daad-4532-9e58-9f5f4a7ddd18:c4789]
2019-09-12 14:53:58,186 [grpc-default-executor-5] INFO  client.GrpcClientProtocolClient (GrpcClientProtocolClient.java:onNext(264)) - client-835E41B928D6->6dd5d97a-7455-476f-86d1-706748154c4a: receive RaftClientReply:client-835E41B928D6->6dd5d97a-7455-476f-86d1-706748154c4a@group-349356213E97, cid=3184, SUCCESS, logIndex=4793, commits[6dd5d97a-7455-476f-86d1-706748154c4a:c4793, 8c1a4ac2-2d71-4742-ab0b-89dcc95eb13f:c4791, c9d0001a-daad-4532-9e58-9f5f4a7ddd18:c4791]
2019-09-12 14:53:58,191 [grpc-default-executor-5] INFO  client.GrpcClientProtocolClient (GrpcClientProtocolClient.java:onNext(264)) - client-835E41B928D6->6dd5d97a-7455-476f-86d1-706748154c4a: receive RaftClientReply:client-835E41B928D6->6dd5d97a-7455-476f-86d1-706748154c4a@group-349356213E97, cid=3185, SUCCESS, logIndex=0, commits[6dd5d97a-7455-476f-86d1-706748154c4a:c4795, 8c1a4ac2-2d71-4742-ab0b-89dcc95eb13f:c4793, c9d0001a-daad-4532-9e58-9f5f4a7ddd18:c4793]
2019-09-12 14:53:58,218 [grpc-default-executor-7] INFO  client.GrpcClientProtocolClient (GrpcClientProtocolClient.java:onNext(264)) - client-835E41B928D6->6dd5d97a-7455-476f-86d1-706748154c4a: receive RaftClientReply:client-835E41B928D6->6dd5d97a-7455-476f-86d1-706748154c4a@group-349356213E97, cid=3186, SUCCESS, logIndex=4796, commits[6dd5d97a-7455-476f-86d1-706748154c4a:c4797, 8c1a4ac2-2d71-4742-ab0b-89dcc95eb13f:c4795, c9d0001a-daad-4532-9e58-9f5f4a7ddd18:c4795]
2019-09-12 14:53:58,219 [grpc-default-executor-7] INFO  client.GrpcClientProtocolClient (GrpcClientProtocolClient.java:onNext(264)) - client-835E41B928D6->6dd5d97a-7455-476f-86d1-706748154c4a: receive RaftClientReply:client-835E41B928D6->6dd5d97a-7455-476f-86d1-706748154c4a@group-349356213E97, cid=3187, SUCCESS, logIndex=4797, commits[6dd5d97a-7455-476f-86d1-706748154c4a:c4797, 8c1a4ac2-2d71-4742-ab0b-89dcc95eb13f:c4795, c9d0001a-daad-4532-9e58-9f5f4a7ddd18:c4795]
2019-09-12 14:53:58,219 [grpc-default-executor-2] INFO  client.GrpcClientProtocolClient (GrpcClientProtocolClient.java:onNext(264)) - client-835E41B928D6->6dd5d97a-7455-476f-86d1-706748154c4a: receive RaftClientReply:client-835E41B928D6->6dd5d97a-7455-476f-86d1-706748154c4a@group-349356213E97, cid=3188, SUCCESS, logIndex=4798, commits[6dd5d97a-7455-476f-86d1-706748154c4a:c4799, 8c1a4ac2-2d71-4742-ab0b-89dcc95eb13f:c4795, c9d0001a-daad-4532-9e58-9f5f4a7ddd18:c4795]
2019-09-12 14:53:58,220 [grpc-default-executor-2] INFO  client.GrpcClientProtocolClient (GrpcClientProtocolClient.java:onNext(264)) - client-835E41B928D6->6dd5d97a-7455-476f-86d1-706748154c4a: receive RaftClientReply:client-835E41B928D6->6dd5d97a-7455-476f-86d1-706748154c4a@group-349356213E97, cid=3189, SUCCESS, logIndex=4799, commits[6dd5d97a-7455-476f-86d1-706748154c4a:c4799, 8c1a4ac2-2d71-4742-ab0b-89dcc95eb13f:c4795, c9d0001a-daad-4532-9e58-9f5f4a7ddd18:c4795]
2019-09-12 14:53:58,221 [grpc-default-executor-7] INFO  client.GrpcClientProtocolClient (GrpcClientProtocolClient.java:onNext(264)) - client-835E41B928D6->6dd5d97a-7455-476f-86d1-706748154c4a: receive RaftClientReply:client-835E41B928D6->6dd5d97a-7455-476f-86d1-706748154c4a@group-349356213E97, cid=3190, SUCCESS, logIndex=0, commits[6dd5d97a-7455-476f-86d1-706748154c4a:c4801, 8c1a4ac2-2d71-4742-ab0b-89dcc95eb13f:c4797, c9d0001a-daad-4532-9e58-9f5f4a7ddd18:c4797]
2019-09-12 14:53:58,237 [grpc-default-executor-5] INFO  client.GrpcClientProtocolClient (GrpcClientProtocolClient.java:onNext(264)) - client-835E41B928D6->6dd5d97a-7455-476f-86d1-706748154c4a: receive RaftClientReply:client-835E41B928D6->6dd5d97a-7455-476f-86d1-706748154c4a@group-349356213E97, cid=3191, SUCCESS, logIndex=4804, commits[6dd5d97a-7455-476f-86d1-706748154c4a:c4805, 8c1a4ac2-2d71-4742-ab0b-89dcc95eb13f:c4803, c9d0001a-daad-4532-9e58-9f5f4a7ddd18:c4803]
2019-09-12 14:53:58,237 [grpc-default-executor-5] INFO  client.GrpcClientProtocolClient (GrpcClientProtocolClient.java:onNext(264)) - client-835E41B928D6->6dd5d97a-7455-476f-86d1-706748154c4a: receive RaftClientReply:client-835E41B928D6->6dd5d97a-7455-476f-86d1-706748154c4a@group-349356213E97, cid=3192, SUCCESS, logIndex=4805, commits[6dd5d97a-7455-476f-86d1-706748154c4a:c4805, 8c1a4ac2-2d71-4742-ab0b-89dcc95eb13f:c4803, c9d0001a-daad-4532-9e58-9f5f4a7ddd18:c4803]
2019-09-12 14:53:58,255 [grpc-default-executor-5] INFO  client.GrpcClientProtocolClient (GrpcClientProtocolClient.java:onNext(264)) - client-835E41B928D6->6dd5d97a-7455-476f-86d1-706748154c4a: receive RaftClientReply:client-835E41B928D6->6dd5d97a-7455-476f-86d1-706748154c4a@group-349356213E97, cid=3193, SUCCESS, logIndex=4808, commits[6dd5d97a-7455-476f-86d1-706748154c4a:c4809, 8c1a4ac2-2d71-4742-ab0b-89dcc95eb13f:c4807, c9d0001a-daad-4532-9e58-9f5f4a7ddd18:c4807]
2019-09-12 14:53:58,255 [grpc-default-executor-5] INFO  client.GrpcClientProtocolClient (GrpcClientProtocolClient.java:onNext(264)) - client-835E41B928D6->6dd5d97a-7455-476f-86d1-706748154c4a: receive RaftClientReply:client-835E41B928D6->6dd5d97a-7455-476f-86d1-706748154c4a@group-349356213E97, cid=3194, SUCCESS, logIndex=4809, commits[6dd5d97a-7455-476f-86d1-706748154c4a:c4809, 8c1a4ac2-2d71-4742-ab0b-89dcc95eb13f:c4807, c9d0001a-daad-4532-9e58-9f5f4a7ddd18:c4807]
2019-09-12 14:53:58,266 [grpc-default-executor-6] INFO  client.GrpcClientProtocolClient (GrpcClientProtocolClient.java:onNext(264)) - client-835E41B928D6->6dd5d97a-7455-476f-86d1-706748154c4a: receive RaftClientReply:client-835E41B928D6->6dd5d97a-7455-476f-86d1-706748154c4a@group-349356213E97, cid=3195, SUCCESS, logIndex=0, commits[6dd5d97a-7455-476f-86d1-706748154c4a:c4810, 8c1a4ac2-2d71-4742-ab0b-89dcc95eb13f:c4809, c9d0001a-daad-4532-9e58-9f5f4a7ddd18:c4809]
2019-09-12 14:53:58,297 [grpc-default-executor-5] INFO  client.GrpcClientProtocolClient (GrpcClientProtocolClient.java:onNext(264)) - client-835E41B928D6->6dd5d97a-7455-476f-86d1-706748154c4a: receive RaftClientReply:client-835E41B928D6->6dd5d97a-7455-476f-86d1-706748154c4a@group-349356213E97, cid=3196, SUCCESS, logIndex=4812, commits[6dd5d97a-7455-476f-86d1-706748154c4a:c4813, 8c1a4ac2-2d71-4742-ab0b-89dcc95eb13f:c4811, c9d0001a-daad-4532-9e58-9f5f4a7ddd18:c4811]
2019-09-12 14:53:58,298 [grpc-default-executor-5] INFO  client.GrpcClientProtocolClient (GrpcClientProtocolClient.java:onNext(264)) - client-835E41B928D6->6dd5d97a-7455-476f-86d1-706748154c4a: receive RaftClientReply:client-835E41B928D6->6dd5d97a-7455-476f-86d1-706748154c4a@group-349356213E97, cid=3197, SUCCESS, logIndex=4813, commits[6dd5d97a-7455-476f-86d1-706748154c4a:c4815, 8c1a4ac2-2d71-4742-ab0b-89dcc95eb13f:c4811, c9d0001a-daad-4532-9e58-9f5f4a7ddd18:c4811]
2019-09-12 14:53:58,299 [grpc-default-executor-5] INFO  client.GrpcClientProtocolClient (GrpcClientProtocolClient.java:onNext(264)) - client-835E41B928D6->6dd5d97a-7455-476f-86d1-706748154c4a: receive RaftClientReply:client-835E41B928D6->6dd5d97a-7455-476f-86d1-706748154c4a@group-349356213E97, cid=3198, SUCCESS, logIndex=4814, commits[6dd5d97a-7455-476f-86d1-706748154c4a:c4815, 8c1a4ac2-2d71-4742-ab0b-89dcc95eb13f:c4811, c9d0001a-daad-4532-9e58-9f5f4a7ddd18:c4811]
2019-09-12 14:53:58,299 [grpc-default-executor-5] INFO  client.GrpcClientProtocolClient (GrpcClientProtocolClient.java:onNext(264)) - client-835E41B928D6->6dd5d97a-7455-476f-86d1-706748154c4a: receive RaftClientReply:client-835E41B928D6->6dd5d97a-7455-476f-86d1-706748154c4a@group-349356213E97, cid=3199, SUCCESS, logIndex=4815, commits[6dd5d97a-7455-476f-86d1-706748154c4a:c4815, 8c1a4ac2-2d71-4742-ab0b-89dcc95eb13f:c4811, c9d0001a-daad-4532-9e58-9f5f4a7ddd18:c4811]
2019-09-12 14:53:58,300 [grpc-default-executor-2] INFO  client.GrpcClientProtocolClient (GrpcClientProtocolClient.java:onNext(264)) - client-835E41B928D6->6dd5d97a-7455-476f-86d1-706748154c4a: receive RaftClientReply:client-835E41B928D6->6dd5d97a-7455-476f-86d1-706748154c4a@group-349356213E97, cid=3200, SUCCESS, logIndex=0, commits[6dd5d97a-7455-476f-86d1-706748154c4a:c4818, 8c1a4ac2-2d71-4742-ab0b-89dcc95eb13f:c4815, c9d0001a-daad-4532-9e58-9f5f4a7ddd18:c4813]
2019-09-12 14:53:58,404 [grpc-default-executor-5] INFO  client.GrpcClientProtocolClient (GrpcClientProtocolClient.java:onNext(264)) - client-835E41B928D6->6dd5d97a-7455-476f-86d1-706748154c4a: receive RaftClientReply:client-835E41B928D6->6dd5d97a-7455-476f-86d1-706748154c4a@group-349356213E97, cid=3201, SUCCESS, logIndex=4819, commits[6dd5d97a-7455-476f-86d1-706748154c4a:c4820, 8c1a4ac2-2d71-4742-ab0b-89dcc95eb13f:c4818, c9d0001a-daad-4532-9e58-9f5f4a7ddd18:c4818]
2019-09-12 14:53:58,405 [grpc-default-executor-5] INFO  client.GrpcClientProtocolClient (GrpcClientProtocolClient.java:onNext(264)) - client-835E41B928D6->6dd5d97a-7455-476f-86d1-706748154c4a: receive RaftClientReply:client-835E41B928D6->6dd5d97a-7455-476f-86d1-706748154c4a@group-349356213E97, cid=3202, SUCCESS, logIndex=4820, commits[6dd5d97a-7455-476f-86d1-706748154c4a:c4820, 8c1a4ac2-2d71-4742-ab0b-89dcc95eb13f:c4818, c9d0001a-daad-4532-9e58-9f5f4a7ddd18:c4818]
2019-09-12 14:53:58,420 [grpc-default-executor-2] INFO  client.GrpcClientProtocolClient (GrpcClientProtocolClient.java:onNext(264)) - client-835E41B928D6->6dd5d97a-7455-476f-86d1-706748154c4a: receive RaftClientReply:client-835E41B928D6->6dd5d97a-7455-476f-86d1-706748154c4a@group-349356213E97, cid=3203, SUCCESS, logIndex=4823, commits[6dd5d97a-7455-476f-86d1-706748154c4a:c4824, 8c1a4ac2-2d71-4742-ab0b-89dcc95eb13f:c4820, c9d0001a-daad-4532-9e58-9f5f4a7ddd18:c4821]
2019-09-12 14:53:58,421 [grpc-default-executor-2] INFO  client.GrpcClientProtocolClient (GrpcClientProtocolClient.java:onNext(264)) - client-835E41B928D6->6dd5d97a-7455-476f-86d1-706748154c4a: receive RaftClientReply:client-835E41B928D6->6dd5d97a-7455-476f-86d1-706748154c4a@group-349356213E97, cid=3204, SUCCESS, logIndex=4824, commits[6dd5d97a-7455-476f-86d1-706748154c4a:c4824, 8c1a4ac2-2d71-4742-ab0b-89dcc95eb13f:c4821, c9d0001a-daad-4532-9e58-9f5f4a7ddd18:c4821]
2019-09-12 14:53:58,434 [grpc-default-executor-5] INFO  client.GrpcClientProtocolClient (GrpcClientProtocolClient.java:onNext(264)) - client-835E41B928D6->6dd5d97a-7455-476f-86d1-706748154c4a: receive RaftClientReply:client-835E41B928D6->6dd5d97a-7455-476f-86d1-706748154c4a@group-349356213E97, cid=3205, SUCCESS, logIndex=0, commits[6dd5d97a-7455-476f-86d1-706748154c4a:c4825, 8c1a4ac2-2d71-4742-ab0b-89dcc95eb13f:c4824, c9d0001a-daad-4532-9e58-9f5f4a7ddd18:c4824]
2019-09-12 14:53:58,460 [grpc-default-executor-6] INFO  client.GrpcClientProtocolClient (GrpcClientProtocolClient.java:onNext(264)) - client-835E41B928D6->6dd5d97a-7455-476f-86d1-706748154c4a: receive RaftClientReply:client-835E41B928D6->6dd5d97a-7455-476f-86d1-706748154c4a@group-349356213E97, cid=3206, SUCCESS, logIndex=4827, commits[6dd5d97a-7455-476f-86d1-706748154c4a:c4828, 8c1a4ac2-2d71-4742-ab0b-89dcc95eb13f:c4824, c9d0001a-daad-4532-9e58-9f5f4a7ddd18:c4826]
2019-09-12 14:53:58,460 [grpc-default-executor-6] INFO  client.GrpcClientProtocolClient (GrpcClientProtocolClient.java:onNext(264)) - client-835E41B928D6->6dd5d97a-7455-476f-86d1-706748154c4a: receive RaftClientReply:client-835E41B928D6->6dd5d97a-7455-476f-86d1-706748154c4a@group-349356213E97, cid=3207, SUCCESS, logIndex=4828, commits[6dd5d97a-7455-476f-86d1-706748154c4a:c4828, 8c1a4ac2-2d71-4742-ab0b-89dcc95eb13f:c4824, c9d0001a-daad-4532-9e58-9f5f4a7ddd18:c4826]
2019-09-12 14:53:58,461 [grpc-default-executor-6] INFO  client.GrpcClientProtocolClient (GrpcClientProtocolClient.java:onNext(264)) - client-835E41B928D6->6dd5d97a-7455-476f-86d1-706748154c4a: receive RaftClientReply:client-835E41B928D6->6dd5d97a-7455-476f-86d1-706748154c4a@group-349356213E97, cid=3208, SUCCESS, logIndex=4829, commits[6dd5d97a-7455-476f-86d1-706748154c4a:c4829, 8c1a4ac2-2d71-4742-ab0b-89dcc95eb13f:c4826, c9d0001a-daad-4532-9e58-9f5f4a7ddd18:c4826]
2019-09-12 14:53:58,461 [grpc-default-executor-6] INFO  client.GrpcClientProtocolClient (GrpcClientProtocolClient.java:onNext(264)) - client-835E41B928D6->6dd5d97a-7455-476f-86d1-706748154c4a: receive RaftClientReply:client-835E41B928D6->6dd5d97a-7455-476f-86d1-706748154c4a@group-349356213E97, cid=3209, SUCCESS, logIndex=4830, commits[6dd5d97a-7455-476f-86d1-706748154c4a:c4830, 8c1a4ac2-2d71-4742-ab0b-89dcc95eb13f:c4826, c9d0001a-daad-4532-9e58-9f5f4a7ddd18:c4826]
2019-09-12 14:53:58,463 [grpc-default-executor-6] INFO  client.GrpcClientProtocolClient (GrpcClientProtocolClient.java:onNext(264)) - client-835E41B928D6->6dd5d97a-7455-476f-86d1-706748154c4a: receive RaftClientReply:client-835E41B928D6->6dd5d97a-7455-476f-86d1-706748154c4a@group-349356213E97, cid=3210, SUCCESS, logIndex=0, commits[6dd5d97a-7455-476f-86d1-706748154c4a:c4832, 8c1a4ac2-2d71-4742-ab0b-89dcc95eb13f:c4828, c9d0001a-daad-4532-9e58-9f5f4a7ddd18:c4828]
2019-09-12 14:53:58,490 [grpc-default-executor-2] INFO  client.GrpcClientProtocolClient (GrpcClientProtocolClient.java:onNext(264)) - client-835E41B928D6->6dd5d97a-7455-476f-86d1-706748154c4a: receive RaftClientReply:client-835E41B928D6->6dd5d97a-7455-476f-86d1-706748154c4a@group-349356213E97, cid=3211, SUCCESS, logIndex=4835, commits[6dd5d97a-7455-476f-86d1-706748154c4a:c4836, 8c1a4ac2-2d71-4742-ab0b-89dcc95eb13f:c4834, c9d0001a-daad-4532-9e58-9f5f4a7ddd18:c4834]
2019-09-12 14:53:58,490 [grpc-default-executor-2] INFO  client.GrpcClientProtocolClient (GrpcClientProtocolClient.java:onNext(264)) - client-835E41B928D6->6dd5d97a-7455-476f-86d1-706748154c4a: receive RaftClientReply:client-835E41B928D6->6dd5d97a-7455-476f-86d1-706748154c4a@group-349356213E97, cid=3212, SUCCESS, logIndex=4836, commits[6dd5d97a-7455-476f-86d1-706748154c4a:c4836, 8c1a4ac2-2d71-4742-ab0b-89dcc95eb13f:c4834, c9d0001a-daad-4532-9e58-9f5f4a7ddd18:c4834]
2019-09-12 14:53:58,505 [grpc-default-executor-2] INFO  client.GrpcClientProtocolClient (GrpcClientProtocolClient.java:onNext(264)) - client-835E41B928D6->6dd5d97a-7455-476f-86d1-706748154c4a: receive RaftClientReply:client-835E41B928D6->6dd5d97a-7455-476f-86d1-706748154c4a@group-349356213E97, cid=3213, SUCCESS, logIndex=4839, commits[6dd5d97a-7455-476f-86d1-706748154c4a:c4840, 8c1a4ac2-2d71-4742-ab0b-89dcc95eb13f:c4836, c9d0001a-daad-4532-9e58-9f5f4a7ddd18:c4836]
2019-09-12 14:53:58,505 [grpc-default-executor-2] INFO  client.GrpcClientProtocolClient (GrpcClientProtocolClient.java:onNext(264)) - client-835E41B928D6->6dd5d97a-7455-476f-86d1-706748154c4a: receive RaftClientReply:client-835E41B928D6->6dd5d97a-7455-476f-86d1-706748154c4a@group-349356213E97, cid=3214, SUCCESS, logIndex=4840, commits[6dd5d97a-7455-476f-86d1-706748154c4a:c4840, 8c1a4ac2-2d71-4742-ab0b-89dcc95eb13f:c4836, c9d0001a-daad-4532-9e58-9f5f4a7ddd18:c4836]
2019-09-12 14:53:58,519 [grpc-default-executor-6] INFO  client.GrpcClientProtocolClient (GrpcClientProtocolClient.java:onNext(264)) - client-835E41B928D6->6dd5d97a-7455-476f-86d1-706748154c4a: receive RaftClientReply:client-835E41B928D6->6dd5d97a-7455-476f-86d1-706748154c4a@group-349356213E97, cid=3215, SUCCESS, logIndex=0, commits[6dd5d97a-7455-476f-86d1-706748154c4a:c4841, 8c1a4ac2-2d71-4742-ab0b-89dcc95eb13f:c4840, c9d0001a-daad-4532-9e58-9f5f4a7ddd18:c4840]
2019-09-12 14:53:58,551 [grpc-default-executor-5] INFO  client.GrpcClientProtocolClient (GrpcClientProtocolClient.java:onNext(264)) - client-835E41B928D6->6dd5d97a-7455-476f-86d1-706748154c4a: receive RaftClientReply:client-835E41B928D6->6dd5d97a-7455-476f-86d1-706748154c4a@group-349356213E97, cid=3216, SUCCESS, logIndex=4843, commits[6dd5d97a-7455-476f-86d1-706748154c4a:c4845, 8c1a4ac2-2d71-4742-ab0b-89dcc95eb13f:c4842, c9d0001a-daad-4532-9e58-9f5f4a7ddd18:c4842]
2019-09-12 14:53:58,551 [grpc-default-executor-5] INFO  client.GrpcClientProtocolClient (GrpcClientProtocolClient.java:onNext(264)) - client-835E41B928D6->6dd5d97a-7455-476f-86d1-706748154c4a: receive RaftClientReply:client-835E41B928D6->6dd5d97a-7455-476f-86d1-706748154c4a@group-349356213E97, cid=3217, SUCCESS, logIndex=4844, commits[6dd5d97a-7455-476f-86d1-706748154c4a:c4846, 8c1a4ac2-2d71-4742-ab0b-89dcc95eb13f:c4842, c9d0001a-daad-4532-9e58-9f5f4a7ddd18:c4842]
2019-09-12 14:53:58,552 [grpc-default-executor-5] INFO  client.GrpcClientProtocolClient (GrpcClientProtocolClient.java:onNext(264)) - client-835E41B928D6->6dd5d97a-7455-476f-86d1-706748154c4a: receive RaftClientReply:client-835E41B928D6->6dd5d97a-7455-476f-86d1-706748154c4a@group-349356213E97, cid=3218, SUCCESS, logIndex=4845, commits[6dd5d97a-7455-476f-86d1-706748154c4a:c4846, 8c1a4ac2-2d71-4742-ab0b-89dcc95eb13f:c4842, c9d0001a-daad-4532-9e58-9f5f4a7ddd18:c4842]
2019-09-12 14:53:58,552 [grpc-default-executor-5] INFO  client.GrpcClientProtocolClient (GrpcClientProtocolClient.java:onNext(264)) - client-835E41B928D6->6dd5d97a-7455-476f-86d1-706748154c4a: receive RaftClientReply:client-835E41B928D6->6dd5d97a-7455-476f-86d1-706748154c4a@group-349356213E97, cid=3219, SUCCESS, logIndex=4846, commits[6dd5d97a-7455-476f-86d1-706748154c4a:c4847, 8c1a4ac2-2d71-4742-ab0b-89dcc95eb13f:c4842, c9d0001a-daad-4532-9e58-9f5f4a7ddd18:c4843]
2019-09-12 14:53:58,566 [grpc-default-executor-5] INFO  client.GrpcClientProtocolClient (GrpcClientProtocolClient.java:onNext(264)) - client-835E41B928D6->6dd5d97a-7455-476f-86d1-706748154c4a: receive RaftClientReply:client-835E41B928D6->6dd5d97a-7455-476f-86d1-706748154c4a@group-349356213E97, cid=3220, SUCCESS, logIndex=0, commits[6dd5d97a-7455-476f-86d1-706748154c4a:c4850, 8c1a4ac2-2d71-4742-ab0b-89dcc95eb13f:c4845, c9d0001a-daad-4532-9e58-9f5f4a7ddd18:c4846]
2019-09-12 14:53:58,585 [grpc-default-executor-6] INFO  client.GrpcClientProtocolClient (GrpcClientProtocolClient.java:onNext(264)) - client-835E41B928D6->6dd5d97a-7455-476f-86d1-706748154c4a: receive RaftClientReply:client-835E41B928D6->6dd5d97a-7455-476f-86d1-706748154c4a@group-349356213E97, cid=3221, SUCCESS, logIndex=4851, commits[6dd5d97a-7455-476f-86d1-706748154c4a:c4852, 8c1a4ac2-2d71-4742-ab0b-89dcc95eb13f:c4850, c9d0001a-daad-4532-9e58-9f5f4a7ddd18:c4850]
2019-09-12 14:53:58,585 [grpc-default-executor-6] INFO  client.GrpcClientProtocolClient (GrpcClientProtocolClient.java:onNext(264)) - client-835E41B928D6->6dd5d97a-7455-476f-86d1-706748154c4a: receive RaftClientReply:client-835E41B928D6->6dd5d97a-7455-476f-86d1-706748154c4a@group-349356213E97, cid=3222, SUCCESS, logIndex=4852, commits[6dd5d97a-7455-476f-86d1-706748154c4a:c4852, 8c1a4ac2-2d71-4742-ab0b-89dcc95eb13f:c4850, c9d0001a-daad-4532-9e58-9f5f4a7ddd18:c4850]
2019-09-12 14:53:58,598 [grpc-default-executor-6] INFO  client.GrpcClientProtocolClient (GrpcClientProtocolClient.java:onNext(264)) - client-835E41B928D6->6dd5d97a-7455-476f-86d1-706748154c4a: receive RaftClientReply:client-835E41B928D6->6dd5d97a-7455-476f-86d1-706748154c4a@group-349356213E97, cid=3223, SUCCESS, logIndex=4855, commits[6dd5d97a-7455-476f-86d1-706748154c4a:c4856, 8c1a4ac2-2d71-4742-ab0b-89dcc95eb13f:c4852, c9d0001a-daad-4532-9e58-9f5f4a7ddd18:c4852]
2019-09-12 14:53:58,598 [grpc-default-executor-6] INFO  client.GrpcClientProtocolClient (GrpcClientProtocolClient.java:onNext(264)) - client-835E41B928D6->6dd5d97a-7455-476f-86d1-706748154c4a: receive RaftClientReply:client-835E41B928D6->6dd5d97a-7455-476f-86d1-706748154c4a@group-349356213E97, cid=3224, SUCCESS, logIndex=4856, commits[6dd5d97a-7455-476f-86d1-706748154c4a:c4856, 8c1a4ac2-2d71-4742-ab0b-89dcc95eb13f:c4852, c9d0001a-daad-4532-9e58-9f5f4a7ddd18:c4852]
2019-09-12 14:53:58,611 [grpc-default-executor-6] INFO  client.GrpcClientProtocolClient (GrpcClientProtocolClient.java:onNext(264)) - client-835E41B928D6->6dd5d97a-7455-476f-86d1-706748154c4a: receive RaftClientReply:client-835E41B928D6->6dd5d97a-7455-476f-86d1-706748154c4a@group-349356213E97, cid=3225, SUCCESS, logIndex=0, commits[6dd5d97a-7455-476f-86d1-706748154c4a:c4858, 8c1a4ac2-2d71-4742-ab0b-89dcc95eb13f:c4856, c9d0001a-daad-4532-9e58-9f5f4a7ddd18:c4856]
 0.00% |█                                                                                                    |  0/1 Time: 0:00:262019-09-12 14:53:58,651 [grpc-default-executor-6] INFO  client.GrpcClientProtocolClient (GrpcClientProtocolClient.java:onNext(264)) - client-835E41B928D6->6dd5d97a-7455-476f-86d1-706748154c4a: receive RaftClientReply:client-835E41B928D6->6dd5d97a-7455-476f-86d1-706748154c4a@group-349356213E97, cid=3226, SUCCESS, logIndex=4859, commits[6dd5d97a-7455-476f-86d1-706748154c4a:c4861, 8c1a4ac2-2d71-4742-ab0b-89dcc95eb13f:c4858, c9d0001a-daad-4532-9e58-9f5f4a7ddd18:c4858]
2019-09-12 14:53:58,652 [grpc-default-executor-6] INFO  client.GrpcClientProtocolClient (GrpcClientProtocolClient.java:onNext(264)) - client-835E41B928D6->6dd5d97a-7455-476f-86d1-706748154c4a: receive RaftClientReply:client-835E41B928D6->6dd5d97a-7455-476f-86d1-706748154c4a@group-349356213E97, cid=3227, SUCCESS, logIndex=4860, commits[6dd5d97a-7455-476f-86d1-706748154c4a:c4862, 8c1a4ac2-2d71-4742-ab0b-89dcc95eb13f:c4858, c9d0001a-daad-4532-9e58-9f5f4a7ddd18:c4858]
2019-09-12 14:53:58,652 [grpc-default-executor-6] INFO  client.GrpcClientProtocolClient (GrpcClientProtocolClient.java:onNext(264)) - client-835E41B928D6->6dd5d97a-7455-476f-86d1-706748154c4a: receive RaftClientReply:client-835E41B928D6->6dd5d97a-7455-476f-86d1-706748154c4a@group-349356213E97, cid=3228, SUCCESS, logIndex=4861, commits[6dd5d97a-7455-476f-86d1-706748154c4a:c4862, 8c1a4ac2-2d71-4742-ab0b-89dcc95eb13f:c4858, c9d0001a-daad-4532-9e58-9f5f4a7ddd18:c4858]
2019-09-12 14:53:58,652 [grpc-default-executor-6] INFO  client.GrpcClientProtocolClient (GrpcClientProtocolClient.java:onNext(264)) - client-835E41B928D6->6dd5d97a-7455-476f-86d1-706748154c4a: receive RaftClientReply:client-835E41B928D6->6dd5d97a-7455-476f-86d1-706748154c4a@group-349356213E97, cid=3229, SUCCESS, logIndex=4862, commits[6dd5d97a-7455-476f-86d1-706748154c4a:c4862, 8c1a4ac2-2d71-4742-ab0b-89dcc95eb13f:c4858, c9d0001a-daad-4532-9e58-9f5f4a7ddd18:c4858]
2019-09-12 14:53:58,655 [grpc-default-executor-6] INFO  client.GrpcClientProtocolClient (GrpcClientProtocolClient.java:onNext(264)) - client-835E41B928D6->6dd5d97a-7455-476f-86d1-706748154c4a: receive RaftClientReply:client-835E41B928D6->6dd5d97a-7455-476f-86d1-706748154c4a@group-349356213E97, cid=3230, SUCCESS, logIndex=0, commits[6dd5d97a-7455-476f-86d1-706748154c4a:c4863, 8c1a4ac2-2d71-4742-ab0b-89dcc95eb13f:c4860, c9d0001a-daad-4532-9e58-9f5f4a7ddd18:c4860]
2019-09-12 14:53:58,667 [grpc-default-executor-6] INFO  client.GrpcClientProtocolClient (GrpcClientProtocolClient.java:onNext(264)) - client-835E41B928D6->6dd5d97a-7455-476f-86d1-706748154c4a: receive RaftClientReply:client-835E41B928D6->6dd5d97a-7455-476f-86d1-706748154c4a@group-349356213E97, cid=3231, SUCCESS, logIndex=4867, commits[6dd5d97a-7455-476f-86d1-706748154c4a:c4868, 8c1a4ac2-2d71-4742-ab0b-89dcc95eb13f:c4862, c9d0001a-daad-4532-9e58-9f5f4a7ddd18:c4863]
2019-09-12 14:53:58,668 [grpc-default-executor-6] INFO  client.GrpcClientProtocolClient (GrpcClientProtocolClient.java:onNext(264)) - client-835E41B928D6->6dd5d97a-7455-476f-86d1-706748154c4a: receive RaftClientReply:client-835E41B928D6->6dd5d97a-7455-476f-86d1-706748154c4a@group-349356213E97, cid=3232, SUCCESS, logIndex=4868, commits[6dd5d97a-7455-476f-86d1-706748154c4a:c4868, 8c1a4ac2-2d71-4742-ab0b-89dcc95eb13f:c4862, c9d0001a-daad-4532-9e58-9f5f4a7ddd18:c4863]
2019-09-12 14:53:58,682 [grpc-default-executor-6] INFO  client.GrpcClientProtocolClient (GrpcClientProtocolClient.java:onNext(264)) - client-835E41B928D6->6dd5d97a-7455-476f-86d1-706748154c4a: receive RaftClientReply:client-835E41B928D6->6dd5d97a-7455-476f-86d1-706748154c4a@group-349356213E97, cid=3233, SUCCESS, logIndex=4871, commits[6dd5d97a-7455-476f-86d1-706748154c4a:c4872, 8c1a4ac2-2d71-4742-ab0b-89dcc95eb13f:c4869, c9d0001a-daad-4532-9e58-9f5f4a7ddd18:c4868]
2019-09-12 14:53:58,683 [grpc-default-executor-6] INFO  client.GrpcClientProtocolClient (GrpcClientProtocolClient.java:onNext(264)) - client-835E41B928D6->6dd5d97a-7455-476f-86d1-706748154c4a: receive RaftClientReply:client-835E41B928D6->6dd5d97a-7455-476f-86d1-706748154c4a@group-349356213E97, cid=3234, SUCCESS, logIndex=4872, commits[6dd5d97a-7455-476f-86d1-706748154c4a:c4872, 8c1a4ac2-2d71-4742-ab0b-89dcc95eb13f:c4869, c9d0001a-daad-4532-9e58-9f5f4a7ddd18:c4868]
2019-09-12 14:53:58,686 [grpc-default-executor-6] INFO  client.GrpcClientProtocolClient (GrpcClientProtocolClient.java:onNext(264)) - client-835E41B928D6->6dd5d97a-7455-476f-86d1-706748154c4a: receive RaftClientReply:client-835E41B928D6->6dd5d97a-7455-476f-86d1-706748154c4a@group-349356213E97, cid=3235, SUCCESS, logIndex=0, commits[6dd5d97a-7455-476f-86d1-706748154c4a:c4873, 8c1a4ac2-2d71-4742-ab0b-89dcc95eb13f:c4872, c9d0001a-daad-4532-9e58-9f5f4a7ddd18:c4872]
2019-09-12 14:53:58,719 [grpc-default-executor-2] INFO  client.GrpcClientProtocolClient (GrpcClientProtocolClient.java:onNext(264)) - client-835E41B928D6->6dd5d97a-7455-476f-86d1-706748154c4a: receive RaftClientReply:client-835E41B928D6->6dd5d97a-7455-476f-86d1-706748154c4a@group-349356213E97, cid=3236, SUCCESS, logIndex=4874, commits[6dd5d97a-7455-476f-86d1-706748154c4a:c4875, 8c1a4ac2-2d71-4742-ab0b-89dcc95eb13f:c4873, c9d0001a-daad-4532-9e58-9f5f4a7ddd18:c4873]
2019-09-12 14:53:58,720 [grpc-default-executor-5] INFO  client.GrpcClientProtocolClient (GrpcClientProtocolClient.java:onNext(264)) - client-835E41B928D6->6dd5d97a-7455-476f-86d1-706748154c4a: receive RaftClientReply:client-835E41B928D6->6dd5d97a-7455-476f-86d1-706748154c4a@group-349356213E97, cid=3237, SUCCESS, logIndex=4875, commits[6dd5d97a-7455-476f-86d1-706748154c4a:c4875, 8c1a4ac2-2d71-4742-ab0b-89dcc95eb13f:c4873, c9d0001a-daad-4532-9e58-9f5f4a7ddd18:c4873]
2019-09-12 14:53:58,720 [grpc-default-executor-5] INFO  client.GrpcClientProtocolClient (GrpcClientProtocolClient.java:onNext(264)) - client-835E41B928D6->6dd5d97a-7455-476f-86d1-706748154c4a: receive RaftClientReply:client-835E41B928D6->6dd5d97a-7455-476f-86d1-706748154c4a@group-349356213E97, cid=3238, SUCCESS, logIndex=4876, commits[6dd5d97a-7455-476f-86d1-706748154c4a:c4877, 8c1a4ac2-2d71-4742-ab0b-89dcc95eb13f:c4873, c9d0001a-daad-4532-9e58-9f5f4a7ddd18:c4873]
2019-09-12 14:53:58,721 [grpc-default-executor-5] INFO  client.GrpcClientProtocolClient (GrpcClientProtocolClient.java:onNext(264)) - client-835E41B928D6->6dd5d97a-7455-476f-86d1-706748154c4a: receive RaftClientReply:client-835E41B928D6->6dd5d97a-7455-476f-86d1-706748154c4a@group-349356213E97, cid=3239, SUCCESS, logIndex=4877, commits[6dd5d97a-7455-476f-86d1-706748154c4a:c4877, 8c1a4ac2-2d71-4742-ab0b-89dcc95eb13f:c4873, c9d0001a-daad-4532-9e58-9f5f4a7ddd18:c4873]
2019-09-12 14:53:58,735 [grpc-default-executor-5] INFO  client.GrpcClientProtocolClient (GrpcClientProtocolClient.java:onNext(264)) - client-835E41B928D6->6dd5d97a-7455-476f-86d1-706748154c4a: receive RaftClientReply:client-835E41B928D6->6dd5d97a-7455-476f-86d1-706748154c4a@group-349356213E97, cid=3240, SUCCESS, logIndex=0, commits[6dd5d97a-7455-476f-86d1-706748154c4a:c4879, 8c1a4ac2-2d71-4742-ab0b-89dcc95eb13f:c4875, c9d0001a-daad-4532-9e58-9f5f4a7ddd18:c4875]
2019-09-12 14:53:58,753 [grpc-default-executor-5] INFO  client.GrpcClientProtocolClient (GrpcClientProtocolClient.java:onNext(264)) - client-835E41B928D6->6dd5d97a-7455-476f-86d1-706748154c4a: receive RaftClientReply:client-835E41B928D6->6dd5d97a-7455-476f-86d1-706748154c4a@group-349356213E97, cid=3241, SUCCESS, logIndex=4882, commits[6dd5d97a-7455-476f-86d1-706748154c4a:c4883, 8c1a4ac2-2d71-4742-ab0b-89dcc95eb13f:c4881, c9d0001a-daad-4532-9e58-9f5f4a7ddd18:c4881]
2019-09-12 14:53:58,753 [grpc-default-executor-5] INFO  client.GrpcClientProtocolClient (GrpcClientProtocolClient.java:onNext(264)) - client-835E41B928D6->6dd5d97a-7455-476f-86d1-706748154c4a: receive RaftClientReply:client-835E41B928D6->6dd5d97a-7455-476f-86d1-706748154c4a@group-349356213E97, cid=3242, SUCCESS, logIndex=4883, commits[6dd5d97a-7455-476f-86d1-706748154c4a:c4883, 8c1a4ac2-2d71-4742-ab0b-89dcc95eb13f:c4881, c9d0001a-daad-4532-9e58-9f5f4a7ddd18:c4881]
2019-09-12 14:53:58,771 [grpc-default-executor-6] INFO  client.GrpcClientProtocolClient (GrpcClientProtocolClient.java:onNext(264)) - client-835E41B928D6->6dd5d97a-7455-476f-86d1-706748154c4a: receive RaftClientReply:client-835E41B928D6->6dd5d97a-7455-476f-86d1-706748154c4a@group-349356213E97, cid=3243, SUCCESS, logIndex=4886, commits[6dd5d97a-7455-476f-86d1-706748154c4a:c4887, 8c1a4ac2-2d71-4742-ab0b-89dcc95eb13f:c4885, c9d0001a-daad-4532-9e58-9f5f4a7ddd18:c4885]
2019-09-12 14:53:58,771 [grpc-default-executor-6] INFO  client.GrpcClientProtocolClient (GrpcClientProtocolClient.java:onNext(264)) - client-835E41B928D6->6dd5d97a-7455-476f-86d1-706748154c4a: receive RaftClientReply:client-835E41B928D6->6dd5d97a-7455-476f-86d1-706748154c4a@group-349356213E97, cid=3244, SUCCESS, logIndex=4887, commits[6dd5d97a-7455-476f-86d1-706748154c4a:c4887, 8c1a4ac2-2d71-4742-ab0b-89dcc95eb13f:c4885, c9d0001a-daad-4532-9e58-9f5f4a7ddd18:c4885]
2019-09-12 14:53:58,783 [grpc-default-executor-5] INFO  client.GrpcClientProtocolClient (GrpcClientProtocolClient.java:onNext(264)) - client-835E41B928D6->6dd5d97a-7455-476f-86d1-706748154c4a: receive RaftClientReply:client-835E41B928D6->6dd5d97a-7455-476f-86d1-706748154c4a@group-349356213E97, cid=3245, SUCCESS, logIndex=0, commits[6dd5d97a-7455-476f-86d1-706748154c4a:c4889, 8c1a4ac2-2d71-4742-ab0b-89dcc95eb13f:c4887, c9d0001a-daad-4532-9e58-9f5f4a7ddd18:c4887]
2019-09-12 14:53:58,816 [grpc-default-executor-2] INFO  client.GrpcClientProtocolClient (GrpcClientProtocolClient.java:onNext(264)) - client-835E41B928D6->6dd5d97a-7455-476f-86d1-706748154c4a: receive RaftClientReply:client-835E41B928D6->6dd5d97a-7455-476f-86d1-706748154c4a@group-349356213E97, cid=3246, SUCCESS, logIndex=4890, commits[6dd5d97a-7455-476f-86d1-706748154c4a:c4891, 8c1a4ac2-2d71-4742-ab0b-89dcc95eb13f:c4889, c9d0001a-daad-4532-9e58-9f5f4a7ddd18:c4889]
2019-09-12 14:53:58,817 [grpc-default-executor-2] INFO  client.GrpcClientProtocolClient (GrpcClientProtocolClient.java:onNext(264)) - client-835E41B928D6->6dd5d97a-7455-476f-86d1-706748154c4a: receive RaftClientReply:client-835E41B928D6->6dd5d97a-7455-476f-86d1-706748154c4a@group-349356213E97, cid=3247, SUCCESS, logIndex=4891, commits[6dd5d97a-7455-476f-86d1-706748154c4a:c4893, 8c1a4ac2-2d71-4742-ab0b-89dcc95eb13f:c4889, c9d0001a-daad-4532-9e58-9f5f4a7ddd18:c4889]
2019-09-12 14:53:58,817 [grpc-default-executor-2] INFO  client.GrpcClientProtocolClient (GrpcClientProtocolClient.java:onNext(264)) - client-835E41B928D6->6dd5d97a-7455-476f-86d1-706748154c4a: receive RaftClientReply:client-835E41B928D6->6dd5d97a-7455-476f-86d1-706748154c4a@group-349356213E97, cid=3248, SUCCESS, logIndex=4892, commits[6dd5d97a-7455-476f-86d1-706748154c4a:c4893, 8c1a4ac2-2d71-4742-ab0b-89dcc95eb13f:c4889, c9d0001a-daad-4532-9e58-9f5f4a7ddd18:c4889]
2019-09-12 14:53:58,817 [grpc-default-executor-2] INFO  client.GrpcClientProtocolClient (GrpcClientProtocolClient.java:onNext(264)) - client-835E41B928D6->6dd5d97a-7455-476f-86d1-706748154c4a: receive RaftClientReply:client-835E41B928D6->6dd5d97a-7455-476f-86d1-706748154c4a@group-349356213E97, cid=3249, SUCCESS, logIndex=4893, commits[6dd5d97a-7455-476f-86d1-706748154c4a:c4893, 8c1a4ac2-2d71-4742-ab0b-89dcc95eb13f:c4889, c9d0001a-daad-4532-9e58-9f5f4a7ddd18:c4889]
2019-09-12 14:53:58,829 [grpc-default-executor-2] INFO  client.GrpcClientProtocolClient (GrpcClientProtocolClient.java:onNext(264)) - client-835E41B928D6->6dd5d97a-7455-476f-86d1-706748154c4a: receive RaftClientReply:client-835E41B928D6->6dd5d97a-7455-476f-86d1-706748154c4a@group-349356213E97, cid=3250, SUCCESS, logIndex=0, commits[6dd5d97a-7455-476f-86d1-706748154c4a:c4895, 8c1a4ac2-2d71-4742-ab0b-89dcc95eb13f:c4891, c9d0001a-daad-4532-9e58-9f5f4a7ddd18:c4891]
2019-09-12 14:53:58,846 [grpc-default-executor-6] INFO  client.GrpcClientProtocolClient (GrpcClientProtocolClient.java:onNext(264)) - client-835E41B928D6->6dd5d97a-7455-476f-86d1-706748154c4a: receive RaftClientReply:client-835E41B928D6->6dd5d97a-7455-476f-86d1-706748154c4a@group-349356213E97, cid=3251, SUCCESS, logIndex=4897, commits[6dd5d97a-7455-476f-86d1-706748154c4a:c4897, 8c1a4ac2-2d71-4742-ab0b-89dcc95eb13f:c4896, c9d0001a-daad-4532-9e58-9f5f4a7ddd18:c4896]
2019-09-12 14:53:58,846 [grpc-default-executor-6] INFO  client.GrpcClientProtocolClient (GrpcClientProtocolClient.java:onNext(264)) - client-835E41B928D6->6dd5d97a-7455-476f-86d1-706748154c4a: receive RaftClientReply:client-835E41B928D6->6dd5d97a-7455-476f-86d1-706748154c4a@group-349356213E97, cid=3252, SUCCESS, logIndex=4898, commits[6dd5d97a-7455-476f-86d1-706748154c4a:c4898, 8c1a4ac2-2d71-4742-ab0b-89dcc95eb13f:c4896, c9d0001a-daad-4532-9e58-9f5f4a7ddd18:c4896]
2019-09-12 14:53:58,862 [grpc-default-executor-6] INFO  client.GrpcClientProtocolClient (GrpcClientProtocolClient.java:onNext(264)) - client-835E41B928D6->6dd5d97a-7455-476f-86d1-706748154c4a: receive RaftClientReply:client-835E41B928D6->6dd5d97a-7455-476f-86d1-706748154c4a@group-349356213E97, cid=3253, SUCCESS, logIndex=4901, commits[6dd5d97a-7455-476f-86d1-706748154c4a:c4902, 8c1a4ac2-2d71-4742-ab0b-89dcc95eb13f:c4898, c9d0001a-daad-4532-9e58-9f5f4a7ddd18:c4898]
2019-09-12 14:53:58,862 [grpc-default-executor-6] INFO  client.GrpcClientProtocolClient (GrpcClientProtocolClient.java:onNext(264)) - client-835E41B928D6->6dd5d97a-7455-476f-86d1-706748154c4a: receive RaftClientReply:client-835E41B928D6->6dd5d97a-7455-476f-86d1-706748154c4a@group-349356213E97, cid=3254, SUCCESS, logIndex=4902, commits[6dd5d97a-7455-476f-86d1-706748154c4a:c4902, 8c1a4ac2-2d71-4742-ab0b-89dcc95eb13f:c4898, c9d0001a-daad-4532-9e58-9f5f4a7ddd18:c4898]
2019-09-12 14:53:58,876 [grpc-default-executor-6] INFO  client.GrpcClientProtocolClient (GrpcClientProtocolClient.java:onNext(264)) - client-835E41B928D6->6dd5d97a-7455-476f-86d1-706748154c4a: receive RaftClientReply:client-835E41B928D6->6dd5d97a-7455-476f-86d1-706748154c4a@group-349356213E97, cid=3255, SUCCESS, logIndex=0, commits[6dd5d97a-7455-476f-86d1-706748154c4a:c4904, 8c1a4ac2-2d71-4742-ab0b-89dcc95eb13f:c4902, c9d0001a-daad-4532-9e58-9f5f4a7ddd18:c4902]
2019-09-12 14:53:58,912 [grpc-default-executor-2] INFO  client.GrpcClientProtocolClient (GrpcClientProtocolClient.java:onNext(264)) - client-835E41B928D6->6dd5d97a-7455-476f-86d1-706748154c4a: receive RaftClientReply:client-835E41B928D6->6dd5d97a-7455-476f-86d1-706748154c4a@group-349356213E97, cid=3256, SUCCESS, logIndex=4905, commits[6dd5d97a-7455-476f-86d1-706748154c4a:c4906, 8c1a4ac2-2d71-4742-ab0b-89dcc95eb13f:c4904, c9d0001a-daad-4532-9e58-9f5f4a7ddd18:c4904]
2019-09-12 14:53:58,913 [grpc-default-executor-2] INFO  client.GrpcClientProtocolClient (GrpcClientProtocolClient.java:onNext(264)) - client-835E41B928D6->6dd5d97a-7455-476f-86d1-706748154c4a: receive RaftClientReply:client-835E41B928D6->6dd5d97a-7455-476f-86d1-706748154c4a@group-349356213E97, cid=3257, SUCCESS, logIndex=4906, commits[6dd5d97a-7455-476f-86d1-706748154c4a:c4908, 8c1a4ac2-2d71-4742-ab0b-89dcc95eb13f:c4904, c9d0001a-daad-4532-9e58-9f5f4a7ddd18:c4904]
2019-09-12 14:53:58,913 [grpc-default-executor-2] INFO  client.GrpcClientProtocolClient (GrpcClientProtocolClient.java:onNext(264)) - client-835E41B928D6->6dd5d97a-7455-476f-86d1-706748154c4a: receive RaftClientReply:client-835E41B928D6->6dd5d97a-7455-476f-86d1-706748154c4a@group-349356213E97, cid=3258, SUCCESS, logIndex=4907, commits[6dd5d97a-7455-476f-86d1-706748154c4a:c4908, 8c1a4ac2-2d71-4742-ab0b-89dcc95eb13f:c4904, c9d0001a-daad-4532-9e58-9f5f4a7ddd18:c4904]
2019-09-12 14:53:58,914 [grpc-default-executor-2] INFO  client.GrpcClientProtocolClient (GrpcClientProtocolClient.java:onNext(264)) - client-835E41B928D6->6dd5d97a-7455-476f-86d1-706748154c4a: receive RaftClientReply:client-835E41B928D6->6dd5d97a-7455-476f-86d1-706748154c4a@group-349356213E97, cid=3259, SUCCESS, logIndex=4908, commits[6dd5d97a-7455-476f-86d1-706748154c4a:c4908, 8c1a4ac2-2d71-4742-ab0b-89dcc95eb13f:c4904, c9d0001a-daad-4532-9e58-9f5f4a7ddd18:c4904]
2019-09-12 14:53:58,917 [grpc-default-executor-6] INFO  client.GrpcClientProtocolClient (GrpcClientProtocolClient.java:onNext(264)) - client-835E41B928D6->6dd5d97a-7455-476f-86d1-706748154c4a: receive RaftClientReply:client-835E41B928D6->6dd5d97a-7455-476f-86d1-706748154c4a@group-349356213E97, cid=3260, SUCCESS, logIndex=0, commits[6dd5d97a-7455-476f-86d1-706748154c4a:c4910, 8c1a4ac2-2d71-4742-ab0b-89dcc95eb13f:c4906, c9d0001a-daad-4532-9e58-9f5f4a7ddd18:c4906]
2019-09-12 14:53:58,928 [grpc-default-executor-2] INFO  client.GrpcClientProtocolClient (GrpcClientProtocolClient.java:onNext(264)) - client-835E41B928D6->6dd5d97a-7455-476f-86d1-706748154c4a: receive RaftClientReply:client-835E41B928D6->6dd5d97a-7455-476f-86d1-706748154c4a@group-349356213E97, cid=3261, SUCCESS, logIndex=4912, commits[6dd5d97a-7455-476f-86d1-706748154c4a:c4913, 8c1a4ac2-2d71-4742-ab0b-89dcc95eb13f:c4908, c9d0001a-daad-4532-9e58-9f5f4a7ddd18:c4911]
2019-09-12 14:53:58,928 [grpc-default-executor-2] INFO  client.GrpcClientProtocolClient (GrpcClientProtocolClient.java:onNext(264)) - client-835E41B928D6->6dd5d97a-7455-476f-86d1-706748154c4a: receive RaftClientReply:client-835E41B928D6->6dd5d97a-7455-476f-86d1-706748154c4a@group-349356213E97, cid=3262, SUCCESS, logIndex=4913, commits[6dd5d97a-7455-476f-86d1-706748154c4a:c4913, 8c1a4ac2-2d71-4742-ab0b-89dcc95eb13f:c4911, c9d0001a-daad-4532-9e58-9f5f4a7ddd18:c4911]
2019-09-12 14:53:58,956 [grpc-default-executor-5] INFO  client.GrpcClientProtocolClient (GrpcClientProtocolClient.java:onNext(264)) - client-835E41B928D6->6dd5d97a-7455-476f-86d1-706748154c4a: receive RaftClientReply:client-835E41B928D6->6dd5d97a-7455-476f-86d1-706748154c4a@group-349356213E97, cid=3263, SUCCESS, logIndex=4916, commits[6dd5d97a-7455-476f-86d1-706748154c4a:c4917, 8c1a4ac2-2d71-4742-ab0b-89dcc95eb13f:c4913, c9d0001a-daad-4532-9e58-9f5f4a7ddd18:c4915]
2019-09-12 14:53:58,956 [grpc-default-executor-5] INFO  client.GrpcClientProtocolClient (GrpcClientProtocolClient.java:onNext(264)) - client-835E41B928D6->6dd5d97a-7455-476f-86d1-706748154c4a: receive RaftClientReply:client-835E41B928D6->6dd5d97a-7455-476f-86d1-706748154c4a@group-349356213E97, cid=3264, SUCCESS, logIndex=4917, commits[6dd5d97a-7455-476f-86d1-706748154c4a:c4917, 8c1a4ac2-2d71-4742-ab0b-89dcc95eb13f:c4915, c9d0001a-daad-4532-9e58-9f5f4a7ddd18:c4915]
2019-09-12 14:53:58,958 [grpc-default-executor-2] INFO  client.GrpcClientProtocolClient (GrpcClientProtocolClient.java:onNext(264)) - client-835E41B928D6->6dd5d97a-7455-476f-86d1-706748154c4a: receive RaftClientReply:client-835E41B928D6->6dd5d97a-7455-476f-86d1-706748154c4a@group-349356213E97, cid=3265, SUCCESS, logIndex=0, commits[6dd5d97a-7455-476f-86d1-706748154c4a:c4919, 8c1a4ac2-2d71-4742-ab0b-89dcc95eb13f:c4917, c9d0001a-daad-4532-9e58-9f5f4a7ddd18:c4917]
2019-09-12 14:53:58,978 [grpc-default-executor-6] INFO  client.GrpcClientProtocolClient (GrpcClientProtocolClient.java:onNext(264)) - client-835E41B928D6->6dd5d97a-7455-476f-86d1-706748154c4a: receive RaftClientReply:client-835E41B928D6->6dd5d97a-7455-476f-86d1-706748154c4a@group-349356213E97, cid=3266, SUCCESS, logIndex=4920, commits[6dd5d97a-7455-476f-86d1-706748154c4a:c4921, 8c1a4ac2-2d71-4742-ab0b-89dcc95eb13f:c4919, c9d0001a-daad-4532-9e58-9f5f4a7ddd18:c4919]
2019-09-12 14:53:58,979 [grpc-default-executor-5] INFO  client.GrpcClientProtocolClient (GrpcClientProtocolClient.java:onNext(264)) - client-835E41B928D6->6dd5d97a-7455-476f-86d1-706748154c4a: receive RaftClientReply:client-835E41B928D6->6dd5d97a-7455-476f-86d1-706748154c4a@group-349356213E97, cid=3267, SUCCESS, logIndex=4921, commits[6dd5d97a-7455-476f-86d1-706748154c4a:c4921, 8c1a4ac2-2d71-4742-ab0b-89dcc95eb13f:c4919, c9d0001a-daad-4532-9e58-9f5f4a7ddd18:c4919]
2019-09-12 14:53:58,979 [grpc-default-executor-5] INFO  client.GrpcClientProtocolClient (GrpcClientProtocolClient.java:onNext(264)) - client-835E41B928D6->6dd5d97a-7455-476f-86d1-706748154c4a: receive RaftClientReply:client-835E41B928D6->6dd5d97a-7455-476f-86d1-706748154c4a@group-349356213E97, cid=3268, SUCCESS, logIndex=4922, commits[6dd5d97a-7455-476f-86d1-706748154c4a:c4923, 8c1a4ac2-2d71-4742-ab0b-89dcc95eb13f:c4919, c9d0001a-daad-4532-9e58-9f5f4a7ddd18:c4919]
2019-09-12 14:53:58,979 [grpc-default-executor-5] INFO  client.GrpcClientProtocolClient (GrpcClientProtocolClient.java:onNext(264)) - client-835E41B928D6->6dd5d97a-7455-476f-86d1-706748154c4a: receive RaftClientReply:client-835E41B928D6->6dd5d97a-7455-476f-86d1-706748154c4a@group-349356213E97, cid=3269, SUCCESS, logIndex=4923, commits[6dd5d97a-7455-476f-86d1-706748154c4a:c4923, 8c1a4ac2-2d71-4742-ab0b-89dcc95eb13f:c4919, c9d0001a-daad-4532-9e58-9f5f4a7ddd18:c4919]
2019-09-12 14:53:58,981 [grpc-default-executor-5] INFO  client.GrpcClientProtocolClient (GrpcClientProtocolClient.java:onNext(264)) - client-835E41B928D6->6dd5d97a-7455-476f-86d1-706748154c4a: receive RaftClientReply:client-835E41B928D6->6dd5d97a-7455-476f-86d1-706748154c4a@group-349356213E97, cid=3270, SUCCESS, logIndex=0, commits[6dd5d97a-7455-476f-86d1-706748154c4a:c4925, 8c1a4ac2-2d71-4742-ab0b-89dcc95eb13f:c4921, c9d0001a-daad-4532-9e58-9f5f4a7ddd18:c4921]
2019-09-12 14:53:59,000 [grpc-default-executor-5] INFO  client.GrpcClientProtocolClient (GrpcClientProtocolClient.java:onNext(264)) - client-835E41B928D6->6dd5d97a-7455-476f-86d1-706748154c4a: receive RaftClientReply:client-835E41B928D6->6dd5d97a-7455-476f-86d1-706748154c4a@group-349356213E97, cid=3271, SUCCESS, logIndex=4927, commits[6dd5d97a-7455-476f-86d1-706748154c4a:c4928, 8c1a4ac2-2d71-4742-ab0b-89dcc95eb13f:c4923, c9d0001a-daad-4532-9e58-9f5f4a7ddd18:c4926]
2019-09-12 14:53:59,001 [grpc-default-executor-2] INFO  client.GrpcClientProtocolClient (GrpcClientProtocolClient.java:onNext(264)) - client-835E41B928D6->6dd5d97a-7455-476f-86d1-706748154c4a: receive RaftClientReply:client-835E41B928D6->6dd5d97a-7455-476f-86d1-706748154c4a@group-349356213E97, cid=3272, SUCCESS, logIndex=4928, commits[6dd5d97a-7455-476f-86d1-706748154c4a:c4928, 8c1a4ac2-2d71-4742-ab0b-89dcc95eb13f:c4923, c9d0001a-daad-4532-9e58-9f5f4a7ddd18:c4926]
2019-09-12 14:53:59,014 [grpc-default-executor-7] INFO  client.GrpcClientProtocolClient (GrpcClientProtocolClient.java:onNext(264)) - client-835E41B928D6->6dd5d97a-7455-476f-86d1-706748154c4a: receive RaftClientReply:client-835E41B928D6->6dd5d97a-7455-476f-86d1-706748154c4a@group-349356213E97, cid=3273, SUCCESS, logIndex=4931, commits[6dd5d97a-7455-476f-86d1-706748154c4a:c4932, 8c1a4ac2-2d71-4742-ab0b-89dcc95eb13f:c4928, c9d0001a-daad-4532-9e58-9f5f4a7ddd18:c4928]
2019-09-12 14:53:59,015 [grpc-default-executor-7] INFO  client.GrpcClientProtocolClient (GrpcClientProtocolClient.java:onNext(264)) - client-835E41B928D6->6dd5d97a-7455-476f-86d1-706748154c4a: receive RaftClientReply:client-835E41B928D6->6dd5d97a-7455-476f-86d1-706748154c4a@group-349356213E97, cid=3274, SUCCESS, logIndex=4932, commits[6dd5d97a-7455-476f-86d1-706748154c4a:c4932, 8c1a4ac2-2d71-4742-ab0b-89dcc95eb13f:c4928, c9d0001a-daad-4532-9e58-9f5f4a7ddd18:c4928]
2019-09-12 14:53:59,029 [grpc-default-executor-7] INFO  client.GrpcClientProtocolClient (GrpcClientProtocolClient.java:onNext(264)) - client-835E41B928D6->6dd5d97a-7455-476f-86d1-706748154c4a: receive RaftClientReply:client-835E41B928D6->6dd5d97a-7455-476f-86d1-706748154c4a@group-349356213E97, cid=3275, SUCCESS, logIndex=0, commits[6dd5d97a-7455-476f-86d1-706748154c4a:c4934, 8c1a4ac2-2d71-4742-ab0b-89dcc95eb13f:c4932, c9d0001a-daad-4532-9e58-9f5f4a7ddd18:c4932]
2019-09-12 14:53:59,056 [grpc-default-executor-5] INFO  client.GrpcClientProtocolClient (GrpcClientProtocolClient.java:onNext(264)) - client-835E41B928D6->6dd5d97a-7455-476f-86d1-706748154c4a: receive RaftClientReply:client-835E41B928D6->6dd5d97a-7455-476f-86d1-706748154c4a@group-349356213E97, cid=3276, SUCCESS, logIndex=4935, commits[6dd5d97a-7455-476f-86d1-706748154c4a:c4936, 8c1a4ac2-2d71-4742-ab0b-89dcc95eb13f:c4934, c9d0001a-daad-4532-9e58-9f5f4a7ddd18:c4934]
2019-09-12 14:53:59,056 [grpc-default-executor-5] INFO  client.GrpcClientProtocolClient (GrpcClientProtocolClient.java:onNext(264)) - client-835E41B928D6->6dd5d97a-7455-476f-86d1-706748154c4a: receive RaftClientReply:client-835E41B928D6->6dd5d97a-7455-476f-86d1-706748154c4a@group-349356213E97, cid=3277, SUCCESS, logIndex=4936, commits[6dd5d97a-7455-476f-86d1-706748154c4a:c4936, 8c1a4ac2-2d71-4742-ab0b-89dcc95eb13f:c4934, c9d0001a-daad-4532-9e58-9f5f4a7ddd18:c4934]
2019-09-12 14:53:59,057 [grpc-default-executor-5] INFO  client.GrpcClientProtocolClient (GrpcClientProtocolClient.java:onNext(264)) - client-835E41B928D6->6dd5d97a-7455-476f-86d1-706748154c4a: receive RaftClientReply:client-835E41B928D6->6dd5d97a-7455-476f-86d1-706748154c4a@group-349356213E97, cid=3278, SUCCESS, logIndex=4937, commits[6dd5d97a-7455-476f-86d1-706748154c4a:c4938, 8c1a4ac2-2d71-4742-ab0b-89dcc95eb13f:c4934, c9d0001a-daad-4532-9e58-9f5f4a7ddd18:c4934]
2019-09-12 14:53:59,057 [grpc-default-executor-5] INFO  client.GrpcClientProtocolClient (GrpcClientProtocolClient.java:onNext(264)) - client-835E41B928D6->6dd5d97a-7455-476f-86d1-706748154c4a: receive RaftClientReply:client-835E41B928D6->6dd5d97a-7455-476f-86d1-706748154c4a@group-349356213E97, cid=3279, SUCCESS, logIndex=4938, commits[6dd5d97a-7455-476f-86d1-706748154c4a:c4938, 8c1a4ac2-2d71-4742-ab0b-89dcc95eb13f:c4934, c9d0001a-daad-4532-9e58-9f5f4a7ddd18:c4934]
2019-09-12 14:53:59,058 [grpc-default-executor-5] INFO  client.GrpcClientProtocolClient (GrpcClientProtocolClient.java:onNext(264)) - client-835E41B928D6->6dd5d97a-7455-476f-86d1-706748154c4a: receive RaftClientReply:client-835E41B928D6->6dd5d97a-7455-476f-86d1-706748154c4a@group-349356213E97, cid=3280, SUCCESS, logIndex=0, commits[6dd5d97a-7455-476f-86d1-706748154c4a:c4939, 8c1a4ac2-2d71-4742-ab0b-89dcc95eb13f:c4936, c9d0001a-daad-4532-9e58-9f5f4a7ddd18:c4936]
2019-09-12 14:53:59,076 [grpc-default-executor-6] INFO  client.GrpcClientProtocolClient (GrpcClientProtocolClient.java:onNext(264)) - client-835E41B928D6->6dd5d97a-7455-476f-86d1-706748154c4a: receive RaftClientReply:client-835E41B928D6->6dd5d97a-7455-476f-86d1-706748154c4a@group-349356213E97, cid=3281, SUCCESS, logIndex=4943, commits[6dd5d97a-7455-476f-86d1-706748154c4a:c4944, 8c1a4ac2-2d71-4742-ab0b-89dcc95eb13f:c4942, c9d0001a-daad-4532-9e58-9f5f4a7ddd18:c4942]
2019-09-12 14:53:59,076 [grpc-default-executor-6] INFO  client.GrpcClientProtocolClient (GrpcClientProtocolClient.java:onNext(264)) - client-835E41B928D6->6dd5d97a-7455-476f-86d1-706748154c4a: receive RaftClientReply:client-835E41B928D6->6dd5d97a-7455-476f-86d1-706748154c4a@group-349356213E97, cid=3282, SUCCESS, logIndex=4944, commits[6dd5d97a-7455-476f-86d1-706748154c4a:c4944, 8c1a4ac2-2d71-4742-ab0b-89dcc95eb13f:c4942, c9d0001a-daad-4532-9e58-9f5f4a7ddd18:c4942]
2019-09-12 14:53:59,091 [grpc-default-executor-7] INFO  client.GrpcClientProtocolClient (GrpcClientProtocolClient.java:onNext(264)) - client-835E41B928D6->6dd5d97a-7455-476f-86d1-706748154c4a: receive RaftClientReply:client-835E41B928D6->6dd5d97a-7455-476f-86d1-706748154c4a@group-349356213E97, cid=3283, SUCCESS, logIndex=4947, commits[6dd5d97a-7455-476f-86d1-706748154c4a:c4948, 8c1a4ac2-2d71-4742-ab0b-89dcc95eb13f:c4944, c9d0001a-daad-4532-9e58-9f5f4a7ddd18:c4944]
2019-09-12 14:53:59,091 [grpc-default-executor-7] INFO  client.GrpcClientProtocolClient (GrpcClientProtocolClient.java:onNext(264)) - client-835E41B928D6->6dd5d97a-7455-476f-86d1-706748154c4a: receive RaftClientReply:client-835E41B928D6->6dd5d97a-7455-476f-86d1-706748154c4a@group-349356213E97, cid=3284, SUCCESS, logIndex=4948, commits[6dd5d97a-7455-476f-86d1-706748154c4a:c4948, 8c1a4ac2-2d71-4742-ab0b-89dcc95eb13f:c4944, c9d0001a-daad-4532-9e58-9f5f4a7ddd18:c4944]
2019-09-12 14:53:59,102 [grpc-default-executor-7] INFO  client.GrpcClientProtocolClient (GrpcClientProtocolClient.java:onNext(264)) - client-835E41B928D6->6dd5d97a-7455-476f-86d1-706748154c4a: receive RaftClientReply:client-835E41B928D6->6dd5d97a-7455-476f-86d1-706748154c4a@group-349356213E97, cid=3285, SUCCESS, logIndex=0, commits[6dd5d97a-7455-476f-86d1-706748154c4a:c4949, 8c1a4ac2-2d71-4742-ab0b-89dcc95eb13f:c4948, c9d0001a-daad-4532-9e58-9f5f4a7ddd18:c4948]
2019-09-12 14:53:59,222 [grpc-default-executor-6] INFO  client.GrpcClientProtocolClient (GrpcClientProtocolClient.java:onNext(264)) - client-835E41B928D6->6dd5d97a-7455-476f-86d1-706748154c4a: receive RaftClientReply:client-835E41B928D6->6dd5d97a-7455-476f-86d1-706748154c4a@group-349356213E97, cid=3286, SUCCESS, logIndex=4951, commits[6dd5d97a-7455-476f-86d1-706748154c4a:c4952, 8c1a4ac2-2d71-4742-ab0b-89dcc95eb13f:c4950, c9d0001a-daad-4532-9e58-9f5f4a7ddd18:c4948]
2019-09-12 14:53:59,223 [grpc-default-executor-6] INFO  client.GrpcClientProtocolClient (GrpcClientProtocolClient.java:onNext(264)) - client-835E41B928D6->6dd5d97a-7455-476f-86d1-706748154c4a: receive RaftClientReply:client-835E41B928D6->6dd5d97a-7455-476f-86d1-706748154c4a@group-349356213E97, cid=3287, SUCCESS, logIndex=4952, commits[6dd5d97a-7455-476f-86d1-706748154c4a:c4952, 8c1a4ac2-2d71-4742-ab0b-89dcc95eb13f:c4950, c9d0001a-daad-4532-9e58-9f5f4a7ddd18:c4948]
2019-09-12 14:53:59,233 [grpc-default-executor-6] INFO  client.GrpcClientProtocolClient (GrpcClientProtocolClient.java:onNext(264)) - client-835E41B928D6->6dd5d97a-7455-476f-86d1-706748154c4a: receive RaftClientReply:client-835E41B928D6->6dd5d97a-7455-476f-86d1-706748154c4a@group-349356213E97, cid=3288, SUCCESS, logIndex=4953, commits[6dd5d97a-7455-476f-86d1-706748154c4a:c4954, 8c1a4ac2-2d71-4742-ab0b-89dcc95eb13f:c4950, c9d0001a-daad-4532-9e58-9f5f4a7ddd18:c4950]
2019-09-12 14:53:59,234 [grpc-default-executor-6] INFO  client.GrpcClientProtocolClient (GrpcClientProtocolClient.java:onNext(264)) - client-835E41B928D6->6dd5d97a-7455-476f-86d1-706748154c4a: receive RaftClientReply:client-835E41B928D6->6dd5d97a-7455-476f-86d1-706748154c4a@group-349356213E97, cid=3289, SUCCESS, logIndex=4954, commits[6dd5d97a-7455-476f-86d1-706748154c4a:c4954, 8c1a4ac2-2d71-4742-ab0b-89dcc95eb13f:c4950, c9d0001a-daad-4532-9e58-9f5f4a7ddd18:c4950]
2019-09-12 14:53:59,236 [grpc-default-executor-6] INFO  client.GrpcClientProtocolClient (GrpcClientProtocolClient.java:onNext(264)) - client-835E41B928D6->6dd5d97a-7455-476f-86d1-706748154c4a: receive RaftClientReply:client-835E41B928D6->6dd5d97a-7455-476f-86d1-706748154c4a@group-349356213E97, cid=3290, SUCCESS, logIndex=0, commits[6dd5d97a-7455-476f-86d1-706748154c4a:c4956, 8c1a4ac2-2d71-4742-ab0b-89dcc95eb13f:c4952, c9d0001a-daad-4532-9e58-9f5f4a7ddd18:c4952]
2019-09-12 14:53:59,250 [grpc-default-executor-6] INFO  client.GrpcClientProtocolClient (GrpcClientProtocolClient.java:onNext(264)) - client-835E41B928D6->6dd5d97a-7455-476f-86d1-706748154c4a: receive RaftClientReply:client-835E41B928D6->6dd5d97a-7455-476f-86d1-706748154c4a@group-349356213E97, cid=3291, SUCCESS, logIndex=4959, commits[6dd5d97a-7455-476f-86d1-706748154c4a:c4960, 8c1a4ac2-2d71-4742-ab0b-89dcc95eb13f:c4954, c9d0001a-daad-4532-9e58-9f5f4a7ddd18:c4956]
2019-09-12 14:53:59,250 [grpc-default-executor-6] INFO  client.GrpcClientProtocolClient (GrpcClientProtocolClient.java:onNext(264)) - client-835E41B928D6->6dd5d97a-7455-476f-86d1-706748154c4a: receive RaftClientReply:client-835E41B928D6->6dd5d97a-7455-476f-86d1-706748154c4a@group-349356213E97, cid=3292, SUCCESS, logIndex=4960, commits[6dd5d97a-7455-476f-86d1-706748154c4a:c4960, 8c1a4ac2-2d71-4742-ab0b-89dcc95eb13f:c4956, c9d0001a-daad-4532-9e58-9f5f4a7ddd18:c4956]
2019-09-12 14:53:59,264 [grpc-default-executor-2] INFO  client.GrpcClientProtocolClient (GrpcClientProtocolClient.java:onNext(264)) - client-835E41B928D6->6dd5d97a-7455-476f-86d1-706748154c4a: receive RaftClientReply:client-835E41B928D6->6dd5d97a-7455-476f-86d1-706748154c4a@group-349356213E97, cid=3293, SUCCESS, logIndex=4962, commits[6dd5d97a-7455-476f-86d1-706748154c4a:c4963, 8c1a4ac2-2d71-4742-ab0b-89dcc95eb13f:c4960, c9d0001a-daad-4532-9e58-9f5f4a7ddd18:c4960]
2019-09-12 14:53:59,265 [grpc-default-executor-2] INFO  client.GrpcClientProtocolClient (GrpcClientProtocolClient.java:onNext(264)) - client-835E41B928D6->6dd5d97a-7455-476f-86d1-706748154c4a: receive RaftClientReply:client-835E41B928D6->6dd5d97a-7455-476f-86d1-706748154c4a@group-349356213E97, cid=3294, SUCCESS, logIndex=4963, commits[6dd5d97a-7455-476f-86d1-706748154c4a:c4963, 8c1a4ac2-2d71-4742-ab0b-89dcc95eb13f:c4960, c9d0001a-daad-4532-9e58-9f5f4a7ddd18:c4960]
2019-09-12 14:53:59,283 [grpc-default-executor-2] INFO  client.GrpcClientProtocolClient (GrpcClientProtocolClient.java:onNext(264)) - client-835E41B928D6->6dd5d97a-7455-476f-86d1-706748154c4a: receive RaftClientReply:client-835E41B928D6->6dd5d97a-7455-476f-86d1-706748154c4a@group-349356213E97, cid=3295, SUCCESS, logIndex=0, commits[6dd5d97a-7455-476f-86d1-706748154c4a:c4965, 8c1a4ac2-2d71-4742-ab0b-89dcc95eb13f:c4963, c9d0001a-daad-4532-9e58-9f5f4a7ddd18:c4963]
2019-09-12 14:53:59,315 [grpc-default-executor-7] INFO  client.GrpcClientProtocolClient (GrpcClientProtocolClient.java:onNext(264)) - client-835E41B928D6->6dd5d97a-7455-476f-86d1-706748154c4a: receive RaftClientReply:client-835E41B928D6->6dd5d97a-7455-476f-86d1-706748154c4a@group-349356213E97, cid=3296, SUCCESS, logIndex=4966, commits[6dd5d97a-7455-476f-86d1-706748154c4a:c4968, 8c1a4ac2-2d71-4742-ab0b-89dcc95eb13f:c4965, c9d0001a-daad-4532-9e58-9f5f4a7ddd18:c4965]
2019-09-12 14:53:59,316 [grpc-default-executor-7] INFO  client.GrpcClientProtocolClient (GrpcClientProtocolClient.java:onNext(264)) - client-835E41B928D6->6dd5d97a-7455-476f-86d1-706748154c4a: receive RaftClientReply:client-835E41B928D6->6dd5d97a-7455-476f-86d1-706748154c4a@group-349356213E97, cid=3297, SUCCESS, logIndex=4967, commits[6dd5d97a-7455-476f-86d1-706748154c4a:c4969, 8c1a4ac2-2d71-4742-ab0b-89dcc95eb13f:c4965, c9d0001a-daad-4532-9e58-9f5f4a7ddd18:c4965]
2019-09-12 14:53:59,317 [grpc-default-executor-2] INFO  client.GrpcClientProtocolClient (GrpcClientProtocolClient.java:onNext(264)) - client-835E41B928D6->6dd5d97a-7455-476f-86d1-706748154c4a: receive RaftClientReply:client-835E41B928D6->6dd5d97a-7455-476f-86d1-706748154c4a@group-349356213E97, cid=3298, SUCCESS, logIndex=4968, commits[6dd5d97a-7455-476f-86d1-706748154c4a:c4969, 8c1a4ac2-2d71-4742-ab0b-89dcc95eb13f:c4965, c9d0001a-daad-4532-9e58-9f5f4a7ddd18:c4965]
2019-09-12 14:53:59,317 [grpc-default-executor-2] INFO  client.GrpcClientProtocolClient (GrpcClientProtocolClient.java:onNext(264)) - client-835E41B928D6->6dd5d97a-7455-476f-86d1-706748154c4a: receive RaftClientReply:client-835E41B928D6->6dd5d97a-7455-476f-86d1-706748154c4a@group-349356213E97, cid=3299, SUCCESS, logIndex=4969, commits[6dd5d97a-7455-476f-86d1-706748154c4a:c4969, 8c1a4ac2-2d71-4742-ab0b-89dcc95eb13f:c4965, c9d0001a-daad-4532-9e58-9f5f4a7ddd18:c4965]
2019-09-12 14:53:59,318 [grpc-default-executor-2] INFO  client.GrpcClientProtocolClient (GrpcClientProtocolClient.java:onNext(264)) - client-835E41B928D6->6dd5d97a-7455-476f-86d1-706748154c4a: receive RaftClientReply:client-835E41B928D6->6dd5d97a-7455-476f-86d1-706748154c4a@group-349356213E97, cid=3300, SUCCESS, logIndex=0, commits[6dd5d97a-7455-476f-86d1-706748154c4a:c4972, 8c1a4ac2-2d71-4742-ab0b-89dcc95eb13f:c4967, c9d0001a-daad-4532-9e58-9f5f4a7ddd18:c4968]
2019-09-12 14:53:59,337 [grpc-default-executor-5] INFO  client.GrpcClientProtocolClient (GrpcClientProtocolClient.java:onNext(264)) - client-835E41B928D6->6dd5d97a-7455-476f-86d1-706748154c4a: receive RaftClientReply:client-835E41B928D6->6dd5d97a-7455-476f-86d1-706748154c4a@group-349356213E97, cid=3301, SUCCESS, logIndex=4974, commits[6dd5d97a-7455-476f-86d1-706748154c4a:c4975, 8c1a4ac2-2d71-4742-ab0b-89dcc95eb13f:c4973, c9d0001a-daad-4532-9e58-9f5f4a7ddd18:c4973]
2019-09-12 14:53:59,337 [grpc-default-executor-5] INFO  client.GrpcClientProtocolClient (GrpcClientProtocolClient.java:onNext(264)) - client-835E41B928D6->6dd5d97a-7455-476f-86d1-706748154c4a: receive RaftClientReply:client-835E41B928D6->6dd5d97a-7455-476f-86d1-706748154c4a@group-349356213E97, cid=3302, SUCCESS, logIndex=4975, commits[6dd5d97a-7455-476f-86d1-706748154c4a:c4975, 8c1a4ac2-2d71-4742-ab0b-89dcc95eb13f:c4973, c9d0001a-daad-4532-9e58-9f5f4a7ddd18:c4973]
2019-09-12 14:53:59,350 [grpc-default-executor-5] INFO  client.GrpcClientProtocolClient (GrpcClientProtocolClient.java:onNext(264)) - client-835E41B928D6->6dd5d97a-7455-476f-86d1-706748154c4a: receive RaftClientReply:client-835E41B928D6->6dd5d97a-7455-476f-86d1-706748154c4a@group-349356213E97, cid=3303, SUCCESS, logIndex=4978, commits[6dd5d97a-7455-476f-86d1-706748154c4a:c4979, 8c1a4ac2-2d71-4742-ab0b-89dcc95eb13f:c4975, c9d0001a-daad-4532-9e58-9f5f4a7ddd18:c4975]
2019-09-12 14:53:59,350 [grpc-default-executor-5] INFO  client.GrpcClientProtocolClient (GrpcClientProtocolClient.java:onNext(264)) - client-835E41B928D6->6dd5d97a-7455-476f-86d1-706748154c4a: receive RaftClientReply:client-835E41B928D6->6dd5d97a-7455-476f-86d1-706748154c4a@group-349356213E97, cid=3304, SUCCESS, logIndex=4979, commits[6dd5d97a-7455-476f-86d1-706748154c4a:c4979, 8c1a4ac2-2d71-4742-ab0b-89dcc95eb13f:c4975, c9d0001a-daad-4532-9e58-9f5f4a7ddd18:c4975]
2019-09-12 14:53:59,364 [grpc-default-executor-5] INFO  client.GrpcClientProtocolClient (GrpcClientProtocolClient.java:onNext(264)) - client-835E41B928D6->6dd5d97a-7455-476f-86d1-706748154c4a: receive RaftClientReply:client-835E41B928D6->6dd5d97a-7455-476f-86d1-706748154c4a@group-349356213E97, cid=3305, SUCCESS, logIndex=0, commits[6dd5d97a-7455-476f-86d1-706748154c4a:c4980, 8c1a4ac2-2d71-4742-ab0b-89dcc95eb13f:c4979, c9d0001a-daad-4532-9e58-9f5f4a7ddd18:c4979]
2019-09-12 14:53:59,394 [grpc-default-executor-5] INFO  client.GrpcClientProtocolClient (GrpcClientProtocolClient.java:onNext(264)) - client-835E41B928D6->6dd5d97a-7455-476f-86d1-706748154c4a: receive RaftClientReply:client-835E41B928D6->6dd5d97a-7455-476f-86d1-706748154c4a@group-349356213E97, cid=3306, SUCCESS, logIndex=4982, commits[6dd5d97a-7455-476f-86d1-706748154c4a:c4983, 8c1a4ac2-2d71-4742-ab0b-89dcc95eb13f:c4981, c9d0001a-daad-4532-9e58-9f5f4a7ddd18:c4981]
2019-09-12 14:53:59,394 [grpc-default-executor-5] INFO  client.GrpcClientProtocolClient (GrpcClientProtocolClient.java:onNext(264)) - client-835E41B928D6->6dd5d97a-7455-476f-86d1-706748154c4a: receive RaftClientReply:client-835E41B928D6->6dd5d97a-7455-476f-86d1-706748154c4a@group-349356213E97, cid=3307, SUCCESS, logIndex=4983, commits[6dd5d97a-7455-476f-86d1-706748154c4a:c4985, 8c1a4ac2-2d71-4742-ab0b-89dcc95eb13f:c4981, c9d0001a-daad-4532-9e58-9f5f4a7ddd18:c4981]
2019-09-12 14:53:59,394 [grpc-default-executor-5] INFO  client.GrpcClientProtocolClient (GrpcClientProtocolClient.java:onNext(264)) - client-835E41B928D6->6dd5d97a-7455-476f-86d1-706748154c4a: receive RaftClientReply:client-835E41B928D6->6dd5d97a-7455-476f-86d1-706748154c4a@group-349356213E97, cid=3308, SUCCESS, logIndex=4984, commits[6dd5d97a-7455-476f-86d1-706748154c4a:c4985, 8c1a4ac2-2d71-4742-ab0b-89dcc95eb13f:c4981, c9d0001a-daad-4532-9e58-9f5f4a7ddd18:c4981]
2019-09-12 14:53:59,395 [grpc-default-executor-5] INFO  client.GrpcClientProtocolClient (GrpcClientProtocolClient.java:onNext(264)) - client-835E41B928D6->6dd5d97a-7455-476f-86d1-706748154c4a: receive RaftClientReply:client-835E41B928D6->6dd5d97a-7455-476f-86d1-706748154c4a@group-349356213E97, cid=3309, SUCCESS, logIndex=4985, commits[6dd5d97a-7455-476f-86d1-706748154c4a:c4985, 8c1a4ac2-2d71-4742-ab0b-89dcc95eb13f:c4981, c9d0001a-daad-4532-9e58-9f5f4a7ddd18:c4981]
2019-09-12 14:53:59,408 [grpc-default-executor-5] INFO  client.GrpcClientProtocolClient (GrpcClientProtocolClient.java:onNext(264)) - client-835E41B928D6->6dd5d97a-7455-476f-86d1-706748154c4a: receive RaftClientReply:client-835E41B928D6->6dd5d97a-7455-476f-86d1-706748154c4a@group-349356213E97, cid=3310, SUCCESS, logIndex=0, commits[6dd5d97a-7455-476f-86d1-706748154c4a:c4986, 8c1a4ac2-2d71-4742-ab0b-89dcc95eb13f:c4983, c9d0001a-daad-4532-9e58-9f5f4a7ddd18:c4983]
2019-09-12 14:53:59,426 [grpc-default-executor-2] INFO  client.GrpcClientProtocolClient (GrpcClientProtocolClient.java:onNext(264)) - client-835E41B928D6->6dd5d97a-7455-476f-86d1-706748154c4a: receive RaftClientReply:client-835E41B928D6->6dd5d97a-7455-476f-86d1-706748154c4a@group-349356213E97, cid=3311, SUCCESS, logIndex=4990, commits[6dd5d97a-7455-476f-86d1-706748154c4a:c4990, 8c1a4ac2-2d71-4742-ab0b-89dcc95eb13f:c4989, c9d0001a-daad-4532-9e58-9f5f4a7ddd18:c4989]
2019-09-12 14:53:59,426 [grpc-default-executor-2] INFO  client.GrpcClientProtocolClient (GrpcClientProtocolClient.java:onNext(264)) - client-835E41B928D6->6dd5d97a-7455-476f-86d1-706748154c4a: receive RaftClientReply:client-835E41B928D6->6dd5d97a-7455-476f-86d1-706748154c4a@group-349356213E97, cid=3312, SUCCESS, logIndex=4991, commits[6dd5d97a-7455-476f-86d1-706748154c4a:c4991, 8c1a4ac2-2d71-4742-ab0b-89dcc95eb13f:c4989, c9d0001a-daad-4532-9e58-9f5f4a7ddd18:c4989]
2019-09-12 14:53:59,444 [grpc-default-executor-5] INFO  client.GrpcClientProtocolClient (GrpcClientProtocolClient.java:onNext(264)) - client-835E41B928D6->6dd5d97a-7455-476f-86d1-706748154c4a: receive RaftClientReply:client-835E41B928D6->6dd5d97a-7455-476f-86d1-706748154c4a@group-349356213E97, cid=3313, SUCCESS, logIndex=4994, commits[6dd5d97a-7455-476f-86d1-706748154c4a:c4995, 8c1a4ac2-2d71-4742-ab0b-89dcc95eb13f:c4993, c9d0001a-daad-4532-9e58-9f5f4a7ddd18:c4993]
2019-09-12 14:53:59,444 [grpc-default-executor-5] INFO  client.GrpcClientProtocolClient (GrpcClientProtocolClient.java:onNext(264)) - client-835E41B928D6->6dd5d97a-7455-476f-86d1-706748154c4a: receive RaftClientReply:client-835E41B928D6->6dd5d97a-7455-476f-86d1-706748154c4a@group-349356213E97, cid=3314, SUCCESS, logIndex=4995, commits[6dd5d97a-7455-476f-86d1-706748154c4a:c4995, 8c1a4ac2-2d71-4742-ab0b-89dcc95eb13f:c4993, c9d0001a-daad-4532-9e58-9f5f4a7ddd18:c4993]
2019-09-12 14:53:59,458 [grpc-default-executor-5] INFO  client.GrpcClientProtocolClient (GrpcClientProtocolClient.java:onNext(264)) - client-835E41B928D6->6dd5d97a-7455-476f-86d1-706748154c4a: receive RaftClientReply:client-835E41B928D6->6dd5d97a-7455-476f-86d1-706748154c4a@group-349356213E97, cid=3315, SUCCESS, logIndex=0, commits[6dd5d97a-7455-476f-86d1-706748154c4a:c4996, 8c1a4ac2-2d71-4742-ab0b-89dcc95eb13f:c4995, c9d0001a-daad-4532-9e58-9f5f4a7ddd18:c4995]
2019-09-12 14:53:59,503 [grpc-default-executor-2] INFO  client.GrpcClientProtocolClient (GrpcClientProtocolClient.java:onNext(264)) - client-835E41B928D6->6dd5d97a-7455-476f-86d1-706748154c4a: receive RaftClientReply:client-835E41B928D6->6dd5d97a-7455-476f-86d1-706748154c4a@group-349356213E97, cid=3316, SUCCESS, logIndex=4998, commits[6dd5d97a-7455-476f-86d1-706748154c4a:c4999, 8c1a4ac2-2d71-4742-ab0b-89dcc95eb13f:c4997, c9d0001a-daad-4532-9e58-9f5f4a7ddd18:c4995]
2019-09-12 14:53:59,503 [grpc-default-executor-2] INFO  client.GrpcClientProtocolClient (GrpcClientProtocolClient.java:onNext(264)) - client-835E41B928D6->6dd5d97a-7455-476f-86d1-706748154c4a: receive RaftClientReply:client-835E41B928D6->6dd5d97a-7455-476f-86d1-706748154c4a@group-349356213E97, cid=3317, SUCCESS, logIndex=4999, commits[6dd5d97a-7455-476f-86d1-706748154c4a:c4999, 8c1a4ac2-2d71-4742-ab0b-89dcc95eb13f:c4997, c9d0001a-daad-4532-9e58-9f5f4a7ddd18:c4997]
2019-09-12 14:53:59,505 [grpc-default-executor-2] INFO  client.GrpcClientProtocolClient (GrpcClientProtocolClient.java:onNext(264)) - client-835E41B928D6->6dd5d97a-7455-476f-86d1-706748154c4a: receive RaftClientReply:client-835E41B928D6->6dd5d97a-7455-476f-86d1-706748154c4a@group-349356213E97, cid=3318, SUCCESS, logIndex=5000, commits[6dd5d97a-7455-476f-86d1-706748154c4a:c5001, 8c1a4ac2-2d71-4742-ab0b-89dcc95eb13f:c4997, c9d0001a-daad-4532-9e58-9f5f4a7ddd18:c4997]
2019-09-12 14:53:59,506 [grpc-default-executor-2] INFO  client.GrpcClientProtocolClient (GrpcClientProtocolClient.java:onNext(264)) - client-835E41B928D6->6dd5d97a-7455-476f-86d1-706748154c4a: receive RaftClientReply:client-835E41B928D6->6dd5d97a-7455-476f-86d1-706748154c4a@group-349356213E97, cid=3319, SUCCESS, logIndex=5001, commits[6dd5d97a-7455-476f-86d1-706748154c4a:c5001, 8c1a4ac2-2d71-4742-ab0b-89dcc95eb13f:c4997, c9d0001a-daad-4532-9e58-9f5f4a7ddd18:c4997]
2019-09-12 14:53:59,517 [grpc-default-executor-2] INFO  client.GrpcClientProtocolClient (GrpcClientProtocolClient.java:onNext(264)) - client-835E41B928D6->6dd5d97a-7455-476f-86d1-706748154c4a: receive RaftClientReply:client-835E41B928D6->6dd5d97a-7455-476f-86d1-706748154c4a@group-349356213E97, cid=3320, SUCCESS, logIndex=0, commits[6dd5d97a-7455-476f-86d1-706748154c4a:c5003, 8c1a4ac2-2d71-4742-ab0b-89dcc95eb13f:c4999, c9d0001a-daad-4532-9e58-9f5f4a7ddd18:c4999]
2019-09-12 14:53:59,536 [grpc-default-executor-5] INFO  client.GrpcClientProtocolClient (GrpcClientProtocolClient.java:onNext(264)) - client-835E41B928D6->6dd5d97a-7455-476f-86d1-706748154c4a: receive RaftClientReply:client-835E41B928D6->6dd5d97a-7455-476f-86d1-706748154c4a@group-349356213E97, cid=3321, SUCCESS, logIndex=5005, commits[6dd5d97a-7455-476f-86d1-706748154c4a:c5006, 8c1a4ac2-2d71-4742-ab0b-89dcc95eb13f:c5004, c9d0001a-daad-4532-9e58-9f5f4a7ddd18:c5004]
2019-09-12 14:53:59,537 [grpc-default-executor-5] INFO  client.GrpcClientProtocolClient (GrpcClientProtocolClient.java:onNext(264)) - client-835E41B928D6->6dd5d97a-7455-476f-86d1-706748154c4a: receive RaftClientReply:client-835E41B928D6->6dd5d97a-7455-476f-86d1-706748154c4a@group-349356213E97, cid=3322, SUCCESS, logIndex=5006, commits[6dd5d97a-7455-476f-86d1-706748154c4a:c5006, 8c1a4ac2-2d71-4742-ab0b-89dcc95eb13f:c5004, c9d0001a-daad-4532-9e58-9f5f4a7ddd18:c5004]
2019-09-12 14:53:59,552 [grpc-default-executor-2] INFO  client.GrpcClientProtocolClient (GrpcClientProtocolClient.java:onNext(264)) - client-835E41B928D6->6dd5d97a-7455-476f-86d1-706748154c4a: receive RaftClientReply:client-835E41B928D6->6dd5d97a-7455-476f-86d1-706748154c4a@group-349356213E97, cid=3323, SUCCESS, logIndex=5009, commits[6dd5d97a-7455-476f-86d1-706748154c4a:c5010, 8c1a4ac2-2d71-4742-ab0b-89dcc95eb13f:c5006, c9d0001a-daad-4532-9e58-9f5f4a7ddd18:c5006]
2019-09-12 14:53:59,552 [grpc-default-executor-2] INFO  client.GrpcClientProtocolClient (GrpcClientProtocolClient.java:onNext(264)) - client-835E41B928D6->6dd5d97a-7455-476f-86d1-706748154c4a: receive RaftClientReply:client-835E41B928D6->6dd5d97a-7455-476f-86d1-706748154c4a@group-349356213E97, cid=3324, SUCCESS, logIndex=5010, commits[6dd5d97a-7455-476f-86d1-706748154c4a:c5010, 8c1a4ac2-2d71-4742-ab0b-89dcc95eb13f:c5006, c9d0001a-daad-4532-9e58-9f5f4a7ddd18:c5006]
2019-09-12 14:53:59,564 [grpc-default-executor-2] INFO  client.GrpcClientProtocolClient (GrpcClientProtocolClient.java:onNext(264)) - client-835E41B928D6->6dd5d97a-7455-476f-86d1-706748154c4a: receive RaftClientReply:client-835E41B928D6->6dd5d97a-7455-476f-86d1-706748154c4a@group-349356213E97, cid=3325, SUCCESS, logIndex=0, commits[6dd5d97a-7455-476f-86d1-706748154c4a:c5011, 8c1a4ac2-2d71-4742-ab0b-89dcc95eb13f:c5010, c9d0001a-daad-4532-9e58-9f5f4a7ddd18:c5010]
2019-09-12 14:53:59,598 [grpc-default-executor-5] INFO  client.GrpcClientProtocolClient (GrpcClientProtocolClient.java:onNext(264)) - client-835E41B928D6->6dd5d97a-7455-476f-86d1-706748154c4a: receive RaftClientReply:client-835E41B928D6->6dd5d97a-7455-476f-86d1-706748154c4a@group-349356213E97, cid=3326, SUCCESS, logIndex=5013, commits[6dd5d97a-7455-476f-86d1-706748154c4a:c5013, 8c1a4ac2-2d71-4742-ab0b-89dcc95eb13f:c5012, c9d0001a-daad-4532-9e58-9f5f4a7ddd18:c5012]
2019-09-12 14:53:59,598 [grpc-default-executor-5] INFO  client.GrpcClientProtocolClient (GrpcClientProtocolClient.java:onNext(264)) - client-835E41B928D6->6dd5d97a-7455-476f-86d1-706748154c4a: receive RaftClientReply:client-835E41B928D6->6dd5d97a-7455-476f-86d1-706748154c4a@group-349356213E97, cid=3327, SUCCESS, logIndex=5014, commits[6dd5d97a-7455-476f-86d1-706748154c4a:c5014, 8c1a4ac2-2d71-4742-ab0b-89dcc95eb13f:c5012, c9d0001a-daad-4532-9e58-9f5f4a7ddd18:c5012]
2019-09-12 14:53:59,611 [grpc-default-executor-6] INFO  client.GrpcClientProtocolClient (GrpcClientProtocolClient.java:onNext(264)) - client-835E41B928D6->6dd5d97a-7455-476f-86d1-706748154c4a: receive RaftClientReply:client-835E41B928D6->6dd5d97a-7455-476f-86d1-706748154c4a@group-349356213E97, cid=3328, SUCCESS, logIndex=5015, commits[6dd5d97a-7455-476f-86d1-706748154c4a:c5016, 8c1a4ac2-2d71-4742-ab0b-89dcc95eb13f:c5012, c9d0001a-daad-4532-9e58-9f5f4a7ddd18:c5012]
2019-09-12 14:53:59,611 [grpc-default-executor-6] INFO  client.GrpcClientProtocolClient (GrpcClientProtocolClient.java:onNext(264)) - client-835E41B928D6->6dd5d97a-7455-476f-86d1-706748154c4a: receive RaftClientReply:client-835E41B928D6->6dd5d97a-7455-476f-86d1-706748154c4a@group-349356213E97, cid=3329, SUCCESS, logIndex=5016, commits[6dd5d97a-7455-476f-86d1-706748154c4a:c5016, 8c1a4ac2-2d71-4742-ab0b-89dcc95eb13f:c5012, c9d0001a-daad-4532-9e58-9f5f4a7ddd18:c5012]
 0.00% |█                                                                                                    |  0/1 Time: 0:00:272019-09-12 14:53:59,613 [grpc-default-executor-2] INFO  client.GrpcClientProtocolClient (GrpcClientProtocolClient.java:onNext(264)) - client-835E41B928D6->6dd5d97a-7455-476f-86d1-706748154c4a: receive RaftClientReply:client-835E41B928D6->6dd5d97a-7455-476f-86d1-706748154c4a@group-349356213E97, cid=3330, SUCCESS, logIndex=0, commits[6dd5d97a-7455-476f-86d1-706748154c4a:c5018, 8c1a4ac2-2d71-4742-ab0b-89dcc95eb13f:c5014, c9d0001a-daad-4532-9e58-9f5f4a7ddd18:c5014]
2019-09-12 14:53:59,627 [grpc-default-executor-2] INFO  client.GrpcClientProtocolClient (GrpcClientProtocolClient.java:onNext(264)) - client-835E41B928D6->6dd5d97a-7455-476f-86d1-706748154c4a: receive RaftClientReply:client-835E41B928D6->6dd5d97a-7455-476f-86d1-706748154c4a@group-349356213E97, cid=3331, SUCCESS, logIndex=5021, commits[6dd5d97a-7455-476f-86d1-706748154c4a:c5022, 8c1a4ac2-2d71-4742-ab0b-89dcc95eb13f:c5018, c9d0001a-daad-4532-9e58-9f5f4a7ddd18:c5016]
2019-09-12 14:53:59,627 [grpc-default-executor-2] INFO  client.GrpcClientProtocolClient (GrpcClientProtocolClient.java:onNext(264)) - client-835E41B928D6->6dd5d97a-7455-476f-86d1-706748154c4a: receive RaftClientReply:client-835E41B928D6->6dd5d97a-7455-476f-86d1-706748154c4a@group-349356213E97, cid=3332, SUCCESS, logIndex=5022, commits[6dd5d97a-7455-476f-86d1-706748154c4a:c5022, 8c1a4ac2-2d71-4742-ab0b-89dcc95eb13f:c5018, c9d0001a-daad-4532-9e58-9f5f4a7ddd18:c5018]
2019-09-12 14:53:59,641 [grpc-default-executor-5] INFO  client.GrpcClientProtocolClient (GrpcClientProtocolClient.java:onNext(264)) - client-835E41B928D6->6dd5d97a-7455-476f-86d1-706748154c4a: receive RaftClientReply:client-835E41B928D6->6dd5d97a-7455-476f-86d1-706748154c4a@group-349356213E97, cid=3333, SUCCESS, logIndex=5024, commits[6dd5d97a-7455-476f-86d1-706748154c4a:c5025, 8c1a4ac2-2d71-4742-ab0b-89dcc95eb13f:c5022, c9d0001a-daad-4532-9e58-9f5f4a7ddd18:c5022]
2019-09-12 14:53:59,642 [grpc-default-executor-5] INFO  client.GrpcClientProtocolClient (GrpcClientProtocolClient.java:onNext(264)) - client-835E41B928D6->6dd5d97a-7455-476f-86d1-706748154c4a: receive RaftClientReply:client-835E41B928D6->6dd5d97a-7455-476f-86d1-706748154c4a@group-349356213E97, cid=3334, SUCCESS, logIndex=5025, commits[6dd5d97a-7455-476f-86d1-706748154c4a:c5025, 8c1a4ac2-2d71-4742-ab0b-89dcc95eb13f:c5022, c9d0001a-daad-4532-9e58-9f5f4a7ddd18:c5022]
2019-09-12 14:53:59,656 [grpc-default-executor-6] INFO  client.GrpcClientProtocolClient (GrpcClientProtocolClient.java:onNext(264)) - client-835E41B928D6->6dd5d97a-7455-476f-86d1-706748154c4a: receive RaftClientReply:client-835E41B928D6->6dd5d97a-7455-476f-86d1-706748154c4a@group-349356213E97, cid=3335, SUCCESS, logIndex=0, commits[6dd5d97a-7455-476f-86d1-706748154c4a:c5027, 8c1a4ac2-2d71-4742-ab0b-89dcc95eb13f:c5025, c9d0001a-daad-4532-9e58-9f5f4a7ddd18:c5025]
2019-09-12 14:53:59,678 [grpc-default-executor-2] INFO  client.GrpcClientProtocolClient (GrpcClientProtocolClient.java:onNext(264)) - client-835E41B928D6->6dd5d97a-7455-476f-86d1-706748154c4a: receive RaftClientReply:client-835E41B928D6->6dd5d97a-7455-476f-86d1-706748154c4a@group-349356213E97, cid=3336, SUCCESS, logIndex=5028, commits[6dd5d97a-7455-476f-86d1-706748154c4a:c5029, 8c1a4ac2-2d71-4742-ab0b-89dcc95eb13f:c5027, c9d0001a-daad-4532-9e58-9f5f4a7ddd18:c5025]
2019-09-12 14:53:59,679 [grpc-default-executor-2] INFO  client.GrpcClientProtocolClient (GrpcClientProtocolClient.java:onNext(264)) - client-835E41B928D6->6dd5d97a-7455-476f-86d1-706748154c4a: receive RaftClientReply:client-835E41B928D6->6dd5d97a-7455-476f-86d1-706748154c4a@group-349356213E97, cid=3337, SUCCESS, logIndex=5029, commits[6dd5d97a-7455-476f-86d1-706748154c4a:c5029, 8c1a4ac2-2d71-4742-ab0b-89dcc95eb13f:c5027, c9d0001a-daad-4532-9e58-9f5f4a7ddd18:c5027]
2019-09-12 14:53:59,681 [grpc-default-executor-2] INFO  client.GrpcClientProtocolClient (GrpcClientProtocolClient.java:onNext(264)) - client-835E41B928D6->6dd5d97a-7455-476f-86d1-706748154c4a: receive RaftClientReply:client-835E41B928D6->6dd5d97a-7455-476f-86d1-706748154c4a@group-349356213E97, cid=3338, SUCCESS, logIndex=5030, commits[6dd5d97a-7455-476f-86d1-706748154c4a:c5031, 8c1a4ac2-2d71-4742-ab0b-89dcc95eb13f:c5029, c9d0001a-daad-4532-9e58-9f5f4a7ddd18:c5027]
2019-09-12 14:53:59,681 [grpc-default-executor-2] INFO  client.GrpcClientProtocolClient (GrpcClientProtocolClient.java:onNext(264)) - client-835E41B928D6->6dd5d97a-7455-476f-86d1-706748154c4a: receive RaftClientReply:client-835E41B928D6->6dd5d97a-7455-476f-86d1-706748154c4a@group-349356213E97, cid=3339, SUCCESS, logIndex=5031, commits[6dd5d97a-7455-476f-86d1-706748154c4a:c5033, 8c1a4ac2-2d71-4742-ab0b-89dcc95eb13f:c5029, c9d0001a-daad-4532-9e58-9f5f4a7ddd18:c5027]
2019-09-12 14:53:59,682 [grpc-default-executor-2] INFO  client.GrpcClientProtocolClient (GrpcClientProtocolClient.java:onNext(264)) - client-835E41B928D6->6dd5d97a-7455-476f-86d1-706748154c4a: receive RaftClientReply:client-835E41B928D6->6dd5d97a-7455-476f-86d1-706748154c4a@group-349356213E97, cid=3340, SUCCESS, logIndex=0, commits[6dd5d97a-7455-476f-86d1-706748154c4a:c5033, 8c1a4ac2-2d71-4742-ab0b-89dcc95eb13f:c5029, c9d0001a-daad-4532-9e58-9f5f4a7ddd18:c5029]
2019-09-12 14:53:59,693 [grpc-default-executor-2] INFO  client.GrpcClientProtocolClient (GrpcClientProtocolClient.java:onNext(264)) - client-835E41B928D6->6dd5d97a-7455-476f-86d1-706748154c4a: receive RaftClientReply:client-835E41B928D6->6dd5d97a-7455-476f-86d1-706748154c4a@group-349356213E97, cid=3341, SUCCESS, logIndex=5036, commits[6dd5d97a-7455-476f-86d1-706748154c4a:c5037, 8c1a4ac2-2d71-4742-ab0b-89dcc95eb13f:c5035, c9d0001a-daad-4532-9e58-9f5f4a7ddd18:c5031]
2019-09-12 14:53:59,694 [grpc-default-executor-2] INFO  client.GrpcClientProtocolClient (GrpcClientProtocolClient.java:onNext(264)) - client-835E41B928D6->6dd5d97a-7455-476f-86d1-706748154c4a: receive RaftClientReply:client-835E41B928D6->6dd5d97a-7455-476f-86d1-706748154c4a@group-349356213E97, cid=3342, SUCCESS, logIndex=5037, commits[6dd5d97a-7455-476f-86d1-706748154c4a:c5037, 8c1a4ac2-2d71-4742-ab0b-89dcc95eb13f:c5035, c9d0001a-daad-4532-9e58-9f5f4a7ddd18:c5035]
2019-09-12 14:53:59,703 [grpc-default-executor-2] INFO  client.GrpcClientProtocolClient (GrpcClientProtocolClient.java:onNext(264)) - client-835E41B928D6->6dd5d97a-7455-476f-86d1-706748154c4a: receive RaftClientReply:client-835E41B928D6->6dd5d97a-7455-476f-86d1-706748154c4a@group-349356213E97, cid=3343, SUCCESS, logIndex=5040, commits[6dd5d97a-7455-476f-86d1-706748154c4a:c5040, 8c1a4ac2-2d71-4742-ab0b-89dcc95eb13f:c5037, c9d0001a-daad-4532-9e58-9f5f4a7ddd18:c5039]
2019-09-12 14:53:59,703 [grpc-default-executor-2] INFO  client.GrpcClientProtocolClient (GrpcClientProtocolClient.java:onNext(264)) - client-835E41B928D6->6dd5d97a-7455-476f-86d1-706748154c4a: receive RaftClientReply:client-835E41B928D6->6dd5d97a-7455-476f-86d1-706748154c4a@group-349356213E97, cid=3344, SUCCESS, logIndex=5041, commits[6dd5d97a-7455-476f-86d1-706748154c4a:c5041, 8c1a4ac2-2d71-4742-ab0b-89dcc95eb13f:c5037, c9d0001a-daad-4532-9e58-9f5f4a7ddd18:c5039]
2019-09-12 14:53:59,706 [grpc-default-executor-2] INFO  client.GrpcClientProtocolClient (GrpcClientProtocolClient.java:onNext(264)) - client-835E41B928D6->6dd5d97a-7455-476f-86d1-706748154c4a: receive RaftClientReply:client-835E41B928D6->6dd5d97a-7455-476f-86d1-706748154c4a@group-349356213E97, cid=3345, SUCCESS, logIndex=0, commits[6dd5d97a-7455-476f-86d1-706748154c4a:c5042, 8c1a4ac2-2d71-4742-ab0b-89dcc95eb13f:c5041, c9d0001a-daad-4532-9e58-9f5f4a7ddd18:c5041]
2019-09-12 14:53:59,748 [grpc-default-executor-5] INFO  client.GrpcClientProtocolClient (GrpcClientProtocolClient.java:onNext(264)) - client-835E41B928D6->6dd5d97a-7455-476f-86d1-706748154c4a: receive RaftClientReply:client-835E41B928D6->6dd5d97a-7455-476f-86d1-706748154c4a@group-349356213E97, cid=3346, SUCCESS, logIndex=5044, commits[6dd5d97a-7455-476f-86d1-706748154c4a:c5046, 8c1a4ac2-2d71-4742-ab0b-89dcc95eb13f:c5043, c9d0001a-daad-4532-9e58-9f5f4a7ddd18:c5043]
2019-09-12 14:53:59,748 [grpc-default-executor-5] INFO  client.GrpcClientProtocolClient (GrpcClientProtocolClient.java:onNext(264)) - client-835E41B928D6->6dd5d97a-7455-476f-86d1-706748154c4a: receive RaftClientReply:client-835E41B928D6->6dd5d97a-7455-476f-86d1-706748154c4a@group-349356213E97, cid=3347, SUCCESS, logIndex=5045, commits[6dd5d97a-7455-476f-86d1-706748154c4a:c5047, 8c1a4ac2-2d71-4742-ab0b-89dcc95eb13f:c5043, c9d0001a-daad-4532-9e58-9f5f4a7ddd18:c5043]
2019-09-12 14:53:59,748 [grpc-default-executor-5] INFO  client.GrpcClientProtocolClient (GrpcClientProtocolClient.java:onNext(264)) - client-835E41B928D6->6dd5d97a-7455-476f-86d1-706748154c4a: receive RaftClientReply:client-835E41B928D6->6dd5d97a-7455-476f-86d1-706748154c4a@group-349356213E97, cid=3348, SUCCESS, logIndex=5046, commits[6dd5d97a-7455-476f-86d1-706748154c4a:c5047, 8c1a4ac2-2d71-4742-ab0b-89dcc95eb13f:c5043, c9d0001a-daad-4532-9e58-9f5f4a7ddd18:c5043]
2019-09-12 14:53:59,749 [grpc-default-executor-5] INFO  client.GrpcClientProtocolClient (GrpcClientProtocolClient.java:onNext(264)) - client-835E41B928D6->6dd5d97a-7455-476f-86d1-706748154c4a: receive RaftClientReply:client-835E41B928D6->6dd5d97a-7455-476f-86d1-706748154c4a@group-349356213E97, cid=3349, SUCCESS, logIndex=5047, commits[6dd5d97a-7455-476f-86d1-706748154c4a:c5047, 8c1a4ac2-2d71-4742-ab0b-89dcc95eb13f:c5043, c9d0001a-daad-4532-9e58-9f5f4a7ddd18:c5043]
2019-09-12 14:53:59,761 [grpc-default-executor-5] INFO  client.GrpcClientProtocolClient (GrpcClientProtocolClient.java:onNext(264)) - client-835E41B928D6->6dd5d97a-7455-476f-86d1-706748154c4a: receive RaftClientReply:client-835E41B928D6->6dd5d97a-7455-476f-86d1-706748154c4a@group-349356213E97, cid=3350, SUCCESS, logIndex=0, commits[6dd5d97a-7455-476f-86d1-706748154c4a:c5049, 8c1a4ac2-2d71-4742-ab0b-89dcc95eb13f:c5045, c9d0001a-daad-4532-9e58-9f5f4a7ddd18:c5045]
2019-09-12 14:53:59,779 [grpc-default-executor-5] INFO  client.GrpcClientProtocolClient (GrpcClientProtocolClient.java:onNext(264)) - client-835E41B928D6->6dd5d97a-7455-476f-86d1-706748154c4a: receive RaftClientReply:client-835E41B928D6->6dd5d97a-7455-476f-86d1-706748154c4a@group-349356213E97, cid=3351, SUCCESS, logIndex=5052, commits[6dd5d97a-7455-476f-86d1-706748154c4a:c5053, 8c1a4ac2-2d71-4742-ab0b-89dcc95eb13f:c5051, c9d0001a-daad-4532-9e58-9f5f4a7ddd18:c5051]
2019-09-12 14:53:59,779 [grpc-default-executor-5] INFO  client.GrpcClientProtocolClient (GrpcClientProtocolClient.java:onNext(264)) - client-835E41B928D6->6dd5d97a-7455-476f-86d1-706748154c4a: receive RaftClientReply:client-835E41B928D6->6dd5d97a-7455-476f-86d1-706748154c4a@group-349356213E97, cid=3352, SUCCESS, logIndex=5053, commits[6dd5d97a-7455-476f-86d1-706748154c4a:c5053, 8c1a4ac2-2d71-4742-ab0b-89dcc95eb13f:c5051, c9d0001a-daad-4532-9e58-9f5f4a7ddd18:c5051]
2019-09-12 14:53:59,794 [grpc-default-executor-2] INFO  client.GrpcClientProtocolClient (GrpcClientProtocolClient.java:onNext(264)) - client-835E41B928D6->6dd5d97a-7455-476f-86d1-706748154c4a: receive RaftClientReply:client-835E41B928D6->6dd5d97a-7455-476f-86d1-706748154c4a@group-349356213E97, cid=3353, SUCCESS, logIndex=5056, commits[6dd5d97a-7455-476f-86d1-706748154c4a:c5057, 8c1a4ac2-2d71-4742-ab0b-89dcc95eb13f:c5053, c9d0001a-daad-4532-9e58-9f5f4a7ddd18:c5053]
2019-09-12 14:53:59,795 [grpc-default-executor-2] INFO  client.GrpcClientProtocolClient (GrpcClientProtocolClient.java:onNext(264)) - client-835E41B928D6->6dd5d97a-7455-476f-86d1-706748154c4a: receive RaftClientReply:client-835E41B928D6->6dd5d97a-7455-476f-86d1-706748154c4a@group-349356213E97, cid=3354, SUCCESS, logIndex=5057, commits[6dd5d97a-7455-476f-86d1-706748154c4a:c5057, 8c1a4ac2-2d71-4742-ab0b-89dcc95eb13f:c5053, c9d0001a-daad-4532-9e58-9f5f4a7ddd18:c5053]
2019-09-12 14:53:59,806 [grpc-default-executor-7] INFO  client.GrpcClientProtocolClient (GrpcClientProtocolClient.java:onNext(264)) - client-835E41B928D6->6dd5d97a-7455-476f-86d1-706748154c4a: receive RaftClientReply:client-835E41B928D6->6dd5d97a-7455-476f-86d1-706748154c4a@group-349356213E97, cid=3355, SUCCESS, logIndex=0, commits[6dd5d97a-7455-476f-86d1-706748154c4a:c5057, 8c1a4ac2-2d71-4742-ab0b-89dcc95eb13f:c5057, c9d0001a-daad-4532-9e58-9f5f4a7ddd18:c5057]
2019-09-12 14:53:59,836 [grpc-default-executor-5] INFO  client.GrpcClientProtocolClient (GrpcClientProtocolClient.java:onNext(264)) - client-835E41B928D6->6dd5d97a-7455-476f-86d1-706748154c4a: receive RaftClientReply:client-835E41B928D6->6dd5d97a-7455-476f-86d1-706748154c4a@group-349356213E97, cid=3356, SUCCESS, logIndex=5060, commits[6dd5d97a-7455-476f-86d1-706748154c4a:c5061, 8c1a4ac2-2d71-4742-ab0b-89dcc95eb13f:c5059, c9d0001a-daad-4532-9e58-9f5f4a7ddd18:c5059]
2019-09-12 14:53:59,837 [grpc-default-executor-5] INFO  client.GrpcClientProtocolClient (GrpcClientProtocolClient.java:onNext(264)) - client-835E41B928D6->6dd5d97a-7455-476f-86d1-706748154c4a: receive RaftClientReply:client-835E41B928D6->6dd5d97a-7455-476f-86d1-706748154c4a@group-349356213E97, cid=3357, SUCCESS, logIndex=5061, commits[6dd5d97a-7455-476f-86d1-706748154c4a:c5061, 8c1a4ac2-2d71-4742-ab0b-89dcc95eb13f:c5059, c9d0001a-daad-4532-9e58-9f5f4a7ddd18:c5059]
2019-09-12 14:53:59,847 [grpc-default-executor-2] INFO  client.GrpcClientProtocolClient (GrpcClientProtocolClient.java:onNext(264)) - client-835E41B928D6->6dd5d97a-7455-476f-86d1-706748154c4a: receive RaftClientReply:client-835E41B928D6->6dd5d97a-7455-476f-86d1-706748154c4a@group-349356213E97, cid=3358, SUCCESS, logIndex=5062, commits[6dd5d97a-7455-476f-86d1-706748154c4a:c5063, 8c1a4ac2-2d71-4742-ab0b-89dcc95eb13f:c5059, c9d0001a-daad-4532-9e58-9f5f4a7ddd18:c5059]
2019-09-12 14:53:59,848 [grpc-default-executor-2] INFO  client.GrpcClientProtocolClient (GrpcClientProtocolClient.java:onNext(264)) - client-835E41B928D6->6dd5d97a-7455-476f-86d1-706748154c4a: receive RaftClientReply:client-835E41B928D6->6dd5d97a-7455-476f-86d1-706748154c4a@group-349356213E97, cid=3359, SUCCESS, logIndex=5063, commits[6dd5d97a-7455-476f-86d1-706748154c4a:c5063, 8c1a4ac2-2d71-4742-ab0b-89dcc95eb13f:c5059, c9d0001a-daad-4532-9e58-9f5f4a7ddd18:c5059]
2019-09-12 14:53:59,851 [grpc-default-executor-2] INFO  client.GrpcClientProtocolClient (GrpcClientProtocolClient.java:onNext(264)) - client-835E41B928D6->6dd5d97a-7455-476f-86d1-706748154c4a: receive RaftClientReply:client-835E41B928D6->6dd5d97a-7455-476f-86d1-706748154c4a@group-349356213E97, cid=3360, SUCCESS, logIndex=0, commits[6dd5d97a-7455-476f-86d1-706748154c4a:c5065, 8c1a4ac2-2d71-4742-ab0b-89dcc95eb13f:c5061, c9d0001a-daad-4532-9e58-9f5f4a7ddd18:c5061]
2019-09-12 14:53:59,862 [grpc-default-executor-2] INFO  client.GrpcClientProtocolClient (GrpcClientProtocolClient.java:onNext(264)) - client-835E41B928D6->6dd5d97a-7455-476f-86d1-706748154c4a: receive RaftClientReply:client-835E41B928D6->6dd5d97a-7455-476f-86d1-706748154c4a@group-349356213E97, cid=3361, SUCCESS, logIndex=5068, commits[6dd5d97a-7455-476f-86d1-706748154c4a:c5069, 8c1a4ac2-2d71-4742-ab0b-89dcc95eb13f:c5067, c9d0001a-daad-4532-9e58-9f5f4a7ddd18:c5063]
2019-09-12 14:53:59,862 [grpc-default-executor-2] INFO  client.GrpcClientProtocolClient (GrpcClientProtocolClient.java:onNext(264)) - client-835E41B928D6->6dd5d97a-7455-476f-86d1-706748154c4a: receive RaftClientReply:client-835E41B928D6->6dd5d97a-7455-476f-86d1-706748154c4a@group-349356213E97, cid=3362, SUCCESS, logIndex=5069, commits[6dd5d97a-7455-476f-86d1-706748154c4a:c5069, 8c1a4ac2-2d71-4742-ab0b-89dcc95eb13f:c5067, c9d0001a-daad-4532-9e58-9f5f4a7ddd18:c5067]
2019-09-12 14:53:59,881 [grpc-default-executor-7] INFO  client.GrpcClientProtocolClient (GrpcClientProtocolClient.java:onNext(264)) - client-835E41B928D6->6dd5d97a-7455-476f-86d1-706748154c4a: receive RaftClientReply:client-835E41B928D6->6dd5d97a-7455-476f-86d1-706748154c4a@group-349356213E97, cid=3363, SUCCESS, logIndex=5072, commits[6dd5d97a-7455-476f-86d1-706748154c4a:c5073, 8c1a4ac2-2d71-4742-ab0b-89dcc95eb13f:c5071, c9d0001a-daad-4532-9e58-9f5f4a7ddd18:c5071]
2019-09-12 14:53:59,881 [grpc-default-executor-7] INFO  client.GrpcClientProtocolClient (GrpcClientProtocolClient.java:onNext(264)) - client-835E41B928D6->6dd5d97a-7455-476f-86d1-706748154c4a: receive RaftClientReply:client-835E41B928D6->6dd5d97a-7455-476f-86d1-706748154c4a@group-349356213E97, cid=3364, SUCCESS, logIndex=5073, commits[6dd5d97a-7455-476f-86d1-706748154c4a:c5073, 8c1a4ac2-2d71-4742-ab0b-89dcc95eb13f:c5071, c9d0001a-daad-4532-9e58-9f5f4a7ddd18:c5071]
2019-09-12 14:53:59,895 [grpc-default-executor-2] INFO  client.GrpcClientProtocolClient (GrpcClientProtocolClient.java:onNext(264)) - client-835E41B928D6->6dd5d97a-7455-476f-86d1-706748154c4a: receive RaftClientReply:client-835E41B928D6->6dd5d97a-7455-476f-86d1-706748154c4a@group-349356213E97, cid=3365, SUCCESS, logIndex=0, commits[6dd5d97a-7455-476f-86d1-706748154c4a:c5075, 8c1a4ac2-2d71-4742-ab0b-89dcc95eb13f:c5073, c9d0001a-daad-4532-9e58-9f5f4a7ddd18:c5073]
2019-09-12 14:53:59,926 [grpc-default-executor-5] INFO  client.GrpcClientProtocolClient (GrpcClientProtocolClient.java:onNext(264)) - client-835E41B928D6->6dd5d97a-7455-476f-86d1-706748154c4a: receive RaftClientReply:client-835E41B928D6->6dd5d97a-7455-476f-86d1-706748154c4a@group-349356213E97, cid=3366, SUCCESS, logIndex=5076, commits[6dd5d97a-7455-476f-86d1-706748154c4a:c5077, 8c1a4ac2-2d71-4742-ab0b-89dcc95eb13f:c5075, c9d0001a-daad-4532-9e58-9f5f4a7ddd18:c5075]
2019-09-12 14:53:59,927 [grpc-default-executor-5] INFO  client.GrpcClientProtocolClient (GrpcClientProtocolClient.java:onNext(264)) - client-835E41B928D6->6dd5d97a-7455-476f-86d1-706748154c4a: receive RaftClientReply:client-835E41B928D6->6dd5d97a-7455-476f-86d1-706748154c4a@group-349356213E97, cid=3367, SUCCESS, logIndex=5077, commits[6dd5d97a-7455-476f-86d1-706748154c4a:c5077, 8c1a4ac2-2d71-4742-ab0b-89dcc95eb13f:c5075, c9d0001a-daad-4532-9e58-9f5f4a7ddd18:c5075]
2019-09-12 14:53:59,937 [grpc-default-executor-5] INFO  client.GrpcClientProtocolClient (GrpcClientProtocolClient.java:onNext(264)) - client-835E41B928D6->6dd5d97a-7455-476f-86d1-706748154c4a: receive RaftClientReply:client-835E41B928D6->6dd5d97a-7455-476f-86d1-706748154c4a@group-349356213E97, cid=3368, SUCCESS, logIndex=5078, commits[6dd5d97a-7455-476f-86d1-706748154c4a:c5079, 8c1a4ac2-2d71-4742-ab0b-89dcc95eb13f:c5075, c9d0001a-daad-4532-9e58-9f5f4a7ddd18:c5075]
2019-09-12 14:53:59,937 [grpc-default-executor-5] INFO  client.GrpcClientProtocolClient (GrpcClientProtocolClient.java:onNext(264)) - client-835E41B928D6->6dd5d97a-7455-476f-86d1-706748154c4a: receive RaftClientReply:client-835E41B928D6->6dd5d97a-7455-476f-86d1-706748154c4a@group-349356213E97, cid=3369, SUCCESS, logIndex=5079, commits[6dd5d97a-7455-476f-86d1-706748154c4a:c5079, 8c1a4ac2-2d71-4742-ab0b-89dcc95eb13f:c5075, c9d0001a-daad-4532-9e58-9f5f4a7ddd18:c5075]
2019-09-12 14:53:59,940 [grpc-default-executor-5] INFO  client.GrpcClientProtocolClient (GrpcClientProtocolClient.java:onNext(264)) - client-835E41B928D6->6dd5d97a-7455-476f-86d1-706748154c4a: receive RaftClientReply:client-835E41B928D6->6dd5d97a-7455-476f-86d1-706748154c4a@group-349356213E97, cid=3370, SUCCESS, logIndex=0, commits[6dd5d97a-7455-476f-86d1-706748154c4a:c5081, 8c1a4ac2-2d71-4742-ab0b-89dcc95eb13f:c5077, c9d0001a-daad-4532-9e58-9f5f4a7ddd18:c5077]
2019-09-12 14:53:59,959 [grpc-default-executor-2] INFO  client.GrpcClientProtocolClient (GrpcClientProtocolClient.java:onNext(264)) - client-835E41B928D6->6dd5d97a-7455-476f-86d1-706748154c4a: receive RaftClientReply:client-835E41B928D6->6dd5d97a-7455-476f-86d1-706748154c4a@group-349356213E97, cid=3371, SUCCESS, logIndex=5084, commits[6dd5d97a-7455-476f-86d1-706748154c4a:c5085, 8c1a4ac2-2d71-4742-ab0b-89dcc95eb13f:c5083, c9d0001a-daad-4532-9e58-9f5f4a7ddd18:c5083]
2019-09-12 14:53:59,959 [grpc-default-executor-2] INFO  client.GrpcClientProtocolClient (GrpcClientProtocolClient.java:onNext(264)) - client-835E41B928D6->6dd5d97a-7455-476f-86d1-706748154c4a: receive RaftClientReply:client-835E41B928D6->6dd5d97a-7455-476f-86d1-706748154c4a@group-349356213E97, cid=3372, SUCCESS, logIndex=5085, commits[6dd5d97a-7455-476f-86d1-706748154c4a:c5085, 8c1a4ac2-2d71-4742-ab0b-89dcc95eb13f:c5083, c9d0001a-daad-4532-9e58-9f5f4a7ddd18:c5083]
2019-09-12 14:53:59,971 [grpc-default-executor-2] INFO  client.GrpcClientProtocolClient (GrpcClientProtocolClient.java:onNext(264)) - client-835E41B928D6->6dd5d97a-7455-476f-86d1-706748154c4a: receive RaftClientReply:client-835E41B928D6->6dd5d97a-7455-476f-86d1-706748154c4a@group-349356213E97, cid=3373, SUCCESS, logIndex=5088, commits[6dd5d97a-7455-476f-86d1-706748154c4a:c5089, 8c1a4ac2-2d71-4742-ab0b-89dcc95eb13f:c5086, c9d0001a-daad-4532-9e58-9f5f4a7ddd18:c5086]
2019-09-12 14:53:59,971 [grpc-default-executor-2] INFO  client.GrpcClientProtocolClient (GrpcClientProtocolClient.java:onNext(264)) - client-835E41B928D6->6dd5d97a-7455-476f-86d1-706748154c4a: receive RaftClientReply:client-835E41B928D6->6dd5d97a-7455-476f-86d1-706748154c4a@group-349356213E97, cid=3374, SUCCESS, logIndex=5089, commits[6dd5d97a-7455-476f-86d1-706748154c4a:c5089, 8c1a4ac2-2d71-4742-ab0b-89dcc95eb13f:c5087, c9d0001a-daad-4532-9e58-9f5f4a7ddd18:c5086]
2019-09-12 14:53:59,974 [grpc-default-executor-2] INFO  client.GrpcClientProtocolClient (GrpcClientProtocolClient.java:onNext(264)) - client-835E41B928D6->6dd5d97a-7455-476f-86d1-706748154c4a: receive RaftClientReply:client-835E41B928D6->6dd5d97a-7455-476f-86d1-706748154c4a@group-349356213E97, cid=3375, SUCCESS, logIndex=0, commits[6dd5d97a-7455-476f-86d1-706748154c4a:c5090, 8c1a4ac2-2d71-4742-ab0b-89dcc95eb13f:c5089, c9d0001a-daad-4532-9e58-9f5f4a7ddd18:c5089]
2019-09-12 14:54:00,126 [grpc-default-executor-2] INFO  client.GrpcClientProtocolClient (GrpcClientProtocolClient.java:onNext(264)) - client-835E41B928D6->6dd5d97a-7455-476f-86d1-706748154c4a: receive RaftClientReply:client-835E41B928D6->6dd5d97a-7455-476f-86d1-706748154c4a@group-349356213E97, cid=3376, SUCCESS, logIndex=5092, commits[6dd5d97a-7455-476f-86d1-706748154c4a:c5093, 8c1a4ac2-2d71-4742-ab0b-89dcc95eb13f:c5091, c9d0001a-daad-4532-9e58-9f5f4a7ddd18:c5091]
2019-09-12 14:54:00,127 [grpc-default-executor-2] INFO  client.GrpcClientProtocolClient (GrpcClientProtocolClient.java:onNext(264)) - client-835E41B928D6->6dd5d97a-7455-476f-86d1-706748154c4a: receive RaftClientReply:client-835E41B928D6->6dd5d97a-7455-476f-86d1-706748154c4a@group-349356213E97, cid=3377, SUCCESS, logIndex=5093, commits[6dd5d97a-7455-476f-86d1-706748154c4a:c5093, 8c1a4ac2-2d71-4742-ab0b-89dcc95eb13f:c5091, c9d0001a-daad-4532-9e58-9f5f4a7ddd18:c5091]
2019-09-12 14:54:00,127 [grpc-default-executor-2] INFO  client.GrpcClientProtocolClient (GrpcClientProtocolClient.java:onNext(264)) - client-835E41B928D6->6dd5d97a-7455-476f-86d1-706748154c4a: receive RaftClientReply:client-835E41B928D6->6dd5d97a-7455-476f-86d1-706748154c4a@group-349356213E97, cid=3378, SUCCESS, logIndex=5094, commits[6dd5d97a-7455-476f-86d1-706748154c4a:c5095, 8c1a4ac2-2d71-4742-ab0b-89dcc95eb13f:c5091, c9d0001a-daad-4532-9e58-9f5f4a7ddd18:c5091]
2019-09-12 14:54:00,128 [grpc-default-executor-2] INFO  client.GrpcClientProtocolClient (GrpcClientProtocolClient.java:onNext(264)) - client-835E41B928D6->6dd5d97a-7455-476f-86d1-706748154c4a: receive RaftClientReply:client-835E41B928D6->6dd5d97a-7455-476f-86d1-706748154c4a@group-349356213E97, cid=3379, SUCCESS, logIndex=5095, commits[6dd5d97a-7455-476f-86d1-706748154c4a:c5095, 8c1a4ac2-2d71-4742-ab0b-89dcc95eb13f:c5091, c9d0001a-daad-4532-9e58-9f5f4a7ddd18:c5091]
2019-09-12 14:54:00,141 [grpc-default-executor-2] INFO  client.GrpcClientProtocolClient (GrpcClientProtocolClient.java:onNext(264)) - client-835E41B928D6->6dd5d97a-7455-476f-86d1-706748154c4a: receive RaftClientReply:client-835E41B928D6->6dd5d97a-7455-476f-86d1-706748154c4a@group-349356213E97, cid=3380, SUCCESS, logIndex=0, commits[6dd5d97a-7455-476f-86d1-706748154c4a:c5097, 8c1a4ac2-2d71-4742-ab0b-89dcc95eb13f:c5093, c9d0001a-daad-4532-9e58-9f5f4a7ddd18:c5093]
2019-09-12 14:54:00,160 [grpc-default-executor-7] INFO  client.GrpcClientProtocolClient (GrpcClientProtocolClient.java:onNext(264)) - client-835E41B928D6->6dd5d97a-7455-476f-86d1-706748154c4a: receive RaftClientReply:client-835E41B928D6->6dd5d97a-7455-476f-86d1-706748154c4a@group-349356213E97, cid=3381, SUCCESS, logIndex=5100, commits[6dd5d97a-7455-476f-86d1-706748154c4a:c5101, 8c1a4ac2-2d71-4742-ab0b-89dcc95eb13f:c5099, c9d0001a-daad-4532-9e58-9f5f4a7ddd18:c5099]
2019-09-12 14:54:00,160 [grpc-default-executor-7] INFO  client.GrpcClientProtocolClient (GrpcClientProtocolClient.java:onNext(264)) - client-835E41B928D6->6dd5d97a-7455-476f-86d1-706748154c4a: receive RaftClientReply:client-835E41B928D6->6dd5d97a-7455-476f-86d1-706748154c4a@group-349356213E97, cid=3382, SUCCESS, logIndex=5101, commits[6dd5d97a-7455-476f-86d1-706748154c4a:c5101, 8c1a4ac2-2d71-4742-ab0b-89dcc95eb13f:c5099, c9d0001a-daad-4532-9e58-9f5f4a7ddd18:c5099]
2019-09-12 14:54:00,174 [grpc-default-executor-2] INFO  client.GrpcClientProtocolClient (GrpcClientProtocolClient.java:onNext(264)) - client-835E41B928D6->6dd5d97a-7455-476f-86d1-706748154c4a: receive RaftClientReply:client-835E41B928D6->6dd5d97a-7455-476f-86d1-706748154c4a@group-349356213E97, cid=3383, SUCCESS, logIndex=5104, commits[6dd5d97a-7455-476f-86d1-706748154c4a:c5105, 8c1a4ac2-2d71-4742-ab0b-89dcc95eb13f:c5101, c9d0001a-daad-4532-9e58-9f5f4a7ddd18:c5101]
2019-09-12 14:54:00,175 [grpc-default-executor-2] INFO  client.GrpcClientProtocolClient (GrpcClientProtocolClient.java:onNext(264)) - client-835E41B928D6->6dd5d97a-7455-476f-86d1-706748154c4a: receive RaftClientReply:client-835E41B928D6->6dd5d97a-7455-476f-86d1-706748154c4a@group-349356213E97, cid=3384, SUCCESS, logIndex=5105, commits[6dd5d97a-7455-476f-86d1-706748154c4a:c5105, 8c1a4ac2-2d71-4742-ab0b-89dcc95eb13f:c5101, c9d0001a-daad-4532-9e58-9f5f4a7ddd18:c5101]
2019-09-12 14:54:00,189 [grpc-default-executor-2] INFO  client.GrpcClientProtocolClient (GrpcClientProtocolClient.java:onNext(264)) - client-835E41B928D6->6dd5d97a-7455-476f-86d1-706748154c4a: receive RaftClientReply:client-835E41B928D6->6dd5d97a-7455-476f-86d1-706748154c4a@group-349356213E97, cid=3385, SUCCESS, logIndex=0, commits[6dd5d97a-7455-476f-86d1-706748154c4a:c5107, 8c1a4ac2-2d71-4742-ab0b-89dcc95eb13f:c5105, c9d0001a-daad-4532-9e58-9f5f4a7ddd18:c5105]
2019-09-12 14:54:00,219 [grpc-default-executor-7] INFO  client.GrpcClientProtocolClient (GrpcClientProtocolClient.java:onNext(264)) - client-835E41B928D6->6dd5d97a-7455-476f-86d1-706748154c4a: receive RaftClientReply:client-835E41B928D6->6dd5d97a-7455-476f-86d1-706748154c4a@group-349356213E97, cid=3386, SUCCESS, logIndex=5108, commits[6dd5d97a-7455-476f-86d1-706748154c4a:c5110, 8c1a4ac2-2d71-4742-ab0b-89dcc95eb13f:c5107, c9d0001a-daad-4532-9e58-9f5f4a7ddd18:c5107]
2019-09-12 14:54:00,219 [grpc-default-executor-7] INFO  client.GrpcClientProtocolClient (GrpcClientProtocolClient.java:onNext(264)) - client-835E41B928D6->6dd5d97a-7455-476f-86d1-706748154c4a: receive RaftClientReply:client-835E41B928D6->6dd5d97a-7455-476f-86d1-706748154c4a@group-349356213E97, cid=3387, SUCCESS, logIndex=5109, commits[6dd5d97a-7455-476f-86d1-706748154c4a:c5111, 8c1a4ac2-2d71-4742-ab0b-89dcc95eb13f:c5107, c9d0001a-daad-4532-9e58-9f5f4a7ddd18:c5107]
2019-09-12 14:54:00,220 [grpc-default-executor-7] INFO  client.GrpcClientProtocolClient (GrpcClientProtocolClient.java:onNext(264)) - client-835E41B928D6->6dd5d97a-7455-476f-86d1-706748154c4a: receive RaftClientReply:client-835E41B928D6->6dd5d97a-7455-476f-86d1-706748154c4a@group-349356213E97, cid=3388, SUCCESS, logIndex=5110, commits[6dd5d97a-7455-476f-86d1-706748154c4a:c5111, 8c1a4ac2-2d71-4742-ab0b-89dcc95eb13f:c5107, c9d0001a-daad-4532-9e58-9f5f4a7ddd18:c5107]
2019-09-12 14:54:00,220 [grpc-default-executor-5] INFO  client.GrpcClientProtocolClient (GrpcClientProtocolClient.java:onNext(264)) - client-835E41B928D6->6dd5d97a-7455-476f-86d1-706748154c4a: receive RaftClientReply:client-835E41B928D6->6dd5d97a-7455-476f-86d1-706748154c4a@group-349356213E97, cid=3389, SUCCESS, logIndex=5111, commits[6dd5d97a-7455-476f-86d1-706748154c4a:c5111, 8c1a4ac2-2d71-4742-ab0b-89dcc95eb13f:c5107, c9d0001a-daad-4532-9e58-9f5f4a7ddd18:c5107]
2019-09-12 14:54:00,223 [grpc-default-executor-5] INFO  client.GrpcClientProtocolClient (GrpcClientProtocolClient.java:onNext(264)) - client-835E41B928D6->6dd5d97a-7455-476f-86d1-706748154c4a: receive RaftClientReply:client-835E41B928D6->6dd5d97a-7455-476f-86d1-706748154c4a@group-349356213E97, cid=3390, SUCCESS, logIndex=0, commits[6dd5d97a-7455-476f-86d1-706748154c4a:c5115, 8c1a4ac2-2d71-4742-ab0b-89dcc95eb13f:c5109, c9d0001a-daad-4532-9e58-9f5f4a7ddd18:c5111]
2019-09-12 14:54:00,242 [grpc-default-executor-5] INFO  client.GrpcClientProtocolClient (GrpcClientProtocolClient.java:onNext(264)) - client-835E41B928D6->6dd5d97a-7455-476f-86d1-706748154c4a: receive RaftClientReply:client-835E41B928D6->6dd5d97a-7455-476f-86d1-706748154c4a@group-349356213E97, cid=3391, SUCCESS, logIndex=5116, commits[6dd5d97a-7455-476f-86d1-706748154c4a:c5117, 8c1a4ac2-2d71-4742-ab0b-89dcc95eb13f:c5115, c9d0001a-daad-4532-9e58-9f5f4a7ddd18:c5115]
2019-09-12 14:54:00,243 [grpc-default-executor-5] INFO  client.GrpcClientProtocolClient (GrpcClientProtocolClient.java:onNext(264)) - client-835E41B928D6->6dd5d97a-7455-476f-86d1-706748154c4a: receive RaftClientReply:client-835E41B928D6->6dd5d97a-7455-476f-86d1-706748154c4a@group-349356213E97, cid=3392, SUCCESS, logIndex=5117, commits[6dd5d97a-7455-476f-86d1-706748154c4a:c5117, 8c1a4ac2-2d71-4742-ab0b-89dcc95eb13f:c5115, c9d0001a-daad-4532-9e58-9f5f4a7ddd18:c5115]
2019-09-12 14:54:00,270 [grpc-default-executor-5] INFO  client.GrpcClientProtocolClient (GrpcClientProtocolClient.java:onNext(264)) - client-835E41B928D6->6dd5d97a-7455-476f-86d1-706748154c4a: receive RaftClientReply:client-835E41B928D6->6dd5d97a-7455-476f-86d1-706748154c4a@group-349356213E97, cid=3393, SUCCESS, logIndex=5120, commits[6dd5d97a-7455-476f-86d1-706748154c4a:c5121, 8c1a4ac2-2d71-4742-ab0b-89dcc95eb13f:c5117, c9d0001a-daad-4532-9e58-9f5f4a7ddd18:c5117]
2019-09-12 14:54:00,270 [grpc-default-executor-5] INFO  client.GrpcClientProtocolClient (GrpcClientProtocolClient.java:onNext(264)) - client-835E41B928D6->6dd5d97a-7455-476f-86d1-706748154c4a: receive RaftClientReply:client-835E41B928D6->6dd5d97a-7455-476f-86d1-706748154c4a@group-349356213E97, cid=3394, SUCCESS, logIndex=5121, commits[6dd5d97a-7455-476f-86d1-706748154c4a:c5121, 8c1a4ac2-2d71-4742-ab0b-89dcc95eb13f:c5117, c9d0001a-daad-4532-9e58-9f5f4a7ddd18:c5117]
2019-09-12 14:54:00,296 [grpc-default-executor-5] INFO  client.GrpcClientProtocolClient (GrpcClientProtocolClient.java:onNext(264)) - client-835E41B928D6->6dd5d97a-7455-476f-86d1-706748154c4a: receive RaftClientReply:client-835E41B928D6->6dd5d97a-7455-476f-86d1-706748154c4a@group-349356213E97, cid=3395, SUCCESS, logIndex=0, commits[6dd5d97a-7455-476f-86d1-706748154c4a:c5123, 8c1a4ac2-2d71-4742-ab0b-89dcc95eb13f:c5121, c9d0001a-daad-4532-9e58-9f5f4a7ddd18:c5121]
2019-09-12 14:54:00,332 [grpc-default-executor-2] INFO  client.GrpcClientProtocolClient (GrpcClientProtocolClient.java:onNext(264)) - client-835E41B928D6->6dd5d97a-7455-476f-86d1-706748154c4a: receive RaftClientReply:client-835E41B928D6->6dd5d97a-7455-476f-86d1-706748154c4a@group-349356213E97, cid=3396, SUCCESS, logIndex=5124, commits[6dd5d97a-7455-476f-86d1-706748154c4a:c5125, 8c1a4ac2-2d71-4742-ab0b-89dcc95eb13f:c5121, c9d0001a-daad-4532-9e58-9f5f4a7ddd18:c5123]
2019-09-12 14:54:00,333 [grpc-default-executor-2] INFO  client.GrpcClientProtocolClient (GrpcClientProtocolClient.java:onNext(264)) - client-835E41B928D6->6dd5d97a-7455-476f-86d1-706748154c4a: receive RaftClientReply:client-835E41B928D6->6dd5d97a-7455-476f-86d1-706748154c4a@group-349356213E97, cid=3397, SUCCESS, logIndex=5125, commits[6dd5d97a-7455-476f-86d1-706748154c4a:c5125, 8c1a4ac2-2d71-4742-ab0b-89dcc95eb13f:c5121, c9d0001a-daad-4532-9e58-9f5f4a7ddd18:c5123]
2019-09-12 14:54:00,335 [grpc-default-executor-5] INFO  client.GrpcClientProtocolClient (GrpcClientProtocolClient.java:onNext(264)) - client-835E41B928D6->6dd5d97a-7455-476f-86d1-706748154c4a: receive RaftClientReply:client-835E41B928D6->6dd5d97a-7455-476f-86d1-706748154c4a@group-349356213E97, cid=3398, SUCCESS, logIndex=5126, commits[6dd5d97a-7455-476f-86d1-706748154c4a:c5127, 8c1a4ac2-2d71-4742-ab0b-89dcc95eb13f:c5123, c9d0001a-daad-4532-9e58-9f5f4a7ddd18:c5123]
2019-09-12 14:54:00,335 [grpc-default-executor-5] INFO  client.GrpcClientProtocolClient (GrpcClientProtocolClient.java:onNext(264)) - client-835E41B928D6->6dd5d97a-7455-476f-86d1-706748154c4a: receive RaftClientReply:client-835E41B928D6->6dd5d97a-7455-476f-86d1-706748154c4a@group-349356213E97, cid=3399, SUCCESS, logIndex=5127, commits[6dd5d97a-7455-476f-86d1-706748154c4a:c5127, 8c1a4ac2-2d71-4742-ab0b-89dcc95eb13f:c5123, c9d0001a-daad-4532-9e58-9f5f4a7ddd18:c5123]
2019-09-12 14:54:00,349 [grpc-default-executor-5] INFO  client.GrpcClientProtocolClient (GrpcClientProtocolClient.java:onNext(264)) - client-835E41B928D6->6dd5d97a-7455-476f-86d1-706748154c4a: receive RaftClientReply:client-835E41B928D6->6dd5d97a-7455-476f-86d1-706748154c4a@group-349356213E97, cid=3400, SUCCESS, logIndex=0, commits[6dd5d97a-7455-476f-86d1-706748154c4a:c5129, 8c1a4ac2-2d71-4742-ab0b-89dcc95eb13f:c5125, c9d0001a-daad-4532-9e58-9f5f4a7ddd18:c5125]
2019-09-12 14:54:00,362 [grpc-default-executor-5] INFO  client.GrpcClientProtocolClient (GrpcClientProtocolClient.java:onNext(264)) - client-835E41B928D6->6dd5d97a-7455-476f-86d1-706748154c4a: receive RaftClientReply:client-835E41B928D6->6dd5d97a-7455-476f-86d1-706748154c4a@group-349356213E97, cid=3401, SUCCESS, logIndex=5132, commits[6dd5d97a-7455-476f-86d1-706748154c4a:c5133, 8c1a4ac2-2d71-4742-ab0b-89dcc95eb13f:c5129, c9d0001a-daad-4532-9e58-9f5f4a7ddd18:c5127]
2019-09-12 14:54:00,362 [grpc-default-executor-5] INFO  client.GrpcClientProtocolClient (GrpcClientProtocolClient.java:onNext(264)) - client-835E41B928D6->6dd5d97a-7455-476f-86d1-706748154c4a: receive RaftClientReply:client-835E41B928D6->6dd5d97a-7455-476f-86d1-706748154c4a@group-349356213E97, cid=3402, SUCCESS, logIndex=5133, commits[6dd5d97a-7455-476f-86d1-706748154c4a:c5133, 8c1a4ac2-2d71-4742-ab0b-89dcc95eb13f:c5129, c9d0001a-daad-4532-9e58-9f5f4a7ddd18:c5129]
2019-09-12 14:54:00,377 [grpc-default-executor-2] INFO  client.GrpcClientProtocolClient (GrpcClientProtocolClient.java:onNext(264)) - client-835E41B928D6->6dd5d97a-7455-476f-86d1-706748154c4a: receive RaftClientReply:client-835E41B928D6->6dd5d97a-7455-476f-86d1-706748154c4a@group-349356213E97, cid=3403, SUCCESS, logIndex=5136, commits[6dd5d97a-7455-476f-86d1-706748154c4a:c5137, 8c1a4ac2-2d71-4742-ab0b-89dcc95eb13f:c5133, c9d0001a-daad-4532-9e58-9f5f4a7ddd18:c5135]
2019-09-12 14:54:00,377 [grpc-default-executor-2] INFO  client.GrpcClientProtocolClient (GrpcClientProtocolClient.java:onNext(264)) - client-835E41B928D6->6dd5d97a-7455-476f-86d1-706748154c4a: receive RaftClientReply:client-835E41B928D6->6dd5d97a-7455-476f-86d1-706748154c4a@group-349356213E97, cid=3404, SUCCESS, logIndex=5137, commits[6dd5d97a-7455-476f-86d1-706748154c4a:c5137, 8c1a4ac2-2d71-4742-ab0b-89dcc95eb13f:c5133, c9d0001a-daad-4532-9e58-9f5f4a7ddd18:c5135]
2019-09-12 14:54:00,401 [grpc-default-executor-2] INFO  client.GrpcClientProtocolClient (GrpcClientProtocolClient.java:onNext(264)) - client-835E41B928D6->6dd5d97a-7455-476f-86d1-706748154c4a: receive RaftClientReply:client-835E41B928D6->6dd5d97a-7455-476f-86d1-706748154c4a@group-349356213E97, cid=3405, SUCCESS, logIndex=0, commits[6dd5d97a-7455-476f-86d1-706748154c4a:c5139, 8c1a4ac2-2d71-4742-ab0b-89dcc95eb13f:c5137, c9d0001a-daad-4532-9e58-9f5f4a7ddd18:c5137]
2019-09-12 14:54:00,430 [grpc-default-executor-7] INFO  client.GrpcClientProtocolClient (GrpcClientProtocolClient.java:onNext(264)) - client-835E41B928D6->6dd5d97a-7455-476f-86d1-706748154c4a: receive RaftClientReply:client-835E41B928D6->6dd5d97a-7455-476f-86d1-706748154c4a@group-349356213E97, cid=3406, SUCCESS, logIndex=5140, commits[6dd5d97a-7455-476f-86d1-706748154c4a:c5141, 8c1a4ac2-2d71-4742-ab0b-89dcc95eb13f:c5139, c9d0001a-daad-4532-9e58-9f5f4a7ddd18:c5139]
2019-09-12 14:54:00,431 [grpc-default-executor-7] INFO  client.GrpcClientProtocolClient (GrpcClientProtocolClient.java:onNext(264)) - client-835E41B928D6->6dd5d97a-7455-476f-86d1-706748154c4a: receive RaftClientReply:client-835E41B928D6->6dd5d97a-7455-476f-86d1-706748154c4a@group-349356213E97, cid=3407, SUCCESS, logIndex=5141, commits[6dd5d97a-7455-476f-86d1-706748154c4a:c5141, 8c1a4ac2-2d71-4742-ab0b-89dcc95eb13f:c5139, c9d0001a-daad-4532-9e58-9f5f4a7ddd18:c5139]
2019-09-12 14:54:00,440 [grpc-default-executor-7] INFO  client.GrpcClientProtocolClient (GrpcClientProtocolClient.java:onNext(264)) - client-835E41B928D6->6dd5d97a-7455-476f-86d1-706748154c4a: receive RaftClientReply:client-835E41B928D6->6dd5d97a-7455-476f-86d1-706748154c4a@group-349356213E97, cid=3408, SUCCESS, logIndex=5142, commits[6dd5d97a-7455-476f-86d1-706748154c4a:c5143, 8c1a4ac2-2d71-4742-ab0b-89dcc95eb13f:c5139, c9d0001a-daad-4532-9e58-9f5f4a7ddd18:c5139]
2019-09-12 14:54:00,441 [grpc-default-executor-7] INFO  client.GrpcClientProtocolClient (GrpcClientProtocolClient.java:onNext(264)) - client-835E41B928D6->6dd5d97a-7455-476f-86d1-706748154c4a: receive RaftClientReply:client-835E41B928D6->6dd5d97a-7455-476f-86d1-706748154c4a@group-349356213E97, cid=3409, SUCCESS, logIndex=5143, commits[6dd5d97a-7455-476f-86d1-706748154c4a:c5143, 8c1a4ac2-2d71-4742-ab0b-89dcc95eb13f:c5139, c9d0001a-daad-4532-9e58-9f5f4a7ddd18:c5139]
2019-09-12 14:54:00,444 [grpc-default-executor-7] INFO  client.GrpcClientProtocolClient (GrpcClientProtocolClient.java:onNext(264)) - client-835E41B928D6->6dd5d97a-7455-476f-86d1-706748154c4a: receive RaftClientReply:client-835E41B928D6->6dd5d97a-7455-476f-86d1-706748154c4a@group-349356213E97, cid=3410, SUCCESS, logIndex=0, commits[6dd5d97a-7455-476f-86d1-706748154c4a:c5146, 8c1a4ac2-2d71-4742-ab0b-89dcc95eb13f:c5143, c9d0001a-daad-4532-9e58-9f5f4a7ddd18:c5141]
2019-09-12 14:54:00,464 [grpc-default-executor-2] INFO  client.GrpcClientProtocolClient (GrpcClientProtocolClient.java:onNext(264)) - client-835E41B928D6->6dd5d97a-7455-476f-86d1-706748154c4a: receive RaftClientReply:client-835E41B928D6->6dd5d97a-7455-476f-86d1-706748154c4a@group-349356213E97, cid=3411, SUCCESS, logIndex=5147, commits[6dd5d97a-7455-476f-86d1-706748154c4a:c5148, 8c1a4ac2-2d71-4742-ab0b-89dcc95eb13f:c5146, c9d0001a-daad-4532-9e58-9f5f4a7ddd18:c5146]
2019-09-12 14:54:00,464 [grpc-default-executor-2] INFO  client.GrpcClientProtocolClient (GrpcClientProtocolClient.java:onNext(264)) - client-835E41B928D6->6dd5d97a-7455-476f-86d1-706748154c4a: receive RaftClientReply:client-835E41B928D6->6dd5d97a-7455-476f-86d1-706748154c4a@group-349356213E97, cid=3412, SUCCESS, logIndex=5148, commits[6dd5d97a-7455-476f-86d1-706748154c4a:c5148, 8c1a4ac2-2d71-4742-ab0b-89dcc95eb13f:c5146, c9d0001a-daad-4532-9e58-9f5f4a7ddd18:c5146]
2019-09-12 14:54:00,490 [grpc-default-executor-2] INFO  client.GrpcClientProtocolClient (GrpcClientProtocolClient.java:onNext(264)) - client-835E41B928D6->6dd5d97a-7455-476f-86d1-706748154c4a: receive RaftClientReply:client-835E41B928D6->6dd5d97a-7455-476f-86d1-706748154c4a@group-349356213E97, cid=3413, SUCCESS, logIndex=5151, commits[6dd5d97a-7455-476f-86d1-706748154c4a:c5151, 8c1a4ac2-2d71-4742-ab0b-89dcc95eb13f:c5148, c9d0001a-daad-4532-9e58-9f5f4a7ddd18:c5148]
2019-09-12 14:54:00,490 [grpc-default-executor-2] INFO  client.GrpcClientProtocolClient (GrpcClientProtocolClient.java:onNext(264)) - client-835E41B928D6->6dd5d97a-7455-476f-86d1-706748154c4a: receive RaftClientReply:client-835E41B928D6->6dd5d97a-7455-476f-86d1-706748154c4a@group-349356213E97, cid=3414, SUCCESS, logIndex=5152, commits[6dd5d97a-7455-476f-86d1-706748154c4a:c5152, 8c1a4ac2-2d71-4742-ab0b-89dcc95eb13f:c5148, c9d0001a-daad-4532-9e58-9f5f4a7ddd18:c5148]
2019-09-12 14:54:00,495 [grpc-default-executor-2] INFO  client.GrpcClientProtocolClient (GrpcClientProtocolClient.java:onNext(264)) - client-835E41B928D6->6dd5d97a-7455-476f-86d1-706748154c4a: receive RaftClientReply:client-835E41B928D6->6dd5d97a-7455-476f-86d1-706748154c4a@group-349356213E97, cid=3415, SUCCESS, logIndex=0, commits[6dd5d97a-7455-476f-86d1-706748154c4a:c5154, 8c1a4ac2-2d71-4742-ab0b-89dcc95eb13f:c5152, c9d0001a-daad-4532-9e58-9f5f4a7ddd18:c5152]
2019-09-12 14:54:00,516 [grpc-default-executor-5] INFO  client.GrpcClientProtocolClient (GrpcClientProtocolClient.java:onNext(264)) - client-835E41B928D6->6dd5d97a-7455-476f-86d1-706748154c4a: receive RaftClientReply:client-835E41B928D6->6dd5d97a-7455-476f-86d1-706748154c4a@group-349356213E97, cid=3416, SUCCESS, logIndex=5155, commits[6dd5d97a-7455-476f-86d1-706748154c4a:c5158, 8c1a4ac2-2d71-4742-ab0b-89dcc95eb13f:c5154, c9d0001a-daad-4532-9e58-9f5f4a7ddd18:c5152]
2019-09-12 14:54:00,517 [grpc-default-executor-5] INFO  client.GrpcClientProtocolClient (GrpcClientProtocolClient.java:onNext(264)) - client-835E41B928D6->6dd5d97a-7455-476f-86d1-706748154c4a: receive RaftClientReply:client-835E41B928D6->6dd5d97a-7455-476f-86d1-706748154c4a@group-349356213E97, cid=3417, SUCCESS, logIndex=5156, commits[6dd5d97a-7455-476f-86d1-706748154c4a:c5158, 8c1a4ac2-2d71-4742-ab0b-89dcc95eb13f:c5154, c9d0001a-daad-4532-9e58-9f5f4a7ddd18:c5154]
2019-09-12 14:54:00,517 [grpc-default-executor-5] INFO  client.GrpcClientProtocolClient (GrpcClientProtocolClient.java:onNext(264)) - client-835E41B928D6->6dd5d97a-7455-476f-86d1-706748154c4a: receive RaftClientReply:client-835E41B928D6->6dd5d97a-7455-476f-86d1-706748154c4a@group-349356213E97, cid=3418, SUCCESS, logIndex=5157, commits[6dd5d97a-7455-476f-86d1-706748154c4a:c5158, 8c1a4ac2-2d71-4742-ab0b-89dcc95eb13f:c5154, c9d0001a-daad-4532-9e58-9f5f4a7ddd18:c5154]
2019-09-12 14:54:00,517 [grpc-default-executor-5] INFO  client.GrpcClientProtocolClient (GrpcClientProtocolClient.java:onNext(264)) - client-835E41B928D6->6dd5d97a-7455-476f-86d1-706748154c4a: receive RaftClientReply:client-835E41B928D6->6dd5d97a-7455-476f-86d1-706748154c4a@group-349356213E97, cid=3419, SUCCESS, logIndex=5158, commits[6dd5d97a-7455-476f-86d1-706748154c4a:c5159, 8c1a4ac2-2d71-4742-ab0b-89dcc95eb13f:c5155, c9d0001a-daad-4532-9e58-9f5f4a7ddd18:c5154]
2019-09-12 14:54:00,521 [grpc-default-executor-5] INFO  client.GrpcClientProtocolClient (GrpcClientProtocolClient.java:onNext(264)) - client-835E41B928D6->6dd5d97a-7455-476f-86d1-706748154c4a: receive RaftClientReply:client-835E41B928D6->6dd5d97a-7455-476f-86d1-706748154c4a@group-349356213E97, cid=3420, SUCCESS, logIndex=0, commits[6dd5d97a-7455-476f-86d1-706748154c4a:c5162, 8c1a4ac2-2d71-4742-ab0b-89dcc95eb13f:c5156, c9d0001a-daad-4532-9e58-9f5f4a7ddd18:c5158]
2019-09-12 14:54:00,531 [grpc-default-executor-5] INFO  client.GrpcClientProtocolClient (GrpcClientProtocolClient.java:onNext(264)) - client-835E41B928D6->6dd5d97a-7455-476f-86d1-706748154c4a: receive RaftClientReply:client-835E41B928D6->6dd5d97a-7455-476f-86d1-706748154c4a@group-349356213E97, cid=3421, SUCCESS, logIndex=5163, commits[6dd5d97a-7455-476f-86d1-706748154c4a:c5164, 8c1a4ac2-2d71-4742-ab0b-89dcc95eb13f:c5158, c9d0001a-daad-4532-9e58-9f5f4a7ddd18:c5162]
2019-09-12 14:54:00,532 [grpc-default-executor-5] INFO  client.GrpcClientProtocolClient (GrpcClientProtocolClient.java:onNext(264)) - client-835E41B928D6->6dd5d97a-7455-476f-86d1-706748154c4a: receive RaftClientReply:client-835E41B928D6->6dd5d97a-7455-476f-86d1-706748154c4a@group-349356213E97, cid=3422, SUCCESS, logIndex=5164, commits[6dd5d97a-7455-476f-86d1-706748154c4a:c5164, 8c1a4ac2-2d71-4742-ab0b-89dcc95eb13f:c5162, c9d0001a-daad-4532-9e58-9f5f4a7ddd18:c5162]
2019-09-12 14:54:00,559 [grpc-default-executor-5] INFO  client.GrpcClientProtocolClient (GrpcClientProtocolClient.java:onNext(264)) - client-835E41B928D6->6dd5d97a-7455-476f-86d1-706748154c4a: receive RaftClientReply:client-835E41B928D6->6dd5d97a-7455-476f-86d1-706748154c4a@group-349356213E97, cid=3423, SUCCESS, logIndex=5167, commits[6dd5d97a-7455-476f-86d1-706748154c4a:c5168, 8c1a4ac2-2d71-4742-ab0b-89dcc95eb13f:c5166, c9d0001a-daad-4532-9e58-9f5f4a7ddd18:c5166]
2019-09-12 14:54:00,560 [grpc-default-executor-5] INFO  client.GrpcClientProtocolClient (GrpcClientProtocolClient.java:onNext(264)) - client-835E41B928D6->6dd5d97a-7455-476f-86d1-706748154c4a: receive RaftClientReply:client-835E41B928D6->6dd5d97a-7455-476f-86d1-706748154c4a@group-349356213E97, cid=3424, SUCCESS, logIndex=5168, commits[6dd5d97a-7455-476f-86d1-706748154c4a:c5168, 8c1a4ac2-2d71-4742-ab0b-89dcc95eb13f:c5166, c9d0001a-daad-4532-9e58-9f5f4a7ddd18:c5166]
2019-09-12 14:54:00,571 [grpc-default-executor-7] INFO  client.GrpcClientProtocolClient (GrpcClientProtocolClient.java:onNext(264)) - client-835E41B928D6->6dd5d97a-7455-476f-86d1-706748154c4a: receive RaftClientReply:client-835E41B928D6->6dd5d97a-7455-476f-86d1-706748154c4a@group-349356213E97, cid=3425, SUCCESS, logIndex=0, commits[6dd5d97a-7455-476f-86d1-706748154c4a:c5169, 8c1a4ac2-2d71-4742-ab0b-89dcc95eb13f:c5168, c9d0001a-daad-4532-9e58-9f5f4a7ddd18:c5168]
 0.00% |█                                                                                                    |  0/1 Time: 0:00:282019-09-12 14:54:00,619 [grpc-default-executor-2] INFO  client.GrpcClientProtocolClient (GrpcClientProtocolClient.java:onNext(264)) - client-835E41B928D6->6dd5d97a-7455-476f-86d1-706748154c4a: receive RaftClientReply:client-835E41B928D6->6dd5d97a-7455-476f-86d1-706748154c4a@group-349356213E97, cid=3426, SUCCESS, logIndex=5171, commits[6dd5d97a-7455-476f-86d1-706748154c4a:c5172, 8c1a4ac2-2d71-4742-ab0b-89dcc95eb13f:c5170, c9d0001a-daad-4532-9e58-9f5f4a7ddd18:c5170]
2019-09-12 14:54:00,619 [grpc-default-executor-2] INFO  client.GrpcClientProtocolClient (GrpcClientProtocolClient.java:onNext(264)) - client-835E41B928D6->6dd5d97a-7455-476f-86d1-706748154c4a: receive RaftClientReply:client-835E41B928D6->6dd5d97a-7455-476f-86d1-706748154c4a@group-349356213E97, cid=3427, SUCCESS, logIndex=5172, commits[6dd5d97a-7455-476f-86d1-706748154c4a:c5172, 8c1a4ac2-2d71-4742-ab0b-89dcc95eb13f:c5170, c9d0001a-daad-4532-9e58-9f5f4a7ddd18:c5170]
2019-09-12 14:54:00,620 [grpc-default-executor-2] INFO  client.GrpcClientProtocolClient (GrpcClientProtocolClient.java:onNext(264)) - client-835E41B928D6->6dd5d97a-7455-476f-86d1-706748154c4a: receive RaftClientReply:client-835E41B928D6->6dd5d97a-7455-476f-86d1-706748154c4a@group-349356213E97, cid=3428, SUCCESS, logIndex=5173, commits[6dd5d97a-7455-476f-86d1-706748154c4a:c5174, 8c1a4ac2-2d71-4742-ab0b-89dcc95eb13f:c5170, c9d0001a-daad-4532-9e58-9f5f4a7ddd18:c5170]
2019-09-12 14:54:00,620 [grpc-default-executor-2] INFO  client.GrpcClientProtocolClient (GrpcClientProtocolClient.java:onNext(264)) - client-835E41B928D6->6dd5d97a-7455-476f-86d1-706748154c4a: receive RaftClientReply:client-835E41B928D6->6dd5d97a-7455-476f-86d1-706748154c4a@group-349356213E97, cid=3429, SUCCESS, logIndex=5174, commits[6dd5d97a-7455-476f-86d1-706748154c4a:c5174, 8c1a4ac2-2d71-4742-ab0b-89dcc95eb13f:c5170, c9d0001a-daad-4532-9e58-9f5f4a7ddd18:c5170]
2019-09-12 14:54:00,629 [grpc-default-executor-5] INFO  client.GrpcClientProtocolClient (GrpcClientProtocolClient.java:onNext(264)) - client-835E41B928D6->6dd5d97a-7455-476f-86d1-706748154c4a: receive RaftClientReply:client-835E41B928D6->6dd5d97a-7455-476f-86d1-706748154c4a@group-349356213E97, cid=3430, SUCCESS, logIndex=0, commits[6dd5d97a-7455-476f-86d1-706748154c4a:c5176, 8c1a4ac2-2d71-4742-ab0b-89dcc95eb13f:c5172, c9d0001a-daad-4532-9e58-9f5f4a7ddd18:c5172]
2019-09-12 14:54:00,648 [grpc-default-executor-5] INFO  client.GrpcClientProtocolClient (GrpcClientProtocolClient.java:onNext(264)) - client-835E41B928D6->6dd5d97a-7455-476f-86d1-706748154c4a: receive RaftClientReply:client-835E41B928D6->6dd5d97a-7455-476f-86d1-706748154c4a@group-349356213E97, cid=3431, SUCCESS, logIndex=5178, commits[6dd5d97a-7455-476f-86d1-706748154c4a:c5179, 8c1a4ac2-2d71-4742-ab0b-89dcc95eb13f:c5177, c9d0001a-daad-4532-9e58-9f5f4a7ddd18:c5177]
2019-09-12 14:54:00,648 [grpc-default-executor-5] INFO  client.GrpcClientProtocolClient (GrpcClientProtocolClient.java:onNext(264)) - client-835E41B928D6->6dd5d97a-7455-476f-86d1-706748154c4a: receive RaftClientReply:client-835E41B928D6->6dd5d97a-7455-476f-86d1-706748154c4a@group-349356213E97, cid=3432, SUCCESS, logIndex=5179, commits[6dd5d97a-7455-476f-86d1-706748154c4a:c5179, 8c1a4ac2-2d71-4742-ab0b-89dcc95eb13f:c5177, c9d0001a-daad-4532-9e58-9f5f4a7ddd18:c5177]
2019-09-12 14:54:00,661 [grpc-default-executor-7] INFO  client.GrpcClientProtocolClient (GrpcClientProtocolClient.java:onNext(264)) - client-835E41B928D6->6dd5d97a-7455-476f-86d1-706748154c4a: receive RaftClientReply:client-835E41B928D6->6dd5d97a-7455-476f-86d1-706748154c4a@group-349356213E97, cid=3433, SUCCESS, logIndex=5182, commits[6dd5d97a-7455-476f-86d1-706748154c4a:c5183, 8c1a4ac2-2d71-4742-ab0b-89dcc95eb13f:c5179, c9d0001a-daad-4532-9e58-9f5f4a7ddd18:c5179]
2019-09-12 14:54:00,661 [grpc-default-executor-7] INFO  client.GrpcClientProtocolClient (GrpcClientProtocolClient.java:onNext(264)) - client-835E41B928D6->6dd5d97a-7455-476f-86d1-706748154c4a: receive RaftClientReply:client-835E41B928D6->6dd5d97a-7455-476f-86d1-706748154c4a@group-349356213E97, cid=3434, SUCCESS, logIndex=5183, commits[6dd5d97a-7455-476f-86d1-706748154c4a:c5183, 8c1a4ac2-2d71-4742-ab0b-89dcc95eb13f:c5179, c9d0001a-daad-4532-9e58-9f5f4a7ddd18:c5179]
2019-09-12 14:54:00,687 [grpc-default-executor-7] INFO  client.GrpcClientProtocolClient (GrpcClientProtocolClient.java:onNext(264)) - client-835E41B928D6->6dd5d97a-7455-476f-86d1-706748154c4a: receive RaftClientReply:client-835E41B928D6->6dd5d97a-7455-476f-86d1-706748154c4a@group-349356213E97, cid=3435, SUCCESS, logIndex=0, commits[6dd5d97a-7455-476f-86d1-706748154c4a:c5185, 8c1a4ac2-2d71-4742-ab0b-89dcc95eb13f:c5183, c9d0001a-daad-4532-9e58-9f5f4a7ddd18:c5183]
2019-09-12 14:54:00,720 [grpc-default-executor-7] INFO  client.GrpcClientProtocolClient (GrpcClientProtocolClient.java:onNext(264)) - client-835E41B928D6->6dd5d97a-7455-476f-86d1-706748154c4a: receive RaftClientReply:client-835E41B928D6->6dd5d97a-7455-476f-86d1-706748154c4a@group-349356213E97, cid=3436, SUCCESS, logIndex=5186, commits[6dd5d97a-7455-476f-86d1-706748154c4a:c5187, 8c1a4ac2-2d71-4742-ab0b-89dcc95eb13f:c5185, c9d0001a-daad-4532-9e58-9f5f4a7ddd18:c5185]
2019-09-12 14:54:00,721 [grpc-default-executor-7] INFO  client.GrpcClientProtocolClient (GrpcClientProtocolClient.java:onNext(264)) - client-835E41B928D6->6dd5d97a-7455-476f-86d1-706748154c4a: receive RaftClientReply:client-835E41B928D6->6dd5d97a-7455-476f-86d1-706748154c4a@group-349356213E97, cid=3437, SUCCESS, logIndex=5187, commits[6dd5d97a-7455-476f-86d1-706748154c4a:c5189, 8c1a4ac2-2d71-4742-ab0b-89dcc95eb13f:c5185, c9d0001a-daad-4532-9e58-9f5f4a7ddd18:c5185]
2019-09-12 14:54:00,721 [grpc-default-executor-7] INFO  client.GrpcClientProtocolClient (GrpcClientProtocolClient.java:onNext(264)) - client-835E41B928D6->6dd5d97a-7455-476f-86d1-706748154c4a: receive RaftClientReply:client-835E41B928D6->6dd5d97a-7455-476f-86d1-706748154c4a@group-349356213E97, cid=3438, SUCCESS, logIndex=5188, commits[6dd5d97a-7455-476f-86d1-706748154c4a:c5189, 8c1a4ac2-2d71-4742-ab0b-89dcc95eb13f:c5185, c9d0001a-daad-4532-9e58-9f5f4a7ddd18:c5185]
2019-09-12 14:54:00,721 [grpc-default-executor-7] INFO  client.GrpcClientProtocolClient (GrpcClientProtocolClient.java:onNext(264)) - client-835E41B928D6->6dd5d97a-7455-476f-86d1-706748154c4a: receive RaftClientReply:client-835E41B928D6->6dd5d97a-7455-476f-86d1-706748154c4a@group-349356213E97, cid=3439, SUCCESS, logIndex=5189, commits[6dd5d97a-7455-476f-86d1-706748154c4a:c5189, 8c1a4ac2-2d71-4742-ab0b-89dcc95eb13f:c5185, c9d0001a-daad-4532-9e58-9f5f4a7ddd18:c5185]
2019-09-12 14:54:00,746 [grpc-default-executor-7] INFO  client.GrpcClientProtocolClient (GrpcClientProtocolClient.java:onNext(264)) - client-835E41B928D6->6dd5d97a-7455-476f-86d1-706748154c4a: receive RaftClientReply:client-835E41B928D6->6dd5d97a-7455-476f-86d1-706748154c4a@group-349356213E97, cid=3440, SUCCESS, logIndex=0, commits[6dd5d97a-7455-476f-86d1-706748154c4a:c5192, 8c1a4ac2-2d71-4742-ab0b-89dcc95eb13f:c5187, c9d0001a-daad-4532-9e58-9f5f4a7ddd18:c5189]
2019-09-12 14:54:00,766 [grpc-default-executor-7] INFO  client.GrpcClientProtocolClient (GrpcClientProtocolClient.java:onNext(264)) - client-835E41B928D6->6dd5d97a-7455-476f-86d1-706748154c4a: receive RaftClientReply:client-835E41B928D6->6dd5d97a-7455-476f-86d1-706748154c4a@group-349356213E97, cid=3441, SUCCESS, logIndex=5194, commits[6dd5d97a-7455-476f-86d1-706748154c4a:c5195, 8c1a4ac2-2d71-4742-ab0b-89dcc95eb13f:c5193, c9d0001a-daad-4532-9e58-9f5f4a7ddd18:c5193]
2019-09-12 14:54:00,766 [grpc-default-executor-7] INFO  client.GrpcClientProtocolClient (GrpcClientProtocolClient.java:onNext(264)) - client-835E41B928D6->6dd5d97a-7455-476f-86d1-706748154c4a: receive RaftClientReply:client-835E41B928D6->6dd5d97a-7455-476f-86d1-706748154c4a@group-349356213E97, cid=3442, SUCCESS, logIndex=5195, commits[6dd5d97a-7455-476f-86d1-706748154c4a:c5195, 8c1a4ac2-2d71-4742-ab0b-89dcc95eb13f:c5193, c9d0001a-daad-4532-9e58-9f5f4a7ddd18:c5193]
2019-09-12 14:54:00,783 [grpc-default-executor-7] INFO  client.GrpcClientProtocolClient (GrpcClientProtocolClient.java:onNext(264)) - client-835E41B928D6->6dd5d97a-7455-476f-86d1-706748154c4a: receive RaftClientReply:client-835E41B928D6->6dd5d97a-7455-476f-86d1-706748154c4a@group-349356213E97, cid=3443, SUCCESS, logIndex=5198, commits[6dd5d97a-7455-476f-86d1-706748154c4a:c5199, 8c1a4ac2-2d71-4742-ab0b-89dcc95eb13f:c5195, c9d0001a-daad-4532-9e58-9f5f4a7ddd18:c5195]
2019-09-12 14:54:00,783 [grpc-default-executor-7] INFO  client.GrpcClientProtocolClient (GrpcClientProtocolClient.java:onNext(264)) - client-835E41B928D6->6dd5d97a-7455-476f-86d1-706748154c4a: receive RaftClientReply:client-835E41B928D6->6dd5d97a-7455-476f-86d1-706748154c4a@group-349356213E97, cid=3444, SUCCESS, logIndex=5199, commits[6dd5d97a-7455-476f-86d1-706748154c4a:c5199, 8c1a4ac2-2d71-4742-ab0b-89dcc95eb13f:c5195, c9d0001a-daad-4532-9e58-9f5f4a7ddd18:c5195]
2019-09-12 14:54:00,794 [grpc-default-executor-7] INFO  client.GrpcClientProtocolClient (GrpcClientProtocolClient.java:onNext(264)) - client-835E41B928D6->6dd5d97a-7455-476f-86d1-706748154c4a: receive RaftClientReply:client-835E41B928D6->6dd5d97a-7455-476f-86d1-706748154c4a@group-349356213E97, cid=3445, SUCCESS, logIndex=0, commits[6dd5d97a-7455-476f-86d1-706748154c4a:c5201, 8c1a4ac2-2d71-4742-ab0b-89dcc95eb13f:c5199, c9d0001a-daad-4532-9e58-9f5f4a7ddd18:c5199]
2019-09-12 14:54:00,820 [grpc-default-executor-7] INFO  client.GrpcClientProtocolClient (GrpcClientProtocolClient.java:onNext(264)) - client-835E41B928D6->6dd5d97a-7455-476f-86d1-706748154c4a: receive RaftClientReply:client-835E41B928D6->6dd5d97a-7455-476f-86d1-706748154c4a@group-349356213E97, cid=3446, SUCCESS, logIndex=5202, commits[6dd5d97a-7455-476f-86d1-706748154c4a:c5203, 8c1a4ac2-2d71-4742-ab0b-89dcc95eb13f:c5201, c9d0001a-daad-4532-9e58-9f5f4a7ddd18:c5201]
2019-09-12 14:54:00,820 [grpc-default-executor-7] INFO  client.GrpcClientProtocolClient (GrpcClientProtocolClient.java:onNext(264)) - client-835E41B928D6->6dd5d97a-7455-476f-86d1-706748154c4a: receive RaftClientReply:client-835E41B928D6->6dd5d97a-7455-476f-86d1-706748154c4a@group-349356213E97, cid=3447, SUCCESS, logIndex=5203, commits[6dd5d97a-7455-476f-86d1-706748154c4a:c5205, 8c1a4ac2-2d71-4742-ab0b-89dcc95eb13f:c5201, c9d0001a-daad-4532-9e58-9f5f4a7ddd18:c5201]
2019-09-12 14:54:00,821 [grpc-default-executor-7] INFO  client.GrpcClientProtocolClient (GrpcClientProtocolClient.java:onNext(264)) - client-835E41B928D6->6dd5d97a-7455-476f-86d1-706748154c4a: receive RaftClientReply:client-835E41B928D6->6dd5d97a-7455-476f-86d1-706748154c4a@group-349356213E97, cid=3448, SUCCESS, logIndex=5204, commits[6dd5d97a-7455-476f-86d1-706748154c4a:c5205, 8c1a4ac2-2d71-4742-ab0b-89dcc95eb13f:c5201, c9d0001a-daad-4532-9e58-9f5f4a7ddd18:c5201]
2019-09-12 14:54:00,821 [grpc-default-executor-7] INFO  client.GrpcClientProtocolClient (GrpcClientProtocolClient.java:onNext(264)) - client-835E41B928D6->6dd5d97a-7455-476f-86d1-706748154c4a: receive RaftClientReply:client-835E41B928D6->6dd5d97a-7455-476f-86d1-706748154c4a@group-349356213E97, cid=3449, SUCCESS, logIndex=5205, commits[6dd5d97a-7455-476f-86d1-706748154c4a:c5205, 8c1a4ac2-2d71-4742-ab0b-89dcc95eb13f:c5201, c9d0001a-daad-4532-9e58-9f5f4a7ddd18:c5201]
2019-09-12 14:54:00,834 [grpc-default-executor-7] INFO  client.GrpcClientProtocolClient (GrpcClientProtocolClient.java:onNext(264)) - client-835E41B928D6->6dd5d97a-7455-476f-86d1-706748154c4a: receive RaftClientReply:client-835E41B928D6->6dd5d97a-7455-476f-86d1-706748154c4a@group-349356213E97, cid=3450, SUCCESS, logIndex=0, commits[6dd5d97a-7455-476f-86d1-706748154c4a:c5207, 8c1a4ac2-2d71-4742-ab0b-89dcc95eb13f:c5203, c9d0001a-daad-4532-9e58-9f5f4a7ddd18:c5203]
2019-09-12 14:54:00,852 [grpc-default-executor-5] INFO  client.GrpcClientProtocolClient (GrpcClientProtocolClient.java:onNext(264)) - client-835E41B928D6->6dd5d97a-7455-476f-86d1-706748154c4a: receive RaftClientReply:client-835E41B928D6->6dd5d97a-7455-476f-86d1-706748154c4a@group-349356213E97, cid=3451, SUCCESS, logIndex=5210, commits[6dd5d97a-7455-476f-86d1-706748154c4a:c5211, 8c1a4ac2-2d71-4742-ab0b-89dcc95eb13f:c5209, c9d0001a-daad-4532-9e58-9f5f4a7ddd18:c5209]
2019-09-12 14:54:00,853 [grpc-default-executor-5] INFO  client.GrpcClientProtocolClient (GrpcClientProtocolClient.java:onNext(264)) - client-835E41B928D6->6dd5d97a-7455-476f-86d1-706748154c4a: receive RaftClientReply:client-835E41B928D6->6dd5d97a-7455-476f-86d1-706748154c4a@group-349356213E97, cid=3452, SUCCESS, logIndex=5211, commits[6dd5d97a-7455-476f-86d1-706748154c4a:c5211, 8c1a4ac2-2d71-4742-ab0b-89dcc95eb13f:c5209, c9d0001a-daad-4532-9e58-9f5f4a7ddd18:c5209]
2019-09-12 14:54:00,878 [grpc-default-executor-5] INFO  client.GrpcClientProtocolClient (GrpcClientProtocolClient.java:onNext(264)) - client-835E41B928D6->6dd5d97a-7455-476f-86d1-706748154c4a: receive RaftClientReply:client-835E41B928D6->6dd5d97a-7455-476f-86d1-706748154c4a@group-349356213E97, cid=3453, SUCCESS, logIndex=5214, commits[6dd5d97a-7455-476f-86d1-706748154c4a:c5215, 8c1a4ac2-2d71-4742-ab0b-89dcc95eb13f:c5211, c9d0001a-daad-4532-9e58-9f5f4a7ddd18:c5211]
2019-09-12 14:54:00,879 [grpc-default-executor-5] INFO  client.GrpcClientProtocolClient (GrpcClientProtocolClient.java:onNext(264)) - client-835E41B928D6->6dd5d97a-7455-476f-86d1-706748154c4a: receive RaftClientReply:client-835E41B928D6->6dd5d97a-7455-476f-86d1-706748154c4a@group-349356213E97, cid=3454, SUCCESS, logIndex=5215, commits[6dd5d97a-7455-476f-86d1-706748154c4a:c5215, 8c1a4ac2-2d71-4742-ab0b-89dcc95eb13f:c5211, c9d0001a-daad-4532-9e58-9f5f4a7ddd18:c5211]
2019-09-12 14:54:00,906 [grpc-default-executor-5] INFO  client.GrpcClientProtocolClient (GrpcClientProtocolClient.java:onNext(264)) - client-835E41B928D6->6dd5d97a-7455-476f-86d1-706748154c4a: receive RaftClientReply:client-835E41B928D6->6dd5d97a-7455-476f-86d1-706748154c4a@group-349356213E97, cid=3455, SUCCESS, logIndex=0, commits[6dd5d97a-7455-476f-86d1-706748154c4a:c5216, 8c1a4ac2-2d71-4742-ab0b-89dcc95eb13f:c5215, c9d0001a-daad-4532-9e58-9f5f4a7ddd18:c5215]
2019-09-12 14:54:00,945 [grpc-default-executor-7] INFO  client.GrpcClientProtocolClient (GrpcClientProtocolClient.java:onNext(264)) - client-835E41B928D6->6dd5d97a-7455-476f-86d1-706748154c4a: receive RaftClientReply:client-835E41B928D6->6dd5d97a-7455-476f-86d1-706748154c4a@group-349356213E97, cid=3456, SUCCESS, logIndex=5218, commits[6dd5d97a-7455-476f-86d1-706748154c4a:c5221, 8c1a4ac2-2d71-4742-ab0b-89dcc95eb13f:c5217, c9d0001a-daad-4532-9e58-9f5f4a7ddd18:c5215]
2019-09-12 14:54:00,945 [grpc-default-executor-7] INFO  client.GrpcClientProtocolClient (GrpcClientProtocolClient.java:onNext(264)) - client-835E41B928D6->6dd5d97a-7455-476f-86d1-706748154c4a: receive RaftClientReply:client-835E41B928D6->6dd5d97a-7455-476f-86d1-706748154c4a@group-349356213E97, cid=3457, SUCCESS, logIndex=5219, commits[6dd5d97a-7455-476f-86d1-706748154c4a:c5221, 8c1a4ac2-2d71-4742-ab0b-89dcc95eb13f:c5217, c9d0001a-daad-4532-9e58-9f5f4a7ddd18:c5217]
2019-09-12 14:54:00,945 [grpc-default-executor-7] INFO  client.GrpcClientProtocolClient (GrpcClientProtocolClient.java:onNext(264)) - client-835E41B928D6->6dd5d97a-7455-476f-86d1-706748154c4a: receive RaftClientReply:client-835E41B928D6->6dd5d97a-7455-476f-86d1-706748154c4a@group-349356213E97, cid=3458, SUCCESS, logIndex=5220, commits[6dd5d97a-7455-476f-86d1-706748154c4a:c5221, 8c1a4ac2-2d71-4742-ab0b-89dcc95eb13f:c5217, c9d0001a-daad-4532-9e58-9f5f4a7ddd18:c5217]
2019-09-12 14:54:00,945 [grpc-default-executor-7] INFO  client.GrpcClientProtocolClient (GrpcClientProtocolClient.java:onNext(264)) - client-835E41B928D6->6dd5d97a-7455-476f-86d1-706748154c4a: receive RaftClientReply:client-835E41B928D6->6dd5d97a-7455-476f-86d1-706748154c4a@group-349356213E97, cid=3459, SUCCESS, logIndex=5221, commits[6dd5d97a-7455-476f-86d1-706748154c4a:c5221, 8c1a4ac2-2d71-4742-ab0b-89dcc95eb13f:c5217, c9d0001a-daad-4532-9e58-9f5f4a7ddd18:c5217]
2019-09-12 14:54:00,959 [grpc-default-executor-5] INFO  client.GrpcClientProtocolClient (GrpcClientProtocolClient.java:onNext(264)) - client-835E41B928D6->6dd5d97a-7455-476f-86d1-706748154c4a: receive RaftClientReply:client-835E41B928D6->6dd5d97a-7455-476f-86d1-706748154c4a@group-349356213E97, cid=3460, SUCCESS, logIndex=0, commits[6dd5d97a-7455-476f-86d1-706748154c4a:c5222, 8c1a4ac2-2d71-4742-ab0b-89dcc95eb13f:c5219, c9d0001a-daad-4532-9e58-9f5f4a7ddd18:c5219]
2019-09-12 14:54:00,982 [grpc-default-executor-5] INFO  client.GrpcClientProtocolClient (GrpcClientProtocolClient.java:onNext(264)) - client-835E41B928D6->6dd5d97a-7455-476f-86d1-706748154c4a: receive RaftClientReply:client-835E41B928D6->6dd5d97a-7455-476f-86d1-706748154c4a@group-349356213E97, cid=3461, SUCCESS, logIndex=5226, commits[6dd5d97a-7455-476f-86d1-706748154c4a:c5227, 8c1a4ac2-2d71-4742-ab0b-89dcc95eb13f:c5225, c9d0001a-daad-4532-9e58-9f5f4a7ddd18:c5225]
2019-09-12 14:54:00,982 [grpc-default-executor-5] INFO  client.GrpcClientProtocolClient (GrpcClientProtocolClient.java:onNext(264)) - client-835E41B928D6->6dd5d97a-7455-476f-86d1-706748154c4a: receive RaftClientReply:client-835E41B928D6->6dd5d97a-7455-476f-86d1-706748154c4a@group-349356213E97, cid=3462, SUCCESS, logIndex=5227, commits[6dd5d97a-7455-476f-86d1-706748154c4a:c5227, 8c1a4ac2-2d71-4742-ab0b-89dcc95eb13f:c5225, c9d0001a-daad-4532-9e58-9f5f4a7ddd18:c5225]
2019-09-12 14:54:01,161 [grpc-default-executor-5] INFO  client.GrpcClientProtocolClient (GrpcClientProtocolClient.java:onNext(264)) - client-835E41B928D6->6dd5d97a-7455-476f-86d1-706748154c4a: receive RaftClientReply:client-835E41B928D6->6dd5d97a-7455-476f-86d1-706748154c4a@group-349356213E97, cid=3463, SUCCESS, logIndex=5230, commits[6dd5d97a-7455-476f-86d1-706748154c4a:c5231, 8c1a4ac2-2d71-4742-ab0b-89dcc95eb13f:c5227, c9d0001a-daad-4532-9e58-9f5f4a7ddd18:c5227]
2019-09-12 14:54:01,161 [grpc-default-executor-5] INFO  client.GrpcClientProtocolClient (GrpcClientProtocolClient.java:onNext(264)) - client-835E41B928D6->6dd5d97a-7455-476f-86d1-706748154c4a: receive RaftClientReply:client-835E41B928D6->6dd5d97a-7455-476f-86d1-706748154c4a@group-349356213E97, cid=3464, SUCCESS, logIndex=5231, commits[6dd5d97a-7455-476f-86d1-706748154c4a:c5231, 8c1a4ac2-2d71-4742-ab0b-89dcc95eb13f:c5227, c9d0001a-daad-4532-9e58-9f5f4a7ddd18:c5227]
2019-09-12 14:54:01,167 [grpc-default-executor-5] INFO  client.GrpcClientProtocolClient (GrpcClientProtocolClient.java:onNext(264)) - client-835E41B928D6->6dd5d97a-7455-476f-86d1-706748154c4a: receive RaftClientReply:client-835E41B928D6->6dd5d97a-7455-476f-86d1-706748154c4a@group-349356213E97, cid=3465, SUCCESS, logIndex=0, commits[6dd5d97a-7455-476f-86d1-706748154c4a:c5233, 8c1a4ac2-2d71-4742-ab0b-89dcc95eb13f:c5231, c9d0001a-daad-4532-9e58-9f5f4a7ddd18:c5231]
2019-09-12 14:54:01,237 [grpc-default-executor-5] INFO  client.GrpcClientProtocolClient (GrpcClientProtocolClient.java:onNext(264)) - client-835E41B928D6->6dd5d97a-7455-476f-86d1-706748154c4a: receive RaftClientReply:client-835E41B928D6->6dd5d97a-7455-476f-86d1-706748154c4a@group-349356213E97, cid=3466, SUCCESS, logIndex=5234, commits[6dd5d97a-7455-476f-86d1-706748154c4a:c5234, 8c1a4ac2-2d71-4742-ab0b-89dcc95eb13f:c5233, c9d0001a-daad-4532-9e58-9f5f4a7ddd18:c5231]
2019-09-12 14:54:01,242 [grpc-default-executor-5] INFO  client.GrpcClientProtocolClient (GrpcClientProtocolClient.java:onNext(264)) - client-835E41B928D6->6dd5d97a-7455-476f-86d1-706748154c4a: receive RaftClientReply:client-835E41B928D6->6dd5d97a-7455-476f-86d1-706748154c4a@group-349356213E97, cid=3467, SUCCESS, logIndex=5235, commits[6dd5d97a-7455-476f-86d1-706748154c4a:c5236, 8c1a4ac2-2d71-4742-ab0b-89dcc95eb13f:c5233, c9d0001a-daad-4532-9e58-9f5f4a7ddd18:c5233]
2019-09-12 14:54:01,242 [grpc-default-executor-5] INFO  client.GrpcClientProtocolClient (GrpcClientProtocolClient.java:onNext(264)) - client-835E41B928D6->6dd5d97a-7455-476f-86d1-706748154c4a: receive RaftClientReply:client-835E41B928D6->6dd5d97a-7455-476f-86d1-706748154c4a@group-349356213E97, cid=3468, SUCCESS, logIndex=5236, commits[6dd5d97a-7455-476f-86d1-706748154c4a:c5237, 8c1a4ac2-2d71-4742-ab0b-89dcc95eb13f:c5233, c9d0001a-daad-4532-9e58-9f5f4a7ddd18:c5233]
2019-09-12 14:54:01,243 [grpc-default-executor-5] INFO  client.GrpcClientProtocolClient (GrpcClientProtocolClient.java:onNext(264)) - client-835E41B928D6->6dd5d97a-7455-476f-86d1-706748154c4a: receive RaftClientReply:client-835E41B928D6->6dd5d97a-7455-476f-86d1-706748154c4a@group-349356213E97, cid=3469, SUCCESS, logIndex=5237, commits[6dd5d97a-7455-476f-86d1-706748154c4a:c5237, 8c1a4ac2-2d71-4742-ab0b-89dcc95eb13f:c5233, c9d0001a-daad-4532-9e58-9f5f4a7ddd18:c5233]
2019-09-12 14:54:01,262 [grpc-default-executor-2] INFO  client.GrpcClientProtocolClient (GrpcClientProtocolClient.java:onNext(264)) - client-835E41B928D6->6dd5d97a-7455-476f-86d1-706748154c4a: receive RaftClientReply:client-835E41B928D6->6dd5d97a-7455-476f-86d1-706748154c4a@group-349356213E97, cid=3470, SUCCESS, logIndex=0, commits[6dd5d97a-7455-476f-86d1-706748154c4a:c5240, 8c1a4ac2-2d71-4742-ab0b-89dcc95eb13f:c5236, c9d0001a-daad-4532-9e58-9f5f4a7ddd18:c5236]
2019-09-12 14:54:01,274 [grpc-default-executor-5] INFO  client.GrpcClientProtocolClient (GrpcClientProtocolClient.java:onNext(264)) - client-835E41B928D6->6dd5d97a-7455-476f-86d1-706748154c4a: receive RaftClientReply:client-835E41B928D6->6dd5d97a-7455-476f-86d1-706748154c4a@group-349356213E97, cid=3471, SUCCESS, logIndex=5242, commits[6dd5d97a-7455-476f-86d1-706748154c4a:c5243, 8c1a4ac2-2d71-4742-ab0b-89dcc95eb13f:c5241, c9d0001a-daad-4532-9e58-9f5f4a7ddd18:c5237]
2019-09-12 14:54:01,275 [grpc-default-executor-5] INFO  client.GrpcClientProtocolClient (GrpcClientProtocolClient.java:onNext(264)) - client-835E41B928D6->6dd5d97a-7455-476f-86d1-706748154c4a: receive RaftClientReply:client-835E41B928D6->6dd5d97a-7455-476f-86d1-706748154c4a@group-349356213E97, cid=3472, SUCCESS, logIndex=5243, commits[6dd5d97a-7455-476f-86d1-706748154c4a:c5243, 8c1a4ac2-2d71-4742-ab0b-89dcc95eb13f:c5241, c9d0001a-daad-4532-9e58-9f5f4a7ddd18:c5237]
2019-09-12 14:54:01,286 [grpc-default-executor-2] INFO  client.GrpcClientProtocolClient (GrpcClientProtocolClient.java:onNext(264)) - client-835E41B928D6->6dd5d97a-7455-476f-86d1-706748154c4a: receive RaftClientReply:client-835E41B928D6->6dd5d97a-7455-476f-86d1-706748154c4a@group-349356213E97, cid=3473, SUCCESS, logIndex=5246, commits[6dd5d97a-7455-476f-86d1-706748154c4a:c5247, 8c1a4ac2-2d71-4742-ab0b-89dcc95eb13f:c5244, c9d0001a-daad-4532-9e58-9f5f4a7ddd18:c5244]
2019-09-12 14:54:01,286 [grpc-default-executor-2] INFO  client.GrpcClientProtocolClient (GrpcClientProtocolClient.java:onNext(264)) - client-835E41B928D6->6dd5d97a-7455-476f-86d1-706748154c4a: receive RaftClientReply:client-835E41B928D6->6dd5d97a-7455-476f-86d1-706748154c4a@group-349356213E97, cid=3474, SUCCESS, logIndex=5247, commits[6dd5d97a-7455-476f-86d1-706748154c4a:c5247, 8c1a4ac2-2d71-4742-ab0b-89dcc95eb13f:c5244, c9d0001a-daad-4532-9e58-9f5f4a7ddd18:c5244]
2019-09-12 14:54:01,288 [grpc-default-executor-2] INFO  client.GrpcClientProtocolClient (GrpcClientProtocolClient.java:onNext(264)) - client-835E41B928D6->6dd5d97a-7455-476f-86d1-706748154c4a: receive RaftClientReply:client-835E41B928D6->6dd5d97a-7455-476f-86d1-706748154c4a@group-349356213E97, cid=3475, SUCCESS, logIndex=0, commits[6dd5d97a-7455-476f-86d1-706748154c4a:c5248, 8c1a4ac2-2d71-4742-ab0b-89dcc95eb13f:c5247, c9d0001a-daad-4532-9e58-9f5f4a7ddd18:c5247]
2019-09-12 14:54:01,313 [grpc-default-executor-7] INFO  client.GrpcClientProtocolClient (GrpcClientProtocolClient.java:onNext(264)) - client-835E41B928D6->6dd5d97a-7455-476f-86d1-706748154c4a: receive RaftClientReply:client-835E41B928D6->6dd5d97a-7455-476f-86d1-706748154c4a@group-349356213E97, cid=3476, SUCCESS, logIndex=5249, commits[6dd5d97a-7455-476f-86d1-706748154c4a:c5250, 8c1a4ac2-2d71-4742-ab0b-89dcc95eb13f:c5248, c9d0001a-daad-4532-9e58-9f5f4a7ddd18:c5247]
2019-09-12 14:54:01,314 [grpc-default-executor-7] INFO  client.GrpcClientProtocolClient (GrpcClientProtocolClient.java:onNext(264)) - client-835E41B928D6->6dd5d97a-7455-476f-86d1-706748154c4a: receive RaftClientReply:client-835E41B928D6->6dd5d97a-7455-476f-86d1-706748154c4a@group-349356213E97, cid=3477, SUCCESS, logIndex=5250, commits[6dd5d97a-7455-476f-86d1-706748154c4a:c5250, 8c1a4ac2-2d71-4742-ab0b-89dcc95eb13f:c5248, c9d0001a-daad-4532-9e58-9f5f4a7ddd18:c5247]
2019-09-12 14:54:01,316 [grpc-default-executor-7] INFO  client.GrpcClientProtocolClient (GrpcClientProtocolClient.java:onNext(264)) - client-835E41B928D6->6dd5d97a-7455-476f-86d1-706748154c4a: receive RaftClientReply:client-835E41B928D6->6dd5d97a-7455-476f-86d1-706748154c4a@group-349356213E97, cid=3478, SUCCESS, logIndex=5251, commits[6dd5d97a-7455-476f-86d1-706748154c4a:c5252, 8c1a4ac2-2d71-4742-ab0b-89dcc95eb13f:c5248, c9d0001a-daad-4532-9e58-9f5f4a7ddd18:c5248]
2019-09-12 14:54:01,316 [grpc-default-executor-7] INFO  client.GrpcClientProtocolClient (GrpcClientProtocolClient.java:onNext(264)) - client-835E41B928D6->6dd5d97a-7455-476f-86d1-706748154c4a: receive RaftClientReply:client-835E41B928D6->6dd5d97a-7455-476f-86d1-706748154c4a@group-349356213E97, cid=3479, SUCCESS, logIndex=5252, commits[6dd5d97a-7455-476f-86d1-706748154c4a:c5252, 8c1a4ac2-2d71-4742-ab0b-89dcc95eb13f:c5248, c9d0001a-daad-4532-9e58-9f5f4a7ddd18:c5248]
2019-09-12 14:54:01,319 [grpc-default-executor-7] INFO  client.GrpcClientProtocolClient (GrpcClientProtocolClient.java:onNext(264)) - client-835E41B928D6->6dd5d97a-7455-476f-86d1-706748154c4a: receive RaftClientReply:client-835E41B928D6->6dd5d97a-7455-476f-86d1-706748154c4a@group-349356213E97, cid=3480, SUCCESS, logIndex=0, commits[6dd5d97a-7455-476f-86d1-706748154c4a:c5254, 8c1a4ac2-2d71-4742-ab0b-89dcc95eb13f:c5250, c9d0001a-daad-4532-9e58-9f5f4a7ddd18:c5250]
2019-09-12 14:54:01,330 [grpc-default-executor-7] INFO  client.GrpcClientProtocolClient (GrpcClientProtocolClient.java:onNext(264)) - client-835E41B928D6->6dd5d97a-7455-476f-86d1-706748154c4a: receive RaftClientReply:client-835E41B928D6->6dd5d97a-7455-476f-86d1-706748154c4a@group-349356213E97, cid=3481, SUCCESS, logIndex=5257, commits[6dd5d97a-7455-476f-86d1-706748154c4a:c5258, 8c1a4ac2-2d71-4742-ab0b-89dcc95eb13f:c5256, c9d0001a-daad-4532-9e58-9f5f4a7ddd18:c5252]
2019-09-12 14:54:01,330 [grpc-default-executor-7] INFO  client.GrpcClientProtocolClient (GrpcClientProtocolClient.java:onNext(264)) - client-835E41B928D6->6dd5d97a-7455-476f-86d1-706748154c4a: receive RaftClientReply:client-835E41B928D6->6dd5d97a-7455-476f-86d1-706748154c4a@group-349356213E97, cid=3482, SUCCESS, logIndex=5258, commits[6dd5d97a-7455-476f-86d1-706748154c4a:c5258, 8c1a4ac2-2d71-4742-ab0b-89dcc95eb13f:c5256, c9d0001a-daad-4532-9e58-9f5f4a7ddd18:c5256]
2019-09-12 14:54:01,342 [grpc-default-executor-7] INFO  client.GrpcClientProtocolClient (GrpcClientProtocolClient.java:onNext(264)) - client-835E41B928D6->6dd5d97a-7455-476f-86d1-706748154c4a: receive RaftClientReply:client-835E41B928D6->6dd5d97a-7455-476f-86d1-706748154c4a@group-349356213E97, cid=3483, SUCCESS, logIndex=5261, commits[6dd5d97a-7455-476f-86d1-706748154c4a:c5262, 8c1a4ac2-2d71-4742-ab0b-89dcc95eb13f:c5259, c9d0001a-daad-4532-9e58-9f5f4a7ddd18:c5258]
2019-09-12 14:54:01,342 [grpc-default-executor-7] INFO  client.GrpcClientProtocolClient (GrpcClientProtocolClient.java:onNext(264)) - client-835E41B928D6->6dd5d97a-7455-476f-86d1-706748154c4a: receive RaftClientReply:client-835E41B928D6->6dd5d97a-7455-476f-86d1-706748154c4a@group-349356213E97, cid=3484, SUCCESS, logIndex=5262, commits[6dd5d97a-7455-476f-86d1-706748154c4a:c5262, 8c1a4ac2-2d71-4742-ab0b-89dcc95eb13f:c5259, c9d0001a-daad-4532-9e58-9f5f4a7ddd18:c5258]
2019-09-12 14:54:01,347 [grpc-default-executor-7] INFO  client.GrpcClientProtocolClient (GrpcClientProtocolClient.java:onNext(264)) - client-835E41B928D6->6dd5d97a-7455-476f-86d1-706748154c4a: receive RaftClientReply:client-835E41B928D6->6dd5d97a-7455-476f-86d1-706748154c4a@group-349356213E97, cid=3485, SUCCESS, logIndex=0, commits[6dd5d97a-7455-476f-86d1-706748154c4a:c5264, 8c1a4ac2-2d71-4742-ab0b-89dcc95eb13f:c5262, c9d0001a-daad-4532-9e58-9f5f4a7ddd18:c5262]
2019-09-12 14:54:01,373 [grpc-default-executor-2] INFO  client.GrpcClientProtocolClient (GrpcClientProtocolClient.java:onNext(264)) - client-835E41B928D6->6dd5d97a-7455-476f-86d1-706748154c4a: receive RaftClientReply:client-835E41B928D6->6dd5d97a-7455-476f-86d1-706748154c4a@group-349356213E97, cid=3486, SUCCESS, logIndex=5265, commits[6dd5d97a-7455-476f-86d1-706748154c4a:c5268, 8c1a4ac2-2d71-4742-ab0b-89dcc95eb13f:c5264, c9d0001a-daad-4532-9e58-9f5f4a7ddd18:c5262]
2019-09-12 14:54:01,373 [grpc-default-executor-5] INFO  client.GrpcClientProtocolClient (GrpcClientProtocolClient.java:onNext(264)) - client-835E41B928D6->6dd5d97a-7455-476f-86d1-706748154c4a: receive RaftClientReply:client-835E41B928D6->6dd5d97a-7455-476f-86d1-706748154c4a@group-349356213E97, cid=3487, SUCCESS, logIndex=5266, commits[6dd5d97a-7455-476f-86d1-706748154c4a:c5268, 8c1a4ac2-2d71-4742-ab0b-89dcc95eb13f:c5264, c9d0001a-daad-4532-9e58-9f5f4a7ddd18:c5264]
2019-09-12 14:54:01,374 [grpc-default-executor-5] INFO  client.GrpcClientProtocolClient (GrpcClientProtocolClient.java:onNext(264)) - client-835E41B928D6->6dd5d97a-7455-476f-86d1-706748154c4a: receive RaftClientReply:client-835E41B928D6->6dd5d97a-7455-476f-86d1-706748154c4a@group-349356213E97, cid=3488, SUCCESS, logIndex=5267, commits[6dd5d97a-7455-476f-86d1-706748154c4a:c5268, 8c1a4ac2-2d71-4742-ab0b-89dcc95eb13f:c5264, c9d0001a-daad-4532-9e58-9f5f4a7ddd18:c5264]
2019-09-12 14:54:01,374 [grpc-default-executor-5] INFO  client.GrpcClientProtocolClient (GrpcClientProtocolClient.java:onNext(264)) - client-835E41B928D6->6dd5d97a-7455-476f-86d1-706748154c4a: receive RaftClientReply:client-835E41B928D6->6dd5d97a-7455-476f-86d1-706748154c4a@group-349356213E97, cid=3489, SUCCESS, logIndex=5268, commits[6dd5d97a-7455-476f-86d1-706748154c4a:c5269, 8c1a4ac2-2d71-4742-ab0b-89dcc95eb13f:c5265, c9d0001a-daad-4532-9e58-9f5f4a7ddd18:c5264]
2019-09-12 14:54:01,377 [grpc-default-executor-5] INFO  client.GrpcClientProtocolClient (GrpcClientProtocolClient.java:onNext(264)) - client-835E41B928D6->6dd5d97a-7455-476f-86d1-706748154c4a: receive RaftClientReply:client-835E41B928D6->6dd5d97a-7455-476f-86d1-706748154c4a@group-349356213E97, cid=3490, SUCCESS, logIndex=0, commits[6dd5d97a-7455-476f-86d1-706748154c4a:c5271, 8c1a4ac2-2d71-4742-ab0b-89dcc95eb13f:c5267, c9d0001a-daad-4532-9e58-9f5f4a7ddd18:c5268]
2019-09-12 14:54:01,389 [grpc-default-executor-2] INFO  client.GrpcClientProtocolClient (GrpcClientProtocolClient.java:onNext(264)) - client-835E41B928D6->6dd5d97a-7455-476f-86d1-706748154c4a: receive RaftClientReply:client-835E41B928D6->6dd5d97a-7455-476f-86d1-706748154c4a@group-349356213E97, cid=3491, SUCCESS, logIndex=5272, commits[6dd5d97a-7455-476f-86d1-706748154c4a:c5273, 8c1a4ac2-2d71-4742-ab0b-89dcc95eb13f:c5271, c9d0001a-daad-4532-9e58-9f5f4a7ddd18:c5268]
2019-09-12 14:54:01,389 [grpc-default-executor-2] INFO  client.GrpcClientProtocolClient (GrpcClientProtocolClient.java:onNext(264)) - client-835E41B928D6->6dd5d97a-7455-476f-86d1-706748154c4a: receive RaftClientReply:client-835E41B928D6->6dd5d97a-7455-476f-86d1-706748154c4a@group-349356213E97, cid=3492, SUCCESS, logIndex=5273, commits[6dd5d97a-7455-476f-86d1-706748154c4a:c5273, 8c1a4ac2-2d71-4742-ab0b-89dcc95eb13f:c5271, c9d0001a-daad-4532-9e58-9f5f4a7ddd18:c5271]
2019-09-12 14:54:01,400 [grpc-default-executor-2] INFO  client.GrpcClientProtocolClient (GrpcClientProtocolClient.java:onNext(264)) - client-835E41B928D6->6dd5d97a-7455-476f-86d1-706748154c4a: receive RaftClientReply:client-835E41B928D6->6dd5d97a-7455-476f-86d1-706748154c4a@group-349356213E97, cid=3493, SUCCESS, logIndex=5276, commits[6dd5d97a-7455-476f-86d1-706748154c4a:c5277, 8c1a4ac2-2d71-4742-ab0b-89dcc95eb13f:c5274, c9d0001a-daad-4532-9e58-9f5f4a7ddd18:c5273]
2019-09-12 14:54:01,400 [grpc-default-executor-2] INFO  client.GrpcClientProtocolClient (GrpcClientProtocolClient.java:onNext(264)) - client-835E41B928D6->6dd5d97a-7455-476f-86d1-706748154c4a: receive RaftClientReply:client-835E41B928D6->6dd5d97a-7455-476f-86d1-706748154c4a@group-349356213E97, cid=3494, SUCCESS, logIndex=5277, commits[6dd5d97a-7455-476f-86d1-706748154c4a:c5277, 8c1a4ac2-2d71-4742-ab0b-89dcc95eb13f:c5274, c9d0001a-daad-4532-9e58-9f5f4a7ddd18:c5274]
2019-09-12 14:54:01,403 [grpc-default-executor-2] INFO  client.GrpcClientProtocolClient (GrpcClientProtocolClient.java:onNext(264)) - client-835E41B928D6->6dd5d97a-7455-476f-86d1-706748154c4a: receive RaftClientReply:client-835E41B928D6->6dd5d97a-7455-476f-86d1-706748154c4a@group-349356213E97, cid=3495, SUCCESS, logIndex=0, commits[6dd5d97a-7455-476f-86d1-706748154c4a:c5279, 8c1a4ac2-2d71-4742-ab0b-89dcc95eb13f:c5277, c9d0001a-daad-4532-9e58-9f5f4a7ddd18:c5277]
2019-09-12 14:54:01,431 [grpc-default-executor-2] INFO  client.GrpcClientProtocolClient (GrpcClientProtocolClient.java:onNext(264)) - client-835E41B928D6->6dd5d97a-7455-476f-86d1-706748154c4a: receive RaftClientReply:client-835E41B928D6->6dd5d97a-7455-476f-86d1-706748154c4a@group-349356213E97, cid=3496, SUCCESS, logIndex=5280, commits[6dd5d97a-7455-476f-86d1-706748154c4a:c5283, 8c1a4ac2-2d71-4742-ab0b-89dcc95eb13f:c5279, c9d0001a-daad-4532-9e58-9f5f4a7ddd18:c5277]
2019-09-12 14:54:01,432 [grpc-default-executor-2] INFO  client.GrpcClientProtocolClient (GrpcClientProtocolClient.java:onNext(264)) - client-835E41B928D6->6dd5d97a-7455-476f-86d1-706748154c4a: receive RaftClientReply:client-835E41B928D6->6dd5d97a-7455-476f-86d1-706748154c4a@group-349356213E97, cid=3497, SUCCESS, logIndex=5281, commits[6dd5d97a-7455-476f-86d1-706748154c4a:c5283, 8c1a4ac2-2d71-4742-ab0b-89dcc95eb13f:c5279, c9d0001a-daad-4532-9e58-9f5f4a7ddd18:c5279]
2019-09-12 14:54:01,432 [grpc-default-executor-2] INFO  client.GrpcClientProtocolClient (GrpcClientProtocolClient.java:onNext(264)) - client-835E41B928D6->6dd5d97a-7455-476f-86d1-706748154c4a: receive RaftClientReply:client-835E41B928D6->6dd5d97a-7455-476f-86d1-706748154c4a@group-349356213E97, cid=3498, SUCCESS, logIndex=5282, commits[6dd5d97a-7455-476f-86d1-706748154c4a:c5283, 8c1a4ac2-2d71-4742-ab0b-89dcc95eb13f:c5279, c9d0001a-daad-4532-9e58-9f5f4a7ddd18:c5279]
2019-09-12 14:54:01,432 [grpc-default-executor-2] INFO  client.GrpcClientProtocolClient (GrpcClientProtocolClient.java:onNext(264)) - client-835E41B928D6->6dd5d97a-7455-476f-86d1-706748154c4a: receive RaftClientReply:client-835E41B928D6->6dd5d97a-7455-476f-86d1-706748154c4a@group-349356213E97, cid=3499, SUCCESS, logIndex=5283, commits[6dd5d97a-7455-476f-86d1-706748154c4a:c5283, 8c1a4ac2-2d71-4742-ab0b-89dcc95eb13f:c5279, c9d0001a-daad-4532-9e58-9f5f4a7ddd18:c5279]
2019-09-12 14:54:01,434 [grpc-default-executor-2] INFO  client.GrpcClientProtocolClient (GrpcClientProtocolClient.java:onNext(264)) - client-835E41B928D6->6dd5d97a-7455-476f-86d1-706748154c4a: receive RaftClientReply:client-835E41B928D6->6dd5d97a-7455-476f-86d1-706748154c4a@group-349356213E97, cid=3500, SUCCESS, logIndex=0, commits[6dd5d97a-7455-476f-86d1-706748154c4a:c5284, 8c1a4ac2-2d71-4742-ab0b-89dcc95eb13f:c5281, c9d0001a-daad-4532-9e58-9f5f4a7ddd18:c5281]
2019-09-12 14:54:01,445 [grpc-default-executor-2] INFO  client.GrpcClientProtocolClient (GrpcClientProtocolClient.java:onNext(264)) - client-835E41B928D6->6dd5d97a-7455-476f-86d1-706748154c4a: receive RaftClientReply:client-835E41B928D6->6dd5d97a-7455-476f-86d1-706748154c4a@group-349356213E97, cid=3501, SUCCESS, logIndex=5288, commits[6dd5d97a-7455-476f-86d1-706748154c4a:c5289, 8c1a4ac2-2d71-4742-ab0b-89dcc95eb13f:c5283, c9d0001a-daad-4532-9e58-9f5f4a7ddd18:c5287]
2019-09-12 14:54:01,445 [grpc-default-executor-2] INFO  client.GrpcClientProtocolClient (GrpcClientProtocolClient.java:onNext(264)) - client-835E41B928D6->6dd5d97a-7455-476f-86d1-706748154c4a: receive RaftClientReply:client-835E41B928D6->6dd5d97a-7455-476f-86d1-706748154c4a@group-349356213E97, cid=3502, SUCCESS, logIndex=5289, commits[6dd5d97a-7455-476f-86d1-706748154c4a:c5289, 8c1a4ac2-2d71-4742-ab0b-89dcc95eb13f:c5287, c9d0001a-daad-4532-9e58-9f5f4a7ddd18:c5287]
2019-09-12 14:54:01,465 [grpc-default-executor-5] INFO  client.GrpcClientProtocolClient (GrpcClientProtocolClient.java:onNext(264)) - client-835E41B928D6->6dd5d97a-7455-476f-86d1-706748154c4a: receive RaftClientReply:client-835E41B928D6->6dd5d97a-7455-476f-86d1-706748154c4a@group-349356213E97, cid=3503, SUCCESS, logIndex=5292, commits[6dd5d97a-7455-476f-86d1-706748154c4a:c5293, 8c1a4ac2-2d71-4742-ab0b-89dcc95eb13f:c5290, c9d0001a-daad-4532-9e58-9f5f4a7ddd18:c5290]
2019-09-12 14:54:01,466 [grpc-default-executor-5] INFO  client.GrpcClientProtocolClient (GrpcClientProtocolClient.java:onNext(264)) - client-835E41B928D6->6dd5d97a-7455-476f-86d1-706748154c4a: receive RaftClientReply:client-835E41B928D6->6dd5d97a-7455-476f-86d1-706748154c4a@group-349356213E97, cid=3504, SUCCESS, logIndex=5293, commits[6dd5d97a-7455-476f-86d1-706748154c4a:c5293, 8c1a4ac2-2d71-4742-ab0b-89dcc95eb13f:c5290, c9d0001a-daad-4532-9e58-9f5f4a7ddd18:c5290]
2019-09-12 14:54:01,483 [grpc-default-executor-5] INFO  client.GrpcClientProtocolClient (GrpcClientProtocolClient.java:onNext(264)) - client-835E41B928D6->6dd5d97a-7455-476f-86d1-706748154c4a: receive RaftClientReply:client-835E41B928D6->6dd5d97a-7455-476f-86d1-706748154c4a@group-349356213E97, cid=3505, SUCCESS, logIndex=0, commits[6dd5d97a-7455-476f-86d1-706748154c4a:c5295, 8c1a4ac2-2d71-4742-ab0b-89dcc95eb13f:c5293, c9d0001a-daad-4532-9e58-9f5f4a7ddd18:c5293]
2019-09-12 14:54:01,515 [grpc-default-executor-2] INFO  client.GrpcClientProtocolClient (GrpcClientProtocolClient.java:onNext(264)) - client-835E41B928D6->6dd5d97a-7455-476f-86d1-706748154c4a: receive RaftClientReply:client-835E41B928D6->6dd5d97a-7455-476f-86d1-706748154c4a@group-349356213E97, cid=3506, SUCCESS, logIndex=5296, commits[6dd5d97a-7455-476f-86d1-706748154c4a:c5297, 8c1a4ac2-2d71-4742-ab0b-89dcc95eb13f:c5295, c9d0001a-daad-4532-9e58-9f5f4a7ddd18:c5295]
2019-09-12 14:54:01,516 [grpc-default-executor-2] INFO  client.GrpcClientProtocolClient (GrpcClientProtocolClient.java:onNext(264)) - client-835E41B928D6->6dd5d97a-7455-476f-86d1-706748154c4a: receive RaftClientReply:client-835E41B928D6->6dd5d97a-7455-476f-86d1-706748154c4a@group-349356213E97, cid=3507, SUCCESS, logIndex=5297, commits[6dd5d97a-7455-476f-86d1-706748154c4a:c5297, 8c1a4ac2-2d71-4742-ab0b-89dcc95eb13f:c5295, c9d0001a-daad-4532-9e58-9f5f4a7ddd18:c5295]
2019-09-12 14:54:01,516 [grpc-default-executor-2] INFO  client.GrpcClientProtocolClient (GrpcClientProtocolClient.java:onNext(264)) - client-835E41B928D6->6dd5d97a-7455-476f-86d1-706748154c4a: receive RaftClientReply:client-835E41B928D6->6dd5d97a-7455-476f-86d1-706748154c4a@group-349356213E97, cid=3508, SUCCESS, logIndex=5298, commits[6dd5d97a-7455-476f-86d1-706748154c4a:c5299, 8c1a4ac2-2d71-4742-ab0b-89dcc95eb13f:c5295, c9d0001a-daad-4532-9e58-9f5f4a7ddd18:c5295]
2019-09-12 14:54:01,516 [grpc-default-executor-2] INFO  client.GrpcClientProtocolClient (GrpcClientProtocolClient.java:onNext(264)) - client-835E41B928D6->6dd5d97a-7455-476f-86d1-706748154c4a: receive RaftClientReply:client-835E41B928D6->6dd5d97a-7455-476f-86d1-706748154c4a@group-349356213E97, cid=3509, SUCCESS, logIndex=5299, commits[6dd5d97a-7455-476f-86d1-706748154c4a:c5299, 8c1a4ac2-2d71-4742-ab0b-89dcc95eb13f:c5295, c9d0001a-daad-4532-9e58-9f5f4a7ddd18:c5295]
2019-09-12 14:54:01,521 [grpc-default-executor-2] INFO  client.GrpcClientProtocolClient (GrpcClientProtocolClient.java:onNext(264)) - client-835E41B928D6->6dd5d97a-7455-476f-86d1-706748154c4a: receive RaftClientReply:client-835E41B928D6->6dd5d97a-7455-476f-86d1-706748154c4a@group-349356213E97, cid=3510, SUCCESS, logIndex=0, commits[6dd5d97a-7455-476f-86d1-706748154c4a:c5301, 8c1a4ac2-2d71-4742-ab0b-89dcc95eb13f:c5297, c9d0001a-daad-4532-9e58-9f5f4a7ddd18:c5297]
2019-09-12 14:54:01,531 [grpc-default-executor-2] INFO  client.GrpcClientProtocolClient (GrpcClientProtocolClient.java:onNext(264)) - client-835E41B928D6->6dd5d97a-7455-476f-86d1-706748154c4a: receive RaftClientReply:client-835E41B928D6->6dd5d97a-7455-476f-86d1-706748154c4a@group-349356213E97, cid=3511, SUCCESS, logIndex=5304, commits[6dd5d97a-7455-476f-86d1-706748154c4a:c5305, 8c1a4ac2-2d71-4742-ab0b-89dcc95eb13f:c5299, c9d0001a-daad-4532-9e58-9f5f4a7ddd18:c5303]
2019-09-12 14:54:01,531 [grpc-default-executor-2] INFO  client.GrpcClientProtocolClient (GrpcClientProtocolClient.java:onNext(264)) - client-835E41B928D6->6dd5d97a-7455-476f-86d1-706748154c4a: receive RaftClientReply:client-835E41B928D6->6dd5d97a-7455-476f-86d1-706748154c4a@group-349356213E97, cid=3512, SUCCESS, logIndex=5305, commits[6dd5d97a-7455-476f-86d1-706748154c4a:c5305, 8c1a4ac2-2d71-4742-ab0b-89dcc95eb13f:c5303, c9d0001a-daad-4532-9e58-9f5f4a7ddd18:c5303]
2019-09-12 14:54:01,542 [grpc-default-executor-2] INFO  client.GrpcClientProtocolClient (GrpcClientProtocolClient.java:onNext(264)) - client-835E41B928D6->6dd5d97a-7455-476f-86d1-706748154c4a: receive RaftClientReply:client-835E41B928D6->6dd5d97a-7455-476f-86d1-706748154c4a@group-349356213E97, cid=3513, SUCCESS, logIndex=5308, commits[6dd5d97a-7455-476f-86d1-706748154c4a:c5309, 8c1a4ac2-2d71-4742-ab0b-89dcc95eb13f:c5305, c9d0001a-daad-4532-9e58-9f5f4a7ddd18:c5307]
2019-09-12 14:54:01,543 [grpc-default-executor-2] INFO  client.GrpcClientProtocolClient (GrpcClientProtocolClient.java:onNext(264)) - client-835E41B928D6->6dd5d97a-7455-476f-86d1-706748154c4a: receive RaftClientReply:client-835E41B928D6->6dd5d97a-7455-476f-86d1-706748154c4a@group-349356213E97, cid=3514, SUCCESS, logIndex=5309, commits[6dd5d97a-7455-476f-86d1-706748154c4a:c5309, 8c1a4ac2-2d71-4742-ab0b-89dcc95eb13f:c5307, c9d0001a-daad-4532-9e58-9f5f4a7ddd18:c5307]
2019-09-12 14:54:01,545 [grpc-default-executor-2] INFO  client.GrpcClientProtocolClient (GrpcClientProtocolClient.java:onNext(264)) - client-835E41B928D6->6dd5d97a-7455-476f-86d1-706748154c4a: receive RaftClientReply:client-835E41B928D6->6dd5d97a-7455-476f-86d1-706748154c4a@group-349356213E97, cid=3515, SUCCESS, logIndex=0, commits[6dd5d97a-7455-476f-86d1-706748154c4a:c5310, 8c1a4ac2-2d71-4742-ab0b-89dcc95eb13f:c5309, c9d0001a-daad-4532-9e58-9f5f4a7ddd18:c5309]
2019-09-12 14:54:01,566 [grpc-default-executor-2] INFO  client.GrpcClientProtocolClient (GrpcClientProtocolClient.java:onNext(264)) - client-835E41B928D6->6dd5d97a-7455-476f-86d1-706748154c4a: receive RaftClientReply:client-835E41B928D6->6dd5d97a-7455-476f-86d1-706748154c4a@group-349356213E97, cid=3516, SUCCESS, logIndex=5312, commits[6dd5d97a-7455-476f-86d1-706748154c4a:c5315, 8c1a4ac2-2d71-4742-ab0b-89dcc95eb13f:c5311, c9d0001a-daad-4532-9e58-9f5f4a7ddd18:c5311]
2019-09-12 14:54:01,567 [grpc-default-executor-2] INFO  client.GrpcClientProtocolClient (GrpcClientProtocolClient.java:onNext(264)) - client-835E41B928D6->6dd5d97a-7455-476f-86d1-706748154c4a: receive RaftClientReply:client-835E41B928D6->6dd5d97a-7455-476f-86d1-706748154c4a@group-349356213E97, cid=3517, SUCCESS, logIndex=5313, commits[6dd5d97a-7455-476f-86d1-706748154c4a:c5315, 8c1a4ac2-2d71-4742-ab0b-89dcc95eb13f:c5311, c9d0001a-daad-4532-9e58-9f5f4a7ddd18:c5311]
2019-09-12 14:54:01,567 [grpc-default-executor-2] INFO  client.GrpcClientProtocolClient (GrpcClientProtocolClient.java:onNext(264)) - client-835E41B928D6->6dd5d97a-7455-476f-86d1-706748154c4a: receive RaftClientReply:client-835E41B928D6->6dd5d97a-7455-476f-86d1-706748154c4a@group-349356213E97, cid=3518, SUCCESS, logIndex=5314, commits[6dd5d97a-7455-476f-86d1-706748154c4a:c5315, 8c1a4ac2-2d71-4742-ab0b-89dcc95eb13f:c5311, c9d0001a-daad-4532-9e58-9f5f4a7ddd18:c5311]
2019-09-12 14:54:01,567 [grpc-default-executor-2] INFO  client.GrpcClientProtocolClient (GrpcClientProtocolClient.java:onNext(264)) - client-835E41B928D6->6dd5d97a-7455-476f-86d1-706748154c4a: receive RaftClientReply:client-835E41B928D6->6dd5d97a-7455-476f-86d1-706748154c4a@group-349356213E97, cid=3519, SUCCESS, logIndex=5315, commits[6dd5d97a-7455-476f-86d1-706748154c4a:c5315, 8c1a4ac2-2d71-4742-ab0b-89dcc95eb13f:c5311, c9d0001a-daad-4532-9e58-9f5f4a7ddd18:c5311]
2019-09-12 14:54:01,574 [grpc-default-executor-7] INFO  client.GrpcClientProtocolClient (GrpcClientProtocolClient.java:onNext(264)) - client-835E41B928D6->6dd5d97a-7455-476f-86d1-706748154c4a: receive RaftClientReply:client-835E41B928D6->6dd5d97a-7455-476f-86d1-706748154c4a@group-349356213E97, cid=3520, SUCCESS, logIndex=0, commits[6dd5d97a-7455-476f-86d1-706748154c4a:c5317, 8c1a4ac2-2d71-4742-ab0b-89dcc95eb13f:c5313, c9d0001a-daad-4532-9e58-9f5f4a7ddd18:c5313]
2019-09-12 14:54:01,585 [grpc-default-executor-7] INFO  client.GrpcClientProtocolClient (GrpcClientProtocolClient.java:onNext(264)) - client-835E41B928D6->6dd5d97a-7455-476f-86d1-706748154c4a: receive RaftClientReply:client-835E41B928D6->6dd5d97a-7455-476f-86d1-706748154c4a@group-349356213E97, cid=3521, SUCCESS, logIndex=5320, commits[6dd5d97a-7455-476f-86d1-706748154c4a:c5321, 8c1a4ac2-2d71-4742-ab0b-89dcc95eb13f:c5319, c9d0001a-daad-4532-9e58-9f5f4a7ddd18:c5315]
2019-09-12 14:54:01,585 [grpc-default-executor-7] INFO  client.GrpcClientProtocolClient (GrpcClientProtocolClient.java:onNext(264)) - client-835E41B928D6->6dd5d97a-7455-476f-86d1-706748154c4a: receive RaftClientReply:client-835E41B928D6->6dd5d97a-7455-476f-86d1-706748154c4a@group-349356213E97, cid=3522, SUCCESS, logIndex=5321, commits[6dd5d97a-7455-476f-86d1-706748154c4a:c5321, 8c1a4ac2-2d71-4742-ab0b-89dcc95eb13f:c5319, c9d0001a-daad-4532-9e58-9f5f4a7ddd18:c5319]
2019-09-12 14:54:01,594 [grpc-default-executor-2] INFO  client.GrpcClientProtocolClient (GrpcClientProtocolClient.java:onNext(264)) - client-835E41B928D6->6dd5d97a-7455-476f-86d1-706748154c4a: receive RaftClientReply:client-835E41B928D6->6dd5d97a-7455-476f-86d1-706748154c4a@group-349356213E97, cid=3523, SUCCESS, logIndex=5324, commits[6dd5d97a-7455-476f-86d1-706748154c4a:c5325, 8c1a4ac2-2d71-4742-ab0b-89dcc95eb13f:c5321, c9d0001a-daad-4532-9e58-9f5f4a7ddd18:c5322]
2019-09-12 14:54:01,594 [grpc-default-executor-2] INFO  client.GrpcClientProtocolClient (GrpcClientProtocolClient.java:onNext(264)) - client-835E41B928D6->6dd5d97a-7455-476f-86d1-706748154c4a: receive RaftClientReply:client-835E41B928D6->6dd5d97a-7455-476f-86d1-706748154c4a@group-349356213E97, cid=3524, SUCCESS, logIndex=5325, commits[6dd5d97a-7455-476f-86d1-706748154c4a:c5325, 8c1a4ac2-2d71-4742-ab0b-89dcc95eb13f:c5321, c9d0001a-daad-4532-9e58-9f5f4a7ddd18:c5322]
2019-09-12 14:54:01,600 [grpc-default-executor-2] INFO  client.GrpcClientProtocolClient (GrpcClientProtocolClient.java:onNext(264)) - client-835E41B928D6->6dd5d97a-7455-476f-86d1-706748154c4a: receive RaftClientReply:client-835E41B928D6->6dd5d97a-7455-476f-86d1-706748154c4a@group-349356213E97, cid=3525, SUCCESS, logIndex=0, commits[6dd5d97a-7455-476f-86d1-706748154c4a:c5327, 8c1a4ac2-2d71-4742-ab0b-89dcc95eb13f:c5325, c9d0001a-daad-4532-9e58-9f5f4a7ddd18:c5325]
 0.00% |█                                                                                                    |  0/1 Time: 0:00:292019-09-12 14:54:01,626 [grpc-default-executor-5] INFO  client.GrpcClientProtocolClient (GrpcClientProtocolClient.java:onNext(264)) - client-835E41B928D6->6dd5d97a-7455-476f-86d1-706748154c4a: receive RaftClientReply:client-835E41B928D6->6dd5d97a-7455-476f-86d1-706748154c4a@group-349356213E97, cid=3526, SUCCESS, logIndex=5328, commits[6dd5d97a-7455-476f-86d1-706748154c4a:c5330, 8c1a4ac2-2d71-4742-ab0b-89dcc95eb13f:c5327, c9d0001a-daad-4532-9e58-9f5f4a7ddd18:c5327]
2019-09-12 14:54:01,626 [grpc-default-executor-5] INFO  client.GrpcClientProtocolClient (GrpcClientProtocolClient.java:onNext(264)) - client-835E41B928D6->6dd5d97a-7455-476f-86d1-706748154c4a: receive RaftClientReply:client-835E41B928D6->6dd5d97a-7455-476f-86d1-706748154c4a@group-349356213E97, cid=3527, SUCCESS, logIndex=5329, commits[6dd5d97a-7455-476f-86d1-706748154c4a:c5331, 8c1a4ac2-2d71-4742-ab0b-89dcc95eb13f:c5327, c9d0001a-daad-4532-9e58-9f5f4a7ddd18:c5327]
2019-09-12 14:54:01,626 [grpc-default-executor-5] INFO  client.GrpcClientProtocolClient (GrpcClientProtocolClient.java:onNext(264)) - client-835E41B928D6->6dd5d97a-7455-476f-86d1-706748154c4a: receive RaftClientReply:client-835E41B928D6->6dd5d97a-7455-476f-86d1-706748154c4a@group-349356213E97, cid=3528, SUCCESS, logIndex=5330, commits[6dd5d97a-7455-476f-86d1-706748154c4a:c5331, 8c1a4ac2-2d71-4742-ab0b-89dcc95eb13f:c5327, c9d0001a-daad-4532-9e58-9f5f4a7ddd18:c5327]
2019-09-12 14:54:01,627 [grpc-default-executor-5] INFO  client.GrpcClientProtocolClient (GrpcClientProtocolClient.java:onNext(264)) - client-835E41B928D6->6dd5d97a-7455-476f-86d1-706748154c4a: receive RaftClientReply:client-835E41B928D6->6dd5d97a-7455-476f-86d1-706748154c4a@group-349356213E97, cid=3529, SUCCESS, logIndex=5331, commits[6dd5d97a-7455-476f-86d1-706748154c4a:c5331, 8c1a4ac2-2d71-4742-ab0b-89dcc95eb13f:c5327, c9d0001a-daad-4532-9e58-9f5f4a7ddd18:c5327]
2019-09-12 14:54:01,632 [grpc-default-executor-2] INFO  client.GrpcClientProtocolClient (GrpcClientProtocolClient.java:onNext(264)) - client-835E41B928D6->6dd5d97a-7455-476f-86d1-706748154c4a: receive RaftClientReply:client-835E41B928D6->6dd5d97a-7455-476f-86d1-706748154c4a@group-349356213E97, cid=3530, SUCCESS, logIndex=0, commits[6dd5d97a-7455-476f-86d1-706748154c4a:c5333, 8c1a4ac2-2d71-4742-ab0b-89dcc95eb13f:c5329, c9d0001a-daad-4532-9e58-9f5f4a7ddd18:c5330]
2019-09-12 14:54:01,641 [grpc-default-executor-7] INFO  client.GrpcClientProtocolClient (GrpcClientProtocolClient.java:onNext(264)) - client-835E41B928D6->6dd5d97a-7455-476f-86d1-706748154c4a: receive RaftClientReply:client-835E41B928D6->6dd5d97a-7455-476f-86d1-706748154c4a@group-349356213E97, cid=3531, SUCCESS, logIndex=5336, commits[6dd5d97a-7455-476f-86d1-706748154c4a:c5337, 8c1a4ac2-2d71-4742-ab0b-89dcc95eb13f:c5335, c9d0001a-daad-4532-9e58-9f5f4a7ddd18:c5335]
2019-09-12 14:54:01,642 [grpc-default-executor-7] INFO  client.GrpcClientProtocolClient (GrpcClientProtocolClient.java:onNext(264)) - client-835E41B928D6->6dd5d97a-7455-476f-86d1-706748154c4a: receive RaftClientReply:client-835E41B928D6->6dd5d97a-7455-476f-86d1-706748154c4a@group-349356213E97, cid=3532, SUCCESS, logIndex=5337, commits[6dd5d97a-7455-476f-86d1-706748154c4a:c5337, 8c1a4ac2-2d71-4742-ab0b-89dcc95eb13f:c5335, c9d0001a-daad-4532-9e58-9f5f4a7ddd18:c5335]
2019-09-12 14:54:01,651 [grpc-default-executor-2] INFO  client.GrpcClientProtocolClient (GrpcClientProtocolClient.java:onNext(264)) - client-835E41B928D6->6dd5d97a-7455-476f-86d1-706748154c4a: receive RaftClientReply:client-835E41B928D6->6dd5d97a-7455-476f-86d1-706748154c4a@group-349356213E97, cid=3533, SUCCESS, logIndex=5340, commits[6dd5d97a-7455-476f-86d1-706748154c4a:c5341, 8c1a4ac2-2d71-4742-ab0b-89dcc95eb13f:c5337, c9d0001a-daad-4532-9e58-9f5f4a7ddd18:c5338]
2019-09-12 14:54:01,651 [grpc-default-executor-2] INFO  client.GrpcClientProtocolClient (GrpcClientProtocolClient.java:onNext(264)) - client-835E41B928D6->6dd5d97a-7455-476f-86d1-706748154c4a: receive RaftClientReply:client-835E41B928D6->6dd5d97a-7455-476f-86d1-706748154c4a@group-349356213E97, cid=3534, SUCCESS, logIndex=5341, commits[6dd5d97a-7455-476f-86d1-706748154c4a:c5341, 8c1a4ac2-2d71-4742-ab0b-89dcc95eb13f:c5337, c9d0001a-daad-4532-9e58-9f5f4a7ddd18:c5338]
2019-09-12 14:54:01,656 [grpc-default-executor-2] INFO  client.GrpcClientProtocolClient (GrpcClientProtocolClient.java:onNext(264)) - client-835E41B928D6->6dd5d97a-7455-476f-86d1-706748154c4a: receive RaftClientReply:client-835E41B928D6->6dd5d97a-7455-476f-86d1-706748154c4a@group-349356213E97, cid=3535, SUCCESS, logIndex=0, commits[6dd5d97a-7455-476f-86d1-706748154c4a:c5343, 8c1a4ac2-2d71-4742-ab0b-89dcc95eb13f:c5341, c9d0001a-daad-4532-9e58-9f5f4a7ddd18:c5341]
2019-09-12 14:54:01,682 [grpc-default-executor-7] INFO  client.GrpcClientProtocolClient (GrpcClientProtocolClient.java:onNext(264)) - client-835E41B928D6->6dd5d97a-7455-476f-86d1-706748154c4a: receive RaftClientReply:client-835E41B928D6->6dd5d97a-7455-476f-86d1-706748154c4a@group-349356213E97, cid=3536, SUCCESS, logIndex=5344, commits[6dd5d97a-7455-476f-86d1-706748154c4a:c5345, 8c1a4ac2-2d71-4742-ab0b-89dcc95eb13f:c5343, c9d0001a-daad-4532-9e58-9f5f4a7ddd18:c5341]
2019-09-12 14:54:01,683 [grpc-default-executor-7] INFO  client.GrpcClientProtocolClient (GrpcClientProtocolClient.java:onNext(264)) - client-835E41B928D6->6dd5d97a-7455-476f-86d1-706748154c4a: receive RaftClientReply:client-835E41B928D6->6dd5d97a-7455-476f-86d1-706748154c4a@group-349356213E97, cid=3537, SUCCESS, logIndex=5345, commits[6dd5d97a-7455-476f-86d1-706748154c4a:c5345, 8c1a4ac2-2d71-4742-ab0b-89dcc95eb13f:c5343, c9d0001a-daad-4532-9e58-9f5f4a7ddd18:c5341]
2019-09-12 14:54:01,684 [grpc-default-executor-5] INFO  client.GrpcClientProtocolClient (GrpcClientProtocolClient.java:onNext(264)) - client-835E41B928D6->6dd5d97a-7455-476f-86d1-706748154c4a: receive RaftClientReply:client-835E41B928D6->6dd5d97a-7455-476f-86d1-706748154c4a@group-349356213E97, cid=3538, SUCCESS, logIndex=5346, commits[6dd5d97a-7455-476f-86d1-706748154c4a:c5347, 8c1a4ac2-2d71-4742-ab0b-89dcc95eb13f:c5343, c9d0001a-daad-4532-9e58-9f5f4a7ddd18:c5343]
2019-09-12 14:54:01,684 [grpc-default-executor-5] INFO  client.GrpcClientProtocolClient (GrpcClientProtocolClient.java:onNext(264)) - client-835E41B928D6->6dd5d97a-7455-476f-86d1-706748154c4a: receive RaftClientReply:client-835E41B928D6->6dd5d97a-7455-476f-86d1-706748154c4a@group-349356213E97, cid=3539, SUCCESS, logIndex=5347, commits[6dd5d97a-7455-476f-86d1-706748154c4a:c5347, 8c1a4ac2-2d71-4742-ab0b-89dcc95eb13f:c5343, c9d0001a-daad-4532-9e58-9f5f4a7ddd18:c5343]
2019-09-12 14:54:01,687 [grpc-default-executor-5] INFO  client.GrpcClientProtocolClient (GrpcClientProtocolClient.java:onNext(264)) - client-835E41B928D6->6dd5d97a-7455-476f-86d1-706748154c4a: receive RaftClientReply:client-835E41B928D6->6dd5d97a-7455-476f-86d1-706748154c4a@group-349356213E97, cid=3540, SUCCESS, logIndex=0, commits[6dd5d97a-7455-476f-86d1-706748154c4a:c5348, 8c1a4ac2-2d71-4742-ab0b-89dcc95eb13f:c5345, c9d0001a-daad-4532-9e58-9f5f4a7ddd18:c5345]
2019-09-12 14:54:01,696 [grpc-default-executor-7] INFO  client.GrpcClientProtocolClient (GrpcClientProtocolClient.java:onNext(264)) - client-835E41B928D6->6dd5d97a-7455-476f-86d1-706748154c4a: receive RaftClientReply:client-835E41B928D6->6dd5d97a-7455-476f-86d1-706748154c4a@group-349356213E97, cid=3541, SUCCESS, logIndex=5351, commits[6dd5d97a-7455-476f-86d1-706748154c4a:c5352, 8c1a4ac2-2d71-4742-ab0b-89dcc95eb13f:c5347, c9d0001a-daad-4532-9e58-9f5f4a7ddd18:c5350]
2019-09-12 14:54:01,697 [grpc-default-executor-7] INFO  client.GrpcClientProtocolClient (GrpcClientProtocolClient.java:onNext(264)) - client-835E41B928D6->6dd5d97a-7455-476f-86d1-706748154c4a: receive RaftClientReply:client-835E41B928D6->6dd5d97a-7455-476f-86d1-706748154c4a@group-349356213E97, cid=3542, SUCCESS, logIndex=5352, commits[6dd5d97a-7455-476f-86d1-706748154c4a:c5352, 8c1a4ac2-2d71-4742-ab0b-89dcc95eb13f:c5350, c9d0001a-daad-4532-9e58-9f5f4a7ddd18:c5350]
2019-09-12 14:54:01,713 [grpc-default-executor-6] INFO  client.GrpcClientProtocolClient (GrpcClientProtocolClient.java:onNext(264)) - client-835E41B928D6->6dd5d97a-7455-476f-86d1-706748154c4a: receive RaftClientReply:client-835E41B928D6->6dd5d97a-7455-476f-86d1-706748154c4a@group-349356213E97, cid=3543, SUCCESS, logIndex=5354, commits[6dd5d97a-7455-476f-86d1-706748154c4a:c5355, 8c1a4ac2-2d71-4742-ab0b-89dcc95eb13f:c5353, c9d0001a-daad-4532-9e58-9f5f4a7ddd18:c5353]
2019-09-12 14:54:01,714 [grpc-default-executor-6] INFO  client.GrpcClientProtocolClient (GrpcClientProtocolClient.java:onNext(264)) - client-835E41B928D6->6dd5d97a-7455-476f-86d1-706748154c4a: receive RaftClientReply:client-835E41B928D6->6dd5d97a-7455-476f-86d1-706748154c4a@group-349356213E97, cid=3544, SUCCESS, logIndex=5355, commits[6dd5d97a-7455-476f-86d1-706748154c4a:c5355, 8c1a4ac2-2d71-4742-ab0b-89dcc95eb13f:c5353, c9d0001a-daad-4532-9e58-9f5f4a7ddd18:c5353]
2019-09-12 14:54:01,729 [grpc-default-executor-6] INFO  client.GrpcClientProtocolClient (GrpcClientProtocolClient.java:onNext(264)) - client-835E41B928D6->6dd5d97a-7455-476f-86d1-706748154c4a: receive RaftClientReply:client-835E41B928D6->6dd5d97a-7455-476f-86d1-706748154c4a@group-349356213E97, cid=3545, SUCCESS, logIndex=0, commits[6dd5d97a-7455-476f-86d1-706748154c4a:c5357, 8c1a4ac2-2d71-4742-ab0b-89dcc95eb13f:c5355, c9d0001a-daad-4532-9e58-9f5f4a7ddd18:c5355]
2019-09-12 14:54:01,766 [grpc-default-executor-7] INFO  client.GrpcClientProtocolClient (GrpcClientProtocolClient.java:onNext(264)) - client-835E41B928D6->6dd5d97a-7455-476f-86d1-706748154c4a: receive RaftClientReply:client-835E41B928D6->6dd5d97a-7455-476f-86d1-706748154c4a@group-349356213E97, cid=3546, SUCCESS, logIndex=5358, commits[6dd5d97a-7455-476f-86d1-706748154c4a:c5360, 8c1a4ac2-2d71-4742-ab0b-89dcc95eb13f:c5357, c9d0001a-daad-4532-9e58-9f5f4a7ddd18:c5357]
2019-09-12 14:54:01,772 [grpc-default-executor-6] INFO  client.GrpcClientProtocolClient (GrpcClientProtocolClient.java:onNext(264)) - client-835E41B928D6->6dd5d97a-7455-476f-86d1-706748154c4a: receive RaftClientReply:client-835E41B928D6->6dd5d97a-7455-476f-86d1-706748154c4a@group-349356213E97, cid=3547, SUCCESS, logIndex=5359, commits[6dd5d97a-7455-476f-86d1-706748154c4a:c5360, 8c1a4ac2-2d71-4742-ab0b-89dcc95eb13f:c5357, c9d0001a-daad-4532-9e58-9f5f4a7ddd18:c5357]
2019-09-12 14:54:01,778 [grpc-default-executor-6] INFO  client.GrpcClientProtocolClient (GrpcClientProtocolClient.java:onNext(264)) - client-835E41B928D6->6dd5d97a-7455-476f-86d1-706748154c4a: receive RaftClientReply:client-835E41B928D6->6dd5d97a-7455-476f-86d1-706748154c4a@group-349356213E97, cid=3548, SUCCESS, logIndex=5360, commits[6dd5d97a-7455-476f-86d1-706748154c4a:c5362, 8c1a4ac2-2d71-4742-ab0b-89dcc95eb13f:c5358, c9d0001a-daad-4532-9e58-9f5f4a7ddd18:c5358]
2019-09-12 14:54:01,778 [grpc-default-executor-6] INFO  client.GrpcClientProtocolClient (GrpcClientProtocolClient.java:onNext(264)) - client-835E41B928D6->6dd5d97a-7455-476f-86d1-706748154c4a: receive RaftClientReply:client-835E41B928D6->6dd5d97a-7455-476f-86d1-706748154c4a@group-349356213E97, cid=3549, SUCCESS, logIndex=5361, commits[6dd5d97a-7455-476f-86d1-706748154c4a:c5362, 8c1a4ac2-2d71-4742-ab0b-89dcc95eb13f:c5358, c9d0001a-daad-4532-9e58-9f5f4a7ddd18:c5358]
2019-09-12 14:54:01,779 [grpc-default-executor-6] INFO  client.GrpcClientProtocolClient (GrpcClientProtocolClient.java:onNext(264)) - client-835E41B928D6->6dd5d97a-7455-476f-86d1-706748154c4a: receive RaftClientReply:client-835E41B928D6->6dd5d97a-7455-476f-86d1-706748154c4a@group-349356213E97, cid=3550, SUCCESS, logIndex=0, commits[6dd5d97a-7455-476f-86d1-706748154c4a:c5364, 8c1a4ac2-2d71-4742-ab0b-89dcc95eb13f:c5360, c9d0001a-daad-4532-9e58-9f5f4a7ddd18:c5360]
2019-09-12 14:54:01,944 [grpc-default-executor-2] INFO  client.GrpcClientProtocolClient (GrpcClientProtocolClient.java:onNext(264)) - client-835E41B928D6->6dd5d97a-7455-476f-86d1-706748154c4a: receive RaftClientReply:client-835E41B928D6->6dd5d97a-7455-476f-86d1-706748154c4a@group-349356213E97, cid=3551, SUCCESS, logIndex=5365, commits[6dd5d97a-7455-476f-86d1-706748154c4a:c5366, 8c1a4ac2-2d71-4742-ab0b-89dcc95eb13f:c5364, c9d0001a-daad-4532-9e58-9f5f4a7ddd18:c5364]
2019-09-12 14:54:01,944 [grpc-default-executor-2] INFO  client.GrpcClientProtocolClient (GrpcClientProtocolClient.java:onNext(264)) - client-835E41B928D6->6dd5d97a-7455-476f-86d1-706748154c4a: receive RaftClientReply:client-835E41B928D6->6dd5d97a-7455-476f-86d1-706748154c4a@group-349356213E97, cid=3552, SUCCESS, logIndex=5366, commits[6dd5d97a-7455-476f-86d1-706748154c4a:c5366, 8c1a4ac2-2d71-4742-ab0b-89dcc95eb13f:c5364, c9d0001a-daad-4532-9e58-9f5f4a7ddd18:c5364]
2019-09-12 14:54:01,969 [grpc-default-executor-2] INFO  client.GrpcClientProtocolClient (GrpcClientProtocolClient.java:onNext(264)) - client-835E41B928D6->6dd5d97a-7455-476f-86d1-706748154c4a: receive RaftClientReply:client-835E41B928D6->6dd5d97a-7455-476f-86d1-706748154c4a@group-349356213E97, cid=3553, SUCCESS, logIndex=5369, commits[6dd5d97a-7455-476f-86d1-706748154c4a:c5370, 8c1a4ac2-2d71-4742-ab0b-89dcc95eb13f:c5368, c9d0001a-daad-4532-9e58-9f5f4a7ddd18:c5368]
2019-09-12 14:54:01,969 [grpc-default-executor-2] INFO  client.GrpcClientProtocolClient (GrpcClientProtocolClient.java:onNext(264)) - client-835E41B928D6->6dd5d97a-7455-476f-86d1-706748154c4a: receive RaftClientReply:client-835E41B928D6->6dd5d97a-7455-476f-86d1-706748154c4a@group-349356213E97, cid=3554, SUCCESS, logIndex=5370, commits[6dd5d97a-7455-476f-86d1-706748154c4a:c5370, 8c1a4ac2-2d71-4742-ab0b-89dcc95eb13f:c5368, c9d0001a-daad-4532-9e58-9f5f4a7ddd18:c5368]
2019-09-12 14:54:02,004 [grpc-default-executor-2] INFO  client.GrpcClientProtocolClient (GrpcClientProtocolClient.java:onNext(264)) - client-835E41B928D6->6dd5d97a-7455-476f-86d1-706748154c4a: receive RaftClientReply:client-835E41B928D6->6dd5d97a-7455-476f-86d1-706748154c4a@group-349356213E97, cid=3555, SUCCESS, logIndex=0, commits[6dd5d97a-7455-476f-86d1-706748154c4a:c5372, 8c1a4ac2-2d71-4742-ab0b-89dcc95eb13f:c5370, c9d0001a-daad-4532-9e58-9f5f4a7ddd18:c5370]
2019-09-12 14:54:02,030 [grpc-default-executor-6] INFO  client.GrpcClientProtocolClient (GrpcClientProtocolClient.java:onNext(264)) - client-835E41B928D6->6dd5d97a-7455-476f-86d1-706748154c4a: receive RaftClientReply:client-835E41B928D6->6dd5d97a-7455-476f-86d1-706748154c4a@group-349356213E97, cid=3556, SUCCESS, logIndex=5373, commits[6dd5d97a-7455-476f-86d1-706748154c4a:c5376, 8c1a4ac2-2d71-4742-ab0b-89dcc95eb13f:c5370, c9d0001a-daad-4532-9e58-9f5f4a7ddd18:c5372]
2019-09-12 14:54:02,031 [grpc-default-executor-7] INFO  client.GrpcClientProtocolClient (GrpcClientProtocolClient.java:onNext(264)) - client-835E41B928D6->6dd5d97a-7455-476f-86d1-706748154c4a: receive RaftClientReply:client-835E41B928D6->6dd5d97a-7455-476f-86d1-706748154c4a@group-349356213E97, cid=3557, SUCCESS, logIndex=5374, commits[6dd5d97a-7455-476f-86d1-706748154c4a:c5376, 8c1a4ac2-2d71-4742-ab0b-89dcc95eb13f:c5372, c9d0001a-daad-4532-9e58-9f5f4a7ddd18:c5372]
2019-09-12 14:54:02,031 [grpc-default-executor-7] INFO  client.GrpcClientProtocolClient (GrpcClientProtocolClient.java:onNext(264)) - client-835E41B928D6->6dd5d97a-7455-476f-86d1-706748154c4a: receive RaftClientReply:client-835E41B928D6->6dd5d97a-7455-476f-86d1-706748154c4a@group-349356213E97, cid=3558, SUCCESS, logIndex=5375, commits[6dd5d97a-7455-476f-86d1-706748154c4a:c5376, 8c1a4ac2-2d71-4742-ab0b-89dcc95eb13f:c5372, c9d0001a-daad-4532-9e58-9f5f4a7ddd18:c5372]
2019-09-12 14:54:02,031 [grpc-default-executor-7] INFO  client.GrpcClientProtocolClient (GrpcClientProtocolClient.java:onNext(264)) - client-835E41B928D6->6dd5d97a-7455-476f-86d1-706748154c4a: receive RaftClientReply:client-835E41B928D6->6dd5d97a-7455-476f-86d1-706748154c4a@group-349356213E97, cid=3559, SUCCESS, logIndex=5376, commits[6dd5d97a-7455-476f-86d1-706748154c4a:c5376, 8c1a4ac2-2d71-4742-ab0b-89dcc95eb13f:c5372, c9d0001a-daad-4532-9e58-9f5f4a7ddd18:c5374]
2019-09-12 14:54:02,032 [grpc-default-executor-2] INFO  client.GrpcClientProtocolClient (GrpcClientProtocolClient.java:onNext(264)) - client-835E41B928D6->6dd5d97a-7455-476f-86d1-706748154c4a: receive RaftClientReply:client-835E41B928D6->6dd5d97a-7455-476f-86d1-706748154c4a@group-349356213E97, cid=3560, SUCCESS, logIndex=0, commits[6dd5d97a-7455-476f-86d1-706748154c4a:c5380, 8c1a4ac2-2d71-4742-ab0b-89dcc95eb13f:c5376, c9d0001a-daad-4532-9e58-9f5f4a7ddd18:c5376]
2019-09-12 14:54:02,046 [grpc-default-executor-7] INFO  client.GrpcClientProtocolClient (GrpcClientProtocolClient.java:onNext(264)) - client-835E41B928D6->6dd5d97a-7455-476f-86d1-706748154c4a: receive RaftClientReply:client-835E41B928D6->6dd5d97a-7455-476f-86d1-706748154c4a@group-349356213E97, cid=3561, SUCCESS, logIndex=5381, commits[6dd5d97a-7455-476f-86d1-706748154c4a:c5382, 8c1a4ac2-2d71-4742-ab0b-89dcc95eb13f:c5376, c9d0001a-daad-4532-9e58-9f5f4a7ddd18:c5380]
2019-09-12 14:54:02,046 [grpc-default-executor-7] INFO  client.GrpcClientProtocolClient (GrpcClientProtocolClient.java:onNext(264)) - client-835E41B928D6->6dd5d97a-7455-476f-86d1-706748154c4a: receive RaftClientReply:client-835E41B928D6->6dd5d97a-7455-476f-86d1-706748154c4a@group-349356213E97, cid=3562, SUCCESS, logIndex=5382, commits[6dd5d97a-7455-476f-86d1-706748154c4a:c5382, 8c1a4ac2-2d71-4742-ab0b-89dcc95eb13f:c5380, c9d0001a-daad-4532-9e58-9f5f4a7ddd18:c5380]
2019-09-12 14:54:02,058 [grpc-default-executor-7] INFO  client.GrpcClientProtocolClient (GrpcClientProtocolClient.java:onNext(264)) - client-835E41B928D6->6dd5d97a-7455-476f-86d1-706748154c4a: receive RaftClientReply:client-835E41B928D6->6dd5d97a-7455-476f-86d1-706748154c4a@group-349356213E97, cid=3563, SUCCESS, logIndex=5385, commits[6dd5d97a-7455-476f-86d1-706748154c4a:c5386, 8c1a4ac2-2d71-4742-ab0b-89dcc95eb13f:c5382, c9d0001a-daad-4532-9e58-9f5f4a7ddd18:c5384]
2019-09-12 14:54:02,059 [grpc-default-executor-7] INFO  client.GrpcClientProtocolClient (GrpcClientProtocolClient.java:onNext(264)) - client-835E41B928D6->6dd5d97a-7455-476f-86d1-706748154c4a: receive RaftClientReply:client-835E41B928D6->6dd5d97a-7455-476f-86d1-706748154c4a@group-349356213E97, cid=3564, SUCCESS, logIndex=5386, commits[6dd5d97a-7455-476f-86d1-706748154c4a:c5386, 8c1a4ac2-2d71-4742-ab0b-89dcc95eb13f:c5384, c9d0001a-daad-4532-9e58-9f5f4a7ddd18:c5384]
2019-09-12 14:54:02,062 [grpc-default-executor-7] INFO  client.GrpcClientProtocolClient (GrpcClientProtocolClient.java:onNext(264)) - client-835E41B928D6->6dd5d97a-7455-476f-86d1-706748154c4a: receive RaftClientReply:client-835E41B928D6->6dd5d97a-7455-476f-86d1-706748154c4a@group-349356213E97, cid=3565, SUCCESS, logIndex=0, commits[6dd5d97a-7455-476f-86d1-706748154c4a:c5387, 8c1a4ac2-2d71-4742-ab0b-89dcc95eb13f:c5386, c9d0001a-daad-4532-9e58-9f5f4a7ddd18:c5386]
2019-09-12 14:54:02,086 [grpc-default-executor-6] INFO  client.GrpcClientProtocolClient (GrpcClientProtocolClient.java:onNext(264)) - client-835E41B928D6->6dd5d97a-7455-476f-86d1-706748154c4a: receive RaftClientReply:client-835E41B928D6->6dd5d97a-7455-476f-86d1-706748154c4a@group-349356213E97, cid=3566, SUCCESS, logIndex=5389, commits[6dd5d97a-7455-476f-86d1-706748154c4a:c5390, 8c1a4ac2-2d71-4742-ab0b-89dcc95eb13f:c5388, c9d0001a-daad-4532-9e58-9f5f4a7ddd18:c5388]
2019-09-12 14:54:02,087 [grpc-default-executor-6] INFO  client.GrpcClientProtocolClient (GrpcClientProtocolClient.java:onNext(264)) - client-835E41B928D6->6dd5d97a-7455-476f-86d1-706748154c4a: receive RaftClientReply:client-835E41B928D6->6dd5d97a-7455-476f-86d1-706748154c4a@group-349356213E97, cid=3567, SUCCESS, logIndex=5390, commits[6dd5d97a-7455-476f-86d1-706748154c4a:c5390, 8c1a4ac2-2d71-4742-ab0b-89dcc95eb13f:c5388, c9d0001a-daad-4532-9e58-9f5f4a7ddd18:c5388]
2019-09-12 14:54:02,088 [grpc-default-executor-6] INFO  client.GrpcClientProtocolClient (GrpcClientProtocolClient.java:onNext(264)) - client-835E41B928D6->6dd5d97a-7455-476f-86d1-706748154c4a: receive RaftClientReply:client-835E41B928D6->6dd5d97a-7455-476f-86d1-706748154c4a@group-349356213E97, cid=3568, SUCCESS, logIndex=5391, commits[6dd5d97a-7455-476f-86d1-706748154c4a:c5392, 8c1a4ac2-2d71-4742-ab0b-89dcc95eb13f:c5388, c9d0001a-daad-4532-9e58-9f5f4a7ddd18:c5388]
2019-09-12 14:54:02,088 [grpc-default-executor-6] INFO  client.GrpcClientProtocolClient (GrpcClientProtocolClient.java:onNext(264)) - client-835E41B928D6->6dd5d97a-7455-476f-86d1-706748154c4a: receive RaftClientReply:client-835E41B928D6->6dd5d97a-7455-476f-86d1-706748154c4a@group-349356213E97, cid=3569, SUCCESS, logIndex=5392, commits[6dd5d97a-7455-476f-86d1-706748154c4a:c5392, 8c1a4ac2-2d71-4742-ab0b-89dcc95eb13f:c5388, c9d0001a-daad-4532-9e58-9f5f4a7ddd18:c5388]
2019-09-12 14:54:02,093 [grpc-default-executor-6] INFO  client.GrpcClientProtocolClient (GrpcClientProtocolClient.java:onNext(264)) - client-835E41B928D6->6dd5d97a-7455-476f-86d1-706748154c4a: receive RaftClientReply:client-835E41B928D6->6dd5d97a-7455-476f-86d1-706748154c4a@group-349356213E97, cid=3570, SUCCESS, logIndex=0, commits[6dd5d97a-7455-476f-86d1-706748154c4a:c5394, 8c1a4ac2-2d71-4742-ab0b-89dcc95eb13f:c5390, c9d0001a-daad-4532-9e58-9f5f4a7ddd18:c5390]
2019-09-12 14:54:02,105 [grpc-default-executor-7] INFO  client.GrpcClientProtocolClient (GrpcClientProtocolClient.java:onNext(264)) - client-835E41B928D6->6dd5d97a-7455-476f-86d1-706748154c4a: receive RaftClientReply:client-835E41B928D6->6dd5d97a-7455-476f-86d1-706748154c4a@group-349356213E97, cid=3571, SUCCESS, logIndex=5397, commits[6dd5d97a-7455-476f-86d1-706748154c4a:c5398, 8c1a4ac2-2d71-4742-ab0b-89dcc95eb13f:c5396, c9d0001a-daad-4532-9e58-9f5f4a7ddd18:c5396]
2019-09-12 14:54:02,105 [grpc-default-executor-7] INFO  client.GrpcClientProtocolClient (GrpcClientProtocolClient.java:onNext(264)) - client-835E41B928D6->6dd5d97a-7455-476f-86d1-706748154c4a: receive RaftClientReply:client-835E41B928D6->6dd5d97a-7455-476f-86d1-706748154c4a@group-349356213E97, cid=3572, SUCCESS, logIndex=5398, commits[6dd5d97a-7455-476f-86d1-706748154c4a:c5398, 8c1a4ac2-2d71-4742-ab0b-89dcc95eb13f:c5396, c9d0001a-daad-4532-9e58-9f5f4a7ddd18:c5396]
2019-09-12 14:54:02,117 [grpc-default-executor-6] INFO  client.GrpcClientProtocolClient (GrpcClientProtocolClient.java:onNext(264)) - client-835E41B928D6->6dd5d97a-7455-476f-86d1-706748154c4a: receive RaftClientReply:client-835E41B928D6->6dd5d97a-7455-476f-86d1-706748154c4a@group-349356213E97, cid=3573, SUCCESS, logIndex=5401, commits[6dd5d97a-7455-476f-86d1-706748154c4a:c5402, 8c1a4ac2-2d71-4742-ab0b-89dcc95eb13f:c5399, c9d0001a-daad-4532-9e58-9f5f4a7ddd18:c5398]
2019-09-12 14:54:02,117 [grpc-default-executor-6] INFO  client.GrpcClientProtocolClient (GrpcClientProtocolClient.java:onNext(264)) - client-835E41B928D6->6dd5d97a-7455-476f-86d1-706748154c4a: receive RaftClientReply:client-835E41B928D6->6dd5d97a-7455-476f-86d1-706748154c4a@group-349356213E97, cid=3574, SUCCESS, logIndex=5402, commits[6dd5d97a-7455-476f-86d1-706748154c4a:c5402, 8c1a4ac2-2d71-4742-ab0b-89dcc95eb13f:c5399, c9d0001a-daad-4532-9e58-9f5f4a7ddd18:c5399]
2019-09-12 14:54:02,120 [grpc-default-executor-6] INFO  client.GrpcClientProtocolClient (GrpcClientProtocolClient.java:onNext(264)) - client-835E41B928D6->6dd5d97a-7455-476f-86d1-706748154c4a: receive RaftClientReply:client-835E41B928D6->6dd5d97a-7455-476f-86d1-706748154c4a@group-349356213E97, cid=3575, SUCCESS, logIndex=0, commits[6dd5d97a-7455-476f-86d1-706748154c4a:c5403, 8c1a4ac2-2d71-4742-ab0b-89dcc95eb13f:c5402, c9d0001a-daad-4532-9e58-9f5f4a7ddd18:c5402]
2019-09-12 14:54:02,143 [grpc-default-executor-2] INFO  client.GrpcClientProtocolClient (GrpcClientProtocolClient.java:onNext(264)) - client-835E41B928D6->6dd5d97a-7455-476f-86d1-706748154c4a: receive RaftClientReply:client-835E41B928D6->6dd5d97a-7455-476f-86d1-706748154c4a@group-349356213E97, cid=3576, SUCCESS, logIndex=5405, commits[6dd5d97a-7455-476f-86d1-706748154c4a:c5407, 8c1a4ac2-2d71-4742-ab0b-89dcc95eb13f:c5402, c9d0001a-daad-4532-9e58-9f5f4a7ddd18:c5404]
2019-09-12 14:54:02,144 [grpc-default-executor-2] INFO  client.GrpcClientProtocolClient (GrpcClientProtocolClient.java:onNext(264)) - client-835E41B928D6->6dd5d97a-7455-476f-86d1-706748154c4a: receive RaftClientReply:client-835E41B928D6->6dd5d97a-7455-476f-86d1-706748154c4a@group-349356213E97, cid=3577, SUCCESS, logIndex=5406, commits[6dd5d97a-7455-476f-86d1-706748154c4a:c5408, 8c1a4ac2-2d71-4742-ab0b-89dcc95eb13f:c5404, c9d0001a-daad-4532-9e58-9f5f4a7ddd18:c5404]
2019-09-12 14:54:02,144 [grpc-default-executor-2] INFO  client.GrpcClientProtocolClient (GrpcClientProtocolClient.java:onNext(264)) - client-835E41B928D6->6dd5d97a-7455-476f-86d1-706748154c4a: receive RaftClientReply:client-835E41B928D6->6dd5d97a-7455-476f-86d1-706748154c4a@group-349356213E97, cid=3578, SUCCESS, logIndex=5407, commits[6dd5d97a-7455-476f-86d1-706748154c4a:c5408, 8c1a4ac2-2d71-4742-ab0b-89dcc95eb13f:c5404, c9d0001a-daad-4532-9e58-9f5f4a7ddd18:c5404]
2019-09-12 14:54:02,144 [grpc-default-executor-2] INFO  client.GrpcClientProtocolClient (GrpcClientProtocolClient.java:onNext(264)) - client-835E41B928D6->6dd5d97a-7455-476f-86d1-706748154c4a: receive RaftClientReply:client-835E41B928D6->6dd5d97a-7455-476f-86d1-706748154c4a@group-349356213E97, cid=3579, SUCCESS, logIndex=5408, commits[6dd5d97a-7455-476f-86d1-706748154c4a:c5408, 8c1a4ac2-2d71-4742-ab0b-89dcc95eb13f:c5404, c9d0001a-daad-4532-9e58-9f5f4a7ddd18:c5404]
2019-09-12 14:54:02,148 [grpc-default-executor-2] INFO  client.GrpcClientProtocolClient (GrpcClientProtocolClient.java:onNext(264)) - client-835E41B928D6->6dd5d97a-7455-476f-86d1-706748154c4a: receive RaftClientReply:client-835E41B928D6->6dd5d97a-7455-476f-86d1-706748154c4a@group-349356213E97, cid=3580, SUCCESS, logIndex=0, commits[6dd5d97a-7455-476f-86d1-706748154c4a:c5410, 8c1a4ac2-2d71-4742-ab0b-89dcc95eb13f:c5407, c9d0001a-daad-4532-9e58-9f5f4a7ddd18:c5407]
2019-09-12 14:54:02,157 [grpc-default-executor-6] INFO  client.GrpcClientProtocolClient (GrpcClientProtocolClient.java:onNext(264)) - client-835E41B928D6->6dd5d97a-7455-476f-86d1-706748154c4a: receive RaftClientReply:client-835E41B928D6->6dd5d97a-7455-476f-86d1-706748154c4a@group-349356213E97, cid=3581, SUCCESS, logIndex=5413, commits[6dd5d97a-7455-476f-86d1-706748154c4a:c5414, 8c1a4ac2-2d71-4742-ab0b-89dcc95eb13f:c5408, c9d0001a-daad-4532-9e58-9f5f4a7ddd18:c5412]
2019-09-12 14:54:02,157 [grpc-default-executor-6] INFO  client.GrpcClientProtocolClient (GrpcClientProtocolClient.java:onNext(264)) - client-835E41B928D6->6dd5d97a-7455-476f-86d1-706748154c4a: receive RaftClientReply:client-835E41B928D6->6dd5d97a-7455-476f-86d1-706748154c4a@group-349356213E97, cid=3582, SUCCESS, logIndex=5414, commits[6dd5d97a-7455-476f-86d1-706748154c4a:c5414, 8c1a4ac2-2d71-4742-ab0b-89dcc95eb13f:c5408, c9d0001a-daad-4532-9e58-9f5f4a7ddd18:c5412]
2019-09-12 14:54:02,169 [grpc-default-executor-2] INFO  client.GrpcClientProtocolClient (GrpcClientProtocolClient.java:onNext(264)) - client-835E41B928D6->6dd5d97a-7455-476f-86d1-706748154c4a: receive RaftClientReply:client-835E41B928D6->6dd5d97a-7455-476f-86d1-706748154c4a@group-349356213E97, cid=3583, SUCCESS, logIndex=5417, commits[6dd5d97a-7455-476f-86d1-706748154c4a:c5418, 8c1a4ac2-2d71-4742-ab0b-89dcc95eb13f:c5414, c9d0001a-daad-4532-9e58-9f5f4a7ddd18:c5414]
2019-09-12 14:54:02,170 [grpc-default-executor-2] INFO  client.GrpcClientProtocolClient (GrpcClientProtocolClient.java:onNext(264)) - client-835E41B928D6->6dd5d97a-7455-476f-86d1-706748154c4a: receive RaftClientReply:client-835E41B928D6->6dd5d97a-7455-476f-86d1-706748154c4a@group-349356213E97, cid=3584, SUCCESS, logIndex=5418, commits[6dd5d97a-7455-476f-86d1-706748154c4a:c5418, 8c1a4ac2-2d71-4742-ab0b-89dcc95eb13f:c5414, c9d0001a-daad-4532-9e58-9f5f4a7ddd18:c5414]
2019-09-12 14:54:02,178 [grpc-default-executor-2] INFO  client.GrpcClientProtocolClient (GrpcClientProtocolClient.java:onNext(264)) - client-835E41B928D6->6dd5d97a-7455-476f-86d1-706748154c4a: receive RaftClientReply:client-835E41B928D6->6dd5d97a-7455-476f-86d1-706748154c4a@group-349356213E97, cid=3585, SUCCESS, logIndex=0, commits[6dd5d97a-7455-476f-86d1-706748154c4a:c5420, 8c1a4ac2-2d71-4742-ab0b-89dcc95eb13f:c5418, c9d0001a-daad-4532-9e58-9f5f4a7ddd18:c5418]
2019-09-12 14:54:02,202 [grpc-default-executor-7] INFO  client.GrpcClientProtocolClient (GrpcClientProtocolClient.java:onNext(264)) - client-835E41B928D6->6dd5d97a-7455-476f-86d1-706748154c4a: receive RaftClientReply:client-835E41B928D6->6dd5d97a-7455-476f-86d1-706748154c4a@group-349356213E97, cid=3586, SUCCESS, logIndex=5421, commits[6dd5d97a-7455-476f-86d1-706748154c4a:c5423, 8c1a4ac2-2d71-4742-ab0b-89dcc95eb13f:c5420, c9d0001a-daad-4532-9e58-9f5f4a7ddd18:c5420]
2019-09-12 14:54:02,202 [grpc-default-executor-7] INFO  client.GrpcClientProtocolClient (GrpcClientProtocolClient.java:onNext(264)) - client-835E41B928D6->6dd5d97a-7455-476f-86d1-706748154c4a: receive RaftClientReply:client-835E41B928D6->6dd5d97a-7455-476f-86d1-706748154c4a@group-349356213E97, cid=3587, SUCCESS, logIndex=5422, commits[6dd5d97a-7455-476f-86d1-706748154c4a:c5424, 8c1a4ac2-2d71-4742-ab0b-89dcc95eb13f:c5420, c9d0001a-daad-4532-9e58-9f5f4a7ddd18:c5420]
2019-09-12 14:54:02,202 [grpc-default-executor-7] INFO  client.GrpcClientProtocolClient (GrpcClientProtocolClient.java:onNext(264)) - client-835E41B928D6->6dd5d97a-7455-476f-86d1-706748154c4a: receive RaftClientReply:client-835E41B928D6->6dd5d97a-7455-476f-86d1-706748154c4a@group-349356213E97, cid=3588, SUCCESS, logIndex=5423, commits[6dd5d97a-7455-476f-86d1-706748154c4a:c5424, 8c1a4ac2-2d71-4742-ab0b-89dcc95eb13f:c5420, c9d0001a-daad-4532-9e58-9f5f4a7ddd18:c5420]
2019-09-12 14:54:02,202 [grpc-default-executor-7] INFO  client.GrpcClientProtocolClient (GrpcClientProtocolClient.java:onNext(264)) - client-835E41B928D6->6dd5d97a-7455-476f-86d1-706748154c4a: receive RaftClientReply:client-835E41B928D6->6dd5d97a-7455-476f-86d1-706748154c4a@group-349356213E97, cid=3589, SUCCESS, logIndex=5424, commits[6dd5d97a-7455-476f-86d1-706748154c4a:c5424, 8c1a4ac2-2d71-4742-ab0b-89dcc95eb13f:c5420, c9d0001a-daad-4532-9e58-9f5f4a7ddd18:c5420]
2019-09-12 14:54:02,210 [grpc-default-executor-7] INFO  client.GrpcClientProtocolClient (GrpcClientProtocolClient.java:onNext(264)) - client-835E41B928D6->6dd5d97a-7455-476f-86d1-706748154c4a: receive RaftClientReply:client-835E41B928D6->6dd5d97a-7455-476f-86d1-706748154c4a@group-349356213E97, cid=3590, SUCCESS, logIndex=0, commits[6dd5d97a-7455-476f-86d1-706748154c4a:c5426, 8c1a4ac2-2d71-4742-ab0b-89dcc95eb13f:c5422, c9d0001a-daad-4532-9e58-9f5f4a7ddd18:c5422]
2019-09-12 14:54:02,223 [grpc-default-executor-7] INFO  client.GrpcClientProtocolClient (GrpcClientProtocolClient.java:onNext(264)) - client-835E41B928D6->6dd5d97a-7455-476f-86d1-706748154c4a: receive RaftClientReply:client-835E41B928D6->6dd5d97a-7455-476f-86d1-706748154c4a@group-349356213E97, cid=3591, SUCCESS, logIndex=5429, commits[6dd5d97a-7455-476f-86d1-706748154c4a:c5430, 8c1a4ac2-2d71-4742-ab0b-89dcc95eb13f:c5428, c9d0001a-daad-4532-9e58-9f5f4a7ddd18:c5428]
2019-09-12 14:54:02,224 [grpc-default-executor-7] INFO  client.GrpcClientProtocolClient (GrpcClientProtocolClient.java:onNext(264)) - client-835E41B928D6->6dd5d97a-7455-476f-86d1-706748154c4a: receive RaftClientReply:client-835E41B928D6->6dd5d97a-7455-476f-86d1-706748154c4a@group-349356213E97, cid=3592, SUCCESS, logIndex=5430, commits[6dd5d97a-7455-476f-86d1-706748154c4a:c5430, 8c1a4ac2-2d71-4742-ab0b-89dcc95eb13f:c5428, c9d0001a-daad-4532-9e58-9f5f4a7ddd18:c5428]
2019-09-12 14:54:02,240 [grpc-default-executor-6] INFO  client.GrpcClientProtocolClient (GrpcClientProtocolClient.java:onNext(264)) - client-835E41B928D6->6dd5d97a-7455-476f-86d1-706748154c4a: receive RaftClientReply:client-835E41B928D6->6dd5d97a-7455-476f-86d1-706748154c4a@group-349356213E97, cid=3593, SUCCESS, logIndex=5433, commits[6dd5d97a-7455-476f-86d1-706748154c4a:c5434, 8c1a4ac2-2d71-4742-ab0b-89dcc95eb13f:c5430, c9d0001a-daad-4532-9e58-9f5f4a7ddd18:c5430]
2019-09-12 14:54:02,240 [grpc-default-executor-6] INFO  client.GrpcClientProtocolClient (GrpcClientProtocolClient.java:onNext(264)) - client-835E41B928D6->6dd5d97a-7455-476f-86d1-706748154c4a: receive RaftClientReply:client-835E41B928D6->6dd5d97a-7455-476f-86d1-706748154c4a@group-349356213E97, cid=3594, SUCCESS, logIndex=5434, commits[6dd5d97a-7455-476f-86d1-706748154c4a:c5434, 8c1a4ac2-2d71-4742-ab0b-89dcc95eb13f:c5430, c9d0001a-daad-4532-9e58-9f5f4a7ddd18:c5430]
2019-09-12 14:54:02,247 [grpc-default-executor-2] INFO  client.GrpcClientProtocolClient (GrpcClientProtocolClient.java:onNext(264)) - client-835E41B928D6->6dd5d97a-7455-476f-86d1-706748154c4a: receive RaftClientReply:client-835E41B928D6->6dd5d97a-7455-476f-86d1-706748154c4a@group-349356213E97, cid=3595, SUCCESS, logIndex=0, commits[6dd5d97a-7455-476f-86d1-706748154c4a:c5436, 8c1a4ac2-2d71-4742-ab0b-89dcc95eb13f:c5434, c9d0001a-daad-4532-9e58-9f5f4a7ddd18:c5434]
2019-09-12 14:54:02,270 [grpc-default-executor-6] INFO  client.GrpcClientProtocolClient (GrpcClientProtocolClient.java:onNext(264)) - client-835E41B928D6->6dd5d97a-7455-476f-86d1-706748154c4a: receive RaftClientReply:client-835E41B928D6->6dd5d97a-7455-476f-86d1-706748154c4a@group-349356213E97, cid=3596, SUCCESS, logIndex=5437, commits[6dd5d97a-7455-476f-86d1-706748154c4a:c5440, 8c1a4ac2-2d71-4742-ab0b-89dcc95eb13f:c5434, c9d0001a-daad-4532-9e58-9f5f4a7ddd18:c5436]
2019-09-12 14:54:02,270 [grpc-default-executor-6] INFO  client.GrpcClientProtocolClient (GrpcClientProtocolClient.java:onNext(264)) - client-835E41B928D6->6dd5d97a-7455-476f-86d1-706748154c4a: receive RaftClientReply:client-835E41B928D6->6dd5d97a-7455-476f-86d1-706748154c4a@group-349356213E97, cid=3597, SUCCESS, logIndex=5438, commits[6dd5d97a-7455-476f-86d1-706748154c4a:c5440, 8c1a4ac2-2d71-4742-ab0b-89dcc95eb13f:c5436, c9d0001a-daad-4532-9e58-9f5f4a7ddd18:c5436]
2019-09-12 14:54:02,270 [grpc-default-executor-6] INFO  client.GrpcClientProtocolClient (GrpcClientProtocolClient.java:onNext(264)) - client-835E41B928D6->6dd5d97a-7455-476f-86d1-706748154c4a: receive RaftClientReply:client-835E41B928D6->6dd5d97a-7455-476f-86d1-706748154c4a@group-349356213E97, cid=3598, SUCCESS, logIndex=5439, commits[6dd5d97a-7455-476f-86d1-706748154c4a:c5440, 8c1a4ac2-2d71-4742-ab0b-89dcc95eb13f:c5436, c9d0001a-daad-4532-9e58-9f5f4a7ddd18:c5436]
2019-09-12 14:54:02,271 [grpc-default-executor-6] INFO  client.GrpcClientProtocolClient (GrpcClientProtocolClient.java:onNext(264)) - client-835E41B928D6->6dd5d97a-7455-476f-86d1-706748154c4a: receive RaftClientReply:client-835E41B928D6->6dd5d97a-7455-476f-86d1-706748154c4a@group-349356213E97, cid=3599, SUCCESS, logIndex=5440, commits[6dd5d97a-7455-476f-86d1-706748154c4a:c5441, 8c1a4ac2-2d71-4742-ab0b-89dcc95eb13f:c5436, c9d0001a-daad-4532-9e58-9f5f4a7ddd18:c5438]
2019-09-12 14:54:02,272 [grpc-default-executor-6] INFO  client.GrpcClientProtocolClient (GrpcClientProtocolClient.java:onNext(264)) - client-835E41B928D6->6dd5d97a-7455-476f-86d1-706748154c4a: receive RaftClientReply:client-835E41B928D6->6dd5d97a-7455-476f-86d1-706748154c4a@group-349356213E97, cid=3600, SUCCESS, logIndex=0, commits[6dd5d97a-7455-476f-86d1-706748154c4a:c5441, 8c1a4ac2-2d71-4742-ab0b-89dcc95eb13f:c5438, c9d0001a-daad-4532-9e58-9f5f4a7ddd18:c5438]
2019-09-12 14:54:02,283 [grpc-default-executor-2] INFO  client.GrpcClientProtocolClient (GrpcClientProtocolClient.java:onNext(264)) - client-835E41B928D6->6dd5d97a-7455-476f-86d1-706748154c4a: receive RaftClientReply:client-835E41B928D6->6dd5d97a-7455-476f-86d1-706748154c4a@group-349356213E97, cid=3601, SUCCESS, logIndex=5445, commits[6dd5d97a-7455-476f-86d1-706748154c4a:c5446, 8c1a4ac2-2d71-4742-ab0b-89dcc95eb13f:c5444, c9d0001a-daad-4532-9e58-9f5f4a7ddd18:c5440]
2019-09-12 14:54:02,284 [grpc-default-executor-6] INFO  client.GrpcClientProtocolClient (GrpcClientProtocolClient.java:onNext(264)) - client-835E41B928D6->6dd5d97a-7455-476f-86d1-706748154c4a: receive RaftClientReply:client-835E41B928D6->6dd5d97a-7455-476f-86d1-706748154c4a@group-349356213E97, cid=3602, SUCCESS, logIndex=5446, commits[6dd5d97a-7455-476f-86d1-706748154c4a:c5446, 8c1a4ac2-2d71-4742-ab0b-89dcc95eb13f:c5444, c9d0001a-daad-4532-9e58-9f5f4a7ddd18:c5444]
2019-09-12 14:54:02,297 [grpc-default-executor-2] INFO  client.GrpcClientProtocolClient (GrpcClientProtocolClient.java:onNext(264)) - client-835E41B928D6->6dd5d97a-7455-476f-86d1-706748154c4a: receive RaftClientReply:client-835E41B928D6->6dd5d97a-7455-476f-86d1-706748154c4a@group-349356213E97, cid=3603, SUCCESS, logIndex=5449, commits[6dd5d97a-7455-476f-86d1-706748154c4a:c5450, 8c1a4ac2-2d71-4742-ab0b-89dcc95eb13f:c5446, c9d0001a-daad-4532-9e58-9f5f4a7ddd18:c5448]
2019-09-12 14:54:02,297 [grpc-default-executor-2] INFO  client.GrpcClientProtocolClient (GrpcClientProtocolClient.java:onNext(264)) - client-835E41B928D6->6dd5d97a-7455-476f-86d1-706748154c4a: receive RaftClientReply:client-835E41B928D6->6dd5d97a-7455-476f-86d1-706748154c4a@group-349356213E97, cid=3604, SUCCESS, logIndex=5450, commits[6dd5d97a-7455-476f-86d1-706748154c4a:c5450, 8c1a4ac2-2d71-4742-ab0b-89dcc95eb13f:c5448, c9d0001a-daad-4532-9e58-9f5f4a7ddd18:c5448]
2019-09-12 14:54:02,299 [grpc-default-executor-2] INFO  client.GrpcClientProtocolClient (GrpcClientProtocolClient.java:onNext(264)) - client-835E41B928D6->6dd5d97a-7455-476f-86d1-706748154c4a: receive RaftClientReply:client-835E41B928D6->6dd5d97a-7455-476f-86d1-706748154c4a@group-349356213E97, cid=3605, SUCCESS, logIndex=0, commits[6dd5d97a-7455-476f-86d1-706748154c4a:c5451, 8c1a4ac2-2d71-4742-ab0b-89dcc95eb13f:c5450, c9d0001a-daad-4532-9e58-9f5f4a7ddd18:c5450]
2019-09-12 14:54:02,325 [grpc-default-executor-2] INFO  client.GrpcClientProtocolClient (GrpcClientProtocolClient.java:onNext(264)) - client-835E41B928D6->6dd5d97a-7455-476f-86d1-706748154c4a: receive RaftClientReply:client-835E41B928D6->6dd5d97a-7455-476f-86d1-706748154c4a@group-349356213E97, cid=3606, SUCCESS, logIndex=5453, commits[6dd5d97a-7455-476f-86d1-706748154c4a:c5454, 8c1a4ac2-2d71-4742-ab0b-89dcc95eb13f:c5450, c9d0001a-daad-4532-9e58-9f5f4a7ddd18:c5452]
2019-09-12 14:54:02,325 [grpc-default-executor-2] INFO  client.GrpcClientProtocolClient (GrpcClientProtocolClient.java:onNext(264)) - client-835E41B928D6->6dd5d97a-7455-476f-86d1-706748154c4a: receive RaftClientReply:client-835E41B928D6->6dd5d97a-7455-476f-86d1-706748154c4a@group-349356213E97, cid=3607, SUCCESS, logIndex=5454, commits[6dd5d97a-7455-476f-86d1-706748154c4a:c5454, 8c1a4ac2-2d71-4742-ab0b-89dcc95eb13f:c5450, c9d0001a-daad-4532-9e58-9f5f4a7ddd18:c5452]
2019-09-12 14:54:02,327 [grpc-default-executor-6] INFO  client.GrpcClientProtocolClient (GrpcClientProtocolClient.java:onNext(264)) - client-835E41B928D6->6dd5d97a-7455-476f-86d1-706748154c4a: receive RaftClientReply:client-835E41B928D6->6dd5d97a-7455-476f-86d1-706748154c4a@group-349356213E97, cid=3608, SUCCESS, logIndex=5455, commits[6dd5d97a-7455-476f-86d1-706748154c4a:c5456, 8c1a4ac2-2d71-4742-ab0b-89dcc95eb13f:c5450, c9d0001a-daad-4532-9e58-9f5f4a7ddd18:c5452]
2019-09-12 14:54:02,327 [grpc-default-executor-6] INFO  client.GrpcClientProtocolClient (GrpcClientProtocolClient.java:onNext(264)) - client-835E41B928D6->6dd5d97a-7455-476f-86d1-706748154c4a: receive RaftClientReply:client-835E41B928D6->6dd5d97a-7455-476f-86d1-706748154c4a@group-349356213E97, cid=3609, SUCCESS, logIndex=5456, commits[6dd5d97a-7455-476f-86d1-706748154c4a:c5456, 8c1a4ac2-2d71-4742-ab0b-89dcc95eb13f:c5450, c9d0001a-daad-4532-9e58-9f5f4a7ddd18:c5452]
2019-09-12 14:54:02,332 [grpc-default-executor-6] INFO  client.GrpcClientProtocolClient (GrpcClientProtocolClient.java:onNext(264)) - client-835E41B928D6->6dd5d97a-7455-476f-86d1-706748154c4a: receive RaftClientReply:client-835E41B928D6->6dd5d97a-7455-476f-86d1-706748154c4a@group-349356213E97, cid=3610, SUCCESS, logIndex=0, commits[6dd5d97a-7455-476f-86d1-706748154c4a:c5458, 8c1a4ac2-2d71-4742-ab0b-89dcc95eb13f:c5454, c9d0001a-daad-4532-9e58-9f5f4a7ddd18:c5454]
2019-09-12 14:54:02,342 [grpc-default-executor-2] INFO  client.GrpcClientProtocolClient (GrpcClientProtocolClient.java:onNext(264)) - client-835E41B928D6->6dd5d97a-7455-476f-86d1-706748154c4a: receive RaftClientReply:client-835E41B928D6->6dd5d97a-7455-476f-86d1-706748154c4a@group-349356213E97, cid=3611, SUCCESS, logIndex=5461, commits[6dd5d97a-7455-476f-86d1-706748154c4a:c5462, 8c1a4ac2-2d71-4742-ab0b-89dcc95eb13f:c5456, c9d0001a-daad-4532-9e58-9f5f4a7ddd18:c5460]
2019-09-12 14:54:02,342 [grpc-default-executor-2] INFO  client.GrpcClientProtocolClient (GrpcClientProtocolClient.java:onNext(264)) - client-835E41B928D6->6dd5d97a-7455-476f-86d1-706748154c4a: receive RaftClientReply:client-835E41B928D6->6dd5d97a-7455-476f-86d1-706748154c4a@group-349356213E97, cid=3612, SUCCESS, logIndex=5462, commits[6dd5d97a-7455-476f-86d1-706748154c4a:c5462, 8c1a4ac2-2d71-4742-ab0b-89dcc95eb13f:c5460, c9d0001a-daad-4532-9e58-9f5f4a7ddd18:c5460]
2019-09-12 14:54:02,351 [grpc-default-executor-2] INFO  client.GrpcClientProtocolClient (GrpcClientProtocolClient.java:onNext(264)) - client-835E41B928D6->6dd5d97a-7455-476f-86d1-706748154c4a: receive RaftClientReply:client-835E41B928D6->6dd5d97a-7455-476f-86d1-706748154c4a@group-349356213E97, cid=3613, SUCCESS, logIndex=5465, commits[6dd5d97a-7455-476f-86d1-706748154c4a:c5466, 8c1a4ac2-2d71-4742-ab0b-89dcc95eb13f:c5462, c9d0001a-daad-4532-9e58-9f5f4a7ddd18:c5464]
2019-09-12 14:54:02,351 [grpc-default-executor-2] INFO  client.GrpcClientProtocolClient (GrpcClientProtocolClient.java:onNext(264)) - client-835E41B928D6->6dd5d97a-7455-476f-86d1-706748154c4a: receive RaftClientReply:client-835E41B928D6->6dd5d97a-7455-476f-86d1-706748154c4a@group-349356213E97, cid=3614, SUCCESS, logIndex=5466, commits[6dd5d97a-7455-476f-86d1-706748154c4a:c5466, 8c1a4ac2-2d71-4742-ab0b-89dcc95eb13f:c5464, c9d0001a-daad-4532-9e58-9f5f4a7ddd18:c5464]
2019-09-12 14:54:02,354 [grpc-default-executor-2] INFO  client.GrpcClientProtocolClient (GrpcClientProtocolClient.java:onNext(264)) - client-835E41B928D6->6dd5d97a-7455-476f-86d1-706748154c4a: receive RaftClientReply:client-835E41B928D6->6dd5d97a-7455-476f-86d1-706748154c4a@group-349356213E97, cid=3615, SUCCESS, logIndex=0, commits[6dd5d97a-7455-476f-86d1-706748154c4a:c5467, 8c1a4ac2-2d71-4742-ab0b-89dcc95eb13f:c5466, c9d0001a-daad-4532-9e58-9f5f4a7ddd18:c5466]
2019-09-12 14:54:02,375 [grpc-default-executor-7] INFO  client.GrpcClientProtocolClient (GrpcClientProtocolClient.java:onNext(264)) - client-835E41B928D6->6dd5d97a-7455-476f-86d1-706748154c4a: receive RaftClientReply:client-835E41B928D6->6dd5d97a-7455-476f-86d1-706748154c4a@group-349356213E97, cid=3616, SUCCESS, logIndex=5469, commits[6dd5d97a-7455-476f-86d1-706748154c4a:c5471, 8c1a4ac2-2d71-4742-ab0b-89dcc95eb13f:c5466, c9d0001a-daad-4532-9e58-9f5f4a7ddd18:c5468]
2019-09-12 14:54:02,375 [grpc-default-executor-7] INFO  client.GrpcClientProtocolClient (GrpcClientProtocolClient.java:onNext(264)) - client-835E41B928D6->6dd5d97a-7455-476f-86d1-706748154c4a: receive RaftClientReply:client-835E41B928D6->6dd5d97a-7455-476f-86d1-706748154c4a@group-349356213E97, cid=3617, SUCCESS, logIndex=5470, commits[6dd5d97a-7455-476f-86d1-706748154c4a:c5472, 8c1a4ac2-2d71-4742-ab0b-89dcc95eb13f:c5466, c9d0001a-daad-4532-9e58-9f5f4a7ddd18:c5468]
2019-09-12 14:54:02,376 [grpc-default-executor-7] INFO  client.GrpcClientProtocolClient (GrpcClientProtocolClient.java:onNext(264)) - client-835E41B928D6->6dd5d97a-7455-476f-86d1-706748154c4a: receive RaftClientReply:client-835E41B928D6->6dd5d97a-7455-476f-86d1-706748154c4a@group-349356213E97, cid=3618, SUCCESS, logIndex=5471, commits[6dd5d97a-7455-476f-86d1-706748154c4a:c5472, 8c1a4ac2-2d71-4742-ab0b-89dcc95eb13f:c5466, c9d0001a-daad-4532-9e58-9f5f4a7ddd18:c5468]
2019-09-12 14:54:02,376 [grpc-default-executor-7] INFO  client.GrpcClientProtocolClient (GrpcClientProtocolClient.java:onNext(264)) - client-835E41B928D6->6dd5d97a-7455-476f-86d1-706748154c4a: receive RaftClientReply:client-835E41B928D6->6dd5d97a-7455-476f-86d1-706748154c4a@group-349356213E97, cid=3619, SUCCESS, logIndex=5472, commits[6dd5d97a-7455-476f-86d1-706748154c4a:c5472, 8c1a4ac2-2d71-4742-ab0b-89dcc95eb13f:c5468, c9d0001a-daad-4532-9e58-9f5f4a7ddd18:c5468]
2019-09-12 14:54:02,379 [grpc-default-executor-7] INFO  client.GrpcClientProtocolClient (GrpcClientProtocolClient.java:onNext(264)) - client-835E41B928D6->6dd5d97a-7455-476f-86d1-706748154c4a: receive RaftClientReply:client-835E41B928D6->6dd5d97a-7455-476f-86d1-706748154c4a@group-349356213E97, cid=3620, SUCCESS, logIndex=0, commits[6dd5d97a-7455-476f-86d1-706748154c4a:c5473, 8c1a4ac2-2d71-4742-ab0b-89dcc95eb13f:c5470, c9d0001a-daad-4532-9e58-9f5f4a7ddd18:c5470]
2019-09-12 14:54:02,389 [grpc-default-executor-2] INFO  client.GrpcClientProtocolClient (GrpcClientProtocolClient.java:onNext(264)) - client-835E41B928D6->6dd5d97a-7455-476f-86d1-706748154c4a: receive RaftClientReply:client-835E41B928D6->6dd5d97a-7455-476f-86d1-706748154c4a@group-349356213E97, cid=3621, SUCCESS, logIndex=5477, commits[6dd5d97a-7455-476f-86d1-706748154c4a:c5478, 8c1a4ac2-2d71-4742-ab0b-89dcc95eb13f:c5472, c9d0001a-daad-4532-9e58-9f5f4a7ddd18:c5476]
2019-09-12 14:54:02,389 [grpc-default-executor-2] INFO  client.GrpcClientProtocolClient (GrpcClientProtocolClient.java:onNext(264)) - client-835E41B928D6->6dd5d97a-7455-476f-86d1-706748154c4a: receive RaftClientReply:client-835E41B928D6->6dd5d97a-7455-476f-86d1-706748154c4a@group-349356213E97, cid=3622, SUCCESS, logIndex=5478, commits[6dd5d97a-7455-476f-86d1-706748154c4a:c5478, 8c1a4ac2-2d71-4742-ab0b-89dcc95eb13f:c5476, c9d0001a-daad-4532-9e58-9f5f4a7ddd18:c5476]
2019-09-12 14:54:02,400 [grpc-default-executor-7] INFO  client.GrpcClientProtocolClient (GrpcClientProtocolClient.java:onNext(264)) - client-835E41B928D6->6dd5d97a-7455-476f-86d1-706748154c4a: receive RaftClientReply:client-835E41B928D6->6dd5d97a-7455-476f-86d1-706748154c4a@group-349356213E97, cid=3623, SUCCESS, logIndex=5481, commits[6dd5d97a-7455-476f-86d1-706748154c4a:c5482, 8c1a4ac2-2d71-4742-ab0b-89dcc95eb13f:c5478, c9d0001a-daad-4532-9e58-9f5f4a7ddd18:c5480]
2019-09-12 14:54:02,400 [grpc-default-executor-2] INFO  client.GrpcClientProtocolClient (GrpcClientProtocolClient.java:onNext(264)) - client-835E41B928D6->6dd5d97a-7455-476f-86d1-706748154c4a: receive RaftClientReply:client-835E41B928D6->6dd5d97a-7455-476f-86d1-706748154c4a@group-349356213E97, cid=3624, SUCCESS, logIndex=5482, commits[6dd5d97a-7455-476f-86d1-706748154c4a:c5482, 8c1a4ac2-2d71-4742-ab0b-89dcc95eb13f:c5478, c9d0001a-daad-4532-9e58-9f5f4a7ddd18:c5480]
2019-09-12 14:54:02,401 [grpc-default-executor-2] INFO  client.GrpcClientProtocolClient (GrpcClientProtocolClient.java:onNext(264)) - client-835E41B928D6->6dd5d97a-7455-476f-86d1-706748154c4a: receive RaftClientReply:client-835E41B928D6->6dd5d97a-7455-476f-86d1-706748154c4a@group-349356213E97, cid=3625, SUCCESS, logIndex=0, commits[6dd5d97a-7455-476f-86d1-706748154c4a:c5483, 8c1a4ac2-2d71-4742-ab0b-89dcc95eb13f:c5482, c9d0001a-daad-4532-9e58-9f5f4a7ddd18:c5482]
2019-09-12 14:54:02,424 [grpc-default-executor-7] INFO  client.GrpcClientProtocolClient (GrpcClientProtocolClient.java:onNext(264)) - client-835E41B928D6->6dd5d97a-7455-476f-86d1-706748154c4a: receive RaftClientReply:client-835E41B928D6->6dd5d97a-7455-476f-86d1-706748154c4a@group-349356213E97, cid=3626, SUCCESS, logIndex=5485, commits[6dd5d97a-7455-476f-86d1-706748154c4a:c5487, 8c1a4ac2-2d71-4742-ab0b-89dcc95eb13f:c5484, c9d0001a-daad-4532-9e58-9f5f4a7ddd18:c5484]
2019-09-12 14:54:02,425 [grpc-default-executor-7] INFO  client.GrpcClientProtocolClient (GrpcClientProtocolClient.java:onNext(264)) - client-835E41B928D6->6dd5d97a-7455-476f-86d1-706748154c4a: receive RaftClientReply:client-835E41B928D6->6dd5d97a-7455-476f-86d1-706748154c4a@group-349356213E97, cid=3627, SUCCESS, logIndex=5486, commits[6dd5d97a-7455-476f-86d1-706748154c4a:c5488, 8c1a4ac2-2d71-4742-ab0b-89dcc95eb13f:c5484, c9d0001a-daad-4532-9e58-9f5f4a7ddd18:c5484]
2019-09-12 14:54:02,425 [grpc-default-executor-7] INFO  client.GrpcClientProtocolClient (GrpcClientProtocolClient.java:onNext(264)) - client-835E41B928D6->6dd5d97a-7455-476f-86d1-706748154c4a: receive RaftClientReply:client-835E41B928D6->6dd5d97a-7455-476f-86d1-706748154c4a@group-349356213E97, cid=3628, SUCCESS, logIndex=5487, commits[6dd5d97a-7455-476f-86d1-706748154c4a:c5488, 8c1a4ac2-2d71-4742-ab0b-89dcc95eb13f:c5484, c9d0001a-daad-4532-9e58-9f5f4a7ddd18:c5484]
2019-09-12 14:54:02,425 [grpc-default-executor-7] INFO  client.GrpcClientProtocolClient (GrpcClientProtocolClient.java:onNext(264)) - client-835E41B928D6->6dd5d97a-7455-476f-86d1-706748154c4a: receive RaftClientReply:client-835E41B928D6->6dd5d97a-7455-476f-86d1-706748154c4a@group-349356213E97, cid=3629, SUCCESS, logIndex=5488, commits[6dd5d97a-7455-476f-86d1-706748154c4a:c5488, 8c1a4ac2-2d71-4742-ab0b-89dcc95eb13f:c5484, c9d0001a-daad-4532-9e58-9f5f4a7ddd18:c5484]
2019-09-12 14:54:02,430 [grpc-default-executor-6] INFO  client.GrpcClientProtocolClient (GrpcClientProtocolClient.java:onNext(264)) - client-835E41B928D6->6dd5d97a-7455-476f-86d1-706748154c4a: receive RaftClientReply:client-835E41B928D6->6dd5d97a-7455-476f-86d1-706748154c4a@group-349356213E97, cid=3630, SUCCESS, logIndex=0, commits[6dd5d97a-7455-476f-86d1-706748154c4a:c5491, 8c1a4ac2-2d71-4742-ab0b-89dcc95eb13f:c5487, c9d0001a-daad-4532-9e58-9f5f4a7ddd18:c5486]
2019-09-12 14:54:02,440 [grpc-default-executor-2] INFO  client.GrpcClientProtocolClient (GrpcClientProtocolClient.java:onNext(264)) - client-835E41B928D6->6dd5d97a-7455-476f-86d1-706748154c4a: receive RaftClientReply:client-835E41B928D6->6dd5d97a-7455-476f-86d1-706748154c4a@group-349356213E97, cid=3631, SUCCESS, logIndex=5493, commits[6dd5d97a-7455-476f-86d1-706748154c4a:c5494, 8c1a4ac2-2d71-4742-ab0b-89dcc95eb13f:c5492, c9d0001a-daad-4532-9e58-9f5f4a7ddd18:c5492]
2019-09-12 14:54:02,440 [grpc-default-executor-2] INFO  client.GrpcClientProtocolClient (GrpcClientProtocolClient.java:onNext(264)) - client-835E41B928D6->6dd5d97a-7455-476f-86d1-706748154c4a: receive RaftClientReply:client-835E41B928D6->6dd5d97a-7455-476f-86d1-706748154c4a@group-349356213E97, cid=3632, SUCCESS, logIndex=5494, commits[6dd5d97a-7455-476f-86d1-706748154c4a:c5494, 8c1a4ac2-2d71-4742-ab0b-89dcc95eb13f:c5492, c9d0001a-daad-4532-9e58-9f5f4a7ddd18:c5492]
2019-09-12 14:54:02,450 [grpc-default-executor-6] INFO  client.GrpcClientProtocolClient (GrpcClientProtocolClient.java:onNext(264)) - client-835E41B928D6->6dd5d97a-7455-476f-86d1-706748154c4a: receive RaftClientReply:client-835E41B928D6->6dd5d97a-7455-476f-86d1-706748154c4a@group-349356213E97, cid=3633, SUCCESS, logIndex=5497, commits[6dd5d97a-7455-476f-86d1-706748154c4a:c5498, 8c1a4ac2-2d71-4742-ab0b-89dcc95eb13f:c5494, c9d0001a-daad-4532-9e58-9f5f4a7ddd18:c5495]
2019-09-12 14:54:02,451 [grpc-default-executor-6] INFO  client.GrpcClientProtocolClient (GrpcClientProtocolClient.java:onNext(264)) - client-835E41B928D6->6dd5d97a-7455-476f-86d1-706748154c4a: receive RaftClientReply:client-835E41B928D6->6dd5d97a-7455-476f-86d1-706748154c4a@group-349356213E97, cid=3634, SUCCESS, logIndex=5498, commits[6dd5d97a-7455-476f-86d1-706748154c4a:c5498, 8c1a4ac2-2d71-4742-ab0b-89dcc95eb13f:c5495, c9d0001a-daad-4532-9e58-9f5f4a7ddd18:c5495]
2019-09-12 14:54:02,455 [grpc-default-executor-6] INFO  client.GrpcClientProtocolClient (GrpcClientProtocolClient.java:onNext(264)) - client-835E41B928D6->6dd5d97a-7455-476f-86d1-706748154c4a: receive RaftClientReply:client-835E41B928D6->6dd5d97a-7455-476f-86d1-706748154c4a@group-349356213E97, cid=3635, SUCCESS, logIndex=0, commits[6dd5d97a-7455-476f-86d1-706748154c4a:c5500, 8c1a4ac2-2d71-4742-ab0b-89dcc95eb13f:c5498, c9d0001a-daad-4532-9e58-9f5f4a7ddd18:c5498]
2019-09-12 14:54:02,592 [grpc-default-executor-2] INFO  client.GrpcClientProtocolClient (GrpcClientProtocolClient.java:onNext(264)) - client-835E41B928D6->6dd5d97a-7455-476f-86d1-706748154c4a: receive RaftClientReply:client-835E41B928D6->6dd5d97a-7455-476f-86d1-706748154c4a@group-349356213E97, cid=3636, SUCCESS, logIndex=5501, commits[6dd5d97a-7455-476f-86d1-706748154c4a:c5503, 8c1a4ac2-2d71-4742-ab0b-89dcc95eb13f:c5500, c9d0001a-daad-4532-9e58-9f5f4a7ddd18:c5500]
2019-09-12 14:54:02,593 [grpc-default-executor-2] INFO  client.GrpcClientProtocolClient (GrpcClientProtocolClient.java:onNext(264)) - client-835E41B928D6->6dd5d97a-7455-476f-86d1-706748154c4a: receive RaftClientReply:client-835E41B928D6->6dd5d97a-7455-476f-86d1-706748154c4a@group-349356213E97, cid=3637, SUCCESS, logIndex=5502, commits[6dd5d97a-7455-476f-86d1-706748154c4a:c5504, 8c1a4ac2-2d71-4742-ab0b-89dcc95eb13f:c5500, c9d0001a-daad-4532-9e58-9f5f4a7ddd18:c5500]
2019-09-12 14:54:02,594 [grpc-default-executor-2] INFO  client.GrpcClientProtocolClient (GrpcClientProtocolClient.java:onNext(264)) - client-835E41B928D6->6dd5d97a-7455-476f-86d1-706748154c4a: receive RaftClientReply:client-835E41B928D6->6dd5d97a-7455-476f-86d1-706748154c4a@group-349356213E97, cid=3638, SUCCESS, logIndex=5503, commits[6dd5d97a-7455-476f-86d1-706748154c4a:c5504, 8c1a4ac2-2d71-4742-ab0b-89dcc95eb13f:c5500, c9d0001a-daad-4532-9e58-9f5f4a7ddd18:c5500]
2019-09-12 14:54:02,594 [grpc-default-executor-2] INFO  client.GrpcClientProtocolClient (GrpcClientProtocolClient.java:onNext(264)) - client-835E41B928D6->6dd5d97a-7455-476f-86d1-706748154c4a: receive RaftClientReply:client-835E41B928D6->6dd5d97a-7455-476f-86d1-706748154c4a@group-349356213E97, cid=3639, SUCCESS, logIndex=5504, commits[6dd5d97a-7455-476f-86d1-706748154c4a:c5504, 8c1a4ac2-2d71-4742-ab0b-89dcc95eb13f:c5500, c9d0001a-daad-4532-9e58-9f5f4a7ddd18:c5500]
2019-09-12 14:54:02,604 [grpc-default-executor-7] INFO  client.GrpcClientProtocolClient (GrpcClientProtocolClient.java:onNext(264)) - client-835E41B928D6->6dd5d97a-7455-476f-86d1-706748154c4a: receive RaftClientReply:client-835E41B928D6->6dd5d97a-7455-476f-86d1-706748154c4a@group-349356213E97, cid=3640, SUCCESS, logIndex=0, commits[6dd5d97a-7455-476f-86d1-706748154c4a:c5506, 8c1a4ac2-2d71-4742-ab0b-89dcc95eb13f:c5502, c9d0001a-daad-4532-9e58-9f5f4a7ddd18:c5502]
 0.00% |█                                                                                                    |  0/1 Time: 0:00:302019-09-12 14:54:02,617 [grpc-default-executor-2] INFO  client.GrpcClientProtocolClient (GrpcClientProtocolClient.java:onNext(264)) - client-835E41B928D6->6dd5d97a-7455-476f-86d1-706748154c4a: receive RaftClientReply:client-835E41B928D6->6dd5d97a-7455-476f-86d1-706748154c4a@group-349356213E97, cid=3641, SUCCESS, logIndex=5509, commits[6dd5d97a-7455-476f-86d1-706748154c4a:c5510, 8c1a4ac2-2d71-4742-ab0b-89dcc95eb13f:c5504, c9d0001a-daad-4532-9e58-9f5f4a7ddd18:c5508]
2019-09-12 14:54:02,618 [grpc-default-executor-2] INFO  client.GrpcClientProtocolClient (GrpcClientProtocolClient.java:onNext(264)) - client-835E41B928D6->6dd5d97a-7455-476f-86d1-706748154c4a: receive RaftClientReply:client-835E41B928D6->6dd5d97a-7455-476f-86d1-706748154c4a@group-349356213E97, cid=3642, SUCCESS, logIndex=5510, commits[6dd5d97a-7455-476f-86d1-706748154c4a:c5510, 8c1a4ac2-2d71-4742-ab0b-89dcc95eb13f:c5508, c9d0001a-daad-4532-9e58-9f5f4a7ddd18:c5508]
2019-09-12 14:54:02,628 [grpc-default-executor-7] INFO  client.GrpcClientProtocolClient (GrpcClientProtocolClient.java:onNext(264)) - client-835E41B928D6->6dd5d97a-7455-476f-86d1-706748154c4a: receive RaftClientReply:client-835E41B928D6->6dd5d97a-7455-476f-86d1-706748154c4a@group-349356213E97, cid=3643, SUCCESS, logIndex=5513, commits[6dd5d97a-7455-476f-86d1-706748154c4a:c5514, 8c1a4ac2-2d71-4742-ab0b-89dcc95eb13f:c5510, c9d0001a-daad-4532-9e58-9f5f4a7ddd18:c5512]
2019-09-12 14:54:02,629 [grpc-default-executor-7] INFO  client.GrpcClientProtocolClient (GrpcClientProtocolClient.java:onNext(264)) - client-835E41B928D6->6dd5d97a-7455-476f-86d1-706748154c4a: receive RaftClientReply:client-835E41B928D6->6dd5d97a-7455-476f-86d1-706748154c4a@group-349356213E97, cid=3644, SUCCESS, logIndex=5514, commits[6dd5d97a-7455-476f-86d1-706748154c4a:c5514, 8c1a4ac2-2d71-4742-ab0b-89dcc95eb13f:c5512, c9d0001a-daad-4532-9e58-9f5f4a7ddd18:c5512]
2019-09-12 14:54:02,631 [grpc-default-executor-7] INFO  client.GrpcClientProtocolClient (GrpcClientProtocolClient.java:onNext(264)) - client-835E41B928D6->6dd5d97a-7455-476f-86d1-706748154c4a: receive RaftClientReply:client-835E41B928D6->6dd5d97a-7455-476f-86d1-706748154c4a@group-349356213E97, cid=3645, SUCCESS, logIndex=0, commits[6dd5d97a-7455-476f-86d1-706748154c4a:c5515, 8c1a4ac2-2d71-4742-ab0b-89dcc95eb13f:c5514, c9d0001a-daad-4532-9e58-9f5f4a7ddd18:c5514]
2019-09-12 14:54:02,654 [grpc-default-executor-7] INFO  client.GrpcClientProtocolClient (GrpcClientProtocolClient.java:onNext(264)) - client-835E41B928D6->6dd5d97a-7455-476f-86d1-706748154c4a: receive RaftClientReply:client-835E41B928D6->6dd5d97a-7455-476f-86d1-706748154c4a@group-349356213E97, cid=3646, SUCCESS, logIndex=5517, commits[6dd5d97a-7455-476f-86d1-706748154c4a:c5518, 8c1a4ac2-2d71-4742-ab0b-89dcc95eb13f:c5516, c9d0001a-daad-4532-9e58-9f5f4a7ddd18:c5514]
2019-09-12 14:54:02,654 [grpc-default-executor-7] INFO  client.GrpcClientProtocolClient (GrpcClientProtocolClient.java:onNext(264)) - client-835E41B928D6->6dd5d97a-7455-476f-86d1-706748154c4a: receive RaftClientReply:client-835E41B928D6->6dd5d97a-7455-476f-86d1-706748154c4a@group-349356213E97, cid=3647, SUCCESS, logIndex=5518, commits[6dd5d97a-7455-476f-86d1-706748154c4a:c5518, 8c1a4ac2-2d71-4742-ab0b-89dcc95eb13f:c5516, c9d0001a-daad-4532-9e58-9f5f4a7ddd18:c5514]
2019-09-12 14:54:02,655 [grpc-default-executor-6] INFO  client.GrpcClientProtocolClient (GrpcClientProtocolClient.java:onNext(264)) - client-835E41B928D6->6dd5d97a-7455-476f-86d1-706748154c4a: receive RaftClientReply:client-835E41B928D6->6dd5d97a-7455-476f-86d1-706748154c4a@group-349356213E97, cid=3648, SUCCESS, logIndex=5519, commits[6dd5d97a-7455-476f-86d1-706748154c4a:c5520, 8c1a4ac2-2d71-4742-ab0b-89dcc95eb13f:c5516, c9d0001a-daad-4532-9e58-9f5f4a7ddd18:c5516]
2019-09-12 14:54:02,655 [grpc-default-executor-6] INFO  client.GrpcClientProtocolClient (GrpcClientProtocolClient.java:onNext(264)) - client-835E41B928D6->6dd5d97a-7455-476f-86d1-706748154c4a: receive RaftClientReply:client-835E41B928D6->6dd5d97a-7455-476f-86d1-706748154c4a@group-349356213E97, cid=3649, SUCCESS, logIndex=5520, commits[6dd5d97a-7455-476f-86d1-706748154c4a:c5520, 8c1a4ac2-2d71-4742-ab0b-89dcc95eb13f:c5516, c9d0001a-daad-4532-9e58-9f5f4a7ddd18:c5516]
2019-09-12 14:54:02,657 [grpc-default-executor-2] INFO  client.GrpcClientProtocolClient (GrpcClientProtocolClient.java:onNext(264)) - client-835E41B928D6->6dd5d97a-7455-476f-86d1-706748154c4a: receive RaftClientReply:client-835E41B928D6->6dd5d97a-7455-476f-86d1-706748154c4a@group-349356213E97, cid=3650, SUCCESS, logIndex=0, commits[6dd5d97a-7455-476f-86d1-706748154c4a:c5522, 8c1a4ac2-2d71-4742-ab0b-89dcc95eb13f:c5518, c9d0001a-daad-4532-9e58-9f5f4a7ddd18:c5518]
2019-09-12 14:54:02,669 [grpc-default-executor-2] INFO  client.GrpcClientProtocolClient (GrpcClientProtocolClient.java:onNext(264)) - client-835E41B928D6->6dd5d97a-7455-476f-86d1-706748154c4a: receive RaftClientReply:client-835E41B928D6->6dd5d97a-7455-476f-86d1-706748154c4a@group-349356213E97, cid=3651, SUCCESS, logIndex=5525, commits[6dd5d97a-7455-476f-86d1-706748154c4a:c5526, 8c1a4ac2-2d71-4742-ab0b-89dcc95eb13f:c5520, c9d0001a-daad-4532-9e58-9f5f4a7ddd18:c5524]
2019-09-12 14:54:02,669 [grpc-default-executor-2] INFO  client.GrpcClientProtocolClient (GrpcClientProtocolClient.java:onNext(264)) - client-835E41B928D6->6dd5d97a-7455-476f-86d1-706748154c4a: receive RaftClientReply:client-835E41B928D6->6dd5d97a-7455-476f-86d1-706748154c4a@group-349356213E97, cid=3652, SUCCESS, logIndex=5526, commits[6dd5d97a-7455-476f-86d1-706748154c4a:c5526, 8c1a4ac2-2d71-4742-ab0b-89dcc95eb13f:c5520, c9d0001a-daad-4532-9e58-9f5f4a7ddd18:c5524]
2019-09-12 14:54:02,681 [grpc-default-executor-6] INFO  client.GrpcClientProtocolClient (GrpcClientProtocolClient.java:onNext(264)) - client-835E41B928D6->6dd5d97a-7455-476f-86d1-706748154c4a: receive RaftClientReply:client-835E41B928D6->6dd5d97a-7455-476f-86d1-706748154c4a@group-349356213E97, cid=3653, SUCCESS, logIndex=5529, commits[6dd5d97a-7455-476f-86d1-706748154c4a:c5530, 8c1a4ac2-2d71-4742-ab0b-89dcc95eb13f:c5526, c9d0001a-daad-4532-9e58-9f5f4a7ddd18:c5528]
2019-09-12 14:54:02,681 [grpc-default-executor-6] INFO  client.GrpcClientProtocolClient (GrpcClientProtocolClient.java:onNext(264)) - client-835E41B928D6->6dd5d97a-7455-476f-86d1-706748154c4a: receive RaftClientReply:client-835E41B928D6->6dd5d97a-7455-476f-86d1-706748154c4a@group-349356213E97, cid=3654, SUCCESS, logIndex=5530, commits[6dd5d97a-7455-476f-86d1-706748154c4a:c5530, 8c1a4ac2-2d71-4742-ab0b-89dcc95eb13f:c5528, c9d0001a-daad-4532-9e58-9f5f4a7ddd18:c5528]
2019-09-12 14:54:02,688 [grpc-default-executor-6] INFO  client.GrpcClientProtocolClient (GrpcClientProtocolClient.java:onNext(264)) - client-835E41B928D6->6dd5d97a-7455-476f-86d1-706748154c4a: receive RaftClientReply:client-835E41B928D6->6dd5d97a-7455-476f-86d1-706748154c4a@group-349356213E97, cid=3655, SUCCESS, logIndex=0, commits[6dd5d97a-7455-476f-86d1-706748154c4a:c5532, 8c1a4ac2-2d71-4742-ab0b-89dcc95eb13f:c5530, c9d0001a-daad-4532-9e58-9f5f4a7ddd18:c5530]
2019-09-12 14:54:02,716 [grpc-default-executor-7] INFO  client.GrpcClientProtocolClient (GrpcClientProtocolClient.java:onNext(264)) - client-835E41B928D6->6dd5d97a-7455-476f-86d1-706748154c4a: receive RaftClientReply:client-835E41B928D6->6dd5d97a-7455-476f-86d1-706748154c4a@group-349356213E97, cid=3656, SUCCESS, logIndex=5533, commits[6dd5d97a-7455-476f-86d1-706748154c4a:c5534, 8c1a4ac2-2d71-4742-ab0b-89dcc95eb13f:c5532, c9d0001a-daad-4532-9e58-9f5f4a7ddd18:c5532]
2019-09-12 14:54:02,716 [grpc-default-executor-7] INFO  client.GrpcClientProtocolClient (GrpcClientProtocolClient.java:onNext(264)) - client-835E41B928D6->6dd5d97a-7455-476f-86d1-706748154c4a: receive RaftClientReply:client-835E41B928D6->6dd5d97a-7455-476f-86d1-706748154c4a@group-349356213E97, cid=3657, SUCCESS, logIndex=5534, commits[6dd5d97a-7455-476f-86d1-706748154c4a:c5536, 8c1a4ac2-2d71-4742-ab0b-89dcc95eb13f:c5532, c9d0001a-daad-4532-9e58-9f5f4a7ddd18:c5532]
2019-09-12 14:54:02,717 [grpc-default-executor-7] INFO  client.GrpcClientProtocolClient (GrpcClientProtocolClient.java:onNext(264)) - client-835E41B928D6->6dd5d97a-7455-476f-86d1-706748154c4a: receive RaftClientReply:client-835E41B928D6->6dd5d97a-7455-476f-86d1-706748154c4a@group-349356213E97, cid=3658, SUCCESS, logIndex=5535, commits[6dd5d97a-7455-476f-86d1-706748154c4a:c5536, 8c1a4ac2-2d71-4742-ab0b-89dcc95eb13f:c5532, c9d0001a-daad-4532-9e58-9f5f4a7ddd18:c5532]
2019-09-12 14:54:02,717 [grpc-default-executor-7] INFO  client.GrpcClientProtocolClient (GrpcClientProtocolClient.java:onNext(264)) - client-835E41B928D6->6dd5d97a-7455-476f-86d1-706748154c4a: receive RaftClientReply:client-835E41B928D6->6dd5d97a-7455-476f-86d1-706748154c4a@group-349356213E97, cid=3659, SUCCESS, logIndex=5536, commits[6dd5d97a-7455-476f-86d1-706748154c4a:c5536, 8c1a4ac2-2d71-4742-ab0b-89dcc95eb13f:c5532, c9d0001a-daad-4532-9e58-9f5f4a7ddd18:c5532]
2019-09-12 14:54:02,719 [grpc-default-executor-7] INFO  client.GrpcClientProtocolClient (GrpcClientProtocolClient.java:onNext(264)) - client-835E41B928D6->6dd5d97a-7455-476f-86d1-706748154c4a: receive RaftClientReply:client-835E41B928D6->6dd5d97a-7455-476f-86d1-706748154c4a@group-349356213E97, cid=3660, SUCCESS, logIndex=0, commits[6dd5d97a-7455-476f-86d1-706748154c4a:c5538, 8c1a4ac2-2d71-4742-ab0b-89dcc95eb13f:c5534, c9d0001a-daad-4532-9e58-9f5f4a7ddd18:c5534]
2019-09-12 14:54:02,738 [grpc-default-executor-7] INFO  client.GrpcClientProtocolClient (GrpcClientProtocolClient.java:onNext(264)) - client-835E41B928D6->6dd5d97a-7455-476f-86d1-706748154c4a: receive RaftClientReply:client-835E41B928D6->6dd5d97a-7455-476f-86d1-706748154c4a@group-349356213E97, cid=3661, SUCCESS, logIndex=5540, commits[6dd5d97a-7455-476f-86d1-706748154c4a:c5540, 8c1a4ac2-2d71-4742-ab0b-89dcc95eb13f:c5539, c9d0001a-daad-4532-9e58-9f5f4a7ddd18:c5539]
2019-09-12 14:54:02,738 [grpc-default-executor-7] INFO  client.GrpcClientProtocolClient (GrpcClientProtocolClient.java:onNext(264)) - client-835E41B928D6->6dd5d97a-7455-476f-86d1-706748154c4a: receive RaftClientReply:client-835E41B928D6->6dd5d97a-7455-476f-86d1-706748154c4a@group-349356213E97, cid=3662, SUCCESS, logIndex=5541, commits[6dd5d97a-7455-476f-86d1-706748154c4a:c5541, 8c1a4ac2-2d71-4742-ab0b-89dcc95eb13f:c5539, c9d0001a-daad-4532-9e58-9f5f4a7ddd18:c5539]
2019-09-12 14:54:02,748 [grpc-default-executor-6] INFO  client.GrpcClientProtocolClient (GrpcClientProtocolClient.java:onNext(264)) - client-835E41B928D6->6dd5d97a-7455-476f-86d1-706748154c4a: receive RaftClientReply:client-835E41B928D6->6dd5d97a-7455-476f-86d1-706748154c4a@group-349356213E97, cid=3663, SUCCESS, logIndex=5544, commits[6dd5d97a-7455-476f-86d1-706748154c4a:c5545, 8c1a4ac2-2d71-4742-ab0b-89dcc95eb13f:c5541, c9d0001a-daad-4532-9e58-9f5f4a7ddd18:c5543]
2019-09-12 14:54:02,748 [grpc-default-executor-6] INFO  client.GrpcClientProtocolClient (GrpcClientProtocolClient.java:onNext(264)) - client-835E41B928D6->6dd5d97a-7455-476f-86d1-706748154c4a: receive RaftClientReply:client-835E41B928D6->6dd5d97a-7455-476f-86d1-706748154c4a@group-349356213E97, cid=3664, SUCCESS, logIndex=5545, commits[6dd5d97a-7455-476f-86d1-706748154c4a:c5545, 8c1a4ac2-2d71-4742-ab0b-89dcc95eb13f:c5543, c9d0001a-daad-4532-9e58-9f5f4a7ddd18:c5543]
2019-09-12 14:54:02,755 [grpc-default-executor-2] INFO  client.GrpcClientProtocolClient (GrpcClientProtocolClient.java:onNext(264)) - client-835E41B928D6->6dd5d97a-7455-476f-86d1-706748154c4a: receive RaftClientReply:client-835E41B928D6->6dd5d97a-7455-476f-86d1-706748154c4a@group-349356213E97, cid=3665, SUCCESS, logIndex=0, commits[6dd5d97a-7455-476f-86d1-706748154c4a:c5546, 8c1a4ac2-2d71-4742-ab0b-89dcc95eb13f:c5545, c9d0001a-daad-4532-9e58-9f5f4a7ddd18:c5545]
2019-09-12 14:54:02,781 [grpc-default-executor-2] INFO  client.GrpcClientProtocolClient (GrpcClientProtocolClient.java:onNext(264)) - client-835E41B928D6->6dd5d97a-7455-476f-86d1-706748154c4a: receive RaftClientReply:client-835E41B928D6->6dd5d97a-7455-476f-86d1-706748154c4a@group-349356213E97, cid=3666, SUCCESS, logIndex=5548, commits[6dd5d97a-7455-476f-86d1-706748154c4a:c5551, 8c1a4ac2-2d71-4742-ab0b-89dcc95eb13f:c5547, c9d0001a-daad-4532-9e58-9f5f4a7ddd18:c5545]
2019-09-12 14:54:02,781 [grpc-default-executor-2] INFO  client.GrpcClientProtocolClient (GrpcClientProtocolClient.java:onNext(264)) - client-835E41B928D6->6dd5d97a-7455-476f-86d1-706748154c4a: receive RaftClientReply:client-835E41B928D6->6dd5d97a-7455-476f-86d1-706748154c4a@group-349356213E97, cid=3667, SUCCESS, logIndex=5549, commits[6dd5d97a-7455-476f-86d1-706748154c4a:c5551, 8c1a4ac2-2d71-4742-ab0b-89dcc95eb13f:c5547, c9d0001a-daad-4532-9e58-9f5f4a7ddd18:c5545]
2019-09-12 14:54:02,782 [grpc-default-executor-2] INFO  client.GrpcClientProtocolClient (GrpcClientProtocolClient.java:onNext(264)) - client-835E41B928D6->6dd5d97a-7455-476f-86d1-706748154c4a: receive RaftClientReply:client-835E41B928D6->6dd5d97a-7455-476f-86d1-706748154c4a@group-349356213E97, cid=3668, SUCCESS, logIndex=5550, commits[6dd5d97a-7455-476f-86d1-706748154c4a:c5551, 8c1a4ac2-2d71-4742-ab0b-89dcc95eb13f:c5547, c9d0001a-daad-4532-9e58-9f5f4a7ddd18:c5547]
2019-09-12 14:54:02,782 [grpc-default-executor-2] INFO  client.GrpcClientProtocolClient (GrpcClientProtocolClient.java:onNext(264)) - client-835E41B928D6->6dd5d97a-7455-476f-86d1-706748154c4a: receive RaftClientReply:client-835E41B928D6->6dd5d97a-7455-476f-86d1-706748154c4a@group-349356213E97, cid=3669, SUCCESS, logIndex=5551, commits[6dd5d97a-7455-476f-86d1-706748154c4a:c5552, 8c1a4ac2-2d71-4742-ab0b-89dcc95eb13f:c5548, c9d0001a-daad-4532-9e58-9f5f4a7ddd18:c5547]
2019-09-12 14:54:02,785 [grpc-default-executor-2] INFO  client.GrpcClientProtocolClient (GrpcClientProtocolClient.java:onNext(264)) - client-835E41B928D6->6dd5d97a-7455-476f-86d1-706748154c4a: receive RaftClientReply:client-835E41B928D6->6dd5d97a-7455-476f-86d1-706748154c4a@group-349356213E97, cid=3670, SUCCESS, logIndex=0, commits[6dd5d97a-7455-476f-86d1-706748154c4a:c5555, 8c1a4ac2-2d71-4742-ab0b-89dcc95eb13f:c5550, c9d0001a-daad-4532-9e58-9f5f4a7ddd18:c5551]
2019-09-12 14:54:02,796 [grpc-default-executor-7] INFO  client.GrpcClientProtocolClient (GrpcClientProtocolClient.java:onNext(264)) - client-835E41B928D6->6dd5d97a-7455-476f-86d1-706748154c4a: receive RaftClientReply:client-835E41B928D6->6dd5d97a-7455-476f-86d1-706748154c4a@group-349356213E97, cid=3671, SUCCESS, logIndex=5556, commits[6dd5d97a-7455-476f-86d1-706748154c4a:c5557, 8c1a4ac2-2d71-4742-ab0b-89dcc95eb13f:c5555, c9d0001a-daad-4532-9e58-9f5f4a7ddd18:c5555]
2019-09-12 14:54:02,796 [grpc-default-executor-7] INFO  client.GrpcClientProtocolClient (GrpcClientProtocolClient.java:onNext(264)) - client-835E41B928D6->6dd5d97a-7455-476f-86d1-706748154c4a: receive RaftClientReply:client-835E41B928D6->6dd5d97a-7455-476f-86d1-706748154c4a@group-349356213E97, cid=3672, SUCCESS, logIndex=5557, commits[6dd5d97a-7455-476f-86d1-706748154c4a:c5557, 8c1a4ac2-2d71-4742-ab0b-89dcc95eb13f:c5555, c9d0001a-daad-4532-9e58-9f5f4a7ddd18:c5555]
2019-09-12 14:54:02,808 [grpc-default-executor-6] INFO  client.GrpcClientProtocolClient (GrpcClientProtocolClient.java:onNext(264)) - client-835E41B928D6->6dd5d97a-7455-476f-86d1-706748154c4a: receive RaftClientReply:client-835E41B928D6->6dd5d97a-7455-476f-86d1-706748154c4a@group-349356213E97, cid=3673, SUCCESS, logIndex=5560, commits[6dd5d97a-7455-476f-86d1-706748154c4a:c5561, 8c1a4ac2-2d71-4742-ab0b-89dcc95eb13f:c5558, c9d0001a-daad-4532-9e58-9f5f4a7ddd18:c5558]
2019-09-12 14:54:02,808 [grpc-default-executor-6] INFO  client.GrpcClientProtocolClient (GrpcClientProtocolClient.java:onNext(264)) - client-835E41B928D6->6dd5d97a-7455-476f-86d1-706748154c4a: receive RaftClientReply:client-835E41B928D6->6dd5d97a-7455-476f-86d1-706748154c4a@group-349356213E97, cid=3674, SUCCESS, logIndex=5561, commits[6dd5d97a-7455-476f-86d1-706748154c4a:c5561, 8c1a4ac2-2d71-4742-ab0b-89dcc95eb13f:c5558, c9d0001a-daad-4532-9e58-9f5f4a7ddd18:c5558]
2019-09-12 14:54:02,815 [grpc-default-executor-6] INFO  client.GrpcClientProtocolClient (GrpcClientProtocolClient.java:onNext(264)) - client-835E41B928D6->6dd5d97a-7455-476f-86d1-706748154c4a: receive RaftClientReply:client-835E41B928D6->6dd5d97a-7455-476f-86d1-706748154c4a@group-349356213E97, cid=3675, SUCCESS, logIndex=0, commits[6dd5d97a-7455-476f-86d1-706748154c4a:c5563, 8c1a4ac2-2d71-4742-ab0b-89dcc95eb13f:c5561, c9d0001a-daad-4532-9e58-9f5f4a7ddd18:c5561]
2019-09-12 14:54:02,837 [grpc-default-executor-6] INFO  client.GrpcClientProtocolClient (GrpcClientProtocolClient.java:onNext(264)) - client-835E41B928D6->6dd5d97a-7455-476f-86d1-706748154c4a: receive RaftClientReply:client-835E41B928D6->6dd5d97a-7455-476f-86d1-706748154c4a@group-349356213E97, cid=3676, SUCCESS, logIndex=5564, commits[6dd5d97a-7455-476f-86d1-706748154c4a:c5567, 8c1a4ac2-2d71-4742-ab0b-89dcc95eb13f:c5563, c9d0001a-daad-4532-9e58-9f5f4a7ddd18:c5561]
2019-09-12 14:54:02,837 [grpc-default-executor-6] INFO  client.GrpcClientProtocolClient (GrpcClientProtocolClient.java:onNext(264)) - client-835E41B928D6->6dd5d97a-7455-476f-86d1-706748154c4a: receive RaftClientReply:client-835E41B928D6->6dd5d97a-7455-476f-86d1-706748154c4a@group-349356213E97, cid=3677, SUCCESS, logIndex=5565, commits[6dd5d97a-7455-476f-86d1-706748154c4a:c5567, 8c1a4ac2-2d71-4742-ab0b-89dcc95eb13f:c5563, c9d0001a-daad-4532-9e58-9f5f4a7ddd18:c5563]
2019-09-12 14:54:02,838 [grpc-default-executor-6] INFO  client.GrpcClientProtocolClient (GrpcClientProtocolClient.java:onNext(264)) - client-835E41B928D6->6dd5d97a-7455-476f-86d1-706748154c4a: receive RaftClientReply:client-835E41B928D6->6dd5d97a-7455-476f-86d1-706748154c4a@group-349356213E97, cid=3678, SUCCESS, logIndex=5566, commits[6dd5d97a-7455-476f-86d1-706748154c4a:c5567, 8c1a4ac2-2d71-4742-ab0b-89dcc95eb13f:c5563, c9d0001a-daad-4532-9e58-9f5f4a7ddd18:c5563]
2019-09-12 14:54:02,838 [grpc-default-executor-6] INFO  client.GrpcClientProtocolClient (GrpcClientProtocolClient.java:onNext(264)) - client-835E41B928D6->6dd5d97a-7455-476f-86d1-706748154c4a: receive RaftClientReply:client-835E41B928D6->6dd5d97a-7455-476f-86d1-706748154c4a@group-349356213E97, cid=3679, SUCCESS, logIndex=5567, commits[6dd5d97a-7455-476f-86d1-706748154c4a:c5567, 8c1a4ac2-2d71-4742-ab0b-89dcc95eb13f:c5563, c9d0001a-daad-4532-9e58-9f5f4a7ddd18:c5563]
2019-09-12 14:54:02,845 [grpc-default-executor-6] INFO  client.GrpcClientProtocolClient (GrpcClientProtocolClient.java:onNext(264)) - client-835E41B928D6->6dd5d97a-7455-476f-86d1-706748154c4a: receive RaftClientReply:client-835E41B928D6->6dd5d97a-7455-476f-86d1-706748154c4a@group-349356213E97, cid=3680, SUCCESS, logIndex=0, commits[6dd5d97a-7455-476f-86d1-706748154c4a:c5568, 8c1a4ac2-2d71-4742-ab0b-89dcc95eb13f:c5566, c9d0001a-daad-4532-9e58-9f5f4a7ddd18:c5566]
2019-09-12 14:54:02,856 [grpc-default-executor-7] INFO  client.GrpcClientProtocolClient (GrpcClientProtocolClient.java:onNext(264)) - client-835E41B928D6->6dd5d97a-7455-476f-86d1-706748154c4a: receive RaftClientReply:client-835E41B928D6->6dd5d97a-7455-476f-86d1-706748154c4a@group-349356213E97, cid=3681, SUCCESS, logIndex=5571, commits[6dd5d97a-7455-476f-86d1-706748154c4a:c5572, 8c1a4ac2-2d71-4742-ab0b-89dcc95eb13f:c5570, c9d0001a-daad-4532-9e58-9f5f4a7ddd18:c5570]
2019-09-12 14:54:02,857 [grpc-default-executor-7] INFO  client.GrpcClientProtocolClient (GrpcClientProtocolClient.java:onNext(264)) - client-835E41B928D6->6dd5d97a-7455-476f-86d1-706748154c4a: receive RaftClientReply:client-835E41B928D6->6dd5d97a-7455-476f-86d1-706748154c4a@group-349356213E97, cid=3682, SUCCESS, logIndex=5572, commits[6dd5d97a-7455-476f-86d1-706748154c4a:c5572, 8c1a4ac2-2d71-4742-ab0b-89dcc95eb13f:c5570, c9d0001a-daad-4532-9e58-9f5f4a7ddd18:c5570]
2019-09-12 14:54:02,867 [grpc-default-executor-6] INFO  client.GrpcClientProtocolClient (GrpcClientProtocolClient.java:onNext(264)) - client-835E41B928D6->6dd5d97a-7455-476f-86d1-706748154c4a: receive RaftClientReply:client-835E41B928D6->6dd5d97a-7455-476f-86d1-706748154c4a@group-349356213E97, cid=3683, SUCCESS, logIndex=5575, commits[6dd5d97a-7455-476f-86d1-706748154c4a:c5576, 8c1a4ac2-2d71-4742-ab0b-89dcc95eb13f:c5573, c9d0001a-daad-4532-9e58-9f5f4a7ddd18:c5572]
2019-09-12 14:54:02,868 [grpc-default-executor-6] INFO  client.GrpcClientProtocolClient (GrpcClientProtocolClient.java:onNext(264)) - client-835E41B928D6->6dd5d97a-7455-476f-86d1-706748154c4a: receive RaftClientReply:client-835E41B928D6->6dd5d97a-7455-476f-86d1-706748154c4a@group-349356213E97, cid=3684, SUCCESS, logIndex=5576, commits[6dd5d97a-7455-476f-86d1-706748154c4a:c5576, 8c1a4ac2-2d71-4742-ab0b-89dcc95eb13f:c5573, c9d0001a-daad-4532-9e58-9f5f4a7ddd18:c5573]
2019-09-12 14:54:02,873 [grpc-default-executor-6] INFO  client.GrpcClientProtocolClient (GrpcClientProtocolClient.java:onNext(264)) - client-835E41B928D6->6dd5d97a-7455-476f-86d1-706748154c4a: receive RaftClientReply:client-835E41B928D6->6dd5d97a-7455-476f-86d1-706748154c4a@group-349356213E97, cid=3685, SUCCESS, logIndex=0, commits[6dd5d97a-7455-476f-86d1-706748154c4a:c5578, 8c1a4ac2-2d71-4742-ab0b-89dcc95eb13f:c5576, c9d0001a-daad-4532-9e58-9f5f4a7ddd18:c5576]
2019-09-12 14:54:02,900 [grpc-default-executor-2] INFO  client.GrpcClientProtocolClient (GrpcClientProtocolClient.java:onNext(264)) - client-835E41B928D6->6dd5d97a-7455-476f-86d1-706748154c4a: receive RaftClientReply:client-835E41B928D6->6dd5d97a-7455-476f-86d1-706748154c4a@group-349356213E97, cid=3686, SUCCESS, logIndex=5579, commits[6dd5d97a-7455-476f-86d1-706748154c4a:c5582, 8c1a4ac2-2d71-4742-ab0b-89dcc95eb13f:c5576, c9d0001a-daad-4532-9e58-9f5f4a7ddd18:c5578]
2019-09-12 14:54:02,900 [grpc-default-executor-2] INFO  client.GrpcClientProtocolClient (GrpcClientProtocolClient.java:onNext(264)) - client-835E41B928D6->6dd5d97a-7455-476f-86d1-706748154c4a: receive RaftClientReply:client-835E41B928D6->6dd5d97a-7455-476f-86d1-706748154c4a@group-349356213E97, cid=3687, SUCCESS, logIndex=5580, commits[6dd5d97a-7455-476f-86d1-706748154c4a:c5582, 8c1a4ac2-2d71-4742-ab0b-89dcc95eb13f:c5576, c9d0001a-daad-4532-9e58-9f5f4a7ddd18:c5578]
2019-09-12 14:54:02,901 [grpc-default-executor-2] INFO  client.GrpcClientProtocolClient (GrpcClientProtocolClient.java:onNext(264)) - client-835E41B928D6->6dd5d97a-7455-476f-86d1-706748154c4a: receive RaftClientReply:client-835E41B928D6->6dd5d97a-7455-476f-86d1-706748154c4a@group-349356213E97, cid=3688, SUCCESS, logIndex=5581, commits[6dd5d97a-7455-476f-86d1-706748154c4a:c5582, 8c1a4ac2-2d71-4742-ab0b-89dcc95eb13f:c5578, c9d0001a-daad-4532-9e58-9f5f4a7ddd18:c5578]
2019-09-12 14:54:02,901 [grpc-default-executor-2] INFO  client.GrpcClientProtocolClient (GrpcClientProtocolClient.java:onNext(264)) - client-835E41B928D6->6dd5d97a-7455-476f-86d1-706748154c4a: receive RaftClientReply:client-835E41B928D6->6dd5d97a-7455-476f-86d1-706748154c4a@group-349356213E97, cid=3689, SUCCESS, logIndex=5582, commits[6dd5d97a-7455-476f-86d1-706748154c4a:c5582, 8c1a4ac2-2d71-4742-ab0b-89dcc95eb13f:c5578, c9d0001a-daad-4532-9e58-9f5f4a7ddd18:c5578]
2019-09-12 14:54:02,904 [grpc-default-executor-2] INFO  client.GrpcClientProtocolClient (GrpcClientProtocolClient.java:onNext(264)) - client-835E41B928D6->6dd5d97a-7455-476f-86d1-706748154c4a: receive RaftClientReply:client-835E41B928D6->6dd5d97a-7455-476f-86d1-706748154c4a@group-349356213E97, cid=3690, SUCCESS, logIndex=0, commits[6dd5d97a-7455-476f-86d1-706748154c4a:c5583, 8c1a4ac2-2d71-4742-ab0b-89dcc95eb13f:c5580, c9d0001a-daad-4532-9e58-9f5f4a7ddd18:c5580]
2019-09-12 14:54:02,915 [grpc-default-executor-7] INFO  client.GrpcClientProtocolClient (GrpcClientProtocolClient.java:onNext(264)) - client-835E41B928D6->6dd5d97a-7455-476f-86d1-706748154c4a: receive RaftClientReply:client-835E41B928D6->6dd5d97a-7455-476f-86d1-706748154c4a@group-349356213E97, cid=3691, SUCCESS, logIndex=5587, commits[6dd5d97a-7455-476f-86d1-706748154c4a:c5588, 8c1a4ac2-2d71-4742-ab0b-89dcc95eb13f:c5586, c9d0001a-daad-4532-9e58-9f5f4a7ddd18:c5582]
2019-09-12 14:54:02,915 [grpc-default-executor-7] INFO  client.GrpcClientProtocolClient (GrpcClientProtocolClient.java:onNext(264)) - client-835E41B928D6->6dd5d97a-7455-476f-86d1-706748154c4a: receive RaftClientReply:client-835E41B928D6->6dd5d97a-7455-476f-86d1-706748154c4a@group-349356213E97, cid=3692, SUCCESS, logIndex=5588, commits[6dd5d97a-7455-476f-86d1-706748154c4a:c5588, 8c1a4ac2-2d71-4742-ab0b-89dcc95eb13f:c5586, c9d0001a-daad-4532-9e58-9f5f4a7ddd18:c5586]
2019-09-12 14:54:02,926 [grpc-default-executor-6] INFO  client.GrpcClientProtocolClient (GrpcClientProtocolClient.java:onNext(264)) - client-835E41B928D6->6dd5d97a-7455-476f-86d1-706748154c4a: receive RaftClientReply:client-835E41B928D6->6dd5d97a-7455-476f-86d1-706748154c4a@group-349356213E97, cid=3693, SUCCESS, logIndex=5591, commits[6dd5d97a-7455-476f-86d1-706748154c4a:c5592, 8c1a4ac2-2d71-4742-ab0b-89dcc95eb13f:c5590, c9d0001a-daad-4532-9e58-9f5f4a7ddd18:c5588]
2019-09-12 14:54:02,927 [grpc-default-executor-6] INFO  client.GrpcClientProtocolClient (GrpcClientProtocolClient.java:onNext(264)) - client-835E41B928D6->6dd5d97a-7455-476f-86d1-706748154c4a: receive RaftClientReply:client-835E41B928D6->6dd5d97a-7455-476f-86d1-706748154c4a@group-349356213E97, cid=3694, SUCCESS, logIndex=5592, commits[6dd5d97a-7455-476f-86d1-706748154c4a:c5592, 8c1a4ac2-2d71-4742-ab0b-89dcc95eb13f:c5590, c9d0001a-daad-4532-9e58-9f5f4a7ddd18:c5590]
2019-09-12 14:54:02,930 [grpc-default-executor-6] INFO  client.GrpcClientProtocolClient (GrpcClientProtocolClient.java:onNext(264)) - client-835E41B928D6->6dd5d97a-7455-476f-86d1-706748154c4a: receive RaftClientReply:client-835E41B928D6->6dd5d97a-7455-476f-86d1-706748154c4a@group-349356213E97, cid=3695, SUCCESS, logIndex=0, commits[6dd5d97a-7455-476f-86d1-706748154c4a:c5593, 8c1a4ac2-2d71-4742-ab0b-89dcc95eb13f:c5592, c9d0001a-daad-4532-9e58-9f5f4a7ddd18:c5592]
2019-09-12 14:54:02,953 [grpc-default-executor-6] INFO  client.GrpcClientProtocolClient (GrpcClientProtocolClient.java:onNext(264)) - client-835E41B928D6->6dd5d97a-7455-476f-86d1-706748154c4a: receive RaftClientReply:client-835E41B928D6->6dd5d97a-7455-476f-86d1-706748154c4a@group-349356213E97, cid=3696, SUCCESS, logIndex=5595, commits[6dd5d97a-7455-476f-86d1-706748154c4a:c5597, 8c1a4ac2-2d71-4742-ab0b-89dcc95eb13f:c5592, c9d0001a-daad-4532-9e58-9f5f4a7ddd18:c5594]
2019-09-12 14:54:02,953 [grpc-default-executor-6] INFO  client.GrpcClientProtocolClient (GrpcClientProtocolClient.java:onNext(264)) - client-835E41B928D6->6dd5d97a-7455-476f-86d1-706748154c4a: receive RaftClientReply:client-835E41B928D6->6dd5d97a-7455-476f-86d1-706748154c4a@group-349356213E97, cid=3697, SUCCESS, logIndex=5596, commits[6dd5d97a-7455-476f-86d1-706748154c4a:c5598, 8c1a4ac2-2d71-4742-ab0b-89dcc95eb13f:c5594, c9d0001a-daad-4532-9e58-9f5f4a7ddd18:c5594]
2019-09-12 14:54:02,953 [grpc-default-executor-6] INFO  client.GrpcClientProtocolClient (GrpcClientProtocolClient.java:onNext(264)) - client-835E41B928D6->6dd5d97a-7455-476f-86d1-706748154c4a: receive RaftClientReply:client-835E41B928D6->6dd5d97a-7455-476f-86d1-706748154c4a@group-349356213E97, cid=3698, SUCCESS, logIndex=5597, commits[6dd5d97a-7455-476f-86d1-706748154c4a:c5598, 8c1a4ac2-2d71-4742-ab0b-89dcc95eb13f:c5594, c9d0001a-daad-4532-9e58-9f5f4a7ddd18:c5594]
2019-09-12 14:54:02,954 [grpc-default-executor-6] INFO  client.GrpcClientProtocolClient (GrpcClientProtocolClient.java:onNext(264)) - client-835E41B928D6->6dd5d97a-7455-476f-86d1-706748154c4a: receive RaftClientReply:client-835E41B928D6->6dd5d97a-7455-476f-86d1-706748154c4a@group-349356213E97, cid=3699, SUCCESS, logIndex=5598, commits[6dd5d97a-7455-476f-86d1-706748154c4a:c5598, 8c1a4ac2-2d71-4742-ab0b-89dcc95eb13f:c5594, c9d0001a-daad-4532-9e58-9f5f4a7ddd18:c5594]
2019-09-12 14:54:02,954 [grpc-default-executor-2] INFO  client.GrpcClientProtocolClient (GrpcClientProtocolClient.java:onNext(264)) - client-835E41B928D6->6dd5d97a-7455-476f-86d1-706748154c4a: receive RaftClientReply:client-835E41B928D6->6dd5d97a-7455-476f-86d1-706748154c4a@group-349356213E97, cid=3700, SUCCESS, logIndex=0, commits[6dd5d97a-7455-476f-86d1-706748154c4a:c5601, 8c1a4ac2-2d71-4742-ab0b-89dcc95eb13f:c5597, c9d0001a-daad-4532-9e58-9f5f4a7ddd18:c5596]
2019-09-12 14:54:02,976 [grpc-default-executor-6] INFO  client.GrpcClientProtocolClient (GrpcClientProtocolClient.java:onNext(264)) - client-835E41B928D6->6dd5d97a-7455-476f-86d1-706748154c4a: receive RaftClientReply:client-835E41B928D6->6dd5d97a-7455-476f-86d1-706748154c4a@group-349356213E97, cid=3701, SUCCESS, logIndex=5603, commits[6dd5d97a-7455-476f-86d1-706748154c4a:c5604, 8c1a4ac2-2d71-4742-ab0b-89dcc95eb13f:c5602, c9d0001a-daad-4532-9e58-9f5f4a7ddd18:c5602]
2019-09-12 14:54:02,977 [grpc-default-executor-6] INFO  client.GrpcClientProtocolClient (GrpcClientProtocolClient.java:onNext(264)) - client-835E41B928D6->6dd5d97a-7455-476f-86d1-706748154c4a: receive RaftClientReply:client-835E41B928D6->6dd5d97a-7455-476f-86d1-706748154c4a@group-349356213E97, cid=3702, SUCCESS, logIndex=5604, commits[6dd5d97a-7455-476f-86d1-706748154c4a:c5604, 8c1a4ac2-2d71-4742-ab0b-89dcc95eb13f:c5602, c9d0001a-daad-4532-9e58-9f5f4a7ddd18:c5602]
2019-09-12 14:54:03,002 [grpc-default-executor-6] INFO  client.GrpcClientProtocolClient (GrpcClientProtocolClient.java:onNext(264)) - client-835E41B928D6->6dd5d97a-7455-476f-86d1-706748154c4a: receive RaftClientReply:client-835E41B928D6->6dd5d97a-7455-476f-86d1-706748154c4a@group-349356213E97, cid=3703, SUCCESS, logIndex=5607, commits[6dd5d97a-7455-476f-86d1-706748154c4a:c5608, 8c1a4ac2-2d71-4742-ab0b-89dcc95eb13f:c5604, c9d0001a-daad-4532-9e58-9f5f4a7ddd18:c5604]
2019-09-12 14:54:03,003 [grpc-default-executor-6] INFO  client.GrpcClientProtocolClient (GrpcClientProtocolClient.java:onNext(264)) - client-835E41B928D6->6dd5d97a-7455-476f-86d1-706748154c4a: receive RaftClientReply:client-835E41B928D6->6dd5d97a-7455-476f-86d1-706748154c4a@group-349356213E97, cid=3704, SUCCESS, logIndex=5608, commits[6dd5d97a-7455-476f-86d1-706748154c4a:c5608, 8c1a4ac2-2d71-4742-ab0b-89dcc95eb13f:c5604, c9d0001a-daad-4532-9e58-9f5f4a7ddd18:c5604]
2019-09-12 14:54:03,032 [grpc-default-executor-6] INFO  client.GrpcClientProtocolClient (GrpcClientProtocolClient.java:onNext(264)) - client-835E41B928D6->6dd5d97a-7455-476f-86d1-706748154c4a: receive RaftClientReply:client-835E41B928D6->6dd5d97a-7455-476f-86d1-706748154c4a@group-349356213E97, cid=3705, SUCCESS, logIndex=0, commits[6dd5d97a-7455-476f-86d1-706748154c4a:c5610, 8c1a4ac2-2d71-4742-ab0b-89dcc95eb13f:c5608, c9d0001a-daad-4532-9e58-9f5f4a7ddd18:c5608]
2019-09-12 14:54:03,069 [grpc-default-executor-6] INFO  client.GrpcClientProtocolClient (GrpcClientProtocolClient.java:onNext(264)) - client-835E41B928D6->6dd5d97a-7455-476f-86d1-706748154c4a: receive RaftClientReply:client-835E41B928D6->6dd5d97a-7455-476f-86d1-706748154c4a@group-349356213E97, cid=3706, SUCCESS, logIndex=5611, commits[6dd5d97a-7455-476f-86d1-706748154c4a:c5612, 8c1a4ac2-2d71-4742-ab0b-89dcc95eb13f:c5608, c9d0001a-daad-4532-9e58-9f5f4a7ddd18:c5610]
2019-09-12 14:54:03,069 [grpc-default-executor-6] INFO  client.GrpcClientProtocolClient (GrpcClientProtocolClient.java:onNext(264)) - client-835E41B928D6->6dd5d97a-7455-476f-86d1-706748154c4a: receive RaftClientReply:client-835E41B928D6->6dd5d97a-7455-476f-86d1-706748154c4a@group-349356213E97, cid=3707, SUCCESS, logIndex=5612, commits[6dd5d97a-7455-476f-86d1-706748154c4a:c5612, 8c1a4ac2-2d71-4742-ab0b-89dcc95eb13f:c5610, c9d0001a-daad-4532-9e58-9f5f4a7ddd18:c5610]
2019-09-12 14:54:03,080 [grpc-default-executor-6] INFO  client.GrpcClientProtocolClient (GrpcClientProtocolClient.java:onNext(264)) - client-835E41B928D6->6dd5d97a-7455-476f-86d1-706748154c4a: receive RaftClientReply:client-835E41B928D6->6dd5d97a-7455-476f-86d1-706748154c4a@group-349356213E97, cid=3708, SUCCESS, logIndex=5613, commits[6dd5d97a-7455-476f-86d1-706748154c4a:c5614, 8c1a4ac2-2d71-4742-ab0b-89dcc95eb13f:c5610, c9d0001a-daad-4532-9e58-9f5f4a7ddd18:c5610]
2019-09-12 14:54:03,080 [grpc-default-executor-6] INFO  client.GrpcClientProtocolClient (GrpcClientProtocolClient.java:onNext(264)) - client-835E41B928D6->6dd5d97a-7455-476f-86d1-706748154c4a: receive RaftClientReply:client-835E41B928D6->6dd5d97a-7455-476f-86d1-706748154c4a@group-349356213E97, cid=3709, SUCCESS, logIndex=5614, commits[6dd5d97a-7455-476f-86d1-706748154c4a:c5614, 8c1a4ac2-2d71-4742-ab0b-89dcc95eb13f:c5610, c9d0001a-daad-4532-9e58-9f5f4a7ddd18:c5610]
2019-09-12 14:54:03,094 [grpc-default-executor-6] INFO  client.GrpcClientProtocolClient (GrpcClientProtocolClient.java:onNext(264)) - client-835E41B928D6->6dd5d97a-7455-476f-86d1-706748154c4a: receive RaftClientReply:client-835E41B928D6->6dd5d97a-7455-476f-86d1-706748154c4a@group-349356213E97, cid=3710, SUCCESS, logIndex=0, commits[6dd5d97a-7455-476f-86d1-706748154c4a:c5615, 8c1a4ac2-2d71-4742-ab0b-89dcc95eb13f:c5612, c9d0001a-daad-4532-9e58-9f5f4a7ddd18:c5612]
2019-09-12 14:54:03,107 [grpc-default-executor-6] INFO  client.GrpcClientProtocolClient (GrpcClientProtocolClient.java:onNext(264)) - client-835E41B928D6->6dd5d97a-7455-476f-86d1-706748154c4a: receive RaftClientReply:client-835E41B928D6->6dd5d97a-7455-476f-86d1-706748154c4a@group-349356213E97, cid=3711, SUCCESS, logIndex=5618, commits[6dd5d97a-7455-476f-86d1-706748154c4a:c5619, 8c1a4ac2-2d71-4742-ab0b-89dcc95eb13f:c5617, c9d0001a-daad-4532-9e58-9f5f4a7ddd18:c5614]
2019-09-12 14:54:03,107 [grpc-default-executor-6] INFO  client.GrpcClientProtocolClient (GrpcClientProtocolClient.java:onNext(264)) - client-835E41B928D6->6dd5d97a-7455-476f-86d1-706748154c4a: receive RaftClientReply:client-835E41B928D6->6dd5d97a-7455-476f-86d1-706748154c4a@group-349356213E97, cid=3712, SUCCESS, logIndex=5619, commits[6dd5d97a-7455-476f-86d1-706748154c4a:c5619, 8c1a4ac2-2d71-4742-ab0b-89dcc95eb13f:c5617, c9d0001a-daad-4532-9e58-9f5f4a7ddd18:c5614]
2019-09-12 14:54:03,129 [grpc-default-executor-2] INFO  client.GrpcClientProtocolClient (GrpcClientProtocolClient.java:onNext(264)) - client-835E41B928D6->6dd5d97a-7455-476f-86d1-706748154c4a: receive RaftClientReply:client-835E41B928D6->6dd5d97a-7455-476f-86d1-706748154c4a@group-349356213E97, cid=3713, SUCCESS, logIndex=5622, commits[6dd5d97a-7455-476f-86d1-706748154c4a:c5623, 8c1a4ac2-2d71-4742-ab0b-89dcc95eb13f:c5619, c9d0001a-daad-4532-9e58-9f5f4a7ddd18:c5619]
2019-09-12 14:54:03,129 [grpc-default-executor-2] INFO  client.GrpcClientProtocolClient (GrpcClientProtocolClient.java:onNext(264)) - client-835E41B928D6->6dd5d97a-7455-476f-86d1-706748154c4a: receive RaftClientReply:client-835E41B928D6->6dd5d97a-7455-476f-86d1-706748154c4a@group-349356213E97, cid=3714, SUCCESS, logIndex=5623, commits[6dd5d97a-7455-476f-86d1-706748154c4a:c5623, 8c1a4ac2-2d71-4742-ab0b-89dcc95eb13f:c5619, c9d0001a-daad-4532-9e58-9f5f4a7ddd18:c5619]
2019-09-12 14:54:03,142 [grpc-default-executor-2] INFO  client.GrpcClientProtocolClient (GrpcClientProtocolClient.java:onNext(264)) - client-835E41B928D6->6dd5d97a-7455-476f-86d1-706748154c4a: receive RaftClientReply:client-835E41B928D6->6dd5d97a-7455-476f-86d1-706748154c4a@group-349356213E97, cid=3715, SUCCESS, logIndex=0, commits[6dd5d97a-7455-476f-86d1-706748154c4a:c5624, 8c1a4ac2-2d71-4742-ab0b-89dcc95eb13f:c5623, c9d0001a-daad-4532-9e58-9f5f4a7ddd18:c5623]
2019-09-12 14:54:03,176 [grpc-default-executor-7] INFO  client.GrpcClientProtocolClient (GrpcClientProtocolClient.java:onNext(264)) - client-835E41B928D6->6dd5d97a-7455-476f-86d1-706748154c4a: receive RaftClientReply:client-835E41B928D6->6dd5d97a-7455-476f-86d1-706748154c4a@group-349356213E97, cid=3716, SUCCESS, logIndex=5625, commits[6dd5d97a-7455-476f-86d1-706748154c4a:c5626, 8c1a4ac2-2d71-4742-ab0b-89dcc95eb13f:c5624, c9d0001a-daad-4532-9e58-9f5f4a7ddd18:c5624]
2019-09-12 14:54:03,177 [grpc-default-executor-7] INFO  client.GrpcClientProtocolClient (GrpcClientProtocolClient.java:onNext(264)) - client-835E41B928D6->6dd5d97a-7455-476f-86d1-706748154c4a: receive RaftClientReply:client-835E41B928D6->6dd5d97a-7455-476f-86d1-706748154c4a@group-349356213E97, cid=3717, SUCCESS, logIndex=5626, commits[6dd5d97a-7455-476f-86d1-706748154c4a:c5626, 8c1a4ac2-2d71-4742-ab0b-89dcc95eb13f:c5624, c9d0001a-daad-4532-9e58-9f5f4a7ddd18:c5624]
2019-09-12 14:54:03,177 [grpc-default-executor-7] INFO  client.GrpcClientProtocolClient (GrpcClientProtocolClient.java:onNext(264)) - client-835E41B928D6->6dd5d97a-7455-476f-86d1-706748154c4a: receive RaftClientReply:client-835E41B928D6->6dd5d97a-7455-476f-86d1-706748154c4a@group-349356213E97, cid=3718, SUCCESS, logIndex=5627, commits[6dd5d97a-7455-476f-86d1-706748154c4a:c5628, 8c1a4ac2-2d71-4742-ab0b-89dcc95eb13f:c5624, c9d0001a-daad-4532-9e58-9f5f4a7ddd18:c5624]
2019-09-12 14:54:03,177 [grpc-default-executor-7] INFO  client.GrpcClientProtocolClient (GrpcClientProtocolClient.java:onNext(264)) - client-835E41B928D6->6dd5d97a-7455-476f-86d1-706748154c4a: receive RaftClientReply:client-835E41B928D6->6dd5d97a-7455-476f-86d1-706748154c4a@group-349356213E97, cid=3719, SUCCESS, logIndex=5628, commits[6dd5d97a-7455-476f-86d1-706748154c4a:c5628, 8c1a4ac2-2d71-4742-ab0b-89dcc95eb13f:c5624, c9d0001a-daad-4532-9e58-9f5f4a7ddd18:c5624]
2019-09-12 14:54:03,181 [grpc-default-executor-6] INFO  client.GrpcClientProtocolClient (GrpcClientProtocolClient.java:onNext(264)) - client-835E41B928D6->6dd5d97a-7455-476f-86d1-706748154c4a: receive RaftClientReply:client-835E41B928D6->6dd5d97a-7455-476f-86d1-706748154c4a@group-349356213E97, cid=3720, SUCCESS, logIndex=0, commits[6dd5d97a-7455-476f-86d1-706748154c4a:c5629, 8c1a4ac2-2d71-4742-ab0b-89dcc95eb13f:c5626, c9d0001a-daad-4532-9e58-9f5f4a7ddd18:c5626]
2019-09-12 14:54:03,191 [grpc-default-executor-2] INFO  client.GrpcClientProtocolClient (GrpcClientProtocolClient.java:onNext(264)) - client-835E41B928D6->6dd5d97a-7455-476f-86d1-706748154c4a: receive RaftClientReply:client-835E41B928D6->6dd5d97a-7455-476f-86d1-706748154c4a@group-349356213E97, cid=3721, SUCCESS, logIndex=5632, commits[6dd5d97a-7455-476f-86d1-706748154c4a:c5633, 8c1a4ac2-2d71-4742-ab0b-89dcc95eb13f:c5631, c9d0001a-daad-4532-9e58-9f5f4a7ddd18:c5628]
2019-09-12 14:54:03,192 [grpc-default-executor-2] INFO  client.GrpcClientProtocolClient (GrpcClientProtocolClient.java:onNext(264)) - client-835E41B928D6->6dd5d97a-7455-476f-86d1-706748154c4a: receive RaftClientReply:client-835E41B928D6->6dd5d97a-7455-476f-86d1-706748154c4a@group-349356213E97, cid=3722, SUCCESS, logIndex=5633, commits[6dd5d97a-7455-476f-86d1-706748154c4a:c5633, 8c1a4ac2-2d71-4742-ab0b-89dcc95eb13f:c5631, c9d0001a-daad-4532-9e58-9f5f4a7ddd18:c5631]
2019-09-12 14:54:03,200 [grpc-default-executor-6] INFO  client.GrpcClientProtocolClient (GrpcClientProtocolClient.java:onNext(264)) - client-835E41B928D6->6dd5d97a-7455-476f-86d1-706748154c4a: receive RaftClientReply:client-835E41B928D6->6dd5d97a-7455-476f-86d1-706748154c4a@group-349356213E97, cid=3723, SUCCESS, logIndex=5636, commits[6dd5d97a-7455-476f-86d1-706748154c4a:c5637, 8c1a4ac2-2d71-4742-ab0b-89dcc95eb13f:c5635, c9d0001a-daad-4532-9e58-9f5f4a7ddd18:c5633]
2019-09-12 14:54:03,201 [grpc-default-executor-6] INFO  client.GrpcClientProtocolClient (GrpcClientProtocolClient.java:onNext(264)) - client-835E41B928D6->6dd5d97a-7455-476f-86d1-706748154c4a: receive RaftClientReply:client-835E41B928D6->6dd5d97a-7455-476f-86d1-706748154c4a@group-349356213E97, cid=3724, SUCCESS, logIndex=5637, commits[6dd5d97a-7455-476f-86d1-706748154c4a:c5637, 8c1a4ac2-2d71-4742-ab0b-89dcc95eb13f:c5635, c9d0001a-daad-4532-9e58-9f5f4a7ddd18:c5635]
2019-09-12 14:54:03,206 [grpc-default-executor-6] INFO  client.GrpcClientProtocolClient (GrpcClientProtocolClient.java:onNext(264)) - client-835E41B928D6->6dd5d97a-7455-476f-86d1-706748154c4a: receive RaftClientReply:client-835E41B928D6->6dd5d97a-7455-476f-86d1-706748154c4a@group-349356213E97, cid=3725, SUCCESS, logIndex=0, commits[6dd5d97a-7455-476f-86d1-706748154c4a:c5639, 8c1a4ac2-2d71-4742-ab0b-89dcc95eb13f:c5637, c9d0001a-daad-4532-9e58-9f5f4a7ddd18:c5637]
2019-09-12 14:54:03,350 [grpc-default-executor-6] INFO  client.GrpcClientProtocolClient (GrpcClientProtocolClient.java:onNext(264)) - client-835E41B928D6->6dd5d97a-7455-476f-86d1-706748154c4a: receive RaftClientReply:client-835E41B928D6->6dd5d97a-7455-476f-86d1-706748154c4a@group-349356213E97, cid=3726, SUCCESS, logIndex=5640, commits[6dd5d97a-7455-476f-86d1-706748154c4a:c5642, 8c1a4ac2-2d71-4742-ab0b-89dcc95eb13f:c5639, c9d0001a-daad-4532-9e58-9f5f4a7ddd18:c5639]
2019-09-12 14:54:03,350 [grpc-default-executor-6] INFO  client.GrpcClientProtocolClient (GrpcClientProtocolClient.java:onNext(264)) - client-835E41B928D6->6dd5d97a-7455-476f-86d1-706748154c4a: receive RaftClientReply:client-835E41B928D6->6dd5d97a-7455-476f-86d1-706748154c4a@group-349356213E97, cid=3727, SUCCESS, logIndex=5641, commits[6dd5d97a-7455-476f-86d1-706748154c4a:c5643, 8c1a4ac2-2d71-4742-ab0b-89dcc95eb13f:c5639, c9d0001a-daad-4532-9e58-9f5f4a7ddd18:c5639]
2019-09-12 14:54:03,351 [grpc-default-executor-6] INFO  client.GrpcClientProtocolClient (GrpcClientProtocolClient.java:onNext(264)) - client-835E41B928D6->6dd5d97a-7455-476f-86d1-706748154c4a: receive RaftClientReply:client-835E41B928D6->6dd5d97a-7455-476f-86d1-706748154c4a@group-349356213E97, cid=3728, SUCCESS, logIndex=5642, commits[6dd5d97a-7455-476f-86d1-706748154c4a:c5643, 8c1a4ac2-2d71-4742-ab0b-89dcc95eb13f:c5639, c9d0001a-daad-4532-9e58-9f5f4a7ddd18:c5639]
2019-09-12 14:54:03,351 [grpc-default-executor-6] INFO  client.GrpcClientProtocolClient (GrpcClientProtocolClient.java:onNext(264)) - client-835E41B928D6->6dd5d97a-7455-476f-86d1-706748154c4a: receive RaftClientReply:client-835E41B928D6->6dd5d97a-7455-476f-86d1-706748154c4a@group-349356213E97, cid=3729, SUCCESS, logIndex=5643, commits[6dd5d97a-7455-476f-86d1-706748154c4a:c5643, 8c1a4ac2-2d71-4742-ab0b-89dcc95eb13f:c5639, c9d0001a-daad-4532-9e58-9f5f4a7ddd18:c5639]
2019-09-12 14:54:03,376 [grpc-default-executor-6] INFO  client.GrpcClientProtocolClient (GrpcClientProtocolClient.java:onNext(264)) - client-835E41B928D6->6dd5d97a-7455-476f-86d1-706748154c4a: receive RaftClientReply:client-835E41B928D6->6dd5d97a-7455-476f-86d1-706748154c4a@group-349356213E97, cid=3730, SUCCESS, logIndex=0, commits[6dd5d97a-7455-476f-86d1-706748154c4a:c5645, 8c1a4ac2-2d71-4742-ab0b-89dcc95eb13f:c5641, c9d0001a-daad-4532-9e58-9f5f4a7ddd18:c5641]
2019-09-12 14:54:03,399 [grpc-default-executor-7] INFO  client.GrpcClientProtocolClient (GrpcClientProtocolClient.java:onNext(264)) - client-835E41B928D6->6dd5d97a-7455-476f-86d1-706748154c4a: receive RaftClientReply:client-835E41B928D6->6dd5d97a-7455-476f-86d1-706748154c4a@group-349356213E97, cid=3731, SUCCESS, logIndex=5648, commits[6dd5d97a-7455-476f-86d1-706748154c4a:c5649, 8c1a4ac2-2d71-4742-ab0b-89dcc95eb13f:c5647, c9d0001a-daad-4532-9e58-9f5f4a7ddd18:c5647]
2019-09-12 14:54:03,399 [grpc-default-executor-7] INFO  client.GrpcClientProtocolClient (GrpcClientProtocolClient.java:onNext(264)) - client-835E41B928D6->6dd5d97a-7455-476f-86d1-706748154c4a: receive RaftClientReply:client-835E41B928D6->6dd5d97a-7455-476f-86d1-706748154c4a@group-349356213E97, cid=3732, SUCCESS, logIndex=5649, commits[6dd5d97a-7455-476f-86d1-706748154c4a:c5649, 8c1a4ac2-2d71-4742-ab0b-89dcc95eb13f:c5647, c9d0001a-daad-4532-9e58-9f5f4a7ddd18:c5647]
2019-09-12 14:54:03,424 [grpc-default-executor-6] INFO  client.GrpcClientProtocolClient (GrpcClientProtocolClient.java:onNext(264)) - client-835E41B928D6->6dd5d97a-7455-476f-86d1-706748154c4a: receive RaftClientReply:client-835E41B928D6->6dd5d97a-7455-476f-86d1-706748154c4a@group-349356213E97, cid=3733, SUCCESS, logIndex=5652, commits[6dd5d97a-7455-476f-86d1-706748154c4a:c5653, 8c1a4ac2-2d71-4742-ab0b-89dcc95eb13f:c5649, c9d0001a-daad-4532-9e58-9f5f4a7ddd18:c5649]
2019-09-12 14:54:03,424 [grpc-default-executor-6] INFO  client.GrpcClientProtocolClient (GrpcClientProtocolClient.java:onNext(264)) - client-835E41B928D6->6dd5d97a-7455-476f-86d1-706748154c4a: receive RaftClientReply:client-835E41B928D6->6dd5d97a-7455-476f-86d1-706748154c4a@group-349356213E97, cid=3734, SUCCESS, logIndex=5653, commits[6dd5d97a-7455-476f-86d1-706748154c4a:c5653, 8c1a4ac2-2d71-4742-ab0b-89dcc95eb13f:c5649, c9d0001a-daad-4532-9e58-9f5f4a7ddd18:c5649]
2019-09-12 14:54:03,437 [grpc-default-executor-6] INFO  client.GrpcClientProtocolClient (GrpcClientProtocolClient.java:onNext(264)) - client-835E41B928D6->6dd5d97a-7455-476f-86d1-706748154c4a: receive RaftClientReply:client-835E41B928D6->6dd5d97a-7455-476f-86d1-706748154c4a@group-349356213E97, cid=3735, SUCCESS, logIndex=0, commits[6dd5d97a-7455-476f-86d1-706748154c4a:c5654, 8c1a4ac2-2d71-4742-ab0b-89dcc95eb13f:c5653, c9d0001a-daad-4532-9e58-9f5f4a7ddd18:c5653]
2019-09-12 14:54:03,464 [grpc-default-executor-6] INFO  client.GrpcClientProtocolClient (GrpcClientProtocolClient.java:onNext(264)) - client-835E41B928D6->6dd5d97a-7455-476f-86d1-706748154c4a: receive RaftClientReply:client-835E41B928D6->6dd5d97a-7455-476f-86d1-706748154c4a@group-349356213E97, cid=3736, SUCCESS, logIndex=5656, commits[6dd5d97a-7455-476f-86d1-706748154c4a:c5659, 8c1a4ac2-2d71-4742-ab0b-89dcc95eb13f:c5655, c9d0001a-daad-4532-9e58-9f5f4a7ddd18:c5655]
2019-09-12 14:54:03,464 [grpc-default-executor-6] INFO  client.GrpcClientProtocolClient (GrpcClientProtocolClient.java:onNext(264)) - client-835E41B928D6->6dd5d97a-7455-476f-86d1-706748154c4a: receive RaftClientReply:client-835E41B928D6->6dd5d97a-7455-476f-86d1-706748154c4a@group-349356213E97, cid=3737, SUCCESS, logIndex=5657, commits[6dd5d97a-7455-476f-86d1-706748154c4a:c5659, 8c1a4ac2-2d71-4742-ab0b-89dcc95eb13f:c5655, c9d0001a-daad-4532-9e58-9f5f4a7ddd18:c5655]
2019-09-12 14:54:03,464 [grpc-default-executor-6] INFO  client.GrpcClientProtocolClient (GrpcClientProtocolClient.java:onNext(264)) - client-835E41B928D6->6dd5d97a-7455-476f-86d1-706748154c4a: receive RaftClientReply:client-835E41B928D6->6dd5d97a-7455-476f-86d1-706748154c4a@group-349356213E97, cid=3738, SUCCESS, logIndex=5658, commits[6dd5d97a-7455-476f-86d1-706748154c4a:c5659, 8c1a4ac2-2d71-4742-ab0b-89dcc95eb13f:c5655, c9d0001a-daad-4532-9e58-9f5f4a7ddd18:c5655]
2019-09-12 14:54:03,465 [grpc-default-executor-6] INFO  client.GrpcClientProtocolClient (GrpcClientProtocolClient.java:onNext(264)) - client-835E41B928D6->6dd5d97a-7455-476f-86d1-706748154c4a: receive RaftClientReply:client-835E41B928D6->6dd5d97a-7455-476f-86d1-706748154c4a@group-349356213E97, cid=3739, SUCCESS, logIndex=5659, commits[6dd5d97a-7455-476f-86d1-706748154c4a:c5659, 8c1a4ac2-2d71-4742-ab0b-89dcc95eb13f:c5655, c9d0001a-daad-4532-9e58-9f5f4a7ddd18:c5655]
2019-09-12 14:54:03,467 [grpc-default-executor-6] INFO  client.GrpcClientProtocolClient (GrpcClientProtocolClient.java:onNext(264)) - client-835E41B928D6->6dd5d97a-7455-476f-86d1-706748154c4a: receive RaftClientReply:client-835E41B928D6->6dd5d97a-7455-476f-86d1-706748154c4a@group-349356213E97, cid=3740, SUCCESS, logIndex=0, commits[6dd5d97a-7455-476f-86d1-706748154c4a:c5660, 8c1a4ac2-2d71-4742-ab0b-89dcc95eb13f:c5658, c9d0001a-daad-4532-9e58-9f5f4a7ddd18:c5658]
2019-09-12 14:54:03,490 [grpc-default-executor-7] INFO  client.GrpcClientProtocolClient (GrpcClientProtocolClient.java:onNext(264)) - client-835E41B928D6->6dd5d97a-7455-476f-86d1-706748154c4a: receive RaftClientReply:client-835E41B928D6->6dd5d97a-7455-476f-86d1-706748154c4a@group-349356213E97, cid=3741, SUCCESS, logIndex=5663, commits[6dd5d97a-7455-476f-86d1-706748154c4a:c5664, 8c1a4ac2-2d71-4742-ab0b-89dcc95eb13f:c5659, c9d0001a-daad-4532-9e58-9f5f4a7ddd18:c5662]
2019-09-12 14:54:03,490 [grpc-default-executor-7] INFO  client.GrpcClientProtocolClient (GrpcClientProtocolClient.java:onNext(264)) - client-835E41B928D6->6dd5d97a-7455-476f-86d1-706748154c4a: receive RaftClientReply:client-835E41B928D6->6dd5d97a-7455-476f-86d1-706748154c4a@group-349356213E97, cid=3742, SUCCESS, logIndex=5664, commits[6dd5d97a-7455-476f-86d1-706748154c4a:c5664, 8c1a4ac2-2d71-4742-ab0b-89dcc95eb13f:c5662, c9d0001a-daad-4532-9e58-9f5f4a7ddd18:c5662]
2019-09-12 14:54:03,507 [grpc-default-executor-6] INFO  client.GrpcClientProtocolClient (GrpcClientProtocolClient.java:onNext(264)) - client-835E41B928D6->6dd5d97a-7455-476f-86d1-706748154c4a: receive RaftClientReply:client-835E41B928D6->6dd5d97a-7455-476f-86d1-706748154c4a@group-349356213E97, cid=3743, SUCCESS, logIndex=5667, commits[6dd5d97a-7455-476f-86d1-706748154c4a:c5668, 8c1a4ac2-2d71-4742-ab0b-89dcc95eb13f:c5666, c9d0001a-daad-4532-9e58-9f5f4a7ddd18:c5666]
2019-09-12 14:54:03,507 [grpc-default-executor-6] INFO  client.GrpcClientProtocolClient (GrpcClientProtocolClient.java:onNext(264)) - client-835E41B928D6->6dd5d97a-7455-476f-86d1-706748154c4a: receive RaftClientReply:client-835E41B928D6->6dd5d97a-7455-476f-86d1-706748154c4a@group-349356213E97, cid=3744, SUCCESS, logIndex=5668, commits[6dd5d97a-7455-476f-86d1-706748154c4a:c5668, 8c1a4ac2-2d71-4742-ab0b-89dcc95eb13f:c5666, c9d0001a-daad-4532-9e58-9f5f4a7ddd18:c5666]
2019-09-12 14:54:03,521 [grpc-default-executor-6] INFO  client.GrpcClientProtocolClient (GrpcClientProtocolClient.java:onNext(264)) - client-835E41B928D6->6dd5d97a-7455-476f-86d1-706748154c4a: receive RaftClientReply:client-835E41B928D6->6dd5d97a-7455-476f-86d1-706748154c4a@group-349356213E97, cid=3745, SUCCESS, logIndex=0, commits[6dd5d97a-7455-476f-86d1-706748154c4a:c5670, 8c1a4ac2-2d71-4742-ab0b-89dcc95eb13f:c5668, c9d0001a-daad-4532-9e58-9f5f4a7ddd18:c5668]
2019-09-12 14:54:03,554 [grpc-default-executor-2] INFO  client.GrpcClientProtocolClient (GrpcClientProtocolClient.java:onNext(264)) - client-835E41B928D6->6dd5d97a-7455-476f-86d1-706748154c4a: receive RaftClientReply:client-835E41B928D6->6dd5d97a-7455-476f-86d1-706748154c4a@group-349356213E97, cid=3746, SUCCESS, logIndex=5671, commits[6dd5d97a-7455-476f-86d1-706748154c4a:c5672, 8c1a4ac2-2d71-4742-ab0b-89dcc95eb13f:c5670, c9d0001a-daad-4532-9e58-9f5f4a7ddd18:c5670]
2019-09-12 14:54:03,554 [grpc-default-executor-2] INFO  client.GrpcClientProtocolClient (GrpcClientProtocolClient.java:onNext(264)) - client-835E41B928D6->6dd5d97a-7455-476f-86d1-706748154c4a: receive RaftClientReply:client-835E41B928D6->6dd5d97a-7455-476f-86d1-706748154c4a@group-349356213E97, cid=3747, SUCCESS, logIndex=5672, commits[6dd5d97a-7455-476f-86d1-706748154c4a:c5672, 8c1a4ac2-2d71-4742-ab0b-89dcc95eb13f:c5670, c9d0001a-daad-4532-9e58-9f5f4a7ddd18:c5670]
2019-09-12 14:54:03,563 [grpc-default-executor-2] INFO  client.GrpcClientProtocolClient (GrpcClientProtocolClient.java:onNext(264)) - client-835E41B928D6->6dd5d97a-7455-476f-86d1-706748154c4a: receive RaftClientReply:client-835E41B928D6->6dd5d97a-7455-476f-86d1-706748154c4a@group-349356213E97, cid=3748, SUCCESS, logIndex=5673, commits[6dd5d97a-7455-476f-86d1-706748154c4a:c5674, 8c1a4ac2-2d71-4742-ab0b-89dcc95eb13f:c5670, c9d0001a-daad-4532-9e58-9f5f4a7ddd18:c5670]
2019-09-12 14:54:03,564 [grpc-default-executor-2] INFO  client.GrpcClientProtocolClient (GrpcClientProtocolClient.java:onNext(264)) - client-835E41B928D6->6dd5d97a-7455-476f-86d1-706748154c4a: receive RaftClientReply:client-835E41B928D6->6dd5d97a-7455-476f-86d1-706748154c4a@group-349356213E97, cid=3749, SUCCESS, logIndex=5674, commits[6dd5d97a-7455-476f-86d1-706748154c4a:c5674, 8c1a4ac2-2d71-4742-ab0b-89dcc95eb13f:c5670, c9d0001a-daad-4532-9e58-9f5f4a7ddd18:c5670]
2019-09-12 14:54:03,566 [grpc-default-executor-2] INFO  client.GrpcClientProtocolClient (GrpcClientProtocolClient.java:onNext(264)) - client-835E41B928D6->6dd5d97a-7455-476f-86d1-706748154c4a: receive RaftClientReply:client-835E41B928D6->6dd5d97a-7455-476f-86d1-706748154c4a@group-349356213E97, cid=3750, SUCCESS, logIndex=0, commits[6dd5d97a-7455-476f-86d1-706748154c4a:c5674, 8c1a4ac2-2d71-4742-ab0b-89dcc95eb13f:c5672, c9d0001a-daad-4532-9e58-9f5f4a7ddd18:c5672]
2019-09-12 14:54:03,594 [grpc-default-executor-6] INFO  client.GrpcClientProtocolClient (GrpcClientProtocolClient.java:onNext(264)) - client-835E41B928D6->6dd5d97a-7455-476f-86d1-706748154c4a: receive RaftClientReply:client-835E41B928D6->6dd5d97a-7455-476f-86d1-706748154c4a@group-349356213E97, cid=3751, SUCCESS, logIndex=5679, commits[6dd5d97a-7455-476f-86d1-706748154c4a:c5680, 8c1a4ac2-2d71-4742-ab0b-89dcc95eb13f:c5674, c9d0001a-daad-4532-9e58-9f5f4a7ddd18:c5674]
2019-09-12 14:54:03,594 [grpc-default-executor-6] INFO  client.GrpcClientProtocolClient (GrpcClientProtocolClient.java:onNext(264)) - client-835E41B928D6->6dd5d97a-7455-476f-86d1-706748154c4a: receive RaftClientReply:client-835E41B928D6->6dd5d97a-7455-476f-86d1-706748154c4a@group-349356213E97, cid=3752, SUCCESS, logIndex=5680, commits[6dd5d97a-7455-476f-86d1-706748154c4a:c5680, 8c1a4ac2-2d71-4742-ab0b-89dcc95eb13f:c5674, c9d0001a-daad-4532-9e58-9f5f4a7ddd18:c5674]
 0.00% |█                                                                                                    |  0/1 Time: 0:00:312019-09-12 14:54:03,621 [grpc-default-executor-2] INFO  client.GrpcClientProtocolClient (GrpcClientProtocolClient.java:onNext(264)) - client-835E41B928D6->6dd5d97a-7455-476f-86d1-706748154c4a: receive RaftClientReply:client-835E41B928D6->6dd5d97a-7455-476f-86d1-706748154c4a@group-349356213E97, cid=3753, SUCCESS, logIndex=5683, commits[6dd5d97a-7455-476f-86d1-706748154c4a:c5684, 8c1a4ac2-2d71-4742-ab0b-89dcc95eb13f:c5680, c9d0001a-daad-4532-9e58-9f5f4a7ddd18:c5680]
2019-09-12 14:54:03,621 [grpc-default-executor-2] INFO  client.GrpcClientProtocolClient (GrpcClientProtocolClient.java:onNext(264)) - client-835E41B928D6->6dd5d97a-7455-476f-86d1-706748154c4a: receive RaftClientReply:client-835E41B928D6->6dd5d97a-7455-476f-86d1-706748154c4a@group-349356213E97, cid=3754, SUCCESS, logIndex=5684, commits[6dd5d97a-7455-476f-86d1-706748154c4a:c5684, 8c1a4ac2-2d71-4742-ab0b-89dcc95eb13f:c5680, c9d0001a-daad-4532-9e58-9f5f4a7ddd18:c5680]
2019-09-12 14:54:03,633 [grpc-default-executor-2] INFO  client.GrpcClientProtocolClient (GrpcClientProtocolClient.java:onNext(264)) - client-835E41B928D6->6dd5d97a-7455-476f-86d1-706748154c4a: receive RaftClientReply:client-835E41B928D6->6dd5d97a-7455-476f-86d1-706748154c4a@group-349356213E97, cid=3755, SUCCESS, logIndex=0, commits[6dd5d97a-7455-476f-86d1-706748154c4a:c5685, 8c1a4ac2-2d71-4742-ab0b-89dcc95eb13f:c5684, c9d0001a-daad-4532-9e58-9f5f4a7ddd18:c5684]
2019-09-12 14:54:03,659 [grpc-default-executor-2] INFO  client.GrpcClientProtocolClient (GrpcClientProtocolClient.java:onNext(264)) - client-835E41B928D6->6dd5d97a-7455-476f-86d1-706748154c4a: receive RaftClientReply:client-835E41B928D6->6dd5d97a-7455-476f-86d1-706748154c4a@group-349356213E97, cid=3756, SUCCESS, logIndex=5687, commits[6dd5d97a-7455-476f-86d1-706748154c4a:c5688, 8c1a4ac2-2d71-4742-ab0b-89dcc95eb13f:c5684, c9d0001a-daad-4532-9e58-9f5f4a7ddd18:c5686]
2019-09-12 14:54:03,659 [grpc-default-executor-7] INFO  client.GrpcClientProtocolClient (GrpcClientProtocolClient.java:onNext(264)) - client-835E41B928D6->6dd5d97a-7455-476f-86d1-706748154c4a: receive RaftClientReply:client-835E41B928D6->6dd5d97a-7455-476f-86d1-706748154c4a@group-349356213E97, cid=3757, SUCCESS, logIndex=5688, commits[6dd5d97a-7455-476f-86d1-706748154c4a:c5688, 8c1a4ac2-2d71-4742-ab0b-89dcc95eb13f:c5684, c9d0001a-daad-4532-9e58-9f5f4a7ddd18:c5686]
2019-09-12 14:54:03,660 [grpc-default-executor-5] INFO  client.GrpcClientProtocolClient (GrpcClientProtocolClient.java:onNext(264)) - client-835E41B928D6->6dd5d97a-7455-476f-86d1-706748154c4a: receive RaftClientReply:client-835E41B928D6->6dd5d97a-7455-476f-86d1-706748154c4a@group-349356213E97, cid=3758, SUCCESS, logIndex=5689, commits[6dd5d97a-7455-476f-86d1-706748154c4a:c5690, 8c1a4ac2-2d71-4742-ab0b-89dcc95eb13f:c5684, c9d0001a-daad-4532-9e58-9f5f4a7ddd18:c5686]
2019-09-12 14:54:03,660 [grpc-default-executor-5] INFO  client.GrpcClientProtocolClient (GrpcClientProtocolClient.java:onNext(264)) - client-835E41B928D6->6dd5d97a-7455-476f-86d1-706748154c4a: receive RaftClientReply:client-835E41B928D6->6dd5d97a-7455-476f-86d1-706748154c4a@group-349356213E97, cid=3759, SUCCESS, logIndex=5690, commits[6dd5d97a-7455-476f-86d1-706748154c4a:c5690, 8c1a4ac2-2d71-4742-ab0b-89dcc95eb13f:c5684, c9d0001a-daad-4532-9e58-9f5f4a7ddd18:c5686]
2019-09-12 14:54:03,662 [grpc-default-executor-5] INFO  client.GrpcClientProtocolClient (GrpcClientProtocolClient.java:onNext(264)) - client-835E41B928D6->6dd5d97a-7455-476f-86d1-706748154c4a: receive RaftClientReply:client-835E41B928D6->6dd5d97a-7455-476f-86d1-706748154c4a@group-349356213E97, cid=3760, SUCCESS, logIndex=0, commits[6dd5d97a-7455-476f-86d1-706748154c4a:c5692, 8c1a4ac2-2d71-4742-ab0b-89dcc95eb13f:c5688, c9d0001a-daad-4532-9e58-9f5f4a7ddd18:c5688]
2019-09-12 14:54:03,674 [grpc-default-executor-5] INFO  client.GrpcClientProtocolClient (GrpcClientProtocolClient.java:onNext(264)) - client-835E41B928D6->6dd5d97a-7455-476f-86d1-706748154c4a: receive RaftClientReply:client-835E41B928D6->6dd5d97a-7455-476f-86d1-706748154c4a@group-349356213E97, cid=3761, SUCCESS, logIndex=5695, commits[6dd5d97a-7455-476f-86d1-706748154c4a:c5696, 8c1a4ac2-2d71-4742-ab0b-89dcc95eb13f:c5694, c9d0001a-daad-4532-9e58-9f5f4a7ddd18:c5690]
2019-09-12 14:54:03,674 [grpc-default-executor-5] INFO  client.GrpcClientProtocolClient (GrpcClientProtocolClient.java:onNext(264)) - client-835E41B928D6->6dd5d97a-7455-476f-86d1-706748154c4a: receive RaftClientReply:client-835E41B928D6->6dd5d97a-7455-476f-86d1-706748154c4a@group-349356213E97, cid=3762, SUCCESS, logIndex=5696, commits[6dd5d97a-7455-476f-86d1-706748154c4a:c5696, 8c1a4ac2-2d71-4742-ab0b-89dcc95eb13f:c5694, c9d0001a-daad-4532-9e58-9f5f4a7ddd18:c5690]
2019-09-12 14:54:03,684 [grpc-default-executor-6] INFO  client.GrpcClientProtocolClient (GrpcClientProtocolClient.java:onNext(264)) - client-835E41B928D6->6dd5d97a-7455-476f-86d1-706748154c4a: receive RaftClientReply:client-835E41B928D6->6dd5d97a-7455-476f-86d1-706748154c4a@group-349356213E97, cid=3763, SUCCESS, logIndex=5699, commits[6dd5d97a-7455-476f-86d1-706748154c4a:c5700, 8c1a4ac2-2d71-4742-ab0b-89dcc95eb13f:c5696, c9d0001a-daad-4532-9e58-9f5f4a7ddd18:c5698]
2019-09-12 14:54:03,684 [grpc-default-executor-6] INFO  client.GrpcClientProtocolClient (GrpcClientProtocolClient.java:onNext(264)) - client-835E41B928D6->6dd5d97a-7455-476f-86d1-706748154c4a: receive RaftClientReply:client-835E41B928D6->6dd5d97a-7455-476f-86d1-706748154c4a@group-349356213E97, cid=3764, SUCCESS, logIndex=5700, commits[6dd5d97a-7455-476f-86d1-706748154c4a:c5700, 8c1a4ac2-2d71-4742-ab0b-89dcc95eb13f:c5698, c9d0001a-daad-4532-9e58-9f5f4a7ddd18:c5698]
2019-09-12 14:54:03,685 [grpc-default-executor-5] INFO  client.GrpcClientProtocolClient (GrpcClientProtocolClient.java:onNext(264)) - client-835E41B928D6->6dd5d97a-7455-476f-86d1-706748154c4a: receive RaftClientReply:client-835E41B928D6->6dd5d97a-7455-476f-86d1-706748154c4a@group-349356213E97, cid=3765, SUCCESS, logIndex=0, commits[6dd5d97a-7455-476f-86d1-706748154c4a:c5701, 8c1a4ac2-2d71-4742-ab0b-89dcc95eb13f:c5700, c9d0001a-daad-4532-9e58-9f5f4a7ddd18:c5700]
2019-09-12 14:54:03,709 [grpc-default-executor-5] INFO  client.GrpcClientProtocolClient (GrpcClientProtocolClient.java:onNext(264)) - client-835E41B928D6->6dd5d97a-7455-476f-86d1-706748154c4a: receive RaftClientReply:client-835E41B928D6->6dd5d97a-7455-476f-86d1-706748154c4a@group-349356213E97, cid=3766, SUCCESS, logIndex=5703, commits[6dd5d97a-7455-476f-86d1-706748154c4a:c5704, 8c1a4ac2-2d71-4742-ab0b-89dcc95eb13f:c5702, c9d0001a-daad-4532-9e58-9f5f4a7ddd18:c5700]
2019-09-12 14:54:03,709 [grpc-default-executor-5] INFO  client.GrpcClientProtocolClient (GrpcClientProtocolClient.java:onNext(264)) - client-835E41B928D6->6dd5d97a-7455-476f-86d1-706748154c4a: receive RaftClientReply:client-835E41B928D6->6dd5d97a-7455-476f-86d1-706748154c4a@group-349356213E97, cid=3767, SUCCESS, logIndex=5704, commits[6dd5d97a-7455-476f-86d1-706748154c4a:c5704, 8c1a4ac2-2d71-4742-ab0b-89dcc95eb13f:c5702, c9d0001a-daad-4532-9e58-9f5f4a7ddd18:c5700]
2019-09-12 14:54:03,711 [grpc-default-executor-6] INFO  client.GrpcClientProtocolClient (GrpcClientProtocolClient.java:onNext(264)) - client-835E41B928D6->6dd5d97a-7455-476f-86d1-706748154c4a: receive RaftClientReply:client-835E41B928D6->6dd5d97a-7455-476f-86d1-706748154c4a@group-349356213E97, cid=3768, SUCCESS, logIndex=5705, commits[6dd5d97a-7455-476f-86d1-706748154c4a:c5706, 8c1a4ac2-2d71-4742-ab0b-89dcc95eb13f:c5703, c9d0001a-daad-4532-9e58-9f5f4a7ddd18:c5700]
2019-09-12 14:54:03,711 [grpc-default-executor-6] INFO  client.GrpcClientProtocolClient (GrpcClientProtocolClient.java:onNext(264)) - client-835E41B928D6->6dd5d97a-7455-476f-86d1-706748154c4a: receive RaftClientReply:client-835E41B928D6->6dd5d97a-7455-476f-86d1-706748154c4a@group-349356213E97, cid=3769, SUCCESS, logIndex=5706, commits[6dd5d97a-7455-476f-86d1-706748154c4a:c5707, 8c1a4ac2-2d71-4742-ab0b-89dcc95eb13f:c5704, c9d0001a-daad-4532-9e58-9f5f4a7ddd18:c5700]
2019-09-12 14:54:03,713 [grpc-default-executor-6] INFO  client.GrpcClientProtocolClient (GrpcClientProtocolClient.java:onNext(264)) - client-835E41B928D6->6dd5d97a-7455-476f-86d1-706748154c4a: receive RaftClientReply:client-835E41B928D6->6dd5d97a-7455-476f-86d1-706748154c4a@group-349356213E97, cid=3770, SUCCESS, logIndex=0, commits[6dd5d97a-7455-476f-86d1-706748154c4a:c5708, 8c1a4ac2-2d71-4742-ab0b-89dcc95eb13f:c5704, c9d0001a-daad-4532-9e58-9f5f4a7ddd18:c5704]
2019-09-12 14:54:03,724 [grpc-default-executor-7] INFO  client.GrpcClientProtocolClient (GrpcClientProtocolClient.java:onNext(264)) - client-835E41B928D6->6dd5d97a-7455-476f-86d1-706748154c4a: receive RaftClientReply:client-835E41B928D6->6dd5d97a-7455-476f-86d1-706748154c4a@group-349356213E97, cid=3771, SUCCESS, logIndex=5711, commits[6dd5d97a-7455-476f-86d1-706748154c4a:c5712, 8c1a4ac2-2d71-4742-ab0b-89dcc95eb13f:c5706, c9d0001a-daad-4532-9e58-9f5f4a7ddd18:c5710]
2019-09-12 14:54:03,724 [grpc-default-executor-7] INFO  client.GrpcClientProtocolClient (GrpcClientProtocolClient.java:onNext(264)) - client-835E41B928D6->6dd5d97a-7455-476f-86d1-706748154c4a: receive RaftClientReply:client-835E41B928D6->6dd5d97a-7455-476f-86d1-706748154c4a@group-349356213E97, cid=3772, SUCCESS, logIndex=5712, commits[6dd5d97a-7455-476f-86d1-706748154c4a:c5712, 8c1a4ac2-2d71-4742-ab0b-89dcc95eb13f:c5710, c9d0001a-daad-4532-9e58-9f5f4a7ddd18:c5710]
2019-09-12 14:54:03,748 [grpc-default-executor-6] INFO  client.GrpcClientProtocolClient (GrpcClientProtocolClient.java:onNext(264)) - client-835E41B928D6->6dd5d97a-7455-476f-86d1-706748154c4a: receive RaftClientReply:client-835E41B928D6->6dd5d97a-7455-476f-86d1-706748154c4a@group-349356213E97, cid=3773, SUCCESS, logIndex=5715, commits[6dd5d97a-7455-476f-86d1-706748154c4a:c5716, 8c1a4ac2-2d71-4742-ab0b-89dcc95eb13f:c5714, c9d0001a-daad-4532-9e58-9f5f4a7ddd18:c5714]
2019-09-12 14:54:03,748 [grpc-default-executor-6] INFO  client.GrpcClientProtocolClient (GrpcClientProtocolClient.java:onNext(264)) - client-835E41B928D6->6dd5d97a-7455-476f-86d1-706748154c4a: receive RaftClientReply:client-835E41B928D6->6dd5d97a-7455-476f-86d1-706748154c4a@group-349356213E97, cid=3774, SUCCESS, logIndex=5716, commits[6dd5d97a-7455-476f-86d1-706748154c4a:c5716, 8c1a4ac2-2d71-4742-ab0b-89dcc95eb13f:c5714, c9d0001a-daad-4532-9e58-9f5f4a7ddd18:c5714]
2019-09-12 14:54:03,773 [grpc-default-executor-6] INFO  client.GrpcClientProtocolClient (GrpcClientProtocolClient.java:onNext(264)) - client-835E41B928D6->6dd5d97a-7455-476f-86d1-706748154c4a: receive RaftClientReply:client-835E41B928D6->6dd5d97a-7455-476f-86d1-706748154c4a@group-349356213E97, cid=3775, SUCCESS, logIndex=0, commits[6dd5d97a-7455-476f-86d1-706748154c4a:c5718, 8c1a4ac2-2d71-4742-ab0b-89dcc95eb13f:c5716, c9d0001a-daad-4532-9e58-9f5f4a7ddd18:c5716]
2019-09-12 14:54:03,805 [grpc-default-executor-2] INFO  client.GrpcClientProtocolClient (GrpcClientProtocolClient.java:onNext(264)) - client-835E41B928D6->6dd5d97a-7455-476f-86d1-706748154c4a: receive RaftClientReply:client-835E41B928D6->6dd5d97a-7455-476f-86d1-706748154c4a@group-349356213E97, cid=3776, SUCCESS, logIndex=5719, commits[6dd5d97a-7455-476f-86d1-706748154c4a:c5720, 8c1a4ac2-2d71-4742-ab0b-89dcc95eb13f:c5718, c9d0001a-daad-4532-9e58-9f5f4a7ddd18:c5718]
2019-09-12 14:54:03,805 [grpc-default-executor-2] INFO  client.GrpcClientProtocolClient (GrpcClientProtocolClient.java:onNext(264)) - client-835E41B928D6->6dd5d97a-7455-476f-86d1-706748154c4a: receive RaftClientReply:client-835E41B928D6->6dd5d97a-7455-476f-86d1-706748154c4a@group-349356213E97, cid=3777, SUCCESS, logIndex=5720, commits[6dd5d97a-7455-476f-86d1-706748154c4a:c5720, 8c1a4ac2-2d71-4742-ab0b-89dcc95eb13f:c5718, c9d0001a-daad-4532-9e58-9f5f4a7ddd18:c5718]
2019-09-12 14:54:03,817 [grpc-default-executor-2] INFO  client.GrpcClientProtocolClient (GrpcClientProtocolClient.java:onNext(264)) - client-835E41B928D6->6dd5d97a-7455-476f-86d1-706748154c4a: receive RaftClientReply:client-835E41B928D6->6dd5d97a-7455-476f-86d1-706748154c4a@group-349356213E97, cid=3778, SUCCESS, logIndex=5721, commits[6dd5d97a-7455-476f-86d1-706748154c4a:c5722, 8c1a4ac2-2d71-4742-ab0b-89dcc95eb13f:c5718, c9d0001a-daad-4532-9e58-9f5f4a7ddd18:c5718]
2019-09-12 14:54:03,817 [grpc-default-executor-2] INFO  client.GrpcClientProtocolClient (GrpcClientProtocolClient.java:onNext(264)) - client-835E41B928D6->6dd5d97a-7455-476f-86d1-706748154c4a: receive RaftClientReply:client-835E41B928D6->6dd5d97a-7455-476f-86d1-706748154c4a@group-349356213E97, cid=3779, SUCCESS, logIndex=5722, commits[6dd5d97a-7455-476f-86d1-706748154c4a:c5722, 8c1a4ac2-2d71-4742-ab0b-89dcc95eb13f:c5718, c9d0001a-daad-4532-9e58-9f5f4a7ddd18:c5718]
2019-09-12 14:54:03,830 [grpc-default-executor-2] INFO  client.GrpcClientProtocolClient (GrpcClientProtocolClient.java:onNext(264)) - client-835E41B928D6->6dd5d97a-7455-476f-86d1-706748154c4a: receive RaftClientReply:client-835E41B928D6->6dd5d97a-7455-476f-86d1-706748154c4a@group-349356213E97, cid=3780, SUCCESS, logIndex=0, commits[6dd5d97a-7455-476f-86d1-706748154c4a:c5724, 8c1a4ac2-2d71-4742-ab0b-89dcc95eb13f:c5720, c9d0001a-daad-4532-9e58-9f5f4a7ddd18:c5720]
2019-09-12 14:54:03,856 [grpc-default-executor-5] INFO  client.GrpcClientProtocolClient (GrpcClientProtocolClient.java:onNext(264)) - client-835E41B928D6->6dd5d97a-7455-476f-86d1-706748154c4a: receive RaftClientReply:client-835E41B928D6->6dd5d97a-7455-476f-86d1-706748154c4a@group-349356213E97, cid=3781, SUCCESS, logIndex=5727, commits[6dd5d97a-7455-476f-86d1-706748154c4a:c5728, 8c1a4ac2-2d71-4742-ab0b-89dcc95eb13f:c5724, c9d0001a-daad-4532-9e58-9f5f4a7ddd18:c5724]
2019-09-12 14:54:03,857 [grpc-default-executor-5] INFO  client.GrpcClientProtocolClient (GrpcClientProtocolClient.java:onNext(264)) - client-835E41B928D6->6dd5d97a-7455-476f-86d1-706748154c4a: receive RaftClientReply:client-835E41B928D6->6dd5d97a-7455-476f-86d1-706748154c4a@group-349356213E97, cid=3782, SUCCESS, logIndex=5728, commits[6dd5d97a-7455-476f-86d1-706748154c4a:c5728, 8c1a4ac2-2d71-4742-ab0b-89dcc95eb13f:c5724, c9d0001a-daad-4532-9e58-9f5f4a7ddd18:c5724]
2019-09-12 14:54:03,871 [grpc-default-executor-7] INFO  client.GrpcClientProtocolClient (GrpcClientProtocolClient.java:onNext(264)) - client-835E41B928D6->6dd5d97a-7455-476f-86d1-706748154c4a: receive RaftClientReply:client-835E41B928D6->6dd5d97a-7455-476f-86d1-706748154c4a@group-349356213E97, cid=3783, SUCCESS, logIndex=5731, commits[6dd5d97a-7455-476f-86d1-706748154c4a:c5731, 8c1a4ac2-2d71-4742-ab0b-89dcc95eb13f:c5728, c9d0001a-daad-4532-9e58-9f5f4a7ddd18:c5728]
2019-09-12 14:54:03,872 [grpc-default-executor-7] INFO  client.GrpcClientProtocolClient (GrpcClientProtocolClient.java:onNext(264)) - client-835E41B928D6->6dd5d97a-7455-476f-86d1-706748154c4a: receive RaftClientReply:client-835E41B928D6->6dd5d97a-7455-476f-86d1-706748154c4a@group-349356213E97, cid=3784, SUCCESS, logIndex=5732, commits[6dd5d97a-7455-476f-86d1-706748154c4a:c5732, 8c1a4ac2-2d71-4742-ab0b-89dcc95eb13f:c5728, c9d0001a-daad-4532-9e58-9f5f4a7ddd18:c5728]
2019-09-12 14:54:03,898 [grpc-default-executor-7] INFO  client.GrpcClientProtocolClient (GrpcClientProtocolClient.java:onNext(264)) - client-835E41B928D6->6dd5d97a-7455-476f-86d1-706748154c4a: receive RaftClientReply:client-835E41B928D6->6dd5d97a-7455-476f-86d1-706748154c4a@group-349356213E97, cid=3785, SUCCESS, logIndex=0, commits[6dd5d97a-7455-476f-86d1-706748154c4a:c5733, 8c1a4ac2-2d71-4742-ab0b-89dcc95eb13f:c5732, c9d0001a-daad-4532-9e58-9f5f4a7ddd18:c5732]
2019-09-12 14:54:03,929 [grpc-default-executor-5] INFO  client.GrpcClientProtocolClient (GrpcClientProtocolClient.java:onNext(264)) - client-835E41B928D6->6dd5d97a-7455-476f-86d1-706748154c4a: receive RaftClientReply:client-835E41B928D6->6dd5d97a-7455-476f-86d1-706748154c4a@group-349356213E97, cid=3786, SUCCESS, logIndex=5735, commits[6dd5d97a-7455-476f-86d1-706748154c4a:c5737, 8c1a4ac2-2d71-4742-ab0b-89dcc95eb13f:c5734, c9d0001a-daad-4532-9e58-9f5f4a7ddd18:c5734]
2019-09-12 14:54:03,930 [grpc-default-executor-5] INFO  client.GrpcClientProtocolClient (GrpcClientProtocolClient.java:onNext(264)) - client-835E41B928D6->6dd5d97a-7455-476f-86d1-706748154c4a: receive RaftClientReply:client-835E41B928D6->6dd5d97a-7455-476f-86d1-706748154c4a@group-349356213E97, cid=3787, SUCCESS, logIndex=5736, commits[6dd5d97a-7455-476f-86d1-706748154c4a:c5738, 8c1a4ac2-2d71-4742-ab0b-89dcc95eb13f:c5734, c9d0001a-daad-4532-9e58-9f5f4a7ddd18:c5734]
2019-09-12 14:54:03,930 [grpc-default-executor-5] INFO  client.GrpcClientProtocolClient (GrpcClientProtocolClient.java:onNext(264)) - client-835E41B928D6->6dd5d97a-7455-476f-86d1-706748154c4a: receive RaftClientReply:client-835E41B928D6->6dd5d97a-7455-476f-86d1-706748154c4a@group-349356213E97, cid=3788, SUCCESS, logIndex=5737, commits[6dd5d97a-7455-476f-86d1-706748154c4a:c5738, 8c1a4ac2-2d71-4742-ab0b-89dcc95eb13f:c5734, c9d0001a-daad-4532-9e58-9f5f4a7ddd18:c5734]
2019-09-12 14:54:03,930 [grpc-default-executor-5] INFO  client.GrpcClientProtocolClient (GrpcClientProtocolClient.java:onNext(264)) - client-835E41B928D6->6dd5d97a-7455-476f-86d1-706748154c4a: receive RaftClientReply:client-835E41B928D6->6dd5d97a-7455-476f-86d1-706748154c4a@group-349356213E97, cid=3789, SUCCESS, logIndex=5738, commits[6dd5d97a-7455-476f-86d1-706748154c4a:c5738, 8c1a4ac2-2d71-4742-ab0b-89dcc95eb13f:c5734, c9d0001a-daad-4532-9e58-9f5f4a7ddd18:c5734]
2019-09-12 14:54:03,936 [grpc-default-executor-5] INFO  client.GrpcClientProtocolClient (GrpcClientProtocolClient.java:onNext(264)) - client-835E41B928D6->6dd5d97a-7455-476f-86d1-706748154c4a: receive RaftClientReply:client-835E41B928D6->6dd5d97a-7455-476f-86d1-706748154c4a@group-349356213E97, cid=3790, SUCCESS, logIndex=0, commits[6dd5d97a-7455-476f-86d1-706748154c4a:c5740, 8c1a4ac2-2d71-4742-ab0b-89dcc95eb13f:c5736, c9d0001a-daad-4532-9e58-9f5f4a7ddd18:c5736]
2019-09-12 14:54:03,948 [grpc-default-executor-2] INFO  client.GrpcClientProtocolClient (GrpcClientProtocolClient.java:onNext(264)) - client-835E41B928D6->6dd5d97a-7455-476f-86d1-706748154c4a: receive RaftClientReply:client-835E41B928D6->6dd5d97a-7455-476f-86d1-706748154c4a@group-349356213E97, cid=3791, SUCCESS, logIndex=5743, commits[6dd5d97a-7455-476f-86d1-706748154c4a:c5744, 8c1a4ac2-2d71-4742-ab0b-89dcc95eb13f:c5738, c9d0001a-daad-4532-9e58-9f5f4a7ddd18:c5742]
2019-09-12 14:54:03,948 [grpc-default-executor-2] INFO  client.GrpcClientProtocolClient (GrpcClientProtocolClient.java:onNext(264)) - client-835E41B928D6->6dd5d97a-7455-476f-86d1-706748154c4a: receive RaftClientReply:client-835E41B928D6->6dd5d97a-7455-476f-86d1-706748154c4a@group-349356213E97, cid=3792, SUCCESS, logIndex=5744, commits[6dd5d97a-7455-476f-86d1-706748154c4a:c5744, 8c1a4ac2-2d71-4742-ab0b-89dcc95eb13f:c5742, c9d0001a-daad-4532-9e58-9f5f4a7ddd18:c5742]
2019-09-12 14:54:03,965 [grpc-default-executor-5] INFO  client.GrpcClientProtocolClient (GrpcClientProtocolClient.java:onNext(264)) - client-835E41B928D6->6dd5d97a-7455-476f-86d1-706748154c4a: receive RaftClientReply:client-835E41B928D6->6dd5d97a-7455-476f-86d1-706748154c4a@group-349356213E97, cid=3793, SUCCESS, logIndex=5747, commits[6dd5d97a-7455-476f-86d1-706748154c4a:c5748, 8c1a4ac2-2d71-4742-ab0b-89dcc95eb13f:c5744, c9d0001a-daad-4532-9e58-9f5f4a7ddd18:c5744]
2019-09-12 14:54:03,966 [grpc-default-executor-5] INFO  client.GrpcClientProtocolClient (GrpcClientProtocolClient.java:onNext(264)) - client-835E41B928D6->6dd5d97a-7455-476f-86d1-706748154c4a: receive RaftClientReply:client-835E41B928D6->6dd5d97a-7455-476f-86d1-706748154c4a@group-349356213E97, cid=3794, SUCCESS, logIndex=5748, commits[6dd5d97a-7455-476f-86d1-706748154c4a:c5748, 8c1a4ac2-2d71-4742-ab0b-89dcc95eb13f:c5744, c9d0001a-daad-4532-9e58-9f5f4a7ddd18:c5744]
2019-09-12 14:54:03,968 [grpc-default-executor-5] INFO  client.GrpcClientProtocolClient (GrpcClientProtocolClient.java:onNext(264)) - client-835E41B928D6->6dd5d97a-7455-476f-86d1-706748154c4a: receive RaftClientReply:client-835E41B928D6->6dd5d97a-7455-476f-86d1-706748154c4a@group-349356213E97, cid=3795, SUCCESS, logIndex=0, commits[6dd5d97a-7455-476f-86d1-706748154c4a:c5749, 8c1a4ac2-2d71-4742-ab0b-89dcc95eb13f:c5748, c9d0001a-daad-4532-9e58-9f5f4a7ddd18:c5748]
2019-09-12 14:54:03,990 [grpc-default-executor-5] INFO  client.GrpcClientProtocolClient (GrpcClientProtocolClient.java:onNext(264)) - client-835E41B928D6->6dd5d97a-7455-476f-86d1-706748154c4a: receive RaftClientReply:client-835E41B928D6->6dd5d97a-7455-476f-86d1-706748154c4a@group-349356213E97, cid=3796, SUCCESS, logIndex=5751, commits[6dd5d97a-7455-476f-86d1-706748154c4a:c5751, 8c1a4ac2-2d71-4742-ab0b-89dcc95eb13f:c5748, c9d0001a-daad-4532-9e58-9f5f4a7ddd18:c5750]
2019-09-12 14:54:03,990 [grpc-default-executor-5] INFO  client.GrpcClientProtocolClient (GrpcClientProtocolClient.java:onNext(264)) - client-835E41B928D6->6dd5d97a-7455-476f-86d1-706748154c4a: receive RaftClientReply:client-835E41B928D6->6dd5d97a-7455-476f-86d1-706748154c4a@group-349356213E97, cid=3797, SUCCESS, logIndex=5752, commits[6dd5d97a-7455-476f-86d1-706748154c4a:c5754, 8c1a4ac2-2d71-4742-ab0b-89dcc95eb13f:c5750, c9d0001a-daad-4532-9e58-9f5f4a7ddd18:c5750]
2019-09-12 14:54:03,990 [grpc-default-executor-5] INFO  client.GrpcClientProtocolClient (GrpcClientProtocolClient.java:onNext(264)) - client-835E41B928D6->6dd5d97a-7455-476f-86d1-706748154c4a: receive RaftClientReply:client-835E41B928D6->6dd5d97a-7455-476f-86d1-706748154c4a@group-349356213E97, cid=3798, SUCCESS, logIndex=5753, commits[6dd5d97a-7455-476f-86d1-706748154c4a:c5754, 8c1a4ac2-2d71-4742-ab0b-89dcc95eb13f:c5750, c9d0001a-daad-4532-9e58-9f5f4a7ddd18:c5750]
2019-09-12 14:54:03,991 [grpc-default-executor-5] INFO  client.GrpcClientProtocolClient (GrpcClientProtocolClient.java:onNext(264)) - client-835E41B928D6->6dd5d97a-7455-476f-86d1-706748154c4a: receive RaftClientReply:client-835E41B928D6->6dd5d97a-7455-476f-86d1-706748154c4a@group-349356213E97, cid=3799, SUCCESS, logIndex=5754, commits[6dd5d97a-7455-476f-86d1-706748154c4a:c5754, 8c1a4ac2-2d71-4742-ab0b-89dcc95eb13f:c5750, c9d0001a-daad-4532-9e58-9f5f4a7ddd18:c5750]
2019-09-12 14:54:03,992 [grpc-default-executor-5] INFO  client.GrpcClientProtocolClient (GrpcClientProtocolClient.java:onNext(264)) - client-835E41B928D6->6dd5d97a-7455-476f-86d1-706748154c4a: receive RaftClientReply:client-835E41B928D6->6dd5d97a-7455-476f-86d1-706748154c4a@group-349356213E97, cid=3800, SUCCESS, logIndex=0, commits[6dd5d97a-7455-476f-86d1-706748154c4a:c5755, 8c1a4ac2-2d71-4742-ab0b-89dcc95eb13f:c5752, c9d0001a-daad-4532-9e58-9f5f4a7ddd18:c5752]
2019-09-12 14:54:04,013 [grpc-default-executor-2] INFO  client.GrpcClientProtocolClient (GrpcClientProtocolClient.java:onNext(264)) - client-835E41B928D6->6dd5d97a-7455-476f-86d1-706748154c4a: receive RaftClientReply:client-835E41B928D6->6dd5d97a-7455-476f-86d1-706748154c4a@group-349356213E97, cid=3801, SUCCESS, logIndex=5758, commits[6dd5d97a-7455-476f-86d1-706748154c4a:c5759, 8c1a4ac2-2d71-4742-ab0b-89dcc95eb13f:c5757, c9d0001a-daad-4532-9e58-9f5f4a7ddd18:c5757]
2019-09-12 14:54:04,013 [grpc-default-executor-2] INFO  client.GrpcClientProtocolClient (GrpcClientProtocolClient.java:onNext(264)) - client-835E41B928D6->6dd5d97a-7455-476f-86d1-706748154c4a: receive RaftClientReply:client-835E41B928D6->6dd5d97a-7455-476f-86d1-706748154c4a@group-349356213E97, cid=3802, SUCCESS, logIndex=5759, commits[6dd5d97a-7455-476f-86d1-706748154c4a:c5759, 8c1a4ac2-2d71-4742-ab0b-89dcc95eb13f:c5757, c9d0001a-daad-4532-9e58-9f5f4a7ddd18:c5757]
2019-09-12 14:54:04,028 [grpc-default-executor-5] INFO  client.GrpcClientProtocolClient (GrpcClientProtocolClient.java:onNext(264)) - client-835E41B928D6->6dd5d97a-7455-476f-86d1-706748154c4a: receive RaftClientReply:client-835E41B928D6->6dd5d97a-7455-476f-86d1-706748154c4a@group-349356213E97, cid=3803, SUCCESS, logIndex=5762, commits[6dd5d97a-7455-476f-86d1-706748154c4a:c5763, 8c1a4ac2-2d71-4742-ab0b-89dcc95eb13f:c5759, c9d0001a-daad-4532-9e58-9f5f4a7ddd18:c5760]
2019-09-12 14:54:04,028 [grpc-default-executor-2] INFO  client.GrpcClientProtocolClient (GrpcClientProtocolClient.java:onNext(264)) - client-835E41B928D6->6dd5d97a-7455-476f-86d1-706748154c4a: receive RaftClientReply:client-835E41B928D6->6dd5d97a-7455-476f-86d1-706748154c4a@group-349356213E97, cid=3804, SUCCESS, logIndex=5763, commits[6dd5d97a-7455-476f-86d1-706748154c4a:c5763, 8c1a4ac2-2d71-4742-ab0b-89dcc95eb13f:c5759, c9d0001a-daad-4532-9e58-9f5f4a7ddd18:c5760]
2019-09-12 14:54:04,030 [grpc-default-executor-2] INFO  client.GrpcClientProtocolClient (GrpcClientProtocolClient.java:onNext(264)) - client-835E41B928D6->6dd5d97a-7455-476f-86d1-706748154c4a: receive RaftClientReply:client-835E41B928D6->6dd5d97a-7455-476f-86d1-706748154c4a@group-349356213E97, cid=3805, SUCCESS, logIndex=0, commits[6dd5d97a-7455-476f-86d1-706748154c4a:c5764, 8c1a4ac2-2d71-4742-ab0b-89dcc95eb13f:c5763, c9d0001a-daad-4532-9e58-9f5f4a7ddd18:c5763]
2019-09-12 14:54:04,061 [grpc-default-executor-2] INFO  client.GrpcClientProtocolClient (GrpcClientProtocolClient.java:onNext(264)) - client-835E41B928D6->6dd5d97a-7455-476f-86d1-706748154c4a: receive RaftClientReply:client-835E41B928D6->6dd5d97a-7455-476f-86d1-706748154c4a@group-349356213E97, cid=3806, SUCCESS, logIndex=5766, commits[6dd5d97a-7455-476f-86d1-706748154c4a:c5767, 8c1a4ac2-2d71-4742-ab0b-89dcc95eb13f:c5765, c9d0001a-daad-4532-9e58-9f5f4a7ddd18:c5765]
2019-09-12 14:54:04,061 [grpc-default-executor-7] INFO  client.GrpcClientProtocolClient (GrpcClientProtocolClient.java:onNext(264)) - client-835E41B928D6->6dd5d97a-7455-476f-86d1-706748154c4a: receive RaftClientReply:client-835E41B928D6->6dd5d97a-7455-476f-86d1-706748154c4a@group-349356213E97, cid=3807, SUCCESS, logIndex=5767, commits[6dd5d97a-7455-476f-86d1-706748154c4a:c5769, 8c1a4ac2-2d71-4742-ab0b-89dcc95eb13f:c5765, c9d0001a-daad-4532-9e58-9f5f4a7ddd18:c5765]
2019-09-12 14:54:04,061 [grpc-default-executor-7] INFO  client.GrpcClientProtocolClient (GrpcClientProtocolClient.java:onNext(264)) - client-835E41B928D6->6dd5d97a-7455-476f-86d1-706748154c4a: receive RaftClientReply:client-835E41B928D6->6dd5d97a-7455-476f-86d1-706748154c4a@group-349356213E97, cid=3808, SUCCESS, logIndex=5768, commits[6dd5d97a-7455-476f-86d1-706748154c4a:c5769, 8c1a4ac2-2d71-4742-ab0b-89dcc95eb13f:c5765, c9d0001a-daad-4532-9e58-9f5f4a7ddd18:c5765]
2019-09-12 14:54:04,062 [grpc-default-executor-7] INFO  client.GrpcClientProtocolClient (GrpcClientProtocolClient.java:onNext(264)) - client-835E41B928D6->6dd5d97a-7455-476f-86d1-706748154c4a: receive RaftClientReply:client-835E41B928D6->6dd5d97a-7455-476f-86d1-706748154c4a@group-349356213E97, cid=3809, SUCCESS, logIndex=5769, commits[6dd5d97a-7455-476f-86d1-706748154c4a:c5769, 8c1a4ac2-2d71-4742-ab0b-89dcc95eb13f:c5765, c9d0001a-daad-4532-9e58-9f5f4a7ddd18:c5765]
2019-09-12 14:54:04,064 [grpc-default-executor-7] INFO  client.GrpcClientProtocolClient (GrpcClientProtocolClient.java:onNext(264)) - client-835E41B928D6->6dd5d97a-7455-476f-86d1-706748154c4a: receive RaftClientReply:client-835E41B928D6->6dd5d97a-7455-476f-86d1-706748154c4a@group-349356213E97, cid=3810, SUCCESS, logIndex=0, commits[6dd5d97a-7455-476f-86d1-706748154c4a:c5771, 8c1a4ac2-2d71-4742-ab0b-89dcc95eb13f:c5767, c9d0001a-daad-4532-9e58-9f5f4a7ddd18:c5767]
2019-09-12 14:54:04,090 [grpc-default-executor-2] INFO  client.GrpcClientProtocolClient (GrpcClientProtocolClient.java:onNext(264)) - client-835E41B928D6->6dd5d97a-7455-476f-86d1-706748154c4a: receive RaftClientReply:client-835E41B928D6->6dd5d97a-7455-476f-86d1-706748154c4a@group-349356213E97, cid=3811, SUCCESS, logIndex=5773, commits[6dd5d97a-7455-476f-86d1-706748154c4a:c5774, 8c1a4ac2-2d71-4742-ab0b-89dcc95eb13f:c5769, c9d0001a-daad-4532-9e58-9f5f4a7ddd18:c5771]
2019-09-12 14:54:04,090 [grpc-default-executor-2] INFO  client.GrpcClientProtocolClient (GrpcClientProtocolClient.java:onNext(264)) - client-835E41B928D6->6dd5d97a-7455-476f-86d1-706748154c4a: receive RaftClientReply:client-835E41B928D6->6dd5d97a-7455-476f-86d1-706748154c4a@group-349356213E97, cid=3812, SUCCESS, logIndex=5774, commits[6dd5d97a-7455-476f-86d1-706748154c4a:c5774, 8c1a4ac2-2d71-4742-ab0b-89dcc95eb13f:c5771, c9d0001a-daad-4532-9e58-9f5f4a7ddd18:c5771]
2019-09-12 14:54:04,116 [grpc-default-executor-5] INFO  client.GrpcClientProtocolClient (GrpcClientProtocolClient.java:onNext(264)) - client-835E41B928D6->6dd5d97a-7455-476f-86d1-706748154c4a: receive RaftClientReply:client-835E41B928D6->6dd5d97a-7455-476f-86d1-706748154c4a@group-349356213E97, cid=3813, SUCCESS, logIndex=5776, commits[6dd5d97a-7455-476f-86d1-706748154c4a:c5777, 8c1a4ac2-2d71-4742-ab0b-89dcc95eb13f:c5774, c9d0001a-daad-4532-9e58-9f5f4a7ddd18:c5774]
2019-09-12 14:54:04,116 [grpc-default-executor-5] INFO  client.GrpcClientProtocolClient (GrpcClientProtocolClient.java:onNext(264)) - client-835E41B928D6->6dd5d97a-7455-476f-86d1-706748154c4a: receive RaftClientReply:client-835E41B928D6->6dd5d97a-7455-476f-86d1-706748154c4a@group-349356213E97, cid=3814, SUCCESS, logIndex=5777, commits[6dd5d97a-7455-476f-86d1-706748154c4a:c5777, 8c1a4ac2-2d71-4742-ab0b-89dcc95eb13f:c5774, c9d0001a-daad-4532-9e58-9f5f4a7ddd18:c5774]
2019-09-12 14:54:04,128 [grpc-default-executor-7] INFO  client.GrpcClientProtocolClient (GrpcClientProtocolClient.java:onNext(264)) - client-835E41B928D6->6dd5d97a-7455-476f-86d1-706748154c4a: receive RaftClientReply:client-835E41B928D6->6dd5d97a-7455-476f-86d1-706748154c4a@group-349356213E97, cid=3815, SUCCESS, logIndex=0, commits[6dd5d97a-7455-476f-86d1-706748154c4a:c5777, 8c1a4ac2-2d71-4742-ab0b-89dcc95eb13f:c5777, c9d0001a-daad-4532-9e58-9f5f4a7ddd18:c5777]
2019-09-12 14:54:04,163 [grpc-default-executor-5] INFO  client.GrpcClientProtocolClient (GrpcClientProtocolClient.java:onNext(264)) - client-835E41B928D6->6dd5d97a-7455-476f-86d1-706748154c4a: receive RaftClientReply:client-835E41B928D6->6dd5d97a-7455-476f-86d1-706748154c4a@group-349356213E97, cid=3816, SUCCESS, logIndex=5780, commits[6dd5d97a-7455-476f-86d1-706748154c4a:c5781, 8c1a4ac2-2d71-4742-ab0b-89dcc95eb13f:c5779, c9d0001a-daad-4532-9e58-9f5f4a7ddd18:c5779]
2019-09-12 14:54:04,260 [grpc-default-executor-5] INFO  client.GrpcClientProtocolClient (GrpcClientProtocolClient.java:onNext(264)) - client-835E41B928D6->6dd5d97a-7455-476f-86d1-706748154c4a: receive RaftClientReply:client-835E41B928D6->6dd5d97a-7455-476f-86d1-706748154c4a@group-349356213E97, cid=3817, SUCCESS, logIndex=5781, commits[6dd5d97a-7455-476f-86d1-706748154c4a:c5783, 8c1a4ac2-2d71-4742-ab0b-89dcc95eb13f:c5779, c9d0001a-daad-4532-9e58-9f5f4a7ddd18:c5779]
2019-09-12 14:54:04,261 [grpc-default-executor-5] INFO  client.GrpcClientProtocolClient (GrpcClientProtocolClient.java:onNext(264)) - client-835E41B928D6->6dd5d97a-7455-476f-86d1-706748154c4a: receive RaftClientReply:client-835E41B928D6->6dd5d97a-7455-476f-86d1-706748154c4a@group-349356213E97, cid=3818, SUCCESS, logIndex=5782, commits[6dd5d97a-7455-476f-86d1-706748154c4a:c5783, 8c1a4ac2-2d71-4742-ab0b-89dcc95eb13f:c5779, c9d0001a-daad-4532-9e58-9f5f4a7ddd18:c5779]
2019-09-12 14:54:04,261 [grpc-default-executor-5] INFO  client.GrpcClientProtocolClient (GrpcClientProtocolClient.java:onNext(264)) - client-835E41B928D6->6dd5d97a-7455-476f-86d1-706748154c4a: receive RaftClientReply:client-835E41B928D6->6dd5d97a-7455-476f-86d1-706748154c4a@group-349356213E97, cid=3819, SUCCESS, logIndex=5783, commits[6dd5d97a-7455-476f-86d1-706748154c4a:c5783, 8c1a4ac2-2d71-4742-ab0b-89dcc95eb13f:c5779, c9d0001a-daad-4532-9e58-9f5f4a7ddd18:c5779]
2019-09-12 14:54:04,262 [grpc-default-executor-5] INFO  client.GrpcClientProtocolClient (GrpcClientProtocolClient.java:onNext(264)) - client-835E41B928D6->6dd5d97a-7455-476f-86d1-706748154c4a: receive RaftClientReply:client-835E41B928D6->6dd5d97a-7455-476f-86d1-706748154c4a@group-349356213E97, cid=3820, SUCCESS, logIndex=0, commits[6dd5d97a-7455-476f-86d1-706748154c4a:c5784, 8c1a4ac2-2d71-4742-ab0b-89dcc95eb13f:c5781, c9d0001a-daad-4532-9e58-9f5f4a7ddd18:c5781]
2019-09-12 14:54:04,286 [grpc-default-executor-7] INFO  client.GrpcClientProtocolClient (GrpcClientProtocolClient.java:onNext(264)) - client-835E41B928D6->6dd5d97a-7455-476f-86d1-706748154c4a: receive RaftClientReply:client-835E41B928D6->6dd5d97a-7455-476f-86d1-706748154c4a@group-349356213E97, cid=3821, SUCCESS, logIndex=5787, commits[6dd5d97a-7455-476f-86d1-706748154c4a:c5787, 8c1a4ac2-2d71-4742-ab0b-89dcc95eb13f:c5784, c9d0001a-daad-4532-9e58-9f5f4a7ddd18:c5784]
2019-09-12 14:54:04,287 [grpc-default-executor-7] INFO  client.GrpcClientProtocolClient (GrpcClientProtocolClient.java:onNext(264)) - client-835E41B928D6->6dd5d97a-7455-476f-86d1-706748154c4a: receive RaftClientReply:client-835E41B928D6->6dd5d97a-7455-476f-86d1-706748154c4a@group-349356213E97, cid=3822, SUCCESS, logIndex=5788, commits[6dd5d97a-7455-476f-86d1-706748154c4a:c5788, 8c1a4ac2-2d71-4742-ab0b-89dcc95eb13f:c5784, c9d0001a-daad-4532-9e58-9f5f4a7ddd18:c5784]
2019-09-12 14:54:04,312 [grpc-default-executor-7] INFO  client.GrpcClientProtocolClient (GrpcClientProtocolClient.java:onNext(264)) - client-835E41B928D6->6dd5d97a-7455-476f-86d1-706748154c4a: receive RaftClientReply:client-835E41B928D6->6dd5d97a-7455-476f-86d1-706748154c4a@group-349356213E97, cid=3823, SUCCESS, logIndex=5791, commits[6dd5d97a-7455-476f-86d1-706748154c4a:c5792, 8c1a4ac2-2d71-4742-ab0b-89dcc95eb13f:c5789, c9d0001a-daad-4532-9e58-9f5f4a7ddd18:c5789]
2019-09-12 14:54:04,313 [grpc-default-executor-7] INFO  client.GrpcClientProtocolClient (GrpcClientProtocolClient.java:onNext(264)) - client-835E41B928D6->6dd5d97a-7455-476f-86d1-706748154c4a: receive RaftClientReply:client-835E41B928D6->6dd5d97a-7455-476f-86d1-706748154c4a@group-349356213E97, cid=3824, SUCCESS, logIndex=5792, commits[6dd5d97a-7455-476f-86d1-706748154c4a:c5792, 8c1a4ac2-2d71-4742-ab0b-89dcc95eb13f:c5789, c9d0001a-daad-4532-9e58-9f5f4a7ddd18:c5789]
2019-09-12 14:54:04,327 [grpc-default-executor-7] INFO  client.GrpcClientProtocolClient (GrpcClientProtocolClient.java:onNext(264)) - client-835E41B928D6->6dd5d97a-7455-476f-86d1-706748154c4a: receive RaftClientReply:client-835E41B928D6->6dd5d97a-7455-476f-86d1-706748154c4a@group-349356213E97, cid=3825, SUCCESS, logIndex=0, commits[6dd5d97a-7455-476f-86d1-706748154c4a:c5794, 8c1a4ac2-2d71-4742-ab0b-89dcc95eb13f:c5792, c9d0001a-daad-4532-9e58-9f5f4a7ddd18:c5792]
2019-09-12 14:54:04,360 [grpc-default-executor-5] INFO  client.GrpcClientProtocolClient (GrpcClientProtocolClient.java:onNext(264)) - client-835E41B928D6->6dd5d97a-7455-476f-86d1-706748154c4a: receive RaftClientReply:client-835E41B928D6->6dd5d97a-7455-476f-86d1-706748154c4a@group-349356213E97, cid=3826, SUCCESS, logIndex=5795, commits[6dd5d97a-7455-476f-86d1-706748154c4a:c5796, 8c1a4ac2-2d71-4742-ab0b-89dcc95eb13f:c5794, c9d0001a-daad-4532-9e58-9f5f4a7ddd18:c5794]
2019-09-12 14:54:04,360 [grpc-default-executor-5] INFO  client.GrpcClientProtocolClient (GrpcClientProtocolClient.java:onNext(264)) - client-835E41B928D6->6dd5d97a-7455-476f-86d1-706748154c4a: receive RaftClientReply:client-835E41B928D6->6dd5d97a-7455-476f-86d1-706748154c4a@group-349356213E97, cid=3827, SUCCESS, logIndex=5796, commits[6dd5d97a-7455-476f-86d1-706748154c4a:c5796, 8c1a4ac2-2d71-4742-ab0b-89dcc95eb13f:c5794, c9d0001a-daad-4532-9e58-9f5f4a7ddd18:c5794]
2019-09-12 14:54:04,370 [grpc-default-executor-5] INFO  client.GrpcClientProtocolClient (GrpcClientProtocolClient.java:onNext(264)) - client-835E41B928D6->6dd5d97a-7455-476f-86d1-706748154c4a: receive RaftClientReply:client-835E41B928D6->6dd5d97a-7455-476f-86d1-706748154c4a@group-349356213E97, cid=3828, SUCCESS, logIndex=5797, commits[6dd5d97a-7455-476f-86d1-706748154c4a:c5798, 8c1a4ac2-2d71-4742-ab0b-89dcc95eb13f:c5794, c9d0001a-daad-4532-9e58-9f5f4a7ddd18:c5794]
2019-09-12 14:54:04,370 [grpc-default-executor-5] INFO  client.GrpcClientProtocolClient (GrpcClientProtocolClient.java:onNext(264)) - client-835E41B928D6->6dd5d97a-7455-476f-86d1-706748154c4a: receive RaftClientReply:client-835E41B928D6->6dd5d97a-7455-476f-86d1-706748154c4a@group-349356213E97, cid=3829, SUCCESS, logIndex=5798, commits[6dd5d97a-7455-476f-86d1-706748154c4a:c5798, 8c1a4ac2-2d71-4742-ab0b-89dcc95eb13f:c5794, c9d0001a-daad-4532-9e58-9f5f4a7ddd18:c5794]
2019-09-12 14:54:04,372 [grpc-default-executor-5] INFO  client.GrpcClientProtocolClient (GrpcClientProtocolClient.java:onNext(264)) - client-835E41B928D6->6dd5d97a-7455-476f-86d1-706748154c4a: receive RaftClientReply:client-835E41B928D6->6dd5d97a-7455-476f-86d1-706748154c4a@group-349356213E97, cid=3830, SUCCESS, logIndex=0, commits[6dd5d97a-7455-476f-86d1-706748154c4a:c5798, 8c1a4ac2-2d71-4742-ab0b-89dcc95eb13f:c5796, c9d0001a-daad-4532-9e58-9f5f4a7ddd18:c5796]
2019-09-12 14:54:04,398 [grpc-default-executor-5] INFO  client.GrpcClientProtocolClient (GrpcClientProtocolClient.java:onNext(264)) - client-835E41B928D6->6dd5d97a-7455-476f-86d1-706748154c4a: receive RaftClientReply:client-835E41B928D6->6dd5d97a-7455-476f-86d1-706748154c4a@group-349356213E97, cid=3831, SUCCESS, logIndex=5803, commits[6dd5d97a-7455-476f-86d1-706748154c4a:c5804, 8c1a4ac2-2d71-4742-ab0b-89dcc95eb13f:c5798, c9d0001a-daad-4532-9e58-9f5f4a7ddd18:c5798]
2019-09-12 14:54:04,399 [grpc-default-executor-5] INFO  client.GrpcClientProtocolClient (GrpcClientProtocolClient.java:onNext(264)) - client-835E41B928D6->6dd5d97a-7455-476f-86d1-706748154c4a: receive RaftClientReply:client-835E41B928D6->6dd5d97a-7455-476f-86d1-706748154c4a@group-349356213E97, cid=3832, SUCCESS, logIndex=5804, commits[6dd5d97a-7455-476f-86d1-706748154c4a:c5804, 8c1a4ac2-2d71-4742-ab0b-89dcc95eb13f:c5798, c9d0001a-daad-4532-9e58-9f5f4a7ddd18:c5798]
2019-09-12 14:54:04,425 [grpc-default-executor-7] INFO  client.GrpcClientProtocolClient (GrpcClientProtocolClient.java:onNext(264)) - client-835E41B928D6->6dd5d97a-7455-476f-86d1-706748154c4a: receive RaftClientReply:client-835E41B928D6->6dd5d97a-7455-476f-86d1-706748154c4a@group-349356213E97, cid=3833, SUCCESS, logIndex=5807, commits[6dd5d97a-7455-476f-86d1-706748154c4a:c5808, 8c1a4ac2-2d71-4742-ab0b-89dcc95eb13f:c5804, c9d0001a-daad-4532-9e58-9f5f4a7ddd18:c5804]
2019-09-12 14:54:04,425 [grpc-default-executor-7] INFO  client.GrpcClientProtocolClient (GrpcClientProtocolClient.java:onNext(264)) - client-835E41B928D6->6dd5d97a-7455-476f-86d1-706748154c4a: receive RaftClientReply:client-835E41B928D6->6dd5d97a-7455-476f-86d1-706748154c4a@group-349356213E97, cid=3834, SUCCESS, logIndex=5808, commits[6dd5d97a-7455-476f-86d1-706748154c4a:c5808, 8c1a4ac2-2d71-4742-ab0b-89dcc95eb13f:c5804, c9d0001a-daad-4532-9e58-9f5f4a7ddd18:c5804]
2019-09-12 14:54:04,447 [grpc-default-executor-5] INFO  client.GrpcClientProtocolClient (GrpcClientProtocolClient.java:onNext(264)) - client-835E41B928D6->6dd5d97a-7455-476f-86d1-706748154c4a: receive RaftClientReply:client-835E41B928D6->6dd5d97a-7455-476f-86d1-706748154c4a@group-349356213E97, cid=3835, SUCCESS, logIndex=0, commits[6dd5d97a-7455-476f-86d1-706748154c4a:c5810, 8c1a4ac2-2d71-4742-ab0b-89dcc95eb13f:c5808, c9d0001a-daad-4532-9e58-9f5f4a7ddd18:c5808]
2019-09-12 14:54:04,475 [grpc-default-executor-2] INFO  client.GrpcClientProtocolClient (GrpcClientProtocolClient.java:onNext(264)) - client-835E41B928D6->6dd5d97a-7455-476f-86d1-706748154c4a: receive RaftClientReply:client-835E41B928D6->6dd5d97a-7455-476f-86d1-706748154c4a@group-349356213E97, cid=3836, SUCCESS, logIndex=5811, commits[6dd5d97a-7455-476f-86d1-706748154c4a:c5812, 8c1a4ac2-2d71-4742-ab0b-89dcc95eb13f:c5810, c9d0001a-daad-4532-9e58-9f5f4a7ddd18:c5810]
2019-09-12 14:54:04,476 [grpc-default-executor-2] INFO  client.GrpcClientProtocolClient (GrpcClientProtocolClient.java:onNext(264)) - client-835E41B928D6->6dd5d97a-7455-476f-86d1-706748154c4a: receive RaftClientReply:client-835E41B928D6->6dd5d97a-7455-476f-86d1-706748154c4a@group-349356213E97, cid=3837, SUCCESS, logIndex=5812, commits[6dd5d97a-7455-476f-86d1-706748154c4a:c5812, 8c1a4ac2-2d71-4742-ab0b-89dcc95eb13f:c5810, c9d0001a-daad-4532-9e58-9f5f4a7ddd18:c5810]
2019-09-12 14:54:04,476 [grpc-default-executor-2] INFO  client.GrpcClientProtocolClient (GrpcClientProtocolClient.java:onNext(264)) - client-835E41B928D6->6dd5d97a-7455-476f-86d1-706748154c4a: receive RaftClientReply:client-835E41B928D6->6dd5d97a-7455-476f-86d1-706748154c4a@group-349356213E97, cid=3838, SUCCESS, logIndex=5813, commits[6dd5d97a-7455-476f-86d1-706748154c4a:c5814, 8c1a4ac2-2d71-4742-ab0b-89dcc95eb13f:c5810, c9d0001a-daad-4532-9e58-9f5f4a7ddd18:c5810]
2019-09-12 14:54:04,476 [grpc-default-executor-2] INFO  client.GrpcClientProtocolClient (GrpcClientProtocolClient.java:onNext(264)) - client-835E41B928D6->6dd5d97a-7455-476f-86d1-706748154c4a: receive RaftClientReply:client-835E41B928D6->6dd5d97a-7455-476f-86d1-706748154c4a@group-349356213E97, cid=3839, SUCCESS, logIndex=5814, commits[6dd5d97a-7455-476f-86d1-706748154c4a:c5814, 8c1a4ac2-2d71-4742-ab0b-89dcc95eb13f:c5810, c9d0001a-daad-4532-9e58-9f5f4a7ddd18:c5810]
2019-09-12 14:54:04,491 [grpc-default-executor-2] INFO  client.GrpcClientProtocolClient (GrpcClientProtocolClient.java:onNext(264)) - client-835E41B928D6->6dd5d97a-7455-476f-86d1-706748154c4a: receive RaftClientReply:client-835E41B928D6->6dd5d97a-7455-476f-86d1-706748154c4a@group-349356213E97, cid=3840, SUCCESS, logIndex=0, commits[6dd5d97a-7455-476f-86d1-706748154c4a:c5816, 8c1a4ac2-2d71-4742-ab0b-89dcc95eb13f:c5812, c9d0001a-daad-4532-9e58-9f5f4a7ddd18:c5812]
2019-09-12 14:54:04,502 [grpc-default-executor-2] INFO  client.GrpcClientProtocolClient (GrpcClientProtocolClient.java:onNext(264)) - client-835E41B928D6->6dd5d97a-7455-476f-86d1-706748154c4a: receive RaftClientReply:client-835E41B928D6->6dd5d97a-7455-476f-86d1-706748154c4a@group-349356213E97, cid=3841, SUCCESS, logIndex=5819, commits[6dd5d97a-7455-476f-86d1-706748154c4a:c5820, 8c1a4ac2-2d71-4742-ab0b-89dcc95eb13f:c5818, c9d0001a-daad-4532-9e58-9f5f4a7ddd18:c5818]
2019-09-12 14:54:04,502 [grpc-default-executor-2] INFO  client.GrpcClientProtocolClient (GrpcClientProtocolClient.java:onNext(264)) - client-835E41B928D6->6dd5d97a-7455-476f-86d1-706748154c4a: receive RaftClientReply:client-835E41B928D6->6dd5d97a-7455-476f-86d1-706748154c4a@group-349356213E97, cid=3842, SUCCESS, logIndex=5820, commits[6dd5d97a-7455-476f-86d1-706748154c4a:c5820, 8c1a4ac2-2d71-4742-ab0b-89dcc95eb13f:c5818, c9d0001a-daad-4532-9e58-9f5f4a7ddd18:c5818]
2019-09-12 14:54:04,512 [grpc-default-executor-5] INFO  client.GrpcClientProtocolClient (GrpcClientProtocolClient.java:onNext(264)) - client-835E41B928D6->6dd5d97a-7455-476f-86d1-706748154c4a: receive RaftClientReply:client-835E41B928D6->6dd5d97a-7455-476f-86d1-706748154c4a@group-349356213E97, cid=3843, SUCCESS, logIndex=5823, commits[6dd5d97a-7455-476f-86d1-706748154c4a:c5824, 8c1a4ac2-2d71-4742-ab0b-89dcc95eb13f:c5820, c9d0001a-daad-4532-9e58-9f5f4a7ddd18:c5821]
2019-09-12 14:54:04,512 [grpc-default-executor-5] INFO  client.GrpcClientProtocolClient (GrpcClientProtocolClient.java:onNext(264)) - client-835E41B928D6->6dd5d97a-7455-476f-86d1-706748154c4a: receive RaftClientReply:client-835E41B928D6->6dd5d97a-7455-476f-86d1-706748154c4a@group-349356213E97, cid=3844, SUCCESS, logIndex=5824, commits[6dd5d97a-7455-476f-86d1-706748154c4a:c5824, 8c1a4ac2-2d71-4742-ab0b-89dcc95eb13f:c5820, c9d0001a-daad-4532-9e58-9f5f4a7ddd18:c5821]
2019-09-12 14:54:04,518 [grpc-default-executor-5] INFO  client.GrpcClientProtocolClient (GrpcClientProtocolClient.java:onNext(264)) - client-835E41B928D6->6dd5d97a-7455-476f-86d1-706748154c4a: receive RaftClientReply:client-835E41B928D6->6dd5d97a-7455-476f-86d1-706748154c4a@group-349356213E97, cid=3845, SUCCESS, logIndex=0, commits[6dd5d97a-7455-476f-86d1-706748154c4a:c5826, 8c1a4ac2-2d71-4742-ab0b-89dcc95eb13f:c5824, c9d0001a-daad-4532-9e58-9f5f4a7ddd18:c5824]
2019-09-12 14:54:04,547 [grpc-default-executor-5] INFO  client.GrpcClientProtocolClient (GrpcClientProtocolClient.java:onNext(264)) - client-835E41B928D6->6dd5d97a-7455-476f-86d1-706748154c4a: receive RaftClientReply:client-835E41B928D6->6dd5d97a-7455-476f-86d1-706748154c4a@group-349356213E97, cid=3846, SUCCESS, logIndex=5827, commits[6dd5d97a-7455-476f-86d1-706748154c4a:c5828, 8c1a4ac2-2d71-4742-ab0b-89dcc95eb13f:c5826, c9d0001a-daad-4532-9e58-9f5f4a7ddd18:c5826]
2019-09-12 14:54:04,548 [grpc-default-executor-5] INFO  client.GrpcClientProtocolClient (GrpcClientProtocolClient.java:onNext(264)) - client-835E41B928D6->6dd5d97a-7455-476f-86d1-706748154c4a: receive RaftClientReply:client-835E41B928D6->6dd5d97a-7455-476f-86d1-706748154c4a@group-349356213E97, cid=3847, SUCCESS, logIndex=5828, commits[6dd5d97a-7455-476f-86d1-706748154c4a:c5830, 8c1a4ac2-2d71-4742-ab0b-89dcc95eb13f:c5826, c9d0001a-daad-4532-9e58-9f5f4a7ddd18:c5826]
2019-09-12 14:54:04,548 [grpc-default-executor-5] INFO  client.GrpcClientProtocolClient (GrpcClientProtocolClient.java:onNext(264)) - client-835E41B928D6->6dd5d97a-7455-476f-86d1-706748154c4a: receive RaftClientReply:client-835E41B928D6->6dd5d97a-7455-476f-86d1-706748154c4a@group-349356213E97, cid=3848, SUCCESS, logIndex=5829, commits[6dd5d97a-7455-476f-86d1-706748154c4a:c5830, 8c1a4ac2-2d71-4742-ab0b-89dcc95eb13f:c5826, c9d0001a-daad-4532-9e58-9f5f4a7ddd18:c5826]
2019-09-12 14:54:04,548 [grpc-default-executor-5] INFO  client.GrpcClientProtocolClient (GrpcClientProtocolClient.java:onNext(264)) - client-835E41B928D6->6dd5d97a-7455-476f-86d1-706748154c4a: receive RaftClientReply:client-835E41B928D6->6dd5d97a-7455-476f-86d1-706748154c4a@group-349356213E97, cid=3849, SUCCESS, logIndex=5830, commits[6dd5d97a-7455-476f-86d1-706748154c4a:c5830, 8c1a4ac2-2d71-4742-ab0b-89dcc95eb13f:c5827, c9d0001a-daad-4532-9e58-9f5f4a7ddd18:c5826]
2019-09-12 14:54:04,565 [grpc-default-executor-5] INFO  client.GrpcClientProtocolClient (GrpcClientProtocolClient.java:onNext(264)) - client-835E41B928D6->6dd5d97a-7455-476f-86d1-706748154c4a: receive RaftClientReply:client-835E41B928D6->6dd5d97a-7455-476f-86d1-706748154c4a@group-349356213E97, cid=3850, SUCCESS, logIndex=0, commits[6dd5d97a-7455-476f-86d1-706748154c4a:c5834, 8c1a4ac2-2d71-4742-ab0b-89dcc95eb13f:c5828, c9d0001a-daad-4532-9e58-9f5f4a7ddd18:c5830]
2019-09-12 14:54:04,600 [grpc-default-executor-7] INFO  client.GrpcClientProtocolClient (GrpcClientProtocolClient.java:onNext(264)) - client-835E41B928D6->6dd5d97a-7455-476f-86d1-706748154c4a: receive RaftClientReply:client-835E41B928D6->6dd5d97a-7455-476f-86d1-706748154c4a@group-349356213E97, cid=3851, SUCCESS, logIndex=5835, commits[6dd5d97a-7455-476f-86d1-706748154c4a:c5836, 8c1a4ac2-2d71-4742-ab0b-89dcc95eb13f:c5834, c9d0001a-daad-4532-9e58-9f5f4a7ddd18:c5834]
2019-09-12 14:54:04,600 [grpc-default-executor-7] INFO  client.GrpcClientProtocolClient (GrpcClientProtocolClient.java:onNext(264)) - client-835E41B928D6->6dd5d97a-7455-476f-86d1-706748154c4a: receive RaftClientReply:client-835E41B928D6->6dd5d97a-7455-476f-86d1-706748154c4a@group-349356213E97, cid=3852, SUCCESS, logIndex=5836, commits[6dd5d97a-7455-476f-86d1-706748154c4a:c5836, 8c1a4ac2-2d71-4742-ab0b-89dcc95eb13f:c5834, c9d0001a-daad-4532-9e58-9f5f4a7ddd18:c5834]
 0.00% |█                                                                                                    |  0/1 Time: 0:00:322019-09-12 14:54:04,617 [grpc-default-executor-2] INFO  client.GrpcClientProtocolClient (GrpcClientProtocolClient.java:onNext(264)) - client-835E41B928D6->6dd5d97a-7455-476f-86d1-706748154c4a: receive RaftClientReply:client-835E41B928D6->6dd5d97a-7455-476f-86d1-706748154c4a@group-349356213E97, cid=3853, SUCCESS, logIndex=5839, commits[6dd5d97a-7455-476f-86d1-706748154c4a:c5840, 8c1a4ac2-2d71-4742-ab0b-89dcc95eb13f:c5837, c9d0001a-daad-4532-9e58-9f5f4a7ddd18:c5837]
2019-09-12 14:54:04,617 [grpc-default-executor-2] INFO  client.GrpcClientProtocolClient (GrpcClientProtocolClient.java:onNext(264)) - client-835E41B928D6->6dd5d97a-7455-476f-86d1-706748154c4a: receive RaftClientReply:client-835E41B928D6->6dd5d97a-7455-476f-86d1-706748154c4a@group-349356213E97, cid=3854, SUCCESS, logIndex=5840, commits[6dd5d97a-7455-476f-86d1-706748154c4a:c5840, 8c1a4ac2-2d71-4742-ab0b-89dcc95eb13f:c5837, c9d0001a-daad-4532-9e58-9f5f4a7ddd18:c5837]
2019-09-12 14:54:04,641 [grpc-default-executor-2] INFO  client.GrpcClientProtocolClient (GrpcClientProtocolClient.java:onNext(264)) - client-835E41B928D6->6dd5d97a-7455-476f-86d1-706748154c4a: receive RaftClientReply:client-835E41B928D6->6dd5d97a-7455-476f-86d1-706748154c4a@group-349356213E97, cid=3855, SUCCESS, logIndex=0, commits[6dd5d97a-7455-476f-86d1-706748154c4a:c5842, 8c1a4ac2-2d71-4742-ab0b-89dcc95eb13f:c5840, c9d0001a-daad-4532-9e58-9f5f4a7ddd18:c5840]
2019-09-12 14:54:04,675 [grpc-default-executor-7] INFO  client.GrpcClientProtocolClient (GrpcClientProtocolClient.java:onNext(264)) - client-835E41B928D6->6dd5d97a-7455-476f-86d1-706748154c4a: receive RaftClientReply:client-835E41B928D6->6dd5d97a-7455-476f-86d1-706748154c4a@group-349356213E97, cid=3856, SUCCESS, logIndex=5843, commits[6dd5d97a-7455-476f-86d1-706748154c4a:c5844, 8c1a4ac2-2d71-4742-ab0b-89dcc95eb13f:c5842, c9d0001a-daad-4532-9e58-9f5f4a7ddd18:c5842]
2019-09-12 14:54:04,675 [grpc-default-executor-7] INFO  client.GrpcClientProtocolClient (GrpcClientProtocolClient.java:onNext(264)) - client-835E41B928D6->6dd5d97a-7455-476f-86d1-706748154c4a: receive RaftClientReply:client-835E41B928D6->6dd5d97a-7455-476f-86d1-706748154c4a@group-349356213E97, cid=3857, SUCCESS, logIndex=5844, commits[6dd5d97a-7455-476f-86d1-706748154c4a:c5844, 8c1a4ac2-2d71-4742-ab0b-89dcc95eb13f:c5842, c9d0001a-daad-4532-9e58-9f5f4a7ddd18:c5842]
2019-09-12 14:54:04,685 [grpc-default-executor-7] INFO  client.GrpcClientProtocolClient (GrpcClientProtocolClient.java:onNext(264)) - client-835E41B928D6->6dd5d97a-7455-476f-86d1-706748154c4a: receive RaftClientReply:client-835E41B928D6->6dd5d97a-7455-476f-86d1-706748154c4a@group-349356213E97, cid=3858, SUCCESS, logIndex=5845, commits[6dd5d97a-7455-476f-86d1-706748154c4a:c5846, 8c1a4ac2-2d71-4742-ab0b-89dcc95eb13f:c5842, c9d0001a-daad-4532-9e58-9f5f4a7ddd18:c5842]
2019-09-12 14:54:04,686 [grpc-default-executor-7] INFO  client.GrpcClientProtocolClient (GrpcClientProtocolClient.java:onNext(264)) - client-835E41B928D6->6dd5d97a-7455-476f-86d1-706748154c4a: receive RaftClientReply:client-835E41B928D6->6dd5d97a-7455-476f-86d1-706748154c4a@group-349356213E97, cid=3859, SUCCESS, logIndex=5846, commits[6dd5d97a-7455-476f-86d1-706748154c4a:c5846, 8c1a4ac2-2d71-4742-ab0b-89dcc95eb13f:c5842, c9d0001a-daad-4532-9e58-9f5f4a7ddd18:c5842]
2019-09-12 14:54:04,701 [grpc-default-executor-7] INFO  client.GrpcClientProtocolClient (GrpcClientProtocolClient.java:onNext(264)) - client-835E41B928D6->6dd5d97a-7455-476f-86d1-706748154c4a: receive RaftClientReply:client-835E41B928D6->6dd5d97a-7455-476f-86d1-706748154c4a@group-349356213E97, cid=3860, SUCCESS, logIndex=0, commits[6dd5d97a-7455-476f-86d1-706748154c4a:c5849, 8c1a4ac2-2d71-4742-ab0b-89dcc95eb13f:c5844, c9d0001a-daad-4532-9e58-9f5f4a7ddd18:c5844]
2019-09-12 14:54:04,723 [grpc-default-executor-7] INFO  client.GrpcClientProtocolClient (GrpcClientProtocolClient.java:onNext(264)) - client-835E41B928D6->6dd5d97a-7455-476f-86d1-706748154c4a: receive RaftClientReply:client-835E41B928D6->6dd5d97a-7455-476f-86d1-706748154c4a@group-349356213E97, cid=3861, SUCCESS, logIndex=5851, commits[6dd5d97a-7455-476f-86d1-706748154c4a:c5852, 8c1a4ac2-2d71-4742-ab0b-89dcc95eb13f:c5850, c9d0001a-daad-4532-9e58-9f5f4a7ddd18:c5850]
2019-09-12 14:54:04,723 [grpc-default-executor-7] INFO  client.GrpcClientProtocolClient (GrpcClientProtocolClient.java:onNext(264)) - client-835E41B928D6->6dd5d97a-7455-476f-86d1-706748154c4a: receive RaftClientReply:client-835E41B928D6->6dd5d97a-7455-476f-86d1-706748154c4a@group-349356213E97, cid=3862, SUCCESS, logIndex=5852, commits[6dd5d97a-7455-476f-86d1-706748154c4a:c5852, 8c1a4ac2-2d71-4742-ab0b-89dcc95eb13f:c5850, c9d0001a-daad-4532-9e58-9f5f4a7ddd18:c5850]
2019-09-12 14:54:04,733 [grpc-default-executor-7] INFO  client.GrpcClientProtocolClient (GrpcClientProtocolClient.java:onNext(264)) - client-835E41B928D6->6dd5d97a-7455-476f-86d1-706748154c4a: receive RaftClientReply:client-835E41B928D6->6dd5d97a-7455-476f-86d1-706748154c4a@group-349356213E97, cid=3863, SUCCESS, logIndex=5855, commits[6dd5d97a-7455-476f-86d1-706748154c4a:c5856, 8c1a4ac2-2d71-4742-ab0b-89dcc95eb13f:c5852, c9d0001a-daad-4532-9e58-9f5f4a7ddd18:c5854]
2019-09-12 14:54:04,733 [grpc-default-executor-7] INFO  client.GrpcClientProtocolClient (GrpcClientProtocolClient.java:onNext(264)) - client-835E41B928D6->6dd5d97a-7455-476f-86d1-706748154c4a: receive RaftClientReply:client-835E41B928D6->6dd5d97a-7455-476f-86d1-706748154c4a@group-349356213E97, cid=3864, SUCCESS, logIndex=5856, commits[6dd5d97a-7455-476f-86d1-706748154c4a:c5856, 8c1a4ac2-2d71-4742-ab0b-89dcc95eb13f:c5852, c9d0001a-daad-4532-9e58-9f5f4a7ddd18:c5854]
2019-09-12 14:54:04,738 [grpc-default-executor-7] INFO  client.GrpcClientProtocolClient (GrpcClientProtocolClient.java:onNext(264)) - client-835E41B928D6->6dd5d97a-7455-476f-86d1-706748154c4a: receive RaftClientReply:client-835E41B928D6->6dd5d97a-7455-476f-86d1-706748154c4a@group-349356213E97, cid=3865, SUCCESS, logIndex=0, commits[6dd5d97a-7455-476f-86d1-706748154c4a:c5857, 8c1a4ac2-2d71-4742-ab0b-89dcc95eb13f:c5856, c9d0001a-daad-4532-9e58-9f5f4a7ddd18:c5856]
2019-09-12 14:54:04,758 [grpc-default-executor-7] INFO  client.GrpcClientProtocolClient (GrpcClientProtocolClient.java:onNext(264)) - client-835E41B928D6->6dd5d97a-7455-476f-86d1-706748154c4a: receive RaftClientReply:client-835E41B928D6->6dd5d97a-7455-476f-86d1-706748154c4a@group-349356213E97, cid=3866, SUCCESS, logIndex=5859, commits[6dd5d97a-7455-476f-86d1-706748154c4a:c5860, 8c1a4ac2-2d71-4742-ab0b-89dcc95eb13f:c5858, c9d0001a-daad-4532-9e58-9f5f4a7ddd18:c5856]
2019-09-12 14:54:04,759 [grpc-default-executor-7] INFO  client.GrpcClientProtocolClient (GrpcClientProtocolClient.java:onNext(264)) - client-835E41B928D6->6dd5d97a-7455-476f-86d1-706748154c4a: receive RaftClientReply:client-835E41B928D6->6dd5d97a-7455-476f-86d1-706748154c4a@group-349356213E97, cid=3867, SUCCESS, logIndex=5860, commits[6dd5d97a-7455-476f-86d1-706748154c4a:c5861, 8c1a4ac2-2d71-4742-ab0b-89dcc95eb13f:c5858, c9d0001a-daad-4532-9e58-9f5f4a7ddd18:c5858]
2019-09-12 14:54:04,759 [grpc-default-executor-7] INFO  client.GrpcClientProtocolClient (GrpcClientProtocolClient.java:onNext(264)) - client-835E41B928D6->6dd5d97a-7455-476f-86d1-706748154c4a: receive RaftClientReply:client-835E41B928D6->6dd5d97a-7455-476f-86d1-706748154c4a@group-349356213E97, cid=3868, SUCCESS, logIndex=5861, commits[6dd5d97a-7455-476f-86d1-706748154c4a:c5862, 8c1a4ac2-2d71-4742-ab0b-89dcc95eb13f:c5858, c9d0001a-daad-4532-9e58-9f5f4a7ddd18:c5858]
2019-09-12 14:54:04,759 [grpc-default-executor-7] INFO  client.GrpcClientProtocolClient (GrpcClientProtocolClient.java:onNext(264)) - client-835E41B928D6->6dd5d97a-7455-476f-86d1-706748154c4a: receive RaftClientReply:client-835E41B928D6->6dd5d97a-7455-476f-86d1-706748154c4a@group-349356213E97, cid=3869, SUCCESS, logIndex=5862, commits[6dd5d97a-7455-476f-86d1-706748154c4a:c5862, 8c1a4ac2-2d71-4742-ab0b-89dcc95eb13f:c5858, c9d0001a-daad-4532-9e58-9f5f4a7ddd18:c5858]
2019-09-12 14:54:04,762 [grpc-default-executor-7] INFO  client.GrpcClientProtocolClient (GrpcClientProtocolClient.java:onNext(264)) - client-835E41B928D6->6dd5d97a-7455-476f-86d1-706748154c4a: receive RaftClientReply:client-835E41B928D6->6dd5d97a-7455-476f-86d1-706748154c4a@group-349356213E97, cid=3870, SUCCESS, logIndex=0, commits[6dd5d97a-7455-476f-86d1-706748154c4a:c5864, 8c1a4ac2-2d71-4742-ab0b-89dcc95eb13f:c5860, c9d0001a-daad-4532-9e58-9f5f4a7ddd18:c5860]
2019-09-12 14:54:04,795 [grpc-default-executor-5] INFO  client.GrpcClientProtocolClient (GrpcClientProtocolClient.java:onNext(264)) - client-835E41B928D6->6dd5d97a-7455-476f-86d1-706748154c4a: receive RaftClientReply:client-835E41B928D6->6dd5d97a-7455-476f-86d1-706748154c4a@group-349356213E97, cid=3871, SUCCESS, logIndex=5867, commits[6dd5d97a-7455-476f-86d1-706748154c4a:c5868, 8c1a4ac2-2d71-4742-ab0b-89dcc95eb13f:c5866, c9d0001a-daad-4532-9e58-9f5f4a7ddd18:c5866]
2019-09-12 14:54:04,795 [grpc-default-executor-5] INFO  client.GrpcClientProtocolClient (GrpcClientProtocolClient.java:onNext(264)) - client-835E41B928D6->6dd5d97a-7455-476f-86d1-706748154c4a: receive RaftClientReply:client-835E41B928D6->6dd5d97a-7455-476f-86d1-706748154c4a@group-349356213E97, cid=3872, SUCCESS, logIndex=5868, commits[6dd5d97a-7455-476f-86d1-706748154c4a:c5868, 8c1a4ac2-2d71-4742-ab0b-89dcc95eb13f:c5866, c9d0001a-daad-4532-9e58-9f5f4a7ddd18:c5866]
2019-09-12 14:54:04,808 [grpc-default-executor-5] INFO  client.GrpcClientProtocolClient (GrpcClientProtocolClient.java:onNext(264)) - client-835E41B928D6->6dd5d97a-7455-476f-86d1-706748154c4a: receive RaftClientReply:client-835E41B928D6->6dd5d97a-7455-476f-86d1-706748154c4a@group-349356213E97, cid=3873, SUCCESS, logIndex=5871, commits[6dd5d97a-7455-476f-86d1-706748154c4a:c5872, 8c1a4ac2-2d71-4742-ab0b-89dcc95eb13f:c5868, c9d0001a-daad-4532-9e58-9f5f4a7ddd18:c5868]
2019-09-12 14:54:04,808 [grpc-default-executor-5] INFO  client.GrpcClientProtocolClient (GrpcClientProtocolClient.java:onNext(264)) - client-835E41B928D6->6dd5d97a-7455-476f-86d1-706748154c4a: receive RaftClientReply:client-835E41B928D6->6dd5d97a-7455-476f-86d1-706748154c4a@group-349356213E97, cid=3874, SUCCESS, logIndex=5872, commits[6dd5d97a-7455-476f-86d1-706748154c4a:c5872, 8c1a4ac2-2d71-4742-ab0b-89dcc95eb13f:c5868, c9d0001a-daad-4532-9e58-9f5f4a7ddd18:c5868]
2019-09-12 14:54:04,822 [grpc-default-executor-7] INFO  client.GrpcClientProtocolClient (GrpcClientProtocolClient.java:onNext(264)) - client-835E41B928D6->6dd5d97a-7455-476f-86d1-706748154c4a: receive RaftClientReply:client-835E41B928D6->6dd5d97a-7455-476f-86d1-706748154c4a@group-349356213E97, cid=3875, SUCCESS, logIndex=0, commits[6dd5d97a-7455-476f-86d1-706748154c4a:c5874, 8c1a4ac2-2d71-4742-ab0b-89dcc95eb13f:c5872, c9d0001a-daad-4532-9e58-9f5f4a7ddd18:c5872]
2019-09-12 14:54:04,854 [grpc-default-executor-5] INFO  client.GrpcClientProtocolClient (GrpcClientProtocolClient.java:onNext(264)) - client-835E41B928D6->6dd5d97a-7455-476f-86d1-706748154c4a: receive RaftClientReply:client-835E41B928D6->6dd5d97a-7455-476f-86d1-706748154c4a@group-349356213E97, cid=3876, SUCCESS, logIndex=5875, commits[6dd5d97a-7455-476f-86d1-706748154c4a:c5876, 8c1a4ac2-2d71-4742-ab0b-89dcc95eb13f:c5874, c9d0001a-daad-4532-9e58-9f5f4a7ddd18:c5874]
2019-09-12 14:54:04,854 [grpc-default-executor-5] INFO  client.GrpcClientProtocolClient (GrpcClientProtocolClient.java:onNext(264)) - client-835E41B928D6->6dd5d97a-7455-476f-86d1-706748154c4a: receive RaftClientReply:client-835E41B928D6->6dd5d97a-7455-476f-86d1-706748154c4a@group-349356213E97, cid=3877, SUCCESS, logIndex=5876, commits[6dd5d97a-7455-476f-86d1-706748154c4a:c5876, 8c1a4ac2-2d71-4742-ab0b-89dcc95eb13f:c5874, c9d0001a-daad-4532-9e58-9f5f4a7ddd18:c5874]
2019-09-12 14:54:04,854 [grpc-default-executor-5] INFO  client.GrpcClientProtocolClient (GrpcClientProtocolClient.java:onNext(264)) - client-835E41B928D6->6dd5d97a-7455-476f-86d1-706748154c4a: receive RaftClientReply:client-835E41B928D6->6dd5d97a-7455-476f-86d1-706748154c4a@group-349356213E97, cid=3878, SUCCESS, logIndex=5877, commits[6dd5d97a-7455-476f-86d1-706748154c4a:c5878, 8c1a4ac2-2d71-4742-ab0b-89dcc95eb13f:c5874, c9d0001a-daad-4532-9e58-9f5f4a7ddd18:c5874]
2019-09-12 14:54:04,855 [grpc-default-executor-5] INFO  client.GrpcClientProtocolClient (GrpcClientProtocolClient.java:onNext(264)) - client-835E41B928D6->6dd5d97a-7455-476f-86d1-706748154c4a: receive RaftClientReply:client-835E41B928D6->6dd5d97a-7455-476f-86d1-706748154c4a@group-349356213E97, cid=3879, SUCCESS, logIndex=5878, commits[6dd5d97a-7455-476f-86d1-706748154c4a:c5878, 8c1a4ac2-2d71-4742-ab0b-89dcc95eb13f:c5874, c9d0001a-daad-4532-9e58-9f5f4a7ddd18:c5874]
2019-09-12 14:54:04,868 [grpc-default-executor-5] INFO  client.GrpcClientProtocolClient (GrpcClientProtocolClient.java:onNext(264)) - client-835E41B928D6->6dd5d97a-7455-476f-86d1-706748154c4a: receive RaftClientReply:client-835E41B928D6->6dd5d97a-7455-476f-86d1-706748154c4a@group-349356213E97, cid=3880, SUCCESS, logIndex=0, commits[6dd5d97a-7455-476f-86d1-706748154c4a:c5880, 8c1a4ac2-2d71-4742-ab0b-89dcc95eb13f:c5876, c9d0001a-daad-4532-9e58-9f5f4a7ddd18:c5876]
2019-09-12 14:54:04,886 [grpc-default-executor-5] INFO  client.GrpcClientProtocolClient (GrpcClientProtocolClient.java:onNext(264)) - client-835E41B928D6->6dd5d97a-7455-476f-86d1-706748154c4a: receive RaftClientReply:client-835E41B928D6->6dd5d97a-7455-476f-86d1-706748154c4a@group-349356213E97, cid=3881, SUCCESS, logIndex=5883, commits[6dd5d97a-7455-476f-86d1-706748154c4a:c5884, 8c1a4ac2-2d71-4742-ab0b-89dcc95eb13f:c5882, c9d0001a-daad-4532-9e58-9f5f4a7ddd18:c5882]
2019-09-12 14:54:04,886 [grpc-default-executor-5] INFO  client.GrpcClientProtocolClient (GrpcClientProtocolClient.java:onNext(264)) - client-835E41B928D6->6dd5d97a-7455-476f-86d1-706748154c4a: receive RaftClientReply:client-835E41B928D6->6dd5d97a-7455-476f-86d1-706748154c4a@group-349356213E97, cid=3882, SUCCESS, logIndex=5884, commits[6dd5d97a-7455-476f-86d1-706748154c4a:c5884, 8c1a4ac2-2d71-4742-ab0b-89dcc95eb13f:c5882, c9d0001a-daad-4532-9e58-9f5f4a7ddd18:c5882]
2019-09-12 14:54:04,915 [grpc-default-executor-7] INFO  client.GrpcClientProtocolClient (GrpcClientProtocolClient.java:onNext(264)) - client-835E41B928D6->6dd5d97a-7455-476f-86d1-706748154c4a: receive RaftClientReply:client-835E41B928D6->6dd5d97a-7455-476f-86d1-706748154c4a@group-349356213E97, cid=3883, SUCCESS, logIndex=5887, commits[6dd5d97a-7455-476f-86d1-706748154c4a:c5888, 8c1a4ac2-2d71-4742-ab0b-89dcc95eb13f:c5885, c9d0001a-daad-4532-9e58-9f5f4a7ddd18:c5885]
2019-09-12 14:54:04,916 [grpc-default-executor-7] INFO  client.GrpcClientProtocolClient (GrpcClientProtocolClient.java:onNext(264)) - client-835E41B928D6->6dd5d97a-7455-476f-86d1-706748154c4a: receive RaftClientReply:client-835E41B928D6->6dd5d97a-7455-476f-86d1-706748154c4a@group-349356213E97, cid=3884, SUCCESS, logIndex=5888, commits[6dd5d97a-7455-476f-86d1-706748154c4a:c5888, 8c1a4ac2-2d71-4742-ab0b-89dcc95eb13f:c5885, c9d0001a-daad-4532-9e58-9f5f4a7ddd18:c5885]
2019-09-12 14:54:04,941 [grpc-default-executor-7] INFO  client.GrpcClientProtocolClient (GrpcClientProtocolClient.java:onNext(264)) - client-835E41B928D6->6dd5d97a-7455-476f-86d1-706748154c4a: receive RaftClientReply:client-835E41B928D6->6dd5d97a-7455-476f-86d1-706748154c4a@group-349356213E97, cid=3885, SUCCESS, logIndex=0, commits[6dd5d97a-7455-476f-86d1-706748154c4a:c5890, 8c1a4ac2-2d71-4742-ab0b-89dcc95eb13f:c5888, c9d0001a-daad-4532-9e58-9f5f4a7ddd18:c5888]
2019-09-12 14:54:04,973 [grpc-default-executor-7] INFO  client.GrpcClientProtocolClient (GrpcClientProtocolClient.java:onNext(264)) - client-835E41B928D6->6dd5d97a-7455-476f-86d1-706748154c4a: receive RaftClientReply:client-835E41B928D6->6dd5d97a-7455-476f-86d1-706748154c4a@group-349356213E97, cid=3886, SUCCESS, logIndex=5891, commits[6dd5d97a-7455-476f-86d1-706748154c4a:c5892, 8c1a4ac2-2d71-4742-ab0b-89dcc95eb13f:c5890, c9d0001a-daad-4532-9e58-9f5f4a7ddd18:c5890]
2019-09-12 14:54:04,973 [grpc-default-executor-7] INFO  client.GrpcClientProtocolClient (GrpcClientProtocolClient.java:onNext(264)) - client-835E41B928D6->6dd5d97a-7455-476f-86d1-706748154c4a: receive RaftClientReply:client-835E41B928D6->6dd5d97a-7455-476f-86d1-706748154c4a@group-349356213E97, cid=3887, SUCCESS, logIndex=5892, commits[6dd5d97a-7455-476f-86d1-706748154c4a:c5892, 8c1a4ac2-2d71-4742-ab0b-89dcc95eb13f:c5890, c9d0001a-daad-4532-9e58-9f5f4a7ddd18:c5890]
2019-09-12 14:54:04,985 [grpc-default-executor-5] INFO  client.GrpcClientProtocolClient (GrpcClientProtocolClient.java:onNext(264)) - client-835E41B928D6->6dd5d97a-7455-476f-86d1-706748154c4a: receive RaftClientReply:client-835E41B928D6->6dd5d97a-7455-476f-86d1-706748154c4a@group-349356213E97, cid=3888, SUCCESS, logIndex=5893, commits[6dd5d97a-7455-476f-86d1-706748154c4a:c5894, 8c1a4ac2-2d71-4742-ab0b-89dcc95eb13f:c5890, c9d0001a-daad-4532-9e58-9f5f4a7ddd18:c5890]
2019-09-12 14:54:04,985 [grpc-default-executor-5] INFO  client.GrpcClientProtocolClient (GrpcClientProtocolClient.java:onNext(264)) - client-835E41B928D6->6dd5d97a-7455-476f-86d1-706748154c4a: receive RaftClientReply:client-835E41B928D6->6dd5d97a-7455-476f-86d1-706748154c4a@group-349356213E97, cid=3889, SUCCESS, logIndex=5894, commits[6dd5d97a-7455-476f-86d1-706748154c4a:c5894, 8c1a4ac2-2d71-4742-ab0b-89dcc95eb13f:c5890, c9d0001a-daad-4532-9e58-9f5f4a7ddd18:c5890]
2019-09-12 14:54:04,998 [grpc-default-executor-5] INFO  client.GrpcClientProtocolClient (GrpcClientProtocolClient.java:onNext(264)) - client-835E41B928D6->6dd5d97a-7455-476f-86d1-706748154c4a: receive RaftClientReply:client-835E41B928D6->6dd5d97a-7455-476f-86d1-706748154c4a@group-349356213E97, cid=3890, SUCCESS, logIndex=0, commits[6dd5d97a-7455-476f-86d1-706748154c4a:c5896, 8c1a4ac2-2d71-4742-ab0b-89dcc95eb13f:c5892, c9d0001a-daad-4532-9e58-9f5f4a7ddd18:c5892]
2019-09-12 14:54:05,022 [grpc-default-executor-7] INFO  client.GrpcClientProtocolClient (GrpcClientProtocolClient.java:onNext(264)) - client-835E41B928D6->6dd5d97a-7455-476f-86d1-706748154c4a: receive RaftClientReply:client-835E41B928D6->6dd5d97a-7455-476f-86d1-706748154c4a@group-349356213E97, cid=3891, SUCCESS, logIndex=5899, commits[6dd5d97a-7455-476f-86d1-706748154c4a:c5899, 8c1a4ac2-2d71-4742-ab0b-89dcc95eb13f:c5896, c9d0001a-daad-4532-9e58-9f5f4a7ddd18:c5896]
2019-09-12 14:54:05,023 [grpc-default-executor-7] INFO  client.GrpcClientProtocolClient (GrpcClientProtocolClient.java:onNext(264)) - client-835E41B928D6->6dd5d97a-7455-476f-86d1-706748154c4a: receive RaftClientReply:client-835E41B928D6->6dd5d97a-7455-476f-86d1-706748154c4a@group-349356213E97, cid=3892, SUCCESS, logIndex=5900, commits[6dd5d97a-7455-476f-86d1-706748154c4a:c5900, 8c1a4ac2-2d71-4742-ab0b-89dcc95eb13f:c5896, c9d0001a-daad-4532-9e58-9f5f4a7ddd18:c5896]
2019-09-12 14:54:05,057 [grpc-default-executor-7] INFO  client.GrpcClientProtocolClient (GrpcClientProtocolClient.java:onNext(264)) - client-835E41B928D6->6dd5d97a-7455-476f-86d1-706748154c4a: receive RaftClientReply:client-835E41B928D6->6dd5d97a-7455-476f-86d1-706748154c4a@group-349356213E97, cid=3893, SUCCESS, logIndex=5903, commits[6dd5d97a-7455-476f-86d1-706748154c4a:c5904, 8c1a4ac2-2d71-4742-ab0b-89dcc95eb13f:c5900, c9d0001a-daad-4532-9e58-9f5f4a7ddd18:c5900]
2019-09-12 14:54:05,057 [grpc-default-executor-7] INFO  client.GrpcClientProtocolClient (GrpcClientProtocolClient.java:onNext(264)) - client-835E41B928D6->6dd5d97a-7455-476f-86d1-706748154c4a: receive RaftClientReply:client-835E41B928D6->6dd5d97a-7455-476f-86d1-706748154c4a@group-349356213E97, cid=3894, SUCCESS, logIndex=5904, commits[6dd5d97a-7455-476f-86d1-706748154c4a:c5904, 8c1a4ac2-2d71-4742-ab0b-89dcc95eb13f:c5900, c9d0001a-daad-4532-9e58-9f5f4a7ddd18:c5900]
2019-09-12 14:54:05,082 [grpc-default-executor-2] INFO  client.GrpcClientProtocolClient (GrpcClientProtocolClient.java:onNext(264)) - client-835E41B928D6->6dd5d97a-7455-476f-86d1-706748154c4a: receive RaftClientReply:client-835E41B928D6->6dd5d97a-7455-476f-86d1-706748154c4a@group-349356213E97, cid=3895, SUCCESS, logIndex=0, commits[6dd5d97a-7455-476f-86d1-706748154c4a:c5906, 8c1a4ac2-2d71-4742-ab0b-89dcc95eb13f:c5904, c9d0001a-daad-4532-9e58-9f5f4a7ddd18:c5904]
2019-09-12 14:54:05,114 [grpc-default-executor-7] INFO  client.GrpcClientProtocolClient (GrpcClientProtocolClient.java:onNext(264)) - client-835E41B928D6->6dd5d97a-7455-476f-86d1-706748154c4a: receive RaftClientReply:client-835E41B928D6->6dd5d97a-7455-476f-86d1-706748154c4a@group-349356213E97, cid=3896, SUCCESS, logIndex=5907, commits[6dd5d97a-7455-476f-86d1-706748154c4a:c5908, 8c1a4ac2-2d71-4742-ab0b-89dcc95eb13f:c5906, c9d0001a-daad-4532-9e58-9f5f4a7ddd18:c5906]
2019-09-12 14:54:05,115 [grpc-default-executor-7] INFO  client.GrpcClientProtocolClient (GrpcClientProtocolClient.java:onNext(264)) - client-835E41B928D6->6dd5d97a-7455-476f-86d1-706748154c4a: receive RaftClientReply:client-835E41B928D6->6dd5d97a-7455-476f-86d1-706748154c4a@group-349356213E97, cid=3897, SUCCESS, logIndex=5908, commits[6dd5d97a-7455-476f-86d1-706748154c4a:c5908, 8c1a4ac2-2d71-4742-ab0b-89dcc95eb13f:c5906, c9d0001a-daad-4532-9e58-9f5f4a7ddd18:c5906]
2019-09-12 14:54:05,127 [grpc-default-executor-6] INFO  client.GrpcClientProtocolClient (GrpcClientProtocolClient.java:onNext(264)) - client-835E41B928D6->6dd5d97a-7455-476f-86d1-706748154c4a: receive RaftClientReply:client-835E41B928D6->6dd5d97a-7455-476f-86d1-706748154c4a@group-349356213E97, cid=3898, SUCCESS, logIndex=5909, commits[6dd5d97a-7455-476f-86d1-706748154c4a:c5909, 8c1a4ac2-2d71-4742-ab0b-89dcc95eb13f:c5906, c9d0001a-daad-4532-9e58-9f5f4a7ddd18:c5906]
2019-09-12 14:54:05,128 [grpc-default-executor-6] INFO  client.GrpcClientProtocolClient (GrpcClientProtocolClient.java:onNext(264)) - client-835E41B928D6->6dd5d97a-7455-476f-86d1-706748154c4a: receive RaftClientReply:client-835E41B928D6->6dd5d97a-7455-476f-86d1-706748154c4a@group-349356213E97, cid=3899, SUCCESS, logIndex=5910, commits[6dd5d97a-7455-476f-86d1-706748154c4a:c5910, 8c1a4ac2-2d71-4742-ab0b-89dcc95eb13f:c5906, c9d0001a-daad-4532-9e58-9f5f4a7ddd18:c5906]
2019-09-12 14:54:05,140 [grpc-default-executor-2] INFO  client.GrpcClientProtocolClient (GrpcClientProtocolClient.java:onNext(264)) - client-835E41B928D6->6dd5d97a-7455-476f-86d1-706748154c4a: receive RaftClientReply:client-835E41B928D6->6dd5d97a-7455-476f-86d1-706748154c4a@group-349356213E97, cid=3900, SUCCESS, logIndex=0, commits[6dd5d97a-7455-476f-86d1-706748154c4a:c5912, 8c1a4ac2-2d71-4742-ab0b-89dcc95eb13f:c5908, c9d0001a-daad-4532-9e58-9f5f4a7ddd18:c5908]
2019-09-12 14:54:05,165 [grpc-default-executor-2] INFO  client.GrpcClientProtocolClient (GrpcClientProtocolClient.java:onNext(264)) - client-835E41B928D6->6dd5d97a-7455-476f-86d1-706748154c4a: receive RaftClientReply:client-835E41B928D6->6dd5d97a-7455-476f-86d1-706748154c4a@group-349356213E97, cid=3901, SUCCESS, logIndex=5915, commits[6dd5d97a-7455-476f-86d1-706748154c4a:c5916, 8c1a4ac2-2d71-4742-ab0b-89dcc95eb13f:c5912, c9d0001a-daad-4532-9e58-9f5f4a7ddd18:c5912]
2019-09-12 14:54:05,165 [grpc-default-executor-2] INFO  client.GrpcClientProtocolClient (GrpcClientProtocolClient.java:onNext(264)) - client-835E41B928D6->6dd5d97a-7455-476f-86d1-706748154c4a: receive RaftClientReply:client-835E41B928D6->6dd5d97a-7455-476f-86d1-706748154c4a@group-349356213E97, cid=3902, SUCCESS, logIndex=5916, commits[6dd5d97a-7455-476f-86d1-706748154c4a:c5916, 8c1a4ac2-2d71-4742-ab0b-89dcc95eb13f:c5912, c9d0001a-daad-4532-9e58-9f5f4a7ddd18:c5912]
2019-09-12 14:54:05,191 [grpc-default-executor-6] INFO  client.GrpcClientProtocolClient (GrpcClientProtocolClient.java:onNext(264)) - client-835E41B928D6->6dd5d97a-7455-476f-86d1-706748154c4a: receive RaftClientReply:client-835E41B928D6->6dd5d97a-7455-476f-86d1-706748154c4a@group-349356213E97, cid=3903, SUCCESS, logIndex=5919, commits[6dd5d97a-7455-476f-86d1-706748154c4a:c5919, 8c1a4ac2-2d71-4742-ab0b-89dcc95eb13f:c5916, c9d0001a-daad-4532-9e58-9f5f4a7ddd18:c5916]
2019-09-12 14:54:05,192 [grpc-default-executor-6] INFO  client.GrpcClientProtocolClient (GrpcClientProtocolClient.java:onNext(264)) - client-835E41B928D6->6dd5d97a-7455-476f-86d1-706748154c4a: receive RaftClientReply:client-835E41B928D6->6dd5d97a-7455-476f-86d1-706748154c4a@group-349356213E97, cid=3904, SUCCESS, logIndex=5920, commits[6dd5d97a-7455-476f-86d1-706748154c4a:c5920, 8c1a4ac2-2d71-4742-ab0b-89dcc95eb13f:c5916, c9d0001a-daad-4532-9e58-9f5f4a7ddd18:c5916]
2019-09-12 14:54:05,205 [grpc-default-executor-5] INFO  client.GrpcClientProtocolClient (GrpcClientProtocolClient.java:onNext(264)) - client-835E41B928D6->6dd5d97a-7455-476f-86d1-706748154c4a: receive RaftClientReply:client-835E41B928D6->6dd5d97a-7455-476f-86d1-706748154c4a@group-349356213E97, cid=3905, SUCCESS, logIndex=0, commits[6dd5d97a-7455-476f-86d1-706748154c4a:c5922, 8c1a4ac2-2d71-4742-ab0b-89dcc95eb13f:c5920, c9d0001a-daad-4532-9e58-9f5f4a7ddd18:c5920]
2019-09-12 14:54:05,233 [grpc-default-executor-5] INFO  client.GrpcClientProtocolClient (GrpcClientProtocolClient.java:onNext(264)) - client-835E41B928D6->6dd5d97a-7455-476f-86d1-706748154c4a: receive RaftClientReply:client-835E41B928D6->6dd5d97a-7455-476f-86d1-706748154c4a@group-349356213E97, cid=3906, SUCCESS, logIndex=5923, commits[6dd5d97a-7455-476f-86d1-706748154c4a:c5924, 8c1a4ac2-2d71-4742-ab0b-89dcc95eb13f:c5920, c9d0001a-daad-4532-9e58-9f5f4a7ddd18:c5922]
2019-09-12 14:54:05,234 [grpc-default-executor-5] INFO  client.GrpcClientProtocolClient (GrpcClientProtocolClient.java:onNext(264)) - client-835E41B928D6->6dd5d97a-7455-476f-86d1-706748154c4a: receive RaftClientReply:client-835E41B928D6->6dd5d97a-7455-476f-86d1-706748154c4a@group-349356213E97, cid=3907, SUCCESS, logIndex=5924, commits[6dd5d97a-7455-476f-86d1-706748154c4a:c5924, 8c1a4ac2-2d71-4742-ab0b-89dcc95eb13f:c5920, c9d0001a-daad-4532-9e58-9f5f4a7ddd18:c5922]
2019-09-12 14:54:05,237 [grpc-default-executor-6] INFO  client.GrpcClientProtocolClient (GrpcClientProtocolClient.java:onNext(264)) - client-835E41B928D6->6dd5d97a-7455-476f-86d1-706748154c4a: receive RaftClientReply:client-835E41B928D6->6dd5d97a-7455-476f-86d1-706748154c4a@group-349356213E97, cid=3908, SUCCESS, logIndex=5925, commits[6dd5d97a-7455-476f-86d1-706748154c4a:c5926, 8c1a4ac2-2d71-4742-ab0b-89dcc95eb13f:c5922, c9d0001a-daad-4532-9e58-9f5f4a7ddd18:c5924]
2019-09-12 14:54:05,237 [grpc-default-executor-6] INFO  client.GrpcClientProtocolClient (GrpcClientProtocolClient.java:onNext(264)) - client-835E41B928D6->6dd5d97a-7455-476f-86d1-706748154c4a: receive RaftClientReply:client-835E41B928D6->6dd5d97a-7455-476f-86d1-706748154c4a@group-349356213E97, cid=3909, SUCCESS, logIndex=5926, commits[6dd5d97a-7455-476f-86d1-706748154c4a:c5926, 8c1a4ac2-2d71-4742-ab0b-89dcc95eb13f:c5922, c9d0001a-daad-4532-9e58-9f5f4a7ddd18:c5924]
2019-09-12 14:54:05,240 [grpc-default-executor-6] INFO  client.GrpcClientProtocolClient (GrpcClientProtocolClient.java:onNext(264)) - client-835E41B928D6->6dd5d97a-7455-476f-86d1-706748154c4a: receive RaftClientReply:client-835E41B928D6->6dd5d97a-7455-476f-86d1-706748154c4a@group-349356213E97, cid=3910, SUCCESS, logIndex=0, commits[6dd5d97a-7455-476f-86d1-706748154c4a:c5928, 8c1a4ac2-2d71-4742-ab0b-89dcc95eb13f:c5924, c9d0001a-daad-4532-9e58-9f5f4a7ddd18:c5924]
2019-09-12 14:54:05,394 [grpc-default-executor-5] INFO  client.GrpcClientProtocolClient (GrpcClientProtocolClient.java:onNext(264)) - client-835E41B928D6->6dd5d97a-7455-476f-86d1-706748154c4a: receive RaftClientReply:client-835E41B928D6->6dd5d97a-7455-476f-86d1-706748154c4a@group-349356213E97, cid=3911, SUCCESS, logIndex=5931, commits[6dd5d97a-7455-476f-86d1-706748154c4a:c5932, 8c1a4ac2-2d71-4742-ab0b-89dcc95eb13f:c5930, c9d0001a-daad-4532-9e58-9f5f4a7ddd18:c5930]
2019-09-12 14:54:05,395 [grpc-default-executor-5] INFO  client.GrpcClientProtocolClient (GrpcClientProtocolClient.java:onNext(264)) - client-835E41B928D6->6dd5d97a-7455-476f-86d1-706748154c4a: receive RaftClientReply:client-835E41B928D6->6dd5d97a-7455-476f-86d1-706748154c4a@group-349356213E97, cid=3912, SUCCESS, logIndex=5932, commits[6dd5d97a-7455-476f-86d1-706748154c4a:c5932, 8c1a4ac2-2d71-4742-ab0b-89dcc95eb13f:c5930, c9d0001a-daad-4532-9e58-9f5f4a7ddd18:c5930]
2019-09-12 14:54:05,410 [grpc-default-executor-5] INFO  client.GrpcClientProtocolClient (GrpcClientProtocolClient.java:onNext(264)) - client-835E41B928D6->6dd5d97a-7455-476f-86d1-706748154c4a: receive RaftClientReply:client-835E41B928D6->6dd5d97a-7455-476f-86d1-706748154c4a@group-349356213E97, cid=3913, SUCCESS, logIndex=5935, commits[6dd5d97a-7455-476f-86d1-706748154c4a:c5936, 8c1a4ac2-2d71-4742-ab0b-89dcc95eb13f:c5932, c9d0001a-daad-4532-9e58-9f5f4a7ddd18:c5932]
2019-09-12 14:54:05,410 [grpc-default-executor-5] INFO  client.GrpcClientProtocolClient (GrpcClientProtocolClient.java:onNext(264)) - client-835E41B928D6->6dd5d97a-7455-476f-86d1-706748154c4a: receive RaftClientReply:client-835E41B928D6->6dd5d97a-7455-476f-86d1-706748154c4a@group-349356213E97, cid=3914, SUCCESS, logIndex=5936, commits[6dd5d97a-7455-476f-86d1-706748154c4a:c5936, 8c1a4ac2-2d71-4742-ab0b-89dcc95eb13f:c5932, c9d0001a-daad-4532-9e58-9f5f4a7ddd18:c5932]
2019-09-12 14:54:05,424 [grpc-default-executor-6] INFO  client.GrpcClientProtocolClient (GrpcClientProtocolClient.java:onNext(264)) - client-835E41B928D6->6dd5d97a-7455-476f-86d1-706748154c4a: receive RaftClientReply:client-835E41B928D6->6dd5d97a-7455-476f-86d1-706748154c4a@group-349356213E97, cid=3915, SUCCESS, logIndex=0, commits[6dd5d97a-7455-476f-86d1-706748154c4a:c5938, 8c1a4ac2-2d71-4742-ab0b-89dcc95eb13f:c5936, c9d0001a-daad-4532-9e58-9f5f4a7ddd18:c5936]
2019-09-12 14:54:05,457 [grpc-default-executor-6] INFO  client.GrpcClientProtocolClient (GrpcClientProtocolClient.java:onNext(264)) - client-835E41B928D6->6dd5d97a-7455-476f-86d1-706748154c4a: receive RaftClientReply:client-835E41B928D6->6dd5d97a-7455-476f-86d1-706748154c4a@group-349356213E97, cid=3916, SUCCESS, logIndex=5939, commits[6dd5d97a-7455-476f-86d1-706748154c4a:c5940, 8c1a4ac2-2d71-4742-ab0b-89dcc95eb13f:c5938, c9d0001a-daad-4532-9e58-9f5f4a7ddd18:c5938]
2019-09-12 14:54:05,457 [grpc-default-executor-6] INFO  client.GrpcClientProtocolClient (GrpcClientProtocolClient.java:onNext(264)) - client-835E41B928D6->6dd5d97a-7455-476f-86d1-706748154c4a: receive RaftClientReply:client-835E41B928D6->6dd5d97a-7455-476f-86d1-706748154c4a@group-349356213E97, cid=3917, SUCCESS, logIndex=5940, commits[6dd5d97a-7455-476f-86d1-706748154c4a:c5940, 8c1a4ac2-2d71-4742-ab0b-89dcc95eb13f:c5938, c9d0001a-daad-4532-9e58-9f5f4a7ddd18:c5938]
2019-09-12 14:54:05,467 [grpc-default-executor-6] INFO  client.GrpcClientProtocolClient (GrpcClientProtocolClient.java:onNext(264)) - client-835E41B928D6->6dd5d97a-7455-476f-86d1-706748154c4a: receive RaftClientReply:client-835E41B928D6->6dd5d97a-7455-476f-86d1-706748154c4a@group-349356213E97, cid=3918, SUCCESS, logIndex=5941, commits[6dd5d97a-7455-476f-86d1-706748154c4a:c5942, 8c1a4ac2-2d71-4742-ab0b-89dcc95eb13f:c5938, c9d0001a-daad-4532-9e58-9f5f4a7ddd18:c5938]
2019-09-12 14:54:05,467 [grpc-default-executor-6] INFO  client.GrpcClientProtocolClient (GrpcClientProtocolClient.java:onNext(264)) - client-835E41B928D6->6dd5d97a-7455-476f-86d1-706748154c4a: receive RaftClientReply:client-835E41B928D6->6dd5d97a-7455-476f-86d1-706748154c4a@group-349356213E97, cid=3919, SUCCESS, logIndex=5942, commits[6dd5d97a-7455-476f-86d1-706748154c4a:c5942, 8c1a4ac2-2d71-4742-ab0b-89dcc95eb13f:c5938, c9d0001a-daad-4532-9e58-9f5f4a7ddd18:c5938]
2019-09-12 14:54:05,482 [grpc-default-executor-6] INFO  client.GrpcClientProtocolClient (GrpcClientProtocolClient.java:onNext(264)) - client-835E41B928D6->6dd5d97a-7455-476f-86d1-706748154c4a: receive RaftClientReply:client-835E41B928D6->6dd5d97a-7455-476f-86d1-706748154c4a@group-349356213E97, cid=3920, SUCCESS, logIndex=0, commits[6dd5d97a-7455-476f-86d1-706748154c4a:c5945, 8c1a4ac2-2d71-4742-ab0b-89dcc95eb13f:c5940, c9d0001a-daad-4532-9e58-9f5f4a7ddd18:c5940]
2019-09-12 14:54:05,502 [grpc-default-executor-6] INFO  client.GrpcClientProtocolClient (GrpcClientProtocolClient.java:onNext(264)) - client-835E41B928D6->6dd5d97a-7455-476f-86d1-706748154c4a: receive RaftClientReply:client-835E41B928D6->6dd5d97a-7455-476f-86d1-706748154c4a@group-349356213E97, cid=3921, SUCCESS, logIndex=5947, commits[6dd5d97a-7455-476f-86d1-706748154c4a:c5947, 8c1a4ac2-2d71-4742-ab0b-89dcc95eb13f:c5946, c9d0001a-daad-4532-9e58-9f5f4a7ddd18:c5946]
2019-09-12 14:54:05,502 [grpc-default-executor-6] INFO  client.GrpcClientProtocolClient (GrpcClientProtocolClient.java:onNext(264)) - client-835E41B928D6->6dd5d97a-7455-476f-86d1-706748154c4a: receive RaftClientReply:client-835E41B928D6->6dd5d97a-7455-476f-86d1-706748154c4a@group-349356213E97, cid=3922, SUCCESS, logIndex=5948, commits[6dd5d97a-7455-476f-86d1-706748154c4a:c5948, 8c1a4ac2-2d71-4742-ab0b-89dcc95eb13f:c5946, c9d0001a-daad-4532-9e58-9f5f4a7ddd18:c5946]
2019-09-12 14:54:05,527 [grpc-default-executor-7] INFO  client.GrpcClientProtocolClient (GrpcClientProtocolClient.java:onNext(264)) - client-835E41B928D6->6dd5d97a-7455-476f-86d1-706748154c4a: receive RaftClientReply:client-835E41B928D6->6dd5d97a-7455-476f-86d1-706748154c4a@group-349356213E97, cid=3923, SUCCESS, logIndex=5951, commits[6dd5d97a-7455-476f-86d1-706748154c4a:c5952, 8c1a4ac2-2d71-4742-ab0b-89dcc95eb13f:c5948, c9d0001a-daad-4532-9e58-9f5f4a7ddd18:c5948]
2019-09-12 14:54:05,528 [grpc-default-executor-7] INFO  client.GrpcClientProtocolClient (GrpcClientProtocolClient.java:onNext(264)) - client-835E41B928D6->6dd5d97a-7455-476f-86d1-706748154c4a: receive RaftClientReply:client-835E41B928D6->6dd5d97a-7455-476f-86d1-706748154c4a@group-349356213E97, cid=3924, SUCCESS, logIndex=5952, commits[6dd5d97a-7455-476f-86d1-706748154c4a:c5952, 8c1a4ac2-2d71-4742-ab0b-89dcc95eb13f:c5948, c9d0001a-daad-4532-9e58-9f5f4a7ddd18:c5948]
2019-09-12 14:54:05,556 [grpc-default-executor-7] INFO  client.GrpcClientProtocolClient (GrpcClientProtocolClient.java:onNext(264)) - client-835E41B928D6->6dd5d97a-7455-476f-86d1-706748154c4a: receive RaftClientReply:client-835E41B928D6->6dd5d97a-7455-476f-86d1-706748154c4a@group-349356213E97, cid=3925, SUCCESS, logIndex=0, commits[6dd5d97a-7455-476f-86d1-706748154c4a:c5954, 8c1a4ac2-2d71-4742-ab0b-89dcc95eb13f:c5952, c9d0001a-daad-4532-9e58-9f5f4a7ddd18:c5952]
2019-09-12 14:54:05,596 [grpc-default-executor-7] INFO  client.GrpcClientProtocolClient (GrpcClientProtocolClient.java:onNext(264)) - client-835E41B928D6->6dd5d97a-7455-476f-86d1-706748154c4a: receive RaftClientReply:client-835E41B928D6->6dd5d97a-7455-476f-86d1-706748154c4a@group-349356213E97, cid=3926, SUCCESS, logIndex=5955, commits[6dd5d97a-7455-476f-86d1-706748154c4a:c5956, 8c1a4ac2-2d71-4742-ab0b-89dcc95eb13f:c5954, c9d0001a-daad-4532-9e58-9f5f4a7ddd18:c5954]
2019-09-12 14:54:05,597 [grpc-default-executor-5] INFO  client.GrpcClientProtocolClient (GrpcClientProtocolClient.java:onNext(264)) - client-835E41B928D6->6dd5d97a-7455-476f-86d1-706748154c4a: receive RaftClientReply:client-835E41B928D6->6dd5d97a-7455-476f-86d1-706748154c4a@group-349356213E97, cid=3927, SUCCESS, logIndex=5956, commits[6dd5d97a-7455-476f-86d1-706748154c4a:c5957, 8c1a4ac2-2d71-4742-ab0b-89dcc95eb13f:c5954, c9d0001a-daad-4532-9e58-9f5f4a7ddd18:c5954]
2019-09-12 14:54:05,597 [grpc-default-executor-5] INFO  client.GrpcClientProtocolClient (GrpcClientProtocolClient.java:onNext(264)) - client-835E41B928D6->6dd5d97a-7455-476f-86d1-706748154c4a: receive RaftClientReply:client-835E41B928D6->6dd5d97a-7455-476f-86d1-706748154c4a@group-349356213E97, cid=3928, SUCCESS, logIndex=5957, commits[6dd5d97a-7455-476f-86d1-706748154c4a:c5958, 8c1a4ac2-2d71-4742-ab0b-89dcc95eb13f:c5954, c9d0001a-daad-4532-9e58-9f5f4a7ddd18:c5954]
2019-09-12 14:54:05,597 [grpc-default-executor-5] INFO  client.GrpcClientProtocolClient (GrpcClientProtocolClient.java:onNext(264)) - client-835E41B928D6->6dd5d97a-7455-476f-86d1-706748154c4a: receive RaftClientReply:client-835E41B928D6->6dd5d97a-7455-476f-86d1-706748154c4a@group-349356213E97, cid=3929, SUCCESS, logIndex=5958, commits[6dd5d97a-7455-476f-86d1-706748154c4a:c5958, 8c1a4ac2-2d71-4742-ab0b-89dcc95eb13f:c5954, c9d0001a-daad-4532-9e58-9f5f4a7ddd18:c5954]
2019-09-12 14:54:05,610 [grpc-default-executor-5] INFO  client.GrpcClientProtocolClient (GrpcClientProtocolClient.java:onNext(264)) - client-835E41B928D6->6dd5d97a-7455-476f-86d1-706748154c4a: receive RaftClientReply:client-835E41B928D6->6dd5d97a-7455-476f-86d1-706748154c4a@group-349356213E97, cid=3930, SUCCESS, logIndex=0, commits[6dd5d97a-7455-476f-86d1-706748154c4a:c5961, 8c1a4ac2-2d71-4742-ab0b-89dcc95eb13f:c5956, c9d0001a-daad-4532-9e58-9f5f4a7ddd18:c5957]
 0.00% |█                                                                                                    |  0/1 Time: 0:00:332019-09-12 14:54:05,632 [grpc-default-executor-6] INFO  client.GrpcClientProtocolClient (GrpcClientProtocolClient.java:onNext(264)) - client-835E41B928D6->6dd5d97a-7455-476f-86d1-706748154c4a: receive RaftClientReply:client-835E41B928D6->6dd5d97a-7455-476f-86d1-706748154c4a@group-349356213E97, cid=3931, SUCCESS, logIndex=5963, commits[6dd5d97a-7455-476f-86d1-706748154c4a:c5964, 8c1a4ac2-2d71-4742-ab0b-89dcc95eb13f:c5962, c9d0001a-daad-4532-9e58-9f5f4a7ddd18:c5962]
2019-09-12 14:54:05,632 [grpc-default-executor-6] INFO  client.GrpcClientProtocolClient (GrpcClientProtocolClient.java:onNext(264)) - client-835E41B928D6->6dd5d97a-7455-476f-86d1-706748154c4a: receive RaftClientReply:client-835E41B928D6->6dd5d97a-7455-476f-86d1-706748154c4a@group-349356213E97, cid=3932, SUCCESS, logIndex=5964, commits[6dd5d97a-7455-476f-86d1-706748154c4a:c5964, 8c1a4ac2-2d71-4742-ab0b-89dcc95eb13f:c5962, c9d0001a-daad-4532-9e58-9f5f4a7ddd18:c5962]
2019-09-12 14:54:05,658 [grpc-default-executor-7] INFO  client.GrpcClientProtocolClient (GrpcClientProtocolClient.java:onNext(264)) - client-835E41B928D6->6dd5d97a-7455-476f-86d1-706748154c4a: receive RaftClientReply:client-835E41B928D6->6dd5d97a-7455-476f-86d1-706748154c4a@group-349356213E97, cid=3933, SUCCESS, logIndex=5967, commits[6dd5d97a-7455-476f-86d1-706748154c4a:c5968, 8c1a4ac2-2d71-4742-ab0b-89dcc95eb13f:c5964, c9d0001a-daad-4532-9e58-9f5f4a7ddd18:c5964]
2019-09-12 14:54:05,659 [grpc-default-executor-7] INFO  client.GrpcClientProtocolClient (GrpcClientProtocolClient.java:onNext(264)) - client-835E41B928D6->6dd5d97a-7455-476f-86d1-706748154c4a: receive RaftClientReply:client-835E41B928D6->6dd5d97a-7455-476f-86d1-706748154c4a@group-349356213E97, cid=3934, SUCCESS, logIndex=5968, commits[6dd5d97a-7455-476f-86d1-706748154c4a:c5968, 8c1a4ac2-2d71-4742-ab0b-89dcc95eb13f:c5964, c9d0001a-daad-4532-9e58-9f5f4a7ddd18:c5964]
2019-09-12 14:54:05,672 [grpc-default-executor-7] INFO  client.GrpcClientProtocolClient (GrpcClientProtocolClient.java:onNext(264)) - client-835E41B928D6->6dd5d97a-7455-476f-86d1-706748154c4a: receive RaftClientReply:client-835E41B928D6->6dd5d97a-7455-476f-86d1-706748154c4a@group-349356213E97, cid=3935, SUCCESS, logIndex=0, commits[6dd5d97a-7455-476f-86d1-706748154c4a:c5969, 8c1a4ac2-2d71-4742-ab0b-89dcc95eb13f:c5968, c9d0001a-daad-4532-9e58-9f5f4a7ddd18:c5968]
2019-09-12 14:54:05,695 [grpc-default-executor-6] INFO  client.GrpcClientProtocolClient (GrpcClientProtocolClient.java:onNext(264)) - client-835E41B928D6->6dd5d97a-7455-476f-86d1-706748154c4a: receive RaftClientReply:client-835E41B928D6->6dd5d97a-7455-476f-86d1-706748154c4a@group-349356213E97, cid=3936, SUCCESS, logIndex=5971, commits[6dd5d97a-7455-476f-86d1-706748154c4a:c5972, 8c1a4ac2-2d71-4742-ab0b-89dcc95eb13f:c5968, c9d0001a-daad-4532-9e58-9f5f4a7ddd18:c5970]
2019-09-12 14:54:05,695 [grpc-default-executor-6] INFO  client.GrpcClientProtocolClient (GrpcClientProtocolClient.java:onNext(264)) - client-835E41B928D6->6dd5d97a-7455-476f-86d1-706748154c4a: receive RaftClientReply:client-835E41B928D6->6dd5d97a-7455-476f-86d1-706748154c4a@group-349356213E97, cid=3937, SUCCESS, logIndex=5972, commits[6dd5d97a-7455-476f-86d1-706748154c4a:c5972, 8c1a4ac2-2d71-4742-ab0b-89dcc95eb13f:c5968, c9d0001a-daad-4532-9e58-9f5f4a7ddd18:c5970]
2019-09-12 14:54:05,698 [grpc-default-executor-6] INFO  client.GrpcClientProtocolClient (GrpcClientProtocolClient.java:onNext(264)) - client-835E41B928D6->6dd5d97a-7455-476f-86d1-706748154c4a: receive RaftClientReply:client-835E41B928D6->6dd5d97a-7455-476f-86d1-706748154c4a@group-349356213E97, cid=3938, SUCCESS, logIndex=5973, commits[6dd5d97a-7455-476f-86d1-706748154c4a:c5974, 8c1a4ac2-2d71-4742-ab0b-89dcc95eb13f:c5970, c9d0001a-daad-4532-9e58-9f5f4a7ddd18:c5970]
2019-09-12 14:54:05,699 [grpc-default-executor-6] INFO  client.GrpcClientProtocolClient (GrpcClientProtocolClient.java:onNext(264)) - client-835E41B928D6->6dd5d97a-7455-476f-86d1-706748154c4a: receive RaftClientReply:client-835E41B928D6->6dd5d97a-7455-476f-86d1-706748154c4a@group-349356213E97, cid=3939, SUCCESS, logIndex=5974, commits[6dd5d97a-7455-476f-86d1-706748154c4a:c5974, 8c1a4ac2-2d71-4742-ab0b-89dcc95eb13f:c5970, c9d0001a-daad-4532-9e58-9f5f4a7ddd18:c5970]
2019-09-12 14:54:05,707 [grpc-default-executor-6] INFO  client.GrpcClientProtocolClient (GrpcClientProtocolClient.java:onNext(264)) - client-835E41B928D6->6dd5d97a-7455-476f-86d1-706748154c4a: receive RaftClientReply:client-835E41B928D6->6dd5d97a-7455-476f-86d1-706748154c4a@group-349356213E97, cid=3940, SUCCESS, logIndex=0, commits[6dd5d97a-7455-476f-86d1-706748154c4a:c5976, 8c1a4ac2-2d71-4742-ab0b-89dcc95eb13f:c5972, c9d0001a-daad-4532-9e58-9f5f4a7ddd18:c5972]
2019-09-12 14:54:05,719 [grpc-default-executor-6] INFO  client.GrpcClientProtocolClient (GrpcClientProtocolClient.java:onNext(264)) - client-835E41B928D6->6dd5d97a-7455-476f-86d1-706748154c4a: receive RaftClientReply:client-835E41B928D6->6dd5d97a-7455-476f-86d1-706748154c4a@group-349356213E97, cid=3941, SUCCESS, logIndex=5979, commits[6dd5d97a-7455-476f-86d1-706748154c4a:c5980, 8c1a4ac2-2d71-4742-ab0b-89dcc95eb13f:c5978, c9d0001a-daad-4532-9e58-9f5f4a7ddd18:c5978]
2019-09-12 14:54:05,720 [grpc-default-executor-6] INFO  client.GrpcClientProtocolClient (GrpcClientProtocolClient.java:onNext(264)) - client-835E41B928D6->6dd5d97a-7455-476f-86d1-706748154c4a: receive RaftClientReply:client-835E41B928D6->6dd5d97a-7455-476f-86d1-706748154c4a@group-349356213E97, cid=3942, SUCCESS, logIndex=5980, commits[6dd5d97a-7455-476f-86d1-706748154c4a:c5980, 8c1a4ac2-2d71-4742-ab0b-89dcc95eb13f:c5978, c9d0001a-daad-4532-9e58-9f5f4a7ddd18:c5978]
2019-09-12 14:54:05,731 [grpc-default-executor-7] INFO  client.GrpcClientProtocolClient (GrpcClientProtocolClient.java:onNext(264)) - client-835E41B928D6->6dd5d97a-7455-476f-86d1-706748154c4a: receive RaftClientReply:client-835E41B928D6->6dd5d97a-7455-476f-86d1-706748154c4a@group-349356213E97, cid=3943, SUCCESS, logIndex=5983, commits[6dd5d97a-7455-476f-86d1-706748154c4a:c5984, 8c1a4ac2-2d71-4742-ab0b-89dcc95eb13f:c5982, c9d0001a-daad-4532-9e58-9f5f4a7ddd18:c5980]
2019-09-12 14:54:05,731 [grpc-default-executor-7] INFO  client.GrpcClientProtocolClient (GrpcClientProtocolClient.java:onNext(264)) - client-835E41B928D6->6dd5d97a-7455-476f-86d1-706748154c4a: receive RaftClientReply:client-835E41B928D6->6dd5d97a-7455-476f-86d1-706748154c4a@group-349356213E97, cid=3944, SUCCESS, logIndex=5984, commits[6dd5d97a-7455-476f-86d1-706748154c4a:c5984, 8c1a4ac2-2d71-4742-ab0b-89dcc95eb13f:c5982, c9d0001a-daad-4532-9e58-9f5f4a7ddd18:c5982]
2019-09-12 14:54:05,735 [grpc-default-executor-6] INFO  client.GrpcClientProtocolClient (GrpcClientProtocolClient.java:onNext(264)) - client-835E41B928D6->6dd5d97a-7455-476f-86d1-706748154c4a: receive RaftClientReply:client-835E41B928D6->6dd5d97a-7455-476f-86d1-706748154c4a@group-349356213E97, cid=3945, SUCCESS, logIndex=0, commits[6dd5d97a-7455-476f-86d1-706748154c4a:c5986, 8c1a4ac2-2d71-4742-ab0b-89dcc95eb13f:c5984, c9d0001a-daad-4532-9e58-9f5f4a7ddd18:c5984]
2019-09-12 14:54:05,759 [grpc-default-executor-6] INFO  client.GrpcClientProtocolClient (GrpcClientProtocolClient.java:onNext(264)) - client-835E41B928D6->6dd5d97a-7455-476f-86d1-706748154c4a: receive RaftClientReply:client-835E41B928D6->6dd5d97a-7455-476f-86d1-706748154c4a@group-349356213E97, cid=3946, SUCCESS, logIndex=5987, commits[6dd5d97a-7455-476f-86d1-706748154c4a:c5988, 8c1a4ac2-2d71-4742-ab0b-89dcc95eb13f:c5986, c9d0001a-daad-4532-9e58-9f5f4a7ddd18:c5984]
2019-09-12 14:54:05,760 [grpc-default-executor-6] INFO  client.GrpcClientProtocolClient (GrpcClientProtocolClient.java:onNext(264)) - client-835E41B928D6->6dd5d97a-7455-476f-86d1-706748154c4a: receive RaftClientReply:client-835E41B928D6->6dd5d97a-7455-476f-86d1-706748154c4a@group-349356213E97, cid=3947, SUCCESS, logIndex=5988, commits[6dd5d97a-7455-476f-86d1-706748154c4a:c5988, 8c1a4ac2-2d71-4742-ab0b-89dcc95eb13f:c5986, c9d0001a-daad-4532-9e58-9f5f4a7ddd18:c5984]
2019-09-12 14:54:05,763 [grpc-default-executor-6] INFO  client.GrpcClientProtocolClient (GrpcClientProtocolClient.java:onNext(264)) - client-835E41B928D6->6dd5d97a-7455-476f-86d1-706748154c4a: receive RaftClientReply:client-835E41B928D6->6dd5d97a-7455-476f-86d1-706748154c4a@group-349356213E97, cid=3948, SUCCESS, logIndex=5989, commits[6dd5d97a-7455-476f-86d1-706748154c4a:c5990, 8c1a4ac2-2d71-4742-ab0b-89dcc95eb13f:c5986, c9d0001a-daad-4532-9e58-9f5f4a7ddd18:c5986]
2019-09-12 14:54:05,763 [grpc-default-executor-6] INFO  client.GrpcClientProtocolClient (GrpcClientProtocolClient.java:onNext(264)) - client-835E41B928D6->6dd5d97a-7455-476f-86d1-706748154c4a: receive RaftClientReply:client-835E41B928D6->6dd5d97a-7455-476f-86d1-706748154c4a@group-349356213E97, cid=3949, SUCCESS, logIndex=5990, commits[6dd5d97a-7455-476f-86d1-706748154c4a:c5990, 8c1a4ac2-2d71-4742-ab0b-89dcc95eb13f:c5988, c9d0001a-daad-4532-9e58-9f5f4a7ddd18:c5986]
2019-09-12 14:54:05,764 [grpc-default-executor-6] INFO  client.GrpcClientProtocolClient (GrpcClientProtocolClient.java:onNext(264)) - client-835E41B928D6->6dd5d97a-7455-476f-86d1-706748154c4a: receive RaftClientReply:client-835E41B928D6->6dd5d97a-7455-476f-86d1-706748154c4a@group-349356213E97, cid=3950, SUCCESS, logIndex=0, commits[6dd5d97a-7455-476f-86d1-706748154c4a:c5992, 8c1a4ac2-2d71-4742-ab0b-89dcc95eb13f:c5988, c9d0001a-daad-4532-9e58-9f5f4a7ddd18:c5988]
2019-09-12 14:54:05,776 [grpc-default-executor-6] INFO  client.GrpcClientProtocolClient (GrpcClientProtocolClient.java:onNext(264)) - client-835E41B928D6->6dd5d97a-7455-476f-86d1-706748154c4a: receive RaftClientReply:client-835E41B928D6->6dd5d97a-7455-476f-86d1-706748154c4a@group-349356213E97, cid=3951, SUCCESS, logIndex=5995, commits[6dd5d97a-7455-476f-86d1-706748154c4a:c5996, 8c1a4ac2-2d71-4742-ab0b-89dcc95eb13f:c5990, c9d0001a-daad-4532-9e58-9f5f4a7ddd18:c5994]
2019-09-12 14:54:05,776 [grpc-default-executor-6] INFO  client.GrpcClientProtocolClient (GrpcClientProtocolClient.java:onNext(264)) - client-835E41B928D6->6dd5d97a-7455-476f-86d1-706748154c4a: receive RaftClientReply:client-835E41B928D6->6dd5d97a-7455-476f-86d1-706748154c4a@group-349356213E97, cid=3952, SUCCESS, logIndex=5996, commits[6dd5d97a-7455-476f-86d1-706748154c4a:c5996, 8c1a4ac2-2d71-4742-ab0b-89dcc95eb13f:c5994, c9d0001a-daad-4532-9e58-9f5f4a7ddd18:c5994]
2019-09-12 14:54:05,804 [grpc-default-executor-6] INFO  client.GrpcClientProtocolClient (GrpcClientProtocolClient.java:onNext(264)) - client-835E41B928D6->6dd5d97a-7455-476f-86d1-706748154c4a: receive RaftClientReply:client-835E41B928D6->6dd5d97a-7455-476f-86d1-706748154c4a@group-349356213E97, cid=3953, SUCCESS, logIndex=5999, commits[6dd5d97a-7455-476f-86d1-706748154c4a:c6000, 8c1a4ac2-2d71-4742-ab0b-89dcc95eb13f:c5997, c9d0001a-daad-4532-9e58-9f5f4a7ddd18:c5997]
2019-09-12 14:54:05,804 [grpc-default-executor-6] INFO  client.GrpcClientProtocolClient (GrpcClientProtocolClient.java:onNext(264)) - client-835E41B928D6->6dd5d97a-7455-476f-86d1-706748154c4a: receive RaftClientReply:client-835E41B928D6->6dd5d97a-7455-476f-86d1-706748154c4a@group-349356213E97, cid=3954, SUCCESS, logIndex=6000, commits[6dd5d97a-7455-476f-86d1-706748154c4a:c6000, 8c1a4ac2-2d71-4742-ab0b-89dcc95eb13f:c5997, c9d0001a-daad-4532-9e58-9f5f4a7ddd18:c5997]
2019-09-12 14:54:05,818 [grpc-default-executor-6] INFO  client.GrpcClientProtocolClient (GrpcClientProtocolClient.java:onNext(264)) - client-835E41B928D6->6dd5d97a-7455-476f-86d1-706748154c4a: receive RaftClientReply:client-835E41B928D6->6dd5d97a-7455-476f-86d1-706748154c4a@group-349356213E97, cid=3955, SUCCESS, logIndex=0, commits[6dd5d97a-7455-476f-86d1-706748154c4a:c6001, 8c1a4ac2-2d71-4742-ab0b-89dcc95eb13f:c6000, c9d0001a-daad-4532-9e58-9f5f4a7ddd18:c6000]
2019-09-12 14:54:05,851 [grpc-default-executor-5] INFO  client.GrpcClientProtocolClient (GrpcClientProtocolClient.java:onNext(264)) - client-835E41B928D6->6dd5d97a-7455-476f-86d1-706748154c4a: receive RaftClientReply:client-835E41B928D6->6dd5d97a-7455-476f-86d1-706748154c4a@group-349356213E97, cid=3956, SUCCESS, logIndex=6003, commits[6dd5d97a-7455-476f-86d1-706748154c4a:c6004, 8c1a4ac2-2d71-4742-ab0b-89dcc95eb13f:c6002, c9d0001a-daad-4532-9e58-9f5f4a7ddd18:c6002]
2019-09-12 14:54:05,852 [grpc-default-executor-5] INFO  client.GrpcClientProtocolClient (GrpcClientProtocolClient.java:onNext(264)) - client-835E41B928D6->6dd5d97a-7455-476f-86d1-706748154c4a: receive RaftClientReply:client-835E41B928D6->6dd5d97a-7455-476f-86d1-706748154c4a@group-349356213E97, cid=3957, SUCCESS, logIndex=6004, commits[6dd5d97a-7455-476f-86d1-706748154c4a:c6004, 8c1a4ac2-2d71-4742-ab0b-89dcc95eb13f:c6002, c9d0001a-daad-4532-9e58-9f5f4a7ddd18:c6002]
2019-09-12 14:54:05,864 [grpc-default-executor-7] INFO  client.GrpcClientProtocolClient (GrpcClientProtocolClient.java:onNext(264)) - client-835E41B928D6->6dd5d97a-7455-476f-86d1-706748154c4a: receive RaftClientReply:client-835E41B928D6->6dd5d97a-7455-476f-86d1-706748154c4a@group-349356213E97, cid=3958, SUCCESS, logIndex=6005, commits[6dd5d97a-7455-476f-86d1-706748154c4a:c6006, 8c1a4ac2-2d71-4742-ab0b-89dcc95eb13f:c6002, c9d0001a-daad-4532-9e58-9f5f4a7ddd18:c6002]
2019-09-12 14:54:05,865 [grpc-default-executor-7] INFO  client.GrpcClientProtocolClient (GrpcClientProtocolClient.java:onNext(264)) - client-835E41B928D6->6dd5d97a-7455-476f-86d1-706748154c4a: receive RaftClientReply:client-835E41B928D6->6dd5d97a-7455-476f-86d1-706748154c4a@group-349356213E97, cid=3959, SUCCESS, logIndex=6006, commits[6dd5d97a-7455-476f-86d1-706748154c4a:c6006, 8c1a4ac2-2d71-4742-ab0b-89dcc95eb13f:c6002, c9d0001a-daad-4532-9e58-9f5f4a7ddd18:c6002]
2019-09-12 14:54:05,877 [grpc-default-executor-7] INFO  client.GrpcClientProtocolClient (GrpcClientProtocolClient.java:onNext(264)) - client-835E41B928D6->6dd5d97a-7455-476f-86d1-706748154c4a: receive RaftClientReply:client-835E41B928D6->6dd5d97a-7455-476f-86d1-706748154c4a@group-349356213E97, cid=3960, SUCCESS, logIndex=0, commits[6dd5d97a-7455-476f-86d1-706748154c4a:c6008, 8c1a4ac2-2d71-4742-ab0b-89dcc95eb13f:c6004, c9d0001a-daad-4532-9e58-9f5f4a7ddd18:c6004]
2019-09-12 14:54:05,905 [grpc-default-executor-6] INFO  client.GrpcClientProtocolClient (GrpcClientProtocolClient.java:onNext(264)) - client-835E41B928D6->6dd5d97a-7455-476f-86d1-706748154c4a: receive RaftClientReply:client-835E41B928D6->6dd5d97a-7455-476f-86d1-706748154c4a@group-349356213E97, cid=3961, SUCCESS, logIndex=6011, commits[6dd5d97a-7455-476f-86d1-706748154c4a:c6012, 8c1a4ac2-2d71-4742-ab0b-89dcc95eb13f:c6008, c9d0001a-daad-4532-9e58-9f5f4a7ddd18:c6008]
2019-09-12 14:54:05,905 [grpc-default-executor-6] INFO  client.GrpcClientProtocolClient (GrpcClientProtocolClient.java:onNext(264)) - client-835E41B928D6->6dd5d97a-7455-476f-86d1-706748154c4a: receive RaftClientReply:client-835E41B928D6->6dd5d97a-7455-476f-86d1-706748154c4a@group-349356213E97, cid=3962, SUCCESS, logIndex=6012, commits[6dd5d97a-7455-476f-86d1-706748154c4a:c6012, 8c1a4ac2-2d71-4742-ab0b-89dcc95eb13f:c6008, c9d0001a-daad-4532-9e58-9f5f4a7ddd18:c6008]
2019-09-12 14:54:05,931 [grpc-default-executor-6] INFO  client.GrpcClientProtocolClient (GrpcClientProtocolClient.java:onNext(264)) - client-835E41B928D6->6dd5d97a-7455-476f-86d1-706748154c4a: receive RaftClientReply:client-835E41B928D6->6dd5d97a-7455-476f-86d1-706748154c4a@group-349356213E97, cid=3963, SUCCESS, logIndex=6015, commits[6dd5d97a-7455-476f-86d1-706748154c4a:c6015, 8c1a4ac2-2d71-4742-ab0b-89dcc95eb13f:c6012, c9d0001a-daad-4532-9e58-9f5f4a7ddd18:c6012]
2019-09-12 14:54:05,931 [grpc-default-executor-6] INFO  client.GrpcClientProtocolClient (GrpcClientProtocolClient.java:onNext(264)) - client-835E41B928D6->6dd5d97a-7455-476f-86d1-706748154c4a: receive RaftClientReply:client-835E41B928D6->6dd5d97a-7455-476f-86d1-706748154c4a@group-349356213E97, cid=3964, SUCCESS, logIndex=6016, commits[6dd5d97a-7455-476f-86d1-706748154c4a:c6016, 8c1a4ac2-2d71-4742-ab0b-89dcc95eb13f:c6012, c9d0001a-daad-4532-9e58-9f5f4a7ddd18:c6012]
2019-09-12 14:54:05,956 [grpc-default-executor-6] INFO  client.GrpcClientProtocolClient (GrpcClientProtocolClient.java:onNext(264)) - client-835E41B928D6->6dd5d97a-7455-476f-86d1-706748154c4a: receive RaftClientReply:client-835E41B928D6->6dd5d97a-7455-476f-86d1-706748154c4a@group-349356213E97, cid=3965, SUCCESS, logIndex=0, commits[6dd5d97a-7455-476f-86d1-706748154c4a:c6018, 8c1a4ac2-2d71-4742-ab0b-89dcc95eb13f:c6016, c9d0001a-daad-4532-9e58-9f5f4a7ddd18:c6016]
2019-09-12 14:54:05,980 [grpc-default-executor-5] INFO  client.GrpcClientProtocolClient (GrpcClientProtocolClient.java:onNext(264)) - client-835E41B928D6->6dd5d97a-7455-476f-86d1-706748154c4a: receive RaftClientReply:client-835E41B928D6->6dd5d97a-7455-476f-86d1-706748154c4a@group-349356213E97, cid=3966, SUCCESS, logIndex=6019, commits[6dd5d97a-7455-476f-86d1-706748154c4a:c6020, 8c1a4ac2-2d71-4742-ab0b-89dcc95eb13f:c6018, c9d0001a-daad-4532-9e58-9f5f4a7ddd18:c6016]
2019-09-12 14:54:05,981 [grpc-default-executor-5] INFO  client.GrpcClientProtocolClient (GrpcClientProtocolClient.java:onNext(264)) - client-835E41B928D6->6dd5d97a-7455-476f-86d1-706748154c4a: receive RaftClientReply:client-835E41B928D6->6dd5d97a-7455-476f-86d1-706748154c4a@group-349356213E97, cid=3967, SUCCESS, logIndex=6020, commits[6dd5d97a-7455-476f-86d1-706748154c4a:c6020, 8c1a4ac2-2d71-4742-ab0b-89dcc95eb13f:c6018, c9d0001a-daad-4532-9e58-9f5f4a7ddd18:c6016]
2019-09-12 14:54:05,989 [grpc-default-executor-7] INFO  client.GrpcClientProtocolClient (GrpcClientProtocolClient.java:onNext(264)) - client-835E41B928D6->6dd5d97a-7455-476f-86d1-706748154c4a: receive RaftClientReply:client-835E41B928D6->6dd5d97a-7455-476f-86d1-706748154c4a@group-349356213E97, cid=3968, SUCCESS, logIndex=6021, commits[6dd5d97a-7455-476f-86d1-706748154c4a:c6022, 8c1a4ac2-2d71-4742-ab0b-89dcc95eb13f:c6020, c9d0001a-daad-4532-9e58-9f5f4a7ddd18:c6018]
2019-09-12 14:54:05,989 [grpc-default-executor-7] INFO  client.GrpcClientProtocolClient (GrpcClientProtocolClient.java:onNext(264)) - client-835E41B928D6->6dd5d97a-7455-476f-86d1-706748154c4a: receive RaftClientReply:client-835E41B928D6->6dd5d97a-7455-476f-86d1-706748154c4a@group-349356213E97, cid=3969, SUCCESS, logIndex=6022, commits[6dd5d97a-7455-476f-86d1-706748154c4a:c6022, 8c1a4ac2-2d71-4742-ab0b-89dcc95eb13f:c6020, c9d0001a-daad-4532-9e58-9f5f4a7ddd18:c6018]
2019-09-12 14:54:05,991 [grpc-default-executor-7] INFO  client.GrpcClientProtocolClient (GrpcClientProtocolClient.java:onNext(264)) - client-835E41B928D6->6dd5d97a-7455-476f-86d1-706748154c4a: receive RaftClientReply:client-835E41B928D6->6dd5d97a-7455-476f-86d1-706748154c4a@group-349356213E97, cid=3970, SUCCESS, logIndex=0, commits[6dd5d97a-7455-476f-86d1-706748154c4a:c6024, 8c1a4ac2-2d71-4742-ab0b-89dcc95eb13f:c6020, c9d0001a-daad-4532-9e58-9f5f4a7ddd18:c6020]
2019-09-12 14:54:06,002 [grpc-default-executor-5] INFO  client.GrpcClientProtocolClient (GrpcClientProtocolClient.java:onNext(264)) - client-835E41B928D6->6dd5d97a-7455-476f-86d1-706748154c4a: receive RaftClientReply:client-835E41B928D6->6dd5d97a-7455-476f-86d1-706748154c4a@group-349356213E97, cid=3971, SUCCESS, logIndex=6027, commits[6dd5d97a-7455-476f-86d1-706748154c4a:c6028, 8c1a4ac2-2d71-4742-ab0b-89dcc95eb13f:c6026, c9d0001a-daad-4532-9e58-9f5f4a7ddd18:c6022]
2019-09-12 14:54:06,002 [grpc-default-executor-5] INFO  client.GrpcClientProtocolClient (GrpcClientProtocolClient.java:onNext(264)) - client-835E41B928D6->6dd5d97a-7455-476f-86d1-706748154c4a: receive RaftClientReply:client-835E41B928D6->6dd5d97a-7455-476f-86d1-706748154c4a@group-349356213E97, cid=3972, SUCCESS, logIndex=6028, commits[6dd5d97a-7455-476f-86d1-706748154c4a:c6028, 8c1a4ac2-2d71-4742-ab0b-89dcc95eb13f:c6026, c9d0001a-daad-4532-9e58-9f5f4a7ddd18:c6026]
2019-09-12 14:54:06,012 [grpc-default-executor-5] INFO  client.GrpcClientProtocolClient (GrpcClientProtocolClient.java:onNext(264)) - client-835E41B928D6->6dd5d97a-7455-476f-86d1-706748154c4a: receive RaftClientReply:client-835E41B928D6->6dd5d97a-7455-476f-86d1-706748154c4a@group-349356213E97, cid=3973, SUCCESS, logIndex=6031, commits[6dd5d97a-7455-476f-86d1-706748154c4a:c6032, 8c1a4ac2-2d71-4742-ab0b-89dcc95eb13f:c6030, c9d0001a-daad-4532-9e58-9f5f4a7ddd18:c6028]
2019-09-12 14:54:06,013 [grpc-default-executor-5] INFO  client.GrpcClientProtocolClient (GrpcClientProtocolClient.java:onNext(264)) - client-835E41B928D6->6dd5d97a-7455-476f-86d1-706748154c4a: receive RaftClientReply:client-835E41B928D6->6dd5d97a-7455-476f-86d1-706748154c4a@group-349356213E97, cid=3974, SUCCESS, logIndex=6032, commits[6dd5d97a-7455-476f-86d1-706748154c4a:c6032, 8c1a4ac2-2d71-4742-ab0b-89dcc95eb13f:c6030, c9d0001a-daad-4532-9e58-9f5f4a7ddd18:c6030]
2019-09-12 14:54:06,015 [grpc-default-executor-5] INFO  client.GrpcClientProtocolClient (GrpcClientProtocolClient.java:onNext(264)) - client-835E41B928D6->6dd5d97a-7455-476f-86d1-706748154c4a: receive RaftClientReply:client-835E41B928D6->6dd5d97a-7455-476f-86d1-706748154c4a@group-349356213E97, cid=3975, SUCCESS, logIndex=0, commits[6dd5d97a-7455-476f-86d1-706748154c4a:c6033, 8c1a4ac2-2d71-4742-ab0b-89dcc95eb13f:c6032, c9d0001a-daad-4532-9e58-9f5f4a7ddd18:c6032]
2019-09-12 14:54:06,058 [grpc-default-executor-7] INFO  client.GrpcClientProtocolClient (GrpcClientProtocolClient.java:onNext(264)) - client-835E41B928D6->6dd5d97a-7455-476f-86d1-706748154c4a: receive RaftClientReply:client-835E41B928D6->6dd5d97a-7455-476f-86d1-706748154c4a@group-349356213E97, cid=3976, SUCCESS, logIndex=6034, commits[6dd5d97a-7455-476f-86d1-706748154c4a:c6035, 8c1a4ac2-2d71-4742-ab0b-89dcc95eb13f:c6033, c9d0001a-daad-4532-9e58-9f5f4a7ddd18:c6033]
2019-09-12 14:54:06,059 [grpc-default-executor-7] INFO  client.GrpcClientProtocolClient (GrpcClientProtocolClient.java:onNext(264)) - client-835E41B928D6->6dd5d97a-7455-476f-86d1-706748154c4a: receive RaftClientReply:client-835E41B928D6->6dd5d97a-7455-476f-86d1-706748154c4a@group-349356213E97, cid=3977, SUCCESS, logIndex=6035, commits[6dd5d97a-7455-476f-86d1-706748154c4a:c6036, 8c1a4ac2-2d71-4742-ab0b-89dcc95eb13f:c6033, c9d0001a-daad-4532-9e58-9f5f4a7ddd18:c6033]
2019-09-12 14:54:06,059 [grpc-default-executor-7] INFO  client.GrpcClientProtocolClient (GrpcClientProtocolClient.java:onNext(264)) - client-835E41B928D6->6dd5d97a-7455-476f-86d1-706748154c4a: receive RaftClientReply:client-835E41B928D6->6dd5d97a-7455-476f-86d1-706748154c4a@group-349356213E97, cid=3978, SUCCESS, logIndex=6036, commits[6dd5d97a-7455-476f-86d1-706748154c4a:c6037, 8c1a4ac2-2d71-4742-ab0b-89dcc95eb13f:c6033, c9d0001a-daad-4532-9e58-9f5f4a7ddd18:c6033]
2019-09-12 14:54:06,059 [grpc-default-executor-7] INFO  client.GrpcClientProtocolClient (GrpcClientProtocolClient.java:onNext(264)) - client-835E41B928D6->6dd5d97a-7455-476f-86d1-706748154c4a: receive RaftClientReply:client-835E41B928D6->6dd5d97a-7455-476f-86d1-706748154c4a@group-349356213E97, cid=3979, SUCCESS, logIndex=6037, commits[6dd5d97a-7455-476f-86d1-706748154c4a:c6037, 8c1a4ac2-2d71-4742-ab0b-89dcc95eb13f:c6033, c9d0001a-daad-4532-9e58-9f5f4a7ddd18:c6033]
2019-09-12 14:54:06,062 [grpc-default-executor-7] INFO  client.GrpcClientProtocolClient (GrpcClientProtocolClient.java:onNext(264)) - client-835E41B928D6->6dd5d97a-7455-476f-86d1-706748154c4a: receive RaftClientReply:client-835E41B928D6->6dd5d97a-7455-476f-86d1-706748154c4a@group-349356213E97, cid=3980, SUCCESS, logIndex=0, commits[6dd5d97a-7455-476f-86d1-706748154c4a:c6039, 8c1a4ac2-2d71-4742-ab0b-89dcc95eb13f:c6035, c9d0001a-daad-4532-9e58-9f5f4a7ddd18:c6035]
2019-09-12 14:54:06,075 [grpc-default-executor-7] INFO  client.GrpcClientProtocolClient (GrpcClientProtocolClient.java:onNext(264)) - client-835E41B928D6->6dd5d97a-7455-476f-86d1-706748154c4a: receive RaftClientReply:client-835E41B928D6->6dd5d97a-7455-476f-86d1-706748154c4a@group-349356213E97, cid=3981, SUCCESS, logIndex=6042, commits[6dd5d97a-7455-476f-86d1-706748154c4a:c6043, 8c1a4ac2-2d71-4742-ab0b-89dcc95eb13f:c6040, c9d0001a-daad-4532-9e58-9f5f4a7ddd18:c6040]
2019-09-12 14:54:06,075 [grpc-default-executor-6] INFO  client.GrpcClientProtocolClient (GrpcClientProtocolClient.java:onNext(264)) - client-835E41B928D6->6dd5d97a-7455-476f-86d1-706748154c4a: receive RaftClientReply:client-835E41B928D6->6dd5d97a-7455-476f-86d1-706748154c4a@group-349356213E97, cid=3982, SUCCESS, logIndex=6043, commits[6dd5d97a-7455-476f-86d1-706748154c4a:c6043, 8c1a4ac2-2d71-4742-ab0b-89dcc95eb13f:c6040, c9d0001a-daad-4532-9e58-9f5f4a7ddd18:c6040]
2019-09-12 14:54:06,090 [grpc-default-executor-5] INFO  client.GrpcClientProtocolClient (GrpcClientProtocolClient.java:onNext(264)) - client-835E41B928D6->6dd5d97a-7455-476f-86d1-706748154c4a: receive RaftClientReply:client-835E41B928D6->6dd5d97a-7455-476f-86d1-706748154c4a@group-349356213E97, cid=3983, SUCCESS, logIndex=6046, commits[6dd5d97a-7455-476f-86d1-706748154c4a:c6047, 8c1a4ac2-2d71-4742-ab0b-89dcc95eb13f:c6041, c9d0001a-daad-4532-9e58-9f5f4a7ddd18:c6045]
2019-09-12 14:54:06,091 [grpc-default-executor-5] INFO  client.GrpcClientProtocolClient (GrpcClientProtocolClient.java:onNext(264)) - client-835E41B928D6->6dd5d97a-7455-476f-86d1-706748154c4a: receive RaftClientReply:client-835E41B928D6->6dd5d97a-7455-476f-86d1-706748154c4a@group-349356213E97, cid=3984, SUCCESS, logIndex=6047, commits[6dd5d97a-7455-476f-86d1-706748154c4a:c6047, 8c1a4ac2-2d71-4742-ab0b-89dcc95eb13f:c6045, c9d0001a-daad-4532-9e58-9f5f4a7ddd18:c6045]
2019-09-12 14:54:06,092 [grpc-default-executor-5] INFO  client.GrpcClientProtocolClient (GrpcClientProtocolClient.java:onNext(264)) - client-835E41B928D6->6dd5d97a-7455-476f-86d1-706748154c4a: receive RaftClientReply:client-835E41B928D6->6dd5d97a-7455-476f-86d1-706748154c4a@group-349356213E97, cid=3985, SUCCESS, logIndex=0, commits[6dd5d97a-7455-476f-86d1-706748154c4a:c6048, 8c1a4ac2-2d71-4742-ab0b-89dcc95eb13f:c6047, c9d0001a-daad-4532-9e58-9f5f4a7ddd18:c6047]
2019-09-12 14:54:06,121 [grpc-default-executor-5] INFO  client.GrpcClientProtocolClient (GrpcClientProtocolClient.java:onNext(264)) - client-835E41B928D6->6dd5d97a-7455-476f-86d1-706748154c4a: receive RaftClientReply:client-835E41B928D6->6dd5d97a-7455-476f-86d1-706748154c4a@group-349356213E97, cid=3986, SUCCESS, logIndex=6050, commits[6dd5d97a-7455-476f-86d1-706748154c4a:c6051, 8c1a4ac2-2d71-4742-ab0b-89dcc95eb13f:c6047, c9d0001a-daad-4532-9e58-9f5f4a7ddd18:c6049]
2019-09-12 14:54:06,121 [grpc-default-executor-5] INFO  client.GrpcClientProtocolClient (GrpcClientProtocolClient.java:onNext(264)) - client-835E41B928D6->6dd5d97a-7455-476f-86d1-706748154c4a: receive RaftClientReply:client-835E41B928D6->6dd5d97a-7455-476f-86d1-706748154c4a@group-349356213E97, cid=3987, SUCCESS, logIndex=6051, commits[6dd5d97a-7455-476f-86d1-706748154c4a:c6051, 8c1a4ac2-2d71-4742-ab0b-89dcc95eb13f:c6049, c9d0001a-daad-4532-9e58-9f5f4a7ddd18:c6049]
2019-09-12 14:54:06,123 [grpc-default-executor-2] INFO  client.GrpcClientProtocolClient (GrpcClientProtocolClient.java:onNext(264)) - client-835E41B928D6->6dd5d97a-7455-476f-86d1-706748154c4a: receive RaftClientReply:client-835E41B928D6->6dd5d97a-7455-476f-86d1-706748154c4a@group-349356213E97, cid=3988, SUCCESS, logIndex=6052, commits[6dd5d97a-7455-476f-86d1-706748154c4a:c6052, 8c1a4ac2-2d71-4742-ab0b-89dcc95eb13f:c6049, c9d0001a-daad-4532-9e58-9f5f4a7ddd18:c6049]
2019-09-12 14:54:06,124 [grpc-default-executor-2] INFO  client.GrpcClientProtocolClient (GrpcClientProtocolClient.java:onNext(264)) - client-835E41B928D6->6dd5d97a-7455-476f-86d1-706748154c4a: receive RaftClientReply:client-835E41B928D6->6dd5d97a-7455-476f-86d1-706748154c4a@group-349356213E97, cid=3989, SUCCESS, logIndex=6053, commits[6dd5d97a-7455-476f-86d1-706748154c4a:c6053, 8c1a4ac2-2d71-4742-ab0b-89dcc95eb13f:c6049, c9d0001a-daad-4532-9e58-9f5f4a7ddd18:c6049]
2019-09-12 14:54:06,135 [grpc-default-executor-2] INFO  client.GrpcClientProtocolClient (GrpcClientProtocolClient.java:onNext(264)) - client-835E41B928D6->6dd5d97a-7455-476f-86d1-706748154c4a: receive RaftClientReply:client-835E41B928D6->6dd5d97a-7455-476f-86d1-706748154c4a@group-349356213E97, cid=3990, SUCCESS, logIndex=0, commits[6dd5d97a-7455-476f-86d1-706748154c4a:c6055, 8c1a4ac2-2d71-4742-ab0b-89dcc95eb13f:c6051, c9d0001a-daad-4532-9e58-9f5f4a7ddd18:c6051]
2019-09-12 14:54:06,152 [grpc-default-executor-7] INFO  client.GrpcClientProtocolClient (GrpcClientProtocolClient.java:onNext(264)) - client-835E41B928D6->6dd5d97a-7455-476f-86d1-706748154c4a: receive RaftClientReply:client-835E41B928D6->6dd5d97a-7455-476f-86d1-706748154c4a@group-349356213E97, cid=3991, SUCCESS, logIndex=6058, commits[6dd5d97a-7455-476f-86d1-706748154c4a:c6059, 8c1a4ac2-2d71-4742-ab0b-89dcc95eb13f:c6057, c9d0001a-daad-4532-9e58-9f5f4a7ddd18:c6057]
2019-09-12 14:54:06,152 [grpc-default-executor-7] INFO  client.GrpcClientProtocolClient (GrpcClientProtocolClient.java:onNext(264)) - client-835E41B928D6->6dd5d97a-7455-476f-86d1-706748154c4a: receive RaftClientReply:client-835E41B928D6->6dd5d97a-7455-476f-86d1-706748154c4a@group-349356213E97, cid=3992, SUCCESS, logIndex=6059, commits[6dd5d97a-7455-476f-86d1-706748154c4a:c6059, 8c1a4ac2-2d71-4742-ab0b-89dcc95eb13f:c6057, c9d0001a-daad-4532-9e58-9f5f4a7ddd18:c6057]
2019-09-12 14:54:06,177 [grpc-default-executor-7] INFO  client.GrpcClientProtocolClient (GrpcClientProtocolClient.java:onNext(264)) - client-835E41B928D6->6dd5d97a-7455-476f-86d1-706748154c4a: receive RaftClientReply:client-835E41B928D6->6dd5d97a-7455-476f-86d1-706748154c4a@group-349356213E97, cid=3993, SUCCESS, logIndex=6062, commits[6dd5d97a-7455-476f-86d1-706748154c4a:c6063, 8c1a4ac2-2d71-4742-ab0b-89dcc95eb13f:c6059, c9d0001a-daad-4532-9e58-9f5f4a7ddd18:c6059]
2019-09-12 14:54:06,177 [grpc-default-executor-7] INFO  client.GrpcClientProtocolClient (GrpcClientProtocolClient.java:onNext(264)) - client-835E41B928D6->6dd5d97a-7455-476f-86d1-706748154c4a: receive RaftClientReply:client-835E41B928D6->6dd5d97a-7455-476f-86d1-706748154c4a@group-349356213E97, cid=3994, SUCCESS, logIndex=6063, commits[6dd5d97a-7455-476f-86d1-706748154c4a:c6063, 8c1a4ac2-2d71-4742-ab0b-89dcc95eb13f:c6059, c9d0001a-daad-4532-9e58-9f5f4a7ddd18:c6059]
2019-09-12 14:54:06,191 [grpc-default-executor-7] INFO  client.GrpcClientProtocolClient (GrpcClientProtocolClient.java:onNext(264)) - client-835E41B928D6->6dd5d97a-7455-476f-86d1-706748154c4a: receive RaftClientReply:client-835E41B928D6->6dd5d97a-7455-476f-86d1-706748154c4a@group-349356213E97, cid=3995, SUCCESS, logIndex=0, commits[6dd5d97a-7455-476f-86d1-706748154c4a:c6065, 8c1a4ac2-2d71-4742-ab0b-89dcc95eb13f:c6063, c9d0001a-daad-4532-9e58-9f5f4a7ddd18:c6063]
2019-09-12 14:54:06,222 [grpc-default-executor-6] INFO  client.GrpcClientProtocolClient (GrpcClientProtocolClient.java:onNext(264)) - client-835E41B928D6->6dd5d97a-7455-476f-86d1-706748154c4a: receive RaftClientReply:client-835E41B928D6->6dd5d97a-7455-476f-86d1-706748154c4a@group-349356213E97, cid=3996, SUCCESS, logIndex=6066, commits[6dd5d97a-7455-476f-86d1-706748154c4a:c6069, 8c1a4ac2-2d71-4742-ab0b-89dcc95eb13f:c6065, c9d0001a-daad-4532-9e58-9f5f4a7ddd18:c6065]
2019-09-12 14:54:06,223 [grpc-default-executor-6] INFO  client.GrpcClientProtocolClient (GrpcClientProtocolClient.java:onNext(264)) - client-835E41B928D6->6dd5d97a-7455-476f-86d1-706748154c4a: receive RaftClientReply:client-835E41B928D6->6dd5d97a-7455-476f-86d1-706748154c4a@group-349356213E97, cid=3997, SUCCESS, logIndex=6067, commits[6dd5d97a-7455-476f-86d1-706748154c4a:c6069, 8c1a4ac2-2d71-4742-ab0b-89dcc95eb13f:c6065, c9d0001a-daad-4532-9e58-9f5f4a7ddd18:c6065]
2019-09-12 14:54:06,224 [grpc-default-executor-6] INFO  client.GrpcClientProtocolClient (GrpcClientProtocolClient.java:onNext(264)) - client-835E41B928D6->6dd5d97a-7455-476f-86d1-706748154c4a: receive RaftClientReply:client-835E41B928D6->6dd5d97a-7455-476f-86d1-706748154c4a@group-349356213E97, cid=3998, SUCCESS, logIndex=6068, commits[6dd5d97a-7455-476f-86d1-706748154c4a:c6069, 8c1a4ac2-2d71-4742-ab0b-89dcc95eb13f:c6065, c9d0001a-daad-4532-9e58-9f5f4a7ddd18:c6065]
2019-09-12 14:54:06,224 [grpc-default-executor-6] INFO  client.GrpcClientProtocolClient (GrpcClientProtocolClient.java:onNext(264)) - client-835E41B928D6->6dd5d97a-7455-476f-86d1-706748154c4a: receive RaftClientReply:client-835E41B928D6->6dd5d97a-7455-476f-86d1-706748154c4a@group-349356213E97, cid=3999, SUCCESS, logIndex=6069, commits[6dd5d97a-7455-476f-86d1-706748154c4a:c6069, 8c1a4ac2-2d71-4742-ab0b-89dcc95eb13f:c6065, c9d0001a-daad-4532-9e58-9f5f4a7ddd18:c6065]
2019-09-12 14:54:06,234 [grpc-default-executor-6] INFO  client.GrpcClientProtocolClient (GrpcClientProtocolClient.java:onNext(264)) - client-835E41B928D6->6dd5d97a-7455-476f-86d1-706748154c4a: receive RaftClientReply:client-835E41B928D6->6dd5d97a-7455-476f-86d1-706748154c4a@group-349356213E97, cid=4000, SUCCESS, logIndex=0, commits[6dd5d97a-7455-476f-86d1-706748154c4a:c6070, 8c1a4ac2-2d71-4742-ab0b-89dcc95eb13f:c6067, c9d0001a-daad-4532-9e58-9f5f4a7ddd18:c6067]
2019-09-12 14:54:06,464 [grpc-default-executor-7] INFO  client.GrpcClientProtocolClient (GrpcClientProtocolClient.java:onNext(264)) - client-835E41B928D6->6dd5d97a-7455-476f-86d1-706748154c4a: receive RaftClientReply:client-835E41B928D6->6dd5d97a-7455-476f-86d1-706748154c4a@group-349356213E97, cid=4001, SUCCESS, logIndex=6074, commits[6dd5d97a-7455-476f-86d1-706748154c4a:c6075, 8c1a4ac2-2d71-4742-ab0b-89dcc95eb13f:c6073, c9d0001a-daad-4532-9e58-9f5f4a7ddd18:c6073]
2019-09-12 14:54:06,464 [grpc-default-executor-7] INFO  client.GrpcClientProtocolClient (GrpcClientProtocolClient.java:onNext(264)) - client-835E41B928D6->6dd5d97a-7455-476f-86d1-706748154c4a: receive RaftClientReply:client-835E41B928D6->6dd5d97a-7455-476f-86d1-706748154c4a@group-349356213E97, cid=4002, SUCCESS, logIndex=6075, commits[6dd5d97a-7455-476f-86d1-706748154c4a:c6075, 8c1a4ac2-2d71-4742-ab0b-89dcc95eb13f:c6073, c9d0001a-daad-4532-9e58-9f5f4a7ddd18:c6073]
2019-09-12 14:54:06,479 [grpc-default-executor-2] INFO  client.GrpcClientProtocolClient (GrpcClientProtocolClient.java:onNext(264)) - client-835E41B928D6->6dd5d97a-7455-476f-86d1-706748154c4a: receive RaftClientReply:client-835E41B928D6->6dd5d97a-7455-476f-86d1-706748154c4a@group-349356213E97, cid=4003, SUCCESS, logIndex=6078, commits[6dd5d97a-7455-476f-86d1-706748154c4a:c6079, 8c1a4ac2-2d71-4742-ab0b-89dcc95eb13f:c6075, c9d0001a-daad-4532-9e58-9f5f4a7ddd18:c6075]
2019-09-12 14:54:06,479 [grpc-default-executor-2] INFO  client.GrpcClientProtocolClient (GrpcClientProtocolClient.java:onNext(264)) - client-835E41B928D6->6dd5d97a-7455-476f-86d1-706748154c4a: receive RaftClientReply:client-835E41B928D6->6dd5d97a-7455-476f-86d1-706748154c4a@group-349356213E97, cid=4004, SUCCESS, logIndex=6079, commits[6dd5d97a-7455-476f-86d1-706748154c4a:c6079, 8c1a4ac2-2d71-4742-ab0b-89dcc95eb13f:c6075, c9d0001a-daad-4532-9e58-9f5f4a7ddd18:c6075]
2019-09-12 14:54:06,492 [grpc-default-executor-2] INFO  client.GrpcClientProtocolClient (GrpcClientProtocolClient.java:onNext(264)) - client-835E41B928D6->6dd5d97a-7455-476f-86d1-706748154c4a: receive RaftClientReply:client-835E41B928D6->6dd5d97a-7455-476f-86d1-706748154c4a@group-349356213E97, cid=4005, SUCCESS, logIndex=0, commits[6dd5d97a-7455-476f-86d1-706748154c4a:c6080, 8c1a4ac2-2d71-4742-ab0b-89dcc95eb13f:c6079, c9d0001a-daad-4532-9e58-9f5f4a7ddd18:c6079]
 0.00% |█                                                                                                    |  0/1 Time: 0:00:342019-09-12 14:54:06,904 [grpc-default-executor-2] INFO  client.GrpcClientProtocolClient (GrpcClientProtocolClient.java:onNext(264)) - client-835E41B928D6->6dd5d97a-7455-476f-86d1-706748154c4a: receive RaftClientReply:client-835E41B928D6->6dd5d97a-7455-476f-86d1-706748154c4a@group-349356213E97, cid=4006, SUCCESS, logIndex=6082, commits[6dd5d97a-7455-476f-86d1-706748154c4a:c6083, 8c1a4ac2-2d71-4742-ab0b-89dcc95eb13f:c6081, c9d0001a-daad-4532-9e58-9f5f4a7ddd18:c6081]
2019-09-12 14:54:06,905 [grpc-default-executor-2] INFO  client.GrpcClientProtocolClient (GrpcClientProtocolClient.java:onNext(264)) - client-835E41B928D6->6dd5d97a-7455-476f-86d1-706748154c4a: receive RaftClientReply:client-835E41B928D6->6dd5d97a-7455-476f-86d1-706748154c4a@group-349356213E97, cid=4007, SUCCESS, logIndex=6083, commits[6dd5d97a-7455-476f-86d1-706748154c4a:c6083, 8c1a4ac2-2d71-4742-ab0b-89dcc95eb13f:c6081, c9d0001a-daad-4532-9e58-9f5f4a7ddd18:c6081]
 0.00% |█                                                                                                    |  0/1 Time: 0:00:352019-09-12 14:54:08,545 [grpc-default-executor-5] INFO  client.GrpcClientProtocolClient (GrpcClientProtocolClient.java:onNext(264)) - client-835E41B928D6->6dd5d97a-7455-476f-86d1-706748154c4a: receive RaftClientReply:client-835E41B928D6->6dd5d97a-7455-476f-86d1-706748154c4a@group-349356213E97, cid=4008, SUCCESS, logIndex=6084, commits[6dd5d97a-7455-476f-86d1-706748154c4a:c6085, 8c1a4ac2-2d71-4742-ab0b-89dcc95eb13f:c6081, c9d0001a-daad-4532-9e58-9f5f4a7ddd18:c6081]
2019-09-12 14:54:08,547 [grpc-default-executor-5] INFO  client.GrpcClientProtocolClient (GrpcClientProtocolClient.java:onNext(264)) - client-835E41B928D6->6dd5d97a-7455-476f-86d1-706748154c4a: receive RaftClientReply:client-835E41B928D6->6dd5d97a-7455-476f-86d1-706748154c4a@group-349356213E97, cid=4009, SUCCESS, logIndex=6085, commits[6dd5d97a-7455-476f-86d1-706748154c4a:c6085, 8c1a4ac2-2d71-4742-ab0b-89dcc95eb13f:c6083, c9d0001a-daad-4532-9e58-9f5f4a7ddd18:c6081]
 0.00% |█                                                                                                    |  0/1 Time: 0:00:36 0.00% |█                                                                                                    |  0/1 Time: 0:00:372019-09-12 14:54:09,905 [java.util.concurrent.ThreadPoolExecutor$Worker@ba89345[State = -1, empty queue]] WARN  server.GrpcLogAppender (GrpcLogAppender.java:timeoutAppendRequest(200)) - 6dd5d97a-7455-476f-86d1-706748154c4a@group-349356213E97->c9d0001a-daad-4532-9e58-9f5f4a7ddd18-GrpcLogAppender: appendEntries Timeout, request=6dd5d97a-7455-476f-86d1-706748154c4a->c9d0001a-daad-4532-9e58-9f5f4a7ddd18#6093-t2, previous=(t:2, i:6085), leaderCommit=6083, initializing? false, entries: size=1, first=(t:2, i:6086), METADATAENTRY(c6082)
2019-09-12 14:54:09,905 [java.util.concurrent.ThreadPoolExecutor$Worker@2879ce15[State = -1, empty queue]] WARN  server.GrpcLogAppender (GrpcLogAppender.java:timeoutAppendRequest(200)) - 6dd5d97a-7455-476f-86d1-706748154c4a@group-349356213E97->8c1a4ac2-2d71-4742-ab0b-89dcc95eb13f-GrpcLogAppender: appendEntries Timeout, request=6dd5d97a-7455-476f-86d1-706748154c4a->8c1a4ac2-2d71-4742-ab0b-89dcc95eb13f#6094-t2, previous=(t:2, i:6086), leaderCommit=6083, initializing? false, entries: size=1, first=(t:2, i:6087), METADATAENTRY(c6083)
2019-09-12 14:54:09,908 [java.util.concurrent.ThreadPoolExecutor$Worker@ba89345[State = -1, empty queue]] WARN  server.GrpcLogAppender (GrpcLogAppender.java:timeoutAppendRequest(200)) - 6dd5d97a-7455-476f-86d1-706748154c4a@group-349356213E97->c9d0001a-daad-4532-9e58-9f5f4a7ddd18-GrpcLogAppender: appendEntries Timeout, request=6dd5d97a-7455-476f-86d1-706748154c4a->c9d0001a-daad-4532-9e58-9f5f4a7ddd18#6094-t2, previous=(t:2, i:6086), leaderCommit=6083, initializing? false, entries: size=1, first=(t:2, i:6087), METADATAENTRY(c6083)
 0.00% |█                                                                                                    |  0/1 Time: 0:00:382019-09-12 14:54:11,542 [java.util.concurrent.ThreadPoolExecutor$Worker@2879ce15[State = -1, empty queue]] WARN  server.GrpcLogAppender (GrpcLogAppender.java:timeoutAppendRequest(200)) - 6dd5d97a-7455-476f-86d1-706748154c4a@group-349356213E97->8c1a4ac2-2d71-4742-ab0b-89dcc95eb13f-GrpcLogAppender: appendEntries Timeout, request=6dd5d97a-7455-476f-86d1-706748154c4a->8c1a4ac2-2d71-4742-ab0b-89dcc95eb13f#6095-t2, previous=(t:2, i:6087), leaderCommit=6085, initializing? false, entries: size=1, first=(t:2, i:6088), METADATAENTRY(c6085)
2019-09-12 14:54:11,542 [java.util.concurrent.ThreadPoolExecutor$Worker@ba89345[State = -1, empty queue]] WARN  server.GrpcLogAppender (GrpcLogAppender.java:timeoutAppendRequest(200)) - 6dd5d97a-7455-476f-86d1-706748154c4a@group-349356213E97->c9d0001a-daad-4532-9e58-9f5f4a7ddd18-GrpcLogAppender: appendEntries Timeout, request=6dd5d97a-7455-476f-86d1-706748154c4a->c9d0001a-daad-4532-9e58-9f5f4a7ddd18#6095-t2, previous=(t:2, i:6087), leaderCommit=6085, initializing? false, entries: size=1, first=(t:2, i:6088), METADATAENTRY(c6085)
 0.00% |█                                                                                                    |  0/1 Time: 0:00:39 0.00% |█                                                                                                    |  0/1 Time: 0:00:402019-09-12 14:54:13,551 [pool-277-thread-1] WARN  scm.XceiverClientRatis (XceiverClientRatis.java:watchForCommit(262)) - 3 way commit failed on pipeline Pipeline[ Id: cbe2304a-39bb-474e-8c4c-349356213e97, Nodes: c9d0001a-daad-4532-9e58-9f5f4a7ddd18{ip: 192.168.34.38, host: pr-hdds-2007-65vhz-3510356991, networkLocation: /default-rack, certSerialId: null}6dd5d97a-7455-476f-86d1-706748154c4a{ip: 192.168.34.38, host: pr-hdds-2007-65vhz-3510356991, networkLocation: /default-rack, certSerialId: null}8c1a4ac2-2d71-4742-ab0b-89dcc95eb13f{ip: 192.168.34.38, host: pr-hdds-2007-65vhz-3510356991, networkLocation: /default-rack, certSerialId: null}, Type:RATIS, Factor:THREE, State:OPEN]
java.util.concurrent.TimeoutException
	at java.util.concurrent.CompletableFuture.timedGet(CompletableFuture.java:1771)
	at java.util.concurrent.CompletableFuture.get(CompletableFuture.java:1915)
	at org.apache.hadoop.hdds.scm.XceiverClientRatis.watchForCommit(XceiverClientRatis.java:259)
	at org.apache.hadoop.hdds.scm.storage.CommitWatcher.watchForCommit(CommitWatcher.java:194)
	at org.apache.hadoop.hdds.scm.storage.CommitWatcher.watchOnFirstIndex(CommitWatcher.java:135)
	at org.apache.hadoop.hdds.scm.storage.BlockOutputStream.watchForCommit(BlockOutputStream.java:347)
	at org.apache.hadoop.hdds.scm.storage.BlockOutputStream.handleFullBuffer(BlockOutputStream.java:324)
	at org.apache.hadoop.hdds.scm.storage.BlockOutputStream.write(BlockOutputStream.java:251)
	at org.apache.hadoop.ozone.client.io.BlockOutputStreamEntry.write(BlockOutputStreamEntry.java:129)
	at org.apache.hadoop.ozone.client.io.KeyOutputStream.handleWrite(KeyOutputStream.java:211)
	at org.apache.hadoop.ozone.client.io.KeyOutputStream.write(KeyOutputStream.java:193)
	at org.apache.hadoop.ozone.client.io.OzoneOutputStream.write(OzoneOutputStream.java:49)
	at org.apache.hadoop.ozone.freon.RandomKeyGenerator.createKey(RandomKeyGenerator.java:708)
	at org.apache.hadoop.ozone.freon.RandomKeyGenerator.access$1100(RandomKeyGenerator.java:88)
	at org.apache.hadoop.ozone.freon.RandomKeyGenerator$ObjectCreator.run(RandomKeyGenerator.java:615)
	at java.util.concurrent.Executors$RunnableAdapter.call(Executors.java:511)
	at java.util.concurrent.FutureTask.run(FutureTask.java:266)
	at java.util.concurrent.ThreadPoolExecutor.runWorker(ThreadPoolExecutor.java:1149)
	at java.util.concurrent.ThreadPoolExecutor$Worker.run(ThreadPoolExecutor.java:624)
	at java.lang.Thread.run(Thread.java:748)
2019-09-12 14:54:13,558 [grpc-default-executor-5] INFO  client.GrpcClientProtocolClient (GrpcClientProtocolClient.java:onNext(264)) - client-835E41B928D6->6dd5d97a-7455-476f-86d1-706748154c4a: receive RaftClientReply:client-835E41B928D6->6dd5d97a-7455-476f-86d1-706748154c4a@group-349356213E97, cid=4011, SUCCESS, logIndex=0, commits[6dd5d97a-7455-476f-86d1-706748154c4a:c6085, 8c1a4ac2-2d71-4742-ab0b-89dcc95eb13f:c6083, c9d0001a-daad-4532-9e58-9f5f4a7ddd18:c6081]
2019-09-12 14:54:13,562 [pool-277-thread-1] INFO  scm.XceiverClientRatis (XceiverClientRatis.java:lambda$watchForCommit$7(280)) - Could not commit index 6083 on pipeline Pipeline[ Id: cbe2304a-39bb-474e-8c4c-349356213e97, Nodes: c9d0001a-daad-4532-9e58-9f5f4a7ddd18{ip: 192.168.34.38, host: pr-hdds-2007-65vhz-3510356991, networkLocation: /default-rack, certSerialId: null}6dd5d97a-7455-476f-86d1-706748154c4a{ip: 192.168.34.38, host: pr-hdds-2007-65vhz-3510356991, networkLocation: /default-rack, certSerialId: null}8c1a4ac2-2d71-4742-ab0b-89dcc95eb13f{ip: 192.168.34.38, host: pr-hdds-2007-65vhz-3510356991, networkLocation: /default-rack, certSerialId: null}, Type:RATIS, Factor:THREE, State:OPEN] to all the nodes. Server c9d0001a-daad-4532-9e58-9f5f4a7ddd18 has failed. Committed by majority.
2019-09-12 14:54:13,564 [pool-277-thread-1] WARN  storage.BlockOutputStream (BlockOutputStream.java:watchForCommit(353)) - Failed to commit BlockId conID: 3 locID: 102780111847031528 bcsId: 6085 on Pipeline[ Id: cbe2304a-39bb-474e-8c4c-349356213e97, Nodes: c9d0001a-daad-4532-9e58-9f5f4a7ddd18{ip: 192.168.34.38, host: pr-hdds-2007-65vhz-3510356991, networkLocation: /default-rack, certSerialId: null}6dd5d97a-7455-476f-86d1-706748154c4a{ip: 192.168.34.38, host: pr-hdds-2007-65vhz-3510356991, networkLocation: /default-rack, certSerialId: null}8c1a4ac2-2d71-4742-ab0b-89dcc95eb13f{ip: 192.168.34.38, host: pr-hdds-2007-65vhz-3510356991, networkLocation: /default-rack, certSerialId: null}, Type:RATIS, Factor:THREE, State:OPEN]. Failed nodes: [c9d0001a-daad-4532-9e58-9f5f4a7ddd18{ip: null, host: null, networkLocation: /default-rack, certSerialId: null}]
 0.00% |█                                                                                                    |  0/1 Time: 0:00:412019-09-12 14:54:13,684 [grpc-default-executor-7] WARN  server.GrpcLogAppender (GrpcLogAppender.java:onNextImpl(251)) - 6dd5d97a-7455-476f-86d1-706748154c4a@group-349356213E97->c9d0001a-daad-4532-9e58-9f5f4a7ddd18-AppendLogResponseHandler: Request not found, ignoring reply: 6dd5d97a-7455-476f-86d1-706748154c4a<-c9d0001a-daad-4532-9e58-9f5f4a7ddd18#6093:OK,SUCCESS,nextIndex:6087,term:2,followerCommit:6085
2019-09-12 14:54:13,684 [grpc-default-executor-5] WARN  server.GrpcLogAppender (GrpcLogAppender.java:onNextImpl(251)) - 6dd5d97a-7455-476f-86d1-706748154c4a@group-349356213E97->8c1a4ac2-2d71-4742-ab0b-89dcc95eb13f-AppendLogResponseHandler: Request not found, ignoring reply: 6dd5d97a-7455-476f-86d1-706748154c4a<-8c1a4ac2-2d71-4742-ab0b-89dcc95eb13f#6094:OK,SUCCESS,nextIndex:6088,term:2,followerCommit:6085
2019-09-12 14:54:13,694 [grpc-default-executor-7] WARN  server.GrpcLogAppender (GrpcLogAppender.java:onNextImpl(251)) - 6dd5d97a-7455-476f-86d1-706748154c4a@group-349356213E97->c9d0001a-daad-4532-9e58-9f5f4a7ddd18-AppendLogResponseHandler: Request not found, ignoring reply: 6dd5d97a-7455-476f-86d1-706748154c4a<-c9d0001a-daad-4532-9e58-9f5f4a7ddd18#6094:OK,SUCCESS,nextIndex:6088,term:2,followerCommit:6085
2019-09-12 14:54:14,044 [java.util.concurrent.ThreadPoolExecutor$Worker@2879ce15[State = -1, empty queue]] WARN  server.GrpcLogAppender (GrpcLogAppender.java:timeoutAppendRequest(200)) - 6dd5d97a-7455-476f-86d1-706748154c4a@group-349356213E97->8c1a4ac2-2d71-4742-ab0b-89dcc95eb13f-GrpcLogAppender: appendEntries Timeout, request=6dd5d97a-7455-476f-86d1-706748154c4a->8c1a4ac2-2d71-4742-ab0b-89dcc95eb13f#6096-t2, previous=(t:2, i:6088), leaderCommit=6085, initializing? false, entries: <empty>
2019-09-12 14:54:14,044 [java.util.concurrent.ThreadPoolExecutor$Worker@ba89345[State = -1, empty queue]] WARN  server.GrpcLogAppender (GrpcLogAppender.java:timeoutAppendRequest(200)) - 6dd5d97a-7455-476f-86d1-706748154c4a@group-349356213E97->c9d0001a-daad-4532-9e58-9f5f4a7ddd18-GrpcLogAppender: appendEntries Timeout, request=6dd5d97a-7455-476f-86d1-706748154c4a->c9d0001a-daad-4532-9e58-9f5f4a7ddd18#6096-t2, previous=(t:2, i:6088), leaderCommit=6085, initializing? false, entries: <empty>
 0.00% |█                                                                                                    |  0/1 Time: 0:00:42 0.00% |█                                                                                                    |  0/1 Time: 0:00:432019-09-12 14:54:16,545 [java.util.concurrent.ThreadPoolExecutor$Worker@ba89345[State = -1, empty queue]] WARN  server.GrpcLogAppender (GrpcLogAppender.java:timeoutAppendRequest(200)) - 6dd5d97a-7455-476f-86d1-706748154c4a@group-349356213E97->c9d0001a-daad-4532-9e58-9f5f4a7ddd18-GrpcLogAppender: appendEntries Timeout, request=6dd5d97a-7455-476f-86d1-706748154c4a->c9d0001a-daad-4532-9e58-9f5f4a7ddd18#6097-t2, previous=(t:2, i:6088), leaderCommit=6085, initializing? false, entries: <empty>
2019-09-12 14:54:16,545 [java.util.concurrent.ThreadPoolExecutor$Worker@2879ce15[State = -1, empty queue]] WARN  server.GrpcLogAppender (GrpcLogAppender.java:timeoutAppendRequest(200)) - 6dd5d97a-7455-476f-86d1-706748154c4a@group-349356213E97->8c1a4ac2-2d71-4742-ab0b-89dcc95eb13f-GrpcLogAppender: appendEntries Timeout, request=6dd5d97a-7455-476f-86d1-706748154c4a->8c1a4ac2-2d71-4742-ab0b-89dcc95eb13f#6097-t2, previous=(t:2, i:6088), leaderCommit=6085, initializing? false, entries: <empty>
2019-09-12 14:54:16,577 [java.util.concurrent.ThreadPoolExecutor$Worker@ba89345[State = -1, empty queue]] WARN  server.GrpcLogAppender (GrpcLogAppender.java:timeoutAppendRequest(200)) - 6dd5d97a-7455-476f-86d1-706748154c4a@group-349356213E97->c9d0001a-daad-4532-9e58-9f5f4a7ddd18-GrpcLogAppender: appendEntries Timeout, request=6dd5d97a-7455-476f-86d1-706748154c4a->c9d0001a-daad-4532-9e58-9f5f4a7ddd18#6098-t2, previous=(t:2, i:6088), leaderCommit=6085, initializing? false, entries: size=1, first=(t:2, i:6089), STATEMACHINELOGENTRY, client-835E41B928D6, cid=4012
2019-09-12 14:54:16,577 [java.util.concurrent.ThreadPoolExecutor$Worker@2879ce15[State = -1, empty queue]] WARN  server.GrpcLogAppender (GrpcLogAppender.java:timeoutAppendRequest(200)) - 6dd5d97a-7455-476f-86d1-706748154c4a@group-349356213E97->8c1a4ac2-2d71-4742-ab0b-89dcc95eb13f-GrpcLogAppender: appendEntries Timeout, request=6dd5d97a-7455-476f-86d1-706748154c4a->8c1a4ac2-2d71-4742-ab0b-89dcc95eb13f#6098-t2, previous=(t:2, i:6088), leaderCommit=6085, initializing? false, entries: size=1, first=(t:2, i:6089), STATEMACHINELOGENTRY, client-835E41B928D6, cid=4012
2019-09-12 14:54:16,577 [java.util.concurrent.ThreadPoolExecutor$Worker@ba89345[State = -1, empty queue]] WARN  server.GrpcLogAppender (GrpcLogAppender.java:timeoutAppendRequest(200)) - 6dd5d97a-7455-476f-86d1-706748154c4a@group-349356213E97->c9d0001a-daad-4532-9e58-9f5f4a7ddd18-GrpcLogAppender: appendEntries Timeout, request=6dd5d97a-7455-476f-86d1-706748154c4a->c9d0001a-daad-4532-9e58-9f5f4a7ddd18#6099-t2, previous=(t:2, i:6089), leaderCommit=6085, initializing? false, entries: size=1, first=(t:2, i:6090), STATEMACHINELOGENTRY, client-835E41B928D6, cid=4013
2019-09-12 14:54:16,581 [java.util.concurrent.ThreadPoolExecutor$Worker@2879ce15[State = -1, empty queue]] WARN  server.GrpcLogAppender (GrpcLogAppender.java:timeoutAppendRequest(200)) - 6dd5d97a-7455-476f-86d1-706748154c4a@group-349356213E97->8c1a4ac2-2d71-4742-ab0b-89dcc95eb13f-GrpcLogAppender: appendEntries Timeout, request=6dd5d97a-7455-476f-86d1-706748154c4a->8c1a4ac2-2d71-4742-ab0b-89dcc95eb13f#6099-t2, previous=(t:2, i:6089), leaderCommit=6085, initializing? false, entries: size=1, first=(t:2, i:6090), STATEMACHINELOGENTRY, client-835E41B928D6, cid=4013
 0.00% |█                                                                                                    |  0/1 Time: 0:00:44 0.00% |█                                                                                                    |  0/1 Time: 0:00:45 0.00% |█                                                                                                    |  0/1 Time: 0:00:462019-09-12 14:54:18,674 [Thread-17409] INFO  client.GrpcClientProtocolService (GrpcClientProtocolService.java:lambda$processClientRequest$0(278)) - Failed RaftClientRequest:client-835E41B928D6->8c1a4ac2-2d71-4742-ab0b-89dcc95eb13f@group-349356213E97, cid=4010, seq=0, Watch-ALL_COMMITTED(6083), Message:<EMPTY>, reply=RaftClientReply:client-835E41B928D6->8c1a4ac2-2d71-4742-ab0b-89dcc95eb13f@group-349356213E97, cid=4010, FAILED org.apache.ratis.protocol.NotLeaderException: Server 8c1a4ac2-2d71-4742-ab0b-89dcc95eb13f@group-349356213E97 is not the leader 6dd5d97a-7455-476f-86d1-706748154c4a:192.168.34.38:35784, logIndex=0, commits[8c1a4ac2-2d71-4742-ab0b-89dcc95eb13f:c6086, c9d0001a-daad-4532-9e58-9f5f4a7ddd18:c6081, 6dd5d97a-7455-476f-86d1-706748154c4a:c6086]
2019-09-12 14:54:18,690 [grpc-default-executor-7] INFO  client.GrpcClientProtocolClient (GrpcClientProtocolClient.java:onNext(264)) - client-835E41B928D6->8c1a4ac2-2d71-4742-ab0b-89dcc95eb13f: receive RaftClientReply:client-835E41B928D6->8c1a4ac2-2d71-4742-ab0b-89dcc95eb13f@group-349356213E97, cid=4010, FAILED org.apache.ratis.protocol.NotLeaderException: Server 8c1a4ac2-2d71-4742-ab0b-89dcc95eb13f@group-349356213E97 is not the leader 6dd5d97a-7455-476f-86d1-706748154c4a:192.168.34.38:35784, logIndex=0, commits[8c1a4ac2-2d71-4742-ab0b-89dcc95eb13f:c6086, c9d0001a-daad-4532-9e58-9f5f4a7ddd18:c6081, 6dd5d97a-7455-476f-86d1-706748154c4a:c6086]
2019-09-12 14:54:18,756 [Thread-17415] INFO  client.GrpcClientProtocolService (GrpcClientProtocolService.java:lambda$processClientRequest$0(278)) - Failed RaftClientRequest:client-835E41B928D6->6dd5d97a-7455-476f-86d1-706748154c4a@group-349356213E97, cid=4010, seq=0, Watch-ALL_COMMITTED(6083), Message:<EMPTY>, reply=RaftClientReply:client-835E41B928D6->6dd5d97a-7455-476f-86d1-706748154c4a@group-349356213E97, cid=4010, FAILED org.apache.ratis.protocol.NotReplicatedException: Request with call Id 4010 and log index 6083 is not yet replicated to ALL_COMMITTED, logIndex=6083, commits[6dd5d97a-7455-476f-86d1-706748154c4a:c6086, 8c1a4ac2-2d71-4742-ab0b-89dcc95eb13f:c6083, c9d0001a-daad-4532-9e58-9f5f4a7ddd18:c6081]
2019-09-12 14:54:18,854 [grpc-default-executor-5] WARN  server.GrpcLogAppender (GrpcLogAppender.java:onNextImpl(251)) - 6dd5d97a-7455-476f-86d1-706748154c4a@group-349356213E97->8c1a4ac2-2d71-4742-ab0b-89dcc95eb13f-AppendLogResponseHandler: Request not found, ignoring reply: 6dd5d97a-7455-476f-86d1-706748154c4a<-8c1a4ac2-2d71-4742-ab0b-89dcc95eb13f#6095:OK,SUCCESS,nextIndex:6089,term:2,followerCommit:6086
2019-09-12 14:54:18,857 [grpc-default-executor-5] WARN  server.GrpcLogAppender (GrpcLogAppender.java:onNextImpl(251)) - 6dd5d97a-7455-476f-86d1-706748154c4a@group-349356213E97->8c1a4ac2-2d71-4742-ab0b-89dcc95eb13f-AppendLogResponseHandler: Request not found, ignoring reply: 6dd5d97a-7455-476f-86d1-706748154c4a<-8c1a4ac2-2d71-4742-ab0b-89dcc95eb13f#6096:OK,SUCCESS,nextIndex:6089,term:2,followerCommit:6085
2019-09-12 14:54:18,857 [grpc-default-executor-5] WARN  server.GrpcLogAppender (GrpcLogAppender.java:onNextImpl(251)) - 6dd5d97a-7455-476f-86d1-706748154c4a@group-349356213E97->8c1a4ac2-2d71-4742-ab0b-89dcc95eb13f-AppendLogResponseHandler: Request not found, ignoring reply: 6dd5d97a-7455-476f-86d1-706748154c4a<-8c1a4ac2-2d71-4742-ab0b-89dcc95eb13f#6097:OK,SUCCESS,nextIndex:6089,term:2,followerCommit:6085
2019-09-12 14:54:18,858 [grpc-default-executor-5] WARN  server.GrpcLogAppender (GrpcLogAppender.java:onNextImpl(251)) - 6dd5d97a-7455-476f-86d1-706748154c4a@group-349356213E97->8c1a4ac2-2d71-4742-ab0b-89dcc95eb13f-AppendLogResponseHandler: Request not found, ignoring reply: 6dd5d97a-7455-476f-86d1-706748154c4a<-8c1a4ac2-2d71-4742-ab0b-89dcc95eb13f#6098:OK,SUCCESS,nextIndex:6090,term:2,followerCommit:6086
2019-09-12 14:54:18,858 [grpc-default-executor-5] WARN  server.GrpcLogAppender (GrpcLogAppender.java:onNextImpl(251)) - 6dd5d97a-7455-476f-86d1-706748154c4a@group-349356213E97->8c1a4ac2-2d71-4742-ab0b-89dcc95eb13f-AppendLogResponseHandler: Request not found, ignoring reply: 6dd5d97a-7455-476f-86d1-706748154c4a<-8c1a4ac2-2d71-4742-ab0b-89dcc95eb13f#6099:OK,SUCCESS,nextIndex:6091,term:2,followerCommit:6086
2019-09-12 14:54:18,858 [grpc-default-executor-6] WARN  server.GrpcLogAppender (GrpcLogAppender.java:onNextImpl(251)) - 6dd5d97a-7455-476f-86d1-706748154c4a@group-349356213E97->c9d0001a-daad-4532-9e58-9f5f4a7ddd18-AppendLogResponseHandler: Request not found, ignoring reply: 6dd5d97a-7455-476f-86d1-706748154c4a<-c9d0001a-daad-4532-9e58-9f5f4a7ddd18#6095:OK,SUCCESS,nextIndex:6089,term:2,followerCommit:6086
2019-09-12 14:54:18,861 [grpc-default-executor-6] WARN  server.GrpcLogAppender (GrpcLogAppender.java:onNextImpl(251)) - 6dd5d97a-7455-476f-86d1-706748154c4a@group-349356213E97->c9d0001a-daad-4532-9e58-9f5f4a7ddd18-AppendLogResponseHandler: Request not found, ignoring reply: 6dd5d97a-7455-476f-86d1-706748154c4a<-c9d0001a-daad-4532-9e58-9f5f4a7ddd18#6096:OK,SUCCESS,nextIndex:6089,term:2,followerCommit:6085
2019-09-12 14:54:18,861 [grpc-default-executor-5] WARN  server.GrpcLogAppender (GrpcLogAppender.java:onNextImpl(251)) - 6dd5d97a-7455-476f-86d1-706748154c4a@group-349356213E97->c9d0001a-daad-4532-9e58-9f5f4a7ddd18-AppendLogResponseHandler: Request not found, ignoring reply: 6dd5d97a-7455-476f-86d1-706748154c4a<-c9d0001a-daad-4532-9e58-9f5f4a7ddd18#6097:OK,SUCCESS,nextIndex:6089,term:2,followerCommit:6085
2019-09-12 14:54:18,861 [grpc-default-executor-5] WARN  server.GrpcLogAppender (GrpcLogAppender.java:onNextImpl(251)) - 6dd5d97a-7455-476f-86d1-706748154c4a@group-349356213E97->c9d0001a-daad-4532-9e58-9f5f4a7ddd18-AppendLogResponseHandler: Request not found, ignoring reply: 6dd5d97a-7455-476f-86d1-706748154c4a<-c9d0001a-daad-4532-9e58-9f5f4a7ddd18#6098:OK,SUCCESS,nextIndex:6090,term:2,followerCommit:6086
2019-09-12 14:54:18,862 [grpc-default-executor-5] WARN  server.GrpcLogAppender (GrpcLogAppender.java:onNextImpl(251)) - 6dd5d97a-7455-476f-86d1-706748154c4a@group-349356213E97->c9d0001a-daad-4532-9e58-9f5f4a7ddd18-AppendLogResponseHandler: Request not found, ignoring reply: 6dd5d97a-7455-476f-86d1-706748154c4a<-c9d0001a-daad-4532-9e58-9f5f4a7ddd18#6099:OK,SUCCESS,nextIndex:6091,term:2,followerCommit:6086
2019-09-12 14:54:18,869 [grpc-default-executor-5] INFO  client.GrpcClientProtocolClient (GrpcClientProtocolClient.java:onNext(264)) - client-835E41B928D6->6dd5d97a-7455-476f-86d1-706748154c4a: receive RaftClientReply:client-835E41B928D6->6dd5d97a-7455-476f-86d1-706748154c4a@group-349356213E97, cid=4010, SUCCESS, logIndex=0, commits[6dd5d97a-7455-476f-86d1-706748154c4a:c6090, 8c1a4ac2-2d71-4742-ab0b-89dcc95eb13f:c6086, c9d0001a-daad-4532-9e58-9f5f4a7ddd18:c6086]
 0.00% |█                                                                                                    |  0/1 Time: 0:00:472019-09-12 14:54:19,717 [grpc-default-executor-5] INFO  client.GrpcClientProtocolClient (GrpcClientProtocolClient.java:onNext(264)) - client-835E41B928D6->6dd5d97a-7455-476f-86d1-706748154c4a: receive RaftClientReply:client-835E41B928D6->6dd5d97a-7455-476f-86d1-706748154c4a@group-349356213E97, cid=4012, SUCCESS, logIndex=6089, commits[6dd5d97a-7455-476f-86d1-706748154c4a:c6090, 8c1a4ac2-2d71-4742-ab0b-89dcc95eb13f:c6086, c9d0001a-daad-4532-9e58-9f5f4a7ddd18:c6086]
2019-09-12 14:54:19,727 [grpc-default-executor-5] INFO  client.GrpcClientProtocolClient (GrpcClientProtocolClient.java:onNext(264)) - client-835E41B928D6->6dd5d97a-7455-476f-86d1-706748154c4a: receive RaftClientReply:client-835E41B928D6->6dd5d97a-7455-476f-86d1-706748154c4a@group-349356213E97, cid=4013, SUCCESS, logIndex=6090, commits[6dd5d97a-7455-476f-86d1-706748154c4a:c6090, 8c1a4ac2-2d71-4742-ab0b-89dcc95eb13f:c6086, c9d0001a-daad-4532-9e58-9f5f4a7ddd18:c6086]
 0.00% |█                                                                                                    |  0/1 Time: 0:00:48 0.00% |█                                                                                                    |  0/1 Time: 0:00:492019-09-12 14:54:21,862 [java.util.concurrent.ThreadPoolExecutor$Worker@ba89345[State = -1, empty queue]] WARN  server.GrpcLogAppender (GrpcLogAppender.java:timeoutAppendRequest(200)) - 6dd5d97a-7455-476f-86d1-706748154c4a@group-349356213E97->c9d0001a-daad-4532-9e58-9f5f4a7ddd18-GrpcLogAppender: appendEntries Timeout, request=6dd5d97a-7455-476f-86d1-706748154c4a->c9d0001a-daad-4532-9e58-9f5f4a7ddd18#6102-t2, previous=(t:2, i:6090), leaderCommit=6090, initializing? false, entries: size=1, first=(t:2, i:6091), METADATAENTRY(c6090)
2019-09-12 14:54:21,862 [java.util.concurrent.ThreadPoolExecutor$Worker@2879ce15[State = -1, empty queue]] WARN  server.GrpcLogAppender (GrpcLogAppender.java:timeoutAppendRequest(200)) - 6dd5d97a-7455-476f-86d1-706748154c4a@group-349356213E97->8c1a4ac2-2d71-4742-ab0b-89dcc95eb13f-GrpcLogAppender: appendEntries Timeout, request=6dd5d97a-7455-476f-86d1-706748154c4a->8c1a4ac2-2d71-4742-ab0b-89dcc95eb13f#6102-t2, previous=(t:2, i:6090), leaderCommit=6090, initializing? false, entries: size=1, first=(t:2, i:6091), METADATAENTRY(c6090)
2019-09-12 14:54:22,134 [grpc-default-executor-6] WARN  server.GrpcLogAppender (GrpcLogAppender.java:onNextImpl(251)) - 6dd5d97a-7455-476f-86d1-706748154c4a@group-349356213E97->8c1a4ac2-2d71-4742-ab0b-89dcc95eb13f-AppendLogResponseHandler: Request not found, ignoring reply: 6dd5d97a-7455-476f-86d1-706748154c4a<-8c1a4ac2-2d71-4742-ab0b-89dcc95eb13f#6102:OK,SUCCESS,nextIndex:6092,term:2,followerCommit:6090
2019-09-12 14:54:22,134 [grpc-default-executor-5] WARN  server.GrpcLogAppender (GrpcLogAppender.java:onNextImpl(251)) - 6dd5d97a-7455-476f-86d1-706748154c4a@group-349356213E97->c9d0001a-daad-4532-9e58-9f5f4a7ddd18-AppendLogResponseHandler: Request not found, ignoring reply: 6dd5d97a-7455-476f-86d1-706748154c4a<-c9d0001a-daad-4532-9e58-9f5f4a7ddd18#6102:OK,SUCCESS,nextIndex:6092,term:2,followerCommit:6090
2019-09-12 14:54:22,449 [grpc-default-executor-5] INFO  client.GrpcClientProtocolClient (GrpcClientProtocolClient.java:onNext(264)) - client-835E41B928D6->6dd5d97a-7455-476f-86d1-706748154c4a: receive RaftClientReply:client-835E41B928D6->6dd5d97a-7455-476f-86d1-706748154c4a@group-349356213E97, cid=4014, SUCCESS, logIndex=6092, commits[6dd5d97a-7455-476f-86d1-706748154c4a:c6093, 8c1a4ac2-2d71-4742-ab0b-89dcc95eb13f:c6090, c9d0001a-daad-4532-9e58-9f5f4a7ddd18:c6090]
2019-09-12 14:54:22,451 [grpc-default-executor-6] INFO  client.GrpcClientProtocolClient (GrpcClientProtocolClient.java:onNext(264)) - client-835E41B928D6->6dd5d97a-7455-476f-86d1-706748154c4a: receive RaftClientReply:client-835E41B928D6->6dd5d97a-7455-476f-86d1-706748154c4a@group-349356213E97, cid=4015, SUCCESS, logIndex=6093, commits[6dd5d97a-7455-476f-86d1-706748154c4a:c6093, 8c1a4ac2-2d71-4742-ab0b-89dcc95eb13f:c6090, c9d0001a-daad-4532-9e58-9f5f4a7ddd18:c6090]
2019-09-12 14:54:22,461 [grpc-default-executor-6] INFO  client.GrpcClientProtocolClient (GrpcClientProtocolClient.java:onNext(264)) - client-835E41B928D6->6dd5d97a-7455-476f-86d1-706748154c4a: receive RaftClientReply:client-835E41B928D6->6dd5d97a-7455-476f-86d1-706748154c4a@group-349356213E97, cid=4016, SUCCESS, logIndex=0, commits[6dd5d97a-7455-476f-86d1-706748154c4a:c6094, 8c1a4ac2-2d71-4742-ab0b-89dcc95eb13f:c6093, c9d0001a-daad-4532-9e58-9f5f4a7ddd18:c6093]
2019-09-12 14:54:22,495 [IPC Server handler 0 on 45268] WARN  block.BlockManagerImpl (BlockManagerImpl.java:allocateBlock(192)) - Pipeline creation failed for type:RATIS factor:THREE. Retrying get pipelines call once.
org.apache.hadoop.hdds.scm.pipeline.InsufficientDatanodesException: Cannot create pipeline of factor 3 using 2 nodes.
	at org.apache.hadoop.hdds.scm.pipeline.RatisPipelineProvider.create(RatisPipelineProvider.java:152)
	at org.apache.hadoop.hdds.scm.pipeline.PipelineFactory.create(PipelineFactory.java:57)
	at org.apache.hadoop.hdds.scm.pipeline.SCMPipelineManager.createPipeline(SCMPipelineManager.java:151)
	at org.apache.hadoop.hdds.scm.block.BlockManagerImpl.allocateBlock(BlockManagerImpl.java:190)
	at org.apache.hadoop.hdds.scm.server.SCMBlockProtocolServer.allocateBlock(SCMBlockProtocolServer.java:182)
	at org.apache.hadoop.ozone.protocolPB.ScmBlockLocationProtocolServerSideTranslatorPB.allocateScmBlock(ScmBlockLocationProtocolServerSideTranslatorPB.java:183)
	at org.apache.hadoop.ozone.protocolPB.ScmBlockLocationProtocolServerSideTranslatorPB.processMessage(ScmBlockLocationProtocolServerSideTranslatorPB.java:141)
	at org.apache.hadoop.ozone.protocolPB.ScmBlockLocationProtocolServerSideTranslatorPB.send(ScmBlockLocationProtocolServerSideTranslatorPB.java:116)
	at org.apache.hadoop.hdds.protocol.proto.ScmBlockLocationProtocolProtos$ScmBlockLocationProtocolService$2.callBlockingMethod(ScmBlockLocationProtocolProtos.java:13157)
	at org.apache.hadoop.ipc.ProtobufRpcEngine$Server$ProtoBufRpcInvoker.call(ProtobufRpcEngine.java:524)
	at org.apache.hadoop.ipc.RPC$Server.call(RPC.java:1025)
	at org.apache.hadoop.ipc.Server$RpcCall.run(Server.java:876)
	at org.apache.hadoop.ipc.Server$RpcCall.run(Server.java:822)
	at java.security.AccessController.doPrivileged(Native Method)
	at javax.security.auth.Subject.doAs(Subject.java:422)
	at org.apache.hadoop.security.UserGroupInformation.doAs(UserGroupInformation.java:1730)
	at org.apache.hadoop.ipc.Server$Handler.run(Server.java:2682)
2019-09-12 14:54:22,496 [IPC Server handler 0 on 45268] INFO  block.BlockManagerImpl (BlockManagerImpl.java:allocateBlock(198)) - Could not find available pipeline of type:RATIS and factor:THREE even after retrying
2019-09-12 14:54:22,496 [IPC Server handler 0 on 45268] ERROR block.BlockManagerImpl (BlockManagerImpl.java:allocateBlock(222)) - Unable to allocate a block for the size: 4194304, type: RATIS, factor: THREE
2019-09-12 14:54:22,502 [pool-277-thread-1] ERROR io.BlockOutputStreamEntryPool (BlockOutputStreamEntryPool.java:allocateBlockIfNeeded(299)) - Try to allocate more blocks for write failed, already allocated 0 blocks for this write.
INTERNAL_ERROR org.apache.hadoop.ozone.om.exceptions.OMException: Allocated 0 blocks. Requested 1 blocks
	at org.apache.hadoop.ozone.om.protocolPB.OzoneManagerProtocolClientSideTranslatorPB.handleError(OzoneManagerProtocolClientSideTranslatorPB.java:726)
	at org.apache.hadoop.ozone.om.protocolPB.OzoneManagerProtocolClientSideTranslatorPB.allocateBlock(OzoneManagerProtocolClientSideTranslatorPB.java:758)
	at sun.reflect.GeneratedMethodAccessor537.invoke(Unknown Source)
	at sun.reflect.DelegatingMethodAccessorImpl.invoke(DelegatingMethodAccessorImpl.java:43)
	at java.lang.reflect.Method.invoke(Method.java:498)
	at org.apache.hadoop.hdds.tracing.TraceAllMethod.invoke(TraceAllMethod.java:66)
	at com.sun.proxy.$Proxy37.allocateBlock(Unknown Source)
	at org.apache.hadoop.ozone.client.io.BlockOutputStreamEntryPool.allocateNewBlock(BlockOutputStreamEntryPool.java:248)
	at org.apache.hadoop.ozone.client.io.BlockOutputStreamEntryPool.allocateBlockIfNeeded(BlockOutputStreamEntryPool.java:296)
	at org.apache.hadoop.ozone.client.io.KeyOutputStream.handleWrite(KeyOutputStream.java:201)
	at org.apache.hadoop.ozone.client.io.KeyOutputStream.write(KeyOutputStream.java:193)
	at org.apache.hadoop.ozone.client.io.OzoneOutputStream.write(OzoneOutputStream.java:49)
	at org.apache.hadoop.ozone.freon.RandomKeyGenerator.createKey(RandomKeyGenerator.java:708)
	at org.apache.hadoop.ozone.freon.RandomKeyGenerator.access$1100(RandomKeyGenerator.java:88)
	at org.apache.hadoop.ozone.freon.RandomKeyGenerator$ObjectCreator.run(RandomKeyGenerator.java:615)
	at java.util.concurrent.Executors$RunnableAdapter.call(Executors.java:511)
	at java.util.concurrent.FutureTask.run(FutureTask.java:266)
	at java.util.concurrent.ThreadPoolExecutor.runWorker(ThreadPoolExecutor.java:1149)
	at java.util.concurrent.ThreadPoolExecutor$Worker.run(ThreadPoolExecutor.java:624)
	at java.lang.Thread.run(Thread.java:748)
2019-09-12 14:54:22,503 [pool-277-thread-1] ERROR freon.RandomKeyGenerator (RandomKeyGenerator.java:createKey(733)) - Exception while adding key: key-0-39292 in bucket: bucket-0-60859 of volume: vol-0-08593.
INTERNAL_ERROR org.apache.hadoop.ozone.om.exceptions.OMException: Allocated 0 blocks. Requested 1 blocks
	at org.apache.hadoop.ozone.om.protocolPB.OzoneManagerProtocolClientSideTranslatorPB.handleError(OzoneManagerProtocolClientSideTranslatorPB.java:726)
	at org.apache.hadoop.ozone.om.protocolPB.OzoneManagerProtocolClientSideTranslatorPB.allocateBlock(OzoneManagerProtocolClientSideTranslatorPB.java:758)
	at sun.reflect.GeneratedMethodAccessor537.invoke(Unknown Source)
	at sun.reflect.DelegatingMethodAccessorImpl.invoke(DelegatingMethodAccessorImpl.java:43)
	at java.lang.reflect.Method.invoke(Method.java:498)
	at org.apache.hadoop.hdds.tracing.TraceAllMethod.invoke(TraceAllMethod.java:66)
	at com.sun.proxy.$Proxy37.allocateBlock(Unknown Source)
	at org.apache.hadoop.ozone.client.io.BlockOutputStreamEntryPool.allocateNewBlock(BlockOutputStreamEntryPool.java:248)
	at org.apache.hadoop.ozone.client.io.BlockOutputStreamEntryPool.allocateBlockIfNeeded(BlockOutputStreamEntryPool.java:296)
	at org.apache.hadoop.ozone.client.io.KeyOutputStream.handleWrite(KeyOutputStream.java:201)
	at org.apache.hadoop.ozone.client.io.KeyOutputStream.write(KeyOutputStream.java:193)
	at org.apache.hadoop.ozone.client.io.OzoneOutputStream.write(OzoneOutputStream.java:49)
	at org.apache.hadoop.ozone.freon.RandomKeyGenerator.createKey(RandomKeyGenerator.java:708)
	at org.apache.hadoop.ozone.freon.RandomKeyGenerator.access$1100(RandomKeyGenerator.java:88)
	at org.apache.hadoop.ozone.freon.RandomKeyGenerator$ObjectCreator.run(RandomKeyGenerator.java:615)
	at java.util.concurrent.Executors$RunnableAdapter.call(Executors.java:511)
	at java.util.concurrent.FutureTask.run(FutureTask.java:266)
	at java.util.concurrent.ThreadPoolExecutor.runWorker(ThreadPoolExecutor.java:1149)
	at java.util.concurrent.ThreadPoolExecutor$Worker.run(ThreadPoolExecutor.java:624)
	at java.lang.Thread.run(Thread.java:748)
 100.00% |█████████████████████████████████████████████████████████████████████████████████████████████████████|  1/1 Time: 0:00:50
]]></system-out>
  </testcase>
  <testcase name="fileWithSizeZero" classname="org.apache.hadoop.ozone.freon.TestRandomKeyGenerator" time="5.049"/>
  <testcase name="multiThread" classname="org.apache.hadoop.ozone.freon.TestRandomKeyGenerator" time="15.032"/>
</testsuite>