<?xml version="1.0" encoding="UTF-8"?>
<testsuite xmlns:xsi="http://www.w3.org/2001/XMLSchema-instance" xsi:noNamespaceSchemaLocation="https://maven.apache.org/surefire/maven-surefire-plugin/xsd/surefire-test-report.xsd" name="org.apache.hadoop.hdds.scm.pipeline.TestSCMRestart" time="41.007" tests="1" errors="1" skipped="0" failures="0">
  <properties>
    <property name="awt.toolkit" value="sun.awt.X11.XToolkit"/>
    <property name="file.encoding.pkg" value="sun.io"/>
    <property name="java.specification.version" value="1.8"/>
    <property name="sun.cpu.isalist" value=""/>
    <property name="sun.jnu.encoding" value="UTF-8"/>
    <property name="java.class.path" value="/workdir/hadoop-ozone/integration-test/target/test-classes:/workdir/hadoop-ozone/integration-test/target/classes:/home/user/.m2/repository/org/apache/hadoop/hadoop-ozone-common/0.5.0-SNAPSHOT/hadoop-ozone-common-0.5.0-SNAPSHOT.jar:/home/user/.m2/repository/org/apache/commons/commons-compress/1.4.1/commons-compress-1.4.1.jar:/home/user/.m2/repository/org/tukaani/xz/1.0/xz-1.0.jar:/home/user/.m2/repository/org/apache/hadoop/hadoop-common/3.2.0/hadoop-common-3.2.0.jar:/home/user/.m2/repository/org/apache/hadoop/hadoop-hdfs/3.2.0/hadoop-hdfs-3.2.0.jar:/home/user/.m2/repository/org/apache/hadoop/hadoop-hdfs-client/3.2.0/hadoop-hdfs-client-3.2.0.jar:/home/user/.m2/repository/com/fasterxml/jackson/core/jackson-annotations/2.9.5/jackson-annotations-2.9.5.jar:/home/user/.m2/repository/org/apache/hadoop/hadoop-hdds-common/0.5.0-SNAPSHOT/hadoop-hdds-common-0.5.0-SNAPSHOT.jar:/home/user/.m2/repository/javax/annotation/javax.annotation-api/1.2/javax.annotation-api-1.2.jar:/home/user/.m2/repository/org/apache/ratis/ratis-server/0.4.0-2337318-SNAPSHOT/ratis-server-0.4.0-2337318-SNAPSHOT.jar:/home/user/.m2/repository/org/apache/ratis/ratis-thirdparty-misc/0.2.0/ratis-thirdparty-misc-0.2.0.jar:/home/user/.m2/repository/org/apache/ratis/ratis-proto/0.4.0-2337318-SNAPSHOT/ratis-proto-0.4.0-2337318-SNAPSHOT.jar:/home/user/.m2/repository/org/apache/ratis/ratis-common/0.4.0-2337318-SNAPSHOT/ratis-common-0.4.0-2337318-SNAPSHOT.jar:/home/user/.m2/repository/org/apache/ratis/ratis-client/0.4.0-2337318-SNAPSHOT/ratis-client-0.4.0-2337318-SNAPSHOT.jar:/home/user/.m2/repository/org/apache/ratis/ratis-metrics/0.4.0-2337318-SNAPSHOT/ratis-metrics-0.4.0-2337318-SNAPSHOT.jar:/home/user/.m2/repository/org/apache/ratis/ratis-netty/0.4.0-2337318-SNAPSHOT/ratis-netty-0.4.0-2337318-SNAPSHOT.jar:/home/user/.m2/repository/org/apache/ratis/ratis-grpc/0.4.0-2337318-SNAPSHOT/ratis-grpc-0.4.0-2337318-SNAPSHOT.jar:/home/user/.m2/repository/org/rocksdb/rocksdbjni/6.0.1/rocksdbjni-6.0.1.jar:/home/user/.m2/repository/org/apache/logging/log4j/log4j-api/2.11.0/log4j-api-2.11.0.jar:/home/user/.m2/repository/org/apache/logging/log4j/log4j-core/2.11.0/log4j-core-2.11.0.jar:/home/user/.m2/repository/com/lmax/disruptor/3.4.2/disruptor-3.4.2.jar:/home/user/.m2/repository/org/apache/commons/commons-pool2/2.6.0/commons-pool2-2.6.0.jar:/home/user/.m2/repository/org/bouncycastle/bcpkix-jdk15on/1.60/bcpkix-jdk15on-1.60.jar:/home/user/.m2/repository/commons-validator/commons-validator/1.6/commons-validator-1.6.jar:/home/user/.m2/repository/commons-digester/commons-digester/1.8.1/commons-digester-1.8.1.jar:/home/user/.m2/repository/io/jaegertracing/jaeger-client/0.33.1/jaeger-client-0.33.1.jar:/home/user/.m2/repository/io/jaegertracing/jaeger-thrift/0.33.1/jaeger-thrift-0.33.1.jar:/home/user/.m2/repository/org/apache/thrift/libthrift/0.11.0/libthrift-0.11.0.jar:/home/user/.m2/repository/com/squareup/okhttp3/okhttp/3.9.0/okhttp-3.9.0.jar:/home/user/.m2/repository/com/squareup/okio/okio/1.13.0/okio-1.13.0.jar:/home/user/.m2/repository/io/jaegertracing/jaeger-core/0.33.1/jaeger-core-0.33.1.jar:/home/user/.m2/repository/io/jaegertracing/jaeger-tracerresolver/0.33.1/jaeger-tracerresolver-0.33.1.jar:/home/user/.m2/repository/io/opentracing/contrib/opentracing-tracerresolver/0.1.5/opentracing-tracerresolver-0.1.5.jar:/home/user/.m2/repository/io/opentracing/opentracing-util/0.31.0/opentracing-util-0.31.0.jar:/home/user/.m2/repository/io/opentracing/opentracing-api/0.31.0/opentracing-api-0.31.0.jar:/home/user/.m2/repository/io/opentracing/opentracing-noop/0.31.0/opentracing-noop-0.31.0.jar:/home/user/.m2/repository/org/apache/hadoop/hadoop-hdds-server-framework/0.5.0-SNAPSHOT/hadoop-hdds-server-framework-0.5.0-SNAPSHOT.jar:/home/user/.m2/repository/org/apache/hadoop/hadoop-hdds-container-service/0.5.0-SNAPSHOT/hadoop-hdds-container-service-0.5.0-SNAPSHOT.jar:/home/user/.m2/repository/org/apache/hadoop/hadoop-hdds-client/0.5.0-SNAPSHOT/hadoop-hdds-client-0.5.0-SNAPSHOT.jar:/home/user/.m2/repository/org/apache/hadoop/hadoop-hdds-tools/0.5.0-SNAPSHOT/hadoop-hdds-tools-0.5.0-SNAPSHOT.jar:/home/user/.m2/repository/org/apache/hadoop/hadoop-hdds-server-scm/0.5.0-SNAPSHOT/hadoop-hdds-server-scm-0.5.0-SNAPSHOT.jar:/home/user/.m2/repository/org/apache/hadoop/hadoop-hdds-docs/0.5.0-SNAPSHOT/hadoop-hdds-docs-0.5.0-SNAPSHOT.jar:/home/user/.m2/repository/io/dropwizard/metrics/metrics-core/3.2.4/metrics-core-3.2.4.jar:/home/user/.m2/repository/org/hamcrest/hamcrest-all/1.3/hamcrest-all-1.3.jar:/home/user/.m2/repository/org/bouncycastle/bcprov-jdk15on/1.60/bcprov-jdk15on-1.60.jar:/home/user/.m2/repository/info/picocli/picocli/3.9.6/picocli-3.9.6.jar:/home/user/.m2/repository/com/google/protobuf/protobuf-java/2.5.0/protobuf-java-2.5.0.jar:/home/user/.m2/repository/com/google/guava/guava/11.0.2/guava-11.0.2.jar:/home/user/.m2/repository/org/apache/hadoop/hadoop-ozone-ozone-manager/0.5.0-SNAPSHOT/hadoop-ozone-ozone-manager-0.5.0-SNAPSHOT.jar:/home/user/.m2/repository/org/apache/hadoop/hadoop-minikdc/3.2.0/hadoop-minikdc-3.2.0.jar:/home/user/.m2/repository/commons-io/commons-io/2.5/commons-io-2.5.jar:/home/user/.m2/repository/org/apache/kerby/kerb-simplekdc/1.0.1/kerb-simplekdc-1.0.1.jar:/home/user/.m2/repository/org/apache/kerby/kerb-client/1.0.1/kerb-client-1.0.1.jar:/home/user/.m2/repository/org/apache/kerby/kerby-config/1.0.1/kerby-config-1.0.1.jar:/home/user/.m2/repository/org/apache/kerby/kerb-core/1.0.1/kerb-core-1.0.1.jar:/home/user/.m2/repository/org/apache/kerby/kerby-pkix/1.0.1/kerby-pkix-1.0.1.jar:/home/user/.m2/repository/org/apache/kerby/kerby-asn1/1.0.1/kerby-asn1-1.0.1.jar:/home/user/.m2/repository/org/apache/kerby/kerby-util/1.0.1/kerby-util-1.0.1.jar:/home/user/.m2/repository/org/apache/kerby/kerb-common/1.0.1/kerb-common-1.0.1.jar:/home/user/.m2/repository/org/apache/kerby/kerb-crypto/1.0.1/kerb-crypto-1.0.1.jar:/home/user/.m2/repository/org/apache/kerby/kerb-util/1.0.1/kerb-util-1.0.1.jar:/home/user/.m2/repository/org/apache/kerby/token-provider/1.0.1/token-provider-1.0.1.jar:/home/user/.m2/repository/org/apache/kerby/kerb-admin/1.0.1/kerb-admin-1.0.1.jar:/home/user/.m2/repository/org/apache/kerby/kerb-server/1.0.1/kerb-server-1.0.1.jar:/home/user/.m2/repository/org/apache/kerby/kerb-identity/1.0.1/kerb-identity-1.0.1.jar:/home/user/.m2/repository/org/apache/kerby/kerby-xdr/1.0.1/kerby-xdr-1.0.1.jar:/home/user/.m2/repository/org/slf4j/slf4j-log4j12/1.7.25/slf4j-log4j12-1.7.25.jar:/home/user/.m2/repository/org/apache/hadoop/hadoop-ozone-objectstore-service/0.5.0-SNAPSHOT/hadoop-ozone-objectstore-service-0.5.0-SNAPSHOT.jar:/home/user/.m2/repository/org/apache/hadoop/hadoop-ozone-s3gateway/0.5.0-SNAPSHOT/hadoop-ozone-s3gateway-0.5.0-SNAPSHOT.jar:/home/user/.m2/repository/org/jboss/weld/servlet/weld-servlet/2.4.7.Final/weld-servlet-2.4.7.Final.jar:/home/user/.m2/repository/org/glassfish/jersey/containers/jersey-container-servlet-core/2.27/jersey-container-servlet-core-2.27.jar:/home/user/.m2/repository/org/glassfish/hk2/external/javax.inject/2.5.0-b42/javax.inject-2.5.0-b42.jar:/home/user/.m2/repository/org/glassfish/jersey/core/jersey-common/2.27/jersey-common-2.27.jar:/home/user/.m2/repository/org/glassfish/hk2/osgi-resource-locator/1.0.1/osgi-resource-locator-1.0.1.jar:/home/user/.m2/repository/javax/ws/rs/javax.ws.rs-api/2.1/javax.ws.rs-api-2.1.jar:/home/user/.m2/repository/org/glassfish/jersey/ext/cdi/jersey-cdi1x/2.27/jersey-cdi1x-2.27.jar:/home/user/.m2/repository/org/glassfish/jersey/inject/jersey-hk2/2.27/jersey-hk2-2.27.jar:/home/user/.m2/repository/org/glassfish/hk2/hk2-locator/2.5.0-b42/hk2-locator-2.5.0-b42.jar:/home/user/.m2/repository/org/javassist/javassist/3.22.0-CR2/javassist-3.22.0-CR2.jar:/home/user/.m2/repository/org/glassfish/hk2/hk2-api/2.5.0/hk2-api-2.5.0.jar:/home/user/.m2/repository/org/glassfish/hk2/external/jakarta.inject/2.5.0/jakarta.inject-2.5.0.jar:/home/user/.m2/repository/org/glassfish/hk2/hk2-utils/2.5.0/hk2-utils-2.5.0.jar:/home/user/.m2/repository/jakarta/annotation/jakarta.annotation-api/1.3.4/jakarta.annotation-api-1.3.4.jar:/home/user/.m2/repository/org/glassfish/hk2/external/aopalliance-repackaged/2.5.0/aopalliance-repackaged-2.5.0.jar:/home/user/.m2/repository/com/fasterxml/jackson/dataformat/jackson-dataformat-xml/2.9.0/jackson-dataformat-xml-2.9.0.jar:/home/user/.m2/repository/com/fasterxml/jackson/core/jackson-core/2.9.5/jackson-core-2.9.5.jar:/home/user/.m2/repository/com/fasterxml/jackson/module/jackson-module-jaxb-annotations/2.9.5/jackson-module-jaxb-annotations-2.9.5.jar:/home/user/.m2/repository/javax/enterprise/cdi-api/1.2/cdi-api-1.2.jar:/home/user/.m2/repository/javax/el/javax.el-api/3.0.0/javax.el-api-3.0.0.jar:/home/user/.m2/repository/javax/interceptor/javax.interceptor-api/1.2/javax.interceptor-api-1.2.jar:/home/user/.m2/repository/javax/inject/javax.inject/1/javax.inject-1.jar:/home/user/.m2/repository/com/sun/xml/bind/jaxb-impl/2.3.0.1/jaxb-impl-2.3.0.1.jar:/home/user/.m2/repository/com/sun/xml/bind/jaxb-core/2.3.0.1/jaxb-core-2.3.0.1.jar:/home/user/.m2/repository/javax/xml/bind/jaxb-api/2.3.0/jaxb-api-2.3.0.jar:/home/user/.m2/repository/javax/activation/activation/1.1.1/activation-1.1.1.jar:/home/user/.m2/repository/org/apache/hadoop/hadoop-ozone-csi/0.5.0-SNAPSHOT/hadoop-ozone-csi-0.5.0-SNAPSHOT.jar:/home/user/.m2/repository/com/google/protobuf/protobuf-java-util/3.5.1/protobuf-java-util-3.5.1.jar:/home/user/.m2/repository/org/apache/hadoop/hadoop-hdds-config/0.5.0-SNAPSHOT/hadoop-hdds-config-0.5.0-SNAPSHOT.jar:/home/user/.m2/repository/io/grpc/grpc-netty/1.17.1/grpc-netty-1.17.1.jar:/home/user/.m2/repository/io/grpc/grpc-core/1.17.1/grpc-core-1.17.1.jar:/home/user/.m2/repository/io/grpc/grpc-context/1.17.1/grpc-context-1.17.1.jar:/home/user/.m2/repository/com/google/errorprone/error_prone_annotations/2.2.0/error_prone_annotations-2.2.0.jar:/home/user/.m2/repository/org/codehaus/mojo/animal-sniffer-annotations/1.17/animal-sniffer-annotations-1.17.jar:/home/user/.m2/repository/io/opencensus/opencensus-api/0.17.0/opencensus-api-0.17.0.jar:/home/user/.m2/repository/io/opencensus/opencensus-contrib-grpc-metrics/0.17.0/opencensus-contrib-grpc-metrics-0.17.0.jar:/home/user/.m2/repository/io/netty/netty-codec-http2/4.1.30.Final/netty-codec-http2-4.1.30.Final.jar:/home/user/.m2/repository/io/netty/netty-codec-http/4.1.30.Final/netty-codec-http-4.1.30.Final.jar:/home/user/.m2/repository/io/netty/netty-codec/4.1.30.Final/netty-codec-4.1.30.Final.jar:/home/user/.m2/repository/io/netty/netty-handler/4.1.30.Final/netty-handler-4.1.30.Final.jar:/home/user/.m2/repository/io/netty/netty-handler-proxy/4.1.30.Final/netty-handler-proxy-4.1.30.Final.jar:/home/user/.m2/repository/io/netty/netty-codec-socks/4.1.30.Final/netty-codec-socks-4.1.30.Final.jar:/home/user/.m2/repository/io/netty/netty-transport-native-epoll/4.1.30.Final/netty-transport-native-epoll-4.1.30.Final.jar:/home/user/.m2/repository/io/netty/netty-common/4.1.30.Final/netty-common-4.1.30.Final.jar:/home/user/.m2/repository/io/netty/netty-buffer/4.1.30.Final/netty-buffer-4.1.30.Final.jar:/home/user/.m2/repository/io/netty/netty-transport/4.1.30.Final/netty-transport-4.1.30.Final.jar:/home/user/.m2/repository/io/netty/netty-resolver/4.1.30.Final/netty-resolver-4.1.30.Final.jar:/home/user/.m2/repository/io/netty/netty-transport-native-unix-common/4.1.30.Final/netty-transport-native-unix-common-4.1.30.Final.jar:/home/user/.m2/repository/io/grpc/grpc-protobuf/1.17.1/grpc-protobuf-1.17.1.jar:/home/user/.m2/repository/com/google/api/grpc/proto-google-common-protos/1.0.0/proto-google-common-protos-1.0.0.jar:/home/user/.m2/repository/io/grpc/grpc-protobuf-lite/1.17.1/grpc-protobuf-lite-1.17.1.jar:/home/user/.m2/repository/io/grpc/grpc-stub/1.17.1/grpc-stub-1.17.1.jar:/home/user/.m2/repository/org/apache/hadoop/hadoop-ozone-recon/0.5.0-SNAPSHOT/hadoop-ozone-recon-0.5.0-SNAPSHOT.jar:/home/user/.m2/repository/org/apache/hadoop/hadoop-ozone-reconcodegen/0.5.0-SNAPSHOT/hadoop-ozone-reconcodegen-0.5.0-SNAPSHOT.jar:/home/user/.m2/repository/com/google/inject/extensions/guice-multibindings/4.0/guice-multibindings-4.0.jar:/home/user/.m2/repository/com/google/inject/guice/4.0/guice-4.0.jar:/home/user/.m2/repository/aopalliance/aopalliance/1.0/aopalliance-1.0.jar:/home/user/.m2/repository/com/google/inject/extensions/guice-servlet/4.0/guice-servlet-4.0.jar:/home/user/.m2/repository/org/glassfish/jersey/containers/jersey-container-servlet/2.27/jersey-container-servlet-2.27.jar:/home/user/.m2/repository/org/glassfish/hk2/guice-bridge/2.5.0/guice-bridge-2.5.0.jar:/home/user/.m2/repository/org/glassfish/jersey/core/jersey-server/2.27/jersey-server-2.27.jar:/home/user/.m2/repository/org/glassfish/jersey/core/jersey-client/2.27/jersey-client-2.27.jar:/home/user/.m2/repository/org/glassfish/jersey/media/jersey-media-jaxb/2.27/jersey-media-jaxb-2.27.jar:/home/user/.m2/repository/javax/validation/validation-api/1.1.0.Final/validation-api-1.1.0.Final.jar:/home/user/.m2/repository/org/glassfish/jersey/media/jersey-media-json-jackson/2.27/jersey-media-json-jackson-2.27.jar:/home/user/.m2/repository/org/glassfish/jersey/ext/jersey-entity-filtering/2.27/jersey-entity-filtering-2.27.jar:/home/user/.m2/repository/com/google/inject/extensions/guice-assistedinject/4.0/guice-assistedinject-4.0.jar:/home/user/.m2/repository/org/jooq/jooq/3.11.10/jooq-3.11.10.jar:/home/user/.m2/repository/org/jooq/jooq-meta/3.11.10/jooq-meta-3.11.10.jar:/home/user/.m2/repository/org/jooq/jooq-codegen/3.11.10/jooq-codegen-3.11.10.jar:/home/user/.m2/repository/com/jolbox/bonecp/0.8.0.RELEASE/bonecp-0.8.0.RELEASE.jar:/home/user/.m2/repository/org/xerial/sqlite-jdbc/3.25.2/sqlite-jdbc-3.25.2.jar:/home/user/.m2/repository/org/springframework/spring-jdbc/5.1.3.RELEASE/spring-jdbc-5.1.3.RELEASE.jar:/home/user/.m2/repository/org/springframework/spring-beans/5.1.3.RELEASE/spring-beans-5.1.3.RELEASE.jar:/home/user/.m2/repository/org/springframework/spring-core/5.1.3.RELEASE/spring-core-5.1.3.RELEASE.jar:/home/user/.m2/repository/org/springframework/spring-jcl/5.1.3.RELEASE/spring-jcl-5.1.3.RELEASE.jar:/home/user/.m2/repository/org/springframework/spring-tx/5.1.3.RELEASE/spring-tx-5.1.3.RELEASE.jar:/home/user/.m2/repository/org/apache/hadoop/hadoop-ozone-client/0.5.0-SNAPSHOT/hadoop-ozone-client-0.5.0-SNAPSHOT.jar:/home/user/.m2/repository/commons-lang/commons-lang/2.6/commons-lang-2.6.jar:/home/user/.m2/repository/org/apache/hadoop/hadoop-ozone-ozone-manager/0.5.0-SNAPSHOT/hadoop-ozone-ozone-manager-0.5.0-SNAPSHOT-tests.jar:/home/user/.m2/repository/junit/junit/4.11/junit-4.11.jar:/home/user/.m2/repository/org/hamcrest/hamcrest-core/1.3/hamcrest-core-1.3.jar:/home/user/.m2/repository/org/openjdk/jmh/jmh-core/1.19/jmh-core-1.19.jar:/home/user/.m2/repository/net/sf/jopt-simple/jopt-simple/4.6/jopt-simple-4.6.jar:/home/user/.m2/repository/org/apache/commons/commons-math3/3.1.1/commons-math3-3.1.1.jar:/home/user/.m2/repository/org/openjdk/jmh/jmh-generator-annprocess/1.19/jmh-generator-annprocess-1.19.jar:/home/user/.m2/repository/org/mockito/mockito-all/1.8.5/mockito-all-1.8.5.jar:/home/user/.m2/repository/org/apache/hadoop/hadoop-kms/3.2.0/hadoop-kms-3.2.0.jar:/home/user/.m2/repository/org/apache/hadoop/hadoop-auth/3.2.0/hadoop-auth-3.2.0.jar:/home/user/.m2/repository/com/nimbusds/nimbus-jose-jwt/4.41.1/nimbus-jose-jwt-4.41.1.jar:/home/user/.m2/repository/com/github/stephenc/jcip/jcip-annotations/1.0-1/jcip-annotations-1.0-1.jar:/home/user/.m2/repository/net/minidev/json-smart/2.3/json-smart-2.3.jar:/home/user/.m2/repository/net/minidev/accessors-smart/1.2/accessors-smart-1.2.jar:/home/user/.m2/repository/org/ow2/asm/asm/5.0.4/asm-5.0.4.jar:/home/user/.m2/repository/org/apache/curator/curator-framework/2.12.0/curator-framework-2.12.0.jar:/home/user/.m2/repository/com/sun/jersey/jersey-core/1.19/jersey-core-1.19.jar:/home/user/.m2/repository/javax/ws/rs/jsr311-api/1.1.1/jsr311-api-1.1.1.jar:/home/user/.m2/repository/com/sun/jersey/jersey-server/1.19/jersey-server-1.19.jar:/home/user/.m2/repository/javax/servlet/javax.servlet-api/3.1.0/javax.servlet-api-3.1.0.jar:/home/user/.m2/repository/org/eclipse/jetty/jetty-server/9.3.24.v20180605/jetty-server-9.3.24.v20180605.jar:/home/user/.m2/repository/org/eclipse/jetty/jetty-http/9.3.24.v20180605/jetty-http-9.3.24.v20180605.jar:/home/user/.m2/repository/org/eclipse/jetty/jetty-io/9.3.24.v20180605/jetty-io-9.3.24.v20180605.jar:/home/user/.m2/repository/org/eclipse/jetty/jetty-webapp/9.3.24.v20180605/jetty-webapp-9.3.24.v20180605.jar:/home/user/.m2/repository/org/eclipse/jetty/jetty-xml/9.3.24.v20180605/jetty-xml-9.3.24.v20180605.jar:/home/user/.m2/repository/log4j/log4j/1.2.17/log4j-1.2.17.jar:/home/user/.m2/repository/org/slf4j/slf4j-api/1.7.25/slf4j-api-1.7.25.jar:/home/user/.m2/repository/org/slf4j/jul-to-slf4j/1.7.25/jul-to-slf4j-1.7.25.jar:/home/user/.m2/repository/org/eclipse/jetty/jetty-util/9.3.24.v20180605/jetty-util-9.3.24.v20180605.jar:/home/user/.m2/repository/com/fasterxml/jackson/core/jackson-databind/2.9.5/jackson-databind-2.9.5.jar:/home/user/.m2/repository/org/apache/hadoop/hadoop-kms/3.2.0/hadoop-kms-3.2.0-tests.jar:/home/user/.m2/repository/org/apache/hadoop/hadoop-hdds-server-scm/0.5.0-SNAPSHOT/hadoop-hdds-server-scm-0.5.0-SNAPSHOT-tests.jar:/home/user/.m2/repository/org/apache/hadoop/hadoop-hdds-container-service/0.5.0-SNAPSHOT/hadoop-hdds-container-service-0.5.0-SNAPSHOT-tests.jar:/home/user/.m2/repository/org/yaml/snakeyaml/1.16/snakeyaml-1.16.jar:/home/user/.m2/repository/org/apache/hadoop/hadoop-common/3.2.0/hadoop-common-3.2.0-tests.jar:/home/user/.m2/repository/org/apache/hadoop/hadoop-annotations/3.2.0/hadoop-annotations-3.2.0.jar:/usr/lib/jvm/java-1.8-openjdk/jre/../lib/tools.jar:/home/user/.m2/repository/commons-cli/commons-cli/1.2/commons-cli-1.2.jar:/home/user/.m2/repository/org/apache/httpcomponents/httpclient/4.5.2/httpclient-4.5.2.jar:/home/user/.m2/repository/org/apache/httpcomponents/httpcore/4.4.4/httpcore-4.4.4.jar:/home/user/.m2/repository/commons-codec/commons-codec/1.11/commons-codec-1.11.jar:/home/user/.m2/repository/commons-net/commons-net/3.6/commons-net-3.6.jar:/home/user/.m2/repository/commons-collections/commons-collections/3.2.2/commons-collections-3.2.2.jar:/home/user/.m2/repository/org/eclipse/jetty/jetty-servlet/9.3.24.v20180605/jetty-servlet-9.3.24.v20180605.jar:/home/user/.m2/repository/org/eclipse/jetty/jetty-security/9.3.24.v20180605/jetty-security-9.3.24.v20180605.jar:/home/user/.m2/repository/javax/servlet/jsp/jsp-api/2.1/jsp-api-2.1.jar:/home/user/.m2/repository/com/sun/jersey/jersey-servlet/1.19/jersey-servlet-1.19.jar:/home/user/.m2/repository/com/sun/jersey/jersey-json/1.19/jersey-json-1.19.jar:/home/user/.m2/repository/org/codehaus/jettison/jettison/1.1/jettison-1.1.jar:/home/user/.m2/repository/org/codehaus/jackson/jackson-core-asl/1.9.13/jackson-core-asl-1.9.13.jar:/home/user/.m2/repository/org/codehaus/jackson/jackson-mapper-asl/1.9.13/jackson-mapper-asl-1.9.13.jar:/home/user/.m2/repository/org/codehaus/jackson/jackson-jaxrs/1.9.13/jackson-jaxrs-1.9.13.jar:/home/user/.m2/repository/org/codehaus/jackson/jackson-xc/1.9.13/jackson-xc-1.9.13.jar:/home/user/.m2/repository/commons-logging/commons-logging/1.1.3/commons-logging-1.1.3.jar:/home/user/.m2/repository/commons-beanutils/commons-beanutils/1.9.3/commons-beanutils-1.9.3.jar:/home/user/.m2/repository/org/apache/commons/commons-configuration2/2.1.1/commons-configuration2-2.1.1.jar:/home/user/.m2/repository/org/apache/commons/commons-lang3/3.7/commons-lang3-3.7.jar:/home/user/.m2/repository/org/apache/commons/commons-text/1.4/commons-text-1.4.jar:/home/user/.m2/repository/org/apache/avro/avro/1.7.7/avro-1.7.7.jar:/home/user/.m2/repository/com/thoughtworks/paranamer/paranamer/2.3/paranamer-2.3.jar:/home/user/.m2/repository/org/xerial/snappy/snappy-java/1.0.5/snappy-java-1.0.5.jar:/home/user/.m2/repository/com/google/re2j/re2j/1.1/re2j-1.1.jar:/home/user/.m2/repository/com/google/code/gson/gson/2.2.4/gson-2.2.4.jar:/home/user/.m2/repository/com/jcraft/jsch/0.1.54/jsch-0.1.54.jar:/home/user/.m2/repository/org/apache/curator/curator-client/2.12.0/curator-client-2.12.0.jar:/home/user/.m2/repository/org/apache/curator/curator-recipes/2.12.0/curator-recipes-2.12.0.jar:/home/user/.m2/repository/com/google/code/findbugs/jsr305/3.0.0/jsr305-3.0.0.jar:/home/user/.m2/repository/org/apache/htrace/htrace-core4/4.1.0-incubating/htrace-core4-4.1.0-incubating.jar:/home/user/.m2/repository/org/apache/zookeeper/zookeeper/3.4.13/zookeeper-3.4.13.jar:/home/user/.m2/repository/org/apache/yetus/audience-annotations/0.5.0/audience-annotations-0.5.0.jar:/home/user/.m2/repository/org/codehaus/woodstox/stax2-api/3.1.4/stax2-api-3.1.4.jar:/home/user/.m2/repository/com/fasterxml/woodstox/woodstox-core/5.0.3/woodstox-core-5.0.3.jar:/home/user/.m2/repository/dnsjava/dnsjava/2.1.7/dnsjava-2.1.7.jar:/home/user/.m2/repository/org/apache/hadoop/hadoop-hdfs/3.2.0/hadoop-hdfs-3.2.0-tests.jar:/home/user/.m2/repository/org/eclipse/jetty/jetty-util-ajax/9.3.24.v20180605/jetty-util-ajax-9.3.24.v20180605.jar:/home/user/.m2/repository/commons-daemon/commons-daemon/1.0.13/commons-daemon-1.0.13.jar:/home/user/.m2/repository/io/netty/netty/3.10.5.Final/netty-3.10.5.Final.jar:/home/user/.m2/repository/io/netty/netty-all/4.0.52.Final/netty-all-4.0.52.Final.jar:/home/user/.m2/repository/org/fusesource/leveldbjni/leveldbjni-all/1.8/leveldbjni-all-1.8.jar:"/>
    <property name="java.vm.vendor" value="IcedTea"/>
    <property name="sun.arch.data.model" value="64"/>
    <property name="test.build.dir" value="/workdir/hadoop-ozone/integration-test/target/test-dir"/>
    <property name="test.cache.data" value=""/>
    <property name="java.vendor.url" value="https://icedtea.classpath.org"/>
    <property name="user.timezone" value=""/>
    <property name="java.vm.specification.version" value="1.8"/>
    <property name="os.name" value="Linux"/>
    <property name="test.build.data" value="/workdir/hadoop-ozone/integration-test/target/test-dir"/>
    <property name="user.country" value="US"/>
    <property name="sun.java.launcher" value="SUN_STANDARD"/>
    <property name="sun.boot.library.path" value="/usr/lib/jvm/java-1.8-openjdk/jre/lib/amd64"/>
    <property name="sun.java.command" value="/workdir/hadoop-ozone/integration-test/target/surefire/surefirebooter2615183782392138406.jar /workdir/hadoop-ozone/integration-test/target/surefire 2019-09-12T10-07-27_366-jvmRun1 surefire1345641249906942727tmp surefire_01619432747273751216tmp"/>
    <property name="test" value="!TestMiniChaosOzoneCluster"/>
    <property name="surefire.test.class.path" value="/workdir/hadoop-ozone/integration-test/target/test-classes:/workdir/hadoop-ozone/integration-test/target/classes:/home/user/.m2/repository/org/apache/hadoop/hadoop-ozone-common/0.5.0-SNAPSHOT/hadoop-ozone-common-0.5.0-SNAPSHOT.jar:/home/user/.m2/repository/org/apache/commons/commons-compress/1.4.1/commons-compress-1.4.1.jar:/home/user/.m2/repository/org/tukaani/xz/1.0/xz-1.0.jar:/home/user/.m2/repository/org/apache/hadoop/hadoop-common/3.2.0/hadoop-common-3.2.0.jar:/home/user/.m2/repository/org/apache/hadoop/hadoop-hdfs/3.2.0/hadoop-hdfs-3.2.0.jar:/home/user/.m2/repository/org/apache/hadoop/hadoop-hdfs-client/3.2.0/hadoop-hdfs-client-3.2.0.jar:/home/user/.m2/repository/com/fasterxml/jackson/core/jackson-annotations/2.9.5/jackson-annotations-2.9.5.jar:/home/user/.m2/repository/org/apache/hadoop/hadoop-hdds-common/0.5.0-SNAPSHOT/hadoop-hdds-common-0.5.0-SNAPSHOT.jar:/home/user/.m2/repository/javax/annotation/javax.annotation-api/1.2/javax.annotation-api-1.2.jar:/home/user/.m2/repository/org/apache/ratis/ratis-server/0.4.0-2337318-SNAPSHOT/ratis-server-0.4.0-2337318-SNAPSHOT.jar:/home/user/.m2/repository/org/apache/ratis/ratis-thirdparty-misc/0.2.0/ratis-thirdparty-misc-0.2.0.jar:/home/user/.m2/repository/org/apache/ratis/ratis-proto/0.4.0-2337318-SNAPSHOT/ratis-proto-0.4.0-2337318-SNAPSHOT.jar:/home/user/.m2/repository/org/apache/ratis/ratis-common/0.4.0-2337318-SNAPSHOT/ratis-common-0.4.0-2337318-SNAPSHOT.jar:/home/user/.m2/repository/org/apache/ratis/ratis-client/0.4.0-2337318-SNAPSHOT/ratis-client-0.4.0-2337318-SNAPSHOT.jar:/home/user/.m2/repository/org/apache/ratis/ratis-metrics/0.4.0-2337318-SNAPSHOT/ratis-metrics-0.4.0-2337318-SNAPSHOT.jar:/home/user/.m2/repository/org/apache/ratis/ratis-netty/0.4.0-2337318-SNAPSHOT/ratis-netty-0.4.0-2337318-SNAPSHOT.jar:/home/user/.m2/repository/org/apache/ratis/ratis-grpc/0.4.0-2337318-SNAPSHOT/ratis-grpc-0.4.0-2337318-SNAPSHOT.jar:/home/user/.m2/repository/org/rocksdb/rocksdbjni/6.0.1/rocksdbjni-6.0.1.jar:/home/user/.m2/repository/org/apache/logging/log4j/log4j-api/2.11.0/log4j-api-2.11.0.jar:/home/user/.m2/repository/org/apache/logging/log4j/log4j-core/2.11.0/log4j-core-2.11.0.jar:/home/user/.m2/repository/com/lmax/disruptor/3.4.2/disruptor-3.4.2.jar:/home/user/.m2/repository/org/apache/commons/commons-pool2/2.6.0/commons-pool2-2.6.0.jar:/home/user/.m2/repository/org/bouncycastle/bcpkix-jdk15on/1.60/bcpkix-jdk15on-1.60.jar:/home/user/.m2/repository/commons-validator/commons-validator/1.6/commons-validator-1.6.jar:/home/user/.m2/repository/commons-digester/commons-digester/1.8.1/commons-digester-1.8.1.jar:/home/user/.m2/repository/io/jaegertracing/jaeger-client/0.33.1/jaeger-client-0.33.1.jar:/home/user/.m2/repository/io/jaegertracing/jaeger-thrift/0.33.1/jaeger-thrift-0.33.1.jar:/home/user/.m2/repository/org/apache/thrift/libthrift/0.11.0/libthrift-0.11.0.jar:/home/user/.m2/repository/com/squareup/okhttp3/okhttp/3.9.0/okhttp-3.9.0.jar:/home/user/.m2/repository/com/squareup/okio/okio/1.13.0/okio-1.13.0.jar:/home/user/.m2/repository/io/jaegertracing/jaeger-core/0.33.1/jaeger-core-0.33.1.jar:/home/user/.m2/repository/io/jaegertracing/jaeger-tracerresolver/0.33.1/jaeger-tracerresolver-0.33.1.jar:/home/user/.m2/repository/io/opentracing/contrib/opentracing-tracerresolver/0.1.5/opentracing-tracerresolver-0.1.5.jar:/home/user/.m2/repository/io/opentracing/opentracing-util/0.31.0/opentracing-util-0.31.0.jar:/home/user/.m2/repository/io/opentracing/opentracing-api/0.31.0/opentracing-api-0.31.0.jar:/home/user/.m2/repository/io/opentracing/opentracing-noop/0.31.0/opentracing-noop-0.31.0.jar:/home/user/.m2/repository/org/apache/hadoop/hadoop-hdds-server-framework/0.5.0-SNAPSHOT/hadoop-hdds-server-framework-0.5.0-SNAPSHOT.jar:/home/user/.m2/repository/org/apache/hadoop/hadoop-hdds-container-service/0.5.0-SNAPSHOT/hadoop-hdds-container-service-0.5.0-SNAPSHOT.jar:/home/user/.m2/repository/org/apache/hadoop/hadoop-hdds-client/0.5.0-SNAPSHOT/hadoop-hdds-client-0.5.0-SNAPSHOT.jar:/home/user/.m2/repository/org/apache/hadoop/hadoop-hdds-tools/0.5.0-SNAPSHOT/hadoop-hdds-tools-0.5.0-SNAPSHOT.jar:/home/user/.m2/repository/org/apache/hadoop/hadoop-hdds-server-scm/0.5.0-SNAPSHOT/hadoop-hdds-server-scm-0.5.0-SNAPSHOT.jar:/home/user/.m2/repository/org/apache/hadoop/hadoop-hdds-docs/0.5.0-SNAPSHOT/hadoop-hdds-docs-0.5.0-SNAPSHOT.jar:/home/user/.m2/repository/io/dropwizard/metrics/metrics-core/3.2.4/metrics-core-3.2.4.jar:/home/user/.m2/repository/org/hamcrest/hamcrest-all/1.3/hamcrest-all-1.3.jar:/home/user/.m2/repository/org/bouncycastle/bcprov-jdk15on/1.60/bcprov-jdk15on-1.60.jar:/home/user/.m2/repository/info/picocli/picocli/3.9.6/picocli-3.9.6.jar:/home/user/.m2/repository/com/google/protobuf/protobuf-java/2.5.0/protobuf-java-2.5.0.jar:/home/user/.m2/repository/com/google/guava/guava/11.0.2/guava-11.0.2.jar:/home/user/.m2/repository/org/apache/hadoop/hadoop-ozone-ozone-manager/0.5.0-SNAPSHOT/hadoop-ozone-ozone-manager-0.5.0-SNAPSHOT.jar:/home/user/.m2/repository/org/apache/hadoop/hadoop-minikdc/3.2.0/hadoop-minikdc-3.2.0.jar:/home/user/.m2/repository/commons-io/commons-io/2.5/commons-io-2.5.jar:/home/user/.m2/repository/org/apache/kerby/kerb-simplekdc/1.0.1/kerb-simplekdc-1.0.1.jar:/home/user/.m2/repository/org/apache/kerby/kerb-client/1.0.1/kerb-client-1.0.1.jar:/home/user/.m2/repository/org/apache/kerby/kerby-config/1.0.1/kerby-config-1.0.1.jar:/home/user/.m2/repository/org/apache/kerby/kerb-core/1.0.1/kerb-core-1.0.1.jar:/home/user/.m2/repository/org/apache/kerby/kerby-pkix/1.0.1/kerby-pkix-1.0.1.jar:/home/user/.m2/repository/org/apache/kerby/kerby-asn1/1.0.1/kerby-asn1-1.0.1.jar:/home/user/.m2/repository/org/apache/kerby/kerby-util/1.0.1/kerby-util-1.0.1.jar:/home/user/.m2/repository/org/apache/kerby/kerb-common/1.0.1/kerb-common-1.0.1.jar:/home/user/.m2/repository/org/apache/kerby/kerb-crypto/1.0.1/kerb-crypto-1.0.1.jar:/home/user/.m2/repository/org/apache/kerby/kerb-util/1.0.1/kerb-util-1.0.1.jar:/home/user/.m2/repository/org/apache/kerby/token-provider/1.0.1/token-provider-1.0.1.jar:/home/user/.m2/repository/org/apache/kerby/kerb-admin/1.0.1/kerb-admin-1.0.1.jar:/home/user/.m2/repository/org/apache/kerby/kerb-server/1.0.1/kerb-server-1.0.1.jar:/home/user/.m2/repository/org/apache/kerby/kerb-identity/1.0.1/kerb-identity-1.0.1.jar:/home/user/.m2/repository/org/apache/kerby/kerby-xdr/1.0.1/kerby-xdr-1.0.1.jar:/home/user/.m2/repository/org/slf4j/slf4j-log4j12/1.7.25/slf4j-log4j12-1.7.25.jar:/home/user/.m2/repository/org/apache/hadoop/hadoop-ozone-objectstore-service/0.5.0-SNAPSHOT/hadoop-ozone-objectstore-service-0.5.0-SNAPSHOT.jar:/home/user/.m2/repository/org/apache/hadoop/hadoop-ozone-s3gateway/0.5.0-SNAPSHOT/hadoop-ozone-s3gateway-0.5.0-SNAPSHOT.jar:/home/user/.m2/repository/org/jboss/weld/servlet/weld-servlet/2.4.7.Final/weld-servlet-2.4.7.Final.jar:/home/user/.m2/repository/org/glassfish/jersey/containers/jersey-container-servlet-core/2.27/jersey-container-servlet-core-2.27.jar:/home/user/.m2/repository/org/glassfish/hk2/external/javax.inject/2.5.0-b42/javax.inject-2.5.0-b42.jar:/home/user/.m2/repository/org/glassfish/jersey/core/jersey-common/2.27/jersey-common-2.27.jar:/home/user/.m2/repository/org/glassfish/hk2/osgi-resource-locator/1.0.1/osgi-resource-locator-1.0.1.jar:/home/user/.m2/repository/javax/ws/rs/javax.ws.rs-api/2.1/javax.ws.rs-api-2.1.jar:/home/user/.m2/repository/org/glassfish/jersey/ext/cdi/jersey-cdi1x/2.27/jersey-cdi1x-2.27.jar:/home/user/.m2/repository/org/glassfish/jersey/inject/jersey-hk2/2.27/jersey-hk2-2.27.jar:/home/user/.m2/repository/org/glassfish/hk2/hk2-locator/2.5.0-b42/hk2-locator-2.5.0-b42.jar:/home/user/.m2/repository/org/javassist/javassist/3.22.0-CR2/javassist-3.22.0-CR2.jar:/home/user/.m2/repository/org/glassfish/hk2/hk2-api/2.5.0/hk2-api-2.5.0.jar:/home/user/.m2/repository/org/glassfish/hk2/external/jakarta.inject/2.5.0/jakarta.inject-2.5.0.jar:/home/user/.m2/repository/org/glassfish/hk2/hk2-utils/2.5.0/hk2-utils-2.5.0.jar:/home/user/.m2/repository/jakarta/annotation/jakarta.annotation-api/1.3.4/jakarta.annotation-api-1.3.4.jar:/home/user/.m2/repository/org/glassfish/hk2/external/aopalliance-repackaged/2.5.0/aopalliance-repackaged-2.5.0.jar:/home/user/.m2/repository/com/fasterxml/jackson/dataformat/jackson-dataformat-xml/2.9.0/jackson-dataformat-xml-2.9.0.jar:/home/user/.m2/repository/com/fasterxml/jackson/core/jackson-core/2.9.5/jackson-core-2.9.5.jar:/home/user/.m2/repository/com/fasterxml/jackson/module/jackson-module-jaxb-annotations/2.9.5/jackson-module-jaxb-annotations-2.9.5.jar:/home/user/.m2/repository/javax/enterprise/cdi-api/1.2/cdi-api-1.2.jar:/home/user/.m2/repository/javax/el/javax.el-api/3.0.0/javax.el-api-3.0.0.jar:/home/user/.m2/repository/javax/interceptor/javax.interceptor-api/1.2/javax.interceptor-api-1.2.jar:/home/user/.m2/repository/javax/inject/javax.inject/1/javax.inject-1.jar:/home/user/.m2/repository/com/sun/xml/bind/jaxb-impl/2.3.0.1/jaxb-impl-2.3.0.1.jar:/home/user/.m2/repository/com/sun/xml/bind/jaxb-core/2.3.0.1/jaxb-core-2.3.0.1.jar:/home/user/.m2/repository/javax/xml/bind/jaxb-api/2.3.0/jaxb-api-2.3.0.jar:/home/user/.m2/repository/javax/activation/activation/1.1.1/activation-1.1.1.jar:/home/user/.m2/repository/org/apache/hadoop/hadoop-ozone-csi/0.5.0-SNAPSHOT/hadoop-ozone-csi-0.5.0-SNAPSHOT.jar:/home/user/.m2/repository/com/google/protobuf/protobuf-java-util/3.5.1/protobuf-java-util-3.5.1.jar:/home/user/.m2/repository/org/apache/hadoop/hadoop-hdds-config/0.5.0-SNAPSHOT/hadoop-hdds-config-0.5.0-SNAPSHOT.jar:/home/user/.m2/repository/io/grpc/grpc-netty/1.17.1/grpc-netty-1.17.1.jar:/home/user/.m2/repository/io/grpc/grpc-core/1.17.1/grpc-core-1.17.1.jar:/home/user/.m2/repository/io/grpc/grpc-context/1.17.1/grpc-context-1.17.1.jar:/home/user/.m2/repository/com/google/errorprone/error_prone_annotations/2.2.0/error_prone_annotations-2.2.0.jar:/home/user/.m2/repository/org/codehaus/mojo/animal-sniffer-annotations/1.17/animal-sniffer-annotations-1.17.jar:/home/user/.m2/repository/io/opencensus/opencensus-api/0.17.0/opencensus-api-0.17.0.jar:/home/user/.m2/repository/io/opencensus/opencensus-contrib-grpc-metrics/0.17.0/opencensus-contrib-grpc-metrics-0.17.0.jar:/home/user/.m2/repository/io/netty/netty-codec-http2/4.1.30.Final/netty-codec-http2-4.1.30.Final.jar:/home/user/.m2/repository/io/netty/netty-codec-http/4.1.30.Final/netty-codec-http-4.1.30.Final.jar:/home/user/.m2/repository/io/netty/netty-codec/4.1.30.Final/netty-codec-4.1.30.Final.jar:/home/user/.m2/repository/io/netty/netty-handler/4.1.30.Final/netty-handler-4.1.30.Final.jar:/home/user/.m2/repository/io/netty/netty-handler-proxy/4.1.30.Final/netty-handler-proxy-4.1.30.Final.jar:/home/user/.m2/repository/io/netty/netty-codec-socks/4.1.30.Final/netty-codec-socks-4.1.30.Final.jar:/home/user/.m2/repository/io/netty/netty-transport-native-epoll/4.1.30.Final/netty-transport-native-epoll-4.1.30.Final.jar:/home/user/.m2/repository/io/netty/netty-common/4.1.30.Final/netty-common-4.1.30.Final.jar:/home/user/.m2/repository/io/netty/netty-buffer/4.1.30.Final/netty-buffer-4.1.30.Final.jar:/home/user/.m2/repository/io/netty/netty-transport/4.1.30.Final/netty-transport-4.1.30.Final.jar:/home/user/.m2/repository/io/netty/netty-resolver/4.1.30.Final/netty-resolver-4.1.30.Final.jar:/home/user/.m2/repository/io/netty/netty-transport-native-unix-common/4.1.30.Final/netty-transport-native-unix-common-4.1.30.Final.jar:/home/user/.m2/repository/io/grpc/grpc-protobuf/1.17.1/grpc-protobuf-1.17.1.jar:/home/user/.m2/repository/com/google/api/grpc/proto-google-common-protos/1.0.0/proto-google-common-protos-1.0.0.jar:/home/user/.m2/repository/io/grpc/grpc-protobuf-lite/1.17.1/grpc-protobuf-lite-1.17.1.jar:/home/user/.m2/repository/io/grpc/grpc-stub/1.17.1/grpc-stub-1.17.1.jar:/home/user/.m2/repository/org/apache/hadoop/hadoop-ozone-recon/0.5.0-SNAPSHOT/hadoop-ozone-recon-0.5.0-SNAPSHOT.jar:/home/user/.m2/repository/org/apache/hadoop/hadoop-ozone-reconcodegen/0.5.0-SNAPSHOT/hadoop-ozone-reconcodegen-0.5.0-SNAPSHOT.jar:/home/user/.m2/repository/com/google/inject/extensions/guice-multibindings/4.0/guice-multibindings-4.0.jar:/home/user/.m2/repository/com/google/inject/guice/4.0/guice-4.0.jar:/home/user/.m2/repository/aopalliance/aopalliance/1.0/aopalliance-1.0.jar:/home/user/.m2/repository/com/google/inject/extensions/guice-servlet/4.0/guice-servlet-4.0.jar:/home/user/.m2/repository/org/glassfish/jersey/containers/jersey-container-servlet/2.27/jersey-container-servlet-2.27.jar:/home/user/.m2/repository/org/glassfish/hk2/guice-bridge/2.5.0/guice-bridge-2.5.0.jar:/home/user/.m2/repository/org/glassfish/jersey/core/jersey-server/2.27/jersey-server-2.27.jar:/home/user/.m2/repository/org/glassfish/jersey/core/jersey-client/2.27/jersey-client-2.27.jar:/home/user/.m2/repository/org/glassfish/jersey/media/jersey-media-jaxb/2.27/jersey-media-jaxb-2.27.jar:/home/user/.m2/repository/javax/validation/validation-api/1.1.0.Final/validation-api-1.1.0.Final.jar:/home/user/.m2/repository/org/glassfish/jersey/media/jersey-media-json-jackson/2.27/jersey-media-json-jackson-2.27.jar:/home/user/.m2/repository/org/glassfish/jersey/ext/jersey-entity-filtering/2.27/jersey-entity-filtering-2.27.jar:/home/user/.m2/repository/com/google/inject/extensions/guice-assistedinject/4.0/guice-assistedinject-4.0.jar:/home/user/.m2/repository/org/jooq/jooq/3.11.10/jooq-3.11.10.jar:/home/user/.m2/repository/org/jooq/jooq-meta/3.11.10/jooq-meta-3.11.10.jar:/home/user/.m2/repository/org/jooq/jooq-codegen/3.11.10/jooq-codegen-3.11.10.jar:/home/user/.m2/repository/com/jolbox/bonecp/0.8.0.RELEASE/bonecp-0.8.0.RELEASE.jar:/home/user/.m2/repository/org/xerial/sqlite-jdbc/3.25.2/sqlite-jdbc-3.25.2.jar:/home/user/.m2/repository/org/springframework/spring-jdbc/5.1.3.RELEASE/spring-jdbc-5.1.3.RELEASE.jar:/home/user/.m2/repository/org/springframework/spring-beans/5.1.3.RELEASE/spring-beans-5.1.3.RELEASE.jar:/home/user/.m2/repository/org/springframework/spring-core/5.1.3.RELEASE/spring-core-5.1.3.RELEASE.jar:/home/user/.m2/repository/org/springframework/spring-jcl/5.1.3.RELEASE/spring-jcl-5.1.3.RELEASE.jar:/home/user/.m2/repository/org/springframework/spring-tx/5.1.3.RELEASE/spring-tx-5.1.3.RELEASE.jar:/home/user/.m2/repository/org/apache/hadoop/hadoop-ozone-client/0.5.0-SNAPSHOT/hadoop-ozone-client-0.5.0-SNAPSHOT.jar:/home/user/.m2/repository/commons-lang/commons-lang/2.6/commons-lang-2.6.jar:/home/user/.m2/repository/org/apache/hadoop/hadoop-ozone-ozone-manager/0.5.0-SNAPSHOT/hadoop-ozone-ozone-manager-0.5.0-SNAPSHOT-tests.jar:/home/user/.m2/repository/junit/junit/4.11/junit-4.11.jar:/home/user/.m2/repository/org/hamcrest/hamcrest-core/1.3/hamcrest-core-1.3.jar:/home/user/.m2/repository/org/openjdk/jmh/jmh-core/1.19/jmh-core-1.19.jar:/home/user/.m2/repository/net/sf/jopt-simple/jopt-simple/4.6/jopt-simple-4.6.jar:/home/user/.m2/repository/org/apache/commons/commons-math3/3.1.1/commons-math3-3.1.1.jar:/home/user/.m2/repository/org/openjdk/jmh/jmh-generator-annprocess/1.19/jmh-generator-annprocess-1.19.jar:/home/user/.m2/repository/org/mockito/mockito-all/1.8.5/mockito-all-1.8.5.jar:/home/user/.m2/repository/org/apache/hadoop/hadoop-kms/3.2.0/hadoop-kms-3.2.0.jar:/home/user/.m2/repository/org/apache/hadoop/hadoop-auth/3.2.0/hadoop-auth-3.2.0.jar:/home/user/.m2/repository/com/nimbusds/nimbus-jose-jwt/4.41.1/nimbus-jose-jwt-4.41.1.jar:/home/user/.m2/repository/com/github/stephenc/jcip/jcip-annotations/1.0-1/jcip-annotations-1.0-1.jar:/home/user/.m2/repository/net/minidev/json-smart/2.3/json-smart-2.3.jar:/home/user/.m2/repository/net/minidev/accessors-smart/1.2/accessors-smart-1.2.jar:/home/user/.m2/repository/org/ow2/asm/asm/5.0.4/asm-5.0.4.jar:/home/user/.m2/repository/org/apache/curator/curator-framework/2.12.0/curator-framework-2.12.0.jar:/home/user/.m2/repository/com/sun/jersey/jersey-core/1.19/jersey-core-1.19.jar:/home/user/.m2/repository/javax/ws/rs/jsr311-api/1.1.1/jsr311-api-1.1.1.jar:/home/user/.m2/repository/com/sun/jersey/jersey-server/1.19/jersey-server-1.19.jar:/home/user/.m2/repository/javax/servlet/javax.servlet-api/3.1.0/javax.servlet-api-3.1.0.jar:/home/user/.m2/repository/org/eclipse/jetty/jetty-server/9.3.24.v20180605/jetty-server-9.3.24.v20180605.jar:/home/user/.m2/repository/org/eclipse/jetty/jetty-http/9.3.24.v20180605/jetty-http-9.3.24.v20180605.jar:/home/user/.m2/repository/org/eclipse/jetty/jetty-io/9.3.24.v20180605/jetty-io-9.3.24.v20180605.jar:/home/user/.m2/repository/org/eclipse/jetty/jetty-webapp/9.3.24.v20180605/jetty-webapp-9.3.24.v20180605.jar:/home/user/.m2/repository/org/eclipse/jetty/jetty-xml/9.3.24.v20180605/jetty-xml-9.3.24.v20180605.jar:/home/user/.m2/repository/log4j/log4j/1.2.17/log4j-1.2.17.jar:/home/user/.m2/repository/org/slf4j/slf4j-api/1.7.25/slf4j-api-1.7.25.jar:/home/user/.m2/repository/org/slf4j/jul-to-slf4j/1.7.25/jul-to-slf4j-1.7.25.jar:/home/user/.m2/repository/org/eclipse/jetty/jetty-util/9.3.24.v20180605/jetty-util-9.3.24.v20180605.jar:/home/user/.m2/repository/com/fasterxml/jackson/core/jackson-databind/2.9.5/jackson-databind-2.9.5.jar:/home/user/.m2/repository/org/apache/hadoop/hadoop-kms/3.2.0/hadoop-kms-3.2.0-tests.jar:/home/user/.m2/repository/org/apache/hadoop/hadoop-hdds-server-scm/0.5.0-SNAPSHOT/hadoop-hdds-server-scm-0.5.0-SNAPSHOT-tests.jar:/home/user/.m2/repository/org/apache/hadoop/hadoop-hdds-container-service/0.5.0-SNAPSHOT/hadoop-hdds-container-service-0.5.0-SNAPSHOT-tests.jar:/home/user/.m2/repository/org/yaml/snakeyaml/1.16/snakeyaml-1.16.jar:/home/user/.m2/repository/org/apache/hadoop/hadoop-common/3.2.0/hadoop-common-3.2.0-tests.jar:/home/user/.m2/repository/org/apache/hadoop/hadoop-annotations/3.2.0/hadoop-annotations-3.2.0.jar:/usr/lib/jvm/java-1.8-openjdk/jre/../lib/tools.jar:/home/user/.m2/repository/commons-cli/commons-cli/1.2/commons-cli-1.2.jar:/home/user/.m2/repository/org/apache/httpcomponents/httpclient/4.5.2/httpclient-4.5.2.jar:/home/user/.m2/repository/org/apache/httpcomponents/httpcore/4.4.4/httpcore-4.4.4.jar:/home/user/.m2/repository/commons-codec/commons-codec/1.11/commons-codec-1.11.jar:/home/user/.m2/repository/commons-net/commons-net/3.6/commons-net-3.6.jar:/home/user/.m2/repository/commons-collections/commons-collections/3.2.2/commons-collections-3.2.2.jar:/home/user/.m2/repository/org/eclipse/jetty/jetty-servlet/9.3.24.v20180605/jetty-servlet-9.3.24.v20180605.jar:/home/user/.m2/repository/org/eclipse/jetty/jetty-security/9.3.24.v20180605/jetty-security-9.3.24.v20180605.jar:/home/user/.m2/repository/javax/servlet/jsp/jsp-api/2.1/jsp-api-2.1.jar:/home/user/.m2/repository/com/sun/jersey/jersey-servlet/1.19/jersey-servlet-1.19.jar:/home/user/.m2/repository/com/sun/jersey/jersey-json/1.19/jersey-json-1.19.jar:/home/user/.m2/repository/org/codehaus/jettison/jettison/1.1/jettison-1.1.jar:/home/user/.m2/repository/org/codehaus/jackson/jackson-core-asl/1.9.13/jackson-core-asl-1.9.13.jar:/home/user/.m2/repository/org/codehaus/jackson/jackson-mapper-asl/1.9.13/jackson-mapper-asl-1.9.13.jar:/home/user/.m2/repository/org/codehaus/jackson/jackson-jaxrs/1.9.13/jackson-jaxrs-1.9.13.jar:/home/user/.m2/repository/org/codehaus/jackson/jackson-xc/1.9.13/jackson-xc-1.9.13.jar:/home/user/.m2/repository/commons-logging/commons-logging/1.1.3/commons-logging-1.1.3.jar:/home/user/.m2/repository/commons-beanutils/commons-beanutils/1.9.3/commons-beanutils-1.9.3.jar:/home/user/.m2/repository/org/apache/commons/commons-configuration2/2.1.1/commons-configuration2-2.1.1.jar:/home/user/.m2/repository/org/apache/commons/commons-lang3/3.7/commons-lang3-3.7.jar:/home/user/.m2/repository/org/apache/commons/commons-text/1.4/commons-text-1.4.jar:/home/user/.m2/repository/org/apache/avro/avro/1.7.7/avro-1.7.7.jar:/home/user/.m2/repository/com/thoughtworks/paranamer/paranamer/2.3/paranamer-2.3.jar:/home/user/.m2/repository/org/xerial/snappy/snappy-java/1.0.5/snappy-java-1.0.5.jar:/home/user/.m2/repository/com/google/re2j/re2j/1.1/re2j-1.1.jar:/home/user/.m2/repository/com/google/code/gson/gson/2.2.4/gson-2.2.4.jar:/home/user/.m2/repository/com/jcraft/jsch/0.1.54/jsch-0.1.54.jar:/home/user/.m2/repository/org/apache/curator/curator-client/2.12.0/curator-client-2.12.0.jar:/home/user/.m2/repository/org/apache/curator/curator-recipes/2.12.0/curator-recipes-2.12.0.jar:/home/user/.m2/repository/com/google/code/findbugs/jsr305/3.0.0/jsr305-3.0.0.jar:/home/user/.m2/repository/org/apache/htrace/htrace-core4/4.1.0-incubating/htrace-core4-4.1.0-incubating.jar:/home/user/.m2/repository/org/apache/zookeeper/zookeeper/3.4.13/zookeeper-3.4.13.jar:/home/user/.m2/repository/org/apache/yetus/audience-annotations/0.5.0/audience-annotations-0.5.0.jar:/home/user/.m2/repository/org/codehaus/woodstox/stax2-api/3.1.4/stax2-api-3.1.4.jar:/home/user/.m2/repository/com/fasterxml/woodstox/woodstox-core/5.0.3/woodstox-core-5.0.3.jar:/home/user/.m2/repository/dnsjava/dnsjava/2.1.7/dnsjava-2.1.7.jar:/home/user/.m2/repository/org/apache/hadoop/hadoop-hdfs/3.2.0/hadoop-hdfs-3.2.0-tests.jar:/home/user/.m2/repository/org/eclipse/jetty/jetty-util-ajax/9.3.24.v20180605/jetty-util-ajax-9.3.24.v20180605.jar:/home/user/.m2/repository/commons-daemon/commons-daemon/1.0.13/commons-daemon-1.0.13.jar:/home/user/.m2/repository/io/netty/netty/3.10.5.Final/netty-3.10.5.Final.jar:/home/user/.m2/repository/io/netty/netty-all/4.0.52.Final/netty-all-4.0.52.Final.jar:/home/user/.m2/repository/org/fusesource/leveldbjni/leveldbjni-all/1.8/leveldbjni-all-1.8.jar:"/>
    <property name="sun.cpu.endian" value="little"/>
    <property name="user.home" value="/home/user"/>
    <property name="user.language" value="en"/>
    <property name="java.specification.vendor" value="Oracle Corporation"/>
    <property name="java.home" value="/usr/lib/jvm/java-1.8-openjdk/jre"/>
    <property name="java.security.krb5.conf" value="/workdir/hadoop-ozone/integration-test/target/test-classes/krb5.conf"/>
    <property name="basedir" value="/workdir/hadoop-ozone/integration-test"/>
    <property name="file.separator" value="/"/>
    <property name="line.separator" value="&#10;"/>
    <property name="java.vm.specification.vendor" value="Oracle Corporation"/>
    <property name="java.specification.name" value="Java Platform API Specification"/>
    <property name="java.awt.graphicsenv" value="sun.awt.X11GraphicsEnvironment"/>
    <property name="surefire.real.class.path" value="/workdir/hadoop-ozone/integration-test/target/surefire/surefirebooter2615183782392138406.jar"/>
    <property name="hadoop.log.dir" value="/workdir/hadoop-ozone/integration-test/target/log"/>
    <property name="sun.boot.class.path" value="/usr/lib/jvm/java-1.8-openjdk/jre/lib/resources.jar:/usr/lib/jvm/java-1.8-openjdk/jre/lib/rt.jar:/usr/lib/jvm/java-1.8-openjdk/jre/lib/sunrsasign.jar:/usr/lib/jvm/java-1.8-openjdk/jre/lib/jsse.jar:/usr/lib/jvm/java-1.8-openjdk/jre/lib/jce.jar:/usr/lib/jvm/java-1.8-openjdk/jre/lib/charsets.jar:/usr/lib/jvm/java-1.8-openjdk/jre/lib/jfr.jar:/usr/lib/jvm/java-1.8-openjdk/jre/classes"/>
    <property name="sun.management.compiler" value="HotSpot 64-Bit Tiered Compilers"/>
    <property name="java.runtime.version" value="1.8.0_212-b04"/>
    <property name="java.net.preferIPv4Stack" value="true"/>
    <property name="user.name" value="jenkins1000"/>
    <property name="path.separator" value=":"/>
    <property name="java.security.egd" value="file:///dev/urandom"/>
    <property name="os.version" value="3.10.0-957.12.2.el7.x86_64"/>
    <property name="java.endorsed.dirs" value="/usr/lib/jvm/java-1.8-openjdk/jre/lib/endorsed"/>
    <property name="java.runtime.name" value="OpenJDK Runtime Environment"/>
    <property name="file.encoding" value="UTF-8"/>
    <property name="java.vm.name" value="OpenJDK 64-Bit Server VM"/>
    <property name="test.build.webapps" value=""/>
    <property name="localRepository" value="/home/user/.m2/repository"/>
    <property name="java.vendor.url.bug" value="https://icedtea.classpath.org/bugzilla"/>
    <property name="java.io.tmpdir" value="/tmp"/>
    <property name="require.test.libhadoop" value=""/>
    <property name="java.version" value="1.8.0_212"/>
    <property name="user.dir" value="/workdir/hadoop-ozone/integration-test"/>
    <property name="os.arch" value="amd64"/>
    <property name="java.vm.specification.name" value="Java Virtual Machine Specification"/>
    <property name="test.build.classes" value="/workdir/hadoop-ozone/integration-test/target/test-classes"/>
    <property name="java.awt.printerjob" value="sun.print.PSPrinterJob"/>
    <property name="sun.os.patch.level" value="unknown"/>
    <property name="hadoop.tmp.dir" value="/workdir/hadoop-ozone/integration-test/target/tmp"/>
    <property name="java.library.path" value="/usr/lib/jvm/java-1.8-openjdk/jre/lib/amd64/server:/usr/lib/jvm/java-1.8-openjdk/jre/lib/amd64:/usr/lib/jvm/java-1.8-openjdk/jre/../lib/amd64:/workdir/hadoop-ozone/integration-test/target/native/target/usr/local/lib:/workdir/hadoop-ozone/integration-test/../../hadoop-common-project/hadoop-common/target/native/target/usr/local/lib:/usr/java/packages/lib/amd64:/usr/lib64:/lib64:/lib:/usr/lib"/>
    <property name="java.vm.info" value="mixed mode"/>
    <property name="java.vendor" value="IcedTea"/>
    <property name="java.vm.version" value="25.212-b04"/>
    <property name="java.ext.dirs" value="/usr/lib/jvm/java-1.8-openjdk/jre/lib/ext:/usr/java/packages/lib/ext"/>
    <property name="sun.io.unicode.encoding" value="UnicodeLittle"/>
    <property name="java.class.version" value="52.0"/>
  </properties>
  <testcase name="testPipelineWithScmRestart" classname="org.apache.hadoop.hdds.scm.pipeline.TestSCMRestart" time="0.022">
    <error message="Could not allocate container. Cannot get any matching pipeline for Type:RATIS, Factor:THREE, State:PipelineState.OPEN" type="java.io.IOException">java.io.IOException: Could not allocate container. Cannot get any matching pipeline for Type:RATIS, Factor:THREE, State:PipelineState.OPEN
	at org.apache.hadoop.hdds.scm.container.ContainerStateManager.allocateContainer(ContainerStateManager.java:260)
	at org.apache.hadoop.hdds.scm.container.SCMContainerManager.allocateContainer(SCMContainerManager.java:247)
	at org.apache.hadoop.hdds.scm.pipeline.TestSCMRestart.testPipelineWithScmRestart(TestSCMRestart.java:109)
	at sun.reflect.NativeMethodAccessorImpl.invoke0(Native Method)
	at sun.reflect.NativeMethodAccessorImpl.invoke(NativeMethodAccessorImpl.java:62)
	at sun.reflect.DelegatingMethodAccessorImpl.invoke(DelegatingMethodAccessorImpl.java:43)
	at java.lang.reflect.Method.invoke(Method.java:498)
	at org.junit.runners.model.FrameworkMethod$1.runReflectiveCall(FrameworkMethod.java:47)
	at org.junit.internal.runners.model.ReflectiveCallable.run(ReflectiveCallable.java:12)
	at org.junit.runners.model.FrameworkMethod.invokeExplosively(FrameworkMethod.java:44)
	at org.junit.internal.runners.statements.InvokeMethod.evaluate(InvokeMethod.java:17)
	at org.junit.runners.ParentRunner.runLeaf(ParentRunner.java:271)
	at org.junit.runners.BlockJUnit4ClassRunner.runChild(BlockJUnit4ClassRunner.java:70)
	at org.junit.runners.BlockJUnit4ClassRunner.runChild(BlockJUnit4ClassRunner.java:50)
	at org.junit.runners.ParentRunner$3.run(ParentRunner.java:238)
	at org.junit.runners.ParentRunner$1.schedule(ParentRunner.java:63)
	at org.junit.runners.ParentRunner.runChildren(ParentRunner.java:236)
	at org.junit.runners.ParentRunner.access$000(ParentRunner.java:53)
	at org.junit.runners.ParentRunner$2.evaluate(ParentRunner.java:229)
	at org.junit.internal.runners.statements.RunBefores.evaluate(RunBefores.java:26)
	at org.junit.internal.runners.statements.RunAfters.evaluate(RunAfters.java:27)
	at org.junit.runners.ParentRunner.run(ParentRunner.java:309)
	at org.apache.maven.surefire.junit4.JUnit4Provider.execute(JUnit4Provider.java:365)
	at org.apache.maven.surefire.junit4.JUnit4Provider.executeWithRerun(JUnit4Provider.java:273)
	at org.apache.maven.surefire.junit4.JUnit4Provider.executeTestSet(JUnit4Provider.java:238)
	at org.apache.maven.surefire.junit4.JUnit4Provider.invoke(JUnit4Provider.java:159)
	at org.apache.maven.surefire.booter.ForkedBooter.invokeProviderInSameClassLoader(ForkedBooter.java:384)
	at org.apache.maven.surefire.booter.ForkedBooter.runSuitesInProcess(ForkedBooter.java:345)
	at org.apache.maven.surefire.booter.ForkedBooter.execute(ForkedBooter.java:126)
	at org.apache.maven.surefire.booter.ForkedBooter.main(ForkedBooter.java:418)
</error>
    <system-out><![CDATA[2019-09-12 10:07:31,489 [main] WARN  server.ServerUtils (ServerUtils.java:getScmDbDir(145)) - ozone.scm.db.dirs is not configured. We recommend adding this setting. Falling back to ozone.metadata.dirs instead.
2019-09-12 10:07:31,601 [main] WARN  server.ServerUtils (ServerUtils.java:getScmDbDir(145)) - ozone.scm.db.dirs is not configured. We recommend adding this setting. Falling back to ozone.metadata.dirs instead.
2019-09-12 10:07:31,604 [main] WARN  server.ServerUtils (ServerUtils.java:getScmDbDir(145)) - ozone.scm.db.dirs is not configured. We recommend adding this setting. Falling back to ozone.metadata.dirs instead.
2019-09-12 10:07:31,623 [main] INFO  util.log (Log.java:initialized(192)) - Logging initialized @1047ms
2019-09-12 10:07:31,933 [main] INFO  db.DBStoreBuilder (DBStoreBuilder.java:addTable(110)) - using custom profile for table: deletedBlocks
2019-09-12 10:07:31,934 [main] INFO  db.DBStoreBuilder (DBStoreBuilder.java:processTables(161)) - Using default column profile:DBProfile.DISK for Table:deletedBlocks
2019-09-12 10:07:31,934 [main] INFO  db.DBStoreBuilder (DBStoreBuilder.java:addTable(110)) - using custom profile for table: validCerts
2019-09-12 10:07:31,935 [main] INFO  db.DBStoreBuilder (DBStoreBuilder.java:processTables(161)) - Using default column profile:DBProfile.DISK for Table:validCerts
2019-09-12 10:07:31,935 [main] INFO  db.DBStoreBuilder (DBStoreBuilder.java:addTable(110)) - using custom profile for table: revokedCerts
2019-09-12 10:07:31,935 [main] INFO  db.DBStoreBuilder (DBStoreBuilder.java:processTables(161)) - Using default column profile:DBProfile.DISK for Table:revokedCerts
2019-09-12 10:07:31,950 [main] INFO  db.DBStoreBuilder (DBStoreBuilder.java:addTable(110)) - using custom profile for table: default
2019-09-12 10:07:31,950 [main] INFO  db.DBStoreBuilder (DBStoreBuilder.java:processTables(167)) - Using default column profile:DBProfile.DISK for Table:default
2019-09-12 10:07:31,951 [main] INFO  db.DBStoreBuilder (DBStoreBuilder.java:getDbProfile(198)) - Using default options. DBProfile.DISK
2019-09-12 10:07:33,111 [main] INFO  net.NodeSchemaLoader (NodeSchemaLoader.java:loadSchemaFromFile(125)) - Loading file from sun.misc.CompoundEnumeration@7722c3c3
2019-09-12 10:07:33,114 [main] INFO  net.NodeSchemaLoader (NodeSchemaLoader.java:loadSchema(171)) - Loading network topology layer schema file
2019-09-12 10:07:33,212 [main] INFO  node.SCMNodeManager (SCMNodeManager.java:<init>(121)) - Entering startup safe mode.
2019-09-12 10:07:33,396 [main] INFO  algorithms.ContainerPlacementPolicyFactory (ContainerPlacementPolicyFactory.java:getPolicy(56)) - Create container placement policy of type org.apache.hadoop.hdds.scm.container.placement.algorithms.SCMContainerPlacementRandom
2019-09-12 10:07:33,412 [main] WARN  server.ServerUtils (ServerUtils.java:getScmDbDir(145)) - ozone.scm.db.dirs is not configured. We recommend adding this setting. Falling back to ozone.metadata.dirs instead.
2019-09-12 10:07:33,529 [main] INFO  pipeline.SCMPipelineManager (SCMPipelineManager.java:initializePipelineState(126)) - No pipeline exists in current db
2019-09-12 10:07:33,532 [main] WARN  server.ServerUtils (ServerUtils.java:getScmDbDir(145)) - ozone.scm.db.dirs is not configured. We recommend adding this setting. Falling back to ozone.metadata.dirs instead.
2019-09-12 10:07:33,638 [main] WARN  events.EventQueue (EventQueue.java:fireEvent(175)) - No event handler registered for event TypedEvent{payloadType=SafeModeStatus, name='SafeModeStatus'}
2019-09-12 10:07:34,154 [main] INFO  ipc.CallQueueManager (CallQueueManager.java:<init>(84)) - Using callQueue: class java.util.concurrent.LinkedBlockingQueue, queueCapacity: 2000, scheduler: class org.apache.hadoop.ipc.DefaultRpcScheduler, ipcBackoff: false.
2019-09-12 10:07:34,678 [Socket Reader #1 for port 32983] INFO  ipc.Server (Server.java:run(1074)) - Starting Socket Reader #1 for port 32983
2019-09-12 10:07:34,724 [main] INFO  ipc.CallQueueManager (CallQueueManager.java:<init>(84)) - Using callQueue: class java.util.concurrent.LinkedBlockingQueue, queueCapacity: 2000, scheduler: class org.apache.hadoop.ipc.DefaultRpcScheduler, ipcBackoff: false.
2019-09-12 10:07:34,726 [Socket Reader #1 for port 46069] INFO  ipc.Server (Server.java:run(1074)) - Starting Socket Reader #1 for port 46069
2019-09-12 10:07:34,739 [main] INFO  ipc.CallQueueManager (CallQueueManager.java:<init>(84)) - Using callQueue: class java.util.concurrent.LinkedBlockingQueue, queueCapacity: 2000, scheduler: class org.apache.hadoop.ipc.DefaultRpcScheduler, ipcBackoff: false.
2019-09-12 10:07:34,740 [Socket Reader #1 for port 43022] INFO  ipc.Server (Server.java:run(1074)) - Starting Socket Reader #1 for port 43022
2019-09-12 10:07:34,764 [main] INFO  hdfs.DFSUtil (DFSUtil.java:httpServerTemplateForNNAndJN(1641)) - Starting Web-server for scm at: http://0.0.0.0:0
2019-09-12 10:07:34,951 [main] INFO  server.AuthenticationFilter (AuthenticationFilter.java:constructSecretProvider(240)) - Unable to initialize FileSignerSecretProvider, falling back to use random secrets.
2019-09-12 10:07:34,962 [main] WARN  http.HttpRequestLog (HttpRequestLog.java:getRequestLog(97)) - Jetty request log can only be enabled using Log4j
2019-09-12 10:07:34,972 [main] INFO  http.HttpServer2 (HttpServer2.java:addGlobalFilter(975)) - Added global filter 'safety' (class=org.apache.hadoop.http.HttpServer2$QuotingInputFilter)
2019-09-12 10:07:34,975 [main] INFO  http.HttpServer2 (HttpServer2.java:addFilter(948)) - Added filter static_user_filter (class=org.apache.hadoop.http.lib.StaticUserWebFilter$StaticUserFilter) to context scm
2019-09-12 10:07:34,976 [main] INFO  http.HttpServer2 (HttpServer2.java:addFilter(958)) - Added filter static_user_filter (class=org.apache.hadoop.http.lib.StaticUserWebFilter$StaticUserFilter) to context logs
2019-09-12 10:07:34,976 [main] INFO  http.HttpServer2 (HttpServer2.java:addFilter(958)) - Added filter static_user_filter (class=org.apache.hadoop.http.lib.StaticUserWebFilter$StaticUserFilter) to context static
2019-09-12 10:07:35,010 [main] INFO  server.StorageContainerManager (StorageContainerManager.java:start(759)) - StorageContainerLocationProtocol RPC server is listening at /0.0.0.0:43022
2019-09-12 10:07:35,099 [main] WARN  impl.MetricsConfig (MetricsConfig.java:loadFirst(134)) - Cannot locate configuration: tried hadoop-metrics2-storagecontainermanager.properties,hadoop-metrics2.properties
2019-09-12 10:07:35,114 [main] INFO  impl.MetricsSystemImpl (MetricsSystemImpl.java:startTimer(374)) - Scheduled Metric snapshot period at 10 second(s).
2019-09-12 10:07:35,115 [main] INFO  impl.MetricsSystemImpl (MetricsSystemImpl.java:start(191)) - StorageContainerManager metrics system started
2019-09-12 10:07:35,365 [main] INFO  server.SCMClientProtocolServer (SCMClientProtocolServer.java:start(151)) - RPC server for Client  is listening at /0.0.0.0:43022
2019-09-12 10:07:35,365 [IPC Server Responder] INFO  ipc.Server (Server.java:run(1314)) - IPC Server Responder: starting
2019-09-12 10:07:35,365 [IPC Server listener on 43022] INFO  ipc.Server (Server.java:run(1153)) - IPC Server listener on 43022: starting
2019-09-12 10:07:35,368 [main] INFO  server.StorageContainerManager (StorageContainerManager.java:start(769)) - ScmBlockLocationProtocol RPC server is listening at /0.0.0.0:46069
2019-09-12 10:07:35,368 [main] INFO  server.SCMBlockProtocolServer (SCMBlockProtocolServer.java:start(140)) - RPC server for Block Protocol is listening at /0.0.0.0:46069
2019-09-12 10:07:35,368 [IPC Server Responder] INFO  ipc.Server (Server.java:run(1314)) - IPC Server Responder: starting
2019-09-12 10:07:35,368 [IPC Server listener on 46069] INFO  ipc.Server (Server.java:run(1153)) - IPC Server listener on 46069: starting
2019-09-12 10:07:35,377 [main] INFO  server.StorageContainerManager (StorageContainerManager.java:start(773)) - ScmDatanodeProtocl RPC server is listening at /0.0.0.0:32983
2019-09-12 10:07:35,377 [main] INFO  server.SCMDatanodeProtocolServer (SCMDatanodeProtocolServer.java:start(191)) - RPC server for DataNodes is listening at /0.0.0.0:32983
2019-09-12 10:07:35,377 [IPC Server Responder] INFO  ipc.Server (Server.java:run(1314)) - IPC Server Responder: starting
2019-09-12 10:07:35,377 [IPC Server listener on 32983] INFO  ipc.Server (Server.java:run(1153)) - IPC Server listener on 32983: starting
2019-09-12 10:07:35,386 [main] INFO  http.HttpServer2 (HttpServer2.java:bindListener(1191)) - Jetty bound to port 37266
2019-09-12 10:07:35,388 [main] INFO  server.Server (Server.java:doStart(351)) - jetty-9.3.24.v20180605, build timestamp: 2018-06-05T17:11:56Z, git hash: 84205aa28f11a4f31f2a3b86d1bba2cc8ab69827
2019-09-12 10:07:35,420 [main] INFO  handler.ContextHandler (ContextHandler.java:doStart(781)) - Started o.e.j.s.ServletContextHandler@2e9fda69{/logs,file:///workdir/hadoop-ozone/integration-test/target/log,AVAILABLE}
2019-09-12 10:07:35,421 [main] INFO  handler.ContextHandler (ContextHandler.java:doStart(781)) - Started o.e.j.s.ServletContextHandler@1755e85b{/static,file:///workdir/hadoop-ozone/integration-test/target/test-classes/webapps/static,AVAILABLE}
2019-09-12 10:07:35,451 [main] INFO  handler.ContextHandler (ContextHandler.java:doStart(781)) - Started o.e.j.w.WebAppContext@2ca47471{/,file:///workdir/hadoop-ozone/integration-test/target/test-classes/webapps/scm/,AVAILABLE}{/scm}
2019-09-12 10:07:35,458 [main] INFO  server.AbstractConnector (AbstractConnector.java:doStart(278)) - Started ServerConnector@26b894bd{HTTP/1.1,[http/1.1]}{0.0.0.0:37266}
2019-09-12 10:07:35,458 [main] INFO  server.Server (Server.java:doStart(419)) - Started @4882ms
2019-09-12 10:07:35,459 [main] INFO  server.BaseHttpServer (BaseHttpServer.java:updateConnectorAddress(213)) - HTTP server of SCM is listening at http://0.0.0.0:37266
2019-09-12 10:07:35,465 [org.apache.hadoop.util.JvmPauseMonitor$Monitor@72efb5c1] INFO  util.JvmPauseMonitor (JvmPauseMonitor.java:run(188)) - Starting JVM pause monitor
2019-09-12 10:07:35,475 [main] WARN  server.ServerUtils (ServerUtils.java:getDBPath(222)) - ozone.om.db.dirs is not configured. We recommend adding this setting. Falling back to ozone.metadata.dirs instead.
2019-09-12 10:07:35,627 [main] WARN  server.ServerUtils (ServerUtils.java:getDBPath(222)) - ozone.om.db.dirs is not configured. We recommend adding this setting. Falling back to ozone.metadata.dirs instead.
2019-09-12 10:07:35,628 [main] WARN  server.ServerUtils (ServerUtils.java:getDBPath(222)) - ozone.om.db.dirs is not configured. We recommend adding this setting. Falling back to ozone.metadata.dirs instead.
2019-09-12 10:07:35,629 [main] INFO  om.OzoneManager (OzoneManager.java:setOMNodeDetails(645)) - OM Service ID is not set. Setting it to the default ID: omServiceIdDefault
2019-09-12 10:07:35,630 [main] INFO  om.OzoneManager (OzoneManager.java:setOMNodeDetails(651)) - OM Node ID is not set. Setting it to the OmStorage's OmID: 350eecce-8600-4ed3-900f-d59da6e519be
2019-09-12 10:07:35,632 [main] INFO  om.OzoneManager (OzoneManager.java:loadOMHAConfigs(602)) - Found matching OM address with OMServiceId: null, OMNodeId: null, RPC Address: localhost:0 and Ratis port: 9872
2019-09-12 10:07:35,912 | INFO  | SCMAudit | user=jenkins1000 | ip=192.168.36.114 | op=GET_SCM_INFO null | ret=SUCCESS |  
2019-09-12 10:07:36,388 [main] WARN  server.ServerUtils (ServerUtils.java:getDBPath(222)) - ozone.om.db.dirs is not configured. We recommend adding this setting. Falling back to ozone.metadata.dirs instead.
2019-09-12 10:07:36,394 [main] INFO  db.DBStoreBuilder (DBStoreBuilder.java:addTable(110)) - using custom profile for table: userTable
2019-09-12 10:07:36,394 [main] INFO  db.DBStoreBuilder (DBStoreBuilder.java:processTables(161)) - Using default column profile:DBProfile.DISK for Table:userTable
2019-09-12 10:07:36,395 [main] INFO  db.DBStoreBuilder (DBStoreBuilder.java:addTable(110)) - using custom profile for table: volumeTable
2019-09-12 10:07:36,395 [main] INFO  db.DBStoreBuilder (DBStoreBuilder.java:processTables(161)) - Using default column profile:DBProfile.DISK for Table:volumeTable
2019-09-12 10:07:36,395 [main] INFO  db.DBStoreBuilder (DBStoreBuilder.java:addTable(110)) - using custom profile for table: bucketTable
2019-09-12 10:07:36,395 [main] INFO  db.DBStoreBuilder (DBStoreBuilder.java:processTables(161)) - Using default column profile:DBProfile.DISK for Table:bucketTable
2019-09-12 10:07:36,395 [main] INFO  db.DBStoreBuilder (DBStoreBuilder.java:addTable(110)) - using custom profile for table: keyTable
2019-09-12 10:07:36,396 [main] INFO  db.DBStoreBuilder (DBStoreBuilder.java:processTables(161)) - Using default column profile:DBProfile.DISK for Table:keyTable
2019-09-12 10:07:36,396 [main] INFO  db.DBStoreBuilder (DBStoreBuilder.java:addTable(110)) - using custom profile for table: deletedTable
2019-09-12 10:07:36,396 [main] INFO  db.DBStoreBuilder (DBStoreBuilder.java:processTables(161)) - Using default column profile:DBProfile.DISK for Table:deletedTable
2019-09-12 10:07:36,396 [main] INFO  db.DBStoreBuilder (DBStoreBuilder.java:addTable(110)) - using custom profile for table: openKeyTable
2019-09-12 10:07:36,397 [main] INFO  db.DBStoreBuilder (DBStoreBuilder.java:processTables(161)) - Using default column profile:DBProfile.DISK for Table:openKeyTable
2019-09-12 10:07:36,397 [main] INFO  db.DBStoreBuilder (DBStoreBuilder.java:addTable(110)) - using custom profile for table: s3Table
2019-09-12 10:07:36,397 [main] INFO  db.DBStoreBuilder (DBStoreBuilder.java:processTables(161)) - Using default column profile:DBProfile.DISK for Table:s3Table
2019-09-12 10:07:36,397 [main] INFO  db.DBStoreBuilder (DBStoreBuilder.java:addTable(110)) - using custom profile for table: multipartInfoTable
2019-09-12 10:07:36,397 [main] INFO  db.DBStoreBuilder (DBStoreBuilder.java:processTables(161)) - Using default column profile:DBProfile.DISK for Table:multipartInfoTable
2019-09-12 10:07:36,398 [main] INFO  db.DBStoreBuilder (DBStoreBuilder.java:addTable(110)) - using custom profile for table: dTokenTable
2019-09-12 10:07:36,398 [main] INFO  db.DBStoreBuilder (DBStoreBuilder.java:processTables(161)) - Using default column profile:DBProfile.DISK for Table:dTokenTable
2019-09-12 10:07:36,398 [main] INFO  db.DBStoreBuilder (DBStoreBuilder.java:addTable(110)) - using custom profile for table: s3SecretTable
2019-09-12 10:07:36,398 [main] INFO  db.DBStoreBuilder (DBStoreBuilder.java:processTables(161)) - Using default column profile:DBProfile.DISK for Table:s3SecretTable
2019-09-12 10:07:36,399 [main] INFO  db.DBStoreBuilder (DBStoreBuilder.java:addTable(110)) - using custom profile for table: prefixTable
2019-09-12 10:07:36,399 [main] INFO  db.DBStoreBuilder (DBStoreBuilder.java:processTables(161)) - Using default column profile:DBProfile.DISK for Table:prefixTable
2019-09-12 10:07:36,399 [main] INFO  db.DBStoreBuilder (DBStoreBuilder.java:addTable(110)) - using custom profile for table: default
2019-09-12 10:07:36,399 [main] INFO  db.DBStoreBuilder (DBStoreBuilder.java:processTables(167)) - Using default column profile:DBProfile.DISK for Table:default
2019-09-12 10:07:36,399 [main] INFO  db.DBStoreBuilder (DBStoreBuilder.java:getDbProfile(198)) - Using default options. DBProfile.DISK
2019-09-12 10:07:36,740 [main] INFO  ipc.CallQueueManager (CallQueueManager.java:<init>(84)) - Using callQueue: class java.util.concurrent.LinkedBlockingQueue, queueCapacity: 2000, scheduler: class org.apache.hadoop.ipc.DefaultRpcScheduler, ipcBackoff: false.
2019-09-12 10:07:36,741 [Socket Reader #1 for port 44406] INFO  ipc.Server (Server.java:run(1074)) - Starting Socket Reader #1 for port 44406
2019-09-12 10:07:36,758 [main] INFO  om.OzoneManager (OzoneManager.java:start(1256)) - OzoneManager RPC server is listening at localhost/127.0.0.1:44406
2019-09-12 10:07:36,759 [main] INFO  impl.MetricsSystemImpl (MetricsSystemImpl.java:init(158)) - OzoneManager metrics system started (again)
2019-09-12 10:07:36,760 [IPC Server Responder] INFO  ipc.Server (Server.java:run(1314)) - IPC Server Responder: starting
2019-09-12 10:07:36,760 [IPC Server listener on 44406] INFO  ipc.Server (Server.java:run(1153)) - IPC Server listener on 44406: starting
2019-09-12 10:07:36,768 [main] INFO  hdfs.DFSUtil (DFSUtil.java:httpServerTemplateForNNAndJN(1641)) - Starting Web-server for ozoneManager at: http://0.0.0.0:0
2019-09-12 10:07:36,771 [main] INFO  server.AuthenticationFilter (AuthenticationFilter.java:constructSecretProvider(240)) - Unable to initialize FileSignerSecretProvider, falling back to use random secrets.
2019-09-12 10:07:36,772 [main] WARN  http.HttpRequestLog (HttpRequestLog.java:getRequestLog(97)) - Jetty request log can only be enabled using Log4j
2019-09-12 10:07:36,776 [main] INFO  http.HttpServer2 (HttpServer2.java:addGlobalFilter(975)) - Added global filter 'safety' (class=org.apache.hadoop.http.HttpServer2$QuotingInputFilter)
2019-09-12 10:07:36,778 [main] INFO  http.HttpServer2 (HttpServer2.java:addFilter(948)) - Added filter static_user_filter (class=org.apache.hadoop.http.lib.StaticUserWebFilter$StaticUserFilter) to context ozoneManager
2019-09-12 10:07:36,779 [main] INFO  http.HttpServer2 (HttpServer2.java:addFilter(958)) - Added filter static_user_filter (class=org.apache.hadoop.http.lib.StaticUserWebFilter$StaticUserFilter) to context logs
2019-09-12 10:07:36,779 [main] INFO  http.HttpServer2 (HttpServer2.java:addFilter(958)) - Added filter static_user_filter (class=org.apache.hadoop.http.lib.StaticUserWebFilter$StaticUserFilter) to context static
2019-09-12 10:07:36,782 [main] INFO  http.HttpServer2 (HttpServer2.java:bindListener(1191)) - Jetty bound to port 39661
2019-09-12 10:07:36,783 [main] INFO  server.Server (Server.java:doStart(351)) - jetty-9.3.24.v20180605, build timestamp: 2018-06-05T17:11:56Z, git hash: 84205aa28f11a4f31f2a3b86d1bba2cc8ab69827
2019-09-12 10:07:36,785 [main] INFO  handler.ContextHandler (ContextHandler.java:doStart(781)) - Started o.e.j.s.ServletContextHandler@6a10b263{/logs,file:///workdir/hadoop-ozone/integration-test/target/log,AVAILABLE}
2019-09-12 10:07:36,786 [main] INFO  handler.ContextHandler (ContextHandler.java:doStart(781)) - Started o.e.j.s.ServletContextHandler@325bb9a6{/static,file:///workdir/hadoop-ozone/integration-test/target/test-classes/webapps/static,AVAILABLE}
2019-09-12 10:07:37,026 [main] INFO  handler.ContextHandler (ContextHandler.java:doStart(781)) - Started o.e.j.w.WebAppContext@13047d7d{/,file:///workdir/hadoop-ozone/integration-test/target/test-classes/webapps/ozoneManager/,AVAILABLE}{/ozoneManager}
2019-09-12 10:07:37,028 [main] INFO  server.AbstractConnector (AbstractConnector.java:doStart(278)) - Started ServerConnector@3c7cfcbb{HTTP/1.1,[http/1.1]}{0.0.0.0:39661}
2019-09-12 10:07:37,029 [main] INFO  server.Server (Server.java:doStart(419)) - Started @6453ms
2019-09-12 10:07:37,031 [main] INFO  server.BaseHttpServer (BaseHttpServer.java:updateConnectorAddress(213)) - HTTP server of OZONEMANAGER is listening at http://0.0.0.0:39661
2019-09-12 10:07:37,417 [main] INFO  impl.MetricsSystemImpl (MetricsSystemImpl.java:init(158)) - HddsDatanode metrics system started (again)
2019-09-12 10:07:37,512 [main] INFO  ozone.HddsDatanodeService (HddsDatanodeService.java:start(184)) - HddsDatanodeService host:pr-hdds-1569-58hkm-1881083799 ip:192.168.36.114
2019-09-12 10:07:37,543 [main] INFO  volume.HddsVolume (HddsVolume.java:<init>(176)) - Creating Volume: /workdir/hadoop-ozone/integration-test/target/test-dir/MiniOzoneClusterImpl-d63a1c8a-c167-4d1c-9f21-7a8d4f3a0684/datanode-0/data/containers/hdds of  storage type : DISK and capacity : 1482555576320
2019-09-12 10:07:37,545 [main] INFO  volume.VolumeSet (VolumeSet.java:initializeVolumeSet(170)) - Added Volume : /workdir/hadoop-ozone/integration-test/target/test-dir/MiniOzoneClusterImpl-d63a1c8a-c167-4d1c-9f21-7a8d4f3a0684/datanode-0/data/containers/hdds to VolumeSet
2019-09-12 10:07:37,548 [main] INFO  volume.ThrottledAsyncChecker (ThrottledAsyncChecker.java:schedule(140)) - Scheduling a check for org.apache.hadoop.ozone.container.common.volume.HddsVolume@de77232
2019-09-12 10:07:37,565 [main] INFO  volume.HddsVolumeChecker (HddsVolumeChecker.java:checkAllVolumes(203)) - Scheduled health check for volume org.apache.hadoop.ozone.container.common.volume.HddsVolume@de77232
2019-09-12 10:07:37,674 [main] INFO  impl.RaftServerProxy (ConfUtils.java:logGet(43)) - raft.rpc.type = GRPC (default)
2019-09-12 10:07:37,750 [main] INFO  grpc.GrpcFactory (GrpcFactory.java:checkPooledByteBufAllocatorUseCacheForAllThreads(45)) - PERFORMANCE WARNING: useCacheForAllThreads is true that may cause Netty to create a lot garbage objects and, as a result, trigger GC.
	It is recommended to disable useCacheForAllThreads by setting -Dorg.apache.ratis.thirdparty.io.netty.allocator.useCacheForAllThreads=false in command line.
2019-09-12 10:07:37,755 [main] INFO  grpc.GrpcConfigKeys$Server (ConfUtils.java:logGet(43)) - raft.grpc.server.port = 0 (default)
2019-09-12 10:07:37,756 [main] INFO  server.GrpcService (ConfUtils.java:logGet(43)) - raft.grpc.message.size.max = 33570816 (custom)
2019-09-12 10:07:37,757 [main] INFO  server.RaftServerConfigKeys (ConfUtils.java:logGet(43)) - raft.server.log.appender.buffer.byte-limit = 33554432 (custom)
2019-09-12 10:07:37,758 [main] INFO  server.GrpcService (ConfUtils.java:logGet(43)) - raft.grpc.flow.control.window = 1MB (=1048576) (default)
2019-09-12 10:07:37,759 [main] INFO  server.RaftServerConfigKeys (ConfUtils.java:logGet(43)) - raft.server.rpc.request.timeout = 3000ms (default)
2019-09-12 10:07:37,920 [main] INFO  server.RaftServerConfigKeys (ConfUtils.java:logGet(43)) - raft.server.storage.dir = [/workdir/hadoop-ozone/integration-test/target/test-dir/MiniOzoneClusterImpl-d63a1c8a-c167-4d1c-9f21-7a8d4f3a0684/datanode-0/data/ratis] (custom)
2019-09-12 10:07:37,957 [main] INFO  replication.SimpleContainerDownloader (SimpleContainerDownloader.java:<init>(72)) - Starting container downloader service to copy containers to replicate.
2019-09-12 10:07:37,970 [main] INFO  hdfs.DFSUtil (DFSUtil.java:httpServerTemplateForNNAndJN(1641)) - Starting Web-server for hddsDatanode at: http://0.0.0.0:0
2019-09-12 10:07:37,972 [main] INFO  server.AuthenticationFilter (AuthenticationFilter.java:constructSecretProvider(240)) - Unable to initialize FileSignerSecretProvider, falling back to use random secrets.
2019-09-12 10:07:37,973 [main] WARN  http.HttpRequestLog (HttpRequestLog.java:getRequestLog(97)) - Jetty request log can only be enabled using Log4j
2019-09-12 10:07:37,974 [main] INFO  http.HttpServer2 (HttpServer2.java:addGlobalFilter(975)) - Added global filter 'safety' (class=org.apache.hadoop.http.HttpServer2$QuotingInputFilter)
2019-09-12 10:07:37,975 [main] INFO  http.HttpServer2 (HttpServer2.java:addFilter(948)) - Added filter static_user_filter (class=org.apache.hadoop.http.lib.StaticUserWebFilter$StaticUserFilter) to context hddsDatanode
2019-09-12 10:07:37,975 [main] INFO  http.HttpServer2 (HttpServer2.java:addFilter(958)) - Added filter static_user_filter (class=org.apache.hadoop.http.lib.StaticUserWebFilter$StaticUserFilter) to context logs
2019-09-12 10:07:37,976 [main] INFO  http.HttpServer2 (HttpServer2.java:addFilter(958)) - Added filter static_user_filter (class=org.apache.hadoop.http.lib.StaticUserWebFilter$StaticUserFilter) to context static
2019-09-12 10:07:37,976 [main] INFO  http.HttpServer2 (HttpServer2.java:bindListener(1191)) - Jetty bound to port 44367
2019-09-12 10:07:37,977 [main] INFO  server.Server (Server.java:doStart(351)) - jetty-9.3.24.v20180605, build timestamp: 2018-06-05T17:11:56Z, git hash: 84205aa28f11a4f31f2a3b86d1bba2cc8ab69827
2019-09-12 10:07:37,979 [main] INFO  handler.ContextHandler (ContextHandler.java:doStart(781)) - Started o.e.j.s.ServletContextHandler@39a87e72{/logs,file:///workdir/hadoop-ozone/integration-test/target/log,AVAILABLE}
2019-09-12 10:07:37,980 [main] INFO  handler.ContextHandler (ContextHandler.java:doStart(781)) - Started o.e.j.s.ServletContextHandler@3a082ff4{/static,jar:file:/home/user/.m2/repository/org/apache/hadoop/hadoop-hdds-container-service/0.5.0-SNAPSHOT/hadoop-hdds-container-service-0.5.0-SNAPSHOT.jar!/webapps/static,AVAILABLE}
2019-09-12 10:07:38,045 [main] INFO  handler.ContextHandler (ContextHandler.java:doStart(781)) - Started o.e.j.w.WebAppContext@c755b2{/,file:///tmp/jetty-0.0.0.0-44367-hddsDatanode-_-any-639676840373709043.dir/webapp/,AVAILABLE}{/hddsDatanode}
2019-09-12 10:07:38,046 [main] INFO  server.AbstractConnector (AbstractConnector.java:doStart(278)) - Started ServerConnector@3bd2af5b{HTTP/1.1,[http/1.1]}{0.0.0.0:44367}
2019-09-12 10:07:38,047 [main] INFO  server.Server (Server.java:doStart(419)) - Started @7471ms
2019-09-12 10:07:38,047 [main] INFO  server.BaseHttpServer (BaseHttpServer.java:updateConnectorAddress(213)) - HTTP server of HDDSDATANODE is listening at http://0.0.0.0:44367
2019-09-12 10:07:39,142 | INFO  | ObjectStoreRestHttpServer | Listening HDDS REST traffic on /0.0.0.0:43691 |  
2019-09-12 10:07:39,143 [main] INFO  ozone.HddsDatanodeService (HddsDatanodeService.java:startPlugins(395)) - Started plug-in org.apache.hadoop.ozone.web.OzoneHddsDatanodeService@261b9a37
2019-09-12 10:07:39,144 [main] INFO  impl.MetricsSystemImpl (MetricsSystemImpl.java:init(158)) - HddsDatanode metrics system started (again)
2019-09-12 10:07:39,147 [main] INFO  ozone.HddsDatanodeService (HddsDatanodeService.java:start(184)) - HddsDatanodeService host:pr-hdds-1569-58hkm-1881083799 ip:192.168.36.114
2019-09-12 10:07:39,150 [org.apache.hadoop.util.JvmPauseMonitor$Monitor@3f199a76] INFO  util.JvmPauseMonitor (JvmPauseMonitor.java:run(188)) - Starting JVM pause monitor
2019-09-12 10:07:39,153 [main] INFO  volume.HddsVolume (HddsVolume.java:<init>(176)) - Creating Volume: /workdir/hadoop-ozone/integration-test/target/test-dir/MiniOzoneClusterImpl-d63a1c8a-c167-4d1c-9f21-7a8d4f3a0684/datanode-1/data/containers/hdds of  storage type : DISK and capacity : 1482555576320
2019-09-12 10:07:39,154 [main] INFO  volume.VolumeSet (VolumeSet.java:initializeVolumeSet(170)) - Added Volume : /workdir/hadoop-ozone/integration-test/target/test-dir/MiniOzoneClusterImpl-d63a1c8a-c167-4d1c-9f21-7a8d4f3a0684/datanode-1/data/containers/hdds to VolumeSet
2019-09-12 10:07:39,154 [main] INFO  volume.ThrottledAsyncChecker (ThrottledAsyncChecker.java:schedule(140)) - Scheduling a check for org.apache.hadoop.ozone.container.common.volume.HddsVolume@100aa331
2019-09-12 10:07:39,154 [main] INFO  volume.HddsVolumeChecker (HddsVolumeChecker.java:checkAllVolumes(203)) - Scheduled health check for volume org.apache.hadoop.ozone.container.common.volume.HddsVolume@100aa331
2019-09-12 10:07:39,174 [main] INFO  impl.RaftServerProxy (ConfUtils.java:logGet(43)) - raft.rpc.type = GRPC (default)
2019-09-12 10:07:39,175 [main] INFO  grpc.GrpcFactory (GrpcFactory.java:checkPooledByteBufAllocatorUseCacheForAllThreads(45)) - PERFORMANCE WARNING: useCacheForAllThreads is true that may cause Netty to create a lot garbage objects and, as a result, trigger GC.
	It is recommended to disable useCacheForAllThreads by setting -Dorg.apache.ratis.thirdparty.io.netty.allocator.useCacheForAllThreads=false in command line.
2019-09-12 10:07:39,175 [main] INFO  grpc.GrpcConfigKeys$Server (ConfUtils.java:logGet(43)) - raft.grpc.server.port = 0 (default)
2019-09-12 10:07:39,175 [main] INFO  server.GrpcService (ConfUtils.java:logGet(43)) - raft.grpc.message.size.max = 33570816 (custom)
2019-09-12 10:07:39,175 [main] INFO  server.RaftServerConfigKeys (ConfUtils.java:logGet(43)) - raft.server.log.appender.buffer.byte-limit = 33554432 (custom)
2019-09-12 10:07:39,176 [main] INFO  server.GrpcService (ConfUtils.java:logGet(43)) - raft.grpc.flow.control.window = 1MB (=1048576) (default)
2019-09-12 10:07:39,176 [main] INFO  server.RaftServerConfigKeys (ConfUtils.java:logGet(43)) - raft.server.rpc.request.timeout = 3000ms (default)
2019-09-12 10:07:39,177 [main] INFO  server.RaftServerConfigKeys (ConfUtils.java:logGet(43)) - raft.server.storage.dir = [/workdir/hadoop-ozone/integration-test/target/test-dir/MiniOzoneClusterImpl-d63a1c8a-c167-4d1c-9f21-7a8d4f3a0684/datanode-1/data/ratis] (custom)
2019-09-12 10:07:39,177 [main] INFO  replication.SimpleContainerDownloader (SimpleContainerDownloader.java:<init>(72)) - Starting container downloader service to copy containers to replicate.
2019-09-12 10:07:39,178 [main] INFO  hdfs.DFSUtil (DFSUtil.java:httpServerTemplateForNNAndJN(1641)) - Starting Web-server for hddsDatanode at: http://0.0.0.0:0
2019-09-12 10:07:39,180 [main] INFO  server.AuthenticationFilter (AuthenticationFilter.java:constructSecretProvider(240)) - Unable to initialize FileSignerSecretProvider, falling back to use random secrets.
2019-09-12 10:07:39,181 [main] WARN  http.HttpRequestLog (HttpRequestLog.java:getRequestLog(97)) - Jetty request log can only be enabled using Log4j
2019-09-12 10:07:39,183 [main] INFO  http.HttpServer2 (HttpServer2.java:addGlobalFilter(975)) - Added global filter 'safety' (class=org.apache.hadoop.http.HttpServer2$QuotingInputFilter)
2019-09-12 10:07:39,184 [main] INFO  http.HttpServer2 (HttpServer2.java:addFilter(948)) - Added filter static_user_filter (class=org.apache.hadoop.http.lib.StaticUserWebFilter$StaticUserFilter) to context hddsDatanode
2019-09-12 10:07:39,184 [main] INFO  http.HttpServer2 (HttpServer2.java:addFilter(958)) - Added filter static_user_filter (class=org.apache.hadoop.http.lib.StaticUserWebFilter$StaticUserFilter) to context static
2019-09-12 10:07:39,184 [main] INFO  http.HttpServer2 (HttpServer2.java:addFilter(958)) - Added filter static_user_filter (class=org.apache.hadoop.http.lib.StaticUserWebFilter$StaticUserFilter) to context logs
2019-09-12 10:07:39,185 [main] INFO  http.HttpServer2 (HttpServer2.java:bindListener(1191)) - Jetty bound to port 33124
2019-09-12 10:07:39,185 [main] INFO  server.Server (Server.java:doStart(351)) - jetty-9.3.24.v20180605, build timestamp: 2018-06-05T17:11:56Z, git hash: 84205aa28f11a4f31f2a3b86d1bba2cc8ab69827
2019-09-12 10:07:39,187 [main] INFO  handler.ContextHandler (ContextHandler.java:doStart(781)) - Started o.e.j.s.ServletContextHandler@6f731759{/logs,file:///workdir/hadoop-ozone/integration-test/target/log,AVAILABLE}
2019-09-12 10:07:39,188 [main] INFO  handler.ContextHandler (ContextHandler.java:doStart(781)) - Started o.e.j.s.ServletContextHandler@39549f33{/static,jar:file:/home/user/.m2/repository/org/apache/hadoop/hadoop-hdds-container-service/0.5.0-SNAPSHOT/hadoop-hdds-container-service-0.5.0-SNAPSHOT.jar!/webapps/static,AVAILABLE}
2019-09-12 10:07:39,219 [main] INFO  handler.ContextHandler (ContextHandler.java:doStart(781)) - Started o.e.j.w.WebAppContext@6ee88e21{/,file:///tmp/jetty-0.0.0.0-33124-hddsDatanode-_-any-4812509173535790502.dir/webapp/,AVAILABLE}{/hddsDatanode}
2019-09-12 10:07:39,220 [main] INFO  server.AbstractConnector (AbstractConnector.java:doStart(278)) - Started ServerConnector@78d23d6a{HTTP/1.1,[http/1.1]}{0.0.0.0:33124}
2019-09-12 10:07:39,220 [main] INFO  server.Server (Server.java:doStart(419)) - Started @8644ms
2019-09-12 10:07:39,222 [main] INFO  server.BaseHttpServer (BaseHttpServer.java:updateConnectorAddress(213)) - HTTP server of HDDSDATANODE is listening at http://0.0.0.0:33124
2019-09-12 10:07:39,296 [Datanode State Machine Thread - 0] INFO  datanode.InitDatanodeState (InitDatanodeState.java:persistContainerDatanodeDetails(140)) - DatanodeDetails is persisted to /workdir/hadoop-ozone/integration-test/target/test-dir/MiniOzoneClusterImpl-d63a1c8a-c167-4d1c-9f21-7a8d4f3a0684/datanode-0/meta/datanode.id
2019-09-12 10:07:39,387 | INFO  | ObjectStoreRestHttpServer | Listening HDDS REST traffic on /0.0.0.0:41521 |  
2019-09-12 10:07:39,387 [main] INFO  ozone.HddsDatanodeService (HddsDatanodeService.java:startPlugins(395)) - Started plug-in org.apache.hadoop.ozone.web.OzoneHddsDatanodeService@269222ae
2019-09-12 10:07:39,388 [main] INFO  impl.MetricsSystemImpl (MetricsSystemImpl.java:init(158)) - HddsDatanode metrics system started (again)
2019-09-12 10:07:39,391 [org.apache.hadoop.util.JvmPauseMonitor$Monitor@414f0ee2] INFO  util.JvmPauseMonitor (JvmPauseMonitor.java:run(188)) - Starting JVM pause monitor
2019-09-12 10:07:39,391 [main] INFO  ozone.HddsDatanodeService (HddsDatanodeService.java:start(184)) - HddsDatanodeService host:pr-hdds-1569-58hkm-1881083799 ip:192.168.36.114
2019-09-12 10:07:39,397 [Datanode State Machine Thread - 0] INFO  datanode.InitDatanodeState (InitDatanodeState.java:persistContainerDatanodeDetails(140)) - DatanodeDetails is persisted to /workdir/hadoop-ozone/integration-test/target/test-dir/MiniOzoneClusterImpl-d63a1c8a-c167-4d1c-9f21-7a8d4f3a0684/datanode-1/meta/datanode.id
2019-09-12 10:07:39,402 [main] INFO  volume.HddsVolume (HddsVolume.java:<init>(176)) - Creating Volume: /workdir/hadoop-ozone/integration-test/target/test-dir/MiniOzoneClusterImpl-d63a1c8a-c167-4d1c-9f21-7a8d4f3a0684/datanode-2/data/containers/hdds of  storage type : DISK and capacity : 1482555576320
2019-09-12 10:07:39,403 [main] INFO  volume.VolumeSet (VolumeSet.java:initializeVolumeSet(170)) - Added Volume : /workdir/hadoop-ozone/integration-test/target/test-dir/MiniOzoneClusterImpl-d63a1c8a-c167-4d1c-9f21-7a8d4f3a0684/datanode-2/data/containers/hdds to VolumeSet
2019-09-12 10:07:39,403 [main] INFO  volume.ThrottledAsyncChecker (ThrottledAsyncChecker.java:schedule(140)) - Scheduling a check for org.apache.hadoop.ozone.container.common.volume.HddsVolume@b30a50d
2019-09-12 10:07:39,403 [main] INFO  volume.HddsVolumeChecker (HddsVolumeChecker.java:checkAllVolumes(203)) - Scheduled health check for volume org.apache.hadoop.ozone.container.common.volume.HddsVolume@b30a50d
2019-09-12 10:07:39,419 [main] INFO  impl.RaftServerProxy (ConfUtils.java:logGet(43)) - raft.rpc.type = GRPC (default)
2019-09-12 10:07:39,419 [main] INFO  grpc.GrpcFactory (GrpcFactory.java:checkPooledByteBufAllocatorUseCacheForAllThreads(45)) - PERFORMANCE WARNING: useCacheForAllThreads is true that may cause Netty to create a lot garbage objects and, as a result, trigger GC.
	It is recommended to disable useCacheForAllThreads by setting -Dorg.apache.ratis.thirdparty.io.netty.allocator.useCacheForAllThreads=false in command line.
2019-09-12 10:07:39,420 [main] INFO  grpc.GrpcConfigKeys$Server (ConfUtils.java:logGet(43)) - raft.grpc.server.port = 0 (default)
2019-09-12 10:07:39,420 [main] INFO  server.GrpcService (ConfUtils.java:logGet(43)) - raft.grpc.message.size.max = 33570816 (custom)
2019-09-12 10:07:39,420 [main] INFO  server.RaftServerConfigKeys (ConfUtils.java:logGet(43)) - raft.server.log.appender.buffer.byte-limit = 33554432 (custom)
2019-09-12 10:07:39,420 [main] INFO  server.GrpcService (ConfUtils.java:logGet(43)) - raft.grpc.flow.control.window = 1MB (=1048576) (default)
2019-09-12 10:07:39,421 [main] INFO  server.RaftServerConfigKeys (ConfUtils.java:logGet(43)) - raft.server.rpc.request.timeout = 3000ms (default)
2019-09-12 10:07:39,421 [main] INFO  server.RaftServerConfigKeys (ConfUtils.java:logGet(43)) - raft.server.storage.dir = [/workdir/hadoop-ozone/integration-test/target/test-dir/MiniOzoneClusterImpl-d63a1c8a-c167-4d1c-9f21-7a8d4f3a0684/datanode-2/data/ratis] (custom)
2019-09-12 10:07:39,422 [main] INFO  replication.SimpleContainerDownloader (SimpleContainerDownloader.java:<init>(72)) - Starting container downloader service to copy containers to replicate.
2019-09-12 10:07:39,423 [main] INFO  hdfs.DFSUtil (DFSUtil.java:httpServerTemplateForNNAndJN(1641)) - Starting Web-server for hddsDatanode at: http://0.0.0.0:0
2019-09-12 10:07:39,425 [main] INFO  server.AuthenticationFilter (AuthenticationFilter.java:constructSecretProvider(240)) - Unable to initialize FileSignerSecretProvider, falling back to use random secrets.
2019-09-12 10:07:39,426 [main] WARN  http.HttpRequestLog (HttpRequestLog.java:getRequestLog(97)) - Jetty request log can only be enabled using Log4j
2019-09-12 10:07:39,428 [main] INFO  http.HttpServer2 (HttpServer2.java:addGlobalFilter(975)) - Added global filter 'safety' (class=org.apache.hadoop.http.HttpServer2$QuotingInputFilter)
2019-09-12 10:07:39,429 [main] INFO  http.HttpServer2 (HttpServer2.java:addFilter(948)) - Added filter static_user_filter (class=org.apache.hadoop.http.lib.StaticUserWebFilter$StaticUserFilter) to context hddsDatanode
2019-09-12 10:07:39,429 [main] INFO  http.HttpServer2 (HttpServer2.java:addFilter(958)) - Added filter static_user_filter (class=org.apache.hadoop.http.lib.StaticUserWebFilter$StaticUserFilter) to context static
2019-09-12 10:07:39,430 [main] INFO  http.HttpServer2 (HttpServer2.java:addFilter(958)) - Added filter static_user_filter (class=org.apache.hadoop.http.lib.StaticUserWebFilter$StaticUserFilter) to context logs
2019-09-12 10:07:39,431 [main] INFO  http.HttpServer2 (HttpServer2.java:bindListener(1191)) - Jetty bound to port 39859
2019-09-12 10:07:39,431 [main] INFO  server.Server (Server.java:doStart(351)) - jetty-9.3.24.v20180605, build timestamp: 2018-06-05T17:11:56Z, git hash: 84205aa28f11a4f31f2a3b86d1bba2cc8ab69827
2019-09-12 10:07:39,435 [main] INFO  handler.ContextHandler (ContextHandler.java:doStart(781)) - Started o.e.j.s.ServletContextHandler@79ecc507{/logs,file:///workdir/hadoop-ozone/integration-test/target/log,AVAILABLE}
2019-09-12 10:07:39,436 [main] INFO  handler.ContextHandler (ContextHandler.java:doStart(781)) - Started o.e.j.s.ServletContextHandler@22d477c2{/static,jar:file:/home/user/.m2/repository/org/apache/hadoop/hadoop-hdds-container-service/0.5.0-SNAPSHOT/hadoop-hdds-container-service-0.5.0-SNAPSHOT.jar!/webapps/static,AVAILABLE}
2019-09-12 10:07:39,646 [main] INFO  handler.ContextHandler (ContextHandler.java:doStart(781)) - Started o.e.j.w.WebAppContext@1efac5b9{/,file:///tmp/jetty-0.0.0.0-39859-hddsDatanode-_-any-1479527990448551427.dir/webapp/,AVAILABLE}{/hddsDatanode}
2019-09-12 10:07:39,647 [main] INFO  server.AbstractConnector (AbstractConnector.java:doStart(278)) - Started ServerConnector@11a3a45f{HTTP/1.1,[http/1.1]}{0.0.0.0:39859}
2019-09-12 10:07:39,648 [main] INFO  server.Server (Server.java:doStart(419)) - Started @9072ms
2019-09-12 10:07:39,649 [main] INFO  server.BaseHttpServer (BaseHttpServer.java:updateConnectorAddress(213)) - HTTP server of HDDSDATANODE is listening at http://0.0.0.0:39859
2019-09-12 10:07:39,803 | INFO  | ObjectStoreRestHttpServer | Listening HDDS REST traffic on /0.0.0.0:33336 |  
2019-09-12 10:07:39,803 [main] INFO  ozone.HddsDatanodeService (HddsDatanodeService.java:startPlugins(395)) - Started plug-in org.apache.hadoop.ozone.web.OzoneHddsDatanodeService@5785e813
2019-09-12 10:07:39,803 [main] INFO  impl.MetricsSystemImpl (MetricsSystemImpl.java:init(158)) - HddsDatanode metrics system started (again)
2019-09-12 10:07:39,807 [main] INFO  ozone.HddsDatanodeService (HddsDatanodeService.java:start(184)) - HddsDatanodeService host:pr-hdds-1569-58hkm-1881083799 ip:192.168.36.114
2019-09-12 10:07:39,807 [org.apache.hadoop.util.JvmPauseMonitor$Monitor@1a45bbaf] INFO  util.JvmPauseMonitor (JvmPauseMonitor.java:run(188)) - Starting JVM pause monitor
2019-09-12 10:07:39,810 [Datanode State Machine Thread - 0] INFO  datanode.InitDatanodeState (InitDatanodeState.java:persistContainerDatanodeDetails(140)) - DatanodeDetails is persisted to /workdir/hadoop-ozone/integration-test/target/test-dir/MiniOzoneClusterImpl-d63a1c8a-c167-4d1c-9f21-7a8d4f3a0684/datanode-2/meta/datanode.id
2019-09-12 10:07:39,815 [main] INFO  volume.HddsVolume (HddsVolume.java:<init>(176)) - Creating Volume: /workdir/hadoop-ozone/integration-test/target/test-dir/MiniOzoneClusterImpl-d63a1c8a-c167-4d1c-9f21-7a8d4f3a0684/datanode-3/data/containers/hdds of  storage type : DISK and capacity : 1482555576320
2019-09-12 10:07:39,815 [main] INFO  volume.VolumeSet (VolumeSet.java:initializeVolumeSet(170)) - Added Volume : /workdir/hadoop-ozone/integration-test/target/test-dir/MiniOzoneClusterImpl-d63a1c8a-c167-4d1c-9f21-7a8d4f3a0684/datanode-3/data/containers/hdds to VolumeSet
2019-09-12 10:07:39,815 [main] INFO  volume.ThrottledAsyncChecker (ThrottledAsyncChecker.java:schedule(140)) - Scheduling a check for org.apache.hadoop.ozone.container.common.volume.HddsVolume@5e905f2c
2019-09-12 10:07:39,816 [main] INFO  volume.HddsVolumeChecker (HddsVolumeChecker.java:checkAllVolumes(203)) - Scheduled health check for volume org.apache.hadoop.ozone.container.common.volume.HddsVolume@5e905f2c
2019-09-12 10:07:39,830 [main] INFO  impl.RaftServerProxy (ConfUtils.java:logGet(43)) - raft.rpc.type = GRPC (default)
2019-09-12 10:07:39,831 [main] INFO  grpc.GrpcFactory (GrpcFactory.java:checkPooledByteBufAllocatorUseCacheForAllThreads(45)) - PERFORMANCE WARNING: useCacheForAllThreads is true that may cause Netty to create a lot garbage objects and, as a result, trigger GC.
	It is recommended to disable useCacheForAllThreads by setting -Dorg.apache.ratis.thirdparty.io.netty.allocator.useCacheForAllThreads=false in command line.
2019-09-12 10:07:39,831 [main] INFO  grpc.GrpcConfigKeys$Server (ConfUtils.java:logGet(43)) - raft.grpc.server.port = 0 (default)
2019-09-12 10:07:39,831 [main] INFO  server.GrpcService (ConfUtils.java:logGet(43)) - raft.grpc.message.size.max = 33570816 (custom)
2019-09-12 10:07:39,831 [main] INFO  server.RaftServerConfigKeys (ConfUtils.java:logGet(43)) - raft.server.log.appender.buffer.byte-limit = 33554432 (custom)
2019-09-12 10:07:39,831 [main] INFO  server.GrpcService (ConfUtils.java:logGet(43)) - raft.grpc.flow.control.window = 1MB (=1048576) (default)
2019-09-12 10:07:39,832 [main] INFO  server.RaftServerConfigKeys (ConfUtils.java:logGet(43)) - raft.server.rpc.request.timeout = 3000ms (default)
2019-09-12 10:07:39,832 [main] INFO  server.RaftServerConfigKeys (ConfUtils.java:logGet(43)) - raft.server.storage.dir = [/workdir/hadoop-ozone/integration-test/target/test-dir/MiniOzoneClusterImpl-d63a1c8a-c167-4d1c-9f21-7a8d4f3a0684/datanode-3/data/ratis] (custom)
2019-09-12 10:07:39,833 [main] INFO  replication.SimpleContainerDownloader (SimpleContainerDownloader.java:<init>(72)) - Starting container downloader service to copy containers to replicate.
2019-09-12 10:07:39,834 [main] INFO  hdfs.DFSUtil (DFSUtil.java:httpServerTemplateForNNAndJN(1641)) - Starting Web-server for hddsDatanode at: http://0.0.0.0:0
2019-09-12 10:07:39,835 [main] INFO  server.AuthenticationFilter (AuthenticationFilter.java:constructSecretProvider(240)) - Unable to initialize FileSignerSecretProvider, falling back to use random secrets.
2019-09-12 10:07:39,836 [main] WARN  http.HttpRequestLog (HttpRequestLog.java:getRequestLog(97)) - Jetty request log can only be enabled using Log4j
2019-09-12 10:07:39,838 [main] INFO  http.HttpServer2 (HttpServer2.java:addGlobalFilter(975)) - Added global filter 'safety' (class=org.apache.hadoop.http.HttpServer2$QuotingInputFilter)
2019-09-12 10:07:39,838 [main] INFO  http.HttpServer2 (HttpServer2.java:addFilter(948)) - Added filter static_user_filter (class=org.apache.hadoop.http.lib.StaticUserWebFilter$StaticUserFilter) to context hddsDatanode
2019-09-12 10:07:39,839 [main] INFO  http.HttpServer2 (HttpServer2.java:addFilter(958)) - Added filter static_user_filter (class=org.apache.hadoop.http.lib.StaticUserWebFilter$StaticUserFilter) to context static
2019-09-12 10:07:39,839 [main] INFO  http.HttpServer2 (HttpServer2.java:addFilter(958)) - Added filter static_user_filter (class=org.apache.hadoop.http.lib.StaticUserWebFilter$StaticUserFilter) to context logs
2019-09-12 10:07:39,840 [main] INFO  http.HttpServer2 (HttpServer2.java:bindListener(1191)) - Jetty bound to port 40984
2019-09-12 10:07:39,840 [main] INFO  server.Server (Server.java:doStart(351)) - jetty-9.3.24.v20180605, build timestamp: 2018-06-05T17:11:56Z, git hash: 84205aa28f11a4f31f2a3b86d1bba2cc8ab69827
2019-09-12 10:07:39,842 [main] INFO  handler.ContextHandler (ContextHandler.java:doStart(781)) - Started o.e.j.s.ServletContextHandler@12192604{/logs,file:///workdir/hadoop-ozone/integration-test/target/log,AVAILABLE}
2019-09-12 10:07:39,843 [main] INFO  handler.ContextHandler (ContextHandler.java:doStart(781)) - Started o.e.j.s.ServletContextHandler@231cdda8{/static,jar:file:/home/user/.m2/repository/org/apache/hadoop/hadoop-hdds-container-service/0.5.0-SNAPSHOT/hadoop-hdds-container-service-0.5.0-SNAPSHOT.jar!/webapps/static,AVAILABLE}
2019-09-12 10:07:39,873 [main] INFO  handler.ContextHandler (ContextHandler.java:doStart(781)) - Started o.e.j.w.WebAppContext@7e3d2ebd{/,file:///tmp/jetty-0.0.0.0-40984-hddsDatanode-_-any-2366179038330963031.dir/webapp/,AVAILABLE}{/hddsDatanode}
2019-09-12 10:07:39,874 [main] INFO  server.AbstractConnector (AbstractConnector.java:doStart(278)) - Started ServerConnector@2b43f314{HTTP/1.1,[http/1.1]}{0.0.0.0:40984}
2019-09-12 10:07:39,874 [main] INFO  server.Server (Server.java:doStart(419)) - Started @9298ms
2019-09-12 10:07:39,875 [main] INFO  server.BaseHttpServer (BaseHttpServer.java:updateConnectorAddress(213)) - HTTP server of HDDSDATANODE is listening at http://0.0.0.0:40984
2019-09-12 10:07:40,099 | INFO  | ObjectStoreRestHttpServer | Listening HDDS REST traffic on /0.0.0.0:45253 |  
2019-09-12 10:07:40,099 [main] INFO  ozone.HddsDatanodeService (HddsDatanodeService.java:startPlugins(395)) - Started plug-in org.apache.hadoop.ozone.web.OzoneHddsDatanodeService@6f3bd37f
2019-09-12 10:07:40,102 [main] INFO  ozone.MiniOzoneClusterImpl (MiniOzoneClusterImpl.java:lambda$waitForClusterToBeReady$0(142)) - Waiting for cluster to be ready. Got 0 of 4 DN Heartbeats.
2019-09-12 10:07:40,103 [org.apache.hadoop.util.JvmPauseMonitor$Monitor@4983dcaa] INFO  util.JvmPauseMonitor (JvmPauseMonitor.java:run(188)) - Starting JVM pause monitor
2019-09-12 10:07:40,106 [Datanode State Machine Thread - 0] INFO  datanode.InitDatanodeState (InitDatanodeState.java:persistContainerDatanodeDetails(140)) - DatanodeDetails is persisted to /workdir/hadoop-ozone/integration-test/target/test-dir/MiniOzoneClusterImpl-d63a1c8a-c167-4d1c-9f21-7a8d4f3a0684/datanode-3/meta/datanode.id
2019-09-12 10:07:41,102 [main] INFO  ozone.MiniOzoneClusterImpl (MiniOzoneClusterImpl.java:lambda$waitForClusterToBeReady$0(142)) - Waiting for cluster to be ready. Got 0 of 4 DN Heartbeats.
2019-09-12 10:07:41,180 | INFO  | SCMAudit | user=jenkins1000 | ip=192.168.36.114 | op=GET_VERSION null | ret=SUCCESS |  
2019-09-12 10:07:41,231 [Datanode State Machine Thread - 0] INFO  ozoneimpl.OzoneContainer (OzoneContainer.java:start(186)) - Attempting to start container services.
2019-09-12 10:07:41,233 [Datanode State Machine Thread - 0] INFO  ozoneimpl.OzoneContainer (OzoneContainer.java:startContainerScrub(160)) - Background container scrubber has been disabled by hdds.containerscrub.enabled
2019-09-12 10:07:41,234 [Datanode State Machine Thread - 0] INFO  ratis.XceiverServerRatis (XceiverServerRatis.java:start(404)) - Starting XceiverServerRatis edf5af1f-dc18-46e0-8c84-2b6d77687430 at port 0
2019-09-12 10:07:41,253 [Datanode State Machine Thread - 0] INFO  impl.RaftServerProxy (RaftServerProxy.java:lambda$start$3(299)) - edf5af1f-dc18-46e0-8c84-2b6d77687430: start RPC server
2019-09-12 10:07:41,402 | INFO  | SCMAudit | user=jenkins1000 | ip=192.168.36.114 | op=GET_VERSION null | ret=SUCCESS |  
2019-09-12 10:07:41,421 [Datanode State Machine Thread - 0] INFO  ozoneimpl.OzoneContainer (OzoneContainer.java:start(186)) - Attempting to start container services.
2019-09-12 10:07:41,423 [Datanode State Machine Thread - 0] INFO  ozoneimpl.OzoneContainer (OzoneContainer.java:startContainerScrub(160)) - Background container scrubber has been disabled by hdds.containerscrub.enabled
2019-09-12 10:07:41,424 [Datanode State Machine Thread - 0] INFO  ratis.XceiverServerRatis (XceiverServerRatis.java:start(404)) - Starting XceiverServerRatis 447f177c-7f71-4a4d-a27a-3030237688f4 at port 0
2019-09-12 10:07:41,431 [Datanode State Machine Thread - 0] INFO  impl.RaftServerProxy (RaftServerProxy.java:lambda$start$3(299)) - 447f177c-7f71-4a4d-a27a-3030237688f4: start RPC server
2019-09-12 10:07:41,461 [Datanode State Machine Thread - 0] INFO  server.GrpcService (GrpcService.java:startImpl(149)) - edf5af1f-dc18-46e0-8c84-2b6d77687430: GrpcService started, listening on 0.0.0.0/0.0.0.0:41081
2019-09-12 10:07:41,461 [Datanode State Machine Thread - 0] INFO  server.GrpcService (GrpcService.java:startImpl(149)) - 447f177c-7f71-4a4d-a27a-3030237688f4: GrpcService started, listening on 0.0.0.0/0.0.0.0:45663
2019-09-12 10:07:41,462 [Datanode State Machine Thread - 0] INFO  ratis.XceiverServerRatis (XceiverServerRatis.java:start(414)) - XceiverServerRatis edf5af1f-dc18-46e0-8c84-2b6d77687430 is started using port 41081
2019-09-12 10:07:41,462 [Datanode State Machine Thread - 0] INFO  ratis.XceiverServerRatis (XceiverServerRatis.java:start(414)) - XceiverServerRatis 447f177c-7f71-4a4d-a27a-3030237688f4 is started using port 45663
2019-09-12 10:07:41,465 [Datanode State Machine Thread - 0] INFO  server.XceiverServerGrpc (XceiverServerGrpc.java:start(163)) - XceiverServerGrpc edf5af1f-dc18-46e0-8c84-2b6d77687430 is started using port 39790
2019-09-12 10:07:41,466 [Datanode State Machine Thread - 0] INFO  server.XceiverServerGrpc (XceiverServerGrpc.java:start(163)) - XceiverServerGrpc 447f177c-7f71-4a4d-a27a-3030237688f4 is started using port 46033
2019-09-12 10:07:41,809 | INFO  | SCMAudit | user=jenkins1000 | ip=192.168.36.114 | op=GET_VERSION null | ret=SUCCESS |  
2019-09-12 10:07:41,825 [Datanode State Machine Thread - 0] INFO  ozoneimpl.OzoneContainer (OzoneContainer.java:start(186)) - Attempting to start container services.
2019-09-12 10:07:41,828 [Datanode State Machine Thread - 0] INFO  ozoneimpl.OzoneContainer (OzoneContainer.java:startContainerScrub(160)) - Background container scrubber has been disabled by hdds.containerscrub.enabled
2019-09-12 10:07:41,828 [Datanode State Machine Thread - 0] INFO  ratis.XceiverServerRatis (XceiverServerRatis.java:start(404)) - Starting XceiverServerRatis 3e9857ac-fa98-4731-b68d-6854c6ac33e1 at port 0
2019-09-12 10:07:42,067 [Datanode State Machine Thread - 0] INFO  impl.RaftServerProxy (RaftServerProxy.java:lambda$start$3(299)) - 3e9857ac-fa98-4731-b68d-6854c6ac33e1: start RPC server
2019-09-12 10:07:42,070 [Datanode State Machine Thread - 0] INFO  server.GrpcService (GrpcService.java:startImpl(149)) - 3e9857ac-fa98-4731-b68d-6854c6ac33e1: GrpcService started, listening on 0.0.0.0/0.0.0.0:37352
2019-09-12 10:07:42,070 [Datanode State Machine Thread - 0] INFO  ratis.XceiverServerRatis (XceiverServerRatis.java:start(414)) - XceiverServerRatis 3e9857ac-fa98-4731-b68d-6854c6ac33e1 is started using port 37352
2019-09-12 10:07:42,072 [Datanode State Machine Thread - 0] INFO  server.XceiverServerGrpc (XceiverServerGrpc.java:start(163)) - XceiverServerGrpc 3e9857ac-fa98-4731-b68d-6854c6ac33e1 is started using port 35894
2019-09-12 10:07:42,103 [main] INFO  ozone.MiniOzoneClusterImpl (MiniOzoneClusterImpl.java:lambda$waitForClusterToBeReady$0(142)) - Waiting for cluster to be ready. Got 0 of 4 DN Heartbeats.
2019-09-12 10:07:42,106 | INFO  | SCMAudit | user=jenkins1000 | ip=192.168.36.114 | op=GET_VERSION null | ret=SUCCESS |  
2019-09-12 10:07:42,120 [Datanode State Machine Thread - 0] INFO  ozoneimpl.OzoneContainer (OzoneContainer.java:start(186)) - Attempting to start container services.
2019-09-12 10:07:42,122 [Datanode State Machine Thread - 0] INFO  ozoneimpl.OzoneContainer (OzoneContainer.java:startContainerScrub(160)) - Background container scrubber has been disabled by hdds.containerscrub.enabled
2019-09-12 10:07:42,122 [Datanode State Machine Thread - 0] INFO  ratis.XceiverServerRatis (XceiverServerRatis.java:start(404)) - Starting XceiverServerRatis 44359963-929d-49aa-9c1d-830dd9984733 at port 0
2019-09-12 10:07:42,129 [Datanode State Machine Thread - 0] INFO  impl.RaftServerProxy (RaftServerProxy.java:lambda$start$3(299)) - 44359963-929d-49aa-9c1d-830dd9984733: start RPC server
2019-09-12 10:07:42,132 [Datanode State Machine Thread - 0] INFO  server.GrpcService (GrpcService.java:startImpl(149)) - 44359963-929d-49aa-9c1d-830dd9984733: GrpcService started, listening on 0.0.0.0/0.0.0.0:43739
2019-09-12 10:07:42,132 [Datanode State Machine Thread - 0] INFO  ratis.XceiverServerRatis (XceiverServerRatis.java:start(414)) - XceiverServerRatis 44359963-929d-49aa-9c1d-830dd9984733 is started using port 43739
2019-09-12 10:07:42,134 [Datanode State Machine Thread - 0] INFO  server.XceiverServerGrpc (XceiverServerGrpc.java:start(163)) - XceiverServerGrpc 44359963-929d-49aa-9c1d-830dd9984733 is started using port 34024
2019-09-12 10:07:43,104 [main] INFO  ozone.MiniOzoneClusterImpl (MiniOzoneClusterImpl.java:lambda$waitForClusterToBeReady$0(142)) - Waiting for cluster to be ready. Got 0 of 4 DN Heartbeats.
2019-09-12 10:07:43,220 [IPC Server handler 19 on 32983] INFO  net.NetworkTopology (NetworkTopologyImpl.java:add(110)) - Added a new node: /default-rack/edf5af1f-dc18-46e0-8c84-2b6d77687430
2019-09-12 10:07:43,221 [IPC Server handler 19 on 32983] INFO  node.SCMNodeManager (SCMNodeManager.java:register(273)) - Registered Data node : edf5af1f-dc18-46e0-8c84-2b6d77687430{ip: 192.168.36.114, host: pr-hdds-1569-58hkm-1881083799, networkLocation: /default-rack, certSerialId: null}
2019-09-12 10:07:43,290 [EventQueue-NodeRegistrationContainerReportForDataNodeSafeModeRule] INFO  safemode.SCMSafeModeManager (DataNodeSafeModeRule.java:process(71)) - SCM in safe mode. 1 DataNodes registered, 1 required.
2019-09-12 10:07:43,291 [EventQueue-NodeRegistrationContainerReportForDataNodeSafeModeRule] INFO  safemode.SCMSafeModeManager (SCMSafeModeManager.java:validateSafeModeExitRules(177)) - ScmSafeModeManager, all rules are successfully validated
2019-09-12 10:07:43,291 [EventQueue-NodeRegistrationContainerReportForDataNodeSafeModeRule] INFO  safemode.SCMSafeModeManager (SCMSafeModeManager.java:exitSafeMode(193)) - SCM exiting safe mode.
2019-09-12 10:07:43,300 | INFO  | SCMAudit | user=jenkins1000 | ip=192.168.36.114 | op=REGISTER {datanodeDetails=edf5af1f-dc18-46e0-8c84-2b6d77687430{ip: 192.168.36.114, host: pr-hdds-1569-58hkm-1881083799, networkLocation: /default-rack, certSerialId: null}} | ret=SUCCESS |  
2019-09-12 10:07:43,400 [IPC Server handler 9 on 32983] INFO  net.NetworkTopology (NetworkTopologyImpl.java:add(110)) - Added a new node: /default-rack/447f177c-7f71-4a4d-a27a-3030237688f4
2019-09-12 10:07:43,401 [IPC Server handler 9 on 32983] INFO  node.SCMNodeManager (SCMNodeManager.java:register(273)) - Registered Data node : 447f177c-7f71-4a4d-a27a-3030237688f4{ip: 192.168.36.114, host: pr-hdds-1569-58hkm-1881083799, networkLocation: /default-rack, certSerialId: null}
2019-09-12 10:07:43,401 | INFO  | SCMAudit | user=jenkins1000 | ip=192.168.36.114 | op=REGISTER {datanodeDetails=447f177c-7f71-4a4d-a27a-3030237688f4{ip: 192.168.36.114, host: pr-hdds-1569-58hkm-1881083799, networkLocation: /default-rack, certSerialId: null}} | ret=SUCCESS |  
2019-09-12 10:07:43,999 [IPC Server handler 18 on 32983] INFO  net.NetworkTopology (NetworkTopologyImpl.java:add(110)) - Added a new node: /default-rack/3e9857ac-fa98-4731-b68d-6854c6ac33e1
2019-09-12 10:07:43,999 [IPC Server handler 18 on 32983] INFO  node.SCMNodeManager (SCMNodeManager.java:register(273)) - Registered Data node : 3e9857ac-fa98-4731-b68d-6854c6ac33e1{ip: 192.168.36.114, host: pr-hdds-1569-58hkm-1881083799, networkLocation: /default-rack, certSerialId: null}
2019-09-12 10:07:44,000 | INFO  | SCMAudit | user=jenkins1000 | ip=192.168.36.114 | op=REGISTER {datanodeDetails=3e9857ac-fa98-4731-b68d-6854c6ac33e1{ip: 192.168.36.114, host: pr-hdds-1569-58hkm-1881083799, networkLocation: /default-rack, certSerialId: null}} | ret=SUCCESS |  
2019-09-12 10:07:44,105 [main] INFO  ozone.MiniOzoneClusterImpl (MiniOzoneClusterImpl.java:lambda$waitForClusterToBeReady$0(142)) - Waiting for cluster to be ready. Got 3 of 4 DN Heartbeats.
2019-09-12 10:07:44,112 [IPC Server handler 19 on 32983] INFO  net.NetworkTopology (NetworkTopologyImpl.java:add(110)) - Added a new node: /default-rack/44359963-929d-49aa-9c1d-830dd9984733
2019-09-12 10:07:44,113 [IPC Server handler 19 on 32983] INFO  node.SCMNodeManager (SCMNodeManager.java:register(273)) - Registered Data node : 44359963-929d-49aa-9c1d-830dd9984733{ip: 192.168.36.114, host: pr-hdds-1569-58hkm-1881083799, networkLocation: /default-rack, certSerialId: null}
2019-09-12 10:07:44,113 | INFO  | SCMAudit | user=jenkins1000 | ip=192.168.36.114 | op=REGISTER {datanodeDetails=44359963-929d-49aa-9c1d-830dd9984733{ip: 192.168.36.114, host: pr-hdds-1569-58hkm-1881083799, networkLocation: /default-rack, certSerialId: null}} | ret=SUCCESS |  
2019-09-12 10:07:44,166 [grpc-default-executor-0] INFO  impl.RaftServerProxy (RaftServerProxy.java:addNew(89)) - edf5af1f-dc18-46e0-8c84-2b6d77687430: addNew group-52AB69389593:[edf5af1f-dc18-46e0-8c84-2b6d77687430:192.168.36.114:41081] returns group-52AB69389593:java.util.concurrent.CompletableFuture@3147f73f[Not completed]
2019-09-12 10:07:44,190 [pool-27-thread-1] INFO  impl.RaftServerImpl (RaftServerImpl.java:<init>(93)) - edf5af1f-dc18-46e0-8c84-2b6d77687430: new RaftServerImpl for group-52AB69389593:[edf5af1f-dc18-46e0-8c84-2b6d77687430:192.168.36.114:41081] with ContainerStateMachine:uninitialized
2019-09-12 10:07:44,193 [pool-27-thread-1] INFO  server.RaftServerConfigKeys (ConfUtils.java:logGet(43)) - raft.server.rpc.timeout.min = 5s (custom)
2019-09-12 10:07:44,195 [pool-27-thread-1] INFO  server.RaftServerConfigKeys (ConfUtils.java:logGet(43)) - raft.server.rpc.timeout.max = 5200ms (custom)
2019-09-12 10:07:44,195 [pool-27-thread-1] INFO  server.RaftServerConfigKeys (ConfUtils.java:logGet(43)) - raft.server.rpcslowness.timeout = 120s (custom)
2019-09-12 10:07:44,196 [pool-27-thread-1] INFO  server.RaftServerConfigKeys (ConfUtils.java:logGet(43)) - raft.server.sleep.deviation.threshold = 300 (default)
2019-09-12 10:07:44,197 [pool-27-thread-1] INFO  server.RaftServerConfigKeys (ConfUtils.java:logGet(43)) - raft.server.log.appender.install.snapshot.enabled = false (custom)
2019-09-12 10:07:44,207 [pool-27-thread-1] INFO  impl.RaftServerImpl (ServerState.java:<init>(105)) - edf5af1f-dc18-46e0-8c84-2b6d77687430:group-52AB69389593 ConfigurationManager, init=-1: [edf5af1f-dc18-46e0-8c84-2b6d77687430:192.168.36.114:41081], old=null, confs=<EMPTY_MAP>
2019-09-12 10:07:44,207 [pool-27-thread-1] INFO  server.RaftServerConfigKeys (ConfUtils.java:logGet(43)) - raft.server.storage.dir = [/workdir/hadoop-ozone/integration-test/target/test-dir/MiniOzoneClusterImpl-d63a1c8a-c167-4d1c-9f21-7a8d4f3a0684/datanode-0/data/ratis] (custom)
2019-09-12 10:07:44,217 [pool-27-thread-1] INFO  storage.RaftStorageDirectory (RaftStorageDirectory.java:analyzeStorage(246)) - The storage directory /workdir/hadoop-ozone/integration-test/target/test-dir/MiniOzoneClusterImpl-d63a1c8a-c167-4d1c-9f21-7a8d4f3a0684/datanode-0/data/ratis/50cc2ecf-1a7e-4ef9-876e-52ab69389593 does not exist. Creating ...
2019-09-12 10:07:44,776 [pool-27-thread-1] INFO  storage.RaftStorageDirectory (RaftStorageDirectory.java:tryLock(328)) - Lock on /workdir/hadoop-ozone/integration-test/target/test-dir/MiniOzoneClusterImpl-d63a1c8a-c167-4d1c-9f21-7a8d4f3a0684/datanode-0/data/ratis/50cc2ecf-1a7e-4ef9-876e-52ab69389593/in_use.lock acquired by nodename 384@pr-hdds-1569-58hkm-1881083799
2019-09-12 10:07:44,839 [pool-27-thread-1] INFO  storage.RaftStorage (RaftStorage.java:format(72)) - Storage directory /workdir/hadoop-ozone/integration-test/target/test-dir/MiniOzoneClusterImpl-d63a1c8a-c167-4d1c-9f21-7a8d4f3a0684/datanode-0/data/ratis/50cc2ecf-1a7e-4ef9-876e-52ab69389593 has been successfully formatted.
2019-09-12 10:07:44,843 [pool-27-thread-1] INFO  ratis.ContainerStateMachine (ContainerStateMachine.java:loadSnapshot(226)) - group-52AB69389593: The snapshot info is null. Setting the last applied indexto:(t:0, i:~)
2019-09-12 10:07:44,844 [pool-27-thread-1] INFO  server.RaftServerConfigKeys (ConfUtils.java:logGet(43)) - raft.server.leader.election.timeout = 120s (custom)
2019-09-12 10:07:44,847 [pool-27-thread-1] INFO  server.RaftServerConfigKeys (ConfUtils.java:logGet(43)) - raft.server.log.use.memory = false (default)
2019-09-12 10:07:44,855 [pool-27-thread-1] INFO  server.RaftServerConfigKeys (ConfUtils.java:logGet(43)) - raft.server.log.purge.gap = 1000000 (custom)
2019-09-12 10:07:44,855 [pool-27-thread-1] INFO  server.RaftServerConfigKeys (ConfUtils.java:logGet(43)) - raft.server.log.appender.buffer.byte-limit = 33554432 (custom)
2019-09-12 10:07:44,858 [pool-27-thread-1] INFO  server.RaftServerConfigKeys (ConfUtils.java:logGet(43)) - raft.server.log.segment.size.max = 1048576 (custom)
2019-09-12 10:07:44,865 [pool-27-thread-1] INFO  server.RaftServerConfigKeys (ConfUtils.java:logGet(43)) - raft.server.log.segment.cache.num.max = 2 (custom)
2019-09-12 10:07:44,872 [pool-27-thread-1] INFO  segmented.SegmentedRaftLogWorker (SegmentedRaftLogWorker.java:<init>(172)) - new edf5af1f-dc18-46e0-8c84-2b6d77687430-SegmentedRaftLogWorker:Storage Directory /workdir/hadoop-ozone/integration-test/target/test-dir/MiniOzoneClusterImpl-d63a1c8a-c167-4d1c-9f21-7a8d4f3a0684/datanode-0/data/ratis/50cc2ecf-1a7e-4ef9-876e-52ab69389593 for RaftStorage:Storage Directory /workdir/hadoop-ozone/integration-test/target/test-dir/MiniOzoneClusterImpl-d63a1c8a-c167-4d1c-9f21-7a8d4f3a0684/datanode-0/data/ratis/50cc2ecf-1a7e-4ef9-876e-52ab69389593
2019-09-12 10:07:44,889 [pool-27-thread-1] INFO  server.RaftServerConfigKeys (ConfUtils.java:logGet(43)) - raft.server.log.queue.byte-limit = 2147483647 (custom)
2019-09-12 10:07:44,890 [pool-27-thread-1] INFO  server.RaftServerConfigKeys (ConfUtils.java:logGet(43)) - raft.server.log.queue.element-limit = 1024 (custom)
2019-09-12 10:07:44,896 [pool-27-thread-1] INFO  server.RaftServerConfigKeys (ConfUtils.java:logGet(43)) - raft.server.log.segment.size.max = 1048576 (custom)
2019-09-12 10:07:44,897 [pool-27-thread-1] INFO  server.RaftServerConfigKeys (ConfUtils.java:logGet(43)) - raft.server.log.preallocated.size = 16384 (custom)
2019-09-12 10:07:44,897 [pool-27-thread-1] INFO  server.RaftServerConfigKeys (ConfUtils.java:logGet(43)) - raft.server.log.write.buffer.size = 33554432 (custom)
2019-09-12 10:07:44,898 [pool-27-thread-1] INFO  server.RaftServerConfigKeys (ConfUtils.java:logGet(43)) - raft.server.log.force.sync.num = 128 (default)
2019-09-12 10:07:44,899 [pool-27-thread-1] INFO  server.RaftServerConfigKeys (ConfUtils.java:logGet(43)) - raft.server.log.statemachine.data.sync = true (default)
2019-09-12 10:07:44,899 [pool-27-thread-1] INFO  server.RaftServerConfigKeys (ConfUtils.java:logGet(43)) - raft.server.log.statemachine.data.sync.timeout = 10s (default)
2019-09-12 10:07:44,900 [pool-27-thread-1] INFO  server.RaftServerConfigKeys (ConfUtils.java:logGet(43)) - raft.server.log.statemachine.data.sync.timeout.retry = -1 (default)
2019-09-12 10:07:44,910 [pool-27-thread-1] INFO  server.RaftServerConfigKeys (ConfUtils.java:logGet(43)) - raft.server.log.statemachine.data.caching.enabled = true (custom)
2019-09-12 10:07:44,916 [pool-27-thread-1] INFO  segmented.SegmentedRaftLogWorker (SegmentedRaftLogWorker.java:lambda$new$0(132)) - edf5af1f-dc18-46e0-8c84-2b6d77687430-SegmentedRaftLogWorker:Storage Directory /workdir/hadoop-ozone/integration-test/target/test-dir/MiniOzoneClusterImpl-d63a1c8a-c167-4d1c-9f21-7a8d4f3a0684/datanode-0/data/ratis/50cc2ecf-1a7e-4ef9-876e-52ab69389593: flushIndex: setUnconditionally 0 -> -1
2019-09-12 10:07:44,921 [pool-27-thread-1] INFO  server.RaftServerConfigKeys (ConfUtils.java:logGet(43)) - raft.server.snapshot.auto.trigger.enabled = true (custom)
2019-09-12 10:07:44,922 [pool-27-thread-1] INFO  server.RaftServerConfigKeys (ConfUtils.java:logGet(43)) - raft.server.snapshot.auto.trigger.threshold = 10000 (custom)
2019-09-12 10:07:44,923 [pool-27-thread-1] INFO  server.RaftServerConfigKeys (ConfUtils.java:logGet(43)) - raft.server.retrycache.expirytime = 600000ms (custom)
2019-09-12 10:07:44,946 [pool-27-thread-1] INFO  impl.RaftServerImpl (RaftServerImpl.java:start(180)) - edf5af1f-dc18-46e0-8c84-2b6d77687430: start group-52AB69389593
2019-09-12 10:07:44,947 [pool-27-thread-1] INFO  impl.RaftServerImpl (RaftServerImpl.java:setRole(171)) - edf5af1f-dc18-46e0-8c84-2b6d77687430:group-52AB69389593 changes role from null to FOLLOWER at term 0 for startAsFollower
2019-09-12 10:07:44,948 [pool-27-thread-1] INFO  impl.RoleInfo (RoleInfo.java:updateAndGet(143)) - edf5af1f-dc18-46e0-8c84-2b6d77687430: start FollowerState
2019-09-12 10:07:44,950 [pool-27-thread-1] INFO  util.JmxRegister (JmxRegister.java:tryRegister(44)) - Successfully registered JMX Bean with object name Ratis:service=RaftServer,group=group-52AB69389593,id=edf5af1f-dc18-46e0-8c84-2b6d77687430
2019-09-12 10:07:45,030 [RatisPipelineUtilsThread] INFO  pipeline.PipelineStateManager (PipelineStateManager.java:addPipeline(56)) - Created pipeline Pipeline[ Id: 50cc2ecf-1a7e-4ef9-876e-52ab69389593, Nodes: edf5af1f-dc18-46e0-8c84-2b6d77687430{ip: 192.168.36.114, host: pr-hdds-1569-58hkm-1881083799, networkLocation: /default-rack, certSerialId: null}, Type:RATIS, Factor:ONE, State:OPEN]
2019-09-12 10:07:45,055 [grpc-default-executor-0] INFO  impl.RaftServerProxy (RaftServerProxy.java:addNew(89)) - 447f177c-7f71-4a4d-a27a-3030237688f4: addNew group-7516187DDC57:[447f177c-7f71-4a4d-a27a-3030237688f4:192.168.36.114:45663] returns group-7516187DDC57:java.util.concurrent.CompletableFuture@387f9967[Not completed]
2019-09-12 10:07:45,098 [pool-38-thread-1] INFO  impl.RaftServerImpl (RaftServerImpl.java:<init>(93)) - 447f177c-7f71-4a4d-a27a-3030237688f4: new RaftServerImpl for group-7516187DDC57:[447f177c-7f71-4a4d-a27a-3030237688f4:192.168.36.114:45663] with ContainerStateMachine:uninitialized
2019-09-12 10:07:45,101 [pool-38-thread-1] INFO  server.RaftServerConfigKeys (ConfUtils.java:logGet(43)) - raft.server.rpc.timeout.min = 5s (custom)
2019-09-12 10:07:45,101 [pool-38-thread-1] INFO  server.RaftServerConfigKeys (ConfUtils.java:logGet(43)) - raft.server.rpc.timeout.max = 5200ms (custom)
2019-09-12 10:07:45,101 [pool-38-thread-1] INFO  server.RaftServerConfigKeys (ConfUtils.java:logGet(43)) - raft.server.rpcslowness.timeout = 120s (custom)
2019-09-12 10:07:45,101 [pool-38-thread-1] INFO  server.RaftServerConfigKeys (ConfUtils.java:logGet(43)) - raft.server.sleep.deviation.threshold = 300 (default)
2019-09-12 10:07:45,101 [pool-38-thread-1] INFO  server.RaftServerConfigKeys (ConfUtils.java:logGet(43)) - raft.server.log.appender.install.snapshot.enabled = false (custom)
2019-09-12 10:07:45,101 [pool-38-thread-1] INFO  impl.RaftServerImpl (ServerState.java:<init>(105)) - 447f177c-7f71-4a4d-a27a-3030237688f4:group-7516187DDC57 ConfigurationManager, init=-1: [447f177c-7f71-4a4d-a27a-3030237688f4:192.168.36.114:45663], old=null, confs=<EMPTY_MAP>
2019-09-12 10:07:45,102 [pool-38-thread-1] INFO  server.RaftServerConfigKeys (ConfUtils.java:logGet(43)) - raft.server.storage.dir = [/workdir/hadoop-ozone/integration-test/target/test-dir/MiniOzoneClusterImpl-d63a1c8a-c167-4d1c-9f21-7a8d4f3a0684/datanode-1/data/ratis] (custom)
2019-09-12 10:07:45,102 [pool-38-thread-1] INFO  storage.RaftStorageDirectory (RaftStorageDirectory.java:analyzeStorage(246)) - The storage directory /workdir/hadoop-ozone/integration-test/target/test-dir/MiniOzoneClusterImpl-d63a1c8a-c167-4d1c-9f21-7a8d4f3a0684/datanode-1/data/ratis/e58316d2-ccdf-4cce-8dee-7516187ddc57 does not exist. Creating ...
2019-09-12 10:07:45,109 [pool-38-thread-1] INFO  storage.RaftStorageDirectory (RaftStorageDirectory.java:tryLock(328)) - Lock on /workdir/hadoop-ozone/integration-test/target/test-dir/MiniOzoneClusterImpl-d63a1c8a-c167-4d1c-9f21-7a8d4f3a0684/datanode-1/data/ratis/e58316d2-ccdf-4cce-8dee-7516187ddc57/in_use.lock acquired by nodename 384@pr-hdds-1569-58hkm-1881083799
2019-09-12 10:07:45,111 [main] INFO  ozone.MiniOzoneClusterImpl (MiniOzoneClusterImpl.java:lambda$waitForClusterToBeReady$0(142)) - Cluster is ready. Got 4 of 4 DN Heartbeats.
2019-09-12 10:07:45,116 [pool-38-thread-1] INFO  storage.RaftStorage (RaftStorage.java:format(72)) - Storage directory /workdir/hadoop-ozone/integration-test/target/test-dir/MiniOzoneClusterImpl-d63a1c8a-c167-4d1c-9f21-7a8d4f3a0684/datanode-1/data/ratis/e58316d2-ccdf-4cce-8dee-7516187ddc57 has been successfully formatted.
2019-09-12 10:07:45,118 [pool-38-thread-1] INFO  ratis.ContainerStateMachine (ContainerStateMachine.java:loadSnapshot(226)) - group-7516187DDC57: The snapshot info is null. Setting the last applied indexto:(t:0, i:~)
2019-09-12 10:07:45,119 [pool-38-thread-1] INFO  server.RaftServerConfigKeys (ConfUtils.java:logGet(43)) - raft.server.leader.election.timeout = 120s (custom)
2019-09-12 10:07:45,119 [pool-38-thread-1] INFO  server.RaftServerConfigKeys (ConfUtils.java:logGet(43)) - raft.server.log.use.memory = false (default)
2019-09-12 10:07:45,119 [pool-38-thread-1] INFO  server.RaftServerConfigKeys (ConfUtils.java:logGet(43)) - raft.server.log.purge.gap = 1000000 (custom)
2019-09-12 10:07:45,119 [pool-38-thread-1] INFO  server.RaftServerConfigKeys (ConfUtils.java:logGet(43)) - raft.server.log.appender.buffer.byte-limit = 33554432 (custom)
2019-09-12 10:07:45,120 [pool-38-thread-1] INFO  server.RaftServerConfigKeys (ConfUtils.java:logGet(43)) - raft.server.log.segment.size.max = 1048576 (custom)
2019-09-12 10:07:45,120 [pool-38-thread-1] INFO  server.RaftServerConfigKeys (ConfUtils.java:logGet(43)) - raft.server.log.segment.cache.num.max = 2 (custom)
2019-09-12 10:07:45,120 [pool-38-thread-1] INFO  segmented.SegmentedRaftLogWorker (SegmentedRaftLogWorker.java:<init>(172)) - new 447f177c-7f71-4a4d-a27a-3030237688f4-SegmentedRaftLogWorker:Storage Directory /workdir/hadoop-ozone/integration-test/target/test-dir/MiniOzoneClusterImpl-d63a1c8a-c167-4d1c-9f21-7a8d4f3a0684/datanode-1/data/ratis/e58316d2-ccdf-4cce-8dee-7516187ddc57 for RaftStorage:Storage Directory /workdir/hadoop-ozone/integration-test/target/test-dir/MiniOzoneClusterImpl-d63a1c8a-c167-4d1c-9f21-7a8d4f3a0684/datanode-1/data/ratis/e58316d2-ccdf-4cce-8dee-7516187ddc57
2019-09-12 10:07:45,121 [pool-38-thread-1] INFO  server.RaftServerConfigKeys (ConfUtils.java:logGet(43)) - raft.server.log.queue.byte-limit = 2147483647 (custom)
2019-09-12 10:07:45,122 [pool-38-thread-1] INFO  server.RaftServerConfigKeys (ConfUtils.java:logGet(43)) - raft.server.log.queue.element-limit = 1024 (custom)
2019-09-12 10:07:45,122 [pool-38-thread-1] INFO  server.RaftServerConfigKeys (ConfUtils.java:logGet(43)) - raft.server.log.segment.size.max = 1048576 (custom)
2019-09-12 10:07:45,122 [pool-38-thread-1] INFO  server.RaftServerConfigKeys (ConfUtils.java:logGet(43)) - raft.server.log.preallocated.size = 16384 (custom)
2019-09-12 10:07:45,122 [pool-38-thread-1] INFO  server.RaftServerConfigKeys (ConfUtils.java:logGet(43)) - raft.server.log.write.buffer.size = 33554432 (custom)
2019-09-12 10:07:45,123 [pool-38-thread-1] INFO  server.RaftServerConfigKeys (ConfUtils.java:logGet(43)) - raft.server.log.force.sync.num = 128 (default)
2019-09-12 10:07:45,123 [pool-38-thread-1] INFO  server.RaftServerConfigKeys (ConfUtils.java:logGet(43)) - raft.server.log.statemachine.data.sync = true (default)
2019-09-12 10:07:45,123 [pool-38-thread-1] INFO  server.RaftServerConfigKeys (ConfUtils.java:logGet(43)) - raft.server.log.statemachine.data.sync.timeout = 10s (default)
2019-09-12 10:07:45,123 [pool-38-thread-1] INFO  server.RaftServerConfigKeys (ConfUtils.java:logGet(43)) - raft.server.log.statemachine.data.sync.timeout.retry = -1 (default)
2019-09-12 10:07:45,124 [pool-38-thread-1] INFO  server.RaftServerConfigKeys (ConfUtils.java:logGet(43)) - raft.server.log.statemachine.data.caching.enabled = true (custom)
2019-09-12 10:07:45,124 [pool-38-thread-1] INFO  segmented.SegmentedRaftLogWorker (SegmentedRaftLogWorker.java:lambda$new$0(132)) - 447f177c-7f71-4a4d-a27a-3030237688f4-SegmentedRaftLogWorker:Storage Directory /workdir/hadoop-ozone/integration-test/target/test-dir/MiniOzoneClusterImpl-d63a1c8a-c167-4d1c-9f21-7a8d4f3a0684/datanode-1/data/ratis/e58316d2-ccdf-4cce-8dee-7516187ddc57: flushIndex: setUnconditionally 0 -> -1
2019-09-12 10:07:45,125 [pool-38-thread-1] INFO  server.RaftServerConfigKeys (ConfUtils.java:logGet(43)) - raft.server.snapshot.auto.trigger.enabled = true (custom)
2019-09-12 10:07:45,125 [pool-38-thread-1] INFO  server.RaftServerConfigKeys (ConfUtils.java:logGet(43)) - raft.server.snapshot.auto.trigger.threshold = 10000 (custom)
2019-09-12 10:07:45,126 [pool-38-thread-1] INFO  server.RaftServerConfigKeys (ConfUtils.java:logGet(43)) - raft.server.retrycache.expirytime = 600000ms (custom)
2019-09-12 10:07:45,126 [pool-38-thread-1] INFO  impl.RaftServerImpl (RaftServerImpl.java:start(180)) - 447f177c-7f71-4a4d-a27a-3030237688f4: start group-7516187DDC57
2019-09-12 10:07:45,127 [pool-38-thread-1] INFO  impl.RaftServerImpl (RaftServerImpl.java:setRole(171)) - 447f177c-7f71-4a4d-a27a-3030237688f4:group-7516187DDC57 changes role from null to FOLLOWER at term 0 for startAsFollower
2019-09-12 10:07:45,127 [pool-38-thread-1] INFO  impl.RoleInfo (RoleInfo.java:updateAndGet(143)) - 447f177c-7f71-4a4d-a27a-3030237688f4: start FollowerState
2019-09-12 10:07:45,132 [pool-38-thread-1] INFO  util.JmxRegister (JmxRegister.java:tryRegister(44)) - Successfully registered JMX Bean with object name Ratis:service=RaftServer,group=group-7516187DDC57,id=447f177c-7f71-4a4d-a27a-3030237688f4
2019-09-12 10:07:45,149 [RatisPipelineUtilsThread] INFO  pipeline.PipelineStateManager (PipelineStateManager.java:addPipeline(56)) - Created pipeline Pipeline[ Id: e58316d2-ccdf-4cce-8dee-7516187ddc57, Nodes: 447f177c-7f71-4a4d-a27a-3030237688f4{ip: 192.168.36.114, host: pr-hdds-1569-58hkm-1881083799, networkLocation: /default-rack, certSerialId: null}, Type:RATIS, Factor:ONE, State:OPEN]
2019-09-12 10:07:45,172 [grpc-default-executor-0] INFO  impl.RaftServerProxy (RaftServerProxy.java:addNew(89)) - 447f177c-7f71-4a4d-a27a-3030237688f4: addNew group-8D436FF404A4:[447f177c-7f71-4a4d-a27a-3030237688f4:192.168.36.114:45663] returns group-8D436FF404A4:java.util.concurrent.CompletableFuture@7dc7b254[Not completed]
2019-09-12 10:07:45,173 | INFO  | SCMAudit | user=jenkins1000 | ip=192.168.36.114 | op=SEND_HEARTBEAT {datanodeUUID=edf5af1f-dc18-46e0-8c84-2b6d77687430, command=[]} | ret=SUCCESS |  
2019-09-12 10:07:45,174 [pool-38-thread-1] INFO  impl.RaftServerImpl (RaftServerImpl.java:<init>(93)) - 447f177c-7f71-4a4d-a27a-3030237688f4: new RaftServerImpl for group-8D436FF404A4:[447f177c-7f71-4a4d-a27a-3030237688f4:192.168.36.114:45663] with ContainerStateMachine:uninitialized
2019-09-12 10:07:45,174 [pool-38-thread-1] INFO  server.RaftServerConfigKeys (ConfUtils.java:logGet(43)) - raft.server.rpc.timeout.min = 5s (custom)
2019-09-12 10:07:45,174 [pool-38-thread-1] INFO  server.RaftServerConfigKeys (ConfUtils.java:logGet(43)) - raft.server.rpc.timeout.max = 5200ms (custom)
2019-09-12 10:07:45,175 [pool-38-thread-1] INFO  server.RaftServerConfigKeys (ConfUtils.java:logGet(43)) - raft.server.rpcslowness.timeout = 120s (custom)
2019-09-12 10:07:45,175 [pool-38-thread-1] INFO  server.RaftServerConfigKeys (ConfUtils.java:logGet(43)) - raft.server.sleep.deviation.threshold = 300 (default)
2019-09-12 10:07:45,175 [pool-38-thread-1] INFO  server.RaftServerConfigKeys (ConfUtils.java:logGet(43)) - raft.server.log.appender.install.snapshot.enabled = false (custom)
2019-09-12 10:07:45,175 [pool-38-thread-1] INFO  impl.RaftServerImpl (ServerState.java:<init>(105)) - 447f177c-7f71-4a4d-a27a-3030237688f4:group-8D436FF404A4 ConfigurationManager, init=-1: [447f177c-7f71-4a4d-a27a-3030237688f4:192.168.36.114:45663], old=null, confs=<EMPTY_MAP>
2019-09-12 10:07:45,175 [pool-38-thread-1] INFO  server.RaftServerConfigKeys (ConfUtils.java:logGet(43)) - raft.server.storage.dir = [/workdir/hadoop-ozone/integration-test/target/test-dir/MiniOzoneClusterImpl-d63a1c8a-c167-4d1c-9f21-7a8d4f3a0684/datanode-1/data/ratis] (custom)
2019-09-12 10:07:45,176 [pool-38-thread-1] INFO  storage.RaftStorageDirectory (RaftStorageDirectory.java:analyzeStorage(246)) - The storage directory /workdir/hadoop-ozone/integration-test/target/test-dir/MiniOzoneClusterImpl-d63a1c8a-c167-4d1c-9f21-7a8d4f3a0684/datanode-1/data/ratis/533c104f-4de3-4cbd-9be5-8d436ff404a4 does not exist. Creating ...
2019-09-12 10:07:45,189 [pool-38-thread-1] INFO  storage.RaftStorageDirectory (RaftStorageDirectory.java:tryLock(328)) - Lock on /workdir/hadoop-ozone/integration-test/target/test-dir/MiniOzoneClusterImpl-d63a1c8a-c167-4d1c-9f21-7a8d4f3a0684/datanode-1/data/ratis/533c104f-4de3-4cbd-9be5-8d436ff404a4/in_use.lock acquired by nodename 384@pr-hdds-1569-58hkm-1881083799
2019-09-12 10:07:45,199 [pool-38-thread-1] INFO  storage.RaftStorage (RaftStorage.java:format(72)) - Storage directory /workdir/hadoop-ozone/integration-test/target/test-dir/MiniOzoneClusterImpl-d63a1c8a-c167-4d1c-9f21-7a8d4f3a0684/datanode-1/data/ratis/533c104f-4de3-4cbd-9be5-8d436ff404a4 has been successfully formatted.
2019-09-12 10:07:45,200 [pool-38-thread-1] INFO  ratis.ContainerStateMachine (ContainerStateMachine.java:loadSnapshot(226)) - group-8D436FF404A4: The snapshot info is null. Setting the last applied indexto:(t:0, i:~)
2019-09-12 10:07:45,200 [pool-38-thread-1] INFO  server.RaftServerConfigKeys (ConfUtils.java:logGet(43)) - raft.server.leader.election.timeout = 120s (custom)
2019-09-12 10:07:45,200 [pool-38-thread-1] INFO  server.RaftServerConfigKeys (ConfUtils.java:logGet(43)) - raft.server.log.use.memory = false (default)
2019-09-12 10:07:45,200 [pool-38-thread-1] INFO  server.RaftServerConfigKeys (ConfUtils.java:logGet(43)) - raft.server.log.purge.gap = 1000000 (custom)
2019-09-12 10:07:45,200 [pool-38-thread-1] INFO  server.RaftServerConfigKeys (ConfUtils.java:logGet(43)) - raft.server.log.appender.buffer.byte-limit = 33554432 (custom)
2019-09-12 10:07:45,201 [pool-38-thread-1] INFO  server.RaftServerConfigKeys (ConfUtils.java:logGet(43)) - raft.server.log.segment.size.max = 1048576 (custom)
2019-09-12 10:07:45,201 [pool-38-thread-1] INFO  server.RaftServerConfigKeys (ConfUtils.java:logGet(43)) - raft.server.log.segment.cache.num.max = 2 (custom)
2019-09-12 10:07:45,201 [pool-38-thread-1] INFO  segmented.SegmentedRaftLogWorker (SegmentedRaftLogWorker.java:<init>(172)) - new 447f177c-7f71-4a4d-a27a-3030237688f4-SegmentedRaftLogWorker:Storage Directory /workdir/hadoop-ozone/integration-test/target/test-dir/MiniOzoneClusterImpl-d63a1c8a-c167-4d1c-9f21-7a8d4f3a0684/datanode-1/data/ratis/533c104f-4de3-4cbd-9be5-8d436ff404a4 for RaftStorage:Storage Directory /workdir/hadoop-ozone/integration-test/target/test-dir/MiniOzoneClusterImpl-d63a1c8a-c167-4d1c-9f21-7a8d4f3a0684/datanode-1/data/ratis/533c104f-4de3-4cbd-9be5-8d436ff404a4
2019-09-12 10:07:45,201 [pool-38-thread-1] INFO  server.RaftServerConfigKeys (ConfUtils.java:logGet(43)) - raft.server.log.queue.byte-limit = 2147483647 (custom)
2019-09-12 10:07:45,201 [pool-38-thread-1] INFO  server.RaftServerConfigKeys (ConfUtils.java:logGet(43)) - raft.server.log.queue.element-limit = 1024 (custom)
2019-09-12 10:07:45,201 [pool-38-thread-1] INFO  server.RaftServerConfigKeys (ConfUtils.java:logGet(43)) - raft.server.log.segment.size.max = 1048576 (custom)
2019-09-12 10:07:45,202 [pool-38-thread-1] INFO  server.RaftServerConfigKeys (ConfUtils.java:logGet(43)) - raft.server.log.preallocated.size = 16384 (custom)
2019-09-12 10:07:45,202 [pool-38-thread-1] INFO  server.RaftServerConfigKeys (ConfUtils.java:logGet(43)) - raft.server.log.write.buffer.size = 33554432 (custom)
2019-09-12 10:07:45,202 [pool-38-thread-1] INFO  server.RaftServerConfigKeys (ConfUtils.java:logGet(43)) - raft.server.log.force.sync.num = 128 (default)
2019-09-12 10:07:45,202 [pool-38-thread-1] INFO  server.RaftServerConfigKeys (ConfUtils.java:logGet(43)) - raft.server.log.statemachine.data.sync = true (default)
2019-09-12 10:07:45,202 [pool-38-thread-1] INFO  server.RaftServerConfigKeys (ConfUtils.java:logGet(43)) - raft.server.log.statemachine.data.sync.timeout = 10s (default)
2019-09-12 10:07:45,202 [pool-38-thread-1] INFO  server.RaftServerConfigKeys (ConfUtils.java:logGet(43)) - raft.server.log.statemachine.data.sync.timeout.retry = -1 (default)
2019-09-12 10:07:45,203 [pool-38-thread-1] INFO  server.RaftServerConfigKeys (ConfUtils.java:logGet(43)) - raft.server.log.statemachine.data.caching.enabled = true (custom)
2019-09-12 10:07:45,203 [pool-38-thread-1] INFO  segmented.SegmentedRaftLogWorker (SegmentedRaftLogWorker.java:lambda$new$0(132)) - 447f177c-7f71-4a4d-a27a-3030237688f4-SegmentedRaftLogWorker:Storage Directory /workdir/hadoop-ozone/integration-test/target/test-dir/MiniOzoneClusterImpl-d63a1c8a-c167-4d1c-9f21-7a8d4f3a0684/datanode-1/data/ratis/533c104f-4de3-4cbd-9be5-8d436ff404a4: flushIndex: setUnconditionally 0 -> -1
2019-09-12 10:07:45,203 [pool-38-thread-1] INFO  server.RaftServerConfigKeys (ConfUtils.java:logGet(43)) - raft.server.snapshot.auto.trigger.enabled = true (custom)
2019-09-12 10:07:45,203 [pool-38-thread-1] INFO  server.RaftServerConfigKeys (ConfUtils.java:logGet(43)) - raft.server.snapshot.auto.trigger.threshold = 10000 (custom)
2019-09-12 10:07:45,203 [pool-38-thread-1] INFO  server.RaftServerConfigKeys (ConfUtils.java:logGet(43)) - raft.server.retrycache.expirytime = 600000ms (custom)
2019-09-12 10:07:45,204 [pool-38-thread-1] INFO  impl.RaftServerImpl (RaftServerImpl.java:start(180)) - 447f177c-7f71-4a4d-a27a-3030237688f4: start group-8D436FF404A4
2019-09-12 10:07:45,204 [pool-38-thread-1] INFO  impl.RaftServerImpl (RaftServerImpl.java:setRole(171)) - 447f177c-7f71-4a4d-a27a-3030237688f4:group-8D436FF404A4 changes role from null to FOLLOWER at term 0 for startAsFollower
2019-09-12 10:07:45,204 [pool-38-thread-1] INFO  impl.RoleInfo (RoleInfo.java:updateAndGet(143)) - 447f177c-7f71-4a4d-a27a-3030237688f4: start FollowerState
2019-09-12 10:07:45,204 [pool-38-thread-1] INFO  util.JmxRegister (JmxRegister.java:tryRegister(44)) - Successfully registered JMX Bean with object name Ratis:service=RaftServer,group=group-8D436FF404A4,id=447f177c-7f71-4a4d-a27a-3030237688f4
2019-09-12 10:07:45,216 [RatisPipelineUtilsThread] INFO  pipeline.PipelineStateManager (PipelineStateManager.java:addPipeline(56)) - Created pipeline Pipeline[ Id: 533c104f-4de3-4cbd-9be5-8d436ff404a4, Nodes: 447f177c-7f71-4a4d-a27a-3030237688f4{ip: 192.168.36.114, host: pr-hdds-1569-58hkm-1881083799, networkLocation: /default-rack, certSerialId: null}, Type:RATIS, Factor:ONE, State:OPEN]
2019-09-12 10:07:45,234 [grpc-default-executor-0] INFO  impl.RaftServerProxy (RaftServerProxy.java:addNew(89)) - 3e9857ac-fa98-4731-b68d-6854c6ac33e1: addNew group-F8E3FEF4FF0C:[3e9857ac-fa98-4731-b68d-6854c6ac33e1:192.168.36.114:37352] returns group-F8E3FEF4FF0C:java.util.concurrent.CompletableFuture@32ea0353[Not completed]
2019-09-12 10:07:45,245 [pool-49-thread-1] INFO  impl.RaftServerImpl (RaftServerImpl.java:<init>(93)) - 3e9857ac-fa98-4731-b68d-6854c6ac33e1: new RaftServerImpl for group-F8E3FEF4FF0C:[3e9857ac-fa98-4731-b68d-6854c6ac33e1:192.168.36.114:37352] with ContainerStateMachine:uninitialized
2019-09-12 10:07:45,248 [pool-49-thread-1] INFO  server.RaftServerConfigKeys (ConfUtils.java:logGet(43)) - raft.server.rpc.timeout.min = 5s (custom)
2019-09-12 10:07:45,248 [pool-49-thread-1] INFO  server.RaftServerConfigKeys (ConfUtils.java:logGet(43)) - raft.server.rpc.timeout.max = 5200ms (custom)
2019-09-12 10:07:45,249 [pool-49-thread-1] INFO  server.RaftServerConfigKeys (ConfUtils.java:logGet(43)) - raft.server.rpcslowness.timeout = 120s (custom)
2019-09-12 10:07:45,249 [pool-49-thread-1] INFO  server.RaftServerConfigKeys (ConfUtils.java:logGet(43)) - raft.server.sleep.deviation.threshold = 300 (default)
2019-09-12 10:07:45,249 [pool-49-thread-1] INFO  server.RaftServerConfigKeys (ConfUtils.java:logGet(43)) - raft.server.log.appender.install.snapshot.enabled = false (custom)
2019-09-12 10:07:45,249 [pool-49-thread-1] INFO  impl.RaftServerImpl (ServerState.java:<init>(105)) - 3e9857ac-fa98-4731-b68d-6854c6ac33e1:group-F8E3FEF4FF0C ConfigurationManager, init=-1: [3e9857ac-fa98-4731-b68d-6854c6ac33e1:192.168.36.114:37352], old=null, confs=<EMPTY_MAP>
2019-09-12 10:07:45,249 [pool-49-thread-1] INFO  server.RaftServerConfigKeys (ConfUtils.java:logGet(43)) - raft.server.storage.dir = [/workdir/hadoop-ozone/integration-test/target/test-dir/MiniOzoneClusterImpl-d63a1c8a-c167-4d1c-9f21-7a8d4f3a0684/datanode-2/data/ratis] (custom)
2019-09-12 10:07:45,250 [pool-49-thread-1] INFO  storage.RaftStorageDirectory (RaftStorageDirectory.java:analyzeStorage(246)) - The storage directory /workdir/hadoop-ozone/integration-test/target/test-dir/MiniOzoneClusterImpl-d63a1c8a-c167-4d1c-9f21-7a8d4f3a0684/datanode-2/data/ratis/e3283f32-70ff-4d4e-9bb5-f8e3fef4ff0c does not exist. Creating ...
2019-09-12 10:07:45,257 [pool-49-thread-1] INFO  storage.RaftStorageDirectory (RaftStorageDirectory.java:tryLock(328)) - Lock on /workdir/hadoop-ozone/integration-test/target/test-dir/MiniOzoneClusterImpl-d63a1c8a-c167-4d1c-9f21-7a8d4f3a0684/datanode-2/data/ratis/e3283f32-70ff-4d4e-9bb5-f8e3fef4ff0c/in_use.lock acquired by nodename 384@pr-hdds-1569-58hkm-1881083799
2019-09-12 10:07:45,280 [pool-49-thread-1] INFO  storage.RaftStorage (RaftStorage.java:format(72)) - Storage directory /workdir/hadoop-ozone/integration-test/target/test-dir/MiniOzoneClusterImpl-d63a1c8a-c167-4d1c-9f21-7a8d4f3a0684/datanode-2/data/ratis/e3283f32-70ff-4d4e-9bb5-f8e3fef4ff0c has been successfully formatted.
2019-09-12 10:07:45,280 [pool-49-thread-1] INFO  ratis.ContainerStateMachine (ContainerStateMachine.java:loadSnapshot(226)) - group-F8E3FEF4FF0C: The snapshot info is null. Setting the last applied indexto:(t:0, i:~)
2019-09-12 10:07:45,281 [pool-49-thread-1] INFO  server.RaftServerConfigKeys (ConfUtils.java:logGet(43)) - raft.server.leader.election.timeout = 120s (custom)
2019-09-12 10:07:45,281 [pool-49-thread-1] INFO  server.RaftServerConfigKeys (ConfUtils.java:logGet(43)) - raft.server.log.use.memory = false (default)
2019-09-12 10:07:45,281 [pool-49-thread-1] INFO  server.RaftServerConfigKeys (ConfUtils.java:logGet(43)) - raft.server.log.purge.gap = 1000000 (custom)
2019-09-12 10:07:45,281 [pool-49-thread-1] INFO  server.RaftServerConfigKeys (ConfUtils.java:logGet(43)) - raft.server.log.appender.buffer.byte-limit = 33554432 (custom)
2019-09-12 10:07:45,281 [pool-49-thread-1] INFO  server.RaftServerConfigKeys (ConfUtils.java:logGet(43)) - raft.server.log.segment.size.max = 1048576 (custom)
2019-09-12 10:07:45,281 [pool-49-thread-1] INFO  server.RaftServerConfigKeys (ConfUtils.java:logGet(43)) - raft.server.log.segment.cache.num.max = 2 (custom)
2019-09-12 10:07:45,282 [pool-49-thread-1] INFO  segmented.SegmentedRaftLogWorker (SegmentedRaftLogWorker.java:<init>(172)) - new 3e9857ac-fa98-4731-b68d-6854c6ac33e1-SegmentedRaftLogWorker:Storage Directory /workdir/hadoop-ozone/integration-test/target/test-dir/MiniOzoneClusterImpl-d63a1c8a-c167-4d1c-9f21-7a8d4f3a0684/datanode-2/data/ratis/e3283f32-70ff-4d4e-9bb5-f8e3fef4ff0c for RaftStorage:Storage Directory /workdir/hadoop-ozone/integration-test/target/test-dir/MiniOzoneClusterImpl-d63a1c8a-c167-4d1c-9f21-7a8d4f3a0684/datanode-2/data/ratis/e3283f32-70ff-4d4e-9bb5-f8e3fef4ff0c
2019-09-12 10:07:45,282 [pool-49-thread-1] INFO  server.RaftServerConfigKeys (ConfUtils.java:logGet(43)) - raft.server.log.queue.byte-limit = 2147483647 (custom)
2019-09-12 10:07:45,282 [pool-49-thread-1] INFO  server.RaftServerConfigKeys (ConfUtils.java:logGet(43)) - raft.server.log.queue.element-limit = 1024 (custom)
2019-09-12 10:07:45,282 [pool-49-thread-1] INFO  server.RaftServerConfigKeys (ConfUtils.java:logGet(43)) - raft.server.log.segment.size.max = 1048576 (custom)
2019-09-12 10:07:45,283 [pool-49-thread-1] INFO  server.RaftServerConfigKeys (ConfUtils.java:logGet(43)) - raft.server.log.preallocated.size = 16384 (custom)
2019-09-12 10:07:45,283 [pool-49-thread-1] INFO  server.RaftServerConfigKeys (ConfUtils.java:logGet(43)) - raft.server.log.write.buffer.size = 33554432 (custom)
2019-09-12 10:07:45,283 [pool-49-thread-1] INFO  server.RaftServerConfigKeys (ConfUtils.java:logGet(43)) - raft.server.log.force.sync.num = 128 (default)
2019-09-12 10:07:45,283 [pool-49-thread-1] INFO  server.RaftServerConfigKeys (ConfUtils.java:logGet(43)) - raft.server.log.statemachine.data.sync = true (default)
2019-09-12 10:07:45,283 [pool-49-thread-1] INFO  server.RaftServerConfigKeys (ConfUtils.java:logGet(43)) - raft.server.log.statemachine.data.sync.timeout = 10s (default)
2019-09-12 10:07:45,284 [pool-49-thread-1] INFO  server.RaftServerConfigKeys (ConfUtils.java:logGet(43)) - raft.server.log.statemachine.data.sync.timeout.retry = -1 (default)
2019-09-12 10:07:45,284 [pool-49-thread-1] INFO  server.RaftServerConfigKeys (ConfUtils.java:logGet(43)) - raft.server.log.statemachine.data.caching.enabled = true (custom)
2019-09-12 10:07:45,284 [pool-49-thread-1] INFO  segmented.SegmentedRaftLogWorker (SegmentedRaftLogWorker.java:lambda$new$0(132)) - 3e9857ac-fa98-4731-b68d-6854c6ac33e1-SegmentedRaftLogWorker:Storage Directory /workdir/hadoop-ozone/integration-test/target/test-dir/MiniOzoneClusterImpl-d63a1c8a-c167-4d1c-9f21-7a8d4f3a0684/datanode-2/data/ratis/e3283f32-70ff-4d4e-9bb5-f8e3fef4ff0c: flushIndex: setUnconditionally 0 -> -1
2019-09-12 10:07:45,285 [pool-49-thread-1] INFO  server.RaftServerConfigKeys (ConfUtils.java:logGet(43)) - raft.server.snapshot.auto.trigger.enabled = true (custom)
2019-09-12 10:07:45,285 [pool-49-thread-1] INFO  server.RaftServerConfigKeys (ConfUtils.java:logGet(43)) - raft.server.snapshot.auto.trigger.threshold = 10000 (custom)
2019-09-12 10:07:45,285 [pool-49-thread-1] INFO  server.RaftServerConfigKeys (ConfUtils.java:logGet(43)) - raft.server.retrycache.expirytime = 600000ms (custom)
2019-09-12 10:07:45,285 [pool-49-thread-1] INFO  impl.RaftServerImpl (RaftServerImpl.java:start(180)) - 3e9857ac-fa98-4731-b68d-6854c6ac33e1: start group-F8E3FEF4FF0C
2019-09-12 10:07:45,285 [pool-49-thread-1] INFO  impl.RaftServerImpl (RaftServerImpl.java:setRole(171)) - 3e9857ac-fa98-4731-b68d-6854c6ac33e1:group-F8E3FEF4FF0C changes role from null to FOLLOWER at term 0 for startAsFollower
2019-09-12 10:07:45,285 [pool-49-thread-1] INFO  impl.RoleInfo (RoleInfo.java:updateAndGet(143)) - 3e9857ac-fa98-4731-b68d-6854c6ac33e1: start FollowerState
2019-09-12 10:07:45,286 [pool-49-thread-1] INFO  util.JmxRegister (JmxRegister.java:tryRegister(44)) - Successfully registered JMX Bean with object name Ratis:service=RaftServer,group=group-F8E3FEF4FF0C,id=3e9857ac-fa98-4731-b68d-6854c6ac33e1
2019-09-12 10:07:45,295 [RatisPipelineUtilsThread] INFO  pipeline.PipelineStateManager (PipelineStateManager.java:addPipeline(56)) - Created pipeline Pipeline[ Id: e3283f32-70ff-4d4e-9bb5-f8e3fef4ff0c, Nodes: 3e9857ac-fa98-4731-b68d-6854c6ac33e1{ip: 192.168.36.114, host: pr-hdds-1569-58hkm-1881083799, networkLocation: /default-rack, certSerialId: null}, Type:RATIS, Factor:ONE, State:OPEN]
2019-09-12 10:07:45,315 [grpc-default-executor-0] INFO  impl.RaftServerProxy (RaftServerProxy.java:addNew(89)) - 44359963-929d-49aa-9c1d-830dd9984733: addNew group-1AA6CA5504DC:[44359963-929d-49aa-9c1d-830dd9984733:192.168.36.114:43739] returns group-1AA6CA5504DC:java.util.concurrent.CompletableFuture@369d3390[Not completed]
2019-09-12 10:07:45,317 [pool-60-thread-1] INFO  impl.RaftServerImpl (RaftServerImpl.java:<init>(93)) - 44359963-929d-49aa-9c1d-830dd9984733: new RaftServerImpl for group-1AA6CA5504DC:[44359963-929d-49aa-9c1d-830dd9984733:192.168.36.114:43739] with ContainerStateMachine:uninitialized
2019-09-12 10:07:45,317 [pool-60-thread-1] INFO  server.RaftServerConfigKeys (ConfUtils.java:logGet(43)) - raft.server.rpc.timeout.min = 5s (custom)
2019-09-12 10:07:45,317 [pool-60-thread-1] INFO  server.RaftServerConfigKeys (ConfUtils.java:logGet(43)) - raft.server.rpc.timeout.max = 5200ms (custom)
2019-09-12 10:07:45,318 [pool-60-thread-1] INFO  server.RaftServerConfigKeys (ConfUtils.java:logGet(43)) - raft.server.rpcslowness.timeout = 120s (custom)
2019-09-12 10:07:45,318 [pool-60-thread-1] INFO  server.RaftServerConfigKeys (ConfUtils.java:logGet(43)) - raft.server.sleep.deviation.threshold = 300 (default)
2019-09-12 10:07:45,318 [pool-60-thread-1] INFO  server.RaftServerConfigKeys (ConfUtils.java:logGet(43)) - raft.server.log.appender.install.snapshot.enabled = false (custom)
2019-09-12 10:07:45,318 [pool-60-thread-1] INFO  impl.RaftServerImpl (ServerState.java:<init>(105)) - 44359963-929d-49aa-9c1d-830dd9984733:group-1AA6CA5504DC ConfigurationManager, init=-1: [44359963-929d-49aa-9c1d-830dd9984733:192.168.36.114:43739], old=null, confs=<EMPTY_MAP>
2019-09-12 10:07:45,318 [pool-60-thread-1] INFO  server.RaftServerConfigKeys (ConfUtils.java:logGet(43)) - raft.server.storage.dir = [/workdir/hadoop-ozone/integration-test/target/test-dir/MiniOzoneClusterImpl-d63a1c8a-c167-4d1c-9f21-7a8d4f3a0684/datanode-3/data/ratis] (custom)
2019-09-12 10:07:45,319 [pool-60-thread-1] INFO  storage.RaftStorageDirectory (RaftStorageDirectory.java:analyzeStorage(246)) - The storage directory /workdir/hadoop-ozone/integration-test/target/test-dir/MiniOzoneClusterImpl-d63a1c8a-c167-4d1c-9f21-7a8d4f3a0684/datanode-3/data/ratis/e60a8c38-2be5-4b4d-8133-1aa6ca5504dc does not exist. Creating ...
2019-09-12 10:07:45,328 [pool-60-thread-1] INFO  storage.RaftStorageDirectory (RaftStorageDirectory.java:tryLock(328)) - Lock on /workdir/hadoop-ozone/integration-test/target/test-dir/MiniOzoneClusterImpl-d63a1c8a-c167-4d1c-9f21-7a8d4f3a0684/datanode-3/data/ratis/e60a8c38-2be5-4b4d-8133-1aa6ca5504dc/in_use.lock acquired by nodename 384@pr-hdds-1569-58hkm-1881083799
2019-09-12 10:07:45,347 [pool-60-thread-1] INFO  storage.RaftStorage (RaftStorage.java:format(72)) - Storage directory /workdir/hadoop-ozone/integration-test/target/test-dir/MiniOzoneClusterImpl-d63a1c8a-c167-4d1c-9f21-7a8d4f3a0684/datanode-3/data/ratis/e60a8c38-2be5-4b4d-8133-1aa6ca5504dc has been successfully formatted.
2019-09-12 10:07:45,347 [pool-60-thread-1] INFO  ratis.ContainerStateMachine (ContainerStateMachine.java:loadSnapshot(226)) - group-1AA6CA5504DC: The snapshot info is null. Setting the last applied indexto:(t:0, i:~)
2019-09-12 10:07:45,347 [pool-60-thread-1] INFO  server.RaftServerConfigKeys (ConfUtils.java:logGet(43)) - raft.server.leader.election.timeout = 120s (custom)
2019-09-12 10:07:45,347 [pool-60-thread-1] INFO  server.RaftServerConfigKeys (ConfUtils.java:logGet(43)) - raft.server.log.use.memory = false (default)
2019-09-12 10:07:45,348 [pool-60-thread-1] INFO  server.RaftServerConfigKeys (ConfUtils.java:logGet(43)) - raft.server.log.purge.gap = 1000000 (custom)
2019-09-12 10:07:45,348 [pool-60-thread-1] INFO  server.RaftServerConfigKeys (ConfUtils.java:logGet(43)) - raft.server.log.appender.buffer.byte-limit = 33554432 (custom)
2019-09-12 10:07:45,348 [pool-60-thread-1] INFO  server.RaftServerConfigKeys (ConfUtils.java:logGet(43)) - raft.server.log.segment.size.max = 1048576 (custom)
2019-09-12 10:07:45,348 [pool-60-thread-1] INFO  server.RaftServerConfigKeys (ConfUtils.java:logGet(43)) - raft.server.log.segment.cache.num.max = 2 (custom)
2019-09-12 10:07:45,348 [pool-60-thread-1] INFO  segmented.SegmentedRaftLogWorker (SegmentedRaftLogWorker.java:<init>(172)) - new 44359963-929d-49aa-9c1d-830dd9984733-SegmentedRaftLogWorker:Storage Directory /workdir/hadoop-ozone/integration-test/target/test-dir/MiniOzoneClusterImpl-d63a1c8a-c167-4d1c-9f21-7a8d4f3a0684/datanode-3/data/ratis/e60a8c38-2be5-4b4d-8133-1aa6ca5504dc for RaftStorage:Storage Directory /workdir/hadoop-ozone/integration-test/target/test-dir/MiniOzoneClusterImpl-d63a1c8a-c167-4d1c-9f21-7a8d4f3a0684/datanode-3/data/ratis/e60a8c38-2be5-4b4d-8133-1aa6ca5504dc
2019-09-12 10:07:45,349 [pool-60-thread-1] INFO  server.RaftServerConfigKeys (ConfUtils.java:logGet(43)) - raft.server.log.queue.byte-limit = 2147483647 (custom)
2019-09-12 10:07:45,349 [pool-60-thread-1] INFO  server.RaftServerConfigKeys (ConfUtils.java:logGet(43)) - raft.server.log.queue.element-limit = 1024 (custom)
2019-09-12 10:07:45,349 [pool-60-thread-1] INFO  server.RaftServerConfigKeys (ConfUtils.java:logGet(43)) - raft.server.log.segment.size.max = 1048576 (custom)
2019-09-12 10:07:45,349 [pool-60-thread-1] INFO  server.RaftServerConfigKeys (ConfUtils.java:logGet(43)) - raft.server.log.preallocated.size = 16384 (custom)
2019-09-12 10:07:45,349 [pool-60-thread-1] INFO  server.RaftServerConfigKeys (ConfUtils.java:logGet(43)) - raft.server.log.write.buffer.size = 33554432 (custom)
2019-09-12 10:07:45,349 [pool-60-thread-1] INFO  server.RaftServerConfigKeys (ConfUtils.java:logGet(43)) - raft.server.log.force.sync.num = 128 (default)
2019-09-12 10:07:45,350 [pool-60-thread-1] INFO  server.RaftServerConfigKeys (ConfUtils.java:logGet(43)) - raft.server.log.statemachine.data.sync = true (default)
2019-09-12 10:07:45,350 [pool-60-thread-1] INFO  server.RaftServerConfigKeys (ConfUtils.java:logGet(43)) - raft.server.log.statemachine.data.sync.timeout = 10s (default)
2019-09-12 10:07:45,350 [pool-60-thread-1] INFO  server.RaftServerConfigKeys (ConfUtils.java:logGet(43)) - raft.server.log.statemachine.data.sync.timeout.retry = -1 (default)
2019-09-12 10:07:45,350 [pool-60-thread-1] INFO  server.RaftServerConfigKeys (ConfUtils.java:logGet(43)) - raft.server.log.statemachine.data.caching.enabled = true (custom)
2019-09-12 10:07:45,351 [pool-60-thread-1] INFO  segmented.SegmentedRaftLogWorker (SegmentedRaftLogWorker.java:lambda$new$0(132)) - 44359963-929d-49aa-9c1d-830dd9984733-SegmentedRaftLogWorker:Storage Directory /workdir/hadoop-ozone/integration-test/target/test-dir/MiniOzoneClusterImpl-d63a1c8a-c167-4d1c-9f21-7a8d4f3a0684/datanode-3/data/ratis/e60a8c38-2be5-4b4d-8133-1aa6ca5504dc: flushIndex: setUnconditionally 0 -> -1
2019-09-12 10:07:45,351 [pool-60-thread-1] INFO  server.RaftServerConfigKeys (ConfUtils.java:logGet(43)) - raft.server.snapshot.auto.trigger.enabled = true (custom)
2019-09-12 10:07:45,351 [pool-60-thread-1] INFO  server.RaftServerConfigKeys (ConfUtils.java:logGet(43)) - raft.server.snapshot.auto.trigger.threshold = 10000 (custom)
2019-09-12 10:07:45,351 [pool-60-thread-1] INFO  server.RaftServerConfigKeys (ConfUtils.java:logGet(43)) - raft.server.retrycache.expirytime = 600000ms (custom)
2019-09-12 10:07:45,352 [pool-60-thread-1] INFO  impl.RaftServerImpl (RaftServerImpl.java:start(180)) - 44359963-929d-49aa-9c1d-830dd9984733: start group-1AA6CA5504DC
2019-09-12 10:07:45,352 [pool-60-thread-1] INFO  impl.RaftServerImpl (RaftServerImpl.java:setRole(171)) - 44359963-929d-49aa-9c1d-830dd9984733:group-1AA6CA5504DC changes role from null to FOLLOWER at term 0 for startAsFollower
2019-09-12 10:07:45,352 [pool-60-thread-1] INFO  impl.RoleInfo (RoleInfo.java:updateAndGet(143)) - 44359963-929d-49aa-9c1d-830dd9984733: start FollowerState
2019-09-12 10:07:45,352 [pool-60-thread-1] INFO  util.JmxRegister (JmxRegister.java:tryRegister(44)) - Successfully registered JMX Bean with object name Ratis:service=RaftServer,group=group-1AA6CA5504DC,id=44359963-929d-49aa-9c1d-830dd9984733
2019-09-12 10:07:45,362 [RatisPipelineUtilsThread] INFO  pipeline.PipelineStateManager (PipelineStateManager.java:addPipeline(56)) - Created pipeline Pipeline[ Id: e60a8c38-2be5-4b4d-8133-1aa6ca5504dc, Nodes: 44359963-929d-49aa-9c1d-830dd9984733{ip: 192.168.36.114, host: pr-hdds-1569-58hkm-1881083799, networkLocation: /default-rack, certSerialId: null}, Type:RATIS, Factor:ONE, State:OPEN]
2019-09-12 10:07:45,385 [grpc-default-executor-0] INFO  impl.RaftServerProxy (RaftServerProxy.java:addNew(89)) - 3e9857ac-fa98-4731-b68d-6854c6ac33e1: addNew group-DCC5AB6DDD2C:[3e9857ac-fa98-4731-b68d-6854c6ac33e1:192.168.36.114:37352] returns group-DCC5AB6DDD2C:java.util.concurrent.CompletableFuture@5ceabb40[Not completed]
2019-09-12 10:07:45,387 [pool-49-thread-1] INFO  impl.RaftServerImpl (RaftServerImpl.java:<init>(93)) - 3e9857ac-fa98-4731-b68d-6854c6ac33e1: new RaftServerImpl for group-DCC5AB6DDD2C:[3e9857ac-fa98-4731-b68d-6854c6ac33e1:192.168.36.114:37352] with ContainerStateMachine:uninitialized
2019-09-12 10:07:45,387 [pool-49-thread-1] INFO  server.RaftServerConfigKeys (ConfUtils.java:logGet(43)) - raft.server.rpc.timeout.min = 5s (custom)
2019-09-12 10:07:45,387 [pool-49-thread-1] INFO  server.RaftServerConfigKeys (ConfUtils.java:logGet(43)) - raft.server.rpc.timeout.max = 5200ms (custom)
2019-09-12 10:07:45,387 [pool-49-thread-1] INFO  server.RaftServerConfigKeys (ConfUtils.java:logGet(43)) - raft.server.rpcslowness.timeout = 120s (custom)
2019-09-12 10:07:45,388 [pool-49-thread-1] INFO  server.RaftServerConfigKeys (ConfUtils.java:logGet(43)) - raft.server.sleep.deviation.threshold = 300 (default)
2019-09-12 10:07:45,388 [pool-49-thread-1] INFO  server.RaftServerConfigKeys (ConfUtils.java:logGet(43)) - raft.server.log.appender.install.snapshot.enabled = false (custom)
2019-09-12 10:07:45,388 [pool-49-thread-1] INFO  impl.RaftServerImpl (ServerState.java:<init>(105)) - 3e9857ac-fa98-4731-b68d-6854c6ac33e1:group-DCC5AB6DDD2C ConfigurationManager, init=-1: [3e9857ac-fa98-4731-b68d-6854c6ac33e1:192.168.36.114:37352], old=null, confs=<EMPTY_MAP>
2019-09-12 10:07:45,388 [pool-49-thread-1] INFO  server.RaftServerConfigKeys (ConfUtils.java:logGet(43)) - raft.server.storage.dir = [/workdir/hadoop-ozone/integration-test/target/test-dir/MiniOzoneClusterImpl-d63a1c8a-c167-4d1c-9f21-7a8d4f3a0684/datanode-2/data/ratis] (custom)
2019-09-12 10:07:45,389 [pool-49-thread-1] INFO  storage.RaftStorageDirectory (RaftStorageDirectory.java:analyzeStorage(246)) - The storage directory /workdir/hadoop-ozone/integration-test/target/test-dir/MiniOzoneClusterImpl-d63a1c8a-c167-4d1c-9f21-7a8d4f3a0684/datanode-2/data/ratis/cc1ec2b4-aca9-458b-95a3-dcc5ab6ddd2c does not exist. Creating ...
2019-09-12 10:07:45,399 | INFO  | SCMAudit | user=jenkins1000 | ip=192.168.36.114 | op=SEND_HEARTBEAT {datanodeUUID=447f177c-7f71-4a4d-a27a-3030237688f4, command=[]} | ret=SUCCESS |  
2019-09-12 10:07:45,400 [pool-49-thread-1] INFO  storage.RaftStorageDirectory (RaftStorageDirectory.java:tryLock(328)) - Lock on /workdir/hadoop-ozone/integration-test/target/test-dir/MiniOzoneClusterImpl-d63a1c8a-c167-4d1c-9f21-7a8d4f3a0684/datanode-2/data/ratis/cc1ec2b4-aca9-458b-95a3-dcc5ab6ddd2c/in_use.lock acquired by nodename 384@pr-hdds-1569-58hkm-1881083799
2019-09-12 10:07:45,407 [pool-49-thread-1] INFO  storage.RaftStorage (RaftStorage.java:format(72)) - Storage directory /workdir/hadoop-ozone/integration-test/target/test-dir/MiniOzoneClusterImpl-d63a1c8a-c167-4d1c-9f21-7a8d4f3a0684/datanode-2/data/ratis/cc1ec2b4-aca9-458b-95a3-dcc5ab6ddd2c has been successfully formatted.
2019-09-12 10:07:45,408 [pool-49-thread-1] INFO  ratis.ContainerStateMachine (ContainerStateMachine.java:loadSnapshot(226)) - group-DCC5AB6DDD2C: The snapshot info is null. Setting the last applied indexto:(t:0, i:~)
2019-09-12 10:07:45,408 [pool-49-thread-1] INFO  server.RaftServerConfigKeys (ConfUtils.java:logGet(43)) - raft.server.leader.election.timeout = 120s (custom)
2019-09-12 10:07:45,408 [pool-49-thread-1] INFO  server.RaftServerConfigKeys (ConfUtils.java:logGet(43)) - raft.server.log.use.memory = false (default)
2019-09-12 10:07:45,408 [pool-49-thread-1] INFO  server.RaftServerConfigKeys (ConfUtils.java:logGet(43)) - raft.server.log.purge.gap = 1000000 (custom)
2019-09-12 10:07:45,408 [pool-49-thread-1] INFO  server.RaftServerConfigKeys (ConfUtils.java:logGet(43)) - raft.server.log.appender.buffer.byte-limit = 33554432 (custom)
2019-09-12 10:07:45,409 [pool-49-thread-1] INFO  server.RaftServerConfigKeys (ConfUtils.java:logGet(43)) - raft.server.log.segment.size.max = 1048576 (custom)
2019-09-12 10:07:45,409 [pool-49-thread-1] INFO  server.RaftServerConfigKeys (ConfUtils.java:logGet(43)) - raft.server.log.segment.cache.num.max = 2 (custom)
2019-09-12 10:07:45,409 [pool-49-thread-1] INFO  segmented.SegmentedRaftLogWorker (SegmentedRaftLogWorker.java:<init>(172)) - new 3e9857ac-fa98-4731-b68d-6854c6ac33e1-SegmentedRaftLogWorker:Storage Directory /workdir/hadoop-ozone/integration-test/target/test-dir/MiniOzoneClusterImpl-d63a1c8a-c167-4d1c-9f21-7a8d4f3a0684/datanode-2/data/ratis/cc1ec2b4-aca9-458b-95a3-dcc5ab6ddd2c for RaftStorage:Storage Directory /workdir/hadoop-ozone/integration-test/target/test-dir/MiniOzoneClusterImpl-d63a1c8a-c167-4d1c-9f21-7a8d4f3a0684/datanode-2/data/ratis/cc1ec2b4-aca9-458b-95a3-dcc5ab6ddd2c
2019-09-12 10:07:45,409 [pool-49-thread-1] INFO  server.RaftServerConfigKeys (ConfUtils.java:logGet(43)) - raft.server.log.queue.byte-limit = 2147483647 (custom)
2019-09-12 10:07:45,409 [pool-49-thread-1] INFO  server.RaftServerConfigKeys (ConfUtils.java:logGet(43)) - raft.server.log.queue.element-limit = 1024 (custom)
2019-09-12 10:07:45,409 [pool-49-thread-1] INFO  server.RaftServerConfigKeys (ConfUtils.java:logGet(43)) - raft.server.log.segment.size.max = 1048576 (custom)
2019-09-12 10:07:45,409 [pool-49-thread-1] INFO  server.RaftServerConfigKeys (ConfUtils.java:logGet(43)) - raft.server.log.preallocated.size = 16384 (custom)
2019-09-12 10:07:45,410 [pool-49-thread-1] INFO  server.RaftServerConfigKeys (ConfUtils.java:logGet(43)) - raft.server.log.write.buffer.size = 33554432 (custom)
2019-09-12 10:07:45,410 [pool-49-thread-1] INFO  server.RaftServerConfigKeys (ConfUtils.java:logGet(43)) - raft.server.log.force.sync.num = 128 (default)
2019-09-12 10:07:45,410 [pool-49-thread-1] INFO  server.RaftServerConfigKeys (ConfUtils.java:logGet(43)) - raft.server.log.statemachine.data.sync = true (default)
2019-09-12 10:07:45,410 [pool-49-thread-1] INFO  server.RaftServerConfigKeys (ConfUtils.java:logGet(43)) - raft.server.log.statemachine.data.sync.timeout = 10s (default)
2019-09-12 10:07:45,410 [pool-49-thread-1] INFO  server.RaftServerConfigKeys (ConfUtils.java:logGet(43)) - raft.server.log.statemachine.data.sync.timeout.retry = -1 (default)
2019-09-12 10:07:45,410 [pool-49-thread-1] INFO  server.RaftServerConfigKeys (ConfUtils.java:logGet(43)) - raft.server.log.statemachine.data.caching.enabled = true (custom)
2019-09-12 10:07:45,411 [pool-49-thread-1] INFO  segmented.SegmentedRaftLogWorker (SegmentedRaftLogWorker.java:lambda$new$0(132)) - 3e9857ac-fa98-4731-b68d-6854c6ac33e1-SegmentedRaftLogWorker:Storage Directory /workdir/hadoop-ozone/integration-test/target/test-dir/MiniOzoneClusterImpl-d63a1c8a-c167-4d1c-9f21-7a8d4f3a0684/datanode-2/data/ratis/cc1ec2b4-aca9-458b-95a3-dcc5ab6ddd2c: flushIndex: setUnconditionally 0 -> -1
2019-09-12 10:07:45,411 [pool-49-thread-1] INFO  server.RaftServerConfigKeys (ConfUtils.java:logGet(43)) - raft.server.snapshot.auto.trigger.enabled = true (custom)
2019-09-12 10:07:45,411 [pool-49-thread-1] INFO  server.RaftServerConfigKeys (ConfUtils.java:logGet(43)) - raft.server.snapshot.auto.trigger.threshold = 10000 (custom)
2019-09-12 10:07:45,411 [pool-49-thread-1] INFO  server.RaftServerConfigKeys (ConfUtils.java:logGet(43)) - raft.server.retrycache.expirytime = 600000ms (custom)
2019-09-12 10:07:45,411 [pool-49-thread-1] INFO  impl.RaftServerImpl (RaftServerImpl.java:start(180)) - 3e9857ac-fa98-4731-b68d-6854c6ac33e1: start group-DCC5AB6DDD2C
2019-09-12 10:07:45,411 [pool-49-thread-1] INFO  impl.RaftServerImpl (RaftServerImpl.java:setRole(171)) - 3e9857ac-fa98-4731-b68d-6854c6ac33e1:group-DCC5AB6DDD2C changes role from null to FOLLOWER at term 0 for startAsFollower
2019-09-12 10:07:45,412 [pool-49-thread-1] INFO  impl.RoleInfo (RoleInfo.java:updateAndGet(143)) - 3e9857ac-fa98-4731-b68d-6854c6ac33e1: start FollowerState
2019-09-12 10:07:45,412 [pool-49-thread-1] INFO  util.JmxRegister (JmxRegister.java:tryRegister(44)) - Successfully registered JMX Bean with object name Ratis:service=RaftServer,group=group-DCC5AB6DDD2C,id=3e9857ac-fa98-4731-b68d-6854c6ac33e1
2019-09-12 10:07:45,421 [RatisPipelineUtilsThread] INFO  pipeline.PipelineStateManager (PipelineStateManager.java:addPipeline(56)) - Created pipeline Pipeline[ Id: cc1ec2b4-aca9-458b-95a3-dcc5ab6ddd2c, Nodes: 3e9857ac-fa98-4731-b68d-6854c6ac33e1{ip: 192.168.36.114, host: pr-hdds-1569-58hkm-1881083799, networkLocation: /default-rack, certSerialId: null}, Type:RATIS, Factor:ONE, State:OPEN]
2019-09-12 10:07:45,437 [grpc-default-executor-0] INFO  impl.RaftServerProxy (RaftServerProxy.java:addNew(89)) - 447f177c-7f71-4a4d-a27a-3030237688f4: addNew group-E0A1239C27E9:[447f177c-7f71-4a4d-a27a-3030237688f4:192.168.36.114:45663] returns group-E0A1239C27E9:java.util.concurrent.CompletableFuture@7084998e[Not completed]
2019-09-12 10:07:45,439 [pool-38-thread-1] INFO  impl.RaftServerImpl (RaftServerImpl.java:<init>(93)) - 447f177c-7f71-4a4d-a27a-3030237688f4: new RaftServerImpl for group-E0A1239C27E9:[447f177c-7f71-4a4d-a27a-3030237688f4:192.168.36.114:45663] with ContainerStateMachine:uninitialized
2019-09-12 10:07:45,439 [pool-38-thread-1] INFO  server.RaftServerConfigKeys (ConfUtils.java:logGet(43)) - raft.server.rpc.timeout.min = 5s (custom)
2019-09-12 10:07:45,440 [pool-38-thread-1] INFO  server.RaftServerConfigKeys (ConfUtils.java:logGet(43)) - raft.server.rpc.timeout.max = 5200ms (custom)
2019-09-12 10:07:45,440 [pool-38-thread-1] INFO  server.RaftServerConfigKeys (ConfUtils.java:logGet(43)) - raft.server.rpcslowness.timeout = 120s (custom)
2019-09-12 10:07:45,440 [pool-38-thread-1] INFO  server.RaftServerConfigKeys (ConfUtils.java:logGet(43)) - raft.server.sleep.deviation.threshold = 300 (default)
2019-09-12 10:07:45,440 [pool-38-thread-1] INFO  server.RaftServerConfigKeys (ConfUtils.java:logGet(43)) - raft.server.log.appender.install.snapshot.enabled = false (custom)
2019-09-12 10:07:45,440 [pool-38-thread-1] INFO  impl.RaftServerImpl (ServerState.java:<init>(105)) - 447f177c-7f71-4a4d-a27a-3030237688f4:group-E0A1239C27E9 ConfigurationManager, init=-1: [447f177c-7f71-4a4d-a27a-3030237688f4:192.168.36.114:45663], old=null, confs=<EMPTY_MAP>
2019-09-12 10:07:45,441 [pool-38-thread-1] INFO  server.RaftServerConfigKeys (ConfUtils.java:logGet(43)) - raft.server.storage.dir = [/workdir/hadoop-ozone/integration-test/target/test-dir/MiniOzoneClusterImpl-d63a1c8a-c167-4d1c-9f21-7a8d4f3a0684/datanode-1/data/ratis] (custom)
2019-09-12 10:07:45,441 [pool-38-thread-1] INFO  storage.RaftStorageDirectory (RaftStorageDirectory.java:analyzeStorage(246)) - The storage directory /workdir/hadoop-ozone/integration-test/target/test-dir/MiniOzoneClusterImpl-d63a1c8a-c167-4d1c-9f21-7a8d4f3a0684/datanode-1/data/ratis/c79ea884-a767-4729-a41c-e0a1239c27e9 does not exist. Creating ...
2019-09-12 10:07:45,447 [pool-38-thread-1] INFO  storage.RaftStorageDirectory (RaftStorageDirectory.java:tryLock(328)) - Lock on /workdir/hadoop-ozone/integration-test/target/test-dir/MiniOzoneClusterImpl-d63a1c8a-c167-4d1c-9f21-7a8d4f3a0684/datanode-1/data/ratis/c79ea884-a767-4729-a41c-e0a1239c27e9/in_use.lock acquired by nodename 384@pr-hdds-1569-58hkm-1881083799
2019-09-12 10:07:45,455 [pool-38-thread-1] INFO  storage.RaftStorage (RaftStorage.java:format(72)) - Storage directory /workdir/hadoop-ozone/integration-test/target/test-dir/MiniOzoneClusterImpl-d63a1c8a-c167-4d1c-9f21-7a8d4f3a0684/datanode-1/data/ratis/c79ea884-a767-4729-a41c-e0a1239c27e9 has been successfully formatted.
2019-09-12 10:07:45,455 [pool-38-thread-1] INFO  ratis.ContainerStateMachine (ContainerStateMachine.java:loadSnapshot(226)) - group-E0A1239C27E9: The snapshot info is null. Setting the last applied indexto:(t:0, i:~)
2019-09-12 10:07:45,456 [pool-38-thread-1] INFO  server.RaftServerConfigKeys (ConfUtils.java:logGet(43)) - raft.server.leader.election.timeout = 120s (custom)
2019-09-12 10:07:45,456 [pool-38-thread-1] INFO  server.RaftServerConfigKeys (ConfUtils.java:logGet(43)) - raft.server.log.use.memory = false (default)
2019-09-12 10:07:45,456 [pool-38-thread-1] INFO  server.RaftServerConfigKeys (ConfUtils.java:logGet(43)) - raft.server.log.purge.gap = 1000000 (custom)
2019-09-12 10:07:45,456 [pool-38-thread-1] INFO  server.RaftServerConfigKeys (ConfUtils.java:logGet(43)) - raft.server.log.appender.buffer.byte-limit = 33554432 (custom)
2019-09-12 10:07:45,456 [pool-38-thread-1] INFO  server.RaftServerConfigKeys (ConfUtils.java:logGet(43)) - raft.server.log.segment.size.max = 1048576 (custom)
2019-09-12 10:07:45,456 [pool-38-thread-1] INFO  server.RaftServerConfigKeys (ConfUtils.java:logGet(43)) - raft.server.log.segment.cache.num.max = 2 (custom)
2019-09-12 10:07:45,457 [pool-38-thread-1] INFO  segmented.SegmentedRaftLogWorker (SegmentedRaftLogWorker.java:<init>(172)) - new 447f177c-7f71-4a4d-a27a-3030237688f4-SegmentedRaftLogWorker:Storage Directory /workdir/hadoop-ozone/integration-test/target/test-dir/MiniOzoneClusterImpl-d63a1c8a-c167-4d1c-9f21-7a8d4f3a0684/datanode-1/data/ratis/c79ea884-a767-4729-a41c-e0a1239c27e9 for RaftStorage:Storage Directory /workdir/hadoop-ozone/integration-test/target/test-dir/MiniOzoneClusterImpl-d63a1c8a-c167-4d1c-9f21-7a8d4f3a0684/datanode-1/data/ratis/c79ea884-a767-4729-a41c-e0a1239c27e9
2019-09-12 10:07:45,457 [pool-38-thread-1] INFO  server.RaftServerConfigKeys (ConfUtils.java:logGet(43)) - raft.server.log.queue.byte-limit = 2147483647 (custom)
2019-09-12 10:07:45,457 [pool-38-thread-1] INFO  server.RaftServerConfigKeys (ConfUtils.java:logGet(43)) - raft.server.log.queue.element-limit = 1024 (custom)
2019-09-12 10:07:45,457 [pool-38-thread-1] INFO  server.RaftServerConfigKeys (ConfUtils.java:logGet(43)) - raft.server.log.segment.size.max = 1048576 (custom)
2019-09-12 10:07:45,457 [pool-38-thread-1] INFO  server.RaftServerConfigKeys (ConfUtils.java:logGet(43)) - raft.server.log.preallocated.size = 16384 (custom)
2019-09-12 10:07:45,457 [pool-38-thread-1] INFO  server.RaftServerConfigKeys (ConfUtils.java:logGet(43)) - raft.server.log.write.buffer.size = 33554432 (custom)
2019-09-12 10:07:45,457 [pool-38-thread-1] INFO  server.RaftServerConfigKeys (ConfUtils.java:logGet(43)) - raft.server.log.force.sync.num = 128 (default)
2019-09-12 10:07:45,458 [pool-38-thread-1] INFO  server.RaftServerConfigKeys (ConfUtils.java:logGet(43)) - raft.server.log.statemachine.data.sync = true (default)
2019-09-12 10:07:45,458 [pool-38-thread-1] INFO  server.RaftServerConfigKeys (ConfUtils.java:logGet(43)) - raft.server.log.statemachine.data.sync.timeout = 10s (default)
2019-09-12 10:07:45,458 [pool-38-thread-1] INFO  server.RaftServerConfigKeys (ConfUtils.java:logGet(43)) - raft.server.log.statemachine.data.sync.timeout.retry = -1 (default)
2019-09-12 10:07:45,458 [pool-38-thread-1] INFO  server.RaftServerConfigKeys (ConfUtils.java:logGet(43)) - raft.server.log.statemachine.data.caching.enabled = true (custom)
2019-09-12 10:07:45,459 [pool-38-thread-1] INFO  segmented.SegmentedRaftLogWorker (SegmentedRaftLogWorker.java:lambda$new$0(132)) - 447f177c-7f71-4a4d-a27a-3030237688f4-SegmentedRaftLogWorker:Storage Directory /workdir/hadoop-ozone/integration-test/target/test-dir/MiniOzoneClusterImpl-d63a1c8a-c167-4d1c-9f21-7a8d4f3a0684/datanode-1/data/ratis/c79ea884-a767-4729-a41c-e0a1239c27e9: flushIndex: setUnconditionally 0 -> -1
2019-09-12 10:07:45,459 [pool-38-thread-1] INFO  server.RaftServerConfigKeys (ConfUtils.java:logGet(43)) - raft.server.snapshot.auto.trigger.enabled = true (custom)
2019-09-12 10:07:45,459 [pool-38-thread-1] INFO  server.RaftServerConfigKeys (ConfUtils.java:logGet(43)) - raft.server.snapshot.auto.trigger.threshold = 10000 (custom)
2019-09-12 10:07:45,459 [pool-38-thread-1] INFO  server.RaftServerConfigKeys (ConfUtils.java:logGet(43)) - raft.server.retrycache.expirytime = 600000ms (custom)
2019-09-12 10:07:45,460 [pool-38-thread-1] INFO  impl.RaftServerImpl (RaftServerImpl.java:start(180)) - 447f177c-7f71-4a4d-a27a-3030237688f4: start group-E0A1239C27E9
2019-09-12 10:07:45,460 [pool-38-thread-1] INFO  impl.RaftServerImpl (RaftServerImpl.java:setRole(171)) - 447f177c-7f71-4a4d-a27a-3030237688f4:group-E0A1239C27E9 changes role from null to FOLLOWER at term 0 for startAsFollower
2019-09-12 10:07:45,460 [pool-38-thread-1] INFO  impl.RoleInfo (RoleInfo.java:updateAndGet(143)) - 447f177c-7f71-4a4d-a27a-3030237688f4: start FollowerState
2019-09-12 10:07:45,460 [pool-38-thread-1] INFO  util.JmxRegister (JmxRegister.java:tryRegister(44)) - Successfully registered JMX Bean with object name Ratis:service=RaftServer,group=group-E0A1239C27E9,id=447f177c-7f71-4a4d-a27a-3030237688f4
2019-09-12 10:07:45,472 [RatisPipelineUtilsThread] INFO  pipeline.PipelineStateManager (PipelineStateManager.java:addPipeline(56)) - Created pipeline Pipeline[ Id: c79ea884-a767-4729-a41c-e0a1239c27e9, Nodes: 447f177c-7f71-4a4d-a27a-3030237688f4{ip: 192.168.36.114, host: pr-hdds-1569-58hkm-1881083799, networkLocation: /default-rack, certSerialId: null}, Type:RATIS, Factor:ONE, State:OPEN]
2019-09-12 10:07:45,486 [grpc-default-executor-0] INFO  impl.RaftServerProxy (RaftServerProxy.java:addNew(89)) - 447f177c-7f71-4a4d-a27a-3030237688f4: addNew group-00A720130435:[447f177c-7f71-4a4d-a27a-3030237688f4:192.168.36.114:45663] returns group-00A720130435:java.util.concurrent.CompletableFuture@57e8fa32[Not completed]
2019-09-12 10:07:45,487 [pool-38-thread-1] INFO  impl.RaftServerImpl (RaftServerImpl.java:<init>(93)) - 447f177c-7f71-4a4d-a27a-3030237688f4: new RaftServerImpl for group-00A720130435:[447f177c-7f71-4a4d-a27a-3030237688f4:192.168.36.114:45663] with ContainerStateMachine:uninitialized
2019-09-12 10:07:45,487 [pool-38-thread-1] INFO  server.RaftServerConfigKeys (ConfUtils.java:logGet(43)) - raft.server.rpc.timeout.min = 5s (custom)
2019-09-12 10:07:45,488 [pool-38-thread-1] INFO  server.RaftServerConfigKeys (ConfUtils.java:logGet(43)) - raft.server.rpc.timeout.max = 5200ms (custom)
2019-09-12 10:07:45,488 [pool-38-thread-1] INFO  server.RaftServerConfigKeys (ConfUtils.java:logGet(43)) - raft.server.rpcslowness.timeout = 120s (custom)
2019-09-12 10:07:45,488 [pool-38-thread-1] INFO  server.RaftServerConfigKeys (ConfUtils.java:logGet(43)) - raft.server.sleep.deviation.threshold = 300 (default)
2019-09-12 10:07:45,488 [pool-38-thread-1] INFO  server.RaftServerConfigKeys (ConfUtils.java:logGet(43)) - raft.server.log.appender.install.snapshot.enabled = false (custom)
2019-09-12 10:07:45,488 [pool-38-thread-1] INFO  impl.RaftServerImpl (ServerState.java:<init>(105)) - 447f177c-7f71-4a4d-a27a-3030237688f4:group-00A720130435 ConfigurationManager, init=-1: [447f177c-7f71-4a4d-a27a-3030237688f4:192.168.36.114:45663], old=null, confs=<EMPTY_MAP>
2019-09-12 10:07:45,488 [pool-38-thread-1] INFO  server.RaftServerConfigKeys (ConfUtils.java:logGet(43)) - raft.server.storage.dir = [/workdir/hadoop-ozone/integration-test/target/test-dir/MiniOzoneClusterImpl-d63a1c8a-c167-4d1c-9f21-7a8d4f3a0684/datanode-1/data/ratis] (custom)
2019-09-12 10:07:45,489 [pool-38-thread-1] INFO  storage.RaftStorageDirectory (RaftStorageDirectory.java:analyzeStorage(246)) - The storage directory /workdir/hadoop-ozone/integration-test/target/test-dir/MiniOzoneClusterImpl-d63a1c8a-c167-4d1c-9f21-7a8d4f3a0684/datanode-1/data/ratis/8f2606de-f96c-4699-9145-00a720130435 does not exist. Creating ...
2019-09-12 10:07:45,497 [pool-38-thread-1] INFO  storage.RaftStorageDirectory (RaftStorageDirectory.java:tryLock(328)) - Lock on /workdir/hadoop-ozone/integration-test/target/test-dir/MiniOzoneClusterImpl-d63a1c8a-c167-4d1c-9f21-7a8d4f3a0684/datanode-1/data/ratis/8f2606de-f96c-4699-9145-00a720130435/in_use.lock acquired by nodename 384@pr-hdds-1569-58hkm-1881083799
2019-09-12 10:07:45,514 [pool-38-thread-1] INFO  storage.RaftStorage (RaftStorage.java:format(72)) - Storage directory /workdir/hadoop-ozone/integration-test/target/test-dir/MiniOzoneClusterImpl-d63a1c8a-c167-4d1c-9f21-7a8d4f3a0684/datanode-1/data/ratis/8f2606de-f96c-4699-9145-00a720130435 has been successfully formatted.
2019-09-12 10:07:45,514 [pool-38-thread-1] INFO  ratis.ContainerStateMachine (ContainerStateMachine.java:loadSnapshot(226)) - group-00A720130435: The snapshot info is null. Setting the last applied indexto:(t:0, i:~)
2019-09-12 10:07:45,514 [pool-38-thread-1] INFO  server.RaftServerConfigKeys (ConfUtils.java:logGet(43)) - raft.server.leader.election.timeout = 120s (custom)
2019-09-12 10:07:45,515 [pool-38-thread-1] INFO  server.RaftServerConfigKeys (ConfUtils.java:logGet(43)) - raft.server.log.use.memory = false (default)
2019-09-12 10:07:45,515 [pool-38-thread-1] INFO  server.RaftServerConfigKeys (ConfUtils.java:logGet(43)) - raft.server.log.purge.gap = 1000000 (custom)
2019-09-12 10:07:45,515 [pool-38-thread-1] INFO  server.RaftServerConfigKeys (ConfUtils.java:logGet(43)) - raft.server.log.appender.buffer.byte-limit = 33554432 (custom)
2019-09-12 10:07:45,515 [pool-38-thread-1] INFO  server.RaftServerConfigKeys (ConfUtils.java:logGet(43)) - raft.server.log.segment.size.max = 1048576 (custom)
2019-09-12 10:07:45,515 [pool-38-thread-1] INFO  server.RaftServerConfigKeys (ConfUtils.java:logGet(43)) - raft.server.log.segment.cache.num.max = 2 (custom)
2019-09-12 10:07:45,515 [pool-38-thread-1] INFO  segmented.SegmentedRaftLogWorker (SegmentedRaftLogWorker.java:<init>(172)) - new 447f177c-7f71-4a4d-a27a-3030237688f4-SegmentedRaftLogWorker:Storage Directory /workdir/hadoop-ozone/integration-test/target/test-dir/MiniOzoneClusterImpl-d63a1c8a-c167-4d1c-9f21-7a8d4f3a0684/datanode-1/data/ratis/8f2606de-f96c-4699-9145-00a720130435 for RaftStorage:Storage Directory /workdir/hadoop-ozone/integration-test/target/test-dir/MiniOzoneClusterImpl-d63a1c8a-c167-4d1c-9f21-7a8d4f3a0684/datanode-1/data/ratis/8f2606de-f96c-4699-9145-00a720130435
2019-09-12 10:07:45,516 [pool-38-thread-1] INFO  server.RaftServerConfigKeys (ConfUtils.java:logGet(43)) - raft.server.log.queue.byte-limit = 2147483647 (custom)
2019-09-12 10:07:45,516 [pool-38-thread-1] INFO  server.RaftServerConfigKeys (ConfUtils.java:logGet(43)) - raft.server.log.queue.element-limit = 1024 (custom)
2019-09-12 10:07:45,516 [pool-38-thread-1] INFO  server.RaftServerConfigKeys (ConfUtils.java:logGet(43)) - raft.server.log.segment.size.max = 1048576 (custom)
2019-09-12 10:07:45,516 [pool-38-thread-1] INFO  server.RaftServerConfigKeys (ConfUtils.java:logGet(43)) - raft.server.log.preallocated.size = 16384 (custom)
2019-09-12 10:07:45,516 [pool-38-thread-1] INFO  server.RaftServerConfigKeys (ConfUtils.java:logGet(43)) - raft.server.log.write.buffer.size = 33554432 (custom)
2019-09-12 10:07:45,516 [pool-38-thread-1] INFO  server.RaftServerConfigKeys (ConfUtils.java:logGet(43)) - raft.server.log.force.sync.num = 128 (default)
2019-09-12 10:07:45,516 [pool-38-thread-1] INFO  server.RaftServerConfigKeys (ConfUtils.java:logGet(43)) - raft.server.log.statemachine.data.sync = true (default)
2019-09-12 10:07:45,517 [pool-38-thread-1] INFO  server.RaftServerConfigKeys (ConfUtils.java:logGet(43)) - raft.server.log.statemachine.data.sync.timeout = 10s (default)
2019-09-12 10:07:45,517 [pool-38-thread-1] INFO  server.RaftServerConfigKeys (ConfUtils.java:logGet(43)) - raft.server.log.statemachine.data.sync.timeout.retry = -1 (default)
2019-09-12 10:07:45,517 [pool-38-thread-1] INFO  server.RaftServerConfigKeys (ConfUtils.java:logGet(43)) - raft.server.log.statemachine.data.caching.enabled = true (custom)
2019-09-12 10:07:45,517 [pool-38-thread-1] INFO  segmented.SegmentedRaftLogWorker (SegmentedRaftLogWorker.java:lambda$new$0(132)) - 447f177c-7f71-4a4d-a27a-3030237688f4-SegmentedRaftLogWorker:Storage Directory /workdir/hadoop-ozone/integration-test/target/test-dir/MiniOzoneClusterImpl-d63a1c8a-c167-4d1c-9f21-7a8d4f3a0684/datanode-1/data/ratis/8f2606de-f96c-4699-9145-00a720130435: flushIndex: setUnconditionally 0 -> -1
2019-09-12 10:07:45,518 [pool-38-thread-1] INFO  server.RaftServerConfigKeys (ConfUtils.java:logGet(43)) - raft.server.snapshot.auto.trigger.enabled = true (custom)
2019-09-12 10:07:45,518 [pool-38-thread-1] INFO  server.RaftServerConfigKeys (ConfUtils.java:logGet(43)) - raft.server.snapshot.auto.trigger.threshold = 10000 (custom)
2019-09-12 10:07:45,518 [pool-38-thread-1] INFO  server.RaftServerConfigKeys (ConfUtils.java:logGet(43)) - raft.server.retrycache.expirytime = 600000ms (custom)
2019-09-12 10:07:45,518 [pool-38-thread-1] INFO  impl.RaftServerImpl (RaftServerImpl.java:start(180)) - 447f177c-7f71-4a4d-a27a-3030237688f4: start group-00A720130435
2019-09-12 10:07:45,519 [pool-38-thread-1] INFO  impl.RaftServerImpl (RaftServerImpl.java:setRole(171)) - 447f177c-7f71-4a4d-a27a-3030237688f4:group-00A720130435 changes role from null to FOLLOWER at term 0 for startAsFollower
2019-09-12 10:07:45,519 [pool-38-thread-1] INFO  impl.RoleInfo (RoleInfo.java:updateAndGet(143)) - 447f177c-7f71-4a4d-a27a-3030237688f4: start FollowerState
2019-09-12 10:07:45,519 [pool-38-thread-1] INFO  util.JmxRegister (JmxRegister.java:tryRegister(44)) - Successfully registered JMX Bean with object name Ratis:service=RaftServer,group=group-00A720130435,id=447f177c-7f71-4a4d-a27a-3030237688f4
2019-09-12 10:07:45,528 [RatisPipelineUtilsThread] INFO  pipeline.PipelineStateManager (PipelineStateManager.java:addPipeline(56)) - Created pipeline Pipeline[ Id: 8f2606de-f96c-4699-9145-00a720130435, Nodes: 447f177c-7f71-4a4d-a27a-3030237688f4{ip: 192.168.36.114, host: pr-hdds-1569-58hkm-1881083799, networkLocation: /default-rack, certSerialId: null}, Type:RATIS, Factor:ONE, State:OPEN]
2019-09-12 10:07:45,540 [grpc-default-executor-0] INFO  impl.RaftServerProxy (RaftServerProxy.java:addNew(89)) - 447f177c-7f71-4a4d-a27a-3030237688f4: addNew group-9F3130478938:[447f177c-7f71-4a4d-a27a-3030237688f4:192.168.36.114:45663] returns group-9F3130478938:java.util.concurrent.CompletableFuture@7da27257[Not completed]
2019-09-12 10:07:45,542 [pool-38-thread-1] INFO  impl.RaftServerImpl (RaftServerImpl.java:<init>(93)) - 447f177c-7f71-4a4d-a27a-3030237688f4: new RaftServerImpl for group-9F3130478938:[447f177c-7f71-4a4d-a27a-3030237688f4:192.168.36.114:45663] with ContainerStateMachine:uninitialized
2019-09-12 10:07:45,542 [pool-38-thread-1] INFO  server.RaftServerConfigKeys (ConfUtils.java:logGet(43)) - raft.server.rpc.timeout.min = 5s (custom)
2019-09-12 10:07:45,542 [pool-38-thread-1] INFO  server.RaftServerConfigKeys (ConfUtils.java:logGet(43)) - raft.server.rpc.timeout.max = 5200ms (custom)
2019-09-12 10:07:45,542 [pool-38-thread-1] INFO  server.RaftServerConfigKeys (ConfUtils.java:logGet(43)) - raft.server.rpcslowness.timeout = 120s (custom)
2019-09-12 10:07:45,542 [pool-38-thread-1] INFO  server.RaftServerConfigKeys (ConfUtils.java:logGet(43)) - raft.server.sleep.deviation.threshold = 300 (default)
2019-09-12 10:07:45,542 [pool-38-thread-1] INFO  server.RaftServerConfigKeys (ConfUtils.java:logGet(43)) - raft.server.log.appender.install.snapshot.enabled = false (custom)
2019-09-12 10:07:45,543 [pool-38-thread-1] INFO  impl.RaftServerImpl (ServerState.java:<init>(105)) - 447f177c-7f71-4a4d-a27a-3030237688f4:group-9F3130478938 ConfigurationManager, init=-1: [447f177c-7f71-4a4d-a27a-3030237688f4:192.168.36.114:45663], old=null, confs=<EMPTY_MAP>
2019-09-12 10:07:45,543 [pool-38-thread-1] INFO  server.RaftServerConfigKeys (ConfUtils.java:logGet(43)) - raft.server.storage.dir = [/workdir/hadoop-ozone/integration-test/target/test-dir/MiniOzoneClusterImpl-d63a1c8a-c167-4d1c-9f21-7a8d4f3a0684/datanode-1/data/ratis] (custom)
2019-09-12 10:07:45,543 [pool-38-thread-1] INFO  storage.RaftStorageDirectory (RaftStorageDirectory.java:analyzeStorage(246)) - The storage directory /workdir/hadoop-ozone/integration-test/target/test-dir/MiniOzoneClusterImpl-d63a1c8a-c167-4d1c-9f21-7a8d4f3a0684/datanode-1/data/ratis/9069c9ba-3e18-435b-b5c6-9f3130478938 does not exist. Creating ...
2019-09-12 10:07:45,550 [pool-38-thread-1] INFO  storage.RaftStorageDirectory (RaftStorageDirectory.java:tryLock(328)) - Lock on /workdir/hadoop-ozone/integration-test/target/test-dir/MiniOzoneClusterImpl-d63a1c8a-c167-4d1c-9f21-7a8d4f3a0684/datanode-1/data/ratis/9069c9ba-3e18-435b-b5c6-9f3130478938/in_use.lock acquired by nodename 384@pr-hdds-1569-58hkm-1881083799
2019-09-12 10:07:45,564 [pool-38-thread-1] INFO  storage.RaftStorage (RaftStorage.java:format(72)) - Storage directory /workdir/hadoop-ozone/integration-test/target/test-dir/MiniOzoneClusterImpl-d63a1c8a-c167-4d1c-9f21-7a8d4f3a0684/datanode-1/data/ratis/9069c9ba-3e18-435b-b5c6-9f3130478938 has been successfully formatted.
2019-09-12 10:07:45,565 [pool-38-thread-1] INFO  ratis.ContainerStateMachine (ContainerStateMachine.java:loadSnapshot(226)) - group-9F3130478938: The snapshot info is null. Setting the last applied indexto:(t:0, i:~)
2019-09-12 10:07:45,565 [pool-38-thread-1] INFO  server.RaftServerConfigKeys (ConfUtils.java:logGet(43)) - raft.server.leader.election.timeout = 120s (custom)
2019-09-12 10:07:45,565 [pool-38-thread-1] INFO  server.RaftServerConfigKeys (ConfUtils.java:logGet(43)) - raft.server.log.use.memory = false (default)
2019-09-12 10:07:45,565 [pool-38-thread-1] INFO  server.RaftServerConfigKeys (ConfUtils.java:logGet(43)) - raft.server.log.purge.gap = 1000000 (custom)
2019-09-12 10:07:45,566 [pool-38-thread-1] INFO  server.RaftServerConfigKeys (ConfUtils.java:logGet(43)) - raft.server.log.appender.buffer.byte-limit = 33554432 (custom)
2019-09-12 10:07:45,566 [pool-38-thread-1] INFO  server.RaftServerConfigKeys (ConfUtils.java:logGet(43)) - raft.server.log.segment.size.max = 1048576 (custom)
2019-09-12 10:07:45,566 [pool-38-thread-1] INFO  server.RaftServerConfigKeys (ConfUtils.java:logGet(43)) - raft.server.log.segment.cache.num.max = 2 (custom)
2019-09-12 10:07:45,566 [pool-38-thread-1] INFO  segmented.SegmentedRaftLogWorker (SegmentedRaftLogWorker.java:<init>(172)) - new 447f177c-7f71-4a4d-a27a-3030237688f4-SegmentedRaftLogWorker:Storage Directory /workdir/hadoop-ozone/integration-test/target/test-dir/MiniOzoneClusterImpl-d63a1c8a-c167-4d1c-9f21-7a8d4f3a0684/datanode-1/data/ratis/9069c9ba-3e18-435b-b5c6-9f3130478938 for RaftStorage:Storage Directory /workdir/hadoop-ozone/integration-test/target/test-dir/MiniOzoneClusterImpl-d63a1c8a-c167-4d1c-9f21-7a8d4f3a0684/datanode-1/data/ratis/9069c9ba-3e18-435b-b5c6-9f3130478938
2019-09-12 10:07:45,566 [pool-38-thread-1] INFO  server.RaftServerConfigKeys (ConfUtils.java:logGet(43)) - raft.server.log.queue.byte-limit = 2147483647 (custom)
2019-09-12 10:07:45,566 [pool-38-thread-1] INFO  server.RaftServerConfigKeys (ConfUtils.java:logGet(43)) - raft.server.log.queue.element-limit = 1024 (custom)
2019-09-12 10:07:45,567 [pool-38-thread-1] INFO  server.RaftServerConfigKeys (ConfUtils.java:logGet(43)) - raft.server.log.segment.size.max = 1048576 (custom)
2019-09-12 10:07:45,567 [pool-38-thread-1] INFO  server.RaftServerConfigKeys (ConfUtils.java:logGet(43)) - raft.server.log.preallocated.size = 16384 (custom)
2019-09-12 10:07:45,567 [pool-38-thread-1] INFO  server.RaftServerConfigKeys (ConfUtils.java:logGet(43)) - raft.server.log.write.buffer.size = 33554432 (custom)
2019-09-12 10:07:45,567 [pool-38-thread-1] INFO  server.RaftServerConfigKeys (ConfUtils.java:logGet(43)) - raft.server.log.force.sync.num = 128 (default)
2019-09-12 10:07:45,567 [pool-38-thread-1] INFO  server.RaftServerConfigKeys (ConfUtils.java:logGet(43)) - raft.server.log.statemachine.data.sync = true (default)
2019-09-12 10:07:45,567 [pool-38-thread-1] INFO  server.RaftServerConfigKeys (ConfUtils.java:logGet(43)) - raft.server.log.statemachine.data.sync.timeout = 10s (default)
2019-09-12 10:07:45,568 [pool-38-thread-1] INFO  server.RaftServerConfigKeys (ConfUtils.java:logGet(43)) - raft.server.log.statemachine.data.sync.timeout.retry = -1 (default)
2019-09-12 10:07:45,568 [pool-38-thread-1] INFO  server.RaftServerConfigKeys (ConfUtils.java:logGet(43)) - raft.server.log.statemachine.data.caching.enabled = true (custom)
2019-09-12 10:07:45,568 [pool-38-thread-1] INFO  segmented.SegmentedRaftLogWorker (SegmentedRaftLogWorker.java:lambda$new$0(132)) - 447f177c-7f71-4a4d-a27a-3030237688f4-SegmentedRaftLogWorker:Storage Directory /workdir/hadoop-ozone/integration-test/target/test-dir/MiniOzoneClusterImpl-d63a1c8a-c167-4d1c-9f21-7a8d4f3a0684/datanode-1/data/ratis/9069c9ba-3e18-435b-b5c6-9f3130478938: flushIndex: setUnconditionally 0 -> -1
2019-09-12 10:07:45,569 [pool-38-thread-1] INFO  server.RaftServerConfigKeys (ConfUtils.java:logGet(43)) - raft.server.snapshot.auto.trigger.enabled = true (custom)
2019-09-12 10:07:45,569 [pool-38-thread-1] INFO  server.RaftServerConfigKeys (ConfUtils.java:logGet(43)) - raft.server.snapshot.auto.trigger.threshold = 10000 (custom)
2019-09-12 10:07:45,569 [pool-38-thread-1] INFO  server.RaftServerConfigKeys (ConfUtils.java:logGet(43)) - raft.server.retrycache.expirytime = 600000ms (custom)
2019-09-12 10:07:45,569 [pool-38-thread-1] INFO  impl.RaftServerImpl (RaftServerImpl.java:start(180)) - 447f177c-7f71-4a4d-a27a-3030237688f4: start group-9F3130478938
2019-09-12 10:07:45,569 [pool-38-thread-1] INFO  impl.RaftServerImpl (RaftServerImpl.java:setRole(171)) - 447f177c-7f71-4a4d-a27a-3030237688f4:group-9F3130478938 changes role from null to FOLLOWER at term 0 for startAsFollower
2019-09-12 10:07:45,570 [pool-38-thread-1] INFO  impl.RoleInfo (RoleInfo.java:updateAndGet(143)) - 447f177c-7f71-4a4d-a27a-3030237688f4: start FollowerState
2019-09-12 10:07:45,570 [pool-38-thread-1] INFO  util.JmxRegister (JmxRegister.java:tryRegister(44)) - Successfully registered JMX Bean with object name Ratis:service=RaftServer,group=group-9F3130478938,id=447f177c-7f71-4a4d-a27a-3030237688f4
2019-09-12 10:07:45,580 [RatisPipelineUtilsThread] INFO  pipeline.PipelineStateManager (PipelineStateManager.java:addPipeline(56)) - Created pipeline Pipeline[ Id: 9069c9ba-3e18-435b-b5c6-9f3130478938, Nodes: 447f177c-7f71-4a4d-a27a-3030237688f4{ip: 192.168.36.114, host: pr-hdds-1569-58hkm-1881083799, networkLocation: /default-rack, certSerialId: null}, Type:RATIS, Factor:ONE, State:OPEN]
2019-09-12 10:07:45,593 [grpc-default-executor-0] INFO  impl.RaftServerProxy (RaftServerProxy.java:addNew(89)) - 3e9857ac-fa98-4731-b68d-6854c6ac33e1: addNew group-6A90156F8027:[3e9857ac-fa98-4731-b68d-6854c6ac33e1:192.168.36.114:37352] returns group-6A90156F8027:java.util.concurrent.CompletableFuture@385fd8c4[Not completed]
2019-09-12 10:07:45,595 [pool-49-thread-1] INFO  impl.RaftServerImpl (RaftServerImpl.java:<init>(93)) - 3e9857ac-fa98-4731-b68d-6854c6ac33e1: new RaftServerImpl for group-6A90156F8027:[3e9857ac-fa98-4731-b68d-6854c6ac33e1:192.168.36.114:37352] with ContainerStateMachine:uninitialized
2019-09-12 10:07:45,595 [pool-49-thread-1] INFO  server.RaftServerConfigKeys (ConfUtils.java:logGet(43)) - raft.server.rpc.timeout.min = 5s (custom)
2019-09-12 10:07:45,595 [pool-49-thread-1] INFO  server.RaftServerConfigKeys (ConfUtils.java:logGet(43)) - raft.server.rpc.timeout.max = 5200ms (custom)
2019-09-12 10:07:45,596 [pool-49-thread-1] INFO  server.RaftServerConfigKeys (ConfUtils.java:logGet(43)) - raft.server.rpcslowness.timeout = 120s (custom)
2019-09-12 10:07:45,596 [pool-49-thread-1] INFO  server.RaftServerConfigKeys (ConfUtils.java:logGet(43)) - raft.server.sleep.deviation.threshold = 300 (default)
2019-09-12 10:07:45,596 [pool-49-thread-1] INFO  server.RaftServerConfigKeys (ConfUtils.java:logGet(43)) - raft.server.log.appender.install.snapshot.enabled = false (custom)
2019-09-12 10:07:45,596 [pool-49-thread-1] INFO  impl.RaftServerImpl (ServerState.java:<init>(105)) - 3e9857ac-fa98-4731-b68d-6854c6ac33e1:group-6A90156F8027 ConfigurationManager, init=-1: [3e9857ac-fa98-4731-b68d-6854c6ac33e1:192.168.36.114:37352], old=null, confs=<EMPTY_MAP>
2019-09-12 10:07:45,596 [pool-49-thread-1] INFO  server.RaftServerConfigKeys (ConfUtils.java:logGet(43)) - raft.server.storage.dir = [/workdir/hadoop-ozone/integration-test/target/test-dir/MiniOzoneClusterImpl-d63a1c8a-c167-4d1c-9f21-7a8d4f3a0684/datanode-2/data/ratis] (custom)
2019-09-12 10:07:45,597 [pool-49-thread-1] INFO  storage.RaftStorageDirectory (RaftStorageDirectory.java:analyzeStorage(246)) - The storage directory /workdir/hadoop-ozone/integration-test/target/test-dir/MiniOzoneClusterImpl-d63a1c8a-c167-4d1c-9f21-7a8d4f3a0684/datanode-2/data/ratis/98182e61-98f4-484f-9461-6a90156f8027 does not exist. Creating ...
2019-09-12 10:07:45,606 [pool-49-thread-1] INFO  storage.RaftStorageDirectory (RaftStorageDirectory.java:tryLock(328)) - Lock on /workdir/hadoop-ozone/integration-test/target/test-dir/MiniOzoneClusterImpl-d63a1c8a-c167-4d1c-9f21-7a8d4f3a0684/datanode-2/data/ratis/98182e61-98f4-484f-9461-6a90156f8027/in_use.lock acquired by nodename 384@pr-hdds-1569-58hkm-1881083799
2019-09-12 10:07:45,625 [pool-49-thread-1] INFO  storage.RaftStorage (RaftStorage.java:format(72)) - Storage directory /workdir/hadoop-ozone/integration-test/target/test-dir/MiniOzoneClusterImpl-d63a1c8a-c167-4d1c-9f21-7a8d4f3a0684/datanode-2/data/ratis/98182e61-98f4-484f-9461-6a90156f8027 has been successfully formatted.
2019-09-12 10:07:45,625 [pool-49-thread-1] INFO  ratis.ContainerStateMachine (ContainerStateMachine.java:loadSnapshot(226)) - group-6A90156F8027: The snapshot info is null. Setting the last applied indexto:(t:0, i:~)
2019-09-12 10:07:45,626 [pool-49-thread-1] INFO  server.RaftServerConfigKeys (ConfUtils.java:logGet(43)) - raft.server.leader.election.timeout = 120s (custom)
2019-09-12 10:07:45,626 [pool-49-thread-1] INFO  server.RaftServerConfigKeys (ConfUtils.java:logGet(43)) - raft.server.log.use.memory = false (default)
2019-09-12 10:07:45,626 [pool-49-thread-1] INFO  server.RaftServerConfigKeys (ConfUtils.java:logGet(43)) - raft.server.log.purge.gap = 1000000 (custom)
2019-09-12 10:07:45,626 [pool-49-thread-1] INFO  server.RaftServerConfigKeys (ConfUtils.java:logGet(43)) - raft.server.log.appender.buffer.byte-limit = 33554432 (custom)
2019-09-12 10:07:45,627 [pool-49-thread-1] INFO  server.RaftServerConfigKeys (ConfUtils.java:logGet(43)) - raft.server.log.segment.size.max = 1048576 (custom)
2019-09-12 10:07:45,627 [pool-49-thread-1] INFO  server.RaftServerConfigKeys (ConfUtils.java:logGet(43)) - raft.server.log.segment.cache.num.max = 2 (custom)
2019-09-12 10:07:45,627 [pool-49-thread-1] INFO  segmented.SegmentedRaftLogWorker (SegmentedRaftLogWorker.java:<init>(172)) - new 3e9857ac-fa98-4731-b68d-6854c6ac33e1-SegmentedRaftLogWorker:Storage Directory /workdir/hadoop-ozone/integration-test/target/test-dir/MiniOzoneClusterImpl-d63a1c8a-c167-4d1c-9f21-7a8d4f3a0684/datanode-2/data/ratis/98182e61-98f4-484f-9461-6a90156f8027 for RaftStorage:Storage Directory /workdir/hadoop-ozone/integration-test/target/test-dir/MiniOzoneClusterImpl-d63a1c8a-c167-4d1c-9f21-7a8d4f3a0684/datanode-2/data/ratis/98182e61-98f4-484f-9461-6a90156f8027
2019-09-12 10:07:45,627 [pool-49-thread-1] INFO  server.RaftServerConfigKeys (ConfUtils.java:logGet(43)) - raft.server.log.queue.byte-limit = 2147483647 (custom)
2019-09-12 10:07:45,627 [pool-49-thread-1] INFO  server.RaftServerConfigKeys (ConfUtils.java:logGet(43)) - raft.server.log.queue.element-limit = 1024 (custom)
2019-09-12 10:07:45,628 [pool-49-thread-1] INFO  server.RaftServerConfigKeys (ConfUtils.java:logGet(43)) - raft.server.log.segment.size.max = 1048576 (custom)
2019-09-12 10:07:45,628 [pool-49-thread-1] INFO  server.RaftServerConfigKeys (ConfUtils.java:logGet(43)) - raft.server.log.preallocated.size = 16384 (custom)
2019-09-12 10:07:45,628 [pool-49-thread-1] INFO  server.RaftServerConfigKeys (ConfUtils.java:logGet(43)) - raft.server.log.write.buffer.size = 33554432 (custom)
2019-09-12 10:07:45,628 [pool-49-thread-1] INFO  server.RaftServerConfigKeys (ConfUtils.java:logGet(43)) - raft.server.log.force.sync.num = 128 (default)
2019-09-12 10:07:45,628 [pool-49-thread-1] INFO  server.RaftServerConfigKeys (ConfUtils.java:logGet(43)) - raft.server.log.statemachine.data.sync = true (default)
2019-09-12 10:07:45,628 [pool-49-thread-1] INFO  server.RaftServerConfigKeys (ConfUtils.java:logGet(43)) - raft.server.log.statemachine.data.sync.timeout = 10s (default)
2019-09-12 10:07:45,629 [pool-49-thread-1] INFO  server.RaftServerConfigKeys (ConfUtils.java:logGet(43)) - raft.server.log.statemachine.data.sync.timeout.retry = -1 (default)
2019-09-12 10:07:45,629 [pool-49-thread-1] INFO  server.RaftServerConfigKeys (ConfUtils.java:logGet(43)) - raft.server.log.statemachine.data.caching.enabled = true (custom)
2019-09-12 10:07:45,629 [pool-49-thread-1] INFO  segmented.SegmentedRaftLogWorker (SegmentedRaftLogWorker.java:lambda$new$0(132)) - 3e9857ac-fa98-4731-b68d-6854c6ac33e1-SegmentedRaftLogWorker:Storage Directory /workdir/hadoop-ozone/integration-test/target/test-dir/MiniOzoneClusterImpl-d63a1c8a-c167-4d1c-9f21-7a8d4f3a0684/datanode-2/data/ratis/98182e61-98f4-484f-9461-6a90156f8027: flushIndex: setUnconditionally 0 -> -1
2019-09-12 10:07:45,630 [pool-49-thread-1] INFO  server.RaftServerConfigKeys (ConfUtils.java:logGet(43)) - raft.server.snapshot.auto.trigger.enabled = true (custom)
2019-09-12 10:07:45,630 [pool-49-thread-1] INFO  server.RaftServerConfigKeys (ConfUtils.java:logGet(43)) - raft.server.snapshot.auto.trigger.threshold = 10000 (custom)
2019-09-12 10:07:45,630 [pool-49-thread-1] INFO  server.RaftServerConfigKeys (ConfUtils.java:logGet(43)) - raft.server.retrycache.expirytime = 600000ms (custom)
2019-09-12 10:07:45,630 [pool-49-thread-1] INFO  impl.RaftServerImpl (RaftServerImpl.java:start(180)) - 3e9857ac-fa98-4731-b68d-6854c6ac33e1: start group-6A90156F8027
2019-09-12 10:07:45,630 [pool-49-thread-1] INFO  impl.RaftServerImpl (RaftServerImpl.java:setRole(171)) - 3e9857ac-fa98-4731-b68d-6854c6ac33e1:group-6A90156F8027 changes role from null to FOLLOWER at term 0 for startAsFollower
2019-09-12 10:07:45,631 [pool-49-thread-1] INFO  impl.RoleInfo (RoleInfo.java:updateAndGet(143)) - 3e9857ac-fa98-4731-b68d-6854c6ac33e1: start FollowerState
2019-09-12 10:07:45,631 [pool-49-thread-1] INFO  util.JmxRegister (JmxRegister.java:tryRegister(44)) - Successfully registered JMX Bean with object name Ratis:service=RaftServer,group=group-6A90156F8027,id=3e9857ac-fa98-4731-b68d-6854c6ac33e1
2019-09-12 10:07:45,639 [RatisPipelineUtilsThread] INFO  pipeline.PipelineStateManager (PipelineStateManager.java:addPipeline(56)) - Created pipeline Pipeline[ Id: 98182e61-98f4-484f-9461-6a90156f8027, Nodes: 3e9857ac-fa98-4731-b68d-6854c6ac33e1{ip: 192.168.36.114, host: pr-hdds-1569-58hkm-1881083799, networkLocation: /default-rack, certSerialId: null}, Type:RATIS, Factor:ONE, State:OPEN]
2019-09-12 10:07:45,652 [grpc-default-executor-0] INFO  impl.RaftServerProxy (RaftServerProxy.java:addNew(89)) - edf5af1f-dc18-46e0-8c84-2b6d77687430: addNew group-0E7B23D6D317:[edf5af1f-dc18-46e0-8c84-2b6d77687430:192.168.36.114:41081] returns group-0E7B23D6D317:java.util.concurrent.CompletableFuture@9d0d94a[Not completed]
2019-09-12 10:07:45,654 [pool-27-thread-1] INFO  impl.RaftServerImpl (RaftServerImpl.java:<init>(93)) - edf5af1f-dc18-46e0-8c84-2b6d77687430: new RaftServerImpl for group-0E7B23D6D317:[edf5af1f-dc18-46e0-8c84-2b6d77687430:192.168.36.114:41081] with ContainerStateMachine:uninitialized
2019-09-12 10:07:45,654 [pool-27-thread-1] INFO  server.RaftServerConfigKeys (ConfUtils.java:logGet(43)) - raft.server.rpc.timeout.min = 5s (custom)
2019-09-12 10:07:45,654 [pool-27-thread-1] INFO  server.RaftServerConfigKeys (ConfUtils.java:logGet(43)) - raft.server.rpc.timeout.max = 5200ms (custom)
2019-09-12 10:07:45,654 [pool-27-thread-1] INFO  server.RaftServerConfigKeys (ConfUtils.java:logGet(43)) - raft.server.rpcslowness.timeout = 120s (custom)
2019-09-12 10:07:45,654 [pool-27-thread-1] INFO  server.RaftServerConfigKeys (ConfUtils.java:logGet(43)) - raft.server.sleep.deviation.threshold = 300 (default)
2019-09-12 10:07:45,655 [pool-27-thread-1] INFO  server.RaftServerConfigKeys (ConfUtils.java:logGet(43)) - raft.server.log.appender.install.snapshot.enabled = false (custom)
2019-09-12 10:07:45,655 [pool-27-thread-1] INFO  impl.RaftServerImpl (ServerState.java:<init>(105)) - edf5af1f-dc18-46e0-8c84-2b6d77687430:group-0E7B23D6D317 ConfigurationManager, init=-1: [edf5af1f-dc18-46e0-8c84-2b6d77687430:192.168.36.114:41081], old=null, confs=<EMPTY_MAP>
2019-09-12 10:07:45,655 [pool-27-thread-1] INFO  server.RaftServerConfigKeys (ConfUtils.java:logGet(43)) - raft.server.storage.dir = [/workdir/hadoop-ozone/integration-test/target/test-dir/MiniOzoneClusterImpl-d63a1c8a-c167-4d1c-9f21-7a8d4f3a0684/datanode-0/data/ratis] (custom)
2019-09-12 10:07:45,655 [pool-27-thread-1] INFO  storage.RaftStorageDirectory (RaftStorageDirectory.java:analyzeStorage(246)) - The storage directory /workdir/hadoop-ozone/integration-test/target/test-dir/MiniOzoneClusterImpl-d63a1c8a-c167-4d1c-9f21-7a8d4f3a0684/datanode-0/data/ratis/74d95e32-bd60-4bc0-aad1-0e7b23d6d317 does not exist. Creating ...
2019-09-12 10:07:45,999 | INFO  | SCMAudit | user=jenkins1000 | ip=192.168.36.114 | op=SEND_HEARTBEAT {datanodeUUID=3e9857ac-fa98-4731-b68d-6854c6ac33e1, command=[]} | ret=SUCCESS |  
2019-09-12 10:07:46,107 | INFO  | SCMAudit | user=jenkins1000 | ip=192.168.36.114 | op=SEND_HEARTBEAT {datanodeUUID=44359963-929d-49aa-9c1d-830dd9984733, command=[]} | ret=SUCCESS |  
2019-09-12 10:07:46,155 | INFO  | SCMAudit | user=jenkins1000 | ip=192.168.36.114 | op=SEND_HEARTBEAT {datanodeUUID=edf5af1f-dc18-46e0-8c84-2b6d77687430, command=[]} | ret=SUCCESS |  
2019-09-12 10:07:46,293 [Thread-192] INFO  container.ReplicationManager (ReplicationManager.java:start(151)) - Starting Replication Monitor Thread.
2019-09-12 10:07:46,400 | INFO  | SCMAudit | user=jenkins1000 | ip=192.168.36.114 | op=SEND_HEARTBEAT {datanodeUUID=447f177c-7f71-4a4d-a27a-3030237688f4, command=[]} | ret=SUCCESS |  
2019-09-12 10:07:46,530 [pool-27-thread-1] INFO  storage.RaftStorageDirectory (RaftStorageDirectory.java:tryLock(328)) - Lock on /workdir/hadoop-ozone/integration-test/target/test-dir/MiniOzoneClusterImpl-d63a1c8a-c167-4d1c-9f21-7a8d4f3a0684/datanode-0/data/ratis/74d95e32-bd60-4bc0-aad1-0e7b23d6d317/in_use.lock acquired by nodename 384@pr-hdds-1569-58hkm-1881083799
2019-09-12 10:07:47,004 | INFO  | SCMAudit | user=jenkins1000 | ip=192.168.36.114 | op=SEND_HEARTBEAT {datanodeUUID=3e9857ac-fa98-4731-b68d-6854c6ac33e1, command=[]} | ret=SUCCESS |  
2019-09-12 10:07:47,108 | INFO  | SCMAudit | user=jenkins1000 | ip=192.168.36.114 | op=SEND_HEARTBEAT {datanodeUUID=44359963-929d-49aa-9c1d-830dd9984733, command=[]} | ret=SUCCESS |  
2019-09-12 10:07:47,155 | INFO  | SCMAudit | user=jenkins1000 | ip=192.168.36.114 | op=SEND_HEARTBEAT {datanodeUUID=edf5af1f-dc18-46e0-8c84-2b6d77687430, command=[]} | ret=SUCCESS |  
2019-09-12 10:07:47,400 | INFO  | SCMAudit | user=jenkins1000 | ip=192.168.36.114 | op=SEND_HEARTBEAT {datanodeUUID=447f177c-7f71-4a4d-a27a-3030237688f4, command=[]} | ret=SUCCESS |  
2019-09-12 10:07:48,008 | INFO  | SCMAudit | user=jenkins1000 | ip=192.168.36.114 | op=SEND_HEARTBEAT {datanodeUUID=3e9857ac-fa98-4731-b68d-6854c6ac33e1, command=[]} | ret=SUCCESS |  
2019-09-12 10:07:48,107 | INFO  | SCMAudit | user=jenkins1000 | ip=192.168.36.114 | op=SEND_HEARTBEAT {datanodeUUID=44359963-929d-49aa-9c1d-830dd9984733, command=[]} | ret=SUCCESS |  
2019-09-12 10:07:48,154 | INFO  | SCMAudit | user=jenkins1000 | ip=192.168.36.114 | op=SEND_HEARTBEAT {datanodeUUID=edf5af1f-dc18-46e0-8c84-2b6d77687430, command=[]} | ret=SUCCESS |  
2019-09-12 10:07:48,399 | INFO  | SCMAudit | user=jenkins1000 | ip=192.168.36.114 | op=SEND_HEARTBEAT {datanodeUUID=447f177c-7f71-4a4d-a27a-3030237688f4, command=[]} | ret=SUCCESS |  
2019-09-12 10:07:48,438 [pool-27-thread-1] INFO  storage.RaftStorage (RaftStorage.java:format(72)) - Storage directory /workdir/hadoop-ozone/integration-test/target/test-dir/MiniOzoneClusterImpl-d63a1c8a-c167-4d1c-9f21-7a8d4f3a0684/datanode-0/data/ratis/74d95e32-bd60-4bc0-aad1-0e7b23d6d317 has been successfully formatted.
2019-09-12 10:07:48,438 [pool-27-thread-1] INFO  ratis.ContainerStateMachine (ContainerStateMachine.java:loadSnapshot(226)) - group-0E7B23D6D317: The snapshot info is null. Setting the last applied indexto:(t:0, i:~)
2019-09-12 10:07:48,439 [pool-27-thread-1] INFO  server.RaftServerConfigKeys (ConfUtils.java:logGet(43)) - raft.server.leader.election.timeout = 120s (custom)
2019-09-12 10:07:48,439 [pool-27-thread-1] INFO  server.RaftServerConfigKeys (ConfUtils.java:logGet(43)) - raft.server.log.use.memory = false (default)
2019-09-12 10:07:48,439 [pool-27-thread-1] INFO  server.RaftServerConfigKeys (ConfUtils.java:logGet(43)) - raft.server.log.purge.gap = 1000000 (custom)
2019-09-12 10:07:48,439 [pool-27-thread-1] INFO  server.RaftServerConfigKeys (ConfUtils.java:logGet(43)) - raft.server.log.appender.buffer.byte-limit = 33554432 (custom)
2019-09-12 10:07:48,440 [pool-27-thread-1] INFO  server.RaftServerConfigKeys (ConfUtils.java:logGet(43)) - raft.server.log.segment.size.max = 1048576 (custom)
2019-09-12 10:07:48,440 [pool-27-thread-1] INFO  server.RaftServerConfigKeys (ConfUtils.java:logGet(43)) - raft.server.log.segment.cache.num.max = 2 (custom)
2019-09-12 10:07:48,440 [pool-27-thread-1] INFO  segmented.SegmentedRaftLogWorker (SegmentedRaftLogWorker.java:<init>(172)) - new edf5af1f-dc18-46e0-8c84-2b6d77687430-SegmentedRaftLogWorker:Storage Directory /workdir/hadoop-ozone/integration-test/target/test-dir/MiniOzoneClusterImpl-d63a1c8a-c167-4d1c-9f21-7a8d4f3a0684/datanode-0/data/ratis/74d95e32-bd60-4bc0-aad1-0e7b23d6d317 for RaftStorage:Storage Directory /workdir/hadoop-ozone/integration-test/target/test-dir/MiniOzoneClusterImpl-d63a1c8a-c167-4d1c-9f21-7a8d4f3a0684/datanode-0/data/ratis/74d95e32-bd60-4bc0-aad1-0e7b23d6d317
2019-09-12 10:07:48,440 [pool-27-thread-1] INFO  server.RaftServerConfigKeys (ConfUtils.java:logGet(43)) - raft.server.log.queue.byte-limit = 2147483647 (custom)
2019-09-12 10:07:48,440 [pool-27-thread-1] INFO  server.RaftServerConfigKeys (ConfUtils.java:logGet(43)) - raft.server.log.queue.element-limit = 1024 (custom)
2019-09-12 10:07:48,440 [pool-27-thread-1] INFO  server.RaftServerConfigKeys (ConfUtils.java:logGet(43)) - raft.server.log.segment.size.max = 1048576 (custom)
2019-09-12 10:07:48,441 [pool-27-thread-1] INFO  server.RaftServerConfigKeys (ConfUtils.java:logGet(43)) - raft.server.log.preallocated.size = 16384 (custom)
2019-09-12 10:07:48,441 [pool-27-thread-1] INFO  server.RaftServerConfigKeys (ConfUtils.java:logGet(43)) - raft.server.log.write.buffer.size = 33554432 (custom)
2019-09-12 10:07:48,441 [pool-27-thread-1] INFO  server.RaftServerConfigKeys (ConfUtils.java:logGet(43)) - raft.server.log.force.sync.num = 128 (default)
2019-09-12 10:07:48,441 [pool-27-thread-1] INFO  server.RaftServerConfigKeys (ConfUtils.java:logGet(43)) - raft.server.log.statemachine.data.sync = true (default)
2019-09-12 10:07:48,441 [pool-27-thread-1] INFO  server.RaftServerConfigKeys (ConfUtils.java:logGet(43)) - raft.server.log.statemachine.data.sync.timeout = 10s (default)
2019-09-12 10:07:48,441 [pool-27-thread-1] INFO  server.RaftServerConfigKeys (ConfUtils.java:logGet(43)) - raft.server.log.statemachine.data.sync.timeout.retry = -1 (default)
2019-09-12 10:07:48,442 [pool-27-thread-1] INFO  server.RaftServerConfigKeys (ConfUtils.java:logGet(43)) - raft.server.log.statemachine.data.caching.enabled = true (custom)
2019-09-12 10:07:48,442 [pool-27-thread-1] INFO  segmented.SegmentedRaftLogWorker (SegmentedRaftLogWorker.java:lambda$new$0(132)) - edf5af1f-dc18-46e0-8c84-2b6d77687430-SegmentedRaftLogWorker:Storage Directory /workdir/hadoop-ozone/integration-test/target/test-dir/MiniOzoneClusterImpl-d63a1c8a-c167-4d1c-9f21-7a8d4f3a0684/datanode-0/data/ratis/74d95e32-bd60-4bc0-aad1-0e7b23d6d317: flushIndex: setUnconditionally 0 -> -1
2019-09-12 10:07:48,443 [pool-27-thread-1] INFO  server.RaftServerConfigKeys (ConfUtils.java:logGet(43)) - raft.server.snapshot.auto.trigger.enabled = true (custom)
2019-09-12 10:07:48,443 [pool-27-thread-1] INFO  server.RaftServerConfigKeys (ConfUtils.java:logGet(43)) - raft.server.snapshot.auto.trigger.threshold = 10000 (custom)
2019-09-12 10:07:48,443 [pool-27-thread-1] INFO  server.RaftServerConfigKeys (ConfUtils.java:logGet(43)) - raft.server.retrycache.expirytime = 600000ms (custom)
2019-09-12 10:07:48,443 [pool-27-thread-1] INFO  impl.RaftServerImpl (RaftServerImpl.java:start(180)) - edf5af1f-dc18-46e0-8c84-2b6d77687430: start group-0E7B23D6D317
2019-09-12 10:07:48,443 [pool-27-thread-1] INFO  impl.RaftServerImpl (RaftServerImpl.java:setRole(171)) - edf5af1f-dc18-46e0-8c84-2b6d77687430:group-0E7B23D6D317 changes role from null to FOLLOWER at term 0 for startAsFollower
2019-09-12 10:07:48,444 [pool-27-thread-1] INFO  impl.RoleInfo (RoleInfo.java:updateAndGet(143)) - edf5af1f-dc18-46e0-8c84-2b6d77687430: start FollowerState
2019-09-12 10:07:48,444 [pool-27-thread-1] INFO  util.JmxRegister (JmxRegister.java:tryRegister(44)) - Successfully registered JMX Bean with object name Ratis:service=RaftServer,group=group-0E7B23D6D317,id=edf5af1f-dc18-46e0-8c84-2b6d77687430
2019-09-12 10:07:48,452 [RatisPipelineUtilsThread] INFO  pipeline.PipelineStateManager (PipelineStateManager.java:addPipeline(56)) - Created pipeline Pipeline[ Id: 74d95e32-bd60-4bc0-aad1-0e7b23d6d317, Nodes: edf5af1f-dc18-46e0-8c84-2b6d77687430{ip: 192.168.36.114, host: pr-hdds-1569-58hkm-1881083799, networkLocation: /default-rack, certSerialId: null}, Type:RATIS, Factor:ONE, State:OPEN]
2019-09-12 10:07:48,465 [grpc-default-executor-0] INFO  impl.RaftServerProxy (RaftServerProxy.java:addNew(89)) - edf5af1f-dc18-46e0-8c84-2b6d77687430: addNew group-312589CBDB4F:[edf5af1f-dc18-46e0-8c84-2b6d77687430:192.168.36.114:41081] returns group-312589CBDB4F:java.util.concurrent.CompletableFuture@539137f9[Not completed]
2019-09-12 10:07:48,466 [pool-27-thread-1] INFO  impl.RaftServerImpl (RaftServerImpl.java:<init>(93)) - edf5af1f-dc18-46e0-8c84-2b6d77687430: new RaftServerImpl for group-312589CBDB4F:[edf5af1f-dc18-46e0-8c84-2b6d77687430:192.168.36.114:41081] with ContainerStateMachine:uninitialized
2019-09-12 10:07:48,467 [pool-27-thread-1] INFO  server.RaftServerConfigKeys (ConfUtils.java:logGet(43)) - raft.server.rpc.timeout.min = 5s (custom)
2019-09-12 10:07:48,467 [pool-27-thread-1] INFO  server.RaftServerConfigKeys (ConfUtils.java:logGet(43)) - raft.server.rpc.timeout.max = 5200ms (custom)
2019-09-12 10:07:48,467 [pool-27-thread-1] INFO  server.RaftServerConfigKeys (ConfUtils.java:logGet(43)) - raft.server.rpcslowness.timeout = 120s (custom)
2019-09-12 10:07:48,467 [pool-27-thread-1] INFO  server.RaftServerConfigKeys (ConfUtils.java:logGet(43)) - raft.server.sleep.deviation.threshold = 300 (default)
2019-09-12 10:07:48,467 [pool-27-thread-1] INFO  server.RaftServerConfigKeys (ConfUtils.java:logGet(43)) - raft.server.log.appender.install.snapshot.enabled = false (custom)
2019-09-12 10:07:48,467 [pool-27-thread-1] INFO  impl.RaftServerImpl (ServerState.java:<init>(105)) - edf5af1f-dc18-46e0-8c84-2b6d77687430:group-312589CBDB4F ConfigurationManager, init=-1: [edf5af1f-dc18-46e0-8c84-2b6d77687430:192.168.36.114:41081], old=null, confs=<EMPTY_MAP>
2019-09-12 10:07:48,467 [pool-27-thread-1] INFO  server.RaftServerConfigKeys (ConfUtils.java:logGet(43)) - raft.server.storage.dir = [/workdir/hadoop-ozone/integration-test/target/test-dir/MiniOzoneClusterImpl-d63a1c8a-c167-4d1c-9f21-7a8d4f3a0684/datanode-0/data/ratis] (custom)
2019-09-12 10:07:48,468 [pool-27-thread-1] INFO  storage.RaftStorageDirectory (RaftStorageDirectory.java:analyzeStorage(246)) - The storage directory /workdir/hadoop-ozone/integration-test/target/test-dir/MiniOzoneClusterImpl-d63a1c8a-c167-4d1c-9f21-7a8d4f3a0684/datanode-0/data/ratis/97513abb-d385-4f06-aef5-312589cbdb4f does not exist. Creating ...
2019-09-12 10:07:49,000 | INFO  | SCMAudit | user=jenkins1000 | ip=192.168.36.114 | op=SEND_HEARTBEAT {datanodeUUID=3e9857ac-fa98-4731-b68d-6854c6ac33e1, command=[]} | ret=SUCCESS |  
2019-09-12 10:07:49,107 | INFO  | SCMAudit | user=jenkins1000 | ip=192.168.36.114 | op=SEND_HEARTBEAT {datanodeUUID=44359963-929d-49aa-9c1d-830dd9984733, command=[]} | ret=SUCCESS |  
2019-09-12 10:07:49,154 | INFO  | SCMAudit | user=jenkins1000 | ip=192.168.36.114 | op=SEND_HEARTBEAT {datanodeUUID=edf5af1f-dc18-46e0-8c84-2b6d77687430, command=[]} | ret=SUCCESS |  
2019-09-12 10:07:49,400 | INFO  | SCMAudit | user=jenkins1000 | ip=192.168.36.114 | op=SEND_HEARTBEAT {datanodeUUID=447f177c-7f71-4a4d-a27a-3030237688f4, command=[]} | ret=SUCCESS |  
2019-09-12 10:07:50,000 | INFO  | SCMAudit | user=jenkins1000 | ip=192.168.36.114 | op=SEND_HEARTBEAT {datanodeUUID=3e9857ac-fa98-4731-b68d-6854c6ac33e1, command=[]} | ret=SUCCESS |  
2019-09-12 10:07:50,017 [Thread-194] INFO  impl.FollowerState (FollowerState.java:run(106)) - edf5af1f-dc18-46e0-8c84-2b6d77687430:group-52AB69389593 changes to CANDIDATE, lastRpcTime:5069, electionTimeout:5068ms
2019-09-12 10:07:50,017 [Thread-194] INFO  impl.RoleInfo (RoleInfo.java:shutdownFollowerState(121)) - edf5af1f-dc18-46e0-8c84-2b6d77687430: shutdown FollowerState
2019-09-12 10:07:50,018 [Thread-194] INFO  impl.RaftServerImpl (RaftServerImpl.java:setRole(171)) - edf5af1f-dc18-46e0-8c84-2b6d77687430:group-52AB69389593 changes role from FOLLOWER to CANDIDATE at term 0 for changeToCandidate
2019-09-12 10:07:50,024 [Thread-194] INFO  impl.RoleInfo (RoleInfo.java:updateAndGet(143)) - edf5af1f-dc18-46e0-8c84-2b6d77687430: start LeaderElection
2019-09-12 10:07:50,108 | INFO  | SCMAudit | user=jenkins1000 | ip=192.168.36.114 | op=SEND_HEARTBEAT {datanodeUUID=44359963-929d-49aa-9c1d-830dd9984733, command=[]} | ret=SUCCESS |  
2019-09-12 10:07:50,152 [Thread-197] INFO  impl.FollowerState (FollowerState.java:run(106)) - 447f177c-7f71-4a4d-a27a-3030237688f4:group-7516187DDC57 changes to CANDIDATE, lastRpcTime:5024, electionTimeout:5020ms
2019-09-12 10:07:50,160 [Thread-197] INFO  impl.RoleInfo (RoleInfo.java:shutdownFollowerState(121)) - 447f177c-7f71-4a4d-a27a-3030237688f4: shutdown FollowerState
2019-09-12 10:07:50,160 [Thread-197] INFO  impl.RaftServerImpl (RaftServerImpl.java:setRole(171)) - 447f177c-7f71-4a4d-a27a-3030237688f4:group-7516187DDC57 changes role from FOLLOWER to CANDIDATE at term 0 for changeToCandidate
2019-09-12 10:07:50,161 [Thread-197] INFO  impl.RoleInfo (RoleInfo.java:updateAndGet(143)) - 447f177c-7f71-4a4d-a27a-3030237688f4: start LeaderElection
2019-09-12 10:07:50,167 | INFO  | SCMAudit | user=jenkins1000 | ip=192.168.36.114 | op=SEND_HEARTBEAT {datanodeUUID=edf5af1f-dc18-46e0-8c84-2b6d77687430, command=[]} | ret=SUCCESS |  
2019-09-12 10:07:50,301 [Thread-200] INFO  impl.FollowerState (FollowerState.java:run(106)) - 447f177c-7f71-4a4d-a27a-3030237688f4:group-8D436FF404A4 changes to CANDIDATE, lastRpcTime:5097, electionTimeout:5097ms
2019-09-12 10:07:50,302 [Thread-200] INFO  impl.RoleInfo (RoleInfo.java:shutdownFollowerState(121)) - 447f177c-7f71-4a4d-a27a-3030237688f4: shutdown FollowerState
2019-09-12 10:07:50,302 [Thread-200] INFO  impl.RaftServerImpl (RaftServerImpl.java:setRole(171)) - 447f177c-7f71-4a4d-a27a-3030237688f4:group-8D436FF404A4 changes role from FOLLOWER to CANDIDATE at term 0 for changeToCandidate
2019-09-12 10:07:50,302 [Thread-200] INFO  impl.RoleInfo (RoleInfo.java:updateAndGet(143)) - 447f177c-7f71-4a4d-a27a-3030237688f4: start LeaderElection
2019-09-12 10:07:50,328 [Thread-203] INFO  impl.FollowerState (FollowerState.java:run(106)) - 3e9857ac-fa98-4731-b68d-6854c6ac33e1:group-F8E3FEF4FF0C changes to CANDIDATE, lastRpcTime:5042, electionTimeout:5042ms
2019-09-12 10:07:50,328 [Thread-203] INFO  impl.RoleInfo (RoleInfo.java:shutdownFollowerState(121)) - 3e9857ac-fa98-4731-b68d-6854c6ac33e1: shutdown FollowerState
2019-09-12 10:07:50,328 [Thread-203] INFO  impl.RaftServerImpl (RaftServerImpl.java:setRole(171)) - 3e9857ac-fa98-4731-b68d-6854c6ac33e1:group-F8E3FEF4FF0C changes role from FOLLOWER to CANDIDATE at term 0 for changeToCandidate
2019-09-12 10:07:50,328 [Thread-203] INFO  impl.RoleInfo (RoleInfo.java:updateAndGet(143)) - 3e9857ac-fa98-4731-b68d-6854c6ac33e1: start LeaderElection
2019-09-12 10:07:50,412 | INFO  | SCMAudit | user=jenkins1000 | ip=192.168.36.114 | op=SEND_HEARTBEAT {datanodeUUID=447f177c-7f71-4a4d-a27a-3030237688f4, command=[]} | ret=SUCCESS |  
2019-09-12 10:07:50,438 [Thread-206] INFO  impl.FollowerState (FollowerState.java:run(106)) - 44359963-929d-49aa-9c1d-830dd9984733:group-1AA6CA5504DC changes to CANDIDATE, lastRpcTime:5086, electionTimeout:5086ms
2019-09-12 10:07:50,439 [Thread-206] INFO  impl.RoleInfo (RoleInfo.java:shutdownFollowerState(121)) - 44359963-929d-49aa-9c1d-830dd9984733: shutdown FollowerState
2019-09-12 10:07:50,439 [Thread-206] INFO  impl.RaftServerImpl (RaftServerImpl.java:setRole(171)) - 44359963-929d-49aa-9c1d-830dd9984733:group-1AA6CA5504DC changes role from FOLLOWER to CANDIDATE at term 0 for changeToCandidate
2019-09-12 10:07:50,439 [Thread-206] INFO  impl.RoleInfo (RoleInfo.java:updateAndGet(143)) - 44359963-929d-49aa-9c1d-830dd9984733: start LeaderElection
2019-09-12 10:07:50,520 [Thread-215] INFO  impl.FollowerState (FollowerState.java:run(106)) - 447f177c-7f71-4a4d-a27a-3030237688f4:group-00A720130435 changes to CANDIDATE, lastRpcTime:5001, electionTimeout:5001ms
2019-09-12 10:07:50,521 [Thread-215] INFO  impl.RoleInfo (RoleInfo.java:shutdownFollowerState(121)) - 447f177c-7f71-4a4d-a27a-3030237688f4: shutdown FollowerState
2019-09-12 10:07:50,521 [Thread-215] INFO  impl.RaftServerImpl (RaftServerImpl.java:setRole(171)) - 447f177c-7f71-4a4d-a27a-3030237688f4:group-00A720130435 changes role from FOLLOWER to CANDIDATE at term 0 for changeToCandidate
2019-09-12 10:07:50,521 [Thread-215] INFO  impl.RoleInfo (RoleInfo.java:updateAndGet(143)) - 447f177c-7f71-4a4d-a27a-3030237688f4: start LeaderElection
2019-09-12 10:07:50,550 [Thread-209] INFO  impl.FollowerState (FollowerState.java:run(106)) - 3e9857ac-fa98-4731-b68d-6854c6ac33e1:group-DCC5AB6DDD2C changes to CANDIDATE, lastRpcTime:5138, electionTimeout:5138ms
2019-09-12 10:07:50,550 [Thread-209] INFO  impl.RoleInfo (RoleInfo.java:shutdownFollowerState(121)) - 3e9857ac-fa98-4731-b68d-6854c6ac33e1: shutdown FollowerState
2019-09-12 10:07:50,551 [Thread-209] INFO  impl.RaftServerImpl (RaftServerImpl.java:setRole(171)) - 3e9857ac-fa98-4731-b68d-6854c6ac33e1:group-DCC5AB6DDD2C changes role from FOLLOWER to CANDIDATE at term 0 for changeToCandidate
2019-09-12 10:07:50,551 [Thread-209] INFO  impl.RoleInfo (RoleInfo.java:updateAndGet(143)) - 3e9857ac-fa98-4731-b68d-6854c6ac33e1: start LeaderElection
2019-09-12 10:07:50,621 [Thread-212] INFO  impl.FollowerState (FollowerState.java:run(106)) - 447f177c-7f71-4a4d-a27a-3030237688f4:group-E0A1239C27E9 changes to CANDIDATE, lastRpcTime:5161, electionTimeout:5161ms
2019-09-12 10:07:50,622 [Thread-212] INFO  impl.RoleInfo (RoleInfo.java:shutdownFollowerState(121)) - 447f177c-7f71-4a4d-a27a-3030237688f4: shutdown FollowerState
2019-09-12 10:07:50,622 [Thread-212] INFO  impl.RaftServerImpl (RaftServerImpl.java:setRole(171)) - 447f177c-7f71-4a4d-a27a-3030237688f4:group-E0A1239C27E9 changes role from FOLLOWER to CANDIDATE at term 0 for changeToCandidate
2019-09-12 10:07:50,622 [Thread-212] INFO  impl.RoleInfo (RoleInfo.java:updateAndGet(143)) - 447f177c-7f71-4a4d-a27a-3030237688f4: start LeaderElection
2019-09-12 10:07:50,670 [Thread-218] INFO  impl.FollowerState (FollowerState.java:run(106)) - 447f177c-7f71-4a4d-a27a-3030237688f4:group-9F3130478938 changes to CANDIDATE, lastRpcTime:5100, electionTimeout:5100ms
2019-09-12 10:07:50,671 [Thread-218] INFO  impl.RoleInfo (RoleInfo.java:shutdownFollowerState(121)) - 447f177c-7f71-4a4d-a27a-3030237688f4: shutdown FollowerState
2019-09-12 10:07:50,671 [Thread-218] INFO  impl.RaftServerImpl (RaftServerImpl.java:setRole(171)) - 447f177c-7f71-4a4d-a27a-3030237688f4:group-9F3130478938 changes role from FOLLOWER to CANDIDATE at term 0 for changeToCandidate
2019-09-12 10:07:50,671 [Thread-218] INFO  impl.RoleInfo (RoleInfo.java:updateAndGet(143)) - 447f177c-7f71-4a4d-a27a-3030237688f4: start LeaderElection
2019-09-12 10:07:50,720 [Thread-221] INFO  impl.FollowerState (FollowerState.java:run(106)) - 3e9857ac-fa98-4731-b68d-6854c6ac33e1:group-6A90156F8027 changes to CANDIDATE, lastRpcTime:5089, electionTimeout:5089ms
2019-09-12 10:07:50,721 [Thread-221] INFO  impl.RoleInfo (RoleInfo.java:shutdownFollowerState(121)) - 3e9857ac-fa98-4731-b68d-6854c6ac33e1: shutdown FollowerState
2019-09-12 10:07:50,721 [Thread-221] INFO  impl.RaftServerImpl (RaftServerImpl.java:setRole(171)) - 3e9857ac-fa98-4731-b68d-6854c6ac33e1:group-6A90156F8027 changes role from FOLLOWER to CANDIDATE at term 0 for changeToCandidate
2019-09-12 10:07:50,721 [Thread-221] INFO  impl.RoleInfo (RoleInfo.java:updateAndGet(143)) - 3e9857ac-fa98-4731-b68d-6854c6ac33e1: start LeaderElection
2019-09-12 10:07:51,000 | INFO  | SCMAudit | user=jenkins1000 | ip=192.168.36.114 | op=SEND_HEARTBEAT {datanodeUUID=3e9857ac-fa98-4731-b68d-6854c6ac33e1, command=[]} | ret=SUCCESS |  
2019-09-12 10:07:51,115 | INFO  | SCMAudit | user=jenkins1000 | ip=192.168.36.114 | op=SEND_HEARTBEAT {datanodeUUID=44359963-929d-49aa-9c1d-830dd9984733, command=[]} | ret=SUCCESS |  
2019-09-12 10:07:51,154 | INFO  | SCMAudit | user=jenkins1000 | ip=192.168.36.114 | op=SEND_HEARTBEAT {datanodeUUID=edf5af1f-dc18-46e0-8c84-2b6d77687430, command=[]} | ret=SUCCESS |  
2019-09-12 10:07:51,405 | INFO  | SCMAudit | user=jenkins1000 | ip=192.168.36.114 | op=SEND_HEARTBEAT {datanodeUUID=447f177c-7f71-4a4d-a27a-3030237688f4, command=[]} | ret=SUCCESS |  
2019-09-12 10:07:51,471 [RATISCREATEPIPELINE1] ERROR pipeline.RatisPipelineProvider (RatisPipelineProvider.java:lambda$null$2(190)) - Failed invoke Ratis rpc org.apache.hadoop.hdds.scm.pipeline.RatisPipelineProvider$$Lambda$160/1246064898@178b4693 for edf5af1f-dc18-46e0-8c84-2b6d77687430
org.apache.ratis.protocol.TimeoutIOException: deadline exceeded after 2999762191ns
	at org.apache.ratis.grpc.GrpcUtil.tryUnwrapException(GrpcUtil.java:82)
	at org.apache.ratis.grpc.GrpcUtil.unwrapException(GrpcUtil.java:75)
	at org.apache.ratis.grpc.client.GrpcClientProtocolClient.blockingCall(GrpcClientProtocolClient.java:169)
	at org.apache.ratis.grpc.client.GrpcClientProtocolClient.groupAdd(GrpcClientProtocolClient.java:138)
	at org.apache.ratis.grpc.client.GrpcClientRpc.sendRequest(GrpcClientRpc.java:94)
	at org.apache.ratis.client.impl.RaftClientImpl.sendRequest(RaftClientImpl.java:279)
	at org.apache.ratis.client.impl.RaftClientImpl.groupAdd(RaftClientImpl.java:206)
	at org.apache.hadoop.hdds.scm.pipeline.RatisPipelineProvider.lambda$initializePipeline$1(RatisPipelineProvider.java:149)
	at org.apache.hadoop.hdds.scm.pipeline.RatisPipelineProvider.lambda$null$2(RatisPipelineProvider.java:186)
	at java.util.stream.ForEachOps$ForEachOp$OfRef.accept(ForEachOps.java:184)
	at java.util.ArrayList$ArrayListSpliterator.forEachRemaining(ArrayList.java:1382)
	at java.util.stream.AbstractPipeline.copyInto(AbstractPipeline.java:482)
	at java.util.stream.ForEachOps$ForEachTask.compute(ForEachOps.java:291)
	at java.util.concurrent.CountedCompleter.exec(CountedCompleter.java:731)
	at java.util.concurrent.ForkJoinTask.doExec(ForkJoinTask.java:289)
	at java.util.concurrent.ForkJoinTask.doInvoke(ForkJoinTask.java:401)
	at java.util.concurrent.ForkJoinTask.invoke(ForkJoinTask.java:734)
	at java.util.stream.ForEachOps$ForEachOp.evaluateParallel(ForEachOps.java:160)
	at java.util.stream.ForEachOps$ForEachOp$OfRef.evaluateParallel(ForEachOps.java:174)
	at java.util.stream.AbstractPipeline.evaluate(AbstractPipeline.java:233)
	at java.util.stream.ReferencePipeline.forEach(ReferencePipeline.java:418)
	at java.util.stream.ReferencePipeline$Head.forEach(ReferencePipeline.java:583)
	at org.apache.hadoop.hdds.scm.pipeline.RatisPipelineProvider.lambda$callRatisRpc$3(RatisPipelineProvider.java:180)
	at java.util.concurrent.ForkJoinTask$AdaptedRunnableAction.exec(ForkJoinTask.java:1386)
	at java.util.concurrent.ForkJoinTask.doExec(ForkJoinTask.java:289)
	at java.util.concurrent.ForkJoinPool$WorkQueue.runTask(ForkJoinPool.java:1056)
	at java.util.concurrent.ForkJoinPool.runWorker(ForkJoinPool.java:1692)
	at java.util.concurrent.ForkJoinWorkerThread.run(ForkJoinWorkerThread.java:157)
Caused by: org.apache.ratis.thirdparty.io.grpc.StatusRuntimeException: DEADLINE_EXCEEDED: deadline exceeded after 2999762191ns
	at org.apache.ratis.thirdparty.io.grpc.stub.ClientCalls.toStatusRuntimeException(ClientCalls.java:233)
	at org.apache.ratis.thirdparty.io.grpc.stub.ClientCalls.getUnchecked(ClientCalls.java:214)
	at org.apache.ratis.thirdparty.io.grpc.stub.ClientCalls.blockingUnaryCall(ClientCalls.java:139)
	at org.apache.ratis.proto.grpc.AdminProtocolServiceGrpc$AdminProtocolServiceBlockingStub.groupManagement(AdminProtocolServiceGrpc.java:274)
	at org.apache.ratis.grpc.client.GrpcClientProtocolClient.lambda$groupAdd$3(GrpcClientProtocolClient.java:140)
	at org.apache.ratis.grpc.client.GrpcClientProtocolClient.blockingCall(GrpcClientProtocolClient.java:167)
	... 25 more
2019-09-12 10:07:51,475 [RatisPipelineUtilsThread] ERROR pipeline.SCMPipelineManager (SCMPipelineManager.java:createPipeline(161)) - Pipeline creation failed due to exception: Failed invoke Ratis rpc org.apache.hadoop.hdds.scm.pipeline.RatisPipelineProvider$$Lambda$160/1246064898@178b4693 for edf5af1f-dc18-46e0-8c84-2b6d77687430
2019-09-12 10:07:51,498 [grpc-default-executor-2] INFO  impl.RaftServerProxy (RaftServerProxy.java:addNew(89)) - edf5af1f-dc18-46e0-8c84-2b6d77687430: addNew group-ACDB4064EDCC:[edf5af1f-dc18-46e0-8c84-2b6d77687430:192.168.36.114:41081, 44359963-929d-49aa-9c1d-830dd9984733:192.168.36.114:43739, 3e9857ac-fa98-4731-b68d-6854c6ac33e1:192.168.36.114:37352] returns group-ACDB4064EDCC:java.util.concurrent.CompletableFuture@264a386a[Not completed]
2019-09-12 10:07:51,503 [grpc-default-executor-2] INFO  impl.RaftServerProxy (RaftServerProxy.java:addNew(89)) - 44359963-929d-49aa-9c1d-830dd9984733: addNew group-ACDB4064EDCC:[edf5af1f-dc18-46e0-8c84-2b6d77687430:192.168.36.114:41081, 44359963-929d-49aa-9c1d-830dd9984733:192.168.36.114:43739, 3e9857ac-fa98-4731-b68d-6854c6ac33e1:192.168.36.114:37352] returns group-ACDB4064EDCC:java.util.concurrent.CompletableFuture@67773251[Not completed]
2019-09-12 10:07:51,503 [grpc-default-executor-1] INFO  impl.RaftServerProxy (RaftServerProxy.java:addNew(89)) - 3e9857ac-fa98-4731-b68d-6854c6ac33e1: addNew group-ACDB4064EDCC:[edf5af1f-dc18-46e0-8c84-2b6d77687430:192.168.36.114:41081, 44359963-929d-49aa-9c1d-830dd9984733:192.168.36.114:43739, 3e9857ac-fa98-4731-b68d-6854c6ac33e1:192.168.36.114:37352] returns group-ACDB4064EDCC:java.util.concurrent.CompletableFuture@5f5e907f[Not completed]
2019-09-12 10:07:51,505 [pool-60-thread-1] INFO  impl.RaftServerImpl (RaftServerImpl.java:<init>(93)) - 44359963-929d-49aa-9c1d-830dd9984733: new RaftServerImpl for group-ACDB4064EDCC:[edf5af1f-dc18-46e0-8c84-2b6d77687430:192.168.36.114:41081, 44359963-929d-49aa-9c1d-830dd9984733:192.168.36.114:43739, 3e9857ac-fa98-4731-b68d-6854c6ac33e1:192.168.36.114:37352] with ContainerStateMachine:uninitialized
2019-09-12 10:07:51,506 [pool-60-thread-1] INFO  server.RaftServerConfigKeys (ConfUtils.java:logGet(43)) - raft.server.rpc.timeout.min = 5s (custom)
2019-09-12 10:07:51,506 [pool-60-thread-1] INFO  server.RaftServerConfigKeys (ConfUtils.java:logGet(43)) - raft.server.rpc.timeout.max = 5200ms (custom)
2019-09-12 10:07:51,506 [pool-60-thread-1] INFO  server.RaftServerConfigKeys (ConfUtils.java:logGet(43)) - raft.server.rpcslowness.timeout = 120s (custom)
2019-09-12 10:07:51,506 [pool-60-thread-1] INFO  server.RaftServerConfigKeys (ConfUtils.java:logGet(43)) - raft.server.sleep.deviation.threshold = 300 (default)
2019-09-12 10:07:51,506 [pool-60-thread-1] INFO  server.RaftServerConfigKeys (ConfUtils.java:logGet(43)) - raft.server.log.appender.install.snapshot.enabled = false (custom)
2019-09-12 10:07:51,507 [pool-49-thread-1] INFO  impl.RaftServerImpl (RaftServerImpl.java:<init>(93)) - 3e9857ac-fa98-4731-b68d-6854c6ac33e1: new RaftServerImpl for group-ACDB4064EDCC:[edf5af1f-dc18-46e0-8c84-2b6d77687430:192.168.36.114:41081, 44359963-929d-49aa-9c1d-830dd9984733:192.168.36.114:43739, 3e9857ac-fa98-4731-b68d-6854c6ac33e1:192.168.36.114:37352] with ContainerStateMachine:uninitialized
2019-09-12 10:07:51,507 [pool-60-thread-1] INFO  impl.RaftServerImpl (ServerState.java:<init>(105)) - 44359963-929d-49aa-9c1d-830dd9984733:group-ACDB4064EDCC ConfigurationManager, init=-1: [edf5af1f-dc18-46e0-8c84-2b6d77687430:192.168.36.114:41081, 44359963-929d-49aa-9c1d-830dd9984733:192.168.36.114:43739, 3e9857ac-fa98-4731-b68d-6854c6ac33e1:192.168.36.114:37352], old=null, confs=<EMPTY_MAP>
2019-09-12 10:07:51,507 [pool-49-thread-1] INFO  server.RaftServerConfigKeys (ConfUtils.java:logGet(43)) - raft.server.rpc.timeout.min = 5s (custom)
2019-09-12 10:07:51,507 [pool-60-thread-1] INFO  server.RaftServerConfigKeys (ConfUtils.java:logGet(43)) - raft.server.storage.dir = [/workdir/hadoop-ozone/integration-test/target/test-dir/MiniOzoneClusterImpl-d63a1c8a-c167-4d1c-9f21-7a8d4f3a0684/datanode-3/data/ratis] (custom)
2019-09-12 10:07:51,507 [pool-49-thread-1] INFO  server.RaftServerConfigKeys (ConfUtils.java:logGet(43)) - raft.server.rpc.timeout.max = 5200ms (custom)
2019-09-12 10:07:51,507 [pool-49-thread-1] INFO  server.RaftServerConfigKeys (ConfUtils.java:logGet(43)) - raft.server.rpcslowness.timeout = 120s (custom)
2019-09-12 10:07:51,507 [pool-60-thread-1] INFO  storage.RaftStorageDirectory (RaftStorageDirectory.java:analyzeStorage(246)) - The storage directory /workdir/hadoop-ozone/integration-test/target/test-dir/MiniOzoneClusterImpl-d63a1c8a-c167-4d1c-9f21-7a8d4f3a0684/datanode-3/data/ratis/0c93da04-e288-42ce-b79f-acdb4064edcc does not exist. Creating ...
2019-09-12 10:07:51,508 [pool-49-thread-1] INFO  server.RaftServerConfigKeys (ConfUtils.java:logGet(43)) - raft.server.sleep.deviation.threshold = 300 (default)
2019-09-12 10:07:51,508 [pool-49-thread-1] INFO  server.RaftServerConfigKeys (ConfUtils.java:logGet(43)) - raft.server.log.appender.install.snapshot.enabled = false (custom)
2019-09-12 10:07:51,508 [pool-49-thread-1] INFO  impl.RaftServerImpl (ServerState.java:<init>(105)) - 3e9857ac-fa98-4731-b68d-6854c6ac33e1:group-ACDB4064EDCC ConfigurationManager, init=-1: [edf5af1f-dc18-46e0-8c84-2b6d77687430:192.168.36.114:41081, 44359963-929d-49aa-9c1d-830dd9984733:192.168.36.114:43739, 3e9857ac-fa98-4731-b68d-6854c6ac33e1:192.168.36.114:37352], old=null, confs=<EMPTY_MAP>
2019-09-12 10:07:51,509 [pool-49-thread-1] INFO  server.RaftServerConfigKeys (ConfUtils.java:logGet(43)) - raft.server.storage.dir = [/workdir/hadoop-ozone/integration-test/target/test-dir/MiniOzoneClusterImpl-d63a1c8a-c167-4d1c-9f21-7a8d4f3a0684/datanode-2/data/ratis] (custom)
2019-09-12 10:07:51,509 [pool-49-thread-1] INFO  storage.RaftStorageDirectory (RaftStorageDirectory.java:analyzeStorage(246)) - The storage directory /workdir/hadoop-ozone/integration-test/target/test-dir/MiniOzoneClusterImpl-d63a1c8a-c167-4d1c-9f21-7a8d4f3a0684/datanode-2/data/ratis/0c93da04-e288-42ce-b79f-acdb4064edcc does not exist. Creating ...
2019-09-12 10:07:52,001 | INFO  | SCMAudit | user=jenkins1000 | ip=192.168.36.114 | op=SEND_HEARTBEAT {datanodeUUID=3e9857ac-fa98-4731-b68d-6854c6ac33e1, command=[]} | ret=SUCCESS |  
2019-09-12 10:07:52,108 | INFO  | SCMAudit | user=jenkins1000 | ip=192.168.36.114 | op=SEND_HEARTBEAT {datanodeUUID=44359963-929d-49aa-9c1d-830dd9984733, command=[]} | ret=SUCCESS |  
2019-09-12 10:07:52,153 | INFO  | SCMAudit | user=jenkins1000 | ip=192.168.36.114 | op=SEND_HEARTBEAT {datanodeUUID=edf5af1f-dc18-46e0-8c84-2b6d77687430, command=[]} | ret=SUCCESS |  
2019-09-12 10:07:52,403 | INFO  | SCMAudit | user=jenkins1000 | ip=192.168.36.114 | op=SEND_HEARTBEAT {datanodeUUID=447f177c-7f71-4a4d-a27a-3030237688f4, command=[]} | ret=SUCCESS |  
2019-09-12 10:07:52,632 [pool-27-thread-1] INFO  storage.RaftStorageDirectory (RaftStorageDirectory.java:tryLock(328)) - Lock on /workdir/hadoop-ozone/integration-test/target/test-dir/MiniOzoneClusterImpl-d63a1c8a-c167-4d1c-9f21-7a8d4f3a0684/datanode-0/data/ratis/97513abb-d385-4f06-aef5-312589cbdb4f/in_use.lock acquired by nodename 384@pr-hdds-1569-58hkm-1881083799
2019-09-12 10:07:53,013 | INFO  | SCMAudit | user=jenkins1000 | ip=192.168.36.114 | op=SEND_HEARTBEAT {datanodeUUID=3e9857ac-fa98-4731-b68d-6854c6ac33e1, command=[]} | ret=SUCCESS |  
2019-09-12 10:07:53,107 | INFO  | SCMAudit | user=jenkins1000 | ip=192.168.36.114 | op=SEND_HEARTBEAT {datanodeUUID=44359963-929d-49aa-9c1d-830dd9984733, command=[]} | ret=SUCCESS |  
2019-09-12 10:07:53,152 | INFO  | SCMAudit | user=jenkins1000 | ip=192.168.36.114 | op=SEND_HEARTBEAT {datanodeUUID=edf5af1f-dc18-46e0-8c84-2b6d77687430, command=[]} | ret=SUCCESS |  
2019-09-12 10:07:53,402 | INFO  | SCMAudit | user=jenkins1000 | ip=192.168.36.114 | op=SEND_HEARTBEAT {datanodeUUID=447f177c-7f71-4a4d-a27a-3030237688f4, command=[]} | ret=SUCCESS |  
2019-09-12 10:07:53,565 [Thread-225] INFO  impl.FollowerState (FollowerState.java:run(106)) - edf5af1f-dc18-46e0-8c84-2b6d77687430:group-0E7B23D6D317 changes to CANDIDATE, lastRpcTime:5121, electionTimeout:5121ms
2019-09-12 10:07:53,566 [Thread-225] INFO  impl.RoleInfo (RoleInfo.java:shutdownFollowerState(121)) - edf5af1f-dc18-46e0-8c84-2b6d77687430: shutdown FollowerState
2019-09-12 10:07:53,566 [Thread-225] INFO  impl.RaftServerImpl (RaftServerImpl.java:setRole(171)) - edf5af1f-dc18-46e0-8c84-2b6d77687430:group-0E7B23D6D317 changes role from FOLLOWER to CANDIDATE at term 0 for changeToCandidate
2019-09-12 10:07:53,566 [Thread-225] INFO  impl.RoleInfo (RoleInfo.java:updateAndGet(143)) - edf5af1f-dc18-46e0-8c84-2b6d77687430: start LeaderElection
2019-09-12 10:07:54,000 | INFO  | SCMAudit | user=jenkins1000 | ip=192.168.36.114 | op=SEND_HEARTBEAT {datanodeUUID=3e9857ac-fa98-4731-b68d-6854c6ac33e1, command=[]} | ret=SUCCESS |  
2019-09-12 10:07:54,106 | INFO  | SCMAudit | user=jenkins1000 | ip=192.168.36.114 | op=SEND_HEARTBEAT {datanodeUUID=44359963-929d-49aa-9c1d-830dd9984733, command=[]} | ret=SUCCESS |  
2019-09-12 10:07:54,153 | INFO  | SCMAudit | user=jenkins1000 | ip=192.168.36.114 | op=SEND_HEARTBEAT {datanodeUUID=edf5af1f-dc18-46e0-8c84-2b6d77687430, command=[]} | ret=SUCCESS |  
2019-09-12 10:07:54,402 | INFO  | SCMAudit | user=jenkins1000 | ip=192.168.36.114 | op=SEND_HEARTBEAT {datanodeUUID=447f177c-7f71-4a4d-a27a-3030237688f4, command=[]} | ret=SUCCESS |  
2019-09-12 10:07:54,484 [RATISCREATEPIPELINE3] ERROR pipeline.RatisPipelineProvider (RatisPipelineProvider.java:lambda$null$2(190)) - Failed invoke Ratis rpc org.apache.hadoop.hdds.scm.pipeline.RatisPipelineProvider$$Lambda$160/1246064898@5fc83708 for 44359963-929d-49aa-9c1d-830dd9984733
org.apache.ratis.protocol.TimeoutIOException: deadline exceeded after 2999761906ns
	at org.apache.ratis.grpc.GrpcUtil.tryUnwrapException(GrpcUtil.java:82)
	at org.apache.ratis.grpc.GrpcUtil.unwrapException(GrpcUtil.java:75)
	at org.apache.ratis.grpc.client.GrpcClientProtocolClient.blockingCall(GrpcClientProtocolClient.java:169)
	at org.apache.ratis.grpc.client.GrpcClientProtocolClient.groupAdd(GrpcClientProtocolClient.java:138)
	at org.apache.ratis.grpc.client.GrpcClientRpc.sendRequest(GrpcClientRpc.java:94)
	at org.apache.ratis.client.impl.RaftClientImpl.sendRequest(RaftClientImpl.java:279)
	at org.apache.ratis.client.impl.RaftClientImpl.groupAdd(RaftClientImpl.java:206)
	at org.apache.hadoop.hdds.scm.pipeline.RatisPipelineProvider.lambda$initializePipeline$1(RatisPipelineProvider.java:149)
	at org.apache.hadoop.hdds.scm.pipeline.RatisPipelineProvider.lambda$null$2(RatisPipelineProvider.java:186)
	at java.util.stream.ForEachOps$ForEachOp$OfRef.accept(ForEachOps.java:184)
	at java.util.ArrayList$ArrayListSpliterator.forEachRemaining(ArrayList.java:1382)
	at java.util.stream.AbstractPipeline.copyInto(AbstractPipeline.java:482)
	at java.util.stream.ForEachOps$ForEachTask.compute(ForEachOps.java:291)
	at java.util.concurrent.CountedCompleter.exec(CountedCompleter.java:731)
	at java.util.concurrent.ForkJoinTask.doExec(ForkJoinTask.java:289)
	at java.util.concurrent.ForkJoinPool$WorkQueue.runTask(ForkJoinPool.java:1056)
	at java.util.concurrent.ForkJoinPool.runWorker(ForkJoinPool.java:1692)
	at java.util.concurrent.ForkJoinWorkerThread.run(ForkJoinWorkerThread.java:157)
Caused by: org.apache.ratis.thirdparty.io.grpc.StatusRuntimeException: DEADLINE_EXCEEDED: deadline exceeded after 2999761906ns
	at org.apache.ratis.thirdparty.io.grpc.stub.ClientCalls.toStatusRuntimeException(ClientCalls.java:233)
	at org.apache.ratis.thirdparty.io.grpc.stub.ClientCalls.getUnchecked(ClientCalls.java:214)
	at org.apache.ratis.thirdparty.io.grpc.stub.ClientCalls.blockingUnaryCall(ClientCalls.java:139)
	at org.apache.ratis.proto.grpc.AdminProtocolServiceGrpc$AdminProtocolServiceBlockingStub.groupManagement(AdminProtocolServiceGrpc.java:274)
	at org.apache.ratis.grpc.client.GrpcClientProtocolClient.lambda$groupAdd$3(GrpcClientProtocolClient.java:140)
	at org.apache.ratis.grpc.client.GrpcClientProtocolClient.blockingCall(GrpcClientProtocolClient.java:167)
	... 15 more
2019-09-12 10:07:54,484 [RATISCREATEPIPELINE1] ERROR pipeline.RatisPipelineProvider (RatisPipelineProvider.java:lambda$null$2(190)) - Failed invoke Ratis rpc org.apache.hadoop.hdds.scm.pipeline.RatisPipelineProvider$$Lambda$160/1246064898@5fc83708 for edf5af1f-dc18-46e0-8c84-2b6d77687430
org.apache.ratis.protocol.TimeoutIOException: deadline exceeded after 2996604576ns
	at org.apache.ratis.grpc.GrpcUtil.tryUnwrapException(GrpcUtil.java:82)
	at org.apache.ratis.grpc.GrpcUtil.unwrapException(GrpcUtil.java:75)
	at org.apache.ratis.grpc.client.GrpcClientProtocolClient.blockingCall(GrpcClientProtocolClient.java:169)
	at org.apache.ratis.grpc.client.GrpcClientProtocolClient.groupAdd(GrpcClientProtocolClient.java:138)
	at org.apache.ratis.grpc.client.GrpcClientRpc.sendRequest(GrpcClientRpc.java:94)
	at org.apache.ratis.client.impl.RaftClientImpl.sendRequest(RaftClientImpl.java:279)
	at org.apache.ratis.client.impl.RaftClientImpl.groupAdd(RaftClientImpl.java:206)
	at org.apache.hadoop.hdds.scm.pipeline.RatisPipelineProvider.lambda$initializePipeline$1(RatisPipelineProvider.java:149)
	at org.apache.hadoop.hdds.scm.pipeline.RatisPipelineProvider.lambda$null$2(RatisPipelineProvider.java:186)
	at java.util.stream.ForEachOps$ForEachOp$OfRef.accept(ForEachOps.java:184)
	at java.util.ArrayList$ArrayListSpliterator.forEachRemaining(ArrayList.java:1382)
	at java.util.stream.AbstractPipeline.copyInto(AbstractPipeline.java:482)
	at java.util.stream.ForEachOps$ForEachTask.compute(ForEachOps.java:291)
	at java.util.concurrent.CountedCompleter.exec(CountedCompleter.java:731)
	at java.util.concurrent.ForkJoinTask.doExec(ForkJoinTask.java:289)
	at java.util.concurrent.ForkJoinTask.doInvoke(ForkJoinTask.java:401)
	at java.util.concurrent.ForkJoinTask.invoke(ForkJoinTask.java:734)
	at java.util.stream.ForEachOps$ForEachOp.evaluateParallel(ForEachOps.java:160)
	at java.util.stream.ForEachOps$ForEachOp$OfRef.evaluateParallel(ForEachOps.java:174)
	at java.util.stream.AbstractPipeline.evaluate(AbstractPipeline.java:233)
	at java.util.stream.ReferencePipeline.forEach(ReferencePipeline.java:418)
	at java.util.stream.ReferencePipeline$Head.forEach(ReferencePipeline.java:583)
	at org.apache.hadoop.hdds.scm.pipeline.RatisPipelineProvider.lambda$callRatisRpc$3(RatisPipelineProvider.java:180)
	at java.util.concurrent.ForkJoinTask$AdaptedRunnableAction.exec(ForkJoinTask.java:1386)
	at java.util.concurrent.ForkJoinTask.doExec(ForkJoinTask.java:289)
	at java.util.concurrent.ForkJoinPool$WorkQueue.runTask(ForkJoinPool.java:1056)
	at java.util.concurrent.ForkJoinPool.runWorker(ForkJoinPool.java:1692)
	at java.util.concurrent.ForkJoinWorkerThread.run(ForkJoinWorkerThread.java:157)
Caused by: org.apache.ratis.thirdparty.io.grpc.StatusRuntimeException: DEADLINE_EXCEEDED: deadline exceeded after 2996604576ns
	at org.apache.ratis.thirdparty.io.grpc.stub.ClientCalls.toStatusRuntimeException(ClientCalls.java:233)
	at org.apache.ratis.thirdparty.io.grpc.stub.ClientCalls.getUnchecked(ClientCalls.java:214)
	at org.apache.ratis.thirdparty.io.grpc.stub.ClientCalls.blockingUnaryCall(ClientCalls.java:139)
	at org.apache.ratis.proto.grpc.AdminProtocolServiceGrpc$AdminProtocolServiceBlockingStub.groupManagement(AdminProtocolServiceGrpc.java:274)
	at org.apache.ratis.grpc.client.GrpcClientProtocolClient.lambda$groupAdd$3(GrpcClientProtocolClient.java:140)
	at org.apache.ratis.grpc.client.GrpcClientProtocolClient.blockingCall(GrpcClientProtocolClient.java:167)
	... 25 more
2019-09-12 10:07:54,491 [RATISCREATEPIPELINE2] ERROR pipeline.RatisPipelineProvider (RatisPipelineProvider.java:lambda$null$2(190)) - Failed invoke Ratis rpc org.apache.hadoop.hdds.scm.pipeline.RatisPipelineProvider$$Lambda$160/1246064898@5fc83708 for 3e9857ac-fa98-4731-b68d-6854c6ac33e1
org.apache.ratis.protocol.TimeoutIOException: deadline exceeded after 2997078549ns
	at org.apache.ratis.grpc.GrpcUtil.tryUnwrapException(GrpcUtil.java:82)
	at org.apache.ratis.grpc.GrpcUtil.unwrapException(GrpcUtil.java:75)
	at org.apache.ratis.grpc.client.GrpcClientProtocolClient.blockingCall(GrpcClientProtocolClient.java:169)
	at org.apache.ratis.grpc.client.GrpcClientProtocolClient.groupAdd(GrpcClientProtocolClient.java:138)
	at org.apache.ratis.grpc.client.GrpcClientRpc.sendRequest(GrpcClientRpc.java:94)
	at org.apache.ratis.client.impl.RaftClientImpl.sendRequest(RaftClientImpl.java:279)
	at org.apache.ratis.client.impl.RaftClientImpl.groupAdd(RaftClientImpl.java:206)
	at org.apache.hadoop.hdds.scm.pipeline.RatisPipelineProvider.lambda$initializePipeline$1(RatisPipelineProvider.java:149)
	at org.apache.hadoop.hdds.scm.pipeline.RatisPipelineProvider.lambda$null$2(RatisPipelineProvider.java:186)
	at java.util.stream.ForEachOps$ForEachOp$OfRef.accept(ForEachOps.java:184)
	at java.util.ArrayList$ArrayListSpliterator.forEachRemaining(ArrayList.java:1382)
	at java.util.stream.AbstractPipeline.copyInto(AbstractPipeline.java:482)
	at java.util.stream.ForEachOps$ForEachTask.compute(ForEachOps.java:291)
	at java.util.concurrent.CountedCompleter.exec(CountedCompleter.java:731)
	at java.util.concurrent.ForkJoinTask.doExec(ForkJoinTask.java:289)
	at java.util.concurrent.ForkJoinPool$WorkQueue.runTask(ForkJoinPool.java:1056)
	at java.util.concurrent.ForkJoinPool.runWorker(ForkJoinPool.java:1692)
	at java.util.concurrent.ForkJoinWorkerThread.run(ForkJoinWorkerThread.java:157)
Caused by: org.apache.ratis.thirdparty.io.grpc.StatusRuntimeException: DEADLINE_EXCEEDED: deadline exceeded after 2997078549ns
	at org.apache.ratis.thirdparty.io.grpc.stub.ClientCalls.toStatusRuntimeException(ClientCalls.java:233)
	at org.apache.ratis.thirdparty.io.grpc.stub.ClientCalls.getUnchecked(ClientCalls.java:214)
	at org.apache.ratis.thirdparty.io.grpc.stub.ClientCalls.blockingUnaryCall(ClientCalls.java:139)
	at org.apache.ratis.proto.grpc.AdminProtocolServiceGrpc$AdminProtocolServiceBlockingStub.groupManagement(AdminProtocolServiceGrpc.java:274)
	at org.apache.ratis.grpc.client.GrpcClientProtocolClient.lambda$groupAdd$3(GrpcClientProtocolClient.java:140)
	at org.apache.ratis.grpc.client.GrpcClientProtocolClient.blockingCall(GrpcClientProtocolClient.java:167)
	... 15 more
2019-09-12 10:07:54,496 [RatisPipelineUtilsThread] ERROR pipeline.SCMPipelineManager (SCMPipelineManager.java:createPipeline(161)) - Pipeline creation failed due to exception: 3 exceptions [java.io.IOException: Failed invoke Ratis rpc org.apache.hadoop.hdds.scm.pipeline.RatisPipelineProvider$$Lambda$160/1246064898@5fc83708 for 44359963-929d-49aa-9c1d-830dd9984733, java.io.IOException: Failed invoke Ratis rpc org.apache.hadoop.hdds.scm.pipeline.RatisPipelineProvider$$Lambda$160/1246064898@5fc83708 for edf5af1f-dc18-46e0-8c84-2b6d77687430, java.io.IOException: Failed invoke Ratis rpc org.apache.hadoop.hdds.scm.pipeline.RatisPipelineProvider$$Lambda$160/1246064898@5fc83708 for 3e9857ac-fa98-4731-b68d-6854c6ac33e1]
2019-09-12 10:07:54,519 [grpc-default-executor-2] INFO  impl.RaftServerProxy (RaftServerProxy.java:addNew(89)) - 44359963-929d-49aa-9c1d-830dd9984733: addNew group-E857DDF0BCB3:[edf5af1f-dc18-46e0-8c84-2b6d77687430:192.168.36.114:41081, 44359963-929d-49aa-9c1d-830dd9984733:192.168.36.114:43739, 3e9857ac-fa98-4731-b68d-6854c6ac33e1:192.168.36.114:37352] returns group-E857DDF0BCB3:java.util.concurrent.CompletableFuture@758cd1e[Not completed]
2019-09-12 10:07:54,522 [grpc-default-executor-2] INFO  impl.RaftServerProxy (RaftServerProxy.java:addNew(89)) - edf5af1f-dc18-46e0-8c84-2b6d77687430: addNew group-E857DDF0BCB3:[edf5af1f-dc18-46e0-8c84-2b6d77687430:192.168.36.114:41081, 44359963-929d-49aa-9c1d-830dd9984733:192.168.36.114:43739, 3e9857ac-fa98-4731-b68d-6854c6ac33e1:192.168.36.114:37352] returns group-E857DDF0BCB3:java.util.concurrent.CompletableFuture@77d3082[Not completed]
2019-09-12 10:07:54,523 [grpc-default-executor-0] INFO  impl.RaftServerProxy (RaftServerProxy.java:addNew(89)) - 3e9857ac-fa98-4731-b68d-6854c6ac33e1: addNew group-E857DDF0BCB3:[edf5af1f-dc18-46e0-8c84-2b6d77687430:192.168.36.114:41081, 44359963-929d-49aa-9c1d-830dd9984733:192.168.36.114:43739, 3e9857ac-fa98-4731-b68d-6854c6ac33e1:192.168.36.114:37352] returns group-E857DDF0BCB3:java.util.concurrent.CompletableFuture@30815cf4[Not completed]
2019-09-12 10:07:55,000 | INFO  | SCMAudit | user=jenkins1000 | ip=192.168.36.114 | op=SEND_HEARTBEAT {datanodeUUID=3e9857ac-fa98-4731-b68d-6854c6ac33e1, command=[]} | ret=SUCCESS |  
2019-09-12 10:07:55,107 | INFO  | SCMAudit | user=jenkins1000 | ip=192.168.36.114 | op=SEND_HEARTBEAT {datanodeUUID=44359963-929d-49aa-9c1d-830dd9984733, command=[]} | ret=SUCCESS |  
2019-09-12 10:07:55,152 | INFO  | SCMAudit | user=jenkins1000 | ip=192.168.36.114 | op=SEND_HEARTBEAT {datanodeUUID=edf5af1f-dc18-46e0-8c84-2b6d77687430, command=[]} | ret=SUCCESS |  
2019-09-12 10:07:55,402 | INFO  | SCMAudit | user=jenkins1000 | ip=192.168.36.114 | op=SEND_HEARTBEAT {datanodeUUID=447f177c-7f71-4a4d-a27a-3030237688f4, command=[]} | ret=SUCCESS |  
2019-09-12 10:07:55,580 [pool-49-thread-1] INFO  storage.RaftStorageDirectory (RaftStorageDirectory.java:tryLock(328)) - Lock on /workdir/hadoop-ozone/integration-test/target/test-dir/MiniOzoneClusterImpl-d63a1c8a-c167-4d1c-9f21-7a8d4f3a0684/datanode-2/data/ratis/0c93da04-e288-42ce-b79f-acdb4064edcc/in_use.lock acquired by nodename 384@pr-hdds-1569-58hkm-1881083799
2019-09-12 10:07:55,580 [pool-60-thread-1] INFO  storage.RaftStorageDirectory (RaftStorageDirectory.java:tryLock(328)) - Lock on /workdir/hadoop-ozone/integration-test/target/test-dir/MiniOzoneClusterImpl-d63a1c8a-c167-4d1c-9f21-7a8d4f3a0684/datanode-3/data/ratis/0c93da04-e288-42ce-b79f-acdb4064edcc/in_use.lock acquired by nodename 384@pr-hdds-1569-58hkm-1881083799
2019-09-12 10:07:56,000 | INFO  | SCMAudit | user=jenkins1000 | ip=192.168.36.114 | op=SEND_HEARTBEAT {datanodeUUID=3e9857ac-fa98-4731-b68d-6854c6ac33e1, command=[]} | ret=SUCCESS |  
2019-09-12 10:07:56,107 | INFO  | SCMAudit | user=jenkins1000 | ip=192.168.36.114 | op=SEND_HEARTBEAT {datanodeUUID=44359963-929d-49aa-9c1d-830dd9984733, command=[]} | ret=SUCCESS |  
2019-09-12 10:07:56,152 | INFO  | SCMAudit | user=jenkins1000 | ip=192.168.36.114 | op=SEND_HEARTBEAT {datanodeUUID=edf5af1f-dc18-46e0-8c84-2b6d77687430, command=[]} | ret=SUCCESS |  
2019-09-12 10:07:56,400 [pool-27-thread-1] INFO  storage.RaftStorage (RaftStorage.java:format(72)) - Storage directory /workdir/hadoop-ozone/integration-test/target/test-dir/MiniOzoneClusterImpl-d63a1c8a-c167-4d1c-9f21-7a8d4f3a0684/datanode-0/data/ratis/97513abb-d385-4f06-aef5-312589cbdb4f has been successfully formatted.
2019-09-12 10:07:56,401 [pool-27-thread-1] INFO  ratis.ContainerStateMachine (ContainerStateMachine.java:loadSnapshot(226)) - group-312589CBDB4F: The snapshot info is null. Setting the last applied indexto:(t:0, i:~)
2019-09-12 10:07:56,401 [pool-27-thread-1] INFO  server.RaftServerConfigKeys (ConfUtils.java:logGet(43)) - raft.server.leader.election.timeout = 120s (custom)
2019-09-12 10:07:56,401 [pool-27-thread-1] INFO  server.RaftServerConfigKeys (ConfUtils.java:logGet(43)) - raft.server.log.use.memory = false (default)
2019-09-12 10:07:56,401 [pool-27-thread-1] INFO  server.RaftServerConfigKeys (ConfUtils.java:logGet(43)) - raft.server.log.purge.gap = 1000000 (custom)
2019-09-12 10:07:56,402 [pool-27-thread-1] INFO  server.RaftServerConfigKeys (ConfUtils.java:logGet(43)) - raft.server.log.appender.buffer.byte-limit = 33554432 (custom)
2019-09-12 10:07:56,402 | INFO  | SCMAudit | user=jenkins1000 | ip=192.168.36.114 | op=SEND_HEARTBEAT {datanodeUUID=447f177c-7f71-4a4d-a27a-3030237688f4, command=[]} | ret=SUCCESS |  
2019-09-12 10:07:56,401 [447f177c-7f71-4a4d-a27a-3030237688f4:group-8D436FF404A4:LeaderElection3] INFO  impl.LeaderElection (LeaderElection.java:askForVotes(181)) - 447f177c-7f71-4a4d-a27a-3030237688f4:group-8D436FF404A4:LeaderElection3: begin an election at term 1 for -1: [447f177c-7f71-4a4d-a27a-3030237688f4:192.168.36.114:45663], old=null
2019-09-12 10:07:56,402 [pool-27-thread-1] INFO  server.RaftServerConfigKeys (ConfUtils.java:logGet(43)) - raft.server.log.segment.size.max = 1048576 (custom)
2019-09-12 10:07:56,403 [pool-27-thread-1] INFO  server.RaftServerConfigKeys (ConfUtils.java:logGet(43)) - raft.server.log.segment.cache.num.max = 2 (custom)
2019-09-12 10:07:56,403 [pool-27-thread-1] INFO  segmented.SegmentedRaftLogWorker (SegmentedRaftLogWorker.java:<init>(172)) - new edf5af1f-dc18-46e0-8c84-2b6d77687430-SegmentedRaftLogWorker:Storage Directory /workdir/hadoop-ozone/integration-test/target/test-dir/MiniOzoneClusterImpl-d63a1c8a-c167-4d1c-9f21-7a8d4f3a0684/datanode-0/data/ratis/97513abb-d385-4f06-aef5-312589cbdb4f for RaftStorage:Storage Directory /workdir/hadoop-ozone/integration-test/target/test-dir/MiniOzoneClusterImpl-d63a1c8a-c167-4d1c-9f21-7a8d4f3a0684/datanode-0/data/ratis/97513abb-d385-4f06-aef5-312589cbdb4f
2019-09-12 10:07:56,403 [pool-27-thread-1] INFO  server.RaftServerConfigKeys (ConfUtils.java:logGet(43)) - raft.server.log.queue.byte-limit = 2147483647 (custom)
2019-09-12 10:07:56,403 [pool-27-thread-1] INFO  server.RaftServerConfigKeys (ConfUtils.java:logGet(43)) - raft.server.log.queue.element-limit = 1024 (custom)
2019-09-12 10:07:56,403 [pool-27-thread-1] INFO  server.RaftServerConfigKeys (ConfUtils.java:logGet(43)) - raft.server.log.segment.size.max = 1048576 (custom)
2019-09-12 10:07:56,404 [pool-27-thread-1] INFO  server.RaftServerConfigKeys (ConfUtils.java:logGet(43)) - raft.server.log.preallocated.size = 16384 (custom)
2019-09-12 10:07:56,404 [pool-27-thread-1] INFO  server.RaftServerConfigKeys (ConfUtils.java:logGet(43)) - raft.server.log.write.buffer.size = 33554432 (custom)
2019-09-12 10:07:56,404 [pool-27-thread-1] INFO  server.RaftServerConfigKeys (ConfUtils.java:logGet(43)) - raft.server.log.force.sync.num = 128 (default)
2019-09-12 10:07:56,404 [pool-27-thread-1] INFO  server.RaftServerConfigKeys (ConfUtils.java:logGet(43)) - raft.server.log.statemachine.data.sync = true (default)
2019-09-12 10:07:56,405 [pool-27-thread-1] INFO  server.RaftServerConfigKeys (ConfUtils.java:logGet(43)) - raft.server.log.statemachine.data.sync.timeout = 10s (default)
2019-09-12 10:07:56,405 [pool-27-thread-1] INFO  server.RaftServerConfigKeys (ConfUtils.java:logGet(43)) - raft.server.log.statemachine.data.sync.timeout.retry = -1 (default)
2019-09-12 10:07:56,404 [447f177c-7f71-4a4d-a27a-3030237688f4:group-8D436FF404A4:LeaderElection3] INFO  impl.RoleInfo (RoleInfo.java:shutdownLeaderElection(134)) - 447f177c-7f71-4a4d-a27a-3030237688f4: shutdown LeaderElection
2019-09-12 10:07:56,403 [44359963-929d-49aa-9c1d-830dd9984733:group-1AA6CA5504DC:LeaderElection5] INFO  impl.LeaderElection (LeaderElection.java:askForVotes(181)) - 44359963-929d-49aa-9c1d-830dd9984733:group-1AA6CA5504DC:LeaderElection5: begin an election at term 1 for -1: [44359963-929d-49aa-9c1d-830dd9984733:192.168.36.114:43739], old=null
2019-09-12 10:07:56,403 [447f177c-7f71-4a4d-a27a-3030237688f4:group-7516187DDC57:LeaderElection2] INFO  impl.LeaderElection (LeaderElection.java:askForVotes(181)) - 447f177c-7f71-4a4d-a27a-3030237688f4:group-7516187DDC57:LeaderElection2: begin an election at term 1 for -1: [447f177c-7f71-4a4d-a27a-3030237688f4:192.168.36.114:45663], old=null
2019-09-12 10:07:56,411 [44359963-929d-49aa-9c1d-830dd9984733:group-1AA6CA5504DC:LeaderElection5] INFO  impl.RoleInfo (RoleInfo.java:shutdownLeaderElection(134)) - 44359963-929d-49aa-9c1d-830dd9984733: shutdown LeaderElection
2019-09-12 10:07:56,403 [3e9857ac-fa98-4731-b68d-6854c6ac33e1:group-DCC5AB6DDD2C:LeaderElection7] INFO  impl.LeaderElection (LeaderElection.java:askForVotes(181)) - 3e9857ac-fa98-4731-b68d-6854c6ac33e1:group-DCC5AB6DDD2C:LeaderElection7: begin an election at term 1 for -1: [3e9857ac-fa98-4731-b68d-6854c6ac33e1:192.168.36.114:37352], old=null
2019-09-12 10:07:56,402 [3e9857ac-fa98-4731-b68d-6854c6ac33e1:group-F8E3FEF4FF0C:LeaderElection4] INFO  impl.LeaderElection (LeaderElection.java:askForVotes(181)) - 3e9857ac-fa98-4731-b68d-6854c6ac33e1:group-F8E3FEF4FF0C:LeaderElection4: begin an election at term 1 for -1: [3e9857ac-fa98-4731-b68d-6854c6ac33e1:192.168.36.114:37352], old=null
2019-09-12 10:07:56,402 [447f177c-7f71-4a4d-a27a-3030237688f4:group-00A720130435:LeaderElection6] INFO  impl.LeaderElection (LeaderElection.java:askForVotes(181)) - 447f177c-7f71-4a4d-a27a-3030237688f4:group-00A720130435:LeaderElection6: begin an election at term 1 for -1: [447f177c-7f71-4a4d-a27a-3030237688f4:192.168.36.114:45663], old=null
2019-09-12 10:07:56,402 [edf5af1f-dc18-46e0-8c84-2b6d77687430:group-52AB69389593:LeaderElection1] INFO  impl.LeaderElection (LeaderElection.java:askForVotes(181)) - edf5af1f-dc18-46e0-8c84-2b6d77687430:group-52AB69389593:LeaderElection1: begin an election at term 1 for -1: [edf5af1f-dc18-46e0-8c84-2b6d77687430:192.168.36.114:41081], old=null
2019-09-12 10:07:56,402 [447f177c-7f71-4a4d-a27a-3030237688f4:group-9F3130478938:LeaderElection9] INFO  impl.LeaderElection (LeaderElection.java:askForVotes(181)) - 447f177c-7f71-4a4d-a27a-3030237688f4:group-9F3130478938:LeaderElection9: begin an election at term 1 for -1: [447f177c-7f71-4a4d-a27a-3030237688f4:192.168.36.114:45663], old=null
2019-09-12 10:07:56,401 [3e9857ac-fa98-4731-b68d-6854c6ac33e1:group-6A90156F8027:LeaderElection10] INFO  impl.LeaderElection (LeaderElection.java:askForVotes(181)) - 3e9857ac-fa98-4731-b68d-6854c6ac33e1:group-6A90156F8027:LeaderElection10: begin an election at term 1 for -1: [3e9857ac-fa98-4731-b68d-6854c6ac33e1:192.168.36.114:37352], old=null
2019-09-12 10:07:56,412 [447f177c-7f71-4a4d-a27a-3030237688f4:group-9F3130478938:LeaderElection9] INFO  impl.RoleInfo (RoleInfo.java:shutdownLeaderElection(134)) - 447f177c-7f71-4a4d-a27a-3030237688f4: shutdown LeaderElection
2019-09-12 10:07:56,401 [447f177c-7f71-4a4d-a27a-3030237688f4:group-E0A1239C27E9:LeaderElection8] INFO  impl.LeaderElection (LeaderElection.java:askForVotes(181)) - 447f177c-7f71-4a4d-a27a-3030237688f4:group-E0A1239C27E9:LeaderElection8: begin an election at term 1 for -1: [447f177c-7f71-4a4d-a27a-3030237688f4:192.168.36.114:45663], old=null
2019-09-12 10:07:56,405 [pool-27-thread-1] INFO  server.RaftServerConfigKeys (ConfUtils.java:logGet(43)) - raft.server.log.statemachine.data.caching.enabled = true (custom)
2019-09-12 10:07:56,412 [447f177c-7f71-4a4d-a27a-3030237688f4:group-E0A1239C27E9:LeaderElection8] INFO  impl.RoleInfo (RoleInfo.java:shutdownLeaderElection(134)) - 447f177c-7f71-4a4d-a27a-3030237688f4: shutdown LeaderElection
2019-09-12 10:07:56,412 [447f177c-7f71-4a4d-a27a-3030237688f4:group-9F3130478938:LeaderElection9] INFO  impl.RaftServerImpl (RaftServerImpl.java:setRole(171)) - 447f177c-7f71-4a4d-a27a-3030237688f4:group-9F3130478938 changes role from CANDIDATE to LEADER at term 1 for changeToLeader
2019-09-12 10:07:56,412 [3e9857ac-fa98-4731-b68d-6854c6ac33e1:group-6A90156F8027:LeaderElection10] INFO  impl.RoleInfo (RoleInfo.java:shutdownLeaderElection(134)) - 3e9857ac-fa98-4731-b68d-6854c6ac33e1: shutdown LeaderElection
2019-09-12 10:07:56,412 [pool-27-thread-1] INFO  segmented.SegmentedRaftLogWorker (SegmentedRaftLogWorker.java:lambda$new$0(132)) - edf5af1f-dc18-46e0-8c84-2b6d77687430-SegmentedRaftLogWorker:Storage Directory /workdir/hadoop-ozone/integration-test/target/test-dir/MiniOzoneClusterImpl-d63a1c8a-c167-4d1c-9f21-7a8d4f3a0684/datanode-0/data/ratis/97513abb-d385-4f06-aef5-312589cbdb4f: flushIndex: setUnconditionally 0 -> -1
2019-09-12 10:07:56,412 [edf5af1f-dc18-46e0-8c84-2b6d77687430:group-52AB69389593:LeaderElection1] INFO  impl.RoleInfo (RoleInfo.java:shutdownLeaderElection(134)) - edf5af1f-dc18-46e0-8c84-2b6d77687430: shutdown LeaderElection
2019-09-12 10:07:56,412 [447f177c-7f71-4a4d-a27a-3030237688f4:group-00A720130435:LeaderElection6] INFO  impl.RoleInfo (RoleInfo.java:shutdownLeaderElection(134)) - 447f177c-7f71-4a4d-a27a-3030237688f4: shutdown LeaderElection
2019-09-12 10:07:56,413 [pool-27-thread-1] INFO  server.RaftServerConfigKeys (ConfUtils.java:logGet(43)) - raft.server.snapshot.auto.trigger.enabled = true (custom)
2019-09-12 10:07:56,412 [44359963-929d-49aa-9c1d-830dd9984733:group-1AA6CA5504DC:LeaderElection5] INFO  impl.RaftServerImpl (RaftServerImpl.java:setRole(171)) - 44359963-929d-49aa-9c1d-830dd9984733:group-1AA6CA5504DC changes role from CANDIDATE to LEADER at term 1 for changeToLeader
2019-09-12 10:07:56,412 [447f177c-7f71-4a4d-a27a-3030237688f4:group-8D436FF404A4:LeaderElection3] INFO  impl.RaftServerImpl (RaftServerImpl.java:setRole(171)) - 447f177c-7f71-4a4d-a27a-3030237688f4:group-8D436FF404A4 changes role from CANDIDATE to LEADER at term 1 for changeToLeader
2019-09-12 10:07:56,413 [447f177c-7f71-4a4d-a27a-3030237688f4:group-8D436FF404A4:LeaderElection3] INFO  impl.RaftServerImpl (ServerState.java:setLeader(263)) - 447f177c-7f71-4a4d-a27a-3030237688f4:group-8D436FF404A4 change Leader from null to 447f177c-7f71-4a4d-a27a-3030237688f4 at term 1 for becomeLeader, leader elected after 11213ms
2019-09-12 10:07:56,411 [3e9857ac-fa98-4731-b68d-6854c6ac33e1:group-F8E3FEF4FF0C:LeaderElection4] INFO  impl.RoleInfo (RoleInfo.java:shutdownLeaderElection(134)) - 3e9857ac-fa98-4731-b68d-6854c6ac33e1: shutdown LeaderElection
2019-09-12 10:07:56,411 [3e9857ac-fa98-4731-b68d-6854c6ac33e1:group-DCC5AB6DDD2C:LeaderElection7] INFO  impl.RoleInfo (RoleInfo.java:shutdownLeaderElection(134)) - 3e9857ac-fa98-4731-b68d-6854c6ac33e1: shutdown LeaderElection
2019-09-12 10:07:56,411 [447f177c-7f71-4a4d-a27a-3030237688f4:group-7516187DDC57:LeaderElection2] INFO  impl.RoleInfo (RoleInfo.java:shutdownLeaderElection(134)) - 447f177c-7f71-4a4d-a27a-3030237688f4: shutdown LeaderElection
2019-09-12 10:07:56,414 [3e9857ac-fa98-4731-b68d-6854c6ac33e1:group-DCC5AB6DDD2C:LeaderElection7] INFO  impl.RaftServerImpl (RaftServerImpl.java:setRole(171)) - 3e9857ac-fa98-4731-b68d-6854c6ac33e1:group-DCC5AB6DDD2C changes role from CANDIDATE to LEADER at term 1 for changeToLeader
2019-09-12 10:07:56,413 [3e9857ac-fa98-4731-b68d-6854c6ac33e1:group-F8E3FEF4FF0C:LeaderElection4] INFO  impl.RaftServerImpl (RaftServerImpl.java:setRole(171)) - 3e9857ac-fa98-4731-b68d-6854c6ac33e1:group-F8E3FEF4FF0C changes role from CANDIDATE to LEADER at term 1 for changeToLeader
2019-09-12 10:07:56,413 [44359963-929d-49aa-9c1d-830dd9984733:group-1AA6CA5504DC:LeaderElection5] INFO  impl.RaftServerImpl (ServerState.java:setLeader(263)) - 44359963-929d-49aa-9c1d-830dd9984733:group-1AA6CA5504DC change Leader from null to 44359963-929d-49aa-9c1d-830dd9984733 at term 1 for becomeLeader, leader elected after 11065ms
2019-09-12 10:07:56,413 [pool-27-thread-1] INFO  server.RaftServerConfigKeys (ConfUtils.java:logGet(43)) - raft.server.snapshot.auto.trigger.threshold = 10000 (custom)
2019-09-12 10:07:56,413 [447f177c-7f71-4a4d-a27a-3030237688f4:group-00A720130435:LeaderElection6] INFO  impl.RaftServerImpl (RaftServerImpl.java:setRole(171)) - 447f177c-7f71-4a4d-a27a-3030237688f4:group-00A720130435 changes role from CANDIDATE to LEADER at term 1 for changeToLeader
2019-09-12 10:07:56,413 [edf5af1f-dc18-46e0-8c84-2b6d77687430:group-52AB69389593:LeaderElection1] INFO  impl.RaftServerImpl (RaftServerImpl.java:setRole(171)) - edf5af1f-dc18-46e0-8c84-2b6d77687430:group-52AB69389593 changes role from CANDIDATE to LEADER at term 1 for changeToLeader
2019-09-12 10:07:56,412 [447f177c-7f71-4a4d-a27a-3030237688f4:group-9F3130478938:LeaderElection9] INFO  impl.RaftServerImpl (ServerState.java:setLeader(263)) - 447f177c-7f71-4a4d-a27a-3030237688f4:group-9F3130478938 change Leader from null to 447f177c-7f71-4a4d-a27a-3030237688f4 at term 1 for becomeLeader, leader elected after 10847ms
2019-09-12 10:07:56,412 [3e9857ac-fa98-4731-b68d-6854c6ac33e1:group-6A90156F8027:LeaderElection10] INFO  impl.RaftServerImpl (RaftServerImpl.java:setRole(171)) - 3e9857ac-fa98-4731-b68d-6854c6ac33e1:group-6A90156F8027 changes role from CANDIDATE to LEADER at term 1 for changeToLeader
2019-09-12 10:07:56,412 [447f177c-7f71-4a4d-a27a-3030237688f4:group-E0A1239C27E9:LeaderElection8] INFO  impl.RaftServerImpl (RaftServerImpl.java:setRole(171)) - 447f177c-7f71-4a4d-a27a-3030237688f4:group-E0A1239C27E9 changes role from CANDIDATE to LEADER at term 1 for changeToLeader
2019-09-12 10:07:56,415 [3e9857ac-fa98-4731-b68d-6854c6ac33e1:group-6A90156F8027:LeaderElection10] INFO  impl.RaftServerImpl (ServerState.java:setLeader(263)) - 3e9857ac-fa98-4731-b68d-6854c6ac33e1:group-6A90156F8027 change Leader from null to 3e9857ac-fa98-4731-b68d-6854c6ac33e1 at term 1 for becomeLeader, leader elected after 10789ms
2019-09-12 10:07:56,414 [edf5af1f-dc18-46e0-8c84-2b6d77687430:group-52AB69389593:LeaderElection1] INFO  impl.RaftServerImpl (ServerState.java:setLeader(263)) - edf5af1f-dc18-46e0-8c84-2b6d77687430:group-52AB69389593 change Leader from null to edf5af1f-dc18-46e0-8c84-2b6d77687430 at term 1 for becomeLeader, leader elected after 11570ms
2019-09-12 10:07:56,414 [447f177c-7f71-4a4d-a27a-3030237688f4:group-00A720130435:LeaderElection6] INFO  impl.RaftServerImpl (ServerState.java:setLeader(263)) - 447f177c-7f71-4a4d-a27a-3030237688f4:group-00A720130435 change Leader from null to 447f177c-7f71-4a4d-a27a-3030237688f4 at term 1 for becomeLeader, leader elected after 10900ms
2019-09-12 10:07:56,414 [pool-27-thread-1] INFO  server.RaftServerConfigKeys (ConfUtils.java:logGet(43)) - raft.server.retrycache.expirytime = 600000ms (custom)
2019-09-12 10:07:56,414 [3e9857ac-fa98-4731-b68d-6854c6ac33e1:group-F8E3FEF4FF0C:LeaderElection4] INFO  impl.RaftServerImpl (ServerState.java:setLeader(263)) - 3e9857ac-fa98-4731-b68d-6854c6ac33e1:group-F8E3FEF4FF0C change Leader from null to 3e9857ac-fa98-4731-b68d-6854c6ac33e1 at term 1 for becomeLeader, leader elected after 11133ms
2019-09-12 10:07:56,414 [3e9857ac-fa98-4731-b68d-6854c6ac33e1:group-DCC5AB6DDD2C:LeaderElection7] INFO  impl.RaftServerImpl (ServerState.java:setLeader(263)) - 3e9857ac-fa98-4731-b68d-6854c6ac33e1:group-DCC5AB6DDD2C change Leader from null to 3e9857ac-fa98-4731-b68d-6854c6ac33e1 at term 1 for becomeLeader, leader elected after 11005ms
2019-09-12 10:07:56,414 [447f177c-7f71-4a4d-a27a-3030237688f4:group-7516187DDC57:LeaderElection2] INFO  impl.RaftServerImpl (RaftServerImpl.java:setRole(171)) - 447f177c-7f71-4a4d-a27a-3030237688f4:group-7516187DDC57 changes role from CANDIDATE to LEADER at term 1 for changeToLeader
2019-09-12 10:07:56,415 [447f177c-7f71-4a4d-a27a-3030237688f4:group-E0A1239C27E9:LeaderElection8] INFO  impl.RaftServerImpl (ServerState.java:setLeader(263)) - 447f177c-7f71-4a4d-a27a-3030237688f4:group-E0A1239C27E9 change Leader from null to 447f177c-7f71-4a4d-a27a-3030237688f4 at term 1 for becomeLeader, leader elected after 10959ms
2019-09-12 10:07:56,416 [447f177c-7f71-4a4d-a27a-3030237688f4:group-7516187DDC57:LeaderElection2] INFO  impl.RaftServerImpl (ServerState.java:setLeader(263)) - 447f177c-7f71-4a4d-a27a-3030237688f4:group-7516187DDC57 change Leader from null to 447f177c-7f71-4a4d-a27a-3030237688f4 at term 1 for becomeLeader, leader elected after 11297ms
2019-09-12 10:07:56,417 [pool-27-thread-1] INFO  impl.RaftServerImpl (RaftServerImpl.java:<init>(93)) - edf5af1f-dc18-46e0-8c84-2b6d77687430: new RaftServerImpl for group-ACDB4064EDCC:[edf5af1f-dc18-46e0-8c84-2b6d77687430:192.168.36.114:41081, 44359963-929d-49aa-9c1d-830dd9984733:192.168.36.114:43739, 3e9857ac-fa98-4731-b68d-6854c6ac33e1:192.168.36.114:37352] with ContainerStateMachine:uninitialized
2019-09-12 10:07:56,417 [pool-27-thread-1] INFO  server.RaftServerConfigKeys (ConfUtils.java:logGet(43)) - raft.server.rpc.timeout.min = 5s (custom)
2019-09-12 10:07:56,417 [pool-27-thread-1] INFO  server.RaftServerConfigKeys (ConfUtils.java:logGet(43)) - raft.server.rpc.timeout.max = 5200ms (custom)
2019-09-12 10:07:56,417 [pool-27-thread-1] INFO  server.RaftServerConfigKeys (ConfUtils.java:logGet(43)) - raft.server.rpcslowness.timeout = 120s (custom)
2019-09-12 10:07:56,417 [pool-27-thread-1] INFO  server.RaftServerConfigKeys (ConfUtils.java:logGet(43)) - raft.server.sleep.deviation.threshold = 300 (default)
2019-09-12 10:07:56,418 [pool-27-thread-1] INFO  server.RaftServerConfigKeys (ConfUtils.java:logGet(43)) - raft.server.log.appender.install.snapshot.enabled = false (custom)
2019-09-12 10:07:56,418 [pool-27-thread-1] INFO  impl.RaftServerImpl (ServerState.java:<init>(105)) - edf5af1f-dc18-46e0-8c84-2b6d77687430:group-ACDB4064EDCC ConfigurationManager, init=-1: [edf5af1f-dc18-46e0-8c84-2b6d77687430:192.168.36.114:41081, 44359963-929d-49aa-9c1d-830dd9984733:192.168.36.114:43739, 3e9857ac-fa98-4731-b68d-6854c6ac33e1:192.168.36.114:37352], old=null, confs=<EMPTY_MAP>
2019-09-12 10:07:56,418 [pool-27-thread-1] INFO  server.RaftServerConfigKeys (ConfUtils.java:logGet(43)) - raft.server.storage.dir = [/workdir/hadoop-ozone/integration-test/target/test-dir/MiniOzoneClusterImpl-d63a1c8a-c167-4d1c-9f21-7a8d4f3a0684/datanode-0/data/ratis] (custom)
2019-09-12 10:07:56,418 [pool-27-thread-1] INFO  storage.RaftStorageDirectory (RaftStorageDirectory.java:analyzeStorage(246)) - The storage directory /workdir/hadoop-ozone/integration-test/target/test-dir/MiniOzoneClusterImpl-d63a1c8a-c167-4d1c-9f21-7a8d4f3a0684/datanode-0/data/ratis/0c93da04-e288-42ce-b79f-acdb4064edcc does not exist. Creating ...
2019-09-12 10:07:56,422 [44359963-929d-49aa-9c1d-830dd9984733:group-1AA6CA5504DC:LeaderElection5] INFO  server.RaftServerConfigKeys (ConfUtils.java:logGet(43)) - raft.server.staging.catchup.gap = 1000 (default)
2019-09-12 10:07:56,422 [447f177c-7f71-4a4d-a27a-3030237688f4:group-E0A1239C27E9:LeaderElection8] INFO  server.RaftServerConfigKeys (ConfUtils.java:logGet(43)) - raft.server.staging.catchup.gap = 1000 (default)
2019-09-12 10:07:56,422 [447f177c-7f71-4a4d-a27a-3030237688f4:group-7516187DDC57:LeaderElection2] INFO  server.RaftServerConfigKeys (ConfUtils.java:logGet(43)) - raft.server.staging.catchup.gap = 1000 (default)
2019-09-12 10:07:56,422 [44359963-929d-49aa-9c1d-830dd9984733:group-1AA6CA5504DC:LeaderElection5] INFO  server.RaftServerConfigKeys (ConfUtils.java:logGet(43)) - raft.server.rpc.sleep.time = 25ms (default)
2019-09-12 10:07:56,422 [3e9857ac-fa98-4731-b68d-6854c6ac33e1:group-DCC5AB6DDD2C:LeaderElection7] INFO  server.RaftServerConfigKeys (ConfUtils.java:logGet(43)) - raft.server.staging.catchup.gap = 1000 (default)
2019-09-12 10:07:56,422 [edf5af1f-dc18-46e0-8c84-2b6d77687430:group-52AB69389593:LeaderElection1] INFO  server.RaftServerConfigKeys (ConfUtils.java:logGet(43)) - raft.server.staging.catchup.gap = 1000 (default)
2019-09-12 10:07:56,422 [447f177c-7f71-4a4d-a27a-3030237688f4:group-8D436FF404A4:LeaderElection3] INFO  server.RaftServerConfigKeys (ConfUtils.java:logGet(43)) - raft.server.staging.catchup.gap = 1000 (default)
2019-09-12 10:07:56,422 [3e9857ac-fa98-4731-b68d-6854c6ac33e1:group-6A90156F8027:LeaderElection10] INFO  server.RaftServerConfigKeys (ConfUtils.java:logGet(43)) - raft.server.staging.catchup.gap = 1000 (default)
2019-09-12 10:07:56,423 [447f177c-7f71-4a4d-a27a-3030237688f4:group-8D436FF404A4:LeaderElection3] INFO  server.RaftServerConfigKeys (ConfUtils.java:logGet(43)) - raft.server.rpc.sleep.time = 25ms (default)
2019-09-12 10:07:56,423 [edf5af1f-dc18-46e0-8c84-2b6d77687430:group-52AB69389593:LeaderElection1] INFO  server.RaftServerConfigKeys (ConfUtils.java:logGet(43)) - raft.server.rpc.sleep.time = 25ms (default)
2019-09-12 10:07:56,423 [3e9857ac-fa98-4731-b68d-6854c6ac33e1:group-DCC5AB6DDD2C:LeaderElection7] INFO  server.RaftServerConfigKeys (ConfUtils.java:logGet(43)) - raft.server.rpc.sleep.time = 25ms (default)
2019-09-12 10:07:56,423 [447f177c-7f71-4a4d-a27a-3030237688f4:group-7516187DDC57:LeaderElection2] INFO  server.RaftServerConfigKeys (ConfUtils.java:logGet(43)) - raft.server.rpc.sleep.time = 25ms (default)
2019-09-12 10:07:56,423 [447f177c-7f71-4a4d-a27a-3030237688f4:group-00A720130435:LeaderElection6] INFO  server.RaftServerConfigKeys (ConfUtils.java:logGet(43)) - raft.server.staging.catchup.gap = 1000 (default)
2019-09-12 10:07:56,423 [447f177c-7f71-4a4d-a27a-3030237688f4:group-9F3130478938:LeaderElection9] INFO  server.RaftServerConfigKeys (ConfUtils.java:logGet(43)) - raft.server.staging.catchup.gap = 1000 (default)
2019-09-12 10:07:56,423 [447f177c-7f71-4a4d-a27a-3030237688f4:group-E0A1239C27E9:LeaderElection8] INFO  server.RaftServerConfigKeys (ConfUtils.java:logGet(43)) - raft.server.rpc.sleep.time = 25ms (default)
2019-09-12 10:07:56,423 [3e9857ac-fa98-4731-b68d-6854c6ac33e1:group-F8E3FEF4FF0C:LeaderElection4] INFO  server.RaftServerConfigKeys (ConfUtils.java:logGet(43)) - raft.server.staging.catchup.gap = 1000 (default)
2019-09-12 10:07:56,424 [447f177c-7f71-4a4d-a27a-3030237688f4:group-9F3130478938:LeaderElection9] INFO  server.RaftServerConfigKeys (ConfUtils.java:logGet(43)) - raft.server.rpc.sleep.time = 25ms (default)
2019-09-12 10:07:56,424 [447f177c-7f71-4a4d-a27a-3030237688f4:group-00A720130435:LeaderElection6] INFO  server.RaftServerConfigKeys (ConfUtils.java:logGet(43)) - raft.server.rpc.sleep.time = 25ms (default)
2019-09-12 10:07:56,423 [3e9857ac-fa98-4731-b68d-6854c6ac33e1:group-6A90156F8027:LeaderElection10] INFO  server.RaftServerConfigKeys (ConfUtils.java:logGet(43)) - raft.server.rpc.sleep.time = 25ms (default)
2019-09-12 10:07:56,425 [3e9857ac-fa98-4731-b68d-6854c6ac33e1:group-F8E3FEF4FF0C:LeaderElection4] INFO  server.RaftServerConfigKeys (ConfUtils.java:logGet(43)) - raft.server.rpc.sleep.time = 25ms (default)
2019-09-12 10:07:56,426 [3e9857ac-fa98-4731-b68d-6854c6ac33e1:group-6A90156F8027:LeaderElection10] INFO  server.RaftServerConfigKeys (ConfUtils.java:logGet(43)) - raft.server.write.element-limit = 4096 (default)
2019-09-12 10:07:56,426 [447f177c-7f71-4a4d-a27a-3030237688f4:group-E0A1239C27E9:LeaderElection8] INFO  server.RaftServerConfigKeys (ConfUtils.java:logGet(43)) - raft.server.write.element-limit = 4096 (default)
2019-09-12 10:07:56,426 [3e9857ac-fa98-4731-b68d-6854c6ac33e1:group-DCC5AB6DDD2C:LeaderElection7] INFO  server.RaftServerConfigKeys (ConfUtils.java:logGet(43)) - raft.server.write.element-limit = 4096 (default)
2019-09-12 10:07:56,426 [44359963-929d-49aa-9c1d-830dd9984733:group-1AA6CA5504DC:LeaderElection5] INFO  server.RaftServerConfigKeys (ConfUtils.java:logGet(43)) - raft.server.write.element-limit = 4096 (default)
2019-09-12 10:07:56,426 [447f177c-7f71-4a4d-a27a-3030237688f4:group-8D436FF404A4:LeaderElection3] INFO  server.RaftServerConfigKeys (ConfUtils.java:logGet(43)) - raft.server.write.element-limit = 4096 (default)
2019-09-12 10:07:56,426 [447f177c-7f71-4a4d-a27a-3030237688f4:group-9F3130478938:LeaderElection9] INFO  server.RaftServerConfigKeys (ConfUtils.java:logGet(43)) - raft.server.write.element-limit = 4096 (default)
2019-09-12 10:07:56,426 [447f177c-7f71-4a4d-a27a-3030237688f4:group-00A720130435:LeaderElection6] INFO  server.RaftServerConfigKeys (ConfUtils.java:logGet(43)) - raft.server.write.element-limit = 4096 (default)
2019-09-12 10:07:56,426 [edf5af1f-dc18-46e0-8c84-2b6d77687430:group-52AB69389593:LeaderElection1] INFO  server.RaftServerConfigKeys (ConfUtils.java:logGet(43)) - raft.server.write.element-limit = 4096 (default)
2019-09-12 10:07:56,426 [3e9857ac-fa98-4731-b68d-6854c6ac33e1:group-F8E3FEF4FF0C:LeaderElection4] INFO  server.RaftServerConfigKeys (ConfUtils.java:logGet(43)) - raft.server.write.element-limit = 4096 (default)
2019-09-12 10:07:56,426 [447f177c-7f71-4a4d-a27a-3030237688f4:group-7516187DDC57:LeaderElection2] INFO  server.RaftServerConfigKeys (ConfUtils.java:logGet(43)) - raft.server.write.element-limit = 4096 (default)
2019-09-12 10:07:56,429 [447f177c-7f71-4a4d-a27a-3030237688f4:group-7516187DDC57:LeaderElection2] INFO  server.RaftServerConfigKeys (ConfUtils.java:logGet(43)) - raft.server.watch.timeout = 10s (default)
2019-09-12 10:07:56,429 [447f177c-7f71-4a4d-a27a-3030237688f4:group-8D436FF404A4:LeaderElection3] INFO  server.RaftServerConfigKeys (ConfUtils.java:logGet(43)) - raft.server.watch.timeout = 10s (default)
2019-09-12 10:07:56,429 [edf5af1f-dc18-46e0-8c84-2b6d77687430:group-52AB69389593:LeaderElection1] INFO  server.RaftServerConfigKeys (ConfUtils.java:logGet(43)) - raft.server.watch.timeout = 10s (default)
2019-09-12 10:07:56,429 [447f177c-7f71-4a4d-a27a-3030237688f4:group-9F3130478938:LeaderElection9] INFO  server.RaftServerConfigKeys (ConfUtils.java:logGet(43)) - raft.server.watch.timeout = 10s (default)
2019-09-12 10:07:56,429 [3e9857ac-fa98-4731-b68d-6854c6ac33e1:group-DCC5AB6DDD2C:LeaderElection7] INFO  server.RaftServerConfigKeys (ConfUtils.java:logGet(43)) - raft.server.watch.timeout = 10s (default)
2019-09-12 10:07:56,429 [447f177c-7f71-4a4d-a27a-3030237688f4:group-8D436FF404A4:LeaderElection3] INFO  server.RaftServerConfigKeys (ConfUtils.java:logGet(43)) - raft.server.watch.timeout.denomination = 1s (default)
2019-09-12 10:07:56,429 [3e9857ac-fa98-4731-b68d-6854c6ac33e1:group-F8E3FEF4FF0C:LeaderElection4] INFO  server.RaftServerConfigKeys (ConfUtils.java:logGet(43)) - raft.server.watch.timeout = 10s (default)
2019-09-12 10:07:56,429 [447f177c-7f71-4a4d-a27a-3030237688f4:group-00A720130435:LeaderElection6] INFO  server.RaftServerConfigKeys (ConfUtils.java:logGet(43)) - raft.server.watch.timeout = 10s (default)
2019-09-12 10:07:56,429 [447f177c-7f71-4a4d-a27a-3030237688f4:group-7516187DDC57:LeaderElection2] INFO  server.RaftServerConfigKeys (ConfUtils.java:logGet(43)) - raft.server.watch.timeout.denomination = 1s (default)
2019-09-12 10:07:56,429 [44359963-929d-49aa-9c1d-830dd9984733:group-1AA6CA5504DC:LeaderElection5] INFO  server.RaftServerConfigKeys (ConfUtils.java:logGet(43)) - raft.server.watch.timeout = 10s (default)
2019-09-12 10:07:56,429 [447f177c-7f71-4a4d-a27a-3030237688f4:group-E0A1239C27E9:LeaderElection8] INFO  server.RaftServerConfigKeys (ConfUtils.java:logGet(43)) - raft.server.watch.timeout = 10s (default)
2019-09-12 10:07:56,429 [3e9857ac-fa98-4731-b68d-6854c6ac33e1:group-6A90156F8027:LeaderElection10] INFO  server.RaftServerConfigKeys (ConfUtils.java:logGet(43)) - raft.server.watch.timeout = 10s (default)
2019-09-12 10:07:56,430 [447f177c-7f71-4a4d-a27a-3030237688f4:group-E0A1239C27E9:LeaderElection8] INFO  server.RaftServerConfigKeys (ConfUtils.java:logGet(43)) - raft.server.watch.timeout.denomination = 1s (default)
2019-09-12 10:07:56,430 [447f177c-7f71-4a4d-a27a-3030237688f4:group-8D436FF404A4:LeaderElection3] INFO  server.RaftServerConfigKeys (ConfUtils.java:logGet(43)) - raft.server.watch.element-limit = 65536 (default)
2019-09-12 10:07:56,430 [44359963-929d-49aa-9c1d-830dd9984733:group-1AA6CA5504DC:LeaderElection5] INFO  server.RaftServerConfigKeys (ConfUtils.java:logGet(43)) - raft.server.watch.timeout.denomination = 1s (default)
2019-09-12 10:07:56,430 [447f177c-7f71-4a4d-a27a-3030237688f4:group-00A720130435:LeaderElection6] INFO  server.RaftServerConfigKeys (ConfUtils.java:logGet(43)) - raft.server.watch.timeout.denomination = 1s (default)
2019-09-12 10:07:56,430 [3e9857ac-fa98-4731-b68d-6854c6ac33e1:group-F8E3FEF4FF0C:LeaderElection4] INFO  server.RaftServerConfigKeys (ConfUtils.java:logGet(43)) - raft.server.watch.timeout.denomination = 1s (default)
2019-09-12 10:07:56,429 [3e9857ac-fa98-4731-b68d-6854c6ac33e1:group-DCC5AB6DDD2C:LeaderElection7] INFO  server.RaftServerConfigKeys (ConfUtils.java:logGet(43)) - raft.server.watch.timeout.denomination = 1s (default)
2019-09-12 10:07:56,429 [447f177c-7f71-4a4d-a27a-3030237688f4:group-9F3130478938:LeaderElection9] INFO  server.RaftServerConfigKeys (ConfUtils.java:logGet(43)) - raft.server.watch.timeout.denomination = 1s (default)
2019-09-12 10:07:56,429 [edf5af1f-dc18-46e0-8c84-2b6d77687430:group-52AB69389593:LeaderElection1] INFO  server.RaftServerConfigKeys (ConfUtils.java:logGet(43)) - raft.server.watch.timeout.denomination = 1s (default)
2019-09-12 10:07:56,431 [447f177c-7f71-4a4d-a27a-3030237688f4:group-9F3130478938:LeaderElection9] INFO  server.RaftServerConfigKeys (ConfUtils.java:logGet(43)) - raft.server.watch.element-limit = 65536 (default)
2019-09-12 10:07:56,431 [3e9857ac-fa98-4731-b68d-6854c6ac33e1:group-DCC5AB6DDD2C:LeaderElection7] INFO  server.RaftServerConfigKeys (ConfUtils.java:logGet(43)) - raft.server.watch.element-limit = 65536 (default)
2019-09-12 10:07:56,431 [3e9857ac-fa98-4731-b68d-6854c6ac33e1:group-F8E3FEF4FF0C:LeaderElection4] INFO  server.RaftServerConfigKeys (ConfUtils.java:logGet(43)) - raft.server.watch.element-limit = 65536 (default)
2019-09-12 10:07:56,431 [447f177c-7f71-4a4d-a27a-3030237688f4:group-00A720130435:LeaderElection6] INFO  server.RaftServerConfigKeys (ConfUtils.java:logGet(43)) - raft.server.watch.element-limit = 65536 (default)
2019-09-12 10:07:56,431 [44359963-929d-49aa-9c1d-830dd9984733:group-1AA6CA5504DC:LeaderElection5] INFO  server.RaftServerConfigKeys (ConfUtils.java:logGet(43)) - raft.server.watch.element-limit = 65536 (default)
2019-09-12 10:07:56,430 [447f177c-7f71-4a4d-a27a-3030237688f4:group-E0A1239C27E9:LeaderElection8] INFO  server.RaftServerConfigKeys (ConfUtils.java:logGet(43)) - raft.server.watch.element-limit = 65536 (default)
2019-09-12 10:07:56,430 [3e9857ac-fa98-4731-b68d-6854c6ac33e1:group-6A90156F8027:LeaderElection10] INFO  server.RaftServerConfigKeys (ConfUtils.java:logGet(43)) - raft.server.watch.timeout.denomination = 1s (default)
2019-09-12 10:07:56,430 [447f177c-7f71-4a4d-a27a-3030237688f4:group-7516187DDC57:LeaderElection2] INFO  server.RaftServerConfigKeys (ConfUtils.java:logGet(43)) - raft.server.watch.element-limit = 65536 (default)
2019-09-12 10:07:56,433 [3e9857ac-fa98-4731-b68d-6854c6ac33e1:group-6A90156F8027:LeaderElection10] INFO  server.RaftServerConfigKeys (ConfUtils.java:logGet(43)) - raft.server.watch.element-limit = 65536 (default)
2019-09-12 10:07:56,432 [edf5af1f-dc18-46e0-8c84-2b6d77687430:group-52AB69389593:LeaderElection1] INFO  server.RaftServerConfigKeys (ConfUtils.java:logGet(43)) - raft.server.watch.element-limit = 65536 (default)
2019-09-12 10:07:56,446 [447f177c-7f71-4a4d-a27a-3030237688f4:group-E0A1239C27E9:LeaderElection8] INFO  impl.RoleInfo (RoleInfo.java:updateAndGet(143)) - 447f177c-7f71-4a4d-a27a-3030237688f4: start LeaderState
2019-09-12 10:07:56,446 [44359963-929d-49aa-9c1d-830dd9984733:group-1AA6CA5504DC:LeaderElection5] INFO  impl.RoleInfo (RoleInfo.java:updateAndGet(143)) - 44359963-929d-49aa-9c1d-830dd9984733: start LeaderState
2019-09-12 10:07:56,446 [447f177c-7f71-4a4d-a27a-3030237688f4:group-7516187DDC57:LeaderElection2] INFO  impl.RoleInfo (RoleInfo.java:updateAndGet(143)) - 447f177c-7f71-4a4d-a27a-3030237688f4: start LeaderState
2019-09-12 10:07:56,446 [3e9857ac-fa98-4731-b68d-6854c6ac33e1:group-DCC5AB6DDD2C:LeaderElection7] INFO  impl.RoleInfo (RoleInfo.java:updateAndGet(143)) - 3e9857ac-fa98-4731-b68d-6854c6ac33e1: start LeaderState
2019-09-12 10:07:56,446 [447f177c-7f71-4a4d-a27a-3030237688f4:group-9F3130478938:LeaderElection9] INFO  impl.RoleInfo (RoleInfo.java:updateAndGet(143)) - 447f177c-7f71-4a4d-a27a-3030237688f4: start LeaderState
2019-09-12 10:07:56,446 [447f177c-7f71-4a4d-a27a-3030237688f4:group-00A720130435:LeaderElection6] INFO  impl.RoleInfo (RoleInfo.java:updateAndGet(143)) - 447f177c-7f71-4a4d-a27a-3030237688f4: start LeaderState
2019-09-12 10:07:56,446 [edf5af1f-dc18-46e0-8c84-2b6d77687430:group-52AB69389593:LeaderElection1] INFO  impl.RoleInfo (RoleInfo.java:updateAndGet(143)) - edf5af1f-dc18-46e0-8c84-2b6d77687430: start LeaderState
2019-09-12 10:07:56,446 [447f177c-7f71-4a4d-a27a-3030237688f4:group-8D436FF404A4:LeaderElection3] INFO  impl.RoleInfo (RoleInfo.java:updateAndGet(143)) - 447f177c-7f71-4a4d-a27a-3030237688f4: start LeaderState
2019-09-12 10:07:56,446 [3e9857ac-fa98-4731-b68d-6854c6ac33e1:group-F8E3FEF4FF0C:LeaderElection4] INFO  impl.RoleInfo (RoleInfo.java:updateAndGet(143)) - 3e9857ac-fa98-4731-b68d-6854c6ac33e1: start LeaderState
2019-09-12 10:07:56,446 [3e9857ac-fa98-4731-b68d-6854c6ac33e1:group-6A90156F8027:LeaderElection10] INFO  impl.RoleInfo (RoleInfo.java:updateAndGet(143)) - 3e9857ac-fa98-4731-b68d-6854c6ac33e1: start LeaderState
2019-09-12 10:07:56,466 [3e9857ac-fa98-4731-b68d-6854c6ac33e1:group-F8E3FEF4FF0C:LeaderElection4] INFO  segmented.SegmentedRaftLogWorker (SegmentedRaftLogWorker.java:startLogSegment(380)) - 3e9857ac-fa98-4731-b68d-6854c6ac33e1-SegmentedRaftLogWorker:Storage Directory /workdir/hadoop-ozone/integration-test/target/test-dir/MiniOzoneClusterImpl-d63a1c8a-c167-4d1c-9f21-7a8d4f3a0684/datanode-2/data/ratis/e3283f32-70ff-4d4e-9bb5-f8e3fef4ff0c: Starting segment from index:0
2019-09-12 10:07:56,466 [447f177c-7f71-4a4d-a27a-3030237688f4:group-9F3130478938:LeaderElection9] INFO  segmented.SegmentedRaftLogWorker (SegmentedRaftLogWorker.java:startLogSegment(380)) - 447f177c-7f71-4a4d-a27a-3030237688f4-SegmentedRaftLogWorker:Storage Directory /workdir/hadoop-ozone/integration-test/target/test-dir/MiniOzoneClusterImpl-d63a1c8a-c167-4d1c-9f21-7a8d4f3a0684/datanode-1/data/ratis/9069c9ba-3e18-435b-b5c6-9f3130478938: Starting segment from index:0
2019-09-12 10:07:56,466 [3e9857ac-fa98-4731-b68d-6854c6ac33e1:group-DCC5AB6DDD2C:LeaderElection7] INFO  segmented.SegmentedRaftLogWorker (SegmentedRaftLogWorker.java:startLogSegment(380)) - 3e9857ac-fa98-4731-b68d-6854c6ac33e1-SegmentedRaftLogWorker:Storage Directory /workdir/hadoop-ozone/integration-test/target/test-dir/MiniOzoneClusterImpl-d63a1c8a-c167-4d1c-9f21-7a8d4f3a0684/datanode-2/data/ratis/cc1ec2b4-aca9-458b-95a3-dcc5ab6ddd2c: Starting segment from index:0
2019-09-12 10:07:56,466 [447f177c-7f71-4a4d-a27a-3030237688f4:group-8D436FF404A4:LeaderElection3] INFO  segmented.SegmentedRaftLogWorker (SegmentedRaftLogWorker.java:startLogSegment(380)) - 447f177c-7f71-4a4d-a27a-3030237688f4-SegmentedRaftLogWorker:Storage Directory /workdir/hadoop-ozone/integration-test/target/test-dir/MiniOzoneClusterImpl-d63a1c8a-c167-4d1c-9f21-7a8d4f3a0684/datanode-1/data/ratis/533c104f-4de3-4cbd-9be5-8d436ff404a4: Starting segment from index:0
2019-09-12 10:07:56,466 [edf5af1f-dc18-46e0-8c84-2b6d77687430:group-52AB69389593:LeaderElection1] INFO  segmented.SegmentedRaftLogWorker (SegmentedRaftLogWorker.java:startLogSegment(380)) - edf5af1f-dc18-46e0-8c84-2b6d77687430-SegmentedRaftLogWorker:Storage Directory /workdir/hadoop-ozone/integration-test/target/test-dir/MiniOzoneClusterImpl-d63a1c8a-c167-4d1c-9f21-7a8d4f3a0684/datanode-0/data/ratis/50cc2ecf-1a7e-4ef9-876e-52ab69389593: Starting segment from index:0
2019-09-12 10:07:56,466 [447f177c-7f71-4a4d-a27a-3030237688f4:group-00A720130435:LeaderElection6] INFO  segmented.SegmentedRaftLogWorker (SegmentedRaftLogWorker.java:startLogSegment(380)) - 447f177c-7f71-4a4d-a27a-3030237688f4-SegmentedRaftLogWorker:Storage Directory /workdir/hadoop-ozone/integration-test/target/test-dir/MiniOzoneClusterImpl-d63a1c8a-c167-4d1c-9f21-7a8d4f3a0684/datanode-1/data/ratis/8f2606de-f96c-4699-9145-00a720130435: Starting segment from index:0
2019-09-12 10:07:56,466 [3e9857ac-fa98-4731-b68d-6854c6ac33e1:group-6A90156F8027:LeaderElection10] INFO  segmented.SegmentedRaftLogWorker (SegmentedRaftLogWorker.java:startLogSegment(380)) - 3e9857ac-fa98-4731-b68d-6854c6ac33e1-SegmentedRaftLogWorker:Storage Directory /workdir/hadoop-ozone/integration-test/target/test-dir/MiniOzoneClusterImpl-d63a1c8a-c167-4d1c-9f21-7a8d4f3a0684/datanode-2/data/ratis/98182e61-98f4-484f-9461-6a90156f8027: Starting segment from index:0
2019-09-12 10:07:56,466 [447f177c-7f71-4a4d-a27a-3030237688f4:group-7516187DDC57:LeaderElection2] INFO  segmented.SegmentedRaftLogWorker (SegmentedRaftLogWorker.java:startLogSegment(380)) - 447f177c-7f71-4a4d-a27a-3030237688f4-SegmentedRaftLogWorker:Storage Directory /workdir/hadoop-ozone/integration-test/target/test-dir/MiniOzoneClusterImpl-d63a1c8a-c167-4d1c-9f21-7a8d4f3a0684/datanode-1/data/ratis/e58316d2-ccdf-4cce-8dee-7516187ddc57: Starting segment from index:0
2019-09-12 10:07:56,466 [44359963-929d-49aa-9c1d-830dd9984733:group-1AA6CA5504DC:LeaderElection5] INFO  segmented.SegmentedRaftLogWorker (SegmentedRaftLogWorker.java:startLogSegment(380)) - 44359963-929d-49aa-9c1d-830dd9984733-SegmentedRaftLogWorker:Storage Directory /workdir/hadoop-ozone/integration-test/target/test-dir/MiniOzoneClusterImpl-d63a1c8a-c167-4d1c-9f21-7a8d4f3a0684/datanode-3/data/ratis/e60a8c38-2be5-4b4d-8133-1aa6ca5504dc: Starting segment from index:0
2019-09-12 10:07:56,466 [447f177c-7f71-4a4d-a27a-3030237688f4:group-E0A1239C27E9:LeaderElection8] INFO  segmented.SegmentedRaftLogWorker (SegmentedRaftLogWorker.java:startLogSegment(380)) - 447f177c-7f71-4a4d-a27a-3030237688f4-SegmentedRaftLogWorker:Storage Directory /workdir/hadoop-ozone/integration-test/target/test-dir/MiniOzoneClusterImpl-d63a1c8a-c167-4d1c-9f21-7a8d4f3a0684/datanode-1/data/ratis/c79ea884-a767-4729-a41c-e0a1239c27e9: Starting segment from index:0
2019-09-12 10:07:56,485 [447f177c-7f71-4a4d-a27a-3030237688f4:group-8D436FF404A4:LeaderElection3] INFO  impl.RaftServerImpl (ServerState.java:setRaftConf(361)) - 447f177c-7f71-4a4d-a27a-3030237688f4:group-8D436FF404A4 set configuration 0: [447f177c-7f71-4a4d-a27a-3030237688f4:192.168.36.114:45663], old=null at 0
2019-09-12 10:07:56,485 [3e9857ac-fa98-4731-b68d-6854c6ac33e1:group-F8E3FEF4FF0C:LeaderElection4] INFO  impl.RaftServerImpl (ServerState.java:setRaftConf(361)) - 3e9857ac-fa98-4731-b68d-6854c6ac33e1:group-F8E3FEF4FF0C set configuration 0: [3e9857ac-fa98-4731-b68d-6854c6ac33e1:192.168.36.114:37352], old=null at 0
2019-09-12 10:07:56,485 [edf5af1f-dc18-46e0-8c84-2b6d77687430:group-52AB69389593:LeaderElection1] INFO  impl.RaftServerImpl (ServerState.java:setRaftConf(361)) - edf5af1f-dc18-46e0-8c84-2b6d77687430:group-52AB69389593 set configuration 0: [edf5af1f-dc18-46e0-8c84-2b6d77687430:192.168.36.114:41081], old=null at 0
2019-09-12 10:07:56,485 [44359963-929d-49aa-9c1d-830dd9984733:group-1AA6CA5504DC:LeaderElection5] INFO  impl.RaftServerImpl (ServerState.java:setRaftConf(361)) - 44359963-929d-49aa-9c1d-830dd9984733:group-1AA6CA5504DC set configuration 0: [44359963-929d-49aa-9c1d-830dd9984733:192.168.36.114:43739], old=null at 0
2019-09-12 10:07:56,485 [447f177c-7f71-4a4d-a27a-3030237688f4:group-E0A1239C27E9:LeaderElection8] INFO  impl.RaftServerImpl (ServerState.java:setRaftConf(361)) - 447f177c-7f71-4a4d-a27a-3030237688f4:group-E0A1239C27E9 set configuration 0: [447f177c-7f71-4a4d-a27a-3030237688f4:192.168.36.114:45663], old=null at 0
2019-09-12 10:07:56,486 [3e9857ac-fa98-4731-b68d-6854c6ac33e1:group-DCC5AB6DDD2C:LeaderElection7] INFO  impl.RaftServerImpl (ServerState.java:setRaftConf(361)) - 3e9857ac-fa98-4731-b68d-6854c6ac33e1:group-DCC5AB6DDD2C set configuration 0: [3e9857ac-fa98-4731-b68d-6854c6ac33e1:192.168.36.114:37352], old=null at 0
2019-09-12 10:07:56,487 [3e9857ac-fa98-4731-b68d-6854c6ac33e1:group-6A90156F8027:LeaderElection10] INFO  impl.RaftServerImpl (ServerState.java:setRaftConf(361)) - 3e9857ac-fa98-4731-b68d-6854c6ac33e1:group-6A90156F8027 set configuration 0: [3e9857ac-fa98-4731-b68d-6854c6ac33e1:192.168.36.114:37352], old=null at 0
2019-09-12 10:07:56,486 [447f177c-7f71-4a4d-a27a-3030237688f4:group-7516187DDC57:LeaderElection2] INFO  impl.RaftServerImpl (ServerState.java:setRaftConf(361)) - 447f177c-7f71-4a4d-a27a-3030237688f4:group-7516187DDC57 set configuration 0: [447f177c-7f71-4a4d-a27a-3030237688f4:192.168.36.114:45663], old=null at 0
2019-09-12 10:07:56,485 [447f177c-7f71-4a4d-a27a-3030237688f4:group-9F3130478938:LeaderElection9] INFO  impl.RaftServerImpl (ServerState.java:setRaftConf(361)) - 447f177c-7f71-4a4d-a27a-3030237688f4:group-9F3130478938 set configuration 0: [447f177c-7f71-4a4d-a27a-3030237688f4:192.168.36.114:45663], old=null at 0
2019-09-12 10:07:56,486 [447f177c-7f71-4a4d-a27a-3030237688f4:group-00A720130435:LeaderElection6] INFO  impl.RaftServerImpl (ServerState.java:setRaftConf(361)) - 447f177c-7f71-4a4d-a27a-3030237688f4:group-00A720130435 set configuration 0: [447f177c-7f71-4a4d-a27a-3030237688f4:192.168.36.114:45663], old=null at 0
2019-09-12 10:07:56,719 [edf5af1f-dc18-46e0-8c84-2b6d77687430:group-0E7B23D6D317:LeaderElection11] INFO  impl.LeaderElection (LeaderElection.java:askForVotes(181)) - edf5af1f-dc18-46e0-8c84-2b6d77687430:group-0E7B23D6D317:LeaderElection11: begin an election at term 1 for -1: [edf5af1f-dc18-46e0-8c84-2b6d77687430:192.168.36.114:41081], old=null
2019-09-12 10:07:56,719 [edf5af1f-dc18-46e0-8c84-2b6d77687430:group-0E7B23D6D317:LeaderElection11] INFO  impl.RoleInfo (RoleInfo.java:shutdownLeaderElection(134)) - edf5af1f-dc18-46e0-8c84-2b6d77687430: shutdown LeaderElection
2019-09-12 10:07:56,719 [edf5af1f-dc18-46e0-8c84-2b6d77687430:group-0E7B23D6D317:LeaderElection11] INFO  impl.RaftServerImpl (RaftServerImpl.java:setRole(171)) - edf5af1f-dc18-46e0-8c84-2b6d77687430:group-0E7B23D6D317 changes role from CANDIDATE to LEADER at term 1 for changeToLeader
2019-09-12 10:07:56,719 [edf5af1f-dc18-46e0-8c84-2b6d77687430:group-0E7B23D6D317:LeaderElection11] INFO  impl.RaftServerImpl (ServerState.java:setLeader(263)) - edf5af1f-dc18-46e0-8c84-2b6d77687430:group-0E7B23D6D317 change Leader from null to edf5af1f-dc18-46e0-8c84-2b6d77687430 at term 1 for becomeLeader, leader elected after 8280ms
2019-09-12 10:07:56,720 [edf5af1f-dc18-46e0-8c84-2b6d77687430:group-0E7B23D6D317:LeaderElection11] INFO  server.RaftServerConfigKeys (ConfUtils.java:logGet(43)) - raft.server.staging.catchup.gap = 1000 (default)
2019-09-12 10:07:56,720 [edf5af1f-dc18-46e0-8c84-2b6d77687430:group-0E7B23D6D317:LeaderElection11] INFO  server.RaftServerConfigKeys (ConfUtils.java:logGet(43)) - raft.server.rpc.sleep.time = 25ms (default)
2019-09-12 10:07:56,720 [edf5af1f-dc18-46e0-8c84-2b6d77687430:group-0E7B23D6D317:LeaderElection11] INFO  server.RaftServerConfigKeys (ConfUtils.java:logGet(43)) - raft.server.write.element-limit = 4096 (default)
2019-09-12 10:07:56,720 [edf5af1f-dc18-46e0-8c84-2b6d77687430:group-0E7B23D6D317:LeaderElection11] INFO  server.RaftServerConfigKeys (ConfUtils.java:logGet(43)) - raft.server.watch.timeout = 10s (default)
2019-09-12 10:07:56,720 [edf5af1f-dc18-46e0-8c84-2b6d77687430:group-0E7B23D6D317:LeaderElection11] INFO  server.RaftServerConfigKeys (ConfUtils.java:logGet(43)) - raft.server.watch.timeout.denomination = 1s (default)
2019-09-12 10:07:56,721 [edf5af1f-dc18-46e0-8c84-2b6d77687430:group-0E7B23D6D317:LeaderElection11] INFO  server.RaftServerConfigKeys (ConfUtils.java:logGet(43)) - raft.server.watch.element-limit = 65536 (default)
2019-09-12 10:07:56,721 [edf5af1f-dc18-46e0-8c84-2b6d77687430:group-0E7B23D6D317:LeaderElection11] INFO  impl.RoleInfo (RoleInfo.java:updateAndGet(143)) - edf5af1f-dc18-46e0-8c84-2b6d77687430: start LeaderState
2019-09-12 10:07:56,721 [edf5af1f-dc18-46e0-8c84-2b6d77687430:group-0E7B23D6D317:LeaderElection11] INFO  segmented.SegmentedRaftLogWorker (SegmentedRaftLogWorker.java:startLogSegment(380)) - edf5af1f-dc18-46e0-8c84-2b6d77687430-SegmentedRaftLogWorker:Storage Directory /workdir/hadoop-ozone/integration-test/target/test-dir/MiniOzoneClusterImpl-d63a1c8a-c167-4d1c-9f21-7a8d4f3a0684/datanode-0/data/ratis/74d95e32-bd60-4bc0-aad1-0e7b23d6d317: Starting segment from index:0
2019-09-12 10:07:56,722 [edf5af1f-dc18-46e0-8c84-2b6d77687430:group-0E7B23D6D317:LeaderElection11] INFO  impl.RaftServerImpl (ServerState.java:setRaftConf(361)) - edf5af1f-dc18-46e0-8c84-2b6d77687430:group-0E7B23D6D317 set configuration 0: [edf5af1f-dc18-46e0-8c84-2b6d77687430:192.168.36.114:41081], old=null at 0
2019-09-12 10:07:56,761 [pool-27-thread-1] INFO  storage.RaftStorageDirectory (RaftStorageDirectory.java:tryLock(328)) - Lock on /workdir/hadoop-ozone/integration-test/target/test-dir/MiniOzoneClusterImpl-d63a1c8a-c167-4d1c-9f21-7a8d4f3a0684/datanode-0/data/ratis/0c93da04-e288-42ce-b79f-acdb4064edcc/in_use.lock acquired by nodename 384@pr-hdds-1569-58hkm-1881083799
2019-09-12 10:07:56,771 [pool-49-thread-1] INFO  storage.RaftStorage (RaftStorage.java:format(72)) - Storage directory /workdir/hadoop-ozone/integration-test/target/test-dir/MiniOzoneClusterImpl-d63a1c8a-c167-4d1c-9f21-7a8d4f3a0684/datanode-2/data/ratis/0c93da04-e288-42ce-b79f-acdb4064edcc has been successfully formatted.
2019-09-12 10:07:56,771 [pool-60-thread-1] INFO  storage.RaftStorage (RaftStorage.java:format(72)) - Storage directory /workdir/hadoop-ozone/integration-test/target/test-dir/MiniOzoneClusterImpl-d63a1c8a-c167-4d1c-9f21-7a8d4f3a0684/datanode-3/data/ratis/0c93da04-e288-42ce-b79f-acdb4064edcc has been successfully formatted.
2019-09-12 10:07:56,772 [pool-60-thread-1] INFO  ratis.ContainerStateMachine (ContainerStateMachine.java:loadSnapshot(226)) - group-ACDB4064EDCC: The snapshot info is null. Setting the last applied indexto:(t:0, i:~)
2019-09-12 10:07:56,772 [pool-49-thread-1] INFO  ratis.ContainerStateMachine (ContainerStateMachine.java:loadSnapshot(226)) - group-ACDB4064EDCC: The snapshot info is null. Setting the last applied indexto:(t:0, i:~)
2019-09-12 10:07:56,772 [pool-60-thread-1] INFO  server.RaftServerConfigKeys (ConfUtils.java:logGet(43)) - raft.server.leader.election.timeout = 120s (custom)
2019-09-12 10:07:56,773 [pool-49-thread-1] INFO  server.RaftServerConfigKeys (ConfUtils.java:logGet(43)) - raft.server.leader.election.timeout = 120s (custom)
2019-09-12 10:07:56,773 [pool-60-thread-1] INFO  server.RaftServerConfigKeys (ConfUtils.java:logGet(43)) - raft.server.log.use.memory = false (default)
2019-09-12 10:07:56,773 [pool-49-thread-1] INFO  server.RaftServerConfigKeys (ConfUtils.java:logGet(43)) - raft.server.log.use.memory = false (default)
2019-09-12 10:07:56,773 [pool-60-thread-1] INFO  server.RaftServerConfigKeys (ConfUtils.java:logGet(43)) - raft.server.log.purge.gap = 1000000 (custom)
2019-09-12 10:07:56,773 [pool-49-thread-1] INFO  server.RaftServerConfigKeys (ConfUtils.java:logGet(43)) - raft.server.log.purge.gap = 1000000 (custom)
2019-09-12 10:07:56,773 [pool-60-thread-1] INFO  server.RaftServerConfigKeys (ConfUtils.java:logGet(43)) - raft.server.log.appender.buffer.byte-limit = 33554432 (custom)
2019-09-12 10:07:56,774 [pool-49-thread-1] INFO  server.RaftServerConfigKeys (ConfUtils.java:logGet(43)) - raft.server.log.appender.buffer.byte-limit = 33554432 (custom)
2019-09-12 10:07:56,774 [pool-60-thread-1] INFO  server.RaftServerConfigKeys (ConfUtils.java:logGet(43)) - raft.server.log.segment.size.max = 1048576 (custom)
2019-09-12 10:07:56,774 [pool-49-thread-1] INFO  server.RaftServerConfigKeys (ConfUtils.java:logGet(43)) - raft.server.log.segment.size.max = 1048576 (custom)
2019-09-12 10:07:56,774 [pool-60-thread-1] INFO  server.RaftServerConfigKeys (ConfUtils.java:logGet(43)) - raft.server.log.segment.cache.num.max = 2 (custom)
2019-09-12 10:07:56,774 [pool-49-thread-1] INFO  server.RaftServerConfigKeys (ConfUtils.java:logGet(43)) - raft.server.log.segment.cache.num.max = 2 (custom)
2019-09-12 10:07:56,774 [pool-60-thread-1] INFO  segmented.SegmentedRaftLogWorker (SegmentedRaftLogWorker.java:<init>(172)) - new 44359963-929d-49aa-9c1d-830dd9984733-SegmentedRaftLogWorker:Storage Directory /workdir/hadoop-ozone/integration-test/target/test-dir/MiniOzoneClusterImpl-d63a1c8a-c167-4d1c-9f21-7a8d4f3a0684/datanode-3/data/ratis/0c93da04-e288-42ce-b79f-acdb4064edcc for RaftStorage:Storage Directory /workdir/hadoop-ozone/integration-test/target/test-dir/MiniOzoneClusterImpl-d63a1c8a-c167-4d1c-9f21-7a8d4f3a0684/datanode-3/data/ratis/0c93da04-e288-42ce-b79f-acdb4064edcc
2019-09-12 10:07:56,775 [pool-49-thread-1] INFO  segmented.SegmentedRaftLogWorker (SegmentedRaftLogWorker.java:<init>(172)) - new 3e9857ac-fa98-4731-b68d-6854c6ac33e1-SegmentedRaftLogWorker:Storage Directory /workdir/hadoop-ozone/integration-test/target/test-dir/MiniOzoneClusterImpl-d63a1c8a-c167-4d1c-9f21-7a8d4f3a0684/datanode-2/data/ratis/0c93da04-e288-42ce-b79f-acdb4064edcc for RaftStorage:Storage Directory /workdir/hadoop-ozone/integration-test/target/test-dir/MiniOzoneClusterImpl-d63a1c8a-c167-4d1c-9f21-7a8d4f3a0684/datanode-2/data/ratis/0c93da04-e288-42ce-b79f-acdb4064edcc
2019-09-12 10:07:56,775 [pool-60-thread-1] INFO  server.RaftServerConfigKeys (ConfUtils.java:logGet(43)) - raft.server.log.queue.byte-limit = 2147483647 (custom)
2019-09-12 10:07:56,776 [pool-49-thread-1] INFO  server.RaftServerConfigKeys (ConfUtils.java:logGet(43)) - raft.server.log.queue.byte-limit = 2147483647 (custom)
2019-09-12 10:07:56,777 [pool-60-thread-1] INFO  server.RaftServerConfigKeys (ConfUtils.java:logGet(43)) - raft.server.log.queue.element-limit = 1024 (custom)
2019-09-12 10:07:56,777 [pool-49-thread-1] INFO  server.RaftServerConfigKeys (ConfUtils.java:logGet(43)) - raft.server.log.queue.element-limit = 1024 (custom)
2019-09-12 10:07:56,777 [pool-60-thread-1] INFO  server.RaftServerConfigKeys (ConfUtils.java:logGet(43)) - raft.server.log.segment.size.max = 1048576 (custom)
2019-09-12 10:07:56,778 [pool-49-thread-1] INFO  server.RaftServerConfigKeys (ConfUtils.java:logGet(43)) - raft.server.log.segment.size.max = 1048576 (custom)
2019-09-12 10:07:56,778 [pool-60-thread-1] INFO  server.RaftServerConfigKeys (ConfUtils.java:logGet(43)) - raft.server.log.preallocated.size = 16384 (custom)
2019-09-12 10:07:56,778 [pool-49-thread-1] INFO  server.RaftServerConfigKeys (ConfUtils.java:logGet(43)) - raft.server.log.preallocated.size = 16384 (custom)
2019-09-12 10:07:56,778 [pool-60-thread-1] INFO  server.RaftServerConfigKeys (ConfUtils.java:logGet(43)) - raft.server.log.write.buffer.size = 33554432 (custom)
2019-09-12 10:07:56,778 [pool-49-thread-1] INFO  server.RaftServerConfigKeys (ConfUtils.java:logGet(43)) - raft.server.log.write.buffer.size = 33554432 (custom)
2019-09-12 10:07:56,778 [pool-60-thread-1] INFO  server.RaftServerConfigKeys (ConfUtils.java:logGet(43)) - raft.server.log.force.sync.num = 128 (default)
2019-09-12 10:07:56,779 [pool-49-thread-1] INFO  server.RaftServerConfigKeys (ConfUtils.java:logGet(43)) - raft.server.log.force.sync.num = 128 (default)
2019-09-12 10:07:56,779 [pool-60-thread-1] INFO  server.RaftServerConfigKeys (ConfUtils.java:logGet(43)) - raft.server.log.statemachine.data.sync = true (default)
2019-09-12 10:07:56,779 [pool-49-thread-1] INFO  server.RaftServerConfigKeys (ConfUtils.java:logGet(43)) - raft.server.log.statemachine.data.sync = true (default)
2019-09-12 10:07:56,779 [pool-60-thread-1] INFO  server.RaftServerConfigKeys (ConfUtils.java:logGet(43)) - raft.server.log.statemachine.data.sync.timeout = 10s (default)
2019-09-12 10:07:56,780 [pool-49-thread-1] INFO  server.RaftServerConfigKeys (ConfUtils.java:logGet(43)) - raft.server.log.statemachine.data.sync.timeout = 10s (default)
2019-09-12 10:07:56,780 [pool-60-thread-1] INFO  server.RaftServerConfigKeys (ConfUtils.java:logGet(43)) - raft.server.log.statemachine.data.sync.timeout.retry = -1 (default)
2019-09-12 10:07:56,780 [pool-49-thread-1] INFO  server.RaftServerConfigKeys (ConfUtils.java:logGet(43)) - raft.server.log.statemachine.data.sync.timeout.retry = -1 (default)
2019-09-12 10:07:56,780 [pool-60-thread-1] INFO  server.RaftServerConfigKeys (ConfUtils.java:logGet(43)) - raft.server.log.statemachine.data.caching.enabled = true (custom)
2019-09-12 10:07:56,780 [pool-49-thread-1] INFO  server.RaftServerConfigKeys (ConfUtils.java:logGet(43)) - raft.server.log.statemachine.data.caching.enabled = true (custom)
2019-09-12 10:07:56,781 [pool-60-thread-1] INFO  segmented.SegmentedRaftLogWorker (SegmentedRaftLogWorker.java:lambda$new$0(132)) - 44359963-929d-49aa-9c1d-830dd9984733-SegmentedRaftLogWorker:Storage Directory /workdir/hadoop-ozone/integration-test/target/test-dir/MiniOzoneClusterImpl-d63a1c8a-c167-4d1c-9f21-7a8d4f3a0684/datanode-3/data/ratis/0c93da04-e288-42ce-b79f-acdb4064edcc: flushIndex: setUnconditionally 0 -> -1
2019-09-12 10:07:56,781 [pool-49-thread-1] INFO  segmented.SegmentedRaftLogWorker (SegmentedRaftLogWorker.java:lambda$new$0(132)) - 3e9857ac-fa98-4731-b68d-6854c6ac33e1-SegmentedRaftLogWorker:Storage Directory /workdir/hadoop-ozone/integration-test/target/test-dir/MiniOzoneClusterImpl-d63a1c8a-c167-4d1c-9f21-7a8d4f3a0684/datanode-2/data/ratis/0c93da04-e288-42ce-b79f-acdb4064edcc: flushIndex: setUnconditionally 0 -> -1
2019-09-12 10:07:56,781 [pool-60-thread-1] INFO  server.RaftServerConfigKeys (ConfUtils.java:logGet(43)) - raft.server.snapshot.auto.trigger.enabled = true (custom)
2019-09-12 10:07:56,781 [pool-60-thread-1] INFO  server.RaftServerConfigKeys (ConfUtils.java:logGet(43)) - raft.server.snapshot.auto.trigger.threshold = 10000 (custom)
2019-09-12 10:07:56,782 [pool-49-thread-1] INFO  server.RaftServerConfigKeys (ConfUtils.java:logGet(43)) - raft.server.snapshot.auto.trigger.enabled = true (custom)
2019-09-12 10:07:56,782 [pool-60-thread-1] INFO  server.RaftServerConfigKeys (ConfUtils.java:logGet(43)) - raft.server.retrycache.expirytime = 600000ms (custom)
2019-09-12 10:07:56,782 [pool-49-thread-1] INFO  server.RaftServerConfigKeys (ConfUtils.java:logGet(43)) - raft.server.snapshot.auto.trigger.threshold = 10000 (custom)
2019-09-12 10:07:56,782 [pool-49-thread-1] INFO  server.RaftServerConfigKeys (ConfUtils.java:logGet(43)) - raft.server.retrycache.expirytime = 600000ms (custom)
2019-09-12 10:07:56,784 [pool-60-thread-1] INFO  impl.RaftServerImpl (RaftServerImpl.java:<init>(93)) - 44359963-929d-49aa-9c1d-830dd9984733: new RaftServerImpl for group-E857DDF0BCB3:[edf5af1f-dc18-46e0-8c84-2b6d77687430:192.168.36.114:41081, 44359963-929d-49aa-9c1d-830dd9984733:192.168.36.114:43739, 3e9857ac-fa98-4731-b68d-6854c6ac33e1:192.168.36.114:37352] with ContainerStateMachine:uninitialized
2019-09-12 10:07:56,784 [pool-60-thread-1] INFO  server.RaftServerConfigKeys (ConfUtils.java:logGet(43)) - raft.server.rpc.timeout.min = 5s (custom)
2019-09-12 10:07:56,785 [pool-60-thread-1] INFO  server.RaftServerConfigKeys (ConfUtils.java:logGet(43)) - raft.server.rpc.timeout.max = 5200ms (custom)
2019-09-12 10:07:56,785 [pool-60-thread-1] INFO  server.RaftServerConfigKeys (ConfUtils.java:logGet(43)) - raft.server.rpcslowness.timeout = 120s (custom)
2019-09-12 10:07:56,785 [pool-60-thread-1] INFO  server.RaftServerConfigKeys (ConfUtils.java:logGet(43)) - raft.server.sleep.deviation.threshold = 300 (default)
2019-09-12 10:07:56,785 [pool-60-thread-1] INFO  server.RaftServerConfigKeys (ConfUtils.java:logGet(43)) - raft.server.log.appender.install.snapshot.enabled = false (custom)
2019-09-12 10:07:56,785 [pool-60-thread-1] INFO  impl.RaftServerImpl (ServerState.java:<init>(105)) - 44359963-929d-49aa-9c1d-830dd9984733:group-E857DDF0BCB3 ConfigurationManager, init=-1: [edf5af1f-dc18-46e0-8c84-2b6d77687430:192.168.36.114:41081, 44359963-929d-49aa-9c1d-830dd9984733:192.168.36.114:43739, 3e9857ac-fa98-4731-b68d-6854c6ac33e1:192.168.36.114:37352], old=null, confs=<EMPTY_MAP>
2019-09-12 10:07:56,786 [pool-60-thread-1] INFO  server.RaftServerConfigKeys (ConfUtils.java:logGet(43)) - raft.server.storage.dir = [/workdir/hadoop-ozone/integration-test/target/test-dir/MiniOzoneClusterImpl-d63a1c8a-c167-4d1c-9f21-7a8d4f3a0684/datanode-3/data/ratis] (custom)
2019-09-12 10:07:56,786 [pool-49-thread-1] INFO  impl.RaftServerImpl (RaftServerImpl.java:<init>(93)) - 3e9857ac-fa98-4731-b68d-6854c6ac33e1: new RaftServerImpl for group-E857DDF0BCB3:[edf5af1f-dc18-46e0-8c84-2b6d77687430:192.168.36.114:41081, 44359963-929d-49aa-9c1d-830dd9984733:192.168.36.114:43739, 3e9857ac-fa98-4731-b68d-6854c6ac33e1:192.168.36.114:37352] with ContainerStateMachine:uninitialized
2019-09-12 10:07:56,786 [pool-60-thread-1] INFO  storage.RaftStorageDirectory (RaftStorageDirectory.java:analyzeStorage(246)) - The storage directory /workdir/hadoop-ozone/integration-test/target/test-dir/MiniOzoneClusterImpl-d63a1c8a-c167-4d1c-9f21-7a8d4f3a0684/datanode-3/data/ratis/349bd555-7e00-4029-a410-e857ddf0bcb3 does not exist. Creating ...
2019-09-12 10:07:56,786 [pool-49-thread-1] INFO  server.RaftServerConfigKeys (ConfUtils.java:logGet(43)) - raft.server.rpc.timeout.min = 5s (custom)
2019-09-12 10:07:56,786 [pool-49-thread-1] INFO  server.RaftServerConfigKeys (ConfUtils.java:logGet(43)) - raft.server.rpc.timeout.max = 5200ms (custom)
2019-09-12 10:07:56,787 [pool-49-thread-1] INFO  server.RaftServerConfigKeys (ConfUtils.java:logGet(43)) - raft.server.rpcslowness.timeout = 120s (custom)
2019-09-12 10:07:56,787 [pool-49-thread-1] INFO  server.RaftServerConfigKeys (ConfUtils.java:logGet(43)) - raft.server.sleep.deviation.threshold = 300 (default)
2019-09-12 10:07:56,787 [pool-49-thread-1] INFO  server.RaftServerConfigKeys (ConfUtils.java:logGet(43)) - raft.server.log.appender.install.snapshot.enabled = false (custom)
2019-09-12 10:07:56,787 [pool-49-thread-1] INFO  impl.RaftServerImpl (ServerState.java:<init>(105)) - 3e9857ac-fa98-4731-b68d-6854c6ac33e1:group-E857DDF0BCB3 ConfigurationManager, init=-1: [edf5af1f-dc18-46e0-8c84-2b6d77687430:192.168.36.114:41081, 44359963-929d-49aa-9c1d-830dd9984733:192.168.36.114:43739, 3e9857ac-fa98-4731-b68d-6854c6ac33e1:192.168.36.114:37352], old=null, confs=<EMPTY_MAP>
2019-09-12 10:07:56,788 [pool-49-thread-1] INFO  server.RaftServerConfigKeys (ConfUtils.java:logGet(43)) - raft.server.storage.dir = [/workdir/hadoop-ozone/integration-test/target/test-dir/MiniOzoneClusterImpl-d63a1c8a-c167-4d1c-9f21-7a8d4f3a0684/datanode-2/data/ratis] (custom)
2019-09-12 10:07:56,788 [pool-49-thread-1] INFO  storage.RaftStorageDirectory (RaftStorageDirectory.java:analyzeStorage(246)) - The storage directory /workdir/hadoop-ozone/integration-test/target/test-dir/MiniOzoneClusterImpl-d63a1c8a-c167-4d1c-9f21-7a8d4f3a0684/datanode-2/data/ratis/349bd555-7e00-4029-a410-e857ddf0bcb3 does not exist. Creating ...
2019-09-12 10:07:56,794 [3e9857ac-fa98-4731-b68d-6854c6ac33e1-SegmentedRaftLogWorker:Storage Directory /workdir/hadoop-ozone/integration-test/target/test-dir/MiniOzoneClusterImpl-d63a1c8a-c167-4d1c-9f21-7a8d4f3a0684/datanode-2/data/ratis/e3283f32-70ff-4d4e-9bb5-f8e3fef4ff0c] INFO  segmented.SegmentedRaftLogWorker (SegmentedRaftLogWorker.java:execute(569)) - 3e9857ac-fa98-4731-b68d-6854c6ac33e1-SegmentedRaftLogWorker:Storage Directory /workdir/hadoop-ozone/integration-test/target/test-dir/MiniOzoneClusterImpl-d63a1c8a-c167-4d1c-9f21-7a8d4f3a0684/datanode-2/data/ratis/e3283f32-70ff-4d4e-9bb5-f8e3fef4ff0c: created new log segment /workdir/hadoop-ozone/integration-test/target/test-dir/MiniOzoneClusterImpl-d63a1c8a-c167-4d1c-9f21-7a8d4f3a0684/datanode-2/data/ratis/e3283f32-70ff-4d4e-9bb5-f8e3fef4ff0c/current/log_inprogress_0
2019-09-12 10:07:56,794 [3e9857ac-fa98-4731-b68d-6854c6ac33e1-SegmentedRaftLogWorker:Storage Directory /workdir/hadoop-ozone/integration-test/target/test-dir/MiniOzoneClusterImpl-d63a1c8a-c167-4d1c-9f21-7a8d4f3a0684/datanode-2/data/ratis/98182e61-98f4-484f-9461-6a90156f8027] INFO  segmented.SegmentedRaftLogWorker (SegmentedRaftLogWorker.java:execute(569)) - 3e9857ac-fa98-4731-b68d-6854c6ac33e1-SegmentedRaftLogWorker:Storage Directory /workdir/hadoop-ozone/integration-test/target/test-dir/MiniOzoneClusterImpl-d63a1c8a-c167-4d1c-9f21-7a8d4f3a0684/datanode-2/data/ratis/98182e61-98f4-484f-9461-6a90156f8027: created new log segment /workdir/hadoop-ozone/integration-test/target/test-dir/MiniOzoneClusterImpl-d63a1c8a-c167-4d1c-9f21-7a8d4f3a0684/datanode-2/data/ratis/98182e61-98f4-484f-9461-6a90156f8027/current/log_inprogress_0
2019-09-12 10:07:56,794 [447f177c-7f71-4a4d-a27a-3030237688f4-SegmentedRaftLogWorker:Storage Directory /workdir/hadoop-ozone/integration-test/target/test-dir/MiniOzoneClusterImpl-d63a1c8a-c167-4d1c-9f21-7a8d4f3a0684/datanode-1/data/ratis/9069c9ba-3e18-435b-b5c6-9f3130478938] INFO  segmented.SegmentedRaftLogWorker (SegmentedRaftLogWorker.java:execute(569)) - 447f177c-7f71-4a4d-a27a-3030237688f4-SegmentedRaftLogWorker:Storage Directory /workdir/hadoop-ozone/integration-test/target/test-dir/MiniOzoneClusterImpl-d63a1c8a-c167-4d1c-9f21-7a8d4f3a0684/datanode-1/data/ratis/9069c9ba-3e18-435b-b5c6-9f3130478938: created new log segment /workdir/hadoop-ozone/integration-test/target/test-dir/MiniOzoneClusterImpl-d63a1c8a-c167-4d1c-9f21-7a8d4f3a0684/datanode-1/data/ratis/9069c9ba-3e18-435b-b5c6-9f3130478938/current/log_inprogress_0
2019-09-12 10:07:56,794 [447f177c-7f71-4a4d-a27a-3030237688f4-SegmentedRaftLogWorker:Storage Directory /workdir/hadoop-ozone/integration-test/target/test-dir/MiniOzoneClusterImpl-d63a1c8a-c167-4d1c-9f21-7a8d4f3a0684/datanode-1/data/ratis/8f2606de-f96c-4699-9145-00a720130435] INFO  segmented.SegmentedRaftLogWorker (SegmentedRaftLogWorker.java:execute(569)) - 447f177c-7f71-4a4d-a27a-3030237688f4-SegmentedRaftLogWorker:Storage Directory /workdir/hadoop-ozone/integration-test/target/test-dir/MiniOzoneClusterImpl-d63a1c8a-c167-4d1c-9f21-7a8d4f3a0684/datanode-1/data/ratis/8f2606de-f96c-4699-9145-00a720130435: created new log segment /workdir/hadoop-ozone/integration-test/target/test-dir/MiniOzoneClusterImpl-d63a1c8a-c167-4d1c-9f21-7a8d4f3a0684/datanode-1/data/ratis/8f2606de-f96c-4699-9145-00a720130435/current/log_inprogress_0
2019-09-12 10:07:56,794 [44359963-929d-49aa-9c1d-830dd9984733-SegmentedRaftLogWorker:Storage Directory /workdir/hadoop-ozone/integration-test/target/test-dir/MiniOzoneClusterImpl-d63a1c8a-c167-4d1c-9f21-7a8d4f3a0684/datanode-3/data/ratis/e60a8c38-2be5-4b4d-8133-1aa6ca5504dc] INFO  segmented.SegmentedRaftLogWorker (SegmentedRaftLogWorker.java:execute(569)) - 44359963-929d-49aa-9c1d-830dd9984733-SegmentedRaftLogWorker:Storage Directory /workdir/hadoop-ozone/integration-test/target/test-dir/MiniOzoneClusterImpl-d63a1c8a-c167-4d1c-9f21-7a8d4f3a0684/datanode-3/data/ratis/e60a8c38-2be5-4b4d-8133-1aa6ca5504dc: created new log segment /workdir/hadoop-ozone/integration-test/target/test-dir/MiniOzoneClusterImpl-d63a1c8a-c167-4d1c-9f21-7a8d4f3a0684/datanode-3/data/ratis/e60a8c38-2be5-4b4d-8133-1aa6ca5504dc/current/log_inprogress_0
2019-09-12 10:07:56,794 [edf5af1f-dc18-46e0-8c84-2b6d77687430-SegmentedRaftLogWorker:Storage Directory /workdir/hadoop-ozone/integration-test/target/test-dir/MiniOzoneClusterImpl-d63a1c8a-c167-4d1c-9f21-7a8d4f3a0684/datanode-0/data/ratis/50cc2ecf-1a7e-4ef9-876e-52ab69389593] INFO  segmented.SegmentedRaftLogWorker (SegmentedRaftLogWorker.java:execute(569)) - edf5af1f-dc18-46e0-8c84-2b6d77687430-SegmentedRaftLogWorker:Storage Directory /workdir/hadoop-ozone/integration-test/target/test-dir/MiniOzoneClusterImpl-d63a1c8a-c167-4d1c-9f21-7a8d4f3a0684/datanode-0/data/ratis/50cc2ecf-1a7e-4ef9-876e-52ab69389593: created new log segment /workdir/hadoop-ozone/integration-test/target/test-dir/MiniOzoneClusterImpl-d63a1c8a-c167-4d1c-9f21-7a8d4f3a0684/datanode-0/data/ratis/50cc2ecf-1a7e-4ef9-876e-52ab69389593/current/log_inprogress_0
2019-09-12 10:07:56,794 [447f177c-7f71-4a4d-a27a-3030237688f4-SegmentedRaftLogWorker:Storage Directory /workdir/hadoop-ozone/integration-test/target/test-dir/MiniOzoneClusterImpl-d63a1c8a-c167-4d1c-9f21-7a8d4f3a0684/datanode-1/data/ratis/e58316d2-ccdf-4cce-8dee-7516187ddc57] INFO  segmented.SegmentedRaftLogWorker (SegmentedRaftLogWorker.java:execute(569)) - 447f177c-7f71-4a4d-a27a-3030237688f4-SegmentedRaftLogWorker:Storage Directory /workdir/hadoop-ozone/integration-test/target/test-dir/MiniOzoneClusterImpl-d63a1c8a-c167-4d1c-9f21-7a8d4f3a0684/datanode-1/data/ratis/e58316d2-ccdf-4cce-8dee-7516187ddc57: created new log segment /workdir/hadoop-ozone/integration-test/target/test-dir/MiniOzoneClusterImpl-d63a1c8a-c167-4d1c-9f21-7a8d4f3a0684/datanode-1/data/ratis/e58316d2-ccdf-4cce-8dee-7516187ddc57/current/log_inprogress_0
2019-09-12 10:07:56,794 [447f177c-7f71-4a4d-a27a-3030237688f4-SegmentedRaftLogWorker:Storage Directory /workdir/hadoop-ozone/integration-test/target/test-dir/MiniOzoneClusterImpl-d63a1c8a-c167-4d1c-9f21-7a8d4f3a0684/datanode-1/data/ratis/c79ea884-a767-4729-a41c-e0a1239c27e9] INFO  segmented.SegmentedRaftLogWorker (SegmentedRaftLogWorker.java:execute(569)) - 447f177c-7f71-4a4d-a27a-3030237688f4-SegmentedRaftLogWorker:Storage Directory /workdir/hadoop-ozone/integration-test/target/test-dir/MiniOzoneClusterImpl-d63a1c8a-c167-4d1c-9f21-7a8d4f3a0684/datanode-1/data/ratis/c79ea884-a767-4729-a41c-e0a1239c27e9: created new log segment /workdir/hadoop-ozone/integration-test/target/test-dir/MiniOzoneClusterImpl-d63a1c8a-c167-4d1c-9f21-7a8d4f3a0684/datanode-1/data/ratis/c79ea884-a767-4729-a41c-e0a1239c27e9/current/log_inprogress_0
2019-09-12 10:07:56,794 [3e9857ac-fa98-4731-b68d-6854c6ac33e1-SegmentedRaftLogWorker:Storage Directory /workdir/hadoop-ozone/integration-test/target/test-dir/MiniOzoneClusterImpl-d63a1c8a-c167-4d1c-9f21-7a8d4f3a0684/datanode-2/data/ratis/cc1ec2b4-aca9-458b-95a3-dcc5ab6ddd2c] INFO  segmented.SegmentedRaftLogWorker (SegmentedRaftLogWorker.java:execute(569)) - 3e9857ac-fa98-4731-b68d-6854c6ac33e1-SegmentedRaftLogWorker:Storage Directory /workdir/hadoop-ozone/integration-test/target/test-dir/MiniOzoneClusterImpl-d63a1c8a-c167-4d1c-9f21-7a8d4f3a0684/datanode-2/data/ratis/cc1ec2b4-aca9-458b-95a3-dcc5ab6ddd2c: created new log segment /workdir/hadoop-ozone/integration-test/target/test-dir/MiniOzoneClusterImpl-d63a1c8a-c167-4d1c-9f21-7a8d4f3a0684/datanode-2/data/ratis/cc1ec2b4-aca9-458b-95a3-dcc5ab6ddd2c/current/log_inprogress_0
2019-09-12 10:07:56,794 [447f177c-7f71-4a4d-a27a-3030237688f4-SegmentedRaftLogWorker:Storage Directory /workdir/hadoop-ozone/integration-test/target/test-dir/MiniOzoneClusterImpl-d63a1c8a-c167-4d1c-9f21-7a8d4f3a0684/datanode-1/data/ratis/533c104f-4de3-4cbd-9be5-8d436ff404a4] INFO  segmented.SegmentedRaftLogWorker (SegmentedRaftLogWorker.java:execute(569)) - 447f177c-7f71-4a4d-a27a-3030237688f4-SegmentedRaftLogWorker:Storage Directory /workdir/hadoop-ozone/integration-test/target/test-dir/MiniOzoneClusterImpl-d63a1c8a-c167-4d1c-9f21-7a8d4f3a0684/datanode-1/data/ratis/533c104f-4de3-4cbd-9be5-8d436ff404a4: created new log segment /workdir/hadoop-ozone/integration-test/target/test-dir/MiniOzoneClusterImpl-d63a1c8a-c167-4d1c-9f21-7a8d4f3a0684/datanode-1/data/ratis/533c104f-4de3-4cbd-9be5-8d436ff404a4/current/log_inprogress_0
2019-09-12 10:07:56,857 [pool-60-thread-1] INFO  storage.RaftStorageDirectory (RaftStorageDirectory.java:tryLock(328)) - Lock on /workdir/hadoop-ozone/integration-test/target/test-dir/MiniOzoneClusterImpl-d63a1c8a-c167-4d1c-9f21-7a8d4f3a0684/datanode-3/data/ratis/349bd555-7e00-4029-a410-e857ddf0bcb3/in_use.lock acquired by nodename 384@pr-hdds-1569-58hkm-1881083799
2019-09-12 10:07:56,857 [pool-49-thread-1] INFO  storage.RaftStorageDirectory (RaftStorageDirectory.java:tryLock(328)) - Lock on /workdir/hadoop-ozone/integration-test/target/test-dir/MiniOzoneClusterImpl-d63a1c8a-c167-4d1c-9f21-7a8d4f3a0684/datanode-2/data/ratis/349bd555-7e00-4029-a410-e857ddf0bcb3/in_use.lock acquired by nodename 384@pr-hdds-1569-58hkm-1881083799
2019-09-12 10:07:56,859 [pool-27-thread-1] INFO  storage.RaftStorage (RaftStorage.java:format(72)) - Storage directory /workdir/hadoop-ozone/integration-test/target/test-dir/MiniOzoneClusterImpl-d63a1c8a-c167-4d1c-9f21-7a8d4f3a0684/datanode-0/data/ratis/0c93da04-e288-42ce-b79f-acdb4064edcc has been successfully formatted.
2019-09-12 10:07:56,858 [edf5af1f-dc18-46e0-8c84-2b6d77687430-SegmentedRaftLogWorker:Storage Directory /workdir/hadoop-ozone/integration-test/target/test-dir/MiniOzoneClusterImpl-d63a1c8a-c167-4d1c-9f21-7a8d4f3a0684/datanode-0/data/ratis/74d95e32-bd60-4bc0-aad1-0e7b23d6d317] INFO  segmented.SegmentedRaftLogWorker (SegmentedRaftLogWorker.java:execute(569)) - edf5af1f-dc18-46e0-8c84-2b6d77687430-SegmentedRaftLogWorker:Storage Directory /workdir/hadoop-ozone/integration-test/target/test-dir/MiniOzoneClusterImpl-d63a1c8a-c167-4d1c-9f21-7a8d4f3a0684/datanode-0/data/ratis/74d95e32-bd60-4bc0-aad1-0e7b23d6d317: created new log segment /workdir/hadoop-ozone/integration-test/target/test-dir/MiniOzoneClusterImpl-d63a1c8a-c167-4d1c-9f21-7a8d4f3a0684/datanode-0/data/ratis/74d95e32-bd60-4bc0-aad1-0e7b23d6d317/current/log_inprogress_0
2019-09-12 10:07:56,860 [pool-27-thread-1] INFO  ratis.ContainerStateMachine (ContainerStateMachine.java:loadSnapshot(226)) - group-ACDB4064EDCC: The snapshot info is null. Setting the last applied indexto:(t:0, i:~)
2019-09-12 10:07:56,860 [pool-27-thread-1] INFO  server.RaftServerConfigKeys (ConfUtils.java:logGet(43)) - raft.server.leader.election.timeout = 120s (custom)
2019-09-12 10:07:56,860 [pool-27-thread-1] INFO  server.RaftServerConfigKeys (ConfUtils.java:logGet(43)) - raft.server.log.use.memory = false (default)
2019-09-12 10:07:56,860 [pool-27-thread-1] INFO  server.RaftServerConfigKeys (ConfUtils.java:logGet(43)) - raft.server.log.purge.gap = 1000000 (custom)
2019-09-12 10:07:56,861 [pool-27-thread-1] INFO  server.RaftServerConfigKeys (ConfUtils.java:logGet(43)) - raft.server.log.appender.buffer.byte-limit = 33554432 (custom)
2019-09-12 10:07:56,861 [pool-27-thread-1] INFO  server.RaftServerConfigKeys (ConfUtils.java:logGet(43)) - raft.server.log.segment.size.max = 1048576 (custom)
2019-09-12 10:07:56,861 [pool-27-thread-1] INFO  server.RaftServerConfigKeys (ConfUtils.java:logGet(43)) - raft.server.log.segment.cache.num.max = 2 (custom)
2019-09-12 10:07:56,861 [pool-27-thread-1] INFO  segmented.SegmentedRaftLogWorker (SegmentedRaftLogWorker.java:<init>(172)) - new edf5af1f-dc18-46e0-8c84-2b6d77687430-SegmentedRaftLogWorker:Storage Directory /workdir/hadoop-ozone/integration-test/target/test-dir/MiniOzoneClusterImpl-d63a1c8a-c167-4d1c-9f21-7a8d4f3a0684/datanode-0/data/ratis/0c93da04-e288-42ce-b79f-acdb4064edcc for RaftStorage:Storage Directory /workdir/hadoop-ozone/integration-test/target/test-dir/MiniOzoneClusterImpl-d63a1c8a-c167-4d1c-9f21-7a8d4f3a0684/datanode-0/data/ratis/0c93da04-e288-42ce-b79f-acdb4064edcc
2019-09-12 10:07:56,861 [pool-27-thread-1] INFO  server.RaftServerConfigKeys (ConfUtils.java:logGet(43)) - raft.server.log.queue.byte-limit = 2147483647 (custom)
2019-09-12 10:07:56,861 [pool-27-thread-1] INFO  server.RaftServerConfigKeys (ConfUtils.java:logGet(43)) - raft.server.log.queue.element-limit = 1024 (custom)
2019-09-12 10:07:56,862 [pool-27-thread-1] INFO  server.RaftServerConfigKeys (ConfUtils.java:logGet(43)) - raft.server.log.segment.size.max = 1048576 (custom)
2019-09-12 10:07:56,862 [pool-27-thread-1] INFO  server.RaftServerConfigKeys (ConfUtils.java:logGet(43)) - raft.server.log.preallocated.size = 16384 (custom)
2019-09-12 10:07:56,862 [pool-27-thread-1] INFO  server.RaftServerConfigKeys (ConfUtils.java:logGet(43)) - raft.server.log.write.buffer.size = 33554432 (custom)
2019-09-12 10:07:56,862 [pool-27-thread-1] INFO  server.RaftServerConfigKeys (ConfUtils.java:logGet(43)) - raft.server.log.force.sync.num = 128 (default)
2019-09-12 10:07:56,862 [pool-27-thread-1] INFO  server.RaftServerConfigKeys (ConfUtils.java:logGet(43)) - raft.server.log.statemachine.data.sync = true (default)
2019-09-12 10:07:56,862 [pool-27-thread-1] INFO  server.RaftServerConfigKeys (ConfUtils.java:logGet(43)) - raft.server.log.statemachine.data.sync.timeout = 10s (default)
2019-09-12 10:07:56,862 [pool-27-thread-1] INFO  server.RaftServerConfigKeys (ConfUtils.java:logGet(43)) - raft.server.log.statemachine.data.sync.timeout.retry = -1 (default)
2019-09-12 10:07:56,862 [pool-27-thread-1] INFO  server.RaftServerConfigKeys (ConfUtils.java:logGet(43)) - raft.server.log.statemachine.data.caching.enabled = true (custom)
2019-09-12 10:07:56,863 [pool-27-thread-1] INFO  segmented.SegmentedRaftLogWorker (SegmentedRaftLogWorker.java:lambda$new$0(132)) - edf5af1f-dc18-46e0-8c84-2b6d77687430-SegmentedRaftLogWorker:Storage Directory /workdir/hadoop-ozone/integration-test/target/test-dir/MiniOzoneClusterImpl-d63a1c8a-c167-4d1c-9f21-7a8d4f3a0684/datanode-0/data/ratis/0c93da04-e288-42ce-b79f-acdb4064edcc: flushIndex: setUnconditionally 0 -> -1
2019-09-12 10:07:56,863 [pool-27-thread-1] INFO  server.RaftServerConfigKeys (ConfUtils.java:logGet(43)) - raft.server.snapshot.auto.trigger.enabled = true (custom)
2019-09-12 10:07:56,863 [pool-27-thread-1] INFO  server.RaftServerConfigKeys (ConfUtils.java:logGet(43)) - raft.server.snapshot.auto.trigger.threshold = 10000 (custom)
2019-09-12 10:07:56,863 [pool-27-thread-1] INFO  server.RaftServerConfigKeys (ConfUtils.java:logGet(43)) - raft.server.retrycache.expirytime = 600000ms (custom)
2019-09-12 10:07:56,866 [pool-27-thread-1] INFO  impl.RaftServerImpl (RaftServerImpl.java:<init>(93)) - edf5af1f-dc18-46e0-8c84-2b6d77687430: new RaftServerImpl for group-E857DDF0BCB3:[edf5af1f-dc18-46e0-8c84-2b6d77687430:192.168.36.114:41081, 44359963-929d-49aa-9c1d-830dd9984733:192.168.36.114:43739, 3e9857ac-fa98-4731-b68d-6854c6ac33e1:192.168.36.114:37352] with ContainerStateMachine:uninitialized
2019-09-12 10:07:56,866 [pool-27-thread-1] INFO  server.RaftServerConfigKeys (ConfUtils.java:logGet(43)) - raft.server.rpc.timeout.min = 5s (custom)
2019-09-12 10:07:56,866 [pool-27-thread-1] INFO  server.RaftServerConfigKeys (ConfUtils.java:logGet(43)) - raft.server.rpc.timeout.max = 5200ms (custom)
2019-09-12 10:07:56,866 [pool-27-thread-1] INFO  server.RaftServerConfigKeys (ConfUtils.java:logGet(43)) - raft.server.rpcslowness.timeout = 120s (custom)
2019-09-12 10:07:56,866 [pool-27-thread-1] INFO  server.RaftServerConfigKeys (ConfUtils.java:logGet(43)) - raft.server.sleep.deviation.threshold = 300 (default)
2019-09-12 10:07:56,866 [pool-27-thread-1] INFO  server.RaftServerConfigKeys (ConfUtils.java:logGet(43)) - raft.server.log.appender.install.snapshot.enabled = false (custom)
2019-09-12 10:07:56,866 [pool-27-thread-1] INFO  impl.RaftServerImpl (ServerState.java:<init>(105)) - edf5af1f-dc18-46e0-8c84-2b6d77687430:group-E857DDF0BCB3 ConfigurationManager, init=-1: [edf5af1f-dc18-46e0-8c84-2b6d77687430:192.168.36.114:41081, 44359963-929d-49aa-9c1d-830dd9984733:192.168.36.114:43739, 3e9857ac-fa98-4731-b68d-6854c6ac33e1:192.168.36.114:37352], old=null, confs=<EMPTY_MAP>
2019-09-12 10:07:56,866 [pool-27-thread-1] INFO  server.RaftServerConfigKeys (ConfUtils.java:logGet(43)) - raft.server.storage.dir = [/workdir/hadoop-ozone/integration-test/target/test-dir/MiniOzoneClusterImpl-d63a1c8a-c167-4d1c-9f21-7a8d4f3a0684/datanode-0/data/ratis] (custom)
2019-09-12 10:07:56,867 [pool-27-thread-1] INFO  storage.RaftStorageDirectory (RaftStorageDirectory.java:analyzeStorage(246)) - The storage directory /workdir/hadoop-ozone/integration-test/target/test-dir/MiniOzoneClusterImpl-d63a1c8a-c167-4d1c-9f21-7a8d4f3a0684/datanode-0/data/ratis/349bd555-7e00-4029-a410-e857ddf0bcb3 does not exist. Creating ...
2019-09-12 10:07:56,938 [pool-27-thread-1] INFO  storage.RaftStorageDirectory (RaftStorageDirectory.java:tryLock(328)) - Lock on /workdir/hadoop-ozone/integration-test/target/test-dir/MiniOzoneClusterImpl-d63a1c8a-c167-4d1c-9f21-7a8d4f3a0684/datanode-0/data/ratis/349bd555-7e00-4029-a410-e857ddf0bcb3/in_use.lock acquired by nodename 384@pr-hdds-1569-58hkm-1881083799
2019-09-12 10:07:56,938 [pool-49-thread-1] INFO  storage.RaftStorage (RaftStorage.java:format(72)) - Storage directory /workdir/hadoop-ozone/integration-test/target/test-dir/MiniOzoneClusterImpl-d63a1c8a-c167-4d1c-9f21-7a8d4f3a0684/datanode-2/data/ratis/349bd555-7e00-4029-a410-e857ddf0bcb3 has been successfully formatted.
2019-09-12 10:07:56,938 [pool-60-thread-1] INFO  storage.RaftStorage (RaftStorage.java:format(72)) - Storage directory /workdir/hadoop-ozone/integration-test/target/test-dir/MiniOzoneClusterImpl-d63a1c8a-c167-4d1c-9f21-7a8d4f3a0684/datanode-3/data/ratis/349bd555-7e00-4029-a410-e857ddf0bcb3 has been successfully formatted.
2019-09-12 10:07:56,940 [pool-49-thread-1] INFO  ratis.ContainerStateMachine (ContainerStateMachine.java:loadSnapshot(226)) - group-E857DDF0BCB3: The snapshot info is null. Setting the last applied indexto:(t:0, i:~)
2019-09-12 10:07:56,940 [pool-49-thread-1] INFO  server.RaftServerConfigKeys (ConfUtils.java:logGet(43)) - raft.server.leader.election.timeout = 120s (custom)
2019-09-12 10:07:56,941 [pool-60-thread-1] INFO  ratis.ContainerStateMachine (ContainerStateMachine.java:loadSnapshot(226)) - group-E857DDF0BCB3: The snapshot info is null. Setting the last applied indexto:(t:0, i:~)
2019-09-12 10:07:56,941 [pool-49-thread-1] INFO  server.RaftServerConfigKeys (ConfUtils.java:logGet(43)) - raft.server.log.use.memory = false (default)
2019-09-12 10:07:56,941 [pool-60-thread-1] INFO  server.RaftServerConfigKeys (ConfUtils.java:logGet(43)) - raft.server.leader.election.timeout = 120s (custom)
2019-09-12 10:07:56,941 [pool-49-thread-1] INFO  server.RaftServerConfigKeys (ConfUtils.java:logGet(43)) - raft.server.log.purge.gap = 1000000 (custom)
2019-09-12 10:07:56,941 [pool-60-thread-1] INFO  server.RaftServerConfigKeys (ConfUtils.java:logGet(43)) - raft.server.log.use.memory = false (default)
2019-09-12 10:07:56,941 [pool-49-thread-1] INFO  server.RaftServerConfigKeys (ConfUtils.java:logGet(43)) - raft.server.log.appender.buffer.byte-limit = 33554432 (custom)
2019-09-12 10:07:56,941 [pool-60-thread-1] INFO  server.RaftServerConfigKeys (ConfUtils.java:logGet(43)) - raft.server.log.purge.gap = 1000000 (custom)
2019-09-12 10:07:56,942 [pool-49-thread-1] INFO  server.RaftServerConfigKeys (ConfUtils.java:logGet(43)) - raft.server.log.segment.size.max = 1048576 (custom)
2019-09-12 10:07:56,942 [pool-60-thread-1] INFO  server.RaftServerConfigKeys (ConfUtils.java:logGet(43)) - raft.server.log.appender.buffer.byte-limit = 33554432 (custom)
2019-09-12 10:07:56,942 [pool-49-thread-1] INFO  server.RaftServerConfigKeys (ConfUtils.java:logGet(43)) - raft.server.log.segment.cache.num.max = 2 (custom)
2019-09-12 10:07:56,942 [pool-60-thread-1] INFO  server.RaftServerConfigKeys (ConfUtils.java:logGet(43)) - raft.server.log.segment.size.max = 1048576 (custom)
2019-09-12 10:07:56,942 [pool-49-thread-1] INFO  segmented.SegmentedRaftLogWorker (SegmentedRaftLogWorker.java:<init>(172)) - new 3e9857ac-fa98-4731-b68d-6854c6ac33e1-SegmentedRaftLogWorker:Storage Directory /workdir/hadoop-ozone/integration-test/target/test-dir/MiniOzoneClusterImpl-d63a1c8a-c167-4d1c-9f21-7a8d4f3a0684/datanode-2/data/ratis/349bd555-7e00-4029-a410-e857ddf0bcb3 for RaftStorage:Storage Directory /workdir/hadoop-ozone/integration-test/target/test-dir/MiniOzoneClusterImpl-d63a1c8a-c167-4d1c-9f21-7a8d4f3a0684/datanode-2/data/ratis/349bd555-7e00-4029-a410-e857ddf0bcb3
2019-09-12 10:07:56,942 [pool-60-thread-1] INFO  server.RaftServerConfigKeys (ConfUtils.java:logGet(43)) - raft.server.log.segment.cache.num.max = 2 (custom)
2019-09-12 10:07:56,942 [pool-49-thread-1] INFO  server.RaftServerConfigKeys (ConfUtils.java:logGet(43)) - raft.server.log.queue.byte-limit = 2147483647 (custom)
2019-09-12 10:07:56,942 [pool-60-thread-1] INFO  segmented.SegmentedRaftLogWorker (SegmentedRaftLogWorker.java:<init>(172)) - new 44359963-929d-49aa-9c1d-830dd9984733-SegmentedRaftLogWorker:Storage Directory /workdir/hadoop-ozone/integration-test/target/test-dir/MiniOzoneClusterImpl-d63a1c8a-c167-4d1c-9f21-7a8d4f3a0684/datanode-3/data/ratis/349bd555-7e00-4029-a410-e857ddf0bcb3 for RaftStorage:Storage Directory /workdir/hadoop-ozone/integration-test/target/test-dir/MiniOzoneClusterImpl-d63a1c8a-c167-4d1c-9f21-7a8d4f3a0684/datanode-3/data/ratis/349bd555-7e00-4029-a410-e857ddf0bcb3
2019-09-12 10:07:56,944 [pool-49-thread-1] INFO  server.RaftServerConfigKeys (ConfUtils.java:logGet(43)) - raft.server.log.queue.element-limit = 1024 (custom)
2019-09-12 10:07:56,944 [pool-60-thread-1] INFO  server.RaftServerConfigKeys (ConfUtils.java:logGet(43)) - raft.server.log.queue.byte-limit = 2147483647 (custom)
2019-09-12 10:07:56,945 [pool-49-thread-1] INFO  server.RaftServerConfigKeys (ConfUtils.java:logGet(43)) - raft.server.log.segment.size.max = 1048576 (custom)
2019-09-12 10:07:56,945 [pool-60-thread-1] INFO  server.RaftServerConfigKeys (ConfUtils.java:logGet(43)) - raft.server.log.queue.element-limit = 1024 (custom)
2019-09-12 10:07:56,946 [pool-49-thread-1] INFO  server.RaftServerConfigKeys (ConfUtils.java:logGet(43)) - raft.server.log.preallocated.size = 16384 (custom)
2019-09-12 10:07:56,946 [pool-60-thread-1] INFO  server.RaftServerConfigKeys (ConfUtils.java:logGet(43)) - raft.server.log.segment.size.max = 1048576 (custom)
2019-09-12 10:07:56,946 [pool-49-thread-1] INFO  server.RaftServerConfigKeys (ConfUtils.java:logGet(43)) - raft.server.log.write.buffer.size = 33554432 (custom)
2019-09-12 10:07:56,946 [pool-60-thread-1] INFO  server.RaftServerConfigKeys (ConfUtils.java:logGet(43)) - raft.server.log.preallocated.size = 16384 (custom)
2019-09-12 10:07:56,946 [pool-49-thread-1] INFO  server.RaftServerConfigKeys (ConfUtils.java:logGet(43)) - raft.server.log.force.sync.num = 128 (default)
2019-09-12 10:07:56,946 [pool-60-thread-1] INFO  server.RaftServerConfigKeys (ConfUtils.java:logGet(43)) - raft.server.log.write.buffer.size = 33554432 (custom)
2019-09-12 10:07:56,946 [pool-49-thread-1] INFO  server.RaftServerConfigKeys (ConfUtils.java:logGet(43)) - raft.server.log.statemachine.data.sync = true (default)
2019-09-12 10:07:56,946 [pool-60-thread-1] INFO  server.RaftServerConfigKeys (ConfUtils.java:logGet(43)) - raft.server.log.force.sync.num = 128 (default)
2019-09-12 10:07:56,947 [pool-49-thread-1] INFO  server.RaftServerConfigKeys (ConfUtils.java:logGet(43)) - raft.server.log.statemachine.data.sync.timeout = 10s (default)
2019-09-12 10:07:56,947 [pool-60-thread-1] INFO  server.RaftServerConfigKeys (ConfUtils.java:logGet(43)) - raft.server.log.statemachine.data.sync = true (default)
2019-09-12 10:07:56,947 [pool-49-thread-1] INFO  server.RaftServerConfigKeys (ConfUtils.java:logGet(43)) - raft.server.log.statemachine.data.sync.timeout.retry = -1 (default)
2019-09-12 10:07:56,947 [pool-60-thread-1] INFO  server.RaftServerConfigKeys (ConfUtils.java:logGet(43)) - raft.server.log.statemachine.data.sync.timeout = 10s (default)
2019-09-12 10:07:56,947 [pool-49-thread-1] INFO  server.RaftServerConfigKeys (ConfUtils.java:logGet(43)) - raft.server.log.statemachine.data.caching.enabled = true (custom)
2019-09-12 10:07:56,947 [pool-60-thread-1] INFO  server.RaftServerConfigKeys (ConfUtils.java:logGet(43)) - raft.server.log.statemachine.data.sync.timeout.retry = -1 (default)
2019-09-12 10:07:56,948 [pool-49-thread-1] INFO  segmented.SegmentedRaftLogWorker (SegmentedRaftLogWorker.java:lambda$new$0(132)) - 3e9857ac-fa98-4731-b68d-6854c6ac33e1-SegmentedRaftLogWorker:Storage Directory /workdir/hadoop-ozone/integration-test/target/test-dir/MiniOzoneClusterImpl-d63a1c8a-c167-4d1c-9f21-7a8d4f3a0684/datanode-2/data/ratis/349bd555-7e00-4029-a410-e857ddf0bcb3: flushIndex: setUnconditionally 0 -> -1
2019-09-12 10:07:56,948 [pool-60-thread-1] INFO  server.RaftServerConfigKeys (ConfUtils.java:logGet(43)) - raft.server.log.statemachine.data.caching.enabled = true (custom)
2019-09-12 10:07:56,948 [pool-49-thread-1] INFO  server.RaftServerConfigKeys (ConfUtils.java:logGet(43)) - raft.server.snapshot.auto.trigger.enabled = true (custom)
2019-09-12 10:07:56,948 [pool-49-thread-1] INFO  server.RaftServerConfigKeys (ConfUtils.java:logGet(43)) - raft.server.snapshot.auto.trigger.threshold = 10000 (custom)
2019-09-12 10:07:56,948 [pool-60-thread-1] INFO  segmented.SegmentedRaftLogWorker (SegmentedRaftLogWorker.java:lambda$new$0(132)) - 44359963-929d-49aa-9c1d-830dd9984733-SegmentedRaftLogWorker:Storage Directory /workdir/hadoop-ozone/integration-test/target/test-dir/MiniOzoneClusterImpl-d63a1c8a-c167-4d1c-9f21-7a8d4f3a0684/datanode-3/data/ratis/349bd555-7e00-4029-a410-e857ddf0bcb3: flushIndex: setUnconditionally 0 -> -1
2019-09-12 10:07:56,948 [pool-49-thread-1] INFO  server.RaftServerConfigKeys (ConfUtils.java:logGet(43)) - raft.server.retrycache.expirytime = 600000ms (custom)
2019-09-12 10:07:56,949 [pool-60-thread-1] INFO  server.RaftServerConfigKeys (ConfUtils.java:logGet(43)) - raft.server.snapshot.auto.trigger.enabled = true (custom)
2019-09-12 10:07:56,949 [pool-49-thread-1] INFO  impl.RaftServerImpl (RaftServerImpl.java:start(180)) - 3e9857ac-fa98-4731-b68d-6854c6ac33e1: start group-ACDB4064EDCC
2019-09-12 10:07:56,949 [pool-60-thread-1] INFO  server.RaftServerConfigKeys (ConfUtils.java:logGet(43)) - raft.server.snapshot.auto.trigger.threshold = 10000 (custom)
2019-09-12 10:07:56,949 [pool-49-thread-1] INFO  impl.RaftServerImpl (RaftServerImpl.java:setRole(171)) - 3e9857ac-fa98-4731-b68d-6854c6ac33e1:group-ACDB4064EDCC changes role from null to FOLLOWER at term 0 for startAsFollower
2019-09-12 10:07:56,949 [pool-60-thread-1] INFO  server.RaftServerConfigKeys (ConfUtils.java:logGet(43)) - raft.server.retrycache.expirytime = 600000ms (custom)
2019-09-12 10:07:56,949 [pool-49-thread-1] INFO  impl.RoleInfo (RoleInfo.java:updateAndGet(143)) - 3e9857ac-fa98-4731-b68d-6854c6ac33e1: start FollowerState
2019-09-12 10:07:56,949 [pool-60-thread-1] INFO  impl.RaftServerImpl (RaftServerImpl.java:start(180)) - 44359963-929d-49aa-9c1d-830dd9984733: start group-ACDB4064EDCC
2019-09-12 10:07:56,950 [pool-60-thread-1] INFO  impl.RaftServerImpl (RaftServerImpl.java:setRole(171)) - 44359963-929d-49aa-9c1d-830dd9984733:group-ACDB4064EDCC changes role from null to FOLLOWER at term 0 for startAsFollower
2019-09-12 10:07:56,950 [pool-49-thread-1] INFO  util.JmxRegister (JmxRegister.java:tryRegister(44)) - Successfully registered JMX Bean with object name Ratis:service=RaftServer,group=group-ACDB4064EDCC,id=3e9857ac-fa98-4731-b68d-6854c6ac33e1
2019-09-12 10:07:56,950 [pool-60-thread-1] INFO  impl.RoleInfo (RoleInfo.java:updateAndGet(143)) - 44359963-929d-49aa-9c1d-830dd9984733: start FollowerState
2019-09-12 10:07:56,950 [pool-49-thread-1] INFO  impl.RaftServerImpl (RaftServerImpl.java:start(180)) - 3e9857ac-fa98-4731-b68d-6854c6ac33e1: start group-E857DDF0BCB3
2019-09-12 10:07:56,950 [pool-49-thread-1] INFO  impl.RaftServerImpl (RaftServerImpl.java:setRole(171)) - 3e9857ac-fa98-4731-b68d-6854c6ac33e1:group-E857DDF0BCB3 changes role from null to FOLLOWER at term 0 for startAsFollower
2019-09-12 10:07:56,950 [pool-60-thread-1] INFO  util.JmxRegister (JmxRegister.java:tryRegister(44)) - Successfully registered JMX Bean with object name Ratis:service=RaftServer,group=group-ACDB4064EDCC,id=44359963-929d-49aa-9c1d-830dd9984733
2019-09-12 10:07:56,951 [pool-49-thread-1] INFO  impl.RoleInfo (RoleInfo.java:updateAndGet(143)) - 3e9857ac-fa98-4731-b68d-6854c6ac33e1: start FollowerState
2019-09-12 10:07:56,951 [pool-49-thread-1] INFO  util.JmxRegister (JmxRegister.java:tryRegister(44)) - Successfully registered JMX Bean with object name Ratis:service=RaftServer,group=group-E857DDF0BCB3,id=3e9857ac-fa98-4731-b68d-6854c6ac33e1
2019-09-12 10:07:56,951 [pool-60-thread-1] INFO  impl.RaftServerImpl (RaftServerImpl.java:start(180)) - 44359963-929d-49aa-9c1d-830dd9984733: start group-E857DDF0BCB3
2019-09-12 10:07:56,951 [pool-60-thread-1] INFO  impl.RaftServerImpl (RaftServerImpl.java:setRole(171)) - 44359963-929d-49aa-9c1d-830dd9984733:group-E857DDF0BCB3 changes role from null to FOLLOWER at term 0 for startAsFollower
2019-09-12 10:07:56,952 [pool-60-thread-1] INFO  impl.RoleInfo (RoleInfo.java:updateAndGet(143)) - 44359963-929d-49aa-9c1d-830dd9984733: start FollowerState
2019-09-12 10:07:56,952 [pool-60-thread-1] INFO  util.JmxRegister (JmxRegister.java:tryRegister(44)) - Successfully registered JMX Bean with object name Ratis:service=RaftServer,group=group-E857DDF0BCB3,id=44359963-929d-49aa-9c1d-830dd9984733
2019-09-12 10:07:57,000 | INFO  | SCMAudit | user=jenkins1000 | ip=192.168.36.114 | op=SEND_HEARTBEAT {datanodeUUID=3e9857ac-fa98-4731-b68d-6854c6ac33e1, command=[]} | ret=SUCCESS |  
2019-09-12 10:07:57,108 | INFO  | SCMAudit | user=jenkins1000 | ip=192.168.36.114 | op=SEND_HEARTBEAT {datanodeUUID=44359963-929d-49aa-9c1d-830dd9984733, command=[]} | ret=SUCCESS |  
2019-09-12 10:07:57,153 | INFO  | SCMAudit | user=jenkins1000 | ip=192.168.36.114 | op=SEND_HEARTBEAT {datanodeUUID=edf5af1f-dc18-46e0-8c84-2b6d77687430, command=[]} | ret=SUCCESS |  
2019-09-12 10:07:57,251 [pool-27-thread-1] INFO  storage.RaftStorage (RaftStorage.java:format(72)) - Storage directory /workdir/hadoop-ozone/integration-test/target/test-dir/MiniOzoneClusterImpl-d63a1c8a-c167-4d1c-9f21-7a8d4f3a0684/datanode-0/data/ratis/349bd555-7e00-4029-a410-e857ddf0bcb3 has been successfully formatted.
2019-09-12 10:07:57,252 [pool-27-thread-1] INFO  ratis.ContainerStateMachine (ContainerStateMachine.java:loadSnapshot(226)) - group-E857DDF0BCB3: The snapshot info is null. Setting the last applied indexto:(t:0, i:~)
2019-09-12 10:07:57,252 [pool-27-thread-1] INFO  server.RaftServerConfigKeys (ConfUtils.java:logGet(43)) - raft.server.leader.election.timeout = 120s (custom)
2019-09-12 10:07:57,252 [pool-27-thread-1] INFO  server.RaftServerConfigKeys (ConfUtils.java:logGet(43)) - raft.server.log.use.memory = false (default)
2019-09-12 10:07:57,252 [pool-27-thread-1] INFO  server.RaftServerConfigKeys (ConfUtils.java:logGet(43)) - raft.server.log.purge.gap = 1000000 (custom)
2019-09-12 10:07:57,252 [pool-27-thread-1] INFO  server.RaftServerConfigKeys (ConfUtils.java:logGet(43)) - raft.server.log.appender.buffer.byte-limit = 33554432 (custom)
2019-09-12 10:07:57,252 [pool-27-thread-1] INFO  server.RaftServerConfigKeys (ConfUtils.java:logGet(43)) - raft.server.log.segment.size.max = 1048576 (custom)
2019-09-12 10:07:57,252 [pool-27-thread-1] INFO  server.RaftServerConfigKeys (ConfUtils.java:logGet(43)) - raft.server.log.segment.cache.num.max = 2 (custom)
2019-09-12 10:07:57,253 [pool-27-thread-1] INFO  segmented.SegmentedRaftLogWorker (SegmentedRaftLogWorker.java:<init>(172)) - new edf5af1f-dc18-46e0-8c84-2b6d77687430-SegmentedRaftLogWorker:Storage Directory /workdir/hadoop-ozone/integration-test/target/test-dir/MiniOzoneClusterImpl-d63a1c8a-c167-4d1c-9f21-7a8d4f3a0684/datanode-0/data/ratis/349bd555-7e00-4029-a410-e857ddf0bcb3 for RaftStorage:Storage Directory /workdir/hadoop-ozone/integration-test/target/test-dir/MiniOzoneClusterImpl-d63a1c8a-c167-4d1c-9f21-7a8d4f3a0684/datanode-0/data/ratis/349bd555-7e00-4029-a410-e857ddf0bcb3
2019-09-12 10:07:57,253 [pool-27-thread-1] INFO  server.RaftServerConfigKeys (ConfUtils.java:logGet(43)) - raft.server.log.queue.byte-limit = 2147483647 (custom)
2019-09-12 10:07:57,253 [pool-27-thread-1] INFO  server.RaftServerConfigKeys (ConfUtils.java:logGet(43)) - raft.server.log.queue.element-limit = 1024 (custom)
2019-09-12 10:07:57,253 [pool-27-thread-1] INFO  server.RaftServerConfigKeys (ConfUtils.java:logGet(43)) - raft.server.log.segment.size.max = 1048576 (custom)
2019-09-12 10:07:57,253 [pool-27-thread-1] INFO  server.RaftServerConfigKeys (ConfUtils.java:logGet(43)) - raft.server.log.preallocated.size = 16384 (custom)
2019-09-12 10:07:57,253 [pool-27-thread-1] INFO  server.RaftServerConfigKeys (ConfUtils.java:logGet(43)) - raft.server.log.write.buffer.size = 33554432 (custom)
2019-09-12 10:07:57,253 [pool-27-thread-1] INFO  server.RaftServerConfigKeys (ConfUtils.java:logGet(43)) - raft.server.log.force.sync.num = 128 (default)
2019-09-12 10:07:57,253 [pool-27-thread-1] INFO  server.RaftServerConfigKeys (ConfUtils.java:logGet(43)) - raft.server.log.statemachine.data.sync = true (default)
2019-09-12 10:07:57,253 [pool-27-thread-1] INFO  server.RaftServerConfigKeys (ConfUtils.java:logGet(43)) - raft.server.log.statemachine.data.sync.timeout = 10s (default)
2019-09-12 10:07:57,254 [pool-27-thread-1] INFO  server.RaftServerConfigKeys (ConfUtils.java:logGet(43)) - raft.server.log.statemachine.data.sync.timeout.retry = -1 (default)
2019-09-12 10:07:57,254 [pool-27-thread-1] INFO  server.RaftServerConfigKeys (ConfUtils.java:logGet(43)) - raft.server.log.statemachine.data.caching.enabled = true (custom)
2019-09-12 10:07:57,254 [pool-27-thread-1] INFO  segmented.SegmentedRaftLogWorker (SegmentedRaftLogWorker.java:lambda$new$0(132)) - edf5af1f-dc18-46e0-8c84-2b6d77687430-SegmentedRaftLogWorker:Storage Directory /workdir/hadoop-ozone/integration-test/target/test-dir/MiniOzoneClusterImpl-d63a1c8a-c167-4d1c-9f21-7a8d4f3a0684/datanode-0/data/ratis/349bd555-7e00-4029-a410-e857ddf0bcb3: flushIndex: setUnconditionally 0 -> -1
2019-09-12 10:07:57,254 [pool-27-thread-1] INFO  server.RaftServerConfigKeys (ConfUtils.java:logGet(43)) - raft.server.snapshot.auto.trigger.enabled = true (custom)
2019-09-12 10:07:57,254 [pool-27-thread-1] INFO  server.RaftServerConfigKeys (ConfUtils.java:logGet(43)) - raft.server.snapshot.auto.trigger.threshold = 10000 (custom)
2019-09-12 10:07:57,255 [pool-27-thread-1] INFO  server.RaftServerConfigKeys (ConfUtils.java:logGet(43)) - raft.server.retrycache.expirytime = 600000ms (custom)
2019-09-12 10:07:57,255 [pool-27-thread-1] INFO  impl.RaftServerImpl (RaftServerImpl.java:start(180)) - edf5af1f-dc18-46e0-8c84-2b6d77687430: start group-312589CBDB4F
2019-09-12 10:07:57,255 [pool-27-thread-1] INFO  impl.RaftServerImpl (RaftServerImpl.java:setRole(171)) - edf5af1f-dc18-46e0-8c84-2b6d77687430:group-312589CBDB4F changes role from null to FOLLOWER at term 0 for startAsFollower
2019-09-12 10:07:57,255 [pool-27-thread-1] INFO  impl.RoleInfo (RoleInfo.java:updateAndGet(143)) - edf5af1f-dc18-46e0-8c84-2b6d77687430: start FollowerState
2019-09-12 10:07:57,255 [pool-27-thread-1] INFO  util.JmxRegister (JmxRegister.java:tryRegister(44)) - Successfully registered JMX Bean with object name Ratis:service=RaftServer,group=group-312589CBDB4F,id=edf5af1f-dc18-46e0-8c84-2b6d77687430
2019-09-12 10:07:57,256 [pool-27-thread-1] INFO  impl.RaftServerImpl (RaftServerImpl.java:start(180)) - edf5af1f-dc18-46e0-8c84-2b6d77687430: start group-ACDB4064EDCC
2019-09-12 10:07:57,256 [pool-27-thread-1] INFO  impl.RaftServerImpl (RaftServerImpl.java:setRole(171)) - edf5af1f-dc18-46e0-8c84-2b6d77687430:group-ACDB4064EDCC changes role from null to FOLLOWER at term 0 for startAsFollower
2019-09-12 10:07:57,256 [pool-27-thread-1] INFO  impl.RoleInfo (RoleInfo.java:updateAndGet(143)) - edf5af1f-dc18-46e0-8c84-2b6d77687430: start FollowerState
2019-09-12 10:07:57,256 [pool-27-thread-1] INFO  util.JmxRegister (JmxRegister.java:tryRegister(44)) - Successfully registered JMX Bean with object name Ratis:service=RaftServer,group=group-ACDB4064EDCC,id=edf5af1f-dc18-46e0-8c84-2b6d77687430
2019-09-12 10:07:57,257 [pool-27-thread-1] INFO  impl.RaftServerImpl (RaftServerImpl.java:start(180)) - edf5af1f-dc18-46e0-8c84-2b6d77687430: start group-E857DDF0BCB3
2019-09-12 10:07:57,257 [pool-27-thread-1] INFO  impl.RaftServerImpl (RaftServerImpl.java:setRole(171)) - edf5af1f-dc18-46e0-8c84-2b6d77687430:group-E857DDF0BCB3 changes role from null to FOLLOWER at term 0 for startAsFollower
2019-09-12 10:07:57,257 [pool-27-thread-1] INFO  impl.RoleInfo (RoleInfo.java:updateAndGet(143)) - edf5af1f-dc18-46e0-8c84-2b6d77687430: start FollowerState
2019-09-12 10:07:57,257 [pool-27-thread-1] INFO  util.JmxRegister (JmxRegister.java:tryRegister(44)) - Successfully registered JMX Bean with object name Ratis:service=RaftServer,group=group-E857DDF0BCB3,id=edf5af1f-dc18-46e0-8c84-2b6d77687430
2019-09-12 10:07:57,262 [main] INFO  pipeline.PipelineStateManager (PipelineStateManager.java:addPipeline(56)) - Created pipeline Pipeline[ Id: 349bd555-7e00-4029-a410-e857ddf0bcb3, Nodes: 3e9857ac-fa98-4731-b68d-6854c6ac33e1{ip: 192.168.36.114, host: pr-hdds-1569-58hkm-1881083799, networkLocation: /default-rack, certSerialId: null}edf5af1f-dc18-46e0-8c84-2b6d77687430{ip: 192.168.36.114, host: pr-hdds-1569-58hkm-1881083799, networkLocation: /default-rack, certSerialId: null}44359963-929d-49aa-9c1d-830dd9984733{ip: 192.168.36.114, host: pr-hdds-1569-58hkm-1881083799, networkLocation: /default-rack, certSerialId: null}, Type:RATIS, Factor:THREE, State:OPEN]
2019-09-12 10:07:57,279 [grpc-default-executor-2] INFO  impl.RaftServerProxy (RaftServerProxy.java:addNew(89)) - edf5af1f-dc18-46e0-8c84-2b6d77687430: addNew group-D61F195F3609:[edf5af1f-dc18-46e0-8c84-2b6d77687430:192.168.36.114:41081] returns group-D61F195F3609:java.util.concurrent.CompletableFuture@42e7b380[Not completed]
2019-09-12 10:07:57,281 [pool-27-thread-1] INFO  impl.RaftServerImpl (RaftServerImpl.java:<init>(93)) - edf5af1f-dc18-46e0-8c84-2b6d77687430: new RaftServerImpl for group-D61F195F3609:[edf5af1f-dc18-46e0-8c84-2b6d77687430:192.168.36.114:41081] with ContainerStateMachine:uninitialized
2019-09-12 10:07:57,283 [pool-27-thread-1] INFO  server.RaftServerConfigKeys (ConfUtils.java:logGet(43)) - raft.server.rpc.timeout.min = 5s (custom)
2019-09-12 10:07:57,283 [pool-27-thread-1] INFO  server.RaftServerConfigKeys (ConfUtils.java:logGet(43)) - raft.server.rpc.timeout.max = 5200ms (custom)
2019-09-12 10:07:57,283 [pool-27-thread-1] INFO  server.RaftServerConfigKeys (ConfUtils.java:logGet(43)) - raft.server.rpcslowness.timeout = 120s (custom)
2019-09-12 10:07:57,283 [pool-27-thread-1] INFO  server.RaftServerConfigKeys (ConfUtils.java:logGet(43)) - raft.server.sleep.deviation.threshold = 300 (default)
2019-09-12 10:07:57,283 [pool-27-thread-1] INFO  server.RaftServerConfigKeys (ConfUtils.java:logGet(43)) - raft.server.log.appender.install.snapshot.enabled = false (custom)
2019-09-12 10:07:57,284 [pool-27-thread-1] INFO  impl.RaftServerImpl (ServerState.java:<init>(105)) - edf5af1f-dc18-46e0-8c84-2b6d77687430:group-D61F195F3609 ConfigurationManager, init=-1: [edf5af1f-dc18-46e0-8c84-2b6d77687430:192.168.36.114:41081], old=null, confs=<EMPTY_MAP>
2019-09-12 10:07:57,284 [pool-27-thread-1] INFO  server.RaftServerConfigKeys (ConfUtils.java:logGet(43)) - raft.server.storage.dir = [/workdir/hadoop-ozone/integration-test/target/test-dir/MiniOzoneClusterImpl-d63a1c8a-c167-4d1c-9f21-7a8d4f3a0684/datanode-0/data/ratis] (custom)
2019-09-12 10:07:57,284 [pool-27-thread-1] INFO  storage.RaftStorageDirectory (RaftStorageDirectory.java:analyzeStorage(246)) - The storage directory /workdir/hadoop-ozone/integration-test/target/test-dir/MiniOzoneClusterImpl-d63a1c8a-c167-4d1c-9f21-7a8d4f3a0684/datanode-0/data/ratis/01710b56-22e8-48aa-9161-d61f195f3609 does not exist. Creating ...
2019-09-12 10:07:57,312 [pool-27-thread-1] INFO  storage.RaftStorageDirectory (RaftStorageDirectory.java:tryLock(328)) - Lock on /workdir/hadoop-ozone/integration-test/target/test-dir/MiniOzoneClusterImpl-d63a1c8a-c167-4d1c-9f21-7a8d4f3a0684/datanode-0/data/ratis/01710b56-22e8-48aa-9161-d61f195f3609/in_use.lock acquired by nodename 384@pr-hdds-1569-58hkm-1881083799
2019-09-12 10:07:57,401 | INFO  | SCMAudit | user=jenkins1000 | ip=192.168.36.114 | op=SEND_HEARTBEAT {datanodeUUID=447f177c-7f71-4a4d-a27a-3030237688f4, command=[]} | ret=SUCCESS |  
2019-09-12 10:07:57,513 [pool-27-thread-1] INFO  storage.RaftStorage (RaftStorage.java:format(72)) - Storage directory /workdir/hadoop-ozone/integration-test/target/test-dir/MiniOzoneClusterImpl-d63a1c8a-c167-4d1c-9f21-7a8d4f3a0684/datanode-0/data/ratis/01710b56-22e8-48aa-9161-d61f195f3609 has been successfully formatted.
2019-09-12 10:07:57,514 [pool-27-thread-1] INFO  ratis.ContainerStateMachine (ContainerStateMachine.java:loadSnapshot(226)) - group-D61F195F3609: The snapshot info is null. Setting the last applied indexto:(t:0, i:~)
2019-09-12 10:07:57,514 [pool-27-thread-1] INFO  server.RaftServerConfigKeys (ConfUtils.java:logGet(43)) - raft.server.leader.election.timeout = 120s (custom)
2019-09-12 10:07:57,514 [pool-27-thread-1] INFO  server.RaftServerConfigKeys (ConfUtils.java:logGet(43)) - raft.server.log.use.memory = false (default)
2019-09-12 10:07:57,515 [pool-27-thread-1] INFO  server.RaftServerConfigKeys (ConfUtils.java:logGet(43)) - raft.server.log.purge.gap = 1000000 (custom)
2019-09-12 10:07:57,515 [pool-27-thread-1] INFO  server.RaftServerConfigKeys (ConfUtils.java:logGet(43)) - raft.server.log.appender.buffer.byte-limit = 33554432 (custom)
2019-09-12 10:07:57,515 [pool-27-thread-1] INFO  server.RaftServerConfigKeys (ConfUtils.java:logGet(43)) - raft.server.log.segment.size.max = 1048576 (custom)
2019-09-12 10:07:57,515 [pool-27-thread-1] INFO  server.RaftServerConfigKeys (ConfUtils.java:logGet(43)) - raft.server.log.segment.cache.num.max = 2 (custom)
2019-09-12 10:07:57,515 [pool-27-thread-1] INFO  segmented.SegmentedRaftLogWorker (SegmentedRaftLogWorker.java:<init>(172)) - new edf5af1f-dc18-46e0-8c84-2b6d77687430-SegmentedRaftLogWorker:Storage Directory /workdir/hadoop-ozone/integration-test/target/test-dir/MiniOzoneClusterImpl-d63a1c8a-c167-4d1c-9f21-7a8d4f3a0684/datanode-0/data/ratis/01710b56-22e8-48aa-9161-d61f195f3609 for RaftStorage:Storage Directory /workdir/hadoop-ozone/integration-test/target/test-dir/MiniOzoneClusterImpl-d63a1c8a-c167-4d1c-9f21-7a8d4f3a0684/datanode-0/data/ratis/01710b56-22e8-48aa-9161-d61f195f3609
2019-09-12 10:07:57,515 [pool-27-thread-1] INFO  server.RaftServerConfigKeys (ConfUtils.java:logGet(43)) - raft.server.log.queue.byte-limit = 2147483647 (custom)
2019-09-12 10:07:57,516 [pool-27-thread-1] INFO  server.RaftServerConfigKeys (ConfUtils.java:logGet(43)) - raft.server.log.queue.element-limit = 1024 (custom)
2019-09-12 10:07:57,516 [pool-27-thread-1] INFO  server.RaftServerConfigKeys (ConfUtils.java:logGet(43)) - raft.server.log.segment.size.max = 1048576 (custom)
2019-09-12 10:07:57,516 [pool-27-thread-1] INFO  server.RaftServerConfigKeys (ConfUtils.java:logGet(43)) - raft.server.log.preallocated.size = 16384 (custom)
2019-09-12 10:07:57,516 [pool-27-thread-1] INFO  server.RaftServerConfigKeys (ConfUtils.java:logGet(43)) - raft.server.log.write.buffer.size = 33554432 (custom)
2019-09-12 10:07:57,516 [pool-27-thread-1] INFO  server.RaftServerConfigKeys (ConfUtils.java:logGet(43)) - raft.server.log.force.sync.num = 128 (default)
2019-09-12 10:07:57,517 [pool-27-thread-1] INFO  server.RaftServerConfigKeys (ConfUtils.java:logGet(43)) - raft.server.log.statemachine.data.sync = true (default)
2019-09-12 10:07:57,517 [pool-27-thread-1] INFO  server.RaftServerConfigKeys (ConfUtils.java:logGet(43)) - raft.server.log.statemachine.data.sync.timeout = 10s (default)
2019-09-12 10:07:57,517 [pool-27-thread-1] INFO  server.RaftServerConfigKeys (ConfUtils.java:logGet(43)) - raft.server.log.statemachine.data.sync.timeout.retry = -1 (default)
2019-09-12 10:07:57,517 [pool-27-thread-1] INFO  server.RaftServerConfigKeys (ConfUtils.java:logGet(43)) - raft.server.log.statemachine.data.caching.enabled = true (custom)
2019-09-12 10:07:57,518 [pool-27-thread-1] INFO  segmented.SegmentedRaftLogWorker (SegmentedRaftLogWorker.java:lambda$new$0(132)) - edf5af1f-dc18-46e0-8c84-2b6d77687430-SegmentedRaftLogWorker:Storage Directory /workdir/hadoop-ozone/integration-test/target/test-dir/MiniOzoneClusterImpl-d63a1c8a-c167-4d1c-9f21-7a8d4f3a0684/datanode-0/data/ratis/01710b56-22e8-48aa-9161-d61f195f3609: flushIndex: setUnconditionally 0 -> -1
2019-09-12 10:07:57,518 [pool-27-thread-1] INFO  server.RaftServerConfigKeys (ConfUtils.java:logGet(43)) - raft.server.snapshot.auto.trigger.enabled = true (custom)
2019-09-12 10:07:57,518 [pool-27-thread-1] INFO  server.RaftServerConfigKeys (ConfUtils.java:logGet(43)) - raft.server.snapshot.auto.trigger.threshold = 10000 (custom)
2019-09-12 10:07:57,518 [pool-27-thread-1] INFO  server.RaftServerConfigKeys (ConfUtils.java:logGet(43)) - raft.server.retrycache.expirytime = 600000ms (custom)
2019-09-12 10:07:57,519 [pool-27-thread-1] INFO  impl.RaftServerImpl (RaftServerImpl.java:start(180)) - edf5af1f-dc18-46e0-8c84-2b6d77687430: start group-D61F195F3609
2019-09-12 10:07:57,519 [pool-27-thread-1] INFO  impl.RaftServerImpl (RaftServerImpl.java:setRole(171)) - edf5af1f-dc18-46e0-8c84-2b6d77687430:group-D61F195F3609 changes role from null to FOLLOWER at term 0 for startAsFollower
2019-09-12 10:07:57,519 [pool-27-thread-1] INFO  impl.RoleInfo (RoleInfo.java:updateAndGet(143)) - edf5af1f-dc18-46e0-8c84-2b6d77687430: start FollowerState
2019-09-12 10:07:57,519 [pool-27-thread-1] INFO  util.JmxRegister (JmxRegister.java:tryRegister(44)) - Successfully registered JMX Bean with object name Ratis:service=RaftServer,group=group-D61F195F3609,id=edf5af1f-dc18-46e0-8c84-2b6d77687430
2019-09-12 10:07:57,525 [RatisPipelineUtilsThread] INFO  pipeline.PipelineStateManager (PipelineStateManager.java:addPipeline(56)) - Created pipeline Pipeline[ Id: 01710b56-22e8-48aa-9161-d61f195f3609, Nodes: edf5af1f-dc18-46e0-8c84-2b6d77687430{ip: 192.168.36.114, host: pr-hdds-1569-58hkm-1881083799, networkLocation: /default-rack, certSerialId: null}, Type:RATIS, Factor:ONE, State:OPEN]
2019-09-12 10:07:57,546 [grpc-default-executor-2] INFO  impl.RaftServerProxy (RaftServerProxy.java:addNew(89)) - 44359963-929d-49aa-9c1d-830dd9984733: addNew group-7B3D516EC579:[44359963-929d-49aa-9c1d-830dd9984733:192.168.36.114:43739] returns group-7B3D516EC579:java.util.concurrent.CompletableFuture@6d817f3f[Not completed]
2019-09-12 10:07:57,548 [pool-60-thread-1] INFO  impl.RaftServerImpl (RaftServerImpl.java:<init>(93)) - 44359963-929d-49aa-9c1d-830dd9984733: new RaftServerImpl for group-7B3D516EC579:[44359963-929d-49aa-9c1d-830dd9984733:192.168.36.114:43739] with ContainerStateMachine:uninitialized
2019-09-12 10:07:57,549 [pool-60-thread-1] INFO  server.RaftServerConfigKeys (ConfUtils.java:logGet(43)) - raft.server.rpc.timeout.min = 5s (custom)
2019-09-12 10:07:57,549 [pool-60-thread-1] INFO  server.RaftServerConfigKeys (ConfUtils.java:logGet(43)) - raft.server.rpc.timeout.max = 5200ms (custom)
2019-09-12 10:07:57,549 [pool-60-thread-1] INFO  server.RaftServerConfigKeys (ConfUtils.java:logGet(43)) - raft.server.rpcslowness.timeout = 120s (custom)
2019-09-12 10:07:57,549 [pool-60-thread-1] INFO  server.RaftServerConfigKeys (ConfUtils.java:logGet(43)) - raft.server.sleep.deviation.threshold = 300 (default)
2019-09-12 10:07:57,549 [pool-60-thread-1] INFO  server.RaftServerConfigKeys (ConfUtils.java:logGet(43)) - raft.server.log.appender.install.snapshot.enabled = false (custom)
2019-09-12 10:07:57,549 [pool-60-thread-1] INFO  impl.RaftServerImpl (ServerState.java:<init>(105)) - 44359963-929d-49aa-9c1d-830dd9984733:group-7B3D516EC579 ConfigurationManager, init=-1: [44359963-929d-49aa-9c1d-830dd9984733:192.168.36.114:43739], old=null, confs=<EMPTY_MAP>
2019-09-12 10:07:57,550 [pool-60-thread-1] INFO  server.RaftServerConfigKeys (ConfUtils.java:logGet(43)) - raft.server.storage.dir = [/workdir/hadoop-ozone/integration-test/target/test-dir/MiniOzoneClusterImpl-d63a1c8a-c167-4d1c-9f21-7a8d4f3a0684/datanode-3/data/ratis] (custom)
2019-09-12 10:07:57,550 [pool-60-thread-1] INFO  storage.RaftStorageDirectory (RaftStorageDirectory.java:analyzeStorage(246)) - The storage directory /workdir/hadoop-ozone/integration-test/target/test-dir/MiniOzoneClusterImpl-d63a1c8a-c167-4d1c-9f21-7a8d4f3a0684/datanode-3/data/ratis/702ce31e-a679-4d5c-9840-7b3d516ec579 does not exist. Creating ...
2019-09-12 10:07:57,815 [pool-60-thread-1] INFO  storage.RaftStorageDirectory (RaftStorageDirectory.java:tryLock(328)) - Lock on /workdir/hadoop-ozone/integration-test/target/test-dir/MiniOzoneClusterImpl-d63a1c8a-c167-4d1c-9f21-7a8d4f3a0684/datanode-3/data/ratis/702ce31e-a679-4d5c-9840-7b3d516ec579/in_use.lock acquired by nodename 384@pr-hdds-1569-58hkm-1881083799
2019-09-12 10:07:57,878 [pool-60-thread-1] INFO  storage.RaftStorage (RaftStorage.java:format(72)) - Storage directory /workdir/hadoop-ozone/integration-test/target/test-dir/MiniOzoneClusterImpl-d63a1c8a-c167-4d1c-9f21-7a8d4f3a0684/datanode-3/data/ratis/702ce31e-a679-4d5c-9840-7b3d516ec579 has been successfully formatted.
2019-09-12 10:07:57,879 [pool-60-thread-1] INFO  ratis.ContainerStateMachine (ContainerStateMachine.java:loadSnapshot(226)) - group-7B3D516EC579: The snapshot info is null. Setting the last applied indexto:(t:0, i:~)
2019-09-12 10:07:57,879 [pool-60-thread-1] INFO  server.RaftServerConfigKeys (ConfUtils.java:logGet(43)) - raft.server.leader.election.timeout = 120s (custom)
2019-09-12 10:07:57,879 [pool-60-thread-1] INFO  server.RaftServerConfigKeys (ConfUtils.java:logGet(43)) - raft.server.log.use.memory = false (default)
2019-09-12 10:07:57,880 [pool-60-thread-1] INFO  server.RaftServerConfigKeys (ConfUtils.java:logGet(43)) - raft.server.log.purge.gap = 1000000 (custom)
2019-09-12 10:07:57,880 [pool-60-thread-1] INFO  server.RaftServerConfigKeys (ConfUtils.java:logGet(43)) - raft.server.log.appender.buffer.byte-limit = 33554432 (custom)
2019-09-12 10:07:57,880 [pool-60-thread-1] INFO  server.RaftServerConfigKeys (ConfUtils.java:logGet(43)) - raft.server.log.segment.size.max = 1048576 (custom)
2019-09-12 10:07:57,880 [pool-60-thread-1] INFO  server.RaftServerConfigKeys (ConfUtils.java:logGet(43)) - raft.server.log.segment.cache.num.max = 2 (custom)
2019-09-12 10:07:57,880 [pool-60-thread-1] INFO  segmented.SegmentedRaftLogWorker (SegmentedRaftLogWorker.java:<init>(172)) - new 44359963-929d-49aa-9c1d-830dd9984733-SegmentedRaftLogWorker:Storage Directory /workdir/hadoop-ozone/integration-test/target/test-dir/MiniOzoneClusterImpl-d63a1c8a-c167-4d1c-9f21-7a8d4f3a0684/datanode-3/data/ratis/702ce31e-a679-4d5c-9840-7b3d516ec579 for RaftStorage:Storage Directory /workdir/hadoop-ozone/integration-test/target/test-dir/MiniOzoneClusterImpl-d63a1c8a-c167-4d1c-9f21-7a8d4f3a0684/datanode-3/data/ratis/702ce31e-a679-4d5c-9840-7b3d516ec579
2019-09-12 10:07:57,880 [pool-60-thread-1] INFO  server.RaftServerConfigKeys (ConfUtils.java:logGet(43)) - raft.server.log.queue.byte-limit = 2147483647 (custom)
2019-09-12 10:07:57,881 [pool-60-thread-1] INFO  server.RaftServerConfigKeys (ConfUtils.java:logGet(43)) - raft.server.log.queue.element-limit = 1024 (custom)
2019-09-12 10:07:57,881 [pool-60-thread-1] INFO  server.RaftServerConfigKeys (ConfUtils.java:logGet(43)) - raft.server.log.segment.size.max = 1048576 (custom)
2019-09-12 10:07:57,881 [pool-60-thread-1] INFO  server.RaftServerConfigKeys (ConfUtils.java:logGet(43)) - raft.server.log.preallocated.size = 16384 (custom)
2019-09-12 10:07:57,881 [pool-60-thread-1] INFO  server.RaftServerConfigKeys (ConfUtils.java:logGet(43)) - raft.server.log.write.buffer.size = 33554432 (custom)
2019-09-12 10:07:57,881 [pool-60-thread-1] INFO  server.RaftServerConfigKeys (ConfUtils.java:logGet(43)) - raft.server.log.force.sync.num = 128 (default)
2019-09-12 10:07:57,882 [pool-60-thread-1] INFO  server.RaftServerConfigKeys (ConfUtils.java:logGet(43)) - raft.server.log.statemachine.data.sync = true (default)
2019-09-12 10:07:57,882 [pool-60-thread-1] INFO  server.RaftServerConfigKeys (ConfUtils.java:logGet(43)) - raft.server.log.statemachine.data.sync.timeout = 10s (default)
2019-09-12 10:07:57,882 [pool-60-thread-1] INFO  server.RaftServerConfigKeys (ConfUtils.java:logGet(43)) - raft.server.log.statemachine.data.sync.timeout.retry = -1 (default)
2019-09-12 10:07:57,882 [pool-60-thread-1] INFO  server.RaftServerConfigKeys (ConfUtils.java:logGet(43)) - raft.server.log.statemachine.data.caching.enabled = true (custom)
2019-09-12 10:07:57,883 [pool-60-thread-1] INFO  segmented.SegmentedRaftLogWorker (SegmentedRaftLogWorker.java:lambda$new$0(132)) - 44359963-929d-49aa-9c1d-830dd9984733-SegmentedRaftLogWorker:Storage Directory /workdir/hadoop-ozone/integration-test/target/test-dir/MiniOzoneClusterImpl-d63a1c8a-c167-4d1c-9f21-7a8d4f3a0684/datanode-3/data/ratis/702ce31e-a679-4d5c-9840-7b3d516ec579: flushIndex: setUnconditionally 0 -> -1
2019-09-12 10:07:57,883 [pool-60-thread-1] INFO  server.RaftServerConfigKeys (ConfUtils.java:logGet(43)) - raft.server.snapshot.auto.trigger.enabled = true (custom)
2019-09-12 10:07:57,883 [pool-60-thread-1] INFO  server.RaftServerConfigKeys (ConfUtils.java:logGet(43)) - raft.server.snapshot.auto.trigger.threshold = 10000 (custom)
2019-09-12 10:07:57,884 [pool-60-thread-1] INFO  server.RaftServerConfigKeys (ConfUtils.java:logGet(43)) - raft.server.retrycache.expirytime = 600000ms (custom)
2019-09-12 10:07:57,884 [pool-60-thread-1] INFO  impl.RaftServerImpl (RaftServerImpl.java:start(180)) - 44359963-929d-49aa-9c1d-830dd9984733: start group-7B3D516EC579
2019-09-12 10:07:57,884 [pool-60-thread-1] INFO  impl.RaftServerImpl (RaftServerImpl.java:setRole(171)) - 44359963-929d-49aa-9c1d-830dd9984733:group-7B3D516EC579 changes role from null to FOLLOWER at term 0 for startAsFollower
2019-09-12 10:07:57,884 [pool-60-thread-1] INFO  impl.RoleInfo (RoleInfo.java:updateAndGet(143)) - 44359963-929d-49aa-9c1d-830dd9984733: start FollowerState
2019-09-12 10:07:57,890 [pool-60-thread-1] INFO  util.JmxRegister (JmxRegister.java:tryRegister(44)) - Successfully registered JMX Bean with object name Ratis:service=RaftServer,group=group-7B3D516EC579,id=44359963-929d-49aa-9c1d-830dd9984733
2019-09-12 10:07:57,903 [RatisPipelineUtilsThread] INFO  pipeline.PipelineStateManager (PipelineStateManager.java:addPipeline(56)) - Created pipeline Pipeline[ Id: 702ce31e-a679-4d5c-9840-7b3d516ec579, Nodes: 44359963-929d-49aa-9c1d-830dd9984733{ip: 192.168.36.114, host: pr-hdds-1569-58hkm-1881083799, networkLocation: /default-rack, certSerialId: null}, Type:RATIS, Factor:ONE, State:OPEN]
2019-09-12 10:07:57,916 [grpc-default-executor-2] INFO  impl.RaftServerProxy (RaftServerProxy.java:addNew(89)) - 447f177c-7f71-4a4d-a27a-3030237688f4: addNew group-8378D5953280:[447f177c-7f71-4a4d-a27a-3030237688f4:192.168.36.114:45663] returns group-8378D5953280:java.util.concurrent.CompletableFuture@6f0c4bd3[Not completed]
2019-09-12 10:07:57,918 [pool-38-thread-1] INFO  impl.RaftServerImpl (RaftServerImpl.java:<init>(93)) - 447f177c-7f71-4a4d-a27a-3030237688f4: new RaftServerImpl for group-8378D5953280:[447f177c-7f71-4a4d-a27a-3030237688f4:192.168.36.114:45663] with ContainerStateMachine:uninitialized
2019-09-12 10:07:57,919 [pool-38-thread-1] INFO  server.RaftServerConfigKeys (ConfUtils.java:logGet(43)) - raft.server.rpc.timeout.min = 5s (custom)
2019-09-12 10:07:57,919 [pool-38-thread-1] INFO  server.RaftServerConfigKeys (ConfUtils.java:logGet(43)) - raft.server.rpc.timeout.max = 5200ms (custom)
2019-09-12 10:07:57,919 [pool-38-thread-1] INFO  server.RaftServerConfigKeys (ConfUtils.java:logGet(43)) - raft.server.rpcslowness.timeout = 120s (custom)
2019-09-12 10:07:57,919 [pool-38-thread-1] INFO  server.RaftServerConfigKeys (ConfUtils.java:logGet(43)) - raft.server.sleep.deviation.threshold = 300 (default)
2019-09-12 10:07:57,919 [pool-38-thread-1] INFO  server.RaftServerConfigKeys (ConfUtils.java:logGet(43)) - raft.server.log.appender.install.snapshot.enabled = false (custom)
2019-09-12 10:07:57,920 [pool-38-thread-1] INFO  impl.RaftServerImpl (ServerState.java:<init>(105)) - 447f177c-7f71-4a4d-a27a-3030237688f4:group-8378D5953280 ConfigurationManager, init=-1: [447f177c-7f71-4a4d-a27a-3030237688f4:192.168.36.114:45663], old=null, confs=<EMPTY_MAP>
2019-09-12 10:07:57,920 [pool-38-thread-1] INFO  server.RaftServerConfigKeys (ConfUtils.java:logGet(43)) - raft.server.storage.dir = [/workdir/hadoop-ozone/integration-test/target/test-dir/MiniOzoneClusterImpl-d63a1c8a-c167-4d1c-9f21-7a8d4f3a0684/datanode-1/data/ratis] (custom)
2019-09-12 10:07:57,921 [pool-38-thread-1] INFO  storage.RaftStorageDirectory (RaftStorageDirectory.java:analyzeStorage(246)) - The storage directory /workdir/hadoop-ozone/integration-test/target/test-dir/MiniOzoneClusterImpl-d63a1c8a-c167-4d1c-9f21-7a8d4f3a0684/datanode-1/data/ratis/0169d373-9203-447d-b751-8378d5953280 does not exist. Creating ...
2019-09-12 10:07:57,999 | INFO  | SCMAudit | user=jenkins1000 | ip=192.168.36.114 | op=SEND_HEARTBEAT {datanodeUUID=3e9857ac-fa98-4731-b68d-6854c6ac33e1, command=[]} | ret=SUCCESS |  
2019-09-12 10:07:58,001 [pool-38-thread-1] INFO  storage.RaftStorageDirectory (RaftStorageDirectory.java:tryLock(328)) - Lock on /workdir/hadoop-ozone/integration-test/target/test-dir/MiniOzoneClusterImpl-d63a1c8a-c167-4d1c-9f21-7a8d4f3a0684/datanode-1/data/ratis/0169d373-9203-447d-b751-8378d5953280/in_use.lock acquired by nodename 384@pr-hdds-1569-58hkm-1881083799
2019-09-12 10:07:58,082 [pool-38-thread-1] INFO  storage.RaftStorage (RaftStorage.java:format(72)) - Storage directory /workdir/hadoop-ozone/integration-test/target/test-dir/MiniOzoneClusterImpl-d63a1c8a-c167-4d1c-9f21-7a8d4f3a0684/datanode-1/data/ratis/0169d373-9203-447d-b751-8378d5953280 has been successfully formatted.
2019-09-12 10:07:58,082 [pool-38-thread-1] INFO  ratis.ContainerStateMachine (ContainerStateMachine.java:loadSnapshot(226)) - group-8378D5953280: The snapshot info is null. Setting the last applied indexto:(t:0, i:~)
2019-09-12 10:07:58,082 [pool-38-thread-1] INFO  server.RaftServerConfigKeys (ConfUtils.java:logGet(43)) - raft.server.leader.election.timeout = 120s (custom)
2019-09-12 10:07:58,083 [pool-38-thread-1] INFO  server.RaftServerConfigKeys (ConfUtils.java:logGet(43)) - raft.server.log.use.memory = false (default)
2019-09-12 10:07:58,083 [pool-38-thread-1] INFO  server.RaftServerConfigKeys (ConfUtils.java:logGet(43)) - raft.server.log.purge.gap = 1000000 (custom)
2019-09-12 10:07:58,083 [pool-38-thread-1] INFO  server.RaftServerConfigKeys (ConfUtils.java:logGet(43)) - raft.server.log.appender.buffer.byte-limit = 33554432 (custom)
2019-09-12 10:07:58,083 [pool-38-thread-1] INFO  server.RaftServerConfigKeys (ConfUtils.java:logGet(43)) - raft.server.log.segment.size.max = 1048576 (custom)
2019-09-12 10:07:58,084 [pool-38-thread-1] INFO  server.RaftServerConfigKeys (ConfUtils.java:logGet(43)) - raft.server.log.segment.cache.num.max = 2 (custom)
2019-09-12 10:07:58,084 [pool-38-thread-1] INFO  segmented.SegmentedRaftLogWorker (SegmentedRaftLogWorker.java:<init>(172)) - new 447f177c-7f71-4a4d-a27a-3030237688f4-SegmentedRaftLogWorker:Storage Directory /workdir/hadoop-ozone/integration-test/target/test-dir/MiniOzoneClusterImpl-d63a1c8a-c167-4d1c-9f21-7a8d4f3a0684/datanode-1/data/ratis/0169d373-9203-447d-b751-8378d5953280 for RaftStorage:Storage Directory /workdir/hadoop-ozone/integration-test/target/test-dir/MiniOzoneClusterImpl-d63a1c8a-c167-4d1c-9f21-7a8d4f3a0684/datanode-1/data/ratis/0169d373-9203-447d-b751-8378d5953280
2019-09-12 10:07:58,084 [pool-38-thread-1] INFO  server.RaftServerConfigKeys (ConfUtils.java:logGet(43)) - raft.server.log.queue.byte-limit = 2147483647 (custom)
2019-09-12 10:07:58,084 [pool-38-thread-1] INFO  server.RaftServerConfigKeys (ConfUtils.java:logGet(43)) - raft.server.log.queue.element-limit = 1024 (custom)
2019-09-12 10:07:58,084 [pool-38-thread-1] INFO  server.RaftServerConfigKeys (ConfUtils.java:logGet(43)) - raft.server.log.segment.size.max = 1048576 (custom)
2019-09-12 10:07:58,085 [pool-38-thread-1] INFO  server.RaftServerConfigKeys (ConfUtils.java:logGet(43)) - raft.server.log.preallocated.size = 16384 (custom)
2019-09-12 10:07:58,085 [pool-38-thread-1] INFO  server.RaftServerConfigKeys (ConfUtils.java:logGet(43)) - raft.server.log.write.buffer.size = 33554432 (custom)
2019-09-12 10:07:58,085 [pool-38-thread-1] INFO  server.RaftServerConfigKeys (ConfUtils.java:logGet(43)) - raft.server.log.force.sync.num = 128 (default)
2019-09-12 10:07:58,085 [pool-38-thread-1] INFO  server.RaftServerConfigKeys (ConfUtils.java:logGet(43)) - raft.server.log.statemachine.data.sync = true (default)
2019-09-12 10:07:58,086 [pool-38-thread-1] INFO  server.RaftServerConfigKeys (ConfUtils.java:logGet(43)) - raft.server.log.statemachine.data.sync.timeout = 10s (default)
2019-09-12 10:07:58,086 [pool-38-thread-1] INFO  server.RaftServerConfigKeys (ConfUtils.java:logGet(43)) - raft.server.log.statemachine.data.sync.timeout.retry = -1 (default)
2019-09-12 10:07:58,086 [pool-38-thread-1] INFO  server.RaftServerConfigKeys (ConfUtils.java:logGet(43)) - raft.server.log.statemachine.data.caching.enabled = true (custom)
2019-09-12 10:07:58,086 [pool-38-thread-1] INFO  segmented.SegmentedRaftLogWorker (SegmentedRaftLogWorker.java:lambda$new$0(132)) - 447f177c-7f71-4a4d-a27a-3030237688f4-SegmentedRaftLogWorker:Storage Directory /workdir/hadoop-ozone/integration-test/target/test-dir/MiniOzoneClusterImpl-d63a1c8a-c167-4d1c-9f21-7a8d4f3a0684/datanode-1/data/ratis/0169d373-9203-447d-b751-8378d5953280: flushIndex: setUnconditionally 0 -> -1
2019-09-12 10:07:58,087 [pool-38-thread-1] INFO  server.RaftServerConfigKeys (ConfUtils.java:logGet(43)) - raft.server.snapshot.auto.trigger.enabled = true (custom)
2019-09-12 10:07:58,087 [pool-38-thread-1] INFO  server.RaftServerConfigKeys (ConfUtils.java:logGet(43)) - raft.server.snapshot.auto.trigger.threshold = 10000 (custom)
2019-09-12 10:07:58,087 [pool-38-thread-1] INFO  server.RaftServerConfigKeys (ConfUtils.java:logGet(43)) - raft.server.retrycache.expirytime = 600000ms (custom)
2019-09-12 10:07:58,088 [pool-38-thread-1] INFO  impl.RaftServerImpl (RaftServerImpl.java:start(180)) - 447f177c-7f71-4a4d-a27a-3030237688f4: start group-8378D5953280
2019-09-12 10:07:58,088 [pool-38-thread-1] INFO  impl.RaftServerImpl (RaftServerImpl.java:setRole(171)) - 447f177c-7f71-4a4d-a27a-3030237688f4:group-8378D5953280 changes role from null to FOLLOWER at term 0 for startAsFollower
2019-09-12 10:07:58,088 [pool-38-thread-1] INFO  impl.RoleInfo (RoleInfo.java:updateAndGet(143)) - 447f177c-7f71-4a4d-a27a-3030237688f4: start FollowerState
2019-09-12 10:07:58,089 [pool-38-thread-1] INFO  util.JmxRegister (JmxRegister.java:tryRegister(44)) - Successfully registered JMX Bean with object name Ratis:service=RaftServer,group=group-8378D5953280,id=447f177c-7f71-4a4d-a27a-3030237688f4
2019-09-12 10:07:58,095 [RatisPipelineUtilsThread] INFO  pipeline.PipelineStateManager (PipelineStateManager.java:addPipeline(56)) - Created pipeline Pipeline[ Id: 0169d373-9203-447d-b751-8378d5953280, Nodes: 447f177c-7f71-4a4d-a27a-3030237688f4{ip: 192.168.36.114, host: pr-hdds-1569-58hkm-1881083799, networkLocation: /default-rack, certSerialId: null}, Type:RATIS, Factor:ONE, State:OPEN]
2019-09-12 10:07:58,097 [RatisPipelineUtilsThread] ERROR pipeline.PipelinePlacementPolicy (PipelinePlacementPolicy.java:meetCriteria(92)) - Pipeline Placement: Doesn't meet the criteria to be viable node. Heaviness: 6
2019-09-12 10:07:58,108 | INFO  | SCMAudit | user=jenkins1000 | ip=192.168.36.114 | op=SEND_HEARTBEAT {datanodeUUID=44359963-929d-49aa-9c1d-830dd9984733, command=[]} | ret=SUCCESS |  
2019-09-12 10:07:58,108 [grpc-default-executor-2] INFO  impl.RaftServerProxy (RaftServerProxy.java:addNew(89)) - 44359963-929d-49aa-9c1d-830dd9984733: addNew group-02CA9893D014:[44359963-929d-49aa-9c1d-830dd9984733:192.168.36.114:43739] returns group-02CA9893D014:java.util.concurrent.CompletableFuture@3f055d08[Not completed]
2019-09-12 10:07:58,110 [pool-60-thread-1] INFO  impl.RaftServerImpl (RaftServerImpl.java:<init>(93)) - 44359963-929d-49aa-9c1d-830dd9984733: new RaftServerImpl for group-02CA9893D014:[44359963-929d-49aa-9c1d-830dd9984733:192.168.36.114:43739] with ContainerStateMachine:uninitialized
2019-09-12 10:07:58,111 [pool-60-thread-1] INFO  server.RaftServerConfigKeys (ConfUtils.java:logGet(43)) - raft.server.rpc.timeout.min = 5s (custom)
2019-09-12 10:07:58,111 [pool-60-thread-1] INFO  server.RaftServerConfigKeys (ConfUtils.java:logGet(43)) - raft.server.rpc.timeout.max = 5200ms (custom)
2019-09-12 10:07:58,111 [pool-60-thread-1] INFO  server.RaftServerConfigKeys (ConfUtils.java:logGet(43)) - raft.server.rpcslowness.timeout = 120s (custom)
2019-09-12 10:07:58,111 [pool-60-thread-1] INFO  server.RaftServerConfigKeys (ConfUtils.java:logGet(43)) - raft.server.sleep.deviation.threshold = 300 (default)
2019-09-12 10:07:58,111 [pool-60-thread-1] INFO  server.RaftServerConfigKeys (ConfUtils.java:logGet(43)) - raft.server.log.appender.install.snapshot.enabled = false (custom)
2019-09-12 10:07:58,112 [pool-60-thread-1] INFO  impl.RaftServerImpl (ServerState.java:<init>(105)) - 44359963-929d-49aa-9c1d-830dd9984733:group-02CA9893D014 ConfigurationManager, init=-1: [44359963-929d-49aa-9c1d-830dd9984733:192.168.36.114:43739], old=null, confs=<EMPTY_MAP>
2019-09-12 10:07:58,112 [pool-60-thread-1] INFO  server.RaftServerConfigKeys (ConfUtils.java:logGet(43)) - raft.server.storage.dir = [/workdir/hadoop-ozone/integration-test/target/test-dir/MiniOzoneClusterImpl-d63a1c8a-c167-4d1c-9f21-7a8d4f3a0684/datanode-3/data/ratis] (custom)
2019-09-12 10:07:58,112 [pool-60-thread-1] INFO  storage.RaftStorageDirectory (RaftStorageDirectory.java:analyzeStorage(246)) - The storage directory /workdir/hadoop-ozone/integration-test/target/test-dir/MiniOzoneClusterImpl-d63a1c8a-c167-4d1c-9f21-7a8d4f3a0684/datanode-3/data/ratis/3202c017-7464-4bd7-8bd5-02ca9893d014 does not exist. Creating ...
2019-09-12 10:07:58,126 [pool-60-thread-1] INFO  storage.RaftStorageDirectory (RaftStorageDirectory.java:tryLock(328)) - Lock on /workdir/hadoop-ozone/integration-test/target/test-dir/MiniOzoneClusterImpl-d63a1c8a-c167-4d1c-9f21-7a8d4f3a0684/datanode-3/data/ratis/3202c017-7464-4bd7-8bd5-02ca9893d014/in_use.lock acquired by nodename 384@pr-hdds-1569-58hkm-1881083799
2019-09-12 10:07:58,154 | INFO  | SCMAudit | user=jenkins1000 | ip=192.168.36.114 | op=SEND_HEARTBEAT {datanodeUUID=edf5af1f-dc18-46e0-8c84-2b6d77687430, command=[]} | ret=SUCCESS |  
2019-09-12 10:07:58,171 [pool-60-thread-1] INFO  storage.RaftStorage (RaftStorage.java:format(72)) - Storage directory /workdir/hadoop-ozone/integration-test/target/test-dir/MiniOzoneClusterImpl-d63a1c8a-c167-4d1c-9f21-7a8d4f3a0684/datanode-3/data/ratis/3202c017-7464-4bd7-8bd5-02ca9893d014 has been successfully formatted.
2019-09-12 10:07:58,171 [pool-60-thread-1] INFO  ratis.ContainerStateMachine (ContainerStateMachine.java:loadSnapshot(226)) - group-02CA9893D014: The snapshot info is null. Setting the last applied indexto:(t:0, i:~)
2019-09-12 10:07:58,171 [pool-60-thread-1] INFO  server.RaftServerConfigKeys (ConfUtils.java:logGet(43)) - raft.server.leader.election.timeout = 120s (custom)
2019-09-12 10:07:58,171 [pool-60-thread-1] INFO  server.RaftServerConfigKeys (ConfUtils.java:logGet(43)) - raft.server.log.use.memory = false (default)
2019-09-12 10:07:58,171 [pool-60-thread-1] INFO  server.RaftServerConfigKeys (ConfUtils.java:logGet(43)) - raft.server.log.purge.gap = 1000000 (custom)
2019-09-12 10:07:58,171 [pool-60-thread-1] INFO  server.RaftServerConfigKeys (ConfUtils.java:logGet(43)) - raft.server.log.appender.buffer.byte-limit = 33554432 (custom)
2019-09-12 10:07:58,171 [pool-60-thread-1] INFO  server.RaftServerConfigKeys (ConfUtils.java:logGet(43)) - raft.server.log.segment.size.max = 1048576 (custom)
2019-09-12 10:07:58,172 [pool-60-thread-1] INFO  server.RaftServerConfigKeys (ConfUtils.java:logGet(43)) - raft.server.log.segment.cache.num.max = 2 (custom)
2019-09-12 10:07:58,172 [pool-60-thread-1] INFO  segmented.SegmentedRaftLogWorker (SegmentedRaftLogWorker.java:<init>(172)) - new 44359963-929d-49aa-9c1d-830dd9984733-SegmentedRaftLogWorker:Storage Directory /workdir/hadoop-ozone/integration-test/target/test-dir/MiniOzoneClusterImpl-d63a1c8a-c167-4d1c-9f21-7a8d4f3a0684/datanode-3/data/ratis/3202c017-7464-4bd7-8bd5-02ca9893d014 for RaftStorage:Storage Directory /workdir/hadoop-ozone/integration-test/target/test-dir/MiniOzoneClusterImpl-d63a1c8a-c167-4d1c-9f21-7a8d4f3a0684/datanode-3/data/ratis/3202c017-7464-4bd7-8bd5-02ca9893d014
2019-09-12 10:07:58,172 [pool-60-thread-1] INFO  server.RaftServerConfigKeys (ConfUtils.java:logGet(43)) - raft.server.log.queue.byte-limit = 2147483647 (custom)
2019-09-12 10:07:58,173 [pool-60-thread-1] INFO  server.RaftServerConfigKeys (ConfUtils.java:logGet(43)) - raft.server.log.queue.element-limit = 1024 (custom)
2019-09-12 10:07:58,173 [pool-60-thread-1] INFO  server.RaftServerConfigKeys (ConfUtils.java:logGet(43)) - raft.server.log.segment.size.max = 1048576 (custom)
2019-09-12 10:07:58,173 [pool-60-thread-1] INFO  server.RaftServerConfigKeys (ConfUtils.java:logGet(43)) - raft.server.log.preallocated.size = 16384 (custom)
2019-09-12 10:07:58,173 [pool-60-thread-1] INFO  server.RaftServerConfigKeys (ConfUtils.java:logGet(43)) - raft.server.log.write.buffer.size = 33554432 (custom)
2019-09-12 10:07:58,173 [pool-60-thread-1] INFO  server.RaftServerConfigKeys (ConfUtils.java:logGet(43)) - raft.server.log.force.sync.num = 128 (default)
2019-09-12 10:07:58,173 [pool-60-thread-1] INFO  server.RaftServerConfigKeys (ConfUtils.java:logGet(43)) - raft.server.log.statemachine.data.sync = true (default)
2019-09-12 10:07:58,174 [pool-60-thread-1] INFO  server.RaftServerConfigKeys (ConfUtils.java:logGet(43)) - raft.server.log.statemachine.data.sync.timeout = 10s (default)
2019-09-12 10:07:58,174 [pool-60-thread-1] INFO  server.RaftServerConfigKeys (ConfUtils.java:logGet(43)) - raft.server.log.statemachine.data.sync.timeout.retry = -1 (default)
2019-09-12 10:07:58,174 [pool-60-thread-1] INFO  server.RaftServerConfigKeys (ConfUtils.java:logGet(43)) - raft.server.log.statemachine.data.caching.enabled = true (custom)
2019-09-12 10:07:58,174 [pool-60-thread-1] INFO  segmented.SegmentedRaftLogWorker (SegmentedRaftLogWorker.java:lambda$new$0(132)) - 44359963-929d-49aa-9c1d-830dd9984733-SegmentedRaftLogWorker:Storage Directory /workdir/hadoop-ozone/integration-test/target/test-dir/MiniOzoneClusterImpl-d63a1c8a-c167-4d1c-9f21-7a8d4f3a0684/datanode-3/data/ratis/3202c017-7464-4bd7-8bd5-02ca9893d014: flushIndex: setUnconditionally 0 -> -1
2019-09-12 10:07:58,175 [pool-60-thread-1] INFO  server.RaftServerConfigKeys (ConfUtils.java:logGet(43)) - raft.server.snapshot.auto.trigger.enabled = true (custom)
2019-09-12 10:07:58,175 [pool-60-thread-1] INFO  server.RaftServerConfigKeys (ConfUtils.java:logGet(43)) - raft.server.snapshot.auto.trigger.threshold = 10000 (custom)
2019-09-12 10:07:58,175 [pool-60-thread-1] INFO  server.RaftServerConfigKeys (ConfUtils.java:logGet(43)) - raft.server.retrycache.expirytime = 600000ms (custom)
2019-09-12 10:07:58,176 [pool-60-thread-1] INFO  impl.RaftServerImpl (RaftServerImpl.java:start(180)) - 44359963-929d-49aa-9c1d-830dd9984733: start group-02CA9893D014
2019-09-12 10:07:58,176 [pool-60-thread-1] INFO  impl.RaftServerImpl (RaftServerImpl.java:setRole(171)) - 44359963-929d-49aa-9c1d-830dd9984733:group-02CA9893D014 changes role from null to FOLLOWER at term 0 for startAsFollower
2019-09-12 10:07:58,176 [pool-60-thread-1] INFO  impl.RoleInfo (RoleInfo.java:updateAndGet(143)) - 44359963-929d-49aa-9c1d-830dd9984733: start FollowerState
2019-09-12 10:07:58,177 [pool-60-thread-1] INFO  util.JmxRegister (JmxRegister.java:tryRegister(44)) - Successfully registered JMX Bean with object name Ratis:service=RaftServer,group=group-02CA9893D014,id=44359963-929d-49aa-9c1d-830dd9984733
2019-09-12 10:07:58,182 [RatisPipelineUtilsThread] INFO  pipeline.PipelineStateManager (PipelineStateManager.java:addPipeline(56)) - Created pipeline Pipeline[ Id: 3202c017-7464-4bd7-8bd5-02ca9893d014, Nodes: 44359963-929d-49aa-9c1d-830dd9984733{ip: 192.168.36.114, host: pr-hdds-1569-58hkm-1881083799, networkLocation: /default-rack, certSerialId: null}, Type:RATIS, Factor:ONE, State:OPEN]
2019-09-12 10:07:58,184 [RatisPipelineUtilsThread] ERROR pipeline.PipelinePlacementPolicy (PipelinePlacementPolicy.java:meetCriteria(92)) - Pipeline Placement: Doesn't meet the criteria to be viable node. Heaviness: 6
2019-09-12 10:07:58,193 [grpc-default-executor-2] INFO  impl.RaftServerProxy (RaftServerProxy.java:addNew(89)) - edf5af1f-dc18-46e0-8c84-2b6d77687430: addNew group-76393A77C344:[edf5af1f-dc18-46e0-8c84-2b6d77687430:192.168.36.114:41081] returns group-76393A77C344:java.util.concurrent.CompletableFuture@6689d8fa[Not completed]
2019-09-12 10:07:58,195 [pool-27-thread-1] INFO  impl.RaftServerImpl (RaftServerImpl.java:<init>(93)) - edf5af1f-dc18-46e0-8c84-2b6d77687430: new RaftServerImpl for group-76393A77C344:[edf5af1f-dc18-46e0-8c84-2b6d77687430:192.168.36.114:41081] with ContainerStateMachine:uninitialized
2019-09-12 10:07:58,195 [pool-27-thread-1] INFO  server.RaftServerConfigKeys (ConfUtils.java:logGet(43)) - raft.server.rpc.timeout.min = 5s (custom)
2019-09-12 10:07:58,195 [pool-27-thread-1] INFO  server.RaftServerConfigKeys (ConfUtils.java:logGet(43)) - raft.server.rpc.timeout.max = 5200ms (custom)
2019-09-12 10:07:58,195 [pool-27-thread-1] INFO  server.RaftServerConfigKeys (ConfUtils.java:logGet(43)) - raft.server.rpcslowness.timeout = 120s (custom)
2019-09-12 10:07:58,195 [pool-27-thread-1] INFO  server.RaftServerConfigKeys (ConfUtils.java:logGet(43)) - raft.server.sleep.deviation.threshold = 300 (default)
2019-09-12 10:07:58,196 [pool-27-thread-1] INFO  server.RaftServerConfigKeys (ConfUtils.java:logGet(43)) - raft.server.log.appender.install.snapshot.enabled = false (custom)
2019-09-12 10:07:58,196 [pool-27-thread-1] INFO  impl.RaftServerImpl (ServerState.java:<init>(105)) - edf5af1f-dc18-46e0-8c84-2b6d77687430:group-76393A77C344 ConfigurationManager, init=-1: [edf5af1f-dc18-46e0-8c84-2b6d77687430:192.168.36.114:41081], old=null, confs=<EMPTY_MAP>
2019-09-12 10:07:58,196 [pool-27-thread-1] INFO  server.RaftServerConfigKeys (ConfUtils.java:logGet(43)) - raft.server.storage.dir = [/workdir/hadoop-ozone/integration-test/target/test-dir/MiniOzoneClusterImpl-d63a1c8a-c167-4d1c-9f21-7a8d4f3a0684/datanode-0/data/ratis] (custom)
2019-09-12 10:07:58,196 [pool-27-thread-1] INFO  storage.RaftStorageDirectory (RaftStorageDirectory.java:analyzeStorage(246)) - The storage directory /workdir/hadoop-ozone/integration-test/target/test-dir/MiniOzoneClusterImpl-d63a1c8a-c167-4d1c-9f21-7a8d4f3a0684/datanode-0/data/ratis/af2abbfd-7a5f-4fe0-b94d-76393a77c344 does not exist. Creating ...
2019-09-12 10:07:58,234 [pool-27-thread-1] INFO  storage.RaftStorageDirectory (RaftStorageDirectory.java:tryLock(328)) - Lock on /workdir/hadoop-ozone/integration-test/target/test-dir/MiniOzoneClusterImpl-d63a1c8a-c167-4d1c-9f21-7a8d4f3a0684/datanode-0/data/ratis/af2abbfd-7a5f-4fe0-b94d-76393a77c344/in_use.lock acquired by nodename 384@pr-hdds-1569-58hkm-1881083799
2019-09-12 10:07:58,275 [pool-27-thread-1] INFO  storage.RaftStorage (RaftStorage.java:format(72)) - Storage directory /workdir/hadoop-ozone/integration-test/target/test-dir/MiniOzoneClusterImpl-d63a1c8a-c167-4d1c-9f21-7a8d4f3a0684/datanode-0/data/ratis/af2abbfd-7a5f-4fe0-b94d-76393a77c344 has been successfully formatted.
2019-09-12 10:07:58,275 [pool-27-thread-1] INFO  ratis.ContainerStateMachine (ContainerStateMachine.java:loadSnapshot(226)) - group-76393A77C344: The snapshot info is null. Setting the last applied indexto:(t:0, i:~)
2019-09-12 10:07:58,275 [pool-27-thread-1] INFO  server.RaftServerConfigKeys (ConfUtils.java:logGet(43)) - raft.server.leader.election.timeout = 120s (custom)
2019-09-12 10:07:58,276 [pool-27-thread-1] INFO  server.RaftServerConfigKeys (ConfUtils.java:logGet(43)) - raft.server.log.use.memory = false (default)
2019-09-12 10:07:58,276 [pool-27-thread-1] INFO  server.RaftServerConfigKeys (ConfUtils.java:logGet(43)) - raft.server.log.purge.gap = 1000000 (custom)
2019-09-12 10:07:58,276 [pool-27-thread-1] INFO  server.RaftServerConfigKeys (ConfUtils.java:logGet(43)) - raft.server.log.appender.buffer.byte-limit = 33554432 (custom)
2019-09-12 10:07:58,276 [pool-27-thread-1] INFO  server.RaftServerConfigKeys (ConfUtils.java:logGet(43)) - raft.server.log.segment.size.max = 1048576 (custom)
2019-09-12 10:07:58,276 [pool-27-thread-1] INFO  server.RaftServerConfigKeys (ConfUtils.java:logGet(43)) - raft.server.log.segment.cache.num.max = 2 (custom)
2019-09-12 10:07:58,276 [pool-27-thread-1] INFO  segmented.SegmentedRaftLogWorker (SegmentedRaftLogWorker.java:<init>(172)) - new edf5af1f-dc18-46e0-8c84-2b6d77687430-SegmentedRaftLogWorker:Storage Directory /workdir/hadoop-ozone/integration-test/target/test-dir/MiniOzoneClusterImpl-d63a1c8a-c167-4d1c-9f21-7a8d4f3a0684/datanode-0/data/ratis/af2abbfd-7a5f-4fe0-b94d-76393a77c344 for RaftStorage:Storage Directory /workdir/hadoop-ozone/integration-test/target/test-dir/MiniOzoneClusterImpl-d63a1c8a-c167-4d1c-9f21-7a8d4f3a0684/datanode-0/data/ratis/af2abbfd-7a5f-4fe0-b94d-76393a77c344
2019-09-12 10:07:58,276 [pool-27-thread-1] INFO  server.RaftServerConfigKeys (ConfUtils.java:logGet(43)) - raft.server.log.queue.byte-limit = 2147483647 (custom)
2019-09-12 10:07:58,277 [pool-27-thread-1] INFO  server.RaftServerConfigKeys (ConfUtils.java:logGet(43)) - raft.server.log.queue.element-limit = 1024 (custom)
2019-09-12 10:07:58,277 [pool-27-thread-1] INFO  server.RaftServerConfigKeys (ConfUtils.java:logGet(43)) - raft.server.log.segment.size.max = 1048576 (custom)
2019-09-12 10:07:58,277 [pool-27-thread-1] INFO  server.RaftServerConfigKeys (ConfUtils.java:logGet(43)) - raft.server.log.preallocated.size = 16384 (custom)
2019-09-12 10:07:58,277 [pool-27-thread-1] INFO  server.RaftServerConfigKeys (ConfUtils.java:logGet(43)) - raft.server.log.write.buffer.size = 33554432 (custom)
2019-09-12 10:07:58,277 [pool-27-thread-1] INFO  server.RaftServerConfigKeys (ConfUtils.java:logGet(43)) - raft.server.log.force.sync.num = 128 (default)
2019-09-12 10:07:58,277 [pool-27-thread-1] INFO  server.RaftServerConfigKeys (ConfUtils.java:logGet(43)) - raft.server.log.statemachine.data.sync = true (default)
2019-09-12 10:07:58,277 [pool-27-thread-1] INFO  server.RaftServerConfigKeys (ConfUtils.java:logGet(43)) - raft.server.log.statemachine.data.sync.timeout = 10s (default)
2019-09-12 10:07:58,277 [pool-27-thread-1] INFO  server.RaftServerConfigKeys (ConfUtils.java:logGet(43)) - raft.server.log.statemachine.data.sync.timeout.retry = -1 (default)
2019-09-12 10:07:58,278 [pool-27-thread-1] INFO  server.RaftServerConfigKeys (ConfUtils.java:logGet(43)) - raft.server.log.statemachine.data.caching.enabled = true (custom)
2019-09-12 10:07:58,278 [pool-27-thread-1] INFO  segmented.SegmentedRaftLogWorker (SegmentedRaftLogWorker.java:lambda$new$0(132)) - edf5af1f-dc18-46e0-8c84-2b6d77687430-SegmentedRaftLogWorker:Storage Directory /workdir/hadoop-ozone/integration-test/target/test-dir/MiniOzoneClusterImpl-d63a1c8a-c167-4d1c-9f21-7a8d4f3a0684/datanode-0/data/ratis/af2abbfd-7a5f-4fe0-b94d-76393a77c344: flushIndex: setUnconditionally 0 -> -1
2019-09-12 10:07:58,278 [pool-27-thread-1] INFO  server.RaftServerConfigKeys (ConfUtils.java:logGet(43)) - raft.server.snapshot.auto.trigger.enabled = true (custom)
2019-09-12 10:07:58,278 [pool-27-thread-1] INFO  server.RaftServerConfigKeys (ConfUtils.java:logGet(43)) - raft.server.snapshot.auto.trigger.threshold = 10000 (custom)
2019-09-12 10:07:58,279 [pool-27-thread-1] INFO  server.RaftServerConfigKeys (ConfUtils.java:logGet(43)) - raft.server.retrycache.expirytime = 600000ms (custom)
2019-09-12 10:07:58,279 [pool-27-thread-1] INFO  impl.RaftServerImpl (RaftServerImpl.java:start(180)) - edf5af1f-dc18-46e0-8c84-2b6d77687430: start group-76393A77C344
2019-09-12 10:07:58,279 [pool-27-thread-1] INFO  impl.RaftServerImpl (RaftServerImpl.java:setRole(171)) - edf5af1f-dc18-46e0-8c84-2b6d77687430:group-76393A77C344 changes role from null to FOLLOWER at term 0 for startAsFollower
2019-09-12 10:07:58,279 [pool-27-thread-1] INFO  impl.RoleInfo (RoleInfo.java:updateAndGet(143)) - edf5af1f-dc18-46e0-8c84-2b6d77687430: start FollowerState
2019-09-12 10:07:58,279 [pool-27-thread-1] INFO  util.JmxRegister (JmxRegister.java:tryRegister(44)) - Successfully registered JMX Bean with object name Ratis:service=RaftServer,group=group-76393A77C344,id=edf5af1f-dc18-46e0-8c84-2b6d77687430
2019-09-12 10:07:58,284 [RatisPipelineUtilsThread] INFO  pipeline.PipelineStateManager (PipelineStateManager.java:addPipeline(56)) - Created pipeline Pipeline[ Id: af2abbfd-7a5f-4fe0-b94d-76393a77c344, Nodes: edf5af1f-dc18-46e0-8c84-2b6d77687430{ip: 192.168.36.114, host: pr-hdds-1569-58hkm-1881083799, networkLocation: /default-rack, certSerialId: null}, Type:RATIS, Factor:ONE, State:OPEN]
2019-09-12 10:07:58,286 [RatisPipelineUtilsThread] ERROR pipeline.PipelinePlacementPolicy (PipelinePlacementPolicy.java:meetCriteria(92)) - Pipeline Placement: Doesn't meet the criteria to be viable node. Heaviness: 6
2019-09-12 10:07:58,297 [grpc-default-executor-2] INFO  impl.RaftServerProxy (RaftServerProxy.java:addNew(89)) - 44359963-929d-49aa-9c1d-830dd9984733: addNew group-E44D531C8D33:[44359963-929d-49aa-9c1d-830dd9984733:192.168.36.114:43739] returns group-E44D531C8D33:java.util.concurrent.CompletableFuture@7722de47[Not completed]
2019-09-12 10:07:58,300 [pool-60-thread-1] INFO  impl.RaftServerImpl (RaftServerImpl.java:<init>(93)) - 44359963-929d-49aa-9c1d-830dd9984733: new RaftServerImpl for group-E44D531C8D33:[44359963-929d-49aa-9c1d-830dd9984733:192.168.36.114:43739] with ContainerStateMachine:uninitialized
2019-09-12 10:07:58,300 [pool-60-thread-1] INFO  server.RaftServerConfigKeys (ConfUtils.java:logGet(43)) - raft.server.rpc.timeout.min = 5s (custom)
2019-09-12 10:07:58,300 [pool-60-thread-1] INFO  server.RaftServerConfigKeys (ConfUtils.java:logGet(43)) - raft.server.rpc.timeout.max = 5200ms (custom)
2019-09-12 10:07:58,300 [pool-60-thread-1] INFO  server.RaftServerConfigKeys (ConfUtils.java:logGet(43)) - raft.server.rpcslowness.timeout = 120s (custom)
2019-09-12 10:07:58,300 [pool-60-thread-1] INFO  server.RaftServerConfigKeys (ConfUtils.java:logGet(43)) - raft.server.sleep.deviation.threshold = 300 (default)
2019-09-12 10:07:58,301 [pool-60-thread-1] INFO  server.RaftServerConfigKeys (ConfUtils.java:logGet(43)) - raft.server.log.appender.install.snapshot.enabled = false (custom)
2019-09-12 10:07:58,301 [pool-60-thread-1] INFO  impl.RaftServerImpl (ServerState.java:<init>(105)) - 44359963-929d-49aa-9c1d-830dd9984733:group-E44D531C8D33 ConfigurationManager, init=-1: [44359963-929d-49aa-9c1d-830dd9984733:192.168.36.114:43739], old=null, confs=<EMPTY_MAP>
2019-09-12 10:07:58,301 [pool-60-thread-1] INFO  server.RaftServerConfigKeys (ConfUtils.java:logGet(43)) - raft.server.storage.dir = [/workdir/hadoop-ozone/integration-test/target/test-dir/MiniOzoneClusterImpl-d63a1c8a-c167-4d1c-9f21-7a8d4f3a0684/datanode-3/data/ratis] (custom)
2019-09-12 10:07:58,301 [pool-60-thread-1] INFO  storage.RaftStorageDirectory (RaftStorageDirectory.java:analyzeStorage(246)) - The storage directory /workdir/hadoop-ozone/integration-test/target/test-dir/MiniOzoneClusterImpl-d63a1c8a-c167-4d1c-9f21-7a8d4f3a0684/datanode-3/data/ratis/85a2e16b-b637-42b8-b016-e44d531c8d33 does not exist. Creating ...
2019-09-12 10:07:58,338 [pool-60-thread-1] INFO  storage.RaftStorageDirectory (RaftStorageDirectory.java:tryLock(328)) - Lock on /workdir/hadoop-ozone/integration-test/target/test-dir/MiniOzoneClusterImpl-d63a1c8a-c167-4d1c-9f21-7a8d4f3a0684/datanode-3/data/ratis/85a2e16b-b637-42b8-b016-e44d531c8d33/in_use.lock acquired by nodename 384@pr-hdds-1569-58hkm-1881083799
2019-09-12 10:07:58,358 [pool-60-thread-1] INFO  storage.RaftStorage (RaftStorage.java:format(72)) - Storage directory /workdir/hadoop-ozone/integration-test/target/test-dir/MiniOzoneClusterImpl-d63a1c8a-c167-4d1c-9f21-7a8d4f3a0684/datanode-3/data/ratis/85a2e16b-b637-42b8-b016-e44d531c8d33 has been successfully formatted.
2019-09-12 10:07:58,358 [pool-60-thread-1] INFO  ratis.ContainerStateMachine (ContainerStateMachine.java:loadSnapshot(226)) - group-E44D531C8D33: The snapshot info is null. Setting the last applied indexto:(t:0, i:~)
2019-09-12 10:07:58,358 [pool-60-thread-1] INFO  server.RaftServerConfigKeys (ConfUtils.java:logGet(43)) - raft.server.leader.election.timeout = 120s (custom)
2019-09-12 10:07:58,359 [pool-60-thread-1] INFO  server.RaftServerConfigKeys (ConfUtils.java:logGet(43)) - raft.server.log.use.memory = false (default)
2019-09-12 10:07:58,359 [pool-60-thread-1] INFO  server.RaftServerConfigKeys (ConfUtils.java:logGet(43)) - raft.server.log.purge.gap = 1000000 (custom)
2019-09-12 10:07:58,359 [pool-60-thread-1] INFO  server.RaftServerConfigKeys (ConfUtils.java:logGet(43)) - raft.server.log.appender.buffer.byte-limit = 33554432 (custom)
2019-09-12 10:07:58,359 [pool-60-thread-1] INFO  server.RaftServerConfigKeys (ConfUtils.java:logGet(43)) - raft.server.log.segment.size.max = 1048576 (custom)
2019-09-12 10:07:58,359 [pool-60-thread-1] INFO  server.RaftServerConfigKeys (ConfUtils.java:logGet(43)) - raft.server.log.segment.cache.num.max = 2 (custom)
2019-09-12 10:07:58,359 [pool-60-thread-1] INFO  segmented.SegmentedRaftLogWorker (SegmentedRaftLogWorker.java:<init>(172)) - new 44359963-929d-49aa-9c1d-830dd9984733-SegmentedRaftLogWorker:Storage Directory /workdir/hadoop-ozone/integration-test/target/test-dir/MiniOzoneClusterImpl-d63a1c8a-c167-4d1c-9f21-7a8d4f3a0684/datanode-3/data/ratis/85a2e16b-b637-42b8-b016-e44d531c8d33 for RaftStorage:Storage Directory /workdir/hadoop-ozone/integration-test/target/test-dir/MiniOzoneClusterImpl-d63a1c8a-c167-4d1c-9f21-7a8d4f3a0684/datanode-3/data/ratis/85a2e16b-b637-42b8-b016-e44d531c8d33
2019-09-12 10:07:58,359 [pool-60-thread-1] INFO  server.RaftServerConfigKeys (ConfUtils.java:logGet(43)) - raft.server.log.queue.byte-limit = 2147483647 (custom)
2019-09-12 10:07:58,360 [pool-60-thread-1] INFO  server.RaftServerConfigKeys (ConfUtils.java:logGet(43)) - raft.server.log.queue.element-limit = 1024 (custom)
2019-09-12 10:07:58,360 [pool-60-thread-1] INFO  server.RaftServerConfigKeys (ConfUtils.java:logGet(43)) - raft.server.log.segment.size.max = 1048576 (custom)
2019-09-12 10:07:58,360 [pool-60-thread-1] INFO  server.RaftServerConfigKeys (ConfUtils.java:logGet(43)) - raft.server.log.preallocated.size = 16384 (custom)
2019-09-12 10:07:58,360 [pool-60-thread-1] INFO  server.RaftServerConfigKeys (ConfUtils.java:logGet(43)) - raft.server.log.write.buffer.size = 33554432 (custom)
2019-09-12 10:07:58,360 [pool-60-thread-1] INFO  server.RaftServerConfigKeys (ConfUtils.java:logGet(43)) - raft.server.log.force.sync.num = 128 (default)
2019-09-12 10:07:58,360 [pool-60-thread-1] INFO  server.RaftServerConfigKeys (ConfUtils.java:logGet(43)) - raft.server.log.statemachine.data.sync = true (default)
2019-09-12 10:07:58,360 [pool-60-thread-1] INFO  server.RaftServerConfigKeys (ConfUtils.java:logGet(43)) - raft.server.log.statemachine.data.sync.timeout = 10s (default)
2019-09-12 10:07:58,360 [pool-60-thread-1] INFO  server.RaftServerConfigKeys (ConfUtils.java:logGet(43)) - raft.server.log.statemachine.data.sync.timeout.retry = -1 (default)
2019-09-12 10:07:58,361 [pool-60-thread-1] INFO  server.RaftServerConfigKeys (ConfUtils.java:logGet(43)) - raft.server.log.statemachine.data.caching.enabled = true (custom)
2019-09-12 10:07:58,361 [pool-60-thread-1] INFO  segmented.SegmentedRaftLogWorker (SegmentedRaftLogWorker.java:lambda$new$0(132)) - 44359963-929d-49aa-9c1d-830dd9984733-SegmentedRaftLogWorker:Storage Directory /workdir/hadoop-ozone/integration-test/target/test-dir/MiniOzoneClusterImpl-d63a1c8a-c167-4d1c-9f21-7a8d4f3a0684/datanode-3/data/ratis/85a2e16b-b637-42b8-b016-e44d531c8d33: flushIndex: setUnconditionally 0 -> -1
2019-09-12 10:07:58,361 [pool-60-thread-1] INFO  server.RaftServerConfigKeys (ConfUtils.java:logGet(43)) - raft.server.snapshot.auto.trigger.enabled = true (custom)
2019-09-12 10:07:58,362 [pool-60-thread-1] INFO  server.RaftServerConfigKeys (ConfUtils.java:logGet(43)) - raft.server.snapshot.auto.trigger.threshold = 10000 (custom)
2019-09-12 10:07:58,362 [pool-60-thread-1] INFO  server.RaftServerConfigKeys (ConfUtils.java:logGet(43)) - raft.server.retrycache.expirytime = 600000ms (custom)
2019-09-12 10:07:58,362 [pool-60-thread-1] INFO  impl.RaftServerImpl (RaftServerImpl.java:start(180)) - 44359963-929d-49aa-9c1d-830dd9984733: start group-E44D531C8D33
2019-09-12 10:07:58,362 [pool-60-thread-1] INFO  impl.RaftServerImpl (RaftServerImpl.java:setRole(171)) - 44359963-929d-49aa-9c1d-830dd9984733:group-E44D531C8D33 changes role from null to FOLLOWER at term 0 for startAsFollower
2019-09-12 10:07:58,362 [pool-60-thread-1] INFO  impl.RoleInfo (RoleInfo.java:updateAndGet(143)) - 44359963-929d-49aa-9c1d-830dd9984733: start FollowerState
2019-09-12 10:07:58,363 [pool-60-thread-1] INFO  util.JmxRegister (JmxRegister.java:tryRegister(44)) - Successfully registered JMX Bean with object name Ratis:service=RaftServer,group=group-E44D531C8D33,id=44359963-929d-49aa-9c1d-830dd9984733
2019-09-12 10:07:58,368 [RatisPipelineUtilsThread] INFO  pipeline.PipelineStateManager (PipelineStateManager.java:addPipeline(56)) - Created pipeline Pipeline[ Id: 85a2e16b-b637-42b8-b016-e44d531c8d33, Nodes: 44359963-929d-49aa-9c1d-830dd9984733{ip: 192.168.36.114, host: pr-hdds-1569-58hkm-1881083799, networkLocation: /default-rack, certSerialId: null}, Type:RATIS, Factor:ONE, State:OPEN]
2019-09-12 10:07:58,369 [RatisPipelineUtilsThread] ERROR pipeline.PipelinePlacementPolicy (PipelinePlacementPolicy.java:meetCriteria(92)) - Pipeline Placement: Doesn't meet the criteria to be viable node. Heaviness: 6
2019-09-12 10:07:58,377 [grpc-default-executor-2] INFO  impl.RaftServerProxy (RaftServerProxy.java:addNew(89)) - 44359963-929d-49aa-9c1d-830dd9984733: addNew group-A5731E276BAC:[44359963-929d-49aa-9c1d-830dd9984733:192.168.36.114:43739] returns group-A5731E276BAC:java.util.concurrent.CompletableFuture@66f25c4[Not completed]
2019-09-12 10:07:58,379 [pool-60-thread-1] INFO  impl.RaftServerImpl (RaftServerImpl.java:<init>(93)) - 44359963-929d-49aa-9c1d-830dd9984733: new RaftServerImpl for group-A5731E276BAC:[44359963-929d-49aa-9c1d-830dd9984733:192.168.36.114:43739] with ContainerStateMachine:uninitialized
2019-09-12 10:07:58,379 [pool-60-thread-1] INFO  server.RaftServerConfigKeys (ConfUtils.java:logGet(43)) - raft.server.rpc.timeout.min = 5s (custom)
2019-09-12 10:07:58,379 [pool-60-thread-1] INFO  server.RaftServerConfigKeys (ConfUtils.java:logGet(43)) - raft.server.rpc.timeout.max = 5200ms (custom)
2019-09-12 10:07:58,379 [pool-60-thread-1] INFO  server.RaftServerConfigKeys (ConfUtils.java:logGet(43)) - raft.server.rpcslowness.timeout = 120s (custom)
2019-09-12 10:07:58,379 [pool-60-thread-1] INFO  server.RaftServerConfigKeys (ConfUtils.java:logGet(43)) - raft.server.sleep.deviation.threshold = 300 (default)
2019-09-12 10:07:58,379 [pool-60-thread-1] INFO  server.RaftServerConfigKeys (ConfUtils.java:logGet(43)) - raft.server.log.appender.install.snapshot.enabled = false (custom)
2019-09-12 10:07:58,380 [pool-60-thread-1] INFO  impl.RaftServerImpl (ServerState.java:<init>(105)) - 44359963-929d-49aa-9c1d-830dd9984733:group-A5731E276BAC ConfigurationManager, init=-1: [44359963-929d-49aa-9c1d-830dd9984733:192.168.36.114:43739], old=null, confs=<EMPTY_MAP>
2019-09-12 10:07:58,380 [pool-60-thread-1] INFO  server.RaftServerConfigKeys (ConfUtils.java:logGet(43)) - raft.server.storage.dir = [/workdir/hadoop-ozone/integration-test/target/test-dir/MiniOzoneClusterImpl-d63a1c8a-c167-4d1c-9f21-7a8d4f3a0684/datanode-3/data/ratis] (custom)
2019-09-12 10:07:58,380 [pool-60-thread-1] INFO  storage.RaftStorageDirectory (RaftStorageDirectory.java:analyzeStorage(246)) - The storage directory /workdir/hadoop-ozone/integration-test/target/test-dir/MiniOzoneClusterImpl-d63a1c8a-c167-4d1c-9f21-7a8d4f3a0684/datanode-3/data/ratis/209bea5d-34ed-4872-a18f-a5731e276bac does not exist. Creating ...
2019-09-12 10:07:58,401 | INFO  | SCMAudit | user=jenkins1000 | ip=192.168.36.114 | op=SEND_HEARTBEAT {datanodeUUID=447f177c-7f71-4a4d-a27a-3030237688f4, command=[]} | ret=SUCCESS |  
2019-09-12 10:07:58,447 [pool-60-thread-1] INFO  storage.RaftStorageDirectory (RaftStorageDirectory.java:tryLock(328)) - Lock on /workdir/hadoop-ozone/integration-test/target/test-dir/MiniOzoneClusterImpl-d63a1c8a-c167-4d1c-9f21-7a8d4f3a0684/datanode-3/data/ratis/209bea5d-34ed-4872-a18f-a5731e276bac/in_use.lock acquired by nodename 384@pr-hdds-1569-58hkm-1881083799
2019-09-12 10:07:58,461 [pool-60-thread-1] INFO  storage.RaftStorage (RaftStorage.java:format(72)) - Storage directory /workdir/hadoop-ozone/integration-test/target/test-dir/MiniOzoneClusterImpl-d63a1c8a-c167-4d1c-9f21-7a8d4f3a0684/datanode-3/data/ratis/209bea5d-34ed-4872-a18f-a5731e276bac has been successfully formatted.
2019-09-12 10:07:58,461 [pool-60-thread-1] INFO  ratis.ContainerStateMachine (ContainerStateMachine.java:loadSnapshot(226)) - group-A5731E276BAC: The snapshot info is null. Setting the last applied indexto:(t:0, i:~)
2019-09-12 10:07:58,462 [pool-60-thread-1] INFO  server.RaftServerConfigKeys (ConfUtils.java:logGet(43)) - raft.server.leader.election.timeout = 120s (custom)
2019-09-12 10:07:58,462 [pool-60-thread-1] INFO  server.RaftServerConfigKeys (ConfUtils.java:logGet(43)) - raft.server.log.use.memory = false (default)
2019-09-12 10:07:58,462 [pool-60-thread-1] INFO  server.RaftServerConfigKeys (ConfUtils.java:logGet(43)) - raft.server.log.purge.gap = 1000000 (custom)
2019-09-12 10:07:58,462 [pool-60-thread-1] INFO  server.RaftServerConfigKeys (ConfUtils.java:logGet(43)) - raft.server.log.appender.buffer.byte-limit = 33554432 (custom)
2019-09-12 10:07:58,462 [pool-60-thread-1] INFO  server.RaftServerConfigKeys (ConfUtils.java:logGet(43)) - raft.server.log.segment.size.max = 1048576 (custom)
2019-09-12 10:07:58,462 [pool-60-thread-1] INFO  server.RaftServerConfigKeys (ConfUtils.java:logGet(43)) - raft.server.log.segment.cache.num.max = 2 (custom)
2019-09-12 10:07:58,462 [pool-60-thread-1] INFO  segmented.SegmentedRaftLogWorker (SegmentedRaftLogWorker.java:<init>(172)) - new 44359963-929d-49aa-9c1d-830dd9984733-SegmentedRaftLogWorker:Storage Directory /workdir/hadoop-ozone/integration-test/target/test-dir/MiniOzoneClusterImpl-d63a1c8a-c167-4d1c-9f21-7a8d4f3a0684/datanode-3/data/ratis/209bea5d-34ed-4872-a18f-a5731e276bac for RaftStorage:Storage Directory /workdir/hadoop-ozone/integration-test/target/test-dir/MiniOzoneClusterImpl-d63a1c8a-c167-4d1c-9f21-7a8d4f3a0684/datanode-3/data/ratis/209bea5d-34ed-4872-a18f-a5731e276bac
2019-09-12 10:07:58,462 [pool-60-thread-1] INFO  server.RaftServerConfigKeys (ConfUtils.java:logGet(43)) - raft.server.log.queue.byte-limit = 2147483647 (custom)
2019-09-12 10:07:58,463 [pool-60-thread-1] INFO  server.RaftServerConfigKeys (ConfUtils.java:logGet(43)) - raft.server.log.queue.element-limit = 1024 (custom)
2019-09-12 10:07:58,463 [pool-60-thread-1] INFO  server.RaftServerConfigKeys (ConfUtils.java:logGet(43)) - raft.server.log.segment.size.max = 1048576 (custom)
2019-09-12 10:07:58,463 [pool-60-thread-1] INFO  server.RaftServerConfigKeys (ConfUtils.java:logGet(43)) - raft.server.log.preallocated.size = 16384 (custom)
2019-09-12 10:07:58,463 [pool-60-thread-1] INFO  server.RaftServerConfigKeys (ConfUtils.java:logGet(43)) - raft.server.log.write.buffer.size = 33554432 (custom)
2019-09-12 10:07:58,463 [pool-60-thread-1] INFO  server.RaftServerConfigKeys (ConfUtils.java:logGet(43)) - raft.server.log.force.sync.num = 128 (default)
2019-09-12 10:07:58,463 [pool-60-thread-1] INFO  server.RaftServerConfigKeys (ConfUtils.java:logGet(43)) - raft.server.log.statemachine.data.sync = true (default)
2019-09-12 10:07:58,463 [pool-60-thread-1] INFO  server.RaftServerConfigKeys (ConfUtils.java:logGet(43)) - raft.server.log.statemachine.data.sync.timeout = 10s (default)
2019-09-12 10:07:58,463 [pool-60-thread-1] INFO  server.RaftServerConfigKeys (ConfUtils.java:logGet(43)) - raft.server.log.statemachine.data.sync.timeout.retry = -1 (default)
2019-09-12 10:07:58,464 [pool-60-thread-1] INFO  server.RaftServerConfigKeys (ConfUtils.java:logGet(43)) - raft.server.log.statemachine.data.caching.enabled = true (custom)
2019-09-12 10:07:58,464 [pool-60-thread-1] INFO  segmented.SegmentedRaftLogWorker (SegmentedRaftLogWorker.java:lambda$new$0(132)) - 44359963-929d-49aa-9c1d-830dd9984733-SegmentedRaftLogWorker:Storage Directory /workdir/hadoop-ozone/integration-test/target/test-dir/MiniOzoneClusterImpl-d63a1c8a-c167-4d1c-9f21-7a8d4f3a0684/datanode-3/data/ratis/209bea5d-34ed-4872-a18f-a5731e276bac: flushIndex: setUnconditionally 0 -> -1
2019-09-12 10:07:58,464 [pool-60-thread-1] INFO  server.RaftServerConfigKeys (ConfUtils.java:logGet(43)) - raft.server.snapshot.auto.trigger.enabled = true (custom)
2019-09-12 10:07:58,464 [pool-60-thread-1] INFO  server.RaftServerConfigKeys (ConfUtils.java:logGet(43)) - raft.server.snapshot.auto.trigger.threshold = 10000 (custom)
2019-09-12 10:07:58,465 [pool-60-thread-1] INFO  server.RaftServerConfigKeys (ConfUtils.java:logGet(43)) - raft.server.retrycache.expirytime = 600000ms (custom)
2019-09-12 10:07:58,465 [pool-60-thread-1] INFO  impl.RaftServerImpl (RaftServerImpl.java:start(180)) - 44359963-929d-49aa-9c1d-830dd9984733: start group-A5731E276BAC
2019-09-12 10:07:58,465 [pool-60-thread-1] INFO  impl.RaftServerImpl (RaftServerImpl.java:setRole(171)) - 44359963-929d-49aa-9c1d-830dd9984733:group-A5731E276BAC changes role from null to FOLLOWER at term 0 for startAsFollower
2019-09-12 10:07:58,465 [pool-60-thread-1] INFO  impl.RoleInfo (RoleInfo.java:updateAndGet(143)) - 44359963-929d-49aa-9c1d-830dd9984733: start FollowerState
2019-09-12 10:07:58,466 [pool-60-thread-1] INFO  util.JmxRegister (JmxRegister.java:tryRegister(44)) - Successfully registered JMX Bean with object name Ratis:service=RaftServer,group=group-A5731E276BAC,id=44359963-929d-49aa-9c1d-830dd9984733
2019-09-12 10:07:58,471 [RatisPipelineUtilsThread] INFO  pipeline.PipelineStateManager (PipelineStateManager.java:addPipeline(56)) - Created pipeline Pipeline[ Id: 209bea5d-34ed-4872-a18f-a5731e276bac, Nodes: 44359963-929d-49aa-9c1d-830dd9984733{ip: 192.168.36.114, host: pr-hdds-1569-58hkm-1881083799, networkLocation: /default-rack, certSerialId: null}, Type:RATIS, Factor:ONE, State:OPEN]
2019-09-12 10:07:58,472 [RatisPipelineUtilsThread] ERROR pipeline.PipelinePlacementPolicy (PipelinePlacementPolicy.java:meetCriteria(92)) - Pipeline Placement: Doesn't meet the criteria to be viable node. Heaviness: 6
2019-09-12 10:07:58,472 [RatisPipelineUtilsThread] ERROR pipeline.PipelinePlacementPolicy (PipelinePlacementPolicy.java:meetCriteria(92)) - Pipeline Placement: Doesn't meet the criteria to be viable node. Heaviness: 6
2019-09-12 10:07:58,481 [grpc-default-executor-2] INFO  impl.RaftServerProxy (RaftServerProxy.java:addNew(89)) - 3e9857ac-fa98-4731-b68d-6854c6ac33e1: addNew group-ADDC4D32B842:[3e9857ac-fa98-4731-b68d-6854c6ac33e1:192.168.36.114:37352] returns group-ADDC4D32B842:java.util.concurrent.CompletableFuture@54a7a569[Not completed]
2019-09-12 10:07:58,483 [pool-49-thread-1] INFO  impl.RaftServerImpl (RaftServerImpl.java:<init>(93)) - 3e9857ac-fa98-4731-b68d-6854c6ac33e1: new RaftServerImpl for group-ADDC4D32B842:[3e9857ac-fa98-4731-b68d-6854c6ac33e1:192.168.36.114:37352] with ContainerStateMachine:uninitialized
2019-09-12 10:07:58,483 [pool-49-thread-1] INFO  server.RaftServerConfigKeys (ConfUtils.java:logGet(43)) - raft.server.rpc.timeout.min = 5s (custom)
2019-09-12 10:07:58,483 [pool-49-thread-1] INFO  server.RaftServerConfigKeys (ConfUtils.java:logGet(43)) - raft.server.rpc.timeout.max = 5200ms (custom)
2019-09-12 10:07:58,483 [pool-49-thread-1] INFO  server.RaftServerConfigKeys (ConfUtils.java:logGet(43)) - raft.server.rpcslowness.timeout = 120s (custom)
2019-09-12 10:07:58,483 [pool-49-thread-1] INFO  server.RaftServerConfigKeys (ConfUtils.java:logGet(43)) - raft.server.sleep.deviation.threshold = 300 (default)
2019-09-12 10:07:58,483 [pool-49-thread-1] INFO  server.RaftServerConfigKeys (ConfUtils.java:logGet(43)) - raft.server.log.appender.install.snapshot.enabled = false (custom)
2019-09-12 10:07:58,483 [pool-49-thread-1] INFO  impl.RaftServerImpl (ServerState.java:<init>(105)) - 3e9857ac-fa98-4731-b68d-6854c6ac33e1:group-ADDC4D32B842 ConfigurationManager, init=-1: [3e9857ac-fa98-4731-b68d-6854c6ac33e1:192.168.36.114:37352], old=null, confs=<EMPTY_MAP>
2019-09-12 10:07:58,484 [pool-49-thread-1] INFO  server.RaftServerConfigKeys (ConfUtils.java:logGet(43)) - raft.server.storage.dir = [/workdir/hadoop-ozone/integration-test/target/test-dir/MiniOzoneClusterImpl-d63a1c8a-c167-4d1c-9f21-7a8d4f3a0684/datanode-2/data/ratis] (custom)
2019-09-12 10:07:58,484 [pool-49-thread-1] INFO  storage.RaftStorageDirectory (RaftStorageDirectory.java:analyzeStorage(246)) - The storage directory /workdir/hadoop-ozone/integration-test/target/test-dir/MiniOzoneClusterImpl-d63a1c8a-c167-4d1c-9f21-7a8d4f3a0684/datanode-2/data/ratis/b80e6fa0-4291-4666-80b6-addc4d32b842 does not exist. Creating ...
2019-09-12 10:07:58,492 [pool-49-thread-1] INFO  storage.RaftStorageDirectory (RaftStorageDirectory.java:tryLock(328)) - Lock on /workdir/hadoop-ozone/integration-test/target/test-dir/MiniOzoneClusterImpl-d63a1c8a-c167-4d1c-9f21-7a8d4f3a0684/datanode-2/data/ratis/b80e6fa0-4291-4666-80b6-addc4d32b842/in_use.lock acquired by nodename 384@pr-hdds-1569-58hkm-1881083799
2019-09-12 10:07:58,506 [pool-49-thread-1] INFO  storage.RaftStorage (RaftStorage.java:format(72)) - Storage directory /workdir/hadoop-ozone/integration-test/target/test-dir/MiniOzoneClusterImpl-d63a1c8a-c167-4d1c-9f21-7a8d4f3a0684/datanode-2/data/ratis/b80e6fa0-4291-4666-80b6-addc4d32b842 has been successfully formatted.
2019-09-12 10:07:58,507 [pool-49-thread-1] INFO  ratis.ContainerStateMachine (ContainerStateMachine.java:loadSnapshot(226)) - group-ADDC4D32B842: The snapshot info is null. Setting the last applied indexto:(t:0, i:~)
2019-09-12 10:07:58,507 [pool-49-thread-1] INFO  server.RaftServerConfigKeys (ConfUtils.java:logGet(43)) - raft.server.leader.election.timeout = 120s (custom)
2019-09-12 10:07:58,507 [pool-49-thread-1] INFO  server.RaftServerConfigKeys (ConfUtils.java:logGet(43)) - raft.server.log.use.memory = false (default)
2019-09-12 10:07:58,507 [pool-49-thread-1] INFO  server.RaftServerConfigKeys (ConfUtils.java:logGet(43)) - raft.server.log.purge.gap = 1000000 (custom)
2019-09-12 10:07:58,507 [pool-49-thread-1] INFO  server.RaftServerConfigKeys (ConfUtils.java:logGet(43)) - raft.server.log.appender.buffer.byte-limit = 33554432 (custom)
2019-09-12 10:07:58,507 [pool-49-thread-1] INFO  server.RaftServerConfigKeys (ConfUtils.java:logGet(43)) - raft.server.log.segment.size.max = 1048576 (custom)
2019-09-12 10:07:58,507 [pool-49-thread-1] INFO  server.RaftServerConfigKeys (ConfUtils.java:logGet(43)) - raft.server.log.segment.cache.num.max = 2 (custom)
2019-09-12 10:07:58,508 [pool-49-thread-1] INFO  segmented.SegmentedRaftLogWorker (SegmentedRaftLogWorker.java:<init>(172)) - new 3e9857ac-fa98-4731-b68d-6854c6ac33e1-SegmentedRaftLogWorker:Storage Directory /workdir/hadoop-ozone/integration-test/target/test-dir/MiniOzoneClusterImpl-d63a1c8a-c167-4d1c-9f21-7a8d4f3a0684/datanode-2/data/ratis/b80e6fa0-4291-4666-80b6-addc4d32b842 for RaftStorage:Storage Directory /workdir/hadoop-ozone/integration-test/target/test-dir/MiniOzoneClusterImpl-d63a1c8a-c167-4d1c-9f21-7a8d4f3a0684/datanode-2/data/ratis/b80e6fa0-4291-4666-80b6-addc4d32b842
2019-09-12 10:07:58,508 [pool-49-thread-1] INFO  server.RaftServerConfigKeys (ConfUtils.java:logGet(43)) - raft.server.log.queue.byte-limit = 2147483647 (custom)
2019-09-12 10:07:58,508 [pool-49-thread-1] INFO  server.RaftServerConfigKeys (ConfUtils.java:logGet(43)) - raft.server.log.queue.element-limit = 1024 (custom)
2019-09-12 10:07:58,508 [pool-49-thread-1] INFO  server.RaftServerConfigKeys (ConfUtils.java:logGet(43)) - raft.server.log.segment.size.max = 1048576 (custom)
2019-09-12 10:07:58,508 [pool-49-thread-1] INFO  server.RaftServerConfigKeys (ConfUtils.java:logGet(43)) - raft.server.log.preallocated.size = 16384 (custom)
2019-09-12 10:07:58,508 [pool-49-thread-1] INFO  server.RaftServerConfigKeys (ConfUtils.java:logGet(43)) - raft.server.log.write.buffer.size = 33554432 (custom)
2019-09-12 10:07:58,508 [pool-49-thread-1] INFO  server.RaftServerConfigKeys (ConfUtils.java:logGet(43)) - raft.server.log.force.sync.num = 128 (default)
2019-09-12 10:07:58,509 [pool-49-thread-1] INFO  server.RaftServerConfigKeys (ConfUtils.java:logGet(43)) - raft.server.log.statemachine.data.sync = true (default)
2019-09-12 10:07:58,509 [pool-49-thread-1] INFO  server.RaftServerConfigKeys (ConfUtils.java:logGet(43)) - raft.server.log.statemachine.data.sync.timeout = 10s (default)
2019-09-12 10:07:58,509 [pool-49-thread-1] INFO  server.RaftServerConfigKeys (ConfUtils.java:logGet(43)) - raft.server.log.statemachine.data.sync.timeout.retry = -1 (default)
2019-09-12 10:07:58,509 [pool-49-thread-1] INFO  server.RaftServerConfigKeys (ConfUtils.java:logGet(43)) - raft.server.log.statemachine.data.caching.enabled = true (custom)
2019-09-12 10:07:58,509 [pool-49-thread-1] INFO  segmented.SegmentedRaftLogWorker (SegmentedRaftLogWorker.java:lambda$new$0(132)) - 3e9857ac-fa98-4731-b68d-6854c6ac33e1-SegmentedRaftLogWorker:Storage Directory /workdir/hadoop-ozone/integration-test/target/test-dir/MiniOzoneClusterImpl-d63a1c8a-c167-4d1c-9f21-7a8d4f3a0684/datanode-2/data/ratis/b80e6fa0-4291-4666-80b6-addc4d32b842: flushIndex: setUnconditionally 0 -> -1
2019-09-12 10:07:58,510 [pool-49-thread-1] INFO  server.RaftServerConfigKeys (ConfUtils.java:logGet(43)) - raft.server.snapshot.auto.trigger.enabled = true (custom)
2019-09-12 10:07:58,510 [pool-49-thread-1] INFO  server.RaftServerConfigKeys (ConfUtils.java:logGet(43)) - raft.server.snapshot.auto.trigger.threshold = 10000 (custom)
2019-09-12 10:07:58,510 [pool-49-thread-1] INFO  server.RaftServerConfigKeys (ConfUtils.java:logGet(43)) - raft.server.retrycache.expirytime = 600000ms (custom)
2019-09-12 10:07:58,510 [pool-49-thread-1] INFO  impl.RaftServerImpl (RaftServerImpl.java:start(180)) - 3e9857ac-fa98-4731-b68d-6854c6ac33e1: start group-ADDC4D32B842
2019-09-12 10:07:58,510 [pool-49-thread-1] INFO  impl.RaftServerImpl (RaftServerImpl.java:setRole(171)) - 3e9857ac-fa98-4731-b68d-6854c6ac33e1:group-ADDC4D32B842 changes role from null to FOLLOWER at term 0 for startAsFollower
2019-09-12 10:07:58,510 [pool-49-thread-1] INFO  impl.RoleInfo (RoleInfo.java:updateAndGet(143)) - 3e9857ac-fa98-4731-b68d-6854c6ac33e1: start FollowerState
2019-09-12 10:07:58,511 [pool-49-thread-1] INFO  util.JmxRegister (JmxRegister.java:tryRegister(44)) - Successfully registered JMX Bean with object name Ratis:service=RaftServer,group=group-ADDC4D32B842,id=3e9857ac-fa98-4731-b68d-6854c6ac33e1
2019-09-12 10:07:58,516 [RatisPipelineUtilsThread] INFO  pipeline.PipelineStateManager (PipelineStateManager.java:addPipeline(56)) - Created pipeline Pipeline[ Id: b80e6fa0-4291-4666-80b6-addc4d32b842, Nodes: 3e9857ac-fa98-4731-b68d-6854c6ac33e1{ip: 192.168.36.114, host: pr-hdds-1569-58hkm-1881083799, networkLocation: /default-rack, certSerialId: null}, Type:RATIS, Factor:ONE, State:OPEN]
2019-09-12 10:07:58,517 [RatisPipelineUtilsThread] ERROR pipeline.PipelinePlacementPolicy (PipelinePlacementPolicy.java:meetCriteria(92)) - Pipeline Placement: Doesn't meet the criteria to be viable node. Heaviness: 6
2019-09-12 10:07:58,517 [RatisPipelineUtilsThread] ERROR pipeline.PipelinePlacementPolicy (PipelinePlacementPolicy.java:meetCriteria(92)) - Pipeline Placement: Doesn't meet the criteria to be viable node. Heaviness: 6
2019-09-12 10:07:58,525 [grpc-default-executor-2] INFO  impl.RaftServerProxy (RaftServerProxy.java:addNew(89)) - 3e9857ac-fa98-4731-b68d-6854c6ac33e1: addNew group-545BAF4C2B51:[3e9857ac-fa98-4731-b68d-6854c6ac33e1:192.168.36.114:37352] returns group-545BAF4C2B51:java.util.concurrent.CompletableFuture@4ec20d2a[Not completed]
2019-09-12 10:07:58,527 [pool-49-thread-1] INFO  impl.RaftServerImpl (RaftServerImpl.java:<init>(93)) - 3e9857ac-fa98-4731-b68d-6854c6ac33e1: new RaftServerImpl for group-545BAF4C2B51:[3e9857ac-fa98-4731-b68d-6854c6ac33e1:192.168.36.114:37352] with ContainerStateMachine:uninitialized
2019-09-12 10:07:58,527 [pool-49-thread-1] INFO  server.RaftServerConfigKeys (ConfUtils.java:logGet(43)) - raft.server.rpc.timeout.min = 5s (custom)
2019-09-12 10:07:58,527 [pool-49-thread-1] INFO  server.RaftServerConfigKeys (ConfUtils.java:logGet(43)) - raft.server.rpc.timeout.max = 5200ms (custom)
2019-09-12 10:07:58,528 [pool-49-thread-1] INFO  server.RaftServerConfigKeys (ConfUtils.java:logGet(43)) - raft.server.rpcslowness.timeout = 120s (custom)
2019-09-12 10:07:58,528 [pool-49-thread-1] INFO  server.RaftServerConfigKeys (ConfUtils.java:logGet(43)) - raft.server.sleep.deviation.threshold = 300 (default)
2019-09-12 10:07:58,528 [pool-49-thread-1] INFO  server.RaftServerConfigKeys (ConfUtils.java:logGet(43)) - raft.server.log.appender.install.snapshot.enabled = false (custom)
2019-09-12 10:07:58,528 [pool-49-thread-1] INFO  impl.RaftServerImpl (ServerState.java:<init>(105)) - 3e9857ac-fa98-4731-b68d-6854c6ac33e1:group-545BAF4C2B51 ConfigurationManager, init=-1: [3e9857ac-fa98-4731-b68d-6854c6ac33e1:192.168.36.114:37352], old=null, confs=<EMPTY_MAP>
2019-09-12 10:07:58,528 [pool-49-thread-1] INFO  server.RaftServerConfigKeys (ConfUtils.java:logGet(43)) - raft.server.storage.dir = [/workdir/hadoop-ozone/integration-test/target/test-dir/MiniOzoneClusterImpl-d63a1c8a-c167-4d1c-9f21-7a8d4f3a0684/datanode-2/data/ratis] (custom)
2019-09-12 10:07:58,529 [pool-49-thread-1] INFO  storage.RaftStorageDirectory (RaftStorageDirectory.java:analyzeStorage(246)) - The storage directory /workdir/hadoop-ozone/integration-test/target/test-dir/MiniOzoneClusterImpl-d63a1c8a-c167-4d1c-9f21-7a8d4f3a0684/datanode-2/data/ratis/dd4d6278-00b7-4c89-a2c1-545baf4c2b51 does not exist. Creating ...
2019-09-12 10:07:58,537 [pool-49-thread-1] INFO  storage.RaftStorageDirectory (RaftStorageDirectory.java:tryLock(328)) - Lock on /workdir/hadoop-ozone/integration-test/target/test-dir/MiniOzoneClusterImpl-d63a1c8a-c167-4d1c-9f21-7a8d4f3a0684/datanode-2/data/ratis/dd4d6278-00b7-4c89-a2c1-545baf4c2b51/in_use.lock acquired by nodename 384@pr-hdds-1569-58hkm-1881083799
2019-09-12 10:07:58,546 [pool-49-thread-1] INFO  storage.RaftStorage (RaftStorage.java:format(72)) - Storage directory /workdir/hadoop-ozone/integration-test/target/test-dir/MiniOzoneClusterImpl-d63a1c8a-c167-4d1c-9f21-7a8d4f3a0684/datanode-2/data/ratis/dd4d6278-00b7-4c89-a2c1-545baf4c2b51 has been successfully formatted.
2019-09-12 10:07:58,547 [pool-49-thread-1] INFO  ratis.ContainerStateMachine (ContainerStateMachine.java:loadSnapshot(226)) - group-545BAF4C2B51: The snapshot info is null. Setting the last applied indexto:(t:0, i:~)
2019-09-12 10:07:58,547 [pool-49-thread-1] INFO  server.RaftServerConfigKeys (ConfUtils.java:logGet(43)) - raft.server.leader.election.timeout = 120s (custom)
2019-09-12 10:07:58,547 [pool-49-thread-1] INFO  server.RaftServerConfigKeys (ConfUtils.java:logGet(43)) - raft.server.log.use.memory = false (default)
2019-09-12 10:07:58,548 [pool-49-thread-1] INFO  server.RaftServerConfigKeys (ConfUtils.java:logGet(43)) - raft.server.log.purge.gap = 1000000 (custom)
2019-09-12 10:07:58,548 [pool-49-thread-1] INFO  server.RaftServerConfigKeys (ConfUtils.java:logGet(43)) - raft.server.log.appender.buffer.byte-limit = 33554432 (custom)
2019-09-12 10:07:58,548 [pool-49-thread-1] INFO  server.RaftServerConfigKeys (ConfUtils.java:logGet(43)) - raft.server.log.segment.size.max = 1048576 (custom)
2019-09-12 10:07:58,548 [pool-49-thread-1] INFO  server.RaftServerConfigKeys (ConfUtils.java:logGet(43)) - raft.server.log.segment.cache.num.max = 2 (custom)
2019-09-12 10:07:58,548 [pool-49-thread-1] INFO  segmented.SegmentedRaftLogWorker (SegmentedRaftLogWorker.java:<init>(172)) - new 3e9857ac-fa98-4731-b68d-6854c6ac33e1-SegmentedRaftLogWorker:Storage Directory /workdir/hadoop-ozone/integration-test/target/test-dir/MiniOzoneClusterImpl-d63a1c8a-c167-4d1c-9f21-7a8d4f3a0684/datanode-2/data/ratis/dd4d6278-00b7-4c89-a2c1-545baf4c2b51 for RaftStorage:Storage Directory /workdir/hadoop-ozone/integration-test/target/test-dir/MiniOzoneClusterImpl-d63a1c8a-c167-4d1c-9f21-7a8d4f3a0684/datanode-2/data/ratis/dd4d6278-00b7-4c89-a2c1-545baf4c2b51
2019-09-12 10:07:58,548 [pool-49-thread-1] INFO  server.RaftServerConfigKeys (ConfUtils.java:logGet(43)) - raft.server.log.queue.byte-limit = 2147483647 (custom)
2019-09-12 10:07:58,548 [pool-49-thread-1] INFO  server.RaftServerConfigKeys (ConfUtils.java:logGet(43)) - raft.server.log.queue.element-limit = 1024 (custom)
2019-09-12 10:07:58,548 [pool-49-thread-1] INFO  server.RaftServerConfigKeys (ConfUtils.java:logGet(43)) - raft.server.log.segment.size.max = 1048576 (custom)
2019-09-12 10:07:58,548 [pool-49-thread-1] INFO  server.RaftServerConfigKeys (ConfUtils.java:logGet(43)) - raft.server.log.preallocated.size = 16384 (custom)
2019-09-12 10:07:58,549 [pool-49-thread-1] INFO  server.RaftServerConfigKeys (ConfUtils.java:logGet(43)) - raft.server.log.write.buffer.size = 33554432 (custom)
2019-09-12 10:07:58,549 [pool-49-thread-1] INFO  server.RaftServerConfigKeys (ConfUtils.java:logGet(43)) - raft.server.log.force.sync.num = 128 (default)
2019-09-12 10:07:58,549 [pool-49-thread-1] INFO  server.RaftServerConfigKeys (ConfUtils.java:logGet(43)) - raft.server.log.statemachine.data.sync = true (default)
2019-09-12 10:07:58,549 [pool-49-thread-1] INFO  server.RaftServerConfigKeys (ConfUtils.java:logGet(43)) - raft.server.log.statemachine.data.sync.timeout = 10s (default)
2019-09-12 10:07:58,549 [pool-49-thread-1] INFO  server.RaftServerConfigKeys (ConfUtils.java:logGet(43)) - raft.server.log.statemachine.data.sync.timeout.retry = -1 (default)
2019-09-12 10:07:58,549 [pool-49-thread-1] INFO  server.RaftServerConfigKeys (ConfUtils.java:logGet(43)) - raft.server.log.statemachine.data.caching.enabled = true (custom)
2019-09-12 10:07:58,550 [pool-49-thread-1] INFO  segmented.SegmentedRaftLogWorker (SegmentedRaftLogWorker.java:lambda$new$0(132)) - 3e9857ac-fa98-4731-b68d-6854c6ac33e1-SegmentedRaftLogWorker:Storage Directory /workdir/hadoop-ozone/integration-test/target/test-dir/MiniOzoneClusterImpl-d63a1c8a-c167-4d1c-9f21-7a8d4f3a0684/datanode-2/data/ratis/dd4d6278-00b7-4c89-a2c1-545baf4c2b51: flushIndex: setUnconditionally 0 -> -1
2019-09-12 10:07:58,550 [pool-49-thread-1] INFO  server.RaftServerConfigKeys (ConfUtils.java:logGet(43)) - raft.server.snapshot.auto.trigger.enabled = true (custom)
2019-09-12 10:07:58,550 [pool-49-thread-1] INFO  server.RaftServerConfigKeys (ConfUtils.java:logGet(43)) - raft.server.snapshot.auto.trigger.threshold = 10000 (custom)
2019-09-12 10:07:58,550 [pool-49-thread-1] INFO  server.RaftServerConfigKeys (ConfUtils.java:logGet(43)) - raft.server.retrycache.expirytime = 600000ms (custom)
2019-09-12 10:07:58,550 [pool-49-thread-1] INFO  impl.RaftServerImpl (RaftServerImpl.java:start(180)) - 3e9857ac-fa98-4731-b68d-6854c6ac33e1: start group-545BAF4C2B51
2019-09-12 10:07:58,551 [pool-49-thread-1] INFO  impl.RaftServerImpl (RaftServerImpl.java:setRole(171)) - 3e9857ac-fa98-4731-b68d-6854c6ac33e1:group-545BAF4C2B51 changes role from null to FOLLOWER at term 0 for startAsFollower
2019-09-12 10:07:58,551 [pool-49-thread-1] INFO  impl.RoleInfo (RoleInfo.java:updateAndGet(143)) - 3e9857ac-fa98-4731-b68d-6854c6ac33e1: start FollowerState
2019-09-12 10:07:58,551 [pool-49-thread-1] INFO  util.JmxRegister (JmxRegister.java:tryRegister(44)) - Successfully registered JMX Bean with object name Ratis:service=RaftServer,group=group-545BAF4C2B51,id=3e9857ac-fa98-4731-b68d-6854c6ac33e1
2019-09-12 10:07:58,556 [RatisPipelineUtilsThread] INFO  pipeline.PipelineStateManager (PipelineStateManager.java:addPipeline(56)) - Created pipeline Pipeline[ Id: dd4d6278-00b7-4c89-a2c1-545baf4c2b51, Nodes: 3e9857ac-fa98-4731-b68d-6854c6ac33e1{ip: 192.168.36.114, host: pr-hdds-1569-58hkm-1881083799, networkLocation: /default-rack, certSerialId: null}, Type:RATIS, Factor:ONE, State:OPEN]
2019-09-12 10:07:58,558 [RatisPipelineUtilsThread] ERROR pipeline.PipelinePlacementPolicy (PipelinePlacementPolicy.java:meetCriteria(92)) - Pipeline Placement: Doesn't meet the criteria to be viable node. Heaviness: 6
2019-09-12 10:07:58,558 [RatisPipelineUtilsThread] ERROR pipeline.PipelinePlacementPolicy (PipelinePlacementPolicy.java:meetCriteria(92)) - Pipeline Placement: Doesn't meet the criteria to be viable node. Heaviness: 6
2019-09-12 10:07:58,558 [RatisPipelineUtilsThread] ERROR pipeline.PipelinePlacementPolicy (PipelinePlacementPolicy.java:meetCriteria(92)) - Pipeline Placement: Doesn't meet the criteria to be viable node. Heaviness: 6
2019-09-12 10:07:58,568 [grpc-default-executor-2] INFO  impl.RaftServerProxy (RaftServerProxy.java:addNew(89)) - edf5af1f-dc18-46e0-8c84-2b6d77687430: addNew group-98607F1BF62A:[edf5af1f-dc18-46e0-8c84-2b6d77687430:192.168.36.114:41081] returns group-98607F1BF62A:java.util.concurrent.CompletableFuture@269b8436[Not completed]
2019-09-12 10:07:58,569 [pool-27-thread-1] INFO  impl.RaftServerImpl (RaftServerImpl.java:<init>(93)) - edf5af1f-dc18-46e0-8c84-2b6d77687430: new RaftServerImpl for group-98607F1BF62A:[edf5af1f-dc18-46e0-8c84-2b6d77687430:192.168.36.114:41081] with ContainerStateMachine:uninitialized
2019-09-12 10:07:58,569 [pool-27-thread-1] INFO  server.RaftServerConfigKeys (ConfUtils.java:logGet(43)) - raft.server.rpc.timeout.min = 5s (custom)
2019-09-12 10:07:58,569 [pool-27-thread-1] INFO  server.RaftServerConfigKeys (ConfUtils.java:logGet(43)) - raft.server.rpc.timeout.max = 5200ms (custom)
2019-09-12 10:07:58,569 [pool-27-thread-1] INFO  server.RaftServerConfigKeys (ConfUtils.java:logGet(43)) - raft.server.rpcslowness.timeout = 120s (custom)
2019-09-12 10:07:58,569 [pool-27-thread-1] INFO  server.RaftServerConfigKeys (ConfUtils.java:logGet(43)) - raft.server.sleep.deviation.threshold = 300 (default)
2019-09-12 10:07:58,569 [pool-27-thread-1] INFO  server.RaftServerConfigKeys (ConfUtils.java:logGet(43)) - raft.server.log.appender.install.snapshot.enabled = false (custom)
2019-09-12 10:07:58,570 [pool-27-thread-1] INFO  impl.RaftServerImpl (ServerState.java:<init>(105)) - edf5af1f-dc18-46e0-8c84-2b6d77687430:group-98607F1BF62A ConfigurationManager, init=-1: [edf5af1f-dc18-46e0-8c84-2b6d77687430:192.168.36.114:41081], old=null, confs=<EMPTY_MAP>
2019-09-12 10:07:58,570 [pool-27-thread-1] INFO  server.RaftServerConfigKeys (ConfUtils.java:logGet(43)) - raft.server.storage.dir = [/workdir/hadoop-ozone/integration-test/target/test-dir/MiniOzoneClusterImpl-d63a1c8a-c167-4d1c-9f21-7a8d4f3a0684/datanode-0/data/ratis] (custom)
2019-09-12 10:07:58,570 [pool-27-thread-1] INFO  storage.RaftStorageDirectory (RaftStorageDirectory.java:analyzeStorage(246)) - The storage directory /workdir/hadoop-ozone/integration-test/target/test-dir/MiniOzoneClusterImpl-d63a1c8a-c167-4d1c-9f21-7a8d4f3a0684/datanode-0/data/ratis/39b05e7b-3b32-42c0-b7df-98607f1bf62a does not exist. Creating ...
2019-09-12 10:07:58,606 [pool-27-thread-1] INFO  storage.RaftStorageDirectory (RaftStorageDirectory.java:tryLock(328)) - Lock on /workdir/hadoop-ozone/integration-test/target/test-dir/MiniOzoneClusterImpl-d63a1c8a-c167-4d1c-9f21-7a8d4f3a0684/datanode-0/data/ratis/39b05e7b-3b32-42c0-b7df-98607f1bf62a/in_use.lock acquired by nodename 384@pr-hdds-1569-58hkm-1881083799
2019-09-12 10:07:58,623 [pool-27-thread-1] INFO  storage.RaftStorage (RaftStorage.java:format(72)) - Storage directory /workdir/hadoop-ozone/integration-test/target/test-dir/MiniOzoneClusterImpl-d63a1c8a-c167-4d1c-9f21-7a8d4f3a0684/datanode-0/data/ratis/39b05e7b-3b32-42c0-b7df-98607f1bf62a has been successfully formatted.
2019-09-12 10:07:58,623 [pool-27-thread-1] INFO  ratis.ContainerStateMachine (ContainerStateMachine.java:loadSnapshot(226)) - group-98607F1BF62A: The snapshot info is null. Setting the last applied indexto:(t:0, i:~)
2019-09-12 10:07:58,623 [pool-27-thread-1] INFO  server.RaftServerConfigKeys (ConfUtils.java:logGet(43)) - raft.server.leader.election.timeout = 120s (custom)
2019-09-12 10:07:58,623 [pool-27-thread-1] INFO  server.RaftServerConfigKeys (ConfUtils.java:logGet(43)) - raft.server.log.use.memory = false (default)
2019-09-12 10:07:58,624 [pool-27-thread-1] INFO  server.RaftServerConfigKeys (ConfUtils.java:logGet(43)) - raft.server.log.purge.gap = 1000000 (custom)
2019-09-12 10:07:58,624 [pool-27-thread-1] INFO  server.RaftServerConfigKeys (ConfUtils.java:logGet(43)) - raft.server.log.appender.buffer.byte-limit = 33554432 (custom)
2019-09-12 10:07:58,624 [pool-27-thread-1] INFO  server.RaftServerConfigKeys (ConfUtils.java:logGet(43)) - raft.server.log.segment.size.max = 1048576 (custom)
2019-09-12 10:07:58,624 [pool-27-thread-1] INFO  server.RaftServerConfigKeys (ConfUtils.java:logGet(43)) - raft.server.log.segment.cache.num.max = 2 (custom)
2019-09-12 10:07:58,624 [pool-27-thread-1] INFO  segmented.SegmentedRaftLogWorker (SegmentedRaftLogWorker.java:<init>(172)) - new edf5af1f-dc18-46e0-8c84-2b6d77687430-SegmentedRaftLogWorker:Storage Directory /workdir/hadoop-ozone/integration-test/target/test-dir/MiniOzoneClusterImpl-d63a1c8a-c167-4d1c-9f21-7a8d4f3a0684/datanode-0/data/ratis/39b05e7b-3b32-42c0-b7df-98607f1bf62a for RaftStorage:Storage Directory /workdir/hadoop-ozone/integration-test/target/test-dir/MiniOzoneClusterImpl-d63a1c8a-c167-4d1c-9f21-7a8d4f3a0684/datanode-0/data/ratis/39b05e7b-3b32-42c0-b7df-98607f1bf62a
2019-09-12 10:07:58,624 [pool-27-thread-1] INFO  server.RaftServerConfigKeys (ConfUtils.java:logGet(43)) - raft.server.log.queue.byte-limit = 2147483647 (custom)
2019-09-12 10:07:58,625 [pool-27-thread-1] INFO  server.RaftServerConfigKeys (ConfUtils.java:logGet(43)) - raft.server.log.queue.element-limit = 1024 (custom)
2019-09-12 10:07:58,625 [pool-27-thread-1] INFO  server.RaftServerConfigKeys (ConfUtils.java:logGet(43)) - raft.server.log.segment.size.max = 1048576 (custom)
2019-09-12 10:07:58,625 [pool-27-thread-1] INFO  server.RaftServerConfigKeys (ConfUtils.java:logGet(43)) - raft.server.log.preallocated.size = 16384 (custom)
2019-09-12 10:07:58,625 [pool-27-thread-1] INFO  server.RaftServerConfigKeys (ConfUtils.java:logGet(43)) - raft.server.log.write.buffer.size = 33554432 (custom)
2019-09-12 10:07:58,625 [pool-27-thread-1] INFO  server.RaftServerConfigKeys (ConfUtils.java:logGet(43)) - raft.server.log.force.sync.num = 128 (default)
2019-09-12 10:07:58,625 [pool-27-thread-1] INFO  server.RaftServerConfigKeys (ConfUtils.java:logGet(43)) - raft.server.log.statemachine.data.sync = true (default)
2019-09-12 10:07:58,625 [pool-27-thread-1] INFO  server.RaftServerConfigKeys (ConfUtils.java:logGet(43)) - raft.server.log.statemachine.data.sync.timeout = 10s (default)
2019-09-12 10:07:58,626 [pool-27-thread-1] INFO  server.RaftServerConfigKeys (ConfUtils.java:logGet(43)) - raft.server.log.statemachine.data.sync.timeout.retry = -1 (default)
2019-09-12 10:07:58,626 [pool-27-thread-1] INFO  server.RaftServerConfigKeys (ConfUtils.java:logGet(43)) - raft.server.log.statemachine.data.caching.enabled = true (custom)
2019-09-12 10:07:58,626 [pool-27-thread-1] INFO  segmented.SegmentedRaftLogWorker (SegmentedRaftLogWorker.java:lambda$new$0(132)) - edf5af1f-dc18-46e0-8c84-2b6d77687430-SegmentedRaftLogWorker:Storage Directory /workdir/hadoop-ozone/integration-test/target/test-dir/MiniOzoneClusterImpl-d63a1c8a-c167-4d1c-9f21-7a8d4f3a0684/datanode-0/data/ratis/39b05e7b-3b32-42c0-b7df-98607f1bf62a: flushIndex: setUnconditionally 0 -> -1
2019-09-12 10:07:58,626 [pool-27-thread-1] INFO  server.RaftServerConfigKeys (ConfUtils.java:logGet(43)) - raft.server.snapshot.auto.trigger.enabled = true (custom)
2019-09-12 10:07:58,627 [pool-27-thread-1] INFO  server.RaftServerConfigKeys (ConfUtils.java:logGet(43)) - raft.server.snapshot.auto.trigger.threshold = 10000 (custom)
2019-09-12 10:07:58,627 [pool-27-thread-1] INFO  server.RaftServerConfigKeys (ConfUtils.java:logGet(43)) - raft.server.retrycache.expirytime = 600000ms (custom)
2019-09-12 10:07:58,627 [pool-27-thread-1] INFO  impl.RaftServerImpl (RaftServerImpl.java:start(180)) - edf5af1f-dc18-46e0-8c84-2b6d77687430: start group-98607F1BF62A
2019-09-12 10:07:58,627 [pool-27-thread-1] INFO  impl.RaftServerImpl (RaftServerImpl.java:setRole(171)) - edf5af1f-dc18-46e0-8c84-2b6d77687430:group-98607F1BF62A changes role from null to FOLLOWER at term 0 for startAsFollower
2019-09-12 10:07:58,627 [pool-27-thread-1] INFO  impl.RoleInfo (RoleInfo.java:updateAndGet(143)) - edf5af1f-dc18-46e0-8c84-2b6d77687430: start FollowerState
2019-09-12 10:07:58,628 [pool-27-thread-1] INFO  util.JmxRegister (JmxRegister.java:tryRegister(44)) - Successfully registered JMX Bean with object name Ratis:service=RaftServer,group=group-98607F1BF62A,id=edf5af1f-dc18-46e0-8c84-2b6d77687430
2019-09-12 10:07:58,634 [RatisPipelineUtilsThread] INFO  pipeline.PipelineStateManager (PipelineStateManager.java:addPipeline(56)) - Created pipeline Pipeline[ Id: 39b05e7b-3b32-42c0-b7df-98607f1bf62a, Nodes: edf5af1f-dc18-46e0-8c84-2b6d77687430{ip: 192.168.36.114, host: pr-hdds-1569-58hkm-1881083799, networkLocation: /default-rack, certSerialId: null}, Type:RATIS, Factor:ONE, State:OPEN]
2019-09-12 10:07:58,639 [RatisPipelineUtilsThread] ERROR pipeline.PipelinePlacementPolicy (PipelinePlacementPolicy.java:meetCriteria(92)) - Pipeline Placement: Doesn't meet the criteria to be viable node. Heaviness: 6
2019-09-12 10:07:58,639 [RatisPipelineUtilsThread] ERROR pipeline.PipelinePlacementPolicy (PipelinePlacementPolicy.java:meetCriteria(92)) - Pipeline Placement: Doesn't meet the criteria to be viable node. Heaviness: 6
2019-09-12 10:07:58,639 [RatisPipelineUtilsThread] ERROR pipeline.PipelinePlacementPolicy (PipelinePlacementPolicy.java:meetCriteria(92)) - Pipeline Placement: Doesn't meet the criteria to be viable node. Heaviness: 6
2019-09-12 10:07:58,639 [RatisPipelineUtilsThread] ERROR pipeline.PipelinePlacementPolicy (PipelinePlacementPolicy.java:meetCriteria(92)) - Pipeline Placement: Doesn't meet the criteria to be viable node. Heaviness: 6
2019-09-12 10:07:58,640 [RatisPipelineUtilsThread] ERROR pipeline.PipelinePlacementPolicy (PipelinePlacementPolicy.java:filterViableNodes(147)) - Unable to find enough nodes that meet the criteria that cannot engage in more than 5 pipelines. Nodes required: 1 Found: 0, healthy nodes count inNodeManager: 4.
2019-09-12 10:07:58,641 [RatisPipelineUtilsThread] ERROR pipeline.SCMPipelineManager (SCMPipelineManager.java:createPipeline(161)) - Pipeline creation failed due to exception: Unable to find enough nodes that meet the criteria that cannot engage in more than 5 pipelines. Nodes required: 1 Found: 0, healthy nodes count inNodeManager: 4.
2019-09-12 10:07:58,642 [RatisPipelineUtilsThread] ERROR pipeline.PipelinePlacementPolicy (PipelinePlacementPolicy.java:meetCriteria(92)) - Pipeline Placement: Doesn't meet the criteria to be viable node. Heaviness: 6
2019-09-12 10:07:58,642 [RatisPipelineUtilsThread] ERROR pipeline.PipelinePlacementPolicy (PipelinePlacementPolicy.java:meetCriteria(92)) - Pipeline Placement: Doesn't meet the criteria to be viable node. Heaviness: 6
2019-09-12 10:07:58,642 [RatisPipelineUtilsThread] ERROR pipeline.PipelinePlacementPolicy (PipelinePlacementPolicy.java:meetCriteria(92)) - Pipeline Placement: Doesn't meet the criteria to be viable node. Heaviness: 6
2019-09-12 10:07:58,642 [RatisPipelineUtilsThread] ERROR pipeline.PipelinePlacementPolicy (PipelinePlacementPolicy.java:meetCriteria(92)) - Pipeline Placement: Doesn't meet the criteria to be viable node. Heaviness: 6
2019-09-12 10:07:58,643 [RatisPipelineUtilsThread] ERROR pipeline.PipelinePlacementPolicy (PipelinePlacementPolicy.java:filterViableNodes(147)) - Unable to find enough nodes that meet the criteria that cannot engage in more than 5 pipelines. Nodes required: 3 Found: 0, healthy nodes count inNodeManager: 4.
2019-09-12 10:07:58,643 [RatisPipelineUtilsThread] ERROR pipeline.SCMPipelineManager (SCMPipelineManager.java:createPipeline(161)) - Pipeline creation failed due to exception: Unable to find enough nodes that meet the criteria that cannot engage in more than 5 pipelines. Nodes required: 3 Found: 0, healthy nodes count inNodeManager: 4.
2019-09-12 10:07:58,663 [main] ERROR pipeline.PipelinePlacementPolicy (PipelinePlacementPolicy.java:meetCriteria(92)) - Pipeline Placement: Doesn't meet the criteria to be viable node. Heaviness: 6
2019-09-12 10:07:58,663 [main] ERROR pipeline.PipelinePlacementPolicy (PipelinePlacementPolicy.java:meetCriteria(92)) - Pipeline Placement: Doesn't meet the criteria to be viable node. Heaviness: 6
2019-09-12 10:07:58,663 [main] ERROR pipeline.PipelinePlacementPolicy (PipelinePlacementPolicy.java:meetCriteria(92)) - Pipeline Placement: Doesn't meet the criteria to be viable node. Heaviness: 6
2019-09-12 10:07:58,664 [main] ERROR pipeline.PipelinePlacementPolicy (PipelinePlacementPolicy.java:meetCriteria(92)) - Pipeline Placement: Doesn't meet the criteria to be viable node. Heaviness: 6
2019-09-12 10:07:58,664 [main] ERROR pipeline.PipelinePlacementPolicy (PipelinePlacementPolicy.java:filterViableNodes(147)) - Unable to find enough nodes that meet the criteria that cannot engage in more than 5 pipelines. Nodes required: 1 Found: 0, healthy nodes count inNodeManager: 4.
2019-09-12 10:07:58,664 [main] ERROR pipeline.SCMPipelineManager (SCMPipelineManager.java:createPipeline(161)) - Pipeline creation failed due to exception: Unable to find enough nodes that meet the criteria that cannot engage in more than 5 pipelines. Nodes required: 1 Found: 0, healthy nodes count inNodeManager: 4.
2019-09-12 10:07:58,665 [main] INFO  server.StorageContainerManager (StorageContainerManager.java:stop(797)) - Stopping Replication Manager Service.
2019-09-12 10:07:58,673 [ReplicationMonitor] INFO  container.ReplicationManager (ReplicationManager.java:run(214)) - Replication Monitor Thread took 12378 milliseconds for processing 2 containers.
2019-09-12 10:07:58,673 [main] INFO  container.ReplicationManager (ReplicationManager.java:stop(192)) - Stopping Replication Monitor Thread.
2019-09-12 10:07:58,674 [main] INFO  server.StorageContainerManager (StorageContainerManager.java:stop(804)) - Stopping Lease Manager of the command watchers
2019-09-12 10:07:58,674 [main] INFO  server.StorageContainerManager (StorageContainerManager.java:stop(811)) - Stopping datanode service RPC server
2019-09-12 10:07:58,674 [main] INFO  server.SCMDatanodeProtocolServer (SCMDatanodeProtocolServer.java:stop(367)) - Stopping the RPC server for DataNodes
2019-09-12 10:07:58,674 [main] INFO  ipc.Server (Server.java:stop(3082)) - Stopping server on 32983
2019-09-12 10:07:58,686 [IPC Server listener on 32983] INFO  ipc.Server (Server.java:run(1185)) - Stopping IPC Server listener on 32983
2019-09-12 10:07:58,690 [IPC Server Responder] INFO  ipc.Server (Server.java:run(1319)) - Stopping IPC Server Responder
2019-09-12 10:07:59,001 [Datanode State Machine Thread - 0] ERROR statemachine.EndpointStateMachine (EndpointStateMachine.java:logIfNeeded(204)) - Unable to communicate to SCM server at 0.0.0.0:32983 for past 0 seconds.
java.io.EOFException: End of File Exception between local host is: "pr-hdds-1569-58hkm-1881083799/192.168.36.114"; destination host is: "0.0.0.0":32983; : java.io.EOFException; For more details see:  http://wiki.apache.org/hadoop/EOFException
	at sun.reflect.NativeConstructorAccessorImpl.newInstance0(Native Method)
	at sun.reflect.NativeConstructorAccessorImpl.newInstance(NativeConstructorAccessorImpl.java:62)
	at sun.reflect.DelegatingConstructorAccessorImpl.newInstance(DelegatingConstructorAccessorImpl.java:45)
	at java.lang.reflect.Constructor.newInstance(Constructor.java:423)
	at org.apache.hadoop.net.NetUtils.wrapWithMessage(NetUtils.java:831)
	at org.apache.hadoop.net.NetUtils.wrapException(NetUtils.java:789)
	at org.apache.hadoop.ipc.Client.getRpcResponse(Client.java:1515)
	at org.apache.hadoop.ipc.Client.call(Client.java:1457)
	at org.apache.hadoop.ipc.Client.call(Client.java:1367)
	at org.apache.hadoop.ipc.ProtobufRpcEngine$Invoker.invoke(ProtobufRpcEngine.java:228)
	at org.apache.hadoop.ipc.ProtobufRpcEngine$Invoker.invoke(ProtobufRpcEngine.java:116)
	at com.sun.proxy.$Proxy95.sendHeartbeat(Unknown Source)
	at org.apache.hadoop.ozone.protocolPB.StorageContainerDatanodeProtocolClientSideTranslatorPB.sendHeartbeat(StorageContainerDatanodeProtocolClientSideTranslatorPB.java:131)
	at org.apache.hadoop.ozone.container.common.states.endpoint.HeartbeatEndpointTask.call(HeartbeatEndpointTask.java:143)
	at org.apache.hadoop.ozone.container.common.states.endpoint.HeartbeatEndpointTask.call(HeartbeatEndpointTask.java:74)
	at java.util.concurrent.FutureTask.run(FutureTask.java:266)
	at java.util.concurrent.Executors$RunnableAdapter.call(Executors.java:511)
	at java.util.concurrent.FutureTask.run(FutureTask.java:266)
	at java.util.concurrent.ThreadPoolExecutor.runWorker(ThreadPoolExecutor.java:1149)
	at java.util.concurrent.ThreadPoolExecutor$Worker.run(ThreadPoolExecutor.java:624)
	at java.lang.Thread.run(Thread.java:748)
Caused by: java.io.EOFException
	at java.io.DataInputStream.readInt(DataInputStream.java:392)
	at org.apache.hadoop.ipc.Client$IpcStreams.readResponse(Client.java:1816)
	at org.apache.hadoop.ipc.Client$Connection.receiveRpcResponse(Client.java:1173)
	at org.apache.hadoop.ipc.Client$Connection.run(Client.java:1069)
2019-09-12 10:07:59,466 [SCM Heartbeat Processing Thread - 0] WARN  node.NodeStateManager (NodeStateManager.java:scheduleNextHealthCheck(655)) - Current Thread is interrupted, shutting down HB processing thread for Node Manager.
2019-09-12 10:07:59,466 [main] INFO  server.StorageContainerManager (StorageContainerManager.java:stop(819)) - Stopping block service RPC server
2019-09-12 10:07:59,467 [main] INFO  server.SCMBlockProtocolServer (SCMBlockProtocolServer.java:stop(148)) - Stopping the RPC server for Block Protocol
2019-09-12 10:07:59,467 [main] INFO  ipc.Server (Server.java:stop(3082)) - Stopping server on 46069
2019-09-12 10:07:59,470 [main] INFO  server.StorageContainerManager (StorageContainerManager.java:stop(826)) - Stopping the StorageContainerLocationProtocol RPC server
2019-09-12 10:07:59,470 [IPC Server listener on 46069] INFO  ipc.Server (Server.java:run(1185)) - Stopping IPC Server listener on 46069
2019-09-12 10:07:59,470 [IPC Server Responder] INFO  ipc.Server (Server.java:run(1319)) - Stopping IPC Server Responder
2019-09-12 10:07:59,470 [main] INFO  server.SCMClientProtocolServer (SCMClientProtocolServer.java:stop(159)) - Stopping the RPC server for Client Protocol
2019-09-12 10:07:59,472 [main] INFO  ipc.Server (Server.java:stop(3082)) - Stopping server on 43022
2019-09-12 10:07:59,474 [IPC Server listener on 43022] INFO  ipc.Server (Server.java:run(1185)) - Stopping IPC Server listener on 43022
2019-09-12 10:07:59,474 [main] INFO  server.StorageContainerManager (StorageContainerManager.java:stop(833)) - Stopping Storage Container Manager HTTP server.
2019-09-12 10:07:59,474 [IPC Server Responder] INFO  ipc.Server (Server.java:run(1319)) - Stopping IPC Server Responder
2019-09-12 10:07:59,756 [main] INFO  handler.ContextHandler (ContextHandler.java:doStop(910)) - Stopped o.e.j.w.WebAppContext@2ca47471{/,null,UNAVAILABLE}{/scm}
2019-09-12 10:07:59,765 [main] INFO  server.AbstractConnector (AbstractConnector.java:doStop(318)) - Stopped ServerConnector@26b894bd{HTTP/1.1,[http/1.1]}{0.0.0.0:0}
2019-09-12 10:07:59,765 [main] INFO  handler.ContextHandler (ContextHandler.java:doStop(910)) - Stopped o.e.j.s.ServletContextHandler@1755e85b{/static,file:///workdir/hadoop-ozone/integration-test/target/test-classes/webapps/static,UNAVAILABLE}
2019-09-12 10:07:59,766 [main] INFO  handler.ContextHandler (ContextHandler.java:doStop(910)) - Stopped o.e.j.s.ServletContextHandler@2e9fda69{/logs,file:///workdir/hadoop-ozone/integration-test/target/log,UNAVAILABLE}
2019-09-12 10:07:59,768 [main] INFO  server.StorageContainerManager (StorageContainerManager.java:stop(844)) - Stopping Block Manager Service.
2019-09-12 10:07:59,768 [main] INFO  utils.BackgroundService (BackgroundService.java:shutdown(148)) - Shutting down service SCMBlockDeletingService
2019-09-12 10:07:59,769 [main] INFO  utils.BackgroundService (BackgroundService.java:shutdown(148)) - Shutting down service SCMBlockDeletingService
2019-09-12 10:07:59,770 [main] INFO  server.StorageContainerManager (StorageContainerManager.java:stop(866)) - Stopping SCM Event Queue.
2019-09-12 10:07:59,779 [main] INFO  impl.MetricsSystemImpl (MetricsSystemImpl.java:stop(210)) - Stopping HddsDatanode metrics system...
2019-09-12 10:07:59,802 [main] INFO  impl.MetricsSystemImpl (MetricsSystemImpl.java:stop(216)) - HddsDatanode metrics system stopped.
2019-09-12 10:07:59,804 [main] WARN  server.ServerUtils (ServerUtils.java:getScmDbDir(145)) - ozone.scm.db.dirs is not configured. We recommend adding this setting. Falling back to ozone.metadata.dirs instead.
2019-09-12 10:07:59,804 [main] WARN  server.ServerUtils (ServerUtils.java:getScmDbDir(145)) - ozone.scm.db.dirs is not configured. We recommend adding this setting. Falling back to ozone.metadata.dirs instead.
2019-09-12 10:07:59,805 [main] INFO  db.DBStoreBuilder (DBStoreBuilder.java:addTable(110)) - using custom profile for table: deletedBlocks
2019-09-12 10:07:59,805 [main] INFO  db.DBStoreBuilder (DBStoreBuilder.java:processTables(161)) - Using default column profile:DBProfile.DISK for Table:deletedBlocks
2019-09-12 10:07:59,806 [main] INFO  db.DBStoreBuilder (DBStoreBuilder.java:addTable(110)) - using custom profile for table: validCerts
2019-09-12 10:07:59,806 [main] INFO  db.DBStoreBuilder (DBStoreBuilder.java:processTables(161)) - Using default column profile:DBProfile.DISK for Table:validCerts
2019-09-12 10:07:59,806 [main] INFO  db.DBStoreBuilder (DBStoreBuilder.java:addTable(110)) - using custom profile for table: revokedCerts
2019-09-12 10:07:59,806 [main] INFO  db.DBStoreBuilder (DBStoreBuilder.java:processTables(161)) - Using default column profile:DBProfile.DISK for Table:revokedCerts
2019-09-12 10:07:59,806 [main] INFO  db.DBStoreBuilder (DBStoreBuilder.java:addTable(110)) - using custom profile for table: default
2019-09-12 10:07:59,807 [main] INFO  db.DBStoreBuilder (DBStoreBuilder.java:processTables(167)) - Using default column profile:DBProfile.DISK for Table:default
2019-09-12 10:07:59,807 [main] INFO  db.DBStoreBuilder (DBStoreBuilder.java:getDbProfile(198)) - Using default options. DBProfile.DISK
2019-09-12 10:07:59,941 [main] INFO  net.NodeSchemaLoader (NodeSchemaLoader.java:loadSchemaFromFile(125)) - Loading file from sun.misc.CompoundEnumeration@66713605
2019-09-12 10:07:59,941 [main] INFO  net.NodeSchemaLoader (NodeSchemaLoader.java:loadSchema(171)) - Loading network topology layer schema file
2019-09-12 10:07:59,945 [main] INFO  node.SCMNodeManager (SCMNodeManager.java:<init>(121)) - Entering startup safe mode.
2019-09-12 10:07:59,946 [main] INFO  algorithms.ContainerPlacementPolicyFactory (ContainerPlacementPolicyFactory.java:getPolicy(56)) - Create container placement policy of type org.apache.hadoop.hdds.scm.container.placement.algorithms.SCMContainerPlacementRandom
2019-09-12 10:07:59,946 [main] WARN  server.ServerUtils (ServerUtils.java:getScmDbDir(145)) - ozone.scm.db.dirs is not configured. We recommend adding this setting. Falling back to ozone.metadata.dirs instead.
2019-09-12 10:07:59,988 [main] WARN  server.ServerUtils (ServerUtils.java:getScmDbDir(145)) - ozone.scm.db.dirs is not configured. We recommend adding this setting. Falling back to ozone.metadata.dirs instead.
2019-09-12 10:08:00,097 [main] WARN  events.EventQueue (EventQueue.java:fireEvent(175)) - No event handler registered for event TypedEvent{payloadType=SafeModeStatus, name='SafeModeStatus'}
2019-09-12 10:08:00,099 [main] INFO  ipc.CallQueueManager (CallQueueManager.java:<init>(84)) - Using callQueue: class java.util.concurrent.LinkedBlockingQueue, queueCapacity: 2000, scheduler: class org.apache.hadoop.ipc.DefaultRpcScheduler, ipcBackoff: false.
2019-09-12 10:08:00,100 [Socket Reader #1 for port 32983] INFO  ipc.Server (Server.java:run(1074)) - Starting Socket Reader #1 for port 32983
2019-09-12 10:08:00,103 [main] INFO  ipc.CallQueueManager (CallQueueManager.java:<init>(84)) - Using callQueue: class java.util.concurrent.LinkedBlockingQueue, queueCapacity: 2000, scheduler: class org.apache.hadoop.ipc.DefaultRpcScheduler, ipcBackoff: false.
2019-09-12 10:08:00,104 [Socket Reader #1 for port 46069] INFO  ipc.Server (Server.java:run(1074)) - Starting Socket Reader #1 for port 46069
2019-09-12 10:08:00,107 [main] INFO  ipc.CallQueueManager (CallQueueManager.java:<init>(84)) - Using callQueue: class java.util.concurrent.LinkedBlockingQueue, queueCapacity: 2000, scheduler: class org.apache.hadoop.ipc.DefaultRpcScheduler, ipcBackoff: false.
2019-09-12 10:08:00,108 [Socket Reader #1 for port 43022] INFO  ipc.Server (Server.java:run(1074)) - Starting Socket Reader #1 for port 43022
2019-09-12 10:08:00,110 [Datanode State Machine Thread - 0] INFO  ipc.Client (Client.java:handleConnectionFailure(948)) - Retrying connect to server: 0.0.0.0/0.0.0.0:32983. Already tried 0 time(s); retry policy is RetryUpToMaximumCountWithFixedSleep(maxRetries=10, sleepTime=1000 MILLISECONDS)
2019-09-12 10:08:00,111 [main] INFO  hdfs.DFSUtil (DFSUtil.java:httpServerTemplateForNNAndJN(1641)) - Starting Web-server for scm at: http://0.0.0.0:37266
2019-09-12 10:08:00,117 [main] INFO  server.AuthenticationFilter (AuthenticationFilter.java:constructSecretProvider(240)) - Unable to initialize FileSignerSecretProvider, falling back to use random secrets.
2019-09-12 10:08:00,118 [main] WARN  http.HttpRequestLog (HttpRequestLog.java:getRequestLog(97)) - Jetty request log can only be enabled using Log4j
2019-09-12 10:08:00,120 [main] INFO  http.HttpServer2 (HttpServer2.java:addGlobalFilter(975)) - Added global filter 'safety' (class=org.apache.hadoop.http.HttpServer2$QuotingInputFilter)
2019-09-12 10:08:00,121 [main] INFO  http.HttpServer2 (HttpServer2.java:addFilter(948)) - Added filter static_user_filter (class=org.apache.hadoop.http.lib.StaticUserWebFilter$StaticUserFilter) to context scm
2019-09-12 10:08:00,121 [main] INFO  http.HttpServer2 (HttpServer2.java:addFilter(958)) - Added filter static_user_filter (class=org.apache.hadoop.http.lib.StaticUserWebFilter$StaticUserFilter) to context logs
2019-09-12 10:08:00,122 [main] INFO  http.HttpServer2 (HttpServer2.java:addFilter(958)) - Added filter static_user_filter (class=org.apache.hadoop.http.lib.StaticUserWebFilter$StaticUserFilter) to context static
2019-09-12 10:08:00,125 [main] INFO  server.StorageContainerManager (StorageContainerManager.java:start(759)) - StorageContainerLocationProtocol RPC server is listening at /0.0.0.0:43022
2019-09-12 10:08:00,127 [main] WARN  impl.MetricsConfig (MetricsConfig.java:loadFirst(134)) - Cannot locate configuration: tried hadoop-metrics2-storagecontainermanager.properties,hadoop-metrics2.properties
2019-09-12 10:08:00,129 [main] INFO  impl.MetricsSystemImpl (MetricsSystemImpl.java:startTimer(374)) - Scheduled Metric snapshot period at 10 second(s).
2019-09-12 10:08:00,129 [main] INFO  impl.MetricsSystemImpl (MetricsSystemImpl.java:start(191)) - StorageContainerManager metrics system started
2019-09-12 10:08:00,227 [main] INFO  server.SCMClientProtocolServer (SCMClientProtocolServer.java:start(151)) - RPC server for Client  is listening at /0.0.0.0:43022
2019-09-12 10:08:00,228 [IPC Server Responder] INFO  ipc.Server (Server.java:run(1314)) - IPC Server Responder: starting
2019-09-12 10:08:00,228 [IPC Server listener on 43022] INFO  ipc.Server (Server.java:run(1153)) - IPC Server listener on 43022: starting
2019-09-12 10:08:00,234 [main] INFO  server.StorageContainerManager (StorageContainerManager.java:start(769)) - ScmBlockLocationProtocol RPC server is listening at /0.0.0.0:46069
2019-09-12 10:08:00,234 [main] INFO  server.SCMBlockProtocolServer (SCMBlockProtocolServer.java:start(140)) - RPC server for Block Protocol is listening at /0.0.0.0:46069
2019-09-12 10:08:00,234 [IPC Server Responder] INFO  ipc.Server (Server.java:run(1314)) - IPC Server Responder: starting
2019-09-12 10:08:00,235 [IPC Server listener on 46069] INFO  ipc.Server (Server.java:run(1153)) - IPC Server listener on 46069: starting
2019-09-12 10:08:00,238 [main] INFO  server.StorageContainerManager (StorageContainerManager.java:start(773)) - ScmDatanodeProtocl RPC server is listening at /0.0.0.0:32983
2019-09-12 10:08:00,239 [main] INFO  server.SCMDatanodeProtocolServer (SCMDatanodeProtocolServer.java:start(191)) - RPC server for DataNodes is listening at /0.0.0.0:32983
2019-09-12 10:08:00,239 [IPC Server Responder] INFO  ipc.Server (Server.java:run(1314)) - IPC Server Responder: starting
2019-09-12 10:08:00,239 [IPC Server listener on 32983] INFO  ipc.Server (Server.java:run(1153)) - IPC Server listener on 32983: starting
2019-09-12 10:08:00,244 [IPC Server handler 9 on 32983] INFO  server.SCMDatanodeHeartbeatDispatcher (SCMDatanodeHeartbeatDispatcher.java:dispatch(96)) - SCM received heartbeat from an unregistered datanode 44359963-929d-49aa-9c1d-830dd9984733{ip: 192.168.36.114, host: pr-hdds-1569-58hkm-1881083799, networkLocation: /default-rack, certSerialId: null}. Asking datanode to re-register.
2019-09-12 10:08:00,244 [IPC Server handler 2 on 32983] INFO  server.SCMDatanodeHeartbeatDispatcher (SCMDatanodeHeartbeatDispatcher.java:dispatch(96)) - SCM received heartbeat from an unregistered datanode 3e9857ac-fa98-4731-b68d-6854c6ac33e1{ip: 192.168.36.114, host: pr-hdds-1569-58hkm-1881083799, networkLocation: /default-rack, certSerialId: null}. Asking datanode to re-register.
2019-09-12 10:08:00,244 [IPC Server handler 11 on 32983] INFO  server.SCMDatanodeHeartbeatDispatcher (SCMDatanodeHeartbeatDispatcher.java:dispatch(96)) - SCM received heartbeat from an unregistered datanode edf5af1f-dc18-46e0-8c84-2b6d77687430{ip: 192.168.36.114, host: pr-hdds-1569-58hkm-1881083799, networkLocation: /default-rack, certSerialId: null}. Asking datanode to re-register.
2019-09-12 10:08:00,244 [IPC Server handler 14 on 32983] INFO  server.SCMDatanodeHeartbeatDispatcher (SCMDatanodeHeartbeatDispatcher.java:dispatch(96)) - SCM received heartbeat from an unregistered datanode 447f177c-7f71-4a4d-a27a-3030237688f4{ip: 192.168.36.114, host: pr-hdds-1569-58hkm-1881083799, networkLocation: /default-rack, certSerialId: null}. Asking datanode to re-register.
2019-09-12 10:08:00,245 [main] INFO  http.HttpServer2 (HttpServer2.java:bindListener(1191)) - Jetty bound to port 37266
2019-09-12 10:08:00,245 [main] INFO  server.Server (Server.java:doStart(351)) - jetty-9.3.24.v20180605, build timestamp: 2018-06-05T17:11:56Z, git hash: 84205aa28f11a4f31f2a3b86d1bba2cc8ab69827
2019-09-12 10:08:00,248 [main] INFO  handler.ContextHandler (ContextHandler.java:doStart(781)) - Started o.e.j.s.ServletContextHandler@53016b11{/logs,file:///workdir/hadoop-ozone/integration-test/target/log,AVAILABLE}
2019-09-12 10:08:00,248 [main] INFO  handler.ContextHandler (ContextHandler.java:doStart(781)) - Started o.e.j.s.ServletContextHandler@743d0d44{/static,file:///workdir/hadoop-ozone/integration-test/target/test-classes/webapps/static,AVAILABLE}
2019-09-12 10:08:00,255 [main] INFO  handler.ContextHandler (ContextHandler.java:doStart(781)) - Started o.e.j.w.WebAppContext@74697863{/,file:///workdir/hadoop-ozone/integration-test/target/test-classes/webapps/scm/,AVAILABLE}{/scm}
2019-09-12 10:08:00,257 [main] INFO  server.AbstractConnector (AbstractConnector.java:doStart(278)) - Started ServerConnector@7d7ceca8{HTTP/1.1,[http/1.1]}{0.0.0.0:37266}
2019-09-12 10:08:00,258 [main] INFO  server.Server (Server.java:doStart(419)) - Started @29682ms
2019-09-12 10:08:00,258 [main] INFO  server.BaseHttpServer (BaseHttpServer.java:updateConnectorAddress(213)) - HTTP server of SCM is listening at http://0.0.0.0:37266
2019-09-12 10:08:00,259 [main] INFO  ozone.MiniOzoneClusterImpl (MiniOzoneClusterImpl.java:lambda$waitForClusterToBeReady$0(142)) - Waiting for cluster to be ready. Got 0 of 4 DN Heartbeats.
2019-09-12 10:08:00,261 [org.apache.hadoop.util.JvmPauseMonitor$Monitor@26c7b1c6] INFO  util.JvmPauseMonitor (JvmPauseMonitor.java:run(188)) - Starting JVM pause monitor
2019-09-12 10:08:00,271 | INFO  | SCMAudit | user=jenkins1000 | ip=192.168.36.114 | op=SEND_HEARTBEAT {datanodeUUID=447f177c-7f71-4a4d-a27a-3030237688f4, command=[commandType: reregisterCommand reregisterCommandProto { } ]} | ret=SUCCESS |  
2019-09-12 10:08:00,271 | INFO  | SCMAudit | user=jenkins1000 | ip=192.168.36.114 | op=SEND_HEARTBEAT {datanodeUUID=44359963-929d-49aa-9c1d-830dd9984733, command=[commandType: reregisterCommand reregisterCommandProto { } ]} | ret=SUCCESS |  
2019-09-12 10:08:00,271 | INFO  | SCMAudit | user=jenkins1000 | ip=192.168.36.114 | op=SEND_HEARTBEAT {datanodeUUID=edf5af1f-dc18-46e0-8c84-2b6d77687430, command=[commandType: reregisterCommand reregisterCommandProto { } ]} | ret=SUCCESS |  
2019-09-12 10:08:00,271 | INFO  | SCMAudit | user=jenkins1000 | ip=192.168.36.114 | op=SEND_HEARTBEAT {datanodeUUID=3e9857ac-fa98-4731-b68d-6854c6ac33e1, command=[commandType: reregisterCommand reregisterCommandProto { } ]} | ret=SUCCESS |  
2019-09-12 10:08:00,279 [IPC Server handler 4 on 32983] INFO  server.SCMDatanodeHeartbeatDispatcher (SCMDatanodeHeartbeatDispatcher.java:dispatch(96)) - SCM received heartbeat from an unregistered datanode edf5af1f-dc18-46e0-8c84-2b6d77687430{ip: 192.168.36.114, host: pr-hdds-1569-58hkm-1881083799, networkLocation: /default-rack, certSerialId: null}. Asking datanode to re-register.
2019-09-12 10:08:00,279 [IPC Server handler 6 on 32983] INFO  server.SCMDatanodeHeartbeatDispatcher (SCMDatanodeHeartbeatDispatcher.java:dispatch(96)) - SCM received heartbeat from an unregistered datanode 44359963-929d-49aa-9c1d-830dd9984733{ip: 192.168.36.114, host: pr-hdds-1569-58hkm-1881083799, networkLocation: /default-rack, certSerialId: null}. Asking datanode to re-register.
2019-09-12 10:08:00,279 | INFO  | SCMAudit | user=jenkins1000 | ip=192.168.36.114 | op=SEND_HEARTBEAT {datanodeUUID=edf5af1f-dc18-46e0-8c84-2b6d77687430, command=[commandType: reregisterCommand reregisterCommandProto { } ]} | ret=SUCCESS |  
2019-09-12 10:08:00,279 | INFO  | SCMAudit | user=jenkins1000 | ip=192.168.36.114 | op=SEND_HEARTBEAT {datanodeUUID=44359963-929d-49aa-9c1d-830dd9984733, command=[commandType: reregisterCommand reregisterCommandProto { } ]} | ret=SUCCESS |  
2019-09-12 10:08:00,408 [IPC Server handler 5 on 32983] INFO  net.NetworkTopology (NetworkTopologyImpl.java:add(110)) - Added a new node: /default-rack/447f177c-7f71-4a4d-a27a-3030237688f4
2019-09-12 10:08:00,408 [IPC Server handler 5 on 32983] INFO  node.SCMNodeManager (SCMNodeManager.java:register(273)) - Registered Data node : 447f177c-7f71-4a4d-a27a-3030237688f4{ip: 192.168.36.114, host: pr-hdds-1569-58hkm-1881083799, networkLocation: /default-rack, certSerialId: null}
2019-09-12 10:08:00,411 [RatisPipelineUtilsThread] ERROR pipeline.PipelinePlacementPolicy (PipelinePlacementPolicy.java:meetCriteria(92)) - Pipeline Placement: Doesn't meet the criteria to be viable node. Heaviness: 6
2019-09-12 10:08:00,411 [EventQueue-NodeRegistrationContainerReportForDataNodeSafeModeRule] INFO  safemode.SCMSafeModeManager (DataNodeSafeModeRule.java:process(71)) - SCM in safe mode. 1 DataNodes registered, 1 required.
2019-09-12 10:08:00,412 | INFO  | SCMAudit | user=jenkins1000 | ip=192.168.36.114 | op=REGISTER {datanodeDetails=447f177c-7f71-4a4d-a27a-3030237688f4{ip: 192.168.36.114, host: pr-hdds-1569-58hkm-1881083799, networkLocation: /default-rack, certSerialId: null}} | ret=SUCCESS |  
2019-09-12 10:08:00,412 [RatisPipelineUtilsThread] ERROR pipeline.PipelinePlacementPolicy (PipelinePlacementPolicy.java:filterViableNodes(147)) - Unable to find enough nodes that meet the criteria that cannot engage in more than 5 pipelines. Nodes required: 1 Found: 0, healthy nodes count inNodeManager: 1.
2019-09-12 10:08:00,413 [EventQueue-NodeRegistrationContainerReportForDataNodeSafeModeRule] INFO  safemode.SCMSafeModeManager (SCMSafeModeManager.java:validateSafeModeExitRules(177)) - ScmSafeModeManager, all rules are successfully validated
2019-09-12 10:08:00,413 [EventQueue-NodeRegistrationContainerReportForDataNodeSafeModeRule] INFO  safemode.SCMSafeModeManager (SCMSafeModeManager.java:exitSafeMode(193)) - SCM exiting safe mode.
2019-09-12 10:08:00,413 [RatisPipelineUtilsThread] ERROR pipeline.SCMPipelineManager (SCMPipelineManager.java:createPipeline(161)) - Pipeline creation failed due to exception: Unable to find enough nodes that meet the criteria that cannot engage in more than 5 pipelines. Nodes required: 1 Found: 0, healthy nodes count inNodeManager: 1.
2019-09-12 10:08:00,414 [RatisPipelineUtilsThread] ERROR pipeline.PipelinePlacementPolicy (PipelinePlacementPolicy.java:filterViableNodes(130)) - Not enough healthy nodes to allocate pipeline. 3  datanodes required. Found 1
2019-09-12 10:08:00,414 [RatisPipelineUtilsThread] ERROR pipeline.SCMPipelineManager (SCMPipelineManager.java:createPipeline(161)) - Pipeline creation failed due to exception: Not enough healthy nodes to allocate pipeline. 3  datanodes required. Found 1
2019-09-12 10:08:00,414 [EventQueue-PipelineReportForPipelineReportHandler] INFO  pipeline.PipelineReportHandler (PipelineReportHandler.java:processPipelineReport(105)) - Pipeline PipelineID=e58316d2-ccdf-4cce-8dee-7516187ddc57 reported by 447f177c-7f71-4a4d-a27a-3030237688f4{ip: 192.168.36.114, host: pr-hdds-1569-58hkm-1881083799, networkLocation: /default-rack, certSerialId: null}
2019-09-12 10:08:00,414 [RatisPipelineUtilsThread] ERROR pipeline.PipelinePlacementPolicy (PipelinePlacementPolicy.java:meetCriteria(92)) - Pipeline Placement: Doesn't meet the criteria to be viable node. Heaviness: 6
2019-09-12 10:08:00,414 [RatisPipelineUtilsThread] ERROR pipeline.PipelinePlacementPolicy (PipelinePlacementPolicy.java:filterViableNodes(147)) - Unable to find enough nodes that meet the criteria that cannot engage in more than 5 pipelines. Nodes required: 1 Found: 0, healthy nodes count inNodeManager: 1.
2019-09-12 10:08:00,415 [RatisPipelineUtilsThread] ERROR pipeline.SCMPipelineManager (SCMPipelineManager.java:createPipeline(161)) - Pipeline creation failed due to exception: Unable to find enough nodes that meet the criteria that cannot engage in more than 5 pipelines. Nodes required: 1 Found: 0, healthy nodes count inNodeManager: 1.
2019-09-12 10:08:00,415 [RatisPipelineUtilsThread] ERROR pipeline.PipelinePlacementPolicy (PipelinePlacementPolicy.java:filterViableNodes(130)) - Not enough healthy nodes to allocate pipeline. 3  datanodes required. Found 1
2019-09-12 10:08:00,415 [RatisPipelineUtilsThread] ERROR pipeline.SCMPipelineManager (SCMPipelineManager.java:createPipeline(161)) - Pipeline creation failed due to exception: Not enough healthy nodes to allocate pipeline. 3  datanodes required. Found 1
2019-09-12 10:08:00,416 [EventQueue-PipelineReportForPipelineReportHandler] INFO  pipeline.PipelineStateManager (PipelineStateManager.java:openPipeline(136)) - Pipeline Pipeline[ Id: e58316d2-ccdf-4cce-8dee-7516187ddc57, Nodes: 447f177c-7f71-4a4d-a27a-3030237688f4{ip: 192.168.36.114, host: pr-hdds-1569-58hkm-1881083799, networkLocation: /default-rack, certSerialId: null}, Type:RATIS, Factor:ONE, State:OPEN] moved to OPEN state
2019-09-12 10:08:00,417 [EventQueue-PipelineReportForPipelineReportHandler] INFO  pipeline.PipelineReportHandler (PipelineReportHandler.java:processPipelineReport(105)) - Pipeline PipelineID=9069c9ba-3e18-435b-b5c6-9f3130478938 reported by 447f177c-7f71-4a4d-a27a-3030237688f4{ip: 192.168.36.114, host: pr-hdds-1569-58hkm-1881083799, networkLocation: /default-rack, certSerialId: null}
2019-09-12 10:08:00,417 [EventQueue-PipelineReportForPipelineReportHandler] INFO  pipeline.PipelineStateManager (PipelineStateManager.java:openPipeline(136)) - Pipeline Pipeline[ Id: 9069c9ba-3e18-435b-b5c6-9f3130478938, Nodes: 447f177c-7f71-4a4d-a27a-3030237688f4{ip: 192.168.36.114, host: pr-hdds-1569-58hkm-1881083799, networkLocation: /default-rack, certSerialId: null}, Type:RATIS, Factor:ONE, State:OPEN] moved to OPEN state
2019-09-12 10:08:00,417 [EventQueue-PipelineReportForPipelineReportHandler] INFO  pipeline.PipelineReportHandler (PipelineReportHandler.java:processPipelineReport(105)) - Pipeline PipelineID=0169d373-9203-447d-b751-8378d5953280 reported by 447f177c-7f71-4a4d-a27a-3030237688f4{ip: 192.168.36.114, host: pr-hdds-1569-58hkm-1881083799, networkLocation: /default-rack, certSerialId: null}
2019-09-12 10:08:00,417 [EventQueue-PipelineReportForPipelineReportHandler] INFO  pipeline.PipelineStateManager (PipelineStateManager.java:openPipeline(136)) - Pipeline Pipeline[ Id: 0169d373-9203-447d-b751-8378d5953280, Nodes: 447f177c-7f71-4a4d-a27a-3030237688f4{ip: 192.168.36.114, host: pr-hdds-1569-58hkm-1881083799, networkLocation: /default-rack, certSerialId: null}, Type:RATIS, Factor:ONE, State:OPEN] moved to OPEN state
2019-09-12 10:08:00,417 [EventQueue-PipelineReportForPipelineReportHandler] INFO  pipeline.PipelineReportHandler (PipelineReportHandler.java:processPipelineReport(105)) - Pipeline PipelineID=8f2606de-f96c-4699-9145-00a720130435 reported by 447f177c-7f71-4a4d-a27a-3030237688f4{ip: 192.168.36.114, host: pr-hdds-1569-58hkm-1881083799, networkLocation: /default-rack, certSerialId: null}
2019-09-12 10:08:00,418 [EventQueue-PipelineReportForPipelineReportHandler] INFO  pipeline.PipelineStateManager (PipelineStateManager.java:openPipeline(136)) - Pipeline Pipeline[ Id: 8f2606de-f96c-4699-9145-00a720130435, Nodes: 447f177c-7f71-4a4d-a27a-3030237688f4{ip: 192.168.36.114, host: pr-hdds-1569-58hkm-1881083799, networkLocation: /default-rack, certSerialId: null}, Type:RATIS, Factor:ONE, State:OPEN] moved to OPEN state
2019-09-12 10:08:00,418 [EventQueue-PipelineReportForPipelineReportHandler] INFO  pipeline.PipelineReportHandler (PipelineReportHandler.java:processPipelineReport(105)) - Pipeline PipelineID=533c104f-4de3-4cbd-9be5-8d436ff404a4 reported by 447f177c-7f71-4a4d-a27a-3030237688f4{ip: 192.168.36.114, host: pr-hdds-1569-58hkm-1881083799, networkLocation: /default-rack, certSerialId: null}
2019-09-12 10:08:00,418 [EventQueue-PipelineReportForPipelineReportHandler] INFO  pipeline.PipelineStateManager (PipelineStateManager.java:openPipeline(136)) - Pipeline Pipeline[ Id: 533c104f-4de3-4cbd-9be5-8d436ff404a4, Nodes: 447f177c-7f71-4a4d-a27a-3030237688f4{ip: 192.168.36.114, host: pr-hdds-1569-58hkm-1881083799, networkLocation: /default-rack, certSerialId: null}, Type:RATIS, Factor:ONE, State:OPEN] moved to OPEN state
2019-09-12 10:08:00,418 [EventQueue-PipelineReportForPipelineReportHandler] INFO  pipeline.PipelineReportHandler (PipelineReportHandler.java:processPipelineReport(105)) - Pipeline PipelineID=c79ea884-a767-4729-a41c-e0a1239c27e9 reported by 447f177c-7f71-4a4d-a27a-3030237688f4{ip: 192.168.36.114, host: pr-hdds-1569-58hkm-1881083799, networkLocation: /default-rack, certSerialId: null}
2019-09-12 10:08:00,418 [EventQueue-PipelineReportForPipelineReportHandler] INFO  pipeline.PipelineStateManager (PipelineStateManager.java:openPipeline(136)) - Pipeline Pipeline[ Id: c79ea884-a767-4729-a41c-e0a1239c27e9, Nodes: 447f177c-7f71-4a4d-a27a-3030237688f4{ip: 192.168.36.114, host: pr-hdds-1569-58hkm-1881083799, networkLocation: /default-rack, certSerialId: null}, Type:RATIS, Factor:ONE, State:OPEN] moved to OPEN state
2019-09-12 10:08:01,000 [IPC Server handler 8 on 32983] INFO  net.NetworkTopology (NetworkTopologyImpl.java:add(110)) - Added a new node: /default-rack/3e9857ac-fa98-4731-b68d-6854c6ac33e1
2019-09-12 10:08:01,001 [RatisPipelineUtilsThread] ERROR pipeline.PipelinePlacementPolicy (PipelinePlacementPolicy.java:meetCriteria(92)) - Pipeline Placement: Doesn't meet the criteria to be viable node. Heaviness: 6
2019-09-12 10:08:01,001 [IPC Server handler 8 on 32983] INFO  node.SCMNodeManager (SCMNodeManager.java:register(273)) - Registered Data node : 3e9857ac-fa98-4731-b68d-6854c6ac33e1{ip: 192.168.36.114, host: pr-hdds-1569-58hkm-1881083799, networkLocation: /default-rack, certSerialId: null}
2019-09-12 10:08:01,001 [RatisPipelineUtilsThread] ERROR pipeline.PipelinePlacementPolicy (PipelinePlacementPolicy.java:meetCriteria(92)) - Pipeline Placement: Doesn't meet the criteria to be viable node. Heaviness: 6
2019-09-12 10:08:01,001 | INFO  | SCMAudit | user=jenkins1000 | ip=192.168.36.114 | op=REGISTER {datanodeDetails=3e9857ac-fa98-4731-b68d-6854c6ac33e1{ip: 192.168.36.114, host: pr-hdds-1569-58hkm-1881083799, networkLocation: /default-rack, certSerialId: null}} | ret=SUCCESS |  
2019-09-12 10:08:01,001 [RatisPipelineUtilsThread] ERROR pipeline.PipelinePlacementPolicy (PipelinePlacementPolicy.java:filterViableNodes(147)) - Unable to find enough nodes that meet the criteria that cannot engage in more than 5 pipelines. Nodes required: 1 Found: 0, healthy nodes count inNodeManager: 2.
2019-09-12 10:08:01,002 [RatisPipelineUtilsThread] ERROR pipeline.SCMPipelineManager (SCMPipelineManager.java:createPipeline(161)) - Pipeline creation failed due to exception: Unable to find enough nodes that meet the criteria that cannot engage in more than 5 pipelines. Nodes required: 1 Found: 0, healthy nodes count inNodeManager: 2.
2019-09-12 10:08:01,002 [RatisPipelineUtilsThread] ERROR pipeline.PipelinePlacementPolicy (PipelinePlacementPolicy.java:filterViableNodes(130)) - Not enough healthy nodes to allocate pipeline. 3  datanodes required. Found 2
2019-09-12 10:08:01,002 [RatisPipelineUtilsThread] ERROR pipeline.SCMPipelineManager (SCMPipelineManager.java:createPipeline(161)) - Pipeline creation failed due to exception: Not enough healthy nodes to allocate pipeline. 3  datanodes required. Found 2
2019-09-12 10:08:01,002 [EventQueue-PipelineReportForPipelineReportHandler] INFO  pipeline.PipelineReportHandler (PipelineReportHandler.java:processPipelineReport(105)) - Pipeline PipelineID=349bd555-7e00-4029-a410-e857ddf0bcb3 reported by 3e9857ac-fa98-4731-b68d-6854c6ac33e1{ip: 192.168.36.114, host: pr-hdds-1569-58hkm-1881083799, networkLocation: /default-rack, certSerialId: null}
2019-09-12 10:08:01,003 [EventQueue-PipelineReportForPipelineReportHandler] INFO  pipeline.PipelineReportHandler (PipelineReportHandler.java:processPipelineReport(105)) - Pipeline PipelineID=b80e6fa0-4291-4666-80b6-addc4d32b842 reported by 3e9857ac-fa98-4731-b68d-6854c6ac33e1{ip: 192.168.36.114, host: pr-hdds-1569-58hkm-1881083799, networkLocation: /default-rack, certSerialId: null}
2019-09-12 10:08:01,003 [EventQueue-PipelineReportForPipelineReportHandler] INFO  pipeline.PipelineStateManager (PipelineStateManager.java:openPipeline(136)) - Pipeline Pipeline[ Id: b80e6fa0-4291-4666-80b6-addc4d32b842, Nodes: 3e9857ac-fa98-4731-b68d-6854c6ac33e1{ip: 192.168.36.114, host: pr-hdds-1569-58hkm-1881083799, networkLocation: /default-rack, certSerialId: null}, Type:RATIS, Factor:ONE, State:OPEN] moved to OPEN state
2019-09-12 10:08:01,003 [EventQueue-PipelineReportForPipelineReportHandler] INFO  pipeline.PipelineReportHandler (PipelineReportHandler.java:processPipelineReport(105)) - Pipeline PipelineID=e3283f32-70ff-4d4e-9bb5-f8e3fef4ff0c reported by 3e9857ac-fa98-4731-b68d-6854c6ac33e1{ip: 192.168.36.114, host: pr-hdds-1569-58hkm-1881083799, networkLocation: /default-rack, certSerialId: null}
2019-09-12 10:08:01,003 [EventQueue-PipelineReportForPipelineReportHandler] INFO  pipeline.PipelineStateManager (PipelineStateManager.java:openPipeline(136)) - Pipeline Pipeline[ Id: e3283f32-70ff-4d4e-9bb5-f8e3fef4ff0c, Nodes: 3e9857ac-fa98-4731-b68d-6854c6ac33e1{ip: 192.168.36.114, host: pr-hdds-1569-58hkm-1881083799, networkLocation: /default-rack, certSerialId: null}, Type:RATIS, Factor:ONE, State:OPEN] moved to OPEN state
2019-09-12 10:08:01,003 [EventQueue-PipelineReportForPipelineReportHandler] INFO  pipeline.PipelineReportHandler (PipelineReportHandler.java:processPipelineReport(105)) - Pipeline PipelineID=98182e61-98f4-484f-9461-6a90156f8027 reported by 3e9857ac-fa98-4731-b68d-6854c6ac33e1{ip: 192.168.36.114, host: pr-hdds-1569-58hkm-1881083799, networkLocation: /default-rack, certSerialId: null}
2019-09-12 10:08:01,004 [EventQueue-PipelineReportForPipelineReportHandler] INFO  pipeline.PipelineStateManager (PipelineStateManager.java:openPipeline(136)) - Pipeline Pipeline[ Id: 98182e61-98f4-484f-9461-6a90156f8027, Nodes: 3e9857ac-fa98-4731-b68d-6854c6ac33e1{ip: 192.168.36.114, host: pr-hdds-1569-58hkm-1881083799, networkLocation: /default-rack, certSerialId: null}, Type:RATIS, Factor:ONE, State:OPEN] moved to OPEN state
2019-09-12 10:08:01,004 [EventQueue-PipelineReportForPipelineReportHandler] INFO  pipeline.PipelineReportHandler (PipelineReportHandler.java:processPipelineReport(105)) - Pipeline PipelineID=dd4d6278-00b7-4c89-a2c1-545baf4c2b51 reported by 3e9857ac-fa98-4731-b68d-6854c6ac33e1{ip: 192.168.36.114, host: pr-hdds-1569-58hkm-1881083799, networkLocation: /default-rack, certSerialId: null}
2019-09-12 10:08:01,004 [EventQueue-PipelineReportForPipelineReportHandler] INFO  pipeline.PipelineStateManager (PipelineStateManager.java:openPipeline(136)) - Pipeline Pipeline[ Id: dd4d6278-00b7-4c89-a2c1-545baf4c2b51, Nodes: 3e9857ac-fa98-4731-b68d-6854c6ac33e1{ip: 192.168.36.114, host: pr-hdds-1569-58hkm-1881083799, networkLocation: /default-rack, certSerialId: null}, Type:RATIS, Factor:ONE, State:OPEN] moved to OPEN state
2019-09-12 10:08:01,022 [grpc-default-executor-2] INFO  impl.RaftServerProxy (RaftServerProxy.java:remove(95)) - 3e9857ac-fa98-4731-b68d-6854c6ac33e1: remove FOLLOWER group-ACDB4064EDCC 3e9857ac-fa98-4731-b68d-6854c6ac33e1:t0, leader=null, voted=null, raftlog=3e9857ac-fa98-4731-b68d-6854c6ac33e1-SegmentedRaftLog:OPENED:c-1,f-1,i0, conf=-1: [edf5af1f-dc18-46e0-8c84-2b6d77687430:192.168.36.114:41081, 44359963-929d-49aa-9c1d-830dd9984733:192.168.36.114:43739, 3e9857ac-fa98-4731-b68d-6854c6ac33e1:192.168.36.114:37352], old=null RUNNING
2019-09-12 10:08:01,026 [grpc-default-executor-2] INFO  impl.RaftServerImpl (RaftServerImpl.java:lambda$shutdown$3(245)) - 3e9857ac-fa98-4731-b68d-6854c6ac33e1: shutdown group-ACDB4064EDCC
2019-09-12 10:08:01,026 [grpc-default-executor-2] INFO  util.JmxRegister (JmxRegister.java:unregister(73)) - Successfully un-registered JMX Bean with object name Ratis:service=RaftServer,group=group-ACDB4064EDCC,id=3e9857ac-fa98-4731-b68d-6854c6ac33e1
2019-09-12 10:08:01,026 [grpc-default-executor-2] INFO  impl.RoleInfo (RoleInfo.java:shutdownFollowerState(121)) - 3e9857ac-fa98-4731-b68d-6854c6ac33e1: shutdown FollowerState
2019-09-12 10:08:01,026 [grpc-default-executor-2] INFO  impl.StateMachineUpdater (StateMachineUpdater.java:stopAndJoin(115)) - StateMachineUpdater:3e9857ac-fa98-4731-b68d-6854c6ac33e1:group-ACDB4064EDCC: set stopIndex = -1
2019-09-12 10:08:01,026 [Thread-255] INFO  impl.FollowerState (FollowerState.java:run(114)) - 3e9857ac-fa98-4731-b68d-6854c6ac33e1: FollowerState was interrupted: java.lang.InterruptedException: sleep interrupted
2019-09-12 10:08:01,028 [grpc-default-executor-2] INFO  impl.RaftServerImpl (ServerState.java:close(394)) - 3e9857ac-fa98-4731-b68d-6854c6ac33e1:group-ACDB4064EDCC closes. The last applied log index is -1
2019-09-12 10:08:01,032 [3e9857ac-fa98-4731-b68d-6854c6ac33e1-SegmentedRaftLogWorker:Storage Directory /workdir/hadoop-ozone/integration-test/target/test-dir/MiniOzoneClusterImpl-d63a1c8a-c167-4d1c-9f21-7a8d4f3a0684/datanode-2/data/ratis/0c93da04-e288-42ce-b79f-acdb4064edcc] INFO  segmented.SegmentedRaftLogWorker (SegmentedRaftLogWorker.java:run(313)) - 3e9857ac-fa98-4731-b68d-6854c6ac33e1-SegmentedRaftLogWorker:Storage Directory /workdir/hadoop-ozone/integration-test/target/test-dir/MiniOzoneClusterImpl-d63a1c8a-c167-4d1c-9f21-7a8d4f3a0684/datanode-2/data/ratis/0c93da04-e288-42ce-b79f-acdb4064edcc was interrupted, exiting. There are 0 tasks remaining in the queue.
2019-09-12 10:08:01,032 [grpc-default-executor-2] INFO  segmented.SegmentedRaftLogWorker (SegmentedRaftLogWorker.java:close(228)) - 3e9857ac-fa98-4731-b68d-6854c6ac33e1-SegmentedRaftLogWorker:Storage Directory /workdir/hadoop-ozone/integration-test/target/test-dir/MiniOzoneClusterImpl-d63a1c8a-c167-4d1c-9f21-7a8d4f3a0684/datanode-2/data/ratis/0c93da04-e288-42ce-b79f-acdb4064edcc close()
2019-09-12 10:08:01,108 [IPC Server handler 7 on 32983] INFO  net.NetworkTopology (NetworkTopologyImpl.java:add(110)) - Added a new node: /default-rack/44359963-929d-49aa-9c1d-830dd9984733
2019-09-12 10:08:01,108 [RatisPipelineUtilsThread] ERROR pipeline.PipelinePlacementPolicy (PipelinePlacementPolicy.java:meetCriteria(92)) - Pipeline Placement: Doesn't meet the criteria to be viable node. Heaviness: 6
2019-09-12 10:08:01,109 [IPC Server handler 7 on 32983] INFO  node.SCMNodeManager (SCMNodeManager.java:register(273)) - Registered Data node : 44359963-929d-49aa-9c1d-830dd9984733{ip: 192.168.36.114, host: pr-hdds-1569-58hkm-1881083799, networkLocation: /default-rack, certSerialId: null}
2019-09-12 10:08:01,109 [RatisPipelineUtilsThread] ERROR pipeline.PipelinePlacementPolicy (PipelinePlacementPolicy.java:meetCriteria(92)) - Pipeline Placement: Doesn't meet the criteria to be viable node. Heaviness: 6
2019-09-12 10:08:01,109 | INFO  | SCMAudit | user=jenkins1000 | ip=192.168.36.114 | op=REGISTER {datanodeDetails=44359963-929d-49aa-9c1d-830dd9984733{ip: 192.168.36.114, host: pr-hdds-1569-58hkm-1881083799, networkLocation: /default-rack, certSerialId: null}} | ret=SUCCESS |  
2019-09-12 10:08:01,110 [RatisPipelineUtilsThread] ERROR pipeline.PipelinePlacementPolicy (PipelinePlacementPolicy.java:meetCriteria(92)) - Pipeline Placement: Doesn't meet the criteria to be viable node. Heaviness: 6
2019-09-12 10:08:01,110 [RatisPipelineUtilsThread] ERROR pipeline.PipelinePlacementPolicy (PipelinePlacementPolicy.java:filterViableNodes(147)) - Unable to find enough nodes that meet the criteria that cannot engage in more than 5 pipelines. Nodes required: 1 Found: 0, healthy nodes count inNodeManager: 3.
2019-09-12 10:08:01,110 [RatisPipelineUtilsThread] ERROR pipeline.SCMPipelineManager (SCMPipelineManager.java:createPipeline(161)) - Pipeline creation failed due to exception: Unable to find enough nodes that meet the criteria that cannot engage in more than 5 pipelines. Nodes required: 1 Found: 0, healthy nodes count inNodeManager: 3.
2019-09-12 10:08:01,110 [RatisPipelineUtilsThread] ERROR pipeline.PipelinePlacementPolicy (PipelinePlacementPolicy.java:meetCriteria(92)) - Pipeline Placement: Doesn't meet the criteria to be viable node. Heaviness: 6
2019-09-12 10:08:01,111 [RatisPipelineUtilsThread] ERROR pipeline.PipelinePlacementPolicy (PipelinePlacementPolicy.java:meetCriteria(92)) - Pipeline Placement: Doesn't meet the criteria to be viable node. Heaviness: 6
2019-09-12 10:08:01,111 [RatisPipelineUtilsThread] ERROR pipeline.PipelinePlacementPolicy (PipelinePlacementPolicy.java:meetCriteria(92)) - Pipeline Placement: Doesn't meet the criteria to be viable node. Heaviness: 6
2019-09-12 10:08:01,112 [RatisPipelineUtilsThread] ERROR pipeline.PipelinePlacementPolicy (PipelinePlacementPolicy.java:filterViableNodes(147)) - Unable to find enough nodes that meet the criteria that cannot engage in more than 5 pipelines. Nodes required: 3 Found: 0, healthy nodes count inNodeManager: 3.
2019-09-12 10:08:01,112 [RatisPipelineUtilsThread] ERROR pipeline.SCMPipelineManager (SCMPipelineManager.java:createPipeline(161)) - Pipeline creation failed due to exception: Unable to find enough nodes that meet the criteria that cannot engage in more than 5 pipelines. Nodes required: 3 Found: 0, healthy nodes count inNodeManager: 3.
2019-09-12 10:08:01,154 [IPC Server handler 10 on 32983] INFO  net.NetworkTopology (NetworkTopologyImpl.java:add(110)) - Added a new node: /default-rack/edf5af1f-dc18-46e0-8c84-2b6d77687430
2019-09-12 10:08:01,154 [IPC Server handler 10 on 32983] INFO  node.SCMNodeManager (SCMNodeManager.java:register(273)) - Registered Data node : edf5af1f-dc18-46e0-8c84-2b6d77687430{ip: 192.168.36.114, host: pr-hdds-1569-58hkm-1881083799, networkLocation: /default-rack, certSerialId: null}
2019-09-12 10:08:01,154 [RatisPipelineUtilsThread] ERROR pipeline.PipelinePlacementPolicy (PipelinePlacementPolicy.java:meetCriteria(92)) - Pipeline Placement: Doesn't meet the criteria to be viable node. Heaviness: 6
2019-09-12 10:08:01,154 | INFO  | SCMAudit | user=jenkins1000 | ip=192.168.36.114 | op=REGISTER {datanodeDetails=edf5af1f-dc18-46e0-8c84-2b6d77687430{ip: 192.168.36.114, host: pr-hdds-1569-58hkm-1881083799, networkLocation: /default-rack, certSerialId: null}} | ret=SUCCESS |  
2019-09-12 10:08:01,154 [RatisPipelineUtilsThread] ERROR pipeline.PipelinePlacementPolicy (PipelinePlacementPolicy.java:meetCriteria(92)) - Pipeline Placement: Doesn't meet the criteria to be viable node. Heaviness: 6
2019-09-12 10:08:01,154 [RatisPipelineUtilsThread] ERROR pipeline.PipelinePlacementPolicy (PipelinePlacementPolicy.java:meetCriteria(92)) - Pipeline Placement: Doesn't meet the criteria to be viable node. Heaviness: 6
2019-09-12 10:08:01,154 [RatisPipelineUtilsThread] ERROR pipeline.PipelinePlacementPolicy (PipelinePlacementPolicy.java:meetCriteria(92)) - Pipeline Placement: Doesn't meet the criteria to be viable node. Heaviness: 6
2019-09-12 10:08:01,155 [RatisPipelineUtilsThread] ERROR pipeline.PipelinePlacementPolicy (PipelinePlacementPolicy.java:filterViableNodes(147)) - Unable to find enough nodes that meet the criteria that cannot engage in more than 5 pipelines. Nodes required: 1 Found: 0, healthy nodes count inNodeManager: 4.
2019-09-12 10:08:01,155 [RatisPipelineUtilsThread] ERROR pipeline.SCMPipelineManager (SCMPipelineManager.java:createPipeline(161)) - Pipeline creation failed due to exception: Unable to find enough nodes that meet the criteria that cannot engage in more than 5 pipelines. Nodes required: 1 Found: 0, healthy nodes count inNodeManager: 4.
2019-09-12 10:08:01,155 [RatisPipelineUtilsThread] ERROR pipeline.PipelinePlacementPolicy (PipelinePlacementPolicy.java:meetCriteria(92)) - Pipeline Placement: Doesn't meet the criteria to be viable node. Heaviness: 6
2019-09-12 10:08:01,155 [RatisPipelineUtilsThread] ERROR pipeline.PipelinePlacementPolicy (PipelinePlacementPolicy.java:meetCriteria(92)) - Pipeline Placement: Doesn't meet the criteria to be viable node. Heaviness: 6
2019-09-12 10:08:01,155 [RatisPipelineUtilsThread] ERROR pipeline.PipelinePlacementPolicy (PipelinePlacementPolicy.java:meetCriteria(92)) - Pipeline Placement: Doesn't meet the criteria to be viable node. Heaviness: 6
2019-09-12 10:08:01,156 [RatisPipelineUtilsThread] ERROR pipeline.PipelinePlacementPolicy (PipelinePlacementPolicy.java:meetCriteria(92)) - Pipeline Placement: Doesn't meet the criteria to be viable node. Heaviness: 6
2019-09-12 10:08:01,156 [RatisPipelineUtilsThread] ERROR pipeline.PipelinePlacementPolicy (PipelinePlacementPolicy.java:filterViableNodes(147)) - Unable to find enough nodes that meet the criteria that cannot engage in more than 5 pipelines. Nodes required: 3 Found: 0, healthy nodes count inNodeManager: 4.
2019-09-12 10:08:01,156 [RatisPipelineUtilsThread] ERROR pipeline.SCMPipelineManager (SCMPipelineManager.java:createPipeline(161)) - Pipeline creation failed due to exception: Unable to find enough nodes that meet the criteria that cannot engage in more than 5 pipelines. Nodes required: 3 Found: 0, healthy nodes count inNodeManager: 4.
2019-09-12 10:08:01,261 [main] INFO  ozone.MiniOzoneClusterImpl (MiniOzoneClusterImpl.java:lambda$waitForClusterToBeReady$0(142)) - Cluster is ready. Got 4 of 4 DN Heartbeats.
2019-09-12 10:08:01,266 [main] ERROR pipeline.PipelinePlacementPolicy (PipelinePlacementPolicy.java:meetCriteria(92)) - Pipeline Placement: Doesn't meet the criteria to be viable node. Heaviness: 6
2019-09-12 10:08:01,267 [main] ERROR pipeline.PipelinePlacementPolicy (PipelinePlacementPolicy.java:meetCriteria(92)) - Pipeline Placement: Doesn't meet the criteria to be viable node. Heaviness: 6
2019-09-12 10:08:01,267 [main] ERROR pipeline.PipelinePlacementPolicy (PipelinePlacementPolicy.java:meetCriteria(92)) - Pipeline Placement: Doesn't meet the criteria to be viable node. Heaviness: 6
2019-09-12 10:08:01,267 [main] ERROR pipeline.PipelinePlacementPolicy (PipelinePlacementPolicy.java:meetCriteria(92)) - Pipeline Placement: Doesn't meet the criteria to be viable node. Heaviness: 6
2019-09-12 10:08:01,268 [main] ERROR pipeline.PipelinePlacementPolicy (PipelinePlacementPolicy.java:filterViableNodes(147)) - Unable to find enough nodes that meet the criteria that cannot engage in more than 5 pipelines. Nodes required: 3 Found: 0, healthy nodes count inNodeManager: 4.
2019-09-12 10:08:01,268 [main] ERROR pipeline.SCMPipelineManager (SCMPipelineManager.java:createPipeline(161)) - Pipeline creation failed due to exception: Unable to find enough nodes that meet the criteria that cannot engage in more than 5 pipelines. Nodes required: 3 Found: 0, healthy nodes count inNodeManager: 4.
2019-09-12 10:08:01,273 [EventQueue-PipelineReportForPipelineReportHandler] INFO  pipeline.PipelineReportHandler (PipelineReportHandler.java:processPipelineReport(105)) - Pipeline PipelineID=cc1ec2b4-aca9-458b-95a3-dcc5ab6ddd2c reported by 3e9857ac-fa98-4731-b68d-6854c6ac33e1{ip: 192.168.36.114, host: pr-hdds-1569-58hkm-1881083799, networkLocation: /default-rack, certSerialId: null}
2019-09-12 10:08:01,273 [EventQueue-PipelineReportForPipelineReportHandler] INFO  pipeline.PipelineStateManager (PipelineStateManager.java:openPipeline(136)) - Pipeline Pipeline[ Id: cc1ec2b4-aca9-458b-95a3-dcc5ab6ddd2c, Nodes: 3e9857ac-fa98-4731-b68d-6854c6ac33e1{ip: 192.168.36.114, host: pr-hdds-1569-58hkm-1881083799, networkLocation: /default-rack, certSerialId: null}, Type:RATIS, Factor:ONE, State:OPEN] moved to OPEN state
2019-09-12 10:08:01,274 [EventQueue-PipelineReportForPipelineReportHandler] INFO  pipeline.PipelineReportHandler (PipelineReportHandler.java:processPipelineReport(105)) - Pipeline PipelineID=85a2e16b-b637-42b8-b016-e44d531c8d33 reported by 44359963-929d-49aa-9c1d-830dd9984733{ip: 192.168.36.114, host: pr-hdds-1569-58hkm-1881083799, networkLocation: /default-rack, certSerialId: null}
2019-09-12 10:08:01,274 [EventQueue-PipelineReportForPipelineReportHandler] INFO  pipeline.PipelineStateManager (PipelineStateManager.java:openPipeline(136)) - Pipeline Pipeline[ Id: 85a2e16b-b637-42b8-b016-e44d531c8d33, Nodes: 44359963-929d-49aa-9c1d-830dd9984733{ip: 192.168.36.114, host: pr-hdds-1569-58hkm-1881083799, networkLocation: /default-rack, certSerialId: null}, Type:RATIS, Factor:ONE, State:OPEN] moved to OPEN state
2019-09-12 10:08:01,274 [EventQueue-PipelineReportForPipelineReportHandler] INFO  pipeline.PipelineReportHandler (PipelineReportHandler.java:processPipelineReport(105)) - Pipeline PipelineID=349bd555-7e00-4029-a410-e857ddf0bcb3 reported by 44359963-929d-49aa-9c1d-830dd9984733{ip: 192.168.36.114, host: pr-hdds-1569-58hkm-1881083799, networkLocation: /default-rack, certSerialId: null}
2019-09-12 10:08:01,274 [EventQueue-PipelineReportForPipelineReportHandler] INFO  pipeline.PipelineReportHandler (PipelineReportHandler.java:processPipelineReport(105)) - Pipeline PipelineID=e60a8c38-2be5-4b4d-8133-1aa6ca5504dc reported by 44359963-929d-49aa-9c1d-830dd9984733{ip: 192.168.36.114, host: pr-hdds-1569-58hkm-1881083799, networkLocation: /default-rack, certSerialId: null}
2019-09-12 10:08:01,274 [EventQueue-PipelineReportForPipelineReportHandler] INFO  pipeline.PipelineStateManager (PipelineStateManager.java:openPipeline(136)) - Pipeline Pipeline[ Id: e60a8c38-2be5-4b4d-8133-1aa6ca5504dc, Nodes: 44359963-929d-49aa-9c1d-830dd9984733{ip: 192.168.36.114, host: pr-hdds-1569-58hkm-1881083799, networkLocation: /default-rack, certSerialId: null}, Type:RATIS, Factor:ONE, State:OPEN] moved to OPEN state
2019-09-12 10:08:01,285 [grpc-default-executor-2] INFO  impl.RaftServerProxy (RaftServerProxy.java:remove(95)) - 44359963-929d-49aa-9c1d-830dd9984733: remove FOLLOWER group-ACDB4064EDCC 44359963-929d-49aa-9c1d-830dd9984733:t0, leader=null, voted=null, raftlog=44359963-929d-49aa-9c1d-830dd9984733-SegmentedRaftLog:OPENED:c-1,f-1,i0, conf=-1: [edf5af1f-dc18-46e0-8c84-2b6d77687430:192.168.36.114:41081, 44359963-929d-49aa-9c1d-830dd9984733:192.168.36.114:43739, 3e9857ac-fa98-4731-b68d-6854c6ac33e1:192.168.36.114:37352], old=null RUNNING
]]></system-out>
    <system-err><![CDATA[Sep 12, 2019 10:07:38 AM com.sun.jersey.server.impl.application.WebApplicationImpl _initiate
INFO: Initiating Jersey application, version 'Jersey: 1.19 02/11/2015 03:25 AM'
Sep 12, 2019 10:07:39 AM com.sun.jersey.server.impl.application.WebApplicationImpl _initiate
INFO: Initiating Jersey application, version 'Jersey: 1.19 02/11/2015 03:25 AM'
Sep 12, 2019 10:07:39 AM com.sun.jersey.server.impl.application.WebApplicationImpl _initiate
INFO: Initiating Jersey application, version 'Jersey: 1.19 02/11/2015 03:25 AM'
Sep 12, 2019 10:07:39 AM com.sun.jersey.server.impl.application.WebApplicationImpl _initiate
INFO: Initiating Jersey application, version 'Jersey: 1.19 02/11/2015 03:25 AM'
]]></system-err>
  </testcase>
</testsuite>