<?xml version="1.0" encoding="UTF-8"?>
<testsuite xmlns:xsi="http://www.w3.org/2001/XMLSchema-instance" xsi:noNamespaceSchemaLocation="https://maven.apache.org/surefire/maven-surefire-plugin/xsd/surefire-test-report.xsd" name="org.apache.hadoop.hdds.scm.pipeline.TestNode2PipelineMap" time="31.799" tests="1" errors="1" skipped="0" failures="0">
  <properties>
    <property name="awt.toolkit" value="sun.awt.X11.XToolkit"/>
    <property name="file.encoding.pkg" value="sun.io"/>
    <property name="java.specification.version" value="1.8"/>
    <property name="sun.cpu.isalist" value=""/>
    <property name="sun.jnu.encoding" value="UTF-8"/>
    <property name="java.class.path" value="/workdir/hadoop-ozone/integration-test/target/test-classes:/workdir/hadoop-ozone/integration-test/target/classes:/home/user/.m2/repository/org/apache/hadoop/hadoop-ozone-common/0.5.0-SNAPSHOT/hadoop-ozone-common-0.5.0-SNAPSHOT.jar:/home/user/.m2/repository/org/apache/commons/commons-compress/1.4.1/commons-compress-1.4.1.jar:/home/user/.m2/repository/org/tukaani/xz/1.0/xz-1.0.jar:/home/user/.m2/repository/org/apache/hadoop/hadoop-common/3.2.0/hadoop-common-3.2.0.jar:/home/user/.m2/repository/org/apache/hadoop/hadoop-hdfs/3.2.0/hadoop-hdfs-3.2.0.jar:/home/user/.m2/repository/org/apache/hadoop/hadoop-hdfs-client/3.2.0/hadoop-hdfs-client-3.2.0.jar:/home/user/.m2/repository/com/fasterxml/jackson/core/jackson-annotations/2.9.5/jackson-annotations-2.9.5.jar:/home/user/.m2/repository/org/apache/hadoop/hadoop-hdds-common/0.5.0-SNAPSHOT/hadoop-hdds-common-0.5.0-SNAPSHOT.jar:/home/user/.m2/repository/javax/annotation/javax.annotation-api/1.2/javax.annotation-api-1.2.jar:/home/user/.m2/repository/org/apache/ratis/ratis-server/0.4.0-2337318-SNAPSHOT/ratis-server-0.4.0-2337318-SNAPSHOT.jar:/home/user/.m2/repository/org/apache/ratis/ratis-thirdparty-misc/0.2.0/ratis-thirdparty-misc-0.2.0.jar:/home/user/.m2/repository/org/apache/ratis/ratis-proto/0.4.0-2337318-SNAPSHOT/ratis-proto-0.4.0-2337318-SNAPSHOT.jar:/home/user/.m2/repository/org/apache/ratis/ratis-common/0.4.0-2337318-SNAPSHOT/ratis-common-0.4.0-2337318-SNAPSHOT.jar:/home/user/.m2/repository/org/apache/ratis/ratis-client/0.4.0-2337318-SNAPSHOT/ratis-client-0.4.0-2337318-SNAPSHOT.jar:/home/user/.m2/repository/org/apache/ratis/ratis-metrics/0.4.0-2337318-SNAPSHOT/ratis-metrics-0.4.0-2337318-SNAPSHOT.jar:/home/user/.m2/repository/org/apache/ratis/ratis-netty/0.4.0-2337318-SNAPSHOT/ratis-netty-0.4.0-2337318-SNAPSHOT.jar:/home/user/.m2/repository/org/apache/ratis/ratis-grpc/0.4.0-2337318-SNAPSHOT/ratis-grpc-0.4.0-2337318-SNAPSHOT.jar:/home/user/.m2/repository/org/rocksdb/rocksdbjni/6.0.1/rocksdbjni-6.0.1.jar:/home/user/.m2/repository/org/apache/logging/log4j/log4j-api/2.11.0/log4j-api-2.11.0.jar:/home/user/.m2/repository/org/apache/logging/log4j/log4j-core/2.11.0/log4j-core-2.11.0.jar:/home/user/.m2/repository/com/lmax/disruptor/3.4.2/disruptor-3.4.2.jar:/home/user/.m2/repository/org/apache/commons/commons-pool2/2.6.0/commons-pool2-2.6.0.jar:/home/user/.m2/repository/org/bouncycastle/bcpkix-jdk15on/1.60/bcpkix-jdk15on-1.60.jar:/home/user/.m2/repository/commons-validator/commons-validator/1.6/commons-validator-1.6.jar:/home/user/.m2/repository/commons-digester/commons-digester/1.8.1/commons-digester-1.8.1.jar:/home/user/.m2/repository/io/jaegertracing/jaeger-client/0.33.1/jaeger-client-0.33.1.jar:/home/user/.m2/repository/io/jaegertracing/jaeger-thrift/0.33.1/jaeger-thrift-0.33.1.jar:/home/user/.m2/repository/org/apache/thrift/libthrift/0.11.0/libthrift-0.11.0.jar:/home/user/.m2/repository/com/squareup/okhttp3/okhttp/3.9.0/okhttp-3.9.0.jar:/home/user/.m2/repository/com/squareup/okio/okio/1.13.0/okio-1.13.0.jar:/home/user/.m2/repository/io/jaegertracing/jaeger-core/0.33.1/jaeger-core-0.33.1.jar:/home/user/.m2/repository/io/jaegertracing/jaeger-tracerresolver/0.33.1/jaeger-tracerresolver-0.33.1.jar:/home/user/.m2/repository/io/opentracing/contrib/opentracing-tracerresolver/0.1.5/opentracing-tracerresolver-0.1.5.jar:/home/user/.m2/repository/io/opentracing/opentracing-util/0.31.0/opentracing-util-0.31.0.jar:/home/user/.m2/repository/io/opentracing/opentracing-api/0.31.0/opentracing-api-0.31.0.jar:/home/user/.m2/repository/io/opentracing/opentracing-noop/0.31.0/opentracing-noop-0.31.0.jar:/home/user/.m2/repository/org/apache/hadoop/hadoop-hdds-server-framework/0.5.0-SNAPSHOT/hadoop-hdds-server-framework-0.5.0-SNAPSHOT.jar:/home/user/.m2/repository/org/apache/hadoop/hadoop-hdds-container-service/0.5.0-SNAPSHOT/hadoop-hdds-container-service-0.5.0-SNAPSHOT.jar:/home/user/.m2/repository/org/apache/hadoop/hadoop-hdds-client/0.5.0-SNAPSHOT/hadoop-hdds-client-0.5.0-SNAPSHOT.jar:/home/user/.m2/repository/org/apache/hadoop/hadoop-hdds-tools/0.5.0-SNAPSHOT/hadoop-hdds-tools-0.5.0-SNAPSHOT.jar:/home/user/.m2/repository/org/apache/hadoop/hadoop-hdds-server-scm/0.5.0-SNAPSHOT/hadoop-hdds-server-scm-0.5.0-SNAPSHOT.jar:/home/user/.m2/repository/org/apache/hadoop/hadoop-hdds-docs/0.5.0-SNAPSHOT/hadoop-hdds-docs-0.5.0-SNAPSHOT.jar:/home/user/.m2/repository/io/dropwizard/metrics/metrics-core/3.2.4/metrics-core-3.2.4.jar:/home/user/.m2/repository/org/hamcrest/hamcrest-all/1.3/hamcrest-all-1.3.jar:/home/user/.m2/repository/org/bouncycastle/bcprov-jdk15on/1.60/bcprov-jdk15on-1.60.jar:/home/user/.m2/repository/info/picocli/picocli/3.9.6/picocli-3.9.6.jar:/home/user/.m2/repository/com/google/protobuf/protobuf-java/2.5.0/protobuf-java-2.5.0.jar:/home/user/.m2/repository/com/google/guava/guava/11.0.2/guava-11.0.2.jar:/home/user/.m2/repository/org/apache/hadoop/hadoop-ozone-ozone-manager/0.5.0-SNAPSHOT/hadoop-ozone-ozone-manager-0.5.0-SNAPSHOT.jar:/home/user/.m2/repository/org/apache/hadoop/hadoop-minikdc/3.2.0/hadoop-minikdc-3.2.0.jar:/home/user/.m2/repository/commons-io/commons-io/2.5/commons-io-2.5.jar:/home/user/.m2/repository/org/apache/kerby/kerb-simplekdc/1.0.1/kerb-simplekdc-1.0.1.jar:/home/user/.m2/repository/org/apache/kerby/kerb-client/1.0.1/kerb-client-1.0.1.jar:/home/user/.m2/repository/org/apache/kerby/kerby-config/1.0.1/kerby-config-1.0.1.jar:/home/user/.m2/repository/org/apache/kerby/kerb-core/1.0.1/kerb-core-1.0.1.jar:/home/user/.m2/repository/org/apache/kerby/kerby-pkix/1.0.1/kerby-pkix-1.0.1.jar:/home/user/.m2/repository/org/apache/kerby/kerby-asn1/1.0.1/kerby-asn1-1.0.1.jar:/home/user/.m2/repository/org/apache/kerby/kerby-util/1.0.1/kerby-util-1.0.1.jar:/home/user/.m2/repository/org/apache/kerby/kerb-common/1.0.1/kerb-common-1.0.1.jar:/home/user/.m2/repository/org/apache/kerby/kerb-crypto/1.0.1/kerb-crypto-1.0.1.jar:/home/user/.m2/repository/org/apache/kerby/kerb-util/1.0.1/kerb-util-1.0.1.jar:/home/user/.m2/repository/org/apache/kerby/token-provider/1.0.1/token-provider-1.0.1.jar:/home/user/.m2/repository/org/apache/kerby/kerb-admin/1.0.1/kerb-admin-1.0.1.jar:/home/user/.m2/repository/org/apache/kerby/kerb-server/1.0.1/kerb-server-1.0.1.jar:/home/user/.m2/repository/org/apache/kerby/kerb-identity/1.0.1/kerb-identity-1.0.1.jar:/home/user/.m2/repository/org/apache/kerby/kerby-xdr/1.0.1/kerby-xdr-1.0.1.jar:/home/user/.m2/repository/org/slf4j/slf4j-log4j12/1.7.25/slf4j-log4j12-1.7.25.jar:/home/user/.m2/repository/org/apache/hadoop/hadoop-ozone-objectstore-service/0.5.0-SNAPSHOT/hadoop-ozone-objectstore-service-0.5.0-SNAPSHOT.jar:/home/user/.m2/repository/org/apache/hadoop/hadoop-ozone-s3gateway/0.5.0-SNAPSHOT/hadoop-ozone-s3gateway-0.5.0-SNAPSHOT.jar:/home/user/.m2/repository/org/jboss/weld/servlet/weld-servlet/2.4.7.Final/weld-servlet-2.4.7.Final.jar:/home/user/.m2/repository/org/glassfish/jersey/containers/jersey-container-servlet-core/2.27/jersey-container-servlet-core-2.27.jar:/home/user/.m2/repository/org/glassfish/hk2/external/javax.inject/2.5.0-b42/javax.inject-2.5.0-b42.jar:/home/user/.m2/repository/org/glassfish/jersey/core/jersey-common/2.27/jersey-common-2.27.jar:/home/user/.m2/repository/org/glassfish/hk2/osgi-resource-locator/1.0.1/osgi-resource-locator-1.0.1.jar:/home/user/.m2/repository/javax/ws/rs/javax.ws.rs-api/2.1/javax.ws.rs-api-2.1.jar:/home/user/.m2/repository/org/glassfish/jersey/ext/cdi/jersey-cdi1x/2.27/jersey-cdi1x-2.27.jar:/home/user/.m2/repository/org/glassfish/jersey/inject/jersey-hk2/2.27/jersey-hk2-2.27.jar:/home/user/.m2/repository/org/glassfish/hk2/hk2-locator/2.5.0-b42/hk2-locator-2.5.0-b42.jar:/home/user/.m2/repository/org/javassist/javassist/3.22.0-CR2/javassist-3.22.0-CR2.jar:/home/user/.m2/repository/org/glassfish/hk2/hk2-api/2.5.0/hk2-api-2.5.0.jar:/home/user/.m2/repository/org/glassfish/hk2/external/jakarta.inject/2.5.0/jakarta.inject-2.5.0.jar:/home/user/.m2/repository/org/glassfish/hk2/hk2-utils/2.5.0/hk2-utils-2.5.0.jar:/home/user/.m2/repository/jakarta/annotation/jakarta.annotation-api/1.3.4/jakarta.annotation-api-1.3.4.jar:/home/user/.m2/repository/org/glassfish/hk2/external/aopalliance-repackaged/2.5.0/aopalliance-repackaged-2.5.0.jar:/home/user/.m2/repository/com/fasterxml/jackson/dataformat/jackson-dataformat-xml/2.9.0/jackson-dataformat-xml-2.9.0.jar:/home/user/.m2/repository/com/fasterxml/jackson/core/jackson-core/2.9.5/jackson-core-2.9.5.jar:/home/user/.m2/repository/com/fasterxml/jackson/module/jackson-module-jaxb-annotations/2.9.5/jackson-module-jaxb-annotations-2.9.5.jar:/home/user/.m2/repository/javax/enterprise/cdi-api/1.2/cdi-api-1.2.jar:/home/user/.m2/repository/javax/el/javax.el-api/3.0.0/javax.el-api-3.0.0.jar:/home/user/.m2/repository/javax/interceptor/javax.interceptor-api/1.2/javax.interceptor-api-1.2.jar:/home/user/.m2/repository/javax/inject/javax.inject/1/javax.inject-1.jar:/home/user/.m2/repository/com/sun/xml/bind/jaxb-impl/2.3.0.1/jaxb-impl-2.3.0.1.jar:/home/user/.m2/repository/com/sun/xml/bind/jaxb-core/2.3.0.1/jaxb-core-2.3.0.1.jar:/home/user/.m2/repository/javax/xml/bind/jaxb-api/2.3.0/jaxb-api-2.3.0.jar:/home/user/.m2/repository/javax/activation/activation/1.1.1/activation-1.1.1.jar:/home/user/.m2/repository/org/apache/hadoop/hadoop-ozone-csi/0.5.0-SNAPSHOT/hadoop-ozone-csi-0.5.0-SNAPSHOT.jar:/home/user/.m2/repository/com/google/protobuf/protobuf-java-util/3.5.1/protobuf-java-util-3.5.1.jar:/home/user/.m2/repository/org/apache/hadoop/hadoop-hdds-config/0.5.0-SNAPSHOT/hadoop-hdds-config-0.5.0-SNAPSHOT.jar:/home/user/.m2/repository/io/grpc/grpc-netty/1.17.1/grpc-netty-1.17.1.jar:/home/user/.m2/repository/io/grpc/grpc-core/1.17.1/grpc-core-1.17.1.jar:/home/user/.m2/repository/io/grpc/grpc-context/1.17.1/grpc-context-1.17.1.jar:/home/user/.m2/repository/com/google/errorprone/error_prone_annotations/2.2.0/error_prone_annotations-2.2.0.jar:/home/user/.m2/repository/org/codehaus/mojo/animal-sniffer-annotations/1.17/animal-sniffer-annotations-1.17.jar:/home/user/.m2/repository/io/opencensus/opencensus-api/0.17.0/opencensus-api-0.17.0.jar:/home/user/.m2/repository/io/opencensus/opencensus-contrib-grpc-metrics/0.17.0/opencensus-contrib-grpc-metrics-0.17.0.jar:/home/user/.m2/repository/io/netty/netty-codec-http2/4.1.30.Final/netty-codec-http2-4.1.30.Final.jar:/home/user/.m2/repository/io/netty/netty-codec-http/4.1.30.Final/netty-codec-http-4.1.30.Final.jar:/home/user/.m2/repository/io/netty/netty-codec/4.1.30.Final/netty-codec-4.1.30.Final.jar:/home/user/.m2/repository/io/netty/netty-handler/4.1.30.Final/netty-handler-4.1.30.Final.jar:/home/user/.m2/repository/io/netty/netty-handler-proxy/4.1.30.Final/netty-handler-proxy-4.1.30.Final.jar:/home/user/.m2/repository/io/netty/netty-codec-socks/4.1.30.Final/netty-codec-socks-4.1.30.Final.jar:/home/user/.m2/repository/io/netty/netty-transport-native-epoll/4.1.30.Final/netty-transport-native-epoll-4.1.30.Final.jar:/home/user/.m2/repository/io/netty/netty-common/4.1.30.Final/netty-common-4.1.30.Final.jar:/home/user/.m2/repository/io/netty/netty-buffer/4.1.30.Final/netty-buffer-4.1.30.Final.jar:/home/user/.m2/repository/io/netty/netty-transport/4.1.30.Final/netty-transport-4.1.30.Final.jar:/home/user/.m2/repository/io/netty/netty-resolver/4.1.30.Final/netty-resolver-4.1.30.Final.jar:/home/user/.m2/repository/io/netty/netty-transport-native-unix-common/4.1.30.Final/netty-transport-native-unix-common-4.1.30.Final.jar:/home/user/.m2/repository/io/grpc/grpc-protobuf/1.17.1/grpc-protobuf-1.17.1.jar:/home/user/.m2/repository/com/google/api/grpc/proto-google-common-protos/1.0.0/proto-google-common-protos-1.0.0.jar:/home/user/.m2/repository/io/grpc/grpc-protobuf-lite/1.17.1/grpc-protobuf-lite-1.17.1.jar:/home/user/.m2/repository/io/grpc/grpc-stub/1.17.1/grpc-stub-1.17.1.jar:/home/user/.m2/repository/org/apache/hadoop/hadoop-ozone-recon/0.5.0-SNAPSHOT/hadoop-ozone-recon-0.5.0-SNAPSHOT.jar:/home/user/.m2/repository/org/apache/hadoop/hadoop-ozone-reconcodegen/0.5.0-SNAPSHOT/hadoop-ozone-reconcodegen-0.5.0-SNAPSHOT.jar:/home/user/.m2/repository/com/google/inject/extensions/guice-multibindings/4.0/guice-multibindings-4.0.jar:/home/user/.m2/repository/com/google/inject/guice/4.0/guice-4.0.jar:/home/user/.m2/repository/aopalliance/aopalliance/1.0/aopalliance-1.0.jar:/home/user/.m2/repository/com/google/inject/extensions/guice-servlet/4.0/guice-servlet-4.0.jar:/home/user/.m2/repository/org/glassfish/jersey/containers/jersey-container-servlet/2.27/jersey-container-servlet-2.27.jar:/home/user/.m2/repository/org/glassfish/hk2/guice-bridge/2.5.0/guice-bridge-2.5.0.jar:/home/user/.m2/repository/org/glassfish/jersey/core/jersey-server/2.27/jersey-server-2.27.jar:/home/user/.m2/repository/org/glassfish/jersey/core/jersey-client/2.27/jersey-client-2.27.jar:/home/user/.m2/repository/org/glassfish/jersey/media/jersey-media-jaxb/2.27/jersey-media-jaxb-2.27.jar:/home/user/.m2/repository/javax/validation/validation-api/1.1.0.Final/validation-api-1.1.0.Final.jar:/home/user/.m2/repository/org/glassfish/jersey/media/jersey-media-json-jackson/2.27/jersey-media-json-jackson-2.27.jar:/home/user/.m2/repository/org/glassfish/jersey/ext/jersey-entity-filtering/2.27/jersey-entity-filtering-2.27.jar:/home/user/.m2/repository/com/google/inject/extensions/guice-assistedinject/4.0/guice-assistedinject-4.0.jar:/home/user/.m2/repository/org/jooq/jooq/3.11.10/jooq-3.11.10.jar:/home/user/.m2/repository/org/jooq/jooq-meta/3.11.10/jooq-meta-3.11.10.jar:/home/user/.m2/repository/org/jooq/jooq-codegen/3.11.10/jooq-codegen-3.11.10.jar:/home/user/.m2/repository/com/jolbox/bonecp/0.8.0.RELEASE/bonecp-0.8.0.RELEASE.jar:/home/user/.m2/repository/org/xerial/sqlite-jdbc/3.25.2/sqlite-jdbc-3.25.2.jar:/home/user/.m2/repository/org/springframework/spring-jdbc/5.1.3.RELEASE/spring-jdbc-5.1.3.RELEASE.jar:/home/user/.m2/repository/org/springframework/spring-beans/5.1.3.RELEASE/spring-beans-5.1.3.RELEASE.jar:/home/user/.m2/repository/org/springframework/spring-core/5.1.3.RELEASE/spring-core-5.1.3.RELEASE.jar:/home/user/.m2/repository/org/springframework/spring-jcl/5.1.3.RELEASE/spring-jcl-5.1.3.RELEASE.jar:/home/user/.m2/repository/org/springframework/spring-tx/5.1.3.RELEASE/spring-tx-5.1.3.RELEASE.jar:/home/user/.m2/repository/org/apache/hadoop/hadoop-ozone-client/0.5.0-SNAPSHOT/hadoop-ozone-client-0.5.0-SNAPSHOT.jar:/home/user/.m2/repository/commons-lang/commons-lang/2.6/commons-lang-2.6.jar:/home/user/.m2/repository/org/apache/hadoop/hadoop-ozone-ozone-manager/0.5.0-SNAPSHOT/hadoop-ozone-ozone-manager-0.5.0-SNAPSHOT-tests.jar:/home/user/.m2/repository/junit/junit/4.11/junit-4.11.jar:/home/user/.m2/repository/org/hamcrest/hamcrest-core/1.3/hamcrest-core-1.3.jar:/home/user/.m2/repository/org/openjdk/jmh/jmh-core/1.19/jmh-core-1.19.jar:/home/user/.m2/repository/net/sf/jopt-simple/jopt-simple/4.6/jopt-simple-4.6.jar:/home/user/.m2/repository/org/apache/commons/commons-math3/3.1.1/commons-math3-3.1.1.jar:/home/user/.m2/repository/org/openjdk/jmh/jmh-generator-annprocess/1.19/jmh-generator-annprocess-1.19.jar:/home/user/.m2/repository/org/mockito/mockito-all/1.8.5/mockito-all-1.8.5.jar:/home/user/.m2/repository/org/apache/hadoop/hadoop-kms/3.2.0/hadoop-kms-3.2.0.jar:/home/user/.m2/repository/org/apache/hadoop/hadoop-auth/3.2.0/hadoop-auth-3.2.0.jar:/home/user/.m2/repository/com/nimbusds/nimbus-jose-jwt/4.41.1/nimbus-jose-jwt-4.41.1.jar:/home/user/.m2/repository/com/github/stephenc/jcip/jcip-annotations/1.0-1/jcip-annotations-1.0-1.jar:/home/user/.m2/repository/net/minidev/json-smart/2.3/json-smart-2.3.jar:/home/user/.m2/repository/net/minidev/accessors-smart/1.2/accessors-smart-1.2.jar:/home/user/.m2/repository/org/ow2/asm/asm/5.0.4/asm-5.0.4.jar:/home/user/.m2/repository/org/apache/curator/curator-framework/2.12.0/curator-framework-2.12.0.jar:/home/user/.m2/repository/com/sun/jersey/jersey-core/1.19/jersey-core-1.19.jar:/home/user/.m2/repository/javax/ws/rs/jsr311-api/1.1.1/jsr311-api-1.1.1.jar:/home/user/.m2/repository/com/sun/jersey/jersey-server/1.19/jersey-server-1.19.jar:/home/user/.m2/repository/javax/servlet/javax.servlet-api/3.1.0/javax.servlet-api-3.1.0.jar:/home/user/.m2/repository/org/eclipse/jetty/jetty-server/9.3.24.v20180605/jetty-server-9.3.24.v20180605.jar:/home/user/.m2/repository/org/eclipse/jetty/jetty-http/9.3.24.v20180605/jetty-http-9.3.24.v20180605.jar:/home/user/.m2/repository/org/eclipse/jetty/jetty-io/9.3.24.v20180605/jetty-io-9.3.24.v20180605.jar:/home/user/.m2/repository/org/eclipse/jetty/jetty-webapp/9.3.24.v20180605/jetty-webapp-9.3.24.v20180605.jar:/home/user/.m2/repository/org/eclipse/jetty/jetty-xml/9.3.24.v20180605/jetty-xml-9.3.24.v20180605.jar:/home/user/.m2/repository/log4j/log4j/1.2.17/log4j-1.2.17.jar:/home/user/.m2/repository/org/slf4j/slf4j-api/1.7.25/slf4j-api-1.7.25.jar:/home/user/.m2/repository/org/slf4j/jul-to-slf4j/1.7.25/jul-to-slf4j-1.7.25.jar:/home/user/.m2/repository/org/eclipse/jetty/jetty-util/9.3.24.v20180605/jetty-util-9.3.24.v20180605.jar:/home/user/.m2/repository/com/fasterxml/jackson/core/jackson-databind/2.9.5/jackson-databind-2.9.5.jar:/home/user/.m2/repository/org/apache/hadoop/hadoop-kms/3.2.0/hadoop-kms-3.2.0-tests.jar:/home/user/.m2/repository/org/apache/hadoop/hadoop-hdds-server-scm/0.5.0-SNAPSHOT/hadoop-hdds-server-scm-0.5.0-SNAPSHOT-tests.jar:/home/user/.m2/repository/org/apache/hadoop/hadoop-hdds-container-service/0.5.0-SNAPSHOT/hadoop-hdds-container-service-0.5.0-SNAPSHOT-tests.jar:/home/user/.m2/repository/org/yaml/snakeyaml/1.16/snakeyaml-1.16.jar:/home/user/.m2/repository/org/apache/hadoop/hadoop-common/3.2.0/hadoop-common-3.2.0-tests.jar:/home/user/.m2/repository/org/apache/hadoop/hadoop-annotations/3.2.0/hadoop-annotations-3.2.0.jar:/usr/lib/jvm/java-1.8-openjdk/jre/../lib/tools.jar:/home/user/.m2/repository/commons-cli/commons-cli/1.2/commons-cli-1.2.jar:/home/user/.m2/repository/org/apache/httpcomponents/httpclient/4.5.2/httpclient-4.5.2.jar:/home/user/.m2/repository/org/apache/httpcomponents/httpcore/4.4.4/httpcore-4.4.4.jar:/home/user/.m2/repository/commons-codec/commons-codec/1.11/commons-codec-1.11.jar:/home/user/.m2/repository/commons-net/commons-net/3.6/commons-net-3.6.jar:/home/user/.m2/repository/commons-collections/commons-collections/3.2.2/commons-collections-3.2.2.jar:/home/user/.m2/repository/org/eclipse/jetty/jetty-servlet/9.3.24.v20180605/jetty-servlet-9.3.24.v20180605.jar:/home/user/.m2/repository/org/eclipse/jetty/jetty-security/9.3.24.v20180605/jetty-security-9.3.24.v20180605.jar:/home/user/.m2/repository/javax/servlet/jsp/jsp-api/2.1/jsp-api-2.1.jar:/home/user/.m2/repository/com/sun/jersey/jersey-servlet/1.19/jersey-servlet-1.19.jar:/home/user/.m2/repository/com/sun/jersey/jersey-json/1.19/jersey-json-1.19.jar:/home/user/.m2/repository/org/codehaus/jettison/jettison/1.1/jettison-1.1.jar:/home/user/.m2/repository/org/codehaus/jackson/jackson-core-asl/1.9.13/jackson-core-asl-1.9.13.jar:/home/user/.m2/repository/org/codehaus/jackson/jackson-mapper-asl/1.9.13/jackson-mapper-asl-1.9.13.jar:/home/user/.m2/repository/org/codehaus/jackson/jackson-jaxrs/1.9.13/jackson-jaxrs-1.9.13.jar:/home/user/.m2/repository/org/codehaus/jackson/jackson-xc/1.9.13/jackson-xc-1.9.13.jar:/home/user/.m2/repository/commons-logging/commons-logging/1.1.3/commons-logging-1.1.3.jar:/home/user/.m2/repository/commons-beanutils/commons-beanutils/1.9.3/commons-beanutils-1.9.3.jar:/home/user/.m2/repository/org/apache/commons/commons-configuration2/2.1.1/commons-configuration2-2.1.1.jar:/home/user/.m2/repository/org/apache/commons/commons-lang3/3.7/commons-lang3-3.7.jar:/home/user/.m2/repository/org/apache/commons/commons-text/1.4/commons-text-1.4.jar:/home/user/.m2/repository/org/apache/avro/avro/1.7.7/avro-1.7.7.jar:/home/user/.m2/repository/com/thoughtworks/paranamer/paranamer/2.3/paranamer-2.3.jar:/home/user/.m2/repository/org/xerial/snappy/snappy-java/1.0.5/snappy-java-1.0.5.jar:/home/user/.m2/repository/com/google/re2j/re2j/1.1/re2j-1.1.jar:/home/user/.m2/repository/com/google/code/gson/gson/2.2.4/gson-2.2.4.jar:/home/user/.m2/repository/com/jcraft/jsch/0.1.54/jsch-0.1.54.jar:/home/user/.m2/repository/org/apache/curator/curator-client/2.12.0/curator-client-2.12.0.jar:/home/user/.m2/repository/org/apache/curator/curator-recipes/2.12.0/curator-recipes-2.12.0.jar:/home/user/.m2/repository/com/google/code/findbugs/jsr305/3.0.0/jsr305-3.0.0.jar:/home/user/.m2/repository/org/apache/htrace/htrace-core4/4.1.0-incubating/htrace-core4-4.1.0-incubating.jar:/home/user/.m2/repository/org/apache/zookeeper/zookeeper/3.4.13/zookeeper-3.4.13.jar:/home/user/.m2/repository/org/apache/yetus/audience-annotations/0.5.0/audience-annotations-0.5.0.jar:/home/user/.m2/repository/org/codehaus/woodstox/stax2-api/3.1.4/stax2-api-3.1.4.jar:/home/user/.m2/repository/com/fasterxml/woodstox/woodstox-core/5.0.3/woodstox-core-5.0.3.jar:/home/user/.m2/repository/dnsjava/dnsjava/2.1.7/dnsjava-2.1.7.jar:/home/user/.m2/repository/org/apache/hadoop/hadoop-hdfs/3.2.0/hadoop-hdfs-3.2.0-tests.jar:/home/user/.m2/repository/org/eclipse/jetty/jetty-util-ajax/9.3.24.v20180605/jetty-util-ajax-9.3.24.v20180605.jar:/home/user/.m2/repository/commons-daemon/commons-daemon/1.0.13/commons-daemon-1.0.13.jar:/home/user/.m2/repository/io/netty/netty/3.10.5.Final/netty-3.10.5.Final.jar:/home/user/.m2/repository/io/netty/netty-all/4.0.52.Final/netty-all-4.0.52.Final.jar:/home/user/.m2/repository/org/fusesource/leveldbjni/leveldbjni-all/1.8/leveldbjni-all-1.8.jar:"/>
    <property name="java.vm.vendor" value="IcedTea"/>
    <property name="sun.arch.data.model" value="64"/>
    <property name="test.build.dir" value="/workdir/hadoop-ozone/integration-test/target/test-dir"/>
    <property name="test.cache.data" value=""/>
    <property name="java.vendor.url" value="https://icedtea.classpath.org"/>
    <property name="user.timezone" value=""/>
    <property name="java.vm.specification.version" value="1.8"/>
    <property name="os.name" value="Linux"/>
    <property name="test.build.data" value="/workdir/hadoop-ozone/integration-test/target/test-dir"/>
    <property name="user.country" value="US"/>
    <property name="sun.java.launcher" value="SUN_STANDARD"/>
    <property name="sun.boot.library.path" value="/usr/lib/jvm/java-1.8-openjdk/jre/lib/amd64"/>
    <property name="sun.java.command" value="/workdir/hadoop-ozone/integration-test/target/surefire/surefirebooter1770769749807263545.jar /workdir/hadoop-ozone/integration-test/target/surefire 2019-09-12T10-07-27_366-jvmRun1 surefire2698135657636450284tmp surefire_53359531232549163956tmp"/>
    <property name="test" value="!TestMiniChaosOzoneCluster"/>
    <property name="surefire.test.class.path" value="/workdir/hadoop-ozone/integration-test/target/test-classes:/workdir/hadoop-ozone/integration-test/target/classes:/home/user/.m2/repository/org/apache/hadoop/hadoop-ozone-common/0.5.0-SNAPSHOT/hadoop-ozone-common-0.5.0-SNAPSHOT.jar:/home/user/.m2/repository/org/apache/commons/commons-compress/1.4.1/commons-compress-1.4.1.jar:/home/user/.m2/repository/org/tukaani/xz/1.0/xz-1.0.jar:/home/user/.m2/repository/org/apache/hadoop/hadoop-common/3.2.0/hadoop-common-3.2.0.jar:/home/user/.m2/repository/org/apache/hadoop/hadoop-hdfs/3.2.0/hadoop-hdfs-3.2.0.jar:/home/user/.m2/repository/org/apache/hadoop/hadoop-hdfs-client/3.2.0/hadoop-hdfs-client-3.2.0.jar:/home/user/.m2/repository/com/fasterxml/jackson/core/jackson-annotations/2.9.5/jackson-annotations-2.9.5.jar:/home/user/.m2/repository/org/apache/hadoop/hadoop-hdds-common/0.5.0-SNAPSHOT/hadoop-hdds-common-0.5.0-SNAPSHOT.jar:/home/user/.m2/repository/javax/annotation/javax.annotation-api/1.2/javax.annotation-api-1.2.jar:/home/user/.m2/repository/org/apache/ratis/ratis-server/0.4.0-2337318-SNAPSHOT/ratis-server-0.4.0-2337318-SNAPSHOT.jar:/home/user/.m2/repository/org/apache/ratis/ratis-thirdparty-misc/0.2.0/ratis-thirdparty-misc-0.2.0.jar:/home/user/.m2/repository/org/apache/ratis/ratis-proto/0.4.0-2337318-SNAPSHOT/ratis-proto-0.4.0-2337318-SNAPSHOT.jar:/home/user/.m2/repository/org/apache/ratis/ratis-common/0.4.0-2337318-SNAPSHOT/ratis-common-0.4.0-2337318-SNAPSHOT.jar:/home/user/.m2/repository/org/apache/ratis/ratis-client/0.4.0-2337318-SNAPSHOT/ratis-client-0.4.0-2337318-SNAPSHOT.jar:/home/user/.m2/repository/org/apache/ratis/ratis-metrics/0.4.0-2337318-SNAPSHOT/ratis-metrics-0.4.0-2337318-SNAPSHOT.jar:/home/user/.m2/repository/org/apache/ratis/ratis-netty/0.4.0-2337318-SNAPSHOT/ratis-netty-0.4.0-2337318-SNAPSHOT.jar:/home/user/.m2/repository/org/apache/ratis/ratis-grpc/0.4.0-2337318-SNAPSHOT/ratis-grpc-0.4.0-2337318-SNAPSHOT.jar:/home/user/.m2/repository/org/rocksdb/rocksdbjni/6.0.1/rocksdbjni-6.0.1.jar:/home/user/.m2/repository/org/apache/logging/log4j/log4j-api/2.11.0/log4j-api-2.11.0.jar:/home/user/.m2/repository/org/apache/logging/log4j/log4j-core/2.11.0/log4j-core-2.11.0.jar:/home/user/.m2/repository/com/lmax/disruptor/3.4.2/disruptor-3.4.2.jar:/home/user/.m2/repository/org/apache/commons/commons-pool2/2.6.0/commons-pool2-2.6.0.jar:/home/user/.m2/repository/org/bouncycastle/bcpkix-jdk15on/1.60/bcpkix-jdk15on-1.60.jar:/home/user/.m2/repository/commons-validator/commons-validator/1.6/commons-validator-1.6.jar:/home/user/.m2/repository/commons-digester/commons-digester/1.8.1/commons-digester-1.8.1.jar:/home/user/.m2/repository/io/jaegertracing/jaeger-client/0.33.1/jaeger-client-0.33.1.jar:/home/user/.m2/repository/io/jaegertracing/jaeger-thrift/0.33.1/jaeger-thrift-0.33.1.jar:/home/user/.m2/repository/org/apache/thrift/libthrift/0.11.0/libthrift-0.11.0.jar:/home/user/.m2/repository/com/squareup/okhttp3/okhttp/3.9.0/okhttp-3.9.0.jar:/home/user/.m2/repository/com/squareup/okio/okio/1.13.0/okio-1.13.0.jar:/home/user/.m2/repository/io/jaegertracing/jaeger-core/0.33.1/jaeger-core-0.33.1.jar:/home/user/.m2/repository/io/jaegertracing/jaeger-tracerresolver/0.33.1/jaeger-tracerresolver-0.33.1.jar:/home/user/.m2/repository/io/opentracing/contrib/opentracing-tracerresolver/0.1.5/opentracing-tracerresolver-0.1.5.jar:/home/user/.m2/repository/io/opentracing/opentracing-util/0.31.0/opentracing-util-0.31.0.jar:/home/user/.m2/repository/io/opentracing/opentracing-api/0.31.0/opentracing-api-0.31.0.jar:/home/user/.m2/repository/io/opentracing/opentracing-noop/0.31.0/opentracing-noop-0.31.0.jar:/home/user/.m2/repository/org/apache/hadoop/hadoop-hdds-server-framework/0.5.0-SNAPSHOT/hadoop-hdds-server-framework-0.5.0-SNAPSHOT.jar:/home/user/.m2/repository/org/apache/hadoop/hadoop-hdds-container-service/0.5.0-SNAPSHOT/hadoop-hdds-container-service-0.5.0-SNAPSHOT.jar:/home/user/.m2/repository/org/apache/hadoop/hadoop-hdds-client/0.5.0-SNAPSHOT/hadoop-hdds-client-0.5.0-SNAPSHOT.jar:/home/user/.m2/repository/org/apache/hadoop/hadoop-hdds-tools/0.5.0-SNAPSHOT/hadoop-hdds-tools-0.5.0-SNAPSHOT.jar:/home/user/.m2/repository/org/apache/hadoop/hadoop-hdds-server-scm/0.5.0-SNAPSHOT/hadoop-hdds-server-scm-0.5.0-SNAPSHOT.jar:/home/user/.m2/repository/org/apache/hadoop/hadoop-hdds-docs/0.5.0-SNAPSHOT/hadoop-hdds-docs-0.5.0-SNAPSHOT.jar:/home/user/.m2/repository/io/dropwizard/metrics/metrics-core/3.2.4/metrics-core-3.2.4.jar:/home/user/.m2/repository/org/hamcrest/hamcrest-all/1.3/hamcrest-all-1.3.jar:/home/user/.m2/repository/org/bouncycastle/bcprov-jdk15on/1.60/bcprov-jdk15on-1.60.jar:/home/user/.m2/repository/info/picocli/picocli/3.9.6/picocli-3.9.6.jar:/home/user/.m2/repository/com/google/protobuf/protobuf-java/2.5.0/protobuf-java-2.5.0.jar:/home/user/.m2/repository/com/google/guava/guava/11.0.2/guava-11.0.2.jar:/home/user/.m2/repository/org/apache/hadoop/hadoop-ozone-ozone-manager/0.5.0-SNAPSHOT/hadoop-ozone-ozone-manager-0.5.0-SNAPSHOT.jar:/home/user/.m2/repository/org/apache/hadoop/hadoop-minikdc/3.2.0/hadoop-minikdc-3.2.0.jar:/home/user/.m2/repository/commons-io/commons-io/2.5/commons-io-2.5.jar:/home/user/.m2/repository/org/apache/kerby/kerb-simplekdc/1.0.1/kerb-simplekdc-1.0.1.jar:/home/user/.m2/repository/org/apache/kerby/kerb-client/1.0.1/kerb-client-1.0.1.jar:/home/user/.m2/repository/org/apache/kerby/kerby-config/1.0.1/kerby-config-1.0.1.jar:/home/user/.m2/repository/org/apache/kerby/kerb-core/1.0.1/kerb-core-1.0.1.jar:/home/user/.m2/repository/org/apache/kerby/kerby-pkix/1.0.1/kerby-pkix-1.0.1.jar:/home/user/.m2/repository/org/apache/kerby/kerby-asn1/1.0.1/kerby-asn1-1.0.1.jar:/home/user/.m2/repository/org/apache/kerby/kerby-util/1.0.1/kerby-util-1.0.1.jar:/home/user/.m2/repository/org/apache/kerby/kerb-common/1.0.1/kerb-common-1.0.1.jar:/home/user/.m2/repository/org/apache/kerby/kerb-crypto/1.0.1/kerb-crypto-1.0.1.jar:/home/user/.m2/repository/org/apache/kerby/kerb-util/1.0.1/kerb-util-1.0.1.jar:/home/user/.m2/repository/org/apache/kerby/token-provider/1.0.1/token-provider-1.0.1.jar:/home/user/.m2/repository/org/apache/kerby/kerb-admin/1.0.1/kerb-admin-1.0.1.jar:/home/user/.m2/repository/org/apache/kerby/kerb-server/1.0.1/kerb-server-1.0.1.jar:/home/user/.m2/repository/org/apache/kerby/kerb-identity/1.0.1/kerb-identity-1.0.1.jar:/home/user/.m2/repository/org/apache/kerby/kerby-xdr/1.0.1/kerby-xdr-1.0.1.jar:/home/user/.m2/repository/org/slf4j/slf4j-log4j12/1.7.25/slf4j-log4j12-1.7.25.jar:/home/user/.m2/repository/org/apache/hadoop/hadoop-ozone-objectstore-service/0.5.0-SNAPSHOT/hadoop-ozone-objectstore-service-0.5.0-SNAPSHOT.jar:/home/user/.m2/repository/org/apache/hadoop/hadoop-ozone-s3gateway/0.5.0-SNAPSHOT/hadoop-ozone-s3gateway-0.5.0-SNAPSHOT.jar:/home/user/.m2/repository/org/jboss/weld/servlet/weld-servlet/2.4.7.Final/weld-servlet-2.4.7.Final.jar:/home/user/.m2/repository/org/glassfish/jersey/containers/jersey-container-servlet-core/2.27/jersey-container-servlet-core-2.27.jar:/home/user/.m2/repository/org/glassfish/hk2/external/javax.inject/2.5.0-b42/javax.inject-2.5.0-b42.jar:/home/user/.m2/repository/org/glassfish/jersey/core/jersey-common/2.27/jersey-common-2.27.jar:/home/user/.m2/repository/org/glassfish/hk2/osgi-resource-locator/1.0.1/osgi-resource-locator-1.0.1.jar:/home/user/.m2/repository/javax/ws/rs/javax.ws.rs-api/2.1/javax.ws.rs-api-2.1.jar:/home/user/.m2/repository/org/glassfish/jersey/ext/cdi/jersey-cdi1x/2.27/jersey-cdi1x-2.27.jar:/home/user/.m2/repository/org/glassfish/jersey/inject/jersey-hk2/2.27/jersey-hk2-2.27.jar:/home/user/.m2/repository/org/glassfish/hk2/hk2-locator/2.5.0-b42/hk2-locator-2.5.0-b42.jar:/home/user/.m2/repository/org/javassist/javassist/3.22.0-CR2/javassist-3.22.0-CR2.jar:/home/user/.m2/repository/org/glassfish/hk2/hk2-api/2.5.0/hk2-api-2.5.0.jar:/home/user/.m2/repository/org/glassfish/hk2/external/jakarta.inject/2.5.0/jakarta.inject-2.5.0.jar:/home/user/.m2/repository/org/glassfish/hk2/hk2-utils/2.5.0/hk2-utils-2.5.0.jar:/home/user/.m2/repository/jakarta/annotation/jakarta.annotation-api/1.3.4/jakarta.annotation-api-1.3.4.jar:/home/user/.m2/repository/org/glassfish/hk2/external/aopalliance-repackaged/2.5.0/aopalliance-repackaged-2.5.0.jar:/home/user/.m2/repository/com/fasterxml/jackson/dataformat/jackson-dataformat-xml/2.9.0/jackson-dataformat-xml-2.9.0.jar:/home/user/.m2/repository/com/fasterxml/jackson/core/jackson-core/2.9.5/jackson-core-2.9.5.jar:/home/user/.m2/repository/com/fasterxml/jackson/module/jackson-module-jaxb-annotations/2.9.5/jackson-module-jaxb-annotations-2.9.5.jar:/home/user/.m2/repository/javax/enterprise/cdi-api/1.2/cdi-api-1.2.jar:/home/user/.m2/repository/javax/el/javax.el-api/3.0.0/javax.el-api-3.0.0.jar:/home/user/.m2/repository/javax/interceptor/javax.interceptor-api/1.2/javax.interceptor-api-1.2.jar:/home/user/.m2/repository/javax/inject/javax.inject/1/javax.inject-1.jar:/home/user/.m2/repository/com/sun/xml/bind/jaxb-impl/2.3.0.1/jaxb-impl-2.3.0.1.jar:/home/user/.m2/repository/com/sun/xml/bind/jaxb-core/2.3.0.1/jaxb-core-2.3.0.1.jar:/home/user/.m2/repository/javax/xml/bind/jaxb-api/2.3.0/jaxb-api-2.3.0.jar:/home/user/.m2/repository/javax/activation/activation/1.1.1/activation-1.1.1.jar:/home/user/.m2/repository/org/apache/hadoop/hadoop-ozone-csi/0.5.0-SNAPSHOT/hadoop-ozone-csi-0.5.0-SNAPSHOT.jar:/home/user/.m2/repository/com/google/protobuf/protobuf-java-util/3.5.1/protobuf-java-util-3.5.1.jar:/home/user/.m2/repository/org/apache/hadoop/hadoop-hdds-config/0.5.0-SNAPSHOT/hadoop-hdds-config-0.5.0-SNAPSHOT.jar:/home/user/.m2/repository/io/grpc/grpc-netty/1.17.1/grpc-netty-1.17.1.jar:/home/user/.m2/repository/io/grpc/grpc-core/1.17.1/grpc-core-1.17.1.jar:/home/user/.m2/repository/io/grpc/grpc-context/1.17.1/grpc-context-1.17.1.jar:/home/user/.m2/repository/com/google/errorprone/error_prone_annotations/2.2.0/error_prone_annotations-2.2.0.jar:/home/user/.m2/repository/org/codehaus/mojo/animal-sniffer-annotations/1.17/animal-sniffer-annotations-1.17.jar:/home/user/.m2/repository/io/opencensus/opencensus-api/0.17.0/opencensus-api-0.17.0.jar:/home/user/.m2/repository/io/opencensus/opencensus-contrib-grpc-metrics/0.17.0/opencensus-contrib-grpc-metrics-0.17.0.jar:/home/user/.m2/repository/io/netty/netty-codec-http2/4.1.30.Final/netty-codec-http2-4.1.30.Final.jar:/home/user/.m2/repository/io/netty/netty-codec-http/4.1.30.Final/netty-codec-http-4.1.30.Final.jar:/home/user/.m2/repository/io/netty/netty-codec/4.1.30.Final/netty-codec-4.1.30.Final.jar:/home/user/.m2/repository/io/netty/netty-handler/4.1.30.Final/netty-handler-4.1.30.Final.jar:/home/user/.m2/repository/io/netty/netty-handler-proxy/4.1.30.Final/netty-handler-proxy-4.1.30.Final.jar:/home/user/.m2/repository/io/netty/netty-codec-socks/4.1.30.Final/netty-codec-socks-4.1.30.Final.jar:/home/user/.m2/repository/io/netty/netty-transport-native-epoll/4.1.30.Final/netty-transport-native-epoll-4.1.30.Final.jar:/home/user/.m2/repository/io/netty/netty-common/4.1.30.Final/netty-common-4.1.30.Final.jar:/home/user/.m2/repository/io/netty/netty-buffer/4.1.30.Final/netty-buffer-4.1.30.Final.jar:/home/user/.m2/repository/io/netty/netty-transport/4.1.30.Final/netty-transport-4.1.30.Final.jar:/home/user/.m2/repository/io/netty/netty-resolver/4.1.30.Final/netty-resolver-4.1.30.Final.jar:/home/user/.m2/repository/io/netty/netty-transport-native-unix-common/4.1.30.Final/netty-transport-native-unix-common-4.1.30.Final.jar:/home/user/.m2/repository/io/grpc/grpc-protobuf/1.17.1/grpc-protobuf-1.17.1.jar:/home/user/.m2/repository/com/google/api/grpc/proto-google-common-protos/1.0.0/proto-google-common-protos-1.0.0.jar:/home/user/.m2/repository/io/grpc/grpc-protobuf-lite/1.17.1/grpc-protobuf-lite-1.17.1.jar:/home/user/.m2/repository/io/grpc/grpc-stub/1.17.1/grpc-stub-1.17.1.jar:/home/user/.m2/repository/org/apache/hadoop/hadoop-ozone-recon/0.5.0-SNAPSHOT/hadoop-ozone-recon-0.5.0-SNAPSHOT.jar:/home/user/.m2/repository/org/apache/hadoop/hadoop-ozone-reconcodegen/0.5.0-SNAPSHOT/hadoop-ozone-reconcodegen-0.5.0-SNAPSHOT.jar:/home/user/.m2/repository/com/google/inject/extensions/guice-multibindings/4.0/guice-multibindings-4.0.jar:/home/user/.m2/repository/com/google/inject/guice/4.0/guice-4.0.jar:/home/user/.m2/repository/aopalliance/aopalliance/1.0/aopalliance-1.0.jar:/home/user/.m2/repository/com/google/inject/extensions/guice-servlet/4.0/guice-servlet-4.0.jar:/home/user/.m2/repository/org/glassfish/jersey/containers/jersey-container-servlet/2.27/jersey-container-servlet-2.27.jar:/home/user/.m2/repository/org/glassfish/hk2/guice-bridge/2.5.0/guice-bridge-2.5.0.jar:/home/user/.m2/repository/org/glassfish/jersey/core/jersey-server/2.27/jersey-server-2.27.jar:/home/user/.m2/repository/org/glassfish/jersey/core/jersey-client/2.27/jersey-client-2.27.jar:/home/user/.m2/repository/org/glassfish/jersey/media/jersey-media-jaxb/2.27/jersey-media-jaxb-2.27.jar:/home/user/.m2/repository/javax/validation/validation-api/1.1.0.Final/validation-api-1.1.0.Final.jar:/home/user/.m2/repository/org/glassfish/jersey/media/jersey-media-json-jackson/2.27/jersey-media-json-jackson-2.27.jar:/home/user/.m2/repository/org/glassfish/jersey/ext/jersey-entity-filtering/2.27/jersey-entity-filtering-2.27.jar:/home/user/.m2/repository/com/google/inject/extensions/guice-assistedinject/4.0/guice-assistedinject-4.0.jar:/home/user/.m2/repository/org/jooq/jooq/3.11.10/jooq-3.11.10.jar:/home/user/.m2/repository/org/jooq/jooq-meta/3.11.10/jooq-meta-3.11.10.jar:/home/user/.m2/repository/org/jooq/jooq-codegen/3.11.10/jooq-codegen-3.11.10.jar:/home/user/.m2/repository/com/jolbox/bonecp/0.8.0.RELEASE/bonecp-0.8.0.RELEASE.jar:/home/user/.m2/repository/org/xerial/sqlite-jdbc/3.25.2/sqlite-jdbc-3.25.2.jar:/home/user/.m2/repository/org/springframework/spring-jdbc/5.1.3.RELEASE/spring-jdbc-5.1.3.RELEASE.jar:/home/user/.m2/repository/org/springframework/spring-beans/5.1.3.RELEASE/spring-beans-5.1.3.RELEASE.jar:/home/user/.m2/repository/org/springframework/spring-core/5.1.3.RELEASE/spring-core-5.1.3.RELEASE.jar:/home/user/.m2/repository/org/springframework/spring-jcl/5.1.3.RELEASE/spring-jcl-5.1.3.RELEASE.jar:/home/user/.m2/repository/org/springframework/spring-tx/5.1.3.RELEASE/spring-tx-5.1.3.RELEASE.jar:/home/user/.m2/repository/org/apache/hadoop/hadoop-ozone-client/0.5.0-SNAPSHOT/hadoop-ozone-client-0.5.0-SNAPSHOT.jar:/home/user/.m2/repository/commons-lang/commons-lang/2.6/commons-lang-2.6.jar:/home/user/.m2/repository/org/apache/hadoop/hadoop-ozone-ozone-manager/0.5.0-SNAPSHOT/hadoop-ozone-ozone-manager-0.5.0-SNAPSHOT-tests.jar:/home/user/.m2/repository/junit/junit/4.11/junit-4.11.jar:/home/user/.m2/repository/org/hamcrest/hamcrest-core/1.3/hamcrest-core-1.3.jar:/home/user/.m2/repository/org/openjdk/jmh/jmh-core/1.19/jmh-core-1.19.jar:/home/user/.m2/repository/net/sf/jopt-simple/jopt-simple/4.6/jopt-simple-4.6.jar:/home/user/.m2/repository/org/apache/commons/commons-math3/3.1.1/commons-math3-3.1.1.jar:/home/user/.m2/repository/org/openjdk/jmh/jmh-generator-annprocess/1.19/jmh-generator-annprocess-1.19.jar:/home/user/.m2/repository/org/mockito/mockito-all/1.8.5/mockito-all-1.8.5.jar:/home/user/.m2/repository/org/apache/hadoop/hadoop-kms/3.2.0/hadoop-kms-3.2.0.jar:/home/user/.m2/repository/org/apache/hadoop/hadoop-auth/3.2.0/hadoop-auth-3.2.0.jar:/home/user/.m2/repository/com/nimbusds/nimbus-jose-jwt/4.41.1/nimbus-jose-jwt-4.41.1.jar:/home/user/.m2/repository/com/github/stephenc/jcip/jcip-annotations/1.0-1/jcip-annotations-1.0-1.jar:/home/user/.m2/repository/net/minidev/json-smart/2.3/json-smart-2.3.jar:/home/user/.m2/repository/net/minidev/accessors-smart/1.2/accessors-smart-1.2.jar:/home/user/.m2/repository/org/ow2/asm/asm/5.0.4/asm-5.0.4.jar:/home/user/.m2/repository/org/apache/curator/curator-framework/2.12.0/curator-framework-2.12.0.jar:/home/user/.m2/repository/com/sun/jersey/jersey-core/1.19/jersey-core-1.19.jar:/home/user/.m2/repository/javax/ws/rs/jsr311-api/1.1.1/jsr311-api-1.1.1.jar:/home/user/.m2/repository/com/sun/jersey/jersey-server/1.19/jersey-server-1.19.jar:/home/user/.m2/repository/javax/servlet/javax.servlet-api/3.1.0/javax.servlet-api-3.1.0.jar:/home/user/.m2/repository/org/eclipse/jetty/jetty-server/9.3.24.v20180605/jetty-server-9.3.24.v20180605.jar:/home/user/.m2/repository/org/eclipse/jetty/jetty-http/9.3.24.v20180605/jetty-http-9.3.24.v20180605.jar:/home/user/.m2/repository/org/eclipse/jetty/jetty-io/9.3.24.v20180605/jetty-io-9.3.24.v20180605.jar:/home/user/.m2/repository/org/eclipse/jetty/jetty-webapp/9.3.24.v20180605/jetty-webapp-9.3.24.v20180605.jar:/home/user/.m2/repository/org/eclipse/jetty/jetty-xml/9.3.24.v20180605/jetty-xml-9.3.24.v20180605.jar:/home/user/.m2/repository/log4j/log4j/1.2.17/log4j-1.2.17.jar:/home/user/.m2/repository/org/slf4j/slf4j-api/1.7.25/slf4j-api-1.7.25.jar:/home/user/.m2/repository/org/slf4j/jul-to-slf4j/1.7.25/jul-to-slf4j-1.7.25.jar:/home/user/.m2/repository/org/eclipse/jetty/jetty-util/9.3.24.v20180605/jetty-util-9.3.24.v20180605.jar:/home/user/.m2/repository/com/fasterxml/jackson/core/jackson-databind/2.9.5/jackson-databind-2.9.5.jar:/home/user/.m2/repository/org/apache/hadoop/hadoop-kms/3.2.0/hadoop-kms-3.2.0-tests.jar:/home/user/.m2/repository/org/apache/hadoop/hadoop-hdds-server-scm/0.5.0-SNAPSHOT/hadoop-hdds-server-scm-0.5.0-SNAPSHOT-tests.jar:/home/user/.m2/repository/org/apache/hadoop/hadoop-hdds-container-service/0.5.0-SNAPSHOT/hadoop-hdds-container-service-0.5.0-SNAPSHOT-tests.jar:/home/user/.m2/repository/org/yaml/snakeyaml/1.16/snakeyaml-1.16.jar:/home/user/.m2/repository/org/apache/hadoop/hadoop-common/3.2.0/hadoop-common-3.2.0-tests.jar:/home/user/.m2/repository/org/apache/hadoop/hadoop-annotations/3.2.0/hadoop-annotations-3.2.0.jar:/usr/lib/jvm/java-1.8-openjdk/jre/../lib/tools.jar:/home/user/.m2/repository/commons-cli/commons-cli/1.2/commons-cli-1.2.jar:/home/user/.m2/repository/org/apache/httpcomponents/httpclient/4.5.2/httpclient-4.5.2.jar:/home/user/.m2/repository/org/apache/httpcomponents/httpcore/4.4.4/httpcore-4.4.4.jar:/home/user/.m2/repository/commons-codec/commons-codec/1.11/commons-codec-1.11.jar:/home/user/.m2/repository/commons-net/commons-net/3.6/commons-net-3.6.jar:/home/user/.m2/repository/commons-collections/commons-collections/3.2.2/commons-collections-3.2.2.jar:/home/user/.m2/repository/org/eclipse/jetty/jetty-servlet/9.3.24.v20180605/jetty-servlet-9.3.24.v20180605.jar:/home/user/.m2/repository/org/eclipse/jetty/jetty-security/9.3.24.v20180605/jetty-security-9.3.24.v20180605.jar:/home/user/.m2/repository/javax/servlet/jsp/jsp-api/2.1/jsp-api-2.1.jar:/home/user/.m2/repository/com/sun/jersey/jersey-servlet/1.19/jersey-servlet-1.19.jar:/home/user/.m2/repository/com/sun/jersey/jersey-json/1.19/jersey-json-1.19.jar:/home/user/.m2/repository/org/codehaus/jettison/jettison/1.1/jettison-1.1.jar:/home/user/.m2/repository/org/codehaus/jackson/jackson-core-asl/1.9.13/jackson-core-asl-1.9.13.jar:/home/user/.m2/repository/org/codehaus/jackson/jackson-mapper-asl/1.9.13/jackson-mapper-asl-1.9.13.jar:/home/user/.m2/repository/org/codehaus/jackson/jackson-jaxrs/1.9.13/jackson-jaxrs-1.9.13.jar:/home/user/.m2/repository/org/codehaus/jackson/jackson-xc/1.9.13/jackson-xc-1.9.13.jar:/home/user/.m2/repository/commons-logging/commons-logging/1.1.3/commons-logging-1.1.3.jar:/home/user/.m2/repository/commons-beanutils/commons-beanutils/1.9.3/commons-beanutils-1.9.3.jar:/home/user/.m2/repository/org/apache/commons/commons-configuration2/2.1.1/commons-configuration2-2.1.1.jar:/home/user/.m2/repository/org/apache/commons/commons-lang3/3.7/commons-lang3-3.7.jar:/home/user/.m2/repository/org/apache/commons/commons-text/1.4/commons-text-1.4.jar:/home/user/.m2/repository/org/apache/avro/avro/1.7.7/avro-1.7.7.jar:/home/user/.m2/repository/com/thoughtworks/paranamer/paranamer/2.3/paranamer-2.3.jar:/home/user/.m2/repository/org/xerial/snappy/snappy-java/1.0.5/snappy-java-1.0.5.jar:/home/user/.m2/repository/com/google/re2j/re2j/1.1/re2j-1.1.jar:/home/user/.m2/repository/com/google/code/gson/gson/2.2.4/gson-2.2.4.jar:/home/user/.m2/repository/com/jcraft/jsch/0.1.54/jsch-0.1.54.jar:/home/user/.m2/repository/org/apache/curator/curator-client/2.12.0/curator-client-2.12.0.jar:/home/user/.m2/repository/org/apache/curator/curator-recipes/2.12.0/curator-recipes-2.12.0.jar:/home/user/.m2/repository/com/google/code/findbugs/jsr305/3.0.0/jsr305-3.0.0.jar:/home/user/.m2/repository/org/apache/htrace/htrace-core4/4.1.0-incubating/htrace-core4-4.1.0-incubating.jar:/home/user/.m2/repository/org/apache/zookeeper/zookeeper/3.4.13/zookeeper-3.4.13.jar:/home/user/.m2/repository/org/apache/yetus/audience-annotations/0.5.0/audience-annotations-0.5.0.jar:/home/user/.m2/repository/org/codehaus/woodstox/stax2-api/3.1.4/stax2-api-3.1.4.jar:/home/user/.m2/repository/com/fasterxml/woodstox/woodstox-core/5.0.3/woodstox-core-5.0.3.jar:/home/user/.m2/repository/dnsjava/dnsjava/2.1.7/dnsjava-2.1.7.jar:/home/user/.m2/repository/org/apache/hadoop/hadoop-hdfs/3.2.0/hadoop-hdfs-3.2.0-tests.jar:/home/user/.m2/repository/org/eclipse/jetty/jetty-util-ajax/9.3.24.v20180605/jetty-util-ajax-9.3.24.v20180605.jar:/home/user/.m2/repository/commons-daemon/commons-daemon/1.0.13/commons-daemon-1.0.13.jar:/home/user/.m2/repository/io/netty/netty/3.10.5.Final/netty-3.10.5.Final.jar:/home/user/.m2/repository/io/netty/netty-all/4.0.52.Final/netty-all-4.0.52.Final.jar:/home/user/.m2/repository/org/fusesource/leveldbjni/leveldbjni-all/1.8/leveldbjni-all-1.8.jar:"/>
    <property name="sun.cpu.endian" value="little"/>
    <property name="user.home" value="/home/user"/>
    <property name="user.language" value="en"/>
    <property name="java.specification.vendor" value="Oracle Corporation"/>
    <property name="java.home" value="/usr/lib/jvm/java-1.8-openjdk/jre"/>
    <property name="java.security.krb5.conf" value="/workdir/hadoop-ozone/integration-test/target/test-classes/krb5.conf"/>
    <property name="basedir" value="/workdir/hadoop-ozone/integration-test"/>
    <property name="file.separator" value="/"/>
    <property name="line.separator" value="&#10;"/>
    <property name="java.vm.specification.vendor" value="Oracle Corporation"/>
    <property name="java.specification.name" value="Java Platform API Specification"/>
    <property name="java.awt.graphicsenv" value="sun.awt.X11GraphicsEnvironment"/>
    <property name="surefire.real.class.path" value="/workdir/hadoop-ozone/integration-test/target/surefire/surefirebooter1770769749807263545.jar"/>
    <property name="hadoop.log.dir" value="/workdir/hadoop-ozone/integration-test/target/log"/>
    <property name="sun.boot.class.path" value="/usr/lib/jvm/java-1.8-openjdk/jre/lib/resources.jar:/usr/lib/jvm/java-1.8-openjdk/jre/lib/rt.jar:/usr/lib/jvm/java-1.8-openjdk/jre/lib/sunrsasign.jar:/usr/lib/jvm/java-1.8-openjdk/jre/lib/jsse.jar:/usr/lib/jvm/java-1.8-openjdk/jre/lib/jce.jar:/usr/lib/jvm/java-1.8-openjdk/jre/lib/charsets.jar:/usr/lib/jvm/java-1.8-openjdk/jre/lib/jfr.jar:/usr/lib/jvm/java-1.8-openjdk/jre/classes"/>
    <property name="sun.management.compiler" value="HotSpot 64-Bit Tiered Compilers"/>
    <property name="java.runtime.version" value="1.8.0_212-b04"/>
    <property name="java.net.preferIPv4Stack" value="true"/>
    <property name="user.name" value="jenkins1000"/>
    <property name="path.separator" value=":"/>
    <property name="java.security.egd" value="file:///dev/urandom"/>
    <property name="os.version" value="3.10.0-957.12.2.el7.x86_64"/>
    <property name="java.endorsed.dirs" value="/usr/lib/jvm/java-1.8-openjdk/jre/lib/endorsed"/>
    <property name="java.runtime.name" value="OpenJDK Runtime Environment"/>
    <property name="file.encoding" value="UTF-8"/>
    <property name="java.vm.name" value="OpenJDK 64-Bit Server VM"/>
    <property name="test.build.webapps" value=""/>
    <property name="localRepository" value="/home/user/.m2/repository"/>
    <property name="java.vendor.url.bug" value="https://icedtea.classpath.org/bugzilla"/>
    <property name="java.io.tmpdir" value="/tmp"/>
    <property name="require.test.libhadoop" value=""/>
    <property name="java.version" value="1.8.0_212"/>
    <property name="user.dir" value="/workdir/hadoop-ozone/integration-test"/>
    <property name="os.arch" value="amd64"/>
    <property name="java.vm.specification.name" value="Java Virtual Machine Specification"/>
    <property name="test.build.classes" value="/workdir/hadoop-ozone/integration-test/target/test-classes"/>
    <property name="java.awt.printerjob" value="sun.print.PSPrinterJob"/>
    <property name="sun.os.patch.level" value="unknown"/>
    <property name="hadoop.tmp.dir" value="/workdir/hadoop-ozone/integration-test/target/tmp"/>
    <property name="java.library.path" value="/usr/lib/jvm/java-1.8-openjdk/jre/lib/amd64/server:/usr/lib/jvm/java-1.8-openjdk/jre/lib/amd64:/usr/lib/jvm/java-1.8-openjdk/jre/../lib/amd64:/workdir/hadoop-ozone/integration-test/target/native/target/usr/local/lib:/workdir/hadoop-ozone/integration-test/../../hadoop-common-project/hadoop-common/target/native/target/usr/local/lib:/usr/java/packages/lib/amd64:/usr/lib64:/lib64:/lib:/usr/lib"/>
    <property name="java.vm.info" value="mixed mode"/>
    <property name="java.vendor" value="IcedTea"/>
    <property name="java.vm.version" value="25.212-b04"/>
    <property name="java.ext.dirs" value="/usr/lib/jvm/java-1.8-openjdk/jre/lib/ext:/usr/java/packages/lib/ext"/>
    <property name="sun.io.unicode.encoding" value="UnicodeLittle"/>
    <property name="java.class.version" value="52.0"/>
  </properties>
  <testcase name="testPipelineMap" classname="org.apache.hadoop.hdds.scm.pipeline.TestNode2PipelineMap" time="31.728">
    <error message="Could not allocate container. Cannot get any matching pipeline for Type:RATIS, Factor:THREE, State:PipelineState.OPEN" type="java.io.IOException">java.io.IOException: Could not allocate container. Cannot get any matching pipeline for Type:RATIS, Factor:THREE, State:PipelineState.OPEN
	at org.apache.hadoop.hdds.scm.container.ContainerStateManager.allocateContainer(ContainerStateManager.java:260)
	at org.apache.hadoop.hdds.scm.container.SCMContainerManager.allocateContainer(SCMContainerManager.java:247)
	at org.apache.hadoop.hdds.scm.pipeline.TestNode2PipelineMap.init(TestNode2PipelineMap.java:69)
	at sun.reflect.NativeMethodAccessorImpl.invoke0(Native Method)
	at sun.reflect.NativeMethodAccessorImpl.invoke(NativeMethodAccessorImpl.java:62)
	at sun.reflect.DelegatingMethodAccessorImpl.invoke(DelegatingMethodAccessorImpl.java:43)
	at java.lang.reflect.Method.invoke(Method.java:498)
	at org.junit.runners.model.FrameworkMethod$1.runReflectiveCall(FrameworkMethod.java:47)
	at org.junit.internal.runners.model.ReflectiveCallable.run(ReflectiveCallable.java:12)
	at org.junit.runners.model.FrameworkMethod.invokeExplosively(FrameworkMethod.java:44)
	at org.junit.internal.runners.statements.RunBefores.evaluate(RunBefores.java:24)
	at org.junit.internal.runners.statements.RunAfters.evaluate(RunAfters.java:27)
	at org.junit.runners.ParentRunner.runLeaf(ParentRunner.java:271)
	at org.junit.runners.BlockJUnit4ClassRunner.runChild(BlockJUnit4ClassRunner.java:70)
	at org.junit.runners.BlockJUnit4ClassRunner.runChild(BlockJUnit4ClassRunner.java:50)
	at org.junit.runners.ParentRunner$3.run(ParentRunner.java:238)
	at org.junit.runners.ParentRunner$1.schedule(ParentRunner.java:63)
	at org.junit.runners.ParentRunner.runChildren(ParentRunner.java:236)
	at org.junit.runners.ParentRunner.access$000(ParentRunner.java:53)
	at org.junit.runners.ParentRunner$2.evaluate(ParentRunner.java:229)
	at org.junit.runners.ParentRunner.run(ParentRunner.java:309)
	at org.apache.maven.surefire.junit4.JUnit4Provider.execute(JUnit4Provider.java:365)
	at org.apache.maven.surefire.junit4.JUnit4Provider.executeWithRerun(JUnit4Provider.java:273)
	at org.apache.maven.surefire.junit4.JUnit4Provider.executeTestSet(JUnit4Provider.java:238)
	at org.apache.maven.surefire.junit4.JUnit4Provider.invoke(JUnit4Provider.java:159)
	at org.apache.maven.surefire.booter.ForkedBooter.invokeProviderInSameClassLoader(ForkedBooter.java:384)
	at org.apache.maven.surefire.booter.ForkedBooter.runSuitesInProcess(ForkedBooter.java:345)
	at org.apache.maven.surefire.booter.ForkedBooter.execute(ForkedBooter.java:126)
	at org.apache.maven.surefire.booter.ForkedBooter.main(ForkedBooter.java:418)
</error>
    <system-out><![CDATA[2019-09-12 10:10:21,286 [main] WARN  server.ServerUtils (ServerUtils.java:getScmDbDir(145)) - ozone.scm.db.dirs is not configured. We recommend adding this setting. Falling back to ozone.metadata.dirs instead.
2019-09-12 10:10:21,376 [main] WARN  server.ServerUtils (ServerUtils.java:getScmDbDir(145)) - ozone.scm.db.dirs is not configured. We recommend adding this setting. Falling back to ozone.metadata.dirs instead.
2019-09-12 10:10:21,380 [main] WARN  server.ServerUtils (ServerUtils.java:getScmDbDir(145)) - ozone.scm.db.dirs is not configured. We recommend adding this setting. Falling back to ozone.metadata.dirs instead.
2019-09-12 10:10:21,398 [main] INFO  util.log (Log.java:initialized(192)) - Logging initialized @876ms
2019-09-12 10:10:21,499 [main] INFO  db.DBStoreBuilder (DBStoreBuilder.java:addTable(110)) - using custom profile for table: deletedBlocks
2019-09-12 10:10:21,500 [main] INFO  db.DBStoreBuilder (DBStoreBuilder.java:processTables(161)) - Using default column profile:DBProfile.DISK for Table:deletedBlocks
2019-09-12 10:10:21,500 [main] INFO  db.DBStoreBuilder (DBStoreBuilder.java:addTable(110)) - using custom profile for table: validCerts
2019-09-12 10:10:21,500 [main] INFO  db.DBStoreBuilder (DBStoreBuilder.java:processTables(161)) - Using default column profile:DBProfile.DISK for Table:validCerts
2019-09-12 10:10:21,501 [main] INFO  db.DBStoreBuilder (DBStoreBuilder.java:addTable(110)) - using custom profile for table: revokedCerts
2019-09-12 10:10:21,501 [main] INFO  db.DBStoreBuilder (DBStoreBuilder.java:processTables(161)) - Using default column profile:DBProfile.DISK for Table:revokedCerts
2019-09-12 10:10:21,513 [main] INFO  db.DBStoreBuilder (DBStoreBuilder.java:addTable(110)) - using custom profile for table: default
2019-09-12 10:10:21,514 [main] INFO  db.DBStoreBuilder (DBStoreBuilder.java:processTables(167)) - Using default column profile:DBProfile.DISK for Table:default
2019-09-12 10:10:21,515 [main] INFO  db.DBStoreBuilder (DBStoreBuilder.java:getDbProfile(198)) - Using default options. DBProfile.DISK
2019-09-12 10:10:21,813 [main] INFO  net.NodeSchemaLoader (NodeSchemaLoader.java:loadSchemaFromFile(125)) - Loading file from sun.misc.CompoundEnumeration@20deea7f
2019-09-12 10:10:21,816 [main] INFO  net.NodeSchemaLoader (NodeSchemaLoader.java:loadSchema(171)) - Loading network topology layer schema file
2019-09-12 10:10:21,905 [main] WARN  server.ServerUtils (ServerUtils.java:sanitizeUserArgs(70)) - ozone.scm.stale.node.interval value = 300000 is larger than max = 100000 based on the key value of ozone.scm.heartbeat.thread.interval, reset to the max value 100000.
2019-09-12 10:10:21,907 [main] WARN  server.ServerUtils (ServerUtils.java:sanitizeUserArgs(70)) - ozone.scm.stale.node.interval value = 300000 is larger than max = 100000 based on the key value of ozone.scm.heartbeat.thread.interval, reset to the max value 100000.
2019-09-12 10:10:21,909 [main] INFO  node.SCMNodeManager (SCMNodeManager.java:<init>(121)) - Entering startup safe mode.
2019-09-12 10:10:21,982 [main] INFO  algorithms.ContainerPlacementPolicyFactory (ContainerPlacementPolicyFactory.java:getPolicy(56)) - Create container placement policy of type org.apache.hadoop.hdds.scm.container.placement.algorithms.SCMContainerPlacementRandom
2019-09-12 10:10:21,997 [main] WARN  server.ServerUtils (ServerUtils.java:getScmDbDir(145)) - ozone.scm.db.dirs is not configured. We recommend adding this setting. Falling back to ozone.metadata.dirs instead.
2019-09-12 10:10:22,370 [main] INFO  pipeline.SCMPipelineManager (SCMPipelineManager.java:initializePipelineState(126)) - No pipeline exists in current db
2019-09-12 10:10:22,374 [main] WARN  server.ServerUtils (ServerUtils.java:getScmDbDir(145)) - ozone.scm.db.dirs is not configured. We recommend adding this setting. Falling back to ozone.metadata.dirs instead.
2019-09-12 10:10:22,813 [main] WARN  events.EventQueue (EventQueue.java:fireEvent(175)) - No event handler registered for event TypedEvent{payloadType=SafeModeStatus, name='SafeModeStatus'}
2019-09-12 10:10:23,373 [main] INFO  ipc.CallQueueManager (CallQueueManager.java:<init>(84)) - Using callQueue: class java.util.concurrent.LinkedBlockingQueue, queueCapacity: 2000, scheduler: class org.apache.hadoop.ipc.DefaultRpcScheduler, ipcBackoff: false.
2019-09-12 10:10:23,691 [Socket Reader #1 for port 43702] INFO  ipc.Server (Server.java:run(1074)) - Starting Socket Reader #1 for port 43702
2019-09-12 10:10:23,720 [main] INFO  ipc.CallQueueManager (CallQueueManager.java:<init>(84)) - Using callQueue: class java.util.concurrent.LinkedBlockingQueue, queueCapacity: 2000, scheduler: class org.apache.hadoop.ipc.DefaultRpcScheduler, ipcBackoff: false.
2019-09-12 10:10:23,721 [Socket Reader #1 for port 33582] INFO  ipc.Server (Server.java:run(1074)) - Starting Socket Reader #1 for port 33582
2019-09-12 10:10:23,728 [main] INFO  ipc.CallQueueManager (CallQueueManager.java:<init>(84)) - Using callQueue: class java.util.concurrent.LinkedBlockingQueue, queueCapacity: 2000, scheduler: class org.apache.hadoop.ipc.DefaultRpcScheduler, ipcBackoff: false.
2019-09-12 10:10:23,729 [Socket Reader #1 for port 44924] INFO  ipc.Server (Server.java:run(1074)) - Starting Socket Reader #1 for port 44924
2019-09-12 10:10:23,748 [main] INFO  hdfs.DFSUtil (DFSUtil.java:httpServerTemplateForNNAndJN(1641)) - Starting Web-server for scm at: http://0.0.0.0:0
2019-09-12 10:10:23,907 [main] INFO  server.AuthenticationFilter (AuthenticationFilter.java:constructSecretProvider(240)) - Unable to initialize FileSignerSecretProvider, falling back to use random secrets.
2019-09-12 10:10:23,914 [main] WARN  http.HttpRequestLog (HttpRequestLog.java:getRequestLog(97)) - Jetty request log can only be enabled using Log4j
2019-09-12 10:10:23,923 [main] INFO  http.HttpServer2 (HttpServer2.java:addGlobalFilter(975)) - Added global filter 'safety' (class=org.apache.hadoop.http.HttpServer2$QuotingInputFilter)
2019-09-12 10:10:23,926 [main] INFO  http.HttpServer2 (HttpServer2.java:addFilter(948)) - Added filter static_user_filter (class=org.apache.hadoop.http.lib.StaticUserWebFilter$StaticUserFilter) to context scm
2019-09-12 10:10:23,926 [main] INFO  http.HttpServer2 (HttpServer2.java:addFilter(958)) - Added filter static_user_filter (class=org.apache.hadoop.http.lib.StaticUserWebFilter$StaticUserFilter) to context static
2019-09-12 10:10:23,926 [main] INFO  http.HttpServer2 (HttpServer2.java:addFilter(958)) - Added filter static_user_filter (class=org.apache.hadoop.http.lib.StaticUserWebFilter$StaticUserFilter) to context logs
2019-09-12 10:10:23,964 [main] INFO  server.StorageContainerManager (StorageContainerManager.java:start(759)) - StorageContainerLocationProtocol RPC server is listening at /0.0.0.0:44924
2019-09-12 10:10:24,034 [main] WARN  impl.MetricsConfig (MetricsConfig.java:loadFirst(134)) - Cannot locate configuration: tried hadoop-metrics2-storagecontainermanager.properties,hadoop-metrics2.properties
2019-09-12 10:10:24,047 [main] INFO  impl.MetricsSystemImpl (MetricsSystemImpl.java:startTimer(374)) - Scheduled Metric snapshot period at 10 second(s).
2019-09-12 10:10:24,047 [main] INFO  impl.MetricsSystemImpl (MetricsSystemImpl.java:start(191)) - StorageContainerManager metrics system started
2019-09-12 10:10:24,273 [main] INFO  server.SCMClientProtocolServer (SCMClientProtocolServer.java:start(151)) - RPC server for Client  is listening at /0.0.0.0:44924
2019-09-12 10:10:24,274 [IPC Server Responder] INFO  ipc.Server (Server.java:run(1314)) - IPC Server Responder: starting
2019-09-12 10:10:24,274 [IPC Server listener on 44924] INFO  ipc.Server (Server.java:run(1153)) - IPC Server listener on 44924: starting
2019-09-12 10:10:24,276 [main] INFO  server.StorageContainerManager (StorageContainerManager.java:start(769)) - ScmBlockLocationProtocol RPC server is listening at /0.0.0.0:33582
2019-09-12 10:10:24,277 [main] INFO  server.SCMBlockProtocolServer (SCMBlockProtocolServer.java:start(140)) - RPC server for Block Protocol is listening at /0.0.0.0:33582
2019-09-12 10:10:24,277 [IPC Server Responder] INFO  ipc.Server (Server.java:run(1314)) - IPC Server Responder: starting
2019-09-12 10:10:24,277 [IPC Server listener on 33582] INFO  ipc.Server (Server.java:run(1153)) - IPC Server listener on 33582: starting
2019-09-12 10:10:24,279 [main] INFO  server.StorageContainerManager (StorageContainerManager.java:start(773)) - ScmDatanodeProtocl RPC server is listening at /0.0.0.0:43702
2019-09-12 10:10:24,280 [main] INFO  server.SCMDatanodeProtocolServer (SCMDatanodeProtocolServer.java:start(191)) - RPC server for DataNodes is listening at /0.0.0.0:43702
2019-09-12 10:10:24,280 [IPC Server Responder] INFO  ipc.Server (Server.java:run(1314)) - IPC Server Responder: starting
2019-09-12 10:10:24,280 [IPC Server listener on 43702] INFO  ipc.Server (Server.java:run(1153)) - IPC Server listener on 43702: starting
2019-09-12 10:10:24,285 [main] INFO  http.HttpServer2 (HttpServer2.java:bindListener(1191)) - Jetty bound to port 37993
2019-09-12 10:10:24,288 [main] INFO  server.Server (Server.java:doStart(351)) - jetty-9.3.24.v20180605, build timestamp: 2018-06-05T17:11:56Z, git hash: 84205aa28f11a4f31f2a3b86d1bba2cc8ab69827
2019-09-12 10:10:24,337 [main] INFO  handler.ContextHandler (ContextHandler.java:doStart(781)) - Started o.e.j.s.ServletContextHandler@74a6a609{/logs,file:///workdir/hadoop-ozone/integration-test/target/log,AVAILABLE}
2019-09-12 10:10:24,337 [main] INFO  handler.ContextHandler (ContextHandler.java:doStart(781)) - Started o.e.j.s.ServletContextHandler@2374d36a{/static,file:///workdir/hadoop-ozone/integration-test/target/test-classes/webapps/static,AVAILABLE}
2019-09-12 10:10:24,374 [main] INFO  handler.ContextHandler (ContextHandler.java:doStart(781)) - Started o.e.j.w.WebAppContext@21a5fd96{/,file:///workdir/hadoop-ozone/integration-test/target/test-classes/webapps/scm/,AVAILABLE}{/scm}
2019-09-12 10:10:24,380 [main] INFO  server.AbstractConnector (AbstractConnector.java:doStart(278)) - Started ServerConnector@327120c8{HTTP/1.1,[http/1.1]}{0.0.0.0:37993}
2019-09-12 10:10:24,380 [main] INFO  server.Server (Server.java:doStart(419)) - Started @3859ms
2019-09-12 10:10:24,381 [main] INFO  server.BaseHttpServer (BaseHttpServer.java:updateConnectorAddress(213)) - HTTP server of SCM is listening at http://0.0.0.0:37993
2019-09-12 10:10:24,388 [org.apache.hadoop.util.JvmPauseMonitor$Monitor@2555fff0] INFO  util.JvmPauseMonitor (JvmPauseMonitor.java:run(188)) - Starting JVM pause monitor
2019-09-12 10:10:24,392 [main] WARN  server.ServerUtils (ServerUtils.java:getDBPath(222)) - ozone.om.db.dirs is not configured. We recommend adding this setting. Falling back to ozone.metadata.dirs instead.
2019-09-12 10:10:24,503 [main] WARN  server.ServerUtils (ServerUtils.java:getDBPath(222)) - ozone.om.db.dirs is not configured. We recommend adding this setting. Falling back to ozone.metadata.dirs instead.
2019-09-12 10:10:24,504 [main] WARN  server.ServerUtils (ServerUtils.java:getDBPath(222)) - ozone.om.db.dirs is not configured. We recommend adding this setting. Falling back to ozone.metadata.dirs instead.
2019-09-12 10:10:24,505 [main] INFO  om.OzoneManager (OzoneManager.java:setOMNodeDetails(645)) - OM Service ID is not set. Setting it to the default ID: omServiceIdDefault
2019-09-12 10:10:24,505 [main] INFO  om.OzoneManager (OzoneManager.java:setOMNodeDetails(651)) - OM Node ID is not set. Setting it to the OmStorage's OmID: a7a24382-a31c-42f2-933e-8068771f3ca5
2019-09-12 10:10:24,506 [main] INFO  om.OzoneManager (OzoneManager.java:loadOMHAConfigs(602)) - Found matching OM address with OMServiceId: null, OMNodeId: null, RPC Address: localhost:0 and Ratis port: 9872
2019-09-12 10:10:24,749 | INFO  | SCMAudit | user=jenkins1000 | ip=192.168.36.114 | op=GET_SCM_INFO null | ret=SUCCESS |  
2019-09-12 10:10:25,186 [main] WARN  server.ServerUtils (ServerUtils.java:getDBPath(222)) - ozone.om.db.dirs is not configured. We recommend adding this setting. Falling back to ozone.metadata.dirs instead.
2019-09-12 10:10:25,193 [main] INFO  db.DBStoreBuilder (DBStoreBuilder.java:addTable(110)) - using custom profile for table: userTable
2019-09-12 10:10:25,193 [main] INFO  db.DBStoreBuilder (DBStoreBuilder.java:processTables(161)) - Using default column profile:DBProfile.DISK for Table:userTable
2019-09-12 10:10:25,193 [main] INFO  db.DBStoreBuilder (DBStoreBuilder.java:addTable(110)) - using custom profile for table: volumeTable
2019-09-12 10:10:25,194 [main] INFO  db.DBStoreBuilder (DBStoreBuilder.java:processTables(161)) - Using default column profile:DBProfile.DISK for Table:volumeTable
2019-09-12 10:10:25,194 [main] INFO  db.DBStoreBuilder (DBStoreBuilder.java:addTable(110)) - using custom profile for table: bucketTable
2019-09-12 10:10:25,194 [main] INFO  db.DBStoreBuilder (DBStoreBuilder.java:processTables(161)) - Using default column profile:DBProfile.DISK for Table:bucketTable
2019-09-12 10:10:25,194 [main] INFO  db.DBStoreBuilder (DBStoreBuilder.java:addTable(110)) - using custom profile for table: keyTable
2019-09-12 10:10:25,195 [main] INFO  db.DBStoreBuilder (DBStoreBuilder.java:processTables(161)) - Using default column profile:DBProfile.DISK for Table:keyTable
2019-09-12 10:10:25,195 [main] INFO  db.DBStoreBuilder (DBStoreBuilder.java:addTable(110)) - using custom profile for table: deletedTable
2019-09-12 10:10:25,195 [main] INFO  db.DBStoreBuilder (DBStoreBuilder.java:processTables(161)) - Using default column profile:DBProfile.DISK for Table:deletedTable
2019-09-12 10:10:25,195 [main] INFO  db.DBStoreBuilder (DBStoreBuilder.java:addTable(110)) - using custom profile for table: openKeyTable
2019-09-12 10:10:25,195 [main] INFO  db.DBStoreBuilder (DBStoreBuilder.java:processTables(161)) - Using default column profile:DBProfile.DISK for Table:openKeyTable
2019-09-12 10:10:25,196 [main] INFO  db.DBStoreBuilder (DBStoreBuilder.java:addTable(110)) - using custom profile for table: s3Table
2019-09-12 10:10:25,196 [main] INFO  db.DBStoreBuilder (DBStoreBuilder.java:processTables(161)) - Using default column profile:DBProfile.DISK for Table:s3Table
2019-09-12 10:10:25,196 [main] INFO  db.DBStoreBuilder (DBStoreBuilder.java:addTable(110)) - using custom profile for table: multipartInfoTable
2019-09-12 10:10:25,196 [main] INFO  db.DBStoreBuilder (DBStoreBuilder.java:processTables(161)) - Using default column profile:DBProfile.DISK for Table:multipartInfoTable
2019-09-12 10:10:25,197 [main] INFO  db.DBStoreBuilder (DBStoreBuilder.java:addTable(110)) - using custom profile for table: dTokenTable
2019-09-12 10:10:25,197 [main] INFO  db.DBStoreBuilder (DBStoreBuilder.java:processTables(161)) - Using default column profile:DBProfile.DISK for Table:dTokenTable
2019-09-12 10:10:25,197 [main] INFO  db.DBStoreBuilder (DBStoreBuilder.java:addTable(110)) - using custom profile for table: s3SecretTable
2019-09-12 10:10:25,197 [main] INFO  db.DBStoreBuilder (DBStoreBuilder.java:processTables(161)) - Using default column profile:DBProfile.DISK for Table:s3SecretTable
2019-09-12 10:10:25,198 [main] INFO  db.DBStoreBuilder (DBStoreBuilder.java:addTable(110)) - using custom profile for table: prefixTable
2019-09-12 10:10:25,198 [main] INFO  db.DBStoreBuilder (DBStoreBuilder.java:processTables(161)) - Using default column profile:DBProfile.DISK for Table:prefixTable
2019-09-12 10:10:25,198 [main] INFO  db.DBStoreBuilder (DBStoreBuilder.java:addTable(110)) - using custom profile for table: default
2019-09-12 10:10:25,198 [main] INFO  db.DBStoreBuilder (DBStoreBuilder.java:processTables(167)) - Using default column profile:DBProfile.DISK for Table:default
2019-09-12 10:10:25,199 [main] INFO  db.DBStoreBuilder (DBStoreBuilder.java:getDbProfile(198)) - Using default options. DBProfile.DISK
2019-09-12 10:10:26,236 [main] INFO  ipc.CallQueueManager (CallQueueManager.java:<init>(84)) - Using callQueue: class java.util.concurrent.LinkedBlockingQueue, queueCapacity: 2000, scheduler: class org.apache.hadoop.ipc.DefaultRpcScheduler, ipcBackoff: false.
2019-09-12 10:10:26,237 [Socket Reader #1 for port 41250] INFO  ipc.Server (Server.java:run(1074)) - Starting Socket Reader #1 for port 41250
2019-09-12 10:10:26,262 [main] INFO  om.OzoneManager (OzoneManager.java:start(1256)) - OzoneManager RPC server is listening at localhost/127.0.0.1:41250
2019-09-12 10:10:26,262 [main] INFO  impl.MetricsSystemImpl (MetricsSystemImpl.java:init(158)) - OzoneManager metrics system started (again)
2019-09-12 10:10:26,264 [IPC Server Responder] INFO  ipc.Server (Server.java:run(1314)) - IPC Server Responder: starting
2019-09-12 10:10:26,264 [IPC Server listener on 41250] INFO  ipc.Server (Server.java:run(1153)) - IPC Server listener on 41250: starting
2019-09-12 10:10:26,269 [main] INFO  hdfs.DFSUtil (DFSUtil.java:httpServerTemplateForNNAndJN(1641)) - Starting Web-server for ozoneManager at: http://0.0.0.0:0
2019-09-12 10:10:26,271 [main] INFO  server.AuthenticationFilter (AuthenticationFilter.java:constructSecretProvider(240)) - Unable to initialize FileSignerSecretProvider, falling back to use random secrets.
2019-09-12 10:10:26,272 [main] WARN  http.HttpRequestLog (HttpRequestLog.java:getRequestLog(97)) - Jetty request log can only be enabled using Log4j
2019-09-12 10:10:26,275 [main] INFO  http.HttpServer2 (HttpServer2.java:addGlobalFilter(975)) - Added global filter 'safety' (class=org.apache.hadoop.http.HttpServer2$QuotingInputFilter)
2019-09-12 10:10:26,276 [main] INFO  http.HttpServer2 (HttpServer2.java:addFilter(948)) - Added filter static_user_filter (class=org.apache.hadoop.http.lib.StaticUserWebFilter$StaticUserFilter) to context ozoneManager
2019-09-12 10:10:26,277 [main] INFO  http.HttpServer2 (HttpServer2.java:addFilter(958)) - Added filter static_user_filter (class=org.apache.hadoop.http.lib.StaticUserWebFilter$StaticUserFilter) to context logs
2019-09-12 10:10:26,277 [main] INFO  http.HttpServer2 (HttpServer2.java:addFilter(958)) - Added filter static_user_filter (class=org.apache.hadoop.http.lib.StaticUserWebFilter$StaticUserFilter) to context static
2019-09-12 10:10:26,280 [main] INFO  http.HttpServer2 (HttpServer2.java:bindListener(1191)) - Jetty bound to port 41390
2019-09-12 10:10:26,428 [main] INFO  server.Server (Server.java:doStart(351)) - jetty-9.3.24.v20180605, build timestamp: 2018-06-05T17:11:56Z, git hash: 84205aa28f11a4f31f2a3b86d1bba2cc8ab69827
2019-09-12 10:10:26,431 [main] INFO  handler.ContextHandler (ContextHandler.java:doStart(781)) - Started o.e.j.s.ServletContextHandler@543e593{/logs,file:///workdir/hadoop-ozone/integration-test/target/log,AVAILABLE}
2019-09-12 10:10:26,436 [main] INFO  handler.ContextHandler (ContextHandler.java:doStart(781)) - Started o.e.j.s.ServletContextHandler@51ec2df1{/static,file:///workdir/hadoop-ozone/integration-test/target/test-classes/webapps/static,AVAILABLE}
2019-09-12 10:10:26,444 [main] INFO  handler.ContextHandler (ContextHandler.java:doStart(781)) - Started o.e.j.w.WebAppContext@24fabd0f{/,file:///workdir/hadoop-ozone/integration-test/target/test-classes/webapps/ozoneManager/,AVAILABLE}{/ozoneManager}
2019-09-12 10:10:26,446 [main] INFO  server.AbstractConnector (AbstractConnector.java:doStart(278)) - Started ServerConnector@250b236d{HTTP/1.1,[http/1.1]}{0.0.0.0:41390}
2019-09-12 10:10:26,446 [main] INFO  server.Server (Server.java:doStart(419)) - Started @5925ms
2019-09-12 10:10:26,447 [main] INFO  server.BaseHttpServer (BaseHttpServer.java:updateConnectorAddress(213)) - HTTP server of OZONEMANAGER is listening at http://0.0.0.0:41390
2019-09-12 10:10:26,620 [main] INFO  impl.MetricsSystemImpl (MetricsSystemImpl.java:init(158)) - HddsDatanode metrics system started (again)
2019-09-12 10:10:26,710 [main] INFO  ozone.HddsDatanodeService (HddsDatanodeService.java:start(184)) - HddsDatanodeService host:pr-hdds-1569-58hkm-1881083799 ip:192.168.36.114
2019-09-12 10:10:26,745 [main] INFO  volume.HddsVolume (HddsVolume.java:<init>(176)) - Creating Volume: /workdir/hadoop-ozone/integration-test/target/test-dir/MiniOzoneClusterImpl-aa909d9c-8689-4ca6-a6e6-f667e4f57e2f/datanode-0/data/containers/hdds of  storage type : DISK and capacity : 1482555576320
2019-09-12 10:10:26,747 [main] INFO  volume.VolumeSet (VolumeSet.java:initializeVolumeSet(170)) - Added Volume : /workdir/hadoop-ozone/integration-test/target/test-dir/MiniOzoneClusterImpl-aa909d9c-8689-4ca6-a6e6-f667e4f57e2f/datanode-0/data/containers/hdds to VolumeSet
2019-09-12 10:10:26,751 [main] INFO  volume.ThrottledAsyncChecker (ThrottledAsyncChecker.java:schedule(140)) - Scheduling a check for org.apache.hadoop.ozone.container.common.volume.HddsVolume@4df39a88
2019-09-12 10:10:26,769 [main] INFO  volume.HddsVolumeChecker (HddsVolumeChecker.java:checkAllVolumes(203)) - Scheduled health check for volume org.apache.hadoop.ozone.container.common.volume.HddsVolume@4df39a88
2019-09-12 10:10:26,883 [main] INFO  impl.RaftServerProxy (ConfUtils.java:logGet(43)) - raft.rpc.type = GRPC (default)
2019-09-12 10:10:26,947 [main] INFO  grpc.GrpcFactory (GrpcFactory.java:checkPooledByteBufAllocatorUseCacheForAllThreads(45)) - PERFORMANCE WARNING: useCacheForAllThreads is true that may cause Netty to create a lot garbage objects and, as a result, trigger GC.
	It is recommended to disable useCacheForAllThreads by setting -Dorg.apache.ratis.thirdparty.io.netty.allocator.useCacheForAllThreads=false in command line.
2019-09-12 10:10:26,951 [main] INFO  grpc.GrpcConfigKeys$Server (ConfUtils.java:logGet(43)) - raft.grpc.server.port = 0 (default)
2019-09-12 10:10:26,952 [main] INFO  server.GrpcService (ConfUtils.java:logGet(43)) - raft.grpc.message.size.max = 33570816 (custom)
2019-09-12 10:10:26,954 [main] INFO  server.RaftServerConfigKeys (ConfUtils.java:logGet(43)) - raft.server.log.appender.buffer.byte-limit = 33554432 (custom)
2019-09-12 10:10:26,954 [main] INFO  server.GrpcService (ConfUtils.java:logGet(43)) - raft.grpc.flow.control.window = 1MB (=1048576) (default)
2019-09-12 10:10:26,955 [main] INFO  server.RaftServerConfigKeys (ConfUtils.java:logGet(43)) - raft.server.rpc.request.timeout = 3000ms (default)
2019-09-12 10:10:27,111 [main] INFO  server.RaftServerConfigKeys (ConfUtils.java:logGet(43)) - raft.server.storage.dir = [/workdir/hadoop-ozone/integration-test/target/test-dir/MiniOzoneClusterImpl-aa909d9c-8689-4ca6-a6e6-f667e4f57e2f/datanode-0/data/ratis] (custom)
2019-09-12 10:10:27,145 [main] INFO  replication.SimpleContainerDownloader (SimpleContainerDownloader.java:<init>(72)) - Starting container downloader service to copy containers to replicate.
2019-09-12 10:10:27,158 [main] INFO  hdfs.DFSUtil (DFSUtil.java:httpServerTemplateForNNAndJN(1641)) - Starting Web-server for hddsDatanode at: http://0.0.0.0:0
2019-09-12 10:10:27,159 [main] INFO  server.AuthenticationFilter (AuthenticationFilter.java:constructSecretProvider(240)) - Unable to initialize FileSignerSecretProvider, falling back to use random secrets.
2019-09-12 10:10:27,160 [main] WARN  http.HttpRequestLog (HttpRequestLog.java:getRequestLog(97)) - Jetty request log can only be enabled using Log4j
2019-09-12 10:10:27,161 [main] INFO  http.HttpServer2 (HttpServer2.java:addGlobalFilter(975)) - Added global filter 'safety' (class=org.apache.hadoop.http.HttpServer2$QuotingInputFilter)
2019-09-12 10:10:27,162 [main] INFO  http.HttpServer2 (HttpServer2.java:addFilter(948)) - Added filter static_user_filter (class=org.apache.hadoop.http.lib.StaticUserWebFilter$StaticUserFilter) to context hddsDatanode
2019-09-12 10:10:27,162 [main] INFO  http.HttpServer2 (HttpServer2.java:addFilter(958)) - Added filter static_user_filter (class=org.apache.hadoop.http.lib.StaticUserWebFilter$StaticUserFilter) to context static
2019-09-12 10:10:27,162 [main] INFO  http.HttpServer2 (HttpServer2.java:addFilter(958)) - Added filter static_user_filter (class=org.apache.hadoop.http.lib.StaticUserWebFilter$StaticUserFilter) to context logs
2019-09-12 10:10:27,163 [main] INFO  http.HttpServer2 (HttpServer2.java:bindListener(1191)) - Jetty bound to port 46744
2019-09-12 10:10:27,164 [main] INFO  server.Server (Server.java:doStart(351)) - jetty-9.3.24.v20180605, build timestamp: 2018-06-05T17:11:56Z, git hash: 84205aa28f11a4f31f2a3b86d1bba2cc8ab69827
2019-09-12 10:10:27,165 [main] INFO  handler.ContextHandler (ContextHandler.java:doStart(781)) - Started o.e.j.s.ServletContextHandler@6c0e13b7{/logs,file:///workdir/hadoop-ozone/integration-test/target/log,AVAILABLE}
2019-09-12 10:10:27,166 [main] INFO  handler.ContextHandler (ContextHandler.java:doStart(781)) - Started o.e.j.s.ServletContextHandler@561b7d53{/static,jar:file:/home/user/.m2/repository/org/apache/hadoop/hadoop-hdds-container-service/0.5.0-SNAPSHOT/hadoop-hdds-container-service-0.5.0-SNAPSHOT.jar!/webapps/static,AVAILABLE}
2019-09-12 10:10:27,200 [main] INFO  handler.ContextHandler (ContextHandler.java:doStart(781)) - Started o.e.j.w.WebAppContext@38ed139b{/,file:///tmp/jetty-0.0.0.0-46744-hddsDatanode-_-any-5151083853834858855.dir/webapp/,AVAILABLE}{/hddsDatanode}
2019-09-12 10:10:27,201 [main] INFO  server.AbstractConnector (AbstractConnector.java:doStart(278)) - Started ServerConnector@a5272be{HTTP/1.1,[http/1.1]}{0.0.0.0:46744}
2019-09-12 10:10:27,201 [main] INFO  server.Server (Server.java:doStart(419)) - Started @6680ms
2019-09-12 10:10:27,203 [main] INFO  server.BaseHttpServer (BaseHttpServer.java:updateConnectorAddress(213)) - HTTP server of HDDSDATANODE is listening at http://0.0.0.0:46744
2019-09-12 10:10:28,265 | INFO  | ObjectStoreRestHttpServer | Listening HDDS REST traffic on /0.0.0.0:41786 |  
2019-09-12 10:10:28,266 [main] INFO  ozone.HddsDatanodeService (HddsDatanodeService.java:startPlugins(395)) - Started plug-in org.apache.hadoop.ozone.web.OzoneHddsDatanodeService@27976390
2019-09-12 10:10:28,267 [main] INFO  impl.MetricsSystemImpl (MetricsSystemImpl.java:init(158)) - HddsDatanode metrics system started (again)
2019-09-12 10:10:28,270 [main] INFO  ozone.HddsDatanodeService (HddsDatanodeService.java:start(184)) - HddsDatanodeService host:pr-hdds-1569-58hkm-1881083799 ip:192.168.36.114
2019-09-12 10:10:28,271 [org.apache.hadoop.util.JvmPauseMonitor$Monitor@143d379b] INFO  util.JvmPauseMonitor (JvmPauseMonitor.java:run(188)) - Starting JVM pause monitor
2019-09-12 10:10:28,277 [main] INFO  volume.HddsVolume (HddsVolume.java:<init>(176)) - Creating Volume: /workdir/hadoop-ozone/integration-test/target/test-dir/MiniOzoneClusterImpl-aa909d9c-8689-4ca6-a6e6-f667e4f57e2f/datanode-1/data/containers/hdds of  storage type : DISK and capacity : 1482555576320
2019-09-12 10:10:28,277 [main] INFO  volume.VolumeSet (VolumeSet.java:initializeVolumeSet(170)) - Added Volume : /workdir/hadoop-ozone/integration-test/target/test-dir/MiniOzoneClusterImpl-aa909d9c-8689-4ca6-a6e6-f667e4f57e2f/datanode-1/data/containers/hdds to VolumeSet
2019-09-12 10:10:28,277 [main] INFO  volume.ThrottledAsyncChecker (ThrottledAsyncChecker.java:schedule(140)) - Scheduling a check for org.apache.hadoop.ozone.container.common.volume.HddsVolume@528c8c1
2019-09-12 10:10:28,278 [main] INFO  volume.HddsVolumeChecker (HddsVolumeChecker.java:checkAllVolumes(203)) - Scheduled health check for volume org.apache.hadoop.ozone.container.common.volume.HddsVolume@528c8c1
2019-09-12 10:10:28,292 [main] INFO  impl.RaftServerProxy (ConfUtils.java:logGet(43)) - raft.rpc.type = GRPC (default)
2019-09-12 10:10:28,293 [main] INFO  grpc.GrpcFactory (GrpcFactory.java:checkPooledByteBufAllocatorUseCacheForAllThreads(45)) - PERFORMANCE WARNING: useCacheForAllThreads is true that may cause Netty to create a lot garbage objects and, as a result, trigger GC.
	It is recommended to disable useCacheForAllThreads by setting -Dorg.apache.ratis.thirdparty.io.netty.allocator.useCacheForAllThreads=false in command line.
2019-09-12 10:10:28,293 [main] INFO  grpc.GrpcConfigKeys$Server (ConfUtils.java:logGet(43)) - raft.grpc.server.port = 0 (default)
2019-09-12 10:10:28,293 [main] INFO  server.GrpcService (ConfUtils.java:logGet(43)) - raft.grpc.message.size.max = 33570816 (custom)
2019-09-12 10:10:28,294 [main] INFO  server.RaftServerConfigKeys (ConfUtils.java:logGet(43)) - raft.server.log.appender.buffer.byte-limit = 33554432 (custom)
2019-09-12 10:10:28,294 [main] INFO  server.GrpcService (ConfUtils.java:logGet(43)) - raft.grpc.flow.control.window = 1MB (=1048576) (default)
2019-09-12 10:10:28,294 [main] INFO  server.RaftServerConfigKeys (ConfUtils.java:logGet(43)) - raft.server.rpc.request.timeout = 3000ms (default)
2019-09-12 10:10:28,295 [main] INFO  server.RaftServerConfigKeys (ConfUtils.java:logGet(43)) - raft.server.storage.dir = [/workdir/hadoop-ozone/integration-test/target/test-dir/MiniOzoneClusterImpl-aa909d9c-8689-4ca6-a6e6-f667e4f57e2f/datanode-1/data/ratis] (custom)
2019-09-12 10:10:28,295 [main] INFO  replication.SimpleContainerDownloader (SimpleContainerDownloader.java:<init>(72)) - Starting container downloader service to copy containers to replicate.
2019-09-12 10:10:28,298 [main] INFO  hdfs.DFSUtil (DFSUtil.java:httpServerTemplateForNNAndJN(1641)) - Starting Web-server for hddsDatanode at: http://0.0.0.0:0
2019-09-12 10:10:28,300 [main] INFO  server.AuthenticationFilter (AuthenticationFilter.java:constructSecretProvider(240)) - Unable to initialize FileSignerSecretProvider, falling back to use random secrets.
2019-09-12 10:10:28,301 [main] WARN  http.HttpRequestLog (HttpRequestLog.java:getRequestLog(97)) - Jetty request log can only be enabled using Log4j
2019-09-12 10:10:28,303 [main] INFO  http.HttpServer2 (HttpServer2.java:addGlobalFilter(975)) - Added global filter 'safety' (class=org.apache.hadoop.http.HttpServer2$QuotingInputFilter)
2019-09-12 10:10:28,303 [main] INFO  http.HttpServer2 (HttpServer2.java:addFilter(948)) - Added filter static_user_filter (class=org.apache.hadoop.http.lib.StaticUserWebFilter$StaticUserFilter) to context hddsDatanode
2019-09-12 10:10:28,304 [main] INFO  http.HttpServer2 (HttpServer2.java:addFilter(958)) - Added filter static_user_filter (class=org.apache.hadoop.http.lib.StaticUserWebFilter$StaticUserFilter) to context logs
2019-09-12 10:10:28,304 [main] INFO  http.HttpServer2 (HttpServer2.java:addFilter(958)) - Added filter static_user_filter (class=org.apache.hadoop.http.lib.StaticUserWebFilter$StaticUserFilter) to context static
2019-09-12 10:10:28,305 [main] INFO  http.HttpServer2 (HttpServer2.java:bindListener(1191)) - Jetty bound to port 41535
2019-09-12 10:10:28,305 [main] INFO  server.Server (Server.java:doStart(351)) - jetty-9.3.24.v20180605, build timestamp: 2018-06-05T17:11:56Z, git hash: 84205aa28f11a4f31f2a3b86d1bba2cc8ab69827
2019-09-12 10:10:28,309 [main] INFO  handler.ContextHandler (ContextHandler.java:doStart(781)) - Started o.e.j.s.ServletContextHandler@2f3928ac{/logs,file:///workdir/hadoop-ozone/integration-test/target/log,AVAILABLE}
2019-09-12 10:10:28,309 [main] INFO  handler.ContextHandler (ContextHandler.java:doStart(781)) - Started o.e.j.s.ServletContextHandler@31834a2b{/static,jar:file:/home/user/.m2/repository/org/apache/hadoop/hadoop-hdds-container-service/0.5.0-SNAPSHOT/hadoop-hdds-container-service-0.5.0-SNAPSHOT.jar!/webapps/static,AVAILABLE}
2019-09-12 10:10:28,339 [main] INFO  handler.ContextHandler (ContextHandler.java:doStart(781)) - Started o.e.j.w.WebAppContext@697a0948{/,file:///tmp/jetty-0.0.0.0-41535-hddsDatanode-_-any-7255236959475156340.dir/webapp/,AVAILABLE}{/hddsDatanode}
2019-09-12 10:10:28,341 [main] INFO  server.AbstractConnector (AbstractConnector.java:doStart(278)) - Started ServerConnector@7cf63b9a{HTTP/1.1,[http/1.1]}{0.0.0.0:41535}
2019-09-12 10:10:28,342 [main] INFO  server.Server (Server.java:doStart(419)) - Started @7821ms
2019-09-12 10:10:28,343 [main] INFO  server.BaseHttpServer (BaseHttpServer.java:updateConnectorAddress(213)) - HTTP server of HDDSDATANODE is listening at http://0.0.0.0:41535
2019-09-12 10:10:28,375 [Datanode State Machine Thread - 0] INFO  datanode.InitDatanodeState (InitDatanodeState.java:persistContainerDatanodeDetails(140)) - DatanodeDetails is persisted to /workdir/hadoop-ozone/integration-test/target/test-dir/MiniOzoneClusterImpl-aa909d9c-8689-4ca6-a6e6-f667e4f57e2f/datanode-0/meta/datanode.id
2019-09-12 10:10:28,505 | INFO  | ObjectStoreRestHttpServer | Listening HDDS REST traffic on /0.0.0.0:46694 |  
2019-09-12 10:10:28,505 [main] INFO  ozone.HddsDatanodeService (HddsDatanodeService.java:startPlugins(395)) - Started plug-in org.apache.hadoop.ozone.web.OzoneHddsDatanodeService@57151b3a
2019-09-12 10:10:28,506 [main] INFO  impl.MetricsSystemImpl (MetricsSystemImpl.java:init(158)) - HddsDatanode metrics system started (again)
2019-09-12 10:10:28,508 [org.apache.hadoop.util.JvmPauseMonitor$Monitor@7f3acd5] INFO  util.JvmPauseMonitor (JvmPauseMonitor.java:run(188)) - Starting JVM pause monitor
2019-09-12 10:10:28,509 [main] INFO  ozone.HddsDatanodeService (HddsDatanodeService.java:start(184)) - HddsDatanodeService host:pr-hdds-1569-58hkm-1881083799 ip:192.168.36.114
2019-09-12 10:10:28,512 [Datanode State Machine Thread - 0] INFO  datanode.InitDatanodeState (InitDatanodeState.java:persistContainerDatanodeDetails(140)) - DatanodeDetails is persisted to /workdir/hadoop-ozone/integration-test/target/test-dir/MiniOzoneClusterImpl-aa909d9c-8689-4ca6-a6e6-f667e4f57e2f/datanode-1/meta/datanode.id
2019-09-12 10:10:28,517 [main] INFO  volume.HddsVolume (HddsVolume.java:<init>(176)) - Creating Volume: /workdir/hadoop-ozone/integration-test/target/test-dir/MiniOzoneClusterImpl-aa909d9c-8689-4ca6-a6e6-f667e4f57e2f/datanode-2/data/containers/hdds of  storage type : DISK and capacity : 1482555576320
2019-09-12 10:10:28,518 [main] INFO  volume.VolumeSet (VolumeSet.java:initializeVolumeSet(170)) - Added Volume : /workdir/hadoop-ozone/integration-test/target/test-dir/MiniOzoneClusterImpl-aa909d9c-8689-4ca6-a6e6-f667e4f57e2f/datanode-2/data/containers/hdds to VolumeSet
2019-09-12 10:10:28,518 [main] INFO  volume.ThrottledAsyncChecker (ThrottledAsyncChecker.java:schedule(140)) - Scheduling a check for org.apache.hadoop.ozone.container.common.volume.HddsVolume@3c7279a5
2019-09-12 10:10:28,519 [main] INFO  volume.HddsVolumeChecker (HddsVolumeChecker.java:checkAllVolumes(203)) - Scheduled health check for volume org.apache.hadoop.ozone.container.common.volume.HddsVolume@3c7279a5
2019-09-12 10:10:28,536 [main] INFO  impl.RaftServerProxy (ConfUtils.java:logGet(43)) - raft.rpc.type = GRPC (default)
2019-09-12 10:10:28,537 [main] INFO  grpc.GrpcFactory (GrpcFactory.java:checkPooledByteBufAllocatorUseCacheForAllThreads(45)) - PERFORMANCE WARNING: useCacheForAllThreads is true that may cause Netty to create a lot garbage objects and, as a result, trigger GC.
	It is recommended to disable useCacheForAllThreads by setting -Dorg.apache.ratis.thirdparty.io.netty.allocator.useCacheForAllThreads=false in command line.
2019-09-12 10:10:28,537 [main] INFO  grpc.GrpcConfigKeys$Server (ConfUtils.java:logGet(43)) - raft.grpc.server.port = 0 (default)
2019-09-12 10:10:28,537 [main] INFO  server.GrpcService (ConfUtils.java:logGet(43)) - raft.grpc.message.size.max = 33570816 (custom)
2019-09-12 10:10:28,537 [main] INFO  server.RaftServerConfigKeys (ConfUtils.java:logGet(43)) - raft.server.log.appender.buffer.byte-limit = 33554432 (custom)
2019-09-12 10:10:28,537 [main] INFO  server.GrpcService (ConfUtils.java:logGet(43)) - raft.grpc.flow.control.window = 1MB (=1048576) (default)
2019-09-12 10:10:28,538 [main] INFO  server.RaftServerConfigKeys (ConfUtils.java:logGet(43)) - raft.server.rpc.request.timeout = 3000ms (default)
2019-09-12 10:10:28,538 [main] INFO  server.RaftServerConfigKeys (ConfUtils.java:logGet(43)) - raft.server.storage.dir = [/workdir/hadoop-ozone/integration-test/target/test-dir/MiniOzoneClusterImpl-aa909d9c-8689-4ca6-a6e6-f667e4f57e2f/datanode-2/data/ratis] (custom)
2019-09-12 10:10:28,539 [main] INFO  replication.SimpleContainerDownloader (SimpleContainerDownloader.java:<init>(72)) - Starting container downloader service to copy containers to replicate.
2019-09-12 10:10:28,540 [main] INFO  hdfs.DFSUtil (DFSUtil.java:httpServerTemplateForNNAndJN(1641)) - Starting Web-server for hddsDatanode at: http://0.0.0.0:0
2019-09-12 10:10:28,542 [main] INFO  server.AuthenticationFilter (AuthenticationFilter.java:constructSecretProvider(240)) - Unable to initialize FileSignerSecretProvider, falling back to use random secrets.
2019-09-12 10:10:28,542 [main] WARN  http.HttpRequestLog (HttpRequestLog.java:getRequestLog(97)) - Jetty request log can only be enabled using Log4j
2019-09-12 10:10:28,544 [main] INFO  http.HttpServer2 (HttpServer2.java:addGlobalFilter(975)) - Added global filter 'safety' (class=org.apache.hadoop.http.HttpServer2$QuotingInputFilter)
2019-09-12 10:10:28,544 [main] INFO  http.HttpServer2 (HttpServer2.java:addFilter(948)) - Added filter static_user_filter (class=org.apache.hadoop.http.lib.StaticUserWebFilter$StaticUserFilter) to context hddsDatanode
2019-09-12 10:10:28,545 [main] INFO  http.HttpServer2 (HttpServer2.java:addFilter(958)) - Added filter static_user_filter (class=org.apache.hadoop.http.lib.StaticUserWebFilter$StaticUserFilter) to context logs
2019-09-12 10:10:28,545 [main] INFO  http.HttpServer2 (HttpServer2.java:addFilter(958)) - Added filter static_user_filter (class=org.apache.hadoop.http.lib.StaticUserWebFilter$StaticUserFilter) to context static
2019-09-12 10:10:28,545 [main] INFO  http.HttpServer2 (HttpServer2.java:bindListener(1191)) - Jetty bound to port 35697
2019-09-12 10:10:28,546 [main] INFO  server.Server (Server.java:doStart(351)) - jetty-9.3.24.v20180605, build timestamp: 2018-06-05T17:11:56Z, git hash: 84205aa28f11a4f31f2a3b86d1bba2cc8ab69827
2019-09-12 10:10:28,547 [main] INFO  handler.ContextHandler (ContextHandler.java:doStart(781)) - Started o.e.j.s.ServletContextHandler@5aa76ad2{/logs,file:///workdir/hadoop-ozone/integration-test/target/log,AVAILABLE}
2019-09-12 10:10:28,548 [main] INFO  handler.ContextHandler (ContextHandler.java:doStart(781)) - Started o.e.j.s.ServletContextHandler@25791d40{/static,jar:file:/home/user/.m2/repository/org/apache/hadoop/hadoop-hdds-container-service/0.5.0-SNAPSHOT/hadoop-hdds-container-service-0.5.0-SNAPSHOT.jar!/webapps/static,AVAILABLE}
2019-09-12 10:10:28,576 [main] INFO  handler.ContextHandler (ContextHandler.java:doStart(781)) - Started o.e.j.w.WebAppContext@45801322{/,file:///tmp/jetty-0.0.0.0-35697-hddsDatanode-_-any-4347437995220166696.dir/webapp/,AVAILABLE}{/hddsDatanode}
2019-09-12 10:10:28,577 [main] INFO  server.AbstractConnector (AbstractConnector.java:doStart(278)) - Started ServerConnector@756b2d90{HTTP/1.1,[http/1.1]}{0.0.0.0:35697}
2019-09-12 10:10:28,578 [main] INFO  server.Server (Server.java:doStart(419)) - Started @8056ms
2019-09-12 10:10:28,578 [main] INFO  server.BaseHttpServer (BaseHttpServer.java:updateConnectorAddress(213)) - HTTP server of HDDSDATANODE is listening at http://0.0.0.0:35697
2019-09-12 10:10:28,728 | INFO  | ObjectStoreRestHttpServer | Listening HDDS REST traffic on /0.0.0.0:44778 |  
2019-09-12 10:10:28,728 [main] INFO  ozone.HddsDatanodeService (HddsDatanodeService.java:startPlugins(395)) - Started plug-in org.apache.hadoop.ozone.web.OzoneHddsDatanodeService@6b0f266e
2019-09-12 10:10:28,729 [main] INFO  impl.MetricsSystemImpl (MetricsSystemImpl.java:init(158)) - HddsDatanode metrics system started (again)
2019-09-12 10:10:28,731 [org.apache.hadoop.util.JvmPauseMonitor$Monitor@12c8f7e0] INFO  util.JvmPauseMonitor (JvmPauseMonitor.java:run(188)) - Starting JVM pause monitor
2019-09-12 10:10:28,732 [main] INFO  ozone.HddsDatanodeService (HddsDatanodeService.java:start(184)) - HddsDatanodeService host:pr-hdds-1569-58hkm-1881083799 ip:192.168.36.114
2019-09-12 10:10:28,735 [Datanode State Machine Thread - 0] INFO  datanode.InitDatanodeState (InitDatanodeState.java:persistContainerDatanodeDetails(140)) - DatanodeDetails is persisted to /workdir/hadoop-ozone/integration-test/target/test-dir/MiniOzoneClusterImpl-aa909d9c-8689-4ca6-a6e6-f667e4f57e2f/datanode-2/meta/datanode.id
2019-09-12 10:10:28,738 [main] INFO  volume.HddsVolume (HddsVolume.java:<init>(176)) - Creating Volume: /workdir/hadoop-ozone/integration-test/target/test-dir/MiniOzoneClusterImpl-aa909d9c-8689-4ca6-a6e6-f667e4f57e2f/datanode-3/data/containers/hdds of  storage type : DISK and capacity : 1482555576320
2019-09-12 10:10:28,738 [main] INFO  volume.VolumeSet (VolumeSet.java:initializeVolumeSet(170)) - Added Volume : /workdir/hadoop-ozone/integration-test/target/test-dir/MiniOzoneClusterImpl-aa909d9c-8689-4ca6-a6e6-f667e4f57e2f/datanode-3/data/containers/hdds to VolumeSet
2019-09-12 10:10:28,738 [main] INFO  volume.ThrottledAsyncChecker (ThrottledAsyncChecker.java:schedule(140)) - Scheduling a check for org.apache.hadoop.ozone.container.common.volume.HddsVolume@486bd064
2019-09-12 10:10:28,739 [main] INFO  volume.HddsVolumeChecker (HddsVolumeChecker.java:checkAllVolumes(203)) - Scheduled health check for volume org.apache.hadoop.ozone.container.common.volume.HddsVolume@486bd064
2019-09-12 10:10:28,753 [main] INFO  impl.RaftServerProxy (ConfUtils.java:logGet(43)) - raft.rpc.type = GRPC (default)
2019-09-12 10:10:28,754 [main] INFO  grpc.GrpcFactory (GrpcFactory.java:checkPooledByteBufAllocatorUseCacheForAllThreads(45)) - PERFORMANCE WARNING: useCacheForAllThreads is true that may cause Netty to create a lot garbage objects and, as a result, trigger GC.
	It is recommended to disable useCacheForAllThreads by setting -Dorg.apache.ratis.thirdparty.io.netty.allocator.useCacheForAllThreads=false in command line.
2019-09-12 10:10:28,754 [main] INFO  grpc.GrpcConfigKeys$Server (ConfUtils.java:logGet(43)) - raft.grpc.server.port = 0 (default)
2019-09-12 10:10:28,754 [main] INFO  server.GrpcService (ConfUtils.java:logGet(43)) - raft.grpc.message.size.max = 33570816 (custom)
2019-09-12 10:10:28,754 [main] INFO  server.RaftServerConfigKeys (ConfUtils.java:logGet(43)) - raft.server.log.appender.buffer.byte-limit = 33554432 (custom)
2019-09-12 10:10:28,755 [main] INFO  server.GrpcService (ConfUtils.java:logGet(43)) - raft.grpc.flow.control.window = 1MB (=1048576) (default)
2019-09-12 10:10:28,755 [main] INFO  server.RaftServerConfigKeys (ConfUtils.java:logGet(43)) - raft.server.rpc.request.timeout = 3000ms (default)
2019-09-12 10:10:28,755 [main] INFO  server.RaftServerConfigKeys (ConfUtils.java:logGet(43)) - raft.server.storage.dir = [/workdir/hadoop-ozone/integration-test/target/test-dir/MiniOzoneClusterImpl-aa909d9c-8689-4ca6-a6e6-f667e4f57e2f/datanode-3/data/ratis] (custom)
2019-09-12 10:10:28,756 [main] INFO  replication.SimpleContainerDownloader (SimpleContainerDownloader.java:<init>(72)) - Starting container downloader service to copy containers to replicate.
2019-09-12 10:10:28,757 [main] INFO  hdfs.DFSUtil (DFSUtil.java:httpServerTemplateForNNAndJN(1641)) - Starting Web-server for hddsDatanode at: http://0.0.0.0:0
2019-09-12 10:10:28,758 [main] INFO  server.AuthenticationFilter (AuthenticationFilter.java:constructSecretProvider(240)) - Unable to initialize FileSignerSecretProvider, falling back to use random secrets.
2019-09-12 10:10:28,759 [main] WARN  http.HttpRequestLog (HttpRequestLog.java:getRequestLog(97)) - Jetty request log can only be enabled using Log4j
2019-09-12 10:10:28,760 [main] INFO  http.HttpServer2 (HttpServer2.java:addGlobalFilter(975)) - Added global filter 'safety' (class=org.apache.hadoop.http.HttpServer2$QuotingInputFilter)
2019-09-12 10:10:28,761 [main] INFO  http.HttpServer2 (HttpServer2.java:addFilter(948)) - Added filter static_user_filter (class=org.apache.hadoop.http.lib.StaticUserWebFilter$StaticUserFilter) to context hddsDatanode
2019-09-12 10:10:28,761 [main] INFO  http.HttpServer2 (HttpServer2.java:addFilter(958)) - Added filter static_user_filter (class=org.apache.hadoop.http.lib.StaticUserWebFilter$StaticUserFilter) to context logs
2019-09-12 10:10:28,761 [main] INFO  http.HttpServer2 (HttpServer2.java:addFilter(958)) - Added filter static_user_filter (class=org.apache.hadoop.http.lib.StaticUserWebFilter$StaticUserFilter) to context static
2019-09-12 10:10:28,762 [main] INFO  http.HttpServer2 (HttpServer2.java:bindListener(1191)) - Jetty bound to port 43213
2019-09-12 10:10:28,762 [main] INFO  server.Server (Server.java:doStart(351)) - jetty-9.3.24.v20180605, build timestamp: 2018-06-05T17:11:56Z, git hash: 84205aa28f11a4f31f2a3b86d1bba2cc8ab69827
2019-09-12 10:10:28,766 [main] INFO  handler.ContextHandler (ContextHandler.java:doStart(781)) - Started o.e.j.s.ServletContextHandler@7a0ab480{/logs,file:///workdir/hadoop-ozone/integration-test/target/log,AVAILABLE}
2019-09-12 10:10:28,766 [main] INFO  handler.ContextHandler (ContextHandler.java:doStart(781)) - Started o.e.j.s.ServletContextHandler@130cfc47{/static,jar:file:/home/user/.m2/repository/org/apache/hadoop/hadoop-hdds-container-service/0.5.0-SNAPSHOT/hadoop-hdds-container-service-0.5.0-SNAPSHOT.jar!/webapps/static,AVAILABLE}
2019-09-12 10:10:28,797 [main] INFO  handler.ContextHandler (ContextHandler.java:doStart(781)) - Started o.e.j.w.WebAppContext@4aaecabd{/,file:///tmp/jetty-0.0.0.0-43213-hddsDatanode-_-any-1864280960017140590.dir/webapp/,AVAILABLE}{/hddsDatanode}
2019-09-12 10:10:28,798 [main] INFO  server.AbstractConnector (AbstractConnector.java:doStart(278)) - Started ServerConnector@23bd0c81{HTTP/1.1,[http/1.1]}{0.0.0.0:43213}
2019-09-12 10:10:28,798 [main] INFO  server.Server (Server.java:doStart(419)) - Started @8277ms
2019-09-12 10:10:28,799 [main] INFO  server.BaseHttpServer (BaseHttpServer.java:updateConnectorAddress(213)) - HTTP server of HDDSDATANODE is listening at http://0.0.0.0:43213
2019-09-12 10:10:28,950 | INFO  | ObjectStoreRestHttpServer | Listening HDDS REST traffic on /0.0.0.0:34334 |  
2019-09-12 10:10:28,950 [main] INFO  ozone.HddsDatanodeService (HddsDatanodeService.java:startPlugins(395)) - Started plug-in org.apache.hadoop.ozone.web.OzoneHddsDatanodeService@6cc48a17
2019-09-12 10:10:28,950 [main] INFO  impl.MetricsSystemImpl (MetricsSystemImpl.java:init(158)) - HddsDatanode metrics system started (again)
2019-09-12 10:10:28,954 [org.apache.hadoop.util.JvmPauseMonitor$Monitor@5f1a1fba] INFO  util.JvmPauseMonitor (JvmPauseMonitor.java:run(188)) - Starting JVM pause monitor
2019-09-12 10:10:28,954 [main] INFO  ozone.HddsDatanodeService (HddsDatanodeService.java:start(184)) - HddsDatanodeService host:pr-hdds-1569-58hkm-1881083799 ip:192.168.36.114
2019-09-12 10:10:28,956 [Datanode State Machine Thread - 0] INFO  datanode.InitDatanodeState (InitDatanodeState.java:persistContainerDatanodeDetails(140)) - DatanodeDetails is persisted to /workdir/hadoop-ozone/integration-test/target/test-dir/MiniOzoneClusterImpl-aa909d9c-8689-4ca6-a6e6-f667e4f57e2f/datanode-3/meta/datanode.id
2019-09-12 10:10:28,960 [main] INFO  volume.HddsVolume (HddsVolume.java:<init>(176)) - Creating Volume: /workdir/hadoop-ozone/integration-test/target/test-dir/MiniOzoneClusterImpl-aa909d9c-8689-4ca6-a6e6-f667e4f57e2f/datanode-4/data/containers/hdds of  storage type : DISK and capacity : 1482555576320
2019-09-12 10:10:28,961 [main] INFO  volume.VolumeSet (VolumeSet.java:initializeVolumeSet(170)) - Added Volume : /workdir/hadoop-ozone/integration-test/target/test-dir/MiniOzoneClusterImpl-aa909d9c-8689-4ca6-a6e6-f667e4f57e2f/datanode-4/data/containers/hdds to VolumeSet
2019-09-12 10:10:28,961 [main] INFO  volume.ThrottledAsyncChecker (ThrottledAsyncChecker.java:schedule(140)) - Scheduling a check for org.apache.hadoop.ozone.container.common.volume.HddsVolume@73a845cb
2019-09-12 10:10:28,961 [main] INFO  volume.HddsVolumeChecker (HddsVolumeChecker.java:checkAllVolumes(203)) - Scheduled health check for volume org.apache.hadoop.ozone.container.common.volume.HddsVolume@73a845cb
2019-09-12 10:10:28,983 [main] INFO  impl.RaftServerProxy (ConfUtils.java:logGet(43)) - raft.rpc.type = GRPC (default)
2019-09-12 10:10:28,983 [main] INFO  grpc.GrpcFactory (GrpcFactory.java:checkPooledByteBufAllocatorUseCacheForAllThreads(45)) - PERFORMANCE WARNING: useCacheForAllThreads is true that may cause Netty to create a lot garbage objects and, as a result, trigger GC.
	It is recommended to disable useCacheForAllThreads by setting -Dorg.apache.ratis.thirdparty.io.netty.allocator.useCacheForAllThreads=false in command line.
2019-09-12 10:10:28,983 [main] INFO  grpc.GrpcConfigKeys$Server (ConfUtils.java:logGet(43)) - raft.grpc.server.port = 0 (default)
2019-09-12 10:10:28,984 [main] INFO  server.GrpcService (ConfUtils.java:logGet(43)) - raft.grpc.message.size.max = 33570816 (custom)
2019-09-12 10:10:28,984 [main] INFO  server.RaftServerConfigKeys (ConfUtils.java:logGet(43)) - raft.server.log.appender.buffer.byte-limit = 33554432 (custom)
2019-09-12 10:10:28,985 [main] INFO  server.GrpcService (ConfUtils.java:logGet(43)) - raft.grpc.flow.control.window = 1MB (=1048576) (default)
2019-09-12 10:10:28,985 [main] INFO  server.RaftServerConfigKeys (ConfUtils.java:logGet(43)) - raft.server.rpc.request.timeout = 3000ms (default)
2019-09-12 10:10:28,986 [main] INFO  server.RaftServerConfigKeys (ConfUtils.java:logGet(43)) - raft.server.storage.dir = [/workdir/hadoop-ozone/integration-test/target/test-dir/MiniOzoneClusterImpl-aa909d9c-8689-4ca6-a6e6-f667e4f57e2f/datanode-4/data/ratis] (custom)
2019-09-12 10:10:28,987 [main] INFO  replication.SimpleContainerDownloader (SimpleContainerDownloader.java:<init>(72)) - Starting container downloader service to copy containers to replicate.
2019-09-12 10:10:28,988 [main] INFO  hdfs.DFSUtil (DFSUtil.java:httpServerTemplateForNNAndJN(1641)) - Starting Web-server for hddsDatanode at: http://0.0.0.0:0
2019-09-12 10:10:28,990 [main] INFO  server.AuthenticationFilter (AuthenticationFilter.java:constructSecretProvider(240)) - Unable to initialize FileSignerSecretProvider, falling back to use random secrets.
2019-09-12 10:10:28,991 [main] WARN  http.HttpRequestLog (HttpRequestLog.java:getRequestLog(97)) - Jetty request log can only be enabled using Log4j
2019-09-12 10:10:28,993 [main] INFO  http.HttpServer2 (HttpServer2.java:addGlobalFilter(975)) - Added global filter 'safety' (class=org.apache.hadoop.http.HttpServer2$QuotingInputFilter)
2019-09-12 10:10:28,994 [main] INFO  http.HttpServer2 (HttpServer2.java:addFilter(948)) - Added filter static_user_filter (class=org.apache.hadoop.http.lib.StaticUserWebFilter$StaticUserFilter) to context hddsDatanode
2019-09-12 10:10:28,994 [main] INFO  http.HttpServer2 (HttpServer2.java:addFilter(958)) - Added filter static_user_filter (class=org.apache.hadoop.http.lib.StaticUserWebFilter$StaticUserFilter) to context static
2019-09-12 10:10:28,995 [main] INFO  http.HttpServer2 (HttpServer2.java:addFilter(958)) - Added filter static_user_filter (class=org.apache.hadoop.http.lib.StaticUserWebFilter$StaticUserFilter) to context logs
2019-09-12 10:10:28,995 [main] INFO  http.HttpServer2 (HttpServer2.java:bindListener(1191)) - Jetty bound to port 38067
2019-09-12 10:10:28,996 [main] INFO  server.Server (Server.java:doStart(351)) - jetty-9.3.24.v20180605, build timestamp: 2018-06-05T17:11:56Z, git hash: 84205aa28f11a4f31f2a3b86d1bba2cc8ab69827
2019-09-12 10:10:28,999 [main] INFO  handler.ContextHandler (ContextHandler.java:doStart(781)) - Started o.e.j.s.ServletContextHandler@7d50f2a8{/logs,file:///workdir/hadoop-ozone/integration-test/target/log,AVAILABLE}
2019-09-12 10:10:29,000 [main] INFO  handler.ContextHandler (ContextHandler.java:doStart(781)) - Started o.e.j.s.ServletContextHandler@37ca3ca8{/static,jar:file:/home/user/.m2/repository/org/apache/hadoop/hadoop-hdds-container-service/0.5.0-SNAPSHOT/hadoop-hdds-container-service-0.5.0-SNAPSHOT.jar!/webapps/static,AVAILABLE}
2019-09-12 10:10:29,038 [main] INFO  handler.ContextHandler (ContextHandler.java:doStart(781)) - Started o.e.j.w.WebAppContext@621f23ac{/,file:///tmp/jetty-0.0.0.0-38067-hddsDatanode-_-any-5373192204307944429.dir/webapp/,AVAILABLE}{/hddsDatanode}
2019-09-12 10:10:29,039 [main] INFO  server.AbstractConnector (AbstractConnector.java:doStart(278)) - Started ServerConnector@7761e342{HTTP/1.1,[http/1.1]}{0.0.0.0:38067}
2019-09-12 10:10:29,040 [main] INFO  server.Server (Server.java:doStart(419)) - Started @8519ms
2019-09-12 10:10:29,041 [main] INFO  server.BaseHttpServer (BaseHttpServer.java:updateConnectorAddress(213)) - HTTP server of HDDSDATANODE is listening at http://0.0.0.0:38067
2019-09-12 10:10:29,203 | INFO  | ObjectStoreRestHttpServer | Listening HDDS REST traffic on /0.0.0.0:43127 |  
2019-09-12 10:10:29,204 [main] INFO  ozone.HddsDatanodeService (HddsDatanodeService.java:startPlugins(395)) - Started plug-in org.apache.hadoop.ozone.web.OzoneHddsDatanodeService@6818fd48
2019-09-12 10:10:29,205 [main] INFO  ozone.MiniOzoneClusterImpl (MiniOzoneClusterImpl.java:lambda$waitForClusterToBeReady$0(142)) - Waiting for cluster to be ready. Got 0 of 5 DN Heartbeats.
2019-09-12 10:10:29,206 [org.apache.hadoop.util.JvmPauseMonitor$Monitor@3edc0d83] INFO  util.JvmPauseMonitor (JvmPauseMonitor.java:run(188)) - Starting JVM pause monitor
2019-09-12 10:10:29,208 [Datanode State Machine Thread - 0] INFO  datanode.InitDatanodeState (InitDatanodeState.java:persistContainerDatanodeDetails(140)) - DatanodeDetails is persisted to /workdir/hadoop-ozone/integration-test/target/test-dir/MiniOzoneClusterImpl-aa909d9c-8689-4ca6-a6e6-f667e4f57e2f/datanode-4/meta/datanode.id
2019-09-12 10:10:30,206 [main] INFO  ozone.MiniOzoneClusterImpl (MiniOzoneClusterImpl.java:lambda$waitForClusterToBeReady$0(142)) - Waiting for cluster to be ready. Got 0 of 5 DN Heartbeats.
2019-09-12 10:10:30,302 | INFO  | SCMAudit | user=jenkins1000 | ip=192.168.36.114 | op=GET_VERSION null | ret=SUCCESS |  
2019-09-12 10:10:30,368 [Datanode State Machine Thread - 0] INFO  ozoneimpl.OzoneContainer (OzoneContainer.java:start(186)) - Attempting to start container services.
2019-09-12 10:10:30,369 [Datanode State Machine Thread - 0] INFO  ozoneimpl.OzoneContainer (OzoneContainer.java:startContainerScrub(160)) - Background container scrubber has been disabled by hdds.containerscrub.enabled
2019-09-12 10:10:30,370 [Datanode State Machine Thread - 0] INFO  ratis.XceiverServerRatis (XceiverServerRatis.java:start(404)) - Starting XceiverServerRatis db8f3dd9-b09f-4e42-bc8b-0b8816c9f45e at port 0
2019-09-12 10:10:30,388 [Datanode State Machine Thread - 0] INFO  impl.RaftServerProxy (RaftServerProxy.java:lambda$start$3(299)) - db8f3dd9-b09f-4e42-bc8b-0b8816c9f45e: start RPC server
2019-09-12 10:10:30,506 [Datanode State Machine Thread - 0] INFO  server.GrpcService (GrpcService.java:startImpl(149)) - db8f3dd9-b09f-4e42-bc8b-0b8816c9f45e: GrpcService started, listening on 0.0.0.0/0.0.0.0:36560
2019-09-12 10:10:30,507 [Datanode State Machine Thread - 0] INFO  ratis.XceiverServerRatis (XceiverServerRatis.java:start(414)) - XceiverServerRatis db8f3dd9-b09f-4e42-bc8b-0b8816c9f45e is started using port 36560
2019-09-12 10:10:30,509 [Datanode State Machine Thread - 0] INFO  server.XceiverServerGrpc (XceiverServerGrpc.java:start(163)) - XceiverServerGrpc db8f3dd9-b09f-4e42-bc8b-0b8816c9f45e is started using port 42149
2019-09-12 10:10:30,511 | INFO  | SCMAudit | user=jenkins1000 | ip=192.168.36.114 | op=GET_VERSION null | ret=SUCCESS |  
2019-09-12 10:10:30,525 [Datanode State Machine Thread - 0] INFO  ozoneimpl.OzoneContainer (OzoneContainer.java:start(186)) - Attempting to start container services.
2019-09-12 10:10:30,527 [Datanode State Machine Thread - 0] INFO  ozoneimpl.OzoneContainer (OzoneContainer.java:startContainerScrub(160)) - Background container scrubber has been disabled by hdds.containerscrub.enabled
2019-09-12 10:10:30,528 [Datanode State Machine Thread - 0] INFO  ratis.XceiverServerRatis (XceiverServerRatis.java:start(404)) - Starting XceiverServerRatis cc61ee54-953f-4ef7-b7e3-d5c043f839cb at port 0
2019-09-12 10:10:30,536 [Datanode State Machine Thread - 0] INFO  impl.RaftServerProxy (RaftServerProxy.java:lambda$start$3(299)) - cc61ee54-953f-4ef7-b7e3-d5c043f839cb: start RPC server
2019-09-12 10:10:30,539 [Datanode State Machine Thread - 0] INFO  server.GrpcService (GrpcService.java:startImpl(149)) - cc61ee54-953f-4ef7-b7e3-d5c043f839cb: GrpcService started, listening on 0.0.0.0/0.0.0.0:41082
2019-09-12 10:10:30,540 [Datanode State Machine Thread - 0] INFO  ratis.XceiverServerRatis (XceiverServerRatis.java:start(414)) - XceiverServerRatis cc61ee54-953f-4ef7-b7e3-d5c043f839cb is started using port 41082
2019-09-12 10:10:30,542 [Datanode State Machine Thread - 0] INFO  server.XceiverServerGrpc (XceiverServerGrpc.java:start(163)) - XceiverServerGrpc cc61ee54-953f-4ef7-b7e3-d5c043f839cb is started using port 46368
2019-09-12 10:10:30,733 | INFO  | SCMAudit | user=jenkins1000 | ip=192.168.36.114 | op=GET_VERSION null | ret=SUCCESS |  
2019-09-12 10:10:30,787 [Datanode State Machine Thread - 0] INFO  ozoneimpl.OzoneContainer (OzoneContainer.java:start(186)) - Attempting to start container services.
2019-09-12 10:10:30,789 [Datanode State Machine Thread - 0] INFO  ozoneimpl.OzoneContainer (OzoneContainer.java:startContainerScrub(160)) - Background container scrubber has been disabled by hdds.containerscrub.enabled
2019-09-12 10:10:30,790 [Datanode State Machine Thread - 0] INFO  ratis.XceiverServerRatis (XceiverServerRatis.java:start(404)) - Starting XceiverServerRatis bd0a38b2-0ade-4ab9-8ece-056daa626b99 at port 0
2019-09-12 10:10:30,797 [Datanode State Machine Thread - 0] INFO  impl.RaftServerProxy (RaftServerProxy.java:lambda$start$3(299)) - bd0a38b2-0ade-4ab9-8ece-056daa626b99: start RPC server
2019-09-12 10:10:30,800 [Datanode State Machine Thread - 0] INFO  server.GrpcService (GrpcService.java:startImpl(149)) - bd0a38b2-0ade-4ab9-8ece-056daa626b99: GrpcService started, listening on 0.0.0.0/0.0.0.0:44836
2019-09-12 10:10:30,800 [Datanode State Machine Thread - 0] INFO  ratis.XceiverServerRatis (XceiverServerRatis.java:start(414)) - XceiverServerRatis bd0a38b2-0ade-4ab9-8ece-056daa626b99 is started using port 44836
2019-09-12 10:10:30,803 [Datanode State Machine Thread - 0] INFO  server.XceiverServerGrpc (XceiverServerGrpc.java:start(163)) - XceiverServerGrpc bd0a38b2-0ade-4ab9-8ece-056daa626b99 is started using port 42316
2019-09-12 10:10:30,957 | INFO  | SCMAudit | user=jenkins1000 | ip=192.168.36.114 | op=GET_VERSION null | ret=SUCCESS |  
2019-09-12 10:10:30,992 [Datanode State Machine Thread - 0] INFO  ozoneimpl.OzoneContainer (OzoneContainer.java:start(186)) - Attempting to start container services.
2019-09-12 10:10:30,994 [Datanode State Machine Thread - 0] INFO  ozoneimpl.OzoneContainer (OzoneContainer.java:startContainerScrub(160)) - Background container scrubber has been disabled by hdds.containerscrub.enabled
2019-09-12 10:10:30,994 [Datanode State Machine Thread - 0] INFO  ratis.XceiverServerRatis (XceiverServerRatis.java:start(404)) - Starting XceiverServerRatis 8925b11b-15ee-4d46-98cb-9cc2d2f12dc3 at port 0
2019-09-12 10:10:31,003 [Datanode State Machine Thread - 0] INFO  impl.RaftServerProxy (RaftServerProxy.java:lambda$start$3(299)) - 8925b11b-15ee-4d46-98cb-9cc2d2f12dc3: start RPC server
2019-09-12 10:10:31,006 [Datanode State Machine Thread - 0] INFO  server.GrpcService (GrpcService.java:startImpl(149)) - 8925b11b-15ee-4d46-98cb-9cc2d2f12dc3: GrpcService started, listening on 0.0.0.0/0.0.0.0:36994
2019-09-12 10:10:31,007 [Datanode State Machine Thread - 0] INFO  ratis.XceiverServerRatis (XceiverServerRatis.java:start(414)) - XceiverServerRatis 8925b11b-15ee-4d46-98cb-9cc2d2f12dc3 is started using port 36994
2019-09-12 10:10:31,010 [Datanode State Machine Thread - 0] INFO  server.XceiverServerGrpc (XceiverServerGrpc.java:start(163)) - XceiverServerGrpc 8925b11b-15ee-4d46-98cb-9cc2d2f12dc3 is started using port 41027
2019-09-12 10:10:31,206 [main] INFO  ozone.MiniOzoneClusterImpl (MiniOzoneClusterImpl.java:lambda$waitForClusterToBeReady$0(142)) - Waiting for cluster to be ready. Got 0 of 5 DN Heartbeats.
2019-09-12 10:10:31,210 | INFO  | SCMAudit | user=jenkins1000 | ip=192.168.36.114 | op=GET_VERSION null | ret=SUCCESS |  
2019-09-12 10:10:31,225 [Datanode State Machine Thread - 0] INFO  ozoneimpl.OzoneContainer (OzoneContainer.java:start(186)) - Attempting to start container services.
2019-09-12 10:10:31,231 [Datanode State Machine Thread - 0] INFO  ozoneimpl.OzoneContainer (OzoneContainer.java:startContainerScrub(160)) - Background container scrubber has been disabled by hdds.containerscrub.enabled
2019-09-12 10:10:31,231 [Datanode State Machine Thread - 0] INFO  ratis.XceiverServerRatis (XceiverServerRatis.java:start(404)) - Starting XceiverServerRatis c257187d-6013-41a0-a6c3-70113601683b at port 0
2019-09-12 10:10:31,238 [Datanode State Machine Thread - 0] INFO  impl.RaftServerProxy (RaftServerProxy.java:lambda$start$3(299)) - c257187d-6013-41a0-a6c3-70113601683b: start RPC server
2019-09-12 10:10:31,243 [Datanode State Machine Thread - 0] INFO  server.GrpcService (GrpcService.java:startImpl(149)) - c257187d-6013-41a0-a6c3-70113601683b: GrpcService started, listening on 0.0.0.0/0.0.0.0:44904
2019-09-12 10:10:31,243 [Datanode State Machine Thread - 0] INFO  ratis.XceiverServerRatis (XceiverServerRatis.java:start(414)) - XceiverServerRatis c257187d-6013-41a0-a6c3-70113601683b is started using port 44904
2019-09-12 10:10:31,246 [Datanode State Machine Thread - 0] INFO  server.XceiverServerGrpc (XceiverServerGrpc.java:start(163)) - XceiverServerGrpc c257187d-6013-41a0-a6c3-70113601683b is started using port 37411
2019-09-12 10:10:32,210 [main] INFO  ozone.MiniOzoneClusterImpl (MiniOzoneClusterImpl.java:lambda$waitForClusterToBeReady$0(142)) - Waiting for cluster to be ready. Got 0 of 5 DN Heartbeats.
2019-09-12 10:10:32,312 [IPC Server handler 13 on 43702] INFO  net.NetworkTopology (NetworkTopologyImpl.java:add(110)) - Added a new node: /default-rack/db8f3dd9-b09f-4e42-bc8b-0b8816c9f45e
2019-09-12 10:10:32,313 [IPC Server handler 13 on 43702] INFO  node.SCMNodeManager (SCMNodeManager.java:register(273)) - Registered Data node : db8f3dd9-b09f-4e42-bc8b-0b8816c9f45e{ip: 192.168.36.114, host: pr-hdds-1569-58hkm-1881083799, networkLocation: /default-rack, certSerialId: null}
2019-09-12 10:10:32,318 [EventQueue-NodeRegistrationContainerReportForDataNodeSafeModeRule] INFO  safemode.SCMSafeModeManager (DataNodeSafeModeRule.java:process(71)) - SCM in safe mode. 1 DataNodes registered, 1 required.
2019-09-12 10:10:32,318 [EventQueue-NodeRegistrationContainerReportForDataNodeSafeModeRule] INFO  safemode.SCMSafeModeManager (SCMSafeModeManager.java:validateSafeModeExitRules(177)) - ScmSafeModeManager, all rules are successfully validated
2019-09-12 10:10:32,318 [EventQueue-NodeRegistrationContainerReportForDataNodeSafeModeRule] INFO  safemode.SCMSafeModeManager (SCMSafeModeManager.java:exitSafeMode(193)) - SCM exiting safe mode.
2019-09-12 10:10:32,327 | INFO  | SCMAudit | user=jenkins1000 | ip=192.168.36.114 | op=REGISTER {datanodeDetails=db8f3dd9-b09f-4e42-bc8b-0b8816c9f45e{ip: 192.168.36.114, host: pr-hdds-1569-58hkm-1881083799, networkLocation: /default-rack, certSerialId: null}} | ret=SUCCESS |  
2019-09-12 10:10:32,512 [IPC Server handler 19 on 43702] INFO  net.NetworkTopology (NetworkTopologyImpl.java:add(110)) - Added a new node: /default-rack/cc61ee54-953f-4ef7-b7e3-d5c043f839cb
2019-09-12 10:10:32,512 [IPC Server handler 19 on 43702] INFO  node.SCMNodeManager (SCMNodeManager.java:register(273)) - Registered Data node : cc61ee54-953f-4ef7-b7e3-d5c043f839cb{ip: 192.168.36.114, host: pr-hdds-1569-58hkm-1881083799, networkLocation: /default-rack, certSerialId: null}
2019-09-12 10:10:32,513 | INFO  | SCMAudit | user=jenkins1000 | ip=192.168.36.114 | op=REGISTER {datanodeDetails=cc61ee54-953f-4ef7-b7e3-d5c043f839cb{ip: 192.168.36.114, host: pr-hdds-1569-58hkm-1881083799, networkLocation: /default-rack, certSerialId: null}} | ret=SUCCESS |  
2019-09-12 10:10:33,071 [IPC Server handler 15 on 43702] INFO  net.NetworkTopology (NetworkTopologyImpl.java:add(110)) - Added a new node: /default-rack/8925b11b-15ee-4d46-98cb-9cc2d2f12dc3
2019-09-12 10:10:33,071 [IPC Server handler 15 on 43702] INFO  node.SCMNodeManager (SCMNodeManager.java:register(273)) - Registered Data node : 8925b11b-15ee-4d46-98cb-9cc2d2f12dc3{ip: 192.168.36.114, host: pr-hdds-1569-58hkm-1881083799, networkLocation: /default-rack, certSerialId: null}
2019-09-12 10:10:33,077 | INFO  | SCMAudit | user=jenkins1000 | ip=192.168.36.114 | op=REGISTER {datanodeDetails=8925b11b-15ee-4d46-98cb-9cc2d2f12dc3{ip: 192.168.36.114, host: pr-hdds-1569-58hkm-1881083799, networkLocation: /default-rack, certSerialId: null}} | ret=SUCCESS |  
2019-09-12 10:10:33,080 [IPC Server handler 13 on 43702] INFO  net.NetworkTopology (NetworkTopologyImpl.java:add(110)) - Added a new node: /default-rack/bd0a38b2-0ade-4ab9-8ece-056daa626b99
2019-09-12 10:10:33,080 [IPC Server handler 13 on 43702] INFO  node.SCMNodeManager (SCMNodeManager.java:register(273)) - Registered Data node : bd0a38b2-0ade-4ab9-8ece-056daa626b99{ip: 192.168.36.114, host: pr-hdds-1569-58hkm-1881083799, networkLocation: /default-rack, certSerialId: null}
2019-09-12 10:10:33,081 | INFO  | SCMAudit | user=jenkins1000 | ip=192.168.36.114 | op=REGISTER {datanodeDetails=bd0a38b2-0ade-4ab9-8ece-056daa626b99{ip: 192.168.36.114, host: pr-hdds-1569-58hkm-1881083799, networkLocation: /default-rack, certSerialId: null}} | ret=SUCCESS |  
2019-09-12 10:10:33,194 [grpc-default-executor-0] INFO  impl.RaftServerProxy (RaftServerProxy.java:addNew(89)) - db8f3dd9-b09f-4e42-bc8b-0b8816c9f45e: addNew group-6902299C7D9F:[db8f3dd9-b09f-4e42-bc8b-0b8816c9f45e:192.168.36.114:36560] returns group-6902299C7D9F:java.util.concurrent.CompletableFuture@7a57254f[Not completed]
2019-09-12 10:10:33,208 [IPC Server handler 11 on 43702] INFO  net.NetworkTopology (NetworkTopologyImpl.java:add(110)) - Added a new node: /default-rack/c257187d-6013-41a0-a6c3-70113601683b
2019-09-12 10:10:33,208 [IPC Server handler 11 on 43702] INFO  node.SCMNodeManager (SCMNodeManager.java:register(273)) - Registered Data node : c257187d-6013-41a0-a6c3-70113601683b{ip: 192.168.36.114, host: pr-hdds-1569-58hkm-1881083799, networkLocation: /default-rack, certSerialId: null}
2019-09-12 10:10:33,208 [pool-27-thread-1] INFO  impl.RaftServerImpl (RaftServerImpl.java:<init>(93)) - db8f3dd9-b09f-4e42-bc8b-0b8816c9f45e: new RaftServerImpl for group-6902299C7D9F:[db8f3dd9-b09f-4e42-bc8b-0b8816c9f45e:192.168.36.114:36560] with ContainerStateMachine:uninitialized
2019-09-12 10:10:33,208 | INFO  | SCMAudit | user=jenkins1000 | ip=192.168.36.114 | op=REGISTER {datanodeDetails=c257187d-6013-41a0-a6c3-70113601683b{ip: 192.168.36.114, host: pr-hdds-1569-58hkm-1881083799, networkLocation: /default-rack, certSerialId: null}} | ret=SUCCESS |  
2019-09-12 10:10:33,209 [pool-27-thread-1] INFO  server.RaftServerConfigKeys (ConfUtils.java:logGet(43)) - raft.server.rpc.timeout.min = 5s (custom)
2019-09-12 10:10:33,210 [pool-27-thread-1] INFO  server.RaftServerConfigKeys (ConfUtils.java:logGet(43)) - raft.server.rpc.timeout.max = 5200ms (custom)
2019-09-12 10:10:33,210 [pool-27-thread-1] INFO  server.RaftServerConfigKeys (ConfUtils.java:logGet(43)) - raft.server.rpcslowness.timeout = 120s (custom)
2019-09-12 10:10:33,211 [pool-27-thread-1] INFO  server.RaftServerConfigKeys (ConfUtils.java:logGet(43)) - raft.server.sleep.deviation.threshold = 300 (default)
2019-09-12 10:10:33,211 [pool-27-thread-1] INFO  server.RaftServerConfigKeys (ConfUtils.java:logGet(43)) - raft.server.log.appender.install.snapshot.enabled = false (custom)
2019-09-12 10:10:33,213 [main] INFO  ozone.MiniOzoneClusterImpl (MiniOzoneClusterImpl.java:lambda$waitForClusterToBeReady$0(142)) - Cluster is ready. Got 5 of 5 DN Heartbeats.
2019-09-12 10:10:33,217 [pool-27-thread-1] INFO  impl.RaftServerImpl (ServerState.java:<init>(105)) - db8f3dd9-b09f-4e42-bc8b-0b8816c9f45e:group-6902299C7D9F ConfigurationManager, init=-1: [db8f3dd9-b09f-4e42-bc8b-0b8816c9f45e:192.168.36.114:36560], old=null, confs=<EMPTY_MAP>
2019-09-12 10:10:33,217 [pool-27-thread-1] INFO  server.RaftServerConfigKeys (ConfUtils.java:logGet(43)) - raft.server.storage.dir = [/workdir/hadoop-ozone/integration-test/target/test-dir/MiniOzoneClusterImpl-aa909d9c-8689-4ca6-a6e6-f667e4f57e2f/datanode-0/data/ratis] (custom)
2019-09-12 10:10:33,227 [pool-27-thread-1] INFO  storage.RaftStorageDirectory (RaftStorageDirectory.java:analyzeStorage(246)) - The storage directory /workdir/hadoop-ozone/integration-test/target/test-dir/MiniOzoneClusterImpl-aa909d9c-8689-4ca6-a6e6-f667e4f57e2f/datanode-0/data/ratis/6b0976c0-e7c9-48c0-bf23-6902299c7d9f does not exist. Creating ...
2019-09-12 10:10:33,245 [pool-27-thread-1] INFO  storage.RaftStorageDirectory (RaftStorageDirectory.java:tryLock(328)) - Lock on /workdir/hadoop-ozone/integration-test/target/test-dir/MiniOzoneClusterImpl-aa909d9c-8689-4ca6-a6e6-f667e4f57e2f/datanode-0/data/ratis/6b0976c0-e7c9-48c0-bf23-6902299c7d9f/in_use.lock acquired by nodename 5279@pr-hdds-1569-58hkm-1881083799
2019-09-12 10:10:33,261 [pool-27-thread-1] INFO  storage.RaftStorage (RaftStorage.java:format(72)) - Storage directory /workdir/hadoop-ozone/integration-test/target/test-dir/MiniOzoneClusterImpl-aa909d9c-8689-4ca6-a6e6-f667e4f57e2f/datanode-0/data/ratis/6b0976c0-e7c9-48c0-bf23-6902299c7d9f has been successfully formatted.
2019-09-12 10:10:33,263 [pool-27-thread-1] INFO  ratis.ContainerStateMachine (ContainerStateMachine.java:loadSnapshot(226)) - group-6902299C7D9F: The snapshot info is null. Setting the last applied indexto:(t:0, i:~)
2019-09-12 10:10:33,264 [pool-27-thread-1] INFO  server.RaftServerConfigKeys (ConfUtils.java:logGet(43)) - raft.server.leader.election.timeout = 120s (custom)
2019-09-12 10:10:33,266 [pool-27-thread-1] INFO  server.RaftServerConfigKeys (ConfUtils.java:logGet(43)) - raft.server.log.use.memory = false (default)
2019-09-12 10:10:33,272 [pool-27-thread-1] INFO  server.RaftServerConfigKeys (ConfUtils.java:logGet(43)) - raft.server.log.purge.gap = 1000000 (custom)
2019-09-12 10:10:33,272 [pool-27-thread-1] INFO  server.RaftServerConfigKeys (ConfUtils.java:logGet(43)) - raft.server.log.appender.buffer.byte-limit = 33554432 (custom)
2019-09-12 10:10:33,273 [pool-27-thread-1] INFO  server.RaftServerConfigKeys (ConfUtils.java:logGet(43)) - raft.server.log.segment.size.max = 1048576 (custom)
2019-09-12 10:10:33,277 [pool-27-thread-1] INFO  server.RaftServerConfigKeys (ConfUtils.java:logGet(43)) - raft.server.log.segment.cache.num.max = 2 (custom)
2019-09-12 10:10:33,282 [pool-27-thread-1] INFO  segmented.SegmentedRaftLogWorker (SegmentedRaftLogWorker.java:<init>(172)) - new db8f3dd9-b09f-4e42-bc8b-0b8816c9f45e-SegmentedRaftLogWorker:Storage Directory /workdir/hadoop-ozone/integration-test/target/test-dir/MiniOzoneClusterImpl-aa909d9c-8689-4ca6-a6e6-f667e4f57e2f/datanode-0/data/ratis/6b0976c0-e7c9-48c0-bf23-6902299c7d9f for RaftStorage:Storage Directory /workdir/hadoop-ozone/integration-test/target/test-dir/MiniOzoneClusterImpl-aa909d9c-8689-4ca6-a6e6-f667e4f57e2f/datanode-0/data/ratis/6b0976c0-e7c9-48c0-bf23-6902299c7d9f
2019-09-12 10:10:33,293 [pool-27-thread-1] INFO  server.RaftServerConfigKeys (ConfUtils.java:logGet(43)) - raft.server.log.queue.byte-limit = 2147483647 (custom)
2019-09-12 10:10:33,294 [pool-27-thread-1] INFO  server.RaftServerConfigKeys (ConfUtils.java:logGet(43)) - raft.server.log.queue.element-limit = 1024 (custom)
2019-09-12 10:10:33,298 [pool-27-thread-1] INFO  server.RaftServerConfigKeys (ConfUtils.java:logGet(43)) - raft.server.log.segment.size.max = 1048576 (custom)
2019-09-12 10:10:33,299 [pool-27-thread-1] INFO  server.RaftServerConfigKeys (ConfUtils.java:logGet(43)) - raft.server.log.preallocated.size = 16384 (custom)
2019-09-12 10:10:33,299 [pool-27-thread-1] INFO  server.RaftServerConfigKeys (ConfUtils.java:logGet(43)) - raft.server.log.write.buffer.size = 33554432 (custom)
2019-09-12 10:10:33,300 [pool-27-thread-1] INFO  server.RaftServerConfigKeys (ConfUtils.java:logGet(43)) - raft.server.log.force.sync.num = 128 (default)
2019-09-12 10:10:33,300 [pool-27-thread-1] INFO  server.RaftServerConfigKeys (ConfUtils.java:logGet(43)) - raft.server.log.statemachine.data.sync = true (default)
2019-09-12 10:10:33,301 [pool-27-thread-1] INFO  server.RaftServerConfigKeys (ConfUtils.java:logGet(43)) - raft.server.log.statemachine.data.sync.timeout = 10s (default)
2019-09-12 10:10:33,301 [pool-27-thread-1] INFO  server.RaftServerConfigKeys (ConfUtils.java:logGet(43)) - raft.server.log.statemachine.data.sync.timeout.retry = -1 (default)
2019-09-12 10:10:33,309 [pool-27-thread-1] INFO  server.RaftServerConfigKeys (ConfUtils.java:logGet(43)) - raft.server.log.statemachine.data.caching.enabled = true (custom)
2019-09-12 10:10:33,313 [pool-27-thread-1] INFO  segmented.SegmentedRaftLogWorker (SegmentedRaftLogWorker.java:lambda$new$0(132)) - db8f3dd9-b09f-4e42-bc8b-0b8816c9f45e-SegmentedRaftLogWorker:Storage Directory /workdir/hadoop-ozone/integration-test/target/test-dir/MiniOzoneClusterImpl-aa909d9c-8689-4ca6-a6e6-f667e4f57e2f/datanode-0/data/ratis/6b0976c0-e7c9-48c0-bf23-6902299c7d9f: flushIndex: setUnconditionally 0 -> -1
2019-09-12 10:10:33,317 [pool-27-thread-1] INFO  server.RaftServerConfigKeys (ConfUtils.java:logGet(43)) - raft.server.snapshot.auto.trigger.enabled = true (custom)
2019-09-12 10:10:33,318 [pool-27-thread-1] INFO  server.RaftServerConfigKeys (ConfUtils.java:logGet(43)) - raft.server.snapshot.auto.trigger.threshold = 10000 (custom)
2019-09-12 10:10:33,318 [pool-27-thread-1] INFO  server.RaftServerConfigKeys (ConfUtils.java:logGet(43)) - raft.server.retrycache.expirytime = 600000ms (custom)
2019-09-12 10:10:33,336 [pool-27-thread-1] INFO  impl.RaftServerImpl (RaftServerImpl.java:start(180)) - db8f3dd9-b09f-4e42-bc8b-0b8816c9f45e: start group-6902299C7D9F
2019-09-12 10:10:33,337 [pool-27-thread-1] INFO  impl.RaftServerImpl (RaftServerImpl.java:setRole(171)) - db8f3dd9-b09f-4e42-bc8b-0b8816c9f45e:group-6902299C7D9F changes role from null to FOLLOWER at term 0 for startAsFollower
2019-09-12 10:10:33,338 [pool-27-thread-1] INFO  impl.RoleInfo (RoleInfo.java:updateAndGet(143)) - db8f3dd9-b09f-4e42-bc8b-0b8816c9f45e: start FollowerState
2019-09-12 10:10:33,340 [pool-27-thread-1] INFO  util.JmxRegister (JmxRegister.java:tryRegister(44)) - Successfully registered JMX Bean with object name Ratis:service=RaftServer,group=group-6902299C7D9F,id=db8f3dd9-b09f-4e42-bc8b-0b8816c9f45e
2019-09-12 10:10:33,404 [RatisPipelineUtilsThread] INFO  pipeline.PipelineStateManager (PipelineStateManager.java:addPipeline(56)) - Created pipeline Pipeline[ Id: 6b0976c0-e7c9-48c0-bf23-6902299c7d9f, Nodes: db8f3dd9-b09f-4e42-bc8b-0b8816c9f45e{ip: 192.168.36.114, host: pr-hdds-1569-58hkm-1881083799, networkLocation: /default-rack, certSerialId: null}, Type:RATIS, Factor:ONE, State:OPEN]
2019-09-12 10:10:33,425 [grpc-default-executor-0] INFO  impl.RaftServerProxy (RaftServerProxy.java:addNew(89)) - db8f3dd9-b09f-4e42-bc8b-0b8816c9f45e: addNew group-8F83E17860F9:[db8f3dd9-b09f-4e42-bc8b-0b8816c9f45e:192.168.36.114:36560] returns group-8F83E17860F9:java.util.concurrent.CompletableFuture@2708f1ec[Not completed]
2019-09-12 10:10:33,427 [pool-27-thread-1] INFO  impl.RaftServerImpl (RaftServerImpl.java:<init>(93)) - db8f3dd9-b09f-4e42-bc8b-0b8816c9f45e: new RaftServerImpl for group-8F83E17860F9:[db8f3dd9-b09f-4e42-bc8b-0b8816c9f45e:192.168.36.114:36560] with ContainerStateMachine:uninitialized
2019-09-12 10:10:33,427 [pool-27-thread-1] INFO  server.RaftServerConfigKeys (ConfUtils.java:logGet(43)) - raft.server.rpc.timeout.min = 5s (custom)
2019-09-12 10:10:33,427 [pool-27-thread-1] INFO  server.RaftServerConfigKeys (ConfUtils.java:logGet(43)) - raft.server.rpc.timeout.max = 5200ms (custom)
2019-09-12 10:10:33,427 [pool-27-thread-1] INFO  server.RaftServerConfigKeys (ConfUtils.java:logGet(43)) - raft.server.rpcslowness.timeout = 120s (custom)
2019-09-12 10:10:33,427 [pool-27-thread-1] INFO  server.RaftServerConfigKeys (ConfUtils.java:logGet(43)) - raft.server.sleep.deviation.threshold = 300 (default)
2019-09-12 10:10:33,427 [pool-27-thread-1] INFO  server.RaftServerConfigKeys (ConfUtils.java:logGet(43)) - raft.server.log.appender.install.snapshot.enabled = false (custom)
2019-09-12 10:10:33,427 [pool-27-thread-1] INFO  impl.RaftServerImpl (ServerState.java:<init>(105)) - db8f3dd9-b09f-4e42-bc8b-0b8816c9f45e:group-8F83E17860F9 ConfigurationManager, init=-1: [db8f3dd9-b09f-4e42-bc8b-0b8816c9f45e:192.168.36.114:36560], old=null, confs=<EMPTY_MAP>
2019-09-12 10:10:33,428 [pool-27-thread-1] INFO  server.RaftServerConfigKeys (ConfUtils.java:logGet(43)) - raft.server.storage.dir = [/workdir/hadoop-ozone/integration-test/target/test-dir/MiniOzoneClusterImpl-aa909d9c-8689-4ca6-a6e6-f667e4f57e2f/datanode-0/data/ratis] (custom)
2019-09-12 10:10:33,428 [pool-27-thread-1] INFO  storage.RaftStorageDirectory (RaftStorageDirectory.java:analyzeStorage(246)) - The storage directory /workdir/hadoop-ozone/integration-test/target/test-dir/MiniOzoneClusterImpl-aa909d9c-8689-4ca6-a6e6-f667e4f57e2f/datanode-0/data/ratis/4049a850-fb33-4dac-a0dd-8f83e17860f9 does not exist. Creating ...
2019-09-12 10:10:33,487 [pool-27-thread-1] INFO  storage.RaftStorageDirectory (RaftStorageDirectory.java:tryLock(328)) - Lock on /workdir/hadoop-ozone/integration-test/target/test-dir/MiniOzoneClusterImpl-aa909d9c-8689-4ca6-a6e6-f667e4f57e2f/datanode-0/data/ratis/4049a850-fb33-4dac-a0dd-8f83e17860f9/in_use.lock acquired by nodename 5279@pr-hdds-1569-58hkm-1881083799
2019-09-12 10:10:33,582 [pool-27-thread-1] INFO  storage.RaftStorage (RaftStorage.java:format(72)) - Storage directory /workdir/hadoop-ozone/integration-test/target/test-dir/MiniOzoneClusterImpl-aa909d9c-8689-4ca6-a6e6-f667e4f57e2f/datanode-0/data/ratis/4049a850-fb33-4dac-a0dd-8f83e17860f9 has been successfully formatted.
2019-09-12 10:10:33,582 [pool-27-thread-1] INFO  ratis.ContainerStateMachine (ContainerStateMachine.java:loadSnapshot(226)) - group-8F83E17860F9: The snapshot info is null. Setting the last applied indexto:(t:0, i:~)
2019-09-12 10:10:33,582 [pool-27-thread-1] INFO  server.RaftServerConfigKeys (ConfUtils.java:logGet(43)) - raft.server.leader.election.timeout = 120s (custom)
2019-09-12 10:10:33,583 [pool-27-thread-1] INFO  server.RaftServerConfigKeys (ConfUtils.java:logGet(43)) - raft.server.log.use.memory = false (default)
2019-09-12 10:10:33,583 [pool-27-thread-1] INFO  server.RaftServerConfigKeys (ConfUtils.java:logGet(43)) - raft.server.log.purge.gap = 1000000 (custom)
2019-09-12 10:10:33,583 [pool-27-thread-1] INFO  server.RaftServerConfigKeys (ConfUtils.java:logGet(43)) - raft.server.log.appender.buffer.byte-limit = 33554432 (custom)
2019-09-12 10:10:33,583 [pool-27-thread-1] INFO  server.RaftServerConfigKeys (ConfUtils.java:logGet(43)) - raft.server.log.segment.size.max = 1048576 (custom)
2019-09-12 10:10:33,584 [pool-27-thread-1] INFO  server.RaftServerConfigKeys (ConfUtils.java:logGet(43)) - raft.server.log.segment.cache.num.max = 2 (custom)
2019-09-12 10:10:33,584 [pool-27-thread-1] INFO  segmented.SegmentedRaftLogWorker (SegmentedRaftLogWorker.java:<init>(172)) - new db8f3dd9-b09f-4e42-bc8b-0b8816c9f45e-SegmentedRaftLogWorker:Storage Directory /workdir/hadoop-ozone/integration-test/target/test-dir/MiniOzoneClusterImpl-aa909d9c-8689-4ca6-a6e6-f667e4f57e2f/datanode-0/data/ratis/4049a850-fb33-4dac-a0dd-8f83e17860f9 for RaftStorage:Storage Directory /workdir/hadoop-ozone/integration-test/target/test-dir/MiniOzoneClusterImpl-aa909d9c-8689-4ca6-a6e6-f667e4f57e2f/datanode-0/data/ratis/4049a850-fb33-4dac-a0dd-8f83e17860f9
2019-09-12 10:10:33,584 [pool-27-thread-1] INFO  server.RaftServerConfigKeys (ConfUtils.java:logGet(43)) - raft.server.log.queue.byte-limit = 2147483647 (custom)
2019-09-12 10:10:33,584 [pool-27-thread-1] INFO  server.RaftServerConfigKeys (ConfUtils.java:logGet(43)) - raft.server.log.queue.element-limit = 1024 (custom)
2019-09-12 10:10:33,585 [pool-27-thread-1] INFO  server.RaftServerConfigKeys (ConfUtils.java:logGet(43)) - raft.server.log.segment.size.max = 1048576 (custom)
2019-09-12 10:10:33,585 [pool-27-thread-1] INFO  server.RaftServerConfigKeys (ConfUtils.java:logGet(43)) - raft.server.log.preallocated.size = 16384 (custom)
2019-09-12 10:10:33,585 [pool-27-thread-1] INFO  server.RaftServerConfigKeys (ConfUtils.java:logGet(43)) - raft.server.log.write.buffer.size = 33554432 (custom)
2019-09-12 10:10:33,585 [pool-27-thread-1] INFO  server.RaftServerConfigKeys (ConfUtils.java:logGet(43)) - raft.server.log.force.sync.num = 128 (default)
2019-09-12 10:10:33,586 [pool-27-thread-1] INFO  server.RaftServerConfigKeys (ConfUtils.java:logGet(43)) - raft.server.log.statemachine.data.sync = true (default)
2019-09-12 10:10:33,586 [pool-27-thread-1] INFO  server.RaftServerConfigKeys (ConfUtils.java:logGet(43)) - raft.server.log.statemachine.data.sync.timeout = 10s (default)
2019-09-12 10:10:33,586 [pool-27-thread-1] INFO  server.RaftServerConfigKeys (ConfUtils.java:logGet(43)) - raft.server.log.statemachine.data.sync.timeout.retry = -1 (default)
2019-09-12 10:10:33,586 [pool-27-thread-1] INFO  server.RaftServerConfigKeys (ConfUtils.java:logGet(43)) - raft.server.log.statemachine.data.caching.enabled = true (custom)
2019-09-12 10:10:33,587 [pool-27-thread-1] INFO  segmented.SegmentedRaftLogWorker (SegmentedRaftLogWorker.java:lambda$new$0(132)) - db8f3dd9-b09f-4e42-bc8b-0b8816c9f45e-SegmentedRaftLogWorker:Storage Directory /workdir/hadoop-ozone/integration-test/target/test-dir/MiniOzoneClusterImpl-aa909d9c-8689-4ca6-a6e6-f667e4f57e2f/datanode-0/data/ratis/4049a850-fb33-4dac-a0dd-8f83e17860f9: flushIndex: setUnconditionally 0 -> -1
2019-09-12 10:10:33,587 [pool-27-thread-1] INFO  server.RaftServerConfigKeys (ConfUtils.java:logGet(43)) - raft.server.snapshot.auto.trigger.enabled = true (custom)
2019-09-12 10:10:33,587 [pool-27-thread-1] INFO  server.RaftServerConfigKeys (ConfUtils.java:logGet(43)) - raft.server.snapshot.auto.trigger.threshold = 10000 (custom)
2019-09-12 10:10:33,588 [pool-27-thread-1] INFO  server.RaftServerConfigKeys (ConfUtils.java:logGet(43)) - raft.server.retrycache.expirytime = 600000ms (custom)
2019-09-12 10:10:33,588 [pool-27-thread-1] INFO  impl.RaftServerImpl (RaftServerImpl.java:start(180)) - db8f3dd9-b09f-4e42-bc8b-0b8816c9f45e: start group-8F83E17860F9
2019-09-12 10:10:33,588 [pool-27-thread-1] INFO  impl.RaftServerImpl (RaftServerImpl.java:setRole(171)) - db8f3dd9-b09f-4e42-bc8b-0b8816c9f45e:group-8F83E17860F9 changes role from null to FOLLOWER at term 0 for startAsFollower
2019-09-12 10:10:33,589 [pool-27-thread-1] INFO  impl.RoleInfo (RoleInfo.java:updateAndGet(143)) - db8f3dd9-b09f-4e42-bc8b-0b8816c9f45e: start FollowerState
2019-09-12 10:10:33,589 [pool-27-thread-1] INFO  util.JmxRegister (JmxRegister.java:tryRegister(44)) - Successfully registered JMX Bean with object name Ratis:service=RaftServer,group=group-8F83E17860F9,id=db8f3dd9-b09f-4e42-bc8b-0b8816c9f45e
2019-09-12 10:10:33,602 [RatisPipelineUtilsThread] INFO  pipeline.PipelineStateManager (PipelineStateManager.java:addPipeline(56)) - Created pipeline Pipeline[ Id: 4049a850-fb33-4dac-a0dd-8f83e17860f9, Nodes: db8f3dd9-b09f-4e42-bc8b-0b8816c9f45e{ip: 192.168.36.114, host: pr-hdds-1569-58hkm-1881083799, networkLocation: /default-rack, certSerialId: null}, Type:RATIS, Factor:ONE, State:OPEN]
2019-09-12 10:10:33,622 [grpc-default-executor-0] INFO  impl.RaftServerProxy (RaftServerProxy.java:addNew(89)) - cc61ee54-953f-4ef7-b7e3-d5c043f839cb: addNew group-1CC105AB8641:[cc61ee54-953f-4ef7-b7e3-d5c043f839cb:192.168.36.114:41082] returns group-1CC105AB8641:java.util.concurrent.CompletableFuture@1cf512a0[Not completed]
2019-09-12 10:10:33,667 [pool-38-thread-1] INFO  impl.RaftServerImpl (RaftServerImpl.java:<init>(93)) - cc61ee54-953f-4ef7-b7e3-d5c043f839cb: new RaftServerImpl for group-1CC105AB8641:[cc61ee54-953f-4ef7-b7e3-d5c043f839cb:192.168.36.114:41082] with ContainerStateMachine:uninitialized
2019-09-12 10:10:33,669 [pool-38-thread-1] INFO  server.RaftServerConfigKeys (ConfUtils.java:logGet(43)) - raft.server.rpc.timeout.min = 5s (custom)
2019-09-12 10:10:33,669 [pool-38-thread-1] INFO  server.RaftServerConfigKeys (ConfUtils.java:logGet(43)) - raft.server.rpc.timeout.max = 5200ms (custom)
2019-09-12 10:10:33,669 [pool-38-thread-1] INFO  server.RaftServerConfigKeys (ConfUtils.java:logGet(43)) - raft.server.rpcslowness.timeout = 120s (custom)
2019-09-12 10:10:33,669 [pool-38-thread-1] INFO  server.RaftServerConfigKeys (ConfUtils.java:logGet(43)) - raft.server.sleep.deviation.threshold = 300 (default)
2019-09-12 10:10:33,670 [pool-38-thread-1] INFO  server.RaftServerConfigKeys (ConfUtils.java:logGet(43)) - raft.server.log.appender.install.snapshot.enabled = false (custom)
2019-09-12 10:10:33,670 [pool-38-thread-1] INFO  impl.RaftServerImpl (ServerState.java:<init>(105)) - cc61ee54-953f-4ef7-b7e3-d5c043f839cb:group-1CC105AB8641 ConfigurationManager, init=-1: [cc61ee54-953f-4ef7-b7e3-d5c043f839cb:192.168.36.114:41082], old=null, confs=<EMPTY_MAP>
2019-09-12 10:10:33,670 [pool-38-thread-1] INFO  server.RaftServerConfigKeys (ConfUtils.java:logGet(43)) - raft.server.storage.dir = [/workdir/hadoop-ozone/integration-test/target/test-dir/MiniOzoneClusterImpl-aa909d9c-8689-4ca6-a6e6-f667e4f57e2f/datanode-1/data/ratis] (custom)
2019-09-12 10:10:33,671 [pool-38-thread-1] INFO  storage.RaftStorageDirectory (RaftStorageDirectory.java:analyzeStorage(246)) - The storage directory /workdir/hadoop-ozone/integration-test/target/test-dir/MiniOzoneClusterImpl-aa909d9c-8689-4ca6-a6e6-f667e4f57e2f/datanode-1/data/ratis/1e8ee2ad-edfa-441c-a544-1cc105ab8641 does not exist. Creating ...
2019-09-12 10:10:33,713 [pool-38-thread-1] INFO  storage.RaftStorageDirectory (RaftStorageDirectory.java:tryLock(328)) - Lock on /workdir/hadoop-ozone/integration-test/target/test-dir/MiniOzoneClusterImpl-aa909d9c-8689-4ca6-a6e6-f667e4f57e2f/datanode-1/data/ratis/1e8ee2ad-edfa-441c-a544-1cc105ab8641/in_use.lock acquired by nodename 5279@pr-hdds-1569-58hkm-1881083799
2019-09-12 10:10:33,776 [pool-38-thread-1] INFO  storage.RaftStorage (RaftStorage.java:format(72)) - Storage directory /workdir/hadoop-ozone/integration-test/target/test-dir/MiniOzoneClusterImpl-aa909d9c-8689-4ca6-a6e6-f667e4f57e2f/datanode-1/data/ratis/1e8ee2ad-edfa-441c-a544-1cc105ab8641 has been successfully formatted.
2019-09-12 10:10:33,778 [pool-38-thread-1] INFO  ratis.ContainerStateMachine (ContainerStateMachine.java:loadSnapshot(226)) - group-1CC105AB8641: The snapshot info is null. Setting the last applied indexto:(t:0, i:~)
2019-09-12 10:10:33,780 [pool-38-thread-1] INFO  server.RaftServerConfigKeys (ConfUtils.java:logGet(43)) - raft.server.leader.election.timeout = 120s (custom)
2019-09-12 10:10:33,780 [pool-38-thread-1] INFO  server.RaftServerConfigKeys (ConfUtils.java:logGet(43)) - raft.server.log.use.memory = false (default)
2019-09-12 10:10:33,780 [pool-38-thread-1] INFO  server.RaftServerConfigKeys (ConfUtils.java:logGet(43)) - raft.server.log.purge.gap = 1000000 (custom)
2019-09-12 10:10:33,780 [pool-38-thread-1] INFO  server.RaftServerConfigKeys (ConfUtils.java:logGet(43)) - raft.server.log.appender.buffer.byte-limit = 33554432 (custom)
2019-09-12 10:10:33,781 [pool-38-thread-1] INFO  server.RaftServerConfigKeys (ConfUtils.java:logGet(43)) - raft.server.log.segment.size.max = 1048576 (custom)
2019-09-12 10:10:33,781 [pool-38-thread-1] INFO  server.RaftServerConfigKeys (ConfUtils.java:logGet(43)) - raft.server.log.segment.cache.num.max = 2 (custom)
2019-09-12 10:10:33,781 [pool-38-thread-1] INFO  segmented.SegmentedRaftLogWorker (SegmentedRaftLogWorker.java:<init>(172)) - new cc61ee54-953f-4ef7-b7e3-d5c043f839cb-SegmentedRaftLogWorker:Storage Directory /workdir/hadoop-ozone/integration-test/target/test-dir/MiniOzoneClusterImpl-aa909d9c-8689-4ca6-a6e6-f667e4f57e2f/datanode-1/data/ratis/1e8ee2ad-edfa-441c-a544-1cc105ab8641 for RaftStorage:Storage Directory /workdir/hadoop-ozone/integration-test/target/test-dir/MiniOzoneClusterImpl-aa909d9c-8689-4ca6-a6e6-f667e4f57e2f/datanode-1/data/ratis/1e8ee2ad-edfa-441c-a544-1cc105ab8641
2019-09-12 10:10:33,783 [pool-38-thread-1] INFO  server.RaftServerConfigKeys (ConfUtils.java:logGet(43)) - raft.server.log.queue.byte-limit = 2147483647 (custom)
2019-09-12 10:10:33,783 [pool-38-thread-1] INFO  server.RaftServerConfigKeys (ConfUtils.java:logGet(43)) - raft.server.log.queue.element-limit = 1024 (custom)
2019-09-12 10:10:33,783 [pool-38-thread-1] INFO  server.RaftServerConfigKeys (ConfUtils.java:logGet(43)) - raft.server.log.segment.size.max = 1048576 (custom)
2019-09-12 10:10:33,783 [pool-38-thread-1] INFO  server.RaftServerConfigKeys (ConfUtils.java:logGet(43)) - raft.server.log.preallocated.size = 16384 (custom)
2019-09-12 10:10:33,784 [pool-38-thread-1] INFO  server.RaftServerConfigKeys (ConfUtils.java:logGet(43)) - raft.server.log.write.buffer.size = 33554432 (custom)
2019-09-12 10:10:33,784 [pool-38-thread-1] INFO  server.RaftServerConfigKeys (ConfUtils.java:logGet(43)) - raft.server.log.force.sync.num = 128 (default)
2019-09-12 10:10:33,784 [pool-38-thread-1] INFO  server.RaftServerConfigKeys (ConfUtils.java:logGet(43)) - raft.server.log.statemachine.data.sync = true (default)
2019-09-12 10:10:33,784 [pool-38-thread-1] INFO  server.RaftServerConfigKeys (ConfUtils.java:logGet(43)) - raft.server.log.statemachine.data.sync.timeout = 10s (default)
2019-09-12 10:10:33,784 [pool-38-thread-1] INFO  server.RaftServerConfigKeys (ConfUtils.java:logGet(43)) - raft.server.log.statemachine.data.sync.timeout.retry = -1 (default)
2019-09-12 10:10:33,785 [pool-38-thread-1] INFO  server.RaftServerConfigKeys (ConfUtils.java:logGet(43)) - raft.server.log.statemachine.data.caching.enabled = true (custom)
2019-09-12 10:10:33,785 [pool-38-thread-1] INFO  segmented.SegmentedRaftLogWorker (SegmentedRaftLogWorker.java:lambda$new$0(132)) - cc61ee54-953f-4ef7-b7e3-d5c043f839cb-SegmentedRaftLogWorker:Storage Directory /workdir/hadoop-ozone/integration-test/target/test-dir/MiniOzoneClusterImpl-aa909d9c-8689-4ca6-a6e6-f667e4f57e2f/datanode-1/data/ratis/1e8ee2ad-edfa-441c-a544-1cc105ab8641: flushIndex: setUnconditionally 0 -> -1
2019-09-12 10:10:33,785 [pool-38-thread-1] INFO  server.RaftServerConfigKeys (ConfUtils.java:logGet(43)) - raft.server.snapshot.auto.trigger.enabled = true (custom)
2019-09-12 10:10:33,786 [pool-38-thread-1] INFO  server.RaftServerConfigKeys (ConfUtils.java:logGet(43)) - raft.server.snapshot.auto.trigger.threshold = 10000 (custom)
2019-09-12 10:10:33,786 [pool-38-thread-1] INFO  server.RaftServerConfigKeys (ConfUtils.java:logGet(43)) - raft.server.retrycache.expirytime = 600000ms (custom)
2019-09-12 10:10:33,786 [pool-38-thread-1] INFO  impl.RaftServerImpl (RaftServerImpl.java:start(180)) - cc61ee54-953f-4ef7-b7e3-d5c043f839cb: start group-1CC105AB8641
2019-09-12 10:10:33,786 [pool-38-thread-1] INFO  impl.RaftServerImpl (RaftServerImpl.java:setRole(171)) - cc61ee54-953f-4ef7-b7e3-d5c043f839cb:group-1CC105AB8641 changes role from null to FOLLOWER at term 0 for startAsFollower
2019-09-12 10:10:33,787 [pool-38-thread-1] INFO  impl.RoleInfo (RoleInfo.java:updateAndGet(143)) - cc61ee54-953f-4ef7-b7e3-d5c043f839cb: start FollowerState
2019-09-12 10:10:33,788 [pool-38-thread-1] INFO  util.JmxRegister (JmxRegister.java:tryRegister(44)) - Successfully registered JMX Bean with object name Ratis:service=RaftServer,group=group-1CC105AB8641,id=cc61ee54-953f-4ef7-b7e3-d5c043f839cb
2019-09-12 10:10:33,802 [RatisPipelineUtilsThread] INFO  pipeline.PipelineStateManager (PipelineStateManager.java:addPipeline(56)) - Created pipeline Pipeline[ Id: 1e8ee2ad-edfa-441c-a544-1cc105ab8641, Nodes: cc61ee54-953f-4ef7-b7e3-d5c043f839cb{ip: 192.168.36.114, host: pr-hdds-1569-58hkm-1881083799, networkLocation: /default-rack, certSerialId: null}, Type:RATIS, Factor:ONE, State:OPEN]
2019-09-12 10:10:33,826 [grpc-default-executor-0] INFO  impl.RaftServerProxy (RaftServerProxy.java:addNew(89)) - 8925b11b-15ee-4d46-98cb-9cc2d2f12dc3: addNew group-018699329FC3:[8925b11b-15ee-4d46-98cb-9cc2d2f12dc3:192.168.36.114:36994] returns group-018699329FC3:java.util.concurrent.CompletableFuture@5a963dbf[Not completed]
2019-09-12 10:10:33,839 [pool-60-thread-1] INFO  impl.RaftServerImpl (RaftServerImpl.java:<init>(93)) - 8925b11b-15ee-4d46-98cb-9cc2d2f12dc3: new RaftServerImpl for group-018699329FC3:[8925b11b-15ee-4d46-98cb-9cc2d2f12dc3:192.168.36.114:36994] with ContainerStateMachine:uninitialized
2019-09-12 10:10:33,839 [pool-60-thread-1] INFO  server.RaftServerConfigKeys (ConfUtils.java:logGet(43)) - raft.server.rpc.timeout.min = 5s (custom)
2019-09-12 10:10:33,840 [pool-60-thread-1] INFO  server.RaftServerConfigKeys (ConfUtils.java:logGet(43)) - raft.server.rpc.timeout.max = 5200ms (custom)
2019-09-12 10:10:33,840 [pool-60-thread-1] INFO  server.RaftServerConfigKeys (ConfUtils.java:logGet(43)) - raft.server.rpcslowness.timeout = 120s (custom)
2019-09-12 10:10:33,840 [pool-60-thread-1] INFO  server.RaftServerConfigKeys (ConfUtils.java:logGet(43)) - raft.server.sleep.deviation.threshold = 300 (default)
2019-09-12 10:10:33,840 [pool-60-thread-1] INFO  server.RaftServerConfigKeys (ConfUtils.java:logGet(43)) - raft.server.log.appender.install.snapshot.enabled = false (custom)
2019-09-12 10:10:33,840 [pool-60-thread-1] INFO  impl.RaftServerImpl (ServerState.java:<init>(105)) - 8925b11b-15ee-4d46-98cb-9cc2d2f12dc3:group-018699329FC3 ConfigurationManager, init=-1: [8925b11b-15ee-4d46-98cb-9cc2d2f12dc3:192.168.36.114:36994], old=null, confs=<EMPTY_MAP>
2019-09-12 10:10:33,840 [pool-60-thread-1] INFO  server.RaftServerConfigKeys (ConfUtils.java:logGet(43)) - raft.server.storage.dir = [/workdir/hadoop-ozone/integration-test/target/test-dir/MiniOzoneClusterImpl-aa909d9c-8689-4ca6-a6e6-f667e4f57e2f/datanode-3/data/ratis] (custom)
2019-09-12 10:10:33,841 [pool-60-thread-1] INFO  storage.RaftStorageDirectory (RaftStorageDirectory.java:analyzeStorage(246)) - The storage directory /workdir/hadoop-ozone/integration-test/target/test-dir/MiniOzoneClusterImpl-aa909d9c-8689-4ca6-a6e6-f667e4f57e2f/datanode-3/data/ratis/53c452ab-ac60-486f-b53d-018699329fc3 does not exist. Creating ...
2019-09-12 10:10:33,892 [pool-60-thread-1] INFO  storage.RaftStorageDirectory (RaftStorageDirectory.java:tryLock(328)) - Lock on /workdir/hadoop-ozone/integration-test/target/test-dir/MiniOzoneClusterImpl-aa909d9c-8689-4ca6-a6e6-f667e4f57e2f/datanode-3/data/ratis/53c452ab-ac60-486f-b53d-018699329fc3/in_use.lock acquired by nodename 5279@pr-hdds-1569-58hkm-1881083799
2019-09-12 10:10:33,963 [pool-60-thread-1] INFO  storage.RaftStorage (RaftStorage.java:format(72)) - Storage directory /workdir/hadoop-ozone/integration-test/target/test-dir/MiniOzoneClusterImpl-aa909d9c-8689-4ca6-a6e6-f667e4f57e2f/datanode-3/data/ratis/53c452ab-ac60-486f-b53d-018699329fc3 has been successfully formatted.
2019-09-12 10:10:33,964 [pool-60-thread-1] INFO  ratis.ContainerStateMachine (ContainerStateMachine.java:loadSnapshot(226)) - group-018699329FC3: The snapshot info is null. Setting the last applied indexto:(t:0, i:~)
2019-09-12 10:10:33,964 [pool-60-thread-1] INFO  server.RaftServerConfigKeys (ConfUtils.java:logGet(43)) - raft.server.leader.election.timeout = 120s (custom)
2019-09-12 10:10:33,964 [pool-60-thread-1] INFO  server.RaftServerConfigKeys (ConfUtils.java:logGet(43)) - raft.server.log.use.memory = false (default)
2019-09-12 10:10:33,965 [pool-60-thread-1] INFO  server.RaftServerConfigKeys (ConfUtils.java:logGet(43)) - raft.server.log.purge.gap = 1000000 (custom)
2019-09-12 10:10:33,965 [pool-60-thread-1] INFO  server.RaftServerConfigKeys (ConfUtils.java:logGet(43)) - raft.server.log.appender.buffer.byte-limit = 33554432 (custom)
2019-09-12 10:10:33,965 [pool-60-thread-1] INFO  server.RaftServerConfigKeys (ConfUtils.java:logGet(43)) - raft.server.log.segment.size.max = 1048576 (custom)
2019-09-12 10:10:33,965 [pool-60-thread-1] INFO  server.RaftServerConfigKeys (ConfUtils.java:logGet(43)) - raft.server.log.segment.cache.num.max = 2 (custom)
2019-09-12 10:10:33,965 [pool-60-thread-1] INFO  segmented.SegmentedRaftLogWorker (SegmentedRaftLogWorker.java:<init>(172)) - new 8925b11b-15ee-4d46-98cb-9cc2d2f12dc3-SegmentedRaftLogWorker:Storage Directory /workdir/hadoop-ozone/integration-test/target/test-dir/MiniOzoneClusterImpl-aa909d9c-8689-4ca6-a6e6-f667e4f57e2f/datanode-3/data/ratis/53c452ab-ac60-486f-b53d-018699329fc3 for RaftStorage:Storage Directory /workdir/hadoop-ozone/integration-test/target/test-dir/MiniOzoneClusterImpl-aa909d9c-8689-4ca6-a6e6-f667e4f57e2f/datanode-3/data/ratis/53c452ab-ac60-486f-b53d-018699329fc3
2019-09-12 10:10:33,966 [pool-60-thread-1] INFO  server.RaftServerConfigKeys (ConfUtils.java:logGet(43)) - raft.server.log.queue.byte-limit = 2147483647 (custom)
2019-09-12 10:10:33,966 [pool-60-thread-1] INFO  server.RaftServerConfigKeys (ConfUtils.java:logGet(43)) - raft.server.log.queue.element-limit = 1024 (custom)
2019-09-12 10:10:33,966 [pool-60-thread-1] INFO  server.RaftServerConfigKeys (ConfUtils.java:logGet(43)) - raft.server.log.segment.size.max = 1048576 (custom)
2019-09-12 10:10:33,967 [pool-60-thread-1] INFO  server.RaftServerConfigKeys (ConfUtils.java:logGet(43)) - raft.server.log.preallocated.size = 16384 (custom)
2019-09-12 10:10:33,967 [pool-60-thread-1] INFO  server.RaftServerConfigKeys (ConfUtils.java:logGet(43)) - raft.server.log.write.buffer.size = 33554432 (custom)
2019-09-12 10:10:33,967 [pool-60-thread-1] INFO  server.RaftServerConfigKeys (ConfUtils.java:logGet(43)) - raft.server.log.force.sync.num = 128 (default)
2019-09-12 10:10:33,967 [pool-60-thread-1] INFO  server.RaftServerConfigKeys (ConfUtils.java:logGet(43)) - raft.server.log.statemachine.data.sync = true (default)
2019-09-12 10:10:33,967 [pool-60-thread-1] INFO  server.RaftServerConfigKeys (ConfUtils.java:logGet(43)) - raft.server.log.statemachine.data.sync.timeout = 10s (default)
2019-09-12 10:10:33,968 [pool-60-thread-1] INFO  server.RaftServerConfigKeys (ConfUtils.java:logGet(43)) - raft.server.log.statemachine.data.sync.timeout.retry = -1 (default)
2019-09-12 10:10:33,968 [pool-60-thread-1] INFO  server.RaftServerConfigKeys (ConfUtils.java:logGet(43)) - raft.server.log.statemachine.data.caching.enabled = true (custom)
2019-09-12 10:10:33,969 [pool-60-thread-1] INFO  segmented.SegmentedRaftLogWorker (SegmentedRaftLogWorker.java:lambda$new$0(132)) - 8925b11b-15ee-4d46-98cb-9cc2d2f12dc3-SegmentedRaftLogWorker:Storage Directory /workdir/hadoop-ozone/integration-test/target/test-dir/MiniOzoneClusterImpl-aa909d9c-8689-4ca6-a6e6-f667e4f57e2f/datanode-3/data/ratis/53c452ab-ac60-486f-b53d-018699329fc3: flushIndex: setUnconditionally 0 -> -1
2019-09-12 10:10:33,969 [pool-60-thread-1] INFO  server.RaftServerConfigKeys (ConfUtils.java:logGet(43)) - raft.server.snapshot.auto.trigger.enabled = true (custom)
2019-09-12 10:10:33,969 [pool-60-thread-1] INFO  server.RaftServerConfigKeys (ConfUtils.java:logGet(43)) - raft.server.snapshot.auto.trigger.threshold = 10000 (custom)
2019-09-12 10:10:33,970 [pool-60-thread-1] INFO  server.RaftServerConfigKeys (ConfUtils.java:logGet(43)) - raft.server.retrycache.expirytime = 600000ms (custom)
2019-09-12 10:10:33,970 [pool-60-thread-1] INFO  impl.RaftServerImpl (RaftServerImpl.java:start(180)) - 8925b11b-15ee-4d46-98cb-9cc2d2f12dc3: start group-018699329FC3
2019-09-12 10:10:33,970 [pool-60-thread-1] INFO  impl.RaftServerImpl (RaftServerImpl.java:setRole(171)) - 8925b11b-15ee-4d46-98cb-9cc2d2f12dc3:group-018699329FC3 changes role from null to FOLLOWER at term 0 for startAsFollower
2019-09-12 10:10:33,971 [pool-60-thread-1] INFO  impl.RoleInfo (RoleInfo.java:updateAndGet(143)) - 8925b11b-15ee-4d46-98cb-9cc2d2f12dc3: start FollowerState
2019-09-12 10:10:33,971 [pool-60-thread-1] INFO  util.JmxRegister (JmxRegister.java:tryRegister(44)) - Successfully registered JMX Bean with object name Ratis:service=RaftServer,group=group-018699329FC3,id=8925b11b-15ee-4d46-98cb-9cc2d2f12dc3
2019-09-12 10:10:33,984 [RatisPipelineUtilsThread] INFO  pipeline.PipelineStateManager (PipelineStateManager.java:addPipeline(56)) - Created pipeline Pipeline[ Id: 53c452ab-ac60-486f-b53d-018699329fc3, Nodes: 8925b11b-15ee-4d46-98cb-9cc2d2f12dc3{ip: 192.168.36.114, host: pr-hdds-1569-58hkm-1881083799, networkLocation: /default-rack, certSerialId: null}, Type:RATIS, Factor:ONE, State:OPEN]
2019-09-12 10:10:34,010 [grpc-default-executor-0] INFO  impl.RaftServerProxy (RaftServerProxy.java:addNew(89)) - 8925b11b-15ee-4d46-98cb-9cc2d2f12dc3: addNew group-ADE2825270AD:[8925b11b-15ee-4d46-98cb-9cc2d2f12dc3:192.168.36.114:36994] returns group-ADE2825270AD:java.util.concurrent.CompletableFuture@206eecb[Not completed]
2019-09-12 10:10:34,012 [pool-60-thread-1] INFO  impl.RaftServerImpl (RaftServerImpl.java:<init>(93)) - 8925b11b-15ee-4d46-98cb-9cc2d2f12dc3: new RaftServerImpl for group-ADE2825270AD:[8925b11b-15ee-4d46-98cb-9cc2d2f12dc3:192.168.36.114:36994] with ContainerStateMachine:uninitialized
2019-09-12 10:10:34,012 [pool-60-thread-1] INFO  server.RaftServerConfigKeys (ConfUtils.java:logGet(43)) - raft.server.rpc.timeout.min = 5s (custom)
2019-09-12 10:10:34,012 [pool-60-thread-1] INFO  server.RaftServerConfigKeys (ConfUtils.java:logGet(43)) - raft.server.rpc.timeout.max = 5200ms (custom)
2019-09-12 10:10:34,012 [pool-60-thread-1] INFO  server.RaftServerConfigKeys (ConfUtils.java:logGet(43)) - raft.server.rpcslowness.timeout = 120s (custom)
2019-09-12 10:10:34,012 [pool-60-thread-1] INFO  server.RaftServerConfigKeys (ConfUtils.java:logGet(43)) - raft.server.sleep.deviation.threshold = 300 (default)
2019-09-12 10:10:34,012 [pool-60-thread-1] INFO  server.RaftServerConfigKeys (ConfUtils.java:logGet(43)) - raft.server.log.appender.install.snapshot.enabled = false (custom)
2019-09-12 10:10:34,012 [pool-60-thread-1] INFO  impl.RaftServerImpl (ServerState.java:<init>(105)) - 8925b11b-15ee-4d46-98cb-9cc2d2f12dc3:group-ADE2825270AD ConfigurationManager, init=-1: [8925b11b-15ee-4d46-98cb-9cc2d2f12dc3:192.168.36.114:36994], old=null, confs=<EMPTY_MAP>
2019-09-12 10:10:34,013 [pool-60-thread-1] INFO  server.RaftServerConfigKeys (ConfUtils.java:logGet(43)) - raft.server.storage.dir = [/workdir/hadoop-ozone/integration-test/target/test-dir/MiniOzoneClusterImpl-aa909d9c-8689-4ca6-a6e6-f667e4f57e2f/datanode-3/data/ratis] (custom)
2019-09-12 10:10:34,013 [pool-60-thread-1] INFO  storage.RaftStorageDirectory (RaftStorageDirectory.java:analyzeStorage(246)) - The storage directory /workdir/hadoop-ozone/integration-test/target/test-dir/MiniOzoneClusterImpl-aa909d9c-8689-4ca6-a6e6-f667e4f57e2f/datanode-3/data/ratis/5f727fd3-e403-48ed-b8b4-ade2825270ad does not exist. Creating ...
2019-09-12 10:10:34,086 [pool-60-thread-1] INFO  storage.RaftStorageDirectory (RaftStorageDirectory.java:tryLock(328)) - Lock on /workdir/hadoop-ozone/integration-test/target/test-dir/MiniOzoneClusterImpl-aa909d9c-8689-4ca6-a6e6-f667e4f57e2f/datanode-3/data/ratis/5f727fd3-e403-48ed-b8b4-ade2825270ad/in_use.lock acquired by nodename 5279@pr-hdds-1569-58hkm-1881083799
2019-09-12 10:10:34,168 [pool-60-thread-1] INFO  storage.RaftStorage (RaftStorage.java:format(72)) - Storage directory /workdir/hadoop-ozone/integration-test/target/test-dir/MiniOzoneClusterImpl-aa909d9c-8689-4ca6-a6e6-f667e4f57e2f/datanode-3/data/ratis/5f727fd3-e403-48ed-b8b4-ade2825270ad has been successfully formatted.
2019-09-12 10:10:34,168 [pool-60-thread-1] INFO  ratis.ContainerStateMachine (ContainerStateMachine.java:loadSnapshot(226)) - group-ADE2825270AD: The snapshot info is null. Setting the last applied indexto:(t:0, i:~)
2019-09-12 10:10:34,168 [pool-60-thread-1] INFO  server.RaftServerConfigKeys (ConfUtils.java:logGet(43)) - raft.server.leader.election.timeout = 120s (custom)
2019-09-12 10:10:34,169 [pool-60-thread-1] INFO  server.RaftServerConfigKeys (ConfUtils.java:logGet(43)) - raft.server.log.use.memory = false (default)
2019-09-12 10:10:34,169 [pool-60-thread-1] INFO  server.RaftServerConfigKeys (ConfUtils.java:logGet(43)) - raft.server.log.purge.gap = 1000000 (custom)
2019-09-12 10:10:34,169 [pool-60-thread-1] INFO  server.RaftServerConfigKeys (ConfUtils.java:logGet(43)) - raft.server.log.appender.buffer.byte-limit = 33554432 (custom)
2019-09-12 10:10:34,170 [pool-60-thread-1] INFO  server.RaftServerConfigKeys (ConfUtils.java:logGet(43)) - raft.server.log.segment.size.max = 1048576 (custom)
2019-09-12 10:10:34,170 [pool-60-thread-1] INFO  server.RaftServerConfigKeys (ConfUtils.java:logGet(43)) - raft.server.log.segment.cache.num.max = 2 (custom)
2019-09-12 10:10:34,171 [pool-60-thread-1] INFO  segmented.SegmentedRaftLogWorker (SegmentedRaftLogWorker.java:<init>(172)) - new 8925b11b-15ee-4d46-98cb-9cc2d2f12dc3-SegmentedRaftLogWorker:Storage Directory /workdir/hadoop-ozone/integration-test/target/test-dir/MiniOzoneClusterImpl-aa909d9c-8689-4ca6-a6e6-f667e4f57e2f/datanode-3/data/ratis/5f727fd3-e403-48ed-b8b4-ade2825270ad for RaftStorage:Storage Directory /workdir/hadoop-ozone/integration-test/target/test-dir/MiniOzoneClusterImpl-aa909d9c-8689-4ca6-a6e6-f667e4f57e2f/datanode-3/data/ratis/5f727fd3-e403-48ed-b8b4-ade2825270ad
2019-09-12 10:10:34,171 [pool-60-thread-1] INFO  server.RaftServerConfigKeys (ConfUtils.java:logGet(43)) - raft.server.log.queue.byte-limit = 2147483647 (custom)
2019-09-12 10:10:34,171 [pool-60-thread-1] INFO  server.RaftServerConfigKeys (ConfUtils.java:logGet(43)) - raft.server.log.queue.element-limit = 1024 (custom)
2019-09-12 10:10:34,172 [pool-60-thread-1] INFO  server.RaftServerConfigKeys (ConfUtils.java:logGet(43)) - raft.server.log.segment.size.max = 1048576 (custom)
2019-09-12 10:10:34,172 [pool-60-thread-1] INFO  server.RaftServerConfigKeys (ConfUtils.java:logGet(43)) - raft.server.log.preallocated.size = 16384 (custom)
2019-09-12 10:10:34,172 [pool-60-thread-1] INFO  server.RaftServerConfigKeys (ConfUtils.java:logGet(43)) - raft.server.log.write.buffer.size = 33554432 (custom)
2019-09-12 10:10:34,172 [pool-60-thread-1] INFO  server.RaftServerConfigKeys (ConfUtils.java:logGet(43)) - raft.server.log.force.sync.num = 128 (default)
2019-09-12 10:10:34,173 [pool-60-thread-1] INFO  server.RaftServerConfigKeys (ConfUtils.java:logGet(43)) - raft.server.log.statemachine.data.sync = true (default)
2019-09-12 10:10:34,173 [pool-60-thread-1] INFO  server.RaftServerConfigKeys (ConfUtils.java:logGet(43)) - raft.server.log.statemachine.data.sync.timeout = 10s (default)
2019-09-12 10:10:34,173 [pool-60-thread-1] INFO  server.RaftServerConfigKeys (ConfUtils.java:logGet(43)) - raft.server.log.statemachine.data.sync.timeout.retry = -1 (default)
2019-09-12 10:10:34,174 [pool-60-thread-1] INFO  server.RaftServerConfigKeys (ConfUtils.java:logGet(43)) - raft.server.log.statemachine.data.caching.enabled = true (custom)
2019-09-12 10:10:34,175 [pool-60-thread-1] INFO  segmented.SegmentedRaftLogWorker (SegmentedRaftLogWorker.java:lambda$new$0(132)) - 8925b11b-15ee-4d46-98cb-9cc2d2f12dc3-SegmentedRaftLogWorker:Storage Directory /workdir/hadoop-ozone/integration-test/target/test-dir/MiniOzoneClusterImpl-aa909d9c-8689-4ca6-a6e6-f667e4f57e2f/datanode-3/data/ratis/5f727fd3-e403-48ed-b8b4-ade2825270ad: flushIndex: setUnconditionally 0 -> -1
2019-09-12 10:10:34,177 [pool-60-thread-1] INFO  server.RaftServerConfigKeys (ConfUtils.java:logGet(43)) - raft.server.snapshot.auto.trigger.enabled = true (custom)
2019-09-12 10:10:34,177 [pool-60-thread-1] INFO  server.RaftServerConfigKeys (ConfUtils.java:logGet(43)) - raft.server.snapshot.auto.trigger.threshold = 10000 (custom)
2019-09-12 10:10:34,177 [pool-60-thread-1] INFO  server.RaftServerConfigKeys (ConfUtils.java:logGet(43)) - raft.server.retrycache.expirytime = 600000ms (custom)
2019-09-12 10:10:34,178 [pool-60-thread-1] INFO  impl.RaftServerImpl (RaftServerImpl.java:start(180)) - 8925b11b-15ee-4d46-98cb-9cc2d2f12dc3: start group-ADE2825270AD
2019-09-12 10:10:34,178 [pool-60-thread-1] INFO  impl.RaftServerImpl (RaftServerImpl.java:setRole(171)) - 8925b11b-15ee-4d46-98cb-9cc2d2f12dc3:group-ADE2825270AD changes role from null to FOLLOWER at term 0 for startAsFollower
2019-09-12 10:10:34,178 [pool-60-thread-1] INFO  impl.RoleInfo (RoleInfo.java:updateAndGet(143)) - 8925b11b-15ee-4d46-98cb-9cc2d2f12dc3: start FollowerState
2019-09-12 10:10:34,179 [pool-60-thread-1] INFO  util.JmxRegister (JmxRegister.java:tryRegister(44)) - Successfully registered JMX Bean with object name Ratis:service=RaftServer,group=group-ADE2825270AD,id=8925b11b-15ee-4d46-98cb-9cc2d2f12dc3
2019-09-12 10:10:34,193 [RatisPipelineUtilsThread] INFO  pipeline.PipelineStateManager (PipelineStateManager.java:addPipeline(56)) - Created pipeline Pipeline[ Id: 5f727fd3-e403-48ed-b8b4-ade2825270ad, Nodes: 8925b11b-15ee-4d46-98cb-9cc2d2f12dc3{ip: 192.168.36.114, host: pr-hdds-1569-58hkm-1881083799, networkLocation: /default-rack, certSerialId: null}, Type:RATIS, Factor:ONE, State:OPEN]
2019-09-12 10:10:34,213 [grpc-default-executor-0] INFO  impl.RaftServerProxy (RaftServerProxy.java:addNew(89)) - db8f3dd9-b09f-4e42-bc8b-0b8816c9f45e: addNew group-75AE87A5836B:[db8f3dd9-b09f-4e42-bc8b-0b8816c9f45e:192.168.36.114:36560] returns group-75AE87A5836B:java.util.concurrent.CompletableFuture@7ecd56be[Not completed]
2019-09-12 10:10:34,215 [pool-27-thread-1] INFO  impl.RaftServerImpl (RaftServerImpl.java:<init>(93)) - db8f3dd9-b09f-4e42-bc8b-0b8816c9f45e: new RaftServerImpl for group-75AE87A5836B:[db8f3dd9-b09f-4e42-bc8b-0b8816c9f45e:192.168.36.114:36560] with ContainerStateMachine:uninitialized
2019-09-12 10:10:34,215 [pool-27-thread-1] INFO  server.RaftServerConfigKeys (ConfUtils.java:logGet(43)) - raft.server.rpc.timeout.min = 5s (custom)
2019-09-12 10:10:34,216 [pool-27-thread-1] INFO  server.RaftServerConfigKeys (ConfUtils.java:logGet(43)) - raft.server.rpc.timeout.max = 5200ms (custom)
2019-09-12 10:10:34,216 [pool-27-thread-1] INFO  server.RaftServerConfigKeys (ConfUtils.java:logGet(43)) - raft.server.rpcslowness.timeout = 120s (custom)
2019-09-12 10:10:34,216 [pool-27-thread-1] INFO  server.RaftServerConfigKeys (ConfUtils.java:logGet(43)) - raft.server.sleep.deviation.threshold = 300 (default)
2019-09-12 10:10:34,216 [pool-27-thread-1] INFO  server.RaftServerConfigKeys (ConfUtils.java:logGet(43)) - raft.server.log.appender.install.snapshot.enabled = false (custom)
2019-09-12 10:10:34,216 [pool-27-thread-1] INFO  impl.RaftServerImpl (ServerState.java:<init>(105)) - db8f3dd9-b09f-4e42-bc8b-0b8816c9f45e:group-75AE87A5836B ConfigurationManager, init=-1: [db8f3dd9-b09f-4e42-bc8b-0b8816c9f45e:192.168.36.114:36560], old=null, confs=<EMPTY_MAP>
2019-09-12 10:10:34,217 [pool-27-thread-1] INFO  server.RaftServerConfigKeys (ConfUtils.java:logGet(43)) - raft.server.storage.dir = [/workdir/hadoop-ozone/integration-test/target/test-dir/MiniOzoneClusterImpl-aa909d9c-8689-4ca6-a6e6-f667e4f57e2f/datanode-0/data/ratis] (custom)
2019-09-12 10:10:34,217 [pool-27-thread-1] INFO  storage.RaftStorageDirectory (RaftStorageDirectory.java:analyzeStorage(246)) - The storage directory /workdir/hadoop-ozone/integration-test/target/test-dir/MiniOzoneClusterImpl-aa909d9c-8689-4ca6-a6e6-f667e4f57e2f/datanode-0/data/ratis/be1a5ec0-1da5-4cda-99da-75ae87a5836b does not exist. Creating ...
2019-09-12 10:10:34,273 [pool-27-thread-1] INFO  storage.RaftStorageDirectory (RaftStorageDirectory.java:tryLock(328)) - Lock on /workdir/hadoop-ozone/integration-test/target/test-dir/MiniOzoneClusterImpl-aa909d9c-8689-4ca6-a6e6-f667e4f57e2f/datanode-0/data/ratis/be1a5ec0-1da5-4cda-99da-75ae87a5836b/in_use.lock acquired by nodename 5279@pr-hdds-1569-58hkm-1881083799
2019-09-12 10:10:34,296 | INFO  | SCMAudit | user=jenkins1000 | ip=192.168.36.114 | op=SEND_HEARTBEAT {datanodeUUID=db8f3dd9-b09f-4e42-bc8b-0b8816c9f45e, command=[]} | ret=SUCCESS |  
2019-09-12 10:10:34,316 [pool-27-thread-1] INFO  storage.RaftStorage (RaftStorage.java:format(72)) - Storage directory /workdir/hadoop-ozone/integration-test/target/test-dir/MiniOzoneClusterImpl-aa909d9c-8689-4ca6-a6e6-f667e4f57e2f/datanode-0/data/ratis/be1a5ec0-1da5-4cda-99da-75ae87a5836b has been successfully formatted.
2019-09-12 10:10:34,317 [pool-27-thread-1] INFO  ratis.ContainerStateMachine (ContainerStateMachine.java:loadSnapshot(226)) - group-75AE87A5836B: The snapshot info is null. Setting the last applied indexto:(t:0, i:~)
2019-09-12 10:10:34,317 [pool-27-thread-1] INFO  server.RaftServerConfigKeys (ConfUtils.java:logGet(43)) - raft.server.leader.election.timeout = 120s (custom)
2019-09-12 10:10:34,317 [pool-27-thread-1] INFO  server.RaftServerConfigKeys (ConfUtils.java:logGet(43)) - raft.server.log.use.memory = false (default)
2019-09-12 10:10:34,317 [pool-27-thread-1] INFO  server.RaftServerConfigKeys (ConfUtils.java:logGet(43)) - raft.server.log.purge.gap = 1000000 (custom)
2019-09-12 10:10:34,317 [pool-27-thread-1] INFO  server.RaftServerConfigKeys (ConfUtils.java:logGet(43)) - raft.server.log.appender.buffer.byte-limit = 33554432 (custom)
2019-09-12 10:10:34,317 [pool-27-thread-1] INFO  server.RaftServerConfigKeys (ConfUtils.java:logGet(43)) - raft.server.log.segment.size.max = 1048576 (custom)
2019-09-12 10:10:34,318 [pool-27-thread-1] INFO  server.RaftServerConfigKeys (ConfUtils.java:logGet(43)) - raft.server.log.segment.cache.num.max = 2 (custom)
2019-09-12 10:10:34,318 [pool-27-thread-1] INFO  segmented.SegmentedRaftLogWorker (SegmentedRaftLogWorker.java:<init>(172)) - new db8f3dd9-b09f-4e42-bc8b-0b8816c9f45e-SegmentedRaftLogWorker:Storage Directory /workdir/hadoop-ozone/integration-test/target/test-dir/MiniOzoneClusterImpl-aa909d9c-8689-4ca6-a6e6-f667e4f57e2f/datanode-0/data/ratis/be1a5ec0-1da5-4cda-99da-75ae87a5836b for RaftStorage:Storage Directory /workdir/hadoop-ozone/integration-test/target/test-dir/MiniOzoneClusterImpl-aa909d9c-8689-4ca6-a6e6-f667e4f57e2f/datanode-0/data/ratis/be1a5ec0-1da5-4cda-99da-75ae87a5836b
2019-09-12 10:10:34,318 [pool-27-thread-1] INFO  server.RaftServerConfigKeys (ConfUtils.java:logGet(43)) - raft.server.log.queue.byte-limit = 2147483647 (custom)
2019-09-12 10:10:34,318 [pool-27-thread-1] INFO  server.RaftServerConfigKeys (ConfUtils.java:logGet(43)) - raft.server.log.queue.element-limit = 1024 (custom)
2019-09-12 10:10:34,318 [pool-27-thread-1] INFO  server.RaftServerConfigKeys (ConfUtils.java:logGet(43)) - raft.server.log.segment.size.max = 1048576 (custom)
2019-09-12 10:10:34,318 [pool-27-thread-1] INFO  server.RaftServerConfigKeys (ConfUtils.java:logGet(43)) - raft.server.log.preallocated.size = 16384 (custom)
2019-09-12 10:10:34,319 [pool-27-thread-1] INFO  server.RaftServerConfigKeys (ConfUtils.java:logGet(43)) - raft.server.log.write.buffer.size = 33554432 (custom)
2019-09-12 10:10:34,319 [pool-27-thread-1] INFO  server.RaftServerConfigKeys (ConfUtils.java:logGet(43)) - raft.server.log.force.sync.num = 128 (default)
2019-09-12 10:10:34,319 [pool-27-thread-1] INFO  server.RaftServerConfigKeys (ConfUtils.java:logGet(43)) - raft.server.log.statemachine.data.sync = true (default)
2019-09-12 10:10:34,319 [pool-27-thread-1] INFO  server.RaftServerConfigKeys (ConfUtils.java:logGet(43)) - raft.server.log.statemachine.data.sync.timeout = 10s (default)
2019-09-12 10:10:34,319 [pool-27-thread-1] INFO  server.RaftServerConfigKeys (ConfUtils.java:logGet(43)) - raft.server.log.statemachine.data.sync.timeout.retry = -1 (default)
2019-09-12 10:10:34,319 [pool-27-thread-1] INFO  server.RaftServerConfigKeys (ConfUtils.java:logGet(43)) - raft.server.log.statemachine.data.caching.enabled = true (custom)
2019-09-12 10:10:34,320 [pool-27-thread-1] INFO  segmented.SegmentedRaftLogWorker (SegmentedRaftLogWorker.java:lambda$new$0(132)) - db8f3dd9-b09f-4e42-bc8b-0b8816c9f45e-SegmentedRaftLogWorker:Storage Directory /workdir/hadoop-ozone/integration-test/target/test-dir/MiniOzoneClusterImpl-aa909d9c-8689-4ca6-a6e6-f667e4f57e2f/datanode-0/data/ratis/be1a5ec0-1da5-4cda-99da-75ae87a5836b: flushIndex: setUnconditionally 0 -> -1
2019-09-12 10:10:34,320 [pool-27-thread-1] INFO  server.RaftServerConfigKeys (ConfUtils.java:logGet(43)) - raft.server.snapshot.auto.trigger.enabled = true (custom)
2019-09-12 10:10:34,320 [pool-27-thread-1] INFO  server.RaftServerConfigKeys (ConfUtils.java:logGet(43)) - raft.server.snapshot.auto.trigger.threshold = 10000 (custom)
2019-09-12 10:10:34,321 [pool-27-thread-1] INFO  server.RaftServerConfigKeys (ConfUtils.java:logGet(43)) - raft.server.retrycache.expirytime = 600000ms (custom)
2019-09-12 10:10:34,321 [pool-27-thread-1] INFO  impl.RaftServerImpl (RaftServerImpl.java:start(180)) - db8f3dd9-b09f-4e42-bc8b-0b8816c9f45e: start group-75AE87A5836B
2019-09-12 10:10:34,321 [pool-27-thread-1] INFO  impl.RaftServerImpl (RaftServerImpl.java:setRole(171)) - db8f3dd9-b09f-4e42-bc8b-0b8816c9f45e:group-75AE87A5836B changes role from null to FOLLOWER at term 0 for startAsFollower
2019-09-12 10:10:34,321 [pool-27-thread-1] INFO  impl.RoleInfo (RoleInfo.java:updateAndGet(143)) - db8f3dd9-b09f-4e42-bc8b-0b8816c9f45e: start FollowerState
2019-09-12 10:10:34,322 [pool-27-thread-1] INFO  util.JmxRegister (JmxRegister.java:tryRegister(44)) - Successfully registered JMX Bean with object name Ratis:service=RaftServer,group=group-75AE87A5836B,id=db8f3dd9-b09f-4e42-bc8b-0b8816c9f45e
2019-09-12 10:10:34,337 [RatisPipelineUtilsThread] INFO  pipeline.PipelineStateManager (PipelineStateManager.java:addPipeline(56)) - Created pipeline Pipeline[ Id: be1a5ec0-1da5-4cda-99da-75ae87a5836b, Nodes: db8f3dd9-b09f-4e42-bc8b-0b8816c9f45e{ip: 192.168.36.114, host: pr-hdds-1569-58hkm-1881083799, networkLocation: /default-rack, certSerialId: null}, Type:RATIS, Factor:ONE, State:OPEN]
2019-09-12 10:10:34,349 [grpc-default-executor-0] INFO  impl.RaftServerProxy (RaftServerProxy.java:addNew(89)) - cc61ee54-953f-4ef7-b7e3-d5c043f839cb: addNew group-36B44860F75E:[cc61ee54-953f-4ef7-b7e3-d5c043f839cb:192.168.36.114:41082] returns group-36B44860F75E:java.util.concurrent.CompletableFuture@3714c3b3[Not completed]
2019-09-12 10:10:34,350 [pool-38-thread-1] INFO  impl.RaftServerImpl (RaftServerImpl.java:<init>(93)) - cc61ee54-953f-4ef7-b7e3-d5c043f839cb: new RaftServerImpl for group-36B44860F75E:[cc61ee54-953f-4ef7-b7e3-d5c043f839cb:192.168.36.114:41082] with ContainerStateMachine:uninitialized
2019-09-12 10:10:34,351 [pool-38-thread-1] INFO  server.RaftServerConfigKeys (ConfUtils.java:logGet(43)) - raft.server.rpc.timeout.min = 5s (custom)
2019-09-12 10:10:34,351 [pool-38-thread-1] INFO  server.RaftServerConfigKeys (ConfUtils.java:logGet(43)) - raft.server.rpc.timeout.max = 5200ms (custom)
2019-09-12 10:10:34,351 [pool-38-thread-1] INFO  server.RaftServerConfigKeys (ConfUtils.java:logGet(43)) - raft.server.rpcslowness.timeout = 120s (custom)
2019-09-12 10:10:34,351 [pool-38-thread-1] INFO  server.RaftServerConfigKeys (ConfUtils.java:logGet(43)) - raft.server.sleep.deviation.threshold = 300 (default)
2019-09-12 10:10:34,352 [pool-38-thread-1] INFO  server.RaftServerConfigKeys (ConfUtils.java:logGet(43)) - raft.server.log.appender.install.snapshot.enabled = false (custom)
2019-09-12 10:10:34,352 [pool-38-thread-1] INFO  impl.RaftServerImpl (ServerState.java:<init>(105)) - cc61ee54-953f-4ef7-b7e3-d5c043f839cb:group-36B44860F75E ConfigurationManager, init=-1: [cc61ee54-953f-4ef7-b7e3-d5c043f839cb:192.168.36.114:41082], old=null, confs=<EMPTY_MAP>
2019-09-12 10:10:34,352 [pool-38-thread-1] INFO  server.RaftServerConfigKeys (ConfUtils.java:logGet(43)) - raft.server.storage.dir = [/workdir/hadoop-ozone/integration-test/target/test-dir/MiniOzoneClusterImpl-aa909d9c-8689-4ca6-a6e6-f667e4f57e2f/datanode-1/data/ratis] (custom)
2019-09-12 10:10:34,352 [pool-38-thread-1] INFO  storage.RaftStorageDirectory (RaftStorageDirectory.java:analyzeStorage(246)) - The storage directory /workdir/hadoop-ozone/integration-test/target/test-dir/MiniOzoneClusterImpl-aa909d9c-8689-4ca6-a6e6-f667e4f57e2f/datanode-1/data/ratis/80c00dbd-aee5-403f-aea0-36b44860f75e does not exist. Creating ...
2019-09-12 10:10:34,406 [pool-38-thread-1] INFO  storage.RaftStorageDirectory (RaftStorageDirectory.java:tryLock(328)) - Lock on /workdir/hadoop-ozone/integration-test/target/test-dir/MiniOzoneClusterImpl-aa909d9c-8689-4ca6-a6e6-f667e4f57e2f/datanode-1/data/ratis/80c00dbd-aee5-403f-aea0-36b44860f75e/in_use.lock acquired by nodename 5279@pr-hdds-1569-58hkm-1881083799
2019-09-12 10:10:34,507 [pool-38-thread-1] INFO  storage.RaftStorage (RaftStorage.java:format(72)) - Storage directory /workdir/hadoop-ozone/integration-test/target/test-dir/MiniOzoneClusterImpl-aa909d9c-8689-4ca6-a6e6-f667e4f57e2f/datanode-1/data/ratis/80c00dbd-aee5-403f-aea0-36b44860f75e has been successfully formatted.
2019-09-12 10:10:34,508 [pool-38-thread-1] INFO  ratis.ContainerStateMachine (ContainerStateMachine.java:loadSnapshot(226)) - group-36B44860F75E: The snapshot info is null. Setting the last applied indexto:(t:0, i:~)
2019-09-12 10:10:34,508 [pool-38-thread-1] INFO  server.RaftServerConfigKeys (ConfUtils.java:logGet(43)) - raft.server.leader.election.timeout = 120s (custom)
2019-09-12 10:10:34,508 [pool-38-thread-1] INFO  server.RaftServerConfigKeys (ConfUtils.java:logGet(43)) - raft.server.log.use.memory = false (default)
2019-09-12 10:10:34,508 [pool-38-thread-1] INFO  server.RaftServerConfigKeys (ConfUtils.java:logGet(43)) - raft.server.log.purge.gap = 1000000 (custom)
2019-09-12 10:10:34,508 [pool-38-thread-1] INFO  server.RaftServerConfigKeys (ConfUtils.java:logGet(43)) - raft.server.log.appender.buffer.byte-limit = 33554432 (custom)
2019-09-12 10:10:34,509 [pool-38-thread-1] INFO  server.RaftServerConfigKeys (ConfUtils.java:logGet(43)) - raft.server.log.segment.size.max = 1048576 (custom)
2019-09-12 10:10:34,509 [pool-38-thread-1] INFO  server.RaftServerConfigKeys (ConfUtils.java:logGet(43)) - raft.server.log.segment.cache.num.max = 2 (custom)
2019-09-12 10:10:34,509 [pool-38-thread-1] INFO  segmented.SegmentedRaftLogWorker (SegmentedRaftLogWorker.java:<init>(172)) - new cc61ee54-953f-4ef7-b7e3-d5c043f839cb-SegmentedRaftLogWorker:Storage Directory /workdir/hadoop-ozone/integration-test/target/test-dir/MiniOzoneClusterImpl-aa909d9c-8689-4ca6-a6e6-f667e4f57e2f/datanode-1/data/ratis/80c00dbd-aee5-403f-aea0-36b44860f75e for RaftStorage:Storage Directory /workdir/hadoop-ozone/integration-test/target/test-dir/MiniOzoneClusterImpl-aa909d9c-8689-4ca6-a6e6-f667e4f57e2f/datanode-1/data/ratis/80c00dbd-aee5-403f-aea0-36b44860f75e
2019-09-12 10:10:34,509 [pool-38-thread-1] INFO  server.RaftServerConfigKeys (ConfUtils.java:logGet(43)) - raft.server.log.queue.byte-limit = 2147483647 (custom)
2019-09-12 10:10:34,509 [pool-38-thread-1] INFO  server.RaftServerConfigKeys (ConfUtils.java:logGet(43)) - raft.server.log.queue.element-limit = 1024 (custom)
2019-09-12 10:10:34,509 [pool-38-thread-1] INFO  server.RaftServerConfigKeys (ConfUtils.java:logGet(43)) - raft.server.log.segment.size.max = 1048576 (custom)
2019-09-12 10:10:34,510 [pool-38-thread-1] INFO  server.RaftServerConfigKeys (ConfUtils.java:logGet(43)) - raft.server.log.preallocated.size = 16384 (custom)
2019-09-12 10:10:34,510 [pool-38-thread-1] INFO  server.RaftServerConfigKeys (ConfUtils.java:logGet(43)) - raft.server.log.write.buffer.size = 33554432 (custom)
2019-09-12 10:10:34,510 [pool-38-thread-1] INFO  server.RaftServerConfigKeys (ConfUtils.java:logGet(43)) - raft.server.log.force.sync.num = 128 (default)
2019-09-12 10:10:34,512 [pool-38-thread-1] INFO  server.RaftServerConfigKeys (ConfUtils.java:logGet(43)) - raft.server.log.statemachine.data.sync = true (default)
2019-09-12 10:10:34,512 [pool-38-thread-1] INFO  server.RaftServerConfigKeys (ConfUtils.java:logGet(43)) - raft.server.log.statemachine.data.sync.timeout = 10s (default)
2019-09-12 10:10:34,512 [pool-38-thread-1] INFO  server.RaftServerConfigKeys (ConfUtils.java:logGet(43)) - raft.server.log.statemachine.data.sync.timeout.retry = -1 (default)
2019-09-12 10:10:34,513 | INFO  | SCMAudit | user=jenkins1000 | ip=192.168.36.114 | op=SEND_HEARTBEAT {datanodeUUID=cc61ee54-953f-4ef7-b7e3-d5c043f839cb, command=[]} | ret=SUCCESS |  
2019-09-12 10:10:34,513 [pool-38-thread-1] INFO  server.RaftServerConfigKeys (ConfUtils.java:logGet(43)) - raft.server.log.statemachine.data.caching.enabled = true (custom)
2019-09-12 10:10:34,513 [pool-38-thread-1] INFO  segmented.SegmentedRaftLogWorker (SegmentedRaftLogWorker.java:lambda$new$0(132)) - cc61ee54-953f-4ef7-b7e3-d5c043f839cb-SegmentedRaftLogWorker:Storage Directory /workdir/hadoop-ozone/integration-test/target/test-dir/MiniOzoneClusterImpl-aa909d9c-8689-4ca6-a6e6-f667e4f57e2f/datanode-1/data/ratis/80c00dbd-aee5-403f-aea0-36b44860f75e: flushIndex: setUnconditionally 0 -> -1
2019-09-12 10:10:34,514 [pool-38-thread-1] INFO  server.RaftServerConfigKeys (ConfUtils.java:logGet(43)) - raft.server.snapshot.auto.trigger.enabled = true (custom)
2019-09-12 10:10:34,514 [pool-38-thread-1] INFO  server.RaftServerConfigKeys (ConfUtils.java:logGet(43)) - raft.server.snapshot.auto.trigger.threshold = 10000 (custom)
2019-09-12 10:10:34,514 [pool-38-thread-1] INFO  server.RaftServerConfigKeys (ConfUtils.java:logGet(43)) - raft.server.retrycache.expirytime = 600000ms (custom)
2019-09-12 10:10:34,514 [pool-38-thread-1] INFO  impl.RaftServerImpl (RaftServerImpl.java:start(180)) - cc61ee54-953f-4ef7-b7e3-d5c043f839cb: start group-36B44860F75E
2019-09-12 10:10:34,514 [pool-38-thread-1] INFO  impl.RaftServerImpl (RaftServerImpl.java:setRole(171)) - cc61ee54-953f-4ef7-b7e3-d5c043f839cb:group-36B44860F75E changes role from null to FOLLOWER at term 0 for startAsFollower
2019-09-12 10:10:34,515 [pool-38-thread-1] INFO  impl.RoleInfo (RoleInfo.java:updateAndGet(143)) - cc61ee54-953f-4ef7-b7e3-d5c043f839cb: start FollowerState
2019-09-12 10:10:34,515 [pool-38-thread-1] INFO  util.JmxRegister (JmxRegister.java:tryRegister(44)) - Successfully registered JMX Bean with object name Ratis:service=RaftServer,group=group-36B44860F75E,id=cc61ee54-953f-4ef7-b7e3-d5c043f839cb
2019-09-12 10:10:34,528 [RatisPipelineUtilsThread] INFO  pipeline.PipelineStateManager (PipelineStateManager.java:addPipeline(56)) - Created pipeline Pipeline[ Id: 80c00dbd-aee5-403f-aea0-36b44860f75e, Nodes: cc61ee54-953f-4ef7-b7e3-d5c043f839cb{ip: 192.168.36.114, host: pr-hdds-1569-58hkm-1881083799, networkLocation: /default-rack, certSerialId: null}, Type:RATIS, Factor:ONE, State:OPEN]
2019-09-12 10:10:34,544 [grpc-default-executor-0] INFO  impl.RaftServerProxy (RaftServerProxy.java:addNew(89)) - bd0a38b2-0ade-4ab9-8ece-056daa626b99: addNew group-20B0BA949A9B:[bd0a38b2-0ade-4ab9-8ece-056daa626b99:192.168.36.114:44836] returns group-20B0BA949A9B:java.util.concurrent.CompletableFuture@53fb4d98[Not completed]
2019-09-12 10:10:34,545 [pool-49-thread-1] INFO  impl.RaftServerImpl (RaftServerImpl.java:<init>(93)) - bd0a38b2-0ade-4ab9-8ece-056daa626b99: new RaftServerImpl for group-20B0BA949A9B:[bd0a38b2-0ade-4ab9-8ece-056daa626b99:192.168.36.114:44836] with ContainerStateMachine:uninitialized
2019-09-12 10:10:34,545 [pool-49-thread-1] INFO  server.RaftServerConfigKeys (ConfUtils.java:logGet(43)) - raft.server.rpc.timeout.min = 5s (custom)
2019-09-12 10:10:34,545 [pool-49-thread-1] INFO  server.RaftServerConfigKeys (ConfUtils.java:logGet(43)) - raft.server.rpc.timeout.max = 5200ms (custom)
2019-09-12 10:10:34,546 [pool-49-thread-1] INFO  server.RaftServerConfigKeys (ConfUtils.java:logGet(43)) - raft.server.rpcslowness.timeout = 120s (custom)
2019-09-12 10:10:34,546 [pool-49-thread-1] INFO  server.RaftServerConfigKeys (ConfUtils.java:logGet(43)) - raft.server.sleep.deviation.threshold = 300 (default)
2019-09-12 10:10:34,546 [pool-49-thread-1] INFO  server.RaftServerConfigKeys (ConfUtils.java:logGet(43)) - raft.server.log.appender.install.snapshot.enabled = false (custom)
2019-09-12 10:10:34,546 [pool-49-thread-1] INFO  impl.RaftServerImpl (ServerState.java:<init>(105)) - bd0a38b2-0ade-4ab9-8ece-056daa626b99:group-20B0BA949A9B ConfigurationManager, init=-1: [bd0a38b2-0ade-4ab9-8ece-056daa626b99:192.168.36.114:44836], old=null, confs=<EMPTY_MAP>
2019-09-12 10:10:34,546 [pool-49-thread-1] INFO  server.RaftServerConfigKeys (ConfUtils.java:logGet(43)) - raft.server.storage.dir = [/workdir/hadoop-ozone/integration-test/target/test-dir/MiniOzoneClusterImpl-aa909d9c-8689-4ca6-a6e6-f667e4f57e2f/datanode-2/data/ratis] (custom)
2019-09-12 10:10:34,546 [pool-49-thread-1] INFO  storage.RaftStorageDirectory (RaftStorageDirectory.java:analyzeStorage(246)) - The storage directory /workdir/hadoop-ozone/integration-test/target/test-dir/MiniOzoneClusterImpl-aa909d9c-8689-4ca6-a6e6-f667e4f57e2f/datanode-2/data/ratis/8355ca99-7db2-4414-9445-20b0ba949a9b does not exist. Creating ...
2019-09-12 10:10:34,605 [pool-49-thread-1] INFO  storage.RaftStorageDirectory (RaftStorageDirectory.java:tryLock(328)) - Lock on /workdir/hadoop-ozone/integration-test/target/test-dir/MiniOzoneClusterImpl-aa909d9c-8689-4ca6-a6e6-f667e4f57e2f/datanode-2/data/ratis/8355ca99-7db2-4414-9445-20b0ba949a9b/in_use.lock acquired by nodename 5279@pr-hdds-1569-58hkm-1881083799
2019-09-12 10:10:34,670 [pool-49-thread-1] INFO  storage.RaftStorage (RaftStorage.java:format(72)) - Storage directory /workdir/hadoop-ozone/integration-test/target/test-dir/MiniOzoneClusterImpl-aa909d9c-8689-4ca6-a6e6-f667e4f57e2f/datanode-2/data/ratis/8355ca99-7db2-4414-9445-20b0ba949a9b has been successfully formatted.
2019-09-12 10:10:34,671 [pool-49-thread-1] INFO  ratis.ContainerStateMachine (ContainerStateMachine.java:loadSnapshot(226)) - group-20B0BA949A9B: The snapshot info is null. Setting the last applied indexto:(t:0, i:~)
2019-09-12 10:10:34,671 [pool-49-thread-1] INFO  server.RaftServerConfigKeys (ConfUtils.java:logGet(43)) - raft.server.leader.election.timeout = 120s (custom)
2019-09-12 10:10:34,671 [pool-49-thread-1] INFO  server.RaftServerConfigKeys (ConfUtils.java:logGet(43)) - raft.server.log.use.memory = false (default)
2019-09-12 10:10:34,671 [pool-49-thread-1] INFO  server.RaftServerConfigKeys (ConfUtils.java:logGet(43)) - raft.server.log.purge.gap = 1000000 (custom)
2019-09-12 10:10:34,671 [pool-49-thread-1] INFO  server.RaftServerConfigKeys (ConfUtils.java:logGet(43)) - raft.server.log.appender.buffer.byte-limit = 33554432 (custom)
2019-09-12 10:10:34,671 [pool-49-thread-1] INFO  server.RaftServerConfigKeys (ConfUtils.java:logGet(43)) - raft.server.log.segment.size.max = 1048576 (custom)
2019-09-12 10:10:34,672 [pool-49-thread-1] INFO  server.RaftServerConfigKeys (ConfUtils.java:logGet(43)) - raft.server.log.segment.cache.num.max = 2 (custom)
2019-09-12 10:10:34,672 [pool-49-thread-1] INFO  segmented.SegmentedRaftLogWorker (SegmentedRaftLogWorker.java:<init>(172)) - new bd0a38b2-0ade-4ab9-8ece-056daa626b99-SegmentedRaftLogWorker:Storage Directory /workdir/hadoop-ozone/integration-test/target/test-dir/MiniOzoneClusterImpl-aa909d9c-8689-4ca6-a6e6-f667e4f57e2f/datanode-2/data/ratis/8355ca99-7db2-4414-9445-20b0ba949a9b for RaftStorage:Storage Directory /workdir/hadoop-ozone/integration-test/target/test-dir/MiniOzoneClusterImpl-aa909d9c-8689-4ca6-a6e6-f667e4f57e2f/datanode-2/data/ratis/8355ca99-7db2-4414-9445-20b0ba949a9b
2019-09-12 10:10:34,672 [pool-49-thread-1] INFO  server.RaftServerConfigKeys (ConfUtils.java:logGet(43)) - raft.server.log.queue.byte-limit = 2147483647 (custom)
2019-09-12 10:10:34,672 [pool-49-thread-1] INFO  server.RaftServerConfigKeys (ConfUtils.java:logGet(43)) - raft.server.log.queue.element-limit = 1024 (custom)
2019-09-12 10:10:34,672 [pool-49-thread-1] INFO  server.RaftServerConfigKeys (ConfUtils.java:logGet(43)) - raft.server.log.segment.size.max = 1048576 (custom)
2019-09-12 10:10:34,673 [pool-49-thread-1] INFO  server.RaftServerConfigKeys (ConfUtils.java:logGet(43)) - raft.server.log.preallocated.size = 16384 (custom)
2019-09-12 10:10:34,673 [pool-49-thread-1] INFO  server.RaftServerConfigKeys (ConfUtils.java:logGet(43)) - raft.server.log.write.buffer.size = 33554432 (custom)
2019-09-12 10:10:34,673 [pool-49-thread-1] INFO  server.RaftServerConfigKeys (ConfUtils.java:logGet(43)) - raft.server.log.force.sync.num = 128 (default)
2019-09-12 10:10:34,673 [pool-49-thread-1] INFO  server.RaftServerConfigKeys (ConfUtils.java:logGet(43)) - raft.server.log.statemachine.data.sync = true (default)
2019-09-12 10:10:34,673 [pool-49-thread-1] INFO  server.RaftServerConfigKeys (ConfUtils.java:logGet(43)) - raft.server.log.statemachine.data.sync.timeout = 10s (default)
2019-09-12 10:10:34,673 [pool-49-thread-1] INFO  server.RaftServerConfigKeys (ConfUtils.java:logGet(43)) - raft.server.log.statemachine.data.sync.timeout.retry = -1 (default)
2019-09-12 10:10:34,674 [pool-49-thread-1] INFO  server.RaftServerConfigKeys (ConfUtils.java:logGet(43)) - raft.server.log.statemachine.data.caching.enabled = true (custom)
2019-09-12 10:10:34,674 [pool-49-thread-1] INFO  segmented.SegmentedRaftLogWorker (SegmentedRaftLogWorker.java:lambda$new$0(132)) - bd0a38b2-0ade-4ab9-8ece-056daa626b99-SegmentedRaftLogWorker:Storage Directory /workdir/hadoop-ozone/integration-test/target/test-dir/MiniOzoneClusterImpl-aa909d9c-8689-4ca6-a6e6-f667e4f57e2f/datanode-2/data/ratis/8355ca99-7db2-4414-9445-20b0ba949a9b: flushIndex: setUnconditionally 0 -> -1
2019-09-12 10:10:34,674 [pool-49-thread-1] INFO  server.RaftServerConfigKeys (ConfUtils.java:logGet(43)) - raft.server.snapshot.auto.trigger.enabled = true (custom)
2019-09-12 10:10:34,674 [pool-49-thread-1] INFO  server.RaftServerConfigKeys (ConfUtils.java:logGet(43)) - raft.server.snapshot.auto.trigger.threshold = 10000 (custom)
2019-09-12 10:10:34,675 [pool-49-thread-1] INFO  server.RaftServerConfigKeys (ConfUtils.java:logGet(43)) - raft.server.retrycache.expirytime = 600000ms (custom)
2019-09-12 10:10:34,675 [pool-49-thread-1] INFO  impl.RaftServerImpl (RaftServerImpl.java:start(180)) - bd0a38b2-0ade-4ab9-8ece-056daa626b99: start group-20B0BA949A9B
2019-09-12 10:10:34,675 [pool-49-thread-1] INFO  impl.RaftServerImpl (RaftServerImpl.java:setRole(171)) - bd0a38b2-0ade-4ab9-8ece-056daa626b99:group-20B0BA949A9B changes role from null to FOLLOWER at term 0 for startAsFollower
2019-09-12 10:10:34,675 [pool-49-thread-1] INFO  impl.RoleInfo (RoleInfo.java:updateAndGet(143)) - bd0a38b2-0ade-4ab9-8ece-056daa626b99: start FollowerState
2019-09-12 10:10:34,676 [pool-49-thread-1] INFO  util.JmxRegister (JmxRegister.java:tryRegister(44)) - Successfully registered JMX Bean with object name Ratis:service=RaftServer,group=group-20B0BA949A9B,id=bd0a38b2-0ade-4ab9-8ece-056daa626b99
2019-09-12 10:10:34,686 [RatisPipelineUtilsThread] INFO  pipeline.PipelineStateManager (PipelineStateManager.java:addPipeline(56)) - Created pipeline Pipeline[ Id: 8355ca99-7db2-4414-9445-20b0ba949a9b, Nodes: bd0a38b2-0ade-4ab9-8ece-056daa626b99{ip: 192.168.36.114, host: pr-hdds-1569-58hkm-1881083799, networkLocation: /default-rack, certSerialId: null}, Type:RATIS, Factor:ONE, State:OPEN]
2019-09-12 10:10:34,700 [grpc-default-executor-0] INFO  impl.RaftServerProxy (RaftServerProxy.java:addNew(89)) - cc61ee54-953f-4ef7-b7e3-d5c043f839cb: addNew group-39AD042F9263:[cc61ee54-953f-4ef7-b7e3-d5c043f839cb:192.168.36.114:41082] returns group-39AD042F9263:java.util.concurrent.CompletableFuture@d0199d6[Not completed]
2019-09-12 10:10:34,701 [pool-38-thread-1] INFO  impl.RaftServerImpl (RaftServerImpl.java:<init>(93)) - cc61ee54-953f-4ef7-b7e3-d5c043f839cb: new RaftServerImpl for group-39AD042F9263:[cc61ee54-953f-4ef7-b7e3-d5c043f839cb:192.168.36.114:41082] with ContainerStateMachine:uninitialized
2019-09-12 10:10:34,701 [pool-38-thread-1] INFO  server.RaftServerConfigKeys (ConfUtils.java:logGet(43)) - raft.server.rpc.timeout.min = 5s (custom)
2019-09-12 10:10:34,702 [pool-38-thread-1] INFO  server.RaftServerConfigKeys (ConfUtils.java:logGet(43)) - raft.server.rpc.timeout.max = 5200ms (custom)
2019-09-12 10:10:34,702 [pool-38-thread-1] INFO  server.RaftServerConfigKeys (ConfUtils.java:logGet(43)) - raft.server.rpcslowness.timeout = 120s (custom)
2019-09-12 10:10:34,702 [pool-38-thread-1] INFO  server.RaftServerConfigKeys (ConfUtils.java:logGet(43)) - raft.server.sleep.deviation.threshold = 300 (default)
2019-09-12 10:10:34,702 [pool-38-thread-1] INFO  server.RaftServerConfigKeys (ConfUtils.java:logGet(43)) - raft.server.log.appender.install.snapshot.enabled = false (custom)
2019-09-12 10:10:34,702 [pool-38-thread-1] INFO  impl.RaftServerImpl (ServerState.java:<init>(105)) - cc61ee54-953f-4ef7-b7e3-d5c043f839cb:group-39AD042F9263 ConfigurationManager, init=-1: [cc61ee54-953f-4ef7-b7e3-d5c043f839cb:192.168.36.114:41082], old=null, confs=<EMPTY_MAP>
2019-09-12 10:10:34,702 [pool-38-thread-1] INFO  server.RaftServerConfigKeys (ConfUtils.java:logGet(43)) - raft.server.storage.dir = [/workdir/hadoop-ozone/integration-test/target/test-dir/MiniOzoneClusterImpl-aa909d9c-8689-4ca6-a6e6-f667e4f57e2f/datanode-1/data/ratis] (custom)
2019-09-12 10:10:34,703 [pool-38-thread-1] INFO  storage.RaftStorageDirectory (RaftStorageDirectory.java:analyzeStorage(246)) - The storage directory /workdir/hadoop-ozone/integration-test/target/test-dir/MiniOzoneClusterImpl-aa909d9c-8689-4ca6-a6e6-f667e4f57e2f/datanode-1/data/ratis/b6772657-25fa-4a23-ad8b-39ad042f9263 does not exist. Creating ...
2019-09-12 10:10:34,766 [pool-38-thread-1] INFO  storage.RaftStorageDirectory (RaftStorageDirectory.java:tryLock(328)) - Lock on /workdir/hadoop-ozone/integration-test/target/test-dir/MiniOzoneClusterImpl-aa909d9c-8689-4ca6-a6e6-f667e4f57e2f/datanode-1/data/ratis/b6772657-25fa-4a23-ad8b-39ad042f9263/in_use.lock acquired by nodename 5279@pr-hdds-1569-58hkm-1881083799
2019-09-12 10:10:34,832 [pool-38-thread-1] INFO  storage.RaftStorage (RaftStorage.java:format(72)) - Storage directory /workdir/hadoop-ozone/integration-test/target/test-dir/MiniOzoneClusterImpl-aa909d9c-8689-4ca6-a6e6-f667e4f57e2f/datanode-1/data/ratis/b6772657-25fa-4a23-ad8b-39ad042f9263 has been successfully formatted.
2019-09-12 10:10:34,832 [pool-38-thread-1] INFO  ratis.ContainerStateMachine (ContainerStateMachine.java:loadSnapshot(226)) - group-39AD042F9263: The snapshot info is null. Setting the last applied indexto:(t:0, i:~)
2019-09-12 10:10:34,833 [pool-38-thread-1] INFO  server.RaftServerConfigKeys (ConfUtils.java:logGet(43)) - raft.server.leader.election.timeout = 120s (custom)
2019-09-12 10:10:34,833 [pool-38-thread-1] INFO  server.RaftServerConfigKeys (ConfUtils.java:logGet(43)) - raft.server.log.use.memory = false (default)
2019-09-12 10:10:34,833 [pool-38-thread-1] INFO  server.RaftServerConfigKeys (ConfUtils.java:logGet(43)) - raft.server.log.purge.gap = 1000000 (custom)
2019-09-12 10:10:34,833 [pool-38-thread-1] INFO  server.RaftServerConfigKeys (ConfUtils.java:logGet(43)) - raft.server.log.appender.buffer.byte-limit = 33554432 (custom)
2019-09-12 10:10:34,833 [pool-38-thread-1] INFO  server.RaftServerConfigKeys (ConfUtils.java:logGet(43)) - raft.server.log.segment.size.max = 1048576 (custom)
2019-09-12 10:10:34,833 [pool-38-thread-1] INFO  server.RaftServerConfigKeys (ConfUtils.java:logGet(43)) - raft.server.log.segment.cache.num.max = 2 (custom)
2019-09-12 10:10:34,833 [pool-38-thread-1] INFO  segmented.SegmentedRaftLogWorker (SegmentedRaftLogWorker.java:<init>(172)) - new cc61ee54-953f-4ef7-b7e3-d5c043f839cb-SegmentedRaftLogWorker:Storage Directory /workdir/hadoop-ozone/integration-test/target/test-dir/MiniOzoneClusterImpl-aa909d9c-8689-4ca6-a6e6-f667e4f57e2f/datanode-1/data/ratis/b6772657-25fa-4a23-ad8b-39ad042f9263 for RaftStorage:Storage Directory /workdir/hadoop-ozone/integration-test/target/test-dir/MiniOzoneClusterImpl-aa909d9c-8689-4ca6-a6e6-f667e4f57e2f/datanode-1/data/ratis/b6772657-25fa-4a23-ad8b-39ad042f9263
2019-09-12 10:10:34,834 [pool-38-thread-1] INFO  server.RaftServerConfigKeys (ConfUtils.java:logGet(43)) - raft.server.log.queue.byte-limit = 2147483647 (custom)
2019-09-12 10:10:34,834 [pool-38-thread-1] INFO  server.RaftServerConfigKeys (ConfUtils.java:logGet(43)) - raft.server.log.queue.element-limit = 1024 (custom)
2019-09-12 10:10:34,834 [pool-38-thread-1] INFO  server.RaftServerConfigKeys (ConfUtils.java:logGet(43)) - raft.server.log.segment.size.max = 1048576 (custom)
2019-09-12 10:10:34,834 [pool-38-thread-1] INFO  server.RaftServerConfigKeys (ConfUtils.java:logGet(43)) - raft.server.log.preallocated.size = 16384 (custom)
2019-09-12 10:10:34,834 [pool-38-thread-1] INFO  server.RaftServerConfigKeys (ConfUtils.java:logGet(43)) - raft.server.log.write.buffer.size = 33554432 (custom)
2019-09-12 10:10:34,834 [pool-38-thread-1] INFO  server.RaftServerConfigKeys (ConfUtils.java:logGet(43)) - raft.server.log.force.sync.num = 128 (default)
2019-09-12 10:10:34,835 [pool-38-thread-1] INFO  server.RaftServerConfigKeys (ConfUtils.java:logGet(43)) - raft.server.log.statemachine.data.sync = true (default)
2019-09-12 10:10:34,835 [pool-38-thread-1] INFO  server.RaftServerConfigKeys (ConfUtils.java:logGet(43)) - raft.server.log.statemachine.data.sync.timeout = 10s (default)
2019-09-12 10:10:34,835 [pool-38-thread-1] INFO  server.RaftServerConfigKeys (ConfUtils.java:logGet(43)) - raft.server.log.statemachine.data.sync.timeout.retry = -1 (default)
2019-09-12 10:10:34,835 [pool-38-thread-1] INFO  server.RaftServerConfigKeys (ConfUtils.java:logGet(43)) - raft.server.log.statemachine.data.caching.enabled = true (custom)
2019-09-12 10:10:34,835 [pool-38-thread-1] INFO  segmented.SegmentedRaftLogWorker (SegmentedRaftLogWorker.java:lambda$new$0(132)) - cc61ee54-953f-4ef7-b7e3-d5c043f839cb-SegmentedRaftLogWorker:Storage Directory /workdir/hadoop-ozone/integration-test/target/test-dir/MiniOzoneClusterImpl-aa909d9c-8689-4ca6-a6e6-f667e4f57e2f/datanode-1/data/ratis/b6772657-25fa-4a23-ad8b-39ad042f9263: flushIndex: setUnconditionally 0 -> -1
2019-09-12 10:10:34,836 [pool-38-thread-1] INFO  server.RaftServerConfigKeys (ConfUtils.java:logGet(43)) - raft.server.snapshot.auto.trigger.enabled = true (custom)
2019-09-12 10:10:34,836 [pool-38-thread-1] INFO  server.RaftServerConfigKeys (ConfUtils.java:logGet(43)) - raft.server.snapshot.auto.trigger.threshold = 10000 (custom)
2019-09-12 10:10:34,836 [pool-38-thread-1] INFO  server.RaftServerConfigKeys (ConfUtils.java:logGet(43)) - raft.server.retrycache.expirytime = 600000ms (custom)
2019-09-12 10:10:34,836 [pool-38-thread-1] INFO  impl.RaftServerImpl (RaftServerImpl.java:start(180)) - cc61ee54-953f-4ef7-b7e3-d5c043f839cb: start group-39AD042F9263
2019-09-12 10:10:34,837 [pool-38-thread-1] INFO  impl.RaftServerImpl (RaftServerImpl.java:setRole(171)) - cc61ee54-953f-4ef7-b7e3-d5c043f839cb:group-39AD042F9263 changes role from null to FOLLOWER at term 0 for startAsFollower
2019-09-12 10:10:34,837 [pool-38-thread-1] INFO  impl.RoleInfo (RoleInfo.java:updateAndGet(143)) - cc61ee54-953f-4ef7-b7e3-d5c043f839cb: start FollowerState
2019-09-12 10:10:34,837 [pool-38-thread-1] INFO  util.JmxRegister (JmxRegister.java:tryRegister(44)) - Successfully registered JMX Bean with object name Ratis:service=RaftServer,group=group-39AD042F9263,id=cc61ee54-953f-4ef7-b7e3-d5c043f839cb
2019-09-12 10:10:34,847 [RatisPipelineUtilsThread] INFO  pipeline.PipelineStateManager (PipelineStateManager.java:addPipeline(56)) - Created pipeline Pipeline[ Id: b6772657-25fa-4a23-ad8b-39ad042f9263, Nodes: cc61ee54-953f-4ef7-b7e3-d5c043f839cb{ip: 192.168.36.114, host: pr-hdds-1569-58hkm-1881083799, networkLocation: /default-rack, certSerialId: null}, Type:RATIS, Factor:ONE, State:OPEN]
2019-09-12 10:10:34,860 [grpc-default-executor-0] INFO  impl.RaftServerProxy (RaftServerProxy.java:addNew(89)) - 8925b11b-15ee-4d46-98cb-9cc2d2f12dc3: addNew group-0C10D8D672A6:[8925b11b-15ee-4d46-98cb-9cc2d2f12dc3:192.168.36.114:36994] returns group-0C10D8D672A6:java.util.concurrent.CompletableFuture@39deb6bd[Not completed]
2019-09-12 10:10:34,861 [pool-60-thread-1] INFO  impl.RaftServerImpl (RaftServerImpl.java:<init>(93)) - 8925b11b-15ee-4d46-98cb-9cc2d2f12dc3: new RaftServerImpl for group-0C10D8D672A6:[8925b11b-15ee-4d46-98cb-9cc2d2f12dc3:192.168.36.114:36994] with ContainerStateMachine:uninitialized
2019-09-12 10:10:34,862 [pool-60-thread-1] INFO  server.RaftServerConfigKeys (ConfUtils.java:logGet(43)) - raft.server.rpc.timeout.min = 5s (custom)
2019-09-12 10:10:34,862 [pool-60-thread-1] INFO  server.RaftServerConfigKeys (ConfUtils.java:logGet(43)) - raft.server.rpc.timeout.max = 5200ms (custom)
2019-09-12 10:10:34,862 [pool-60-thread-1] INFO  server.RaftServerConfigKeys (ConfUtils.java:logGet(43)) - raft.server.rpcslowness.timeout = 120s (custom)
2019-09-12 10:10:34,862 [pool-60-thread-1] INFO  server.RaftServerConfigKeys (ConfUtils.java:logGet(43)) - raft.server.sleep.deviation.threshold = 300 (default)
2019-09-12 10:10:34,862 [pool-60-thread-1] INFO  server.RaftServerConfigKeys (ConfUtils.java:logGet(43)) - raft.server.log.appender.install.snapshot.enabled = false (custom)
2019-09-12 10:10:34,862 [pool-60-thread-1] INFO  impl.RaftServerImpl (ServerState.java:<init>(105)) - 8925b11b-15ee-4d46-98cb-9cc2d2f12dc3:group-0C10D8D672A6 ConfigurationManager, init=-1: [8925b11b-15ee-4d46-98cb-9cc2d2f12dc3:192.168.36.114:36994], old=null, confs=<EMPTY_MAP>
2019-09-12 10:10:34,863 [pool-60-thread-1] INFO  server.RaftServerConfigKeys (ConfUtils.java:logGet(43)) - raft.server.storage.dir = [/workdir/hadoop-ozone/integration-test/target/test-dir/MiniOzoneClusterImpl-aa909d9c-8689-4ca6-a6e6-f667e4f57e2f/datanode-3/data/ratis] (custom)
2019-09-12 10:10:34,863 [pool-60-thread-1] INFO  storage.RaftStorageDirectory (RaftStorageDirectory.java:analyzeStorage(246)) - The storage directory /workdir/hadoop-ozone/integration-test/target/test-dir/MiniOzoneClusterImpl-aa909d9c-8689-4ca6-a6e6-f667e4f57e2f/datanode-3/data/ratis/a3381582-9f92-4be8-82ee-0c10d8d672a6 does not exist. Creating ...
2019-09-12 10:10:34,950 [pool-60-thread-1] INFO  storage.RaftStorageDirectory (RaftStorageDirectory.java:tryLock(328)) - Lock on /workdir/hadoop-ozone/integration-test/target/test-dir/MiniOzoneClusterImpl-aa909d9c-8689-4ca6-a6e6-f667e4f57e2f/datanode-3/data/ratis/a3381582-9f92-4be8-82ee-0c10d8d672a6/in_use.lock acquired by nodename 5279@pr-hdds-1569-58hkm-1881083799
2019-09-12 10:10:35,017 [pool-60-thread-1] INFO  storage.RaftStorage (RaftStorage.java:format(72)) - Storage directory /workdir/hadoop-ozone/integration-test/target/test-dir/MiniOzoneClusterImpl-aa909d9c-8689-4ca6-a6e6-f667e4f57e2f/datanode-3/data/ratis/a3381582-9f92-4be8-82ee-0c10d8d672a6 has been successfully formatted.
2019-09-12 10:10:35,019 [pool-60-thread-1] INFO  ratis.ContainerStateMachine (ContainerStateMachine.java:loadSnapshot(226)) - group-0C10D8D672A6: The snapshot info is null. Setting the last applied indexto:(t:0, i:~)
2019-09-12 10:10:35,019 [pool-60-thread-1] INFO  server.RaftServerConfigKeys (ConfUtils.java:logGet(43)) - raft.server.leader.election.timeout = 120s (custom)
2019-09-12 10:10:35,019 [pool-60-thread-1] INFO  server.RaftServerConfigKeys (ConfUtils.java:logGet(43)) - raft.server.log.use.memory = false (default)
2019-09-12 10:10:35,020 [pool-60-thread-1] INFO  server.RaftServerConfigKeys (ConfUtils.java:logGet(43)) - raft.server.log.purge.gap = 1000000 (custom)
2019-09-12 10:10:35,020 [pool-60-thread-1] INFO  server.RaftServerConfigKeys (ConfUtils.java:logGet(43)) - raft.server.log.appender.buffer.byte-limit = 33554432 (custom)
2019-09-12 10:10:35,020 [pool-60-thread-1] INFO  server.RaftServerConfigKeys (ConfUtils.java:logGet(43)) - raft.server.log.segment.size.max = 1048576 (custom)
2019-09-12 10:10:35,021 [pool-60-thread-1] INFO  server.RaftServerConfigKeys (ConfUtils.java:logGet(43)) - raft.server.log.segment.cache.num.max = 2 (custom)
2019-09-12 10:10:35,021 [pool-60-thread-1] INFO  segmented.SegmentedRaftLogWorker (SegmentedRaftLogWorker.java:<init>(172)) - new 8925b11b-15ee-4d46-98cb-9cc2d2f12dc3-SegmentedRaftLogWorker:Storage Directory /workdir/hadoop-ozone/integration-test/target/test-dir/MiniOzoneClusterImpl-aa909d9c-8689-4ca6-a6e6-f667e4f57e2f/datanode-3/data/ratis/a3381582-9f92-4be8-82ee-0c10d8d672a6 for RaftStorage:Storage Directory /workdir/hadoop-ozone/integration-test/target/test-dir/MiniOzoneClusterImpl-aa909d9c-8689-4ca6-a6e6-f667e4f57e2f/datanode-3/data/ratis/a3381582-9f92-4be8-82ee-0c10d8d672a6
2019-09-12 10:10:35,021 [pool-60-thread-1] INFO  server.RaftServerConfigKeys (ConfUtils.java:logGet(43)) - raft.server.log.queue.byte-limit = 2147483647 (custom)
2019-09-12 10:10:35,022 [pool-60-thread-1] INFO  server.RaftServerConfigKeys (ConfUtils.java:logGet(43)) - raft.server.log.queue.element-limit = 1024 (custom)
2019-09-12 10:10:35,022 [pool-60-thread-1] INFO  server.RaftServerConfigKeys (ConfUtils.java:logGet(43)) - raft.server.log.segment.size.max = 1048576 (custom)
2019-09-12 10:10:35,022 [pool-60-thread-1] INFO  server.RaftServerConfigKeys (ConfUtils.java:logGet(43)) - raft.server.log.preallocated.size = 16384 (custom)
2019-09-12 10:10:35,023 [pool-60-thread-1] INFO  server.RaftServerConfigKeys (ConfUtils.java:logGet(43)) - raft.server.log.write.buffer.size = 33554432 (custom)
2019-09-12 10:10:35,023 [pool-60-thread-1] INFO  server.RaftServerConfigKeys (ConfUtils.java:logGet(43)) - raft.server.log.force.sync.num = 128 (default)
2019-09-12 10:10:35,023 [pool-60-thread-1] INFO  server.RaftServerConfigKeys (ConfUtils.java:logGet(43)) - raft.server.log.statemachine.data.sync = true (default)
2019-09-12 10:10:35,023 [pool-60-thread-1] INFO  server.RaftServerConfigKeys (ConfUtils.java:logGet(43)) - raft.server.log.statemachine.data.sync.timeout = 10s (default)
2019-09-12 10:10:35,024 [pool-60-thread-1] INFO  server.RaftServerConfigKeys (ConfUtils.java:logGet(43)) - raft.server.log.statemachine.data.sync.timeout.retry = -1 (default)
2019-09-12 10:10:35,024 [pool-60-thread-1] INFO  server.RaftServerConfigKeys (ConfUtils.java:logGet(43)) - raft.server.log.statemachine.data.caching.enabled = true (custom)
2019-09-12 10:10:35,025 [pool-60-thread-1] INFO  segmented.SegmentedRaftLogWorker (SegmentedRaftLogWorker.java:lambda$new$0(132)) - 8925b11b-15ee-4d46-98cb-9cc2d2f12dc3-SegmentedRaftLogWorker:Storage Directory /workdir/hadoop-ozone/integration-test/target/test-dir/MiniOzoneClusterImpl-aa909d9c-8689-4ca6-a6e6-f667e4f57e2f/datanode-3/data/ratis/a3381582-9f92-4be8-82ee-0c10d8d672a6: flushIndex: setUnconditionally 0 -> -1
2019-09-12 10:10:35,026 [pool-60-thread-1] INFO  server.RaftServerConfigKeys (ConfUtils.java:logGet(43)) - raft.server.snapshot.auto.trigger.enabled = true (custom)
2019-09-12 10:10:35,026 [pool-60-thread-1] INFO  server.RaftServerConfigKeys (ConfUtils.java:logGet(43)) - raft.server.snapshot.auto.trigger.threshold = 10000 (custom)
2019-09-12 10:10:35,026 [pool-60-thread-1] INFO  server.RaftServerConfigKeys (ConfUtils.java:logGet(43)) - raft.server.retrycache.expirytime = 600000ms (custom)
2019-09-12 10:10:35,026 [pool-60-thread-1] INFO  impl.RaftServerImpl (RaftServerImpl.java:start(180)) - 8925b11b-15ee-4d46-98cb-9cc2d2f12dc3: start group-0C10D8D672A6
2019-09-12 10:10:35,027 [pool-60-thread-1] INFO  impl.RaftServerImpl (RaftServerImpl.java:setRole(171)) - 8925b11b-15ee-4d46-98cb-9cc2d2f12dc3:group-0C10D8D672A6 changes role from null to FOLLOWER at term 0 for startAsFollower
2019-09-12 10:10:35,027 [pool-60-thread-1] INFO  impl.RoleInfo (RoleInfo.java:updateAndGet(143)) - 8925b11b-15ee-4d46-98cb-9cc2d2f12dc3: start FollowerState
2019-09-12 10:10:35,027 [pool-60-thread-1] INFO  util.JmxRegister (JmxRegister.java:tryRegister(44)) - Successfully registered JMX Bean with object name Ratis:service=RaftServer,group=group-0C10D8D672A6,id=8925b11b-15ee-4d46-98cb-9cc2d2f12dc3
2019-09-12 10:10:35,039 [RatisPipelineUtilsThread] INFO  pipeline.PipelineStateManager (PipelineStateManager.java:addPipeline(56)) - Created pipeline Pipeline[ Id: a3381582-9f92-4be8-82ee-0c10d8d672a6, Nodes: 8925b11b-15ee-4d46-98cb-9cc2d2f12dc3{ip: 192.168.36.114, host: pr-hdds-1569-58hkm-1881083799, networkLocation: /default-rack, certSerialId: null}, Type:RATIS, Factor:ONE, State:OPEN]
2019-09-12 10:10:35,051 [grpc-default-executor-0] INFO  impl.RaftServerProxy (RaftServerProxy.java:addNew(89)) - bd0a38b2-0ade-4ab9-8ece-056daa626b99: addNew group-2BCE082211B4:[bd0a38b2-0ade-4ab9-8ece-056daa626b99:192.168.36.114:44836] returns group-2BCE082211B4:java.util.concurrent.CompletableFuture@6281fd72[Not completed]
2019-09-12 10:10:35,052 [pool-49-thread-1] INFO  impl.RaftServerImpl (RaftServerImpl.java:<init>(93)) - bd0a38b2-0ade-4ab9-8ece-056daa626b99: new RaftServerImpl for group-2BCE082211B4:[bd0a38b2-0ade-4ab9-8ece-056daa626b99:192.168.36.114:44836] with ContainerStateMachine:uninitialized
2019-09-12 10:10:35,052 [pool-49-thread-1] INFO  server.RaftServerConfigKeys (ConfUtils.java:logGet(43)) - raft.server.rpc.timeout.min = 5s (custom)
2019-09-12 10:10:35,052 [pool-49-thread-1] INFO  server.RaftServerConfigKeys (ConfUtils.java:logGet(43)) - raft.server.rpc.timeout.max = 5200ms (custom)
2019-09-12 10:10:35,053 [pool-49-thread-1] INFO  server.RaftServerConfigKeys (ConfUtils.java:logGet(43)) - raft.server.rpcslowness.timeout = 120s (custom)
2019-09-12 10:10:35,053 [pool-49-thread-1] INFO  server.RaftServerConfigKeys (ConfUtils.java:logGet(43)) - raft.server.sleep.deviation.threshold = 300 (default)
2019-09-12 10:10:35,053 [pool-49-thread-1] INFO  server.RaftServerConfigKeys (ConfUtils.java:logGet(43)) - raft.server.log.appender.install.snapshot.enabled = false (custom)
2019-09-12 10:10:35,053 [pool-49-thread-1] INFO  impl.RaftServerImpl (ServerState.java:<init>(105)) - bd0a38b2-0ade-4ab9-8ece-056daa626b99:group-2BCE082211B4 ConfigurationManager, init=-1: [bd0a38b2-0ade-4ab9-8ece-056daa626b99:192.168.36.114:44836], old=null, confs=<EMPTY_MAP>
2019-09-12 10:10:35,053 [pool-49-thread-1] INFO  server.RaftServerConfigKeys (ConfUtils.java:logGet(43)) - raft.server.storage.dir = [/workdir/hadoop-ozone/integration-test/target/test-dir/MiniOzoneClusterImpl-aa909d9c-8689-4ca6-a6e6-f667e4f57e2f/datanode-2/data/ratis] (custom)
2019-09-12 10:10:35,053 [pool-49-thread-1] INFO  storage.RaftStorageDirectory (RaftStorageDirectory.java:analyzeStorage(246)) - The storage directory /workdir/hadoop-ozone/integration-test/target/test-dir/MiniOzoneClusterImpl-aa909d9c-8689-4ca6-a6e6-f667e4f57e2f/datanode-2/data/ratis/4ca04b01-6d1f-486b-af21-2bce082211b4 does not exist. Creating ...
2019-09-12 10:10:35,067 [pool-49-thread-1] INFO  storage.RaftStorageDirectory (RaftStorageDirectory.java:tryLock(328)) - Lock on /workdir/hadoop-ozone/integration-test/target/test-dir/MiniOzoneClusterImpl-aa909d9c-8689-4ca6-a6e6-f667e4f57e2f/datanode-2/data/ratis/4ca04b01-6d1f-486b-af21-2bce082211b4/in_use.lock acquired by nodename 5279@pr-hdds-1569-58hkm-1881083799
2019-09-12 10:10:35,069 | INFO  | SCMAudit | user=jenkins1000 | ip=192.168.36.114 | op=SEND_HEARTBEAT {datanodeUUID=bd0a38b2-0ade-4ab9-8ece-056daa626b99, command=[]} | ret=SUCCESS |  
2019-09-12 10:10:35,069 | INFO  | SCMAudit | user=jenkins1000 | ip=192.168.36.114 | op=SEND_HEARTBEAT {datanodeUUID=8925b11b-15ee-4d46-98cb-9cc2d2f12dc3, command=[]} | ret=SUCCESS |  
2019-09-12 10:10:35,136 [pool-49-thread-1] INFO  storage.RaftStorage (RaftStorage.java:format(72)) - Storage directory /workdir/hadoop-ozone/integration-test/target/test-dir/MiniOzoneClusterImpl-aa909d9c-8689-4ca6-a6e6-f667e4f57e2f/datanode-2/data/ratis/4ca04b01-6d1f-486b-af21-2bce082211b4 has been successfully formatted.
2019-09-12 10:10:35,136 [pool-49-thread-1] INFO  ratis.ContainerStateMachine (ContainerStateMachine.java:loadSnapshot(226)) - group-2BCE082211B4: The snapshot info is null. Setting the last applied indexto:(t:0, i:~)
2019-09-12 10:10:35,137 [pool-49-thread-1] INFO  server.RaftServerConfigKeys (ConfUtils.java:logGet(43)) - raft.server.leader.election.timeout = 120s (custom)
2019-09-12 10:10:35,137 [pool-49-thread-1] INFO  server.RaftServerConfigKeys (ConfUtils.java:logGet(43)) - raft.server.log.use.memory = false (default)
2019-09-12 10:10:35,137 [pool-49-thread-1] INFO  server.RaftServerConfigKeys (ConfUtils.java:logGet(43)) - raft.server.log.purge.gap = 1000000 (custom)
2019-09-12 10:10:35,137 [pool-49-thread-1] INFO  server.RaftServerConfigKeys (ConfUtils.java:logGet(43)) - raft.server.log.appender.buffer.byte-limit = 33554432 (custom)
2019-09-12 10:10:35,137 [pool-49-thread-1] INFO  server.RaftServerConfigKeys (ConfUtils.java:logGet(43)) - raft.server.log.segment.size.max = 1048576 (custom)
2019-09-12 10:10:35,138 [pool-49-thread-1] INFO  server.RaftServerConfigKeys (ConfUtils.java:logGet(43)) - raft.server.log.segment.cache.num.max = 2 (custom)
2019-09-12 10:10:35,138 [pool-49-thread-1] INFO  segmented.SegmentedRaftLogWorker (SegmentedRaftLogWorker.java:<init>(172)) - new bd0a38b2-0ade-4ab9-8ece-056daa626b99-SegmentedRaftLogWorker:Storage Directory /workdir/hadoop-ozone/integration-test/target/test-dir/MiniOzoneClusterImpl-aa909d9c-8689-4ca6-a6e6-f667e4f57e2f/datanode-2/data/ratis/4ca04b01-6d1f-486b-af21-2bce082211b4 for RaftStorage:Storage Directory /workdir/hadoop-ozone/integration-test/target/test-dir/MiniOzoneClusterImpl-aa909d9c-8689-4ca6-a6e6-f667e4f57e2f/datanode-2/data/ratis/4ca04b01-6d1f-486b-af21-2bce082211b4
2019-09-12 10:10:35,138 [pool-49-thread-1] INFO  server.RaftServerConfigKeys (ConfUtils.java:logGet(43)) - raft.server.log.queue.byte-limit = 2147483647 (custom)
2019-09-12 10:10:35,139 [pool-49-thread-1] INFO  server.RaftServerConfigKeys (ConfUtils.java:logGet(43)) - raft.server.log.queue.element-limit = 1024 (custom)
2019-09-12 10:10:35,139 [pool-49-thread-1] INFO  server.RaftServerConfigKeys (ConfUtils.java:logGet(43)) - raft.server.log.segment.size.max = 1048576 (custom)
2019-09-12 10:10:35,139 [pool-49-thread-1] INFO  server.RaftServerConfigKeys (ConfUtils.java:logGet(43)) - raft.server.log.preallocated.size = 16384 (custom)
2019-09-12 10:10:35,140 [pool-49-thread-1] INFO  server.RaftServerConfigKeys (ConfUtils.java:logGet(43)) - raft.server.log.write.buffer.size = 33554432 (custom)
2019-09-12 10:10:35,140 [pool-49-thread-1] INFO  server.RaftServerConfigKeys (ConfUtils.java:logGet(43)) - raft.server.log.force.sync.num = 128 (default)
2019-09-12 10:10:35,140 [pool-49-thread-1] INFO  server.RaftServerConfigKeys (ConfUtils.java:logGet(43)) - raft.server.log.statemachine.data.sync = true (default)
2019-09-12 10:10:35,140 [pool-49-thread-1] INFO  server.RaftServerConfigKeys (ConfUtils.java:logGet(43)) - raft.server.log.statemachine.data.sync.timeout = 10s (default)
2019-09-12 10:10:35,140 [pool-49-thread-1] INFO  server.RaftServerConfigKeys (ConfUtils.java:logGet(43)) - raft.server.log.statemachine.data.sync.timeout.retry = -1 (default)
2019-09-12 10:10:35,141 [pool-49-thread-1] INFO  server.RaftServerConfigKeys (ConfUtils.java:logGet(43)) - raft.server.log.statemachine.data.caching.enabled = true (custom)
2019-09-12 10:10:35,141 [pool-49-thread-1] INFO  segmented.SegmentedRaftLogWorker (SegmentedRaftLogWorker.java:lambda$new$0(132)) - bd0a38b2-0ade-4ab9-8ece-056daa626b99-SegmentedRaftLogWorker:Storage Directory /workdir/hadoop-ozone/integration-test/target/test-dir/MiniOzoneClusterImpl-aa909d9c-8689-4ca6-a6e6-f667e4f57e2f/datanode-2/data/ratis/4ca04b01-6d1f-486b-af21-2bce082211b4: flushIndex: setUnconditionally 0 -> -1
2019-09-12 10:10:35,142 [pool-49-thread-1] INFO  server.RaftServerConfigKeys (ConfUtils.java:logGet(43)) - raft.server.snapshot.auto.trigger.enabled = true (custom)
2019-09-12 10:10:35,142 [pool-49-thread-1] INFO  server.RaftServerConfigKeys (ConfUtils.java:logGet(43)) - raft.server.snapshot.auto.trigger.threshold = 10000 (custom)
2019-09-12 10:10:35,142 [pool-49-thread-1] INFO  server.RaftServerConfigKeys (ConfUtils.java:logGet(43)) - raft.server.retrycache.expirytime = 600000ms (custom)
2019-09-12 10:10:35,142 [pool-49-thread-1] INFO  impl.RaftServerImpl (RaftServerImpl.java:start(180)) - bd0a38b2-0ade-4ab9-8ece-056daa626b99: start group-2BCE082211B4
2019-09-12 10:10:35,142 [pool-49-thread-1] INFO  impl.RaftServerImpl (RaftServerImpl.java:setRole(171)) - bd0a38b2-0ade-4ab9-8ece-056daa626b99:group-2BCE082211B4 changes role from null to FOLLOWER at term 0 for startAsFollower
2019-09-12 10:10:35,143 [pool-49-thread-1] INFO  impl.RoleInfo (RoleInfo.java:updateAndGet(143)) - bd0a38b2-0ade-4ab9-8ece-056daa626b99: start FollowerState
2019-09-12 10:10:35,143 [pool-49-thread-1] INFO  util.JmxRegister (JmxRegister.java:tryRegister(44)) - Successfully registered JMX Bean with object name Ratis:service=RaftServer,group=group-2BCE082211B4,id=bd0a38b2-0ade-4ab9-8ece-056daa626b99
2019-09-12 10:10:35,155 [RatisPipelineUtilsThread] INFO  pipeline.PipelineStateManager (PipelineStateManager.java:addPipeline(56)) - Created pipeline Pipeline[ Id: 4ca04b01-6d1f-486b-af21-2bce082211b4, Nodes: bd0a38b2-0ade-4ab9-8ece-056daa626b99{ip: 192.168.36.114, host: pr-hdds-1569-58hkm-1881083799, networkLocation: /default-rack, certSerialId: null}, Type:RATIS, Factor:ONE, State:OPEN]
2019-09-12 10:10:35,175 [grpc-default-executor-0] INFO  impl.RaftServerProxy (RaftServerProxy.java:addNew(89)) - cc61ee54-953f-4ef7-b7e3-d5c043f839cb: addNew group-52B8929C6F60:[cc61ee54-953f-4ef7-b7e3-d5c043f839cb:192.168.36.114:41082] returns group-52B8929C6F60:java.util.concurrent.CompletableFuture@1b06713f[Not completed]
2019-09-12 10:10:35,176 [pool-38-thread-1] INFO  impl.RaftServerImpl (RaftServerImpl.java:<init>(93)) - cc61ee54-953f-4ef7-b7e3-d5c043f839cb: new RaftServerImpl for group-52B8929C6F60:[cc61ee54-953f-4ef7-b7e3-d5c043f839cb:192.168.36.114:41082] with ContainerStateMachine:uninitialized
2019-09-12 10:10:35,177 [pool-38-thread-1] INFO  server.RaftServerConfigKeys (ConfUtils.java:logGet(43)) - raft.server.rpc.timeout.min = 5s (custom)
2019-09-12 10:10:35,177 [pool-38-thread-1] INFO  server.RaftServerConfigKeys (ConfUtils.java:logGet(43)) - raft.server.rpc.timeout.max = 5200ms (custom)
2019-09-12 10:10:35,177 [pool-38-thread-1] INFO  server.RaftServerConfigKeys (ConfUtils.java:logGet(43)) - raft.server.rpcslowness.timeout = 120s (custom)
2019-09-12 10:10:35,177 [pool-38-thread-1] INFO  server.RaftServerConfigKeys (ConfUtils.java:logGet(43)) - raft.server.sleep.deviation.threshold = 300 (default)
2019-09-12 10:10:35,177 [pool-38-thread-1] INFO  server.RaftServerConfigKeys (ConfUtils.java:logGet(43)) - raft.server.log.appender.install.snapshot.enabled = false (custom)
2019-09-12 10:10:35,177 [pool-38-thread-1] INFO  impl.RaftServerImpl (ServerState.java:<init>(105)) - cc61ee54-953f-4ef7-b7e3-d5c043f839cb:group-52B8929C6F60 ConfigurationManager, init=-1: [cc61ee54-953f-4ef7-b7e3-d5c043f839cb:192.168.36.114:41082], old=null, confs=<EMPTY_MAP>
2019-09-12 10:10:35,178 [pool-38-thread-1] INFO  server.RaftServerConfigKeys (ConfUtils.java:logGet(43)) - raft.server.storage.dir = [/workdir/hadoop-ozone/integration-test/target/test-dir/MiniOzoneClusterImpl-aa909d9c-8689-4ca6-a6e6-f667e4f57e2f/datanode-1/data/ratis] (custom)
2019-09-12 10:10:35,178 [pool-38-thread-1] INFO  storage.RaftStorageDirectory (RaftStorageDirectory.java:analyzeStorage(246)) - The storage directory /workdir/hadoop-ozone/integration-test/target/test-dir/MiniOzoneClusterImpl-aa909d9c-8689-4ca6-a6e6-f667e4f57e2f/datanode-1/data/ratis/3c771521-faeb-4bbe-a7f7-52b8929c6f60 does not exist. Creating ...
2019-09-12 10:10:35,191 [pool-38-thread-1] INFO  storage.RaftStorageDirectory (RaftStorageDirectory.java:tryLock(328)) - Lock on /workdir/hadoop-ozone/integration-test/target/test-dir/MiniOzoneClusterImpl-aa909d9c-8689-4ca6-a6e6-f667e4f57e2f/datanode-1/data/ratis/3c771521-faeb-4bbe-a7f7-52b8929c6f60/in_use.lock acquired by nodename 5279@pr-hdds-1569-58hkm-1881083799
2019-09-12 10:10:35,212 [pool-38-thread-1] INFO  storage.RaftStorage (RaftStorage.java:format(72)) - Storage directory /workdir/hadoop-ozone/integration-test/target/test-dir/MiniOzoneClusterImpl-aa909d9c-8689-4ca6-a6e6-f667e4f57e2f/datanode-1/data/ratis/3c771521-faeb-4bbe-a7f7-52b8929c6f60 has been successfully formatted.
2019-09-12 10:10:35,213 [pool-38-thread-1] INFO  ratis.ContainerStateMachine (ContainerStateMachine.java:loadSnapshot(226)) - group-52B8929C6F60: The snapshot info is null. Setting the last applied indexto:(t:0, i:~)
2019-09-12 10:10:35,213 [pool-38-thread-1] INFO  server.RaftServerConfigKeys (ConfUtils.java:logGet(43)) - raft.server.leader.election.timeout = 120s (custom)
2019-09-12 10:10:35,213 [pool-38-thread-1] INFO  server.RaftServerConfigKeys (ConfUtils.java:logGet(43)) - raft.server.log.use.memory = false (default)
2019-09-12 10:10:35,213 [pool-38-thread-1] INFO  server.RaftServerConfigKeys (ConfUtils.java:logGet(43)) - raft.server.log.purge.gap = 1000000 (custom)
2019-09-12 10:10:35,213 [pool-38-thread-1] INFO  server.RaftServerConfigKeys (ConfUtils.java:logGet(43)) - raft.server.log.appender.buffer.byte-limit = 33554432 (custom)
2019-09-12 10:10:35,214 [pool-38-thread-1] INFO  server.RaftServerConfigKeys (ConfUtils.java:logGet(43)) - raft.server.log.segment.size.max = 1048576 (custom)
2019-09-12 10:10:35,214 [pool-38-thread-1] INFO  server.RaftServerConfigKeys (ConfUtils.java:logGet(43)) - raft.server.log.segment.cache.num.max = 2 (custom)
2019-09-12 10:10:35,214 | INFO  | SCMAudit | user=jenkins1000 | ip=192.168.36.114 | op=SEND_HEARTBEAT {datanodeUUID=c257187d-6013-41a0-a6c3-70113601683b, command=[]} | ret=SUCCESS |  
2019-09-12 10:10:35,214 [pool-38-thread-1] INFO  segmented.SegmentedRaftLogWorker (SegmentedRaftLogWorker.java:<init>(172)) - new cc61ee54-953f-4ef7-b7e3-d5c043f839cb-SegmentedRaftLogWorker:Storage Directory /workdir/hadoop-ozone/integration-test/target/test-dir/MiniOzoneClusterImpl-aa909d9c-8689-4ca6-a6e6-f667e4f57e2f/datanode-1/data/ratis/3c771521-faeb-4bbe-a7f7-52b8929c6f60 for RaftStorage:Storage Directory /workdir/hadoop-ozone/integration-test/target/test-dir/MiniOzoneClusterImpl-aa909d9c-8689-4ca6-a6e6-f667e4f57e2f/datanode-1/data/ratis/3c771521-faeb-4bbe-a7f7-52b8929c6f60
2019-09-12 10:10:35,214 [pool-38-thread-1] INFO  server.RaftServerConfigKeys (ConfUtils.java:logGet(43)) - raft.server.log.queue.byte-limit = 2147483647 (custom)
2019-09-12 10:10:35,214 [pool-38-thread-1] INFO  server.RaftServerConfigKeys (ConfUtils.java:logGet(43)) - raft.server.log.queue.element-limit = 1024 (custom)
2019-09-12 10:10:35,214 [pool-38-thread-1] INFO  server.RaftServerConfigKeys (ConfUtils.java:logGet(43)) - raft.server.log.segment.size.max = 1048576 (custom)
2019-09-12 10:10:35,215 [pool-38-thread-1] INFO  server.RaftServerConfigKeys (ConfUtils.java:logGet(43)) - raft.server.log.preallocated.size = 16384 (custom)
2019-09-12 10:10:35,215 [pool-38-thread-1] INFO  server.RaftServerConfigKeys (ConfUtils.java:logGet(43)) - raft.server.log.write.buffer.size = 33554432 (custom)
2019-09-12 10:10:35,215 [pool-38-thread-1] INFO  server.RaftServerConfigKeys (ConfUtils.java:logGet(43)) - raft.server.log.force.sync.num = 128 (default)
2019-09-12 10:10:35,215 [pool-38-thread-1] INFO  server.RaftServerConfigKeys (ConfUtils.java:logGet(43)) - raft.server.log.statemachine.data.sync = true (default)
2019-09-12 10:10:35,215 [pool-38-thread-1] INFO  server.RaftServerConfigKeys (ConfUtils.java:logGet(43)) - raft.server.log.statemachine.data.sync.timeout = 10s (default)
2019-09-12 10:10:35,215 [pool-38-thread-1] INFO  server.RaftServerConfigKeys (ConfUtils.java:logGet(43)) - raft.server.log.statemachine.data.sync.timeout.retry = -1 (default)
2019-09-12 10:10:35,215 [pool-38-thread-1] INFO  server.RaftServerConfigKeys (ConfUtils.java:logGet(43)) - raft.server.log.statemachine.data.caching.enabled = true (custom)
2019-09-12 10:10:35,216 [pool-38-thread-1] INFO  segmented.SegmentedRaftLogWorker (SegmentedRaftLogWorker.java:lambda$new$0(132)) - cc61ee54-953f-4ef7-b7e3-d5c043f839cb-SegmentedRaftLogWorker:Storage Directory /workdir/hadoop-ozone/integration-test/target/test-dir/MiniOzoneClusterImpl-aa909d9c-8689-4ca6-a6e6-f667e4f57e2f/datanode-1/data/ratis/3c771521-faeb-4bbe-a7f7-52b8929c6f60: flushIndex: setUnconditionally 0 -> -1
2019-09-12 10:10:35,216 [pool-38-thread-1] INFO  server.RaftServerConfigKeys (ConfUtils.java:logGet(43)) - raft.server.snapshot.auto.trigger.enabled = true (custom)
2019-09-12 10:10:35,216 [pool-38-thread-1] INFO  server.RaftServerConfigKeys (ConfUtils.java:logGet(43)) - raft.server.snapshot.auto.trigger.threshold = 10000 (custom)
2019-09-12 10:10:35,216 [pool-38-thread-1] INFO  server.RaftServerConfigKeys (ConfUtils.java:logGet(43)) - raft.server.retrycache.expirytime = 600000ms (custom)
2019-09-12 10:10:35,217 [pool-38-thread-1] INFO  impl.RaftServerImpl (RaftServerImpl.java:start(180)) - cc61ee54-953f-4ef7-b7e3-d5c043f839cb: start group-52B8929C6F60
2019-09-12 10:10:35,217 [pool-38-thread-1] INFO  impl.RaftServerImpl (RaftServerImpl.java:setRole(171)) - cc61ee54-953f-4ef7-b7e3-d5c043f839cb:group-52B8929C6F60 changes role from null to FOLLOWER at term 0 for startAsFollower
2019-09-12 10:10:35,217 [pool-38-thread-1] INFO  impl.RoleInfo (RoleInfo.java:updateAndGet(143)) - cc61ee54-953f-4ef7-b7e3-d5c043f839cb: start FollowerState
2019-09-12 10:10:35,218 [pool-38-thread-1] INFO  util.JmxRegister (JmxRegister.java:tryRegister(44)) - Successfully registered JMX Bean with object name Ratis:service=RaftServer,group=group-52B8929C6F60,id=cc61ee54-953f-4ef7-b7e3-d5c043f839cb
2019-09-12 10:10:35,226 [RatisPipelineUtilsThread] INFO  pipeline.PipelineStateManager (PipelineStateManager.java:addPipeline(56)) - Created pipeline Pipeline[ Id: 3c771521-faeb-4bbe-a7f7-52b8929c6f60, Nodes: cc61ee54-953f-4ef7-b7e3-d5c043f839cb{ip: 192.168.36.114, host: pr-hdds-1569-58hkm-1881083799, networkLocation: /default-rack, certSerialId: null}, Type:RATIS, Factor:ONE, State:OPEN]
2019-09-12 10:10:35,237 [grpc-default-executor-0] INFO  impl.RaftServerProxy (RaftServerProxy.java:addNew(89)) - db8f3dd9-b09f-4e42-bc8b-0b8816c9f45e: addNew group-BE3D1C967824:[db8f3dd9-b09f-4e42-bc8b-0b8816c9f45e:192.168.36.114:36560] returns group-BE3D1C967824:java.util.concurrent.CompletableFuture@6d6a321e[Not completed]
2019-09-12 10:10:35,239 [pool-27-thread-1] INFO  impl.RaftServerImpl (RaftServerImpl.java:<init>(93)) - db8f3dd9-b09f-4e42-bc8b-0b8816c9f45e: new RaftServerImpl for group-BE3D1C967824:[db8f3dd9-b09f-4e42-bc8b-0b8816c9f45e:192.168.36.114:36560] with ContainerStateMachine:uninitialized
2019-09-12 10:10:35,239 [pool-27-thread-1] INFO  server.RaftServerConfigKeys (ConfUtils.java:logGet(43)) - raft.server.rpc.timeout.min = 5s (custom)
2019-09-12 10:10:35,239 [pool-27-thread-1] INFO  server.RaftServerConfigKeys (ConfUtils.java:logGet(43)) - raft.server.rpc.timeout.max = 5200ms (custom)
2019-09-12 10:10:35,239 [pool-27-thread-1] INFO  server.RaftServerConfigKeys (ConfUtils.java:logGet(43)) - raft.server.rpcslowness.timeout = 120s (custom)
2019-09-12 10:10:35,239 [pool-27-thread-1] INFO  server.RaftServerConfigKeys (ConfUtils.java:logGet(43)) - raft.server.sleep.deviation.threshold = 300 (default)
2019-09-12 10:10:35,239 [pool-27-thread-1] INFO  server.RaftServerConfigKeys (ConfUtils.java:logGet(43)) - raft.server.log.appender.install.snapshot.enabled = false (custom)
2019-09-12 10:10:35,240 [pool-27-thread-1] INFO  impl.RaftServerImpl (ServerState.java:<init>(105)) - db8f3dd9-b09f-4e42-bc8b-0b8816c9f45e:group-BE3D1C967824 ConfigurationManager, init=-1: [db8f3dd9-b09f-4e42-bc8b-0b8816c9f45e:192.168.36.114:36560], old=null, confs=<EMPTY_MAP>
2019-09-12 10:10:35,240 [pool-27-thread-1] INFO  server.RaftServerConfigKeys (ConfUtils.java:logGet(43)) - raft.server.storage.dir = [/workdir/hadoop-ozone/integration-test/target/test-dir/MiniOzoneClusterImpl-aa909d9c-8689-4ca6-a6e6-f667e4f57e2f/datanode-0/data/ratis] (custom)
2019-09-12 10:10:35,240 [pool-27-thread-1] INFO  storage.RaftStorageDirectory (RaftStorageDirectory.java:analyzeStorage(246)) - The storage directory /workdir/hadoop-ozone/integration-test/target/test-dir/MiniOzoneClusterImpl-aa909d9c-8689-4ca6-a6e6-f667e4f57e2f/datanode-0/data/ratis/9db6e833-bd58-4356-b88f-be3d1c967824 does not exist. Creating ...
2019-09-12 10:10:35,266 [pool-27-thread-1] INFO  storage.RaftStorageDirectory (RaftStorageDirectory.java:tryLock(328)) - Lock on /workdir/hadoop-ozone/integration-test/target/test-dir/MiniOzoneClusterImpl-aa909d9c-8689-4ca6-a6e6-f667e4f57e2f/datanode-0/data/ratis/9db6e833-bd58-4356-b88f-be3d1c967824/in_use.lock acquired by nodename 5279@pr-hdds-1569-58hkm-1881083799
2019-09-12 10:10:35,275 | INFO  | SCMAudit | user=jenkins1000 | ip=192.168.36.114 | op=SEND_HEARTBEAT {datanodeUUID=db8f3dd9-b09f-4e42-bc8b-0b8816c9f45e, command=[]} | ret=SUCCESS |  
2019-09-12 10:10:35,320 [Thread-207] INFO  container.ReplicationManager (ReplicationManager.java:start(151)) - Starting Replication Monitor Thread.
2019-09-12 10:10:35,326 [pool-27-thread-1] INFO  storage.RaftStorage (RaftStorage.java:format(72)) - Storage directory /workdir/hadoop-ozone/integration-test/target/test-dir/MiniOzoneClusterImpl-aa909d9c-8689-4ca6-a6e6-f667e4f57e2f/datanode-0/data/ratis/9db6e833-bd58-4356-b88f-be3d1c967824 has been successfully formatted.
2019-09-12 10:10:35,327 [pool-27-thread-1] INFO  ratis.ContainerStateMachine (ContainerStateMachine.java:loadSnapshot(226)) - group-BE3D1C967824: The snapshot info is null. Setting the last applied indexto:(t:0, i:~)
2019-09-12 10:10:35,327 [pool-27-thread-1] INFO  server.RaftServerConfigKeys (ConfUtils.java:logGet(43)) - raft.server.leader.election.timeout = 120s (custom)
2019-09-12 10:10:35,327 [pool-27-thread-1] INFO  server.RaftServerConfigKeys (ConfUtils.java:logGet(43)) - raft.server.log.use.memory = false (default)
2019-09-12 10:10:35,328 [pool-27-thread-1] INFO  server.RaftServerConfigKeys (ConfUtils.java:logGet(43)) - raft.server.log.purge.gap = 1000000 (custom)
2019-09-12 10:10:35,328 [pool-27-thread-1] INFO  server.RaftServerConfigKeys (ConfUtils.java:logGet(43)) - raft.server.log.appender.buffer.byte-limit = 33554432 (custom)
2019-09-12 10:10:35,328 [pool-27-thread-1] INFO  server.RaftServerConfigKeys (ConfUtils.java:logGet(43)) - raft.server.log.segment.size.max = 1048576 (custom)
2019-09-12 10:10:35,328 [pool-27-thread-1] INFO  server.RaftServerConfigKeys (ConfUtils.java:logGet(43)) - raft.server.log.segment.cache.num.max = 2 (custom)
2019-09-12 10:10:35,329 [pool-27-thread-1] INFO  segmented.SegmentedRaftLogWorker (SegmentedRaftLogWorker.java:<init>(172)) - new db8f3dd9-b09f-4e42-bc8b-0b8816c9f45e-SegmentedRaftLogWorker:Storage Directory /workdir/hadoop-ozone/integration-test/target/test-dir/MiniOzoneClusterImpl-aa909d9c-8689-4ca6-a6e6-f667e4f57e2f/datanode-0/data/ratis/9db6e833-bd58-4356-b88f-be3d1c967824 for RaftStorage:Storage Directory /workdir/hadoop-ozone/integration-test/target/test-dir/MiniOzoneClusterImpl-aa909d9c-8689-4ca6-a6e6-f667e4f57e2f/datanode-0/data/ratis/9db6e833-bd58-4356-b88f-be3d1c967824
2019-09-12 10:10:35,329 [pool-27-thread-1] INFO  server.RaftServerConfigKeys (ConfUtils.java:logGet(43)) - raft.server.log.queue.byte-limit = 2147483647 (custom)
2019-09-12 10:10:35,329 [pool-27-thread-1] INFO  server.RaftServerConfigKeys (ConfUtils.java:logGet(43)) - raft.server.log.queue.element-limit = 1024 (custom)
2019-09-12 10:10:35,329 [pool-27-thread-1] INFO  server.RaftServerConfigKeys (ConfUtils.java:logGet(43)) - raft.server.log.segment.size.max = 1048576 (custom)
2019-09-12 10:10:35,329 [pool-27-thread-1] INFO  server.RaftServerConfigKeys (ConfUtils.java:logGet(43)) - raft.server.log.preallocated.size = 16384 (custom)
2019-09-12 10:10:35,330 [pool-27-thread-1] INFO  server.RaftServerConfigKeys (ConfUtils.java:logGet(43)) - raft.server.log.write.buffer.size = 33554432 (custom)
2019-09-12 10:10:35,330 [pool-27-thread-1] INFO  server.RaftServerConfigKeys (ConfUtils.java:logGet(43)) - raft.server.log.force.sync.num = 128 (default)
2019-09-12 10:10:35,330 [pool-27-thread-1] INFO  server.RaftServerConfigKeys (ConfUtils.java:logGet(43)) - raft.server.log.statemachine.data.sync = true (default)
2019-09-12 10:10:35,330 [pool-27-thread-1] INFO  server.RaftServerConfigKeys (ConfUtils.java:logGet(43)) - raft.server.log.statemachine.data.sync.timeout = 10s (default)
2019-09-12 10:10:35,330 [pool-27-thread-1] INFO  server.RaftServerConfigKeys (ConfUtils.java:logGet(43)) - raft.server.log.statemachine.data.sync.timeout.retry = -1 (default)
2019-09-12 10:10:35,331 [pool-27-thread-1] INFO  server.RaftServerConfigKeys (ConfUtils.java:logGet(43)) - raft.server.log.statemachine.data.caching.enabled = true (custom)
2019-09-12 10:10:35,331 [pool-27-thread-1] INFO  segmented.SegmentedRaftLogWorker (SegmentedRaftLogWorker.java:lambda$new$0(132)) - db8f3dd9-b09f-4e42-bc8b-0b8816c9f45e-SegmentedRaftLogWorker:Storage Directory /workdir/hadoop-ozone/integration-test/target/test-dir/MiniOzoneClusterImpl-aa909d9c-8689-4ca6-a6e6-f667e4f57e2f/datanode-0/data/ratis/9db6e833-bd58-4356-b88f-be3d1c967824: flushIndex: setUnconditionally 0 -> -1
2019-09-12 10:10:35,332 [pool-27-thread-1] INFO  server.RaftServerConfigKeys (ConfUtils.java:logGet(43)) - raft.server.snapshot.auto.trigger.enabled = true (custom)
2019-09-12 10:10:35,332 [pool-27-thread-1] INFO  server.RaftServerConfigKeys (ConfUtils.java:logGet(43)) - raft.server.snapshot.auto.trigger.threshold = 10000 (custom)
2019-09-12 10:10:35,332 [pool-27-thread-1] INFO  server.RaftServerConfigKeys (ConfUtils.java:logGet(43)) - raft.server.retrycache.expirytime = 600000ms (custom)
2019-09-12 10:10:35,332 [pool-27-thread-1] INFO  impl.RaftServerImpl (RaftServerImpl.java:start(180)) - db8f3dd9-b09f-4e42-bc8b-0b8816c9f45e: start group-BE3D1C967824
2019-09-12 10:10:35,332 [pool-27-thread-1] INFO  impl.RaftServerImpl (RaftServerImpl.java:setRole(171)) - db8f3dd9-b09f-4e42-bc8b-0b8816c9f45e:group-BE3D1C967824 changes role from null to FOLLOWER at term 0 for startAsFollower
2019-09-12 10:10:35,333 [pool-27-thread-1] INFO  impl.RoleInfo (RoleInfo.java:updateAndGet(143)) - db8f3dd9-b09f-4e42-bc8b-0b8816c9f45e: start FollowerState
2019-09-12 10:10:35,333 [pool-27-thread-1] INFO  util.JmxRegister (JmxRegister.java:tryRegister(44)) - Successfully registered JMX Bean with object name Ratis:service=RaftServer,group=group-BE3D1C967824,id=db8f3dd9-b09f-4e42-bc8b-0b8816c9f45e
2019-09-12 10:10:35,342 [RatisPipelineUtilsThread] INFO  pipeline.PipelineStateManager (PipelineStateManager.java:addPipeline(56)) - Created pipeline Pipeline[ Id: 9db6e833-bd58-4356-b88f-be3d1c967824, Nodes: db8f3dd9-b09f-4e42-bc8b-0b8816c9f45e{ip: 192.168.36.114, host: pr-hdds-1569-58hkm-1881083799, networkLocation: /default-rack, certSerialId: null}, Type:RATIS, Factor:ONE, State:OPEN]
2019-09-12 10:10:35,354 [grpc-default-executor-0] INFO  impl.RaftServerProxy (RaftServerProxy.java:addNew(89)) - db8f3dd9-b09f-4e42-bc8b-0b8816c9f45e: addNew group-789D389AF1FC:[db8f3dd9-b09f-4e42-bc8b-0b8816c9f45e:192.168.36.114:36560] returns group-789D389AF1FC:java.util.concurrent.CompletableFuture@18c0e13f[Not completed]
2019-09-12 10:10:35,356 [pool-27-thread-1] INFO  impl.RaftServerImpl (RaftServerImpl.java:<init>(93)) - db8f3dd9-b09f-4e42-bc8b-0b8816c9f45e: new RaftServerImpl for group-789D389AF1FC:[db8f3dd9-b09f-4e42-bc8b-0b8816c9f45e:192.168.36.114:36560] with ContainerStateMachine:uninitialized
2019-09-12 10:10:35,357 [pool-27-thread-1] INFO  server.RaftServerConfigKeys (ConfUtils.java:logGet(43)) - raft.server.rpc.timeout.min = 5s (custom)
2019-09-12 10:10:35,357 [pool-27-thread-1] INFO  server.RaftServerConfigKeys (ConfUtils.java:logGet(43)) - raft.server.rpc.timeout.max = 5200ms (custom)
2019-09-12 10:10:35,357 [pool-27-thread-1] INFO  server.RaftServerConfigKeys (ConfUtils.java:logGet(43)) - raft.server.rpcslowness.timeout = 120s (custom)
2019-09-12 10:10:35,357 [pool-27-thread-1] INFO  server.RaftServerConfigKeys (ConfUtils.java:logGet(43)) - raft.server.sleep.deviation.threshold = 300 (default)
2019-09-12 10:10:35,357 [pool-27-thread-1] INFO  server.RaftServerConfigKeys (ConfUtils.java:logGet(43)) - raft.server.log.appender.install.snapshot.enabled = false (custom)
2019-09-12 10:10:35,357 [pool-27-thread-1] INFO  impl.RaftServerImpl (ServerState.java:<init>(105)) - db8f3dd9-b09f-4e42-bc8b-0b8816c9f45e:group-789D389AF1FC ConfigurationManager, init=-1: [db8f3dd9-b09f-4e42-bc8b-0b8816c9f45e:192.168.36.114:36560], old=null, confs=<EMPTY_MAP>
2019-09-12 10:10:35,358 [pool-27-thread-1] INFO  server.RaftServerConfigKeys (ConfUtils.java:logGet(43)) - raft.server.storage.dir = [/workdir/hadoop-ozone/integration-test/target/test-dir/MiniOzoneClusterImpl-aa909d9c-8689-4ca6-a6e6-f667e4f57e2f/datanode-0/data/ratis] (custom)
2019-09-12 10:10:35,358 [pool-27-thread-1] INFO  storage.RaftStorageDirectory (RaftStorageDirectory.java:analyzeStorage(246)) - The storage directory /workdir/hadoop-ozone/integration-test/target/test-dir/MiniOzoneClusterImpl-aa909d9c-8689-4ca6-a6e6-f667e4f57e2f/datanode-0/data/ratis/cb2e6d12-cfad-47b8-bc4f-789d389af1fc does not exist. Creating ...
2019-09-12 10:10:35,409 [pool-27-thread-1] INFO  storage.RaftStorageDirectory (RaftStorageDirectory.java:tryLock(328)) - Lock on /workdir/hadoop-ozone/integration-test/target/test-dir/MiniOzoneClusterImpl-aa909d9c-8689-4ca6-a6e6-f667e4f57e2f/datanode-0/data/ratis/cb2e6d12-cfad-47b8-bc4f-789d389af1fc/in_use.lock acquired by nodename 5279@pr-hdds-1569-58hkm-1881083799
2019-09-12 10:10:35,428 [pool-27-thread-1] INFO  storage.RaftStorage (RaftStorage.java:format(72)) - Storage directory /workdir/hadoop-ozone/integration-test/target/test-dir/MiniOzoneClusterImpl-aa909d9c-8689-4ca6-a6e6-f667e4f57e2f/datanode-0/data/ratis/cb2e6d12-cfad-47b8-bc4f-789d389af1fc has been successfully formatted.
2019-09-12 10:10:35,429 [pool-27-thread-1] INFO  ratis.ContainerStateMachine (ContainerStateMachine.java:loadSnapshot(226)) - group-789D389AF1FC: The snapshot info is null. Setting the last applied indexto:(t:0, i:~)
2019-09-12 10:10:35,429 [pool-27-thread-1] INFO  server.RaftServerConfigKeys (ConfUtils.java:logGet(43)) - raft.server.leader.election.timeout = 120s (custom)
2019-09-12 10:10:35,429 [pool-27-thread-1] INFO  server.RaftServerConfigKeys (ConfUtils.java:logGet(43)) - raft.server.log.use.memory = false (default)
2019-09-12 10:10:35,429 [pool-27-thread-1] INFO  server.RaftServerConfigKeys (ConfUtils.java:logGet(43)) - raft.server.log.purge.gap = 1000000 (custom)
2019-09-12 10:10:35,430 [pool-27-thread-1] INFO  server.RaftServerConfigKeys (ConfUtils.java:logGet(43)) - raft.server.log.appender.buffer.byte-limit = 33554432 (custom)
2019-09-12 10:10:35,430 [pool-27-thread-1] INFO  server.RaftServerConfigKeys (ConfUtils.java:logGet(43)) - raft.server.log.segment.size.max = 1048576 (custom)
2019-09-12 10:10:35,430 [pool-27-thread-1] INFO  server.RaftServerConfigKeys (ConfUtils.java:logGet(43)) - raft.server.log.segment.cache.num.max = 2 (custom)
2019-09-12 10:10:35,430 [pool-27-thread-1] INFO  segmented.SegmentedRaftLogWorker (SegmentedRaftLogWorker.java:<init>(172)) - new db8f3dd9-b09f-4e42-bc8b-0b8816c9f45e-SegmentedRaftLogWorker:Storage Directory /workdir/hadoop-ozone/integration-test/target/test-dir/MiniOzoneClusterImpl-aa909d9c-8689-4ca6-a6e6-f667e4f57e2f/datanode-0/data/ratis/cb2e6d12-cfad-47b8-bc4f-789d389af1fc for RaftStorage:Storage Directory /workdir/hadoop-ozone/integration-test/target/test-dir/MiniOzoneClusterImpl-aa909d9c-8689-4ca6-a6e6-f667e4f57e2f/datanode-0/data/ratis/cb2e6d12-cfad-47b8-bc4f-789d389af1fc
2019-09-12 10:10:35,430 [pool-27-thread-1] INFO  server.RaftServerConfigKeys (ConfUtils.java:logGet(43)) - raft.server.log.queue.byte-limit = 2147483647 (custom)
2019-09-12 10:10:35,431 [pool-27-thread-1] INFO  server.RaftServerConfigKeys (ConfUtils.java:logGet(43)) - raft.server.log.queue.element-limit = 1024 (custom)
2019-09-12 10:10:35,431 [pool-27-thread-1] INFO  server.RaftServerConfigKeys (ConfUtils.java:logGet(43)) - raft.server.log.segment.size.max = 1048576 (custom)
2019-09-12 10:10:35,431 [pool-27-thread-1] INFO  server.RaftServerConfigKeys (ConfUtils.java:logGet(43)) - raft.server.log.preallocated.size = 16384 (custom)
2019-09-12 10:10:35,431 [pool-27-thread-1] INFO  server.RaftServerConfigKeys (ConfUtils.java:logGet(43)) - raft.server.log.write.buffer.size = 33554432 (custom)
2019-09-12 10:10:35,431 [pool-27-thread-1] INFO  server.RaftServerConfigKeys (ConfUtils.java:logGet(43)) - raft.server.log.force.sync.num = 128 (default)
2019-09-12 10:10:35,432 [pool-27-thread-1] INFO  server.RaftServerConfigKeys (ConfUtils.java:logGet(43)) - raft.server.log.statemachine.data.sync = true (default)
2019-09-12 10:10:35,432 [pool-27-thread-1] INFO  server.RaftServerConfigKeys (ConfUtils.java:logGet(43)) - raft.server.log.statemachine.data.sync.timeout = 10s (default)
2019-09-12 10:10:35,432 [pool-27-thread-1] INFO  server.RaftServerConfigKeys (ConfUtils.java:logGet(43)) - raft.server.log.statemachine.data.sync.timeout.retry = -1 (default)
2019-09-12 10:10:35,432 [pool-27-thread-1] INFO  server.RaftServerConfigKeys (ConfUtils.java:logGet(43)) - raft.server.log.statemachine.data.caching.enabled = true (custom)
2019-09-12 10:10:35,433 [pool-27-thread-1] INFO  segmented.SegmentedRaftLogWorker (SegmentedRaftLogWorker.java:lambda$new$0(132)) - db8f3dd9-b09f-4e42-bc8b-0b8816c9f45e-SegmentedRaftLogWorker:Storage Directory /workdir/hadoop-ozone/integration-test/target/test-dir/MiniOzoneClusterImpl-aa909d9c-8689-4ca6-a6e6-f667e4f57e2f/datanode-0/data/ratis/cb2e6d12-cfad-47b8-bc4f-789d389af1fc: flushIndex: setUnconditionally 0 -> -1
2019-09-12 10:10:35,433 [pool-27-thread-1] INFO  server.RaftServerConfigKeys (ConfUtils.java:logGet(43)) - raft.server.snapshot.auto.trigger.enabled = true (custom)
2019-09-12 10:10:35,433 [pool-27-thread-1] INFO  server.RaftServerConfigKeys (ConfUtils.java:logGet(43)) - raft.server.snapshot.auto.trigger.threshold = 10000 (custom)
2019-09-12 10:10:35,433 [pool-27-thread-1] INFO  server.RaftServerConfigKeys (ConfUtils.java:logGet(43)) - raft.server.retrycache.expirytime = 600000ms (custom)
2019-09-12 10:10:35,434 [pool-27-thread-1] INFO  impl.RaftServerImpl (RaftServerImpl.java:start(180)) - db8f3dd9-b09f-4e42-bc8b-0b8816c9f45e: start group-789D389AF1FC
2019-09-12 10:10:35,434 [pool-27-thread-1] INFO  impl.RaftServerImpl (RaftServerImpl.java:setRole(171)) - db8f3dd9-b09f-4e42-bc8b-0b8816c9f45e:group-789D389AF1FC changes role from null to FOLLOWER at term 0 for startAsFollower
2019-09-12 10:10:35,434 [pool-27-thread-1] INFO  impl.RoleInfo (RoleInfo.java:updateAndGet(143)) - db8f3dd9-b09f-4e42-bc8b-0b8816c9f45e: start FollowerState
2019-09-12 10:10:35,435 [pool-27-thread-1] INFO  util.JmxRegister (JmxRegister.java:tryRegister(44)) - Successfully registered JMX Bean with object name Ratis:service=RaftServer,group=group-789D389AF1FC,id=db8f3dd9-b09f-4e42-bc8b-0b8816c9f45e
2019-09-12 10:10:35,445 [RatisPipelineUtilsThread] INFO  pipeline.PipelineStateManager (PipelineStateManager.java:addPipeline(56)) - Created pipeline Pipeline[ Id: cb2e6d12-cfad-47b8-bc4f-789d389af1fc, Nodes: db8f3dd9-b09f-4e42-bc8b-0b8816c9f45e{ip: 192.168.36.114, host: pr-hdds-1569-58hkm-1881083799, networkLocation: /default-rack, certSerialId: null}, Type:RATIS, Factor:ONE, State:OPEN]
2019-09-12 10:10:35,463 [grpc-default-executor-0] INFO  impl.RaftServerProxy (RaftServerProxy.java:addNew(89)) - 8925b11b-15ee-4d46-98cb-9cc2d2f12dc3: addNew group-9A7A8CED934F:[8925b11b-15ee-4d46-98cb-9cc2d2f12dc3:192.168.36.114:36994] returns group-9A7A8CED934F:java.util.concurrent.CompletableFuture@4daa448f[Not completed]
2019-09-12 10:10:35,465 [pool-60-thread-1] INFO  impl.RaftServerImpl (RaftServerImpl.java:<init>(93)) - 8925b11b-15ee-4d46-98cb-9cc2d2f12dc3: new RaftServerImpl for group-9A7A8CED934F:[8925b11b-15ee-4d46-98cb-9cc2d2f12dc3:192.168.36.114:36994] with ContainerStateMachine:uninitialized
2019-09-12 10:10:35,465 [pool-60-thread-1] INFO  server.RaftServerConfigKeys (ConfUtils.java:logGet(43)) - raft.server.rpc.timeout.min = 5s (custom)
2019-09-12 10:10:35,465 [pool-60-thread-1] INFO  server.RaftServerConfigKeys (ConfUtils.java:logGet(43)) - raft.server.rpc.timeout.max = 5200ms (custom)
2019-09-12 10:10:35,465 [pool-60-thread-1] INFO  server.RaftServerConfigKeys (ConfUtils.java:logGet(43)) - raft.server.rpcslowness.timeout = 120s (custom)
2019-09-12 10:10:35,465 [pool-60-thread-1] INFO  server.RaftServerConfigKeys (ConfUtils.java:logGet(43)) - raft.server.sleep.deviation.threshold = 300 (default)
2019-09-12 10:10:35,466 [pool-60-thread-1] INFO  server.RaftServerConfigKeys (ConfUtils.java:logGet(43)) - raft.server.log.appender.install.snapshot.enabled = false (custom)
2019-09-12 10:10:35,466 [pool-60-thread-1] INFO  impl.RaftServerImpl (ServerState.java:<init>(105)) - 8925b11b-15ee-4d46-98cb-9cc2d2f12dc3:group-9A7A8CED934F ConfigurationManager, init=-1: [8925b11b-15ee-4d46-98cb-9cc2d2f12dc3:192.168.36.114:36994], old=null, confs=<EMPTY_MAP>
2019-09-12 10:10:35,466 [pool-60-thread-1] INFO  server.RaftServerConfigKeys (ConfUtils.java:logGet(43)) - raft.server.storage.dir = [/workdir/hadoop-ozone/integration-test/target/test-dir/MiniOzoneClusterImpl-aa909d9c-8689-4ca6-a6e6-f667e4f57e2f/datanode-3/data/ratis] (custom)
2019-09-12 10:10:35,467 [pool-60-thread-1] INFO  storage.RaftStorageDirectory (RaftStorageDirectory.java:analyzeStorage(246)) - The storage directory /workdir/hadoop-ozone/integration-test/target/test-dir/MiniOzoneClusterImpl-aa909d9c-8689-4ca6-a6e6-f667e4f57e2f/datanode-3/data/ratis/d8f21dad-453a-476e-beb4-9a7a8ced934f does not exist. Creating ...
2019-09-12 10:10:35,480 [pool-60-thread-1] INFO  storage.RaftStorageDirectory (RaftStorageDirectory.java:tryLock(328)) - Lock on /workdir/hadoop-ozone/integration-test/target/test-dir/MiniOzoneClusterImpl-aa909d9c-8689-4ca6-a6e6-f667e4f57e2f/datanode-3/data/ratis/d8f21dad-453a-476e-beb4-9a7a8ced934f/in_use.lock acquired by nodename 5279@pr-hdds-1569-58hkm-1881083799
2019-09-12 10:10:35,497 [pool-60-thread-1] INFO  storage.RaftStorage (RaftStorage.java:format(72)) - Storage directory /workdir/hadoop-ozone/integration-test/target/test-dir/MiniOzoneClusterImpl-aa909d9c-8689-4ca6-a6e6-f667e4f57e2f/datanode-3/data/ratis/d8f21dad-453a-476e-beb4-9a7a8ced934f has been successfully formatted.
2019-09-12 10:10:35,498 [pool-60-thread-1] INFO  ratis.ContainerStateMachine (ContainerStateMachine.java:loadSnapshot(226)) - group-9A7A8CED934F: The snapshot info is null. Setting the last applied indexto:(t:0, i:~)
2019-09-12 10:10:35,498 [pool-60-thread-1] INFO  server.RaftServerConfigKeys (ConfUtils.java:logGet(43)) - raft.server.leader.election.timeout = 120s (custom)
2019-09-12 10:10:35,498 [pool-60-thread-1] INFO  server.RaftServerConfigKeys (ConfUtils.java:logGet(43)) - raft.server.log.use.memory = false (default)
2019-09-12 10:10:35,498 [pool-60-thread-1] INFO  server.RaftServerConfigKeys (ConfUtils.java:logGet(43)) - raft.server.log.purge.gap = 1000000 (custom)
2019-09-12 10:10:35,498 [pool-60-thread-1] INFO  server.RaftServerConfigKeys (ConfUtils.java:logGet(43)) - raft.server.log.appender.buffer.byte-limit = 33554432 (custom)
2019-09-12 10:10:35,499 [pool-60-thread-1] INFO  server.RaftServerConfigKeys (ConfUtils.java:logGet(43)) - raft.server.log.segment.size.max = 1048576 (custom)
2019-09-12 10:10:35,499 [pool-60-thread-1] INFO  server.RaftServerConfigKeys (ConfUtils.java:logGet(43)) - raft.server.log.segment.cache.num.max = 2 (custom)
2019-09-12 10:10:35,499 [pool-60-thread-1] INFO  segmented.SegmentedRaftLogWorker (SegmentedRaftLogWorker.java:<init>(172)) - new 8925b11b-15ee-4d46-98cb-9cc2d2f12dc3-SegmentedRaftLogWorker:Storage Directory /workdir/hadoop-ozone/integration-test/target/test-dir/MiniOzoneClusterImpl-aa909d9c-8689-4ca6-a6e6-f667e4f57e2f/datanode-3/data/ratis/d8f21dad-453a-476e-beb4-9a7a8ced934f for RaftStorage:Storage Directory /workdir/hadoop-ozone/integration-test/target/test-dir/MiniOzoneClusterImpl-aa909d9c-8689-4ca6-a6e6-f667e4f57e2f/datanode-3/data/ratis/d8f21dad-453a-476e-beb4-9a7a8ced934f
2019-09-12 10:10:35,499 [pool-60-thread-1] INFO  server.RaftServerConfigKeys (ConfUtils.java:logGet(43)) - raft.server.log.queue.byte-limit = 2147483647 (custom)
2019-09-12 10:10:35,499 [pool-60-thread-1] INFO  server.RaftServerConfigKeys (ConfUtils.java:logGet(43)) - raft.server.log.queue.element-limit = 1024 (custom)
2019-09-12 10:10:35,500 [pool-60-thread-1] INFO  server.RaftServerConfigKeys (ConfUtils.java:logGet(43)) - raft.server.log.segment.size.max = 1048576 (custom)
2019-09-12 10:10:35,500 [pool-60-thread-1] INFO  server.RaftServerConfigKeys (ConfUtils.java:logGet(43)) - raft.server.log.preallocated.size = 16384 (custom)
2019-09-12 10:10:35,500 [pool-60-thread-1] INFO  server.RaftServerConfigKeys (ConfUtils.java:logGet(43)) - raft.server.log.write.buffer.size = 33554432 (custom)
2019-09-12 10:10:35,500 [pool-60-thread-1] INFO  server.RaftServerConfigKeys (ConfUtils.java:logGet(43)) - raft.server.log.force.sync.num = 128 (default)
2019-09-12 10:10:35,500 [pool-60-thread-1] INFO  server.RaftServerConfigKeys (ConfUtils.java:logGet(43)) - raft.server.log.statemachine.data.sync = true (default)
2019-09-12 10:10:35,501 [pool-60-thread-1] INFO  server.RaftServerConfigKeys (ConfUtils.java:logGet(43)) - raft.server.log.statemachine.data.sync.timeout = 10s (default)
2019-09-12 10:10:35,501 [pool-60-thread-1] INFO  server.RaftServerConfigKeys (ConfUtils.java:logGet(43)) - raft.server.log.statemachine.data.sync.timeout.retry = -1 (default)
2019-09-12 10:10:35,501 [pool-60-thread-1] INFO  server.RaftServerConfigKeys (ConfUtils.java:logGet(43)) - raft.server.log.statemachine.data.caching.enabled = true (custom)
2019-09-12 10:10:35,502 [pool-60-thread-1] INFO  segmented.SegmentedRaftLogWorker (SegmentedRaftLogWorker.java:lambda$new$0(132)) - 8925b11b-15ee-4d46-98cb-9cc2d2f12dc3-SegmentedRaftLogWorker:Storage Directory /workdir/hadoop-ozone/integration-test/target/test-dir/MiniOzoneClusterImpl-aa909d9c-8689-4ca6-a6e6-f667e4f57e2f/datanode-3/data/ratis/d8f21dad-453a-476e-beb4-9a7a8ced934f: flushIndex: setUnconditionally 0 -> -1
2019-09-12 10:10:35,502 [pool-60-thread-1] INFO  server.RaftServerConfigKeys (ConfUtils.java:logGet(43)) - raft.server.snapshot.auto.trigger.enabled = true (custom)
2019-09-12 10:10:35,502 [pool-60-thread-1] INFO  server.RaftServerConfigKeys (ConfUtils.java:logGet(43)) - raft.server.snapshot.auto.trigger.threshold = 10000 (custom)
2019-09-12 10:10:35,503 [pool-60-thread-1] INFO  server.RaftServerConfigKeys (ConfUtils.java:logGet(43)) - raft.server.retrycache.expirytime = 600000ms (custom)
2019-09-12 10:10:35,503 [pool-60-thread-1] INFO  impl.RaftServerImpl (RaftServerImpl.java:start(180)) - 8925b11b-15ee-4d46-98cb-9cc2d2f12dc3: start group-9A7A8CED934F
2019-09-12 10:10:35,503 [pool-60-thread-1] INFO  impl.RaftServerImpl (RaftServerImpl.java:setRole(171)) - 8925b11b-15ee-4d46-98cb-9cc2d2f12dc3:group-9A7A8CED934F changes role from null to FOLLOWER at term 0 for startAsFollower
2019-09-12 10:10:35,503 [pool-60-thread-1] INFO  impl.RoleInfo (RoleInfo.java:updateAndGet(143)) - 8925b11b-15ee-4d46-98cb-9cc2d2f12dc3: start FollowerState
2019-09-12 10:10:35,504 [pool-60-thread-1] INFO  util.JmxRegister (JmxRegister.java:tryRegister(44)) - Successfully registered JMX Bean with object name Ratis:service=RaftServer,group=group-9A7A8CED934F,id=8925b11b-15ee-4d46-98cb-9cc2d2f12dc3
2019-09-12 10:10:35,509 [RatisPipelineUtilsThread] INFO  pipeline.PipelineStateManager (PipelineStateManager.java:addPipeline(56)) - Created pipeline Pipeline[ Id: d8f21dad-453a-476e-beb4-9a7a8ced934f, Nodes: 8925b11b-15ee-4d46-98cb-9cc2d2f12dc3{ip: 192.168.36.114, host: pr-hdds-1569-58hkm-1881083799, networkLocation: /default-rack, certSerialId: null}, Type:RATIS, Factor:ONE, State:OPEN]
2019-09-12 10:10:35,513 | INFO  | SCMAudit | user=jenkins1000 | ip=192.168.36.114 | op=SEND_HEARTBEAT {datanodeUUID=cc61ee54-953f-4ef7-b7e3-d5c043f839cb, command=[]} | ret=SUCCESS |  
2019-09-12 10:10:35,522 [grpc-default-executor-0] INFO  impl.RaftServerProxy (RaftServerProxy.java:addNew(89)) - db8f3dd9-b09f-4e42-bc8b-0b8816c9f45e: addNew group-9A81677653ED:[db8f3dd9-b09f-4e42-bc8b-0b8816c9f45e:192.168.36.114:36560] returns group-9A81677653ED:java.util.concurrent.CompletableFuture@50e47a8b[Not completed]
2019-09-12 10:10:35,524 [pool-27-thread-1] INFO  impl.RaftServerImpl (RaftServerImpl.java:<init>(93)) - db8f3dd9-b09f-4e42-bc8b-0b8816c9f45e: new RaftServerImpl for group-9A81677653ED:[db8f3dd9-b09f-4e42-bc8b-0b8816c9f45e:192.168.36.114:36560] with ContainerStateMachine:uninitialized
2019-09-12 10:10:35,525 [pool-27-thread-1] INFO  server.RaftServerConfigKeys (ConfUtils.java:logGet(43)) - raft.server.rpc.timeout.min = 5s (custom)
2019-09-12 10:10:35,525 [pool-27-thread-1] INFO  server.RaftServerConfigKeys (ConfUtils.java:logGet(43)) - raft.server.rpc.timeout.max = 5200ms (custom)
2019-09-12 10:10:35,525 [pool-27-thread-1] INFO  server.RaftServerConfigKeys (ConfUtils.java:logGet(43)) - raft.server.rpcslowness.timeout = 120s (custom)
2019-09-12 10:10:35,525 [pool-27-thread-1] INFO  server.RaftServerConfigKeys (ConfUtils.java:logGet(43)) - raft.server.sleep.deviation.threshold = 300 (default)
2019-09-12 10:10:35,525 [pool-27-thread-1] INFO  server.RaftServerConfigKeys (ConfUtils.java:logGet(43)) - raft.server.log.appender.install.snapshot.enabled = false (custom)
2019-09-12 10:10:35,526 [pool-27-thread-1] INFO  impl.RaftServerImpl (ServerState.java:<init>(105)) - db8f3dd9-b09f-4e42-bc8b-0b8816c9f45e:group-9A81677653ED ConfigurationManager, init=-1: [db8f3dd9-b09f-4e42-bc8b-0b8816c9f45e:192.168.36.114:36560], old=null, confs=<EMPTY_MAP>
2019-09-12 10:10:35,526 [pool-27-thread-1] INFO  server.RaftServerConfigKeys (ConfUtils.java:logGet(43)) - raft.server.storage.dir = [/workdir/hadoop-ozone/integration-test/target/test-dir/MiniOzoneClusterImpl-aa909d9c-8689-4ca6-a6e6-f667e4f57e2f/datanode-0/data/ratis] (custom)
2019-09-12 10:10:35,527 [pool-27-thread-1] INFO  storage.RaftStorageDirectory (RaftStorageDirectory.java:analyzeStorage(246)) - The storage directory /workdir/hadoop-ozone/integration-test/target/test-dir/MiniOzoneClusterImpl-aa909d9c-8689-4ca6-a6e6-f667e4f57e2f/datanode-0/data/ratis/3b1c94d0-4c95-4d76-bf0a-9a81677653ed does not exist. Creating ...
2019-09-12 10:10:35,540 [pool-27-thread-1] INFO  storage.RaftStorageDirectory (RaftStorageDirectory.java:tryLock(328)) - Lock on /workdir/hadoop-ozone/integration-test/target/test-dir/MiniOzoneClusterImpl-aa909d9c-8689-4ca6-a6e6-f667e4f57e2f/datanode-0/data/ratis/3b1c94d0-4c95-4d76-bf0a-9a81677653ed/in_use.lock acquired by nodename 5279@pr-hdds-1569-58hkm-1881083799
2019-09-12 10:10:35,553 [pool-27-thread-1] INFO  storage.RaftStorage (RaftStorage.java:format(72)) - Storage directory /workdir/hadoop-ozone/integration-test/target/test-dir/MiniOzoneClusterImpl-aa909d9c-8689-4ca6-a6e6-f667e4f57e2f/datanode-0/data/ratis/3b1c94d0-4c95-4d76-bf0a-9a81677653ed has been successfully formatted.
2019-09-12 10:10:35,554 [pool-27-thread-1] INFO  ratis.ContainerStateMachine (ContainerStateMachine.java:loadSnapshot(226)) - group-9A81677653ED: The snapshot info is null. Setting the last applied indexto:(t:0, i:~)
2019-09-12 10:10:35,554 [pool-27-thread-1] INFO  server.RaftServerConfigKeys (ConfUtils.java:logGet(43)) - raft.server.leader.election.timeout = 120s (custom)
2019-09-12 10:10:35,554 [pool-27-thread-1] INFO  server.RaftServerConfigKeys (ConfUtils.java:logGet(43)) - raft.server.log.use.memory = false (default)
2019-09-12 10:10:35,554 [pool-27-thread-1] INFO  server.RaftServerConfigKeys (ConfUtils.java:logGet(43)) - raft.server.log.purge.gap = 1000000 (custom)
2019-09-12 10:10:35,555 [pool-27-thread-1] INFO  server.RaftServerConfigKeys (ConfUtils.java:logGet(43)) - raft.server.log.appender.buffer.byte-limit = 33554432 (custom)
2019-09-12 10:10:35,555 [pool-27-thread-1] INFO  server.RaftServerConfigKeys (ConfUtils.java:logGet(43)) - raft.server.log.segment.size.max = 1048576 (custom)
2019-09-12 10:10:35,555 [pool-27-thread-1] INFO  server.RaftServerConfigKeys (ConfUtils.java:logGet(43)) - raft.server.log.segment.cache.num.max = 2 (custom)
2019-09-12 10:10:35,555 [pool-27-thread-1] INFO  segmented.SegmentedRaftLogWorker (SegmentedRaftLogWorker.java:<init>(172)) - new db8f3dd9-b09f-4e42-bc8b-0b8816c9f45e-SegmentedRaftLogWorker:Storage Directory /workdir/hadoop-ozone/integration-test/target/test-dir/MiniOzoneClusterImpl-aa909d9c-8689-4ca6-a6e6-f667e4f57e2f/datanode-0/data/ratis/3b1c94d0-4c95-4d76-bf0a-9a81677653ed for RaftStorage:Storage Directory /workdir/hadoop-ozone/integration-test/target/test-dir/MiniOzoneClusterImpl-aa909d9c-8689-4ca6-a6e6-f667e4f57e2f/datanode-0/data/ratis/3b1c94d0-4c95-4d76-bf0a-9a81677653ed
2019-09-12 10:10:35,555 [pool-27-thread-1] INFO  server.RaftServerConfigKeys (ConfUtils.java:logGet(43)) - raft.server.log.queue.byte-limit = 2147483647 (custom)
2019-09-12 10:10:35,555 [pool-27-thread-1] INFO  server.RaftServerConfigKeys (ConfUtils.java:logGet(43)) - raft.server.log.queue.element-limit = 1024 (custom)
2019-09-12 10:10:35,555 [pool-27-thread-1] INFO  server.RaftServerConfigKeys (ConfUtils.java:logGet(43)) - raft.server.log.segment.size.max = 1048576 (custom)
2019-09-12 10:10:35,556 [pool-27-thread-1] INFO  server.RaftServerConfigKeys (ConfUtils.java:logGet(43)) - raft.server.log.preallocated.size = 16384 (custom)
2019-09-12 10:10:35,556 [pool-27-thread-1] INFO  server.RaftServerConfigKeys (ConfUtils.java:logGet(43)) - raft.server.log.write.buffer.size = 33554432 (custom)
2019-09-12 10:10:35,556 [pool-27-thread-1] INFO  server.RaftServerConfigKeys (ConfUtils.java:logGet(43)) - raft.server.log.force.sync.num = 128 (default)
2019-09-12 10:10:35,556 [pool-27-thread-1] INFO  server.RaftServerConfigKeys (ConfUtils.java:logGet(43)) - raft.server.log.statemachine.data.sync = true (default)
2019-09-12 10:10:35,556 [pool-27-thread-1] INFO  server.RaftServerConfigKeys (ConfUtils.java:logGet(43)) - raft.server.log.statemachine.data.sync.timeout = 10s (default)
2019-09-12 10:10:35,556 [pool-27-thread-1] INFO  server.RaftServerConfigKeys (ConfUtils.java:logGet(43)) - raft.server.log.statemachine.data.sync.timeout.retry = -1 (default)
2019-09-12 10:10:35,557 [pool-27-thread-1] INFO  server.RaftServerConfigKeys (ConfUtils.java:logGet(43)) - raft.server.log.statemachine.data.caching.enabled = true (custom)
2019-09-12 10:10:35,557 [pool-27-thread-1] INFO  segmented.SegmentedRaftLogWorker (SegmentedRaftLogWorker.java:lambda$new$0(132)) - db8f3dd9-b09f-4e42-bc8b-0b8816c9f45e-SegmentedRaftLogWorker:Storage Directory /workdir/hadoop-ozone/integration-test/target/test-dir/MiniOzoneClusterImpl-aa909d9c-8689-4ca6-a6e6-f667e4f57e2f/datanode-0/data/ratis/3b1c94d0-4c95-4d76-bf0a-9a81677653ed: flushIndex: setUnconditionally 0 -> -1
2019-09-12 10:10:35,557 [pool-27-thread-1] INFO  server.RaftServerConfigKeys (ConfUtils.java:logGet(43)) - raft.server.snapshot.auto.trigger.enabled = true (custom)
2019-09-12 10:10:35,557 [pool-27-thread-1] INFO  server.RaftServerConfigKeys (ConfUtils.java:logGet(43)) - raft.server.snapshot.auto.trigger.threshold = 10000 (custom)
2019-09-12 10:10:35,558 [pool-27-thread-1] INFO  server.RaftServerConfigKeys (ConfUtils.java:logGet(43)) - raft.server.retrycache.expirytime = 600000ms (custom)
2019-09-12 10:10:35,558 [pool-27-thread-1] INFO  impl.RaftServerImpl (RaftServerImpl.java:start(180)) - db8f3dd9-b09f-4e42-bc8b-0b8816c9f45e: start group-9A81677653ED
2019-09-12 10:10:35,558 [pool-27-thread-1] INFO  impl.RaftServerImpl (RaftServerImpl.java:setRole(171)) - db8f3dd9-b09f-4e42-bc8b-0b8816c9f45e:group-9A81677653ED changes role from null to FOLLOWER at term 0 for startAsFollower
2019-09-12 10:10:35,558 [pool-27-thread-1] INFO  impl.RoleInfo (RoleInfo.java:updateAndGet(143)) - db8f3dd9-b09f-4e42-bc8b-0b8816c9f45e: start FollowerState
2019-09-12 10:10:35,559 [pool-27-thread-1] INFO  util.JmxRegister (JmxRegister.java:tryRegister(44)) - Successfully registered JMX Bean with object name Ratis:service=RaftServer,group=group-9A81677653ED,id=db8f3dd9-b09f-4e42-bc8b-0b8816c9f45e
2019-09-12 10:10:35,564 [RatisPipelineUtilsThread] INFO  pipeline.PipelineStateManager (PipelineStateManager.java:addPipeline(56)) - Created pipeline Pipeline[ Id: 3b1c94d0-4c95-4d76-bf0a-9a81677653ed, Nodes: db8f3dd9-b09f-4e42-bc8b-0b8816c9f45e{ip: 192.168.36.114, host: pr-hdds-1569-58hkm-1881083799, networkLocation: /default-rack, certSerialId: null}, Type:RATIS, Factor:ONE, State:OPEN]
2019-09-12 10:10:35,565 [RatisPipelineUtilsThread] ERROR pipeline.PipelinePlacementPolicy (PipelinePlacementPolicy.java:meetCriteria(92)) - Pipeline Placement: Doesn't meet the criteria to be viable node. Heaviness: 6
2019-09-12 10:10:35,575 [grpc-default-executor-0] INFO  impl.RaftServerProxy (RaftServerProxy.java:addNew(89)) - c257187d-6013-41a0-a6c3-70113601683b: addNew group-3356E604FB5C:[c257187d-6013-41a0-a6c3-70113601683b:192.168.36.114:44904] returns group-3356E604FB5C:java.util.concurrent.CompletableFuture@18c25ce8[Not completed]
2019-09-12 10:10:35,579 [pool-71-thread-1] INFO  impl.RaftServerImpl (RaftServerImpl.java:<init>(93)) - c257187d-6013-41a0-a6c3-70113601683b: new RaftServerImpl for group-3356E604FB5C:[c257187d-6013-41a0-a6c3-70113601683b:192.168.36.114:44904] with ContainerStateMachine:uninitialized
2019-09-12 10:10:35,579 [pool-71-thread-1] INFO  server.RaftServerConfigKeys (ConfUtils.java:logGet(43)) - raft.server.rpc.timeout.min = 5s (custom)
2019-09-12 10:10:35,579 [pool-71-thread-1] INFO  server.RaftServerConfigKeys (ConfUtils.java:logGet(43)) - raft.server.rpc.timeout.max = 5200ms (custom)
2019-09-12 10:10:35,579 [pool-71-thread-1] INFO  server.RaftServerConfigKeys (ConfUtils.java:logGet(43)) - raft.server.rpcslowness.timeout = 120s (custom)
2019-09-12 10:10:35,579 [pool-71-thread-1] INFO  server.RaftServerConfigKeys (ConfUtils.java:logGet(43)) - raft.server.sleep.deviation.threshold = 300 (default)
2019-09-12 10:10:35,580 [pool-71-thread-1] INFO  server.RaftServerConfigKeys (ConfUtils.java:logGet(43)) - raft.server.log.appender.install.snapshot.enabled = false (custom)
2019-09-12 10:10:35,580 [pool-71-thread-1] INFO  impl.RaftServerImpl (ServerState.java:<init>(105)) - c257187d-6013-41a0-a6c3-70113601683b:group-3356E604FB5C ConfigurationManager, init=-1: [c257187d-6013-41a0-a6c3-70113601683b:192.168.36.114:44904], old=null, confs=<EMPTY_MAP>
2019-09-12 10:10:35,580 [pool-71-thread-1] INFO  server.RaftServerConfigKeys (ConfUtils.java:logGet(43)) - raft.server.storage.dir = [/workdir/hadoop-ozone/integration-test/target/test-dir/MiniOzoneClusterImpl-aa909d9c-8689-4ca6-a6e6-f667e4f57e2f/datanode-4/data/ratis] (custom)
2019-09-12 10:10:35,580 [pool-71-thread-1] INFO  storage.RaftStorageDirectory (RaftStorageDirectory.java:analyzeStorage(246)) - The storage directory /workdir/hadoop-ozone/integration-test/target/test-dir/MiniOzoneClusterImpl-aa909d9c-8689-4ca6-a6e6-f667e4f57e2f/datanode-4/data/ratis/04bc9588-4094-41d0-8111-3356e604fb5c does not exist. Creating ...
2019-09-12 10:10:35,631 [pool-71-thread-1] INFO  storage.RaftStorageDirectory (RaftStorageDirectory.java:tryLock(328)) - Lock on /workdir/hadoop-ozone/integration-test/target/test-dir/MiniOzoneClusterImpl-aa909d9c-8689-4ca6-a6e6-f667e4f57e2f/datanode-4/data/ratis/04bc9588-4094-41d0-8111-3356e604fb5c/in_use.lock acquired by nodename 5279@pr-hdds-1569-58hkm-1881083799
2019-09-12 10:10:35,692 [pool-71-thread-1] INFO  storage.RaftStorage (RaftStorage.java:format(72)) - Storage directory /workdir/hadoop-ozone/integration-test/target/test-dir/MiniOzoneClusterImpl-aa909d9c-8689-4ca6-a6e6-f667e4f57e2f/datanode-4/data/ratis/04bc9588-4094-41d0-8111-3356e604fb5c has been successfully formatted.
2019-09-12 10:10:35,692 [pool-71-thread-1] INFO  ratis.ContainerStateMachine (ContainerStateMachine.java:loadSnapshot(226)) - group-3356E604FB5C: The snapshot info is null. Setting the last applied indexto:(t:0, i:~)
2019-09-12 10:10:35,693 [pool-71-thread-1] INFO  server.RaftServerConfigKeys (ConfUtils.java:logGet(43)) - raft.server.leader.election.timeout = 120s (custom)
2019-09-12 10:10:35,693 [pool-71-thread-1] INFO  server.RaftServerConfigKeys (ConfUtils.java:logGet(43)) - raft.server.log.use.memory = false (default)
2019-09-12 10:10:35,693 [pool-71-thread-1] INFO  server.RaftServerConfigKeys (ConfUtils.java:logGet(43)) - raft.server.log.purge.gap = 1000000 (custom)
2019-09-12 10:10:35,693 [pool-71-thread-1] INFO  server.RaftServerConfigKeys (ConfUtils.java:logGet(43)) - raft.server.log.appender.buffer.byte-limit = 33554432 (custom)
2019-09-12 10:10:35,693 [pool-71-thread-1] INFO  server.RaftServerConfigKeys (ConfUtils.java:logGet(43)) - raft.server.log.segment.size.max = 1048576 (custom)
2019-09-12 10:10:35,694 [pool-71-thread-1] INFO  server.RaftServerConfigKeys (ConfUtils.java:logGet(43)) - raft.server.log.segment.cache.num.max = 2 (custom)
2019-09-12 10:10:35,694 [pool-71-thread-1] INFO  segmented.SegmentedRaftLogWorker (SegmentedRaftLogWorker.java:<init>(172)) - new c257187d-6013-41a0-a6c3-70113601683b-SegmentedRaftLogWorker:Storage Directory /workdir/hadoop-ozone/integration-test/target/test-dir/MiniOzoneClusterImpl-aa909d9c-8689-4ca6-a6e6-f667e4f57e2f/datanode-4/data/ratis/04bc9588-4094-41d0-8111-3356e604fb5c for RaftStorage:Storage Directory /workdir/hadoop-ozone/integration-test/target/test-dir/MiniOzoneClusterImpl-aa909d9c-8689-4ca6-a6e6-f667e4f57e2f/datanode-4/data/ratis/04bc9588-4094-41d0-8111-3356e604fb5c
2019-09-12 10:10:35,694 [pool-71-thread-1] INFO  server.RaftServerConfigKeys (ConfUtils.java:logGet(43)) - raft.server.log.queue.byte-limit = 2147483647 (custom)
2019-09-12 10:10:35,694 [pool-71-thread-1] INFO  server.RaftServerConfigKeys (ConfUtils.java:logGet(43)) - raft.server.log.queue.element-limit = 1024 (custom)
2019-09-12 10:10:35,695 [pool-71-thread-1] INFO  server.RaftServerConfigKeys (ConfUtils.java:logGet(43)) - raft.server.log.segment.size.max = 1048576 (custom)
2019-09-12 10:10:35,695 [pool-71-thread-1] INFO  server.RaftServerConfigKeys (ConfUtils.java:logGet(43)) - raft.server.log.preallocated.size = 16384 (custom)
2019-09-12 10:10:35,695 [pool-71-thread-1] INFO  server.RaftServerConfigKeys (ConfUtils.java:logGet(43)) - raft.server.log.write.buffer.size = 33554432 (custom)
2019-09-12 10:10:35,695 [pool-71-thread-1] INFO  server.RaftServerConfigKeys (ConfUtils.java:logGet(43)) - raft.server.log.force.sync.num = 128 (default)
2019-09-12 10:10:35,695 [pool-71-thread-1] INFO  server.RaftServerConfigKeys (ConfUtils.java:logGet(43)) - raft.server.log.statemachine.data.sync = true (default)
2019-09-12 10:10:35,695 [pool-71-thread-1] INFO  server.RaftServerConfigKeys (ConfUtils.java:logGet(43)) - raft.server.log.statemachine.data.sync.timeout = 10s (default)
2019-09-12 10:10:35,696 [pool-71-thread-1] INFO  server.RaftServerConfigKeys (ConfUtils.java:logGet(43)) - raft.server.log.statemachine.data.sync.timeout.retry = -1 (default)
2019-09-12 10:10:35,696 [pool-71-thread-1] INFO  server.RaftServerConfigKeys (ConfUtils.java:logGet(43)) - raft.server.log.statemachine.data.caching.enabled = true (custom)
2019-09-12 10:10:35,696 [pool-71-thread-1] INFO  segmented.SegmentedRaftLogWorker (SegmentedRaftLogWorker.java:lambda$new$0(132)) - c257187d-6013-41a0-a6c3-70113601683b-SegmentedRaftLogWorker:Storage Directory /workdir/hadoop-ozone/integration-test/target/test-dir/MiniOzoneClusterImpl-aa909d9c-8689-4ca6-a6e6-f667e4f57e2f/datanode-4/data/ratis/04bc9588-4094-41d0-8111-3356e604fb5c: flushIndex: setUnconditionally 0 -> -1
2019-09-12 10:10:35,697 [pool-71-thread-1] INFO  server.RaftServerConfigKeys (ConfUtils.java:logGet(43)) - raft.server.snapshot.auto.trigger.enabled = true (custom)
2019-09-12 10:10:35,697 [pool-71-thread-1] INFO  server.RaftServerConfigKeys (ConfUtils.java:logGet(43)) - raft.server.snapshot.auto.trigger.threshold = 10000 (custom)
2019-09-12 10:10:35,697 [pool-71-thread-1] INFO  server.RaftServerConfigKeys (ConfUtils.java:logGet(43)) - raft.server.retrycache.expirytime = 600000ms (custom)
2019-09-12 10:10:35,698 [pool-71-thread-1] INFO  impl.RaftServerImpl (RaftServerImpl.java:start(180)) - c257187d-6013-41a0-a6c3-70113601683b: start group-3356E604FB5C
2019-09-12 10:10:35,698 [pool-71-thread-1] INFO  impl.RaftServerImpl (RaftServerImpl.java:setRole(171)) - c257187d-6013-41a0-a6c3-70113601683b:group-3356E604FB5C changes role from null to FOLLOWER at term 0 for startAsFollower
2019-09-12 10:10:35,698 [pool-71-thread-1] INFO  impl.RoleInfo (RoleInfo.java:updateAndGet(143)) - c257187d-6013-41a0-a6c3-70113601683b: start FollowerState
2019-09-12 10:10:35,699 [pool-71-thread-1] INFO  util.JmxRegister (JmxRegister.java:tryRegister(44)) - Successfully registered JMX Bean with object name Ratis:service=RaftServer,group=group-3356E604FB5C,id=c257187d-6013-41a0-a6c3-70113601683b
2019-09-12 10:10:35,704 [RatisPipelineUtilsThread] INFO  pipeline.PipelineStateManager (PipelineStateManager.java:addPipeline(56)) - Created pipeline Pipeline[ Id: 04bc9588-4094-41d0-8111-3356e604fb5c, Nodes: c257187d-6013-41a0-a6c3-70113601683b{ip: 192.168.36.114, host: pr-hdds-1569-58hkm-1881083799, networkLocation: /default-rack, certSerialId: null}, Type:RATIS, Factor:ONE, State:OPEN]
2019-09-12 10:10:35,706 [RatisPipelineUtilsThread] ERROR pipeline.PipelinePlacementPolicy (PipelinePlacementPolicy.java:meetCriteria(92)) - Pipeline Placement: Doesn't meet the criteria to be viable node. Heaviness: 6
2019-09-12 10:10:35,718 [grpc-default-executor-0] INFO  impl.RaftServerProxy (RaftServerProxy.java:addNew(89)) - 8925b11b-15ee-4d46-98cb-9cc2d2f12dc3: addNew group-286112DD39FC:[8925b11b-15ee-4d46-98cb-9cc2d2f12dc3:192.168.36.114:36994] returns group-286112DD39FC:java.util.concurrent.CompletableFuture@ef12b69[Not completed]
2019-09-12 10:10:35,719 [pool-60-thread-1] INFO  impl.RaftServerImpl (RaftServerImpl.java:<init>(93)) - 8925b11b-15ee-4d46-98cb-9cc2d2f12dc3: new RaftServerImpl for group-286112DD39FC:[8925b11b-15ee-4d46-98cb-9cc2d2f12dc3:192.168.36.114:36994] with ContainerStateMachine:uninitialized
2019-09-12 10:10:35,719 [pool-60-thread-1] INFO  server.RaftServerConfigKeys (ConfUtils.java:logGet(43)) - raft.server.rpc.timeout.min = 5s (custom)
2019-09-12 10:10:35,720 [pool-60-thread-1] INFO  server.RaftServerConfigKeys (ConfUtils.java:logGet(43)) - raft.server.rpc.timeout.max = 5200ms (custom)
2019-09-12 10:10:35,720 [pool-60-thread-1] INFO  server.RaftServerConfigKeys (ConfUtils.java:logGet(43)) - raft.server.rpcslowness.timeout = 120s (custom)
2019-09-12 10:10:35,720 [pool-60-thread-1] INFO  server.RaftServerConfigKeys (ConfUtils.java:logGet(43)) - raft.server.sleep.deviation.threshold = 300 (default)
2019-09-12 10:10:35,720 [pool-60-thread-1] INFO  server.RaftServerConfigKeys (ConfUtils.java:logGet(43)) - raft.server.log.appender.install.snapshot.enabled = false (custom)
2019-09-12 10:10:35,720 [pool-60-thread-1] INFO  impl.RaftServerImpl (ServerState.java:<init>(105)) - 8925b11b-15ee-4d46-98cb-9cc2d2f12dc3:group-286112DD39FC ConfigurationManager, init=-1: [8925b11b-15ee-4d46-98cb-9cc2d2f12dc3:192.168.36.114:36994], old=null, confs=<EMPTY_MAP>
2019-09-12 10:10:35,720 [pool-60-thread-1] INFO  server.RaftServerConfigKeys (ConfUtils.java:logGet(43)) - raft.server.storage.dir = [/workdir/hadoop-ozone/integration-test/target/test-dir/MiniOzoneClusterImpl-aa909d9c-8689-4ca6-a6e6-f667e4f57e2f/datanode-3/data/ratis] (custom)
2019-09-12 10:10:35,721 [pool-60-thread-1] INFO  storage.RaftStorageDirectory (RaftStorageDirectory.java:analyzeStorage(246)) - The storage directory /workdir/hadoop-ozone/integration-test/target/test-dir/MiniOzoneClusterImpl-aa909d9c-8689-4ca6-a6e6-f667e4f57e2f/datanode-3/data/ratis/48d05117-fa95-41b3-af70-286112dd39fc does not exist. Creating ...
2019-09-12 10:10:35,733 [pool-60-thread-1] INFO  storage.RaftStorageDirectory (RaftStorageDirectory.java:tryLock(328)) - Lock on /workdir/hadoop-ozone/integration-test/target/test-dir/MiniOzoneClusterImpl-aa909d9c-8689-4ca6-a6e6-f667e4f57e2f/datanode-3/data/ratis/48d05117-fa95-41b3-af70-286112dd39fc/in_use.lock acquired by nodename 5279@pr-hdds-1569-58hkm-1881083799
2019-09-12 10:10:35,747 [pool-60-thread-1] INFO  storage.RaftStorage (RaftStorage.java:format(72)) - Storage directory /workdir/hadoop-ozone/integration-test/target/test-dir/MiniOzoneClusterImpl-aa909d9c-8689-4ca6-a6e6-f667e4f57e2f/datanode-3/data/ratis/48d05117-fa95-41b3-af70-286112dd39fc has been successfully formatted.
2019-09-12 10:10:35,747 [pool-60-thread-1] INFO  ratis.ContainerStateMachine (ContainerStateMachine.java:loadSnapshot(226)) - group-286112DD39FC: The snapshot info is null. Setting the last applied indexto:(t:0, i:~)
2019-09-12 10:10:35,748 [pool-60-thread-1] INFO  server.RaftServerConfigKeys (ConfUtils.java:logGet(43)) - raft.server.leader.election.timeout = 120s (custom)
2019-09-12 10:10:35,748 [pool-60-thread-1] INFO  server.RaftServerConfigKeys (ConfUtils.java:logGet(43)) - raft.server.log.use.memory = false (default)
2019-09-12 10:10:35,748 [pool-60-thread-1] INFO  server.RaftServerConfigKeys (ConfUtils.java:logGet(43)) - raft.server.log.purge.gap = 1000000 (custom)
2019-09-12 10:10:35,748 [pool-60-thread-1] INFO  server.RaftServerConfigKeys (ConfUtils.java:logGet(43)) - raft.server.log.appender.buffer.byte-limit = 33554432 (custom)
2019-09-12 10:10:35,748 [pool-60-thread-1] INFO  server.RaftServerConfigKeys (ConfUtils.java:logGet(43)) - raft.server.log.segment.size.max = 1048576 (custom)
2019-09-12 10:10:35,749 [pool-60-thread-1] INFO  server.RaftServerConfigKeys (ConfUtils.java:logGet(43)) - raft.server.log.segment.cache.num.max = 2 (custom)
2019-09-12 10:10:35,749 [pool-60-thread-1] INFO  segmented.SegmentedRaftLogWorker (SegmentedRaftLogWorker.java:<init>(172)) - new 8925b11b-15ee-4d46-98cb-9cc2d2f12dc3-SegmentedRaftLogWorker:Storage Directory /workdir/hadoop-ozone/integration-test/target/test-dir/MiniOzoneClusterImpl-aa909d9c-8689-4ca6-a6e6-f667e4f57e2f/datanode-3/data/ratis/48d05117-fa95-41b3-af70-286112dd39fc for RaftStorage:Storage Directory /workdir/hadoop-ozone/integration-test/target/test-dir/MiniOzoneClusterImpl-aa909d9c-8689-4ca6-a6e6-f667e4f57e2f/datanode-3/data/ratis/48d05117-fa95-41b3-af70-286112dd39fc
2019-09-12 10:10:35,749 [pool-60-thread-1] INFO  server.RaftServerConfigKeys (ConfUtils.java:logGet(43)) - raft.server.log.queue.byte-limit = 2147483647 (custom)
2019-09-12 10:10:35,749 [pool-60-thread-1] INFO  server.RaftServerConfigKeys (ConfUtils.java:logGet(43)) - raft.server.log.queue.element-limit = 1024 (custom)
2019-09-12 10:10:35,749 [pool-60-thread-1] INFO  server.RaftServerConfigKeys (ConfUtils.java:logGet(43)) - raft.server.log.segment.size.max = 1048576 (custom)
2019-09-12 10:10:35,750 [pool-60-thread-1] INFO  server.RaftServerConfigKeys (ConfUtils.java:logGet(43)) - raft.server.log.preallocated.size = 16384 (custom)
2019-09-12 10:10:35,750 [pool-60-thread-1] INFO  server.RaftServerConfigKeys (ConfUtils.java:logGet(43)) - raft.server.log.write.buffer.size = 33554432 (custom)
2019-09-12 10:10:35,750 [pool-60-thread-1] INFO  server.RaftServerConfigKeys (ConfUtils.java:logGet(43)) - raft.server.log.force.sync.num = 128 (default)
2019-09-12 10:10:35,750 [pool-60-thread-1] INFO  server.RaftServerConfigKeys (ConfUtils.java:logGet(43)) - raft.server.log.statemachine.data.sync = true (default)
2019-09-12 10:10:35,750 [pool-60-thread-1] INFO  server.RaftServerConfigKeys (ConfUtils.java:logGet(43)) - raft.server.log.statemachine.data.sync.timeout = 10s (default)
2019-09-12 10:10:35,751 [pool-60-thread-1] INFO  server.RaftServerConfigKeys (ConfUtils.java:logGet(43)) - raft.server.log.statemachine.data.sync.timeout.retry = -1 (default)
2019-09-12 10:10:35,751 [pool-60-thread-1] INFO  server.RaftServerConfigKeys (ConfUtils.java:logGet(43)) - raft.server.log.statemachine.data.caching.enabled = true (custom)
2019-09-12 10:10:35,751 [pool-60-thread-1] INFO  segmented.SegmentedRaftLogWorker (SegmentedRaftLogWorker.java:lambda$new$0(132)) - 8925b11b-15ee-4d46-98cb-9cc2d2f12dc3-SegmentedRaftLogWorker:Storage Directory /workdir/hadoop-ozone/integration-test/target/test-dir/MiniOzoneClusterImpl-aa909d9c-8689-4ca6-a6e6-f667e4f57e2f/datanode-3/data/ratis/48d05117-fa95-41b3-af70-286112dd39fc: flushIndex: setUnconditionally 0 -> -1
2019-09-12 10:10:35,752 [pool-60-thread-1] INFO  server.RaftServerConfigKeys (ConfUtils.java:logGet(43)) - raft.server.snapshot.auto.trigger.enabled = true (custom)
2019-09-12 10:10:35,752 [pool-60-thread-1] INFO  server.RaftServerConfigKeys (ConfUtils.java:logGet(43)) - raft.server.snapshot.auto.trigger.threshold = 10000 (custom)
2019-09-12 10:10:35,752 [pool-60-thread-1] INFO  server.RaftServerConfigKeys (ConfUtils.java:logGet(43)) - raft.server.retrycache.expirytime = 600000ms (custom)
2019-09-12 10:10:35,752 [pool-60-thread-1] INFO  impl.RaftServerImpl (RaftServerImpl.java:start(180)) - 8925b11b-15ee-4d46-98cb-9cc2d2f12dc3: start group-286112DD39FC
2019-09-12 10:10:35,753 [pool-60-thread-1] INFO  impl.RaftServerImpl (RaftServerImpl.java:setRole(171)) - 8925b11b-15ee-4d46-98cb-9cc2d2f12dc3:group-286112DD39FC changes role from null to FOLLOWER at term 0 for startAsFollower
2019-09-12 10:10:35,753 [pool-60-thread-1] INFO  impl.RoleInfo (RoleInfo.java:updateAndGet(143)) - 8925b11b-15ee-4d46-98cb-9cc2d2f12dc3: start FollowerState
2019-09-12 10:10:35,753 [pool-60-thread-1] INFO  util.JmxRegister (JmxRegister.java:tryRegister(44)) - Successfully registered JMX Bean with object name Ratis:service=RaftServer,group=group-286112DD39FC,id=8925b11b-15ee-4d46-98cb-9cc2d2f12dc3
2019-09-12 10:10:35,759 [RatisPipelineUtilsThread] INFO  pipeline.PipelineStateManager (PipelineStateManager.java:addPipeline(56)) - Created pipeline Pipeline[ Id: 48d05117-fa95-41b3-af70-286112dd39fc, Nodes: 8925b11b-15ee-4d46-98cb-9cc2d2f12dc3{ip: 192.168.36.114, host: pr-hdds-1569-58hkm-1881083799, networkLocation: /default-rack, certSerialId: null}, Type:RATIS, Factor:ONE, State:OPEN]
2019-09-12 10:10:35,761 [RatisPipelineUtilsThread] ERROR pipeline.PipelinePlacementPolicy (PipelinePlacementPolicy.java:meetCriteria(92)) - Pipeline Placement: Doesn't meet the criteria to be viable node. Heaviness: 6
2019-09-12 10:10:35,771 [grpc-default-executor-0] INFO  impl.RaftServerProxy (RaftServerProxy.java:addNew(89)) - bd0a38b2-0ade-4ab9-8ece-056daa626b99: addNew group-9B83D5F2D579:[bd0a38b2-0ade-4ab9-8ece-056daa626b99:192.168.36.114:44836] returns group-9B83D5F2D579:java.util.concurrent.CompletableFuture@3bf6fbe5[Not completed]
2019-09-12 10:10:35,773 [pool-49-thread-1] INFO  impl.RaftServerImpl (RaftServerImpl.java:<init>(93)) - bd0a38b2-0ade-4ab9-8ece-056daa626b99: new RaftServerImpl for group-9B83D5F2D579:[bd0a38b2-0ade-4ab9-8ece-056daa626b99:192.168.36.114:44836] with ContainerStateMachine:uninitialized
2019-09-12 10:10:35,773 [pool-49-thread-1] INFO  server.RaftServerConfigKeys (ConfUtils.java:logGet(43)) - raft.server.rpc.timeout.min = 5s (custom)
2019-09-12 10:10:35,773 [pool-49-thread-1] INFO  server.RaftServerConfigKeys (ConfUtils.java:logGet(43)) - raft.server.rpc.timeout.max = 5200ms (custom)
2019-09-12 10:10:35,773 [pool-49-thread-1] INFO  server.RaftServerConfigKeys (ConfUtils.java:logGet(43)) - raft.server.rpcslowness.timeout = 120s (custom)
2019-09-12 10:10:35,773 [pool-49-thread-1] INFO  server.RaftServerConfigKeys (ConfUtils.java:logGet(43)) - raft.server.sleep.deviation.threshold = 300 (default)
2019-09-12 10:10:35,774 [pool-49-thread-1] INFO  server.RaftServerConfigKeys (ConfUtils.java:logGet(43)) - raft.server.log.appender.install.snapshot.enabled = false (custom)
2019-09-12 10:10:35,774 [pool-49-thread-1] INFO  impl.RaftServerImpl (ServerState.java:<init>(105)) - bd0a38b2-0ade-4ab9-8ece-056daa626b99:group-9B83D5F2D579 ConfigurationManager, init=-1: [bd0a38b2-0ade-4ab9-8ece-056daa626b99:192.168.36.114:44836], old=null, confs=<EMPTY_MAP>
2019-09-12 10:10:35,774 [pool-49-thread-1] INFO  server.RaftServerConfigKeys (ConfUtils.java:logGet(43)) - raft.server.storage.dir = [/workdir/hadoop-ozone/integration-test/target/test-dir/MiniOzoneClusterImpl-aa909d9c-8689-4ca6-a6e6-f667e4f57e2f/datanode-2/data/ratis] (custom)
2019-09-12 10:10:35,774 [pool-49-thread-1] INFO  storage.RaftStorageDirectory (RaftStorageDirectory.java:analyzeStorage(246)) - The storage directory /workdir/hadoop-ozone/integration-test/target/test-dir/MiniOzoneClusterImpl-aa909d9c-8689-4ca6-a6e6-f667e4f57e2f/datanode-2/data/ratis/8cdd2fe7-46c7-4428-9166-9b83d5f2d579 does not exist. Creating ...
2019-09-12 10:10:35,842 [pool-49-thread-1] INFO  storage.RaftStorageDirectory (RaftStorageDirectory.java:tryLock(328)) - Lock on /workdir/hadoop-ozone/integration-test/target/test-dir/MiniOzoneClusterImpl-aa909d9c-8689-4ca6-a6e6-f667e4f57e2f/datanode-2/data/ratis/8cdd2fe7-46c7-4428-9166-9b83d5f2d579/in_use.lock acquired by nodename 5279@pr-hdds-1569-58hkm-1881083799
2019-09-12 10:10:35,884 [pool-49-thread-1] INFO  storage.RaftStorage (RaftStorage.java:format(72)) - Storage directory /workdir/hadoop-ozone/integration-test/target/test-dir/MiniOzoneClusterImpl-aa909d9c-8689-4ca6-a6e6-f667e4f57e2f/datanode-2/data/ratis/8cdd2fe7-46c7-4428-9166-9b83d5f2d579 has been successfully formatted.
2019-09-12 10:10:35,885 [pool-49-thread-1] INFO  ratis.ContainerStateMachine (ContainerStateMachine.java:loadSnapshot(226)) - group-9B83D5F2D579: The snapshot info is null. Setting the last applied indexto:(t:0, i:~)
2019-09-12 10:10:35,885 [pool-49-thread-1] INFO  server.RaftServerConfigKeys (ConfUtils.java:logGet(43)) - raft.server.leader.election.timeout = 120s (custom)
2019-09-12 10:10:35,885 [pool-49-thread-1] INFO  server.RaftServerConfigKeys (ConfUtils.java:logGet(43)) - raft.server.log.use.memory = false (default)
2019-09-12 10:10:35,885 [pool-49-thread-1] INFO  server.RaftServerConfigKeys (ConfUtils.java:logGet(43)) - raft.server.log.purge.gap = 1000000 (custom)
2019-09-12 10:10:35,885 [pool-49-thread-1] INFO  server.RaftServerConfigKeys (ConfUtils.java:logGet(43)) - raft.server.log.appender.buffer.byte-limit = 33554432 (custom)
2019-09-12 10:10:35,885 [pool-49-thread-1] INFO  server.RaftServerConfigKeys (ConfUtils.java:logGet(43)) - raft.server.log.segment.size.max = 1048576 (custom)
2019-09-12 10:10:35,886 [pool-49-thread-1] INFO  server.RaftServerConfigKeys (ConfUtils.java:logGet(43)) - raft.server.log.segment.cache.num.max = 2 (custom)
2019-09-12 10:10:35,886 [pool-49-thread-1] INFO  segmented.SegmentedRaftLogWorker (SegmentedRaftLogWorker.java:<init>(172)) - new bd0a38b2-0ade-4ab9-8ece-056daa626b99-SegmentedRaftLogWorker:Storage Directory /workdir/hadoop-ozone/integration-test/target/test-dir/MiniOzoneClusterImpl-aa909d9c-8689-4ca6-a6e6-f667e4f57e2f/datanode-2/data/ratis/8cdd2fe7-46c7-4428-9166-9b83d5f2d579 for RaftStorage:Storage Directory /workdir/hadoop-ozone/integration-test/target/test-dir/MiniOzoneClusterImpl-aa909d9c-8689-4ca6-a6e6-f667e4f57e2f/datanode-2/data/ratis/8cdd2fe7-46c7-4428-9166-9b83d5f2d579
2019-09-12 10:10:35,886 [pool-49-thread-1] INFO  server.RaftServerConfigKeys (ConfUtils.java:logGet(43)) - raft.server.log.queue.byte-limit = 2147483647 (custom)
2019-09-12 10:10:35,886 [pool-49-thread-1] INFO  server.RaftServerConfigKeys (ConfUtils.java:logGet(43)) - raft.server.log.queue.element-limit = 1024 (custom)
2019-09-12 10:10:35,886 [pool-49-thread-1] INFO  server.RaftServerConfigKeys (ConfUtils.java:logGet(43)) - raft.server.log.segment.size.max = 1048576 (custom)
2019-09-12 10:10:35,887 [pool-49-thread-1] INFO  server.RaftServerConfigKeys (ConfUtils.java:logGet(43)) - raft.server.log.preallocated.size = 16384 (custom)
2019-09-12 10:10:35,887 [pool-49-thread-1] INFO  server.RaftServerConfigKeys (ConfUtils.java:logGet(43)) - raft.server.log.write.buffer.size = 33554432 (custom)
2019-09-12 10:10:35,887 [pool-49-thread-1] INFO  server.RaftServerConfigKeys (ConfUtils.java:logGet(43)) - raft.server.log.force.sync.num = 128 (default)
2019-09-12 10:10:35,887 [pool-49-thread-1] INFO  server.RaftServerConfigKeys (ConfUtils.java:logGet(43)) - raft.server.log.statemachine.data.sync = true (default)
2019-09-12 10:10:35,887 [pool-49-thread-1] INFO  server.RaftServerConfigKeys (ConfUtils.java:logGet(43)) - raft.server.log.statemachine.data.sync.timeout = 10s (default)
2019-09-12 10:10:35,887 [pool-49-thread-1] INFO  server.RaftServerConfigKeys (ConfUtils.java:logGet(43)) - raft.server.log.statemachine.data.sync.timeout.retry = -1 (default)
2019-09-12 10:10:35,888 [pool-49-thread-1] INFO  server.RaftServerConfigKeys (ConfUtils.java:logGet(43)) - raft.server.log.statemachine.data.caching.enabled = true (custom)
2019-09-12 10:10:35,888 [pool-49-thread-1] INFO  segmented.SegmentedRaftLogWorker (SegmentedRaftLogWorker.java:lambda$new$0(132)) - bd0a38b2-0ade-4ab9-8ece-056daa626b99-SegmentedRaftLogWorker:Storage Directory /workdir/hadoop-ozone/integration-test/target/test-dir/MiniOzoneClusterImpl-aa909d9c-8689-4ca6-a6e6-f667e4f57e2f/datanode-2/data/ratis/8cdd2fe7-46c7-4428-9166-9b83d5f2d579: flushIndex: setUnconditionally 0 -> -1
2019-09-12 10:10:35,888 [pool-49-thread-1] INFO  server.RaftServerConfigKeys (ConfUtils.java:logGet(43)) - raft.server.snapshot.auto.trigger.enabled = true (custom)
2019-09-12 10:10:35,889 [pool-49-thread-1] INFO  server.RaftServerConfigKeys (ConfUtils.java:logGet(43)) - raft.server.snapshot.auto.trigger.threshold = 10000 (custom)
2019-09-12 10:10:35,889 [pool-49-thread-1] INFO  server.RaftServerConfigKeys (ConfUtils.java:logGet(43)) - raft.server.retrycache.expirytime = 600000ms (custom)
2019-09-12 10:10:35,889 [pool-49-thread-1] INFO  impl.RaftServerImpl (RaftServerImpl.java:start(180)) - bd0a38b2-0ade-4ab9-8ece-056daa626b99: start group-9B83D5F2D579
2019-09-12 10:10:35,889 [pool-49-thread-1] INFO  impl.RaftServerImpl (RaftServerImpl.java:setRole(171)) - bd0a38b2-0ade-4ab9-8ece-056daa626b99:group-9B83D5F2D579 changes role from null to FOLLOWER at term 0 for startAsFollower
2019-09-12 10:10:35,889 [pool-49-thread-1] INFO  impl.RoleInfo (RoleInfo.java:updateAndGet(143)) - bd0a38b2-0ade-4ab9-8ece-056daa626b99: start FollowerState
2019-09-12 10:10:35,890 [pool-49-thread-1] INFO  util.JmxRegister (JmxRegister.java:tryRegister(44)) - Successfully registered JMX Bean with object name Ratis:service=RaftServer,group=group-9B83D5F2D579,id=bd0a38b2-0ade-4ab9-8ece-056daa626b99
2019-09-12 10:10:35,896 [RatisPipelineUtilsThread] INFO  pipeline.PipelineStateManager (PipelineStateManager.java:addPipeline(56)) - Created pipeline Pipeline[ Id: 8cdd2fe7-46c7-4428-9166-9b83d5f2d579, Nodes: bd0a38b2-0ade-4ab9-8ece-056daa626b99{ip: 192.168.36.114, host: pr-hdds-1569-58hkm-1881083799, networkLocation: /default-rack, certSerialId: null}, Type:RATIS, Factor:ONE, State:OPEN]
2019-09-12 10:10:35,898 [RatisPipelineUtilsThread] ERROR pipeline.PipelinePlacementPolicy (PipelinePlacementPolicy.java:meetCriteria(92)) - Pipeline Placement: Doesn't meet the criteria to be viable node. Heaviness: 6
2019-09-12 10:10:35,924 [grpc-default-executor-0] INFO  impl.RaftServerProxy (RaftServerProxy.java:addNew(89)) - bd0a38b2-0ade-4ab9-8ece-056daa626b99: addNew group-B69845D4B72F:[bd0a38b2-0ade-4ab9-8ece-056daa626b99:192.168.36.114:44836] returns group-B69845D4B72F:java.util.concurrent.CompletableFuture@5dd15002[Not completed]
2019-09-12 10:10:35,925 [pool-49-thread-1] INFO  impl.RaftServerImpl (RaftServerImpl.java:<init>(93)) - bd0a38b2-0ade-4ab9-8ece-056daa626b99: new RaftServerImpl for group-B69845D4B72F:[bd0a38b2-0ade-4ab9-8ece-056daa626b99:192.168.36.114:44836] with ContainerStateMachine:uninitialized
2019-09-12 10:10:35,926 [pool-49-thread-1] INFO  server.RaftServerConfigKeys (ConfUtils.java:logGet(43)) - raft.server.rpc.timeout.min = 5s (custom)
2019-09-12 10:10:35,926 [pool-49-thread-1] INFO  server.RaftServerConfigKeys (ConfUtils.java:logGet(43)) - raft.server.rpc.timeout.max = 5200ms (custom)
2019-09-12 10:10:35,926 [pool-49-thread-1] INFO  server.RaftServerConfigKeys (ConfUtils.java:logGet(43)) - raft.server.rpcslowness.timeout = 120s (custom)
2019-09-12 10:10:35,926 [pool-49-thread-1] INFO  server.RaftServerConfigKeys (ConfUtils.java:logGet(43)) - raft.server.sleep.deviation.threshold = 300 (default)
2019-09-12 10:10:35,926 [pool-49-thread-1] INFO  server.RaftServerConfigKeys (ConfUtils.java:logGet(43)) - raft.server.log.appender.install.snapshot.enabled = false (custom)
2019-09-12 10:10:35,926 [pool-49-thread-1] INFO  impl.RaftServerImpl (ServerState.java:<init>(105)) - bd0a38b2-0ade-4ab9-8ece-056daa626b99:group-B69845D4B72F ConfigurationManager, init=-1: [bd0a38b2-0ade-4ab9-8ece-056daa626b99:192.168.36.114:44836], old=null, confs=<EMPTY_MAP>
2019-09-12 10:10:35,927 [pool-49-thread-1] INFO  server.RaftServerConfigKeys (ConfUtils.java:logGet(43)) - raft.server.storage.dir = [/workdir/hadoop-ozone/integration-test/target/test-dir/MiniOzoneClusterImpl-aa909d9c-8689-4ca6-a6e6-f667e4f57e2f/datanode-2/data/ratis] (custom)
2019-09-12 10:10:35,927 [pool-49-thread-1] INFO  storage.RaftStorageDirectory (RaftStorageDirectory.java:analyzeStorage(246)) - The storage directory /workdir/hadoop-ozone/integration-test/target/test-dir/MiniOzoneClusterImpl-aa909d9c-8689-4ca6-a6e6-f667e4f57e2f/datanode-2/data/ratis/f6eb37ac-50b2-4e9c-acfd-b69845d4b72f does not exist. Creating ...
2019-09-12 10:10:35,979 [pool-49-thread-1] INFO  storage.RaftStorageDirectory (RaftStorageDirectory.java:tryLock(328)) - Lock on /workdir/hadoop-ozone/integration-test/target/test-dir/MiniOzoneClusterImpl-aa909d9c-8689-4ca6-a6e6-f667e4f57e2f/datanode-2/data/ratis/f6eb37ac-50b2-4e9c-acfd-b69845d4b72f/in_use.lock acquired by nodename 5279@pr-hdds-1569-58hkm-1881083799
2019-09-12 10:10:35,992 [pool-49-thread-1] INFO  storage.RaftStorage (RaftStorage.java:format(72)) - Storage directory /workdir/hadoop-ozone/integration-test/target/test-dir/MiniOzoneClusterImpl-aa909d9c-8689-4ca6-a6e6-f667e4f57e2f/datanode-2/data/ratis/f6eb37ac-50b2-4e9c-acfd-b69845d4b72f has been successfully formatted.
2019-09-12 10:10:35,992 [pool-49-thread-1] INFO  ratis.ContainerStateMachine (ContainerStateMachine.java:loadSnapshot(226)) - group-B69845D4B72F: The snapshot info is null. Setting the last applied indexto:(t:0, i:~)
2019-09-12 10:10:35,993 [pool-49-thread-1] INFO  server.RaftServerConfigKeys (ConfUtils.java:logGet(43)) - raft.server.leader.election.timeout = 120s (custom)
2019-09-12 10:10:35,993 [pool-49-thread-1] INFO  server.RaftServerConfigKeys (ConfUtils.java:logGet(43)) - raft.server.log.use.memory = false (default)
2019-09-12 10:10:35,993 [pool-49-thread-1] INFO  server.RaftServerConfigKeys (ConfUtils.java:logGet(43)) - raft.server.log.purge.gap = 1000000 (custom)
2019-09-12 10:10:35,993 [pool-49-thread-1] INFO  server.RaftServerConfigKeys (ConfUtils.java:logGet(43)) - raft.server.log.appender.buffer.byte-limit = 33554432 (custom)
2019-09-12 10:10:35,993 [pool-49-thread-1] INFO  server.RaftServerConfigKeys (ConfUtils.java:logGet(43)) - raft.server.log.segment.size.max = 1048576 (custom)
2019-09-12 10:10:35,994 [pool-49-thread-1] INFO  server.RaftServerConfigKeys (ConfUtils.java:logGet(43)) - raft.server.log.segment.cache.num.max = 2 (custom)
2019-09-12 10:10:35,994 [pool-49-thread-1] INFO  segmented.SegmentedRaftLogWorker (SegmentedRaftLogWorker.java:<init>(172)) - new bd0a38b2-0ade-4ab9-8ece-056daa626b99-SegmentedRaftLogWorker:Storage Directory /workdir/hadoop-ozone/integration-test/target/test-dir/MiniOzoneClusterImpl-aa909d9c-8689-4ca6-a6e6-f667e4f57e2f/datanode-2/data/ratis/f6eb37ac-50b2-4e9c-acfd-b69845d4b72f for RaftStorage:Storage Directory /workdir/hadoop-ozone/integration-test/target/test-dir/MiniOzoneClusterImpl-aa909d9c-8689-4ca6-a6e6-f667e4f57e2f/datanode-2/data/ratis/f6eb37ac-50b2-4e9c-acfd-b69845d4b72f
2019-09-12 10:10:35,994 [pool-49-thread-1] INFO  server.RaftServerConfigKeys (ConfUtils.java:logGet(43)) - raft.server.log.queue.byte-limit = 2147483647 (custom)
2019-09-12 10:10:35,994 [pool-49-thread-1] INFO  server.RaftServerConfigKeys (ConfUtils.java:logGet(43)) - raft.server.log.queue.element-limit = 1024 (custom)
2019-09-12 10:10:35,994 [pool-49-thread-1] INFO  server.RaftServerConfigKeys (ConfUtils.java:logGet(43)) - raft.server.log.segment.size.max = 1048576 (custom)
2019-09-12 10:10:35,995 [pool-49-thread-1] INFO  server.RaftServerConfigKeys (ConfUtils.java:logGet(43)) - raft.server.log.preallocated.size = 16384 (custom)
2019-09-12 10:10:35,995 [pool-49-thread-1] INFO  server.RaftServerConfigKeys (ConfUtils.java:logGet(43)) - raft.server.log.write.buffer.size = 33554432 (custom)
2019-09-12 10:10:35,995 [pool-49-thread-1] INFO  server.RaftServerConfigKeys (ConfUtils.java:logGet(43)) - raft.server.log.force.sync.num = 128 (default)
2019-09-12 10:10:35,995 [pool-49-thread-1] INFO  server.RaftServerConfigKeys (ConfUtils.java:logGet(43)) - raft.server.log.statemachine.data.sync = true (default)
2019-09-12 10:10:35,995 [pool-49-thread-1] INFO  server.RaftServerConfigKeys (ConfUtils.java:logGet(43)) - raft.server.log.statemachine.data.sync.timeout = 10s (default)
2019-09-12 10:10:35,995 [pool-49-thread-1] INFO  server.RaftServerConfigKeys (ConfUtils.java:logGet(43)) - raft.server.log.statemachine.data.sync.timeout.retry = -1 (default)
2019-09-12 10:10:35,996 [pool-49-thread-1] INFO  server.RaftServerConfigKeys (ConfUtils.java:logGet(43)) - raft.server.log.statemachine.data.caching.enabled = true (custom)
2019-09-12 10:10:35,996 [pool-49-thread-1] INFO  segmented.SegmentedRaftLogWorker (SegmentedRaftLogWorker.java:lambda$new$0(132)) - bd0a38b2-0ade-4ab9-8ece-056daa626b99-SegmentedRaftLogWorker:Storage Directory /workdir/hadoop-ozone/integration-test/target/test-dir/MiniOzoneClusterImpl-aa909d9c-8689-4ca6-a6e6-f667e4f57e2f/datanode-2/data/ratis/f6eb37ac-50b2-4e9c-acfd-b69845d4b72f: flushIndex: setUnconditionally 0 -> -1
2019-09-12 10:10:35,997 [pool-49-thread-1] INFO  server.RaftServerConfigKeys (ConfUtils.java:logGet(43)) - raft.server.snapshot.auto.trigger.enabled = true (custom)
2019-09-12 10:10:35,997 [pool-49-thread-1] INFO  server.RaftServerConfigKeys (ConfUtils.java:logGet(43)) - raft.server.snapshot.auto.trigger.threshold = 10000 (custom)
2019-09-12 10:10:35,997 [pool-49-thread-1] INFO  server.RaftServerConfigKeys (ConfUtils.java:logGet(43)) - raft.server.retrycache.expirytime = 600000ms (custom)
2019-09-12 10:10:35,997 [pool-49-thread-1] INFO  impl.RaftServerImpl (RaftServerImpl.java:start(180)) - bd0a38b2-0ade-4ab9-8ece-056daa626b99: start group-B69845D4B72F
2019-09-12 10:10:35,997 [pool-49-thread-1] INFO  impl.RaftServerImpl (RaftServerImpl.java:setRole(171)) - bd0a38b2-0ade-4ab9-8ece-056daa626b99:group-B69845D4B72F changes role from null to FOLLOWER at term 0 for startAsFollower
2019-09-12 10:10:35,998 [pool-49-thread-1] INFO  impl.RoleInfo (RoleInfo.java:updateAndGet(143)) - bd0a38b2-0ade-4ab9-8ece-056daa626b99: start FollowerState
2019-09-12 10:10:36,004 [pool-49-thread-1] INFO  util.JmxRegister (JmxRegister.java:tryRegister(44)) - Successfully registered JMX Bean with object name Ratis:service=RaftServer,group=group-B69845D4B72F,id=bd0a38b2-0ade-4ab9-8ece-056daa626b99
2019-09-12 10:10:36,020 [RatisPipelineUtilsThread] INFO  pipeline.PipelineStateManager (PipelineStateManager.java:addPipeline(56)) - Created pipeline Pipeline[ Id: f6eb37ac-50b2-4e9c-acfd-b69845d4b72f, Nodes: bd0a38b2-0ade-4ab9-8ece-056daa626b99{ip: 192.168.36.114, host: pr-hdds-1569-58hkm-1881083799, networkLocation: /default-rack, certSerialId: null}, Type:RATIS, Factor:ONE, State:OPEN]
2019-09-12 10:10:36,024 [RatisPipelineUtilsThread] ERROR pipeline.PipelinePlacementPolicy (PipelinePlacementPolicy.java:meetCriteria(92)) - Pipeline Placement: Doesn't meet the criteria to be viable node. Heaviness: 6
2019-09-12 10:10:36,033 [grpc-default-executor-0] INFO  impl.RaftServerProxy (RaftServerProxy.java:addNew(89)) - cc61ee54-953f-4ef7-b7e3-d5c043f839cb: addNew group-1B898C295A13:[cc61ee54-953f-4ef7-b7e3-d5c043f839cb:192.168.36.114:41082] returns group-1B898C295A13:java.util.concurrent.CompletableFuture@2e73d96a[Not completed]
2019-09-12 10:10:36,036 [pool-38-thread-1] INFO  impl.RaftServerImpl (RaftServerImpl.java:<init>(93)) - cc61ee54-953f-4ef7-b7e3-d5c043f839cb: new RaftServerImpl for group-1B898C295A13:[cc61ee54-953f-4ef7-b7e3-d5c043f839cb:192.168.36.114:41082] with ContainerStateMachine:uninitialized
2019-09-12 10:10:36,037 [pool-38-thread-1] INFO  server.RaftServerConfigKeys (ConfUtils.java:logGet(43)) - raft.server.rpc.timeout.min = 5s (custom)
2019-09-12 10:10:36,037 [pool-38-thread-1] INFO  server.RaftServerConfigKeys (ConfUtils.java:logGet(43)) - raft.server.rpc.timeout.max = 5200ms (custom)
2019-09-12 10:10:36,037 [pool-38-thread-1] INFO  server.RaftServerConfigKeys (ConfUtils.java:logGet(43)) - raft.server.rpcslowness.timeout = 120s (custom)
2019-09-12 10:10:36,037 [pool-38-thread-1] INFO  server.RaftServerConfigKeys (ConfUtils.java:logGet(43)) - raft.server.sleep.deviation.threshold = 300 (default)
2019-09-12 10:10:36,037 [pool-38-thread-1] INFO  server.RaftServerConfigKeys (ConfUtils.java:logGet(43)) - raft.server.log.appender.install.snapshot.enabled = false (custom)
2019-09-12 10:10:36,037 [pool-38-thread-1] INFO  impl.RaftServerImpl (ServerState.java:<init>(105)) - cc61ee54-953f-4ef7-b7e3-d5c043f839cb:group-1B898C295A13 ConfigurationManager, init=-1: [cc61ee54-953f-4ef7-b7e3-d5c043f839cb:192.168.36.114:41082], old=null, confs=<EMPTY_MAP>
2019-09-12 10:10:36,038 [pool-38-thread-1] INFO  server.RaftServerConfigKeys (ConfUtils.java:logGet(43)) - raft.server.storage.dir = [/workdir/hadoop-ozone/integration-test/target/test-dir/MiniOzoneClusterImpl-aa909d9c-8689-4ca6-a6e6-f667e4f57e2f/datanode-1/data/ratis] (custom)
2019-09-12 10:10:36,038 [pool-38-thread-1] INFO  storage.RaftStorageDirectory (RaftStorageDirectory.java:analyzeStorage(246)) - The storage directory /workdir/hadoop-ozone/integration-test/target/test-dir/MiniOzoneClusterImpl-aa909d9c-8689-4ca6-a6e6-f667e4f57e2f/datanode-1/data/ratis/968f2ee8-217d-434e-b59c-1b898c295a13 does not exist. Creating ...
2019-09-12 10:10:36,051 [pool-38-thread-1] INFO  storage.RaftStorageDirectory (RaftStorageDirectory.java:tryLock(328)) - Lock on /workdir/hadoop-ozone/integration-test/target/test-dir/MiniOzoneClusterImpl-aa909d9c-8689-4ca6-a6e6-f667e4f57e2f/datanode-1/data/ratis/968f2ee8-217d-434e-b59c-1b898c295a13/in_use.lock acquired by nodename 5279@pr-hdds-1569-58hkm-1881083799
2019-09-12 10:10:36,065 [pool-38-thread-1] INFO  storage.RaftStorage (RaftStorage.java:format(72)) - Storage directory /workdir/hadoop-ozone/integration-test/target/test-dir/MiniOzoneClusterImpl-aa909d9c-8689-4ca6-a6e6-f667e4f57e2f/datanode-1/data/ratis/968f2ee8-217d-434e-b59c-1b898c295a13 has been successfully formatted.
2019-09-12 10:10:36,065 [pool-38-thread-1] INFO  ratis.ContainerStateMachine (ContainerStateMachine.java:loadSnapshot(226)) - group-1B898C295A13: The snapshot info is null. Setting the last applied indexto:(t:0, i:~)
2019-09-12 10:10:36,065 [pool-38-thread-1] INFO  server.RaftServerConfigKeys (ConfUtils.java:logGet(43)) - raft.server.leader.election.timeout = 120s (custom)
2019-09-12 10:10:36,065 [pool-38-thread-1] INFO  server.RaftServerConfigKeys (ConfUtils.java:logGet(43)) - raft.server.log.use.memory = false (default)
2019-09-12 10:10:36,066 [pool-38-thread-1] INFO  server.RaftServerConfigKeys (ConfUtils.java:logGet(43)) - raft.server.log.purge.gap = 1000000 (custom)
2019-09-12 10:10:36,067 [pool-38-thread-1] INFO  server.RaftServerConfigKeys (ConfUtils.java:logGet(43)) - raft.server.log.appender.buffer.byte-limit = 33554432 (custom)
2019-09-12 10:10:36,067 [pool-38-thread-1] INFO  server.RaftServerConfigKeys (ConfUtils.java:logGet(43)) - raft.server.log.segment.size.max = 1048576 (custom)
2019-09-12 10:10:36,072 | INFO  | SCMAudit | user=jenkins1000 | ip=192.168.36.114 | op=SEND_HEARTBEAT {datanodeUUID=8925b11b-15ee-4d46-98cb-9cc2d2f12dc3, command=[]} | ret=SUCCESS |  
2019-09-12 10:10:36,072 [pool-38-thread-1] INFO  server.RaftServerConfigKeys (ConfUtils.java:logGet(43)) - raft.server.log.segment.cache.num.max = 2 (custom)
2019-09-12 10:10:36,072 [pool-38-thread-1] INFO  segmented.SegmentedRaftLogWorker (SegmentedRaftLogWorker.java:<init>(172)) - new cc61ee54-953f-4ef7-b7e3-d5c043f839cb-SegmentedRaftLogWorker:Storage Directory /workdir/hadoop-ozone/integration-test/target/test-dir/MiniOzoneClusterImpl-aa909d9c-8689-4ca6-a6e6-f667e4f57e2f/datanode-1/data/ratis/968f2ee8-217d-434e-b59c-1b898c295a13 for RaftStorage:Storage Directory /workdir/hadoop-ozone/integration-test/target/test-dir/MiniOzoneClusterImpl-aa909d9c-8689-4ca6-a6e6-f667e4f57e2f/datanode-1/data/ratis/968f2ee8-217d-434e-b59c-1b898c295a13
2019-09-12 10:10:36,073 [pool-38-thread-1] INFO  server.RaftServerConfigKeys (ConfUtils.java:logGet(43)) - raft.server.log.queue.byte-limit = 2147483647 (custom)
2019-09-12 10:10:36,073 [pool-38-thread-1] INFO  server.RaftServerConfigKeys (ConfUtils.java:logGet(43)) - raft.server.log.queue.element-limit = 1024 (custom)
2019-09-12 10:10:36,073 | INFO  | SCMAudit | user=jenkins1000 | ip=192.168.36.114 | op=SEND_HEARTBEAT {datanodeUUID=bd0a38b2-0ade-4ab9-8ece-056daa626b99, command=[]} | ret=SUCCESS |  
2019-09-12 10:10:36,073 [pool-38-thread-1] INFO  server.RaftServerConfigKeys (ConfUtils.java:logGet(43)) - raft.server.log.segment.size.max = 1048576 (custom)
2019-09-12 10:10:36,073 [pool-38-thread-1] INFO  server.RaftServerConfigKeys (ConfUtils.java:logGet(43)) - raft.server.log.preallocated.size = 16384 (custom)
2019-09-12 10:10:36,073 [pool-38-thread-1] INFO  server.RaftServerConfigKeys (ConfUtils.java:logGet(43)) - raft.server.log.write.buffer.size = 33554432 (custom)
2019-09-12 10:10:36,073 [pool-38-thread-1] INFO  server.RaftServerConfigKeys (ConfUtils.java:logGet(43)) - raft.server.log.force.sync.num = 128 (default)
2019-09-12 10:10:36,074 [pool-38-thread-1] INFO  server.RaftServerConfigKeys (ConfUtils.java:logGet(43)) - raft.server.log.statemachine.data.sync = true (default)
2019-09-12 10:10:36,074 [pool-38-thread-1] INFO  server.RaftServerConfigKeys (ConfUtils.java:logGet(43)) - raft.server.log.statemachine.data.sync.timeout = 10s (default)
2019-09-12 10:10:36,074 [pool-38-thread-1] INFO  server.RaftServerConfigKeys (ConfUtils.java:logGet(43)) - raft.server.log.statemachine.data.sync.timeout.retry = -1 (default)
2019-09-12 10:10:36,074 [pool-38-thread-1] INFO  server.RaftServerConfigKeys (ConfUtils.java:logGet(43)) - raft.server.log.statemachine.data.caching.enabled = true (custom)
2019-09-12 10:10:36,075 [pool-38-thread-1] INFO  segmented.SegmentedRaftLogWorker (SegmentedRaftLogWorker.java:lambda$new$0(132)) - cc61ee54-953f-4ef7-b7e3-d5c043f839cb-SegmentedRaftLogWorker:Storage Directory /workdir/hadoop-ozone/integration-test/target/test-dir/MiniOzoneClusterImpl-aa909d9c-8689-4ca6-a6e6-f667e4f57e2f/datanode-1/data/ratis/968f2ee8-217d-434e-b59c-1b898c295a13: flushIndex: setUnconditionally 0 -> -1
2019-09-12 10:10:36,075 [pool-38-thread-1] INFO  server.RaftServerConfigKeys (ConfUtils.java:logGet(43)) - raft.server.snapshot.auto.trigger.enabled = true (custom)
2019-09-12 10:10:36,075 [pool-38-thread-1] INFO  server.RaftServerConfigKeys (ConfUtils.java:logGet(43)) - raft.server.snapshot.auto.trigger.threshold = 10000 (custom)
2019-09-12 10:10:36,075 [pool-38-thread-1] INFO  server.RaftServerConfigKeys (ConfUtils.java:logGet(43)) - raft.server.retrycache.expirytime = 600000ms (custom)
2019-09-12 10:10:36,076 [pool-38-thread-1] INFO  impl.RaftServerImpl (RaftServerImpl.java:start(180)) - cc61ee54-953f-4ef7-b7e3-d5c043f839cb: start group-1B898C295A13
2019-09-12 10:10:36,076 [pool-38-thread-1] INFO  impl.RaftServerImpl (RaftServerImpl.java:setRole(171)) - cc61ee54-953f-4ef7-b7e3-d5c043f839cb:group-1B898C295A13 changes role from null to FOLLOWER at term 0 for startAsFollower
2019-09-12 10:10:36,076 [pool-38-thread-1] INFO  impl.RoleInfo (RoleInfo.java:updateAndGet(143)) - cc61ee54-953f-4ef7-b7e3-d5c043f839cb: start FollowerState
2019-09-12 10:10:36,077 [pool-38-thread-1] INFO  util.JmxRegister (JmxRegister.java:tryRegister(44)) - Successfully registered JMX Bean with object name Ratis:service=RaftServer,group=group-1B898C295A13,id=cc61ee54-953f-4ef7-b7e3-d5c043f839cb
2019-09-12 10:10:36,081 [RatisPipelineUtilsThread] INFO  pipeline.PipelineStateManager (PipelineStateManager.java:addPipeline(56)) - Created pipeline Pipeline[ Id: 968f2ee8-217d-434e-b59c-1b898c295a13, Nodes: cc61ee54-953f-4ef7-b7e3-d5c043f839cb{ip: 192.168.36.114, host: pr-hdds-1569-58hkm-1881083799, networkLocation: /default-rack, certSerialId: null}, Type:RATIS, Factor:ONE, State:OPEN]
2019-09-12 10:10:36,083 [RatisPipelineUtilsThread] ERROR pipeline.PipelinePlacementPolicy (PipelinePlacementPolicy.java:meetCriteria(92)) - Pipeline Placement: Doesn't meet the criteria to be viable node. Heaviness: 6
2019-09-12 10:10:36,094 [grpc-default-executor-0] INFO  impl.RaftServerProxy (RaftServerProxy.java:addNew(89)) - 8925b11b-15ee-4d46-98cb-9cc2d2f12dc3: addNew group-728ADB1DD4F8:[8925b11b-15ee-4d46-98cb-9cc2d2f12dc3:192.168.36.114:36994] returns group-728ADB1DD4F8:java.util.concurrent.CompletableFuture@47a59b0f[Not completed]
2019-09-12 10:10:36,096 [pool-60-thread-1] INFO  impl.RaftServerImpl (RaftServerImpl.java:<init>(93)) - 8925b11b-15ee-4d46-98cb-9cc2d2f12dc3: new RaftServerImpl for group-728ADB1DD4F8:[8925b11b-15ee-4d46-98cb-9cc2d2f12dc3:192.168.36.114:36994] with ContainerStateMachine:uninitialized
2019-09-12 10:10:36,096 [pool-60-thread-1] INFO  server.RaftServerConfigKeys (ConfUtils.java:logGet(43)) - raft.server.rpc.timeout.min = 5s (custom)
2019-09-12 10:10:36,096 [pool-60-thread-1] INFO  server.RaftServerConfigKeys (ConfUtils.java:logGet(43)) - raft.server.rpc.timeout.max = 5200ms (custom)
2019-09-12 10:10:36,096 [pool-60-thread-1] INFO  server.RaftServerConfigKeys (ConfUtils.java:logGet(43)) - raft.server.rpcslowness.timeout = 120s (custom)
2019-09-12 10:10:36,096 [pool-60-thread-1] INFO  server.RaftServerConfigKeys (ConfUtils.java:logGet(43)) - raft.server.sleep.deviation.threshold = 300 (default)
2019-09-12 10:10:36,096 [pool-60-thread-1] INFO  server.RaftServerConfigKeys (ConfUtils.java:logGet(43)) - raft.server.log.appender.install.snapshot.enabled = false (custom)
2019-09-12 10:10:36,097 [pool-60-thread-1] INFO  impl.RaftServerImpl (ServerState.java:<init>(105)) - 8925b11b-15ee-4d46-98cb-9cc2d2f12dc3:group-728ADB1DD4F8 ConfigurationManager, init=-1: [8925b11b-15ee-4d46-98cb-9cc2d2f12dc3:192.168.36.114:36994], old=null, confs=<EMPTY_MAP>
2019-09-12 10:10:36,097 [pool-60-thread-1] INFO  server.RaftServerConfigKeys (ConfUtils.java:logGet(43)) - raft.server.storage.dir = [/workdir/hadoop-ozone/integration-test/target/test-dir/MiniOzoneClusterImpl-aa909d9c-8689-4ca6-a6e6-f667e4f57e2f/datanode-3/data/ratis] (custom)
2019-09-12 10:10:36,097 [pool-60-thread-1] INFO  storage.RaftStorageDirectory (RaftStorageDirectory.java:analyzeStorage(246)) - The storage directory /workdir/hadoop-ozone/integration-test/target/test-dir/MiniOzoneClusterImpl-aa909d9c-8689-4ca6-a6e6-f667e4f57e2f/datanode-3/data/ratis/43aedc6d-693f-456b-9210-728adb1dd4f8 does not exist. Creating ...
2019-09-12 10:10:36,137 [pool-60-thread-1] INFO  storage.RaftStorageDirectory (RaftStorageDirectory.java:tryLock(328)) - Lock on /workdir/hadoop-ozone/integration-test/target/test-dir/MiniOzoneClusterImpl-aa909d9c-8689-4ca6-a6e6-f667e4f57e2f/datanode-3/data/ratis/43aedc6d-693f-456b-9210-728adb1dd4f8/in_use.lock acquired by nodename 5279@pr-hdds-1569-58hkm-1881083799
2019-09-12 10:10:36,176 [pool-60-thread-1] INFO  storage.RaftStorage (RaftStorage.java:format(72)) - Storage directory /workdir/hadoop-ozone/integration-test/target/test-dir/MiniOzoneClusterImpl-aa909d9c-8689-4ca6-a6e6-f667e4f57e2f/datanode-3/data/ratis/43aedc6d-693f-456b-9210-728adb1dd4f8 has been successfully formatted.
2019-09-12 10:10:36,176 [pool-60-thread-1] INFO  ratis.ContainerStateMachine (ContainerStateMachine.java:loadSnapshot(226)) - group-728ADB1DD4F8: The snapshot info is null. Setting the last applied indexto:(t:0, i:~)
2019-09-12 10:10:36,177 [pool-60-thread-1] INFO  server.RaftServerConfigKeys (ConfUtils.java:logGet(43)) - raft.server.leader.election.timeout = 120s (custom)
2019-09-12 10:10:36,177 [pool-60-thread-1] INFO  server.RaftServerConfigKeys (ConfUtils.java:logGet(43)) - raft.server.log.use.memory = false (default)
2019-09-12 10:10:36,177 [pool-60-thread-1] INFO  server.RaftServerConfigKeys (ConfUtils.java:logGet(43)) - raft.server.log.purge.gap = 1000000 (custom)
2019-09-12 10:10:36,177 [pool-60-thread-1] INFO  server.RaftServerConfigKeys (ConfUtils.java:logGet(43)) - raft.server.log.appender.buffer.byte-limit = 33554432 (custom)
2019-09-12 10:10:36,177 [pool-60-thread-1] INFO  server.RaftServerConfigKeys (ConfUtils.java:logGet(43)) - raft.server.log.segment.size.max = 1048576 (custom)
2019-09-12 10:10:36,177 [pool-60-thread-1] INFO  server.RaftServerConfigKeys (ConfUtils.java:logGet(43)) - raft.server.log.segment.cache.num.max = 2 (custom)
2019-09-12 10:10:36,177 [pool-60-thread-1] INFO  segmented.SegmentedRaftLogWorker (SegmentedRaftLogWorker.java:<init>(172)) - new 8925b11b-15ee-4d46-98cb-9cc2d2f12dc3-SegmentedRaftLogWorker:Storage Directory /workdir/hadoop-ozone/integration-test/target/test-dir/MiniOzoneClusterImpl-aa909d9c-8689-4ca6-a6e6-f667e4f57e2f/datanode-3/data/ratis/43aedc6d-693f-456b-9210-728adb1dd4f8 for RaftStorage:Storage Directory /workdir/hadoop-ozone/integration-test/target/test-dir/MiniOzoneClusterImpl-aa909d9c-8689-4ca6-a6e6-f667e4f57e2f/datanode-3/data/ratis/43aedc6d-693f-456b-9210-728adb1dd4f8
2019-09-12 10:10:36,178 [pool-60-thread-1] INFO  server.RaftServerConfigKeys (ConfUtils.java:logGet(43)) - raft.server.log.queue.byte-limit = 2147483647 (custom)
2019-09-12 10:10:36,178 [pool-60-thread-1] INFO  server.RaftServerConfigKeys (ConfUtils.java:logGet(43)) - raft.server.log.queue.element-limit = 1024 (custom)
2019-09-12 10:10:36,178 [pool-60-thread-1] INFO  server.RaftServerConfigKeys (ConfUtils.java:logGet(43)) - raft.server.log.segment.size.max = 1048576 (custom)
2019-09-12 10:10:36,178 [pool-60-thread-1] INFO  server.RaftServerConfigKeys (ConfUtils.java:logGet(43)) - raft.server.log.preallocated.size = 16384 (custom)
2019-09-12 10:10:36,178 [pool-60-thread-1] INFO  server.RaftServerConfigKeys (ConfUtils.java:logGet(43)) - raft.server.log.write.buffer.size = 33554432 (custom)
2019-09-12 10:10:36,178 [pool-60-thread-1] INFO  server.RaftServerConfigKeys (ConfUtils.java:logGet(43)) - raft.server.log.force.sync.num = 128 (default)
2019-09-12 10:10:36,178 [pool-60-thread-1] INFO  server.RaftServerConfigKeys (ConfUtils.java:logGet(43)) - raft.server.log.statemachine.data.sync = true (default)
2019-09-12 10:10:36,178 [pool-60-thread-1] INFO  server.RaftServerConfigKeys (ConfUtils.java:logGet(43)) - raft.server.log.statemachine.data.sync.timeout = 10s (default)
2019-09-12 10:10:36,178 [pool-60-thread-1] INFO  server.RaftServerConfigKeys (ConfUtils.java:logGet(43)) - raft.server.log.statemachine.data.sync.timeout.retry = -1 (default)
2019-09-12 10:10:36,179 [pool-60-thread-1] INFO  server.RaftServerConfigKeys (ConfUtils.java:logGet(43)) - raft.server.log.statemachine.data.caching.enabled = true (custom)
2019-09-12 10:10:36,179 [pool-60-thread-1] INFO  segmented.SegmentedRaftLogWorker (SegmentedRaftLogWorker.java:lambda$new$0(132)) - 8925b11b-15ee-4d46-98cb-9cc2d2f12dc3-SegmentedRaftLogWorker:Storage Directory /workdir/hadoop-ozone/integration-test/target/test-dir/MiniOzoneClusterImpl-aa909d9c-8689-4ca6-a6e6-f667e4f57e2f/datanode-3/data/ratis/43aedc6d-693f-456b-9210-728adb1dd4f8: flushIndex: setUnconditionally 0 -> -1
2019-09-12 10:10:36,179 [pool-60-thread-1] INFO  server.RaftServerConfigKeys (ConfUtils.java:logGet(43)) - raft.server.snapshot.auto.trigger.enabled = true (custom)
2019-09-12 10:10:36,179 [pool-60-thread-1] INFO  server.RaftServerConfigKeys (ConfUtils.java:logGet(43)) - raft.server.snapshot.auto.trigger.threshold = 10000 (custom)
2019-09-12 10:10:36,179 [pool-60-thread-1] INFO  server.RaftServerConfigKeys (ConfUtils.java:logGet(43)) - raft.server.retrycache.expirytime = 600000ms (custom)
2019-09-12 10:10:36,180 [pool-60-thread-1] INFO  impl.RaftServerImpl (RaftServerImpl.java:start(180)) - 8925b11b-15ee-4d46-98cb-9cc2d2f12dc3: start group-728ADB1DD4F8
2019-09-12 10:10:36,180 [pool-60-thread-1] INFO  impl.RaftServerImpl (RaftServerImpl.java:setRole(171)) - 8925b11b-15ee-4d46-98cb-9cc2d2f12dc3:group-728ADB1DD4F8 changes role from null to FOLLOWER at term 0 for startAsFollower
2019-09-12 10:10:36,180 [pool-60-thread-1] INFO  impl.RoleInfo (RoleInfo.java:updateAndGet(143)) - 8925b11b-15ee-4d46-98cb-9cc2d2f12dc3: start FollowerState
2019-09-12 10:10:36,180 [pool-60-thread-1] INFO  util.JmxRegister (JmxRegister.java:tryRegister(44)) - Successfully registered JMX Bean with object name Ratis:service=RaftServer,group=group-728ADB1DD4F8,id=8925b11b-15ee-4d46-98cb-9cc2d2f12dc3
2019-09-12 10:10:36,186 [RatisPipelineUtilsThread] INFO  pipeline.PipelineStateManager (PipelineStateManager.java:addPipeline(56)) - Created pipeline Pipeline[ Id: 43aedc6d-693f-456b-9210-728adb1dd4f8, Nodes: 8925b11b-15ee-4d46-98cb-9cc2d2f12dc3{ip: 192.168.36.114, host: pr-hdds-1569-58hkm-1881083799, networkLocation: /default-rack, certSerialId: null}, Type:RATIS, Factor:ONE, State:OPEN]
2019-09-12 10:10:36,187 [RatisPipelineUtilsThread] ERROR pipeline.PipelinePlacementPolicy (PipelinePlacementPolicy.java:meetCriteria(92)) - Pipeline Placement: Doesn't meet the criteria to be viable node. Heaviness: 6
2019-09-12 10:10:36,187 [RatisPipelineUtilsThread] ERROR pipeline.PipelinePlacementPolicy (PipelinePlacementPolicy.java:meetCriteria(92)) - Pipeline Placement: Doesn't meet the criteria to be viable node. Heaviness: 6
2019-09-12 10:10:36,196 [grpc-default-executor-0] INFO  impl.RaftServerProxy (RaftServerProxy.java:addNew(89)) - cc61ee54-953f-4ef7-b7e3-d5c043f839cb: addNew group-9DA8E8A88BF1:[cc61ee54-953f-4ef7-b7e3-d5c043f839cb:192.168.36.114:41082] returns group-9DA8E8A88BF1:java.util.concurrent.CompletableFuture@64d0c182[Not completed]
2019-09-12 10:10:36,197 [pool-38-thread-1] INFO  impl.RaftServerImpl (RaftServerImpl.java:<init>(93)) - cc61ee54-953f-4ef7-b7e3-d5c043f839cb: new RaftServerImpl for group-9DA8E8A88BF1:[cc61ee54-953f-4ef7-b7e3-d5c043f839cb:192.168.36.114:41082] with ContainerStateMachine:uninitialized
2019-09-12 10:10:36,197 [pool-38-thread-1] INFO  server.RaftServerConfigKeys (ConfUtils.java:logGet(43)) - raft.server.rpc.timeout.min = 5s (custom)
2019-09-12 10:10:36,198 [pool-38-thread-1] INFO  server.RaftServerConfigKeys (ConfUtils.java:logGet(43)) - raft.server.rpc.timeout.max = 5200ms (custom)
2019-09-12 10:10:36,198 [pool-38-thread-1] INFO  server.RaftServerConfigKeys (ConfUtils.java:logGet(43)) - raft.server.rpcslowness.timeout = 120s (custom)
2019-09-12 10:10:36,198 [pool-38-thread-1] INFO  server.RaftServerConfigKeys (ConfUtils.java:logGet(43)) - raft.server.sleep.deviation.threshold = 300 (default)
2019-09-12 10:10:36,198 [pool-38-thread-1] INFO  server.RaftServerConfigKeys (ConfUtils.java:logGet(43)) - raft.server.log.appender.install.snapshot.enabled = false (custom)
2019-09-12 10:10:36,198 [pool-38-thread-1] INFO  impl.RaftServerImpl (ServerState.java:<init>(105)) - cc61ee54-953f-4ef7-b7e3-d5c043f839cb:group-9DA8E8A88BF1 ConfigurationManager, init=-1: [cc61ee54-953f-4ef7-b7e3-d5c043f839cb:192.168.36.114:41082], old=null, confs=<EMPTY_MAP>
2019-09-12 10:10:36,198 [pool-38-thread-1] INFO  server.RaftServerConfigKeys (ConfUtils.java:logGet(43)) - raft.server.storage.dir = [/workdir/hadoop-ozone/integration-test/target/test-dir/MiniOzoneClusterImpl-aa909d9c-8689-4ca6-a6e6-f667e4f57e2f/datanode-1/data/ratis] (custom)
2019-09-12 10:10:36,198 [pool-38-thread-1] INFO  storage.RaftStorageDirectory (RaftStorageDirectory.java:analyzeStorage(246)) - The storage directory /workdir/hadoop-ozone/integration-test/target/test-dir/MiniOzoneClusterImpl-aa909d9c-8689-4ca6-a6e6-f667e4f57e2f/datanode-1/data/ratis/bd30309b-23b9-42fa-9a9c-9da8e8a88bf1 does not exist. Creating ...
2019-09-12 10:10:36,214 [pool-38-thread-1] INFO  storage.RaftStorageDirectory (RaftStorageDirectory.java:tryLock(328)) - Lock on /workdir/hadoop-ozone/integration-test/target/test-dir/MiniOzoneClusterImpl-aa909d9c-8689-4ca6-a6e6-f667e4f57e2f/datanode-1/data/ratis/bd30309b-23b9-42fa-9a9c-9da8e8a88bf1/in_use.lock acquired by nodename 5279@pr-hdds-1569-58hkm-1881083799
2019-09-12 10:10:36,215 | INFO  | SCMAudit | user=jenkins1000 | ip=192.168.36.114 | op=SEND_HEARTBEAT {datanodeUUID=c257187d-6013-41a0-a6c3-70113601683b, command=[]} | ret=SUCCESS |  
2019-09-12 10:10:36,246 [pool-38-thread-1] INFO  storage.RaftStorage (RaftStorage.java:format(72)) - Storage directory /workdir/hadoop-ozone/integration-test/target/test-dir/MiniOzoneClusterImpl-aa909d9c-8689-4ca6-a6e6-f667e4f57e2f/datanode-1/data/ratis/bd30309b-23b9-42fa-9a9c-9da8e8a88bf1 has been successfully formatted.
2019-09-12 10:10:36,246 [pool-38-thread-1] INFO  ratis.ContainerStateMachine (ContainerStateMachine.java:loadSnapshot(226)) - group-9DA8E8A88BF1: The snapshot info is null. Setting the last applied indexto:(t:0, i:~)
2019-09-12 10:10:36,247 [pool-38-thread-1] INFO  server.RaftServerConfigKeys (ConfUtils.java:logGet(43)) - raft.server.leader.election.timeout = 120s (custom)
2019-09-12 10:10:36,247 [pool-38-thread-1] INFO  server.RaftServerConfigKeys (ConfUtils.java:logGet(43)) - raft.server.log.use.memory = false (default)
2019-09-12 10:10:36,247 [pool-38-thread-1] INFO  server.RaftServerConfigKeys (ConfUtils.java:logGet(43)) - raft.server.log.purge.gap = 1000000 (custom)
2019-09-12 10:10:36,247 [pool-38-thread-1] INFO  server.RaftServerConfigKeys (ConfUtils.java:logGet(43)) - raft.server.log.appender.buffer.byte-limit = 33554432 (custom)
2019-09-12 10:10:36,247 [pool-38-thread-1] INFO  server.RaftServerConfigKeys (ConfUtils.java:logGet(43)) - raft.server.log.segment.size.max = 1048576 (custom)
2019-09-12 10:10:36,247 [pool-38-thread-1] INFO  server.RaftServerConfigKeys (ConfUtils.java:logGet(43)) - raft.server.log.segment.cache.num.max = 2 (custom)
2019-09-12 10:10:36,247 [pool-38-thread-1] INFO  segmented.SegmentedRaftLogWorker (SegmentedRaftLogWorker.java:<init>(172)) - new cc61ee54-953f-4ef7-b7e3-d5c043f839cb-SegmentedRaftLogWorker:Storage Directory /workdir/hadoop-ozone/integration-test/target/test-dir/MiniOzoneClusterImpl-aa909d9c-8689-4ca6-a6e6-f667e4f57e2f/datanode-1/data/ratis/bd30309b-23b9-42fa-9a9c-9da8e8a88bf1 for RaftStorage:Storage Directory /workdir/hadoop-ozone/integration-test/target/test-dir/MiniOzoneClusterImpl-aa909d9c-8689-4ca6-a6e6-f667e4f57e2f/datanode-1/data/ratis/bd30309b-23b9-42fa-9a9c-9da8e8a88bf1
2019-09-12 10:10:36,247 [pool-38-thread-1] INFO  server.RaftServerConfigKeys (ConfUtils.java:logGet(43)) - raft.server.log.queue.byte-limit = 2147483647 (custom)
2019-09-12 10:10:36,248 [pool-38-thread-1] INFO  server.RaftServerConfigKeys (ConfUtils.java:logGet(43)) - raft.server.log.queue.element-limit = 1024 (custom)
2019-09-12 10:10:36,248 [pool-38-thread-1] INFO  server.RaftServerConfigKeys (ConfUtils.java:logGet(43)) - raft.server.log.segment.size.max = 1048576 (custom)
2019-09-12 10:10:36,248 [pool-38-thread-1] INFO  server.RaftServerConfigKeys (ConfUtils.java:logGet(43)) - raft.server.log.preallocated.size = 16384 (custom)
2019-09-12 10:10:36,248 [pool-38-thread-1] INFO  server.RaftServerConfigKeys (ConfUtils.java:logGet(43)) - raft.server.log.write.buffer.size = 33554432 (custom)
2019-09-12 10:10:36,248 [pool-38-thread-1] INFO  server.RaftServerConfigKeys (ConfUtils.java:logGet(43)) - raft.server.log.force.sync.num = 128 (default)
2019-09-12 10:10:36,248 [pool-38-thread-1] INFO  server.RaftServerConfigKeys (ConfUtils.java:logGet(43)) - raft.server.log.statemachine.data.sync = true (default)
2019-09-12 10:10:36,248 [pool-38-thread-1] INFO  server.RaftServerConfigKeys (ConfUtils.java:logGet(43)) - raft.server.log.statemachine.data.sync.timeout = 10s (default)
2019-09-12 10:10:36,248 [pool-38-thread-1] INFO  server.RaftServerConfigKeys (ConfUtils.java:logGet(43)) - raft.server.log.statemachine.data.sync.timeout.retry = -1 (default)
2019-09-12 10:10:36,249 [pool-38-thread-1] INFO  server.RaftServerConfigKeys (ConfUtils.java:logGet(43)) - raft.server.log.statemachine.data.caching.enabled = true (custom)
2019-09-12 10:10:36,249 [pool-38-thread-1] INFO  segmented.SegmentedRaftLogWorker (SegmentedRaftLogWorker.java:lambda$new$0(132)) - cc61ee54-953f-4ef7-b7e3-d5c043f839cb-SegmentedRaftLogWorker:Storage Directory /workdir/hadoop-ozone/integration-test/target/test-dir/MiniOzoneClusterImpl-aa909d9c-8689-4ca6-a6e6-f667e4f57e2f/datanode-1/data/ratis/bd30309b-23b9-42fa-9a9c-9da8e8a88bf1: flushIndex: setUnconditionally 0 -> -1
2019-09-12 10:10:36,249 [pool-38-thread-1] INFO  server.RaftServerConfigKeys (ConfUtils.java:logGet(43)) - raft.server.snapshot.auto.trigger.enabled = true (custom)
2019-09-12 10:10:36,249 [pool-38-thread-1] INFO  server.RaftServerConfigKeys (ConfUtils.java:logGet(43)) - raft.server.snapshot.auto.trigger.threshold = 10000 (custom)
2019-09-12 10:10:36,249 [pool-38-thread-1] INFO  server.RaftServerConfigKeys (ConfUtils.java:logGet(43)) - raft.server.retrycache.expirytime = 600000ms (custom)
2019-09-12 10:10:36,250 [pool-38-thread-1] INFO  impl.RaftServerImpl (RaftServerImpl.java:start(180)) - cc61ee54-953f-4ef7-b7e3-d5c043f839cb: start group-9DA8E8A88BF1
2019-09-12 10:10:36,250 [pool-38-thread-1] INFO  impl.RaftServerImpl (RaftServerImpl.java:setRole(171)) - cc61ee54-953f-4ef7-b7e3-d5c043f839cb:group-9DA8E8A88BF1 changes role from null to FOLLOWER at term 0 for startAsFollower
2019-09-12 10:10:36,250 [pool-38-thread-1] INFO  impl.RoleInfo (RoleInfo.java:updateAndGet(143)) - cc61ee54-953f-4ef7-b7e3-d5c043f839cb: start FollowerState
2019-09-12 10:10:36,250 [pool-38-thread-1] INFO  util.JmxRegister (JmxRegister.java:tryRegister(44)) - Successfully registered JMX Bean with object name Ratis:service=RaftServer,group=group-9DA8E8A88BF1,id=cc61ee54-953f-4ef7-b7e3-d5c043f839cb
2019-09-12 10:10:36,258 [RatisPipelineUtilsThread] INFO  pipeline.PipelineStateManager (PipelineStateManager.java:addPipeline(56)) - Created pipeline Pipeline[ Id: bd30309b-23b9-42fa-9a9c-9da8e8a88bf1, Nodes: cc61ee54-953f-4ef7-b7e3-d5c043f839cb{ip: 192.168.36.114, host: pr-hdds-1569-58hkm-1881083799, networkLocation: /default-rack, certSerialId: null}, Type:RATIS, Factor:ONE, State:OPEN]
2019-09-12 10:10:36,261 [RatisPipelineUtilsThread] ERROR pipeline.PipelinePlacementPolicy (PipelinePlacementPolicy.java:meetCriteria(92)) - Pipeline Placement: Doesn't meet the criteria to be viable node. Heaviness: 6
2019-09-12 10:10:36,261 [RatisPipelineUtilsThread] ERROR pipeline.PipelinePlacementPolicy (PipelinePlacementPolicy.java:meetCriteria(92)) - Pipeline Placement: Doesn't meet the criteria to be viable node. Heaviness: 6
2019-09-12 10:10:36,261 [RatisPipelineUtilsThread] ERROR pipeline.PipelinePlacementPolicy (PipelinePlacementPolicy.java:meetCriteria(92)) - Pipeline Placement: Doesn't meet the criteria to be viable node. Heaviness: 6
2019-09-12 10:10:36,270 [grpc-default-executor-0] INFO  impl.RaftServerProxy (RaftServerProxy.java:addNew(89)) - c257187d-6013-41a0-a6c3-70113601683b: addNew group-90E503F8289E:[c257187d-6013-41a0-a6c3-70113601683b:192.168.36.114:44904] returns group-90E503F8289E:java.util.concurrent.CompletableFuture@3ab7f7a[Not completed]
2019-09-12 10:10:36,272 [pool-71-thread-1] INFO  impl.RaftServerImpl (RaftServerImpl.java:<init>(93)) - c257187d-6013-41a0-a6c3-70113601683b: new RaftServerImpl for group-90E503F8289E:[c257187d-6013-41a0-a6c3-70113601683b:192.168.36.114:44904] with ContainerStateMachine:uninitialized
2019-09-12 10:10:36,273 [pool-71-thread-1] INFO  server.RaftServerConfigKeys (ConfUtils.java:logGet(43)) - raft.server.rpc.timeout.min = 5s (custom)
2019-09-12 10:10:36,273 [pool-71-thread-1] INFO  server.RaftServerConfigKeys (ConfUtils.java:logGet(43)) - raft.server.rpc.timeout.max = 5200ms (custom)
2019-09-12 10:10:36,273 [pool-71-thread-1] INFO  server.RaftServerConfigKeys (ConfUtils.java:logGet(43)) - raft.server.rpcslowness.timeout = 120s (custom)
2019-09-12 10:10:36,274 [pool-71-thread-1] INFO  server.RaftServerConfigKeys (ConfUtils.java:logGet(43)) - raft.server.sleep.deviation.threshold = 300 (default)
2019-09-12 10:10:36,274 [pool-71-thread-1] INFO  server.RaftServerConfigKeys (ConfUtils.java:logGet(43)) - raft.server.log.appender.install.snapshot.enabled = false (custom)
2019-09-12 10:10:36,274 [pool-71-thread-1] INFO  impl.RaftServerImpl (ServerState.java:<init>(105)) - c257187d-6013-41a0-a6c3-70113601683b:group-90E503F8289E ConfigurationManager, init=-1: [c257187d-6013-41a0-a6c3-70113601683b:192.168.36.114:44904], old=null, confs=<EMPTY_MAP>
2019-09-12 10:10:36,274 [pool-71-thread-1] INFO  server.RaftServerConfigKeys (ConfUtils.java:logGet(43)) - raft.server.storage.dir = [/workdir/hadoop-ozone/integration-test/target/test-dir/MiniOzoneClusterImpl-aa909d9c-8689-4ca6-a6e6-f667e4f57e2f/datanode-4/data/ratis] (custom)
2019-09-12 10:10:36,275 [pool-71-thread-1] INFO  storage.RaftStorageDirectory (RaftStorageDirectory.java:analyzeStorage(246)) - The storage directory /workdir/hadoop-ozone/integration-test/target/test-dir/MiniOzoneClusterImpl-aa909d9c-8689-4ca6-a6e6-f667e4f57e2f/datanode-4/data/ratis/5eb666e3-3bd4-40e0-a510-90e503f8289e does not exist. Creating ...
2019-09-12 10:10:36,275 | INFO  | SCMAudit | user=jenkins1000 | ip=192.168.36.114 | op=SEND_HEARTBEAT {datanodeUUID=db8f3dd9-b09f-4e42-bc8b-0b8816c9f45e, command=[]} | ret=SUCCESS |  
2019-09-12 10:10:36,342 [pool-71-thread-1] INFO  storage.RaftStorageDirectory (RaftStorageDirectory.java:tryLock(328)) - Lock on /workdir/hadoop-ozone/integration-test/target/test-dir/MiniOzoneClusterImpl-aa909d9c-8689-4ca6-a6e6-f667e4f57e2f/datanode-4/data/ratis/5eb666e3-3bd4-40e0-a510-90e503f8289e/in_use.lock acquired by nodename 5279@pr-hdds-1569-58hkm-1881083799
2019-09-12 10:10:36,428 [pool-71-thread-1] INFO  storage.RaftStorage (RaftStorage.java:format(72)) - Storage directory /workdir/hadoop-ozone/integration-test/target/test-dir/MiniOzoneClusterImpl-aa909d9c-8689-4ca6-a6e6-f667e4f57e2f/datanode-4/data/ratis/5eb666e3-3bd4-40e0-a510-90e503f8289e has been successfully formatted.
2019-09-12 10:10:36,429 [pool-71-thread-1] INFO  ratis.ContainerStateMachine (ContainerStateMachine.java:loadSnapshot(226)) - group-90E503F8289E: The snapshot info is null. Setting the last applied indexto:(t:0, i:~)
2019-09-12 10:10:36,430 [pool-71-thread-1] INFO  server.RaftServerConfigKeys (ConfUtils.java:logGet(43)) - raft.server.leader.election.timeout = 120s (custom)
2019-09-12 10:10:36,430 [pool-71-thread-1] INFO  server.RaftServerConfigKeys (ConfUtils.java:logGet(43)) - raft.server.log.use.memory = false (default)
2019-09-12 10:10:36,430 [pool-71-thread-1] INFO  server.RaftServerConfigKeys (ConfUtils.java:logGet(43)) - raft.server.log.purge.gap = 1000000 (custom)
2019-09-12 10:10:36,430 [pool-71-thread-1] INFO  server.RaftServerConfigKeys (ConfUtils.java:logGet(43)) - raft.server.log.appender.buffer.byte-limit = 33554432 (custom)
2019-09-12 10:10:36,430 [pool-71-thread-1] INFO  server.RaftServerConfigKeys (ConfUtils.java:logGet(43)) - raft.server.log.segment.size.max = 1048576 (custom)
2019-09-12 10:10:36,431 [pool-71-thread-1] INFO  server.RaftServerConfigKeys (ConfUtils.java:logGet(43)) - raft.server.log.segment.cache.num.max = 2 (custom)
2019-09-12 10:10:36,431 [pool-71-thread-1] INFO  segmented.SegmentedRaftLogWorker (SegmentedRaftLogWorker.java:<init>(172)) - new c257187d-6013-41a0-a6c3-70113601683b-SegmentedRaftLogWorker:Storage Directory /workdir/hadoop-ozone/integration-test/target/test-dir/MiniOzoneClusterImpl-aa909d9c-8689-4ca6-a6e6-f667e4f57e2f/datanode-4/data/ratis/5eb666e3-3bd4-40e0-a510-90e503f8289e for RaftStorage:Storage Directory /workdir/hadoop-ozone/integration-test/target/test-dir/MiniOzoneClusterImpl-aa909d9c-8689-4ca6-a6e6-f667e4f57e2f/datanode-4/data/ratis/5eb666e3-3bd4-40e0-a510-90e503f8289e
2019-09-12 10:10:36,431 [pool-71-thread-1] INFO  server.RaftServerConfigKeys (ConfUtils.java:logGet(43)) - raft.server.log.queue.byte-limit = 2147483647 (custom)
2019-09-12 10:10:36,431 [pool-71-thread-1] INFO  server.RaftServerConfigKeys (ConfUtils.java:logGet(43)) - raft.server.log.queue.element-limit = 1024 (custom)
2019-09-12 10:10:36,431 [pool-71-thread-1] INFO  server.RaftServerConfigKeys (ConfUtils.java:logGet(43)) - raft.server.log.segment.size.max = 1048576 (custom)
2019-09-12 10:10:36,431 [pool-71-thread-1] INFO  server.RaftServerConfigKeys (ConfUtils.java:logGet(43)) - raft.server.log.preallocated.size = 16384 (custom)
2019-09-12 10:10:36,432 [pool-71-thread-1] INFO  server.RaftServerConfigKeys (ConfUtils.java:logGet(43)) - raft.server.log.write.buffer.size = 33554432 (custom)
2019-09-12 10:10:36,432 [pool-71-thread-1] INFO  server.RaftServerConfigKeys (ConfUtils.java:logGet(43)) - raft.server.log.force.sync.num = 128 (default)
2019-09-12 10:10:36,432 [pool-71-thread-1] INFO  server.RaftServerConfigKeys (ConfUtils.java:logGet(43)) - raft.server.log.statemachine.data.sync = true (default)
2019-09-12 10:10:36,432 [pool-71-thread-1] INFO  server.RaftServerConfigKeys (ConfUtils.java:logGet(43)) - raft.server.log.statemachine.data.sync.timeout = 10s (default)
2019-09-12 10:10:36,432 [pool-71-thread-1] INFO  server.RaftServerConfigKeys (ConfUtils.java:logGet(43)) - raft.server.log.statemachine.data.sync.timeout.retry = -1 (default)
2019-09-12 10:10:36,433 [pool-71-thread-1] INFO  server.RaftServerConfigKeys (ConfUtils.java:logGet(43)) - raft.server.log.statemachine.data.caching.enabled = true (custom)
2019-09-12 10:10:36,433 [pool-71-thread-1] INFO  segmented.SegmentedRaftLogWorker (SegmentedRaftLogWorker.java:lambda$new$0(132)) - c257187d-6013-41a0-a6c3-70113601683b-SegmentedRaftLogWorker:Storage Directory /workdir/hadoop-ozone/integration-test/target/test-dir/MiniOzoneClusterImpl-aa909d9c-8689-4ca6-a6e6-f667e4f57e2f/datanode-4/data/ratis/5eb666e3-3bd4-40e0-a510-90e503f8289e: flushIndex: setUnconditionally 0 -> -1
2019-09-12 10:10:36,433 [pool-71-thread-1] INFO  server.RaftServerConfigKeys (ConfUtils.java:logGet(43)) - raft.server.snapshot.auto.trigger.enabled = true (custom)
2019-09-12 10:10:36,434 [pool-71-thread-1] INFO  server.RaftServerConfigKeys (ConfUtils.java:logGet(43)) - raft.server.snapshot.auto.trigger.threshold = 10000 (custom)
2019-09-12 10:10:36,434 [pool-71-thread-1] INFO  server.RaftServerConfigKeys (ConfUtils.java:logGet(43)) - raft.server.retrycache.expirytime = 600000ms (custom)
2019-09-12 10:10:36,434 [pool-71-thread-1] INFO  impl.RaftServerImpl (RaftServerImpl.java:start(180)) - c257187d-6013-41a0-a6c3-70113601683b: start group-90E503F8289E
2019-09-12 10:10:36,434 [pool-71-thread-1] INFO  impl.RaftServerImpl (RaftServerImpl.java:setRole(171)) - c257187d-6013-41a0-a6c3-70113601683b:group-90E503F8289E changes role from null to FOLLOWER at term 0 for startAsFollower
2019-09-12 10:10:36,434 [pool-71-thread-1] INFO  impl.RoleInfo (RoleInfo.java:updateAndGet(143)) - c257187d-6013-41a0-a6c3-70113601683b: start FollowerState
2019-09-12 10:10:36,435 [pool-71-thread-1] INFO  util.JmxRegister (JmxRegister.java:tryRegister(44)) - Successfully registered JMX Bean with object name Ratis:service=RaftServer,group=group-90E503F8289E,id=c257187d-6013-41a0-a6c3-70113601683b
2019-09-12 10:10:36,441 [RatisPipelineUtilsThread] INFO  pipeline.PipelineStateManager (PipelineStateManager.java:addPipeline(56)) - Created pipeline Pipeline[ Id: 5eb666e3-3bd4-40e0-a510-90e503f8289e, Nodes: c257187d-6013-41a0-a6c3-70113601683b{ip: 192.168.36.114, host: pr-hdds-1569-58hkm-1881083799, networkLocation: /default-rack, certSerialId: null}, Type:RATIS, Factor:ONE, State:OPEN]
2019-09-12 10:10:36,442 [RatisPipelineUtilsThread] ERROR pipeline.PipelinePlacementPolicy (PipelinePlacementPolicy.java:meetCriteria(92)) - Pipeline Placement: Doesn't meet the criteria to be viable node. Heaviness: 6
2019-09-12 10:10:36,442 [RatisPipelineUtilsThread] ERROR pipeline.PipelinePlacementPolicy (PipelinePlacementPolicy.java:meetCriteria(92)) - Pipeline Placement: Doesn't meet the criteria to be viable node. Heaviness: 6
2019-09-12 10:10:36,443 [RatisPipelineUtilsThread] ERROR pipeline.PipelinePlacementPolicy (PipelinePlacementPolicy.java:meetCriteria(92)) - Pipeline Placement: Doesn't meet the criteria to be viable node. Heaviness: 6
2019-09-12 10:10:36,451 [grpc-default-executor-0] INFO  impl.RaftServerProxy (RaftServerProxy.java:addNew(89)) - bd0a38b2-0ade-4ab9-8ece-056daa626b99: addNew group-3591826B4C98:[bd0a38b2-0ade-4ab9-8ece-056daa626b99:192.168.36.114:44836] returns group-3591826B4C98:java.util.concurrent.CompletableFuture@7289458a[Not completed]
2019-09-12 10:10:36,453 [pool-49-thread-1] INFO  impl.RaftServerImpl (RaftServerImpl.java:<init>(93)) - bd0a38b2-0ade-4ab9-8ece-056daa626b99: new RaftServerImpl for group-3591826B4C98:[bd0a38b2-0ade-4ab9-8ece-056daa626b99:192.168.36.114:44836] with ContainerStateMachine:uninitialized
2019-09-12 10:10:36,453 [pool-49-thread-1] INFO  server.RaftServerConfigKeys (ConfUtils.java:logGet(43)) - raft.server.rpc.timeout.min = 5s (custom)
2019-09-12 10:10:36,453 [pool-49-thread-1] INFO  server.RaftServerConfigKeys (ConfUtils.java:logGet(43)) - raft.server.rpc.timeout.max = 5200ms (custom)
2019-09-12 10:10:36,453 [pool-49-thread-1] INFO  server.RaftServerConfigKeys (ConfUtils.java:logGet(43)) - raft.server.rpcslowness.timeout = 120s (custom)
2019-09-12 10:10:36,454 [pool-49-thread-1] INFO  server.RaftServerConfigKeys (ConfUtils.java:logGet(43)) - raft.server.sleep.deviation.threshold = 300 (default)
2019-09-12 10:10:36,454 [pool-49-thread-1] INFO  server.RaftServerConfigKeys (ConfUtils.java:logGet(43)) - raft.server.log.appender.install.snapshot.enabled = false (custom)
2019-09-12 10:10:36,454 [pool-49-thread-1] INFO  impl.RaftServerImpl (ServerState.java:<init>(105)) - bd0a38b2-0ade-4ab9-8ece-056daa626b99:group-3591826B4C98 ConfigurationManager, init=-1: [bd0a38b2-0ade-4ab9-8ece-056daa626b99:192.168.36.114:44836], old=null, confs=<EMPTY_MAP>
2019-09-12 10:10:36,454 [pool-49-thread-1] INFO  server.RaftServerConfigKeys (ConfUtils.java:logGet(43)) - raft.server.storage.dir = [/workdir/hadoop-ozone/integration-test/target/test-dir/MiniOzoneClusterImpl-aa909d9c-8689-4ca6-a6e6-f667e4f57e2f/datanode-2/data/ratis] (custom)
2019-09-12 10:10:36,454 [pool-49-thread-1] INFO  storage.RaftStorageDirectory (RaftStorageDirectory.java:analyzeStorage(246)) - The storage directory /workdir/hadoop-ozone/integration-test/target/test-dir/MiniOzoneClusterImpl-aa909d9c-8689-4ca6-a6e6-f667e4f57e2f/datanode-2/data/ratis/d6ad26e1-1eae-4a29-ba7d-3591826b4c98 does not exist. Creating ...
2019-09-12 10:10:36,469 [pool-49-thread-1] INFO  storage.RaftStorageDirectory (RaftStorageDirectory.java:tryLock(328)) - Lock on /workdir/hadoop-ozone/integration-test/target/test-dir/MiniOzoneClusterImpl-aa909d9c-8689-4ca6-a6e6-f667e4f57e2f/datanode-2/data/ratis/d6ad26e1-1eae-4a29-ba7d-3591826b4c98/in_use.lock acquired by nodename 5279@pr-hdds-1569-58hkm-1881083799
2019-09-12 10:10:36,501 [pool-49-thread-1] INFO  storage.RaftStorage (RaftStorage.java:format(72)) - Storage directory /workdir/hadoop-ozone/integration-test/target/test-dir/MiniOzoneClusterImpl-aa909d9c-8689-4ca6-a6e6-f667e4f57e2f/datanode-2/data/ratis/d6ad26e1-1eae-4a29-ba7d-3591826b4c98 has been successfully formatted.
2019-09-12 10:10:36,502 [pool-49-thread-1] INFO  ratis.ContainerStateMachine (ContainerStateMachine.java:loadSnapshot(226)) - group-3591826B4C98: The snapshot info is null. Setting the last applied indexto:(t:0, i:~)
2019-09-12 10:10:36,502 [pool-49-thread-1] INFO  server.RaftServerConfigKeys (ConfUtils.java:logGet(43)) - raft.server.leader.election.timeout = 120s (custom)
2019-09-12 10:10:36,502 [pool-49-thread-1] INFO  server.RaftServerConfigKeys (ConfUtils.java:logGet(43)) - raft.server.log.use.memory = false (default)
2019-09-12 10:10:36,502 [pool-49-thread-1] INFO  server.RaftServerConfigKeys (ConfUtils.java:logGet(43)) - raft.server.log.purge.gap = 1000000 (custom)
2019-09-12 10:10:36,502 [pool-49-thread-1] INFO  server.RaftServerConfigKeys (ConfUtils.java:logGet(43)) - raft.server.log.appender.buffer.byte-limit = 33554432 (custom)
2019-09-12 10:10:36,503 [pool-49-thread-1] INFO  server.RaftServerConfigKeys (ConfUtils.java:logGet(43)) - raft.server.log.segment.size.max = 1048576 (custom)
2019-09-12 10:10:36,503 [pool-49-thread-1] INFO  server.RaftServerConfigKeys (ConfUtils.java:logGet(43)) - raft.server.log.segment.cache.num.max = 2 (custom)
2019-09-12 10:10:36,503 [pool-49-thread-1] INFO  segmented.SegmentedRaftLogWorker (SegmentedRaftLogWorker.java:<init>(172)) - new bd0a38b2-0ade-4ab9-8ece-056daa626b99-SegmentedRaftLogWorker:Storage Directory /workdir/hadoop-ozone/integration-test/target/test-dir/MiniOzoneClusterImpl-aa909d9c-8689-4ca6-a6e6-f667e4f57e2f/datanode-2/data/ratis/d6ad26e1-1eae-4a29-ba7d-3591826b4c98 for RaftStorage:Storage Directory /workdir/hadoop-ozone/integration-test/target/test-dir/MiniOzoneClusterImpl-aa909d9c-8689-4ca6-a6e6-f667e4f57e2f/datanode-2/data/ratis/d6ad26e1-1eae-4a29-ba7d-3591826b4c98
2019-09-12 10:10:36,503 [pool-49-thread-1] INFO  server.RaftServerConfigKeys (ConfUtils.java:logGet(43)) - raft.server.log.queue.byte-limit = 2147483647 (custom)
2019-09-12 10:10:36,503 [pool-49-thread-1] INFO  server.RaftServerConfigKeys (ConfUtils.java:logGet(43)) - raft.server.log.queue.element-limit = 1024 (custom)
2019-09-12 10:10:36,503 [pool-49-thread-1] INFO  server.RaftServerConfigKeys (ConfUtils.java:logGet(43)) - raft.server.log.segment.size.max = 1048576 (custom)
2019-09-12 10:10:36,504 [pool-49-thread-1] INFO  server.RaftServerConfigKeys (ConfUtils.java:logGet(43)) - raft.server.log.preallocated.size = 16384 (custom)
2019-09-12 10:10:36,504 [pool-49-thread-1] INFO  server.RaftServerConfigKeys (ConfUtils.java:logGet(43)) - raft.server.log.write.buffer.size = 33554432 (custom)
2019-09-12 10:10:36,504 [pool-49-thread-1] INFO  server.RaftServerConfigKeys (ConfUtils.java:logGet(43)) - raft.server.log.force.sync.num = 128 (default)
2019-09-12 10:10:36,504 [pool-49-thread-1] INFO  server.RaftServerConfigKeys (ConfUtils.java:logGet(43)) - raft.server.log.statemachine.data.sync = true (default)
2019-09-12 10:10:36,504 [pool-49-thread-1] INFO  server.RaftServerConfigKeys (ConfUtils.java:logGet(43)) - raft.server.log.statemachine.data.sync.timeout = 10s (default)
2019-09-12 10:10:36,504 [pool-49-thread-1] INFO  server.RaftServerConfigKeys (ConfUtils.java:logGet(43)) - raft.server.log.statemachine.data.sync.timeout.retry = -1 (default)
2019-09-12 10:10:36,505 [pool-49-thread-1] INFO  server.RaftServerConfigKeys (ConfUtils.java:logGet(43)) - raft.server.log.statemachine.data.caching.enabled = true (custom)
2019-09-12 10:10:36,505 [pool-49-thread-1] INFO  segmented.SegmentedRaftLogWorker (SegmentedRaftLogWorker.java:lambda$new$0(132)) - bd0a38b2-0ade-4ab9-8ece-056daa626b99-SegmentedRaftLogWorker:Storage Directory /workdir/hadoop-ozone/integration-test/target/test-dir/MiniOzoneClusterImpl-aa909d9c-8689-4ca6-a6e6-f667e4f57e2f/datanode-2/data/ratis/d6ad26e1-1eae-4a29-ba7d-3591826b4c98: flushIndex: setUnconditionally 0 -> -1
2019-09-12 10:10:36,506 [pool-49-thread-1] INFO  server.RaftServerConfigKeys (ConfUtils.java:logGet(43)) - raft.server.snapshot.auto.trigger.enabled = true (custom)
2019-09-12 10:10:36,506 [pool-49-thread-1] INFO  server.RaftServerConfigKeys (ConfUtils.java:logGet(43)) - raft.server.snapshot.auto.trigger.threshold = 10000 (custom)
2019-09-12 10:10:36,506 [pool-49-thread-1] INFO  server.RaftServerConfigKeys (ConfUtils.java:logGet(43)) - raft.server.retrycache.expirytime = 600000ms (custom)
2019-09-12 10:10:36,506 [pool-49-thread-1] INFO  impl.RaftServerImpl (RaftServerImpl.java:start(180)) - bd0a38b2-0ade-4ab9-8ece-056daa626b99: start group-3591826B4C98
2019-09-12 10:10:36,506 [pool-49-thread-1] INFO  impl.RaftServerImpl (RaftServerImpl.java:setRole(171)) - bd0a38b2-0ade-4ab9-8ece-056daa626b99:group-3591826B4C98 changes role from null to FOLLOWER at term 0 for startAsFollower
2019-09-12 10:10:36,507 [pool-49-thread-1] INFO  impl.RoleInfo (RoleInfo.java:updateAndGet(143)) - bd0a38b2-0ade-4ab9-8ece-056daa626b99: start FollowerState
2019-09-12 10:10:36,507 [pool-49-thread-1] INFO  util.JmxRegister (JmxRegister.java:tryRegister(44)) - Successfully registered JMX Bean with object name Ratis:service=RaftServer,group=group-3591826B4C98,id=bd0a38b2-0ade-4ab9-8ece-056daa626b99
2019-09-12 10:10:36,512 [RatisPipelineUtilsThread] INFO  pipeline.PipelineStateManager (PipelineStateManager.java:addPipeline(56)) - Created pipeline Pipeline[ Id: d6ad26e1-1eae-4a29-ba7d-3591826b4c98, Nodes: bd0a38b2-0ade-4ab9-8ece-056daa626b99{ip: 192.168.36.114, host: pr-hdds-1569-58hkm-1881083799, networkLocation: /default-rack, certSerialId: null}, Type:RATIS, Factor:ONE, State:OPEN]
2019-09-12 10:10:36,515 [main] ERROR pipeline.PipelinePlacementPolicy (PipelinePlacementPolicy.java:meetCriteria(92)) - Pipeline Placement: Doesn't meet the criteria to be viable node. Heaviness: 6
2019-09-12 10:10:36,516 | INFO  | SCMAudit | user=jenkins1000 | ip=192.168.36.114 | op=SEND_HEARTBEAT {datanodeUUID=cc61ee54-953f-4ef7-b7e3-d5c043f839cb, command=[]} | ret=SUCCESS |  
2019-09-12 10:10:36,516 [main] ERROR pipeline.PipelinePlacementPolicy (PipelinePlacementPolicy.java:meetCriteria(92)) - Pipeline Placement: Doesn't meet the criteria to be viable node. Heaviness: 6
2019-09-12 10:10:36,516 [main] ERROR pipeline.PipelinePlacementPolicy (PipelinePlacementPolicy.java:meetCriteria(92)) - Pipeline Placement: Doesn't meet the criteria to be viable node. Heaviness: 6
2019-09-12 10:10:36,516 [main] ERROR pipeline.PipelinePlacementPolicy (PipelinePlacementPolicy.java:filterViableNodes(147)) - Unable to find enough nodes that meet the criteria that cannot engage in more than 5 pipelines. Nodes required: 3 Found: 2, healthy nodes count inNodeManager: 5.
2019-09-12 10:10:36,518 [main] ERROR pipeline.SCMPipelineManager (SCMPipelineManager.java:createPipeline(161)) - Pipeline creation failed due to exception: Unable to find enough nodes that meet the criteria that cannot engage in more than 5 pipelines. Nodes required: 3 Found: 2, healthy nodes count inNodeManager: 5.
2019-09-12 10:10:36,518 [RatisPipelineUtilsThread] ERROR pipeline.PipelinePlacementPolicy (PipelinePlacementPolicy.java:meetCriteria(92)) - Pipeline Placement: Doesn't meet the criteria to be viable node. Heaviness: 6
2019-09-12 10:10:36,519 [RatisPipelineUtilsThread] ERROR pipeline.PipelinePlacementPolicy (PipelinePlacementPolicy.java:meetCriteria(92)) - Pipeline Placement: Doesn't meet the criteria to be viable node. Heaviness: 6
2019-09-12 10:10:36,519 [RatisPipelineUtilsThread] ERROR pipeline.PipelinePlacementPolicy (PipelinePlacementPolicy.java:meetCriteria(92)) - Pipeline Placement: Doesn't meet the criteria to be viable node. Heaviness: 6
2019-09-12 10:10:36,528 [grpc-default-executor-0] INFO  impl.RaftServerProxy (RaftServerProxy.java:addNew(89)) - bd0a38b2-0ade-4ab9-8ece-056daa626b99: addNew group-373D3D656E3B:[bd0a38b2-0ade-4ab9-8ece-056daa626b99:192.168.36.114:44836] returns group-373D3D656E3B:java.util.concurrent.CompletableFuture@2ddf97d1[Not completed]
2019-09-12 10:10:36,530 [pool-49-thread-1] INFO  impl.RaftServerImpl (RaftServerImpl.java:<init>(93)) - bd0a38b2-0ade-4ab9-8ece-056daa626b99: new RaftServerImpl for group-373D3D656E3B:[bd0a38b2-0ade-4ab9-8ece-056daa626b99:192.168.36.114:44836] with ContainerStateMachine:uninitialized
2019-09-12 10:10:36,530 [pool-49-thread-1] INFO  server.RaftServerConfigKeys (ConfUtils.java:logGet(43)) - raft.server.rpc.timeout.min = 5s (custom)
2019-09-12 10:10:36,531 [pool-49-thread-1] INFO  server.RaftServerConfigKeys (ConfUtils.java:logGet(43)) - raft.server.rpc.timeout.max = 5200ms (custom)
2019-09-12 10:10:36,531 [pool-49-thread-1] INFO  server.RaftServerConfigKeys (ConfUtils.java:logGet(43)) - raft.server.rpcslowness.timeout = 120s (custom)
2019-09-12 10:10:36,531 [pool-49-thread-1] INFO  server.RaftServerConfigKeys (ConfUtils.java:logGet(43)) - raft.server.sleep.deviation.threshold = 300 (default)
2019-09-12 10:10:36,531 [pool-49-thread-1] INFO  server.RaftServerConfigKeys (ConfUtils.java:logGet(43)) - raft.server.log.appender.install.snapshot.enabled = false (custom)
2019-09-12 10:10:36,531 [pool-49-thread-1] INFO  impl.RaftServerImpl (ServerState.java:<init>(105)) - bd0a38b2-0ade-4ab9-8ece-056daa626b99:group-373D3D656E3B ConfigurationManager, init=-1: [bd0a38b2-0ade-4ab9-8ece-056daa626b99:192.168.36.114:44836], old=null, confs=<EMPTY_MAP>
2019-09-12 10:10:36,531 [pool-49-thread-1] INFO  server.RaftServerConfigKeys (ConfUtils.java:logGet(43)) - raft.server.storage.dir = [/workdir/hadoop-ozone/integration-test/target/test-dir/MiniOzoneClusterImpl-aa909d9c-8689-4ca6-a6e6-f667e4f57e2f/datanode-2/data/ratis] (custom)
2019-09-12 10:10:36,532 [pool-49-thread-1] INFO  storage.RaftStorageDirectory (RaftStorageDirectory.java:analyzeStorage(246)) - The storage directory /workdir/hadoop-ozone/integration-test/target/test-dir/MiniOzoneClusterImpl-aa909d9c-8689-4ca6-a6e6-f667e4f57e2f/datanode-2/data/ratis/b9a4acbc-06a4-4c17-9c87-373d3d656e3b does not exist. Creating ...
2019-09-12 10:10:36,545 [pool-49-thread-1] INFO  storage.RaftStorageDirectory (RaftStorageDirectory.java:tryLock(328)) - Lock on /workdir/hadoop-ozone/integration-test/target/test-dir/MiniOzoneClusterImpl-aa909d9c-8689-4ca6-a6e6-f667e4f57e2f/datanode-2/data/ratis/b9a4acbc-06a4-4c17-9c87-373d3d656e3b/in_use.lock acquired by nodename 5279@pr-hdds-1569-58hkm-1881083799
2019-09-12 10:10:36,610 [pool-49-thread-1] INFO  storage.RaftStorage (RaftStorage.java:format(72)) - Storage directory /workdir/hadoop-ozone/integration-test/target/test-dir/MiniOzoneClusterImpl-aa909d9c-8689-4ca6-a6e6-f667e4f57e2f/datanode-2/data/ratis/b9a4acbc-06a4-4c17-9c87-373d3d656e3b has been successfully formatted.
2019-09-12 10:10:36,610 [pool-49-thread-1] INFO  ratis.ContainerStateMachine (ContainerStateMachine.java:loadSnapshot(226)) - group-373D3D656E3B: The snapshot info is null. Setting the last applied indexto:(t:0, i:~)
2019-09-12 10:10:36,610 [pool-49-thread-1] INFO  server.RaftServerConfigKeys (ConfUtils.java:logGet(43)) - raft.server.leader.election.timeout = 120s (custom)
2019-09-12 10:10:36,610 [pool-49-thread-1] INFO  server.RaftServerConfigKeys (ConfUtils.java:logGet(43)) - raft.server.log.use.memory = false (default)
2019-09-12 10:10:36,610 [pool-49-thread-1] INFO  server.RaftServerConfigKeys (ConfUtils.java:logGet(43)) - raft.server.log.purge.gap = 1000000 (custom)
2019-09-12 10:10:36,611 [pool-49-thread-1] INFO  server.RaftServerConfigKeys (ConfUtils.java:logGet(43)) - raft.server.log.appender.buffer.byte-limit = 33554432 (custom)
2019-09-12 10:10:36,611 [pool-49-thread-1] INFO  server.RaftServerConfigKeys (ConfUtils.java:logGet(43)) - raft.server.log.segment.size.max = 1048576 (custom)
2019-09-12 10:10:36,611 [pool-49-thread-1] INFO  server.RaftServerConfigKeys (ConfUtils.java:logGet(43)) - raft.server.log.segment.cache.num.max = 2 (custom)
2019-09-12 10:10:36,611 [pool-49-thread-1] INFO  segmented.SegmentedRaftLogWorker (SegmentedRaftLogWorker.java:<init>(172)) - new bd0a38b2-0ade-4ab9-8ece-056daa626b99-SegmentedRaftLogWorker:Storage Directory /workdir/hadoop-ozone/integration-test/target/test-dir/MiniOzoneClusterImpl-aa909d9c-8689-4ca6-a6e6-f667e4f57e2f/datanode-2/data/ratis/b9a4acbc-06a4-4c17-9c87-373d3d656e3b for RaftStorage:Storage Directory /workdir/hadoop-ozone/integration-test/target/test-dir/MiniOzoneClusterImpl-aa909d9c-8689-4ca6-a6e6-f667e4f57e2f/datanode-2/data/ratis/b9a4acbc-06a4-4c17-9c87-373d3d656e3b
2019-09-12 10:10:36,611 [pool-49-thread-1] INFO  server.RaftServerConfigKeys (ConfUtils.java:logGet(43)) - raft.server.log.queue.byte-limit = 2147483647 (custom)
2019-09-12 10:10:36,612 [pool-49-thread-1] INFO  server.RaftServerConfigKeys (ConfUtils.java:logGet(43)) - raft.server.log.queue.element-limit = 1024 (custom)
2019-09-12 10:10:36,612 [pool-49-thread-1] INFO  server.RaftServerConfigKeys (ConfUtils.java:logGet(43)) - raft.server.log.segment.size.max = 1048576 (custom)
2019-09-12 10:10:36,612 [pool-49-thread-1] INFO  server.RaftServerConfigKeys (ConfUtils.java:logGet(43)) - raft.server.log.preallocated.size = 16384 (custom)
2019-09-12 10:10:36,612 [pool-49-thread-1] INFO  server.RaftServerConfigKeys (ConfUtils.java:logGet(43)) - raft.server.log.write.buffer.size = 33554432 (custom)
2019-09-12 10:10:36,612 [pool-49-thread-1] INFO  server.RaftServerConfigKeys (ConfUtils.java:logGet(43)) - raft.server.log.force.sync.num = 128 (default)
2019-09-12 10:10:36,613 [pool-49-thread-1] INFO  server.RaftServerConfigKeys (ConfUtils.java:logGet(43)) - raft.server.log.statemachine.data.sync = true (default)
2019-09-12 10:10:36,613 [pool-49-thread-1] INFO  server.RaftServerConfigKeys (ConfUtils.java:logGet(43)) - raft.server.log.statemachine.data.sync.timeout = 10s (default)
2019-09-12 10:10:36,613 [pool-49-thread-1] INFO  server.RaftServerConfigKeys (ConfUtils.java:logGet(43)) - raft.server.log.statemachine.data.sync.timeout.retry = -1 (default)
2019-09-12 10:10:36,613 [pool-49-thread-1] INFO  server.RaftServerConfigKeys (ConfUtils.java:logGet(43)) - raft.server.log.statemachine.data.caching.enabled = true (custom)
2019-09-12 10:10:36,614 [pool-49-thread-1] INFO  segmented.SegmentedRaftLogWorker (SegmentedRaftLogWorker.java:lambda$new$0(132)) - bd0a38b2-0ade-4ab9-8ece-056daa626b99-SegmentedRaftLogWorker:Storage Directory /workdir/hadoop-ozone/integration-test/target/test-dir/MiniOzoneClusterImpl-aa909d9c-8689-4ca6-a6e6-f667e4f57e2f/datanode-2/data/ratis/b9a4acbc-06a4-4c17-9c87-373d3d656e3b: flushIndex: setUnconditionally 0 -> -1
2019-09-12 10:10:36,614 [pool-49-thread-1] INFO  server.RaftServerConfigKeys (ConfUtils.java:logGet(43)) - raft.server.snapshot.auto.trigger.enabled = true (custom)
2019-09-12 10:10:36,614 [pool-49-thread-1] INFO  server.RaftServerConfigKeys (ConfUtils.java:logGet(43)) - raft.server.snapshot.auto.trigger.threshold = 10000 (custom)
2019-09-12 10:10:36,615 [pool-49-thread-1] INFO  server.RaftServerConfigKeys (ConfUtils.java:logGet(43)) - raft.server.retrycache.expirytime = 600000ms (custom)
2019-09-12 10:10:36,615 [pool-49-thread-1] INFO  impl.RaftServerImpl (RaftServerImpl.java:start(180)) - bd0a38b2-0ade-4ab9-8ece-056daa626b99: start group-373D3D656E3B
2019-09-12 10:10:36,615 [pool-49-thread-1] INFO  impl.RaftServerImpl (RaftServerImpl.java:setRole(171)) - bd0a38b2-0ade-4ab9-8ece-056daa626b99:group-373D3D656E3B changes role from null to FOLLOWER at term 0 for startAsFollower
2019-09-12 10:10:36,615 [pool-49-thread-1] INFO  impl.RoleInfo (RoleInfo.java:updateAndGet(143)) - bd0a38b2-0ade-4ab9-8ece-056daa626b99: start FollowerState
2019-09-12 10:10:36,616 [pool-49-thread-1] INFO  util.JmxRegister (JmxRegister.java:tryRegister(44)) - Successfully registered JMX Bean with object name Ratis:service=RaftServer,group=group-373D3D656E3B,id=bd0a38b2-0ade-4ab9-8ece-056daa626b99
2019-09-12 10:10:36,622 [RatisPipelineUtilsThread] INFO  pipeline.PipelineStateManager (PipelineStateManager.java:addPipeline(56)) - Created pipeline Pipeline[ Id: b9a4acbc-06a4-4c17-9c87-373d3d656e3b, Nodes: bd0a38b2-0ade-4ab9-8ece-056daa626b99{ip: 192.168.36.114, host: pr-hdds-1569-58hkm-1881083799, networkLocation: /default-rack, certSerialId: null}, Type:RATIS, Factor:ONE, State:OPEN]
2019-09-12 10:10:36,624 [RatisPipelineUtilsThread] ERROR pipeline.PipelinePlacementPolicy (PipelinePlacementPolicy.java:meetCriteria(92)) - Pipeline Placement: Doesn't meet the criteria to be viable node. Heaviness: 6
2019-09-12 10:10:36,624 [RatisPipelineUtilsThread] ERROR pipeline.PipelinePlacementPolicy (PipelinePlacementPolicy.java:meetCriteria(92)) - Pipeline Placement: Doesn't meet the criteria to be viable node. Heaviness: 6
2019-09-12 10:10:36,624 [RatisPipelineUtilsThread] ERROR pipeline.PipelinePlacementPolicy (PipelinePlacementPolicy.java:meetCriteria(92)) - Pipeline Placement: Doesn't meet the criteria to be viable node. Heaviness: 6
2019-09-12 10:10:36,625 [RatisPipelineUtilsThread] ERROR pipeline.PipelinePlacementPolicy (PipelinePlacementPolicy.java:meetCriteria(92)) - Pipeline Placement: Doesn't meet the criteria to be viable node. Heaviness: 6
2019-09-12 10:10:36,636 [grpc-default-executor-0] INFO  impl.RaftServerProxy (RaftServerProxy.java:addNew(89)) - c257187d-6013-41a0-a6c3-70113601683b: addNew group-4BADC00B754B:[c257187d-6013-41a0-a6c3-70113601683b:192.168.36.114:44904] returns group-4BADC00B754B:java.util.concurrent.CompletableFuture@3f09616a[Not completed]
2019-09-12 10:10:36,638 [pool-71-thread-1] INFO  impl.RaftServerImpl (RaftServerImpl.java:<init>(93)) - c257187d-6013-41a0-a6c3-70113601683b: new RaftServerImpl for group-4BADC00B754B:[c257187d-6013-41a0-a6c3-70113601683b:192.168.36.114:44904] with ContainerStateMachine:uninitialized
2019-09-12 10:10:36,638 [pool-71-thread-1] INFO  server.RaftServerConfigKeys (ConfUtils.java:logGet(43)) - raft.server.rpc.timeout.min = 5s (custom)
2019-09-12 10:10:36,638 [pool-71-thread-1] INFO  server.RaftServerConfigKeys (ConfUtils.java:logGet(43)) - raft.server.rpc.timeout.max = 5200ms (custom)
2019-09-12 10:10:36,638 [pool-71-thread-1] INFO  server.RaftServerConfigKeys (ConfUtils.java:logGet(43)) - raft.server.rpcslowness.timeout = 120s (custom)
2019-09-12 10:10:36,639 [pool-71-thread-1] INFO  server.RaftServerConfigKeys (ConfUtils.java:logGet(43)) - raft.server.sleep.deviation.threshold = 300 (default)
2019-09-12 10:10:36,639 [pool-71-thread-1] INFO  server.RaftServerConfigKeys (ConfUtils.java:logGet(43)) - raft.server.log.appender.install.snapshot.enabled = false (custom)
2019-09-12 10:10:36,639 [pool-71-thread-1] INFO  impl.RaftServerImpl (ServerState.java:<init>(105)) - c257187d-6013-41a0-a6c3-70113601683b:group-4BADC00B754B ConfigurationManager, init=-1: [c257187d-6013-41a0-a6c3-70113601683b:192.168.36.114:44904], old=null, confs=<EMPTY_MAP>
2019-09-12 10:10:36,639 [pool-71-thread-1] INFO  server.RaftServerConfigKeys (ConfUtils.java:logGet(43)) - raft.server.storage.dir = [/workdir/hadoop-ozone/integration-test/target/test-dir/MiniOzoneClusterImpl-aa909d9c-8689-4ca6-a6e6-f667e4f57e2f/datanode-4/data/ratis] (custom)
2019-09-12 10:10:36,640 [pool-71-thread-1] INFO  storage.RaftStorageDirectory (RaftStorageDirectory.java:analyzeStorage(246)) - The storage directory /workdir/hadoop-ozone/integration-test/target/test-dir/MiniOzoneClusterImpl-aa909d9c-8689-4ca6-a6e6-f667e4f57e2f/datanode-4/data/ratis/83bb6480-4f28-44b4-acf8-4badc00b754b does not exist. Creating ...
2019-09-12 10:10:36,701 [pool-71-thread-1] INFO  storage.RaftStorageDirectory (RaftStorageDirectory.java:tryLock(328)) - Lock on /workdir/hadoop-ozone/integration-test/target/test-dir/MiniOzoneClusterImpl-aa909d9c-8689-4ca6-a6e6-f667e4f57e2f/datanode-4/data/ratis/83bb6480-4f28-44b4-acf8-4badc00b754b/in_use.lock acquired by nodename 5279@pr-hdds-1569-58hkm-1881083799
2019-09-12 10:10:36,742 [pool-71-thread-1] INFO  storage.RaftStorage (RaftStorage.java:format(72)) - Storage directory /workdir/hadoop-ozone/integration-test/target/test-dir/MiniOzoneClusterImpl-aa909d9c-8689-4ca6-a6e6-f667e4f57e2f/datanode-4/data/ratis/83bb6480-4f28-44b4-acf8-4badc00b754b has been successfully formatted.
2019-09-12 10:10:36,743 [pool-71-thread-1] INFO  ratis.ContainerStateMachine (ContainerStateMachine.java:loadSnapshot(226)) - group-4BADC00B754B: The snapshot info is null. Setting the last applied indexto:(t:0, i:~)
2019-09-12 10:10:36,743 [pool-71-thread-1] INFO  server.RaftServerConfigKeys (ConfUtils.java:logGet(43)) - raft.server.leader.election.timeout = 120s (custom)
2019-09-12 10:10:36,743 [pool-71-thread-1] INFO  server.RaftServerConfigKeys (ConfUtils.java:logGet(43)) - raft.server.log.use.memory = false (default)
2019-09-12 10:10:36,743 [pool-71-thread-1] INFO  server.RaftServerConfigKeys (ConfUtils.java:logGet(43)) - raft.server.log.purge.gap = 1000000 (custom)
2019-09-12 10:10:36,744 [pool-71-thread-1] INFO  server.RaftServerConfigKeys (ConfUtils.java:logGet(43)) - raft.server.log.appender.buffer.byte-limit = 33554432 (custom)
2019-09-12 10:10:36,744 [pool-71-thread-1] INFO  server.RaftServerConfigKeys (ConfUtils.java:logGet(43)) - raft.server.log.segment.size.max = 1048576 (custom)
2019-09-12 10:10:36,744 [pool-71-thread-1] INFO  server.RaftServerConfigKeys (ConfUtils.java:logGet(43)) - raft.server.log.segment.cache.num.max = 2 (custom)
2019-09-12 10:10:36,744 [pool-71-thread-1] INFO  segmented.SegmentedRaftLogWorker (SegmentedRaftLogWorker.java:<init>(172)) - new c257187d-6013-41a0-a6c3-70113601683b-SegmentedRaftLogWorker:Storage Directory /workdir/hadoop-ozone/integration-test/target/test-dir/MiniOzoneClusterImpl-aa909d9c-8689-4ca6-a6e6-f667e4f57e2f/datanode-4/data/ratis/83bb6480-4f28-44b4-acf8-4badc00b754b for RaftStorage:Storage Directory /workdir/hadoop-ozone/integration-test/target/test-dir/MiniOzoneClusterImpl-aa909d9c-8689-4ca6-a6e6-f667e4f57e2f/datanode-4/data/ratis/83bb6480-4f28-44b4-acf8-4badc00b754b
2019-09-12 10:10:36,744 [pool-71-thread-1] INFO  server.RaftServerConfigKeys (ConfUtils.java:logGet(43)) - raft.server.log.queue.byte-limit = 2147483647 (custom)
2019-09-12 10:10:36,745 [pool-71-thread-1] INFO  server.RaftServerConfigKeys (ConfUtils.java:logGet(43)) - raft.server.log.queue.element-limit = 1024 (custom)
2019-09-12 10:10:36,745 [pool-71-thread-1] INFO  server.RaftServerConfigKeys (ConfUtils.java:logGet(43)) - raft.server.log.segment.size.max = 1048576 (custom)
2019-09-12 10:10:36,745 [pool-71-thread-1] INFO  server.RaftServerConfigKeys (ConfUtils.java:logGet(43)) - raft.server.log.preallocated.size = 16384 (custom)
2019-09-12 10:10:36,745 [pool-71-thread-1] INFO  server.RaftServerConfigKeys (ConfUtils.java:logGet(43)) - raft.server.log.write.buffer.size = 33554432 (custom)
2019-09-12 10:10:36,745 [pool-71-thread-1] INFO  server.RaftServerConfigKeys (ConfUtils.java:logGet(43)) - raft.server.log.force.sync.num = 128 (default)
2019-09-12 10:10:36,745 [pool-71-thread-1] INFO  server.RaftServerConfigKeys (ConfUtils.java:logGet(43)) - raft.server.log.statemachine.data.sync = true (default)
2019-09-12 10:10:36,746 [pool-71-thread-1] INFO  server.RaftServerConfigKeys (ConfUtils.java:logGet(43)) - raft.server.log.statemachine.data.sync.timeout = 10s (default)
2019-09-12 10:10:36,746 [pool-71-thread-1] INFO  server.RaftServerConfigKeys (ConfUtils.java:logGet(43)) - raft.server.log.statemachine.data.sync.timeout.retry = -1 (default)
2019-09-12 10:10:36,746 [pool-71-thread-1] INFO  server.RaftServerConfigKeys (ConfUtils.java:logGet(43)) - raft.server.log.statemachine.data.caching.enabled = true (custom)
2019-09-12 10:10:36,746 [pool-71-thread-1] INFO  segmented.SegmentedRaftLogWorker (SegmentedRaftLogWorker.java:lambda$new$0(132)) - c257187d-6013-41a0-a6c3-70113601683b-SegmentedRaftLogWorker:Storage Directory /workdir/hadoop-ozone/integration-test/target/test-dir/MiniOzoneClusterImpl-aa909d9c-8689-4ca6-a6e6-f667e4f57e2f/datanode-4/data/ratis/83bb6480-4f28-44b4-acf8-4badc00b754b: flushIndex: setUnconditionally 0 -> -1
2019-09-12 10:10:36,747 [pool-71-thread-1] INFO  server.RaftServerConfigKeys (ConfUtils.java:logGet(43)) - raft.server.snapshot.auto.trigger.enabled = true (custom)
2019-09-12 10:10:36,747 [pool-71-thread-1] INFO  server.RaftServerConfigKeys (ConfUtils.java:logGet(43)) - raft.server.snapshot.auto.trigger.threshold = 10000 (custom)
2019-09-12 10:10:36,747 [pool-71-thread-1] INFO  server.RaftServerConfigKeys (ConfUtils.java:logGet(43)) - raft.server.retrycache.expirytime = 600000ms (custom)
2019-09-12 10:10:36,748 [pool-71-thread-1] INFO  impl.RaftServerImpl (RaftServerImpl.java:start(180)) - c257187d-6013-41a0-a6c3-70113601683b: start group-4BADC00B754B
2019-09-12 10:10:36,748 [pool-71-thread-1] INFO  impl.RaftServerImpl (RaftServerImpl.java:setRole(171)) - c257187d-6013-41a0-a6c3-70113601683b:group-4BADC00B754B changes role from null to FOLLOWER at term 0 for startAsFollower
2019-09-12 10:10:36,748 [pool-71-thread-1] INFO  impl.RoleInfo (RoleInfo.java:updateAndGet(143)) - c257187d-6013-41a0-a6c3-70113601683b: start FollowerState
2019-09-12 10:10:36,749 [pool-71-thread-1] INFO  util.JmxRegister (JmxRegister.java:tryRegister(44)) - Successfully registered JMX Bean with object name Ratis:service=RaftServer,group=group-4BADC00B754B,id=c257187d-6013-41a0-a6c3-70113601683b
2019-09-12 10:10:36,754 [RatisPipelineUtilsThread] INFO  pipeline.PipelineStateManager (PipelineStateManager.java:addPipeline(56)) - Created pipeline Pipeline[ Id: 83bb6480-4f28-44b4-acf8-4badc00b754b, Nodes: c257187d-6013-41a0-a6c3-70113601683b{ip: 192.168.36.114, host: pr-hdds-1569-58hkm-1881083799, networkLocation: /default-rack, certSerialId: null}, Type:RATIS, Factor:ONE, State:OPEN]
2019-09-12 10:10:36,756 [RatisPipelineUtilsThread] ERROR pipeline.PipelinePlacementPolicy (PipelinePlacementPolicy.java:meetCriteria(92)) - Pipeline Placement: Doesn't meet the criteria to be viable node. Heaviness: 6
2019-09-12 10:10:36,756 [RatisPipelineUtilsThread] ERROR pipeline.PipelinePlacementPolicy (PipelinePlacementPolicy.java:meetCriteria(92)) - Pipeline Placement: Doesn't meet the criteria to be viable node. Heaviness: 6
2019-09-12 10:10:36,757 [RatisPipelineUtilsThread] ERROR pipeline.PipelinePlacementPolicy (PipelinePlacementPolicy.java:meetCriteria(92)) - Pipeline Placement: Doesn't meet the criteria to be viable node. Heaviness: 6
2019-09-12 10:10:36,757 [RatisPipelineUtilsThread] ERROR pipeline.PipelinePlacementPolicy (PipelinePlacementPolicy.java:meetCriteria(92)) - Pipeline Placement: Doesn't meet the criteria to be viable node. Heaviness: 6
2019-09-12 10:10:36,767 [grpc-default-executor-0] INFO  impl.RaftServerProxy (RaftServerProxy.java:addNew(89)) - c257187d-6013-41a0-a6c3-70113601683b: addNew group-1EDBFD30CD4F:[c257187d-6013-41a0-a6c3-70113601683b:192.168.36.114:44904] returns group-1EDBFD30CD4F:java.util.concurrent.CompletableFuture@20957249[Not completed]
2019-09-12 10:10:36,769 [pool-71-thread-1] INFO  impl.RaftServerImpl (RaftServerImpl.java:<init>(93)) - c257187d-6013-41a0-a6c3-70113601683b: new RaftServerImpl for group-1EDBFD30CD4F:[c257187d-6013-41a0-a6c3-70113601683b:192.168.36.114:44904] with ContainerStateMachine:uninitialized
2019-09-12 10:10:36,769 [pool-71-thread-1] INFO  server.RaftServerConfigKeys (ConfUtils.java:logGet(43)) - raft.server.rpc.timeout.min = 5s (custom)
2019-09-12 10:10:36,769 [pool-71-thread-1] INFO  server.RaftServerConfigKeys (ConfUtils.java:logGet(43)) - raft.server.rpc.timeout.max = 5200ms (custom)
2019-09-12 10:10:36,769 [pool-71-thread-1] INFO  server.RaftServerConfigKeys (ConfUtils.java:logGet(43)) - raft.server.rpcslowness.timeout = 120s (custom)
2019-09-12 10:10:36,769 [pool-71-thread-1] INFO  server.RaftServerConfigKeys (ConfUtils.java:logGet(43)) - raft.server.sleep.deviation.threshold = 300 (default)
2019-09-12 10:10:36,769 [pool-71-thread-1] INFO  server.RaftServerConfigKeys (ConfUtils.java:logGet(43)) - raft.server.log.appender.install.snapshot.enabled = false (custom)
2019-09-12 10:10:36,770 [pool-71-thread-1] INFO  impl.RaftServerImpl (ServerState.java:<init>(105)) - c257187d-6013-41a0-a6c3-70113601683b:group-1EDBFD30CD4F ConfigurationManager, init=-1: [c257187d-6013-41a0-a6c3-70113601683b:192.168.36.114:44904], old=null, confs=<EMPTY_MAP>
2019-09-12 10:10:36,770 [pool-71-thread-1] INFO  server.RaftServerConfigKeys (ConfUtils.java:logGet(43)) - raft.server.storage.dir = [/workdir/hadoop-ozone/integration-test/target/test-dir/MiniOzoneClusterImpl-aa909d9c-8689-4ca6-a6e6-f667e4f57e2f/datanode-4/data/ratis] (custom)
2019-09-12 10:10:36,770 [pool-71-thread-1] INFO  storage.RaftStorageDirectory (RaftStorageDirectory.java:analyzeStorage(246)) - The storage directory /workdir/hadoop-ozone/integration-test/target/test-dir/MiniOzoneClusterImpl-aa909d9c-8689-4ca6-a6e6-f667e4f57e2f/datanode-4/data/ratis/a6e09a02-427a-443e-b3e6-1edbfd30cd4f does not exist. Creating ...
2019-09-12 10:10:36,791 [pool-71-thread-1] INFO  storage.RaftStorageDirectory (RaftStorageDirectory.java:tryLock(328)) - Lock on /workdir/hadoop-ozone/integration-test/target/test-dir/MiniOzoneClusterImpl-aa909d9c-8689-4ca6-a6e6-f667e4f57e2f/datanode-4/data/ratis/a6e09a02-427a-443e-b3e6-1edbfd30cd4f/in_use.lock acquired by nodename 5279@pr-hdds-1569-58hkm-1881083799
2019-09-12 10:10:36,804 [pool-71-thread-1] INFO  storage.RaftStorage (RaftStorage.java:format(72)) - Storage directory /workdir/hadoop-ozone/integration-test/target/test-dir/MiniOzoneClusterImpl-aa909d9c-8689-4ca6-a6e6-f667e4f57e2f/datanode-4/data/ratis/a6e09a02-427a-443e-b3e6-1edbfd30cd4f has been successfully formatted.
2019-09-12 10:10:36,804 [pool-71-thread-1] INFO  ratis.ContainerStateMachine (ContainerStateMachine.java:loadSnapshot(226)) - group-1EDBFD30CD4F: The snapshot info is null. Setting the last applied indexto:(t:0, i:~)
2019-09-12 10:10:36,805 [pool-71-thread-1] INFO  server.RaftServerConfigKeys (ConfUtils.java:logGet(43)) - raft.server.leader.election.timeout = 120s (custom)
2019-09-12 10:10:36,805 [pool-71-thread-1] INFO  server.RaftServerConfigKeys (ConfUtils.java:logGet(43)) - raft.server.log.use.memory = false (default)
2019-09-12 10:10:36,805 [pool-71-thread-1] INFO  server.RaftServerConfigKeys (ConfUtils.java:logGet(43)) - raft.server.log.purge.gap = 1000000 (custom)
2019-09-12 10:10:36,805 [pool-71-thread-1] INFO  server.RaftServerConfigKeys (ConfUtils.java:logGet(43)) - raft.server.log.appender.buffer.byte-limit = 33554432 (custom)
2019-09-12 10:10:36,805 [pool-71-thread-1] INFO  server.RaftServerConfigKeys (ConfUtils.java:logGet(43)) - raft.server.log.segment.size.max = 1048576 (custom)
2019-09-12 10:10:36,806 [pool-71-thread-1] INFO  server.RaftServerConfigKeys (ConfUtils.java:logGet(43)) - raft.server.log.segment.cache.num.max = 2 (custom)
2019-09-12 10:10:36,806 [pool-71-thread-1] INFO  segmented.SegmentedRaftLogWorker (SegmentedRaftLogWorker.java:<init>(172)) - new c257187d-6013-41a0-a6c3-70113601683b-SegmentedRaftLogWorker:Storage Directory /workdir/hadoop-ozone/integration-test/target/test-dir/MiniOzoneClusterImpl-aa909d9c-8689-4ca6-a6e6-f667e4f57e2f/datanode-4/data/ratis/a6e09a02-427a-443e-b3e6-1edbfd30cd4f for RaftStorage:Storage Directory /workdir/hadoop-ozone/integration-test/target/test-dir/MiniOzoneClusterImpl-aa909d9c-8689-4ca6-a6e6-f667e4f57e2f/datanode-4/data/ratis/a6e09a02-427a-443e-b3e6-1edbfd30cd4f
2019-09-12 10:10:36,806 [pool-71-thread-1] INFO  server.RaftServerConfigKeys (ConfUtils.java:logGet(43)) - raft.server.log.queue.byte-limit = 2147483647 (custom)
2019-09-12 10:10:36,806 [pool-71-thread-1] INFO  server.RaftServerConfigKeys (ConfUtils.java:logGet(43)) - raft.server.log.queue.element-limit = 1024 (custom)
2019-09-12 10:10:36,806 [pool-71-thread-1] INFO  server.RaftServerConfigKeys (ConfUtils.java:logGet(43)) - raft.server.log.segment.size.max = 1048576 (custom)
2019-09-12 10:10:36,806 [pool-71-thread-1] INFO  server.RaftServerConfigKeys (ConfUtils.java:logGet(43)) - raft.server.log.preallocated.size = 16384 (custom)
2019-09-12 10:10:36,806 [pool-71-thread-1] INFO  server.RaftServerConfigKeys (ConfUtils.java:logGet(43)) - raft.server.log.write.buffer.size = 33554432 (custom)
2019-09-12 10:10:36,807 [pool-71-thread-1] INFO  server.RaftServerConfigKeys (ConfUtils.java:logGet(43)) - raft.server.log.force.sync.num = 128 (default)
2019-09-12 10:10:36,807 [pool-71-thread-1] INFO  server.RaftServerConfigKeys (ConfUtils.java:logGet(43)) - raft.server.log.statemachine.data.sync = true (default)
2019-09-12 10:10:36,807 [pool-71-thread-1] INFO  server.RaftServerConfigKeys (ConfUtils.java:logGet(43)) - raft.server.log.statemachine.data.sync.timeout = 10s (default)
2019-09-12 10:10:36,807 [pool-71-thread-1] INFO  server.RaftServerConfigKeys (ConfUtils.java:logGet(43)) - raft.server.log.statemachine.data.sync.timeout.retry = -1 (default)
2019-09-12 10:10:36,807 [pool-71-thread-1] INFO  server.RaftServerConfigKeys (ConfUtils.java:logGet(43)) - raft.server.log.statemachine.data.caching.enabled = true (custom)
2019-09-12 10:10:36,808 [pool-71-thread-1] INFO  segmented.SegmentedRaftLogWorker (SegmentedRaftLogWorker.java:lambda$new$0(132)) - c257187d-6013-41a0-a6c3-70113601683b-SegmentedRaftLogWorker:Storage Directory /workdir/hadoop-ozone/integration-test/target/test-dir/MiniOzoneClusterImpl-aa909d9c-8689-4ca6-a6e6-f667e4f57e2f/datanode-4/data/ratis/a6e09a02-427a-443e-b3e6-1edbfd30cd4f: flushIndex: setUnconditionally 0 -> -1
2019-09-12 10:10:36,808 [pool-71-thread-1] INFO  server.RaftServerConfigKeys (ConfUtils.java:logGet(43)) - raft.server.snapshot.auto.trigger.enabled = true (custom)
2019-09-12 10:10:36,808 [pool-71-thread-1] INFO  server.RaftServerConfigKeys (ConfUtils.java:logGet(43)) - raft.server.snapshot.auto.trigger.threshold = 10000 (custom)
2019-09-12 10:10:36,808 [pool-71-thread-1] INFO  server.RaftServerConfigKeys (ConfUtils.java:logGet(43)) - raft.server.retrycache.expirytime = 600000ms (custom)
2019-09-12 10:10:36,809 [pool-71-thread-1] INFO  impl.RaftServerImpl (RaftServerImpl.java:start(180)) - c257187d-6013-41a0-a6c3-70113601683b: start group-1EDBFD30CD4F
2019-09-12 10:10:36,809 [pool-71-thread-1] INFO  impl.RaftServerImpl (RaftServerImpl.java:setRole(171)) - c257187d-6013-41a0-a6c3-70113601683b:group-1EDBFD30CD4F changes role from null to FOLLOWER at term 0 for startAsFollower
2019-09-12 10:10:36,809 [pool-71-thread-1] INFO  impl.RoleInfo (RoleInfo.java:updateAndGet(143)) - c257187d-6013-41a0-a6c3-70113601683b: start FollowerState
2019-09-12 10:10:36,809 [pool-71-thread-1] INFO  util.JmxRegister (JmxRegister.java:tryRegister(44)) - Successfully registered JMX Bean with object name Ratis:service=RaftServer,group=group-1EDBFD30CD4F,id=c257187d-6013-41a0-a6c3-70113601683b
2019-09-12 10:10:36,814 [RatisPipelineUtilsThread] INFO  pipeline.PipelineStateManager (PipelineStateManager.java:addPipeline(56)) - Created pipeline Pipeline[ Id: a6e09a02-427a-443e-b3e6-1edbfd30cd4f, Nodes: c257187d-6013-41a0-a6c3-70113601683b{ip: 192.168.36.114, host: pr-hdds-1569-58hkm-1881083799, networkLocation: /default-rack, certSerialId: null}, Type:RATIS, Factor:ONE, State:OPEN]
2019-09-12 10:10:36,816 [RatisPipelineUtilsThread] ERROR pipeline.PipelinePlacementPolicy (PipelinePlacementPolicy.java:meetCriteria(92)) - Pipeline Placement: Doesn't meet the criteria to be viable node. Heaviness: 6
2019-09-12 10:10:36,816 [RatisPipelineUtilsThread] ERROR pipeline.PipelinePlacementPolicy (PipelinePlacementPolicy.java:meetCriteria(92)) - Pipeline Placement: Doesn't meet the criteria to be viable node. Heaviness: 6
2019-09-12 10:10:36,816 [RatisPipelineUtilsThread] ERROR pipeline.PipelinePlacementPolicy (PipelinePlacementPolicy.java:meetCriteria(92)) - Pipeline Placement: Doesn't meet the criteria to be viable node. Heaviness: 6
2019-09-12 10:10:36,816 [RatisPipelineUtilsThread] ERROR pipeline.PipelinePlacementPolicy (PipelinePlacementPolicy.java:meetCriteria(92)) - Pipeline Placement: Doesn't meet the criteria to be viable node. Heaviness: 6
2019-09-12 10:10:36,826 [grpc-default-executor-0] INFO  impl.RaftServerProxy (RaftServerProxy.java:addNew(89)) - c257187d-6013-41a0-a6c3-70113601683b: addNew group-3D3E53DC3FA1:[c257187d-6013-41a0-a6c3-70113601683b:192.168.36.114:44904] returns group-3D3E53DC3FA1:java.util.concurrent.CompletableFuture@755ea04b[Not completed]
2019-09-12 10:10:36,827 [pool-71-thread-1] INFO  impl.RaftServerImpl (RaftServerImpl.java:<init>(93)) - c257187d-6013-41a0-a6c3-70113601683b: new RaftServerImpl for group-3D3E53DC3FA1:[c257187d-6013-41a0-a6c3-70113601683b:192.168.36.114:44904] with ContainerStateMachine:uninitialized
2019-09-12 10:10:36,827 [pool-71-thread-1] INFO  server.RaftServerConfigKeys (ConfUtils.java:logGet(43)) - raft.server.rpc.timeout.min = 5s (custom)
2019-09-12 10:10:36,828 [pool-71-thread-1] INFO  server.RaftServerConfigKeys (ConfUtils.java:logGet(43)) - raft.server.rpc.timeout.max = 5200ms (custom)
2019-09-12 10:10:36,828 [pool-71-thread-1] INFO  server.RaftServerConfigKeys (ConfUtils.java:logGet(43)) - raft.server.rpcslowness.timeout = 120s (custom)
2019-09-12 10:10:36,828 [pool-71-thread-1] INFO  server.RaftServerConfigKeys (ConfUtils.java:logGet(43)) - raft.server.sleep.deviation.threshold = 300 (default)
2019-09-12 10:10:36,828 [pool-71-thread-1] INFO  server.RaftServerConfigKeys (ConfUtils.java:logGet(43)) - raft.server.log.appender.install.snapshot.enabled = false (custom)
2019-09-12 10:10:36,828 [pool-71-thread-1] INFO  impl.RaftServerImpl (ServerState.java:<init>(105)) - c257187d-6013-41a0-a6c3-70113601683b:group-3D3E53DC3FA1 ConfigurationManager, init=-1: [c257187d-6013-41a0-a6c3-70113601683b:192.168.36.114:44904], old=null, confs=<EMPTY_MAP>
2019-09-12 10:10:36,828 [pool-71-thread-1] INFO  server.RaftServerConfigKeys (ConfUtils.java:logGet(43)) - raft.server.storage.dir = [/workdir/hadoop-ozone/integration-test/target/test-dir/MiniOzoneClusterImpl-aa909d9c-8689-4ca6-a6e6-f667e4f57e2f/datanode-4/data/ratis] (custom)
2019-09-12 10:10:36,829 [pool-71-thread-1] INFO  storage.RaftStorageDirectory (RaftStorageDirectory.java:analyzeStorage(246)) - The storage directory /workdir/hadoop-ozone/integration-test/target/test-dir/MiniOzoneClusterImpl-aa909d9c-8689-4ca6-a6e6-f667e4f57e2f/datanode-4/data/ratis/d920007f-0706-4602-a040-3d3e53dc3fa1 does not exist. Creating ...
2019-09-12 10:10:36,887 [pool-71-thread-1] INFO  storage.RaftStorageDirectory (RaftStorageDirectory.java:tryLock(328)) - Lock on /workdir/hadoop-ozone/integration-test/target/test-dir/MiniOzoneClusterImpl-aa909d9c-8689-4ca6-a6e6-f667e4f57e2f/datanode-4/data/ratis/d920007f-0706-4602-a040-3d3e53dc3fa1/in_use.lock acquired by nodename 5279@pr-hdds-1569-58hkm-1881083799
2019-09-12 10:10:36,912 [pool-71-thread-1] INFO  storage.RaftStorage (RaftStorage.java:format(72)) - Storage directory /workdir/hadoop-ozone/integration-test/target/test-dir/MiniOzoneClusterImpl-aa909d9c-8689-4ca6-a6e6-f667e4f57e2f/datanode-4/data/ratis/d920007f-0706-4602-a040-3d3e53dc3fa1 has been successfully formatted.
2019-09-12 10:10:36,912 [pool-71-thread-1] INFO  ratis.ContainerStateMachine (ContainerStateMachine.java:loadSnapshot(226)) - group-3D3E53DC3FA1: The snapshot info is null. Setting the last applied indexto:(t:0, i:~)
2019-09-12 10:10:36,912 [pool-71-thread-1] INFO  server.RaftServerConfigKeys (ConfUtils.java:logGet(43)) - raft.server.leader.election.timeout = 120s (custom)
2019-09-12 10:10:36,912 [pool-71-thread-1] INFO  server.RaftServerConfigKeys (ConfUtils.java:logGet(43)) - raft.server.log.use.memory = false (default)
2019-09-12 10:10:36,913 [pool-71-thread-1] INFO  server.RaftServerConfigKeys (ConfUtils.java:logGet(43)) - raft.server.log.purge.gap = 1000000 (custom)
2019-09-12 10:10:36,913 [pool-71-thread-1] INFO  server.RaftServerConfigKeys (ConfUtils.java:logGet(43)) - raft.server.log.appender.buffer.byte-limit = 33554432 (custom)
2019-09-12 10:10:36,913 [pool-71-thread-1] INFO  server.RaftServerConfigKeys (ConfUtils.java:logGet(43)) - raft.server.log.segment.size.max = 1048576 (custom)
2019-09-12 10:10:36,913 [pool-71-thread-1] INFO  server.RaftServerConfigKeys (ConfUtils.java:logGet(43)) - raft.server.log.segment.cache.num.max = 2 (custom)
2019-09-12 10:10:36,913 [pool-71-thread-1] INFO  segmented.SegmentedRaftLogWorker (SegmentedRaftLogWorker.java:<init>(172)) - new c257187d-6013-41a0-a6c3-70113601683b-SegmentedRaftLogWorker:Storage Directory /workdir/hadoop-ozone/integration-test/target/test-dir/MiniOzoneClusterImpl-aa909d9c-8689-4ca6-a6e6-f667e4f57e2f/datanode-4/data/ratis/d920007f-0706-4602-a040-3d3e53dc3fa1 for RaftStorage:Storage Directory /workdir/hadoop-ozone/integration-test/target/test-dir/MiniOzoneClusterImpl-aa909d9c-8689-4ca6-a6e6-f667e4f57e2f/datanode-4/data/ratis/d920007f-0706-4602-a040-3d3e53dc3fa1
2019-09-12 10:10:36,913 [pool-71-thread-1] INFO  server.RaftServerConfigKeys (ConfUtils.java:logGet(43)) - raft.server.log.queue.byte-limit = 2147483647 (custom)
2019-09-12 10:10:36,914 [pool-71-thread-1] INFO  server.RaftServerConfigKeys (ConfUtils.java:logGet(43)) - raft.server.log.queue.element-limit = 1024 (custom)
2019-09-12 10:10:36,914 [pool-71-thread-1] INFO  server.RaftServerConfigKeys (ConfUtils.java:logGet(43)) - raft.server.log.segment.size.max = 1048576 (custom)
2019-09-12 10:10:36,914 [pool-71-thread-1] INFO  server.RaftServerConfigKeys (ConfUtils.java:logGet(43)) - raft.server.log.preallocated.size = 16384 (custom)
2019-09-12 10:10:36,914 [pool-71-thread-1] INFO  server.RaftServerConfigKeys (ConfUtils.java:logGet(43)) - raft.server.log.write.buffer.size = 33554432 (custom)
2019-09-12 10:10:36,914 [pool-71-thread-1] INFO  server.RaftServerConfigKeys (ConfUtils.java:logGet(43)) - raft.server.log.force.sync.num = 128 (default)
2019-09-12 10:10:36,915 [pool-71-thread-1] INFO  server.RaftServerConfigKeys (ConfUtils.java:logGet(43)) - raft.server.log.statemachine.data.sync = true (default)
2019-09-12 10:10:36,915 [pool-71-thread-1] INFO  server.RaftServerConfigKeys (ConfUtils.java:logGet(43)) - raft.server.log.statemachine.data.sync.timeout = 10s (default)
2019-09-12 10:10:36,915 [pool-71-thread-1] INFO  server.RaftServerConfigKeys (ConfUtils.java:logGet(43)) - raft.server.log.statemachine.data.sync.timeout.retry = -1 (default)
2019-09-12 10:10:36,915 [pool-71-thread-1] INFO  server.RaftServerConfigKeys (ConfUtils.java:logGet(43)) - raft.server.log.statemachine.data.caching.enabled = true (custom)
2019-09-12 10:10:36,916 [pool-71-thread-1] INFO  segmented.SegmentedRaftLogWorker (SegmentedRaftLogWorker.java:lambda$new$0(132)) - c257187d-6013-41a0-a6c3-70113601683b-SegmentedRaftLogWorker:Storage Directory /workdir/hadoop-ozone/integration-test/target/test-dir/MiniOzoneClusterImpl-aa909d9c-8689-4ca6-a6e6-f667e4f57e2f/datanode-4/data/ratis/d920007f-0706-4602-a040-3d3e53dc3fa1: flushIndex: setUnconditionally 0 -> -1
2019-09-12 10:10:36,916 [pool-71-thread-1] INFO  server.RaftServerConfigKeys (ConfUtils.java:logGet(43)) - raft.server.snapshot.auto.trigger.enabled = true (custom)
2019-09-12 10:10:36,916 [pool-71-thread-1] INFO  server.RaftServerConfigKeys (ConfUtils.java:logGet(43)) - raft.server.snapshot.auto.trigger.threshold = 10000 (custom)
2019-09-12 10:10:36,916 [pool-71-thread-1] INFO  server.RaftServerConfigKeys (ConfUtils.java:logGet(43)) - raft.server.retrycache.expirytime = 600000ms (custom)
2019-09-12 10:10:36,917 [pool-71-thread-1] INFO  impl.RaftServerImpl (RaftServerImpl.java:start(180)) - c257187d-6013-41a0-a6c3-70113601683b: start group-3D3E53DC3FA1
2019-09-12 10:10:36,917 [pool-71-thread-1] INFO  impl.RaftServerImpl (RaftServerImpl.java:setRole(171)) - c257187d-6013-41a0-a6c3-70113601683b:group-3D3E53DC3FA1 changes role from null to FOLLOWER at term 0 for startAsFollower
2019-09-12 10:10:36,917 [pool-71-thread-1] INFO  impl.RoleInfo (RoleInfo.java:updateAndGet(143)) - c257187d-6013-41a0-a6c3-70113601683b: start FollowerState
2019-09-12 10:10:36,917 [pool-71-thread-1] INFO  util.JmxRegister (JmxRegister.java:tryRegister(44)) - Successfully registered JMX Bean with object name Ratis:service=RaftServer,group=group-3D3E53DC3FA1,id=c257187d-6013-41a0-a6c3-70113601683b
2019-09-12 10:10:36,922 [RatisPipelineUtilsThread] INFO  pipeline.PipelineStateManager (PipelineStateManager.java:addPipeline(56)) - Created pipeline Pipeline[ Id: d920007f-0706-4602-a040-3d3e53dc3fa1, Nodes: c257187d-6013-41a0-a6c3-70113601683b{ip: 192.168.36.114, host: pr-hdds-1569-58hkm-1881083799, networkLocation: /default-rack, certSerialId: null}, Type:RATIS, Factor:ONE, State:OPEN]
2019-09-12 10:10:36,924 [RatisPipelineUtilsThread] ERROR pipeline.PipelinePlacementPolicy (PipelinePlacementPolicy.java:meetCriteria(92)) - Pipeline Placement: Doesn't meet the criteria to be viable node. Heaviness: 6
2019-09-12 10:10:36,924 [RatisPipelineUtilsThread] ERROR pipeline.PipelinePlacementPolicy (PipelinePlacementPolicy.java:meetCriteria(92)) - Pipeline Placement: Doesn't meet the criteria to be viable node. Heaviness: 6
2019-09-12 10:10:36,925 [RatisPipelineUtilsThread] ERROR pipeline.PipelinePlacementPolicy (PipelinePlacementPolicy.java:meetCriteria(92)) - Pipeline Placement: Doesn't meet the criteria to be viable node. Heaviness: 6
2019-09-12 10:10:36,925 [RatisPipelineUtilsThread] ERROR pipeline.PipelinePlacementPolicy (PipelinePlacementPolicy.java:meetCriteria(92)) - Pipeline Placement: Doesn't meet the criteria to be viable node. Heaviness: 6
2019-09-12 10:10:36,935 [grpc-default-executor-0] INFO  impl.RaftServerProxy (RaftServerProxy.java:addNew(89)) - c257187d-6013-41a0-a6c3-70113601683b: addNew group-862F6AC95EB3:[c257187d-6013-41a0-a6c3-70113601683b:192.168.36.114:44904] returns group-862F6AC95EB3:java.util.concurrent.CompletableFuture@273bbcac[Not completed]
2019-09-12 10:10:36,936 [pool-71-thread-1] INFO  impl.RaftServerImpl (RaftServerImpl.java:<init>(93)) - c257187d-6013-41a0-a6c3-70113601683b: new RaftServerImpl for group-862F6AC95EB3:[c257187d-6013-41a0-a6c3-70113601683b:192.168.36.114:44904] with ContainerStateMachine:uninitialized
2019-09-12 10:10:36,937 [pool-71-thread-1] INFO  server.RaftServerConfigKeys (ConfUtils.java:logGet(43)) - raft.server.rpc.timeout.min = 5s (custom)
2019-09-12 10:10:36,937 [pool-71-thread-1] INFO  server.RaftServerConfigKeys (ConfUtils.java:logGet(43)) - raft.server.rpc.timeout.max = 5200ms (custom)
2019-09-12 10:10:36,937 [pool-71-thread-1] INFO  server.RaftServerConfigKeys (ConfUtils.java:logGet(43)) - raft.server.rpcslowness.timeout = 120s (custom)
2019-09-12 10:10:36,937 [pool-71-thread-1] INFO  server.RaftServerConfigKeys (ConfUtils.java:logGet(43)) - raft.server.sleep.deviation.threshold = 300 (default)
2019-09-12 10:10:36,937 [pool-71-thread-1] INFO  server.RaftServerConfigKeys (ConfUtils.java:logGet(43)) - raft.server.log.appender.install.snapshot.enabled = false (custom)
2019-09-12 10:10:36,937 [pool-71-thread-1] INFO  impl.RaftServerImpl (ServerState.java:<init>(105)) - c257187d-6013-41a0-a6c3-70113601683b:group-862F6AC95EB3 ConfigurationManager, init=-1: [c257187d-6013-41a0-a6c3-70113601683b:192.168.36.114:44904], old=null, confs=<EMPTY_MAP>
2019-09-12 10:10:36,938 [pool-71-thread-1] INFO  server.RaftServerConfigKeys (ConfUtils.java:logGet(43)) - raft.server.storage.dir = [/workdir/hadoop-ozone/integration-test/target/test-dir/MiniOzoneClusterImpl-aa909d9c-8689-4ca6-a6e6-f667e4f57e2f/datanode-4/data/ratis] (custom)
2019-09-12 10:10:36,938 [pool-71-thread-1] INFO  storage.RaftStorageDirectory (RaftStorageDirectory.java:analyzeStorage(246)) - The storage directory /workdir/hadoop-ozone/integration-test/target/test-dir/MiniOzoneClusterImpl-aa909d9c-8689-4ca6-a6e6-f667e4f57e2f/datanode-4/data/ratis/eb3b0a67-6baf-4916-bdee-862f6ac95eb3 does not exist. Creating ...
2019-09-12 10:10:36,988 [pool-71-thread-1] INFO  storage.RaftStorageDirectory (RaftStorageDirectory.java:tryLock(328)) - Lock on /workdir/hadoop-ozone/integration-test/target/test-dir/MiniOzoneClusterImpl-aa909d9c-8689-4ca6-a6e6-f667e4f57e2f/datanode-4/data/ratis/eb3b0a67-6baf-4916-bdee-862f6ac95eb3/in_use.lock acquired by nodename 5279@pr-hdds-1569-58hkm-1881083799
2019-09-12 10:10:37,008 [pool-71-thread-1] INFO  storage.RaftStorage (RaftStorage.java:format(72)) - Storage directory /workdir/hadoop-ozone/integration-test/target/test-dir/MiniOzoneClusterImpl-aa909d9c-8689-4ca6-a6e6-f667e4f57e2f/datanode-4/data/ratis/eb3b0a67-6baf-4916-bdee-862f6ac95eb3 has been successfully formatted.
2019-09-12 10:10:37,008 [pool-71-thread-1] INFO  ratis.ContainerStateMachine (ContainerStateMachine.java:loadSnapshot(226)) - group-862F6AC95EB3: The snapshot info is null. Setting the last applied indexto:(t:0, i:~)
2019-09-12 10:10:37,008 [pool-71-thread-1] INFO  server.RaftServerConfigKeys (ConfUtils.java:logGet(43)) - raft.server.leader.election.timeout = 120s (custom)
2019-09-12 10:10:37,009 [pool-71-thread-1] INFO  server.RaftServerConfigKeys (ConfUtils.java:logGet(43)) - raft.server.log.use.memory = false (default)
2019-09-12 10:10:37,009 [pool-71-thread-1] INFO  server.RaftServerConfigKeys (ConfUtils.java:logGet(43)) - raft.server.log.purge.gap = 1000000 (custom)
2019-09-12 10:10:37,009 [pool-71-thread-1] INFO  server.RaftServerConfigKeys (ConfUtils.java:logGet(43)) - raft.server.log.appender.buffer.byte-limit = 33554432 (custom)
2019-09-12 10:10:37,009 [pool-71-thread-1] INFO  server.RaftServerConfigKeys (ConfUtils.java:logGet(43)) - raft.server.log.segment.size.max = 1048576 (custom)
2019-09-12 10:10:37,009 [pool-71-thread-1] INFO  server.RaftServerConfigKeys (ConfUtils.java:logGet(43)) - raft.server.log.segment.cache.num.max = 2 (custom)
2019-09-12 10:10:37,009 [pool-71-thread-1] INFO  segmented.SegmentedRaftLogWorker (SegmentedRaftLogWorker.java:<init>(172)) - new c257187d-6013-41a0-a6c3-70113601683b-SegmentedRaftLogWorker:Storage Directory /workdir/hadoop-ozone/integration-test/target/test-dir/MiniOzoneClusterImpl-aa909d9c-8689-4ca6-a6e6-f667e4f57e2f/datanode-4/data/ratis/eb3b0a67-6baf-4916-bdee-862f6ac95eb3 for RaftStorage:Storage Directory /workdir/hadoop-ozone/integration-test/target/test-dir/MiniOzoneClusterImpl-aa909d9c-8689-4ca6-a6e6-f667e4f57e2f/datanode-4/data/ratis/eb3b0a67-6baf-4916-bdee-862f6ac95eb3
2019-09-12 10:10:37,010 [pool-71-thread-1] INFO  server.RaftServerConfigKeys (ConfUtils.java:logGet(43)) - raft.server.log.queue.byte-limit = 2147483647 (custom)
2019-09-12 10:10:37,010 [pool-71-thread-1] INFO  server.RaftServerConfigKeys (ConfUtils.java:logGet(43)) - raft.server.log.queue.element-limit = 1024 (custom)
2019-09-12 10:10:37,010 [pool-71-thread-1] INFO  server.RaftServerConfigKeys (ConfUtils.java:logGet(43)) - raft.server.log.segment.size.max = 1048576 (custom)
2019-09-12 10:10:37,010 [pool-71-thread-1] INFO  server.RaftServerConfigKeys (ConfUtils.java:logGet(43)) - raft.server.log.preallocated.size = 16384 (custom)
2019-09-12 10:10:37,010 [pool-71-thread-1] INFO  server.RaftServerConfigKeys (ConfUtils.java:logGet(43)) - raft.server.log.write.buffer.size = 33554432 (custom)
2019-09-12 10:10:37,010 [pool-71-thread-1] INFO  server.RaftServerConfigKeys (ConfUtils.java:logGet(43)) - raft.server.log.force.sync.num = 128 (default)
2019-09-12 10:10:37,010 [pool-71-thread-1] INFO  server.RaftServerConfigKeys (ConfUtils.java:logGet(43)) - raft.server.log.statemachine.data.sync = true (default)
2019-09-12 10:10:37,011 [pool-71-thread-1] INFO  server.RaftServerConfigKeys (ConfUtils.java:logGet(43)) - raft.server.log.statemachine.data.sync.timeout = 10s (default)
2019-09-12 10:10:37,011 [pool-71-thread-1] INFO  server.RaftServerConfigKeys (ConfUtils.java:logGet(43)) - raft.server.log.statemachine.data.sync.timeout.retry = -1 (default)
2019-09-12 10:10:37,011 [pool-71-thread-1] INFO  server.RaftServerConfigKeys (ConfUtils.java:logGet(43)) - raft.server.log.statemachine.data.caching.enabled = true (custom)
2019-09-12 10:10:37,011 [pool-71-thread-1] INFO  segmented.SegmentedRaftLogWorker (SegmentedRaftLogWorker.java:lambda$new$0(132)) - c257187d-6013-41a0-a6c3-70113601683b-SegmentedRaftLogWorker:Storage Directory /workdir/hadoop-ozone/integration-test/target/test-dir/MiniOzoneClusterImpl-aa909d9c-8689-4ca6-a6e6-f667e4f57e2f/datanode-4/data/ratis/eb3b0a67-6baf-4916-bdee-862f6ac95eb3: flushIndex: setUnconditionally 0 -> -1
2019-09-12 10:10:37,012 [pool-71-thread-1] INFO  server.RaftServerConfigKeys (ConfUtils.java:logGet(43)) - raft.server.snapshot.auto.trigger.enabled = true (custom)
2019-09-12 10:10:37,012 [pool-71-thread-1] INFO  server.RaftServerConfigKeys (ConfUtils.java:logGet(43)) - raft.server.snapshot.auto.trigger.threshold = 10000 (custom)
2019-09-12 10:10:37,012 [pool-71-thread-1] INFO  server.RaftServerConfigKeys (ConfUtils.java:logGet(43)) - raft.server.retrycache.expirytime = 600000ms (custom)
2019-09-12 10:10:37,012 [pool-71-thread-1] INFO  impl.RaftServerImpl (RaftServerImpl.java:start(180)) - c257187d-6013-41a0-a6c3-70113601683b: start group-862F6AC95EB3
2019-09-12 10:10:37,012 [pool-71-thread-1] INFO  impl.RaftServerImpl (RaftServerImpl.java:setRole(171)) - c257187d-6013-41a0-a6c3-70113601683b:group-862F6AC95EB3 changes role from null to FOLLOWER at term 0 for startAsFollower
2019-09-12 10:10:37,013 [pool-71-thread-1] INFO  impl.RoleInfo (RoleInfo.java:updateAndGet(143)) - c257187d-6013-41a0-a6c3-70113601683b: start FollowerState
2019-09-12 10:10:37,013 [pool-71-thread-1] INFO  util.JmxRegister (JmxRegister.java:tryRegister(44)) - Successfully registered JMX Bean with object name Ratis:service=RaftServer,group=group-862F6AC95EB3,id=c257187d-6013-41a0-a6c3-70113601683b
2019-09-12 10:10:37,019 [RatisPipelineUtilsThread] INFO  pipeline.PipelineStateManager (PipelineStateManager.java:addPipeline(56)) - Created pipeline Pipeline[ Id: eb3b0a67-6baf-4916-bdee-862f6ac95eb3, Nodes: c257187d-6013-41a0-a6c3-70113601683b{ip: 192.168.36.114, host: pr-hdds-1569-58hkm-1881083799, networkLocation: /default-rack, certSerialId: null}, Type:RATIS, Factor:ONE, State:OPEN]
2019-09-12 10:10:37,021 [RatisPipelineUtilsThread] ERROR pipeline.PipelinePlacementPolicy (PipelinePlacementPolicy.java:meetCriteria(92)) - Pipeline Placement: Doesn't meet the criteria to be viable node. Heaviness: 6
2019-09-12 10:10:37,021 [RatisPipelineUtilsThread] ERROR pipeline.PipelinePlacementPolicy (PipelinePlacementPolicy.java:meetCriteria(92)) - Pipeline Placement: Doesn't meet the criteria to be viable node. Heaviness: 6
2019-09-12 10:10:37,021 [RatisPipelineUtilsThread] ERROR pipeline.PipelinePlacementPolicy (PipelinePlacementPolicy.java:meetCriteria(92)) - Pipeline Placement: Doesn't meet the criteria to be viable node. Heaviness: 6
2019-09-12 10:10:37,021 [RatisPipelineUtilsThread] ERROR pipeline.PipelinePlacementPolicy (PipelinePlacementPolicy.java:meetCriteria(92)) - Pipeline Placement: Doesn't meet the criteria to be viable node. Heaviness: 6
2019-09-12 10:10:37,021 [RatisPipelineUtilsThread] ERROR pipeline.PipelinePlacementPolicy (PipelinePlacementPolicy.java:meetCriteria(92)) - Pipeline Placement: Doesn't meet the criteria to be viable node. Heaviness: 6
2019-09-12 10:10:37,022 [RatisPipelineUtilsThread] ERROR pipeline.PipelinePlacementPolicy (PipelinePlacementPolicy.java:filterViableNodes(147)) - Unable to find enough nodes that meet the criteria that cannot engage in more than 5 pipelines. Nodes required: 1 Found: 0, healthy nodes count inNodeManager: 5.
2019-09-12 10:10:37,022 [RatisPipelineUtilsThread] ERROR pipeline.SCMPipelineManager (SCMPipelineManager.java:createPipeline(161)) - Pipeline creation failed due to exception: Unable to find enough nodes that meet the criteria that cannot engage in more than 5 pipelines. Nodes required: 1 Found: 0, healthy nodes count inNodeManager: 5.
2019-09-12 10:10:37,022 [RatisPipelineUtilsThread] ERROR pipeline.PipelinePlacementPolicy (PipelinePlacementPolicy.java:meetCriteria(92)) - Pipeline Placement: Doesn't meet the criteria to be viable node. Heaviness: 6
2019-09-12 10:10:37,022 [RatisPipelineUtilsThread] ERROR pipeline.PipelinePlacementPolicy (PipelinePlacementPolicy.java:meetCriteria(92)) - Pipeline Placement: Doesn't meet the criteria to be viable node. Heaviness: 6
2019-09-12 10:10:37,022 [RatisPipelineUtilsThread] ERROR pipeline.PipelinePlacementPolicy (PipelinePlacementPolicy.java:meetCriteria(92)) - Pipeline Placement: Doesn't meet the criteria to be viable node. Heaviness: 6
2019-09-12 10:10:37,023 [RatisPipelineUtilsThread] ERROR pipeline.PipelinePlacementPolicy (PipelinePlacementPolicy.java:meetCriteria(92)) - Pipeline Placement: Doesn't meet the criteria to be viable node. Heaviness: 6
2019-09-12 10:10:37,023 [RatisPipelineUtilsThread] ERROR pipeline.PipelinePlacementPolicy (PipelinePlacementPolicy.java:meetCriteria(92)) - Pipeline Placement: Doesn't meet the criteria to be viable node. Heaviness: 6
2019-09-12 10:10:37,023 [RatisPipelineUtilsThread] ERROR pipeline.PipelinePlacementPolicy (PipelinePlacementPolicy.java:filterViableNodes(147)) - Unable to find enough nodes that meet the criteria that cannot engage in more than 5 pipelines. Nodes required: 3 Found: 0, healthy nodes count inNodeManager: 5.
2019-09-12 10:10:37,023 [RatisPipelineUtilsThread] ERROR pipeline.SCMPipelineManager (SCMPipelineManager.java:createPipeline(161)) - Pipeline creation failed due to exception: Unable to find enough nodes that meet the criteria that cannot engage in more than 5 pipelines. Nodes required: 3 Found: 0, healthy nodes count inNodeManager: 5.
2019-09-12 10:10:37,023 [RatisPipelineUtilsThread] ERROR pipeline.PipelinePlacementPolicy (PipelinePlacementPolicy.java:meetCriteria(92)) - Pipeline Placement: Doesn't meet the criteria to be viable node. Heaviness: 6
2019-09-12 10:10:37,024 [RatisPipelineUtilsThread] ERROR pipeline.PipelinePlacementPolicy (PipelinePlacementPolicy.java:meetCriteria(92)) - Pipeline Placement: Doesn't meet the criteria to be viable node. Heaviness: 6
2019-09-12 10:10:37,024 [main] INFO  ozone.MiniOzoneClusterImpl (MiniOzoneClusterImpl.java:shutdown(321)) - Shutting down the Mini Ozone Cluster
2019-09-12 10:10:37,024 [RatisPipelineUtilsThread] ERROR pipeline.PipelinePlacementPolicy (PipelinePlacementPolicy.java:meetCriteria(92)) - Pipeline Placement: Doesn't meet the criteria to be viable node. Heaviness: 6
2019-09-12 10:10:37,025 [RatisPipelineUtilsThread] ERROR pipeline.PipelinePlacementPolicy (PipelinePlacementPolicy.java:meetCriteria(92)) - Pipeline Placement: Doesn't meet the criteria to be viable node. Heaviness: 6
2019-09-12 10:10:37,025 | INFO  | SCMAudit | user=null | ip=null | op=GET_SCM_INFO null | ret=SUCCESS |  
2019-09-12 10:10:37,025 [ReplicationMonitor] INFO  container.ReplicationManager (ReplicationManager.java:run(214)) - Replication Monitor Thread took 1703 milliseconds for processing 0 containers.
2019-09-12 10:10:37,025 [RatisPipelineUtilsThread] ERROR pipeline.PipelinePlacementPolicy (PipelinePlacementPolicy.java:meetCriteria(92)) - Pipeline Placement: Doesn't meet the criteria to be viable node. Heaviness: 6
2019-09-12 10:10:37,025 [main] INFO  ozone.MiniOzoneClusterImpl (MiniOzoneClusterImpl.java:stop(336)) - Stopping the Mini Ozone Cluster
2019-09-12 10:10:37,025 [RatisPipelineUtilsThread] ERROR pipeline.PipelinePlacementPolicy (PipelinePlacementPolicy.java:filterViableNodes(147)) - Unable to find enough nodes that meet the criteria that cannot engage in more than 5 pipelines. Nodes required: 1 Found: 0, healthy nodes count inNodeManager: 5.
2019-09-12 10:10:37,025 [main] INFO  ozone.MiniOzoneClusterImpl (MiniOzoneClusterImpl.java:stop(338)) - Stopping the OzoneManager
2019-09-12 10:10:37,026 [RatisPipelineUtilsThread] ERROR pipeline.SCMPipelineManager (SCMPipelineManager.java:createPipeline(161)) - Pipeline creation failed due to exception: Unable to find enough nodes that meet the criteria that cannot engage in more than 5 pipelines. Nodes required: 1 Found: 0, healthy nodes count inNodeManager: 5.
2019-09-12 10:10:37,026 [main] INFO  ipc.Server (Server.java:stop(3082)) - Stopping server on 41250
2019-09-12 10:10:37,026 [RatisPipelineUtilsThread] ERROR pipeline.PipelinePlacementPolicy (PipelinePlacementPolicy.java:meetCriteria(92)) - Pipeline Placement: Doesn't meet the criteria to be viable node. Heaviness: 6
2019-09-12 10:10:37,028 [RatisPipelineUtilsThread] ERROR pipeline.PipelinePlacementPolicy (PipelinePlacementPolicy.java:meetCriteria(92)) - Pipeline Placement: Doesn't meet the criteria to be viable node. Heaviness: 6
2019-09-12 10:10:37,034 [RatisPipelineUtilsThread] ERROR pipeline.PipelinePlacementPolicy (PipelinePlacementPolicy.java:meetCriteria(92)) - Pipeline Placement: Doesn't meet the criteria to be viable node. Heaviness: 6
2019-09-12 10:10:37,034 [RatisPipelineUtilsThread] ERROR pipeline.PipelinePlacementPolicy (PipelinePlacementPolicy.java:meetCriteria(92)) - Pipeline Placement: Doesn't meet the criteria to be viable node. Heaviness: 6
2019-09-12 10:10:37,038 [RatisPipelineUtilsThread] ERROR pipeline.PipelinePlacementPolicy (PipelinePlacementPolicy.java:meetCriteria(92)) - Pipeline Placement: Doesn't meet the criteria to be viable node. Heaviness: 6
2019-09-12 10:10:37,040 [IPC Server listener on 41250] INFO  ipc.Server (Server.java:run(1185)) - Stopping IPC Server listener on 41250
2019-09-12 10:10:37,040 [main] INFO  ratis.OzoneManagerDoubleBuffer (OzoneManagerDoubleBuffer.java:stop(248)) - Stopping OMDoubleBuffer flush thread
2019-09-12 10:10:37,040 [RatisPipelineUtilsThread] ERROR pipeline.PipelinePlacementPolicy (PipelinePlacementPolicy.java:filterViableNodes(147)) - Unable to find enough nodes that meet the criteria that cannot engage in more than 5 pipelines. Nodes required: 3 Found: 0, healthy nodes count inNodeManager: 5.
2019-09-12 10:10:37,047 [IPC Server Responder] INFO  ipc.Server (Server.java:run(1319)) - Stopping IPC Server Responder
2019-09-12 10:10:37,056 [RatisPipelineUtilsThread] ERROR pipeline.SCMPipelineManager (SCMPipelineManager.java:createPipeline(161)) - Pipeline creation failed due to exception: Unable to find enough nodes that meet the criteria that cannot engage in more than 5 pipelines. Nodes required: 3 Found: 0, healthy nodes count inNodeManager: 5.
2019-09-12 10:10:37,058 [OMDoubleBufferFlushThread] INFO  ratis.OzoneManagerDoubleBuffer (OzoneManagerDoubleBuffer.java:flushTransactions(191)) - OMDoubleBuffer flush thread OMDoubleBufferFlushThread is interrupted and will exit. OMDoubleBufferFlushThread
2019-09-12 10:10:37,073 [main] INFO  utils.BackgroundService (BackgroundService.java:shutdown(148)) - Shutting down service KeyDeletingService
2019-09-12 10:10:37,074 | INFO  | SCMAudit | user=jenkins1000 | ip=192.168.36.114 | op=SEND_HEARTBEAT {datanodeUUID=8925b11b-15ee-4d46-98cb-9cc2d2f12dc3, command=[]} | ret=SUCCESS |  
2019-09-12 10:10:37,074 | INFO  | SCMAudit | user=jenkins1000 | ip=192.168.36.114 | op=SEND_HEARTBEAT {datanodeUUID=bd0a38b2-0ade-4ab9-8ece-056daa626b99, command=[]} | ret=SUCCESS |  
2019-09-12 10:10:37,079 [main] INFO  handler.ContextHandler (ContextHandler.java:doStop(910)) - Stopped o.e.j.w.WebAppContext@24fabd0f{/,null,UNAVAILABLE}{/ozoneManager}
2019-09-12 10:10:37,085 [main] INFO  server.AbstractConnector (AbstractConnector.java:doStop(318)) - Stopped ServerConnector@250b236d{HTTP/1.1,[http/1.1]}{0.0.0.0:0}
2019-09-12 10:10:37,085 [main] INFO  handler.ContextHandler (ContextHandler.java:doStop(910)) - Stopped o.e.j.s.ServletContextHandler@51ec2df1{/static,file:///workdir/hadoop-ozone/integration-test/target/test-classes/webapps/static,UNAVAILABLE}
2019-09-12 10:10:37,086 [main] INFO  handler.ContextHandler (ContextHandler.java:doStop(910)) - Stopped o.e.j.s.ServletContextHandler@543e593{/logs,file:///workdir/hadoop-ozone/integration-test/target/log,UNAVAILABLE}
2019-09-12 10:10:37,091 [main] INFO  ozone.MiniOzoneClusterImpl (MiniOzoneClusterImpl.java:stop(344)) - Shutting the HddsDatanodes
2019-09-12 10:10:37,092 [main] INFO  datanode.ObjectStoreHandler (ObjectStoreHandler.java:close(155)) - Closing ObjectStoreHandler.
2019-09-12 10:10:37,092 [ForkJoinPool.commonPool-worker-1] INFO  datanode.ObjectStoreHandler (ObjectStoreHandler.java:close(155)) - Closing ObjectStoreHandler.
2019-09-12 10:10:37,105 [main] INFO  ozone.HddsDatanodeService (HddsDatanodeService.java:stop(451)) - Stopped plug-in org.apache.hadoop.ozone.web.OzoneHddsDatanodeService@6b0f266e
2019-09-12 10:10:37,105 [ForkJoinPool.commonPool-worker-1] INFO  ozone.HddsDatanodeService (HddsDatanodeService.java:stop(451)) - Stopped plug-in org.apache.hadoop.ozone.web.OzoneHddsDatanodeService@57151b3a
2019-09-12 10:10:37,211 | INFO  | SCMAudit | user=jenkins1000 | ip=192.168.36.114 | op=SEND_HEARTBEAT {datanodeUUID=c257187d-6013-41a0-a6c3-70113601683b, command=[]} | ret=SUCCESS |  
2019-09-12 10:10:37,276 | INFO  | SCMAudit | user=jenkins1000 | ip=192.168.36.114 | op=SEND_HEARTBEAT {datanodeUUID=db8f3dd9-b09f-4e42-bc8b-0b8816c9f45e, command=[]} | ret=SUCCESS |  
2019-09-12 10:10:37,511 [Datanode State Machine Thread - 0] INFO  statemachine.DatanodeStateMachine (DatanodeStateMachine.java:lambda$startDaemon$0(350)) - Ozone container server started.
2019-09-12 10:10:38,069 [Datanode State Machine Thread - 0] INFO  statemachine.DatanodeStateMachine (DatanodeStateMachine.java:lambda$startDaemon$0(350)) - Ozone container server started.
2019-09-12 10:10:38,073 | INFO  | SCMAudit | user=jenkins1000 | ip=192.168.36.114 | op=SEND_HEARTBEAT {datanodeUUID=8925b11b-15ee-4d46-98cb-9cc2d2f12dc3, command=[]} | ret=SUCCESS |  
2019-09-12 10:10:38,209 | INFO  | SCMAudit | user=jenkins1000 | ip=192.168.36.114 | op=SEND_HEARTBEAT {datanodeUUID=c257187d-6013-41a0-a6c3-70113601683b, command=[]} | ret=SUCCESS |  
2019-09-12 10:10:38,274 | INFO  | SCMAudit | user=jenkins1000 | ip=192.168.36.114 | op=SEND_HEARTBEAT {datanodeUUID=db8f3dd9-b09f-4e42-bc8b-0b8816c9f45e, command=[]} | ret=SUCCESS |  
2019-09-12 10:10:38,499 [Thread-209] INFO  impl.FollowerState (FollowerState.java:run(106)) - db8f3dd9-b09f-4e42-bc8b-0b8816c9f45e:group-6902299C7D9F changes to CANDIDATE, lastRpcTime:5161, electionTimeout:5160ms
2019-09-12 10:10:38,499 [Thread-209] INFO  impl.RoleInfo (RoleInfo.java:shutdownFollowerState(121)) - db8f3dd9-b09f-4e42-bc8b-0b8816c9f45e: shutdown FollowerState
2019-09-12 10:10:38,500 [Thread-209] INFO  impl.RaftServerImpl (RaftServerImpl.java:setRole(171)) - db8f3dd9-b09f-4e42-bc8b-0b8816c9f45e:group-6902299C7D9F changes role from FOLLOWER to CANDIDATE at term 0 for changeToCandidate
2019-09-12 10:10:38,505 [Thread-209] INFO  impl.RoleInfo (RoleInfo.java:updateAndGet(143)) - db8f3dd9-b09f-4e42-bc8b-0b8816c9f45e: start LeaderElection
2019-09-12 10:10:38,778 [Thread-212] INFO  impl.FollowerState (FollowerState.java:run(106)) - db8f3dd9-b09f-4e42-bc8b-0b8816c9f45e:group-8F83E17860F9 changes to CANDIDATE, lastRpcTime:5189, electionTimeout:5189ms
2019-09-12 10:10:38,780 [Thread-212] INFO  impl.RoleInfo (RoleInfo.java:shutdownFollowerState(121)) - db8f3dd9-b09f-4e42-bc8b-0b8816c9f45e: shutdown FollowerState
2019-09-12 10:10:38,781 [Thread-212] INFO  impl.RaftServerImpl (RaftServerImpl.java:setRole(171)) - db8f3dd9-b09f-4e42-bc8b-0b8816c9f45e:group-8F83E17860F9 changes role from FOLLOWER to CANDIDATE at term 0 for changeToCandidate
2019-09-12 10:10:38,781 [Thread-212] INFO  impl.RoleInfo (RoleInfo.java:updateAndGet(143)) - db8f3dd9-b09f-4e42-bc8b-0b8816c9f45e: start LeaderElection
2019-09-12 10:10:38,800 [db8f3dd9-b09f-4e42-bc8b-0b8816c9f45e:group-8F83E17860F9:LeaderElection2] INFO  impl.LeaderElection (LeaderElection.java:askForVotes(181)) - db8f3dd9-b09f-4e42-bc8b-0b8816c9f45e:group-8F83E17860F9:LeaderElection2: begin an election at term 1 for -1: [db8f3dd9-b09f-4e42-bc8b-0b8816c9f45e:192.168.36.114:36560], old=null
2019-09-12 10:10:38,800 [db8f3dd9-b09f-4e42-bc8b-0b8816c9f45e:group-6902299C7D9F:LeaderElection1] INFO  impl.LeaderElection (LeaderElection.java:askForVotes(181)) - db8f3dd9-b09f-4e42-bc8b-0b8816c9f45e:group-6902299C7D9F:LeaderElection1: begin an election at term 1 for -1: [db8f3dd9-b09f-4e42-bc8b-0b8816c9f45e:192.168.36.114:36560], old=null
2019-09-12 10:10:38,806 [db8f3dd9-b09f-4e42-bc8b-0b8816c9f45e:group-8F83E17860F9:LeaderElection2] INFO  impl.RoleInfo (RoleInfo.java:shutdownLeaderElection(134)) - db8f3dd9-b09f-4e42-bc8b-0b8816c9f45e: shutdown LeaderElection
2019-09-12 10:10:38,806 [db8f3dd9-b09f-4e42-bc8b-0b8816c9f45e:group-6902299C7D9F:LeaderElection1] INFO  impl.RoleInfo (RoleInfo.java:shutdownLeaderElection(134)) - db8f3dd9-b09f-4e42-bc8b-0b8816c9f45e: shutdown LeaderElection
2019-09-12 10:10:38,807 [db8f3dd9-b09f-4e42-bc8b-0b8816c9f45e:group-6902299C7D9F:LeaderElection1] INFO  impl.RaftServerImpl (RaftServerImpl.java:setRole(171)) - db8f3dd9-b09f-4e42-bc8b-0b8816c9f45e:group-6902299C7D9F changes role from CANDIDATE to LEADER at term 1 for changeToLeader
2019-09-12 10:10:38,807 [db8f3dd9-b09f-4e42-bc8b-0b8816c9f45e:group-8F83E17860F9:LeaderElection2] INFO  impl.RaftServerImpl (RaftServerImpl.java:setRole(171)) - db8f3dd9-b09f-4e42-bc8b-0b8816c9f45e:group-8F83E17860F9 changes role from CANDIDATE to LEADER at term 1 for changeToLeader
2019-09-12 10:10:38,807 [db8f3dd9-b09f-4e42-bc8b-0b8816c9f45e:group-6902299C7D9F:LeaderElection1] INFO  impl.RaftServerImpl (ServerState.java:setLeader(263)) - db8f3dd9-b09f-4e42-bc8b-0b8816c9f45e:group-6902299C7D9F change Leader from null to db8f3dd9-b09f-4e42-bc8b-0b8816c9f45e at term 1 for becomeLeader, leader elected after 5543ms
2019-09-12 10:10:38,807 [db8f3dd9-b09f-4e42-bc8b-0b8816c9f45e:group-8F83E17860F9:LeaderElection2] INFO  impl.RaftServerImpl (ServerState.java:setLeader(263)) - db8f3dd9-b09f-4e42-bc8b-0b8816c9f45e:group-8F83E17860F9 change Leader from null to db8f3dd9-b09f-4e42-bc8b-0b8816c9f45e at term 1 for becomeLeader, leader elected after 5225ms
2019-09-12 10:10:38,815 [db8f3dd9-b09f-4e42-bc8b-0b8816c9f45e:group-6902299C7D9F:LeaderElection1] INFO  server.RaftServerConfigKeys (ConfUtils.java:logGet(43)) - raft.server.staging.catchup.gap = 1000 (default)
2019-09-12 10:10:38,815 [db8f3dd9-b09f-4e42-bc8b-0b8816c9f45e:group-8F83E17860F9:LeaderElection2] INFO  server.RaftServerConfigKeys (ConfUtils.java:logGet(43)) - raft.server.staging.catchup.gap = 1000 (default)
2019-09-12 10:10:38,815 [db8f3dd9-b09f-4e42-bc8b-0b8816c9f45e:group-6902299C7D9F:LeaderElection1] INFO  server.RaftServerConfigKeys (ConfUtils.java:logGet(43)) - raft.server.rpc.sleep.time = 25ms (default)
2019-09-12 10:10:38,815 [db8f3dd9-b09f-4e42-bc8b-0b8816c9f45e:group-8F83E17860F9:LeaderElection2] INFO  server.RaftServerConfigKeys (ConfUtils.java:logGet(43)) - raft.server.rpc.sleep.time = 25ms (default)
2019-09-12 10:10:38,818 [db8f3dd9-b09f-4e42-bc8b-0b8816c9f45e:group-6902299C7D9F:LeaderElection1] INFO  server.RaftServerConfigKeys (ConfUtils.java:logGet(43)) - raft.server.write.element-limit = 4096 (default)
2019-09-12 10:10:38,818 [db8f3dd9-b09f-4e42-bc8b-0b8816c9f45e:group-8F83E17860F9:LeaderElection2] INFO  server.RaftServerConfigKeys (ConfUtils.java:logGet(43)) - raft.server.write.element-limit = 4096 (default)
2019-09-12 10:10:38,820 [db8f3dd9-b09f-4e42-bc8b-0b8816c9f45e:group-6902299C7D9F:LeaderElection1] INFO  server.RaftServerConfigKeys (ConfUtils.java:logGet(43)) - raft.server.watch.timeout = 10s (default)
2019-09-12 10:10:38,820 [db8f3dd9-b09f-4e42-bc8b-0b8816c9f45e:group-6902299C7D9F:LeaderElection1] INFO  server.RaftServerConfigKeys (ConfUtils.java:logGet(43)) - raft.server.watch.timeout.denomination = 1s (default)
2019-09-12 10:10:38,820 [db8f3dd9-b09f-4e42-bc8b-0b8816c9f45e:group-8F83E17860F9:LeaderElection2] INFO  server.RaftServerConfigKeys (ConfUtils.java:logGet(43)) - raft.server.watch.timeout = 10s (default)
2019-09-12 10:10:38,821 [db8f3dd9-b09f-4e42-bc8b-0b8816c9f45e:group-8F83E17860F9:LeaderElection2] INFO  server.RaftServerConfigKeys (ConfUtils.java:logGet(43)) - raft.server.watch.timeout.denomination = 1s (default)
2019-09-12 10:10:38,821 [db8f3dd9-b09f-4e42-bc8b-0b8816c9f45e:group-6902299C7D9F:LeaderElection1] INFO  server.RaftServerConfigKeys (ConfUtils.java:logGet(43)) - raft.server.watch.element-limit = 65536 (default)
2019-09-12 10:10:38,821 [db8f3dd9-b09f-4e42-bc8b-0b8816c9f45e:group-8F83E17860F9:LeaderElection2] INFO  server.RaftServerConfigKeys (ConfUtils.java:logGet(43)) - raft.server.watch.element-limit = 65536 (default)
2019-09-12 10:10:38,831 [db8f3dd9-b09f-4e42-bc8b-0b8816c9f45e:group-6902299C7D9F:LeaderElection1] INFO  impl.RoleInfo (RoleInfo.java:updateAndGet(143)) - db8f3dd9-b09f-4e42-bc8b-0b8816c9f45e: start LeaderState
2019-09-12 10:10:38,832 [db8f3dd9-b09f-4e42-bc8b-0b8816c9f45e:group-8F83E17860F9:LeaderElection2] INFO  impl.RoleInfo (RoleInfo.java:updateAndGet(143)) - db8f3dd9-b09f-4e42-bc8b-0b8816c9f45e: start LeaderState
2019-09-12 10:10:38,851 [db8f3dd9-b09f-4e42-bc8b-0b8816c9f45e:group-6902299C7D9F:LeaderElection1] INFO  segmented.SegmentedRaftLogWorker (SegmentedRaftLogWorker.java:startLogSegment(380)) - db8f3dd9-b09f-4e42-bc8b-0b8816c9f45e-SegmentedRaftLogWorker:Storage Directory /workdir/hadoop-ozone/integration-test/target/test-dir/MiniOzoneClusterImpl-aa909d9c-8689-4ca6-a6e6-f667e4f57e2f/datanode-0/data/ratis/6b0976c0-e7c9-48c0-bf23-6902299c7d9f: Starting segment from index:0
2019-09-12 10:10:38,851 [db8f3dd9-b09f-4e42-bc8b-0b8816c9f45e:group-8F83E17860F9:LeaderElection2] INFO  segmented.SegmentedRaftLogWorker (SegmentedRaftLogWorker.java:startLogSegment(380)) - db8f3dd9-b09f-4e42-bc8b-0b8816c9f45e-SegmentedRaftLogWorker:Storage Directory /workdir/hadoop-ozone/integration-test/target/test-dir/MiniOzoneClusterImpl-aa909d9c-8689-4ca6-a6e6-f667e4f57e2f/datanode-0/data/ratis/4049a850-fb33-4dac-a0dd-8f83e17860f9: Starting segment from index:0
2019-09-12 10:10:38,859 [db8f3dd9-b09f-4e42-bc8b-0b8816c9f45e:group-6902299C7D9F:LeaderElection1] INFO  impl.RaftServerImpl (ServerState.java:setRaftConf(361)) - db8f3dd9-b09f-4e42-bc8b-0b8816c9f45e:group-6902299C7D9F set configuration 0: [db8f3dd9-b09f-4e42-bc8b-0b8816c9f45e:192.168.36.114:36560], old=null at 0
2019-09-12 10:10:38,859 [db8f3dd9-b09f-4e42-bc8b-0b8816c9f45e:group-8F83E17860F9:LeaderElection2] INFO  impl.RaftServerImpl (ServerState.java:setRaftConf(361)) - db8f3dd9-b09f-4e42-bc8b-0b8816c9f45e:group-8F83E17860F9 set configuration 0: [db8f3dd9-b09f-4e42-bc8b-0b8816c9f45e:192.168.36.114:36560], old=null at 0
2019-09-12 10:10:38,892 [Thread-215] INFO  impl.FollowerState (FollowerState.java:run(106)) - cc61ee54-953f-4ef7-b7e3-d5c043f839cb:group-1CC105AB8641 changes to CANDIDATE, lastRpcTime:5105, electionTimeout:5104ms
2019-09-12 10:10:38,892 [Thread-215] INFO  impl.RoleInfo (RoleInfo.java:shutdownFollowerState(121)) - cc61ee54-953f-4ef7-b7e3-d5c043f839cb: shutdown FollowerState
2019-09-12 10:10:38,893 [Thread-215] INFO  impl.RaftServerImpl (RaftServerImpl.java:setRole(171)) - cc61ee54-953f-4ef7-b7e3-d5c043f839cb:group-1CC105AB8641 changes role from FOLLOWER to CANDIDATE at term 0 for changeToCandidate
2019-09-12 10:10:38,893 [Thread-215] INFO  impl.RoleInfo (RoleInfo.java:updateAndGet(143)) - cc61ee54-953f-4ef7-b7e3-d5c043f839cb: start LeaderElection
2019-09-12 10:10:38,911 [cc61ee54-953f-4ef7-b7e3-d5c043f839cb:group-1CC105AB8641:LeaderElection3] INFO  impl.LeaderElection (LeaderElection.java:askForVotes(181)) - cc61ee54-953f-4ef7-b7e3-d5c043f839cb:group-1CC105AB8641:LeaderElection3: begin an election at term 1 for -1: [cc61ee54-953f-4ef7-b7e3-d5c043f839cb:192.168.36.114:41082], old=null
2019-09-12 10:10:38,913 [cc61ee54-953f-4ef7-b7e3-d5c043f839cb:group-1CC105AB8641:LeaderElection3] INFO  impl.RoleInfo (RoleInfo.java:shutdownLeaderElection(134)) - cc61ee54-953f-4ef7-b7e3-d5c043f839cb: shutdown LeaderElection
2019-09-12 10:10:38,913 [cc61ee54-953f-4ef7-b7e3-d5c043f839cb:group-1CC105AB8641:LeaderElection3] INFO  impl.RaftServerImpl (RaftServerImpl.java:setRole(171)) - cc61ee54-953f-4ef7-b7e3-d5c043f839cb:group-1CC105AB8641 changes role from CANDIDATE to LEADER at term 1 for changeToLeader
2019-09-12 10:10:38,913 [cc61ee54-953f-4ef7-b7e3-d5c043f839cb:group-1CC105AB8641:LeaderElection3] INFO  impl.RaftServerImpl (ServerState.java:setLeader(263)) - cc61ee54-953f-4ef7-b7e3-d5c043f839cb:group-1CC105AB8641 change Leader from null to cc61ee54-953f-4ef7-b7e3-d5c043f839cb at term 1 for becomeLeader, leader elected after 5133ms
2019-09-12 10:10:38,915 [cc61ee54-953f-4ef7-b7e3-d5c043f839cb:group-1CC105AB8641:LeaderElection3] INFO  server.RaftServerConfigKeys (ConfUtils.java:logGet(43)) - raft.server.staging.catchup.gap = 1000 (default)
2019-09-12 10:10:38,915 [cc61ee54-953f-4ef7-b7e3-d5c043f839cb:group-1CC105AB8641:LeaderElection3] INFO  server.RaftServerConfigKeys (ConfUtils.java:logGet(43)) - raft.server.rpc.sleep.time = 25ms (default)
2019-09-12 10:10:38,916 [cc61ee54-953f-4ef7-b7e3-d5c043f839cb:group-1CC105AB8641:LeaderElection3] INFO  server.RaftServerConfigKeys (ConfUtils.java:logGet(43)) - raft.server.write.element-limit = 4096 (default)
2019-09-12 10:10:38,916 [cc61ee54-953f-4ef7-b7e3-d5c043f839cb:group-1CC105AB8641:LeaderElection3] INFO  server.RaftServerConfigKeys (ConfUtils.java:logGet(43)) - raft.server.watch.timeout = 10s (default)
2019-09-12 10:10:38,916 [cc61ee54-953f-4ef7-b7e3-d5c043f839cb:group-1CC105AB8641:LeaderElection3] INFO  server.RaftServerConfigKeys (ConfUtils.java:logGet(43)) - raft.server.watch.timeout.denomination = 1s (default)
2019-09-12 10:10:38,916 [cc61ee54-953f-4ef7-b7e3-d5c043f839cb:group-1CC105AB8641:LeaderElection3] INFO  server.RaftServerConfigKeys (ConfUtils.java:logGet(43)) - raft.server.watch.element-limit = 65536 (default)
2019-09-12 10:10:38,916 [cc61ee54-953f-4ef7-b7e3-d5c043f839cb:group-1CC105AB8641:LeaderElection3] INFO  impl.RoleInfo (RoleInfo.java:updateAndGet(143)) - cc61ee54-953f-4ef7-b7e3-d5c043f839cb: start LeaderState
2019-09-12 10:10:38,917 [cc61ee54-953f-4ef7-b7e3-d5c043f839cb:group-1CC105AB8641:LeaderElection3] INFO  segmented.SegmentedRaftLogWorker (SegmentedRaftLogWorker.java:startLogSegment(380)) - cc61ee54-953f-4ef7-b7e3-d5c043f839cb-SegmentedRaftLogWorker:Storage Directory /workdir/hadoop-ozone/integration-test/target/test-dir/MiniOzoneClusterImpl-aa909d9c-8689-4ca6-a6e6-f667e4f57e2f/datanode-1/data/ratis/1e8ee2ad-edfa-441c-a544-1cc105ab8641: Starting segment from index:0
2019-09-12 10:10:38,917 [cc61ee54-953f-4ef7-b7e3-d5c043f839cb:group-1CC105AB8641:LeaderElection3] INFO  impl.RaftServerImpl (ServerState.java:setRaftConf(361)) - cc61ee54-953f-4ef7-b7e3-d5c043f839cb:group-1CC105AB8641 set configuration 0: [cc61ee54-953f-4ef7-b7e3-d5c043f839cb:192.168.36.114:41082], old=null at 0
2019-09-12 10:10:39,069 [db8f3dd9-b09f-4e42-bc8b-0b8816c9f45e-SegmentedRaftLogWorker:Storage Directory /workdir/hadoop-ozone/integration-test/target/test-dir/MiniOzoneClusterImpl-aa909d9c-8689-4ca6-a6e6-f667e4f57e2f/datanode-0/data/ratis/6b0976c0-e7c9-48c0-bf23-6902299c7d9f] INFO  segmented.SegmentedRaftLogWorker (SegmentedRaftLogWorker.java:execute(569)) - db8f3dd9-b09f-4e42-bc8b-0b8816c9f45e-SegmentedRaftLogWorker:Storage Directory /workdir/hadoop-ozone/integration-test/target/test-dir/MiniOzoneClusterImpl-aa909d9c-8689-4ca6-a6e6-f667e4f57e2f/datanode-0/data/ratis/6b0976c0-e7c9-48c0-bf23-6902299c7d9f: created new log segment /workdir/hadoop-ozone/integration-test/target/test-dir/MiniOzoneClusterImpl-aa909d9c-8689-4ca6-a6e6-f667e4f57e2f/datanode-0/data/ratis/6b0976c0-e7c9-48c0-bf23-6902299c7d9f/current/log_inprogress_0
2019-09-12 10:10:39,069 [db8f3dd9-b09f-4e42-bc8b-0b8816c9f45e-SegmentedRaftLogWorker:Storage Directory /workdir/hadoop-ozone/integration-test/target/test-dir/MiniOzoneClusterImpl-aa909d9c-8689-4ca6-a6e6-f667e4f57e2f/datanode-0/data/ratis/4049a850-fb33-4dac-a0dd-8f83e17860f9] INFO  segmented.SegmentedRaftLogWorker (SegmentedRaftLogWorker.java:execute(569)) - db8f3dd9-b09f-4e42-bc8b-0b8816c9f45e-SegmentedRaftLogWorker:Storage Directory /workdir/hadoop-ozone/integration-test/target/test-dir/MiniOzoneClusterImpl-aa909d9c-8689-4ca6-a6e6-f667e4f57e2f/datanode-0/data/ratis/4049a850-fb33-4dac-a0dd-8f83e17860f9: created new log segment /workdir/hadoop-ozone/integration-test/target/test-dir/MiniOzoneClusterImpl-aa909d9c-8689-4ca6-a6e6-f667e4f57e2f/datanode-0/data/ratis/4049a850-fb33-4dac-a0dd-8f83e17860f9/current/log_inprogress_0
2019-09-12 10:10:39,069 [cc61ee54-953f-4ef7-b7e3-d5c043f839cb-SegmentedRaftLogWorker:Storage Directory /workdir/hadoop-ozone/integration-test/target/test-dir/MiniOzoneClusterImpl-aa909d9c-8689-4ca6-a6e6-f667e4f57e2f/datanode-1/data/ratis/1e8ee2ad-edfa-441c-a544-1cc105ab8641] INFO  segmented.SegmentedRaftLogWorker (SegmentedRaftLogWorker.java:execute(569)) - cc61ee54-953f-4ef7-b7e3-d5c043f839cb-SegmentedRaftLogWorker:Storage Directory /workdir/hadoop-ozone/integration-test/target/test-dir/MiniOzoneClusterImpl-aa909d9c-8689-4ca6-a6e6-f667e4f57e2f/datanode-1/data/ratis/1e8ee2ad-edfa-441c-a544-1cc105ab8641: created new log segment /workdir/hadoop-ozone/integration-test/target/test-dir/MiniOzoneClusterImpl-aa909d9c-8689-4ca6-a6e6-f667e4f57e2f/datanode-1/data/ratis/1e8ee2ad-edfa-441c-a544-1cc105ab8641/current/log_inprogress_0
2019-09-12 10:10:39,074 | INFO  | SCMAudit | user=jenkins1000 | ip=192.168.36.114 | op=SEND_HEARTBEAT {datanodeUUID=8925b11b-15ee-4d46-98cb-9cc2d2f12dc3, command=[]} | ret=SUCCESS |  
2019-09-12 10:10:39,101 [Thread-218] INFO  impl.FollowerState (FollowerState.java:run(106)) - 8925b11b-15ee-4d46-98cb-9cc2d2f12dc3:group-018699329FC3 changes to CANDIDATE, lastRpcTime:5130, electionTimeout:5130ms
2019-09-12 10:10:39,103 [Thread-218] INFO  impl.RoleInfo (RoleInfo.java:shutdownFollowerState(121)) - 8925b11b-15ee-4d46-98cb-9cc2d2f12dc3: shutdown FollowerState
2019-09-12 10:10:39,103 [Thread-218] INFO  impl.RaftServerImpl (RaftServerImpl.java:setRole(171)) - 8925b11b-15ee-4d46-98cb-9cc2d2f12dc3:group-018699329FC3 changes role from FOLLOWER to CANDIDATE at term 0 for changeToCandidate
2019-09-12 10:10:39,103 [Thread-218] INFO  impl.RoleInfo (RoleInfo.java:updateAndGet(143)) - 8925b11b-15ee-4d46-98cb-9cc2d2f12dc3: start LeaderElection
2019-09-12 10:10:39,119 [8925b11b-15ee-4d46-98cb-9cc2d2f12dc3:group-018699329FC3:LeaderElection4] INFO  impl.LeaderElection (LeaderElection.java:askForVotes(181)) - 8925b11b-15ee-4d46-98cb-9cc2d2f12dc3:group-018699329FC3:LeaderElection4: begin an election at term 1 for -1: [8925b11b-15ee-4d46-98cb-9cc2d2f12dc3:192.168.36.114:36994], old=null
2019-09-12 10:10:39,120 [8925b11b-15ee-4d46-98cb-9cc2d2f12dc3:group-018699329FC3:LeaderElection4] INFO  impl.RoleInfo (RoleInfo.java:shutdownLeaderElection(134)) - 8925b11b-15ee-4d46-98cb-9cc2d2f12dc3: shutdown LeaderElection
2019-09-12 10:10:39,120 [8925b11b-15ee-4d46-98cb-9cc2d2f12dc3:group-018699329FC3:LeaderElection4] INFO  impl.RaftServerImpl (RaftServerImpl.java:setRole(171)) - 8925b11b-15ee-4d46-98cb-9cc2d2f12dc3:group-018699329FC3 changes role from CANDIDATE to LEADER at term 1 for changeToLeader
2019-09-12 10:10:39,120 [8925b11b-15ee-4d46-98cb-9cc2d2f12dc3:group-018699329FC3:LeaderElection4] INFO  impl.RaftServerImpl (ServerState.java:setLeader(263)) - 8925b11b-15ee-4d46-98cb-9cc2d2f12dc3:group-018699329FC3 change Leader from null to 8925b11b-15ee-4d46-98cb-9cc2d2f12dc3 at term 1 for becomeLeader, leader elected after 5156ms
2019-09-12 10:10:39,121 [8925b11b-15ee-4d46-98cb-9cc2d2f12dc3:group-018699329FC3:LeaderElection4] INFO  server.RaftServerConfigKeys (ConfUtils.java:logGet(43)) - raft.server.staging.catchup.gap = 1000 (default)
2019-09-12 10:10:39,122 [8925b11b-15ee-4d46-98cb-9cc2d2f12dc3:group-018699329FC3:LeaderElection4] INFO  server.RaftServerConfigKeys (ConfUtils.java:logGet(43)) - raft.server.rpc.sleep.time = 25ms (default)
2019-09-12 10:10:39,122 [8925b11b-15ee-4d46-98cb-9cc2d2f12dc3:group-018699329FC3:LeaderElection4] INFO  server.RaftServerConfigKeys (ConfUtils.java:logGet(43)) - raft.server.write.element-limit = 4096 (default)
2019-09-12 10:10:39,122 [8925b11b-15ee-4d46-98cb-9cc2d2f12dc3:group-018699329FC3:LeaderElection4] INFO  server.RaftServerConfigKeys (ConfUtils.java:logGet(43)) - raft.server.watch.timeout = 10s (default)
2019-09-12 10:10:39,122 [8925b11b-15ee-4d46-98cb-9cc2d2f12dc3:group-018699329FC3:LeaderElection4] INFO  server.RaftServerConfigKeys (ConfUtils.java:logGet(43)) - raft.server.watch.timeout.denomination = 1s (default)
2019-09-12 10:10:39,122 [8925b11b-15ee-4d46-98cb-9cc2d2f12dc3:group-018699329FC3:LeaderElection4] INFO  server.RaftServerConfigKeys (ConfUtils.java:logGet(43)) - raft.server.watch.element-limit = 65536 (default)
2019-09-12 10:10:39,123 [8925b11b-15ee-4d46-98cb-9cc2d2f12dc3:group-018699329FC3:LeaderElection4] INFO  impl.RoleInfo (RoleInfo.java:updateAndGet(143)) - 8925b11b-15ee-4d46-98cb-9cc2d2f12dc3: start LeaderState
2019-09-12 10:10:39,123 [8925b11b-15ee-4d46-98cb-9cc2d2f12dc3:group-018699329FC3:LeaderElection4] INFO  segmented.SegmentedRaftLogWorker (SegmentedRaftLogWorker.java:startLogSegment(380)) - 8925b11b-15ee-4d46-98cb-9cc2d2f12dc3-SegmentedRaftLogWorker:Storage Directory /workdir/hadoop-ozone/integration-test/target/test-dir/MiniOzoneClusterImpl-aa909d9c-8689-4ca6-a6e6-f667e4f57e2f/datanode-3/data/ratis/53c452ab-ac60-486f-b53d-018699329fc3: Starting segment from index:0
2019-09-12 10:10:39,124 [8925b11b-15ee-4d46-98cb-9cc2d2f12dc3:group-018699329FC3:LeaderElection4] INFO  impl.RaftServerImpl (ServerState.java:setRaftConf(361)) - 8925b11b-15ee-4d46-98cb-9cc2d2f12dc3:group-018699329FC3 set configuration 0: [8925b11b-15ee-4d46-98cb-9cc2d2f12dc3:192.168.36.114:36994], old=null at 0
2019-09-12 10:10:39,164 [8925b11b-15ee-4d46-98cb-9cc2d2f12dc3-SegmentedRaftLogWorker:Storage Directory /workdir/hadoop-ozone/integration-test/target/test-dir/MiniOzoneClusterImpl-aa909d9c-8689-4ca6-a6e6-f667e4f57e2f/datanode-3/data/ratis/53c452ab-ac60-486f-b53d-018699329fc3] INFO  segmented.SegmentedRaftLogWorker (SegmentedRaftLogWorker.java:execute(569)) - 8925b11b-15ee-4d46-98cb-9cc2d2f12dc3-SegmentedRaftLogWorker:Storage Directory /workdir/hadoop-ozone/integration-test/target/test-dir/MiniOzoneClusterImpl-aa909d9c-8689-4ca6-a6e6-f667e4f57e2f/datanode-3/data/ratis/53c452ab-ac60-486f-b53d-018699329fc3: created new log segment /workdir/hadoop-ozone/integration-test/target/test-dir/MiniOzoneClusterImpl-aa909d9c-8689-4ca6-a6e6-f667e4f57e2f/datanode-3/data/ratis/53c452ab-ac60-486f-b53d-018699329fc3/current/log_inprogress_0
2019-09-12 10:10:39,183 [Thread-221] INFO  impl.FollowerState (FollowerState.java:run(106)) - 8925b11b-15ee-4d46-98cb-9cc2d2f12dc3:group-ADE2825270AD changes to CANDIDATE, lastRpcTime:5004, electionTimeout:5004ms
2019-09-12 10:10:39,183 [Thread-221] INFO  impl.RoleInfo (RoleInfo.java:shutdownFollowerState(121)) - 8925b11b-15ee-4d46-98cb-9cc2d2f12dc3: shutdown FollowerState
2019-09-12 10:10:39,183 [Thread-221] INFO  impl.RaftServerImpl (RaftServerImpl.java:setRole(171)) - 8925b11b-15ee-4d46-98cb-9cc2d2f12dc3:group-ADE2825270AD changes role from FOLLOWER to CANDIDATE at term 0 for changeToCandidate
2019-09-12 10:10:39,184 [Thread-221] INFO  impl.RoleInfo (RoleInfo.java:updateAndGet(143)) - 8925b11b-15ee-4d46-98cb-9cc2d2f12dc3: start LeaderElection
2019-09-12 10:10:39,200 [8925b11b-15ee-4d46-98cb-9cc2d2f12dc3:group-ADE2825270AD:LeaderElection5] INFO  impl.LeaderElection (LeaderElection.java:askForVotes(181)) - 8925b11b-15ee-4d46-98cb-9cc2d2f12dc3:group-ADE2825270AD:LeaderElection5: begin an election at term 1 for -1: [8925b11b-15ee-4d46-98cb-9cc2d2f12dc3:192.168.36.114:36994], old=null
2019-09-12 10:10:39,202 [8925b11b-15ee-4d46-98cb-9cc2d2f12dc3:group-ADE2825270AD:LeaderElection5] INFO  impl.RoleInfo (RoleInfo.java:shutdownLeaderElection(134)) - 8925b11b-15ee-4d46-98cb-9cc2d2f12dc3: shutdown LeaderElection
2019-09-12 10:10:39,202 [8925b11b-15ee-4d46-98cb-9cc2d2f12dc3:group-ADE2825270AD:LeaderElection5] INFO  impl.RaftServerImpl (RaftServerImpl.java:setRole(171)) - 8925b11b-15ee-4d46-98cb-9cc2d2f12dc3:group-ADE2825270AD changes role from CANDIDATE to LEADER at term 1 for changeToLeader
2019-09-12 10:10:39,202 [8925b11b-15ee-4d46-98cb-9cc2d2f12dc3:group-ADE2825270AD:LeaderElection5] INFO  impl.RaftServerImpl (ServerState.java:setLeader(263)) - 8925b11b-15ee-4d46-98cb-9cc2d2f12dc3:group-ADE2825270AD change Leader from null to 8925b11b-15ee-4d46-98cb-9cc2d2f12dc3 at term 1 for becomeLeader, leader elected after 5033ms
2019-09-12 10:10:39,202 [8925b11b-15ee-4d46-98cb-9cc2d2f12dc3:group-ADE2825270AD:LeaderElection5] INFO  server.RaftServerConfigKeys (ConfUtils.java:logGet(43)) - raft.server.staging.catchup.gap = 1000 (default)
2019-09-12 10:10:39,202 [8925b11b-15ee-4d46-98cb-9cc2d2f12dc3:group-ADE2825270AD:LeaderElection5] INFO  server.RaftServerConfigKeys (ConfUtils.java:logGet(43)) - raft.server.rpc.sleep.time = 25ms (default)
2019-09-12 10:10:39,202 [8925b11b-15ee-4d46-98cb-9cc2d2f12dc3:group-ADE2825270AD:LeaderElection5] INFO  server.RaftServerConfigKeys (ConfUtils.java:logGet(43)) - raft.server.write.element-limit = 4096 (default)
2019-09-12 10:10:39,202 [8925b11b-15ee-4d46-98cb-9cc2d2f12dc3:group-ADE2825270AD:LeaderElection5] INFO  server.RaftServerConfigKeys (ConfUtils.java:logGet(43)) - raft.server.watch.timeout = 10s (default)
2019-09-12 10:10:39,203 [8925b11b-15ee-4d46-98cb-9cc2d2f12dc3:group-ADE2825270AD:LeaderElection5] INFO  server.RaftServerConfigKeys (ConfUtils.java:logGet(43)) - raft.server.watch.timeout.denomination = 1s (default)
2019-09-12 10:10:39,203 [8925b11b-15ee-4d46-98cb-9cc2d2f12dc3:group-ADE2825270AD:LeaderElection5] INFO  server.RaftServerConfigKeys (ConfUtils.java:logGet(43)) - raft.server.watch.element-limit = 65536 (default)
2019-09-12 10:10:39,203 [8925b11b-15ee-4d46-98cb-9cc2d2f12dc3:group-ADE2825270AD:LeaderElection5] INFO  impl.RoleInfo (RoleInfo.java:updateAndGet(143)) - 8925b11b-15ee-4d46-98cb-9cc2d2f12dc3: start LeaderState
2019-09-12 10:10:39,203 [8925b11b-15ee-4d46-98cb-9cc2d2f12dc3:group-ADE2825270AD:LeaderElection5] INFO  segmented.SegmentedRaftLogWorker (SegmentedRaftLogWorker.java:startLogSegment(380)) - 8925b11b-15ee-4d46-98cb-9cc2d2f12dc3-SegmentedRaftLogWorker:Storage Directory /workdir/hadoop-ozone/integration-test/target/test-dir/MiniOzoneClusterImpl-aa909d9c-8689-4ca6-a6e6-f667e4f57e2f/datanode-3/data/ratis/5f727fd3-e403-48ed-b8b4-ade2825270ad: Starting segment from index:0
2019-09-12 10:10:39,204 [8925b11b-15ee-4d46-98cb-9cc2d2f12dc3:group-ADE2825270AD:LeaderElection5] INFO  impl.RaftServerImpl (ServerState.java:setRaftConf(361)) - 8925b11b-15ee-4d46-98cb-9cc2d2f12dc3:group-ADE2825270AD set configuration 0: [8925b11b-15ee-4d46-98cb-9cc2d2f12dc3:192.168.36.114:36994], old=null at 0
2019-09-12 10:10:39,239 | INFO  | SCMAudit | user=jenkins1000 | ip=192.168.36.114 | op=SEND_HEARTBEAT {datanodeUUID=c257187d-6013-41a0-a6c3-70113601683b, command=[]} | ret=SUCCESS |  
2019-09-12 10:10:39,248 [8925b11b-15ee-4d46-98cb-9cc2d2f12dc3-SegmentedRaftLogWorker:Storage Directory /workdir/hadoop-ozone/integration-test/target/test-dir/MiniOzoneClusterImpl-aa909d9c-8689-4ca6-a6e6-f667e4f57e2f/datanode-3/data/ratis/5f727fd3-e403-48ed-b8b4-ade2825270ad] INFO  segmented.SegmentedRaftLogWorker (SegmentedRaftLogWorker.java:execute(569)) - 8925b11b-15ee-4d46-98cb-9cc2d2f12dc3-SegmentedRaftLogWorker:Storage Directory /workdir/hadoop-ozone/integration-test/target/test-dir/MiniOzoneClusterImpl-aa909d9c-8689-4ca6-a6e6-f667e4f57e2f/datanode-3/data/ratis/5f727fd3-e403-48ed-b8b4-ade2825270ad: created new log segment /workdir/hadoop-ozone/integration-test/target/test-dir/MiniOzoneClusterImpl-aa909d9c-8689-4ca6-a6e6-f667e4f57e2f/datanode-3/data/ratis/5f727fd3-e403-48ed-b8b4-ade2825270ad/current/log_inprogress_0
2019-09-12 10:10:39,274 | INFO  | SCMAudit | user=jenkins1000 | ip=192.168.36.114 | op=SEND_HEARTBEAT {datanodeUUID=db8f3dd9-b09f-4e42-bc8b-0b8816c9f45e, command=[]} | ret=SUCCESS |  
2019-09-12 10:10:39,403 [Thread-224] INFO  impl.FollowerState (FollowerState.java:run(106)) - db8f3dd9-b09f-4e42-bc8b-0b8816c9f45e:group-75AE87A5836B changes to CANDIDATE, lastRpcTime:5081, electionTimeout:5081ms
2019-09-12 10:10:39,403 [Thread-224] INFO  impl.RoleInfo (RoleInfo.java:shutdownFollowerState(121)) - db8f3dd9-b09f-4e42-bc8b-0b8816c9f45e: shutdown FollowerState
2019-09-12 10:10:39,403 [Thread-224] INFO  impl.RaftServerImpl (RaftServerImpl.java:setRole(171)) - db8f3dd9-b09f-4e42-bc8b-0b8816c9f45e:group-75AE87A5836B changes role from FOLLOWER to CANDIDATE at term 0 for changeToCandidate
2019-09-12 10:10:39,403 [Thread-224] INFO  impl.RoleInfo (RoleInfo.java:updateAndGet(143)) - db8f3dd9-b09f-4e42-bc8b-0b8816c9f45e: start LeaderElection
2019-09-12 10:10:39,528 [db8f3dd9-b09f-4e42-bc8b-0b8816c9f45e:group-75AE87A5836B:LeaderElection6] INFO  impl.LeaderElection (LeaderElection.java:askForVotes(181)) - db8f3dd9-b09f-4e42-bc8b-0b8816c9f45e:group-75AE87A5836B:LeaderElection6: begin an election at term 1 for -1: [db8f3dd9-b09f-4e42-bc8b-0b8816c9f45e:192.168.36.114:36560], old=null
2019-09-12 10:10:39,530 [Thread-227] INFO  impl.FollowerState (FollowerState.java:run(106)) - cc61ee54-953f-4ef7-b7e3-d5c043f839cb:group-36B44860F75E changes to CANDIDATE, lastRpcTime:5015, electionTimeout:5014ms
2019-09-12 10:10:39,530 [db8f3dd9-b09f-4e42-bc8b-0b8816c9f45e:group-75AE87A5836B:LeaderElection6] INFO  impl.RoleInfo (RoleInfo.java:shutdownLeaderElection(134)) - db8f3dd9-b09f-4e42-bc8b-0b8816c9f45e: shutdown LeaderElection
2019-09-12 10:10:39,530 [Thread-227] INFO  impl.RoleInfo (RoleInfo.java:shutdownFollowerState(121)) - cc61ee54-953f-4ef7-b7e3-d5c043f839cb: shutdown FollowerState
2019-09-12 10:10:39,530 [db8f3dd9-b09f-4e42-bc8b-0b8816c9f45e:group-75AE87A5836B:LeaderElection6] INFO  impl.RaftServerImpl (RaftServerImpl.java:setRole(171)) - db8f3dd9-b09f-4e42-bc8b-0b8816c9f45e:group-75AE87A5836B changes role from CANDIDATE to LEADER at term 1 for changeToLeader
2019-09-12 10:10:39,530 [Thread-227] INFO  impl.RaftServerImpl (RaftServerImpl.java:setRole(171)) - cc61ee54-953f-4ef7-b7e3-d5c043f839cb:group-36B44860F75E changes role from FOLLOWER to CANDIDATE at term 0 for changeToCandidate
2019-09-12 10:10:39,530 [db8f3dd9-b09f-4e42-bc8b-0b8816c9f45e:group-75AE87A5836B:LeaderElection6] INFO  impl.RaftServerImpl (ServerState.java:setLeader(263)) - db8f3dd9-b09f-4e42-bc8b-0b8816c9f45e:group-75AE87A5836B change Leader from null to db8f3dd9-b09f-4e42-bc8b-0b8816c9f45e at term 1 for becomeLeader, leader elected after 5213ms
2019-09-12 10:10:39,531 [Thread-227] INFO  impl.RoleInfo (RoleInfo.java:updateAndGet(143)) - cc61ee54-953f-4ef7-b7e3-d5c043f839cb: start LeaderElection
2019-09-12 10:10:39,531 [db8f3dd9-b09f-4e42-bc8b-0b8816c9f45e:group-75AE87A5836B:LeaderElection6] INFO  server.RaftServerConfigKeys (ConfUtils.java:logGet(43)) - raft.server.staging.catchup.gap = 1000 (default)
2019-09-12 10:10:39,532 [db8f3dd9-b09f-4e42-bc8b-0b8816c9f45e:group-75AE87A5836B:LeaderElection6] INFO  server.RaftServerConfigKeys (ConfUtils.java:logGet(43)) - raft.server.rpc.sleep.time = 25ms (default)
2019-09-12 10:10:39,536 [db8f3dd9-b09f-4e42-bc8b-0b8816c9f45e:group-75AE87A5836B:LeaderElection6] INFO  server.RaftServerConfigKeys (ConfUtils.java:logGet(43)) - raft.server.write.element-limit = 4096 (default)
2019-09-12 10:10:39,536 [db8f3dd9-b09f-4e42-bc8b-0b8816c9f45e:group-75AE87A5836B:LeaderElection6] INFO  server.RaftServerConfigKeys (ConfUtils.java:logGet(43)) - raft.server.watch.timeout = 10s (default)
2019-09-12 10:10:39,536 [db8f3dd9-b09f-4e42-bc8b-0b8816c9f45e:group-75AE87A5836B:LeaderElection6] INFO  server.RaftServerConfigKeys (ConfUtils.java:logGet(43)) - raft.server.watch.timeout.denomination = 1s (default)
2019-09-12 10:10:39,536 [db8f3dd9-b09f-4e42-bc8b-0b8816c9f45e:group-75AE87A5836B:LeaderElection6] INFO  server.RaftServerConfigKeys (ConfUtils.java:logGet(43)) - raft.server.watch.element-limit = 65536 (default)
2019-09-12 10:10:39,536 [db8f3dd9-b09f-4e42-bc8b-0b8816c9f45e:group-75AE87A5836B:LeaderElection6] INFO  impl.RoleInfo (RoleInfo.java:updateAndGet(143)) - db8f3dd9-b09f-4e42-bc8b-0b8816c9f45e: start LeaderState
2019-09-12 10:10:39,537 [db8f3dd9-b09f-4e42-bc8b-0b8816c9f45e:group-75AE87A5836B:LeaderElection6] INFO  segmented.SegmentedRaftLogWorker (SegmentedRaftLogWorker.java:startLogSegment(380)) - db8f3dd9-b09f-4e42-bc8b-0b8816c9f45e-SegmentedRaftLogWorker:Storage Directory /workdir/hadoop-ozone/integration-test/target/test-dir/MiniOzoneClusterImpl-aa909d9c-8689-4ca6-a6e6-f667e4f57e2f/datanode-0/data/ratis/be1a5ec0-1da5-4cda-99da-75ae87a5836b: Starting segment from index:0
2019-09-12 10:10:39,538 [db8f3dd9-b09f-4e42-bc8b-0b8816c9f45e:group-75AE87A5836B:LeaderElection6] INFO  impl.RaftServerImpl (ServerState.java:setRaftConf(361)) - db8f3dd9-b09f-4e42-bc8b-0b8816c9f45e:group-75AE87A5836B set configuration 0: [db8f3dd9-b09f-4e42-bc8b-0b8816c9f45e:192.168.36.114:36560], old=null at 0
2019-09-12 10:10:39,570 [cc61ee54-953f-4ef7-b7e3-d5c043f839cb:group-36B44860F75E:LeaderElection7] INFO  impl.LeaderElection (LeaderElection.java:askForVotes(181)) - cc61ee54-953f-4ef7-b7e3-d5c043f839cb:group-36B44860F75E:LeaderElection7: begin an election at term 1 for -1: [cc61ee54-953f-4ef7-b7e3-d5c043f839cb:192.168.36.114:41082], old=null
2019-09-12 10:10:39,571 [cc61ee54-953f-4ef7-b7e3-d5c043f839cb:group-36B44860F75E:LeaderElection7] INFO  impl.RoleInfo (RoleInfo.java:shutdownLeaderElection(134)) - cc61ee54-953f-4ef7-b7e3-d5c043f839cb: shutdown LeaderElection
2019-09-12 10:10:39,571 [cc61ee54-953f-4ef7-b7e3-d5c043f839cb:group-36B44860F75E:LeaderElection7] INFO  impl.RaftServerImpl (RaftServerImpl.java:setRole(171)) - cc61ee54-953f-4ef7-b7e3-d5c043f839cb:group-36B44860F75E changes role from CANDIDATE to LEADER at term 1 for changeToLeader
2019-09-12 10:10:39,571 [cc61ee54-953f-4ef7-b7e3-d5c043f839cb:group-36B44860F75E:LeaderElection7] INFO  impl.RaftServerImpl (ServerState.java:setLeader(263)) - cc61ee54-953f-4ef7-b7e3-d5c043f839cb:group-36B44860F75E change Leader from null to cc61ee54-953f-4ef7-b7e3-d5c043f839cb at term 1 for becomeLeader, leader elected after 5063ms
2019-09-12 10:10:39,571 [cc61ee54-953f-4ef7-b7e3-d5c043f839cb:group-36B44860F75E:LeaderElection7] INFO  server.RaftServerConfigKeys (ConfUtils.java:logGet(43)) - raft.server.staging.catchup.gap = 1000 (default)
2019-09-12 10:10:39,572 [cc61ee54-953f-4ef7-b7e3-d5c043f839cb:group-36B44860F75E:LeaderElection7] INFO  server.RaftServerConfigKeys (ConfUtils.java:logGet(43)) - raft.server.rpc.sleep.time = 25ms (default)
2019-09-12 10:10:39,572 [cc61ee54-953f-4ef7-b7e3-d5c043f839cb:group-36B44860F75E:LeaderElection7] INFO  server.RaftServerConfigKeys (ConfUtils.java:logGet(43)) - raft.server.write.element-limit = 4096 (default)
2019-09-12 10:10:39,572 [cc61ee54-953f-4ef7-b7e3-d5c043f839cb:group-36B44860F75E:LeaderElection7] INFO  server.RaftServerConfigKeys (ConfUtils.java:logGet(43)) - raft.server.watch.timeout = 10s (default)
2019-09-12 10:10:39,573 [cc61ee54-953f-4ef7-b7e3-d5c043f839cb:group-36B44860F75E:LeaderElection7] INFO  server.RaftServerConfigKeys (ConfUtils.java:logGet(43)) - raft.server.watch.timeout.denomination = 1s (default)
2019-09-12 10:10:39,573 [cc61ee54-953f-4ef7-b7e3-d5c043f839cb:group-36B44860F75E:LeaderElection7] INFO  server.RaftServerConfigKeys (ConfUtils.java:logGet(43)) - raft.server.watch.element-limit = 65536 (default)
2019-09-12 10:10:39,573 [cc61ee54-953f-4ef7-b7e3-d5c043f839cb:group-36B44860F75E:LeaderElection7] INFO  impl.RoleInfo (RoleInfo.java:updateAndGet(143)) - cc61ee54-953f-4ef7-b7e3-d5c043f839cb: start LeaderState
2019-09-12 10:10:39,574 [cc61ee54-953f-4ef7-b7e3-d5c043f839cb:group-36B44860F75E:LeaderElection7] INFO  segmented.SegmentedRaftLogWorker (SegmentedRaftLogWorker.java:startLogSegment(380)) - cc61ee54-953f-4ef7-b7e3-d5c043f839cb-SegmentedRaftLogWorker:Storage Directory /workdir/hadoop-ozone/integration-test/target/test-dir/MiniOzoneClusterImpl-aa909d9c-8689-4ca6-a6e6-f667e4f57e2f/datanode-1/data/ratis/80c00dbd-aee5-403f-aea0-36b44860f75e: Starting segment from index:0
2019-09-12 10:10:39,575 [cc61ee54-953f-4ef7-b7e3-d5c043f839cb:group-36B44860F75E:LeaderElection7] INFO  impl.RaftServerImpl (ServerState.java:setRaftConf(361)) - cc61ee54-953f-4ef7-b7e3-d5c043f839cb:group-36B44860F75E set configuration 0: [cc61ee54-953f-4ef7-b7e3-d5c043f839cb:192.168.36.114:41082], old=null at 0
2019-09-12 10:10:39,607 [db8f3dd9-b09f-4e42-bc8b-0b8816c9f45e-SegmentedRaftLogWorker:Storage Directory /workdir/hadoop-ozone/integration-test/target/test-dir/MiniOzoneClusterImpl-aa909d9c-8689-4ca6-a6e6-f667e4f57e2f/datanode-0/data/ratis/be1a5ec0-1da5-4cda-99da-75ae87a5836b] INFO  segmented.SegmentedRaftLogWorker (SegmentedRaftLogWorker.java:execute(569)) - db8f3dd9-b09f-4e42-bc8b-0b8816c9f45e-SegmentedRaftLogWorker:Storage Directory /workdir/hadoop-ozone/integration-test/target/test-dir/MiniOzoneClusterImpl-aa909d9c-8689-4ca6-a6e6-f667e4f57e2f/datanode-0/data/ratis/be1a5ec0-1da5-4cda-99da-75ae87a5836b: created new log segment /workdir/hadoop-ozone/integration-test/target/test-dir/MiniOzoneClusterImpl-aa909d9c-8689-4ca6-a6e6-f667e4f57e2f/datanode-0/data/ratis/be1a5ec0-1da5-4cda-99da-75ae87a5836b/current/log_inprogress_0
2019-09-12 10:10:39,618 [cc61ee54-953f-4ef7-b7e3-d5c043f839cb-SegmentedRaftLogWorker:Storage Directory /workdir/hadoop-ozone/integration-test/target/test-dir/MiniOzoneClusterImpl-aa909d9c-8689-4ca6-a6e6-f667e4f57e2f/datanode-1/data/ratis/80c00dbd-aee5-403f-aea0-36b44860f75e] INFO  segmented.SegmentedRaftLogWorker (SegmentedRaftLogWorker.java:execute(569)) - cc61ee54-953f-4ef7-b7e3-d5c043f839cb-SegmentedRaftLogWorker:Storage Directory /workdir/hadoop-ozone/integration-test/target/test-dir/MiniOzoneClusterImpl-aa909d9c-8689-4ca6-a6e6-f667e4f57e2f/datanode-1/data/ratis/80c00dbd-aee5-403f-aea0-36b44860f75e: created new log segment /workdir/hadoop-ozone/integration-test/target/test-dir/MiniOzoneClusterImpl-aa909d9c-8689-4ca6-a6e6-f667e4f57e2f/datanode-1/data/ratis/80c00dbd-aee5-403f-aea0-36b44860f75e/current/log_inprogress_0
2019-09-12 10:10:39,703 [Thread-230] INFO  impl.FollowerState (FollowerState.java:run(106)) - bd0a38b2-0ade-4ab9-8ece-056daa626b99:group-20B0BA949A9B changes to CANDIDATE, lastRpcTime:5027, electionTimeout:5027ms
2019-09-12 10:10:39,704 [Thread-230] INFO  impl.RoleInfo (RoleInfo.java:shutdownFollowerState(121)) - bd0a38b2-0ade-4ab9-8ece-056daa626b99: shutdown FollowerState
2019-09-12 10:10:39,704 [Thread-230] INFO  impl.RaftServerImpl (RaftServerImpl.java:setRole(171)) - bd0a38b2-0ade-4ab9-8ece-056daa626b99:group-20B0BA949A9B changes role from FOLLOWER to CANDIDATE at term 0 for changeToCandidate
2019-09-12 10:10:39,705 [Thread-230] INFO  impl.RoleInfo (RoleInfo.java:updateAndGet(143)) - bd0a38b2-0ade-4ab9-8ece-056daa626b99: start LeaderElection
2019-09-12 10:10:39,716 [bd0a38b2-0ade-4ab9-8ece-056daa626b99:group-20B0BA949A9B:LeaderElection8] INFO  impl.LeaderElection (LeaderElection.java:askForVotes(181)) - bd0a38b2-0ade-4ab9-8ece-056daa626b99:group-20B0BA949A9B:LeaderElection8: begin an election at term 1 for -1: [bd0a38b2-0ade-4ab9-8ece-056daa626b99:192.168.36.114:44836], old=null
2019-09-12 10:10:39,718 [bd0a38b2-0ade-4ab9-8ece-056daa626b99:group-20B0BA949A9B:LeaderElection8] INFO  impl.RoleInfo (RoleInfo.java:shutdownLeaderElection(134)) - bd0a38b2-0ade-4ab9-8ece-056daa626b99: shutdown LeaderElection
2019-09-12 10:10:39,718 [bd0a38b2-0ade-4ab9-8ece-056daa626b99:group-20B0BA949A9B:LeaderElection8] INFO  impl.RaftServerImpl (RaftServerImpl.java:setRole(171)) - bd0a38b2-0ade-4ab9-8ece-056daa626b99:group-20B0BA949A9B changes role from CANDIDATE to LEADER at term 1 for changeToLeader
2019-09-12 10:10:39,718 [bd0a38b2-0ade-4ab9-8ece-056daa626b99:group-20B0BA949A9B:LeaderElection8] INFO  impl.RaftServerImpl (ServerState.java:setLeader(263)) - bd0a38b2-0ade-4ab9-8ece-056daa626b99:group-20B0BA949A9B change Leader from null to bd0a38b2-0ade-4ab9-8ece-056daa626b99 at term 1 for becomeLeader, leader elected after 5047ms
2019-09-12 10:10:39,719 [bd0a38b2-0ade-4ab9-8ece-056daa626b99:group-20B0BA949A9B:LeaderElection8] INFO  server.RaftServerConfigKeys (ConfUtils.java:logGet(43)) - raft.server.staging.catchup.gap = 1000 (default)
2019-09-12 10:10:39,719 [bd0a38b2-0ade-4ab9-8ece-056daa626b99:group-20B0BA949A9B:LeaderElection8] INFO  server.RaftServerConfigKeys (ConfUtils.java:logGet(43)) - raft.server.rpc.sleep.time = 25ms (default)
2019-09-12 10:10:39,720 [bd0a38b2-0ade-4ab9-8ece-056daa626b99:group-20B0BA949A9B:LeaderElection8] INFO  server.RaftServerConfigKeys (ConfUtils.java:logGet(43)) - raft.server.write.element-limit = 4096 (default)
2019-09-12 10:10:39,720 [bd0a38b2-0ade-4ab9-8ece-056daa626b99:group-20B0BA949A9B:LeaderElection8] INFO  server.RaftServerConfigKeys (ConfUtils.java:logGet(43)) - raft.server.watch.timeout = 10s (default)
2019-09-12 10:10:39,720 [bd0a38b2-0ade-4ab9-8ece-056daa626b99:group-20B0BA949A9B:LeaderElection8] INFO  server.RaftServerConfigKeys (ConfUtils.java:logGet(43)) - raft.server.watch.timeout.denomination = 1s (default)
2019-09-12 10:10:39,720 [bd0a38b2-0ade-4ab9-8ece-056daa626b99:group-20B0BA949A9B:LeaderElection8] INFO  server.RaftServerConfigKeys (ConfUtils.java:logGet(43)) - raft.server.watch.element-limit = 65536 (default)
2019-09-12 10:10:39,721 [bd0a38b2-0ade-4ab9-8ece-056daa626b99:group-20B0BA949A9B:LeaderElection8] INFO  impl.RoleInfo (RoleInfo.java:updateAndGet(143)) - bd0a38b2-0ade-4ab9-8ece-056daa626b99: start LeaderState
2019-09-12 10:10:39,721 [bd0a38b2-0ade-4ab9-8ece-056daa626b99:group-20B0BA949A9B:LeaderElection8] INFO  segmented.SegmentedRaftLogWorker (SegmentedRaftLogWorker.java:startLogSegment(380)) - bd0a38b2-0ade-4ab9-8ece-056daa626b99-SegmentedRaftLogWorker:Storage Directory /workdir/hadoop-ozone/integration-test/target/test-dir/MiniOzoneClusterImpl-aa909d9c-8689-4ca6-a6e6-f667e4f57e2f/datanode-2/data/ratis/8355ca99-7db2-4414-9445-20b0ba949a9b: Starting segment from index:0
2019-09-12 10:10:39,721 [bd0a38b2-0ade-4ab9-8ece-056daa626b99:group-20B0BA949A9B:LeaderElection8] INFO  impl.RaftServerImpl (ServerState.java:setRaftConf(361)) - bd0a38b2-0ade-4ab9-8ece-056daa626b99:group-20B0BA949A9B set configuration 0: [bd0a38b2-0ade-4ab9-8ece-056daa626b99:192.168.36.114:44836], old=null at 0
2019-09-12 10:10:39,770 [bd0a38b2-0ade-4ab9-8ece-056daa626b99-SegmentedRaftLogWorker:Storage Directory /workdir/hadoop-ozone/integration-test/target/test-dir/MiniOzoneClusterImpl-aa909d9c-8689-4ca6-a6e6-f667e4f57e2f/datanode-2/data/ratis/8355ca99-7db2-4414-9445-20b0ba949a9b] INFO  segmented.SegmentedRaftLogWorker (SegmentedRaftLogWorker.java:execute(569)) - bd0a38b2-0ade-4ab9-8ece-056daa626b99-SegmentedRaftLogWorker:Storage Directory /workdir/hadoop-ozone/integration-test/target/test-dir/MiniOzoneClusterImpl-aa909d9c-8689-4ca6-a6e6-f667e4f57e2f/datanode-2/data/ratis/8355ca99-7db2-4414-9445-20b0ba949a9b: created new log segment /workdir/hadoop-ozone/integration-test/target/test-dir/MiniOzoneClusterImpl-aa909d9c-8689-4ca6-a6e6-f667e4f57e2f/datanode-2/data/ratis/8355ca99-7db2-4414-9445-20b0ba949a9b/current/log_inprogress_0
2019-09-12 10:10:40,020 [Thread-233] INFO  impl.FollowerState (FollowerState.java:run(106)) - cc61ee54-953f-4ef7-b7e3-d5c043f839cb:group-39AD042F9263 changes to CANDIDATE, lastRpcTime:5183, electionTimeout:5183ms
2019-09-12 10:10:40,020 [Thread-233] INFO  impl.RoleInfo (RoleInfo.java:shutdownFollowerState(121)) - cc61ee54-953f-4ef7-b7e3-d5c043f839cb: shutdown FollowerState
2019-09-12 10:10:40,021 [Thread-233] INFO  impl.RaftServerImpl (RaftServerImpl.java:setRole(171)) - cc61ee54-953f-4ef7-b7e3-d5c043f839cb:group-39AD042F9263 changes role from FOLLOWER to CANDIDATE at term 0 for changeToCandidate
2019-09-12 10:10:40,021 [Thread-233] INFO  impl.RoleInfo (RoleInfo.java:updateAndGet(143)) - cc61ee54-953f-4ef7-b7e3-d5c043f839cb: start LeaderElection
2019-09-12 10:10:40,072 | INFO  | SCMAudit | user=jenkins1000 | ip=192.168.36.114 | op=SEND_HEARTBEAT {datanodeUUID=8925b11b-15ee-4d46-98cb-9cc2d2f12dc3, command=[]} | ret=SUCCESS |  
2019-09-12 10:10:40,103 [cc61ee54-953f-4ef7-b7e3-d5c043f839cb:group-39AD042F9263:LeaderElection9] INFO  impl.LeaderElection (LeaderElection.java:askForVotes(181)) - cc61ee54-953f-4ef7-b7e3-d5c043f839cb:group-39AD042F9263:LeaderElection9: begin an election at term 1 for -1: [cc61ee54-953f-4ef7-b7e3-d5c043f839cb:192.168.36.114:41082], old=null
2019-09-12 10:10:40,105 [cc61ee54-953f-4ef7-b7e3-d5c043f839cb:group-39AD042F9263:LeaderElection9] INFO  impl.RoleInfo (RoleInfo.java:shutdownLeaderElection(134)) - cc61ee54-953f-4ef7-b7e3-d5c043f839cb: shutdown LeaderElection
2019-09-12 10:10:40,105 [cc61ee54-953f-4ef7-b7e3-d5c043f839cb:group-39AD042F9263:LeaderElection9] INFO  impl.RaftServerImpl (RaftServerImpl.java:setRole(171)) - cc61ee54-953f-4ef7-b7e3-d5c043f839cb:group-39AD042F9263 changes role from CANDIDATE to LEADER at term 1 for changeToLeader
2019-09-12 10:10:40,105 [cc61ee54-953f-4ef7-b7e3-d5c043f839cb:group-39AD042F9263:LeaderElection9] INFO  impl.RaftServerImpl (ServerState.java:setLeader(263)) - cc61ee54-953f-4ef7-b7e3-d5c043f839cb:group-39AD042F9263 change Leader from null to cc61ee54-953f-4ef7-b7e3-d5c043f839cb at term 1 for becomeLeader, leader elected after 5272ms
2019-09-12 10:10:40,105 [cc61ee54-953f-4ef7-b7e3-d5c043f839cb:group-39AD042F9263:LeaderElection9] INFO  server.RaftServerConfigKeys (ConfUtils.java:logGet(43)) - raft.server.staging.catchup.gap = 1000 (default)
2019-09-12 10:10:40,105 [cc61ee54-953f-4ef7-b7e3-d5c043f839cb:group-39AD042F9263:LeaderElection9] INFO  server.RaftServerConfigKeys (ConfUtils.java:logGet(43)) - raft.server.rpc.sleep.time = 25ms (default)
2019-09-12 10:10:40,106 [cc61ee54-953f-4ef7-b7e3-d5c043f839cb:group-39AD042F9263:LeaderElection9] INFO  server.RaftServerConfigKeys (ConfUtils.java:logGet(43)) - raft.server.write.element-limit = 4096 (default)
2019-09-12 10:10:40,106 [cc61ee54-953f-4ef7-b7e3-d5c043f839cb:group-39AD042F9263:LeaderElection9] INFO  server.RaftServerConfigKeys (ConfUtils.java:logGet(43)) - raft.server.watch.timeout = 10s (default)
2019-09-12 10:10:40,106 [cc61ee54-953f-4ef7-b7e3-d5c043f839cb:group-39AD042F9263:LeaderElection9] INFO  server.RaftServerConfigKeys (ConfUtils.java:logGet(43)) - raft.server.watch.timeout.denomination = 1s (default)
2019-09-12 10:10:40,106 [cc61ee54-953f-4ef7-b7e3-d5c043f839cb:group-39AD042F9263:LeaderElection9] INFO  server.RaftServerConfigKeys (ConfUtils.java:logGet(43)) - raft.server.watch.element-limit = 65536 (default)
2019-09-12 10:10:40,107 [cc61ee54-953f-4ef7-b7e3-d5c043f839cb:group-39AD042F9263:LeaderElection9] INFO  impl.RoleInfo (RoleInfo.java:updateAndGet(143)) - cc61ee54-953f-4ef7-b7e3-d5c043f839cb: start LeaderState
2019-09-12 10:10:40,107 [cc61ee54-953f-4ef7-b7e3-d5c043f839cb:group-39AD042F9263:LeaderElection9] INFO  segmented.SegmentedRaftLogWorker (SegmentedRaftLogWorker.java:startLogSegment(380)) - cc61ee54-953f-4ef7-b7e3-d5c043f839cb-SegmentedRaftLogWorker:Storage Directory /workdir/hadoop-ozone/integration-test/target/test-dir/MiniOzoneClusterImpl-aa909d9c-8689-4ca6-a6e6-f667e4f57e2f/datanode-1/data/ratis/b6772657-25fa-4a23-ad8b-39ad042f9263: Starting segment from index:0
2019-09-12 10:10:40,108 [cc61ee54-953f-4ef7-b7e3-d5c043f839cb:group-39AD042F9263:LeaderElection9] INFO  impl.RaftServerImpl (ServerState.java:setRaftConf(361)) - cc61ee54-953f-4ef7-b7e3-d5c043f839cb:group-39AD042F9263 set configuration 0: [cc61ee54-953f-4ef7-b7e3-d5c043f839cb:192.168.36.114:41082], old=null at 0
2019-09-12 10:10:40,150 [Thread-236] INFO  impl.FollowerState (FollowerState.java:run(106)) - 8925b11b-15ee-4d46-98cb-9cc2d2f12dc3:group-0C10D8D672A6 changes to CANDIDATE, lastRpcTime:5122, electionTimeout:5107ms
2019-09-12 10:10:40,150 [Thread-236] INFO  impl.RoleInfo (RoleInfo.java:shutdownFollowerState(121)) - 8925b11b-15ee-4d46-98cb-9cc2d2f12dc3: shutdown FollowerState
2019-09-12 10:10:40,150 [Thread-236] INFO  impl.RaftServerImpl (RaftServerImpl.java:setRole(171)) - 8925b11b-15ee-4d46-98cb-9cc2d2f12dc3:group-0C10D8D672A6 changes role from FOLLOWER to CANDIDATE at term 0 for changeToCandidate
2019-09-12 10:10:40,150 [Thread-236] INFO  impl.RoleInfo (RoleInfo.java:updateAndGet(143)) - 8925b11b-15ee-4d46-98cb-9cc2d2f12dc3: start LeaderElection
2019-09-12 10:10:40,159 [cc61ee54-953f-4ef7-b7e3-d5c043f839cb-SegmentedRaftLogWorker:Storage Directory /workdir/hadoop-ozone/integration-test/target/test-dir/MiniOzoneClusterImpl-aa909d9c-8689-4ca6-a6e6-f667e4f57e2f/datanode-1/data/ratis/b6772657-25fa-4a23-ad8b-39ad042f9263] INFO  segmented.SegmentedRaftLogWorker (SegmentedRaftLogWorker.java:execute(569)) - cc61ee54-953f-4ef7-b7e3-d5c043f839cb-SegmentedRaftLogWorker:Storage Directory /workdir/hadoop-ozone/integration-test/target/test-dir/MiniOzoneClusterImpl-aa909d9c-8689-4ca6-a6e6-f667e4f57e2f/datanode-1/data/ratis/b6772657-25fa-4a23-ad8b-39ad042f9263: created new log segment /workdir/hadoop-ozone/integration-test/target/test-dir/MiniOzoneClusterImpl-aa909d9c-8689-4ca6-a6e6-f667e4f57e2f/datanode-1/data/ratis/b6772657-25fa-4a23-ad8b-39ad042f9263/current/log_inprogress_0
2019-09-12 10:10:40,159 [8925b11b-15ee-4d46-98cb-9cc2d2f12dc3:group-0C10D8D672A6:LeaderElection10] INFO  impl.LeaderElection (LeaderElection.java:askForVotes(181)) - 8925b11b-15ee-4d46-98cb-9cc2d2f12dc3:group-0C10D8D672A6:LeaderElection10: begin an election at term 1 for -1: [8925b11b-15ee-4d46-98cb-9cc2d2f12dc3:192.168.36.114:36994], old=null
2019-09-12 10:10:40,159 [8925b11b-15ee-4d46-98cb-9cc2d2f12dc3:group-0C10D8D672A6:LeaderElection10] INFO  impl.RoleInfo (RoleInfo.java:shutdownLeaderElection(134)) - 8925b11b-15ee-4d46-98cb-9cc2d2f12dc3: shutdown LeaderElection
2019-09-12 10:10:40,160 [8925b11b-15ee-4d46-98cb-9cc2d2f12dc3:group-0C10D8D672A6:LeaderElection10] INFO  impl.RaftServerImpl (RaftServerImpl.java:setRole(171)) - 8925b11b-15ee-4d46-98cb-9cc2d2f12dc3:group-0C10D8D672A6 changes role from CANDIDATE to LEADER at term 1 for changeToLeader
2019-09-12 10:10:40,160 [8925b11b-15ee-4d46-98cb-9cc2d2f12dc3:group-0C10D8D672A6:LeaderElection10] INFO  impl.RaftServerImpl (ServerState.java:setLeader(263)) - 8925b11b-15ee-4d46-98cb-9cc2d2f12dc3:group-0C10D8D672A6 change Leader from null to 8925b11b-15ee-4d46-98cb-9cc2d2f12dc3 at term 1 for becomeLeader, leader elected after 5140ms
2019-09-12 10:10:40,160 [8925b11b-15ee-4d46-98cb-9cc2d2f12dc3:group-0C10D8D672A6:LeaderElection10] INFO  server.RaftServerConfigKeys (ConfUtils.java:logGet(43)) - raft.server.staging.catchup.gap = 1000 (default)
2019-09-12 10:10:40,160 [8925b11b-15ee-4d46-98cb-9cc2d2f12dc3:group-0C10D8D672A6:LeaderElection10] INFO  server.RaftServerConfigKeys (ConfUtils.java:logGet(43)) - raft.server.rpc.sleep.time = 25ms (default)
2019-09-12 10:10:40,160 [8925b11b-15ee-4d46-98cb-9cc2d2f12dc3:group-0C10D8D672A6:LeaderElection10] INFO  server.RaftServerConfigKeys (ConfUtils.java:logGet(43)) - raft.server.write.element-limit = 4096 (default)
2019-09-12 10:10:40,161 [8925b11b-15ee-4d46-98cb-9cc2d2f12dc3:group-0C10D8D672A6:LeaderElection10] INFO  server.RaftServerConfigKeys (ConfUtils.java:logGet(43)) - raft.server.watch.timeout = 10s (default)
2019-09-12 10:10:40,161 [8925b11b-15ee-4d46-98cb-9cc2d2f12dc3:group-0C10D8D672A6:LeaderElection10] INFO  server.RaftServerConfigKeys (ConfUtils.java:logGet(43)) - raft.server.watch.timeout.denomination = 1s (default)
2019-09-12 10:10:40,161 [8925b11b-15ee-4d46-98cb-9cc2d2f12dc3:group-0C10D8D672A6:LeaderElection10] INFO  server.RaftServerConfigKeys (ConfUtils.java:logGet(43)) - raft.server.watch.element-limit = 65536 (default)
2019-09-12 10:10:40,161 [8925b11b-15ee-4d46-98cb-9cc2d2f12dc3:group-0C10D8D672A6:LeaderElection10] INFO  impl.RoleInfo (RoleInfo.java:updateAndGet(143)) - 8925b11b-15ee-4d46-98cb-9cc2d2f12dc3: start LeaderState
2019-09-12 10:10:40,162 [8925b11b-15ee-4d46-98cb-9cc2d2f12dc3:group-0C10D8D672A6:LeaderElection10] INFO  segmented.SegmentedRaftLogWorker (SegmentedRaftLogWorker.java:startLogSegment(380)) - 8925b11b-15ee-4d46-98cb-9cc2d2f12dc3-SegmentedRaftLogWorker:Storage Directory /workdir/hadoop-ozone/integration-test/target/test-dir/MiniOzoneClusterImpl-aa909d9c-8689-4ca6-a6e6-f667e4f57e2f/datanode-3/data/ratis/a3381582-9f92-4be8-82ee-0c10d8d672a6: Starting segment from index:0
2019-09-12 10:10:40,162 [8925b11b-15ee-4d46-98cb-9cc2d2f12dc3:group-0C10D8D672A6:LeaderElection10] INFO  impl.RaftServerImpl (ServerState.java:setRaftConf(361)) - 8925b11b-15ee-4d46-98cb-9cc2d2f12dc3:group-0C10D8D672A6 set configuration 0: [8925b11b-15ee-4d46-98cb-9cc2d2f12dc3:192.168.36.114:36994], old=null at 0
2019-09-12 10:10:40,207 [8925b11b-15ee-4d46-98cb-9cc2d2f12dc3-SegmentedRaftLogWorker:Storage Directory /workdir/hadoop-ozone/integration-test/target/test-dir/MiniOzoneClusterImpl-aa909d9c-8689-4ca6-a6e6-f667e4f57e2f/datanode-3/data/ratis/a3381582-9f92-4be8-82ee-0c10d8d672a6] INFO  segmented.SegmentedRaftLogWorker (SegmentedRaftLogWorker.java:execute(569)) - 8925b11b-15ee-4d46-98cb-9cc2d2f12dc3-SegmentedRaftLogWorker:Storage Directory /workdir/hadoop-ozone/integration-test/target/test-dir/MiniOzoneClusterImpl-aa909d9c-8689-4ca6-a6e6-f667e4f57e2f/datanode-3/data/ratis/a3381582-9f92-4be8-82ee-0c10d8d672a6: created new log segment /workdir/hadoop-ozone/integration-test/target/test-dir/MiniOzoneClusterImpl-aa909d9c-8689-4ca6-a6e6-f667e4f57e2f/datanode-3/data/ratis/a3381582-9f92-4be8-82ee-0c10d8d672a6/current/log_inprogress_0
2019-09-12 10:10:40,239 | INFO  | SCMAudit | user=jenkins1000 | ip=192.168.36.114 | op=SEND_HEARTBEAT {datanodeUUID=c257187d-6013-41a0-a6c3-70113601683b, command=[]} | ret=SUCCESS |  
2019-09-12 10:10:40,272 [Thread-239] INFO  impl.FollowerState (FollowerState.java:run(106)) - bd0a38b2-0ade-4ab9-8ece-056daa626b99:group-2BCE082211B4 changes to CANDIDATE, lastRpcTime:5129, electionTimeout:5129ms
2019-09-12 10:10:40,272 [Thread-239] INFO  impl.RoleInfo (RoleInfo.java:shutdownFollowerState(121)) - bd0a38b2-0ade-4ab9-8ece-056daa626b99: shutdown FollowerState
2019-09-12 10:10:40,273 [Thread-239] INFO  impl.RaftServerImpl (RaftServerImpl.java:setRole(171)) - bd0a38b2-0ade-4ab9-8ece-056daa626b99:group-2BCE082211B4 changes role from FOLLOWER to CANDIDATE at term 0 for changeToCandidate
2019-09-12 10:10:40,275 [Thread-239] INFO  impl.RoleInfo (RoleInfo.java:updateAndGet(143)) - bd0a38b2-0ade-4ab9-8ece-056daa626b99: start LeaderElection
2019-09-12 10:10:40,278 | INFO  | SCMAudit | user=jenkins1000 | ip=192.168.36.114 | op=SEND_HEARTBEAT {datanodeUUID=db8f3dd9-b09f-4e42-bc8b-0b8816c9f45e, command=[]} | ret=SUCCESS |  
2019-09-12 10:10:40,292 [bd0a38b2-0ade-4ab9-8ece-056daa626b99:group-2BCE082211B4:LeaderElection11] INFO  impl.LeaderElection (LeaderElection.java:askForVotes(181)) - bd0a38b2-0ade-4ab9-8ece-056daa626b99:group-2BCE082211B4:LeaderElection11: begin an election at term 1 for -1: [bd0a38b2-0ade-4ab9-8ece-056daa626b99:192.168.36.114:44836], old=null
2019-09-12 10:10:40,292 [bd0a38b2-0ade-4ab9-8ece-056daa626b99:group-2BCE082211B4:LeaderElection11] INFO  impl.RoleInfo (RoleInfo.java:shutdownLeaderElection(134)) - bd0a38b2-0ade-4ab9-8ece-056daa626b99: shutdown LeaderElection
2019-09-12 10:10:40,293 [bd0a38b2-0ade-4ab9-8ece-056daa626b99:group-2BCE082211B4:LeaderElection11] INFO  impl.RaftServerImpl (RaftServerImpl.java:setRole(171)) - bd0a38b2-0ade-4ab9-8ece-056daa626b99:group-2BCE082211B4 changes role from CANDIDATE to LEADER at term 1 for changeToLeader
2019-09-12 10:10:40,293 [bd0a38b2-0ade-4ab9-8ece-056daa626b99:group-2BCE082211B4:LeaderElection11] INFO  impl.RaftServerImpl (ServerState.java:setLeader(263)) - bd0a38b2-0ade-4ab9-8ece-056daa626b99:group-2BCE082211B4 change Leader from null to bd0a38b2-0ade-4ab9-8ece-056daa626b99 at term 1 for becomeLeader, leader elected after 5156ms
2019-09-12 10:10:40,293 [bd0a38b2-0ade-4ab9-8ece-056daa626b99:group-2BCE082211B4:LeaderElection11] INFO  server.RaftServerConfigKeys (ConfUtils.java:logGet(43)) - raft.server.staging.catchup.gap = 1000 (default)
2019-09-12 10:10:40,293 [bd0a38b2-0ade-4ab9-8ece-056daa626b99:group-2BCE082211B4:LeaderElection11] INFO  server.RaftServerConfigKeys (ConfUtils.java:logGet(43)) - raft.server.rpc.sleep.time = 25ms (default)
2019-09-12 10:10:40,293 [bd0a38b2-0ade-4ab9-8ece-056daa626b99:group-2BCE082211B4:LeaderElection11] INFO  server.RaftServerConfigKeys (ConfUtils.java:logGet(43)) - raft.server.write.element-limit = 4096 (default)
2019-09-12 10:10:40,294 [bd0a38b2-0ade-4ab9-8ece-056daa626b99:group-2BCE082211B4:LeaderElection11] INFO  server.RaftServerConfigKeys (ConfUtils.java:logGet(43)) - raft.server.watch.timeout = 10s (default)
2019-09-12 10:10:40,294 [bd0a38b2-0ade-4ab9-8ece-056daa626b99:group-2BCE082211B4:LeaderElection11] INFO  server.RaftServerConfigKeys (ConfUtils.java:logGet(43)) - raft.server.watch.timeout.denomination = 1s (default)
2019-09-12 10:10:40,294 [bd0a38b2-0ade-4ab9-8ece-056daa626b99:group-2BCE082211B4:LeaderElection11] INFO  server.RaftServerConfigKeys (ConfUtils.java:logGet(43)) - raft.server.watch.element-limit = 65536 (default)
2019-09-12 10:10:40,294 [bd0a38b2-0ade-4ab9-8ece-056daa626b99:group-2BCE082211B4:LeaderElection11] INFO  impl.RoleInfo (RoleInfo.java:updateAndGet(143)) - bd0a38b2-0ade-4ab9-8ece-056daa626b99: start LeaderState
2019-09-12 10:10:40,294 [bd0a38b2-0ade-4ab9-8ece-056daa626b99:group-2BCE082211B4:LeaderElection11] INFO  segmented.SegmentedRaftLogWorker (SegmentedRaftLogWorker.java:startLogSegment(380)) - bd0a38b2-0ade-4ab9-8ece-056daa626b99-SegmentedRaftLogWorker:Storage Directory /workdir/hadoop-ozone/integration-test/target/test-dir/MiniOzoneClusterImpl-aa909d9c-8689-4ca6-a6e6-f667e4f57e2f/datanode-2/data/ratis/4ca04b01-6d1f-486b-af21-2bce082211b4: Starting segment from index:0
2019-09-12 10:10:40,295 [bd0a38b2-0ade-4ab9-8ece-056daa626b99:group-2BCE082211B4:LeaderElection11] INFO  impl.RaftServerImpl (ServerState.java:setRaftConf(361)) - bd0a38b2-0ade-4ab9-8ece-056daa626b99:group-2BCE082211B4 set configuration 0: [bd0a38b2-0ade-4ab9-8ece-056daa626b99:192.168.36.114:44836], old=null at 0
2019-09-12 10:10:40,341 [bd0a38b2-0ade-4ab9-8ece-056daa626b99-SegmentedRaftLogWorker:Storage Directory /workdir/hadoop-ozone/integration-test/target/test-dir/MiniOzoneClusterImpl-aa909d9c-8689-4ca6-a6e6-f667e4f57e2f/datanode-2/data/ratis/4ca04b01-6d1f-486b-af21-2bce082211b4] INFO  segmented.SegmentedRaftLogWorker (SegmentedRaftLogWorker.java:execute(569)) - bd0a38b2-0ade-4ab9-8ece-056daa626b99-SegmentedRaftLogWorker:Storage Directory /workdir/hadoop-ozone/integration-test/target/test-dir/MiniOzoneClusterImpl-aa909d9c-8689-4ca6-a6e6-f667e4f57e2f/datanode-2/data/ratis/4ca04b01-6d1f-486b-af21-2bce082211b4: created new log segment /workdir/hadoop-ozone/integration-test/target/test-dir/MiniOzoneClusterImpl-aa909d9c-8689-4ca6-a6e6-f667e4f57e2f/datanode-2/data/ratis/4ca04b01-6d1f-486b-af21-2bce082211b4/current/log_inprogress_0
2019-09-12 10:10:40,408 [Thread-242] INFO  impl.FollowerState (FollowerState.java:run(106)) - cc61ee54-953f-4ef7-b7e3-d5c043f839cb:group-52B8929C6F60 changes to CANDIDATE, lastRpcTime:5190, electionTimeout:5190ms
2019-09-12 10:10:40,408 [Thread-242] INFO  impl.RoleInfo (RoleInfo.java:shutdownFollowerState(121)) - cc61ee54-953f-4ef7-b7e3-d5c043f839cb: shutdown FollowerState
2019-09-12 10:10:40,408 [Thread-242] INFO  impl.RaftServerImpl (RaftServerImpl.java:setRole(171)) - cc61ee54-953f-4ef7-b7e3-d5c043f839cb:group-52B8929C6F60 changes role from FOLLOWER to CANDIDATE at term 0 for changeToCandidate
2019-09-12 10:10:40,408 [Thread-242] INFO  impl.RoleInfo (RoleInfo.java:updateAndGet(143)) - cc61ee54-953f-4ef7-b7e3-d5c043f839cb: start LeaderElection
2019-09-12 10:10:40,418 [cc61ee54-953f-4ef7-b7e3-d5c043f839cb:group-52B8929C6F60:LeaderElection12] INFO  impl.LeaderElection (LeaderElection.java:askForVotes(181)) - cc61ee54-953f-4ef7-b7e3-d5c043f839cb:group-52B8929C6F60:LeaderElection12: begin an election at term 1 for -1: [cc61ee54-953f-4ef7-b7e3-d5c043f839cb:192.168.36.114:41082], old=null
2019-09-12 10:10:40,418 [cc61ee54-953f-4ef7-b7e3-d5c043f839cb:group-52B8929C6F60:LeaderElection12] INFO  impl.RoleInfo (RoleInfo.java:shutdownLeaderElection(134)) - cc61ee54-953f-4ef7-b7e3-d5c043f839cb: shutdown LeaderElection
2019-09-12 10:10:40,418 [cc61ee54-953f-4ef7-b7e3-d5c043f839cb:group-52B8929C6F60:LeaderElection12] INFO  impl.RaftServerImpl (RaftServerImpl.java:setRole(171)) - cc61ee54-953f-4ef7-b7e3-d5c043f839cb:group-52B8929C6F60 changes role from CANDIDATE to LEADER at term 1 for changeToLeader
2019-09-12 10:10:40,419 [cc61ee54-953f-4ef7-b7e3-d5c043f839cb:group-52B8929C6F60:LeaderElection12] INFO  impl.RaftServerImpl (ServerState.java:setLeader(263)) - cc61ee54-953f-4ef7-b7e3-d5c043f839cb:group-52B8929C6F60 change Leader from null to cc61ee54-953f-4ef7-b7e3-d5c043f839cb at term 1 for becomeLeader, leader elected after 5205ms
2019-09-12 10:10:40,419 [cc61ee54-953f-4ef7-b7e3-d5c043f839cb:group-52B8929C6F60:LeaderElection12] INFO  server.RaftServerConfigKeys (ConfUtils.java:logGet(43)) - raft.server.staging.catchup.gap = 1000 (default)
2019-09-12 10:10:40,419 [cc61ee54-953f-4ef7-b7e3-d5c043f839cb:group-52B8929C6F60:LeaderElection12] INFO  server.RaftServerConfigKeys (ConfUtils.java:logGet(43)) - raft.server.rpc.sleep.time = 25ms (default)
2019-09-12 10:10:40,419 [cc61ee54-953f-4ef7-b7e3-d5c043f839cb:group-52B8929C6F60:LeaderElection12] INFO  server.RaftServerConfigKeys (ConfUtils.java:logGet(43)) - raft.server.write.element-limit = 4096 (default)
2019-09-12 10:10:40,419 [cc61ee54-953f-4ef7-b7e3-d5c043f839cb:group-52B8929C6F60:LeaderElection12] INFO  server.RaftServerConfigKeys (ConfUtils.java:logGet(43)) - raft.server.watch.timeout = 10s (default)
2019-09-12 10:10:40,420 [cc61ee54-953f-4ef7-b7e3-d5c043f839cb:group-52B8929C6F60:LeaderElection12] INFO  server.RaftServerConfigKeys (ConfUtils.java:logGet(43)) - raft.server.watch.timeout.denomination = 1s (default)
2019-09-12 10:10:40,420 [cc61ee54-953f-4ef7-b7e3-d5c043f839cb:group-52B8929C6F60:LeaderElection12] INFO  server.RaftServerConfigKeys (ConfUtils.java:logGet(43)) - raft.server.watch.element-limit = 65536 (default)
2019-09-12 10:10:40,420 [cc61ee54-953f-4ef7-b7e3-d5c043f839cb:group-52B8929C6F60:LeaderElection12] INFO  impl.RoleInfo (RoleInfo.java:updateAndGet(143)) - cc61ee54-953f-4ef7-b7e3-d5c043f839cb: start LeaderState
2019-09-12 10:10:40,420 [cc61ee54-953f-4ef7-b7e3-d5c043f839cb:group-52B8929C6F60:LeaderElection12] INFO  segmented.SegmentedRaftLogWorker (SegmentedRaftLogWorker.java:startLogSegment(380)) - cc61ee54-953f-4ef7-b7e3-d5c043f839cb-SegmentedRaftLogWorker:Storage Directory /workdir/hadoop-ozone/integration-test/target/test-dir/MiniOzoneClusterImpl-aa909d9c-8689-4ca6-a6e6-f667e4f57e2f/datanode-1/data/ratis/3c771521-faeb-4bbe-a7f7-52b8929c6f60: Starting segment from index:0
2019-09-12 10:10:40,421 [cc61ee54-953f-4ef7-b7e3-d5c043f839cb:group-52B8929C6F60:LeaderElection12] INFO  impl.RaftServerImpl (ServerState.java:setRaftConf(361)) - cc61ee54-953f-4ef7-b7e3-d5c043f839cb:group-52B8929C6F60 set configuration 0: [cc61ee54-953f-4ef7-b7e3-d5c043f839cb:192.168.36.114:41082], old=null at 0
2019-09-12 10:10:40,459 [Thread-246] INFO  impl.FollowerState (FollowerState.java:run(106)) - db8f3dd9-b09f-4e42-bc8b-0b8816c9f45e:group-BE3D1C967824 changes to CANDIDATE, lastRpcTime:5126, electionTimeout:5115ms
2019-09-12 10:10:40,459 [Thread-246] INFO  impl.RoleInfo (RoleInfo.java:shutdownFollowerState(121)) - db8f3dd9-b09f-4e42-bc8b-0b8816c9f45e: shutdown FollowerState
2019-09-12 10:10:40,460 [Thread-246] INFO  impl.RaftServerImpl (RaftServerImpl.java:setRole(171)) - db8f3dd9-b09f-4e42-bc8b-0b8816c9f45e:group-BE3D1C967824 changes role from FOLLOWER to CANDIDATE at term 0 for changeToCandidate
2019-09-12 10:10:40,460 [Thread-246] INFO  impl.RoleInfo (RoleInfo.java:updateAndGet(143)) - db8f3dd9-b09f-4e42-bc8b-0b8816c9f45e: start LeaderElection
2019-09-12 10:10:40,476 [cc61ee54-953f-4ef7-b7e3-d5c043f839cb-SegmentedRaftLogWorker:Storage Directory /workdir/hadoop-ozone/integration-test/target/test-dir/MiniOzoneClusterImpl-aa909d9c-8689-4ca6-a6e6-f667e4f57e2f/datanode-1/data/ratis/3c771521-faeb-4bbe-a7f7-52b8929c6f60] INFO  segmented.SegmentedRaftLogWorker (SegmentedRaftLogWorker.java:execute(569)) - cc61ee54-953f-4ef7-b7e3-d5c043f839cb-SegmentedRaftLogWorker:Storage Directory /workdir/hadoop-ozone/integration-test/target/test-dir/MiniOzoneClusterImpl-aa909d9c-8689-4ca6-a6e6-f667e4f57e2f/datanode-1/data/ratis/3c771521-faeb-4bbe-a7f7-52b8929c6f60: created new log segment /workdir/hadoop-ozone/integration-test/target/test-dir/MiniOzoneClusterImpl-aa909d9c-8689-4ca6-a6e6-f667e4f57e2f/datanode-1/data/ratis/3c771521-faeb-4bbe-a7f7-52b8929c6f60/current/log_inprogress_0
2019-09-12 10:10:40,476 [db8f3dd9-b09f-4e42-bc8b-0b8816c9f45e:group-BE3D1C967824:LeaderElection13] INFO  impl.LeaderElection (LeaderElection.java:askForVotes(181)) - db8f3dd9-b09f-4e42-bc8b-0b8816c9f45e:group-BE3D1C967824:LeaderElection13: begin an election at term 1 for -1: [db8f3dd9-b09f-4e42-bc8b-0b8816c9f45e:192.168.36.114:36560], old=null
2019-09-12 10:10:40,476 [db8f3dd9-b09f-4e42-bc8b-0b8816c9f45e:group-BE3D1C967824:LeaderElection13] INFO  impl.RoleInfo (RoleInfo.java:shutdownLeaderElection(134)) - db8f3dd9-b09f-4e42-bc8b-0b8816c9f45e: shutdown LeaderElection
2019-09-12 10:10:40,476 [db8f3dd9-b09f-4e42-bc8b-0b8816c9f45e:group-BE3D1C967824:LeaderElection13] INFO  impl.RaftServerImpl (RaftServerImpl.java:setRole(171)) - db8f3dd9-b09f-4e42-bc8b-0b8816c9f45e:group-BE3D1C967824 changes role from CANDIDATE to LEADER at term 1 for changeToLeader
2019-09-12 10:10:40,476 [db8f3dd9-b09f-4e42-bc8b-0b8816c9f45e:group-BE3D1C967824:LeaderElection13] INFO  impl.RaftServerImpl (ServerState.java:setLeader(263)) - db8f3dd9-b09f-4e42-bc8b-0b8816c9f45e:group-BE3D1C967824 change Leader from null to db8f3dd9-b09f-4e42-bc8b-0b8816c9f45e at term 1 for becomeLeader, leader elected after 5149ms
2019-09-12 10:10:40,477 [db8f3dd9-b09f-4e42-bc8b-0b8816c9f45e:group-BE3D1C967824:LeaderElection13] INFO  server.RaftServerConfigKeys (ConfUtils.java:logGet(43)) - raft.server.staging.catchup.gap = 1000 (default)
2019-09-12 10:10:40,477 [db8f3dd9-b09f-4e42-bc8b-0b8816c9f45e:group-BE3D1C967824:LeaderElection13] INFO  server.RaftServerConfigKeys (ConfUtils.java:logGet(43)) - raft.server.rpc.sleep.time = 25ms (default)
2019-09-12 10:10:40,477 [db8f3dd9-b09f-4e42-bc8b-0b8816c9f45e:group-BE3D1C967824:LeaderElection13] INFO  server.RaftServerConfigKeys (ConfUtils.java:logGet(43)) - raft.server.write.element-limit = 4096 (default)
2019-09-12 10:10:40,477 [db8f3dd9-b09f-4e42-bc8b-0b8816c9f45e:group-BE3D1C967824:LeaderElection13] INFO  server.RaftServerConfigKeys (ConfUtils.java:logGet(43)) - raft.server.watch.timeout = 10s (default)
2019-09-12 10:10:40,477 [db8f3dd9-b09f-4e42-bc8b-0b8816c9f45e:group-BE3D1C967824:LeaderElection13] INFO  server.RaftServerConfigKeys (ConfUtils.java:logGet(43)) - raft.server.watch.timeout.denomination = 1s (default)
2019-09-12 10:10:40,477 [db8f3dd9-b09f-4e42-bc8b-0b8816c9f45e:group-BE3D1C967824:LeaderElection13] INFO  server.RaftServerConfigKeys (ConfUtils.java:logGet(43)) - raft.server.watch.element-limit = 65536 (default)
2019-09-12 10:10:40,478 [db8f3dd9-b09f-4e42-bc8b-0b8816c9f45e:group-BE3D1C967824:LeaderElection13] INFO  impl.RoleInfo (RoleInfo.java:updateAndGet(143)) - db8f3dd9-b09f-4e42-bc8b-0b8816c9f45e: start LeaderState
2019-09-12 10:10:40,478 [db8f3dd9-b09f-4e42-bc8b-0b8816c9f45e:group-BE3D1C967824:LeaderElection13] INFO  segmented.SegmentedRaftLogWorker (SegmentedRaftLogWorker.java:startLogSegment(380)) - db8f3dd9-b09f-4e42-bc8b-0b8816c9f45e-SegmentedRaftLogWorker:Storage Directory /workdir/hadoop-ozone/integration-test/target/test-dir/MiniOzoneClusterImpl-aa909d9c-8689-4ca6-a6e6-f667e4f57e2f/datanode-0/data/ratis/9db6e833-bd58-4356-b88f-be3d1c967824: Starting segment from index:0
2019-09-12 10:10:40,478 [db8f3dd9-b09f-4e42-bc8b-0b8816c9f45e:group-BE3D1C967824:LeaderElection13] INFO  impl.RaftServerImpl (ServerState.java:setRaftConf(361)) - db8f3dd9-b09f-4e42-bc8b-0b8816c9f45e:group-BE3D1C967824 set configuration 0: [db8f3dd9-b09f-4e42-bc8b-0b8816c9f45e:192.168.36.114:36560], old=null at 0
2019-09-12 10:10:40,517 [Thread-252] INFO  impl.FollowerState (FollowerState.java:run(106)) - 8925b11b-15ee-4d46-98cb-9cc2d2f12dc3:group-9A7A8CED934F changes to CANDIDATE, lastRpcTime:5013, electionTimeout:5006ms
2019-09-12 10:10:40,517 [Thread-252] INFO  impl.RoleInfo (RoleInfo.java:shutdownFollowerState(121)) - 8925b11b-15ee-4d46-98cb-9cc2d2f12dc3: shutdown FollowerState
2019-09-12 10:10:40,517 [Thread-252] INFO  impl.RaftServerImpl (RaftServerImpl.java:setRole(171)) - 8925b11b-15ee-4d46-98cb-9cc2d2f12dc3:group-9A7A8CED934F changes role from FOLLOWER to CANDIDATE at term 0 for changeToCandidate
2019-09-12 10:10:40,517 [Thread-252] INFO  impl.RoleInfo (RoleInfo.java:updateAndGet(143)) - 8925b11b-15ee-4d46-98cb-9cc2d2f12dc3: start LeaderElection
2019-09-12 10:10:40,522 [db8f3dd9-b09f-4e42-bc8b-0b8816c9f45e-SegmentedRaftLogWorker:Storage Directory /workdir/hadoop-ozone/integration-test/target/test-dir/MiniOzoneClusterImpl-aa909d9c-8689-4ca6-a6e6-f667e4f57e2f/datanode-0/data/ratis/9db6e833-bd58-4356-b88f-be3d1c967824] INFO  segmented.SegmentedRaftLogWorker (SegmentedRaftLogWorker.java:execute(569)) - db8f3dd9-b09f-4e42-bc8b-0b8816c9f45e-SegmentedRaftLogWorker:Storage Directory /workdir/hadoop-ozone/integration-test/target/test-dir/MiniOzoneClusterImpl-aa909d9c-8689-4ca6-a6e6-f667e4f57e2f/datanode-0/data/ratis/9db6e833-bd58-4356-b88f-be3d1c967824: created new log segment /workdir/hadoop-ozone/integration-test/target/test-dir/MiniOzoneClusterImpl-aa909d9c-8689-4ca6-a6e6-f667e4f57e2f/datanode-0/data/ratis/9db6e833-bd58-4356-b88f-be3d1c967824/current/log_inprogress_0
2019-09-12 10:10:40,535 [8925b11b-15ee-4d46-98cb-9cc2d2f12dc3:group-9A7A8CED934F:LeaderElection14] INFO  impl.LeaderElection (LeaderElection.java:askForVotes(181)) - 8925b11b-15ee-4d46-98cb-9cc2d2f12dc3:group-9A7A8CED934F:LeaderElection14: begin an election at term 1 for -1: [8925b11b-15ee-4d46-98cb-9cc2d2f12dc3:192.168.36.114:36994], old=null
2019-09-12 10:10:40,536 [8925b11b-15ee-4d46-98cb-9cc2d2f12dc3:group-9A7A8CED934F:LeaderElection14] INFO  impl.RoleInfo (RoleInfo.java:shutdownLeaderElection(134)) - 8925b11b-15ee-4d46-98cb-9cc2d2f12dc3: shutdown LeaderElection
2019-09-12 10:10:40,536 [8925b11b-15ee-4d46-98cb-9cc2d2f12dc3:group-9A7A8CED934F:LeaderElection14] INFO  impl.RaftServerImpl (RaftServerImpl.java:setRole(171)) - 8925b11b-15ee-4d46-98cb-9cc2d2f12dc3:group-9A7A8CED934F changes role from CANDIDATE to LEADER at term 1 for changeToLeader
2019-09-12 10:10:40,536 [8925b11b-15ee-4d46-98cb-9cc2d2f12dc3:group-9A7A8CED934F:LeaderElection14] INFO  impl.RaftServerImpl (ServerState.java:setLeader(263)) - 8925b11b-15ee-4d46-98cb-9cc2d2f12dc3:group-9A7A8CED934F change Leader from null to 8925b11b-15ee-4d46-98cb-9cc2d2f12dc3 at term 1 for becomeLeader, leader elected after 5038ms
2019-09-12 10:10:40,536 [8925b11b-15ee-4d46-98cb-9cc2d2f12dc3:group-9A7A8CED934F:LeaderElection14] INFO  server.RaftServerConfigKeys (ConfUtils.java:logGet(43)) - raft.server.staging.catchup.gap = 1000 (default)
2019-09-12 10:10:40,536 [8925b11b-15ee-4d46-98cb-9cc2d2f12dc3:group-9A7A8CED934F:LeaderElection14] INFO  server.RaftServerConfigKeys (ConfUtils.java:logGet(43)) - raft.server.rpc.sleep.time = 25ms (default)
2019-09-12 10:10:40,537 [8925b11b-15ee-4d46-98cb-9cc2d2f12dc3:group-9A7A8CED934F:LeaderElection14] INFO  server.RaftServerConfigKeys (ConfUtils.java:logGet(43)) - raft.server.write.element-limit = 4096 (default)
2019-09-12 10:10:40,537 [8925b11b-15ee-4d46-98cb-9cc2d2f12dc3:group-9A7A8CED934F:LeaderElection14] INFO  server.RaftServerConfigKeys (ConfUtils.java:logGet(43)) - raft.server.watch.timeout = 10s (default)
2019-09-12 10:10:40,537 [8925b11b-15ee-4d46-98cb-9cc2d2f12dc3:group-9A7A8CED934F:LeaderElection14] INFO  server.RaftServerConfigKeys (ConfUtils.java:logGet(43)) - raft.server.watch.timeout.denomination = 1s (default)
2019-09-12 10:10:40,537 [8925b11b-15ee-4d46-98cb-9cc2d2f12dc3:group-9A7A8CED934F:LeaderElection14] INFO  server.RaftServerConfigKeys (ConfUtils.java:logGet(43)) - raft.server.watch.element-limit = 65536 (default)
2019-09-12 10:10:40,538 [8925b11b-15ee-4d46-98cb-9cc2d2f12dc3:group-9A7A8CED934F:LeaderElection14] INFO  impl.RoleInfo (RoleInfo.java:updateAndGet(143)) - 8925b11b-15ee-4d46-98cb-9cc2d2f12dc3: start LeaderState
2019-09-12 10:10:40,538 [8925b11b-15ee-4d46-98cb-9cc2d2f12dc3:group-9A7A8CED934F:LeaderElection14] INFO  segmented.SegmentedRaftLogWorker (SegmentedRaftLogWorker.java:startLogSegment(380)) - 8925b11b-15ee-4d46-98cb-9cc2d2f12dc3-SegmentedRaftLogWorker:Storage Directory /workdir/hadoop-ozone/integration-test/target/test-dir/MiniOzoneClusterImpl-aa909d9c-8689-4ca6-a6e6-f667e4f57e2f/datanode-3/data/ratis/d8f21dad-453a-476e-beb4-9a7a8ced934f: Starting segment from index:0
2019-09-12 10:10:40,538 [8925b11b-15ee-4d46-98cb-9cc2d2f12dc3:group-9A7A8CED934F:LeaderElection14] INFO  impl.RaftServerImpl (ServerState.java:setRaftConf(361)) - 8925b11b-15ee-4d46-98cb-9cc2d2f12dc3:group-9A7A8CED934F set configuration 0: [8925b11b-15ee-4d46-98cb-9cc2d2f12dc3:192.168.36.114:36994], old=null at 0
2019-09-12 10:10:40,581 [8925b11b-15ee-4d46-98cb-9cc2d2f12dc3-SegmentedRaftLogWorker:Storage Directory /workdir/hadoop-ozone/integration-test/target/test-dir/MiniOzoneClusterImpl-aa909d9c-8689-4ca6-a6e6-f667e4f57e2f/datanode-3/data/ratis/d8f21dad-453a-476e-beb4-9a7a8ced934f] INFO  segmented.SegmentedRaftLogWorker (SegmentedRaftLogWorker.java:execute(569)) - 8925b11b-15ee-4d46-98cb-9cc2d2f12dc3-SegmentedRaftLogWorker:Storage Directory /workdir/hadoop-ozone/integration-test/target/test-dir/MiniOzoneClusterImpl-aa909d9c-8689-4ca6-a6e6-f667e4f57e2f/datanode-3/data/ratis/d8f21dad-453a-476e-beb4-9a7a8ced934f: created new log segment /workdir/hadoop-ozone/integration-test/target/test-dir/MiniOzoneClusterImpl-aa909d9c-8689-4ca6-a6e6-f667e4f57e2f/datanode-3/data/ratis/d8f21dad-453a-476e-beb4-9a7a8ced934f/current/log_inprogress_0
2019-09-12 10:10:40,604 [Thread-249] INFO  impl.FollowerState (FollowerState.java:run(106)) - db8f3dd9-b09f-4e42-bc8b-0b8816c9f45e:group-789D389AF1FC changes to CANDIDATE, lastRpcTime:5169, electionTimeout:5169ms
2019-09-12 10:10:40,604 [Thread-249] INFO  impl.RoleInfo (RoleInfo.java:shutdownFollowerState(121)) - db8f3dd9-b09f-4e42-bc8b-0b8816c9f45e: shutdown FollowerState
2019-09-12 10:10:40,604 [Thread-249] INFO  impl.RaftServerImpl (RaftServerImpl.java:setRole(171)) - db8f3dd9-b09f-4e42-bc8b-0b8816c9f45e:group-789D389AF1FC changes role from FOLLOWER to CANDIDATE at term 0 for changeToCandidate
2019-09-12 10:10:40,604 [Thread-249] INFO  impl.RoleInfo (RoleInfo.java:updateAndGet(143)) - db8f3dd9-b09f-4e42-bc8b-0b8816c9f45e: start LeaderElection
2019-09-12 10:10:40,613 [db8f3dd9-b09f-4e42-bc8b-0b8816c9f45e:group-789D389AF1FC:LeaderElection15] INFO  impl.LeaderElection (LeaderElection.java:askForVotes(181)) - db8f3dd9-b09f-4e42-bc8b-0b8816c9f45e:group-789D389AF1FC:LeaderElection15: begin an election at term 1 for -1: [db8f3dd9-b09f-4e42-bc8b-0b8816c9f45e:192.168.36.114:36560], old=null
2019-09-12 10:10:40,613 [db8f3dd9-b09f-4e42-bc8b-0b8816c9f45e:group-789D389AF1FC:LeaderElection15] INFO  impl.RoleInfo (RoleInfo.java:shutdownLeaderElection(134)) - db8f3dd9-b09f-4e42-bc8b-0b8816c9f45e: shutdown LeaderElection
2019-09-12 10:10:40,613 [db8f3dd9-b09f-4e42-bc8b-0b8816c9f45e:group-789D389AF1FC:LeaderElection15] INFO  impl.RaftServerImpl (RaftServerImpl.java:setRole(171)) - db8f3dd9-b09f-4e42-bc8b-0b8816c9f45e:group-789D389AF1FC changes role from CANDIDATE to LEADER at term 1 for changeToLeader
2019-09-12 10:10:40,613 [db8f3dd9-b09f-4e42-bc8b-0b8816c9f45e:group-789D389AF1FC:LeaderElection15] INFO  impl.RaftServerImpl (ServerState.java:setLeader(263)) - db8f3dd9-b09f-4e42-bc8b-0b8816c9f45e:group-789D389AF1FC change Leader from null to db8f3dd9-b09f-4e42-bc8b-0b8816c9f45e at term 1 for becomeLeader, leader elected after 5184ms
2019-09-12 10:10:40,614 [db8f3dd9-b09f-4e42-bc8b-0b8816c9f45e:group-789D389AF1FC:LeaderElection15] INFO  server.RaftServerConfigKeys (ConfUtils.java:logGet(43)) - raft.server.staging.catchup.gap = 1000 (default)
2019-09-12 10:10:40,614 [db8f3dd9-b09f-4e42-bc8b-0b8816c9f45e:group-789D389AF1FC:LeaderElection15] INFO  server.RaftServerConfigKeys (ConfUtils.java:logGet(43)) - raft.server.rpc.sleep.time = 25ms (default)
2019-09-12 10:10:40,614 [db8f3dd9-b09f-4e42-bc8b-0b8816c9f45e:group-789D389AF1FC:LeaderElection15] INFO  server.RaftServerConfigKeys (ConfUtils.java:logGet(43)) - raft.server.write.element-limit = 4096 (default)
2019-09-12 10:10:40,614 [db8f3dd9-b09f-4e42-bc8b-0b8816c9f45e:group-789D389AF1FC:LeaderElection15] INFO  server.RaftServerConfigKeys (ConfUtils.java:logGet(43)) - raft.server.watch.timeout = 10s (default)
2019-09-12 10:10:40,614 [db8f3dd9-b09f-4e42-bc8b-0b8816c9f45e:group-789D389AF1FC:LeaderElection15] INFO  server.RaftServerConfigKeys (ConfUtils.java:logGet(43)) - raft.server.watch.timeout.denomination = 1s (default)
2019-09-12 10:10:40,614 [db8f3dd9-b09f-4e42-bc8b-0b8816c9f45e:group-789D389AF1FC:LeaderElection15] INFO  server.RaftServerConfigKeys (ConfUtils.java:logGet(43)) - raft.server.watch.element-limit = 65536 (default)
2019-09-12 10:10:40,615 [db8f3dd9-b09f-4e42-bc8b-0b8816c9f45e:group-789D389AF1FC:LeaderElection15] INFO  impl.RoleInfo (RoleInfo.java:updateAndGet(143)) - db8f3dd9-b09f-4e42-bc8b-0b8816c9f45e: start LeaderState
2019-09-12 10:10:40,615 [db8f3dd9-b09f-4e42-bc8b-0b8816c9f45e:group-789D389AF1FC:LeaderElection15] INFO  segmented.SegmentedRaftLogWorker (SegmentedRaftLogWorker.java:startLogSegment(380)) - db8f3dd9-b09f-4e42-bc8b-0b8816c9f45e-SegmentedRaftLogWorker:Storage Directory /workdir/hadoop-ozone/integration-test/target/test-dir/MiniOzoneClusterImpl-aa909d9c-8689-4ca6-a6e6-f667e4f57e2f/datanode-0/data/ratis/cb2e6d12-cfad-47b8-bc4f-789d389af1fc: Starting segment from index:0
2019-09-12 10:10:40,615 [db8f3dd9-b09f-4e42-bc8b-0b8816c9f45e:group-789D389AF1FC:LeaderElection15] INFO  impl.RaftServerImpl (ServerState.java:setRaftConf(361)) - db8f3dd9-b09f-4e42-bc8b-0b8816c9f45e:group-789D389AF1FC set configuration 0: [db8f3dd9-b09f-4e42-bc8b-0b8816c9f45e:192.168.36.114:36560], old=null at 0
2019-09-12 10:10:40,652 [db8f3dd9-b09f-4e42-bc8b-0b8816c9f45e-SegmentedRaftLogWorker:Storage Directory /workdir/hadoop-ozone/integration-test/target/test-dir/MiniOzoneClusterImpl-aa909d9c-8689-4ca6-a6e6-f667e4f57e2f/datanode-0/data/ratis/cb2e6d12-cfad-47b8-bc4f-789d389af1fc] INFO  segmented.SegmentedRaftLogWorker (SegmentedRaftLogWorker.java:execute(569)) - db8f3dd9-b09f-4e42-bc8b-0b8816c9f45e-SegmentedRaftLogWorker:Storage Directory /workdir/hadoop-ozone/integration-test/target/test-dir/MiniOzoneClusterImpl-aa909d9c-8689-4ca6-a6e6-f667e4f57e2f/datanode-0/data/ratis/cb2e6d12-cfad-47b8-bc4f-789d389af1fc: created new log segment /workdir/hadoop-ozone/integration-test/target/test-dir/MiniOzoneClusterImpl-aa909d9c-8689-4ca6-a6e6-f667e4f57e2f/datanode-0/data/ratis/cb2e6d12-cfad-47b8-bc4f-789d389af1fc/current/log_inprogress_0
2019-09-12 10:10:40,699 [Thread-255] INFO  impl.FollowerState (FollowerState.java:run(106)) - db8f3dd9-b09f-4e42-bc8b-0b8816c9f45e:group-9A81677653ED changes to CANDIDATE, lastRpcTime:5140, electionTimeout:5140ms
2019-09-12 10:10:40,699 [Thread-255] INFO  impl.RoleInfo (RoleInfo.java:shutdownFollowerState(121)) - db8f3dd9-b09f-4e42-bc8b-0b8816c9f45e: shutdown FollowerState
2019-09-12 10:10:40,699 [Thread-255] INFO  impl.RaftServerImpl (RaftServerImpl.java:setRole(171)) - db8f3dd9-b09f-4e42-bc8b-0b8816c9f45e:group-9A81677653ED changes role from FOLLOWER to CANDIDATE at term 0 for changeToCandidate
2019-09-12 10:10:40,700 [Thread-255] INFO  impl.RoleInfo (RoleInfo.java:updateAndGet(143)) - db8f3dd9-b09f-4e42-bc8b-0b8816c9f45e: start LeaderElection
2019-09-12 10:10:40,711 [db8f3dd9-b09f-4e42-bc8b-0b8816c9f45e:group-9A81677653ED:LeaderElection16] INFO  impl.LeaderElection (LeaderElection.java:askForVotes(181)) - db8f3dd9-b09f-4e42-bc8b-0b8816c9f45e:group-9A81677653ED:LeaderElection16: begin an election at term 1 for -1: [db8f3dd9-b09f-4e42-bc8b-0b8816c9f45e:192.168.36.114:36560], old=null
2019-09-12 10:10:40,711 [db8f3dd9-b09f-4e42-bc8b-0b8816c9f45e:group-9A81677653ED:LeaderElection16] INFO  impl.RoleInfo (RoleInfo.java:shutdownLeaderElection(134)) - db8f3dd9-b09f-4e42-bc8b-0b8816c9f45e: shutdown LeaderElection
2019-09-12 10:10:40,711 [db8f3dd9-b09f-4e42-bc8b-0b8816c9f45e:group-9A81677653ED:LeaderElection16] INFO  impl.RaftServerImpl (RaftServerImpl.java:setRole(171)) - db8f3dd9-b09f-4e42-bc8b-0b8816c9f45e:group-9A81677653ED changes role from CANDIDATE to LEADER at term 1 for changeToLeader
2019-09-12 10:10:40,711 [db8f3dd9-b09f-4e42-bc8b-0b8816c9f45e:group-9A81677653ED:LeaderElection16] INFO  impl.RaftServerImpl (ServerState.java:setLeader(263)) - db8f3dd9-b09f-4e42-bc8b-0b8816c9f45e:group-9A81677653ED change Leader from null to db8f3dd9-b09f-4e42-bc8b-0b8816c9f45e at term 1 for becomeLeader, leader elected after 5157ms
2019-09-12 10:10:40,711 [db8f3dd9-b09f-4e42-bc8b-0b8816c9f45e:group-9A81677653ED:LeaderElection16] INFO  server.RaftServerConfigKeys (ConfUtils.java:logGet(43)) - raft.server.staging.catchup.gap = 1000 (default)
2019-09-12 10:10:40,711 [db8f3dd9-b09f-4e42-bc8b-0b8816c9f45e:group-9A81677653ED:LeaderElection16] INFO  server.RaftServerConfigKeys (ConfUtils.java:logGet(43)) - raft.server.rpc.sleep.time = 25ms (default)
2019-09-12 10:10:40,712 [db8f3dd9-b09f-4e42-bc8b-0b8816c9f45e:group-9A81677653ED:LeaderElection16] INFO  server.RaftServerConfigKeys (ConfUtils.java:logGet(43)) - raft.server.write.element-limit = 4096 (default)
2019-09-12 10:10:40,712 [db8f3dd9-b09f-4e42-bc8b-0b8816c9f45e:group-9A81677653ED:LeaderElection16] INFO  server.RaftServerConfigKeys (ConfUtils.java:logGet(43)) - raft.server.watch.timeout = 10s (default)
2019-09-12 10:10:40,712 [db8f3dd9-b09f-4e42-bc8b-0b8816c9f45e:group-9A81677653ED:LeaderElection16] INFO  server.RaftServerConfigKeys (ConfUtils.java:logGet(43)) - raft.server.watch.timeout.denomination = 1s (default)
2019-09-12 10:10:40,712 [db8f3dd9-b09f-4e42-bc8b-0b8816c9f45e:group-9A81677653ED:LeaderElection16] INFO  server.RaftServerConfigKeys (ConfUtils.java:logGet(43)) - raft.server.watch.element-limit = 65536 (default)
2019-09-12 10:10:40,712 [db8f3dd9-b09f-4e42-bc8b-0b8816c9f45e:group-9A81677653ED:LeaderElection16] INFO  impl.RoleInfo (RoleInfo.java:updateAndGet(143)) - db8f3dd9-b09f-4e42-bc8b-0b8816c9f45e: start LeaderState
2019-09-12 10:10:40,712 [db8f3dd9-b09f-4e42-bc8b-0b8816c9f45e:group-9A81677653ED:LeaderElection16] INFO  segmented.SegmentedRaftLogWorker (SegmentedRaftLogWorker.java:startLogSegment(380)) - db8f3dd9-b09f-4e42-bc8b-0b8816c9f45e-SegmentedRaftLogWorker:Storage Directory /workdir/hadoop-ozone/integration-test/target/test-dir/MiniOzoneClusterImpl-aa909d9c-8689-4ca6-a6e6-f667e4f57e2f/datanode-0/data/ratis/3b1c94d0-4c95-4d76-bf0a-9a81677653ed: Starting segment from index:0
2019-09-12 10:10:40,713 [db8f3dd9-b09f-4e42-bc8b-0b8816c9f45e:group-9A81677653ED:LeaderElection16] INFO  impl.RaftServerImpl (ServerState.java:setRaftConf(361)) - db8f3dd9-b09f-4e42-bc8b-0b8816c9f45e:group-9A81677653ED set configuration 0: [db8f3dd9-b09f-4e42-bc8b-0b8816c9f45e:192.168.36.114:36560], old=null at 0
2019-09-12 10:10:40,752 [db8f3dd9-b09f-4e42-bc8b-0b8816c9f45e-SegmentedRaftLogWorker:Storage Directory /workdir/hadoop-ozone/integration-test/target/test-dir/MiniOzoneClusterImpl-aa909d9c-8689-4ca6-a6e6-f667e4f57e2f/datanode-0/data/ratis/3b1c94d0-4c95-4d76-bf0a-9a81677653ed] INFO  segmented.SegmentedRaftLogWorker (SegmentedRaftLogWorker.java:execute(569)) - db8f3dd9-b09f-4e42-bc8b-0b8816c9f45e-SegmentedRaftLogWorker:Storage Directory /workdir/hadoop-ozone/integration-test/target/test-dir/MiniOzoneClusterImpl-aa909d9c-8689-4ca6-a6e6-f667e4f57e2f/datanode-0/data/ratis/3b1c94d0-4c95-4d76-bf0a-9a81677653ed: created new log segment /workdir/hadoop-ozone/integration-test/target/test-dir/MiniOzoneClusterImpl-aa909d9c-8689-4ca6-a6e6-f667e4f57e2f/datanode-0/data/ratis/3b1c94d0-4c95-4d76-bf0a-9a81677653ed/current/log_inprogress_0
2019-09-12 10:10:40,789 [Thread-261] INFO  impl.FollowerState (FollowerState.java:run(106)) - 8925b11b-15ee-4d46-98cb-9cc2d2f12dc3:group-286112DD39FC changes to CANDIDATE, lastRpcTime:5035, electionTimeout:5035ms
2019-09-12 10:10:40,789 [Thread-261] INFO  impl.RoleInfo (RoleInfo.java:shutdownFollowerState(121)) - 8925b11b-15ee-4d46-98cb-9cc2d2f12dc3: shutdown FollowerState
2019-09-12 10:10:40,789 [Thread-261] INFO  impl.RaftServerImpl (RaftServerImpl.java:setRole(171)) - 8925b11b-15ee-4d46-98cb-9cc2d2f12dc3:group-286112DD39FC changes role from FOLLOWER to CANDIDATE at term 0 for changeToCandidate
2019-09-12 10:10:40,789 [Thread-261] INFO  impl.RoleInfo (RoleInfo.java:updateAndGet(143)) - 8925b11b-15ee-4d46-98cb-9cc2d2f12dc3: start LeaderElection
2019-09-12 10:10:40,797 [8925b11b-15ee-4d46-98cb-9cc2d2f12dc3:group-286112DD39FC:LeaderElection17] INFO  impl.LeaderElection (LeaderElection.java:askForVotes(181)) - 8925b11b-15ee-4d46-98cb-9cc2d2f12dc3:group-286112DD39FC:LeaderElection17: begin an election at term 1 for -1: [8925b11b-15ee-4d46-98cb-9cc2d2f12dc3:192.168.36.114:36994], old=null
2019-09-12 10:10:40,797 [8925b11b-15ee-4d46-98cb-9cc2d2f12dc3:group-286112DD39FC:LeaderElection17] INFO  impl.RoleInfo (RoleInfo.java:shutdownLeaderElection(134)) - 8925b11b-15ee-4d46-98cb-9cc2d2f12dc3: shutdown LeaderElection
2019-09-12 10:10:40,797 [8925b11b-15ee-4d46-98cb-9cc2d2f12dc3:group-286112DD39FC:LeaderElection17] INFO  impl.RaftServerImpl (RaftServerImpl.java:setRole(171)) - 8925b11b-15ee-4d46-98cb-9cc2d2f12dc3:group-286112DD39FC changes role from CANDIDATE to LEADER at term 1 for changeToLeader
2019-09-12 10:10:40,798 [8925b11b-15ee-4d46-98cb-9cc2d2f12dc3:group-286112DD39FC:LeaderElection17] INFO  impl.RaftServerImpl (ServerState.java:setLeader(263)) - 8925b11b-15ee-4d46-98cb-9cc2d2f12dc3:group-286112DD39FC change Leader from null to 8925b11b-15ee-4d46-98cb-9cc2d2f12dc3 at term 1 for becomeLeader, leader elected after 5050ms
2019-09-12 10:10:40,798 [8925b11b-15ee-4d46-98cb-9cc2d2f12dc3:group-286112DD39FC:LeaderElection17] INFO  server.RaftServerConfigKeys (ConfUtils.java:logGet(43)) - raft.server.staging.catchup.gap = 1000 (default)
2019-09-12 10:10:40,798 [8925b11b-15ee-4d46-98cb-9cc2d2f12dc3:group-286112DD39FC:LeaderElection17] INFO  server.RaftServerConfigKeys (ConfUtils.java:logGet(43)) - raft.server.rpc.sleep.time = 25ms (default)
2019-09-12 10:10:40,798 [8925b11b-15ee-4d46-98cb-9cc2d2f12dc3:group-286112DD39FC:LeaderElection17] INFO  server.RaftServerConfigKeys (ConfUtils.java:logGet(43)) - raft.server.write.element-limit = 4096 (default)
2019-09-12 10:10:40,798 [8925b11b-15ee-4d46-98cb-9cc2d2f12dc3:group-286112DD39FC:LeaderElection17] INFO  server.RaftServerConfigKeys (ConfUtils.java:logGet(43)) - raft.server.watch.timeout = 10s (default)
2019-09-12 10:10:40,799 [8925b11b-15ee-4d46-98cb-9cc2d2f12dc3:group-286112DD39FC:LeaderElection17] INFO  server.RaftServerConfigKeys (ConfUtils.java:logGet(43)) - raft.server.watch.timeout.denomination = 1s (default)
2019-09-12 10:10:40,799 [8925b11b-15ee-4d46-98cb-9cc2d2f12dc3:group-286112DD39FC:LeaderElection17] INFO  server.RaftServerConfigKeys (ConfUtils.java:logGet(43)) - raft.server.watch.element-limit = 65536 (default)
2019-09-12 10:10:40,799 [8925b11b-15ee-4d46-98cb-9cc2d2f12dc3:group-286112DD39FC:LeaderElection17] INFO  impl.RoleInfo (RoleInfo.java:updateAndGet(143)) - 8925b11b-15ee-4d46-98cb-9cc2d2f12dc3: start LeaderState
2019-09-12 10:10:40,799 [8925b11b-15ee-4d46-98cb-9cc2d2f12dc3:group-286112DD39FC:LeaderElection17] INFO  segmented.SegmentedRaftLogWorker (SegmentedRaftLogWorker.java:startLogSegment(380)) - 8925b11b-15ee-4d46-98cb-9cc2d2f12dc3-SegmentedRaftLogWorker:Storage Directory /workdir/hadoop-ozone/integration-test/target/test-dir/MiniOzoneClusterImpl-aa909d9c-8689-4ca6-a6e6-f667e4f57e2f/datanode-3/data/ratis/48d05117-fa95-41b3-af70-286112dd39fc: Starting segment from index:0
2019-09-12 10:10:40,800 [Thread-258] INFO  impl.FollowerState (FollowerState.java:run(106)) - c257187d-6013-41a0-a6c3-70113601683b:group-3356E604FB5C changes to CANDIDATE, lastRpcTime:5101, electionTimeout:5101ms
2019-09-12 10:10:40,800 [Thread-258] INFO  impl.RoleInfo (RoleInfo.java:shutdownFollowerState(121)) - c257187d-6013-41a0-a6c3-70113601683b: shutdown FollowerState
2019-09-12 10:10:40,800 [Thread-258] INFO  impl.RaftServerImpl (RaftServerImpl.java:setRole(171)) - c257187d-6013-41a0-a6c3-70113601683b:group-3356E604FB5C changes role from FOLLOWER to CANDIDATE at term 0 for changeToCandidate
2019-09-12 10:10:40,800 [8925b11b-15ee-4d46-98cb-9cc2d2f12dc3:group-286112DD39FC:LeaderElection17] INFO  impl.RaftServerImpl (ServerState.java:setRaftConf(361)) - 8925b11b-15ee-4d46-98cb-9cc2d2f12dc3:group-286112DD39FC set configuration 0: [8925b11b-15ee-4d46-98cb-9cc2d2f12dc3:192.168.36.114:36994], old=null at 0
2019-09-12 10:10:40,800 [Thread-258] INFO  impl.RoleInfo (RoleInfo.java:updateAndGet(143)) - c257187d-6013-41a0-a6c3-70113601683b: start LeaderElection
2019-09-12 10:10:40,841 [8925b11b-15ee-4d46-98cb-9cc2d2f12dc3-SegmentedRaftLogWorker:Storage Directory /workdir/hadoop-ozone/integration-test/target/test-dir/MiniOzoneClusterImpl-aa909d9c-8689-4ca6-a6e6-f667e4f57e2f/datanode-3/data/ratis/48d05117-fa95-41b3-af70-286112dd39fc] INFO  segmented.SegmentedRaftLogWorker (SegmentedRaftLogWorker.java:execute(569)) - 8925b11b-15ee-4d46-98cb-9cc2d2f12dc3-SegmentedRaftLogWorker:Storage Directory /workdir/hadoop-ozone/integration-test/target/test-dir/MiniOzoneClusterImpl-aa909d9c-8689-4ca6-a6e6-f667e4f57e2f/datanode-3/data/ratis/48d05117-fa95-41b3-af70-286112dd39fc: created new log segment /workdir/hadoop-ozone/integration-test/target/test-dir/MiniOzoneClusterImpl-aa909d9c-8689-4ca6-a6e6-f667e4f57e2f/datanode-3/data/ratis/48d05117-fa95-41b3-af70-286112dd39fc/current/log_inprogress_0
2019-09-12 10:10:40,844 [c257187d-6013-41a0-a6c3-70113601683b:group-3356E604FB5C:LeaderElection18] INFO  impl.LeaderElection (LeaderElection.java:askForVotes(181)) - c257187d-6013-41a0-a6c3-70113601683b:group-3356E604FB5C:LeaderElection18: begin an election at term 1 for -1: [c257187d-6013-41a0-a6c3-70113601683b:192.168.36.114:44904], old=null
2019-09-12 10:10:40,844 [c257187d-6013-41a0-a6c3-70113601683b:group-3356E604FB5C:LeaderElection18] INFO  impl.RoleInfo (RoleInfo.java:shutdownLeaderElection(134)) - c257187d-6013-41a0-a6c3-70113601683b: shutdown LeaderElection
2019-09-12 10:10:40,844 [c257187d-6013-41a0-a6c3-70113601683b:group-3356E604FB5C:LeaderElection18] INFO  impl.RaftServerImpl (RaftServerImpl.java:setRole(171)) - c257187d-6013-41a0-a6c3-70113601683b:group-3356E604FB5C changes role from CANDIDATE to LEADER at term 1 for changeToLeader
2019-09-12 10:10:40,844 [c257187d-6013-41a0-a6c3-70113601683b:group-3356E604FB5C:LeaderElection18] INFO  impl.RaftServerImpl (ServerState.java:setLeader(263)) - c257187d-6013-41a0-a6c3-70113601683b:group-3356E604FB5C change Leader from null to c257187d-6013-41a0-a6c3-70113601683b at term 1 for becomeLeader, leader elected after 5151ms
2019-09-12 10:10:40,846 [c257187d-6013-41a0-a6c3-70113601683b:group-3356E604FB5C:LeaderElection18] INFO  server.RaftServerConfigKeys (ConfUtils.java:logGet(43)) - raft.server.staging.catchup.gap = 1000 (default)
2019-09-12 10:10:40,846 [c257187d-6013-41a0-a6c3-70113601683b:group-3356E604FB5C:LeaderElection18] INFO  server.RaftServerConfigKeys (ConfUtils.java:logGet(43)) - raft.server.rpc.sleep.time = 25ms (default)
2019-09-12 10:10:40,846 [c257187d-6013-41a0-a6c3-70113601683b:group-3356E604FB5C:LeaderElection18] INFO  server.RaftServerConfigKeys (ConfUtils.java:logGet(43)) - raft.server.write.element-limit = 4096 (default)
2019-09-12 10:10:40,846 [c257187d-6013-41a0-a6c3-70113601683b:group-3356E604FB5C:LeaderElection18] INFO  server.RaftServerConfigKeys (ConfUtils.java:logGet(43)) - raft.server.watch.timeout = 10s (default)
2019-09-12 10:10:40,846 [c257187d-6013-41a0-a6c3-70113601683b:group-3356E604FB5C:LeaderElection18] INFO  server.RaftServerConfigKeys (ConfUtils.java:logGet(43)) - raft.server.watch.timeout.denomination = 1s (default)
2019-09-12 10:10:40,846 [c257187d-6013-41a0-a6c3-70113601683b:group-3356E604FB5C:LeaderElection18] INFO  server.RaftServerConfigKeys (ConfUtils.java:logGet(43)) - raft.server.watch.element-limit = 65536 (default)
2019-09-12 10:10:40,847 [c257187d-6013-41a0-a6c3-70113601683b:group-3356E604FB5C:LeaderElection18] INFO  impl.RoleInfo (RoleInfo.java:updateAndGet(143)) - c257187d-6013-41a0-a6c3-70113601683b: start LeaderState
2019-09-12 10:10:40,847 [c257187d-6013-41a0-a6c3-70113601683b:group-3356E604FB5C:LeaderElection18] INFO  segmented.SegmentedRaftLogWorker (SegmentedRaftLogWorker.java:startLogSegment(380)) - c257187d-6013-41a0-a6c3-70113601683b-SegmentedRaftLogWorker:Storage Directory /workdir/hadoop-ozone/integration-test/target/test-dir/MiniOzoneClusterImpl-aa909d9c-8689-4ca6-a6e6-f667e4f57e2f/datanode-4/data/ratis/04bc9588-4094-41d0-8111-3356e604fb5c: Starting segment from index:0
2019-09-12 10:10:40,847 [c257187d-6013-41a0-a6c3-70113601683b:group-3356E604FB5C:LeaderElection18] INFO  impl.RaftServerImpl (ServerState.java:setRaftConf(361)) - c257187d-6013-41a0-a6c3-70113601683b:group-3356E604FB5C set configuration 0: [c257187d-6013-41a0-a6c3-70113601683b:192.168.36.114:44904], old=null at 0
2019-09-12 10:10:40,885 [c257187d-6013-41a0-a6c3-70113601683b-SegmentedRaftLogWorker:Storage Directory /workdir/hadoop-ozone/integration-test/target/test-dir/MiniOzoneClusterImpl-aa909d9c-8689-4ca6-a6e6-f667e4f57e2f/datanode-4/data/ratis/04bc9588-4094-41d0-8111-3356e604fb5c] INFO  segmented.SegmentedRaftLogWorker (SegmentedRaftLogWorker.java:execute(569)) - c257187d-6013-41a0-a6c3-70113601683b-SegmentedRaftLogWorker:Storage Directory /workdir/hadoop-ozone/integration-test/target/test-dir/MiniOzoneClusterImpl-aa909d9c-8689-4ca6-a6e6-f667e4f57e2f/datanode-4/data/ratis/04bc9588-4094-41d0-8111-3356e604fb5c: created new log segment /workdir/hadoop-ozone/integration-test/target/test-dir/MiniOzoneClusterImpl-aa909d9c-8689-4ca6-a6e6-f667e4f57e2f/datanode-4/data/ratis/04bc9588-4094-41d0-8111-3356e604fb5c/current/log_inprogress_0
2019-09-12 10:10:41,012 [Thread-264] INFO  impl.FollowerState (FollowerState.java:run(106)) - bd0a38b2-0ade-4ab9-8ece-056daa626b99:group-9B83D5F2D579 changes to CANDIDATE, lastRpcTime:5122, electionTimeout:5122ms
2019-09-12 10:10:41,012 [Thread-264] INFO  impl.RoleInfo (RoleInfo.java:shutdownFollowerState(121)) - bd0a38b2-0ade-4ab9-8ece-056daa626b99: shutdown FollowerState
2019-09-12 10:10:41,013 [Thread-264] INFO  impl.RaftServerImpl (RaftServerImpl.java:setRole(171)) - bd0a38b2-0ade-4ab9-8ece-056daa626b99:group-9B83D5F2D579 changes role from FOLLOWER to CANDIDATE at term 0 for changeToCandidate
2019-09-12 10:10:41,013 [Thread-264] INFO  impl.RoleInfo (RoleInfo.java:updateAndGet(143)) - bd0a38b2-0ade-4ab9-8ece-056daa626b99: start LeaderElection
2019-09-12 10:10:41,066 [Thread-267] INFO  impl.FollowerState (FollowerState.java:run(106)) - bd0a38b2-0ade-4ab9-8ece-056daa626b99:group-B69845D4B72F changes to CANDIDATE, lastRpcTime:5068, electionTimeout:5068ms
2019-09-12 10:10:41,067 [Thread-267] INFO  impl.RoleInfo (RoleInfo.java:shutdownFollowerState(121)) - bd0a38b2-0ade-4ab9-8ece-056daa626b99: shutdown FollowerState
2019-09-12 10:10:41,067 [Thread-267] INFO  impl.RaftServerImpl (RaftServerImpl.java:setRole(171)) - bd0a38b2-0ade-4ab9-8ece-056daa626b99:group-B69845D4B72F changes role from FOLLOWER to CANDIDATE at term 0 for changeToCandidate
2019-09-12 10:10:41,067 [Thread-267] INFO  impl.RoleInfo (RoleInfo.java:updateAndGet(143)) - bd0a38b2-0ade-4ab9-8ece-056daa626b99: start LeaderElection
2019-09-12 10:10:41,086 | INFO  | SCMAudit | user=jenkins1000 | ip=192.168.36.114 | op=SEND_HEARTBEAT {datanodeUUID=8925b11b-15ee-4d46-98cb-9cc2d2f12dc3, command=[]} | ret=SUCCESS |  
2019-09-12 10:10:41,092 [bd0a38b2-0ade-4ab9-8ece-056daa626b99:group-9B83D5F2D579:LeaderElection19] INFO  impl.LeaderElection (LeaderElection.java:askForVotes(181)) - bd0a38b2-0ade-4ab9-8ece-056daa626b99:group-9B83D5F2D579:LeaderElection19: begin an election at term 1 for -1: [bd0a38b2-0ade-4ab9-8ece-056daa626b99:192.168.36.114:44836], old=null
2019-09-12 10:10:41,092 [bd0a38b2-0ade-4ab9-8ece-056daa626b99:group-9B83D5F2D579:LeaderElection19] INFO  impl.RoleInfo (RoleInfo.java:shutdownLeaderElection(134)) - bd0a38b2-0ade-4ab9-8ece-056daa626b99: shutdown LeaderElection
2019-09-12 10:10:41,093 [bd0a38b2-0ade-4ab9-8ece-056daa626b99:group-9B83D5F2D579:LeaderElection19] INFO  impl.RaftServerImpl (RaftServerImpl.java:setRole(171)) - bd0a38b2-0ade-4ab9-8ece-056daa626b99:group-9B83D5F2D579 changes role from CANDIDATE to LEADER at term 1 for changeToLeader
2019-09-12 10:10:41,093 [bd0a38b2-0ade-4ab9-8ece-056daa626b99:group-9B83D5F2D579:LeaderElection19] INFO  impl.RaftServerImpl (ServerState.java:setLeader(263)) - bd0a38b2-0ade-4ab9-8ece-056daa626b99:group-9B83D5F2D579 change Leader from null to bd0a38b2-0ade-4ab9-8ece-056daa626b99 at term 1 for becomeLeader, leader elected after 5207ms
2019-09-12 10:10:41,093 [bd0a38b2-0ade-4ab9-8ece-056daa626b99:group-9B83D5F2D579:LeaderElection19] INFO  server.RaftServerConfigKeys (ConfUtils.java:logGet(43)) - raft.server.staging.catchup.gap = 1000 (default)
2019-09-12 10:10:41,093 [bd0a38b2-0ade-4ab9-8ece-056daa626b99:group-9B83D5F2D579:LeaderElection19] INFO  server.RaftServerConfigKeys (ConfUtils.java:logGet(43)) - raft.server.rpc.sleep.time = 25ms (default)
2019-09-12 10:10:41,093 [bd0a38b2-0ade-4ab9-8ece-056daa626b99:group-9B83D5F2D579:LeaderElection19] INFO  server.RaftServerConfigKeys (ConfUtils.java:logGet(43)) - raft.server.write.element-limit = 4096 (default)
2019-09-12 10:10:41,094 [bd0a38b2-0ade-4ab9-8ece-056daa626b99:group-9B83D5F2D579:LeaderElection19] INFO  server.RaftServerConfigKeys (ConfUtils.java:logGet(43)) - raft.server.watch.timeout = 10s (default)
2019-09-12 10:10:41,094 [bd0a38b2-0ade-4ab9-8ece-056daa626b99:group-9B83D5F2D579:LeaderElection19] INFO  server.RaftServerConfigKeys (ConfUtils.java:logGet(43)) - raft.server.watch.timeout.denomination = 1s (default)
2019-09-12 10:10:41,094 [bd0a38b2-0ade-4ab9-8ece-056daa626b99:group-9B83D5F2D579:LeaderElection19] INFO  server.RaftServerConfigKeys (ConfUtils.java:logGet(43)) - raft.server.watch.element-limit = 65536 (default)
2019-09-12 10:10:41,094 [bd0a38b2-0ade-4ab9-8ece-056daa626b99:group-B69845D4B72F:LeaderElection20] INFO  impl.LeaderElection (LeaderElection.java:askForVotes(181)) - bd0a38b2-0ade-4ab9-8ece-056daa626b99:group-B69845D4B72F:LeaderElection20: begin an election at term 1 for -1: [bd0a38b2-0ade-4ab9-8ece-056daa626b99:192.168.36.114:44836], old=null
2019-09-12 10:10:41,094 [bd0a38b2-0ade-4ab9-8ece-056daa626b99:group-9B83D5F2D579:LeaderElection19] INFO  impl.RoleInfo (RoleInfo.java:updateAndGet(143)) - bd0a38b2-0ade-4ab9-8ece-056daa626b99: start LeaderState
2019-09-12 10:10:41,094 [bd0a38b2-0ade-4ab9-8ece-056daa626b99:group-B69845D4B72F:LeaderElection20] INFO  impl.RoleInfo (RoleInfo.java:shutdownLeaderElection(134)) - bd0a38b2-0ade-4ab9-8ece-056daa626b99: shutdown LeaderElection
2019-09-12 10:10:41,095 [bd0a38b2-0ade-4ab9-8ece-056daa626b99:group-B69845D4B72F:LeaderElection20] INFO  impl.RaftServerImpl (RaftServerImpl.java:setRole(171)) - bd0a38b2-0ade-4ab9-8ece-056daa626b99:group-B69845D4B72F changes role from CANDIDATE to LEADER at term 1 for changeToLeader
2019-09-12 10:10:41,095 [bd0a38b2-0ade-4ab9-8ece-056daa626b99:group-B69845D4B72F:LeaderElection20] INFO  impl.RaftServerImpl (ServerState.java:setLeader(263)) - bd0a38b2-0ade-4ab9-8ece-056daa626b99:group-B69845D4B72F change Leader from null to bd0a38b2-0ade-4ab9-8ece-056daa626b99 at term 1 for becomeLeader, leader elected after 5102ms
2019-09-12 10:10:41,095 [bd0a38b2-0ade-4ab9-8ece-056daa626b99:group-9B83D5F2D579:LeaderElection19] INFO  segmented.SegmentedRaftLogWorker (SegmentedRaftLogWorker.java:startLogSegment(380)) - bd0a38b2-0ade-4ab9-8ece-056daa626b99-SegmentedRaftLogWorker:Storage Directory /workdir/hadoop-ozone/integration-test/target/test-dir/MiniOzoneClusterImpl-aa909d9c-8689-4ca6-a6e6-f667e4f57e2f/datanode-2/data/ratis/8cdd2fe7-46c7-4428-9166-9b83d5f2d579: Starting segment from index:0
2019-09-12 10:10:41,095 [bd0a38b2-0ade-4ab9-8ece-056daa626b99:group-B69845D4B72F:LeaderElection20] INFO  server.RaftServerConfigKeys (ConfUtils.java:logGet(43)) - raft.server.staging.catchup.gap = 1000 (default)
2019-09-12 10:10:41,095 [bd0a38b2-0ade-4ab9-8ece-056daa626b99:group-B69845D4B72F:LeaderElection20] INFO  server.RaftServerConfigKeys (ConfUtils.java:logGet(43)) - raft.server.rpc.sleep.time = 25ms (default)
2019-09-12 10:10:41,095 [bd0a38b2-0ade-4ab9-8ece-056daa626b99:group-B69845D4B72F:LeaderElection20] INFO  server.RaftServerConfigKeys (ConfUtils.java:logGet(43)) - raft.server.write.element-limit = 4096 (default)
2019-09-12 10:10:41,095 [bd0a38b2-0ade-4ab9-8ece-056daa626b99:group-9B83D5F2D579:LeaderElection19] INFO  impl.RaftServerImpl (ServerState.java:setRaftConf(361)) - bd0a38b2-0ade-4ab9-8ece-056daa626b99:group-9B83D5F2D579 set configuration 0: [bd0a38b2-0ade-4ab9-8ece-056daa626b99:192.168.36.114:44836], old=null at 0
2019-09-12 10:10:41,095 [bd0a38b2-0ade-4ab9-8ece-056daa626b99:group-B69845D4B72F:LeaderElection20] INFO  server.RaftServerConfigKeys (ConfUtils.java:logGet(43)) - raft.server.watch.timeout = 10s (default)
2019-09-12 10:10:41,129 [Thread-270] INFO  impl.FollowerState (FollowerState.java:run(106)) - cc61ee54-953f-4ef7-b7e3-d5c043f839cb:group-1B898C295A13 changes to CANDIDATE, lastRpcTime:5052, electionTimeout:5045ms
2019-09-12 10:10:41,129 [bd0a38b2-0ade-4ab9-8ece-056daa626b99:group-B69845D4B72F:LeaderElection20] INFO  server.RaftServerConfigKeys (ConfUtils.java:logGet(43)) - raft.server.watch.timeout.denomination = 1s (default)
2019-09-12 10:10:41,129 [Thread-270] INFO  impl.RoleInfo (RoleInfo.java:shutdownFollowerState(121)) - cc61ee54-953f-4ef7-b7e3-d5c043f839cb: shutdown FollowerState
2019-09-12 10:10:41,130 [bd0a38b2-0ade-4ab9-8ece-056daa626b99:group-B69845D4B72F:LeaderElection20] INFO  server.RaftServerConfigKeys (ConfUtils.java:logGet(43)) - raft.server.watch.element-limit = 65536 (default)
2019-09-12 10:10:41,130 [Thread-270] INFO  impl.RaftServerImpl (RaftServerImpl.java:setRole(171)) - cc61ee54-953f-4ef7-b7e3-d5c043f839cb:group-1B898C295A13 changes role from FOLLOWER to CANDIDATE at term 0 for changeToCandidate
2019-09-12 10:10:41,130 [Thread-270] INFO  impl.RoleInfo (RoleInfo.java:updateAndGet(143)) - cc61ee54-953f-4ef7-b7e3-d5c043f839cb: start LeaderElection
2019-09-12 10:10:41,130 [bd0a38b2-0ade-4ab9-8ece-056daa626b99:group-B69845D4B72F:LeaderElection20] INFO  impl.RoleInfo (RoleInfo.java:updateAndGet(143)) - bd0a38b2-0ade-4ab9-8ece-056daa626b99: start LeaderState
2019-09-12 10:10:41,130 [bd0a38b2-0ade-4ab9-8ece-056daa626b99:group-B69845D4B72F:LeaderElection20] INFO  segmented.SegmentedRaftLogWorker (SegmentedRaftLogWorker.java:startLogSegment(380)) - bd0a38b2-0ade-4ab9-8ece-056daa626b99-SegmentedRaftLogWorker:Storage Directory /workdir/hadoop-ozone/integration-test/target/test-dir/MiniOzoneClusterImpl-aa909d9c-8689-4ca6-a6e6-f667e4f57e2f/datanode-2/data/ratis/f6eb37ac-50b2-4e9c-acfd-b69845d4b72f: Starting segment from index:0
2019-09-12 10:10:41,132 [bd0a38b2-0ade-4ab9-8ece-056daa626b99:group-B69845D4B72F:LeaderElection20] INFO  impl.RaftServerImpl (ServerState.java:setRaftConf(361)) - bd0a38b2-0ade-4ab9-8ece-056daa626b99:group-B69845D4B72F set configuration 0: [bd0a38b2-0ade-4ab9-8ece-056daa626b99:192.168.36.114:44836], old=null at 0
2019-09-12 10:10:41,189 [bd0a38b2-0ade-4ab9-8ece-056daa626b99-SegmentedRaftLogWorker:Storage Directory /workdir/hadoop-ozone/integration-test/target/test-dir/MiniOzoneClusterImpl-aa909d9c-8689-4ca6-a6e6-f667e4f57e2f/datanode-2/data/ratis/8cdd2fe7-46c7-4428-9166-9b83d5f2d579] INFO  segmented.SegmentedRaftLogWorker (SegmentedRaftLogWorker.java:execute(569)) - bd0a38b2-0ade-4ab9-8ece-056daa626b99-SegmentedRaftLogWorker:Storage Directory /workdir/hadoop-ozone/integration-test/target/test-dir/MiniOzoneClusterImpl-aa909d9c-8689-4ca6-a6e6-f667e4f57e2f/datanode-2/data/ratis/8cdd2fe7-46c7-4428-9166-9b83d5f2d579: created new log segment /workdir/hadoop-ozone/integration-test/target/test-dir/MiniOzoneClusterImpl-aa909d9c-8689-4ca6-a6e6-f667e4f57e2f/datanode-2/data/ratis/8cdd2fe7-46c7-4428-9166-9b83d5f2d579/current/log_inprogress_0
2019-09-12 10:10:41,230 [bd0a38b2-0ade-4ab9-8ece-056daa626b99-SegmentedRaftLogWorker:Storage Directory /workdir/hadoop-ozone/integration-test/target/test-dir/MiniOzoneClusterImpl-aa909d9c-8689-4ca6-a6e6-f667e4f57e2f/datanode-2/data/ratis/f6eb37ac-50b2-4e9c-acfd-b69845d4b72f] INFO  segmented.SegmentedRaftLogWorker (SegmentedRaftLogWorker.java:execute(569)) - bd0a38b2-0ade-4ab9-8ece-056daa626b99-SegmentedRaftLogWorker:Storage Directory /workdir/hadoop-ozone/integration-test/target/test-dir/MiniOzoneClusterImpl-aa909d9c-8689-4ca6-a6e6-f667e4f57e2f/datanode-2/data/ratis/f6eb37ac-50b2-4e9c-acfd-b69845d4b72f: created new log segment /workdir/hadoop-ozone/integration-test/target/test-dir/MiniOzoneClusterImpl-aa909d9c-8689-4ca6-a6e6-f667e4f57e2f/datanode-2/data/ratis/f6eb37ac-50b2-4e9c-acfd-b69845d4b72f/current/log_inprogress_0
2019-09-12 10:10:41,230 [cc61ee54-953f-4ef7-b7e3-d5c043f839cb:group-1B898C295A13:LeaderElection21] INFO  impl.LeaderElection (LeaderElection.java:askForVotes(181)) - cc61ee54-953f-4ef7-b7e3-d5c043f839cb:group-1B898C295A13:LeaderElection21: begin an election at term 1 for -1: [cc61ee54-953f-4ef7-b7e3-d5c043f839cb:192.168.36.114:41082], old=null
2019-09-12 10:10:41,230 [cc61ee54-953f-4ef7-b7e3-d5c043f839cb:group-1B898C295A13:LeaderElection21] INFO  impl.RoleInfo (RoleInfo.java:shutdownLeaderElection(134)) - cc61ee54-953f-4ef7-b7e3-d5c043f839cb: shutdown LeaderElection
2019-09-12 10:10:41,230 [cc61ee54-953f-4ef7-b7e3-d5c043f839cb:group-1B898C295A13:LeaderElection21] INFO  impl.RaftServerImpl (RaftServerImpl.java:setRole(171)) - cc61ee54-953f-4ef7-b7e3-d5c043f839cb:group-1B898C295A13 changes role from CANDIDATE to LEADER at term 1 for changeToLeader
2019-09-12 10:10:41,230 [cc61ee54-953f-4ef7-b7e3-d5c043f839cb:group-1B898C295A13:LeaderElection21] INFO  impl.RaftServerImpl (ServerState.java:setLeader(263)) - cc61ee54-953f-4ef7-b7e3-d5c043f839cb:group-1B898C295A13 change Leader from null to cc61ee54-953f-4ef7-b7e3-d5c043f839cb at term 1 for becomeLeader, leader elected after 5165ms
2019-09-12 10:10:41,231 [cc61ee54-953f-4ef7-b7e3-d5c043f839cb:group-1B898C295A13:LeaderElection21] INFO  server.RaftServerConfigKeys (ConfUtils.java:logGet(43)) - raft.server.staging.catchup.gap = 1000 (default)
2019-09-12 10:10:41,231 [cc61ee54-953f-4ef7-b7e3-d5c043f839cb:group-1B898C295A13:LeaderElection21] INFO  server.RaftServerConfigKeys (ConfUtils.java:logGet(43)) - raft.server.rpc.sleep.time = 25ms (default)
2019-09-12 10:10:41,231 [cc61ee54-953f-4ef7-b7e3-d5c043f839cb:group-1B898C295A13:LeaderElection21] INFO  server.RaftServerConfigKeys (ConfUtils.java:logGet(43)) - raft.server.write.element-limit = 4096 (default)
2019-09-12 10:10:41,231 [cc61ee54-953f-4ef7-b7e3-d5c043f839cb:group-1B898C295A13:LeaderElection21] INFO  server.RaftServerConfigKeys (ConfUtils.java:logGet(43)) - raft.server.watch.timeout = 10s (default)
2019-09-12 10:10:41,231 [cc61ee54-953f-4ef7-b7e3-d5c043f839cb:group-1B898C295A13:LeaderElection21] INFO  server.RaftServerConfigKeys (ConfUtils.java:logGet(43)) - raft.server.watch.timeout.denomination = 1s (default)
2019-09-12 10:10:41,231 [cc61ee54-953f-4ef7-b7e3-d5c043f839cb:group-1B898C295A13:LeaderElection21] INFO  server.RaftServerConfigKeys (ConfUtils.java:logGet(43)) - raft.server.watch.element-limit = 65536 (default)
2019-09-12 10:10:41,231 [cc61ee54-953f-4ef7-b7e3-d5c043f839cb:group-1B898C295A13:LeaderElection21] INFO  impl.RoleInfo (RoleInfo.java:updateAndGet(143)) - cc61ee54-953f-4ef7-b7e3-d5c043f839cb: start LeaderState
2019-09-12 10:10:41,232 [cc61ee54-953f-4ef7-b7e3-d5c043f839cb:group-1B898C295A13:LeaderElection21] INFO  segmented.SegmentedRaftLogWorker (SegmentedRaftLogWorker.java:startLogSegment(380)) - cc61ee54-953f-4ef7-b7e3-d5c043f839cb-SegmentedRaftLogWorker:Storage Directory /workdir/hadoop-ozone/integration-test/target/test-dir/MiniOzoneClusterImpl-aa909d9c-8689-4ca6-a6e6-f667e4f57e2f/datanode-1/data/ratis/968f2ee8-217d-434e-b59c-1b898c295a13: Starting segment from index:0
2019-09-12 10:10:41,232 [cc61ee54-953f-4ef7-b7e3-d5c043f839cb:group-1B898C295A13:LeaderElection21] INFO  impl.RaftServerImpl (ServerState.java:setRaftConf(361)) - cc61ee54-953f-4ef7-b7e3-d5c043f839cb:group-1B898C295A13 set configuration 0: [cc61ee54-953f-4ef7-b7e3-d5c043f839cb:192.168.36.114:41082], old=null at 0
2019-09-12 10:10:41,257 [Thread-273] INFO  impl.FollowerState (FollowerState.java:run(106)) - 8925b11b-15ee-4d46-98cb-9cc2d2f12dc3:group-728ADB1DD4F8 changes to CANDIDATE, lastRpcTime:5077, electionTimeout:5056ms
2019-09-12 10:10:41,257 [Thread-273] INFO  impl.RoleInfo (RoleInfo.java:shutdownFollowerState(121)) - 8925b11b-15ee-4d46-98cb-9cc2d2f12dc3: shutdown FollowerState
2019-09-12 10:10:41,257 [Thread-273] INFO  impl.RaftServerImpl (RaftServerImpl.java:setRole(171)) - 8925b11b-15ee-4d46-98cb-9cc2d2f12dc3:group-728ADB1DD4F8 changes role from FOLLOWER to CANDIDATE at term 0 for changeToCandidate
2019-09-12 10:10:41,261 | INFO  | SCMAudit | user=jenkins1000 | ip=192.168.36.114 | op=SEND_HEARTBEAT {datanodeUUID=c257187d-6013-41a0-a6c3-70113601683b, command=[]} | ret=SUCCESS |  
2019-09-12 10:10:41,262 [Thread-273] INFO  impl.RoleInfo (RoleInfo.java:updateAndGet(143)) - 8925b11b-15ee-4d46-98cb-9cc2d2f12dc3: start LeaderElection
2019-09-12 10:10:41,275 [cc61ee54-953f-4ef7-b7e3-d5c043f839cb-SegmentedRaftLogWorker:Storage Directory /workdir/hadoop-ozone/integration-test/target/test-dir/MiniOzoneClusterImpl-aa909d9c-8689-4ca6-a6e6-f667e4f57e2f/datanode-1/data/ratis/968f2ee8-217d-434e-b59c-1b898c295a13] INFO  segmented.SegmentedRaftLogWorker (SegmentedRaftLogWorker.java:execute(569)) - cc61ee54-953f-4ef7-b7e3-d5c043f839cb-SegmentedRaftLogWorker:Storage Directory /workdir/hadoop-ozone/integration-test/target/test-dir/MiniOzoneClusterImpl-aa909d9c-8689-4ca6-a6e6-f667e4f57e2f/datanode-1/data/ratis/968f2ee8-217d-434e-b59c-1b898c295a13: created new log segment /workdir/hadoop-ozone/integration-test/target/test-dir/MiniOzoneClusterImpl-aa909d9c-8689-4ca6-a6e6-f667e4f57e2f/datanode-1/data/ratis/968f2ee8-217d-434e-b59c-1b898c295a13/current/log_inprogress_0
2019-09-12 10:10:41,275 [8925b11b-15ee-4d46-98cb-9cc2d2f12dc3:group-728ADB1DD4F8:LeaderElection22] INFO  impl.LeaderElection (LeaderElection.java:askForVotes(181)) - 8925b11b-15ee-4d46-98cb-9cc2d2f12dc3:group-728ADB1DD4F8:LeaderElection22: begin an election at term 1 for -1: [8925b11b-15ee-4d46-98cb-9cc2d2f12dc3:192.168.36.114:36994], old=null
2019-09-12 10:10:41,275 [8925b11b-15ee-4d46-98cb-9cc2d2f12dc3:group-728ADB1DD4F8:LeaderElection22] INFO  impl.RoleInfo (RoleInfo.java:shutdownLeaderElection(134)) - 8925b11b-15ee-4d46-98cb-9cc2d2f12dc3: shutdown LeaderElection
2019-09-12 10:10:41,276 [8925b11b-15ee-4d46-98cb-9cc2d2f12dc3:group-728ADB1DD4F8:LeaderElection22] INFO  impl.RaftServerImpl (RaftServerImpl.java:setRole(171)) - 8925b11b-15ee-4d46-98cb-9cc2d2f12dc3:group-728ADB1DD4F8 changes role from CANDIDATE to LEADER at term 1 for changeToLeader
2019-09-12 10:10:41,276 [8925b11b-15ee-4d46-98cb-9cc2d2f12dc3:group-728ADB1DD4F8:LeaderElection22] INFO  impl.RaftServerImpl (ServerState.java:setLeader(263)) - 8925b11b-15ee-4d46-98cb-9cc2d2f12dc3:group-728ADB1DD4F8 change Leader from null to 8925b11b-15ee-4d46-98cb-9cc2d2f12dc3 at term 1 for becomeLeader, leader elected after 5099ms
2019-09-12 10:10:41,276 [8925b11b-15ee-4d46-98cb-9cc2d2f12dc3:group-728ADB1DD4F8:LeaderElection22] INFO  server.RaftServerConfigKeys (ConfUtils.java:logGet(43)) - raft.server.staging.catchup.gap = 1000 (default)
2019-09-12 10:10:41,276 [8925b11b-15ee-4d46-98cb-9cc2d2f12dc3:group-728ADB1DD4F8:LeaderElection22] INFO  server.RaftServerConfigKeys (ConfUtils.java:logGet(43)) - raft.server.rpc.sleep.time = 25ms (default)
2019-09-12 10:10:41,276 | INFO  | SCMAudit | user=jenkins1000 | ip=192.168.36.114 | op=SEND_HEARTBEAT {datanodeUUID=db8f3dd9-b09f-4e42-bc8b-0b8816c9f45e, command=[]} | ret=SUCCESS |  
2019-09-12 10:10:41,276 [8925b11b-15ee-4d46-98cb-9cc2d2f12dc3:group-728ADB1DD4F8:LeaderElection22] INFO  server.RaftServerConfigKeys (ConfUtils.java:logGet(43)) - raft.server.write.element-limit = 4096 (default)
2019-09-12 10:10:41,276 [8925b11b-15ee-4d46-98cb-9cc2d2f12dc3:group-728ADB1DD4F8:LeaderElection22] INFO  server.RaftServerConfigKeys (ConfUtils.java:logGet(43)) - raft.server.watch.timeout = 10s (default)
2019-09-12 10:10:41,276 [8925b11b-15ee-4d46-98cb-9cc2d2f12dc3:group-728ADB1DD4F8:LeaderElection22] INFO  server.RaftServerConfigKeys (ConfUtils.java:logGet(43)) - raft.server.watch.timeout.denomination = 1s (default)
2019-09-12 10:10:41,277 [8925b11b-15ee-4d46-98cb-9cc2d2f12dc3:group-728ADB1DD4F8:LeaderElection22] INFO  server.RaftServerConfigKeys (ConfUtils.java:logGet(43)) - raft.server.watch.element-limit = 65536 (default)
2019-09-12 10:10:41,277 [8925b11b-15ee-4d46-98cb-9cc2d2f12dc3:group-728ADB1DD4F8:LeaderElection22] INFO  impl.RoleInfo (RoleInfo.java:updateAndGet(143)) - 8925b11b-15ee-4d46-98cb-9cc2d2f12dc3: start LeaderState
2019-09-12 10:10:41,277 [8925b11b-15ee-4d46-98cb-9cc2d2f12dc3:group-728ADB1DD4F8:LeaderElection22] INFO  segmented.SegmentedRaftLogWorker (SegmentedRaftLogWorker.java:startLogSegment(380)) - 8925b11b-15ee-4d46-98cb-9cc2d2f12dc3-SegmentedRaftLogWorker:Storage Directory /workdir/hadoop-ozone/integration-test/target/test-dir/MiniOzoneClusterImpl-aa909d9c-8689-4ca6-a6e6-f667e4f57e2f/datanode-3/data/ratis/43aedc6d-693f-456b-9210-728adb1dd4f8: Starting segment from index:0
2019-09-12 10:10:41,278 [8925b11b-15ee-4d46-98cb-9cc2d2f12dc3:group-728ADB1DD4F8:LeaderElection22] INFO  impl.RaftServerImpl (ServerState.java:setRaftConf(361)) - 8925b11b-15ee-4d46-98cb-9cc2d2f12dc3:group-728ADB1DD4F8 set configuration 0: [8925b11b-15ee-4d46-98cb-9cc2d2f12dc3:192.168.36.114:36994], old=null at 0
2019-09-12 10:10:41,338 [Thread-276] INFO  impl.FollowerState (FollowerState.java:run(106)) - cc61ee54-953f-4ef7-b7e3-d5c043f839cb:group-9DA8E8A88BF1 changes to CANDIDATE, lastRpcTime:5088, electionTimeout:5088ms
2019-09-12 10:10:41,339 [Thread-276] INFO  impl.RoleInfo (RoleInfo.java:shutdownFollowerState(121)) - cc61ee54-953f-4ef7-b7e3-d5c043f839cb: shutdown FollowerState
2019-09-12 10:10:41,339 [Thread-276] INFO  impl.RaftServerImpl (RaftServerImpl.java:setRole(171)) - cc61ee54-953f-4ef7-b7e3-d5c043f839cb:group-9DA8E8A88BF1 changes role from FOLLOWER to CANDIDATE at term 0 for changeToCandidate
2019-09-12 10:10:41,339 [Thread-276] INFO  impl.RoleInfo (RoleInfo.java:updateAndGet(143)) - cc61ee54-953f-4ef7-b7e3-d5c043f839cb: start LeaderElection
2019-09-12 10:10:41,347 [8925b11b-15ee-4d46-98cb-9cc2d2f12dc3-SegmentedRaftLogWorker:Storage Directory /workdir/hadoop-ozone/integration-test/target/test-dir/MiniOzoneClusterImpl-aa909d9c-8689-4ca6-a6e6-f667e4f57e2f/datanode-3/data/ratis/43aedc6d-693f-456b-9210-728adb1dd4f8] INFO  segmented.SegmentedRaftLogWorker (SegmentedRaftLogWorker.java:execute(569)) - 8925b11b-15ee-4d46-98cb-9cc2d2f12dc3-SegmentedRaftLogWorker:Storage Directory /workdir/hadoop-ozone/integration-test/target/test-dir/MiniOzoneClusterImpl-aa909d9c-8689-4ca6-a6e6-f667e4f57e2f/datanode-3/data/ratis/43aedc6d-693f-456b-9210-728adb1dd4f8: created new log segment /workdir/hadoop-ozone/integration-test/target/test-dir/MiniOzoneClusterImpl-aa909d9c-8689-4ca6-a6e6-f667e4f57e2f/datanode-3/data/ratis/43aedc6d-693f-456b-9210-728adb1dd4f8/current/log_inprogress_0
2019-09-12 10:10:41,350 [cc61ee54-953f-4ef7-b7e3-d5c043f839cb:group-9DA8E8A88BF1:LeaderElection23] INFO  impl.LeaderElection (LeaderElection.java:askForVotes(181)) - cc61ee54-953f-4ef7-b7e3-d5c043f839cb:group-9DA8E8A88BF1:LeaderElection23: begin an election at term 1 for -1: [cc61ee54-953f-4ef7-b7e3-d5c043f839cb:192.168.36.114:41082], old=null
2019-09-12 10:10:41,350 [cc61ee54-953f-4ef7-b7e3-d5c043f839cb:group-9DA8E8A88BF1:LeaderElection23] INFO  impl.RoleInfo (RoleInfo.java:shutdownLeaderElection(134)) - cc61ee54-953f-4ef7-b7e3-d5c043f839cb: shutdown LeaderElection
2019-09-12 10:10:41,350 [cc61ee54-953f-4ef7-b7e3-d5c043f839cb:group-9DA8E8A88BF1:LeaderElection23] INFO  impl.RaftServerImpl (RaftServerImpl.java:setRole(171)) - cc61ee54-953f-4ef7-b7e3-d5c043f839cb:group-9DA8E8A88BF1 changes role from CANDIDATE to LEADER at term 1 for changeToLeader
2019-09-12 10:10:41,350 [cc61ee54-953f-4ef7-b7e3-d5c043f839cb:group-9DA8E8A88BF1:LeaderElection23] INFO  impl.RaftServerImpl (ServerState.java:setLeader(263)) - cc61ee54-953f-4ef7-b7e3-d5c043f839cb:group-9DA8E8A88BF1 change Leader from null to cc61ee54-953f-4ef7-b7e3-d5c043f839cb at term 1 for becomeLeader, leader elected after 5103ms
2019-09-12 10:10:41,351 [cc61ee54-953f-4ef7-b7e3-d5c043f839cb:group-9DA8E8A88BF1:LeaderElection23] INFO  server.RaftServerConfigKeys (ConfUtils.java:logGet(43)) - raft.server.staging.catchup.gap = 1000 (default)
2019-09-12 10:10:41,351 [cc61ee54-953f-4ef7-b7e3-d5c043f839cb:group-9DA8E8A88BF1:LeaderElection23] INFO  server.RaftServerConfigKeys (ConfUtils.java:logGet(43)) - raft.server.rpc.sleep.time = 25ms (default)
2019-09-12 10:10:41,351 [cc61ee54-953f-4ef7-b7e3-d5c043f839cb:group-9DA8E8A88BF1:LeaderElection23] INFO  server.RaftServerConfigKeys (ConfUtils.java:logGet(43)) - raft.server.write.element-limit = 4096 (default)
2019-09-12 10:10:41,351 [cc61ee54-953f-4ef7-b7e3-d5c043f839cb:group-9DA8E8A88BF1:LeaderElection23] INFO  server.RaftServerConfigKeys (ConfUtils.java:logGet(43)) - raft.server.watch.timeout = 10s (default)
2019-09-12 10:10:41,351 [cc61ee54-953f-4ef7-b7e3-d5c043f839cb:group-9DA8E8A88BF1:LeaderElection23] INFO  server.RaftServerConfigKeys (ConfUtils.java:logGet(43)) - raft.server.watch.timeout.denomination = 1s (default)
2019-09-12 10:10:41,352 [cc61ee54-953f-4ef7-b7e3-d5c043f839cb:group-9DA8E8A88BF1:LeaderElection23] INFO  server.RaftServerConfigKeys (ConfUtils.java:logGet(43)) - raft.server.watch.element-limit = 65536 (default)
2019-09-12 10:10:41,352 [cc61ee54-953f-4ef7-b7e3-d5c043f839cb:group-9DA8E8A88BF1:LeaderElection23] INFO  impl.RoleInfo (RoleInfo.java:updateAndGet(143)) - cc61ee54-953f-4ef7-b7e3-d5c043f839cb: start LeaderState
2019-09-12 10:10:41,352 [cc61ee54-953f-4ef7-b7e3-d5c043f839cb:group-9DA8E8A88BF1:LeaderElection23] INFO  segmented.SegmentedRaftLogWorker (SegmentedRaftLogWorker.java:startLogSegment(380)) - cc61ee54-953f-4ef7-b7e3-d5c043f839cb-SegmentedRaftLogWorker:Storage Directory /workdir/hadoop-ozone/integration-test/target/test-dir/MiniOzoneClusterImpl-aa909d9c-8689-4ca6-a6e6-f667e4f57e2f/datanode-1/data/ratis/bd30309b-23b9-42fa-9a9c-9da8e8a88bf1: Starting segment from index:0
2019-09-12 10:10:41,353 [cc61ee54-953f-4ef7-b7e3-d5c043f839cb:group-9DA8E8A88BF1:LeaderElection23] INFO  impl.RaftServerImpl (ServerState.java:setRaftConf(361)) - cc61ee54-953f-4ef7-b7e3-d5c043f839cb:group-9DA8E8A88BF1 set configuration 0: [cc61ee54-953f-4ef7-b7e3-d5c043f839cb:192.168.36.114:41082], old=null at 0
2019-09-12 10:10:41,393 [cc61ee54-953f-4ef7-b7e3-d5c043f839cb-SegmentedRaftLogWorker:Storage Directory /workdir/hadoop-ozone/integration-test/target/test-dir/MiniOzoneClusterImpl-aa909d9c-8689-4ca6-a6e6-f667e4f57e2f/datanode-1/data/ratis/bd30309b-23b9-42fa-9a9c-9da8e8a88bf1] INFO  segmented.SegmentedRaftLogWorker (SegmentedRaftLogWorker.java:execute(569)) - cc61ee54-953f-4ef7-b7e3-d5c043f839cb-SegmentedRaftLogWorker:Storage Directory /workdir/hadoop-ozone/integration-test/target/test-dir/MiniOzoneClusterImpl-aa909d9c-8689-4ca6-a6e6-f667e4f57e2f/datanode-1/data/ratis/bd30309b-23b9-42fa-9a9c-9da8e8a88bf1: created new log segment /workdir/hadoop-ozone/integration-test/target/test-dir/MiniOzoneClusterImpl-aa909d9c-8689-4ca6-a6e6-f667e4f57e2f/datanode-1/data/ratis/bd30309b-23b9-42fa-9a9c-9da8e8a88bf1/current/log_inprogress_0
2019-09-12 10:10:41,543 [Thread-279] INFO  impl.FollowerState (FollowerState.java:run(106)) - c257187d-6013-41a0-a6c3-70113601683b:group-90E503F8289E changes to CANDIDATE, lastRpcTime:5108, electionTimeout:5108ms
2019-09-12 10:10:41,543 [Thread-279] INFO  impl.RoleInfo (RoleInfo.java:shutdownFollowerState(121)) - c257187d-6013-41a0-a6c3-70113601683b: shutdown FollowerState
2019-09-12 10:10:41,544 [Thread-279] INFO  impl.RaftServerImpl (RaftServerImpl.java:setRole(171)) - c257187d-6013-41a0-a6c3-70113601683b:group-90E503F8289E changes role from FOLLOWER to CANDIDATE at term 0 for changeToCandidate
2019-09-12 10:10:41,544 [Thread-279] INFO  impl.RoleInfo (RoleInfo.java:updateAndGet(143)) - c257187d-6013-41a0-a6c3-70113601683b: start LeaderElection
2019-09-12 10:10:41,560 [c257187d-6013-41a0-a6c3-70113601683b:group-90E503F8289E:LeaderElection24] INFO  impl.LeaderElection (LeaderElection.java:askForVotes(181)) - c257187d-6013-41a0-a6c3-70113601683b:group-90E503F8289E:LeaderElection24: begin an election at term 1 for -1: [c257187d-6013-41a0-a6c3-70113601683b:192.168.36.114:44904], old=null
2019-09-12 10:10:41,561 [c257187d-6013-41a0-a6c3-70113601683b:group-90E503F8289E:LeaderElection24] INFO  impl.RoleInfo (RoleInfo.java:shutdownLeaderElection(134)) - c257187d-6013-41a0-a6c3-70113601683b: shutdown LeaderElection
2019-09-12 10:10:41,561 [c257187d-6013-41a0-a6c3-70113601683b:group-90E503F8289E:LeaderElection24] INFO  impl.RaftServerImpl (RaftServerImpl.java:setRole(171)) - c257187d-6013-41a0-a6c3-70113601683b:group-90E503F8289E changes role from CANDIDATE to LEADER at term 1 for changeToLeader
2019-09-12 10:10:41,561 [c257187d-6013-41a0-a6c3-70113601683b:group-90E503F8289E:LeaderElection24] INFO  impl.RaftServerImpl (ServerState.java:setLeader(263)) - c257187d-6013-41a0-a6c3-70113601683b:group-90E503F8289E change Leader from null to c257187d-6013-41a0-a6c3-70113601683b at term 1 for becomeLeader, leader elected after 5131ms
2019-09-12 10:10:41,561 [c257187d-6013-41a0-a6c3-70113601683b:group-90E503F8289E:LeaderElection24] INFO  server.RaftServerConfigKeys (ConfUtils.java:logGet(43)) - raft.server.staging.catchup.gap = 1000 (default)
2019-09-12 10:10:41,561 [c257187d-6013-41a0-a6c3-70113601683b:group-90E503F8289E:LeaderElection24] INFO  server.RaftServerConfigKeys (ConfUtils.java:logGet(43)) - raft.server.rpc.sleep.time = 25ms (default)
2019-09-12 10:10:41,561 [c257187d-6013-41a0-a6c3-70113601683b:group-90E503F8289E:LeaderElection24] INFO  server.RaftServerConfigKeys (ConfUtils.java:logGet(43)) - raft.server.write.element-limit = 4096 (default)
2019-09-12 10:10:41,562 [c257187d-6013-41a0-a6c3-70113601683b:group-90E503F8289E:LeaderElection24] INFO  server.RaftServerConfigKeys (ConfUtils.java:logGet(43)) - raft.server.watch.timeout = 10s (default)
2019-09-12 10:10:41,562 [c257187d-6013-41a0-a6c3-70113601683b:group-90E503F8289E:LeaderElection24] INFO  server.RaftServerConfigKeys (ConfUtils.java:logGet(43)) - raft.server.watch.timeout.denomination = 1s (default)
2019-09-12 10:10:41,562 [c257187d-6013-41a0-a6c3-70113601683b:group-90E503F8289E:LeaderElection24] INFO  server.RaftServerConfigKeys (ConfUtils.java:logGet(43)) - raft.server.watch.element-limit = 65536 (default)
2019-09-12 10:10:41,562 [c257187d-6013-41a0-a6c3-70113601683b:group-90E503F8289E:LeaderElection24] INFO  impl.RoleInfo (RoleInfo.java:updateAndGet(143)) - c257187d-6013-41a0-a6c3-70113601683b: start LeaderState
2019-09-12 10:10:41,562 [c257187d-6013-41a0-a6c3-70113601683b:group-90E503F8289E:LeaderElection24] INFO  segmented.SegmentedRaftLogWorker (SegmentedRaftLogWorker.java:startLogSegment(380)) - c257187d-6013-41a0-a6c3-70113601683b-SegmentedRaftLogWorker:Storage Directory /workdir/hadoop-ozone/integration-test/target/test-dir/MiniOzoneClusterImpl-aa909d9c-8689-4ca6-a6e6-f667e4f57e2f/datanode-4/data/ratis/5eb666e3-3bd4-40e0-a510-90e503f8289e: Starting segment from index:0
2019-09-12 10:10:41,563 [c257187d-6013-41a0-a6c3-70113601683b:group-90E503F8289E:LeaderElection24] INFO  impl.RaftServerImpl (ServerState.java:setRaftConf(361)) - c257187d-6013-41a0-a6c3-70113601683b:group-90E503F8289E set configuration 0: [c257187d-6013-41a0-a6c3-70113601683b:192.168.36.114:44904], old=null at 0
2019-09-12 10:10:41,602 [Thread-282] INFO  impl.FollowerState (FollowerState.java:run(106)) - bd0a38b2-0ade-4ab9-8ece-056daa626b99:group-3591826B4C98 changes to CANDIDATE, lastRpcTime:5095, electionTimeout:5068ms
2019-09-12 10:10:41,603 [Thread-282] INFO  impl.RoleInfo (RoleInfo.java:shutdownFollowerState(121)) - bd0a38b2-0ade-4ab9-8ece-056daa626b99: shutdown FollowerState
2019-09-12 10:10:41,603 [Thread-282] INFO  impl.RaftServerImpl (RaftServerImpl.java:setRole(171)) - bd0a38b2-0ade-4ab9-8ece-056daa626b99:group-3591826B4C98 changes role from FOLLOWER to CANDIDATE at term 0 for changeToCandidate
2019-09-12 10:10:41,603 [Thread-282] INFO  impl.RoleInfo (RoleInfo.java:updateAndGet(143)) - bd0a38b2-0ade-4ab9-8ece-056daa626b99: start LeaderElection
2019-09-12 10:10:41,627 [c257187d-6013-41a0-a6c3-70113601683b-SegmentedRaftLogWorker:Storage Directory /workdir/hadoop-ozone/integration-test/target/test-dir/MiniOzoneClusterImpl-aa909d9c-8689-4ca6-a6e6-f667e4f57e2f/datanode-4/data/ratis/5eb666e3-3bd4-40e0-a510-90e503f8289e] INFO  segmented.SegmentedRaftLogWorker (SegmentedRaftLogWorker.java:execute(569)) - c257187d-6013-41a0-a6c3-70113601683b-SegmentedRaftLogWorker:Storage Directory /workdir/hadoop-ozone/integration-test/target/test-dir/MiniOzoneClusterImpl-aa909d9c-8689-4ca6-a6e6-f667e4f57e2f/datanode-4/data/ratis/5eb666e3-3bd4-40e0-a510-90e503f8289e: created new log segment /workdir/hadoop-ozone/integration-test/target/test-dir/MiniOzoneClusterImpl-aa909d9c-8689-4ca6-a6e6-f667e4f57e2f/datanode-4/data/ratis/5eb666e3-3bd4-40e0-a510-90e503f8289e/current/log_inprogress_0
2019-09-12 10:10:41,627 [bd0a38b2-0ade-4ab9-8ece-056daa626b99:group-3591826B4C98:LeaderElection25] INFO  impl.LeaderElection (LeaderElection.java:askForVotes(181)) - bd0a38b2-0ade-4ab9-8ece-056daa626b99:group-3591826B4C98:LeaderElection25: begin an election at term 1 for -1: [bd0a38b2-0ade-4ab9-8ece-056daa626b99:192.168.36.114:44836], old=null
2019-09-12 10:10:41,627 [bd0a38b2-0ade-4ab9-8ece-056daa626b99:group-3591826B4C98:LeaderElection25] INFO  impl.RoleInfo (RoleInfo.java:shutdownLeaderElection(134)) - bd0a38b2-0ade-4ab9-8ece-056daa626b99: shutdown LeaderElection
2019-09-12 10:10:41,627 [bd0a38b2-0ade-4ab9-8ece-056daa626b99:group-3591826B4C98:LeaderElection25] INFO  impl.RaftServerImpl (RaftServerImpl.java:setRole(171)) - bd0a38b2-0ade-4ab9-8ece-056daa626b99:group-3591826B4C98 changes role from CANDIDATE to LEADER at term 1 for changeToLeader
2019-09-12 10:10:41,627 [bd0a38b2-0ade-4ab9-8ece-056daa626b99:group-3591826B4C98:LeaderElection25] INFO  impl.RaftServerImpl (ServerState.java:setLeader(263)) - bd0a38b2-0ade-4ab9-8ece-056daa626b99:group-3591826B4C98 change Leader from null to bd0a38b2-0ade-4ab9-8ece-056daa626b99 at term 1 for becomeLeader, leader elected after 5125ms
2019-09-12 10:10:41,628 [bd0a38b2-0ade-4ab9-8ece-056daa626b99:group-3591826B4C98:LeaderElection25] INFO  server.RaftServerConfigKeys (ConfUtils.java:logGet(43)) - raft.server.staging.catchup.gap = 1000 (default)
2019-09-12 10:10:41,628 [bd0a38b2-0ade-4ab9-8ece-056daa626b99:group-3591826B4C98:LeaderElection25] INFO  server.RaftServerConfigKeys (ConfUtils.java:logGet(43)) - raft.server.rpc.sleep.time = 25ms (default)
2019-09-12 10:10:41,628 [bd0a38b2-0ade-4ab9-8ece-056daa626b99:group-3591826B4C98:LeaderElection25] INFO  server.RaftServerConfigKeys (ConfUtils.java:logGet(43)) - raft.server.write.element-limit = 4096 (default)
2019-09-12 10:10:41,628 [bd0a38b2-0ade-4ab9-8ece-056daa626b99:group-3591826B4C98:LeaderElection25] INFO  server.RaftServerConfigKeys (ConfUtils.java:logGet(43)) - raft.server.watch.timeout = 10s (default)
2019-09-12 10:10:41,628 [bd0a38b2-0ade-4ab9-8ece-056daa626b99:group-3591826B4C98:LeaderElection25] INFO  server.RaftServerConfigKeys (ConfUtils.java:logGet(43)) - raft.server.watch.timeout.denomination = 1s (default)
2019-09-12 10:10:41,629 [bd0a38b2-0ade-4ab9-8ece-056daa626b99:group-3591826B4C98:LeaderElection25] INFO  server.RaftServerConfigKeys (ConfUtils.java:logGet(43)) - raft.server.watch.element-limit = 65536 (default)
2019-09-12 10:10:41,629 [bd0a38b2-0ade-4ab9-8ece-056daa626b99:group-3591826B4C98:LeaderElection25] INFO  impl.RoleInfo (RoleInfo.java:updateAndGet(143)) - bd0a38b2-0ade-4ab9-8ece-056daa626b99: start LeaderState
2019-09-12 10:10:41,629 [bd0a38b2-0ade-4ab9-8ece-056daa626b99:group-3591826B4C98:LeaderElection25] INFO  segmented.SegmentedRaftLogWorker (SegmentedRaftLogWorker.java:startLogSegment(380)) - bd0a38b2-0ade-4ab9-8ece-056daa626b99-SegmentedRaftLogWorker:Storage Directory /workdir/hadoop-ozone/integration-test/target/test-dir/MiniOzoneClusterImpl-aa909d9c-8689-4ca6-a6e6-f667e4f57e2f/datanode-2/data/ratis/d6ad26e1-1eae-4a29-ba7d-3591826b4c98: Starting segment from index:0
2019-09-12 10:10:41,630 [bd0a38b2-0ade-4ab9-8ece-056daa626b99:group-3591826B4C98:LeaderElection25] INFO  impl.RaftServerImpl (ServerState.java:setRaftConf(361)) - bd0a38b2-0ade-4ab9-8ece-056daa626b99:group-3591826B4C98 set configuration 0: [bd0a38b2-0ade-4ab9-8ece-056daa626b99:192.168.36.114:44836], old=null at 0
2019-09-12 10:10:41,669 [Thread-285] INFO  impl.FollowerState (FollowerState.java:run(106)) - bd0a38b2-0ade-4ab9-8ece-056daa626b99:group-373D3D656E3B changes to CANDIDATE, lastRpcTime:5053, electionTimeout:5026ms
2019-09-12 10:10:41,669 [Thread-285] INFO  impl.RoleInfo (RoleInfo.java:shutdownFollowerState(121)) - bd0a38b2-0ade-4ab9-8ece-056daa626b99: shutdown FollowerState
2019-09-12 10:10:41,669 [Thread-285] INFO  impl.RaftServerImpl (RaftServerImpl.java:setRole(171)) - bd0a38b2-0ade-4ab9-8ece-056daa626b99:group-373D3D656E3B changes role from FOLLOWER to CANDIDATE at term 0 for changeToCandidate
2019-09-12 10:10:41,669 [Thread-285] INFO  impl.RoleInfo (RoleInfo.java:updateAndGet(143)) - bd0a38b2-0ade-4ab9-8ece-056daa626b99: start LeaderElection
2019-09-12 10:10:41,682 [bd0a38b2-0ade-4ab9-8ece-056daa626b99-SegmentedRaftLogWorker:Storage Directory /workdir/hadoop-ozone/integration-test/target/test-dir/MiniOzoneClusterImpl-aa909d9c-8689-4ca6-a6e6-f667e4f57e2f/datanode-2/data/ratis/d6ad26e1-1eae-4a29-ba7d-3591826b4c98] INFO  segmented.SegmentedRaftLogWorker (SegmentedRaftLogWorker.java:execute(569)) - bd0a38b2-0ade-4ab9-8ece-056daa626b99-SegmentedRaftLogWorker:Storage Directory /workdir/hadoop-ozone/integration-test/target/test-dir/MiniOzoneClusterImpl-aa909d9c-8689-4ca6-a6e6-f667e4f57e2f/datanode-2/data/ratis/d6ad26e1-1eae-4a29-ba7d-3591826b4c98: created new log segment /workdir/hadoop-ozone/integration-test/target/test-dir/MiniOzoneClusterImpl-aa909d9c-8689-4ca6-a6e6-f667e4f57e2f/datanode-2/data/ratis/d6ad26e1-1eae-4a29-ba7d-3591826b4c98/current/log_inprogress_0
2019-09-12 10:10:41,683 [bd0a38b2-0ade-4ab9-8ece-056daa626b99:group-373D3D656E3B:LeaderElection26] INFO  impl.LeaderElection (LeaderElection.java:askForVotes(181)) - bd0a38b2-0ade-4ab9-8ece-056daa626b99:group-373D3D656E3B:LeaderElection26: begin an election at term 1 for -1: [bd0a38b2-0ade-4ab9-8ece-056daa626b99:192.168.36.114:44836], old=null
2019-09-12 10:10:41,683 [bd0a38b2-0ade-4ab9-8ece-056daa626b99:group-373D3D656E3B:LeaderElection26] INFO  impl.RoleInfo (RoleInfo.java:shutdownLeaderElection(134)) - bd0a38b2-0ade-4ab9-8ece-056daa626b99: shutdown LeaderElection
2019-09-12 10:10:41,683 [bd0a38b2-0ade-4ab9-8ece-056daa626b99:group-373D3D656E3B:LeaderElection26] INFO  impl.RaftServerImpl (RaftServerImpl.java:setRole(171)) - bd0a38b2-0ade-4ab9-8ece-056daa626b99:group-373D3D656E3B changes role from CANDIDATE to LEADER at term 1 for changeToLeader
2019-09-12 10:10:41,683 [bd0a38b2-0ade-4ab9-8ece-056daa626b99:group-373D3D656E3B:LeaderElection26] INFO  impl.RaftServerImpl (ServerState.java:setLeader(263)) - bd0a38b2-0ade-4ab9-8ece-056daa626b99:group-373D3D656E3B change Leader from null to bd0a38b2-0ade-4ab9-8ece-056daa626b99 at term 1 for becomeLeader, leader elected after 5072ms
2019-09-12 10:10:41,683 [bd0a38b2-0ade-4ab9-8ece-056daa626b99:group-373D3D656E3B:LeaderElection26] INFO  server.RaftServerConfigKeys (ConfUtils.java:logGet(43)) - raft.server.staging.catchup.gap = 1000 (default)
2019-09-12 10:10:41,683 [bd0a38b2-0ade-4ab9-8ece-056daa626b99:group-373D3D656E3B:LeaderElection26] INFO  server.RaftServerConfigKeys (ConfUtils.java:logGet(43)) - raft.server.rpc.sleep.time = 25ms (default)
2019-09-12 10:10:41,684 [bd0a38b2-0ade-4ab9-8ece-056daa626b99:group-373D3D656E3B:LeaderElection26] INFO  server.RaftServerConfigKeys (ConfUtils.java:logGet(43)) - raft.server.write.element-limit = 4096 (default)
2019-09-12 10:10:41,684 [bd0a38b2-0ade-4ab9-8ece-056daa626b99:group-373D3D656E3B:LeaderElection26] INFO  server.RaftServerConfigKeys (ConfUtils.java:logGet(43)) - raft.server.watch.timeout = 10s (default)
2019-09-12 10:10:41,684 [bd0a38b2-0ade-4ab9-8ece-056daa626b99:group-373D3D656E3B:LeaderElection26] INFO  server.RaftServerConfigKeys (ConfUtils.java:logGet(43)) - raft.server.watch.timeout.denomination = 1s (default)
2019-09-12 10:10:41,684 [bd0a38b2-0ade-4ab9-8ece-056daa626b99:group-373D3D656E3B:LeaderElection26] INFO  server.RaftServerConfigKeys (ConfUtils.java:logGet(43)) - raft.server.watch.element-limit = 65536 (default)
2019-09-12 10:10:41,684 [bd0a38b2-0ade-4ab9-8ece-056daa626b99:group-373D3D656E3B:LeaderElection26] INFO  impl.RoleInfo (RoleInfo.java:updateAndGet(143)) - bd0a38b2-0ade-4ab9-8ece-056daa626b99: start LeaderState
2019-09-12 10:10:41,685 [bd0a38b2-0ade-4ab9-8ece-056daa626b99:group-373D3D656E3B:LeaderElection26] INFO  segmented.SegmentedRaftLogWorker (SegmentedRaftLogWorker.java:startLogSegment(380)) - bd0a38b2-0ade-4ab9-8ece-056daa626b99-SegmentedRaftLogWorker:Storage Directory /workdir/hadoop-ozone/integration-test/target/test-dir/MiniOzoneClusterImpl-aa909d9c-8689-4ca6-a6e6-f667e4f57e2f/datanode-2/data/ratis/b9a4acbc-06a4-4c17-9c87-373d3d656e3b: Starting segment from index:0
2019-09-12 10:10:41,685 [bd0a38b2-0ade-4ab9-8ece-056daa626b99:group-373D3D656E3B:LeaderElection26] INFO  impl.RaftServerImpl (ServerState.java:setRaftConf(361)) - bd0a38b2-0ade-4ab9-8ece-056daa626b99:group-373D3D656E3B set configuration 0: [bd0a38b2-0ade-4ab9-8ece-056daa626b99:192.168.36.114:44836], old=null at 0
2019-09-12 10:10:41,777 [bd0a38b2-0ade-4ab9-8ece-056daa626b99-SegmentedRaftLogWorker:Storage Directory /workdir/hadoop-ozone/integration-test/target/test-dir/MiniOzoneClusterImpl-aa909d9c-8689-4ca6-a6e6-f667e4f57e2f/datanode-2/data/ratis/b9a4acbc-06a4-4c17-9c87-373d3d656e3b] INFO  segmented.SegmentedRaftLogWorker (SegmentedRaftLogWorker.java:execute(569)) - bd0a38b2-0ade-4ab9-8ece-056daa626b99-SegmentedRaftLogWorker:Storage Directory /workdir/hadoop-ozone/integration-test/target/test-dir/MiniOzoneClusterImpl-aa909d9c-8689-4ca6-a6e6-f667e4f57e2f/datanode-2/data/ratis/b9a4acbc-06a4-4c17-9c87-373d3d656e3b: created new log segment /workdir/hadoop-ozone/integration-test/target/test-dir/MiniOzoneClusterImpl-aa909d9c-8689-4ca6-a6e6-f667e4f57e2f/datanode-2/data/ratis/b9a4acbc-06a4-4c17-9c87-373d3d656e3b/current/log_inprogress_0
2019-09-12 10:10:41,855 [Thread-291] INFO  impl.FollowerState (FollowerState.java:run(106)) - c257187d-6013-41a0-a6c3-70113601683b:group-1EDBFD30CD4F changes to CANDIDATE, lastRpcTime:5046, electionTimeout:5046ms
2019-09-12 10:10:41,856 [Thread-291] INFO  impl.RoleInfo (RoleInfo.java:shutdownFollowerState(121)) - c257187d-6013-41a0-a6c3-70113601683b: shutdown FollowerState
2019-09-12 10:10:41,856 [Thread-291] INFO  impl.RaftServerImpl (RaftServerImpl.java:setRole(171)) - c257187d-6013-41a0-a6c3-70113601683b:group-1EDBFD30CD4F changes role from FOLLOWER to CANDIDATE at term 0 for changeToCandidate
2019-09-12 10:10:41,856 [Thread-291] INFO  impl.RoleInfo (RoleInfo.java:updateAndGet(143)) - c257187d-6013-41a0-a6c3-70113601683b: start LeaderElection
2019-09-12 10:10:41,878 [Thread-288] INFO  impl.FollowerState (FollowerState.java:run(106)) - c257187d-6013-41a0-a6c3-70113601683b:group-4BADC00B754B changes to CANDIDATE, lastRpcTime:5129, electionTimeout:5129ms
2019-09-12 10:10:41,878 [Thread-288] INFO  impl.RoleInfo (RoleInfo.java:shutdownFollowerState(121)) - c257187d-6013-41a0-a6c3-70113601683b: shutdown FollowerState
2019-09-12 10:10:41,878 [Thread-288] INFO  impl.RaftServerImpl (RaftServerImpl.java:setRole(171)) - c257187d-6013-41a0-a6c3-70113601683b:group-4BADC00B754B changes role from FOLLOWER to CANDIDATE at term 0 for changeToCandidate
2019-09-12 10:10:41,878 [Thread-288] INFO  impl.RoleInfo (RoleInfo.java:updateAndGet(143)) - c257187d-6013-41a0-a6c3-70113601683b: start LeaderElection
2019-09-12 10:10:41,892 [c257187d-6013-41a0-a6c3-70113601683b:group-4BADC00B754B:LeaderElection28] INFO  impl.LeaderElection (LeaderElection.java:askForVotes(181)) - c257187d-6013-41a0-a6c3-70113601683b:group-4BADC00B754B:LeaderElection28: begin an election at term 1 for -1: [c257187d-6013-41a0-a6c3-70113601683b:192.168.36.114:44904], old=null
2019-09-12 10:10:41,892 [c257187d-6013-41a0-a6c3-70113601683b:group-1EDBFD30CD4F:LeaderElection27] INFO  impl.LeaderElection (LeaderElection.java:askForVotes(181)) - c257187d-6013-41a0-a6c3-70113601683b:group-1EDBFD30CD4F:LeaderElection27: begin an election at term 1 for -1: [c257187d-6013-41a0-a6c3-70113601683b:192.168.36.114:44904], old=null
2019-09-12 10:10:41,892 [c257187d-6013-41a0-a6c3-70113601683b:group-4BADC00B754B:LeaderElection28] INFO  impl.RoleInfo (RoleInfo.java:shutdownLeaderElection(134)) - c257187d-6013-41a0-a6c3-70113601683b: shutdown LeaderElection
2019-09-12 10:10:41,893 [c257187d-6013-41a0-a6c3-70113601683b:group-1EDBFD30CD4F:LeaderElection27] INFO  impl.RoleInfo (RoleInfo.java:shutdownLeaderElection(134)) - c257187d-6013-41a0-a6c3-70113601683b: shutdown LeaderElection
2019-09-12 10:10:41,893 [c257187d-6013-41a0-a6c3-70113601683b:group-4BADC00B754B:LeaderElection28] INFO  impl.RaftServerImpl (RaftServerImpl.java:setRole(171)) - c257187d-6013-41a0-a6c3-70113601683b:group-4BADC00B754B changes role from CANDIDATE to LEADER at term 1 for changeToLeader
2019-09-12 10:10:41,893 [c257187d-6013-41a0-a6c3-70113601683b:group-1EDBFD30CD4F:LeaderElection27] INFO  impl.RaftServerImpl (RaftServerImpl.java:setRole(171)) - c257187d-6013-41a0-a6c3-70113601683b:group-1EDBFD30CD4F changes role from CANDIDATE to LEADER at term 1 for changeToLeader
2019-09-12 10:10:41,893 [c257187d-6013-41a0-a6c3-70113601683b:group-4BADC00B754B:LeaderElection28] INFO  impl.RaftServerImpl (ServerState.java:setLeader(263)) - c257187d-6013-41a0-a6c3-70113601683b:group-4BADC00B754B change Leader from null to c257187d-6013-41a0-a6c3-70113601683b at term 1 for becomeLeader, leader elected after 5150ms
2019-09-12 10:10:41,893 [c257187d-6013-41a0-a6c3-70113601683b:group-1EDBFD30CD4F:LeaderElection27] INFO  impl.RaftServerImpl (ServerState.java:setLeader(263)) - c257187d-6013-41a0-a6c3-70113601683b:group-1EDBFD30CD4F change Leader from null to c257187d-6013-41a0-a6c3-70113601683b at term 1 for becomeLeader, leader elected after 5088ms
2019-09-12 10:10:41,893 [c257187d-6013-41a0-a6c3-70113601683b:group-4BADC00B754B:LeaderElection28] INFO  server.RaftServerConfigKeys (ConfUtils.java:logGet(43)) - raft.server.staging.catchup.gap = 1000 (default)
2019-09-12 10:10:41,894 [c257187d-6013-41a0-a6c3-70113601683b:group-1EDBFD30CD4F:LeaderElection27] INFO  server.RaftServerConfigKeys (ConfUtils.java:logGet(43)) - raft.server.staging.catchup.gap = 1000 (default)
2019-09-12 10:10:41,894 [c257187d-6013-41a0-a6c3-70113601683b:group-4BADC00B754B:LeaderElection28] INFO  server.RaftServerConfigKeys (ConfUtils.java:logGet(43)) - raft.server.rpc.sleep.time = 25ms (default)
2019-09-12 10:10:41,894 [c257187d-6013-41a0-a6c3-70113601683b:group-1EDBFD30CD4F:LeaderElection27] INFO  server.RaftServerConfigKeys (ConfUtils.java:logGet(43)) - raft.server.rpc.sleep.time = 25ms (default)
2019-09-12 10:10:41,894 [c257187d-6013-41a0-a6c3-70113601683b:group-4BADC00B754B:LeaderElection28] INFO  server.RaftServerConfigKeys (ConfUtils.java:logGet(43)) - raft.server.write.element-limit = 4096 (default)
2019-09-12 10:10:41,894 [c257187d-6013-41a0-a6c3-70113601683b:group-1EDBFD30CD4F:LeaderElection27] INFO  server.RaftServerConfigKeys (ConfUtils.java:logGet(43)) - raft.server.write.element-limit = 4096 (default)
2019-09-12 10:10:41,894 [c257187d-6013-41a0-a6c3-70113601683b:group-4BADC00B754B:LeaderElection28] INFO  server.RaftServerConfigKeys (ConfUtils.java:logGet(43)) - raft.server.watch.timeout = 10s (default)
2019-09-12 10:10:41,894 [c257187d-6013-41a0-a6c3-70113601683b:group-1EDBFD30CD4F:LeaderElection27] INFO  server.RaftServerConfigKeys (ConfUtils.java:logGet(43)) - raft.server.watch.timeout = 10s (default)
2019-09-12 10:10:41,895 [c257187d-6013-41a0-a6c3-70113601683b:group-4BADC00B754B:LeaderElection28] INFO  server.RaftServerConfigKeys (ConfUtils.java:logGet(43)) - raft.server.watch.timeout.denomination = 1s (default)
2019-09-12 10:10:41,895 [c257187d-6013-41a0-a6c3-70113601683b:group-1EDBFD30CD4F:LeaderElection27] INFO  server.RaftServerConfigKeys (ConfUtils.java:logGet(43)) - raft.server.watch.timeout.denomination = 1s (default)
2019-09-12 10:10:41,895 [c257187d-6013-41a0-a6c3-70113601683b:group-4BADC00B754B:LeaderElection28] INFO  server.RaftServerConfigKeys (ConfUtils.java:logGet(43)) - raft.server.watch.element-limit = 65536 (default)
2019-09-12 10:10:41,895 [c257187d-6013-41a0-a6c3-70113601683b:group-1EDBFD30CD4F:LeaderElection27] INFO  server.RaftServerConfigKeys (ConfUtils.java:logGet(43)) - raft.server.watch.element-limit = 65536 (default)
2019-09-12 10:10:41,895 [c257187d-6013-41a0-a6c3-70113601683b:group-4BADC00B754B:LeaderElection28] INFO  impl.RoleInfo (RoleInfo.java:updateAndGet(143)) - c257187d-6013-41a0-a6c3-70113601683b: start LeaderState
2019-09-12 10:10:41,895 [c257187d-6013-41a0-a6c3-70113601683b:group-1EDBFD30CD4F:LeaderElection27] INFO  impl.RoleInfo (RoleInfo.java:updateAndGet(143)) - c257187d-6013-41a0-a6c3-70113601683b: start LeaderState
2019-09-12 10:10:41,896 [c257187d-6013-41a0-a6c3-70113601683b:group-4BADC00B754B:LeaderElection28] INFO  segmented.SegmentedRaftLogWorker (SegmentedRaftLogWorker.java:startLogSegment(380)) - c257187d-6013-41a0-a6c3-70113601683b-SegmentedRaftLogWorker:Storage Directory /workdir/hadoop-ozone/integration-test/target/test-dir/MiniOzoneClusterImpl-aa909d9c-8689-4ca6-a6e6-f667e4f57e2f/datanode-4/data/ratis/83bb6480-4f28-44b4-acf8-4badc00b754b: Starting segment from index:0
2019-09-12 10:10:41,896 [c257187d-6013-41a0-a6c3-70113601683b:group-1EDBFD30CD4F:LeaderElection27] INFO  segmented.SegmentedRaftLogWorker (SegmentedRaftLogWorker.java:startLogSegment(380)) - c257187d-6013-41a0-a6c3-70113601683b-SegmentedRaftLogWorker:Storage Directory /workdir/hadoop-ozone/integration-test/target/test-dir/MiniOzoneClusterImpl-aa909d9c-8689-4ca6-a6e6-f667e4f57e2f/datanode-4/data/ratis/a6e09a02-427a-443e-b3e6-1edbfd30cd4f: Starting segment from index:0
2019-09-12 10:10:41,896 [c257187d-6013-41a0-a6c3-70113601683b:group-4BADC00B754B:LeaderElection28] INFO  impl.RaftServerImpl (ServerState.java:setRaftConf(361)) - c257187d-6013-41a0-a6c3-70113601683b:group-4BADC00B754B set configuration 0: [c257187d-6013-41a0-a6c3-70113601683b:192.168.36.114:44904], old=null at 0
2019-09-12 10:10:41,925 [c257187d-6013-41a0-a6c3-70113601683b:group-1EDBFD30CD4F:LeaderElection27] INFO  impl.RaftServerImpl (ServerState.java:setRaftConf(361)) - c257187d-6013-41a0-a6c3-70113601683b:group-1EDBFD30CD4F set configuration 0: [c257187d-6013-41a0-a6c3-70113601683b:192.168.36.114:44904], old=null at 0
2019-09-12 10:10:41,964 [c257187d-6013-41a0-a6c3-70113601683b-SegmentedRaftLogWorker:Storage Directory /workdir/hadoop-ozone/integration-test/target/test-dir/MiniOzoneClusterImpl-aa909d9c-8689-4ca6-a6e6-f667e4f57e2f/datanode-4/data/ratis/83bb6480-4f28-44b4-acf8-4badc00b754b] INFO  segmented.SegmentedRaftLogWorker (SegmentedRaftLogWorker.java:execute(569)) - c257187d-6013-41a0-a6c3-70113601683b-SegmentedRaftLogWorker:Storage Directory /workdir/hadoop-ozone/integration-test/target/test-dir/MiniOzoneClusterImpl-aa909d9c-8689-4ca6-a6e6-f667e4f57e2f/datanode-4/data/ratis/83bb6480-4f28-44b4-acf8-4badc00b754b: created new log segment /workdir/hadoop-ozone/integration-test/target/test-dir/MiniOzoneClusterImpl-aa909d9c-8689-4ca6-a6e6-f667e4f57e2f/datanode-4/data/ratis/83bb6480-4f28-44b4-acf8-4badc00b754b/current/log_inprogress_0
2019-09-12 10:10:41,971 [c257187d-6013-41a0-a6c3-70113601683b-SegmentedRaftLogWorker:Storage Directory /workdir/hadoop-ozone/integration-test/target/test-dir/MiniOzoneClusterImpl-aa909d9c-8689-4ca6-a6e6-f667e4f57e2f/datanode-4/data/ratis/a6e09a02-427a-443e-b3e6-1edbfd30cd4f] INFO  segmented.SegmentedRaftLogWorker (SegmentedRaftLogWorker.java:execute(569)) - c257187d-6013-41a0-a6c3-70113601683b-SegmentedRaftLogWorker:Storage Directory /workdir/hadoop-ozone/integration-test/target/test-dir/MiniOzoneClusterImpl-aa909d9c-8689-4ca6-a6e6-f667e4f57e2f/datanode-4/data/ratis/a6e09a02-427a-443e-b3e6-1edbfd30cd4f: created new log segment /workdir/hadoop-ozone/integration-test/target/test-dir/MiniOzoneClusterImpl-aa909d9c-8689-4ca6-a6e6-f667e4f57e2f/datanode-4/data/ratis/a6e09a02-427a-443e-b3e6-1edbfd30cd4f/current/log_inprogress_0
2019-09-12 10:10:42,085 [Thread-297] INFO  impl.FollowerState (FollowerState.java:run(106)) - c257187d-6013-41a0-a6c3-70113601683b:group-862F6AC95EB3 changes to CANDIDATE, lastRpcTime:5071, electionTimeout:5065ms
2019-09-12 10:10:42,085 [Thread-297] INFO  impl.RoleInfo (RoleInfo.java:shutdownFollowerState(121)) - c257187d-6013-41a0-a6c3-70113601683b: shutdown FollowerState
2019-09-12 10:10:42,085 [Thread-297] INFO  impl.RaftServerImpl (RaftServerImpl.java:setRole(171)) - c257187d-6013-41a0-a6c3-70113601683b:group-862F6AC95EB3 changes role from FOLLOWER to CANDIDATE at term 0 for changeToCandidate
2019-09-12 10:10:42,085 [Thread-297] INFO  impl.RoleInfo (RoleInfo.java:updateAndGet(143)) - c257187d-6013-41a0-a6c3-70113601683b: start LeaderElection
2019-09-12 10:10:42,086 | INFO  | SCMAudit | user=jenkins1000 | ip=192.168.36.114 | op=SEND_HEARTBEAT {datanodeUUID=8925b11b-15ee-4d46-98cb-9cc2d2f12dc3, command=[]} | ret=SUCCESS |  
2019-09-12 10:10:42,108 [main] INFO  ozoneimpl.OzoneContainer (OzoneContainer.java:stop(199)) - Attempting to stop container services.
2019-09-12 10:10:42,108 [ForkJoinPool.commonPool-worker-1] INFO  ozoneimpl.OzoneContainer (OzoneContainer.java:stop(199)) - Attempting to stop container services.
2019-09-12 10:10:42,110 [main] INFO  impl.RaftServerProxy (RaftServerProxy.java:lambda$close$4(314)) - bd0a38b2-0ade-4ab9-8ece-056daa626b99: close
2019-09-12 10:10:42,110 [ForkJoinPool.commonPool-worker-1] INFO  impl.RaftServerProxy (RaftServerProxy.java:lambda$close$4(314)) - cc61ee54-953f-4ef7-b7e3-d5c043f839cb: close
2019-09-12 10:10:42,111 [c257187d-6013-41a0-a6c3-70113601683b:group-862F6AC95EB3:LeaderElection29] INFO  impl.LeaderElection (LeaderElection.java:askForVotes(181)) - c257187d-6013-41a0-a6c3-70113601683b:group-862F6AC95EB3:LeaderElection29: begin an election at term 1 for -1: [c257187d-6013-41a0-a6c3-70113601683b:192.168.36.114:44904], old=null
2019-09-12 10:10:42,111 [c257187d-6013-41a0-a6c3-70113601683b:group-862F6AC95EB3:LeaderElection29] INFO  impl.RoleInfo (RoleInfo.java:shutdownLeaderElection(134)) - c257187d-6013-41a0-a6c3-70113601683b: shutdown LeaderElection
2019-09-12 10:10:42,111 [c257187d-6013-41a0-a6c3-70113601683b:group-862F6AC95EB3:LeaderElection29] INFO  impl.RaftServerImpl (RaftServerImpl.java:setRole(171)) - c257187d-6013-41a0-a6c3-70113601683b:group-862F6AC95EB3 changes role from CANDIDATE to LEADER at term 1 for changeToLeader
2019-09-12 10:10:42,111 [c257187d-6013-41a0-a6c3-70113601683b:group-862F6AC95EB3:LeaderElection29] INFO  impl.RaftServerImpl (ServerState.java:setLeader(263)) - c257187d-6013-41a0-a6c3-70113601683b:group-862F6AC95EB3 change Leader from null to c257187d-6013-41a0-a6c3-70113601683b at term 1 for becomeLeader, leader elected after 5102ms
2019-09-12 10:10:42,112 [c257187d-6013-41a0-a6c3-70113601683b:group-862F6AC95EB3:LeaderElection29] INFO  server.RaftServerConfigKeys (ConfUtils.java:logGet(43)) - raft.server.staging.catchup.gap = 1000 (default)
2019-09-12 10:10:42,112 [c257187d-6013-41a0-a6c3-70113601683b:group-862F6AC95EB3:LeaderElection29] INFO  server.RaftServerConfigKeys (ConfUtils.java:logGet(43)) - raft.server.rpc.sleep.time = 25ms (default)
2019-09-12 10:10:42,112 [c257187d-6013-41a0-a6c3-70113601683b:group-862F6AC95EB3:LeaderElection29] INFO  server.RaftServerConfigKeys (ConfUtils.java:logGet(43)) - raft.server.write.element-limit = 4096 (default)
2019-09-12 10:10:42,112 [c257187d-6013-41a0-a6c3-70113601683b:group-862F6AC95EB3:LeaderElection29] INFO  server.RaftServerConfigKeys (ConfUtils.java:logGet(43)) - raft.server.watch.timeout = 10s (default)
2019-09-12 10:10:42,113 [Thread-294] INFO  impl.FollowerState (FollowerState.java:run(106)) - c257187d-6013-41a0-a6c3-70113601683b:group-3D3E53DC3FA1 changes to CANDIDATE, lastRpcTime:5195, electionTimeout:5195ms
2019-09-12 10:10:42,113 [ForkJoinPool.commonPool-worker-1] INFO  impl.RaftServerImpl (RaftServerImpl.java:lambda$shutdown$3(245)) - cc61ee54-953f-4ef7-b7e3-d5c043f839cb: shutdown group-9DA8E8A88BF1
2019-09-12 10:10:42,113 [c257187d-6013-41a0-a6c3-70113601683b:group-862F6AC95EB3:LeaderElection29] INFO  server.RaftServerConfigKeys (ConfUtils.java:logGet(43)) - raft.server.watch.timeout.denomination = 1s (default)
2019-09-12 10:10:42,113 [ForkJoinPool.commonPool-worker-1] INFO  util.JmxRegister (JmxRegister.java:unregister(73)) - Successfully un-registered JMX Bean with object name Ratis:service=RaftServer,group=group-9DA8E8A88BF1,id=cc61ee54-953f-4ef7-b7e3-d5c043f839cb
2019-09-12 10:10:42,114 [ForkJoinPool.commonPool-worker-1] INFO  impl.RoleInfo (RoleInfo.java:shutdownLeaderState(104)) - cc61ee54-953f-4ef7-b7e3-d5c043f839cb: shutdown LeaderState
2019-09-12 10:10:42,113 [main] INFO  impl.RaftServerImpl (RaftServerImpl.java:lambda$shutdown$3(245)) - bd0a38b2-0ade-4ab9-8ece-056daa626b99: shutdown group-3591826B4C98
2019-09-12 10:10:42,113 [Thread-294] INFO  impl.RoleInfo (RoleInfo.java:shutdownFollowerState(121)) - c257187d-6013-41a0-a6c3-70113601683b: shutdown FollowerState
2019-09-12 10:10:42,114 [main] INFO  util.JmxRegister (JmxRegister.java:unregister(73)) - Successfully un-registered JMX Bean with object name Ratis:service=RaftServer,group=group-3591826B4C98,id=bd0a38b2-0ade-4ab9-8ece-056daa626b99
2019-09-12 10:10:42,115 [main] INFO  impl.RoleInfo (RoleInfo.java:shutdownLeaderState(104)) - bd0a38b2-0ade-4ab9-8ece-056daa626b99: shutdown LeaderState
2019-09-12 10:10:42,113 [c257187d-6013-41a0-a6c3-70113601683b:group-862F6AC95EB3:LeaderElection29] INFO  server.RaftServerConfigKeys (ConfUtils.java:logGet(43)) - raft.server.watch.element-limit = 65536 (default)
2019-09-12 10:10:42,115 [main] INFO  impl.PendingRequests (PendingRequests.java:sendNotLeaderResponses(202)) - bd0a38b2-0ade-4ab9-8ece-056daa626b99-PendingRequests: sendNotLeaderResponses
2019-09-12 10:10:42,115 [ForkJoinPool.commonPool-worker-1] INFO  impl.PendingRequests (PendingRequests.java:sendNotLeaderResponses(202)) - cc61ee54-953f-4ef7-b7e3-d5c043f839cb-PendingRequests: sendNotLeaderResponses
2019-09-12 10:10:42,114 [Thread-294] INFO  impl.RaftServerImpl (RaftServerImpl.java:setRole(171)) - c257187d-6013-41a0-a6c3-70113601683b:group-3D3E53DC3FA1 changes role from FOLLOWER to CANDIDATE at term 0 for changeToCandidate
2019-09-12 10:10:42,117 [c257187d-6013-41a0-a6c3-70113601683b:group-862F6AC95EB3:LeaderElection29] INFO  impl.RoleInfo (RoleInfo.java:updateAndGet(143)) - c257187d-6013-41a0-a6c3-70113601683b: start LeaderState
2019-09-12 10:10:42,118 [Thread-294] INFO  impl.RoleInfo (RoleInfo.java:updateAndGet(143)) - c257187d-6013-41a0-a6c3-70113601683b: start LeaderElection
2019-09-12 10:10:42,118 [c257187d-6013-41a0-a6c3-70113601683b:group-862F6AC95EB3:LeaderElection29] INFO  segmented.SegmentedRaftLogWorker (SegmentedRaftLogWorker.java:startLogSegment(380)) - c257187d-6013-41a0-a6c3-70113601683b-SegmentedRaftLogWorker:Storage Directory /workdir/hadoop-ozone/integration-test/target/test-dir/MiniOzoneClusterImpl-aa909d9c-8689-4ca6-a6e6-f667e4f57e2f/datanode-4/data/ratis/eb3b0a67-6baf-4916-bdee-862f6ac95eb3: Starting segment from index:0
2019-09-12 10:10:42,121 [c257187d-6013-41a0-a6c3-70113601683b:group-862F6AC95EB3:LeaderElection29] INFO  impl.RaftServerImpl (ServerState.java:setRaftConf(361)) - c257187d-6013-41a0-a6c3-70113601683b:group-862F6AC95EB3 set configuration 0: [c257187d-6013-41a0-a6c3-70113601683b:192.168.36.114:44904], old=null at 0
2019-09-12 10:10:42,159 [ForkJoinPool.commonPool-worker-1] INFO  impl.StateMachineUpdater (StateMachineUpdater.java:stopAndJoin(115)) - StateMachineUpdater:cc61ee54-953f-4ef7-b7e3-d5c043f839cb:group-9DA8E8A88BF1: set stopIndex = 0
2019-09-12 10:10:42,159 [main] INFO  impl.StateMachineUpdater (StateMachineUpdater.java:stopAndJoin(115)) - StateMachineUpdater:bd0a38b2-0ade-4ab9-8ece-056daa626b99:group-3591826B4C98: set stopIndex = 0
2019-09-12 10:10:42,161 [ForkJoinPool.commonPool-worker-1] INFO  impl.RaftServerImpl (ServerState.java:close(394)) - cc61ee54-953f-4ef7-b7e3-d5c043f839cb:group-9DA8E8A88BF1 closes. The last applied log index is 0
2019-09-12 10:10:42,162 [main] INFO  impl.RaftServerImpl (ServerState.java:close(394)) - bd0a38b2-0ade-4ab9-8ece-056daa626b99:group-3591826B4C98 closes. The last applied log index is 0
2019-09-12 10:10:42,164 [cc61ee54-953f-4ef7-b7e3-d5c043f839cb-SegmentedRaftLogWorker:Storage Directory /workdir/hadoop-ozone/integration-test/target/test-dir/MiniOzoneClusterImpl-aa909d9c-8689-4ca6-a6e6-f667e4f57e2f/datanode-1/data/ratis/bd30309b-23b9-42fa-9a9c-9da8e8a88bf1] INFO  segmented.SegmentedRaftLogWorker (SegmentedRaftLogWorker.java:run(313)) - cc61ee54-953f-4ef7-b7e3-d5c043f839cb-SegmentedRaftLogWorker:Storage Directory /workdir/hadoop-ozone/integration-test/target/test-dir/MiniOzoneClusterImpl-aa909d9c-8689-4ca6-a6e6-f667e4f57e2f/datanode-1/data/ratis/bd30309b-23b9-42fa-9a9c-9da8e8a88bf1 was interrupted, exiting. There are 0 tasks remaining in the queue.
2019-09-12 10:10:42,164 [bd0a38b2-0ade-4ab9-8ece-056daa626b99-SegmentedRaftLogWorker:Storage Directory /workdir/hadoop-ozone/integration-test/target/test-dir/MiniOzoneClusterImpl-aa909d9c-8689-4ca6-a6e6-f667e4f57e2f/datanode-2/data/ratis/d6ad26e1-1eae-4a29-ba7d-3591826b4c98] INFO  segmented.SegmentedRaftLogWorker (SegmentedRaftLogWorker.java:run(313)) - bd0a38b2-0ade-4ab9-8ece-056daa626b99-SegmentedRaftLogWorker:Storage Directory /workdir/hadoop-ozone/integration-test/target/test-dir/MiniOzoneClusterImpl-aa909d9c-8689-4ca6-a6e6-f667e4f57e2f/datanode-2/data/ratis/d6ad26e1-1eae-4a29-ba7d-3591826b4c98 was interrupted, exiting. There are 0 tasks remaining in the queue.
2019-09-12 10:10:42,166 [c257187d-6013-41a0-a6c3-70113601683b-SegmentedRaftLogWorker:Storage Directory /workdir/hadoop-ozone/integration-test/target/test-dir/MiniOzoneClusterImpl-aa909d9c-8689-4ca6-a6e6-f667e4f57e2f/datanode-4/data/ratis/eb3b0a67-6baf-4916-bdee-862f6ac95eb3] INFO  segmented.SegmentedRaftLogWorker (SegmentedRaftLogWorker.java:execute(569)) - c257187d-6013-41a0-a6c3-70113601683b-SegmentedRaftLogWorker:Storage Directory /workdir/hadoop-ozone/integration-test/target/test-dir/MiniOzoneClusterImpl-aa909d9c-8689-4ca6-a6e6-f667e4f57e2f/datanode-4/data/ratis/eb3b0a67-6baf-4916-bdee-862f6ac95eb3: created new log segment /workdir/hadoop-ozone/integration-test/target/test-dir/MiniOzoneClusterImpl-aa909d9c-8689-4ca6-a6e6-f667e4f57e2f/datanode-4/data/ratis/eb3b0a67-6baf-4916-bdee-862f6ac95eb3/current/log_inprogress_0
2019-09-12 10:10:42,167 [c257187d-6013-41a0-a6c3-70113601683b:group-3D3E53DC3FA1:LeaderElection30] INFO  impl.LeaderElection (LeaderElection.java:askForVotes(181)) - c257187d-6013-41a0-a6c3-70113601683b:group-3D3E53DC3FA1:LeaderElection30: begin an election at term 1 for -1: [c257187d-6013-41a0-a6c3-70113601683b:192.168.36.114:44904], old=null
2019-09-12 10:10:42,169 [ForkJoinPool.commonPool-worker-1] INFO  segmented.SegmentedRaftLogWorker (SegmentedRaftLogWorker.java:close(228)) - cc61ee54-953f-4ef7-b7e3-d5c043f839cb-SegmentedRaftLogWorker:Storage Directory /workdir/hadoop-ozone/integration-test/target/test-dir/MiniOzoneClusterImpl-aa909d9c-8689-4ca6-a6e6-f667e4f57e2f/datanode-1/data/ratis/bd30309b-23b9-42fa-9a9c-9da8e8a88bf1 close()
2019-09-12 10:10:42,169 [c257187d-6013-41a0-a6c3-70113601683b:group-3D3E53DC3FA1:LeaderElection30] INFO  impl.RoleInfo (RoleInfo.java:shutdownLeaderElection(134)) - c257187d-6013-41a0-a6c3-70113601683b: shutdown LeaderElection
2019-09-12 10:10:42,169 [main] INFO  segmented.SegmentedRaftLogWorker (SegmentedRaftLogWorker.java:close(228)) - bd0a38b2-0ade-4ab9-8ece-056daa626b99-SegmentedRaftLogWorker:Storage Directory /workdir/hadoop-ozone/integration-test/target/test-dir/MiniOzoneClusterImpl-aa909d9c-8689-4ca6-a6e6-f667e4f57e2f/datanode-2/data/ratis/d6ad26e1-1eae-4a29-ba7d-3591826b4c98 close()
2019-09-12 10:10:42,173 [ForkJoinPool.commonPool-worker-1] INFO  impl.RaftServerImpl (RaftServerImpl.java:lambda$shutdown$3(245)) - cc61ee54-953f-4ef7-b7e3-d5c043f839cb: shutdown group-52B8929C6F60
2019-09-12 10:10:42,172 [c257187d-6013-41a0-a6c3-70113601683b:group-3D3E53DC3FA1:LeaderElection30] INFO  impl.RaftServerImpl (RaftServerImpl.java:setRole(171)) - c257187d-6013-41a0-a6c3-70113601683b:group-3D3E53DC3FA1 changes role from CANDIDATE to LEADER at term 1 for changeToLeader
2019-09-12 10:10:42,177 [ForkJoinPool.commonPool-worker-1] INFO  util.JmxRegister (JmxRegister.java:unregister(73)) - Successfully un-registered JMX Bean with object name Ratis:service=RaftServer,group=group-52B8929C6F60,id=cc61ee54-953f-4ef7-b7e3-d5c043f839cb
2019-09-12 10:10:42,178 [ForkJoinPool.commonPool-worker-1] INFO  impl.RoleInfo (RoleInfo.java:shutdownLeaderState(104)) - cc61ee54-953f-4ef7-b7e3-d5c043f839cb: shutdown LeaderState
2019-09-12 10:10:42,177 [main] INFO  impl.RaftServerImpl (RaftServerImpl.java:lambda$shutdown$3(245)) - bd0a38b2-0ade-4ab9-8ece-056daa626b99: shutdown group-B69845D4B72F
2019-09-12 10:10:42,178 [ForkJoinPool.commonPool-worker-1] INFO  impl.PendingRequests (PendingRequests.java:sendNotLeaderResponses(202)) - cc61ee54-953f-4ef7-b7e3-d5c043f839cb-PendingRequests: sendNotLeaderResponses
2019-09-12 10:10:42,177 [c257187d-6013-41a0-a6c3-70113601683b:group-3D3E53DC3FA1:LeaderElection30] INFO  impl.RaftServerImpl (ServerState.java:setLeader(263)) - c257187d-6013-41a0-a6c3-70113601683b:group-3D3E53DC3FA1 change Leader from null to c257187d-6013-41a0-a6c3-70113601683b at term 1 for becomeLeader, leader elected after 5265ms
2019-09-12 10:10:42,179 [ForkJoinPool.commonPool-worker-1] INFO  impl.StateMachineUpdater (StateMachineUpdater.java:stopAndJoin(115)) - StateMachineUpdater:cc61ee54-953f-4ef7-b7e3-d5c043f839cb:group-52B8929C6F60: set stopIndex = 0
2019-09-12 10:10:42,178 [main] INFO  util.JmxRegister (JmxRegister.java:unregister(73)) - Successfully un-registered JMX Bean with object name Ratis:service=RaftServer,group=group-B69845D4B72F,id=bd0a38b2-0ade-4ab9-8ece-056daa626b99
2019-09-12 10:10:42,179 [ForkJoinPool.commonPool-worker-1] INFO  impl.RaftServerImpl (ServerState.java:close(394)) - cc61ee54-953f-4ef7-b7e3-d5c043f839cb:group-52B8929C6F60 closes. The last applied log index is 0
2019-09-12 10:10:42,179 [c257187d-6013-41a0-a6c3-70113601683b:group-3D3E53DC3FA1:LeaderElection30] INFO  server.RaftServerConfigKeys (ConfUtils.java:logGet(43)) - raft.server.staging.catchup.gap = 1000 (default)
2019-09-12 10:10:42,180 [cc61ee54-953f-4ef7-b7e3-d5c043f839cb-SegmentedRaftLogWorker:Storage Directory /workdir/hadoop-ozone/integration-test/target/test-dir/MiniOzoneClusterImpl-aa909d9c-8689-4ca6-a6e6-f667e4f57e2f/datanode-1/data/ratis/3c771521-faeb-4bbe-a7f7-52b8929c6f60] INFO  segmented.SegmentedRaftLogWorker (SegmentedRaftLogWorker.java:run(313)) - cc61ee54-953f-4ef7-b7e3-d5c043f839cb-SegmentedRaftLogWorker:Storage Directory /workdir/hadoop-ozone/integration-test/target/test-dir/MiniOzoneClusterImpl-aa909d9c-8689-4ca6-a6e6-f667e4f57e2f/datanode-1/data/ratis/3c771521-faeb-4bbe-a7f7-52b8929c6f60 was interrupted, exiting. There are 0 tasks remaining in the queue.
2019-09-12 10:10:42,179 [main] INFO  impl.RoleInfo (RoleInfo.java:shutdownLeaderState(104)) - bd0a38b2-0ade-4ab9-8ece-056daa626b99: shutdown LeaderState
2019-09-12 10:10:42,183 [ForkJoinPool.commonPool-worker-1] INFO  segmented.SegmentedRaftLogWorker (SegmentedRaftLogWorker.java:close(228)) - cc61ee54-953f-4ef7-b7e3-d5c043f839cb-SegmentedRaftLogWorker:Storage Directory /workdir/hadoop-ozone/integration-test/target/test-dir/MiniOzoneClusterImpl-aa909d9c-8689-4ca6-a6e6-f667e4f57e2f/datanode-1/data/ratis/3c771521-faeb-4bbe-a7f7-52b8929c6f60 close()
2019-09-12 10:10:42,180 [c257187d-6013-41a0-a6c3-70113601683b:group-3D3E53DC3FA1:LeaderElection30] INFO  server.RaftServerConfigKeys (ConfUtils.java:logGet(43)) - raft.server.rpc.sleep.time = 25ms (default)
2019-09-12 10:10:42,186 [ForkJoinPool.commonPool-worker-1] INFO  impl.RaftServerImpl (RaftServerImpl.java:lambda$shutdown$3(245)) - cc61ee54-953f-4ef7-b7e3-d5c043f839cb: shutdown group-39AD042F9263
2019-09-12 10:10:42,183 [main] INFO  impl.PendingRequests (PendingRequests.java:sendNotLeaderResponses(202)) - bd0a38b2-0ade-4ab9-8ece-056daa626b99-PendingRequests: sendNotLeaderResponses
2019-09-12 10:10:42,187 [ForkJoinPool.commonPool-worker-1] INFO  util.JmxRegister (JmxRegister.java:unregister(73)) - Successfully un-registered JMX Bean with object name Ratis:service=RaftServer,group=group-39AD042F9263,id=cc61ee54-953f-4ef7-b7e3-d5c043f839cb
2019-09-12 10:10:42,188 [ForkJoinPool.commonPool-worker-1] INFO  impl.RoleInfo (RoleInfo.java:shutdownLeaderState(104)) - cc61ee54-953f-4ef7-b7e3-d5c043f839cb: shutdown LeaderState
2019-09-12 10:10:42,187 [c257187d-6013-41a0-a6c3-70113601683b:group-3D3E53DC3FA1:LeaderElection30] INFO  server.RaftServerConfigKeys (ConfUtils.java:logGet(43)) - raft.server.write.element-limit = 4096 (default)
2019-09-12 10:10:42,188 [ForkJoinPool.commonPool-worker-1] INFO  impl.PendingRequests (PendingRequests.java:sendNotLeaderResponses(202)) - cc61ee54-953f-4ef7-b7e3-d5c043f839cb-PendingRequests: sendNotLeaderResponses
2019-09-12 10:10:42,187 [main] INFO  impl.StateMachineUpdater (StateMachineUpdater.java:stopAndJoin(115)) - StateMachineUpdater:bd0a38b2-0ade-4ab9-8ece-056daa626b99:group-B69845D4B72F: set stopIndex = 0
2019-09-12 10:10:42,188 [ForkJoinPool.commonPool-worker-1] INFO  impl.StateMachineUpdater (StateMachineUpdater.java:stopAndJoin(115)) - StateMachineUpdater:cc61ee54-953f-4ef7-b7e3-d5c043f839cb:group-39AD042F9263: set stopIndex = 0
2019-09-12 10:10:42,189 [ForkJoinPool.commonPool-worker-1] INFO  impl.RaftServerImpl (ServerState.java:close(394)) - cc61ee54-953f-4ef7-b7e3-d5c043f839cb:group-39AD042F9263 closes. The last applied log index is 0
2019-09-12 10:10:42,188 [c257187d-6013-41a0-a6c3-70113601683b:group-3D3E53DC3FA1:LeaderElection30] INFO  server.RaftServerConfigKeys (ConfUtils.java:logGet(43)) - raft.server.watch.timeout = 10s (default)
2019-09-12 10:10:42,189 [cc61ee54-953f-4ef7-b7e3-d5c043f839cb-SegmentedRaftLogWorker:Storage Directory /workdir/hadoop-ozone/integration-test/target/test-dir/MiniOzoneClusterImpl-aa909d9c-8689-4ca6-a6e6-f667e4f57e2f/datanode-1/data/ratis/b6772657-25fa-4a23-ad8b-39ad042f9263] INFO  segmented.SegmentedRaftLogWorker (SegmentedRaftLogWorker.java:run(313)) - cc61ee54-953f-4ef7-b7e3-d5c043f839cb-SegmentedRaftLogWorker:Storage Directory /workdir/hadoop-ozone/integration-test/target/test-dir/MiniOzoneClusterImpl-aa909d9c-8689-4ca6-a6e6-f667e4f57e2f/datanode-1/data/ratis/b6772657-25fa-4a23-ad8b-39ad042f9263 was interrupted, exiting. There are 0 tasks remaining in the queue.
2019-09-12 10:10:42,189 [main] INFO  impl.RaftServerImpl (ServerState.java:close(394)) - bd0a38b2-0ade-4ab9-8ece-056daa626b99:group-B69845D4B72F closes. The last applied log index is 0
2019-09-12 10:10:42,192 [ForkJoinPool.commonPool-worker-1] INFO  segmented.SegmentedRaftLogWorker (SegmentedRaftLogWorker.java:close(228)) - cc61ee54-953f-4ef7-b7e3-d5c043f839cb-SegmentedRaftLogWorker:Storage Directory /workdir/hadoop-ozone/integration-test/target/test-dir/MiniOzoneClusterImpl-aa909d9c-8689-4ca6-a6e6-f667e4f57e2f/datanode-1/data/ratis/b6772657-25fa-4a23-ad8b-39ad042f9263 close()
2019-09-12 10:10:42,189 [c257187d-6013-41a0-a6c3-70113601683b:group-3D3E53DC3FA1:LeaderElection30] INFO  server.RaftServerConfigKeys (ConfUtils.java:logGet(43)) - raft.server.watch.timeout.denomination = 1s (default)
2019-09-12 10:10:42,197 [ForkJoinPool.commonPool-worker-1] INFO  impl.RaftServerImpl (RaftServerImpl.java:lambda$shutdown$3(245)) - cc61ee54-953f-4ef7-b7e3-d5c043f839cb: shutdown group-1CC105AB8641
2019-09-12 10:10:42,193 [bd0a38b2-0ade-4ab9-8ece-056daa626b99-SegmentedRaftLogWorker:Storage Directory /workdir/hadoop-ozone/integration-test/target/test-dir/MiniOzoneClusterImpl-aa909d9c-8689-4ca6-a6e6-f667e4f57e2f/datanode-2/data/ratis/f6eb37ac-50b2-4e9c-acfd-b69845d4b72f] INFO  segmented.SegmentedRaftLogWorker (SegmentedRaftLogWorker.java:run(313)) - bd0a38b2-0ade-4ab9-8ece-056daa626b99-SegmentedRaftLogWorker:Storage Directory /workdir/hadoop-ozone/integration-test/target/test-dir/MiniOzoneClusterImpl-aa909d9c-8689-4ca6-a6e6-f667e4f57e2f/datanode-2/data/ratis/f6eb37ac-50b2-4e9c-acfd-b69845d4b72f was interrupted, exiting. There are 0 tasks remaining in the queue.
2019-09-12 10:10:42,198 [ForkJoinPool.commonPool-worker-1] INFO  util.JmxRegister (JmxRegister.java:unregister(73)) - Successfully un-registered JMX Bean with object name Ratis:service=RaftServer,group=group-1CC105AB8641,id=cc61ee54-953f-4ef7-b7e3-d5c043f839cb
2019-09-12 10:10:42,197 [c257187d-6013-41a0-a6c3-70113601683b:group-3D3E53DC3FA1:LeaderElection30] INFO  server.RaftServerConfigKeys (ConfUtils.java:logGet(43)) - raft.server.watch.element-limit = 65536 (default)
2019-09-12 10:10:42,200 [ForkJoinPool.commonPool-worker-1] INFO  impl.RoleInfo (RoleInfo.java:shutdownLeaderState(104)) - cc61ee54-953f-4ef7-b7e3-d5c043f839cb: shutdown LeaderState
2019-09-12 10:10:42,200 [main] INFO  segmented.SegmentedRaftLogWorker (SegmentedRaftLogWorker.java:close(228)) - bd0a38b2-0ade-4ab9-8ece-056daa626b99-SegmentedRaftLogWorker:Storage Directory /workdir/hadoop-ozone/integration-test/target/test-dir/MiniOzoneClusterImpl-aa909d9c-8689-4ca6-a6e6-f667e4f57e2f/datanode-2/data/ratis/f6eb37ac-50b2-4e9c-acfd-b69845d4b72f close()
2019-09-12 10:10:42,201 [ForkJoinPool.commonPool-worker-1] INFO  impl.PendingRequests (PendingRequests.java:sendNotLeaderResponses(202)) - cc61ee54-953f-4ef7-b7e3-d5c043f839cb-PendingRequests: sendNotLeaderResponses
2019-09-12 10:10:42,201 [c257187d-6013-41a0-a6c3-70113601683b:group-3D3E53DC3FA1:LeaderElection30] INFO  impl.RoleInfo (RoleInfo.java:updateAndGet(143)) - c257187d-6013-41a0-a6c3-70113601683b: start LeaderState
2019-09-12 10:10:42,210 [ForkJoinPool.commonPool-worker-1] INFO  impl.StateMachineUpdater (StateMachineUpdater.java:stopAndJoin(115)) - StateMachineUpdater:cc61ee54-953f-4ef7-b7e3-d5c043f839cb:group-1CC105AB8641: set stopIndex = 0
2019-09-12 10:10:42,210 [ForkJoinPool.commonPool-worker-1] INFO  impl.RaftServerImpl (ServerState.java:close(394)) - cc61ee54-953f-4ef7-b7e3-d5c043f839cb:group-1CC105AB8641 closes. The last applied log index is 0
2019-09-12 10:10:42,210 [main] INFO  impl.RaftServerImpl (RaftServerImpl.java:lambda$shutdown$3(245)) - bd0a38b2-0ade-4ab9-8ece-056daa626b99: shutdown group-20B0BA949A9B
2019-09-12 10:10:42,210 [cc61ee54-953f-4ef7-b7e3-d5c043f839cb-SegmentedRaftLogWorker:Storage Directory /workdir/hadoop-ozone/integration-test/target/test-dir/MiniOzoneClusterImpl-aa909d9c-8689-4ca6-a6e6-f667e4f57e2f/datanode-1/data/ratis/1e8ee2ad-edfa-441c-a544-1cc105ab8641] INFO  segmented.SegmentedRaftLogWorker (SegmentedRaftLogWorker.java:run(313)) - cc61ee54-953f-4ef7-b7e3-d5c043f839cb-SegmentedRaftLogWorker:Storage Directory /workdir/hadoop-ozone/integration-test/target/test-dir/MiniOzoneClusterImpl-aa909d9c-8689-4ca6-a6e6-f667e4f57e2f/datanode-1/data/ratis/1e8ee2ad-edfa-441c-a544-1cc105ab8641 was interrupted, exiting. There are 0 tasks remaining in the queue.
2019-09-12 10:10:42,210 [c257187d-6013-41a0-a6c3-70113601683b:group-3D3E53DC3FA1:LeaderElection30] INFO  segmented.SegmentedRaftLogWorker (SegmentedRaftLogWorker.java:startLogSegment(380)) - c257187d-6013-41a0-a6c3-70113601683b-SegmentedRaftLogWorker:Storage Directory /workdir/hadoop-ozone/integration-test/target/test-dir/MiniOzoneClusterImpl-aa909d9c-8689-4ca6-a6e6-f667e4f57e2f/datanode-4/data/ratis/d920007f-0706-4602-a040-3d3e53dc3fa1: Starting segment from index:0
2019-09-12 10:10:42,213 [ForkJoinPool.commonPool-worker-1] INFO  segmented.SegmentedRaftLogWorker (SegmentedRaftLogWorker.java:close(228)) - cc61ee54-953f-4ef7-b7e3-d5c043f839cb-SegmentedRaftLogWorker:Storage Directory /workdir/hadoop-ozone/integration-test/target/test-dir/MiniOzoneClusterImpl-aa909d9c-8689-4ca6-a6e6-f667e4f57e2f/datanode-1/data/ratis/1e8ee2ad-edfa-441c-a544-1cc105ab8641 close()
2019-09-12 10:10:42,211 [main] INFO  util.JmxRegister (JmxRegister.java:unregister(73)) - Successfully un-registered JMX Bean with object name Ratis:service=RaftServer,group=group-20B0BA949A9B,id=bd0a38b2-0ade-4ab9-8ece-056daa626b99
2019-09-12 10:10:42,216 [c257187d-6013-41a0-a6c3-70113601683b:group-3D3E53DC3FA1:LeaderElection30] INFO  impl.RaftServerImpl (ServerState.java:setRaftConf(361)) - c257187d-6013-41a0-a6c3-70113601683b:group-3D3E53DC3FA1 set configuration 0: [c257187d-6013-41a0-a6c3-70113601683b:192.168.36.114:44904], old=null at 0
2019-09-12 10:10:42,216 [ForkJoinPool.commonPool-worker-1] INFO  impl.RaftServerImpl (RaftServerImpl.java:lambda$shutdown$3(245)) - cc61ee54-953f-4ef7-b7e3-d5c043f839cb: shutdown group-1B898C295A13
2019-09-12 10:10:42,216 [main] INFO  impl.RoleInfo (RoleInfo.java:shutdownLeaderState(104)) - bd0a38b2-0ade-4ab9-8ece-056daa626b99: shutdown LeaderState
2019-09-12 10:10:42,258 [ForkJoinPool.commonPool-worker-1] INFO  util.JmxRegister (JmxRegister.java:unregister(73)) - Successfully un-registered JMX Bean with object name Ratis:service=RaftServer,group=group-1B898C295A13,id=cc61ee54-953f-4ef7-b7e3-d5c043f839cb
2019-09-12 10:10:42,265 [main] INFO  impl.PendingRequests (PendingRequests.java:sendNotLeaderResponses(202)) - bd0a38b2-0ade-4ab9-8ece-056daa626b99-PendingRequests: sendNotLeaderResponses
2019-09-12 10:10:42,264 [c257187d-6013-41a0-a6c3-70113601683b-SegmentedRaftLogWorker:Storage Directory /workdir/hadoop-ozone/integration-test/target/test-dir/MiniOzoneClusterImpl-aa909d9c-8689-4ca6-a6e6-f667e4f57e2f/datanode-4/data/ratis/d920007f-0706-4602-a040-3d3e53dc3fa1] INFO  segmented.SegmentedRaftLogWorker (SegmentedRaftLogWorker.java:execute(569)) - c257187d-6013-41a0-a6c3-70113601683b-SegmentedRaftLogWorker:Storage Directory /workdir/hadoop-ozone/integration-test/target/test-dir/MiniOzoneClusterImpl-aa909d9c-8689-4ca6-a6e6-f667e4f57e2f/datanode-4/data/ratis/d920007f-0706-4602-a040-3d3e53dc3fa1: created new log segment /workdir/hadoop-ozone/integration-test/target/test-dir/MiniOzoneClusterImpl-aa909d9c-8689-4ca6-a6e6-f667e4f57e2f/datanode-4/data/ratis/d920007f-0706-4602-a040-3d3e53dc3fa1/current/log_inprogress_0
2019-09-12 10:10:42,265 | INFO  | SCMAudit | user=jenkins1000 | ip=192.168.36.114 | op=SEND_HEARTBEAT {datanodeUUID=c257187d-6013-41a0-a6c3-70113601683b, command=[]} | ret=SUCCESS |  
2019-09-12 10:10:42,265 [ForkJoinPool.commonPool-worker-1] INFO  impl.RoleInfo (RoleInfo.java:shutdownLeaderState(104)) - cc61ee54-953f-4ef7-b7e3-d5c043f839cb: shutdown LeaderState
2019-09-12 10:10:42,266 [main] INFO  impl.StateMachineUpdater (StateMachineUpdater.java:stopAndJoin(115)) - StateMachineUpdater:bd0a38b2-0ade-4ab9-8ece-056daa626b99:group-20B0BA949A9B: set stopIndex = 0
2019-09-12 10:10:42,266 [ForkJoinPool.commonPool-worker-1] INFO  impl.PendingRequests (PendingRequests.java:sendNotLeaderResponses(202)) - cc61ee54-953f-4ef7-b7e3-d5c043f839cb-PendingRequests: sendNotLeaderResponses
2019-09-12 10:10:42,266 [main] INFO  impl.RaftServerImpl (ServerState.java:close(394)) - bd0a38b2-0ade-4ab9-8ece-056daa626b99:group-20B0BA949A9B closes. The last applied log index is 0
2019-09-12 10:10:42,267 [ForkJoinPool.commonPool-worker-1] INFO  impl.StateMachineUpdater (StateMachineUpdater.java:stopAndJoin(115)) - StateMachineUpdater:cc61ee54-953f-4ef7-b7e3-d5c043f839cb:group-1B898C295A13: set stopIndex = 0
2019-09-12 10:10:42,267 [bd0a38b2-0ade-4ab9-8ece-056daa626b99-SegmentedRaftLogWorker:Storage Directory /workdir/hadoop-ozone/integration-test/target/test-dir/MiniOzoneClusterImpl-aa909d9c-8689-4ca6-a6e6-f667e4f57e2f/datanode-2/data/ratis/8355ca99-7db2-4414-9445-20b0ba949a9b] INFO  segmented.SegmentedRaftLogWorker (SegmentedRaftLogWorker.java:run(313)) - bd0a38b2-0ade-4ab9-8ece-056daa626b99-SegmentedRaftLogWorker:Storage Directory /workdir/hadoop-ozone/integration-test/target/test-dir/MiniOzoneClusterImpl-aa909d9c-8689-4ca6-a6e6-f667e4f57e2f/datanode-2/data/ratis/8355ca99-7db2-4414-9445-20b0ba949a9b was interrupted, exiting. There are 0 tasks remaining in the queue.
2019-09-12 10:10:42,267 [ForkJoinPool.commonPool-worker-1] INFO  impl.RaftServerImpl (ServerState.java:close(394)) - cc61ee54-953f-4ef7-b7e3-d5c043f839cb:group-1B898C295A13 closes. The last applied log index is 0
2019-09-12 10:10:42,269 [main] INFO  segmented.SegmentedRaftLogWorker (SegmentedRaftLogWorker.java:close(228)) - bd0a38b2-0ade-4ab9-8ece-056daa626b99-SegmentedRaftLogWorker:Storage Directory /workdir/hadoop-ozone/integration-test/target/test-dir/MiniOzoneClusterImpl-aa909d9c-8689-4ca6-a6e6-f667e4f57e2f/datanode-2/data/ratis/8355ca99-7db2-4414-9445-20b0ba949a9b close()
2019-09-12 10:10:42,269 [cc61ee54-953f-4ef7-b7e3-d5c043f839cb-SegmentedRaftLogWorker:Storage Directory /workdir/hadoop-ozone/integration-test/target/test-dir/MiniOzoneClusterImpl-aa909d9c-8689-4ca6-a6e6-f667e4f57e2f/datanode-1/data/ratis/968f2ee8-217d-434e-b59c-1b898c295a13] INFO  segmented.SegmentedRaftLogWorker (SegmentedRaftLogWorker.java:run(313)) - cc61ee54-953f-4ef7-b7e3-d5c043f839cb-SegmentedRaftLogWorker:Storage Directory /workdir/hadoop-ozone/integration-test/target/test-dir/MiniOzoneClusterImpl-aa909d9c-8689-4ca6-a6e6-f667e4f57e2f/datanode-1/data/ratis/968f2ee8-217d-434e-b59c-1b898c295a13 was interrupted, exiting. There are 0 tasks remaining in the queue.
2019-09-12 10:10:42,272 [main] INFO  impl.RaftServerImpl (RaftServerImpl.java:lambda$shutdown$3(245)) - bd0a38b2-0ade-4ab9-8ece-056daa626b99: shutdown group-9B83D5F2D579
2019-09-12 10:10:42,273 [ForkJoinPool.commonPool-worker-1] INFO  segmented.SegmentedRaftLogWorker (SegmentedRaftLogWorker.java:close(228)) - cc61ee54-953f-4ef7-b7e3-d5c043f839cb-SegmentedRaftLogWorker:Storage Directory /workdir/hadoop-ozone/integration-test/target/test-dir/MiniOzoneClusterImpl-aa909d9c-8689-4ca6-a6e6-f667e4f57e2f/datanode-1/data/ratis/968f2ee8-217d-434e-b59c-1b898c295a13 close()
2019-09-12 10:10:42,273 [main] INFO  util.JmxRegister (JmxRegister.java:unregister(73)) - Successfully un-registered JMX Bean with object name Ratis:service=RaftServer,group=group-9B83D5F2D579,id=bd0a38b2-0ade-4ab9-8ece-056daa626b99
2019-09-12 10:10:42,275 [ForkJoinPool.commonPool-worker-1] INFO  impl.RaftServerImpl (RaftServerImpl.java:lambda$shutdown$3(245)) - cc61ee54-953f-4ef7-b7e3-d5c043f839cb: shutdown group-36B44860F75E
2019-09-12 10:10:42,276 [main] INFO  impl.RoleInfo (RoleInfo.java:shutdownLeaderState(104)) - bd0a38b2-0ade-4ab9-8ece-056daa626b99: shutdown LeaderState
2019-09-12 10:10:42,276 | INFO  | SCMAudit | user=jenkins1000 | ip=192.168.36.114 | op=SEND_HEARTBEAT {datanodeUUID=db8f3dd9-b09f-4e42-bc8b-0b8816c9f45e, command=[]} | ret=SUCCESS |  
2019-09-12 10:10:42,276 [ForkJoinPool.commonPool-worker-1] INFO  util.JmxRegister (JmxRegister.java:unregister(73)) - Successfully un-registered JMX Bean with object name Ratis:service=RaftServer,group=group-36B44860F75E,id=cc61ee54-953f-4ef7-b7e3-d5c043f839cb
2019-09-12 10:10:42,276 [main] INFO  impl.PendingRequests (PendingRequests.java:sendNotLeaderResponses(202)) - bd0a38b2-0ade-4ab9-8ece-056daa626b99-PendingRequests: sendNotLeaderResponses
2019-09-12 10:10:42,277 [ForkJoinPool.commonPool-worker-1] INFO  impl.RoleInfo (RoleInfo.java:shutdownLeaderState(104)) - cc61ee54-953f-4ef7-b7e3-d5c043f839cb: shutdown LeaderState
2019-09-12 10:10:42,277 [main] INFO  impl.StateMachineUpdater (StateMachineUpdater.java:stopAndJoin(115)) - StateMachineUpdater:bd0a38b2-0ade-4ab9-8ece-056daa626b99:group-9B83D5F2D579: set stopIndex = 0
2019-09-12 10:10:42,277 [ForkJoinPool.commonPool-worker-1] INFO  impl.PendingRequests (PendingRequests.java:sendNotLeaderResponses(202)) - cc61ee54-953f-4ef7-b7e3-d5c043f839cb-PendingRequests: sendNotLeaderResponses
2019-09-12 10:10:42,277 [main] INFO  impl.RaftServerImpl (ServerState.java:close(394)) - bd0a38b2-0ade-4ab9-8ece-056daa626b99:group-9B83D5F2D579 closes. The last applied log index is 0
2019-09-12 10:10:42,278 [ForkJoinPool.commonPool-worker-1] INFO  impl.StateMachineUpdater (StateMachineUpdater.java:stopAndJoin(115)) - StateMachineUpdater:cc61ee54-953f-4ef7-b7e3-d5c043f839cb:group-36B44860F75E: set stopIndex = 0
2019-09-12 10:10:42,278 [bd0a38b2-0ade-4ab9-8ece-056daa626b99-SegmentedRaftLogWorker:Storage Directory /workdir/hadoop-ozone/integration-test/target/test-dir/MiniOzoneClusterImpl-aa909d9c-8689-4ca6-a6e6-f667e4f57e2f/datanode-2/data/ratis/8cdd2fe7-46c7-4428-9166-9b83d5f2d579] INFO  segmented.SegmentedRaftLogWorker (SegmentedRaftLogWorker.java:run(313)) - bd0a38b2-0ade-4ab9-8ece-056daa626b99-SegmentedRaftLogWorker:Storage Directory /workdir/hadoop-ozone/integration-test/target/test-dir/MiniOzoneClusterImpl-aa909d9c-8689-4ca6-a6e6-f667e4f57e2f/datanode-2/data/ratis/8cdd2fe7-46c7-4428-9166-9b83d5f2d579 was interrupted, exiting. There are 0 tasks remaining in the queue.
2019-09-12 10:10:42,278 [ForkJoinPool.commonPool-worker-1] INFO  impl.RaftServerImpl (ServerState.java:close(394)) - cc61ee54-953f-4ef7-b7e3-d5c043f839cb:group-36B44860F75E closes. The last applied log index is 0
2019-09-12 10:10:42,280 [main] INFO  segmented.SegmentedRaftLogWorker (SegmentedRaftLogWorker.java:close(228)) - bd0a38b2-0ade-4ab9-8ece-056daa626b99-SegmentedRaftLogWorker:Storage Directory /workdir/hadoop-ozone/integration-test/target/test-dir/MiniOzoneClusterImpl-aa909d9c-8689-4ca6-a6e6-f667e4f57e2f/datanode-2/data/ratis/8cdd2fe7-46c7-4428-9166-9b83d5f2d579 close()
2019-09-12 10:10:42,280 [cc61ee54-953f-4ef7-b7e3-d5c043f839cb-SegmentedRaftLogWorker:Storage Directory /workdir/hadoop-ozone/integration-test/target/test-dir/MiniOzoneClusterImpl-aa909d9c-8689-4ca6-a6e6-f667e4f57e2f/datanode-1/data/ratis/80c00dbd-aee5-403f-aea0-36b44860f75e] INFO  segmented.SegmentedRaftLogWorker (SegmentedRaftLogWorker.java:run(313)) - cc61ee54-953f-4ef7-b7e3-d5c043f839cb-SegmentedRaftLogWorker:Storage Directory /workdir/hadoop-ozone/integration-test/target/test-dir/MiniOzoneClusterImpl-aa909d9c-8689-4ca6-a6e6-f667e4f57e2f/datanode-1/data/ratis/80c00dbd-aee5-403f-aea0-36b44860f75e was interrupted, exiting. There are 0 tasks remaining in the queue.
2019-09-12 10:10:42,282 [main] INFO  impl.RaftServerImpl (RaftServerImpl.java:lambda$shutdown$3(245)) - bd0a38b2-0ade-4ab9-8ece-056daa626b99: shutdown group-2BCE082211B4
2019-09-12 10:10:42,284 [ForkJoinPool.commonPool-worker-1] INFO  segmented.SegmentedRaftLogWorker (SegmentedRaftLogWorker.java:close(228)) - cc61ee54-953f-4ef7-b7e3-d5c043f839cb-SegmentedRaftLogWorker:Storage Directory /workdir/hadoop-ozone/integration-test/target/test-dir/MiniOzoneClusterImpl-aa909d9c-8689-4ca6-a6e6-f667e4f57e2f/datanode-1/data/ratis/80c00dbd-aee5-403f-aea0-36b44860f75e close()
2019-09-12 10:10:42,284 [main] INFO  util.JmxRegister (JmxRegister.java:unregister(73)) - Successfully un-registered JMX Bean with object name Ratis:service=RaftServer,group=group-2BCE082211B4,id=bd0a38b2-0ade-4ab9-8ece-056daa626b99
2019-09-12 10:10:42,290 [main] INFO  impl.RoleInfo (RoleInfo.java:shutdownLeaderState(104)) - bd0a38b2-0ade-4ab9-8ece-056daa626b99: shutdown LeaderState
2019-09-12 10:10:42,290 [ForkJoinPool.commonPool-worker-1] INFO  server.GrpcService (GrpcService.java:closeImpl(155)) - cc61ee54-953f-4ef7-b7e3-d5c043f839cb: shutdown server with port 41082 now
2019-09-12 10:10:42,290 [main] INFO  impl.PendingRequests (PendingRequests.java:sendNotLeaderResponses(202)) - bd0a38b2-0ade-4ab9-8ece-056daa626b99-PendingRequests: sendNotLeaderResponses
2019-09-12 10:10:42,291 [main] INFO  impl.StateMachineUpdater (StateMachineUpdater.java:stopAndJoin(115)) - StateMachineUpdater:bd0a38b2-0ade-4ab9-8ece-056daa626b99:group-2BCE082211B4: set stopIndex = 0
2019-09-12 10:10:42,291 [main] INFO  impl.RaftServerImpl (ServerState.java:close(394)) - bd0a38b2-0ade-4ab9-8ece-056daa626b99:group-2BCE082211B4 closes. The last applied log index is 0
2019-09-12 10:10:42,292 [bd0a38b2-0ade-4ab9-8ece-056daa626b99-SegmentedRaftLogWorker:Storage Directory /workdir/hadoop-ozone/integration-test/target/test-dir/MiniOzoneClusterImpl-aa909d9c-8689-4ca6-a6e6-f667e4f57e2f/datanode-2/data/ratis/4ca04b01-6d1f-486b-af21-2bce082211b4] INFO  segmented.SegmentedRaftLogWorker (SegmentedRaftLogWorker.java:run(313)) - bd0a38b2-0ade-4ab9-8ece-056daa626b99-SegmentedRaftLogWorker:Storage Directory /workdir/hadoop-ozone/integration-test/target/test-dir/MiniOzoneClusterImpl-aa909d9c-8689-4ca6-a6e6-f667e4f57e2f/datanode-2/data/ratis/4ca04b01-6d1f-486b-af21-2bce082211b4 was interrupted, exiting. There are 0 tasks remaining in the queue.
2019-09-12 10:10:42,293 [main] INFO  segmented.SegmentedRaftLogWorker (SegmentedRaftLogWorker.java:close(228)) - bd0a38b2-0ade-4ab9-8ece-056daa626b99-SegmentedRaftLogWorker:Storage Directory /workdir/hadoop-ozone/integration-test/target/test-dir/MiniOzoneClusterImpl-aa909d9c-8689-4ca6-a6e6-f667e4f57e2f/datanode-2/data/ratis/4ca04b01-6d1f-486b-af21-2bce082211b4 close()
2019-09-12 10:10:42,293 [ForkJoinPool.commonPool-worker-1] INFO  server.GrpcService (GrpcService.java:closeImpl(163)) - cc61ee54-953f-4ef7-b7e3-d5c043f839cb: shutdown server with port 41082 successfully
2019-09-12 10:10:42,295 [main] INFO  impl.RaftServerImpl (RaftServerImpl.java:lambda$shutdown$3(245)) - bd0a38b2-0ade-4ab9-8ece-056daa626b99: shutdown group-373D3D656E3B
2019-09-12 10:10:42,296 [main] INFO  util.JmxRegister (JmxRegister.java:unregister(73)) - Successfully un-registered JMX Bean with object name Ratis:service=RaftServer,group=group-373D3D656E3B,id=bd0a38b2-0ade-4ab9-8ece-056daa626b99
2019-09-12 10:10:42,297 [main] INFO  impl.RoleInfo (RoleInfo.java:shutdownLeaderState(104)) - bd0a38b2-0ade-4ab9-8ece-056daa626b99: shutdown LeaderState
2019-09-12 10:10:42,297 [main] INFO  impl.PendingRequests (PendingRequests.java:sendNotLeaderResponses(202)) - bd0a38b2-0ade-4ab9-8ece-056daa626b99-PendingRequests: sendNotLeaderResponses
2019-09-12 10:10:42,299 [main] INFO  impl.StateMachineUpdater (StateMachineUpdater.java:stopAndJoin(115)) - StateMachineUpdater:bd0a38b2-0ade-4ab9-8ece-056daa626b99:group-373D3D656E3B: set stopIndex = 0
2019-09-12 10:10:42,300 [main] INFO  impl.RaftServerImpl (ServerState.java:close(394)) - bd0a38b2-0ade-4ab9-8ece-056daa626b99:group-373D3D656E3B closes. The last applied log index is 0
2019-09-12 10:10:42,301 [bd0a38b2-0ade-4ab9-8ece-056daa626b99-SegmentedRaftLogWorker:Storage Directory /workdir/hadoop-ozone/integration-test/target/test-dir/MiniOzoneClusterImpl-aa909d9c-8689-4ca6-a6e6-f667e4f57e2f/datanode-2/data/ratis/b9a4acbc-06a4-4c17-9c87-373d3d656e3b] INFO  segmented.SegmentedRaftLogWorker (SegmentedRaftLogWorker.java:run(313)) - bd0a38b2-0ade-4ab9-8ece-056daa626b99-SegmentedRaftLogWorker:Storage Directory /workdir/hadoop-ozone/integration-test/target/test-dir/MiniOzoneClusterImpl-aa909d9c-8689-4ca6-a6e6-f667e4f57e2f/datanode-2/data/ratis/b9a4acbc-06a4-4c17-9c87-373d3d656e3b was interrupted, exiting. There are 0 tasks remaining in the queue.
2019-09-12 10:10:42,301 [main] INFO  segmented.SegmentedRaftLogWorker (SegmentedRaftLogWorker.java:close(228)) - bd0a38b2-0ade-4ab9-8ece-056daa626b99-SegmentedRaftLogWorker:Storage Directory /workdir/hadoop-ozone/integration-test/target/test-dir/MiniOzoneClusterImpl-aa909d9c-8689-4ca6-a6e6-f667e4f57e2f/datanode-2/data/ratis/b9a4acbc-06a4-4c17-9c87-373d3d656e3b close()
2019-09-12 10:10:42,301 [ForkJoinPool.commonPool-worker-1] INFO  utils.BackgroundService (BackgroundService.java:shutdown(148)) - Shutting down service BlockDeletingService
2019-09-12 10:10:42,304 [main] INFO  server.GrpcService (GrpcService.java:closeImpl(155)) - bd0a38b2-0ade-4ab9-8ece-056daa626b99: shutdown server with port 44836 now
2019-09-12 10:10:42,306 [main] INFO  server.GrpcService (GrpcService.java:closeImpl(163)) - bd0a38b2-0ade-4ab9-8ece-056daa626b99: shutdown server with port 44836 successfully
2019-09-12 10:10:42,309 [refreshUsed-/workdir/hadoop-ozone/integration-test/target/test-dir/MiniOzoneClusterImpl-aa909d9c-8689-4ca6-a6e6-f667e4f57e2f/datanode-1/data/containers] WARN  fs.CachingGetSpaceUsed (CachingGetSpaceUsed.java:run(183)) - Thread Interrupted waiting to refresh disk information: sleep interrupted
2019-09-12 10:10:42,311 [main] INFO  utils.BackgroundService (BackgroundService.java:shutdown(148)) - Shutting down service BlockDeletingService
2019-09-12 10:10:42,312 [refreshUsed-/workdir/hadoop-ozone/integration-test/target/test-dir/MiniOzoneClusterImpl-aa909d9c-8689-4ca6-a6e6-f667e4f57e2f/datanode-2/data/containers] WARN  fs.CachingGetSpaceUsed (CachingGetSpaceUsed.java:run(183)) - Thread Interrupted waiting to refresh disk information: sleep interrupted
2019-09-12 10:10:42,342 [main] INFO  statemachine.DatanodeStateMachine (DatanodeStateMachine.java:stopDaemon(395)) - Ozone container server stopped.
2019-09-12 10:10:42,343 [ForkJoinPool.commonPool-worker-1] INFO  statemachine.DatanodeStateMachine (DatanodeStateMachine.java:stopDaemon(395)) - Ozone container server stopped.
2019-09-12 10:10:42,347 [main] INFO  handler.ContextHandler (ContextHandler.java:doStop(910)) - Stopped o.e.j.w.WebAppContext@45801322{/,null,UNAVAILABLE}{/hddsDatanode}
2019-09-12 10:10:42,347 [ForkJoinPool.commonPool-worker-1] INFO  handler.ContextHandler (ContextHandler.java:doStop(910)) - Stopped o.e.j.w.WebAppContext@697a0948{/,null,UNAVAILABLE}{/hddsDatanode}
2019-09-12 10:10:42,348 [main] INFO  server.AbstractConnector (AbstractConnector.java:doStop(318)) - Stopped ServerConnector@756b2d90{HTTP/1.1,[http/1.1]}{0.0.0.0:0}
2019-09-12 10:10:42,348 [ForkJoinPool.commonPool-worker-1] INFO  server.AbstractConnector (AbstractConnector.java:doStop(318)) - Stopped ServerConnector@7cf63b9a{HTTP/1.1,[http/1.1]}{0.0.0.0:0}
2019-09-12 10:10:42,348 [main] INFO  handler.ContextHandler (ContextHandler.java:doStop(910)) - Stopped o.e.j.s.ServletContextHandler@25791d40{/static,jar:file:/home/user/.m2/repository/org/apache/hadoop/hadoop-hdds-container-service/0.5.0-SNAPSHOT/hadoop-hdds-container-service-0.5.0-SNAPSHOT.jar!/webapps/static,UNAVAILABLE}
2019-09-12 10:10:42,350 [ForkJoinPool.commonPool-worker-1] INFO  handler.ContextHandler (ContextHandler.java:doStop(910)) - Stopped o.e.j.s.ServletContextHandler@31834a2b{/static,jar:file:/home/user/.m2/repository/org/apache/hadoop/hadoop-hdds-container-service/0.5.0-SNAPSHOT/hadoop-hdds-container-service-0.5.0-SNAPSHOT.jar!/webapps/static,UNAVAILABLE}
2019-09-12 10:10:42,350 [main] INFO  handler.ContextHandler (ContextHandler.java:doStop(910)) - Stopped o.e.j.s.ServletContextHandler@5aa76ad2{/logs,file:///workdir/hadoop-ozone/integration-test/target/log,UNAVAILABLE}
2019-09-12 10:10:42,351 [ForkJoinPool.commonPool-worker-1] INFO  handler.ContextHandler (ContextHandler.java:doStop(910)) - Stopped o.e.j.s.ServletContextHandler@2f3928ac{/logs,file:///workdir/hadoop-ozone/integration-test/target/log,UNAVAILABLE}
2019-09-12 10:10:42,352 [ForkJoinPool.commonPool-worker-1] INFO  datanode.ObjectStoreHandler (ObjectStoreHandler.java:close(155)) - Closing ObjectStoreHandler.
2019-09-12 10:10:42,353 [main] INFO  datanode.ObjectStoreHandler (ObjectStoreHandler.java:close(155)) - Closing ObjectStoreHandler.
2019-09-12 10:10:42,353 [ForkJoinPool.commonPool-worker-1] INFO  ozone.HddsDatanodeService (HddsDatanodeService.java:stop(451)) - Stopped plug-in org.apache.hadoop.ozone.web.OzoneHddsDatanodeService@27976390
2019-09-12 10:10:42,353 [main] INFO  ozone.HddsDatanodeService (HddsDatanodeService.java:stop(451)) - Stopped plug-in org.apache.hadoop.ozone.web.OzoneHddsDatanodeService@6818fd48
2019-09-12 10:10:43,079 | INFO  | SCMAudit | user=jenkins1000 | ip=192.168.36.114 | op=SEND_HEARTBEAT {datanodeUUID=8925b11b-15ee-4d46-98cb-9cc2d2f12dc3, command=[]} | ret=SUCCESS |  
2019-09-12 10:10:43,258 [Datanode State Machine Thread - 0] INFO  statemachine.DatanodeStateMachine (DatanodeStateMachine.java:lambda$startDaemon$0(350)) - Ozone container server started.
2019-09-12 10:10:43,273 [Datanode State Machine Thread - 0] INFO  statemachine.DatanodeStateMachine (DatanodeStateMachine.java:lambda$startDaemon$0(350)) - Ozone container server started.
2019-09-12 10:10:44,078 | INFO  | SCMAudit | user=jenkins1000 | ip=192.168.36.114 | op=SEND_HEARTBEAT {datanodeUUID=8925b11b-15ee-4d46-98cb-9cc2d2f12dc3, command=[]} | ret=SUCCESS |  
2019-09-12 10:10:45,078 | INFO  | SCMAudit | user=jenkins1000 | ip=192.168.36.114 | op=SEND_HEARTBEAT {datanodeUUID=8925b11b-15ee-4d46-98cb-9cc2d2f12dc3, command=[]} | ret=SUCCESS |  
2019-09-12 10:10:46,078 | INFO  | SCMAudit | user=jenkins1000 | ip=192.168.36.114 | op=SEND_HEARTBEAT {datanodeUUID=8925b11b-15ee-4d46-98cb-9cc2d2f12dc3, command=[]} | ret=SUCCESS |  
2019-09-12 10:10:47,078 | INFO  | SCMAudit | user=jenkins1000 | ip=192.168.36.114 | op=SEND_HEARTBEAT {datanodeUUID=8925b11b-15ee-4d46-98cb-9cc2d2f12dc3, command=[]} | ret=SUCCESS |  
2019-09-12 10:10:47,354 [ForkJoinPool.commonPool-worker-1] INFO  ozoneimpl.OzoneContainer (OzoneContainer.java:stop(199)) - Attempting to stop container services.
2019-09-12 10:10:47,354 [main] INFO  ozoneimpl.OzoneContainer (OzoneContainer.java:stop(199)) - Attempting to stop container services.
2019-09-12 10:10:47,354 [ForkJoinPool.commonPool-worker-1] INFO  impl.RaftServerProxy (RaftServerProxy.java:lambda$close$4(314)) - db8f3dd9-b09f-4e42-bc8b-0b8816c9f45e: close
2019-09-12 10:10:47,354 [main] INFO  impl.RaftServerProxy (RaftServerProxy.java:lambda$close$4(314)) - c257187d-6013-41a0-a6c3-70113601683b: close
2019-09-12 10:10:47,355 [ForkJoinPool.commonPool-worker-1] INFO  impl.RaftServerImpl (RaftServerImpl.java:lambda$shutdown$3(245)) - db8f3dd9-b09f-4e42-bc8b-0b8816c9f45e: shutdown group-6902299C7D9F
2019-09-12 10:10:47,355 [main] INFO  impl.RaftServerImpl (RaftServerImpl.java:lambda$shutdown$3(245)) - c257187d-6013-41a0-a6c3-70113601683b: shutdown group-1EDBFD30CD4F
2019-09-12 10:10:47,355 [ForkJoinPool.commonPool-worker-1] INFO  util.JmxRegister (JmxRegister.java:unregister(73)) - Successfully un-registered JMX Bean with object name Ratis:service=RaftServer,group=group-6902299C7D9F,id=db8f3dd9-b09f-4e42-bc8b-0b8816c9f45e
2019-09-12 10:10:47,355 [main] INFO  util.JmxRegister (JmxRegister.java:unregister(73)) - Successfully un-registered JMX Bean with object name Ratis:service=RaftServer,group=group-1EDBFD30CD4F,id=c257187d-6013-41a0-a6c3-70113601683b
2019-09-12 10:10:47,356 [ForkJoinPool.commonPool-worker-1] INFO  impl.RoleInfo (RoleInfo.java:shutdownLeaderState(104)) - db8f3dd9-b09f-4e42-bc8b-0b8816c9f45e: shutdown LeaderState
2019-09-12 10:10:47,356 [main] INFO  impl.RoleInfo (RoleInfo.java:shutdownLeaderState(104)) - c257187d-6013-41a0-a6c3-70113601683b: shutdown LeaderState
2019-09-12 10:10:47,356 [ForkJoinPool.commonPool-worker-1] INFO  impl.PendingRequests (PendingRequests.java:sendNotLeaderResponses(202)) - db8f3dd9-b09f-4e42-bc8b-0b8816c9f45e-PendingRequests: sendNotLeaderResponses
2019-09-12 10:10:47,356 [main] INFO  impl.PendingRequests (PendingRequests.java:sendNotLeaderResponses(202)) - c257187d-6013-41a0-a6c3-70113601683b-PendingRequests: sendNotLeaderResponses
2019-09-12 10:10:47,357 [ForkJoinPool.commonPool-worker-1] INFO  impl.StateMachineUpdater (StateMachineUpdater.java:stopAndJoin(115)) - StateMachineUpdater:db8f3dd9-b09f-4e42-bc8b-0b8816c9f45e:group-6902299C7D9F: set stopIndex = 0
2019-09-12 10:10:47,357 [main] INFO  impl.StateMachineUpdater (StateMachineUpdater.java:stopAndJoin(115)) - StateMachineUpdater:c257187d-6013-41a0-a6c3-70113601683b:group-1EDBFD30CD4F: set stopIndex = 0
2019-09-12 10:10:47,357 [ForkJoinPool.commonPool-worker-1] INFO  impl.RaftServerImpl (ServerState.java:close(394)) - db8f3dd9-b09f-4e42-bc8b-0b8816c9f45e:group-6902299C7D9F closes. The last applied log index is 0
2019-09-12 10:10:47,357 [main] INFO  impl.RaftServerImpl (ServerState.java:close(394)) - c257187d-6013-41a0-a6c3-70113601683b:group-1EDBFD30CD4F closes. The last applied log index is 0
2019-09-12 10:10:47,358 [db8f3dd9-b09f-4e42-bc8b-0b8816c9f45e-SegmentedRaftLogWorker:Storage Directory /workdir/hadoop-ozone/integration-test/target/test-dir/MiniOzoneClusterImpl-aa909d9c-8689-4ca6-a6e6-f667e4f57e2f/datanode-0/data/ratis/6b0976c0-e7c9-48c0-bf23-6902299c7d9f] INFO  segmented.SegmentedRaftLogWorker (SegmentedRaftLogWorker.java:run(313)) - db8f3dd9-b09f-4e42-bc8b-0b8816c9f45e-SegmentedRaftLogWorker:Storage Directory /workdir/hadoop-ozone/integration-test/target/test-dir/MiniOzoneClusterImpl-aa909d9c-8689-4ca6-a6e6-f667e4f57e2f/datanode-0/data/ratis/6b0976c0-e7c9-48c0-bf23-6902299c7d9f was interrupted, exiting. There are 0 tasks remaining in the queue.
2019-09-12 10:10:47,358 [c257187d-6013-41a0-a6c3-70113601683b-SegmentedRaftLogWorker:Storage Directory /workdir/hadoop-ozone/integration-test/target/test-dir/MiniOzoneClusterImpl-aa909d9c-8689-4ca6-a6e6-f667e4f57e2f/datanode-4/data/ratis/a6e09a02-427a-443e-b3e6-1edbfd30cd4f] INFO  segmented.SegmentedRaftLogWorker (SegmentedRaftLogWorker.java:run(313)) - c257187d-6013-41a0-a6c3-70113601683b-SegmentedRaftLogWorker:Storage Directory /workdir/hadoop-ozone/integration-test/target/test-dir/MiniOzoneClusterImpl-aa909d9c-8689-4ca6-a6e6-f667e4f57e2f/datanode-4/data/ratis/a6e09a02-427a-443e-b3e6-1edbfd30cd4f was interrupted, exiting. There are 0 tasks remaining in the queue.
2019-09-12 10:10:47,358 [ForkJoinPool.commonPool-worker-1] INFO  segmented.SegmentedRaftLogWorker (SegmentedRaftLogWorker.java:close(228)) - db8f3dd9-b09f-4e42-bc8b-0b8816c9f45e-SegmentedRaftLogWorker:Storage Directory /workdir/hadoop-ozone/integration-test/target/test-dir/MiniOzoneClusterImpl-aa909d9c-8689-4ca6-a6e6-f667e4f57e2f/datanode-0/data/ratis/6b0976c0-e7c9-48c0-bf23-6902299c7d9f close()
2019-09-12 10:10:47,358 [main] INFO  segmented.SegmentedRaftLogWorker (SegmentedRaftLogWorker.java:close(228)) - c257187d-6013-41a0-a6c3-70113601683b-SegmentedRaftLogWorker:Storage Directory /workdir/hadoop-ozone/integration-test/target/test-dir/MiniOzoneClusterImpl-aa909d9c-8689-4ca6-a6e6-f667e4f57e2f/datanode-4/data/ratis/a6e09a02-427a-443e-b3e6-1edbfd30cd4f close()
2019-09-12 10:10:47,360 [ForkJoinPool.commonPool-worker-1] INFO  impl.RaftServerImpl (RaftServerImpl.java:lambda$shutdown$3(245)) - db8f3dd9-b09f-4e42-bc8b-0b8816c9f45e: shutdown group-8F83E17860F9
2019-09-12 10:10:47,361 [main] INFO  impl.RaftServerImpl (RaftServerImpl.java:lambda$shutdown$3(245)) - c257187d-6013-41a0-a6c3-70113601683b: shutdown group-90E503F8289E
2019-09-12 10:10:47,361 [ForkJoinPool.commonPool-worker-1] INFO  util.JmxRegister (JmxRegister.java:unregister(73)) - Successfully un-registered JMX Bean with object name Ratis:service=RaftServer,group=group-8F83E17860F9,id=db8f3dd9-b09f-4e42-bc8b-0b8816c9f45e
2019-09-12 10:10:47,361 [main] INFO  util.JmxRegister (JmxRegister.java:unregister(73)) - Successfully un-registered JMX Bean with object name Ratis:service=RaftServer,group=group-90E503F8289E,id=c257187d-6013-41a0-a6c3-70113601683b
2019-09-12 10:10:47,362 [ForkJoinPool.commonPool-worker-1] INFO  impl.RoleInfo (RoleInfo.java:shutdownLeaderState(104)) - db8f3dd9-b09f-4e42-bc8b-0b8816c9f45e: shutdown LeaderState
2019-09-12 10:10:47,362 [main] INFO  impl.RoleInfo (RoleInfo.java:shutdownLeaderState(104)) - c257187d-6013-41a0-a6c3-70113601683b: shutdown LeaderState
2019-09-12 10:10:47,362 [ForkJoinPool.commonPool-worker-1] INFO  impl.PendingRequests (PendingRequests.java:sendNotLeaderResponses(202)) - db8f3dd9-b09f-4e42-bc8b-0b8816c9f45e-PendingRequests: sendNotLeaderResponses
2019-09-12 10:10:47,362 [main] INFO  impl.PendingRequests (PendingRequests.java:sendNotLeaderResponses(202)) - c257187d-6013-41a0-a6c3-70113601683b-PendingRequests: sendNotLeaderResponses
2019-09-12 10:10:47,363 [ForkJoinPool.commonPool-worker-1] INFO  impl.StateMachineUpdater (StateMachineUpdater.java:stopAndJoin(115)) - StateMachineUpdater:db8f3dd9-b09f-4e42-bc8b-0b8816c9f45e:group-8F83E17860F9: set stopIndex = 0
2019-09-12 10:10:47,363 [main] INFO  impl.StateMachineUpdater (StateMachineUpdater.java:stopAndJoin(115)) - StateMachineUpdater:c257187d-6013-41a0-a6c3-70113601683b:group-90E503F8289E: set stopIndex = 0
2019-09-12 10:10:47,363 [ForkJoinPool.commonPool-worker-1] INFO  impl.RaftServerImpl (ServerState.java:close(394)) - db8f3dd9-b09f-4e42-bc8b-0b8816c9f45e:group-8F83E17860F9 closes. The last applied log index is 0
2019-09-12 10:10:47,363 [main] INFO  impl.RaftServerImpl (ServerState.java:close(394)) - c257187d-6013-41a0-a6c3-70113601683b:group-90E503F8289E closes. The last applied log index is 0
2019-09-12 10:10:47,364 [db8f3dd9-b09f-4e42-bc8b-0b8816c9f45e-SegmentedRaftLogWorker:Storage Directory /workdir/hadoop-ozone/integration-test/target/test-dir/MiniOzoneClusterImpl-aa909d9c-8689-4ca6-a6e6-f667e4f57e2f/datanode-0/data/ratis/4049a850-fb33-4dac-a0dd-8f83e17860f9] INFO  segmented.SegmentedRaftLogWorker (SegmentedRaftLogWorker.java:run(313)) - db8f3dd9-b09f-4e42-bc8b-0b8816c9f45e-SegmentedRaftLogWorker:Storage Directory /workdir/hadoop-ozone/integration-test/target/test-dir/MiniOzoneClusterImpl-aa909d9c-8689-4ca6-a6e6-f667e4f57e2f/datanode-0/data/ratis/4049a850-fb33-4dac-a0dd-8f83e17860f9 was interrupted, exiting. There are 0 tasks remaining in the queue.
2019-09-12 10:10:47,364 [c257187d-6013-41a0-a6c3-70113601683b-SegmentedRaftLogWorker:Storage Directory /workdir/hadoop-ozone/integration-test/target/test-dir/MiniOzoneClusterImpl-aa909d9c-8689-4ca6-a6e6-f667e4f57e2f/datanode-4/data/ratis/5eb666e3-3bd4-40e0-a510-90e503f8289e] INFO  segmented.SegmentedRaftLogWorker (SegmentedRaftLogWorker.java:run(313)) - c257187d-6013-41a0-a6c3-70113601683b-SegmentedRaftLogWorker:Storage Directory /workdir/hadoop-ozone/integration-test/target/test-dir/MiniOzoneClusterImpl-aa909d9c-8689-4ca6-a6e6-f667e4f57e2f/datanode-4/data/ratis/5eb666e3-3bd4-40e0-a510-90e503f8289e was interrupted, exiting. There are 0 tasks remaining in the queue.
2019-09-12 10:10:47,364 [main] INFO  segmented.SegmentedRaftLogWorker (SegmentedRaftLogWorker.java:close(228)) - c257187d-6013-41a0-a6c3-70113601683b-SegmentedRaftLogWorker:Storage Directory /workdir/hadoop-ozone/integration-test/target/test-dir/MiniOzoneClusterImpl-aa909d9c-8689-4ca6-a6e6-f667e4f57e2f/datanode-4/data/ratis/5eb666e3-3bd4-40e0-a510-90e503f8289e close()
2019-09-12 10:10:47,365 [main] INFO  impl.RaftServerImpl (RaftServerImpl.java:lambda$shutdown$3(245)) - c257187d-6013-41a0-a6c3-70113601683b: shutdown group-4BADC00B754B
2019-09-12 10:10:47,365 [main] INFO  util.JmxRegister (JmxRegister.java:unregister(73)) - Successfully un-registered JMX Bean with object name Ratis:service=RaftServer,group=group-4BADC00B754B,id=c257187d-6013-41a0-a6c3-70113601683b
2019-09-12 10:10:47,366 [main] INFO  impl.RoleInfo (RoleInfo.java:shutdownLeaderState(104)) - c257187d-6013-41a0-a6c3-70113601683b: shutdown LeaderState
2019-09-12 10:10:47,366 [main] INFO  impl.PendingRequests (PendingRequests.java:sendNotLeaderResponses(202)) - c257187d-6013-41a0-a6c3-70113601683b-PendingRequests: sendNotLeaderResponses
2019-09-12 10:10:47,366 [main] INFO  impl.StateMachineUpdater (StateMachineUpdater.java:stopAndJoin(115)) - StateMachineUpdater:c257187d-6013-41a0-a6c3-70113601683b:group-4BADC00B754B: set stopIndex = 0
2019-09-12 10:10:47,366 [main] INFO  impl.RaftServerImpl (ServerState.java:close(394)) - c257187d-6013-41a0-a6c3-70113601683b:group-4BADC00B754B closes. The last applied log index is 0
2019-09-12 10:10:47,367 [c257187d-6013-41a0-a6c3-70113601683b-SegmentedRaftLogWorker:Storage Directory /workdir/hadoop-ozone/integration-test/target/test-dir/MiniOzoneClusterImpl-aa909d9c-8689-4ca6-a6e6-f667e4f57e2f/datanode-4/data/ratis/83bb6480-4f28-44b4-acf8-4badc00b754b] INFO  segmented.SegmentedRaftLogWorker (SegmentedRaftLogWorker.java:run(313)) - c257187d-6013-41a0-a6c3-70113601683b-SegmentedRaftLogWorker:Storage Directory /workdir/hadoop-ozone/integration-test/target/test-dir/MiniOzoneClusterImpl-aa909d9c-8689-4ca6-a6e6-f667e4f57e2f/datanode-4/data/ratis/83bb6480-4f28-44b4-acf8-4badc00b754b was interrupted, exiting. There are 0 tasks remaining in the queue.
2019-09-12 10:10:47,367 [main] INFO  segmented.SegmentedRaftLogWorker (SegmentedRaftLogWorker.java:close(228)) - c257187d-6013-41a0-a6c3-70113601683b-SegmentedRaftLogWorker:Storage Directory /workdir/hadoop-ozone/integration-test/target/test-dir/MiniOzoneClusterImpl-aa909d9c-8689-4ca6-a6e6-f667e4f57e2f/datanode-4/data/ratis/83bb6480-4f28-44b4-acf8-4badc00b754b close()
2019-09-12 10:10:47,368 [main] INFO  impl.RaftServerImpl (RaftServerImpl.java:lambda$shutdown$3(245)) - c257187d-6013-41a0-a6c3-70113601683b: shutdown group-3D3E53DC3FA1
2019-09-12 10:10:47,368 [main] INFO  util.JmxRegister (JmxRegister.java:unregister(73)) - Successfully un-registered JMX Bean with object name Ratis:service=RaftServer,group=group-3D3E53DC3FA1,id=c257187d-6013-41a0-a6c3-70113601683b
2019-09-12 10:10:47,368 [main] INFO  impl.RoleInfo (RoleInfo.java:shutdownLeaderState(104)) - c257187d-6013-41a0-a6c3-70113601683b: shutdown LeaderState
2019-09-12 10:10:47,369 [main] INFO  impl.PendingRequests (PendingRequests.java:sendNotLeaderResponses(202)) - c257187d-6013-41a0-a6c3-70113601683b-PendingRequests: sendNotLeaderResponses
2019-09-12 10:10:47,369 [main] INFO  impl.StateMachineUpdater (StateMachineUpdater.java:stopAndJoin(115)) - StateMachineUpdater:c257187d-6013-41a0-a6c3-70113601683b:group-3D3E53DC3FA1: set stopIndex = 0
2019-09-12 10:10:47,369 [main] INFO  impl.RaftServerImpl (ServerState.java:close(394)) - c257187d-6013-41a0-a6c3-70113601683b:group-3D3E53DC3FA1 closes. The last applied log index is 0
2019-09-12 10:10:47,369 [c257187d-6013-41a0-a6c3-70113601683b-SegmentedRaftLogWorker:Storage Directory /workdir/hadoop-ozone/integration-test/target/test-dir/MiniOzoneClusterImpl-aa909d9c-8689-4ca6-a6e6-f667e4f57e2f/datanode-4/data/ratis/d920007f-0706-4602-a040-3d3e53dc3fa1] INFO  segmented.SegmentedRaftLogWorker (SegmentedRaftLogWorker.java:run(313)) - c257187d-6013-41a0-a6c3-70113601683b-SegmentedRaftLogWorker:Storage Directory /workdir/hadoop-ozone/integration-test/target/test-dir/MiniOzoneClusterImpl-aa909d9c-8689-4ca6-a6e6-f667e4f57e2f/datanode-4/data/ratis/d920007f-0706-4602-a040-3d3e53dc3fa1 was interrupted, exiting. There are 0 tasks remaining in the queue.
2019-09-12 10:10:47,370 [main] INFO  segmented.SegmentedRaftLogWorker (SegmentedRaftLogWorker.java:close(228)) - c257187d-6013-41a0-a6c3-70113601683b-SegmentedRaftLogWorker:Storage Directory /workdir/hadoop-ozone/integration-test/target/test-dir/MiniOzoneClusterImpl-aa909d9c-8689-4ca6-a6e6-f667e4f57e2f/datanode-4/data/ratis/d920007f-0706-4602-a040-3d3e53dc3fa1 close()
2019-09-12 10:10:47,370 [ForkJoinPool.commonPool-worker-1] INFO  segmented.SegmentedRaftLogWorker (SegmentedRaftLogWorker.java:close(228)) - db8f3dd9-b09f-4e42-bc8b-0b8816c9f45e-SegmentedRaftLogWorker:Storage Directory /workdir/hadoop-ozone/integration-test/target/test-dir/MiniOzoneClusterImpl-aa909d9c-8689-4ca6-a6e6-f667e4f57e2f/datanode-0/data/ratis/4049a850-fb33-4dac-a0dd-8f83e17860f9 close()
2019-09-12 10:10:47,371 [main] INFO  impl.RaftServerImpl (RaftServerImpl.java:lambda$shutdown$3(245)) - c257187d-6013-41a0-a6c3-70113601683b: shutdown group-862F6AC95EB3
2019-09-12 10:10:47,372 [ForkJoinPool.commonPool-worker-1] INFO  impl.RaftServerImpl (RaftServerImpl.java:lambda$shutdown$3(245)) - db8f3dd9-b09f-4e42-bc8b-0b8816c9f45e: shutdown group-BE3D1C967824
2019-09-12 10:10:47,372 [main] INFO  util.JmxRegister (JmxRegister.java:unregister(73)) - Successfully un-registered JMX Bean with object name Ratis:service=RaftServer,group=group-862F6AC95EB3,id=c257187d-6013-41a0-a6c3-70113601683b
2019-09-12 10:10:47,373 [ForkJoinPool.commonPool-worker-1] INFO  util.JmxRegister (JmxRegister.java:unregister(73)) - Successfully un-registered JMX Bean with object name Ratis:service=RaftServer,group=group-BE3D1C967824,id=db8f3dd9-b09f-4e42-bc8b-0b8816c9f45e
2019-09-12 10:10:47,373 [main] INFO  impl.RoleInfo (RoleInfo.java:shutdownLeaderState(104)) - c257187d-6013-41a0-a6c3-70113601683b: shutdown LeaderState
2019-09-12 10:10:47,373 [ForkJoinPool.commonPool-worker-1] INFO  impl.RoleInfo (RoleInfo.java:shutdownLeaderState(104)) - db8f3dd9-b09f-4e42-bc8b-0b8816c9f45e: shutdown LeaderState
2019-09-12 10:10:47,373 [main] INFO  impl.PendingRequests (PendingRequests.java:sendNotLeaderResponses(202)) - c257187d-6013-41a0-a6c3-70113601683b-PendingRequests: sendNotLeaderResponses
2019-09-12 10:10:47,374 [ForkJoinPool.commonPool-worker-1] INFO  impl.PendingRequests (PendingRequests.java:sendNotLeaderResponses(202)) - db8f3dd9-b09f-4e42-bc8b-0b8816c9f45e-PendingRequests: sendNotLeaderResponses
2019-09-12 10:10:47,374 [main] INFO  impl.StateMachineUpdater (StateMachineUpdater.java:stopAndJoin(115)) - StateMachineUpdater:c257187d-6013-41a0-a6c3-70113601683b:group-862F6AC95EB3: set stopIndex = 0
2019-09-12 10:10:47,374 [ForkJoinPool.commonPool-worker-1] INFO  impl.StateMachineUpdater (StateMachineUpdater.java:stopAndJoin(115)) - StateMachineUpdater:db8f3dd9-b09f-4e42-bc8b-0b8816c9f45e:group-BE3D1C967824: set stopIndex = 0
2019-09-12 10:10:47,374 [main] INFO  impl.RaftServerImpl (ServerState.java:close(394)) - c257187d-6013-41a0-a6c3-70113601683b:group-862F6AC95EB3 closes. The last applied log index is 0
2019-09-12 10:10:47,374 [ForkJoinPool.commonPool-worker-1] INFO  impl.RaftServerImpl (ServerState.java:close(394)) - db8f3dd9-b09f-4e42-bc8b-0b8816c9f45e:group-BE3D1C967824 closes. The last applied log index is 0
2019-09-12 10:10:47,375 [c257187d-6013-41a0-a6c3-70113601683b-SegmentedRaftLogWorker:Storage Directory /workdir/hadoop-ozone/integration-test/target/test-dir/MiniOzoneClusterImpl-aa909d9c-8689-4ca6-a6e6-f667e4f57e2f/datanode-4/data/ratis/eb3b0a67-6baf-4916-bdee-862f6ac95eb3] INFO  segmented.SegmentedRaftLogWorker (SegmentedRaftLogWorker.java:run(313)) - c257187d-6013-41a0-a6c3-70113601683b-SegmentedRaftLogWorker:Storage Directory /workdir/hadoop-ozone/integration-test/target/test-dir/MiniOzoneClusterImpl-aa909d9c-8689-4ca6-a6e6-f667e4f57e2f/datanode-4/data/ratis/eb3b0a67-6baf-4916-bdee-862f6ac95eb3 was interrupted, exiting. There are 0 tasks remaining in the queue.
2019-09-12 10:10:47,375 [db8f3dd9-b09f-4e42-bc8b-0b8816c9f45e-SegmentedRaftLogWorker:Storage Directory /workdir/hadoop-ozone/integration-test/target/test-dir/MiniOzoneClusterImpl-aa909d9c-8689-4ca6-a6e6-f667e4f57e2f/datanode-0/data/ratis/9db6e833-bd58-4356-b88f-be3d1c967824] INFO  segmented.SegmentedRaftLogWorker (SegmentedRaftLogWorker.java:run(313)) - db8f3dd9-b09f-4e42-bc8b-0b8816c9f45e-SegmentedRaftLogWorker:Storage Directory /workdir/hadoop-ozone/integration-test/target/test-dir/MiniOzoneClusterImpl-aa909d9c-8689-4ca6-a6e6-f667e4f57e2f/datanode-0/data/ratis/9db6e833-bd58-4356-b88f-be3d1c967824 was interrupted, exiting. There are 0 tasks remaining in the queue.
2019-09-12 10:10:47,375 [main] INFO  segmented.SegmentedRaftLogWorker (SegmentedRaftLogWorker.java:close(228)) - c257187d-6013-41a0-a6c3-70113601683b-SegmentedRaftLogWorker:Storage Directory /workdir/hadoop-ozone/integration-test/target/test-dir/MiniOzoneClusterImpl-aa909d9c-8689-4ca6-a6e6-f667e4f57e2f/datanode-4/data/ratis/eb3b0a67-6baf-4916-bdee-862f6ac95eb3 close()
2019-09-12 10:10:47,375 [ForkJoinPool.commonPool-worker-1] INFO  segmented.SegmentedRaftLogWorker (SegmentedRaftLogWorker.java:close(228)) - db8f3dd9-b09f-4e42-bc8b-0b8816c9f45e-SegmentedRaftLogWorker:Storage Directory /workdir/hadoop-ozone/integration-test/target/test-dir/MiniOzoneClusterImpl-aa909d9c-8689-4ca6-a6e6-f667e4f57e2f/datanode-0/data/ratis/9db6e833-bd58-4356-b88f-be3d1c967824 close()
2019-09-12 10:10:47,376 [main] INFO  impl.RaftServerImpl (RaftServerImpl.java:lambda$shutdown$3(245)) - c257187d-6013-41a0-a6c3-70113601683b: shutdown group-3356E604FB5C
2019-09-12 10:10:47,381 [ForkJoinPool.commonPool-worker-1] INFO  impl.RaftServerImpl (RaftServerImpl.java:lambda$shutdown$3(245)) - db8f3dd9-b09f-4e42-bc8b-0b8816c9f45e: shutdown group-789D389AF1FC
2019-09-12 10:10:47,381 [main] INFO  util.JmxRegister (JmxRegister.java:unregister(73)) - Successfully un-registered JMX Bean with object name Ratis:service=RaftServer,group=group-3356E604FB5C,id=c257187d-6013-41a0-a6c3-70113601683b
2019-09-12 10:10:47,381 [ForkJoinPool.commonPool-worker-1] INFO  util.JmxRegister (JmxRegister.java:unregister(73)) - Successfully un-registered JMX Bean with object name Ratis:service=RaftServer,group=group-789D389AF1FC,id=db8f3dd9-b09f-4e42-bc8b-0b8816c9f45e
2019-09-12 10:10:47,381 [main] INFO  impl.RoleInfo (RoleInfo.java:shutdownLeaderState(104)) - c257187d-6013-41a0-a6c3-70113601683b: shutdown LeaderState
2019-09-12 10:10:47,382 [ForkJoinPool.commonPool-worker-1] INFO  impl.RoleInfo (RoleInfo.java:shutdownLeaderState(104)) - db8f3dd9-b09f-4e42-bc8b-0b8816c9f45e: shutdown LeaderState
2019-09-12 10:10:47,382 [main] INFO  impl.PendingRequests (PendingRequests.java:sendNotLeaderResponses(202)) - c257187d-6013-41a0-a6c3-70113601683b-PendingRequests: sendNotLeaderResponses
2019-09-12 10:10:47,382 [ForkJoinPool.commonPool-worker-1] INFO  impl.PendingRequests (PendingRequests.java:sendNotLeaderResponses(202)) - db8f3dd9-b09f-4e42-bc8b-0b8816c9f45e-PendingRequests: sendNotLeaderResponses
2019-09-12 10:10:47,382 [main] INFO  impl.StateMachineUpdater (StateMachineUpdater.java:stopAndJoin(115)) - StateMachineUpdater:c257187d-6013-41a0-a6c3-70113601683b:group-3356E604FB5C: set stopIndex = 0
2019-09-12 10:10:47,383 [ForkJoinPool.commonPool-worker-1] INFO  impl.StateMachineUpdater (StateMachineUpdater.java:stopAndJoin(115)) - StateMachineUpdater:db8f3dd9-b09f-4e42-bc8b-0b8816c9f45e:group-789D389AF1FC: set stopIndex = 0
2019-09-12 10:10:47,383 [main] INFO  impl.RaftServerImpl (ServerState.java:close(394)) - c257187d-6013-41a0-a6c3-70113601683b:group-3356E604FB5C closes. The last applied log index is 0
2019-09-12 10:10:47,383 [ForkJoinPool.commonPool-worker-1] INFO  impl.RaftServerImpl (ServerState.java:close(394)) - db8f3dd9-b09f-4e42-bc8b-0b8816c9f45e:group-789D389AF1FC closes. The last applied log index is 0
2019-09-12 10:10:47,383 [c257187d-6013-41a0-a6c3-70113601683b-SegmentedRaftLogWorker:Storage Directory /workdir/hadoop-ozone/integration-test/target/test-dir/MiniOzoneClusterImpl-aa909d9c-8689-4ca6-a6e6-f667e4f57e2f/datanode-4/data/ratis/04bc9588-4094-41d0-8111-3356e604fb5c] INFO  segmented.SegmentedRaftLogWorker (SegmentedRaftLogWorker.java:run(313)) - c257187d-6013-41a0-a6c3-70113601683b-SegmentedRaftLogWorker:Storage Directory /workdir/hadoop-ozone/integration-test/target/test-dir/MiniOzoneClusterImpl-aa909d9c-8689-4ca6-a6e6-f667e4f57e2f/datanode-4/data/ratis/04bc9588-4094-41d0-8111-3356e604fb5c was interrupted, exiting. There are 0 tasks remaining in the queue.
2019-09-12 10:10:47,384 [db8f3dd9-b09f-4e42-bc8b-0b8816c9f45e-SegmentedRaftLogWorker:Storage Directory /workdir/hadoop-ozone/integration-test/target/test-dir/MiniOzoneClusterImpl-aa909d9c-8689-4ca6-a6e6-f667e4f57e2f/datanode-0/data/ratis/cb2e6d12-cfad-47b8-bc4f-789d389af1fc] INFO  segmented.SegmentedRaftLogWorker (SegmentedRaftLogWorker.java:run(313)) - db8f3dd9-b09f-4e42-bc8b-0b8816c9f45e-SegmentedRaftLogWorker:Storage Directory /workdir/hadoop-ozone/integration-test/target/test-dir/MiniOzoneClusterImpl-aa909d9c-8689-4ca6-a6e6-f667e4f57e2f/datanode-0/data/ratis/cb2e6d12-cfad-47b8-bc4f-789d389af1fc was interrupted, exiting. There are 0 tasks remaining in the queue.
2019-09-12 10:10:47,384 [main] INFO  segmented.SegmentedRaftLogWorker (SegmentedRaftLogWorker.java:close(228)) - c257187d-6013-41a0-a6c3-70113601683b-SegmentedRaftLogWorker:Storage Directory /workdir/hadoop-ozone/integration-test/target/test-dir/MiniOzoneClusterImpl-aa909d9c-8689-4ca6-a6e6-f667e4f57e2f/datanode-4/data/ratis/04bc9588-4094-41d0-8111-3356e604fb5c close()
2019-09-12 10:10:47,384 [ForkJoinPool.commonPool-worker-1] INFO  segmented.SegmentedRaftLogWorker (SegmentedRaftLogWorker.java:close(228)) - db8f3dd9-b09f-4e42-bc8b-0b8816c9f45e-SegmentedRaftLogWorker:Storage Directory /workdir/hadoop-ozone/integration-test/target/test-dir/MiniOzoneClusterImpl-aa909d9c-8689-4ca6-a6e6-f667e4f57e2f/datanode-0/data/ratis/cb2e6d12-cfad-47b8-bc4f-789d389af1fc close()
2019-09-12 10:10:47,384 [main] INFO  server.GrpcService (GrpcService.java:closeImpl(155)) - c257187d-6013-41a0-a6c3-70113601683b: shutdown server with port 44904 now
2019-09-12 10:10:47,384 [ForkJoinPool.commonPool-worker-1] INFO  impl.RaftServerImpl (RaftServerImpl.java:lambda$shutdown$3(245)) - db8f3dd9-b09f-4e42-bc8b-0b8816c9f45e: shutdown group-75AE87A5836B
2019-09-12 10:10:47,385 [main] INFO  server.GrpcService (GrpcService.java:closeImpl(163)) - c257187d-6013-41a0-a6c3-70113601683b: shutdown server with port 44904 successfully
2019-09-12 10:10:47,385 [ForkJoinPool.commonPool-worker-1] INFO  util.JmxRegister (JmxRegister.java:unregister(73)) - Successfully un-registered JMX Bean with object name Ratis:service=RaftServer,group=group-75AE87A5836B,id=db8f3dd9-b09f-4e42-bc8b-0b8816c9f45e
2019-09-12 10:10:47,386 [ForkJoinPool.commonPool-worker-1] INFO  impl.RoleInfo (RoleInfo.java:shutdownLeaderState(104)) - db8f3dd9-b09f-4e42-bc8b-0b8816c9f45e: shutdown LeaderState
2019-09-12 10:10:47,386 [ForkJoinPool.commonPool-worker-1] INFO  impl.PendingRequests (PendingRequests.java:sendNotLeaderResponses(202)) - db8f3dd9-b09f-4e42-bc8b-0b8816c9f45e-PendingRequests: sendNotLeaderResponses
2019-09-12 10:10:47,387 [ForkJoinPool.commonPool-worker-1] INFO  impl.StateMachineUpdater (StateMachineUpdater.java:stopAndJoin(115)) - StateMachineUpdater:db8f3dd9-b09f-4e42-bc8b-0b8816c9f45e:group-75AE87A5836B: set stopIndex = 0
2019-09-12 10:10:47,387 [ForkJoinPool.commonPool-worker-1] INFO  impl.RaftServerImpl (ServerState.java:close(394)) - db8f3dd9-b09f-4e42-bc8b-0b8816c9f45e:group-75AE87A5836B closes. The last applied log index is 0
2019-09-12 10:10:47,387 [db8f3dd9-b09f-4e42-bc8b-0b8816c9f45e-SegmentedRaftLogWorker:Storage Directory /workdir/hadoop-ozone/integration-test/target/test-dir/MiniOzoneClusterImpl-aa909d9c-8689-4ca6-a6e6-f667e4f57e2f/datanode-0/data/ratis/be1a5ec0-1da5-4cda-99da-75ae87a5836b] INFO  segmented.SegmentedRaftLogWorker (SegmentedRaftLogWorker.java:run(313)) - db8f3dd9-b09f-4e42-bc8b-0b8816c9f45e-SegmentedRaftLogWorker:Storage Directory /workdir/hadoop-ozone/integration-test/target/test-dir/MiniOzoneClusterImpl-aa909d9c-8689-4ca6-a6e6-f667e4f57e2f/datanode-0/data/ratis/be1a5ec0-1da5-4cda-99da-75ae87a5836b was interrupted, exiting. There are 0 tasks remaining in the queue.
2019-09-12 10:10:47,387 [ForkJoinPool.commonPool-worker-1] INFO  segmented.SegmentedRaftLogWorker (SegmentedRaftLogWorker.java:close(228)) - db8f3dd9-b09f-4e42-bc8b-0b8816c9f45e-SegmentedRaftLogWorker:Storage Directory /workdir/hadoop-ozone/integration-test/target/test-dir/MiniOzoneClusterImpl-aa909d9c-8689-4ca6-a6e6-f667e4f57e2f/datanode-0/data/ratis/be1a5ec0-1da5-4cda-99da-75ae87a5836b close()
2019-09-12 10:10:47,388 [ForkJoinPool.commonPool-worker-1] INFO  impl.RaftServerImpl (RaftServerImpl.java:lambda$shutdown$3(245)) - db8f3dd9-b09f-4e42-bc8b-0b8816c9f45e: shutdown group-9A81677653ED
2019-09-12 10:10:47,388 [ForkJoinPool.commonPool-worker-1] INFO  util.JmxRegister (JmxRegister.java:unregister(73)) - Successfully un-registered JMX Bean with object name Ratis:service=RaftServer,group=group-9A81677653ED,id=db8f3dd9-b09f-4e42-bc8b-0b8816c9f45e
2019-09-12 10:10:47,388 [ForkJoinPool.commonPool-worker-1] INFO  impl.RoleInfo (RoleInfo.java:shutdownLeaderState(104)) - db8f3dd9-b09f-4e42-bc8b-0b8816c9f45e: shutdown LeaderState
2019-09-12 10:10:47,388 [ForkJoinPool.commonPool-worker-1] INFO  impl.PendingRequests (PendingRequests.java:sendNotLeaderResponses(202)) - db8f3dd9-b09f-4e42-bc8b-0b8816c9f45e-PendingRequests: sendNotLeaderResponses
2019-09-12 10:10:47,389 [ForkJoinPool.commonPool-worker-1] INFO  impl.StateMachineUpdater (StateMachineUpdater.java:stopAndJoin(115)) - StateMachineUpdater:db8f3dd9-b09f-4e42-bc8b-0b8816c9f45e:group-9A81677653ED: set stopIndex = 0
2019-09-12 10:10:47,389 [ForkJoinPool.commonPool-worker-1] INFO  impl.RaftServerImpl (ServerState.java:close(394)) - db8f3dd9-b09f-4e42-bc8b-0b8816c9f45e:group-9A81677653ED closes. The last applied log index is 0
2019-09-12 10:10:47,389 [db8f3dd9-b09f-4e42-bc8b-0b8816c9f45e-SegmentedRaftLogWorker:Storage Directory /workdir/hadoop-ozone/integration-test/target/test-dir/MiniOzoneClusterImpl-aa909d9c-8689-4ca6-a6e6-f667e4f57e2f/datanode-0/data/ratis/3b1c94d0-4c95-4d76-bf0a-9a81677653ed] INFO  segmented.SegmentedRaftLogWorker (SegmentedRaftLogWorker.java:run(313)) - db8f3dd9-b09f-4e42-bc8b-0b8816c9f45e-SegmentedRaftLogWorker:Storage Directory /workdir/hadoop-ozone/integration-test/target/test-dir/MiniOzoneClusterImpl-aa909d9c-8689-4ca6-a6e6-f667e4f57e2f/datanode-0/data/ratis/3b1c94d0-4c95-4d76-bf0a-9a81677653ed was interrupted, exiting. There are 0 tasks remaining in the queue.
2019-09-12 10:10:47,389 [ForkJoinPool.commonPool-worker-1] INFO  segmented.SegmentedRaftLogWorker (SegmentedRaftLogWorker.java:close(228)) - db8f3dd9-b09f-4e42-bc8b-0b8816c9f45e-SegmentedRaftLogWorker:Storage Directory /workdir/hadoop-ozone/integration-test/target/test-dir/MiniOzoneClusterImpl-aa909d9c-8689-4ca6-a6e6-f667e4f57e2f/datanode-0/data/ratis/3b1c94d0-4c95-4d76-bf0a-9a81677653ed close()
2019-09-12 10:10:47,390 [ForkJoinPool.commonPool-worker-1] INFO  server.GrpcService (GrpcService.java:closeImpl(155)) - db8f3dd9-b09f-4e42-bc8b-0b8816c9f45e: shutdown server with port 36560 now
2019-09-12 10:10:47,391 [ForkJoinPool.commonPool-worker-1] INFO  server.GrpcService (GrpcService.java:closeImpl(163)) - db8f3dd9-b09f-4e42-bc8b-0b8816c9f45e: shutdown server with port 36560 successfully
2019-09-12 10:10:47,395 [main] INFO  utils.BackgroundService (BackgroundService.java:shutdown(148)) - Shutting down service BlockDeletingService
2019-09-12 10:10:47,398 [refreshUsed-/workdir/hadoop-ozone/integration-test/target/test-dir/MiniOzoneClusterImpl-aa909d9c-8689-4ca6-a6e6-f667e4f57e2f/datanode-4/data/containers] WARN  fs.CachingGetSpaceUsed (CachingGetSpaceUsed.java:run(183)) - Thread Interrupted waiting to refresh disk information: sleep interrupted
2019-09-12 10:10:47,406 [ForkJoinPool.commonPool-worker-1] INFO  utils.BackgroundService (BackgroundService.java:shutdown(148)) - Shutting down service BlockDeletingService
2019-09-12 10:10:47,407 [refreshUsed-/workdir/hadoop-ozone/integration-test/target/test-dir/MiniOzoneClusterImpl-aa909d9c-8689-4ca6-a6e6-f667e4f57e2f/datanode-0/data/containers] WARN  fs.CachingGetSpaceUsed (CachingGetSpaceUsed.java:run(183)) - Thread Interrupted waiting to refresh disk information: sleep interrupted
2019-09-12 10:10:47,415 [main] INFO  statemachine.DatanodeStateMachine (DatanodeStateMachine.java:stopDaemon(395)) - Ozone container server stopped.
2019-09-12 10:10:47,416 [main] INFO  handler.ContextHandler (ContextHandler.java:doStop(910)) - Stopped o.e.j.w.WebAppContext@621f23ac{/,null,UNAVAILABLE}{/hddsDatanode}
2019-09-12 10:10:47,417 [main] INFO  server.AbstractConnector (AbstractConnector.java:doStop(318)) - Stopped ServerConnector@7761e342{HTTP/1.1,[http/1.1]}{0.0.0.0:0}
2019-09-12 10:10:47,417 [main] INFO  handler.ContextHandler (ContextHandler.java:doStop(910)) - Stopped o.e.j.s.ServletContextHandler@37ca3ca8{/static,jar:file:/home/user/.m2/repository/org/apache/hadoop/hadoop-hdds-container-service/0.5.0-SNAPSHOT/hadoop-hdds-container-service-0.5.0-SNAPSHOT.jar!/webapps/static,UNAVAILABLE}
2019-09-12 10:10:47,417 [main] INFO  handler.ContextHandler (ContextHandler.java:doStop(910)) - Stopped o.e.j.s.ServletContextHandler@7d50f2a8{/logs,file:///workdir/hadoop-ozone/integration-test/target/log,UNAVAILABLE}
2019-09-12 10:10:47,418 [main] INFO  datanode.ObjectStoreHandler (ObjectStoreHandler.java:close(155)) - Closing ObjectStoreHandler.
2019-09-12 10:10:47,419 [main] INFO  ozone.HddsDatanodeService (HddsDatanodeService.java:stop(451)) - Stopped plug-in org.apache.hadoop.ozone.web.OzoneHddsDatanodeService@6cc48a17
2019-09-12 10:10:47,424 [ForkJoinPool.commonPool-worker-1] INFO  statemachine.DatanodeStateMachine (DatanodeStateMachine.java:stopDaemon(395)) - Ozone container server stopped.
2019-09-12 10:10:47,427 [ForkJoinPool.commonPool-worker-1] INFO  handler.ContextHandler (ContextHandler.java:doStop(910)) - Stopped o.e.j.w.WebAppContext@38ed139b{/,null,UNAVAILABLE}{/hddsDatanode}
2019-09-12 10:10:47,428 [ForkJoinPool.commonPool-worker-1] INFO  server.AbstractConnector (AbstractConnector.java:doStop(318)) - Stopped ServerConnector@a5272be{HTTP/1.1,[http/1.1]}{0.0.0.0:0}
2019-09-12 10:10:47,429 [ForkJoinPool.commonPool-worker-1] INFO  handler.ContextHandler (ContextHandler.java:doStop(910)) - Stopped o.e.j.s.ServletContextHandler@561b7d53{/static,jar:file:/home/user/.m2/repository/org/apache/hadoop/hadoop-hdds-container-service/0.5.0-SNAPSHOT/hadoop-hdds-container-service-0.5.0-SNAPSHOT.jar!/webapps/static,UNAVAILABLE}
2019-09-12 10:10:47,430 [ForkJoinPool.commonPool-worker-1] INFO  handler.ContextHandler (ContextHandler.java:doStop(910)) - Stopped o.e.j.s.ServletContextHandler@6c0e13b7{/logs,file:///workdir/hadoop-ozone/integration-test/target/log,UNAVAILABLE}
2019-09-12 10:10:48,077 [Datanode State Machine Thread - 0] INFO  statemachine.DatanodeStateMachine (DatanodeStateMachine.java:lambda$startDaemon$0(350)) - Ozone container server started.
2019-09-12 10:10:52,419 [main] INFO  ozoneimpl.OzoneContainer (OzoneContainer.java:stop(199)) - Attempting to stop container services.
2019-09-12 10:10:52,420 [main] INFO  impl.RaftServerProxy (RaftServerProxy.java:lambda$close$4(314)) - 8925b11b-15ee-4d46-98cb-9cc2d2f12dc3: close
2019-09-12 10:10:52,421 [main] INFO  impl.RaftServerImpl (RaftServerImpl.java:lambda$shutdown$3(245)) - 8925b11b-15ee-4d46-98cb-9cc2d2f12dc3: shutdown group-ADE2825270AD
2019-09-12 10:10:52,421 [ForkJoinPool.commonPool-worker-0] INFO  impl.RaftServerImpl (RaftServerImpl.java:lambda$shutdown$3(245)) - 8925b11b-15ee-4d46-98cb-9cc2d2f12dc3: shutdown group-728ADB1DD4F8
2019-09-12 10:10:52,421 [main] INFO  util.JmxRegister (JmxRegister.java:unregister(73)) - Successfully un-registered JMX Bean with object name Ratis:service=RaftServer,group=group-ADE2825270AD,id=8925b11b-15ee-4d46-98cb-9cc2d2f12dc3
2019-09-12 10:10:52,422 [ForkJoinPool.commonPool-worker-0] INFO  util.JmxRegister (JmxRegister.java:unregister(73)) - Successfully un-registered JMX Bean with object name Ratis:service=RaftServer,group=group-728ADB1DD4F8,id=8925b11b-15ee-4d46-98cb-9cc2d2f12dc3
2019-09-12 10:10:52,422 [main] INFO  impl.RoleInfo (RoleInfo.java:shutdownLeaderState(104)) - 8925b11b-15ee-4d46-98cb-9cc2d2f12dc3: shutdown LeaderState
2019-09-12 10:10:52,422 [ForkJoinPool.commonPool-worker-0] INFO  impl.RoleInfo (RoleInfo.java:shutdownLeaderState(104)) - 8925b11b-15ee-4d46-98cb-9cc2d2f12dc3: shutdown LeaderState
2019-09-12 10:10:52,423 [main] INFO  impl.PendingRequests (PendingRequests.java:sendNotLeaderResponses(202)) - 8925b11b-15ee-4d46-98cb-9cc2d2f12dc3-PendingRequests: sendNotLeaderResponses
2019-09-12 10:10:52,423 [ForkJoinPool.commonPool-worker-0] INFO  impl.PendingRequests (PendingRequests.java:sendNotLeaderResponses(202)) - 8925b11b-15ee-4d46-98cb-9cc2d2f12dc3-PendingRequests: sendNotLeaderResponses
2019-09-12 10:10:52,423 [main] INFO  impl.StateMachineUpdater (StateMachineUpdater.java:stopAndJoin(115)) - StateMachineUpdater:8925b11b-15ee-4d46-98cb-9cc2d2f12dc3:group-ADE2825270AD: set stopIndex = 0
2019-09-12 10:10:52,424 [main] INFO  impl.RaftServerImpl (ServerState.java:close(394)) - 8925b11b-15ee-4d46-98cb-9cc2d2f12dc3:group-ADE2825270AD closes. The last applied log index is 0
2019-09-12 10:10:52,424 [ForkJoinPool.commonPool-worker-0] INFO  impl.StateMachineUpdater (StateMachineUpdater.java:stopAndJoin(115)) - StateMachineUpdater:8925b11b-15ee-4d46-98cb-9cc2d2f12dc3:group-728ADB1DD4F8: set stopIndex = 0
2019-09-12 10:10:52,425 [8925b11b-15ee-4d46-98cb-9cc2d2f12dc3-SegmentedRaftLogWorker:Storage Directory /workdir/hadoop-ozone/integration-test/target/test-dir/MiniOzoneClusterImpl-aa909d9c-8689-4ca6-a6e6-f667e4f57e2f/datanode-3/data/ratis/5f727fd3-e403-48ed-b8b4-ade2825270ad] INFO  segmented.SegmentedRaftLogWorker (SegmentedRaftLogWorker.java:run(313)) - 8925b11b-15ee-4d46-98cb-9cc2d2f12dc3-SegmentedRaftLogWorker:Storage Directory /workdir/hadoop-ozone/integration-test/target/test-dir/MiniOzoneClusterImpl-aa909d9c-8689-4ca6-a6e6-f667e4f57e2f/datanode-3/data/ratis/5f727fd3-e403-48ed-b8b4-ade2825270ad was interrupted, exiting. There are 0 tasks remaining in the queue.
2019-09-12 10:10:52,425 [ForkJoinPool.commonPool-worker-0] INFO  impl.RaftServerImpl (ServerState.java:close(394)) - 8925b11b-15ee-4d46-98cb-9cc2d2f12dc3:group-728ADB1DD4F8 closes. The last applied log index is 0
2019-09-12 10:10:52,425 [main] INFO  segmented.SegmentedRaftLogWorker (SegmentedRaftLogWorker.java:close(228)) - 8925b11b-15ee-4d46-98cb-9cc2d2f12dc3-SegmentedRaftLogWorker:Storage Directory /workdir/hadoop-ozone/integration-test/target/test-dir/MiniOzoneClusterImpl-aa909d9c-8689-4ca6-a6e6-f667e4f57e2f/datanode-3/data/ratis/5f727fd3-e403-48ed-b8b4-ade2825270ad close()
2019-09-12 10:10:52,425 [8925b11b-15ee-4d46-98cb-9cc2d2f12dc3-SegmentedRaftLogWorker:Storage Directory /workdir/hadoop-ozone/integration-test/target/test-dir/MiniOzoneClusterImpl-aa909d9c-8689-4ca6-a6e6-f667e4f57e2f/datanode-3/data/ratis/43aedc6d-693f-456b-9210-728adb1dd4f8] INFO  segmented.SegmentedRaftLogWorker (SegmentedRaftLogWorker.java:run(313)) - 8925b11b-15ee-4d46-98cb-9cc2d2f12dc3-SegmentedRaftLogWorker:Storage Directory /workdir/hadoop-ozone/integration-test/target/test-dir/MiniOzoneClusterImpl-aa909d9c-8689-4ca6-a6e6-f667e4f57e2f/datanode-3/data/ratis/43aedc6d-693f-456b-9210-728adb1dd4f8 was interrupted, exiting. There are 0 tasks remaining in the queue.
2019-09-12 10:10:52,426 [main] INFO  impl.RaftServerImpl (RaftServerImpl.java:lambda$shutdown$3(245)) - 8925b11b-15ee-4d46-98cb-9cc2d2f12dc3: shutdown group-9A7A8CED934F
2019-09-12 10:10:52,426 [main] INFO  util.JmxRegister (JmxRegister.java:unregister(73)) - Successfully un-registered JMX Bean with object name Ratis:service=RaftServer,group=group-9A7A8CED934F,id=8925b11b-15ee-4d46-98cb-9cc2d2f12dc3
2019-09-12 10:10:52,427 [main] INFO  impl.RoleInfo (RoleInfo.java:shutdownLeaderState(104)) - 8925b11b-15ee-4d46-98cb-9cc2d2f12dc3: shutdown LeaderState
2019-09-12 10:10:52,427 [main] INFO  impl.PendingRequests (PendingRequests.java:sendNotLeaderResponses(202)) - 8925b11b-15ee-4d46-98cb-9cc2d2f12dc3-PendingRequests: sendNotLeaderResponses
2019-09-12 10:10:52,428 [main] INFO  impl.StateMachineUpdater (StateMachineUpdater.java:stopAndJoin(115)) - StateMachineUpdater:8925b11b-15ee-4d46-98cb-9cc2d2f12dc3:group-9A7A8CED934F: set stopIndex = 0
2019-09-12 10:10:52,428 [main] INFO  impl.RaftServerImpl (ServerState.java:close(394)) - 8925b11b-15ee-4d46-98cb-9cc2d2f12dc3:group-9A7A8CED934F closes. The last applied log index is 0
2019-09-12 10:10:52,429 [8925b11b-15ee-4d46-98cb-9cc2d2f12dc3-SegmentedRaftLogWorker:Storage Directory /workdir/hadoop-ozone/integration-test/target/test-dir/MiniOzoneClusterImpl-aa909d9c-8689-4ca6-a6e6-f667e4f57e2f/datanode-3/data/ratis/d8f21dad-453a-476e-beb4-9a7a8ced934f] INFO  segmented.SegmentedRaftLogWorker (SegmentedRaftLogWorker.java:run(313)) - 8925b11b-15ee-4d46-98cb-9cc2d2f12dc3-SegmentedRaftLogWorker:Storage Directory /workdir/hadoop-ozone/integration-test/target/test-dir/MiniOzoneClusterImpl-aa909d9c-8689-4ca6-a6e6-f667e4f57e2f/datanode-3/data/ratis/d8f21dad-453a-476e-beb4-9a7a8ced934f was interrupted, exiting. There are 0 tasks remaining in the queue.
2019-09-12 10:10:52,464 [main] INFO  segmented.SegmentedRaftLogWorker (SegmentedRaftLogWorker.java:close(228)) - 8925b11b-15ee-4d46-98cb-9cc2d2f12dc3-SegmentedRaftLogWorker:Storage Directory /workdir/hadoop-ozone/integration-test/target/test-dir/MiniOzoneClusterImpl-aa909d9c-8689-4ca6-a6e6-f667e4f57e2f/datanode-3/data/ratis/d8f21dad-453a-476e-beb4-9a7a8ced934f close()
2019-09-12 10:10:52,464 [ForkJoinPool.commonPool-worker-0] INFO  segmented.SegmentedRaftLogWorker (SegmentedRaftLogWorker.java:close(228)) - 8925b11b-15ee-4d46-98cb-9cc2d2f12dc3-SegmentedRaftLogWorker:Storage Directory /workdir/hadoop-ozone/integration-test/target/test-dir/MiniOzoneClusterImpl-aa909d9c-8689-4ca6-a6e6-f667e4f57e2f/datanode-3/data/ratis/43aedc6d-693f-456b-9210-728adb1dd4f8 close()
2019-09-12 10:10:52,464 [main] INFO  impl.RaftServerImpl (RaftServerImpl.java:lambda$shutdown$3(245)) - 8925b11b-15ee-4d46-98cb-9cc2d2f12dc3: shutdown group-286112DD39FC
2019-09-12 10:10:52,465 [ForkJoinPool.commonPool-worker-0] INFO  impl.RaftServerImpl (RaftServerImpl.java:lambda$shutdown$3(245)) - 8925b11b-15ee-4d46-98cb-9cc2d2f12dc3: shutdown group-018699329FC3
2019-09-12 10:10:52,465 [main] INFO  util.JmxRegister (JmxRegister.java:unregister(73)) - Successfully un-registered JMX Bean with object name Ratis:service=RaftServer,group=group-286112DD39FC,id=8925b11b-15ee-4d46-98cb-9cc2d2f12dc3
2019-09-12 10:10:52,465 [ForkJoinPool.commonPool-worker-0] INFO  util.JmxRegister (JmxRegister.java:unregister(73)) - Successfully un-registered JMX Bean with object name Ratis:service=RaftServer,group=group-018699329FC3,id=8925b11b-15ee-4d46-98cb-9cc2d2f12dc3
2019-09-12 10:10:52,466 [main] INFO  impl.RoleInfo (RoleInfo.java:shutdownLeaderState(104)) - 8925b11b-15ee-4d46-98cb-9cc2d2f12dc3: shutdown LeaderState
2019-09-12 10:10:52,466 [ForkJoinPool.commonPool-worker-0] INFO  impl.RoleInfo (RoleInfo.java:shutdownLeaderState(104)) - 8925b11b-15ee-4d46-98cb-9cc2d2f12dc3: shutdown LeaderState
2019-09-12 10:10:52,466 [main] INFO  impl.PendingRequests (PendingRequests.java:sendNotLeaderResponses(202)) - 8925b11b-15ee-4d46-98cb-9cc2d2f12dc3-PendingRequests: sendNotLeaderResponses
2019-09-12 10:10:52,466 [ForkJoinPool.commonPool-worker-0] INFO  impl.PendingRequests (PendingRequests.java:sendNotLeaderResponses(202)) - 8925b11b-15ee-4d46-98cb-9cc2d2f12dc3-PendingRequests: sendNotLeaderResponses
2019-09-12 10:10:52,467 [main] INFO  impl.StateMachineUpdater (StateMachineUpdater.java:stopAndJoin(115)) - StateMachineUpdater:8925b11b-15ee-4d46-98cb-9cc2d2f12dc3:group-286112DD39FC: set stopIndex = 0
2019-09-12 10:10:52,467 [ForkJoinPool.commonPool-worker-0] INFO  impl.StateMachineUpdater (StateMachineUpdater.java:stopAndJoin(115)) - StateMachineUpdater:8925b11b-15ee-4d46-98cb-9cc2d2f12dc3:group-018699329FC3: set stopIndex = 0
2019-09-12 10:10:52,467 [main] INFO  impl.RaftServerImpl (ServerState.java:close(394)) - 8925b11b-15ee-4d46-98cb-9cc2d2f12dc3:group-286112DD39FC closes. The last applied log index is 0
2019-09-12 10:10:52,468 [ForkJoinPool.commonPool-worker-0] INFO  impl.RaftServerImpl (ServerState.java:close(394)) - 8925b11b-15ee-4d46-98cb-9cc2d2f12dc3:group-018699329FC3 closes. The last applied log index is 0
2019-09-12 10:10:52,468 [8925b11b-15ee-4d46-98cb-9cc2d2f12dc3-SegmentedRaftLogWorker:Storage Directory /workdir/hadoop-ozone/integration-test/target/test-dir/MiniOzoneClusterImpl-aa909d9c-8689-4ca6-a6e6-f667e4f57e2f/datanode-3/data/ratis/48d05117-fa95-41b3-af70-286112dd39fc] INFO  segmented.SegmentedRaftLogWorker (SegmentedRaftLogWorker.java:run(313)) - 8925b11b-15ee-4d46-98cb-9cc2d2f12dc3-SegmentedRaftLogWorker:Storage Directory /workdir/hadoop-ozone/integration-test/target/test-dir/MiniOzoneClusterImpl-aa909d9c-8689-4ca6-a6e6-f667e4f57e2f/datanode-3/data/ratis/48d05117-fa95-41b3-af70-286112dd39fc was interrupted, exiting. There are 0 tasks remaining in the queue.
2019-09-12 10:10:52,468 [8925b11b-15ee-4d46-98cb-9cc2d2f12dc3-SegmentedRaftLogWorker:Storage Directory /workdir/hadoop-ozone/integration-test/target/test-dir/MiniOzoneClusterImpl-aa909d9c-8689-4ca6-a6e6-f667e4f57e2f/datanode-3/data/ratis/53c452ab-ac60-486f-b53d-018699329fc3] INFO  segmented.SegmentedRaftLogWorker (SegmentedRaftLogWorker.java:run(313)) - 8925b11b-15ee-4d46-98cb-9cc2d2f12dc3-SegmentedRaftLogWorker:Storage Directory /workdir/hadoop-ozone/integration-test/target/test-dir/MiniOzoneClusterImpl-aa909d9c-8689-4ca6-a6e6-f667e4f57e2f/datanode-3/data/ratis/53c452ab-ac60-486f-b53d-018699329fc3 was interrupted, exiting. There are 0 tasks remaining in the queue.
2019-09-12 10:10:52,468 [main] INFO  segmented.SegmentedRaftLogWorker (SegmentedRaftLogWorker.java:close(228)) - 8925b11b-15ee-4d46-98cb-9cc2d2f12dc3-SegmentedRaftLogWorker:Storage Directory /workdir/hadoop-ozone/integration-test/target/test-dir/MiniOzoneClusterImpl-aa909d9c-8689-4ca6-a6e6-f667e4f57e2f/datanode-3/data/ratis/48d05117-fa95-41b3-af70-286112dd39fc close()
2019-09-12 10:10:52,469 [ForkJoinPool.commonPool-worker-0] INFO  segmented.SegmentedRaftLogWorker (SegmentedRaftLogWorker.java:close(228)) - 8925b11b-15ee-4d46-98cb-9cc2d2f12dc3-SegmentedRaftLogWorker:Storage Directory /workdir/hadoop-ozone/integration-test/target/test-dir/MiniOzoneClusterImpl-aa909d9c-8689-4ca6-a6e6-f667e4f57e2f/datanode-3/data/ratis/53c452ab-ac60-486f-b53d-018699329fc3 close()
2019-09-12 10:10:52,469 [main] INFO  impl.RaftServerImpl (RaftServerImpl.java:lambda$shutdown$3(245)) - 8925b11b-15ee-4d46-98cb-9cc2d2f12dc3: shutdown group-0C10D8D672A6
2019-09-12 10:10:52,470 [main] INFO  util.JmxRegister (JmxRegister.java:unregister(73)) - Successfully un-registered JMX Bean with object name Ratis:service=RaftServer,group=group-0C10D8D672A6,id=8925b11b-15ee-4d46-98cb-9cc2d2f12dc3
2019-09-12 10:10:52,470 [main] INFO  impl.RoleInfo (RoleInfo.java:shutdownLeaderState(104)) - 8925b11b-15ee-4d46-98cb-9cc2d2f12dc3: shutdown LeaderState
2019-09-12 10:10:52,470 [main] INFO  impl.PendingRequests (PendingRequests.java:sendNotLeaderResponses(202)) - 8925b11b-15ee-4d46-98cb-9cc2d2f12dc3-PendingRequests: sendNotLeaderResponses
2019-09-12 10:10:52,471 [main] INFO  impl.StateMachineUpdater (StateMachineUpdater.java:stopAndJoin(115)) - StateMachineUpdater:8925b11b-15ee-4d46-98cb-9cc2d2f12dc3:group-0C10D8D672A6: set stopIndex = 0
2019-09-12 10:10:52,471 [main] INFO  impl.RaftServerImpl (ServerState.java:close(394)) - 8925b11b-15ee-4d46-98cb-9cc2d2f12dc3:group-0C10D8D672A6 closes. The last applied log index is 0
2019-09-12 10:10:52,472 [8925b11b-15ee-4d46-98cb-9cc2d2f12dc3-SegmentedRaftLogWorker:Storage Directory /workdir/hadoop-ozone/integration-test/target/test-dir/MiniOzoneClusterImpl-aa909d9c-8689-4ca6-a6e6-f667e4f57e2f/datanode-3/data/ratis/a3381582-9f92-4be8-82ee-0c10d8d672a6] INFO  segmented.SegmentedRaftLogWorker (SegmentedRaftLogWorker.java:run(313)) - 8925b11b-15ee-4d46-98cb-9cc2d2f12dc3-SegmentedRaftLogWorker:Storage Directory /workdir/hadoop-ozone/integration-test/target/test-dir/MiniOzoneClusterImpl-aa909d9c-8689-4ca6-a6e6-f667e4f57e2f/datanode-3/data/ratis/a3381582-9f92-4be8-82ee-0c10d8d672a6 was interrupted, exiting. There are 0 tasks remaining in the queue.
2019-09-12 10:10:52,472 [main] INFO  segmented.SegmentedRaftLogWorker (SegmentedRaftLogWorker.java:close(228)) - 8925b11b-15ee-4d46-98cb-9cc2d2f12dc3-SegmentedRaftLogWorker:Storage Directory /workdir/hadoop-ozone/integration-test/target/test-dir/MiniOzoneClusterImpl-aa909d9c-8689-4ca6-a6e6-f667e4f57e2f/datanode-3/data/ratis/a3381582-9f92-4be8-82ee-0c10d8d672a6 close()
2019-09-12 10:10:52,473 [main] INFO  server.GrpcService (GrpcService.java:closeImpl(155)) - 8925b11b-15ee-4d46-98cb-9cc2d2f12dc3: shutdown server with port 36994 now
2019-09-12 10:10:52,474 [main] INFO  server.GrpcService (GrpcService.java:closeImpl(163)) - 8925b11b-15ee-4d46-98cb-9cc2d2f12dc3: shutdown server with port 36994 successfully
2019-09-12 10:10:52,484 [main] INFO  utils.BackgroundService (BackgroundService.java:shutdown(148)) - Shutting down service BlockDeletingService
2019-09-12 10:10:52,486 [refreshUsed-/workdir/hadoop-ozone/integration-test/target/test-dir/MiniOzoneClusterImpl-aa909d9c-8689-4ca6-a6e6-f667e4f57e2f/datanode-3/data/containers] WARN  fs.CachingGetSpaceUsed (CachingGetSpaceUsed.java:run(183)) - Thread Interrupted waiting to refresh disk information: sleep interrupted
2019-09-12 10:10:52,502 [main] INFO  statemachine.DatanodeStateMachine (DatanodeStateMachine.java:stopDaemon(395)) - Ozone container server stopped.
2019-09-12 10:10:52,503 [main] INFO  handler.ContextHandler (ContextHandler.java:doStop(910)) - Stopped o.e.j.w.WebAppContext@4aaecabd{/,null,UNAVAILABLE}{/hddsDatanode}
2019-09-12 10:10:52,504 [main] INFO  server.AbstractConnector (AbstractConnector.java:doStop(318)) - Stopped ServerConnector@23bd0c81{HTTP/1.1,[http/1.1]}{0.0.0.0:0}
2019-09-12 10:10:52,505 [main] INFO  handler.ContextHandler (ContextHandler.java:doStop(910)) - Stopped o.e.j.s.ServletContextHandler@130cfc47{/static,jar:file:/home/user/.m2/repository/org/apache/hadoop/hadoop-hdds-container-service/0.5.0-SNAPSHOT/hadoop-hdds-container-service-0.5.0-SNAPSHOT.jar!/webapps/static,UNAVAILABLE}
2019-09-12 10:10:52,505 [main] INFO  handler.ContextHandler (ContextHandler.java:doStop(910)) - Stopped o.e.j.s.ServletContextHandler@7a0ab480{/logs,file:///workdir/hadoop-ozone/integration-test/target/log,UNAVAILABLE}
2019-09-12 10:10:52,506 [main] INFO  ozone.MiniOzoneClusterImpl (MiniOzoneClusterImpl.java:stop(353)) - Stopping the StorageContainerManager
2019-09-12 10:10:52,507 [main] INFO  server.StorageContainerManager (StorageContainerManager.java:stop(797)) - Stopping Replication Manager Service.
2019-09-12 10:10:52,507 [main] INFO  container.ReplicationManager (ReplicationManager.java:stop(192)) - Stopping Replication Monitor Thread.
2019-09-12 10:10:52,507 [main] INFO  server.StorageContainerManager (StorageContainerManager.java:stop(804)) - Stopping Lease Manager of the command watchers
2019-09-12 10:10:52,507 [main] INFO  server.StorageContainerManager (StorageContainerManager.java:stop(811)) - Stopping datanode service RPC server
2019-09-12 10:10:52,507 [main] INFO  server.SCMDatanodeProtocolServer (SCMDatanodeProtocolServer.java:stop(367)) - Stopping the RPC server for DataNodes
2019-09-12 10:10:52,508 [main] INFO  ipc.Server (Server.java:stop(3082)) - Stopping server on 43702
2019-09-12 10:10:52,509 [IPC Server Responder] INFO  ipc.Server (Server.java:run(1319)) - Stopping IPC Server Responder
2019-09-12 10:10:52,509 [IPC Server listener on 43702] INFO  ipc.Server (Server.java:run(1185)) - Stopping IPC Server listener on 43702
2019-09-12 10:10:52,585 [SCM Heartbeat Processing Thread - 0] WARN  node.NodeStateManager (NodeStateManager.java:scheduleNextHealthCheck(655)) - Current Thread is interrupted, shutting down HB processing thread for Node Manager.
2019-09-12 10:10:52,586 [main] INFO  server.StorageContainerManager (StorageContainerManager.java:stop(819)) - Stopping block service RPC server
2019-09-12 10:10:52,586 [main] INFO  server.SCMBlockProtocolServer (SCMBlockProtocolServer.java:stop(148)) - Stopping the RPC server for Block Protocol
2019-09-12 10:10:52,586 [main] INFO  ipc.Server (Server.java:stop(3082)) - Stopping server on 33582
2019-09-12 10:10:52,588 [IPC Server listener on 33582] INFO  ipc.Server (Server.java:run(1185)) - Stopping IPC Server listener on 33582
2019-09-12 10:10:52,588 [main] INFO  server.StorageContainerManager (StorageContainerManager.java:stop(826)) - Stopping the StorageContainerLocationProtocol RPC server
2019-09-12 10:10:52,588 [main] INFO  server.SCMClientProtocolServer (SCMClientProtocolServer.java:stop(159)) - Stopping the RPC server for Client Protocol
2019-09-12 10:10:52,589 [IPC Server Responder] INFO  ipc.Server (Server.java:run(1319)) - Stopping IPC Server Responder
2019-09-12 10:10:52,589 [main] INFO  ipc.Server (Server.java:stop(3082)) - Stopping server on 44924
2019-09-12 10:10:52,591 [IPC Server listener on 44924] INFO  ipc.Server (Server.java:run(1185)) - Stopping IPC Server listener on 44924
2019-09-12 10:10:52,591 [main] INFO  server.StorageContainerManager (StorageContainerManager.java:stop(833)) - Stopping Storage Container Manager HTTP server.
2019-09-12 10:10:52,591 [IPC Server Responder] INFO  ipc.Server (Server.java:run(1319)) - Stopping IPC Server Responder
2019-09-12 10:10:52,592 [main] INFO  handler.ContextHandler (ContextHandler.java:doStop(910)) - Stopped o.e.j.w.WebAppContext@21a5fd96{/,null,UNAVAILABLE}{/scm}
2019-09-12 10:10:52,593 [main] INFO  server.AbstractConnector (AbstractConnector.java:doStop(318)) - Stopped ServerConnector@327120c8{HTTP/1.1,[http/1.1]}{0.0.0.0:0}
2019-09-12 10:10:52,593 [main] INFO  handler.ContextHandler (ContextHandler.java:doStop(910)) - Stopped o.e.j.s.ServletContextHandler@2374d36a{/static,file:///workdir/hadoop-ozone/integration-test/target/test-classes/webapps/static,UNAVAILABLE}
2019-09-12 10:10:52,594 [main] INFO  handler.ContextHandler (ContextHandler.java:doStop(910)) - Stopped o.e.j.s.ServletContextHandler@74a6a609{/logs,file:///workdir/hadoop-ozone/integration-test/target/log,UNAVAILABLE}
2019-09-12 10:10:52,595 [main] INFO  server.StorageContainerManager (StorageContainerManager.java:stop(844)) - Stopping Block Manager Service.
2019-09-12 10:10:52,595 [main] INFO  utils.BackgroundService (BackgroundService.java:shutdown(148)) - Shutting down service SCMBlockDeletingService
2019-09-12 10:10:52,596 [main] INFO  utils.BackgroundService (BackgroundService.java:shutdown(148)) - Shutting down service SCMBlockDeletingService
2019-09-12 10:10:52,597 [main] INFO  server.StorageContainerManager (StorageContainerManager.java:stop(866)) - Stopping SCM Event Queue.
2019-09-12 10:10:52,603 [main] INFO  impl.MetricsSystemImpl (MetricsSystemImpl.java:stop(210)) - Stopping HddsDatanode metrics system...
2019-09-12 10:10:52,610 [main] INFO  impl.MetricsSystemImpl (MetricsSystemImpl.java:stop(216)) - HddsDatanode metrics system stopped.
]]></system-out>
    <system-err><![CDATA[Sep 12, 2019 10:10:27 AM com.sun.jersey.server.impl.application.WebApplicationImpl _initiate
INFO: Initiating Jersey application, version 'Jersey: 1.19 02/11/2015 03:25 AM'
Sep 12, 2019 10:10:28 AM com.sun.jersey.server.impl.application.WebApplicationImpl _initiate
INFO: Initiating Jersey application, version 'Jersey: 1.19 02/11/2015 03:25 AM'
Sep 12, 2019 10:10:28 AM com.sun.jersey.server.impl.application.WebApplicationImpl _initiate
INFO: Initiating Jersey application, version 'Jersey: 1.19 02/11/2015 03:25 AM'
Sep 12, 2019 10:10:28 AM com.sun.jersey.server.impl.application.WebApplicationImpl _initiate
INFO: Initiating Jersey application, version 'Jersey: 1.19 02/11/2015 03:25 AM'
Sep 12, 2019 10:10:29 AM com.sun.jersey.server.impl.application.WebApplicationImpl _initiate
INFO: Initiating Jersey application, version 'Jersey: 1.19 02/11/2015 03:25 AM'
]]></system-err>
  </testcase>
</testsuite>