<?xml version="1.0" encoding="UTF-8"?>
<testsuite xmlns:xsi="http://www.w3.org/2001/XMLSchema-instance" xsi:noNamespaceSchemaLocation="https://maven.apache.org/surefire/maven-surefire-plugin/xsd/surefire-test-report.xsd" name="org.apache.hadoop.ozone.client.rpc.TestReadRetries" time="42.138" tests="1" errors="1" skipped="0" failures="0">
  <properties>
    <property name="awt.toolkit" value="sun.awt.X11.XToolkit"/>
    <property name="file.encoding.pkg" value="sun.io"/>
    <property name="java.specification.version" value="1.8"/>
    <property name="sun.cpu.isalist" value=""/>
    <property name="sun.jnu.encoding" value="UTF-8"/>
    <property name="java.class.path" value="/workdir/hadoop-ozone/integration-test/target/test-classes:/workdir/hadoop-ozone/integration-test/target/classes:/home/user/.m2/repository/org/apache/hadoop/hadoop-ozone-common/0.5.0-SNAPSHOT/hadoop-ozone-common-0.5.0-SNAPSHOT.jar:/home/user/.m2/repository/org/apache/commons/commons-compress/1.4.1/commons-compress-1.4.1.jar:/home/user/.m2/repository/org/tukaani/xz/1.0/xz-1.0.jar:/home/user/.m2/repository/org/apache/hadoop/hadoop-common/3.2.0/hadoop-common-3.2.0.jar:/home/user/.m2/repository/org/apache/hadoop/hadoop-hdfs/3.2.0/hadoop-hdfs-3.2.0.jar:/home/user/.m2/repository/org/apache/hadoop/hadoop-hdfs-client/3.2.0/hadoop-hdfs-client-3.2.0.jar:/home/user/.m2/repository/com/fasterxml/jackson/core/jackson-annotations/2.9.5/jackson-annotations-2.9.5.jar:/home/user/.m2/repository/org/apache/hadoop/hadoop-hdds-common/0.5.0-SNAPSHOT/hadoop-hdds-common-0.5.0-SNAPSHOT.jar:/home/user/.m2/repository/javax/annotation/javax.annotation-api/1.2/javax.annotation-api-1.2.jar:/home/user/.m2/repository/org/apache/ratis/ratis-server/0.4.0-2337318-SNAPSHOT/ratis-server-0.4.0-2337318-SNAPSHOT.jar:/home/user/.m2/repository/org/apache/ratis/ratis-thirdparty-misc/0.2.0/ratis-thirdparty-misc-0.2.0.jar:/home/user/.m2/repository/org/apache/ratis/ratis-proto/0.4.0-2337318-SNAPSHOT/ratis-proto-0.4.0-2337318-SNAPSHOT.jar:/home/user/.m2/repository/org/apache/ratis/ratis-common/0.4.0-2337318-SNAPSHOT/ratis-common-0.4.0-2337318-SNAPSHOT.jar:/home/user/.m2/repository/org/apache/ratis/ratis-client/0.4.0-2337318-SNAPSHOT/ratis-client-0.4.0-2337318-SNAPSHOT.jar:/home/user/.m2/repository/org/apache/ratis/ratis-metrics/0.4.0-2337318-SNAPSHOT/ratis-metrics-0.4.0-2337318-SNAPSHOT.jar:/home/user/.m2/repository/org/apache/ratis/ratis-netty/0.4.0-2337318-SNAPSHOT/ratis-netty-0.4.0-2337318-SNAPSHOT.jar:/home/user/.m2/repository/org/apache/ratis/ratis-grpc/0.4.0-2337318-SNAPSHOT/ratis-grpc-0.4.0-2337318-SNAPSHOT.jar:/home/user/.m2/repository/org/rocksdb/rocksdbjni/6.0.1/rocksdbjni-6.0.1.jar:/home/user/.m2/repository/org/apache/logging/log4j/log4j-api/2.11.0/log4j-api-2.11.0.jar:/home/user/.m2/repository/org/apache/logging/log4j/log4j-core/2.11.0/log4j-core-2.11.0.jar:/home/user/.m2/repository/com/lmax/disruptor/3.4.2/disruptor-3.4.2.jar:/home/user/.m2/repository/org/apache/commons/commons-pool2/2.6.0/commons-pool2-2.6.0.jar:/home/user/.m2/repository/org/bouncycastle/bcpkix-jdk15on/1.60/bcpkix-jdk15on-1.60.jar:/home/user/.m2/repository/commons-validator/commons-validator/1.6/commons-validator-1.6.jar:/home/user/.m2/repository/commons-digester/commons-digester/1.8.1/commons-digester-1.8.1.jar:/home/user/.m2/repository/io/jaegertracing/jaeger-client/0.33.1/jaeger-client-0.33.1.jar:/home/user/.m2/repository/io/jaegertracing/jaeger-thrift/0.33.1/jaeger-thrift-0.33.1.jar:/home/user/.m2/repository/org/apache/thrift/libthrift/0.11.0/libthrift-0.11.0.jar:/home/user/.m2/repository/com/squareup/okhttp3/okhttp/3.9.0/okhttp-3.9.0.jar:/home/user/.m2/repository/com/squareup/okio/okio/1.13.0/okio-1.13.0.jar:/home/user/.m2/repository/io/jaegertracing/jaeger-core/0.33.1/jaeger-core-0.33.1.jar:/home/user/.m2/repository/io/jaegertracing/jaeger-tracerresolver/0.33.1/jaeger-tracerresolver-0.33.1.jar:/home/user/.m2/repository/io/opentracing/contrib/opentracing-tracerresolver/0.1.5/opentracing-tracerresolver-0.1.5.jar:/home/user/.m2/repository/io/opentracing/opentracing-util/0.31.0/opentracing-util-0.31.0.jar:/home/user/.m2/repository/io/opentracing/opentracing-api/0.31.0/opentracing-api-0.31.0.jar:/home/user/.m2/repository/io/opentracing/opentracing-noop/0.31.0/opentracing-noop-0.31.0.jar:/home/user/.m2/repository/org/apache/hadoop/hadoop-hdds-server-framework/0.5.0-SNAPSHOT/hadoop-hdds-server-framework-0.5.0-SNAPSHOT.jar:/home/user/.m2/repository/org/apache/hadoop/hadoop-hdds-container-service/0.5.0-SNAPSHOT/hadoop-hdds-container-service-0.5.0-SNAPSHOT.jar:/home/user/.m2/repository/org/apache/hadoop/hadoop-hdds-client/0.5.0-SNAPSHOT/hadoop-hdds-client-0.5.0-SNAPSHOT.jar:/home/user/.m2/repository/org/apache/hadoop/hadoop-hdds-tools/0.5.0-SNAPSHOT/hadoop-hdds-tools-0.5.0-SNAPSHOT.jar:/home/user/.m2/repository/org/apache/hadoop/hadoop-hdds-server-scm/0.5.0-SNAPSHOT/hadoop-hdds-server-scm-0.5.0-SNAPSHOT.jar:/home/user/.m2/repository/org/apache/hadoop/hadoop-hdds-docs/0.5.0-SNAPSHOT/hadoop-hdds-docs-0.5.0-SNAPSHOT.jar:/home/user/.m2/repository/io/dropwizard/metrics/metrics-core/3.2.4/metrics-core-3.2.4.jar:/home/user/.m2/repository/org/hamcrest/hamcrest-all/1.3/hamcrest-all-1.3.jar:/home/user/.m2/repository/org/bouncycastle/bcprov-jdk15on/1.60/bcprov-jdk15on-1.60.jar:/home/user/.m2/repository/info/picocli/picocli/3.9.6/picocli-3.9.6.jar:/home/user/.m2/repository/com/google/protobuf/protobuf-java/2.5.0/protobuf-java-2.5.0.jar:/home/user/.m2/repository/com/google/guava/guava/11.0.2/guava-11.0.2.jar:/home/user/.m2/repository/org/apache/hadoop/hadoop-ozone-ozone-manager/0.5.0-SNAPSHOT/hadoop-ozone-ozone-manager-0.5.0-SNAPSHOT.jar:/home/user/.m2/repository/org/apache/hadoop/hadoop-minikdc/3.2.0/hadoop-minikdc-3.2.0.jar:/home/user/.m2/repository/commons-io/commons-io/2.5/commons-io-2.5.jar:/home/user/.m2/repository/org/apache/kerby/kerb-simplekdc/1.0.1/kerb-simplekdc-1.0.1.jar:/home/user/.m2/repository/org/apache/kerby/kerb-client/1.0.1/kerb-client-1.0.1.jar:/home/user/.m2/repository/org/apache/kerby/kerby-config/1.0.1/kerby-config-1.0.1.jar:/home/user/.m2/repository/org/apache/kerby/kerb-core/1.0.1/kerb-core-1.0.1.jar:/home/user/.m2/repository/org/apache/kerby/kerby-pkix/1.0.1/kerby-pkix-1.0.1.jar:/home/user/.m2/repository/org/apache/kerby/kerby-asn1/1.0.1/kerby-asn1-1.0.1.jar:/home/user/.m2/repository/org/apache/kerby/kerby-util/1.0.1/kerby-util-1.0.1.jar:/home/user/.m2/repository/org/apache/kerby/kerb-common/1.0.1/kerb-common-1.0.1.jar:/home/user/.m2/repository/org/apache/kerby/kerb-crypto/1.0.1/kerb-crypto-1.0.1.jar:/home/user/.m2/repository/org/apache/kerby/kerb-util/1.0.1/kerb-util-1.0.1.jar:/home/user/.m2/repository/org/apache/kerby/token-provider/1.0.1/token-provider-1.0.1.jar:/home/user/.m2/repository/org/apache/kerby/kerb-admin/1.0.1/kerb-admin-1.0.1.jar:/home/user/.m2/repository/org/apache/kerby/kerb-server/1.0.1/kerb-server-1.0.1.jar:/home/user/.m2/repository/org/apache/kerby/kerb-identity/1.0.1/kerb-identity-1.0.1.jar:/home/user/.m2/repository/org/apache/kerby/kerby-xdr/1.0.1/kerby-xdr-1.0.1.jar:/home/user/.m2/repository/org/slf4j/slf4j-log4j12/1.7.25/slf4j-log4j12-1.7.25.jar:/home/user/.m2/repository/org/apache/hadoop/hadoop-ozone-objectstore-service/0.5.0-SNAPSHOT/hadoop-ozone-objectstore-service-0.5.0-SNAPSHOT.jar:/home/user/.m2/repository/org/apache/hadoop/hadoop-ozone-s3gateway/0.5.0-SNAPSHOT/hadoop-ozone-s3gateway-0.5.0-SNAPSHOT.jar:/home/user/.m2/repository/org/jboss/weld/servlet/weld-servlet/2.4.7.Final/weld-servlet-2.4.7.Final.jar:/home/user/.m2/repository/org/glassfish/jersey/containers/jersey-container-servlet-core/2.27/jersey-container-servlet-core-2.27.jar:/home/user/.m2/repository/org/glassfish/hk2/external/javax.inject/2.5.0-b42/javax.inject-2.5.0-b42.jar:/home/user/.m2/repository/org/glassfish/jersey/core/jersey-common/2.27/jersey-common-2.27.jar:/home/user/.m2/repository/org/glassfish/hk2/osgi-resource-locator/1.0.1/osgi-resource-locator-1.0.1.jar:/home/user/.m2/repository/javax/ws/rs/javax.ws.rs-api/2.1/javax.ws.rs-api-2.1.jar:/home/user/.m2/repository/org/glassfish/jersey/ext/cdi/jersey-cdi1x/2.27/jersey-cdi1x-2.27.jar:/home/user/.m2/repository/org/glassfish/jersey/inject/jersey-hk2/2.27/jersey-hk2-2.27.jar:/home/user/.m2/repository/org/glassfish/hk2/hk2-locator/2.5.0-b42/hk2-locator-2.5.0-b42.jar:/home/user/.m2/repository/org/javassist/javassist/3.22.0-CR2/javassist-3.22.0-CR2.jar:/home/user/.m2/repository/org/glassfish/hk2/hk2-api/2.5.0/hk2-api-2.5.0.jar:/home/user/.m2/repository/org/glassfish/hk2/external/jakarta.inject/2.5.0/jakarta.inject-2.5.0.jar:/home/user/.m2/repository/org/glassfish/hk2/hk2-utils/2.5.0/hk2-utils-2.5.0.jar:/home/user/.m2/repository/jakarta/annotation/jakarta.annotation-api/1.3.4/jakarta.annotation-api-1.3.4.jar:/home/user/.m2/repository/org/glassfish/hk2/external/aopalliance-repackaged/2.5.0/aopalliance-repackaged-2.5.0.jar:/home/user/.m2/repository/com/fasterxml/jackson/dataformat/jackson-dataformat-xml/2.9.0/jackson-dataformat-xml-2.9.0.jar:/home/user/.m2/repository/com/fasterxml/jackson/core/jackson-core/2.9.5/jackson-core-2.9.5.jar:/home/user/.m2/repository/com/fasterxml/jackson/module/jackson-module-jaxb-annotations/2.9.5/jackson-module-jaxb-annotations-2.9.5.jar:/home/user/.m2/repository/javax/enterprise/cdi-api/1.2/cdi-api-1.2.jar:/home/user/.m2/repository/javax/el/javax.el-api/3.0.0/javax.el-api-3.0.0.jar:/home/user/.m2/repository/javax/interceptor/javax.interceptor-api/1.2/javax.interceptor-api-1.2.jar:/home/user/.m2/repository/javax/inject/javax.inject/1/javax.inject-1.jar:/home/user/.m2/repository/com/sun/xml/bind/jaxb-impl/2.3.0.1/jaxb-impl-2.3.0.1.jar:/home/user/.m2/repository/com/sun/xml/bind/jaxb-core/2.3.0.1/jaxb-core-2.3.0.1.jar:/home/user/.m2/repository/javax/xml/bind/jaxb-api/2.3.0/jaxb-api-2.3.0.jar:/home/user/.m2/repository/javax/activation/activation/1.1.1/activation-1.1.1.jar:/home/user/.m2/repository/org/apache/hadoop/hadoop-ozone-csi/0.5.0-SNAPSHOT/hadoop-ozone-csi-0.5.0-SNAPSHOT.jar:/home/user/.m2/repository/com/google/protobuf/protobuf-java-util/3.5.1/protobuf-java-util-3.5.1.jar:/home/user/.m2/repository/org/apache/hadoop/hadoop-hdds-config/0.5.0-SNAPSHOT/hadoop-hdds-config-0.5.0-SNAPSHOT.jar:/home/user/.m2/repository/io/grpc/grpc-netty/1.17.1/grpc-netty-1.17.1.jar:/home/user/.m2/repository/io/grpc/grpc-core/1.17.1/grpc-core-1.17.1.jar:/home/user/.m2/repository/io/grpc/grpc-context/1.17.1/grpc-context-1.17.1.jar:/home/user/.m2/repository/com/google/errorprone/error_prone_annotations/2.2.0/error_prone_annotations-2.2.0.jar:/home/user/.m2/repository/org/codehaus/mojo/animal-sniffer-annotations/1.17/animal-sniffer-annotations-1.17.jar:/home/user/.m2/repository/io/opencensus/opencensus-api/0.17.0/opencensus-api-0.17.0.jar:/home/user/.m2/repository/io/opencensus/opencensus-contrib-grpc-metrics/0.17.0/opencensus-contrib-grpc-metrics-0.17.0.jar:/home/user/.m2/repository/io/netty/netty-codec-http2/4.1.30.Final/netty-codec-http2-4.1.30.Final.jar:/home/user/.m2/repository/io/netty/netty-codec-http/4.1.30.Final/netty-codec-http-4.1.30.Final.jar:/home/user/.m2/repository/io/netty/netty-codec/4.1.30.Final/netty-codec-4.1.30.Final.jar:/home/user/.m2/repository/io/netty/netty-handler/4.1.30.Final/netty-handler-4.1.30.Final.jar:/home/user/.m2/repository/io/netty/netty-handler-proxy/4.1.30.Final/netty-handler-proxy-4.1.30.Final.jar:/home/user/.m2/repository/io/netty/netty-codec-socks/4.1.30.Final/netty-codec-socks-4.1.30.Final.jar:/home/user/.m2/repository/io/netty/netty-transport-native-epoll/4.1.30.Final/netty-transport-native-epoll-4.1.30.Final.jar:/home/user/.m2/repository/io/netty/netty-common/4.1.30.Final/netty-common-4.1.30.Final.jar:/home/user/.m2/repository/io/netty/netty-buffer/4.1.30.Final/netty-buffer-4.1.30.Final.jar:/home/user/.m2/repository/io/netty/netty-transport/4.1.30.Final/netty-transport-4.1.30.Final.jar:/home/user/.m2/repository/io/netty/netty-resolver/4.1.30.Final/netty-resolver-4.1.30.Final.jar:/home/user/.m2/repository/io/netty/netty-transport-native-unix-common/4.1.30.Final/netty-transport-native-unix-common-4.1.30.Final.jar:/home/user/.m2/repository/io/grpc/grpc-protobuf/1.17.1/grpc-protobuf-1.17.1.jar:/home/user/.m2/repository/com/google/api/grpc/proto-google-common-protos/1.0.0/proto-google-common-protos-1.0.0.jar:/home/user/.m2/repository/io/grpc/grpc-protobuf-lite/1.17.1/grpc-protobuf-lite-1.17.1.jar:/home/user/.m2/repository/io/grpc/grpc-stub/1.17.1/grpc-stub-1.17.1.jar:/home/user/.m2/repository/org/apache/hadoop/hadoop-ozone-recon/0.5.0-SNAPSHOT/hadoop-ozone-recon-0.5.0-SNAPSHOT.jar:/home/user/.m2/repository/org/apache/hadoop/hadoop-ozone-reconcodegen/0.5.0-SNAPSHOT/hadoop-ozone-reconcodegen-0.5.0-SNAPSHOT.jar:/home/user/.m2/repository/com/google/inject/extensions/guice-multibindings/4.0/guice-multibindings-4.0.jar:/home/user/.m2/repository/com/google/inject/guice/4.0/guice-4.0.jar:/home/user/.m2/repository/aopalliance/aopalliance/1.0/aopalliance-1.0.jar:/home/user/.m2/repository/com/google/inject/extensions/guice-servlet/4.0/guice-servlet-4.0.jar:/home/user/.m2/repository/org/glassfish/jersey/containers/jersey-container-servlet/2.27/jersey-container-servlet-2.27.jar:/home/user/.m2/repository/org/glassfish/hk2/guice-bridge/2.5.0/guice-bridge-2.5.0.jar:/home/user/.m2/repository/org/glassfish/jersey/core/jersey-server/2.27/jersey-server-2.27.jar:/home/user/.m2/repository/org/glassfish/jersey/core/jersey-client/2.27/jersey-client-2.27.jar:/home/user/.m2/repository/org/glassfish/jersey/media/jersey-media-jaxb/2.27/jersey-media-jaxb-2.27.jar:/home/user/.m2/repository/javax/validation/validation-api/1.1.0.Final/validation-api-1.1.0.Final.jar:/home/user/.m2/repository/org/glassfish/jersey/media/jersey-media-json-jackson/2.27/jersey-media-json-jackson-2.27.jar:/home/user/.m2/repository/org/glassfish/jersey/ext/jersey-entity-filtering/2.27/jersey-entity-filtering-2.27.jar:/home/user/.m2/repository/com/google/inject/extensions/guice-assistedinject/4.0/guice-assistedinject-4.0.jar:/home/user/.m2/repository/org/jooq/jooq/3.11.10/jooq-3.11.10.jar:/home/user/.m2/repository/org/jooq/jooq-meta/3.11.10/jooq-meta-3.11.10.jar:/home/user/.m2/repository/org/jooq/jooq-codegen/3.11.10/jooq-codegen-3.11.10.jar:/home/user/.m2/repository/com/jolbox/bonecp/0.8.0.RELEASE/bonecp-0.8.0.RELEASE.jar:/home/user/.m2/repository/org/xerial/sqlite-jdbc/3.25.2/sqlite-jdbc-3.25.2.jar:/home/user/.m2/repository/org/springframework/spring-jdbc/5.1.3.RELEASE/spring-jdbc-5.1.3.RELEASE.jar:/home/user/.m2/repository/org/springframework/spring-beans/5.1.3.RELEASE/spring-beans-5.1.3.RELEASE.jar:/home/user/.m2/repository/org/springframework/spring-core/5.1.3.RELEASE/spring-core-5.1.3.RELEASE.jar:/home/user/.m2/repository/org/springframework/spring-jcl/5.1.3.RELEASE/spring-jcl-5.1.3.RELEASE.jar:/home/user/.m2/repository/org/springframework/spring-tx/5.1.3.RELEASE/spring-tx-5.1.3.RELEASE.jar:/home/user/.m2/repository/org/apache/hadoop/hadoop-ozone-client/0.5.0-SNAPSHOT/hadoop-ozone-client-0.5.0-SNAPSHOT.jar:/home/user/.m2/repository/commons-lang/commons-lang/2.6/commons-lang-2.6.jar:/home/user/.m2/repository/org/apache/hadoop/hadoop-ozone-ozone-manager/0.5.0-SNAPSHOT/hadoop-ozone-ozone-manager-0.5.0-SNAPSHOT-tests.jar:/home/user/.m2/repository/junit/junit/4.11/junit-4.11.jar:/home/user/.m2/repository/org/hamcrest/hamcrest-core/1.3/hamcrest-core-1.3.jar:/home/user/.m2/repository/org/openjdk/jmh/jmh-core/1.19/jmh-core-1.19.jar:/home/user/.m2/repository/net/sf/jopt-simple/jopt-simple/4.6/jopt-simple-4.6.jar:/home/user/.m2/repository/org/apache/commons/commons-math3/3.1.1/commons-math3-3.1.1.jar:/home/user/.m2/repository/org/openjdk/jmh/jmh-generator-annprocess/1.19/jmh-generator-annprocess-1.19.jar:/home/user/.m2/repository/org/mockito/mockito-all/1.8.5/mockito-all-1.8.5.jar:/home/user/.m2/repository/org/apache/hadoop/hadoop-kms/3.2.0/hadoop-kms-3.2.0.jar:/home/user/.m2/repository/org/apache/hadoop/hadoop-auth/3.2.0/hadoop-auth-3.2.0.jar:/home/user/.m2/repository/com/nimbusds/nimbus-jose-jwt/4.41.1/nimbus-jose-jwt-4.41.1.jar:/home/user/.m2/repository/com/github/stephenc/jcip/jcip-annotations/1.0-1/jcip-annotations-1.0-1.jar:/home/user/.m2/repository/net/minidev/json-smart/2.3/json-smart-2.3.jar:/home/user/.m2/repository/net/minidev/accessors-smart/1.2/accessors-smart-1.2.jar:/home/user/.m2/repository/org/ow2/asm/asm/5.0.4/asm-5.0.4.jar:/home/user/.m2/repository/org/apache/curator/curator-framework/2.12.0/curator-framework-2.12.0.jar:/home/user/.m2/repository/com/sun/jersey/jersey-core/1.19/jersey-core-1.19.jar:/home/user/.m2/repository/javax/ws/rs/jsr311-api/1.1.1/jsr311-api-1.1.1.jar:/home/user/.m2/repository/com/sun/jersey/jersey-server/1.19/jersey-server-1.19.jar:/home/user/.m2/repository/javax/servlet/javax.servlet-api/3.1.0/javax.servlet-api-3.1.0.jar:/home/user/.m2/repository/org/eclipse/jetty/jetty-server/9.3.24.v20180605/jetty-server-9.3.24.v20180605.jar:/home/user/.m2/repository/org/eclipse/jetty/jetty-http/9.3.24.v20180605/jetty-http-9.3.24.v20180605.jar:/home/user/.m2/repository/org/eclipse/jetty/jetty-io/9.3.24.v20180605/jetty-io-9.3.24.v20180605.jar:/home/user/.m2/repository/org/eclipse/jetty/jetty-webapp/9.3.24.v20180605/jetty-webapp-9.3.24.v20180605.jar:/home/user/.m2/repository/org/eclipse/jetty/jetty-xml/9.3.24.v20180605/jetty-xml-9.3.24.v20180605.jar:/home/user/.m2/repository/log4j/log4j/1.2.17/log4j-1.2.17.jar:/home/user/.m2/repository/org/slf4j/slf4j-api/1.7.25/slf4j-api-1.7.25.jar:/home/user/.m2/repository/org/slf4j/jul-to-slf4j/1.7.25/jul-to-slf4j-1.7.25.jar:/home/user/.m2/repository/org/eclipse/jetty/jetty-util/9.3.24.v20180605/jetty-util-9.3.24.v20180605.jar:/home/user/.m2/repository/com/fasterxml/jackson/core/jackson-databind/2.9.5/jackson-databind-2.9.5.jar:/home/user/.m2/repository/org/apache/hadoop/hadoop-kms/3.2.0/hadoop-kms-3.2.0-tests.jar:/home/user/.m2/repository/org/apache/hadoop/hadoop-hdds-server-scm/0.5.0-SNAPSHOT/hadoop-hdds-server-scm-0.5.0-SNAPSHOT-tests.jar:/home/user/.m2/repository/org/apache/hadoop/hadoop-hdds-container-service/0.5.0-SNAPSHOT/hadoop-hdds-container-service-0.5.0-SNAPSHOT-tests.jar:/home/user/.m2/repository/org/yaml/snakeyaml/1.16/snakeyaml-1.16.jar:/home/user/.m2/repository/org/apache/hadoop/hadoop-common/3.2.0/hadoop-common-3.2.0-tests.jar:/home/user/.m2/repository/org/apache/hadoop/hadoop-annotations/3.2.0/hadoop-annotations-3.2.0.jar:/usr/lib/jvm/java-1.8-openjdk/jre/../lib/tools.jar:/home/user/.m2/repository/commons-cli/commons-cli/1.2/commons-cli-1.2.jar:/home/user/.m2/repository/org/apache/httpcomponents/httpclient/4.5.2/httpclient-4.5.2.jar:/home/user/.m2/repository/org/apache/httpcomponents/httpcore/4.4.4/httpcore-4.4.4.jar:/home/user/.m2/repository/commons-codec/commons-codec/1.11/commons-codec-1.11.jar:/home/user/.m2/repository/commons-net/commons-net/3.6/commons-net-3.6.jar:/home/user/.m2/repository/commons-collections/commons-collections/3.2.2/commons-collections-3.2.2.jar:/home/user/.m2/repository/org/eclipse/jetty/jetty-servlet/9.3.24.v20180605/jetty-servlet-9.3.24.v20180605.jar:/home/user/.m2/repository/org/eclipse/jetty/jetty-security/9.3.24.v20180605/jetty-security-9.3.24.v20180605.jar:/home/user/.m2/repository/javax/servlet/jsp/jsp-api/2.1/jsp-api-2.1.jar:/home/user/.m2/repository/com/sun/jersey/jersey-servlet/1.19/jersey-servlet-1.19.jar:/home/user/.m2/repository/com/sun/jersey/jersey-json/1.19/jersey-json-1.19.jar:/home/user/.m2/repository/org/codehaus/jettison/jettison/1.1/jettison-1.1.jar:/home/user/.m2/repository/org/codehaus/jackson/jackson-core-asl/1.9.13/jackson-core-asl-1.9.13.jar:/home/user/.m2/repository/org/codehaus/jackson/jackson-mapper-asl/1.9.13/jackson-mapper-asl-1.9.13.jar:/home/user/.m2/repository/org/codehaus/jackson/jackson-jaxrs/1.9.13/jackson-jaxrs-1.9.13.jar:/home/user/.m2/repository/org/codehaus/jackson/jackson-xc/1.9.13/jackson-xc-1.9.13.jar:/home/user/.m2/repository/commons-logging/commons-logging/1.1.3/commons-logging-1.1.3.jar:/home/user/.m2/repository/commons-beanutils/commons-beanutils/1.9.3/commons-beanutils-1.9.3.jar:/home/user/.m2/repository/org/apache/commons/commons-configuration2/2.1.1/commons-configuration2-2.1.1.jar:/home/user/.m2/repository/org/apache/commons/commons-lang3/3.7/commons-lang3-3.7.jar:/home/user/.m2/repository/org/apache/commons/commons-text/1.4/commons-text-1.4.jar:/home/user/.m2/repository/org/apache/avro/avro/1.7.7/avro-1.7.7.jar:/home/user/.m2/repository/com/thoughtworks/paranamer/paranamer/2.3/paranamer-2.3.jar:/home/user/.m2/repository/org/xerial/snappy/snappy-java/1.0.5/snappy-java-1.0.5.jar:/home/user/.m2/repository/com/google/re2j/re2j/1.1/re2j-1.1.jar:/home/user/.m2/repository/com/google/code/gson/gson/2.2.4/gson-2.2.4.jar:/home/user/.m2/repository/com/jcraft/jsch/0.1.54/jsch-0.1.54.jar:/home/user/.m2/repository/org/apache/curator/curator-client/2.12.0/curator-client-2.12.0.jar:/home/user/.m2/repository/org/apache/curator/curator-recipes/2.12.0/curator-recipes-2.12.0.jar:/home/user/.m2/repository/com/google/code/findbugs/jsr305/3.0.0/jsr305-3.0.0.jar:/home/user/.m2/repository/org/apache/htrace/htrace-core4/4.1.0-incubating/htrace-core4-4.1.0-incubating.jar:/home/user/.m2/repository/org/apache/zookeeper/zookeeper/3.4.13/zookeeper-3.4.13.jar:/home/user/.m2/repository/org/apache/yetus/audience-annotations/0.5.0/audience-annotations-0.5.0.jar:/home/user/.m2/repository/org/codehaus/woodstox/stax2-api/3.1.4/stax2-api-3.1.4.jar:/home/user/.m2/repository/com/fasterxml/woodstox/woodstox-core/5.0.3/woodstox-core-5.0.3.jar:/home/user/.m2/repository/dnsjava/dnsjava/2.1.7/dnsjava-2.1.7.jar:/home/user/.m2/repository/org/apache/hadoop/hadoop-hdfs/3.2.0/hadoop-hdfs-3.2.0-tests.jar:/home/user/.m2/repository/org/eclipse/jetty/jetty-util-ajax/9.3.24.v20180605/jetty-util-ajax-9.3.24.v20180605.jar:/home/user/.m2/repository/commons-daemon/commons-daemon/1.0.13/commons-daemon-1.0.13.jar:/home/user/.m2/repository/io/netty/netty/3.10.5.Final/netty-3.10.5.Final.jar:/home/user/.m2/repository/io/netty/netty-all/4.0.52.Final/netty-all-4.0.52.Final.jar:/home/user/.m2/repository/org/fusesource/leveldbjni/leveldbjni-all/1.8/leveldbjni-all-1.8.jar:"/>
    <property name="java.vm.vendor" value="IcedTea"/>
    <property name="sun.arch.data.model" value="64"/>
    <property name="test.build.dir" value="/workdir/hadoop-ozone/integration-test/target/test-dir"/>
    <property name="test.cache.data" value=""/>
    <property name="java.vendor.url" value="https://icedtea.classpath.org"/>
    <property name="user.timezone" value=""/>
    <property name="java.vm.specification.version" value="1.8"/>
    <property name="os.name" value="Linux"/>
    <property name="test.build.data" value="/workdir/hadoop-ozone/integration-test/target/test-dir"/>
    <property name="user.country" value="US"/>
    <property name="sun.java.launcher" value="SUN_STANDARD"/>
    <property name="sun.boot.library.path" value="/usr/lib/jvm/java-1.8-openjdk/jre/lib/amd64"/>
    <property name="sun.java.command" value="/workdir/hadoop-ozone/integration-test/target/surefire/surefirebooter5746694962627322686.jar /workdir/hadoop-ozone/integration-test/target/surefire 2019-09-12T10-07-27_366-jvmRun1 surefire8168502471449754528tmp surefire_228832583016345388759tmp"/>
    <property name="test" value="!TestMiniChaosOzoneCluster"/>
    <property name="surefire.test.class.path" value="/workdir/hadoop-ozone/integration-test/target/test-classes:/workdir/hadoop-ozone/integration-test/target/classes:/home/user/.m2/repository/org/apache/hadoop/hadoop-ozone-common/0.5.0-SNAPSHOT/hadoop-ozone-common-0.5.0-SNAPSHOT.jar:/home/user/.m2/repository/org/apache/commons/commons-compress/1.4.1/commons-compress-1.4.1.jar:/home/user/.m2/repository/org/tukaani/xz/1.0/xz-1.0.jar:/home/user/.m2/repository/org/apache/hadoop/hadoop-common/3.2.0/hadoop-common-3.2.0.jar:/home/user/.m2/repository/org/apache/hadoop/hadoop-hdfs/3.2.0/hadoop-hdfs-3.2.0.jar:/home/user/.m2/repository/org/apache/hadoop/hadoop-hdfs-client/3.2.0/hadoop-hdfs-client-3.2.0.jar:/home/user/.m2/repository/com/fasterxml/jackson/core/jackson-annotations/2.9.5/jackson-annotations-2.9.5.jar:/home/user/.m2/repository/org/apache/hadoop/hadoop-hdds-common/0.5.0-SNAPSHOT/hadoop-hdds-common-0.5.0-SNAPSHOT.jar:/home/user/.m2/repository/javax/annotation/javax.annotation-api/1.2/javax.annotation-api-1.2.jar:/home/user/.m2/repository/org/apache/ratis/ratis-server/0.4.0-2337318-SNAPSHOT/ratis-server-0.4.0-2337318-SNAPSHOT.jar:/home/user/.m2/repository/org/apache/ratis/ratis-thirdparty-misc/0.2.0/ratis-thirdparty-misc-0.2.0.jar:/home/user/.m2/repository/org/apache/ratis/ratis-proto/0.4.0-2337318-SNAPSHOT/ratis-proto-0.4.0-2337318-SNAPSHOT.jar:/home/user/.m2/repository/org/apache/ratis/ratis-common/0.4.0-2337318-SNAPSHOT/ratis-common-0.4.0-2337318-SNAPSHOT.jar:/home/user/.m2/repository/org/apache/ratis/ratis-client/0.4.0-2337318-SNAPSHOT/ratis-client-0.4.0-2337318-SNAPSHOT.jar:/home/user/.m2/repository/org/apache/ratis/ratis-metrics/0.4.0-2337318-SNAPSHOT/ratis-metrics-0.4.0-2337318-SNAPSHOT.jar:/home/user/.m2/repository/org/apache/ratis/ratis-netty/0.4.0-2337318-SNAPSHOT/ratis-netty-0.4.0-2337318-SNAPSHOT.jar:/home/user/.m2/repository/org/apache/ratis/ratis-grpc/0.4.0-2337318-SNAPSHOT/ratis-grpc-0.4.0-2337318-SNAPSHOT.jar:/home/user/.m2/repository/org/rocksdb/rocksdbjni/6.0.1/rocksdbjni-6.0.1.jar:/home/user/.m2/repository/org/apache/logging/log4j/log4j-api/2.11.0/log4j-api-2.11.0.jar:/home/user/.m2/repository/org/apache/logging/log4j/log4j-core/2.11.0/log4j-core-2.11.0.jar:/home/user/.m2/repository/com/lmax/disruptor/3.4.2/disruptor-3.4.2.jar:/home/user/.m2/repository/org/apache/commons/commons-pool2/2.6.0/commons-pool2-2.6.0.jar:/home/user/.m2/repository/org/bouncycastle/bcpkix-jdk15on/1.60/bcpkix-jdk15on-1.60.jar:/home/user/.m2/repository/commons-validator/commons-validator/1.6/commons-validator-1.6.jar:/home/user/.m2/repository/commons-digester/commons-digester/1.8.1/commons-digester-1.8.1.jar:/home/user/.m2/repository/io/jaegertracing/jaeger-client/0.33.1/jaeger-client-0.33.1.jar:/home/user/.m2/repository/io/jaegertracing/jaeger-thrift/0.33.1/jaeger-thrift-0.33.1.jar:/home/user/.m2/repository/org/apache/thrift/libthrift/0.11.0/libthrift-0.11.0.jar:/home/user/.m2/repository/com/squareup/okhttp3/okhttp/3.9.0/okhttp-3.9.0.jar:/home/user/.m2/repository/com/squareup/okio/okio/1.13.0/okio-1.13.0.jar:/home/user/.m2/repository/io/jaegertracing/jaeger-core/0.33.1/jaeger-core-0.33.1.jar:/home/user/.m2/repository/io/jaegertracing/jaeger-tracerresolver/0.33.1/jaeger-tracerresolver-0.33.1.jar:/home/user/.m2/repository/io/opentracing/contrib/opentracing-tracerresolver/0.1.5/opentracing-tracerresolver-0.1.5.jar:/home/user/.m2/repository/io/opentracing/opentracing-util/0.31.0/opentracing-util-0.31.0.jar:/home/user/.m2/repository/io/opentracing/opentracing-api/0.31.0/opentracing-api-0.31.0.jar:/home/user/.m2/repository/io/opentracing/opentracing-noop/0.31.0/opentracing-noop-0.31.0.jar:/home/user/.m2/repository/org/apache/hadoop/hadoop-hdds-server-framework/0.5.0-SNAPSHOT/hadoop-hdds-server-framework-0.5.0-SNAPSHOT.jar:/home/user/.m2/repository/org/apache/hadoop/hadoop-hdds-container-service/0.5.0-SNAPSHOT/hadoop-hdds-container-service-0.5.0-SNAPSHOT.jar:/home/user/.m2/repository/org/apache/hadoop/hadoop-hdds-client/0.5.0-SNAPSHOT/hadoop-hdds-client-0.5.0-SNAPSHOT.jar:/home/user/.m2/repository/org/apache/hadoop/hadoop-hdds-tools/0.5.0-SNAPSHOT/hadoop-hdds-tools-0.5.0-SNAPSHOT.jar:/home/user/.m2/repository/org/apache/hadoop/hadoop-hdds-server-scm/0.5.0-SNAPSHOT/hadoop-hdds-server-scm-0.5.0-SNAPSHOT.jar:/home/user/.m2/repository/org/apache/hadoop/hadoop-hdds-docs/0.5.0-SNAPSHOT/hadoop-hdds-docs-0.5.0-SNAPSHOT.jar:/home/user/.m2/repository/io/dropwizard/metrics/metrics-core/3.2.4/metrics-core-3.2.4.jar:/home/user/.m2/repository/org/hamcrest/hamcrest-all/1.3/hamcrest-all-1.3.jar:/home/user/.m2/repository/org/bouncycastle/bcprov-jdk15on/1.60/bcprov-jdk15on-1.60.jar:/home/user/.m2/repository/info/picocli/picocli/3.9.6/picocli-3.9.6.jar:/home/user/.m2/repository/com/google/protobuf/protobuf-java/2.5.0/protobuf-java-2.5.0.jar:/home/user/.m2/repository/com/google/guava/guava/11.0.2/guava-11.0.2.jar:/home/user/.m2/repository/org/apache/hadoop/hadoop-ozone-ozone-manager/0.5.0-SNAPSHOT/hadoop-ozone-ozone-manager-0.5.0-SNAPSHOT.jar:/home/user/.m2/repository/org/apache/hadoop/hadoop-minikdc/3.2.0/hadoop-minikdc-3.2.0.jar:/home/user/.m2/repository/commons-io/commons-io/2.5/commons-io-2.5.jar:/home/user/.m2/repository/org/apache/kerby/kerb-simplekdc/1.0.1/kerb-simplekdc-1.0.1.jar:/home/user/.m2/repository/org/apache/kerby/kerb-client/1.0.1/kerb-client-1.0.1.jar:/home/user/.m2/repository/org/apache/kerby/kerby-config/1.0.1/kerby-config-1.0.1.jar:/home/user/.m2/repository/org/apache/kerby/kerb-core/1.0.1/kerb-core-1.0.1.jar:/home/user/.m2/repository/org/apache/kerby/kerby-pkix/1.0.1/kerby-pkix-1.0.1.jar:/home/user/.m2/repository/org/apache/kerby/kerby-asn1/1.0.1/kerby-asn1-1.0.1.jar:/home/user/.m2/repository/org/apache/kerby/kerby-util/1.0.1/kerby-util-1.0.1.jar:/home/user/.m2/repository/org/apache/kerby/kerb-common/1.0.1/kerb-common-1.0.1.jar:/home/user/.m2/repository/org/apache/kerby/kerb-crypto/1.0.1/kerb-crypto-1.0.1.jar:/home/user/.m2/repository/org/apache/kerby/kerb-util/1.0.1/kerb-util-1.0.1.jar:/home/user/.m2/repository/org/apache/kerby/token-provider/1.0.1/token-provider-1.0.1.jar:/home/user/.m2/repository/org/apache/kerby/kerb-admin/1.0.1/kerb-admin-1.0.1.jar:/home/user/.m2/repository/org/apache/kerby/kerb-server/1.0.1/kerb-server-1.0.1.jar:/home/user/.m2/repository/org/apache/kerby/kerb-identity/1.0.1/kerb-identity-1.0.1.jar:/home/user/.m2/repository/org/apache/kerby/kerby-xdr/1.0.1/kerby-xdr-1.0.1.jar:/home/user/.m2/repository/org/slf4j/slf4j-log4j12/1.7.25/slf4j-log4j12-1.7.25.jar:/home/user/.m2/repository/org/apache/hadoop/hadoop-ozone-objectstore-service/0.5.0-SNAPSHOT/hadoop-ozone-objectstore-service-0.5.0-SNAPSHOT.jar:/home/user/.m2/repository/org/apache/hadoop/hadoop-ozone-s3gateway/0.5.0-SNAPSHOT/hadoop-ozone-s3gateway-0.5.0-SNAPSHOT.jar:/home/user/.m2/repository/org/jboss/weld/servlet/weld-servlet/2.4.7.Final/weld-servlet-2.4.7.Final.jar:/home/user/.m2/repository/org/glassfish/jersey/containers/jersey-container-servlet-core/2.27/jersey-container-servlet-core-2.27.jar:/home/user/.m2/repository/org/glassfish/hk2/external/javax.inject/2.5.0-b42/javax.inject-2.5.0-b42.jar:/home/user/.m2/repository/org/glassfish/jersey/core/jersey-common/2.27/jersey-common-2.27.jar:/home/user/.m2/repository/org/glassfish/hk2/osgi-resource-locator/1.0.1/osgi-resource-locator-1.0.1.jar:/home/user/.m2/repository/javax/ws/rs/javax.ws.rs-api/2.1/javax.ws.rs-api-2.1.jar:/home/user/.m2/repository/org/glassfish/jersey/ext/cdi/jersey-cdi1x/2.27/jersey-cdi1x-2.27.jar:/home/user/.m2/repository/org/glassfish/jersey/inject/jersey-hk2/2.27/jersey-hk2-2.27.jar:/home/user/.m2/repository/org/glassfish/hk2/hk2-locator/2.5.0-b42/hk2-locator-2.5.0-b42.jar:/home/user/.m2/repository/org/javassist/javassist/3.22.0-CR2/javassist-3.22.0-CR2.jar:/home/user/.m2/repository/org/glassfish/hk2/hk2-api/2.5.0/hk2-api-2.5.0.jar:/home/user/.m2/repository/org/glassfish/hk2/external/jakarta.inject/2.5.0/jakarta.inject-2.5.0.jar:/home/user/.m2/repository/org/glassfish/hk2/hk2-utils/2.5.0/hk2-utils-2.5.0.jar:/home/user/.m2/repository/jakarta/annotation/jakarta.annotation-api/1.3.4/jakarta.annotation-api-1.3.4.jar:/home/user/.m2/repository/org/glassfish/hk2/external/aopalliance-repackaged/2.5.0/aopalliance-repackaged-2.5.0.jar:/home/user/.m2/repository/com/fasterxml/jackson/dataformat/jackson-dataformat-xml/2.9.0/jackson-dataformat-xml-2.9.0.jar:/home/user/.m2/repository/com/fasterxml/jackson/core/jackson-core/2.9.5/jackson-core-2.9.5.jar:/home/user/.m2/repository/com/fasterxml/jackson/module/jackson-module-jaxb-annotations/2.9.5/jackson-module-jaxb-annotations-2.9.5.jar:/home/user/.m2/repository/javax/enterprise/cdi-api/1.2/cdi-api-1.2.jar:/home/user/.m2/repository/javax/el/javax.el-api/3.0.0/javax.el-api-3.0.0.jar:/home/user/.m2/repository/javax/interceptor/javax.interceptor-api/1.2/javax.interceptor-api-1.2.jar:/home/user/.m2/repository/javax/inject/javax.inject/1/javax.inject-1.jar:/home/user/.m2/repository/com/sun/xml/bind/jaxb-impl/2.3.0.1/jaxb-impl-2.3.0.1.jar:/home/user/.m2/repository/com/sun/xml/bind/jaxb-core/2.3.0.1/jaxb-core-2.3.0.1.jar:/home/user/.m2/repository/javax/xml/bind/jaxb-api/2.3.0/jaxb-api-2.3.0.jar:/home/user/.m2/repository/javax/activation/activation/1.1.1/activation-1.1.1.jar:/home/user/.m2/repository/org/apache/hadoop/hadoop-ozone-csi/0.5.0-SNAPSHOT/hadoop-ozone-csi-0.5.0-SNAPSHOT.jar:/home/user/.m2/repository/com/google/protobuf/protobuf-java-util/3.5.1/protobuf-java-util-3.5.1.jar:/home/user/.m2/repository/org/apache/hadoop/hadoop-hdds-config/0.5.0-SNAPSHOT/hadoop-hdds-config-0.5.0-SNAPSHOT.jar:/home/user/.m2/repository/io/grpc/grpc-netty/1.17.1/grpc-netty-1.17.1.jar:/home/user/.m2/repository/io/grpc/grpc-core/1.17.1/grpc-core-1.17.1.jar:/home/user/.m2/repository/io/grpc/grpc-context/1.17.1/grpc-context-1.17.1.jar:/home/user/.m2/repository/com/google/errorprone/error_prone_annotations/2.2.0/error_prone_annotations-2.2.0.jar:/home/user/.m2/repository/org/codehaus/mojo/animal-sniffer-annotations/1.17/animal-sniffer-annotations-1.17.jar:/home/user/.m2/repository/io/opencensus/opencensus-api/0.17.0/opencensus-api-0.17.0.jar:/home/user/.m2/repository/io/opencensus/opencensus-contrib-grpc-metrics/0.17.0/opencensus-contrib-grpc-metrics-0.17.0.jar:/home/user/.m2/repository/io/netty/netty-codec-http2/4.1.30.Final/netty-codec-http2-4.1.30.Final.jar:/home/user/.m2/repository/io/netty/netty-codec-http/4.1.30.Final/netty-codec-http-4.1.30.Final.jar:/home/user/.m2/repository/io/netty/netty-codec/4.1.30.Final/netty-codec-4.1.30.Final.jar:/home/user/.m2/repository/io/netty/netty-handler/4.1.30.Final/netty-handler-4.1.30.Final.jar:/home/user/.m2/repository/io/netty/netty-handler-proxy/4.1.30.Final/netty-handler-proxy-4.1.30.Final.jar:/home/user/.m2/repository/io/netty/netty-codec-socks/4.1.30.Final/netty-codec-socks-4.1.30.Final.jar:/home/user/.m2/repository/io/netty/netty-transport-native-epoll/4.1.30.Final/netty-transport-native-epoll-4.1.30.Final.jar:/home/user/.m2/repository/io/netty/netty-common/4.1.30.Final/netty-common-4.1.30.Final.jar:/home/user/.m2/repository/io/netty/netty-buffer/4.1.30.Final/netty-buffer-4.1.30.Final.jar:/home/user/.m2/repository/io/netty/netty-transport/4.1.30.Final/netty-transport-4.1.30.Final.jar:/home/user/.m2/repository/io/netty/netty-resolver/4.1.30.Final/netty-resolver-4.1.30.Final.jar:/home/user/.m2/repository/io/netty/netty-transport-native-unix-common/4.1.30.Final/netty-transport-native-unix-common-4.1.30.Final.jar:/home/user/.m2/repository/io/grpc/grpc-protobuf/1.17.1/grpc-protobuf-1.17.1.jar:/home/user/.m2/repository/com/google/api/grpc/proto-google-common-protos/1.0.0/proto-google-common-protos-1.0.0.jar:/home/user/.m2/repository/io/grpc/grpc-protobuf-lite/1.17.1/grpc-protobuf-lite-1.17.1.jar:/home/user/.m2/repository/io/grpc/grpc-stub/1.17.1/grpc-stub-1.17.1.jar:/home/user/.m2/repository/org/apache/hadoop/hadoop-ozone-recon/0.5.0-SNAPSHOT/hadoop-ozone-recon-0.5.0-SNAPSHOT.jar:/home/user/.m2/repository/org/apache/hadoop/hadoop-ozone-reconcodegen/0.5.0-SNAPSHOT/hadoop-ozone-reconcodegen-0.5.0-SNAPSHOT.jar:/home/user/.m2/repository/com/google/inject/extensions/guice-multibindings/4.0/guice-multibindings-4.0.jar:/home/user/.m2/repository/com/google/inject/guice/4.0/guice-4.0.jar:/home/user/.m2/repository/aopalliance/aopalliance/1.0/aopalliance-1.0.jar:/home/user/.m2/repository/com/google/inject/extensions/guice-servlet/4.0/guice-servlet-4.0.jar:/home/user/.m2/repository/org/glassfish/jersey/containers/jersey-container-servlet/2.27/jersey-container-servlet-2.27.jar:/home/user/.m2/repository/org/glassfish/hk2/guice-bridge/2.5.0/guice-bridge-2.5.0.jar:/home/user/.m2/repository/org/glassfish/jersey/core/jersey-server/2.27/jersey-server-2.27.jar:/home/user/.m2/repository/org/glassfish/jersey/core/jersey-client/2.27/jersey-client-2.27.jar:/home/user/.m2/repository/org/glassfish/jersey/media/jersey-media-jaxb/2.27/jersey-media-jaxb-2.27.jar:/home/user/.m2/repository/javax/validation/validation-api/1.1.0.Final/validation-api-1.1.0.Final.jar:/home/user/.m2/repository/org/glassfish/jersey/media/jersey-media-json-jackson/2.27/jersey-media-json-jackson-2.27.jar:/home/user/.m2/repository/org/glassfish/jersey/ext/jersey-entity-filtering/2.27/jersey-entity-filtering-2.27.jar:/home/user/.m2/repository/com/google/inject/extensions/guice-assistedinject/4.0/guice-assistedinject-4.0.jar:/home/user/.m2/repository/org/jooq/jooq/3.11.10/jooq-3.11.10.jar:/home/user/.m2/repository/org/jooq/jooq-meta/3.11.10/jooq-meta-3.11.10.jar:/home/user/.m2/repository/org/jooq/jooq-codegen/3.11.10/jooq-codegen-3.11.10.jar:/home/user/.m2/repository/com/jolbox/bonecp/0.8.0.RELEASE/bonecp-0.8.0.RELEASE.jar:/home/user/.m2/repository/org/xerial/sqlite-jdbc/3.25.2/sqlite-jdbc-3.25.2.jar:/home/user/.m2/repository/org/springframework/spring-jdbc/5.1.3.RELEASE/spring-jdbc-5.1.3.RELEASE.jar:/home/user/.m2/repository/org/springframework/spring-beans/5.1.3.RELEASE/spring-beans-5.1.3.RELEASE.jar:/home/user/.m2/repository/org/springframework/spring-core/5.1.3.RELEASE/spring-core-5.1.3.RELEASE.jar:/home/user/.m2/repository/org/springframework/spring-jcl/5.1.3.RELEASE/spring-jcl-5.1.3.RELEASE.jar:/home/user/.m2/repository/org/springframework/spring-tx/5.1.3.RELEASE/spring-tx-5.1.3.RELEASE.jar:/home/user/.m2/repository/org/apache/hadoop/hadoop-ozone-client/0.5.0-SNAPSHOT/hadoop-ozone-client-0.5.0-SNAPSHOT.jar:/home/user/.m2/repository/commons-lang/commons-lang/2.6/commons-lang-2.6.jar:/home/user/.m2/repository/org/apache/hadoop/hadoop-ozone-ozone-manager/0.5.0-SNAPSHOT/hadoop-ozone-ozone-manager-0.5.0-SNAPSHOT-tests.jar:/home/user/.m2/repository/junit/junit/4.11/junit-4.11.jar:/home/user/.m2/repository/org/hamcrest/hamcrest-core/1.3/hamcrest-core-1.3.jar:/home/user/.m2/repository/org/openjdk/jmh/jmh-core/1.19/jmh-core-1.19.jar:/home/user/.m2/repository/net/sf/jopt-simple/jopt-simple/4.6/jopt-simple-4.6.jar:/home/user/.m2/repository/org/apache/commons/commons-math3/3.1.1/commons-math3-3.1.1.jar:/home/user/.m2/repository/org/openjdk/jmh/jmh-generator-annprocess/1.19/jmh-generator-annprocess-1.19.jar:/home/user/.m2/repository/org/mockito/mockito-all/1.8.5/mockito-all-1.8.5.jar:/home/user/.m2/repository/org/apache/hadoop/hadoop-kms/3.2.0/hadoop-kms-3.2.0.jar:/home/user/.m2/repository/org/apache/hadoop/hadoop-auth/3.2.0/hadoop-auth-3.2.0.jar:/home/user/.m2/repository/com/nimbusds/nimbus-jose-jwt/4.41.1/nimbus-jose-jwt-4.41.1.jar:/home/user/.m2/repository/com/github/stephenc/jcip/jcip-annotations/1.0-1/jcip-annotations-1.0-1.jar:/home/user/.m2/repository/net/minidev/json-smart/2.3/json-smart-2.3.jar:/home/user/.m2/repository/net/minidev/accessors-smart/1.2/accessors-smart-1.2.jar:/home/user/.m2/repository/org/ow2/asm/asm/5.0.4/asm-5.0.4.jar:/home/user/.m2/repository/org/apache/curator/curator-framework/2.12.0/curator-framework-2.12.0.jar:/home/user/.m2/repository/com/sun/jersey/jersey-core/1.19/jersey-core-1.19.jar:/home/user/.m2/repository/javax/ws/rs/jsr311-api/1.1.1/jsr311-api-1.1.1.jar:/home/user/.m2/repository/com/sun/jersey/jersey-server/1.19/jersey-server-1.19.jar:/home/user/.m2/repository/javax/servlet/javax.servlet-api/3.1.0/javax.servlet-api-3.1.0.jar:/home/user/.m2/repository/org/eclipse/jetty/jetty-server/9.3.24.v20180605/jetty-server-9.3.24.v20180605.jar:/home/user/.m2/repository/org/eclipse/jetty/jetty-http/9.3.24.v20180605/jetty-http-9.3.24.v20180605.jar:/home/user/.m2/repository/org/eclipse/jetty/jetty-io/9.3.24.v20180605/jetty-io-9.3.24.v20180605.jar:/home/user/.m2/repository/org/eclipse/jetty/jetty-webapp/9.3.24.v20180605/jetty-webapp-9.3.24.v20180605.jar:/home/user/.m2/repository/org/eclipse/jetty/jetty-xml/9.3.24.v20180605/jetty-xml-9.3.24.v20180605.jar:/home/user/.m2/repository/log4j/log4j/1.2.17/log4j-1.2.17.jar:/home/user/.m2/repository/org/slf4j/slf4j-api/1.7.25/slf4j-api-1.7.25.jar:/home/user/.m2/repository/org/slf4j/jul-to-slf4j/1.7.25/jul-to-slf4j-1.7.25.jar:/home/user/.m2/repository/org/eclipse/jetty/jetty-util/9.3.24.v20180605/jetty-util-9.3.24.v20180605.jar:/home/user/.m2/repository/com/fasterxml/jackson/core/jackson-databind/2.9.5/jackson-databind-2.9.5.jar:/home/user/.m2/repository/org/apache/hadoop/hadoop-kms/3.2.0/hadoop-kms-3.2.0-tests.jar:/home/user/.m2/repository/org/apache/hadoop/hadoop-hdds-server-scm/0.5.0-SNAPSHOT/hadoop-hdds-server-scm-0.5.0-SNAPSHOT-tests.jar:/home/user/.m2/repository/org/apache/hadoop/hadoop-hdds-container-service/0.5.0-SNAPSHOT/hadoop-hdds-container-service-0.5.0-SNAPSHOT-tests.jar:/home/user/.m2/repository/org/yaml/snakeyaml/1.16/snakeyaml-1.16.jar:/home/user/.m2/repository/org/apache/hadoop/hadoop-common/3.2.0/hadoop-common-3.2.0-tests.jar:/home/user/.m2/repository/org/apache/hadoop/hadoop-annotations/3.2.0/hadoop-annotations-3.2.0.jar:/usr/lib/jvm/java-1.8-openjdk/jre/../lib/tools.jar:/home/user/.m2/repository/commons-cli/commons-cli/1.2/commons-cli-1.2.jar:/home/user/.m2/repository/org/apache/httpcomponents/httpclient/4.5.2/httpclient-4.5.2.jar:/home/user/.m2/repository/org/apache/httpcomponents/httpcore/4.4.4/httpcore-4.4.4.jar:/home/user/.m2/repository/commons-codec/commons-codec/1.11/commons-codec-1.11.jar:/home/user/.m2/repository/commons-net/commons-net/3.6/commons-net-3.6.jar:/home/user/.m2/repository/commons-collections/commons-collections/3.2.2/commons-collections-3.2.2.jar:/home/user/.m2/repository/org/eclipse/jetty/jetty-servlet/9.3.24.v20180605/jetty-servlet-9.3.24.v20180605.jar:/home/user/.m2/repository/org/eclipse/jetty/jetty-security/9.3.24.v20180605/jetty-security-9.3.24.v20180605.jar:/home/user/.m2/repository/javax/servlet/jsp/jsp-api/2.1/jsp-api-2.1.jar:/home/user/.m2/repository/com/sun/jersey/jersey-servlet/1.19/jersey-servlet-1.19.jar:/home/user/.m2/repository/com/sun/jersey/jersey-json/1.19/jersey-json-1.19.jar:/home/user/.m2/repository/org/codehaus/jettison/jettison/1.1/jettison-1.1.jar:/home/user/.m2/repository/org/codehaus/jackson/jackson-core-asl/1.9.13/jackson-core-asl-1.9.13.jar:/home/user/.m2/repository/org/codehaus/jackson/jackson-mapper-asl/1.9.13/jackson-mapper-asl-1.9.13.jar:/home/user/.m2/repository/org/codehaus/jackson/jackson-jaxrs/1.9.13/jackson-jaxrs-1.9.13.jar:/home/user/.m2/repository/org/codehaus/jackson/jackson-xc/1.9.13/jackson-xc-1.9.13.jar:/home/user/.m2/repository/commons-logging/commons-logging/1.1.3/commons-logging-1.1.3.jar:/home/user/.m2/repository/commons-beanutils/commons-beanutils/1.9.3/commons-beanutils-1.9.3.jar:/home/user/.m2/repository/org/apache/commons/commons-configuration2/2.1.1/commons-configuration2-2.1.1.jar:/home/user/.m2/repository/org/apache/commons/commons-lang3/3.7/commons-lang3-3.7.jar:/home/user/.m2/repository/org/apache/commons/commons-text/1.4/commons-text-1.4.jar:/home/user/.m2/repository/org/apache/avro/avro/1.7.7/avro-1.7.7.jar:/home/user/.m2/repository/com/thoughtworks/paranamer/paranamer/2.3/paranamer-2.3.jar:/home/user/.m2/repository/org/xerial/snappy/snappy-java/1.0.5/snappy-java-1.0.5.jar:/home/user/.m2/repository/com/google/re2j/re2j/1.1/re2j-1.1.jar:/home/user/.m2/repository/com/google/code/gson/gson/2.2.4/gson-2.2.4.jar:/home/user/.m2/repository/com/jcraft/jsch/0.1.54/jsch-0.1.54.jar:/home/user/.m2/repository/org/apache/curator/curator-client/2.12.0/curator-client-2.12.0.jar:/home/user/.m2/repository/org/apache/curator/curator-recipes/2.12.0/curator-recipes-2.12.0.jar:/home/user/.m2/repository/com/google/code/findbugs/jsr305/3.0.0/jsr305-3.0.0.jar:/home/user/.m2/repository/org/apache/htrace/htrace-core4/4.1.0-incubating/htrace-core4-4.1.0-incubating.jar:/home/user/.m2/repository/org/apache/zookeeper/zookeeper/3.4.13/zookeeper-3.4.13.jar:/home/user/.m2/repository/org/apache/yetus/audience-annotations/0.5.0/audience-annotations-0.5.0.jar:/home/user/.m2/repository/org/codehaus/woodstox/stax2-api/3.1.4/stax2-api-3.1.4.jar:/home/user/.m2/repository/com/fasterxml/woodstox/woodstox-core/5.0.3/woodstox-core-5.0.3.jar:/home/user/.m2/repository/dnsjava/dnsjava/2.1.7/dnsjava-2.1.7.jar:/home/user/.m2/repository/org/apache/hadoop/hadoop-hdfs/3.2.0/hadoop-hdfs-3.2.0-tests.jar:/home/user/.m2/repository/org/eclipse/jetty/jetty-util-ajax/9.3.24.v20180605/jetty-util-ajax-9.3.24.v20180605.jar:/home/user/.m2/repository/commons-daemon/commons-daemon/1.0.13/commons-daemon-1.0.13.jar:/home/user/.m2/repository/io/netty/netty/3.10.5.Final/netty-3.10.5.Final.jar:/home/user/.m2/repository/io/netty/netty-all/4.0.52.Final/netty-all-4.0.52.Final.jar:/home/user/.m2/repository/org/fusesource/leveldbjni/leveldbjni-all/1.8/leveldbjni-all-1.8.jar:"/>
    <property name="sun.cpu.endian" value="little"/>
    <property name="user.home" value="/home/user"/>
    <property name="user.language" value="en"/>
    <property name="java.specification.vendor" value="Oracle Corporation"/>
    <property name="java.home" value="/usr/lib/jvm/java-1.8-openjdk/jre"/>
    <property name="java.security.krb5.conf" value="/workdir/hadoop-ozone/integration-test/target/test-classes/krb5.conf"/>
    <property name="basedir" value="/workdir/hadoop-ozone/integration-test"/>
    <property name="file.separator" value="/"/>
    <property name="line.separator" value="&#10;"/>
    <property name="java.vm.specification.vendor" value="Oracle Corporation"/>
    <property name="java.specification.name" value="Java Platform API Specification"/>
    <property name="java.awt.graphicsenv" value="sun.awt.X11GraphicsEnvironment"/>
    <property name="surefire.real.class.path" value="/workdir/hadoop-ozone/integration-test/target/surefire/surefirebooter5746694962627322686.jar"/>
    <property name="hadoop.log.dir" value="/workdir/hadoop-ozone/integration-test/target/log"/>
    <property name="sun.boot.class.path" value="/usr/lib/jvm/java-1.8-openjdk/jre/lib/resources.jar:/usr/lib/jvm/java-1.8-openjdk/jre/lib/rt.jar:/usr/lib/jvm/java-1.8-openjdk/jre/lib/sunrsasign.jar:/usr/lib/jvm/java-1.8-openjdk/jre/lib/jsse.jar:/usr/lib/jvm/java-1.8-openjdk/jre/lib/jce.jar:/usr/lib/jvm/java-1.8-openjdk/jre/lib/charsets.jar:/usr/lib/jvm/java-1.8-openjdk/jre/lib/jfr.jar:/usr/lib/jvm/java-1.8-openjdk/jre/classes"/>
    <property name="sun.management.compiler" value="HotSpot 64-Bit Tiered Compilers"/>
    <property name="java.runtime.version" value="1.8.0_212-b04"/>
    <property name="java.net.preferIPv4Stack" value="true"/>
    <property name="user.name" value="jenkins1000"/>
    <property name="path.separator" value=":"/>
    <property name="java.security.egd" value="file:///dev/urandom"/>
    <property name="os.version" value="3.10.0-957.12.2.el7.x86_64"/>
    <property name="java.endorsed.dirs" value="/usr/lib/jvm/java-1.8-openjdk/jre/lib/endorsed"/>
    <property name="java.runtime.name" value="OpenJDK Runtime Environment"/>
    <property name="file.encoding" value="UTF-8"/>
    <property name="java.vm.name" value="OpenJDK 64-Bit Server VM"/>
    <property name="test.build.webapps" value=""/>
    <property name="localRepository" value="/home/user/.m2/repository"/>
    <property name="java.vendor.url.bug" value="https://icedtea.classpath.org/bugzilla"/>
    <property name="java.io.tmpdir" value="/tmp"/>
    <property name="require.test.libhadoop" value=""/>
    <property name="java.version" value="1.8.0_212"/>
    <property name="user.dir" value="/workdir/hadoop-ozone/integration-test"/>
    <property name="os.arch" value="amd64"/>
    <property name="java.vm.specification.name" value="Java Virtual Machine Specification"/>
    <property name="test.build.classes" value="/workdir/hadoop-ozone/integration-test/target/test-classes"/>
    <property name="java.awt.printerjob" value="sun.print.PSPrinterJob"/>
    <property name="sun.os.patch.level" value="unknown"/>
    <property name="hadoop.tmp.dir" value="/workdir/hadoop-ozone/integration-test/target/tmp"/>
    <property name="java.library.path" value="/usr/lib/jvm/java-1.8-openjdk/jre/lib/amd64/server:/usr/lib/jvm/java-1.8-openjdk/jre/lib/amd64:/usr/lib/jvm/java-1.8-openjdk/jre/../lib/amd64:/workdir/hadoop-ozone/integration-test/target/native/target/usr/local/lib:/workdir/hadoop-ozone/integration-test/../../hadoop-common-project/hadoop-common/target/native/target/usr/local/lib:/usr/java/packages/lib/amd64:/usr/lib64:/lib64:/lib:/usr/lib"/>
    <property name="java.vm.info" value="mixed mode"/>
    <property name="java.vendor" value="IcedTea"/>
    <property name="java.vm.version" value="25.212-b04"/>
    <property name="java.ext.dirs" value="/usr/lib/jvm/java-1.8-openjdk/jre/lib/ext:/usr/java/packages/lib/ext"/>
    <property name="sun.io.unicode.encoding" value="UnicodeLittle"/>
    <property name="java.class.version" value="52.0"/>
  </properties>
  <testcase name="testPutKeyAndGetKeyThreeNodes" classname="org.apache.hadoop.ozone.client.rpc.TestReadRetries" time="2.931">
    <error message="Allocated 0 blocks. Requested 1 blocks" type="INTERNAL_ERROR org.apache.hadoop.ozone.om.exceptions.OMException">INTERNAL_ERROR org.apache.hadoop.ozone.om.exceptions.OMException: Allocated 0 blocks. Requested 1 blocks
	at org.apache.hadoop.ozone.om.protocolPB.OzoneManagerProtocolClientSideTranslatorPB.handleError(OzoneManagerProtocolClientSideTranslatorPB.java:725)
	at org.apache.hadoop.ozone.om.protocolPB.OzoneManagerProtocolClientSideTranslatorPB.openKey(OzoneManagerProtocolClientSideTranslatorPB.java:716)
	at org.apache.hadoop.ozone.client.rpc.RpcClient.createKey(RpcClient.java:615)
	at org.apache.hadoop.ozone.client.OzoneBucket.createKey(OzoneBucket.java:323)
	at org.apache.hadoop.ozone.client.rpc.TestReadRetries.testPutKeyAndGetKeyThreeNodes(TestReadRetries.java:137)
	at sun.reflect.NativeMethodAccessorImpl.invoke0(Native Method)
	at sun.reflect.NativeMethodAccessorImpl.invoke(NativeMethodAccessorImpl.java:62)
	at sun.reflect.DelegatingMethodAccessorImpl.invoke(DelegatingMethodAccessorImpl.java:43)
	at java.lang.reflect.Method.invoke(Method.java:498)
	at org.junit.runners.model.FrameworkMethod$1.runReflectiveCall(FrameworkMethod.java:47)
	at org.junit.internal.runners.model.ReflectiveCallable.run(ReflectiveCallable.java:12)
	at org.junit.runners.model.FrameworkMethod.invokeExplosively(FrameworkMethod.java:44)
	at org.junit.internal.runners.statements.InvokeMethod.evaluate(InvokeMethod.java:17)
	at org.junit.rules.ExpectedException$ExpectedExceptionStatement.evaluate(ExpectedException.java:168)
	at org.junit.rules.RunRules.evaluate(RunRules.java:20)
	at org.junit.runners.ParentRunner.runLeaf(ParentRunner.java:271)
	at org.junit.runners.BlockJUnit4ClassRunner.runChild(BlockJUnit4ClassRunner.java:70)
	at org.junit.runners.BlockJUnit4ClassRunner.runChild(BlockJUnit4ClassRunner.java:50)
	at org.junit.runners.ParentRunner$3.run(ParentRunner.java:238)
	at org.junit.runners.ParentRunner$1.schedule(ParentRunner.java:63)
	at org.junit.runners.ParentRunner.runChildren(ParentRunner.java:236)
	at org.junit.runners.ParentRunner.access$000(ParentRunner.java:53)
	at org.junit.runners.ParentRunner$2.evaluate(ParentRunner.java:229)
	at org.junit.internal.runners.statements.RunBefores.evaluate(RunBefores.java:26)
	at org.junit.internal.runners.statements.RunAfters.evaluate(RunAfters.java:27)
	at org.junit.runners.ParentRunner.run(ParentRunner.java:309)
	at org.apache.maven.surefire.junit4.JUnit4Provider.execute(JUnit4Provider.java:365)
	at org.apache.maven.surefire.junit4.JUnit4Provider.executeWithRerun(JUnit4Provider.java:273)
	at org.apache.maven.surefire.junit4.JUnit4Provider.executeTestSet(JUnit4Provider.java:238)
	at org.apache.maven.surefire.junit4.JUnit4Provider.invoke(JUnit4Provider.java:159)
	at org.apache.maven.surefire.booter.ForkedBooter.invokeProviderInSameClassLoader(ForkedBooter.java:384)
	at org.apache.maven.surefire.booter.ForkedBooter.runSuitesInProcess(ForkedBooter.java:345)
	at org.apache.maven.surefire.booter.ForkedBooter.execute(ForkedBooter.java:126)
	at org.apache.maven.surefire.booter.ForkedBooter.main(ForkedBooter.java:418)
</error>
    <system-out><![CDATA[2019-09-12 10:35:30,538 [main] WARN  server.ServerUtils (ServerUtils.java:getScmDbDir(145)) - ozone.scm.db.dirs is not configured. We recommend adding this setting. Falling back to ozone.metadata.dirs instead.
2019-09-12 10:35:30,677 [main] WARN  server.ServerUtils (ServerUtils.java:getScmDbDir(145)) - ozone.scm.db.dirs is not configured. We recommend adding this setting. Falling back to ozone.metadata.dirs instead.
2019-09-12 10:35:30,680 [main] WARN  server.ServerUtils (ServerUtils.java:getScmDbDir(145)) - ozone.scm.db.dirs is not configured. We recommend adding this setting. Falling back to ozone.metadata.dirs instead.
2019-09-12 10:35:30,700 [main] INFO  util.log (Log.java:initialized(192)) - Logging initialized @990ms
2019-09-12 10:35:30,840 [main] INFO  db.DBStoreBuilder (DBStoreBuilder.java:addTable(110)) - using custom profile for table: deletedBlocks
2019-09-12 10:35:30,840 [main] INFO  db.DBStoreBuilder (DBStoreBuilder.java:processTables(161)) - Using default column profile:DBProfile.DISK for Table:deletedBlocks
2019-09-12 10:35:30,841 [main] INFO  db.DBStoreBuilder (DBStoreBuilder.java:addTable(110)) - using custom profile for table: validCerts
2019-09-12 10:35:30,841 [main] INFO  db.DBStoreBuilder (DBStoreBuilder.java:processTables(161)) - Using default column profile:DBProfile.DISK for Table:validCerts
2019-09-12 10:35:30,841 [main] INFO  db.DBStoreBuilder (DBStoreBuilder.java:addTable(110)) - using custom profile for table: revokedCerts
2019-09-12 10:35:30,842 [main] INFO  db.DBStoreBuilder (DBStoreBuilder.java:processTables(161)) - Using default column profile:DBProfile.DISK for Table:revokedCerts
2019-09-12 10:35:30,854 [main] INFO  db.DBStoreBuilder (DBStoreBuilder.java:addTable(110)) - using custom profile for table: default
2019-09-12 10:35:30,855 [main] INFO  db.DBStoreBuilder (DBStoreBuilder.java:processTables(167)) - Using default column profile:DBProfile.DISK for Table:default
2019-09-12 10:35:30,856 [main] INFO  db.DBStoreBuilder (DBStoreBuilder.java:getDbProfile(198)) - Using default options. DBProfile.DISK
2019-09-12 10:35:31,043 [main] INFO  net.NodeSchemaLoader (NodeSchemaLoader.java:loadSchemaFromFile(125)) - Loading file from sun.misc.CompoundEnumeration@1d9b7cce
2019-09-12 10:35:31,045 [main] INFO  net.NodeSchemaLoader (NodeSchemaLoader.java:loadSchema(171)) - Loading network topology layer schema file
2019-09-12 10:35:31,119 [main] WARN  server.ServerUtils (ServerUtils.java:sanitizeUserArgs(70)) - ozone.scm.stale.node.interval value = 300000 is larger than max = 100000 based on the key value of ozone.scm.heartbeat.thread.interval, reset to the max value 100000.
2019-09-12 10:35:31,121 [main] WARN  server.ServerUtils (ServerUtils.java:sanitizeUserArgs(70)) - ozone.scm.stale.node.interval value = 300000 is larger than max = 100000 based on the key value of ozone.scm.heartbeat.thread.interval, reset to the max value 100000.
2019-09-12 10:35:31,124 [main] INFO  node.SCMNodeManager (SCMNodeManager.java:<init>(121)) - Entering startup safe mode.
2019-09-12 10:35:31,219 [main] INFO  algorithms.ContainerPlacementPolicyFactory (ContainerPlacementPolicyFactory.java:getPolicy(56)) - Create container placement policy of type org.apache.hadoop.hdds.scm.container.placement.algorithms.SCMContainerPlacementRandom
2019-09-12 10:35:31,248 [main] WARN  server.ServerUtils (ServerUtils.java:getScmDbDir(145)) - ozone.scm.db.dirs is not configured. We recommend adding this setting. Falling back to ozone.metadata.dirs instead.
2019-09-12 10:35:31,340 [main] INFO  pipeline.SCMPipelineManager (SCMPipelineManager.java:initializePipelineState(126)) - No pipeline exists in current db
2019-09-12 10:35:31,345 [main] WARN  server.ServerUtils (ServerUtils.java:getScmDbDir(145)) - ozone.scm.db.dirs is not configured. We recommend adding this setting. Falling back to ozone.metadata.dirs instead.
2019-09-12 10:35:31,474 [main] WARN  events.EventQueue (EventQueue.java:fireEvent(175)) - No event handler registered for event TypedEvent{payloadType=SafeModeStatus, name='SafeModeStatus'}
2019-09-12 10:35:32,337 [main] INFO  ipc.CallQueueManager (CallQueueManager.java:<init>(84)) - Using callQueue: class java.util.concurrent.LinkedBlockingQueue, queueCapacity: 2000, scheduler: class org.apache.hadoop.ipc.DefaultRpcScheduler, ipcBackoff: false.
2019-09-12 10:35:32,377 [Socket Reader #1 for port 34177] INFO  ipc.Server (Server.java:run(1074)) - Starting Socket Reader #1 for port 34177
2019-09-12 10:35:32,408 [main] INFO  ipc.CallQueueManager (CallQueueManager.java:<init>(84)) - Using callQueue: class java.util.concurrent.LinkedBlockingQueue, queueCapacity: 2000, scheduler: class org.apache.hadoop.ipc.DefaultRpcScheduler, ipcBackoff: false.
2019-09-12 10:35:32,409 [Socket Reader #1 for port 42038] INFO  ipc.Server (Server.java:run(1074)) - Starting Socket Reader #1 for port 42038
2019-09-12 10:35:32,417 [main] INFO  ipc.CallQueueManager (CallQueueManager.java:<init>(84)) - Using callQueue: class java.util.concurrent.LinkedBlockingQueue, queueCapacity: 2000, scheduler: class org.apache.hadoop.ipc.DefaultRpcScheduler, ipcBackoff: false.
2019-09-12 10:35:32,418 [Socket Reader #1 for port 36408] INFO  ipc.Server (Server.java:run(1074)) - Starting Socket Reader #1 for port 36408
2019-09-12 10:35:32,439 [main] INFO  hdfs.DFSUtil (DFSUtil.java:httpServerTemplateForNNAndJN(1641)) - Starting Web-server for scm at: http://0.0.0.0:0
2019-09-12 10:35:32,584 [main] INFO  server.AuthenticationFilter (AuthenticationFilter.java:constructSecretProvider(240)) - Unable to initialize FileSignerSecretProvider, falling back to use random secrets.
2019-09-12 10:35:32,592 [main] WARN  http.HttpRequestLog (HttpRequestLog.java:getRequestLog(97)) - Jetty request log can only be enabled using Log4j
2019-09-12 10:35:32,600 [main] INFO  http.HttpServer2 (HttpServer2.java:addGlobalFilter(975)) - Added global filter 'safety' (class=org.apache.hadoop.http.HttpServer2$QuotingInputFilter)
2019-09-12 10:35:32,603 [main] INFO  http.HttpServer2 (HttpServer2.java:addFilter(948)) - Added filter static_user_filter (class=org.apache.hadoop.http.lib.StaticUserWebFilter$StaticUserFilter) to context scm
2019-09-12 10:35:32,603 [main] INFO  http.HttpServer2 (HttpServer2.java:addFilter(958)) - Added filter static_user_filter (class=org.apache.hadoop.http.lib.StaticUserWebFilter$StaticUserFilter) to context logs
2019-09-12 10:35:32,604 [main] INFO  http.HttpServer2 (HttpServer2.java:addFilter(958)) - Added filter static_user_filter (class=org.apache.hadoop.http.lib.StaticUserWebFilter$StaticUserFilter) to context static
2019-09-12 10:35:32,633 [main] INFO  server.StorageContainerManager (StorageContainerManager.java:start(759)) - StorageContainerLocationProtocol RPC server is listening at /0.0.0.0:36408
2019-09-12 10:35:32,697 [main] WARN  impl.MetricsConfig (MetricsConfig.java:loadFirst(134)) - Cannot locate configuration: tried hadoop-metrics2-storagecontainermanager.properties,hadoop-metrics2.properties
2019-09-12 10:35:32,710 [main] INFO  impl.MetricsSystemImpl (MetricsSystemImpl.java:startTimer(374)) - Scheduled Metric snapshot period at 10 second(s).
2019-09-12 10:35:32,710 [main] INFO  impl.MetricsSystemImpl (MetricsSystemImpl.java:start(191)) - StorageContainerManager metrics system started
2019-09-12 10:35:32,956 [main] INFO  server.SCMClientProtocolServer (SCMClientProtocolServer.java:start(151)) - RPC server for Client  is listening at /0.0.0.0:36408
2019-09-12 10:35:32,956 [IPC Server Responder] INFO  ipc.Server (Server.java:run(1314)) - IPC Server Responder: starting
2019-09-12 10:35:32,957 [IPC Server listener on 36408] INFO  ipc.Server (Server.java:run(1153)) - IPC Server listener on 36408: starting
2019-09-12 10:35:32,960 [main] INFO  server.StorageContainerManager (StorageContainerManager.java:start(769)) - ScmBlockLocationProtocol RPC server is listening at /0.0.0.0:42038
2019-09-12 10:35:32,960 [main] INFO  server.SCMBlockProtocolServer (SCMBlockProtocolServer.java:start(140)) - RPC server for Block Protocol is listening at /0.0.0.0:42038
2019-09-12 10:35:32,961 [IPC Server Responder] INFO  ipc.Server (Server.java:run(1314)) - IPC Server Responder: starting
2019-09-12 10:35:32,961 [IPC Server listener on 42038] INFO  ipc.Server (Server.java:run(1153)) - IPC Server listener on 42038: starting
2019-09-12 10:35:32,964 [main] INFO  server.StorageContainerManager (StorageContainerManager.java:start(773)) - ScmDatanodeProtocl RPC server is listening at /0.0.0.0:34177
2019-09-12 10:35:32,965 [main] INFO  server.SCMDatanodeProtocolServer (SCMDatanodeProtocolServer.java:start(191)) - RPC server for DataNodes is listening at /0.0.0.0:34177
2019-09-12 10:35:32,965 [IPC Server Responder] INFO  ipc.Server (Server.java:run(1314)) - IPC Server Responder: starting
2019-09-12 10:35:32,965 [IPC Server listener on 34177] INFO  ipc.Server (Server.java:run(1153)) - IPC Server listener on 34177: starting
2019-09-12 10:35:32,971 [main] INFO  http.HttpServer2 (HttpServer2.java:bindListener(1191)) - Jetty bound to port 35261
2019-09-12 10:35:32,973 [main] INFO  server.Server (Server.java:doStart(351)) - jetty-9.3.24.v20180605, build timestamp: 2018-06-05T17:11:56Z, git hash: 84205aa28f11a4f31f2a3b86d1bba2cc8ab69827
2019-09-12 10:35:33,027 [main] INFO  handler.ContextHandler (ContextHandler.java:doStart(781)) - Started o.e.j.s.ServletContextHandler@f478a81{/logs,file:///workdir/hadoop-ozone/integration-test/target/log,AVAILABLE}
2019-09-12 10:35:33,028 [main] INFO  handler.ContextHandler (ContextHandler.java:doStart(781)) - Started o.e.j.s.ServletContextHandler@7bb6ab3a{/static,file:///workdir/hadoop-ozone/integration-test/target/test-classes/webapps/static,AVAILABLE}
2019-09-12 10:35:33,091 [main] INFO  handler.ContextHandler (ContextHandler.java:doStart(781)) - Started o.e.j.w.WebAppContext@6bc28a83{/,file:///workdir/hadoop-ozone/integration-test/target/test-classes/webapps/scm/,AVAILABLE}{/scm}
2019-09-12 10:35:33,099 [main] INFO  server.AbstractConnector (AbstractConnector.java:doStart(278)) - Started ServerConnector@3b1bb3ab{HTTP/1.1,[http/1.1]}{0.0.0.0:35261}
2019-09-12 10:35:33,099 [main] INFO  server.Server (Server.java:doStart(419)) - Started @3390ms
2019-09-12 10:35:33,101 [main] INFO  server.BaseHttpServer (BaseHttpServer.java:updateConnectorAddress(213)) - HTTP server of SCM is listening at http://0.0.0.0:35261
2019-09-12 10:35:33,109 [org.apache.hadoop.util.JvmPauseMonitor$Monitor@14bb2297] INFO  util.JvmPauseMonitor (JvmPauseMonitor.java:run(188)) - Starting JVM pause monitor
2019-09-12 10:35:33,112 [main] WARN  server.ServerUtils (ServerUtils.java:getDBPath(222)) - ozone.om.db.dirs is not configured. We recommend adding this setting. Falling back to ozone.metadata.dirs instead.
2019-09-12 10:35:33,221 [main] WARN  server.ServerUtils (ServerUtils.java:getDBPath(222)) - ozone.om.db.dirs is not configured. We recommend adding this setting. Falling back to ozone.metadata.dirs instead.
2019-09-12 10:35:33,222 [main] WARN  server.ServerUtils (ServerUtils.java:getDBPath(222)) - ozone.om.db.dirs is not configured. We recommend adding this setting. Falling back to ozone.metadata.dirs instead.
2019-09-12 10:35:33,223 [main] INFO  om.OzoneManager (OzoneManager.java:setOMNodeDetails(645)) - OM Service ID is not set. Setting it to the default ID: omServiceIdDefault
2019-09-12 10:35:33,223 [main] INFO  om.OzoneManager (OzoneManager.java:setOMNodeDetails(651)) - OM Node ID is not set. Setting it to the OmStorage's OmID: 769e4947-51ed-4c69-a5c6-32668d1465b9
2019-09-12 10:35:33,224 [main] INFO  om.OzoneManager (OzoneManager.java:loadOMHAConfigs(602)) - Found matching OM address with OMServiceId: null, OMNodeId: null, RPC Address: localhost:0 and Ratis port: 9872
2019-09-12 10:35:33,521 | INFO  | SCMAudit | user=jenkins1000 | ip=192.168.36.114 | op=GET_SCM_INFO null | ret=SUCCESS |  
2019-09-12 10:35:33,979 [main] WARN  server.ServerUtils (ServerUtils.java:getDBPath(222)) - ozone.om.db.dirs is not configured. We recommend adding this setting. Falling back to ozone.metadata.dirs instead.
2019-09-12 10:35:33,987 [main] INFO  db.DBStoreBuilder (DBStoreBuilder.java:addTable(110)) - using custom profile for table: userTable
2019-09-12 10:35:33,987 [main] INFO  db.DBStoreBuilder (DBStoreBuilder.java:processTables(161)) - Using default column profile:DBProfile.DISK for Table:userTable
2019-09-12 10:35:33,987 [main] INFO  db.DBStoreBuilder (DBStoreBuilder.java:addTable(110)) - using custom profile for table: volumeTable
2019-09-12 10:35:33,988 [main] INFO  db.DBStoreBuilder (DBStoreBuilder.java:processTables(161)) - Using default column profile:DBProfile.DISK for Table:volumeTable
2019-09-12 10:35:33,988 [main] INFO  db.DBStoreBuilder (DBStoreBuilder.java:addTable(110)) - using custom profile for table: bucketTable
2019-09-12 10:35:33,988 [main] INFO  db.DBStoreBuilder (DBStoreBuilder.java:processTables(161)) - Using default column profile:DBProfile.DISK for Table:bucketTable
2019-09-12 10:35:33,988 [main] INFO  db.DBStoreBuilder (DBStoreBuilder.java:addTable(110)) - using custom profile for table: keyTable
2019-09-12 10:35:33,989 [main] INFO  db.DBStoreBuilder (DBStoreBuilder.java:processTables(161)) - Using default column profile:DBProfile.DISK for Table:keyTable
2019-09-12 10:35:33,989 [main] INFO  db.DBStoreBuilder (DBStoreBuilder.java:addTable(110)) - using custom profile for table: deletedTable
2019-09-12 10:35:33,989 [main] INFO  db.DBStoreBuilder (DBStoreBuilder.java:processTables(161)) - Using default column profile:DBProfile.DISK for Table:deletedTable
2019-09-12 10:35:33,989 [main] INFO  db.DBStoreBuilder (DBStoreBuilder.java:addTable(110)) - using custom profile for table: openKeyTable
2019-09-12 10:35:33,989 [main] INFO  db.DBStoreBuilder (DBStoreBuilder.java:processTables(161)) - Using default column profile:DBProfile.DISK for Table:openKeyTable
2019-09-12 10:35:33,990 [main] INFO  db.DBStoreBuilder (DBStoreBuilder.java:addTable(110)) - using custom profile for table: s3Table
2019-09-12 10:35:33,990 [main] INFO  db.DBStoreBuilder (DBStoreBuilder.java:processTables(161)) - Using default column profile:DBProfile.DISK for Table:s3Table
2019-09-12 10:35:33,990 [main] INFO  db.DBStoreBuilder (DBStoreBuilder.java:addTable(110)) - using custom profile for table: multipartInfoTable
2019-09-12 10:35:33,990 [main] INFO  db.DBStoreBuilder (DBStoreBuilder.java:processTables(161)) - Using default column profile:DBProfile.DISK for Table:multipartInfoTable
2019-09-12 10:35:33,991 [main] INFO  db.DBStoreBuilder (DBStoreBuilder.java:addTable(110)) - using custom profile for table: dTokenTable
2019-09-12 10:35:33,991 [main] INFO  db.DBStoreBuilder (DBStoreBuilder.java:processTables(161)) - Using default column profile:DBProfile.DISK for Table:dTokenTable
2019-09-12 10:35:33,991 [main] INFO  db.DBStoreBuilder (DBStoreBuilder.java:addTable(110)) - using custom profile for table: s3SecretTable
2019-09-12 10:35:33,991 [main] INFO  db.DBStoreBuilder (DBStoreBuilder.java:processTables(161)) - Using default column profile:DBProfile.DISK for Table:s3SecretTable
2019-09-12 10:35:33,992 [main] INFO  db.DBStoreBuilder (DBStoreBuilder.java:addTable(110)) - using custom profile for table: prefixTable
2019-09-12 10:35:33,992 [main] INFO  db.DBStoreBuilder (DBStoreBuilder.java:processTables(161)) - Using default column profile:DBProfile.DISK for Table:prefixTable
2019-09-12 10:35:33,992 [main] INFO  db.DBStoreBuilder (DBStoreBuilder.java:addTable(110)) - using custom profile for table: default
2019-09-12 10:35:33,993 [main] INFO  db.DBStoreBuilder (DBStoreBuilder.java:processTables(167)) - Using default column profile:DBProfile.DISK for Table:default
2019-09-12 10:35:33,993 [main] INFO  db.DBStoreBuilder (DBStoreBuilder.java:getDbProfile(198)) - Using default options. DBProfile.DISK
2019-09-12 10:35:34,495 [main] INFO  ipc.CallQueueManager (CallQueueManager.java:<init>(84)) - Using callQueue: class java.util.concurrent.LinkedBlockingQueue, queueCapacity: 2000, scheduler: class org.apache.hadoop.ipc.DefaultRpcScheduler, ipcBackoff: false.
2019-09-12 10:35:34,496 [Socket Reader #1 for port 40988] INFO  ipc.Server (Server.java:run(1074)) - Starting Socket Reader #1 for port 40988
2019-09-12 10:35:34,517 [main] INFO  om.OzoneManager (OzoneManager.java:start(1256)) - OzoneManager RPC server is listening at localhost/127.0.0.1:40988
2019-09-12 10:35:34,517 [main] INFO  impl.MetricsSystemImpl (MetricsSystemImpl.java:init(158)) - OzoneManager metrics system started (again)
2019-09-12 10:35:34,519 [IPC Server Responder] INFO  ipc.Server (Server.java:run(1314)) - IPC Server Responder: starting
2019-09-12 10:35:34,519 [IPC Server listener on 40988] INFO  ipc.Server (Server.java:run(1153)) - IPC Server listener on 40988: starting
2019-09-12 10:35:34,524 [main] INFO  hdfs.DFSUtil (DFSUtil.java:httpServerTemplateForNNAndJN(1641)) - Starting Web-server for ozoneManager at: http://0.0.0.0:0
2019-09-12 10:35:34,527 [main] INFO  server.AuthenticationFilter (AuthenticationFilter.java:constructSecretProvider(240)) - Unable to initialize FileSignerSecretProvider, falling back to use random secrets.
2019-09-12 10:35:34,528 [main] WARN  http.HttpRequestLog (HttpRequestLog.java:getRequestLog(97)) - Jetty request log can only be enabled using Log4j
2019-09-12 10:35:34,531 [main] INFO  http.HttpServer2 (HttpServer2.java:addGlobalFilter(975)) - Added global filter 'safety' (class=org.apache.hadoop.http.HttpServer2$QuotingInputFilter)
2019-09-12 10:35:34,532 [main] INFO  http.HttpServer2 (HttpServer2.java:addFilter(948)) - Added filter static_user_filter (class=org.apache.hadoop.http.lib.StaticUserWebFilter$StaticUserFilter) to context ozoneManager
2019-09-12 10:35:34,532 [main] INFO  http.HttpServer2 (HttpServer2.java:addFilter(958)) - Added filter static_user_filter (class=org.apache.hadoop.http.lib.StaticUserWebFilter$StaticUserFilter) to context logs
2019-09-12 10:35:34,532 [main] INFO  http.HttpServer2 (HttpServer2.java:addFilter(958)) - Added filter static_user_filter (class=org.apache.hadoop.http.lib.StaticUserWebFilter$StaticUserFilter) to context static
2019-09-12 10:35:34,747 [main] INFO  http.HttpServer2 (HttpServer2.java:bindListener(1191)) - Jetty bound to port 45887
2019-09-12 10:35:34,748 [main] INFO  server.Server (Server.java:doStart(351)) - jetty-9.3.24.v20180605, build timestamp: 2018-06-05T17:11:56Z, git hash: 84205aa28f11a4f31f2a3b86d1bba2cc8ab69827
2019-09-12 10:35:34,751 [main] INFO  handler.ContextHandler (ContextHandler.java:doStart(781)) - Started o.e.j.s.ServletContextHandler@a64e035{/logs,file:///workdir/hadoop-ozone/integration-test/target/log,AVAILABLE}
2019-09-12 10:35:34,752 [main] INFO  handler.ContextHandler (ContextHandler.java:doStart(781)) - Started o.e.j.s.ServletContextHandler@41c204a0{/static,file:///workdir/hadoop-ozone/integration-test/target/test-classes/webapps/static,AVAILABLE}
2019-09-12 10:35:34,761 [main] INFO  handler.ContextHandler (ContextHandler.java:doStart(781)) - Started o.e.j.w.WebAppContext@7d755813{/,file:///workdir/hadoop-ozone/integration-test/target/test-classes/webapps/ozoneManager/,AVAILABLE}{/ozoneManager}
2019-09-12 10:35:34,763 [main] INFO  server.AbstractConnector (AbstractConnector.java:doStart(278)) - Started ServerConnector@69c93ca4{HTTP/1.1,[http/1.1]}{0.0.0.0:45887}
2019-09-12 10:35:34,766 [main] INFO  server.Server (Server.java:doStart(419)) - Started @5056ms
2019-09-12 10:35:34,768 [main] INFO  server.BaseHttpServer (BaseHttpServer.java:updateConnectorAddress(213)) - HTTP server of OZONEMANAGER is listening at http://0.0.0.0:45887
2019-09-12 10:35:34,950 [main] INFO  impl.MetricsSystemImpl (MetricsSystemImpl.java:init(158)) - HddsDatanode metrics system started (again)
2019-09-12 10:35:35,042 [main] INFO  ozone.HddsDatanodeService (HddsDatanodeService.java:start(184)) - HddsDatanodeService host:pr-hdds-1569-58hkm-1881083799 ip:192.168.36.114
2019-09-12 10:35:35,086 [main] INFO  volume.HddsVolume (HddsVolume.java:<init>(176)) - Creating Volume: /workdir/hadoop-ozone/integration-test/target/test-dir/MiniOzoneClusterImpl-37d049c1-8781-4836-8b63-386207273279/datanode-0/data/containers/hdds of  storage type : DISK and capacity : 1482555576320
2019-09-12 10:35:35,088 [main] INFO  volume.VolumeSet (VolumeSet.java:initializeVolumeSet(170)) - Added Volume : /workdir/hadoop-ozone/integration-test/target/test-dir/MiniOzoneClusterImpl-37d049c1-8781-4836-8b63-386207273279/datanode-0/data/containers/hdds to VolumeSet
2019-09-12 10:35:35,091 [main] INFO  volume.ThrottledAsyncChecker (ThrottledAsyncChecker.java:schedule(140)) - Scheduling a check for org.apache.hadoop.ozone.container.common.volume.HddsVolume@7a1f8def
2019-09-12 10:35:35,110 [main] INFO  volume.HddsVolumeChecker (HddsVolumeChecker.java:checkAllVolumes(203)) - Scheduled health check for volume org.apache.hadoop.ozone.container.common.volume.HddsVolume@7a1f8def
2019-09-12 10:35:35,226 [main] INFO  impl.RaftServerProxy (ConfUtils.java:logGet(43)) - raft.rpc.type = GRPC (default)
2019-09-12 10:35:35,307 [main] INFO  grpc.GrpcFactory (GrpcFactory.java:checkPooledByteBufAllocatorUseCacheForAllThreads(45)) - PERFORMANCE WARNING: useCacheForAllThreads is true that may cause Netty to create a lot garbage objects and, as a result, trigger GC.
	It is recommended to disable useCacheForAllThreads by setting -Dorg.apache.ratis.thirdparty.io.netty.allocator.useCacheForAllThreads=false in command line.
2019-09-12 10:35:35,313 [main] INFO  grpc.GrpcConfigKeys$Server (ConfUtils.java:logGet(43)) - raft.grpc.server.port = 0 (default)
2019-09-12 10:35:35,314 [main] INFO  server.GrpcService (ConfUtils.java:logGet(43)) - raft.grpc.message.size.max = 33570816 (custom)
2019-09-12 10:35:35,316 [main] INFO  server.RaftServerConfigKeys (ConfUtils.java:logGet(43)) - raft.server.log.appender.buffer.byte-limit = 33554432 (custom)
2019-09-12 10:35:35,317 [main] INFO  server.GrpcService (ConfUtils.java:logGet(43)) - raft.grpc.flow.control.window = 1MB (=1048576) (default)
2019-09-12 10:35:35,318 [main] INFO  server.RaftServerConfigKeys (ConfUtils.java:logGet(43)) - raft.server.rpc.request.timeout = 3000ms (default)
2019-09-12 10:35:35,486 [main] INFO  server.RaftServerConfigKeys (ConfUtils.java:logGet(43)) - raft.server.storage.dir = [/workdir/hadoop-ozone/integration-test/target/test-dir/MiniOzoneClusterImpl-37d049c1-8781-4836-8b63-386207273279/datanode-0/data/ratis] (custom)
2019-09-12 10:35:35,521 [main] INFO  replication.SimpleContainerDownloader (SimpleContainerDownloader.java:<init>(72)) - Starting container downloader service to copy containers to replicate.
2019-09-12 10:35:35,534 [main] INFO  hdfs.DFSUtil (DFSUtil.java:httpServerTemplateForNNAndJN(1641)) - Starting Web-server for hddsDatanode at: http://0.0.0.0:0
2019-09-12 10:35:35,535 [main] INFO  server.AuthenticationFilter (AuthenticationFilter.java:constructSecretProvider(240)) - Unable to initialize FileSignerSecretProvider, falling back to use random secrets.
2019-09-12 10:35:35,536 [main] WARN  http.HttpRequestLog (HttpRequestLog.java:getRequestLog(97)) - Jetty request log can only be enabled using Log4j
2019-09-12 10:35:35,537 [main] INFO  http.HttpServer2 (HttpServer2.java:addGlobalFilter(975)) - Added global filter 'safety' (class=org.apache.hadoop.http.HttpServer2$QuotingInputFilter)
2019-09-12 10:35:35,538 [main] INFO  http.HttpServer2 (HttpServer2.java:addFilter(948)) - Added filter static_user_filter (class=org.apache.hadoop.http.lib.StaticUserWebFilter$StaticUserFilter) to context hddsDatanode
2019-09-12 10:35:35,538 [main] INFO  http.HttpServer2 (HttpServer2.java:addFilter(958)) - Added filter static_user_filter (class=org.apache.hadoop.http.lib.StaticUserWebFilter$StaticUserFilter) to context logs
2019-09-12 10:35:35,538 [main] INFO  http.HttpServer2 (HttpServer2.java:addFilter(958)) - Added filter static_user_filter (class=org.apache.hadoop.http.lib.StaticUserWebFilter$StaticUserFilter) to context static
2019-09-12 10:35:35,539 [main] INFO  http.HttpServer2 (HttpServer2.java:bindListener(1191)) - Jetty bound to port 40472
2019-09-12 10:35:35,539 [main] INFO  server.Server (Server.java:doStart(351)) - jetty-9.3.24.v20180605, build timestamp: 2018-06-05T17:11:56Z, git hash: 84205aa28f11a4f31f2a3b86d1bba2cc8ab69827
2019-09-12 10:35:35,541 [main] INFO  handler.ContextHandler (ContextHandler.java:doStart(781)) - Started o.e.j.s.ServletContextHandler@4228bf58{/logs,file:///workdir/hadoop-ozone/integration-test/target/log,AVAILABLE}
2019-09-12 10:35:35,542 [main] INFO  handler.ContextHandler (ContextHandler.java:doStart(781)) - Started o.e.j.s.ServletContextHandler@20b9d5d5{/static,jar:file:/home/user/.m2/repository/org/apache/hadoop/hadoop-hdds-container-service/0.5.0-SNAPSHOT/hadoop-hdds-container-service-0.5.0-SNAPSHOT.jar!/webapps/static,AVAILABLE}
2019-09-12 10:35:35,575 [main] INFO  handler.ContextHandler (ContextHandler.java:doStart(781)) - Started o.e.j.w.WebAppContext@2630dbc4{/,file:///tmp/jetty-0.0.0.0-40472-hddsDatanode-_-any-4294586456353740328.dir/webapp/,AVAILABLE}{/hddsDatanode}
2019-09-12 10:35:35,575 [main] INFO  server.AbstractConnector (AbstractConnector.java:doStart(278)) - Started ServerConnector@5ea4300e{HTTP/1.1,[http/1.1]}{0.0.0.0:40472}
2019-09-12 10:35:35,576 [main] INFO  server.Server (Server.java:doStart(419)) - Started @5867ms
2019-09-12 10:35:35,578 [main] INFO  server.BaseHttpServer (BaseHttpServer.java:updateConnectorAddress(213)) - HTTP server of HDDSDATANODE is listening at http://0.0.0.0:40472
2019-09-12 10:35:36,706 | INFO  | ObjectStoreRestHttpServer | Listening HDDS REST traffic on /0.0.0.0:36940 |  
2019-09-12 10:35:36,707 [main] INFO  ozone.HddsDatanodeService (HddsDatanodeService.java:startPlugins(395)) - Started plug-in org.apache.hadoop.ozone.web.OzoneHddsDatanodeService@100aa331
2019-09-12 10:35:36,709 [main] INFO  impl.MetricsSystemImpl (MetricsSystemImpl.java:init(158)) - HddsDatanode metrics system started (again)
2019-09-12 10:35:36,711 [main] INFO  ozone.HddsDatanodeService (HddsDatanodeService.java:start(184)) - HddsDatanodeService host:pr-hdds-1569-58hkm-1881083799 ip:192.168.36.114
2019-09-12 10:35:36,715 [org.apache.hadoop.util.JvmPauseMonitor$Monitor@7b637a7e] INFO  util.JvmPauseMonitor (JvmPauseMonitor.java:run(188)) - Starting JVM pause monitor
2019-09-12 10:35:36,720 [main] INFO  volume.HddsVolume (HddsVolume.java:<init>(176)) - Creating Volume: /workdir/hadoop-ozone/integration-test/target/test-dir/MiniOzoneClusterImpl-37d049c1-8781-4836-8b63-386207273279/datanode-1/data/containers/hdds of  storage type : DISK and capacity : 1482555576320
2019-09-12 10:35:36,720 [main] INFO  volume.VolumeSet (VolumeSet.java:initializeVolumeSet(170)) - Added Volume : /workdir/hadoop-ozone/integration-test/target/test-dir/MiniOzoneClusterImpl-37d049c1-8781-4836-8b63-386207273279/datanode-1/data/containers/hdds to VolumeSet
2019-09-12 10:35:36,721 [main] INFO  volume.ThrottledAsyncChecker (ThrottledAsyncChecker.java:schedule(140)) - Scheduling a check for org.apache.hadoop.ozone.container.common.volume.HddsVolume@2c3158e0
2019-09-12 10:35:36,723 [main] INFO  volume.HddsVolumeChecker (HddsVolumeChecker.java:checkAllVolumes(203)) - Scheduled health check for volume org.apache.hadoop.ozone.container.common.volume.HddsVolume@2c3158e0
2019-09-12 10:35:36,744 [main] INFO  impl.RaftServerProxy (ConfUtils.java:logGet(43)) - raft.rpc.type = GRPC (default)
2019-09-12 10:35:36,744 [main] INFO  grpc.GrpcFactory (GrpcFactory.java:checkPooledByteBufAllocatorUseCacheForAllThreads(45)) - PERFORMANCE WARNING: useCacheForAllThreads is true that may cause Netty to create a lot garbage objects and, as a result, trigger GC.
	It is recommended to disable useCacheForAllThreads by setting -Dorg.apache.ratis.thirdparty.io.netty.allocator.useCacheForAllThreads=false in command line.
2019-09-12 10:35:36,745 [main] INFO  grpc.GrpcConfigKeys$Server (ConfUtils.java:logGet(43)) - raft.grpc.server.port = 0 (default)
2019-09-12 10:35:36,745 [main] INFO  server.GrpcService (ConfUtils.java:logGet(43)) - raft.grpc.message.size.max = 33570816 (custom)
2019-09-12 10:35:36,745 [main] INFO  server.RaftServerConfigKeys (ConfUtils.java:logGet(43)) - raft.server.log.appender.buffer.byte-limit = 33554432 (custom)
2019-09-12 10:35:36,746 [main] INFO  server.GrpcService (ConfUtils.java:logGet(43)) - raft.grpc.flow.control.window = 1MB (=1048576) (default)
2019-09-12 10:35:36,746 [main] INFO  server.RaftServerConfigKeys (ConfUtils.java:logGet(43)) - raft.server.rpc.request.timeout = 3000ms (default)
2019-09-12 10:35:36,747 [main] INFO  server.RaftServerConfigKeys (ConfUtils.java:logGet(43)) - raft.server.storage.dir = [/workdir/hadoop-ozone/integration-test/target/test-dir/MiniOzoneClusterImpl-37d049c1-8781-4836-8b63-386207273279/datanode-1/data/ratis] (custom)
2019-09-12 10:35:36,748 [main] INFO  replication.SimpleContainerDownloader (SimpleContainerDownloader.java:<init>(72)) - Starting container downloader service to copy containers to replicate.
2019-09-12 10:35:36,749 [main] INFO  hdfs.DFSUtil (DFSUtil.java:httpServerTemplateForNNAndJN(1641)) - Starting Web-server for hddsDatanode at: http://0.0.0.0:0
2019-09-12 10:35:36,751 [main] INFO  server.AuthenticationFilter (AuthenticationFilter.java:constructSecretProvider(240)) - Unable to initialize FileSignerSecretProvider, falling back to use random secrets.
2019-09-12 10:35:36,752 [main] WARN  http.HttpRequestLog (HttpRequestLog.java:getRequestLog(97)) - Jetty request log can only be enabled using Log4j
2019-09-12 10:35:36,754 [main] INFO  http.HttpServer2 (HttpServer2.java:addGlobalFilter(975)) - Added global filter 'safety' (class=org.apache.hadoop.http.HttpServer2$QuotingInputFilter)
2019-09-12 10:35:36,755 [main] INFO  http.HttpServer2 (HttpServer2.java:addFilter(948)) - Added filter static_user_filter (class=org.apache.hadoop.http.lib.StaticUserWebFilter$StaticUserFilter) to context hddsDatanode
2019-09-12 10:35:36,755 [main] INFO  http.HttpServer2 (HttpServer2.java:addFilter(958)) - Added filter static_user_filter (class=org.apache.hadoop.http.lib.StaticUserWebFilter$StaticUserFilter) to context static
2019-09-12 10:35:36,755 [main] INFO  http.HttpServer2 (HttpServer2.java:addFilter(958)) - Added filter static_user_filter (class=org.apache.hadoop.http.lib.StaticUserWebFilter$StaticUserFilter) to context logs
2019-09-12 10:35:36,756 [main] INFO  http.HttpServer2 (HttpServer2.java:bindListener(1191)) - Jetty bound to port 39484
2019-09-12 10:35:36,756 [main] INFO  server.Server (Server.java:doStart(351)) - jetty-9.3.24.v20180605, build timestamp: 2018-06-05T17:11:56Z, git hash: 84205aa28f11a4f31f2a3b86d1bba2cc8ab69827
2019-09-12 10:35:36,759 [main] INFO  handler.ContextHandler (ContextHandler.java:doStart(781)) - Started o.e.j.s.ServletContextHandler@7418d76e{/logs,file:///workdir/hadoop-ozone/integration-test/target/log,AVAILABLE}
2019-09-12 10:35:36,760 [main] INFO  handler.ContextHandler (ContextHandler.java:doStart(781)) - Started o.e.j.s.ServletContextHandler@11ede87f{/static,jar:file:/home/user/.m2/repository/org/apache/hadoop/hadoop-hdds-container-service/0.5.0-SNAPSHOT/hadoop-hdds-container-service-0.5.0-SNAPSHOT.jar!/webapps/static,AVAILABLE}
2019-09-12 10:35:36,794 [main] INFO  handler.ContextHandler (ContextHandler.java:doStart(781)) - Started o.e.j.w.WebAppContext@50b734c4{/,file:///tmp/jetty-0.0.0.0-39484-hddsDatanode-_-any-269265210876891619.dir/webapp/,AVAILABLE}{/hddsDatanode}
2019-09-12 10:35:36,794 [main] INFO  server.AbstractConnector (AbstractConnector.java:doStart(278)) - Started ServerConnector@2744dcae{HTTP/1.1,[http/1.1]}{0.0.0.0:39484}
2019-09-12 10:35:36,795 [main] INFO  server.Server (Server.java:doStart(419)) - Started @7085ms
2019-09-12 10:35:36,796 [main] INFO  server.BaseHttpServer (BaseHttpServer.java:updateConnectorAddress(213)) - HTTP server of HDDSDATANODE is listening at http://0.0.0.0:39484
2019-09-12 10:35:36,825 [Datanode State Machine Thread - 0] INFO  datanode.InitDatanodeState (InitDatanodeState.java:persistContainerDatanodeDetails(140)) - DatanodeDetails is persisted to /workdir/hadoop-ozone/integration-test/target/test-dir/MiniOzoneClusterImpl-37d049c1-8781-4836-8b63-386207273279/datanode-0/meta/datanode.id
2019-09-12 10:35:36,940 | INFO  | ObjectStoreRestHttpServer | Listening HDDS REST traffic on /0.0.0.0:34035 |  
2019-09-12 10:35:36,940 [main] INFO  ozone.HddsDatanodeService (HddsDatanodeService.java:startPlugins(395)) - Started plug-in org.apache.hadoop.ozone.web.OzoneHddsDatanodeService@6c742b84
2019-09-12 10:35:36,941 [main] INFO  impl.MetricsSystemImpl (MetricsSystemImpl.java:init(158)) - HddsDatanode metrics system started (again)
2019-09-12 10:35:36,944 [main] INFO  ozone.HddsDatanodeService (HddsDatanodeService.java:start(184)) - HddsDatanodeService host:pr-hdds-1569-58hkm-1881083799 ip:192.168.36.114
2019-09-12 10:35:36,944 [org.apache.hadoop.util.JvmPauseMonitor$Monitor@663c82b0] INFO  util.JvmPauseMonitor (JvmPauseMonitor.java:run(188)) - Starting JVM pause monitor
2019-09-12 10:35:36,952 [main] INFO  volume.HddsVolume (HddsVolume.java:<init>(176)) - Creating Volume: /workdir/hadoop-ozone/integration-test/target/test-dir/MiniOzoneClusterImpl-37d049c1-8781-4836-8b63-386207273279/datanode-2/data/containers/hdds of  storage type : DISK and capacity : 1482555576320
2019-09-12 10:35:36,952 [main] INFO  volume.VolumeSet (VolumeSet.java:initializeVolumeSet(170)) - Added Volume : /workdir/hadoop-ozone/integration-test/target/test-dir/MiniOzoneClusterImpl-37d049c1-8781-4836-8b63-386207273279/datanode-2/data/containers/hdds to VolumeSet
2019-09-12 10:35:36,952 [Datanode State Machine Thread - 0] INFO  datanode.InitDatanodeState (InitDatanodeState.java:persistContainerDatanodeDetails(140)) - DatanodeDetails is persisted to /workdir/hadoop-ozone/integration-test/target/test-dir/MiniOzoneClusterImpl-37d049c1-8781-4836-8b63-386207273279/datanode-1/meta/datanode.id
2019-09-12 10:35:36,953 [main] INFO  volume.ThrottledAsyncChecker (ThrottledAsyncChecker.java:schedule(140)) - Scheduling a check for org.apache.hadoop.ozone.container.common.volume.HddsVolume@72ecbcb3
2019-09-12 10:35:36,953 [main] INFO  volume.HddsVolumeChecker (HddsVolumeChecker.java:checkAllVolumes(203)) - Scheduled health check for volume org.apache.hadoop.ozone.container.common.volume.HddsVolume@72ecbcb3
2019-09-12 10:35:36,968 [main] INFO  impl.RaftServerProxy (ConfUtils.java:logGet(43)) - raft.rpc.type = GRPC (default)
2019-09-12 10:35:36,969 [main] INFO  grpc.GrpcFactory (GrpcFactory.java:checkPooledByteBufAllocatorUseCacheForAllThreads(45)) - PERFORMANCE WARNING: useCacheForAllThreads is true that may cause Netty to create a lot garbage objects and, as a result, trigger GC.
	It is recommended to disable useCacheForAllThreads by setting -Dorg.apache.ratis.thirdparty.io.netty.allocator.useCacheForAllThreads=false in command line.
2019-09-12 10:35:36,969 [main] INFO  grpc.GrpcConfigKeys$Server (ConfUtils.java:logGet(43)) - raft.grpc.server.port = 0 (default)
2019-09-12 10:35:36,969 [main] INFO  server.GrpcService (ConfUtils.java:logGet(43)) - raft.grpc.message.size.max = 33570816 (custom)
2019-09-12 10:35:36,969 [main] INFO  server.RaftServerConfigKeys (ConfUtils.java:logGet(43)) - raft.server.log.appender.buffer.byte-limit = 33554432 (custom)
2019-09-12 10:35:36,969 [main] INFO  server.GrpcService (ConfUtils.java:logGet(43)) - raft.grpc.flow.control.window = 1MB (=1048576) (default)
2019-09-12 10:35:36,970 [main] INFO  server.RaftServerConfigKeys (ConfUtils.java:logGet(43)) - raft.server.rpc.request.timeout = 3000ms (default)
2019-09-12 10:35:36,970 [main] INFO  server.RaftServerConfigKeys (ConfUtils.java:logGet(43)) - raft.server.storage.dir = [/workdir/hadoop-ozone/integration-test/target/test-dir/MiniOzoneClusterImpl-37d049c1-8781-4836-8b63-386207273279/datanode-2/data/ratis] (custom)
2019-09-12 10:35:36,971 [main] INFO  replication.SimpleContainerDownloader (SimpleContainerDownloader.java:<init>(72)) - Starting container downloader service to copy containers to replicate.
2019-09-12 10:35:36,972 [main] INFO  hdfs.DFSUtil (DFSUtil.java:httpServerTemplateForNNAndJN(1641)) - Starting Web-server for hddsDatanode at: http://0.0.0.0:0
2019-09-12 10:35:36,974 [main] INFO  server.AuthenticationFilter (AuthenticationFilter.java:constructSecretProvider(240)) - Unable to initialize FileSignerSecretProvider, falling back to use random secrets.
2019-09-12 10:35:36,975 [main] WARN  http.HttpRequestLog (HttpRequestLog.java:getRequestLog(97)) - Jetty request log can only be enabled using Log4j
2019-09-12 10:35:36,978 [main] INFO  http.HttpServer2 (HttpServer2.java:addGlobalFilter(975)) - Added global filter 'safety' (class=org.apache.hadoop.http.HttpServer2$QuotingInputFilter)
2019-09-12 10:35:36,979 [main] INFO  http.HttpServer2 (HttpServer2.java:addFilter(948)) - Added filter static_user_filter (class=org.apache.hadoop.http.lib.StaticUserWebFilter$StaticUserFilter) to context hddsDatanode
2019-09-12 10:35:36,979 [main] INFO  http.HttpServer2 (HttpServer2.java:addFilter(958)) - Added filter static_user_filter (class=org.apache.hadoop.http.lib.StaticUserWebFilter$StaticUserFilter) to context static
2019-09-12 10:35:36,980 [main] INFO  http.HttpServer2 (HttpServer2.java:addFilter(958)) - Added filter static_user_filter (class=org.apache.hadoop.http.lib.StaticUserWebFilter$StaticUserFilter) to context logs
2019-09-12 10:35:36,981 [main] INFO  http.HttpServer2 (HttpServer2.java:bindListener(1191)) - Jetty bound to port 42088
2019-09-12 10:35:36,981 [main] INFO  server.Server (Server.java:doStart(351)) - jetty-9.3.24.v20180605, build timestamp: 2018-06-05T17:11:56Z, git hash: 84205aa28f11a4f31f2a3b86d1bba2cc8ab69827
2019-09-12 10:35:36,984 [main] INFO  handler.ContextHandler (ContextHandler.java:doStart(781)) - Started o.e.j.s.ServletContextHandler@1b52699c{/logs,file:///workdir/hadoop-ozone/integration-test/target/log,AVAILABLE}
2019-09-12 10:35:36,985 [main] INFO  handler.ContextHandler (ContextHandler.java:doStart(781)) - Started o.e.j.s.ServletContextHandler@250d440{/static,jar:file:/home/user/.m2/repository/org/apache/hadoop/hadoop-hdds-container-service/0.5.0-SNAPSHOT/hadoop-hdds-container-service-0.5.0-SNAPSHOT.jar!/webapps/static,AVAILABLE}
2019-09-12 10:35:37,029 [main] INFO  handler.ContextHandler (ContextHandler.java:doStart(781)) - Started o.e.j.w.WebAppContext@11c88cca{/,file:///tmp/jetty-0.0.0.0-42088-hddsDatanode-_-any-2710911879106138565.dir/webapp/,AVAILABLE}{/hddsDatanode}
2019-09-12 10:35:37,030 [main] INFO  server.AbstractConnector (AbstractConnector.java:doStart(278)) - Started ServerConnector@1b37fbec{HTTP/1.1,[http/1.1]}{0.0.0.0:42088}
2019-09-12 10:35:37,030 [main] INFO  server.Server (Server.java:doStart(419)) - Started @7321ms
2019-09-12 10:35:37,032 [main] INFO  server.BaseHttpServer (BaseHttpServer.java:updateConnectorAddress(213)) - HTTP server of HDDSDATANODE is listening at http://0.0.0.0:42088
2019-09-12 10:35:37,197 | INFO  | ObjectStoreRestHttpServer | Listening HDDS REST traffic on /0.0.0.0:40822 |  
2019-09-12 10:35:37,197 [main] INFO  ozone.HddsDatanodeService (HddsDatanodeService.java:startPlugins(395)) - Started plug-in org.apache.hadoop.ozone.web.OzoneHddsDatanodeService@3f6cce7f
2019-09-12 10:35:37,198 [main] INFO  impl.MetricsSystemImpl (MetricsSystemImpl.java:init(158)) - HddsDatanode metrics system started (again)
2019-09-12 10:35:37,201 [main] INFO  ozone.HddsDatanodeService (HddsDatanodeService.java:start(184)) - HddsDatanodeService host:pr-hdds-1569-58hkm-1881083799 ip:192.168.36.114
2019-09-12 10:35:37,201 [org.apache.hadoop.util.JvmPauseMonitor$Monitor@b59b595] INFO  util.JvmPauseMonitor (JvmPauseMonitor.java:run(188)) - Starting JVM pause monitor
2019-09-12 10:35:37,204 [Datanode State Machine Thread - 0] INFO  datanode.InitDatanodeState (InitDatanodeState.java:persistContainerDatanodeDetails(140)) - DatanodeDetails is persisted to /workdir/hadoop-ozone/integration-test/target/test-dir/MiniOzoneClusterImpl-37d049c1-8781-4836-8b63-386207273279/datanode-2/meta/datanode.id
2019-09-12 10:35:37,208 [main] INFO  volume.HddsVolume (HddsVolume.java:<init>(176)) - Creating Volume: /workdir/hadoop-ozone/integration-test/target/test-dir/MiniOzoneClusterImpl-37d049c1-8781-4836-8b63-386207273279/datanode-3/data/containers/hdds of  storage type : DISK and capacity : 1482555576320
2019-09-12 10:35:37,209 [main] INFO  volume.VolumeSet (VolumeSet.java:initializeVolumeSet(170)) - Added Volume : /workdir/hadoop-ozone/integration-test/target/test-dir/MiniOzoneClusterImpl-37d049c1-8781-4836-8b63-386207273279/datanode-3/data/containers/hdds to VolumeSet
2019-09-12 10:35:37,209 [main] INFO  volume.ThrottledAsyncChecker (ThrottledAsyncChecker.java:schedule(140)) - Scheduling a check for org.apache.hadoop.ozone.container.common.volume.HddsVolume@6ac45c0c
2019-09-12 10:35:37,209 [main] INFO  volume.HddsVolumeChecker (HddsVolumeChecker.java:checkAllVolumes(203)) - Scheduled health check for volume org.apache.hadoop.ozone.container.common.volume.HddsVolume@6ac45c0c
2019-09-12 10:35:37,225 [main] INFO  impl.RaftServerProxy (ConfUtils.java:logGet(43)) - raft.rpc.type = GRPC (default)
2019-09-12 10:35:37,225 [main] INFO  grpc.GrpcFactory (GrpcFactory.java:checkPooledByteBufAllocatorUseCacheForAllThreads(45)) - PERFORMANCE WARNING: useCacheForAllThreads is true that may cause Netty to create a lot garbage objects and, as a result, trigger GC.
	It is recommended to disable useCacheForAllThreads by setting -Dorg.apache.ratis.thirdparty.io.netty.allocator.useCacheForAllThreads=false in command line.
2019-09-12 10:35:37,225 [main] INFO  grpc.GrpcConfigKeys$Server (ConfUtils.java:logGet(43)) - raft.grpc.server.port = 0 (default)
2019-09-12 10:35:37,226 [main] INFO  server.GrpcService (ConfUtils.java:logGet(43)) - raft.grpc.message.size.max = 33570816 (custom)
2019-09-12 10:35:37,226 [main] INFO  server.RaftServerConfigKeys (ConfUtils.java:logGet(43)) - raft.server.log.appender.buffer.byte-limit = 33554432 (custom)
2019-09-12 10:35:37,226 [main] INFO  server.GrpcService (ConfUtils.java:logGet(43)) - raft.grpc.flow.control.window = 1MB (=1048576) (default)
2019-09-12 10:35:37,226 [main] INFO  server.RaftServerConfigKeys (ConfUtils.java:logGet(43)) - raft.server.rpc.request.timeout = 3000ms (default)
2019-09-12 10:35:37,227 [main] INFO  server.RaftServerConfigKeys (ConfUtils.java:logGet(43)) - raft.server.storage.dir = [/workdir/hadoop-ozone/integration-test/target/test-dir/MiniOzoneClusterImpl-37d049c1-8781-4836-8b63-386207273279/datanode-3/data/ratis] (custom)
2019-09-12 10:35:37,228 [main] INFO  replication.SimpleContainerDownloader (SimpleContainerDownloader.java:<init>(72)) - Starting container downloader service to copy containers to replicate.
2019-09-12 10:35:37,229 [main] INFO  hdfs.DFSUtil (DFSUtil.java:httpServerTemplateForNNAndJN(1641)) - Starting Web-server for hddsDatanode at: http://0.0.0.0:0
2019-09-12 10:35:37,231 [main] INFO  server.AuthenticationFilter (AuthenticationFilter.java:constructSecretProvider(240)) - Unable to initialize FileSignerSecretProvider, falling back to use random secrets.
2019-09-12 10:35:37,232 [main] WARN  http.HttpRequestLog (HttpRequestLog.java:getRequestLog(97)) - Jetty request log can only be enabled using Log4j
2019-09-12 10:35:37,234 [main] INFO  http.HttpServer2 (HttpServer2.java:addGlobalFilter(975)) - Added global filter 'safety' (class=org.apache.hadoop.http.HttpServer2$QuotingInputFilter)
2019-09-12 10:35:37,235 [main] INFO  http.HttpServer2 (HttpServer2.java:addFilter(948)) - Added filter static_user_filter (class=org.apache.hadoop.http.lib.StaticUserWebFilter$StaticUserFilter) to context hddsDatanode
2019-09-12 10:35:37,236 [main] INFO  http.HttpServer2 (HttpServer2.java:addFilter(958)) - Added filter static_user_filter (class=org.apache.hadoop.http.lib.StaticUserWebFilter$StaticUserFilter) to context logs
2019-09-12 10:35:37,236 [main] INFO  http.HttpServer2 (HttpServer2.java:addFilter(958)) - Added filter static_user_filter (class=org.apache.hadoop.http.lib.StaticUserWebFilter$StaticUserFilter) to context static
2019-09-12 10:35:37,237 [main] INFO  http.HttpServer2 (HttpServer2.java:bindListener(1191)) - Jetty bound to port 34435
2019-09-12 10:35:37,237 [main] INFO  server.Server (Server.java:doStart(351)) - jetty-9.3.24.v20180605, build timestamp: 2018-06-05T17:11:56Z, git hash: 84205aa28f11a4f31f2a3b86d1bba2cc8ab69827
2019-09-12 10:35:37,242 [main] INFO  handler.ContextHandler (ContextHandler.java:doStart(781)) - Started o.e.j.s.ServletContextHandler@55361f03{/logs,file:///workdir/hadoop-ozone/integration-test/target/log,AVAILABLE}
2019-09-12 10:35:37,243 [main] INFO  handler.ContextHandler (ContextHandler.java:doStart(781)) - Started o.e.j.s.ServletContextHandler@138f0661{/static,jar:file:/home/user/.m2/repository/org/apache/hadoop/hadoop-hdds-container-service/0.5.0-SNAPSHOT/hadoop-hdds-container-service-0.5.0-SNAPSHOT.jar!/webapps/static,AVAILABLE}
2019-09-12 10:35:37,283 [main] INFO  handler.ContextHandler (ContextHandler.java:doStart(781)) - Started o.e.j.w.WebAppContext@5ec9eefa{/,file:///tmp/jetty-0.0.0.0-34435-hddsDatanode-_-any-332392761827807344.dir/webapp/,AVAILABLE}{/hddsDatanode}
2019-09-12 10:35:37,284 [main] INFO  server.AbstractConnector (AbstractConnector.java:doStart(278)) - Started ServerConnector@28b8f98a{HTTP/1.1,[http/1.1]}{0.0.0.0:34435}
2019-09-12 10:35:37,285 [main] INFO  server.Server (Server.java:doStart(419)) - Started @7576ms
2019-09-12 10:35:37,286 [main] INFO  server.BaseHttpServer (BaseHttpServer.java:updateConnectorAddress(213)) - HTTP server of HDDSDATANODE is listening at http://0.0.0.0:34435
2019-09-12 10:35:37,458 | INFO  | ObjectStoreRestHttpServer | Listening HDDS REST traffic on /0.0.0.0:38496 |  
2019-09-12 10:35:37,458 [main] INFO  ozone.HddsDatanodeService (HddsDatanodeService.java:startPlugins(395)) - Started plug-in org.apache.hadoop.ozone.web.OzoneHddsDatanodeService@646d810b
2019-09-12 10:35:37,459 [main] INFO  impl.MetricsSystemImpl (MetricsSystemImpl.java:init(158)) - HddsDatanode metrics system started (again)
2019-09-12 10:35:37,462 [org.apache.hadoop.util.JvmPauseMonitor$Monitor@653fd28f] INFO  util.JvmPauseMonitor (JvmPauseMonitor.java:run(188)) - Starting JVM pause monitor
2019-09-12 10:35:37,463 [main] INFO  ozone.HddsDatanodeService (HddsDatanodeService.java:start(184)) - HddsDatanodeService host:pr-hdds-1569-58hkm-1881083799 ip:192.168.36.114
2019-09-12 10:35:37,465 [Datanode State Machine Thread - 0] INFO  datanode.InitDatanodeState (InitDatanodeState.java:persistContainerDatanodeDetails(140)) - DatanodeDetails is persisted to /workdir/hadoop-ozone/integration-test/target/test-dir/MiniOzoneClusterImpl-37d049c1-8781-4836-8b63-386207273279/datanode-3/meta/datanode.id
2019-09-12 10:35:37,469 [main] INFO  volume.HddsVolume (HddsVolume.java:<init>(176)) - Creating Volume: /workdir/hadoop-ozone/integration-test/target/test-dir/MiniOzoneClusterImpl-37d049c1-8781-4836-8b63-386207273279/datanode-4/data/containers/hdds of  storage type : DISK and capacity : 1482555576320
2019-09-12 10:35:37,470 [main] INFO  volume.VolumeSet (VolumeSet.java:initializeVolumeSet(170)) - Added Volume : /workdir/hadoop-ozone/integration-test/target/test-dir/MiniOzoneClusterImpl-37d049c1-8781-4836-8b63-386207273279/datanode-4/data/containers/hdds to VolumeSet
2019-09-12 10:35:37,470 [main] INFO  volume.ThrottledAsyncChecker (ThrottledAsyncChecker.java:schedule(140)) - Scheduling a check for org.apache.hadoop.ozone.container.common.volume.HddsVolume@7911cc15
2019-09-12 10:35:37,470 [main] INFO  volume.HddsVolumeChecker (HddsVolumeChecker.java:checkAllVolumes(203)) - Scheduled health check for volume org.apache.hadoop.ozone.container.common.volume.HddsVolume@7911cc15
2019-09-12 10:35:37,485 [main] INFO  impl.RaftServerProxy (ConfUtils.java:logGet(43)) - raft.rpc.type = GRPC (default)
2019-09-12 10:35:37,485 [main] INFO  grpc.GrpcFactory (GrpcFactory.java:checkPooledByteBufAllocatorUseCacheForAllThreads(45)) - PERFORMANCE WARNING: useCacheForAllThreads is true that may cause Netty to create a lot garbage objects and, as a result, trigger GC.
	It is recommended to disable useCacheForAllThreads by setting -Dorg.apache.ratis.thirdparty.io.netty.allocator.useCacheForAllThreads=false in command line.
2019-09-12 10:35:37,485 [main] INFO  grpc.GrpcConfigKeys$Server (ConfUtils.java:logGet(43)) - raft.grpc.server.port = 0 (default)
2019-09-12 10:35:37,486 [main] INFO  server.GrpcService (ConfUtils.java:logGet(43)) - raft.grpc.message.size.max = 33570816 (custom)
2019-09-12 10:35:37,486 [main] INFO  server.RaftServerConfigKeys (ConfUtils.java:logGet(43)) - raft.server.log.appender.buffer.byte-limit = 33554432 (custom)
2019-09-12 10:35:37,486 [main] INFO  server.GrpcService (ConfUtils.java:logGet(43)) - raft.grpc.flow.control.window = 1MB (=1048576) (default)
2019-09-12 10:35:37,486 [main] INFO  server.RaftServerConfigKeys (ConfUtils.java:logGet(43)) - raft.server.rpc.request.timeout = 3000ms (default)
2019-09-12 10:35:37,487 [main] INFO  server.RaftServerConfigKeys (ConfUtils.java:logGet(43)) - raft.server.storage.dir = [/workdir/hadoop-ozone/integration-test/target/test-dir/MiniOzoneClusterImpl-37d049c1-8781-4836-8b63-386207273279/datanode-4/data/ratis] (custom)
2019-09-12 10:35:37,487 [main] INFO  replication.SimpleContainerDownloader (SimpleContainerDownloader.java:<init>(72)) - Starting container downloader service to copy containers to replicate.
2019-09-12 10:35:37,488 [main] INFO  hdfs.DFSUtil (DFSUtil.java:httpServerTemplateForNNAndJN(1641)) - Starting Web-server for hddsDatanode at: http://0.0.0.0:0
2019-09-12 10:35:37,490 [main] INFO  server.AuthenticationFilter (AuthenticationFilter.java:constructSecretProvider(240)) - Unable to initialize FileSignerSecretProvider, falling back to use random secrets.
2019-09-12 10:35:37,491 [main] WARN  http.HttpRequestLog (HttpRequestLog.java:getRequestLog(97)) - Jetty request log can only be enabled using Log4j
2019-09-12 10:35:37,493 [main] INFO  http.HttpServer2 (HttpServer2.java:addGlobalFilter(975)) - Added global filter 'safety' (class=org.apache.hadoop.http.HttpServer2$QuotingInputFilter)
2019-09-12 10:35:37,493 [main] INFO  http.HttpServer2 (HttpServer2.java:addFilter(948)) - Added filter static_user_filter (class=org.apache.hadoop.http.lib.StaticUserWebFilter$StaticUserFilter) to context hddsDatanode
2019-09-12 10:35:37,494 [main] INFO  http.HttpServer2 (HttpServer2.java:addFilter(958)) - Added filter static_user_filter (class=org.apache.hadoop.http.lib.StaticUserWebFilter$StaticUserFilter) to context logs
2019-09-12 10:35:37,494 [main] INFO  http.HttpServer2 (HttpServer2.java:addFilter(958)) - Added filter static_user_filter (class=org.apache.hadoop.http.lib.StaticUserWebFilter$StaticUserFilter) to context static
2019-09-12 10:35:37,495 [main] INFO  http.HttpServer2 (HttpServer2.java:bindListener(1191)) - Jetty bound to port 39363
2019-09-12 10:35:37,495 [main] INFO  server.Server (Server.java:doStart(351)) - jetty-9.3.24.v20180605, build timestamp: 2018-06-05T17:11:56Z, git hash: 84205aa28f11a4f31f2a3b86d1bba2cc8ab69827
2019-09-12 10:35:37,497 [main] INFO  handler.ContextHandler (ContextHandler.java:doStart(781)) - Started o.e.j.s.ServletContextHandler@1b7554d4{/logs,file:///workdir/hadoop-ozone/integration-test/target/log,AVAILABLE}
2019-09-12 10:35:37,498 [main] INFO  handler.ContextHandler (ContextHandler.java:doStart(781)) - Started o.e.j.s.ServletContextHandler@1ea930eb{/static,jar:file:/home/user/.m2/repository/org/apache/hadoop/hadoop-hdds-container-service/0.5.0-SNAPSHOT/hadoop-hdds-container-service-0.5.0-SNAPSHOT.jar!/webapps/static,AVAILABLE}
2019-09-12 10:35:37,537 [main] INFO  handler.ContextHandler (ContextHandler.java:doStart(781)) - Started o.e.j.w.WebAppContext@2f4d32bf{/,file:///tmp/jetty-0.0.0.0-39363-hddsDatanode-_-any-8915845610147274237.dir/webapp/,AVAILABLE}{/hddsDatanode}
2019-09-12 10:35:37,538 [main] INFO  server.AbstractConnector (AbstractConnector.java:doStart(278)) - Started ServerConnector@774d8276{HTTP/1.1,[http/1.1]}{0.0.0.0:39363}
2019-09-12 10:35:37,539 [main] INFO  server.Server (Server.java:doStart(419)) - Started @7829ms
2019-09-12 10:35:37,539 [main] INFO  server.BaseHttpServer (BaseHttpServer.java:updateConnectorAddress(213)) - HTTP server of HDDSDATANODE is listening at http://0.0.0.0:39363
2019-09-12 10:35:37,686 | INFO  | ObjectStoreRestHttpServer | Listening HDDS REST traffic on /0.0.0.0:36763 |  
2019-09-12 10:35:37,686 [main] INFO  ozone.HddsDatanodeService (HddsDatanodeService.java:startPlugins(395)) - Started plug-in org.apache.hadoop.ozone.web.OzoneHddsDatanodeService@21d9cd04
2019-09-12 10:35:37,686 [main] INFO  impl.MetricsSystemImpl (MetricsSystemImpl.java:init(158)) - HddsDatanode metrics system started (again)
2019-09-12 10:35:37,690 [org.apache.hadoop.util.JvmPauseMonitor$Monitor@5659ecc7] INFO  util.JvmPauseMonitor (JvmPauseMonitor.java:run(188)) - Starting JVM pause monitor
2019-09-12 10:35:37,690 [main] INFO  ozone.HddsDatanodeService (HddsDatanodeService.java:start(184)) - HddsDatanodeService host:pr-hdds-1569-58hkm-1881083799 ip:192.168.36.114
2019-09-12 10:35:37,694 [Datanode State Machine Thread - 0] INFO  datanode.InitDatanodeState (InitDatanodeState.java:persistContainerDatanodeDetails(140)) - DatanodeDetails is persisted to /workdir/hadoop-ozone/integration-test/target/test-dir/MiniOzoneClusterImpl-37d049c1-8781-4836-8b63-386207273279/datanode-4/meta/datanode.id
2019-09-12 10:35:37,698 [main] INFO  volume.HddsVolume (HddsVolume.java:<init>(176)) - Creating Volume: /workdir/hadoop-ozone/integration-test/target/test-dir/MiniOzoneClusterImpl-37d049c1-8781-4836-8b63-386207273279/datanode-5/data/containers/hdds of  storage type : DISK and capacity : 1482555576320
2019-09-12 10:35:37,698 [main] INFO  volume.VolumeSet (VolumeSet.java:initializeVolumeSet(170)) - Added Volume : /workdir/hadoop-ozone/integration-test/target/test-dir/MiniOzoneClusterImpl-37d049c1-8781-4836-8b63-386207273279/datanode-5/data/containers/hdds to VolumeSet
2019-09-12 10:35:37,699 [main] INFO  volume.ThrottledAsyncChecker (ThrottledAsyncChecker.java:schedule(140)) - Scheduling a check for org.apache.hadoop.ozone.container.common.volume.HddsVolume@37b01ce2
2019-09-12 10:35:37,699 [main] INFO  volume.HddsVolumeChecker (HddsVolumeChecker.java:checkAllVolumes(203)) - Scheduled health check for volume org.apache.hadoop.ozone.container.common.volume.HddsVolume@37b01ce2
2019-09-12 10:35:37,714 [main] INFO  impl.RaftServerProxy (ConfUtils.java:logGet(43)) - raft.rpc.type = GRPC (default)
2019-09-12 10:35:37,714 [main] INFO  grpc.GrpcFactory (GrpcFactory.java:checkPooledByteBufAllocatorUseCacheForAllThreads(45)) - PERFORMANCE WARNING: useCacheForAllThreads is true that may cause Netty to create a lot garbage objects and, as a result, trigger GC.
	It is recommended to disable useCacheForAllThreads by setting -Dorg.apache.ratis.thirdparty.io.netty.allocator.useCacheForAllThreads=false in command line.
2019-09-12 10:35:37,715 [main] INFO  grpc.GrpcConfigKeys$Server (ConfUtils.java:logGet(43)) - raft.grpc.server.port = 0 (default)
2019-09-12 10:35:37,715 [main] INFO  server.GrpcService (ConfUtils.java:logGet(43)) - raft.grpc.message.size.max = 33570816 (custom)
2019-09-12 10:35:37,715 [main] INFO  server.RaftServerConfigKeys (ConfUtils.java:logGet(43)) - raft.server.log.appender.buffer.byte-limit = 33554432 (custom)
2019-09-12 10:35:37,715 [main] INFO  server.GrpcService (ConfUtils.java:logGet(43)) - raft.grpc.flow.control.window = 1MB (=1048576) (default)
2019-09-12 10:35:37,715 [main] INFO  server.RaftServerConfigKeys (ConfUtils.java:logGet(43)) - raft.server.rpc.request.timeout = 3000ms (default)
2019-09-12 10:35:37,716 [main] INFO  server.RaftServerConfigKeys (ConfUtils.java:logGet(43)) - raft.server.storage.dir = [/workdir/hadoop-ozone/integration-test/target/test-dir/MiniOzoneClusterImpl-37d049c1-8781-4836-8b63-386207273279/datanode-5/data/ratis] (custom)
2019-09-12 10:35:37,716 [main] INFO  replication.SimpleContainerDownloader (SimpleContainerDownloader.java:<init>(72)) - Starting container downloader service to copy containers to replicate.
2019-09-12 10:35:37,717 [main] INFO  hdfs.DFSUtil (DFSUtil.java:httpServerTemplateForNNAndJN(1641)) - Starting Web-server for hddsDatanode at: http://0.0.0.0:0
2019-09-12 10:35:37,719 [main] INFO  server.AuthenticationFilter (AuthenticationFilter.java:constructSecretProvider(240)) - Unable to initialize FileSignerSecretProvider, falling back to use random secrets.
2019-09-12 10:35:37,719 [main] WARN  http.HttpRequestLog (HttpRequestLog.java:getRequestLog(97)) - Jetty request log can only be enabled using Log4j
2019-09-12 10:35:37,720 [main] INFO  http.HttpServer2 (HttpServer2.java:addGlobalFilter(975)) - Added global filter 'safety' (class=org.apache.hadoop.http.HttpServer2$QuotingInputFilter)
2019-09-12 10:35:37,721 [main] INFO  http.HttpServer2 (HttpServer2.java:addFilter(948)) - Added filter static_user_filter (class=org.apache.hadoop.http.lib.StaticUserWebFilter$StaticUserFilter) to context hddsDatanode
2019-09-12 10:35:37,721 [main] INFO  http.HttpServer2 (HttpServer2.java:addFilter(958)) - Added filter static_user_filter (class=org.apache.hadoop.http.lib.StaticUserWebFilter$StaticUserFilter) to context logs
2019-09-12 10:35:37,721 [main] INFO  http.HttpServer2 (HttpServer2.java:addFilter(958)) - Added filter static_user_filter (class=org.apache.hadoop.http.lib.StaticUserWebFilter$StaticUserFilter) to context static
2019-09-12 10:35:37,722 [main] INFO  http.HttpServer2 (HttpServer2.java:bindListener(1191)) - Jetty bound to port 40855
2019-09-12 10:35:37,722 [main] INFO  server.Server (Server.java:doStart(351)) - jetty-9.3.24.v20180605, build timestamp: 2018-06-05T17:11:56Z, git hash: 84205aa28f11a4f31f2a3b86d1bba2cc8ab69827
2019-09-12 10:35:37,820 [main] INFO  handler.ContextHandler (ContextHandler.java:doStart(781)) - Started o.e.j.s.ServletContextHandler@7ddeb27f{/logs,file:///workdir/hadoop-ozone/integration-test/target/log,AVAILABLE}
2019-09-12 10:35:37,823 [main] INFO  handler.ContextHandler (ContextHandler.java:doStart(781)) - Started o.e.j.s.ServletContextHandler@681de87f{/static,jar:file:/home/user/.m2/repository/org/apache/hadoop/hadoop-hdds-container-service/0.5.0-SNAPSHOT/hadoop-hdds-container-service-0.5.0-SNAPSHOT.jar!/webapps/static,AVAILABLE}
2019-09-12 10:35:37,881 [main] INFO  handler.ContextHandler (ContextHandler.java:doStart(781)) - Started o.e.j.w.WebAppContext@69b3886f{/,file:///tmp/jetty-0.0.0.0-40855-hddsDatanode-_-any-6981821835693479805.dir/webapp/,AVAILABLE}{/hddsDatanode}
2019-09-12 10:35:37,882 [main] INFO  server.AbstractConnector (AbstractConnector.java:doStart(278)) - Started ServerConnector@53d30d23{HTTP/1.1,[http/1.1]}{0.0.0.0:40855}
2019-09-12 10:35:37,883 [main] INFO  server.Server (Server.java:doStart(419)) - Started @8173ms
2019-09-12 10:35:37,883 [main] INFO  server.BaseHttpServer (BaseHttpServer.java:updateConnectorAddress(213)) - HTTP server of HDDSDATANODE is listening at http://0.0.0.0:40855
2019-09-12 10:35:38,053 | INFO  | ObjectStoreRestHttpServer | Listening HDDS REST traffic on /0.0.0.0:43807 |  
2019-09-12 10:35:38,053 [main] INFO  ozone.HddsDatanodeService (HddsDatanodeService.java:startPlugins(395)) - Started plug-in org.apache.hadoop.ozone.web.OzoneHddsDatanodeService@6a5dd083
2019-09-12 10:35:38,053 [main] INFO  impl.MetricsSystemImpl (MetricsSystemImpl.java:init(158)) - HddsDatanode metrics system started (again)
2019-09-12 10:35:38,058 [main] INFO  ozone.HddsDatanodeService (HddsDatanodeService.java:start(184)) - HddsDatanodeService host:pr-hdds-1569-58hkm-1881083799 ip:192.168.36.114
2019-09-12 10:35:38,078 [org.apache.hadoop.util.JvmPauseMonitor$Monitor@294929a2] INFO  util.JvmPauseMonitor (JvmPauseMonitor.java:run(188)) - Starting JVM pause monitor
2019-09-12 10:35:38,079 [Datanode State Machine Thread - 0] INFO  datanode.InitDatanodeState (InitDatanodeState.java:persistContainerDatanodeDetails(140)) - DatanodeDetails is persisted to /workdir/hadoop-ozone/integration-test/target/test-dir/MiniOzoneClusterImpl-37d049c1-8781-4836-8b63-386207273279/datanode-5/meta/datanode.id
2019-09-12 10:35:38,085 [main] INFO  volume.HddsVolume (HddsVolume.java:<init>(176)) - Creating Volume: /workdir/hadoop-ozone/integration-test/target/test-dir/MiniOzoneClusterImpl-37d049c1-8781-4836-8b63-386207273279/datanode-6/data/containers/hdds of  storage type : DISK and capacity : 1482555576320
2019-09-12 10:35:38,085 [main] INFO  volume.VolumeSet (VolumeSet.java:initializeVolumeSet(170)) - Added Volume : /workdir/hadoop-ozone/integration-test/target/test-dir/MiniOzoneClusterImpl-37d049c1-8781-4836-8b63-386207273279/datanode-6/data/containers/hdds to VolumeSet
2019-09-12 10:35:38,085 [main] INFO  volume.ThrottledAsyncChecker (ThrottledAsyncChecker.java:schedule(140)) - Scheduling a check for org.apache.hadoop.ozone.container.common.volume.HddsVolume@6eede35e
2019-09-12 10:35:38,086 [main] INFO  volume.HddsVolumeChecker (HddsVolumeChecker.java:checkAllVolumes(203)) - Scheduled health check for volume org.apache.hadoop.ozone.container.common.volume.HddsVolume@6eede35e
2019-09-12 10:35:38,101 [main] INFO  impl.RaftServerProxy (ConfUtils.java:logGet(43)) - raft.rpc.type = GRPC (default)
2019-09-12 10:35:38,101 [main] INFO  grpc.GrpcFactory (GrpcFactory.java:checkPooledByteBufAllocatorUseCacheForAllThreads(45)) - PERFORMANCE WARNING: useCacheForAllThreads is true that may cause Netty to create a lot garbage objects and, as a result, trigger GC.
	It is recommended to disable useCacheForAllThreads by setting -Dorg.apache.ratis.thirdparty.io.netty.allocator.useCacheForAllThreads=false in command line.
2019-09-12 10:35:38,101 [main] INFO  grpc.GrpcConfigKeys$Server (ConfUtils.java:logGet(43)) - raft.grpc.server.port = 0 (default)
2019-09-12 10:35:38,102 [main] INFO  server.GrpcService (ConfUtils.java:logGet(43)) - raft.grpc.message.size.max = 33570816 (custom)
2019-09-12 10:35:38,102 [main] INFO  server.RaftServerConfigKeys (ConfUtils.java:logGet(43)) - raft.server.log.appender.buffer.byte-limit = 33554432 (custom)
2019-09-12 10:35:38,102 [main] INFO  server.GrpcService (ConfUtils.java:logGet(43)) - raft.grpc.flow.control.window = 1MB (=1048576) (default)
2019-09-12 10:35:38,102 [main] INFO  server.RaftServerConfigKeys (ConfUtils.java:logGet(43)) - raft.server.rpc.request.timeout = 3000ms (default)
2019-09-12 10:35:38,103 [main] INFO  server.RaftServerConfigKeys (ConfUtils.java:logGet(43)) - raft.server.storage.dir = [/workdir/hadoop-ozone/integration-test/target/test-dir/MiniOzoneClusterImpl-37d049c1-8781-4836-8b63-386207273279/datanode-6/data/ratis] (custom)
2019-09-12 10:35:38,103 [main] INFO  replication.SimpleContainerDownloader (SimpleContainerDownloader.java:<init>(72)) - Starting container downloader service to copy containers to replicate.
2019-09-12 10:35:38,104 [main] INFO  hdfs.DFSUtil (DFSUtil.java:httpServerTemplateForNNAndJN(1641)) - Starting Web-server for hddsDatanode at: http://0.0.0.0:0
2019-09-12 10:35:38,106 [main] INFO  server.AuthenticationFilter (AuthenticationFilter.java:constructSecretProvider(240)) - Unable to initialize FileSignerSecretProvider, falling back to use random secrets.
2019-09-12 10:35:38,106 [main] WARN  http.HttpRequestLog (HttpRequestLog.java:getRequestLog(97)) - Jetty request log can only be enabled using Log4j
2019-09-12 10:35:38,107 [main] INFO  http.HttpServer2 (HttpServer2.java:addGlobalFilter(975)) - Added global filter 'safety' (class=org.apache.hadoop.http.HttpServer2$QuotingInputFilter)
2019-09-12 10:35:38,108 [main] INFO  http.HttpServer2 (HttpServer2.java:addFilter(948)) - Added filter static_user_filter (class=org.apache.hadoop.http.lib.StaticUserWebFilter$StaticUserFilter) to context hddsDatanode
2019-09-12 10:35:38,108 [main] INFO  http.HttpServer2 (HttpServer2.java:addFilter(958)) - Added filter static_user_filter (class=org.apache.hadoop.http.lib.StaticUserWebFilter$StaticUserFilter) to context static
2019-09-12 10:35:38,108 [main] INFO  http.HttpServer2 (HttpServer2.java:addFilter(958)) - Added filter static_user_filter (class=org.apache.hadoop.http.lib.StaticUserWebFilter$StaticUserFilter) to context logs
2019-09-12 10:35:38,109 [main] INFO  http.HttpServer2 (HttpServer2.java:bindListener(1191)) - Jetty bound to port 41428
2019-09-12 10:35:38,109 [main] INFO  server.Server (Server.java:doStart(351)) - jetty-9.3.24.v20180605, build timestamp: 2018-06-05T17:11:56Z, git hash: 84205aa28f11a4f31f2a3b86d1bba2cc8ab69827
2019-09-12 10:35:38,111 [main] INFO  handler.ContextHandler (ContextHandler.java:doStart(781)) - Started o.e.j.s.ServletContextHandler@4f26425b{/logs,file:///workdir/hadoop-ozone/integration-test/target/log,AVAILABLE}
2019-09-12 10:35:38,111 [main] INFO  handler.ContextHandler (ContextHandler.java:doStart(781)) - Started o.e.j.s.ServletContextHandler@40dd552c{/static,jar:file:/home/user/.m2/repository/org/apache/hadoop/hadoop-hdds-container-service/0.5.0-SNAPSHOT/hadoop-hdds-container-service-0.5.0-SNAPSHOT.jar!/webapps/static,AVAILABLE}
2019-09-12 10:35:38,140 [main] INFO  handler.ContextHandler (ContextHandler.java:doStart(781)) - Started o.e.j.w.WebAppContext@74500e4f{/,file:///tmp/jetty-0.0.0.0-41428-hddsDatanode-_-any-9113943387690332630.dir/webapp/,AVAILABLE}{/hddsDatanode}
2019-09-12 10:35:38,141 [main] INFO  server.AbstractConnector (AbstractConnector.java:doStart(278)) - Started ServerConnector@7c91fe86{HTTP/1.1,[http/1.1]}{0.0.0.0:41428}
2019-09-12 10:35:38,142 [main] INFO  server.Server (Server.java:doStart(419)) - Started @8433ms
2019-09-12 10:35:38,143 [main] INFO  server.BaseHttpServer (BaseHttpServer.java:updateConnectorAddress(213)) - HTTP server of HDDSDATANODE is listening at http://0.0.0.0:41428
2019-09-12 10:35:38,295 | INFO  | ObjectStoreRestHttpServer | Listening HDDS REST traffic on /0.0.0.0:33710 |  
2019-09-12 10:35:38,295 [main] INFO  ozone.HddsDatanodeService (HddsDatanodeService.java:startPlugins(395)) - Started plug-in org.apache.hadoop.ozone.web.OzoneHddsDatanodeService@46ea78f0
2019-09-12 10:35:38,295 [main] INFO  impl.MetricsSystemImpl (MetricsSystemImpl.java:init(158)) - HddsDatanode metrics system started (again)
2019-09-12 10:35:38,300 [org.apache.hadoop.util.JvmPauseMonitor$Monitor@14ded68b] INFO  util.JvmPauseMonitor (JvmPauseMonitor.java:run(188)) - Starting JVM pause monitor
2019-09-12 10:35:38,300 [main] INFO  ozone.HddsDatanodeService (HddsDatanodeService.java:start(184)) - HddsDatanodeService host:pr-hdds-1569-58hkm-1881083799 ip:192.168.36.114
2019-09-12 10:35:38,303 [Datanode State Machine Thread - 0] INFO  datanode.InitDatanodeState (InitDatanodeState.java:persistContainerDatanodeDetails(140)) - DatanodeDetails is persisted to /workdir/hadoop-ozone/integration-test/target/test-dir/MiniOzoneClusterImpl-37d049c1-8781-4836-8b63-386207273279/datanode-6/meta/datanode.id
2019-09-12 10:35:38,310 [main] INFO  volume.HddsVolume (HddsVolume.java:<init>(176)) - Creating Volume: /workdir/hadoop-ozone/integration-test/target/test-dir/MiniOzoneClusterImpl-37d049c1-8781-4836-8b63-386207273279/datanode-7/data/containers/hdds of  storage type : DISK and capacity : 1482555576320
2019-09-12 10:35:38,310 [main] INFO  volume.VolumeSet (VolumeSet.java:initializeVolumeSet(170)) - Added Volume : /workdir/hadoop-ozone/integration-test/target/test-dir/MiniOzoneClusterImpl-37d049c1-8781-4836-8b63-386207273279/datanode-7/data/containers/hdds to VolumeSet
2019-09-12 10:35:38,311 [main] INFO  volume.ThrottledAsyncChecker (ThrottledAsyncChecker.java:schedule(140)) - Scheduling a check for org.apache.hadoop.ozone.container.common.volume.HddsVolume@6136e1fc
2019-09-12 10:35:38,311 [main] INFO  volume.HddsVolumeChecker (HddsVolumeChecker.java:checkAllVolumes(203)) - Scheduled health check for volume org.apache.hadoop.ozone.container.common.volume.HddsVolume@6136e1fc
2019-09-12 10:35:38,326 [main] INFO  impl.RaftServerProxy (ConfUtils.java:logGet(43)) - raft.rpc.type = GRPC (default)
2019-09-12 10:35:38,326 [main] INFO  grpc.GrpcFactory (GrpcFactory.java:checkPooledByteBufAllocatorUseCacheForAllThreads(45)) - PERFORMANCE WARNING: useCacheForAllThreads is true that may cause Netty to create a lot garbage objects and, as a result, trigger GC.
	It is recommended to disable useCacheForAllThreads by setting -Dorg.apache.ratis.thirdparty.io.netty.allocator.useCacheForAllThreads=false in command line.
2019-09-12 10:35:38,326 [main] INFO  grpc.GrpcConfigKeys$Server (ConfUtils.java:logGet(43)) - raft.grpc.server.port = 0 (default)
2019-09-12 10:35:38,326 [main] INFO  server.GrpcService (ConfUtils.java:logGet(43)) - raft.grpc.message.size.max = 33570816 (custom)
2019-09-12 10:35:38,326 [main] INFO  server.RaftServerConfigKeys (ConfUtils.java:logGet(43)) - raft.server.log.appender.buffer.byte-limit = 33554432 (custom)
2019-09-12 10:35:38,327 [main] INFO  server.GrpcService (ConfUtils.java:logGet(43)) - raft.grpc.flow.control.window = 1MB (=1048576) (default)
2019-09-12 10:35:38,327 [main] INFO  server.RaftServerConfigKeys (ConfUtils.java:logGet(43)) - raft.server.rpc.request.timeout = 3000ms (default)
2019-09-12 10:35:38,327 [main] INFO  server.RaftServerConfigKeys (ConfUtils.java:logGet(43)) - raft.server.storage.dir = [/workdir/hadoop-ozone/integration-test/target/test-dir/MiniOzoneClusterImpl-37d049c1-8781-4836-8b63-386207273279/datanode-7/data/ratis] (custom)
2019-09-12 10:35:38,328 [main] INFO  replication.SimpleContainerDownloader (SimpleContainerDownloader.java:<init>(72)) - Starting container downloader service to copy containers to replicate.
2019-09-12 10:35:38,329 [main] INFO  hdfs.DFSUtil (DFSUtil.java:httpServerTemplateForNNAndJN(1641)) - Starting Web-server for hddsDatanode at: http://0.0.0.0:0
2019-09-12 10:35:38,330 [main] INFO  server.AuthenticationFilter (AuthenticationFilter.java:constructSecretProvider(240)) - Unable to initialize FileSignerSecretProvider, falling back to use random secrets.
2019-09-12 10:35:38,331 [main] WARN  http.HttpRequestLog (HttpRequestLog.java:getRequestLog(97)) - Jetty request log can only be enabled using Log4j
2019-09-12 10:35:38,332 [main] INFO  http.HttpServer2 (HttpServer2.java:addGlobalFilter(975)) - Added global filter 'safety' (class=org.apache.hadoop.http.HttpServer2$QuotingInputFilter)
2019-09-12 10:35:38,333 [main] INFO  http.HttpServer2 (HttpServer2.java:addFilter(948)) - Added filter static_user_filter (class=org.apache.hadoop.http.lib.StaticUserWebFilter$StaticUserFilter) to context hddsDatanode
2019-09-12 10:35:38,333 [main] INFO  http.HttpServer2 (HttpServer2.java:addFilter(958)) - Added filter static_user_filter (class=org.apache.hadoop.http.lib.StaticUserWebFilter$StaticUserFilter) to context logs
2019-09-12 10:35:38,333 [main] INFO  http.HttpServer2 (HttpServer2.java:addFilter(958)) - Added filter static_user_filter (class=org.apache.hadoop.http.lib.StaticUserWebFilter$StaticUserFilter) to context static
2019-09-12 10:35:38,334 [main] INFO  http.HttpServer2 (HttpServer2.java:bindListener(1191)) - Jetty bound to port 34874
2019-09-12 10:35:38,334 [main] INFO  server.Server (Server.java:doStart(351)) - jetty-9.3.24.v20180605, build timestamp: 2018-06-05T17:11:56Z, git hash: 84205aa28f11a4f31f2a3b86d1bba2cc8ab69827
2019-09-12 10:35:38,335 [main] INFO  handler.ContextHandler (ContextHandler.java:doStart(781)) - Started o.e.j.s.ServletContextHandler@1552da16{/logs,file:///workdir/hadoop-ozone/integration-test/target/log,AVAILABLE}
2019-09-12 10:35:38,336 [main] INFO  handler.ContextHandler (ContextHandler.java:doStart(781)) - Started o.e.j.s.ServletContextHandler@77ce88c4{/static,jar:file:/home/user/.m2/repository/org/apache/hadoop/hadoop-hdds-container-service/0.5.0-SNAPSHOT/hadoop-hdds-container-service-0.5.0-SNAPSHOT.jar!/webapps/static,AVAILABLE}
2019-09-12 10:35:38,387 [main] INFO  handler.ContextHandler (ContextHandler.java:doStart(781)) - Started o.e.j.w.WebAppContext@2a6fb62f{/,file:///tmp/jetty-0.0.0.0-34874-hddsDatanode-_-any-146239905384897962.dir/webapp/,AVAILABLE}{/hddsDatanode}
2019-09-12 10:35:38,387 [main] INFO  server.AbstractConnector (AbstractConnector.java:doStart(278)) - Started ServerConnector@65e4cb84{HTTP/1.1,[http/1.1]}{0.0.0.0:34874}
2019-09-12 10:35:38,388 [main] INFO  server.Server (Server.java:doStart(419)) - Started @8679ms
2019-09-12 10:35:38,389 [main] INFO  server.BaseHttpServer (BaseHttpServer.java:updateConnectorAddress(213)) - HTTP server of HDDSDATANODE is listening at http://0.0.0.0:34874
2019-09-12 10:35:38,508 | INFO  | ObjectStoreRestHttpServer | Listening HDDS REST traffic on /0.0.0.0:36407 |  
2019-09-12 10:35:38,508 [main] INFO  ozone.HddsDatanodeService (HddsDatanodeService.java:startPlugins(395)) - Started plug-in org.apache.hadoop.ozone.web.OzoneHddsDatanodeService@7d61468c
2019-09-12 10:35:38,509 [main] INFO  impl.MetricsSystemImpl (MetricsSystemImpl.java:init(158)) - HddsDatanode metrics system started (again)
2019-09-12 10:35:38,512 [org.apache.hadoop.util.JvmPauseMonitor$Monitor@41298556] INFO  util.JvmPauseMonitor (JvmPauseMonitor.java:run(188)) - Starting JVM pause monitor
2019-09-12 10:35:38,513 [main] INFO  ozone.HddsDatanodeService (HddsDatanodeService.java:start(184)) - HddsDatanodeService host:pr-hdds-1569-58hkm-1881083799 ip:192.168.36.114
2019-09-12 10:35:38,514 [Datanode State Machine Thread - 0] INFO  datanode.InitDatanodeState (InitDatanodeState.java:persistContainerDatanodeDetails(140)) - DatanodeDetails is persisted to /workdir/hadoop-ozone/integration-test/target/test-dir/MiniOzoneClusterImpl-37d049c1-8781-4836-8b63-386207273279/datanode-7/meta/datanode.id
2019-09-12 10:35:38,522 [main] INFO  volume.HddsVolume (HddsVolume.java:<init>(176)) - Creating Volume: /workdir/hadoop-ozone/integration-test/target/test-dir/MiniOzoneClusterImpl-37d049c1-8781-4836-8b63-386207273279/datanode-8/data/containers/hdds of  storage type : DISK and capacity : 1482555576320
2019-09-12 10:35:38,522 [main] INFO  volume.VolumeSet (VolumeSet.java:initializeVolumeSet(170)) - Added Volume : /workdir/hadoop-ozone/integration-test/target/test-dir/MiniOzoneClusterImpl-37d049c1-8781-4836-8b63-386207273279/datanode-8/data/containers/hdds to VolumeSet
2019-09-12 10:35:38,522 [main] INFO  volume.ThrottledAsyncChecker (ThrottledAsyncChecker.java:schedule(140)) - Scheduling a check for org.apache.hadoop.ozone.container.common.volume.HddsVolume@1a4083f6
2019-09-12 10:35:38,523 [main] INFO  volume.HddsVolumeChecker (HddsVolumeChecker.java:checkAllVolumes(203)) - Scheduled health check for volume org.apache.hadoop.ozone.container.common.volume.HddsVolume@1a4083f6
2019-09-12 10:35:38,545 [main] INFO  impl.RaftServerProxy (ConfUtils.java:logGet(43)) - raft.rpc.type = GRPC (default)
2019-09-12 10:35:38,546 [main] INFO  grpc.GrpcFactory (GrpcFactory.java:checkPooledByteBufAllocatorUseCacheForAllThreads(45)) - PERFORMANCE WARNING: useCacheForAllThreads is true that may cause Netty to create a lot garbage objects and, as a result, trigger GC.
	It is recommended to disable useCacheForAllThreads by setting -Dorg.apache.ratis.thirdparty.io.netty.allocator.useCacheForAllThreads=false in command line.
2019-09-12 10:35:38,546 [main] INFO  grpc.GrpcConfigKeys$Server (ConfUtils.java:logGet(43)) - raft.grpc.server.port = 0 (default)
2019-09-12 10:35:38,546 [main] INFO  server.GrpcService (ConfUtils.java:logGet(43)) - raft.grpc.message.size.max = 33570816 (custom)
2019-09-12 10:35:38,546 [main] INFO  server.RaftServerConfigKeys (ConfUtils.java:logGet(43)) - raft.server.log.appender.buffer.byte-limit = 33554432 (custom)
2019-09-12 10:35:38,547 [main] INFO  server.GrpcService (ConfUtils.java:logGet(43)) - raft.grpc.flow.control.window = 1MB (=1048576) (default)
2019-09-12 10:35:38,547 [main] INFO  server.RaftServerConfigKeys (ConfUtils.java:logGet(43)) - raft.server.rpc.request.timeout = 3000ms (default)
2019-09-12 10:35:38,547 [main] INFO  server.RaftServerConfigKeys (ConfUtils.java:logGet(43)) - raft.server.storage.dir = [/workdir/hadoop-ozone/integration-test/target/test-dir/MiniOzoneClusterImpl-37d049c1-8781-4836-8b63-386207273279/datanode-8/data/ratis] (custom)
2019-09-12 10:35:38,548 [main] INFO  replication.SimpleContainerDownloader (SimpleContainerDownloader.java:<init>(72)) - Starting container downloader service to copy containers to replicate.
2019-09-12 10:35:38,549 [main] INFO  hdfs.DFSUtil (DFSUtil.java:httpServerTemplateForNNAndJN(1641)) - Starting Web-server for hddsDatanode at: http://0.0.0.0:0
2019-09-12 10:35:38,551 [main] INFO  server.AuthenticationFilter (AuthenticationFilter.java:constructSecretProvider(240)) - Unable to initialize FileSignerSecretProvider, falling back to use random secrets.
2019-09-12 10:35:38,551 [main] WARN  http.HttpRequestLog (HttpRequestLog.java:getRequestLog(97)) - Jetty request log can only be enabled using Log4j
2019-09-12 10:35:38,553 [main] INFO  http.HttpServer2 (HttpServer2.java:addGlobalFilter(975)) - Added global filter 'safety' (class=org.apache.hadoop.http.HttpServer2$QuotingInputFilter)
2019-09-12 10:35:38,553 [main] INFO  http.HttpServer2 (HttpServer2.java:addFilter(948)) - Added filter static_user_filter (class=org.apache.hadoop.http.lib.StaticUserWebFilter$StaticUserFilter) to context hddsDatanode
2019-09-12 10:35:38,553 [main] INFO  http.HttpServer2 (HttpServer2.java:addFilter(958)) - Added filter static_user_filter (class=org.apache.hadoop.http.lib.StaticUserWebFilter$StaticUserFilter) to context logs
2019-09-12 10:35:38,553 [main] INFO  http.HttpServer2 (HttpServer2.java:addFilter(958)) - Added filter static_user_filter (class=org.apache.hadoop.http.lib.StaticUserWebFilter$StaticUserFilter) to context static
2019-09-12 10:35:38,554 [main] INFO  http.HttpServer2 (HttpServer2.java:bindListener(1191)) - Jetty bound to port 34730
2019-09-12 10:35:38,554 [main] INFO  server.Server (Server.java:doStart(351)) - jetty-9.3.24.v20180605, build timestamp: 2018-06-05T17:11:56Z, git hash: 84205aa28f11a4f31f2a3b86d1bba2cc8ab69827
2019-09-12 10:35:38,556 [main] INFO  handler.ContextHandler (ContextHandler.java:doStart(781)) - Started o.e.j.s.ServletContextHandler@78545d40{/logs,file:///workdir/hadoop-ozone/integration-test/target/log,AVAILABLE}
2019-09-12 10:35:38,556 [main] INFO  handler.ContextHandler (ContextHandler.java:doStart(781)) - Started o.e.j.s.ServletContextHandler@144a5e6e{/static,jar:file:/home/user/.m2/repository/org/apache/hadoop/hadoop-hdds-container-service/0.5.0-SNAPSHOT/hadoop-hdds-container-service-0.5.0-SNAPSHOT.jar!/webapps/static,AVAILABLE}
2019-09-12 10:35:38,604 [main] INFO  handler.ContextHandler (ContextHandler.java:doStart(781)) - Started o.e.j.w.WebAppContext@592a1882{/,file:///tmp/jetty-0.0.0.0-34730-hddsDatanode-_-any-894645871177287305.dir/webapp/,AVAILABLE}{/hddsDatanode}
2019-09-12 10:35:38,606 [main] INFO  server.AbstractConnector (AbstractConnector.java:doStart(278)) - Started ServerConnector@48368a08{HTTP/1.1,[http/1.1]}{0.0.0.0:34730}
2019-09-12 10:35:38,606 [main] INFO  server.Server (Server.java:doStart(419)) - Started @8897ms
2019-09-12 10:35:38,607 [main] INFO  server.BaseHttpServer (BaseHttpServer.java:updateConnectorAddress(213)) - HTTP server of HDDSDATANODE is listening at http://0.0.0.0:34730
2019-09-12 10:35:38,741 | INFO  | ObjectStoreRestHttpServer | Listening HDDS REST traffic on /0.0.0.0:39466 |  
2019-09-12 10:35:38,741 [main] INFO  ozone.HddsDatanodeService (HddsDatanodeService.java:startPlugins(395)) - Started plug-in org.apache.hadoop.ozone.web.OzoneHddsDatanodeService@a69f9d
2019-09-12 10:35:38,742 [main] INFO  impl.MetricsSystemImpl (MetricsSystemImpl.java:init(158)) - HddsDatanode metrics system started (again)
2019-09-12 10:35:38,747 [org.apache.hadoop.util.JvmPauseMonitor$Monitor@60926503] INFO  util.JvmPauseMonitor (JvmPauseMonitor.java:run(188)) - Starting JVM pause monitor
2019-09-12 10:35:38,747 [main] INFO  ozone.HddsDatanodeService (HddsDatanodeService.java:start(184)) - HddsDatanodeService host:pr-hdds-1569-58hkm-1881083799 ip:192.168.36.114
2019-09-12 10:35:38,749 [Datanode State Machine Thread - 0] INFO  datanode.InitDatanodeState (InitDatanodeState.java:persistContainerDatanodeDetails(140)) - DatanodeDetails is persisted to /workdir/hadoop-ozone/integration-test/target/test-dir/MiniOzoneClusterImpl-37d049c1-8781-4836-8b63-386207273279/datanode-8/meta/datanode.id
2019-09-12 10:35:38,754 [main] INFO  volume.HddsVolume (HddsVolume.java:<init>(176)) - Creating Volume: /workdir/hadoop-ozone/integration-test/target/test-dir/MiniOzoneClusterImpl-37d049c1-8781-4836-8b63-386207273279/datanode-9/data/containers/hdds of  storage type : DISK and capacity : 1482555576320
2019-09-12 10:35:38,755 | INFO  | SCMAudit | user=jenkins1000 | ip=192.168.36.114 | op=GET_VERSION null | ret=SUCCESS |  
2019-09-12 10:35:38,755 [main] INFO  volume.VolumeSet (VolumeSet.java:initializeVolumeSet(170)) - Added Volume : /workdir/hadoop-ozone/integration-test/target/test-dir/MiniOzoneClusterImpl-37d049c1-8781-4836-8b63-386207273279/datanode-9/data/containers/hdds to VolumeSet
2019-09-12 10:35:38,755 [main] INFO  volume.ThrottledAsyncChecker (ThrottledAsyncChecker.java:schedule(140)) - Scheduling a check for org.apache.hadoop.ozone.container.common.volume.HddsVolume@5ca22e19
2019-09-12 10:35:38,756 [main] INFO  volume.HddsVolumeChecker (HddsVolumeChecker.java:checkAllVolumes(203)) - Scheduled health check for volume org.apache.hadoop.ozone.container.common.volume.HddsVolume@5ca22e19
2019-09-12 10:35:38,771 [main] INFO  impl.RaftServerProxy (ConfUtils.java:logGet(43)) - raft.rpc.type = GRPC (default)
2019-09-12 10:35:38,771 [main] INFO  grpc.GrpcFactory (GrpcFactory.java:checkPooledByteBufAllocatorUseCacheForAllThreads(45)) - PERFORMANCE WARNING: useCacheForAllThreads is true that may cause Netty to create a lot garbage objects and, as a result, trigger GC.
	It is recommended to disable useCacheForAllThreads by setting -Dorg.apache.ratis.thirdparty.io.netty.allocator.useCacheForAllThreads=false in command line.
2019-09-12 10:35:38,771 [main] INFO  grpc.GrpcConfigKeys$Server (ConfUtils.java:logGet(43)) - raft.grpc.server.port = 0 (default)
2019-09-12 10:35:38,771 [main] INFO  server.GrpcService (ConfUtils.java:logGet(43)) - raft.grpc.message.size.max = 33570816 (custom)
2019-09-12 10:35:38,771 [main] INFO  server.RaftServerConfigKeys (ConfUtils.java:logGet(43)) - raft.server.log.appender.buffer.byte-limit = 33554432 (custom)
2019-09-12 10:35:38,772 [main] INFO  server.GrpcService (ConfUtils.java:logGet(43)) - raft.grpc.flow.control.window = 1MB (=1048576) (default)
2019-09-12 10:35:38,772 [main] INFO  server.RaftServerConfigKeys (ConfUtils.java:logGet(43)) - raft.server.rpc.request.timeout = 3000ms (default)
2019-09-12 10:35:38,772 [main] INFO  server.RaftServerConfigKeys (ConfUtils.java:logGet(43)) - raft.server.storage.dir = [/workdir/hadoop-ozone/integration-test/target/test-dir/MiniOzoneClusterImpl-37d049c1-8781-4836-8b63-386207273279/datanode-9/data/ratis] (custom)
2019-09-12 10:35:38,773 [main] INFO  replication.SimpleContainerDownloader (SimpleContainerDownloader.java:<init>(72)) - Starting container downloader service to copy containers to replicate.
2019-09-12 10:35:38,774 [main] INFO  hdfs.DFSUtil (DFSUtil.java:httpServerTemplateForNNAndJN(1641)) - Starting Web-server for hddsDatanode at: http://0.0.0.0:0
2019-09-12 10:35:38,775 [main] INFO  server.AuthenticationFilter (AuthenticationFilter.java:constructSecretProvider(240)) - Unable to initialize FileSignerSecretProvider, falling back to use random secrets.
2019-09-12 10:35:38,776 [main] WARN  http.HttpRequestLog (HttpRequestLog.java:getRequestLog(97)) - Jetty request log can only be enabled using Log4j
2019-09-12 10:35:38,777 [main] INFO  http.HttpServer2 (HttpServer2.java:addGlobalFilter(975)) - Added global filter 'safety' (class=org.apache.hadoop.http.HttpServer2$QuotingInputFilter)
2019-09-12 10:35:38,778 [main] INFO  http.HttpServer2 (HttpServer2.java:addFilter(948)) - Added filter static_user_filter (class=org.apache.hadoop.http.lib.StaticUserWebFilter$StaticUserFilter) to context hddsDatanode
2019-09-12 10:35:38,778 [main] INFO  http.HttpServer2 (HttpServer2.java:addFilter(958)) - Added filter static_user_filter (class=org.apache.hadoop.http.lib.StaticUserWebFilter$StaticUserFilter) to context static
2019-09-12 10:35:38,778 [main] INFO  http.HttpServer2 (HttpServer2.java:addFilter(958)) - Added filter static_user_filter (class=org.apache.hadoop.http.lib.StaticUserWebFilter$StaticUserFilter) to context logs
2019-09-12 10:35:38,779 [main] INFO  http.HttpServer2 (HttpServer2.java:bindListener(1191)) - Jetty bound to port 37479
2019-09-12 10:35:38,779 [main] INFO  server.Server (Server.java:doStart(351)) - jetty-9.3.24.v20180605, build timestamp: 2018-06-05T17:11:56Z, git hash: 84205aa28f11a4f31f2a3b86d1bba2cc8ab69827
2019-09-12 10:35:38,780 [main] INFO  handler.ContextHandler (ContextHandler.java:doStart(781)) - Started o.e.j.s.ServletContextHandler@37e55819{/logs,file:///workdir/hadoop-ozone/integration-test/target/log,AVAILABLE}
2019-09-12 10:35:38,781 [main] INFO  handler.ContextHandler (ContextHandler.java:doStart(781)) - Started o.e.j.s.ServletContextHandler@6248cfab{/static,jar:file:/home/user/.m2/repository/org/apache/hadoop/hadoop-hdds-container-service/0.5.0-SNAPSHOT/hadoop-hdds-container-service-0.5.0-SNAPSHOT.jar!/webapps/static,AVAILABLE}
2019-09-12 10:35:38,815 [Datanode State Machine Thread - 0] INFO  ozoneimpl.OzoneContainer (OzoneContainer.java:start(186)) - Attempting to start container services.
2019-09-12 10:35:38,826 [Datanode State Machine Thread - 0] INFO  ozoneimpl.OzoneContainer (OzoneContainer.java:startContainerScrub(160)) - Background container scrubber has been disabled by hdds.containerscrub.enabled
2019-09-12 10:35:38,826 [Datanode State Machine Thread - 0] INFO  ratis.XceiverServerRatis (XceiverServerRatis.java:start(404)) - Starting XceiverServerRatis e888d92f-5ff8-4b8f-9926-c0c6217791b7 at port 0
2019-09-12 10:35:38,846 [Datanode State Machine Thread - 0] INFO  impl.RaftServerProxy (RaftServerProxy.java:lambda$start$3(299)) - e888d92f-5ff8-4b8f-9926-c0c6217791b7: start RPC server
2019-09-12 10:35:38,861 [main] INFO  handler.ContextHandler (ContextHandler.java:doStart(781)) - Started o.e.j.w.WebAppContext@6ac756b{/,file:///tmp/jetty-0.0.0.0-37479-hddsDatanode-_-any-7715685762951576540.dir/webapp/,AVAILABLE}{/hddsDatanode}
2019-09-12 10:35:38,863 [main] INFO  server.AbstractConnector (AbstractConnector.java:doStart(278)) - Started ServerConnector@156324b{HTTP/1.1,[http/1.1]}{0.0.0.0:37479}
2019-09-12 10:35:38,863 [main] INFO  server.Server (Server.java:doStart(419)) - Started @9154ms
2019-09-12 10:35:38,864 [main] INFO  server.BaseHttpServer (BaseHttpServer.java:updateConnectorAddress(213)) - HTTP server of HDDSDATANODE is listening at http://0.0.0.0:37479
2019-09-12 10:35:38,947 | INFO  | SCMAudit | user=jenkins1000 | ip=192.168.36.114 | op=GET_VERSION null | ret=SUCCESS |  
2019-09-12 10:35:38,963 [Datanode State Machine Thread - 0] INFO  ozoneimpl.OzoneContainer (OzoneContainer.java:start(186)) - Attempting to start container services.
2019-09-12 10:35:38,965 [Datanode State Machine Thread - 0] INFO  ozoneimpl.OzoneContainer (OzoneContainer.java:startContainerScrub(160)) - Background container scrubber has been disabled by hdds.containerscrub.enabled
2019-09-12 10:35:38,965 [Datanode State Machine Thread - 0] INFO  ratis.XceiverServerRatis (XceiverServerRatis.java:start(404)) - Starting XceiverServerRatis 3ea3aff6-08b9-42c8-836f-7f03e071752a at port 0
2019-09-12 10:35:38,977 [Datanode State Machine Thread - 0] INFO  impl.RaftServerProxy (RaftServerProxy.java:lambda$start$3(299)) - 3ea3aff6-08b9-42c8-836f-7f03e071752a: start RPC server
2019-09-12 10:35:38,999 [Datanode State Machine Thread - 0] INFO  server.GrpcService (GrpcService.java:startImpl(149)) - 3ea3aff6-08b9-42c8-836f-7f03e071752a: GrpcService started, listening on 0.0.0.0/0.0.0.0:46411
2019-09-12 10:35:38,999 [Datanode State Machine Thread - 0] INFO  server.GrpcService (GrpcService.java:startImpl(149)) - e888d92f-5ff8-4b8f-9926-c0c6217791b7: GrpcService started, listening on 0.0.0.0/0.0.0.0:44342
2019-09-12 10:35:39,000 [Datanode State Machine Thread - 0] INFO  ratis.XceiverServerRatis (XceiverServerRatis.java:start(414)) - XceiverServerRatis 3ea3aff6-08b9-42c8-836f-7f03e071752a is started using port 46411
2019-09-12 10:35:39,001 [Datanode State Machine Thread - 0] INFO  ratis.XceiverServerRatis (XceiverServerRatis.java:start(414)) - XceiverServerRatis e888d92f-5ff8-4b8f-9926-c0c6217791b7 is started using port 44342
2019-09-12 10:35:39,006 [Datanode State Machine Thread - 0] INFO  server.XceiverServerGrpc (XceiverServerGrpc.java:start(163)) - XceiverServerGrpc e888d92f-5ff8-4b8f-9926-c0c6217791b7 is started using port 40189
2019-09-12 10:35:39,006 [Datanode State Machine Thread - 0] INFO  server.XceiverServerGrpc (XceiverServerGrpc.java:start(163)) - XceiverServerGrpc 3ea3aff6-08b9-42c8-836f-7f03e071752a is started using port 43060
2019-09-12 10:35:39,099 | INFO  | ObjectStoreRestHttpServer | Listening HDDS REST traffic on /0.0.0.0:40673 |  
2019-09-12 10:35:39,099 [main] INFO  ozone.HddsDatanodeService (HddsDatanodeService.java:startPlugins(395)) - Started plug-in org.apache.hadoop.ozone.web.OzoneHddsDatanodeService@95cecc5
2019-09-12 10:35:39,103 [main] INFO  ozone.MiniOzoneClusterImpl (MiniOzoneClusterImpl.java:lambda$waitForClusterToBeReady$0(142)) - Waiting for cluster to be ready. Got 0 of 10 DN Heartbeats.
2019-09-12 10:35:39,104 [org.apache.hadoop.util.JvmPauseMonitor$Monitor@22407c33] INFO  util.JvmPauseMonitor (JvmPauseMonitor.java:run(188)) - Starting JVM pause monitor
2019-09-12 10:35:39,109 [Datanode State Machine Thread - 0] INFO  datanode.InitDatanodeState (InitDatanodeState.java:persistContainerDatanodeDetails(140)) - DatanodeDetails is persisted to /workdir/hadoop-ozone/integration-test/target/test-dir/MiniOzoneClusterImpl-37d049c1-8781-4836-8b63-386207273279/datanode-9/meta/datanode.id
2019-09-12 10:35:39,205 | INFO  | SCMAudit | user=jenkins1000 | ip=192.168.36.114 | op=GET_VERSION null | ret=SUCCESS |  
2019-09-12 10:35:39,219 [Datanode State Machine Thread - 0] INFO  ozoneimpl.OzoneContainer (OzoneContainer.java:start(186)) - Attempting to start container services.
2019-09-12 10:35:39,220 [Datanode State Machine Thread - 0] INFO  ozoneimpl.OzoneContainer (OzoneContainer.java:startContainerScrub(160)) - Background container scrubber has been disabled by hdds.containerscrub.enabled
2019-09-12 10:35:39,220 [Datanode State Machine Thread - 0] INFO  ratis.XceiverServerRatis (XceiverServerRatis.java:start(404)) - Starting XceiverServerRatis fe225ea7-028a-4076-a3b3-dba0461d638a at port 0
2019-09-12 10:35:39,229 [Datanode State Machine Thread - 0] INFO  impl.RaftServerProxy (RaftServerProxy.java:lambda$start$3(299)) - fe225ea7-028a-4076-a3b3-dba0461d638a: start RPC server
2019-09-12 10:35:39,234 [Datanode State Machine Thread - 0] INFO  server.GrpcService (GrpcService.java:startImpl(149)) - fe225ea7-028a-4076-a3b3-dba0461d638a: GrpcService started, listening on 0.0.0.0/0.0.0.0:45997
2019-09-12 10:35:39,234 [Datanode State Machine Thread - 0] INFO  ratis.XceiverServerRatis (XceiverServerRatis.java:start(414)) - XceiverServerRatis fe225ea7-028a-4076-a3b3-dba0461d638a is started using port 45997
2019-09-12 10:35:39,237 [Datanode State Machine Thread - 0] INFO  server.XceiverServerGrpc (XceiverServerGrpc.java:start(163)) - XceiverServerGrpc fe225ea7-028a-4076-a3b3-dba0461d638a is started using port 46755
2019-09-12 10:35:39,465 | INFO  | SCMAudit | user=jenkins1000 | ip=192.168.36.114 | op=GET_VERSION null | ret=SUCCESS |  
2019-09-12 10:35:39,491 [Datanode State Machine Thread - 0] INFO  ozoneimpl.OzoneContainer (OzoneContainer.java:start(186)) - Attempting to start container services.
2019-09-12 10:35:39,491 [Datanode State Machine Thread - 0] INFO  ozoneimpl.OzoneContainer (OzoneContainer.java:startContainerScrub(160)) - Background container scrubber has been disabled by hdds.containerscrub.enabled
2019-09-12 10:35:39,492 [Datanode State Machine Thread - 0] INFO  ratis.XceiverServerRatis (XceiverServerRatis.java:start(404)) - Starting XceiverServerRatis 9ada554e-a5cf-4351-8628-0478c6ccb0ec at port 0
2019-09-12 10:35:39,500 [Datanode State Machine Thread - 0] INFO  impl.RaftServerProxy (RaftServerProxy.java:lambda$start$3(299)) - 9ada554e-a5cf-4351-8628-0478c6ccb0ec: start RPC server
2019-09-12 10:35:39,505 [Datanode State Machine Thread - 0] INFO  server.GrpcService (GrpcService.java:startImpl(149)) - 9ada554e-a5cf-4351-8628-0478c6ccb0ec: GrpcService started, listening on 0.0.0.0/0.0.0.0:46451
2019-09-12 10:35:39,505 [Datanode State Machine Thread - 0] INFO  ratis.XceiverServerRatis (XceiverServerRatis.java:start(414)) - XceiverServerRatis 9ada554e-a5cf-4351-8628-0478c6ccb0ec is started using port 46451
2019-09-12 10:35:39,509 [Datanode State Machine Thread - 0] INFO  server.XceiverServerGrpc (XceiverServerGrpc.java:start(163)) - XceiverServerGrpc 9ada554e-a5cf-4351-8628-0478c6ccb0ec is started using port 35097
2019-09-12 10:35:39,695 | INFO  | SCMAudit | user=jenkins1000 | ip=192.168.36.114 | op=GET_VERSION null | ret=SUCCESS |  
2019-09-12 10:35:39,710 [Datanode State Machine Thread - 0] INFO  ozoneimpl.OzoneContainer (OzoneContainer.java:start(186)) - Attempting to start container services.
2019-09-12 10:35:39,710 [Datanode State Machine Thread - 0] INFO  ozoneimpl.OzoneContainer (OzoneContainer.java:startContainerScrub(160)) - Background container scrubber has been disabled by hdds.containerscrub.enabled
2019-09-12 10:35:39,711 [Datanode State Machine Thread - 0] INFO  ratis.XceiverServerRatis (XceiverServerRatis.java:start(404)) - Starting XceiverServerRatis f3c2c8b9-2caa-489c-a85d-e6cb055caf9c at port 0
2019-09-12 10:35:39,719 [Datanode State Machine Thread - 0] INFO  impl.RaftServerProxy (RaftServerProxy.java:lambda$start$3(299)) - f3c2c8b9-2caa-489c-a85d-e6cb055caf9c: start RPC server
2019-09-12 10:35:39,725 [Datanode State Machine Thread - 0] INFO  server.GrpcService (GrpcService.java:startImpl(149)) - f3c2c8b9-2caa-489c-a85d-e6cb055caf9c: GrpcService started, listening on 0.0.0.0/0.0.0.0:35683
2019-09-12 10:35:39,726 [Datanode State Machine Thread - 0] INFO  ratis.XceiverServerRatis (XceiverServerRatis.java:start(414)) - XceiverServerRatis f3c2c8b9-2caa-489c-a85d-e6cb055caf9c is started using port 35683
2019-09-12 10:35:39,729 [Datanode State Machine Thread - 0] INFO  server.XceiverServerGrpc (XceiverServerGrpc.java:start(163)) - XceiverServerGrpc f3c2c8b9-2caa-489c-a85d-e6cb055caf9c is started using port 43577
2019-09-12 10:35:40,081 | INFO  | SCMAudit | user=jenkins1000 | ip=192.168.36.114 | op=GET_VERSION null | ret=SUCCESS |  
2019-09-12 10:35:40,095 [Datanode State Machine Thread - 0] INFO  ozoneimpl.OzoneContainer (OzoneContainer.java:start(186)) - Attempting to start container services.
2019-09-12 10:35:40,096 [Datanode State Machine Thread - 0] INFO  ozoneimpl.OzoneContainer (OzoneContainer.java:startContainerScrub(160)) - Background container scrubber has been disabled by hdds.containerscrub.enabled
2019-09-12 10:35:40,096 [Datanode State Machine Thread - 0] INFO  ratis.XceiverServerRatis (XceiverServerRatis.java:start(404)) - Starting XceiverServerRatis 8ecfe8bb-6ab2-4306-955c-1af4e2a21ecc at port 0
2019-09-12 10:35:40,102 [Datanode State Machine Thread - 0] INFO  impl.RaftServerProxy (RaftServerProxy.java:lambda$start$3(299)) - 8ecfe8bb-6ab2-4306-955c-1af4e2a21ecc: start RPC server
2019-09-12 10:35:40,104 [main] INFO  ozone.MiniOzoneClusterImpl (MiniOzoneClusterImpl.java:lambda$waitForClusterToBeReady$0(142)) - Waiting for cluster to be ready. Got 0 of 10 DN Heartbeats.
2019-09-12 10:35:40,106 [Datanode State Machine Thread - 0] INFO  server.GrpcService (GrpcService.java:startImpl(149)) - 8ecfe8bb-6ab2-4306-955c-1af4e2a21ecc: GrpcService started, listening on 0.0.0.0/0.0.0.0:46828
2019-09-12 10:35:40,106 [Datanode State Machine Thread - 0] INFO  ratis.XceiverServerRatis (XceiverServerRatis.java:start(414)) - XceiverServerRatis 8ecfe8bb-6ab2-4306-955c-1af4e2a21ecc is started using port 46828
2019-09-12 10:35:40,109 [Datanode State Machine Thread - 0] INFO  server.XceiverServerGrpc (XceiverServerGrpc.java:start(163)) - XceiverServerGrpc 8ecfe8bb-6ab2-4306-955c-1af4e2a21ecc is started using port 41065
2019-09-12 10:35:40,304 | INFO  | SCMAudit | user=jenkins1000 | ip=192.168.36.114 | op=GET_VERSION null | ret=SUCCESS |  
2019-09-12 10:35:40,330 [Datanode State Machine Thread - 0] INFO  ozoneimpl.OzoneContainer (OzoneContainer.java:start(186)) - Attempting to start container services.
2019-09-12 10:35:40,331 [Datanode State Machine Thread - 0] INFO  ozoneimpl.OzoneContainer (OzoneContainer.java:startContainerScrub(160)) - Background container scrubber has been disabled by hdds.containerscrub.enabled
2019-09-12 10:35:40,331 [Datanode State Machine Thread - 0] INFO  ratis.XceiverServerRatis (XceiverServerRatis.java:start(404)) - Starting XceiverServerRatis b4faf84d-881e-452e-9abc-9848f28c1b42 at port 0
2019-09-12 10:35:40,339 [Datanode State Machine Thread - 0] INFO  impl.RaftServerProxy (RaftServerProxy.java:lambda$start$3(299)) - b4faf84d-881e-452e-9abc-9848f28c1b42: start RPC server
2019-09-12 10:35:40,345 [Datanode State Machine Thread - 0] INFO  server.GrpcService (GrpcService.java:startImpl(149)) - b4faf84d-881e-452e-9abc-9848f28c1b42: GrpcService started, listening on 0.0.0.0/0.0.0.0:44842
2019-09-12 10:35:40,345 [Datanode State Machine Thread - 0] INFO  ratis.XceiverServerRatis (XceiverServerRatis.java:start(414)) - XceiverServerRatis b4faf84d-881e-452e-9abc-9848f28c1b42 is started using port 44842
2019-09-12 10:35:40,349 [Datanode State Machine Thread - 0] INFO  server.XceiverServerGrpc (XceiverServerGrpc.java:start(163)) - XceiverServerGrpc b4faf84d-881e-452e-9abc-9848f28c1b42 is started using port 34199
2019-09-12 10:35:40,517 | INFO  | SCMAudit | user=jenkins1000 | ip=192.168.36.114 | op=GET_VERSION null | ret=SUCCESS |  
2019-09-12 10:35:40,531 [Datanode State Machine Thread - 0] INFO  ozoneimpl.OzoneContainer (OzoneContainer.java:start(186)) - Attempting to start container services.
2019-09-12 10:35:40,532 [Datanode State Machine Thread - 0] INFO  ozoneimpl.OzoneContainer (OzoneContainer.java:startContainerScrub(160)) - Background container scrubber has been disabled by hdds.containerscrub.enabled
2019-09-12 10:35:40,532 [Datanode State Machine Thread - 0] INFO  ratis.XceiverServerRatis (XceiverServerRatis.java:start(404)) - Starting XceiverServerRatis 95bd455b-14e9-4919-baf6-c10c70e925fc at port 0
2019-09-12 10:35:40,538 [Datanode State Machine Thread - 0] INFO  impl.RaftServerProxy (RaftServerProxy.java:lambda$start$3(299)) - 95bd455b-14e9-4919-baf6-c10c70e925fc: start RPC server
2019-09-12 10:35:40,544 [Datanode State Machine Thread - 0] INFO  server.GrpcService (GrpcService.java:startImpl(149)) - 95bd455b-14e9-4919-baf6-c10c70e925fc: GrpcService started, listening on 0.0.0.0/0.0.0.0:42736
2019-09-12 10:35:40,544 [Datanode State Machine Thread - 0] INFO  ratis.XceiverServerRatis (XceiverServerRatis.java:start(414)) - XceiverServerRatis 95bd455b-14e9-4919-baf6-c10c70e925fc is started using port 42736
2019-09-12 10:35:40,550 [Datanode State Machine Thread - 0] INFO  server.XceiverServerGrpc (XceiverServerGrpc.java:start(163)) - XceiverServerGrpc 95bd455b-14e9-4919-baf6-c10c70e925fc is started using port 43628
2019-09-12 10:35:40,754 | INFO  | SCMAudit | user=jenkins1000 | ip=192.168.36.114 | op=GET_VERSION null | ret=SUCCESS |  
2019-09-12 10:35:40,762 [IPC Server handler 4 on 34177] INFO  net.NetworkTopology (NetworkTopologyImpl.java:add(110)) - Added a new node: /default-rack/e888d92f-5ff8-4b8f-9926-c0c6217791b7
2019-09-12 10:35:40,763 [IPC Server handler 4 on 34177] INFO  node.SCMNodeManager (SCMNodeManager.java:register(273)) - Registered Data node : e888d92f-5ff8-4b8f-9926-c0c6217791b7{ip: 192.168.36.114, host: pr-hdds-1569-58hkm-1881083799, networkLocation: /default-rack, certSerialId: null}
2019-09-12 10:35:40,769 [EventQueue-NodeRegistrationContainerReportForDataNodeSafeModeRule] INFO  safemode.SCMSafeModeManager (DataNodeSafeModeRule.java:process(71)) - SCM in safe mode. 1 DataNodes registered, 1 required.
2019-09-12 10:35:40,769 [EventQueue-NodeRegistrationContainerReportForDataNodeSafeModeRule] INFO  safemode.SCMSafeModeManager (SCMSafeModeManager.java:validateSafeModeExitRules(177)) - ScmSafeModeManager, all rules are successfully validated
2019-09-12 10:35:40,769 [EventQueue-NodeRegistrationContainerReportForDataNodeSafeModeRule] INFO  safemode.SCMSafeModeManager (SCMSafeModeManager.java:exitSafeMode(193)) - SCM exiting safe mode.
2019-09-12 10:35:40,780 [Datanode State Machine Thread - 0] INFO  ozoneimpl.OzoneContainer (OzoneContainer.java:start(186)) - Attempting to start container services.
2019-09-12 10:35:40,780 [Datanode State Machine Thread - 0] INFO  ozoneimpl.OzoneContainer (OzoneContainer.java:startContainerScrub(160)) - Background container scrubber has been disabled by hdds.containerscrub.enabled
2019-09-12 10:35:40,780 [Datanode State Machine Thread - 0] INFO  ratis.XceiverServerRatis (XceiverServerRatis.java:start(404)) - Starting XceiverServerRatis a6b7ffbc-3229-4dcb-9aed-a6c6127890ed at port 0
2019-09-12 10:35:40,781 | INFO  | SCMAudit | user=jenkins1000 | ip=192.168.36.114 | op=REGISTER {datanodeDetails=e888d92f-5ff8-4b8f-9926-c0c6217791b7{ip: 192.168.36.114, host: pr-hdds-1569-58hkm-1881083799, networkLocation: /default-rack, certSerialId: null}} | ret=SUCCESS |  
2019-09-12 10:35:40,788 [Datanode State Machine Thread - 0] INFO  impl.RaftServerProxy (RaftServerProxy.java:lambda$start$3(299)) - a6b7ffbc-3229-4dcb-9aed-a6c6127890ed: start RPC server
2019-09-12 10:35:40,793 [Datanode State Machine Thread - 0] INFO  server.GrpcService (GrpcService.java:startImpl(149)) - a6b7ffbc-3229-4dcb-9aed-a6c6127890ed: GrpcService started, listening on 0.0.0.0/0.0.0.0:37105
2019-09-12 10:35:40,793 [Datanode State Machine Thread - 0] INFO  ratis.XceiverServerRatis (XceiverServerRatis.java:start(414)) - XceiverServerRatis a6b7ffbc-3229-4dcb-9aed-a6c6127890ed is started using port 37105
2019-09-12 10:35:40,798 [Datanode State Machine Thread - 0] INFO  server.XceiverServerGrpc (XceiverServerGrpc.java:start(163)) - XceiverServerGrpc a6b7ffbc-3229-4dcb-9aed-a6c6127890ed is started using port 34318
2019-09-12 10:35:40,948 [IPC Server handler 5 on 34177] INFO  net.NetworkTopology (NetworkTopologyImpl.java:add(110)) - Added a new node: /default-rack/3ea3aff6-08b9-42c8-836f-7f03e071752a
2019-09-12 10:35:40,949 [IPC Server handler 5 on 34177] INFO  node.SCMNodeManager (SCMNodeManager.java:register(273)) - Registered Data node : 3ea3aff6-08b9-42c8-836f-7f03e071752a{ip: 192.168.36.114, host: pr-hdds-1569-58hkm-1881083799, networkLocation: /default-rack, certSerialId: null}
2019-09-12 10:35:40,949 | INFO  | SCMAudit | user=jenkins1000 | ip=192.168.36.114 | op=REGISTER {datanodeDetails=3ea3aff6-08b9-42c8-836f-7f03e071752a{ip: 192.168.36.114, host: pr-hdds-1569-58hkm-1881083799, networkLocation: /default-rack, certSerialId: null}} | ret=SUCCESS |  
2019-09-12 10:35:41,107 [main] INFO  ozone.MiniOzoneClusterImpl (MiniOzoneClusterImpl.java:lambda$waitForClusterToBeReady$0(142)) - Waiting for cluster to be ready. Got 2 of 10 DN Heartbeats.
2019-09-12 10:35:41,108 | INFO  | SCMAudit | user=jenkins1000 | ip=192.168.36.114 | op=GET_VERSION null | ret=SUCCESS |  
2019-09-12 10:35:41,134 [Datanode State Machine Thread - 0] INFO  ozoneimpl.OzoneContainer (OzoneContainer.java:start(186)) - Attempting to start container services.
2019-09-12 10:35:41,134 [Datanode State Machine Thread - 0] INFO  ozoneimpl.OzoneContainer (OzoneContainer.java:startContainerScrub(160)) - Background container scrubber has been disabled by hdds.containerscrub.enabled
2019-09-12 10:35:41,134 [Datanode State Machine Thread - 0] INFO  ratis.XceiverServerRatis (XceiverServerRatis.java:start(404)) - Starting XceiverServerRatis 0a9130e0-9a35-4f66-8d33-a89a6f54c6a4 at port 0
2019-09-12 10:35:41,139 [Datanode State Machine Thread - 0] INFO  impl.RaftServerProxy (RaftServerProxy.java:lambda$start$3(299)) - 0a9130e0-9a35-4f66-8d33-a89a6f54c6a4: start RPC server
2019-09-12 10:35:41,146 [Datanode State Machine Thread - 0] INFO  server.GrpcService (GrpcService.java:startImpl(149)) - 0a9130e0-9a35-4f66-8d33-a89a6f54c6a4: GrpcService started, listening on 0.0.0.0/0.0.0.0:45292
2019-09-12 10:35:41,146 [Datanode State Machine Thread - 0] INFO  ratis.XceiverServerRatis (XceiverServerRatis.java:start(414)) - XceiverServerRatis 0a9130e0-9a35-4f66-8d33-a89a6f54c6a4 is started using port 45292
2019-09-12 10:35:41,173 [Datanode State Machine Thread - 0] INFO  server.XceiverServerGrpc (XceiverServerGrpc.java:start(163)) - XceiverServerGrpc 0a9130e0-9a35-4f66-8d33-a89a6f54c6a4 is started using port 44662
2019-09-12 10:35:41,690 [IPC Server handler 3 on 34177] INFO  net.NetworkTopology (NetworkTopologyImpl.java:add(110)) - Added a new node: /default-rack/fe225ea7-028a-4076-a3b3-dba0461d638a
2019-09-12 10:35:41,690 [IPC Server handler 4 on 34177] INFO  net.NetworkTopology (NetworkTopologyImpl.java:add(110)) - Added a new node: /default-rack/9ada554e-a5cf-4351-8628-0478c6ccb0ec
2019-09-12 10:35:41,690 [IPC Server handler 3 on 34177] INFO  node.SCMNodeManager (SCMNodeManager.java:register(273)) - Registered Data node : fe225ea7-028a-4076-a3b3-dba0461d638a{ip: 192.168.36.114, host: pr-hdds-1569-58hkm-1881083799, networkLocation: /default-rack, certSerialId: null}
2019-09-12 10:35:41,691 [IPC Server handler 4 on 34177] INFO  node.SCMNodeManager (SCMNodeManager.java:register(273)) - Registered Data node : 9ada554e-a5cf-4351-8628-0478c6ccb0ec{ip: 192.168.36.114, host: pr-hdds-1569-58hkm-1881083799, networkLocation: /default-rack, certSerialId: null}
2019-09-12 10:35:41,702 | INFO  | SCMAudit | user=jenkins1000 | ip=192.168.36.114 | op=REGISTER {datanodeDetails=fe225ea7-028a-4076-a3b3-dba0461d638a{ip: 192.168.36.114, host: pr-hdds-1569-58hkm-1881083799, networkLocation: /default-rack, certSerialId: null}} | ret=SUCCESS |  
2019-09-12 10:35:41,702 | INFO  | SCMAudit | user=jenkins1000 | ip=192.168.36.114 | op=REGISTER {datanodeDetails=9ada554e-a5cf-4351-8628-0478c6ccb0ec{ip: 192.168.36.114, host: pr-hdds-1569-58hkm-1881083799, networkLocation: /default-rack, certSerialId: null}} | ret=SUCCESS |  
2019-09-12 10:35:41,728 [IPC Server handler 5 on 34177] INFO  net.NetworkTopology (NetworkTopologyImpl.java:add(110)) - Added a new node: /default-rack/f3c2c8b9-2caa-489c-a85d-e6cb055caf9c
2019-09-12 10:35:41,730 [IPC Server handler 5 on 34177] INFO  node.SCMNodeManager (SCMNodeManager.java:register(273)) - Registered Data node : f3c2c8b9-2caa-489c-a85d-e6cb055caf9c{ip: 192.168.36.114, host: pr-hdds-1569-58hkm-1881083799, networkLocation: /default-rack, certSerialId: null}
2019-09-12 10:35:41,765 | INFO  | SCMAudit | user=jenkins1000 | ip=192.168.36.114 | op=REGISTER {datanodeDetails=f3c2c8b9-2caa-489c-a85d-e6cb055caf9c{ip: 192.168.36.114, host: pr-hdds-1569-58hkm-1881083799, networkLocation: /default-rack, certSerialId: null}} | ret=SUCCESS |  
2019-09-12 10:35:42,054 [grpc-default-executor-0] INFO  impl.RaftServerProxy (RaftServerProxy.java:addNew(89)) - e888d92f-5ff8-4b8f-9926-c0c6217791b7: addNew group-DFC027E1F415:[e888d92f-5ff8-4b8f-9926-c0c6217791b7:192.168.36.114:44342] returns group-DFC027E1F415:java.util.concurrent.CompletableFuture@26346f81[Not completed]
2019-09-12 10:35:42,082 [pool-27-thread-1] INFO  impl.RaftServerImpl (RaftServerImpl.java:<init>(93)) - e888d92f-5ff8-4b8f-9926-c0c6217791b7: new RaftServerImpl for group-DFC027E1F415:[e888d92f-5ff8-4b8f-9926-c0c6217791b7:192.168.36.114:44342] with ContainerStateMachine:uninitialized
2019-09-12 10:35:42,083 [IPC Server handler 0 on 34177] INFO  net.NetworkTopology (NetworkTopologyImpl.java:add(110)) - Added a new node: /default-rack/8ecfe8bb-6ab2-4306-955c-1af4e2a21ecc
2019-09-12 10:35:42,083 [IPC Server handler 0 on 34177] INFO  node.SCMNodeManager (SCMNodeManager.java:register(273)) - Registered Data node : 8ecfe8bb-6ab2-4306-955c-1af4e2a21ecc{ip: 192.168.36.114, host: pr-hdds-1569-58hkm-1881083799, networkLocation: /default-rack, certSerialId: null}
2019-09-12 10:35:42,084 | INFO  | SCMAudit | user=jenkins1000 | ip=192.168.36.114 | op=REGISTER {datanodeDetails=8ecfe8bb-6ab2-4306-955c-1af4e2a21ecc{ip: 192.168.36.114, host: pr-hdds-1569-58hkm-1881083799, networkLocation: /default-rack, certSerialId: null}} | ret=SUCCESS |  
2019-09-12 10:35:42,084 [pool-27-thread-1] INFO  server.RaftServerConfigKeys (ConfUtils.java:logGet(43)) - raft.server.rpc.timeout.min = 5s (custom)
2019-09-12 10:35:42,087 [pool-27-thread-1] INFO  server.RaftServerConfigKeys (ConfUtils.java:logGet(43)) - raft.server.rpc.timeout.max = 5200ms (custom)
2019-09-12 10:35:42,087 [pool-27-thread-1] INFO  server.RaftServerConfigKeys (ConfUtils.java:logGet(43)) - raft.server.rpcslowness.timeout = 120s (custom)
2019-09-12 10:35:42,088 [pool-27-thread-1] INFO  server.RaftServerConfigKeys (ConfUtils.java:logGet(43)) - raft.server.sleep.deviation.threshold = 300 (default)
2019-09-12 10:35:42,089 [pool-27-thread-1] INFO  server.RaftServerConfigKeys (ConfUtils.java:logGet(43)) - raft.server.log.appender.install.snapshot.enabled = false (custom)
2019-09-12 10:35:42,099 [pool-27-thread-1] INFO  impl.RaftServerImpl (ServerState.java:<init>(105)) - e888d92f-5ff8-4b8f-9926-c0c6217791b7:group-DFC027E1F415 ConfigurationManager, init=-1: [e888d92f-5ff8-4b8f-9926-c0c6217791b7:192.168.36.114:44342], old=null, confs=<EMPTY_MAP>
2019-09-12 10:35:42,099 [pool-27-thread-1] INFO  server.RaftServerConfigKeys (ConfUtils.java:logGet(43)) - raft.server.storage.dir = [/workdir/hadoop-ozone/integration-test/target/test-dir/MiniOzoneClusterImpl-37d049c1-8781-4836-8b63-386207273279/datanode-0/data/ratis] (custom)
2019-09-12 10:35:42,108 [main] INFO  ozone.MiniOzoneClusterImpl (MiniOzoneClusterImpl.java:lambda$waitForClusterToBeReady$0(142)) - Waiting for cluster to be ready. Got 6 of 10 DN Heartbeats.
2019-09-12 10:35:42,109 [pool-27-thread-1] INFO  storage.RaftStorageDirectory (RaftStorageDirectory.java:analyzeStorage(246)) - The storage directory /workdir/hadoop-ozone/integration-test/target/test-dir/MiniOzoneClusterImpl-37d049c1-8781-4836-8b63-386207273279/datanode-0/data/ratis/6cdcf0a0-2cc8-4bc6-996f-dfc027e1f415 does not exist. Creating ...
2019-09-12 10:35:42,128 [pool-27-thread-1] INFO  storage.RaftStorageDirectory (RaftStorageDirectory.java:tryLock(328)) - Lock on /workdir/hadoop-ozone/integration-test/target/test-dir/MiniOzoneClusterImpl-37d049c1-8781-4836-8b63-386207273279/datanode-0/data/ratis/6cdcf0a0-2cc8-4bc6-996f-dfc027e1f415/in_use.lock acquired by nodename 9512@pr-hdds-1569-58hkm-1881083799
2019-09-12 10:35:42,144 [pool-27-thread-1] INFO  storage.RaftStorage (RaftStorage.java:format(72)) - Storage directory /workdir/hadoop-ozone/integration-test/target/test-dir/MiniOzoneClusterImpl-37d049c1-8781-4836-8b63-386207273279/datanode-0/data/ratis/6cdcf0a0-2cc8-4bc6-996f-dfc027e1f415 has been successfully formatted.
2019-09-12 10:35:42,147 [pool-27-thread-1] INFO  ratis.ContainerStateMachine (ContainerStateMachine.java:loadSnapshot(226)) - group-DFC027E1F415: The snapshot info is null. Setting the last applied indexto:(t:0, i:~)
2019-09-12 10:35:42,148 [pool-27-thread-1] INFO  server.RaftServerConfigKeys (ConfUtils.java:logGet(43)) - raft.server.leader.election.timeout = 120s (custom)
2019-09-12 10:35:42,151 [pool-27-thread-1] INFO  server.RaftServerConfigKeys (ConfUtils.java:logGet(43)) - raft.server.log.use.memory = false (default)
2019-09-12 10:35:42,159 [pool-27-thread-1] INFO  server.RaftServerConfigKeys (ConfUtils.java:logGet(43)) - raft.server.log.purge.gap = 1000000 (custom)
2019-09-12 10:35:42,159 [pool-27-thread-1] INFO  server.RaftServerConfigKeys (ConfUtils.java:logGet(43)) - raft.server.log.appender.buffer.byte-limit = 33554432 (custom)
2019-09-12 10:35:42,162 [pool-27-thread-1] INFO  server.RaftServerConfigKeys (ConfUtils.java:logGet(43)) - raft.server.log.segment.size.max = 1048576 (custom)
2019-09-12 10:35:42,168 [pool-27-thread-1] INFO  server.RaftServerConfigKeys (ConfUtils.java:logGet(43)) - raft.server.log.segment.cache.num.max = 2 (custom)
2019-09-12 10:35:42,176 [pool-27-thread-1] INFO  segmented.SegmentedRaftLogWorker (SegmentedRaftLogWorker.java:<init>(172)) - new e888d92f-5ff8-4b8f-9926-c0c6217791b7-SegmentedRaftLogWorker:Storage Directory /workdir/hadoop-ozone/integration-test/target/test-dir/MiniOzoneClusterImpl-37d049c1-8781-4836-8b63-386207273279/datanode-0/data/ratis/6cdcf0a0-2cc8-4bc6-996f-dfc027e1f415 for RaftStorage:Storage Directory /workdir/hadoop-ozone/integration-test/target/test-dir/MiniOzoneClusterImpl-37d049c1-8781-4836-8b63-386207273279/datanode-0/data/ratis/6cdcf0a0-2cc8-4bc6-996f-dfc027e1f415
2019-09-12 10:35:42,191 [pool-27-thread-1] INFO  server.RaftServerConfigKeys (ConfUtils.java:logGet(43)) - raft.server.log.queue.byte-limit = 2147483647 (custom)
2019-09-12 10:35:42,192 [pool-27-thread-1] INFO  server.RaftServerConfigKeys (ConfUtils.java:logGet(43)) - raft.server.log.queue.element-limit = 1024 (custom)
2019-09-12 10:35:42,198 [pool-27-thread-1] INFO  server.RaftServerConfigKeys (ConfUtils.java:logGet(43)) - raft.server.log.segment.size.max = 1048576 (custom)
2019-09-12 10:35:42,198 [pool-27-thread-1] INFO  server.RaftServerConfigKeys (ConfUtils.java:logGet(43)) - raft.server.log.preallocated.size = 16384 (custom)
2019-09-12 10:35:42,199 [pool-27-thread-1] INFO  server.RaftServerConfigKeys (ConfUtils.java:logGet(43)) - raft.server.log.write.buffer.size = 33554432 (custom)
2019-09-12 10:35:42,199 [pool-27-thread-1] INFO  server.RaftServerConfigKeys (ConfUtils.java:logGet(43)) - raft.server.log.force.sync.num = 128 (default)
2019-09-12 10:35:42,200 [pool-27-thread-1] INFO  server.RaftServerConfigKeys (ConfUtils.java:logGet(43)) - raft.server.log.statemachine.data.sync = true (default)
2019-09-12 10:35:42,201 [pool-27-thread-1] INFO  server.RaftServerConfigKeys (ConfUtils.java:logGet(43)) - raft.server.log.statemachine.data.sync.timeout = 10s (default)
2019-09-12 10:35:42,201 [pool-27-thread-1] INFO  server.RaftServerConfigKeys (ConfUtils.java:logGet(43)) - raft.server.log.statemachine.data.sync.timeout.retry = -1 (default)
2019-09-12 10:35:42,211 [pool-27-thread-1] INFO  server.RaftServerConfigKeys (ConfUtils.java:logGet(43)) - raft.server.log.statemachine.data.caching.enabled = true (custom)
2019-09-12 10:35:42,217 [pool-27-thread-1] INFO  segmented.SegmentedRaftLogWorker (SegmentedRaftLogWorker.java:lambda$new$0(132)) - e888d92f-5ff8-4b8f-9926-c0c6217791b7-SegmentedRaftLogWorker:Storage Directory /workdir/hadoop-ozone/integration-test/target/test-dir/MiniOzoneClusterImpl-37d049c1-8781-4836-8b63-386207273279/datanode-0/data/ratis/6cdcf0a0-2cc8-4bc6-996f-dfc027e1f415: flushIndex: setUnconditionally 0 -> -1
2019-09-12 10:35:42,221 [pool-27-thread-1] INFO  server.RaftServerConfigKeys (ConfUtils.java:logGet(43)) - raft.server.snapshot.auto.trigger.enabled = true (custom)
2019-09-12 10:35:42,222 [pool-27-thread-1] INFO  server.RaftServerConfigKeys (ConfUtils.java:logGet(43)) - raft.server.snapshot.auto.trigger.threshold = 10000 (custom)
2019-09-12 10:35:42,223 [pool-27-thread-1] INFO  server.RaftServerConfigKeys (ConfUtils.java:logGet(43)) - raft.server.retrycache.expirytime = 600000ms (custom)
2019-09-12 10:35:42,246 [pool-27-thread-1] INFO  impl.RaftServerImpl (RaftServerImpl.java:start(180)) - e888d92f-5ff8-4b8f-9926-c0c6217791b7: start group-DFC027E1F415
2019-09-12 10:35:42,247 [pool-27-thread-1] INFO  impl.RaftServerImpl (RaftServerImpl.java:setRole(171)) - e888d92f-5ff8-4b8f-9926-c0c6217791b7:group-DFC027E1F415 changes role from null to FOLLOWER at term 0 for startAsFollower
2019-09-12 10:35:42,248 [pool-27-thread-1] INFO  impl.RoleInfo (RoleInfo.java:updateAndGet(143)) - e888d92f-5ff8-4b8f-9926-c0c6217791b7: start FollowerState
2019-09-12 10:35:42,250 [pool-27-thread-1] INFO  util.JmxRegister (JmxRegister.java:tryRegister(44)) - Successfully registered JMX Bean with object name Ratis:service=RaftServer,group=group-DFC027E1F415,id=e888d92f-5ff8-4b8f-9926-c0c6217791b7
2019-09-12 10:35:42,304 [IPC Server handler 1 on 34177] INFO  net.NetworkTopology (NetworkTopologyImpl.java:add(110)) - Added a new node: /default-rack/b4faf84d-881e-452e-9abc-9848f28c1b42
2019-09-12 10:35:42,307 [IPC Server handler 1 on 34177] INFO  node.SCMNodeManager (SCMNodeManager.java:register(273)) - Registered Data node : b4faf84d-881e-452e-9abc-9848f28c1b42{ip: 192.168.36.114, host: pr-hdds-1569-58hkm-1881083799, networkLocation: /default-rack, certSerialId: null}
2019-09-12 10:35:42,308 | INFO  | SCMAudit | user=jenkins1000 | ip=192.168.36.114 | op=REGISTER {datanodeDetails=b4faf84d-881e-452e-9abc-9848f28c1b42{ip: 192.168.36.114, host: pr-hdds-1569-58hkm-1881083799, networkLocation: /default-rack, certSerialId: null}} | ret=SUCCESS |  
2019-09-12 10:35:42,343 [RatisPipelineUtilsThread] INFO  pipeline.PipelineStateManager (PipelineStateManager.java:addPipeline(56)) - Created pipeline Pipeline[ Id: 6cdcf0a0-2cc8-4bc6-996f-dfc027e1f415, Nodes: e888d92f-5ff8-4b8f-9926-c0c6217791b7{ip: 192.168.36.114, host: pr-hdds-1569-58hkm-1881083799, networkLocation: /default-rack, certSerialId: null}, Type:RATIS, Factor:ONE, State:OPEN]
2019-09-12 10:35:42,373 [grpc-default-executor-0] INFO  impl.RaftServerProxy (RaftServerProxy.java:addNew(89)) - e888d92f-5ff8-4b8f-9926-c0c6217791b7: addNew group-2CB4CB0383AA:[e888d92f-5ff8-4b8f-9926-c0c6217791b7:192.168.36.114:44342] returns group-2CB4CB0383AA:java.util.concurrent.CompletableFuture@2079a42[Not completed]
2019-09-12 10:35:42,375 [pool-27-thread-1] INFO  impl.RaftServerImpl (RaftServerImpl.java:<init>(93)) - e888d92f-5ff8-4b8f-9926-c0c6217791b7: new RaftServerImpl for group-2CB4CB0383AA:[e888d92f-5ff8-4b8f-9926-c0c6217791b7:192.168.36.114:44342] with ContainerStateMachine:uninitialized
2019-09-12 10:35:42,375 [pool-27-thread-1] INFO  server.RaftServerConfigKeys (ConfUtils.java:logGet(43)) - raft.server.rpc.timeout.min = 5s (custom)
2019-09-12 10:35:42,375 [pool-27-thread-1] INFO  server.RaftServerConfigKeys (ConfUtils.java:logGet(43)) - raft.server.rpc.timeout.max = 5200ms (custom)
2019-09-12 10:35:42,375 [pool-27-thread-1] INFO  server.RaftServerConfigKeys (ConfUtils.java:logGet(43)) - raft.server.rpcslowness.timeout = 120s (custom)
2019-09-12 10:35:42,375 [pool-27-thread-1] INFO  server.RaftServerConfigKeys (ConfUtils.java:logGet(43)) - raft.server.sleep.deviation.threshold = 300 (default)
2019-09-12 10:35:42,376 [pool-27-thread-1] INFO  server.RaftServerConfigKeys (ConfUtils.java:logGet(43)) - raft.server.log.appender.install.snapshot.enabled = false (custom)
2019-09-12 10:35:42,376 [pool-27-thread-1] INFO  impl.RaftServerImpl (ServerState.java:<init>(105)) - e888d92f-5ff8-4b8f-9926-c0c6217791b7:group-2CB4CB0383AA ConfigurationManager, init=-1: [e888d92f-5ff8-4b8f-9926-c0c6217791b7:192.168.36.114:44342], old=null, confs=<EMPTY_MAP>
2019-09-12 10:35:42,376 [pool-27-thread-1] INFO  server.RaftServerConfigKeys (ConfUtils.java:logGet(43)) - raft.server.storage.dir = [/workdir/hadoop-ozone/integration-test/target/test-dir/MiniOzoneClusterImpl-37d049c1-8781-4836-8b63-386207273279/datanode-0/data/ratis] (custom)
2019-09-12 10:35:42,376 [pool-27-thread-1] INFO  storage.RaftStorageDirectory (RaftStorageDirectory.java:analyzeStorage(246)) - The storage directory /workdir/hadoop-ozone/integration-test/target/test-dir/MiniOzoneClusterImpl-37d049c1-8781-4836-8b63-386207273279/datanode-0/data/ratis/127dbe9a-53f9-4e89-afa2-2cb4cb0383aa does not exist. Creating ...
2019-09-12 10:35:42,390 [pool-27-thread-1] INFO  storage.RaftStorageDirectory (RaftStorageDirectory.java:tryLock(328)) - Lock on /workdir/hadoop-ozone/integration-test/target/test-dir/MiniOzoneClusterImpl-37d049c1-8781-4836-8b63-386207273279/datanode-0/data/ratis/127dbe9a-53f9-4e89-afa2-2cb4cb0383aa/in_use.lock acquired by nodename 9512@pr-hdds-1569-58hkm-1881083799
2019-09-12 10:35:42,415 [pool-27-thread-1] INFO  storage.RaftStorage (RaftStorage.java:format(72)) - Storage directory /workdir/hadoop-ozone/integration-test/target/test-dir/MiniOzoneClusterImpl-37d049c1-8781-4836-8b63-386207273279/datanode-0/data/ratis/127dbe9a-53f9-4e89-afa2-2cb4cb0383aa has been successfully formatted.
2019-09-12 10:35:42,416 [pool-27-thread-1] INFO  ratis.ContainerStateMachine (ContainerStateMachine.java:loadSnapshot(226)) - group-2CB4CB0383AA: The snapshot info is null. Setting the last applied indexto:(t:0, i:~)
2019-09-12 10:35:42,416 [pool-27-thread-1] INFO  server.RaftServerConfigKeys (ConfUtils.java:logGet(43)) - raft.server.leader.election.timeout = 120s (custom)
2019-09-12 10:35:42,416 [pool-27-thread-1] INFO  server.RaftServerConfigKeys (ConfUtils.java:logGet(43)) - raft.server.log.use.memory = false (default)
2019-09-12 10:35:42,416 [pool-27-thread-1] INFO  server.RaftServerConfigKeys (ConfUtils.java:logGet(43)) - raft.server.log.purge.gap = 1000000 (custom)
2019-09-12 10:35:42,416 [pool-27-thread-1] INFO  server.RaftServerConfigKeys (ConfUtils.java:logGet(43)) - raft.server.log.appender.buffer.byte-limit = 33554432 (custom)
2019-09-12 10:35:42,417 [pool-27-thread-1] INFO  server.RaftServerConfigKeys (ConfUtils.java:logGet(43)) - raft.server.log.segment.size.max = 1048576 (custom)
2019-09-12 10:35:42,417 [pool-27-thread-1] INFO  server.RaftServerConfigKeys (ConfUtils.java:logGet(43)) - raft.server.log.segment.cache.num.max = 2 (custom)
2019-09-12 10:35:42,417 [pool-27-thread-1] INFO  segmented.SegmentedRaftLogWorker (SegmentedRaftLogWorker.java:<init>(172)) - new e888d92f-5ff8-4b8f-9926-c0c6217791b7-SegmentedRaftLogWorker:Storage Directory /workdir/hadoop-ozone/integration-test/target/test-dir/MiniOzoneClusterImpl-37d049c1-8781-4836-8b63-386207273279/datanode-0/data/ratis/127dbe9a-53f9-4e89-afa2-2cb4cb0383aa for RaftStorage:Storage Directory /workdir/hadoop-ozone/integration-test/target/test-dir/MiniOzoneClusterImpl-37d049c1-8781-4836-8b63-386207273279/datanode-0/data/ratis/127dbe9a-53f9-4e89-afa2-2cb4cb0383aa
2019-09-12 10:35:42,417 [pool-27-thread-1] INFO  server.RaftServerConfigKeys (ConfUtils.java:logGet(43)) - raft.server.log.queue.byte-limit = 2147483647 (custom)
2019-09-12 10:35:42,418 [pool-27-thread-1] INFO  server.RaftServerConfigKeys (ConfUtils.java:logGet(43)) - raft.server.log.queue.element-limit = 1024 (custom)
2019-09-12 10:35:42,418 [pool-27-thread-1] INFO  server.RaftServerConfigKeys (ConfUtils.java:logGet(43)) - raft.server.log.segment.size.max = 1048576 (custom)
2019-09-12 10:35:42,418 [pool-27-thread-1] INFO  server.RaftServerConfigKeys (ConfUtils.java:logGet(43)) - raft.server.log.preallocated.size = 16384 (custom)
2019-09-12 10:35:42,418 [pool-27-thread-1] INFO  server.RaftServerConfigKeys (ConfUtils.java:logGet(43)) - raft.server.log.write.buffer.size = 33554432 (custom)
2019-09-12 10:35:42,418 [pool-27-thread-1] INFO  server.RaftServerConfigKeys (ConfUtils.java:logGet(43)) - raft.server.log.force.sync.num = 128 (default)
2019-09-12 10:35:42,418 [pool-27-thread-1] INFO  server.RaftServerConfigKeys (ConfUtils.java:logGet(43)) - raft.server.log.statemachine.data.sync = true (default)
2019-09-12 10:35:42,419 [pool-27-thread-1] INFO  server.RaftServerConfigKeys (ConfUtils.java:logGet(43)) - raft.server.log.statemachine.data.sync.timeout = 10s (default)
2019-09-12 10:35:42,419 [pool-27-thread-1] INFO  server.RaftServerConfigKeys (ConfUtils.java:logGet(43)) - raft.server.log.statemachine.data.sync.timeout.retry = -1 (default)
2019-09-12 10:35:42,420 [pool-27-thread-1] INFO  server.RaftServerConfigKeys (ConfUtils.java:logGet(43)) - raft.server.log.statemachine.data.caching.enabled = true (custom)
2019-09-12 10:35:42,420 [pool-27-thread-1] INFO  segmented.SegmentedRaftLogWorker (SegmentedRaftLogWorker.java:lambda$new$0(132)) - e888d92f-5ff8-4b8f-9926-c0c6217791b7-SegmentedRaftLogWorker:Storage Directory /workdir/hadoop-ozone/integration-test/target/test-dir/MiniOzoneClusterImpl-37d049c1-8781-4836-8b63-386207273279/datanode-0/data/ratis/127dbe9a-53f9-4e89-afa2-2cb4cb0383aa: flushIndex: setUnconditionally 0 -> -1
2019-09-12 10:35:42,420 [pool-27-thread-1] INFO  server.RaftServerConfigKeys (ConfUtils.java:logGet(43)) - raft.server.snapshot.auto.trigger.enabled = true (custom)
2019-09-12 10:35:42,420 [pool-27-thread-1] INFO  server.RaftServerConfigKeys (ConfUtils.java:logGet(43)) - raft.server.snapshot.auto.trigger.threshold = 10000 (custom)
2019-09-12 10:35:42,421 [pool-27-thread-1] INFO  server.RaftServerConfigKeys (ConfUtils.java:logGet(43)) - raft.server.retrycache.expirytime = 600000ms (custom)
2019-09-12 10:35:42,421 [pool-27-thread-1] INFO  impl.RaftServerImpl (RaftServerImpl.java:start(180)) - e888d92f-5ff8-4b8f-9926-c0c6217791b7: start group-2CB4CB0383AA
2019-09-12 10:35:42,421 [pool-27-thread-1] INFO  impl.RaftServerImpl (RaftServerImpl.java:setRole(171)) - e888d92f-5ff8-4b8f-9926-c0c6217791b7:group-2CB4CB0383AA changes role from null to FOLLOWER at term 0 for startAsFollower
2019-09-12 10:35:42,421 [pool-27-thread-1] INFO  impl.RoleInfo (RoleInfo.java:updateAndGet(143)) - e888d92f-5ff8-4b8f-9926-c0c6217791b7: start FollowerState
2019-09-12 10:35:42,422 [pool-27-thread-1] INFO  util.JmxRegister (JmxRegister.java:tryRegister(44)) - Successfully registered JMX Bean with object name Ratis:service=RaftServer,group=group-2CB4CB0383AA,id=e888d92f-5ff8-4b8f-9926-c0c6217791b7
2019-09-12 10:35:42,439 [RatisPipelineUtilsThread] INFO  pipeline.PipelineStateManager (PipelineStateManager.java:addPipeline(56)) - Created pipeline Pipeline[ Id: 127dbe9a-53f9-4e89-afa2-2cb4cb0383aa, Nodes: e888d92f-5ff8-4b8f-9926-c0c6217791b7{ip: 192.168.36.114, host: pr-hdds-1569-58hkm-1881083799, networkLocation: /default-rack, certSerialId: null}, Type:RATIS, Factor:ONE, State:OPEN]
2019-09-12 10:35:42,462 [grpc-default-executor-0] INFO  impl.RaftServerProxy (RaftServerProxy.java:addNew(89)) - e888d92f-5ff8-4b8f-9926-c0c6217791b7: addNew group-BBBBC91BEE1D:[e888d92f-5ff8-4b8f-9926-c0c6217791b7:192.168.36.114:44342] returns group-BBBBC91BEE1D:java.util.concurrent.CompletableFuture@b52cb1a[Not completed]
2019-09-12 10:35:42,465 [pool-27-thread-1] INFO  impl.RaftServerImpl (RaftServerImpl.java:<init>(93)) - e888d92f-5ff8-4b8f-9926-c0c6217791b7: new RaftServerImpl for group-BBBBC91BEE1D:[e888d92f-5ff8-4b8f-9926-c0c6217791b7:192.168.36.114:44342] with ContainerStateMachine:uninitialized
2019-09-12 10:35:42,465 [pool-27-thread-1] INFO  server.RaftServerConfigKeys (ConfUtils.java:logGet(43)) - raft.server.rpc.timeout.min = 5s (custom)
2019-09-12 10:35:42,465 [pool-27-thread-1] INFO  server.RaftServerConfigKeys (ConfUtils.java:logGet(43)) - raft.server.rpc.timeout.max = 5200ms (custom)
2019-09-12 10:35:42,465 [pool-27-thread-1] INFO  server.RaftServerConfigKeys (ConfUtils.java:logGet(43)) - raft.server.rpcslowness.timeout = 120s (custom)
2019-09-12 10:35:42,465 [pool-27-thread-1] INFO  server.RaftServerConfigKeys (ConfUtils.java:logGet(43)) - raft.server.sleep.deviation.threshold = 300 (default)
2019-09-12 10:35:42,466 [pool-27-thread-1] INFO  server.RaftServerConfigKeys (ConfUtils.java:logGet(43)) - raft.server.log.appender.install.snapshot.enabled = false (custom)
2019-09-12 10:35:42,466 [pool-27-thread-1] INFO  impl.RaftServerImpl (ServerState.java:<init>(105)) - e888d92f-5ff8-4b8f-9926-c0c6217791b7:group-BBBBC91BEE1D ConfigurationManager, init=-1: [e888d92f-5ff8-4b8f-9926-c0c6217791b7:192.168.36.114:44342], old=null, confs=<EMPTY_MAP>
2019-09-12 10:35:42,466 [pool-27-thread-1] INFO  server.RaftServerConfigKeys (ConfUtils.java:logGet(43)) - raft.server.storage.dir = [/workdir/hadoop-ozone/integration-test/target/test-dir/MiniOzoneClusterImpl-37d049c1-8781-4836-8b63-386207273279/datanode-0/data/ratis] (custom)
2019-09-12 10:35:42,467 [pool-27-thread-1] INFO  storage.RaftStorageDirectory (RaftStorageDirectory.java:analyzeStorage(246)) - The storage directory /workdir/hadoop-ozone/integration-test/target/test-dir/MiniOzoneClusterImpl-37d049c1-8781-4836-8b63-386207273279/datanode-0/data/ratis/53ba0342-cbf0-4913-8236-bbbbc91bee1d does not exist. Creating ...
2019-09-12 10:35:42,480 [pool-27-thread-1] INFO  storage.RaftStorageDirectory (RaftStorageDirectory.java:tryLock(328)) - Lock on /workdir/hadoop-ozone/integration-test/target/test-dir/MiniOzoneClusterImpl-37d049c1-8781-4836-8b63-386207273279/datanode-0/data/ratis/53ba0342-cbf0-4913-8236-bbbbc91bee1d/in_use.lock acquired by nodename 9512@pr-hdds-1569-58hkm-1881083799
2019-09-12 10:35:42,501 [pool-27-thread-1] INFO  storage.RaftStorage (RaftStorage.java:format(72)) - Storage directory /workdir/hadoop-ozone/integration-test/target/test-dir/MiniOzoneClusterImpl-37d049c1-8781-4836-8b63-386207273279/datanode-0/data/ratis/53ba0342-cbf0-4913-8236-bbbbc91bee1d has been successfully formatted.
2019-09-12 10:35:42,502 [pool-27-thread-1] INFO  ratis.ContainerStateMachine (ContainerStateMachine.java:loadSnapshot(226)) - group-BBBBC91BEE1D: The snapshot info is null. Setting the last applied indexto:(t:0, i:~)
2019-09-12 10:35:42,502 [pool-27-thread-1] INFO  server.RaftServerConfigKeys (ConfUtils.java:logGet(43)) - raft.server.leader.election.timeout = 120s (custom)
2019-09-12 10:35:42,502 [pool-27-thread-1] INFO  server.RaftServerConfigKeys (ConfUtils.java:logGet(43)) - raft.server.log.use.memory = false (default)
2019-09-12 10:35:42,502 [pool-27-thread-1] INFO  server.RaftServerConfigKeys (ConfUtils.java:logGet(43)) - raft.server.log.purge.gap = 1000000 (custom)
2019-09-12 10:35:42,502 [pool-27-thread-1] INFO  server.RaftServerConfigKeys (ConfUtils.java:logGet(43)) - raft.server.log.appender.buffer.byte-limit = 33554432 (custom)
2019-09-12 10:35:42,502 [pool-27-thread-1] INFO  server.RaftServerConfigKeys (ConfUtils.java:logGet(43)) - raft.server.log.segment.size.max = 1048576 (custom)
2019-09-12 10:35:42,503 [pool-27-thread-1] INFO  server.RaftServerConfigKeys (ConfUtils.java:logGet(43)) - raft.server.log.segment.cache.num.max = 2 (custom)
2019-09-12 10:35:42,503 [pool-27-thread-1] INFO  segmented.SegmentedRaftLogWorker (SegmentedRaftLogWorker.java:<init>(172)) - new e888d92f-5ff8-4b8f-9926-c0c6217791b7-SegmentedRaftLogWorker:Storage Directory /workdir/hadoop-ozone/integration-test/target/test-dir/MiniOzoneClusterImpl-37d049c1-8781-4836-8b63-386207273279/datanode-0/data/ratis/53ba0342-cbf0-4913-8236-bbbbc91bee1d for RaftStorage:Storage Directory /workdir/hadoop-ozone/integration-test/target/test-dir/MiniOzoneClusterImpl-37d049c1-8781-4836-8b63-386207273279/datanode-0/data/ratis/53ba0342-cbf0-4913-8236-bbbbc91bee1d
2019-09-12 10:35:42,503 [pool-27-thread-1] INFO  server.RaftServerConfigKeys (ConfUtils.java:logGet(43)) - raft.server.log.queue.byte-limit = 2147483647 (custom)
2019-09-12 10:35:42,503 [pool-27-thread-1] INFO  server.RaftServerConfigKeys (ConfUtils.java:logGet(43)) - raft.server.log.queue.element-limit = 1024 (custom)
2019-09-12 10:35:42,503 [pool-27-thread-1] INFO  server.RaftServerConfigKeys (ConfUtils.java:logGet(43)) - raft.server.log.segment.size.max = 1048576 (custom)
2019-09-12 10:35:42,503 [pool-27-thread-1] INFO  server.RaftServerConfigKeys (ConfUtils.java:logGet(43)) - raft.server.log.preallocated.size = 16384 (custom)
2019-09-12 10:35:42,504 [pool-27-thread-1] INFO  server.RaftServerConfigKeys (ConfUtils.java:logGet(43)) - raft.server.log.write.buffer.size = 33554432 (custom)
2019-09-12 10:35:42,504 [pool-27-thread-1] INFO  server.RaftServerConfigKeys (ConfUtils.java:logGet(43)) - raft.server.log.force.sync.num = 128 (default)
2019-09-12 10:35:42,504 [pool-27-thread-1] INFO  server.RaftServerConfigKeys (ConfUtils.java:logGet(43)) - raft.server.log.statemachine.data.sync = true (default)
2019-09-12 10:35:42,504 [pool-27-thread-1] INFO  server.RaftServerConfigKeys (ConfUtils.java:logGet(43)) - raft.server.log.statemachine.data.sync.timeout = 10s (default)
2019-09-12 10:35:42,504 [pool-27-thread-1] INFO  server.RaftServerConfigKeys (ConfUtils.java:logGet(43)) - raft.server.log.statemachine.data.sync.timeout.retry = -1 (default)
2019-09-12 10:35:42,504 [pool-27-thread-1] INFO  server.RaftServerConfigKeys (ConfUtils.java:logGet(43)) - raft.server.log.statemachine.data.caching.enabled = true (custom)
2019-09-12 10:35:42,505 [pool-27-thread-1] INFO  segmented.SegmentedRaftLogWorker (SegmentedRaftLogWorker.java:lambda$new$0(132)) - e888d92f-5ff8-4b8f-9926-c0c6217791b7-SegmentedRaftLogWorker:Storage Directory /workdir/hadoop-ozone/integration-test/target/test-dir/MiniOzoneClusterImpl-37d049c1-8781-4836-8b63-386207273279/datanode-0/data/ratis/53ba0342-cbf0-4913-8236-bbbbc91bee1d: flushIndex: setUnconditionally 0 -> -1
2019-09-12 10:35:42,505 [pool-27-thread-1] INFO  server.RaftServerConfigKeys (ConfUtils.java:logGet(43)) - raft.server.snapshot.auto.trigger.enabled = true (custom)
2019-09-12 10:35:42,505 [pool-27-thread-1] INFO  server.RaftServerConfigKeys (ConfUtils.java:logGet(43)) - raft.server.snapshot.auto.trigger.threshold = 10000 (custom)
2019-09-12 10:35:42,505 [pool-27-thread-1] INFO  server.RaftServerConfigKeys (ConfUtils.java:logGet(43)) - raft.server.retrycache.expirytime = 600000ms (custom)
2019-09-12 10:35:42,506 [pool-27-thread-1] INFO  impl.RaftServerImpl (RaftServerImpl.java:start(180)) - e888d92f-5ff8-4b8f-9926-c0c6217791b7: start group-BBBBC91BEE1D
2019-09-12 10:35:42,506 [pool-27-thread-1] INFO  impl.RaftServerImpl (RaftServerImpl.java:setRole(171)) - e888d92f-5ff8-4b8f-9926-c0c6217791b7:group-BBBBC91BEE1D changes role from null to FOLLOWER at term 0 for startAsFollower
2019-09-12 10:35:42,506 [pool-27-thread-1] INFO  impl.RoleInfo (RoleInfo.java:updateAndGet(143)) - e888d92f-5ff8-4b8f-9926-c0c6217791b7: start FollowerState
2019-09-12 10:35:42,507 [pool-27-thread-1] INFO  util.JmxRegister (JmxRegister.java:tryRegister(44)) - Successfully registered JMX Bean with object name Ratis:service=RaftServer,group=group-BBBBC91BEE1D,id=e888d92f-5ff8-4b8f-9926-c0c6217791b7
2019-09-12 10:35:42,528 [IPC Server handler 3 on 34177] INFO  net.NetworkTopology (NetworkTopologyImpl.java:add(110)) - Added a new node: /default-rack/95bd455b-14e9-4919-baf6-c10c70e925fc
2019-09-12 10:35:42,530 [RatisPipelineUtilsThread] INFO  pipeline.PipelineStateManager (PipelineStateManager.java:addPipeline(56)) - Created pipeline Pipeline[ Id: 53ba0342-cbf0-4913-8236-bbbbc91bee1d, Nodes: e888d92f-5ff8-4b8f-9926-c0c6217791b7{ip: 192.168.36.114, host: pr-hdds-1569-58hkm-1881083799, networkLocation: /default-rack, certSerialId: null}, Type:RATIS, Factor:ONE, State:OPEN]
2019-09-12 10:35:42,531 [IPC Server handler 3 on 34177] INFO  node.SCMNodeManager (SCMNodeManager.java:register(273)) - Registered Data node : 95bd455b-14e9-4919-baf6-c10c70e925fc{ip: 192.168.36.114, host: pr-hdds-1569-58hkm-1881083799, networkLocation: /default-rack, certSerialId: null}
2019-09-12 10:35:42,531 | INFO  | SCMAudit | user=jenkins1000 | ip=192.168.36.114 | op=REGISTER {datanodeDetails=95bd455b-14e9-4919-baf6-c10c70e925fc{ip: 192.168.36.114, host: pr-hdds-1569-58hkm-1881083799, networkLocation: /default-rack, certSerialId: null}} | ret=SUCCESS |  
2019-09-12 10:35:42,558 [grpc-default-executor-0] INFO  impl.RaftServerProxy (RaftServerProxy.java:addNew(89)) - 3ea3aff6-08b9-42c8-836f-7f03e071752a: addNew group-1BE577B65249:[3ea3aff6-08b9-42c8-836f-7f03e071752a:192.168.36.114:46411] returns group-1BE577B65249:java.util.concurrent.CompletableFuture@1a70a197[Not completed]
2019-09-12 10:35:42,663 [pool-38-thread-1] INFO  impl.RaftServerImpl (RaftServerImpl.java:<init>(93)) - 3ea3aff6-08b9-42c8-836f-7f03e071752a: new RaftServerImpl for group-1BE577B65249:[3ea3aff6-08b9-42c8-836f-7f03e071752a:192.168.36.114:46411] with ContainerStateMachine:uninitialized
2019-09-12 10:35:42,665 [pool-38-thread-1] INFO  server.RaftServerConfigKeys (ConfUtils.java:logGet(43)) - raft.server.rpc.timeout.min = 5s (custom)
2019-09-12 10:35:42,665 [pool-38-thread-1] INFO  server.RaftServerConfigKeys (ConfUtils.java:logGet(43)) - raft.server.rpc.timeout.max = 5200ms (custom)
2019-09-12 10:35:42,665 [pool-38-thread-1] INFO  server.RaftServerConfigKeys (ConfUtils.java:logGet(43)) - raft.server.rpcslowness.timeout = 120s (custom)
2019-09-12 10:35:42,665 [pool-38-thread-1] INFO  server.RaftServerConfigKeys (ConfUtils.java:logGet(43)) - raft.server.sleep.deviation.threshold = 300 (default)
2019-09-12 10:35:42,665 [pool-38-thread-1] INFO  server.RaftServerConfigKeys (ConfUtils.java:logGet(43)) - raft.server.log.appender.install.snapshot.enabled = false (custom)
2019-09-12 10:35:42,666 [pool-38-thread-1] INFO  impl.RaftServerImpl (ServerState.java:<init>(105)) - 3ea3aff6-08b9-42c8-836f-7f03e071752a:group-1BE577B65249 ConfigurationManager, init=-1: [3ea3aff6-08b9-42c8-836f-7f03e071752a:192.168.36.114:46411], old=null, confs=<EMPTY_MAP>
2019-09-12 10:35:42,666 [pool-38-thread-1] INFO  server.RaftServerConfigKeys (ConfUtils.java:logGet(43)) - raft.server.storage.dir = [/workdir/hadoop-ozone/integration-test/target/test-dir/MiniOzoneClusterImpl-37d049c1-8781-4836-8b63-386207273279/datanode-1/data/ratis] (custom)
2019-09-12 10:35:42,666 [pool-38-thread-1] INFO  storage.RaftStorageDirectory (RaftStorageDirectory.java:analyzeStorage(246)) - The storage directory /workdir/hadoop-ozone/integration-test/target/test-dir/MiniOzoneClusterImpl-37d049c1-8781-4836-8b63-386207273279/datanode-1/data/ratis/ac3583de-f8d0-41cb-9b16-1be577b65249 does not exist. Creating ...
2019-09-12 10:35:42,681 [pool-38-thread-1] INFO  storage.RaftStorageDirectory (RaftStorageDirectory.java:tryLock(328)) - Lock on /workdir/hadoop-ozone/integration-test/target/test-dir/MiniOzoneClusterImpl-37d049c1-8781-4836-8b63-386207273279/datanode-1/data/ratis/ac3583de-f8d0-41cb-9b16-1be577b65249/in_use.lock acquired by nodename 9512@pr-hdds-1569-58hkm-1881083799
2019-09-12 10:35:42,694 [pool-38-thread-1] INFO  storage.RaftStorage (RaftStorage.java:format(72)) - Storage directory /workdir/hadoop-ozone/integration-test/target/test-dir/MiniOzoneClusterImpl-37d049c1-8781-4836-8b63-386207273279/datanode-1/data/ratis/ac3583de-f8d0-41cb-9b16-1be577b65249 has been successfully formatted.
2019-09-12 10:35:42,697 [pool-38-thread-1] INFO  ratis.ContainerStateMachine (ContainerStateMachine.java:loadSnapshot(226)) - group-1BE577B65249: The snapshot info is null. Setting the last applied indexto:(t:0, i:~)
2019-09-12 10:35:42,699 [pool-38-thread-1] INFO  server.RaftServerConfigKeys (ConfUtils.java:logGet(43)) - raft.server.leader.election.timeout = 120s (custom)
2019-09-12 10:35:42,699 [pool-38-thread-1] INFO  server.RaftServerConfigKeys (ConfUtils.java:logGet(43)) - raft.server.log.use.memory = false (default)
2019-09-12 10:35:42,699 [pool-38-thread-1] INFO  server.RaftServerConfigKeys (ConfUtils.java:logGet(43)) - raft.server.log.purge.gap = 1000000 (custom)
2019-09-12 10:35:42,699 [pool-38-thread-1] INFO  server.RaftServerConfigKeys (ConfUtils.java:logGet(43)) - raft.server.log.appender.buffer.byte-limit = 33554432 (custom)
2019-09-12 10:35:42,699 [pool-38-thread-1] INFO  server.RaftServerConfigKeys (ConfUtils.java:logGet(43)) - raft.server.log.segment.size.max = 1048576 (custom)
2019-09-12 10:35:42,699 [pool-38-thread-1] INFO  server.RaftServerConfigKeys (ConfUtils.java:logGet(43)) - raft.server.log.segment.cache.num.max = 2 (custom)
2019-09-12 10:35:42,700 [pool-38-thread-1] INFO  segmented.SegmentedRaftLogWorker (SegmentedRaftLogWorker.java:<init>(172)) - new 3ea3aff6-08b9-42c8-836f-7f03e071752a-SegmentedRaftLogWorker:Storage Directory /workdir/hadoop-ozone/integration-test/target/test-dir/MiniOzoneClusterImpl-37d049c1-8781-4836-8b63-386207273279/datanode-1/data/ratis/ac3583de-f8d0-41cb-9b16-1be577b65249 for RaftStorage:Storage Directory /workdir/hadoop-ozone/integration-test/target/test-dir/MiniOzoneClusterImpl-37d049c1-8781-4836-8b63-386207273279/datanode-1/data/ratis/ac3583de-f8d0-41cb-9b16-1be577b65249
2019-09-12 10:35:42,701 [pool-38-thread-1] INFO  server.RaftServerConfigKeys (ConfUtils.java:logGet(43)) - raft.server.log.queue.byte-limit = 2147483647 (custom)
2019-09-12 10:35:42,701 [pool-38-thread-1] INFO  server.RaftServerConfigKeys (ConfUtils.java:logGet(43)) - raft.server.log.queue.element-limit = 1024 (custom)
2019-09-12 10:35:42,702 [pool-38-thread-1] INFO  server.RaftServerConfigKeys (ConfUtils.java:logGet(43)) - raft.server.log.segment.size.max = 1048576 (custom)
2019-09-12 10:35:42,702 [pool-38-thread-1] INFO  server.RaftServerConfigKeys (ConfUtils.java:logGet(43)) - raft.server.log.preallocated.size = 16384 (custom)
2019-09-12 10:35:42,702 [pool-38-thread-1] INFO  server.RaftServerConfigKeys (ConfUtils.java:logGet(43)) - raft.server.log.write.buffer.size = 33554432 (custom)
2019-09-12 10:35:42,702 [pool-38-thread-1] INFO  server.RaftServerConfigKeys (ConfUtils.java:logGet(43)) - raft.server.log.force.sync.num = 128 (default)
2019-09-12 10:35:42,702 [pool-38-thread-1] INFO  server.RaftServerConfigKeys (ConfUtils.java:logGet(43)) - raft.server.log.statemachine.data.sync = true (default)
2019-09-12 10:35:42,703 [pool-38-thread-1] INFO  server.RaftServerConfigKeys (ConfUtils.java:logGet(43)) - raft.server.log.statemachine.data.sync.timeout = 10s (default)
2019-09-12 10:35:42,703 [pool-38-thread-1] INFO  server.RaftServerConfigKeys (ConfUtils.java:logGet(43)) - raft.server.log.statemachine.data.sync.timeout.retry = -1 (default)
2019-09-12 10:35:42,703 [pool-38-thread-1] INFO  server.RaftServerConfigKeys (ConfUtils.java:logGet(43)) - raft.server.log.statemachine.data.caching.enabled = true (custom)
2019-09-12 10:35:42,703 [pool-38-thread-1] INFO  segmented.SegmentedRaftLogWorker (SegmentedRaftLogWorker.java:lambda$new$0(132)) - 3ea3aff6-08b9-42c8-836f-7f03e071752a-SegmentedRaftLogWorker:Storage Directory /workdir/hadoop-ozone/integration-test/target/test-dir/MiniOzoneClusterImpl-37d049c1-8781-4836-8b63-386207273279/datanode-1/data/ratis/ac3583de-f8d0-41cb-9b16-1be577b65249: flushIndex: setUnconditionally 0 -> -1
2019-09-12 10:35:42,704 [pool-38-thread-1] INFO  server.RaftServerConfigKeys (ConfUtils.java:logGet(43)) - raft.server.snapshot.auto.trigger.enabled = true (custom)
2019-09-12 10:35:42,704 [pool-38-thread-1] INFO  server.RaftServerConfigKeys (ConfUtils.java:logGet(43)) - raft.server.snapshot.auto.trigger.threshold = 10000 (custom)
2019-09-12 10:35:42,704 [pool-38-thread-1] INFO  server.RaftServerConfigKeys (ConfUtils.java:logGet(43)) - raft.server.retrycache.expirytime = 600000ms (custom)
2019-09-12 10:35:42,704 [pool-38-thread-1] INFO  impl.RaftServerImpl (RaftServerImpl.java:start(180)) - 3ea3aff6-08b9-42c8-836f-7f03e071752a: start group-1BE577B65249
2019-09-12 10:35:42,705 [pool-38-thread-1] INFO  impl.RaftServerImpl (RaftServerImpl.java:setRole(171)) - 3ea3aff6-08b9-42c8-836f-7f03e071752a:group-1BE577B65249 changes role from null to FOLLOWER at term 0 for startAsFollower
2019-09-12 10:35:42,705 [pool-38-thread-1] INFO  impl.RoleInfo (RoleInfo.java:updateAndGet(143)) - 3ea3aff6-08b9-42c8-836f-7f03e071752a: start FollowerState
2019-09-12 10:35:42,707 [pool-38-thread-1] INFO  util.JmxRegister (JmxRegister.java:tryRegister(44)) - Successfully registered JMX Bean with object name Ratis:service=RaftServer,group=group-1BE577B65249,id=3ea3aff6-08b9-42c8-836f-7f03e071752a
2019-09-12 10:35:42,731 [RatisPipelineUtilsThread] INFO  pipeline.PipelineStateManager (PipelineStateManager.java:addPipeline(56)) - Created pipeline Pipeline[ Id: ac3583de-f8d0-41cb-9b16-1be577b65249, Nodes: 3ea3aff6-08b9-42c8-836f-7f03e071752a{ip: 192.168.36.114, host: pr-hdds-1569-58hkm-1881083799, networkLocation: /default-rack, certSerialId: null}, Type:RATIS, Factor:ONE, State:OPEN]
2019-09-12 10:35:42,757 [grpc-default-executor-0] INFO  impl.RaftServerProxy (RaftServerProxy.java:addNew(89)) - 8ecfe8bb-6ab2-4306-955c-1af4e2a21ecc: addNew group-6998F3ADBC6B:[8ecfe8bb-6ab2-4306-955c-1af4e2a21ecc:192.168.36.114:46828] returns group-6998F3ADBC6B:java.util.concurrent.CompletableFuture@63567d55[Not completed]
2019-09-12 10:35:42,768 [IPC Server handler 7 on 34177] INFO  net.NetworkTopology (NetworkTopologyImpl.java:add(110)) - Added a new node: /default-rack/a6b7ffbc-3229-4dcb-9aed-a6c6127890ed
2019-09-12 10:35:42,779 [IPC Server handler 7 on 34177] INFO  node.SCMNodeManager (SCMNodeManager.java:register(273)) - Registered Data node : a6b7ffbc-3229-4dcb-9aed-a6c6127890ed{ip: 192.168.36.114, host: pr-hdds-1569-58hkm-1881083799, networkLocation: /default-rack, certSerialId: null}
2019-09-12 10:35:42,779 | INFO  | SCMAudit | user=jenkins1000 | ip=192.168.36.114 | op=REGISTER {datanodeDetails=a6b7ffbc-3229-4dcb-9aed-a6c6127890ed{ip: 192.168.36.114, host: pr-hdds-1569-58hkm-1881083799, networkLocation: /default-rack, certSerialId: null}} | ret=SUCCESS |  
2019-09-12 10:35:42,783 [pool-82-thread-1] INFO  impl.RaftServerImpl (RaftServerImpl.java:<init>(93)) - 8ecfe8bb-6ab2-4306-955c-1af4e2a21ecc: new RaftServerImpl for group-6998F3ADBC6B:[8ecfe8bb-6ab2-4306-955c-1af4e2a21ecc:192.168.36.114:46828] with ContainerStateMachine:uninitialized
2019-09-12 10:35:42,783 | INFO  | SCMAudit | user=jenkins1000 | ip=192.168.36.114 | op=SEND_HEARTBEAT {datanodeUUID=e888d92f-5ff8-4b8f-9926-c0c6217791b7, command=[]} | ret=SUCCESS |  
2019-09-12 10:35:42,783 [pool-82-thread-1] INFO  server.RaftServerConfigKeys (ConfUtils.java:logGet(43)) - raft.server.rpc.timeout.min = 5s (custom)
2019-09-12 10:35:42,783 [pool-82-thread-1] INFO  server.RaftServerConfigKeys (ConfUtils.java:logGet(43)) - raft.server.rpc.timeout.max = 5200ms (custom)
2019-09-12 10:35:42,783 [pool-82-thread-1] INFO  server.RaftServerConfigKeys (ConfUtils.java:logGet(43)) - raft.server.rpcslowness.timeout = 120s (custom)
2019-09-12 10:35:42,783 [pool-82-thread-1] INFO  server.RaftServerConfigKeys (ConfUtils.java:logGet(43)) - raft.server.sleep.deviation.threshold = 300 (default)
2019-09-12 10:35:42,783 [pool-82-thread-1] INFO  server.RaftServerConfigKeys (ConfUtils.java:logGet(43)) - raft.server.log.appender.install.snapshot.enabled = false (custom)
2019-09-12 10:35:42,784 [pool-82-thread-1] INFO  impl.RaftServerImpl (ServerState.java:<init>(105)) - 8ecfe8bb-6ab2-4306-955c-1af4e2a21ecc:group-6998F3ADBC6B ConfigurationManager, init=-1: [8ecfe8bb-6ab2-4306-955c-1af4e2a21ecc:192.168.36.114:46828], old=null, confs=<EMPTY_MAP>
2019-09-12 10:35:42,784 [pool-82-thread-1] INFO  server.RaftServerConfigKeys (ConfUtils.java:logGet(43)) - raft.server.storage.dir = [/workdir/hadoop-ozone/integration-test/target/test-dir/MiniOzoneClusterImpl-37d049c1-8781-4836-8b63-386207273279/datanode-5/data/ratis] (custom)
2019-09-12 10:35:42,784 [pool-82-thread-1] INFO  storage.RaftStorageDirectory (RaftStorageDirectory.java:analyzeStorage(246)) - The storage directory /workdir/hadoop-ozone/integration-test/target/test-dir/MiniOzoneClusterImpl-37d049c1-8781-4836-8b63-386207273279/datanode-5/data/ratis/88ba37a5-0ffa-46c1-a669-6998f3adbc6b does not exist. Creating ...
2019-09-12 10:35:42,798 [pool-82-thread-1] INFO  storage.RaftStorageDirectory (RaftStorageDirectory.java:tryLock(328)) - Lock on /workdir/hadoop-ozone/integration-test/target/test-dir/MiniOzoneClusterImpl-37d049c1-8781-4836-8b63-386207273279/datanode-5/data/ratis/88ba37a5-0ffa-46c1-a669-6998f3adbc6b/in_use.lock acquired by nodename 9512@pr-hdds-1569-58hkm-1881083799
2019-09-12 10:35:42,811 [pool-82-thread-1] INFO  storage.RaftStorage (RaftStorage.java:format(72)) - Storage directory /workdir/hadoop-ozone/integration-test/target/test-dir/MiniOzoneClusterImpl-37d049c1-8781-4836-8b63-386207273279/datanode-5/data/ratis/88ba37a5-0ffa-46c1-a669-6998f3adbc6b has been successfully formatted.
2019-09-12 10:35:42,811 [pool-82-thread-1] INFO  ratis.ContainerStateMachine (ContainerStateMachine.java:loadSnapshot(226)) - group-6998F3ADBC6B: The snapshot info is null. Setting the last applied indexto:(t:0, i:~)
2019-09-12 10:35:42,811 [pool-82-thread-1] INFO  server.RaftServerConfigKeys (ConfUtils.java:logGet(43)) - raft.server.leader.election.timeout = 120s (custom)
2019-09-12 10:35:42,811 [pool-82-thread-1] INFO  server.RaftServerConfigKeys (ConfUtils.java:logGet(43)) - raft.server.log.use.memory = false (default)
2019-09-12 10:35:42,811 [pool-82-thread-1] INFO  server.RaftServerConfigKeys (ConfUtils.java:logGet(43)) - raft.server.log.purge.gap = 1000000 (custom)
2019-09-12 10:35:42,811 [pool-82-thread-1] INFO  server.RaftServerConfigKeys (ConfUtils.java:logGet(43)) - raft.server.log.appender.buffer.byte-limit = 33554432 (custom)
2019-09-12 10:35:42,812 [pool-82-thread-1] INFO  server.RaftServerConfigKeys (ConfUtils.java:logGet(43)) - raft.server.log.segment.size.max = 1048576 (custom)
2019-09-12 10:35:42,812 [pool-82-thread-1] INFO  server.RaftServerConfigKeys (ConfUtils.java:logGet(43)) - raft.server.log.segment.cache.num.max = 2 (custom)
2019-09-12 10:35:42,812 [pool-82-thread-1] INFO  segmented.SegmentedRaftLogWorker (SegmentedRaftLogWorker.java:<init>(172)) - new 8ecfe8bb-6ab2-4306-955c-1af4e2a21ecc-SegmentedRaftLogWorker:Storage Directory /workdir/hadoop-ozone/integration-test/target/test-dir/MiniOzoneClusterImpl-37d049c1-8781-4836-8b63-386207273279/datanode-5/data/ratis/88ba37a5-0ffa-46c1-a669-6998f3adbc6b for RaftStorage:Storage Directory /workdir/hadoop-ozone/integration-test/target/test-dir/MiniOzoneClusterImpl-37d049c1-8781-4836-8b63-386207273279/datanode-5/data/ratis/88ba37a5-0ffa-46c1-a669-6998f3adbc6b
2019-09-12 10:35:42,812 [pool-82-thread-1] INFO  server.RaftServerConfigKeys (ConfUtils.java:logGet(43)) - raft.server.log.queue.byte-limit = 2147483647 (custom)
2019-09-12 10:35:42,812 [pool-82-thread-1] INFO  server.RaftServerConfigKeys (ConfUtils.java:logGet(43)) - raft.server.log.queue.element-limit = 1024 (custom)
2019-09-12 10:35:42,813 [pool-82-thread-1] INFO  server.RaftServerConfigKeys (ConfUtils.java:logGet(43)) - raft.server.log.segment.size.max = 1048576 (custom)
2019-09-12 10:35:42,813 [pool-82-thread-1] INFO  server.RaftServerConfigKeys (ConfUtils.java:logGet(43)) - raft.server.log.preallocated.size = 16384 (custom)
2019-09-12 10:35:42,813 [pool-82-thread-1] INFO  server.RaftServerConfigKeys (ConfUtils.java:logGet(43)) - raft.server.log.write.buffer.size = 33554432 (custom)
2019-09-12 10:35:42,813 [pool-82-thread-1] INFO  server.RaftServerConfigKeys (ConfUtils.java:logGet(43)) - raft.server.log.force.sync.num = 128 (default)
2019-09-12 10:35:42,813 [pool-82-thread-1] INFO  server.RaftServerConfigKeys (ConfUtils.java:logGet(43)) - raft.server.log.statemachine.data.sync = true (default)
2019-09-12 10:35:42,813 [pool-82-thread-1] INFO  server.RaftServerConfigKeys (ConfUtils.java:logGet(43)) - raft.server.log.statemachine.data.sync.timeout = 10s (default)
2019-09-12 10:35:42,813 [pool-82-thread-1] INFO  server.RaftServerConfigKeys (ConfUtils.java:logGet(43)) - raft.server.log.statemachine.data.sync.timeout.retry = -1 (default)
2019-09-12 10:35:42,814 [pool-82-thread-1] INFO  server.RaftServerConfigKeys (ConfUtils.java:logGet(43)) - raft.server.log.statemachine.data.caching.enabled = true (custom)
2019-09-12 10:35:42,814 [pool-82-thread-1] INFO  segmented.SegmentedRaftLogWorker (SegmentedRaftLogWorker.java:lambda$new$0(132)) - 8ecfe8bb-6ab2-4306-955c-1af4e2a21ecc-SegmentedRaftLogWorker:Storage Directory /workdir/hadoop-ozone/integration-test/target/test-dir/MiniOzoneClusterImpl-37d049c1-8781-4836-8b63-386207273279/datanode-5/data/ratis/88ba37a5-0ffa-46c1-a669-6998f3adbc6b: flushIndex: setUnconditionally 0 -> -1
2019-09-12 10:35:42,814 [pool-82-thread-1] INFO  server.RaftServerConfigKeys (ConfUtils.java:logGet(43)) - raft.server.snapshot.auto.trigger.enabled = true (custom)
2019-09-12 10:35:42,814 [pool-82-thread-1] INFO  server.RaftServerConfigKeys (ConfUtils.java:logGet(43)) - raft.server.snapshot.auto.trigger.threshold = 10000 (custom)
2019-09-12 10:35:42,815 [pool-82-thread-1] INFO  server.RaftServerConfigKeys (ConfUtils.java:logGet(43)) - raft.server.retrycache.expirytime = 600000ms (custom)
2019-09-12 10:35:42,815 [pool-82-thread-1] INFO  impl.RaftServerImpl (RaftServerImpl.java:start(180)) - 8ecfe8bb-6ab2-4306-955c-1af4e2a21ecc: start group-6998F3ADBC6B
2019-09-12 10:35:42,815 [pool-82-thread-1] INFO  impl.RaftServerImpl (RaftServerImpl.java:setRole(171)) - 8ecfe8bb-6ab2-4306-955c-1af4e2a21ecc:group-6998F3ADBC6B changes role from null to FOLLOWER at term 0 for startAsFollower
2019-09-12 10:35:42,815 [pool-82-thread-1] INFO  impl.RoleInfo (RoleInfo.java:updateAndGet(143)) - 8ecfe8bb-6ab2-4306-955c-1af4e2a21ecc: start FollowerState
2019-09-12 10:35:42,816 [pool-82-thread-1] INFO  util.JmxRegister (JmxRegister.java:tryRegister(44)) - Successfully registered JMX Bean with object name Ratis:service=RaftServer,group=group-6998F3ADBC6B,id=8ecfe8bb-6ab2-4306-955c-1af4e2a21ecc
2019-09-12 10:35:42,831 [RatisPipelineUtilsThread] INFO  pipeline.PipelineStateManager (PipelineStateManager.java:addPipeline(56)) - Created pipeline Pipeline[ Id: 88ba37a5-0ffa-46c1-a669-6998f3adbc6b, Nodes: 8ecfe8bb-6ab2-4306-955c-1af4e2a21ecc{ip: 192.168.36.114, host: pr-hdds-1569-58hkm-1881083799, networkLocation: /default-rack, certSerialId: null}, Type:RATIS, Factor:ONE, State:OPEN]
2019-09-12 10:35:42,852 [grpc-default-executor-0] INFO  impl.RaftServerProxy (RaftServerProxy.java:addNew(89)) - f3c2c8b9-2caa-489c-a85d-e6cb055caf9c: addNew group-97458979D72B:[f3c2c8b9-2caa-489c-a85d-e6cb055caf9c:192.168.36.114:35683] returns group-97458979D72B:java.util.concurrent.CompletableFuture@19857ee9[Not completed]
2019-09-12 10:35:42,858 [pool-71-thread-1] INFO  impl.RaftServerImpl (RaftServerImpl.java:<init>(93)) - f3c2c8b9-2caa-489c-a85d-e6cb055caf9c: new RaftServerImpl for group-97458979D72B:[f3c2c8b9-2caa-489c-a85d-e6cb055caf9c:192.168.36.114:35683] with ContainerStateMachine:uninitialized
2019-09-12 10:35:42,858 [pool-71-thread-1] INFO  server.RaftServerConfigKeys (ConfUtils.java:logGet(43)) - raft.server.rpc.timeout.min = 5s (custom)
2019-09-12 10:35:42,858 [pool-71-thread-1] INFO  server.RaftServerConfigKeys (ConfUtils.java:logGet(43)) - raft.server.rpc.timeout.max = 5200ms (custom)
2019-09-12 10:35:42,858 [pool-71-thread-1] INFO  server.RaftServerConfigKeys (ConfUtils.java:logGet(43)) - raft.server.rpcslowness.timeout = 120s (custom)
2019-09-12 10:35:42,858 [pool-71-thread-1] INFO  server.RaftServerConfigKeys (ConfUtils.java:logGet(43)) - raft.server.sleep.deviation.threshold = 300 (default)
2019-09-12 10:35:42,859 [pool-71-thread-1] INFO  server.RaftServerConfigKeys (ConfUtils.java:logGet(43)) - raft.server.log.appender.install.snapshot.enabled = false (custom)
2019-09-12 10:35:42,859 [pool-71-thread-1] INFO  impl.RaftServerImpl (ServerState.java:<init>(105)) - f3c2c8b9-2caa-489c-a85d-e6cb055caf9c:group-97458979D72B ConfigurationManager, init=-1: [f3c2c8b9-2caa-489c-a85d-e6cb055caf9c:192.168.36.114:35683], old=null, confs=<EMPTY_MAP>
2019-09-12 10:35:42,859 [pool-71-thread-1] INFO  server.RaftServerConfigKeys (ConfUtils.java:logGet(43)) - raft.server.storage.dir = [/workdir/hadoop-ozone/integration-test/target/test-dir/MiniOzoneClusterImpl-37d049c1-8781-4836-8b63-386207273279/datanode-4/data/ratis] (custom)
2019-09-12 10:35:42,859 [pool-71-thread-1] INFO  storage.RaftStorageDirectory (RaftStorageDirectory.java:analyzeStorage(246)) - The storage directory /workdir/hadoop-ozone/integration-test/target/test-dir/MiniOzoneClusterImpl-37d049c1-8781-4836-8b63-386207273279/datanode-4/data/ratis/eea537f5-de48-43ee-ab38-97458979d72b does not exist. Creating ...
2019-09-12 10:35:42,872 [pool-71-thread-1] INFO  storage.RaftStorageDirectory (RaftStorageDirectory.java:tryLock(328)) - Lock on /workdir/hadoop-ozone/integration-test/target/test-dir/MiniOzoneClusterImpl-37d049c1-8781-4836-8b63-386207273279/datanode-4/data/ratis/eea537f5-de48-43ee-ab38-97458979d72b/in_use.lock acquired by nodename 9512@pr-hdds-1569-58hkm-1881083799
2019-09-12 10:35:42,884 [pool-71-thread-1] INFO  storage.RaftStorage (RaftStorage.java:format(72)) - Storage directory /workdir/hadoop-ozone/integration-test/target/test-dir/MiniOzoneClusterImpl-37d049c1-8781-4836-8b63-386207273279/datanode-4/data/ratis/eea537f5-de48-43ee-ab38-97458979d72b has been successfully formatted.
2019-09-12 10:35:42,884 [pool-71-thread-1] INFO  ratis.ContainerStateMachine (ContainerStateMachine.java:loadSnapshot(226)) - group-97458979D72B: The snapshot info is null. Setting the last applied indexto:(t:0, i:~)
2019-09-12 10:35:42,885 [pool-71-thread-1] INFO  server.RaftServerConfigKeys (ConfUtils.java:logGet(43)) - raft.server.leader.election.timeout = 120s (custom)
2019-09-12 10:35:42,885 [pool-71-thread-1] INFO  server.RaftServerConfigKeys (ConfUtils.java:logGet(43)) - raft.server.log.use.memory = false (default)
2019-09-12 10:35:42,885 [pool-71-thread-1] INFO  server.RaftServerConfigKeys (ConfUtils.java:logGet(43)) - raft.server.log.purge.gap = 1000000 (custom)
2019-09-12 10:35:42,885 [pool-71-thread-1] INFO  server.RaftServerConfigKeys (ConfUtils.java:logGet(43)) - raft.server.log.appender.buffer.byte-limit = 33554432 (custom)
2019-09-12 10:35:42,885 [pool-71-thread-1] INFO  server.RaftServerConfigKeys (ConfUtils.java:logGet(43)) - raft.server.log.segment.size.max = 1048576 (custom)
2019-09-12 10:35:42,885 [pool-71-thread-1] INFO  server.RaftServerConfigKeys (ConfUtils.java:logGet(43)) - raft.server.log.segment.cache.num.max = 2 (custom)
2019-09-12 10:35:42,885 [pool-71-thread-1] INFO  segmented.SegmentedRaftLogWorker (SegmentedRaftLogWorker.java:<init>(172)) - new f3c2c8b9-2caa-489c-a85d-e6cb055caf9c-SegmentedRaftLogWorker:Storage Directory /workdir/hadoop-ozone/integration-test/target/test-dir/MiniOzoneClusterImpl-37d049c1-8781-4836-8b63-386207273279/datanode-4/data/ratis/eea537f5-de48-43ee-ab38-97458979d72b for RaftStorage:Storage Directory /workdir/hadoop-ozone/integration-test/target/test-dir/MiniOzoneClusterImpl-37d049c1-8781-4836-8b63-386207273279/datanode-4/data/ratis/eea537f5-de48-43ee-ab38-97458979d72b
2019-09-12 10:35:42,886 [pool-71-thread-1] INFO  server.RaftServerConfigKeys (ConfUtils.java:logGet(43)) - raft.server.log.queue.byte-limit = 2147483647 (custom)
2019-09-12 10:35:42,886 [pool-71-thread-1] INFO  server.RaftServerConfigKeys (ConfUtils.java:logGet(43)) - raft.server.log.queue.element-limit = 1024 (custom)
2019-09-12 10:35:42,886 [pool-71-thread-1] INFO  server.RaftServerConfigKeys (ConfUtils.java:logGet(43)) - raft.server.log.segment.size.max = 1048576 (custom)
2019-09-12 10:35:42,886 [pool-71-thread-1] INFO  server.RaftServerConfigKeys (ConfUtils.java:logGet(43)) - raft.server.log.preallocated.size = 16384 (custom)
2019-09-12 10:35:42,886 [pool-71-thread-1] INFO  server.RaftServerConfigKeys (ConfUtils.java:logGet(43)) - raft.server.log.write.buffer.size = 33554432 (custom)
2019-09-12 10:35:42,886 [pool-71-thread-1] INFO  server.RaftServerConfigKeys (ConfUtils.java:logGet(43)) - raft.server.log.force.sync.num = 128 (default)
2019-09-12 10:35:42,886 [pool-71-thread-1] INFO  server.RaftServerConfigKeys (ConfUtils.java:logGet(43)) - raft.server.log.statemachine.data.sync = true (default)
2019-09-12 10:35:42,887 [pool-71-thread-1] INFO  server.RaftServerConfigKeys (ConfUtils.java:logGet(43)) - raft.server.log.statemachine.data.sync.timeout = 10s (default)
2019-09-12 10:35:42,887 [pool-71-thread-1] INFO  server.RaftServerConfigKeys (ConfUtils.java:logGet(43)) - raft.server.log.statemachine.data.sync.timeout.retry = -1 (default)
2019-09-12 10:35:42,887 [pool-71-thread-1] INFO  server.RaftServerConfigKeys (ConfUtils.java:logGet(43)) - raft.server.log.statemachine.data.caching.enabled = true (custom)
2019-09-12 10:35:42,887 [pool-71-thread-1] INFO  segmented.SegmentedRaftLogWorker (SegmentedRaftLogWorker.java:lambda$new$0(132)) - f3c2c8b9-2caa-489c-a85d-e6cb055caf9c-SegmentedRaftLogWorker:Storage Directory /workdir/hadoop-ozone/integration-test/target/test-dir/MiniOzoneClusterImpl-37d049c1-8781-4836-8b63-386207273279/datanode-4/data/ratis/eea537f5-de48-43ee-ab38-97458979d72b: flushIndex: setUnconditionally 0 -> -1
2019-09-12 10:35:42,888 [pool-71-thread-1] INFO  server.RaftServerConfigKeys (ConfUtils.java:logGet(43)) - raft.server.snapshot.auto.trigger.enabled = true (custom)
2019-09-12 10:35:42,888 [pool-71-thread-1] INFO  server.RaftServerConfigKeys (ConfUtils.java:logGet(43)) - raft.server.snapshot.auto.trigger.threshold = 10000 (custom)
2019-09-12 10:35:42,888 [pool-71-thread-1] INFO  server.RaftServerConfigKeys (ConfUtils.java:logGet(43)) - raft.server.retrycache.expirytime = 600000ms (custom)
2019-09-12 10:35:42,888 [pool-71-thread-1] INFO  impl.RaftServerImpl (RaftServerImpl.java:start(180)) - f3c2c8b9-2caa-489c-a85d-e6cb055caf9c: start group-97458979D72B
2019-09-12 10:35:42,888 [pool-71-thread-1] INFO  impl.RaftServerImpl (RaftServerImpl.java:setRole(171)) - f3c2c8b9-2caa-489c-a85d-e6cb055caf9c:group-97458979D72B changes role from null to FOLLOWER at term 0 for startAsFollower
2019-09-12 10:35:42,888 [pool-71-thread-1] INFO  impl.RoleInfo (RoleInfo.java:updateAndGet(143)) - f3c2c8b9-2caa-489c-a85d-e6cb055caf9c: start FollowerState
2019-09-12 10:35:42,889 [pool-71-thread-1] INFO  util.JmxRegister (JmxRegister.java:tryRegister(44)) - Successfully registered JMX Bean with object name Ratis:service=RaftServer,group=group-97458979D72B,id=f3c2c8b9-2caa-489c-a85d-e6cb055caf9c
2019-09-12 10:35:42,905 [RatisPipelineUtilsThread] INFO  pipeline.PipelineStateManager (PipelineStateManager.java:addPipeline(56)) - Created pipeline Pipeline[ Id: eea537f5-de48-43ee-ab38-97458979d72b, Nodes: f3c2c8b9-2caa-489c-a85d-e6cb055caf9c{ip: 192.168.36.114, host: pr-hdds-1569-58hkm-1881083799, networkLocation: /default-rack, certSerialId: null}, Type:RATIS, Factor:ONE, State:OPEN]
2019-09-12 10:35:42,928 [grpc-default-executor-0] INFO  impl.RaftServerProxy (RaftServerProxy.java:addNew(89)) - f3c2c8b9-2caa-489c-a85d-e6cb055caf9c: addNew group-26B22E20355F:[f3c2c8b9-2caa-489c-a85d-e6cb055caf9c:192.168.36.114:35683] returns group-26B22E20355F:java.util.concurrent.CompletableFuture@1dad8149[Not completed]
2019-09-12 10:35:42,929 [pool-71-thread-1] INFO  impl.RaftServerImpl (RaftServerImpl.java:<init>(93)) - f3c2c8b9-2caa-489c-a85d-e6cb055caf9c: new RaftServerImpl for group-26B22E20355F:[f3c2c8b9-2caa-489c-a85d-e6cb055caf9c:192.168.36.114:35683] with ContainerStateMachine:uninitialized
2019-09-12 10:35:42,929 [pool-71-thread-1] INFO  server.RaftServerConfigKeys (ConfUtils.java:logGet(43)) - raft.server.rpc.timeout.min = 5s (custom)
2019-09-12 10:35:42,930 [pool-71-thread-1] INFO  server.RaftServerConfigKeys (ConfUtils.java:logGet(43)) - raft.server.rpc.timeout.max = 5200ms (custom)
2019-09-12 10:35:42,930 [pool-71-thread-1] INFO  server.RaftServerConfigKeys (ConfUtils.java:logGet(43)) - raft.server.rpcslowness.timeout = 120s (custom)
2019-09-12 10:35:42,930 [pool-71-thread-1] INFO  server.RaftServerConfigKeys (ConfUtils.java:logGet(43)) - raft.server.sleep.deviation.threshold = 300 (default)
2019-09-12 10:35:42,930 [pool-71-thread-1] INFO  server.RaftServerConfigKeys (ConfUtils.java:logGet(43)) - raft.server.log.appender.install.snapshot.enabled = false (custom)
2019-09-12 10:35:42,930 [pool-71-thread-1] INFO  impl.RaftServerImpl (ServerState.java:<init>(105)) - f3c2c8b9-2caa-489c-a85d-e6cb055caf9c:group-26B22E20355F ConfigurationManager, init=-1: [f3c2c8b9-2caa-489c-a85d-e6cb055caf9c:192.168.36.114:35683], old=null, confs=<EMPTY_MAP>
2019-09-12 10:35:42,930 [pool-71-thread-1] INFO  server.RaftServerConfigKeys (ConfUtils.java:logGet(43)) - raft.server.storage.dir = [/workdir/hadoop-ozone/integration-test/target/test-dir/MiniOzoneClusterImpl-37d049c1-8781-4836-8b63-386207273279/datanode-4/data/ratis] (custom)
2019-09-12 10:35:42,931 [pool-71-thread-1] INFO  storage.RaftStorageDirectory (RaftStorageDirectory.java:analyzeStorage(246)) - The storage directory /workdir/hadoop-ozone/integration-test/target/test-dir/MiniOzoneClusterImpl-37d049c1-8781-4836-8b63-386207273279/datanode-4/data/ratis/7c6cfe10-2f50-49b4-b023-26b22e20355f does not exist. Creating ...
2019-09-12 10:35:42,943 [pool-71-thread-1] INFO  storage.RaftStorageDirectory (RaftStorageDirectory.java:tryLock(328)) - Lock on /workdir/hadoop-ozone/integration-test/target/test-dir/MiniOzoneClusterImpl-37d049c1-8781-4836-8b63-386207273279/datanode-4/data/ratis/7c6cfe10-2f50-49b4-b023-26b22e20355f/in_use.lock acquired by nodename 9512@pr-hdds-1569-58hkm-1881083799
2019-09-12 10:35:42,950 | INFO  | SCMAudit | user=jenkins1000 | ip=192.168.36.114 | op=SEND_HEARTBEAT {datanodeUUID=3ea3aff6-08b9-42c8-836f-7f03e071752a, command=[]} | ret=SUCCESS |  
2019-09-12 10:35:42,966 [pool-71-thread-1] INFO  storage.RaftStorage (RaftStorage.java:format(72)) - Storage directory /workdir/hadoop-ozone/integration-test/target/test-dir/MiniOzoneClusterImpl-37d049c1-8781-4836-8b63-386207273279/datanode-4/data/ratis/7c6cfe10-2f50-49b4-b023-26b22e20355f has been successfully formatted.
2019-09-12 10:35:42,966 [pool-71-thread-1] INFO  ratis.ContainerStateMachine (ContainerStateMachine.java:loadSnapshot(226)) - group-26B22E20355F: The snapshot info is null. Setting the last applied indexto:(t:0, i:~)
2019-09-12 10:35:42,966 [pool-71-thread-1] INFO  server.RaftServerConfigKeys (ConfUtils.java:logGet(43)) - raft.server.leader.election.timeout = 120s (custom)
2019-09-12 10:35:42,967 [pool-71-thread-1] INFO  server.RaftServerConfigKeys (ConfUtils.java:logGet(43)) - raft.server.log.use.memory = false (default)
2019-09-12 10:35:42,967 [pool-71-thread-1] INFO  server.RaftServerConfigKeys (ConfUtils.java:logGet(43)) - raft.server.log.purge.gap = 1000000 (custom)
2019-09-12 10:35:42,967 [pool-71-thread-1] INFO  server.RaftServerConfigKeys (ConfUtils.java:logGet(43)) - raft.server.log.appender.buffer.byte-limit = 33554432 (custom)
2019-09-12 10:35:42,967 [pool-71-thread-1] INFO  server.RaftServerConfigKeys (ConfUtils.java:logGet(43)) - raft.server.log.segment.size.max = 1048576 (custom)
2019-09-12 10:35:42,967 [pool-71-thread-1] INFO  server.RaftServerConfigKeys (ConfUtils.java:logGet(43)) - raft.server.log.segment.cache.num.max = 2 (custom)
2019-09-12 10:35:42,968 [pool-71-thread-1] INFO  segmented.SegmentedRaftLogWorker (SegmentedRaftLogWorker.java:<init>(172)) - new f3c2c8b9-2caa-489c-a85d-e6cb055caf9c-SegmentedRaftLogWorker:Storage Directory /workdir/hadoop-ozone/integration-test/target/test-dir/MiniOzoneClusterImpl-37d049c1-8781-4836-8b63-386207273279/datanode-4/data/ratis/7c6cfe10-2f50-49b4-b023-26b22e20355f for RaftStorage:Storage Directory /workdir/hadoop-ozone/integration-test/target/test-dir/MiniOzoneClusterImpl-37d049c1-8781-4836-8b63-386207273279/datanode-4/data/ratis/7c6cfe10-2f50-49b4-b023-26b22e20355f
2019-09-12 10:35:42,968 [pool-71-thread-1] INFO  server.RaftServerConfigKeys (ConfUtils.java:logGet(43)) - raft.server.log.queue.byte-limit = 2147483647 (custom)
2019-09-12 10:35:42,968 [pool-71-thread-1] INFO  server.RaftServerConfigKeys (ConfUtils.java:logGet(43)) - raft.server.log.queue.element-limit = 1024 (custom)
2019-09-12 10:35:42,968 [pool-71-thread-1] INFO  server.RaftServerConfigKeys (ConfUtils.java:logGet(43)) - raft.server.log.segment.size.max = 1048576 (custom)
2019-09-12 10:35:42,969 [pool-71-thread-1] INFO  server.RaftServerConfigKeys (ConfUtils.java:logGet(43)) - raft.server.log.preallocated.size = 16384 (custom)
2019-09-12 10:35:42,969 [pool-71-thread-1] INFO  server.RaftServerConfigKeys (ConfUtils.java:logGet(43)) - raft.server.log.write.buffer.size = 33554432 (custom)
2019-09-12 10:35:42,969 [pool-71-thread-1] INFO  server.RaftServerConfigKeys (ConfUtils.java:logGet(43)) - raft.server.log.force.sync.num = 128 (default)
2019-09-12 10:35:42,969 [pool-71-thread-1] INFO  server.RaftServerConfigKeys (ConfUtils.java:logGet(43)) - raft.server.log.statemachine.data.sync = true (default)
2019-09-12 10:35:42,969 [pool-71-thread-1] INFO  server.RaftServerConfigKeys (ConfUtils.java:logGet(43)) - raft.server.log.statemachine.data.sync.timeout = 10s (default)
2019-09-12 10:35:42,970 [pool-71-thread-1] INFO  server.RaftServerConfigKeys (ConfUtils.java:logGet(43)) - raft.server.log.statemachine.data.sync.timeout.retry = -1 (default)
2019-09-12 10:35:42,970 [pool-71-thread-1] INFO  server.RaftServerConfigKeys (ConfUtils.java:logGet(43)) - raft.server.log.statemachine.data.caching.enabled = true (custom)
2019-09-12 10:35:42,970 [pool-71-thread-1] INFO  segmented.SegmentedRaftLogWorker (SegmentedRaftLogWorker.java:lambda$new$0(132)) - f3c2c8b9-2caa-489c-a85d-e6cb055caf9c-SegmentedRaftLogWorker:Storage Directory /workdir/hadoop-ozone/integration-test/target/test-dir/MiniOzoneClusterImpl-37d049c1-8781-4836-8b63-386207273279/datanode-4/data/ratis/7c6cfe10-2f50-49b4-b023-26b22e20355f: flushIndex: setUnconditionally 0 -> -1
2019-09-12 10:35:42,971 [pool-71-thread-1] INFO  server.RaftServerConfigKeys (ConfUtils.java:logGet(43)) - raft.server.snapshot.auto.trigger.enabled = true (custom)
2019-09-12 10:35:42,971 [pool-71-thread-1] INFO  server.RaftServerConfigKeys (ConfUtils.java:logGet(43)) - raft.server.snapshot.auto.trigger.threshold = 10000 (custom)
2019-09-12 10:35:42,971 [pool-71-thread-1] INFO  server.RaftServerConfigKeys (ConfUtils.java:logGet(43)) - raft.server.retrycache.expirytime = 600000ms (custom)
2019-09-12 10:35:42,971 [pool-71-thread-1] INFO  impl.RaftServerImpl (RaftServerImpl.java:start(180)) - f3c2c8b9-2caa-489c-a85d-e6cb055caf9c: start group-26B22E20355F
2019-09-12 10:35:42,972 [pool-71-thread-1] INFO  impl.RaftServerImpl (RaftServerImpl.java:setRole(171)) - f3c2c8b9-2caa-489c-a85d-e6cb055caf9c:group-26B22E20355F changes role from null to FOLLOWER at term 0 for startAsFollower
2019-09-12 10:35:42,972 [pool-71-thread-1] INFO  impl.RoleInfo (RoleInfo.java:updateAndGet(143)) - f3c2c8b9-2caa-489c-a85d-e6cb055caf9c: start FollowerState
2019-09-12 10:35:42,972 [pool-71-thread-1] INFO  util.JmxRegister (JmxRegister.java:tryRegister(44)) - Successfully registered JMX Bean with object name Ratis:service=RaftServer,group=group-26B22E20355F,id=f3c2c8b9-2caa-489c-a85d-e6cb055caf9c
2019-09-12 10:35:42,993 [RatisPipelineUtilsThread] INFO  pipeline.PipelineStateManager (PipelineStateManager.java:addPipeline(56)) - Created pipeline Pipeline[ Id: 7c6cfe10-2f50-49b4-b023-26b22e20355f, Nodes: f3c2c8b9-2caa-489c-a85d-e6cb055caf9c{ip: 192.168.36.114, host: pr-hdds-1569-58hkm-1881083799, networkLocation: /default-rack, certSerialId: null}, Type:RATIS, Factor:ONE, State:OPEN]
2019-09-12 10:35:43,013 [grpc-default-executor-0] INFO  impl.RaftServerProxy (RaftServerProxy.java:addNew(89)) - fe225ea7-028a-4076-a3b3-dba0461d638a: addNew group-C245D0C67F5D:[fe225ea7-028a-4076-a3b3-dba0461d638a:192.168.36.114:45997] returns group-C245D0C67F5D:java.util.concurrent.CompletableFuture@5c2fdc83[Not completed]
2019-09-12 10:35:43,018 [pool-49-thread-1] INFO  impl.RaftServerImpl (RaftServerImpl.java:<init>(93)) - fe225ea7-028a-4076-a3b3-dba0461d638a: new RaftServerImpl for group-C245D0C67F5D:[fe225ea7-028a-4076-a3b3-dba0461d638a:192.168.36.114:45997] with ContainerStateMachine:uninitialized
2019-09-12 10:35:43,019 [pool-49-thread-1] INFO  server.RaftServerConfigKeys (ConfUtils.java:logGet(43)) - raft.server.rpc.timeout.min = 5s (custom)
2019-09-12 10:35:43,019 [pool-49-thread-1] INFO  server.RaftServerConfigKeys (ConfUtils.java:logGet(43)) - raft.server.rpc.timeout.max = 5200ms (custom)
2019-09-12 10:35:43,019 [pool-49-thread-1] INFO  server.RaftServerConfigKeys (ConfUtils.java:logGet(43)) - raft.server.rpcslowness.timeout = 120s (custom)
2019-09-12 10:35:43,019 [pool-49-thread-1] INFO  server.RaftServerConfigKeys (ConfUtils.java:logGet(43)) - raft.server.sleep.deviation.threshold = 300 (default)
2019-09-12 10:35:43,019 [pool-49-thread-1] INFO  server.RaftServerConfigKeys (ConfUtils.java:logGet(43)) - raft.server.log.appender.install.snapshot.enabled = false (custom)
2019-09-12 10:35:43,020 [pool-49-thread-1] INFO  impl.RaftServerImpl (ServerState.java:<init>(105)) - fe225ea7-028a-4076-a3b3-dba0461d638a:group-C245D0C67F5D ConfigurationManager, init=-1: [fe225ea7-028a-4076-a3b3-dba0461d638a:192.168.36.114:45997], old=null, confs=<EMPTY_MAP>
2019-09-12 10:35:43,020 [pool-49-thread-1] INFO  server.RaftServerConfigKeys (ConfUtils.java:logGet(43)) - raft.server.storage.dir = [/workdir/hadoop-ozone/integration-test/target/test-dir/MiniOzoneClusterImpl-37d049c1-8781-4836-8b63-386207273279/datanode-2/data/ratis] (custom)
2019-09-12 10:35:43,021 [pool-49-thread-1] INFO  storage.RaftStorageDirectory (RaftStorageDirectory.java:analyzeStorage(246)) - The storage directory /workdir/hadoop-ozone/integration-test/target/test-dir/MiniOzoneClusterImpl-37d049c1-8781-4836-8b63-386207273279/datanode-2/data/ratis/5c4c76d7-6882-4cd5-a237-c245d0c67f5d does not exist. Creating ...
2019-09-12 10:35:43,034 [pool-49-thread-1] INFO  storage.RaftStorageDirectory (RaftStorageDirectory.java:tryLock(328)) - Lock on /workdir/hadoop-ozone/integration-test/target/test-dir/MiniOzoneClusterImpl-37d049c1-8781-4836-8b63-386207273279/datanode-2/data/ratis/5c4c76d7-6882-4cd5-a237-c245d0c67f5d/in_use.lock acquired by nodename 9512@pr-hdds-1569-58hkm-1881083799
2019-09-12 10:35:43,048 [pool-49-thread-1] INFO  storage.RaftStorage (RaftStorage.java:format(72)) - Storage directory /workdir/hadoop-ozone/integration-test/target/test-dir/MiniOzoneClusterImpl-37d049c1-8781-4836-8b63-386207273279/datanode-2/data/ratis/5c4c76d7-6882-4cd5-a237-c245d0c67f5d has been successfully formatted.
2019-09-12 10:35:43,049 [pool-49-thread-1] INFO  ratis.ContainerStateMachine (ContainerStateMachine.java:loadSnapshot(226)) - group-C245D0C67F5D: The snapshot info is null. Setting the last applied indexto:(t:0, i:~)
2019-09-12 10:35:43,049 [pool-49-thread-1] INFO  server.RaftServerConfigKeys (ConfUtils.java:logGet(43)) - raft.server.leader.election.timeout = 120s (custom)
2019-09-12 10:35:43,049 [pool-49-thread-1] INFO  server.RaftServerConfigKeys (ConfUtils.java:logGet(43)) - raft.server.log.use.memory = false (default)
2019-09-12 10:35:43,049 [pool-49-thread-1] INFO  server.RaftServerConfigKeys (ConfUtils.java:logGet(43)) - raft.server.log.purge.gap = 1000000 (custom)
2019-09-12 10:35:43,049 [pool-49-thread-1] INFO  server.RaftServerConfigKeys (ConfUtils.java:logGet(43)) - raft.server.log.appender.buffer.byte-limit = 33554432 (custom)
2019-09-12 10:35:43,049 [pool-49-thread-1] INFO  server.RaftServerConfigKeys (ConfUtils.java:logGet(43)) - raft.server.log.segment.size.max = 1048576 (custom)
2019-09-12 10:35:43,050 [pool-49-thread-1] INFO  server.RaftServerConfigKeys (ConfUtils.java:logGet(43)) - raft.server.log.segment.cache.num.max = 2 (custom)
2019-09-12 10:35:43,050 [pool-49-thread-1] INFO  segmented.SegmentedRaftLogWorker (SegmentedRaftLogWorker.java:<init>(172)) - new fe225ea7-028a-4076-a3b3-dba0461d638a-SegmentedRaftLogWorker:Storage Directory /workdir/hadoop-ozone/integration-test/target/test-dir/MiniOzoneClusterImpl-37d049c1-8781-4836-8b63-386207273279/datanode-2/data/ratis/5c4c76d7-6882-4cd5-a237-c245d0c67f5d for RaftStorage:Storage Directory /workdir/hadoop-ozone/integration-test/target/test-dir/MiniOzoneClusterImpl-37d049c1-8781-4836-8b63-386207273279/datanode-2/data/ratis/5c4c76d7-6882-4cd5-a237-c245d0c67f5d
2019-09-12 10:35:43,050 [pool-49-thread-1] INFO  server.RaftServerConfigKeys (ConfUtils.java:logGet(43)) - raft.server.log.queue.byte-limit = 2147483647 (custom)
2019-09-12 10:35:43,050 [pool-49-thread-1] INFO  server.RaftServerConfigKeys (ConfUtils.java:logGet(43)) - raft.server.log.queue.element-limit = 1024 (custom)
2019-09-12 10:35:43,050 [pool-49-thread-1] INFO  server.RaftServerConfigKeys (ConfUtils.java:logGet(43)) - raft.server.log.segment.size.max = 1048576 (custom)
2019-09-12 10:35:43,051 [pool-49-thread-1] INFO  server.RaftServerConfigKeys (ConfUtils.java:logGet(43)) - raft.server.log.preallocated.size = 16384 (custom)
2019-09-12 10:35:43,051 [pool-49-thread-1] INFO  server.RaftServerConfigKeys (ConfUtils.java:logGet(43)) - raft.server.log.write.buffer.size = 33554432 (custom)
2019-09-12 10:35:43,051 [pool-49-thread-1] INFO  server.RaftServerConfigKeys (ConfUtils.java:logGet(43)) - raft.server.log.force.sync.num = 128 (default)
2019-09-12 10:35:43,051 [pool-49-thread-1] INFO  server.RaftServerConfigKeys (ConfUtils.java:logGet(43)) - raft.server.log.statemachine.data.sync = true (default)
2019-09-12 10:35:43,051 [pool-49-thread-1] INFO  server.RaftServerConfigKeys (ConfUtils.java:logGet(43)) - raft.server.log.statemachine.data.sync.timeout = 10s (default)
2019-09-12 10:35:43,051 [pool-49-thread-1] INFO  server.RaftServerConfigKeys (ConfUtils.java:logGet(43)) - raft.server.log.statemachine.data.sync.timeout.retry = -1 (default)
2019-09-12 10:35:43,052 [pool-49-thread-1] INFO  server.RaftServerConfigKeys (ConfUtils.java:logGet(43)) - raft.server.log.statemachine.data.caching.enabled = true (custom)
2019-09-12 10:35:43,052 [pool-49-thread-1] INFO  segmented.SegmentedRaftLogWorker (SegmentedRaftLogWorker.java:lambda$new$0(132)) - fe225ea7-028a-4076-a3b3-dba0461d638a-SegmentedRaftLogWorker:Storage Directory /workdir/hadoop-ozone/integration-test/target/test-dir/MiniOzoneClusterImpl-37d049c1-8781-4836-8b63-386207273279/datanode-2/data/ratis/5c4c76d7-6882-4cd5-a237-c245d0c67f5d: flushIndex: setUnconditionally 0 -> -1
2019-09-12 10:35:43,052 [pool-49-thread-1] INFO  server.RaftServerConfigKeys (ConfUtils.java:logGet(43)) - raft.server.snapshot.auto.trigger.enabled = true (custom)
2019-09-12 10:35:43,052 [pool-49-thread-1] INFO  server.RaftServerConfigKeys (ConfUtils.java:logGet(43)) - raft.server.snapshot.auto.trigger.threshold = 10000 (custom)
2019-09-12 10:35:43,053 [pool-49-thread-1] INFO  server.RaftServerConfigKeys (ConfUtils.java:logGet(43)) - raft.server.retrycache.expirytime = 600000ms (custom)
2019-09-12 10:35:43,053 [pool-49-thread-1] INFO  impl.RaftServerImpl (RaftServerImpl.java:start(180)) - fe225ea7-028a-4076-a3b3-dba0461d638a: start group-C245D0C67F5D
2019-09-12 10:35:43,053 [pool-49-thread-1] INFO  impl.RaftServerImpl (RaftServerImpl.java:setRole(171)) - fe225ea7-028a-4076-a3b3-dba0461d638a:group-C245D0C67F5D changes role from null to FOLLOWER at term 0 for startAsFollower
2019-09-12 10:35:43,053 [pool-49-thread-1] INFO  impl.RoleInfo (RoleInfo.java:updateAndGet(143)) - fe225ea7-028a-4076-a3b3-dba0461d638a: start FollowerState
2019-09-12 10:35:43,053 [pool-49-thread-1] INFO  util.JmxRegister (JmxRegister.java:tryRegister(44)) - Successfully registered JMX Bean with object name Ratis:service=RaftServer,group=group-C245D0C67F5D,id=fe225ea7-028a-4076-a3b3-dba0461d638a
2019-09-12 10:35:43,067 [RatisPipelineUtilsThread] INFO  pipeline.PipelineStateManager (PipelineStateManager.java:addPipeline(56)) - Created pipeline Pipeline[ Id: 5c4c76d7-6882-4cd5-a237-c245d0c67f5d, Nodes: fe225ea7-028a-4076-a3b3-dba0461d638a{ip: 192.168.36.114, host: pr-hdds-1569-58hkm-1881083799, networkLocation: /default-rack, certSerialId: null}, Type:RATIS, Factor:ONE, State:OPEN]
2019-09-12 10:35:43,081 [grpc-default-executor-0] INFO  impl.RaftServerProxy (RaftServerProxy.java:addNew(89)) - 3ea3aff6-08b9-42c8-836f-7f03e071752a: addNew group-6D7A1B88E50E:[3ea3aff6-08b9-42c8-836f-7f03e071752a:192.168.36.114:46411] returns group-6D7A1B88E50E:java.util.concurrent.CompletableFuture@6a57c439[Not completed]
2019-09-12 10:35:43,083 [pool-38-thread-1] INFO  impl.RaftServerImpl (RaftServerImpl.java:<init>(93)) - 3ea3aff6-08b9-42c8-836f-7f03e071752a: new RaftServerImpl for group-6D7A1B88E50E:[3ea3aff6-08b9-42c8-836f-7f03e071752a:192.168.36.114:46411] with ContainerStateMachine:uninitialized
2019-09-12 10:35:43,083 [pool-38-thread-1] INFO  server.RaftServerConfigKeys (ConfUtils.java:logGet(43)) - raft.server.rpc.timeout.min = 5s (custom)
2019-09-12 10:35:43,083 [pool-38-thread-1] INFO  server.RaftServerConfigKeys (ConfUtils.java:logGet(43)) - raft.server.rpc.timeout.max = 5200ms (custom)
2019-09-12 10:35:43,083 [pool-38-thread-1] INFO  server.RaftServerConfigKeys (ConfUtils.java:logGet(43)) - raft.server.rpcslowness.timeout = 120s (custom)
2019-09-12 10:35:43,084 [pool-38-thread-1] INFO  server.RaftServerConfigKeys (ConfUtils.java:logGet(43)) - raft.server.sleep.deviation.threshold = 300 (default)
2019-09-12 10:35:43,084 [pool-38-thread-1] INFO  server.RaftServerConfigKeys (ConfUtils.java:logGet(43)) - raft.server.log.appender.install.snapshot.enabled = false (custom)
2019-09-12 10:35:43,084 [pool-38-thread-1] INFO  impl.RaftServerImpl (ServerState.java:<init>(105)) - 3ea3aff6-08b9-42c8-836f-7f03e071752a:group-6D7A1B88E50E ConfigurationManager, init=-1: [3ea3aff6-08b9-42c8-836f-7f03e071752a:192.168.36.114:46411], old=null, confs=<EMPTY_MAP>
2019-09-12 10:35:43,084 [pool-38-thread-1] INFO  server.RaftServerConfigKeys (ConfUtils.java:logGet(43)) - raft.server.storage.dir = [/workdir/hadoop-ozone/integration-test/target/test-dir/MiniOzoneClusterImpl-37d049c1-8781-4836-8b63-386207273279/datanode-1/data/ratis] (custom)
2019-09-12 10:35:43,084 [pool-38-thread-1] INFO  storage.RaftStorageDirectory (RaftStorageDirectory.java:analyzeStorage(246)) - The storage directory /workdir/hadoop-ozone/integration-test/target/test-dir/MiniOzoneClusterImpl-37d049c1-8781-4836-8b63-386207273279/datanode-1/data/ratis/8fc52405-ff02-4390-99ff-6d7a1b88e50e does not exist. Creating ...
2019-09-12 10:35:43,099 [pool-38-thread-1] INFO  storage.RaftStorageDirectory (RaftStorageDirectory.java:tryLock(328)) - Lock on /workdir/hadoop-ozone/integration-test/target/test-dir/MiniOzoneClusterImpl-37d049c1-8781-4836-8b63-386207273279/datanode-1/data/ratis/8fc52405-ff02-4390-99ff-6d7a1b88e50e/in_use.lock acquired by nodename 9512@pr-hdds-1569-58hkm-1881083799
2019-09-12 10:35:43,107 [IPC Server handler 2 on 34177] INFO  net.NetworkTopology (NetworkTopologyImpl.java:add(110)) - Added a new node: /default-rack/0a9130e0-9a35-4f66-8d33-a89a6f54c6a4
2019-09-12 10:35:43,107 [IPC Server handler 2 on 34177] INFO  node.SCMNodeManager (SCMNodeManager.java:register(273)) - Registered Data node : 0a9130e0-9a35-4f66-8d33-a89a6f54c6a4{ip: 192.168.36.114, host: pr-hdds-1569-58hkm-1881083799, networkLocation: /default-rack, certSerialId: null}
2019-09-12 10:35:43,108 | INFO  | SCMAudit | user=jenkins1000 | ip=192.168.36.114 | op=REGISTER {datanodeDetails=0a9130e0-9a35-4f66-8d33-a89a6f54c6a4{ip: 192.168.36.114, host: pr-hdds-1569-58hkm-1881083799, networkLocation: /default-rack, certSerialId: null}} | ret=SUCCESS |  
2019-09-12 10:35:43,108 [main] INFO  ozone.MiniOzoneClusterImpl (MiniOzoneClusterImpl.java:lambda$waitForClusterToBeReady$0(142)) - Cluster is ready. Got 10 of 10 DN Heartbeats.
2019-09-12 10:35:43,123 [pool-38-thread-1] INFO  storage.RaftStorage (RaftStorage.java:format(72)) - Storage directory /workdir/hadoop-ozone/integration-test/target/test-dir/MiniOzoneClusterImpl-37d049c1-8781-4836-8b63-386207273279/datanode-1/data/ratis/8fc52405-ff02-4390-99ff-6d7a1b88e50e has been successfully formatted.
2019-09-12 10:35:43,124 [pool-38-thread-1] INFO  ratis.ContainerStateMachine (ContainerStateMachine.java:loadSnapshot(226)) - group-6D7A1B88E50E: The snapshot info is null. Setting the last applied indexto:(t:0, i:~)
2019-09-12 10:35:43,124 [pool-38-thread-1] INFO  server.RaftServerConfigKeys (ConfUtils.java:logGet(43)) - raft.server.leader.election.timeout = 120s (custom)
2019-09-12 10:35:43,124 [pool-38-thread-1] INFO  server.RaftServerConfigKeys (ConfUtils.java:logGet(43)) - raft.server.log.use.memory = false (default)
2019-09-12 10:35:43,124 [pool-38-thread-1] INFO  server.RaftServerConfigKeys (ConfUtils.java:logGet(43)) - raft.server.log.purge.gap = 1000000 (custom)
2019-09-12 10:35:43,124 [pool-38-thread-1] INFO  server.RaftServerConfigKeys (ConfUtils.java:logGet(43)) - raft.server.log.appender.buffer.byte-limit = 33554432 (custom)
2019-09-12 10:35:43,124 [pool-38-thread-1] INFO  server.RaftServerConfigKeys (ConfUtils.java:logGet(43)) - raft.server.log.segment.size.max = 1048576 (custom)
2019-09-12 10:35:43,125 [pool-38-thread-1] INFO  server.RaftServerConfigKeys (ConfUtils.java:logGet(43)) - raft.server.log.segment.cache.num.max = 2 (custom)
2019-09-12 10:35:43,125 [pool-38-thread-1] INFO  segmented.SegmentedRaftLogWorker (SegmentedRaftLogWorker.java:<init>(172)) - new 3ea3aff6-08b9-42c8-836f-7f03e071752a-SegmentedRaftLogWorker:Storage Directory /workdir/hadoop-ozone/integration-test/target/test-dir/MiniOzoneClusterImpl-37d049c1-8781-4836-8b63-386207273279/datanode-1/data/ratis/8fc52405-ff02-4390-99ff-6d7a1b88e50e for RaftStorage:Storage Directory /workdir/hadoop-ozone/integration-test/target/test-dir/MiniOzoneClusterImpl-37d049c1-8781-4836-8b63-386207273279/datanode-1/data/ratis/8fc52405-ff02-4390-99ff-6d7a1b88e50e
2019-09-12 10:35:43,125 [pool-38-thread-1] INFO  server.RaftServerConfigKeys (ConfUtils.java:logGet(43)) - raft.server.log.queue.byte-limit = 2147483647 (custom)
2019-09-12 10:35:43,125 [pool-38-thread-1] INFO  server.RaftServerConfigKeys (ConfUtils.java:logGet(43)) - raft.server.log.queue.element-limit = 1024 (custom)
2019-09-12 10:35:43,125 [pool-38-thread-1] INFO  server.RaftServerConfigKeys (ConfUtils.java:logGet(43)) - raft.server.log.segment.size.max = 1048576 (custom)
2019-09-12 10:35:43,125 [pool-38-thread-1] INFO  server.RaftServerConfigKeys (ConfUtils.java:logGet(43)) - raft.server.log.preallocated.size = 16384 (custom)
2019-09-12 10:35:43,125 [pool-38-thread-1] INFO  server.RaftServerConfigKeys (ConfUtils.java:logGet(43)) - raft.server.log.write.buffer.size = 33554432 (custom)
2019-09-12 10:35:43,125 [pool-38-thread-1] INFO  server.RaftServerConfigKeys (ConfUtils.java:logGet(43)) - raft.server.log.force.sync.num = 128 (default)
2019-09-12 10:35:43,126 [pool-38-thread-1] INFO  server.RaftServerConfigKeys (ConfUtils.java:logGet(43)) - raft.server.log.statemachine.data.sync = true (default)
2019-09-12 10:35:43,126 [pool-38-thread-1] INFO  server.RaftServerConfigKeys (ConfUtils.java:logGet(43)) - raft.server.log.statemachine.data.sync.timeout = 10s (default)
2019-09-12 10:35:43,126 [pool-38-thread-1] INFO  server.RaftServerConfigKeys (ConfUtils.java:logGet(43)) - raft.server.log.statemachine.data.sync.timeout.retry = -1 (default)
2019-09-12 10:35:43,126 [pool-38-thread-1] INFO  server.RaftServerConfigKeys (ConfUtils.java:logGet(43)) - raft.server.log.statemachine.data.caching.enabled = true (custom)
2019-09-12 10:35:43,126 [pool-38-thread-1] INFO  segmented.SegmentedRaftLogWorker (SegmentedRaftLogWorker.java:lambda$new$0(132)) - 3ea3aff6-08b9-42c8-836f-7f03e071752a-SegmentedRaftLogWorker:Storage Directory /workdir/hadoop-ozone/integration-test/target/test-dir/MiniOzoneClusterImpl-37d049c1-8781-4836-8b63-386207273279/datanode-1/data/ratis/8fc52405-ff02-4390-99ff-6d7a1b88e50e: flushIndex: setUnconditionally 0 -> -1
2019-09-12 10:35:43,127 [pool-38-thread-1] INFO  server.RaftServerConfigKeys (ConfUtils.java:logGet(43)) - raft.server.snapshot.auto.trigger.enabled = true (custom)
2019-09-12 10:35:43,127 [pool-38-thread-1] INFO  server.RaftServerConfigKeys (ConfUtils.java:logGet(43)) - raft.server.snapshot.auto.trigger.threshold = 10000 (custom)
2019-09-12 10:35:43,127 [pool-38-thread-1] INFO  server.RaftServerConfigKeys (ConfUtils.java:logGet(43)) - raft.server.retrycache.expirytime = 600000ms (custom)
2019-09-12 10:35:43,127 [pool-38-thread-1] INFO  impl.RaftServerImpl (RaftServerImpl.java:start(180)) - 3ea3aff6-08b9-42c8-836f-7f03e071752a: start group-6D7A1B88E50E
2019-09-12 10:35:43,127 [pool-38-thread-1] INFO  impl.RaftServerImpl (RaftServerImpl.java:setRole(171)) - 3ea3aff6-08b9-42c8-836f-7f03e071752a:group-6D7A1B88E50E changes role from null to FOLLOWER at term 0 for startAsFollower
2019-09-12 10:35:43,127 [pool-38-thread-1] INFO  impl.RoleInfo (RoleInfo.java:updateAndGet(143)) - 3ea3aff6-08b9-42c8-836f-7f03e071752a: start FollowerState
2019-09-12 10:35:43,128 [pool-38-thread-1] INFO  util.JmxRegister (JmxRegister.java:tryRegister(44)) - Successfully registered JMX Bean with object name Ratis:service=RaftServer,group=group-6D7A1B88E50E,id=3ea3aff6-08b9-42c8-836f-7f03e071752a
2019-09-12 10:35:43,148 [RatisPipelineUtilsThread] INFO  pipeline.PipelineStateManager (PipelineStateManager.java:addPipeline(56)) - Created pipeline Pipeline[ Id: 8fc52405-ff02-4390-99ff-6d7a1b88e50e, Nodes: 3ea3aff6-08b9-42c8-836f-7f03e071752a{ip: 192.168.36.114, host: pr-hdds-1569-58hkm-1881083799, networkLocation: /default-rack, certSerialId: null}, Type:RATIS, Factor:ONE, State:OPEN]
2019-09-12 10:35:43,176 [grpc-default-executor-0] INFO  impl.RaftServerProxy (RaftServerProxy.java:addNew(89)) - e888d92f-5ff8-4b8f-9926-c0c6217791b7: addNew group-E7F473FFBB7E:[e888d92f-5ff8-4b8f-9926-c0c6217791b7:192.168.36.114:44342] returns group-E7F473FFBB7E:java.util.concurrent.CompletableFuture@3f2935b6[Not completed]
2019-09-12 10:35:43,188 [pool-27-thread-1] INFO  impl.RaftServerImpl (RaftServerImpl.java:<init>(93)) - e888d92f-5ff8-4b8f-9926-c0c6217791b7: new RaftServerImpl for group-E7F473FFBB7E:[e888d92f-5ff8-4b8f-9926-c0c6217791b7:192.168.36.114:44342] with ContainerStateMachine:uninitialized
2019-09-12 10:35:43,188 [pool-27-thread-1] INFO  server.RaftServerConfigKeys (ConfUtils.java:logGet(43)) - raft.server.rpc.timeout.min = 5s (custom)
2019-09-12 10:35:43,188 [pool-27-thread-1] INFO  server.RaftServerConfigKeys (ConfUtils.java:logGet(43)) - raft.server.rpc.timeout.max = 5200ms (custom)
2019-09-12 10:35:43,188 [pool-27-thread-1] INFO  server.RaftServerConfigKeys (ConfUtils.java:logGet(43)) - raft.server.rpcslowness.timeout = 120s (custom)
2019-09-12 10:35:43,189 [pool-27-thread-1] INFO  server.RaftServerConfigKeys (ConfUtils.java:logGet(43)) - raft.server.sleep.deviation.threshold = 300 (default)
2019-09-12 10:35:43,189 [pool-27-thread-1] INFO  server.RaftServerConfigKeys (ConfUtils.java:logGet(43)) - raft.server.log.appender.install.snapshot.enabled = false (custom)
2019-09-12 10:35:43,189 [pool-27-thread-1] INFO  impl.RaftServerImpl (ServerState.java:<init>(105)) - e888d92f-5ff8-4b8f-9926-c0c6217791b7:group-E7F473FFBB7E ConfigurationManager, init=-1: [e888d92f-5ff8-4b8f-9926-c0c6217791b7:192.168.36.114:44342], old=null, confs=<EMPTY_MAP>
2019-09-12 10:35:43,189 [pool-27-thread-1] INFO  server.RaftServerConfigKeys (ConfUtils.java:logGet(43)) - raft.server.storage.dir = [/workdir/hadoop-ozone/integration-test/target/test-dir/MiniOzoneClusterImpl-37d049c1-8781-4836-8b63-386207273279/datanode-0/data/ratis] (custom)
2019-09-12 10:35:43,190 [pool-27-thread-1] INFO  storage.RaftStorageDirectory (RaftStorageDirectory.java:analyzeStorage(246)) - The storage directory /workdir/hadoop-ozone/integration-test/target/test-dir/MiniOzoneClusterImpl-37d049c1-8781-4836-8b63-386207273279/datanode-0/data/ratis/4f82dea7-986c-4125-b3a8-e7f473ffbb7e does not exist. Creating ...
2019-09-12 10:35:43,223 [pool-27-thread-1] INFO  storage.RaftStorageDirectory (RaftStorageDirectory.java:tryLock(328)) - Lock on /workdir/hadoop-ozone/integration-test/target/test-dir/MiniOzoneClusterImpl-37d049c1-8781-4836-8b63-386207273279/datanode-0/data/ratis/4f82dea7-986c-4125-b3a8-e7f473ffbb7e/in_use.lock acquired by nodename 9512@pr-hdds-1569-58hkm-1881083799
2019-09-12 10:35:43,236 [pool-27-thread-1] INFO  storage.RaftStorage (RaftStorage.java:format(72)) - Storage directory /workdir/hadoop-ozone/integration-test/target/test-dir/MiniOzoneClusterImpl-37d049c1-8781-4836-8b63-386207273279/datanode-0/data/ratis/4f82dea7-986c-4125-b3a8-e7f473ffbb7e has been successfully formatted.
2019-09-12 10:35:43,236 [pool-27-thread-1] INFO  ratis.ContainerStateMachine (ContainerStateMachine.java:loadSnapshot(226)) - group-E7F473FFBB7E: The snapshot info is null. Setting the last applied indexto:(t:0, i:~)
2019-09-12 10:35:43,236 [pool-27-thread-1] INFO  server.RaftServerConfigKeys (ConfUtils.java:logGet(43)) - raft.server.leader.election.timeout = 120s (custom)
2019-09-12 10:35:43,236 [pool-27-thread-1] INFO  server.RaftServerConfigKeys (ConfUtils.java:logGet(43)) - raft.server.log.use.memory = false (default)
2019-09-12 10:35:43,237 [pool-27-thread-1] INFO  server.RaftServerConfigKeys (ConfUtils.java:logGet(43)) - raft.server.log.purge.gap = 1000000 (custom)
2019-09-12 10:35:43,237 [pool-27-thread-1] INFO  server.RaftServerConfigKeys (ConfUtils.java:logGet(43)) - raft.server.log.appender.buffer.byte-limit = 33554432 (custom)
2019-09-12 10:35:43,237 [pool-27-thread-1] INFO  server.RaftServerConfigKeys (ConfUtils.java:logGet(43)) - raft.server.log.segment.size.max = 1048576 (custom)
2019-09-12 10:35:43,237 [pool-27-thread-1] INFO  server.RaftServerConfigKeys (ConfUtils.java:logGet(43)) - raft.server.log.segment.cache.num.max = 2 (custom)
2019-09-12 10:35:43,237 [pool-27-thread-1] INFO  segmented.SegmentedRaftLogWorker (SegmentedRaftLogWorker.java:<init>(172)) - new e888d92f-5ff8-4b8f-9926-c0c6217791b7-SegmentedRaftLogWorker:Storage Directory /workdir/hadoop-ozone/integration-test/target/test-dir/MiniOzoneClusterImpl-37d049c1-8781-4836-8b63-386207273279/datanode-0/data/ratis/4f82dea7-986c-4125-b3a8-e7f473ffbb7e for RaftStorage:Storage Directory /workdir/hadoop-ozone/integration-test/target/test-dir/MiniOzoneClusterImpl-37d049c1-8781-4836-8b63-386207273279/datanode-0/data/ratis/4f82dea7-986c-4125-b3a8-e7f473ffbb7e
2019-09-12 10:35:43,237 [pool-27-thread-1] INFO  server.RaftServerConfigKeys (ConfUtils.java:logGet(43)) - raft.server.log.queue.byte-limit = 2147483647 (custom)
2019-09-12 10:35:43,237 [pool-27-thread-1] INFO  server.RaftServerConfigKeys (ConfUtils.java:logGet(43)) - raft.server.log.queue.element-limit = 1024 (custom)
2019-09-12 10:35:43,237 [pool-27-thread-1] INFO  server.RaftServerConfigKeys (ConfUtils.java:logGet(43)) - raft.server.log.segment.size.max = 1048576 (custom)
2019-09-12 10:35:43,238 [pool-27-thread-1] INFO  server.RaftServerConfigKeys (ConfUtils.java:logGet(43)) - raft.server.log.preallocated.size = 16384 (custom)
2019-09-12 10:35:43,238 [pool-27-thread-1] INFO  server.RaftServerConfigKeys (ConfUtils.java:logGet(43)) - raft.server.log.write.buffer.size = 33554432 (custom)
2019-09-12 10:35:43,238 [pool-27-thread-1] INFO  server.RaftServerConfigKeys (ConfUtils.java:logGet(43)) - raft.server.log.force.sync.num = 128 (default)
2019-09-12 10:35:43,238 [pool-27-thread-1] INFO  server.RaftServerConfigKeys (ConfUtils.java:logGet(43)) - raft.server.log.statemachine.data.sync = true (default)
2019-09-12 10:35:43,238 [pool-27-thread-1] INFO  server.RaftServerConfigKeys (ConfUtils.java:logGet(43)) - raft.server.log.statemachine.data.sync.timeout = 10s (default)
2019-09-12 10:35:43,238 [pool-27-thread-1] INFO  server.RaftServerConfigKeys (ConfUtils.java:logGet(43)) - raft.server.log.statemachine.data.sync.timeout.retry = -1 (default)
2019-09-12 10:35:43,238 [pool-27-thread-1] INFO  server.RaftServerConfigKeys (ConfUtils.java:logGet(43)) - raft.server.log.statemachine.data.caching.enabled = true (custom)
2019-09-12 10:35:43,239 [pool-27-thread-1] INFO  segmented.SegmentedRaftLogWorker (SegmentedRaftLogWorker.java:lambda$new$0(132)) - e888d92f-5ff8-4b8f-9926-c0c6217791b7-SegmentedRaftLogWorker:Storage Directory /workdir/hadoop-ozone/integration-test/target/test-dir/MiniOzoneClusterImpl-37d049c1-8781-4836-8b63-386207273279/datanode-0/data/ratis/4f82dea7-986c-4125-b3a8-e7f473ffbb7e: flushIndex: setUnconditionally 0 -> -1
2019-09-12 10:35:43,239 [pool-27-thread-1] INFO  server.RaftServerConfigKeys (ConfUtils.java:logGet(43)) - raft.server.snapshot.auto.trigger.enabled = true (custom)
2019-09-12 10:35:43,239 [pool-27-thread-1] INFO  server.RaftServerConfigKeys (ConfUtils.java:logGet(43)) - raft.server.snapshot.auto.trigger.threshold = 10000 (custom)
2019-09-12 10:35:43,239 [pool-27-thread-1] INFO  server.RaftServerConfigKeys (ConfUtils.java:logGet(43)) - raft.server.retrycache.expirytime = 600000ms (custom)
2019-09-12 10:35:43,240 [pool-27-thread-1] INFO  impl.RaftServerImpl (RaftServerImpl.java:start(180)) - e888d92f-5ff8-4b8f-9926-c0c6217791b7: start group-E7F473FFBB7E
2019-09-12 10:35:43,240 [pool-27-thread-1] INFO  impl.RaftServerImpl (RaftServerImpl.java:setRole(171)) - e888d92f-5ff8-4b8f-9926-c0c6217791b7:group-E7F473FFBB7E changes role from null to FOLLOWER at term 0 for startAsFollower
2019-09-12 10:35:43,240 [pool-27-thread-1] INFO  impl.RoleInfo (RoleInfo.java:updateAndGet(143)) - e888d92f-5ff8-4b8f-9926-c0c6217791b7: start FollowerState
2019-09-12 10:35:43,240 [pool-27-thread-1] INFO  util.JmxRegister (JmxRegister.java:tryRegister(44)) - Successfully registered JMX Bean with object name Ratis:service=RaftServer,group=group-E7F473FFBB7E,id=e888d92f-5ff8-4b8f-9926-c0c6217791b7
2019-09-12 10:35:43,253 [RatisPipelineUtilsThread] INFO  pipeline.PipelineStateManager (PipelineStateManager.java:addPipeline(56)) - Created pipeline Pipeline[ Id: 4f82dea7-986c-4125-b3a8-e7f473ffbb7e, Nodes: e888d92f-5ff8-4b8f-9926-c0c6217791b7{ip: 192.168.36.114, host: pr-hdds-1569-58hkm-1881083799, networkLocation: /default-rack, certSerialId: null}, Type:RATIS, Factor:ONE, State:OPEN]
2019-09-12 10:35:43,268 [grpc-default-executor-0] INFO  impl.RaftServerProxy (RaftServerProxy.java:addNew(89)) - b4faf84d-881e-452e-9abc-9848f28c1b42: addNew group-2735741EDBB7:[b4faf84d-881e-452e-9abc-9848f28c1b42:192.168.36.114:44842] returns group-2735741EDBB7:java.util.concurrent.CompletableFuture@174895d5[Not completed]
2019-09-12 10:35:43,276 [pool-93-thread-1] INFO  impl.RaftServerImpl (RaftServerImpl.java:<init>(93)) - b4faf84d-881e-452e-9abc-9848f28c1b42: new RaftServerImpl for group-2735741EDBB7:[b4faf84d-881e-452e-9abc-9848f28c1b42:192.168.36.114:44842] with ContainerStateMachine:uninitialized
2019-09-12 10:35:43,276 [pool-93-thread-1] INFO  server.RaftServerConfigKeys (ConfUtils.java:logGet(43)) - raft.server.rpc.timeout.min = 5s (custom)
2019-09-12 10:35:43,276 [pool-93-thread-1] INFO  server.RaftServerConfigKeys (ConfUtils.java:logGet(43)) - raft.server.rpc.timeout.max = 5200ms (custom)
2019-09-12 10:35:43,276 [pool-93-thread-1] INFO  server.RaftServerConfigKeys (ConfUtils.java:logGet(43)) - raft.server.rpcslowness.timeout = 120s (custom)
2019-09-12 10:35:43,277 [pool-93-thread-1] INFO  server.RaftServerConfigKeys (ConfUtils.java:logGet(43)) - raft.server.sleep.deviation.threshold = 300 (default)
2019-09-12 10:35:43,277 [pool-93-thread-1] INFO  server.RaftServerConfigKeys (ConfUtils.java:logGet(43)) - raft.server.log.appender.install.snapshot.enabled = false (custom)
2019-09-12 10:35:43,277 [pool-93-thread-1] INFO  impl.RaftServerImpl (ServerState.java:<init>(105)) - b4faf84d-881e-452e-9abc-9848f28c1b42:group-2735741EDBB7 ConfigurationManager, init=-1: [b4faf84d-881e-452e-9abc-9848f28c1b42:192.168.36.114:44842], old=null, confs=<EMPTY_MAP>
2019-09-12 10:35:43,277 [pool-93-thread-1] INFO  server.RaftServerConfigKeys (ConfUtils.java:logGet(43)) - raft.server.storage.dir = [/workdir/hadoop-ozone/integration-test/target/test-dir/MiniOzoneClusterImpl-37d049c1-8781-4836-8b63-386207273279/datanode-6/data/ratis] (custom)
2019-09-12 10:35:43,278 [pool-93-thread-1] INFO  storage.RaftStorageDirectory (RaftStorageDirectory.java:analyzeStorage(246)) - The storage directory /workdir/hadoop-ozone/integration-test/target/test-dir/MiniOzoneClusterImpl-37d049c1-8781-4836-8b63-386207273279/datanode-6/data/ratis/da986d1c-013f-44d8-b35f-2735741edbb7 does not exist. Creating ...
2019-09-12 10:35:43,302 [pool-93-thread-1] INFO  storage.RaftStorageDirectory (RaftStorageDirectory.java:tryLock(328)) - Lock on /workdir/hadoop-ozone/integration-test/target/test-dir/MiniOzoneClusterImpl-37d049c1-8781-4836-8b63-386207273279/datanode-6/data/ratis/da986d1c-013f-44d8-b35f-2735741edbb7/in_use.lock acquired by nodename 9512@pr-hdds-1569-58hkm-1881083799
2019-09-12 10:35:43,315 [pool-93-thread-1] INFO  storage.RaftStorage (RaftStorage.java:format(72)) - Storage directory /workdir/hadoop-ozone/integration-test/target/test-dir/MiniOzoneClusterImpl-37d049c1-8781-4836-8b63-386207273279/datanode-6/data/ratis/da986d1c-013f-44d8-b35f-2735741edbb7 has been successfully formatted.
2019-09-12 10:35:43,315 [pool-93-thread-1] INFO  ratis.ContainerStateMachine (ContainerStateMachine.java:loadSnapshot(226)) - group-2735741EDBB7: The snapshot info is null. Setting the last applied indexto:(t:0, i:~)
2019-09-12 10:35:43,315 [pool-93-thread-1] INFO  server.RaftServerConfigKeys (ConfUtils.java:logGet(43)) - raft.server.leader.election.timeout = 120s (custom)
2019-09-12 10:35:43,315 [pool-93-thread-1] INFO  server.RaftServerConfigKeys (ConfUtils.java:logGet(43)) - raft.server.log.use.memory = false (default)
2019-09-12 10:35:43,315 [pool-93-thread-1] INFO  server.RaftServerConfigKeys (ConfUtils.java:logGet(43)) - raft.server.log.purge.gap = 1000000 (custom)
2019-09-12 10:35:43,316 [pool-93-thread-1] INFO  server.RaftServerConfigKeys (ConfUtils.java:logGet(43)) - raft.server.log.appender.buffer.byte-limit = 33554432 (custom)
2019-09-12 10:35:43,316 [pool-93-thread-1] INFO  server.RaftServerConfigKeys (ConfUtils.java:logGet(43)) - raft.server.log.segment.size.max = 1048576 (custom)
2019-09-12 10:35:43,316 [pool-93-thread-1] INFO  server.RaftServerConfigKeys (ConfUtils.java:logGet(43)) - raft.server.log.segment.cache.num.max = 2 (custom)
2019-09-12 10:35:43,316 [pool-93-thread-1] INFO  segmented.SegmentedRaftLogWorker (SegmentedRaftLogWorker.java:<init>(172)) - new b4faf84d-881e-452e-9abc-9848f28c1b42-SegmentedRaftLogWorker:Storage Directory /workdir/hadoop-ozone/integration-test/target/test-dir/MiniOzoneClusterImpl-37d049c1-8781-4836-8b63-386207273279/datanode-6/data/ratis/da986d1c-013f-44d8-b35f-2735741edbb7 for RaftStorage:Storage Directory /workdir/hadoop-ozone/integration-test/target/test-dir/MiniOzoneClusterImpl-37d049c1-8781-4836-8b63-386207273279/datanode-6/data/ratis/da986d1c-013f-44d8-b35f-2735741edbb7
2019-09-12 10:35:43,316 [pool-93-thread-1] INFO  server.RaftServerConfigKeys (ConfUtils.java:logGet(43)) - raft.server.log.queue.byte-limit = 2147483647 (custom)
2019-09-12 10:35:43,316 [pool-93-thread-1] INFO  server.RaftServerConfigKeys (ConfUtils.java:logGet(43)) - raft.server.log.queue.element-limit = 1024 (custom)
2019-09-12 10:35:43,317 [pool-93-thread-1] INFO  server.RaftServerConfigKeys (ConfUtils.java:logGet(43)) - raft.server.log.segment.size.max = 1048576 (custom)
2019-09-12 10:35:43,317 [pool-93-thread-1] INFO  server.RaftServerConfigKeys (ConfUtils.java:logGet(43)) - raft.server.log.preallocated.size = 16384 (custom)
2019-09-12 10:35:43,317 [pool-93-thread-1] INFO  server.RaftServerConfigKeys (ConfUtils.java:logGet(43)) - raft.server.log.write.buffer.size = 33554432 (custom)
2019-09-12 10:35:43,317 [pool-93-thread-1] INFO  server.RaftServerConfigKeys (ConfUtils.java:logGet(43)) - raft.server.log.force.sync.num = 128 (default)
2019-09-12 10:35:43,317 [pool-93-thread-1] INFO  server.RaftServerConfigKeys (ConfUtils.java:logGet(43)) - raft.server.log.statemachine.data.sync = true (default)
2019-09-12 10:35:43,317 [pool-93-thread-1] INFO  server.RaftServerConfigKeys (ConfUtils.java:logGet(43)) - raft.server.log.statemachine.data.sync.timeout = 10s (default)
2019-09-12 10:35:43,317 [pool-93-thread-1] INFO  server.RaftServerConfigKeys (ConfUtils.java:logGet(43)) - raft.server.log.statemachine.data.sync.timeout.retry = -1 (default)
2019-09-12 10:35:43,318 [pool-93-thread-1] INFO  server.RaftServerConfigKeys (ConfUtils.java:logGet(43)) - raft.server.log.statemachine.data.caching.enabled = true (custom)
2019-09-12 10:35:43,318 [pool-93-thread-1] INFO  segmented.SegmentedRaftLogWorker (SegmentedRaftLogWorker.java:lambda$new$0(132)) - b4faf84d-881e-452e-9abc-9848f28c1b42-SegmentedRaftLogWorker:Storage Directory /workdir/hadoop-ozone/integration-test/target/test-dir/MiniOzoneClusterImpl-37d049c1-8781-4836-8b63-386207273279/datanode-6/data/ratis/da986d1c-013f-44d8-b35f-2735741edbb7: flushIndex: setUnconditionally 0 -> -1
2019-09-12 10:35:43,318 [pool-93-thread-1] INFO  server.RaftServerConfigKeys (ConfUtils.java:logGet(43)) - raft.server.snapshot.auto.trigger.enabled = true (custom)
2019-09-12 10:35:43,319 [pool-93-thread-1] INFO  server.RaftServerConfigKeys (ConfUtils.java:logGet(43)) - raft.server.snapshot.auto.trigger.threshold = 10000 (custom)
2019-09-12 10:35:43,319 [pool-93-thread-1] INFO  server.RaftServerConfigKeys (ConfUtils.java:logGet(43)) - raft.server.retrycache.expirytime = 600000ms (custom)
2019-09-12 10:35:43,319 [pool-93-thread-1] INFO  impl.RaftServerImpl (RaftServerImpl.java:start(180)) - b4faf84d-881e-452e-9abc-9848f28c1b42: start group-2735741EDBB7
2019-09-12 10:35:43,319 [pool-93-thread-1] INFO  impl.RaftServerImpl (RaftServerImpl.java:setRole(171)) - b4faf84d-881e-452e-9abc-9848f28c1b42:group-2735741EDBB7 changes role from null to FOLLOWER at term 0 for startAsFollower
2019-09-12 10:35:43,319 [pool-93-thread-1] INFO  impl.RoleInfo (RoleInfo.java:updateAndGet(143)) - b4faf84d-881e-452e-9abc-9848f28c1b42: start FollowerState
2019-09-12 10:35:43,320 [pool-93-thread-1] INFO  util.JmxRegister (JmxRegister.java:tryRegister(44)) - Successfully registered JMX Bean with object name Ratis:service=RaftServer,group=group-2735741EDBB7,id=b4faf84d-881e-452e-9abc-9848f28c1b42
2019-09-12 10:35:43,344 [RatisPipelineUtilsThread] INFO  pipeline.PipelineStateManager (PipelineStateManager.java:addPipeline(56)) - Created pipeline Pipeline[ Id: da986d1c-013f-44d8-b35f-2735741edbb7, Nodes: b4faf84d-881e-452e-9abc-9848f28c1b42{ip: 192.168.36.114, host: pr-hdds-1569-58hkm-1881083799, networkLocation: /default-rack, certSerialId: null}, Type:RATIS, Factor:ONE, State:OPEN]
2019-09-12 10:35:43,361 [grpc-default-executor-0] INFO  impl.RaftServerProxy (RaftServerProxy.java:addNew(89)) - 95bd455b-14e9-4919-baf6-c10c70e925fc: addNew group-0753FC067DEA:[95bd455b-14e9-4919-baf6-c10c70e925fc:192.168.36.114:42736] returns group-0753FC067DEA:java.util.concurrent.CompletableFuture@26511c12[Not completed]
2019-09-12 10:35:43,367 [pool-104-thread-1] INFO  impl.RaftServerImpl (RaftServerImpl.java:<init>(93)) - 95bd455b-14e9-4919-baf6-c10c70e925fc: new RaftServerImpl for group-0753FC067DEA:[95bd455b-14e9-4919-baf6-c10c70e925fc:192.168.36.114:42736] with ContainerStateMachine:uninitialized
2019-09-12 10:35:43,368 [pool-104-thread-1] INFO  server.RaftServerConfigKeys (ConfUtils.java:logGet(43)) - raft.server.rpc.timeout.min = 5s (custom)
2019-09-12 10:35:43,368 [pool-104-thread-1] INFO  server.RaftServerConfigKeys (ConfUtils.java:logGet(43)) - raft.server.rpc.timeout.max = 5200ms (custom)
2019-09-12 10:35:43,368 [pool-104-thread-1] INFO  server.RaftServerConfigKeys (ConfUtils.java:logGet(43)) - raft.server.rpcslowness.timeout = 120s (custom)
2019-09-12 10:35:43,368 [pool-104-thread-1] INFO  server.RaftServerConfigKeys (ConfUtils.java:logGet(43)) - raft.server.sleep.deviation.threshold = 300 (default)
2019-09-12 10:35:43,368 [pool-104-thread-1] INFO  server.RaftServerConfigKeys (ConfUtils.java:logGet(43)) - raft.server.log.appender.install.snapshot.enabled = false (custom)
2019-09-12 10:35:43,368 [pool-104-thread-1] INFO  impl.RaftServerImpl (ServerState.java:<init>(105)) - 95bd455b-14e9-4919-baf6-c10c70e925fc:group-0753FC067DEA ConfigurationManager, init=-1: [95bd455b-14e9-4919-baf6-c10c70e925fc:192.168.36.114:42736], old=null, confs=<EMPTY_MAP>
2019-09-12 10:35:43,369 [pool-104-thread-1] INFO  server.RaftServerConfigKeys (ConfUtils.java:logGet(43)) - raft.server.storage.dir = [/workdir/hadoop-ozone/integration-test/target/test-dir/MiniOzoneClusterImpl-37d049c1-8781-4836-8b63-386207273279/datanode-7/data/ratis] (custom)
2019-09-12 10:35:43,369 [pool-104-thread-1] INFO  storage.RaftStorageDirectory (RaftStorageDirectory.java:analyzeStorage(246)) - The storage directory /workdir/hadoop-ozone/integration-test/target/test-dir/MiniOzoneClusterImpl-37d049c1-8781-4836-8b63-386207273279/datanode-7/data/ratis/415293cd-5741-4467-b599-0753fc067dea does not exist. Creating ...
2019-09-12 10:35:43,382 [pool-104-thread-1] INFO  storage.RaftStorageDirectory (RaftStorageDirectory.java:tryLock(328)) - Lock on /workdir/hadoop-ozone/integration-test/target/test-dir/MiniOzoneClusterImpl-37d049c1-8781-4836-8b63-386207273279/datanode-7/data/ratis/415293cd-5741-4467-b599-0753fc067dea/in_use.lock acquired by nodename 9512@pr-hdds-1569-58hkm-1881083799
2019-09-12 10:35:43,397 [pool-104-thread-1] INFO  storage.RaftStorage (RaftStorage.java:format(72)) - Storage directory /workdir/hadoop-ozone/integration-test/target/test-dir/MiniOzoneClusterImpl-37d049c1-8781-4836-8b63-386207273279/datanode-7/data/ratis/415293cd-5741-4467-b599-0753fc067dea has been successfully formatted.
2019-09-12 10:35:43,399 [pool-104-thread-1] INFO  ratis.ContainerStateMachine (ContainerStateMachine.java:loadSnapshot(226)) - group-0753FC067DEA: The snapshot info is null. Setting the last applied indexto:(t:0, i:~)
2019-09-12 10:35:43,399 [pool-104-thread-1] INFO  server.RaftServerConfigKeys (ConfUtils.java:logGet(43)) - raft.server.leader.election.timeout = 120s (custom)
2019-09-12 10:35:43,400 [pool-104-thread-1] INFO  server.RaftServerConfigKeys (ConfUtils.java:logGet(43)) - raft.server.log.use.memory = false (default)
2019-09-12 10:35:43,400 [pool-104-thread-1] INFO  server.RaftServerConfigKeys (ConfUtils.java:logGet(43)) - raft.server.log.purge.gap = 1000000 (custom)
2019-09-12 10:35:43,400 [pool-104-thread-1] INFO  server.RaftServerConfigKeys (ConfUtils.java:logGet(43)) - raft.server.log.appender.buffer.byte-limit = 33554432 (custom)
2019-09-12 10:35:43,400 [pool-104-thread-1] INFO  server.RaftServerConfigKeys (ConfUtils.java:logGet(43)) - raft.server.log.segment.size.max = 1048576 (custom)
2019-09-12 10:35:43,400 [pool-104-thread-1] INFO  server.RaftServerConfigKeys (ConfUtils.java:logGet(43)) - raft.server.log.segment.cache.num.max = 2 (custom)
2019-09-12 10:35:43,400 [pool-104-thread-1] INFO  segmented.SegmentedRaftLogWorker (SegmentedRaftLogWorker.java:<init>(172)) - new 95bd455b-14e9-4919-baf6-c10c70e925fc-SegmentedRaftLogWorker:Storage Directory /workdir/hadoop-ozone/integration-test/target/test-dir/MiniOzoneClusterImpl-37d049c1-8781-4836-8b63-386207273279/datanode-7/data/ratis/415293cd-5741-4467-b599-0753fc067dea for RaftStorage:Storage Directory /workdir/hadoop-ozone/integration-test/target/test-dir/MiniOzoneClusterImpl-37d049c1-8781-4836-8b63-386207273279/datanode-7/data/ratis/415293cd-5741-4467-b599-0753fc067dea
2019-09-12 10:35:43,401 [pool-104-thread-1] INFO  server.RaftServerConfigKeys (ConfUtils.java:logGet(43)) - raft.server.log.queue.byte-limit = 2147483647 (custom)
2019-09-12 10:35:43,401 [pool-104-thread-1] INFO  server.RaftServerConfigKeys (ConfUtils.java:logGet(43)) - raft.server.log.queue.element-limit = 1024 (custom)
2019-09-12 10:35:43,401 [pool-104-thread-1] INFO  server.RaftServerConfigKeys (ConfUtils.java:logGet(43)) - raft.server.log.segment.size.max = 1048576 (custom)
2019-09-12 10:35:43,401 [pool-104-thread-1] INFO  server.RaftServerConfigKeys (ConfUtils.java:logGet(43)) - raft.server.log.preallocated.size = 16384 (custom)
2019-09-12 10:35:43,401 [pool-104-thread-1] INFO  server.RaftServerConfigKeys (ConfUtils.java:logGet(43)) - raft.server.log.write.buffer.size = 33554432 (custom)
2019-09-12 10:35:43,401 [pool-104-thread-1] INFO  server.RaftServerConfigKeys (ConfUtils.java:logGet(43)) - raft.server.log.force.sync.num = 128 (default)
2019-09-12 10:35:43,402 [pool-104-thread-1] INFO  server.RaftServerConfigKeys (ConfUtils.java:logGet(43)) - raft.server.log.statemachine.data.sync = true (default)
2019-09-12 10:35:43,402 [pool-104-thread-1] INFO  server.RaftServerConfigKeys (ConfUtils.java:logGet(43)) - raft.server.log.statemachine.data.sync.timeout = 10s (default)
2019-09-12 10:35:43,402 [pool-104-thread-1] INFO  server.RaftServerConfigKeys (ConfUtils.java:logGet(43)) - raft.server.log.statemachine.data.sync.timeout.retry = -1 (default)
2019-09-12 10:35:43,402 [pool-104-thread-1] INFO  server.RaftServerConfigKeys (ConfUtils.java:logGet(43)) - raft.server.log.statemachine.data.caching.enabled = true (custom)
2019-09-12 10:35:43,402 [pool-104-thread-1] INFO  segmented.SegmentedRaftLogWorker (SegmentedRaftLogWorker.java:lambda$new$0(132)) - 95bd455b-14e9-4919-baf6-c10c70e925fc-SegmentedRaftLogWorker:Storage Directory /workdir/hadoop-ozone/integration-test/target/test-dir/MiniOzoneClusterImpl-37d049c1-8781-4836-8b63-386207273279/datanode-7/data/ratis/415293cd-5741-4467-b599-0753fc067dea: flushIndex: setUnconditionally 0 -> -1
2019-09-12 10:35:43,403 [pool-104-thread-1] INFO  server.RaftServerConfigKeys (ConfUtils.java:logGet(43)) - raft.server.snapshot.auto.trigger.enabled = true (custom)
2019-09-12 10:35:43,403 [pool-104-thread-1] INFO  server.RaftServerConfigKeys (ConfUtils.java:logGet(43)) - raft.server.snapshot.auto.trigger.threshold = 10000 (custom)
2019-09-12 10:35:43,403 [pool-104-thread-1] INFO  server.RaftServerConfigKeys (ConfUtils.java:logGet(43)) - raft.server.retrycache.expirytime = 600000ms (custom)
2019-09-12 10:35:43,403 [pool-104-thread-1] INFO  impl.RaftServerImpl (RaftServerImpl.java:start(180)) - 95bd455b-14e9-4919-baf6-c10c70e925fc: start group-0753FC067DEA
2019-09-12 10:35:43,404 [pool-104-thread-1] INFO  impl.RaftServerImpl (RaftServerImpl.java:setRole(171)) - 95bd455b-14e9-4919-baf6-c10c70e925fc:group-0753FC067DEA changes role from null to FOLLOWER at term 0 for startAsFollower
2019-09-12 10:35:43,404 [pool-104-thread-1] INFO  impl.RoleInfo (RoleInfo.java:updateAndGet(143)) - 95bd455b-14e9-4919-baf6-c10c70e925fc: start FollowerState
2019-09-12 10:35:43,404 [pool-104-thread-1] INFO  util.JmxRegister (JmxRegister.java:tryRegister(44)) - Successfully registered JMX Bean with object name Ratis:service=RaftServer,group=group-0753FC067DEA,id=95bd455b-14e9-4919-baf6-c10c70e925fc
2019-09-12 10:35:43,416 [RatisPipelineUtilsThread] INFO  pipeline.PipelineStateManager (PipelineStateManager.java:addPipeline(56)) - Created pipeline Pipeline[ Id: 415293cd-5741-4467-b599-0753fc067dea, Nodes: 95bd455b-14e9-4919-baf6-c10c70e925fc{ip: 192.168.36.114, host: pr-hdds-1569-58hkm-1881083799, networkLocation: /default-rack, certSerialId: null}, Type:RATIS, Factor:ONE, State:OPEN]
2019-09-12 10:35:43,429 [grpc-default-executor-0] INFO  impl.RaftServerProxy (RaftServerProxy.java:addNew(89)) - e888d92f-5ff8-4b8f-9926-c0c6217791b7: addNew group-03D7867AABAC:[e888d92f-5ff8-4b8f-9926-c0c6217791b7:192.168.36.114:44342] returns group-03D7867AABAC:java.util.concurrent.CompletableFuture@40db296d[Not completed]
2019-09-12 10:35:43,431 [pool-27-thread-1] INFO  impl.RaftServerImpl (RaftServerImpl.java:<init>(93)) - e888d92f-5ff8-4b8f-9926-c0c6217791b7: new RaftServerImpl for group-03D7867AABAC:[e888d92f-5ff8-4b8f-9926-c0c6217791b7:192.168.36.114:44342] with ContainerStateMachine:uninitialized
2019-09-12 10:35:43,431 [pool-27-thread-1] INFO  server.RaftServerConfigKeys (ConfUtils.java:logGet(43)) - raft.server.rpc.timeout.min = 5s (custom)
2019-09-12 10:35:43,431 [pool-27-thread-1] INFO  server.RaftServerConfigKeys (ConfUtils.java:logGet(43)) - raft.server.rpc.timeout.max = 5200ms (custom)
2019-09-12 10:35:43,431 [pool-27-thread-1] INFO  server.RaftServerConfigKeys (ConfUtils.java:logGet(43)) - raft.server.rpcslowness.timeout = 120s (custom)
2019-09-12 10:35:43,432 [pool-27-thread-1] INFO  server.RaftServerConfigKeys (ConfUtils.java:logGet(43)) - raft.server.sleep.deviation.threshold = 300 (default)
2019-09-12 10:35:43,432 [pool-27-thread-1] INFO  server.RaftServerConfigKeys (ConfUtils.java:logGet(43)) - raft.server.log.appender.install.snapshot.enabled = false (custom)
2019-09-12 10:35:43,432 [pool-27-thread-1] INFO  impl.RaftServerImpl (ServerState.java:<init>(105)) - e888d92f-5ff8-4b8f-9926-c0c6217791b7:group-03D7867AABAC ConfigurationManager, init=-1: [e888d92f-5ff8-4b8f-9926-c0c6217791b7:192.168.36.114:44342], old=null, confs=<EMPTY_MAP>
2019-09-12 10:35:43,432 [pool-27-thread-1] INFO  server.RaftServerConfigKeys (ConfUtils.java:logGet(43)) - raft.server.storage.dir = [/workdir/hadoop-ozone/integration-test/target/test-dir/MiniOzoneClusterImpl-37d049c1-8781-4836-8b63-386207273279/datanode-0/data/ratis] (custom)
2019-09-12 10:35:43,432 [pool-27-thread-1] INFO  storage.RaftStorageDirectory (RaftStorageDirectory.java:analyzeStorage(246)) - The storage directory /workdir/hadoop-ozone/integration-test/target/test-dir/MiniOzoneClusterImpl-37d049c1-8781-4836-8b63-386207273279/datanode-0/data/ratis/aac0bdf7-946d-4076-a515-03d7867aabac does not exist. Creating ...
2019-09-12 10:35:43,446 [pool-27-thread-1] INFO  storage.RaftStorageDirectory (RaftStorageDirectory.java:tryLock(328)) - Lock on /workdir/hadoop-ozone/integration-test/target/test-dir/MiniOzoneClusterImpl-37d049c1-8781-4836-8b63-386207273279/datanode-0/data/ratis/aac0bdf7-946d-4076-a515-03d7867aabac/in_use.lock acquired by nodename 9512@pr-hdds-1569-58hkm-1881083799
2019-09-12 10:35:43,469 [main] INFO  ozone.MiniOzoneClusterImpl (MiniOzoneClusterImpl.java:getStorageContainerLocationClient(241)) - Creating StorageContainerLocationProtocol RPC client with address /0.0.0.0:36408
2019-09-12 10:35:43,478 [pool-27-thread-1] INFO  storage.RaftStorage (RaftStorage.java:format(72)) - Storage directory /workdir/hadoop-ozone/integration-test/target/test-dir/MiniOzoneClusterImpl-37d049c1-8781-4836-8b63-386207273279/datanode-0/data/ratis/aac0bdf7-946d-4076-a515-03d7867aabac has been successfully formatted.
2019-09-12 10:35:43,478 [pool-27-thread-1] INFO  ratis.ContainerStateMachine (ContainerStateMachine.java:loadSnapshot(226)) - group-03D7867AABAC: The snapshot info is null. Setting the last applied indexto:(t:0, i:~)
2019-09-12 10:35:43,478 [pool-27-thread-1] INFO  server.RaftServerConfigKeys (ConfUtils.java:logGet(43)) - raft.server.leader.election.timeout = 120s (custom)
2019-09-12 10:35:43,478 [pool-27-thread-1] INFO  server.RaftServerConfigKeys (ConfUtils.java:logGet(43)) - raft.server.log.use.memory = false (default)
2019-09-12 10:35:43,478 [pool-27-thread-1] INFO  server.RaftServerConfigKeys (ConfUtils.java:logGet(43)) - raft.server.log.purge.gap = 1000000 (custom)
2019-09-12 10:35:43,478 [pool-27-thread-1] INFO  server.RaftServerConfigKeys (ConfUtils.java:logGet(43)) - raft.server.log.appender.buffer.byte-limit = 33554432 (custom)
2019-09-12 10:35:43,479 [pool-27-thread-1] INFO  server.RaftServerConfigKeys (ConfUtils.java:logGet(43)) - raft.server.log.segment.size.max = 1048576 (custom)
2019-09-12 10:35:43,479 [pool-27-thread-1] INFO  server.RaftServerConfigKeys (ConfUtils.java:logGet(43)) - raft.server.log.segment.cache.num.max = 2 (custom)
2019-09-12 10:35:43,479 [pool-27-thread-1] INFO  segmented.SegmentedRaftLogWorker (SegmentedRaftLogWorker.java:<init>(172)) - new e888d92f-5ff8-4b8f-9926-c0c6217791b7-SegmentedRaftLogWorker:Storage Directory /workdir/hadoop-ozone/integration-test/target/test-dir/MiniOzoneClusterImpl-37d049c1-8781-4836-8b63-386207273279/datanode-0/data/ratis/aac0bdf7-946d-4076-a515-03d7867aabac for RaftStorage:Storage Directory /workdir/hadoop-ozone/integration-test/target/test-dir/MiniOzoneClusterImpl-37d049c1-8781-4836-8b63-386207273279/datanode-0/data/ratis/aac0bdf7-946d-4076-a515-03d7867aabac
2019-09-12 10:35:43,479 [pool-27-thread-1] INFO  server.RaftServerConfigKeys (ConfUtils.java:logGet(43)) - raft.server.log.queue.byte-limit = 2147483647 (custom)
2019-09-12 10:35:43,479 [pool-27-thread-1] INFO  server.RaftServerConfigKeys (ConfUtils.java:logGet(43)) - raft.server.log.queue.element-limit = 1024 (custom)
2019-09-12 10:35:43,479 [pool-27-thread-1] INFO  server.RaftServerConfigKeys (ConfUtils.java:logGet(43)) - raft.server.log.segment.size.max = 1048576 (custom)
2019-09-12 10:35:43,479 [pool-27-thread-1] INFO  server.RaftServerConfigKeys (ConfUtils.java:logGet(43)) - raft.server.log.preallocated.size = 16384 (custom)
2019-09-12 10:35:43,479 [pool-27-thread-1] INFO  server.RaftServerConfigKeys (ConfUtils.java:logGet(43)) - raft.server.log.write.buffer.size = 33554432 (custom)
2019-09-12 10:35:43,479 [pool-27-thread-1] INFO  server.RaftServerConfigKeys (ConfUtils.java:logGet(43)) - raft.server.log.force.sync.num = 128 (default)
2019-09-12 10:35:43,480 [pool-27-thread-1] INFO  server.RaftServerConfigKeys (ConfUtils.java:logGet(43)) - raft.server.log.statemachine.data.sync = true (default)
2019-09-12 10:35:43,480 [pool-27-thread-1] INFO  server.RaftServerConfigKeys (ConfUtils.java:logGet(43)) - raft.server.log.statemachine.data.sync.timeout = 10s (default)
2019-09-12 10:35:43,480 [pool-27-thread-1] INFO  server.RaftServerConfigKeys (ConfUtils.java:logGet(43)) - raft.server.log.statemachine.data.sync.timeout.retry = -1 (default)
2019-09-12 10:35:43,480 [pool-27-thread-1] INFO  server.RaftServerConfigKeys (ConfUtils.java:logGet(43)) - raft.server.log.statemachine.data.caching.enabled = true (custom)
2019-09-12 10:35:43,480 [pool-27-thread-1] INFO  segmented.SegmentedRaftLogWorker (SegmentedRaftLogWorker.java:lambda$new$0(132)) - e888d92f-5ff8-4b8f-9926-c0c6217791b7-SegmentedRaftLogWorker:Storage Directory /workdir/hadoop-ozone/integration-test/target/test-dir/MiniOzoneClusterImpl-37d049c1-8781-4836-8b63-386207273279/datanode-0/data/ratis/aac0bdf7-946d-4076-a515-03d7867aabac: flushIndex: setUnconditionally 0 -> -1
2019-09-12 10:35:43,481 [pool-27-thread-1] INFO  server.RaftServerConfigKeys (ConfUtils.java:logGet(43)) - raft.server.snapshot.auto.trigger.enabled = true (custom)
2019-09-12 10:35:43,481 [pool-27-thread-1] INFO  server.RaftServerConfigKeys (ConfUtils.java:logGet(43)) - raft.server.snapshot.auto.trigger.threshold = 10000 (custom)
2019-09-12 10:35:43,481 [pool-27-thread-1] INFO  server.RaftServerConfigKeys (ConfUtils.java:logGet(43)) - raft.server.retrycache.expirytime = 600000ms (custom)
2019-09-12 10:35:43,481 [pool-27-thread-1] INFO  impl.RaftServerImpl (RaftServerImpl.java:start(180)) - e888d92f-5ff8-4b8f-9926-c0c6217791b7: start group-03D7867AABAC
2019-09-12 10:35:43,481 [pool-27-thread-1] INFO  impl.RaftServerImpl (RaftServerImpl.java:setRole(171)) - e888d92f-5ff8-4b8f-9926-c0c6217791b7:group-03D7867AABAC changes role from null to FOLLOWER at term 0 for startAsFollower
2019-09-12 10:35:43,481 [pool-27-thread-1] INFO  impl.RoleInfo (RoleInfo.java:updateAndGet(143)) - e888d92f-5ff8-4b8f-9926-c0c6217791b7: start FollowerState
2019-09-12 10:35:43,482 [pool-27-thread-1] INFO  util.JmxRegister (JmxRegister.java:tryRegister(44)) - Successfully registered JMX Bean with object name Ratis:service=RaftServer,group=group-03D7867AABAC,id=e888d92f-5ff8-4b8f-9926-c0c6217791b7
2019-09-12 10:35:43,516 [RatisPipelineUtilsThread] INFO  pipeline.PipelineStateManager (PipelineStateManager.java:addPipeline(56)) - Created pipeline Pipeline[ Id: aac0bdf7-946d-4076-a515-03d7867aabac, Nodes: e888d92f-5ff8-4b8f-9926-c0c6217791b7{ip: 192.168.36.114, host: pr-hdds-1569-58hkm-1881083799, networkLocation: /default-rack, certSerialId: null}, Type:RATIS, Factor:ONE, State:OPEN]
2019-09-12 10:35:43,528 [main] INFO  rpc.RpcClient (RpcClient.java:createVolume(293)) - Creating Volume: c271c342-cf44-4b3b-9ccc-848923281ec5, with jenkins1000 as owner.
2019-09-12 10:35:43,532 [grpc-default-executor-0] INFO  impl.RaftServerProxy (RaftServerProxy.java:addNew(89)) - 3ea3aff6-08b9-42c8-836f-7f03e071752a: addNew group-914A90FA60E3:[3ea3aff6-08b9-42c8-836f-7f03e071752a:192.168.36.114:46411] returns group-914A90FA60E3:java.util.concurrent.CompletableFuture@6b9ee1e8[Not completed]
2019-09-12 10:35:43,534 [pool-38-thread-1] INFO  impl.RaftServerImpl (RaftServerImpl.java:<init>(93)) - 3ea3aff6-08b9-42c8-836f-7f03e071752a: new RaftServerImpl for group-914A90FA60E3:[3ea3aff6-08b9-42c8-836f-7f03e071752a:192.168.36.114:46411] with ContainerStateMachine:uninitialized
2019-09-12 10:35:43,534 [pool-38-thread-1] INFO  server.RaftServerConfigKeys (ConfUtils.java:logGet(43)) - raft.server.rpc.timeout.min = 5s (custom)
2019-09-12 10:35:43,534 [pool-38-thread-1] INFO  server.RaftServerConfigKeys (ConfUtils.java:logGet(43)) - raft.server.rpc.timeout.max = 5200ms (custom)
2019-09-12 10:35:43,534 [pool-38-thread-1] INFO  server.RaftServerConfigKeys (ConfUtils.java:logGet(43)) - raft.server.rpcslowness.timeout = 120s (custom)
2019-09-12 10:35:43,534 [pool-38-thread-1] INFO  server.RaftServerConfigKeys (ConfUtils.java:logGet(43)) - raft.server.sleep.deviation.threshold = 300 (default)
2019-09-12 10:35:43,535 [pool-38-thread-1] INFO  server.RaftServerConfigKeys (ConfUtils.java:logGet(43)) - raft.server.log.appender.install.snapshot.enabled = false (custom)
2019-09-12 10:35:43,535 [pool-38-thread-1] INFO  impl.RaftServerImpl (ServerState.java:<init>(105)) - 3ea3aff6-08b9-42c8-836f-7f03e071752a:group-914A90FA60E3 ConfigurationManager, init=-1: [3ea3aff6-08b9-42c8-836f-7f03e071752a:192.168.36.114:46411], old=null, confs=<EMPTY_MAP>
2019-09-12 10:35:43,535 [pool-38-thread-1] INFO  server.RaftServerConfigKeys (ConfUtils.java:logGet(43)) - raft.server.storage.dir = [/workdir/hadoop-ozone/integration-test/target/test-dir/MiniOzoneClusterImpl-37d049c1-8781-4836-8b63-386207273279/datanode-1/data/ratis] (custom)
2019-09-12 10:35:43,535 [pool-38-thread-1] INFO  storage.RaftStorageDirectory (RaftStorageDirectory.java:analyzeStorage(246)) - The storage directory /workdir/hadoop-ozone/integration-test/target/test-dir/MiniOzoneClusterImpl-37d049c1-8781-4836-8b63-386207273279/datanode-1/data/ratis/be59ce0e-3f3d-4f31-b8b1-914a90fa60e3 does not exist. Creating ...
2019-09-12 10:35:43,560 [pool-38-thread-1] INFO  storage.RaftStorageDirectory (RaftStorageDirectory.java:tryLock(328)) - Lock on /workdir/hadoop-ozone/integration-test/target/test-dir/MiniOzoneClusterImpl-37d049c1-8781-4836-8b63-386207273279/datanode-1/data/ratis/be59ce0e-3f3d-4f31-b8b1-914a90fa60e3/in_use.lock acquired by nodename 9512@pr-hdds-1569-58hkm-1881083799
2019-09-12 10:35:43,576 | INFO  | OMAudit | user=jenkins1000 | ip=127.0.0.1 | op=CREATE_VOLUME {admin=jenkins1000, owner=jenkins1000, volume=c271c342-cf44-4b3b-9ccc-848923281ec5, creationTime=1568284543553, quotaInBytes=1152921504606846976} | ret=SUCCESS |  
2019-09-12 10:35:43,599 [pool-38-thread-1] INFO  storage.RaftStorage (RaftStorage.java:format(72)) - Storage directory /workdir/hadoop-ozone/integration-test/target/test-dir/MiniOzoneClusterImpl-37d049c1-8781-4836-8b63-386207273279/datanode-1/data/ratis/be59ce0e-3f3d-4f31-b8b1-914a90fa60e3 has been successfully formatted.
2019-09-12 10:35:43,601 [pool-38-thread-1] INFO  ratis.ContainerStateMachine (ContainerStateMachine.java:loadSnapshot(226)) - group-914A90FA60E3: The snapshot info is null. Setting the last applied indexto:(t:0, i:~)
2019-09-12 10:35:43,601 | INFO  | OMAudit | user=jenkins1000 | ip=127.0.0.1 | op=READ_VOLUME {volume=c271c342-cf44-4b3b-9ccc-848923281ec5} | ret=SUCCESS |  
2019-09-12 10:35:43,602 [pool-38-thread-1] INFO  server.RaftServerConfigKeys (ConfUtils.java:logGet(43)) - raft.server.leader.election.timeout = 120s (custom)
2019-09-12 10:35:43,602 [pool-38-thread-1] INFO  server.RaftServerConfigKeys (ConfUtils.java:logGet(43)) - raft.server.log.use.memory = false (default)
2019-09-12 10:35:43,602 [pool-38-thread-1] INFO  server.RaftServerConfigKeys (ConfUtils.java:logGet(43)) - raft.server.log.purge.gap = 1000000 (custom)
2019-09-12 10:35:43,602 [pool-38-thread-1] INFO  server.RaftServerConfigKeys (ConfUtils.java:logGet(43)) - raft.server.log.appender.buffer.byte-limit = 33554432 (custom)
2019-09-12 10:35:43,602 [pool-38-thread-1] INFO  server.RaftServerConfigKeys (ConfUtils.java:logGet(43)) - raft.server.log.segment.size.max = 1048576 (custom)
2019-09-12 10:35:43,603 [pool-38-thread-1] INFO  server.RaftServerConfigKeys (ConfUtils.java:logGet(43)) - raft.server.log.segment.cache.num.max = 2 (custom)
2019-09-12 10:35:43,603 [pool-38-thread-1] INFO  segmented.SegmentedRaftLogWorker (SegmentedRaftLogWorker.java:<init>(172)) - new 3ea3aff6-08b9-42c8-836f-7f03e071752a-SegmentedRaftLogWorker:Storage Directory /workdir/hadoop-ozone/integration-test/target/test-dir/MiniOzoneClusterImpl-37d049c1-8781-4836-8b63-386207273279/datanode-1/data/ratis/be59ce0e-3f3d-4f31-b8b1-914a90fa60e3 for RaftStorage:Storage Directory /workdir/hadoop-ozone/integration-test/target/test-dir/MiniOzoneClusterImpl-37d049c1-8781-4836-8b63-386207273279/datanode-1/data/ratis/be59ce0e-3f3d-4f31-b8b1-914a90fa60e3
2019-09-12 10:35:43,603 [pool-38-thread-1] INFO  server.RaftServerConfigKeys (ConfUtils.java:logGet(43)) - raft.server.log.queue.byte-limit = 2147483647 (custom)
2019-09-12 10:35:43,603 [pool-38-thread-1] INFO  server.RaftServerConfigKeys (ConfUtils.java:logGet(43)) - raft.server.log.queue.element-limit = 1024 (custom)
2019-09-12 10:35:43,603 [pool-38-thread-1] INFO  server.RaftServerConfigKeys (ConfUtils.java:logGet(43)) - raft.server.log.segment.size.max = 1048576 (custom)
2019-09-12 10:35:43,604 [pool-38-thread-1] INFO  server.RaftServerConfigKeys (ConfUtils.java:logGet(43)) - raft.server.log.preallocated.size = 16384 (custom)
2019-09-12 10:35:43,604 [pool-38-thread-1] INFO  server.RaftServerConfigKeys (ConfUtils.java:logGet(43)) - raft.server.log.write.buffer.size = 33554432 (custom)
2019-09-12 10:35:43,604 [pool-38-thread-1] INFO  server.RaftServerConfigKeys (ConfUtils.java:logGet(43)) - raft.server.log.force.sync.num = 128 (default)
2019-09-12 10:35:43,604 [pool-38-thread-1] INFO  server.RaftServerConfigKeys (ConfUtils.java:logGet(43)) - raft.server.log.statemachine.data.sync = true (default)
2019-09-12 10:35:43,604 [pool-38-thread-1] INFO  server.RaftServerConfigKeys (ConfUtils.java:logGet(43)) - raft.server.log.statemachine.data.sync.timeout = 10s (default)
2019-09-12 10:35:43,604 [pool-38-thread-1] INFO  server.RaftServerConfigKeys (ConfUtils.java:logGet(43)) - raft.server.log.statemachine.data.sync.timeout.retry = -1 (default)
2019-09-12 10:35:43,605 [pool-38-thread-1] INFO  server.RaftServerConfigKeys (ConfUtils.java:logGet(43)) - raft.server.log.statemachine.data.caching.enabled = true (custom)
2019-09-12 10:35:43,605 [pool-38-thread-1] INFO  segmented.SegmentedRaftLogWorker (SegmentedRaftLogWorker.java:lambda$new$0(132)) - 3ea3aff6-08b9-42c8-836f-7f03e071752a-SegmentedRaftLogWorker:Storage Directory /workdir/hadoop-ozone/integration-test/target/test-dir/MiniOzoneClusterImpl-37d049c1-8781-4836-8b63-386207273279/datanode-1/data/ratis/be59ce0e-3f3d-4f31-b8b1-914a90fa60e3: flushIndex: setUnconditionally 0 -> -1
2019-09-12 10:35:43,605 [pool-38-thread-1] INFO  server.RaftServerConfigKeys (ConfUtils.java:logGet(43)) - raft.server.snapshot.auto.trigger.enabled = true (custom)
2019-09-12 10:35:43,606 [pool-38-thread-1] INFO  server.RaftServerConfigKeys (ConfUtils.java:logGet(43)) - raft.server.snapshot.auto.trigger.threshold = 10000 (custom)
2019-09-12 10:35:43,606 [pool-38-thread-1] INFO  server.RaftServerConfigKeys (ConfUtils.java:logGet(43)) - raft.server.retrycache.expirytime = 600000ms (custom)
2019-09-12 10:35:43,606 [pool-38-thread-1] INFO  impl.RaftServerImpl (RaftServerImpl.java:start(180)) - 3ea3aff6-08b9-42c8-836f-7f03e071752a: start group-914A90FA60E3
2019-09-12 10:35:43,606 [pool-38-thread-1] INFO  impl.RaftServerImpl (RaftServerImpl.java:setRole(171)) - 3ea3aff6-08b9-42c8-836f-7f03e071752a:group-914A90FA60E3 changes role from null to FOLLOWER at term 0 for startAsFollower
2019-09-12 10:35:43,607 [pool-38-thread-1] INFO  impl.RoleInfo (RoleInfo.java:updateAndGet(143)) - 3ea3aff6-08b9-42c8-836f-7f03e071752a: start FollowerState
2019-09-12 10:35:43,607 [pool-38-thread-1] INFO  util.JmxRegister (JmxRegister.java:tryRegister(44)) - Successfully registered JMX Bean with object name Ratis:service=RaftServer,group=group-914A90FA60E3,id=3ea3aff6-08b9-42c8-836f-7f03e071752a
2019-09-12 10:35:43,609 [main] INFO  rpc.RpcClient (RpcClient.java:createBucket(432)) - Creating Bucket: c271c342-cf44-4b3b-9ccc-848923281ec5/c2444410-4443-4a09-81db-e9fdd746ec43, with Versioning false and Storage Type set to DISK and Encryption set to false 
2019-09-12 10:35:43,625 [RatisPipelineUtilsThread] INFO  pipeline.PipelineStateManager (PipelineStateManager.java:addPipeline(56)) - Created pipeline Pipeline[ Id: be59ce0e-3f3d-4f31-b8b1-914a90fa60e3, Nodes: 3ea3aff6-08b9-42c8-836f-7f03e071752a{ip: 192.168.36.114, host: pr-hdds-1569-58hkm-1881083799, networkLocation: /default-rack, certSerialId: null}, Type:RATIS, Factor:ONE, State:OPEN]
2019-09-12 10:35:43,642 [grpc-default-executor-0] INFO  impl.RaftServerProxy (RaftServerProxy.java:addNew(89)) - 8ecfe8bb-6ab2-4306-955c-1af4e2a21ecc: addNew group-9FB00935E4FB:[8ecfe8bb-6ab2-4306-955c-1af4e2a21ecc:192.168.36.114:46828] returns group-9FB00935E4FB:java.util.concurrent.CompletableFuture@21b994d2[Not completed]
2019-09-12 10:35:43,647 [pool-82-thread-1] INFO  impl.RaftServerImpl (RaftServerImpl.java:<init>(93)) - 8ecfe8bb-6ab2-4306-955c-1af4e2a21ecc: new RaftServerImpl for group-9FB00935E4FB:[8ecfe8bb-6ab2-4306-955c-1af4e2a21ecc:192.168.36.114:46828] with ContainerStateMachine:uninitialized
2019-09-12 10:35:43,647 [pool-82-thread-1] INFO  server.RaftServerConfigKeys (ConfUtils.java:logGet(43)) - raft.server.rpc.timeout.min = 5s (custom)
2019-09-12 10:35:43,647 [pool-82-thread-1] INFO  server.RaftServerConfigKeys (ConfUtils.java:logGet(43)) - raft.server.rpc.timeout.max = 5200ms (custom)
2019-09-12 10:35:43,647 [pool-82-thread-1] INFO  server.RaftServerConfigKeys (ConfUtils.java:logGet(43)) - raft.server.rpcslowness.timeout = 120s (custom)
2019-09-12 10:35:43,648 [pool-82-thread-1] INFO  server.RaftServerConfigKeys (ConfUtils.java:logGet(43)) - raft.server.sleep.deviation.threshold = 300 (default)
2019-09-12 10:35:43,648 [pool-82-thread-1] INFO  server.RaftServerConfigKeys (ConfUtils.java:logGet(43)) - raft.server.log.appender.install.snapshot.enabled = false (custom)
2019-09-12 10:35:43,648 [pool-82-thread-1] INFO  impl.RaftServerImpl (ServerState.java:<init>(105)) - 8ecfe8bb-6ab2-4306-955c-1af4e2a21ecc:group-9FB00935E4FB ConfigurationManager, init=-1: [8ecfe8bb-6ab2-4306-955c-1af4e2a21ecc:192.168.36.114:46828], old=null, confs=<EMPTY_MAP>
2019-09-12 10:35:43,648 [pool-82-thread-1] INFO  server.RaftServerConfigKeys (ConfUtils.java:logGet(43)) - raft.server.storage.dir = [/workdir/hadoop-ozone/integration-test/target/test-dir/MiniOzoneClusterImpl-37d049c1-8781-4836-8b63-386207273279/datanode-5/data/ratis] (custom)
2019-09-12 10:35:43,649 [pool-82-thread-1] INFO  storage.RaftStorageDirectory (RaftStorageDirectory.java:analyzeStorage(246)) - The storage directory /workdir/hadoop-ozone/integration-test/target/test-dir/MiniOzoneClusterImpl-37d049c1-8781-4836-8b63-386207273279/datanode-5/data/ratis/f05247ee-c70c-4a14-8b3e-9fb00935e4fb does not exist. Creating ...
2019-09-12 10:35:43,652 | INFO  | OMAudit | user=jenkins1000 | ip=127.0.0.1 | op=CREATE_BUCKET {volume=c271c342-cf44-4b3b-9ccc-848923281ec5, bucket=c2444410-4443-4a09-81db-e9fdd746ec43, acls=[user:jenkins1000:a[ACCESS], group:default:a[ACCESS]], isVersionEnabled=false, storageType=DISK, creationTime=0} | ret=SUCCESS |  
2019-09-12 10:35:43,661 | INFO  | OMAudit | user=jenkins1000 | ip=127.0.0.1 | op=READ_BUCKET {volume=c271c342-cf44-4b3b-9ccc-848923281ec5, bucket=c2444410-4443-4a09-81db-e9fdd746ec43} | ret=SUCCESS |  
2019-09-12 10:35:43,663 [pool-82-thread-1] INFO  storage.RaftStorageDirectory (RaftStorageDirectory.java:tryLock(328)) - Lock on /workdir/hadoop-ozone/integration-test/target/test-dir/MiniOzoneClusterImpl-37d049c1-8781-4836-8b63-386207273279/datanode-5/data/ratis/f05247ee-c70c-4a14-8b3e-9fb00935e4fb/in_use.lock acquired by nodename 9512@pr-hdds-1569-58hkm-1881083799
2019-09-12 10:35:43,677 [pool-82-thread-1] INFO  storage.RaftStorage (RaftStorage.java:format(72)) - Storage directory /workdir/hadoop-ozone/integration-test/target/test-dir/MiniOzoneClusterImpl-37d049c1-8781-4836-8b63-386207273279/datanode-5/data/ratis/f05247ee-c70c-4a14-8b3e-9fb00935e4fb has been successfully formatted.
2019-09-12 10:35:43,678 [pool-82-thread-1] INFO  ratis.ContainerStateMachine (ContainerStateMachine.java:loadSnapshot(226)) - group-9FB00935E4FB: The snapshot info is null. Setting the last applied indexto:(t:0, i:~)
2019-09-12 10:35:43,678 [pool-82-thread-1] INFO  server.RaftServerConfigKeys (ConfUtils.java:logGet(43)) - raft.server.leader.election.timeout = 120s (custom)
2019-09-12 10:35:43,678 [pool-82-thread-1] INFO  server.RaftServerConfigKeys (ConfUtils.java:logGet(43)) - raft.server.log.use.memory = false (default)
2019-09-12 10:35:43,678 [pool-82-thread-1] INFO  server.RaftServerConfigKeys (ConfUtils.java:logGet(43)) - raft.server.log.purge.gap = 1000000 (custom)
2019-09-12 10:35:43,679 [pool-82-thread-1] INFO  server.RaftServerConfigKeys (ConfUtils.java:logGet(43)) - raft.server.log.appender.buffer.byte-limit = 33554432 (custom)
2019-09-12 10:35:43,679 [pool-82-thread-1] INFO  server.RaftServerConfigKeys (ConfUtils.java:logGet(43)) - raft.server.log.segment.size.max = 1048576 (custom)
2019-09-12 10:35:43,679 [pool-82-thread-1] INFO  server.RaftServerConfigKeys (ConfUtils.java:logGet(43)) - raft.server.log.segment.cache.num.max = 2 (custom)
2019-09-12 10:35:43,679 [pool-82-thread-1] INFO  segmented.SegmentedRaftLogWorker (SegmentedRaftLogWorker.java:<init>(172)) - new 8ecfe8bb-6ab2-4306-955c-1af4e2a21ecc-SegmentedRaftLogWorker:Storage Directory /workdir/hadoop-ozone/integration-test/target/test-dir/MiniOzoneClusterImpl-37d049c1-8781-4836-8b63-386207273279/datanode-5/data/ratis/f05247ee-c70c-4a14-8b3e-9fb00935e4fb for RaftStorage:Storage Directory /workdir/hadoop-ozone/integration-test/target/test-dir/MiniOzoneClusterImpl-37d049c1-8781-4836-8b63-386207273279/datanode-5/data/ratis/f05247ee-c70c-4a14-8b3e-9fb00935e4fb
2019-09-12 10:35:43,679 [pool-82-thread-1] INFO  server.RaftServerConfigKeys (ConfUtils.java:logGet(43)) - raft.server.log.queue.byte-limit = 2147483647 (custom)
2019-09-12 10:35:43,679 [pool-82-thread-1] INFO  server.RaftServerConfigKeys (ConfUtils.java:logGet(43)) - raft.server.log.queue.element-limit = 1024 (custom)
2019-09-12 10:35:43,680 [pool-82-thread-1] INFO  server.RaftServerConfigKeys (ConfUtils.java:logGet(43)) - raft.server.log.segment.size.max = 1048576 (custom)
2019-09-12 10:35:43,680 [pool-82-thread-1] INFO  server.RaftServerConfigKeys (ConfUtils.java:logGet(43)) - raft.server.log.preallocated.size = 16384 (custom)
2019-09-12 10:35:43,680 [pool-82-thread-1] INFO  server.RaftServerConfigKeys (ConfUtils.java:logGet(43)) - raft.server.log.write.buffer.size = 33554432 (custom)
2019-09-12 10:35:43,680 [pool-82-thread-1] INFO  server.RaftServerConfigKeys (ConfUtils.java:logGet(43)) - raft.server.log.force.sync.num = 128 (default)
2019-09-12 10:35:43,680 [pool-82-thread-1] INFO  server.RaftServerConfigKeys (ConfUtils.java:logGet(43)) - raft.server.log.statemachine.data.sync = true (default)
2019-09-12 10:35:43,680 [pool-82-thread-1] INFO  server.RaftServerConfigKeys (ConfUtils.java:logGet(43)) - raft.server.log.statemachine.data.sync.timeout = 10s (default)
2019-09-12 10:35:43,681 [pool-82-thread-1] INFO  server.RaftServerConfigKeys (ConfUtils.java:logGet(43)) - raft.server.log.statemachine.data.sync.timeout.retry = -1 (default)
2019-09-12 10:35:43,681 [pool-82-thread-1] INFO  server.RaftServerConfigKeys (ConfUtils.java:logGet(43)) - raft.server.log.statemachine.data.caching.enabled = true (custom)
2019-09-12 10:35:43,681 [pool-82-thread-1] INFO  segmented.SegmentedRaftLogWorker (SegmentedRaftLogWorker.java:lambda$new$0(132)) - 8ecfe8bb-6ab2-4306-955c-1af4e2a21ecc-SegmentedRaftLogWorker:Storage Directory /workdir/hadoop-ozone/integration-test/target/test-dir/MiniOzoneClusterImpl-37d049c1-8781-4836-8b63-386207273279/datanode-5/data/ratis/f05247ee-c70c-4a14-8b3e-9fb00935e4fb: flushIndex: setUnconditionally 0 -> -1
2019-09-12 10:35:43,682 [pool-82-thread-1] INFO  server.RaftServerConfigKeys (ConfUtils.java:logGet(43)) - raft.server.snapshot.auto.trigger.enabled = true (custom)
2019-09-12 10:35:43,682 [pool-82-thread-1] INFO  server.RaftServerConfigKeys (ConfUtils.java:logGet(43)) - raft.server.snapshot.auto.trigger.threshold = 10000 (custom)
2019-09-12 10:35:43,682 [pool-82-thread-1] INFO  server.RaftServerConfigKeys (ConfUtils.java:logGet(43)) - raft.server.retrycache.expirytime = 600000ms (custom)
2019-09-12 10:35:43,682 [pool-82-thread-1] INFO  impl.RaftServerImpl (RaftServerImpl.java:start(180)) - 8ecfe8bb-6ab2-4306-955c-1af4e2a21ecc: start group-9FB00935E4FB
2019-09-12 10:35:43,683 [pool-82-thread-1] INFO  impl.RaftServerImpl (RaftServerImpl.java:setRole(171)) - 8ecfe8bb-6ab2-4306-955c-1af4e2a21ecc:group-9FB00935E4FB changes role from null to FOLLOWER at term 0 for startAsFollower
2019-09-12 10:35:43,683 [pool-82-thread-1] INFO  impl.RoleInfo (RoleInfo.java:updateAndGet(143)) - 8ecfe8bb-6ab2-4306-955c-1af4e2a21ecc: start FollowerState
2019-09-12 10:35:43,683 [pool-82-thread-1] INFO  util.JmxRegister (JmxRegister.java:tryRegister(44)) - Successfully registered JMX Bean with object name Ratis:service=RaftServer,group=group-9FB00935E4FB,id=8ecfe8bb-6ab2-4306-955c-1af4e2a21ecc
2019-09-12 10:35:43,689 | INFO  | SCMAudit | user=jenkins1000 | ip=192.168.36.114 | op=SEND_HEARTBEAT {datanodeUUID=fe225ea7-028a-4076-a3b3-dba0461d638a, command=[]} | ret=SUCCESS |  
2019-09-12 10:35:43,689 | INFO  | SCMAudit | user=jenkins1000 | ip=192.168.36.114 | op=SEND_HEARTBEAT {datanodeUUID=9ada554e-a5cf-4351-8628-0478c6ccb0ec, command=[]} | ret=SUCCESS |  
2019-09-12 10:35:43,696 | INFO  | SCMAudit | user=jenkins1000 | ip=192.168.36.114 | op=SEND_HEARTBEAT {datanodeUUID=f3c2c8b9-2caa-489c-a85d-e6cb055caf9c, command=[]} | ret=SUCCESS |  
2019-09-12 10:35:43,697 [RatisPipelineUtilsThread] INFO  pipeline.PipelineStateManager (PipelineStateManager.java:addPipeline(56)) - Created pipeline Pipeline[ Id: f05247ee-c70c-4a14-8b3e-9fb00935e4fb, Nodes: 8ecfe8bb-6ab2-4306-955c-1af4e2a21ecc{ip: 192.168.36.114, host: pr-hdds-1569-58hkm-1881083799, networkLocation: /default-rack, certSerialId: null}, Type:RATIS, Factor:ONE, State:OPEN]
2019-09-12 10:35:43,712 [grpc-default-executor-0] INFO  impl.RaftServerProxy (RaftServerProxy.java:addNew(89)) - 95bd455b-14e9-4919-baf6-c10c70e925fc: addNew group-B28FF54660A5:[95bd455b-14e9-4919-baf6-c10c70e925fc:192.168.36.114:42736] returns group-B28FF54660A5:java.util.concurrent.CompletableFuture@2137c7ab[Not completed]
2019-09-12 10:35:43,722 [pool-104-thread-1] INFO  impl.RaftServerImpl (RaftServerImpl.java:<init>(93)) - 95bd455b-14e9-4919-baf6-c10c70e925fc: new RaftServerImpl for group-B28FF54660A5:[95bd455b-14e9-4919-baf6-c10c70e925fc:192.168.36.114:42736] with ContainerStateMachine:uninitialized
2019-09-12 10:35:43,722 [pool-104-thread-1] INFO  server.RaftServerConfigKeys (ConfUtils.java:logGet(43)) - raft.server.rpc.timeout.min = 5s (custom)
2019-09-12 10:35:43,723 [pool-104-thread-1] INFO  server.RaftServerConfigKeys (ConfUtils.java:logGet(43)) - raft.server.rpc.timeout.max = 5200ms (custom)
2019-09-12 10:35:43,723 [pool-104-thread-1] INFO  server.RaftServerConfigKeys (ConfUtils.java:logGet(43)) - raft.server.rpcslowness.timeout = 120s (custom)
2019-09-12 10:35:43,725 [pool-104-thread-1] INFO  server.RaftServerConfigKeys (ConfUtils.java:logGet(43)) - raft.server.sleep.deviation.threshold = 300 (default)
2019-09-12 10:35:43,725 [pool-104-thread-1] INFO  server.RaftServerConfigKeys (ConfUtils.java:logGet(43)) - raft.server.log.appender.install.snapshot.enabled = false (custom)
2019-09-12 10:35:43,725 | INFO  | SCMAudit | user=jenkins1000 | ip=192.168.36.114 | op=SEND_HEARTBEAT {datanodeUUID=e888d92f-5ff8-4b8f-9926-c0c6217791b7, command=[]} | ret=SUCCESS |  
2019-09-12 10:35:43,726 [pool-104-thread-1] INFO  impl.RaftServerImpl (ServerState.java:<init>(105)) - 95bd455b-14e9-4919-baf6-c10c70e925fc:group-B28FF54660A5 ConfigurationManager, init=-1: [95bd455b-14e9-4919-baf6-c10c70e925fc:192.168.36.114:42736], old=null, confs=<EMPTY_MAP>
2019-09-12 10:35:43,726 [pool-104-thread-1] INFO  server.RaftServerConfigKeys (ConfUtils.java:logGet(43)) - raft.server.storage.dir = [/workdir/hadoop-ozone/integration-test/target/test-dir/MiniOzoneClusterImpl-37d049c1-8781-4836-8b63-386207273279/datanode-7/data/ratis] (custom)
2019-09-12 10:35:43,726 [pool-104-thread-1] INFO  storage.RaftStorageDirectory (RaftStorageDirectory.java:analyzeStorage(246)) - The storage directory /workdir/hadoop-ozone/integration-test/target/test-dir/MiniOzoneClusterImpl-37d049c1-8781-4836-8b63-386207273279/datanode-7/data/ratis/37ce3d06-05e8-4ee6-8fc4-b28ff54660a5 does not exist. Creating ...
2019-09-12 10:35:43,739 [pool-104-thread-1] INFO  storage.RaftStorageDirectory (RaftStorageDirectory.java:tryLock(328)) - Lock on /workdir/hadoop-ozone/integration-test/target/test-dir/MiniOzoneClusterImpl-37d049c1-8781-4836-8b63-386207273279/datanode-7/data/ratis/37ce3d06-05e8-4ee6-8fc4-b28ff54660a5/in_use.lock acquired by nodename 9512@pr-hdds-1569-58hkm-1881083799
2019-09-12 10:35:43,756 [pool-104-thread-1] INFO  storage.RaftStorage (RaftStorage.java:format(72)) - Storage directory /workdir/hadoop-ozone/integration-test/target/test-dir/MiniOzoneClusterImpl-37d049c1-8781-4836-8b63-386207273279/datanode-7/data/ratis/37ce3d06-05e8-4ee6-8fc4-b28ff54660a5 has been successfully formatted.
2019-09-12 10:35:43,757 [pool-104-thread-1] INFO  ratis.ContainerStateMachine (ContainerStateMachine.java:loadSnapshot(226)) - group-B28FF54660A5: The snapshot info is null. Setting the last applied indexto:(t:0, i:~)
2019-09-12 10:35:43,757 [pool-104-thread-1] INFO  server.RaftServerConfigKeys (ConfUtils.java:logGet(43)) - raft.server.leader.election.timeout = 120s (custom)
2019-09-12 10:35:43,757 [pool-104-thread-1] INFO  server.RaftServerConfigKeys (ConfUtils.java:logGet(43)) - raft.server.log.use.memory = false (default)
2019-09-12 10:35:43,757 [pool-104-thread-1] INFO  server.RaftServerConfigKeys (ConfUtils.java:logGet(43)) - raft.server.log.purge.gap = 1000000 (custom)
2019-09-12 10:35:43,758 [pool-104-thread-1] INFO  server.RaftServerConfigKeys (ConfUtils.java:logGet(43)) - raft.server.log.appender.buffer.byte-limit = 33554432 (custom)
2019-09-12 10:35:43,758 [pool-104-thread-1] INFO  server.RaftServerConfigKeys (ConfUtils.java:logGet(43)) - raft.server.log.segment.size.max = 1048576 (custom)
2019-09-12 10:35:43,758 [pool-104-thread-1] INFO  server.RaftServerConfigKeys (ConfUtils.java:logGet(43)) - raft.server.log.segment.cache.num.max = 2 (custom)
2019-09-12 10:35:43,758 [pool-104-thread-1] INFO  segmented.SegmentedRaftLogWorker (SegmentedRaftLogWorker.java:<init>(172)) - new 95bd455b-14e9-4919-baf6-c10c70e925fc-SegmentedRaftLogWorker:Storage Directory /workdir/hadoop-ozone/integration-test/target/test-dir/MiniOzoneClusterImpl-37d049c1-8781-4836-8b63-386207273279/datanode-7/data/ratis/37ce3d06-05e8-4ee6-8fc4-b28ff54660a5 for RaftStorage:Storage Directory /workdir/hadoop-ozone/integration-test/target/test-dir/MiniOzoneClusterImpl-37d049c1-8781-4836-8b63-386207273279/datanode-7/data/ratis/37ce3d06-05e8-4ee6-8fc4-b28ff54660a5
2019-09-12 10:35:43,758 [pool-104-thread-1] INFO  server.RaftServerConfigKeys (ConfUtils.java:logGet(43)) - raft.server.log.queue.byte-limit = 2147483647 (custom)
2019-09-12 10:35:43,759 [pool-104-thread-1] INFO  server.RaftServerConfigKeys (ConfUtils.java:logGet(43)) - raft.server.log.queue.element-limit = 1024 (custom)
2019-09-12 10:35:43,759 [pool-104-thread-1] INFO  server.RaftServerConfigKeys (ConfUtils.java:logGet(43)) - raft.server.log.segment.size.max = 1048576 (custom)
2019-09-12 10:35:43,759 [pool-104-thread-1] INFO  server.RaftServerConfigKeys (ConfUtils.java:logGet(43)) - raft.server.log.preallocated.size = 16384 (custom)
2019-09-12 10:35:43,759 [pool-104-thread-1] INFO  server.RaftServerConfigKeys (ConfUtils.java:logGet(43)) - raft.server.log.write.buffer.size = 33554432 (custom)
2019-09-12 10:35:43,759 [pool-104-thread-1] INFO  server.RaftServerConfigKeys (ConfUtils.java:logGet(43)) - raft.server.log.force.sync.num = 128 (default)
2019-09-12 10:35:43,759 [pool-104-thread-1] INFO  server.RaftServerConfigKeys (ConfUtils.java:logGet(43)) - raft.server.log.statemachine.data.sync = true (default)
2019-09-12 10:35:43,760 [pool-104-thread-1] INFO  server.RaftServerConfigKeys (ConfUtils.java:logGet(43)) - raft.server.log.statemachine.data.sync.timeout = 10s (default)
2019-09-12 10:35:43,760 [pool-104-thread-1] INFO  server.RaftServerConfigKeys (ConfUtils.java:logGet(43)) - raft.server.log.statemachine.data.sync.timeout.retry = -1 (default)
2019-09-12 10:35:43,760 [pool-104-thread-1] INFO  server.RaftServerConfigKeys (ConfUtils.java:logGet(43)) - raft.server.log.statemachine.data.caching.enabled = true (custom)
2019-09-12 10:35:43,760 [pool-104-thread-1] INFO  segmented.SegmentedRaftLogWorker (SegmentedRaftLogWorker.java:lambda$new$0(132)) - 95bd455b-14e9-4919-baf6-c10c70e925fc-SegmentedRaftLogWorker:Storage Directory /workdir/hadoop-ozone/integration-test/target/test-dir/MiniOzoneClusterImpl-37d049c1-8781-4836-8b63-386207273279/datanode-7/data/ratis/37ce3d06-05e8-4ee6-8fc4-b28ff54660a5: flushIndex: setUnconditionally 0 -> -1
2019-09-12 10:35:43,761 [pool-104-thread-1] INFO  server.RaftServerConfigKeys (ConfUtils.java:logGet(43)) - raft.server.snapshot.auto.trigger.enabled = true (custom)
2019-09-12 10:35:43,761 [pool-104-thread-1] INFO  server.RaftServerConfigKeys (ConfUtils.java:logGet(43)) - raft.server.snapshot.auto.trigger.threshold = 10000 (custom)
2019-09-12 10:35:43,761 [pool-104-thread-1] INFO  server.RaftServerConfigKeys (ConfUtils.java:logGet(43)) - raft.server.retrycache.expirytime = 600000ms (custom)
2019-09-12 10:35:43,762 [pool-104-thread-1] INFO  impl.RaftServerImpl (RaftServerImpl.java:start(180)) - 95bd455b-14e9-4919-baf6-c10c70e925fc: start group-B28FF54660A5
2019-09-12 10:35:43,762 [pool-104-thread-1] INFO  impl.RaftServerImpl (RaftServerImpl.java:setRole(171)) - 95bd455b-14e9-4919-baf6-c10c70e925fc:group-B28FF54660A5 changes role from null to FOLLOWER at term 0 for startAsFollower
2019-09-12 10:35:43,762 [pool-104-thread-1] INFO  impl.RoleInfo (RoleInfo.java:updateAndGet(143)) - 95bd455b-14e9-4919-baf6-c10c70e925fc: start FollowerState
2019-09-12 10:35:43,763 [pool-104-thread-1] INFO  util.JmxRegister (JmxRegister.java:tryRegister(44)) - Successfully registered JMX Bean with object name Ratis:service=RaftServer,group=group-B28FF54660A5,id=95bd455b-14e9-4919-baf6-c10c70e925fc
2019-09-12 10:35:43,769 [RatisPipelineUtilsThread] INFO  pipeline.PipelineStateManager (PipelineStateManager.java:addPipeline(56)) - Created pipeline Pipeline[ Id: 37ce3d06-05e8-4ee6-8fc4-b28ff54660a5, Nodes: 95bd455b-14e9-4919-baf6-c10c70e925fc{ip: 192.168.36.114, host: pr-hdds-1569-58hkm-1881083799, networkLocation: /default-rack, certSerialId: null}, Type:RATIS, Factor:ONE, State:OPEN]
2019-09-12 10:35:43,771 [Thread-282] INFO  container.ReplicationManager (ReplicationManager.java:start(151)) - Starting Replication Monitor Thread.
2019-09-12 10:35:43,776 [ReplicationMonitor] INFO  container.ReplicationManager (ReplicationManager.java:run(214)) - Replication Monitor Thread took 0 milliseconds for processing 0 containers.
2019-09-12 10:35:43,783 [grpc-default-executor-0] INFO  impl.RaftServerProxy (RaftServerProxy.java:addNew(89)) - 3ea3aff6-08b9-42c8-836f-7f03e071752a: addNew group-2DE5A38E54FB:[3ea3aff6-08b9-42c8-836f-7f03e071752a:192.168.36.114:46411] returns group-2DE5A38E54FB:java.util.concurrent.CompletableFuture@54279f0c[Not completed]
2019-09-12 10:35:43,785 [pool-38-thread-1] INFO  impl.RaftServerImpl (RaftServerImpl.java:<init>(93)) - 3ea3aff6-08b9-42c8-836f-7f03e071752a: new RaftServerImpl for group-2DE5A38E54FB:[3ea3aff6-08b9-42c8-836f-7f03e071752a:192.168.36.114:46411] with ContainerStateMachine:uninitialized
2019-09-12 10:35:43,785 [pool-38-thread-1] INFO  server.RaftServerConfigKeys (ConfUtils.java:logGet(43)) - raft.server.rpc.timeout.min = 5s (custom)
2019-09-12 10:35:43,785 [pool-38-thread-1] INFO  server.RaftServerConfigKeys (ConfUtils.java:logGet(43)) - raft.server.rpc.timeout.max = 5200ms (custom)
2019-09-12 10:35:43,785 [pool-38-thread-1] INFO  server.RaftServerConfigKeys (ConfUtils.java:logGet(43)) - raft.server.rpcslowness.timeout = 120s (custom)
2019-09-12 10:35:43,785 [pool-38-thread-1] INFO  server.RaftServerConfigKeys (ConfUtils.java:logGet(43)) - raft.server.sleep.deviation.threshold = 300 (default)
2019-09-12 10:35:43,786 [pool-38-thread-1] INFO  server.RaftServerConfigKeys (ConfUtils.java:logGet(43)) - raft.server.log.appender.install.snapshot.enabled = false (custom)
2019-09-12 10:35:43,786 [pool-38-thread-1] INFO  impl.RaftServerImpl (ServerState.java:<init>(105)) - 3ea3aff6-08b9-42c8-836f-7f03e071752a:group-2DE5A38E54FB ConfigurationManager, init=-1: [3ea3aff6-08b9-42c8-836f-7f03e071752a:192.168.36.114:46411], old=null, confs=<EMPTY_MAP>
2019-09-12 10:35:43,786 [pool-38-thread-1] INFO  server.RaftServerConfigKeys (ConfUtils.java:logGet(43)) - raft.server.storage.dir = [/workdir/hadoop-ozone/integration-test/target/test-dir/MiniOzoneClusterImpl-37d049c1-8781-4836-8b63-386207273279/datanode-1/data/ratis] (custom)
2019-09-12 10:35:43,786 [pool-38-thread-1] INFO  storage.RaftStorageDirectory (RaftStorageDirectory.java:analyzeStorage(246)) - The storage directory /workdir/hadoop-ozone/integration-test/target/test-dir/MiniOzoneClusterImpl-37d049c1-8781-4836-8b63-386207273279/datanode-1/data/ratis/2a38566e-41a4-4c6a-a3d6-2de5a38e54fb does not exist. Creating ...
2019-09-12 10:35:43,799 [pool-38-thread-1] INFO  storage.RaftStorageDirectory (RaftStorageDirectory.java:tryLock(328)) - Lock on /workdir/hadoop-ozone/integration-test/target/test-dir/MiniOzoneClusterImpl-37d049c1-8781-4836-8b63-386207273279/datanode-1/data/ratis/2a38566e-41a4-4c6a-a3d6-2de5a38e54fb/in_use.lock acquired by nodename 9512@pr-hdds-1569-58hkm-1881083799
2019-09-12 10:35:43,812 [pool-38-thread-1] INFO  storage.RaftStorage (RaftStorage.java:format(72)) - Storage directory /workdir/hadoop-ozone/integration-test/target/test-dir/MiniOzoneClusterImpl-37d049c1-8781-4836-8b63-386207273279/datanode-1/data/ratis/2a38566e-41a4-4c6a-a3d6-2de5a38e54fb has been successfully formatted.
2019-09-12 10:35:43,812 [pool-38-thread-1] INFO  ratis.ContainerStateMachine (ContainerStateMachine.java:loadSnapshot(226)) - group-2DE5A38E54FB: The snapshot info is null. Setting the last applied indexto:(t:0, i:~)
2019-09-12 10:35:43,812 [pool-38-thread-1] INFO  server.RaftServerConfigKeys (ConfUtils.java:logGet(43)) - raft.server.leader.election.timeout = 120s (custom)
2019-09-12 10:35:43,812 [pool-38-thread-1] INFO  server.RaftServerConfigKeys (ConfUtils.java:logGet(43)) - raft.server.log.use.memory = false (default)
2019-09-12 10:35:43,812 [pool-38-thread-1] INFO  server.RaftServerConfigKeys (ConfUtils.java:logGet(43)) - raft.server.log.purge.gap = 1000000 (custom)
2019-09-12 10:35:43,812 [pool-38-thread-1] INFO  server.RaftServerConfigKeys (ConfUtils.java:logGet(43)) - raft.server.log.appender.buffer.byte-limit = 33554432 (custom)
2019-09-12 10:35:43,813 [pool-38-thread-1] INFO  server.RaftServerConfigKeys (ConfUtils.java:logGet(43)) - raft.server.log.segment.size.max = 1048576 (custom)
2019-09-12 10:35:43,813 [pool-38-thread-1] INFO  server.RaftServerConfigKeys (ConfUtils.java:logGet(43)) - raft.server.log.segment.cache.num.max = 2 (custom)
2019-09-12 10:35:43,813 [pool-38-thread-1] INFO  segmented.SegmentedRaftLogWorker (SegmentedRaftLogWorker.java:<init>(172)) - new 3ea3aff6-08b9-42c8-836f-7f03e071752a-SegmentedRaftLogWorker:Storage Directory /workdir/hadoop-ozone/integration-test/target/test-dir/MiniOzoneClusterImpl-37d049c1-8781-4836-8b63-386207273279/datanode-1/data/ratis/2a38566e-41a4-4c6a-a3d6-2de5a38e54fb for RaftStorage:Storage Directory /workdir/hadoop-ozone/integration-test/target/test-dir/MiniOzoneClusterImpl-37d049c1-8781-4836-8b63-386207273279/datanode-1/data/ratis/2a38566e-41a4-4c6a-a3d6-2de5a38e54fb
2019-09-12 10:35:43,813 [pool-38-thread-1] INFO  server.RaftServerConfigKeys (ConfUtils.java:logGet(43)) - raft.server.log.queue.byte-limit = 2147483647 (custom)
2019-09-12 10:35:43,813 [pool-38-thread-1] INFO  server.RaftServerConfigKeys (ConfUtils.java:logGet(43)) - raft.server.log.queue.element-limit = 1024 (custom)
2019-09-12 10:35:43,813 [pool-38-thread-1] INFO  server.RaftServerConfigKeys (ConfUtils.java:logGet(43)) - raft.server.log.segment.size.max = 1048576 (custom)
2019-09-12 10:35:43,813 [pool-38-thread-1] INFO  server.RaftServerConfigKeys (ConfUtils.java:logGet(43)) - raft.server.log.preallocated.size = 16384 (custom)
2019-09-12 10:35:43,814 [pool-38-thread-1] INFO  server.RaftServerConfigKeys (ConfUtils.java:logGet(43)) - raft.server.log.write.buffer.size = 33554432 (custom)
2019-09-12 10:35:43,814 [pool-38-thread-1] INFO  server.RaftServerConfigKeys (ConfUtils.java:logGet(43)) - raft.server.log.force.sync.num = 128 (default)
2019-09-12 10:35:43,814 [pool-38-thread-1] INFO  server.RaftServerConfigKeys (ConfUtils.java:logGet(43)) - raft.server.log.statemachine.data.sync = true (default)
2019-09-12 10:35:43,814 [pool-38-thread-1] INFO  server.RaftServerConfigKeys (ConfUtils.java:logGet(43)) - raft.server.log.statemachine.data.sync.timeout = 10s (default)
2019-09-12 10:35:43,814 [pool-38-thread-1] INFO  server.RaftServerConfigKeys (ConfUtils.java:logGet(43)) - raft.server.log.statemachine.data.sync.timeout.retry = -1 (default)
2019-09-12 10:35:43,814 [pool-38-thread-1] INFO  server.RaftServerConfigKeys (ConfUtils.java:logGet(43)) - raft.server.log.statemachine.data.caching.enabled = true (custom)
2019-09-12 10:35:43,815 [pool-38-thread-1] INFO  segmented.SegmentedRaftLogWorker (SegmentedRaftLogWorker.java:lambda$new$0(132)) - 3ea3aff6-08b9-42c8-836f-7f03e071752a-SegmentedRaftLogWorker:Storage Directory /workdir/hadoop-ozone/integration-test/target/test-dir/MiniOzoneClusterImpl-37d049c1-8781-4836-8b63-386207273279/datanode-1/data/ratis/2a38566e-41a4-4c6a-a3d6-2de5a38e54fb: flushIndex: setUnconditionally 0 -> -1
2019-09-12 10:35:43,815 [pool-38-thread-1] INFO  server.RaftServerConfigKeys (ConfUtils.java:logGet(43)) - raft.server.snapshot.auto.trigger.enabled = true (custom)
2019-09-12 10:35:43,815 [pool-38-thread-1] INFO  server.RaftServerConfigKeys (ConfUtils.java:logGet(43)) - raft.server.snapshot.auto.trigger.threshold = 10000 (custom)
2019-09-12 10:35:43,815 [pool-38-thread-1] INFO  server.RaftServerConfigKeys (ConfUtils.java:logGet(43)) - raft.server.retrycache.expirytime = 600000ms (custom)
2019-09-12 10:35:43,816 [pool-38-thread-1] INFO  impl.RaftServerImpl (RaftServerImpl.java:start(180)) - 3ea3aff6-08b9-42c8-836f-7f03e071752a: start group-2DE5A38E54FB
2019-09-12 10:35:43,816 [pool-38-thread-1] INFO  impl.RaftServerImpl (RaftServerImpl.java:setRole(171)) - 3ea3aff6-08b9-42c8-836f-7f03e071752a:group-2DE5A38E54FB changes role from null to FOLLOWER at term 0 for startAsFollower
2019-09-12 10:35:43,816 [pool-38-thread-1] INFO  impl.RoleInfo (RoleInfo.java:updateAndGet(143)) - 3ea3aff6-08b9-42c8-836f-7f03e071752a: start FollowerState
2019-09-12 10:35:43,816 [pool-38-thread-1] INFO  util.JmxRegister (JmxRegister.java:tryRegister(44)) - Successfully registered JMX Bean with object name Ratis:service=RaftServer,group=group-2DE5A38E54FB,id=3ea3aff6-08b9-42c8-836f-7f03e071752a
2019-09-12 10:35:43,822 [RatisPipelineUtilsThread] INFO  pipeline.PipelineStateManager (PipelineStateManager.java:addPipeline(56)) - Created pipeline Pipeline[ Id: 2a38566e-41a4-4c6a-a3d6-2de5a38e54fb, Nodes: 3ea3aff6-08b9-42c8-836f-7f03e071752a{ip: 192.168.36.114, host: pr-hdds-1569-58hkm-1881083799, networkLocation: /default-rack, certSerialId: null}, Type:RATIS, Factor:ONE, State:OPEN]
2019-09-12 10:35:43,841 [grpc-default-executor-0] INFO  impl.RaftServerProxy (RaftServerProxy.java:addNew(89)) - a6b7ffbc-3229-4dcb-9aed-a6c6127890ed: addNew group-DEE047115087:[a6b7ffbc-3229-4dcb-9aed-a6c6127890ed:192.168.36.114:37105] returns group-DEE047115087:java.util.concurrent.CompletableFuture@2b3d6e08[Not completed]
2019-09-12 10:35:43,847 [pool-115-thread-1] INFO  impl.RaftServerImpl (RaftServerImpl.java:<init>(93)) - a6b7ffbc-3229-4dcb-9aed-a6c6127890ed: new RaftServerImpl for group-DEE047115087:[a6b7ffbc-3229-4dcb-9aed-a6c6127890ed:192.168.36.114:37105] with ContainerStateMachine:uninitialized
2019-09-12 10:35:43,848 [pool-115-thread-1] INFO  server.RaftServerConfigKeys (ConfUtils.java:logGet(43)) - raft.server.rpc.timeout.min = 5s (custom)
2019-09-12 10:35:43,848 [pool-115-thread-1] INFO  server.RaftServerConfigKeys (ConfUtils.java:logGet(43)) - raft.server.rpc.timeout.max = 5200ms (custom)
2019-09-12 10:35:43,848 [pool-115-thread-1] INFO  server.RaftServerConfigKeys (ConfUtils.java:logGet(43)) - raft.server.rpcslowness.timeout = 120s (custom)
2019-09-12 10:35:43,848 [pool-115-thread-1] INFO  server.RaftServerConfigKeys (ConfUtils.java:logGet(43)) - raft.server.sleep.deviation.threshold = 300 (default)
2019-09-12 10:35:43,848 [pool-115-thread-1] INFO  server.RaftServerConfigKeys (ConfUtils.java:logGet(43)) - raft.server.log.appender.install.snapshot.enabled = false (custom)
2019-09-12 10:35:43,848 [pool-115-thread-1] INFO  impl.RaftServerImpl (ServerState.java:<init>(105)) - a6b7ffbc-3229-4dcb-9aed-a6c6127890ed:group-DEE047115087 ConfigurationManager, init=-1: [a6b7ffbc-3229-4dcb-9aed-a6c6127890ed:192.168.36.114:37105], old=null, confs=<EMPTY_MAP>
2019-09-12 10:35:43,849 [pool-115-thread-1] INFO  server.RaftServerConfigKeys (ConfUtils.java:logGet(43)) - raft.server.storage.dir = [/workdir/hadoop-ozone/integration-test/target/test-dir/MiniOzoneClusterImpl-37d049c1-8781-4836-8b63-386207273279/datanode-8/data/ratis] (custom)
2019-09-12 10:35:43,849 [pool-115-thread-1] INFO  storage.RaftStorageDirectory (RaftStorageDirectory.java:analyzeStorage(246)) - The storage directory /workdir/hadoop-ozone/integration-test/target/test-dir/MiniOzoneClusterImpl-37d049c1-8781-4836-8b63-386207273279/datanode-8/data/ratis/6655fe79-05f5-4efa-a84e-dee047115087 does not exist. Creating ...
2019-09-12 10:35:43,862 [pool-115-thread-1] INFO  storage.RaftStorageDirectory (RaftStorageDirectory.java:tryLock(328)) - Lock on /workdir/hadoop-ozone/integration-test/target/test-dir/MiniOzoneClusterImpl-37d049c1-8781-4836-8b63-386207273279/datanode-8/data/ratis/6655fe79-05f5-4efa-a84e-dee047115087/in_use.lock acquired by nodename 9512@pr-hdds-1569-58hkm-1881083799
2019-09-12 10:35:43,875 [pool-115-thread-1] INFO  storage.RaftStorage (RaftStorage.java:format(72)) - Storage directory /workdir/hadoop-ozone/integration-test/target/test-dir/MiniOzoneClusterImpl-37d049c1-8781-4836-8b63-386207273279/datanode-8/data/ratis/6655fe79-05f5-4efa-a84e-dee047115087 has been successfully formatted.
2019-09-12 10:35:43,875 [pool-115-thread-1] INFO  ratis.ContainerStateMachine (ContainerStateMachine.java:loadSnapshot(226)) - group-DEE047115087: The snapshot info is null. Setting the last applied indexto:(t:0, i:~)
2019-09-12 10:35:43,875 [pool-115-thread-1] INFO  server.RaftServerConfigKeys (ConfUtils.java:logGet(43)) - raft.server.leader.election.timeout = 120s (custom)
2019-09-12 10:35:43,875 [pool-115-thread-1] INFO  server.RaftServerConfigKeys (ConfUtils.java:logGet(43)) - raft.server.log.use.memory = false (default)
2019-09-12 10:35:43,875 [pool-115-thread-1] INFO  server.RaftServerConfigKeys (ConfUtils.java:logGet(43)) - raft.server.log.purge.gap = 1000000 (custom)
2019-09-12 10:35:43,876 [pool-115-thread-1] INFO  server.RaftServerConfigKeys (ConfUtils.java:logGet(43)) - raft.server.log.appender.buffer.byte-limit = 33554432 (custom)
2019-09-12 10:35:43,876 [pool-115-thread-1] INFO  server.RaftServerConfigKeys (ConfUtils.java:logGet(43)) - raft.server.log.segment.size.max = 1048576 (custom)
2019-09-12 10:35:43,876 [pool-115-thread-1] INFO  server.RaftServerConfigKeys (ConfUtils.java:logGet(43)) - raft.server.log.segment.cache.num.max = 2 (custom)
2019-09-12 10:35:43,876 [pool-115-thread-1] INFO  segmented.SegmentedRaftLogWorker (SegmentedRaftLogWorker.java:<init>(172)) - new a6b7ffbc-3229-4dcb-9aed-a6c6127890ed-SegmentedRaftLogWorker:Storage Directory /workdir/hadoop-ozone/integration-test/target/test-dir/MiniOzoneClusterImpl-37d049c1-8781-4836-8b63-386207273279/datanode-8/data/ratis/6655fe79-05f5-4efa-a84e-dee047115087 for RaftStorage:Storage Directory /workdir/hadoop-ozone/integration-test/target/test-dir/MiniOzoneClusterImpl-37d049c1-8781-4836-8b63-386207273279/datanode-8/data/ratis/6655fe79-05f5-4efa-a84e-dee047115087
2019-09-12 10:35:43,876 [pool-115-thread-1] INFO  server.RaftServerConfigKeys (ConfUtils.java:logGet(43)) - raft.server.log.queue.byte-limit = 2147483647 (custom)
2019-09-12 10:35:43,876 [pool-115-thread-1] INFO  server.RaftServerConfigKeys (ConfUtils.java:logGet(43)) - raft.server.log.queue.element-limit = 1024 (custom)
2019-09-12 10:35:43,877 [pool-115-thread-1] INFO  server.RaftServerConfigKeys (ConfUtils.java:logGet(43)) - raft.server.log.segment.size.max = 1048576 (custom)
2019-09-12 10:35:43,877 [pool-115-thread-1] INFO  server.RaftServerConfigKeys (ConfUtils.java:logGet(43)) - raft.server.log.preallocated.size = 16384 (custom)
2019-09-12 10:35:43,877 [pool-115-thread-1] INFO  server.RaftServerConfigKeys (ConfUtils.java:logGet(43)) - raft.server.log.write.buffer.size = 33554432 (custom)
2019-09-12 10:35:43,877 [pool-115-thread-1] INFO  server.RaftServerConfigKeys (ConfUtils.java:logGet(43)) - raft.server.log.force.sync.num = 128 (default)
2019-09-12 10:35:43,877 [pool-115-thread-1] INFO  server.RaftServerConfigKeys (ConfUtils.java:logGet(43)) - raft.server.log.statemachine.data.sync = true (default)
2019-09-12 10:35:43,878 [pool-115-thread-1] INFO  server.RaftServerConfigKeys (ConfUtils.java:logGet(43)) - raft.server.log.statemachine.data.sync.timeout = 10s (default)
2019-09-12 10:35:43,878 [pool-115-thread-1] INFO  server.RaftServerConfigKeys (ConfUtils.java:logGet(43)) - raft.server.log.statemachine.data.sync.timeout.retry = -1 (default)
2019-09-12 10:35:43,878 [pool-115-thread-1] INFO  server.RaftServerConfigKeys (ConfUtils.java:logGet(43)) - raft.server.log.statemachine.data.caching.enabled = true (custom)
2019-09-12 10:35:43,879 [pool-115-thread-1] INFO  segmented.SegmentedRaftLogWorker (SegmentedRaftLogWorker.java:lambda$new$0(132)) - a6b7ffbc-3229-4dcb-9aed-a6c6127890ed-SegmentedRaftLogWorker:Storage Directory /workdir/hadoop-ozone/integration-test/target/test-dir/MiniOzoneClusterImpl-37d049c1-8781-4836-8b63-386207273279/datanode-8/data/ratis/6655fe79-05f5-4efa-a84e-dee047115087: flushIndex: setUnconditionally 0 -> -1
2019-09-12 10:35:43,879 [pool-115-thread-1] INFO  server.RaftServerConfigKeys (ConfUtils.java:logGet(43)) - raft.server.snapshot.auto.trigger.enabled = true (custom)
2019-09-12 10:35:43,879 [pool-115-thread-1] INFO  server.RaftServerConfigKeys (ConfUtils.java:logGet(43)) - raft.server.snapshot.auto.trigger.threshold = 10000 (custom)
2019-09-12 10:35:43,879 [pool-115-thread-1] INFO  server.RaftServerConfigKeys (ConfUtils.java:logGet(43)) - raft.server.retrycache.expirytime = 600000ms (custom)
2019-09-12 10:35:43,880 [pool-115-thread-1] INFO  impl.RaftServerImpl (RaftServerImpl.java:start(180)) - a6b7ffbc-3229-4dcb-9aed-a6c6127890ed: start group-DEE047115087
2019-09-12 10:35:43,880 [pool-115-thread-1] INFO  impl.RaftServerImpl (RaftServerImpl.java:setRole(171)) - a6b7ffbc-3229-4dcb-9aed-a6c6127890ed:group-DEE047115087 changes role from null to FOLLOWER at term 0 for startAsFollower
2019-09-12 10:35:43,880 [pool-115-thread-1] INFO  impl.RoleInfo (RoleInfo.java:updateAndGet(143)) - a6b7ffbc-3229-4dcb-9aed-a6c6127890ed: start FollowerState
2019-09-12 10:35:43,881 [pool-115-thread-1] INFO  util.JmxRegister (JmxRegister.java:tryRegister(44)) - Successfully registered JMX Bean with object name Ratis:service=RaftServer,group=group-DEE047115087,id=a6b7ffbc-3229-4dcb-9aed-a6c6127890ed
2019-09-12 10:35:43,886 [RatisPipelineUtilsThread] INFO  pipeline.PipelineStateManager (PipelineStateManager.java:addPipeline(56)) - Created pipeline Pipeline[ Id: 6655fe79-05f5-4efa-a84e-dee047115087, Nodes: a6b7ffbc-3229-4dcb-9aed-a6c6127890ed{ip: 192.168.36.114, host: pr-hdds-1569-58hkm-1881083799, networkLocation: /default-rack, certSerialId: null}, Type:RATIS, Factor:ONE, State:OPEN]
2019-09-12 10:35:43,900 [grpc-default-executor-0] INFO  impl.RaftServerProxy (RaftServerProxy.java:addNew(89)) - b4faf84d-881e-452e-9abc-9848f28c1b42: addNew group-C158840B0354:[b4faf84d-881e-452e-9abc-9848f28c1b42:192.168.36.114:44842] returns group-C158840B0354:java.util.concurrent.CompletableFuture@d7bfeef[Not completed]
2019-09-12 10:35:43,901 [pool-93-thread-1] INFO  impl.RaftServerImpl (RaftServerImpl.java:<init>(93)) - b4faf84d-881e-452e-9abc-9848f28c1b42: new RaftServerImpl for group-C158840B0354:[b4faf84d-881e-452e-9abc-9848f28c1b42:192.168.36.114:44842] with ContainerStateMachine:uninitialized
2019-09-12 10:35:43,901 [pool-93-thread-1] INFO  server.RaftServerConfigKeys (ConfUtils.java:logGet(43)) - raft.server.rpc.timeout.min = 5s (custom)
2019-09-12 10:35:43,902 [pool-93-thread-1] INFO  server.RaftServerConfigKeys (ConfUtils.java:logGet(43)) - raft.server.rpc.timeout.max = 5200ms (custom)
2019-09-12 10:35:43,902 [pool-93-thread-1] INFO  server.RaftServerConfigKeys (ConfUtils.java:logGet(43)) - raft.server.rpcslowness.timeout = 120s (custom)
2019-09-12 10:35:43,902 [pool-93-thread-1] INFO  server.RaftServerConfigKeys (ConfUtils.java:logGet(43)) - raft.server.sleep.deviation.threshold = 300 (default)
2019-09-12 10:35:43,902 [pool-93-thread-1] INFO  server.RaftServerConfigKeys (ConfUtils.java:logGet(43)) - raft.server.log.appender.install.snapshot.enabled = false (custom)
2019-09-12 10:35:43,902 [pool-93-thread-1] INFO  impl.RaftServerImpl (ServerState.java:<init>(105)) - b4faf84d-881e-452e-9abc-9848f28c1b42:group-C158840B0354 ConfigurationManager, init=-1: [b4faf84d-881e-452e-9abc-9848f28c1b42:192.168.36.114:44842], old=null, confs=<EMPTY_MAP>
2019-09-12 10:35:43,902 [pool-93-thread-1] INFO  server.RaftServerConfigKeys (ConfUtils.java:logGet(43)) - raft.server.storage.dir = [/workdir/hadoop-ozone/integration-test/target/test-dir/MiniOzoneClusterImpl-37d049c1-8781-4836-8b63-386207273279/datanode-6/data/ratis] (custom)
2019-09-12 10:35:43,903 [pool-93-thread-1] INFO  storage.RaftStorageDirectory (RaftStorageDirectory.java:analyzeStorage(246)) - The storage directory /workdir/hadoop-ozone/integration-test/target/test-dir/MiniOzoneClusterImpl-37d049c1-8781-4836-8b63-386207273279/datanode-6/data/ratis/56e1630a-56b0-4d7c-b01d-c158840b0354 does not exist. Creating ...
2019-09-12 10:35:43,915 [pool-93-thread-1] INFO  storage.RaftStorageDirectory (RaftStorageDirectory.java:tryLock(328)) - Lock on /workdir/hadoop-ozone/integration-test/target/test-dir/MiniOzoneClusterImpl-37d049c1-8781-4836-8b63-386207273279/datanode-6/data/ratis/56e1630a-56b0-4d7c-b01d-c158840b0354/in_use.lock acquired by nodename 9512@pr-hdds-1569-58hkm-1881083799
2019-09-12 10:35:43,929 [pool-93-thread-1] INFO  storage.RaftStorage (RaftStorage.java:format(72)) - Storage directory /workdir/hadoop-ozone/integration-test/target/test-dir/MiniOzoneClusterImpl-37d049c1-8781-4836-8b63-386207273279/datanode-6/data/ratis/56e1630a-56b0-4d7c-b01d-c158840b0354 has been successfully formatted.
2019-09-12 10:35:43,930 [pool-93-thread-1] INFO  ratis.ContainerStateMachine (ContainerStateMachine.java:loadSnapshot(226)) - group-C158840B0354: The snapshot info is null. Setting the last applied indexto:(t:0, i:~)
2019-09-12 10:35:43,930 [pool-93-thread-1] INFO  server.RaftServerConfigKeys (ConfUtils.java:logGet(43)) - raft.server.leader.election.timeout = 120s (custom)
2019-09-12 10:35:43,931 [pool-93-thread-1] INFO  server.RaftServerConfigKeys (ConfUtils.java:logGet(43)) - raft.server.log.use.memory = false (default)
2019-09-12 10:35:43,931 [pool-93-thread-1] INFO  server.RaftServerConfigKeys (ConfUtils.java:logGet(43)) - raft.server.log.purge.gap = 1000000 (custom)
2019-09-12 10:35:43,931 [pool-93-thread-1] INFO  server.RaftServerConfigKeys (ConfUtils.java:logGet(43)) - raft.server.log.appender.buffer.byte-limit = 33554432 (custom)
2019-09-12 10:35:43,932 [pool-93-thread-1] INFO  server.RaftServerConfigKeys (ConfUtils.java:logGet(43)) - raft.server.log.segment.size.max = 1048576 (custom)
2019-09-12 10:35:43,932 [pool-93-thread-1] INFO  server.RaftServerConfigKeys (ConfUtils.java:logGet(43)) - raft.server.log.segment.cache.num.max = 2 (custom)
2019-09-12 10:35:43,932 [pool-93-thread-1] INFO  segmented.SegmentedRaftLogWorker (SegmentedRaftLogWorker.java:<init>(172)) - new b4faf84d-881e-452e-9abc-9848f28c1b42-SegmentedRaftLogWorker:Storage Directory /workdir/hadoop-ozone/integration-test/target/test-dir/MiniOzoneClusterImpl-37d049c1-8781-4836-8b63-386207273279/datanode-6/data/ratis/56e1630a-56b0-4d7c-b01d-c158840b0354 for RaftStorage:Storage Directory /workdir/hadoop-ozone/integration-test/target/test-dir/MiniOzoneClusterImpl-37d049c1-8781-4836-8b63-386207273279/datanode-6/data/ratis/56e1630a-56b0-4d7c-b01d-c158840b0354
2019-09-12 10:35:43,933 [pool-93-thread-1] INFO  server.RaftServerConfigKeys (ConfUtils.java:logGet(43)) - raft.server.log.queue.byte-limit = 2147483647 (custom)
2019-09-12 10:35:43,933 [pool-93-thread-1] INFO  server.RaftServerConfigKeys (ConfUtils.java:logGet(43)) - raft.server.log.queue.element-limit = 1024 (custom)
2019-09-12 10:35:43,933 [pool-93-thread-1] INFO  server.RaftServerConfigKeys (ConfUtils.java:logGet(43)) - raft.server.log.segment.size.max = 1048576 (custom)
2019-09-12 10:35:43,934 [pool-93-thread-1] INFO  server.RaftServerConfigKeys (ConfUtils.java:logGet(43)) - raft.server.log.preallocated.size = 16384 (custom)
2019-09-12 10:35:43,934 [pool-93-thread-1] INFO  server.RaftServerConfigKeys (ConfUtils.java:logGet(43)) - raft.server.log.write.buffer.size = 33554432 (custom)
2019-09-12 10:35:43,934 [pool-93-thread-1] INFO  server.RaftServerConfigKeys (ConfUtils.java:logGet(43)) - raft.server.log.force.sync.num = 128 (default)
2019-09-12 10:35:43,935 [pool-93-thread-1] INFO  server.RaftServerConfigKeys (ConfUtils.java:logGet(43)) - raft.server.log.statemachine.data.sync = true (default)
2019-09-12 10:35:43,935 [pool-93-thread-1] INFO  server.RaftServerConfigKeys (ConfUtils.java:logGet(43)) - raft.server.log.statemachine.data.sync.timeout = 10s (default)
2019-09-12 10:35:43,935 [pool-93-thread-1] INFO  server.RaftServerConfigKeys (ConfUtils.java:logGet(43)) - raft.server.log.statemachine.data.sync.timeout.retry = -1 (default)
2019-09-12 10:35:43,936 [pool-93-thread-1] INFO  server.RaftServerConfigKeys (ConfUtils.java:logGet(43)) - raft.server.log.statemachine.data.caching.enabled = true (custom)
2019-09-12 10:35:43,936 [pool-93-thread-1] INFO  segmented.SegmentedRaftLogWorker (SegmentedRaftLogWorker.java:lambda$new$0(132)) - b4faf84d-881e-452e-9abc-9848f28c1b42-SegmentedRaftLogWorker:Storage Directory /workdir/hadoop-ozone/integration-test/target/test-dir/MiniOzoneClusterImpl-37d049c1-8781-4836-8b63-386207273279/datanode-6/data/ratis/56e1630a-56b0-4d7c-b01d-c158840b0354: flushIndex: setUnconditionally 0 -> -1
2019-09-12 10:35:43,937 [pool-93-thread-1] INFO  server.RaftServerConfigKeys (ConfUtils.java:logGet(43)) - raft.server.snapshot.auto.trigger.enabled = true (custom)
2019-09-12 10:35:43,937 [pool-93-thread-1] INFO  server.RaftServerConfigKeys (ConfUtils.java:logGet(43)) - raft.server.snapshot.auto.trigger.threshold = 10000 (custom)
2019-09-12 10:35:43,938 [pool-93-thread-1] INFO  server.RaftServerConfigKeys (ConfUtils.java:logGet(43)) - raft.server.retrycache.expirytime = 600000ms (custom)
2019-09-12 10:35:43,938 [pool-93-thread-1] INFO  impl.RaftServerImpl (RaftServerImpl.java:start(180)) - b4faf84d-881e-452e-9abc-9848f28c1b42: start group-C158840B0354
2019-09-12 10:35:43,939 [pool-93-thread-1] INFO  impl.RaftServerImpl (RaftServerImpl.java:setRole(171)) - b4faf84d-881e-452e-9abc-9848f28c1b42:group-C158840B0354 changes role from null to FOLLOWER at term 0 for startAsFollower
2019-09-12 10:35:43,939 [pool-93-thread-1] INFO  impl.RoleInfo (RoleInfo.java:updateAndGet(143)) - b4faf84d-881e-452e-9abc-9848f28c1b42: start FollowerState
2019-09-12 10:35:43,941 [pool-93-thread-1] INFO  util.JmxRegister (JmxRegister.java:tryRegister(44)) - Successfully registered JMX Bean with object name Ratis:service=RaftServer,group=group-C158840B0354,id=b4faf84d-881e-452e-9abc-9848f28c1b42
2019-09-12 10:35:43,955 | INFO  | SCMAudit | user=jenkins1000 | ip=192.168.36.114 | op=SEND_HEARTBEAT {datanodeUUID=3ea3aff6-08b9-42c8-836f-7f03e071752a, command=[]} | ret=SUCCESS |  
2019-09-12 10:35:43,955 [RatisPipelineUtilsThread] INFO  pipeline.PipelineStateManager (PipelineStateManager.java:addPipeline(56)) - Created pipeline Pipeline[ Id: 56e1630a-56b0-4d7c-b01d-c158840b0354, Nodes: b4faf84d-881e-452e-9abc-9848f28c1b42{ip: 192.168.36.114, host: pr-hdds-1569-58hkm-1881083799, networkLocation: /default-rack, certSerialId: null}, Type:RATIS, Factor:ONE, State:OPEN]
2019-09-12 10:35:43,999 [grpc-default-executor-0] INFO  impl.RaftServerProxy (RaftServerProxy.java:addNew(89)) - f3c2c8b9-2caa-489c-a85d-e6cb055caf9c: addNew group-3A6143492A88:[f3c2c8b9-2caa-489c-a85d-e6cb055caf9c:192.168.36.114:35683] returns group-3A6143492A88:java.util.concurrent.CompletableFuture@30bebe08[Not completed]
2019-09-12 10:35:44,001 [pool-71-thread-1] INFO  impl.RaftServerImpl (RaftServerImpl.java:<init>(93)) - f3c2c8b9-2caa-489c-a85d-e6cb055caf9c: new RaftServerImpl for group-3A6143492A88:[f3c2c8b9-2caa-489c-a85d-e6cb055caf9c:192.168.36.114:35683] with ContainerStateMachine:uninitialized
2019-09-12 10:35:44,002 [pool-71-thread-1] INFO  server.RaftServerConfigKeys (ConfUtils.java:logGet(43)) - raft.server.rpc.timeout.min = 5s (custom)
2019-09-12 10:35:44,002 [pool-71-thread-1] INFO  server.RaftServerConfigKeys (ConfUtils.java:logGet(43)) - raft.server.rpc.timeout.max = 5200ms (custom)
2019-09-12 10:35:44,002 [pool-71-thread-1] INFO  server.RaftServerConfigKeys (ConfUtils.java:logGet(43)) - raft.server.rpcslowness.timeout = 120s (custom)
2019-09-12 10:35:44,002 [pool-71-thread-1] INFO  server.RaftServerConfigKeys (ConfUtils.java:logGet(43)) - raft.server.sleep.deviation.threshold = 300 (default)
2019-09-12 10:35:44,002 [pool-71-thread-1] INFO  server.RaftServerConfigKeys (ConfUtils.java:logGet(43)) - raft.server.log.appender.install.snapshot.enabled = false (custom)
2019-09-12 10:35:44,002 [pool-71-thread-1] INFO  impl.RaftServerImpl (ServerState.java:<init>(105)) - f3c2c8b9-2caa-489c-a85d-e6cb055caf9c:group-3A6143492A88 ConfigurationManager, init=-1: [f3c2c8b9-2caa-489c-a85d-e6cb055caf9c:192.168.36.114:35683], old=null, confs=<EMPTY_MAP>
2019-09-12 10:35:44,003 [pool-71-thread-1] INFO  server.RaftServerConfigKeys (ConfUtils.java:logGet(43)) - raft.server.storage.dir = [/workdir/hadoop-ozone/integration-test/target/test-dir/MiniOzoneClusterImpl-37d049c1-8781-4836-8b63-386207273279/datanode-4/data/ratis] (custom)
2019-09-12 10:35:44,003 [pool-71-thread-1] INFO  storage.RaftStorageDirectory (RaftStorageDirectory.java:analyzeStorage(246)) - The storage directory /workdir/hadoop-ozone/integration-test/target/test-dir/MiniOzoneClusterImpl-37d049c1-8781-4836-8b63-386207273279/datanode-4/data/ratis/b038fc4c-f1c2-4870-92f6-3a6143492a88 does not exist. Creating ...
2019-09-12 10:35:44,025 [pool-71-thread-1] INFO  storage.RaftStorageDirectory (RaftStorageDirectory.java:tryLock(328)) - Lock on /workdir/hadoop-ozone/integration-test/target/test-dir/MiniOzoneClusterImpl-37d049c1-8781-4836-8b63-386207273279/datanode-4/data/ratis/b038fc4c-f1c2-4870-92f6-3a6143492a88/in_use.lock acquired by nodename 9512@pr-hdds-1569-58hkm-1881083799
2019-09-12 10:35:44,038 [pool-71-thread-1] INFO  storage.RaftStorage (RaftStorage.java:format(72)) - Storage directory /workdir/hadoop-ozone/integration-test/target/test-dir/MiniOzoneClusterImpl-37d049c1-8781-4836-8b63-386207273279/datanode-4/data/ratis/b038fc4c-f1c2-4870-92f6-3a6143492a88 has been successfully formatted.
2019-09-12 10:35:44,038 [pool-71-thread-1] INFO  ratis.ContainerStateMachine (ContainerStateMachine.java:loadSnapshot(226)) - group-3A6143492A88: The snapshot info is null. Setting the last applied indexto:(t:0, i:~)
2019-09-12 10:35:44,039 [pool-71-thread-1] INFO  server.RaftServerConfigKeys (ConfUtils.java:logGet(43)) - raft.server.leader.election.timeout = 120s (custom)
2019-09-12 10:35:44,039 [pool-71-thread-1] INFO  server.RaftServerConfigKeys (ConfUtils.java:logGet(43)) - raft.server.log.use.memory = false (default)
2019-09-12 10:35:44,039 [pool-71-thread-1] INFO  server.RaftServerConfigKeys (ConfUtils.java:logGet(43)) - raft.server.log.purge.gap = 1000000 (custom)
2019-09-12 10:35:44,039 [pool-71-thread-1] INFO  server.RaftServerConfigKeys (ConfUtils.java:logGet(43)) - raft.server.log.appender.buffer.byte-limit = 33554432 (custom)
2019-09-12 10:35:44,039 [pool-71-thread-1] INFO  server.RaftServerConfigKeys (ConfUtils.java:logGet(43)) - raft.server.log.segment.size.max = 1048576 (custom)
2019-09-12 10:35:44,040 [pool-71-thread-1] INFO  server.RaftServerConfigKeys (ConfUtils.java:logGet(43)) - raft.server.log.segment.cache.num.max = 2 (custom)
2019-09-12 10:35:44,040 [pool-71-thread-1] INFO  segmented.SegmentedRaftLogWorker (SegmentedRaftLogWorker.java:<init>(172)) - new f3c2c8b9-2caa-489c-a85d-e6cb055caf9c-SegmentedRaftLogWorker:Storage Directory /workdir/hadoop-ozone/integration-test/target/test-dir/MiniOzoneClusterImpl-37d049c1-8781-4836-8b63-386207273279/datanode-4/data/ratis/b038fc4c-f1c2-4870-92f6-3a6143492a88 for RaftStorage:Storage Directory /workdir/hadoop-ozone/integration-test/target/test-dir/MiniOzoneClusterImpl-37d049c1-8781-4836-8b63-386207273279/datanode-4/data/ratis/b038fc4c-f1c2-4870-92f6-3a6143492a88
2019-09-12 10:35:44,040 [pool-71-thread-1] INFO  server.RaftServerConfigKeys (ConfUtils.java:logGet(43)) - raft.server.log.queue.byte-limit = 2147483647 (custom)
2019-09-12 10:35:44,040 [pool-71-thread-1] INFO  server.RaftServerConfigKeys (ConfUtils.java:logGet(43)) - raft.server.log.queue.element-limit = 1024 (custom)
2019-09-12 10:35:44,040 [pool-71-thread-1] INFO  server.RaftServerConfigKeys (ConfUtils.java:logGet(43)) - raft.server.log.segment.size.max = 1048576 (custom)
2019-09-12 10:35:44,040 [pool-71-thread-1] INFO  server.RaftServerConfigKeys (ConfUtils.java:logGet(43)) - raft.server.log.preallocated.size = 16384 (custom)
2019-09-12 10:35:44,041 [pool-71-thread-1] INFO  server.RaftServerConfigKeys (ConfUtils.java:logGet(43)) - raft.server.log.write.buffer.size = 33554432 (custom)
2019-09-12 10:35:44,041 [pool-71-thread-1] INFO  server.RaftServerConfigKeys (ConfUtils.java:logGet(43)) - raft.server.log.force.sync.num = 128 (default)
2019-09-12 10:35:44,041 [pool-71-thread-1] INFO  server.RaftServerConfigKeys (ConfUtils.java:logGet(43)) - raft.server.log.statemachine.data.sync = true (default)
2019-09-12 10:35:44,041 [pool-71-thread-1] INFO  server.RaftServerConfigKeys (ConfUtils.java:logGet(43)) - raft.server.log.statemachine.data.sync.timeout = 10s (default)
2019-09-12 10:35:44,041 [pool-71-thread-1] INFO  server.RaftServerConfigKeys (ConfUtils.java:logGet(43)) - raft.server.log.statemachine.data.sync.timeout.retry = -1 (default)
2019-09-12 10:35:44,042 [pool-71-thread-1] INFO  server.RaftServerConfigKeys (ConfUtils.java:logGet(43)) - raft.server.log.statemachine.data.caching.enabled = true (custom)
2019-09-12 10:35:44,042 [pool-71-thread-1] INFO  segmented.SegmentedRaftLogWorker (SegmentedRaftLogWorker.java:lambda$new$0(132)) - f3c2c8b9-2caa-489c-a85d-e6cb055caf9c-SegmentedRaftLogWorker:Storage Directory /workdir/hadoop-ozone/integration-test/target/test-dir/MiniOzoneClusterImpl-37d049c1-8781-4836-8b63-386207273279/datanode-4/data/ratis/b038fc4c-f1c2-4870-92f6-3a6143492a88: flushIndex: setUnconditionally 0 -> -1
2019-09-12 10:35:44,042 [pool-71-thread-1] INFO  server.RaftServerConfigKeys (ConfUtils.java:logGet(43)) - raft.server.snapshot.auto.trigger.enabled = true (custom)
2019-09-12 10:35:44,043 [pool-71-thread-1] INFO  server.RaftServerConfigKeys (ConfUtils.java:logGet(43)) - raft.server.snapshot.auto.trigger.threshold = 10000 (custom)
2019-09-12 10:35:44,043 [pool-71-thread-1] INFO  server.RaftServerConfigKeys (ConfUtils.java:logGet(43)) - raft.server.retrycache.expirytime = 600000ms (custom)
2019-09-12 10:35:44,043 [pool-71-thread-1] INFO  impl.RaftServerImpl (RaftServerImpl.java:start(180)) - f3c2c8b9-2caa-489c-a85d-e6cb055caf9c: start group-3A6143492A88
2019-09-12 10:35:44,043 [pool-71-thread-1] INFO  impl.RaftServerImpl (RaftServerImpl.java:setRole(171)) - f3c2c8b9-2caa-489c-a85d-e6cb055caf9c:group-3A6143492A88 changes role from null to FOLLOWER at term 0 for startAsFollower
2019-09-12 10:35:44,043 [pool-71-thread-1] INFO  impl.RoleInfo (RoleInfo.java:updateAndGet(143)) - f3c2c8b9-2caa-489c-a85d-e6cb055caf9c: start FollowerState
2019-09-12 10:35:44,054 [pool-71-thread-1] INFO  util.JmxRegister (JmxRegister.java:tryRegister(44)) - Successfully registered JMX Bean with object name Ratis:service=RaftServer,group=group-3A6143492A88,id=f3c2c8b9-2caa-489c-a85d-e6cb055caf9c
2019-09-12 10:35:44,081 [RatisPipelineUtilsThread] INFO  pipeline.PipelineStateManager (PipelineStateManager.java:addPipeline(56)) - Created pipeline Pipeline[ Id: b038fc4c-f1c2-4870-92f6-3a6143492a88, Nodes: f3c2c8b9-2caa-489c-a85d-e6cb055caf9c{ip: 192.168.36.114, host: pr-hdds-1569-58hkm-1881083799, networkLocation: /default-rack, certSerialId: null}, Type:RATIS, Factor:ONE, State:OPEN]
2019-09-12 10:35:44,090 | INFO  | SCMAudit | user=jenkins1000 | ip=192.168.36.114 | op=SEND_HEARTBEAT {datanodeUUID=8ecfe8bb-6ab2-4306-955c-1af4e2a21ecc, command=[]} | ret=SUCCESS |  
2019-09-12 10:35:44,103 [grpc-default-executor-0] INFO  impl.RaftServerProxy (RaftServerProxy.java:addNew(89)) - e888d92f-5ff8-4b8f-9926-c0c6217791b7: addNew group-F50F55ABE770:[e888d92f-5ff8-4b8f-9926-c0c6217791b7:192.168.36.114:44342] returns group-F50F55ABE770:java.util.concurrent.CompletableFuture@73a74b7e[Not completed]
2019-09-12 10:35:44,107 [pool-27-thread-1] INFO  impl.RaftServerImpl (RaftServerImpl.java:<init>(93)) - e888d92f-5ff8-4b8f-9926-c0c6217791b7: new RaftServerImpl for group-F50F55ABE770:[e888d92f-5ff8-4b8f-9926-c0c6217791b7:192.168.36.114:44342] with ContainerStateMachine:uninitialized
2019-09-12 10:35:44,107 [pool-27-thread-1] INFO  server.RaftServerConfigKeys (ConfUtils.java:logGet(43)) - raft.server.rpc.timeout.min = 5s (custom)
2019-09-12 10:35:44,107 [pool-27-thread-1] INFO  server.RaftServerConfigKeys (ConfUtils.java:logGet(43)) - raft.server.rpc.timeout.max = 5200ms (custom)
2019-09-12 10:35:44,107 [pool-27-thread-1] INFO  server.RaftServerConfigKeys (ConfUtils.java:logGet(43)) - raft.server.rpcslowness.timeout = 120s (custom)
2019-09-12 10:35:44,107 [pool-27-thread-1] INFO  server.RaftServerConfigKeys (ConfUtils.java:logGet(43)) - raft.server.sleep.deviation.threshold = 300 (default)
2019-09-12 10:35:44,107 [pool-27-thread-1] INFO  server.RaftServerConfigKeys (ConfUtils.java:logGet(43)) - raft.server.log.appender.install.snapshot.enabled = false (custom)
2019-09-12 10:35:44,107 [pool-27-thread-1] INFO  impl.RaftServerImpl (ServerState.java:<init>(105)) - e888d92f-5ff8-4b8f-9926-c0c6217791b7:group-F50F55ABE770 ConfigurationManager, init=-1: [e888d92f-5ff8-4b8f-9926-c0c6217791b7:192.168.36.114:44342], old=null, confs=<EMPTY_MAP>
2019-09-12 10:35:44,108 [pool-27-thread-1] INFO  server.RaftServerConfigKeys (ConfUtils.java:logGet(43)) - raft.server.storage.dir = [/workdir/hadoop-ozone/integration-test/target/test-dir/MiniOzoneClusterImpl-37d049c1-8781-4836-8b63-386207273279/datanode-0/data/ratis] (custom)
2019-09-12 10:35:44,108 [pool-27-thread-1] INFO  storage.RaftStorageDirectory (RaftStorageDirectory.java:analyzeStorage(246)) - The storage directory /workdir/hadoop-ozone/integration-test/target/test-dir/MiniOzoneClusterImpl-37d049c1-8781-4836-8b63-386207273279/datanode-0/data/ratis/886532ba-746c-48c7-9aa6-f50f55abe770 does not exist. Creating ...
2019-09-12 10:35:44,129 [pool-27-thread-1] INFO  storage.RaftStorageDirectory (RaftStorageDirectory.java:tryLock(328)) - Lock on /workdir/hadoop-ozone/integration-test/target/test-dir/MiniOzoneClusterImpl-37d049c1-8781-4836-8b63-386207273279/datanode-0/data/ratis/886532ba-746c-48c7-9aa6-f50f55abe770/in_use.lock acquired by nodename 9512@pr-hdds-1569-58hkm-1881083799
2019-09-12 10:35:44,142 [pool-27-thread-1] INFO  storage.RaftStorage (RaftStorage.java:format(72)) - Storage directory /workdir/hadoop-ozone/integration-test/target/test-dir/MiniOzoneClusterImpl-37d049c1-8781-4836-8b63-386207273279/datanode-0/data/ratis/886532ba-746c-48c7-9aa6-f50f55abe770 has been successfully formatted.
2019-09-12 10:35:44,142 [pool-27-thread-1] INFO  ratis.ContainerStateMachine (ContainerStateMachine.java:loadSnapshot(226)) - group-F50F55ABE770: The snapshot info is null. Setting the last applied indexto:(t:0, i:~)
2019-09-12 10:35:44,142 [pool-27-thread-1] INFO  server.RaftServerConfigKeys (ConfUtils.java:logGet(43)) - raft.server.leader.election.timeout = 120s (custom)
2019-09-12 10:35:44,142 [pool-27-thread-1] INFO  server.RaftServerConfigKeys (ConfUtils.java:logGet(43)) - raft.server.log.use.memory = false (default)
2019-09-12 10:35:44,142 [pool-27-thread-1] INFO  server.RaftServerConfigKeys (ConfUtils.java:logGet(43)) - raft.server.log.purge.gap = 1000000 (custom)
2019-09-12 10:35:44,142 [pool-27-thread-1] INFO  server.RaftServerConfigKeys (ConfUtils.java:logGet(43)) - raft.server.log.appender.buffer.byte-limit = 33554432 (custom)
2019-09-12 10:35:44,143 [pool-27-thread-1] INFO  server.RaftServerConfigKeys (ConfUtils.java:logGet(43)) - raft.server.log.segment.size.max = 1048576 (custom)
2019-09-12 10:35:44,143 [pool-27-thread-1] INFO  server.RaftServerConfigKeys (ConfUtils.java:logGet(43)) - raft.server.log.segment.cache.num.max = 2 (custom)
2019-09-12 10:35:44,143 [pool-27-thread-1] INFO  segmented.SegmentedRaftLogWorker (SegmentedRaftLogWorker.java:<init>(172)) - new e888d92f-5ff8-4b8f-9926-c0c6217791b7-SegmentedRaftLogWorker:Storage Directory /workdir/hadoop-ozone/integration-test/target/test-dir/MiniOzoneClusterImpl-37d049c1-8781-4836-8b63-386207273279/datanode-0/data/ratis/886532ba-746c-48c7-9aa6-f50f55abe770 for RaftStorage:Storage Directory /workdir/hadoop-ozone/integration-test/target/test-dir/MiniOzoneClusterImpl-37d049c1-8781-4836-8b63-386207273279/datanode-0/data/ratis/886532ba-746c-48c7-9aa6-f50f55abe770
2019-09-12 10:35:44,143 [pool-27-thread-1] INFO  server.RaftServerConfigKeys (ConfUtils.java:logGet(43)) - raft.server.log.queue.byte-limit = 2147483647 (custom)
2019-09-12 10:35:44,143 [pool-27-thread-1] INFO  server.RaftServerConfigKeys (ConfUtils.java:logGet(43)) - raft.server.log.queue.element-limit = 1024 (custom)
2019-09-12 10:35:44,143 [pool-27-thread-1] INFO  server.RaftServerConfigKeys (ConfUtils.java:logGet(43)) - raft.server.log.segment.size.max = 1048576 (custom)
2019-09-12 10:35:44,143 [pool-27-thread-1] INFO  server.RaftServerConfigKeys (ConfUtils.java:logGet(43)) - raft.server.log.preallocated.size = 16384 (custom)
2019-09-12 10:35:44,144 [pool-27-thread-1] INFO  server.RaftServerConfigKeys (ConfUtils.java:logGet(43)) - raft.server.log.write.buffer.size = 33554432 (custom)
2019-09-12 10:35:44,144 [pool-27-thread-1] INFO  server.RaftServerConfigKeys (ConfUtils.java:logGet(43)) - raft.server.log.force.sync.num = 128 (default)
2019-09-12 10:35:44,144 [pool-27-thread-1] INFO  server.RaftServerConfigKeys (ConfUtils.java:logGet(43)) - raft.server.log.statemachine.data.sync = true (default)
2019-09-12 10:35:44,144 [pool-27-thread-1] INFO  server.RaftServerConfigKeys (ConfUtils.java:logGet(43)) - raft.server.log.statemachine.data.sync.timeout = 10s (default)
2019-09-12 10:35:44,144 [pool-27-thread-1] INFO  server.RaftServerConfigKeys (ConfUtils.java:logGet(43)) - raft.server.log.statemachine.data.sync.timeout.retry = -1 (default)
2019-09-12 10:35:44,144 [pool-27-thread-1] INFO  server.RaftServerConfigKeys (ConfUtils.java:logGet(43)) - raft.server.log.statemachine.data.caching.enabled = true (custom)
2019-09-12 10:35:44,145 [pool-27-thread-1] INFO  segmented.SegmentedRaftLogWorker (SegmentedRaftLogWorker.java:lambda$new$0(132)) - e888d92f-5ff8-4b8f-9926-c0c6217791b7-SegmentedRaftLogWorker:Storage Directory /workdir/hadoop-ozone/integration-test/target/test-dir/MiniOzoneClusterImpl-37d049c1-8781-4836-8b63-386207273279/datanode-0/data/ratis/886532ba-746c-48c7-9aa6-f50f55abe770: flushIndex: setUnconditionally 0 -> -1
2019-09-12 10:35:44,145 [pool-27-thread-1] INFO  server.RaftServerConfigKeys (ConfUtils.java:logGet(43)) - raft.server.snapshot.auto.trigger.enabled = true (custom)
2019-09-12 10:35:44,145 [pool-27-thread-1] INFO  server.RaftServerConfigKeys (ConfUtils.java:logGet(43)) - raft.server.snapshot.auto.trigger.threshold = 10000 (custom)
2019-09-12 10:35:44,145 [pool-27-thread-1] INFO  server.RaftServerConfigKeys (ConfUtils.java:logGet(43)) - raft.server.retrycache.expirytime = 600000ms (custom)
2019-09-12 10:35:44,146 [pool-27-thread-1] INFO  impl.RaftServerImpl (RaftServerImpl.java:start(180)) - e888d92f-5ff8-4b8f-9926-c0c6217791b7: start group-F50F55ABE770
2019-09-12 10:35:44,146 [pool-27-thread-1] INFO  impl.RaftServerImpl (RaftServerImpl.java:setRole(171)) - e888d92f-5ff8-4b8f-9926-c0c6217791b7:group-F50F55ABE770 changes role from null to FOLLOWER at term 0 for startAsFollower
2019-09-12 10:35:44,146 [pool-27-thread-1] INFO  impl.RoleInfo (RoleInfo.java:updateAndGet(143)) - e888d92f-5ff8-4b8f-9926-c0c6217791b7: start FollowerState
2019-09-12 10:35:44,146 [pool-27-thread-1] INFO  util.JmxRegister (JmxRegister.java:tryRegister(44)) - Successfully registered JMX Bean with object name Ratis:service=RaftServer,group=group-F50F55ABE770,id=e888d92f-5ff8-4b8f-9926-c0c6217791b7
2019-09-12 10:35:44,153 [RatisPipelineUtilsThread] INFO  pipeline.PipelineStateManager (PipelineStateManager.java:addPipeline(56)) - Created pipeline Pipeline[ Id: 886532ba-746c-48c7-9aa6-f50f55abe770, Nodes: e888d92f-5ff8-4b8f-9926-c0c6217791b7{ip: 192.168.36.114, host: pr-hdds-1569-58hkm-1881083799, networkLocation: /default-rack, certSerialId: null}, Type:RATIS, Factor:ONE, State:OPEN]
2019-09-12 10:35:44,156 [RatisPipelineUtilsThread] ERROR pipeline.PipelinePlacementPolicy (PipelinePlacementPolicy.java:meetCriteria(92)) - Pipeline Placement: Doesn't meet the criteria to be viable node. Heaviness: 6
2019-09-12 10:35:44,169 [grpc-default-executor-0] INFO  impl.RaftServerProxy (RaftServerProxy.java:addNew(89)) - fe225ea7-028a-4076-a3b3-dba0461d638a: addNew group-6180AA840A2E:[fe225ea7-028a-4076-a3b3-dba0461d638a:192.168.36.114:45997] returns group-6180AA840A2E:java.util.concurrent.CompletableFuture@58685f6b[Not completed]
2019-09-12 10:35:44,170 [pool-49-thread-1] INFO  impl.RaftServerImpl (RaftServerImpl.java:<init>(93)) - fe225ea7-028a-4076-a3b3-dba0461d638a: new RaftServerImpl for group-6180AA840A2E:[fe225ea7-028a-4076-a3b3-dba0461d638a:192.168.36.114:45997] with ContainerStateMachine:uninitialized
2019-09-12 10:35:44,171 [pool-49-thread-1] INFO  server.RaftServerConfigKeys (ConfUtils.java:logGet(43)) - raft.server.rpc.timeout.min = 5s (custom)
2019-09-12 10:35:44,171 [pool-49-thread-1] INFO  server.RaftServerConfigKeys (ConfUtils.java:logGet(43)) - raft.server.rpc.timeout.max = 5200ms (custom)
2019-09-12 10:35:44,171 [pool-49-thread-1] INFO  server.RaftServerConfigKeys (ConfUtils.java:logGet(43)) - raft.server.rpcslowness.timeout = 120s (custom)
2019-09-12 10:35:44,171 [pool-49-thread-1] INFO  server.RaftServerConfigKeys (ConfUtils.java:logGet(43)) - raft.server.sleep.deviation.threshold = 300 (default)
2019-09-12 10:35:44,171 [pool-49-thread-1] INFO  server.RaftServerConfigKeys (ConfUtils.java:logGet(43)) - raft.server.log.appender.install.snapshot.enabled = false (custom)
2019-09-12 10:35:44,171 [pool-49-thread-1] INFO  impl.RaftServerImpl (ServerState.java:<init>(105)) - fe225ea7-028a-4076-a3b3-dba0461d638a:group-6180AA840A2E ConfigurationManager, init=-1: [fe225ea7-028a-4076-a3b3-dba0461d638a:192.168.36.114:45997], old=null, confs=<EMPTY_MAP>
2019-09-12 10:35:44,172 [pool-49-thread-1] INFO  server.RaftServerConfigKeys (ConfUtils.java:logGet(43)) - raft.server.storage.dir = [/workdir/hadoop-ozone/integration-test/target/test-dir/MiniOzoneClusterImpl-37d049c1-8781-4836-8b63-386207273279/datanode-2/data/ratis] (custom)
2019-09-12 10:35:44,172 [pool-49-thread-1] INFO  storage.RaftStorageDirectory (RaftStorageDirectory.java:analyzeStorage(246)) - The storage directory /workdir/hadoop-ozone/integration-test/target/test-dir/MiniOzoneClusterImpl-37d049c1-8781-4836-8b63-386207273279/datanode-2/data/ratis/92c4205b-2988-4dd9-aef6-6180aa840a2e does not exist. Creating ...
2019-09-12 10:35:44,185 [pool-49-thread-1] INFO  storage.RaftStorageDirectory (RaftStorageDirectory.java:tryLock(328)) - Lock on /workdir/hadoop-ozone/integration-test/target/test-dir/MiniOzoneClusterImpl-37d049c1-8781-4836-8b63-386207273279/datanode-2/data/ratis/92c4205b-2988-4dd9-aef6-6180aa840a2e/in_use.lock acquired by nodename 9512@pr-hdds-1569-58hkm-1881083799
2019-09-12 10:35:44,198 [pool-49-thread-1] INFO  storage.RaftStorage (RaftStorage.java:format(72)) - Storage directory /workdir/hadoop-ozone/integration-test/target/test-dir/MiniOzoneClusterImpl-37d049c1-8781-4836-8b63-386207273279/datanode-2/data/ratis/92c4205b-2988-4dd9-aef6-6180aa840a2e has been successfully formatted.
2019-09-12 10:35:44,199 [pool-49-thread-1] INFO  ratis.ContainerStateMachine (ContainerStateMachine.java:loadSnapshot(226)) - group-6180AA840A2E: The snapshot info is null. Setting the last applied indexto:(t:0, i:~)
2019-09-12 10:35:44,199 [pool-49-thread-1] INFO  server.RaftServerConfigKeys (ConfUtils.java:logGet(43)) - raft.server.leader.election.timeout = 120s (custom)
2019-09-12 10:35:44,199 [pool-49-thread-1] INFO  server.RaftServerConfigKeys (ConfUtils.java:logGet(43)) - raft.server.log.use.memory = false (default)
2019-09-12 10:35:44,199 [pool-49-thread-1] INFO  server.RaftServerConfigKeys (ConfUtils.java:logGet(43)) - raft.server.log.purge.gap = 1000000 (custom)
2019-09-12 10:35:44,199 [pool-49-thread-1] INFO  server.RaftServerConfigKeys (ConfUtils.java:logGet(43)) - raft.server.log.appender.buffer.byte-limit = 33554432 (custom)
2019-09-12 10:35:44,200 [pool-49-thread-1] INFO  server.RaftServerConfigKeys (ConfUtils.java:logGet(43)) - raft.server.log.segment.size.max = 1048576 (custom)
2019-09-12 10:35:44,200 [pool-49-thread-1] INFO  server.RaftServerConfigKeys (ConfUtils.java:logGet(43)) - raft.server.log.segment.cache.num.max = 2 (custom)
2019-09-12 10:35:44,200 [pool-49-thread-1] INFO  segmented.SegmentedRaftLogWorker (SegmentedRaftLogWorker.java:<init>(172)) - new fe225ea7-028a-4076-a3b3-dba0461d638a-SegmentedRaftLogWorker:Storage Directory /workdir/hadoop-ozone/integration-test/target/test-dir/MiniOzoneClusterImpl-37d049c1-8781-4836-8b63-386207273279/datanode-2/data/ratis/92c4205b-2988-4dd9-aef6-6180aa840a2e for RaftStorage:Storage Directory /workdir/hadoop-ozone/integration-test/target/test-dir/MiniOzoneClusterImpl-37d049c1-8781-4836-8b63-386207273279/datanode-2/data/ratis/92c4205b-2988-4dd9-aef6-6180aa840a2e
2019-09-12 10:35:44,200 [pool-49-thread-1] INFO  server.RaftServerConfigKeys (ConfUtils.java:logGet(43)) - raft.server.log.queue.byte-limit = 2147483647 (custom)
2019-09-12 10:35:44,200 [pool-49-thread-1] INFO  server.RaftServerConfigKeys (ConfUtils.java:logGet(43)) - raft.server.log.queue.element-limit = 1024 (custom)
2019-09-12 10:35:44,201 [pool-49-thread-1] INFO  server.RaftServerConfigKeys (ConfUtils.java:logGet(43)) - raft.server.log.segment.size.max = 1048576 (custom)
2019-09-12 10:35:44,201 [pool-49-thread-1] INFO  server.RaftServerConfigKeys (ConfUtils.java:logGet(43)) - raft.server.log.preallocated.size = 16384 (custom)
2019-09-12 10:35:44,201 [pool-49-thread-1] INFO  server.RaftServerConfigKeys (ConfUtils.java:logGet(43)) - raft.server.log.write.buffer.size = 33554432 (custom)
2019-09-12 10:35:44,201 [pool-49-thread-1] INFO  server.RaftServerConfigKeys (ConfUtils.java:logGet(43)) - raft.server.log.force.sync.num = 128 (default)
2019-09-12 10:35:44,201 [pool-49-thread-1] INFO  server.RaftServerConfigKeys (ConfUtils.java:logGet(43)) - raft.server.log.statemachine.data.sync = true (default)
2019-09-12 10:35:44,201 [pool-49-thread-1] INFO  server.RaftServerConfigKeys (ConfUtils.java:logGet(43)) - raft.server.log.statemachine.data.sync.timeout = 10s (default)
2019-09-12 10:35:44,202 [pool-49-thread-1] INFO  server.RaftServerConfigKeys (ConfUtils.java:logGet(43)) - raft.server.log.statemachine.data.sync.timeout.retry = -1 (default)
2019-09-12 10:35:44,202 [pool-49-thread-1] INFO  server.RaftServerConfigKeys (ConfUtils.java:logGet(43)) - raft.server.log.statemachine.data.caching.enabled = true (custom)
2019-09-12 10:35:44,202 [pool-49-thread-1] INFO  segmented.SegmentedRaftLogWorker (SegmentedRaftLogWorker.java:lambda$new$0(132)) - fe225ea7-028a-4076-a3b3-dba0461d638a-SegmentedRaftLogWorker:Storage Directory /workdir/hadoop-ozone/integration-test/target/test-dir/MiniOzoneClusterImpl-37d049c1-8781-4836-8b63-386207273279/datanode-2/data/ratis/92c4205b-2988-4dd9-aef6-6180aa840a2e: flushIndex: setUnconditionally 0 -> -1
2019-09-12 10:35:44,203 [pool-49-thread-1] INFO  server.RaftServerConfigKeys (ConfUtils.java:logGet(43)) - raft.server.snapshot.auto.trigger.enabled = true (custom)
2019-09-12 10:35:44,203 [pool-49-thread-1] INFO  server.RaftServerConfigKeys (ConfUtils.java:logGet(43)) - raft.server.snapshot.auto.trigger.threshold = 10000 (custom)
2019-09-12 10:35:44,203 [pool-49-thread-1] INFO  server.RaftServerConfigKeys (ConfUtils.java:logGet(43)) - raft.server.retrycache.expirytime = 600000ms (custom)
2019-09-12 10:35:44,203 [pool-49-thread-1] INFO  impl.RaftServerImpl (RaftServerImpl.java:start(180)) - fe225ea7-028a-4076-a3b3-dba0461d638a: start group-6180AA840A2E
2019-09-12 10:35:44,204 [pool-49-thread-1] INFO  impl.RaftServerImpl (RaftServerImpl.java:setRole(171)) - fe225ea7-028a-4076-a3b3-dba0461d638a:group-6180AA840A2E changes role from null to FOLLOWER at term 0 for startAsFollower
2019-09-12 10:35:44,204 [pool-49-thread-1] INFO  impl.RoleInfo (RoleInfo.java:updateAndGet(143)) - fe225ea7-028a-4076-a3b3-dba0461d638a: start FollowerState
2019-09-12 10:35:44,204 [pool-49-thread-1] INFO  util.JmxRegister (JmxRegister.java:tryRegister(44)) - Successfully registered JMX Bean with object name Ratis:service=RaftServer,group=group-6180AA840A2E,id=fe225ea7-028a-4076-a3b3-dba0461d638a
2019-09-12 10:35:44,212 [RatisPipelineUtilsThread] INFO  pipeline.PipelineStateManager (PipelineStateManager.java:addPipeline(56)) - Created pipeline Pipeline[ Id: 92c4205b-2988-4dd9-aef6-6180aa840a2e, Nodes: fe225ea7-028a-4076-a3b3-dba0461d638a{ip: 192.168.36.114, host: pr-hdds-1569-58hkm-1881083799, networkLocation: /default-rack, certSerialId: null}, Type:RATIS, Factor:ONE, State:OPEN]
2019-09-12 10:35:44,216 [RatisPipelineUtilsThread] ERROR pipeline.PipelinePlacementPolicy (PipelinePlacementPolicy.java:meetCriteria(92)) - Pipeline Placement: Doesn't meet the criteria to be viable node. Heaviness: 6
2019-09-12 10:35:44,227 [grpc-default-executor-0] INFO  impl.RaftServerProxy (RaftServerProxy.java:addNew(89)) - f3c2c8b9-2caa-489c-a85d-e6cb055caf9c: addNew group-D89A0A758BB0:[f3c2c8b9-2caa-489c-a85d-e6cb055caf9c:192.168.36.114:35683] returns group-D89A0A758BB0:java.util.concurrent.CompletableFuture@7a66d064[Not completed]
2019-09-12 10:35:44,229 [pool-71-thread-1] INFO  impl.RaftServerImpl (RaftServerImpl.java:<init>(93)) - f3c2c8b9-2caa-489c-a85d-e6cb055caf9c: new RaftServerImpl for group-D89A0A758BB0:[f3c2c8b9-2caa-489c-a85d-e6cb055caf9c:192.168.36.114:35683] with ContainerStateMachine:uninitialized
2019-09-12 10:35:44,229 [pool-71-thread-1] INFO  server.RaftServerConfigKeys (ConfUtils.java:logGet(43)) - raft.server.rpc.timeout.min = 5s (custom)
2019-09-12 10:35:44,230 [pool-71-thread-1] INFO  server.RaftServerConfigKeys (ConfUtils.java:logGet(43)) - raft.server.rpc.timeout.max = 5200ms (custom)
2019-09-12 10:35:44,230 [pool-71-thread-1] INFO  server.RaftServerConfigKeys (ConfUtils.java:logGet(43)) - raft.server.rpcslowness.timeout = 120s (custom)
2019-09-12 10:35:44,230 [pool-71-thread-1] INFO  server.RaftServerConfigKeys (ConfUtils.java:logGet(43)) - raft.server.sleep.deviation.threshold = 300 (default)
2019-09-12 10:35:44,230 [pool-71-thread-1] INFO  server.RaftServerConfigKeys (ConfUtils.java:logGet(43)) - raft.server.log.appender.install.snapshot.enabled = false (custom)
2019-09-12 10:35:44,230 [pool-71-thread-1] INFO  impl.RaftServerImpl (ServerState.java:<init>(105)) - f3c2c8b9-2caa-489c-a85d-e6cb055caf9c:group-D89A0A758BB0 ConfigurationManager, init=-1: [f3c2c8b9-2caa-489c-a85d-e6cb055caf9c:192.168.36.114:35683], old=null, confs=<EMPTY_MAP>
2019-09-12 10:35:44,230 [pool-71-thread-1] INFO  server.RaftServerConfigKeys (ConfUtils.java:logGet(43)) - raft.server.storage.dir = [/workdir/hadoop-ozone/integration-test/target/test-dir/MiniOzoneClusterImpl-37d049c1-8781-4836-8b63-386207273279/datanode-4/data/ratis] (custom)
2019-09-12 10:35:44,231 [pool-71-thread-1] INFO  storage.RaftStorageDirectory (RaftStorageDirectory.java:analyzeStorage(246)) - The storage directory /workdir/hadoop-ozone/integration-test/target/test-dir/MiniOzoneClusterImpl-37d049c1-8781-4836-8b63-386207273279/datanode-4/data/ratis/e1a21405-dc8b-470a-979c-d89a0a758bb0 does not exist. Creating ...
2019-09-12 10:35:44,243 [pool-71-thread-1] INFO  storage.RaftStorageDirectory (RaftStorageDirectory.java:tryLock(328)) - Lock on /workdir/hadoop-ozone/integration-test/target/test-dir/MiniOzoneClusterImpl-37d049c1-8781-4836-8b63-386207273279/datanode-4/data/ratis/e1a21405-dc8b-470a-979c-d89a0a758bb0/in_use.lock acquired by nodename 9512@pr-hdds-1569-58hkm-1881083799
2019-09-12 10:35:44,262 [pool-71-thread-1] INFO  storage.RaftStorage (RaftStorage.java:format(72)) - Storage directory /workdir/hadoop-ozone/integration-test/target/test-dir/MiniOzoneClusterImpl-37d049c1-8781-4836-8b63-386207273279/datanode-4/data/ratis/e1a21405-dc8b-470a-979c-d89a0a758bb0 has been successfully formatted.
2019-09-12 10:35:44,262 [pool-71-thread-1] INFO  ratis.ContainerStateMachine (ContainerStateMachine.java:loadSnapshot(226)) - group-D89A0A758BB0: The snapshot info is null. Setting the last applied indexto:(t:0, i:~)
2019-09-12 10:35:44,262 [pool-71-thread-1] INFO  server.RaftServerConfigKeys (ConfUtils.java:logGet(43)) - raft.server.leader.election.timeout = 120s (custom)
2019-09-12 10:35:44,262 [pool-71-thread-1] INFO  server.RaftServerConfigKeys (ConfUtils.java:logGet(43)) - raft.server.log.use.memory = false (default)
2019-09-12 10:35:44,263 [pool-71-thread-1] INFO  server.RaftServerConfigKeys (ConfUtils.java:logGet(43)) - raft.server.log.purge.gap = 1000000 (custom)
2019-09-12 10:35:44,263 [pool-71-thread-1] INFO  server.RaftServerConfigKeys (ConfUtils.java:logGet(43)) - raft.server.log.appender.buffer.byte-limit = 33554432 (custom)
2019-09-12 10:35:44,263 [pool-71-thread-1] INFO  server.RaftServerConfigKeys (ConfUtils.java:logGet(43)) - raft.server.log.segment.size.max = 1048576 (custom)
2019-09-12 10:35:44,263 [pool-71-thread-1] INFO  server.RaftServerConfigKeys (ConfUtils.java:logGet(43)) - raft.server.log.segment.cache.num.max = 2 (custom)
2019-09-12 10:35:44,263 [pool-71-thread-1] INFO  segmented.SegmentedRaftLogWorker (SegmentedRaftLogWorker.java:<init>(172)) - new f3c2c8b9-2caa-489c-a85d-e6cb055caf9c-SegmentedRaftLogWorker:Storage Directory /workdir/hadoop-ozone/integration-test/target/test-dir/MiniOzoneClusterImpl-37d049c1-8781-4836-8b63-386207273279/datanode-4/data/ratis/e1a21405-dc8b-470a-979c-d89a0a758bb0 for RaftStorage:Storage Directory /workdir/hadoop-ozone/integration-test/target/test-dir/MiniOzoneClusterImpl-37d049c1-8781-4836-8b63-386207273279/datanode-4/data/ratis/e1a21405-dc8b-470a-979c-d89a0a758bb0
2019-09-12 10:35:44,264 [pool-71-thread-1] INFO  server.RaftServerConfigKeys (ConfUtils.java:logGet(43)) - raft.server.log.queue.byte-limit = 2147483647 (custom)
2019-09-12 10:35:44,264 [pool-71-thread-1] INFO  server.RaftServerConfigKeys (ConfUtils.java:logGet(43)) - raft.server.log.queue.element-limit = 1024 (custom)
2019-09-12 10:35:44,264 [pool-71-thread-1] INFO  server.RaftServerConfigKeys (ConfUtils.java:logGet(43)) - raft.server.log.segment.size.max = 1048576 (custom)
2019-09-12 10:35:44,264 [pool-71-thread-1] INFO  server.RaftServerConfigKeys (ConfUtils.java:logGet(43)) - raft.server.log.preallocated.size = 16384 (custom)
2019-09-12 10:35:44,264 [pool-71-thread-1] INFO  server.RaftServerConfigKeys (ConfUtils.java:logGet(43)) - raft.server.log.write.buffer.size = 33554432 (custom)
2019-09-12 10:35:44,264 [pool-71-thread-1] INFO  server.RaftServerConfigKeys (ConfUtils.java:logGet(43)) - raft.server.log.force.sync.num = 128 (default)
2019-09-12 10:35:44,265 [pool-71-thread-1] INFO  server.RaftServerConfigKeys (ConfUtils.java:logGet(43)) - raft.server.log.statemachine.data.sync = true (default)
2019-09-12 10:35:44,265 [pool-71-thread-1] INFO  server.RaftServerConfigKeys (ConfUtils.java:logGet(43)) - raft.server.log.statemachine.data.sync.timeout = 10s (default)
2019-09-12 10:35:44,265 [pool-71-thread-1] INFO  server.RaftServerConfigKeys (ConfUtils.java:logGet(43)) - raft.server.log.statemachine.data.sync.timeout.retry = -1 (default)
2019-09-12 10:35:44,265 [pool-71-thread-1] INFO  server.RaftServerConfigKeys (ConfUtils.java:logGet(43)) - raft.server.log.statemachine.data.caching.enabled = true (custom)
2019-09-12 10:35:44,266 [pool-71-thread-1] INFO  segmented.SegmentedRaftLogWorker (SegmentedRaftLogWorker.java:lambda$new$0(132)) - f3c2c8b9-2caa-489c-a85d-e6cb055caf9c-SegmentedRaftLogWorker:Storage Directory /workdir/hadoop-ozone/integration-test/target/test-dir/MiniOzoneClusterImpl-37d049c1-8781-4836-8b63-386207273279/datanode-4/data/ratis/e1a21405-dc8b-470a-979c-d89a0a758bb0: flushIndex: setUnconditionally 0 -> -1
2019-09-12 10:35:44,266 [pool-71-thread-1] INFO  server.RaftServerConfigKeys (ConfUtils.java:logGet(43)) - raft.server.snapshot.auto.trigger.enabled = true (custom)
2019-09-12 10:35:44,266 [pool-71-thread-1] INFO  server.RaftServerConfigKeys (ConfUtils.java:logGet(43)) - raft.server.snapshot.auto.trigger.threshold = 10000 (custom)
2019-09-12 10:35:44,266 [pool-71-thread-1] INFO  server.RaftServerConfigKeys (ConfUtils.java:logGet(43)) - raft.server.retrycache.expirytime = 600000ms (custom)
2019-09-12 10:35:44,267 [pool-71-thread-1] INFO  impl.RaftServerImpl (RaftServerImpl.java:start(180)) - f3c2c8b9-2caa-489c-a85d-e6cb055caf9c: start group-D89A0A758BB0
2019-09-12 10:35:44,267 [pool-71-thread-1] INFO  impl.RaftServerImpl (RaftServerImpl.java:setRole(171)) - f3c2c8b9-2caa-489c-a85d-e6cb055caf9c:group-D89A0A758BB0 changes role from null to FOLLOWER at term 0 for startAsFollower
2019-09-12 10:35:44,267 [pool-71-thread-1] INFO  impl.RoleInfo (RoleInfo.java:updateAndGet(143)) - f3c2c8b9-2caa-489c-a85d-e6cb055caf9c: start FollowerState
2019-09-12 10:35:44,268 [pool-71-thread-1] INFO  util.JmxRegister (JmxRegister.java:tryRegister(44)) - Successfully registered JMX Bean with object name Ratis:service=RaftServer,group=group-D89A0A758BB0,id=f3c2c8b9-2caa-489c-a85d-e6cb055caf9c
2019-09-12 10:35:44,274 [RatisPipelineUtilsThread] INFO  pipeline.PipelineStateManager (PipelineStateManager.java:addPipeline(56)) - Created pipeline Pipeline[ Id: e1a21405-dc8b-470a-979c-d89a0a758bb0, Nodes: f3c2c8b9-2caa-489c-a85d-e6cb055caf9c{ip: 192.168.36.114, host: pr-hdds-1569-58hkm-1881083799, networkLocation: /default-rack, certSerialId: null}, Type:RATIS, Factor:ONE, State:OPEN]
2019-09-12 10:35:44,277 [RatisPipelineUtilsThread] ERROR pipeline.PipelinePlacementPolicy (PipelinePlacementPolicy.java:meetCriteria(92)) - Pipeline Placement: Doesn't meet the criteria to be viable node. Heaviness: 6
2019-09-12 10:35:44,292 [grpc-default-executor-0] INFO  impl.RaftServerProxy (RaftServerProxy.java:addNew(89)) - 9ada554e-a5cf-4351-8628-0478c6ccb0ec: addNew group-51B21E3D59AF:[9ada554e-a5cf-4351-8628-0478c6ccb0ec:192.168.36.114:46451] returns group-51B21E3D59AF:java.util.concurrent.CompletableFuture@4d1dbac2[Not completed]
2019-09-12 10:35:44,298 [pool-60-thread-1] INFO  impl.RaftServerImpl (RaftServerImpl.java:<init>(93)) - 9ada554e-a5cf-4351-8628-0478c6ccb0ec: new RaftServerImpl for group-51B21E3D59AF:[9ada554e-a5cf-4351-8628-0478c6ccb0ec:192.168.36.114:46451] with ContainerStateMachine:uninitialized
2019-09-12 10:35:44,299 [pool-60-thread-1] INFO  server.RaftServerConfigKeys (ConfUtils.java:logGet(43)) - raft.server.rpc.timeout.min = 5s (custom)
2019-09-12 10:35:44,299 [pool-60-thread-1] INFO  server.RaftServerConfigKeys (ConfUtils.java:logGet(43)) - raft.server.rpc.timeout.max = 5200ms (custom)
2019-09-12 10:35:44,299 [pool-60-thread-1] INFO  server.RaftServerConfigKeys (ConfUtils.java:logGet(43)) - raft.server.rpcslowness.timeout = 120s (custom)
2019-09-12 10:35:44,299 [pool-60-thread-1] INFO  server.RaftServerConfigKeys (ConfUtils.java:logGet(43)) - raft.server.sleep.deviation.threshold = 300 (default)
2019-09-12 10:35:44,299 [pool-60-thread-1] INFO  server.RaftServerConfigKeys (ConfUtils.java:logGet(43)) - raft.server.log.appender.install.snapshot.enabled = false (custom)
2019-09-12 10:35:44,299 [pool-60-thread-1] INFO  impl.RaftServerImpl (ServerState.java:<init>(105)) - 9ada554e-a5cf-4351-8628-0478c6ccb0ec:group-51B21E3D59AF ConfigurationManager, init=-1: [9ada554e-a5cf-4351-8628-0478c6ccb0ec:192.168.36.114:46451], old=null, confs=<EMPTY_MAP>
2019-09-12 10:35:44,300 [pool-60-thread-1] INFO  server.RaftServerConfigKeys (ConfUtils.java:logGet(43)) - raft.server.storage.dir = [/workdir/hadoop-ozone/integration-test/target/test-dir/MiniOzoneClusterImpl-37d049c1-8781-4836-8b63-386207273279/datanode-3/data/ratis] (custom)
2019-09-12 10:35:44,303 [pool-60-thread-1] INFO  storage.RaftStorageDirectory (RaftStorageDirectory.java:analyzeStorage(246)) - The storage directory /workdir/hadoop-ozone/integration-test/target/test-dir/MiniOzoneClusterImpl-37d049c1-8781-4836-8b63-386207273279/datanode-3/data/ratis/76b06757-5259-4159-937b-51b21e3d59af does not exist. Creating ...
2019-09-12 10:35:44,304 | INFO  | SCMAudit | user=jenkins1000 | ip=192.168.36.114 | op=SEND_HEARTBEAT {datanodeUUID=b4faf84d-881e-452e-9abc-9848f28c1b42, command=[]} | ret=SUCCESS |  
2019-09-12 10:35:44,325 [pool-60-thread-1] INFO  storage.RaftStorageDirectory (RaftStorageDirectory.java:tryLock(328)) - Lock on /workdir/hadoop-ozone/integration-test/target/test-dir/MiniOzoneClusterImpl-37d049c1-8781-4836-8b63-386207273279/datanode-3/data/ratis/76b06757-5259-4159-937b-51b21e3d59af/in_use.lock acquired by nodename 9512@pr-hdds-1569-58hkm-1881083799
2019-09-12 10:35:44,338 [pool-60-thread-1] INFO  storage.RaftStorage (RaftStorage.java:format(72)) - Storage directory /workdir/hadoop-ozone/integration-test/target/test-dir/MiniOzoneClusterImpl-37d049c1-8781-4836-8b63-386207273279/datanode-3/data/ratis/76b06757-5259-4159-937b-51b21e3d59af has been successfully formatted.
2019-09-12 10:35:44,339 [pool-60-thread-1] INFO  ratis.ContainerStateMachine (ContainerStateMachine.java:loadSnapshot(226)) - group-51B21E3D59AF: The snapshot info is null. Setting the last applied indexto:(t:0, i:~)
2019-09-12 10:35:44,339 [pool-60-thread-1] INFO  server.RaftServerConfigKeys (ConfUtils.java:logGet(43)) - raft.server.leader.election.timeout = 120s (custom)
2019-09-12 10:35:44,339 [pool-60-thread-1] INFO  server.RaftServerConfigKeys (ConfUtils.java:logGet(43)) - raft.server.log.use.memory = false (default)
2019-09-12 10:35:44,339 [pool-60-thread-1] INFO  server.RaftServerConfigKeys (ConfUtils.java:logGet(43)) - raft.server.log.purge.gap = 1000000 (custom)
2019-09-12 10:35:44,339 [pool-60-thread-1] INFO  server.RaftServerConfigKeys (ConfUtils.java:logGet(43)) - raft.server.log.appender.buffer.byte-limit = 33554432 (custom)
2019-09-12 10:35:44,340 [pool-60-thread-1] INFO  server.RaftServerConfigKeys (ConfUtils.java:logGet(43)) - raft.server.log.segment.size.max = 1048576 (custom)
2019-09-12 10:35:44,340 [pool-60-thread-1] INFO  server.RaftServerConfigKeys (ConfUtils.java:logGet(43)) - raft.server.log.segment.cache.num.max = 2 (custom)
2019-09-12 10:35:44,340 [pool-60-thread-1] INFO  segmented.SegmentedRaftLogWorker (SegmentedRaftLogWorker.java:<init>(172)) - new 9ada554e-a5cf-4351-8628-0478c6ccb0ec-SegmentedRaftLogWorker:Storage Directory /workdir/hadoop-ozone/integration-test/target/test-dir/MiniOzoneClusterImpl-37d049c1-8781-4836-8b63-386207273279/datanode-3/data/ratis/76b06757-5259-4159-937b-51b21e3d59af for RaftStorage:Storage Directory /workdir/hadoop-ozone/integration-test/target/test-dir/MiniOzoneClusterImpl-37d049c1-8781-4836-8b63-386207273279/datanode-3/data/ratis/76b06757-5259-4159-937b-51b21e3d59af
2019-09-12 10:35:44,340 [pool-60-thread-1] INFO  server.RaftServerConfigKeys (ConfUtils.java:logGet(43)) - raft.server.log.queue.byte-limit = 2147483647 (custom)
2019-09-12 10:35:44,340 [pool-60-thread-1] INFO  server.RaftServerConfigKeys (ConfUtils.java:logGet(43)) - raft.server.log.queue.element-limit = 1024 (custom)
2019-09-12 10:35:44,341 [pool-60-thread-1] INFO  server.RaftServerConfigKeys (ConfUtils.java:logGet(43)) - raft.server.log.segment.size.max = 1048576 (custom)
2019-09-12 10:35:44,341 [pool-60-thread-1] INFO  server.RaftServerConfigKeys (ConfUtils.java:logGet(43)) - raft.server.log.preallocated.size = 16384 (custom)
2019-09-12 10:35:44,341 [pool-60-thread-1] INFO  server.RaftServerConfigKeys (ConfUtils.java:logGet(43)) - raft.server.log.write.buffer.size = 33554432 (custom)
2019-09-12 10:35:44,341 [pool-60-thread-1] INFO  server.RaftServerConfigKeys (ConfUtils.java:logGet(43)) - raft.server.log.force.sync.num = 128 (default)
2019-09-12 10:35:44,341 [pool-60-thread-1] INFO  server.RaftServerConfigKeys (ConfUtils.java:logGet(43)) - raft.server.log.statemachine.data.sync = true (default)
2019-09-12 10:35:44,341 [pool-60-thread-1] INFO  server.RaftServerConfigKeys (ConfUtils.java:logGet(43)) - raft.server.log.statemachine.data.sync.timeout = 10s (default)
2019-09-12 10:35:44,342 [pool-60-thread-1] INFO  server.RaftServerConfigKeys (ConfUtils.java:logGet(43)) - raft.server.log.statemachine.data.sync.timeout.retry = -1 (default)
2019-09-12 10:35:44,342 [pool-60-thread-1] INFO  server.RaftServerConfigKeys (ConfUtils.java:logGet(43)) - raft.server.log.statemachine.data.caching.enabled = true (custom)
2019-09-12 10:35:44,342 [pool-60-thread-1] INFO  segmented.SegmentedRaftLogWorker (SegmentedRaftLogWorker.java:lambda$new$0(132)) - 9ada554e-a5cf-4351-8628-0478c6ccb0ec-SegmentedRaftLogWorker:Storage Directory /workdir/hadoop-ozone/integration-test/target/test-dir/MiniOzoneClusterImpl-37d049c1-8781-4836-8b63-386207273279/datanode-3/data/ratis/76b06757-5259-4159-937b-51b21e3d59af: flushIndex: setUnconditionally 0 -> -1
2019-09-12 10:35:44,343 [pool-60-thread-1] INFO  server.RaftServerConfigKeys (ConfUtils.java:logGet(43)) - raft.server.snapshot.auto.trigger.enabled = true (custom)
2019-09-12 10:35:44,343 [pool-60-thread-1] INFO  server.RaftServerConfigKeys (ConfUtils.java:logGet(43)) - raft.server.snapshot.auto.trigger.threshold = 10000 (custom)
2019-09-12 10:35:44,343 [pool-60-thread-1] INFO  server.RaftServerConfigKeys (ConfUtils.java:logGet(43)) - raft.server.retrycache.expirytime = 600000ms (custom)
2019-09-12 10:35:44,343 [pool-60-thread-1] INFO  impl.RaftServerImpl (RaftServerImpl.java:start(180)) - 9ada554e-a5cf-4351-8628-0478c6ccb0ec: start group-51B21E3D59AF
2019-09-12 10:35:44,344 [pool-60-thread-1] INFO  impl.RaftServerImpl (RaftServerImpl.java:setRole(171)) - 9ada554e-a5cf-4351-8628-0478c6ccb0ec:group-51B21E3D59AF changes role from null to FOLLOWER at term 0 for startAsFollower
2019-09-12 10:35:44,344 [pool-60-thread-1] INFO  impl.RoleInfo (RoleInfo.java:updateAndGet(143)) - 9ada554e-a5cf-4351-8628-0478c6ccb0ec: start FollowerState
2019-09-12 10:35:44,344 [pool-60-thread-1] INFO  util.JmxRegister (JmxRegister.java:tryRegister(44)) - Successfully registered JMX Bean with object name Ratis:service=RaftServer,group=group-51B21E3D59AF,id=9ada554e-a5cf-4351-8628-0478c6ccb0ec
2019-09-12 10:35:44,351 [RatisPipelineUtilsThread] INFO  pipeline.PipelineStateManager (PipelineStateManager.java:addPipeline(56)) - Created pipeline Pipeline[ Id: 76b06757-5259-4159-937b-51b21e3d59af, Nodes: 9ada554e-a5cf-4351-8628-0478c6ccb0ec{ip: 192.168.36.114, host: pr-hdds-1569-58hkm-1881083799, networkLocation: /default-rack, certSerialId: null}, Type:RATIS, Factor:ONE, State:OPEN]
2019-09-12 10:35:44,354 [RatisPipelineUtilsThread] ERROR pipeline.PipelinePlacementPolicy (PipelinePlacementPolicy.java:meetCriteria(92)) - Pipeline Placement: Doesn't meet the criteria to be viable node. Heaviness: 6
2019-09-12 10:35:44,366 [grpc-default-executor-0] INFO  impl.RaftServerProxy (RaftServerProxy.java:addNew(89)) - 3ea3aff6-08b9-42c8-836f-7f03e071752a: addNew group-9F902D1036AC:[3ea3aff6-08b9-42c8-836f-7f03e071752a:192.168.36.114:46411] returns group-9F902D1036AC:java.util.concurrent.CompletableFuture@4cd4daef[Not completed]
2019-09-12 10:35:44,368 [pool-38-thread-1] INFO  impl.RaftServerImpl (RaftServerImpl.java:<init>(93)) - 3ea3aff6-08b9-42c8-836f-7f03e071752a: new RaftServerImpl for group-9F902D1036AC:[3ea3aff6-08b9-42c8-836f-7f03e071752a:192.168.36.114:46411] with ContainerStateMachine:uninitialized
2019-09-12 10:35:44,369 [pool-38-thread-1] INFO  server.RaftServerConfigKeys (ConfUtils.java:logGet(43)) - raft.server.rpc.timeout.min = 5s (custom)
2019-09-12 10:35:44,369 [pool-38-thread-1] INFO  server.RaftServerConfigKeys (ConfUtils.java:logGet(43)) - raft.server.rpc.timeout.max = 5200ms (custom)
2019-09-12 10:35:44,369 [pool-38-thread-1] INFO  server.RaftServerConfigKeys (ConfUtils.java:logGet(43)) - raft.server.rpcslowness.timeout = 120s (custom)
2019-09-12 10:35:44,369 [pool-38-thread-1] INFO  server.RaftServerConfigKeys (ConfUtils.java:logGet(43)) - raft.server.sleep.deviation.threshold = 300 (default)
2019-09-12 10:35:44,369 [pool-38-thread-1] INFO  server.RaftServerConfigKeys (ConfUtils.java:logGet(43)) - raft.server.log.appender.install.snapshot.enabled = false (custom)
2019-09-12 10:35:44,369 [pool-38-thread-1] INFO  impl.RaftServerImpl (ServerState.java:<init>(105)) - 3ea3aff6-08b9-42c8-836f-7f03e071752a:group-9F902D1036AC ConfigurationManager, init=-1: [3ea3aff6-08b9-42c8-836f-7f03e071752a:192.168.36.114:46411], old=null, confs=<EMPTY_MAP>
2019-09-12 10:35:44,370 [pool-38-thread-1] INFO  server.RaftServerConfigKeys (ConfUtils.java:logGet(43)) - raft.server.storage.dir = [/workdir/hadoop-ozone/integration-test/target/test-dir/MiniOzoneClusterImpl-37d049c1-8781-4836-8b63-386207273279/datanode-1/data/ratis] (custom)
2019-09-12 10:35:44,370 [pool-38-thread-1] INFO  storage.RaftStorageDirectory (RaftStorageDirectory.java:analyzeStorage(246)) - The storage directory /workdir/hadoop-ozone/integration-test/target/test-dir/MiniOzoneClusterImpl-37d049c1-8781-4836-8b63-386207273279/datanode-1/data/ratis/95d1e1d1-f058-4652-ba98-9f902d1036ac does not exist. Creating ...
2019-09-12 10:35:44,383 [pool-38-thread-1] INFO  storage.RaftStorageDirectory (RaftStorageDirectory.java:tryLock(328)) - Lock on /workdir/hadoop-ozone/integration-test/target/test-dir/MiniOzoneClusterImpl-37d049c1-8781-4836-8b63-386207273279/datanode-1/data/ratis/95d1e1d1-f058-4652-ba98-9f902d1036ac/in_use.lock acquired by nodename 9512@pr-hdds-1569-58hkm-1881083799
2019-09-12 10:35:44,395 [pool-38-thread-1] INFO  storage.RaftStorage (RaftStorage.java:format(72)) - Storage directory /workdir/hadoop-ozone/integration-test/target/test-dir/MiniOzoneClusterImpl-37d049c1-8781-4836-8b63-386207273279/datanode-1/data/ratis/95d1e1d1-f058-4652-ba98-9f902d1036ac has been successfully formatted.
2019-09-12 10:35:44,396 [pool-38-thread-1] INFO  ratis.ContainerStateMachine (ContainerStateMachine.java:loadSnapshot(226)) - group-9F902D1036AC: The snapshot info is null. Setting the last applied indexto:(t:0, i:~)
2019-09-12 10:35:44,396 [pool-38-thread-1] INFO  server.RaftServerConfigKeys (ConfUtils.java:logGet(43)) - raft.server.leader.election.timeout = 120s (custom)
2019-09-12 10:35:44,396 [pool-38-thread-1] INFO  server.RaftServerConfigKeys (ConfUtils.java:logGet(43)) - raft.server.log.use.memory = false (default)
2019-09-12 10:35:44,396 [pool-38-thread-1] INFO  server.RaftServerConfigKeys (ConfUtils.java:logGet(43)) - raft.server.log.purge.gap = 1000000 (custom)
2019-09-12 10:35:44,396 [pool-38-thread-1] INFO  server.RaftServerConfigKeys (ConfUtils.java:logGet(43)) - raft.server.log.appender.buffer.byte-limit = 33554432 (custom)
2019-09-12 10:35:44,397 [pool-38-thread-1] INFO  server.RaftServerConfigKeys (ConfUtils.java:logGet(43)) - raft.server.log.segment.size.max = 1048576 (custom)
2019-09-12 10:35:44,397 [pool-38-thread-1] INFO  server.RaftServerConfigKeys (ConfUtils.java:logGet(43)) - raft.server.log.segment.cache.num.max = 2 (custom)
2019-09-12 10:35:44,397 [pool-38-thread-1] INFO  segmented.SegmentedRaftLogWorker (SegmentedRaftLogWorker.java:<init>(172)) - new 3ea3aff6-08b9-42c8-836f-7f03e071752a-SegmentedRaftLogWorker:Storage Directory /workdir/hadoop-ozone/integration-test/target/test-dir/MiniOzoneClusterImpl-37d049c1-8781-4836-8b63-386207273279/datanode-1/data/ratis/95d1e1d1-f058-4652-ba98-9f902d1036ac for RaftStorage:Storage Directory /workdir/hadoop-ozone/integration-test/target/test-dir/MiniOzoneClusterImpl-37d049c1-8781-4836-8b63-386207273279/datanode-1/data/ratis/95d1e1d1-f058-4652-ba98-9f902d1036ac
2019-09-12 10:35:44,397 [pool-38-thread-1] INFO  server.RaftServerConfigKeys (ConfUtils.java:logGet(43)) - raft.server.log.queue.byte-limit = 2147483647 (custom)
2019-09-12 10:35:44,397 [pool-38-thread-1] INFO  server.RaftServerConfigKeys (ConfUtils.java:logGet(43)) - raft.server.log.queue.element-limit = 1024 (custom)
2019-09-12 10:35:44,397 [pool-38-thread-1] INFO  server.RaftServerConfigKeys (ConfUtils.java:logGet(43)) - raft.server.log.segment.size.max = 1048576 (custom)
2019-09-12 10:35:44,398 [pool-38-thread-1] INFO  server.RaftServerConfigKeys (ConfUtils.java:logGet(43)) - raft.server.log.preallocated.size = 16384 (custom)
2019-09-12 10:35:44,398 [pool-38-thread-1] INFO  server.RaftServerConfigKeys (ConfUtils.java:logGet(43)) - raft.server.log.write.buffer.size = 33554432 (custom)
2019-09-12 10:35:44,398 [pool-38-thread-1] INFO  server.RaftServerConfigKeys (ConfUtils.java:logGet(43)) - raft.server.log.force.sync.num = 128 (default)
2019-09-12 10:35:44,398 [pool-38-thread-1] INFO  server.RaftServerConfigKeys (ConfUtils.java:logGet(43)) - raft.server.log.statemachine.data.sync = true (default)
2019-09-12 10:35:44,398 [pool-38-thread-1] INFO  server.RaftServerConfigKeys (ConfUtils.java:logGet(43)) - raft.server.log.statemachine.data.sync.timeout = 10s (default)
2019-09-12 10:35:44,398 [pool-38-thread-1] INFO  server.RaftServerConfigKeys (ConfUtils.java:logGet(43)) - raft.server.log.statemachine.data.sync.timeout.retry = -1 (default)
2019-09-12 10:35:44,399 [pool-38-thread-1] INFO  server.RaftServerConfigKeys (ConfUtils.java:logGet(43)) - raft.server.log.statemachine.data.caching.enabled = true (custom)
2019-09-12 10:35:44,399 [pool-38-thread-1] INFO  segmented.SegmentedRaftLogWorker (SegmentedRaftLogWorker.java:lambda$new$0(132)) - 3ea3aff6-08b9-42c8-836f-7f03e071752a-SegmentedRaftLogWorker:Storage Directory /workdir/hadoop-ozone/integration-test/target/test-dir/MiniOzoneClusterImpl-37d049c1-8781-4836-8b63-386207273279/datanode-1/data/ratis/95d1e1d1-f058-4652-ba98-9f902d1036ac: flushIndex: setUnconditionally 0 -> -1
2019-09-12 10:35:44,399 [pool-38-thread-1] INFO  server.RaftServerConfigKeys (ConfUtils.java:logGet(43)) - raft.server.snapshot.auto.trigger.enabled = true (custom)
2019-09-12 10:35:44,400 [pool-38-thread-1] INFO  server.RaftServerConfigKeys (ConfUtils.java:logGet(43)) - raft.server.snapshot.auto.trigger.threshold = 10000 (custom)
2019-09-12 10:35:44,400 [pool-38-thread-1] INFO  server.RaftServerConfigKeys (ConfUtils.java:logGet(43)) - raft.server.retrycache.expirytime = 600000ms (custom)
2019-09-12 10:35:44,400 [pool-38-thread-1] INFO  impl.RaftServerImpl (RaftServerImpl.java:start(180)) - 3ea3aff6-08b9-42c8-836f-7f03e071752a: start group-9F902D1036AC
2019-09-12 10:35:44,400 [pool-38-thread-1] INFO  impl.RaftServerImpl (RaftServerImpl.java:setRole(171)) - 3ea3aff6-08b9-42c8-836f-7f03e071752a:group-9F902D1036AC changes role from null to FOLLOWER at term 0 for startAsFollower
2019-09-12 10:35:44,400 [pool-38-thread-1] INFO  impl.RoleInfo (RoleInfo.java:updateAndGet(143)) - 3ea3aff6-08b9-42c8-836f-7f03e071752a: start FollowerState
2019-09-12 10:35:44,401 [pool-38-thread-1] INFO  util.JmxRegister (JmxRegister.java:tryRegister(44)) - Successfully registered JMX Bean with object name Ratis:service=RaftServer,group=group-9F902D1036AC,id=3ea3aff6-08b9-42c8-836f-7f03e071752a
2019-09-12 10:35:44,407 [RatisPipelineUtilsThread] INFO  pipeline.PipelineStateManager (PipelineStateManager.java:addPipeline(56)) - Created pipeline Pipeline[ Id: 95d1e1d1-f058-4652-ba98-9f902d1036ac, Nodes: 3ea3aff6-08b9-42c8-836f-7f03e071752a{ip: 192.168.36.114, host: pr-hdds-1569-58hkm-1881083799, networkLocation: /default-rack, certSerialId: null}, Type:RATIS, Factor:ONE, State:OPEN]
2019-09-12 10:35:44,410 [RatisPipelineUtilsThread] ERROR pipeline.PipelinePlacementPolicy (PipelinePlacementPolicy.java:meetCriteria(92)) - Pipeline Placement: Doesn't meet the criteria to be viable node. Heaviness: 6
2019-09-12 10:35:44,421 [grpc-default-executor-0] INFO  impl.RaftServerProxy (RaftServerProxy.java:addNew(89)) - 3ea3aff6-08b9-42c8-836f-7f03e071752a: addNew group-A8D863EE4D47:[3ea3aff6-08b9-42c8-836f-7f03e071752a:192.168.36.114:46411] returns group-A8D863EE4D47:java.util.concurrent.CompletableFuture@775b9d3c[Not completed]
2019-09-12 10:35:44,423 [pool-38-thread-1] INFO  impl.RaftServerImpl (RaftServerImpl.java:<init>(93)) - 3ea3aff6-08b9-42c8-836f-7f03e071752a: new RaftServerImpl for group-A8D863EE4D47:[3ea3aff6-08b9-42c8-836f-7f03e071752a:192.168.36.114:46411] with ContainerStateMachine:uninitialized
2019-09-12 10:35:44,423 [pool-38-thread-1] INFO  server.RaftServerConfigKeys (ConfUtils.java:logGet(43)) - raft.server.rpc.timeout.min = 5s (custom)
2019-09-12 10:35:44,423 [pool-38-thread-1] INFO  server.RaftServerConfigKeys (ConfUtils.java:logGet(43)) - raft.server.rpc.timeout.max = 5200ms (custom)
2019-09-12 10:35:44,423 [pool-38-thread-1] INFO  server.RaftServerConfigKeys (ConfUtils.java:logGet(43)) - raft.server.rpcslowness.timeout = 120s (custom)
2019-09-12 10:35:44,423 [pool-38-thread-1] INFO  server.RaftServerConfigKeys (ConfUtils.java:logGet(43)) - raft.server.sleep.deviation.threshold = 300 (default)
2019-09-12 10:35:44,424 [pool-38-thread-1] INFO  server.RaftServerConfigKeys (ConfUtils.java:logGet(43)) - raft.server.log.appender.install.snapshot.enabled = false (custom)
2019-09-12 10:35:44,424 [pool-38-thread-1] INFO  impl.RaftServerImpl (ServerState.java:<init>(105)) - 3ea3aff6-08b9-42c8-836f-7f03e071752a:group-A8D863EE4D47 ConfigurationManager, init=-1: [3ea3aff6-08b9-42c8-836f-7f03e071752a:192.168.36.114:46411], old=null, confs=<EMPTY_MAP>
2019-09-12 10:35:44,424 [pool-38-thread-1] INFO  server.RaftServerConfigKeys (ConfUtils.java:logGet(43)) - raft.server.storage.dir = [/workdir/hadoop-ozone/integration-test/target/test-dir/MiniOzoneClusterImpl-37d049c1-8781-4836-8b63-386207273279/datanode-1/data/ratis] (custom)
2019-09-12 10:35:44,424 [pool-38-thread-1] INFO  storage.RaftStorageDirectory (RaftStorageDirectory.java:analyzeStorage(246)) - The storage directory /workdir/hadoop-ozone/integration-test/target/test-dir/MiniOzoneClusterImpl-37d049c1-8781-4836-8b63-386207273279/datanode-1/data/ratis/de831bf6-d573-445b-8621-a8d863ee4d47 does not exist. Creating ...
2019-09-12 10:35:44,437 [pool-38-thread-1] INFO  storage.RaftStorageDirectory (RaftStorageDirectory.java:tryLock(328)) - Lock on /workdir/hadoop-ozone/integration-test/target/test-dir/MiniOzoneClusterImpl-37d049c1-8781-4836-8b63-386207273279/datanode-1/data/ratis/de831bf6-d573-445b-8621-a8d863ee4d47/in_use.lock acquired by nodename 9512@pr-hdds-1569-58hkm-1881083799
2019-09-12 10:35:44,450 [pool-38-thread-1] INFO  storage.RaftStorage (RaftStorage.java:format(72)) - Storage directory /workdir/hadoop-ozone/integration-test/target/test-dir/MiniOzoneClusterImpl-37d049c1-8781-4836-8b63-386207273279/datanode-1/data/ratis/de831bf6-d573-445b-8621-a8d863ee4d47 has been successfully formatted.
2019-09-12 10:35:44,451 [pool-38-thread-1] INFO  ratis.ContainerStateMachine (ContainerStateMachine.java:loadSnapshot(226)) - group-A8D863EE4D47: The snapshot info is null. Setting the last applied indexto:(t:0, i:~)
2019-09-12 10:35:44,451 [pool-38-thread-1] INFO  server.RaftServerConfigKeys (ConfUtils.java:logGet(43)) - raft.server.leader.election.timeout = 120s (custom)
2019-09-12 10:35:44,451 [pool-38-thread-1] INFO  server.RaftServerConfigKeys (ConfUtils.java:logGet(43)) - raft.server.log.use.memory = false (default)
2019-09-12 10:35:44,451 [pool-38-thread-1] INFO  server.RaftServerConfigKeys (ConfUtils.java:logGet(43)) - raft.server.log.purge.gap = 1000000 (custom)
2019-09-12 10:35:44,451 [pool-38-thread-1] INFO  server.RaftServerConfigKeys (ConfUtils.java:logGet(43)) - raft.server.log.appender.buffer.byte-limit = 33554432 (custom)
2019-09-12 10:35:44,451 [pool-38-thread-1] INFO  server.RaftServerConfigKeys (ConfUtils.java:logGet(43)) - raft.server.log.segment.size.max = 1048576 (custom)
2019-09-12 10:35:44,452 [pool-38-thread-1] INFO  server.RaftServerConfigKeys (ConfUtils.java:logGet(43)) - raft.server.log.segment.cache.num.max = 2 (custom)
2019-09-12 10:35:44,452 [pool-38-thread-1] INFO  segmented.SegmentedRaftLogWorker (SegmentedRaftLogWorker.java:<init>(172)) - new 3ea3aff6-08b9-42c8-836f-7f03e071752a-SegmentedRaftLogWorker:Storage Directory /workdir/hadoop-ozone/integration-test/target/test-dir/MiniOzoneClusterImpl-37d049c1-8781-4836-8b63-386207273279/datanode-1/data/ratis/de831bf6-d573-445b-8621-a8d863ee4d47 for RaftStorage:Storage Directory /workdir/hadoop-ozone/integration-test/target/test-dir/MiniOzoneClusterImpl-37d049c1-8781-4836-8b63-386207273279/datanode-1/data/ratis/de831bf6-d573-445b-8621-a8d863ee4d47
2019-09-12 10:35:44,452 [pool-38-thread-1] INFO  server.RaftServerConfigKeys (ConfUtils.java:logGet(43)) - raft.server.log.queue.byte-limit = 2147483647 (custom)
2019-09-12 10:35:44,452 [pool-38-thread-1] INFO  server.RaftServerConfigKeys (ConfUtils.java:logGet(43)) - raft.server.log.queue.element-limit = 1024 (custom)
2019-09-12 10:35:44,452 [pool-38-thread-1] INFO  server.RaftServerConfigKeys (ConfUtils.java:logGet(43)) - raft.server.log.segment.size.max = 1048576 (custom)
2019-09-12 10:35:44,452 [pool-38-thread-1] INFO  server.RaftServerConfigKeys (ConfUtils.java:logGet(43)) - raft.server.log.preallocated.size = 16384 (custom)
2019-09-12 10:35:44,452 [pool-38-thread-1] INFO  server.RaftServerConfigKeys (ConfUtils.java:logGet(43)) - raft.server.log.write.buffer.size = 33554432 (custom)
2019-09-12 10:35:44,453 [pool-38-thread-1] INFO  server.RaftServerConfigKeys (ConfUtils.java:logGet(43)) - raft.server.log.force.sync.num = 128 (default)
2019-09-12 10:35:44,453 [pool-38-thread-1] INFO  server.RaftServerConfigKeys (ConfUtils.java:logGet(43)) - raft.server.log.statemachine.data.sync = true (default)
2019-09-12 10:35:44,453 [pool-38-thread-1] INFO  server.RaftServerConfigKeys (ConfUtils.java:logGet(43)) - raft.server.log.statemachine.data.sync.timeout = 10s (default)
2019-09-12 10:35:44,453 [pool-38-thread-1] INFO  server.RaftServerConfigKeys (ConfUtils.java:logGet(43)) - raft.server.log.statemachine.data.sync.timeout.retry = -1 (default)
2019-09-12 10:35:44,453 [pool-38-thread-1] INFO  server.RaftServerConfigKeys (ConfUtils.java:logGet(43)) - raft.server.log.statemachine.data.caching.enabled = true (custom)
2019-09-12 10:35:44,454 [pool-38-thread-1] INFO  segmented.SegmentedRaftLogWorker (SegmentedRaftLogWorker.java:lambda$new$0(132)) - 3ea3aff6-08b9-42c8-836f-7f03e071752a-SegmentedRaftLogWorker:Storage Directory /workdir/hadoop-ozone/integration-test/target/test-dir/MiniOzoneClusterImpl-37d049c1-8781-4836-8b63-386207273279/datanode-1/data/ratis/de831bf6-d573-445b-8621-a8d863ee4d47: flushIndex: setUnconditionally 0 -> -1
2019-09-12 10:35:44,454 [pool-38-thread-1] INFO  server.RaftServerConfigKeys (ConfUtils.java:logGet(43)) - raft.server.snapshot.auto.trigger.enabled = true (custom)
2019-09-12 10:35:44,454 [pool-38-thread-1] INFO  server.RaftServerConfigKeys (ConfUtils.java:logGet(43)) - raft.server.snapshot.auto.trigger.threshold = 10000 (custom)
2019-09-12 10:35:44,454 [pool-38-thread-1] INFO  server.RaftServerConfigKeys (ConfUtils.java:logGet(43)) - raft.server.retrycache.expirytime = 600000ms (custom)
2019-09-12 10:35:44,454 [pool-38-thread-1] INFO  impl.RaftServerImpl (RaftServerImpl.java:start(180)) - 3ea3aff6-08b9-42c8-836f-7f03e071752a: start group-A8D863EE4D47
2019-09-12 10:35:44,455 [pool-38-thread-1] INFO  impl.RaftServerImpl (RaftServerImpl.java:setRole(171)) - 3ea3aff6-08b9-42c8-836f-7f03e071752a:group-A8D863EE4D47 changes role from null to FOLLOWER at term 0 for startAsFollower
2019-09-12 10:35:44,455 [pool-38-thread-1] INFO  impl.RoleInfo (RoleInfo.java:updateAndGet(143)) - 3ea3aff6-08b9-42c8-836f-7f03e071752a: start FollowerState
2019-09-12 10:35:44,455 [pool-38-thread-1] INFO  util.JmxRegister (JmxRegister.java:tryRegister(44)) - Successfully registered JMX Bean with object name Ratis:service=RaftServer,group=group-A8D863EE4D47,id=3ea3aff6-08b9-42c8-836f-7f03e071752a
2019-09-12 10:35:44,462 [RatisPipelineUtilsThread] INFO  pipeline.PipelineStateManager (PipelineStateManager.java:addPipeline(56)) - Created pipeline Pipeline[ Id: de831bf6-d573-445b-8621-a8d863ee4d47, Nodes: 3ea3aff6-08b9-42c8-836f-7f03e071752a{ip: 192.168.36.114, host: pr-hdds-1569-58hkm-1881083799, networkLocation: /default-rack, certSerialId: null}, Type:RATIS, Factor:ONE, State:OPEN]
2019-09-12 10:35:44,465 [RatisPipelineUtilsThread] ERROR pipeline.PipelinePlacementPolicy (PipelinePlacementPolicy.java:meetCriteria(92)) - Pipeline Placement: Doesn't meet the criteria to be viable node. Heaviness: 6
2019-09-12 10:35:44,465 [RatisPipelineUtilsThread] ERROR pipeline.PipelinePlacementPolicy (PipelinePlacementPolicy.java:meetCriteria(92)) - Pipeline Placement: Doesn't meet the criteria to be viable node. Heaviness: 6
2019-09-12 10:35:44,477 [grpc-default-executor-0] INFO  impl.RaftServerProxy (RaftServerProxy.java:addNew(89)) - 8ecfe8bb-6ab2-4306-955c-1af4e2a21ecc: addNew group-61220717C396:[8ecfe8bb-6ab2-4306-955c-1af4e2a21ecc:192.168.36.114:46828] returns group-61220717C396:java.util.concurrent.CompletableFuture@3915b51e[Not completed]
2019-09-12 10:35:44,479 [pool-82-thread-1] INFO  impl.RaftServerImpl (RaftServerImpl.java:<init>(93)) - 8ecfe8bb-6ab2-4306-955c-1af4e2a21ecc: new RaftServerImpl for group-61220717C396:[8ecfe8bb-6ab2-4306-955c-1af4e2a21ecc:192.168.36.114:46828] with ContainerStateMachine:uninitialized
2019-09-12 10:35:44,480 [pool-82-thread-1] INFO  server.RaftServerConfigKeys (ConfUtils.java:logGet(43)) - raft.server.rpc.timeout.min = 5s (custom)
2019-09-12 10:35:44,480 [pool-82-thread-1] INFO  server.RaftServerConfigKeys (ConfUtils.java:logGet(43)) - raft.server.rpc.timeout.max = 5200ms (custom)
2019-09-12 10:35:44,480 [pool-82-thread-1] INFO  server.RaftServerConfigKeys (ConfUtils.java:logGet(43)) - raft.server.rpcslowness.timeout = 120s (custom)
2019-09-12 10:35:44,481 [pool-82-thread-1] INFO  server.RaftServerConfigKeys (ConfUtils.java:logGet(43)) - raft.server.sleep.deviation.threshold = 300 (default)
2019-09-12 10:35:44,481 [pool-82-thread-1] INFO  server.RaftServerConfigKeys (ConfUtils.java:logGet(43)) - raft.server.log.appender.install.snapshot.enabled = false (custom)
2019-09-12 10:35:44,481 [pool-82-thread-1] INFO  impl.RaftServerImpl (ServerState.java:<init>(105)) - 8ecfe8bb-6ab2-4306-955c-1af4e2a21ecc:group-61220717C396 ConfigurationManager, init=-1: [8ecfe8bb-6ab2-4306-955c-1af4e2a21ecc:192.168.36.114:46828], old=null, confs=<EMPTY_MAP>
2019-09-12 10:35:44,481 [pool-82-thread-1] INFO  server.RaftServerConfigKeys (ConfUtils.java:logGet(43)) - raft.server.storage.dir = [/workdir/hadoop-ozone/integration-test/target/test-dir/MiniOzoneClusterImpl-37d049c1-8781-4836-8b63-386207273279/datanode-5/data/ratis] (custom)
2019-09-12 10:35:44,482 [pool-82-thread-1] INFO  storage.RaftStorageDirectory (RaftStorageDirectory.java:analyzeStorage(246)) - The storage directory /workdir/hadoop-ozone/integration-test/target/test-dir/MiniOzoneClusterImpl-37d049c1-8781-4836-8b63-386207273279/datanode-5/data/ratis/1c70988a-5b70-4c35-9ce5-61220717c396 does not exist. Creating ...
2019-09-12 10:35:44,506 [pool-82-thread-1] INFO  storage.RaftStorageDirectory (RaftStorageDirectory.java:tryLock(328)) - Lock on /workdir/hadoop-ozone/integration-test/target/test-dir/MiniOzoneClusterImpl-37d049c1-8781-4836-8b63-386207273279/datanode-5/data/ratis/1c70988a-5b70-4c35-9ce5-61220717c396/in_use.lock acquired by nodename 9512@pr-hdds-1569-58hkm-1881083799
2019-09-12 10:35:44,520 | INFO  | SCMAudit | user=jenkins1000 | ip=192.168.36.114 | op=SEND_HEARTBEAT {datanodeUUID=95bd455b-14e9-4919-baf6-c10c70e925fc, command=[]} | ret=SUCCESS |  
2019-09-12 10:35:44,527 [pool-82-thread-1] INFO  storage.RaftStorage (RaftStorage.java:format(72)) - Storage directory /workdir/hadoop-ozone/integration-test/target/test-dir/MiniOzoneClusterImpl-37d049c1-8781-4836-8b63-386207273279/datanode-5/data/ratis/1c70988a-5b70-4c35-9ce5-61220717c396 has been successfully formatted.
2019-09-12 10:35:44,528 [pool-82-thread-1] INFO  ratis.ContainerStateMachine (ContainerStateMachine.java:loadSnapshot(226)) - group-61220717C396: The snapshot info is null. Setting the last applied indexto:(t:0, i:~)
2019-09-12 10:35:44,528 [pool-82-thread-1] INFO  server.RaftServerConfigKeys (ConfUtils.java:logGet(43)) - raft.server.leader.election.timeout = 120s (custom)
2019-09-12 10:35:44,528 [pool-82-thread-1] INFO  server.RaftServerConfigKeys (ConfUtils.java:logGet(43)) - raft.server.log.use.memory = false (default)
2019-09-12 10:35:44,528 [pool-82-thread-1] INFO  server.RaftServerConfigKeys (ConfUtils.java:logGet(43)) - raft.server.log.purge.gap = 1000000 (custom)
2019-09-12 10:35:44,528 [pool-82-thread-1] INFO  server.RaftServerConfigKeys (ConfUtils.java:logGet(43)) - raft.server.log.appender.buffer.byte-limit = 33554432 (custom)
2019-09-12 10:35:44,529 [pool-82-thread-1] INFO  server.RaftServerConfigKeys (ConfUtils.java:logGet(43)) - raft.server.log.segment.size.max = 1048576 (custom)
2019-09-12 10:35:44,529 [pool-82-thread-1] INFO  server.RaftServerConfigKeys (ConfUtils.java:logGet(43)) - raft.server.log.segment.cache.num.max = 2 (custom)
2019-09-12 10:35:44,529 [pool-82-thread-1] INFO  segmented.SegmentedRaftLogWorker (SegmentedRaftLogWorker.java:<init>(172)) - new 8ecfe8bb-6ab2-4306-955c-1af4e2a21ecc-SegmentedRaftLogWorker:Storage Directory /workdir/hadoop-ozone/integration-test/target/test-dir/MiniOzoneClusterImpl-37d049c1-8781-4836-8b63-386207273279/datanode-5/data/ratis/1c70988a-5b70-4c35-9ce5-61220717c396 for RaftStorage:Storage Directory /workdir/hadoop-ozone/integration-test/target/test-dir/MiniOzoneClusterImpl-37d049c1-8781-4836-8b63-386207273279/datanode-5/data/ratis/1c70988a-5b70-4c35-9ce5-61220717c396
2019-09-12 10:35:44,529 [pool-82-thread-1] INFO  server.RaftServerConfigKeys (ConfUtils.java:logGet(43)) - raft.server.log.queue.byte-limit = 2147483647 (custom)
2019-09-12 10:35:44,529 [pool-82-thread-1] INFO  server.RaftServerConfigKeys (ConfUtils.java:logGet(43)) - raft.server.log.queue.element-limit = 1024 (custom)
2019-09-12 10:35:44,529 [pool-82-thread-1] INFO  server.RaftServerConfigKeys (ConfUtils.java:logGet(43)) - raft.server.log.segment.size.max = 1048576 (custom)
2019-09-12 10:35:44,530 [pool-82-thread-1] INFO  server.RaftServerConfigKeys (ConfUtils.java:logGet(43)) - raft.server.log.preallocated.size = 16384 (custom)
2019-09-12 10:35:44,530 [pool-82-thread-1] INFO  server.RaftServerConfigKeys (ConfUtils.java:logGet(43)) - raft.server.log.write.buffer.size = 33554432 (custom)
2019-09-12 10:35:44,530 [pool-82-thread-1] INFO  server.RaftServerConfigKeys (ConfUtils.java:logGet(43)) - raft.server.log.force.sync.num = 128 (default)
2019-09-12 10:35:44,530 [pool-82-thread-1] INFO  server.RaftServerConfigKeys (ConfUtils.java:logGet(43)) - raft.server.log.statemachine.data.sync = true (default)
2019-09-12 10:35:44,530 [pool-82-thread-1] INFO  server.RaftServerConfigKeys (ConfUtils.java:logGet(43)) - raft.server.log.statemachine.data.sync.timeout = 10s (default)
2019-09-12 10:35:44,530 [pool-82-thread-1] INFO  server.RaftServerConfigKeys (ConfUtils.java:logGet(43)) - raft.server.log.statemachine.data.sync.timeout.retry = -1 (default)
2019-09-12 10:35:44,531 [pool-82-thread-1] INFO  server.RaftServerConfigKeys (ConfUtils.java:logGet(43)) - raft.server.log.statemachine.data.caching.enabled = true (custom)
2019-09-12 10:35:44,531 [pool-82-thread-1] INFO  segmented.SegmentedRaftLogWorker (SegmentedRaftLogWorker.java:lambda$new$0(132)) - 8ecfe8bb-6ab2-4306-955c-1af4e2a21ecc-SegmentedRaftLogWorker:Storage Directory /workdir/hadoop-ozone/integration-test/target/test-dir/MiniOzoneClusterImpl-37d049c1-8781-4836-8b63-386207273279/datanode-5/data/ratis/1c70988a-5b70-4c35-9ce5-61220717c396: flushIndex: setUnconditionally 0 -> -1
2019-09-12 10:35:44,531 [pool-82-thread-1] INFO  server.RaftServerConfigKeys (ConfUtils.java:logGet(43)) - raft.server.snapshot.auto.trigger.enabled = true (custom)
2019-09-12 10:35:44,532 [pool-82-thread-1] INFO  server.RaftServerConfigKeys (ConfUtils.java:logGet(43)) - raft.server.snapshot.auto.trigger.threshold = 10000 (custom)
2019-09-12 10:35:44,532 [pool-82-thread-1] INFO  server.RaftServerConfigKeys (ConfUtils.java:logGet(43)) - raft.server.retrycache.expirytime = 600000ms (custom)
2019-09-12 10:35:44,532 [pool-82-thread-1] INFO  impl.RaftServerImpl (RaftServerImpl.java:start(180)) - 8ecfe8bb-6ab2-4306-955c-1af4e2a21ecc: start group-61220717C396
2019-09-12 10:35:44,532 [pool-82-thread-1] INFO  impl.RaftServerImpl (RaftServerImpl.java:setRole(171)) - 8ecfe8bb-6ab2-4306-955c-1af4e2a21ecc:group-61220717C396 changes role from null to FOLLOWER at term 0 for startAsFollower
2019-09-12 10:35:44,532 [pool-82-thread-1] INFO  impl.RoleInfo (RoleInfo.java:updateAndGet(143)) - 8ecfe8bb-6ab2-4306-955c-1af4e2a21ecc: start FollowerState
2019-09-12 10:35:44,533 [pool-82-thread-1] INFO  util.JmxRegister (JmxRegister.java:tryRegister(44)) - Successfully registered JMX Bean with object name Ratis:service=RaftServer,group=group-61220717C396,id=8ecfe8bb-6ab2-4306-955c-1af4e2a21ecc
2019-09-12 10:35:44,541 [RatisPipelineUtilsThread] INFO  pipeline.PipelineStateManager (PipelineStateManager.java:addPipeline(56)) - Created pipeline Pipeline[ Id: 1c70988a-5b70-4c35-9ce5-61220717c396, Nodes: 8ecfe8bb-6ab2-4306-955c-1af4e2a21ecc{ip: 192.168.36.114, host: pr-hdds-1569-58hkm-1881083799, networkLocation: /default-rack, certSerialId: null}, Type:RATIS, Factor:ONE, State:OPEN]
2019-09-12 10:35:44,544 [RatisPipelineUtilsThread] ERROR pipeline.PipelinePlacementPolicy (PipelinePlacementPolicy.java:meetCriteria(92)) - Pipeline Placement: Doesn't meet the criteria to be viable node. Heaviness: 6
2019-09-12 10:35:44,544 [RatisPipelineUtilsThread] ERROR pipeline.PipelinePlacementPolicy (PipelinePlacementPolicy.java:meetCriteria(92)) - Pipeline Placement: Doesn't meet the criteria to be viable node. Heaviness: 6
2019-09-12 10:35:44,558 [grpc-default-executor-0] INFO  impl.RaftServerProxy (RaftServerProxy.java:addNew(89)) - 0a9130e0-9a35-4f66-8d33-a89a6f54c6a4: addNew group-CC368DECBE72:[0a9130e0-9a35-4f66-8d33-a89a6f54c6a4:192.168.36.114:45292] returns group-CC368DECBE72:java.util.concurrent.CompletableFuture@71e77888[Not completed]
2019-09-12 10:35:44,571 [pool-126-thread-1] INFO  impl.RaftServerImpl (RaftServerImpl.java:<init>(93)) - 0a9130e0-9a35-4f66-8d33-a89a6f54c6a4: new RaftServerImpl for group-CC368DECBE72:[0a9130e0-9a35-4f66-8d33-a89a6f54c6a4:192.168.36.114:45292] with ContainerStateMachine:uninitialized
2019-09-12 10:35:44,572 [pool-126-thread-1] INFO  server.RaftServerConfigKeys (ConfUtils.java:logGet(43)) - raft.server.rpc.timeout.min = 5s (custom)
2019-09-12 10:35:44,572 [pool-126-thread-1] INFO  server.RaftServerConfigKeys (ConfUtils.java:logGet(43)) - raft.server.rpc.timeout.max = 5200ms (custom)
2019-09-12 10:35:44,572 [pool-126-thread-1] INFO  server.RaftServerConfigKeys (ConfUtils.java:logGet(43)) - raft.server.rpcslowness.timeout = 120s (custom)
2019-09-12 10:35:44,572 [pool-126-thread-1] INFO  server.RaftServerConfigKeys (ConfUtils.java:logGet(43)) - raft.server.sleep.deviation.threshold = 300 (default)
2019-09-12 10:35:44,572 [pool-126-thread-1] INFO  server.RaftServerConfigKeys (ConfUtils.java:logGet(43)) - raft.server.log.appender.install.snapshot.enabled = false (custom)
2019-09-12 10:35:44,572 [pool-126-thread-1] INFO  impl.RaftServerImpl (ServerState.java:<init>(105)) - 0a9130e0-9a35-4f66-8d33-a89a6f54c6a4:group-CC368DECBE72 ConfigurationManager, init=-1: [0a9130e0-9a35-4f66-8d33-a89a6f54c6a4:192.168.36.114:45292], old=null, confs=<EMPTY_MAP>
2019-09-12 10:35:44,573 [pool-126-thread-1] INFO  server.RaftServerConfigKeys (ConfUtils.java:logGet(43)) - raft.server.storage.dir = [/workdir/hadoop-ozone/integration-test/target/test-dir/MiniOzoneClusterImpl-37d049c1-8781-4836-8b63-386207273279/datanode-9/data/ratis] (custom)
2019-09-12 10:35:44,573 [pool-126-thread-1] INFO  storage.RaftStorageDirectory (RaftStorageDirectory.java:analyzeStorage(246)) - The storage directory /workdir/hadoop-ozone/integration-test/target/test-dir/MiniOzoneClusterImpl-37d049c1-8781-4836-8b63-386207273279/datanode-9/data/ratis/e7a61360-296c-4a68-947e-cc368decbe72 does not exist. Creating ...
2019-09-12 10:35:44,598 [pool-126-thread-1] INFO  storage.RaftStorageDirectory (RaftStorageDirectory.java:tryLock(328)) - Lock on /workdir/hadoop-ozone/integration-test/target/test-dir/MiniOzoneClusterImpl-37d049c1-8781-4836-8b63-386207273279/datanode-9/data/ratis/e7a61360-296c-4a68-947e-cc368decbe72/in_use.lock acquired by nodename 9512@pr-hdds-1569-58hkm-1881083799
2019-09-12 10:35:44,611 [pool-126-thread-1] INFO  storage.RaftStorage (RaftStorage.java:format(72)) - Storage directory /workdir/hadoop-ozone/integration-test/target/test-dir/MiniOzoneClusterImpl-37d049c1-8781-4836-8b63-386207273279/datanode-9/data/ratis/e7a61360-296c-4a68-947e-cc368decbe72 has been successfully formatted.
2019-09-12 10:35:44,611 [pool-126-thread-1] INFO  ratis.ContainerStateMachine (ContainerStateMachine.java:loadSnapshot(226)) - group-CC368DECBE72: The snapshot info is null. Setting the last applied indexto:(t:0, i:~)
2019-09-12 10:35:44,611 [pool-126-thread-1] INFO  server.RaftServerConfigKeys (ConfUtils.java:logGet(43)) - raft.server.leader.election.timeout = 120s (custom)
2019-09-12 10:35:44,611 [pool-126-thread-1] INFO  server.RaftServerConfigKeys (ConfUtils.java:logGet(43)) - raft.server.log.use.memory = false (default)
2019-09-12 10:35:44,611 [pool-126-thread-1] INFO  server.RaftServerConfigKeys (ConfUtils.java:logGet(43)) - raft.server.log.purge.gap = 1000000 (custom)
2019-09-12 10:35:44,612 [pool-126-thread-1] INFO  server.RaftServerConfigKeys (ConfUtils.java:logGet(43)) - raft.server.log.appender.buffer.byte-limit = 33554432 (custom)
2019-09-12 10:35:44,612 [pool-126-thread-1] INFO  server.RaftServerConfigKeys (ConfUtils.java:logGet(43)) - raft.server.log.segment.size.max = 1048576 (custom)
2019-09-12 10:35:44,612 [pool-126-thread-1] INFO  server.RaftServerConfigKeys (ConfUtils.java:logGet(43)) - raft.server.log.segment.cache.num.max = 2 (custom)
2019-09-12 10:35:44,612 [pool-126-thread-1] INFO  segmented.SegmentedRaftLogWorker (SegmentedRaftLogWorker.java:<init>(172)) - new 0a9130e0-9a35-4f66-8d33-a89a6f54c6a4-SegmentedRaftLogWorker:Storage Directory /workdir/hadoop-ozone/integration-test/target/test-dir/MiniOzoneClusterImpl-37d049c1-8781-4836-8b63-386207273279/datanode-9/data/ratis/e7a61360-296c-4a68-947e-cc368decbe72 for RaftStorage:Storage Directory /workdir/hadoop-ozone/integration-test/target/test-dir/MiniOzoneClusterImpl-37d049c1-8781-4836-8b63-386207273279/datanode-9/data/ratis/e7a61360-296c-4a68-947e-cc368decbe72
2019-09-12 10:35:44,612 [pool-126-thread-1] INFO  server.RaftServerConfigKeys (ConfUtils.java:logGet(43)) - raft.server.log.queue.byte-limit = 2147483647 (custom)
2019-09-12 10:35:44,612 [pool-126-thread-1] INFO  server.RaftServerConfigKeys (ConfUtils.java:logGet(43)) - raft.server.log.queue.element-limit = 1024 (custom)
2019-09-12 10:35:44,613 [pool-126-thread-1] INFO  server.RaftServerConfigKeys (ConfUtils.java:logGet(43)) - raft.server.log.segment.size.max = 1048576 (custom)
2019-09-12 10:35:44,613 [pool-126-thread-1] INFO  server.RaftServerConfigKeys (ConfUtils.java:logGet(43)) - raft.server.log.preallocated.size = 16384 (custom)
2019-09-12 10:35:44,613 [pool-126-thread-1] INFO  server.RaftServerConfigKeys (ConfUtils.java:logGet(43)) - raft.server.log.write.buffer.size = 33554432 (custom)
2019-09-12 10:35:44,613 [pool-126-thread-1] INFO  server.RaftServerConfigKeys (ConfUtils.java:logGet(43)) - raft.server.log.force.sync.num = 128 (default)
2019-09-12 10:35:44,613 [pool-126-thread-1] INFO  server.RaftServerConfigKeys (ConfUtils.java:logGet(43)) - raft.server.log.statemachine.data.sync = true (default)
2019-09-12 10:35:44,614 [pool-126-thread-1] INFO  server.RaftServerConfigKeys (ConfUtils.java:logGet(43)) - raft.server.log.statemachine.data.sync.timeout = 10s (default)
2019-09-12 10:35:44,614 [pool-126-thread-1] INFO  server.RaftServerConfigKeys (ConfUtils.java:logGet(43)) - raft.server.log.statemachine.data.sync.timeout.retry = -1 (default)
2019-09-12 10:35:44,614 [pool-126-thread-1] INFO  server.RaftServerConfigKeys (ConfUtils.java:logGet(43)) - raft.server.log.statemachine.data.caching.enabled = true (custom)
2019-09-12 10:35:44,615 [pool-126-thread-1] INFO  segmented.SegmentedRaftLogWorker (SegmentedRaftLogWorker.java:lambda$new$0(132)) - 0a9130e0-9a35-4f66-8d33-a89a6f54c6a4-SegmentedRaftLogWorker:Storage Directory /workdir/hadoop-ozone/integration-test/target/test-dir/MiniOzoneClusterImpl-37d049c1-8781-4836-8b63-386207273279/datanode-9/data/ratis/e7a61360-296c-4a68-947e-cc368decbe72: flushIndex: setUnconditionally 0 -> -1
2019-09-12 10:35:44,615 [pool-126-thread-1] INFO  server.RaftServerConfigKeys (ConfUtils.java:logGet(43)) - raft.server.snapshot.auto.trigger.enabled = true (custom)
2019-09-12 10:35:44,615 [pool-126-thread-1] INFO  server.RaftServerConfigKeys (ConfUtils.java:logGet(43)) - raft.server.snapshot.auto.trigger.threshold = 10000 (custom)
2019-09-12 10:35:44,615 [pool-126-thread-1] INFO  server.RaftServerConfigKeys (ConfUtils.java:logGet(43)) - raft.server.retrycache.expirytime = 600000ms (custom)
2019-09-12 10:35:44,616 [pool-126-thread-1] INFO  impl.RaftServerImpl (RaftServerImpl.java:start(180)) - 0a9130e0-9a35-4f66-8d33-a89a6f54c6a4: start group-CC368DECBE72
2019-09-12 10:35:44,616 [pool-126-thread-1] INFO  impl.RaftServerImpl (RaftServerImpl.java:setRole(171)) - 0a9130e0-9a35-4f66-8d33-a89a6f54c6a4:group-CC368DECBE72 changes role from null to FOLLOWER at term 0 for startAsFollower
2019-09-12 10:35:44,616 [pool-126-thread-1] INFO  impl.RoleInfo (RoleInfo.java:updateAndGet(143)) - 0a9130e0-9a35-4f66-8d33-a89a6f54c6a4: start FollowerState
2019-09-12 10:35:44,616 [pool-126-thread-1] INFO  util.JmxRegister (JmxRegister.java:tryRegister(44)) - Successfully registered JMX Bean with object name Ratis:service=RaftServer,group=group-CC368DECBE72,id=0a9130e0-9a35-4f66-8d33-a89a6f54c6a4
2019-09-12 10:35:44,623 [RatisPipelineUtilsThread] INFO  pipeline.PipelineStateManager (PipelineStateManager.java:addPipeline(56)) - Created pipeline Pipeline[ Id: e7a61360-296c-4a68-947e-cc368decbe72, Nodes: 0a9130e0-9a35-4f66-8d33-a89a6f54c6a4{ip: 192.168.36.114, host: pr-hdds-1569-58hkm-1881083799, networkLocation: /default-rack, certSerialId: null}, Type:RATIS, Factor:ONE, State:OPEN]
2019-09-12 10:35:44,626 [RatisPipelineUtilsThread] ERROR pipeline.PipelinePlacementPolicy (PipelinePlacementPolicy.java:meetCriteria(92)) - Pipeline Placement: Doesn't meet the criteria to be viable node. Heaviness: 6
2019-09-12 10:35:44,626 [RatisPipelineUtilsThread] ERROR pipeline.PipelinePlacementPolicy (PipelinePlacementPolicy.java:meetCriteria(92)) - Pipeline Placement: Doesn't meet the criteria to be viable node. Heaviness: 6
2019-09-12 10:35:44,638 [grpc-default-executor-0] INFO  impl.RaftServerProxy (RaftServerProxy.java:addNew(89)) - f3c2c8b9-2caa-489c-a85d-e6cb055caf9c: addNew group-18F403D560E0:[f3c2c8b9-2caa-489c-a85d-e6cb055caf9c:192.168.36.114:35683] returns group-18F403D560E0:java.util.concurrent.CompletableFuture@eeec8bf[Not completed]
2019-09-12 10:35:44,640 [pool-71-thread-1] INFO  impl.RaftServerImpl (RaftServerImpl.java:<init>(93)) - f3c2c8b9-2caa-489c-a85d-e6cb055caf9c: new RaftServerImpl for group-18F403D560E0:[f3c2c8b9-2caa-489c-a85d-e6cb055caf9c:192.168.36.114:35683] with ContainerStateMachine:uninitialized
2019-09-12 10:35:44,640 [pool-71-thread-1] INFO  server.RaftServerConfigKeys (ConfUtils.java:logGet(43)) - raft.server.rpc.timeout.min = 5s (custom)
2019-09-12 10:35:44,640 [pool-71-thread-1] INFO  server.RaftServerConfigKeys (ConfUtils.java:logGet(43)) - raft.server.rpc.timeout.max = 5200ms (custom)
2019-09-12 10:35:44,640 [pool-71-thread-1] INFO  server.RaftServerConfigKeys (ConfUtils.java:logGet(43)) - raft.server.rpcslowness.timeout = 120s (custom)
2019-09-12 10:35:44,641 [pool-71-thread-1] INFO  server.RaftServerConfigKeys (ConfUtils.java:logGet(43)) - raft.server.sleep.deviation.threshold = 300 (default)
2019-09-12 10:35:44,641 [pool-71-thread-1] INFO  server.RaftServerConfigKeys (ConfUtils.java:logGet(43)) - raft.server.log.appender.install.snapshot.enabled = false (custom)
2019-09-12 10:35:44,641 [pool-71-thread-1] INFO  impl.RaftServerImpl (ServerState.java:<init>(105)) - f3c2c8b9-2caa-489c-a85d-e6cb055caf9c:group-18F403D560E0 ConfigurationManager, init=-1: [f3c2c8b9-2caa-489c-a85d-e6cb055caf9c:192.168.36.114:35683], old=null, confs=<EMPTY_MAP>
2019-09-12 10:35:44,641 [pool-71-thread-1] INFO  server.RaftServerConfigKeys (ConfUtils.java:logGet(43)) - raft.server.storage.dir = [/workdir/hadoop-ozone/integration-test/target/test-dir/MiniOzoneClusterImpl-37d049c1-8781-4836-8b63-386207273279/datanode-4/data/ratis] (custom)
2019-09-12 10:35:44,642 [pool-71-thread-1] INFO  storage.RaftStorageDirectory (RaftStorageDirectory.java:analyzeStorage(246)) - The storage directory /workdir/hadoop-ozone/integration-test/target/test-dir/MiniOzoneClusterImpl-37d049c1-8781-4836-8b63-386207273279/datanode-4/data/ratis/3e62c798-aa6c-4d08-9e3d-18f403d560e0 does not exist. Creating ...
2019-09-12 10:35:44,656 [pool-71-thread-1] INFO  storage.RaftStorageDirectory (RaftStorageDirectory.java:tryLock(328)) - Lock on /workdir/hadoop-ozone/integration-test/target/test-dir/MiniOzoneClusterImpl-37d049c1-8781-4836-8b63-386207273279/datanode-4/data/ratis/3e62c798-aa6c-4d08-9e3d-18f403d560e0/in_use.lock acquired by nodename 9512@pr-hdds-1569-58hkm-1881083799
2019-09-12 10:35:44,670 [pool-71-thread-1] INFO  storage.RaftStorage (RaftStorage.java:format(72)) - Storage directory /workdir/hadoop-ozone/integration-test/target/test-dir/MiniOzoneClusterImpl-37d049c1-8781-4836-8b63-386207273279/datanode-4/data/ratis/3e62c798-aa6c-4d08-9e3d-18f403d560e0 has been successfully formatted.
2019-09-12 10:35:44,670 [pool-71-thread-1] INFO  ratis.ContainerStateMachine (ContainerStateMachine.java:loadSnapshot(226)) - group-18F403D560E0: The snapshot info is null. Setting the last applied indexto:(t:0, i:~)
2019-09-12 10:35:44,670 [pool-71-thread-1] INFO  server.RaftServerConfigKeys (ConfUtils.java:logGet(43)) - raft.server.leader.election.timeout = 120s (custom)
2019-09-12 10:35:44,670 [pool-71-thread-1] INFO  server.RaftServerConfigKeys (ConfUtils.java:logGet(43)) - raft.server.log.use.memory = false (default)
2019-09-12 10:35:44,671 [pool-71-thread-1] INFO  server.RaftServerConfigKeys (ConfUtils.java:logGet(43)) - raft.server.log.purge.gap = 1000000 (custom)
2019-09-12 10:35:44,671 [pool-71-thread-1] INFO  server.RaftServerConfigKeys (ConfUtils.java:logGet(43)) - raft.server.log.appender.buffer.byte-limit = 33554432 (custom)
2019-09-12 10:35:44,671 [pool-71-thread-1] INFO  server.RaftServerConfigKeys (ConfUtils.java:logGet(43)) - raft.server.log.segment.size.max = 1048576 (custom)
2019-09-12 10:35:44,671 [pool-71-thread-1] INFO  server.RaftServerConfigKeys (ConfUtils.java:logGet(43)) - raft.server.log.segment.cache.num.max = 2 (custom)
2019-09-12 10:35:44,671 [pool-71-thread-1] INFO  segmented.SegmentedRaftLogWorker (SegmentedRaftLogWorker.java:<init>(172)) - new f3c2c8b9-2caa-489c-a85d-e6cb055caf9c-SegmentedRaftLogWorker:Storage Directory /workdir/hadoop-ozone/integration-test/target/test-dir/MiniOzoneClusterImpl-37d049c1-8781-4836-8b63-386207273279/datanode-4/data/ratis/3e62c798-aa6c-4d08-9e3d-18f403d560e0 for RaftStorage:Storage Directory /workdir/hadoop-ozone/integration-test/target/test-dir/MiniOzoneClusterImpl-37d049c1-8781-4836-8b63-386207273279/datanode-4/data/ratis/3e62c798-aa6c-4d08-9e3d-18f403d560e0
2019-09-12 10:35:44,672 [pool-71-thread-1] INFO  server.RaftServerConfigKeys (ConfUtils.java:logGet(43)) - raft.server.log.queue.byte-limit = 2147483647 (custom)
2019-09-12 10:35:44,672 [pool-71-thread-1] INFO  server.RaftServerConfigKeys (ConfUtils.java:logGet(43)) - raft.server.log.queue.element-limit = 1024 (custom)
2019-09-12 10:35:44,672 [pool-71-thread-1] INFO  server.RaftServerConfigKeys (ConfUtils.java:logGet(43)) - raft.server.log.segment.size.max = 1048576 (custom)
2019-09-12 10:35:44,672 [pool-71-thread-1] INFO  server.RaftServerConfigKeys (ConfUtils.java:logGet(43)) - raft.server.log.preallocated.size = 16384 (custom)
2019-09-12 10:35:44,672 [pool-71-thread-1] INFO  server.RaftServerConfigKeys (ConfUtils.java:logGet(43)) - raft.server.log.write.buffer.size = 33554432 (custom)
2019-09-12 10:35:44,672 [pool-71-thread-1] INFO  server.RaftServerConfigKeys (ConfUtils.java:logGet(43)) - raft.server.log.force.sync.num = 128 (default)
2019-09-12 10:35:44,673 [pool-71-thread-1] INFO  server.RaftServerConfigKeys (ConfUtils.java:logGet(43)) - raft.server.log.statemachine.data.sync = true (default)
2019-09-12 10:35:44,673 [pool-71-thread-1] INFO  server.RaftServerConfigKeys (ConfUtils.java:logGet(43)) - raft.server.log.statemachine.data.sync.timeout = 10s (default)
2019-09-12 10:35:44,673 [pool-71-thread-1] INFO  server.RaftServerConfigKeys (ConfUtils.java:logGet(43)) - raft.server.log.statemachine.data.sync.timeout.retry = -1 (default)
2019-09-12 10:35:44,673 [pool-71-thread-1] INFO  server.RaftServerConfigKeys (ConfUtils.java:logGet(43)) - raft.server.log.statemachine.data.caching.enabled = true (custom)
2019-09-12 10:35:44,674 [pool-71-thread-1] INFO  segmented.SegmentedRaftLogWorker (SegmentedRaftLogWorker.java:lambda$new$0(132)) - f3c2c8b9-2caa-489c-a85d-e6cb055caf9c-SegmentedRaftLogWorker:Storage Directory /workdir/hadoop-ozone/integration-test/target/test-dir/MiniOzoneClusterImpl-37d049c1-8781-4836-8b63-386207273279/datanode-4/data/ratis/3e62c798-aa6c-4d08-9e3d-18f403d560e0: flushIndex: setUnconditionally 0 -> -1
2019-09-12 10:35:44,674 [pool-71-thread-1] INFO  server.RaftServerConfigKeys (ConfUtils.java:logGet(43)) - raft.server.snapshot.auto.trigger.enabled = true (custom)
2019-09-12 10:35:44,674 [pool-71-thread-1] INFO  server.RaftServerConfigKeys (ConfUtils.java:logGet(43)) - raft.server.snapshot.auto.trigger.threshold = 10000 (custom)
2019-09-12 10:35:44,674 [pool-71-thread-1] INFO  server.RaftServerConfigKeys (ConfUtils.java:logGet(43)) - raft.server.retrycache.expirytime = 600000ms (custom)
2019-09-12 10:35:44,675 [pool-71-thread-1] INFO  impl.RaftServerImpl (RaftServerImpl.java:start(180)) - f3c2c8b9-2caa-489c-a85d-e6cb055caf9c: start group-18F403D560E0
2019-09-12 10:35:44,675 [pool-71-thread-1] INFO  impl.RaftServerImpl (RaftServerImpl.java:setRole(171)) - f3c2c8b9-2caa-489c-a85d-e6cb055caf9c:group-18F403D560E0 changes role from null to FOLLOWER at term 0 for startAsFollower
2019-09-12 10:35:44,675 [pool-71-thread-1] INFO  impl.RoleInfo (RoleInfo.java:updateAndGet(143)) - f3c2c8b9-2caa-489c-a85d-e6cb055caf9c: start FollowerState
2019-09-12 10:35:44,676 [pool-71-thread-1] INFO  util.JmxRegister (JmxRegister.java:tryRegister(44)) - Successfully registered JMX Bean with object name Ratis:service=RaftServer,group=group-18F403D560E0,id=f3c2c8b9-2caa-489c-a85d-e6cb055caf9c
2019-09-12 10:35:44,682 [RatisPipelineUtilsThread] INFO  pipeline.PipelineStateManager (PipelineStateManager.java:addPipeline(56)) - Created pipeline Pipeline[ Id: 3e62c798-aa6c-4d08-9e3d-18f403d560e0, Nodes: f3c2c8b9-2caa-489c-a85d-e6cb055caf9c{ip: 192.168.36.114, host: pr-hdds-1569-58hkm-1881083799, networkLocation: /default-rack, certSerialId: null}, Type:RATIS, Factor:ONE, State:OPEN]
2019-09-12 10:35:44,685 [RatisPipelineUtilsThread] ERROR pipeline.PipelinePlacementPolicy (PipelinePlacementPolicy.java:meetCriteria(92)) - Pipeline Placement: Doesn't meet the criteria to be viable node. Heaviness: 6
2019-09-12 10:35:44,685 [RatisPipelineUtilsThread] ERROR pipeline.PipelinePlacementPolicy (PipelinePlacementPolicy.java:meetCriteria(92)) - Pipeline Placement: Doesn't meet the criteria to be viable node. Heaviness: 6
2019-09-12 10:35:44,710 | INFO  | SCMAudit | user=jenkins1000 | ip=192.168.36.114 | op=SEND_HEARTBEAT {datanodeUUID=fe225ea7-028a-4076-a3b3-dba0461d638a, command=[]} | ret=SUCCESS |  
2019-09-12 10:35:44,710 | INFO  | SCMAudit | user=jenkins1000 | ip=192.168.36.114 | op=SEND_HEARTBEAT {datanodeUUID=9ada554e-a5cf-4351-8628-0478c6ccb0ec, command=[]} | ret=SUCCESS |  
2019-09-12 10:35:44,710 | INFO  | SCMAudit | user=jenkins1000 | ip=192.168.36.114 | op=SEND_HEARTBEAT {datanodeUUID=f3c2c8b9-2caa-489c-a85d-e6cb055caf9c, command=[]} | ret=SUCCESS |  
2019-09-12 10:35:44,722 [grpc-default-executor-0] INFO  impl.RaftServerProxy (RaftServerProxy.java:addNew(89)) - 9ada554e-a5cf-4351-8628-0478c6ccb0ec: addNew group-5CB0AA12D0DE:[9ada554e-a5cf-4351-8628-0478c6ccb0ec:192.168.36.114:46451] returns group-5CB0AA12D0DE:java.util.concurrent.CompletableFuture@4ac8985c[Not completed]
2019-09-12 10:35:44,724 [pool-60-thread-1] INFO  impl.RaftServerImpl (RaftServerImpl.java:<init>(93)) - 9ada554e-a5cf-4351-8628-0478c6ccb0ec: new RaftServerImpl for group-5CB0AA12D0DE:[9ada554e-a5cf-4351-8628-0478c6ccb0ec:192.168.36.114:46451] with ContainerStateMachine:uninitialized
2019-09-12 10:35:44,724 [pool-60-thread-1] INFO  server.RaftServerConfigKeys (ConfUtils.java:logGet(43)) - raft.server.rpc.timeout.min = 5s (custom)
2019-09-12 10:35:44,724 | INFO  | SCMAudit | user=jenkins1000 | ip=192.168.36.114 | op=SEND_HEARTBEAT {datanodeUUID=e888d92f-5ff8-4b8f-9926-c0c6217791b7, command=[]} | ret=SUCCESS |  
2019-09-12 10:35:44,724 [pool-60-thread-1] INFO  server.RaftServerConfigKeys (ConfUtils.java:logGet(43)) - raft.server.rpc.timeout.max = 5200ms (custom)
2019-09-12 10:35:44,725 [pool-60-thread-1] INFO  server.RaftServerConfigKeys (ConfUtils.java:logGet(43)) - raft.server.rpcslowness.timeout = 120s (custom)
2019-09-12 10:35:44,725 [pool-60-thread-1] INFO  server.RaftServerConfigKeys (ConfUtils.java:logGet(43)) - raft.server.sleep.deviation.threshold = 300 (default)
2019-09-12 10:35:44,725 [pool-60-thread-1] INFO  server.RaftServerConfigKeys (ConfUtils.java:logGet(43)) - raft.server.log.appender.install.snapshot.enabled = false (custom)
2019-09-12 10:35:44,725 [pool-60-thread-1] INFO  impl.RaftServerImpl (ServerState.java:<init>(105)) - 9ada554e-a5cf-4351-8628-0478c6ccb0ec:group-5CB0AA12D0DE ConfigurationManager, init=-1: [9ada554e-a5cf-4351-8628-0478c6ccb0ec:192.168.36.114:46451], old=null, confs=<EMPTY_MAP>
2019-09-12 10:35:44,725 [pool-60-thread-1] INFO  server.RaftServerConfigKeys (ConfUtils.java:logGet(43)) - raft.server.storage.dir = [/workdir/hadoop-ozone/integration-test/target/test-dir/MiniOzoneClusterImpl-37d049c1-8781-4836-8b63-386207273279/datanode-3/data/ratis] (custom)
2019-09-12 10:35:44,726 [pool-60-thread-1] INFO  storage.RaftStorageDirectory (RaftStorageDirectory.java:analyzeStorage(246)) - The storage directory /workdir/hadoop-ozone/integration-test/target/test-dir/MiniOzoneClusterImpl-37d049c1-8781-4836-8b63-386207273279/datanode-3/data/ratis/642e29c4-43c7-4c2f-8aa2-5cb0aa12d0de does not exist. Creating ...
2019-09-12 10:35:44,738 [pool-60-thread-1] INFO  storage.RaftStorageDirectory (RaftStorageDirectory.java:tryLock(328)) - Lock on /workdir/hadoop-ozone/integration-test/target/test-dir/MiniOzoneClusterImpl-37d049c1-8781-4836-8b63-386207273279/datanode-3/data/ratis/642e29c4-43c7-4c2f-8aa2-5cb0aa12d0de/in_use.lock acquired by nodename 9512@pr-hdds-1569-58hkm-1881083799
2019-09-12 10:35:44,750 [pool-60-thread-1] INFO  storage.RaftStorage (RaftStorage.java:format(72)) - Storage directory /workdir/hadoop-ozone/integration-test/target/test-dir/MiniOzoneClusterImpl-37d049c1-8781-4836-8b63-386207273279/datanode-3/data/ratis/642e29c4-43c7-4c2f-8aa2-5cb0aa12d0de has been successfully formatted.
2019-09-12 10:35:44,751 [pool-60-thread-1] INFO  ratis.ContainerStateMachine (ContainerStateMachine.java:loadSnapshot(226)) - group-5CB0AA12D0DE: The snapshot info is null. Setting the last applied indexto:(t:0, i:~)
2019-09-12 10:35:44,751 [pool-60-thread-1] INFO  server.RaftServerConfigKeys (ConfUtils.java:logGet(43)) - raft.server.leader.election.timeout = 120s (custom)
2019-09-12 10:35:44,751 [pool-60-thread-1] INFO  server.RaftServerConfigKeys (ConfUtils.java:logGet(43)) - raft.server.log.use.memory = false (default)
2019-09-12 10:35:44,751 [pool-60-thread-1] INFO  server.RaftServerConfigKeys (ConfUtils.java:logGet(43)) - raft.server.log.purge.gap = 1000000 (custom)
2019-09-12 10:35:44,752 [pool-60-thread-1] INFO  server.RaftServerConfigKeys (ConfUtils.java:logGet(43)) - raft.server.log.appender.buffer.byte-limit = 33554432 (custom)
2019-09-12 10:35:44,752 [pool-60-thread-1] INFO  server.RaftServerConfigKeys (ConfUtils.java:logGet(43)) - raft.server.log.segment.size.max = 1048576 (custom)
2019-09-12 10:35:44,752 [pool-60-thread-1] INFO  server.RaftServerConfigKeys (ConfUtils.java:logGet(43)) - raft.server.log.segment.cache.num.max = 2 (custom)
2019-09-12 10:35:44,752 [pool-60-thread-1] INFO  segmented.SegmentedRaftLogWorker (SegmentedRaftLogWorker.java:<init>(172)) - new 9ada554e-a5cf-4351-8628-0478c6ccb0ec-SegmentedRaftLogWorker:Storage Directory /workdir/hadoop-ozone/integration-test/target/test-dir/MiniOzoneClusterImpl-37d049c1-8781-4836-8b63-386207273279/datanode-3/data/ratis/642e29c4-43c7-4c2f-8aa2-5cb0aa12d0de for RaftStorage:Storage Directory /workdir/hadoop-ozone/integration-test/target/test-dir/MiniOzoneClusterImpl-37d049c1-8781-4836-8b63-386207273279/datanode-3/data/ratis/642e29c4-43c7-4c2f-8aa2-5cb0aa12d0de
2019-09-12 10:35:44,752 | INFO  | SCMAudit | user=jenkins1000 | ip=192.168.36.114 | op=SEND_HEARTBEAT {datanodeUUID=a6b7ffbc-3229-4dcb-9aed-a6c6127890ed, command=[]} | ret=SUCCESS |  
2019-09-12 10:35:44,752 [pool-60-thread-1] INFO  server.RaftServerConfigKeys (ConfUtils.java:logGet(43)) - raft.server.log.queue.byte-limit = 2147483647 (custom)
2019-09-12 10:35:44,752 [pool-60-thread-1] INFO  server.RaftServerConfigKeys (ConfUtils.java:logGet(43)) - raft.server.log.queue.element-limit = 1024 (custom)
2019-09-12 10:35:44,752 [pool-60-thread-1] INFO  server.RaftServerConfigKeys (ConfUtils.java:logGet(43)) - raft.server.log.segment.size.max = 1048576 (custom)
2019-09-12 10:35:44,753 [pool-60-thread-1] INFO  server.RaftServerConfigKeys (ConfUtils.java:logGet(43)) - raft.server.log.preallocated.size = 16384 (custom)
2019-09-12 10:35:44,753 [pool-60-thread-1] INFO  server.RaftServerConfigKeys (ConfUtils.java:logGet(43)) - raft.server.log.write.buffer.size = 33554432 (custom)
2019-09-12 10:35:44,753 [pool-60-thread-1] INFO  server.RaftServerConfigKeys (ConfUtils.java:logGet(43)) - raft.server.log.force.sync.num = 128 (default)
2019-09-12 10:35:44,753 [pool-60-thread-1] INFO  server.RaftServerConfigKeys (ConfUtils.java:logGet(43)) - raft.server.log.statemachine.data.sync = true (default)
2019-09-12 10:35:44,753 [pool-60-thread-1] INFO  server.RaftServerConfigKeys (ConfUtils.java:logGet(43)) - raft.server.log.statemachine.data.sync.timeout = 10s (default)
2019-09-12 10:35:44,753 [pool-60-thread-1] INFO  server.RaftServerConfigKeys (ConfUtils.java:logGet(43)) - raft.server.log.statemachine.data.sync.timeout.retry = -1 (default)
2019-09-12 10:35:44,753 [pool-60-thread-1] INFO  server.RaftServerConfigKeys (ConfUtils.java:logGet(43)) - raft.server.log.statemachine.data.caching.enabled = true (custom)
2019-09-12 10:35:44,754 [pool-60-thread-1] INFO  segmented.SegmentedRaftLogWorker (SegmentedRaftLogWorker.java:lambda$new$0(132)) - 9ada554e-a5cf-4351-8628-0478c6ccb0ec-SegmentedRaftLogWorker:Storage Directory /workdir/hadoop-ozone/integration-test/target/test-dir/MiniOzoneClusterImpl-37d049c1-8781-4836-8b63-386207273279/datanode-3/data/ratis/642e29c4-43c7-4c2f-8aa2-5cb0aa12d0de: flushIndex: setUnconditionally 0 -> -1
2019-09-12 10:35:44,754 [pool-60-thread-1] INFO  server.RaftServerConfigKeys (ConfUtils.java:logGet(43)) - raft.server.snapshot.auto.trigger.enabled = true (custom)
2019-09-12 10:35:44,754 [pool-60-thread-1] INFO  server.RaftServerConfigKeys (ConfUtils.java:logGet(43)) - raft.server.snapshot.auto.trigger.threshold = 10000 (custom)
2019-09-12 10:35:44,754 [pool-60-thread-1] INFO  server.RaftServerConfigKeys (ConfUtils.java:logGet(43)) - raft.server.retrycache.expirytime = 600000ms (custom)
2019-09-12 10:35:44,755 [pool-60-thread-1] INFO  impl.RaftServerImpl (RaftServerImpl.java:start(180)) - 9ada554e-a5cf-4351-8628-0478c6ccb0ec: start group-5CB0AA12D0DE
2019-09-12 10:35:44,755 [pool-60-thread-1] INFO  impl.RaftServerImpl (RaftServerImpl.java:setRole(171)) - 9ada554e-a5cf-4351-8628-0478c6ccb0ec:group-5CB0AA12D0DE changes role from null to FOLLOWER at term 0 for startAsFollower
2019-09-12 10:35:44,755 [pool-60-thread-1] INFO  impl.RoleInfo (RoleInfo.java:updateAndGet(143)) - 9ada554e-a5cf-4351-8628-0478c6ccb0ec: start FollowerState
2019-09-12 10:35:44,755 [pool-60-thread-1] INFO  util.JmxRegister (JmxRegister.java:tryRegister(44)) - Successfully registered JMX Bean with object name Ratis:service=RaftServer,group=group-5CB0AA12D0DE,id=9ada554e-a5cf-4351-8628-0478c6ccb0ec
2019-09-12 10:35:44,761 [RatisPipelineUtilsThread] INFO  pipeline.PipelineStateManager (PipelineStateManager.java:addPipeline(56)) - Created pipeline Pipeline[ Id: 642e29c4-43c7-4c2f-8aa2-5cb0aa12d0de, Nodes: 9ada554e-a5cf-4351-8628-0478c6ccb0ec{ip: 192.168.36.114, host: pr-hdds-1569-58hkm-1881083799, networkLocation: /default-rack, certSerialId: null}, Type:RATIS, Factor:ONE, State:OPEN]
2019-09-12 10:35:44,764 [RatisPipelineUtilsThread] ERROR pipeline.PipelinePlacementPolicy (PipelinePlacementPolicy.java:meetCriteria(92)) - Pipeline Placement: Doesn't meet the criteria to be viable node. Heaviness: 6
2019-09-12 10:35:44,764 [RatisPipelineUtilsThread] ERROR pipeline.PipelinePlacementPolicy (PipelinePlacementPolicy.java:meetCriteria(92)) - Pipeline Placement: Doesn't meet the criteria to be viable node. Heaviness: 6
2019-09-12 10:35:44,776 [grpc-default-executor-0] INFO  impl.RaftServerProxy (RaftServerProxy.java:addNew(89)) - 95bd455b-14e9-4919-baf6-c10c70e925fc: addNew group-F94B689ACEA0:[95bd455b-14e9-4919-baf6-c10c70e925fc:192.168.36.114:42736] returns group-F94B689ACEA0:java.util.concurrent.CompletableFuture@23b34eff[Not completed]
2019-09-12 10:35:44,777 [pool-104-thread-1] INFO  impl.RaftServerImpl (RaftServerImpl.java:<init>(93)) - 95bd455b-14e9-4919-baf6-c10c70e925fc: new RaftServerImpl for group-F94B689ACEA0:[95bd455b-14e9-4919-baf6-c10c70e925fc:192.168.36.114:42736] with ContainerStateMachine:uninitialized
2019-09-12 10:35:44,778 [pool-104-thread-1] INFO  server.RaftServerConfigKeys (ConfUtils.java:logGet(43)) - raft.server.rpc.timeout.min = 5s (custom)
2019-09-12 10:35:44,778 [pool-104-thread-1] INFO  server.RaftServerConfigKeys (ConfUtils.java:logGet(43)) - raft.server.rpc.timeout.max = 5200ms (custom)
2019-09-12 10:35:44,778 [pool-104-thread-1] INFO  server.RaftServerConfigKeys (ConfUtils.java:logGet(43)) - raft.server.rpcslowness.timeout = 120s (custom)
2019-09-12 10:35:44,778 [pool-104-thread-1] INFO  server.RaftServerConfigKeys (ConfUtils.java:logGet(43)) - raft.server.sleep.deviation.threshold = 300 (default)
2019-09-12 10:35:44,778 [pool-104-thread-1] INFO  server.RaftServerConfigKeys (ConfUtils.java:logGet(43)) - raft.server.log.appender.install.snapshot.enabled = false (custom)
2019-09-12 10:35:44,778 [pool-104-thread-1] INFO  impl.RaftServerImpl (ServerState.java:<init>(105)) - 95bd455b-14e9-4919-baf6-c10c70e925fc:group-F94B689ACEA0 ConfigurationManager, init=-1: [95bd455b-14e9-4919-baf6-c10c70e925fc:192.168.36.114:42736], old=null, confs=<EMPTY_MAP>
2019-09-12 10:35:44,779 [pool-104-thread-1] INFO  server.RaftServerConfigKeys (ConfUtils.java:logGet(43)) - raft.server.storage.dir = [/workdir/hadoop-ozone/integration-test/target/test-dir/MiniOzoneClusterImpl-37d049c1-8781-4836-8b63-386207273279/datanode-7/data/ratis] (custom)
2019-09-12 10:35:44,779 [pool-104-thread-1] INFO  storage.RaftStorageDirectory (RaftStorageDirectory.java:analyzeStorage(246)) - The storage directory /workdir/hadoop-ozone/integration-test/target/test-dir/MiniOzoneClusterImpl-37d049c1-8781-4836-8b63-386207273279/datanode-7/data/ratis/255abb78-2f6e-4ba9-9c4d-f94b689acea0 does not exist. Creating ...
2019-09-12 10:35:44,800 [pool-104-thread-1] INFO  storage.RaftStorageDirectory (RaftStorageDirectory.java:tryLock(328)) - Lock on /workdir/hadoop-ozone/integration-test/target/test-dir/MiniOzoneClusterImpl-37d049c1-8781-4836-8b63-386207273279/datanode-7/data/ratis/255abb78-2f6e-4ba9-9c4d-f94b689acea0/in_use.lock acquired by nodename 9512@pr-hdds-1569-58hkm-1881083799
2019-09-12 10:35:44,815 [pool-104-thread-1] INFO  storage.RaftStorage (RaftStorage.java:format(72)) - Storage directory /workdir/hadoop-ozone/integration-test/target/test-dir/MiniOzoneClusterImpl-37d049c1-8781-4836-8b63-386207273279/datanode-7/data/ratis/255abb78-2f6e-4ba9-9c4d-f94b689acea0 has been successfully formatted.
2019-09-12 10:35:44,816 [pool-104-thread-1] INFO  ratis.ContainerStateMachine (ContainerStateMachine.java:loadSnapshot(226)) - group-F94B689ACEA0: The snapshot info is null. Setting the last applied indexto:(t:0, i:~)
2019-09-12 10:35:44,816 [pool-104-thread-1] INFO  server.RaftServerConfigKeys (ConfUtils.java:logGet(43)) - raft.server.leader.election.timeout = 120s (custom)
2019-09-12 10:35:44,816 [pool-104-thread-1] INFO  server.RaftServerConfigKeys (ConfUtils.java:logGet(43)) - raft.server.log.use.memory = false (default)
2019-09-12 10:35:44,816 [pool-104-thread-1] INFO  server.RaftServerConfigKeys (ConfUtils.java:logGet(43)) - raft.server.log.purge.gap = 1000000 (custom)
2019-09-12 10:35:44,816 [pool-104-thread-1] INFO  server.RaftServerConfigKeys (ConfUtils.java:logGet(43)) - raft.server.log.appender.buffer.byte-limit = 33554432 (custom)
2019-09-12 10:35:44,817 [pool-104-thread-1] INFO  server.RaftServerConfigKeys (ConfUtils.java:logGet(43)) - raft.server.log.segment.size.max = 1048576 (custom)
2019-09-12 10:35:44,817 [pool-104-thread-1] INFO  server.RaftServerConfigKeys (ConfUtils.java:logGet(43)) - raft.server.log.segment.cache.num.max = 2 (custom)
2019-09-12 10:35:44,817 [pool-104-thread-1] INFO  segmented.SegmentedRaftLogWorker (SegmentedRaftLogWorker.java:<init>(172)) - new 95bd455b-14e9-4919-baf6-c10c70e925fc-SegmentedRaftLogWorker:Storage Directory /workdir/hadoop-ozone/integration-test/target/test-dir/MiniOzoneClusterImpl-37d049c1-8781-4836-8b63-386207273279/datanode-7/data/ratis/255abb78-2f6e-4ba9-9c4d-f94b689acea0 for RaftStorage:Storage Directory /workdir/hadoop-ozone/integration-test/target/test-dir/MiniOzoneClusterImpl-37d049c1-8781-4836-8b63-386207273279/datanode-7/data/ratis/255abb78-2f6e-4ba9-9c4d-f94b689acea0
2019-09-12 10:35:44,817 [pool-104-thread-1] INFO  server.RaftServerConfigKeys (ConfUtils.java:logGet(43)) - raft.server.log.queue.byte-limit = 2147483647 (custom)
2019-09-12 10:35:44,817 [pool-104-thread-1] INFO  server.RaftServerConfigKeys (ConfUtils.java:logGet(43)) - raft.server.log.queue.element-limit = 1024 (custom)
2019-09-12 10:35:44,817 [pool-104-thread-1] INFO  server.RaftServerConfigKeys (ConfUtils.java:logGet(43)) - raft.server.log.segment.size.max = 1048576 (custom)
2019-09-12 10:35:44,818 [pool-104-thread-1] INFO  server.RaftServerConfigKeys (ConfUtils.java:logGet(43)) - raft.server.log.preallocated.size = 16384 (custom)
2019-09-12 10:35:44,818 [pool-104-thread-1] INFO  server.RaftServerConfigKeys (ConfUtils.java:logGet(43)) - raft.server.log.write.buffer.size = 33554432 (custom)
2019-09-12 10:35:44,818 [pool-104-thread-1] INFO  server.RaftServerConfigKeys (ConfUtils.java:logGet(43)) - raft.server.log.force.sync.num = 128 (default)
2019-09-12 10:35:44,818 [pool-104-thread-1] INFO  server.RaftServerConfigKeys (ConfUtils.java:logGet(43)) - raft.server.log.statemachine.data.sync = true (default)
2019-09-12 10:35:44,819 [pool-104-thread-1] INFO  server.RaftServerConfigKeys (ConfUtils.java:logGet(43)) - raft.server.log.statemachine.data.sync.timeout = 10s (default)
2019-09-12 10:35:44,819 [pool-104-thread-1] INFO  server.RaftServerConfigKeys (ConfUtils.java:logGet(43)) - raft.server.log.statemachine.data.sync.timeout.retry = -1 (default)
2019-09-12 10:35:44,819 [pool-104-thread-1] INFO  server.RaftServerConfigKeys (ConfUtils.java:logGet(43)) - raft.server.log.statemachine.data.caching.enabled = true (custom)
2019-09-12 10:35:44,819 [pool-104-thread-1] INFO  segmented.SegmentedRaftLogWorker (SegmentedRaftLogWorker.java:lambda$new$0(132)) - 95bd455b-14e9-4919-baf6-c10c70e925fc-SegmentedRaftLogWorker:Storage Directory /workdir/hadoop-ozone/integration-test/target/test-dir/MiniOzoneClusterImpl-37d049c1-8781-4836-8b63-386207273279/datanode-7/data/ratis/255abb78-2f6e-4ba9-9c4d-f94b689acea0: flushIndex: setUnconditionally 0 -> -1
2019-09-12 10:35:44,820 [pool-104-thread-1] INFO  server.RaftServerConfigKeys (ConfUtils.java:logGet(43)) - raft.server.snapshot.auto.trigger.enabled = true (custom)
2019-09-12 10:35:44,820 [pool-104-thread-1] INFO  server.RaftServerConfigKeys (ConfUtils.java:logGet(43)) - raft.server.snapshot.auto.trigger.threshold = 10000 (custom)
2019-09-12 10:35:44,821 [pool-104-thread-1] INFO  server.RaftServerConfigKeys (ConfUtils.java:logGet(43)) - raft.server.retrycache.expirytime = 600000ms (custom)
2019-09-12 10:35:44,821 [pool-104-thread-1] INFO  impl.RaftServerImpl (RaftServerImpl.java:start(180)) - 95bd455b-14e9-4919-baf6-c10c70e925fc: start group-F94B689ACEA0
2019-09-12 10:35:44,821 [pool-104-thread-1] INFO  impl.RaftServerImpl (RaftServerImpl.java:setRole(171)) - 95bd455b-14e9-4919-baf6-c10c70e925fc:group-F94B689ACEA0 changes role from null to FOLLOWER at term 0 for startAsFollower
2019-09-12 10:35:44,822 [pool-104-thread-1] INFO  impl.RoleInfo (RoleInfo.java:updateAndGet(143)) - 95bd455b-14e9-4919-baf6-c10c70e925fc: start FollowerState
2019-09-12 10:35:44,822 [pool-104-thread-1] INFO  util.JmxRegister (JmxRegister.java:tryRegister(44)) - Successfully registered JMX Bean with object name Ratis:service=RaftServer,group=group-F94B689ACEA0,id=95bd455b-14e9-4919-baf6-c10c70e925fc
2019-09-12 10:35:44,831 [RatisPipelineUtilsThread] INFO  pipeline.PipelineStateManager (PipelineStateManager.java:addPipeline(56)) - Created pipeline Pipeline[ Id: 255abb78-2f6e-4ba9-9c4d-f94b689acea0, Nodes: 95bd455b-14e9-4919-baf6-c10c70e925fc{ip: 192.168.36.114, host: pr-hdds-1569-58hkm-1881083799, networkLocation: /default-rack, certSerialId: null}, Type:RATIS, Factor:ONE, State:OPEN]
2019-09-12 10:35:44,834 [RatisPipelineUtilsThread] ERROR pipeline.PipelinePlacementPolicy (PipelinePlacementPolicy.java:meetCriteria(92)) - Pipeline Placement: Doesn't meet the criteria to be viable node. Heaviness: 6
2019-09-12 10:35:44,834 [RatisPipelineUtilsThread] ERROR pipeline.PipelinePlacementPolicy (PipelinePlacementPolicy.java:meetCriteria(92)) - Pipeline Placement: Doesn't meet the criteria to be viable node. Heaviness: 6
2019-09-12 10:35:44,846 [grpc-default-executor-0] INFO  impl.RaftServerProxy (RaftServerProxy.java:addNew(89)) - 95bd455b-14e9-4919-baf6-c10c70e925fc: addNew group-C7BF93DAFE1B:[95bd455b-14e9-4919-baf6-c10c70e925fc:192.168.36.114:42736] returns group-C7BF93DAFE1B:java.util.concurrent.CompletableFuture@21854066[Not completed]
2019-09-12 10:35:44,847 [pool-104-thread-1] INFO  impl.RaftServerImpl (RaftServerImpl.java:<init>(93)) - 95bd455b-14e9-4919-baf6-c10c70e925fc: new RaftServerImpl for group-C7BF93DAFE1B:[95bd455b-14e9-4919-baf6-c10c70e925fc:192.168.36.114:42736] with ContainerStateMachine:uninitialized
2019-09-12 10:35:44,848 [pool-104-thread-1] INFO  server.RaftServerConfigKeys (ConfUtils.java:logGet(43)) - raft.server.rpc.timeout.min = 5s (custom)
2019-09-12 10:35:44,848 [pool-104-thread-1] INFO  server.RaftServerConfigKeys (ConfUtils.java:logGet(43)) - raft.server.rpc.timeout.max = 5200ms (custom)
2019-09-12 10:35:44,848 [pool-104-thread-1] INFO  server.RaftServerConfigKeys (ConfUtils.java:logGet(43)) - raft.server.rpcslowness.timeout = 120s (custom)
2019-09-12 10:35:44,848 [pool-104-thread-1] INFO  server.RaftServerConfigKeys (ConfUtils.java:logGet(43)) - raft.server.sleep.deviation.threshold = 300 (default)
2019-09-12 10:35:44,848 [pool-104-thread-1] INFO  server.RaftServerConfigKeys (ConfUtils.java:logGet(43)) - raft.server.log.appender.install.snapshot.enabled = false (custom)
2019-09-12 10:35:44,848 [pool-104-thread-1] INFO  impl.RaftServerImpl (ServerState.java:<init>(105)) - 95bd455b-14e9-4919-baf6-c10c70e925fc:group-C7BF93DAFE1B ConfigurationManager, init=-1: [95bd455b-14e9-4919-baf6-c10c70e925fc:192.168.36.114:42736], old=null, confs=<EMPTY_MAP>
2019-09-12 10:35:44,848 [pool-104-thread-1] INFO  server.RaftServerConfigKeys (ConfUtils.java:logGet(43)) - raft.server.storage.dir = [/workdir/hadoop-ozone/integration-test/target/test-dir/MiniOzoneClusterImpl-37d049c1-8781-4836-8b63-386207273279/datanode-7/data/ratis] (custom)
2019-09-12 10:35:44,849 [pool-104-thread-1] INFO  storage.RaftStorageDirectory (RaftStorageDirectory.java:analyzeStorage(246)) - The storage directory /workdir/hadoop-ozone/integration-test/target/test-dir/MiniOzoneClusterImpl-37d049c1-8781-4836-8b63-386207273279/datanode-7/data/ratis/b6b51c9b-7cc4-4f0b-a9a4-c7bf93dafe1b does not exist. Creating ...
2019-09-12 10:35:44,878 [pool-104-thread-1] INFO  storage.RaftStorageDirectory (RaftStorageDirectory.java:tryLock(328)) - Lock on /workdir/hadoop-ozone/integration-test/target/test-dir/MiniOzoneClusterImpl-37d049c1-8781-4836-8b63-386207273279/datanode-7/data/ratis/b6b51c9b-7cc4-4f0b-a9a4-c7bf93dafe1b/in_use.lock acquired by nodename 9512@pr-hdds-1569-58hkm-1881083799
2019-09-12 10:35:44,882 [pool-104-thread-1] INFO  storage.RaftStorage (RaftStorage.java:format(72)) - Storage directory /workdir/hadoop-ozone/integration-test/target/test-dir/MiniOzoneClusterImpl-37d049c1-8781-4836-8b63-386207273279/datanode-7/data/ratis/b6b51c9b-7cc4-4f0b-a9a4-c7bf93dafe1b has been successfully formatted.
2019-09-12 10:35:44,882 [pool-104-thread-1] INFO  ratis.ContainerStateMachine (ContainerStateMachine.java:loadSnapshot(226)) - group-C7BF93DAFE1B: The snapshot info is null. Setting the last applied indexto:(t:0, i:~)
2019-09-12 10:35:44,882 [pool-104-thread-1] INFO  server.RaftServerConfigKeys (ConfUtils.java:logGet(43)) - raft.server.leader.election.timeout = 120s (custom)
2019-09-12 10:35:44,882 [pool-104-thread-1] INFO  server.RaftServerConfigKeys (ConfUtils.java:logGet(43)) - raft.server.log.use.memory = false (default)
2019-09-12 10:35:44,883 [pool-104-thread-1] INFO  server.RaftServerConfigKeys (ConfUtils.java:logGet(43)) - raft.server.log.purge.gap = 1000000 (custom)
2019-09-12 10:35:44,883 [pool-104-thread-1] INFO  server.RaftServerConfigKeys (ConfUtils.java:logGet(43)) - raft.server.log.appender.buffer.byte-limit = 33554432 (custom)
2019-09-12 10:35:44,883 [pool-104-thread-1] INFO  server.RaftServerConfigKeys (ConfUtils.java:logGet(43)) - raft.server.log.segment.size.max = 1048576 (custom)
2019-09-12 10:35:44,883 [pool-104-thread-1] INFO  server.RaftServerConfigKeys (ConfUtils.java:logGet(43)) - raft.server.log.segment.cache.num.max = 2 (custom)
2019-09-12 10:35:44,883 [pool-104-thread-1] INFO  segmented.SegmentedRaftLogWorker (SegmentedRaftLogWorker.java:<init>(172)) - new 95bd455b-14e9-4919-baf6-c10c70e925fc-SegmentedRaftLogWorker:Storage Directory /workdir/hadoop-ozone/integration-test/target/test-dir/MiniOzoneClusterImpl-37d049c1-8781-4836-8b63-386207273279/datanode-7/data/ratis/b6b51c9b-7cc4-4f0b-a9a4-c7bf93dafe1b for RaftStorage:Storage Directory /workdir/hadoop-ozone/integration-test/target/test-dir/MiniOzoneClusterImpl-37d049c1-8781-4836-8b63-386207273279/datanode-7/data/ratis/b6b51c9b-7cc4-4f0b-a9a4-c7bf93dafe1b
2019-09-12 10:35:44,883 [pool-104-thread-1] INFO  server.RaftServerConfigKeys (ConfUtils.java:logGet(43)) - raft.server.log.queue.byte-limit = 2147483647 (custom)
2019-09-12 10:35:44,884 [pool-104-thread-1] INFO  server.RaftServerConfigKeys (ConfUtils.java:logGet(43)) - raft.server.log.queue.element-limit = 1024 (custom)
2019-09-12 10:35:44,884 [pool-104-thread-1] INFO  server.RaftServerConfigKeys (ConfUtils.java:logGet(43)) - raft.server.log.segment.size.max = 1048576 (custom)
2019-09-12 10:35:44,884 [pool-104-thread-1] INFO  server.RaftServerConfigKeys (ConfUtils.java:logGet(43)) - raft.server.log.preallocated.size = 16384 (custom)
2019-09-12 10:35:44,884 [pool-104-thread-1] INFO  server.RaftServerConfigKeys (ConfUtils.java:logGet(43)) - raft.server.log.write.buffer.size = 33554432 (custom)
2019-09-12 10:35:44,884 [pool-104-thread-1] INFO  server.RaftServerConfigKeys (ConfUtils.java:logGet(43)) - raft.server.log.force.sync.num = 128 (default)
2019-09-12 10:35:44,884 [pool-104-thread-1] INFO  server.RaftServerConfigKeys (ConfUtils.java:logGet(43)) - raft.server.log.statemachine.data.sync = true (default)
2019-09-12 10:35:44,885 [pool-104-thread-1] INFO  server.RaftServerConfigKeys (ConfUtils.java:logGet(43)) - raft.server.log.statemachine.data.sync.timeout = 10s (default)
2019-09-12 10:35:44,885 [pool-104-thread-1] INFO  server.RaftServerConfigKeys (ConfUtils.java:logGet(43)) - raft.server.log.statemachine.data.sync.timeout.retry = -1 (default)
2019-09-12 10:35:44,885 [pool-104-thread-1] INFO  server.RaftServerConfigKeys (ConfUtils.java:logGet(43)) - raft.server.log.statemachine.data.caching.enabled = true (custom)
2019-09-12 10:35:44,885 [pool-104-thread-1] INFO  segmented.SegmentedRaftLogWorker (SegmentedRaftLogWorker.java:lambda$new$0(132)) - 95bd455b-14e9-4919-baf6-c10c70e925fc-SegmentedRaftLogWorker:Storage Directory /workdir/hadoop-ozone/integration-test/target/test-dir/MiniOzoneClusterImpl-37d049c1-8781-4836-8b63-386207273279/datanode-7/data/ratis/b6b51c9b-7cc4-4f0b-a9a4-c7bf93dafe1b: flushIndex: setUnconditionally 0 -> -1
2019-09-12 10:35:44,886 [pool-104-thread-1] INFO  server.RaftServerConfigKeys (ConfUtils.java:logGet(43)) - raft.server.snapshot.auto.trigger.enabled = true (custom)
2019-09-12 10:35:44,886 [pool-104-thread-1] INFO  server.RaftServerConfigKeys (ConfUtils.java:logGet(43)) - raft.server.snapshot.auto.trigger.threshold = 10000 (custom)
2019-09-12 10:35:44,886 [pool-104-thread-1] INFO  server.RaftServerConfigKeys (ConfUtils.java:logGet(43)) - raft.server.retrycache.expirytime = 600000ms (custom)
2019-09-12 10:35:44,887 [pool-104-thread-1] INFO  impl.RaftServerImpl (RaftServerImpl.java:start(180)) - 95bd455b-14e9-4919-baf6-c10c70e925fc: start group-C7BF93DAFE1B
2019-09-12 10:35:44,887 [pool-104-thread-1] INFO  impl.RaftServerImpl (RaftServerImpl.java:setRole(171)) - 95bd455b-14e9-4919-baf6-c10c70e925fc:group-C7BF93DAFE1B changes role from null to FOLLOWER at term 0 for startAsFollower
2019-09-12 10:35:44,887 [pool-104-thread-1] INFO  impl.RoleInfo (RoleInfo.java:updateAndGet(143)) - 95bd455b-14e9-4919-baf6-c10c70e925fc: start FollowerState
2019-09-12 10:35:44,887 [pool-104-thread-1] INFO  util.JmxRegister (JmxRegister.java:tryRegister(44)) - Successfully registered JMX Bean with object name Ratis:service=RaftServer,group=group-C7BF93DAFE1B,id=95bd455b-14e9-4919-baf6-c10c70e925fc
2019-09-12 10:35:44,894 [RatisPipelineUtilsThread] INFO  pipeline.PipelineStateManager (PipelineStateManager.java:addPipeline(56)) - Created pipeline Pipeline[ Id: b6b51c9b-7cc4-4f0b-a9a4-c7bf93dafe1b, Nodes: 95bd455b-14e9-4919-baf6-c10c70e925fc{ip: 192.168.36.114, host: pr-hdds-1569-58hkm-1881083799, networkLocation: /default-rack, certSerialId: null}, Type:RATIS, Factor:ONE, State:OPEN]
2019-09-12 10:35:44,896 [RatisPipelineUtilsThread] ERROR pipeline.PipelinePlacementPolicy (PipelinePlacementPolicy.java:meetCriteria(92)) - Pipeline Placement: Doesn't meet the criteria to be viable node. Heaviness: 6
2019-09-12 10:35:44,896 [RatisPipelineUtilsThread] ERROR pipeline.PipelinePlacementPolicy (PipelinePlacementPolicy.java:meetCriteria(92)) - Pipeline Placement: Doesn't meet the criteria to be viable node. Heaviness: 6
2019-09-12 10:35:44,907 [grpc-default-executor-0] INFO  impl.RaftServerProxy (RaftServerProxy.java:addNew(89)) - b4faf84d-881e-452e-9abc-9848f28c1b42: addNew group-65301E355D3F:[b4faf84d-881e-452e-9abc-9848f28c1b42:192.168.36.114:44842] returns group-65301E355D3F:java.util.concurrent.CompletableFuture@45b51724[Not completed]
2019-09-12 10:35:44,908 [pool-93-thread-1] INFO  impl.RaftServerImpl (RaftServerImpl.java:<init>(93)) - b4faf84d-881e-452e-9abc-9848f28c1b42: new RaftServerImpl for group-65301E355D3F:[b4faf84d-881e-452e-9abc-9848f28c1b42:192.168.36.114:44842] with ContainerStateMachine:uninitialized
2019-09-12 10:35:44,909 [pool-93-thread-1] INFO  server.RaftServerConfigKeys (ConfUtils.java:logGet(43)) - raft.server.rpc.timeout.min = 5s (custom)
2019-09-12 10:35:44,909 [pool-93-thread-1] INFO  server.RaftServerConfigKeys (ConfUtils.java:logGet(43)) - raft.server.rpc.timeout.max = 5200ms (custom)
2019-09-12 10:35:44,909 [pool-93-thread-1] INFO  server.RaftServerConfigKeys (ConfUtils.java:logGet(43)) - raft.server.rpcslowness.timeout = 120s (custom)
2019-09-12 10:35:44,909 [pool-93-thread-1] INFO  server.RaftServerConfigKeys (ConfUtils.java:logGet(43)) - raft.server.sleep.deviation.threshold = 300 (default)
2019-09-12 10:35:44,909 [pool-93-thread-1] INFO  server.RaftServerConfigKeys (ConfUtils.java:logGet(43)) - raft.server.log.appender.install.snapshot.enabled = false (custom)
2019-09-12 10:35:44,909 [pool-93-thread-1] INFO  impl.RaftServerImpl (ServerState.java:<init>(105)) - b4faf84d-881e-452e-9abc-9848f28c1b42:group-65301E355D3F ConfigurationManager, init=-1: [b4faf84d-881e-452e-9abc-9848f28c1b42:192.168.36.114:44842], old=null, confs=<EMPTY_MAP>
2019-09-12 10:35:44,910 [pool-93-thread-1] INFO  server.RaftServerConfigKeys (ConfUtils.java:logGet(43)) - raft.server.storage.dir = [/workdir/hadoop-ozone/integration-test/target/test-dir/MiniOzoneClusterImpl-37d049c1-8781-4836-8b63-386207273279/datanode-6/data/ratis] (custom)
2019-09-12 10:35:44,910 [pool-93-thread-1] INFO  storage.RaftStorageDirectory (RaftStorageDirectory.java:analyzeStorage(246)) - The storage directory /workdir/hadoop-ozone/integration-test/target/test-dir/MiniOzoneClusterImpl-37d049c1-8781-4836-8b63-386207273279/datanode-6/data/ratis/e041de68-db55-4576-9a5b-65301e355d3f does not exist. Creating ...
2019-09-12 10:35:44,914 [pool-93-thread-1] INFO  storage.RaftStorageDirectory (RaftStorageDirectory.java:tryLock(328)) - Lock on /workdir/hadoop-ozone/integration-test/target/test-dir/MiniOzoneClusterImpl-37d049c1-8781-4836-8b63-386207273279/datanode-6/data/ratis/e041de68-db55-4576-9a5b-65301e355d3f/in_use.lock acquired by nodename 9512@pr-hdds-1569-58hkm-1881083799
2019-09-12 10:35:44,918 [pool-93-thread-1] INFO  storage.RaftStorage (RaftStorage.java:format(72)) - Storage directory /workdir/hadoop-ozone/integration-test/target/test-dir/MiniOzoneClusterImpl-37d049c1-8781-4836-8b63-386207273279/datanode-6/data/ratis/e041de68-db55-4576-9a5b-65301e355d3f has been successfully formatted.
2019-09-12 10:35:44,918 [pool-93-thread-1] INFO  ratis.ContainerStateMachine (ContainerStateMachine.java:loadSnapshot(226)) - group-65301E355D3F: The snapshot info is null. Setting the last applied indexto:(t:0, i:~)
2019-09-12 10:35:44,918 [pool-93-thread-1] INFO  server.RaftServerConfigKeys (ConfUtils.java:logGet(43)) - raft.server.leader.election.timeout = 120s (custom)
2019-09-12 10:35:44,919 [pool-93-thread-1] INFO  server.RaftServerConfigKeys (ConfUtils.java:logGet(43)) - raft.server.log.use.memory = false (default)
2019-09-12 10:35:44,919 [pool-93-thread-1] INFO  server.RaftServerConfigKeys (ConfUtils.java:logGet(43)) - raft.server.log.purge.gap = 1000000 (custom)
2019-09-12 10:35:44,919 [pool-93-thread-1] INFO  server.RaftServerConfigKeys (ConfUtils.java:logGet(43)) - raft.server.log.appender.buffer.byte-limit = 33554432 (custom)
2019-09-12 10:35:44,919 [pool-93-thread-1] INFO  server.RaftServerConfigKeys (ConfUtils.java:logGet(43)) - raft.server.log.segment.size.max = 1048576 (custom)
2019-09-12 10:35:44,919 [pool-93-thread-1] INFO  server.RaftServerConfigKeys (ConfUtils.java:logGet(43)) - raft.server.log.segment.cache.num.max = 2 (custom)
2019-09-12 10:35:44,919 [pool-93-thread-1] INFO  segmented.SegmentedRaftLogWorker (SegmentedRaftLogWorker.java:<init>(172)) - new b4faf84d-881e-452e-9abc-9848f28c1b42-SegmentedRaftLogWorker:Storage Directory /workdir/hadoop-ozone/integration-test/target/test-dir/MiniOzoneClusterImpl-37d049c1-8781-4836-8b63-386207273279/datanode-6/data/ratis/e041de68-db55-4576-9a5b-65301e355d3f for RaftStorage:Storage Directory /workdir/hadoop-ozone/integration-test/target/test-dir/MiniOzoneClusterImpl-37d049c1-8781-4836-8b63-386207273279/datanode-6/data/ratis/e041de68-db55-4576-9a5b-65301e355d3f
2019-09-12 10:35:44,920 [pool-93-thread-1] INFO  server.RaftServerConfigKeys (ConfUtils.java:logGet(43)) - raft.server.log.queue.byte-limit = 2147483647 (custom)
2019-09-12 10:35:44,920 [pool-93-thread-1] INFO  server.RaftServerConfigKeys (ConfUtils.java:logGet(43)) - raft.server.log.queue.element-limit = 1024 (custom)
2019-09-12 10:35:44,920 [pool-93-thread-1] INFO  server.RaftServerConfigKeys (ConfUtils.java:logGet(43)) - raft.server.log.segment.size.max = 1048576 (custom)
2019-09-12 10:35:44,920 [pool-93-thread-1] INFO  server.RaftServerConfigKeys (ConfUtils.java:logGet(43)) - raft.server.log.preallocated.size = 16384 (custom)
2019-09-12 10:35:44,920 [pool-93-thread-1] INFO  server.RaftServerConfigKeys (ConfUtils.java:logGet(43)) - raft.server.log.write.buffer.size = 33554432 (custom)
2019-09-12 10:35:44,920 [pool-93-thread-1] INFO  server.RaftServerConfigKeys (ConfUtils.java:logGet(43)) - raft.server.log.force.sync.num = 128 (default)
2019-09-12 10:35:44,920 [pool-93-thread-1] INFO  server.RaftServerConfigKeys (ConfUtils.java:logGet(43)) - raft.server.log.statemachine.data.sync = true (default)
2019-09-12 10:35:44,920 [pool-93-thread-1] INFO  server.RaftServerConfigKeys (ConfUtils.java:logGet(43)) - raft.server.log.statemachine.data.sync.timeout = 10s (default)
2019-09-12 10:35:44,921 [pool-93-thread-1] INFO  server.RaftServerConfigKeys (ConfUtils.java:logGet(43)) - raft.server.log.statemachine.data.sync.timeout.retry = -1 (default)
2019-09-12 10:35:44,921 [pool-93-thread-1] INFO  server.RaftServerConfigKeys (ConfUtils.java:logGet(43)) - raft.server.log.statemachine.data.caching.enabled = true (custom)
2019-09-12 10:35:44,921 [pool-93-thread-1] INFO  segmented.SegmentedRaftLogWorker (SegmentedRaftLogWorker.java:lambda$new$0(132)) - b4faf84d-881e-452e-9abc-9848f28c1b42-SegmentedRaftLogWorker:Storage Directory /workdir/hadoop-ozone/integration-test/target/test-dir/MiniOzoneClusterImpl-37d049c1-8781-4836-8b63-386207273279/datanode-6/data/ratis/e041de68-db55-4576-9a5b-65301e355d3f: flushIndex: setUnconditionally 0 -> -1
2019-09-12 10:35:44,921 [pool-93-thread-1] INFO  server.RaftServerConfigKeys (ConfUtils.java:logGet(43)) - raft.server.snapshot.auto.trigger.enabled = true (custom)
2019-09-12 10:35:44,922 [pool-93-thread-1] INFO  server.RaftServerConfigKeys (ConfUtils.java:logGet(43)) - raft.server.snapshot.auto.trigger.threshold = 10000 (custom)
2019-09-12 10:35:44,922 [pool-93-thread-1] INFO  server.RaftServerConfigKeys (ConfUtils.java:logGet(43)) - raft.server.retrycache.expirytime = 600000ms (custom)
2019-09-12 10:35:44,922 [pool-93-thread-1] INFO  impl.RaftServerImpl (RaftServerImpl.java:start(180)) - b4faf84d-881e-452e-9abc-9848f28c1b42: start group-65301E355D3F
2019-09-12 10:35:44,922 [pool-93-thread-1] INFO  impl.RaftServerImpl (RaftServerImpl.java:setRole(171)) - b4faf84d-881e-452e-9abc-9848f28c1b42:group-65301E355D3F changes role from null to FOLLOWER at term 0 for startAsFollower
2019-09-12 10:35:44,922 [pool-93-thread-1] INFO  impl.RoleInfo (RoleInfo.java:updateAndGet(143)) - b4faf84d-881e-452e-9abc-9848f28c1b42: start FollowerState
2019-09-12 10:35:44,923 [pool-93-thread-1] INFO  util.JmxRegister (JmxRegister.java:tryRegister(44)) - Successfully registered JMX Bean with object name Ratis:service=RaftServer,group=group-65301E355D3F,id=b4faf84d-881e-452e-9abc-9848f28c1b42
2019-09-12 10:35:44,927 [RatisPipelineUtilsThread] INFO  pipeline.PipelineStateManager (PipelineStateManager.java:addPipeline(56)) - Created pipeline Pipeline[ Id: e041de68-db55-4576-9a5b-65301e355d3f, Nodes: b4faf84d-881e-452e-9abc-9848f28c1b42{ip: 192.168.36.114, host: pr-hdds-1569-58hkm-1881083799, networkLocation: /default-rack, certSerialId: null}, Type:RATIS, Factor:ONE, State:OPEN]
2019-09-12 10:35:44,929 [RatisPipelineUtilsThread] ERROR pipeline.PipelinePlacementPolicy (PipelinePlacementPolicy.java:meetCriteria(92)) - Pipeline Placement: Doesn't meet the criteria to be viable node. Heaviness: 6
2019-09-12 10:35:44,929 [RatisPipelineUtilsThread] ERROR pipeline.PipelinePlacementPolicy (PipelinePlacementPolicy.java:meetCriteria(92)) - Pipeline Placement: Doesn't meet the criteria to be viable node. Heaviness: 6
2019-09-12 10:35:44,938 [grpc-default-executor-0] INFO  impl.RaftServerProxy (RaftServerProxy.java:addNew(89)) - fe225ea7-028a-4076-a3b3-dba0461d638a: addNew group-C6714D6131DE:[fe225ea7-028a-4076-a3b3-dba0461d638a:192.168.36.114:45997] returns group-C6714D6131DE:java.util.concurrent.CompletableFuture@68a2fef4[Not completed]
2019-09-12 10:35:44,940 [pool-49-thread-1] INFO  impl.RaftServerImpl (RaftServerImpl.java:<init>(93)) - fe225ea7-028a-4076-a3b3-dba0461d638a: new RaftServerImpl for group-C6714D6131DE:[fe225ea7-028a-4076-a3b3-dba0461d638a:192.168.36.114:45997] with ContainerStateMachine:uninitialized
2019-09-12 10:35:44,940 [pool-49-thread-1] INFO  server.RaftServerConfigKeys (ConfUtils.java:logGet(43)) - raft.server.rpc.timeout.min = 5s (custom)
2019-09-12 10:35:44,940 [pool-49-thread-1] INFO  server.RaftServerConfigKeys (ConfUtils.java:logGet(43)) - raft.server.rpc.timeout.max = 5200ms (custom)
2019-09-12 10:35:44,940 [pool-49-thread-1] INFO  server.RaftServerConfigKeys (ConfUtils.java:logGet(43)) - raft.server.rpcslowness.timeout = 120s (custom)
2019-09-12 10:35:44,940 [pool-49-thread-1] INFO  server.RaftServerConfigKeys (ConfUtils.java:logGet(43)) - raft.server.sleep.deviation.threshold = 300 (default)
2019-09-12 10:35:44,940 [pool-49-thread-1] INFO  server.RaftServerConfigKeys (ConfUtils.java:logGet(43)) - raft.server.log.appender.install.snapshot.enabled = false (custom)
2019-09-12 10:35:44,940 [pool-49-thread-1] INFO  impl.RaftServerImpl (ServerState.java:<init>(105)) - fe225ea7-028a-4076-a3b3-dba0461d638a:group-C6714D6131DE ConfigurationManager, init=-1: [fe225ea7-028a-4076-a3b3-dba0461d638a:192.168.36.114:45997], old=null, confs=<EMPTY_MAP>
2019-09-12 10:35:44,941 [pool-49-thread-1] INFO  server.RaftServerConfigKeys (ConfUtils.java:logGet(43)) - raft.server.storage.dir = [/workdir/hadoop-ozone/integration-test/target/test-dir/MiniOzoneClusterImpl-37d049c1-8781-4836-8b63-386207273279/datanode-2/data/ratis] (custom)
2019-09-12 10:35:44,941 [pool-49-thread-1] INFO  storage.RaftStorageDirectory (RaftStorageDirectory.java:analyzeStorage(246)) - The storage directory /workdir/hadoop-ozone/integration-test/target/test-dir/MiniOzoneClusterImpl-37d049c1-8781-4836-8b63-386207273279/datanode-2/data/ratis/a310d9f6-cf05-40a7-82a6-c6714d6131de does not exist. Creating ...
2019-09-12 10:35:44,945 [pool-49-thread-1] INFO  storage.RaftStorageDirectory (RaftStorageDirectory.java:tryLock(328)) - Lock on /workdir/hadoop-ozone/integration-test/target/test-dir/MiniOzoneClusterImpl-37d049c1-8781-4836-8b63-386207273279/datanode-2/data/ratis/a310d9f6-cf05-40a7-82a6-c6714d6131de/in_use.lock acquired by nodename 9512@pr-hdds-1569-58hkm-1881083799
2019-09-12 10:35:44,950 | INFO  | SCMAudit | user=jenkins1000 | ip=192.168.36.114 | op=SEND_HEARTBEAT {datanodeUUID=3ea3aff6-08b9-42c8-836f-7f03e071752a, command=[]} | ret=SUCCESS |  
2019-09-12 10:35:44,951 [pool-49-thread-1] INFO  storage.RaftStorage (RaftStorage.java:format(72)) - Storage directory /workdir/hadoop-ozone/integration-test/target/test-dir/MiniOzoneClusterImpl-37d049c1-8781-4836-8b63-386207273279/datanode-2/data/ratis/a310d9f6-cf05-40a7-82a6-c6714d6131de has been successfully formatted.
2019-09-12 10:35:44,951 [pool-49-thread-1] INFO  ratis.ContainerStateMachine (ContainerStateMachine.java:loadSnapshot(226)) - group-C6714D6131DE: The snapshot info is null. Setting the last applied indexto:(t:0, i:~)
2019-09-12 10:35:44,951 [pool-49-thread-1] INFO  server.RaftServerConfigKeys (ConfUtils.java:logGet(43)) - raft.server.leader.election.timeout = 120s (custom)
2019-09-12 10:35:44,951 [pool-49-thread-1] INFO  server.RaftServerConfigKeys (ConfUtils.java:logGet(43)) - raft.server.log.use.memory = false (default)
2019-09-12 10:35:44,952 [pool-49-thread-1] INFO  server.RaftServerConfigKeys (ConfUtils.java:logGet(43)) - raft.server.log.purge.gap = 1000000 (custom)
2019-09-12 10:35:44,952 [pool-49-thread-1] INFO  server.RaftServerConfigKeys (ConfUtils.java:logGet(43)) - raft.server.log.appender.buffer.byte-limit = 33554432 (custom)
2019-09-12 10:35:44,952 [pool-49-thread-1] INFO  server.RaftServerConfigKeys (ConfUtils.java:logGet(43)) - raft.server.log.segment.size.max = 1048576 (custom)
2019-09-12 10:35:44,952 [pool-49-thread-1] INFO  server.RaftServerConfigKeys (ConfUtils.java:logGet(43)) - raft.server.log.segment.cache.num.max = 2 (custom)
2019-09-12 10:35:44,952 [pool-49-thread-1] INFO  segmented.SegmentedRaftLogWorker (SegmentedRaftLogWorker.java:<init>(172)) - new fe225ea7-028a-4076-a3b3-dba0461d638a-SegmentedRaftLogWorker:Storage Directory /workdir/hadoop-ozone/integration-test/target/test-dir/MiniOzoneClusterImpl-37d049c1-8781-4836-8b63-386207273279/datanode-2/data/ratis/a310d9f6-cf05-40a7-82a6-c6714d6131de for RaftStorage:Storage Directory /workdir/hadoop-ozone/integration-test/target/test-dir/MiniOzoneClusterImpl-37d049c1-8781-4836-8b63-386207273279/datanode-2/data/ratis/a310d9f6-cf05-40a7-82a6-c6714d6131de
2019-09-12 10:35:44,953 [pool-49-thread-1] INFO  server.RaftServerConfigKeys (ConfUtils.java:logGet(43)) - raft.server.log.queue.byte-limit = 2147483647 (custom)
2019-09-12 10:35:44,953 [pool-49-thread-1] INFO  server.RaftServerConfigKeys (ConfUtils.java:logGet(43)) - raft.server.log.queue.element-limit = 1024 (custom)
2019-09-12 10:35:44,953 [pool-49-thread-1] INFO  server.RaftServerConfigKeys (ConfUtils.java:logGet(43)) - raft.server.log.segment.size.max = 1048576 (custom)
2019-09-12 10:35:44,953 [pool-49-thread-1] INFO  server.RaftServerConfigKeys (ConfUtils.java:logGet(43)) - raft.server.log.preallocated.size = 16384 (custom)
2019-09-12 10:35:44,953 [pool-49-thread-1] INFO  server.RaftServerConfigKeys (ConfUtils.java:logGet(43)) - raft.server.log.write.buffer.size = 33554432 (custom)
2019-09-12 10:35:44,953 [pool-49-thread-1] INFO  server.RaftServerConfigKeys (ConfUtils.java:logGet(43)) - raft.server.log.force.sync.num = 128 (default)
2019-09-12 10:35:44,954 [pool-49-thread-1] INFO  server.RaftServerConfigKeys (ConfUtils.java:logGet(43)) - raft.server.log.statemachine.data.sync = true (default)
2019-09-12 10:35:44,954 [pool-49-thread-1] INFO  server.RaftServerConfigKeys (ConfUtils.java:logGet(43)) - raft.server.log.statemachine.data.sync.timeout = 10s (default)
2019-09-12 10:35:44,954 [pool-49-thread-1] INFO  server.RaftServerConfigKeys (ConfUtils.java:logGet(43)) - raft.server.log.statemachine.data.sync.timeout.retry = -1 (default)
2019-09-12 10:35:44,954 [pool-49-thread-1] INFO  server.RaftServerConfigKeys (ConfUtils.java:logGet(43)) - raft.server.log.statemachine.data.caching.enabled = true (custom)
2019-09-12 10:35:44,955 [pool-49-thread-1] INFO  segmented.SegmentedRaftLogWorker (SegmentedRaftLogWorker.java:lambda$new$0(132)) - fe225ea7-028a-4076-a3b3-dba0461d638a-SegmentedRaftLogWorker:Storage Directory /workdir/hadoop-ozone/integration-test/target/test-dir/MiniOzoneClusterImpl-37d049c1-8781-4836-8b63-386207273279/datanode-2/data/ratis/a310d9f6-cf05-40a7-82a6-c6714d6131de: flushIndex: setUnconditionally 0 -> -1
2019-09-12 10:35:44,955 [pool-49-thread-1] INFO  server.RaftServerConfigKeys (ConfUtils.java:logGet(43)) - raft.server.snapshot.auto.trigger.enabled = true (custom)
2019-09-12 10:35:44,956 [pool-49-thread-1] INFO  server.RaftServerConfigKeys (ConfUtils.java:logGet(43)) - raft.server.snapshot.auto.trigger.threshold = 10000 (custom)
2019-09-12 10:35:44,956 [pool-49-thread-1] INFO  server.RaftServerConfigKeys (ConfUtils.java:logGet(43)) - raft.server.retrycache.expirytime = 600000ms (custom)
2019-09-12 10:35:44,956 [pool-49-thread-1] INFO  impl.RaftServerImpl (RaftServerImpl.java:start(180)) - fe225ea7-028a-4076-a3b3-dba0461d638a: start group-C6714D6131DE
2019-09-12 10:35:44,956 [pool-49-thread-1] INFO  impl.RaftServerImpl (RaftServerImpl.java:setRole(171)) - fe225ea7-028a-4076-a3b3-dba0461d638a:group-C6714D6131DE changes role from null to FOLLOWER at term 0 for startAsFollower
2019-09-12 10:35:44,957 [pool-49-thread-1] INFO  impl.RoleInfo (RoleInfo.java:updateAndGet(143)) - fe225ea7-028a-4076-a3b3-dba0461d638a: start FollowerState
2019-09-12 10:35:44,957 [pool-49-thread-1] INFO  util.JmxRegister (JmxRegister.java:tryRegister(44)) - Successfully registered JMX Bean with object name Ratis:service=RaftServer,group=group-C6714D6131DE,id=fe225ea7-028a-4076-a3b3-dba0461d638a
2019-09-12 10:35:44,963 [RatisPipelineUtilsThread] INFO  pipeline.PipelineStateManager (PipelineStateManager.java:addPipeline(56)) - Created pipeline Pipeline[ Id: a310d9f6-cf05-40a7-82a6-c6714d6131de, Nodes: fe225ea7-028a-4076-a3b3-dba0461d638a{ip: 192.168.36.114, host: pr-hdds-1569-58hkm-1881083799, networkLocation: /default-rack, certSerialId: null}, Type:RATIS, Factor:ONE, State:OPEN]
2019-09-12 10:35:44,965 [RatisPipelineUtilsThread] ERROR pipeline.PipelinePlacementPolicy (PipelinePlacementPolicy.java:meetCriteria(92)) - Pipeline Placement: Doesn't meet the criteria to be viable node. Heaviness: 6
2019-09-12 10:35:44,965 [RatisPipelineUtilsThread] ERROR pipeline.PipelinePlacementPolicy (PipelinePlacementPolicy.java:meetCriteria(92)) - Pipeline Placement: Doesn't meet the criteria to be viable node. Heaviness: 6
2019-09-12 10:35:44,976 [grpc-default-executor-0] INFO  impl.RaftServerProxy (RaftServerProxy.java:addNew(89)) - 95bd455b-14e9-4919-baf6-c10c70e925fc: addNew group-C16C6029F337:[95bd455b-14e9-4919-baf6-c10c70e925fc:192.168.36.114:42736] returns group-C16C6029F337:java.util.concurrent.CompletableFuture@3a63972d[Not completed]
2019-09-12 10:35:44,978 [pool-104-thread-1] INFO  impl.RaftServerImpl (RaftServerImpl.java:<init>(93)) - 95bd455b-14e9-4919-baf6-c10c70e925fc: new RaftServerImpl for group-C16C6029F337:[95bd455b-14e9-4919-baf6-c10c70e925fc:192.168.36.114:42736] with ContainerStateMachine:uninitialized
2019-09-12 10:35:44,979 [pool-104-thread-1] INFO  server.RaftServerConfigKeys (ConfUtils.java:logGet(43)) - raft.server.rpc.timeout.min = 5s (custom)
2019-09-12 10:35:44,979 [pool-104-thread-1] INFO  server.RaftServerConfigKeys (ConfUtils.java:logGet(43)) - raft.server.rpc.timeout.max = 5200ms (custom)
2019-09-12 10:35:44,979 [pool-104-thread-1] INFO  server.RaftServerConfigKeys (ConfUtils.java:logGet(43)) - raft.server.rpcslowness.timeout = 120s (custom)
2019-09-12 10:35:44,979 [pool-104-thread-1] INFO  server.RaftServerConfigKeys (ConfUtils.java:logGet(43)) - raft.server.sleep.deviation.threshold = 300 (default)
2019-09-12 10:35:44,979 [pool-104-thread-1] INFO  server.RaftServerConfigKeys (ConfUtils.java:logGet(43)) - raft.server.log.appender.install.snapshot.enabled = false (custom)
2019-09-12 10:35:44,980 [pool-104-thread-1] INFO  impl.RaftServerImpl (ServerState.java:<init>(105)) - 95bd455b-14e9-4919-baf6-c10c70e925fc:group-C16C6029F337 ConfigurationManager, init=-1: [95bd455b-14e9-4919-baf6-c10c70e925fc:192.168.36.114:42736], old=null, confs=<EMPTY_MAP>
2019-09-12 10:35:44,980 [pool-104-thread-1] INFO  server.RaftServerConfigKeys (ConfUtils.java:logGet(43)) - raft.server.storage.dir = [/workdir/hadoop-ozone/integration-test/target/test-dir/MiniOzoneClusterImpl-37d049c1-8781-4836-8b63-386207273279/datanode-7/data/ratis] (custom)
2019-09-12 10:35:44,980 [pool-104-thread-1] INFO  storage.RaftStorageDirectory (RaftStorageDirectory.java:analyzeStorage(246)) - The storage directory /workdir/hadoop-ozone/integration-test/target/test-dir/MiniOzoneClusterImpl-37d049c1-8781-4836-8b63-386207273279/datanode-7/data/ratis/12cfb828-76cc-482a-8236-c16c6029f337 does not exist. Creating ...
2019-09-12 10:35:44,984 [pool-104-thread-1] INFO  storage.RaftStorageDirectory (RaftStorageDirectory.java:tryLock(328)) - Lock on /workdir/hadoop-ozone/integration-test/target/test-dir/MiniOzoneClusterImpl-37d049c1-8781-4836-8b63-386207273279/datanode-7/data/ratis/12cfb828-76cc-482a-8236-c16c6029f337/in_use.lock acquired by nodename 9512@pr-hdds-1569-58hkm-1881083799
2019-09-12 10:35:44,988 [pool-104-thread-1] INFO  storage.RaftStorage (RaftStorage.java:format(72)) - Storage directory /workdir/hadoop-ozone/integration-test/target/test-dir/MiniOzoneClusterImpl-37d049c1-8781-4836-8b63-386207273279/datanode-7/data/ratis/12cfb828-76cc-482a-8236-c16c6029f337 has been successfully formatted.
2019-09-12 10:35:44,989 [pool-104-thread-1] INFO  ratis.ContainerStateMachine (ContainerStateMachine.java:loadSnapshot(226)) - group-C16C6029F337: The snapshot info is null. Setting the last applied indexto:(t:0, i:~)
2019-09-12 10:35:44,989 [pool-104-thread-1] INFO  server.RaftServerConfigKeys (ConfUtils.java:logGet(43)) - raft.server.leader.election.timeout = 120s (custom)
2019-09-12 10:35:44,989 [pool-104-thread-1] INFO  server.RaftServerConfigKeys (ConfUtils.java:logGet(43)) - raft.server.log.use.memory = false (default)
2019-09-12 10:35:44,989 [pool-104-thread-1] INFO  server.RaftServerConfigKeys (ConfUtils.java:logGet(43)) - raft.server.log.purge.gap = 1000000 (custom)
2019-09-12 10:35:44,989 [pool-104-thread-1] INFO  server.RaftServerConfigKeys (ConfUtils.java:logGet(43)) - raft.server.log.appender.buffer.byte-limit = 33554432 (custom)
2019-09-12 10:35:44,989 [pool-104-thread-1] INFO  server.RaftServerConfigKeys (ConfUtils.java:logGet(43)) - raft.server.log.segment.size.max = 1048576 (custom)
2019-09-12 10:35:44,990 [pool-104-thread-1] INFO  server.RaftServerConfigKeys (ConfUtils.java:logGet(43)) - raft.server.log.segment.cache.num.max = 2 (custom)
2019-09-12 10:35:44,990 [pool-104-thread-1] INFO  segmented.SegmentedRaftLogWorker (SegmentedRaftLogWorker.java:<init>(172)) - new 95bd455b-14e9-4919-baf6-c10c70e925fc-SegmentedRaftLogWorker:Storage Directory /workdir/hadoop-ozone/integration-test/target/test-dir/MiniOzoneClusterImpl-37d049c1-8781-4836-8b63-386207273279/datanode-7/data/ratis/12cfb828-76cc-482a-8236-c16c6029f337 for RaftStorage:Storage Directory /workdir/hadoop-ozone/integration-test/target/test-dir/MiniOzoneClusterImpl-37d049c1-8781-4836-8b63-386207273279/datanode-7/data/ratis/12cfb828-76cc-482a-8236-c16c6029f337
2019-09-12 10:35:44,990 [pool-104-thread-1] INFO  server.RaftServerConfigKeys (ConfUtils.java:logGet(43)) - raft.server.log.queue.byte-limit = 2147483647 (custom)
2019-09-12 10:35:44,990 [pool-104-thread-1] INFO  server.RaftServerConfigKeys (ConfUtils.java:logGet(43)) - raft.server.log.queue.element-limit = 1024 (custom)
2019-09-12 10:35:44,990 [pool-104-thread-1] INFO  server.RaftServerConfigKeys (ConfUtils.java:logGet(43)) - raft.server.log.segment.size.max = 1048576 (custom)
2019-09-12 10:35:44,990 [pool-104-thread-1] INFO  server.RaftServerConfigKeys (ConfUtils.java:logGet(43)) - raft.server.log.preallocated.size = 16384 (custom)
2019-09-12 10:35:44,990 [pool-104-thread-1] INFO  server.RaftServerConfigKeys (ConfUtils.java:logGet(43)) - raft.server.log.write.buffer.size = 33554432 (custom)
2019-09-12 10:35:44,990 [pool-104-thread-1] INFO  server.RaftServerConfigKeys (ConfUtils.java:logGet(43)) - raft.server.log.force.sync.num = 128 (default)
2019-09-12 10:35:44,991 [pool-104-thread-1] INFO  server.RaftServerConfigKeys (ConfUtils.java:logGet(43)) - raft.server.log.statemachine.data.sync = true (default)
2019-09-12 10:35:44,991 [pool-104-thread-1] INFO  server.RaftServerConfigKeys (ConfUtils.java:logGet(43)) - raft.server.log.statemachine.data.sync.timeout = 10s (default)
2019-09-12 10:35:44,991 [pool-104-thread-1] INFO  server.RaftServerConfigKeys (ConfUtils.java:logGet(43)) - raft.server.log.statemachine.data.sync.timeout.retry = -1 (default)
2019-09-12 10:35:44,991 [pool-104-thread-1] INFO  server.RaftServerConfigKeys (ConfUtils.java:logGet(43)) - raft.server.log.statemachine.data.caching.enabled = true (custom)
2019-09-12 10:35:44,991 [pool-104-thread-1] INFO  segmented.SegmentedRaftLogWorker (SegmentedRaftLogWorker.java:lambda$new$0(132)) - 95bd455b-14e9-4919-baf6-c10c70e925fc-SegmentedRaftLogWorker:Storage Directory /workdir/hadoop-ozone/integration-test/target/test-dir/MiniOzoneClusterImpl-37d049c1-8781-4836-8b63-386207273279/datanode-7/data/ratis/12cfb828-76cc-482a-8236-c16c6029f337: flushIndex: setUnconditionally 0 -> -1
2019-09-12 10:35:44,992 [pool-104-thread-1] INFO  server.RaftServerConfigKeys (ConfUtils.java:logGet(43)) - raft.server.snapshot.auto.trigger.enabled = true (custom)
2019-09-12 10:35:44,992 [pool-104-thread-1] INFO  server.RaftServerConfigKeys (ConfUtils.java:logGet(43)) - raft.server.snapshot.auto.trigger.threshold = 10000 (custom)
2019-09-12 10:35:44,992 [pool-104-thread-1] INFO  server.RaftServerConfigKeys (ConfUtils.java:logGet(43)) - raft.server.retrycache.expirytime = 600000ms (custom)
2019-09-12 10:35:44,992 [pool-104-thread-1] INFO  impl.RaftServerImpl (RaftServerImpl.java:start(180)) - 95bd455b-14e9-4919-baf6-c10c70e925fc: start group-C16C6029F337
2019-09-12 10:35:44,993 [pool-104-thread-1] INFO  impl.RaftServerImpl (RaftServerImpl.java:setRole(171)) - 95bd455b-14e9-4919-baf6-c10c70e925fc:group-C16C6029F337 changes role from null to FOLLOWER at term 0 for startAsFollower
2019-09-12 10:35:44,993 [pool-104-thread-1] INFO  impl.RoleInfo (RoleInfo.java:updateAndGet(143)) - 95bd455b-14e9-4919-baf6-c10c70e925fc: start FollowerState
2019-09-12 10:35:44,993 [pool-104-thread-1] INFO  util.JmxRegister (JmxRegister.java:tryRegister(44)) - Successfully registered JMX Bean with object name Ratis:service=RaftServer,group=group-C16C6029F337,id=95bd455b-14e9-4919-baf6-c10c70e925fc
2019-09-12 10:35:44,998 [RatisPipelineUtilsThread] INFO  pipeline.PipelineStateManager (PipelineStateManager.java:addPipeline(56)) - Created pipeline Pipeline[ Id: 12cfb828-76cc-482a-8236-c16c6029f337, Nodes: 95bd455b-14e9-4919-baf6-c10c70e925fc{ip: 192.168.36.114, host: pr-hdds-1569-58hkm-1881083799, networkLocation: /default-rack, certSerialId: null}, Type:RATIS, Factor:ONE, State:OPEN]
2019-09-12 10:35:45,000 [RatisPipelineUtilsThread] ERROR pipeline.PipelinePlacementPolicy (PipelinePlacementPolicy.java:meetCriteria(92)) - Pipeline Placement: Doesn't meet the criteria to be viable node. Heaviness: 6
2019-09-12 10:35:45,000 [RatisPipelineUtilsThread] ERROR pipeline.PipelinePlacementPolicy (PipelinePlacementPolicy.java:meetCriteria(92)) - Pipeline Placement: Doesn't meet the criteria to be viable node. Heaviness: 6
2019-09-12 10:35:45,009 [grpc-default-executor-0] INFO  impl.RaftServerProxy (RaftServerProxy.java:addNew(89)) - fe225ea7-028a-4076-a3b3-dba0461d638a: addNew group-624BCBCA6EA3:[fe225ea7-028a-4076-a3b3-dba0461d638a:192.168.36.114:45997] returns group-624BCBCA6EA3:java.util.concurrent.CompletableFuture@5e59a8de[Not completed]
2019-09-12 10:35:45,011 [pool-49-thread-1] INFO  impl.RaftServerImpl (RaftServerImpl.java:<init>(93)) - fe225ea7-028a-4076-a3b3-dba0461d638a: new RaftServerImpl for group-624BCBCA6EA3:[fe225ea7-028a-4076-a3b3-dba0461d638a:192.168.36.114:45997] with ContainerStateMachine:uninitialized
2019-09-12 10:35:45,011 [pool-49-thread-1] INFO  server.RaftServerConfigKeys (ConfUtils.java:logGet(43)) - raft.server.rpc.timeout.min = 5s (custom)
2019-09-12 10:35:45,011 [pool-49-thread-1] INFO  server.RaftServerConfigKeys (ConfUtils.java:logGet(43)) - raft.server.rpc.timeout.max = 5200ms (custom)
2019-09-12 10:35:45,012 [pool-49-thread-1] INFO  server.RaftServerConfigKeys (ConfUtils.java:logGet(43)) - raft.server.rpcslowness.timeout = 120s (custom)
2019-09-12 10:35:45,012 [pool-49-thread-1] INFO  server.RaftServerConfigKeys (ConfUtils.java:logGet(43)) - raft.server.sleep.deviation.threshold = 300 (default)
2019-09-12 10:35:45,012 [pool-49-thread-1] INFO  server.RaftServerConfigKeys (ConfUtils.java:logGet(43)) - raft.server.log.appender.install.snapshot.enabled = false (custom)
2019-09-12 10:35:45,012 [pool-49-thread-1] INFO  impl.RaftServerImpl (ServerState.java:<init>(105)) - fe225ea7-028a-4076-a3b3-dba0461d638a:group-624BCBCA6EA3 ConfigurationManager, init=-1: [fe225ea7-028a-4076-a3b3-dba0461d638a:192.168.36.114:45997], old=null, confs=<EMPTY_MAP>
2019-09-12 10:35:45,012 [pool-49-thread-1] INFO  server.RaftServerConfigKeys (ConfUtils.java:logGet(43)) - raft.server.storage.dir = [/workdir/hadoop-ozone/integration-test/target/test-dir/MiniOzoneClusterImpl-37d049c1-8781-4836-8b63-386207273279/datanode-2/data/ratis] (custom)
2019-09-12 10:35:45,013 [pool-49-thread-1] INFO  storage.RaftStorageDirectory (RaftStorageDirectory.java:analyzeStorage(246)) - The storage directory /workdir/hadoop-ozone/integration-test/target/test-dir/MiniOzoneClusterImpl-37d049c1-8781-4836-8b63-386207273279/datanode-2/data/ratis/2d1fa260-75c2-4bc7-80d7-624bcbca6ea3 does not exist. Creating ...
2019-09-12 10:35:45,017 [pool-49-thread-1] INFO  storage.RaftStorageDirectory (RaftStorageDirectory.java:tryLock(328)) - Lock on /workdir/hadoop-ozone/integration-test/target/test-dir/MiniOzoneClusterImpl-37d049c1-8781-4836-8b63-386207273279/datanode-2/data/ratis/2d1fa260-75c2-4bc7-80d7-624bcbca6ea3/in_use.lock acquired by nodename 9512@pr-hdds-1569-58hkm-1881083799
2019-09-12 10:35:45,020 [pool-49-thread-1] INFO  storage.RaftStorage (RaftStorage.java:format(72)) - Storage directory /workdir/hadoop-ozone/integration-test/target/test-dir/MiniOzoneClusterImpl-37d049c1-8781-4836-8b63-386207273279/datanode-2/data/ratis/2d1fa260-75c2-4bc7-80d7-624bcbca6ea3 has been successfully formatted.
2019-09-12 10:35:45,021 [pool-49-thread-1] INFO  ratis.ContainerStateMachine (ContainerStateMachine.java:loadSnapshot(226)) - group-624BCBCA6EA3: The snapshot info is null. Setting the last applied indexto:(t:0, i:~)
2019-09-12 10:35:45,021 [pool-49-thread-1] INFO  server.RaftServerConfigKeys (ConfUtils.java:logGet(43)) - raft.server.leader.election.timeout = 120s (custom)
2019-09-12 10:35:45,021 [pool-49-thread-1] INFO  server.RaftServerConfigKeys (ConfUtils.java:logGet(43)) - raft.server.log.use.memory = false (default)
2019-09-12 10:35:45,021 [pool-49-thread-1] INFO  server.RaftServerConfigKeys (ConfUtils.java:logGet(43)) - raft.server.log.purge.gap = 1000000 (custom)
2019-09-12 10:35:45,021 [pool-49-thread-1] INFO  server.RaftServerConfigKeys (ConfUtils.java:logGet(43)) - raft.server.log.appender.buffer.byte-limit = 33554432 (custom)
2019-09-12 10:35:45,022 [pool-49-thread-1] INFO  server.RaftServerConfigKeys (ConfUtils.java:logGet(43)) - raft.server.log.segment.size.max = 1048576 (custom)
2019-09-12 10:35:45,022 [pool-49-thread-1] INFO  server.RaftServerConfigKeys (ConfUtils.java:logGet(43)) - raft.server.log.segment.cache.num.max = 2 (custom)
2019-09-12 10:35:45,022 [pool-49-thread-1] INFO  segmented.SegmentedRaftLogWorker (SegmentedRaftLogWorker.java:<init>(172)) - new fe225ea7-028a-4076-a3b3-dba0461d638a-SegmentedRaftLogWorker:Storage Directory /workdir/hadoop-ozone/integration-test/target/test-dir/MiniOzoneClusterImpl-37d049c1-8781-4836-8b63-386207273279/datanode-2/data/ratis/2d1fa260-75c2-4bc7-80d7-624bcbca6ea3 for RaftStorage:Storage Directory /workdir/hadoop-ozone/integration-test/target/test-dir/MiniOzoneClusterImpl-37d049c1-8781-4836-8b63-386207273279/datanode-2/data/ratis/2d1fa260-75c2-4bc7-80d7-624bcbca6ea3
2019-09-12 10:35:45,022 [pool-49-thread-1] INFO  server.RaftServerConfigKeys (ConfUtils.java:logGet(43)) - raft.server.log.queue.byte-limit = 2147483647 (custom)
2019-09-12 10:35:45,022 [pool-49-thread-1] INFO  server.RaftServerConfigKeys (ConfUtils.java:logGet(43)) - raft.server.log.queue.element-limit = 1024 (custom)
2019-09-12 10:35:45,022 [pool-49-thread-1] INFO  server.RaftServerConfigKeys (ConfUtils.java:logGet(43)) - raft.server.log.segment.size.max = 1048576 (custom)
2019-09-12 10:35:45,022 [pool-49-thread-1] INFO  server.RaftServerConfigKeys (ConfUtils.java:logGet(43)) - raft.server.log.preallocated.size = 16384 (custom)
2019-09-12 10:35:45,023 [pool-49-thread-1] INFO  server.RaftServerConfigKeys (ConfUtils.java:logGet(43)) - raft.server.log.write.buffer.size = 33554432 (custom)
2019-09-12 10:35:45,023 [pool-49-thread-1] INFO  server.RaftServerConfigKeys (ConfUtils.java:logGet(43)) - raft.server.log.force.sync.num = 128 (default)
2019-09-12 10:35:45,023 [pool-49-thread-1] INFO  server.RaftServerConfigKeys (ConfUtils.java:logGet(43)) - raft.server.log.statemachine.data.sync = true (default)
2019-09-12 10:35:45,023 [pool-49-thread-1] INFO  server.RaftServerConfigKeys (ConfUtils.java:logGet(43)) - raft.server.log.statemachine.data.sync.timeout = 10s (default)
2019-09-12 10:35:45,023 [pool-49-thread-1] INFO  server.RaftServerConfigKeys (ConfUtils.java:logGet(43)) - raft.server.log.statemachine.data.sync.timeout.retry = -1 (default)
2019-09-12 10:35:45,023 [pool-49-thread-1] INFO  server.RaftServerConfigKeys (ConfUtils.java:logGet(43)) - raft.server.log.statemachine.data.caching.enabled = true (custom)
2019-09-12 10:35:45,024 [pool-49-thread-1] INFO  segmented.SegmentedRaftLogWorker (SegmentedRaftLogWorker.java:lambda$new$0(132)) - fe225ea7-028a-4076-a3b3-dba0461d638a-SegmentedRaftLogWorker:Storage Directory /workdir/hadoop-ozone/integration-test/target/test-dir/MiniOzoneClusterImpl-37d049c1-8781-4836-8b63-386207273279/datanode-2/data/ratis/2d1fa260-75c2-4bc7-80d7-624bcbca6ea3: flushIndex: setUnconditionally 0 -> -1
2019-09-12 10:35:45,024 [pool-49-thread-1] INFO  server.RaftServerConfigKeys (ConfUtils.java:logGet(43)) - raft.server.snapshot.auto.trigger.enabled = true (custom)
2019-09-12 10:35:45,024 [pool-49-thread-1] INFO  server.RaftServerConfigKeys (ConfUtils.java:logGet(43)) - raft.server.snapshot.auto.trigger.threshold = 10000 (custom)
2019-09-12 10:35:45,024 [pool-49-thread-1] INFO  server.RaftServerConfigKeys (ConfUtils.java:logGet(43)) - raft.server.retrycache.expirytime = 600000ms (custom)
2019-09-12 10:35:45,025 [pool-49-thread-1] INFO  impl.RaftServerImpl (RaftServerImpl.java:start(180)) - fe225ea7-028a-4076-a3b3-dba0461d638a: start group-624BCBCA6EA3
2019-09-12 10:35:45,025 [pool-49-thread-1] INFO  impl.RaftServerImpl (RaftServerImpl.java:setRole(171)) - fe225ea7-028a-4076-a3b3-dba0461d638a:group-624BCBCA6EA3 changes role from null to FOLLOWER at term 0 for startAsFollower
2019-09-12 10:35:45,025 [pool-49-thread-1] INFO  impl.RoleInfo (RoleInfo.java:updateAndGet(143)) - fe225ea7-028a-4076-a3b3-dba0461d638a: start FollowerState
2019-09-12 10:35:45,025 [pool-49-thread-1] INFO  util.JmxRegister (JmxRegister.java:tryRegister(44)) - Successfully registered JMX Bean with object name Ratis:service=RaftServer,group=group-624BCBCA6EA3,id=fe225ea7-028a-4076-a3b3-dba0461d638a
2019-09-12 10:35:45,032 [RatisPipelineUtilsThread] INFO  pipeline.PipelineStateManager (PipelineStateManager.java:addPipeline(56)) - Created pipeline Pipeline[ Id: 2d1fa260-75c2-4bc7-80d7-624bcbca6ea3, Nodes: fe225ea7-028a-4076-a3b3-dba0461d638a{ip: 192.168.36.114, host: pr-hdds-1569-58hkm-1881083799, networkLocation: /default-rack, certSerialId: null}, Type:RATIS, Factor:ONE, State:OPEN]
2019-09-12 10:35:45,037 [RatisPipelineUtilsThread] ERROR pipeline.PipelinePlacementPolicy (PipelinePlacementPolicy.java:meetCriteria(92)) - Pipeline Placement: Doesn't meet the criteria to be viable node. Heaviness: 6
2019-09-12 10:35:45,037 [RatisPipelineUtilsThread] ERROR pipeline.PipelinePlacementPolicy (PipelinePlacementPolicy.java:meetCriteria(92)) - Pipeline Placement: Doesn't meet the criteria to be viable node. Heaviness: 6
2019-09-12 10:35:45,049 [grpc-default-executor-0] INFO  impl.RaftServerProxy (RaftServerProxy.java:addNew(89)) - fe225ea7-028a-4076-a3b3-dba0461d638a: addNew group-9AAD6AB60561:[fe225ea7-028a-4076-a3b3-dba0461d638a:192.168.36.114:45997] returns group-9AAD6AB60561:java.util.concurrent.CompletableFuture@3a5367da[Not completed]
2019-09-12 10:35:45,051 [pool-49-thread-1] INFO  impl.RaftServerImpl (RaftServerImpl.java:<init>(93)) - fe225ea7-028a-4076-a3b3-dba0461d638a: new RaftServerImpl for group-9AAD6AB60561:[fe225ea7-028a-4076-a3b3-dba0461d638a:192.168.36.114:45997] with ContainerStateMachine:uninitialized
2019-09-12 10:35:45,051 [pool-49-thread-1] INFO  server.RaftServerConfigKeys (ConfUtils.java:logGet(43)) - raft.server.rpc.timeout.min = 5s (custom)
2019-09-12 10:35:45,051 [pool-49-thread-1] INFO  server.RaftServerConfigKeys (ConfUtils.java:logGet(43)) - raft.server.rpc.timeout.max = 5200ms (custom)
2019-09-12 10:35:45,051 [pool-49-thread-1] INFO  server.RaftServerConfigKeys (ConfUtils.java:logGet(43)) - raft.server.rpcslowness.timeout = 120s (custom)
2019-09-12 10:35:45,051 [pool-49-thread-1] INFO  server.RaftServerConfigKeys (ConfUtils.java:logGet(43)) - raft.server.sleep.deviation.threshold = 300 (default)
2019-09-12 10:35:45,051 [pool-49-thread-1] INFO  server.RaftServerConfigKeys (ConfUtils.java:logGet(43)) - raft.server.log.appender.install.snapshot.enabled = false (custom)
2019-09-12 10:35:45,051 [pool-49-thread-1] INFO  impl.RaftServerImpl (ServerState.java:<init>(105)) - fe225ea7-028a-4076-a3b3-dba0461d638a:group-9AAD6AB60561 ConfigurationManager, init=-1: [fe225ea7-028a-4076-a3b3-dba0461d638a:192.168.36.114:45997], old=null, confs=<EMPTY_MAP>
2019-09-12 10:35:45,052 [pool-49-thread-1] INFO  server.RaftServerConfigKeys (ConfUtils.java:logGet(43)) - raft.server.storage.dir = [/workdir/hadoop-ozone/integration-test/target/test-dir/MiniOzoneClusterImpl-37d049c1-8781-4836-8b63-386207273279/datanode-2/data/ratis] (custom)
2019-09-12 10:35:45,052 [pool-49-thread-1] INFO  storage.RaftStorageDirectory (RaftStorageDirectory.java:analyzeStorage(246)) - The storage directory /workdir/hadoop-ozone/integration-test/target/test-dir/MiniOzoneClusterImpl-37d049c1-8781-4836-8b63-386207273279/datanode-2/data/ratis/9d395acd-413c-4125-9a2e-9aad6ab60561 does not exist. Creating ...
2019-09-12 10:35:45,056 [pool-49-thread-1] INFO  storage.RaftStorageDirectory (RaftStorageDirectory.java:tryLock(328)) - Lock on /workdir/hadoop-ozone/integration-test/target/test-dir/MiniOzoneClusterImpl-37d049c1-8781-4836-8b63-386207273279/datanode-2/data/ratis/9d395acd-413c-4125-9a2e-9aad6ab60561/in_use.lock acquired by nodename 9512@pr-hdds-1569-58hkm-1881083799
2019-09-12 10:35:45,079 | INFO  | SCMAudit | user=jenkins1000 | ip=192.168.36.114 | op=SEND_HEARTBEAT {datanodeUUID=8ecfe8bb-6ab2-4306-955c-1af4e2a21ecc, command=[]} | ret=SUCCESS |  
2019-09-12 10:35:45,081 [pool-49-thread-1] INFO  storage.RaftStorage (RaftStorage.java:format(72)) - Storage directory /workdir/hadoop-ozone/integration-test/target/test-dir/MiniOzoneClusterImpl-37d049c1-8781-4836-8b63-386207273279/datanode-2/data/ratis/9d395acd-413c-4125-9a2e-9aad6ab60561 has been successfully formatted.
2019-09-12 10:35:45,081 [pool-49-thread-1] INFO  ratis.ContainerStateMachine (ContainerStateMachine.java:loadSnapshot(226)) - group-9AAD6AB60561: The snapshot info is null. Setting the last applied indexto:(t:0, i:~)
2019-09-12 10:35:45,081 [pool-49-thread-1] INFO  server.RaftServerConfigKeys (ConfUtils.java:logGet(43)) - raft.server.leader.election.timeout = 120s (custom)
2019-09-12 10:35:45,081 [pool-49-thread-1] INFO  server.RaftServerConfigKeys (ConfUtils.java:logGet(43)) - raft.server.log.use.memory = false (default)
2019-09-12 10:35:45,082 [pool-49-thread-1] INFO  server.RaftServerConfigKeys (ConfUtils.java:logGet(43)) - raft.server.log.purge.gap = 1000000 (custom)
2019-09-12 10:35:45,082 [pool-49-thread-1] INFO  server.RaftServerConfigKeys (ConfUtils.java:logGet(43)) - raft.server.log.appender.buffer.byte-limit = 33554432 (custom)
2019-09-12 10:35:45,082 [pool-49-thread-1] INFO  server.RaftServerConfigKeys (ConfUtils.java:logGet(43)) - raft.server.log.segment.size.max = 1048576 (custom)
2019-09-12 10:35:45,082 [pool-49-thread-1] INFO  server.RaftServerConfigKeys (ConfUtils.java:logGet(43)) - raft.server.log.segment.cache.num.max = 2 (custom)
2019-09-12 10:35:45,082 [pool-49-thread-1] INFO  segmented.SegmentedRaftLogWorker (SegmentedRaftLogWorker.java:<init>(172)) - new fe225ea7-028a-4076-a3b3-dba0461d638a-SegmentedRaftLogWorker:Storage Directory /workdir/hadoop-ozone/integration-test/target/test-dir/MiniOzoneClusterImpl-37d049c1-8781-4836-8b63-386207273279/datanode-2/data/ratis/9d395acd-413c-4125-9a2e-9aad6ab60561 for RaftStorage:Storage Directory /workdir/hadoop-ozone/integration-test/target/test-dir/MiniOzoneClusterImpl-37d049c1-8781-4836-8b63-386207273279/datanode-2/data/ratis/9d395acd-413c-4125-9a2e-9aad6ab60561
2019-09-12 10:35:45,082 [pool-49-thread-1] INFO  server.RaftServerConfigKeys (ConfUtils.java:logGet(43)) - raft.server.log.queue.byte-limit = 2147483647 (custom)
2019-09-12 10:35:45,082 [pool-49-thread-1] INFO  server.RaftServerConfigKeys (ConfUtils.java:logGet(43)) - raft.server.log.queue.element-limit = 1024 (custom)
2019-09-12 10:35:45,083 [pool-49-thread-1] INFO  server.RaftServerConfigKeys (ConfUtils.java:logGet(43)) - raft.server.log.segment.size.max = 1048576 (custom)
2019-09-12 10:35:45,083 [pool-49-thread-1] INFO  server.RaftServerConfigKeys (ConfUtils.java:logGet(43)) - raft.server.log.preallocated.size = 16384 (custom)
2019-09-12 10:35:45,083 [pool-49-thread-1] INFO  server.RaftServerConfigKeys (ConfUtils.java:logGet(43)) - raft.server.log.write.buffer.size = 33554432 (custom)
2019-09-12 10:35:45,083 [pool-49-thread-1] INFO  server.RaftServerConfigKeys (ConfUtils.java:logGet(43)) - raft.server.log.force.sync.num = 128 (default)
2019-09-12 10:35:45,083 [pool-49-thread-1] INFO  server.RaftServerConfigKeys (ConfUtils.java:logGet(43)) - raft.server.log.statemachine.data.sync = true (default)
2019-09-12 10:35:45,083 [pool-49-thread-1] INFO  server.RaftServerConfigKeys (ConfUtils.java:logGet(43)) - raft.server.log.statemachine.data.sync.timeout = 10s (default)
2019-09-12 10:35:45,083 [pool-49-thread-1] INFO  server.RaftServerConfigKeys (ConfUtils.java:logGet(43)) - raft.server.log.statemachine.data.sync.timeout.retry = -1 (default)
2019-09-12 10:35:45,083 [pool-49-thread-1] INFO  server.RaftServerConfigKeys (ConfUtils.java:logGet(43)) - raft.server.log.statemachine.data.caching.enabled = true (custom)
2019-09-12 10:35:45,084 [pool-49-thread-1] INFO  segmented.SegmentedRaftLogWorker (SegmentedRaftLogWorker.java:lambda$new$0(132)) - fe225ea7-028a-4076-a3b3-dba0461d638a-SegmentedRaftLogWorker:Storage Directory /workdir/hadoop-ozone/integration-test/target/test-dir/MiniOzoneClusterImpl-37d049c1-8781-4836-8b63-386207273279/datanode-2/data/ratis/9d395acd-413c-4125-9a2e-9aad6ab60561: flushIndex: setUnconditionally 0 -> -1
2019-09-12 10:35:45,084 [pool-49-thread-1] INFO  server.RaftServerConfigKeys (ConfUtils.java:logGet(43)) - raft.server.snapshot.auto.trigger.enabled = true (custom)
2019-09-12 10:35:45,084 [pool-49-thread-1] INFO  server.RaftServerConfigKeys (ConfUtils.java:logGet(43)) - raft.server.snapshot.auto.trigger.threshold = 10000 (custom)
2019-09-12 10:35:45,084 [pool-49-thread-1] INFO  server.RaftServerConfigKeys (ConfUtils.java:logGet(43)) - raft.server.retrycache.expirytime = 600000ms (custom)
2019-09-12 10:35:45,084 [pool-49-thread-1] INFO  impl.RaftServerImpl (RaftServerImpl.java:start(180)) - fe225ea7-028a-4076-a3b3-dba0461d638a: start group-9AAD6AB60561
2019-09-12 10:35:45,085 [pool-49-thread-1] INFO  impl.RaftServerImpl (RaftServerImpl.java:setRole(171)) - fe225ea7-028a-4076-a3b3-dba0461d638a:group-9AAD6AB60561 changes role from null to FOLLOWER at term 0 for startAsFollower
2019-09-12 10:35:45,085 [pool-49-thread-1] INFO  impl.RoleInfo (RoleInfo.java:updateAndGet(143)) - fe225ea7-028a-4076-a3b3-dba0461d638a: start FollowerState
2019-09-12 10:35:45,085 [pool-49-thread-1] INFO  util.JmxRegister (JmxRegister.java:tryRegister(44)) - Successfully registered JMX Bean with object name Ratis:service=RaftServer,group=group-9AAD6AB60561,id=fe225ea7-028a-4076-a3b3-dba0461d638a
2019-09-12 10:35:45,092 [RatisPipelineUtilsThread] INFO  pipeline.PipelineStateManager (PipelineStateManager.java:addPipeline(56)) - Created pipeline Pipeline[ Id: 9d395acd-413c-4125-9a2e-9aad6ab60561, Nodes: fe225ea7-028a-4076-a3b3-dba0461d638a{ip: 192.168.36.114, host: pr-hdds-1569-58hkm-1881083799, networkLocation: /default-rack, certSerialId: null}, Type:RATIS, Factor:ONE, State:OPEN]
2019-09-12 10:35:45,095 [RatisPipelineUtilsThread] ERROR pipeline.PipelinePlacementPolicy (PipelinePlacementPolicy.java:meetCriteria(92)) - Pipeline Placement: Doesn't meet the criteria to be viable node. Heaviness: 6
2019-09-12 10:35:45,095 [RatisPipelineUtilsThread] ERROR pipeline.PipelinePlacementPolicy (PipelinePlacementPolicy.java:meetCriteria(92)) - Pipeline Placement: Doesn't meet the criteria to be viable node. Heaviness: 6
2019-09-12 10:35:45,108 [grpc-default-executor-0] INFO  impl.RaftServerProxy (RaftServerProxy.java:addNew(89)) - 8ecfe8bb-6ab2-4306-955c-1af4e2a21ecc: addNew group-D7B2AF7B7CF3:[8ecfe8bb-6ab2-4306-955c-1af4e2a21ecc:192.168.36.114:46828] returns group-D7B2AF7B7CF3:java.util.concurrent.CompletableFuture@15aa897f[Not completed]
2019-09-12 10:35:45,108 | INFO  | SCMAudit | user=jenkins1000 | ip=192.168.36.114 | op=SEND_HEARTBEAT {datanodeUUID=0a9130e0-9a35-4f66-8d33-a89a6f54c6a4, command=[]} | ret=SUCCESS |  
2019-09-12 10:35:45,109 [pool-82-thread-1] INFO  impl.RaftServerImpl (RaftServerImpl.java:<init>(93)) - 8ecfe8bb-6ab2-4306-955c-1af4e2a21ecc: new RaftServerImpl for group-D7B2AF7B7CF3:[8ecfe8bb-6ab2-4306-955c-1af4e2a21ecc:192.168.36.114:46828] with ContainerStateMachine:uninitialized
2019-09-12 10:35:45,109 [pool-82-thread-1] INFO  server.RaftServerConfigKeys (ConfUtils.java:logGet(43)) - raft.server.rpc.timeout.min = 5s (custom)
2019-09-12 10:35:45,109 [pool-82-thread-1] INFO  server.RaftServerConfigKeys (ConfUtils.java:logGet(43)) - raft.server.rpc.timeout.max = 5200ms (custom)
2019-09-12 10:35:45,109 [pool-82-thread-1] INFO  server.RaftServerConfigKeys (ConfUtils.java:logGet(43)) - raft.server.rpcslowness.timeout = 120s (custom)
2019-09-12 10:35:45,109 [pool-82-thread-1] INFO  server.RaftServerConfigKeys (ConfUtils.java:logGet(43)) - raft.server.sleep.deviation.threshold = 300 (default)
2019-09-12 10:35:45,109 [pool-82-thread-1] INFO  server.RaftServerConfigKeys (ConfUtils.java:logGet(43)) - raft.server.log.appender.install.snapshot.enabled = false (custom)
2019-09-12 10:35:45,110 [pool-82-thread-1] INFO  impl.RaftServerImpl (ServerState.java:<init>(105)) - 8ecfe8bb-6ab2-4306-955c-1af4e2a21ecc:group-D7B2AF7B7CF3 ConfigurationManager, init=-1: [8ecfe8bb-6ab2-4306-955c-1af4e2a21ecc:192.168.36.114:46828], old=null, confs=<EMPTY_MAP>
2019-09-12 10:35:45,110 [pool-82-thread-1] INFO  server.RaftServerConfigKeys (ConfUtils.java:logGet(43)) - raft.server.storage.dir = [/workdir/hadoop-ozone/integration-test/target/test-dir/MiniOzoneClusterImpl-37d049c1-8781-4836-8b63-386207273279/datanode-5/data/ratis] (custom)
2019-09-12 10:35:45,110 [pool-82-thread-1] INFO  storage.RaftStorageDirectory (RaftStorageDirectory.java:analyzeStorage(246)) - The storage directory /workdir/hadoop-ozone/integration-test/target/test-dir/MiniOzoneClusterImpl-37d049c1-8781-4836-8b63-386207273279/datanode-5/data/ratis/a1a04010-9323-4d8b-b3a8-d7b2af7b7cf3 does not exist. Creating ...
2019-09-12 10:35:45,124 [pool-82-thread-1] INFO  storage.RaftStorageDirectory (RaftStorageDirectory.java:tryLock(328)) - Lock on /workdir/hadoop-ozone/integration-test/target/test-dir/MiniOzoneClusterImpl-37d049c1-8781-4836-8b63-386207273279/datanode-5/data/ratis/a1a04010-9323-4d8b-b3a8-d7b2af7b7cf3/in_use.lock acquired by nodename 9512@pr-hdds-1569-58hkm-1881083799
2019-09-12 10:35:45,137 [pool-82-thread-1] INFO  storage.RaftStorage (RaftStorage.java:format(72)) - Storage directory /workdir/hadoop-ozone/integration-test/target/test-dir/MiniOzoneClusterImpl-37d049c1-8781-4836-8b63-386207273279/datanode-5/data/ratis/a1a04010-9323-4d8b-b3a8-d7b2af7b7cf3 has been successfully formatted.
2019-09-12 10:35:45,137 [pool-82-thread-1] INFO  ratis.ContainerStateMachine (ContainerStateMachine.java:loadSnapshot(226)) - group-D7B2AF7B7CF3: The snapshot info is null. Setting the last applied indexto:(t:0, i:~)
2019-09-12 10:35:45,137 [pool-82-thread-1] INFO  server.RaftServerConfigKeys (ConfUtils.java:logGet(43)) - raft.server.leader.election.timeout = 120s (custom)
2019-09-12 10:35:45,137 [pool-82-thread-1] INFO  server.RaftServerConfigKeys (ConfUtils.java:logGet(43)) - raft.server.log.use.memory = false (default)
2019-09-12 10:35:45,137 [pool-82-thread-1] INFO  server.RaftServerConfigKeys (ConfUtils.java:logGet(43)) - raft.server.log.purge.gap = 1000000 (custom)
2019-09-12 10:35:45,137 [pool-82-thread-1] INFO  server.RaftServerConfigKeys (ConfUtils.java:logGet(43)) - raft.server.log.appender.buffer.byte-limit = 33554432 (custom)
2019-09-12 10:35:45,138 [pool-82-thread-1] INFO  server.RaftServerConfigKeys (ConfUtils.java:logGet(43)) - raft.server.log.segment.size.max = 1048576 (custom)
2019-09-12 10:35:45,138 [pool-82-thread-1] INFO  server.RaftServerConfigKeys (ConfUtils.java:logGet(43)) - raft.server.log.segment.cache.num.max = 2 (custom)
2019-09-12 10:35:45,138 [pool-82-thread-1] INFO  segmented.SegmentedRaftLogWorker (SegmentedRaftLogWorker.java:<init>(172)) - new 8ecfe8bb-6ab2-4306-955c-1af4e2a21ecc-SegmentedRaftLogWorker:Storage Directory /workdir/hadoop-ozone/integration-test/target/test-dir/MiniOzoneClusterImpl-37d049c1-8781-4836-8b63-386207273279/datanode-5/data/ratis/a1a04010-9323-4d8b-b3a8-d7b2af7b7cf3 for RaftStorage:Storage Directory /workdir/hadoop-ozone/integration-test/target/test-dir/MiniOzoneClusterImpl-37d049c1-8781-4836-8b63-386207273279/datanode-5/data/ratis/a1a04010-9323-4d8b-b3a8-d7b2af7b7cf3
2019-09-12 10:35:45,138 [pool-82-thread-1] INFO  server.RaftServerConfigKeys (ConfUtils.java:logGet(43)) - raft.server.log.queue.byte-limit = 2147483647 (custom)
2019-09-12 10:35:45,138 [pool-82-thread-1] INFO  server.RaftServerConfigKeys (ConfUtils.java:logGet(43)) - raft.server.log.queue.element-limit = 1024 (custom)
2019-09-12 10:35:45,138 [pool-82-thread-1] INFO  server.RaftServerConfigKeys (ConfUtils.java:logGet(43)) - raft.server.log.segment.size.max = 1048576 (custom)
2019-09-12 10:35:45,138 [pool-82-thread-1] INFO  server.RaftServerConfigKeys (ConfUtils.java:logGet(43)) - raft.server.log.preallocated.size = 16384 (custom)
2019-09-12 10:35:45,138 [pool-82-thread-1] INFO  server.RaftServerConfigKeys (ConfUtils.java:logGet(43)) - raft.server.log.write.buffer.size = 33554432 (custom)
2019-09-12 10:35:45,138 [pool-82-thread-1] INFO  server.RaftServerConfigKeys (ConfUtils.java:logGet(43)) - raft.server.log.force.sync.num = 128 (default)
2019-09-12 10:35:45,139 [pool-82-thread-1] INFO  server.RaftServerConfigKeys (ConfUtils.java:logGet(43)) - raft.server.log.statemachine.data.sync = true (default)
2019-09-12 10:35:45,139 [pool-82-thread-1] INFO  server.RaftServerConfigKeys (ConfUtils.java:logGet(43)) - raft.server.log.statemachine.data.sync.timeout = 10s (default)
2019-09-12 10:35:45,139 [pool-82-thread-1] INFO  server.RaftServerConfigKeys (ConfUtils.java:logGet(43)) - raft.server.log.statemachine.data.sync.timeout.retry = -1 (default)
2019-09-12 10:35:45,139 [pool-82-thread-1] INFO  server.RaftServerConfigKeys (ConfUtils.java:logGet(43)) - raft.server.log.statemachine.data.caching.enabled = true (custom)
2019-09-12 10:35:45,139 [pool-82-thread-1] INFO  segmented.SegmentedRaftLogWorker (SegmentedRaftLogWorker.java:lambda$new$0(132)) - 8ecfe8bb-6ab2-4306-955c-1af4e2a21ecc-SegmentedRaftLogWorker:Storage Directory /workdir/hadoop-ozone/integration-test/target/test-dir/MiniOzoneClusterImpl-37d049c1-8781-4836-8b63-386207273279/datanode-5/data/ratis/a1a04010-9323-4d8b-b3a8-d7b2af7b7cf3: flushIndex: setUnconditionally 0 -> -1
2019-09-12 10:35:45,139 [pool-82-thread-1] INFO  server.RaftServerConfigKeys (ConfUtils.java:logGet(43)) - raft.server.snapshot.auto.trigger.enabled = true (custom)
2019-09-12 10:35:45,140 [pool-82-thread-1] INFO  server.RaftServerConfigKeys (ConfUtils.java:logGet(43)) - raft.server.snapshot.auto.trigger.threshold = 10000 (custom)
2019-09-12 10:35:45,140 [pool-82-thread-1] INFO  server.RaftServerConfigKeys (ConfUtils.java:logGet(43)) - raft.server.retrycache.expirytime = 600000ms (custom)
2019-09-12 10:35:45,140 [pool-82-thread-1] INFO  impl.RaftServerImpl (RaftServerImpl.java:start(180)) - 8ecfe8bb-6ab2-4306-955c-1af4e2a21ecc: start group-D7B2AF7B7CF3
2019-09-12 10:35:45,140 [pool-82-thread-1] INFO  impl.RaftServerImpl (RaftServerImpl.java:setRole(171)) - 8ecfe8bb-6ab2-4306-955c-1af4e2a21ecc:group-D7B2AF7B7CF3 changes role from null to FOLLOWER at term 0 for startAsFollower
2019-09-12 10:35:45,140 [pool-82-thread-1] INFO  impl.RoleInfo (RoleInfo.java:updateAndGet(143)) - 8ecfe8bb-6ab2-4306-955c-1af4e2a21ecc: start FollowerState
2019-09-12 10:35:45,140 [pool-82-thread-1] INFO  util.JmxRegister (JmxRegister.java:tryRegister(44)) - Successfully registered JMX Bean with object name Ratis:service=RaftServer,group=group-D7B2AF7B7CF3,id=8ecfe8bb-6ab2-4306-955c-1af4e2a21ecc
2019-09-12 10:35:45,147 [RatisPipelineUtilsThread] INFO  pipeline.PipelineStateManager (PipelineStateManager.java:addPipeline(56)) - Created pipeline Pipeline[ Id: a1a04010-9323-4d8b-b3a8-d7b2af7b7cf3, Nodes: 8ecfe8bb-6ab2-4306-955c-1af4e2a21ecc{ip: 192.168.36.114, host: pr-hdds-1569-58hkm-1881083799, networkLocation: /default-rack, certSerialId: null}, Type:RATIS, Factor:ONE, State:OPEN]
2019-09-12 10:35:45,151 [RatisPipelineUtilsThread] ERROR pipeline.PipelinePlacementPolicy (PipelinePlacementPolicy.java:meetCriteria(92)) - Pipeline Placement: Doesn't meet the criteria to be viable node. Heaviness: 6
2019-09-12 10:35:45,151 [RatisPipelineUtilsThread] ERROR pipeline.PipelinePlacementPolicy (PipelinePlacementPolicy.java:meetCriteria(92)) - Pipeline Placement: Doesn't meet the criteria to be viable node. Heaviness: 6
2019-09-12 10:35:45,173 [grpc-default-executor-0] INFO  impl.RaftServerProxy (RaftServerProxy.java:addNew(89)) - b4faf84d-881e-452e-9abc-9848f28c1b42: addNew group-3C5AE3183F88:[b4faf84d-881e-452e-9abc-9848f28c1b42:192.168.36.114:44842] returns group-3C5AE3183F88:java.util.concurrent.CompletableFuture@5223d56e[Not completed]
2019-09-12 10:35:45,174 [pool-93-thread-1] INFO  impl.RaftServerImpl (RaftServerImpl.java:<init>(93)) - b4faf84d-881e-452e-9abc-9848f28c1b42: new RaftServerImpl for group-3C5AE3183F88:[b4faf84d-881e-452e-9abc-9848f28c1b42:192.168.36.114:44842] with ContainerStateMachine:uninitialized
2019-09-12 10:35:45,175 [pool-93-thread-1] INFO  server.RaftServerConfigKeys (ConfUtils.java:logGet(43)) - raft.server.rpc.timeout.min = 5s (custom)
2019-09-12 10:35:45,175 [pool-93-thread-1] INFO  server.RaftServerConfigKeys (ConfUtils.java:logGet(43)) - raft.server.rpc.timeout.max = 5200ms (custom)
2019-09-12 10:35:45,175 [pool-93-thread-1] INFO  server.RaftServerConfigKeys (ConfUtils.java:logGet(43)) - raft.server.rpcslowness.timeout = 120s (custom)
2019-09-12 10:35:45,175 [pool-93-thread-1] INFO  server.RaftServerConfigKeys (ConfUtils.java:logGet(43)) - raft.server.sleep.deviation.threshold = 300 (default)
2019-09-12 10:35:45,175 [pool-93-thread-1] INFO  server.RaftServerConfigKeys (ConfUtils.java:logGet(43)) - raft.server.log.appender.install.snapshot.enabled = false (custom)
2019-09-12 10:35:45,175 [pool-93-thread-1] INFO  impl.RaftServerImpl (ServerState.java:<init>(105)) - b4faf84d-881e-452e-9abc-9848f28c1b42:group-3C5AE3183F88 ConfigurationManager, init=-1: [b4faf84d-881e-452e-9abc-9848f28c1b42:192.168.36.114:44842], old=null, confs=<EMPTY_MAP>
2019-09-12 10:35:45,176 [pool-93-thread-1] INFO  server.RaftServerConfigKeys (ConfUtils.java:logGet(43)) - raft.server.storage.dir = [/workdir/hadoop-ozone/integration-test/target/test-dir/MiniOzoneClusterImpl-37d049c1-8781-4836-8b63-386207273279/datanode-6/data/ratis] (custom)
2019-09-12 10:35:45,176 [pool-93-thread-1] INFO  storage.RaftStorageDirectory (RaftStorageDirectory.java:analyzeStorage(246)) - The storage directory /workdir/hadoop-ozone/integration-test/target/test-dir/MiniOzoneClusterImpl-37d049c1-8781-4836-8b63-386207273279/datanode-6/data/ratis/e2eb98b4-6df6-478b-ab77-3c5ae3183f88 does not exist. Creating ...
2019-09-12 10:35:45,188 [pool-93-thread-1] INFO  storage.RaftStorageDirectory (RaftStorageDirectory.java:tryLock(328)) - Lock on /workdir/hadoop-ozone/integration-test/target/test-dir/MiniOzoneClusterImpl-37d049c1-8781-4836-8b63-386207273279/datanode-6/data/ratis/e2eb98b4-6df6-478b-ab77-3c5ae3183f88/in_use.lock acquired by nodename 9512@pr-hdds-1569-58hkm-1881083799
2019-09-12 10:35:45,202 [pool-93-thread-1] INFO  storage.RaftStorage (RaftStorage.java:format(72)) - Storage directory /workdir/hadoop-ozone/integration-test/target/test-dir/MiniOzoneClusterImpl-37d049c1-8781-4836-8b63-386207273279/datanode-6/data/ratis/e2eb98b4-6df6-478b-ab77-3c5ae3183f88 has been successfully formatted.
2019-09-12 10:35:45,202 [pool-93-thread-1] INFO  ratis.ContainerStateMachine (ContainerStateMachine.java:loadSnapshot(226)) - group-3C5AE3183F88: The snapshot info is null. Setting the last applied indexto:(t:0, i:~)
2019-09-12 10:35:45,202 [pool-93-thread-1] INFO  server.RaftServerConfigKeys (ConfUtils.java:logGet(43)) - raft.server.leader.election.timeout = 120s (custom)
2019-09-12 10:35:45,202 [pool-93-thread-1] INFO  server.RaftServerConfigKeys (ConfUtils.java:logGet(43)) - raft.server.log.use.memory = false (default)
2019-09-12 10:35:45,202 [pool-93-thread-1] INFO  server.RaftServerConfigKeys (ConfUtils.java:logGet(43)) - raft.server.log.purge.gap = 1000000 (custom)
2019-09-12 10:35:45,203 [pool-93-thread-1] INFO  server.RaftServerConfigKeys (ConfUtils.java:logGet(43)) - raft.server.log.appender.buffer.byte-limit = 33554432 (custom)
2019-09-12 10:35:45,203 [pool-93-thread-1] INFO  server.RaftServerConfigKeys (ConfUtils.java:logGet(43)) - raft.server.log.segment.size.max = 1048576 (custom)
2019-09-12 10:35:45,203 [pool-93-thread-1] INFO  server.RaftServerConfigKeys (ConfUtils.java:logGet(43)) - raft.server.log.segment.cache.num.max = 2 (custom)
2019-09-12 10:35:45,203 [pool-93-thread-1] INFO  segmented.SegmentedRaftLogWorker (SegmentedRaftLogWorker.java:<init>(172)) - new b4faf84d-881e-452e-9abc-9848f28c1b42-SegmentedRaftLogWorker:Storage Directory /workdir/hadoop-ozone/integration-test/target/test-dir/MiniOzoneClusterImpl-37d049c1-8781-4836-8b63-386207273279/datanode-6/data/ratis/e2eb98b4-6df6-478b-ab77-3c5ae3183f88 for RaftStorage:Storage Directory /workdir/hadoop-ozone/integration-test/target/test-dir/MiniOzoneClusterImpl-37d049c1-8781-4836-8b63-386207273279/datanode-6/data/ratis/e2eb98b4-6df6-478b-ab77-3c5ae3183f88
2019-09-12 10:35:45,203 [pool-93-thread-1] INFO  server.RaftServerConfigKeys (ConfUtils.java:logGet(43)) - raft.server.log.queue.byte-limit = 2147483647 (custom)
2019-09-12 10:35:45,203 [pool-93-thread-1] INFO  server.RaftServerConfigKeys (ConfUtils.java:logGet(43)) - raft.server.log.queue.element-limit = 1024 (custom)
2019-09-12 10:35:45,204 [pool-93-thread-1] INFO  server.RaftServerConfigKeys (ConfUtils.java:logGet(43)) - raft.server.log.segment.size.max = 1048576 (custom)
2019-09-12 10:35:45,204 [pool-93-thread-1] INFO  server.RaftServerConfigKeys (ConfUtils.java:logGet(43)) - raft.server.log.preallocated.size = 16384 (custom)
2019-09-12 10:35:45,204 [pool-93-thread-1] INFO  server.RaftServerConfigKeys (ConfUtils.java:logGet(43)) - raft.server.log.write.buffer.size = 33554432 (custom)
2019-09-12 10:35:45,204 [pool-93-thread-1] INFO  server.RaftServerConfigKeys (ConfUtils.java:logGet(43)) - raft.server.log.force.sync.num = 128 (default)
2019-09-12 10:35:45,204 [pool-93-thread-1] INFO  server.RaftServerConfigKeys (ConfUtils.java:logGet(43)) - raft.server.log.statemachine.data.sync = true (default)
2019-09-12 10:35:45,204 [pool-93-thread-1] INFO  server.RaftServerConfigKeys (ConfUtils.java:logGet(43)) - raft.server.log.statemachine.data.sync.timeout = 10s (default)
2019-09-12 10:35:45,204 [pool-93-thread-1] INFO  server.RaftServerConfigKeys (ConfUtils.java:logGet(43)) - raft.server.log.statemachine.data.sync.timeout.retry = -1 (default)
2019-09-12 10:35:45,204 [pool-93-thread-1] INFO  server.RaftServerConfigKeys (ConfUtils.java:logGet(43)) - raft.server.log.statemachine.data.caching.enabled = true (custom)
2019-09-12 10:35:45,205 [pool-93-thread-1] INFO  segmented.SegmentedRaftLogWorker (SegmentedRaftLogWorker.java:lambda$new$0(132)) - b4faf84d-881e-452e-9abc-9848f28c1b42-SegmentedRaftLogWorker:Storage Directory /workdir/hadoop-ozone/integration-test/target/test-dir/MiniOzoneClusterImpl-37d049c1-8781-4836-8b63-386207273279/datanode-6/data/ratis/e2eb98b4-6df6-478b-ab77-3c5ae3183f88: flushIndex: setUnconditionally 0 -> -1
2019-09-12 10:35:45,205 [pool-93-thread-1] INFO  server.RaftServerConfigKeys (ConfUtils.java:logGet(43)) - raft.server.snapshot.auto.trigger.enabled = true (custom)
2019-09-12 10:35:45,205 [pool-93-thread-1] INFO  server.RaftServerConfigKeys (ConfUtils.java:logGet(43)) - raft.server.snapshot.auto.trigger.threshold = 10000 (custom)
2019-09-12 10:35:45,205 [pool-93-thread-1] INFO  server.RaftServerConfigKeys (ConfUtils.java:logGet(43)) - raft.server.retrycache.expirytime = 600000ms (custom)
2019-09-12 10:35:45,206 [pool-93-thread-1] INFO  impl.RaftServerImpl (RaftServerImpl.java:start(180)) - b4faf84d-881e-452e-9abc-9848f28c1b42: start group-3C5AE3183F88
2019-09-12 10:35:45,206 [pool-93-thread-1] INFO  impl.RaftServerImpl (RaftServerImpl.java:setRole(171)) - b4faf84d-881e-452e-9abc-9848f28c1b42:group-3C5AE3183F88 changes role from null to FOLLOWER at term 0 for startAsFollower
2019-09-12 10:35:45,206 [pool-93-thread-1] INFO  impl.RoleInfo (RoleInfo.java:updateAndGet(143)) - b4faf84d-881e-452e-9abc-9848f28c1b42: start FollowerState
2019-09-12 10:35:45,206 [pool-93-thread-1] INFO  util.JmxRegister (JmxRegister.java:tryRegister(44)) - Successfully registered JMX Bean with object name Ratis:service=RaftServer,group=group-3C5AE3183F88,id=b4faf84d-881e-452e-9abc-9848f28c1b42
2019-09-12 10:35:45,214 [RatisPipelineUtilsThread] INFO  pipeline.PipelineStateManager (PipelineStateManager.java:addPipeline(56)) - Created pipeline Pipeline[ Id: e2eb98b4-6df6-478b-ab77-3c5ae3183f88, Nodes: b4faf84d-881e-452e-9abc-9848f28c1b42{ip: 192.168.36.114, host: pr-hdds-1569-58hkm-1881083799, networkLocation: /default-rack, certSerialId: null}, Type:RATIS, Factor:ONE, State:OPEN]
2019-09-12 10:35:45,226 [RatisPipelineUtilsThread] ERROR pipeline.PipelinePlacementPolicy (PipelinePlacementPolicy.java:meetCriteria(92)) - Pipeline Placement: Doesn't meet the criteria to be viable node. Heaviness: 6
2019-09-12 10:35:45,226 [RatisPipelineUtilsThread] ERROR pipeline.PipelinePlacementPolicy (PipelinePlacementPolicy.java:meetCriteria(92)) - Pipeline Placement: Doesn't meet the criteria to be viable node. Heaviness: 6
2019-09-12 10:35:45,254 [grpc-default-executor-0] INFO  impl.RaftServerProxy (RaftServerProxy.java:addNew(89)) - 9ada554e-a5cf-4351-8628-0478c6ccb0ec: addNew group-AE25716C8BA6:[9ada554e-a5cf-4351-8628-0478c6ccb0ec:192.168.36.114:46451] returns group-AE25716C8BA6:java.util.concurrent.CompletableFuture@23643277[Not completed]
2019-09-12 10:35:45,256 [pool-60-thread-1] INFO  impl.RaftServerImpl (RaftServerImpl.java:<init>(93)) - 9ada554e-a5cf-4351-8628-0478c6ccb0ec: new RaftServerImpl for group-AE25716C8BA6:[9ada554e-a5cf-4351-8628-0478c6ccb0ec:192.168.36.114:46451] with ContainerStateMachine:uninitialized
2019-09-12 10:35:45,256 [pool-60-thread-1] INFO  server.RaftServerConfigKeys (ConfUtils.java:logGet(43)) - raft.server.rpc.timeout.min = 5s (custom)
2019-09-12 10:35:45,256 [pool-60-thread-1] INFO  server.RaftServerConfigKeys (ConfUtils.java:logGet(43)) - raft.server.rpc.timeout.max = 5200ms (custom)
2019-09-12 10:35:45,257 [pool-60-thread-1] INFO  server.RaftServerConfigKeys (ConfUtils.java:logGet(43)) - raft.server.rpcslowness.timeout = 120s (custom)
2019-09-12 10:35:45,257 [pool-60-thread-1] INFO  server.RaftServerConfigKeys (ConfUtils.java:logGet(43)) - raft.server.sleep.deviation.threshold = 300 (default)
2019-09-12 10:35:45,257 [pool-60-thread-1] INFO  server.RaftServerConfigKeys (ConfUtils.java:logGet(43)) - raft.server.log.appender.install.snapshot.enabled = false (custom)
2019-09-12 10:35:45,257 [pool-60-thread-1] INFO  impl.RaftServerImpl (ServerState.java:<init>(105)) - 9ada554e-a5cf-4351-8628-0478c6ccb0ec:group-AE25716C8BA6 ConfigurationManager, init=-1: [9ada554e-a5cf-4351-8628-0478c6ccb0ec:192.168.36.114:46451], old=null, confs=<EMPTY_MAP>
2019-09-12 10:35:45,257 [pool-60-thread-1] INFO  server.RaftServerConfigKeys (ConfUtils.java:logGet(43)) - raft.server.storage.dir = [/workdir/hadoop-ozone/integration-test/target/test-dir/MiniOzoneClusterImpl-37d049c1-8781-4836-8b63-386207273279/datanode-3/data/ratis] (custom)
2019-09-12 10:35:45,258 [pool-60-thread-1] INFO  storage.RaftStorageDirectory (RaftStorageDirectory.java:analyzeStorage(246)) - The storage directory /workdir/hadoop-ozone/integration-test/target/test-dir/MiniOzoneClusterImpl-37d049c1-8781-4836-8b63-386207273279/datanode-3/data/ratis/f7b821d2-4701-45e3-a12f-ae25716c8ba6 does not exist. Creating ...
2019-09-12 10:35:45,270 [pool-60-thread-1] INFO  storage.RaftStorageDirectory (RaftStorageDirectory.java:tryLock(328)) - Lock on /workdir/hadoop-ozone/integration-test/target/test-dir/MiniOzoneClusterImpl-37d049c1-8781-4836-8b63-386207273279/datanode-3/data/ratis/f7b821d2-4701-45e3-a12f-ae25716c8ba6/in_use.lock acquired by nodename 9512@pr-hdds-1569-58hkm-1881083799
2019-09-12 10:35:45,302 | INFO  | SCMAudit | user=jenkins1000 | ip=192.168.36.114 | op=SEND_HEARTBEAT {datanodeUUID=b4faf84d-881e-452e-9abc-9848f28c1b42, command=[]} | ret=SUCCESS |  
2019-09-12 10:35:45,308 [pool-60-thread-1] INFO  storage.RaftStorage (RaftStorage.java:format(72)) - Storage directory /workdir/hadoop-ozone/integration-test/target/test-dir/MiniOzoneClusterImpl-37d049c1-8781-4836-8b63-386207273279/datanode-3/data/ratis/f7b821d2-4701-45e3-a12f-ae25716c8ba6 has been successfully formatted.
2019-09-12 10:35:45,309 [pool-60-thread-1] INFO  ratis.ContainerStateMachine (ContainerStateMachine.java:loadSnapshot(226)) - group-AE25716C8BA6: The snapshot info is null. Setting the last applied indexto:(t:0, i:~)
2019-09-12 10:35:45,309 [pool-60-thread-1] INFO  server.RaftServerConfigKeys (ConfUtils.java:logGet(43)) - raft.server.leader.election.timeout = 120s (custom)
2019-09-12 10:35:45,309 [pool-60-thread-1] INFO  server.RaftServerConfigKeys (ConfUtils.java:logGet(43)) - raft.server.log.use.memory = false (default)
2019-09-12 10:35:45,309 [pool-60-thread-1] INFO  server.RaftServerConfigKeys (ConfUtils.java:logGet(43)) - raft.server.log.purge.gap = 1000000 (custom)
2019-09-12 10:35:45,309 [pool-60-thread-1] INFO  server.RaftServerConfigKeys (ConfUtils.java:logGet(43)) - raft.server.log.appender.buffer.byte-limit = 33554432 (custom)
2019-09-12 10:35:45,310 [pool-60-thread-1] INFO  server.RaftServerConfigKeys (ConfUtils.java:logGet(43)) - raft.server.log.segment.size.max = 1048576 (custom)
2019-09-12 10:35:45,310 [pool-60-thread-1] INFO  server.RaftServerConfigKeys (ConfUtils.java:logGet(43)) - raft.server.log.segment.cache.num.max = 2 (custom)
2019-09-12 10:35:45,310 [pool-60-thread-1] INFO  segmented.SegmentedRaftLogWorker (SegmentedRaftLogWorker.java:<init>(172)) - new 9ada554e-a5cf-4351-8628-0478c6ccb0ec-SegmentedRaftLogWorker:Storage Directory /workdir/hadoop-ozone/integration-test/target/test-dir/MiniOzoneClusterImpl-37d049c1-8781-4836-8b63-386207273279/datanode-3/data/ratis/f7b821d2-4701-45e3-a12f-ae25716c8ba6 for RaftStorage:Storage Directory /workdir/hadoop-ozone/integration-test/target/test-dir/MiniOzoneClusterImpl-37d049c1-8781-4836-8b63-386207273279/datanode-3/data/ratis/f7b821d2-4701-45e3-a12f-ae25716c8ba6
2019-09-12 10:35:45,310 [pool-60-thread-1] INFO  server.RaftServerConfigKeys (ConfUtils.java:logGet(43)) - raft.server.log.queue.byte-limit = 2147483647 (custom)
2019-09-12 10:35:45,310 [pool-60-thread-1] INFO  server.RaftServerConfigKeys (ConfUtils.java:logGet(43)) - raft.server.log.queue.element-limit = 1024 (custom)
2019-09-12 10:35:45,310 [pool-60-thread-1] INFO  server.RaftServerConfigKeys (ConfUtils.java:logGet(43)) - raft.server.log.segment.size.max = 1048576 (custom)
2019-09-12 10:35:45,311 [pool-60-thread-1] INFO  server.RaftServerConfigKeys (ConfUtils.java:logGet(43)) - raft.server.log.preallocated.size = 16384 (custom)
2019-09-12 10:35:45,311 [pool-60-thread-1] INFO  server.RaftServerConfigKeys (ConfUtils.java:logGet(43)) - raft.server.log.write.buffer.size = 33554432 (custom)
2019-09-12 10:35:45,311 [pool-60-thread-1] INFO  server.RaftServerConfigKeys (ConfUtils.java:logGet(43)) - raft.server.log.force.sync.num = 128 (default)
2019-09-12 10:35:45,311 [pool-60-thread-1] INFO  server.RaftServerConfigKeys (ConfUtils.java:logGet(43)) - raft.server.log.statemachine.data.sync = true (default)
2019-09-12 10:35:45,311 [pool-60-thread-1] INFO  server.RaftServerConfigKeys (ConfUtils.java:logGet(43)) - raft.server.log.statemachine.data.sync.timeout = 10s (default)
2019-09-12 10:35:45,311 [pool-60-thread-1] INFO  server.RaftServerConfigKeys (ConfUtils.java:logGet(43)) - raft.server.log.statemachine.data.sync.timeout.retry = -1 (default)
2019-09-12 10:35:45,312 [pool-60-thread-1] INFO  server.RaftServerConfigKeys (ConfUtils.java:logGet(43)) - raft.server.log.statemachine.data.caching.enabled = true (custom)
2019-09-12 10:35:45,312 [pool-60-thread-1] INFO  segmented.SegmentedRaftLogWorker (SegmentedRaftLogWorker.java:lambda$new$0(132)) - 9ada554e-a5cf-4351-8628-0478c6ccb0ec-SegmentedRaftLogWorker:Storage Directory /workdir/hadoop-ozone/integration-test/target/test-dir/MiniOzoneClusterImpl-37d049c1-8781-4836-8b63-386207273279/datanode-3/data/ratis/f7b821d2-4701-45e3-a12f-ae25716c8ba6: flushIndex: setUnconditionally 0 -> -1
2019-09-12 10:35:45,312 [pool-60-thread-1] INFO  server.RaftServerConfigKeys (ConfUtils.java:logGet(43)) - raft.server.snapshot.auto.trigger.enabled = true (custom)
2019-09-12 10:35:45,313 [pool-60-thread-1] INFO  server.RaftServerConfigKeys (ConfUtils.java:logGet(43)) - raft.server.snapshot.auto.trigger.threshold = 10000 (custom)
2019-09-12 10:35:45,313 [pool-60-thread-1] INFO  server.RaftServerConfigKeys (ConfUtils.java:logGet(43)) - raft.server.retrycache.expirytime = 600000ms (custom)
2019-09-12 10:35:45,313 [pool-60-thread-1] INFO  impl.RaftServerImpl (RaftServerImpl.java:start(180)) - 9ada554e-a5cf-4351-8628-0478c6ccb0ec: start group-AE25716C8BA6
2019-09-12 10:35:45,313 [pool-60-thread-1] INFO  impl.RaftServerImpl (RaftServerImpl.java:setRole(171)) - 9ada554e-a5cf-4351-8628-0478c6ccb0ec:group-AE25716C8BA6 changes role from null to FOLLOWER at term 0 for startAsFollower
2019-09-12 10:35:45,313 [pool-60-thread-1] INFO  impl.RoleInfo (RoleInfo.java:updateAndGet(143)) - 9ada554e-a5cf-4351-8628-0478c6ccb0ec: start FollowerState
2019-09-12 10:35:45,327 [pool-60-thread-1] INFO  util.JmxRegister (JmxRegister.java:tryRegister(44)) - Successfully registered JMX Bean with object name Ratis:service=RaftServer,group=group-AE25716C8BA6,id=9ada554e-a5cf-4351-8628-0478c6ccb0ec
2019-09-12 10:35:45,350 [RatisPipelineUtilsThread] INFO  pipeline.PipelineStateManager (PipelineStateManager.java:addPipeline(56)) - Created pipeline Pipeline[ Id: f7b821d2-4701-45e3-a12f-ae25716c8ba6, Nodes: 9ada554e-a5cf-4351-8628-0478c6ccb0ec{ip: 192.168.36.114, host: pr-hdds-1569-58hkm-1881083799, networkLocation: /default-rack, certSerialId: null}, Type:RATIS, Factor:ONE, State:OPEN]
2019-09-12 10:35:45,351 [RatisPipelineUtilsThread] ERROR pipeline.PipelinePlacementPolicy (PipelinePlacementPolicy.java:meetCriteria(92)) - Pipeline Placement: Doesn't meet the criteria to be viable node. Heaviness: 6
2019-09-12 10:35:45,351 [RatisPipelineUtilsThread] ERROR pipeline.PipelinePlacementPolicy (PipelinePlacementPolicy.java:meetCriteria(92)) - Pipeline Placement: Doesn't meet the criteria to be viable node. Heaviness: 6
2019-09-12 10:35:45,358 [grpc-default-executor-0] INFO  impl.RaftServerProxy (RaftServerProxy.java:addNew(89)) - 9ada554e-a5cf-4351-8628-0478c6ccb0ec: addNew group-D252796557D0:[9ada554e-a5cf-4351-8628-0478c6ccb0ec:192.168.36.114:46451] returns group-D252796557D0:java.util.concurrent.CompletableFuture@64cf0b4e[Not completed]
2019-09-12 10:35:45,360 [pool-60-thread-1] INFO  impl.RaftServerImpl (RaftServerImpl.java:<init>(93)) - 9ada554e-a5cf-4351-8628-0478c6ccb0ec: new RaftServerImpl for group-D252796557D0:[9ada554e-a5cf-4351-8628-0478c6ccb0ec:192.168.36.114:46451] with ContainerStateMachine:uninitialized
2019-09-12 10:35:45,360 [pool-60-thread-1] INFO  server.RaftServerConfigKeys (ConfUtils.java:logGet(43)) - raft.server.rpc.timeout.min = 5s (custom)
2019-09-12 10:35:45,360 [pool-60-thread-1] INFO  server.RaftServerConfigKeys (ConfUtils.java:logGet(43)) - raft.server.rpc.timeout.max = 5200ms (custom)
2019-09-12 10:35:45,360 [pool-60-thread-1] INFO  server.RaftServerConfigKeys (ConfUtils.java:logGet(43)) - raft.server.rpcslowness.timeout = 120s (custom)
2019-09-12 10:35:45,360 [pool-60-thread-1] INFO  server.RaftServerConfigKeys (ConfUtils.java:logGet(43)) - raft.server.sleep.deviation.threshold = 300 (default)
2019-09-12 10:35:45,360 [pool-60-thread-1] INFO  server.RaftServerConfigKeys (ConfUtils.java:logGet(43)) - raft.server.log.appender.install.snapshot.enabled = false (custom)
2019-09-12 10:35:45,360 [pool-60-thread-1] INFO  impl.RaftServerImpl (ServerState.java:<init>(105)) - 9ada554e-a5cf-4351-8628-0478c6ccb0ec:group-D252796557D0 ConfigurationManager, init=-1: [9ada554e-a5cf-4351-8628-0478c6ccb0ec:192.168.36.114:46451], old=null, confs=<EMPTY_MAP>
2019-09-12 10:35:45,361 [pool-60-thread-1] INFO  server.RaftServerConfigKeys (ConfUtils.java:logGet(43)) - raft.server.storage.dir = [/workdir/hadoop-ozone/integration-test/target/test-dir/MiniOzoneClusterImpl-37d049c1-8781-4836-8b63-386207273279/datanode-3/data/ratis] (custom)
2019-09-12 10:35:45,361 [pool-60-thread-1] INFO  storage.RaftStorageDirectory (RaftStorageDirectory.java:analyzeStorage(246)) - The storage directory /workdir/hadoop-ozone/integration-test/target/test-dir/MiniOzoneClusterImpl-37d049c1-8781-4836-8b63-386207273279/datanode-3/data/ratis/c8bb749d-af46-474e-bda9-d252796557d0 does not exist. Creating ...
2019-09-12 10:35:45,386 [pool-60-thread-1] INFO  storage.RaftStorageDirectory (RaftStorageDirectory.java:tryLock(328)) - Lock on /workdir/hadoop-ozone/integration-test/target/test-dir/MiniOzoneClusterImpl-37d049c1-8781-4836-8b63-386207273279/datanode-3/data/ratis/c8bb749d-af46-474e-bda9-d252796557d0/in_use.lock acquired by nodename 9512@pr-hdds-1569-58hkm-1881083799
2019-09-12 10:35:45,398 [pool-60-thread-1] INFO  storage.RaftStorage (RaftStorage.java:format(72)) - Storage directory /workdir/hadoop-ozone/integration-test/target/test-dir/MiniOzoneClusterImpl-37d049c1-8781-4836-8b63-386207273279/datanode-3/data/ratis/c8bb749d-af46-474e-bda9-d252796557d0 has been successfully formatted.
2019-09-12 10:35:45,399 [pool-60-thread-1] INFO  ratis.ContainerStateMachine (ContainerStateMachine.java:loadSnapshot(226)) - group-D252796557D0: The snapshot info is null. Setting the last applied indexto:(t:0, i:~)
2019-09-12 10:35:45,399 [pool-60-thread-1] INFO  server.RaftServerConfigKeys (ConfUtils.java:logGet(43)) - raft.server.leader.election.timeout = 120s (custom)
2019-09-12 10:35:45,399 [pool-60-thread-1] INFO  server.RaftServerConfigKeys (ConfUtils.java:logGet(43)) - raft.server.log.use.memory = false (default)
2019-09-12 10:35:45,399 [pool-60-thread-1] INFO  server.RaftServerConfigKeys (ConfUtils.java:logGet(43)) - raft.server.log.purge.gap = 1000000 (custom)
2019-09-12 10:35:45,399 [pool-60-thread-1] INFO  server.RaftServerConfigKeys (ConfUtils.java:logGet(43)) - raft.server.log.appender.buffer.byte-limit = 33554432 (custom)
2019-09-12 10:35:45,399 [pool-60-thread-1] INFO  server.RaftServerConfigKeys (ConfUtils.java:logGet(43)) - raft.server.log.segment.size.max = 1048576 (custom)
2019-09-12 10:35:45,399 [pool-60-thread-1] INFO  server.RaftServerConfigKeys (ConfUtils.java:logGet(43)) - raft.server.log.segment.cache.num.max = 2 (custom)
2019-09-12 10:35:45,400 [pool-60-thread-1] INFO  segmented.SegmentedRaftLogWorker (SegmentedRaftLogWorker.java:<init>(172)) - new 9ada554e-a5cf-4351-8628-0478c6ccb0ec-SegmentedRaftLogWorker:Storage Directory /workdir/hadoop-ozone/integration-test/target/test-dir/MiniOzoneClusterImpl-37d049c1-8781-4836-8b63-386207273279/datanode-3/data/ratis/c8bb749d-af46-474e-bda9-d252796557d0 for RaftStorage:Storage Directory /workdir/hadoop-ozone/integration-test/target/test-dir/MiniOzoneClusterImpl-37d049c1-8781-4836-8b63-386207273279/datanode-3/data/ratis/c8bb749d-af46-474e-bda9-d252796557d0
2019-09-12 10:35:45,400 [pool-60-thread-1] INFO  server.RaftServerConfigKeys (ConfUtils.java:logGet(43)) - raft.server.log.queue.byte-limit = 2147483647 (custom)
2019-09-12 10:35:45,400 [pool-60-thread-1] INFO  server.RaftServerConfigKeys (ConfUtils.java:logGet(43)) - raft.server.log.queue.element-limit = 1024 (custom)
2019-09-12 10:35:45,400 [pool-60-thread-1] INFO  server.RaftServerConfigKeys (ConfUtils.java:logGet(43)) - raft.server.log.segment.size.max = 1048576 (custom)
2019-09-12 10:35:45,400 [pool-60-thread-1] INFO  server.RaftServerConfigKeys (ConfUtils.java:logGet(43)) - raft.server.log.preallocated.size = 16384 (custom)
2019-09-12 10:35:45,400 [pool-60-thread-1] INFO  server.RaftServerConfigKeys (ConfUtils.java:logGet(43)) - raft.server.log.write.buffer.size = 33554432 (custom)
2019-09-12 10:35:45,400 [pool-60-thread-1] INFO  server.RaftServerConfigKeys (ConfUtils.java:logGet(43)) - raft.server.log.force.sync.num = 128 (default)
2019-09-12 10:35:45,401 [pool-60-thread-1] INFO  server.RaftServerConfigKeys (ConfUtils.java:logGet(43)) - raft.server.log.statemachine.data.sync = true (default)
2019-09-12 10:35:45,401 [pool-60-thread-1] INFO  server.RaftServerConfigKeys (ConfUtils.java:logGet(43)) - raft.server.log.statemachine.data.sync.timeout = 10s (default)
2019-09-12 10:35:45,401 [pool-60-thread-1] INFO  server.RaftServerConfigKeys (ConfUtils.java:logGet(43)) - raft.server.log.statemachine.data.sync.timeout.retry = -1 (default)
2019-09-12 10:35:45,401 [pool-60-thread-1] INFO  server.RaftServerConfigKeys (ConfUtils.java:logGet(43)) - raft.server.log.statemachine.data.caching.enabled = true (custom)
2019-09-12 10:35:45,401 [pool-60-thread-1] INFO  segmented.SegmentedRaftLogWorker (SegmentedRaftLogWorker.java:lambda$new$0(132)) - 9ada554e-a5cf-4351-8628-0478c6ccb0ec-SegmentedRaftLogWorker:Storage Directory /workdir/hadoop-ozone/integration-test/target/test-dir/MiniOzoneClusterImpl-37d049c1-8781-4836-8b63-386207273279/datanode-3/data/ratis/c8bb749d-af46-474e-bda9-d252796557d0: flushIndex: setUnconditionally 0 -> -1
2019-09-12 10:35:45,402 [pool-60-thread-1] INFO  server.RaftServerConfigKeys (ConfUtils.java:logGet(43)) - raft.server.snapshot.auto.trigger.enabled = true (custom)
2019-09-12 10:35:45,402 [pool-60-thread-1] INFO  server.RaftServerConfigKeys (ConfUtils.java:logGet(43)) - raft.server.snapshot.auto.trigger.threshold = 10000 (custom)
2019-09-12 10:35:45,402 [pool-60-thread-1] INFO  server.RaftServerConfigKeys (ConfUtils.java:logGet(43)) - raft.server.retrycache.expirytime = 600000ms (custom)
2019-09-12 10:35:45,402 [pool-60-thread-1] INFO  impl.RaftServerImpl (RaftServerImpl.java:start(180)) - 9ada554e-a5cf-4351-8628-0478c6ccb0ec: start group-D252796557D0
2019-09-12 10:35:45,402 [pool-60-thread-1] INFO  impl.RaftServerImpl (RaftServerImpl.java:setRole(171)) - 9ada554e-a5cf-4351-8628-0478c6ccb0ec:group-D252796557D0 changes role from null to FOLLOWER at term 0 for startAsFollower
2019-09-12 10:35:45,403 [pool-60-thread-1] INFO  impl.RoleInfo (RoleInfo.java:updateAndGet(143)) - 9ada554e-a5cf-4351-8628-0478c6ccb0ec: start FollowerState
2019-09-12 10:35:45,403 [pool-60-thread-1] INFO  util.JmxRegister (JmxRegister.java:tryRegister(44)) - Successfully registered JMX Bean with object name Ratis:service=RaftServer,group=group-D252796557D0,id=9ada554e-a5cf-4351-8628-0478c6ccb0ec
2019-09-12 10:35:45,406 [RatisPipelineUtilsThread] INFO  pipeline.PipelineStateManager (PipelineStateManager.java:addPipeline(56)) - Created pipeline Pipeline[ Id: c8bb749d-af46-474e-bda9-d252796557d0, Nodes: 9ada554e-a5cf-4351-8628-0478c6ccb0ec{ip: 192.168.36.114, host: pr-hdds-1569-58hkm-1881083799, networkLocation: /default-rack, certSerialId: null}, Type:RATIS, Factor:ONE, State:OPEN]
2019-09-12 10:35:45,407 [RatisPipelineUtilsThread] ERROR pipeline.PipelinePlacementPolicy (PipelinePlacementPolicy.java:meetCriteria(92)) - Pipeline Placement: Doesn't meet the criteria to be viable node. Heaviness: 6
2019-09-12 10:35:45,407 [RatisPipelineUtilsThread] ERROR pipeline.PipelinePlacementPolicy (PipelinePlacementPolicy.java:meetCriteria(92)) - Pipeline Placement: Doesn't meet the criteria to be viable node. Heaviness: 6
2019-09-12 10:35:45,413 [grpc-default-executor-0] INFO  impl.RaftServerProxy (RaftServerProxy.java:addNew(89)) - fe225ea7-028a-4076-a3b3-dba0461d638a: addNew group-2FB91448A32C:[fe225ea7-028a-4076-a3b3-dba0461d638a:192.168.36.114:45997] returns group-2FB91448A32C:java.util.concurrent.CompletableFuture@2148ed5a[Not completed]
2019-09-12 10:35:45,414 [pool-49-thread-1] INFO  impl.RaftServerImpl (RaftServerImpl.java:<init>(93)) - fe225ea7-028a-4076-a3b3-dba0461d638a: new RaftServerImpl for group-2FB91448A32C:[fe225ea7-028a-4076-a3b3-dba0461d638a:192.168.36.114:45997] with ContainerStateMachine:uninitialized
2019-09-12 10:35:45,414 [pool-49-thread-1] INFO  server.RaftServerConfigKeys (ConfUtils.java:logGet(43)) - raft.server.rpc.timeout.min = 5s (custom)
2019-09-12 10:35:45,415 [pool-49-thread-1] INFO  server.RaftServerConfigKeys (ConfUtils.java:logGet(43)) - raft.server.rpc.timeout.max = 5200ms (custom)
2019-09-12 10:35:45,415 [pool-49-thread-1] INFO  server.RaftServerConfigKeys (ConfUtils.java:logGet(43)) - raft.server.rpcslowness.timeout = 120s (custom)
2019-09-12 10:35:45,415 [pool-49-thread-1] INFO  server.RaftServerConfigKeys (ConfUtils.java:logGet(43)) - raft.server.sleep.deviation.threshold = 300 (default)
2019-09-12 10:35:45,415 [pool-49-thread-1] INFO  server.RaftServerConfigKeys (ConfUtils.java:logGet(43)) - raft.server.log.appender.install.snapshot.enabled = false (custom)
2019-09-12 10:35:45,415 [pool-49-thread-1] INFO  impl.RaftServerImpl (ServerState.java:<init>(105)) - fe225ea7-028a-4076-a3b3-dba0461d638a:group-2FB91448A32C ConfigurationManager, init=-1: [fe225ea7-028a-4076-a3b3-dba0461d638a:192.168.36.114:45997], old=null, confs=<EMPTY_MAP>
2019-09-12 10:35:45,415 [pool-49-thread-1] INFO  server.RaftServerConfigKeys (ConfUtils.java:logGet(43)) - raft.server.storage.dir = [/workdir/hadoop-ozone/integration-test/target/test-dir/MiniOzoneClusterImpl-37d049c1-8781-4836-8b63-386207273279/datanode-2/data/ratis] (custom)
2019-09-12 10:35:45,416 [pool-49-thread-1] INFO  storage.RaftStorageDirectory (RaftStorageDirectory.java:analyzeStorage(246)) - The storage directory /workdir/hadoop-ozone/integration-test/target/test-dir/MiniOzoneClusterImpl-37d049c1-8781-4836-8b63-386207273279/datanode-2/data/ratis/1e2bf243-2611-4aa5-bcbe-2fb91448a32c does not exist. Creating ...
2019-09-12 10:35:45,440 [pool-49-thread-1] INFO  storage.RaftStorageDirectory (RaftStorageDirectory.java:tryLock(328)) - Lock on /workdir/hadoop-ozone/integration-test/target/test-dir/MiniOzoneClusterImpl-37d049c1-8781-4836-8b63-386207273279/datanode-2/data/ratis/1e2bf243-2611-4aa5-bcbe-2fb91448a32c/in_use.lock acquired by nodename 9512@pr-hdds-1569-58hkm-1881083799
2019-09-12 10:35:45,452 [pool-49-thread-1] INFO  storage.RaftStorage (RaftStorage.java:format(72)) - Storage directory /workdir/hadoop-ozone/integration-test/target/test-dir/MiniOzoneClusterImpl-37d049c1-8781-4836-8b63-386207273279/datanode-2/data/ratis/1e2bf243-2611-4aa5-bcbe-2fb91448a32c has been successfully formatted.
2019-09-12 10:35:45,452 [pool-49-thread-1] INFO  ratis.ContainerStateMachine (ContainerStateMachine.java:loadSnapshot(226)) - group-2FB91448A32C: The snapshot info is null. Setting the last applied indexto:(t:0, i:~)
2019-09-12 10:35:45,453 [pool-49-thread-1] INFO  server.RaftServerConfigKeys (ConfUtils.java:logGet(43)) - raft.server.leader.election.timeout = 120s (custom)
2019-09-12 10:35:45,453 [pool-49-thread-1] INFO  server.RaftServerConfigKeys (ConfUtils.java:logGet(43)) - raft.server.log.use.memory = false (default)
2019-09-12 10:35:45,453 [pool-49-thread-1] INFO  server.RaftServerConfigKeys (ConfUtils.java:logGet(43)) - raft.server.log.purge.gap = 1000000 (custom)
2019-09-12 10:35:45,453 [pool-49-thread-1] INFO  server.RaftServerConfigKeys (ConfUtils.java:logGet(43)) - raft.server.log.appender.buffer.byte-limit = 33554432 (custom)
2019-09-12 10:35:45,453 [pool-49-thread-1] INFO  server.RaftServerConfigKeys (ConfUtils.java:logGet(43)) - raft.server.log.segment.size.max = 1048576 (custom)
2019-09-12 10:35:45,453 [pool-49-thread-1] INFO  server.RaftServerConfigKeys (ConfUtils.java:logGet(43)) - raft.server.log.segment.cache.num.max = 2 (custom)
2019-09-12 10:35:45,453 [pool-49-thread-1] INFO  segmented.SegmentedRaftLogWorker (SegmentedRaftLogWorker.java:<init>(172)) - new fe225ea7-028a-4076-a3b3-dba0461d638a-SegmentedRaftLogWorker:Storage Directory /workdir/hadoop-ozone/integration-test/target/test-dir/MiniOzoneClusterImpl-37d049c1-8781-4836-8b63-386207273279/datanode-2/data/ratis/1e2bf243-2611-4aa5-bcbe-2fb91448a32c for RaftStorage:Storage Directory /workdir/hadoop-ozone/integration-test/target/test-dir/MiniOzoneClusterImpl-37d049c1-8781-4836-8b63-386207273279/datanode-2/data/ratis/1e2bf243-2611-4aa5-bcbe-2fb91448a32c
2019-09-12 10:35:45,454 [pool-49-thread-1] INFO  server.RaftServerConfigKeys (ConfUtils.java:logGet(43)) - raft.server.log.queue.byte-limit = 2147483647 (custom)
2019-09-12 10:35:45,454 [pool-49-thread-1] INFO  server.RaftServerConfigKeys (ConfUtils.java:logGet(43)) - raft.server.log.queue.element-limit = 1024 (custom)
2019-09-12 10:35:45,454 [pool-49-thread-1] INFO  server.RaftServerConfigKeys (ConfUtils.java:logGet(43)) - raft.server.log.segment.size.max = 1048576 (custom)
2019-09-12 10:35:45,454 [pool-49-thread-1] INFO  server.RaftServerConfigKeys (ConfUtils.java:logGet(43)) - raft.server.log.preallocated.size = 16384 (custom)
2019-09-12 10:35:45,454 [pool-49-thread-1] INFO  server.RaftServerConfigKeys (ConfUtils.java:logGet(43)) - raft.server.log.write.buffer.size = 33554432 (custom)
2019-09-12 10:35:45,454 [pool-49-thread-1] INFO  server.RaftServerConfigKeys (ConfUtils.java:logGet(43)) - raft.server.log.force.sync.num = 128 (default)
2019-09-12 10:35:45,454 [pool-49-thread-1] INFO  server.RaftServerConfigKeys (ConfUtils.java:logGet(43)) - raft.server.log.statemachine.data.sync = true (default)
2019-09-12 10:35:45,454 [pool-49-thread-1] INFO  server.RaftServerConfigKeys (ConfUtils.java:logGet(43)) - raft.server.log.statemachine.data.sync.timeout = 10s (default)
2019-09-12 10:35:45,455 [pool-49-thread-1] INFO  server.RaftServerConfigKeys (ConfUtils.java:logGet(43)) - raft.server.log.statemachine.data.sync.timeout.retry = -1 (default)
2019-09-12 10:35:45,455 [pool-49-thread-1] INFO  server.RaftServerConfigKeys (ConfUtils.java:logGet(43)) - raft.server.log.statemachine.data.caching.enabled = true (custom)
2019-09-12 10:35:45,455 [pool-49-thread-1] INFO  segmented.SegmentedRaftLogWorker (SegmentedRaftLogWorker.java:lambda$new$0(132)) - fe225ea7-028a-4076-a3b3-dba0461d638a-SegmentedRaftLogWorker:Storage Directory /workdir/hadoop-ozone/integration-test/target/test-dir/MiniOzoneClusterImpl-37d049c1-8781-4836-8b63-386207273279/datanode-2/data/ratis/1e2bf243-2611-4aa5-bcbe-2fb91448a32c: flushIndex: setUnconditionally 0 -> -1
2019-09-12 10:35:45,455 [pool-49-thread-1] INFO  server.RaftServerConfigKeys (ConfUtils.java:logGet(43)) - raft.server.snapshot.auto.trigger.enabled = true (custom)
2019-09-12 10:35:45,455 [pool-49-thread-1] INFO  server.RaftServerConfigKeys (ConfUtils.java:logGet(43)) - raft.server.snapshot.auto.trigger.threshold = 10000 (custom)
2019-09-12 10:35:45,456 [pool-49-thread-1] INFO  server.RaftServerConfigKeys (ConfUtils.java:logGet(43)) - raft.server.retrycache.expirytime = 600000ms (custom)
2019-09-12 10:35:45,456 [pool-49-thread-1] INFO  impl.RaftServerImpl (RaftServerImpl.java:start(180)) - fe225ea7-028a-4076-a3b3-dba0461d638a: start group-2FB91448A32C
2019-09-12 10:35:45,456 [pool-49-thread-1] INFO  impl.RaftServerImpl (RaftServerImpl.java:setRole(171)) - fe225ea7-028a-4076-a3b3-dba0461d638a:group-2FB91448A32C changes role from null to FOLLOWER at term 0 for startAsFollower
2019-09-12 10:35:45,456 [pool-49-thread-1] INFO  impl.RoleInfo (RoleInfo.java:updateAndGet(143)) - fe225ea7-028a-4076-a3b3-dba0461d638a: start FollowerState
2019-09-12 10:35:45,456 [pool-49-thread-1] INFO  util.JmxRegister (JmxRegister.java:tryRegister(44)) - Successfully registered JMX Bean with object name Ratis:service=RaftServer,group=group-2FB91448A32C,id=fe225ea7-028a-4076-a3b3-dba0461d638a
2019-09-12 10:35:45,459 [RatisPipelineUtilsThread] INFO  pipeline.PipelineStateManager (PipelineStateManager.java:addPipeline(56)) - Created pipeline Pipeline[ Id: 1e2bf243-2611-4aa5-bcbe-2fb91448a32c, Nodes: fe225ea7-028a-4076-a3b3-dba0461d638a{ip: 192.168.36.114, host: pr-hdds-1569-58hkm-1881083799, networkLocation: /default-rack, certSerialId: null}, Type:RATIS, Factor:ONE, State:OPEN]
2019-09-12 10:35:45,460 [RatisPipelineUtilsThread] ERROR pipeline.PipelinePlacementPolicy (PipelinePlacementPolicy.java:meetCriteria(92)) - Pipeline Placement: Doesn't meet the criteria to be viable node. Heaviness: 6
2019-09-12 10:35:45,460 [RatisPipelineUtilsThread] ERROR pipeline.PipelinePlacementPolicy (PipelinePlacementPolicy.java:meetCriteria(92)) - Pipeline Placement: Doesn't meet the criteria to be viable node. Heaviness: 6
2019-09-12 10:35:45,460 [RatisPipelineUtilsThread] ERROR pipeline.PipelinePlacementPolicy (PipelinePlacementPolicy.java:meetCriteria(92)) - Pipeline Placement: Doesn't meet the criteria to be viable node. Heaviness: 6
2019-09-12 10:35:45,468 [grpc-default-executor-0] INFO  impl.RaftServerProxy (RaftServerProxy.java:addNew(89)) - 9ada554e-a5cf-4351-8628-0478c6ccb0ec: addNew group-F5A2A92AE9B5:[9ada554e-a5cf-4351-8628-0478c6ccb0ec:192.168.36.114:46451] returns group-F5A2A92AE9B5:java.util.concurrent.CompletableFuture@4ca71944[Not completed]
2019-09-12 10:35:45,468 [pool-60-thread-1] INFO  impl.RaftServerImpl (RaftServerImpl.java:<init>(93)) - 9ada554e-a5cf-4351-8628-0478c6ccb0ec: new RaftServerImpl for group-F5A2A92AE9B5:[9ada554e-a5cf-4351-8628-0478c6ccb0ec:192.168.36.114:46451] with ContainerStateMachine:uninitialized
2019-09-12 10:35:45,469 [pool-60-thread-1] INFO  server.RaftServerConfigKeys (ConfUtils.java:logGet(43)) - raft.server.rpc.timeout.min = 5s (custom)
2019-09-12 10:35:45,469 [pool-60-thread-1] INFO  server.RaftServerConfigKeys (ConfUtils.java:logGet(43)) - raft.server.rpc.timeout.max = 5200ms (custom)
2019-09-12 10:35:45,469 [pool-60-thread-1] INFO  server.RaftServerConfigKeys (ConfUtils.java:logGet(43)) - raft.server.rpcslowness.timeout = 120s (custom)
2019-09-12 10:35:45,469 [pool-60-thread-1] INFO  server.RaftServerConfigKeys (ConfUtils.java:logGet(43)) - raft.server.sleep.deviation.threshold = 300 (default)
2019-09-12 10:35:45,469 [pool-60-thread-1] INFO  server.RaftServerConfigKeys (ConfUtils.java:logGet(43)) - raft.server.log.appender.install.snapshot.enabled = false (custom)
2019-09-12 10:35:45,469 [pool-60-thread-1] INFO  impl.RaftServerImpl (ServerState.java:<init>(105)) - 9ada554e-a5cf-4351-8628-0478c6ccb0ec:group-F5A2A92AE9B5 ConfigurationManager, init=-1: [9ada554e-a5cf-4351-8628-0478c6ccb0ec:192.168.36.114:46451], old=null, confs=<EMPTY_MAP>
2019-09-12 10:35:45,469 [pool-60-thread-1] INFO  server.RaftServerConfigKeys (ConfUtils.java:logGet(43)) - raft.server.storage.dir = [/workdir/hadoop-ozone/integration-test/target/test-dir/MiniOzoneClusterImpl-37d049c1-8781-4836-8b63-386207273279/datanode-3/data/ratis] (custom)
2019-09-12 10:35:45,469 [pool-60-thread-1] INFO  storage.RaftStorageDirectory (RaftStorageDirectory.java:analyzeStorage(246)) - The storage directory /workdir/hadoop-ozone/integration-test/target/test-dir/MiniOzoneClusterImpl-37d049c1-8781-4836-8b63-386207273279/datanode-3/data/ratis/9664f164-b7a6-4cff-9abf-f5a2a92ae9b5 does not exist. Creating ...
2019-09-12 10:35:45,481 [pool-60-thread-1] INFO  storage.RaftStorageDirectory (RaftStorageDirectory.java:tryLock(328)) - Lock on /workdir/hadoop-ozone/integration-test/target/test-dir/MiniOzoneClusterImpl-37d049c1-8781-4836-8b63-386207273279/datanode-3/data/ratis/9664f164-b7a6-4cff-9abf-f5a2a92ae9b5/in_use.lock acquired by nodename 9512@pr-hdds-1569-58hkm-1881083799
2019-09-12 10:35:45,494 [pool-60-thread-1] INFO  storage.RaftStorage (RaftStorage.java:format(72)) - Storage directory /workdir/hadoop-ozone/integration-test/target/test-dir/MiniOzoneClusterImpl-37d049c1-8781-4836-8b63-386207273279/datanode-3/data/ratis/9664f164-b7a6-4cff-9abf-f5a2a92ae9b5 has been successfully formatted.
2019-09-12 10:35:45,494 [pool-60-thread-1] INFO  ratis.ContainerStateMachine (ContainerStateMachine.java:loadSnapshot(226)) - group-F5A2A92AE9B5: The snapshot info is null. Setting the last applied indexto:(t:0, i:~)
2019-09-12 10:35:45,494 [pool-60-thread-1] INFO  server.RaftServerConfigKeys (ConfUtils.java:logGet(43)) - raft.server.leader.election.timeout = 120s (custom)
2019-09-12 10:35:45,494 [pool-60-thread-1] INFO  server.RaftServerConfigKeys (ConfUtils.java:logGet(43)) - raft.server.log.use.memory = false (default)
2019-09-12 10:35:45,494 [pool-60-thread-1] INFO  server.RaftServerConfigKeys (ConfUtils.java:logGet(43)) - raft.server.log.purge.gap = 1000000 (custom)
2019-09-12 10:35:45,494 [pool-60-thread-1] INFO  server.RaftServerConfigKeys (ConfUtils.java:logGet(43)) - raft.server.log.appender.buffer.byte-limit = 33554432 (custom)
2019-09-12 10:35:45,495 [pool-60-thread-1] INFO  server.RaftServerConfigKeys (ConfUtils.java:logGet(43)) - raft.server.log.segment.size.max = 1048576 (custom)
2019-09-12 10:35:45,495 [pool-60-thread-1] INFO  server.RaftServerConfigKeys (ConfUtils.java:logGet(43)) - raft.server.log.segment.cache.num.max = 2 (custom)
2019-09-12 10:35:45,495 [pool-60-thread-1] INFO  segmented.SegmentedRaftLogWorker (SegmentedRaftLogWorker.java:<init>(172)) - new 9ada554e-a5cf-4351-8628-0478c6ccb0ec-SegmentedRaftLogWorker:Storage Directory /workdir/hadoop-ozone/integration-test/target/test-dir/MiniOzoneClusterImpl-37d049c1-8781-4836-8b63-386207273279/datanode-3/data/ratis/9664f164-b7a6-4cff-9abf-f5a2a92ae9b5 for RaftStorage:Storage Directory /workdir/hadoop-ozone/integration-test/target/test-dir/MiniOzoneClusterImpl-37d049c1-8781-4836-8b63-386207273279/datanode-3/data/ratis/9664f164-b7a6-4cff-9abf-f5a2a92ae9b5
2019-09-12 10:35:45,495 [pool-60-thread-1] INFO  server.RaftServerConfigKeys (ConfUtils.java:logGet(43)) - raft.server.log.queue.byte-limit = 2147483647 (custom)
2019-09-12 10:35:45,495 [pool-60-thread-1] INFO  server.RaftServerConfigKeys (ConfUtils.java:logGet(43)) - raft.server.log.queue.element-limit = 1024 (custom)
2019-09-12 10:35:45,495 [pool-60-thread-1] INFO  server.RaftServerConfigKeys (ConfUtils.java:logGet(43)) - raft.server.log.segment.size.max = 1048576 (custom)
2019-09-12 10:35:45,496 [pool-60-thread-1] INFO  server.RaftServerConfigKeys (ConfUtils.java:logGet(43)) - raft.server.log.preallocated.size = 16384 (custom)
2019-09-12 10:35:45,496 [pool-60-thread-1] INFO  server.RaftServerConfigKeys (ConfUtils.java:logGet(43)) - raft.server.log.write.buffer.size = 33554432 (custom)
2019-09-12 10:35:45,496 [pool-60-thread-1] INFO  server.RaftServerConfigKeys (ConfUtils.java:logGet(43)) - raft.server.log.force.sync.num = 128 (default)
2019-09-12 10:35:45,496 [pool-60-thread-1] INFO  server.RaftServerConfigKeys (ConfUtils.java:logGet(43)) - raft.server.log.statemachine.data.sync = true (default)
2019-09-12 10:35:45,496 [pool-60-thread-1] INFO  server.RaftServerConfigKeys (ConfUtils.java:logGet(43)) - raft.server.log.statemachine.data.sync.timeout = 10s (default)
2019-09-12 10:35:45,496 [pool-60-thread-1] INFO  server.RaftServerConfigKeys (ConfUtils.java:logGet(43)) - raft.server.log.statemachine.data.sync.timeout.retry = -1 (default)
2019-09-12 10:35:45,496 [pool-60-thread-1] INFO  server.RaftServerConfigKeys (ConfUtils.java:logGet(43)) - raft.server.log.statemachine.data.caching.enabled = true (custom)
2019-09-12 10:35:45,497 [pool-60-thread-1] INFO  segmented.SegmentedRaftLogWorker (SegmentedRaftLogWorker.java:lambda$new$0(132)) - 9ada554e-a5cf-4351-8628-0478c6ccb0ec-SegmentedRaftLogWorker:Storage Directory /workdir/hadoop-ozone/integration-test/target/test-dir/MiniOzoneClusterImpl-37d049c1-8781-4836-8b63-386207273279/datanode-3/data/ratis/9664f164-b7a6-4cff-9abf-f5a2a92ae9b5: flushIndex: setUnconditionally 0 -> -1
2019-09-12 10:35:45,497 [pool-60-thread-1] INFO  server.RaftServerConfigKeys (ConfUtils.java:logGet(43)) - raft.server.snapshot.auto.trigger.enabled = true (custom)
2019-09-12 10:35:45,497 [pool-60-thread-1] INFO  server.RaftServerConfigKeys (ConfUtils.java:logGet(43)) - raft.server.snapshot.auto.trigger.threshold = 10000 (custom)
2019-09-12 10:35:45,497 [pool-60-thread-1] INFO  server.RaftServerConfigKeys (ConfUtils.java:logGet(43)) - raft.server.retrycache.expirytime = 600000ms (custom)
2019-09-12 10:35:45,497 [pool-60-thread-1] INFO  impl.RaftServerImpl (RaftServerImpl.java:start(180)) - 9ada554e-a5cf-4351-8628-0478c6ccb0ec: start group-F5A2A92AE9B5
2019-09-12 10:35:45,498 [pool-60-thread-1] INFO  impl.RaftServerImpl (RaftServerImpl.java:setRole(171)) - 9ada554e-a5cf-4351-8628-0478c6ccb0ec:group-F5A2A92AE9B5 changes role from null to FOLLOWER at term 0 for startAsFollower
2019-09-12 10:35:45,498 [pool-60-thread-1] INFO  impl.RoleInfo (RoleInfo.java:updateAndGet(143)) - 9ada554e-a5cf-4351-8628-0478c6ccb0ec: start FollowerState
2019-09-12 10:35:45,498 [pool-60-thread-1] INFO  util.JmxRegister (JmxRegister.java:tryRegister(44)) - Successfully registered JMX Bean with object name Ratis:service=RaftServer,group=group-F5A2A92AE9B5,id=9ada554e-a5cf-4351-8628-0478c6ccb0ec
2019-09-12 10:35:45,502 [RatisPipelineUtilsThread] INFO  pipeline.PipelineStateManager (PipelineStateManager.java:addPipeline(56)) - Created pipeline Pipeline[ Id: 9664f164-b7a6-4cff-9abf-f5a2a92ae9b5, Nodes: 9ada554e-a5cf-4351-8628-0478c6ccb0ec{ip: 192.168.36.114, host: pr-hdds-1569-58hkm-1881083799, networkLocation: /default-rack, certSerialId: null}, Type:RATIS, Factor:ONE, State:OPEN]
2019-09-12 10:35:45,502 [RatisPipelineUtilsThread] ERROR pipeline.PipelinePlacementPolicy (PipelinePlacementPolicy.java:meetCriteria(92)) - Pipeline Placement: Doesn't meet the criteria to be viable node. Heaviness: 6
2019-09-12 10:35:45,502 [RatisPipelineUtilsThread] ERROR pipeline.PipelinePlacementPolicy (PipelinePlacementPolicy.java:meetCriteria(92)) - Pipeline Placement: Doesn't meet the criteria to be viable node. Heaviness: 6
2019-09-12 10:35:45,502 [RatisPipelineUtilsThread] ERROR pipeline.PipelinePlacementPolicy (PipelinePlacementPolicy.java:meetCriteria(92)) - Pipeline Placement: Doesn't meet the criteria to be viable node. Heaviness: 6
2019-09-12 10:35:45,509 [grpc-default-executor-0] INFO  impl.RaftServerProxy (RaftServerProxy.java:addNew(89)) - f3c2c8b9-2caa-489c-a85d-e6cb055caf9c: addNew group-307900363D4B:[f3c2c8b9-2caa-489c-a85d-e6cb055caf9c:192.168.36.114:35683] returns group-307900363D4B:java.util.concurrent.CompletableFuture@6537101d[Not completed]
2019-09-12 10:35:45,510 [pool-71-thread-1] INFO  impl.RaftServerImpl (RaftServerImpl.java:<init>(93)) - f3c2c8b9-2caa-489c-a85d-e6cb055caf9c: new RaftServerImpl for group-307900363D4B:[f3c2c8b9-2caa-489c-a85d-e6cb055caf9c:192.168.36.114:35683] with ContainerStateMachine:uninitialized
2019-09-12 10:35:45,510 [pool-71-thread-1] INFO  server.RaftServerConfigKeys (ConfUtils.java:logGet(43)) - raft.server.rpc.timeout.min = 5s (custom)
2019-09-12 10:35:45,510 [pool-71-thread-1] INFO  server.RaftServerConfigKeys (ConfUtils.java:logGet(43)) - raft.server.rpc.timeout.max = 5200ms (custom)
2019-09-12 10:35:45,510 [pool-71-thread-1] INFO  server.RaftServerConfigKeys (ConfUtils.java:logGet(43)) - raft.server.rpcslowness.timeout = 120s (custom)
2019-09-12 10:35:45,511 [pool-71-thread-1] INFO  server.RaftServerConfigKeys (ConfUtils.java:logGet(43)) - raft.server.sleep.deviation.threshold = 300 (default)
2019-09-12 10:35:45,511 [pool-71-thread-1] INFO  server.RaftServerConfigKeys (ConfUtils.java:logGet(43)) - raft.server.log.appender.install.snapshot.enabled = false (custom)
2019-09-12 10:35:45,511 [pool-71-thread-1] INFO  impl.RaftServerImpl (ServerState.java:<init>(105)) - f3c2c8b9-2caa-489c-a85d-e6cb055caf9c:group-307900363D4B ConfigurationManager, init=-1: [f3c2c8b9-2caa-489c-a85d-e6cb055caf9c:192.168.36.114:35683], old=null, confs=<EMPTY_MAP>
2019-09-12 10:35:45,511 [pool-71-thread-1] INFO  server.RaftServerConfigKeys (ConfUtils.java:logGet(43)) - raft.server.storage.dir = [/workdir/hadoop-ozone/integration-test/target/test-dir/MiniOzoneClusterImpl-37d049c1-8781-4836-8b63-386207273279/datanode-4/data/ratis] (custom)
2019-09-12 10:35:45,511 [pool-71-thread-1] INFO  storage.RaftStorageDirectory (RaftStorageDirectory.java:analyzeStorage(246)) - The storage directory /workdir/hadoop-ozone/integration-test/target/test-dir/MiniOzoneClusterImpl-37d049c1-8781-4836-8b63-386207273279/datanode-4/data/ratis/82455524-6daf-49d2-8fa6-307900363d4b does not exist. Creating ...
2019-09-12 10:35:45,516 | INFO  | SCMAudit | user=jenkins1000 | ip=192.168.36.114 | op=SEND_HEARTBEAT {datanodeUUID=95bd455b-14e9-4919-baf6-c10c70e925fc, command=[]} | ret=SUCCESS |  
2019-09-12 10:35:45,524 [pool-71-thread-1] INFO  storage.RaftStorageDirectory (RaftStorageDirectory.java:tryLock(328)) - Lock on /workdir/hadoop-ozone/integration-test/target/test-dir/MiniOzoneClusterImpl-37d049c1-8781-4836-8b63-386207273279/datanode-4/data/ratis/82455524-6daf-49d2-8fa6-307900363d4b/in_use.lock acquired by nodename 9512@pr-hdds-1569-58hkm-1881083799
2019-09-12 10:35:45,557 [pool-71-thread-1] INFO  storage.RaftStorage (RaftStorage.java:format(72)) - Storage directory /workdir/hadoop-ozone/integration-test/target/test-dir/MiniOzoneClusterImpl-37d049c1-8781-4836-8b63-386207273279/datanode-4/data/ratis/82455524-6daf-49d2-8fa6-307900363d4b has been successfully formatted.
2019-09-12 10:35:45,557 [pool-71-thread-1] INFO  ratis.ContainerStateMachine (ContainerStateMachine.java:loadSnapshot(226)) - group-307900363D4B: The snapshot info is null. Setting the last applied indexto:(t:0, i:~)
2019-09-12 10:35:45,557 [pool-71-thread-1] INFO  server.RaftServerConfigKeys (ConfUtils.java:logGet(43)) - raft.server.leader.election.timeout = 120s (custom)
2019-09-12 10:35:45,558 [pool-71-thread-1] INFO  server.RaftServerConfigKeys (ConfUtils.java:logGet(43)) - raft.server.log.use.memory = false (default)
2019-09-12 10:35:45,558 [pool-71-thread-1] INFO  server.RaftServerConfigKeys (ConfUtils.java:logGet(43)) - raft.server.log.purge.gap = 1000000 (custom)
2019-09-12 10:35:45,558 [pool-71-thread-1] INFO  server.RaftServerConfigKeys (ConfUtils.java:logGet(43)) - raft.server.log.appender.buffer.byte-limit = 33554432 (custom)
2019-09-12 10:35:45,558 [pool-71-thread-1] INFO  server.RaftServerConfigKeys (ConfUtils.java:logGet(43)) - raft.server.log.segment.size.max = 1048576 (custom)
2019-09-12 10:35:45,558 [pool-71-thread-1] INFO  server.RaftServerConfigKeys (ConfUtils.java:logGet(43)) - raft.server.log.segment.cache.num.max = 2 (custom)
2019-09-12 10:35:45,559 [pool-71-thread-1] INFO  segmented.SegmentedRaftLogWorker (SegmentedRaftLogWorker.java:<init>(172)) - new f3c2c8b9-2caa-489c-a85d-e6cb055caf9c-SegmentedRaftLogWorker:Storage Directory /workdir/hadoop-ozone/integration-test/target/test-dir/MiniOzoneClusterImpl-37d049c1-8781-4836-8b63-386207273279/datanode-4/data/ratis/82455524-6daf-49d2-8fa6-307900363d4b for RaftStorage:Storage Directory /workdir/hadoop-ozone/integration-test/target/test-dir/MiniOzoneClusterImpl-37d049c1-8781-4836-8b63-386207273279/datanode-4/data/ratis/82455524-6daf-49d2-8fa6-307900363d4b
2019-09-12 10:35:45,559 [pool-71-thread-1] INFO  server.RaftServerConfigKeys (ConfUtils.java:logGet(43)) - raft.server.log.queue.byte-limit = 2147483647 (custom)
2019-09-12 10:35:45,559 [pool-71-thread-1] INFO  server.RaftServerConfigKeys (ConfUtils.java:logGet(43)) - raft.server.log.queue.element-limit = 1024 (custom)
2019-09-12 10:35:45,559 [pool-71-thread-1] INFO  server.RaftServerConfigKeys (ConfUtils.java:logGet(43)) - raft.server.log.segment.size.max = 1048576 (custom)
2019-09-12 10:35:45,559 [pool-71-thread-1] INFO  server.RaftServerConfigKeys (ConfUtils.java:logGet(43)) - raft.server.log.preallocated.size = 16384 (custom)
2019-09-12 10:35:45,559 [pool-71-thread-1] INFO  server.RaftServerConfigKeys (ConfUtils.java:logGet(43)) - raft.server.log.write.buffer.size = 33554432 (custom)
2019-09-12 10:35:45,560 [pool-71-thread-1] INFO  server.RaftServerConfigKeys (ConfUtils.java:logGet(43)) - raft.server.log.force.sync.num = 128 (default)
2019-09-12 10:35:45,560 [pool-71-thread-1] INFO  server.RaftServerConfigKeys (ConfUtils.java:logGet(43)) - raft.server.log.statemachine.data.sync = true (default)
2019-09-12 10:35:45,560 [pool-71-thread-1] INFO  server.RaftServerConfigKeys (ConfUtils.java:logGet(43)) - raft.server.log.statemachine.data.sync.timeout = 10s (default)
2019-09-12 10:35:45,560 [pool-71-thread-1] INFO  server.RaftServerConfigKeys (ConfUtils.java:logGet(43)) - raft.server.log.statemachine.data.sync.timeout.retry = -1 (default)
2019-09-12 10:35:45,560 [pool-71-thread-1] INFO  server.RaftServerConfigKeys (ConfUtils.java:logGet(43)) - raft.server.log.statemachine.data.caching.enabled = true (custom)
2019-09-12 10:35:45,561 [pool-71-thread-1] INFO  segmented.SegmentedRaftLogWorker (SegmentedRaftLogWorker.java:lambda$new$0(132)) - f3c2c8b9-2caa-489c-a85d-e6cb055caf9c-SegmentedRaftLogWorker:Storage Directory /workdir/hadoop-ozone/integration-test/target/test-dir/MiniOzoneClusterImpl-37d049c1-8781-4836-8b63-386207273279/datanode-4/data/ratis/82455524-6daf-49d2-8fa6-307900363d4b: flushIndex: setUnconditionally 0 -> -1
2019-09-12 10:35:45,561 [pool-71-thread-1] INFO  server.RaftServerConfigKeys (ConfUtils.java:logGet(43)) - raft.server.snapshot.auto.trigger.enabled = true (custom)
2019-09-12 10:35:45,561 [pool-71-thread-1] INFO  server.RaftServerConfigKeys (ConfUtils.java:logGet(43)) - raft.server.snapshot.auto.trigger.threshold = 10000 (custom)
2019-09-12 10:35:45,562 [pool-71-thread-1] INFO  server.RaftServerConfigKeys (ConfUtils.java:logGet(43)) - raft.server.retrycache.expirytime = 600000ms (custom)
2019-09-12 10:35:45,562 [pool-71-thread-1] INFO  impl.RaftServerImpl (RaftServerImpl.java:start(180)) - f3c2c8b9-2caa-489c-a85d-e6cb055caf9c: start group-307900363D4B
2019-09-12 10:35:45,562 [pool-71-thread-1] INFO  impl.RaftServerImpl (RaftServerImpl.java:setRole(171)) - f3c2c8b9-2caa-489c-a85d-e6cb055caf9c:group-307900363D4B changes role from null to FOLLOWER at term 0 for startAsFollower
2019-09-12 10:35:45,562 [pool-71-thread-1] INFO  impl.RoleInfo (RoleInfo.java:updateAndGet(143)) - f3c2c8b9-2caa-489c-a85d-e6cb055caf9c: start FollowerState
2019-09-12 10:35:45,563 [pool-71-thread-1] INFO  util.JmxRegister (JmxRegister.java:tryRegister(44)) - Successfully registered JMX Bean with object name Ratis:service=RaftServer,group=group-307900363D4B,id=f3c2c8b9-2caa-489c-a85d-e6cb055caf9c
2019-09-12 10:35:45,566 [RatisPipelineUtilsThread] INFO  pipeline.PipelineStateManager (PipelineStateManager.java:addPipeline(56)) - Created pipeline Pipeline[ Id: 82455524-6daf-49d2-8fa6-307900363d4b, Nodes: f3c2c8b9-2caa-489c-a85d-e6cb055caf9c{ip: 192.168.36.114, host: pr-hdds-1569-58hkm-1881083799, networkLocation: /default-rack, certSerialId: null}, Type:RATIS, Factor:ONE, State:OPEN]
2019-09-12 10:35:45,566 [RatisPipelineUtilsThread] ERROR pipeline.PipelinePlacementPolicy (PipelinePlacementPolicy.java:meetCriteria(92)) - Pipeline Placement: Doesn't meet the criteria to be viable node. Heaviness: 6
2019-09-12 10:35:45,566 [RatisPipelineUtilsThread] ERROR pipeline.PipelinePlacementPolicy (PipelinePlacementPolicy.java:meetCriteria(92)) - Pipeline Placement: Doesn't meet the criteria to be viable node. Heaviness: 6
2019-09-12 10:35:45,566 [RatisPipelineUtilsThread] ERROR pipeline.PipelinePlacementPolicy (PipelinePlacementPolicy.java:meetCriteria(92)) - Pipeline Placement: Doesn't meet the criteria to be viable node. Heaviness: 6
2019-09-12 10:35:45,567 [RatisPipelineUtilsThread] ERROR pipeline.PipelinePlacementPolicy (PipelinePlacementPolicy.java:meetCriteria(92)) - Pipeline Placement: Doesn't meet the criteria to be viable node. Heaviness: 6
2019-09-12 10:35:45,573 [grpc-default-executor-0] INFO  impl.RaftServerProxy (RaftServerProxy.java:addNew(89)) - b4faf84d-881e-452e-9abc-9848f28c1b42: addNew group-2328E4A9EF1C:[b4faf84d-881e-452e-9abc-9848f28c1b42:192.168.36.114:44842] returns group-2328E4A9EF1C:java.util.concurrent.CompletableFuture@36ccd835[Not completed]
2019-09-12 10:35:45,574 [pool-93-thread-1] INFO  impl.RaftServerImpl (RaftServerImpl.java:<init>(93)) - b4faf84d-881e-452e-9abc-9848f28c1b42: new RaftServerImpl for group-2328E4A9EF1C:[b4faf84d-881e-452e-9abc-9848f28c1b42:192.168.36.114:44842] with ContainerStateMachine:uninitialized
2019-09-12 10:35:45,574 [pool-93-thread-1] INFO  server.RaftServerConfigKeys (ConfUtils.java:logGet(43)) - raft.server.rpc.timeout.min = 5s (custom)
2019-09-12 10:35:45,575 [pool-93-thread-1] INFO  server.RaftServerConfigKeys (ConfUtils.java:logGet(43)) - raft.server.rpc.timeout.max = 5200ms (custom)
2019-09-12 10:35:45,575 [pool-93-thread-1] INFO  server.RaftServerConfigKeys (ConfUtils.java:logGet(43)) - raft.server.rpcslowness.timeout = 120s (custom)
2019-09-12 10:35:45,575 [pool-93-thread-1] INFO  server.RaftServerConfigKeys (ConfUtils.java:logGet(43)) - raft.server.sleep.deviation.threshold = 300 (default)
2019-09-12 10:35:45,575 [pool-93-thread-1] INFO  server.RaftServerConfigKeys (ConfUtils.java:logGet(43)) - raft.server.log.appender.install.snapshot.enabled = false (custom)
2019-09-12 10:35:45,575 [pool-93-thread-1] INFO  impl.RaftServerImpl (ServerState.java:<init>(105)) - b4faf84d-881e-452e-9abc-9848f28c1b42:group-2328E4A9EF1C ConfigurationManager, init=-1: [b4faf84d-881e-452e-9abc-9848f28c1b42:192.168.36.114:44842], old=null, confs=<EMPTY_MAP>
2019-09-12 10:35:45,575 [pool-93-thread-1] INFO  server.RaftServerConfigKeys (ConfUtils.java:logGet(43)) - raft.server.storage.dir = [/workdir/hadoop-ozone/integration-test/target/test-dir/MiniOzoneClusterImpl-37d049c1-8781-4836-8b63-386207273279/datanode-6/data/ratis] (custom)
2019-09-12 10:35:45,576 [pool-93-thread-1] INFO  storage.RaftStorageDirectory (RaftStorageDirectory.java:analyzeStorage(246)) - The storage directory /workdir/hadoop-ozone/integration-test/target/test-dir/MiniOzoneClusterImpl-37d049c1-8781-4836-8b63-386207273279/datanode-6/data/ratis/34f4c6f7-2461-475d-98ed-2328e4a9ef1c does not exist. Creating ...
2019-09-12 10:35:45,600 [pool-93-thread-1] INFO  storage.RaftStorageDirectory (RaftStorageDirectory.java:tryLock(328)) - Lock on /workdir/hadoop-ozone/integration-test/target/test-dir/MiniOzoneClusterImpl-37d049c1-8781-4836-8b63-386207273279/datanode-6/data/ratis/34f4c6f7-2461-475d-98ed-2328e4a9ef1c/in_use.lock acquired by nodename 9512@pr-hdds-1569-58hkm-1881083799
2019-09-12 10:35:45,613 [pool-93-thread-1] INFO  storage.RaftStorage (RaftStorage.java:format(72)) - Storage directory /workdir/hadoop-ozone/integration-test/target/test-dir/MiniOzoneClusterImpl-37d049c1-8781-4836-8b63-386207273279/datanode-6/data/ratis/34f4c6f7-2461-475d-98ed-2328e4a9ef1c has been successfully formatted.
2019-09-12 10:35:45,614 [pool-93-thread-1] INFO  ratis.ContainerStateMachine (ContainerStateMachine.java:loadSnapshot(226)) - group-2328E4A9EF1C: The snapshot info is null. Setting the last applied indexto:(t:0, i:~)
2019-09-12 10:35:45,614 [pool-93-thread-1] INFO  server.RaftServerConfigKeys (ConfUtils.java:logGet(43)) - raft.server.leader.election.timeout = 120s (custom)
2019-09-12 10:35:45,614 [pool-93-thread-1] INFO  server.RaftServerConfigKeys (ConfUtils.java:logGet(43)) - raft.server.log.use.memory = false (default)
2019-09-12 10:35:45,614 [pool-93-thread-1] INFO  server.RaftServerConfigKeys (ConfUtils.java:logGet(43)) - raft.server.log.purge.gap = 1000000 (custom)
2019-09-12 10:35:45,614 [pool-93-thread-1] INFO  server.RaftServerConfigKeys (ConfUtils.java:logGet(43)) - raft.server.log.appender.buffer.byte-limit = 33554432 (custom)
2019-09-12 10:35:45,615 [pool-93-thread-1] INFO  server.RaftServerConfigKeys (ConfUtils.java:logGet(43)) - raft.server.log.segment.size.max = 1048576 (custom)
2019-09-12 10:35:45,615 [pool-93-thread-1] INFO  server.RaftServerConfigKeys (ConfUtils.java:logGet(43)) - raft.server.log.segment.cache.num.max = 2 (custom)
2019-09-12 10:35:45,615 [pool-93-thread-1] INFO  segmented.SegmentedRaftLogWorker (SegmentedRaftLogWorker.java:<init>(172)) - new b4faf84d-881e-452e-9abc-9848f28c1b42-SegmentedRaftLogWorker:Storage Directory /workdir/hadoop-ozone/integration-test/target/test-dir/MiniOzoneClusterImpl-37d049c1-8781-4836-8b63-386207273279/datanode-6/data/ratis/34f4c6f7-2461-475d-98ed-2328e4a9ef1c for RaftStorage:Storage Directory /workdir/hadoop-ozone/integration-test/target/test-dir/MiniOzoneClusterImpl-37d049c1-8781-4836-8b63-386207273279/datanode-6/data/ratis/34f4c6f7-2461-475d-98ed-2328e4a9ef1c
2019-09-12 10:35:45,615 [pool-93-thread-1] INFO  server.RaftServerConfigKeys (ConfUtils.java:logGet(43)) - raft.server.log.queue.byte-limit = 2147483647 (custom)
2019-09-12 10:35:45,615 [pool-93-thread-1] INFO  server.RaftServerConfigKeys (ConfUtils.java:logGet(43)) - raft.server.log.queue.element-limit = 1024 (custom)
2019-09-12 10:35:45,615 [pool-93-thread-1] INFO  server.RaftServerConfigKeys (ConfUtils.java:logGet(43)) - raft.server.log.segment.size.max = 1048576 (custom)
2019-09-12 10:35:45,616 [pool-93-thread-1] INFO  server.RaftServerConfigKeys (ConfUtils.java:logGet(43)) - raft.server.log.preallocated.size = 16384 (custom)
2019-09-12 10:35:45,616 [pool-93-thread-1] INFO  server.RaftServerConfigKeys (ConfUtils.java:logGet(43)) - raft.server.log.write.buffer.size = 33554432 (custom)
2019-09-12 10:35:45,616 [pool-93-thread-1] INFO  server.RaftServerConfigKeys (ConfUtils.java:logGet(43)) - raft.server.log.force.sync.num = 128 (default)
2019-09-12 10:35:45,616 [pool-93-thread-1] INFO  server.RaftServerConfigKeys (ConfUtils.java:logGet(43)) - raft.server.log.statemachine.data.sync = true (default)
2019-09-12 10:35:45,616 [pool-93-thread-1] INFO  server.RaftServerConfigKeys (ConfUtils.java:logGet(43)) - raft.server.log.statemachine.data.sync.timeout = 10s (default)
2019-09-12 10:35:45,616 [pool-93-thread-1] INFO  server.RaftServerConfigKeys (ConfUtils.java:logGet(43)) - raft.server.log.statemachine.data.sync.timeout.retry = -1 (default)
2019-09-12 10:35:45,617 [pool-93-thread-1] INFO  server.RaftServerConfigKeys (ConfUtils.java:logGet(43)) - raft.server.log.statemachine.data.caching.enabled = true (custom)
2019-09-12 10:35:45,617 [pool-93-thread-1] INFO  segmented.SegmentedRaftLogWorker (SegmentedRaftLogWorker.java:lambda$new$0(132)) - b4faf84d-881e-452e-9abc-9848f28c1b42-SegmentedRaftLogWorker:Storage Directory /workdir/hadoop-ozone/integration-test/target/test-dir/MiniOzoneClusterImpl-37d049c1-8781-4836-8b63-386207273279/datanode-6/data/ratis/34f4c6f7-2461-475d-98ed-2328e4a9ef1c: flushIndex: setUnconditionally 0 -> -1
2019-09-12 10:35:45,617 [pool-93-thread-1] INFO  server.RaftServerConfigKeys (ConfUtils.java:logGet(43)) - raft.server.snapshot.auto.trigger.enabled = true (custom)
2019-09-12 10:35:45,618 [pool-93-thread-1] INFO  server.RaftServerConfigKeys (ConfUtils.java:logGet(43)) - raft.server.snapshot.auto.trigger.threshold = 10000 (custom)
2019-09-12 10:35:45,618 [pool-93-thread-1] INFO  server.RaftServerConfigKeys (ConfUtils.java:logGet(43)) - raft.server.retrycache.expirytime = 600000ms (custom)
2019-09-12 10:35:45,618 [pool-93-thread-1] INFO  impl.RaftServerImpl (RaftServerImpl.java:start(180)) - b4faf84d-881e-452e-9abc-9848f28c1b42: start group-2328E4A9EF1C
2019-09-12 10:35:45,618 [pool-93-thread-1] INFO  impl.RaftServerImpl (RaftServerImpl.java:setRole(171)) - b4faf84d-881e-452e-9abc-9848f28c1b42:group-2328E4A9EF1C changes role from null to FOLLOWER at term 0 for startAsFollower
2019-09-12 10:35:45,618 [pool-93-thread-1] INFO  impl.RoleInfo (RoleInfo.java:updateAndGet(143)) - b4faf84d-881e-452e-9abc-9848f28c1b42: start FollowerState
2019-09-12 10:35:45,619 [pool-93-thread-1] INFO  util.JmxRegister (JmxRegister.java:tryRegister(44)) - Successfully registered JMX Bean with object name Ratis:service=RaftServer,group=group-2328E4A9EF1C,id=b4faf84d-881e-452e-9abc-9848f28c1b42
2019-09-12 10:35:45,622 [RatisPipelineUtilsThread] INFO  pipeline.PipelineStateManager (PipelineStateManager.java:addPipeline(56)) - Created pipeline Pipeline[ Id: 34f4c6f7-2461-475d-98ed-2328e4a9ef1c, Nodes: b4faf84d-881e-452e-9abc-9848f28c1b42{ip: 192.168.36.114, host: pr-hdds-1569-58hkm-1881083799, networkLocation: /default-rack, certSerialId: null}, Type:RATIS, Factor:ONE, State:OPEN]
2019-09-12 10:35:45,622 [RatisPipelineUtilsThread] ERROR pipeline.PipelinePlacementPolicy (PipelinePlacementPolicy.java:meetCriteria(92)) - Pipeline Placement: Doesn't meet the criteria to be viable node. Heaviness: 6
2019-09-12 10:35:45,622 [RatisPipelineUtilsThread] ERROR pipeline.PipelinePlacementPolicy (PipelinePlacementPolicy.java:meetCriteria(92)) - Pipeline Placement: Doesn't meet the criteria to be viable node. Heaviness: 6
2019-09-12 10:35:45,623 [RatisPipelineUtilsThread] ERROR pipeline.PipelinePlacementPolicy (PipelinePlacementPolicy.java:meetCriteria(92)) - Pipeline Placement: Doesn't meet the criteria to be viable node. Heaviness: 6
2019-09-12 10:35:45,623 [RatisPipelineUtilsThread] ERROR pipeline.PipelinePlacementPolicy (PipelinePlacementPolicy.java:meetCriteria(92)) - Pipeline Placement: Doesn't meet the criteria to be viable node. Heaviness: 6
2019-09-12 10:35:45,629 [grpc-default-executor-0] INFO  impl.RaftServerProxy (RaftServerProxy.java:addNew(89)) - 8ecfe8bb-6ab2-4306-955c-1af4e2a21ecc: addNew group-5F62064B95B4:[8ecfe8bb-6ab2-4306-955c-1af4e2a21ecc:192.168.36.114:46828] returns group-5F62064B95B4:java.util.concurrent.CompletableFuture@70362019[Not completed]
2019-09-12 10:35:45,630 [pool-82-thread-1] INFO  impl.RaftServerImpl (RaftServerImpl.java:<init>(93)) - 8ecfe8bb-6ab2-4306-955c-1af4e2a21ecc: new RaftServerImpl for group-5F62064B95B4:[8ecfe8bb-6ab2-4306-955c-1af4e2a21ecc:192.168.36.114:46828] with ContainerStateMachine:uninitialized
2019-09-12 10:35:45,630 [pool-82-thread-1] INFO  server.RaftServerConfigKeys (ConfUtils.java:logGet(43)) - raft.server.rpc.timeout.min = 5s (custom)
2019-09-12 10:35:45,630 [pool-82-thread-1] INFO  server.RaftServerConfigKeys (ConfUtils.java:logGet(43)) - raft.server.rpc.timeout.max = 5200ms (custom)
2019-09-12 10:35:45,630 [pool-82-thread-1] INFO  server.RaftServerConfigKeys (ConfUtils.java:logGet(43)) - raft.server.rpcslowness.timeout = 120s (custom)
2019-09-12 10:35:45,631 [pool-82-thread-1] INFO  server.RaftServerConfigKeys (ConfUtils.java:logGet(43)) - raft.server.sleep.deviation.threshold = 300 (default)
2019-09-12 10:35:45,631 [pool-82-thread-1] INFO  server.RaftServerConfigKeys (ConfUtils.java:logGet(43)) - raft.server.log.appender.install.snapshot.enabled = false (custom)
2019-09-12 10:35:45,631 [pool-82-thread-1] INFO  impl.RaftServerImpl (ServerState.java:<init>(105)) - 8ecfe8bb-6ab2-4306-955c-1af4e2a21ecc:group-5F62064B95B4 ConfigurationManager, init=-1: [8ecfe8bb-6ab2-4306-955c-1af4e2a21ecc:192.168.36.114:46828], old=null, confs=<EMPTY_MAP>
2019-09-12 10:35:45,631 [pool-82-thread-1] INFO  server.RaftServerConfigKeys (ConfUtils.java:logGet(43)) - raft.server.storage.dir = [/workdir/hadoop-ozone/integration-test/target/test-dir/MiniOzoneClusterImpl-37d049c1-8781-4836-8b63-386207273279/datanode-5/data/ratis] (custom)
2019-09-12 10:35:45,631 [pool-82-thread-1] INFO  storage.RaftStorageDirectory (RaftStorageDirectory.java:analyzeStorage(246)) - The storage directory /workdir/hadoop-ozone/integration-test/target/test-dir/MiniOzoneClusterImpl-37d049c1-8781-4836-8b63-386207273279/datanode-5/data/ratis/243fd9a5-98df-47ec-b264-5f62064b95b4 does not exist. Creating ...
2019-09-12 10:35:45,646 [pool-82-thread-1] INFO  storage.RaftStorageDirectory (RaftStorageDirectory.java:tryLock(328)) - Lock on /workdir/hadoop-ozone/integration-test/target/test-dir/MiniOzoneClusterImpl-37d049c1-8781-4836-8b63-386207273279/datanode-5/data/ratis/243fd9a5-98df-47ec-b264-5f62064b95b4/in_use.lock acquired by nodename 9512@pr-hdds-1569-58hkm-1881083799
2019-09-12 10:35:45,659 [pool-82-thread-1] INFO  storage.RaftStorage (RaftStorage.java:format(72)) - Storage directory /workdir/hadoop-ozone/integration-test/target/test-dir/MiniOzoneClusterImpl-37d049c1-8781-4836-8b63-386207273279/datanode-5/data/ratis/243fd9a5-98df-47ec-b264-5f62064b95b4 has been successfully formatted.
2019-09-12 10:35:45,659 [pool-82-thread-1] INFO  ratis.ContainerStateMachine (ContainerStateMachine.java:loadSnapshot(226)) - group-5F62064B95B4: The snapshot info is null. Setting the last applied indexto:(t:0, i:~)
2019-09-12 10:35:45,659 [pool-82-thread-1] INFO  server.RaftServerConfigKeys (ConfUtils.java:logGet(43)) - raft.server.leader.election.timeout = 120s (custom)
2019-09-12 10:35:45,660 [pool-82-thread-1] INFO  server.RaftServerConfigKeys (ConfUtils.java:logGet(43)) - raft.server.log.use.memory = false (default)
2019-09-12 10:35:45,660 [pool-82-thread-1] INFO  server.RaftServerConfigKeys (ConfUtils.java:logGet(43)) - raft.server.log.purge.gap = 1000000 (custom)
2019-09-12 10:35:45,660 [pool-82-thread-1] INFO  server.RaftServerConfigKeys (ConfUtils.java:logGet(43)) - raft.server.log.appender.buffer.byte-limit = 33554432 (custom)
2019-09-12 10:35:45,660 [pool-82-thread-1] INFO  server.RaftServerConfigKeys (ConfUtils.java:logGet(43)) - raft.server.log.segment.size.max = 1048576 (custom)
2019-09-12 10:35:45,660 [pool-82-thread-1] INFO  server.RaftServerConfigKeys (ConfUtils.java:logGet(43)) - raft.server.log.segment.cache.num.max = 2 (custom)
2019-09-12 10:35:45,660 [pool-82-thread-1] INFO  segmented.SegmentedRaftLogWorker (SegmentedRaftLogWorker.java:<init>(172)) - new 8ecfe8bb-6ab2-4306-955c-1af4e2a21ecc-SegmentedRaftLogWorker:Storage Directory /workdir/hadoop-ozone/integration-test/target/test-dir/MiniOzoneClusterImpl-37d049c1-8781-4836-8b63-386207273279/datanode-5/data/ratis/243fd9a5-98df-47ec-b264-5f62064b95b4 for RaftStorage:Storage Directory /workdir/hadoop-ozone/integration-test/target/test-dir/MiniOzoneClusterImpl-37d049c1-8781-4836-8b63-386207273279/datanode-5/data/ratis/243fd9a5-98df-47ec-b264-5f62064b95b4
2019-09-12 10:35:45,660 [pool-82-thread-1] INFO  server.RaftServerConfigKeys (ConfUtils.java:logGet(43)) - raft.server.log.queue.byte-limit = 2147483647 (custom)
2019-09-12 10:35:45,661 [pool-82-thread-1] INFO  server.RaftServerConfigKeys (ConfUtils.java:logGet(43)) - raft.server.log.queue.element-limit = 1024 (custom)
2019-09-12 10:35:45,661 [pool-82-thread-1] INFO  server.RaftServerConfigKeys (ConfUtils.java:logGet(43)) - raft.server.log.segment.size.max = 1048576 (custom)
2019-09-12 10:35:45,661 [pool-82-thread-1] INFO  server.RaftServerConfigKeys (ConfUtils.java:logGet(43)) - raft.server.log.preallocated.size = 16384 (custom)
2019-09-12 10:35:45,661 [pool-82-thread-1] INFO  server.RaftServerConfigKeys (ConfUtils.java:logGet(43)) - raft.server.log.write.buffer.size = 33554432 (custom)
2019-09-12 10:35:45,661 [pool-82-thread-1] INFO  server.RaftServerConfigKeys (ConfUtils.java:logGet(43)) - raft.server.log.force.sync.num = 128 (default)
2019-09-12 10:35:45,661 [pool-82-thread-1] INFO  server.RaftServerConfigKeys (ConfUtils.java:logGet(43)) - raft.server.log.statemachine.data.sync = true (default)
2019-09-12 10:35:45,662 [pool-82-thread-1] INFO  server.RaftServerConfigKeys (ConfUtils.java:logGet(43)) - raft.server.log.statemachine.data.sync.timeout = 10s (default)
2019-09-12 10:35:45,662 [pool-82-thread-1] INFO  server.RaftServerConfigKeys (ConfUtils.java:logGet(43)) - raft.server.log.statemachine.data.sync.timeout.retry = -1 (default)
2019-09-12 10:35:45,662 [pool-82-thread-1] INFO  server.RaftServerConfigKeys (ConfUtils.java:logGet(43)) - raft.server.log.statemachine.data.caching.enabled = true (custom)
2019-09-12 10:35:45,662 [pool-82-thread-1] INFO  segmented.SegmentedRaftLogWorker (SegmentedRaftLogWorker.java:lambda$new$0(132)) - 8ecfe8bb-6ab2-4306-955c-1af4e2a21ecc-SegmentedRaftLogWorker:Storage Directory /workdir/hadoop-ozone/integration-test/target/test-dir/MiniOzoneClusterImpl-37d049c1-8781-4836-8b63-386207273279/datanode-5/data/ratis/243fd9a5-98df-47ec-b264-5f62064b95b4: flushIndex: setUnconditionally 0 -> -1
2019-09-12 10:35:45,663 [pool-82-thread-1] INFO  server.RaftServerConfigKeys (ConfUtils.java:logGet(43)) - raft.server.snapshot.auto.trigger.enabled = true (custom)
2019-09-12 10:35:45,663 [pool-82-thread-1] INFO  server.RaftServerConfigKeys (ConfUtils.java:logGet(43)) - raft.server.snapshot.auto.trigger.threshold = 10000 (custom)
2019-09-12 10:35:45,664 [pool-82-thread-1] INFO  server.RaftServerConfigKeys (ConfUtils.java:logGet(43)) - raft.server.retrycache.expirytime = 600000ms (custom)
2019-09-12 10:35:45,664 [pool-82-thread-1] INFO  impl.RaftServerImpl (RaftServerImpl.java:start(180)) - 8ecfe8bb-6ab2-4306-955c-1af4e2a21ecc: start group-5F62064B95B4
2019-09-12 10:35:45,664 [pool-82-thread-1] INFO  impl.RaftServerImpl (RaftServerImpl.java:setRole(171)) - 8ecfe8bb-6ab2-4306-955c-1af4e2a21ecc:group-5F62064B95B4 changes role from null to FOLLOWER at term 0 for startAsFollower
2019-09-12 10:35:45,664 [pool-82-thread-1] INFO  impl.RoleInfo (RoleInfo.java:updateAndGet(143)) - 8ecfe8bb-6ab2-4306-955c-1af4e2a21ecc: start FollowerState
2019-09-12 10:35:45,665 [pool-82-thread-1] INFO  util.JmxRegister (JmxRegister.java:tryRegister(44)) - Successfully registered JMX Bean with object name Ratis:service=RaftServer,group=group-5F62064B95B4,id=8ecfe8bb-6ab2-4306-955c-1af4e2a21ecc
2019-09-12 10:35:45,668 [RatisPipelineUtilsThread] INFO  pipeline.PipelineStateManager (PipelineStateManager.java:addPipeline(56)) - Created pipeline Pipeline[ Id: 243fd9a5-98df-47ec-b264-5f62064b95b4, Nodes: 8ecfe8bb-6ab2-4306-955c-1af4e2a21ecc{ip: 192.168.36.114, host: pr-hdds-1569-58hkm-1881083799, networkLocation: /default-rack, certSerialId: null}, Type:RATIS, Factor:ONE, State:OPEN]
2019-09-12 10:35:45,668 [RatisPipelineUtilsThread] ERROR pipeline.PipelinePlacementPolicy (PipelinePlacementPolicy.java:meetCriteria(92)) - Pipeline Placement: Doesn't meet the criteria to be viable node. Heaviness: 6
2019-09-12 10:35:45,668 [RatisPipelineUtilsThread] ERROR pipeline.PipelinePlacementPolicy (PipelinePlacementPolicy.java:meetCriteria(92)) - Pipeline Placement: Doesn't meet the criteria to be viable node. Heaviness: 6
2019-09-12 10:35:45,669 [RatisPipelineUtilsThread] ERROR pipeline.PipelinePlacementPolicy (PipelinePlacementPolicy.java:meetCriteria(92)) - Pipeline Placement: Doesn't meet the criteria to be viable node. Heaviness: 6
2019-09-12 10:35:45,669 [RatisPipelineUtilsThread] ERROR pipeline.PipelinePlacementPolicy (PipelinePlacementPolicy.java:meetCriteria(92)) - Pipeline Placement: Doesn't meet the criteria to be viable node. Heaviness: 6
2019-09-12 10:35:45,675 [grpc-default-executor-0] INFO  impl.RaftServerProxy (RaftServerProxy.java:addNew(89)) - 8ecfe8bb-6ab2-4306-955c-1af4e2a21ecc: addNew group-A2BB2685FDB4:[8ecfe8bb-6ab2-4306-955c-1af4e2a21ecc:192.168.36.114:46828] returns group-A2BB2685FDB4:java.util.concurrent.CompletableFuture@4e70a119[Not completed]
2019-09-12 10:35:45,677 [pool-82-thread-1] INFO  impl.RaftServerImpl (RaftServerImpl.java:<init>(93)) - 8ecfe8bb-6ab2-4306-955c-1af4e2a21ecc: new RaftServerImpl for group-A2BB2685FDB4:[8ecfe8bb-6ab2-4306-955c-1af4e2a21ecc:192.168.36.114:46828] with ContainerStateMachine:uninitialized
2019-09-12 10:35:45,677 [pool-82-thread-1] INFO  server.RaftServerConfigKeys (ConfUtils.java:logGet(43)) - raft.server.rpc.timeout.min = 5s (custom)
2019-09-12 10:35:45,677 [pool-82-thread-1] INFO  server.RaftServerConfigKeys (ConfUtils.java:logGet(43)) - raft.server.rpc.timeout.max = 5200ms (custom)
2019-09-12 10:35:45,677 [pool-82-thread-1] INFO  server.RaftServerConfigKeys (ConfUtils.java:logGet(43)) - raft.server.rpcslowness.timeout = 120s (custom)
2019-09-12 10:35:45,678 [pool-82-thread-1] INFO  server.RaftServerConfigKeys (ConfUtils.java:logGet(43)) - raft.server.sleep.deviation.threshold = 300 (default)
2019-09-12 10:35:45,678 [pool-82-thread-1] INFO  server.RaftServerConfigKeys (ConfUtils.java:logGet(43)) - raft.server.log.appender.install.snapshot.enabled = false (custom)
2019-09-12 10:35:45,678 [pool-82-thread-1] INFO  impl.RaftServerImpl (ServerState.java:<init>(105)) - 8ecfe8bb-6ab2-4306-955c-1af4e2a21ecc:group-A2BB2685FDB4 ConfigurationManager, init=-1: [8ecfe8bb-6ab2-4306-955c-1af4e2a21ecc:192.168.36.114:46828], old=null, confs=<EMPTY_MAP>
2019-09-12 10:35:45,678 [pool-82-thread-1] INFO  server.RaftServerConfigKeys (ConfUtils.java:logGet(43)) - raft.server.storage.dir = [/workdir/hadoop-ozone/integration-test/target/test-dir/MiniOzoneClusterImpl-37d049c1-8781-4836-8b63-386207273279/datanode-5/data/ratis] (custom)
2019-09-12 10:35:45,679 [pool-82-thread-1] INFO  storage.RaftStorageDirectory (RaftStorageDirectory.java:analyzeStorage(246)) - The storage directory /workdir/hadoop-ozone/integration-test/target/test-dir/MiniOzoneClusterImpl-37d049c1-8781-4836-8b63-386207273279/datanode-5/data/ratis/0ff4ad05-f909-4750-a41c-a2bb2685fdb4 does not exist. Creating ...
2019-09-12 10:35:45,687 | INFO  | SCMAudit | user=jenkins1000 | ip=192.168.36.114 | op=SEND_HEARTBEAT {datanodeUUID=fe225ea7-028a-4076-a3b3-dba0461d638a, command=[]} | ret=SUCCESS |  
2019-09-12 10:35:45,687 | INFO  | SCMAudit | user=jenkins1000 | ip=192.168.36.114 | op=SEND_HEARTBEAT {datanodeUUID=9ada554e-a5cf-4351-8628-0478c6ccb0ec, command=[]} | ret=SUCCESS |  
2019-09-12 10:35:45,691 [pool-82-thread-1] INFO  storage.RaftStorageDirectory (RaftStorageDirectory.java:tryLock(328)) - Lock on /workdir/hadoop-ozone/integration-test/target/test-dir/MiniOzoneClusterImpl-37d049c1-8781-4836-8b63-386207273279/datanode-5/data/ratis/0ff4ad05-f909-4750-a41c-a2bb2685fdb4/in_use.lock acquired by nodename 9512@pr-hdds-1569-58hkm-1881083799
2019-09-12 10:35:45,704 [pool-82-thread-1] INFO  storage.RaftStorage (RaftStorage.java:format(72)) - Storage directory /workdir/hadoop-ozone/integration-test/target/test-dir/MiniOzoneClusterImpl-37d049c1-8781-4836-8b63-386207273279/datanode-5/data/ratis/0ff4ad05-f909-4750-a41c-a2bb2685fdb4 has been successfully formatted.
2019-09-12 10:35:45,704 [pool-82-thread-1] INFO  ratis.ContainerStateMachine (ContainerStateMachine.java:loadSnapshot(226)) - group-A2BB2685FDB4: The snapshot info is null. Setting the last applied indexto:(t:0, i:~)
2019-09-12 10:35:45,704 [pool-82-thread-1] INFO  server.RaftServerConfigKeys (ConfUtils.java:logGet(43)) - raft.server.leader.election.timeout = 120s (custom)
2019-09-12 10:35:45,705 [pool-82-thread-1] INFO  server.RaftServerConfigKeys (ConfUtils.java:logGet(43)) - raft.server.log.use.memory = false (default)
2019-09-12 10:35:45,705 [pool-82-thread-1] INFO  server.RaftServerConfigKeys (ConfUtils.java:logGet(43)) - raft.server.log.purge.gap = 1000000 (custom)
2019-09-12 10:35:45,705 [pool-82-thread-1] INFO  server.RaftServerConfigKeys (ConfUtils.java:logGet(43)) - raft.server.log.appender.buffer.byte-limit = 33554432 (custom)
2019-09-12 10:35:45,705 [pool-82-thread-1] INFO  server.RaftServerConfigKeys (ConfUtils.java:logGet(43)) - raft.server.log.segment.size.max = 1048576 (custom)
2019-09-12 10:35:45,705 [pool-82-thread-1] INFO  server.RaftServerConfigKeys (ConfUtils.java:logGet(43)) - raft.server.log.segment.cache.num.max = 2 (custom)
2019-09-12 10:35:45,706 [pool-82-thread-1] INFO  segmented.SegmentedRaftLogWorker (SegmentedRaftLogWorker.java:<init>(172)) - new 8ecfe8bb-6ab2-4306-955c-1af4e2a21ecc-SegmentedRaftLogWorker:Storage Directory /workdir/hadoop-ozone/integration-test/target/test-dir/MiniOzoneClusterImpl-37d049c1-8781-4836-8b63-386207273279/datanode-5/data/ratis/0ff4ad05-f909-4750-a41c-a2bb2685fdb4 for RaftStorage:Storage Directory /workdir/hadoop-ozone/integration-test/target/test-dir/MiniOzoneClusterImpl-37d049c1-8781-4836-8b63-386207273279/datanode-5/data/ratis/0ff4ad05-f909-4750-a41c-a2bb2685fdb4
2019-09-12 10:35:45,706 [pool-82-thread-1] INFO  server.RaftServerConfigKeys (ConfUtils.java:logGet(43)) - raft.server.log.queue.byte-limit = 2147483647 (custom)
2019-09-12 10:35:45,706 [pool-82-thread-1] INFO  server.RaftServerConfigKeys (ConfUtils.java:logGet(43)) - raft.server.log.queue.element-limit = 1024 (custom)
2019-09-12 10:35:45,706 [pool-82-thread-1] INFO  server.RaftServerConfigKeys (ConfUtils.java:logGet(43)) - raft.server.log.segment.size.max = 1048576 (custom)
2019-09-12 10:35:45,706 [pool-82-thread-1] INFO  server.RaftServerConfigKeys (ConfUtils.java:logGet(43)) - raft.server.log.preallocated.size = 16384 (custom)
2019-09-12 10:35:45,706 [pool-82-thread-1] INFO  server.RaftServerConfigKeys (ConfUtils.java:logGet(43)) - raft.server.log.write.buffer.size = 33554432 (custom)
2019-09-12 10:35:45,706 [pool-82-thread-1] INFO  server.RaftServerConfigKeys (ConfUtils.java:logGet(43)) - raft.server.log.force.sync.num = 128 (default)
2019-09-12 10:35:45,707 [pool-82-thread-1] INFO  server.RaftServerConfigKeys (ConfUtils.java:logGet(43)) - raft.server.log.statemachine.data.sync = true (default)
2019-09-12 10:35:45,707 [pool-82-thread-1] INFO  server.RaftServerConfigKeys (ConfUtils.java:logGet(43)) - raft.server.log.statemachine.data.sync.timeout = 10s (default)
2019-09-12 10:35:45,707 [pool-82-thread-1] INFO  server.RaftServerConfigKeys (ConfUtils.java:logGet(43)) - raft.server.log.statemachine.data.sync.timeout.retry = -1 (default)
2019-09-12 10:35:45,707 [pool-82-thread-1] INFO  server.RaftServerConfigKeys (ConfUtils.java:logGet(43)) - raft.server.log.statemachine.data.caching.enabled = true (custom)
2019-09-12 10:35:45,708 [pool-82-thread-1] INFO  segmented.SegmentedRaftLogWorker (SegmentedRaftLogWorker.java:lambda$new$0(132)) - 8ecfe8bb-6ab2-4306-955c-1af4e2a21ecc-SegmentedRaftLogWorker:Storage Directory /workdir/hadoop-ozone/integration-test/target/test-dir/MiniOzoneClusterImpl-37d049c1-8781-4836-8b63-386207273279/datanode-5/data/ratis/0ff4ad05-f909-4750-a41c-a2bb2685fdb4: flushIndex: setUnconditionally 0 -> -1
2019-09-12 10:35:45,708 [pool-82-thread-1] INFO  server.RaftServerConfigKeys (ConfUtils.java:logGet(43)) - raft.server.snapshot.auto.trigger.enabled = true (custom)
2019-09-12 10:35:45,708 [pool-82-thread-1] INFO  server.RaftServerConfigKeys (ConfUtils.java:logGet(43)) - raft.server.snapshot.auto.trigger.threshold = 10000 (custom)
2019-09-12 10:35:45,709 [pool-82-thread-1] INFO  server.RaftServerConfigKeys (ConfUtils.java:logGet(43)) - raft.server.retrycache.expirytime = 600000ms (custom)
2019-09-12 10:35:45,709 [pool-82-thread-1] INFO  impl.RaftServerImpl (RaftServerImpl.java:start(180)) - 8ecfe8bb-6ab2-4306-955c-1af4e2a21ecc: start group-A2BB2685FDB4
2019-09-12 10:35:45,709 [pool-82-thread-1] INFO  impl.RaftServerImpl (RaftServerImpl.java:setRole(171)) - 8ecfe8bb-6ab2-4306-955c-1af4e2a21ecc:group-A2BB2685FDB4 changes role from null to FOLLOWER at term 0 for startAsFollower
2019-09-12 10:35:45,709 [pool-82-thread-1] INFO  impl.RoleInfo (RoleInfo.java:updateAndGet(143)) - 8ecfe8bb-6ab2-4306-955c-1af4e2a21ecc: start FollowerState
2019-09-12 10:35:45,710 [pool-82-thread-1] INFO  util.JmxRegister (JmxRegister.java:tryRegister(44)) - Successfully registered JMX Bean with object name Ratis:service=RaftServer,group=group-A2BB2685FDB4,id=8ecfe8bb-6ab2-4306-955c-1af4e2a21ecc
2019-09-12 10:35:45,711 | INFO  | SCMAudit | user=jenkins1000 | ip=192.168.36.114 | op=SEND_HEARTBEAT {datanodeUUID=f3c2c8b9-2caa-489c-a85d-e6cb055caf9c, command=[]} | ret=SUCCESS |  
2019-09-12 10:35:45,713 [RatisPipelineUtilsThread] INFO  pipeline.PipelineStateManager (PipelineStateManager.java:addPipeline(56)) - Created pipeline Pipeline[ Id: 0ff4ad05-f909-4750-a41c-a2bb2685fdb4, Nodes: 8ecfe8bb-6ab2-4306-955c-1af4e2a21ecc{ip: 192.168.36.114, host: pr-hdds-1569-58hkm-1881083799, networkLocation: /default-rack, certSerialId: null}, Type:RATIS, Factor:ONE, State:OPEN]
2019-09-12 10:35:45,714 [RatisPipelineUtilsThread] ERROR pipeline.PipelinePlacementPolicy (PipelinePlacementPolicy.java:meetCriteria(92)) - Pipeline Placement: Doesn't meet the criteria to be viable node. Heaviness: 6
2019-09-12 10:35:45,714 [RatisPipelineUtilsThread] ERROR pipeline.PipelinePlacementPolicy (PipelinePlacementPolicy.java:meetCriteria(92)) - Pipeline Placement: Doesn't meet the criteria to be viable node. Heaviness: 6
2019-09-12 10:35:45,714 [RatisPipelineUtilsThread] ERROR pipeline.PipelinePlacementPolicy (PipelinePlacementPolicy.java:meetCriteria(92)) - Pipeline Placement: Doesn't meet the criteria to be viable node. Heaviness: 6
2019-09-12 10:35:45,714 [RatisPipelineUtilsThread] ERROR pipeline.PipelinePlacementPolicy (PipelinePlacementPolicy.java:meetCriteria(92)) - Pipeline Placement: Doesn't meet the criteria to be viable node. Heaviness: 6
2019-09-12 10:35:45,715 [RatisPipelineUtilsThread] ERROR pipeline.PipelinePlacementPolicy (PipelinePlacementPolicy.java:meetCriteria(92)) - Pipeline Placement: Doesn't meet the criteria to be viable node. Heaviness: 6
2019-09-12 10:35:45,721 [grpc-default-executor-0] INFO  impl.RaftServerProxy (RaftServerProxy.java:addNew(89)) - 95bd455b-14e9-4919-baf6-c10c70e925fc: addNew group-3EBE6483DE5A:[95bd455b-14e9-4919-baf6-c10c70e925fc:192.168.36.114:42736] returns group-3EBE6483DE5A:java.util.concurrent.CompletableFuture@41c7bab5[Not completed]
2019-09-12 10:35:45,723 [pool-104-thread-1] INFO  impl.RaftServerImpl (RaftServerImpl.java:<init>(93)) - 95bd455b-14e9-4919-baf6-c10c70e925fc: new RaftServerImpl for group-3EBE6483DE5A:[95bd455b-14e9-4919-baf6-c10c70e925fc:192.168.36.114:42736] with ContainerStateMachine:uninitialized
2019-09-12 10:35:45,723 [pool-104-thread-1] INFO  server.RaftServerConfigKeys (ConfUtils.java:logGet(43)) - raft.server.rpc.timeout.min = 5s (custom)
2019-09-12 10:35:45,723 [pool-104-thread-1] INFO  server.RaftServerConfigKeys (ConfUtils.java:logGet(43)) - raft.server.rpc.timeout.max = 5200ms (custom)
2019-09-12 10:35:45,723 [pool-104-thread-1] INFO  server.RaftServerConfigKeys (ConfUtils.java:logGet(43)) - raft.server.rpcslowness.timeout = 120s (custom)
2019-09-12 10:35:45,724 [pool-104-thread-1] INFO  server.RaftServerConfigKeys (ConfUtils.java:logGet(43)) - raft.server.sleep.deviation.threshold = 300 (default)
2019-09-12 10:35:45,724 [pool-104-thread-1] INFO  server.RaftServerConfigKeys (ConfUtils.java:logGet(43)) - raft.server.log.appender.install.snapshot.enabled = false (custom)
2019-09-12 10:35:45,724 [pool-104-thread-1] INFO  impl.RaftServerImpl (ServerState.java:<init>(105)) - 95bd455b-14e9-4919-baf6-c10c70e925fc:group-3EBE6483DE5A ConfigurationManager, init=-1: [95bd455b-14e9-4919-baf6-c10c70e925fc:192.168.36.114:42736], old=null, confs=<EMPTY_MAP>
2019-09-12 10:35:45,724 [pool-104-thread-1] INFO  server.RaftServerConfigKeys (ConfUtils.java:logGet(43)) - raft.server.storage.dir = [/workdir/hadoop-ozone/integration-test/target/test-dir/MiniOzoneClusterImpl-37d049c1-8781-4836-8b63-386207273279/datanode-7/data/ratis] (custom)
2019-09-12 10:35:45,725 | INFO  | SCMAudit | user=jenkins1000 | ip=192.168.36.114 | op=SEND_HEARTBEAT {datanodeUUID=e888d92f-5ff8-4b8f-9926-c0c6217791b7, command=[]} | ret=SUCCESS |  
2019-09-12 10:35:45,725 [pool-104-thread-1] INFO  storage.RaftStorageDirectory (RaftStorageDirectory.java:analyzeStorage(246)) - The storage directory /workdir/hadoop-ozone/integration-test/target/test-dir/MiniOzoneClusterImpl-37d049c1-8781-4836-8b63-386207273279/datanode-7/data/ratis/aa170724-b6b6-4cc2-a250-3ebe6483de5a does not exist. Creating ...
2019-09-12 10:35:45,750 [pool-104-thread-1] INFO  storage.RaftStorageDirectory (RaftStorageDirectory.java:tryLock(328)) - Lock on /workdir/hadoop-ozone/integration-test/target/test-dir/MiniOzoneClusterImpl-37d049c1-8781-4836-8b63-386207273279/datanode-7/data/ratis/aa170724-b6b6-4cc2-a250-3ebe6483de5a/in_use.lock acquired by nodename 9512@pr-hdds-1569-58hkm-1881083799
2019-09-12 10:35:45,753 | INFO  | SCMAudit | user=jenkins1000 | ip=192.168.36.114 | op=SEND_HEARTBEAT {datanodeUUID=a6b7ffbc-3229-4dcb-9aed-a6c6127890ed, command=[]} | ret=SUCCESS |  
2019-09-12 10:35:45,764 [pool-104-thread-1] INFO  storage.RaftStorage (RaftStorage.java:format(72)) - Storage directory /workdir/hadoop-ozone/integration-test/target/test-dir/MiniOzoneClusterImpl-37d049c1-8781-4836-8b63-386207273279/datanode-7/data/ratis/aa170724-b6b6-4cc2-a250-3ebe6483de5a has been successfully formatted.
2019-09-12 10:35:45,765 [pool-104-thread-1] INFO  ratis.ContainerStateMachine (ContainerStateMachine.java:loadSnapshot(226)) - group-3EBE6483DE5A: The snapshot info is null. Setting the last applied indexto:(t:0, i:~)
2019-09-12 10:35:45,765 [pool-104-thread-1] INFO  server.RaftServerConfigKeys (ConfUtils.java:logGet(43)) - raft.server.leader.election.timeout = 120s (custom)
2019-09-12 10:35:45,766 [pool-104-thread-1] INFO  server.RaftServerConfigKeys (ConfUtils.java:logGet(43)) - raft.server.log.use.memory = false (default)
2019-09-12 10:35:45,766 [pool-104-thread-1] INFO  server.RaftServerConfigKeys (ConfUtils.java:logGet(43)) - raft.server.log.purge.gap = 1000000 (custom)
2019-09-12 10:35:45,766 [pool-104-thread-1] INFO  server.RaftServerConfigKeys (ConfUtils.java:logGet(43)) - raft.server.log.appender.buffer.byte-limit = 33554432 (custom)
2019-09-12 10:35:45,766 [pool-104-thread-1] INFO  server.RaftServerConfigKeys (ConfUtils.java:logGet(43)) - raft.server.log.segment.size.max = 1048576 (custom)
2019-09-12 10:35:45,766 [pool-104-thread-1] INFO  server.RaftServerConfigKeys (ConfUtils.java:logGet(43)) - raft.server.log.segment.cache.num.max = 2 (custom)
2019-09-12 10:35:45,766 [pool-104-thread-1] INFO  segmented.SegmentedRaftLogWorker (SegmentedRaftLogWorker.java:<init>(172)) - new 95bd455b-14e9-4919-baf6-c10c70e925fc-SegmentedRaftLogWorker:Storage Directory /workdir/hadoop-ozone/integration-test/target/test-dir/MiniOzoneClusterImpl-37d049c1-8781-4836-8b63-386207273279/datanode-7/data/ratis/aa170724-b6b6-4cc2-a250-3ebe6483de5a for RaftStorage:Storage Directory /workdir/hadoop-ozone/integration-test/target/test-dir/MiniOzoneClusterImpl-37d049c1-8781-4836-8b63-386207273279/datanode-7/data/ratis/aa170724-b6b6-4cc2-a250-3ebe6483de5a
2019-09-12 10:35:45,767 [pool-104-thread-1] INFO  server.RaftServerConfigKeys (ConfUtils.java:logGet(43)) - raft.server.log.queue.byte-limit = 2147483647 (custom)
2019-09-12 10:35:45,767 [pool-104-thread-1] INFO  server.RaftServerConfigKeys (ConfUtils.java:logGet(43)) - raft.server.log.queue.element-limit = 1024 (custom)
2019-09-12 10:35:45,767 [pool-104-thread-1] INFO  server.RaftServerConfigKeys (ConfUtils.java:logGet(43)) - raft.server.log.segment.size.max = 1048576 (custom)
2019-09-12 10:35:45,767 [pool-104-thread-1] INFO  server.RaftServerConfigKeys (ConfUtils.java:logGet(43)) - raft.server.log.preallocated.size = 16384 (custom)
2019-09-12 10:35:45,767 [pool-104-thread-1] INFO  server.RaftServerConfigKeys (ConfUtils.java:logGet(43)) - raft.server.log.write.buffer.size = 33554432 (custom)
2019-09-12 10:35:45,767 [pool-104-thread-1] INFO  server.RaftServerConfigKeys (ConfUtils.java:logGet(43)) - raft.server.log.force.sync.num = 128 (default)
2019-09-12 10:35:45,767 [pool-104-thread-1] INFO  server.RaftServerConfigKeys (ConfUtils.java:logGet(43)) - raft.server.log.statemachine.data.sync = true (default)
2019-09-12 10:35:45,768 [pool-104-thread-1] INFO  server.RaftServerConfigKeys (ConfUtils.java:logGet(43)) - raft.server.log.statemachine.data.sync.timeout = 10s (default)
2019-09-12 10:35:45,768 [pool-104-thread-1] INFO  server.RaftServerConfigKeys (ConfUtils.java:logGet(43)) - raft.server.log.statemachine.data.sync.timeout.retry = -1 (default)
2019-09-12 10:35:45,768 [pool-104-thread-1] INFO  server.RaftServerConfigKeys (ConfUtils.java:logGet(43)) - raft.server.log.statemachine.data.caching.enabled = true (custom)
2019-09-12 10:35:45,768 [pool-104-thread-1] INFO  segmented.SegmentedRaftLogWorker (SegmentedRaftLogWorker.java:lambda$new$0(132)) - 95bd455b-14e9-4919-baf6-c10c70e925fc-SegmentedRaftLogWorker:Storage Directory /workdir/hadoop-ozone/integration-test/target/test-dir/MiniOzoneClusterImpl-37d049c1-8781-4836-8b63-386207273279/datanode-7/data/ratis/aa170724-b6b6-4cc2-a250-3ebe6483de5a: flushIndex: setUnconditionally 0 -> -1
2019-09-12 10:35:45,769 [pool-104-thread-1] INFO  server.RaftServerConfigKeys (ConfUtils.java:logGet(43)) - raft.server.snapshot.auto.trigger.enabled = true (custom)
2019-09-12 10:35:45,769 [pool-104-thread-1] INFO  server.RaftServerConfigKeys (ConfUtils.java:logGet(43)) - raft.server.snapshot.auto.trigger.threshold = 10000 (custom)
2019-09-12 10:35:45,769 [pool-104-thread-1] INFO  server.RaftServerConfigKeys (ConfUtils.java:logGet(43)) - raft.server.retrycache.expirytime = 600000ms (custom)
2019-09-12 10:35:45,769 [pool-104-thread-1] INFO  impl.RaftServerImpl (RaftServerImpl.java:start(180)) - 95bd455b-14e9-4919-baf6-c10c70e925fc: start group-3EBE6483DE5A
2019-09-12 10:35:45,770 [pool-104-thread-1] INFO  impl.RaftServerImpl (RaftServerImpl.java:setRole(171)) - 95bd455b-14e9-4919-baf6-c10c70e925fc:group-3EBE6483DE5A changes role from null to FOLLOWER at term 0 for startAsFollower
2019-09-12 10:35:45,770 [pool-104-thread-1] INFO  impl.RoleInfo (RoleInfo.java:updateAndGet(143)) - 95bd455b-14e9-4919-baf6-c10c70e925fc: start FollowerState
2019-09-12 10:35:45,770 [pool-104-thread-1] INFO  util.JmxRegister (JmxRegister.java:tryRegister(44)) - Successfully registered JMX Bean with object name Ratis:service=RaftServer,group=group-3EBE6483DE5A,id=95bd455b-14e9-4919-baf6-c10c70e925fc
2019-09-12 10:35:45,774 [RatisPipelineUtilsThread] INFO  pipeline.PipelineStateManager (PipelineStateManager.java:addPipeline(56)) - Created pipeline Pipeline[ Id: aa170724-b6b6-4cc2-a250-3ebe6483de5a, Nodes: 95bd455b-14e9-4919-baf6-c10c70e925fc{ip: 192.168.36.114, host: pr-hdds-1569-58hkm-1881083799, networkLocation: /default-rack, certSerialId: null}, Type:RATIS, Factor:ONE, State:OPEN]
2019-09-12 10:35:45,774 [RatisPipelineUtilsThread] ERROR pipeline.PipelinePlacementPolicy (PipelinePlacementPolicy.java:meetCriteria(92)) - Pipeline Placement: Doesn't meet the criteria to be viable node. Heaviness: 6
2019-09-12 10:35:45,774 [RatisPipelineUtilsThread] ERROR pipeline.PipelinePlacementPolicy (PipelinePlacementPolicy.java:meetCriteria(92)) - Pipeline Placement: Doesn't meet the criteria to be viable node. Heaviness: 6
2019-09-12 10:35:45,774 [RatisPipelineUtilsThread] ERROR pipeline.PipelinePlacementPolicy (PipelinePlacementPolicy.java:meetCriteria(92)) - Pipeline Placement: Doesn't meet the criteria to be viable node. Heaviness: 6
2019-09-12 10:35:45,775 [RatisPipelineUtilsThread] ERROR pipeline.PipelinePlacementPolicy (PipelinePlacementPolicy.java:meetCriteria(92)) - Pipeline Placement: Doesn't meet the criteria to be viable node. Heaviness: 6
2019-09-12 10:35:45,775 [RatisPipelineUtilsThread] ERROR pipeline.PipelinePlacementPolicy (PipelinePlacementPolicy.java:meetCriteria(92)) - Pipeline Placement: Doesn't meet the criteria to be viable node. Heaviness: 6
2019-09-12 10:35:45,775 [RatisPipelineUtilsThread] ERROR pipeline.PipelinePlacementPolicy (PipelinePlacementPolicy.java:meetCriteria(92)) - Pipeline Placement: Doesn't meet the criteria to be viable node. Heaviness: 6
2019-09-12 10:35:45,782 [grpc-default-executor-0] INFO  impl.RaftServerProxy (RaftServerProxy.java:addNew(89)) - 9ada554e-a5cf-4351-8628-0478c6ccb0ec: addNew group-EB17C5F30F99:[9ada554e-a5cf-4351-8628-0478c6ccb0ec:192.168.36.114:46451] returns group-EB17C5F30F99:java.util.concurrent.CompletableFuture@7ad563df[Not completed]
2019-09-12 10:35:45,783 [pool-60-thread-1] INFO  impl.RaftServerImpl (RaftServerImpl.java:<init>(93)) - 9ada554e-a5cf-4351-8628-0478c6ccb0ec: new RaftServerImpl for group-EB17C5F30F99:[9ada554e-a5cf-4351-8628-0478c6ccb0ec:192.168.36.114:46451] with ContainerStateMachine:uninitialized
2019-09-12 10:35:45,784 [pool-60-thread-1] INFO  server.RaftServerConfigKeys (ConfUtils.java:logGet(43)) - raft.server.rpc.timeout.min = 5s (custom)
2019-09-12 10:35:45,784 [pool-60-thread-1] INFO  server.RaftServerConfigKeys (ConfUtils.java:logGet(43)) - raft.server.rpc.timeout.max = 5200ms (custom)
2019-09-12 10:35:45,784 [pool-60-thread-1] INFO  server.RaftServerConfigKeys (ConfUtils.java:logGet(43)) - raft.server.rpcslowness.timeout = 120s (custom)
2019-09-12 10:35:45,784 [pool-60-thread-1] INFO  server.RaftServerConfigKeys (ConfUtils.java:logGet(43)) - raft.server.sleep.deviation.threshold = 300 (default)
2019-09-12 10:35:45,784 [pool-60-thread-1] INFO  server.RaftServerConfigKeys (ConfUtils.java:logGet(43)) - raft.server.log.appender.install.snapshot.enabled = false (custom)
2019-09-12 10:35:45,785 [pool-60-thread-1] INFO  impl.RaftServerImpl (ServerState.java:<init>(105)) - 9ada554e-a5cf-4351-8628-0478c6ccb0ec:group-EB17C5F30F99 ConfigurationManager, init=-1: [9ada554e-a5cf-4351-8628-0478c6ccb0ec:192.168.36.114:46451], old=null, confs=<EMPTY_MAP>
2019-09-12 10:35:45,785 [pool-60-thread-1] INFO  server.RaftServerConfigKeys (ConfUtils.java:logGet(43)) - raft.server.storage.dir = [/workdir/hadoop-ozone/integration-test/target/test-dir/MiniOzoneClusterImpl-37d049c1-8781-4836-8b63-386207273279/datanode-3/data/ratis] (custom)
2019-09-12 10:35:45,785 [pool-60-thread-1] INFO  storage.RaftStorageDirectory (RaftStorageDirectory.java:analyzeStorage(246)) - The storage directory /workdir/hadoop-ozone/integration-test/target/test-dir/MiniOzoneClusterImpl-37d049c1-8781-4836-8b63-386207273279/datanode-3/data/ratis/24046779-2d7f-4f4c-ab88-eb17c5f30f99 does not exist. Creating ...
2019-09-12 10:35:45,798 [pool-60-thread-1] INFO  storage.RaftStorageDirectory (RaftStorageDirectory.java:tryLock(328)) - Lock on /workdir/hadoop-ozone/integration-test/target/test-dir/MiniOzoneClusterImpl-37d049c1-8781-4836-8b63-386207273279/datanode-3/data/ratis/24046779-2d7f-4f4c-ab88-eb17c5f30f99/in_use.lock acquired by nodename 9512@pr-hdds-1569-58hkm-1881083799
2019-09-12 10:35:45,831 [pool-60-thread-1] INFO  storage.RaftStorage (RaftStorage.java:format(72)) - Storage directory /workdir/hadoop-ozone/integration-test/target/test-dir/MiniOzoneClusterImpl-37d049c1-8781-4836-8b63-386207273279/datanode-3/data/ratis/24046779-2d7f-4f4c-ab88-eb17c5f30f99 has been successfully formatted.
2019-09-12 10:35:45,831 [pool-60-thread-1] INFO  ratis.ContainerStateMachine (ContainerStateMachine.java:loadSnapshot(226)) - group-EB17C5F30F99: The snapshot info is null. Setting the last applied indexto:(t:0, i:~)
2019-09-12 10:35:45,832 [pool-60-thread-1] INFO  server.RaftServerConfigKeys (ConfUtils.java:logGet(43)) - raft.server.leader.election.timeout = 120s (custom)
2019-09-12 10:35:45,832 [pool-60-thread-1] INFO  server.RaftServerConfigKeys (ConfUtils.java:logGet(43)) - raft.server.log.use.memory = false (default)
2019-09-12 10:35:45,832 [pool-60-thread-1] INFO  server.RaftServerConfigKeys (ConfUtils.java:logGet(43)) - raft.server.log.purge.gap = 1000000 (custom)
2019-09-12 10:35:45,832 [pool-60-thread-1] INFO  server.RaftServerConfigKeys (ConfUtils.java:logGet(43)) - raft.server.log.appender.buffer.byte-limit = 33554432 (custom)
2019-09-12 10:35:45,832 [pool-60-thread-1] INFO  server.RaftServerConfigKeys (ConfUtils.java:logGet(43)) - raft.server.log.segment.size.max = 1048576 (custom)
2019-09-12 10:35:45,832 [pool-60-thread-1] INFO  server.RaftServerConfigKeys (ConfUtils.java:logGet(43)) - raft.server.log.segment.cache.num.max = 2 (custom)
2019-09-12 10:35:45,832 [pool-60-thread-1] INFO  segmented.SegmentedRaftLogWorker (SegmentedRaftLogWorker.java:<init>(172)) - new 9ada554e-a5cf-4351-8628-0478c6ccb0ec-SegmentedRaftLogWorker:Storage Directory /workdir/hadoop-ozone/integration-test/target/test-dir/MiniOzoneClusterImpl-37d049c1-8781-4836-8b63-386207273279/datanode-3/data/ratis/24046779-2d7f-4f4c-ab88-eb17c5f30f99 for RaftStorage:Storage Directory /workdir/hadoop-ozone/integration-test/target/test-dir/MiniOzoneClusterImpl-37d049c1-8781-4836-8b63-386207273279/datanode-3/data/ratis/24046779-2d7f-4f4c-ab88-eb17c5f30f99
2019-09-12 10:35:45,833 [pool-60-thread-1] INFO  server.RaftServerConfigKeys (ConfUtils.java:logGet(43)) - raft.server.log.queue.byte-limit = 2147483647 (custom)
2019-09-12 10:35:45,833 [pool-60-thread-1] INFO  server.RaftServerConfigKeys (ConfUtils.java:logGet(43)) - raft.server.log.queue.element-limit = 1024 (custom)
2019-09-12 10:35:45,833 [pool-60-thread-1] INFO  server.RaftServerConfigKeys (ConfUtils.java:logGet(43)) - raft.server.log.segment.size.max = 1048576 (custom)
2019-09-12 10:35:45,833 [pool-60-thread-1] INFO  server.RaftServerConfigKeys (ConfUtils.java:logGet(43)) - raft.server.log.preallocated.size = 16384 (custom)
2019-09-12 10:35:45,833 [pool-60-thread-1] INFO  server.RaftServerConfigKeys (ConfUtils.java:logGet(43)) - raft.server.log.write.buffer.size = 33554432 (custom)
2019-09-12 10:35:45,833 [pool-60-thread-1] INFO  server.RaftServerConfigKeys (ConfUtils.java:logGet(43)) - raft.server.log.force.sync.num = 128 (default)
2019-09-12 10:35:45,833 [pool-60-thread-1] INFO  server.RaftServerConfigKeys (ConfUtils.java:logGet(43)) - raft.server.log.statemachine.data.sync = true (default)
2019-09-12 10:35:45,834 [pool-60-thread-1] INFO  server.RaftServerConfigKeys (ConfUtils.java:logGet(43)) - raft.server.log.statemachine.data.sync.timeout = 10s (default)
2019-09-12 10:35:45,834 [pool-60-thread-1] INFO  server.RaftServerConfigKeys (ConfUtils.java:logGet(43)) - raft.server.log.statemachine.data.sync.timeout.retry = -1 (default)
2019-09-12 10:35:45,834 [pool-60-thread-1] INFO  server.RaftServerConfigKeys (ConfUtils.java:logGet(43)) - raft.server.log.statemachine.data.caching.enabled = true (custom)
2019-09-12 10:35:45,834 [pool-60-thread-1] INFO  segmented.SegmentedRaftLogWorker (SegmentedRaftLogWorker.java:lambda$new$0(132)) - 9ada554e-a5cf-4351-8628-0478c6ccb0ec-SegmentedRaftLogWorker:Storage Directory /workdir/hadoop-ozone/integration-test/target/test-dir/MiniOzoneClusterImpl-37d049c1-8781-4836-8b63-386207273279/datanode-3/data/ratis/24046779-2d7f-4f4c-ab88-eb17c5f30f99: flushIndex: setUnconditionally 0 -> -1
2019-09-12 10:35:45,835 [pool-60-thread-1] INFO  server.RaftServerConfigKeys (ConfUtils.java:logGet(43)) - raft.server.snapshot.auto.trigger.enabled = true (custom)
2019-09-12 10:35:45,835 [pool-60-thread-1] INFO  server.RaftServerConfigKeys (ConfUtils.java:logGet(43)) - raft.server.snapshot.auto.trigger.threshold = 10000 (custom)
2019-09-12 10:35:45,835 [pool-60-thread-1] INFO  server.RaftServerConfigKeys (ConfUtils.java:logGet(43)) - raft.server.retrycache.expirytime = 600000ms (custom)
2019-09-12 10:35:45,835 [pool-60-thread-1] INFO  impl.RaftServerImpl (RaftServerImpl.java:start(180)) - 9ada554e-a5cf-4351-8628-0478c6ccb0ec: start group-EB17C5F30F99
2019-09-12 10:35:45,836 [pool-60-thread-1] INFO  impl.RaftServerImpl (RaftServerImpl.java:setRole(171)) - 9ada554e-a5cf-4351-8628-0478c6ccb0ec:group-EB17C5F30F99 changes role from null to FOLLOWER at term 0 for startAsFollower
2019-09-12 10:35:45,836 [pool-60-thread-1] INFO  impl.RoleInfo (RoleInfo.java:updateAndGet(143)) - 9ada554e-a5cf-4351-8628-0478c6ccb0ec: start FollowerState
2019-09-12 10:35:45,836 [pool-60-thread-1] INFO  util.JmxRegister (JmxRegister.java:tryRegister(44)) - Successfully registered JMX Bean with object name Ratis:service=RaftServer,group=group-EB17C5F30F99,id=9ada554e-a5cf-4351-8628-0478c6ccb0ec
2019-09-12 10:35:45,840 [RatisPipelineUtilsThread] INFO  pipeline.PipelineStateManager (PipelineStateManager.java:addPipeline(56)) - Created pipeline Pipeline[ Id: 24046779-2d7f-4f4c-ab88-eb17c5f30f99, Nodes: 9ada554e-a5cf-4351-8628-0478c6ccb0ec{ip: 192.168.36.114, host: pr-hdds-1569-58hkm-1881083799, networkLocation: /default-rack, certSerialId: null}, Type:RATIS, Factor:ONE, State:OPEN]
2019-09-12 10:35:45,840 [RatisPipelineUtilsThread] ERROR pipeline.PipelinePlacementPolicy (PipelinePlacementPolicy.java:meetCriteria(92)) - Pipeline Placement: Doesn't meet the criteria to be viable node. Heaviness: 6
2019-09-12 10:35:45,840 [RatisPipelineUtilsThread] ERROR pipeline.PipelinePlacementPolicy (PipelinePlacementPolicy.java:meetCriteria(92)) - Pipeline Placement: Doesn't meet the criteria to be viable node. Heaviness: 6
2019-09-12 10:35:45,840 [RatisPipelineUtilsThread] ERROR pipeline.PipelinePlacementPolicy (PipelinePlacementPolicy.java:meetCriteria(92)) - Pipeline Placement: Doesn't meet the criteria to be viable node. Heaviness: 6
2019-09-12 10:35:45,841 [RatisPipelineUtilsThread] ERROR pipeline.PipelinePlacementPolicy (PipelinePlacementPolicy.java:meetCriteria(92)) - Pipeline Placement: Doesn't meet the criteria to be viable node. Heaviness: 6
2019-09-12 10:35:45,841 [RatisPipelineUtilsThread] ERROR pipeline.PipelinePlacementPolicy (PipelinePlacementPolicy.java:meetCriteria(92)) - Pipeline Placement: Doesn't meet the criteria to be viable node. Heaviness: 6
2019-09-12 10:35:45,841 [RatisPipelineUtilsThread] ERROR pipeline.PipelinePlacementPolicy (PipelinePlacementPolicy.java:meetCriteria(92)) - Pipeline Placement: Doesn't meet the criteria to be viable node. Heaviness: 6
2019-09-12 10:35:45,841 [RatisPipelineUtilsThread] ERROR pipeline.PipelinePlacementPolicy (PipelinePlacementPolicy.java:meetCriteria(92)) - Pipeline Placement: Doesn't meet the criteria to be viable node. Heaviness: 6
2019-09-12 10:35:45,848 [grpc-default-executor-0] INFO  impl.RaftServerProxy (RaftServerProxy.java:addNew(89)) - a6b7ffbc-3229-4dcb-9aed-a6c6127890ed: addNew group-AAC886142F50:[a6b7ffbc-3229-4dcb-9aed-a6c6127890ed:192.168.36.114:37105] returns group-AAC886142F50:java.util.concurrent.CompletableFuture@5aa15bc[Not completed]
2019-09-12 10:35:45,849 [pool-115-thread-1] INFO  impl.RaftServerImpl (RaftServerImpl.java:<init>(93)) - a6b7ffbc-3229-4dcb-9aed-a6c6127890ed: new RaftServerImpl for group-AAC886142F50:[a6b7ffbc-3229-4dcb-9aed-a6c6127890ed:192.168.36.114:37105] with ContainerStateMachine:uninitialized
2019-09-12 10:35:45,850 [pool-115-thread-1] INFO  server.RaftServerConfigKeys (ConfUtils.java:logGet(43)) - raft.server.rpc.timeout.min = 5s (custom)
2019-09-12 10:35:45,850 [pool-115-thread-1] INFO  server.RaftServerConfigKeys (ConfUtils.java:logGet(43)) - raft.server.rpc.timeout.max = 5200ms (custom)
2019-09-12 10:35:45,850 [pool-115-thread-1] INFO  server.RaftServerConfigKeys (ConfUtils.java:logGet(43)) - raft.server.rpcslowness.timeout = 120s (custom)
2019-09-12 10:35:45,850 [pool-115-thread-1] INFO  server.RaftServerConfigKeys (ConfUtils.java:logGet(43)) - raft.server.sleep.deviation.threshold = 300 (default)
2019-09-12 10:35:45,850 [pool-115-thread-1] INFO  server.RaftServerConfigKeys (ConfUtils.java:logGet(43)) - raft.server.log.appender.install.snapshot.enabled = false (custom)
2019-09-12 10:35:45,850 [pool-115-thread-1] INFO  impl.RaftServerImpl (ServerState.java:<init>(105)) - a6b7ffbc-3229-4dcb-9aed-a6c6127890ed:group-AAC886142F50 ConfigurationManager, init=-1: [a6b7ffbc-3229-4dcb-9aed-a6c6127890ed:192.168.36.114:37105], old=null, confs=<EMPTY_MAP>
2019-09-12 10:35:45,850 [pool-115-thread-1] INFO  server.RaftServerConfigKeys (ConfUtils.java:logGet(43)) - raft.server.storage.dir = [/workdir/hadoop-ozone/integration-test/target/test-dir/MiniOzoneClusterImpl-37d049c1-8781-4836-8b63-386207273279/datanode-8/data/ratis] (custom)
2019-09-12 10:35:45,851 [pool-115-thread-1] INFO  storage.RaftStorageDirectory (RaftStorageDirectory.java:analyzeStorage(246)) - The storage directory /workdir/hadoop-ozone/integration-test/target/test-dir/MiniOzoneClusterImpl-37d049c1-8781-4836-8b63-386207273279/datanode-8/data/ratis/ddd692c5-175f-42de-a2a2-aac886142f50 does not exist. Creating ...
2019-09-12 10:35:45,871 [pool-115-thread-1] INFO  storage.RaftStorageDirectory (RaftStorageDirectory.java:tryLock(328)) - Lock on /workdir/hadoop-ozone/integration-test/target/test-dir/MiniOzoneClusterImpl-37d049c1-8781-4836-8b63-386207273279/datanode-8/data/ratis/ddd692c5-175f-42de-a2a2-aac886142f50/in_use.lock acquired by nodename 9512@pr-hdds-1569-58hkm-1881083799
2019-09-12 10:35:45,884 [pool-115-thread-1] INFO  storage.RaftStorage (RaftStorage.java:format(72)) - Storage directory /workdir/hadoop-ozone/integration-test/target/test-dir/MiniOzoneClusterImpl-37d049c1-8781-4836-8b63-386207273279/datanode-8/data/ratis/ddd692c5-175f-42de-a2a2-aac886142f50 has been successfully formatted.
2019-09-12 10:35:45,884 [pool-115-thread-1] INFO  ratis.ContainerStateMachine (ContainerStateMachine.java:loadSnapshot(226)) - group-AAC886142F50: The snapshot info is null. Setting the last applied indexto:(t:0, i:~)
2019-09-12 10:35:45,884 [pool-115-thread-1] INFO  server.RaftServerConfigKeys (ConfUtils.java:logGet(43)) - raft.server.leader.election.timeout = 120s (custom)
2019-09-12 10:35:45,884 [pool-115-thread-1] INFO  server.RaftServerConfigKeys (ConfUtils.java:logGet(43)) - raft.server.log.use.memory = false (default)
2019-09-12 10:35:45,885 [pool-115-thread-1] INFO  server.RaftServerConfigKeys (ConfUtils.java:logGet(43)) - raft.server.log.purge.gap = 1000000 (custom)
2019-09-12 10:35:45,885 [pool-115-thread-1] INFO  server.RaftServerConfigKeys (ConfUtils.java:logGet(43)) - raft.server.log.appender.buffer.byte-limit = 33554432 (custom)
2019-09-12 10:35:45,885 [pool-115-thread-1] INFO  server.RaftServerConfigKeys (ConfUtils.java:logGet(43)) - raft.server.log.segment.size.max = 1048576 (custom)
2019-09-12 10:35:45,885 [pool-115-thread-1] INFO  server.RaftServerConfigKeys (ConfUtils.java:logGet(43)) - raft.server.log.segment.cache.num.max = 2 (custom)
2019-09-12 10:35:45,885 [pool-115-thread-1] INFO  segmented.SegmentedRaftLogWorker (SegmentedRaftLogWorker.java:<init>(172)) - new a6b7ffbc-3229-4dcb-9aed-a6c6127890ed-SegmentedRaftLogWorker:Storage Directory /workdir/hadoop-ozone/integration-test/target/test-dir/MiniOzoneClusterImpl-37d049c1-8781-4836-8b63-386207273279/datanode-8/data/ratis/ddd692c5-175f-42de-a2a2-aac886142f50 for RaftStorage:Storage Directory /workdir/hadoop-ozone/integration-test/target/test-dir/MiniOzoneClusterImpl-37d049c1-8781-4836-8b63-386207273279/datanode-8/data/ratis/ddd692c5-175f-42de-a2a2-aac886142f50
2019-09-12 10:35:45,885 [pool-115-thread-1] INFO  server.RaftServerConfigKeys (ConfUtils.java:logGet(43)) - raft.server.log.queue.byte-limit = 2147483647 (custom)
2019-09-12 10:35:45,886 [pool-115-thread-1] INFO  server.RaftServerConfigKeys (ConfUtils.java:logGet(43)) - raft.server.log.queue.element-limit = 1024 (custom)
2019-09-12 10:35:45,886 [pool-115-thread-1] INFO  server.RaftServerConfigKeys (ConfUtils.java:logGet(43)) - raft.server.log.segment.size.max = 1048576 (custom)
2019-09-12 10:35:45,886 [pool-115-thread-1] INFO  server.RaftServerConfigKeys (ConfUtils.java:logGet(43)) - raft.server.log.preallocated.size = 16384 (custom)
2019-09-12 10:35:45,886 [pool-115-thread-1] INFO  server.RaftServerConfigKeys (ConfUtils.java:logGet(43)) - raft.server.log.write.buffer.size = 33554432 (custom)
2019-09-12 10:35:45,886 [pool-115-thread-1] INFO  server.RaftServerConfigKeys (ConfUtils.java:logGet(43)) - raft.server.log.force.sync.num = 128 (default)
2019-09-12 10:35:45,886 [pool-115-thread-1] INFO  server.RaftServerConfigKeys (ConfUtils.java:logGet(43)) - raft.server.log.statemachine.data.sync = true (default)
2019-09-12 10:35:45,886 [pool-115-thread-1] INFO  server.RaftServerConfigKeys (ConfUtils.java:logGet(43)) - raft.server.log.statemachine.data.sync.timeout = 10s (default)
2019-09-12 10:35:45,887 [pool-115-thread-1] INFO  server.RaftServerConfigKeys (ConfUtils.java:logGet(43)) - raft.server.log.statemachine.data.sync.timeout.retry = -1 (default)
2019-09-12 10:35:45,887 [pool-115-thread-1] INFO  server.RaftServerConfigKeys (ConfUtils.java:logGet(43)) - raft.server.log.statemachine.data.caching.enabled = true (custom)
2019-09-12 10:35:45,887 [pool-115-thread-1] INFO  segmented.SegmentedRaftLogWorker (SegmentedRaftLogWorker.java:lambda$new$0(132)) - a6b7ffbc-3229-4dcb-9aed-a6c6127890ed-SegmentedRaftLogWorker:Storage Directory /workdir/hadoop-ozone/integration-test/target/test-dir/MiniOzoneClusterImpl-37d049c1-8781-4836-8b63-386207273279/datanode-8/data/ratis/ddd692c5-175f-42de-a2a2-aac886142f50: flushIndex: setUnconditionally 0 -> -1
2019-09-12 10:35:45,888 [pool-115-thread-1] INFO  server.RaftServerConfigKeys (ConfUtils.java:logGet(43)) - raft.server.snapshot.auto.trigger.enabled = true (custom)
2019-09-12 10:35:45,888 [pool-115-thread-1] INFO  server.RaftServerConfigKeys (ConfUtils.java:logGet(43)) - raft.server.snapshot.auto.trigger.threshold = 10000 (custom)
2019-09-12 10:35:45,888 [pool-115-thread-1] INFO  server.RaftServerConfigKeys (ConfUtils.java:logGet(43)) - raft.server.retrycache.expirytime = 600000ms (custom)
2019-09-12 10:35:45,888 [pool-115-thread-1] INFO  impl.RaftServerImpl (RaftServerImpl.java:start(180)) - a6b7ffbc-3229-4dcb-9aed-a6c6127890ed: start group-AAC886142F50
2019-09-12 10:35:45,888 [pool-115-thread-1] INFO  impl.RaftServerImpl (RaftServerImpl.java:setRole(171)) - a6b7ffbc-3229-4dcb-9aed-a6c6127890ed:group-AAC886142F50 changes role from null to FOLLOWER at term 0 for startAsFollower
2019-09-12 10:35:45,889 [pool-115-thread-1] INFO  impl.RoleInfo (RoleInfo.java:updateAndGet(143)) - a6b7ffbc-3229-4dcb-9aed-a6c6127890ed: start FollowerState
2019-09-12 10:35:45,889 [pool-115-thread-1] INFO  util.JmxRegister (JmxRegister.java:tryRegister(44)) - Successfully registered JMX Bean with object name Ratis:service=RaftServer,group=group-AAC886142F50,id=a6b7ffbc-3229-4dcb-9aed-a6c6127890ed
2019-09-12 10:35:45,893 [RatisPipelineUtilsThread] INFO  pipeline.PipelineStateManager (PipelineStateManager.java:addPipeline(56)) - Created pipeline Pipeline[ Id: ddd692c5-175f-42de-a2a2-aac886142f50, Nodes: a6b7ffbc-3229-4dcb-9aed-a6c6127890ed{ip: 192.168.36.114, host: pr-hdds-1569-58hkm-1881083799, networkLocation: /default-rack, certSerialId: null}, Type:RATIS, Factor:ONE, State:OPEN]
2019-09-12 10:35:45,893 [RatisPipelineUtilsThread] ERROR pipeline.PipelinePlacementPolicy (PipelinePlacementPolicy.java:meetCriteria(92)) - Pipeline Placement: Doesn't meet the criteria to be viable node. Heaviness: 6
2019-09-12 10:35:45,893 [RatisPipelineUtilsThread] ERROR pipeline.PipelinePlacementPolicy (PipelinePlacementPolicy.java:meetCriteria(92)) - Pipeline Placement: Doesn't meet the criteria to be viable node. Heaviness: 6
2019-09-12 10:35:45,893 [RatisPipelineUtilsThread] ERROR pipeline.PipelinePlacementPolicy (PipelinePlacementPolicy.java:meetCriteria(92)) - Pipeline Placement: Doesn't meet the criteria to be viable node. Heaviness: 6
2019-09-12 10:35:45,893 [RatisPipelineUtilsThread] ERROR pipeline.PipelinePlacementPolicy (PipelinePlacementPolicy.java:meetCriteria(92)) - Pipeline Placement: Doesn't meet the criteria to be viable node. Heaviness: 6
2019-09-12 10:35:45,894 [RatisPipelineUtilsThread] ERROR pipeline.PipelinePlacementPolicy (PipelinePlacementPolicy.java:meetCriteria(92)) - Pipeline Placement: Doesn't meet the criteria to be viable node. Heaviness: 6
2019-09-12 10:35:45,894 [RatisPipelineUtilsThread] ERROR pipeline.PipelinePlacementPolicy (PipelinePlacementPolicy.java:meetCriteria(92)) - Pipeline Placement: Doesn't meet the criteria to be viable node. Heaviness: 6
2019-09-12 10:35:45,894 [RatisPipelineUtilsThread] ERROR pipeline.PipelinePlacementPolicy (PipelinePlacementPolicy.java:meetCriteria(92)) - Pipeline Placement: Doesn't meet the criteria to be viable node. Heaviness: 6
2019-09-12 10:35:45,901 [grpc-default-executor-0] INFO  impl.RaftServerProxy (RaftServerProxy.java:addNew(89)) - b4faf84d-881e-452e-9abc-9848f28c1b42: addNew group-6F3489100B48:[b4faf84d-881e-452e-9abc-9848f28c1b42:192.168.36.114:44842] returns group-6F3489100B48:java.util.concurrent.CompletableFuture@56f0ebcf[Not completed]
2019-09-12 10:35:45,903 [pool-93-thread-1] INFO  impl.RaftServerImpl (RaftServerImpl.java:<init>(93)) - b4faf84d-881e-452e-9abc-9848f28c1b42: new RaftServerImpl for group-6F3489100B48:[b4faf84d-881e-452e-9abc-9848f28c1b42:192.168.36.114:44842] with ContainerStateMachine:uninitialized
2019-09-12 10:35:45,903 [pool-93-thread-1] INFO  server.RaftServerConfigKeys (ConfUtils.java:logGet(43)) - raft.server.rpc.timeout.min = 5s (custom)
2019-09-12 10:35:45,903 [pool-93-thread-1] INFO  server.RaftServerConfigKeys (ConfUtils.java:logGet(43)) - raft.server.rpc.timeout.max = 5200ms (custom)
2019-09-12 10:35:45,904 [pool-93-thread-1] INFO  server.RaftServerConfigKeys (ConfUtils.java:logGet(43)) - raft.server.rpcslowness.timeout = 120s (custom)
2019-09-12 10:35:45,904 [pool-93-thread-1] INFO  server.RaftServerConfigKeys (ConfUtils.java:logGet(43)) - raft.server.sleep.deviation.threshold = 300 (default)
2019-09-12 10:35:45,904 [pool-93-thread-1] INFO  server.RaftServerConfigKeys (ConfUtils.java:logGet(43)) - raft.server.log.appender.install.snapshot.enabled = false (custom)
2019-09-12 10:35:45,904 [pool-93-thread-1] INFO  impl.RaftServerImpl (ServerState.java:<init>(105)) - b4faf84d-881e-452e-9abc-9848f28c1b42:group-6F3489100B48 ConfigurationManager, init=-1: [b4faf84d-881e-452e-9abc-9848f28c1b42:192.168.36.114:44842], old=null, confs=<EMPTY_MAP>
2019-09-12 10:35:45,904 [pool-93-thread-1] INFO  server.RaftServerConfigKeys (ConfUtils.java:logGet(43)) - raft.server.storage.dir = [/workdir/hadoop-ozone/integration-test/target/test-dir/MiniOzoneClusterImpl-37d049c1-8781-4836-8b63-386207273279/datanode-6/data/ratis] (custom)
2019-09-12 10:35:45,905 [pool-93-thread-1] INFO  storage.RaftStorageDirectory (RaftStorageDirectory.java:analyzeStorage(246)) - The storage directory /workdir/hadoop-ozone/integration-test/target/test-dir/MiniOzoneClusterImpl-37d049c1-8781-4836-8b63-386207273279/datanode-6/data/ratis/11c5bba2-28f1-43f3-b890-6f3489100b48 does not exist. Creating ...
2019-09-12 10:35:45,917 [pool-93-thread-1] INFO  storage.RaftStorageDirectory (RaftStorageDirectory.java:tryLock(328)) - Lock on /workdir/hadoop-ozone/integration-test/target/test-dir/MiniOzoneClusterImpl-37d049c1-8781-4836-8b63-386207273279/datanode-6/data/ratis/11c5bba2-28f1-43f3-b890-6f3489100b48/in_use.lock acquired by nodename 9512@pr-hdds-1569-58hkm-1881083799
2019-09-12 10:35:45,930 [pool-93-thread-1] INFO  storage.RaftStorage (RaftStorage.java:format(72)) - Storage directory /workdir/hadoop-ozone/integration-test/target/test-dir/MiniOzoneClusterImpl-37d049c1-8781-4836-8b63-386207273279/datanode-6/data/ratis/11c5bba2-28f1-43f3-b890-6f3489100b48 has been successfully formatted.
2019-09-12 10:35:45,930 [pool-93-thread-1] INFO  ratis.ContainerStateMachine (ContainerStateMachine.java:loadSnapshot(226)) - group-6F3489100B48: The snapshot info is null. Setting the last applied indexto:(t:0, i:~)
2019-09-12 10:35:45,930 [pool-93-thread-1] INFO  server.RaftServerConfigKeys (ConfUtils.java:logGet(43)) - raft.server.leader.election.timeout = 120s (custom)
2019-09-12 10:35:45,931 [pool-93-thread-1] INFO  server.RaftServerConfigKeys (ConfUtils.java:logGet(43)) - raft.server.log.use.memory = false (default)
2019-09-12 10:35:45,931 [pool-93-thread-1] INFO  server.RaftServerConfigKeys (ConfUtils.java:logGet(43)) - raft.server.log.purge.gap = 1000000 (custom)
2019-09-12 10:35:45,931 [pool-93-thread-1] INFO  server.RaftServerConfigKeys (ConfUtils.java:logGet(43)) - raft.server.log.appender.buffer.byte-limit = 33554432 (custom)
2019-09-12 10:35:45,931 [pool-93-thread-1] INFO  server.RaftServerConfigKeys (ConfUtils.java:logGet(43)) - raft.server.log.segment.size.max = 1048576 (custom)
2019-09-12 10:35:45,931 [pool-93-thread-1] INFO  server.RaftServerConfigKeys (ConfUtils.java:logGet(43)) - raft.server.log.segment.cache.num.max = 2 (custom)
2019-09-12 10:35:45,931 [pool-93-thread-1] INFO  segmented.SegmentedRaftLogWorker (SegmentedRaftLogWorker.java:<init>(172)) - new b4faf84d-881e-452e-9abc-9848f28c1b42-SegmentedRaftLogWorker:Storage Directory /workdir/hadoop-ozone/integration-test/target/test-dir/MiniOzoneClusterImpl-37d049c1-8781-4836-8b63-386207273279/datanode-6/data/ratis/11c5bba2-28f1-43f3-b890-6f3489100b48 for RaftStorage:Storage Directory /workdir/hadoop-ozone/integration-test/target/test-dir/MiniOzoneClusterImpl-37d049c1-8781-4836-8b63-386207273279/datanode-6/data/ratis/11c5bba2-28f1-43f3-b890-6f3489100b48
2019-09-12 10:35:45,932 [pool-93-thread-1] INFO  server.RaftServerConfigKeys (ConfUtils.java:logGet(43)) - raft.server.log.queue.byte-limit = 2147483647 (custom)
2019-09-12 10:35:45,932 [pool-93-thread-1] INFO  server.RaftServerConfigKeys (ConfUtils.java:logGet(43)) - raft.server.log.queue.element-limit = 1024 (custom)
2019-09-12 10:35:45,932 [pool-93-thread-1] INFO  server.RaftServerConfigKeys (ConfUtils.java:logGet(43)) - raft.server.log.segment.size.max = 1048576 (custom)
2019-09-12 10:35:45,932 [pool-93-thread-1] INFO  server.RaftServerConfigKeys (ConfUtils.java:logGet(43)) - raft.server.log.preallocated.size = 16384 (custom)
2019-09-12 10:35:45,932 [pool-93-thread-1] INFO  server.RaftServerConfigKeys (ConfUtils.java:logGet(43)) - raft.server.log.write.buffer.size = 33554432 (custom)
2019-09-12 10:35:45,932 [pool-93-thread-1] INFO  server.RaftServerConfigKeys (ConfUtils.java:logGet(43)) - raft.server.log.force.sync.num = 128 (default)
2019-09-12 10:35:45,933 [pool-93-thread-1] INFO  server.RaftServerConfigKeys (ConfUtils.java:logGet(43)) - raft.server.log.statemachine.data.sync = true (default)
2019-09-12 10:35:45,933 [pool-93-thread-1] INFO  server.RaftServerConfigKeys (ConfUtils.java:logGet(43)) - raft.server.log.statemachine.data.sync.timeout = 10s (default)
2019-09-12 10:35:45,933 [pool-93-thread-1] INFO  server.RaftServerConfigKeys (ConfUtils.java:logGet(43)) - raft.server.log.statemachine.data.sync.timeout.retry = -1 (default)
2019-09-12 10:35:45,933 [pool-93-thread-1] INFO  server.RaftServerConfigKeys (ConfUtils.java:logGet(43)) - raft.server.log.statemachine.data.caching.enabled = true (custom)
2019-09-12 10:35:45,934 [pool-93-thread-1] INFO  segmented.SegmentedRaftLogWorker (SegmentedRaftLogWorker.java:lambda$new$0(132)) - b4faf84d-881e-452e-9abc-9848f28c1b42-SegmentedRaftLogWorker:Storage Directory /workdir/hadoop-ozone/integration-test/target/test-dir/MiniOzoneClusterImpl-37d049c1-8781-4836-8b63-386207273279/datanode-6/data/ratis/11c5bba2-28f1-43f3-b890-6f3489100b48: flushIndex: setUnconditionally 0 -> -1
2019-09-12 10:35:45,934 [pool-93-thread-1] INFO  server.RaftServerConfigKeys (ConfUtils.java:logGet(43)) - raft.server.snapshot.auto.trigger.enabled = true (custom)
2019-09-12 10:35:45,934 [pool-93-thread-1] INFO  server.RaftServerConfigKeys (ConfUtils.java:logGet(43)) - raft.server.snapshot.auto.trigger.threshold = 10000 (custom)
2019-09-12 10:35:45,934 [pool-93-thread-1] INFO  server.RaftServerConfigKeys (ConfUtils.java:logGet(43)) - raft.server.retrycache.expirytime = 600000ms (custom)
2019-09-12 10:35:45,935 [pool-93-thread-1] INFO  impl.RaftServerImpl (RaftServerImpl.java:start(180)) - b4faf84d-881e-452e-9abc-9848f28c1b42: start group-6F3489100B48
2019-09-12 10:35:45,935 [pool-93-thread-1] INFO  impl.RaftServerImpl (RaftServerImpl.java:setRole(171)) - b4faf84d-881e-452e-9abc-9848f28c1b42:group-6F3489100B48 changes role from null to FOLLOWER at term 0 for startAsFollower
2019-09-12 10:35:45,935 [pool-93-thread-1] INFO  impl.RoleInfo (RoleInfo.java:updateAndGet(143)) - b4faf84d-881e-452e-9abc-9848f28c1b42: start FollowerState
2019-09-12 10:35:45,936 [pool-93-thread-1] INFO  util.JmxRegister (JmxRegister.java:tryRegister(44)) - Successfully registered JMX Bean with object name Ratis:service=RaftServer,group=group-6F3489100B48,id=b4faf84d-881e-452e-9abc-9848f28c1b42
2019-09-12 10:35:45,939 [RatisPipelineUtilsThread] INFO  pipeline.PipelineStateManager (PipelineStateManager.java:addPipeline(56)) - Created pipeline Pipeline[ Id: 11c5bba2-28f1-43f3-b890-6f3489100b48, Nodes: b4faf84d-881e-452e-9abc-9848f28c1b42{ip: 192.168.36.114, host: pr-hdds-1569-58hkm-1881083799, networkLocation: /default-rack, certSerialId: null}, Type:RATIS, Factor:ONE, State:OPEN]
2019-09-12 10:35:45,939 [RatisPipelineUtilsThread] ERROR pipeline.PipelinePlacementPolicy (PipelinePlacementPolicy.java:meetCriteria(92)) - Pipeline Placement: Doesn't meet the criteria to be viable node. Heaviness: 6
2019-09-12 10:35:45,939 [RatisPipelineUtilsThread] ERROR pipeline.PipelinePlacementPolicy (PipelinePlacementPolicy.java:meetCriteria(92)) - Pipeline Placement: Doesn't meet the criteria to be viable node. Heaviness: 6
2019-09-12 10:35:45,939 [RatisPipelineUtilsThread] ERROR pipeline.PipelinePlacementPolicy (PipelinePlacementPolicy.java:meetCriteria(92)) - Pipeline Placement: Doesn't meet the criteria to be viable node. Heaviness: 6
2019-09-12 10:35:45,940 [RatisPipelineUtilsThread] ERROR pipeline.PipelinePlacementPolicy (PipelinePlacementPolicy.java:meetCriteria(92)) - Pipeline Placement: Doesn't meet the criteria to be viable node. Heaviness: 6
2019-09-12 10:35:45,940 [RatisPipelineUtilsThread] ERROR pipeline.PipelinePlacementPolicy (PipelinePlacementPolicy.java:meetCriteria(92)) - Pipeline Placement: Doesn't meet the criteria to be viable node. Heaviness: 6
2019-09-12 10:35:45,940 [RatisPipelineUtilsThread] ERROR pipeline.PipelinePlacementPolicy (PipelinePlacementPolicy.java:meetCriteria(92)) - Pipeline Placement: Doesn't meet the criteria to be viable node. Heaviness: 6
2019-09-12 10:35:45,940 [RatisPipelineUtilsThread] ERROR pipeline.PipelinePlacementPolicy (PipelinePlacementPolicy.java:meetCriteria(92)) - Pipeline Placement: Doesn't meet the criteria to be viable node. Heaviness: 6
2019-09-12 10:35:45,940 [RatisPipelineUtilsThread] ERROR pipeline.PipelinePlacementPolicy (PipelinePlacementPolicy.java:meetCriteria(92)) - Pipeline Placement: Doesn't meet the criteria to be viable node. Heaviness: 6
2019-09-12 10:35:45,947 [grpc-default-executor-0] INFO  impl.RaftServerProxy (RaftServerProxy.java:addNew(89)) - a6b7ffbc-3229-4dcb-9aed-a6c6127890ed: addNew group-EAB8296F31C3:[a6b7ffbc-3229-4dcb-9aed-a6c6127890ed:192.168.36.114:37105] returns group-EAB8296F31C3:java.util.concurrent.CompletableFuture@5a6e859e[Not completed]
2019-09-12 10:35:45,948 [pool-115-thread-1] INFO  impl.RaftServerImpl (RaftServerImpl.java:<init>(93)) - a6b7ffbc-3229-4dcb-9aed-a6c6127890ed: new RaftServerImpl for group-EAB8296F31C3:[a6b7ffbc-3229-4dcb-9aed-a6c6127890ed:192.168.36.114:37105] with ContainerStateMachine:uninitialized
2019-09-12 10:35:45,949 [pool-115-thread-1] INFO  server.RaftServerConfigKeys (ConfUtils.java:logGet(43)) - raft.server.rpc.timeout.min = 5s (custom)
2019-09-12 10:35:45,949 [pool-115-thread-1] INFO  server.RaftServerConfigKeys (ConfUtils.java:logGet(43)) - raft.server.rpc.timeout.max = 5200ms (custom)
2019-09-12 10:35:45,949 [pool-115-thread-1] INFO  server.RaftServerConfigKeys (ConfUtils.java:logGet(43)) - raft.server.rpcslowness.timeout = 120s (custom)
2019-09-12 10:35:45,949 [pool-115-thread-1] INFO  server.RaftServerConfigKeys (ConfUtils.java:logGet(43)) - raft.server.sleep.deviation.threshold = 300 (default)
2019-09-12 10:35:45,949 [pool-115-thread-1] INFO  server.RaftServerConfigKeys (ConfUtils.java:logGet(43)) - raft.server.log.appender.install.snapshot.enabled = false (custom)
2019-09-12 10:35:45,949 [pool-115-thread-1] INFO  impl.RaftServerImpl (ServerState.java:<init>(105)) - a6b7ffbc-3229-4dcb-9aed-a6c6127890ed:group-EAB8296F31C3 ConfigurationManager, init=-1: [a6b7ffbc-3229-4dcb-9aed-a6c6127890ed:192.168.36.114:37105], old=null, confs=<EMPTY_MAP>
2019-09-12 10:35:45,949 [pool-115-thread-1] INFO  server.RaftServerConfigKeys (ConfUtils.java:logGet(43)) - raft.server.storage.dir = [/workdir/hadoop-ozone/integration-test/target/test-dir/MiniOzoneClusterImpl-37d049c1-8781-4836-8b63-386207273279/datanode-8/data/ratis] (custom)
2019-09-12 10:35:45,950 [pool-115-thread-1] INFO  storage.RaftStorageDirectory (RaftStorageDirectory.java:analyzeStorage(246)) - The storage directory /workdir/hadoop-ozone/integration-test/target/test-dir/MiniOzoneClusterImpl-37d049c1-8781-4836-8b63-386207273279/datanode-8/data/ratis/2d0e87e8-dab7-40a9-b65c-eab8296f31c3 does not exist. Creating ...
2019-09-12 10:35:45,951 | INFO  | SCMAudit | user=jenkins1000 | ip=192.168.36.114 | op=SEND_HEARTBEAT {datanodeUUID=3ea3aff6-08b9-42c8-836f-7f03e071752a, command=[]} | ret=SUCCESS |  
2019-09-12 10:35:45,963 [pool-115-thread-1] INFO  storage.RaftStorageDirectory (RaftStorageDirectory.java:tryLock(328)) - Lock on /workdir/hadoop-ozone/integration-test/target/test-dir/MiniOzoneClusterImpl-37d049c1-8781-4836-8b63-386207273279/datanode-8/data/ratis/2d0e87e8-dab7-40a9-b65c-eab8296f31c3/in_use.lock acquired by nodename 9512@pr-hdds-1569-58hkm-1881083799
2019-09-12 10:35:45,976 [pool-115-thread-1] INFO  storage.RaftStorage (RaftStorage.java:format(72)) - Storage directory /workdir/hadoop-ozone/integration-test/target/test-dir/MiniOzoneClusterImpl-37d049c1-8781-4836-8b63-386207273279/datanode-8/data/ratis/2d0e87e8-dab7-40a9-b65c-eab8296f31c3 has been successfully formatted.
2019-09-12 10:35:45,976 [pool-115-thread-1] INFO  ratis.ContainerStateMachine (ContainerStateMachine.java:loadSnapshot(226)) - group-EAB8296F31C3: The snapshot info is null. Setting the last applied indexto:(t:0, i:~)
2019-09-12 10:35:45,976 [pool-115-thread-1] INFO  server.RaftServerConfigKeys (ConfUtils.java:logGet(43)) - raft.server.leader.election.timeout = 120s (custom)
2019-09-12 10:35:45,976 [pool-115-thread-1] INFO  server.RaftServerConfigKeys (ConfUtils.java:logGet(43)) - raft.server.log.use.memory = false (default)
2019-09-12 10:35:45,976 [pool-115-thread-1] INFO  server.RaftServerConfigKeys (ConfUtils.java:logGet(43)) - raft.server.log.purge.gap = 1000000 (custom)
2019-09-12 10:35:45,977 [pool-115-thread-1] INFO  server.RaftServerConfigKeys (ConfUtils.java:logGet(43)) - raft.server.log.appender.buffer.byte-limit = 33554432 (custom)
2019-09-12 10:35:45,977 [pool-115-thread-1] INFO  server.RaftServerConfigKeys (ConfUtils.java:logGet(43)) - raft.server.log.segment.size.max = 1048576 (custom)
2019-09-12 10:35:45,977 [pool-115-thread-1] INFO  server.RaftServerConfigKeys (ConfUtils.java:logGet(43)) - raft.server.log.segment.cache.num.max = 2 (custom)
2019-09-12 10:35:45,977 [pool-115-thread-1] INFO  segmented.SegmentedRaftLogWorker (SegmentedRaftLogWorker.java:<init>(172)) - new a6b7ffbc-3229-4dcb-9aed-a6c6127890ed-SegmentedRaftLogWorker:Storage Directory /workdir/hadoop-ozone/integration-test/target/test-dir/MiniOzoneClusterImpl-37d049c1-8781-4836-8b63-386207273279/datanode-8/data/ratis/2d0e87e8-dab7-40a9-b65c-eab8296f31c3 for RaftStorage:Storage Directory /workdir/hadoop-ozone/integration-test/target/test-dir/MiniOzoneClusterImpl-37d049c1-8781-4836-8b63-386207273279/datanode-8/data/ratis/2d0e87e8-dab7-40a9-b65c-eab8296f31c3
2019-09-12 10:35:45,977 [pool-115-thread-1] INFO  server.RaftServerConfigKeys (ConfUtils.java:logGet(43)) - raft.server.log.queue.byte-limit = 2147483647 (custom)
2019-09-12 10:35:45,977 [pool-115-thread-1] INFO  server.RaftServerConfigKeys (ConfUtils.java:logGet(43)) - raft.server.log.queue.element-limit = 1024 (custom)
2019-09-12 10:35:45,977 [pool-115-thread-1] INFO  server.RaftServerConfigKeys (ConfUtils.java:logGet(43)) - raft.server.log.segment.size.max = 1048576 (custom)
2019-09-12 10:35:45,978 [pool-115-thread-1] INFO  server.RaftServerConfigKeys (ConfUtils.java:logGet(43)) - raft.server.log.preallocated.size = 16384 (custom)
2019-09-12 10:35:45,978 [pool-115-thread-1] INFO  server.RaftServerConfigKeys (ConfUtils.java:logGet(43)) - raft.server.log.write.buffer.size = 33554432 (custom)
2019-09-12 10:35:45,978 [pool-115-thread-1] INFO  server.RaftServerConfigKeys (ConfUtils.java:logGet(43)) - raft.server.log.force.sync.num = 128 (default)
2019-09-12 10:35:45,978 [pool-115-thread-1] INFO  server.RaftServerConfigKeys (ConfUtils.java:logGet(43)) - raft.server.log.statemachine.data.sync = true (default)
2019-09-12 10:35:45,978 [pool-115-thread-1] INFO  server.RaftServerConfigKeys (ConfUtils.java:logGet(43)) - raft.server.log.statemachine.data.sync.timeout = 10s (default)
2019-09-12 10:35:45,978 [pool-115-thread-1] INFO  server.RaftServerConfigKeys (ConfUtils.java:logGet(43)) - raft.server.log.statemachine.data.sync.timeout.retry = -1 (default)
2019-09-12 10:35:45,978 [pool-115-thread-1] INFO  server.RaftServerConfigKeys (ConfUtils.java:logGet(43)) - raft.server.log.statemachine.data.caching.enabled = true (custom)
2019-09-12 10:35:45,979 [pool-115-thread-1] INFO  segmented.SegmentedRaftLogWorker (SegmentedRaftLogWorker.java:lambda$new$0(132)) - a6b7ffbc-3229-4dcb-9aed-a6c6127890ed-SegmentedRaftLogWorker:Storage Directory /workdir/hadoop-ozone/integration-test/target/test-dir/MiniOzoneClusterImpl-37d049c1-8781-4836-8b63-386207273279/datanode-8/data/ratis/2d0e87e8-dab7-40a9-b65c-eab8296f31c3: flushIndex: setUnconditionally 0 -> -1
2019-09-12 10:35:45,979 [pool-115-thread-1] INFO  server.RaftServerConfigKeys (ConfUtils.java:logGet(43)) - raft.server.snapshot.auto.trigger.enabled = true (custom)
2019-09-12 10:35:45,979 [pool-115-thread-1] INFO  server.RaftServerConfigKeys (ConfUtils.java:logGet(43)) - raft.server.snapshot.auto.trigger.threshold = 10000 (custom)
2019-09-12 10:35:45,979 [pool-115-thread-1] INFO  server.RaftServerConfigKeys (ConfUtils.java:logGet(43)) - raft.server.retrycache.expirytime = 600000ms (custom)
2019-09-12 10:35:45,980 [pool-115-thread-1] INFO  impl.RaftServerImpl (RaftServerImpl.java:start(180)) - a6b7ffbc-3229-4dcb-9aed-a6c6127890ed: start group-EAB8296F31C3
2019-09-12 10:35:45,980 [pool-115-thread-1] INFO  impl.RaftServerImpl (RaftServerImpl.java:setRole(171)) - a6b7ffbc-3229-4dcb-9aed-a6c6127890ed:group-EAB8296F31C3 changes role from null to FOLLOWER at term 0 for startAsFollower
2019-09-12 10:35:45,980 [pool-115-thread-1] INFO  impl.RoleInfo (RoleInfo.java:updateAndGet(143)) - a6b7ffbc-3229-4dcb-9aed-a6c6127890ed: start FollowerState
2019-09-12 10:35:45,980 [pool-115-thread-1] INFO  util.JmxRegister (JmxRegister.java:tryRegister(44)) - Successfully registered JMX Bean with object name Ratis:service=RaftServer,group=group-EAB8296F31C3,id=a6b7ffbc-3229-4dcb-9aed-a6c6127890ed
2019-09-12 10:35:45,984 [RatisPipelineUtilsThread] INFO  pipeline.PipelineStateManager (PipelineStateManager.java:addPipeline(56)) - Created pipeline Pipeline[ Id: 2d0e87e8-dab7-40a9-b65c-eab8296f31c3, Nodes: a6b7ffbc-3229-4dcb-9aed-a6c6127890ed{ip: 192.168.36.114, host: pr-hdds-1569-58hkm-1881083799, networkLocation: /default-rack, certSerialId: null}, Type:RATIS, Factor:ONE, State:OPEN]
2019-09-12 10:35:45,984 [RatisPipelineUtilsThread] ERROR pipeline.PipelinePlacementPolicy (PipelinePlacementPolicy.java:meetCriteria(92)) - Pipeline Placement: Doesn't meet the criteria to be viable node. Heaviness: 6
2019-09-12 10:35:45,984 [RatisPipelineUtilsThread] ERROR pipeline.PipelinePlacementPolicy (PipelinePlacementPolicy.java:meetCriteria(92)) - Pipeline Placement: Doesn't meet the criteria to be viable node. Heaviness: 6
2019-09-12 10:35:45,984 [RatisPipelineUtilsThread] ERROR pipeline.PipelinePlacementPolicy (PipelinePlacementPolicy.java:meetCriteria(92)) - Pipeline Placement: Doesn't meet the criteria to be viable node. Heaviness: 6
2019-09-12 10:35:45,985 [RatisPipelineUtilsThread] ERROR pipeline.PipelinePlacementPolicy (PipelinePlacementPolicy.java:meetCriteria(92)) - Pipeline Placement: Doesn't meet the criteria to be viable node. Heaviness: 6
2019-09-12 10:35:45,985 [RatisPipelineUtilsThread] ERROR pipeline.PipelinePlacementPolicy (PipelinePlacementPolicy.java:meetCriteria(92)) - Pipeline Placement: Doesn't meet the criteria to be viable node. Heaviness: 6
2019-09-12 10:35:45,985 [RatisPipelineUtilsThread] ERROR pipeline.PipelinePlacementPolicy (PipelinePlacementPolicy.java:meetCriteria(92)) - Pipeline Placement: Doesn't meet the criteria to be viable node. Heaviness: 6
2019-09-12 10:35:45,985 [RatisPipelineUtilsThread] ERROR pipeline.PipelinePlacementPolicy (PipelinePlacementPolicy.java:meetCriteria(92)) - Pipeline Placement: Doesn't meet the criteria to be viable node. Heaviness: 6
2019-09-12 10:35:45,985 [RatisPipelineUtilsThread] ERROR pipeline.PipelinePlacementPolicy (PipelinePlacementPolicy.java:meetCriteria(92)) - Pipeline Placement: Doesn't meet the criteria to be viable node. Heaviness: 6
2019-09-12 10:35:45,991 [grpc-default-executor-0] INFO  impl.RaftServerProxy (RaftServerProxy.java:addNew(89)) - a6b7ffbc-3229-4dcb-9aed-a6c6127890ed: addNew group-8E9AF6697B90:[a6b7ffbc-3229-4dcb-9aed-a6c6127890ed:192.168.36.114:37105] returns group-8E9AF6697B90:java.util.concurrent.CompletableFuture@597208e3[Not completed]
2019-09-12 10:35:45,992 [pool-115-thread-1] INFO  impl.RaftServerImpl (RaftServerImpl.java:<init>(93)) - a6b7ffbc-3229-4dcb-9aed-a6c6127890ed: new RaftServerImpl for group-8E9AF6697B90:[a6b7ffbc-3229-4dcb-9aed-a6c6127890ed:192.168.36.114:37105] with ContainerStateMachine:uninitialized
2019-09-12 10:35:45,992 [pool-115-thread-1] INFO  server.RaftServerConfigKeys (ConfUtils.java:logGet(43)) - raft.server.rpc.timeout.min = 5s (custom)
2019-09-12 10:35:45,992 [pool-115-thread-1] INFO  server.RaftServerConfigKeys (ConfUtils.java:logGet(43)) - raft.server.rpc.timeout.max = 5200ms (custom)
2019-09-12 10:35:45,992 [pool-115-thread-1] INFO  server.RaftServerConfigKeys (ConfUtils.java:logGet(43)) - raft.server.rpcslowness.timeout = 120s (custom)
2019-09-12 10:35:45,993 [pool-115-thread-1] INFO  server.RaftServerConfigKeys (ConfUtils.java:logGet(43)) - raft.server.sleep.deviation.threshold = 300 (default)
2019-09-12 10:35:45,993 [pool-115-thread-1] INFO  server.RaftServerConfigKeys (ConfUtils.java:logGet(43)) - raft.server.log.appender.install.snapshot.enabled = false (custom)
2019-09-12 10:35:45,993 [pool-115-thread-1] INFO  impl.RaftServerImpl (ServerState.java:<init>(105)) - a6b7ffbc-3229-4dcb-9aed-a6c6127890ed:group-8E9AF6697B90 ConfigurationManager, init=-1: [a6b7ffbc-3229-4dcb-9aed-a6c6127890ed:192.168.36.114:37105], old=null, confs=<EMPTY_MAP>
2019-09-12 10:35:45,993 [pool-115-thread-1] INFO  server.RaftServerConfigKeys (ConfUtils.java:logGet(43)) - raft.server.storage.dir = [/workdir/hadoop-ozone/integration-test/target/test-dir/MiniOzoneClusterImpl-37d049c1-8781-4836-8b63-386207273279/datanode-8/data/ratis] (custom)
2019-09-12 10:35:45,993 [pool-115-thread-1] INFO  storage.RaftStorageDirectory (RaftStorageDirectory.java:analyzeStorage(246)) - The storage directory /workdir/hadoop-ozone/integration-test/target/test-dir/MiniOzoneClusterImpl-37d049c1-8781-4836-8b63-386207273279/datanode-8/data/ratis/bdc905f4-e0b6-4ae5-aa36-8e9af6697b90 does not exist. Creating ...
2019-09-12 10:35:46,006 [pool-115-thread-1] INFO  storage.RaftStorageDirectory (RaftStorageDirectory.java:tryLock(328)) - Lock on /workdir/hadoop-ozone/integration-test/target/test-dir/MiniOzoneClusterImpl-37d049c1-8781-4836-8b63-386207273279/datanode-8/data/ratis/bdc905f4-e0b6-4ae5-aa36-8e9af6697b90/in_use.lock acquired by nodename 9512@pr-hdds-1569-58hkm-1881083799
2019-09-12 10:35:46,019 [pool-115-thread-1] INFO  storage.RaftStorage (RaftStorage.java:format(72)) - Storage directory /workdir/hadoop-ozone/integration-test/target/test-dir/MiniOzoneClusterImpl-37d049c1-8781-4836-8b63-386207273279/datanode-8/data/ratis/bdc905f4-e0b6-4ae5-aa36-8e9af6697b90 has been successfully formatted.
2019-09-12 10:35:46,019 [pool-115-thread-1] INFO  ratis.ContainerStateMachine (ContainerStateMachine.java:loadSnapshot(226)) - group-8E9AF6697B90: The snapshot info is null. Setting the last applied indexto:(t:0, i:~)
2019-09-12 10:35:46,019 [pool-115-thread-1] INFO  server.RaftServerConfigKeys (ConfUtils.java:logGet(43)) - raft.server.leader.election.timeout = 120s (custom)
2019-09-12 10:35:46,019 [pool-115-thread-1] INFO  server.RaftServerConfigKeys (ConfUtils.java:logGet(43)) - raft.server.log.use.memory = false (default)
2019-09-12 10:35:46,020 [pool-115-thread-1] INFO  server.RaftServerConfigKeys (ConfUtils.java:logGet(43)) - raft.server.log.purge.gap = 1000000 (custom)
2019-09-12 10:35:46,020 [pool-115-thread-1] INFO  server.RaftServerConfigKeys (ConfUtils.java:logGet(43)) - raft.server.log.appender.buffer.byte-limit = 33554432 (custom)
2019-09-12 10:35:46,020 [pool-115-thread-1] INFO  server.RaftServerConfigKeys (ConfUtils.java:logGet(43)) - raft.server.log.segment.size.max = 1048576 (custom)
2019-09-12 10:35:46,020 [pool-115-thread-1] INFO  server.RaftServerConfigKeys (ConfUtils.java:logGet(43)) - raft.server.log.segment.cache.num.max = 2 (custom)
2019-09-12 10:35:46,020 [pool-115-thread-1] INFO  segmented.SegmentedRaftLogWorker (SegmentedRaftLogWorker.java:<init>(172)) - new a6b7ffbc-3229-4dcb-9aed-a6c6127890ed-SegmentedRaftLogWorker:Storage Directory /workdir/hadoop-ozone/integration-test/target/test-dir/MiniOzoneClusterImpl-37d049c1-8781-4836-8b63-386207273279/datanode-8/data/ratis/bdc905f4-e0b6-4ae5-aa36-8e9af6697b90 for RaftStorage:Storage Directory /workdir/hadoop-ozone/integration-test/target/test-dir/MiniOzoneClusterImpl-37d049c1-8781-4836-8b63-386207273279/datanode-8/data/ratis/bdc905f4-e0b6-4ae5-aa36-8e9af6697b90
2019-09-12 10:35:46,020 [pool-115-thread-1] INFO  server.RaftServerConfigKeys (ConfUtils.java:logGet(43)) - raft.server.log.queue.byte-limit = 2147483647 (custom)
2019-09-12 10:35:46,021 [pool-115-thread-1] INFO  server.RaftServerConfigKeys (ConfUtils.java:logGet(43)) - raft.server.log.queue.element-limit = 1024 (custom)
2019-09-12 10:35:46,021 [pool-115-thread-1] INFO  server.RaftServerConfigKeys (ConfUtils.java:logGet(43)) - raft.server.log.segment.size.max = 1048576 (custom)
2019-09-12 10:35:46,021 [pool-115-thread-1] INFO  server.RaftServerConfigKeys (ConfUtils.java:logGet(43)) - raft.server.log.preallocated.size = 16384 (custom)
2019-09-12 10:35:46,021 [pool-115-thread-1] INFO  server.RaftServerConfigKeys (ConfUtils.java:logGet(43)) - raft.server.log.write.buffer.size = 33554432 (custom)
2019-09-12 10:35:46,021 [pool-115-thread-1] INFO  server.RaftServerConfigKeys (ConfUtils.java:logGet(43)) - raft.server.log.force.sync.num = 128 (default)
2019-09-12 10:35:46,021 [pool-115-thread-1] INFO  server.RaftServerConfigKeys (ConfUtils.java:logGet(43)) - raft.server.log.statemachine.data.sync = true (default)
2019-09-12 10:35:46,022 [pool-115-thread-1] INFO  server.RaftServerConfigKeys (ConfUtils.java:logGet(43)) - raft.server.log.statemachine.data.sync.timeout = 10s (default)
2019-09-12 10:35:46,022 [pool-115-thread-1] INFO  server.RaftServerConfigKeys (ConfUtils.java:logGet(43)) - raft.server.log.statemachine.data.sync.timeout.retry = -1 (default)
2019-09-12 10:35:46,022 [pool-115-thread-1] INFO  server.RaftServerConfigKeys (ConfUtils.java:logGet(43)) - raft.server.log.statemachine.data.caching.enabled = true (custom)
2019-09-12 10:35:46,022 [pool-115-thread-1] INFO  segmented.SegmentedRaftLogWorker (SegmentedRaftLogWorker.java:lambda$new$0(132)) - a6b7ffbc-3229-4dcb-9aed-a6c6127890ed-SegmentedRaftLogWorker:Storage Directory /workdir/hadoop-ozone/integration-test/target/test-dir/MiniOzoneClusterImpl-37d049c1-8781-4836-8b63-386207273279/datanode-8/data/ratis/bdc905f4-e0b6-4ae5-aa36-8e9af6697b90: flushIndex: setUnconditionally 0 -> -1
2019-09-12 10:35:46,023 [pool-115-thread-1] INFO  server.RaftServerConfigKeys (ConfUtils.java:logGet(43)) - raft.server.snapshot.auto.trigger.enabled = true (custom)
2019-09-12 10:35:46,023 [pool-115-thread-1] INFO  server.RaftServerConfigKeys (ConfUtils.java:logGet(43)) - raft.server.snapshot.auto.trigger.threshold = 10000 (custom)
2019-09-12 10:35:46,023 [pool-115-thread-1] INFO  server.RaftServerConfigKeys (ConfUtils.java:logGet(43)) - raft.server.retrycache.expirytime = 600000ms (custom)
2019-09-12 10:35:46,023 [pool-115-thread-1] INFO  impl.RaftServerImpl (RaftServerImpl.java:start(180)) - a6b7ffbc-3229-4dcb-9aed-a6c6127890ed: start group-8E9AF6697B90
2019-09-12 10:35:46,023 [pool-115-thread-1] INFO  impl.RaftServerImpl (RaftServerImpl.java:setRole(171)) - a6b7ffbc-3229-4dcb-9aed-a6c6127890ed:group-8E9AF6697B90 changes role from null to FOLLOWER at term 0 for startAsFollower
2019-09-12 10:35:46,024 [pool-115-thread-1] INFO  impl.RoleInfo (RoleInfo.java:updateAndGet(143)) - a6b7ffbc-3229-4dcb-9aed-a6c6127890ed: start FollowerState
2019-09-12 10:35:46,024 [pool-115-thread-1] INFO  util.JmxRegister (JmxRegister.java:tryRegister(44)) - Successfully registered JMX Bean with object name Ratis:service=RaftServer,group=group-8E9AF6697B90,id=a6b7ffbc-3229-4dcb-9aed-a6c6127890ed
2019-09-12 10:35:46,027 [RatisPipelineUtilsThread] INFO  pipeline.PipelineStateManager (PipelineStateManager.java:addPipeline(56)) - Created pipeline Pipeline[ Id: bdc905f4-e0b6-4ae5-aa36-8e9af6697b90, Nodes: a6b7ffbc-3229-4dcb-9aed-a6c6127890ed{ip: 192.168.36.114, host: pr-hdds-1569-58hkm-1881083799, networkLocation: /default-rack, certSerialId: null}, Type:RATIS, Factor:ONE, State:OPEN]
2019-09-12 10:35:46,028 [RatisPipelineUtilsThread] ERROR pipeline.PipelinePlacementPolicy (PipelinePlacementPolicy.java:meetCriteria(92)) - Pipeline Placement: Doesn't meet the criteria to be viable node. Heaviness: 6
2019-09-12 10:35:46,028 [RatisPipelineUtilsThread] ERROR pipeline.PipelinePlacementPolicy (PipelinePlacementPolicy.java:meetCriteria(92)) - Pipeline Placement: Doesn't meet the criteria to be viable node. Heaviness: 6
2019-09-12 10:35:46,028 [RatisPipelineUtilsThread] ERROR pipeline.PipelinePlacementPolicy (PipelinePlacementPolicy.java:meetCriteria(92)) - Pipeline Placement: Doesn't meet the criteria to be viable node. Heaviness: 6
2019-09-12 10:35:46,028 [RatisPipelineUtilsThread] ERROR pipeline.PipelinePlacementPolicy (PipelinePlacementPolicy.java:meetCriteria(92)) - Pipeline Placement: Doesn't meet the criteria to be viable node. Heaviness: 6
2019-09-12 10:35:46,028 [RatisPipelineUtilsThread] ERROR pipeline.PipelinePlacementPolicy (PipelinePlacementPolicy.java:meetCriteria(92)) - Pipeline Placement: Doesn't meet the criteria to be viable node. Heaviness: 6
2019-09-12 10:35:46,029 [RatisPipelineUtilsThread] ERROR pipeline.PipelinePlacementPolicy (PipelinePlacementPolicy.java:meetCriteria(92)) - Pipeline Placement: Doesn't meet the criteria to be viable node. Heaviness: 6
2019-09-12 10:35:46,029 [RatisPipelineUtilsThread] ERROR pipeline.PipelinePlacementPolicy (PipelinePlacementPolicy.java:meetCriteria(92)) - Pipeline Placement: Doesn't meet the criteria to be viable node. Heaviness: 6
2019-09-12 10:35:46,029 [RatisPipelineUtilsThread] ERROR pipeline.PipelinePlacementPolicy (PipelinePlacementPolicy.java:meetCriteria(92)) - Pipeline Placement: Doesn't meet the criteria to be viable node. Heaviness: 6
2019-09-12 10:35:46,036 [grpc-default-executor-0] INFO  impl.RaftServerProxy (RaftServerProxy.java:addNew(89)) - a6b7ffbc-3229-4dcb-9aed-a6c6127890ed: addNew group-C4AC1507F344:[a6b7ffbc-3229-4dcb-9aed-a6c6127890ed:192.168.36.114:37105] returns group-C4AC1507F344:java.util.concurrent.CompletableFuture@1bffd9d2[Not completed]
2019-09-12 10:35:46,037 [pool-115-thread-1] INFO  impl.RaftServerImpl (RaftServerImpl.java:<init>(93)) - a6b7ffbc-3229-4dcb-9aed-a6c6127890ed: new RaftServerImpl for group-C4AC1507F344:[a6b7ffbc-3229-4dcb-9aed-a6c6127890ed:192.168.36.114:37105] with ContainerStateMachine:uninitialized
2019-09-12 10:35:46,037 [pool-115-thread-1] INFO  server.RaftServerConfigKeys (ConfUtils.java:logGet(43)) - raft.server.rpc.timeout.min = 5s (custom)
2019-09-12 10:35:46,037 [pool-115-thread-1] INFO  server.RaftServerConfigKeys (ConfUtils.java:logGet(43)) - raft.server.rpc.timeout.max = 5200ms (custom)
2019-09-12 10:35:46,037 [pool-115-thread-1] INFO  server.RaftServerConfigKeys (ConfUtils.java:logGet(43)) - raft.server.rpcslowness.timeout = 120s (custom)
2019-09-12 10:35:46,038 [pool-115-thread-1] INFO  server.RaftServerConfigKeys (ConfUtils.java:logGet(43)) - raft.server.sleep.deviation.threshold = 300 (default)
2019-09-12 10:35:46,038 [pool-115-thread-1] INFO  server.RaftServerConfigKeys (ConfUtils.java:logGet(43)) - raft.server.log.appender.install.snapshot.enabled = false (custom)
2019-09-12 10:35:46,038 [pool-115-thread-1] INFO  impl.RaftServerImpl (ServerState.java:<init>(105)) - a6b7ffbc-3229-4dcb-9aed-a6c6127890ed:group-C4AC1507F344 ConfigurationManager, init=-1: [a6b7ffbc-3229-4dcb-9aed-a6c6127890ed:192.168.36.114:37105], old=null, confs=<EMPTY_MAP>
2019-09-12 10:35:46,038 [pool-115-thread-1] INFO  server.RaftServerConfigKeys (ConfUtils.java:logGet(43)) - raft.server.storage.dir = [/workdir/hadoop-ozone/integration-test/target/test-dir/MiniOzoneClusterImpl-37d049c1-8781-4836-8b63-386207273279/datanode-8/data/ratis] (custom)
2019-09-12 10:35:46,039 [pool-115-thread-1] INFO  storage.RaftStorageDirectory (RaftStorageDirectory.java:analyzeStorage(246)) - The storage directory /workdir/hadoop-ozone/integration-test/target/test-dir/MiniOzoneClusterImpl-37d049c1-8781-4836-8b63-386207273279/datanode-8/data/ratis/6acc2e39-4ae1-4bb3-aafb-c4ac1507f344 does not exist. Creating ...
2019-09-12 10:35:46,061 [pool-115-thread-1] INFO  storage.RaftStorageDirectory (RaftStorageDirectory.java:tryLock(328)) - Lock on /workdir/hadoop-ozone/integration-test/target/test-dir/MiniOzoneClusterImpl-37d049c1-8781-4836-8b63-386207273279/datanode-8/data/ratis/6acc2e39-4ae1-4bb3-aafb-c4ac1507f344/in_use.lock acquired by nodename 9512@pr-hdds-1569-58hkm-1881083799
2019-09-12 10:35:46,076 [pool-115-thread-1] INFO  storage.RaftStorage (RaftStorage.java:format(72)) - Storage directory /workdir/hadoop-ozone/integration-test/target/test-dir/MiniOzoneClusterImpl-37d049c1-8781-4836-8b63-386207273279/datanode-8/data/ratis/6acc2e39-4ae1-4bb3-aafb-c4ac1507f344 has been successfully formatted.
2019-09-12 10:35:46,076 [pool-115-thread-1] INFO  ratis.ContainerStateMachine (ContainerStateMachine.java:loadSnapshot(226)) - group-C4AC1507F344: The snapshot info is null. Setting the last applied indexto:(t:0, i:~)
2019-09-12 10:35:46,076 [pool-115-thread-1] INFO  server.RaftServerConfigKeys (ConfUtils.java:logGet(43)) - raft.server.leader.election.timeout = 120s (custom)
2019-09-12 10:35:46,076 [pool-115-thread-1] INFO  server.RaftServerConfigKeys (ConfUtils.java:logGet(43)) - raft.server.log.use.memory = false (default)
2019-09-12 10:35:46,076 [pool-115-thread-1] INFO  server.RaftServerConfigKeys (ConfUtils.java:logGet(43)) - raft.server.log.purge.gap = 1000000 (custom)
2019-09-12 10:35:46,077 [pool-115-thread-1] INFO  server.RaftServerConfigKeys (ConfUtils.java:logGet(43)) - raft.server.log.appender.buffer.byte-limit = 33554432 (custom)
2019-09-12 10:35:46,077 [pool-115-thread-1] INFO  server.RaftServerConfigKeys (ConfUtils.java:logGet(43)) - raft.server.log.segment.size.max = 1048576 (custom)
2019-09-12 10:35:46,077 [pool-115-thread-1] INFO  server.RaftServerConfigKeys (ConfUtils.java:logGet(43)) - raft.server.log.segment.cache.num.max = 2 (custom)
2019-09-12 10:35:46,077 [pool-115-thread-1] INFO  segmented.SegmentedRaftLogWorker (SegmentedRaftLogWorker.java:<init>(172)) - new a6b7ffbc-3229-4dcb-9aed-a6c6127890ed-SegmentedRaftLogWorker:Storage Directory /workdir/hadoop-ozone/integration-test/target/test-dir/MiniOzoneClusterImpl-37d049c1-8781-4836-8b63-386207273279/datanode-8/data/ratis/6acc2e39-4ae1-4bb3-aafb-c4ac1507f344 for RaftStorage:Storage Directory /workdir/hadoop-ozone/integration-test/target/test-dir/MiniOzoneClusterImpl-37d049c1-8781-4836-8b63-386207273279/datanode-8/data/ratis/6acc2e39-4ae1-4bb3-aafb-c4ac1507f344
2019-09-12 10:35:46,077 [pool-115-thread-1] INFO  server.RaftServerConfigKeys (ConfUtils.java:logGet(43)) - raft.server.log.queue.byte-limit = 2147483647 (custom)
2019-09-12 10:35:46,078 [pool-115-thread-1] INFO  server.RaftServerConfigKeys (ConfUtils.java:logGet(43)) - raft.server.log.queue.element-limit = 1024 (custom)
2019-09-12 10:35:46,078 [pool-115-thread-1] INFO  server.RaftServerConfigKeys (ConfUtils.java:logGet(43)) - raft.server.log.segment.size.max = 1048576 (custom)
2019-09-12 10:35:46,078 [pool-115-thread-1] INFO  server.RaftServerConfigKeys (ConfUtils.java:logGet(43)) - raft.server.log.preallocated.size = 16384 (custom)
2019-09-12 10:35:46,078 [pool-115-thread-1] INFO  server.RaftServerConfigKeys (ConfUtils.java:logGet(43)) - raft.server.log.write.buffer.size = 33554432 (custom)
2019-09-12 10:35:46,078 [pool-115-thread-1] INFO  server.RaftServerConfigKeys (ConfUtils.java:logGet(43)) - raft.server.log.force.sync.num = 128 (default)
2019-09-12 10:35:46,078 [pool-115-thread-1] INFO  server.RaftServerConfigKeys (ConfUtils.java:logGet(43)) - raft.server.log.statemachine.data.sync = true (default)
2019-09-12 10:35:46,078 [pool-115-thread-1] INFO  server.RaftServerConfigKeys (ConfUtils.java:logGet(43)) - raft.server.log.statemachine.data.sync.timeout = 10s (default)
2019-09-12 10:35:46,079 [pool-115-thread-1] INFO  server.RaftServerConfigKeys (ConfUtils.java:logGet(43)) - raft.server.log.statemachine.data.sync.timeout.retry = -1 (default)
2019-09-12 10:35:46,079 | INFO  | SCMAudit | user=jenkins1000 | ip=192.168.36.114 | op=SEND_HEARTBEAT {datanodeUUID=8ecfe8bb-6ab2-4306-955c-1af4e2a21ecc, command=[]} | ret=SUCCESS |  
2019-09-12 10:35:46,079 [pool-115-thread-1] INFO  server.RaftServerConfigKeys (ConfUtils.java:logGet(43)) - raft.server.log.statemachine.data.caching.enabled = true (custom)
2019-09-12 10:35:46,079 [pool-115-thread-1] INFO  segmented.SegmentedRaftLogWorker (SegmentedRaftLogWorker.java:lambda$new$0(132)) - a6b7ffbc-3229-4dcb-9aed-a6c6127890ed-SegmentedRaftLogWorker:Storage Directory /workdir/hadoop-ozone/integration-test/target/test-dir/MiniOzoneClusterImpl-37d049c1-8781-4836-8b63-386207273279/datanode-8/data/ratis/6acc2e39-4ae1-4bb3-aafb-c4ac1507f344: flushIndex: setUnconditionally 0 -> -1
2019-09-12 10:35:46,080 [pool-115-thread-1] INFO  server.RaftServerConfigKeys (ConfUtils.java:logGet(43)) - raft.server.snapshot.auto.trigger.enabled = true (custom)
2019-09-12 10:35:46,080 [pool-115-thread-1] INFO  server.RaftServerConfigKeys (ConfUtils.java:logGet(43)) - raft.server.snapshot.auto.trigger.threshold = 10000 (custom)
2019-09-12 10:35:46,080 [pool-115-thread-1] INFO  server.RaftServerConfigKeys (ConfUtils.java:logGet(43)) - raft.server.retrycache.expirytime = 600000ms (custom)
2019-09-12 10:35:46,080 [pool-115-thread-1] INFO  impl.RaftServerImpl (RaftServerImpl.java:start(180)) - a6b7ffbc-3229-4dcb-9aed-a6c6127890ed: start group-C4AC1507F344
2019-09-12 10:35:46,081 [pool-115-thread-1] INFO  impl.RaftServerImpl (RaftServerImpl.java:setRole(171)) - a6b7ffbc-3229-4dcb-9aed-a6c6127890ed:group-C4AC1507F344 changes role from null to FOLLOWER at term 0 for startAsFollower
2019-09-12 10:35:46,081 [pool-115-thread-1] INFO  impl.RoleInfo (RoleInfo.java:updateAndGet(143)) - a6b7ffbc-3229-4dcb-9aed-a6c6127890ed: start FollowerState
2019-09-12 10:35:46,081 [pool-115-thread-1] INFO  util.JmxRegister (JmxRegister.java:tryRegister(44)) - Successfully registered JMX Bean with object name Ratis:service=RaftServer,group=group-C4AC1507F344,id=a6b7ffbc-3229-4dcb-9aed-a6c6127890ed
2019-09-12 10:35:46,085 [RatisPipelineUtilsThread] INFO  pipeline.PipelineStateManager (PipelineStateManager.java:addPipeline(56)) - Created pipeline Pipeline[ Id: 6acc2e39-4ae1-4bb3-aafb-c4ac1507f344, Nodes: a6b7ffbc-3229-4dcb-9aed-a6c6127890ed{ip: 192.168.36.114, host: pr-hdds-1569-58hkm-1881083799, networkLocation: /default-rack, certSerialId: null}, Type:RATIS, Factor:ONE, State:OPEN]
2019-09-12 10:35:46,085 [RatisPipelineUtilsThread] ERROR pipeline.PipelinePlacementPolicy (PipelinePlacementPolicy.java:meetCriteria(92)) - Pipeline Placement: Doesn't meet the criteria to be viable node. Heaviness: 6
2019-09-12 10:35:46,085 [RatisPipelineUtilsThread] ERROR pipeline.PipelinePlacementPolicy (PipelinePlacementPolicy.java:meetCriteria(92)) - Pipeline Placement: Doesn't meet the criteria to be viable node. Heaviness: 6
2019-09-12 10:35:46,085 [RatisPipelineUtilsThread] ERROR pipeline.PipelinePlacementPolicy (PipelinePlacementPolicy.java:meetCriteria(92)) - Pipeline Placement: Doesn't meet the criteria to be viable node. Heaviness: 6
2019-09-12 10:35:46,086 [RatisPipelineUtilsThread] ERROR pipeline.PipelinePlacementPolicy (PipelinePlacementPolicy.java:meetCriteria(92)) - Pipeline Placement: Doesn't meet the criteria to be viable node. Heaviness: 6
2019-09-12 10:35:46,086 [RatisPipelineUtilsThread] ERROR pipeline.PipelinePlacementPolicy (PipelinePlacementPolicy.java:meetCriteria(92)) - Pipeline Placement: Doesn't meet the criteria to be viable node. Heaviness: 6
2019-09-12 10:35:46,086 [RatisPipelineUtilsThread] ERROR pipeline.PipelinePlacementPolicy (PipelinePlacementPolicy.java:meetCriteria(92)) - Pipeline Placement: Doesn't meet the criteria to be viable node. Heaviness: 6
2019-09-12 10:35:46,086 [RatisPipelineUtilsThread] ERROR pipeline.PipelinePlacementPolicy (PipelinePlacementPolicy.java:meetCriteria(92)) - Pipeline Placement: Doesn't meet the criteria to be viable node. Heaviness: 6
2019-09-12 10:35:46,086 [RatisPipelineUtilsThread] ERROR pipeline.PipelinePlacementPolicy (PipelinePlacementPolicy.java:meetCriteria(92)) - Pipeline Placement: Doesn't meet the criteria to be viable node. Heaviness: 6
2019-09-12 10:35:46,093 [grpc-default-executor-0] INFO  impl.RaftServerProxy (RaftServerProxy.java:addNew(89)) - 0a9130e0-9a35-4f66-8d33-a89a6f54c6a4: addNew group-027943CBE7F4:[0a9130e0-9a35-4f66-8d33-a89a6f54c6a4:192.168.36.114:45292] returns group-027943CBE7F4:java.util.concurrent.CompletableFuture@33ca1c72[Not completed]
2019-09-12 10:35:46,094 [pool-126-thread-1] INFO  impl.RaftServerImpl (RaftServerImpl.java:<init>(93)) - 0a9130e0-9a35-4f66-8d33-a89a6f54c6a4: new RaftServerImpl for group-027943CBE7F4:[0a9130e0-9a35-4f66-8d33-a89a6f54c6a4:192.168.36.114:45292] with ContainerStateMachine:uninitialized
2019-09-12 10:35:46,094 [pool-126-thread-1] INFO  server.RaftServerConfigKeys (ConfUtils.java:logGet(43)) - raft.server.rpc.timeout.min = 5s (custom)
2019-09-12 10:35:46,095 [pool-126-thread-1] INFO  server.RaftServerConfigKeys (ConfUtils.java:logGet(43)) - raft.server.rpc.timeout.max = 5200ms (custom)
2019-09-12 10:35:46,095 [pool-126-thread-1] INFO  server.RaftServerConfigKeys (ConfUtils.java:logGet(43)) - raft.server.rpcslowness.timeout = 120s (custom)
2019-09-12 10:35:46,095 [pool-126-thread-1] INFO  server.RaftServerConfigKeys (ConfUtils.java:logGet(43)) - raft.server.sleep.deviation.threshold = 300 (default)
2019-09-12 10:35:46,095 [pool-126-thread-1] INFO  server.RaftServerConfigKeys (ConfUtils.java:logGet(43)) - raft.server.log.appender.install.snapshot.enabled = false (custom)
2019-09-12 10:35:46,095 [pool-126-thread-1] INFO  impl.RaftServerImpl (ServerState.java:<init>(105)) - 0a9130e0-9a35-4f66-8d33-a89a6f54c6a4:group-027943CBE7F4 ConfigurationManager, init=-1: [0a9130e0-9a35-4f66-8d33-a89a6f54c6a4:192.168.36.114:45292], old=null, confs=<EMPTY_MAP>
2019-09-12 10:35:46,095 [pool-126-thread-1] INFO  server.RaftServerConfigKeys (ConfUtils.java:logGet(43)) - raft.server.storage.dir = [/workdir/hadoop-ozone/integration-test/target/test-dir/MiniOzoneClusterImpl-37d049c1-8781-4836-8b63-386207273279/datanode-9/data/ratis] (custom)
2019-09-12 10:35:46,096 [pool-126-thread-1] INFO  storage.RaftStorageDirectory (RaftStorageDirectory.java:analyzeStorage(246)) - The storage directory /workdir/hadoop-ozone/integration-test/target/test-dir/MiniOzoneClusterImpl-37d049c1-8781-4836-8b63-386207273279/datanode-9/data/ratis/69cda069-4c89-4b85-a5d1-027943cbe7f4 does not exist. Creating ...
2019-09-12 10:35:46,105 | INFO  | SCMAudit | user=jenkins1000 | ip=192.168.36.114 | op=SEND_HEARTBEAT {datanodeUUID=0a9130e0-9a35-4f66-8d33-a89a6f54c6a4, command=[]} | ret=SUCCESS |  
2019-09-12 10:35:46,119 [pool-126-thread-1] INFO  storage.RaftStorageDirectory (RaftStorageDirectory.java:tryLock(328)) - Lock on /workdir/hadoop-ozone/integration-test/target/test-dir/MiniOzoneClusterImpl-37d049c1-8781-4836-8b63-386207273279/datanode-9/data/ratis/69cda069-4c89-4b85-a5d1-027943cbe7f4/in_use.lock acquired by nodename 9512@pr-hdds-1569-58hkm-1881083799
2019-09-12 10:35:46,142 [pool-126-thread-1] INFO  storage.RaftStorage (RaftStorage.java:format(72)) - Storage directory /workdir/hadoop-ozone/integration-test/target/test-dir/MiniOzoneClusterImpl-37d049c1-8781-4836-8b63-386207273279/datanode-9/data/ratis/69cda069-4c89-4b85-a5d1-027943cbe7f4 has been successfully formatted.
2019-09-12 10:35:46,142 [pool-126-thread-1] INFO  ratis.ContainerStateMachine (ContainerStateMachine.java:loadSnapshot(226)) - group-027943CBE7F4: The snapshot info is null. Setting the last applied indexto:(t:0, i:~)
2019-09-12 10:35:46,143 [pool-126-thread-1] INFO  server.RaftServerConfigKeys (ConfUtils.java:logGet(43)) - raft.server.leader.election.timeout = 120s (custom)
2019-09-12 10:35:46,143 [pool-126-thread-1] INFO  server.RaftServerConfigKeys (ConfUtils.java:logGet(43)) - raft.server.log.use.memory = false (default)
2019-09-12 10:35:46,143 [pool-126-thread-1] INFO  server.RaftServerConfigKeys (ConfUtils.java:logGet(43)) - raft.server.log.purge.gap = 1000000 (custom)
2019-09-12 10:35:46,143 [pool-126-thread-1] INFO  server.RaftServerConfigKeys (ConfUtils.java:logGet(43)) - raft.server.log.appender.buffer.byte-limit = 33554432 (custom)
2019-09-12 10:35:46,143 [pool-126-thread-1] INFO  server.RaftServerConfigKeys (ConfUtils.java:logGet(43)) - raft.server.log.segment.size.max = 1048576 (custom)
2019-09-12 10:35:46,143 [pool-126-thread-1] INFO  server.RaftServerConfigKeys (ConfUtils.java:logGet(43)) - raft.server.log.segment.cache.num.max = 2 (custom)
2019-09-12 10:35:46,144 [pool-126-thread-1] INFO  segmented.SegmentedRaftLogWorker (SegmentedRaftLogWorker.java:<init>(172)) - new 0a9130e0-9a35-4f66-8d33-a89a6f54c6a4-SegmentedRaftLogWorker:Storage Directory /workdir/hadoop-ozone/integration-test/target/test-dir/MiniOzoneClusterImpl-37d049c1-8781-4836-8b63-386207273279/datanode-9/data/ratis/69cda069-4c89-4b85-a5d1-027943cbe7f4 for RaftStorage:Storage Directory /workdir/hadoop-ozone/integration-test/target/test-dir/MiniOzoneClusterImpl-37d049c1-8781-4836-8b63-386207273279/datanode-9/data/ratis/69cda069-4c89-4b85-a5d1-027943cbe7f4
2019-09-12 10:35:46,144 [pool-126-thread-1] INFO  server.RaftServerConfigKeys (ConfUtils.java:logGet(43)) - raft.server.log.queue.byte-limit = 2147483647 (custom)
2019-09-12 10:35:46,144 [pool-126-thread-1] INFO  server.RaftServerConfigKeys (ConfUtils.java:logGet(43)) - raft.server.log.queue.element-limit = 1024 (custom)
2019-09-12 10:35:46,144 [pool-126-thread-1] INFO  server.RaftServerConfigKeys (ConfUtils.java:logGet(43)) - raft.server.log.segment.size.max = 1048576 (custom)
2019-09-12 10:35:46,144 [pool-126-thread-1] INFO  server.RaftServerConfigKeys (ConfUtils.java:logGet(43)) - raft.server.log.preallocated.size = 16384 (custom)
2019-09-12 10:35:46,144 [pool-126-thread-1] INFO  server.RaftServerConfigKeys (ConfUtils.java:logGet(43)) - raft.server.log.write.buffer.size = 33554432 (custom)
2019-09-12 10:35:46,144 [pool-126-thread-1] INFO  server.RaftServerConfigKeys (ConfUtils.java:logGet(43)) - raft.server.log.force.sync.num = 128 (default)
2019-09-12 10:35:46,145 [pool-126-thread-1] INFO  server.RaftServerConfigKeys (ConfUtils.java:logGet(43)) - raft.server.log.statemachine.data.sync = true (default)
2019-09-12 10:35:46,145 [pool-126-thread-1] INFO  server.RaftServerConfigKeys (ConfUtils.java:logGet(43)) - raft.server.log.statemachine.data.sync.timeout = 10s (default)
2019-09-12 10:35:46,145 [pool-126-thread-1] INFO  server.RaftServerConfigKeys (ConfUtils.java:logGet(43)) - raft.server.log.statemachine.data.sync.timeout.retry = -1 (default)
2019-09-12 10:35:46,145 [pool-126-thread-1] INFO  server.RaftServerConfigKeys (ConfUtils.java:logGet(43)) - raft.server.log.statemachine.data.caching.enabled = true (custom)
2019-09-12 10:35:46,146 [pool-126-thread-1] INFO  segmented.SegmentedRaftLogWorker (SegmentedRaftLogWorker.java:lambda$new$0(132)) - 0a9130e0-9a35-4f66-8d33-a89a6f54c6a4-SegmentedRaftLogWorker:Storage Directory /workdir/hadoop-ozone/integration-test/target/test-dir/MiniOzoneClusterImpl-37d049c1-8781-4836-8b63-386207273279/datanode-9/data/ratis/69cda069-4c89-4b85-a5d1-027943cbe7f4: flushIndex: setUnconditionally 0 -> -1
2019-09-12 10:35:46,146 [pool-126-thread-1] INFO  server.RaftServerConfigKeys (ConfUtils.java:logGet(43)) - raft.server.snapshot.auto.trigger.enabled = true (custom)
2019-09-12 10:35:46,146 [pool-126-thread-1] INFO  server.RaftServerConfigKeys (ConfUtils.java:logGet(43)) - raft.server.snapshot.auto.trigger.threshold = 10000 (custom)
2019-09-12 10:35:46,146 [pool-126-thread-1] INFO  server.RaftServerConfigKeys (ConfUtils.java:logGet(43)) - raft.server.retrycache.expirytime = 600000ms (custom)
2019-09-12 10:35:46,147 [pool-126-thread-1] INFO  impl.RaftServerImpl (RaftServerImpl.java:start(180)) - 0a9130e0-9a35-4f66-8d33-a89a6f54c6a4: start group-027943CBE7F4
2019-09-12 10:35:46,147 [pool-126-thread-1] INFO  impl.RaftServerImpl (RaftServerImpl.java:setRole(171)) - 0a9130e0-9a35-4f66-8d33-a89a6f54c6a4:group-027943CBE7F4 changes role from null to FOLLOWER at term 0 for startAsFollower
2019-09-12 10:35:46,147 [pool-126-thread-1] INFO  impl.RoleInfo (RoleInfo.java:updateAndGet(143)) - 0a9130e0-9a35-4f66-8d33-a89a6f54c6a4: start FollowerState
2019-09-12 10:35:46,147 [pool-126-thread-1] INFO  util.JmxRegister (JmxRegister.java:tryRegister(44)) - Successfully registered JMX Bean with object name Ratis:service=RaftServer,group=group-027943CBE7F4,id=0a9130e0-9a35-4f66-8d33-a89a6f54c6a4
2019-09-12 10:35:46,151 [RatisPipelineUtilsThread] INFO  pipeline.PipelineStateManager (PipelineStateManager.java:addPipeline(56)) - Created pipeline Pipeline[ Id: 69cda069-4c89-4b85-a5d1-027943cbe7f4, Nodes: 0a9130e0-9a35-4f66-8d33-a89a6f54c6a4{ip: 192.168.36.114, host: pr-hdds-1569-58hkm-1881083799, networkLocation: /default-rack, certSerialId: null}, Type:RATIS, Factor:ONE, State:OPEN]
2019-09-12 10:35:46,151 [RatisPipelineUtilsThread] ERROR pipeline.PipelinePlacementPolicy (PipelinePlacementPolicy.java:meetCriteria(92)) - Pipeline Placement: Doesn't meet the criteria to be viable node. Heaviness: 6
2019-09-12 10:35:46,151 [RatisPipelineUtilsThread] ERROR pipeline.PipelinePlacementPolicy (PipelinePlacementPolicy.java:meetCriteria(92)) - Pipeline Placement: Doesn't meet the criteria to be viable node. Heaviness: 6
2019-09-12 10:35:46,151 [RatisPipelineUtilsThread] ERROR pipeline.PipelinePlacementPolicy (PipelinePlacementPolicy.java:meetCriteria(92)) - Pipeline Placement: Doesn't meet the criteria to be viable node. Heaviness: 6
2019-09-12 10:35:46,151 [RatisPipelineUtilsThread] ERROR pipeline.PipelinePlacementPolicy (PipelinePlacementPolicy.java:meetCriteria(92)) - Pipeline Placement: Doesn't meet the criteria to be viable node. Heaviness: 6
2019-09-12 10:35:46,151 [RatisPipelineUtilsThread] ERROR pipeline.PipelinePlacementPolicy (PipelinePlacementPolicy.java:meetCriteria(92)) - Pipeline Placement: Doesn't meet the criteria to be viable node. Heaviness: 6
2019-09-12 10:35:46,151 [RatisPipelineUtilsThread] ERROR pipeline.PipelinePlacementPolicy (PipelinePlacementPolicy.java:meetCriteria(92)) - Pipeline Placement: Doesn't meet the criteria to be viable node. Heaviness: 6
2019-09-12 10:35:46,152 [RatisPipelineUtilsThread] ERROR pipeline.PipelinePlacementPolicy (PipelinePlacementPolicy.java:meetCriteria(92)) - Pipeline Placement: Doesn't meet the criteria to be viable node. Heaviness: 6
2019-09-12 10:35:46,152 [RatisPipelineUtilsThread] ERROR pipeline.PipelinePlacementPolicy (PipelinePlacementPolicy.java:meetCriteria(92)) - Pipeline Placement: Doesn't meet the criteria to be viable node. Heaviness: 6
2019-09-12 10:35:46,157 [grpc-default-executor-0] INFO  impl.RaftServerProxy (RaftServerProxy.java:addNew(89)) - a6b7ffbc-3229-4dcb-9aed-a6c6127890ed: addNew group-56EB38F808C0:[a6b7ffbc-3229-4dcb-9aed-a6c6127890ed:192.168.36.114:37105] returns group-56EB38F808C0:java.util.concurrent.CompletableFuture@7c63169d[Not completed]
2019-09-12 10:35:46,159 [pool-115-thread-1] INFO  impl.RaftServerImpl (RaftServerImpl.java:<init>(93)) - a6b7ffbc-3229-4dcb-9aed-a6c6127890ed: new RaftServerImpl for group-56EB38F808C0:[a6b7ffbc-3229-4dcb-9aed-a6c6127890ed:192.168.36.114:37105] with ContainerStateMachine:uninitialized
2019-09-12 10:35:46,159 [pool-115-thread-1] INFO  server.RaftServerConfigKeys (ConfUtils.java:logGet(43)) - raft.server.rpc.timeout.min = 5s (custom)
2019-09-12 10:35:46,159 [pool-115-thread-1] INFO  server.RaftServerConfigKeys (ConfUtils.java:logGet(43)) - raft.server.rpc.timeout.max = 5200ms (custom)
2019-09-12 10:35:46,159 [pool-115-thread-1] INFO  server.RaftServerConfigKeys (ConfUtils.java:logGet(43)) - raft.server.rpcslowness.timeout = 120s (custom)
2019-09-12 10:35:46,159 [pool-115-thread-1] INFO  server.RaftServerConfigKeys (ConfUtils.java:logGet(43)) - raft.server.sleep.deviation.threshold = 300 (default)
2019-09-12 10:35:46,159 [pool-115-thread-1] INFO  server.RaftServerConfigKeys (ConfUtils.java:logGet(43)) - raft.server.log.appender.install.snapshot.enabled = false (custom)
2019-09-12 10:35:46,159 [pool-115-thread-1] INFO  impl.RaftServerImpl (ServerState.java:<init>(105)) - a6b7ffbc-3229-4dcb-9aed-a6c6127890ed:group-56EB38F808C0 ConfigurationManager, init=-1: [a6b7ffbc-3229-4dcb-9aed-a6c6127890ed:192.168.36.114:37105], old=null, confs=<EMPTY_MAP>
2019-09-12 10:35:46,159 [pool-115-thread-1] INFO  server.RaftServerConfigKeys (ConfUtils.java:logGet(43)) - raft.server.storage.dir = [/workdir/hadoop-ozone/integration-test/target/test-dir/MiniOzoneClusterImpl-37d049c1-8781-4836-8b63-386207273279/datanode-8/data/ratis] (custom)
2019-09-12 10:35:46,160 [pool-115-thread-1] INFO  storage.RaftStorageDirectory (RaftStorageDirectory.java:analyzeStorage(246)) - The storage directory /workdir/hadoop-ozone/integration-test/target/test-dir/MiniOzoneClusterImpl-37d049c1-8781-4836-8b63-386207273279/datanode-8/data/ratis/acae1ce4-0c1a-4c03-a477-56eb38f808c0 does not exist. Creating ...
2019-09-12 10:35:46,174 [pool-115-thread-1] INFO  storage.RaftStorageDirectory (RaftStorageDirectory.java:tryLock(328)) - Lock on /workdir/hadoop-ozone/integration-test/target/test-dir/MiniOzoneClusterImpl-37d049c1-8781-4836-8b63-386207273279/datanode-8/data/ratis/acae1ce4-0c1a-4c03-a477-56eb38f808c0/in_use.lock acquired by nodename 9512@pr-hdds-1569-58hkm-1881083799
2019-09-12 10:35:46,187 [pool-115-thread-1] INFO  storage.RaftStorage (RaftStorage.java:format(72)) - Storage directory /workdir/hadoop-ozone/integration-test/target/test-dir/MiniOzoneClusterImpl-37d049c1-8781-4836-8b63-386207273279/datanode-8/data/ratis/acae1ce4-0c1a-4c03-a477-56eb38f808c0 has been successfully formatted.
2019-09-12 10:35:46,187 [pool-115-thread-1] INFO  ratis.ContainerStateMachine (ContainerStateMachine.java:loadSnapshot(226)) - group-56EB38F808C0: The snapshot info is null. Setting the last applied indexto:(t:0, i:~)
2019-09-12 10:35:46,187 [pool-115-thread-1] INFO  server.RaftServerConfigKeys (ConfUtils.java:logGet(43)) - raft.server.leader.election.timeout = 120s (custom)
2019-09-12 10:35:46,188 [pool-115-thread-1] INFO  server.RaftServerConfigKeys (ConfUtils.java:logGet(43)) - raft.server.log.use.memory = false (default)
2019-09-12 10:35:46,188 [pool-115-thread-1] INFO  server.RaftServerConfigKeys (ConfUtils.java:logGet(43)) - raft.server.log.purge.gap = 1000000 (custom)
2019-09-12 10:35:46,188 [pool-115-thread-1] INFO  server.RaftServerConfigKeys (ConfUtils.java:logGet(43)) - raft.server.log.appender.buffer.byte-limit = 33554432 (custom)
2019-09-12 10:35:46,188 [pool-115-thread-1] INFO  server.RaftServerConfigKeys (ConfUtils.java:logGet(43)) - raft.server.log.segment.size.max = 1048576 (custom)
2019-09-12 10:35:46,188 [pool-115-thread-1] INFO  server.RaftServerConfigKeys (ConfUtils.java:logGet(43)) - raft.server.log.segment.cache.num.max = 2 (custom)
2019-09-12 10:35:46,188 [pool-115-thread-1] INFO  segmented.SegmentedRaftLogWorker (SegmentedRaftLogWorker.java:<init>(172)) - new a6b7ffbc-3229-4dcb-9aed-a6c6127890ed-SegmentedRaftLogWorker:Storage Directory /workdir/hadoop-ozone/integration-test/target/test-dir/MiniOzoneClusterImpl-37d049c1-8781-4836-8b63-386207273279/datanode-8/data/ratis/acae1ce4-0c1a-4c03-a477-56eb38f808c0 for RaftStorage:Storage Directory /workdir/hadoop-ozone/integration-test/target/test-dir/MiniOzoneClusterImpl-37d049c1-8781-4836-8b63-386207273279/datanode-8/data/ratis/acae1ce4-0c1a-4c03-a477-56eb38f808c0
2019-09-12 10:35:46,189 [pool-115-thread-1] INFO  server.RaftServerConfigKeys (ConfUtils.java:logGet(43)) - raft.server.log.queue.byte-limit = 2147483647 (custom)
2019-09-12 10:35:46,189 [pool-115-thread-1] INFO  server.RaftServerConfigKeys (ConfUtils.java:logGet(43)) - raft.server.log.queue.element-limit = 1024 (custom)
2019-09-12 10:35:46,189 [pool-115-thread-1] INFO  server.RaftServerConfigKeys (ConfUtils.java:logGet(43)) - raft.server.log.segment.size.max = 1048576 (custom)
2019-09-12 10:35:46,189 [pool-115-thread-1] INFO  server.RaftServerConfigKeys (ConfUtils.java:logGet(43)) - raft.server.log.preallocated.size = 16384 (custom)
2019-09-12 10:35:46,189 [pool-115-thread-1] INFO  server.RaftServerConfigKeys (ConfUtils.java:logGet(43)) - raft.server.log.write.buffer.size = 33554432 (custom)
2019-09-12 10:35:46,189 [pool-115-thread-1] INFO  server.RaftServerConfigKeys (ConfUtils.java:logGet(43)) - raft.server.log.force.sync.num = 128 (default)
2019-09-12 10:35:46,190 [pool-115-thread-1] INFO  server.RaftServerConfigKeys (ConfUtils.java:logGet(43)) - raft.server.log.statemachine.data.sync = true (default)
2019-09-12 10:35:46,190 [pool-115-thread-1] INFO  server.RaftServerConfigKeys (ConfUtils.java:logGet(43)) - raft.server.log.statemachine.data.sync.timeout = 10s (default)
2019-09-12 10:35:46,190 [pool-115-thread-1] INFO  server.RaftServerConfigKeys (ConfUtils.java:logGet(43)) - raft.server.log.statemachine.data.sync.timeout.retry = -1 (default)
2019-09-12 10:35:46,190 [pool-115-thread-1] INFO  server.RaftServerConfigKeys (ConfUtils.java:logGet(43)) - raft.server.log.statemachine.data.caching.enabled = true (custom)
2019-09-12 10:35:46,191 [pool-115-thread-1] INFO  segmented.SegmentedRaftLogWorker (SegmentedRaftLogWorker.java:lambda$new$0(132)) - a6b7ffbc-3229-4dcb-9aed-a6c6127890ed-SegmentedRaftLogWorker:Storage Directory /workdir/hadoop-ozone/integration-test/target/test-dir/MiniOzoneClusterImpl-37d049c1-8781-4836-8b63-386207273279/datanode-8/data/ratis/acae1ce4-0c1a-4c03-a477-56eb38f808c0: flushIndex: setUnconditionally 0 -> -1
2019-09-12 10:35:46,191 [pool-115-thread-1] INFO  server.RaftServerConfigKeys (ConfUtils.java:logGet(43)) - raft.server.snapshot.auto.trigger.enabled = true (custom)
2019-09-12 10:35:46,191 [pool-115-thread-1] INFO  server.RaftServerConfigKeys (ConfUtils.java:logGet(43)) - raft.server.snapshot.auto.trigger.threshold = 10000 (custom)
2019-09-12 10:35:46,191 [pool-115-thread-1] INFO  server.RaftServerConfigKeys (ConfUtils.java:logGet(43)) - raft.server.retrycache.expirytime = 600000ms (custom)
2019-09-12 10:35:46,192 [pool-115-thread-1] INFO  impl.RaftServerImpl (RaftServerImpl.java:start(180)) - a6b7ffbc-3229-4dcb-9aed-a6c6127890ed: start group-56EB38F808C0
2019-09-12 10:35:46,192 [pool-115-thread-1] INFO  impl.RaftServerImpl (RaftServerImpl.java:setRole(171)) - a6b7ffbc-3229-4dcb-9aed-a6c6127890ed:group-56EB38F808C0 changes role from null to FOLLOWER at term 0 for startAsFollower
2019-09-12 10:35:46,192 [pool-115-thread-1] INFO  impl.RoleInfo (RoleInfo.java:updateAndGet(143)) - a6b7ffbc-3229-4dcb-9aed-a6c6127890ed: start FollowerState
2019-09-12 10:35:46,192 [pool-115-thread-1] INFO  util.JmxRegister (JmxRegister.java:tryRegister(44)) - Successfully registered JMX Bean with object name Ratis:service=RaftServer,group=group-56EB38F808C0,id=a6b7ffbc-3229-4dcb-9aed-a6c6127890ed
2019-09-12 10:35:46,195 [RatisPipelineUtilsThread] INFO  pipeline.PipelineStateManager (PipelineStateManager.java:addPipeline(56)) - Created pipeline Pipeline[ Id: acae1ce4-0c1a-4c03-a477-56eb38f808c0, Nodes: a6b7ffbc-3229-4dcb-9aed-a6c6127890ed{ip: 192.168.36.114, host: pr-hdds-1569-58hkm-1881083799, networkLocation: /default-rack, certSerialId: null}, Type:RATIS, Factor:ONE, State:OPEN]
2019-09-12 10:35:46,196 [RatisPipelineUtilsThread] ERROR pipeline.PipelinePlacementPolicy (PipelinePlacementPolicy.java:meetCriteria(92)) - Pipeline Placement: Doesn't meet the criteria to be viable node. Heaviness: 6
2019-09-12 10:35:46,196 [RatisPipelineUtilsThread] ERROR pipeline.PipelinePlacementPolicy (PipelinePlacementPolicy.java:meetCriteria(92)) - Pipeline Placement: Doesn't meet the criteria to be viable node. Heaviness: 6
2019-09-12 10:35:46,196 [RatisPipelineUtilsThread] ERROR pipeline.PipelinePlacementPolicy (PipelinePlacementPolicy.java:meetCriteria(92)) - Pipeline Placement: Doesn't meet the criteria to be viable node. Heaviness: 6
2019-09-12 10:35:46,196 [RatisPipelineUtilsThread] ERROR pipeline.PipelinePlacementPolicy (PipelinePlacementPolicy.java:meetCriteria(92)) - Pipeline Placement: Doesn't meet the criteria to be viable node. Heaviness: 6
2019-09-12 10:35:46,196 [RatisPipelineUtilsThread] ERROR pipeline.PipelinePlacementPolicy (PipelinePlacementPolicy.java:meetCriteria(92)) - Pipeline Placement: Doesn't meet the criteria to be viable node. Heaviness: 6
2019-09-12 10:35:46,196 [RatisPipelineUtilsThread] ERROR pipeline.PipelinePlacementPolicy (PipelinePlacementPolicy.java:meetCriteria(92)) - Pipeline Placement: Doesn't meet the criteria to be viable node. Heaviness: 6
2019-09-12 10:35:46,196 [RatisPipelineUtilsThread] ERROR pipeline.PipelinePlacementPolicy (PipelinePlacementPolicy.java:meetCriteria(92)) - Pipeline Placement: Doesn't meet the criteria to be viable node. Heaviness: 6
2019-09-12 10:35:46,197 [RatisPipelineUtilsThread] ERROR pipeline.PipelinePlacementPolicy (PipelinePlacementPolicy.java:meetCriteria(92)) - Pipeline Placement: Doesn't meet the criteria to be viable node. Heaviness: 6
2019-09-12 10:35:46,197 [RatisPipelineUtilsThread] ERROR pipeline.PipelinePlacementPolicy (PipelinePlacementPolicy.java:meetCriteria(92)) - Pipeline Placement: Doesn't meet the criteria to be viable node. Heaviness: 6
2019-09-12 10:35:46,202 [grpc-default-executor-0] INFO  impl.RaftServerProxy (RaftServerProxy.java:addNew(89)) - 0a9130e0-9a35-4f66-8d33-a89a6f54c6a4: addNew group-A8E5C32D0C0B:[0a9130e0-9a35-4f66-8d33-a89a6f54c6a4:192.168.36.114:45292] returns group-A8E5C32D0C0B:java.util.concurrent.CompletableFuture@5462a4d3[Not completed]
2019-09-12 10:35:46,204 [pool-126-thread-1] INFO  impl.RaftServerImpl (RaftServerImpl.java:<init>(93)) - 0a9130e0-9a35-4f66-8d33-a89a6f54c6a4: new RaftServerImpl for group-A8E5C32D0C0B:[0a9130e0-9a35-4f66-8d33-a89a6f54c6a4:192.168.36.114:45292] with ContainerStateMachine:uninitialized
2019-09-12 10:35:46,205 [pool-126-thread-1] INFO  server.RaftServerConfigKeys (ConfUtils.java:logGet(43)) - raft.server.rpc.timeout.min = 5s (custom)
2019-09-12 10:35:46,205 [pool-126-thread-1] INFO  server.RaftServerConfigKeys (ConfUtils.java:logGet(43)) - raft.server.rpc.timeout.max = 5200ms (custom)
2019-09-12 10:35:46,205 [pool-126-thread-1] INFO  server.RaftServerConfigKeys (ConfUtils.java:logGet(43)) - raft.server.rpcslowness.timeout = 120s (custom)
2019-09-12 10:35:46,205 [pool-126-thread-1] INFO  server.RaftServerConfigKeys (ConfUtils.java:logGet(43)) - raft.server.sleep.deviation.threshold = 300 (default)
2019-09-12 10:35:46,205 [pool-126-thread-1] INFO  server.RaftServerConfigKeys (ConfUtils.java:logGet(43)) - raft.server.log.appender.install.snapshot.enabled = false (custom)
2019-09-12 10:35:46,205 [pool-126-thread-1] INFO  impl.RaftServerImpl (ServerState.java:<init>(105)) - 0a9130e0-9a35-4f66-8d33-a89a6f54c6a4:group-A8E5C32D0C0B ConfigurationManager, init=-1: [0a9130e0-9a35-4f66-8d33-a89a6f54c6a4:192.168.36.114:45292], old=null, confs=<EMPTY_MAP>
2019-09-12 10:35:46,206 [pool-126-thread-1] INFO  server.RaftServerConfigKeys (ConfUtils.java:logGet(43)) - raft.server.storage.dir = [/workdir/hadoop-ozone/integration-test/target/test-dir/MiniOzoneClusterImpl-37d049c1-8781-4836-8b63-386207273279/datanode-9/data/ratis] (custom)
2019-09-12 10:35:46,206 [pool-126-thread-1] INFO  storage.RaftStorageDirectory (RaftStorageDirectory.java:analyzeStorage(246)) - The storage directory /workdir/hadoop-ozone/integration-test/target/test-dir/MiniOzoneClusterImpl-37d049c1-8781-4836-8b63-386207273279/datanode-9/data/ratis/56598bb1-9b36-4972-a5ea-a8e5c32d0c0b does not exist. Creating ...
2019-09-12 10:35:46,219 [pool-126-thread-1] INFO  storage.RaftStorageDirectory (RaftStorageDirectory.java:tryLock(328)) - Lock on /workdir/hadoop-ozone/integration-test/target/test-dir/MiniOzoneClusterImpl-37d049c1-8781-4836-8b63-386207273279/datanode-9/data/ratis/56598bb1-9b36-4972-a5ea-a8e5c32d0c0b/in_use.lock acquired by nodename 9512@pr-hdds-1569-58hkm-1881083799
2019-09-12 10:35:46,232 [pool-126-thread-1] INFO  storage.RaftStorage (RaftStorage.java:format(72)) - Storage directory /workdir/hadoop-ozone/integration-test/target/test-dir/MiniOzoneClusterImpl-37d049c1-8781-4836-8b63-386207273279/datanode-9/data/ratis/56598bb1-9b36-4972-a5ea-a8e5c32d0c0b has been successfully formatted.
2019-09-12 10:35:46,232 [pool-126-thread-1] INFO  ratis.ContainerStateMachine (ContainerStateMachine.java:loadSnapshot(226)) - group-A8E5C32D0C0B: The snapshot info is null. Setting the last applied indexto:(t:0, i:~)
2019-09-12 10:35:46,232 [pool-126-thread-1] INFO  server.RaftServerConfigKeys (ConfUtils.java:logGet(43)) - raft.server.leader.election.timeout = 120s (custom)
2019-09-12 10:35:46,232 [pool-126-thread-1] INFO  server.RaftServerConfigKeys (ConfUtils.java:logGet(43)) - raft.server.log.use.memory = false (default)
2019-09-12 10:35:46,232 [pool-126-thread-1] INFO  server.RaftServerConfigKeys (ConfUtils.java:logGet(43)) - raft.server.log.purge.gap = 1000000 (custom)
2019-09-12 10:35:46,233 [pool-126-thread-1] INFO  server.RaftServerConfigKeys (ConfUtils.java:logGet(43)) - raft.server.log.appender.buffer.byte-limit = 33554432 (custom)
2019-09-12 10:35:46,233 [pool-126-thread-1] INFO  server.RaftServerConfigKeys (ConfUtils.java:logGet(43)) - raft.server.log.segment.size.max = 1048576 (custom)
2019-09-12 10:35:46,233 [pool-126-thread-1] INFO  server.RaftServerConfigKeys (ConfUtils.java:logGet(43)) - raft.server.log.segment.cache.num.max = 2 (custom)
2019-09-12 10:35:46,233 [pool-126-thread-1] INFO  segmented.SegmentedRaftLogWorker (SegmentedRaftLogWorker.java:<init>(172)) - new 0a9130e0-9a35-4f66-8d33-a89a6f54c6a4-SegmentedRaftLogWorker:Storage Directory /workdir/hadoop-ozone/integration-test/target/test-dir/MiniOzoneClusterImpl-37d049c1-8781-4836-8b63-386207273279/datanode-9/data/ratis/56598bb1-9b36-4972-a5ea-a8e5c32d0c0b for RaftStorage:Storage Directory /workdir/hadoop-ozone/integration-test/target/test-dir/MiniOzoneClusterImpl-37d049c1-8781-4836-8b63-386207273279/datanode-9/data/ratis/56598bb1-9b36-4972-a5ea-a8e5c32d0c0b
2019-09-12 10:35:46,233 [pool-126-thread-1] INFO  server.RaftServerConfigKeys (ConfUtils.java:logGet(43)) - raft.server.log.queue.byte-limit = 2147483647 (custom)
2019-09-12 10:35:46,233 [pool-126-thread-1] INFO  server.RaftServerConfigKeys (ConfUtils.java:logGet(43)) - raft.server.log.queue.element-limit = 1024 (custom)
2019-09-12 10:35:46,234 [pool-126-thread-1] INFO  server.RaftServerConfigKeys (ConfUtils.java:logGet(43)) - raft.server.log.segment.size.max = 1048576 (custom)
2019-09-12 10:35:46,234 [pool-126-thread-1] INFO  server.RaftServerConfigKeys (ConfUtils.java:logGet(43)) - raft.server.log.preallocated.size = 16384 (custom)
2019-09-12 10:35:46,234 [pool-126-thread-1] INFO  server.RaftServerConfigKeys (ConfUtils.java:logGet(43)) - raft.server.log.write.buffer.size = 33554432 (custom)
2019-09-12 10:35:46,234 [pool-126-thread-1] INFO  server.RaftServerConfigKeys (ConfUtils.java:logGet(43)) - raft.server.log.force.sync.num = 128 (default)
2019-09-12 10:35:46,234 [pool-126-thread-1] INFO  server.RaftServerConfigKeys (ConfUtils.java:logGet(43)) - raft.server.log.statemachine.data.sync = true (default)
2019-09-12 10:35:46,234 [pool-126-thread-1] INFO  server.RaftServerConfigKeys (ConfUtils.java:logGet(43)) - raft.server.log.statemachine.data.sync.timeout = 10s (default)
2019-09-12 10:35:46,234 [pool-126-thread-1] INFO  server.RaftServerConfigKeys (ConfUtils.java:logGet(43)) - raft.server.log.statemachine.data.sync.timeout.retry = -1 (default)
2019-09-12 10:35:46,235 [pool-126-thread-1] INFO  server.RaftServerConfigKeys (ConfUtils.java:logGet(43)) - raft.server.log.statemachine.data.caching.enabled = true (custom)
2019-09-12 10:35:46,235 [pool-126-thread-1] INFO  segmented.SegmentedRaftLogWorker (SegmentedRaftLogWorker.java:lambda$new$0(132)) - 0a9130e0-9a35-4f66-8d33-a89a6f54c6a4-SegmentedRaftLogWorker:Storage Directory /workdir/hadoop-ozone/integration-test/target/test-dir/MiniOzoneClusterImpl-37d049c1-8781-4836-8b63-386207273279/datanode-9/data/ratis/56598bb1-9b36-4972-a5ea-a8e5c32d0c0b: flushIndex: setUnconditionally 0 -> -1
2019-09-12 10:35:46,235 [pool-126-thread-1] INFO  server.RaftServerConfigKeys (ConfUtils.java:logGet(43)) - raft.server.snapshot.auto.trigger.enabled = true (custom)
2019-09-12 10:35:46,235 [pool-126-thread-1] INFO  server.RaftServerConfigKeys (ConfUtils.java:logGet(43)) - raft.server.snapshot.auto.trigger.threshold = 10000 (custom)
2019-09-12 10:35:46,236 [pool-126-thread-1] INFO  server.RaftServerConfigKeys (ConfUtils.java:logGet(43)) - raft.server.retrycache.expirytime = 600000ms (custom)
2019-09-12 10:35:46,236 [pool-126-thread-1] INFO  impl.RaftServerImpl (RaftServerImpl.java:start(180)) - 0a9130e0-9a35-4f66-8d33-a89a6f54c6a4: start group-A8E5C32D0C0B
2019-09-12 10:35:46,236 [pool-126-thread-1] INFO  impl.RaftServerImpl (RaftServerImpl.java:setRole(171)) - 0a9130e0-9a35-4f66-8d33-a89a6f54c6a4:group-A8E5C32D0C0B changes role from null to FOLLOWER at term 0 for startAsFollower
2019-09-12 10:35:46,236 [pool-126-thread-1] INFO  impl.RoleInfo (RoleInfo.java:updateAndGet(143)) - 0a9130e0-9a35-4f66-8d33-a89a6f54c6a4: start FollowerState
2019-09-12 10:35:46,237 [pool-126-thread-1] INFO  util.JmxRegister (JmxRegister.java:tryRegister(44)) - Successfully registered JMX Bean with object name Ratis:service=RaftServer,group=group-A8E5C32D0C0B,id=0a9130e0-9a35-4f66-8d33-a89a6f54c6a4
2019-09-12 10:35:46,239 [RatisPipelineUtilsThread] INFO  pipeline.PipelineStateManager (PipelineStateManager.java:addPipeline(56)) - Created pipeline Pipeline[ Id: 56598bb1-9b36-4972-a5ea-a8e5c32d0c0b, Nodes: 0a9130e0-9a35-4f66-8d33-a89a6f54c6a4{ip: 192.168.36.114, host: pr-hdds-1569-58hkm-1881083799, networkLocation: /default-rack, certSerialId: null}, Type:RATIS, Factor:ONE, State:OPEN]
2019-09-12 10:35:46,239 [RatisPipelineUtilsThread] ERROR pipeline.PipelinePlacementPolicy (PipelinePlacementPolicy.java:meetCriteria(92)) - Pipeline Placement: Doesn't meet the criteria to be viable node. Heaviness: 6
2019-09-12 10:35:46,239 [RatisPipelineUtilsThread] ERROR pipeline.PipelinePlacementPolicy (PipelinePlacementPolicy.java:meetCriteria(92)) - Pipeline Placement: Doesn't meet the criteria to be viable node. Heaviness: 6
2019-09-12 10:35:46,239 [RatisPipelineUtilsThread] ERROR pipeline.PipelinePlacementPolicy (PipelinePlacementPolicy.java:meetCriteria(92)) - Pipeline Placement: Doesn't meet the criteria to be viable node. Heaviness: 6
2019-09-12 10:35:46,240 [RatisPipelineUtilsThread] ERROR pipeline.PipelinePlacementPolicy (PipelinePlacementPolicy.java:meetCriteria(92)) - Pipeline Placement: Doesn't meet the criteria to be viable node. Heaviness: 6
2019-09-12 10:35:46,240 [RatisPipelineUtilsThread] ERROR pipeline.PipelinePlacementPolicy (PipelinePlacementPolicy.java:meetCriteria(92)) - Pipeline Placement: Doesn't meet the criteria to be viable node. Heaviness: 6
2019-09-12 10:35:46,240 [RatisPipelineUtilsThread] ERROR pipeline.PipelinePlacementPolicy (PipelinePlacementPolicy.java:meetCriteria(92)) - Pipeline Placement: Doesn't meet the criteria to be viable node. Heaviness: 6
2019-09-12 10:35:46,240 [RatisPipelineUtilsThread] ERROR pipeline.PipelinePlacementPolicy (PipelinePlacementPolicy.java:meetCriteria(92)) - Pipeline Placement: Doesn't meet the criteria to be viable node. Heaviness: 6
2019-09-12 10:35:46,240 [RatisPipelineUtilsThread] ERROR pipeline.PipelinePlacementPolicy (PipelinePlacementPolicy.java:meetCriteria(92)) - Pipeline Placement: Doesn't meet the criteria to be viable node. Heaviness: 6
2019-09-12 10:35:46,240 [RatisPipelineUtilsThread] ERROR pipeline.PipelinePlacementPolicy (PipelinePlacementPolicy.java:meetCriteria(92)) - Pipeline Placement: Doesn't meet the criteria to be viable node. Heaviness: 6
2019-09-12 10:35:46,245 [grpc-default-executor-0] INFO  impl.RaftServerProxy (RaftServerProxy.java:addNew(89)) - 0a9130e0-9a35-4f66-8d33-a89a6f54c6a4: addNew group-007CF635DAB6:[0a9130e0-9a35-4f66-8d33-a89a6f54c6a4:192.168.36.114:45292] returns group-007CF635DAB6:java.util.concurrent.CompletableFuture@12ad2a32[Not completed]
2019-09-12 10:35:46,247 [pool-126-thread-1] INFO  impl.RaftServerImpl (RaftServerImpl.java:<init>(93)) - 0a9130e0-9a35-4f66-8d33-a89a6f54c6a4: new RaftServerImpl for group-007CF635DAB6:[0a9130e0-9a35-4f66-8d33-a89a6f54c6a4:192.168.36.114:45292] with ContainerStateMachine:uninitialized
2019-09-12 10:35:46,247 [pool-126-thread-1] INFO  server.RaftServerConfigKeys (ConfUtils.java:logGet(43)) - raft.server.rpc.timeout.min = 5s (custom)
2019-09-12 10:35:46,247 [pool-126-thread-1] INFO  server.RaftServerConfigKeys (ConfUtils.java:logGet(43)) - raft.server.rpc.timeout.max = 5200ms (custom)
2019-09-12 10:35:46,247 [pool-126-thread-1] INFO  server.RaftServerConfigKeys (ConfUtils.java:logGet(43)) - raft.server.rpcslowness.timeout = 120s (custom)
2019-09-12 10:35:46,247 [pool-126-thread-1] INFO  server.RaftServerConfigKeys (ConfUtils.java:logGet(43)) - raft.server.sleep.deviation.threshold = 300 (default)
2019-09-12 10:35:46,247 [pool-126-thread-1] INFO  server.RaftServerConfigKeys (ConfUtils.java:logGet(43)) - raft.server.log.appender.install.snapshot.enabled = false (custom)
2019-09-12 10:35:46,247 [pool-126-thread-1] INFO  impl.RaftServerImpl (ServerState.java:<init>(105)) - 0a9130e0-9a35-4f66-8d33-a89a6f54c6a4:group-007CF635DAB6 ConfigurationManager, init=-1: [0a9130e0-9a35-4f66-8d33-a89a6f54c6a4:192.168.36.114:45292], old=null, confs=<EMPTY_MAP>
2019-09-12 10:35:46,248 [pool-126-thread-1] INFO  server.RaftServerConfigKeys (ConfUtils.java:logGet(43)) - raft.server.storage.dir = [/workdir/hadoop-ozone/integration-test/target/test-dir/MiniOzoneClusterImpl-37d049c1-8781-4836-8b63-386207273279/datanode-9/data/ratis] (custom)
2019-09-12 10:35:46,248 [pool-126-thread-1] INFO  storage.RaftStorageDirectory (RaftStorageDirectory.java:analyzeStorage(246)) - The storage directory /workdir/hadoop-ozone/integration-test/target/test-dir/MiniOzoneClusterImpl-37d049c1-8781-4836-8b63-386207273279/datanode-9/data/ratis/be1598ca-2a91-41e4-9239-007cf635dab6 does not exist. Creating ...
2019-09-12 10:35:46,260 [pool-126-thread-1] INFO  storage.RaftStorageDirectory (RaftStorageDirectory.java:tryLock(328)) - Lock on /workdir/hadoop-ozone/integration-test/target/test-dir/MiniOzoneClusterImpl-37d049c1-8781-4836-8b63-386207273279/datanode-9/data/ratis/be1598ca-2a91-41e4-9239-007cf635dab6/in_use.lock acquired by nodename 9512@pr-hdds-1569-58hkm-1881083799
2019-09-12 10:35:46,273 [pool-126-thread-1] INFO  storage.RaftStorage (RaftStorage.java:format(72)) - Storage directory /workdir/hadoop-ozone/integration-test/target/test-dir/MiniOzoneClusterImpl-37d049c1-8781-4836-8b63-386207273279/datanode-9/data/ratis/be1598ca-2a91-41e4-9239-007cf635dab6 has been successfully formatted.
2019-09-12 10:35:46,273 [pool-126-thread-1] INFO  ratis.ContainerStateMachine (ContainerStateMachine.java:loadSnapshot(226)) - group-007CF635DAB6: The snapshot info is null. Setting the last applied indexto:(t:0, i:~)
2019-09-12 10:35:46,273 [pool-126-thread-1] INFO  server.RaftServerConfigKeys (ConfUtils.java:logGet(43)) - raft.server.leader.election.timeout = 120s (custom)
2019-09-12 10:35:46,273 [pool-126-thread-1] INFO  server.RaftServerConfigKeys (ConfUtils.java:logGet(43)) - raft.server.log.use.memory = false (default)
2019-09-12 10:35:46,273 [pool-126-thread-1] INFO  server.RaftServerConfigKeys (ConfUtils.java:logGet(43)) - raft.server.log.purge.gap = 1000000 (custom)
2019-09-12 10:35:46,273 [pool-126-thread-1] INFO  server.RaftServerConfigKeys (ConfUtils.java:logGet(43)) - raft.server.log.appender.buffer.byte-limit = 33554432 (custom)
2019-09-12 10:35:46,274 [pool-126-thread-1] INFO  server.RaftServerConfigKeys (ConfUtils.java:logGet(43)) - raft.server.log.segment.size.max = 1048576 (custom)
2019-09-12 10:35:46,274 [pool-126-thread-1] INFO  server.RaftServerConfigKeys (ConfUtils.java:logGet(43)) - raft.server.log.segment.cache.num.max = 2 (custom)
2019-09-12 10:35:46,274 [pool-126-thread-1] INFO  segmented.SegmentedRaftLogWorker (SegmentedRaftLogWorker.java:<init>(172)) - new 0a9130e0-9a35-4f66-8d33-a89a6f54c6a4-SegmentedRaftLogWorker:Storage Directory /workdir/hadoop-ozone/integration-test/target/test-dir/MiniOzoneClusterImpl-37d049c1-8781-4836-8b63-386207273279/datanode-9/data/ratis/be1598ca-2a91-41e4-9239-007cf635dab6 for RaftStorage:Storage Directory /workdir/hadoop-ozone/integration-test/target/test-dir/MiniOzoneClusterImpl-37d049c1-8781-4836-8b63-386207273279/datanode-9/data/ratis/be1598ca-2a91-41e4-9239-007cf635dab6
2019-09-12 10:35:46,274 [pool-126-thread-1] INFO  server.RaftServerConfigKeys (ConfUtils.java:logGet(43)) - raft.server.log.queue.byte-limit = 2147483647 (custom)
2019-09-12 10:35:46,274 [pool-126-thread-1] INFO  server.RaftServerConfigKeys (ConfUtils.java:logGet(43)) - raft.server.log.queue.element-limit = 1024 (custom)
2019-09-12 10:35:46,274 [pool-126-thread-1] INFO  server.RaftServerConfigKeys (ConfUtils.java:logGet(43)) - raft.server.log.segment.size.max = 1048576 (custom)
2019-09-12 10:35:46,274 [pool-126-thread-1] INFO  server.RaftServerConfigKeys (ConfUtils.java:logGet(43)) - raft.server.log.preallocated.size = 16384 (custom)
2019-09-12 10:35:46,274 [pool-126-thread-1] INFO  server.RaftServerConfigKeys (ConfUtils.java:logGet(43)) - raft.server.log.write.buffer.size = 33554432 (custom)
2019-09-12 10:35:46,275 [pool-126-thread-1] INFO  server.RaftServerConfigKeys (ConfUtils.java:logGet(43)) - raft.server.log.force.sync.num = 128 (default)
2019-09-12 10:35:46,275 [pool-126-thread-1] INFO  server.RaftServerConfigKeys (ConfUtils.java:logGet(43)) - raft.server.log.statemachine.data.sync = true (default)
2019-09-12 10:35:46,275 [pool-126-thread-1] INFO  server.RaftServerConfigKeys (ConfUtils.java:logGet(43)) - raft.server.log.statemachine.data.sync.timeout = 10s (default)
2019-09-12 10:35:46,275 [pool-126-thread-1] INFO  server.RaftServerConfigKeys (ConfUtils.java:logGet(43)) - raft.server.log.statemachine.data.sync.timeout.retry = -1 (default)
2019-09-12 10:35:46,275 [pool-126-thread-1] INFO  server.RaftServerConfigKeys (ConfUtils.java:logGet(43)) - raft.server.log.statemachine.data.caching.enabled = true (custom)
2019-09-12 10:35:46,275 [pool-126-thread-1] INFO  segmented.SegmentedRaftLogWorker (SegmentedRaftLogWorker.java:lambda$new$0(132)) - 0a9130e0-9a35-4f66-8d33-a89a6f54c6a4-SegmentedRaftLogWorker:Storage Directory /workdir/hadoop-ozone/integration-test/target/test-dir/MiniOzoneClusterImpl-37d049c1-8781-4836-8b63-386207273279/datanode-9/data/ratis/be1598ca-2a91-41e4-9239-007cf635dab6: flushIndex: setUnconditionally 0 -> -1
2019-09-12 10:35:46,276 [pool-126-thread-1] INFO  server.RaftServerConfigKeys (ConfUtils.java:logGet(43)) - raft.server.snapshot.auto.trigger.enabled = true (custom)
2019-09-12 10:35:46,276 [pool-126-thread-1] INFO  server.RaftServerConfigKeys (ConfUtils.java:logGet(43)) - raft.server.snapshot.auto.trigger.threshold = 10000 (custom)
2019-09-12 10:35:46,276 [pool-126-thread-1] INFO  server.RaftServerConfigKeys (ConfUtils.java:logGet(43)) - raft.server.retrycache.expirytime = 600000ms (custom)
2019-09-12 10:35:46,276 [pool-126-thread-1] INFO  impl.RaftServerImpl (RaftServerImpl.java:start(180)) - 0a9130e0-9a35-4f66-8d33-a89a6f54c6a4: start group-007CF635DAB6
2019-09-12 10:35:46,276 [pool-126-thread-1] INFO  impl.RaftServerImpl (RaftServerImpl.java:setRole(171)) - 0a9130e0-9a35-4f66-8d33-a89a6f54c6a4:group-007CF635DAB6 changes role from null to FOLLOWER at term 0 for startAsFollower
2019-09-12 10:35:46,276 [pool-126-thread-1] INFO  impl.RoleInfo (RoleInfo.java:updateAndGet(143)) - 0a9130e0-9a35-4f66-8d33-a89a6f54c6a4: start FollowerState
2019-09-12 10:35:46,277 [pool-126-thread-1] INFO  util.JmxRegister (JmxRegister.java:tryRegister(44)) - Successfully registered JMX Bean with object name Ratis:service=RaftServer,group=group-007CF635DAB6,id=0a9130e0-9a35-4f66-8d33-a89a6f54c6a4
2019-09-12 10:35:46,280 [RatisPipelineUtilsThread] INFO  pipeline.PipelineStateManager (PipelineStateManager.java:addPipeline(56)) - Created pipeline Pipeline[ Id: be1598ca-2a91-41e4-9239-007cf635dab6, Nodes: 0a9130e0-9a35-4f66-8d33-a89a6f54c6a4{ip: 192.168.36.114, host: pr-hdds-1569-58hkm-1881083799, networkLocation: /default-rack, certSerialId: null}, Type:RATIS, Factor:ONE, State:OPEN]
2019-09-12 10:35:46,280 [RatisPipelineUtilsThread] ERROR pipeline.PipelinePlacementPolicy (PipelinePlacementPolicy.java:meetCriteria(92)) - Pipeline Placement: Doesn't meet the criteria to be viable node. Heaviness: 6
2019-09-12 10:35:46,280 [RatisPipelineUtilsThread] ERROR pipeline.PipelinePlacementPolicy (PipelinePlacementPolicy.java:meetCriteria(92)) - Pipeline Placement: Doesn't meet the criteria to be viable node. Heaviness: 6
2019-09-12 10:35:46,280 [RatisPipelineUtilsThread] ERROR pipeline.PipelinePlacementPolicy (PipelinePlacementPolicy.java:meetCriteria(92)) - Pipeline Placement: Doesn't meet the criteria to be viable node. Heaviness: 6
2019-09-12 10:35:46,280 [RatisPipelineUtilsThread] ERROR pipeline.PipelinePlacementPolicy (PipelinePlacementPolicy.java:meetCriteria(92)) - Pipeline Placement: Doesn't meet the criteria to be viable node. Heaviness: 6
2019-09-12 10:35:46,281 [RatisPipelineUtilsThread] ERROR pipeline.PipelinePlacementPolicy (PipelinePlacementPolicy.java:meetCriteria(92)) - Pipeline Placement: Doesn't meet the criteria to be viable node. Heaviness: 6
2019-09-12 10:35:46,281 [RatisPipelineUtilsThread] ERROR pipeline.PipelinePlacementPolicy (PipelinePlacementPolicy.java:meetCriteria(92)) - Pipeline Placement: Doesn't meet the criteria to be viable node. Heaviness: 6
2019-09-12 10:35:46,281 [RatisPipelineUtilsThread] ERROR pipeline.PipelinePlacementPolicy (PipelinePlacementPolicy.java:meetCriteria(92)) - Pipeline Placement: Doesn't meet the criteria to be viable node. Heaviness: 6
2019-09-12 10:35:46,281 [RatisPipelineUtilsThread] ERROR pipeline.PipelinePlacementPolicy (PipelinePlacementPolicy.java:meetCriteria(92)) - Pipeline Placement: Doesn't meet the criteria to be viable node. Heaviness: 6
2019-09-12 10:35:46,281 [RatisPipelineUtilsThread] ERROR pipeline.PipelinePlacementPolicy (PipelinePlacementPolicy.java:meetCriteria(92)) - Pipeline Placement: Doesn't meet the criteria to be viable node. Heaviness: 6
2019-09-12 10:35:46,286 [grpc-default-executor-0] INFO  impl.RaftServerProxy (RaftServerProxy.java:addNew(89)) - 0a9130e0-9a35-4f66-8d33-a89a6f54c6a4: addNew group-05767688699C:[0a9130e0-9a35-4f66-8d33-a89a6f54c6a4:192.168.36.114:45292] returns group-05767688699C:java.util.concurrent.CompletableFuture@24c90dbe[Not completed]
2019-09-12 10:35:46,287 [pool-126-thread-1] INFO  impl.RaftServerImpl (RaftServerImpl.java:<init>(93)) - 0a9130e0-9a35-4f66-8d33-a89a6f54c6a4: new RaftServerImpl for group-05767688699C:[0a9130e0-9a35-4f66-8d33-a89a6f54c6a4:192.168.36.114:45292] with ContainerStateMachine:uninitialized
2019-09-12 10:35:46,287 [pool-126-thread-1] INFO  server.RaftServerConfigKeys (ConfUtils.java:logGet(43)) - raft.server.rpc.timeout.min = 5s (custom)
2019-09-12 10:35:46,288 [pool-126-thread-1] INFO  server.RaftServerConfigKeys (ConfUtils.java:logGet(43)) - raft.server.rpc.timeout.max = 5200ms (custom)
2019-09-12 10:35:46,288 [pool-126-thread-1] INFO  server.RaftServerConfigKeys (ConfUtils.java:logGet(43)) - raft.server.rpcslowness.timeout = 120s (custom)
2019-09-12 10:35:46,288 [pool-126-thread-1] INFO  server.RaftServerConfigKeys (ConfUtils.java:logGet(43)) - raft.server.sleep.deviation.threshold = 300 (default)
2019-09-12 10:35:46,288 [pool-126-thread-1] INFO  server.RaftServerConfigKeys (ConfUtils.java:logGet(43)) - raft.server.log.appender.install.snapshot.enabled = false (custom)
2019-09-12 10:35:46,288 [pool-126-thread-1] INFO  impl.RaftServerImpl (ServerState.java:<init>(105)) - 0a9130e0-9a35-4f66-8d33-a89a6f54c6a4:group-05767688699C ConfigurationManager, init=-1: [0a9130e0-9a35-4f66-8d33-a89a6f54c6a4:192.168.36.114:45292], old=null, confs=<EMPTY_MAP>
2019-09-12 10:35:46,288 [pool-126-thread-1] INFO  server.RaftServerConfigKeys (ConfUtils.java:logGet(43)) - raft.server.storage.dir = [/workdir/hadoop-ozone/integration-test/target/test-dir/MiniOzoneClusterImpl-37d049c1-8781-4836-8b63-386207273279/datanode-9/data/ratis] (custom)
2019-09-12 10:35:46,289 [pool-126-thread-1] INFO  storage.RaftStorageDirectory (RaftStorageDirectory.java:analyzeStorage(246)) - The storage directory /workdir/hadoop-ozone/integration-test/target/test-dir/MiniOzoneClusterImpl-37d049c1-8781-4836-8b63-386207273279/datanode-9/data/ratis/2cc9029c-5bab-418c-8cca-05767688699c does not exist. Creating ...
2019-09-12 10:35:46,301 [pool-126-thread-1] INFO  storage.RaftStorageDirectory (RaftStorageDirectory.java:tryLock(328)) - Lock on /workdir/hadoop-ozone/integration-test/target/test-dir/MiniOzoneClusterImpl-37d049c1-8781-4836-8b63-386207273279/datanode-9/data/ratis/2cc9029c-5bab-418c-8cca-05767688699c/in_use.lock acquired by nodename 9512@pr-hdds-1569-58hkm-1881083799
2019-09-12 10:35:46,301 | INFO  | SCMAudit | user=jenkins1000 | ip=192.168.36.114 | op=SEND_HEARTBEAT {datanodeUUID=b4faf84d-881e-452e-9abc-9848f28c1b42, command=[]} | ret=SUCCESS |  
2019-09-12 10:35:46,314 [pool-126-thread-1] INFO  storage.RaftStorage (RaftStorage.java:format(72)) - Storage directory /workdir/hadoop-ozone/integration-test/target/test-dir/MiniOzoneClusterImpl-37d049c1-8781-4836-8b63-386207273279/datanode-9/data/ratis/2cc9029c-5bab-418c-8cca-05767688699c has been successfully formatted.
2019-09-12 10:35:46,314 [pool-126-thread-1] INFO  ratis.ContainerStateMachine (ContainerStateMachine.java:loadSnapshot(226)) - group-05767688699C: The snapshot info is null. Setting the last applied indexto:(t:0, i:~)
2019-09-12 10:35:46,314 [pool-126-thread-1] INFO  server.RaftServerConfigKeys (ConfUtils.java:logGet(43)) - raft.server.leader.election.timeout = 120s (custom)
2019-09-12 10:35:46,314 [pool-126-thread-1] INFO  server.RaftServerConfigKeys (ConfUtils.java:logGet(43)) - raft.server.log.use.memory = false (default)
2019-09-12 10:35:46,314 [pool-126-thread-1] INFO  server.RaftServerConfigKeys (ConfUtils.java:logGet(43)) - raft.server.log.purge.gap = 1000000 (custom)
2019-09-12 10:35:46,314 [pool-126-thread-1] INFO  server.RaftServerConfigKeys (ConfUtils.java:logGet(43)) - raft.server.log.appender.buffer.byte-limit = 33554432 (custom)
2019-09-12 10:35:46,314 [pool-126-thread-1] INFO  server.RaftServerConfigKeys (ConfUtils.java:logGet(43)) - raft.server.log.segment.size.max = 1048576 (custom)
2019-09-12 10:35:46,315 [pool-126-thread-1] INFO  server.RaftServerConfigKeys (ConfUtils.java:logGet(43)) - raft.server.log.segment.cache.num.max = 2 (custom)
2019-09-12 10:35:46,315 [pool-126-thread-1] INFO  segmented.SegmentedRaftLogWorker (SegmentedRaftLogWorker.java:<init>(172)) - new 0a9130e0-9a35-4f66-8d33-a89a6f54c6a4-SegmentedRaftLogWorker:Storage Directory /workdir/hadoop-ozone/integration-test/target/test-dir/MiniOzoneClusterImpl-37d049c1-8781-4836-8b63-386207273279/datanode-9/data/ratis/2cc9029c-5bab-418c-8cca-05767688699c for RaftStorage:Storage Directory /workdir/hadoop-ozone/integration-test/target/test-dir/MiniOzoneClusterImpl-37d049c1-8781-4836-8b63-386207273279/datanode-9/data/ratis/2cc9029c-5bab-418c-8cca-05767688699c
2019-09-12 10:35:46,315 [pool-126-thread-1] INFO  server.RaftServerConfigKeys (ConfUtils.java:logGet(43)) - raft.server.log.queue.byte-limit = 2147483647 (custom)
2019-09-12 10:35:46,315 [pool-126-thread-1] INFO  server.RaftServerConfigKeys (ConfUtils.java:logGet(43)) - raft.server.log.queue.element-limit = 1024 (custom)
2019-09-12 10:35:46,315 [pool-126-thread-1] INFO  server.RaftServerConfigKeys (ConfUtils.java:logGet(43)) - raft.server.log.segment.size.max = 1048576 (custom)
2019-09-12 10:35:46,315 [pool-126-thread-1] INFO  server.RaftServerConfigKeys (ConfUtils.java:logGet(43)) - raft.server.log.preallocated.size = 16384 (custom)
2019-09-12 10:35:46,315 [pool-126-thread-1] INFO  server.RaftServerConfigKeys (ConfUtils.java:logGet(43)) - raft.server.log.write.buffer.size = 33554432 (custom)
2019-09-12 10:35:46,315 [pool-126-thread-1] INFO  server.RaftServerConfigKeys (ConfUtils.java:logGet(43)) - raft.server.log.force.sync.num = 128 (default)
2019-09-12 10:35:46,316 [pool-126-thread-1] INFO  server.RaftServerConfigKeys (ConfUtils.java:logGet(43)) - raft.server.log.statemachine.data.sync = true (default)
2019-09-12 10:35:46,316 [pool-126-thread-1] INFO  server.RaftServerConfigKeys (ConfUtils.java:logGet(43)) - raft.server.log.statemachine.data.sync.timeout = 10s (default)
2019-09-12 10:35:46,316 [pool-126-thread-1] INFO  server.RaftServerConfigKeys (ConfUtils.java:logGet(43)) - raft.server.log.statemachine.data.sync.timeout.retry = -1 (default)
2019-09-12 10:35:46,316 [pool-126-thread-1] INFO  server.RaftServerConfigKeys (ConfUtils.java:logGet(43)) - raft.server.log.statemachine.data.caching.enabled = true (custom)
2019-09-12 10:35:46,316 [pool-126-thread-1] INFO  segmented.SegmentedRaftLogWorker (SegmentedRaftLogWorker.java:lambda$new$0(132)) - 0a9130e0-9a35-4f66-8d33-a89a6f54c6a4-SegmentedRaftLogWorker:Storage Directory /workdir/hadoop-ozone/integration-test/target/test-dir/MiniOzoneClusterImpl-37d049c1-8781-4836-8b63-386207273279/datanode-9/data/ratis/2cc9029c-5bab-418c-8cca-05767688699c: flushIndex: setUnconditionally 0 -> -1
2019-09-12 10:35:46,317 [pool-126-thread-1] INFO  server.RaftServerConfigKeys (ConfUtils.java:logGet(43)) - raft.server.snapshot.auto.trigger.enabled = true (custom)
2019-09-12 10:35:46,317 [pool-126-thread-1] INFO  server.RaftServerConfigKeys (ConfUtils.java:logGet(43)) - raft.server.snapshot.auto.trigger.threshold = 10000 (custom)
2019-09-12 10:35:46,317 [pool-126-thread-1] INFO  server.RaftServerConfigKeys (ConfUtils.java:logGet(43)) - raft.server.retrycache.expirytime = 600000ms (custom)
2019-09-12 10:35:46,317 [pool-126-thread-1] INFO  impl.RaftServerImpl (RaftServerImpl.java:start(180)) - 0a9130e0-9a35-4f66-8d33-a89a6f54c6a4: start group-05767688699C
2019-09-12 10:35:46,317 [pool-126-thread-1] INFO  impl.RaftServerImpl (RaftServerImpl.java:setRole(171)) - 0a9130e0-9a35-4f66-8d33-a89a6f54c6a4:group-05767688699C changes role from null to FOLLOWER at term 0 for startAsFollower
2019-09-12 10:35:46,317 [pool-126-thread-1] INFO  impl.RoleInfo (RoleInfo.java:updateAndGet(143)) - 0a9130e0-9a35-4f66-8d33-a89a6f54c6a4: start FollowerState
2019-09-12 10:35:46,318 [pool-126-thread-1] INFO  util.JmxRegister (JmxRegister.java:tryRegister(44)) - Successfully registered JMX Bean with object name Ratis:service=RaftServer,group=group-05767688699C,id=0a9130e0-9a35-4f66-8d33-a89a6f54c6a4
2019-09-12 10:35:46,321 [RatisPipelineUtilsThread] INFO  pipeline.PipelineStateManager (PipelineStateManager.java:addPipeline(56)) - Created pipeline Pipeline[ Id: 2cc9029c-5bab-418c-8cca-05767688699c, Nodes: 0a9130e0-9a35-4f66-8d33-a89a6f54c6a4{ip: 192.168.36.114, host: pr-hdds-1569-58hkm-1881083799, networkLocation: /default-rack, certSerialId: null}, Type:RATIS, Factor:ONE, State:OPEN]
2019-09-12 10:35:46,321 [RatisPipelineUtilsThread] ERROR pipeline.PipelinePlacementPolicy (PipelinePlacementPolicy.java:meetCriteria(92)) - Pipeline Placement: Doesn't meet the criteria to be viable node. Heaviness: 6
2019-09-12 10:35:46,321 [RatisPipelineUtilsThread] ERROR pipeline.PipelinePlacementPolicy (PipelinePlacementPolicy.java:meetCriteria(92)) - Pipeline Placement: Doesn't meet the criteria to be viable node. Heaviness: 6
2019-09-12 10:35:46,321 [RatisPipelineUtilsThread] ERROR pipeline.PipelinePlacementPolicy (PipelinePlacementPolicy.java:meetCriteria(92)) - Pipeline Placement: Doesn't meet the criteria to be viable node. Heaviness: 6
2019-09-12 10:35:46,321 [RatisPipelineUtilsThread] ERROR pipeline.PipelinePlacementPolicy (PipelinePlacementPolicy.java:meetCriteria(92)) - Pipeline Placement: Doesn't meet the criteria to be viable node. Heaviness: 6
2019-09-12 10:35:46,322 [RatisPipelineUtilsThread] ERROR pipeline.PipelinePlacementPolicy (PipelinePlacementPolicy.java:meetCriteria(92)) - Pipeline Placement: Doesn't meet the criteria to be viable node. Heaviness: 6
2019-09-12 10:35:46,322 [RatisPipelineUtilsThread] ERROR pipeline.PipelinePlacementPolicy (PipelinePlacementPolicy.java:meetCriteria(92)) - Pipeline Placement: Doesn't meet the criteria to be viable node. Heaviness: 6
2019-09-12 10:35:46,322 [RatisPipelineUtilsThread] ERROR pipeline.PipelinePlacementPolicy (PipelinePlacementPolicy.java:meetCriteria(92)) - Pipeline Placement: Doesn't meet the criteria to be viable node. Heaviness: 6
2019-09-12 10:35:46,322 [RatisPipelineUtilsThread] ERROR pipeline.PipelinePlacementPolicy (PipelinePlacementPolicy.java:meetCriteria(92)) - Pipeline Placement: Doesn't meet the criteria to be viable node. Heaviness: 6
2019-09-12 10:35:46,322 [RatisPipelineUtilsThread] ERROR pipeline.PipelinePlacementPolicy (PipelinePlacementPolicy.java:meetCriteria(92)) - Pipeline Placement: Doesn't meet the criteria to be viable node. Heaviness: 6
2019-09-12 10:35:46,328 [grpc-default-executor-0] INFO  impl.RaftServerProxy (RaftServerProxy.java:addNew(89)) - 0a9130e0-9a35-4f66-8d33-a89a6f54c6a4: addNew group-928D7B0B9B04:[0a9130e0-9a35-4f66-8d33-a89a6f54c6a4:192.168.36.114:45292] returns group-928D7B0B9B04:java.util.concurrent.CompletableFuture@59bab4e7[Not completed]
2019-09-12 10:35:46,330 [pool-126-thread-1] INFO  impl.RaftServerImpl (RaftServerImpl.java:<init>(93)) - 0a9130e0-9a35-4f66-8d33-a89a6f54c6a4: new RaftServerImpl for group-928D7B0B9B04:[0a9130e0-9a35-4f66-8d33-a89a6f54c6a4:192.168.36.114:45292] with ContainerStateMachine:uninitialized
2019-09-12 10:35:46,330 [pool-126-thread-1] INFO  server.RaftServerConfigKeys (ConfUtils.java:logGet(43)) - raft.server.rpc.timeout.min = 5s (custom)
2019-09-12 10:35:46,330 [pool-126-thread-1] INFO  server.RaftServerConfigKeys (ConfUtils.java:logGet(43)) - raft.server.rpc.timeout.max = 5200ms (custom)
2019-09-12 10:35:46,330 [pool-126-thread-1] INFO  server.RaftServerConfigKeys (ConfUtils.java:logGet(43)) - raft.server.rpcslowness.timeout = 120s (custom)
2019-09-12 10:35:46,330 [pool-126-thread-1] INFO  server.RaftServerConfigKeys (ConfUtils.java:logGet(43)) - raft.server.sleep.deviation.threshold = 300 (default)
2019-09-12 10:35:46,330 [pool-126-thread-1] INFO  server.RaftServerConfigKeys (ConfUtils.java:logGet(43)) - raft.server.log.appender.install.snapshot.enabled = false (custom)
2019-09-12 10:35:46,330 [pool-126-thread-1] INFO  impl.RaftServerImpl (ServerState.java:<init>(105)) - 0a9130e0-9a35-4f66-8d33-a89a6f54c6a4:group-928D7B0B9B04 ConfigurationManager, init=-1: [0a9130e0-9a35-4f66-8d33-a89a6f54c6a4:192.168.36.114:45292], old=null, confs=<EMPTY_MAP>
2019-09-12 10:35:46,330 [pool-126-thread-1] INFO  server.RaftServerConfigKeys (ConfUtils.java:logGet(43)) - raft.server.storage.dir = [/workdir/hadoop-ozone/integration-test/target/test-dir/MiniOzoneClusterImpl-37d049c1-8781-4836-8b63-386207273279/datanode-9/data/ratis] (custom)
2019-09-12 10:35:46,331 [pool-126-thread-1] INFO  storage.RaftStorageDirectory (RaftStorageDirectory.java:analyzeStorage(246)) - The storage directory /workdir/hadoop-ozone/integration-test/target/test-dir/MiniOzoneClusterImpl-37d049c1-8781-4836-8b63-386207273279/datanode-9/data/ratis/633c3154-88b0-4f3c-a42e-928d7b0b9b04 does not exist. Creating ...
2019-09-12 10:35:46,347 [pool-126-thread-1] INFO  storage.RaftStorageDirectory (RaftStorageDirectory.java:tryLock(328)) - Lock on /workdir/hadoop-ozone/integration-test/target/test-dir/MiniOzoneClusterImpl-37d049c1-8781-4836-8b63-386207273279/datanode-9/data/ratis/633c3154-88b0-4f3c-a42e-928d7b0b9b04/in_use.lock acquired by nodename 9512@pr-hdds-1569-58hkm-1881083799
2019-09-12 10:35:46,362 [pool-126-thread-1] INFO  storage.RaftStorage (RaftStorage.java:format(72)) - Storage directory /workdir/hadoop-ozone/integration-test/target/test-dir/MiniOzoneClusterImpl-37d049c1-8781-4836-8b63-386207273279/datanode-9/data/ratis/633c3154-88b0-4f3c-a42e-928d7b0b9b04 has been successfully formatted.
2019-09-12 10:35:46,362 [pool-126-thread-1] INFO  ratis.ContainerStateMachine (ContainerStateMachine.java:loadSnapshot(226)) - group-928D7B0B9B04: The snapshot info is null. Setting the last applied indexto:(t:0, i:~)
2019-09-12 10:35:46,362 [pool-126-thread-1] INFO  server.RaftServerConfigKeys (ConfUtils.java:logGet(43)) - raft.server.leader.election.timeout = 120s (custom)
2019-09-12 10:35:46,362 [pool-126-thread-1] INFO  server.RaftServerConfigKeys (ConfUtils.java:logGet(43)) - raft.server.log.use.memory = false (default)
2019-09-12 10:35:46,363 [pool-126-thread-1] INFO  server.RaftServerConfigKeys (ConfUtils.java:logGet(43)) - raft.server.log.purge.gap = 1000000 (custom)
2019-09-12 10:35:46,363 [pool-126-thread-1] INFO  server.RaftServerConfigKeys (ConfUtils.java:logGet(43)) - raft.server.log.appender.buffer.byte-limit = 33554432 (custom)
2019-09-12 10:35:46,363 [pool-126-thread-1] INFO  server.RaftServerConfigKeys (ConfUtils.java:logGet(43)) - raft.server.log.segment.size.max = 1048576 (custom)
2019-09-12 10:35:46,363 [pool-126-thread-1] INFO  server.RaftServerConfigKeys (ConfUtils.java:logGet(43)) - raft.server.log.segment.cache.num.max = 2 (custom)
2019-09-12 10:35:46,363 [pool-126-thread-1] INFO  segmented.SegmentedRaftLogWorker (SegmentedRaftLogWorker.java:<init>(172)) - new 0a9130e0-9a35-4f66-8d33-a89a6f54c6a4-SegmentedRaftLogWorker:Storage Directory /workdir/hadoop-ozone/integration-test/target/test-dir/MiniOzoneClusterImpl-37d049c1-8781-4836-8b63-386207273279/datanode-9/data/ratis/633c3154-88b0-4f3c-a42e-928d7b0b9b04 for RaftStorage:Storage Directory /workdir/hadoop-ozone/integration-test/target/test-dir/MiniOzoneClusterImpl-37d049c1-8781-4836-8b63-386207273279/datanode-9/data/ratis/633c3154-88b0-4f3c-a42e-928d7b0b9b04
2019-09-12 10:35:46,363 [pool-126-thread-1] INFO  server.RaftServerConfigKeys (ConfUtils.java:logGet(43)) - raft.server.log.queue.byte-limit = 2147483647 (custom)
2019-09-12 10:35:46,363 [pool-126-thread-1] INFO  server.RaftServerConfigKeys (ConfUtils.java:logGet(43)) - raft.server.log.queue.element-limit = 1024 (custom)
2019-09-12 10:35:46,363 [pool-126-thread-1] INFO  server.RaftServerConfigKeys (ConfUtils.java:logGet(43)) - raft.server.log.segment.size.max = 1048576 (custom)
2019-09-12 10:35:46,364 [pool-126-thread-1] INFO  server.RaftServerConfigKeys (ConfUtils.java:logGet(43)) - raft.server.log.preallocated.size = 16384 (custom)
2019-09-12 10:35:46,364 [pool-126-thread-1] INFO  server.RaftServerConfigKeys (ConfUtils.java:logGet(43)) - raft.server.log.write.buffer.size = 33554432 (custom)
2019-09-12 10:35:46,364 [pool-126-thread-1] INFO  server.RaftServerConfigKeys (ConfUtils.java:logGet(43)) - raft.server.log.force.sync.num = 128 (default)
2019-09-12 10:35:46,364 [pool-126-thread-1] INFO  server.RaftServerConfigKeys (ConfUtils.java:logGet(43)) - raft.server.log.statemachine.data.sync = true (default)
2019-09-12 10:35:46,364 [pool-126-thread-1] INFO  server.RaftServerConfigKeys (ConfUtils.java:logGet(43)) - raft.server.log.statemachine.data.sync.timeout = 10s (default)
2019-09-12 10:35:46,364 [pool-126-thread-1] INFO  server.RaftServerConfigKeys (ConfUtils.java:logGet(43)) - raft.server.log.statemachine.data.sync.timeout.retry = -1 (default)
2019-09-12 10:35:46,364 [pool-126-thread-1] INFO  server.RaftServerConfigKeys (ConfUtils.java:logGet(43)) - raft.server.log.statemachine.data.caching.enabled = true (custom)
2019-09-12 10:35:46,365 [pool-126-thread-1] INFO  segmented.SegmentedRaftLogWorker (SegmentedRaftLogWorker.java:lambda$new$0(132)) - 0a9130e0-9a35-4f66-8d33-a89a6f54c6a4-SegmentedRaftLogWorker:Storage Directory /workdir/hadoop-ozone/integration-test/target/test-dir/MiniOzoneClusterImpl-37d049c1-8781-4836-8b63-386207273279/datanode-9/data/ratis/633c3154-88b0-4f3c-a42e-928d7b0b9b04: flushIndex: setUnconditionally 0 -> -1
2019-09-12 10:35:46,365 [pool-126-thread-1] INFO  server.RaftServerConfigKeys (ConfUtils.java:logGet(43)) - raft.server.snapshot.auto.trigger.enabled = true (custom)
2019-09-12 10:35:46,365 [pool-126-thread-1] INFO  server.RaftServerConfigKeys (ConfUtils.java:logGet(43)) - raft.server.snapshot.auto.trigger.threshold = 10000 (custom)
2019-09-12 10:35:46,365 [pool-126-thread-1] INFO  server.RaftServerConfigKeys (ConfUtils.java:logGet(43)) - raft.server.retrycache.expirytime = 600000ms (custom)
2019-09-12 10:35:46,365 [pool-126-thread-1] INFO  impl.RaftServerImpl (RaftServerImpl.java:start(180)) - 0a9130e0-9a35-4f66-8d33-a89a6f54c6a4: start group-928D7B0B9B04
2019-09-12 10:35:46,365 [pool-126-thread-1] INFO  impl.RaftServerImpl (RaftServerImpl.java:setRole(171)) - 0a9130e0-9a35-4f66-8d33-a89a6f54c6a4:group-928D7B0B9B04 changes role from null to FOLLOWER at term 0 for startAsFollower
2019-09-12 10:35:46,366 [pool-126-thread-1] INFO  impl.RoleInfo (RoleInfo.java:updateAndGet(143)) - 0a9130e0-9a35-4f66-8d33-a89a6f54c6a4: start FollowerState
2019-09-12 10:35:46,366 [pool-126-thread-1] INFO  util.JmxRegister (JmxRegister.java:tryRegister(44)) - Successfully registered JMX Bean with object name Ratis:service=RaftServer,group=group-928D7B0B9B04,id=0a9130e0-9a35-4f66-8d33-a89a6f54c6a4
2019-09-12 10:35:46,369 [RatisPipelineUtilsThread] INFO  pipeline.PipelineStateManager (PipelineStateManager.java:addPipeline(56)) - Created pipeline Pipeline[ Id: 633c3154-88b0-4f3c-a42e-928d7b0b9b04, Nodes: 0a9130e0-9a35-4f66-8d33-a89a6f54c6a4{ip: 192.168.36.114, host: pr-hdds-1569-58hkm-1881083799, networkLocation: /default-rack, certSerialId: null}, Type:RATIS, Factor:ONE, State:OPEN]
2019-09-12 10:35:46,369 [RatisPipelineUtilsThread] ERROR pipeline.PipelinePlacementPolicy (PipelinePlacementPolicy.java:meetCriteria(92)) - Pipeline Placement: Doesn't meet the criteria to be viable node. Heaviness: 6
2019-09-12 10:35:46,369 [RatisPipelineUtilsThread] ERROR pipeline.PipelinePlacementPolicy (PipelinePlacementPolicy.java:meetCriteria(92)) - Pipeline Placement: Doesn't meet the criteria to be viable node. Heaviness: 6
2019-09-12 10:35:46,369 [RatisPipelineUtilsThread] ERROR pipeline.PipelinePlacementPolicy (PipelinePlacementPolicy.java:meetCriteria(92)) - Pipeline Placement: Doesn't meet the criteria to be viable node. Heaviness: 6
2019-09-12 10:35:46,370 [RatisPipelineUtilsThread] ERROR pipeline.PipelinePlacementPolicy (PipelinePlacementPolicy.java:meetCriteria(92)) - Pipeline Placement: Doesn't meet the criteria to be viable node. Heaviness: 6
2019-09-12 10:35:46,370 [RatisPipelineUtilsThread] ERROR pipeline.PipelinePlacementPolicy (PipelinePlacementPolicy.java:meetCriteria(92)) - Pipeline Placement: Doesn't meet the criteria to be viable node. Heaviness: 6
2019-09-12 10:35:46,370 [RatisPipelineUtilsThread] ERROR pipeline.PipelinePlacementPolicy (PipelinePlacementPolicy.java:meetCriteria(92)) - Pipeline Placement: Doesn't meet the criteria to be viable node. Heaviness: 6
2019-09-12 10:35:46,370 [RatisPipelineUtilsThread] ERROR pipeline.PipelinePlacementPolicy (PipelinePlacementPolicy.java:meetCriteria(92)) - Pipeline Placement: Doesn't meet the criteria to be viable node. Heaviness: 6
2019-09-12 10:35:46,370 [RatisPipelineUtilsThread] ERROR pipeline.PipelinePlacementPolicy (PipelinePlacementPolicy.java:meetCriteria(92)) - Pipeline Placement: Doesn't meet the criteria to be viable node. Heaviness: 6
2019-09-12 10:35:46,370 [RatisPipelineUtilsThread] ERROR pipeline.PipelinePlacementPolicy (PipelinePlacementPolicy.java:meetCriteria(92)) - Pipeline Placement: Doesn't meet the criteria to be viable node. Heaviness: 6
2019-09-12 10:35:46,370 [RatisPipelineUtilsThread] ERROR pipeline.PipelinePlacementPolicy (PipelinePlacementPolicy.java:meetCriteria(92)) - Pipeline Placement: Doesn't meet the criteria to be viable node. Heaviness: 6
2019-09-12 10:35:46,370 [RatisPipelineUtilsThread] ERROR pipeline.PipelinePlacementPolicy (PipelinePlacementPolicy.java:filterViableNodes(147)) - Unable to find enough nodes that meet the criteria that cannot engage in more than 5 pipelines. Nodes required: 1 Found: 0, healthy nodes count inNodeManager: 10.
2019-09-12 10:35:46,372 [RatisPipelineUtilsThread] ERROR pipeline.SCMPipelineManager (SCMPipelineManager.java:createPipeline(161)) - Pipeline creation failed due to exception: Unable to find enough nodes that meet the criteria that cannot engage in more than 5 pipelines. Nodes required: 1 Found: 0, healthy nodes count inNodeManager: 10.
2019-09-12 10:35:46,373 [RatisPipelineUtilsThread] ERROR pipeline.PipelinePlacementPolicy (PipelinePlacementPolicy.java:meetCriteria(92)) - Pipeline Placement: Doesn't meet the criteria to be viable node. Heaviness: 6
2019-09-12 10:35:46,374 [RatisPipelineUtilsThread] ERROR pipeline.PipelinePlacementPolicy (PipelinePlacementPolicy.java:meetCriteria(92)) - Pipeline Placement: Doesn't meet the criteria to be viable node. Heaviness: 6
2019-09-12 10:35:46,374 [RatisPipelineUtilsThread] ERROR pipeline.PipelinePlacementPolicy (PipelinePlacementPolicy.java:meetCriteria(92)) - Pipeline Placement: Doesn't meet the criteria to be viable node. Heaviness: 6
2019-09-12 10:35:46,374 [RatisPipelineUtilsThread] ERROR pipeline.PipelinePlacementPolicy (PipelinePlacementPolicy.java:meetCriteria(92)) - Pipeline Placement: Doesn't meet the criteria to be viable node. Heaviness: 6
2019-09-12 10:35:46,374 [RatisPipelineUtilsThread] ERROR pipeline.PipelinePlacementPolicy (PipelinePlacementPolicy.java:meetCriteria(92)) - Pipeline Placement: Doesn't meet the criteria to be viable node. Heaviness: 6
2019-09-12 10:35:46,374 [RatisPipelineUtilsThread] ERROR pipeline.PipelinePlacementPolicy (PipelinePlacementPolicy.java:meetCriteria(92)) - Pipeline Placement: Doesn't meet the criteria to be viable node. Heaviness: 6
2019-09-12 10:35:46,374 [RatisPipelineUtilsThread] ERROR pipeline.PipelinePlacementPolicy (PipelinePlacementPolicy.java:meetCriteria(92)) - Pipeline Placement: Doesn't meet the criteria to be viable node. Heaviness: 6
2019-09-12 10:35:46,374 [RatisPipelineUtilsThread] ERROR pipeline.PipelinePlacementPolicy (PipelinePlacementPolicy.java:meetCriteria(92)) - Pipeline Placement: Doesn't meet the criteria to be viable node. Heaviness: 6
2019-09-12 10:35:46,374 [RatisPipelineUtilsThread] ERROR pipeline.PipelinePlacementPolicy (PipelinePlacementPolicy.java:meetCriteria(92)) - Pipeline Placement: Doesn't meet the criteria to be viable node. Heaviness: 6
2019-09-12 10:35:46,375 [RatisPipelineUtilsThread] ERROR pipeline.PipelinePlacementPolicy (PipelinePlacementPolicy.java:meetCriteria(92)) - Pipeline Placement: Doesn't meet the criteria to be viable node. Heaviness: 6
2019-09-12 10:35:46,375 [RatisPipelineUtilsThread] ERROR pipeline.PipelinePlacementPolicy (PipelinePlacementPolicy.java:filterViableNodes(147)) - Unable to find enough nodes that meet the criteria that cannot engage in more than 5 pipelines. Nodes required: 3 Found: 0, healthy nodes count inNodeManager: 10.
2019-09-12 10:35:46,375 [RatisPipelineUtilsThread] ERROR pipeline.SCMPipelineManager (SCMPipelineManager.java:createPipeline(161)) - Pipeline creation failed due to exception: Unable to find enough nodes that meet the criteria that cannot engage in more than 5 pipelines. Nodes required: 3 Found: 0, healthy nodes count inNodeManager: 10.
2019-09-12 10:35:46,375 [IPC Server handler 1 on 42038] ERROR pipeline.PipelinePlacementPolicy (PipelinePlacementPolicy.java:meetCriteria(92)) - Pipeline Placement: Doesn't meet the criteria to be viable node. Heaviness: 6
2019-09-12 10:35:46,375 [IPC Server handler 1 on 42038] ERROR pipeline.PipelinePlacementPolicy (PipelinePlacementPolicy.java:meetCriteria(92)) - Pipeline Placement: Doesn't meet the criteria to be viable node. Heaviness: 6
2019-09-12 10:35:46,375 [IPC Server handler 1 on 42038] ERROR pipeline.PipelinePlacementPolicy (PipelinePlacementPolicy.java:meetCriteria(92)) - Pipeline Placement: Doesn't meet the criteria to be viable node. Heaviness: 6
2019-09-12 10:35:46,376 [IPC Server handler 1 on 42038] ERROR pipeline.PipelinePlacementPolicy (PipelinePlacementPolicy.java:meetCriteria(92)) - Pipeline Placement: Doesn't meet the criteria to be viable node. Heaviness: 6
2019-09-12 10:35:46,376 [IPC Server handler 1 on 42038] ERROR pipeline.PipelinePlacementPolicy (PipelinePlacementPolicy.java:meetCriteria(92)) - Pipeline Placement: Doesn't meet the criteria to be viable node. Heaviness: 6
2019-09-12 10:35:46,376 [IPC Server handler 1 on 42038] ERROR pipeline.PipelinePlacementPolicy (PipelinePlacementPolicy.java:meetCriteria(92)) - Pipeline Placement: Doesn't meet the criteria to be viable node. Heaviness: 6
2019-09-12 10:35:46,376 [IPC Server handler 1 on 42038] ERROR pipeline.PipelinePlacementPolicy (PipelinePlacementPolicy.java:meetCriteria(92)) - Pipeline Placement: Doesn't meet the criteria to be viable node. Heaviness: 6
2019-09-12 10:35:46,376 [IPC Server handler 1 on 42038] ERROR pipeline.PipelinePlacementPolicy (PipelinePlacementPolicy.java:meetCriteria(92)) - Pipeline Placement: Doesn't meet the criteria to be viable node. Heaviness: 6
2019-09-12 10:35:46,376 [IPC Server handler 1 on 42038] ERROR pipeline.PipelinePlacementPolicy (PipelinePlacementPolicy.java:meetCriteria(92)) - Pipeline Placement: Doesn't meet the criteria to be viable node. Heaviness: 6
2019-09-12 10:35:46,376 [IPC Server handler 1 on 42038] ERROR pipeline.PipelinePlacementPolicy (PipelinePlacementPolicy.java:meetCriteria(92)) - Pipeline Placement: Doesn't meet the criteria to be viable node. Heaviness: 6
2019-09-12 10:35:46,377 [IPC Server handler 1 on 42038] ERROR pipeline.PipelinePlacementPolicy (PipelinePlacementPolicy.java:filterViableNodes(147)) - Unable to find enough nodes that meet the criteria that cannot engage in more than 5 pipelines. Nodes required: 3 Found: 0, healthy nodes count inNodeManager: 10.
2019-09-12 10:35:46,377 [IPC Server handler 1 on 42038] ERROR pipeline.SCMPipelineManager (SCMPipelineManager.java:createPipeline(161)) - Pipeline creation failed due to exception: Unable to find enough nodes that meet the criteria that cannot engage in more than 5 pipelines. Nodes required: 3 Found: 0, healthy nodes count inNodeManager: 10.
2019-09-12 10:35:46,377 [RatisPipelineUtilsThread] ERROR pipeline.PipelinePlacementPolicy (PipelinePlacementPolicy.java:meetCriteria(92)) - Pipeline Placement: Doesn't meet the criteria to be viable node. Heaviness: 6
2019-09-12 10:35:46,377 [RatisPipelineUtilsThread] ERROR pipeline.PipelinePlacementPolicy (PipelinePlacementPolicy.java:meetCriteria(92)) - Pipeline Placement: Doesn't meet the criteria to be viable node. Heaviness: 6
2019-09-12 10:35:46,377 [RatisPipelineUtilsThread] ERROR pipeline.PipelinePlacementPolicy (PipelinePlacementPolicy.java:meetCriteria(92)) - Pipeline Placement: Doesn't meet the criteria to be viable node. Heaviness: 6
2019-09-12 10:35:46,377 [RatisPipelineUtilsThread] ERROR pipeline.PipelinePlacementPolicy (PipelinePlacementPolicy.java:meetCriteria(92)) - Pipeline Placement: Doesn't meet the criteria to be viable node. Heaviness: 6
2019-09-12 10:35:46,378 [RatisPipelineUtilsThread] ERROR pipeline.PipelinePlacementPolicy (PipelinePlacementPolicy.java:meetCriteria(92)) - Pipeline Placement: Doesn't meet the criteria to be viable node. Heaviness: 6
2019-09-12 10:35:46,378 [RatisPipelineUtilsThread] ERROR pipeline.PipelinePlacementPolicy (PipelinePlacementPolicy.java:meetCriteria(92)) - Pipeline Placement: Doesn't meet the criteria to be viable node. Heaviness: 6
2019-09-12 10:35:46,378 [RatisPipelineUtilsThread] ERROR pipeline.PipelinePlacementPolicy (PipelinePlacementPolicy.java:meetCriteria(92)) - Pipeline Placement: Doesn't meet the criteria to be viable node. Heaviness: 6
2019-09-12 10:35:46,378 [RatisPipelineUtilsThread] ERROR pipeline.PipelinePlacementPolicy (PipelinePlacementPolicy.java:meetCriteria(92)) - Pipeline Placement: Doesn't meet the criteria to be viable node. Heaviness: 6
2019-09-12 10:35:46,378 [IPC Server handler 1 on 42038] WARN  block.BlockManagerImpl (BlockManagerImpl.java:allocateBlock(192)) - Pipeline creation failed for type:RATIS factor:THREE. Retrying get pipelines call once.
org.apache.hadoop.hdds.scm.exceptions.SCMException: Unable to find enough nodes that meet the criteria that cannot engage in more than 5 pipelines. Nodes required: 3 Found: 0, healthy nodes count inNodeManager: 10.
	at org.apache.hadoop.hdds.scm.pipeline.PipelinePlacementPolicy.filterViableNodes(PipelinePlacementPolicy.java:148)
	at org.apache.hadoop.hdds.scm.pipeline.PipelinePlacementPolicy.chooseDatanodes(PipelinePlacementPolicy.java:171)
	at org.apache.hadoop.hdds.scm.pipeline.RatisPipelineProvider.create(RatisPipelineProvider.java:100)
	at org.apache.hadoop.hdds.scm.pipeline.PipelineFactory.create(PipelineFactory.java:57)
	at org.apache.hadoop.hdds.scm.pipeline.SCMPipelineManager.createPipeline(SCMPipelineManager.java:149)
	at org.apache.hadoop.hdds.scm.block.BlockManagerImpl.allocateBlock(BlockManagerImpl.java:190)
	at org.apache.hadoop.hdds.scm.server.SCMBlockProtocolServer.allocateBlock(SCMBlockProtocolServer.java:175)
	at org.apache.hadoop.ozone.protocolPB.ScmBlockLocationProtocolServerSideTranslatorPB.allocateScmBlock(ScmBlockLocationProtocolServerSideTranslatorPB.java:153)
	at org.apache.hadoop.ozone.protocolPB.ScmBlockLocationProtocolServerSideTranslatorPB.send(ScmBlockLocationProtocolServerSideTranslatorPB.java:112)
	at org.apache.hadoop.hdds.protocol.proto.ScmBlockLocationProtocolProtos$ScmBlockLocationProtocolService$2.callBlockingMethod(ScmBlockLocationProtocolProtos.java:13157)
	at org.apache.hadoop.ipc.ProtobufRpcEngine$Server$ProtoBufRpcInvoker.call(ProtobufRpcEngine.java:524)
	at org.apache.hadoop.ipc.RPC$Server.call(RPC.java:1025)
	at org.apache.hadoop.ipc.Server$RpcCall.run(Server.java:876)
	at org.apache.hadoop.ipc.Server$RpcCall.run(Server.java:822)
	at java.security.AccessController.doPrivileged(Native Method)
	at javax.security.auth.Subject.doAs(Subject.java:422)
	at org.apache.hadoop.security.UserGroupInformation.doAs(UserGroupInformation.java:1730)
	at org.apache.hadoop.ipc.Server$Handler.run(Server.java:2682)
2019-09-12 10:35:46,378 [RatisPipelineUtilsThread] ERROR pipeline.PipelinePlacementPolicy (PipelinePlacementPolicy.java:meetCriteria(92)) - Pipeline Placement: Doesn't meet the criteria to be viable node. Heaviness: 6
2019-09-12 10:35:46,380 [RatisPipelineUtilsThread] ERROR pipeline.PipelinePlacementPolicy (PipelinePlacementPolicy.java:meetCriteria(92)) - Pipeline Placement: Doesn't meet the criteria to be viable node. Heaviness: 6
2019-09-12 10:35:46,380 [RatisPipelineUtilsThread] ERROR pipeline.PipelinePlacementPolicy (PipelinePlacementPolicy.java:filterViableNodes(147)) - Unable to find enough nodes that meet the criteria that cannot engage in more than 5 pipelines. Nodes required: 1 Found: 0, healthy nodes count inNodeManager: 10.
2019-09-12 10:35:46,380 [RatisPipelineUtilsThread] ERROR pipeline.SCMPipelineManager (SCMPipelineManager.java:createPipeline(161)) - Pipeline creation failed due to exception: Unable to find enough nodes that meet the criteria that cannot engage in more than 5 pipelines. Nodes required: 1 Found: 0, healthy nodes count inNodeManager: 10.
2019-09-12 10:35:46,380 [RatisPipelineUtilsThread] ERROR pipeline.PipelinePlacementPolicy (PipelinePlacementPolicy.java:meetCriteria(92)) - Pipeline Placement: Doesn't meet the criteria to be viable node. Heaviness: 6
2019-09-12 10:35:46,381 [RatisPipelineUtilsThread] ERROR pipeline.PipelinePlacementPolicy (PipelinePlacementPolicy.java:meetCriteria(92)) - Pipeline Placement: Doesn't meet the criteria to be viable node. Heaviness: 6
2019-09-12 10:35:46,381 [RatisPipelineUtilsThread] ERROR pipeline.PipelinePlacementPolicy (PipelinePlacementPolicy.java:meetCriteria(92)) - Pipeline Placement: Doesn't meet the criteria to be viable node. Heaviness: 6
2019-09-12 10:35:46,381 [RatisPipelineUtilsThread] ERROR pipeline.PipelinePlacementPolicy (PipelinePlacementPolicy.java:meetCriteria(92)) - Pipeline Placement: Doesn't meet the criteria to be viable node. Heaviness: 6
2019-09-12 10:35:46,381 [RatisPipelineUtilsThread] ERROR pipeline.PipelinePlacementPolicy (PipelinePlacementPolicy.java:meetCriteria(92)) - Pipeline Placement: Doesn't meet the criteria to be viable node. Heaviness: 6
2019-09-12 10:35:46,381 [RatisPipelineUtilsThread] ERROR pipeline.PipelinePlacementPolicy (PipelinePlacementPolicy.java:meetCriteria(92)) - Pipeline Placement: Doesn't meet the criteria to be viable node. Heaviness: 6
2019-09-12 10:35:46,381 [RatisPipelineUtilsThread] ERROR pipeline.PipelinePlacementPolicy (PipelinePlacementPolicy.java:meetCriteria(92)) - Pipeline Placement: Doesn't meet the criteria to be viable node. Heaviness: 6
2019-09-12 10:35:46,381 [RatisPipelineUtilsThread] ERROR pipeline.PipelinePlacementPolicy (PipelinePlacementPolicy.java:meetCriteria(92)) - Pipeline Placement: Doesn't meet the criteria to be viable node. Heaviness: 6
2019-09-12 10:35:46,381 [RatisPipelineUtilsThread] ERROR pipeline.PipelinePlacementPolicy (PipelinePlacementPolicy.java:meetCriteria(92)) - Pipeline Placement: Doesn't meet the criteria to be viable node. Heaviness: 6
2019-09-12 10:35:46,381 [RatisPipelineUtilsThread] ERROR pipeline.PipelinePlacementPolicy (PipelinePlacementPolicy.java:meetCriteria(92)) - Pipeline Placement: Doesn't meet the criteria to be viable node. Heaviness: 6
2019-09-12 10:35:46,382 [RatisPipelineUtilsThread] ERROR pipeline.PipelinePlacementPolicy (PipelinePlacementPolicy.java:filterViableNodes(147)) - Unable to find enough nodes that meet the criteria that cannot engage in more than 5 pipelines. Nodes required: 3 Found: 0, healthy nodes count inNodeManager: 10.
2019-09-12 10:35:46,382 [RatisPipelineUtilsThread] ERROR pipeline.SCMPipelineManager (SCMPipelineManager.java:createPipeline(161)) - Pipeline creation failed due to exception: Unable to find enough nodes that meet the criteria that cannot engage in more than 5 pipelines. Nodes required: 3 Found: 0, healthy nodes count inNodeManager: 10.
2019-09-12 10:35:46,382 [IPC Server handler 1 on 42038] INFO  block.BlockManagerImpl (BlockManagerImpl.java:allocateBlock(198)) - Could not find available pipeline of type:RATIS and factor:THREE even after retrying
2019-09-12 10:35:46,382 [IPC Server handler 1 on 42038] ERROR block.BlockManagerImpl (BlockManagerImpl.java:allocateBlock(222)) - Unable to allocate a block for the size: 4194304, type: RATIS, factor: THREE
2019-09-12 10:35:46,382 | INFO  | SCMAudit | user=jenkins1000 | ip=192.168.36.114 | op=ALLOCATE_BLOCK {owner=769e4947-51ed-4c69-a5c6-32668d1465b9, size=4194304, type=RATIS, factor=THREE} | ret=SUCCESS |  
2019-09-12 10:35:46,387 | ERROR | OMAudit | user=jenkins1000 | ip=127.0.0.1 | op=ALLOCATE_KEY {volume=c271c342-cf44-4b3b-9ccc-848923281ec5, bucket=c2444410-4443-4a09-81db-e9fdd746ec43, key=ccb8b182-2d52-4542-9b11-26875afdbb0b, dataSize=12, replicationType=RATIS, replicationFactor=THREE, keyLocationInfo=null} | ret=FAILURE | org.apache.hadoop.hdds.scm.exceptions.SCMException: Allocated 0 blocks. Requested 1 blocks
	at org.apache.hadoop.hdds.scm.protocolPB.ScmBlockLocationProtocolClientSideTranslatorPB.handleError(ScmBlockLocationProtocolClientSideTranslatorPB.java:118)
	at org.apache.hadoop.hdds.scm.protocolPB.ScmBlockLocationProtocolClientSideTranslatorPB.allocateBlock(ScmBlockLocationProtocolClientSideTranslatorPB.java:156) 
]]></system-out>
    <system-err><![CDATA[Sep 12, 2019 10:35:35 AM com.sun.jersey.server.impl.application.WebApplicationImpl _initiate
INFO: Initiating Jersey application, version 'Jersey: 1.19 02/11/2015 03:25 AM'
Sep 12, 2019 10:35:36 AM com.sun.jersey.server.impl.application.WebApplicationImpl _initiate
INFO: Initiating Jersey application, version 'Jersey: 1.19 02/11/2015 03:25 AM'
Sep 12, 2019 10:35:37 AM com.sun.jersey.server.impl.application.WebApplicationImpl _initiate
INFO: Initiating Jersey application, version 'Jersey: 1.19 02/11/2015 03:25 AM'
Sep 12, 2019 10:35:37 AM com.sun.jersey.server.impl.application.WebApplicationImpl _initiate
INFO: Initiating Jersey application, version 'Jersey: 1.19 02/11/2015 03:25 AM'
Sep 12, 2019 10:35:37 AM com.sun.jersey.server.impl.application.WebApplicationImpl _initiate
INFO: Initiating Jersey application, version 'Jersey: 1.19 02/11/2015 03:25 AM'
Sep 12, 2019 10:35:37 AM com.sun.jersey.server.impl.application.WebApplicationImpl _initiate
INFO: Initiating Jersey application, version 'Jersey: 1.19 02/11/2015 03:25 AM'
Sep 12, 2019 10:35:38 AM com.sun.jersey.server.impl.application.WebApplicationImpl _initiate
INFO: Initiating Jersey application, version 'Jersey: 1.19 02/11/2015 03:25 AM'
Sep 12, 2019 10:35:38 AM com.sun.jersey.server.impl.application.WebApplicationImpl _initiate
INFO: Initiating Jersey application, version 'Jersey: 1.19 02/11/2015 03:25 AM'
Sep 12, 2019 10:35:38 AM com.sun.jersey.server.impl.application.WebApplicationImpl _initiate
INFO: Initiating Jersey application, version 'Jersey: 1.19 02/11/2015 03:25 AM'
Sep 12, 2019 10:35:38 AM com.sun.jersey.server.impl.application.WebApplicationImpl _initiate
INFO: Initiating Jersey application, version 'Jersey: 1.19 02/11/2015 03:25 AM'
]]></system-err>
  </testcase>
</testsuite>