<?xml version="1.0" encoding="UTF-8"?>
<testsuite xmlns:xsi="http://www.w3.org/2001/XMLSchema-instance" xsi:noNamespaceSchemaLocation="https://maven.apache.org/surefire/maven-surefire-plugin/xsd/surefire-test-report.xsd" name="org.apache.hadoop.ozone.client.rpc.TestWatchForCommit" time="87.916" tests="5" errors="5" skipped="0" failures="0">
  <properties>
    <property name="awt.toolkit" value="sun.awt.X11.XToolkit"/>
    <property name="file.encoding.pkg" value="sun.io"/>
    <property name="java.specification.version" value="1.8"/>
    <property name="sun.cpu.isalist" value=""/>
    <property name="sun.jnu.encoding" value="UTF-8"/>
    <property name="java.class.path" value="/workdir/hadoop-ozone/integration-test/target/test-classes:/workdir/hadoop-ozone/integration-test/target/classes:/home/user/.m2/repository/org/apache/hadoop/hadoop-ozone-common/0.5.0-SNAPSHOT/hadoop-ozone-common-0.5.0-SNAPSHOT.jar:/home/user/.m2/repository/org/apache/commons/commons-compress/1.4.1/commons-compress-1.4.1.jar:/home/user/.m2/repository/org/tukaani/xz/1.0/xz-1.0.jar:/home/user/.m2/repository/org/apache/hadoop/hadoop-common/3.2.0/hadoop-common-3.2.0.jar:/home/user/.m2/repository/org/apache/hadoop/hadoop-hdfs/3.2.0/hadoop-hdfs-3.2.0.jar:/home/user/.m2/repository/org/apache/hadoop/hadoop-hdfs-client/3.2.0/hadoop-hdfs-client-3.2.0.jar:/home/user/.m2/repository/com/fasterxml/jackson/core/jackson-annotations/2.9.5/jackson-annotations-2.9.5.jar:/home/user/.m2/repository/org/apache/hadoop/hadoop-hdds-common/0.5.0-SNAPSHOT/hadoop-hdds-common-0.5.0-SNAPSHOT.jar:/home/user/.m2/repository/javax/annotation/javax.annotation-api/1.2/javax.annotation-api-1.2.jar:/home/user/.m2/repository/org/apache/ratis/ratis-server/0.4.0-2337318-SNAPSHOT/ratis-server-0.4.0-2337318-SNAPSHOT.jar:/home/user/.m2/repository/org/apache/ratis/ratis-thirdparty-misc/0.2.0/ratis-thirdparty-misc-0.2.0.jar:/home/user/.m2/repository/org/apache/ratis/ratis-proto/0.4.0-2337318-SNAPSHOT/ratis-proto-0.4.0-2337318-SNAPSHOT.jar:/home/user/.m2/repository/org/apache/ratis/ratis-common/0.4.0-2337318-SNAPSHOT/ratis-common-0.4.0-2337318-SNAPSHOT.jar:/home/user/.m2/repository/org/apache/ratis/ratis-client/0.4.0-2337318-SNAPSHOT/ratis-client-0.4.0-2337318-SNAPSHOT.jar:/home/user/.m2/repository/org/apache/ratis/ratis-metrics/0.4.0-2337318-SNAPSHOT/ratis-metrics-0.4.0-2337318-SNAPSHOT.jar:/home/user/.m2/repository/org/apache/ratis/ratis-netty/0.4.0-2337318-SNAPSHOT/ratis-netty-0.4.0-2337318-SNAPSHOT.jar:/home/user/.m2/repository/org/apache/ratis/ratis-grpc/0.4.0-2337318-SNAPSHOT/ratis-grpc-0.4.0-2337318-SNAPSHOT.jar:/home/user/.m2/repository/org/rocksdb/rocksdbjni/6.0.1/rocksdbjni-6.0.1.jar:/home/user/.m2/repository/org/apache/logging/log4j/log4j-api/2.11.0/log4j-api-2.11.0.jar:/home/user/.m2/repository/org/apache/logging/log4j/log4j-core/2.11.0/log4j-core-2.11.0.jar:/home/user/.m2/repository/com/lmax/disruptor/3.4.2/disruptor-3.4.2.jar:/home/user/.m2/repository/org/apache/commons/commons-pool2/2.6.0/commons-pool2-2.6.0.jar:/home/user/.m2/repository/org/bouncycastle/bcpkix-jdk15on/1.60/bcpkix-jdk15on-1.60.jar:/home/user/.m2/repository/commons-validator/commons-validator/1.6/commons-validator-1.6.jar:/home/user/.m2/repository/commons-digester/commons-digester/1.8.1/commons-digester-1.8.1.jar:/home/user/.m2/repository/io/jaegertracing/jaeger-client/0.33.1/jaeger-client-0.33.1.jar:/home/user/.m2/repository/io/jaegertracing/jaeger-thrift/0.33.1/jaeger-thrift-0.33.1.jar:/home/user/.m2/repository/org/apache/thrift/libthrift/0.11.0/libthrift-0.11.0.jar:/home/user/.m2/repository/com/squareup/okhttp3/okhttp/3.9.0/okhttp-3.9.0.jar:/home/user/.m2/repository/com/squareup/okio/okio/1.13.0/okio-1.13.0.jar:/home/user/.m2/repository/io/jaegertracing/jaeger-core/0.33.1/jaeger-core-0.33.1.jar:/home/user/.m2/repository/io/jaegertracing/jaeger-tracerresolver/0.33.1/jaeger-tracerresolver-0.33.1.jar:/home/user/.m2/repository/io/opentracing/contrib/opentracing-tracerresolver/0.1.5/opentracing-tracerresolver-0.1.5.jar:/home/user/.m2/repository/io/opentracing/opentracing-util/0.31.0/opentracing-util-0.31.0.jar:/home/user/.m2/repository/io/opentracing/opentracing-api/0.31.0/opentracing-api-0.31.0.jar:/home/user/.m2/repository/io/opentracing/opentracing-noop/0.31.0/opentracing-noop-0.31.0.jar:/home/user/.m2/repository/org/apache/hadoop/hadoop-hdds-server-framework/0.5.0-SNAPSHOT/hadoop-hdds-server-framework-0.5.0-SNAPSHOT.jar:/home/user/.m2/repository/org/apache/hadoop/hadoop-hdds-container-service/0.5.0-SNAPSHOT/hadoop-hdds-container-service-0.5.0-SNAPSHOT.jar:/home/user/.m2/repository/org/apache/hadoop/hadoop-hdds-client/0.5.0-SNAPSHOT/hadoop-hdds-client-0.5.0-SNAPSHOT.jar:/home/user/.m2/repository/org/apache/hadoop/hadoop-hdds-tools/0.5.0-SNAPSHOT/hadoop-hdds-tools-0.5.0-SNAPSHOT.jar:/home/user/.m2/repository/org/apache/hadoop/hadoop-hdds-server-scm/0.5.0-SNAPSHOT/hadoop-hdds-server-scm-0.5.0-SNAPSHOT.jar:/home/user/.m2/repository/org/apache/hadoop/hadoop-hdds-docs/0.5.0-SNAPSHOT/hadoop-hdds-docs-0.5.0-SNAPSHOT.jar:/home/user/.m2/repository/io/dropwizard/metrics/metrics-core/3.2.4/metrics-core-3.2.4.jar:/home/user/.m2/repository/org/hamcrest/hamcrest-all/1.3/hamcrest-all-1.3.jar:/home/user/.m2/repository/org/bouncycastle/bcprov-jdk15on/1.60/bcprov-jdk15on-1.60.jar:/home/user/.m2/repository/info/picocli/picocli/3.9.6/picocli-3.9.6.jar:/home/user/.m2/repository/com/google/protobuf/protobuf-java/2.5.0/protobuf-java-2.5.0.jar:/home/user/.m2/repository/com/google/guava/guava/11.0.2/guava-11.0.2.jar:/home/user/.m2/repository/org/apache/hadoop/hadoop-ozone-ozone-manager/0.5.0-SNAPSHOT/hadoop-ozone-ozone-manager-0.5.0-SNAPSHOT.jar:/home/user/.m2/repository/org/apache/hadoop/hadoop-minikdc/3.2.0/hadoop-minikdc-3.2.0.jar:/home/user/.m2/repository/commons-io/commons-io/2.5/commons-io-2.5.jar:/home/user/.m2/repository/org/apache/kerby/kerb-simplekdc/1.0.1/kerb-simplekdc-1.0.1.jar:/home/user/.m2/repository/org/apache/kerby/kerb-client/1.0.1/kerb-client-1.0.1.jar:/home/user/.m2/repository/org/apache/kerby/kerby-config/1.0.1/kerby-config-1.0.1.jar:/home/user/.m2/repository/org/apache/kerby/kerb-core/1.0.1/kerb-core-1.0.1.jar:/home/user/.m2/repository/org/apache/kerby/kerby-pkix/1.0.1/kerby-pkix-1.0.1.jar:/home/user/.m2/repository/org/apache/kerby/kerby-asn1/1.0.1/kerby-asn1-1.0.1.jar:/home/user/.m2/repository/org/apache/kerby/kerby-util/1.0.1/kerby-util-1.0.1.jar:/home/user/.m2/repository/org/apache/kerby/kerb-common/1.0.1/kerb-common-1.0.1.jar:/home/user/.m2/repository/org/apache/kerby/kerb-crypto/1.0.1/kerb-crypto-1.0.1.jar:/home/user/.m2/repository/org/apache/kerby/kerb-util/1.0.1/kerb-util-1.0.1.jar:/home/user/.m2/repository/org/apache/kerby/token-provider/1.0.1/token-provider-1.0.1.jar:/home/user/.m2/repository/org/apache/kerby/kerb-admin/1.0.1/kerb-admin-1.0.1.jar:/home/user/.m2/repository/org/apache/kerby/kerb-server/1.0.1/kerb-server-1.0.1.jar:/home/user/.m2/repository/org/apache/kerby/kerb-identity/1.0.1/kerb-identity-1.0.1.jar:/home/user/.m2/repository/org/apache/kerby/kerby-xdr/1.0.1/kerby-xdr-1.0.1.jar:/home/user/.m2/repository/org/slf4j/slf4j-log4j12/1.7.25/slf4j-log4j12-1.7.25.jar:/home/user/.m2/repository/org/apache/hadoop/hadoop-ozone-objectstore-service/0.5.0-SNAPSHOT/hadoop-ozone-objectstore-service-0.5.0-SNAPSHOT.jar:/home/user/.m2/repository/org/apache/hadoop/hadoop-ozone-s3gateway/0.5.0-SNAPSHOT/hadoop-ozone-s3gateway-0.5.0-SNAPSHOT.jar:/home/user/.m2/repository/org/jboss/weld/servlet/weld-servlet/2.4.7.Final/weld-servlet-2.4.7.Final.jar:/home/user/.m2/repository/org/glassfish/jersey/containers/jersey-container-servlet-core/2.27/jersey-container-servlet-core-2.27.jar:/home/user/.m2/repository/org/glassfish/hk2/external/javax.inject/2.5.0-b42/javax.inject-2.5.0-b42.jar:/home/user/.m2/repository/org/glassfish/jersey/core/jersey-common/2.27/jersey-common-2.27.jar:/home/user/.m2/repository/org/glassfish/hk2/osgi-resource-locator/1.0.1/osgi-resource-locator-1.0.1.jar:/home/user/.m2/repository/javax/ws/rs/javax.ws.rs-api/2.1/javax.ws.rs-api-2.1.jar:/home/user/.m2/repository/org/glassfish/jersey/ext/cdi/jersey-cdi1x/2.27/jersey-cdi1x-2.27.jar:/home/user/.m2/repository/org/glassfish/jersey/inject/jersey-hk2/2.27/jersey-hk2-2.27.jar:/home/user/.m2/repository/org/glassfish/hk2/hk2-locator/2.5.0-b42/hk2-locator-2.5.0-b42.jar:/home/user/.m2/repository/org/javassist/javassist/3.22.0-CR2/javassist-3.22.0-CR2.jar:/home/user/.m2/repository/org/glassfish/hk2/hk2-api/2.5.0/hk2-api-2.5.0.jar:/home/user/.m2/repository/org/glassfish/hk2/external/jakarta.inject/2.5.0/jakarta.inject-2.5.0.jar:/home/user/.m2/repository/org/glassfish/hk2/hk2-utils/2.5.0/hk2-utils-2.5.0.jar:/home/user/.m2/repository/jakarta/annotation/jakarta.annotation-api/1.3.4/jakarta.annotation-api-1.3.4.jar:/home/user/.m2/repository/org/glassfish/hk2/external/aopalliance-repackaged/2.5.0/aopalliance-repackaged-2.5.0.jar:/home/user/.m2/repository/com/fasterxml/jackson/dataformat/jackson-dataformat-xml/2.9.0/jackson-dataformat-xml-2.9.0.jar:/home/user/.m2/repository/com/fasterxml/jackson/core/jackson-core/2.9.5/jackson-core-2.9.5.jar:/home/user/.m2/repository/com/fasterxml/jackson/module/jackson-module-jaxb-annotations/2.9.5/jackson-module-jaxb-annotations-2.9.5.jar:/home/user/.m2/repository/javax/enterprise/cdi-api/1.2/cdi-api-1.2.jar:/home/user/.m2/repository/javax/el/javax.el-api/3.0.0/javax.el-api-3.0.0.jar:/home/user/.m2/repository/javax/interceptor/javax.interceptor-api/1.2/javax.interceptor-api-1.2.jar:/home/user/.m2/repository/javax/inject/javax.inject/1/javax.inject-1.jar:/home/user/.m2/repository/com/sun/xml/bind/jaxb-impl/2.3.0.1/jaxb-impl-2.3.0.1.jar:/home/user/.m2/repository/com/sun/xml/bind/jaxb-core/2.3.0.1/jaxb-core-2.3.0.1.jar:/home/user/.m2/repository/javax/xml/bind/jaxb-api/2.3.0/jaxb-api-2.3.0.jar:/home/user/.m2/repository/javax/activation/activation/1.1.1/activation-1.1.1.jar:/home/user/.m2/repository/org/apache/hadoop/hadoop-ozone-csi/0.5.0-SNAPSHOT/hadoop-ozone-csi-0.5.0-SNAPSHOT.jar:/home/user/.m2/repository/com/google/protobuf/protobuf-java-util/3.5.1/protobuf-java-util-3.5.1.jar:/home/user/.m2/repository/org/apache/hadoop/hadoop-hdds-config/0.5.0-SNAPSHOT/hadoop-hdds-config-0.5.0-SNAPSHOT.jar:/home/user/.m2/repository/io/grpc/grpc-netty/1.17.1/grpc-netty-1.17.1.jar:/home/user/.m2/repository/io/grpc/grpc-core/1.17.1/grpc-core-1.17.1.jar:/home/user/.m2/repository/io/grpc/grpc-context/1.17.1/grpc-context-1.17.1.jar:/home/user/.m2/repository/com/google/errorprone/error_prone_annotations/2.2.0/error_prone_annotations-2.2.0.jar:/home/user/.m2/repository/org/codehaus/mojo/animal-sniffer-annotations/1.17/animal-sniffer-annotations-1.17.jar:/home/user/.m2/repository/io/opencensus/opencensus-api/0.17.0/opencensus-api-0.17.0.jar:/home/user/.m2/repository/io/opencensus/opencensus-contrib-grpc-metrics/0.17.0/opencensus-contrib-grpc-metrics-0.17.0.jar:/home/user/.m2/repository/io/netty/netty-codec-http2/4.1.30.Final/netty-codec-http2-4.1.30.Final.jar:/home/user/.m2/repository/io/netty/netty-codec-http/4.1.30.Final/netty-codec-http-4.1.30.Final.jar:/home/user/.m2/repository/io/netty/netty-codec/4.1.30.Final/netty-codec-4.1.30.Final.jar:/home/user/.m2/repository/io/netty/netty-handler/4.1.30.Final/netty-handler-4.1.30.Final.jar:/home/user/.m2/repository/io/netty/netty-handler-proxy/4.1.30.Final/netty-handler-proxy-4.1.30.Final.jar:/home/user/.m2/repository/io/netty/netty-codec-socks/4.1.30.Final/netty-codec-socks-4.1.30.Final.jar:/home/user/.m2/repository/io/netty/netty-transport-native-epoll/4.1.30.Final/netty-transport-native-epoll-4.1.30.Final.jar:/home/user/.m2/repository/io/netty/netty-common/4.1.30.Final/netty-common-4.1.30.Final.jar:/home/user/.m2/repository/io/netty/netty-buffer/4.1.30.Final/netty-buffer-4.1.30.Final.jar:/home/user/.m2/repository/io/netty/netty-transport/4.1.30.Final/netty-transport-4.1.30.Final.jar:/home/user/.m2/repository/io/netty/netty-resolver/4.1.30.Final/netty-resolver-4.1.30.Final.jar:/home/user/.m2/repository/io/netty/netty-transport-native-unix-common/4.1.30.Final/netty-transport-native-unix-common-4.1.30.Final.jar:/home/user/.m2/repository/io/grpc/grpc-protobuf/1.17.1/grpc-protobuf-1.17.1.jar:/home/user/.m2/repository/com/google/api/grpc/proto-google-common-protos/1.0.0/proto-google-common-protos-1.0.0.jar:/home/user/.m2/repository/io/grpc/grpc-protobuf-lite/1.17.1/grpc-protobuf-lite-1.17.1.jar:/home/user/.m2/repository/io/grpc/grpc-stub/1.17.1/grpc-stub-1.17.1.jar:/home/user/.m2/repository/org/apache/hadoop/hadoop-ozone-recon/0.5.0-SNAPSHOT/hadoop-ozone-recon-0.5.0-SNAPSHOT.jar:/home/user/.m2/repository/org/apache/hadoop/hadoop-ozone-reconcodegen/0.5.0-SNAPSHOT/hadoop-ozone-reconcodegen-0.5.0-SNAPSHOT.jar:/home/user/.m2/repository/com/google/inject/extensions/guice-multibindings/4.0/guice-multibindings-4.0.jar:/home/user/.m2/repository/com/google/inject/guice/4.0/guice-4.0.jar:/home/user/.m2/repository/aopalliance/aopalliance/1.0/aopalliance-1.0.jar:/home/user/.m2/repository/com/google/inject/extensions/guice-servlet/4.0/guice-servlet-4.0.jar:/home/user/.m2/repository/org/glassfish/jersey/containers/jersey-container-servlet/2.27/jersey-container-servlet-2.27.jar:/home/user/.m2/repository/org/glassfish/hk2/guice-bridge/2.5.0/guice-bridge-2.5.0.jar:/home/user/.m2/repository/org/glassfish/jersey/core/jersey-server/2.27/jersey-server-2.27.jar:/home/user/.m2/repository/org/glassfish/jersey/core/jersey-client/2.27/jersey-client-2.27.jar:/home/user/.m2/repository/org/glassfish/jersey/media/jersey-media-jaxb/2.27/jersey-media-jaxb-2.27.jar:/home/user/.m2/repository/javax/validation/validation-api/1.1.0.Final/validation-api-1.1.0.Final.jar:/home/user/.m2/repository/org/glassfish/jersey/media/jersey-media-json-jackson/2.27/jersey-media-json-jackson-2.27.jar:/home/user/.m2/repository/org/glassfish/jersey/ext/jersey-entity-filtering/2.27/jersey-entity-filtering-2.27.jar:/home/user/.m2/repository/com/google/inject/extensions/guice-assistedinject/4.0/guice-assistedinject-4.0.jar:/home/user/.m2/repository/org/jooq/jooq/3.11.10/jooq-3.11.10.jar:/home/user/.m2/repository/org/jooq/jooq-meta/3.11.10/jooq-meta-3.11.10.jar:/home/user/.m2/repository/org/jooq/jooq-codegen/3.11.10/jooq-codegen-3.11.10.jar:/home/user/.m2/repository/com/jolbox/bonecp/0.8.0.RELEASE/bonecp-0.8.0.RELEASE.jar:/home/user/.m2/repository/org/xerial/sqlite-jdbc/3.25.2/sqlite-jdbc-3.25.2.jar:/home/user/.m2/repository/org/springframework/spring-jdbc/5.1.3.RELEASE/spring-jdbc-5.1.3.RELEASE.jar:/home/user/.m2/repository/org/springframework/spring-beans/5.1.3.RELEASE/spring-beans-5.1.3.RELEASE.jar:/home/user/.m2/repository/org/springframework/spring-core/5.1.3.RELEASE/spring-core-5.1.3.RELEASE.jar:/home/user/.m2/repository/org/springframework/spring-jcl/5.1.3.RELEASE/spring-jcl-5.1.3.RELEASE.jar:/home/user/.m2/repository/org/springframework/spring-tx/5.1.3.RELEASE/spring-tx-5.1.3.RELEASE.jar:/home/user/.m2/repository/org/apache/hadoop/hadoop-ozone-client/0.5.0-SNAPSHOT/hadoop-ozone-client-0.5.0-SNAPSHOT.jar:/home/user/.m2/repository/commons-lang/commons-lang/2.6/commons-lang-2.6.jar:/home/user/.m2/repository/org/apache/hadoop/hadoop-ozone-ozone-manager/0.5.0-SNAPSHOT/hadoop-ozone-ozone-manager-0.5.0-SNAPSHOT-tests.jar:/home/user/.m2/repository/junit/junit/4.11/junit-4.11.jar:/home/user/.m2/repository/org/hamcrest/hamcrest-core/1.3/hamcrest-core-1.3.jar:/home/user/.m2/repository/org/openjdk/jmh/jmh-core/1.19/jmh-core-1.19.jar:/home/user/.m2/repository/net/sf/jopt-simple/jopt-simple/4.6/jopt-simple-4.6.jar:/home/user/.m2/repository/org/apache/commons/commons-math3/3.1.1/commons-math3-3.1.1.jar:/home/user/.m2/repository/org/openjdk/jmh/jmh-generator-annprocess/1.19/jmh-generator-annprocess-1.19.jar:/home/user/.m2/repository/org/mockito/mockito-all/1.8.5/mockito-all-1.8.5.jar:/home/user/.m2/repository/org/apache/hadoop/hadoop-kms/3.2.0/hadoop-kms-3.2.0.jar:/home/user/.m2/repository/org/apache/hadoop/hadoop-auth/3.2.0/hadoop-auth-3.2.0.jar:/home/user/.m2/repository/com/nimbusds/nimbus-jose-jwt/4.41.1/nimbus-jose-jwt-4.41.1.jar:/home/user/.m2/repository/com/github/stephenc/jcip/jcip-annotations/1.0-1/jcip-annotations-1.0-1.jar:/home/user/.m2/repository/net/minidev/json-smart/2.3/json-smart-2.3.jar:/home/user/.m2/repository/net/minidev/accessors-smart/1.2/accessors-smart-1.2.jar:/home/user/.m2/repository/org/ow2/asm/asm/5.0.4/asm-5.0.4.jar:/home/user/.m2/repository/org/apache/curator/curator-framework/2.12.0/curator-framework-2.12.0.jar:/home/user/.m2/repository/com/sun/jersey/jersey-core/1.19/jersey-core-1.19.jar:/home/user/.m2/repository/javax/ws/rs/jsr311-api/1.1.1/jsr311-api-1.1.1.jar:/home/user/.m2/repository/com/sun/jersey/jersey-server/1.19/jersey-server-1.19.jar:/home/user/.m2/repository/javax/servlet/javax.servlet-api/3.1.0/javax.servlet-api-3.1.0.jar:/home/user/.m2/repository/org/eclipse/jetty/jetty-server/9.3.24.v20180605/jetty-server-9.3.24.v20180605.jar:/home/user/.m2/repository/org/eclipse/jetty/jetty-http/9.3.24.v20180605/jetty-http-9.3.24.v20180605.jar:/home/user/.m2/repository/org/eclipse/jetty/jetty-io/9.3.24.v20180605/jetty-io-9.3.24.v20180605.jar:/home/user/.m2/repository/org/eclipse/jetty/jetty-webapp/9.3.24.v20180605/jetty-webapp-9.3.24.v20180605.jar:/home/user/.m2/repository/org/eclipse/jetty/jetty-xml/9.3.24.v20180605/jetty-xml-9.3.24.v20180605.jar:/home/user/.m2/repository/log4j/log4j/1.2.17/log4j-1.2.17.jar:/home/user/.m2/repository/org/slf4j/slf4j-api/1.7.25/slf4j-api-1.7.25.jar:/home/user/.m2/repository/org/slf4j/jul-to-slf4j/1.7.25/jul-to-slf4j-1.7.25.jar:/home/user/.m2/repository/org/eclipse/jetty/jetty-util/9.3.24.v20180605/jetty-util-9.3.24.v20180605.jar:/home/user/.m2/repository/com/fasterxml/jackson/core/jackson-databind/2.9.5/jackson-databind-2.9.5.jar:/home/user/.m2/repository/org/apache/hadoop/hadoop-kms/3.2.0/hadoop-kms-3.2.0-tests.jar:/home/user/.m2/repository/org/apache/hadoop/hadoop-hdds-server-scm/0.5.0-SNAPSHOT/hadoop-hdds-server-scm-0.5.0-SNAPSHOT-tests.jar:/home/user/.m2/repository/org/apache/hadoop/hadoop-hdds-container-service/0.5.0-SNAPSHOT/hadoop-hdds-container-service-0.5.0-SNAPSHOT-tests.jar:/home/user/.m2/repository/org/yaml/snakeyaml/1.16/snakeyaml-1.16.jar:/home/user/.m2/repository/org/apache/hadoop/hadoop-common/3.2.0/hadoop-common-3.2.0-tests.jar:/home/user/.m2/repository/org/apache/hadoop/hadoop-annotations/3.2.0/hadoop-annotations-3.2.0.jar:/usr/lib/jvm/java-1.8-openjdk/jre/../lib/tools.jar:/home/user/.m2/repository/commons-cli/commons-cli/1.2/commons-cli-1.2.jar:/home/user/.m2/repository/org/apache/httpcomponents/httpclient/4.5.2/httpclient-4.5.2.jar:/home/user/.m2/repository/org/apache/httpcomponents/httpcore/4.4.4/httpcore-4.4.4.jar:/home/user/.m2/repository/commons-codec/commons-codec/1.11/commons-codec-1.11.jar:/home/user/.m2/repository/commons-net/commons-net/3.6/commons-net-3.6.jar:/home/user/.m2/repository/commons-collections/commons-collections/3.2.2/commons-collections-3.2.2.jar:/home/user/.m2/repository/org/eclipse/jetty/jetty-servlet/9.3.24.v20180605/jetty-servlet-9.3.24.v20180605.jar:/home/user/.m2/repository/org/eclipse/jetty/jetty-security/9.3.24.v20180605/jetty-security-9.3.24.v20180605.jar:/home/user/.m2/repository/javax/servlet/jsp/jsp-api/2.1/jsp-api-2.1.jar:/home/user/.m2/repository/com/sun/jersey/jersey-servlet/1.19/jersey-servlet-1.19.jar:/home/user/.m2/repository/com/sun/jersey/jersey-json/1.19/jersey-json-1.19.jar:/home/user/.m2/repository/org/codehaus/jettison/jettison/1.1/jettison-1.1.jar:/home/user/.m2/repository/org/codehaus/jackson/jackson-core-asl/1.9.13/jackson-core-asl-1.9.13.jar:/home/user/.m2/repository/org/codehaus/jackson/jackson-mapper-asl/1.9.13/jackson-mapper-asl-1.9.13.jar:/home/user/.m2/repository/org/codehaus/jackson/jackson-jaxrs/1.9.13/jackson-jaxrs-1.9.13.jar:/home/user/.m2/repository/org/codehaus/jackson/jackson-xc/1.9.13/jackson-xc-1.9.13.jar:/home/user/.m2/repository/commons-logging/commons-logging/1.1.3/commons-logging-1.1.3.jar:/home/user/.m2/repository/commons-beanutils/commons-beanutils/1.9.3/commons-beanutils-1.9.3.jar:/home/user/.m2/repository/org/apache/commons/commons-configuration2/2.1.1/commons-configuration2-2.1.1.jar:/home/user/.m2/repository/org/apache/commons/commons-lang3/3.7/commons-lang3-3.7.jar:/home/user/.m2/repository/org/apache/commons/commons-text/1.4/commons-text-1.4.jar:/home/user/.m2/repository/org/apache/avro/avro/1.7.7/avro-1.7.7.jar:/home/user/.m2/repository/com/thoughtworks/paranamer/paranamer/2.3/paranamer-2.3.jar:/home/user/.m2/repository/org/xerial/snappy/snappy-java/1.0.5/snappy-java-1.0.5.jar:/home/user/.m2/repository/com/google/re2j/re2j/1.1/re2j-1.1.jar:/home/user/.m2/repository/com/google/code/gson/gson/2.2.4/gson-2.2.4.jar:/home/user/.m2/repository/com/jcraft/jsch/0.1.54/jsch-0.1.54.jar:/home/user/.m2/repository/org/apache/curator/curator-client/2.12.0/curator-client-2.12.0.jar:/home/user/.m2/repository/org/apache/curator/curator-recipes/2.12.0/curator-recipes-2.12.0.jar:/home/user/.m2/repository/com/google/code/findbugs/jsr305/3.0.0/jsr305-3.0.0.jar:/home/user/.m2/repository/org/apache/htrace/htrace-core4/4.1.0-incubating/htrace-core4-4.1.0-incubating.jar:/home/user/.m2/repository/org/apache/zookeeper/zookeeper/3.4.13/zookeeper-3.4.13.jar:/home/user/.m2/repository/org/apache/yetus/audience-annotations/0.5.0/audience-annotations-0.5.0.jar:/home/user/.m2/repository/org/codehaus/woodstox/stax2-api/3.1.4/stax2-api-3.1.4.jar:/home/user/.m2/repository/com/fasterxml/woodstox/woodstox-core/5.0.3/woodstox-core-5.0.3.jar:/home/user/.m2/repository/dnsjava/dnsjava/2.1.7/dnsjava-2.1.7.jar:/home/user/.m2/repository/org/apache/hadoop/hadoop-hdfs/3.2.0/hadoop-hdfs-3.2.0-tests.jar:/home/user/.m2/repository/org/eclipse/jetty/jetty-util-ajax/9.3.24.v20180605/jetty-util-ajax-9.3.24.v20180605.jar:/home/user/.m2/repository/commons-daemon/commons-daemon/1.0.13/commons-daemon-1.0.13.jar:/home/user/.m2/repository/io/netty/netty/3.10.5.Final/netty-3.10.5.Final.jar:/home/user/.m2/repository/io/netty/netty-all/4.0.52.Final/netty-all-4.0.52.Final.jar:/home/user/.m2/repository/org/fusesource/leveldbjni/leveldbjni-all/1.8/leveldbjni-all-1.8.jar:"/>
    <property name="java.vm.vendor" value="IcedTea"/>
    <property name="sun.arch.data.model" value="64"/>
    <property name="test.build.dir" value="/workdir/hadoop-ozone/integration-test/target/test-dir"/>
    <property name="test.cache.data" value=""/>
    <property name="java.vendor.url" value="https://icedtea.classpath.org"/>
    <property name="user.timezone" value=""/>
    <property name="java.vm.specification.version" value="1.8"/>
    <property name="os.name" value="Linux"/>
    <property name="test.build.data" value="/workdir/hadoop-ozone/integration-test/target/test-dir"/>
    <property name="user.country" value="US"/>
    <property name="sun.java.launcher" value="SUN_STANDARD"/>
    <property name="sun.boot.library.path" value="/usr/lib/jvm/java-1.8-openjdk/jre/lib/amd64"/>
    <property name="sun.java.command" value="/workdir/hadoop-ozone/integration-test/target/surefire/surefirebooter4878202608872906717.jar /workdir/hadoop-ozone/integration-test/target/surefire 2019-09-12T10-07-27_366-jvmRun1 surefire2975714874531387921tmp surefire_18278383334650434613tmp"/>
    <property name="test" value="!TestMiniChaosOzoneCluster"/>
    <property name="surefire.test.class.path" value="/workdir/hadoop-ozone/integration-test/target/test-classes:/workdir/hadoop-ozone/integration-test/target/classes:/home/user/.m2/repository/org/apache/hadoop/hadoop-ozone-common/0.5.0-SNAPSHOT/hadoop-ozone-common-0.5.0-SNAPSHOT.jar:/home/user/.m2/repository/org/apache/commons/commons-compress/1.4.1/commons-compress-1.4.1.jar:/home/user/.m2/repository/org/tukaani/xz/1.0/xz-1.0.jar:/home/user/.m2/repository/org/apache/hadoop/hadoop-common/3.2.0/hadoop-common-3.2.0.jar:/home/user/.m2/repository/org/apache/hadoop/hadoop-hdfs/3.2.0/hadoop-hdfs-3.2.0.jar:/home/user/.m2/repository/org/apache/hadoop/hadoop-hdfs-client/3.2.0/hadoop-hdfs-client-3.2.0.jar:/home/user/.m2/repository/com/fasterxml/jackson/core/jackson-annotations/2.9.5/jackson-annotations-2.9.5.jar:/home/user/.m2/repository/org/apache/hadoop/hadoop-hdds-common/0.5.0-SNAPSHOT/hadoop-hdds-common-0.5.0-SNAPSHOT.jar:/home/user/.m2/repository/javax/annotation/javax.annotation-api/1.2/javax.annotation-api-1.2.jar:/home/user/.m2/repository/org/apache/ratis/ratis-server/0.4.0-2337318-SNAPSHOT/ratis-server-0.4.0-2337318-SNAPSHOT.jar:/home/user/.m2/repository/org/apache/ratis/ratis-thirdparty-misc/0.2.0/ratis-thirdparty-misc-0.2.0.jar:/home/user/.m2/repository/org/apache/ratis/ratis-proto/0.4.0-2337318-SNAPSHOT/ratis-proto-0.4.0-2337318-SNAPSHOT.jar:/home/user/.m2/repository/org/apache/ratis/ratis-common/0.4.0-2337318-SNAPSHOT/ratis-common-0.4.0-2337318-SNAPSHOT.jar:/home/user/.m2/repository/org/apache/ratis/ratis-client/0.4.0-2337318-SNAPSHOT/ratis-client-0.4.0-2337318-SNAPSHOT.jar:/home/user/.m2/repository/org/apache/ratis/ratis-metrics/0.4.0-2337318-SNAPSHOT/ratis-metrics-0.4.0-2337318-SNAPSHOT.jar:/home/user/.m2/repository/org/apache/ratis/ratis-netty/0.4.0-2337318-SNAPSHOT/ratis-netty-0.4.0-2337318-SNAPSHOT.jar:/home/user/.m2/repository/org/apache/ratis/ratis-grpc/0.4.0-2337318-SNAPSHOT/ratis-grpc-0.4.0-2337318-SNAPSHOT.jar:/home/user/.m2/repository/org/rocksdb/rocksdbjni/6.0.1/rocksdbjni-6.0.1.jar:/home/user/.m2/repository/org/apache/logging/log4j/log4j-api/2.11.0/log4j-api-2.11.0.jar:/home/user/.m2/repository/org/apache/logging/log4j/log4j-core/2.11.0/log4j-core-2.11.0.jar:/home/user/.m2/repository/com/lmax/disruptor/3.4.2/disruptor-3.4.2.jar:/home/user/.m2/repository/org/apache/commons/commons-pool2/2.6.0/commons-pool2-2.6.0.jar:/home/user/.m2/repository/org/bouncycastle/bcpkix-jdk15on/1.60/bcpkix-jdk15on-1.60.jar:/home/user/.m2/repository/commons-validator/commons-validator/1.6/commons-validator-1.6.jar:/home/user/.m2/repository/commons-digester/commons-digester/1.8.1/commons-digester-1.8.1.jar:/home/user/.m2/repository/io/jaegertracing/jaeger-client/0.33.1/jaeger-client-0.33.1.jar:/home/user/.m2/repository/io/jaegertracing/jaeger-thrift/0.33.1/jaeger-thrift-0.33.1.jar:/home/user/.m2/repository/org/apache/thrift/libthrift/0.11.0/libthrift-0.11.0.jar:/home/user/.m2/repository/com/squareup/okhttp3/okhttp/3.9.0/okhttp-3.9.0.jar:/home/user/.m2/repository/com/squareup/okio/okio/1.13.0/okio-1.13.0.jar:/home/user/.m2/repository/io/jaegertracing/jaeger-core/0.33.1/jaeger-core-0.33.1.jar:/home/user/.m2/repository/io/jaegertracing/jaeger-tracerresolver/0.33.1/jaeger-tracerresolver-0.33.1.jar:/home/user/.m2/repository/io/opentracing/contrib/opentracing-tracerresolver/0.1.5/opentracing-tracerresolver-0.1.5.jar:/home/user/.m2/repository/io/opentracing/opentracing-util/0.31.0/opentracing-util-0.31.0.jar:/home/user/.m2/repository/io/opentracing/opentracing-api/0.31.0/opentracing-api-0.31.0.jar:/home/user/.m2/repository/io/opentracing/opentracing-noop/0.31.0/opentracing-noop-0.31.0.jar:/home/user/.m2/repository/org/apache/hadoop/hadoop-hdds-server-framework/0.5.0-SNAPSHOT/hadoop-hdds-server-framework-0.5.0-SNAPSHOT.jar:/home/user/.m2/repository/org/apache/hadoop/hadoop-hdds-container-service/0.5.0-SNAPSHOT/hadoop-hdds-container-service-0.5.0-SNAPSHOT.jar:/home/user/.m2/repository/org/apache/hadoop/hadoop-hdds-client/0.5.0-SNAPSHOT/hadoop-hdds-client-0.5.0-SNAPSHOT.jar:/home/user/.m2/repository/org/apache/hadoop/hadoop-hdds-tools/0.5.0-SNAPSHOT/hadoop-hdds-tools-0.5.0-SNAPSHOT.jar:/home/user/.m2/repository/org/apache/hadoop/hadoop-hdds-server-scm/0.5.0-SNAPSHOT/hadoop-hdds-server-scm-0.5.0-SNAPSHOT.jar:/home/user/.m2/repository/org/apache/hadoop/hadoop-hdds-docs/0.5.0-SNAPSHOT/hadoop-hdds-docs-0.5.0-SNAPSHOT.jar:/home/user/.m2/repository/io/dropwizard/metrics/metrics-core/3.2.4/metrics-core-3.2.4.jar:/home/user/.m2/repository/org/hamcrest/hamcrest-all/1.3/hamcrest-all-1.3.jar:/home/user/.m2/repository/org/bouncycastle/bcprov-jdk15on/1.60/bcprov-jdk15on-1.60.jar:/home/user/.m2/repository/info/picocli/picocli/3.9.6/picocli-3.9.6.jar:/home/user/.m2/repository/com/google/protobuf/protobuf-java/2.5.0/protobuf-java-2.5.0.jar:/home/user/.m2/repository/com/google/guava/guava/11.0.2/guava-11.0.2.jar:/home/user/.m2/repository/org/apache/hadoop/hadoop-ozone-ozone-manager/0.5.0-SNAPSHOT/hadoop-ozone-ozone-manager-0.5.0-SNAPSHOT.jar:/home/user/.m2/repository/org/apache/hadoop/hadoop-minikdc/3.2.0/hadoop-minikdc-3.2.0.jar:/home/user/.m2/repository/commons-io/commons-io/2.5/commons-io-2.5.jar:/home/user/.m2/repository/org/apache/kerby/kerb-simplekdc/1.0.1/kerb-simplekdc-1.0.1.jar:/home/user/.m2/repository/org/apache/kerby/kerb-client/1.0.1/kerb-client-1.0.1.jar:/home/user/.m2/repository/org/apache/kerby/kerby-config/1.0.1/kerby-config-1.0.1.jar:/home/user/.m2/repository/org/apache/kerby/kerb-core/1.0.1/kerb-core-1.0.1.jar:/home/user/.m2/repository/org/apache/kerby/kerby-pkix/1.0.1/kerby-pkix-1.0.1.jar:/home/user/.m2/repository/org/apache/kerby/kerby-asn1/1.0.1/kerby-asn1-1.0.1.jar:/home/user/.m2/repository/org/apache/kerby/kerby-util/1.0.1/kerby-util-1.0.1.jar:/home/user/.m2/repository/org/apache/kerby/kerb-common/1.0.1/kerb-common-1.0.1.jar:/home/user/.m2/repository/org/apache/kerby/kerb-crypto/1.0.1/kerb-crypto-1.0.1.jar:/home/user/.m2/repository/org/apache/kerby/kerb-util/1.0.1/kerb-util-1.0.1.jar:/home/user/.m2/repository/org/apache/kerby/token-provider/1.0.1/token-provider-1.0.1.jar:/home/user/.m2/repository/org/apache/kerby/kerb-admin/1.0.1/kerb-admin-1.0.1.jar:/home/user/.m2/repository/org/apache/kerby/kerb-server/1.0.1/kerb-server-1.0.1.jar:/home/user/.m2/repository/org/apache/kerby/kerb-identity/1.0.1/kerb-identity-1.0.1.jar:/home/user/.m2/repository/org/apache/kerby/kerby-xdr/1.0.1/kerby-xdr-1.0.1.jar:/home/user/.m2/repository/org/slf4j/slf4j-log4j12/1.7.25/slf4j-log4j12-1.7.25.jar:/home/user/.m2/repository/org/apache/hadoop/hadoop-ozone-objectstore-service/0.5.0-SNAPSHOT/hadoop-ozone-objectstore-service-0.5.0-SNAPSHOT.jar:/home/user/.m2/repository/org/apache/hadoop/hadoop-ozone-s3gateway/0.5.0-SNAPSHOT/hadoop-ozone-s3gateway-0.5.0-SNAPSHOT.jar:/home/user/.m2/repository/org/jboss/weld/servlet/weld-servlet/2.4.7.Final/weld-servlet-2.4.7.Final.jar:/home/user/.m2/repository/org/glassfish/jersey/containers/jersey-container-servlet-core/2.27/jersey-container-servlet-core-2.27.jar:/home/user/.m2/repository/org/glassfish/hk2/external/javax.inject/2.5.0-b42/javax.inject-2.5.0-b42.jar:/home/user/.m2/repository/org/glassfish/jersey/core/jersey-common/2.27/jersey-common-2.27.jar:/home/user/.m2/repository/org/glassfish/hk2/osgi-resource-locator/1.0.1/osgi-resource-locator-1.0.1.jar:/home/user/.m2/repository/javax/ws/rs/javax.ws.rs-api/2.1/javax.ws.rs-api-2.1.jar:/home/user/.m2/repository/org/glassfish/jersey/ext/cdi/jersey-cdi1x/2.27/jersey-cdi1x-2.27.jar:/home/user/.m2/repository/org/glassfish/jersey/inject/jersey-hk2/2.27/jersey-hk2-2.27.jar:/home/user/.m2/repository/org/glassfish/hk2/hk2-locator/2.5.0-b42/hk2-locator-2.5.0-b42.jar:/home/user/.m2/repository/org/javassist/javassist/3.22.0-CR2/javassist-3.22.0-CR2.jar:/home/user/.m2/repository/org/glassfish/hk2/hk2-api/2.5.0/hk2-api-2.5.0.jar:/home/user/.m2/repository/org/glassfish/hk2/external/jakarta.inject/2.5.0/jakarta.inject-2.5.0.jar:/home/user/.m2/repository/org/glassfish/hk2/hk2-utils/2.5.0/hk2-utils-2.5.0.jar:/home/user/.m2/repository/jakarta/annotation/jakarta.annotation-api/1.3.4/jakarta.annotation-api-1.3.4.jar:/home/user/.m2/repository/org/glassfish/hk2/external/aopalliance-repackaged/2.5.0/aopalliance-repackaged-2.5.0.jar:/home/user/.m2/repository/com/fasterxml/jackson/dataformat/jackson-dataformat-xml/2.9.0/jackson-dataformat-xml-2.9.0.jar:/home/user/.m2/repository/com/fasterxml/jackson/core/jackson-core/2.9.5/jackson-core-2.9.5.jar:/home/user/.m2/repository/com/fasterxml/jackson/module/jackson-module-jaxb-annotations/2.9.5/jackson-module-jaxb-annotations-2.9.5.jar:/home/user/.m2/repository/javax/enterprise/cdi-api/1.2/cdi-api-1.2.jar:/home/user/.m2/repository/javax/el/javax.el-api/3.0.0/javax.el-api-3.0.0.jar:/home/user/.m2/repository/javax/interceptor/javax.interceptor-api/1.2/javax.interceptor-api-1.2.jar:/home/user/.m2/repository/javax/inject/javax.inject/1/javax.inject-1.jar:/home/user/.m2/repository/com/sun/xml/bind/jaxb-impl/2.3.0.1/jaxb-impl-2.3.0.1.jar:/home/user/.m2/repository/com/sun/xml/bind/jaxb-core/2.3.0.1/jaxb-core-2.3.0.1.jar:/home/user/.m2/repository/javax/xml/bind/jaxb-api/2.3.0/jaxb-api-2.3.0.jar:/home/user/.m2/repository/javax/activation/activation/1.1.1/activation-1.1.1.jar:/home/user/.m2/repository/org/apache/hadoop/hadoop-ozone-csi/0.5.0-SNAPSHOT/hadoop-ozone-csi-0.5.0-SNAPSHOT.jar:/home/user/.m2/repository/com/google/protobuf/protobuf-java-util/3.5.1/protobuf-java-util-3.5.1.jar:/home/user/.m2/repository/org/apache/hadoop/hadoop-hdds-config/0.5.0-SNAPSHOT/hadoop-hdds-config-0.5.0-SNAPSHOT.jar:/home/user/.m2/repository/io/grpc/grpc-netty/1.17.1/grpc-netty-1.17.1.jar:/home/user/.m2/repository/io/grpc/grpc-core/1.17.1/grpc-core-1.17.1.jar:/home/user/.m2/repository/io/grpc/grpc-context/1.17.1/grpc-context-1.17.1.jar:/home/user/.m2/repository/com/google/errorprone/error_prone_annotations/2.2.0/error_prone_annotations-2.2.0.jar:/home/user/.m2/repository/org/codehaus/mojo/animal-sniffer-annotations/1.17/animal-sniffer-annotations-1.17.jar:/home/user/.m2/repository/io/opencensus/opencensus-api/0.17.0/opencensus-api-0.17.0.jar:/home/user/.m2/repository/io/opencensus/opencensus-contrib-grpc-metrics/0.17.0/opencensus-contrib-grpc-metrics-0.17.0.jar:/home/user/.m2/repository/io/netty/netty-codec-http2/4.1.30.Final/netty-codec-http2-4.1.30.Final.jar:/home/user/.m2/repository/io/netty/netty-codec-http/4.1.30.Final/netty-codec-http-4.1.30.Final.jar:/home/user/.m2/repository/io/netty/netty-codec/4.1.30.Final/netty-codec-4.1.30.Final.jar:/home/user/.m2/repository/io/netty/netty-handler/4.1.30.Final/netty-handler-4.1.30.Final.jar:/home/user/.m2/repository/io/netty/netty-handler-proxy/4.1.30.Final/netty-handler-proxy-4.1.30.Final.jar:/home/user/.m2/repository/io/netty/netty-codec-socks/4.1.30.Final/netty-codec-socks-4.1.30.Final.jar:/home/user/.m2/repository/io/netty/netty-transport-native-epoll/4.1.30.Final/netty-transport-native-epoll-4.1.30.Final.jar:/home/user/.m2/repository/io/netty/netty-common/4.1.30.Final/netty-common-4.1.30.Final.jar:/home/user/.m2/repository/io/netty/netty-buffer/4.1.30.Final/netty-buffer-4.1.30.Final.jar:/home/user/.m2/repository/io/netty/netty-transport/4.1.30.Final/netty-transport-4.1.30.Final.jar:/home/user/.m2/repository/io/netty/netty-resolver/4.1.30.Final/netty-resolver-4.1.30.Final.jar:/home/user/.m2/repository/io/netty/netty-transport-native-unix-common/4.1.30.Final/netty-transport-native-unix-common-4.1.30.Final.jar:/home/user/.m2/repository/io/grpc/grpc-protobuf/1.17.1/grpc-protobuf-1.17.1.jar:/home/user/.m2/repository/com/google/api/grpc/proto-google-common-protos/1.0.0/proto-google-common-protos-1.0.0.jar:/home/user/.m2/repository/io/grpc/grpc-protobuf-lite/1.17.1/grpc-protobuf-lite-1.17.1.jar:/home/user/.m2/repository/io/grpc/grpc-stub/1.17.1/grpc-stub-1.17.1.jar:/home/user/.m2/repository/org/apache/hadoop/hadoop-ozone-recon/0.5.0-SNAPSHOT/hadoop-ozone-recon-0.5.0-SNAPSHOT.jar:/home/user/.m2/repository/org/apache/hadoop/hadoop-ozone-reconcodegen/0.5.0-SNAPSHOT/hadoop-ozone-reconcodegen-0.5.0-SNAPSHOT.jar:/home/user/.m2/repository/com/google/inject/extensions/guice-multibindings/4.0/guice-multibindings-4.0.jar:/home/user/.m2/repository/com/google/inject/guice/4.0/guice-4.0.jar:/home/user/.m2/repository/aopalliance/aopalliance/1.0/aopalliance-1.0.jar:/home/user/.m2/repository/com/google/inject/extensions/guice-servlet/4.0/guice-servlet-4.0.jar:/home/user/.m2/repository/org/glassfish/jersey/containers/jersey-container-servlet/2.27/jersey-container-servlet-2.27.jar:/home/user/.m2/repository/org/glassfish/hk2/guice-bridge/2.5.0/guice-bridge-2.5.0.jar:/home/user/.m2/repository/org/glassfish/jersey/core/jersey-server/2.27/jersey-server-2.27.jar:/home/user/.m2/repository/org/glassfish/jersey/core/jersey-client/2.27/jersey-client-2.27.jar:/home/user/.m2/repository/org/glassfish/jersey/media/jersey-media-jaxb/2.27/jersey-media-jaxb-2.27.jar:/home/user/.m2/repository/javax/validation/validation-api/1.1.0.Final/validation-api-1.1.0.Final.jar:/home/user/.m2/repository/org/glassfish/jersey/media/jersey-media-json-jackson/2.27/jersey-media-json-jackson-2.27.jar:/home/user/.m2/repository/org/glassfish/jersey/ext/jersey-entity-filtering/2.27/jersey-entity-filtering-2.27.jar:/home/user/.m2/repository/com/google/inject/extensions/guice-assistedinject/4.0/guice-assistedinject-4.0.jar:/home/user/.m2/repository/org/jooq/jooq/3.11.10/jooq-3.11.10.jar:/home/user/.m2/repository/org/jooq/jooq-meta/3.11.10/jooq-meta-3.11.10.jar:/home/user/.m2/repository/org/jooq/jooq-codegen/3.11.10/jooq-codegen-3.11.10.jar:/home/user/.m2/repository/com/jolbox/bonecp/0.8.0.RELEASE/bonecp-0.8.0.RELEASE.jar:/home/user/.m2/repository/org/xerial/sqlite-jdbc/3.25.2/sqlite-jdbc-3.25.2.jar:/home/user/.m2/repository/org/springframework/spring-jdbc/5.1.3.RELEASE/spring-jdbc-5.1.3.RELEASE.jar:/home/user/.m2/repository/org/springframework/spring-beans/5.1.3.RELEASE/spring-beans-5.1.3.RELEASE.jar:/home/user/.m2/repository/org/springframework/spring-core/5.1.3.RELEASE/spring-core-5.1.3.RELEASE.jar:/home/user/.m2/repository/org/springframework/spring-jcl/5.1.3.RELEASE/spring-jcl-5.1.3.RELEASE.jar:/home/user/.m2/repository/org/springframework/spring-tx/5.1.3.RELEASE/spring-tx-5.1.3.RELEASE.jar:/home/user/.m2/repository/org/apache/hadoop/hadoop-ozone-client/0.5.0-SNAPSHOT/hadoop-ozone-client-0.5.0-SNAPSHOT.jar:/home/user/.m2/repository/commons-lang/commons-lang/2.6/commons-lang-2.6.jar:/home/user/.m2/repository/org/apache/hadoop/hadoop-ozone-ozone-manager/0.5.0-SNAPSHOT/hadoop-ozone-ozone-manager-0.5.0-SNAPSHOT-tests.jar:/home/user/.m2/repository/junit/junit/4.11/junit-4.11.jar:/home/user/.m2/repository/org/hamcrest/hamcrest-core/1.3/hamcrest-core-1.3.jar:/home/user/.m2/repository/org/openjdk/jmh/jmh-core/1.19/jmh-core-1.19.jar:/home/user/.m2/repository/net/sf/jopt-simple/jopt-simple/4.6/jopt-simple-4.6.jar:/home/user/.m2/repository/org/apache/commons/commons-math3/3.1.1/commons-math3-3.1.1.jar:/home/user/.m2/repository/org/openjdk/jmh/jmh-generator-annprocess/1.19/jmh-generator-annprocess-1.19.jar:/home/user/.m2/repository/org/mockito/mockito-all/1.8.5/mockito-all-1.8.5.jar:/home/user/.m2/repository/org/apache/hadoop/hadoop-kms/3.2.0/hadoop-kms-3.2.0.jar:/home/user/.m2/repository/org/apache/hadoop/hadoop-auth/3.2.0/hadoop-auth-3.2.0.jar:/home/user/.m2/repository/com/nimbusds/nimbus-jose-jwt/4.41.1/nimbus-jose-jwt-4.41.1.jar:/home/user/.m2/repository/com/github/stephenc/jcip/jcip-annotations/1.0-1/jcip-annotations-1.0-1.jar:/home/user/.m2/repository/net/minidev/json-smart/2.3/json-smart-2.3.jar:/home/user/.m2/repository/net/minidev/accessors-smart/1.2/accessors-smart-1.2.jar:/home/user/.m2/repository/org/ow2/asm/asm/5.0.4/asm-5.0.4.jar:/home/user/.m2/repository/org/apache/curator/curator-framework/2.12.0/curator-framework-2.12.0.jar:/home/user/.m2/repository/com/sun/jersey/jersey-core/1.19/jersey-core-1.19.jar:/home/user/.m2/repository/javax/ws/rs/jsr311-api/1.1.1/jsr311-api-1.1.1.jar:/home/user/.m2/repository/com/sun/jersey/jersey-server/1.19/jersey-server-1.19.jar:/home/user/.m2/repository/javax/servlet/javax.servlet-api/3.1.0/javax.servlet-api-3.1.0.jar:/home/user/.m2/repository/org/eclipse/jetty/jetty-server/9.3.24.v20180605/jetty-server-9.3.24.v20180605.jar:/home/user/.m2/repository/org/eclipse/jetty/jetty-http/9.3.24.v20180605/jetty-http-9.3.24.v20180605.jar:/home/user/.m2/repository/org/eclipse/jetty/jetty-io/9.3.24.v20180605/jetty-io-9.3.24.v20180605.jar:/home/user/.m2/repository/org/eclipse/jetty/jetty-webapp/9.3.24.v20180605/jetty-webapp-9.3.24.v20180605.jar:/home/user/.m2/repository/org/eclipse/jetty/jetty-xml/9.3.24.v20180605/jetty-xml-9.3.24.v20180605.jar:/home/user/.m2/repository/log4j/log4j/1.2.17/log4j-1.2.17.jar:/home/user/.m2/repository/org/slf4j/slf4j-api/1.7.25/slf4j-api-1.7.25.jar:/home/user/.m2/repository/org/slf4j/jul-to-slf4j/1.7.25/jul-to-slf4j-1.7.25.jar:/home/user/.m2/repository/org/eclipse/jetty/jetty-util/9.3.24.v20180605/jetty-util-9.3.24.v20180605.jar:/home/user/.m2/repository/com/fasterxml/jackson/core/jackson-databind/2.9.5/jackson-databind-2.9.5.jar:/home/user/.m2/repository/org/apache/hadoop/hadoop-kms/3.2.0/hadoop-kms-3.2.0-tests.jar:/home/user/.m2/repository/org/apache/hadoop/hadoop-hdds-server-scm/0.5.0-SNAPSHOT/hadoop-hdds-server-scm-0.5.0-SNAPSHOT-tests.jar:/home/user/.m2/repository/org/apache/hadoop/hadoop-hdds-container-service/0.5.0-SNAPSHOT/hadoop-hdds-container-service-0.5.0-SNAPSHOT-tests.jar:/home/user/.m2/repository/org/yaml/snakeyaml/1.16/snakeyaml-1.16.jar:/home/user/.m2/repository/org/apache/hadoop/hadoop-common/3.2.0/hadoop-common-3.2.0-tests.jar:/home/user/.m2/repository/org/apache/hadoop/hadoop-annotations/3.2.0/hadoop-annotations-3.2.0.jar:/usr/lib/jvm/java-1.8-openjdk/jre/../lib/tools.jar:/home/user/.m2/repository/commons-cli/commons-cli/1.2/commons-cli-1.2.jar:/home/user/.m2/repository/org/apache/httpcomponents/httpclient/4.5.2/httpclient-4.5.2.jar:/home/user/.m2/repository/org/apache/httpcomponents/httpcore/4.4.4/httpcore-4.4.4.jar:/home/user/.m2/repository/commons-codec/commons-codec/1.11/commons-codec-1.11.jar:/home/user/.m2/repository/commons-net/commons-net/3.6/commons-net-3.6.jar:/home/user/.m2/repository/commons-collections/commons-collections/3.2.2/commons-collections-3.2.2.jar:/home/user/.m2/repository/org/eclipse/jetty/jetty-servlet/9.3.24.v20180605/jetty-servlet-9.3.24.v20180605.jar:/home/user/.m2/repository/org/eclipse/jetty/jetty-security/9.3.24.v20180605/jetty-security-9.3.24.v20180605.jar:/home/user/.m2/repository/javax/servlet/jsp/jsp-api/2.1/jsp-api-2.1.jar:/home/user/.m2/repository/com/sun/jersey/jersey-servlet/1.19/jersey-servlet-1.19.jar:/home/user/.m2/repository/com/sun/jersey/jersey-json/1.19/jersey-json-1.19.jar:/home/user/.m2/repository/org/codehaus/jettison/jettison/1.1/jettison-1.1.jar:/home/user/.m2/repository/org/codehaus/jackson/jackson-core-asl/1.9.13/jackson-core-asl-1.9.13.jar:/home/user/.m2/repository/org/codehaus/jackson/jackson-mapper-asl/1.9.13/jackson-mapper-asl-1.9.13.jar:/home/user/.m2/repository/org/codehaus/jackson/jackson-jaxrs/1.9.13/jackson-jaxrs-1.9.13.jar:/home/user/.m2/repository/org/codehaus/jackson/jackson-xc/1.9.13/jackson-xc-1.9.13.jar:/home/user/.m2/repository/commons-logging/commons-logging/1.1.3/commons-logging-1.1.3.jar:/home/user/.m2/repository/commons-beanutils/commons-beanutils/1.9.3/commons-beanutils-1.9.3.jar:/home/user/.m2/repository/org/apache/commons/commons-configuration2/2.1.1/commons-configuration2-2.1.1.jar:/home/user/.m2/repository/org/apache/commons/commons-lang3/3.7/commons-lang3-3.7.jar:/home/user/.m2/repository/org/apache/commons/commons-text/1.4/commons-text-1.4.jar:/home/user/.m2/repository/org/apache/avro/avro/1.7.7/avro-1.7.7.jar:/home/user/.m2/repository/com/thoughtworks/paranamer/paranamer/2.3/paranamer-2.3.jar:/home/user/.m2/repository/org/xerial/snappy/snappy-java/1.0.5/snappy-java-1.0.5.jar:/home/user/.m2/repository/com/google/re2j/re2j/1.1/re2j-1.1.jar:/home/user/.m2/repository/com/google/code/gson/gson/2.2.4/gson-2.2.4.jar:/home/user/.m2/repository/com/jcraft/jsch/0.1.54/jsch-0.1.54.jar:/home/user/.m2/repository/org/apache/curator/curator-client/2.12.0/curator-client-2.12.0.jar:/home/user/.m2/repository/org/apache/curator/curator-recipes/2.12.0/curator-recipes-2.12.0.jar:/home/user/.m2/repository/com/google/code/findbugs/jsr305/3.0.0/jsr305-3.0.0.jar:/home/user/.m2/repository/org/apache/htrace/htrace-core4/4.1.0-incubating/htrace-core4-4.1.0-incubating.jar:/home/user/.m2/repository/org/apache/zookeeper/zookeeper/3.4.13/zookeeper-3.4.13.jar:/home/user/.m2/repository/org/apache/yetus/audience-annotations/0.5.0/audience-annotations-0.5.0.jar:/home/user/.m2/repository/org/codehaus/woodstox/stax2-api/3.1.4/stax2-api-3.1.4.jar:/home/user/.m2/repository/com/fasterxml/woodstox/woodstox-core/5.0.3/woodstox-core-5.0.3.jar:/home/user/.m2/repository/dnsjava/dnsjava/2.1.7/dnsjava-2.1.7.jar:/home/user/.m2/repository/org/apache/hadoop/hadoop-hdfs/3.2.0/hadoop-hdfs-3.2.0-tests.jar:/home/user/.m2/repository/org/eclipse/jetty/jetty-util-ajax/9.3.24.v20180605/jetty-util-ajax-9.3.24.v20180605.jar:/home/user/.m2/repository/commons-daemon/commons-daemon/1.0.13/commons-daemon-1.0.13.jar:/home/user/.m2/repository/io/netty/netty/3.10.5.Final/netty-3.10.5.Final.jar:/home/user/.m2/repository/io/netty/netty-all/4.0.52.Final/netty-all-4.0.52.Final.jar:/home/user/.m2/repository/org/fusesource/leveldbjni/leveldbjni-all/1.8/leveldbjni-all-1.8.jar:"/>
    <property name="sun.cpu.endian" value="little"/>
    <property name="user.home" value="/home/user"/>
    <property name="user.language" value="en"/>
    <property name="java.specification.vendor" value="Oracle Corporation"/>
    <property name="java.home" value="/usr/lib/jvm/java-1.8-openjdk/jre"/>
    <property name="java.security.krb5.conf" value="/workdir/hadoop-ozone/integration-test/target/test-classes/krb5.conf"/>
    <property name="basedir" value="/workdir/hadoop-ozone/integration-test"/>
    <property name="file.separator" value="/"/>
    <property name="line.separator" value="&#10;"/>
    <property name="java.vm.specification.vendor" value="Oracle Corporation"/>
    <property name="java.specification.name" value="Java Platform API Specification"/>
    <property name="java.awt.graphicsenv" value="sun.awt.X11GraphicsEnvironment"/>
    <property name="surefire.real.class.path" value="/workdir/hadoop-ozone/integration-test/target/surefire/surefirebooter4878202608872906717.jar"/>
    <property name="hadoop.log.dir" value="/workdir/hadoop-ozone/integration-test/target/log"/>
    <property name="sun.boot.class.path" value="/usr/lib/jvm/java-1.8-openjdk/jre/lib/resources.jar:/usr/lib/jvm/java-1.8-openjdk/jre/lib/rt.jar:/usr/lib/jvm/java-1.8-openjdk/jre/lib/sunrsasign.jar:/usr/lib/jvm/java-1.8-openjdk/jre/lib/jsse.jar:/usr/lib/jvm/java-1.8-openjdk/jre/lib/jce.jar:/usr/lib/jvm/java-1.8-openjdk/jre/lib/charsets.jar:/usr/lib/jvm/java-1.8-openjdk/jre/lib/jfr.jar:/usr/lib/jvm/java-1.8-openjdk/jre/classes"/>
    <property name="sun.management.compiler" value="HotSpot 64-Bit Tiered Compilers"/>
    <property name="java.runtime.version" value="1.8.0_212-b04"/>
    <property name="java.net.preferIPv4Stack" value="true"/>
    <property name="user.name" value="jenkins1000"/>
    <property name="path.separator" value=":"/>
    <property name="java.security.egd" value="file:///dev/urandom"/>
    <property name="os.version" value="3.10.0-957.12.2.el7.x86_64"/>
    <property name="java.endorsed.dirs" value="/usr/lib/jvm/java-1.8-openjdk/jre/lib/endorsed"/>
    <property name="java.runtime.name" value="OpenJDK Runtime Environment"/>
    <property name="file.encoding" value="UTF-8"/>
    <property name="java.vm.name" value="OpenJDK 64-Bit Server VM"/>
    <property name="test.build.webapps" value=""/>
    <property name="localRepository" value="/home/user/.m2/repository"/>
    <property name="java.vendor.url.bug" value="https://icedtea.classpath.org/bugzilla"/>
    <property name="java.io.tmpdir" value="/tmp"/>
    <property name="require.test.libhadoop" value=""/>
    <property name="java.version" value="1.8.0_212"/>
    <property name="user.dir" value="/workdir/hadoop-ozone/integration-test"/>
    <property name="os.arch" value="amd64"/>
    <property name="java.vm.specification.name" value="Java Virtual Machine Specification"/>
    <property name="test.build.classes" value="/workdir/hadoop-ozone/integration-test/target/test-classes"/>
    <property name="java.awt.printerjob" value="sun.print.PSPrinterJob"/>
    <property name="sun.os.patch.level" value="unknown"/>
    <property name="hadoop.tmp.dir" value="/workdir/hadoop-ozone/integration-test/target/tmp"/>
    <property name="java.library.path" value="/usr/lib/jvm/java-1.8-openjdk/jre/lib/amd64/server:/usr/lib/jvm/java-1.8-openjdk/jre/lib/amd64:/usr/lib/jvm/java-1.8-openjdk/jre/../lib/amd64:/workdir/hadoop-ozone/integration-test/target/native/target/usr/local/lib:/workdir/hadoop-ozone/integration-test/../../hadoop-common-project/hadoop-common/target/native/target/usr/local/lib:/usr/java/packages/lib/amd64:/usr/lib64:/lib64:/lib:/usr/lib"/>
    <property name="java.vm.info" value="mixed mode"/>
    <property name="java.vendor" value="IcedTea"/>
    <property name="java.vm.version" value="25.212-b04"/>
    <property name="java.ext.dirs" value="/usr/lib/jvm/java-1.8-openjdk/jre/lib/ext:/usr/java/packages/lib/ext"/>
    <property name="sun.io.unicode.encoding" value="UnicodeLittle"/>
    <property name="java.class.version" value="52.0"/>
  </properties>
  <testcase name="testWatchForCommitWithKeyWrite" classname="org.apache.hadoop.ozone.client.rpc.TestWatchForCommit" time="16.095">
    <error message="Allocated 0 blocks. Requested 1 blocks" type="INTERNAL_ERROR org.apache.hadoop.ozone.om.exceptions.OMException">INTERNAL_ERROR org.apache.hadoop.ozone.om.exceptions.OMException: Allocated 0 blocks. Requested 1 blocks
	at org.apache.hadoop.ozone.om.protocolPB.OzoneManagerProtocolClientSideTranslatorPB.handleError(OzoneManagerProtocolClientSideTranslatorPB.java:725)
	at org.apache.hadoop.ozone.om.protocolPB.OzoneManagerProtocolClientSideTranslatorPB.openKey(OzoneManagerProtocolClientSideTranslatorPB.java:716)
	at org.apache.hadoop.ozone.client.rpc.RpcClient.createKey(RpcClient.java:615)
	at org.apache.hadoop.ozone.client.OzoneBucket.createKey(OzoneBucket.java:323)
	at org.apache.hadoop.ozone.container.ContainerTestHelper.createKey(ContainerTestHelper.java:694)
	at org.apache.hadoop.ozone.client.rpc.TestWatchForCommit.createKey(TestWatchForCommit.java:456)
	at org.apache.hadoop.ozone.client.rpc.TestWatchForCommit.testWatchForCommitWithKeyWrite(TestWatchForCommit.java:157)
	at sun.reflect.NativeMethodAccessorImpl.invoke0(Native Method)
	at sun.reflect.NativeMethodAccessorImpl.invoke(NativeMethodAccessorImpl.java:62)
	at sun.reflect.DelegatingMethodAccessorImpl.invoke(DelegatingMethodAccessorImpl.java:43)
	at java.lang.reflect.Method.invoke(Method.java:498)
	at org.junit.runners.model.FrameworkMethod$1.runReflectiveCall(FrameworkMethod.java:47)
	at org.junit.internal.runners.model.ReflectiveCallable.run(ReflectiveCallable.java:12)
	at org.junit.runners.model.FrameworkMethod.invokeExplosively(FrameworkMethod.java:44)
	at org.junit.internal.runners.statements.InvokeMethod.evaluate(InvokeMethod.java:17)
	at org.junit.runners.ParentRunner.runLeaf(ParentRunner.java:271)
	at org.junit.runners.BlockJUnit4ClassRunner.runChild(BlockJUnit4ClassRunner.java:70)
	at org.junit.runners.BlockJUnit4ClassRunner.runChild(BlockJUnit4ClassRunner.java:50)
	at org.junit.runners.ParentRunner$3.run(ParentRunner.java:238)
	at org.junit.runners.ParentRunner$1.schedule(ParentRunner.java:63)
	at org.junit.runners.ParentRunner.runChildren(ParentRunner.java:236)
	at org.junit.runners.ParentRunner.access$000(ParentRunner.java:53)
	at org.junit.runners.ParentRunner$2.evaluate(ParentRunner.java:229)
	at org.junit.runners.ParentRunner.run(ParentRunner.java:309)
	at org.apache.maven.surefire.junit4.JUnit4Provider.execute(JUnit4Provider.java:365)
	at org.apache.maven.surefire.junit4.JUnit4Provider.executeWithRerun(JUnit4Provider.java:273)
	at org.apache.maven.surefire.junit4.JUnit4Provider.executeTestSet(JUnit4Provider.java:238)
	at org.apache.maven.surefire.junit4.JUnit4Provider.invoke(JUnit4Provider.java:159)
	at org.apache.maven.surefire.booter.ForkedBooter.invokeProviderInSameClassLoader(ForkedBooter.java:384)
	at org.apache.maven.surefire.booter.ForkedBooter.runSuitesInProcess(ForkedBooter.java:345)
	at org.apache.maven.surefire.booter.ForkedBooter.execute(ForkedBooter.java:126)
	at org.apache.maven.surefire.booter.ForkedBooter.main(ForkedBooter.java:418)
</error>
    <system-out><![CDATA[2019-09-12 10:31:09,447 [main] WARN  server.ServerUtils (ServerUtils.java:getScmDbDir(145)) - ozone.scm.db.dirs is not configured. We recommend adding this setting. Falling back to ozone.metadata.dirs instead.
2019-09-12 10:31:09,559 [main] WARN  server.ServerUtils (ServerUtils.java:getScmDbDir(145)) - ozone.scm.db.dirs is not configured. We recommend adding this setting. Falling back to ozone.metadata.dirs instead.
2019-09-12 10:31:09,563 [main] WARN  server.ServerUtils (ServerUtils.java:getScmDbDir(145)) - ozone.scm.db.dirs is not configured. We recommend adding this setting. Falling back to ozone.metadata.dirs instead.
2019-09-12 10:31:09,582 [main] INFO  util.log (Log.java:initialized(192)) - Logging initialized @920ms
2019-09-12 10:31:09,685 [main] INFO  db.DBStoreBuilder (DBStoreBuilder.java:addTable(110)) - using custom profile for table: deletedBlocks
2019-09-12 10:31:09,685 [main] INFO  db.DBStoreBuilder (DBStoreBuilder.java:processTables(161)) - Using default column profile:DBProfile.DISK for Table:deletedBlocks
2019-09-12 10:31:09,686 [main] INFO  db.DBStoreBuilder (DBStoreBuilder.java:addTable(110)) - using custom profile for table: validCerts
2019-09-12 10:31:09,686 [main] INFO  db.DBStoreBuilder (DBStoreBuilder.java:processTables(161)) - Using default column profile:DBProfile.DISK for Table:validCerts
2019-09-12 10:31:09,687 [main] INFO  db.DBStoreBuilder (DBStoreBuilder.java:addTable(110)) - using custom profile for table: revokedCerts
2019-09-12 10:31:09,688 [main] INFO  db.DBStoreBuilder (DBStoreBuilder.java:processTables(161)) - Using default column profile:DBProfile.DISK for Table:revokedCerts
2019-09-12 10:31:09,701 [main] INFO  db.DBStoreBuilder (DBStoreBuilder.java:addTable(110)) - using custom profile for table: default
2019-09-12 10:31:09,701 [main] INFO  db.DBStoreBuilder (DBStoreBuilder.java:processTables(167)) - Using default column profile:DBProfile.DISK for Table:default
2019-09-12 10:31:09,702 [main] INFO  db.DBStoreBuilder (DBStoreBuilder.java:getDbProfile(198)) - Using default options. DBProfile.DISK
2019-09-12 10:31:09,908 [main] INFO  net.NodeSchemaLoader (NodeSchemaLoader.java:loadSchemaFromFile(125)) - Loading file from sun.misc.CompoundEnumeration@72057ecf
2019-09-12 10:31:09,911 [main] INFO  net.NodeSchemaLoader (NodeSchemaLoader.java:loadSchema(171)) - Loading network topology layer schema file
2019-09-12 10:31:09,997 [main] WARN  server.ServerUtils (ServerUtils.java:sanitizeUserArgs(70)) - ozone.scm.stale.node.interval value = 300000 is larger than max = 100000 based on the key value of ozone.scm.heartbeat.thread.interval, reset to the max value 100000.
2019-09-12 10:31:09,999 [main] WARN  server.ServerUtils (ServerUtils.java:sanitizeUserArgs(70)) - ozone.scm.stale.node.interval value = 300000 is larger than max = 100000 based on the key value of ozone.scm.heartbeat.thread.interval, reset to the max value 100000.
2019-09-12 10:31:10,002 [main] INFO  node.SCMNodeManager (SCMNodeManager.java:<init>(121)) - Entering startup safe mode.
2019-09-12 10:31:10,074 [main] INFO  algorithms.ContainerPlacementPolicyFactory (ContainerPlacementPolicyFactory.java:getPolicy(56)) - Create container placement policy of type org.apache.hadoop.hdds.scm.container.placement.algorithms.SCMContainerPlacementRandom
2019-09-12 10:31:10,090 [main] WARN  server.ServerUtils (ServerUtils.java:getScmDbDir(145)) - ozone.scm.db.dirs is not configured. We recommend adding this setting. Falling back to ozone.metadata.dirs instead.
2019-09-12 10:31:10,177 [main] INFO  pipeline.SCMPipelineManager (SCMPipelineManager.java:initializePipelineState(126)) - No pipeline exists in current db
2019-09-12 10:31:10,180 [main] WARN  server.ServerUtils (ServerUtils.java:getScmDbDir(145)) - ozone.scm.db.dirs is not configured. We recommend adding this setting. Falling back to ozone.metadata.dirs instead.
2019-09-12 10:31:10,302 [main] WARN  events.EventQueue (EventQueue.java:fireEvent(175)) - No event handler registered for event TypedEvent{payloadType=SafeModeStatus, name='SafeModeStatus'}
2019-09-12 10:31:10,831 [main] INFO  ipc.CallQueueManager (CallQueueManager.java:<init>(84)) - Using callQueue: class java.util.concurrent.LinkedBlockingQueue, queueCapacity: 2000, scheduler: class org.apache.hadoop.ipc.DefaultRpcScheduler, ipcBackoff: false.
2019-09-12 10:31:11,130 [Socket Reader #1 for port 46037] INFO  ipc.Server (Server.java:run(1074)) - Starting Socket Reader #1 for port 46037
2019-09-12 10:31:11,162 [main] INFO  ipc.CallQueueManager (CallQueueManager.java:<init>(84)) - Using callQueue: class java.util.concurrent.LinkedBlockingQueue, queueCapacity: 2000, scheduler: class org.apache.hadoop.ipc.DefaultRpcScheduler, ipcBackoff: false.
2019-09-12 10:31:11,163 [Socket Reader #1 for port 45122] INFO  ipc.Server (Server.java:run(1074)) - Starting Socket Reader #1 for port 45122
2019-09-12 10:31:11,171 [main] INFO  ipc.CallQueueManager (CallQueueManager.java:<init>(84)) - Using callQueue: class java.util.concurrent.LinkedBlockingQueue, queueCapacity: 2000, scheduler: class org.apache.hadoop.ipc.DefaultRpcScheduler, ipcBackoff: false.
2019-09-12 10:31:11,172 [Socket Reader #1 for port 45245] INFO  ipc.Server (Server.java:run(1074)) - Starting Socket Reader #1 for port 45245
2019-09-12 10:31:11,196 [main] INFO  hdfs.DFSUtil (DFSUtil.java:httpServerTemplateForNNAndJN(1641)) - Starting Web-server for scm at: http://0.0.0.0:0
2019-09-12 10:31:11,363 [main] INFO  server.AuthenticationFilter (AuthenticationFilter.java:constructSecretProvider(240)) - Unable to initialize FileSignerSecretProvider, falling back to use random secrets.
2019-09-12 10:31:11,371 [main] WARN  http.HttpRequestLog (HttpRequestLog.java:getRequestLog(97)) - Jetty request log can only be enabled using Log4j
2019-09-12 10:31:11,380 [main] INFO  http.HttpServer2 (HttpServer2.java:addGlobalFilter(975)) - Added global filter 'safety' (class=org.apache.hadoop.http.HttpServer2$QuotingInputFilter)
2019-09-12 10:31:11,382 [main] INFO  http.HttpServer2 (HttpServer2.java:addFilter(948)) - Added filter static_user_filter (class=org.apache.hadoop.http.lib.StaticUserWebFilter$StaticUserFilter) to context scm
2019-09-12 10:31:11,382 [main] INFO  http.HttpServer2 (HttpServer2.java:addFilter(958)) - Added filter static_user_filter (class=org.apache.hadoop.http.lib.StaticUserWebFilter$StaticUserFilter) to context static
2019-09-12 10:31:11,383 [main] INFO  http.HttpServer2 (HttpServer2.java:addFilter(958)) - Added filter static_user_filter (class=org.apache.hadoop.http.lib.StaticUserWebFilter$StaticUserFilter) to context logs
2019-09-12 10:31:11,413 [main] INFO  server.StorageContainerManager (StorageContainerManager.java:start(759)) - StorageContainerLocationProtocol RPC server is listening at /0.0.0.0:45245
2019-09-12 10:31:11,492 [main] WARN  impl.MetricsConfig (MetricsConfig.java:loadFirst(134)) - Cannot locate configuration: tried hadoop-metrics2-storagecontainermanager.properties,hadoop-metrics2.properties
2019-09-12 10:31:11,507 [main] INFO  impl.MetricsSystemImpl (MetricsSystemImpl.java:startTimer(374)) - Scheduled Metric snapshot period at 10 second(s).
2019-09-12 10:31:11,507 [main] INFO  impl.MetricsSystemImpl (MetricsSystemImpl.java:start(191)) - StorageContainerManager metrics system started
2019-09-12 10:31:11,741 [main] INFO  server.SCMClientProtocolServer (SCMClientProtocolServer.java:start(151)) - RPC server for Client  is listening at /0.0.0.0:45245
2019-09-12 10:31:11,742 [IPC Server Responder] INFO  ipc.Server (Server.java:run(1314)) - IPC Server Responder: starting
2019-09-12 10:31:11,742 [IPC Server listener on 45245] INFO  ipc.Server (Server.java:run(1153)) - IPC Server listener on 45245: starting
2019-09-12 10:31:11,744 [main] INFO  server.StorageContainerManager (StorageContainerManager.java:start(769)) - ScmBlockLocationProtocol RPC server is listening at /0.0.0.0:45122
2019-09-12 10:31:11,745 [main] INFO  server.SCMBlockProtocolServer (SCMBlockProtocolServer.java:start(140)) - RPC server for Block Protocol is listening at /0.0.0.0:45122
2019-09-12 10:31:11,745 [IPC Server Responder] INFO  ipc.Server (Server.java:run(1314)) - IPC Server Responder: starting
2019-09-12 10:31:11,745 [IPC Server listener on 45122] INFO  ipc.Server (Server.java:run(1153)) - IPC Server listener on 45122: starting
2019-09-12 10:31:11,747 [main] INFO  server.StorageContainerManager (StorageContainerManager.java:start(773)) - ScmDatanodeProtocl RPC server is listening at /0.0.0.0:46037
2019-09-12 10:31:11,748 [main] INFO  server.SCMDatanodeProtocolServer (SCMDatanodeProtocolServer.java:start(191)) - RPC server for DataNodes is listening at /0.0.0.0:46037
2019-09-12 10:31:11,748 [IPC Server Responder] INFO  ipc.Server (Server.java:run(1314)) - IPC Server Responder: starting
2019-09-12 10:31:11,748 [IPC Server listener on 46037] INFO  ipc.Server (Server.java:run(1153)) - IPC Server listener on 46037: starting
2019-09-12 10:31:11,751 [main] INFO  http.HttpServer2 (HttpServer2.java:bindListener(1191)) - Jetty bound to port 42788
2019-09-12 10:31:11,753 [main] INFO  server.Server (Server.java:doStart(351)) - jetty-9.3.24.v20180605, build timestamp: 2018-06-05T17:11:56Z, git hash: 84205aa28f11a4f31f2a3b86d1bba2cc8ab69827
2019-09-12 10:31:11,794 [main] INFO  handler.ContextHandler (ContextHandler.java:doStart(781)) - Started o.e.j.s.ServletContextHandler@5c530d1e{/logs,file:///workdir/hadoop-ozone/integration-test/target/log,AVAILABLE}
2019-09-12 10:31:11,796 [main] INFO  handler.ContextHandler (ContextHandler.java:doStart(781)) - Started o.e.j.s.ServletContextHandler@85e6769{/static,file:///workdir/hadoop-ozone/integration-test/target/test-classes/webapps/static,AVAILABLE}
2019-09-12 10:31:11,848 [main] INFO  handler.ContextHandler (ContextHandler.java:doStart(781)) - Started o.e.j.w.WebAppContext@5149f008{/,file:///workdir/hadoop-ozone/integration-test/target/test-classes/webapps/scm/,AVAILABLE}{/scm}
2019-09-12 10:31:11,857 [main] INFO  server.AbstractConnector (AbstractConnector.java:doStart(278)) - Started ServerConnector@40f33492{HTTP/1.1,[http/1.1]}{0.0.0.0:42788}
2019-09-12 10:31:11,857 [main] INFO  server.Server (Server.java:doStart(419)) - Started @3196ms
2019-09-12 10:31:11,858 [main] INFO  server.BaseHttpServer (BaseHttpServer.java:updateConnectorAddress(213)) - HTTP server of SCM is listening at http://0.0.0.0:42788
2019-09-12 10:31:11,865 [org.apache.hadoop.util.JvmPauseMonitor$Monitor@40bffbca] INFO  util.JvmPauseMonitor (JvmPauseMonitor.java:run(188)) - Starting JVM pause monitor
2019-09-12 10:31:11,869 [main] WARN  server.ServerUtils (ServerUtils.java:getDBPath(222)) - ozone.om.db.dirs is not configured. We recommend adding this setting. Falling back to ozone.metadata.dirs instead.
2019-09-12 10:31:11,995 [main] WARN  server.ServerUtils (ServerUtils.java:getDBPath(222)) - ozone.om.db.dirs is not configured. We recommend adding this setting. Falling back to ozone.metadata.dirs instead.
2019-09-12 10:31:11,995 [main] WARN  server.ServerUtils (ServerUtils.java:getDBPath(222)) - ozone.om.db.dirs is not configured. We recommend adding this setting. Falling back to ozone.metadata.dirs instead.
2019-09-12 10:31:11,997 [main] INFO  om.OzoneManager (OzoneManager.java:setOMNodeDetails(645)) - OM Service ID is not set. Setting it to the default ID: omServiceIdDefault
2019-09-12 10:31:11,997 [main] INFO  om.OzoneManager (OzoneManager.java:setOMNodeDetails(651)) - OM Node ID is not set. Setting it to the OmStorage's OmID: d9ccafc0-e14b-474b-a256-119753d8f4ad
2019-09-12 10:31:11,999 [main] INFO  om.OzoneManager (OzoneManager.java:loadOMHAConfigs(602)) - Found matching OM address with OMServiceId: null, OMNodeId: null, RPC Address: localhost:0 and Ratis port: 9872
2019-09-12 10:31:12,284 | INFO  | SCMAudit | user=jenkins1000 | ip=192.168.36.114 | op=GET_SCM_INFO null | ret=SUCCESS |  
2019-09-12 10:31:12,760 [main] WARN  server.ServerUtils (ServerUtils.java:getDBPath(222)) - ozone.om.db.dirs is not configured. We recommend adding this setting. Falling back to ozone.metadata.dirs instead.
2019-09-12 10:31:12,766 [main] INFO  db.DBStoreBuilder (DBStoreBuilder.java:addTable(110)) - using custom profile for table: userTable
2019-09-12 10:31:12,766 [main] INFO  db.DBStoreBuilder (DBStoreBuilder.java:processTables(161)) - Using default column profile:DBProfile.DISK for Table:userTable
2019-09-12 10:31:12,767 [main] INFO  db.DBStoreBuilder (DBStoreBuilder.java:addTable(110)) - using custom profile for table: volumeTable
2019-09-12 10:31:12,767 [main] INFO  db.DBStoreBuilder (DBStoreBuilder.java:processTables(161)) - Using default column profile:DBProfile.DISK for Table:volumeTable
2019-09-12 10:31:12,768 [main] INFO  db.DBStoreBuilder (DBStoreBuilder.java:addTable(110)) - using custom profile for table: bucketTable
2019-09-12 10:31:12,768 [main] INFO  db.DBStoreBuilder (DBStoreBuilder.java:processTables(161)) - Using default column profile:DBProfile.DISK for Table:bucketTable
2019-09-12 10:31:12,769 [main] INFO  db.DBStoreBuilder (DBStoreBuilder.java:addTable(110)) - using custom profile for table: keyTable
2019-09-12 10:31:12,770 [main] INFO  db.DBStoreBuilder (DBStoreBuilder.java:processTables(161)) - Using default column profile:DBProfile.DISK for Table:keyTable
2019-09-12 10:31:12,770 [main] INFO  db.DBStoreBuilder (DBStoreBuilder.java:addTable(110)) - using custom profile for table: deletedTable
2019-09-12 10:31:12,771 [main] INFO  db.DBStoreBuilder (DBStoreBuilder.java:processTables(161)) - Using default column profile:DBProfile.DISK for Table:deletedTable
2019-09-12 10:31:12,771 [main] INFO  db.DBStoreBuilder (DBStoreBuilder.java:addTable(110)) - using custom profile for table: openKeyTable
2019-09-12 10:31:12,771 [main] INFO  db.DBStoreBuilder (DBStoreBuilder.java:processTables(161)) - Using default column profile:DBProfile.DISK for Table:openKeyTable
2019-09-12 10:31:12,772 [main] INFO  db.DBStoreBuilder (DBStoreBuilder.java:addTable(110)) - using custom profile for table: s3Table
2019-09-12 10:31:12,772 [main] INFO  db.DBStoreBuilder (DBStoreBuilder.java:processTables(161)) - Using default column profile:DBProfile.DISK for Table:s3Table
2019-09-12 10:31:12,772 [main] INFO  db.DBStoreBuilder (DBStoreBuilder.java:addTable(110)) - using custom profile for table: multipartInfoTable
2019-09-12 10:31:12,773 [main] INFO  db.DBStoreBuilder (DBStoreBuilder.java:processTables(161)) - Using default column profile:DBProfile.DISK for Table:multipartInfoTable
2019-09-12 10:31:12,773 [main] INFO  db.DBStoreBuilder (DBStoreBuilder.java:addTable(110)) - using custom profile for table: dTokenTable
2019-09-12 10:31:12,773 [main] INFO  db.DBStoreBuilder (DBStoreBuilder.java:processTables(161)) - Using default column profile:DBProfile.DISK for Table:dTokenTable
2019-09-12 10:31:12,774 [main] INFO  db.DBStoreBuilder (DBStoreBuilder.java:addTable(110)) - using custom profile for table: s3SecretTable
2019-09-12 10:31:12,774 [main] INFO  db.DBStoreBuilder (DBStoreBuilder.java:processTables(161)) - Using default column profile:DBProfile.DISK for Table:s3SecretTable
2019-09-12 10:31:12,775 [main] INFO  db.DBStoreBuilder (DBStoreBuilder.java:addTable(110)) - using custom profile for table: prefixTable
2019-09-12 10:31:12,775 [main] INFO  db.DBStoreBuilder (DBStoreBuilder.java:processTables(161)) - Using default column profile:DBProfile.DISK for Table:prefixTable
2019-09-12 10:31:12,775 [main] INFO  db.DBStoreBuilder (DBStoreBuilder.java:addTable(110)) - using custom profile for table: default
2019-09-12 10:31:12,775 [main] INFO  db.DBStoreBuilder (DBStoreBuilder.java:processTables(167)) - Using default column profile:DBProfile.DISK for Table:default
2019-09-12 10:31:12,776 [main] INFO  db.DBStoreBuilder (DBStoreBuilder.java:getDbProfile(198)) - Using default options. DBProfile.DISK
2019-09-12 10:31:13,285 [main] INFO  ipc.CallQueueManager (CallQueueManager.java:<init>(84)) - Using callQueue: class java.util.concurrent.LinkedBlockingQueue, queueCapacity: 2000, scheduler: class org.apache.hadoop.ipc.DefaultRpcScheduler, ipcBackoff: false.
2019-09-12 10:31:13,286 [Socket Reader #1 for port 33730] INFO  ipc.Server (Server.java:run(1074)) - Starting Socket Reader #1 for port 33730
2019-09-12 10:31:13,319 [main] INFO  om.OzoneManager (OzoneManager.java:start(1256)) - OzoneManager RPC server is listening at localhost/127.0.0.1:33730
2019-09-12 10:31:13,319 [main] INFO  impl.MetricsSystemImpl (MetricsSystemImpl.java:init(158)) - OzoneManager metrics system started (again)
2019-09-12 10:31:13,321 [IPC Server Responder] INFO  ipc.Server (Server.java:run(1314)) - IPC Server Responder: starting
2019-09-12 10:31:13,321 [IPC Server listener on 33730] INFO  ipc.Server (Server.java:run(1153)) - IPC Server listener on 33730: starting
2019-09-12 10:31:13,328 [main] INFO  hdfs.DFSUtil (DFSUtil.java:httpServerTemplateForNNAndJN(1641)) - Starting Web-server for ozoneManager at: http://0.0.0.0:0
2019-09-12 10:31:13,331 [main] INFO  server.AuthenticationFilter (AuthenticationFilter.java:constructSecretProvider(240)) - Unable to initialize FileSignerSecretProvider, falling back to use random secrets.
2019-09-12 10:31:13,331 [main] WARN  http.HttpRequestLog (HttpRequestLog.java:getRequestLog(97)) - Jetty request log can only be enabled using Log4j
2019-09-12 10:31:13,334 [main] INFO  http.HttpServer2 (HttpServer2.java:addGlobalFilter(975)) - Added global filter 'safety' (class=org.apache.hadoop.http.HttpServer2$QuotingInputFilter)
2019-09-12 10:31:13,336 [main] INFO  http.HttpServer2 (HttpServer2.java:addFilter(948)) - Added filter static_user_filter (class=org.apache.hadoop.http.lib.StaticUserWebFilter$StaticUserFilter) to context ozoneManager
2019-09-12 10:31:13,336 [main] INFO  http.HttpServer2 (HttpServer2.java:addFilter(958)) - Added filter static_user_filter (class=org.apache.hadoop.http.lib.StaticUserWebFilter$StaticUserFilter) to context logs
2019-09-12 10:31:13,337 [main] INFO  http.HttpServer2 (HttpServer2.java:addFilter(958)) - Added filter static_user_filter (class=org.apache.hadoop.http.lib.StaticUserWebFilter$StaticUserFilter) to context static
2019-09-12 10:31:13,339 [main] INFO  http.HttpServer2 (HttpServer2.java:bindListener(1191)) - Jetty bound to port 34187
2019-09-12 10:31:13,340 [main] INFO  server.Server (Server.java:doStart(351)) - jetty-9.3.24.v20180605, build timestamp: 2018-06-05T17:11:56Z, git hash: 84205aa28f11a4f31f2a3b86d1bba2cc8ab69827
2019-09-12 10:31:13,556 [main] INFO  handler.ContextHandler (ContextHandler.java:doStart(781)) - Started o.e.j.s.ServletContextHandler@41c204a0{/logs,file:///workdir/hadoop-ozone/integration-test/target/log,AVAILABLE}
2019-09-12 10:31:13,558 [main] INFO  handler.ContextHandler (ContextHandler.java:doStart(781)) - Started o.e.j.s.ServletContextHandler@49dbaaf3{/static,file:///workdir/hadoop-ozone/integration-test/target/test-classes/webapps/static,AVAILABLE}
2019-09-12 10:31:13,569 [main] INFO  handler.ContextHandler (ContextHandler.java:doStart(781)) - Started o.e.j.w.WebAppContext@63da207f{/,file:///workdir/hadoop-ozone/integration-test/target/test-classes/webapps/ozoneManager/,AVAILABLE}{/ozoneManager}
2019-09-12 10:31:13,571 [main] INFO  server.AbstractConnector (AbstractConnector.java:doStart(278)) - Started ServerConnector@173373b4{HTTP/1.1,[http/1.1]}{0.0.0.0:34187}
2019-09-12 10:31:13,572 [main] INFO  server.Server (Server.java:doStart(419)) - Started @4911ms
2019-09-12 10:31:13,573 [main] INFO  server.BaseHttpServer (BaseHttpServer.java:updateConnectorAddress(213)) - HTTP server of OZONEMANAGER is listening at http://0.0.0.0:34187
2019-09-12 10:31:13,759 [main] INFO  impl.MetricsSystemImpl (MetricsSystemImpl.java:init(158)) - HddsDatanode metrics system started (again)
2019-09-12 10:31:13,874 [main] INFO  ozone.HddsDatanodeService (HddsDatanodeService.java:start(184)) - HddsDatanodeService host:pr-hdds-1569-58hkm-1881083799 ip:192.168.36.114
2019-09-12 10:31:13,926 [main] INFO  volume.HddsVolume (HddsVolume.java:<init>(176)) - Creating Volume: /workdir/hadoop-ozone/integration-test/target/test-dir/MiniOzoneClusterImpl-b2817a3f-1508-41b1-b0fd-9fa975eef5fc/datanode-0/data/containers/hdds of  storage type : DISK and capacity : 1482555576320
2019-09-12 10:31:13,929 [main] INFO  volume.VolumeSet (VolumeSet.java:initializeVolumeSet(170)) - Added Volume : /workdir/hadoop-ozone/integration-test/target/test-dir/MiniOzoneClusterImpl-b2817a3f-1508-41b1-b0fd-9fa975eef5fc/datanode-0/data/containers/hdds to VolumeSet
2019-09-12 10:31:13,933 [main] INFO  volume.ThrottledAsyncChecker (ThrottledAsyncChecker.java:schedule(140)) - Scheduling a check for org.apache.hadoop.ozone.container.common.volume.HddsVolume@30d25c03
2019-09-12 10:31:13,954 [main] INFO  volume.HddsVolumeChecker (HddsVolumeChecker.java:checkAllVolumes(203)) - Scheduled health check for volume org.apache.hadoop.ozone.container.common.volume.HddsVolume@30d25c03
2019-09-12 10:31:14,075 [main] INFO  impl.RaftServerProxy (ConfUtils.java:logGet(43)) - raft.rpc.type = GRPC (default)
2019-09-12 10:31:14,175 [main] INFO  grpc.GrpcFactory (GrpcFactory.java:checkPooledByteBufAllocatorUseCacheForAllThreads(45)) - PERFORMANCE WARNING: useCacheForAllThreads is true that may cause Netty to create a lot garbage objects and, as a result, trigger GC.
	It is recommended to disable useCacheForAllThreads by setting -Dorg.apache.ratis.thirdparty.io.netty.allocator.useCacheForAllThreads=false in command line.
2019-09-12 10:31:14,180 [main] INFO  grpc.GrpcConfigKeys$Server (ConfUtils.java:logGet(43)) - raft.grpc.server.port = 0 (default)
2019-09-12 10:31:14,181 [main] INFO  server.GrpcService (ConfUtils.java:logGet(43)) - raft.grpc.message.size.max = 33570816 (custom)
2019-09-12 10:31:14,182 [main] INFO  server.RaftServerConfigKeys (ConfUtils.java:logGet(43)) - raft.server.log.appender.buffer.byte-limit = 33554432 (custom)
2019-09-12 10:31:14,183 [main] INFO  server.GrpcService (ConfUtils.java:logGet(43)) - raft.grpc.flow.control.window = 1MB (=1048576) (default)
2019-09-12 10:31:14,184 [main] INFO  server.RaftServerConfigKeys (ConfUtils.java:logGet(43)) - raft.server.rpc.request.timeout = 3000ms (default)
2019-09-12 10:31:14,346 [main] INFO  server.RaftServerConfigKeys (ConfUtils.java:logGet(43)) - raft.server.storage.dir = [/workdir/hadoop-ozone/integration-test/target/test-dir/MiniOzoneClusterImpl-b2817a3f-1508-41b1-b0fd-9fa975eef5fc/datanode-0/data/ratis] (custom)
2019-09-12 10:31:14,385 [main] INFO  replication.SimpleContainerDownloader (SimpleContainerDownloader.java:<init>(72)) - Starting container downloader service to copy containers to replicate.
2019-09-12 10:31:14,401 [main] INFO  hdfs.DFSUtil (DFSUtil.java:httpServerTemplateForNNAndJN(1641)) - Starting Web-server for hddsDatanode at: http://0.0.0.0:0
2019-09-12 10:31:14,404 [main] INFO  server.AuthenticationFilter (AuthenticationFilter.java:constructSecretProvider(240)) - Unable to initialize FileSignerSecretProvider, falling back to use random secrets.
2019-09-12 10:31:14,405 [main] WARN  http.HttpRequestLog (HttpRequestLog.java:getRequestLog(97)) - Jetty request log can only be enabled using Log4j
2019-09-12 10:31:14,408 [main] INFO  http.HttpServer2 (HttpServer2.java:addGlobalFilter(975)) - Added global filter 'safety' (class=org.apache.hadoop.http.HttpServer2$QuotingInputFilter)
2019-09-12 10:31:14,409 [main] INFO  http.HttpServer2 (HttpServer2.java:addFilter(948)) - Added filter static_user_filter (class=org.apache.hadoop.http.lib.StaticUserWebFilter$StaticUserFilter) to context hddsDatanode
2019-09-12 10:31:14,410 [main] INFO  http.HttpServer2 (HttpServer2.java:addFilter(958)) - Added filter static_user_filter (class=org.apache.hadoop.http.lib.StaticUserWebFilter$StaticUserFilter) to context logs
2019-09-12 10:31:14,410 [main] INFO  http.HttpServer2 (HttpServer2.java:addFilter(958)) - Added filter static_user_filter (class=org.apache.hadoop.http.lib.StaticUserWebFilter$StaticUserFilter) to context static
2019-09-12 10:31:14,412 [main] INFO  http.HttpServer2 (HttpServer2.java:bindListener(1191)) - Jetty bound to port 34036
2019-09-12 10:31:14,413 [main] INFO  server.Server (Server.java:doStart(351)) - jetty-9.3.24.v20180605, build timestamp: 2018-06-05T17:11:56Z, git hash: 84205aa28f11a4f31f2a3b86d1bba2cc8ab69827
2019-09-12 10:31:14,415 [main] INFO  handler.ContextHandler (ContextHandler.java:doStart(781)) - Started o.e.j.s.ServletContextHandler@1457fde{/logs,file:///workdir/hadoop-ozone/integration-test/target/log,AVAILABLE}
2019-09-12 10:31:14,416 [main] INFO  handler.ContextHandler (ContextHandler.java:doStart(781)) - Started o.e.j.s.ServletContextHandler@17fa1336{/static,jar:file:/home/user/.m2/repository/org/apache/hadoop/hadoop-hdds-container-service/0.5.0-SNAPSHOT/hadoop-hdds-container-service-0.5.0-SNAPSHOT.jar!/webapps/static,AVAILABLE}
2019-09-12 10:31:14,465 [main] INFO  handler.ContextHandler (ContextHandler.java:doStart(781)) - Started o.e.j.w.WebAppContext@7b306b9f{/,file:///tmp/jetty-0.0.0.0-34036-hddsDatanode-_-any-5942185447648687949.dir/webapp/,AVAILABLE}{/hddsDatanode}
2019-09-12 10:31:14,466 [main] INFO  server.AbstractConnector (AbstractConnector.java:doStart(278)) - Started ServerConnector@142213d5{HTTP/1.1,[http/1.1]}{0.0.0.0:34036}
2019-09-12 10:31:14,468 [main] INFO  server.Server (Server.java:doStart(419)) - Started @5806ms
2019-09-12 10:31:14,469 [main] INFO  server.BaseHttpServer (BaseHttpServer.java:updateConnectorAddress(213)) - HTTP server of HDDSDATANODE is listening at http://0.0.0.0:34036
2019-09-12 10:31:15,765 | INFO  | ObjectStoreRestHttpServer | Listening HDDS REST traffic on /0.0.0.0:41728 |  
2019-09-12 10:31:15,766 [main] INFO  ozone.HddsDatanodeService (HddsDatanodeService.java:startPlugins(395)) - Started plug-in org.apache.hadoop.ozone.web.OzoneHddsDatanodeService@3375ebd3
2019-09-12 10:31:15,768 [main] INFO  impl.MetricsSystemImpl (MetricsSystemImpl.java:init(158)) - HddsDatanode metrics system started (again)
2019-09-12 10:31:15,771 [main] INFO  ozone.HddsDatanodeService (HddsDatanodeService.java:start(184)) - HddsDatanodeService host:pr-hdds-1569-58hkm-1881083799 ip:192.168.36.114
2019-09-12 10:31:15,775 [org.apache.hadoop.util.JvmPauseMonitor$Monitor@33e8d12f] INFO  util.JvmPauseMonitor (JvmPauseMonitor.java:run(188)) - Starting JVM pause monitor
2019-09-12 10:31:15,782 [main] INFO  volume.HddsVolume (HddsVolume.java:<init>(176)) - Creating Volume: /workdir/hadoop-ozone/integration-test/target/test-dir/MiniOzoneClusterImpl-b2817a3f-1508-41b1-b0fd-9fa975eef5fc/datanode-1/data/containers/hdds of  storage type : DISK and capacity : 1482555576320
2019-09-12 10:31:15,782 [main] INFO  volume.VolumeSet (VolumeSet.java:initializeVolumeSet(170)) - Added Volume : /workdir/hadoop-ozone/integration-test/target/test-dir/MiniOzoneClusterImpl-b2817a3f-1508-41b1-b0fd-9fa975eef5fc/datanode-1/data/containers/hdds to VolumeSet
2019-09-12 10:31:15,782 [main] INFO  volume.ThrottledAsyncChecker (ThrottledAsyncChecker.java:schedule(140)) - Scheduling a check for org.apache.hadoop.ozone.container.common.volume.HddsVolume@27960b1e
2019-09-12 10:31:15,783 [main] INFO  volume.HddsVolumeChecker (HddsVolumeChecker.java:checkAllVolumes(203)) - Scheduled health check for volume org.apache.hadoop.ozone.container.common.volume.HddsVolume@27960b1e
2019-09-12 10:31:15,800 [main] INFO  impl.RaftServerProxy (ConfUtils.java:logGet(43)) - raft.rpc.type = GRPC (default)
2019-09-12 10:31:15,801 [main] INFO  grpc.GrpcFactory (GrpcFactory.java:checkPooledByteBufAllocatorUseCacheForAllThreads(45)) - PERFORMANCE WARNING: useCacheForAllThreads is true that may cause Netty to create a lot garbage objects and, as a result, trigger GC.
	It is recommended to disable useCacheForAllThreads by setting -Dorg.apache.ratis.thirdparty.io.netty.allocator.useCacheForAllThreads=false in command line.
2019-09-12 10:31:15,801 [main] INFO  grpc.GrpcConfigKeys$Server (ConfUtils.java:logGet(43)) - raft.grpc.server.port = 0 (default)
2019-09-12 10:31:15,801 [main] INFO  server.GrpcService (ConfUtils.java:logGet(43)) - raft.grpc.message.size.max = 33570816 (custom)
2019-09-12 10:31:15,802 [main] INFO  server.RaftServerConfigKeys (ConfUtils.java:logGet(43)) - raft.server.log.appender.buffer.byte-limit = 33554432 (custom)
2019-09-12 10:31:15,802 [main] INFO  server.GrpcService (ConfUtils.java:logGet(43)) - raft.grpc.flow.control.window = 1MB (=1048576) (default)
2019-09-12 10:31:15,802 [main] INFO  server.RaftServerConfigKeys (ConfUtils.java:logGet(43)) - raft.server.rpc.request.timeout = 3000ms (default)
2019-09-12 10:31:15,803 [main] INFO  server.RaftServerConfigKeys (ConfUtils.java:logGet(43)) - raft.server.storage.dir = [/workdir/hadoop-ozone/integration-test/target/test-dir/MiniOzoneClusterImpl-b2817a3f-1508-41b1-b0fd-9fa975eef5fc/datanode-1/data/ratis] (custom)
2019-09-12 10:31:15,804 [main] INFO  replication.SimpleContainerDownloader (SimpleContainerDownloader.java:<init>(72)) - Starting container downloader service to copy containers to replicate.
2019-09-12 10:31:15,805 [main] INFO  hdfs.DFSUtil (DFSUtil.java:httpServerTemplateForNNAndJN(1641)) - Starting Web-server for hddsDatanode at: http://0.0.0.0:0
2019-09-12 10:31:15,807 [main] INFO  server.AuthenticationFilter (AuthenticationFilter.java:constructSecretProvider(240)) - Unable to initialize FileSignerSecretProvider, falling back to use random secrets.
2019-09-12 10:31:15,809 [main] WARN  http.HttpRequestLog (HttpRequestLog.java:getRequestLog(97)) - Jetty request log can only be enabled using Log4j
2019-09-12 10:31:15,811 [main] INFO  http.HttpServer2 (HttpServer2.java:addGlobalFilter(975)) - Added global filter 'safety' (class=org.apache.hadoop.http.HttpServer2$QuotingInputFilter)
2019-09-12 10:31:15,812 [main] INFO  http.HttpServer2 (HttpServer2.java:addFilter(948)) - Added filter static_user_filter (class=org.apache.hadoop.http.lib.StaticUserWebFilter$StaticUserFilter) to context hddsDatanode
2019-09-12 10:31:15,812 [main] INFO  http.HttpServer2 (HttpServer2.java:addFilter(958)) - Added filter static_user_filter (class=org.apache.hadoop.http.lib.StaticUserWebFilter$StaticUserFilter) to context static
2019-09-12 10:31:15,813 [main] INFO  http.HttpServer2 (HttpServer2.java:addFilter(958)) - Added filter static_user_filter (class=org.apache.hadoop.http.lib.StaticUserWebFilter$StaticUserFilter) to context logs
2019-09-12 10:31:15,814 [main] INFO  http.HttpServer2 (HttpServer2.java:bindListener(1191)) - Jetty bound to port 36342
2019-09-12 10:31:15,814 [main] INFO  server.Server (Server.java:doStart(351)) - jetty-9.3.24.v20180605, build timestamp: 2018-06-05T17:11:56Z, git hash: 84205aa28f11a4f31f2a3b86d1bba2cc8ab69827
2019-09-12 10:31:15,819 [main] INFO  handler.ContextHandler (ContextHandler.java:doStart(781)) - Started o.e.j.s.ServletContextHandler@44f0ff2b{/logs,file:///workdir/hadoop-ozone/integration-test/target/log,AVAILABLE}
2019-09-12 10:31:15,820 [main] INFO  handler.ContextHandler (ContextHandler.java:doStart(781)) - Started o.e.j.s.ServletContextHandler@68af87ad{/static,jar:file:/home/user/.m2/repository/org/apache/hadoop/hadoop-hdds-container-service/0.5.0-SNAPSHOT/hadoop-hdds-container-service-0.5.0-SNAPSHOT.jar!/webapps/static,AVAILABLE}
2019-09-12 10:31:15,865 [main] INFO  handler.ContextHandler (ContextHandler.java:doStart(781)) - Started o.e.j.w.WebAppContext@265a094b{/,file:///tmp/jetty-0.0.0.0-36342-hddsDatanode-_-any-2152525771867179960.dir/webapp/,AVAILABLE}{/hddsDatanode}
2019-09-12 10:31:15,867 [main] INFO  server.AbstractConnector (AbstractConnector.java:doStart(278)) - Started ServerConnector@1f536481{HTTP/1.1,[http/1.1]}{0.0.0.0:36342}
2019-09-12 10:31:15,868 [main] INFO  server.Server (Server.java:doStart(419)) - Started @7207ms
2019-09-12 10:31:15,869 [main] INFO  server.BaseHttpServer (BaseHttpServer.java:updateConnectorAddress(213)) - HTTP server of HDDSDATANODE is listening at http://0.0.0.0:36342
2019-09-12 10:31:15,919 [Datanode State Machine Thread - 0] INFO  datanode.InitDatanodeState (InitDatanodeState.java:persistContainerDatanodeDetails(140)) - DatanodeDetails is persisted to /workdir/hadoop-ozone/integration-test/target/test-dir/MiniOzoneClusterImpl-b2817a3f-1508-41b1-b0fd-9fa975eef5fc/datanode-0/meta/datanode.id
2019-09-12 10:31:16,038 | INFO  | ObjectStoreRestHttpServer | Listening HDDS REST traffic on /0.0.0.0:40575 |  
2019-09-12 10:31:16,039 [main] INFO  ozone.HddsDatanodeService (HddsDatanodeService.java:startPlugins(395)) - Started plug-in org.apache.hadoop.ozone.web.OzoneHddsDatanodeService@2faa55bb
2019-09-12 10:31:16,039 [main] INFO  impl.MetricsSystemImpl (MetricsSystemImpl.java:init(158)) - HddsDatanode metrics system started (again)
2019-09-12 10:31:16,043 [org.apache.hadoop.util.JvmPauseMonitor$Monitor@2531711a] INFO  util.JvmPauseMonitor (JvmPauseMonitor.java:run(188)) - Starting JVM pause monitor
2019-09-12 10:31:16,043 [main] INFO  ozone.HddsDatanodeService (HddsDatanodeService.java:start(184)) - HddsDatanodeService host:pr-hdds-1569-58hkm-1881083799 ip:192.168.36.114
2019-09-12 10:31:16,049 [Datanode State Machine Thread - 0] INFO  datanode.InitDatanodeState (InitDatanodeState.java:persistContainerDatanodeDetails(140)) - DatanodeDetails is persisted to /workdir/hadoop-ozone/integration-test/target/test-dir/MiniOzoneClusterImpl-b2817a3f-1508-41b1-b0fd-9fa975eef5fc/datanode-1/meta/datanode.id
2019-09-12 10:31:16,055 [main] INFO  volume.HddsVolume (HddsVolume.java:<init>(176)) - Creating Volume: /workdir/hadoop-ozone/integration-test/target/test-dir/MiniOzoneClusterImpl-b2817a3f-1508-41b1-b0fd-9fa975eef5fc/datanode-2/data/containers/hdds of  storage type : DISK and capacity : 1482555576320
2019-09-12 10:31:16,056 [main] INFO  volume.VolumeSet (VolumeSet.java:initializeVolumeSet(170)) - Added Volume : /workdir/hadoop-ozone/integration-test/target/test-dir/MiniOzoneClusterImpl-b2817a3f-1508-41b1-b0fd-9fa975eef5fc/datanode-2/data/containers/hdds to VolumeSet
2019-09-12 10:31:16,056 [main] INFO  volume.ThrottledAsyncChecker (ThrottledAsyncChecker.java:schedule(140)) - Scheduling a check for org.apache.hadoop.ozone.container.common.volume.HddsVolume@18dcb8a7
2019-09-12 10:31:16,057 [main] INFO  volume.HddsVolumeChecker (HddsVolumeChecker.java:checkAllVolumes(203)) - Scheduled health check for volume org.apache.hadoop.ozone.container.common.volume.HddsVolume@18dcb8a7
2019-09-12 10:31:16,087 [main] INFO  impl.RaftServerProxy (ConfUtils.java:logGet(43)) - raft.rpc.type = GRPC (default)
2019-09-12 10:31:16,087 [main] INFO  grpc.GrpcFactory (GrpcFactory.java:checkPooledByteBufAllocatorUseCacheForAllThreads(45)) - PERFORMANCE WARNING: useCacheForAllThreads is true that may cause Netty to create a lot garbage objects and, as a result, trigger GC.
	It is recommended to disable useCacheForAllThreads by setting -Dorg.apache.ratis.thirdparty.io.netty.allocator.useCacheForAllThreads=false in command line.
2019-09-12 10:31:16,088 [main] INFO  grpc.GrpcConfigKeys$Server (ConfUtils.java:logGet(43)) - raft.grpc.server.port = 0 (default)
2019-09-12 10:31:16,088 [main] INFO  server.GrpcService (ConfUtils.java:logGet(43)) - raft.grpc.message.size.max = 33570816 (custom)
2019-09-12 10:31:16,088 [main] INFO  server.RaftServerConfigKeys (ConfUtils.java:logGet(43)) - raft.server.log.appender.buffer.byte-limit = 33554432 (custom)
2019-09-12 10:31:16,089 [main] INFO  server.GrpcService (ConfUtils.java:logGet(43)) - raft.grpc.flow.control.window = 1MB (=1048576) (default)
2019-09-12 10:31:16,089 [main] INFO  server.RaftServerConfigKeys (ConfUtils.java:logGet(43)) - raft.server.rpc.request.timeout = 3000ms (default)
2019-09-12 10:31:16,090 [main] INFO  server.RaftServerConfigKeys (ConfUtils.java:logGet(43)) - raft.server.storage.dir = [/workdir/hadoop-ozone/integration-test/target/test-dir/MiniOzoneClusterImpl-b2817a3f-1508-41b1-b0fd-9fa975eef5fc/datanode-2/data/ratis] (custom)
2019-09-12 10:31:16,091 [main] INFO  replication.SimpleContainerDownloader (SimpleContainerDownloader.java:<init>(72)) - Starting container downloader service to copy containers to replicate.
2019-09-12 10:31:16,093 [main] INFO  hdfs.DFSUtil (DFSUtil.java:httpServerTemplateForNNAndJN(1641)) - Starting Web-server for hddsDatanode at: http://0.0.0.0:0
2019-09-12 10:31:16,095 [main] INFO  server.AuthenticationFilter (AuthenticationFilter.java:constructSecretProvider(240)) - Unable to initialize FileSignerSecretProvider, falling back to use random secrets.
2019-09-12 10:31:16,096 [main] WARN  http.HttpRequestLog (HttpRequestLog.java:getRequestLog(97)) - Jetty request log can only be enabled using Log4j
2019-09-12 10:31:16,098 [main] INFO  http.HttpServer2 (HttpServer2.java:addGlobalFilter(975)) - Added global filter 'safety' (class=org.apache.hadoop.http.HttpServer2$QuotingInputFilter)
2019-09-12 10:31:16,099 [main] INFO  http.HttpServer2 (HttpServer2.java:addFilter(948)) - Added filter static_user_filter (class=org.apache.hadoop.http.lib.StaticUserWebFilter$StaticUserFilter) to context hddsDatanode
2019-09-12 10:31:16,099 [main] INFO  http.HttpServer2 (HttpServer2.java:addFilter(958)) - Added filter static_user_filter (class=org.apache.hadoop.http.lib.StaticUserWebFilter$StaticUserFilter) to context static
2019-09-12 10:31:16,099 [main] INFO  http.HttpServer2 (HttpServer2.java:addFilter(958)) - Added filter static_user_filter (class=org.apache.hadoop.http.lib.StaticUserWebFilter$StaticUserFilter) to context logs
2019-09-12 10:31:16,101 [main] INFO  http.HttpServer2 (HttpServer2.java:bindListener(1191)) - Jetty bound to port 37626
2019-09-12 10:31:16,101 [main] INFO  server.Server (Server.java:doStart(351)) - jetty-9.3.24.v20180605, build timestamp: 2018-06-05T17:11:56Z, git hash: 84205aa28f11a4f31f2a3b86d1bba2cc8ab69827
2019-09-12 10:31:16,104 [main] INFO  handler.ContextHandler (ContextHandler.java:doStart(781)) - Started o.e.j.s.ServletContextHandler@251c8145{/logs,file:///workdir/hadoop-ozone/integration-test/target/log,AVAILABLE}
2019-09-12 10:31:16,105 [main] INFO  handler.ContextHandler (ContextHandler.java:doStart(781)) - Started o.e.j.s.ServletContextHandler@7abeabe9{/static,jar:file:/home/user/.m2/repository/org/apache/hadoop/hadoop-hdds-container-service/0.5.0-SNAPSHOT/hadoop-hdds-container-service-0.5.0-SNAPSHOT.jar!/webapps/static,AVAILABLE}
2019-09-12 10:31:16,149 [main] INFO  handler.ContextHandler (ContextHandler.java:doStart(781)) - Started o.e.j.w.WebAppContext@291a4791{/,file:///tmp/jetty-0.0.0.0-37626-hddsDatanode-_-any-2558235185462523788.dir/webapp/,AVAILABLE}{/hddsDatanode}
2019-09-12 10:31:16,150 [main] INFO  server.AbstractConnector (AbstractConnector.java:doStart(278)) - Started ServerConnector@5b1e88f{HTTP/1.1,[http/1.1]}{0.0.0.0:37626}
2019-09-12 10:31:16,151 [main] INFO  server.Server (Server.java:doStart(419)) - Started @7489ms
2019-09-12 10:31:16,151 [main] INFO  server.BaseHttpServer (BaseHttpServer.java:updateConnectorAddress(213)) - HTTP server of HDDSDATANODE is listening at http://0.0.0.0:37626
2019-09-12 10:31:16,309 | INFO  | ObjectStoreRestHttpServer | Listening HDDS REST traffic on /0.0.0.0:46295 |  
2019-09-12 10:31:16,309 [main] INFO  ozone.HddsDatanodeService (HddsDatanodeService.java:startPlugins(395)) - Started plug-in org.apache.hadoop.ozone.web.OzoneHddsDatanodeService@70881123
2019-09-12 10:31:16,309 [main] INFO  impl.MetricsSystemImpl (MetricsSystemImpl.java:init(158)) - HddsDatanode metrics system started (again)
2019-09-12 10:31:16,313 [main] INFO  ozone.HddsDatanodeService (HddsDatanodeService.java:start(184)) - HddsDatanodeService host:pr-hdds-1569-58hkm-1881083799 ip:192.168.36.114
2019-09-12 10:31:16,313 [org.apache.hadoop.util.JvmPauseMonitor$Monitor@4f474cc4] INFO  util.JvmPauseMonitor (JvmPauseMonitor.java:run(188)) - Starting JVM pause monitor
2019-09-12 10:31:16,316 [Datanode State Machine Thread - 0] INFO  datanode.InitDatanodeState (InitDatanodeState.java:persistContainerDatanodeDetails(140)) - DatanodeDetails is persisted to /workdir/hadoop-ozone/integration-test/target/test-dir/MiniOzoneClusterImpl-b2817a3f-1508-41b1-b0fd-9fa975eef5fc/datanode-2/meta/datanode.id
2019-09-12 10:31:16,320 [main] INFO  volume.HddsVolume (HddsVolume.java:<init>(176)) - Creating Volume: /workdir/hadoop-ozone/integration-test/target/test-dir/MiniOzoneClusterImpl-b2817a3f-1508-41b1-b0fd-9fa975eef5fc/datanode-3/data/containers/hdds of  storage type : DISK and capacity : 1482555576320
2019-09-12 10:31:16,321 [main] INFO  volume.VolumeSet (VolumeSet.java:initializeVolumeSet(170)) - Added Volume : /workdir/hadoop-ozone/integration-test/target/test-dir/MiniOzoneClusterImpl-b2817a3f-1508-41b1-b0fd-9fa975eef5fc/datanode-3/data/containers/hdds to VolumeSet
2019-09-12 10:31:16,321 [main] INFO  volume.ThrottledAsyncChecker (ThrottledAsyncChecker.java:schedule(140)) - Scheduling a check for org.apache.hadoop.ozone.container.common.volume.HddsVolume@476fde05
2019-09-12 10:31:16,322 [main] INFO  volume.HddsVolumeChecker (HddsVolumeChecker.java:checkAllVolumes(203)) - Scheduled health check for volume org.apache.hadoop.ozone.container.common.volume.HddsVolume@476fde05
2019-09-12 10:31:16,337 [main] INFO  impl.RaftServerProxy (ConfUtils.java:logGet(43)) - raft.rpc.type = GRPC (default)
2019-09-12 10:31:16,337 [main] INFO  grpc.GrpcFactory (GrpcFactory.java:checkPooledByteBufAllocatorUseCacheForAllThreads(45)) - PERFORMANCE WARNING: useCacheForAllThreads is true that may cause Netty to create a lot garbage objects and, as a result, trigger GC.
	It is recommended to disable useCacheForAllThreads by setting -Dorg.apache.ratis.thirdparty.io.netty.allocator.useCacheForAllThreads=false in command line.
2019-09-12 10:31:16,337 [main] INFO  grpc.GrpcConfigKeys$Server (ConfUtils.java:logGet(43)) - raft.grpc.server.port = 0 (default)
2019-09-12 10:31:16,337 [main] INFO  server.GrpcService (ConfUtils.java:logGet(43)) - raft.grpc.message.size.max = 33570816 (custom)
2019-09-12 10:31:16,338 [main] INFO  server.RaftServerConfigKeys (ConfUtils.java:logGet(43)) - raft.server.log.appender.buffer.byte-limit = 33554432 (custom)
2019-09-12 10:31:16,338 [main] INFO  server.GrpcService (ConfUtils.java:logGet(43)) - raft.grpc.flow.control.window = 1MB (=1048576) (default)
2019-09-12 10:31:16,338 [main] INFO  server.RaftServerConfigKeys (ConfUtils.java:logGet(43)) - raft.server.rpc.request.timeout = 3000ms (default)
2019-09-12 10:31:16,339 [main] INFO  server.RaftServerConfigKeys (ConfUtils.java:logGet(43)) - raft.server.storage.dir = [/workdir/hadoop-ozone/integration-test/target/test-dir/MiniOzoneClusterImpl-b2817a3f-1508-41b1-b0fd-9fa975eef5fc/datanode-3/data/ratis] (custom)
2019-09-12 10:31:16,339 [main] INFO  replication.SimpleContainerDownloader (SimpleContainerDownloader.java:<init>(72)) - Starting container downloader service to copy containers to replicate.
2019-09-12 10:31:16,340 [main] INFO  hdfs.DFSUtil (DFSUtil.java:httpServerTemplateForNNAndJN(1641)) - Starting Web-server for hddsDatanode at: http://0.0.0.0:0
2019-09-12 10:31:16,342 [main] INFO  server.AuthenticationFilter (AuthenticationFilter.java:constructSecretProvider(240)) - Unable to initialize FileSignerSecretProvider, falling back to use random secrets.
2019-09-12 10:31:16,342 [main] WARN  http.HttpRequestLog (HttpRequestLog.java:getRequestLog(97)) - Jetty request log can only be enabled using Log4j
2019-09-12 10:31:16,343 [main] INFO  http.HttpServer2 (HttpServer2.java:addGlobalFilter(975)) - Added global filter 'safety' (class=org.apache.hadoop.http.HttpServer2$QuotingInputFilter)
2019-09-12 10:31:16,344 [main] INFO  http.HttpServer2 (HttpServer2.java:addFilter(948)) - Added filter static_user_filter (class=org.apache.hadoop.http.lib.StaticUserWebFilter$StaticUserFilter) to context hddsDatanode
2019-09-12 10:31:16,344 [main] INFO  http.HttpServer2 (HttpServer2.java:addFilter(958)) - Added filter static_user_filter (class=org.apache.hadoop.http.lib.StaticUserWebFilter$StaticUserFilter) to context logs
2019-09-12 10:31:16,344 [main] INFO  http.HttpServer2 (HttpServer2.java:addFilter(958)) - Added filter static_user_filter (class=org.apache.hadoop.http.lib.StaticUserWebFilter$StaticUserFilter) to context static
2019-09-12 10:31:16,345 [main] INFO  http.HttpServer2 (HttpServer2.java:bindListener(1191)) - Jetty bound to port 43861
2019-09-12 10:31:16,345 [main] INFO  server.Server (Server.java:doStart(351)) - jetty-9.3.24.v20180605, build timestamp: 2018-06-05T17:11:56Z, git hash: 84205aa28f11a4f31f2a3b86d1bba2cc8ab69827
2019-09-12 10:31:16,349 [main] INFO  handler.ContextHandler (ContextHandler.java:doStart(781)) - Started o.e.j.s.ServletContextHandler@4eeab3e{/logs,file:///workdir/hadoop-ozone/integration-test/target/log,AVAILABLE}
2019-09-12 10:31:16,349 [main] INFO  handler.ContextHandler (ContextHandler.java:doStart(781)) - Started o.e.j.s.ServletContextHandler@2eb0cefe{/static,jar:file:/home/user/.m2/repository/org/apache/hadoop/hadoop-hdds-container-service/0.5.0-SNAPSHOT/hadoop-hdds-container-service-0.5.0-SNAPSHOT.jar!/webapps/static,AVAILABLE}
2019-09-12 10:31:16,378 [main] INFO  handler.ContextHandler (ContextHandler.java:doStart(781)) - Started o.e.j.w.WebAppContext@544e3679{/,file:///tmp/jetty-0.0.0.0-43861-hddsDatanode-_-any-677404331642089611.dir/webapp/,AVAILABLE}{/hddsDatanode}
2019-09-12 10:31:16,379 [main] INFO  server.AbstractConnector (AbstractConnector.java:doStart(278)) - Started ServerConnector@6889f56f{HTTP/1.1,[http/1.1]}{0.0.0.0:43861}
2019-09-12 10:31:16,379 [main] INFO  server.Server (Server.java:doStart(419)) - Started @7718ms
2019-09-12 10:31:16,380 [main] INFO  server.BaseHttpServer (BaseHttpServer.java:updateConnectorAddress(213)) - HTTP server of HDDSDATANODE is listening at http://0.0.0.0:43861
2019-09-12 10:31:16,553 | INFO  | ObjectStoreRestHttpServer | Listening HDDS REST traffic on /0.0.0.0:39351 |  
2019-09-12 10:31:16,553 [main] INFO  ozone.HddsDatanodeService (HddsDatanodeService.java:startPlugins(395)) - Started plug-in org.apache.hadoop.ozone.web.OzoneHddsDatanodeService@6af87130
2019-09-12 10:31:16,553 [main] INFO  impl.MetricsSystemImpl (MetricsSystemImpl.java:init(158)) - HddsDatanode metrics system started (again)
2019-09-12 10:31:16,557 [main] INFO  ozone.HddsDatanodeService (HddsDatanodeService.java:start(184)) - HddsDatanodeService host:pr-hdds-1569-58hkm-1881083799 ip:192.168.36.114
2019-09-12 10:31:16,557 [org.apache.hadoop.util.JvmPauseMonitor$Monitor@5e1ae6df] INFO  util.JvmPauseMonitor (JvmPauseMonitor.java:run(188)) - Starting JVM pause monitor
2019-09-12 10:31:16,560 [Datanode State Machine Thread - 0] INFO  datanode.InitDatanodeState (InitDatanodeState.java:persistContainerDatanodeDetails(140)) - DatanodeDetails is persisted to /workdir/hadoop-ozone/integration-test/target/test-dir/MiniOzoneClusterImpl-b2817a3f-1508-41b1-b0fd-9fa975eef5fc/datanode-3/meta/datanode.id
2019-09-12 10:31:16,565 [main] INFO  volume.HddsVolume (HddsVolume.java:<init>(176)) - Creating Volume: /workdir/hadoop-ozone/integration-test/target/test-dir/MiniOzoneClusterImpl-b2817a3f-1508-41b1-b0fd-9fa975eef5fc/datanode-4/data/containers/hdds of  storage type : DISK and capacity : 1482555576320
2019-09-12 10:31:16,566 [main] INFO  volume.VolumeSet (VolumeSet.java:initializeVolumeSet(170)) - Added Volume : /workdir/hadoop-ozone/integration-test/target/test-dir/MiniOzoneClusterImpl-b2817a3f-1508-41b1-b0fd-9fa975eef5fc/datanode-4/data/containers/hdds to VolumeSet
2019-09-12 10:31:16,566 [main] INFO  volume.ThrottledAsyncChecker (ThrottledAsyncChecker.java:schedule(140)) - Scheduling a check for org.apache.hadoop.ozone.container.common.volume.HddsVolume@34f7b44f
2019-09-12 10:31:16,566 [main] INFO  volume.HddsVolumeChecker (HddsVolumeChecker.java:checkAllVolumes(203)) - Scheduled health check for volume org.apache.hadoop.ozone.container.common.volume.HddsVolume@34f7b44f
2019-09-12 10:31:16,581 [main] INFO  impl.RaftServerProxy (ConfUtils.java:logGet(43)) - raft.rpc.type = GRPC (default)
2019-09-12 10:31:16,581 [main] INFO  grpc.GrpcFactory (GrpcFactory.java:checkPooledByteBufAllocatorUseCacheForAllThreads(45)) - PERFORMANCE WARNING: useCacheForAllThreads is true that may cause Netty to create a lot garbage objects and, as a result, trigger GC.
	It is recommended to disable useCacheForAllThreads by setting -Dorg.apache.ratis.thirdparty.io.netty.allocator.useCacheForAllThreads=false in command line.
2019-09-12 10:31:16,581 [main] INFO  grpc.GrpcConfigKeys$Server (ConfUtils.java:logGet(43)) - raft.grpc.server.port = 0 (default)
2019-09-12 10:31:16,581 [main] INFO  server.GrpcService (ConfUtils.java:logGet(43)) - raft.grpc.message.size.max = 33570816 (custom)
2019-09-12 10:31:16,582 [main] INFO  server.RaftServerConfigKeys (ConfUtils.java:logGet(43)) - raft.server.log.appender.buffer.byte-limit = 33554432 (custom)
2019-09-12 10:31:16,582 [main] INFO  server.GrpcService (ConfUtils.java:logGet(43)) - raft.grpc.flow.control.window = 1MB (=1048576) (default)
2019-09-12 10:31:16,582 [main] INFO  server.RaftServerConfigKeys (ConfUtils.java:logGet(43)) - raft.server.rpc.request.timeout = 3000ms (default)
2019-09-12 10:31:16,583 [main] INFO  server.RaftServerConfigKeys (ConfUtils.java:logGet(43)) - raft.server.storage.dir = [/workdir/hadoop-ozone/integration-test/target/test-dir/MiniOzoneClusterImpl-b2817a3f-1508-41b1-b0fd-9fa975eef5fc/datanode-4/data/ratis] (custom)
2019-09-12 10:31:16,583 [main] INFO  replication.SimpleContainerDownloader (SimpleContainerDownloader.java:<init>(72)) - Starting container downloader service to copy containers to replicate.
2019-09-12 10:31:16,584 [main] INFO  hdfs.DFSUtil (DFSUtil.java:httpServerTemplateForNNAndJN(1641)) - Starting Web-server for hddsDatanode at: http://0.0.0.0:0
2019-09-12 10:31:16,586 [main] INFO  server.AuthenticationFilter (AuthenticationFilter.java:constructSecretProvider(240)) - Unable to initialize FileSignerSecretProvider, falling back to use random secrets.
2019-09-12 10:31:16,586 [main] WARN  http.HttpRequestLog (HttpRequestLog.java:getRequestLog(97)) - Jetty request log can only be enabled using Log4j
2019-09-12 10:31:16,588 [main] INFO  http.HttpServer2 (HttpServer2.java:addGlobalFilter(975)) - Added global filter 'safety' (class=org.apache.hadoop.http.HttpServer2$QuotingInputFilter)
2019-09-12 10:31:16,588 [main] INFO  http.HttpServer2 (HttpServer2.java:addFilter(948)) - Added filter static_user_filter (class=org.apache.hadoop.http.lib.StaticUserWebFilter$StaticUserFilter) to context hddsDatanode
2019-09-12 10:31:16,588 [main] INFO  http.HttpServer2 (HttpServer2.java:addFilter(958)) - Added filter static_user_filter (class=org.apache.hadoop.http.lib.StaticUserWebFilter$StaticUserFilter) to context logs
2019-09-12 10:31:16,588 [main] INFO  http.HttpServer2 (HttpServer2.java:addFilter(958)) - Added filter static_user_filter (class=org.apache.hadoop.http.lib.StaticUserWebFilter$StaticUserFilter) to context static
2019-09-12 10:31:16,589 [main] INFO  http.HttpServer2 (HttpServer2.java:bindListener(1191)) - Jetty bound to port 44718
2019-09-12 10:31:16,589 [main] INFO  server.Server (Server.java:doStart(351)) - jetty-9.3.24.v20180605, build timestamp: 2018-06-05T17:11:56Z, git hash: 84205aa28f11a4f31f2a3b86d1bba2cc8ab69827
2019-09-12 10:31:16,591 [main] INFO  handler.ContextHandler (ContextHandler.java:doStart(781)) - Started o.e.j.s.ServletContextHandler@191ec193{/logs,file:///workdir/hadoop-ozone/integration-test/target/log,AVAILABLE}
2019-09-12 10:31:16,592 [main] INFO  handler.ContextHandler (ContextHandler.java:doStart(781)) - Started o.e.j.s.ServletContextHandler@1c7f9861{/static,jar:file:/home/user/.m2/repository/org/apache/hadoop/hadoop-hdds-container-service/0.5.0-SNAPSHOT/hadoop-hdds-container-service-0.5.0-SNAPSHOT.jar!/webapps/static,AVAILABLE}
2019-09-12 10:31:16,620 [main] INFO  handler.ContextHandler (ContextHandler.java:doStart(781)) - Started o.e.j.w.WebAppContext@4eb9ae4d{/,file:///tmp/jetty-0.0.0.0-44718-hddsDatanode-_-any-5478570734174593831.dir/webapp/,AVAILABLE}{/hddsDatanode}
2019-09-12 10:31:16,621 [main] INFO  server.AbstractConnector (AbstractConnector.java:doStart(278)) - Started ServerConnector@5520f675{HTTP/1.1,[http/1.1]}{0.0.0.0:44718}
2019-09-12 10:31:16,622 [main] INFO  server.Server (Server.java:doStart(419)) - Started @7960ms
2019-09-12 10:31:16,622 [main] INFO  server.BaseHttpServer (BaseHttpServer.java:updateConnectorAddress(213)) - HTTP server of HDDSDATANODE is listening at http://0.0.0.0:44718
2019-09-12 10:31:16,800 | INFO  | ObjectStoreRestHttpServer | Listening HDDS REST traffic on /0.0.0.0:38694 |  
2019-09-12 10:31:16,800 [main] INFO  ozone.HddsDatanodeService (HddsDatanodeService.java:startPlugins(395)) - Started plug-in org.apache.hadoop.ozone.web.OzoneHddsDatanodeService@4662752a
2019-09-12 10:31:16,801 [main] INFO  impl.MetricsSystemImpl (MetricsSystemImpl.java:init(158)) - HddsDatanode metrics system started (again)
2019-09-12 10:31:16,805 [org.apache.hadoop.util.JvmPauseMonitor$Monitor@558aab] INFO  util.JvmPauseMonitor (JvmPauseMonitor.java:run(188)) - Starting JVM pause monitor
2019-09-12 10:31:16,805 [main] INFO  ozone.HddsDatanodeService (HddsDatanodeService.java:start(184)) - HddsDatanodeService host:pr-hdds-1569-58hkm-1881083799 ip:192.168.36.114
2019-09-12 10:31:16,808 [Datanode State Machine Thread - 0] INFO  datanode.InitDatanodeState (InitDatanodeState.java:persistContainerDatanodeDetails(140)) - DatanodeDetails is persisted to /workdir/hadoop-ozone/integration-test/target/test-dir/MiniOzoneClusterImpl-b2817a3f-1508-41b1-b0fd-9fa975eef5fc/datanode-4/meta/datanode.id
2019-09-12 10:31:16,814 [main] INFO  volume.HddsVolume (HddsVolume.java:<init>(176)) - Creating Volume: /workdir/hadoop-ozone/integration-test/target/test-dir/MiniOzoneClusterImpl-b2817a3f-1508-41b1-b0fd-9fa975eef5fc/datanode-5/data/containers/hdds of  storage type : DISK and capacity : 1482555576320
2019-09-12 10:31:16,814 [main] INFO  volume.VolumeSet (VolumeSet.java:initializeVolumeSet(170)) - Added Volume : /workdir/hadoop-ozone/integration-test/target/test-dir/MiniOzoneClusterImpl-b2817a3f-1508-41b1-b0fd-9fa975eef5fc/datanode-5/data/containers/hdds to VolumeSet
2019-09-12 10:31:16,814 [main] INFO  volume.ThrottledAsyncChecker (ThrottledAsyncChecker.java:schedule(140)) - Scheduling a check for org.apache.hadoop.ozone.container.common.volume.HddsVolume@10a907ec
2019-09-12 10:31:16,815 [main] INFO  volume.HddsVolumeChecker (HddsVolumeChecker.java:checkAllVolumes(203)) - Scheduled health check for volume org.apache.hadoop.ozone.container.common.volume.HddsVolume@10a907ec
2019-09-12 10:31:16,833 [main] INFO  impl.RaftServerProxy (ConfUtils.java:logGet(43)) - raft.rpc.type = GRPC (default)
2019-09-12 10:31:16,833 [main] INFO  grpc.GrpcFactory (GrpcFactory.java:checkPooledByteBufAllocatorUseCacheForAllThreads(45)) - PERFORMANCE WARNING: useCacheForAllThreads is true that may cause Netty to create a lot garbage objects and, as a result, trigger GC.
	It is recommended to disable useCacheForAllThreads by setting -Dorg.apache.ratis.thirdparty.io.netty.allocator.useCacheForAllThreads=false in command line.
2019-09-12 10:31:16,833 [main] INFO  grpc.GrpcConfigKeys$Server (ConfUtils.java:logGet(43)) - raft.grpc.server.port = 0 (default)
2019-09-12 10:31:16,834 [main] INFO  server.GrpcService (ConfUtils.java:logGet(43)) - raft.grpc.message.size.max = 33570816 (custom)
2019-09-12 10:31:16,834 [main] INFO  server.RaftServerConfigKeys (ConfUtils.java:logGet(43)) - raft.server.log.appender.buffer.byte-limit = 33554432 (custom)
2019-09-12 10:31:16,834 [main] INFO  server.GrpcService (ConfUtils.java:logGet(43)) - raft.grpc.flow.control.window = 1MB (=1048576) (default)
2019-09-12 10:31:16,835 [main] INFO  server.RaftServerConfigKeys (ConfUtils.java:logGet(43)) - raft.server.rpc.request.timeout = 3000ms (default)
2019-09-12 10:31:16,836 [main] INFO  server.RaftServerConfigKeys (ConfUtils.java:logGet(43)) - raft.server.storage.dir = [/workdir/hadoop-ozone/integration-test/target/test-dir/MiniOzoneClusterImpl-b2817a3f-1508-41b1-b0fd-9fa975eef5fc/datanode-5/data/ratis] (custom)
2019-09-12 10:31:16,836 [main] INFO  replication.SimpleContainerDownloader (SimpleContainerDownloader.java:<init>(72)) - Starting container downloader service to copy containers to replicate.
2019-09-12 10:31:16,838 [main] INFO  hdfs.DFSUtil (DFSUtil.java:httpServerTemplateForNNAndJN(1641)) - Starting Web-server for hddsDatanode at: http://0.0.0.0:0
2019-09-12 10:31:16,840 [main] INFO  server.AuthenticationFilter (AuthenticationFilter.java:constructSecretProvider(240)) - Unable to initialize FileSignerSecretProvider, falling back to use random secrets.
2019-09-12 10:31:16,841 [main] WARN  http.HttpRequestLog (HttpRequestLog.java:getRequestLog(97)) - Jetty request log can only be enabled using Log4j
2019-09-12 10:31:16,843 [main] INFO  http.HttpServer2 (HttpServer2.java:addGlobalFilter(975)) - Added global filter 'safety' (class=org.apache.hadoop.http.HttpServer2$QuotingInputFilter)
2019-09-12 10:31:16,844 [main] INFO  http.HttpServer2 (HttpServer2.java:addFilter(948)) - Added filter static_user_filter (class=org.apache.hadoop.http.lib.StaticUserWebFilter$StaticUserFilter) to context hddsDatanode
2019-09-12 10:31:16,844 [main] INFO  http.HttpServer2 (HttpServer2.java:addFilter(958)) - Added filter static_user_filter (class=org.apache.hadoop.http.lib.StaticUserWebFilter$StaticUserFilter) to context static
2019-09-12 10:31:16,845 [main] INFO  http.HttpServer2 (HttpServer2.java:addFilter(958)) - Added filter static_user_filter (class=org.apache.hadoop.http.lib.StaticUserWebFilter$StaticUserFilter) to context logs
2019-09-12 10:31:16,845 [main] INFO  http.HttpServer2 (HttpServer2.java:bindListener(1191)) - Jetty bound to port 34580
2019-09-12 10:31:16,846 [main] INFO  server.Server (Server.java:doStart(351)) - jetty-9.3.24.v20180605, build timestamp: 2018-06-05T17:11:56Z, git hash: 84205aa28f11a4f31f2a3b86d1bba2cc8ab69827
2019-09-12 10:31:16,918 [main] INFO  handler.ContextHandler (ContextHandler.java:doStart(781)) - Started o.e.j.s.ServletContextHandler@4f5c30b1{/logs,file:///workdir/hadoop-ozone/integration-test/target/log,AVAILABLE}
2019-09-12 10:31:16,919 [main] INFO  handler.ContextHandler (ContextHandler.java:doStart(781)) - Started o.e.j.s.ServletContextHandler@5d7f8467{/static,jar:file:/home/user/.m2/repository/org/apache/hadoop/hadoop-hdds-container-service/0.5.0-SNAPSHOT/hadoop-hdds-container-service-0.5.0-SNAPSHOT.jar!/webapps/static,AVAILABLE}
2019-09-12 10:31:16,977 [main] INFO  handler.ContextHandler (ContextHandler.java:doStart(781)) - Started o.e.j.w.WebAppContext@2a484710{/,file:///tmp/jetty-0.0.0.0-34580-hddsDatanode-_-any-8953861246770068714.dir/webapp/,AVAILABLE}{/hddsDatanode}
2019-09-12 10:31:16,979 [main] INFO  server.AbstractConnector (AbstractConnector.java:doStart(278)) - Started ServerConnector@661e1399{HTTP/1.1,[http/1.1]}{0.0.0.0:34580}
2019-09-12 10:31:16,979 [main] INFO  server.Server (Server.java:doStart(419)) - Started @8318ms
2019-09-12 10:31:16,981 [main] INFO  server.BaseHttpServer (BaseHttpServer.java:updateConnectorAddress(213)) - HTTP server of HDDSDATANODE is listening at http://0.0.0.0:34580
2019-09-12 10:31:17,149 | INFO  | ObjectStoreRestHttpServer | Listening HDDS REST traffic on /0.0.0.0:41595 |  
2019-09-12 10:31:17,149 [main] INFO  ozone.HddsDatanodeService (HddsDatanodeService.java:startPlugins(395)) - Started plug-in org.apache.hadoop.ozone.web.OzoneHddsDatanodeService@6e8f2094
2019-09-12 10:31:17,150 [main] INFO  impl.MetricsSystemImpl (MetricsSystemImpl.java:init(158)) - HddsDatanode metrics system started (again)
2019-09-12 10:31:17,154 [org.apache.hadoop.util.JvmPauseMonitor$Monitor@5659ecc7] INFO  util.JvmPauseMonitor (JvmPauseMonitor.java:run(188)) - Starting JVM pause monitor
2019-09-12 10:31:17,155 [main] INFO  ozone.HddsDatanodeService (HddsDatanodeService.java:start(184)) - HddsDatanodeService host:pr-hdds-1569-58hkm-1881083799 ip:192.168.36.114
2019-09-12 10:31:17,156 [Datanode State Machine Thread - 0] INFO  datanode.InitDatanodeState (InitDatanodeState.java:persistContainerDatanodeDetails(140)) - DatanodeDetails is persisted to /workdir/hadoop-ozone/integration-test/target/test-dir/MiniOzoneClusterImpl-b2817a3f-1508-41b1-b0fd-9fa975eef5fc/datanode-5/meta/datanode.id
2019-09-12 10:31:17,162 [main] INFO  volume.HddsVolume (HddsVolume.java:<init>(176)) - Creating Volume: /workdir/hadoop-ozone/integration-test/target/test-dir/MiniOzoneClusterImpl-b2817a3f-1508-41b1-b0fd-9fa975eef5fc/datanode-6/data/containers/hdds of  storage type : DISK and capacity : 1482555576320
2019-09-12 10:31:17,162 [main] INFO  volume.VolumeSet (VolumeSet.java:initializeVolumeSet(170)) - Added Volume : /workdir/hadoop-ozone/integration-test/target/test-dir/MiniOzoneClusterImpl-b2817a3f-1508-41b1-b0fd-9fa975eef5fc/datanode-6/data/containers/hdds to VolumeSet
2019-09-12 10:31:17,163 [main] INFO  volume.ThrottledAsyncChecker (ThrottledAsyncChecker.java:schedule(140)) - Scheduling a check for org.apache.hadoop.ozone.container.common.volume.HddsVolume@58601e7a
2019-09-12 10:31:17,163 [main] INFO  volume.HddsVolumeChecker (HddsVolumeChecker.java:checkAllVolumes(203)) - Scheduled health check for volume org.apache.hadoop.ozone.container.common.volume.HddsVolume@58601e7a
2019-09-12 10:31:17,179 [main] INFO  impl.RaftServerProxy (ConfUtils.java:logGet(43)) - raft.rpc.type = GRPC (default)
2019-09-12 10:31:17,180 [main] INFO  grpc.GrpcFactory (GrpcFactory.java:checkPooledByteBufAllocatorUseCacheForAllThreads(45)) - PERFORMANCE WARNING: useCacheForAllThreads is true that may cause Netty to create a lot garbage objects and, as a result, trigger GC.
	It is recommended to disable useCacheForAllThreads by setting -Dorg.apache.ratis.thirdparty.io.netty.allocator.useCacheForAllThreads=false in command line.
2019-09-12 10:31:17,180 [main] INFO  grpc.GrpcConfigKeys$Server (ConfUtils.java:logGet(43)) - raft.grpc.server.port = 0 (default)
2019-09-12 10:31:17,180 [main] INFO  server.GrpcService (ConfUtils.java:logGet(43)) - raft.grpc.message.size.max = 33570816 (custom)
2019-09-12 10:31:17,180 [main] INFO  server.RaftServerConfigKeys (ConfUtils.java:logGet(43)) - raft.server.log.appender.buffer.byte-limit = 33554432 (custom)
2019-09-12 10:31:17,181 [main] INFO  server.GrpcService (ConfUtils.java:logGet(43)) - raft.grpc.flow.control.window = 1MB (=1048576) (default)
2019-09-12 10:31:17,181 [main] INFO  server.RaftServerConfigKeys (ConfUtils.java:logGet(43)) - raft.server.rpc.request.timeout = 3000ms (default)
2019-09-12 10:31:17,181 [main] INFO  server.RaftServerConfigKeys (ConfUtils.java:logGet(43)) - raft.server.storage.dir = [/workdir/hadoop-ozone/integration-test/target/test-dir/MiniOzoneClusterImpl-b2817a3f-1508-41b1-b0fd-9fa975eef5fc/datanode-6/data/ratis] (custom)
2019-09-12 10:31:17,182 [main] INFO  replication.SimpleContainerDownloader (SimpleContainerDownloader.java:<init>(72)) - Starting container downloader service to copy containers to replicate.
2019-09-12 10:31:17,183 [main] INFO  hdfs.DFSUtil (DFSUtil.java:httpServerTemplateForNNAndJN(1641)) - Starting Web-server for hddsDatanode at: http://0.0.0.0:0
2019-09-12 10:31:17,184 [main] INFO  server.AuthenticationFilter (AuthenticationFilter.java:constructSecretProvider(240)) - Unable to initialize FileSignerSecretProvider, falling back to use random secrets.
2019-09-12 10:31:17,185 [main] WARN  http.HttpRequestLog (HttpRequestLog.java:getRequestLog(97)) - Jetty request log can only be enabled using Log4j
2019-09-12 10:31:17,186 [main] INFO  http.HttpServer2 (HttpServer2.java:addGlobalFilter(975)) - Added global filter 'safety' (class=org.apache.hadoop.http.HttpServer2$QuotingInputFilter)
2019-09-12 10:31:17,187 [main] INFO  http.HttpServer2 (HttpServer2.java:addFilter(948)) - Added filter static_user_filter (class=org.apache.hadoop.http.lib.StaticUserWebFilter$StaticUserFilter) to context hddsDatanode
2019-09-12 10:31:17,187 [main] INFO  http.HttpServer2 (HttpServer2.java:addFilter(958)) - Added filter static_user_filter (class=org.apache.hadoop.http.lib.StaticUserWebFilter$StaticUserFilter) to context static
2019-09-12 10:31:17,187 [main] INFO  http.HttpServer2 (HttpServer2.java:addFilter(958)) - Added filter static_user_filter (class=org.apache.hadoop.http.lib.StaticUserWebFilter$StaticUserFilter) to context logs
2019-09-12 10:31:17,188 [main] INFO  http.HttpServer2 (HttpServer2.java:bindListener(1191)) - Jetty bound to port 35519
2019-09-12 10:31:17,188 [main] INFO  server.Server (Server.java:doStart(351)) - jetty-9.3.24.v20180605, build timestamp: 2018-06-05T17:11:56Z, git hash: 84205aa28f11a4f31f2a3b86d1bba2cc8ab69827
2019-09-12 10:31:17,189 [main] INFO  handler.ContextHandler (ContextHandler.java:doStart(781)) - Started o.e.j.s.ServletContextHandler@6a7a1a0d{/logs,file:///workdir/hadoop-ozone/integration-test/target/log,AVAILABLE}
2019-09-12 10:31:17,190 [main] INFO  handler.ContextHandler (ContextHandler.java:doStart(781)) - Started o.e.j.s.ServletContextHandler@76e6c070{/static,jar:file:/home/user/.m2/repository/org/apache/hadoop/hadoop-hdds-container-service/0.5.0-SNAPSHOT/hadoop-hdds-container-service-0.5.0-SNAPSHOT.jar!/webapps/static,AVAILABLE}
2019-09-12 10:31:17,219 [main] INFO  handler.ContextHandler (ContextHandler.java:doStart(781)) - Started o.e.j.w.WebAppContext@6ee37ca7{/,file:///tmp/jetty-0.0.0.0-35519-hddsDatanode-_-any-8953971680602065853.dir/webapp/,AVAILABLE}{/hddsDatanode}
2019-09-12 10:31:17,219 [main] INFO  server.AbstractConnector (AbstractConnector.java:doStart(278)) - Started ServerConnector@6775c0d1{HTTP/1.1,[http/1.1]}{0.0.0.0:35519}
2019-09-12 10:31:17,221 [main] INFO  server.Server (Server.java:doStart(419)) - Started @8559ms
2019-09-12 10:31:17,221 [main] INFO  server.BaseHttpServer (BaseHttpServer.java:updateConnectorAddress(213)) - HTTP server of HDDSDATANODE is listening at http://0.0.0.0:35519
2019-09-12 10:31:17,361 | INFO  | ObjectStoreRestHttpServer | Listening HDDS REST traffic on /0.0.0.0:35600 |  
2019-09-12 10:31:17,361 [main] INFO  ozone.HddsDatanodeService (HddsDatanodeService.java:startPlugins(395)) - Started plug-in org.apache.hadoop.ozone.web.OzoneHddsDatanodeService@7f8c3646
2019-09-12 10:31:17,365 [main] INFO  ozone.MiniOzoneClusterImpl (MiniOzoneClusterImpl.java:lambda$waitForClusterToBeReady$0(142)) - Waiting for cluster to be ready. Got 0 of 7 DN Heartbeats.
2019-09-12 10:31:17,365 [org.apache.hadoop.util.JvmPauseMonitor$Monitor@6892aff9] INFO  util.JvmPauseMonitor (JvmPauseMonitor.java:run(188)) - Starting JVM pause monitor
2019-09-12 10:31:17,368 [Datanode State Machine Thread - 0] INFO  datanode.InitDatanodeState (InitDatanodeState.java:persistContainerDatanodeDetails(140)) - DatanodeDetails is persisted to /workdir/hadoop-ozone/integration-test/target/test-dir/MiniOzoneClusterImpl-b2817a3f-1508-41b1-b0fd-9fa975eef5fc/datanode-6/meta/datanode.id
2019-09-12 10:31:17,808 | INFO  | SCMAudit | user=jenkins1000 | ip=192.168.36.114 | op=GET_VERSION null | ret=SUCCESS |  
2019-09-12 10:31:17,851 [Datanode State Machine Thread - 0] INFO  ozoneimpl.OzoneContainer (OzoneContainer.java:start(186)) - Attempting to start container services.
2019-09-12 10:31:17,853 [Datanode State Machine Thread - 0] INFO  ozoneimpl.OzoneContainer (OzoneContainer.java:startContainerScrub(160)) - Background container scrubber has been disabled by hdds.containerscrub.enabled
2019-09-12 10:31:17,853 [Datanode State Machine Thread - 0] INFO  ratis.XceiverServerRatis (XceiverServerRatis.java:start(404)) - Starting XceiverServerRatis c9031a36-5f7c-4098-8bea-8a46141708a6 at port 0
2019-09-12 10:31:17,877 [Datanode State Machine Thread - 0] INFO  impl.RaftServerProxy (RaftServerProxy.java:lambda$start$3(299)) - c9031a36-5f7c-4098-8bea-8a46141708a6: start RPC server
2019-09-12 10:31:18,007 [Datanode State Machine Thread - 0] INFO  server.GrpcService (GrpcService.java:startImpl(149)) - c9031a36-5f7c-4098-8bea-8a46141708a6: GrpcService started, listening on 0.0.0.0/0.0.0.0:41797
2019-09-12 10:31:18,008 [Datanode State Machine Thread - 0] INFO  ratis.XceiverServerRatis (XceiverServerRatis.java:start(414)) - XceiverServerRatis c9031a36-5f7c-4098-8bea-8a46141708a6 is started using port 41797
2019-09-12 10:31:18,010 [Datanode State Machine Thread - 0] INFO  server.XceiverServerGrpc (XceiverServerGrpc.java:start(163)) - XceiverServerGrpc c9031a36-5f7c-4098-8bea-8a46141708a6 is started using port 46666
2019-09-12 10:31:18,044 | INFO  | SCMAudit | user=jenkins1000 | ip=192.168.36.114 | op=GET_VERSION null | ret=SUCCESS |  
2019-09-12 10:31:18,060 [Datanode State Machine Thread - 0] INFO  ozoneimpl.OzoneContainer (OzoneContainer.java:start(186)) - Attempting to start container services.
2019-09-12 10:31:18,062 [Datanode State Machine Thread - 0] INFO  ozoneimpl.OzoneContainer (OzoneContainer.java:startContainerScrub(160)) - Background container scrubber has been disabled by hdds.containerscrub.enabled
2019-09-12 10:31:18,063 [Datanode State Machine Thread - 0] INFO  ratis.XceiverServerRatis (XceiverServerRatis.java:start(404)) - Starting XceiverServerRatis 2cb9d557-cb56-4745-8686-5e72b62e748a at port 0
2019-09-12 10:31:18,070 [Datanode State Machine Thread - 0] INFO  impl.RaftServerProxy (RaftServerProxy.java:lambda$start$3(299)) - 2cb9d557-cb56-4745-8686-5e72b62e748a: start RPC server
2019-09-12 10:31:18,073 [Datanode State Machine Thread - 0] INFO  server.GrpcService (GrpcService.java:startImpl(149)) - 2cb9d557-cb56-4745-8686-5e72b62e748a: GrpcService started, listening on 0.0.0.0/0.0.0.0:41494
2019-09-12 10:31:18,073 [Datanode State Machine Thread - 0] INFO  ratis.XceiverServerRatis (XceiverServerRatis.java:start(414)) - XceiverServerRatis 2cb9d557-cb56-4745-8686-5e72b62e748a is started using port 41494
2019-09-12 10:31:18,075 [Datanode State Machine Thread - 0] INFO  server.XceiverServerGrpc (XceiverServerGrpc.java:start(163)) - XceiverServerGrpc 2cb9d557-cb56-4745-8686-5e72b62e748a is started using port 46082
2019-09-12 10:31:18,315 | INFO  | SCMAudit | user=jenkins1000 | ip=192.168.36.114 | op=GET_VERSION null | ret=SUCCESS |  
2019-09-12 10:31:18,329 [Datanode State Machine Thread - 0] INFO  ozoneimpl.OzoneContainer (OzoneContainer.java:start(186)) - Attempting to start container services.
2019-09-12 10:31:18,334 [Datanode State Machine Thread - 0] INFO  ozoneimpl.OzoneContainer (OzoneContainer.java:startContainerScrub(160)) - Background container scrubber has been disabled by hdds.containerscrub.enabled
2019-09-12 10:31:18,334 [Datanode State Machine Thread - 0] INFO  ratis.XceiverServerRatis (XceiverServerRatis.java:start(404)) - Starting XceiverServerRatis eaeff1e2-de9c-4510-872d-283eb6c3c330 at port 0
2019-09-12 10:31:18,341 [Datanode State Machine Thread - 0] INFO  impl.RaftServerProxy (RaftServerProxy.java:lambda$start$3(299)) - eaeff1e2-de9c-4510-872d-283eb6c3c330: start RPC server
2019-09-12 10:31:18,345 [Datanode State Machine Thread - 0] INFO  server.GrpcService (GrpcService.java:startImpl(149)) - eaeff1e2-de9c-4510-872d-283eb6c3c330: GrpcService started, listening on 0.0.0.0/0.0.0.0:37393
2019-09-12 10:31:18,345 [Datanode State Machine Thread - 0] INFO  ratis.XceiverServerRatis (XceiverServerRatis.java:start(414)) - XceiverServerRatis eaeff1e2-de9c-4510-872d-283eb6c3c330 is started using port 37393
2019-09-12 10:31:18,348 [Datanode State Machine Thread - 0] INFO  server.XceiverServerGrpc (XceiverServerGrpc.java:start(163)) - XceiverServerGrpc eaeff1e2-de9c-4510-872d-283eb6c3c330 is started using port 35028
2019-09-12 10:31:18,365 [main] INFO  ozone.MiniOzoneClusterImpl (MiniOzoneClusterImpl.java:lambda$waitForClusterToBeReady$0(142)) - Waiting for cluster to be ready. Got 0 of 7 DN Heartbeats.
2019-09-12 10:31:18,559 | INFO  | SCMAudit | user=jenkins1000 | ip=192.168.36.114 | op=GET_VERSION null | ret=SUCCESS |  
2019-09-12 10:31:18,573 [Datanode State Machine Thread - 0] INFO  ozoneimpl.OzoneContainer (OzoneContainer.java:start(186)) - Attempting to start container services.
2019-09-12 10:31:18,574 [Datanode State Machine Thread - 0] INFO  ozoneimpl.OzoneContainer (OzoneContainer.java:startContainerScrub(160)) - Background container scrubber has been disabled by hdds.containerscrub.enabled
2019-09-12 10:31:18,574 [Datanode State Machine Thread - 0] INFO  ratis.XceiverServerRatis (XceiverServerRatis.java:start(404)) - Starting XceiverServerRatis f17b4253-95a0-4ee6-8ded-88f070f15b33 at port 0
2019-09-12 10:31:18,584 [Datanode State Machine Thread - 0] INFO  impl.RaftServerProxy (RaftServerProxy.java:lambda$start$3(299)) - f17b4253-95a0-4ee6-8ded-88f070f15b33: start RPC server
2019-09-12 10:31:18,587 [Datanode State Machine Thread - 0] INFO  server.GrpcService (GrpcService.java:startImpl(149)) - f17b4253-95a0-4ee6-8ded-88f070f15b33: GrpcService started, listening on 0.0.0.0/0.0.0.0:35683
2019-09-12 10:31:18,587 [Datanode State Machine Thread - 0] INFO  ratis.XceiverServerRatis (XceiverServerRatis.java:start(414)) - XceiverServerRatis f17b4253-95a0-4ee6-8ded-88f070f15b33 is started using port 35683
2019-09-12 10:31:18,589 [Datanode State Machine Thread - 0] INFO  server.XceiverServerGrpc (XceiverServerGrpc.java:start(163)) - XceiverServerGrpc f17b4253-95a0-4ee6-8ded-88f070f15b33 is started using port 42922
2019-09-12 10:31:18,808 | INFO  | SCMAudit | user=jenkins1000 | ip=192.168.36.114 | op=GET_VERSION null | ret=SUCCESS |  
2019-09-12 10:31:18,821 [Datanode State Machine Thread - 0] INFO  ozoneimpl.OzoneContainer (OzoneContainer.java:start(186)) - Attempting to start container services.
2019-09-12 10:31:18,822 [Datanode State Machine Thread - 0] INFO  ozoneimpl.OzoneContainer (OzoneContainer.java:startContainerScrub(160)) - Background container scrubber has been disabled by hdds.containerscrub.enabled
2019-09-12 10:31:18,822 [Datanode State Machine Thread - 0] INFO  ratis.XceiverServerRatis (XceiverServerRatis.java:start(404)) - Starting XceiverServerRatis 39df7a3f-9691-48d4-a2b1-6888489a5f8a at port 0
2019-09-12 10:31:18,835 [Datanode State Machine Thread - 0] INFO  impl.RaftServerProxy (RaftServerProxy.java:lambda$start$3(299)) - 39df7a3f-9691-48d4-a2b1-6888489a5f8a: start RPC server
2019-09-12 10:31:18,839 [Datanode State Machine Thread - 0] INFO  server.GrpcService (GrpcService.java:startImpl(149)) - 39df7a3f-9691-48d4-a2b1-6888489a5f8a: GrpcService started, listening on 0.0.0.0/0.0.0.0:35493
2019-09-12 10:31:18,840 [Datanode State Machine Thread - 0] INFO  ratis.XceiverServerRatis (XceiverServerRatis.java:start(414)) - XceiverServerRatis 39df7a3f-9691-48d4-a2b1-6888489a5f8a is started using port 35493
2019-09-12 10:31:18,842 [Datanode State Machine Thread - 0] INFO  server.XceiverServerGrpc (XceiverServerGrpc.java:start(163)) - XceiverServerGrpc 39df7a3f-9691-48d4-a2b1-6888489a5f8a is started using port 42801
2019-09-12 10:31:19,157 | INFO  | SCMAudit | user=jenkins1000 | ip=192.168.36.114 | op=GET_VERSION null | ret=SUCCESS |  
2019-09-12 10:31:19,171 [Datanode State Machine Thread - 0] INFO  ozoneimpl.OzoneContainer (OzoneContainer.java:start(186)) - Attempting to start container services.
2019-09-12 10:31:19,171 [Datanode State Machine Thread - 0] INFO  ozoneimpl.OzoneContainer (OzoneContainer.java:startContainerScrub(160)) - Background container scrubber has been disabled by hdds.containerscrub.enabled
2019-09-12 10:31:19,171 [Datanode State Machine Thread - 0] INFO  ratis.XceiverServerRatis (XceiverServerRatis.java:start(404)) - Starting XceiverServerRatis accf000b-d7b7-4fa5-9682-da82c4451e10 at port 0
2019-09-12 10:31:19,183 [Datanode State Machine Thread - 0] INFO  impl.RaftServerProxy (RaftServerProxy.java:lambda$start$3(299)) - accf000b-d7b7-4fa5-9682-da82c4451e10: start RPC server
2019-09-12 10:31:19,186 [Datanode State Machine Thread - 0] INFO  server.GrpcService (GrpcService.java:startImpl(149)) - accf000b-d7b7-4fa5-9682-da82c4451e10: GrpcService started, listening on 0.0.0.0/0.0.0.0:36033
2019-09-12 10:31:19,187 [Datanode State Machine Thread - 0] INFO  ratis.XceiverServerRatis (XceiverServerRatis.java:start(414)) - XceiverServerRatis accf000b-d7b7-4fa5-9682-da82c4451e10 is started using port 36033
2019-09-12 10:31:19,190 [Datanode State Machine Thread - 0] INFO  server.XceiverServerGrpc (XceiverServerGrpc.java:start(163)) - XceiverServerGrpc accf000b-d7b7-4fa5-9682-da82c4451e10 is started using port 38387
2019-09-12 10:31:19,367 [main] INFO  ozone.MiniOzoneClusterImpl (MiniOzoneClusterImpl.java:lambda$waitForClusterToBeReady$0(142)) - Waiting for cluster to be ready. Got 0 of 7 DN Heartbeats.
2019-09-12 10:31:19,368 | INFO  | SCMAudit | user=jenkins1000 | ip=192.168.36.114 | op=GET_VERSION null | ret=SUCCESS |  
2019-09-12 10:31:19,384 [Datanode State Machine Thread - 0] INFO  ozoneimpl.OzoneContainer (OzoneContainer.java:start(186)) - Attempting to start container services.
2019-09-12 10:31:19,384 [Datanode State Machine Thread - 0] INFO  ozoneimpl.OzoneContainer (OzoneContainer.java:startContainerScrub(160)) - Background container scrubber has been disabled by hdds.containerscrub.enabled
2019-09-12 10:31:19,384 [Datanode State Machine Thread - 0] INFO  ratis.XceiverServerRatis (XceiverServerRatis.java:start(404)) - Starting XceiverServerRatis c1e71898-521f-4627-a3f1-9884c4b96ced at port 0
2019-09-12 10:31:19,390 [Datanode State Machine Thread - 0] INFO  impl.RaftServerProxy (RaftServerProxy.java:lambda$start$3(299)) - c1e71898-521f-4627-a3f1-9884c4b96ced: start RPC server
2019-09-12 10:31:19,394 [Datanode State Machine Thread - 0] INFO  server.GrpcService (GrpcService.java:startImpl(149)) - c1e71898-521f-4627-a3f1-9884c4b96ced: GrpcService started, listening on 0.0.0.0/0.0.0.0:35690
2019-09-12 10:31:19,395 [Datanode State Machine Thread - 0] INFO  ratis.XceiverServerRatis (XceiverServerRatis.java:start(414)) - XceiverServerRatis c1e71898-521f-4627-a3f1-9884c4b96ced is started using port 35690
2019-09-12 10:31:19,399 [Datanode State Machine Thread - 0] INFO  server.XceiverServerGrpc (XceiverServerGrpc.java:start(163)) - XceiverServerGrpc c1e71898-521f-4627-a3f1-9884c4b96ced is started using port 43653
2019-09-12 10:31:19,822 [IPC Server handler 2 on 46037] INFO  net.NetworkTopology (NetworkTopologyImpl.java:add(110)) - Added a new node: /default-rack/c9031a36-5f7c-4098-8bea-8a46141708a6
2019-09-12 10:31:19,822 [IPC Server handler 2 on 46037] INFO  node.SCMNodeManager (SCMNodeManager.java:register(273)) - Registered Data node : c9031a36-5f7c-4098-8bea-8a46141708a6{ip: 192.168.36.114, host: pr-hdds-1569-58hkm-1881083799, networkLocation: /default-rack, certSerialId: null}
2019-09-12 10:31:19,828 [EventQueue-NodeRegistrationContainerReportForDataNodeSafeModeRule] INFO  safemode.SCMSafeModeManager (DataNodeSafeModeRule.java:process(71)) - SCM in safe mode. 1 DataNodes registered, 1 required.
2019-09-12 10:31:19,828 [EventQueue-NodeRegistrationContainerReportForDataNodeSafeModeRule] INFO  safemode.SCMSafeModeManager (SCMSafeModeManager.java:validateSafeModeExitRules(177)) - ScmSafeModeManager, all rules are successfully validated
2019-09-12 10:31:19,828 [EventQueue-NodeRegistrationContainerReportForDataNodeSafeModeRule] INFO  safemode.SCMSafeModeManager (SCMSafeModeManager.java:exitSafeMode(193)) - SCM exiting safe mode.
2019-09-12 10:31:19,837 | INFO  | SCMAudit | user=jenkins1000 | ip=192.168.36.114 | op=REGISTER {datanodeDetails=c9031a36-5f7c-4098-8bea-8a46141708a6{ip: 192.168.36.114, host: pr-hdds-1569-58hkm-1881083799, networkLocation: /default-rack, certSerialId: null}} | ret=SUCCESS |  
2019-09-12 10:31:20,047 [IPC Server handler 3 on 46037] INFO  net.NetworkTopology (NetworkTopologyImpl.java:add(110)) - Added a new node: /default-rack/2cb9d557-cb56-4745-8686-5e72b62e748a
2019-09-12 10:31:20,048 [IPC Server handler 3 on 46037] INFO  node.SCMNodeManager (SCMNodeManager.java:register(273)) - Registered Data node : 2cb9d557-cb56-4745-8686-5e72b62e748a{ip: 192.168.36.114, host: pr-hdds-1569-58hkm-1881083799, networkLocation: /default-rack, certSerialId: null}
2019-09-12 10:31:20,048 | INFO  | SCMAudit | user=jenkins1000 | ip=192.168.36.114 | op=REGISTER {datanodeDetails=2cb9d557-cb56-4745-8686-5e72b62e748a{ip: 192.168.36.114, host: pr-hdds-1569-58hkm-1881083799, networkLocation: /default-rack, certSerialId: null}} | ret=SUCCESS |  
2019-09-12 10:31:20,627 [main] INFO  ozone.MiniOzoneClusterImpl (MiniOzoneClusterImpl.java:lambda$waitForClusterToBeReady$0(142)) - Waiting for cluster to be ready. Got 2 of 7 DN Heartbeats.
2019-09-12 10:31:20,632 [IPC Server handler 5 on 46037] INFO  net.NetworkTopology (NetworkTopologyImpl.java:add(110)) - Added a new node: /default-rack/f17b4253-95a0-4ee6-8ded-88f070f15b33
2019-09-12 10:31:20,632 [IPC Server handler 7 on 46037] INFO  net.NetworkTopology (NetworkTopologyImpl.java:add(110)) - Added a new node: /default-rack/eaeff1e2-de9c-4510-872d-283eb6c3c330
2019-09-12 10:31:20,632 [IPC Server handler 5 on 46037] INFO  node.SCMNodeManager (SCMNodeManager.java:register(273)) - Registered Data node : f17b4253-95a0-4ee6-8ded-88f070f15b33{ip: 192.168.36.114, host: pr-hdds-1569-58hkm-1881083799, networkLocation: /default-rack, certSerialId: null}
2019-09-12 10:31:20,632 [IPC Server handler 7 on 46037] INFO  node.SCMNodeManager (SCMNodeManager.java:register(273)) - Registered Data node : eaeff1e2-de9c-4510-872d-283eb6c3c330{ip: 192.168.36.114, host: pr-hdds-1569-58hkm-1881083799, networkLocation: /default-rack, certSerialId: null}
2019-09-12 10:31:20,632 | INFO  | SCMAudit | user=jenkins1000 | ip=192.168.36.114 | op=REGISTER {datanodeDetails=f17b4253-95a0-4ee6-8ded-88f070f15b33{ip: 192.168.36.114, host: pr-hdds-1569-58hkm-1881083799, networkLocation: /default-rack, certSerialId: null}} | ret=SUCCESS |  
2019-09-12 10:31:20,633 | INFO  | SCMAudit | user=jenkins1000 | ip=192.168.36.114 | op=REGISTER {datanodeDetails=eaeff1e2-de9c-4510-872d-283eb6c3c330{ip: 192.168.36.114, host: pr-hdds-1569-58hkm-1881083799, networkLocation: /default-rack, certSerialId: null}} | ret=SUCCESS |  
2019-09-12 10:31:20,809 [IPC Server handler 0 on 46037] INFO  net.NetworkTopology (NetworkTopologyImpl.java:add(110)) - Added a new node: /default-rack/39df7a3f-9691-48d4-a2b1-6888489a5f8a
2019-09-12 10:31:20,809 [IPC Server handler 0 on 46037] INFO  node.SCMNodeManager (SCMNodeManager.java:register(273)) - Registered Data node : 39df7a3f-9691-48d4-a2b1-6888489a5f8a{ip: 192.168.36.114, host: pr-hdds-1569-58hkm-1881083799, networkLocation: /default-rack, certSerialId: null}
2019-09-12 10:31:20,810 | INFO  | SCMAudit | user=jenkins1000 | ip=192.168.36.114 | op=REGISTER {datanodeDetails=39df7a3f-9691-48d4-a2b1-6888489a5f8a{ip: 192.168.36.114, host: pr-hdds-1569-58hkm-1881083799, networkLocation: /default-rack, certSerialId: null}} | ret=SUCCESS |  
2019-09-12 10:31:20,860 [grpc-default-executor-0] INFO  impl.RaftServerProxy (RaftServerProxy.java:addNew(89)) - c9031a36-5f7c-4098-8bea-8a46141708a6: addNew group-BAF49E8056EE:[c9031a36-5f7c-4098-8bea-8a46141708a6:192.168.36.114:41797] returns group-BAF49E8056EE:java.util.concurrent.CompletableFuture@3235d7ea[Not completed]
2019-09-12 10:31:20,880 [pool-27-thread-1] INFO  impl.RaftServerImpl (RaftServerImpl.java:<init>(93)) - c9031a36-5f7c-4098-8bea-8a46141708a6: new RaftServerImpl for group-BAF49E8056EE:[c9031a36-5f7c-4098-8bea-8a46141708a6:192.168.36.114:41797] with ContainerStateMachine:uninitialized
2019-09-12 10:31:20,882 [pool-27-thread-1] INFO  server.RaftServerConfigKeys (ConfUtils.java:logGet(43)) - raft.server.rpc.timeout.min = 1s (custom)
2019-09-12 10:31:20,885 [pool-27-thread-1] INFO  server.RaftServerConfigKeys (ConfUtils.java:logGet(43)) - raft.server.rpc.timeout.max = 1200ms (custom)
2019-09-12 10:31:20,885 [pool-27-thread-1] INFO  server.RaftServerConfigKeys (ConfUtils.java:logGet(43)) - raft.server.rpcslowness.timeout = 120s (custom)
2019-09-12 10:31:20,886 [pool-27-thread-1] INFO  server.RaftServerConfigKeys (ConfUtils.java:logGet(43)) - raft.server.sleep.deviation.threshold = 300 (default)
2019-09-12 10:31:20,887 [pool-27-thread-1] INFO  server.RaftServerConfigKeys (ConfUtils.java:logGet(43)) - raft.server.log.appender.install.snapshot.enabled = false (custom)
2019-09-12 10:31:20,896 [pool-27-thread-1] INFO  impl.RaftServerImpl (ServerState.java:<init>(105)) - c9031a36-5f7c-4098-8bea-8a46141708a6:group-BAF49E8056EE ConfigurationManager, init=-1: [c9031a36-5f7c-4098-8bea-8a46141708a6:192.168.36.114:41797], old=null, confs=<EMPTY_MAP>
2019-09-12 10:31:20,897 [pool-27-thread-1] INFO  server.RaftServerConfigKeys (ConfUtils.java:logGet(43)) - raft.server.storage.dir = [/workdir/hadoop-ozone/integration-test/target/test-dir/MiniOzoneClusterImpl-b2817a3f-1508-41b1-b0fd-9fa975eef5fc/datanode-0/data/ratis] (custom)
2019-09-12 10:31:20,906 [pool-27-thread-1] INFO  storage.RaftStorageDirectory (RaftStorageDirectory.java:analyzeStorage(246)) - The storage directory /workdir/hadoop-ozone/integration-test/target/test-dir/MiniOzoneClusterImpl-b2817a3f-1508-41b1-b0fd-9fa975eef5fc/datanode-0/data/ratis/fcf2e820-72ea-4c4a-bb50-baf49e8056ee does not exist. Creating ...
2019-09-12 10:31:20,931 [pool-27-thread-1] INFO  storage.RaftStorageDirectory (RaftStorageDirectory.java:tryLock(328)) - Lock on /workdir/hadoop-ozone/integration-test/target/test-dir/MiniOzoneClusterImpl-b2817a3f-1508-41b1-b0fd-9fa975eef5fc/datanode-0/data/ratis/fcf2e820-72ea-4c4a-bb50-baf49e8056ee/in_use.lock acquired by nodename 1396@pr-hdds-1569-58hkm-1881083799
2019-09-12 10:31:20,943 [pool-27-thread-1] INFO  storage.RaftStorage (RaftStorage.java:format(72)) - Storage directory /workdir/hadoop-ozone/integration-test/target/test-dir/MiniOzoneClusterImpl-b2817a3f-1508-41b1-b0fd-9fa975eef5fc/datanode-0/data/ratis/fcf2e820-72ea-4c4a-bb50-baf49e8056ee has been successfully formatted.
2019-09-12 10:31:20,946 [pool-27-thread-1] INFO  ratis.ContainerStateMachine (ContainerStateMachine.java:loadSnapshot(226)) - group-BAF49E8056EE: The snapshot info is null. Setting the last applied indexto:(t:0, i:~)
2019-09-12 10:31:20,946 [pool-27-thread-1] INFO  server.RaftServerConfigKeys (ConfUtils.java:logGet(43)) - raft.server.leader.election.timeout = 120s (custom)
2019-09-12 10:31:20,948 [pool-27-thread-1] INFO  server.RaftServerConfigKeys (ConfUtils.java:logGet(43)) - raft.server.log.use.memory = false (default)
2019-09-12 10:31:20,953 [pool-27-thread-1] INFO  server.RaftServerConfigKeys (ConfUtils.java:logGet(43)) - raft.server.log.purge.gap = 1000000 (custom)
2019-09-12 10:31:20,953 [pool-27-thread-1] INFO  server.RaftServerConfigKeys (ConfUtils.java:logGet(43)) - raft.server.log.appender.buffer.byte-limit = 33554432 (custom)
2019-09-12 10:31:20,954 [pool-27-thread-1] INFO  server.RaftServerConfigKeys (ConfUtils.java:logGet(43)) - raft.server.log.segment.size.max = 1048576 (custom)
2019-09-12 10:31:20,958 [pool-27-thread-1] INFO  server.RaftServerConfigKeys (ConfUtils.java:logGet(43)) - raft.server.log.segment.cache.num.max = 2 (custom)
2019-09-12 10:31:20,963 [pool-27-thread-1] INFO  segmented.SegmentedRaftLogWorker (SegmentedRaftLogWorker.java:<init>(172)) - new c9031a36-5f7c-4098-8bea-8a46141708a6-SegmentedRaftLogWorker:Storage Directory /workdir/hadoop-ozone/integration-test/target/test-dir/MiniOzoneClusterImpl-b2817a3f-1508-41b1-b0fd-9fa975eef5fc/datanode-0/data/ratis/fcf2e820-72ea-4c4a-bb50-baf49e8056ee for RaftStorage:Storage Directory /workdir/hadoop-ozone/integration-test/target/test-dir/MiniOzoneClusterImpl-b2817a3f-1508-41b1-b0fd-9fa975eef5fc/datanode-0/data/ratis/fcf2e820-72ea-4c4a-bb50-baf49e8056ee
2019-09-12 10:31:20,974 [pool-27-thread-1] INFO  server.RaftServerConfigKeys (ConfUtils.java:logGet(43)) - raft.server.log.queue.byte-limit = 2147483647 (custom)
2019-09-12 10:31:20,974 [pool-27-thread-1] INFO  server.RaftServerConfigKeys (ConfUtils.java:logGet(43)) - raft.server.log.queue.element-limit = 1024 (custom)
2019-09-12 10:31:20,978 [pool-27-thread-1] INFO  server.RaftServerConfigKeys (ConfUtils.java:logGet(43)) - raft.server.log.segment.size.max = 1048576 (custom)
2019-09-12 10:31:20,979 [pool-27-thread-1] INFO  server.RaftServerConfigKeys (ConfUtils.java:logGet(43)) - raft.server.log.preallocated.size = 16384 (custom)
2019-09-12 10:31:20,979 [pool-27-thread-1] INFO  server.RaftServerConfigKeys (ConfUtils.java:logGet(43)) - raft.server.log.write.buffer.size = 33554432 (custom)
2019-09-12 10:31:20,980 [pool-27-thread-1] INFO  server.RaftServerConfigKeys (ConfUtils.java:logGet(43)) - raft.server.log.force.sync.num = 128 (default)
2019-09-12 10:31:20,981 [pool-27-thread-1] INFO  server.RaftServerConfigKeys (ConfUtils.java:logGet(43)) - raft.server.log.statemachine.data.sync = true (default)
2019-09-12 10:31:20,981 [pool-27-thread-1] INFO  server.RaftServerConfigKeys (ConfUtils.java:logGet(43)) - raft.server.log.statemachine.data.sync.timeout = 10s (default)
2019-09-12 10:31:20,982 [pool-27-thread-1] INFO  server.RaftServerConfigKeys (ConfUtils.java:logGet(43)) - raft.server.log.statemachine.data.sync.timeout.retry = -1 (default)
2019-09-12 10:31:20,991 [pool-27-thread-1] INFO  server.RaftServerConfigKeys (ConfUtils.java:logGet(43)) - raft.server.log.statemachine.data.caching.enabled = true (custom)
2019-09-12 10:31:20,996 [pool-27-thread-1] INFO  segmented.SegmentedRaftLogWorker (SegmentedRaftLogWorker.java:lambda$new$0(132)) - c9031a36-5f7c-4098-8bea-8a46141708a6-SegmentedRaftLogWorker:Storage Directory /workdir/hadoop-ozone/integration-test/target/test-dir/MiniOzoneClusterImpl-b2817a3f-1508-41b1-b0fd-9fa975eef5fc/datanode-0/data/ratis/fcf2e820-72ea-4c4a-bb50-baf49e8056ee: flushIndex: setUnconditionally 0 -> -1
2019-09-12 10:31:21,000 [pool-27-thread-1] INFO  server.RaftServerConfigKeys (ConfUtils.java:logGet(43)) - raft.server.snapshot.auto.trigger.enabled = true (custom)
2019-09-12 10:31:21,001 [pool-27-thread-1] INFO  server.RaftServerConfigKeys (ConfUtils.java:logGet(43)) - raft.server.snapshot.auto.trigger.threshold = 10000 (custom)
2019-09-12 10:31:21,002 [pool-27-thread-1] INFO  server.RaftServerConfigKeys (ConfUtils.java:logGet(43)) - raft.server.retrycache.expirytime = 600000ms (custom)
2019-09-12 10:31:21,022 [pool-27-thread-1] INFO  impl.RaftServerImpl (RaftServerImpl.java:start(180)) - c9031a36-5f7c-4098-8bea-8a46141708a6: start group-BAF49E8056EE
2019-09-12 10:31:21,023 [pool-27-thread-1] INFO  impl.RaftServerImpl (RaftServerImpl.java:setRole(171)) - c9031a36-5f7c-4098-8bea-8a46141708a6:group-BAF49E8056EE changes role from null to FOLLOWER at term 0 for startAsFollower
2019-09-12 10:31:21,024 [pool-27-thread-1] INFO  impl.RoleInfo (RoleInfo.java:updateAndGet(143)) - c9031a36-5f7c-4098-8bea-8a46141708a6: start FollowerState
2019-09-12 10:31:21,026 [pool-27-thread-1] INFO  util.JmxRegister (JmxRegister.java:tryRegister(44)) - Successfully registered JMX Bean with object name Ratis:service=RaftServer,group=group-BAF49E8056EE,id=c9031a36-5f7c-4098-8bea-8a46141708a6
2019-09-12 10:31:21,109 [RatisPipelineUtilsThread] INFO  pipeline.PipelineStateManager (PipelineStateManager.java:addPipeline(56)) - Created pipeline Pipeline[ Id: fcf2e820-72ea-4c4a-bb50-baf49e8056ee, Nodes: c9031a36-5f7c-4098-8bea-8a46141708a6{ip: 192.168.36.114, host: pr-hdds-1569-58hkm-1881083799, networkLocation: /default-rack, certSerialId: null}, Type:RATIS, Factor:ONE, State:OPEN]
2019-09-12 10:31:21,148 [grpc-default-executor-0] INFO  impl.RaftServerProxy (RaftServerProxy.java:addNew(89)) - f17b4253-95a0-4ee6-8ded-88f070f15b33: addNew group-6767E2F121B2:[f17b4253-95a0-4ee6-8ded-88f070f15b33:192.168.36.114:35683] returns group-6767E2F121B2:java.util.concurrent.CompletableFuture@f9d32cc[Not completed]
2019-09-12 10:31:21,193 [pool-60-thread-1] INFO  impl.RaftServerImpl (RaftServerImpl.java:<init>(93)) - f17b4253-95a0-4ee6-8ded-88f070f15b33: new RaftServerImpl for group-6767E2F121B2:[f17b4253-95a0-4ee6-8ded-88f070f15b33:192.168.36.114:35683] with ContainerStateMachine:uninitialized
2019-09-12 10:31:21,194 [pool-60-thread-1] INFO  server.RaftServerConfigKeys (ConfUtils.java:logGet(43)) - raft.server.rpc.timeout.min = 1s (custom)
2019-09-12 10:31:21,195 [pool-60-thread-1] INFO  server.RaftServerConfigKeys (ConfUtils.java:logGet(43)) - raft.server.rpc.timeout.max = 1200ms (custom)
2019-09-12 10:31:21,195 [IPC Server handler 1 on 46037] INFO  net.NetworkTopology (NetworkTopologyImpl.java:add(110)) - Added a new node: /default-rack/accf000b-d7b7-4fa5-9682-da82c4451e10
2019-09-12 10:31:21,195 [pool-60-thread-1] INFO  server.RaftServerConfigKeys (ConfUtils.java:logGet(43)) - raft.server.rpcslowness.timeout = 120s (custom)
2019-09-12 10:31:21,195 [IPC Server handler 1 on 46037] INFO  node.SCMNodeManager (SCMNodeManager.java:register(273)) - Registered Data node : accf000b-d7b7-4fa5-9682-da82c4451e10{ip: 192.168.36.114, host: pr-hdds-1569-58hkm-1881083799, networkLocation: /default-rack, certSerialId: null}
2019-09-12 10:31:21,195 [pool-60-thread-1] INFO  server.RaftServerConfigKeys (ConfUtils.java:logGet(43)) - raft.server.sleep.deviation.threshold = 300 (default)
2019-09-12 10:31:21,195 [pool-60-thread-1] INFO  server.RaftServerConfigKeys (ConfUtils.java:logGet(43)) - raft.server.log.appender.install.snapshot.enabled = false (custom)
2019-09-12 10:31:21,195 | INFO  | SCMAudit | user=jenkins1000 | ip=192.168.36.114 | op=REGISTER {datanodeDetails=accf000b-d7b7-4fa5-9682-da82c4451e10{ip: 192.168.36.114, host: pr-hdds-1569-58hkm-1881083799, networkLocation: /default-rack, certSerialId: null}} | ret=SUCCESS |  
2019-09-12 10:31:21,195 [pool-60-thread-1] INFO  impl.RaftServerImpl (ServerState.java:<init>(105)) - f17b4253-95a0-4ee6-8ded-88f070f15b33:group-6767E2F121B2 ConfigurationManager, init=-1: [f17b4253-95a0-4ee6-8ded-88f070f15b33:192.168.36.114:35683], old=null, confs=<EMPTY_MAP>
2019-09-12 10:31:21,195 [pool-60-thread-1] INFO  server.RaftServerConfigKeys (ConfUtils.java:logGet(43)) - raft.server.storage.dir = [/workdir/hadoop-ozone/integration-test/target/test-dir/MiniOzoneClusterImpl-b2817a3f-1508-41b1-b0fd-9fa975eef5fc/datanode-3/data/ratis] (custom)
2019-09-12 10:31:21,196 [pool-60-thread-1] INFO  storage.RaftStorageDirectory (RaftStorageDirectory.java:analyzeStorage(246)) - The storage directory /workdir/hadoop-ozone/integration-test/target/test-dir/MiniOzoneClusterImpl-b2817a3f-1508-41b1-b0fd-9fa975eef5fc/datanode-3/data/ratis/09bc4531-49ef-491d-9418-6767e2f121b2 does not exist. Creating ...
2019-09-12 10:31:21,221 [pool-60-thread-1] INFO  storage.RaftStorageDirectory (RaftStorageDirectory.java:tryLock(328)) - Lock on /workdir/hadoop-ozone/integration-test/target/test-dir/MiniOzoneClusterImpl-b2817a3f-1508-41b1-b0fd-9fa975eef5fc/datanode-3/data/ratis/09bc4531-49ef-491d-9418-6767e2f121b2/in_use.lock acquired by nodename 1396@pr-hdds-1569-58hkm-1881083799
2019-09-12 10:31:21,234 [pool-60-thread-1] INFO  storage.RaftStorage (RaftStorage.java:format(72)) - Storage directory /workdir/hadoop-ozone/integration-test/target/test-dir/MiniOzoneClusterImpl-b2817a3f-1508-41b1-b0fd-9fa975eef5fc/datanode-3/data/ratis/09bc4531-49ef-491d-9418-6767e2f121b2 has been successfully formatted.
2019-09-12 10:31:21,238 [pool-60-thread-1] INFO  ratis.ContainerStateMachine (ContainerStateMachine.java:loadSnapshot(226)) - group-6767E2F121B2: The snapshot info is null. Setting the last applied indexto:(t:0, i:~)
2019-09-12 10:31:21,240 [pool-60-thread-1] INFO  server.RaftServerConfigKeys (ConfUtils.java:logGet(43)) - raft.server.leader.election.timeout = 120s (custom)
2019-09-12 10:31:21,241 [pool-60-thread-1] INFO  server.RaftServerConfigKeys (ConfUtils.java:logGet(43)) - raft.server.log.use.memory = false (default)
2019-09-12 10:31:21,241 [pool-60-thread-1] INFO  server.RaftServerConfigKeys (ConfUtils.java:logGet(43)) - raft.server.log.purge.gap = 1000000 (custom)
2019-09-12 10:31:21,241 [pool-60-thread-1] INFO  server.RaftServerConfigKeys (ConfUtils.java:logGet(43)) - raft.server.log.appender.buffer.byte-limit = 33554432 (custom)
2019-09-12 10:31:21,241 [pool-60-thread-1] INFO  server.RaftServerConfigKeys (ConfUtils.java:logGet(43)) - raft.server.log.segment.size.max = 1048576 (custom)
2019-09-12 10:31:21,242 [pool-60-thread-1] INFO  server.RaftServerConfigKeys (ConfUtils.java:logGet(43)) - raft.server.log.segment.cache.num.max = 2 (custom)
2019-09-12 10:31:21,242 [pool-60-thread-1] INFO  segmented.SegmentedRaftLogWorker (SegmentedRaftLogWorker.java:<init>(172)) - new f17b4253-95a0-4ee6-8ded-88f070f15b33-SegmentedRaftLogWorker:Storage Directory /workdir/hadoop-ozone/integration-test/target/test-dir/MiniOzoneClusterImpl-b2817a3f-1508-41b1-b0fd-9fa975eef5fc/datanode-3/data/ratis/09bc4531-49ef-491d-9418-6767e2f121b2 for RaftStorage:Storage Directory /workdir/hadoop-ozone/integration-test/target/test-dir/MiniOzoneClusterImpl-b2817a3f-1508-41b1-b0fd-9fa975eef5fc/datanode-3/data/ratis/09bc4531-49ef-491d-9418-6767e2f121b2
2019-09-12 10:31:21,245 [pool-60-thread-1] INFO  server.RaftServerConfigKeys (ConfUtils.java:logGet(43)) - raft.server.log.queue.byte-limit = 2147483647 (custom)
2019-09-12 10:31:21,245 [pool-60-thread-1] INFO  server.RaftServerConfigKeys (ConfUtils.java:logGet(43)) - raft.server.log.queue.element-limit = 1024 (custom)
2019-09-12 10:31:21,245 [pool-60-thread-1] INFO  server.RaftServerConfigKeys (ConfUtils.java:logGet(43)) - raft.server.log.segment.size.max = 1048576 (custom)
2019-09-12 10:31:21,246 [pool-60-thread-1] INFO  server.RaftServerConfigKeys (ConfUtils.java:logGet(43)) - raft.server.log.preallocated.size = 16384 (custom)
2019-09-12 10:31:21,246 [pool-60-thread-1] INFO  server.RaftServerConfigKeys (ConfUtils.java:logGet(43)) - raft.server.log.write.buffer.size = 33554432 (custom)
2019-09-12 10:31:21,246 [pool-60-thread-1] INFO  server.RaftServerConfigKeys (ConfUtils.java:logGet(43)) - raft.server.log.force.sync.num = 128 (default)
2019-09-12 10:31:21,246 [pool-60-thread-1] INFO  server.RaftServerConfigKeys (ConfUtils.java:logGet(43)) - raft.server.log.statemachine.data.sync = true (default)
2019-09-12 10:31:21,246 [pool-60-thread-1] INFO  server.RaftServerConfigKeys (ConfUtils.java:logGet(43)) - raft.server.log.statemachine.data.sync.timeout = 10s (default)
2019-09-12 10:31:21,247 [pool-60-thread-1] INFO  server.RaftServerConfigKeys (ConfUtils.java:logGet(43)) - raft.server.log.statemachine.data.sync.timeout.retry = -1 (default)
2019-09-12 10:31:21,247 [pool-60-thread-1] INFO  server.RaftServerConfigKeys (ConfUtils.java:logGet(43)) - raft.server.log.statemachine.data.caching.enabled = true (custom)
2019-09-12 10:31:21,248 [pool-60-thread-1] INFO  segmented.SegmentedRaftLogWorker (SegmentedRaftLogWorker.java:lambda$new$0(132)) - f17b4253-95a0-4ee6-8ded-88f070f15b33-SegmentedRaftLogWorker:Storage Directory /workdir/hadoop-ozone/integration-test/target/test-dir/MiniOzoneClusterImpl-b2817a3f-1508-41b1-b0fd-9fa975eef5fc/datanode-3/data/ratis/09bc4531-49ef-491d-9418-6767e2f121b2: flushIndex: setUnconditionally 0 -> -1
2019-09-12 10:31:21,248 [pool-60-thread-1] INFO  server.RaftServerConfigKeys (ConfUtils.java:logGet(43)) - raft.server.snapshot.auto.trigger.enabled = true (custom)
2019-09-12 10:31:21,248 [pool-60-thread-1] INFO  server.RaftServerConfigKeys (ConfUtils.java:logGet(43)) - raft.server.snapshot.auto.trigger.threshold = 10000 (custom)
2019-09-12 10:31:21,249 [pool-60-thread-1] INFO  server.RaftServerConfigKeys (ConfUtils.java:logGet(43)) - raft.server.retrycache.expirytime = 600000ms (custom)
2019-09-12 10:31:21,249 [pool-60-thread-1] INFO  impl.RaftServerImpl (RaftServerImpl.java:start(180)) - f17b4253-95a0-4ee6-8ded-88f070f15b33: start group-6767E2F121B2
2019-09-12 10:31:21,249 [pool-60-thread-1] INFO  impl.RaftServerImpl (RaftServerImpl.java:setRole(171)) - f17b4253-95a0-4ee6-8ded-88f070f15b33:group-6767E2F121B2 changes role from null to FOLLOWER at term 0 for startAsFollower
2019-09-12 10:31:21,249 [pool-60-thread-1] INFO  impl.RoleInfo (RoleInfo.java:updateAndGet(143)) - f17b4253-95a0-4ee6-8ded-88f070f15b33: start FollowerState
2019-09-12 10:31:21,252 [pool-60-thread-1] INFO  util.JmxRegister (JmxRegister.java:tryRegister(44)) - Successfully registered JMX Bean with object name Ratis:service=RaftServer,group=group-6767E2F121B2,id=f17b4253-95a0-4ee6-8ded-88f070f15b33
2019-09-12 10:31:21,272 [RatisPipelineUtilsThread] INFO  pipeline.PipelineStateManager (PipelineStateManager.java:addPipeline(56)) - Created pipeline Pipeline[ Id: 09bc4531-49ef-491d-9418-6767e2f121b2, Nodes: f17b4253-95a0-4ee6-8ded-88f070f15b33{ip: 192.168.36.114, host: pr-hdds-1569-58hkm-1881083799, networkLocation: /default-rack, certSerialId: null}, Type:RATIS, Factor:ONE, State:OPEN]
2019-09-12 10:31:21,296 [grpc-default-executor-0] INFO  impl.RaftServerProxy (RaftServerProxy.java:addNew(89)) - c9031a36-5f7c-4098-8bea-8a46141708a6: addNew group-29CA1ACFED3F:[c9031a36-5f7c-4098-8bea-8a46141708a6:192.168.36.114:41797] returns group-29CA1ACFED3F:java.util.concurrent.CompletableFuture@536b3abb[Not completed]
2019-09-12 10:31:21,308 [pool-27-thread-1] INFO  impl.RaftServerImpl (RaftServerImpl.java:<init>(93)) - c9031a36-5f7c-4098-8bea-8a46141708a6: new RaftServerImpl for group-29CA1ACFED3F:[c9031a36-5f7c-4098-8bea-8a46141708a6:192.168.36.114:41797] with ContainerStateMachine:uninitialized
2019-09-12 10:31:21,308 [pool-27-thread-1] INFO  server.RaftServerConfigKeys (ConfUtils.java:logGet(43)) - raft.server.rpc.timeout.min = 1s (custom)
2019-09-12 10:31:21,308 [pool-27-thread-1] INFO  server.RaftServerConfigKeys (ConfUtils.java:logGet(43)) - raft.server.rpc.timeout.max = 1200ms (custom)
2019-09-12 10:31:21,308 [pool-27-thread-1] INFO  server.RaftServerConfigKeys (ConfUtils.java:logGet(43)) - raft.server.rpcslowness.timeout = 120s (custom)
2019-09-12 10:31:21,309 [pool-27-thread-1] INFO  server.RaftServerConfigKeys (ConfUtils.java:logGet(43)) - raft.server.sleep.deviation.threshold = 300 (default)
2019-09-12 10:31:21,309 [pool-27-thread-1] INFO  server.RaftServerConfigKeys (ConfUtils.java:logGet(43)) - raft.server.log.appender.install.snapshot.enabled = false (custom)
2019-09-12 10:31:21,309 [pool-27-thread-1] INFO  impl.RaftServerImpl (ServerState.java:<init>(105)) - c9031a36-5f7c-4098-8bea-8a46141708a6:group-29CA1ACFED3F ConfigurationManager, init=-1: [c9031a36-5f7c-4098-8bea-8a46141708a6:192.168.36.114:41797], old=null, confs=<EMPTY_MAP>
2019-09-12 10:31:21,309 [pool-27-thread-1] INFO  server.RaftServerConfigKeys (ConfUtils.java:logGet(43)) - raft.server.storage.dir = [/workdir/hadoop-ozone/integration-test/target/test-dir/MiniOzoneClusterImpl-b2817a3f-1508-41b1-b0fd-9fa975eef5fc/datanode-0/data/ratis] (custom)
2019-09-12 10:31:21,310 [pool-27-thread-1] INFO  storage.RaftStorageDirectory (RaftStorageDirectory.java:analyzeStorage(246)) - The storage directory /workdir/hadoop-ozone/integration-test/target/test-dir/MiniOzoneClusterImpl-b2817a3f-1508-41b1-b0fd-9fa975eef5fc/datanode-0/data/ratis/e1963732-69a4-4d59-abb4-29ca1acfed3f does not exist. Creating ...
2019-09-12 10:31:21,322 [pool-27-thread-1] INFO  storage.RaftStorageDirectory (RaftStorageDirectory.java:tryLock(328)) - Lock on /workdir/hadoop-ozone/integration-test/target/test-dir/MiniOzoneClusterImpl-b2817a3f-1508-41b1-b0fd-9fa975eef5fc/datanode-0/data/ratis/e1963732-69a4-4d59-abb4-29ca1acfed3f/in_use.lock acquired by nodename 1396@pr-hdds-1569-58hkm-1881083799
2019-09-12 10:31:21,335 [pool-27-thread-1] INFO  storage.RaftStorage (RaftStorage.java:format(72)) - Storage directory /workdir/hadoop-ozone/integration-test/target/test-dir/MiniOzoneClusterImpl-b2817a3f-1508-41b1-b0fd-9fa975eef5fc/datanode-0/data/ratis/e1963732-69a4-4d59-abb4-29ca1acfed3f has been successfully formatted.
2019-09-12 10:31:21,336 [pool-27-thread-1] INFO  ratis.ContainerStateMachine (ContainerStateMachine.java:loadSnapshot(226)) - group-29CA1ACFED3F: The snapshot info is null. Setting the last applied indexto:(t:0, i:~)
2019-09-12 10:31:21,336 [pool-27-thread-1] INFO  server.RaftServerConfigKeys (ConfUtils.java:logGet(43)) - raft.server.leader.election.timeout = 120s (custom)
2019-09-12 10:31:21,336 [pool-27-thread-1] INFO  server.RaftServerConfigKeys (ConfUtils.java:logGet(43)) - raft.server.log.use.memory = false (default)
2019-09-12 10:31:21,336 [pool-27-thread-1] INFO  server.RaftServerConfigKeys (ConfUtils.java:logGet(43)) - raft.server.log.purge.gap = 1000000 (custom)
2019-09-12 10:31:21,337 [pool-27-thread-1] INFO  server.RaftServerConfigKeys (ConfUtils.java:logGet(43)) - raft.server.log.appender.buffer.byte-limit = 33554432 (custom)
2019-09-12 10:31:21,337 [pool-27-thread-1] INFO  server.RaftServerConfigKeys (ConfUtils.java:logGet(43)) - raft.server.log.segment.size.max = 1048576 (custom)
2019-09-12 10:31:21,337 [pool-27-thread-1] INFO  server.RaftServerConfigKeys (ConfUtils.java:logGet(43)) - raft.server.log.segment.cache.num.max = 2 (custom)
2019-09-12 10:31:21,337 [pool-27-thread-1] INFO  segmented.SegmentedRaftLogWorker (SegmentedRaftLogWorker.java:<init>(172)) - new c9031a36-5f7c-4098-8bea-8a46141708a6-SegmentedRaftLogWorker:Storage Directory /workdir/hadoop-ozone/integration-test/target/test-dir/MiniOzoneClusterImpl-b2817a3f-1508-41b1-b0fd-9fa975eef5fc/datanode-0/data/ratis/e1963732-69a4-4d59-abb4-29ca1acfed3f for RaftStorage:Storage Directory /workdir/hadoop-ozone/integration-test/target/test-dir/MiniOzoneClusterImpl-b2817a3f-1508-41b1-b0fd-9fa975eef5fc/datanode-0/data/ratis/e1963732-69a4-4d59-abb4-29ca1acfed3f
2019-09-12 10:31:21,337 [pool-27-thread-1] INFO  server.RaftServerConfigKeys (ConfUtils.java:logGet(43)) - raft.server.log.queue.byte-limit = 2147483647 (custom)
2019-09-12 10:31:21,338 [pool-27-thread-1] INFO  server.RaftServerConfigKeys (ConfUtils.java:logGet(43)) - raft.server.log.queue.element-limit = 1024 (custom)
2019-09-12 10:31:21,338 [pool-27-thread-1] INFO  server.RaftServerConfigKeys (ConfUtils.java:logGet(43)) - raft.server.log.segment.size.max = 1048576 (custom)
2019-09-12 10:31:21,338 [pool-27-thread-1] INFO  server.RaftServerConfigKeys (ConfUtils.java:logGet(43)) - raft.server.log.preallocated.size = 16384 (custom)
2019-09-12 10:31:21,338 [pool-27-thread-1] INFO  server.RaftServerConfigKeys (ConfUtils.java:logGet(43)) - raft.server.log.write.buffer.size = 33554432 (custom)
2019-09-12 10:31:21,339 [pool-27-thread-1] INFO  server.RaftServerConfigKeys (ConfUtils.java:logGet(43)) - raft.server.log.force.sync.num = 128 (default)
2019-09-12 10:31:21,339 [pool-27-thread-1] INFO  server.RaftServerConfigKeys (ConfUtils.java:logGet(43)) - raft.server.log.statemachine.data.sync = true (default)
2019-09-12 10:31:21,339 [pool-27-thread-1] INFO  server.RaftServerConfigKeys (ConfUtils.java:logGet(43)) - raft.server.log.statemachine.data.sync.timeout = 10s (default)
2019-09-12 10:31:21,339 [pool-27-thread-1] INFO  server.RaftServerConfigKeys (ConfUtils.java:logGet(43)) - raft.server.log.statemachine.data.sync.timeout.retry = -1 (default)
2019-09-12 10:31:21,340 [pool-27-thread-1] INFO  server.RaftServerConfigKeys (ConfUtils.java:logGet(43)) - raft.server.log.statemachine.data.caching.enabled = true (custom)
2019-09-12 10:31:21,340 [pool-27-thread-1] INFO  segmented.SegmentedRaftLogWorker (SegmentedRaftLogWorker.java:lambda$new$0(132)) - c9031a36-5f7c-4098-8bea-8a46141708a6-SegmentedRaftLogWorker:Storage Directory /workdir/hadoop-ozone/integration-test/target/test-dir/MiniOzoneClusterImpl-b2817a3f-1508-41b1-b0fd-9fa975eef5fc/datanode-0/data/ratis/e1963732-69a4-4d59-abb4-29ca1acfed3f: flushIndex: setUnconditionally 0 -> -1
2019-09-12 10:31:21,340 [pool-27-thread-1] INFO  server.RaftServerConfigKeys (ConfUtils.java:logGet(43)) - raft.server.snapshot.auto.trigger.enabled = true (custom)
2019-09-12 10:31:21,340 [pool-27-thread-1] INFO  server.RaftServerConfigKeys (ConfUtils.java:logGet(43)) - raft.server.snapshot.auto.trigger.threshold = 10000 (custom)
2019-09-12 10:31:21,341 [pool-27-thread-1] INFO  server.RaftServerConfigKeys (ConfUtils.java:logGet(43)) - raft.server.retrycache.expirytime = 600000ms (custom)
2019-09-12 10:31:21,341 [pool-27-thread-1] INFO  impl.RaftServerImpl (RaftServerImpl.java:start(180)) - c9031a36-5f7c-4098-8bea-8a46141708a6: start group-29CA1ACFED3F
2019-09-12 10:31:21,341 [pool-27-thread-1] INFO  impl.RaftServerImpl (RaftServerImpl.java:setRole(171)) - c9031a36-5f7c-4098-8bea-8a46141708a6:group-29CA1ACFED3F changes role from null to FOLLOWER at term 0 for startAsFollower
2019-09-12 10:31:21,341 [pool-27-thread-1] INFO  impl.RoleInfo (RoleInfo.java:updateAndGet(143)) - c9031a36-5f7c-4098-8bea-8a46141708a6: start FollowerState
2019-09-12 10:31:21,342 [pool-27-thread-1] INFO  util.JmxRegister (JmxRegister.java:tryRegister(44)) - Successfully registered JMX Bean with object name Ratis:service=RaftServer,group=group-29CA1ACFED3F,id=c9031a36-5f7c-4098-8bea-8a46141708a6
2019-09-12 10:31:21,357 [RatisPipelineUtilsThread] INFO  pipeline.PipelineStateManager (PipelineStateManager.java:addPipeline(56)) - Created pipeline Pipeline[ Id: e1963732-69a4-4d59-abb4-29ca1acfed3f, Nodes: c9031a36-5f7c-4098-8bea-8a46141708a6{ip: 192.168.36.114, host: pr-hdds-1569-58hkm-1881083799, networkLocation: /default-rack, certSerialId: null}, Type:RATIS, Factor:ONE, State:OPEN]
2019-09-12 10:31:21,371 [IPC Server handler 7 on 46037] INFO  net.NetworkTopology (NetworkTopologyImpl.java:add(110)) - Added a new node: /default-rack/c1e71898-521f-4627-a3f1-9884c4b96ced
2019-09-12 10:31:21,372 [IPC Server handler 7 on 46037] INFO  node.SCMNodeManager (SCMNodeManager.java:register(273)) - Registered Data node : c1e71898-521f-4627-a3f1-9884c4b96ced{ip: 192.168.36.114, host: pr-hdds-1569-58hkm-1881083799, networkLocation: /default-rack, certSerialId: null}
2019-09-12 10:31:21,372 | INFO  | SCMAudit | user=jenkins1000 | ip=192.168.36.114 | op=REGISTER {datanodeDetails=c1e71898-521f-4627-a3f1-9884c4b96ced{ip: 192.168.36.114, host: pr-hdds-1569-58hkm-1881083799, networkLocation: /default-rack, certSerialId: null}} | ret=SUCCESS |  
2019-09-12 10:31:21,380 [grpc-default-executor-0] INFO  impl.RaftServerProxy (RaftServerProxy.java:addNew(89)) - eaeff1e2-de9c-4510-872d-283eb6c3c330: addNew group-BF00569F2AFA:[eaeff1e2-de9c-4510-872d-283eb6c3c330:192.168.36.114:37393] returns group-BF00569F2AFA:java.util.concurrent.CompletableFuture@653a3234[Not completed]
2019-09-12 10:31:21,383 [pool-49-thread-1] INFO  impl.RaftServerImpl (RaftServerImpl.java:<init>(93)) - eaeff1e2-de9c-4510-872d-283eb6c3c330: new RaftServerImpl for group-BF00569F2AFA:[eaeff1e2-de9c-4510-872d-283eb6c3c330:192.168.36.114:37393] with ContainerStateMachine:uninitialized
2019-09-12 10:31:21,383 [pool-49-thread-1] INFO  server.RaftServerConfigKeys (ConfUtils.java:logGet(43)) - raft.server.rpc.timeout.min = 1s (custom)
2019-09-12 10:31:21,383 [pool-49-thread-1] INFO  server.RaftServerConfigKeys (ConfUtils.java:logGet(43)) - raft.server.rpc.timeout.max = 1200ms (custom)
2019-09-12 10:31:21,384 [pool-49-thread-1] INFO  server.RaftServerConfigKeys (ConfUtils.java:logGet(43)) - raft.server.rpcslowness.timeout = 120s (custom)
2019-09-12 10:31:21,384 [pool-49-thread-1] INFO  server.RaftServerConfigKeys (ConfUtils.java:logGet(43)) - raft.server.sleep.deviation.threshold = 300 (default)
2019-09-12 10:31:21,384 [pool-49-thread-1] INFO  server.RaftServerConfigKeys (ConfUtils.java:logGet(43)) - raft.server.log.appender.install.snapshot.enabled = false (custom)
2019-09-12 10:31:21,384 [pool-49-thread-1] INFO  impl.RaftServerImpl (ServerState.java:<init>(105)) - eaeff1e2-de9c-4510-872d-283eb6c3c330:group-BF00569F2AFA ConfigurationManager, init=-1: [eaeff1e2-de9c-4510-872d-283eb6c3c330:192.168.36.114:37393], old=null, confs=<EMPTY_MAP>
2019-09-12 10:31:21,384 [pool-49-thread-1] INFO  server.RaftServerConfigKeys (ConfUtils.java:logGet(43)) - raft.server.storage.dir = [/workdir/hadoop-ozone/integration-test/target/test-dir/MiniOzoneClusterImpl-b2817a3f-1508-41b1-b0fd-9fa975eef5fc/datanode-2/data/ratis] (custom)
2019-09-12 10:31:21,385 [pool-49-thread-1] INFO  storage.RaftStorageDirectory (RaftStorageDirectory.java:analyzeStorage(246)) - The storage directory /workdir/hadoop-ozone/integration-test/target/test-dir/MiniOzoneClusterImpl-b2817a3f-1508-41b1-b0fd-9fa975eef5fc/datanode-2/data/ratis/7a463bd5-4ed5-4cb7-b419-bf00569f2afa does not exist. Creating ...
2019-09-12 10:31:21,397 [pool-49-thread-1] INFO  storage.RaftStorageDirectory (RaftStorageDirectory.java:tryLock(328)) - Lock on /workdir/hadoop-ozone/integration-test/target/test-dir/MiniOzoneClusterImpl-b2817a3f-1508-41b1-b0fd-9fa975eef5fc/datanode-2/data/ratis/7a463bd5-4ed5-4cb7-b419-bf00569f2afa/in_use.lock acquired by nodename 1396@pr-hdds-1569-58hkm-1881083799
2019-09-12 10:31:21,411 [pool-49-thread-1] INFO  storage.RaftStorage (RaftStorage.java:format(72)) - Storage directory /workdir/hadoop-ozone/integration-test/target/test-dir/MiniOzoneClusterImpl-b2817a3f-1508-41b1-b0fd-9fa975eef5fc/datanode-2/data/ratis/7a463bd5-4ed5-4cb7-b419-bf00569f2afa has been successfully formatted.
2019-09-12 10:31:21,411 [pool-49-thread-1] INFO  ratis.ContainerStateMachine (ContainerStateMachine.java:loadSnapshot(226)) - group-BF00569F2AFA: The snapshot info is null. Setting the last applied indexto:(t:0, i:~)
2019-09-12 10:31:21,411 [pool-49-thread-1] INFO  server.RaftServerConfigKeys (ConfUtils.java:logGet(43)) - raft.server.leader.election.timeout = 120s (custom)
2019-09-12 10:31:21,411 [pool-49-thread-1] INFO  server.RaftServerConfigKeys (ConfUtils.java:logGet(43)) - raft.server.log.use.memory = false (default)
2019-09-12 10:31:21,412 [pool-49-thread-1] INFO  server.RaftServerConfigKeys (ConfUtils.java:logGet(43)) - raft.server.log.purge.gap = 1000000 (custom)
2019-09-12 10:31:21,412 [pool-49-thread-1] INFO  server.RaftServerConfigKeys (ConfUtils.java:logGet(43)) - raft.server.log.appender.buffer.byte-limit = 33554432 (custom)
2019-09-12 10:31:21,412 [pool-49-thread-1] INFO  server.RaftServerConfigKeys (ConfUtils.java:logGet(43)) - raft.server.log.segment.size.max = 1048576 (custom)
2019-09-12 10:31:21,412 [pool-49-thread-1] INFO  server.RaftServerConfigKeys (ConfUtils.java:logGet(43)) - raft.server.log.segment.cache.num.max = 2 (custom)
2019-09-12 10:31:21,412 [pool-49-thread-1] INFO  segmented.SegmentedRaftLogWorker (SegmentedRaftLogWorker.java:<init>(172)) - new eaeff1e2-de9c-4510-872d-283eb6c3c330-SegmentedRaftLogWorker:Storage Directory /workdir/hadoop-ozone/integration-test/target/test-dir/MiniOzoneClusterImpl-b2817a3f-1508-41b1-b0fd-9fa975eef5fc/datanode-2/data/ratis/7a463bd5-4ed5-4cb7-b419-bf00569f2afa for RaftStorage:Storage Directory /workdir/hadoop-ozone/integration-test/target/test-dir/MiniOzoneClusterImpl-b2817a3f-1508-41b1-b0fd-9fa975eef5fc/datanode-2/data/ratis/7a463bd5-4ed5-4cb7-b419-bf00569f2afa
2019-09-12 10:31:21,412 [pool-49-thread-1] INFO  server.RaftServerConfigKeys (ConfUtils.java:logGet(43)) - raft.server.log.queue.byte-limit = 2147483647 (custom)
2019-09-12 10:31:21,413 [pool-49-thread-1] INFO  server.RaftServerConfigKeys (ConfUtils.java:logGet(43)) - raft.server.log.queue.element-limit = 1024 (custom)
2019-09-12 10:31:21,413 [pool-49-thread-1] INFO  server.RaftServerConfigKeys (ConfUtils.java:logGet(43)) - raft.server.log.segment.size.max = 1048576 (custom)
2019-09-12 10:31:21,413 [pool-49-thread-1] INFO  server.RaftServerConfigKeys (ConfUtils.java:logGet(43)) - raft.server.log.preallocated.size = 16384 (custom)
2019-09-12 10:31:21,413 [pool-49-thread-1] INFO  server.RaftServerConfigKeys (ConfUtils.java:logGet(43)) - raft.server.log.write.buffer.size = 33554432 (custom)
2019-09-12 10:31:21,413 [pool-49-thread-1] INFO  server.RaftServerConfigKeys (ConfUtils.java:logGet(43)) - raft.server.log.force.sync.num = 128 (default)
2019-09-12 10:31:21,414 [pool-49-thread-1] INFO  server.RaftServerConfigKeys (ConfUtils.java:logGet(43)) - raft.server.log.statemachine.data.sync = true (default)
2019-09-12 10:31:21,414 [pool-49-thread-1] INFO  server.RaftServerConfigKeys (ConfUtils.java:logGet(43)) - raft.server.log.statemachine.data.sync.timeout = 10s (default)
2019-09-12 10:31:21,414 [pool-49-thread-1] INFO  server.RaftServerConfigKeys (ConfUtils.java:logGet(43)) - raft.server.log.statemachine.data.sync.timeout.retry = -1 (default)
2019-09-12 10:31:21,414 [pool-49-thread-1] INFO  server.RaftServerConfigKeys (ConfUtils.java:logGet(43)) - raft.server.log.statemachine.data.caching.enabled = true (custom)
2019-09-12 10:31:21,415 [pool-49-thread-1] INFO  segmented.SegmentedRaftLogWorker (SegmentedRaftLogWorker.java:lambda$new$0(132)) - eaeff1e2-de9c-4510-872d-283eb6c3c330-SegmentedRaftLogWorker:Storage Directory /workdir/hadoop-ozone/integration-test/target/test-dir/MiniOzoneClusterImpl-b2817a3f-1508-41b1-b0fd-9fa975eef5fc/datanode-2/data/ratis/7a463bd5-4ed5-4cb7-b419-bf00569f2afa: flushIndex: setUnconditionally 0 -> -1
2019-09-12 10:31:21,415 [pool-49-thread-1] INFO  server.RaftServerConfigKeys (ConfUtils.java:logGet(43)) - raft.server.snapshot.auto.trigger.enabled = true (custom)
2019-09-12 10:31:21,415 [pool-49-thread-1] INFO  server.RaftServerConfigKeys (ConfUtils.java:logGet(43)) - raft.server.snapshot.auto.trigger.threshold = 10000 (custom)
2019-09-12 10:31:21,416 [pool-49-thread-1] INFO  server.RaftServerConfigKeys (ConfUtils.java:logGet(43)) - raft.server.retrycache.expirytime = 600000ms (custom)
2019-09-12 10:31:21,416 [pool-49-thread-1] INFO  impl.RaftServerImpl (RaftServerImpl.java:start(180)) - eaeff1e2-de9c-4510-872d-283eb6c3c330: start group-BF00569F2AFA
2019-09-12 10:31:21,416 [pool-49-thread-1] INFO  impl.RaftServerImpl (RaftServerImpl.java:setRole(171)) - eaeff1e2-de9c-4510-872d-283eb6c3c330:group-BF00569F2AFA changes role from null to FOLLOWER at term 0 for startAsFollower
2019-09-12 10:31:21,416 [pool-49-thread-1] INFO  impl.RoleInfo (RoleInfo.java:updateAndGet(143)) - eaeff1e2-de9c-4510-872d-283eb6c3c330: start FollowerState
2019-09-12 10:31:21,417 [pool-49-thread-1] INFO  util.JmxRegister (JmxRegister.java:tryRegister(44)) - Successfully registered JMX Bean with object name Ratis:service=RaftServer,group=group-BF00569F2AFA,id=eaeff1e2-de9c-4510-872d-283eb6c3c330
2019-09-12 10:31:21,428 [RatisPipelineUtilsThread] INFO  pipeline.PipelineStateManager (PipelineStateManager.java:addPipeline(56)) - Created pipeline Pipeline[ Id: 7a463bd5-4ed5-4cb7-b419-bf00569f2afa, Nodes: eaeff1e2-de9c-4510-872d-283eb6c3c330{ip: 192.168.36.114, host: pr-hdds-1569-58hkm-1881083799, networkLocation: /default-rack, certSerialId: null}, Type:RATIS, Factor:ONE, State:OPEN]
2019-09-12 10:31:21,448 [grpc-default-executor-0] INFO  impl.RaftServerProxy (RaftServerProxy.java:addNew(89)) - c9031a36-5f7c-4098-8bea-8a46141708a6: addNew group-629B1A38EB7F:[c9031a36-5f7c-4098-8bea-8a46141708a6:192.168.36.114:41797] returns group-629B1A38EB7F:java.util.concurrent.CompletableFuture@5d82fe5d[Not completed]
2019-09-12 10:31:21,449 [pool-27-thread-1] INFO  impl.RaftServerImpl (RaftServerImpl.java:<init>(93)) - c9031a36-5f7c-4098-8bea-8a46141708a6: new RaftServerImpl for group-629B1A38EB7F:[c9031a36-5f7c-4098-8bea-8a46141708a6:192.168.36.114:41797] with ContainerStateMachine:uninitialized
2019-09-12 10:31:21,450 [pool-27-thread-1] INFO  server.RaftServerConfigKeys (ConfUtils.java:logGet(43)) - raft.server.rpc.timeout.min = 1s (custom)
2019-09-12 10:31:21,450 [pool-27-thread-1] INFO  server.RaftServerConfigKeys (ConfUtils.java:logGet(43)) - raft.server.rpc.timeout.max = 1200ms (custom)
2019-09-12 10:31:21,450 [pool-27-thread-1] INFO  server.RaftServerConfigKeys (ConfUtils.java:logGet(43)) - raft.server.rpcslowness.timeout = 120s (custom)
2019-09-12 10:31:21,450 [pool-27-thread-1] INFO  server.RaftServerConfigKeys (ConfUtils.java:logGet(43)) - raft.server.sleep.deviation.threshold = 300 (default)
2019-09-12 10:31:21,450 [pool-27-thread-1] INFO  server.RaftServerConfigKeys (ConfUtils.java:logGet(43)) - raft.server.log.appender.install.snapshot.enabled = false (custom)
2019-09-12 10:31:21,450 [pool-27-thread-1] INFO  impl.RaftServerImpl (ServerState.java:<init>(105)) - c9031a36-5f7c-4098-8bea-8a46141708a6:group-629B1A38EB7F ConfigurationManager, init=-1: [c9031a36-5f7c-4098-8bea-8a46141708a6:192.168.36.114:41797], old=null, confs=<EMPTY_MAP>
2019-09-12 10:31:21,451 [pool-27-thread-1] INFO  server.RaftServerConfigKeys (ConfUtils.java:logGet(43)) - raft.server.storage.dir = [/workdir/hadoop-ozone/integration-test/target/test-dir/MiniOzoneClusterImpl-b2817a3f-1508-41b1-b0fd-9fa975eef5fc/datanode-0/data/ratis] (custom)
2019-09-12 10:31:21,451 [pool-27-thread-1] INFO  storage.RaftStorageDirectory (RaftStorageDirectory.java:analyzeStorage(246)) - The storage directory /workdir/hadoop-ozone/integration-test/target/test-dir/MiniOzoneClusterImpl-b2817a3f-1508-41b1-b0fd-9fa975eef5fc/datanode-0/data/ratis/4626a122-2a34-401d-ba66-629b1a38eb7f does not exist. Creating ...
2019-09-12 10:31:21,463 [pool-27-thread-1] INFO  storage.RaftStorageDirectory (RaftStorageDirectory.java:tryLock(328)) - Lock on /workdir/hadoop-ozone/integration-test/target/test-dir/MiniOzoneClusterImpl-b2817a3f-1508-41b1-b0fd-9fa975eef5fc/datanode-0/data/ratis/4626a122-2a34-401d-ba66-629b1a38eb7f/in_use.lock acquired by nodename 1396@pr-hdds-1569-58hkm-1881083799
2019-09-12 10:31:21,497 [pool-27-thread-1] INFO  storage.RaftStorage (RaftStorage.java:format(72)) - Storage directory /workdir/hadoop-ozone/integration-test/target/test-dir/MiniOzoneClusterImpl-b2817a3f-1508-41b1-b0fd-9fa975eef5fc/datanode-0/data/ratis/4626a122-2a34-401d-ba66-629b1a38eb7f has been successfully formatted.
2019-09-12 10:31:21,498 [pool-27-thread-1] INFO  ratis.ContainerStateMachine (ContainerStateMachine.java:loadSnapshot(226)) - group-629B1A38EB7F: The snapshot info is null. Setting the last applied indexto:(t:0, i:~)
2019-09-12 10:31:21,498 [pool-27-thread-1] INFO  server.RaftServerConfigKeys (ConfUtils.java:logGet(43)) - raft.server.leader.election.timeout = 120s (custom)
2019-09-12 10:31:21,498 [pool-27-thread-1] INFO  server.RaftServerConfigKeys (ConfUtils.java:logGet(43)) - raft.server.log.use.memory = false (default)
2019-09-12 10:31:21,499 [pool-27-thread-1] INFO  server.RaftServerConfigKeys (ConfUtils.java:logGet(43)) - raft.server.log.purge.gap = 1000000 (custom)
2019-09-12 10:31:21,499 [pool-27-thread-1] INFO  server.RaftServerConfigKeys (ConfUtils.java:logGet(43)) - raft.server.log.appender.buffer.byte-limit = 33554432 (custom)
2019-09-12 10:31:21,499 [pool-27-thread-1] INFO  server.RaftServerConfigKeys (ConfUtils.java:logGet(43)) - raft.server.log.segment.size.max = 1048576 (custom)
2019-09-12 10:31:21,499 [pool-27-thread-1] INFO  server.RaftServerConfigKeys (ConfUtils.java:logGet(43)) - raft.server.log.segment.cache.num.max = 2 (custom)
2019-09-12 10:31:21,499 [pool-27-thread-1] INFO  segmented.SegmentedRaftLogWorker (SegmentedRaftLogWorker.java:<init>(172)) - new c9031a36-5f7c-4098-8bea-8a46141708a6-SegmentedRaftLogWorker:Storage Directory /workdir/hadoop-ozone/integration-test/target/test-dir/MiniOzoneClusterImpl-b2817a3f-1508-41b1-b0fd-9fa975eef5fc/datanode-0/data/ratis/4626a122-2a34-401d-ba66-629b1a38eb7f for RaftStorage:Storage Directory /workdir/hadoop-ozone/integration-test/target/test-dir/MiniOzoneClusterImpl-b2817a3f-1508-41b1-b0fd-9fa975eef5fc/datanode-0/data/ratis/4626a122-2a34-401d-ba66-629b1a38eb7f
2019-09-12 10:31:21,499 [pool-27-thread-1] INFO  server.RaftServerConfigKeys (ConfUtils.java:logGet(43)) - raft.server.log.queue.byte-limit = 2147483647 (custom)
2019-09-12 10:31:21,500 [pool-27-thread-1] INFO  server.RaftServerConfigKeys (ConfUtils.java:logGet(43)) - raft.server.log.queue.element-limit = 1024 (custom)
2019-09-12 10:31:21,500 [pool-27-thread-1] INFO  server.RaftServerConfigKeys (ConfUtils.java:logGet(43)) - raft.server.log.segment.size.max = 1048576 (custom)
2019-09-12 10:31:21,500 [pool-27-thread-1] INFO  server.RaftServerConfigKeys (ConfUtils.java:logGet(43)) - raft.server.log.preallocated.size = 16384 (custom)
2019-09-12 10:31:21,500 [pool-27-thread-1] INFO  server.RaftServerConfigKeys (ConfUtils.java:logGet(43)) - raft.server.log.write.buffer.size = 33554432 (custom)
2019-09-12 10:31:21,500 [pool-27-thread-1] INFO  server.RaftServerConfigKeys (ConfUtils.java:logGet(43)) - raft.server.log.force.sync.num = 128 (default)
2019-09-12 10:31:21,501 [pool-27-thread-1] INFO  server.RaftServerConfigKeys (ConfUtils.java:logGet(43)) - raft.server.log.statemachine.data.sync = true (default)
2019-09-12 10:31:21,501 [pool-27-thread-1] INFO  server.RaftServerConfigKeys (ConfUtils.java:logGet(43)) - raft.server.log.statemachine.data.sync.timeout = 10s (default)
2019-09-12 10:31:21,501 [pool-27-thread-1] INFO  server.RaftServerConfigKeys (ConfUtils.java:logGet(43)) - raft.server.log.statemachine.data.sync.timeout.retry = -1 (default)
2019-09-12 10:31:21,501 [pool-27-thread-1] INFO  server.RaftServerConfigKeys (ConfUtils.java:logGet(43)) - raft.server.log.statemachine.data.caching.enabled = true (custom)
2019-09-12 10:31:21,502 [pool-27-thread-1] INFO  segmented.SegmentedRaftLogWorker (SegmentedRaftLogWorker.java:lambda$new$0(132)) - c9031a36-5f7c-4098-8bea-8a46141708a6-SegmentedRaftLogWorker:Storage Directory /workdir/hadoop-ozone/integration-test/target/test-dir/MiniOzoneClusterImpl-b2817a3f-1508-41b1-b0fd-9fa975eef5fc/datanode-0/data/ratis/4626a122-2a34-401d-ba66-629b1a38eb7f: flushIndex: setUnconditionally 0 -> -1
2019-09-12 10:31:21,502 [pool-27-thread-1] INFO  server.RaftServerConfigKeys (ConfUtils.java:logGet(43)) - raft.server.snapshot.auto.trigger.enabled = true (custom)
2019-09-12 10:31:21,502 [pool-27-thread-1] INFO  server.RaftServerConfigKeys (ConfUtils.java:logGet(43)) - raft.server.snapshot.auto.trigger.threshold = 10000 (custom)
2019-09-12 10:31:21,503 [pool-27-thread-1] INFO  server.RaftServerConfigKeys (ConfUtils.java:logGet(43)) - raft.server.retrycache.expirytime = 600000ms (custom)
2019-09-12 10:31:21,503 [pool-27-thread-1] INFO  impl.RaftServerImpl (RaftServerImpl.java:start(180)) - c9031a36-5f7c-4098-8bea-8a46141708a6: start group-629B1A38EB7F
2019-09-12 10:31:21,503 [pool-27-thread-1] INFO  impl.RaftServerImpl (RaftServerImpl.java:setRole(171)) - c9031a36-5f7c-4098-8bea-8a46141708a6:group-629B1A38EB7F changes role from null to FOLLOWER at term 0 for startAsFollower
2019-09-12 10:31:21,503 [pool-27-thread-1] INFO  impl.RoleInfo (RoleInfo.java:updateAndGet(143)) - c9031a36-5f7c-4098-8bea-8a46141708a6: start FollowerState
2019-09-12 10:31:21,504 [pool-27-thread-1] INFO  util.JmxRegister (JmxRegister.java:tryRegister(44)) - Successfully registered JMX Bean with object name Ratis:service=RaftServer,group=group-629B1A38EB7F,id=c9031a36-5f7c-4098-8bea-8a46141708a6
2019-09-12 10:31:21,516 [RatisPipelineUtilsThread] INFO  pipeline.PipelineStateManager (PipelineStateManager.java:addPipeline(56)) - Created pipeline Pipeline[ Id: 4626a122-2a34-401d-ba66-629b1a38eb7f, Nodes: c9031a36-5f7c-4098-8bea-8a46141708a6{ip: 192.168.36.114, host: pr-hdds-1569-58hkm-1881083799, networkLocation: /default-rack, certSerialId: null}, Type:RATIS, Factor:ONE, State:OPEN]
2019-09-12 10:31:21,544 [grpc-default-executor-0] INFO  impl.RaftServerProxy (RaftServerProxy.java:addNew(89)) - 2cb9d557-cb56-4745-8686-5e72b62e748a: addNew group-322254C97598:[2cb9d557-cb56-4745-8686-5e72b62e748a:192.168.36.114:41494] returns group-322254C97598:java.util.concurrent.CompletableFuture@4b29fa53[Not completed]
2019-09-12 10:31:21,546 [pool-38-thread-1] INFO  impl.RaftServerImpl (RaftServerImpl.java:<init>(93)) - 2cb9d557-cb56-4745-8686-5e72b62e748a: new RaftServerImpl for group-322254C97598:[2cb9d557-cb56-4745-8686-5e72b62e748a:192.168.36.114:41494] with ContainerStateMachine:uninitialized
2019-09-12 10:31:21,546 [pool-38-thread-1] INFO  server.RaftServerConfigKeys (ConfUtils.java:logGet(43)) - raft.server.rpc.timeout.min = 1s (custom)
2019-09-12 10:31:21,546 [pool-38-thread-1] INFO  server.RaftServerConfigKeys (ConfUtils.java:logGet(43)) - raft.server.rpc.timeout.max = 1200ms (custom)
2019-09-12 10:31:21,546 [pool-38-thread-1] INFO  server.RaftServerConfigKeys (ConfUtils.java:logGet(43)) - raft.server.rpcslowness.timeout = 120s (custom)
2019-09-12 10:31:21,547 [pool-38-thread-1] INFO  server.RaftServerConfigKeys (ConfUtils.java:logGet(43)) - raft.server.sleep.deviation.threshold = 300 (default)
2019-09-12 10:31:21,547 [pool-38-thread-1] INFO  server.RaftServerConfigKeys (ConfUtils.java:logGet(43)) - raft.server.log.appender.install.snapshot.enabled = false (custom)
2019-09-12 10:31:21,547 [pool-38-thread-1] INFO  impl.RaftServerImpl (ServerState.java:<init>(105)) - 2cb9d557-cb56-4745-8686-5e72b62e748a:group-322254C97598 ConfigurationManager, init=-1: [2cb9d557-cb56-4745-8686-5e72b62e748a:192.168.36.114:41494], old=null, confs=<EMPTY_MAP>
2019-09-12 10:31:21,547 [pool-38-thread-1] INFO  server.RaftServerConfigKeys (ConfUtils.java:logGet(43)) - raft.server.storage.dir = [/workdir/hadoop-ozone/integration-test/target/test-dir/MiniOzoneClusterImpl-b2817a3f-1508-41b1-b0fd-9fa975eef5fc/datanode-1/data/ratis] (custom)
2019-09-12 10:31:21,548 [pool-38-thread-1] INFO  storage.RaftStorageDirectory (RaftStorageDirectory.java:analyzeStorage(246)) - The storage directory /workdir/hadoop-ozone/integration-test/target/test-dir/MiniOzoneClusterImpl-b2817a3f-1508-41b1-b0fd-9fa975eef5fc/datanode-1/data/ratis/1b70380f-773c-4c52-9371-322254c97598 does not exist. Creating ...
2019-09-12 10:31:21,560 [pool-38-thread-1] INFO  storage.RaftStorageDirectory (RaftStorageDirectory.java:tryLock(328)) - Lock on /workdir/hadoop-ozone/integration-test/target/test-dir/MiniOzoneClusterImpl-b2817a3f-1508-41b1-b0fd-9fa975eef5fc/datanode-1/data/ratis/1b70380f-773c-4c52-9371-322254c97598/in_use.lock acquired by nodename 1396@pr-hdds-1569-58hkm-1881083799
2019-09-12 10:31:21,573 [pool-38-thread-1] INFO  storage.RaftStorage (RaftStorage.java:format(72)) - Storage directory /workdir/hadoop-ozone/integration-test/target/test-dir/MiniOzoneClusterImpl-b2817a3f-1508-41b1-b0fd-9fa975eef5fc/datanode-1/data/ratis/1b70380f-773c-4c52-9371-322254c97598 has been successfully formatted.
2019-09-12 10:31:21,574 [pool-38-thread-1] INFO  ratis.ContainerStateMachine (ContainerStateMachine.java:loadSnapshot(226)) - group-322254C97598: The snapshot info is null. Setting the last applied indexto:(t:0, i:~)
2019-09-12 10:31:21,574 [pool-38-thread-1] INFO  server.RaftServerConfigKeys (ConfUtils.java:logGet(43)) - raft.server.leader.election.timeout = 120s (custom)
2019-09-12 10:31:21,574 [pool-38-thread-1] INFO  server.RaftServerConfigKeys (ConfUtils.java:logGet(43)) - raft.server.log.use.memory = false (default)
2019-09-12 10:31:21,575 [pool-38-thread-1] INFO  server.RaftServerConfigKeys (ConfUtils.java:logGet(43)) - raft.server.log.purge.gap = 1000000 (custom)
2019-09-12 10:31:21,575 [pool-38-thread-1] INFO  server.RaftServerConfigKeys (ConfUtils.java:logGet(43)) - raft.server.log.appender.buffer.byte-limit = 33554432 (custom)
2019-09-12 10:31:21,575 [pool-38-thread-1] INFO  server.RaftServerConfigKeys (ConfUtils.java:logGet(43)) - raft.server.log.segment.size.max = 1048576 (custom)
2019-09-12 10:31:21,575 [pool-38-thread-1] INFO  server.RaftServerConfigKeys (ConfUtils.java:logGet(43)) - raft.server.log.segment.cache.num.max = 2 (custom)
2019-09-12 10:31:21,575 [pool-38-thread-1] INFO  segmented.SegmentedRaftLogWorker (SegmentedRaftLogWorker.java:<init>(172)) - new 2cb9d557-cb56-4745-8686-5e72b62e748a-SegmentedRaftLogWorker:Storage Directory /workdir/hadoop-ozone/integration-test/target/test-dir/MiniOzoneClusterImpl-b2817a3f-1508-41b1-b0fd-9fa975eef5fc/datanode-1/data/ratis/1b70380f-773c-4c52-9371-322254c97598 for RaftStorage:Storage Directory /workdir/hadoop-ozone/integration-test/target/test-dir/MiniOzoneClusterImpl-b2817a3f-1508-41b1-b0fd-9fa975eef5fc/datanode-1/data/ratis/1b70380f-773c-4c52-9371-322254c97598
2019-09-12 10:31:21,576 [pool-38-thread-1] INFO  server.RaftServerConfigKeys (ConfUtils.java:logGet(43)) - raft.server.log.queue.byte-limit = 2147483647 (custom)
2019-09-12 10:31:21,576 [pool-38-thread-1] INFO  server.RaftServerConfigKeys (ConfUtils.java:logGet(43)) - raft.server.log.queue.element-limit = 1024 (custom)
2019-09-12 10:31:21,576 [pool-38-thread-1] INFO  server.RaftServerConfigKeys (ConfUtils.java:logGet(43)) - raft.server.log.segment.size.max = 1048576 (custom)
2019-09-12 10:31:21,576 [pool-38-thread-1] INFO  server.RaftServerConfigKeys (ConfUtils.java:logGet(43)) - raft.server.log.preallocated.size = 16384 (custom)
2019-09-12 10:31:21,577 [pool-38-thread-1] INFO  server.RaftServerConfigKeys (ConfUtils.java:logGet(43)) - raft.server.log.write.buffer.size = 33554432 (custom)
2019-09-12 10:31:21,577 [pool-38-thread-1] INFO  server.RaftServerConfigKeys (ConfUtils.java:logGet(43)) - raft.server.log.force.sync.num = 128 (default)
2019-09-12 10:31:21,577 [pool-38-thread-1] INFO  server.RaftServerConfigKeys (ConfUtils.java:logGet(43)) - raft.server.log.statemachine.data.sync = true (default)
2019-09-12 10:31:21,577 [pool-38-thread-1] INFO  server.RaftServerConfigKeys (ConfUtils.java:logGet(43)) - raft.server.log.statemachine.data.sync.timeout = 10s (default)
2019-09-12 10:31:21,577 [pool-38-thread-1] INFO  server.RaftServerConfigKeys (ConfUtils.java:logGet(43)) - raft.server.log.statemachine.data.sync.timeout.retry = -1 (default)
2019-09-12 10:31:21,578 [pool-38-thread-1] INFO  server.RaftServerConfigKeys (ConfUtils.java:logGet(43)) - raft.server.log.statemachine.data.caching.enabled = true (custom)
2019-09-12 10:31:21,578 [pool-38-thread-1] INFO  segmented.SegmentedRaftLogWorker (SegmentedRaftLogWorker.java:lambda$new$0(132)) - 2cb9d557-cb56-4745-8686-5e72b62e748a-SegmentedRaftLogWorker:Storage Directory /workdir/hadoop-ozone/integration-test/target/test-dir/MiniOzoneClusterImpl-b2817a3f-1508-41b1-b0fd-9fa975eef5fc/datanode-1/data/ratis/1b70380f-773c-4c52-9371-322254c97598: flushIndex: setUnconditionally 0 -> -1
2019-09-12 10:31:21,579 [pool-38-thread-1] INFO  server.RaftServerConfigKeys (ConfUtils.java:logGet(43)) - raft.server.snapshot.auto.trigger.enabled = true (custom)
2019-09-12 10:31:21,579 [pool-38-thread-1] INFO  server.RaftServerConfigKeys (ConfUtils.java:logGet(43)) - raft.server.snapshot.auto.trigger.threshold = 10000 (custom)
2019-09-12 10:31:21,579 [pool-38-thread-1] INFO  server.RaftServerConfigKeys (ConfUtils.java:logGet(43)) - raft.server.retrycache.expirytime = 600000ms (custom)
2019-09-12 10:31:21,580 [pool-38-thread-1] INFO  impl.RaftServerImpl (RaftServerImpl.java:start(180)) - 2cb9d557-cb56-4745-8686-5e72b62e748a: start group-322254C97598
2019-09-12 10:31:21,580 [pool-38-thread-1] INFO  impl.RaftServerImpl (RaftServerImpl.java:setRole(171)) - 2cb9d557-cb56-4745-8686-5e72b62e748a:group-322254C97598 changes role from null to FOLLOWER at term 0 for startAsFollower
2019-09-12 10:31:21,580 [pool-38-thread-1] INFO  impl.RoleInfo (RoleInfo.java:updateAndGet(143)) - 2cb9d557-cb56-4745-8686-5e72b62e748a: start FollowerState
2019-09-12 10:31:21,581 [pool-38-thread-1] INFO  util.JmxRegister (JmxRegister.java:tryRegister(44)) - Successfully registered JMX Bean with object name Ratis:service=RaftServer,group=group-322254C97598,id=2cb9d557-cb56-4745-8686-5e72b62e748a
2019-09-12 10:31:21,594 [RatisPipelineUtilsThread] INFO  pipeline.PipelineStateManager (PipelineStateManager.java:addPipeline(56)) - Created pipeline Pipeline[ Id: 1b70380f-773c-4c52-9371-322254c97598, Nodes: 2cb9d557-cb56-4745-8686-5e72b62e748a{ip: 192.168.36.114, host: pr-hdds-1569-58hkm-1881083799, networkLocation: /default-rack, certSerialId: null}, Type:RATIS, Factor:ONE, State:OPEN]
2019-09-12 10:31:21,614 [grpc-default-executor-0] INFO  impl.RaftServerProxy (RaftServerProxy.java:addNew(89)) - 39df7a3f-9691-48d4-a2b1-6888489a5f8a: addNew group-A6CC29E45DCE:[39df7a3f-9691-48d4-a2b1-6888489a5f8a:192.168.36.114:35493] returns group-A6CC29E45DCE:java.util.concurrent.CompletableFuture@4c6f8f8f[Not completed]
2019-09-12 10:31:21,619 [pool-71-thread-1] INFO  impl.RaftServerImpl (RaftServerImpl.java:<init>(93)) - 39df7a3f-9691-48d4-a2b1-6888489a5f8a: new RaftServerImpl for group-A6CC29E45DCE:[39df7a3f-9691-48d4-a2b1-6888489a5f8a:192.168.36.114:35493] with ContainerStateMachine:uninitialized
2019-09-12 10:31:21,619 [pool-71-thread-1] INFO  server.RaftServerConfigKeys (ConfUtils.java:logGet(43)) - raft.server.rpc.timeout.min = 1s (custom)
2019-09-12 10:31:21,619 [pool-71-thread-1] INFO  server.RaftServerConfigKeys (ConfUtils.java:logGet(43)) - raft.server.rpc.timeout.max = 1200ms (custom)
2019-09-12 10:31:21,620 [pool-71-thread-1] INFO  server.RaftServerConfigKeys (ConfUtils.java:logGet(43)) - raft.server.rpcslowness.timeout = 120s (custom)
2019-09-12 10:31:21,620 [pool-71-thread-1] INFO  server.RaftServerConfigKeys (ConfUtils.java:logGet(43)) - raft.server.sleep.deviation.threshold = 300 (default)
2019-09-12 10:31:21,620 [pool-71-thread-1] INFO  server.RaftServerConfigKeys (ConfUtils.java:logGet(43)) - raft.server.log.appender.install.snapshot.enabled = false (custom)
2019-09-12 10:31:21,620 [pool-71-thread-1] INFO  impl.RaftServerImpl (ServerState.java:<init>(105)) - 39df7a3f-9691-48d4-a2b1-6888489a5f8a:group-A6CC29E45DCE ConfigurationManager, init=-1: [39df7a3f-9691-48d4-a2b1-6888489a5f8a:192.168.36.114:35493], old=null, confs=<EMPTY_MAP>
2019-09-12 10:31:21,620 [pool-71-thread-1] INFO  server.RaftServerConfigKeys (ConfUtils.java:logGet(43)) - raft.server.storage.dir = [/workdir/hadoop-ozone/integration-test/target/test-dir/MiniOzoneClusterImpl-b2817a3f-1508-41b1-b0fd-9fa975eef5fc/datanode-4/data/ratis] (custom)
2019-09-12 10:31:21,621 [pool-71-thread-1] INFO  storage.RaftStorageDirectory (RaftStorageDirectory.java:analyzeStorage(246)) - The storage directory /workdir/hadoop-ozone/integration-test/target/test-dir/MiniOzoneClusterImpl-b2817a3f-1508-41b1-b0fd-9fa975eef5fc/datanode-4/data/ratis/c4bbfa12-0e59-47a3-ac39-a6cc29e45dce does not exist. Creating ...
2019-09-12 10:31:21,627 [main] INFO  ozone.MiniOzoneClusterImpl (MiniOzoneClusterImpl.java:lambda$waitForClusterToBeReady$0(142)) - Cluster is ready. Got 7 of 7 DN Heartbeats.
2019-09-12 10:31:21,635 [pool-71-thread-1] INFO  storage.RaftStorageDirectory (RaftStorageDirectory.java:tryLock(328)) - Lock on /workdir/hadoop-ozone/integration-test/target/test-dir/MiniOzoneClusterImpl-b2817a3f-1508-41b1-b0fd-9fa975eef5fc/datanode-4/data/ratis/c4bbfa12-0e59-47a3-ac39-a6cc29e45dce/in_use.lock acquired by nodename 1396@pr-hdds-1569-58hkm-1881083799
2019-09-12 10:31:21,648 [pool-71-thread-1] INFO  storage.RaftStorage (RaftStorage.java:format(72)) - Storage directory /workdir/hadoop-ozone/integration-test/target/test-dir/MiniOzoneClusterImpl-b2817a3f-1508-41b1-b0fd-9fa975eef5fc/datanode-4/data/ratis/c4bbfa12-0e59-47a3-ac39-a6cc29e45dce has been successfully formatted.
2019-09-12 10:31:21,648 [pool-71-thread-1] INFO  ratis.ContainerStateMachine (ContainerStateMachine.java:loadSnapshot(226)) - group-A6CC29E45DCE: The snapshot info is null. Setting the last applied indexto:(t:0, i:~)
2019-09-12 10:31:21,649 [pool-71-thread-1] INFO  server.RaftServerConfigKeys (ConfUtils.java:logGet(43)) - raft.server.leader.election.timeout = 120s (custom)
2019-09-12 10:31:21,649 [pool-71-thread-1] INFO  server.RaftServerConfigKeys (ConfUtils.java:logGet(43)) - raft.server.log.use.memory = false (default)
2019-09-12 10:31:21,649 [pool-71-thread-1] INFO  server.RaftServerConfigKeys (ConfUtils.java:logGet(43)) - raft.server.log.purge.gap = 1000000 (custom)
2019-09-12 10:31:21,649 [pool-71-thread-1] INFO  server.RaftServerConfigKeys (ConfUtils.java:logGet(43)) - raft.server.log.appender.buffer.byte-limit = 33554432 (custom)
2019-09-12 10:31:21,649 [pool-71-thread-1] INFO  server.RaftServerConfigKeys (ConfUtils.java:logGet(43)) - raft.server.log.segment.size.max = 1048576 (custom)
2019-09-12 10:31:21,650 [pool-71-thread-1] INFO  server.RaftServerConfigKeys (ConfUtils.java:logGet(43)) - raft.server.log.segment.cache.num.max = 2 (custom)
2019-09-12 10:31:21,650 [pool-71-thread-1] INFO  segmented.SegmentedRaftLogWorker (SegmentedRaftLogWorker.java:<init>(172)) - new 39df7a3f-9691-48d4-a2b1-6888489a5f8a-SegmentedRaftLogWorker:Storage Directory /workdir/hadoop-ozone/integration-test/target/test-dir/MiniOzoneClusterImpl-b2817a3f-1508-41b1-b0fd-9fa975eef5fc/datanode-4/data/ratis/c4bbfa12-0e59-47a3-ac39-a6cc29e45dce for RaftStorage:Storage Directory /workdir/hadoop-ozone/integration-test/target/test-dir/MiniOzoneClusterImpl-b2817a3f-1508-41b1-b0fd-9fa975eef5fc/datanode-4/data/ratis/c4bbfa12-0e59-47a3-ac39-a6cc29e45dce
2019-09-12 10:31:21,650 [pool-71-thread-1] INFO  server.RaftServerConfigKeys (ConfUtils.java:logGet(43)) - raft.server.log.queue.byte-limit = 2147483647 (custom)
2019-09-12 10:31:21,650 [pool-71-thread-1] INFO  server.RaftServerConfigKeys (ConfUtils.java:logGet(43)) - raft.server.log.queue.element-limit = 1024 (custom)
2019-09-12 10:31:21,651 [pool-71-thread-1] INFO  server.RaftServerConfigKeys (ConfUtils.java:logGet(43)) - raft.server.log.segment.size.max = 1048576 (custom)
2019-09-12 10:31:21,651 [pool-71-thread-1] INFO  server.RaftServerConfigKeys (ConfUtils.java:logGet(43)) - raft.server.log.preallocated.size = 16384 (custom)
2019-09-12 10:31:21,651 [pool-71-thread-1] INFO  server.RaftServerConfigKeys (ConfUtils.java:logGet(43)) - raft.server.log.write.buffer.size = 33554432 (custom)
2019-09-12 10:31:21,651 [pool-71-thread-1] INFO  server.RaftServerConfigKeys (ConfUtils.java:logGet(43)) - raft.server.log.force.sync.num = 128 (default)
2019-09-12 10:31:21,651 [pool-71-thread-1] INFO  server.RaftServerConfigKeys (ConfUtils.java:logGet(43)) - raft.server.log.statemachine.data.sync = true (default)
2019-09-12 10:31:21,652 [pool-71-thread-1] INFO  server.RaftServerConfigKeys (ConfUtils.java:logGet(43)) - raft.server.log.statemachine.data.sync.timeout = 10s (default)
2019-09-12 10:31:21,652 [pool-71-thread-1] INFO  server.RaftServerConfigKeys (ConfUtils.java:logGet(43)) - raft.server.log.statemachine.data.sync.timeout.retry = -1 (default)
2019-09-12 10:31:21,652 [pool-71-thread-1] INFO  server.RaftServerConfigKeys (ConfUtils.java:logGet(43)) - raft.server.log.statemachine.data.caching.enabled = true (custom)
2019-09-12 10:31:21,653 [pool-71-thread-1] INFO  segmented.SegmentedRaftLogWorker (SegmentedRaftLogWorker.java:lambda$new$0(132)) - 39df7a3f-9691-48d4-a2b1-6888489a5f8a-SegmentedRaftLogWorker:Storage Directory /workdir/hadoop-ozone/integration-test/target/test-dir/MiniOzoneClusterImpl-b2817a3f-1508-41b1-b0fd-9fa975eef5fc/datanode-4/data/ratis/c4bbfa12-0e59-47a3-ac39-a6cc29e45dce: flushIndex: setUnconditionally 0 -> -1
2019-09-12 10:31:21,653 [pool-71-thread-1] INFO  server.RaftServerConfigKeys (ConfUtils.java:logGet(43)) - raft.server.snapshot.auto.trigger.enabled = true (custom)
2019-09-12 10:31:21,653 [pool-71-thread-1] INFO  server.RaftServerConfigKeys (ConfUtils.java:logGet(43)) - raft.server.snapshot.auto.trigger.threshold = 10000 (custom)
2019-09-12 10:31:21,654 [pool-71-thread-1] INFO  server.RaftServerConfigKeys (ConfUtils.java:logGet(43)) - raft.server.retrycache.expirytime = 600000ms (custom)
2019-09-12 10:31:21,654 [pool-71-thread-1] INFO  impl.RaftServerImpl (RaftServerImpl.java:start(180)) - 39df7a3f-9691-48d4-a2b1-6888489a5f8a: start group-A6CC29E45DCE
2019-09-12 10:31:21,654 [pool-71-thread-1] INFO  impl.RaftServerImpl (RaftServerImpl.java:setRole(171)) - 39df7a3f-9691-48d4-a2b1-6888489a5f8a:group-A6CC29E45DCE changes role from null to FOLLOWER at term 0 for startAsFollower
2019-09-12 10:31:21,654 [pool-71-thread-1] INFO  impl.RoleInfo (RoleInfo.java:updateAndGet(143)) - 39df7a3f-9691-48d4-a2b1-6888489a5f8a: start FollowerState
2019-09-12 10:31:21,655 [pool-71-thread-1] INFO  util.JmxRegister (JmxRegister.java:tryRegister(44)) - Successfully registered JMX Bean with object name Ratis:service=RaftServer,group=group-A6CC29E45DCE,id=39df7a3f-9691-48d4-a2b1-6888489a5f8a
2019-09-12 10:31:21,683 [RatisPipelineUtilsThread] INFO  pipeline.PipelineStateManager (PipelineStateManager.java:addPipeline(56)) - Created pipeline Pipeline[ Id: c4bbfa12-0e59-47a3-ac39-a6cc29e45dce, Nodes: 39df7a3f-9691-48d4-a2b1-6888489a5f8a{ip: 192.168.36.114, host: pr-hdds-1569-58hkm-1881083799, networkLocation: /default-rack, certSerialId: null}, Type:RATIS, Factor:ONE, State:OPEN]
2019-09-12 10:31:21,709 [grpc-default-executor-0] INFO  impl.RaftServerProxy (RaftServerProxy.java:addNew(89)) - 39df7a3f-9691-48d4-a2b1-6888489a5f8a: addNew group-CB23BEBE2113:[39df7a3f-9691-48d4-a2b1-6888489a5f8a:192.168.36.114:35493] returns group-CB23BEBE2113:java.util.concurrent.CompletableFuture@55b55321[Not completed]
2019-09-12 10:31:21,711 [pool-71-thread-1] INFO  impl.RaftServerImpl (RaftServerImpl.java:<init>(93)) - 39df7a3f-9691-48d4-a2b1-6888489a5f8a: new RaftServerImpl for group-CB23BEBE2113:[39df7a3f-9691-48d4-a2b1-6888489a5f8a:192.168.36.114:35493] with ContainerStateMachine:uninitialized
2019-09-12 10:31:21,711 [pool-71-thread-1] INFO  server.RaftServerConfigKeys (ConfUtils.java:logGet(43)) - raft.server.rpc.timeout.min = 1s (custom)
2019-09-12 10:31:21,711 [pool-71-thread-1] INFO  server.RaftServerConfigKeys (ConfUtils.java:logGet(43)) - raft.server.rpc.timeout.max = 1200ms (custom)
2019-09-12 10:31:21,712 [pool-71-thread-1] INFO  server.RaftServerConfigKeys (ConfUtils.java:logGet(43)) - raft.server.rpcslowness.timeout = 120s (custom)
2019-09-12 10:31:21,712 [pool-71-thread-1] INFO  server.RaftServerConfigKeys (ConfUtils.java:logGet(43)) - raft.server.sleep.deviation.threshold = 300 (default)
2019-09-12 10:31:21,712 [pool-71-thread-1] INFO  server.RaftServerConfigKeys (ConfUtils.java:logGet(43)) - raft.server.log.appender.install.snapshot.enabled = false (custom)
2019-09-12 10:31:21,712 [pool-71-thread-1] INFO  impl.RaftServerImpl (ServerState.java:<init>(105)) - 39df7a3f-9691-48d4-a2b1-6888489a5f8a:group-CB23BEBE2113 ConfigurationManager, init=-1: [39df7a3f-9691-48d4-a2b1-6888489a5f8a:192.168.36.114:35493], old=null, confs=<EMPTY_MAP>
2019-09-12 10:31:21,712 [pool-71-thread-1] INFO  server.RaftServerConfigKeys (ConfUtils.java:logGet(43)) - raft.server.storage.dir = [/workdir/hadoop-ozone/integration-test/target/test-dir/MiniOzoneClusterImpl-b2817a3f-1508-41b1-b0fd-9fa975eef5fc/datanode-4/data/ratis] (custom)
2019-09-12 10:31:21,713 [pool-71-thread-1] INFO  storage.RaftStorageDirectory (RaftStorageDirectory.java:analyzeStorage(246)) - The storage directory /workdir/hadoop-ozone/integration-test/target/test-dir/MiniOzoneClusterImpl-b2817a3f-1508-41b1-b0fd-9fa975eef5fc/datanode-4/data/ratis/f115c2fe-f627-447e-9e61-cb23bebe2113 does not exist. Creating ...
2019-09-12 10:31:21,725 [pool-71-thread-1] INFO  storage.RaftStorageDirectory (RaftStorageDirectory.java:tryLock(328)) - Lock on /workdir/hadoop-ozone/integration-test/target/test-dir/MiniOzoneClusterImpl-b2817a3f-1508-41b1-b0fd-9fa975eef5fc/datanode-4/data/ratis/f115c2fe-f627-447e-9e61-cb23bebe2113/in_use.lock acquired by nodename 1396@pr-hdds-1569-58hkm-1881083799
2019-09-12 10:31:21,748 [pool-71-thread-1] INFO  storage.RaftStorage (RaftStorage.java:format(72)) - Storage directory /workdir/hadoop-ozone/integration-test/target/test-dir/MiniOzoneClusterImpl-b2817a3f-1508-41b1-b0fd-9fa975eef5fc/datanode-4/data/ratis/f115c2fe-f627-447e-9e61-cb23bebe2113 has been successfully formatted.
2019-09-12 10:31:21,749 [pool-71-thread-1] INFO  ratis.ContainerStateMachine (ContainerStateMachine.java:loadSnapshot(226)) - group-CB23BEBE2113: The snapshot info is null. Setting the last applied indexto:(t:0, i:~)
2019-09-12 10:31:21,749 [pool-71-thread-1] INFO  server.RaftServerConfigKeys (ConfUtils.java:logGet(43)) - raft.server.leader.election.timeout = 120s (custom)
2019-09-12 10:31:21,749 [pool-71-thread-1] INFO  server.RaftServerConfigKeys (ConfUtils.java:logGet(43)) - raft.server.log.use.memory = false (default)
2019-09-12 10:31:21,749 [pool-71-thread-1] INFO  server.RaftServerConfigKeys (ConfUtils.java:logGet(43)) - raft.server.log.purge.gap = 1000000 (custom)
2019-09-12 10:31:21,749 [pool-71-thread-1] INFO  server.RaftServerConfigKeys (ConfUtils.java:logGet(43)) - raft.server.log.appender.buffer.byte-limit = 33554432 (custom)
2019-09-12 10:31:21,750 [pool-71-thread-1] INFO  server.RaftServerConfigKeys (ConfUtils.java:logGet(43)) - raft.server.log.segment.size.max = 1048576 (custom)
2019-09-12 10:31:21,750 [pool-71-thread-1] INFO  server.RaftServerConfigKeys (ConfUtils.java:logGet(43)) - raft.server.log.segment.cache.num.max = 2 (custom)
2019-09-12 10:31:21,750 [pool-71-thread-1] INFO  segmented.SegmentedRaftLogWorker (SegmentedRaftLogWorker.java:<init>(172)) - new 39df7a3f-9691-48d4-a2b1-6888489a5f8a-SegmentedRaftLogWorker:Storage Directory /workdir/hadoop-ozone/integration-test/target/test-dir/MiniOzoneClusterImpl-b2817a3f-1508-41b1-b0fd-9fa975eef5fc/datanode-4/data/ratis/f115c2fe-f627-447e-9e61-cb23bebe2113 for RaftStorage:Storage Directory /workdir/hadoop-ozone/integration-test/target/test-dir/MiniOzoneClusterImpl-b2817a3f-1508-41b1-b0fd-9fa975eef5fc/datanode-4/data/ratis/f115c2fe-f627-447e-9e61-cb23bebe2113
2019-09-12 10:31:21,750 [pool-71-thread-1] INFO  server.RaftServerConfigKeys (ConfUtils.java:logGet(43)) - raft.server.log.queue.byte-limit = 2147483647 (custom)
2019-09-12 10:31:21,751 [pool-71-thread-1] INFO  server.RaftServerConfigKeys (ConfUtils.java:logGet(43)) - raft.server.log.queue.element-limit = 1024 (custom)
2019-09-12 10:31:21,751 [pool-71-thread-1] INFO  server.RaftServerConfigKeys (ConfUtils.java:logGet(43)) - raft.server.log.segment.size.max = 1048576 (custom)
2019-09-12 10:31:21,751 [pool-71-thread-1] INFO  server.RaftServerConfigKeys (ConfUtils.java:logGet(43)) - raft.server.log.preallocated.size = 16384 (custom)
2019-09-12 10:31:21,751 [pool-71-thread-1] INFO  server.RaftServerConfigKeys (ConfUtils.java:logGet(43)) - raft.server.log.write.buffer.size = 33554432 (custom)
2019-09-12 10:31:21,751 [pool-71-thread-1] INFO  server.RaftServerConfigKeys (ConfUtils.java:logGet(43)) - raft.server.log.force.sync.num = 128 (default)
2019-09-12 10:31:21,752 [pool-71-thread-1] INFO  server.RaftServerConfigKeys (ConfUtils.java:logGet(43)) - raft.server.log.statemachine.data.sync = true (default)
2019-09-12 10:31:21,752 [pool-71-thread-1] INFO  server.RaftServerConfigKeys (ConfUtils.java:logGet(43)) - raft.server.log.statemachine.data.sync.timeout = 10s (default)
2019-09-12 10:31:21,752 [pool-71-thread-1] INFO  server.RaftServerConfigKeys (ConfUtils.java:logGet(43)) - raft.server.log.statemachine.data.sync.timeout.retry = -1 (default)
2019-09-12 10:31:21,752 [pool-71-thread-1] INFO  server.RaftServerConfigKeys (ConfUtils.java:logGet(43)) - raft.server.log.statemachine.data.caching.enabled = true (custom)
2019-09-12 10:31:21,753 [pool-71-thread-1] INFO  segmented.SegmentedRaftLogWorker (SegmentedRaftLogWorker.java:lambda$new$0(132)) - 39df7a3f-9691-48d4-a2b1-6888489a5f8a-SegmentedRaftLogWorker:Storage Directory /workdir/hadoop-ozone/integration-test/target/test-dir/MiniOzoneClusterImpl-b2817a3f-1508-41b1-b0fd-9fa975eef5fc/datanode-4/data/ratis/f115c2fe-f627-447e-9e61-cb23bebe2113: flushIndex: setUnconditionally 0 -> -1
2019-09-12 10:31:21,753 [pool-71-thread-1] INFO  server.RaftServerConfigKeys (ConfUtils.java:logGet(43)) - raft.server.snapshot.auto.trigger.enabled = true (custom)
2019-09-12 10:31:21,753 [pool-71-thread-1] INFO  server.RaftServerConfigKeys (ConfUtils.java:logGet(43)) - raft.server.snapshot.auto.trigger.threshold = 10000 (custom)
2019-09-12 10:31:21,754 [pool-71-thread-1] INFO  server.RaftServerConfigKeys (ConfUtils.java:logGet(43)) - raft.server.retrycache.expirytime = 600000ms (custom)
2019-09-12 10:31:21,754 [pool-71-thread-1] INFO  impl.RaftServerImpl (RaftServerImpl.java:start(180)) - 39df7a3f-9691-48d4-a2b1-6888489a5f8a: start group-CB23BEBE2113
2019-09-12 10:31:21,754 [pool-71-thread-1] INFO  impl.RaftServerImpl (RaftServerImpl.java:setRole(171)) - 39df7a3f-9691-48d4-a2b1-6888489a5f8a:group-CB23BEBE2113 changes role from null to FOLLOWER at term 0 for startAsFollower
2019-09-12 10:31:21,754 [pool-71-thread-1] INFO  impl.RoleInfo (RoleInfo.java:updateAndGet(143)) - 39df7a3f-9691-48d4-a2b1-6888489a5f8a: start FollowerState
2019-09-12 10:31:21,755 [pool-71-thread-1] INFO  util.JmxRegister (JmxRegister.java:tryRegister(44)) - Successfully registered JMX Bean with object name Ratis:service=RaftServer,group=group-CB23BEBE2113,id=39df7a3f-9691-48d4-a2b1-6888489a5f8a
2019-09-12 10:31:21,770 [RatisPipelineUtilsThread] INFO  pipeline.PipelineStateManager (PipelineStateManager.java:addPipeline(56)) - Created pipeline Pipeline[ Id: f115c2fe-f627-447e-9e61-cb23bebe2113, Nodes: 39df7a3f-9691-48d4-a2b1-6888489a5f8a{ip: 192.168.36.114, host: pr-hdds-1569-58hkm-1881083799, networkLocation: /default-rack, certSerialId: null}, Type:RATIS, Factor:ONE, State:OPEN]
2019-09-12 10:31:21,791 [grpc-default-executor-0] INFO  impl.RaftServerProxy (RaftServerProxy.java:addNew(89)) - c9031a36-5f7c-4098-8bea-8a46141708a6: addNew group-1867D162A81A:[c9031a36-5f7c-4098-8bea-8a46141708a6:192.168.36.114:41797] returns group-1867D162A81A:java.util.concurrent.CompletableFuture@5a228fc5[Not completed]
2019-09-12 10:31:21,794 [pool-27-thread-1] INFO  impl.RaftServerImpl (RaftServerImpl.java:<init>(93)) - c9031a36-5f7c-4098-8bea-8a46141708a6: new RaftServerImpl for group-1867D162A81A:[c9031a36-5f7c-4098-8bea-8a46141708a6:192.168.36.114:41797] with ContainerStateMachine:uninitialized
2019-09-12 10:31:21,794 [pool-27-thread-1] INFO  server.RaftServerConfigKeys (ConfUtils.java:logGet(43)) - raft.server.rpc.timeout.min = 1s (custom)
2019-09-12 10:31:21,795 [pool-27-thread-1] INFO  server.RaftServerConfigKeys (ConfUtils.java:logGet(43)) - raft.server.rpc.timeout.max = 1200ms (custom)
2019-09-12 10:31:21,795 [pool-27-thread-1] INFO  server.RaftServerConfigKeys (ConfUtils.java:logGet(43)) - raft.server.rpcslowness.timeout = 120s (custom)
2019-09-12 10:31:21,795 [pool-27-thread-1] INFO  server.RaftServerConfigKeys (ConfUtils.java:logGet(43)) - raft.server.sleep.deviation.threshold = 300 (default)
2019-09-12 10:31:21,795 [pool-27-thread-1] INFO  server.RaftServerConfigKeys (ConfUtils.java:logGet(43)) - raft.server.log.appender.install.snapshot.enabled = false (custom)
2019-09-12 10:31:21,795 [pool-27-thread-1] INFO  impl.RaftServerImpl (ServerState.java:<init>(105)) - c9031a36-5f7c-4098-8bea-8a46141708a6:group-1867D162A81A ConfigurationManager, init=-1: [c9031a36-5f7c-4098-8bea-8a46141708a6:192.168.36.114:41797], old=null, confs=<EMPTY_MAP>
2019-09-12 10:31:21,795 [pool-27-thread-1] INFO  server.RaftServerConfigKeys (ConfUtils.java:logGet(43)) - raft.server.storage.dir = [/workdir/hadoop-ozone/integration-test/target/test-dir/MiniOzoneClusterImpl-b2817a3f-1508-41b1-b0fd-9fa975eef5fc/datanode-0/data/ratis] (custom)
2019-09-12 10:31:21,796 [pool-27-thread-1] INFO  storage.RaftStorageDirectory (RaftStorageDirectory.java:analyzeStorage(246)) - The storage directory /workdir/hadoop-ozone/integration-test/target/test-dir/MiniOzoneClusterImpl-b2817a3f-1508-41b1-b0fd-9fa975eef5fc/datanode-0/data/ratis/e26905e8-e6b2-4111-a186-1867d162a81a does not exist. Creating ...
2019-09-12 10:31:21,801 | INFO  | SCMAudit | user=jenkins1000 | ip=192.168.36.114 | op=SEND_HEARTBEAT {datanodeUUID=c9031a36-5f7c-4098-8bea-8a46141708a6, command=[]} | ret=SUCCESS |  
2019-09-12 10:31:21,808 [pool-27-thread-1] INFO  storage.RaftStorageDirectory (RaftStorageDirectory.java:tryLock(328)) - Lock on /workdir/hadoop-ozone/integration-test/target/test-dir/MiniOzoneClusterImpl-b2817a3f-1508-41b1-b0fd-9fa975eef5fc/datanode-0/data/ratis/e26905e8-e6b2-4111-a186-1867d162a81a/in_use.lock acquired by nodename 1396@pr-hdds-1569-58hkm-1881083799
2019-09-12 10:31:21,822 [pool-27-thread-1] INFO  storage.RaftStorage (RaftStorage.java:format(72)) - Storage directory /workdir/hadoop-ozone/integration-test/target/test-dir/MiniOzoneClusterImpl-b2817a3f-1508-41b1-b0fd-9fa975eef5fc/datanode-0/data/ratis/e26905e8-e6b2-4111-a186-1867d162a81a has been successfully formatted.
2019-09-12 10:31:21,823 [pool-27-thread-1] INFO  ratis.ContainerStateMachine (ContainerStateMachine.java:loadSnapshot(226)) - group-1867D162A81A: The snapshot info is null. Setting the last applied indexto:(t:0, i:~)
2019-09-12 10:31:21,823 [pool-27-thread-1] INFO  server.RaftServerConfigKeys (ConfUtils.java:logGet(43)) - raft.server.leader.election.timeout = 120s (custom)
2019-09-12 10:31:21,823 [pool-27-thread-1] INFO  server.RaftServerConfigKeys (ConfUtils.java:logGet(43)) - raft.server.log.use.memory = false (default)
2019-09-12 10:31:21,823 [pool-27-thread-1] INFO  server.RaftServerConfigKeys (ConfUtils.java:logGet(43)) - raft.server.log.purge.gap = 1000000 (custom)
2019-09-12 10:31:21,823 [pool-27-thread-1] INFO  server.RaftServerConfigKeys (ConfUtils.java:logGet(43)) - raft.server.log.appender.buffer.byte-limit = 33554432 (custom)
2019-09-12 10:31:21,824 [pool-27-thread-1] INFO  server.RaftServerConfigKeys (ConfUtils.java:logGet(43)) - raft.server.log.segment.size.max = 1048576 (custom)
2019-09-12 10:31:21,824 [pool-27-thread-1] INFO  server.RaftServerConfigKeys (ConfUtils.java:logGet(43)) - raft.server.log.segment.cache.num.max = 2 (custom)
2019-09-12 10:31:21,824 [pool-27-thread-1] INFO  segmented.SegmentedRaftLogWorker (SegmentedRaftLogWorker.java:<init>(172)) - new c9031a36-5f7c-4098-8bea-8a46141708a6-SegmentedRaftLogWorker:Storage Directory /workdir/hadoop-ozone/integration-test/target/test-dir/MiniOzoneClusterImpl-b2817a3f-1508-41b1-b0fd-9fa975eef5fc/datanode-0/data/ratis/e26905e8-e6b2-4111-a186-1867d162a81a for RaftStorage:Storage Directory /workdir/hadoop-ozone/integration-test/target/test-dir/MiniOzoneClusterImpl-b2817a3f-1508-41b1-b0fd-9fa975eef5fc/datanode-0/data/ratis/e26905e8-e6b2-4111-a186-1867d162a81a
2019-09-12 10:31:21,824 [pool-27-thread-1] INFO  server.RaftServerConfigKeys (ConfUtils.java:logGet(43)) - raft.server.log.queue.byte-limit = 2147483647 (custom)
2019-09-12 10:31:21,824 [pool-27-thread-1] INFO  server.RaftServerConfigKeys (ConfUtils.java:logGet(43)) - raft.server.log.queue.element-limit = 1024 (custom)
2019-09-12 10:31:21,824 [pool-27-thread-1] INFO  server.RaftServerConfigKeys (ConfUtils.java:logGet(43)) - raft.server.log.segment.size.max = 1048576 (custom)
2019-09-12 10:31:21,825 [pool-27-thread-1] INFO  server.RaftServerConfigKeys (ConfUtils.java:logGet(43)) - raft.server.log.preallocated.size = 16384 (custom)
2019-09-12 10:31:21,825 [pool-27-thread-1] INFO  server.RaftServerConfigKeys (ConfUtils.java:logGet(43)) - raft.server.log.write.buffer.size = 33554432 (custom)
2019-09-12 10:31:21,825 [pool-27-thread-1] INFO  server.RaftServerConfigKeys (ConfUtils.java:logGet(43)) - raft.server.log.force.sync.num = 128 (default)
2019-09-12 10:31:21,825 [pool-27-thread-1] INFO  server.RaftServerConfigKeys (ConfUtils.java:logGet(43)) - raft.server.log.statemachine.data.sync = true (default)
2019-09-12 10:31:21,825 [pool-27-thread-1] INFO  server.RaftServerConfigKeys (ConfUtils.java:logGet(43)) - raft.server.log.statemachine.data.sync.timeout = 10s (default)
2019-09-12 10:31:21,825 [pool-27-thread-1] INFO  server.RaftServerConfigKeys (ConfUtils.java:logGet(43)) - raft.server.log.statemachine.data.sync.timeout.retry = -1 (default)
2019-09-12 10:31:21,826 [pool-27-thread-1] INFO  server.RaftServerConfigKeys (ConfUtils.java:logGet(43)) - raft.server.log.statemachine.data.caching.enabled = true (custom)
2019-09-12 10:31:21,826 [pool-27-thread-1] INFO  segmented.SegmentedRaftLogWorker (SegmentedRaftLogWorker.java:lambda$new$0(132)) - c9031a36-5f7c-4098-8bea-8a46141708a6-SegmentedRaftLogWorker:Storage Directory /workdir/hadoop-ozone/integration-test/target/test-dir/MiniOzoneClusterImpl-b2817a3f-1508-41b1-b0fd-9fa975eef5fc/datanode-0/data/ratis/e26905e8-e6b2-4111-a186-1867d162a81a: flushIndex: setUnconditionally 0 -> -1
2019-09-12 10:31:21,826 [pool-27-thread-1] INFO  server.RaftServerConfigKeys (ConfUtils.java:logGet(43)) - raft.server.snapshot.auto.trigger.enabled = true (custom)
2019-09-12 10:31:21,827 [pool-27-thread-1] INFO  server.RaftServerConfigKeys (ConfUtils.java:logGet(43)) - raft.server.snapshot.auto.trigger.threshold = 10000 (custom)
2019-09-12 10:31:21,827 [pool-27-thread-1] INFO  server.RaftServerConfigKeys (ConfUtils.java:logGet(43)) - raft.server.retrycache.expirytime = 600000ms (custom)
2019-09-12 10:31:21,827 [pool-27-thread-1] INFO  impl.RaftServerImpl (RaftServerImpl.java:start(180)) - c9031a36-5f7c-4098-8bea-8a46141708a6: start group-1867D162A81A
2019-09-12 10:31:21,827 [pool-27-thread-1] INFO  impl.RaftServerImpl (RaftServerImpl.java:setRole(171)) - c9031a36-5f7c-4098-8bea-8a46141708a6:group-1867D162A81A changes role from null to FOLLOWER at term 0 for startAsFollower
2019-09-12 10:31:21,827 [pool-27-thread-1] INFO  impl.RoleInfo (RoleInfo.java:updateAndGet(143)) - c9031a36-5f7c-4098-8bea-8a46141708a6: start FollowerState
2019-09-12 10:31:21,828 [pool-27-thread-1] INFO  util.JmxRegister (JmxRegister.java:tryRegister(44)) - Successfully registered JMX Bean with object name Ratis:service=RaftServer,group=group-1867D162A81A,id=c9031a36-5f7c-4098-8bea-8a46141708a6
2019-09-12 10:31:21,840 [RatisPipelineUtilsThread] INFO  pipeline.PipelineStateManager (PipelineStateManager.java:addPipeline(56)) - Created pipeline Pipeline[ Id: e26905e8-e6b2-4111-a186-1867d162a81a, Nodes: c9031a36-5f7c-4098-8bea-8a46141708a6{ip: 192.168.36.114, host: pr-hdds-1569-58hkm-1881083799, networkLocation: /default-rack, certSerialId: null}, Type:RATIS, Factor:ONE, State:OPEN]
2019-09-12 10:31:21,856 [grpc-default-executor-0] INFO  impl.RaftServerProxy (RaftServerProxy.java:addNew(89)) - eaeff1e2-de9c-4510-872d-283eb6c3c330: addNew group-DE80C5374D9A:[eaeff1e2-de9c-4510-872d-283eb6c3c330:192.168.36.114:37393] returns group-DE80C5374D9A:java.util.concurrent.CompletableFuture@6dd08f0f[Not completed]
2019-09-12 10:31:21,859 [pool-49-thread-1] INFO  impl.RaftServerImpl (RaftServerImpl.java:<init>(93)) - eaeff1e2-de9c-4510-872d-283eb6c3c330: new RaftServerImpl for group-DE80C5374D9A:[eaeff1e2-de9c-4510-872d-283eb6c3c330:192.168.36.114:37393] with ContainerStateMachine:uninitialized
2019-09-12 10:31:21,859 [pool-49-thread-1] INFO  server.RaftServerConfigKeys (ConfUtils.java:logGet(43)) - raft.server.rpc.timeout.min = 1s (custom)
2019-09-12 10:31:21,859 [pool-49-thread-1] INFO  server.RaftServerConfigKeys (ConfUtils.java:logGet(43)) - raft.server.rpc.timeout.max = 1200ms (custom)
2019-09-12 10:31:21,860 [pool-49-thread-1] INFO  server.RaftServerConfigKeys (ConfUtils.java:logGet(43)) - raft.server.rpcslowness.timeout = 120s (custom)
2019-09-12 10:31:21,860 [pool-49-thread-1] INFO  server.RaftServerConfigKeys (ConfUtils.java:logGet(43)) - raft.server.sleep.deviation.threshold = 300 (default)
2019-09-12 10:31:21,860 [pool-49-thread-1] INFO  server.RaftServerConfigKeys (ConfUtils.java:logGet(43)) - raft.server.log.appender.install.snapshot.enabled = false (custom)
2019-09-12 10:31:21,860 [pool-49-thread-1] INFO  impl.RaftServerImpl (ServerState.java:<init>(105)) - eaeff1e2-de9c-4510-872d-283eb6c3c330:group-DE80C5374D9A ConfigurationManager, init=-1: [eaeff1e2-de9c-4510-872d-283eb6c3c330:192.168.36.114:37393], old=null, confs=<EMPTY_MAP>
2019-09-12 10:31:21,861 [pool-49-thread-1] INFO  server.RaftServerConfigKeys (ConfUtils.java:logGet(43)) - raft.server.storage.dir = [/workdir/hadoop-ozone/integration-test/target/test-dir/MiniOzoneClusterImpl-b2817a3f-1508-41b1-b0fd-9fa975eef5fc/datanode-2/data/ratis] (custom)
2019-09-12 10:31:21,861 [pool-49-thread-1] INFO  storage.RaftStorageDirectory (RaftStorageDirectory.java:analyzeStorage(246)) - The storage directory /workdir/hadoop-ozone/integration-test/target/test-dir/MiniOzoneClusterImpl-b2817a3f-1508-41b1-b0fd-9fa975eef5fc/datanode-2/data/ratis/f1136aa1-faf9-42db-bbaa-de80c5374d9a does not exist. Creating ...
2019-09-12 10:31:21,886 [pool-49-thread-1] INFO  storage.RaftStorageDirectory (RaftStorageDirectory.java:tryLock(328)) - Lock on /workdir/hadoop-ozone/integration-test/target/test-dir/MiniOzoneClusterImpl-b2817a3f-1508-41b1-b0fd-9fa975eef5fc/datanode-2/data/ratis/f1136aa1-faf9-42db-bbaa-de80c5374d9a/in_use.lock acquired by nodename 1396@pr-hdds-1569-58hkm-1881083799
2019-09-12 10:31:21,900 [pool-49-thread-1] INFO  storage.RaftStorage (RaftStorage.java:format(72)) - Storage directory /workdir/hadoop-ozone/integration-test/target/test-dir/MiniOzoneClusterImpl-b2817a3f-1508-41b1-b0fd-9fa975eef5fc/datanode-2/data/ratis/f1136aa1-faf9-42db-bbaa-de80c5374d9a has been successfully formatted.
2019-09-12 10:31:21,900 [pool-49-thread-1] INFO  ratis.ContainerStateMachine (ContainerStateMachine.java:loadSnapshot(226)) - group-DE80C5374D9A: The snapshot info is null. Setting the last applied indexto:(t:0, i:~)
2019-09-12 10:31:21,901 [pool-49-thread-1] INFO  server.RaftServerConfigKeys (ConfUtils.java:logGet(43)) - raft.server.leader.election.timeout = 120s (custom)
2019-09-12 10:31:21,901 [pool-49-thread-1] INFO  server.RaftServerConfigKeys (ConfUtils.java:logGet(43)) - raft.server.log.use.memory = false (default)
2019-09-12 10:31:21,901 [pool-49-thread-1] INFO  server.RaftServerConfigKeys (ConfUtils.java:logGet(43)) - raft.server.log.purge.gap = 1000000 (custom)
2019-09-12 10:31:21,901 [pool-49-thread-1] INFO  server.RaftServerConfigKeys (ConfUtils.java:logGet(43)) - raft.server.log.appender.buffer.byte-limit = 33554432 (custom)
2019-09-12 10:31:21,901 [pool-49-thread-1] INFO  server.RaftServerConfigKeys (ConfUtils.java:logGet(43)) - raft.server.log.segment.size.max = 1048576 (custom)
2019-09-12 10:31:21,902 [pool-49-thread-1] INFO  server.RaftServerConfigKeys (ConfUtils.java:logGet(43)) - raft.server.log.segment.cache.num.max = 2 (custom)
2019-09-12 10:31:21,902 [pool-49-thread-1] INFO  segmented.SegmentedRaftLogWorker (SegmentedRaftLogWorker.java:<init>(172)) - new eaeff1e2-de9c-4510-872d-283eb6c3c330-SegmentedRaftLogWorker:Storage Directory /workdir/hadoop-ozone/integration-test/target/test-dir/MiniOzoneClusterImpl-b2817a3f-1508-41b1-b0fd-9fa975eef5fc/datanode-2/data/ratis/f1136aa1-faf9-42db-bbaa-de80c5374d9a for RaftStorage:Storage Directory /workdir/hadoop-ozone/integration-test/target/test-dir/MiniOzoneClusterImpl-b2817a3f-1508-41b1-b0fd-9fa975eef5fc/datanode-2/data/ratis/f1136aa1-faf9-42db-bbaa-de80c5374d9a
2019-09-12 10:31:21,902 [pool-49-thread-1] INFO  server.RaftServerConfigKeys (ConfUtils.java:logGet(43)) - raft.server.log.queue.byte-limit = 2147483647 (custom)
2019-09-12 10:31:21,902 [pool-49-thread-1] INFO  server.RaftServerConfigKeys (ConfUtils.java:logGet(43)) - raft.server.log.queue.element-limit = 1024 (custom)
2019-09-12 10:31:21,902 [pool-49-thread-1] INFO  server.RaftServerConfigKeys (ConfUtils.java:logGet(43)) - raft.server.log.segment.size.max = 1048576 (custom)
2019-09-12 10:31:21,903 [pool-49-thread-1] INFO  server.RaftServerConfigKeys (ConfUtils.java:logGet(43)) - raft.server.log.preallocated.size = 16384 (custom)
2019-09-12 10:31:21,903 [pool-49-thread-1] INFO  server.RaftServerConfigKeys (ConfUtils.java:logGet(43)) - raft.server.log.write.buffer.size = 33554432 (custom)
2019-09-12 10:31:21,903 [pool-49-thread-1] INFO  server.RaftServerConfigKeys (ConfUtils.java:logGet(43)) - raft.server.log.force.sync.num = 128 (default)
2019-09-12 10:31:21,903 [pool-49-thread-1] INFO  server.RaftServerConfigKeys (ConfUtils.java:logGet(43)) - raft.server.log.statemachine.data.sync = true (default)
2019-09-12 10:31:21,903 [pool-49-thread-1] INFO  server.RaftServerConfigKeys (ConfUtils.java:logGet(43)) - raft.server.log.statemachine.data.sync.timeout = 10s (default)
2019-09-12 10:31:21,903 [pool-49-thread-1] INFO  server.RaftServerConfigKeys (ConfUtils.java:logGet(43)) - raft.server.log.statemachine.data.sync.timeout.retry = -1 (default)
2019-09-12 10:31:21,904 [pool-49-thread-1] INFO  server.RaftServerConfigKeys (ConfUtils.java:logGet(43)) - raft.server.log.statemachine.data.caching.enabled = true (custom)
2019-09-12 10:31:21,904 [pool-49-thread-1] INFO  segmented.SegmentedRaftLogWorker (SegmentedRaftLogWorker.java:lambda$new$0(132)) - eaeff1e2-de9c-4510-872d-283eb6c3c330-SegmentedRaftLogWorker:Storage Directory /workdir/hadoop-ozone/integration-test/target/test-dir/MiniOzoneClusterImpl-b2817a3f-1508-41b1-b0fd-9fa975eef5fc/datanode-2/data/ratis/f1136aa1-faf9-42db-bbaa-de80c5374d9a: flushIndex: setUnconditionally 0 -> -1
2019-09-12 10:31:21,904 [pool-49-thread-1] INFO  server.RaftServerConfigKeys (ConfUtils.java:logGet(43)) - raft.server.snapshot.auto.trigger.enabled = true (custom)
2019-09-12 10:31:21,905 [pool-49-thread-1] INFO  server.RaftServerConfigKeys (ConfUtils.java:logGet(43)) - raft.server.snapshot.auto.trigger.threshold = 10000 (custom)
2019-09-12 10:31:21,905 [pool-49-thread-1] INFO  server.RaftServerConfigKeys (ConfUtils.java:logGet(43)) - raft.server.retrycache.expirytime = 600000ms (custom)
2019-09-12 10:31:21,905 [pool-49-thread-1] INFO  impl.RaftServerImpl (RaftServerImpl.java:start(180)) - eaeff1e2-de9c-4510-872d-283eb6c3c330: start group-DE80C5374D9A
2019-09-12 10:31:21,905 [pool-49-thread-1] INFO  impl.RaftServerImpl (RaftServerImpl.java:setRole(171)) - eaeff1e2-de9c-4510-872d-283eb6c3c330:group-DE80C5374D9A changes role from null to FOLLOWER at term 0 for startAsFollower
2019-09-12 10:31:21,906 [pool-49-thread-1] INFO  impl.RoleInfo (RoleInfo.java:updateAndGet(143)) - eaeff1e2-de9c-4510-872d-283eb6c3c330: start FollowerState
2019-09-12 10:31:21,906 [pool-49-thread-1] INFO  util.JmxRegister (JmxRegister.java:tryRegister(44)) - Successfully registered JMX Bean with object name Ratis:service=RaftServer,group=group-DE80C5374D9A,id=eaeff1e2-de9c-4510-872d-283eb6c3c330
2019-09-12 10:31:21,919 [RatisPipelineUtilsThread] INFO  pipeline.PipelineStateManager (PipelineStateManager.java:addPipeline(56)) - Created pipeline Pipeline[ Id: f1136aa1-faf9-42db-bbaa-de80c5374d9a, Nodes: eaeff1e2-de9c-4510-872d-283eb6c3c330{ip: 192.168.36.114, host: pr-hdds-1569-58hkm-1881083799, networkLocation: /default-rack, certSerialId: null}, Type:RATIS, Factor:ONE, State:OPEN]
2019-09-12 10:31:21,935 [grpc-default-executor-0] INFO  impl.RaftServerProxy (RaftServerProxy.java:addNew(89)) - 2cb9d557-cb56-4745-8686-5e72b62e748a: addNew group-174436494AAF:[2cb9d557-cb56-4745-8686-5e72b62e748a:192.168.36.114:41494] returns group-174436494AAF:java.util.concurrent.CompletableFuture@421540a4[Not completed]
2019-09-12 10:31:21,936 [pool-38-thread-1] INFO  impl.RaftServerImpl (RaftServerImpl.java:<init>(93)) - 2cb9d557-cb56-4745-8686-5e72b62e748a: new RaftServerImpl for group-174436494AAF:[2cb9d557-cb56-4745-8686-5e72b62e748a:192.168.36.114:41494] with ContainerStateMachine:uninitialized
2019-09-12 10:31:21,937 [pool-38-thread-1] INFO  server.RaftServerConfigKeys (ConfUtils.java:logGet(43)) - raft.server.rpc.timeout.min = 1s (custom)
2019-09-12 10:31:21,937 [pool-38-thread-1] INFO  server.RaftServerConfigKeys (ConfUtils.java:logGet(43)) - raft.server.rpc.timeout.max = 1200ms (custom)
2019-09-12 10:31:21,937 [pool-38-thread-1] INFO  server.RaftServerConfigKeys (ConfUtils.java:logGet(43)) - raft.server.rpcslowness.timeout = 120s (custom)
2019-09-12 10:31:21,937 [pool-38-thread-1] INFO  server.RaftServerConfigKeys (ConfUtils.java:logGet(43)) - raft.server.sleep.deviation.threshold = 300 (default)
2019-09-12 10:31:21,937 [pool-38-thread-1] INFO  server.RaftServerConfigKeys (ConfUtils.java:logGet(43)) - raft.server.log.appender.install.snapshot.enabled = false (custom)
2019-09-12 10:31:21,937 [pool-38-thread-1] INFO  impl.RaftServerImpl (ServerState.java:<init>(105)) - 2cb9d557-cb56-4745-8686-5e72b62e748a:group-174436494AAF ConfigurationManager, init=-1: [2cb9d557-cb56-4745-8686-5e72b62e748a:192.168.36.114:41494], old=null, confs=<EMPTY_MAP>
2019-09-12 10:31:21,938 [pool-38-thread-1] INFO  server.RaftServerConfigKeys (ConfUtils.java:logGet(43)) - raft.server.storage.dir = [/workdir/hadoop-ozone/integration-test/target/test-dir/MiniOzoneClusterImpl-b2817a3f-1508-41b1-b0fd-9fa975eef5fc/datanode-1/data/ratis] (custom)
2019-09-12 10:31:21,940 [pool-38-thread-1] INFO  storage.RaftStorageDirectory (RaftStorageDirectory.java:analyzeStorage(246)) - The storage directory /workdir/hadoop-ozone/integration-test/target/test-dir/MiniOzoneClusterImpl-b2817a3f-1508-41b1-b0fd-9fa975eef5fc/datanode-1/data/ratis/ddfd868a-c071-4365-8ac0-174436494aaf does not exist. Creating ...
2019-09-12 10:31:21,958 [pool-38-thread-1] INFO  storage.RaftStorageDirectory (RaftStorageDirectory.java:tryLock(328)) - Lock on /workdir/hadoop-ozone/integration-test/target/test-dir/MiniOzoneClusterImpl-b2817a3f-1508-41b1-b0fd-9fa975eef5fc/datanode-1/data/ratis/ddfd868a-c071-4365-8ac0-174436494aaf/in_use.lock acquired by nodename 1396@pr-hdds-1569-58hkm-1881083799
2019-09-12 10:31:21,972 [pool-38-thread-1] INFO  storage.RaftStorage (RaftStorage.java:format(72)) - Storage directory /workdir/hadoop-ozone/integration-test/target/test-dir/MiniOzoneClusterImpl-b2817a3f-1508-41b1-b0fd-9fa975eef5fc/datanode-1/data/ratis/ddfd868a-c071-4365-8ac0-174436494aaf has been successfully formatted.
2019-09-12 10:31:21,972 [pool-38-thread-1] INFO  ratis.ContainerStateMachine (ContainerStateMachine.java:loadSnapshot(226)) - group-174436494AAF: The snapshot info is null. Setting the last applied indexto:(t:0, i:~)
2019-09-12 10:31:21,972 [pool-38-thread-1] INFO  server.RaftServerConfigKeys (ConfUtils.java:logGet(43)) - raft.server.leader.election.timeout = 120s (custom)
2019-09-12 10:31:21,972 [pool-38-thread-1] INFO  server.RaftServerConfigKeys (ConfUtils.java:logGet(43)) - raft.server.log.use.memory = false (default)
2019-09-12 10:31:21,972 [pool-38-thread-1] INFO  server.RaftServerConfigKeys (ConfUtils.java:logGet(43)) - raft.server.log.purge.gap = 1000000 (custom)
2019-09-12 10:31:21,972 [pool-38-thread-1] INFO  server.RaftServerConfigKeys (ConfUtils.java:logGet(43)) - raft.server.log.appender.buffer.byte-limit = 33554432 (custom)
2019-09-12 10:31:21,973 [pool-38-thread-1] INFO  server.RaftServerConfigKeys (ConfUtils.java:logGet(43)) - raft.server.log.segment.size.max = 1048576 (custom)
2019-09-12 10:31:21,973 [pool-38-thread-1] INFO  server.RaftServerConfigKeys (ConfUtils.java:logGet(43)) - raft.server.log.segment.cache.num.max = 2 (custom)
2019-09-12 10:31:21,973 [pool-38-thread-1] INFO  segmented.SegmentedRaftLogWorker (SegmentedRaftLogWorker.java:<init>(172)) - new 2cb9d557-cb56-4745-8686-5e72b62e748a-SegmentedRaftLogWorker:Storage Directory /workdir/hadoop-ozone/integration-test/target/test-dir/MiniOzoneClusterImpl-b2817a3f-1508-41b1-b0fd-9fa975eef5fc/datanode-1/data/ratis/ddfd868a-c071-4365-8ac0-174436494aaf for RaftStorage:Storage Directory /workdir/hadoop-ozone/integration-test/target/test-dir/MiniOzoneClusterImpl-b2817a3f-1508-41b1-b0fd-9fa975eef5fc/datanode-1/data/ratis/ddfd868a-c071-4365-8ac0-174436494aaf
2019-09-12 10:31:21,973 [pool-38-thread-1] INFO  server.RaftServerConfigKeys (ConfUtils.java:logGet(43)) - raft.server.log.queue.byte-limit = 2147483647 (custom)
2019-09-12 10:31:21,973 [pool-38-thread-1] INFO  server.RaftServerConfigKeys (ConfUtils.java:logGet(43)) - raft.server.log.queue.element-limit = 1024 (custom)
2019-09-12 10:31:21,973 [pool-38-thread-1] INFO  server.RaftServerConfigKeys (ConfUtils.java:logGet(43)) - raft.server.log.segment.size.max = 1048576 (custom)
2019-09-12 10:31:21,973 [pool-38-thread-1] INFO  server.RaftServerConfigKeys (ConfUtils.java:logGet(43)) - raft.server.log.preallocated.size = 16384 (custom)
2019-09-12 10:31:21,973 [pool-38-thread-1] INFO  server.RaftServerConfigKeys (ConfUtils.java:logGet(43)) - raft.server.log.write.buffer.size = 33554432 (custom)
2019-09-12 10:31:21,974 [pool-38-thread-1] INFO  server.RaftServerConfigKeys (ConfUtils.java:logGet(43)) - raft.server.log.force.sync.num = 128 (default)
2019-09-12 10:31:21,974 [pool-38-thread-1] INFO  server.RaftServerConfigKeys (ConfUtils.java:logGet(43)) - raft.server.log.statemachine.data.sync = true (default)
2019-09-12 10:31:21,974 [pool-38-thread-1] INFO  server.RaftServerConfigKeys (ConfUtils.java:logGet(43)) - raft.server.log.statemachine.data.sync.timeout = 10s (default)
2019-09-12 10:31:21,974 [pool-38-thread-1] INFO  server.RaftServerConfigKeys (ConfUtils.java:logGet(43)) - raft.server.log.statemachine.data.sync.timeout.retry = -1 (default)
2019-09-12 10:31:21,974 [pool-38-thread-1] INFO  server.RaftServerConfigKeys (ConfUtils.java:logGet(43)) - raft.server.log.statemachine.data.caching.enabled = true (custom)
2019-09-12 10:31:21,979 [pool-38-thread-1] INFO  segmented.SegmentedRaftLogWorker (SegmentedRaftLogWorker.java:lambda$new$0(132)) - 2cb9d557-cb56-4745-8686-5e72b62e748a-SegmentedRaftLogWorker:Storage Directory /workdir/hadoop-ozone/integration-test/target/test-dir/MiniOzoneClusterImpl-b2817a3f-1508-41b1-b0fd-9fa975eef5fc/datanode-1/data/ratis/ddfd868a-c071-4365-8ac0-174436494aaf: flushIndex: setUnconditionally 0 -> -1
2019-09-12 10:31:21,979 [pool-38-thread-1] INFO  server.RaftServerConfigKeys (ConfUtils.java:logGet(43)) - raft.server.snapshot.auto.trigger.enabled = true (custom)
2019-09-12 10:31:21,979 [pool-38-thread-1] INFO  server.RaftServerConfigKeys (ConfUtils.java:logGet(43)) - raft.server.snapshot.auto.trigger.threshold = 10000 (custom)
2019-09-12 10:31:21,979 [pool-38-thread-1] INFO  server.RaftServerConfigKeys (ConfUtils.java:logGet(43)) - raft.server.retrycache.expirytime = 600000ms (custom)
2019-09-12 10:31:21,980 [pool-38-thread-1] INFO  impl.RaftServerImpl (RaftServerImpl.java:start(180)) - 2cb9d557-cb56-4745-8686-5e72b62e748a: start group-174436494AAF
2019-09-12 10:31:21,980 [pool-38-thread-1] INFO  impl.RaftServerImpl (RaftServerImpl.java:setRole(171)) - 2cb9d557-cb56-4745-8686-5e72b62e748a:group-174436494AAF changes role from null to FOLLOWER at term 0 for startAsFollower
2019-09-12 10:31:21,980 [pool-38-thread-1] INFO  impl.RoleInfo (RoleInfo.java:updateAndGet(143)) - 2cb9d557-cb56-4745-8686-5e72b62e748a: start FollowerState
2019-09-12 10:31:21,980 [pool-38-thread-1] INFO  util.JmxRegister (JmxRegister.java:tryRegister(44)) - Successfully registered JMX Bean with object name Ratis:service=RaftServer,group=group-174436494AAF,id=2cb9d557-cb56-4745-8686-5e72b62e748a
2019-09-12 10:31:21,990 [RatisPipelineUtilsThread] INFO  pipeline.PipelineStateManager (PipelineStateManager.java:addPipeline(56)) - Created pipeline Pipeline[ Id: ddfd868a-c071-4365-8ac0-174436494aaf, Nodes: 2cb9d557-cb56-4745-8686-5e72b62e748a{ip: 192.168.36.114, host: pr-hdds-1569-58hkm-1881083799, networkLocation: /default-rack, certSerialId: null}, Type:RATIS, Factor:ONE, State:OPEN]
2019-09-12 10:31:22,006 [grpc-default-executor-0] INFO  impl.RaftServerProxy (RaftServerProxy.java:addNew(89)) - eaeff1e2-de9c-4510-872d-283eb6c3c330: addNew group-14F3B238F73E:[eaeff1e2-de9c-4510-872d-283eb6c3c330:192.168.36.114:37393] returns group-14F3B238F73E:java.util.concurrent.CompletableFuture@260b9e00[Not completed]
2019-09-12 10:31:22,008 [pool-49-thread-1] INFO  impl.RaftServerImpl (RaftServerImpl.java:<init>(93)) - eaeff1e2-de9c-4510-872d-283eb6c3c330: new RaftServerImpl for group-14F3B238F73E:[eaeff1e2-de9c-4510-872d-283eb6c3c330:192.168.36.114:37393] with ContainerStateMachine:uninitialized
2019-09-12 10:31:22,008 [pool-49-thread-1] INFO  server.RaftServerConfigKeys (ConfUtils.java:logGet(43)) - raft.server.rpc.timeout.min = 1s (custom)
2019-09-12 10:31:22,009 [pool-49-thread-1] INFO  server.RaftServerConfigKeys (ConfUtils.java:logGet(43)) - raft.server.rpc.timeout.max = 1200ms (custom)
2019-09-12 10:31:22,009 [pool-49-thread-1] INFO  server.RaftServerConfigKeys (ConfUtils.java:logGet(43)) - raft.server.rpcslowness.timeout = 120s (custom)
2019-09-12 10:31:22,009 [pool-49-thread-1] INFO  server.RaftServerConfigKeys (ConfUtils.java:logGet(43)) - raft.server.sleep.deviation.threshold = 300 (default)
2019-09-12 10:31:22,009 [pool-49-thread-1] INFO  server.RaftServerConfigKeys (ConfUtils.java:logGet(43)) - raft.server.log.appender.install.snapshot.enabled = false (custom)
2019-09-12 10:31:22,009 [pool-49-thread-1] INFO  impl.RaftServerImpl (ServerState.java:<init>(105)) - eaeff1e2-de9c-4510-872d-283eb6c3c330:group-14F3B238F73E ConfigurationManager, init=-1: [eaeff1e2-de9c-4510-872d-283eb6c3c330:192.168.36.114:37393], old=null, confs=<EMPTY_MAP>
2019-09-12 10:31:22,010 [pool-49-thread-1] INFO  server.RaftServerConfigKeys (ConfUtils.java:logGet(43)) - raft.server.storage.dir = [/workdir/hadoop-ozone/integration-test/target/test-dir/MiniOzoneClusterImpl-b2817a3f-1508-41b1-b0fd-9fa975eef5fc/datanode-2/data/ratis] (custom)
2019-09-12 10:31:22,010 [pool-49-thread-1] INFO  storage.RaftStorageDirectory (RaftStorageDirectory.java:analyzeStorage(246)) - The storage directory /workdir/hadoop-ozone/integration-test/target/test-dir/MiniOzoneClusterImpl-b2817a3f-1508-41b1-b0fd-9fa975eef5fc/datanode-2/data/ratis/7ed8984d-b8c5-445b-8bc7-14f3b238f73e does not exist. Creating ...
2019-09-12 10:31:22,035 [pool-49-thread-1] INFO  storage.RaftStorageDirectory (RaftStorageDirectory.java:tryLock(328)) - Lock on /workdir/hadoop-ozone/integration-test/target/test-dir/MiniOzoneClusterImpl-b2817a3f-1508-41b1-b0fd-9fa975eef5fc/datanode-2/data/ratis/7ed8984d-b8c5-445b-8bc7-14f3b238f73e/in_use.lock acquired by nodename 1396@pr-hdds-1569-58hkm-1881083799
2019-09-12 10:31:22,052 | INFO  | SCMAudit | user=jenkins1000 | ip=192.168.36.114 | op=SEND_HEARTBEAT {datanodeUUID=2cb9d557-cb56-4745-8686-5e72b62e748a, command=[]} | ret=SUCCESS |  
2019-09-12 10:31:22,058 [main] INFO  rpc.RpcClient (RpcClient.java:createVolume(293)) - Creating Volume: watchforcommithandlingtest, with jenkins1000 as owner.
2019-09-12 10:31:22,069 [Thread-239] INFO  impl.FollowerState (FollowerState.java:run(106)) - c9031a36-5f7c-4098-8bea-8a46141708a6:group-BAF49E8056EE changes to CANDIDATE, lastRpcTime:1045, electionTimeout:1044ms
2019-09-12 10:31:22,069 [Thread-239] INFO  impl.RoleInfo (RoleInfo.java:shutdownFollowerState(121)) - c9031a36-5f7c-4098-8bea-8a46141708a6: shutdown FollowerState
2019-09-12 10:31:22,070 [Thread-239] INFO  impl.RaftServerImpl (RaftServerImpl.java:setRole(171)) - c9031a36-5f7c-4098-8bea-8a46141708a6:group-BAF49E8056EE changes role from FOLLOWER to CANDIDATE at term 0 for changeToCandidate
2019-09-12 10:31:22,076 [pool-49-thread-1] INFO  storage.RaftStorage (RaftStorage.java:format(72)) - Storage directory /workdir/hadoop-ozone/integration-test/target/test-dir/MiniOzoneClusterImpl-b2817a3f-1508-41b1-b0fd-9fa975eef5fc/datanode-2/data/ratis/7ed8984d-b8c5-445b-8bc7-14f3b238f73e has been successfully formatted.
2019-09-12 10:31:22,076 [Thread-239] INFO  impl.RoleInfo (RoleInfo.java:updateAndGet(143)) - c9031a36-5f7c-4098-8bea-8a46141708a6: start LeaderElection
2019-09-12 10:31:22,076 [pool-49-thread-1] INFO  ratis.ContainerStateMachine (ContainerStateMachine.java:loadSnapshot(226)) - group-14F3B238F73E: The snapshot info is null. Setting the last applied indexto:(t:0, i:~)
2019-09-12 10:31:22,077 [pool-49-thread-1] INFO  server.RaftServerConfigKeys (ConfUtils.java:logGet(43)) - raft.server.leader.election.timeout = 120s (custom)
2019-09-12 10:31:22,077 [pool-49-thread-1] INFO  server.RaftServerConfigKeys (ConfUtils.java:logGet(43)) - raft.server.log.use.memory = false (default)
2019-09-12 10:31:22,077 [pool-49-thread-1] INFO  server.RaftServerConfigKeys (ConfUtils.java:logGet(43)) - raft.server.log.purge.gap = 1000000 (custom)
2019-09-12 10:31:22,077 [pool-49-thread-1] INFO  server.RaftServerConfigKeys (ConfUtils.java:logGet(43)) - raft.server.log.appender.buffer.byte-limit = 33554432 (custom)
2019-09-12 10:31:22,079 [pool-49-thread-1] INFO  server.RaftServerConfigKeys (ConfUtils.java:logGet(43)) - raft.server.log.segment.size.max = 1048576 (custom)
2019-09-12 10:31:22,083 [pool-49-thread-1] INFO  server.RaftServerConfigKeys (ConfUtils.java:logGet(43)) - raft.server.log.segment.cache.num.max = 2 (custom)
2019-09-12 10:31:22,083 [pool-49-thread-1] INFO  segmented.SegmentedRaftLogWorker (SegmentedRaftLogWorker.java:<init>(172)) - new eaeff1e2-de9c-4510-872d-283eb6c3c330-SegmentedRaftLogWorker:Storage Directory /workdir/hadoop-ozone/integration-test/target/test-dir/MiniOzoneClusterImpl-b2817a3f-1508-41b1-b0fd-9fa975eef5fc/datanode-2/data/ratis/7ed8984d-b8c5-445b-8bc7-14f3b238f73e for RaftStorage:Storage Directory /workdir/hadoop-ozone/integration-test/target/test-dir/MiniOzoneClusterImpl-b2817a3f-1508-41b1-b0fd-9fa975eef5fc/datanode-2/data/ratis/7ed8984d-b8c5-445b-8bc7-14f3b238f73e
2019-09-12 10:31:22,083 [pool-49-thread-1] INFO  server.RaftServerConfigKeys (ConfUtils.java:logGet(43)) - raft.server.log.queue.byte-limit = 2147483647 (custom)
2019-09-12 10:31:22,084 [pool-49-thread-1] INFO  server.RaftServerConfigKeys (ConfUtils.java:logGet(43)) - raft.server.log.queue.element-limit = 1024 (custom)
2019-09-12 10:31:22,084 [pool-49-thread-1] INFO  server.RaftServerConfigKeys (ConfUtils.java:logGet(43)) - raft.server.log.segment.size.max = 1048576 (custom)
2019-09-12 10:31:22,084 [pool-49-thread-1] INFO  server.RaftServerConfigKeys (ConfUtils.java:logGet(43)) - raft.server.log.preallocated.size = 16384 (custom)
2019-09-12 10:31:22,084 [pool-49-thread-1] INFO  server.RaftServerConfigKeys (ConfUtils.java:logGet(43)) - raft.server.log.write.buffer.size = 33554432 (custom)
2019-09-12 10:31:22,084 [pool-49-thread-1] INFO  server.RaftServerConfigKeys (ConfUtils.java:logGet(43)) - raft.server.log.force.sync.num = 128 (default)
2019-09-12 10:31:22,085 [pool-49-thread-1] INFO  server.RaftServerConfigKeys (ConfUtils.java:logGet(43)) - raft.server.log.statemachine.data.sync = true (default)
2019-09-12 10:31:22,085 [pool-49-thread-1] INFO  server.RaftServerConfigKeys (ConfUtils.java:logGet(43)) - raft.server.log.statemachine.data.sync.timeout = 10s (default)
2019-09-12 10:31:22,085 [pool-49-thread-1] INFO  server.RaftServerConfigKeys (ConfUtils.java:logGet(43)) - raft.server.log.statemachine.data.sync.timeout.retry = -1 (default)
2019-09-12 10:31:22,085 [pool-49-thread-1] INFO  server.RaftServerConfigKeys (ConfUtils.java:logGet(43)) - raft.server.log.statemachine.data.caching.enabled = true (custom)
2019-09-12 10:31:22,086 [pool-49-thread-1] INFO  segmented.SegmentedRaftLogWorker (SegmentedRaftLogWorker.java:lambda$new$0(132)) - eaeff1e2-de9c-4510-872d-283eb6c3c330-SegmentedRaftLogWorker:Storage Directory /workdir/hadoop-ozone/integration-test/target/test-dir/MiniOzoneClusterImpl-b2817a3f-1508-41b1-b0fd-9fa975eef5fc/datanode-2/data/ratis/7ed8984d-b8c5-445b-8bc7-14f3b238f73e: flushIndex: setUnconditionally 0 -> -1
2019-09-12 10:31:22,086 [pool-49-thread-1] INFO  server.RaftServerConfigKeys (ConfUtils.java:logGet(43)) - raft.server.snapshot.auto.trigger.enabled = true (custom)
2019-09-12 10:31:22,086 [pool-49-thread-1] INFO  server.RaftServerConfigKeys (ConfUtils.java:logGet(43)) - raft.server.snapshot.auto.trigger.threshold = 10000 (custom)
2019-09-12 10:31:22,087 [pool-49-thread-1] INFO  server.RaftServerConfigKeys (ConfUtils.java:logGet(43)) - raft.server.retrycache.expirytime = 600000ms (custom)
2019-09-12 10:31:22,087 [pool-49-thread-1] INFO  impl.RaftServerImpl (RaftServerImpl.java:start(180)) - eaeff1e2-de9c-4510-872d-283eb6c3c330: start group-14F3B238F73E
2019-09-12 10:31:22,087 [pool-49-thread-1] INFO  impl.RaftServerImpl (RaftServerImpl.java:setRole(171)) - eaeff1e2-de9c-4510-872d-283eb6c3c330:group-14F3B238F73E changes role from null to FOLLOWER at term 0 for startAsFollower
2019-09-12 10:31:22,087 [pool-49-thread-1] INFO  impl.RoleInfo (RoleInfo.java:updateAndGet(143)) - eaeff1e2-de9c-4510-872d-283eb6c3c330: start FollowerState
2019-09-12 10:31:22,088 [pool-49-thread-1] INFO  util.JmxRegister (JmxRegister.java:tryRegister(44)) - Successfully registered JMX Bean with object name Ratis:service=RaftServer,group=group-14F3B238F73E,id=eaeff1e2-de9c-4510-872d-283eb6c3c330
2019-09-12 10:31:22,097 [c9031a36-5f7c-4098-8bea-8a46141708a6:group-BAF49E8056EE:LeaderElection1] INFO  impl.LeaderElection (LeaderElection.java:askForVotes(181)) - c9031a36-5f7c-4098-8bea-8a46141708a6:group-BAF49E8056EE:LeaderElection1: begin an election at term 1 for -1: [c9031a36-5f7c-4098-8bea-8a46141708a6:192.168.36.114:41797], old=null
2019-09-12 10:31:22,101 [RatisPipelineUtilsThread] INFO  pipeline.PipelineStateManager (PipelineStateManager.java:addPipeline(56)) - Created pipeline Pipeline[ Id: 7ed8984d-b8c5-445b-8bc7-14f3b238f73e, Nodes: eaeff1e2-de9c-4510-872d-283eb6c3c330{ip: 192.168.36.114, host: pr-hdds-1569-58hkm-1881083799, networkLocation: /default-rack, certSerialId: null}, Type:RATIS, Factor:ONE, State:OPEN]
2019-09-12 10:31:22,102 [c9031a36-5f7c-4098-8bea-8a46141708a6:group-BAF49E8056EE:LeaderElection1] INFO  impl.RoleInfo (RoleInfo.java:shutdownLeaderElection(134)) - c9031a36-5f7c-4098-8bea-8a46141708a6: shutdown LeaderElection
2019-09-12 10:31:22,102 [c9031a36-5f7c-4098-8bea-8a46141708a6:group-BAF49E8056EE:LeaderElection1] INFO  impl.RaftServerImpl (RaftServerImpl.java:setRole(171)) - c9031a36-5f7c-4098-8bea-8a46141708a6:group-BAF49E8056EE changes role from CANDIDATE to LEADER at term 1 for changeToLeader
2019-09-12 10:31:22,103 [c9031a36-5f7c-4098-8bea-8a46141708a6:group-BAF49E8056EE:LeaderElection1] INFO  impl.RaftServerImpl (ServerState.java:setLeader(263)) - c9031a36-5f7c-4098-8bea-8a46141708a6:group-BAF49E8056EE change Leader from null to c9031a36-5f7c-4098-8bea-8a46141708a6 at term 1 for becomeLeader, leader elected after 1156ms
2019-09-12 10:31:22,103 | INFO  | OMAudit | user=jenkins1000 | ip=127.0.0.1 | op=CREATE_VOLUME {admin=jenkins1000, owner=jenkins1000, volume=watchforcommithandlingtest, creationTime=1568284282089, quotaInBytes=1152921504606846976} | ret=SUCCESS |  
2019-09-12 10:31:22,124 [c9031a36-5f7c-4098-8bea-8a46141708a6:group-BAF49E8056EE:LeaderElection1] INFO  server.RaftServerConfigKeys (ConfUtils.java:logGet(43)) - raft.server.staging.catchup.gap = 1000 (default)
2019-09-12 10:31:22,125 [c9031a36-5f7c-4098-8bea-8a46141708a6:group-BAF49E8056EE:LeaderElection1] INFO  server.RaftServerConfigKeys (ConfUtils.java:logGet(43)) - raft.server.rpc.sleep.time = 25ms (default)
2019-09-12 10:31:22,128 [grpc-default-executor-0] INFO  impl.RaftServerProxy (RaftServerProxy.java:addNew(89)) - c9031a36-5f7c-4098-8bea-8a46141708a6: addNew group-106773777447:[c9031a36-5f7c-4098-8bea-8a46141708a6:192.168.36.114:41797] returns group-106773777447:java.util.concurrent.CompletableFuture@7f973724[Not completed]
2019-09-12 10:31:22,142 [c9031a36-5f7c-4098-8bea-8a46141708a6:group-BAF49E8056EE:LeaderElection1] INFO  server.RaftServerConfigKeys (ConfUtils.java:logGet(43)) - raft.server.write.element-limit = 4096 (default)
2019-09-12 10:31:22,142 [pool-27-thread-1] INFO  impl.RaftServerImpl (RaftServerImpl.java:<init>(93)) - c9031a36-5f7c-4098-8bea-8a46141708a6: new RaftServerImpl for group-106773777447:[c9031a36-5f7c-4098-8bea-8a46141708a6:192.168.36.114:41797] with ContainerStateMachine:uninitialized
2019-09-12 10:31:22,142 [pool-27-thread-1] INFO  server.RaftServerConfigKeys (ConfUtils.java:logGet(43)) - raft.server.rpc.timeout.min = 1s (custom)
2019-09-12 10:31:22,142 [pool-27-thread-1] INFO  server.RaftServerConfigKeys (ConfUtils.java:logGet(43)) - raft.server.rpc.timeout.max = 1200ms (custom)
2019-09-12 10:31:22,143 [pool-27-thread-1] INFO  server.RaftServerConfigKeys (ConfUtils.java:logGet(43)) - raft.server.rpcslowness.timeout = 120s (custom)
2019-09-12 10:31:22,143 [pool-27-thread-1] INFO  server.RaftServerConfigKeys (ConfUtils.java:logGet(43)) - raft.server.sleep.deviation.threshold = 300 (default)
2019-09-12 10:31:22,143 [pool-27-thread-1] INFO  server.RaftServerConfigKeys (ConfUtils.java:logGet(43)) - raft.server.log.appender.install.snapshot.enabled = false (custom)
2019-09-12 10:31:22,143 [pool-27-thread-1] INFO  impl.RaftServerImpl (ServerState.java:<init>(105)) - c9031a36-5f7c-4098-8bea-8a46141708a6:group-106773777447 ConfigurationManager, init=-1: [c9031a36-5f7c-4098-8bea-8a46141708a6:192.168.36.114:41797], old=null, confs=<EMPTY_MAP>
2019-09-12 10:31:22,143 [pool-27-thread-1] INFO  server.RaftServerConfigKeys (ConfUtils.java:logGet(43)) - raft.server.storage.dir = [/workdir/hadoop-ozone/integration-test/target/test-dir/MiniOzoneClusterImpl-b2817a3f-1508-41b1-b0fd-9fa975eef5fc/datanode-0/data/ratis] (custom)
2019-09-12 10:31:22,145 [pool-27-thread-1] INFO  storage.RaftStorageDirectory (RaftStorageDirectory.java:analyzeStorage(246)) - The storage directory /workdir/hadoop-ozone/integration-test/target/test-dir/MiniOzoneClusterImpl-b2817a3f-1508-41b1-b0fd-9fa975eef5fc/datanode-0/data/ratis/e4b36282-e5e2-46a9-9610-106773777447 does not exist. Creating ...
2019-09-12 10:31:22,145 | INFO  | OMAudit | user=jenkins1000 | ip=127.0.0.1 | op=READ_VOLUME {volume=watchforcommithandlingtest} | ret=SUCCESS |  
2019-09-12 10:31:22,146 [c9031a36-5f7c-4098-8bea-8a46141708a6:group-BAF49E8056EE:LeaderElection1] INFO  server.RaftServerConfigKeys (ConfUtils.java:logGet(43)) - raft.server.watch.timeout = 10s (default)
2019-09-12 10:31:22,147 [c9031a36-5f7c-4098-8bea-8a46141708a6:group-BAF49E8056EE:LeaderElection1] INFO  server.RaftServerConfigKeys (ConfUtils.java:logGet(43)) - raft.server.watch.timeout.denomination = 1s (default)
2019-09-12 10:31:22,148 [c9031a36-5f7c-4098-8bea-8a46141708a6:group-BAF49E8056EE:LeaderElection1] INFO  server.RaftServerConfigKeys (ConfUtils.java:logGet(43)) - raft.server.watch.element-limit = 65536 (default)
2019-09-12 10:31:22,152 [main] INFO  rpc.RpcClient (RpcClient.java:createBucket(432)) - Creating Bucket: watchforcommithandlingtest/watchforcommithandlingtest, with Versioning false and Storage Type set to DISK and Encryption set to false 
2019-09-12 10:31:22,158 [c9031a36-5f7c-4098-8bea-8a46141708a6:group-BAF49E8056EE:LeaderElection1] INFO  impl.RoleInfo (RoleInfo.java:updateAndGet(143)) - c9031a36-5f7c-4098-8bea-8a46141708a6: start LeaderState
2019-09-12 10:31:22,158 [pool-27-thread-1] INFO  storage.RaftStorageDirectory (RaftStorageDirectory.java:tryLock(328)) - Lock on /workdir/hadoop-ozone/integration-test/target/test-dir/MiniOzoneClusterImpl-b2817a3f-1508-41b1-b0fd-9fa975eef5fc/datanode-0/data/ratis/e4b36282-e5e2-46a9-9610-106773777447/in_use.lock acquired by nodename 1396@pr-hdds-1569-58hkm-1881083799
2019-09-12 10:31:22,174 [pool-27-thread-1] INFO  storage.RaftStorage (RaftStorage.java:format(72)) - Storage directory /workdir/hadoop-ozone/integration-test/target/test-dir/MiniOzoneClusterImpl-b2817a3f-1508-41b1-b0fd-9fa975eef5fc/datanode-0/data/ratis/e4b36282-e5e2-46a9-9610-106773777447 has been successfully formatted.
2019-09-12 10:31:22,174 [pool-27-thread-1] INFO  ratis.ContainerStateMachine (ContainerStateMachine.java:loadSnapshot(226)) - group-106773777447: The snapshot info is null. Setting the last applied indexto:(t:0, i:~)
2019-09-12 10:31:22,174 [pool-27-thread-1] INFO  server.RaftServerConfigKeys (ConfUtils.java:logGet(43)) - raft.server.leader.election.timeout = 120s (custom)
2019-09-12 10:31:22,174 [pool-27-thread-1] INFO  server.RaftServerConfigKeys (ConfUtils.java:logGet(43)) - raft.server.log.use.memory = false (default)
2019-09-12 10:31:22,175 [pool-27-thread-1] INFO  server.RaftServerConfigKeys (ConfUtils.java:logGet(43)) - raft.server.log.purge.gap = 1000000 (custom)
2019-09-12 10:31:22,175 [pool-27-thread-1] INFO  server.RaftServerConfigKeys (ConfUtils.java:logGet(43)) - raft.server.log.appender.buffer.byte-limit = 33554432 (custom)
2019-09-12 10:31:22,175 | INFO  | OMAudit | user=jenkins1000 | ip=127.0.0.1 | op=CREATE_BUCKET {volume=watchforcommithandlingtest, bucket=watchforcommithandlingtest, acls=[user:jenkins1000:a[ACCESS], group:default:a[ACCESS]], isVersionEnabled=false, storageType=DISK, creationTime=0} | ret=SUCCESS |  
2019-09-12 10:31:22,175 [pool-27-thread-1] INFO  server.RaftServerConfigKeys (ConfUtils.java:logGet(43)) - raft.server.log.segment.size.max = 1048576 (custom)
2019-09-12 10:31:22,175 [pool-27-thread-1] INFO  server.RaftServerConfigKeys (ConfUtils.java:logGet(43)) - raft.server.log.segment.cache.num.max = 2 (custom)
2019-09-12 10:31:22,175 [pool-27-thread-1] INFO  segmented.SegmentedRaftLogWorker (SegmentedRaftLogWorker.java:<init>(172)) - new c9031a36-5f7c-4098-8bea-8a46141708a6-SegmentedRaftLogWorker:Storage Directory /workdir/hadoop-ozone/integration-test/target/test-dir/MiniOzoneClusterImpl-b2817a3f-1508-41b1-b0fd-9fa975eef5fc/datanode-0/data/ratis/e4b36282-e5e2-46a9-9610-106773777447 for RaftStorage:Storage Directory /workdir/hadoop-ozone/integration-test/target/test-dir/MiniOzoneClusterImpl-b2817a3f-1508-41b1-b0fd-9fa975eef5fc/datanode-0/data/ratis/e4b36282-e5e2-46a9-9610-106773777447
2019-09-12 10:31:22,176 [pool-27-thread-1] INFO  server.RaftServerConfigKeys (ConfUtils.java:logGet(43)) - raft.server.log.queue.byte-limit = 2147483647 (custom)
2019-09-12 10:31:22,176 [main] INFO  ozone.MiniOzoneClusterImpl (MiniOzoneClusterImpl.java:getStorageContainerLocationClient(241)) - Creating StorageContainerLocationProtocol RPC client with address /0.0.0.0:45245
2019-09-12 10:31:22,176 [pool-27-thread-1] INFO  server.RaftServerConfigKeys (ConfUtils.java:logGet(43)) - raft.server.log.queue.element-limit = 1024 (custom)
2019-09-12 10:31:22,178 [pool-27-thread-1] INFO  server.RaftServerConfigKeys (ConfUtils.java:logGet(43)) - raft.server.log.segment.size.max = 1048576 (custom)
2019-09-12 10:31:22,178 [pool-27-thread-1] INFO  server.RaftServerConfigKeys (ConfUtils.java:logGet(43)) - raft.server.log.preallocated.size = 16384 (custom)
2019-09-12 10:31:22,178 [pool-27-thread-1] INFO  server.RaftServerConfigKeys (ConfUtils.java:logGet(43)) - raft.server.log.write.buffer.size = 33554432 (custom)
2019-09-12 10:31:22,179 [pool-27-thread-1] INFO  server.RaftServerConfigKeys (ConfUtils.java:logGet(43)) - raft.server.log.force.sync.num = 128 (default)
2019-09-12 10:31:22,179 [pool-27-thread-1] INFO  server.RaftServerConfigKeys (ConfUtils.java:logGet(43)) - raft.server.log.statemachine.data.sync = true (default)
2019-09-12 10:31:22,179 [main] INFO  impl.MetricsSystemImpl (MetricsSystemImpl.java:init(158)) - XceiverClientMetrics metrics system started (again)
2019-09-12 10:31:22,179 [pool-27-thread-1] INFO  server.RaftServerConfigKeys (ConfUtils.java:logGet(43)) - raft.server.log.statemachine.data.sync.timeout = 10s (default)
2019-09-12 10:31:22,179 [pool-27-thread-1] INFO  server.RaftServerConfigKeys (ConfUtils.java:logGet(43)) - raft.server.log.statemachine.data.sync.timeout.retry = -1 (default)
2019-09-12 10:31:22,180 [pool-27-thread-1] INFO  server.RaftServerConfigKeys (ConfUtils.java:logGet(43)) - raft.server.log.statemachine.data.caching.enabled = true (custom)
2019-09-12 10:31:22,180 [pool-27-thread-1] INFO  segmented.SegmentedRaftLogWorker (SegmentedRaftLogWorker.java:lambda$new$0(132)) - c9031a36-5f7c-4098-8bea-8a46141708a6-SegmentedRaftLogWorker:Storage Directory /workdir/hadoop-ozone/integration-test/target/test-dir/MiniOzoneClusterImpl-b2817a3f-1508-41b1-b0fd-9fa975eef5fc/datanode-0/data/ratis/e4b36282-e5e2-46a9-9610-106773777447: flushIndex: setUnconditionally 0 -> -1
2019-09-12 10:31:22,180 [pool-27-thread-1] INFO  server.RaftServerConfigKeys (ConfUtils.java:logGet(43)) - raft.server.snapshot.auto.trigger.enabled = true (custom)
2019-09-12 10:31:22,181 [pool-27-thread-1] INFO  server.RaftServerConfigKeys (ConfUtils.java:logGet(43)) - raft.server.snapshot.auto.trigger.threshold = 10000 (custom)
2019-09-12 10:31:22,181 [pool-27-thread-1] INFO  server.RaftServerConfigKeys (ConfUtils.java:logGet(43)) - raft.server.retrycache.expirytime = 600000ms (custom)
2019-09-12 10:31:22,181 [pool-27-thread-1] INFO  impl.RaftServerImpl (RaftServerImpl.java:start(180)) - c9031a36-5f7c-4098-8bea-8a46141708a6: start group-106773777447
2019-09-12 10:31:22,181 [pool-27-thread-1] INFO  impl.RaftServerImpl (RaftServerImpl.java:setRole(171)) - c9031a36-5f7c-4098-8bea-8a46141708a6:group-106773777447 changes role from null to FOLLOWER at term 0 for startAsFollower
2019-09-12 10:31:22,182 [pool-27-thread-1] INFO  impl.RoleInfo (RoleInfo.java:updateAndGet(143)) - c9031a36-5f7c-4098-8bea-8a46141708a6: start FollowerState
2019-09-12 10:31:22,182 [pool-27-thread-1] INFO  util.JmxRegister (JmxRegister.java:tryRegister(44)) - Successfully registered JMX Bean with object name Ratis:service=RaftServer,group=group-106773777447,id=c9031a36-5f7c-4098-8bea-8a46141708a6
2019-09-12 10:31:22,198 [RatisPipelineUtilsThread] INFO  pipeline.PipelineStateManager (PipelineStateManager.java:addPipeline(56)) - Created pipeline Pipeline[ Id: e4b36282-e5e2-46a9-9610-106773777447, Nodes: c9031a36-5f7c-4098-8bea-8a46141708a6{ip: 192.168.36.114, host: pr-hdds-1569-58hkm-1881083799, networkLocation: /default-rack, certSerialId: null}, Type:RATIS, Factor:ONE, State:OPEN]
2019-09-12 10:31:22,198 | INFO  | OMAudit | user=jenkins1000 | ip=127.0.0.1 | op=READ_VOLUME {volume=watchforcommithandlingtest} | ret=SUCCESS |  
2019-09-12 10:31:22,198 [c9031a36-5f7c-4098-8bea-8a46141708a6:group-BAF49E8056EE:LeaderElection1] INFO  segmented.SegmentedRaftLogWorker (SegmentedRaftLogWorker.java:startLogSegment(380)) - c9031a36-5f7c-4098-8bea-8a46141708a6-SegmentedRaftLogWorker:Storage Directory /workdir/hadoop-ozone/integration-test/target/test-dir/MiniOzoneClusterImpl-b2817a3f-1508-41b1-b0fd-9fa975eef5fc/datanode-0/data/ratis/fcf2e820-72ea-4c4a-bb50-baf49e8056ee: Starting segment from index:0
2019-09-12 10:31:22,227 | INFO  | OMAudit | user=jenkins1000 | ip=127.0.0.1 | op=READ_BUCKET {volume=watchforcommithandlingtest, bucket=watchforcommithandlingtest} | ret=SUCCESS |  
2019-09-12 10:31:22,227 [grpc-default-executor-0] INFO  impl.RaftServerProxy (RaftServerProxy.java:addNew(89)) - 2cb9d557-cb56-4745-8686-5e72b62e748a: addNew group-15D7D0B1F3E7:[2cb9d557-cb56-4745-8686-5e72b62e748a:192.168.36.114:41494] returns group-15D7D0B1F3E7:java.util.concurrent.CompletableFuture@1c059bd9[Not completed]
2019-09-12 10:31:22,228 [pool-38-thread-1] INFO  impl.RaftServerImpl (RaftServerImpl.java:<init>(93)) - 2cb9d557-cb56-4745-8686-5e72b62e748a: new RaftServerImpl for group-15D7D0B1F3E7:[2cb9d557-cb56-4745-8686-5e72b62e748a:192.168.36.114:41494] with ContainerStateMachine:uninitialized
2019-09-12 10:31:22,228 [pool-38-thread-1] INFO  server.RaftServerConfigKeys (ConfUtils.java:logGet(43)) - raft.server.rpc.timeout.min = 1s (custom)
2019-09-12 10:31:22,229 [pool-38-thread-1] INFO  server.RaftServerConfigKeys (ConfUtils.java:logGet(43)) - raft.server.rpc.timeout.max = 1200ms (custom)
2019-09-12 10:31:22,229 [pool-38-thread-1] INFO  server.RaftServerConfigKeys (ConfUtils.java:logGet(43)) - raft.server.rpcslowness.timeout = 120s (custom)
2019-09-12 10:31:22,229 [pool-38-thread-1] INFO  server.RaftServerConfigKeys (ConfUtils.java:logGet(43)) - raft.server.sleep.deviation.threshold = 300 (default)
2019-09-12 10:31:22,229 [pool-38-thread-1] INFO  server.RaftServerConfigKeys (ConfUtils.java:logGet(43)) - raft.server.log.appender.install.snapshot.enabled = false (custom)
2019-09-12 10:31:22,229 [pool-38-thread-1] INFO  impl.RaftServerImpl (ServerState.java:<init>(105)) - 2cb9d557-cb56-4745-8686-5e72b62e748a:group-15D7D0B1F3E7 ConfigurationManager, init=-1: [2cb9d557-cb56-4745-8686-5e72b62e748a:192.168.36.114:41494], old=null, confs=<EMPTY_MAP>
2019-09-12 10:31:22,229 [pool-38-thread-1] INFO  server.RaftServerConfigKeys (ConfUtils.java:logGet(43)) - raft.server.storage.dir = [/workdir/hadoop-ozone/integration-test/target/test-dir/MiniOzoneClusterImpl-b2817a3f-1508-41b1-b0fd-9fa975eef5fc/datanode-1/data/ratis] (custom)
2019-09-12 10:31:22,230 [pool-38-thread-1] INFO  storage.RaftStorageDirectory (RaftStorageDirectory.java:analyzeStorage(246)) - The storage directory /workdir/hadoop-ozone/integration-test/target/test-dir/MiniOzoneClusterImpl-b2817a3f-1508-41b1-b0fd-9fa975eef5fc/datanode-1/data/ratis/2558e998-1d9d-4d63-9c26-15d7d0b1f3e7 does not exist. Creating ...
2019-09-12 10:31:22,230 [c9031a36-5f7c-4098-8bea-8a46141708a6:group-BAF49E8056EE:LeaderElection1] INFO  impl.RaftServerImpl (ServerState.java:setRaftConf(361)) - c9031a36-5f7c-4098-8bea-8a46141708a6:group-BAF49E8056EE set configuration 0: [c9031a36-5f7c-4098-8bea-8a46141708a6:192.168.36.114:41797], old=null at 0
2019-09-12 10:31:22,245 [pool-38-thread-1] INFO  storage.RaftStorageDirectory (RaftStorageDirectory.java:tryLock(328)) - Lock on /workdir/hadoop-ozone/integration-test/target/test-dir/MiniOzoneClusterImpl-b2817a3f-1508-41b1-b0fd-9fa975eef5fc/datanode-1/data/ratis/2558e998-1d9d-4d63-9c26-15d7d0b1f3e7/in_use.lock acquired by nodename 1396@pr-hdds-1569-58hkm-1881083799
2019-09-12 10:31:22,278 [pool-38-thread-1] INFO  storage.RaftStorage (RaftStorage.java:format(72)) - Storage directory /workdir/hadoop-ozone/integration-test/target/test-dir/MiniOzoneClusterImpl-b2817a3f-1508-41b1-b0fd-9fa975eef5fc/datanode-1/data/ratis/2558e998-1d9d-4d63-9c26-15d7d0b1f3e7 has been successfully formatted.
2019-09-12 10:31:22,278 [pool-38-thread-1] INFO  ratis.ContainerStateMachine (ContainerStateMachine.java:loadSnapshot(226)) - group-15D7D0B1F3E7: The snapshot info is null. Setting the last applied indexto:(t:0, i:~)
2019-09-12 10:31:22,279 [pool-38-thread-1] INFO  server.RaftServerConfigKeys (ConfUtils.java:logGet(43)) - raft.server.leader.election.timeout = 120s (custom)
2019-09-12 10:31:22,279 [pool-38-thread-1] INFO  server.RaftServerConfigKeys (ConfUtils.java:logGet(43)) - raft.server.log.use.memory = false (default)
2019-09-12 10:31:22,279 [pool-38-thread-1] INFO  server.RaftServerConfigKeys (ConfUtils.java:logGet(43)) - raft.server.log.purge.gap = 1000000 (custom)
2019-09-12 10:31:22,279 [pool-38-thread-1] INFO  server.RaftServerConfigKeys (ConfUtils.java:logGet(43)) - raft.server.log.appender.buffer.byte-limit = 33554432 (custom)
2019-09-12 10:31:22,279 [pool-38-thread-1] INFO  server.RaftServerConfigKeys (ConfUtils.java:logGet(43)) - raft.server.log.segment.size.max = 1048576 (custom)
2019-09-12 10:31:22,280 [pool-38-thread-1] INFO  server.RaftServerConfigKeys (ConfUtils.java:logGet(43)) - raft.server.log.segment.cache.num.max = 2 (custom)
2019-09-12 10:31:22,280 [pool-38-thread-1] INFO  segmented.SegmentedRaftLogWorker (SegmentedRaftLogWorker.java:<init>(172)) - new 2cb9d557-cb56-4745-8686-5e72b62e748a-SegmentedRaftLogWorker:Storage Directory /workdir/hadoop-ozone/integration-test/target/test-dir/MiniOzoneClusterImpl-b2817a3f-1508-41b1-b0fd-9fa975eef5fc/datanode-1/data/ratis/2558e998-1d9d-4d63-9c26-15d7d0b1f3e7 for RaftStorage:Storage Directory /workdir/hadoop-ozone/integration-test/target/test-dir/MiniOzoneClusterImpl-b2817a3f-1508-41b1-b0fd-9fa975eef5fc/datanode-1/data/ratis/2558e998-1d9d-4d63-9c26-15d7d0b1f3e7
2019-09-12 10:31:22,280 [pool-38-thread-1] INFO  server.RaftServerConfigKeys (ConfUtils.java:logGet(43)) - raft.server.log.queue.byte-limit = 2147483647 (custom)
2019-09-12 10:31:22,280 [pool-38-thread-1] INFO  server.RaftServerConfigKeys (ConfUtils.java:logGet(43)) - raft.server.log.queue.element-limit = 1024 (custom)
2019-09-12 10:31:22,280 [pool-38-thread-1] INFO  server.RaftServerConfigKeys (ConfUtils.java:logGet(43)) - raft.server.log.segment.size.max = 1048576 (custom)
2019-09-12 10:31:22,281 [pool-38-thread-1] INFO  server.RaftServerConfigKeys (ConfUtils.java:logGet(43)) - raft.server.log.preallocated.size = 16384 (custom)
2019-09-12 10:31:22,281 [pool-38-thread-1] INFO  server.RaftServerConfigKeys (ConfUtils.java:logGet(43)) - raft.server.log.write.buffer.size = 33554432 (custom)
2019-09-12 10:31:22,281 [pool-38-thread-1] INFO  server.RaftServerConfigKeys (ConfUtils.java:logGet(43)) - raft.server.log.force.sync.num = 128 (default)
2019-09-12 10:31:22,281 [pool-38-thread-1] INFO  server.RaftServerConfigKeys (ConfUtils.java:logGet(43)) - raft.server.log.statemachine.data.sync = true (default)
2019-09-12 10:31:22,281 [pool-38-thread-1] INFO  server.RaftServerConfigKeys (ConfUtils.java:logGet(43)) - raft.server.log.statemachine.data.sync.timeout = 10s (default)
2019-09-12 10:31:22,281 [pool-38-thread-1] INFO  server.RaftServerConfigKeys (ConfUtils.java:logGet(43)) - raft.server.log.statemachine.data.sync.timeout.retry = -1 (default)
2019-09-12 10:31:22,282 [pool-38-thread-1] INFO  server.RaftServerConfigKeys (ConfUtils.java:logGet(43)) - raft.server.log.statemachine.data.caching.enabled = true (custom)
2019-09-12 10:31:22,282 [pool-38-thread-1] INFO  segmented.SegmentedRaftLogWorker (SegmentedRaftLogWorker.java:lambda$new$0(132)) - 2cb9d557-cb56-4745-8686-5e72b62e748a-SegmentedRaftLogWorker:Storage Directory /workdir/hadoop-ozone/integration-test/target/test-dir/MiniOzoneClusterImpl-b2817a3f-1508-41b1-b0fd-9fa975eef5fc/datanode-1/data/ratis/2558e998-1d9d-4d63-9c26-15d7d0b1f3e7: flushIndex: setUnconditionally 0 -> -1
2019-09-12 10:31:22,282 [pool-38-thread-1] INFO  server.RaftServerConfigKeys (ConfUtils.java:logGet(43)) - raft.server.snapshot.auto.trigger.enabled = true (custom)
2019-09-12 10:31:22,283 [pool-38-thread-1] INFO  server.RaftServerConfigKeys (ConfUtils.java:logGet(43)) - raft.server.snapshot.auto.trigger.threshold = 10000 (custom)
2019-09-12 10:31:22,283 [pool-38-thread-1] INFO  server.RaftServerConfigKeys (ConfUtils.java:logGet(43)) - raft.server.retrycache.expirytime = 600000ms (custom)
2019-09-12 10:31:22,283 [pool-38-thread-1] INFO  impl.RaftServerImpl (RaftServerImpl.java:start(180)) - 2cb9d557-cb56-4745-8686-5e72b62e748a: start group-15D7D0B1F3E7
2019-09-12 10:31:22,283 [pool-38-thread-1] INFO  impl.RaftServerImpl (RaftServerImpl.java:setRole(171)) - 2cb9d557-cb56-4745-8686-5e72b62e748a:group-15D7D0B1F3E7 changes role from null to FOLLOWER at term 0 for startAsFollower
2019-09-12 10:31:22,283 [pool-38-thread-1] INFO  impl.RoleInfo (RoleInfo.java:updateAndGet(143)) - 2cb9d557-cb56-4745-8686-5e72b62e748a: start FollowerState
2019-09-12 10:31:22,284 [pool-38-thread-1] INFO  util.JmxRegister (JmxRegister.java:tryRegister(44)) - Successfully registered JMX Bean with object name Ratis:service=RaftServer,group=group-15D7D0B1F3E7,id=2cb9d557-cb56-4745-8686-5e72b62e748a
2019-09-12 10:31:22,295 [RatisPipelineUtilsThread] INFO  pipeline.PipelineStateManager (PipelineStateManager.java:addPipeline(56)) - Created pipeline Pipeline[ Id: 2558e998-1d9d-4d63-9c26-15d7d0b1f3e7, Nodes: 2cb9d557-cb56-4745-8686-5e72b62e748a{ip: 192.168.36.114, host: pr-hdds-1569-58hkm-1881083799, networkLocation: /default-rack, certSerialId: null}, Type:RATIS, Factor:ONE, State:OPEN]
2019-09-12 10:31:22,306 [grpc-default-executor-0] INFO  impl.RaftServerProxy (RaftServerProxy.java:addNew(89)) - c9031a36-5f7c-4098-8bea-8a46141708a6: addNew group-775A736A8547:[c9031a36-5f7c-4098-8bea-8a46141708a6:192.168.36.114:41797] returns group-775A736A8547:java.util.concurrent.CompletableFuture@37c745ff[Not completed]
2019-09-12 10:31:22,308 [pool-27-thread-1] INFO  impl.RaftServerImpl (RaftServerImpl.java:<init>(93)) - c9031a36-5f7c-4098-8bea-8a46141708a6: new RaftServerImpl for group-775A736A8547:[c9031a36-5f7c-4098-8bea-8a46141708a6:192.168.36.114:41797] with ContainerStateMachine:uninitialized
2019-09-12 10:31:22,308 [pool-27-thread-1] INFO  server.RaftServerConfigKeys (ConfUtils.java:logGet(43)) - raft.server.rpc.timeout.min = 1s (custom)
2019-09-12 10:31:22,308 [pool-27-thread-1] INFO  server.RaftServerConfigKeys (ConfUtils.java:logGet(43)) - raft.server.rpc.timeout.max = 1200ms (custom)
2019-09-12 10:31:22,309 [pool-27-thread-1] INFO  server.RaftServerConfigKeys (ConfUtils.java:logGet(43)) - raft.server.rpcslowness.timeout = 120s (custom)
2019-09-12 10:31:22,309 [pool-27-thread-1] INFO  server.RaftServerConfigKeys (ConfUtils.java:logGet(43)) - raft.server.sleep.deviation.threshold = 300 (default)
2019-09-12 10:31:22,309 [pool-27-thread-1] INFO  server.RaftServerConfigKeys (ConfUtils.java:logGet(43)) - raft.server.log.appender.install.snapshot.enabled = false (custom)
2019-09-12 10:31:22,309 [pool-27-thread-1] INFO  impl.RaftServerImpl (ServerState.java:<init>(105)) - c9031a36-5f7c-4098-8bea-8a46141708a6:group-775A736A8547 ConfigurationManager, init=-1: [c9031a36-5f7c-4098-8bea-8a46141708a6:192.168.36.114:41797], old=null, confs=<EMPTY_MAP>
2019-09-12 10:31:22,309 [pool-27-thread-1] INFO  server.RaftServerConfigKeys (ConfUtils.java:logGet(43)) - raft.server.storage.dir = [/workdir/hadoop-ozone/integration-test/target/test-dir/MiniOzoneClusterImpl-b2817a3f-1508-41b1-b0fd-9fa975eef5fc/datanode-0/data/ratis] (custom)
2019-09-12 10:31:22,310 [pool-27-thread-1] INFO  storage.RaftStorageDirectory (RaftStorageDirectory.java:analyzeStorage(246)) - The storage directory /workdir/hadoop-ozone/integration-test/target/test-dir/MiniOzoneClusterImpl-b2817a3f-1508-41b1-b0fd-9fa975eef5fc/datanode-0/data/ratis/61359740-f739-4a04-9878-775a736a8547 does not exist. Creating ...
2019-09-12 10:31:22,323 [pool-27-thread-1] INFO  storage.RaftStorageDirectory (RaftStorageDirectory.java:tryLock(328)) - Lock on /workdir/hadoop-ozone/integration-test/target/test-dir/MiniOzoneClusterImpl-b2817a3f-1508-41b1-b0fd-9fa975eef5fc/datanode-0/data/ratis/61359740-f739-4a04-9878-775a736a8547/in_use.lock acquired by nodename 1396@pr-hdds-1569-58hkm-1881083799
2019-09-12 10:31:22,338 [pool-27-thread-1] INFO  storage.RaftStorage (RaftStorage.java:format(72)) - Storage directory /workdir/hadoop-ozone/integration-test/target/test-dir/MiniOzoneClusterImpl-b2817a3f-1508-41b1-b0fd-9fa975eef5fc/datanode-0/data/ratis/61359740-f739-4a04-9878-775a736a8547 has been successfully formatted.
2019-09-12 10:31:22,338 [pool-27-thread-1] INFO  ratis.ContainerStateMachine (ContainerStateMachine.java:loadSnapshot(226)) - group-775A736A8547: The snapshot info is null. Setting the last applied indexto:(t:0, i:~)
2019-09-12 10:31:22,338 [pool-27-thread-1] INFO  server.RaftServerConfigKeys (ConfUtils.java:logGet(43)) - raft.server.leader.election.timeout = 120s (custom)
2019-09-12 10:31:22,338 [pool-27-thread-1] INFO  server.RaftServerConfigKeys (ConfUtils.java:logGet(43)) - raft.server.log.use.memory = false (default)
2019-09-12 10:31:22,339 [pool-27-thread-1] INFO  server.RaftServerConfigKeys (ConfUtils.java:logGet(43)) - raft.server.log.purge.gap = 1000000 (custom)
2019-09-12 10:31:22,339 [pool-27-thread-1] INFO  server.RaftServerConfigKeys (ConfUtils.java:logGet(43)) - raft.server.log.appender.buffer.byte-limit = 33554432 (custom)
2019-09-12 10:31:22,339 [pool-27-thread-1] INFO  server.RaftServerConfigKeys (ConfUtils.java:logGet(43)) - raft.server.log.segment.size.max = 1048576 (custom)
2019-09-12 10:31:22,339 [pool-27-thread-1] INFO  server.RaftServerConfigKeys (ConfUtils.java:logGet(43)) - raft.server.log.segment.cache.num.max = 2 (custom)
2019-09-12 10:31:22,339 [pool-27-thread-1] INFO  segmented.SegmentedRaftLogWorker (SegmentedRaftLogWorker.java:<init>(172)) - new c9031a36-5f7c-4098-8bea-8a46141708a6-SegmentedRaftLogWorker:Storage Directory /workdir/hadoop-ozone/integration-test/target/test-dir/MiniOzoneClusterImpl-b2817a3f-1508-41b1-b0fd-9fa975eef5fc/datanode-0/data/ratis/61359740-f739-4a04-9878-775a736a8547 for RaftStorage:Storage Directory /workdir/hadoop-ozone/integration-test/target/test-dir/MiniOzoneClusterImpl-b2817a3f-1508-41b1-b0fd-9fa975eef5fc/datanode-0/data/ratis/61359740-f739-4a04-9878-775a736a8547
2019-09-12 10:31:22,339 [pool-27-thread-1] INFO  server.RaftServerConfigKeys (ConfUtils.java:logGet(43)) - raft.server.log.queue.byte-limit = 2147483647 (custom)
2019-09-12 10:31:22,340 [pool-27-thread-1] INFO  server.RaftServerConfigKeys (ConfUtils.java:logGet(43)) - raft.server.log.queue.element-limit = 1024 (custom)
2019-09-12 10:31:22,340 [pool-27-thread-1] INFO  server.RaftServerConfigKeys (ConfUtils.java:logGet(43)) - raft.server.log.segment.size.max = 1048576 (custom)
2019-09-12 10:31:22,340 [pool-27-thread-1] INFO  server.RaftServerConfigKeys (ConfUtils.java:logGet(43)) - raft.server.log.preallocated.size = 16384 (custom)
2019-09-12 10:31:22,340 [pool-27-thread-1] INFO  server.RaftServerConfigKeys (ConfUtils.java:logGet(43)) - raft.server.log.write.buffer.size = 33554432 (custom)
2019-09-12 10:31:22,340 [pool-27-thread-1] INFO  server.RaftServerConfigKeys (ConfUtils.java:logGet(43)) - raft.server.log.force.sync.num = 128 (default)
2019-09-12 10:31:22,340 [pool-27-thread-1] INFO  server.RaftServerConfigKeys (ConfUtils.java:logGet(43)) - raft.server.log.statemachine.data.sync = true (default)
2019-09-12 10:31:22,340 [pool-27-thread-1] INFO  server.RaftServerConfigKeys (ConfUtils.java:logGet(43)) - raft.server.log.statemachine.data.sync.timeout = 10s (default)
2019-09-12 10:31:22,341 [pool-27-thread-1] INFO  server.RaftServerConfigKeys (ConfUtils.java:logGet(43)) - raft.server.log.statemachine.data.sync.timeout.retry = -1 (default)
2019-09-12 10:31:22,341 [pool-27-thread-1] INFO  server.RaftServerConfigKeys (ConfUtils.java:logGet(43)) - raft.server.log.statemachine.data.caching.enabled = true (custom)
2019-09-12 10:31:22,341 [pool-27-thread-1] INFO  segmented.SegmentedRaftLogWorker (SegmentedRaftLogWorker.java:lambda$new$0(132)) - c9031a36-5f7c-4098-8bea-8a46141708a6-SegmentedRaftLogWorker:Storage Directory /workdir/hadoop-ozone/integration-test/target/test-dir/MiniOzoneClusterImpl-b2817a3f-1508-41b1-b0fd-9fa975eef5fc/datanode-0/data/ratis/61359740-f739-4a04-9878-775a736a8547: flushIndex: setUnconditionally 0 -> -1
2019-09-12 10:31:22,341 [pool-27-thread-1] INFO  server.RaftServerConfigKeys (ConfUtils.java:logGet(43)) - raft.server.snapshot.auto.trigger.enabled = true (custom)
2019-09-12 10:31:22,341 [pool-27-thread-1] INFO  server.RaftServerConfigKeys (ConfUtils.java:logGet(43)) - raft.server.snapshot.auto.trigger.threshold = 10000 (custom)
2019-09-12 10:31:22,342 [pool-27-thread-1] INFO  server.RaftServerConfigKeys (ConfUtils.java:logGet(43)) - raft.server.retrycache.expirytime = 600000ms (custom)
2019-09-12 10:31:22,342 [pool-27-thread-1] INFO  impl.RaftServerImpl (RaftServerImpl.java:start(180)) - c9031a36-5f7c-4098-8bea-8a46141708a6: start group-775A736A8547
2019-09-12 10:31:22,342 [pool-27-thread-1] INFO  impl.RaftServerImpl (RaftServerImpl.java:setRole(171)) - c9031a36-5f7c-4098-8bea-8a46141708a6:group-775A736A8547 changes role from null to FOLLOWER at term 0 for startAsFollower
2019-09-12 10:31:22,342 [pool-27-thread-1] INFO  impl.RoleInfo (RoleInfo.java:updateAndGet(143)) - c9031a36-5f7c-4098-8bea-8a46141708a6: start FollowerState
2019-09-12 10:31:22,343 [pool-27-thread-1] INFO  util.JmxRegister (JmxRegister.java:tryRegister(44)) - Successfully registered JMX Bean with object name Ratis:service=RaftServer,group=group-775A736A8547,id=c9031a36-5f7c-4098-8bea-8a46141708a6
2019-09-12 10:31:22,347 [Thread-242] INFO  impl.FollowerState (FollowerState.java:run(106)) - f17b4253-95a0-4ee6-8ded-88f070f15b33:group-6767E2F121B2 changes to CANDIDATE, lastRpcTime:1097, electionTimeout:1093ms
2019-09-12 10:31:22,350 [Thread-242] INFO  impl.RoleInfo (RoleInfo.java:shutdownFollowerState(121)) - f17b4253-95a0-4ee6-8ded-88f070f15b33: shutdown FollowerState
2019-09-12 10:31:22,350 [Thread-242] INFO  impl.RaftServerImpl (RaftServerImpl.java:setRole(171)) - f17b4253-95a0-4ee6-8ded-88f070f15b33:group-6767E2F121B2 changes role from FOLLOWER to CANDIDATE at term 0 for changeToCandidate
2019-09-12 10:31:22,350 [Thread-242] INFO  impl.RoleInfo (RoleInfo.java:updateAndGet(143)) - f17b4253-95a0-4ee6-8ded-88f070f15b33: start LeaderElection
2019-09-12 10:31:22,355 [RatisPipelineUtilsThread] INFO  pipeline.PipelineStateManager (PipelineStateManager.java:addPipeline(56)) - Created pipeline Pipeline[ Id: 61359740-f739-4a04-9878-775a736a8547, Nodes: c9031a36-5f7c-4098-8bea-8a46141708a6{ip: 192.168.36.114, host: pr-hdds-1569-58hkm-1881083799, networkLocation: /default-rack, certSerialId: null}, Type:RATIS, Factor:ONE, State:OPEN]
2019-09-12 10:31:22,356 [RatisPipelineUtilsThread] ERROR pipeline.PipelinePlacementPolicy (PipelinePlacementPolicy.java:meetCriteria(92)) - Pipeline Placement: Doesn't meet the criteria to be viable node. Heaviness: 6
2019-09-12 10:31:22,366 [grpc-default-executor-0] INFO  impl.RaftServerProxy (RaftServerProxy.java:addNew(89)) - eaeff1e2-de9c-4510-872d-283eb6c3c330: addNew group-869C0F0624A2:[eaeff1e2-de9c-4510-872d-283eb6c3c330:192.168.36.114:37393] returns group-869C0F0624A2:java.util.concurrent.CompletableFuture@412ac9d5[Not completed]
2019-09-12 10:31:22,367 [pool-49-thread-1] INFO  impl.RaftServerImpl (RaftServerImpl.java:<init>(93)) - eaeff1e2-de9c-4510-872d-283eb6c3c330: new RaftServerImpl for group-869C0F0624A2:[eaeff1e2-de9c-4510-872d-283eb6c3c330:192.168.36.114:37393] with ContainerStateMachine:uninitialized
2019-09-12 10:31:22,368 [pool-49-thread-1] INFO  server.RaftServerConfigKeys (ConfUtils.java:logGet(43)) - raft.server.rpc.timeout.min = 1s (custom)
2019-09-12 10:31:22,368 [pool-49-thread-1] INFO  server.RaftServerConfigKeys (ConfUtils.java:logGet(43)) - raft.server.rpc.timeout.max = 1200ms (custom)
2019-09-12 10:31:22,368 [pool-49-thread-1] INFO  server.RaftServerConfigKeys (ConfUtils.java:logGet(43)) - raft.server.rpcslowness.timeout = 120s (custom)
2019-09-12 10:31:22,368 [pool-49-thread-1] INFO  server.RaftServerConfigKeys (ConfUtils.java:logGet(43)) - raft.server.sleep.deviation.threshold = 300 (default)
2019-09-12 10:31:22,368 [pool-49-thread-1] INFO  server.RaftServerConfigKeys (ConfUtils.java:logGet(43)) - raft.server.log.appender.install.snapshot.enabled = false (custom)
2019-09-12 10:31:22,368 [pool-49-thread-1] INFO  impl.RaftServerImpl (ServerState.java:<init>(105)) - eaeff1e2-de9c-4510-872d-283eb6c3c330:group-869C0F0624A2 ConfigurationManager, init=-1: [eaeff1e2-de9c-4510-872d-283eb6c3c330:192.168.36.114:37393], old=null, confs=<EMPTY_MAP>
2019-09-12 10:31:22,368 [pool-49-thread-1] INFO  server.RaftServerConfigKeys (ConfUtils.java:logGet(43)) - raft.server.storage.dir = [/workdir/hadoop-ozone/integration-test/target/test-dir/MiniOzoneClusterImpl-b2817a3f-1508-41b1-b0fd-9fa975eef5fc/datanode-2/data/ratis] (custom)
2019-09-12 10:31:22,368 [f17b4253-95a0-4ee6-8ded-88f070f15b33:group-6767E2F121B2:LeaderElection2] INFO  impl.LeaderElection (LeaderElection.java:askForVotes(181)) - f17b4253-95a0-4ee6-8ded-88f070f15b33:group-6767E2F121B2:LeaderElection2: begin an election at term 1 for -1: [f17b4253-95a0-4ee6-8ded-88f070f15b33:192.168.36.114:35683], old=null
2019-09-12 10:31:22,370 [f17b4253-95a0-4ee6-8ded-88f070f15b33:group-6767E2F121B2:LeaderElection2] INFO  impl.RoleInfo (RoleInfo.java:shutdownLeaderElection(134)) - f17b4253-95a0-4ee6-8ded-88f070f15b33: shutdown LeaderElection
2019-09-12 10:31:22,370 [pool-49-thread-1] INFO  storage.RaftStorageDirectory (RaftStorageDirectory.java:analyzeStorage(246)) - The storage directory /workdir/hadoop-ozone/integration-test/target/test-dir/MiniOzoneClusterImpl-b2817a3f-1508-41b1-b0fd-9fa975eef5fc/datanode-2/data/ratis/2b1aa338-2d86-4c93-a67a-869c0f0624a2 does not exist. Creating ...
2019-09-12 10:31:22,370 [f17b4253-95a0-4ee6-8ded-88f070f15b33:group-6767E2F121B2:LeaderElection2] INFO  impl.RaftServerImpl (RaftServerImpl.java:setRole(171)) - f17b4253-95a0-4ee6-8ded-88f070f15b33:group-6767E2F121B2 changes role from CANDIDATE to LEADER at term 1 for changeToLeader
2019-09-12 10:31:22,371 [f17b4253-95a0-4ee6-8ded-88f070f15b33:group-6767E2F121B2:LeaderElection2] INFO  impl.RaftServerImpl (ServerState.java:setLeader(263)) - f17b4253-95a0-4ee6-8ded-88f070f15b33:group-6767E2F121B2 change Leader from null to f17b4253-95a0-4ee6-8ded-88f070f15b33 at term 1 for becomeLeader, leader elected after 1130ms
2019-09-12 10:31:22,372 [f17b4253-95a0-4ee6-8ded-88f070f15b33:group-6767E2F121B2:LeaderElection2] INFO  server.RaftServerConfigKeys (ConfUtils.java:logGet(43)) - raft.server.staging.catchup.gap = 1000 (default)
2019-09-12 10:31:22,372 [f17b4253-95a0-4ee6-8ded-88f070f15b33:group-6767E2F121B2:LeaderElection2] INFO  server.RaftServerConfigKeys (ConfUtils.java:logGet(43)) - raft.server.rpc.sleep.time = 25ms (default)
2019-09-12 10:31:22,372 [f17b4253-95a0-4ee6-8ded-88f070f15b33:group-6767E2F121B2:LeaderElection2] INFO  server.RaftServerConfigKeys (ConfUtils.java:logGet(43)) - raft.server.write.element-limit = 4096 (default)
2019-09-12 10:31:22,373 [f17b4253-95a0-4ee6-8ded-88f070f15b33:group-6767E2F121B2:LeaderElection2] INFO  server.RaftServerConfigKeys (ConfUtils.java:logGet(43)) - raft.server.watch.timeout = 10s (default)
2019-09-12 10:31:22,373 [f17b4253-95a0-4ee6-8ded-88f070f15b33:group-6767E2F121B2:LeaderElection2] INFO  server.RaftServerConfigKeys (ConfUtils.java:logGet(43)) - raft.server.watch.timeout.denomination = 1s (default)
2019-09-12 10:31:22,373 [f17b4253-95a0-4ee6-8ded-88f070f15b33:group-6767E2F121B2:LeaderElection2] INFO  server.RaftServerConfigKeys (ConfUtils.java:logGet(43)) - raft.server.watch.element-limit = 65536 (default)
2019-09-12 10:31:22,373 [f17b4253-95a0-4ee6-8ded-88f070f15b33:group-6767E2F121B2:LeaderElection2] INFO  impl.RoleInfo (RoleInfo.java:updateAndGet(143)) - f17b4253-95a0-4ee6-8ded-88f070f15b33: start LeaderState
2019-09-12 10:31:22,374 [f17b4253-95a0-4ee6-8ded-88f070f15b33:group-6767E2F121B2:LeaderElection2] INFO  segmented.SegmentedRaftLogWorker (SegmentedRaftLogWorker.java:startLogSegment(380)) - f17b4253-95a0-4ee6-8ded-88f070f15b33-SegmentedRaftLogWorker:Storage Directory /workdir/hadoop-ozone/integration-test/target/test-dir/MiniOzoneClusterImpl-b2817a3f-1508-41b1-b0fd-9fa975eef5fc/datanode-3/data/ratis/09bc4531-49ef-491d-9418-6767e2f121b2: Starting segment from index:0
2019-09-12 10:31:22,374 [f17b4253-95a0-4ee6-8ded-88f070f15b33:group-6767E2F121B2:LeaderElection2] INFO  impl.RaftServerImpl (ServerState.java:setRaftConf(361)) - f17b4253-95a0-4ee6-8ded-88f070f15b33:group-6767E2F121B2 set configuration 0: [f17b4253-95a0-4ee6-8ded-88f070f15b33:192.168.36.114:35683], old=null at 0
2019-09-12 10:31:22,376 [Thread-245] INFO  impl.FollowerState (FollowerState.java:run(106)) - c9031a36-5f7c-4098-8bea-8a46141708a6:group-29CA1ACFED3F changes to CANDIDATE, lastRpcTime:1034, electionTimeout:1034ms
2019-09-12 10:31:22,376 [Thread-245] INFO  impl.RoleInfo (RoleInfo.java:shutdownFollowerState(121)) - c9031a36-5f7c-4098-8bea-8a46141708a6: shutdown FollowerState
2019-09-12 10:31:22,376 [Thread-245] INFO  impl.RaftServerImpl (RaftServerImpl.java:setRole(171)) - c9031a36-5f7c-4098-8bea-8a46141708a6:group-29CA1ACFED3F changes role from FOLLOWER to CANDIDATE at term 0 for changeToCandidate
2019-09-12 10:31:22,376 [Thread-245] INFO  impl.RoleInfo (RoleInfo.java:updateAndGet(143)) - c9031a36-5f7c-4098-8bea-8a46141708a6: start LeaderElection
2019-09-12 10:31:22,385 [pool-49-thread-1] INFO  storage.RaftStorageDirectory (RaftStorageDirectory.java:tryLock(328)) - Lock on /workdir/hadoop-ozone/integration-test/target/test-dir/MiniOzoneClusterImpl-b2817a3f-1508-41b1-b0fd-9fa975eef5fc/datanode-2/data/ratis/2b1aa338-2d86-4c93-a67a-869c0f0624a2/in_use.lock acquired by nodename 1396@pr-hdds-1569-58hkm-1881083799
2019-09-12 10:31:22,385 [c9031a36-5f7c-4098-8bea-8a46141708a6:group-29CA1ACFED3F:LeaderElection3] INFO  impl.LeaderElection (LeaderElection.java:askForVotes(181)) - c9031a36-5f7c-4098-8bea-8a46141708a6:group-29CA1ACFED3F:LeaderElection3: begin an election at term 1 for -1: [c9031a36-5f7c-4098-8bea-8a46141708a6:192.168.36.114:41797], old=null
2019-09-12 10:31:22,386 [c9031a36-5f7c-4098-8bea-8a46141708a6:group-29CA1ACFED3F:LeaderElection3] INFO  impl.RoleInfo (RoleInfo.java:shutdownLeaderElection(134)) - c9031a36-5f7c-4098-8bea-8a46141708a6: shutdown LeaderElection
2019-09-12 10:31:22,386 [c9031a36-5f7c-4098-8bea-8a46141708a6:group-29CA1ACFED3F:LeaderElection3] INFO  impl.RaftServerImpl (RaftServerImpl.java:setRole(171)) - c9031a36-5f7c-4098-8bea-8a46141708a6:group-29CA1ACFED3F changes role from CANDIDATE to LEADER at term 1 for changeToLeader
2019-09-12 10:31:22,386 [c9031a36-5f7c-4098-8bea-8a46141708a6:group-29CA1ACFED3F:LeaderElection3] INFO  impl.RaftServerImpl (ServerState.java:setLeader(263)) - c9031a36-5f7c-4098-8bea-8a46141708a6:group-29CA1ACFED3F change Leader from null to c9031a36-5f7c-4098-8bea-8a46141708a6 at term 1 for becomeLeader, leader elected after 1049ms
2019-09-12 10:31:22,386 [c9031a36-5f7c-4098-8bea-8a46141708a6:group-29CA1ACFED3F:LeaderElection3] INFO  server.RaftServerConfigKeys (ConfUtils.java:logGet(43)) - raft.server.staging.catchup.gap = 1000 (default)
2019-09-12 10:31:22,386 [c9031a36-5f7c-4098-8bea-8a46141708a6:group-29CA1ACFED3F:LeaderElection3] INFO  server.RaftServerConfigKeys (ConfUtils.java:logGet(43)) - raft.server.rpc.sleep.time = 25ms (default)
2019-09-12 10:31:22,386 [c9031a36-5f7c-4098-8bea-8a46141708a6:group-29CA1ACFED3F:LeaderElection3] INFO  server.RaftServerConfigKeys (ConfUtils.java:logGet(43)) - raft.server.write.element-limit = 4096 (default)
2019-09-12 10:31:22,386 [c9031a36-5f7c-4098-8bea-8a46141708a6:group-29CA1ACFED3F:LeaderElection3] INFO  server.RaftServerConfigKeys (ConfUtils.java:logGet(43)) - raft.server.watch.timeout = 10s (default)
2019-09-12 10:31:22,387 [c9031a36-5f7c-4098-8bea-8a46141708a6:group-29CA1ACFED3F:LeaderElection3] INFO  server.RaftServerConfigKeys (ConfUtils.java:logGet(43)) - raft.server.watch.timeout.denomination = 1s (default)
2019-09-12 10:31:22,387 [c9031a36-5f7c-4098-8bea-8a46141708a6:group-29CA1ACFED3F:LeaderElection3] INFO  server.RaftServerConfigKeys (ConfUtils.java:logGet(43)) - raft.server.watch.element-limit = 65536 (default)
2019-09-12 10:31:22,387 [c9031a36-5f7c-4098-8bea-8a46141708a6:group-29CA1ACFED3F:LeaderElection3] INFO  impl.RoleInfo (RoleInfo.java:updateAndGet(143)) - c9031a36-5f7c-4098-8bea-8a46141708a6: start LeaderState
2019-09-12 10:31:22,387 [c9031a36-5f7c-4098-8bea-8a46141708a6:group-29CA1ACFED3F:LeaderElection3] INFO  segmented.SegmentedRaftLogWorker (SegmentedRaftLogWorker.java:startLogSegment(380)) - c9031a36-5f7c-4098-8bea-8a46141708a6-SegmentedRaftLogWorker:Storage Directory /workdir/hadoop-ozone/integration-test/target/test-dir/MiniOzoneClusterImpl-b2817a3f-1508-41b1-b0fd-9fa975eef5fc/datanode-0/data/ratis/e1963732-69a4-4d59-abb4-29ca1acfed3f: Starting segment from index:0
2019-09-12 10:31:22,388 [c9031a36-5f7c-4098-8bea-8a46141708a6:group-29CA1ACFED3F:LeaderElection3] INFO  impl.RaftServerImpl (ServerState.java:setRaftConf(361)) - c9031a36-5f7c-4098-8bea-8a46141708a6:group-29CA1ACFED3F set configuration 0: [c9031a36-5f7c-4098-8bea-8a46141708a6:192.168.36.114:41797], old=null at 0
2019-09-12 10:31:22,398 [pool-49-thread-1] INFO  storage.RaftStorage (RaftStorage.java:format(72)) - Storage directory /workdir/hadoop-ozone/integration-test/target/test-dir/MiniOzoneClusterImpl-b2817a3f-1508-41b1-b0fd-9fa975eef5fc/datanode-2/data/ratis/2b1aa338-2d86-4c93-a67a-869c0f0624a2 has been successfully formatted.
2019-09-12 10:31:22,399 [pool-49-thread-1] INFO  ratis.ContainerStateMachine (ContainerStateMachine.java:loadSnapshot(226)) - group-869C0F0624A2: The snapshot info is null. Setting the last applied indexto:(t:0, i:~)
2019-09-12 10:31:22,399 [pool-49-thread-1] INFO  server.RaftServerConfigKeys (ConfUtils.java:logGet(43)) - raft.server.leader.election.timeout = 120s (custom)
2019-09-12 10:31:22,399 [pool-49-thread-1] INFO  server.RaftServerConfigKeys (ConfUtils.java:logGet(43)) - raft.server.log.use.memory = false (default)
2019-09-12 10:31:22,399 [pool-49-thread-1] INFO  server.RaftServerConfigKeys (ConfUtils.java:logGet(43)) - raft.server.log.purge.gap = 1000000 (custom)
2019-09-12 10:31:22,399 [pool-49-thread-1] INFO  server.RaftServerConfigKeys (ConfUtils.java:logGet(43)) - raft.server.log.appender.buffer.byte-limit = 33554432 (custom)
2019-09-12 10:31:22,400 [pool-49-thread-1] INFO  server.RaftServerConfigKeys (ConfUtils.java:logGet(43)) - raft.server.log.segment.size.max = 1048576 (custom)
2019-09-12 10:31:22,400 [pool-49-thread-1] INFO  server.RaftServerConfigKeys (ConfUtils.java:logGet(43)) - raft.server.log.segment.cache.num.max = 2 (custom)
2019-09-12 10:31:22,400 [pool-49-thread-1] INFO  segmented.SegmentedRaftLogWorker (SegmentedRaftLogWorker.java:<init>(172)) - new eaeff1e2-de9c-4510-872d-283eb6c3c330-SegmentedRaftLogWorker:Storage Directory /workdir/hadoop-ozone/integration-test/target/test-dir/MiniOzoneClusterImpl-b2817a3f-1508-41b1-b0fd-9fa975eef5fc/datanode-2/data/ratis/2b1aa338-2d86-4c93-a67a-869c0f0624a2 for RaftStorage:Storage Directory /workdir/hadoop-ozone/integration-test/target/test-dir/MiniOzoneClusterImpl-b2817a3f-1508-41b1-b0fd-9fa975eef5fc/datanode-2/data/ratis/2b1aa338-2d86-4c93-a67a-869c0f0624a2
2019-09-12 10:31:22,400 [pool-49-thread-1] INFO  server.RaftServerConfigKeys (ConfUtils.java:logGet(43)) - raft.server.log.queue.byte-limit = 2147483647 (custom)
2019-09-12 10:31:22,400 [pool-49-thread-1] INFO  server.RaftServerConfigKeys (ConfUtils.java:logGet(43)) - raft.server.log.queue.element-limit = 1024 (custom)
2019-09-12 10:31:22,401 [pool-49-thread-1] INFO  server.RaftServerConfigKeys (ConfUtils.java:logGet(43)) - raft.server.log.segment.size.max = 1048576 (custom)
2019-09-12 10:31:22,401 [pool-49-thread-1] INFO  server.RaftServerConfigKeys (ConfUtils.java:logGet(43)) - raft.server.log.preallocated.size = 16384 (custom)
2019-09-12 10:31:22,401 [pool-49-thread-1] INFO  server.RaftServerConfigKeys (ConfUtils.java:logGet(43)) - raft.server.log.write.buffer.size = 33554432 (custom)
2019-09-12 10:31:22,401 [pool-49-thread-1] INFO  server.RaftServerConfigKeys (ConfUtils.java:logGet(43)) - raft.server.log.force.sync.num = 128 (default)
2019-09-12 10:31:22,401 [pool-49-thread-1] INFO  server.RaftServerConfigKeys (ConfUtils.java:logGet(43)) - raft.server.log.statemachine.data.sync = true (default)
2019-09-12 10:31:22,402 [pool-49-thread-1] INFO  server.RaftServerConfigKeys (ConfUtils.java:logGet(43)) - raft.server.log.statemachine.data.sync.timeout = 10s (default)
2019-09-12 10:31:22,402 [pool-49-thread-1] INFO  server.RaftServerConfigKeys (ConfUtils.java:logGet(43)) - raft.server.log.statemachine.data.sync.timeout.retry = -1 (default)
2019-09-12 10:31:22,402 [pool-49-thread-1] INFO  server.RaftServerConfigKeys (ConfUtils.java:logGet(43)) - raft.server.log.statemachine.data.caching.enabled = true (custom)
2019-09-12 10:31:22,402 [pool-49-thread-1] INFO  segmented.SegmentedRaftLogWorker (SegmentedRaftLogWorker.java:lambda$new$0(132)) - eaeff1e2-de9c-4510-872d-283eb6c3c330-SegmentedRaftLogWorker:Storage Directory /workdir/hadoop-ozone/integration-test/target/test-dir/MiniOzoneClusterImpl-b2817a3f-1508-41b1-b0fd-9fa975eef5fc/datanode-2/data/ratis/2b1aa338-2d86-4c93-a67a-869c0f0624a2: flushIndex: setUnconditionally 0 -> -1
2019-09-12 10:31:22,403 [pool-49-thread-1] INFO  server.RaftServerConfigKeys (ConfUtils.java:logGet(43)) - raft.server.snapshot.auto.trigger.enabled = true (custom)
2019-09-12 10:31:22,403 [pool-49-thread-1] INFO  server.RaftServerConfigKeys (ConfUtils.java:logGet(43)) - raft.server.snapshot.auto.trigger.threshold = 10000 (custom)
2019-09-12 10:31:22,403 [pool-49-thread-1] INFO  server.RaftServerConfigKeys (ConfUtils.java:logGet(43)) - raft.server.retrycache.expirytime = 600000ms (custom)
2019-09-12 10:31:22,403 [pool-49-thread-1] INFO  impl.RaftServerImpl (RaftServerImpl.java:start(180)) - eaeff1e2-de9c-4510-872d-283eb6c3c330: start group-869C0F0624A2
2019-09-12 10:31:22,404 [pool-49-thread-1] INFO  impl.RaftServerImpl (RaftServerImpl.java:setRole(171)) - eaeff1e2-de9c-4510-872d-283eb6c3c330:group-869C0F0624A2 changes role from null to FOLLOWER at term 0 for startAsFollower
2019-09-12 10:31:22,404 [pool-49-thread-1] INFO  impl.RoleInfo (RoleInfo.java:updateAndGet(143)) - eaeff1e2-de9c-4510-872d-283eb6c3c330: start FollowerState
2019-09-12 10:31:22,404 [pool-49-thread-1] INFO  util.JmxRegister (JmxRegister.java:tryRegister(44)) - Successfully registered JMX Bean with object name Ratis:service=RaftServer,group=group-869C0F0624A2,id=eaeff1e2-de9c-4510-872d-283eb6c3c330
2019-09-12 10:31:22,411 [RatisPipelineUtilsThread] INFO  pipeline.PipelineStateManager (PipelineStateManager.java:addPipeline(56)) - Created pipeline Pipeline[ Id: 2b1aa338-2d86-4c93-a67a-869c0f0624a2, Nodes: eaeff1e2-de9c-4510-872d-283eb6c3c330{ip: 192.168.36.114, host: pr-hdds-1569-58hkm-1881083799, networkLocation: /default-rack, certSerialId: null}, Type:RATIS, Factor:ONE, State:OPEN]
2019-09-12 10:31:22,449 [RatisPipelineUtilsThread] ERROR pipeline.PipelinePlacementPolicy (PipelinePlacementPolicy.java:meetCriteria(92)) - Pipeline Placement: Doesn't meet the criteria to be viable node. Heaviness: 6
2019-09-12 10:31:22,462 [grpc-default-executor-0] INFO  impl.RaftServerProxy (RaftServerProxy.java:addNew(89)) - 2cb9d557-cb56-4745-8686-5e72b62e748a: addNew group-31C9C44A2926:[2cb9d557-cb56-4745-8686-5e72b62e748a:192.168.36.114:41494] returns group-31C9C44A2926:java.util.concurrent.CompletableFuture@2d1fce08[Not completed]
2019-09-12 10:31:22,463 [c9031a36-5f7c-4098-8bea-8a46141708a6-SegmentedRaftLogWorker:Storage Directory /workdir/hadoop-ozone/integration-test/target/test-dir/MiniOzoneClusterImpl-b2817a3f-1508-41b1-b0fd-9fa975eef5fc/datanode-0/data/ratis/e1963732-69a4-4d59-abb4-29ca1acfed3f] INFO  segmented.SegmentedRaftLogWorker (SegmentedRaftLogWorker.java:execute(569)) - c9031a36-5f7c-4098-8bea-8a46141708a6-SegmentedRaftLogWorker:Storage Directory /workdir/hadoop-ozone/integration-test/target/test-dir/MiniOzoneClusterImpl-b2817a3f-1508-41b1-b0fd-9fa975eef5fc/datanode-0/data/ratis/e1963732-69a4-4d59-abb4-29ca1acfed3f: created new log segment /workdir/hadoop-ozone/integration-test/target/test-dir/MiniOzoneClusterImpl-b2817a3f-1508-41b1-b0fd-9fa975eef5fc/datanode-0/data/ratis/e1963732-69a4-4d59-abb4-29ca1acfed3f/current/log_inprogress_0
2019-09-12 10:31:22,463 [f17b4253-95a0-4ee6-8ded-88f070f15b33-SegmentedRaftLogWorker:Storage Directory /workdir/hadoop-ozone/integration-test/target/test-dir/MiniOzoneClusterImpl-b2817a3f-1508-41b1-b0fd-9fa975eef5fc/datanode-3/data/ratis/09bc4531-49ef-491d-9418-6767e2f121b2] INFO  segmented.SegmentedRaftLogWorker (SegmentedRaftLogWorker.java:execute(569)) - f17b4253-95a0-4ee6-8ded-88f070f15b33-SegmentedRaftLogWorker:Storage Directory /workdir/hadoop-ozone/integration-test/target/test-dir/MiniOzoneClusterImpl-b2817a3f-1508-41b1-b0fd-9fa975eef5fc/datanode-3/data/ratis/09bc4531-49ef-491d-9418-6767e2f121b2: created new log segment /workdir/hadoop-ozone/integration-test/target/test-dir/MiniOzoneClusterImpl-b2817a3f-1508-41b1-b0fd-9fa975eef5fc/datanode-3/data/ratis/09bc4531-49ef-491d-9418-6767e2f121b2/current/log_inprogress_0
2019-09-12 10:31:22,463 [c9031a36-5f7c-4098-8bea-8a46141708a6-SegmentedRaftLogWorker:Storage Directory /workdir/hadoop-ozone/integration-test/target/test-dir/MiniOzoneClusterImpl-b2817a3f-1508-41b1-b0fd-9fa975eef5fc/datanode-0/data/ratis/fcf2e820-72ea-4c4a-bb50-baf49e8056ee] INFO  segmented.SegmentedRaftLogWorker (SegmentedRaftLogWorker.java:execute(569)) - c9031a36-5f7c-4098-8bea-8a46141708a6-SegmentedRaftLogWorker:Storage Directory /workdir/hadoop-ozone/integration-test/target/test-dir/MiniOzoneClusterImpl-b2817a3f-1508-41b1-b0fd-9fa975eef5fc/datanode-0/data/ratis/fcf2e820-72ea-4c4a-bb50-baf49e8056ee: created new log segment /workdir/hadoop-ozone/integration-test/target/test-dir/MiniOzoneClusterImpl-b2817a3f-1508-41b1-b0fd-9fa975eef5fc/datanode-0/data/ratis/fcf2e820-72ea-4c4a-bb50-baf49e8056ee/current/log_inprogress_0
2019-09-12 10:31:22,465 [pool-38-thread-1] INFO  impl.RaftServerImpl (RaftServerImpl.java:<init>(93)) - 2cb9d557-cb56-4745-8686-5e72b62e748a: new RaftServerImpl for group-31C9C44A2926:[2cb9d557-cb56-4745-8686-5e72b62e748a:192.168.36.114:41494] with ContainerStateMachine:uninitialized
2019-09-12 10:31:22,468 [pool-38-thread-1] INFO  server.RaftServerConfigKeys (ConfUtils.java:logGet(43)) - raft.server.rpc.timeout.min = 1s (custom)
2019-09-12 10:31:22,468 [pool-38-thread-1] INFO  server.RaftServerConfigKeys (ConfUtils.java:logGet(43)) - raft.server.rpc.timeout.max = 1200ms (custom)
2019-09-12 10:31:22,468 [pool-38-thread-1] INFO  server.RaftServerConfigKeys (ConfUtils.java:logGet(43)) - raft.server.rpcslowness.timeout = 120s (custom)
2019-09-12 10:31:22,468 [pool-38-thread-1] INFO  server.RaftServerConfigKeys (ConfUtils.java:logGet(43)) - raft.server.sleep.deviation.threshold = 300 (default)
2019-09-12 10:31:22,468 [pool-38-thread-1] INFO  server.RaftServerConfigKeys (ConfUtils.java:logGet(43)) - raft.server.log.appender.install.snapshot.enabled = false (custom)
2019-09-12 10:31:22,468 [pool-38-thread-1] INFO  impl.RaftServerImpl (ServerState.java:<init>(105)) - 2cb9d557-cb56-4745-8686-5e72b62e748a:group-31C9C44A2926 ConfigurationManager, init=-1: [2cb9d557-cb56-4745-8686-5e72b62e748a:192.168.36.114:41494], old=null, confs=<EMPTY_MAP>
2019-09-12 10:31:22,468 [pool-38-thread-1] INFO  server.RaftServerConfigKeys (ConfUtils.java:logGet(43)) - raft.server.storage.dir = [/workdir/hadoop-ozone/integration-test/target/test-dir/MiniOzoneClusterImpl-b2817a3f-1508-41b1-b0fd-9fa975eef5fc/datanode-1/data/ratis] (custom)
2019-09-12 10:31:22,469 [pool-38-thread-1] INFO  storage.RaftStorageDirectory (RaftStorageDirectory.java:analyzeStorage(246)) - The storage directory /workdir/hadoop-ozone/integration-test/target/test-dir/MiniOzoneClusterImpl-b2817a3f-1508-41b1-b0fd-9fa975eef5fc/datanode-1/data/ratis/a6820be6-387d-4773-b3b9-31c9c44a2926 does not exist. Creating ...
2019-09-12 10:31:22,475 [Thread-248] INFO  impl.FollowerState (FollowerState.java:run(106)) - eaeff1e2-de9c-4510-872d-283eb6c3c330:group-BF00569F2AFA changes to CANDIDATE, lastRpcTime:1058, electionTimeout:1058ms
2019-09-12 10:31:22,477 [Thread-248] INFO  impl.RoleInfo (RoleInfo.java:shutdownFollowerState(121)) - eaeff1e2-de9c-4510-872d-283eb6c3c330: shutdown FollowerState
2019-09-12 10:31:22,477 [Thread-248] INFO  impl.RaftServerImpl (RaftServerImpl.java:setRole(171)) - eaeff1e2-de9c-4510-872d-283eb6c3c330:group-BF00569F2AFA changes role from FOLLOWER to CANDIDATE at term 0 for changeToCandidate
2019-09-12 10:31:22,477 [Thread-248] INFO  impl.RoleInfo (RoleInfo.java:updateAndGet(143)) - eaeff1e2-de9c-4510-872d-283eb6c3c330: start LeaderElection
2019-09-12 10:31:22,496 [pool-38-thread-1] INFO  storage.RaftStorageDirectory (RaftStorageDirectory.java:tryLock(328)) - Lock on /workdir/hadoop-ozone/integration-test/target/test-dir/MiniOzoneClusterImpl-b2817a3f-1508-41b1-b0fd-9fa975eef5fc/datanode-1/data/ratis/a6820be6-387d-4773-b3b9-31c9c44a2926/in_use.lock acquired by nodename 1396@pr-hdds-1569-58hkm-1881083799
2019-09-12 10:31:22,520 [pool-38-thread-1] INFO  storage.RaftStorage (RaftStorage.java:format(72)) - Storage directory /workdir/hadoop-ozone/integration-test/target/test-dir/MiniOzoneClusterImpl-b2817a3f-1508-41b1-b0fd-9fa975eef5fc/datanode-1/data/ratis/a6820be6-387d-4773-b3b9-31c9c44a2926 has been successfully formatted.
2019-09-12 10:31:22,520 [eaeff1e2-de9c-4510-872d-283eb6c3c330:group-BF00569F2AFA:LeaderElection4] INFO  impl.LeaderElection (LeaderElection.java:askForVotes(181)) - eaeff1e2-de9c-4510-872d-283eb6c3c330:group-BF00569F2AFA:LeaderElection4: begin an election at term 1 for -1: [eaeff1e2-de9c-4510-872d-283eb6c3c330:192.168.36.114:37393], old=null
2019-09-12 10:31:22,521 [pool-38-thread-1] INFO  ratis.ContainerStateMachine (ContainerStateMachine.java:loadSnapshot(226)) - group-31C9C44A2926: The snapshot info is null. Setting the last applied indexto:(t:0, i:~)
2019-09-12 10:31:22,521 [eaeff1e2-de9c-4510-872d-283eb6c3c330:group-BF00569F2AFA:LeaderElection4] INFO  impl.RoleInfo (RoleInfo.java:shutdownLeaderElection(134)) - eaeff1e2-de9c-4510-872d-283eb6c3c330: shutdown LeaderElection
2019-09-12 10:31:22,521 [pool-38-thread-1] INFO  server.RaftServerConfigKeys (ConfUtils.java:logGet(43)) - raft.server.leader.election.timeout = 120s (custom)
2019-09-12 10:31:22,521 [eaeff1e2-de9c-4510-872d-283eb6c3c330:group-BF00569F2AFA:LeaderElection4] INFO  impl.RaftServerImpl (RaftServerImpl.java:setRole(171)) - eaeff1e2-de9c-4510-872d-283eb6c3c330:group-BF00569F2AFA changes role from CANDIDATE to LEADER at term 1 for changeToLeader
2019-09-12 10:31:22,521 [pool-38-thread-1] INFO  server.RaftServerConfigKeys (ConfUtils.java:logGet(43)) - raft.server.log.use.memory = false (default)
2019-09-12 10:31:22,521 [eaeff1e2-de9c-4510-872d-283eb6c3c330:group-BF00569F2AFA:LeaderElection4] INFO  impl.RaftServerImpl (ServerState.java:setLeader(263)) - eaeff1e2-de9c-4510-872d-283eb6c3c330:group-BF00569F2AFA change Leader from null to eaeff1e2-de9c-4510-872d-283eb6c3c330 at term 1 for becomeLeader, leader elected after 1109ms
2019-09-12 10:31:22,521 [pool-38-thread-1] INFO  server.RaftServerConfigKeys (ConfUtils.java:logGet(43)) - raft.server.log.purge.gap = 1000000 (custom)
2019-09-12 10:31:22,524 [eaeff1e2-de9c-4510-872d-283eb6c3c330:group-BF00569F2AFA:LeaderElection4] INFO  server.RaftServerConfigKeys (ConfUtils.java:logGet(43)) - raft.server.staging.catchup.gap = 1000 (default)
2019-09-12 10:31:22,524 [pool-38-thread-1] INFO  server.RaftServerConfigKeys (ConfUtils.java:logGet(43)) - raft.server.log.appender.buffer.byte-limit = 33554432 (custom)
2019-09-12 10:31:22,524 [eaeff1e2-de9c-4510-872d-283eb6c3c330:group-BF00569F2AFA:LeaderElection4] INFO  server.RaftServerConfigKeys (ConfUtils.java:logGet(43)) - raft.server.rpc.sleep.time = 25ms (default)
2019-09-12 10:31:22,525 [pool-38-thread-1] INFO  server.RaftServerConfigKeys (ConfUtils.java:logGet(43)) - raft.server.log.segment.size.max = 1048576 (custom)
2019-09-12 10:31:22,525 [eaeff1e2-de9c-4510-872d-283eb6c3c330:group-BF00569F2AFA:LeaderElection4] INFO  server.RaftServerConfigKeys (ConfUtils.java:logGet(43)) - raft.server.write.element-limit = 4096 (default)
2019-09-12 10:31:22,525 [pool-38-thread-1] INFO  server.RaftServerConfigKeys (ConfUtils.java:logGet(43)) - raft.server.log.segment.cache.num.max = 2 (custom)
2019-09-12 10:31:22,525 [eaeff1e2-de9c-4510-872d-283eb6c3c330:group-BF00569F2AFA:LeaderElection4] INFO  server.RaftServerConfigKeys (ConfUtils.java:logGet(43)) - raft.server.watch.timeout = 10s (default)
2019-09-12 10:31:22,525 [pool-38-thread-1] INFO  segmented.SegmentedRaftLogWorker (SegmentedRaftLogWorker.java:<init>(172)) - new 2cb9d557-cb56-4745-8686-5e72b62e748a-SegmentedRaftLogWorker:Storage Directory /workdir/hadoop-ozone/integration-test/target/test-dir/MiniOzoneClusterImpl-b2817a3f-1508-41b1-b0fd-9fa975eef5fc/datanode-1/data/ratis/a6820be6-387d-4773-b3b9-31c9c44a2926 for RaftStorage:Storage Directory /workdir/hadoop-ozone/integration-test/target/test-dir/MiniOzoneClusterImpl-b2817a3f-1508-41b1-b0fd-9fa975eef5fc/datanode-1/data/ratis/a6820be6-387d-4773-b3b9-31c9c44a2926
2019-09-12 10:31:22,525 [eaeff1e2-de9c-4510-872d-283eb6c3c330:group-BF00569F2AFA:LeaderElection4] INFO  server.RaftServerConfigKeys (ConfUtils.java:logGet(43)) - raft.server.watch.timeout.denomination = 1s (default)
2019-09-12 10:31:22,525 [pool-38-thread-1] INFO  server.RaftServerConfigKeys (ConfUtils.java:logGet(43)) - raft.server.log.queue.byte-limit = 2147483647 (custom)
2019-09-12 10:31:22,525 [eaeff1e2-de9c-4510-872d-283eb6c3c330:group-BF00569F2AFA:LeaderElection4] INFO  server.RaftServerConfigKeys (ConfUtils.java:logGet(43)) - raft.server.watch.element-limit = 65536 (default)
2019-09-12 10:31:22,537 [pool-38-thread-1] INFO  server.RaftServerConfigKeys (ConfUtils.java:logGet(43)) - raft.server.log.queue.element-limit = 1024 (custom)
2019-09-12 10:31:22,537 [pool-38-thread-1] INFO  server.RaftServerConfigKeys (ConfUtils.java:logGet(43)) - raft.server.log.segment.size.max = 1048576 (custom)
2019-09-12 10:31:22,537 [eaeff1e2-de9c-4510-872d-283eb6c3c330:group-BF00569F2AFA:LeaderElection4] INFO  impl.RoleInfo (RoleInfo.java:updateAndGet(143)) - eaeff1e2-de9c-4510-872d-283eb6c3c330: start LeaderState
2019-09-12 10:31:22,537 [pool-38-thread-1] INFO  server.RaftServerConfigKeys (ConfUtils.java:logGet(43)) - raft.server.log.preallocated.size = 16384 (custom)
2019-09-12 10:31:22,537 [pool-38-thread-1] INFO  server.RaftServerConfigKeys (ConfUtils.java:logGet(43)) - raft.server.log.write.buffer.size = 33554432 (custom)
2019-09-12 10:31:22,538 [eaeff1e2-de9c-4510-872d-283eb6c3c330:group-BF00569F2AFA:LeaderElection4] INFO  segmented.SegmentedRaftLogWorker (SegmentedRaftLogWorker.java:startLogSegment(380)) - eaeff1e2-de9c-4510-872d-283eb6c3c330-SegmentedRaftLogWorker:Storage Directory /workdir/hadoop-ozone/integration-test/target/test-dir/MiniOzoneClusterImpl-b2817a3f-1508-41b1-b0fd-9fa975eef5fc/datanode-2/data/ratis/7a463bd5-4ed5-4cb7-b419-bf00569f2afa: Starting segment from index:0
2019-09-12 10:31:22,538 [pool-38-thread-1] INFO  server.RaftServerConfigKeys (ConfUtils.java:logGet(43)) - raft.server.log.force.sync.num = 128 (default)
2019-09-12 10:31:22,538 [pool-38-thread-1] INFO  server.RaftServerConfigKeys (ConfUtils.java:logGet(43)) - raft.server.log.statemachine.data.sync = true (default)
2019-09-12 10:31:22,538 [pool-38-thread-1] INFO  server.RaftServerConfigKeys (ConfUtils.java:logGet(43)) - raft.server.log.statemachine.data.sync.timeout = 10s (default)
2019-09-12 10:31:22,538 [pool-38-thread-1] INFO  server.RaftServerConfigKeys (ConfUtils.java:logGet(43)) - raft.server.log.statemachine.data.sync.timeout.retry = -1 (default)
2019-09-12 10:31:22,538 [eaeff1e2-de9c-4510-872d-283eb6c3c330:group-BF00569F2AFA:LeaderElection4] INFO  impl.RaftServerImpl (ServerState.java:setRaftConf(361)) - eaeff1e2-de9c-4510-872d-283eb6c3c330:group-BF00569F2AFA set configuration 0: [eaeff1e2-de9c-4510-872d-283eb6c3c330:192.168.36.114:37393], old=null at 0
2019-09-12 10:31:22,538 [pool-38-thread-1] INFO  server.RaftServerConfigKeys (ConfUtils.java:logGet(43)) - raft.server.log.statemachine.data.caching.enabled = true (custom)
2019-09-12 10:31:22,574 [pool-38-thread-1] INFO  segmented.SegmentedRaftLogWorker (SegmentedRaftLogWorker.java:lambda$new$0(132)) - 2cb9d557-cb56-4745-8686-5e72b62e748a-SegmentedRaftLogWorker:Storage Directory /workdir/hadoop-ozone/integration-test/target/test-dir/MiniOzoneClusterImpl-b2817a3f-1508-41b1-b0fd-9fa975eef5fc/datanode-1/data/ratis/a6820be6-387d-4773-b3b9-31c9c44a2926: flushIndex: setUnconditionally 0 -> -1
2019-09-12 10:31:22,574 [pool-38-thread-1] INFO  server.RaftServerConfigKeys (ConfUtils.java:logGet(43)) - raft.server.snapshot.auto.trigger.enabled = true (custom)
2019-09-12 10:31:22,574 [pool-38-thread-1] INFO  server.RaftServerConfigKeys (ConfUtils.java:logGet(43)) - raft.server.snapshot.auto.trigger.threshold = 10000 (custom)
2019-09-12 10:31:22,575 [pool-38-thread-1] INFO  server.RaftServerConfigKeys (ConfUtils.java:logGet(43)) - raft.server.retrycache.expirytime = 600000ms (custom)
2019-09-12 10:31:22,575 [pool-38-thread-1] INFO  impl.RaftServerImpl (RaftServerImpl.java:start(180)) - 2cb9d557-cb56-4745-8686-5e72b62e748a: start group-31C9C44A2926
2019-09-12 10:31:22,575 [pool-38-thread-1] INFO  impl.RaftServerImpl (RaftServerImpl.java:setRole(171)) - 2cb9d557-cb56-4745-8686-5e72b62e748a:group-31C9C44A2926 changes role from null to FOLLOWER at term 0 for startAsFollower
2019-09-12 10:31:22,575 [pool-38-thread-1] INFO  impl.RoleInfo (RoleInfo.java:updateAndGet(143)) - 2cb9d557-cb56-4745-8686-5e72b62e748a: start FollowerState
2019-09-12 10:31:22,576 [pool-38-thread-1] INFO  util.JmxRegister (JmxRegister.java:tryRegister(44)) - Successfully registered JMX Bean with object name Ratis:service=RaftServer,group=group-31C9C44A2926,id=2cb9d557-cb56-4745-8686-5e72b62e748a
2019-09-12 10:31:22,582 [RatisPipelineUtilsThread] INFO  pipeline.PipelineStateManager (PipelineStateManager.java:addPipeline(56)) - Created pipeline Pipeline[ Id: a6820be6-387d-4773-b3b9-31c9c44a2926, Nodes: 2cb9d557-cb56-4745-8686-5e72b62e748a{ip: 192.168.36.114, host: pr-hdds-1569-58hkm-1881083799, networkLocation: /default-rack, certSerialId: null}, Type:RATIS, Factor:ONE, State:OPEN]
2019-09-12 10:31:22,583 [RatisPipelineUtilsThread] ERROR pipeline.PipelinePlacementPolicy (PipelinePlacementPolicy.java:meetCriteria(92)) - Pipeline Placement: Doesn't meet the criteria to be viable node. Heaviness: 6
2019-09-12 10:31:22,587 [eaeff1e2-de9c-4510-872d-283eb6c3c330-SegmentedRaftLogWorker:Storage Directory /workdir/hadoop-ozone/integration-test/target/test-dir/MiniOzoneClusterImpl-b2817a3f-1508-41b1-b0fd-9fa975eef5fc/datanode-2/data/ratis/7a463bd5-4ed5-4cb7-b419-bf00569f2afa] INFO  segmented.SegmentedRaftLogWorker (SegmentedRaftLogWorker.java:execute(569)) - eaeff1e2-de9c-4510-872d-283eb6c3c330-SegmentedRaftLogWorker:Storage Directory /workdir/hadoop-ozone/integration-test/target/test-dir/MiniOzoneClusterImpl-b2817a3f-1508-41b1-b0fd-9fa975eef5fc/datanode-2/data/ratis/7a463bd5-4ed5-4cb7-b419-bf00569f2afa: created new log segment /workdir/hadoop-ozone/integration-test/target/test-dir/MiniOzoneClusterImpl-b2817a3f-1508-41b1-b0fd-9fa975eef5fc/datanode-2/data/ratis/7a463bd5-4ed5-4cb7-b419-bf00569f2afa/current/log_inprogress_0
2019-09-12 10:31:22,594 [grpc-default-executor-0] INFO  impl.RaftServerProxy (RaftServerProxy.java:addNew(89)) - 2cb9d557-cb56-4745-8686-5e72b62e748a: addNew group-660F2520DD77:[2cb9d557-cb56-4745-8686-5e72b62e748a:192.168.36.114:41494] returns group-660F2520DD77:java.util.concurrent.CompletableFuture@a3b4fdd[Not completed]
2019-09-12 10:31:22,596 [pool-38-thread-1] INFO  impl.RaftServerImpl (RaftServerImpl.java:<init>(93)) - 2cb9d557-cb56-4745-8686-5e72b62e748a: new RaftServerImpl for group-660F2520DD77:[2cb9d557-cb56-4745-8686-5e72b62e748a:192.168.36.114:41494] with ContainerStateMachine:uninitialized
2019-09-12 10:31:22,597 [pool-38-thread-1] INFO  server.RaftServerConfigKeys (ConfUtils.java:logGet(43)) - raft.server.rpc.timeout.min = 1s (custom)
2019-09-12 10:31:22,597 [pool-38-thread-1] INFO  server.RaftServerConfigKeys (ConfUtils.java:logGet(43)) - raft.server.rpc.timeout.max = 1200ms (custom)
2019-09-12 10:31:22,598 [pool-38-thread-1] INFO  server.RaftServerConfigKeys (ConfUtils.java:logGet(43)) - raft.server.rpcslowness.timeout = 120s (custom)
2019-09-12 10:31:22,598 [pool-38-thread-1] INFO  server.RaftServerConfigKeys (ConfUtils.java:logGet(43)) - raft.server.sleep.deviation.threshold = 300 (default)
2019-09-12 10:31:22,598 [pool-38-thread-1] INFO  server.RaftServerConfigKeys (ConfUtils.java:logGet(43)) - raft.server.log.appender.install.snapshot.enabled = false (custom)
2019-09-12 10:31:22,598 [pool-38-thread-1] INFO  impl.RaftServerImpl (ServerState.java:<init>(105)) - 2cb9d557-cb56-4745-8686-5e72b62e748a:group-660F2520DD77 ConfigurationManager, init=-1: [2cb9d557-cb56-4745-8686-5e72b62e748a:192.168.36.114:41494], old=null, confs=<EMPTY_MAP>
2019-09-12 10:31:22,598 [pool-38-thread-1] INFO  server.RaftServerConfigKeys (ConfUtils.java:logGet(43)) - raft.server.storage.dir = [/workdir/hadoop-ozone/integration-test/target/test-dir/MiniOzoneClusterImpl-b2817a3f-1508-41b1-b0fd-9fa975eef5fc/datanode-1/data/ratis] (custom)
2019-09-12 10:31:22,599 [pool-38-thread-1] INFO  storage.RaftStorageDirectory (RaftStorageDirectory.java:analyzeStorage(246)) - The storage directory /workdir/hadoop-ozone/integration-test/target/test-dir/MiniOzoneClusterImpl-b2817a3f-1508-41b1-b0fd-9fa975eef5fc/datanode-1/data/ratis/855af6d1-97e3-4893-a356-660f2520dd77 does not exist. Creating ...
2019-09-12 10:31:22,612 [pool-38-thread-1] INFO  storage.RaftStorageDirectory (RaftStorageDirectory.java:tryLock(328)) - Lock on /workdir/hadoop-ozone/integration-test/target/test-dir/MiniOzoneClusterImpl-b2817a3f-1508-41b1-b0fd-9fa975eef5fc/datanode-1/data/ratis/855af6d1-97e3-4893-a356-660f2520dd77/in_use.lock acquired by nodename 1396@pr-hdds-1569-58hkm-1881083799
2019-09-12 10:31:22,625 [pool-38-thread-1] INFO  storage.RaftStorage (RaftStorage.java:format(72)) - Storage directory /workdir/hadoop-ozone/integration-test/target/test-dir/MiniOzoneClusterImpl-b2817a3f-1508-41b1-b0fd-9fa975eef5fc/datanode-1/data/ratis/855af6d1-97e3-4893-a356-660f2520dd77 has been successfully formatted.
2019-09-12 10:31:22,625 [pool-38-thread-1] INFO  ratis.ContainerStateMachine (ContainerStateMachine.java:loadSnapshot(226)) - group-660F2520DD77: The snapshot info is null. Setting the last applied indexto:(t:0, i:~)
2019-09-12 10:31:22,625 [pool-38-thread-1] INFO  server.RaftServerConfigKeys (ConfUtils.java:logGet(43)) - raft.server.leader.election.timeout = 120s (custom)
2019-09-12 10:31:22,625 [pool-38-thread-1] INFO  server.RaftServerConfigKeys (ConfUtils.java:logGet(43)) - raft.server.log.use.memory = false (default)
2019-09-12 10:31:22,625 [pool-38-thread-1] INFO  server.RaftServerConfigKeys (ConfUtils.java:logGet(43)) - raft.server.log.purge.gap = 1000000 (custom)
2019-09-12 10:31:22,626 [pool-38-thread-1] INFO  server.RaftServerConfigKeys (ConfUtils.java:logGet(43)) - raft.server.log.appender.buffer.byte-limit = 33554432 (custom)
2019-09-12 10:31:22,626 [pool-38-thread-1] INFO  server.RaftServerConfigKeys (ConfUtils.java:logGet(43)) - raft.server.log.segment.size.max = 1048576 (custom)
2019-09-12 10:31:22,626 [pool-38-thread-1] INFO  server.RaftServerConfigKeys (ConfUtils.java:logGet(43)) - raft.server.log.segment.cache.num.max = 2 (custom)
2019-09-12 10:31:22,626 [pool-38-thread-1] INFO  segmented.SegmentedRaftLogWorker (SegmentedRaftLogWorker.java:<init>(172)) - new 2cb9d557-cb56-4745-8686-5e72b62e748a-SegmentedRaftLogWorker:Storage Directory /workdir/hadoop-ozone/integration-test/target/test-dir/MiniOzoneClusterImpl-b2817a3f-1508-41b1-b0fd-9fa975eef5fc/datanode-1/data/ratis/855af6d1-97e3-4893-a356-660f2520dd77 for RaftStorage:Storage Directory /workdir/hadoop-ozone/integration-test/target/test-dir/MiniOzoneClusterImpl-b2817a3f-1508-41b1-b0fd-9fa975eef5fc/datanode-1/data/ratis/855af6d1-97e3-4893-a356-660f2520dd77
2019-09-12 10:31:22,626 [pool-38-thread-1] INFO  server.RaftServerConfigKeys (ConfUtils.java:logGet(43)) - raft.server.log.queue.byte-limit = 2147483647 (custom)
2019-09-12 10:31:22,626 [pool-38-thread-1] INFO  server.RaftServerConfigKeys (ConfUtils.java:logGet(43)) - raft.server.log.queue.element-limit = 1024 (custom)
2019-09-12 10:31:22,627 [pool-38-thread-1] INFO  server.RaftServerConfigKeys (ConfUtils.java:logGet(43)) - raft.server.log.segment.size.max = 1048576 (custom)
2019-09-12 10:31:22,627 [pool-38-thread-1] INFO  server.RaftServerConfigKeys (ConfUtils.java:logGet(43)) - raft.server.log.preallocated.size = 16384 (custom)
2019-09-12 10:31:22,627 [pool-38-thread-1] INFO  server.RaftServerConfigKeys (ConfUtils.java:logGet(43)) - raft.server.log.write.buffer.size = 33554432 (custom)
2019-09-12 10:31:22,629 [pool-38-thread-1] INFO  server.RaftServerConfigKeys (ConfUtils.java:logGet(43)) - raft.server.log.force.sync.num = 128 (default)
2019-09-12 10:31:22,631 [pool-38-thread-1] INFO  server.RaftServerConfigKeys (ConfUtils.java:logGet(43)) - raft.server.log.statemachine.data.sync = true (default)
2019-09-12 10:31:22,631 | INFO  | SCMAudit | user=jenkins1000 | ip=192.168.36.114 | op=SEND_HEARTBEAT {datanodeUUID=eaeff1e2-de9c-4510-872d-283eb6c3c330, command=[]} | ret=SUCCESS |  
2019-09-12 10:31:22,631 | INFO  | SCMAudit | user=jenkins1000 | ip=192.168.36.114 | op=SEND_HEARTBEAT {datanodeUUID=f17b4253-95a0-4ee6-8ded-88f070f15b33, command=[]} | ret=SUCCESS |  
2019-09-12 10:31:22,631 [pool-38-thread-1] INFO  server.RaftServerConfigKeys (ConfUtils.java:logGet(43)) - raft.server.log.statemachine.data.sync.timeout = 10s (default)
2019-09-12 10:31:22,631 [pool-38-thread-1] INFO  server.RaftServerConfigKeys (ConfUtils.java:logGet(43)) - raft.server.log.statemachine.data.sync.timeout.retry = -1 (default)
2019-09-12 10:31:22,632 [pool-38-thread-1] INFO  server.RaftServerConfigKeys (ConfUtils.java:logGet(43)) - raft.server.log.statemachine.data.caching.enabled = true (custom)
2019-09-12 10:31:22,632 [pool-38-thread-1] INFO  segmented.SegmentedRaftLogWorker (SegmentedRaftLogWorker.java:lambda$new$0(132)) - 2cb9d557-cb56-4745-8686-5e72b62e748a-SegmentedRaftLogWorker:Storage Directory /workdir/hadoop-ozone/integration-test/target/test-dir/MiniOzoneClusterImpl-b2817a3f-1508-41b1-b0fd-9fa975eef5fc/datanode-1/data/ratis/855af6d1-97e3-4893-a356-660f2520dd77: flushIndex: setUnconditionally 0 -> -1
2019-09-12 10:31:22,632 [pool-38-thread-1] INFO  server.RaftServerConfigKeys (ConfUtils.java:logGet(43)) - raft.server.snapshot.auto.trigger.enabled = true (custom)
2019-09-12 10:31:22,633 [pool-38-thread-1] INFO  server.RaftServerConfigKeys (ConfUtils.java:logGet(43)) - raft.server.snapshot.auto.trigger.threshold = 10000 (custom)
2019-09-12 10:31:22,633 [pool-38-thread-1] INFO  server.RaftServerConfigKeys (ConfUtils.java:logGet(43)) - raft.server.retrycache.expirytime = 600000ms (custom)
2019-09-12 10:31:22,633 [pool-38-thread-1] INFO  impl.RaftServerImpl (RaftServerImpl.java:start(180)) - 2cb9d557-cb56-4745-8686-5e72b62e748a: start group-660F2520DD77
2019-09-12 10:31:22,633 [pool-38-thread-1] INFO  impl.RaftServerImpl (RaftServerImpl.java:setRole(171)) - 2cb9d557-cb56-4745-8686-5e72b62e748a:group-660F2520DD77 changes role from null to FOLLOWER at term 0 for startAsFollower
2019-09-12 10:31:22,633 [pool-38-thread-1] INFO  impl.RoleInfo (RoleInfo.java:updateAndGet(143)) - 2cb9d557-cb56-4745-8686-5e72b62e748a: start FollowerState
2019-09-12 10:31:22,634 [pool-38-thread-1] INFO  util.JmxRegister (JmxRegister.java:tryRegister(44)) - Successfully registered JMX Bean with object name Ratis:service=RaftServer,group=group-660F2520DD77,id=2cb9d557-cb56-4745-8686-5e72b62e748a
2019-09-12 10:31:22,639 [RatisPipelineUtilsThread] INFO  pipeline.PipelineStateManager (PipelineStateManager.java:addPipeline(56)) - Created pipeline Pipeline[ Id: 855af6d1-97e3-4893-a356-660f2520dd77, Nodes: 2cb9d557-cb56-4745-8686-5e72b62e748a{ip: 192.168.36.114, host: pr-hdds-1569-58hkm-1881083799, networkLocation: /default-rack, certSerialId: null}, Type:RATIS, Factor:ONE, State:OPEN]
2019-09-12 10:31:22,641 [RatisPipelineUtilsThread] ERROR pipeline.PipelinePlacementPolicy (PipelinePlacementPolicy.java:meetCriteria(92)) - Pipeline Placement: Doesn't meet the criteria to be viable node. Heaviness: 6
2019-09-12 10:31:22,651 [grpc-default-executor-0] INFO  impl.RaftServerProxy (RaftServerProxy.java:addNew(89)) - eaeff1e2-de9c-4510-872d-283eb6c3c330: addNew group-047D449D6B0C:[eaeff1e2-de9c-4510-872d-283eb6c3c330:192.168.36.114:37393] returns group-047D449D6B0C:java.util.concurrent.CompletableFuture@7815d1c2[Not completed]
2019-09-12 10:31:22,653 [pool-49-thread-1] INFO  impl.RaftServerImpl (RaftServerImpl.java:<init>(93)) - eaeff1e2-de9c-4510-872d-283eb6c3c330: new RaftServerImpl for group-047D449D6B0C:[eaeff1e2-de9c-4510-872d-283eb6c3c330:192.168.36.114:37393] with ContainerStateMachine:uninitialized
2019-09-12 10:31:22,653 [pool-49-thread-1] INFO  server.RaftServerConfigKeys (ConfUtils.java:logGet(43)) - raft.server.rpc.timeout.min = 1s (custom)
2019-09-12 10:31:22,653 [pool-49-thread-1] INFO  server.RaftServerConfigKeys (ConfUtils.java:logGet(43)) - raft.server.rpc.timeout.max = 1200ms (custom)
2019-09-12 10:31:22,653 [pool-49-thread-1] INFO  server.RaftServerConfigKeys (ConfUtils.java:logGet(43)) - raft.server.rpcslowness.timeout = 120s (custom)
2019-09-12 10:31:22,653 [pool-49-thread-1] INFO  server.RaftServerConfigKeys (ConfUtils.java:logGet(43)) - raft.server.sleep.deviation.threshold = 300 (default)
2019-09-12 10:31:22,653 [pool-49-thread-1] INFO  server.RaftServerConfigKeys (ConfUtils.java:logGet(43)) - raft.server.log.appender.install.snapshot.enabled = false (custom)
2019-09-12 10:31:22,654 [pool-49-thread-1] INFO  impl.RaftServerImpl (ServerState.java:<init>(105)) - eaeff1e2-de9c-4510-872d-283eb6c3c330:group-047D449D6B0C ConfigurationManager, init=-1: [eaeff1e2-de9c-4510-872d-283eb6c3c330:192.168.36.114:37393], old=null, confs=<EMPTY_MAP>
2019-09-12 10:31:22,654 [pool-49-thread-1] INFO  server.RaftServerConfigKeys (ConfUtils.java:logGet(43)) - raft.server.storage.dir = [/workdir/hadoop-ozone/integration-test/target/test-dir/MiniOzoneClusterImpl-b2817a3f-1508-41b1-b0fd-9fa975eef5fc/datanode-2/data/ratis] (custom)
2019-09-12 10:31:22,654 [pool-49-thread-1] INFO  storage.RaftStorageDirectory (RaftStorageDirectory.java:analyzeStorage(246)) - The storage directory /workdir/hadoop-ozone/integration-test/target/test-dir/MiniOzoneClusterImpl-b2817a3f-1508-41b1-b0fd-9fa975eef5fc/datanode-2/data/ratis/5dc18ac6-a62d-42ce-9874-047d449d6b0c does not exist. Creating ...
2019-09-12 10:31:22,667 [pool-49-thread-1] INFO  storage.RaftStorageDirectory (RaftStorageDirectory.java:tryLock(328)) - Lock on /workdir/hadoop-ozone/integration-test/target/test-dir/MiniOzoneClusterImpl-b2817a3f-1508-41b1-b0fd-9fa975eef5fc/datanode-2/data/ratis/5dc18ac6-a62d-42ce-9874-047d449d6b0c/in_use.lock acquired by nodename 1396@pr-hdds-1569-58hkm-1881083799
2019-09-12 10:31:22,673 [Thread-251] INFO  impl.FollowerState (FollowerState.java:run(106)) - c9031a36-5f7c-4098-8bea-8a46141708a6:group-629B1A38EB7F changes to CANDIDATE, lastRpcTime:1169, electionTimeout:1169ms
2019-09-12 10:31:22,673 [Thread-251] INFO  impl.RoleInfo (RoleInfo.java:shutdownFollowerState(121)) - c9031a36-5f7c-4098-8bea-8a46141708a6: shutdown FollowerState
2019-09-12 10:31:22,673 [Thread-251] INFO  impl.RaftServerImpl (RaftServerImpl.java:setRole(171)) - c9031a36-5f7c-4098-8bea-8a46141708a6:group-629B1A38EB7F changes role from FOLLOWER to CANDIDATE at term 0 for changeToCandidate
2019-09-12 10:31:22,673 [Thread-251] INFO  impl.RoleInfo (RoleInfo.java:updateAndGet(143)) - c9031a36-5f7c-4098-8bea-8a46141708a6: start LeaderElection
2019-09-12 10:31:22,692 [pool-49-thread-1] INFO  storage.RaftStorage (RaftStorage.java:format(72)) - Storage directory /workdir/hadoop-ozone/integration-test/target/test-dir/MiniOzoneClusterImpl-b2817a3f-1508-41b1-b0fd-9fa975eef5fc/datanode-2/data/ratis/5dc18ac6-a62d-42ce-9874-047d449d6b0c has been successfully formatted.
2019-09-12 10:31:22,692 [c9031a36-5f7c-4098-8bea-8a46141708a6:group-629B1A38EB7F:LeaderElection5] INFO  impl.LeaderElection (LeaderElection.java:askForVotes(181)) - c9031a36-5f7c-4098-8bea-8a46141708a6:group-629B1A38EB7F:LeaderElection5: begin an election at term 1 for -1: [c9031a36-5f7c-4098-8bea-8a46141708a6:192.168.36.114:41797], old=null
2019-09-12 10:31:22,692 [pool-49-thread-1] INFO  ratis.ContainerStateMachine (ContainerStateMachine.java:loadSnapshot(226)) - group-047D449D6B0C: The snapshot info is null. Setting the last applied indexto:(t:0, i:~)
2019-09-12 10:31:22,692 [c9031a36-5f7c-4098-8bea-8a46141708a6:group-629B1A38EB7F:LeaderElection5] INFO  impl.RoleInfo (RoleInfo.java:shutdownLeaderElection(134)) - c9031a36-5f7c-4098-8bea-8a46141708a6: shutdown LeaderElection
2019-09-12 10:31:22,692 [pool-49-thread-1] INFO  server.RaftServerConfigKeys (ConfUtils.java:logGet(43)) - raft.server.leader.election.timeout = 120s (custom)
2019-09-12 10:31:22,693 [c9031a36-5f7c-4098-8bea-8a46141708a6:group-629B1A38EB7F:LeaderElection5] INFO  impl.RaftServerImpl (RaftServerImpl.java:setRole(171)) - c9031a36-5f7c-4098-8bea-8a46141708a6:group-629B1A38EB7F changes role from CANDIDATE to LEADER at term 1 for changeToLeader
2019-09-12 10:31:22,693 [pool-49-thread-1] INFO  server.RaftServerConfigKeys (ConfUtils.java:logGet(43)) - raft.server.log.use.memory = false (default)
2019-09-12 10:31:22,693 [c9031a36-5f7c-4098-8bea-8a46141708a6:group-629B1A38EB7F:LeaderElection5] INFO  impl.RaftServerImpl (ServerState.java:setLeader(263)) - c9031a36-5f7c-4098-8bea-8a46141708a6:group-629B1A38EB7F change Leader from null to c9031a36-5f7c-4098-8bea-8a46141708a6 at term 1 for becomeLeader, leader elected after 1194ms
2019-09-12 10:31:22,693 [pool-49-thread-1] INFO  server.RaftServerConfigKeys (ConfUtils.java:logGet(43)) - raft.server.log.purge.gap = 1000000 (custom)
2019-09-12 10:31:22,693 [c9031a36-5f7c-4098-8bea-8a46141708a6:group-629B1A38EB7F:LeaderElection5] INFO  server.RaftServerConfigKeys (ConfUtils.java:logGet(43)) - raft.server.staging.catchup.gap = 1000 (default)
2019-09-12 10:31:22,693 [pool-49-thread-1] INFO  server.RaftServerConfigKeys (ConfUtils.java:logGet(43)) - raft.server.log.appender.buffer.byte-limit = 33554432 (custom)
2019-09-12 10:31:22,693 [c9031a36-5f7c-4098-8bea-8a46141708a6:group-629B1A38EB7F:LeaderElection5] INFO  server.RaftServerConfigKeys (ConfUtils.java:logGet(43)) - raft.server.rpc.sleep.time = 25ms (default)
2019-09-12 10:31:22,693 [pool-49-thread-1] INFO  server.RaftServerConfigKeys (ConfUtils.java:logGet(43)) - raft.server.log.segment.size.max = 1048576 (custom)
2019-09-12 10:31:22,694 [c9031a36-5f7c-4098-8bea-8a46141708a6:group-629B1A38EB7F:LeaderElection5] INFO  server.RaftServerConfigKeys (ConfUtils.java:logGet(43)) - raft.server.write.element-limit = 4096 (default)
2019-09-12 10:31:22,694 [pool-49-thread-1] INFO  server.RaftServerConfigKeys (ConfUtils.java:logGet(43)) - raft.server.log.segment.cache.num.max = 2 (custom)
2019-09-12 10:31:22,694 [c9031a36-5f7c-4098-8bea-8a46141708a6:group-629B1A38EB7F:LeaderElection5] INFO  server.RaftServerConfigKeys (ConfUtils.java:logGet(43)) - raft.server.watch.timeout = 10s (default)
2019-09-12 10:31:22,694 [pool-49-thread-1] INFO  segmented.SegmentedRaftLogWorker (SegmentedRaftLogWorker.java:<init>(172)) - new eaeff1e2-de9c-4510-872d-283eb6c3c330-SegmentedRaftLogWorker:Storage Directory /workdir/hadoop-ozone/integration-test/target/test-dir/MiniOzoneClusterImpl-b2817a3f-1508-41b1-b0fd-9fa975eef5fc/datanode-2/data/ratis/5dc18ac6-a62d-42ce-9874-047d449d6b0c for RaftStorage:Storage Directory /workdir/hadoop-ozone/integration-test/target/test-dir/MiniOzoneClusterImpl-b2817a3f-1508-41b1-b0fd-9fa975eef5fc/datanode-2/data/ratis/5dc18ac6-a62d-42ce-9874-047d449d6b0c
2019-09-12 10:31:22,694 [c9031a36-5f7c-4098-8bea-8a46141708a6:group-629B1A38EB7F:LeaderElection5] INFO  server.RaftServerConfigKeys (ConfUtils.java:logGet(43)) - raft.server.watch.timeout.denomination = 1s (default)
2019-09-12 10:31:22,694 [pool-49-thread-1] INFO  server.RaftServerConfigKeys (ConfUtils.java:logGet(43)) - raft.server.log.queue.byte-limit = 2147483647 (custom)
2019-09-12 10:31:22,694 [c9031a36-5f7c-4098-8bea-8a46141708a6:group-629B1A38EB7F:LeaderElection5] INFO  server.RaftServerConfigKeys (ConfUtils.java:logGet(43)) - raft.server.watch.element-limit = 65536 (default)
2019-09-12 10:31:22,696 [pool-49-thread-1] INFO  server.RaftServerConfigKeys (ConfUtils.java:logGet(43)) - raft.server.log.queue.element-limit = 1024 (custom)
2019-09-12 10:31:22,697 [c9031a36-5f7c-4098-8bea-8a46141708a6:group-629B1A38EB7F:LeaderElection5] INFO  impl.RoleInfo (RoleInfo.java:updateAndGet(143)) - c9031a36-5f7c-4098-8bea-8a46141708a6: start LeaderState
2019-09-12 10:31:22,697 [pool-49-thread-1] INFO  server.RaftServerConfigKeys (ConfUtils.java:logGet(43)) - raft.server.log.segment.size.max = 1048576 (custom)
2019-09-12 10:31:22,697 [pool-49-thread-1] INFO  server.RaftServerConfigKeys (ConfUtils.java:logGet(43)) - raft.server.log.preallocated.size = 16384 (custom)
2019-09-12 10:31:22,697 [c9031a36-5f7c-4098-8bea-8a46141708a6:group-629B1A38EB7F:LeaderElection5] INFO  segmented.SegmentedRaftLogWorker (SegmentedRaftLogWorker.java:startLogSegment(380)) - c9031a36-5f7c-4098-8bea-8a46141708a6-SegmentedRaftLogWorker:Storage Directory /workdir/hadoop-ozone/integration-test/target/test-dir/MiniOzoneClusterImpl-b2817a3f-1508-41b1-b0fd-9fa975eef5fc/datanode-0/data/ratis/4626a122-2a34-401d-ba66-629b1a38eb7f: Starting segment from index:0
2019-09-12 10:31:22,697 [pool-49-thread-1] INFO  server.RaftServerConfigKeys (ConfUtils.java:logGet(43)) - raft.server.log.write.buffer.size = 33554432 (custom)
2019-09-12 10:31:22,698 [pool-49-thread-1] INFO  server.RaftServerConfigKeys (ConfUtils.java:logGet(43)) - raft.server.log.force.sync.num = 128 (default)
2019-09-12 10:31:22,698 [pool-49-thread-1] INFO  server.RaftServerConfigKeys (ConfUtils.java:logGet(43)) - raft.server.log.statemachine.data.sync = true (default)
2019-09-12 10:31:22,698 [c9031a36-5f7c-4098-8bea-8a46141708a6:group-629B1A38EB7F:LeaderElection5] INFO  impl.RaftServerImpl (ServerState.java:setRaftConf(361)) - c9031a36-5f7c-4098-8bea-8a46141708a6:group-629B1A38EB7F set configuration 0: [c9031a36-5f7c-4098-8bea-8a46141708a6:192.168.36.114:41797], old=null at 0
2019-09-12 10:31:22,698 [pool-49-thread-1] INFO  server.RaftServerConfigKeys (ConfUtils.java:logGet(43)) - raft.server.log.statemachine.data.sync.timeout = 10s (default)
2019-09-12 10:31:22,735 [pool-49-thread-1] INFO  server.RaftServerConfigKeys (ConfUtils.java:logGet(43)) - raft.server.log.statemachine.data.sync.timeout.retry = -1 (default)
2019-09-12 10:31:22,735 [pool-49-thread-1] INFO  server.RaftServerConfigKeys (ConfUtils.java:logGet(43)) - raft.server.log.statemachine.data.caching.enabled = true (custom)
2019-09-12 10:31:22,735 [pool-49-thread-1] INFO  segmented.SegmentedRaftLogWorker (SegmentedRaftLogWorker.java:lambda$new$0(132)) - eaeff1e2-de9c-4510-872d-283eb6c3c330-SegmentedRaftLogWorker:Storage Directory /workdir/hadoop-ozone/integration-test/target/test-dir/MiniOzoneClusterImpl-b2817a3f-1508-41b1-b0fd-9fa975eef5fc/datanode-2/data/ratis/5dc18ac6-a62d-42ce-9874-047d449d6b0c: flushIndex: setUnconditionally 0 -> -1
2019-09-12 10:31:22,736 [pool-49-thread-1] INFO  server.RaftServerConfigKeys (ConfUtils.java:logGet(43)) - raft.server.snapshot.auto.trigger.enabled = true (custom)
2019-09-12 10:31:22,736 [pool-49-thread-1] INFO  server.RaftServerConfigKeys (ConfUtils.java:logGet(43)) - raft.server.snapshot.auto.trigger.threshold = 10000 (custom)
2019-09-12 10:31:22,736 [pool-49-thread-1] INFO  server.RaftServerConfigKeys (ConfUtils.java:logGet(43)) - raft.server.retrycache.expirytime = 600000ms (custom)
2019-09-12 10:31:22,736 [pool-49-thread-1] INFO  impl.RaftServerImpl (RaftServerImpl.java:start(180)) - eaeff1e2-de9c-4510-872d-283eb6c3c330: start group-047D449D6B0C
2019-09-12 10:31:22,736 [pool-49-thread-1] INFO  impl.RaftServerImpl (RaftServerImpl.java:setRole(171)) - eaeff1e2-de9c-4510-872d-283eb6c3c330:group-047D449D6B0C changes role from null to FOLLOWER at term 0 for startAsFollower
2019-09-12 10:31:22,737 [pool-49-thread-1] INFO  impl.RoleInfo (RoleInfo.java:updateAndGet(143)) - eaeff1e2-de9c-4510-872d-283eb6c3c330: start FollowerState
2019-09-12 10:31:22,737 [pool-49-thread-1] INFO  util.JmxRegister (JmxRegister.java:tryRegister(44)) - Successfully registered JMX Bean with object name Ratis:service=RaftServer,group=group-047D449D6B0C,id=eaeff1e2-de9c-4510-872d-283eb6c3c330
2019-09-12 10:31:22,738 [Thread-254] INFO  impl.FollowerState (FollowerState.java:run(106)) - 2cb9d557-cb56-4745-8686-5e72b62e748a:group-322254C97598 changes to CANDIDATE, lastRpcTime:1157, electionTimeout:1157ms
2019-09-12 10:31:22,738 [Thread-254] INFO  impl.RoleInfo (RoleInfo.java:shutdownFollowerState(121)) - 2cb9d557-cb56-4745-8686-5e72b62e748a: shutdown FollowerState
2019-09-12 10:31:22,738 [Thread-254] INFO  impl.RaftServerImpl (RaftServerImpl.java:setRole(171)) - 2cb9d557-cb56-4745-8686-5e72b62e748a:group-322254C97598 changes role from FOLLOWER to CANDIDATE at term 0 for changeToCandidate
2019-09-12 10:31:22,738 [Thread-254] INFO  impl.RoleInfo (RoleInfo.java:updateAndGet(143)) - 2cb9d557-cb56-4745-8686-5e72b62e748a: start LeaderElection
2019-09-12 10:31:22,749 [RatisPipelineUtilsThread] INFO  pipeline.PipelineStateManager (PipelineStateManager.java:addPipeline(56)) - Created pipeline Pipeline[ Id: 5dc18ac6-a62d-42ce-9874-047d449d6b0c, Nodes: eaeff1e2-de9c-4510-872d-283eb6c3c330{ip: 192.168.36.114, host: pr-hdds-1569-58hkm-1881083799, networkLocation: /default-rack, certSerialId: null}, Type:RATIS, Factor:ONE, State:OPEN]
2019-09-12 10:31:22,749 [RatisPipelineUtilsThread] ERROR pipeline.PipelinePlacementPolicy (PipelinePlacementPolicy.java:meetCriteria(92)) - Pipeline Placement: Doesn't meet the criteria to be viable node. Heaviness: 6
2019-09-12 10:31:22,763 [c9031a36-5f7c-4098-8bea-8a46141708a6-SegmentedRaftLogWorker:Storage Directory /workdir/hadoop-ozone/integration-test/target/test-dir/MiniOzoneClusterImpl-b2817a3f-1508-41b1-b0fd-9fa975eef5fc/datanode-0/data/ratis/4626a122-2a34-401d-ba66-629b1a38eb7f] INFO  segmented.SegmentedRaftLogWorker (SegmentedRaftLogWorker.java:execute(569)) - c9031a36-5f7c-4098-8bea-8a46141708a6-SegmentedRaftLogWorker:Storage Directory /workdir/hadoop-ozone/integration-test/target/test-dir/MiniOzoneClusterImpl-b2817a3f-1508-41b1-b0fd-9fa975eef5fc/datanode-0/data/ratis/4626a122-2a34-401d-ba66-629b1a38eb7f: created new log segment /workdir/hadoop-ozone/integration-test/target/test-dir/MiniOzoneClusterImpl-b2817a3f-1508-41b1-b0fd-9fa975eef5fc/datanode-0/data/ratis/4626a122-2a34-401d-ba66-629b1a38eb7f/current/log_inprogress_0
2019-09-12 10:31:22,763 [2cb9d557-cb56-4745-8686-5e72b62e748a:group-322254C97598:LeaderElection6] INFO  impl.LeaderElection (LeaderElection.java:askForVotes(181)) - 2cb9d557-cb56-4745-8686-5e72b62e748a:group-322254C97598:LeaderElection6: begin an election at term 1 for -1: [2cb9d557-cb56-4745-8686-5e72b62e748a:192.168.36.114:41494], old=null
2019-09-12 10:31:22,764 [2cb9d557-cb56-4745-8686-5e72b62e748a:group-322254C97598:LeaderElection6] INFO  impl.RoleInfo (RoleInfo.java:shutdownLeaderElection(134)) - 2cb9d557-cb56-4745-8686-5e72b62e748a: shutdown LeaderElection
2019-09-12 10:31:22,764 [2cb9d557-cb56-4745-8686-5e72b62e748a:group-322254C97598:LeaderElection6] INFO  impl.RaftServerImpl (RaftServerImpl.java:setRole(171)) - 2cb9d557-cb56-4745-8686-5e72b62e748a:group-322254C97598 changes role from CANDIDATE to LEADER at term 1 for changeToLeader
2019-09-12 10:31:22,764 [2cb9d557-cb56-4745-8686-5e72b62e748a:group-322254C97598:LeaderElection6] INFO  impl.RaftServerImpl (ServerState.java:setLeader(263)) - 2cb9d557-cb56-4745-8686-5e72b62e748a:group-322254C97598 change Leader from null to 2cb9d557-cb56-4745-8686-5e72b62e748a at term 1 for becomeLeader, leader elected after 1189ms
2019-09-12 10:31:22,765 [2cb9d557-cb56-4745-8686-5e72b62e748a:group-322254C97598:LeaderElection6] INFO  server.RaftServerConfigKeys (ConfUtils.java:logGet(43)) - raft.server.staging.catchup.gap = 1000 (default)
2019-09-12 10:31:22,766 [2cb9d557-cb56-4745-8686-5e72b62e748a:group-322254C97598:LeaderElection6] INFO  server.RaftServerConfigKeys (ConfUtils.java:logGet(43)) - raft.server.rpc.sleep.time = 25ms (default)
2019-09-12 10:31:22,766 [2cb9d557-cb56-4745-8686-5e72b62e748a:group-322254C97598:LeaderElection6] INFO  server.RaftServerConfigKeys (ConfUtils.java:logGet(43)) - raft.server.write.element-limit = 4096 (default)
2019-09-12 10:31:22,766 [2cb9d557-cb56-4745-8686-5e72b62e748a:group-322254C97598:LeaderElection6] INFO  server.RaftServerConfigKeys (ConfUtils.java:logGet(43)) - raft.server.watch.timeout = 10s (default)
2019-09-12 10:31:22,766 [2cb9d557-cb56-4745-8686-5e72b62e748a:group-322254C97598:LeaderElection6] INFO  server.RaftServerConfigKeys (ConfUtils.java:logGet(43)) - raft.server.watch.timeout.denomination = 1s (default)
2019-09-12 10:31:22,766 [2cb9d557-cb56-4745-8686-5e72b62e748a:group-322254C97598:LeaderElection6] INFO  server.RaftServerConfigKeys (ConfUtils.java:logGet(43)) - raft.server.watch.element-limit = 65536 (default)
2019-09-12 10:31:22,767 [2cb9d557-cb56-4745-8686-5e72b62e748a:group-322254C97598:LeaderElection6] INFO  impl.RoleInfo (RoleInfo.java:updateAndGet(143)) - 2cb9d557-cb56-4745-8686-5e72b62e748a: start LeaderState
2019-09-12 10:31:22,767 [2cb9d557-cb56-4745-8686-5e72b62e748a:group-322254C97598:LeaderElection6] INFO  segmented.SegmentedRaftLogWorker (SegmentedRaftLogWorker.java:startLogSegment(380)) - 2cb9d557-cb56-4745-8686-5e72b62e748a-SegmentedRaftLogWorker:Storage Directory /workdir/hadoop-ozone/integration-test/target/test-dir/MiniOzoneClusterImpl-b2817a3f-1508-41b1-b0fd-9fa975eef5fc/datanode-1/data/ratis/1b70380f-773c-4c52-9371-322254c97598: Starting segment from index:0
2019-09-12 10:31:22,768 [2cb9d557-cb56-4745-8686-5e72b62e748a:group-322254C97598:LeaderElection6] INFO  impl.RaftServerImpl (ServerState.java:setRaftConf(361)) - 2cb9d557-cb56-4745-8686-5e72b62e748a:group-322254C97598 set configuration 0: [2cb9d557-cb56-4745-8686-5e72b62e748a:192.168.36.114:41494], old=null at 0
2019-09-12 10:31:22,800 [Thread-257] INFO  impl.FollowerState (FollowerState.java:run(106)) - 39df7a3f-9691-48d4-a2b1-6888489a5f8a:group-A6CC29E45DCE changes to CANDIDATE, lastRpcTime:1145, electionTimeout:1135ms
2019-09-12 10:31:22,803 [Thread-257] INFO  impl.RoleInfo (RoleInfo.java:shutdownFollowerState(121)) - 39df7a3f-9691-48d4-a2b1-6888489a5f8a: shutdown FollowerState
2019-09-12 10:31:22,803 [Thread-257] INFO  impl.RaftServerImpl (RaftServerImpl.java:setRole(171)) - 39df7a3f-9691-48d4-a2b1-6888489a5f8a:group-A6CC29E45DCE changes role from FOLLOWER to CANDIDATE at term 0 for changeToCandidate
2019-09-12 10:31:22,803 [Thread-257] INFO  impl.RoleInfo (RoleInfo.java:updateAndGet(143)) - 39df7a3f-9691-48d4-a2b1-6888489a5f8a: start LeaderElection
2019-09-12 10:31:22,812 | INFO  | SCMAudit | user=jenkins1000 | ip=192.168.36.114 | op=SEND_HEARTBEAT {datanodeUUID=c9031a36-5f7c-4098-8bea-8a46141708a6, command=[]} | ret=SUCCESS |  
2019-09-12 10:31:22,820 [2cb9d557-cb56-4745-8686-5e72b62e748a-SegmentedRaftLogWorker:Storage Directory /workdir/hadoop-ozone/integration-test/target/test-dir/MiniOzoneClusterImpl-b2817a3f-1508-41b1-b0fd-9fa975eef5fc/datanode-1/data/ratis/1b70380f-773c-4c52-9371-322254c97598] INFO  segmented.SegmentedRaftLogWorker (SegmentedRaftLogWorker.java:execute(569)) - 2cb9d557-cb56-4745-8686-5e72b62e748a-SegmentedRaftLogWorker:Storage Directory /workdir/hadoop-ozone/integration-test/target/test-dir/MiniOzoneClusterImpl-b2817a3f-1508-41b1-b0fd-9fa975eef5fc/datanode-1/data/ratis/1b70380f-773c-4c52-9371-322254c97598: created new log segment /workdir/hadoop-ozone/integration-test/target/test-dir/MiniOzoneClusterImpl-b2817a3f-1508-41b1-b0fd-9fa975eef5fc/datanode-1/data/ratis/1b70380f-773c-4c52-9371-322254c97598/current/log_inprogress_0
2019-09-12 10:31:22,812 | INFO  | SCMAudit | user=jenkins1000 | ip=192.168.36.114 | op=SEND_HEARTBEAT {datanodeUUID=39df7a3f-9691-48d4-a2b1-6888489a5f8a, command=[]} | ret=SUCCESS |  
2019-09-12 10:31:22,820 [39df7a3f-9691-48d4-a2b1-6888489a5f8a:group-A6CC29E45DCE:LeaderElection7] INFO  impl.LeaderElection (LeaderElection.java:askForVotes(181)) - 39df7a3f-9691-48d4-a2b1-6888489a5f8a:group-A6CC29E45DCE:LeaderElection7: begin an election at term 1 for -1: [39df7a3f-9691-48d4-a2b1-6888489a5f8a:192.168.36.114:35493], old=null
2019-09-12 10:31:22,820 [39df7a3f-9691-48d4-a2b1-6888489a5f8a:group-A6CC29E45DCE:LeaderElection7] INFO  impl.RoleInfo (RoleInfo.java:shutdownLeaderElection(134)) - 39df7a3f-9691-48d4-a2b1-6888489a5f8a: shutdown LeaderElection
2019-09-12 10:31:22,820 [39df7a3f-9691-48d4-a2b1-6888489a5f8a:group-A6CC29E45DCE:LeaderElection7] INFO  impl.RaftServerImpl (RaftServerImpl.java:setRole(171)) - 39df7a3f-9691-48d4-a2b1-6888489a5f8a:group-A6CC29E45DCE changes role from CANDIDATE to LEADER at term 1 for changeToLeader
2019-09-12 10:31:22,820 [39df7a3f-9691-48d4-a2b1-6888489a5f8a:group-A6CC29E45DCE:LeaderElection7] INFO  impl.RaftServerImpl (ServerState.java:setLeader(263)) - 39df7a3f-9691-48d4-a2b1-6888489a5f8a:group-A6CC29E45DCE change Leader from null to 39df7a3f-9691-48d4-a2b1-6888489a5f8a at term 1 for becomeLeader, leader elected after 1171ms
2019-09-12 10:31:22,822 [39df7a3f-9691-48d4-a2b1-6888489a5f8a:group-A6CC29E45DCE:LeaderElection7] INFO  server.RaftServerConfigKeys (ConfUtils.java:logGet(43)) - raft.server.staging.catchup.gap = 1000 (default)
2019-09-12 10:31:22,822 [grpc-default-executor-0] INFO  impl.RaftServerProxy (RaftServerProxy.java:addNew(89)) - f17b4253-95a0-4ee6-8ded-88f070f15b33: addNew group-6431A75F1052:[f17b4253-95a0-4ee6-8ded-88f070f15b33:192.168.36.114:35683] returns group-6431A75F1052:java.util.concurrent.CompletableFuture@7759f74a[Not completed]
2019-09-12 10:31:22,824 [39df7a3f-9691-48d4-a2b1-6888489a5f8a:group-A6CC29E45DCE:LeaderElection7] INFO  server.RaftServerConfigKeys (ConfUtils.java:logGet(43)) - raft.server.rpc.sleep.time = 25ms (default)
2019-09-12 10:31:22,825 [39df7a3f-9691-48d4-a2b1-6888489a5f8a:group-A6CC29E45DCE:LeaderElection7] INFO  server.RaftServerConfigKeys (ConfUtils.java:logGet(43)) - raft.server.write.element-limit = 4096 (default)
2019-09-12 10:31:22,825 [39df7a3f-9691-48d4-a2b1-6888489a5f8a:group-A6CC29E45DCE:LeaderElection7] INFO  server.RaftServerConfigKeys (ConfUtils.java:logGet(43)) - raft.server.watch.timeout = 10s (default)
2019-09-12 10:31:22,825 [39df7a3f-9691-48d4-a2b1-6888489a5f8a:group-A6CC29E45DCE:LeaderElection7] INFO  server.RaftServerConfigKeys (ConfUtils.java:logGet(43)) - raft.server.watch.timeout.denomination = 1s (default)
2019-09-12 10:31:22,825 [39df7a3f-9691-48d4-a2b1-6888489a5f8a:group-A6CC29E45DCE:LeaderElection7] INFO  server.RaftServerConfigKeys (ConfUtils.java:logGet(43)) - raft.server.watch.element-limit = 65536 (default)
2019-09-12 10:31:22,826 [39df7a3f-9691-48d4-a2b1-6888489a5f8a:group-A6CC29E45DCE:LeaderElection7] INFO  impl.RoleInfo (RoleInfo.java:updateAndGet(143)) - 39df7a3f-9691-48d4-a2b1-6888489a5f8a: start LeaderState
2019-09-12 10:31:22,826 [39df7a3f-9691-48d4-a2b1-6888489a5f8a:group-A6CC29E45DCE:LeaderElection7] INFO  segmented.SegmentedRaftLogWorker (SegmentedRaftLogWorker.java:startLogSegment(380)) - 39df7a3f-9691-48d4-a2b1-6888489a5f8a-SegmentedRaftLogWorker:Storage Directory /workdir/hadoop-ozone/integration-test/target/test-dir/MiniOzoneClusterImpl-b2817a3f-1508-41b1-b0fd-9fa975eef5fc/datanode-4/data/ratis/c4bbfa12-0e59-47a3-ac39-a6cc29e45dce: Starting segment from index:0
2019-09-12 10:31:22,826 [pool-60-thread-1] INFO  impl.RaftServerImpl (RaftServerImpl.java:<init>(93)) - f17b4253-95a0-4ee6-8ded-88f070f15b33: new RaftServerImpl for group-6431A75F1052:[f17b4253-95a0-4ee6-8ded-88f070f15b33:192.168.36.114:35683] with ContainerStateMachine:uninitialized
2019-09-12 10:31:22,826 [pool-60-thread-1] INFO  server.RaftServerConfigKeys (ConfUtils.java:logGet(43)) - raft.server.rpc.timeout.min = 1s (custom)
2019-09-12 10:31:22,827 [39df7a3f-9691-48d4-a2b1-6888489a5f8a:group-A6CC29E45DCE:LeaderElection7] INFO  impl.RaftServerImpl (ServerState.java:setRaftConf(361)) - 39df7a3f-9691-48d4-a2b1-6888489a5f8a:group-A6CC29E45DCE set configuration 0: [39df7a3f-9691-48d4-a2b1-6888489a5f8a:192.168.36.114:35493], old=null at 0
2019-09-12 10:31:22,827 [pool-60-thread-1] INFO  server.RaftServerConfigKeys (ConfUtils.java:logGet(43)) - raft.server.rpc.timeout.max = 1200ms (custom)
2019-09-12 10:31:22,859 [Thread-237] INFO  container.ReplicationManager (ReplicationManager.java:start(151)) - Starting Replication Monitor Thread.
2019-09-12 10:31:22,858 [Thread-261] INFO  impl.FollowerState (FollowerState.java:run(106)) - 39df7a3f-9691-48d4-a2b1-6888489a5f8a:group-CB23BEBE2113 changes to CANDIDATE, lastRpcTime:1104, electionTimeout:1096ms
2019-09-12 10:31:22,859 [pool-60-thread-1] INFO  server.RaftServerConfigKeys (ConfUtils.java:logGet(43)) - raft.server.rpcslowness.timeout = 120s (custom)
2019-09-12 10:31:22,859 [Thread-261] INFO  impl.RoleInfo (RoleInfo.java:shutdownFollowerState(121)) - 39df7a3f-9691-48d4-a2b1-6888489a5f8a: shutdown FollowerState
2019-09-12 10:31:22,859 [pool-60-thread-1] INFO  server.RaftServerConfigKeys (ConfUtils.java:logGet(43)) - raft.server.sleep.deviation.threshold = 300 (default)
2019-09-12 10:31:22,859 [Thread-261] INFO  impl.RaftServerImpl (RaftServerImpl.java:setRole(171)) - 39df7a3f-9691-48d4-a2b1-6888489a5f8a:group-CB23BEBE2113 changes role from FOLLOWER to CANDIDATE at term 0 for changeToCandidate
2019-09-12 10:31:22,860 [pool-60-thread-1] INFO  server.RaftServerConfigKeys (ConfUtils.java:logGet(43)) - raft.server.log.appender.install.snapshot.enabled = false (custom)
2019-09-12 10:31:22,860 [Thread-261] INFO  impl.RoleInfo (RoleInfo.java:updateAndGet(143)) - 39df7a3f-9691-48d4-a2b1-6888489a5f8a: start LeaderElection
2019-09-12 10:31:22,860 [pool-60-thread-1] INFO  impl.RaftServerImpl (ServerState.java:<init>(105)) - f17b4253-95a0-4ee6-8ded-88f070f15b33:group-6431A75F1052 ConfigurationManager, init=-1: [f17b4253-95a0-4ee6-8ded-88f070f15b33:192.168.36.114:35683], old=null, confs=<EMPTY_MAP>
2019-09-12 10:31:22,860 [pool-60-thread-1] INFO  server.RaftServerConfigKeys (ConfUtils.java:logGet(43)) - raft.server.storage.dir = [/workdir/hadoop-ozone/integration-test/target/test-dir/MiniOzoneClusterImpl-b2817a3f-1508-41b1-b0fd-9fa975eef5fc/datanode-3/data/ratis] (custom)
2019-09-12 10:31:22,866 [ReplicationMonitor] INFO  container.ReplicationManager (ReplicationManager.java:run(214)) - Replication Monitor Thread took 6 milliseconds for processing 0 containers.
2019-09-12 10:31:22,866 [pool-60-thread-1] INFO  storage.RaftStorageDirectory (RaftStorageDirectory.java:analyzeStorage(246)) - The storage directory /workdir/hadoop-ozone/integration-test/target/test-dir/MiniOzoneClusterImpl-b2817a3f-1508-41b1-b0fd-9fa975eef5fc/datanode-3/data/ratis/fb68c88d-a346-4b3f-a6b2-6431a75f1052 does not exist. Creating ...
2019-09-12 10:31:22,872 [pool-60-thread-1] INFO  storage.RaftStorageDirectory (RaftStorageDirectory.java:tryLock(328)) - Lock on /workdir/hadoop-ozone/integration-test/target/test-dir/MiniOzoneClusterImpl-b2817a3f-1508-41b1-b0fd-9fa975eef5fc/datanode-3/data/ratis/fb68c88d-a346-4b3f-a6b2-6431a75f1052/in_use.lock acquired by nodename 1396@pr-hdds-1569-58hkm-1881083799
2019-09-12 10:31:22,872 [39df7a3f-9691-48d4-a2b1-6888489a5f8a-SegmentedRaftLogWorker:Storage Directory /workdir/hadoop-ozone/integration-test/target/test-dir/MiniOzoneClusterImpl-b2817a3f-1508-41b1-b0fd-9fa975eef5fc/datanode-4/data/ratis/c4bbfa12-0e59-47a3-ac39-a6cc29e45dce] INFO  segmented.SegmentedRaftLogWorker (SegmentedRaftLogWorker.java:execute(569)) - 39df7a3f-9691-48d4-a2b1-6888489a5f8a-SegmentedRaftLogWorker:Storage Directory /workdir/hadoop-ozone/integration-test/target/test-dir/MiniOzoneClusterImpl-b2817a3f-1508-41b1-b0fd-9fa975eef5fc/datanode-4/data/ratis/c4bbfa12-0e59-47a3-ac39-a6cc29e45dce: created new log segment /workdir/hadoop-ozone/integration-test/target/test-dir/MiniOzoneClusterImpl-b2817a3f-1508-41b1-b0fd-9fa975eef5fc/datanode-4/data/ratis/c4bbfa12-0e59-47a3-ac39-a6cc29e45dce/current/log_inprogress_0
2019-09-12 10:31:22,872 [39df7a3f-9691-48d4-a2b1-6888489a5f8a:group-CB23BEBE2113:LeaderElection8] INFO  impl.LeaderElection (LeaderElection.java:askForVotes(181)) - 39df7a3f-9691-48d4-a2b1-6888489a5f8a:group-CB23BEBE2113:LeaderElection8: begin an election at term 1 for -1: [39df7a3f-9691-48d4-a2b1-6888489a5f8a:192.168.36.114:35493], old=null
2019-09-12 10:31:22,872 [39df7a3f-9691-48d4-a2b1-6888489a5f8a:group-CB23BEBE2113:LeaderElection8] INFO  impl.RoleInfo (RoleInfo.java:shutdownLeaderElection(134)) - 39df7a3f-9691-48d4-a2b1-6888489a5f8a: shutdown LeaderElection
2019-09-12 10:31:22,872 [39df7a3f-9691-48d4-a2b1-6888489a5f8a:group-CB23BEBE2113:LeaderElection8] INFO  impl.RaftServerImpl (RaftServerImpl.java:setRole(171)) - 39df7a3f-9691-48d4-a2b1-6888489a5f8a:group-CB23BEBE2113 changes role from CANDIDATE to LEADER at term 1 for changeToLeader
2019-09-12 10:31:22,872 [39df7a3f-9691-48d4-a2b1-6888489a5f8a:group-CB23BEBE2113:LeaderElection8] INFO  impl.RaftServerImpl (ServerState.java:setLeader(263)) - 39df7a3f-9691-48d4-a2b1-6888489a5f8a:group-CB23BEBE2113 change Leader from null to 39df7a3f-9691-48d4-a2b1-6888489a5f8a at term 1 for becomeLeader, leader elected after 1123ms
2019-09-12 10:31:22,873 [39df7a3f-9691-48d4-a2b1-6888489a5f8a:group-CB23BEBE2113:LeaderElection8] INFO  server.RaftServerConfigKeys (ConfUtils.java:logGet(43)) - raft.server.staging.catchup.gap = 1000 (default)
2019-09-12 10:31:22,873 [39df7a3f-9691-48d4-a2b1-6888489a5f8a:group-CB23BEBE2113:LeaderElection8] INFO  server.RaftServerConfigKeys (ConfUtils.java:logGet(43)) - raft.server.rpc.sleep.time = 25ms (default)
2019-09-12 10:31:22,873 [39df7a3f-9691-48d4-a2b1-6888489a5f8a:group-CB23BEBE2113:LeaderElection8] INFO  server.RaftServerConfigKeys (ConfUtils.java:logGet(43)) - raft.server.write.element-limit = 4096 (default)
2019-09-12 10:31:22,873 [39df7a3f-9691-48d4-a2b1-6888489a5f8a:group-CB23BEBE2113:LeaderElection8] INFO  server.RaftServerConfigKeys (ConfUtils.java:logGet(43)) - raft.server.watch.timeout = 10s (default)
2019-09-12 10:31:22,873 [39df7a3f-9691-48d4-a2b1-6888489a5f8a:group-CB23BEBE2113:LeaderElection8] INFO  server.RaftServerConfigKeys (ConfUtils.java:logGet(43)) - raft.server.watch.timeout.denomination = 1s (default)
2019-09-12 10:31:22,873 [39df7a3f-9691-48d4-a2b1-6888489a5f8a:group-CB23BEBE2113:LeaderElection8] INFO  server.RaftServerConfigKeys (ConfUtils.java:logGet(43)) - raft.server.watch.element-limit = 65536 (default)
2019-09-12 10:31:22,874 [39df7a3f-9691-48d4-a2b1-6888489a5f8a:group-CB23BEBE2113:LeaderElection8] INFO  impl.RoleInfo (RoleInfo.java:updateAndGet(143)) - 39df7a3f-9691-48d4-a2b1-6888489a5f8a: start LeaderState
2019-09-12 10:31:22,874 [39df7a3f-9691-48d4-a2b1-6888489a5f8a:group-CB23BEBE2113:LeaderElection8] INFO  segmented.SegmentedRaftLogWorker (SegmentedRaftLogWorker.java:startLogSegment(380)) - 39df7a3f-9691-48d4-a2b1-6888489a5f8a-SegmentedRaftLogWorker:Storage Directory /workdir/hadoop-ozone/integration-test/target/test-dir/MiniOzoneClusterImpl-b2817a3f-1508-41b1-b0fd-9fa975eef5fc/datanode-4/data/ratis/f115c2fe-f627-447e-9e61-cb23bebe2113: Starting segment from index:0
2019-09-12 10:31:22,875 [39df7a3f-9691-48d4-a2b1-6888489a5f8a:group-CB23BEBE2113:LeaderElection8] INFO  impl.RaftServerImpl (ServerState.java:setRaftConf(361)) - 39df7a3f-9691-48d4-a2b1-6888489a5f8a:group-CB23BEBE2113 set configuration 0: [39df7a3f-9691-48d4-a2b1-6888489a5f8a:192.168.36.114:35493], old=null at 0
2019-09-12 10:31:22,908 [pool-60-thread-1] INFO  storage.RaftStorage (RaftStorage.java:format(72)) - Storage directory /workdir/hadoop-ozone/integration-test/target/test-dir/MiniOzoneClusterImpl-b2817a3f-1508-41b1-b0fd-9fa975eef5fc/datanode-3/data/ratis/fb68c88d-a346-4b3f-a6b2-6431a75f1052 has been successfully formatted.
2019-09-12 10:31:22,911 [pool-60-thread-1] INFO  ratis.ContainerStateMachine (ContainerStateMachine.java:loadSnapshot(226)) - group-6431A75F1052: The snapshot info is null. Setting the last applied indexto:(t:0, i:~)
2019-09-12 10:31:22,911 [pool-60-thread-1] INFO  server.RaftServerConfigKeys (ConfUtils.java:logGet(43)) - raft.server.leader.election.timeout = 120s (custom)
2019-09-12 10:31:22,911 [pool-60-thread-1] INFO  server.RaftServerConfigKeys (ConfUtils.java:logGet(43)) - raft.server.log.use.memory = false (default)
2019-09-12 10:31:22,911 [pool-60-thread-1] INFO  server.RaftServerConfigKeys (ConfUtils.java:logGet(43)) - raft.server.log.purge.gap = 1000000 (custom)
2019-09-12 10:31:22,911 [pool-60-thread-1] INFO  server.RaftServerConfigKeys (ConfUtils.java:logGet(43)) - raft.server.log.appender.buffer.byte-limit = 33554432 (custom)
2019-09-12 10:31:22,912 [pool-60-thread-1] INFO  server.RaftServerConfigKeys (ConfUtils.java:logGet(43)) - raft.server.log.segment.size.max = 1048576 (custom)
2019-09-12 10:31:22,912 [pool-60-thread-1] INFO  server.RaftServerConfigKeys (ConfUtils.java:logGet(43)) - raft.server.log.segment.cache.num.max = 2 (custom)
2019-09-12 10:31:22,912 [pool-60-thread-1] INFO  segmented.SegmentedRaftLogWorker (SegmentedRaftLogWorker.java:<init>(172)) - new f17b4253-95a0-4ee6-8ded-88f070f15b33-SegmentedRaftLogWorker:Storage Directory /workdir/hadoop-ozone/integration-test/target/test-dir/MiniOzoneClusterImpl-b2817a3f-1508-41b1-b0fd-9fa975eef5fc/datanode-3/data/ratis/fb68c88d-a346-4b3f-a6b2-6431a75f1052 for RaftStorage:Storage Directory /workdir/hadoop-ozone/integration-test/target/test-dir/MiniOzoneClusterImpl-b2817a3f-1508-41b1-b0fd-9fa975eef5fc/datanode-3/data/ratis/fb68c88d-a346-4b3f-a6b2-6431a75f1052
2019-09-12 10:31:22,912 [pool-60-thread-1] INFO  server.RaftServerConfigKeys (ConfUtils.java:logGet(43)) - raft.server.log.queue.byte-limit = 2147483647 (custom)
2019-09-12 10:31:22,912 [pool-60-thread-1] INFO  server.RaftServerConfigKeys (ConfUtils.java:logGet(43)) - raft.server.log.queue.element-limit = 1024 (custom)
2019-09-12 10:31:22,913 [pool-60-thread-1] INFO  server.RaftServerConfigKeys (ConfUtils.java:logGet(43)) - raft.server.log.segment.size.max = 1048576 (custom)
2019-09-12 10:31:22,913 [pool-60-thread-1] INFO  server.RaftServerConfigKeys (ConfUtils.java:logGet(43)) - raft.server.log.preallocated.size = 16384 (custom)
2019-09-12 10:31:22,913 [pool-60-thread-1] INFO  server.RaftServerConfigKeys (ConfUtils.java:logGet(43)) - raft.server.log.write.buffer.size = 33554432 (custom)
2019-09-12 10:31:22,913 [pool-60-thread-1] INFO  server.RaftServerConfigKeys (ConfUtils.java:logGet(43)) - raft.server.log.force.sync.num = 128 (default)
2019-09-12 10:31:22,913 [pool-60-thread-1] INFO  server.RaftServerConfigKeys (ConfUtils.java:logGet(43)) - raft.server.log.statemachine.data.sync = true (default)
2019-09-12 10:31:22,913 [pool-60-thread-1] INFO  server.RaftServerConfigKeys (ConfUtils.java:logGet(43)) - raft.server.log.statemachine.data.sync.timeout = 10s (default)
2019-09-12 10:31:22,914 [pool-60-thread-1] INFO  server.RaftServerConfigKeys (ConfUtils.java:logGet(43)) - raft.server.log.statemachine.data.sync.timeout.retry = -1 (default)
2019-09-12 10:31:22,914 [pool-60-thread-1] INFO  server.RaftServerConfigKeys (ConfUtils.java:logGet(43)) - raft.server.log.statemachine.data.caching.enabled = true (custom)
2019-09-12 10:31:22,914 [pool-60-thread-1] INFO  segmented.SegmentedRaftLogWorker (SegmentedRaftLogWorker.java:lambda$new$0(132)) - f17b4253-95a0-4ee6-8ded-88f070f15b33-SegmentedRaftLogWorker:Storage Directory /workdir/hadoop-ozone/integration-test/target/test-dir/MiniOzoneClusterImpl-b2817a3f-1508-41b1-b0fd-9fa975eef5fc/datanode-3/data/ratis/fb68c88d-a346-4b3f-a6b2-6431a75f1052: flushIndex: setUnconditionally 0 -> -1
2019-09-12 10:31:22,915 [pool-60-thread-1] INFO  server.RaftServerConfigKeys (ConfUtils.java:logGet(43)) - raft.server.snapshot.auto.trigger.enabled = true (custom)
2019-09-12 10:31:22,915 [pool-60-thread-1] INFO  server.RaftServerConfigKeys (ConfUtils.java:logGet(43)) - raft.server.snapshot.auto.trigger.threshold = 10000 (custom)
2019-09-12 10:31:22,915 [pool-60-thread-1] INFO  server.RaftServerConfigKeys (ConfUtils.java:logGet(43)) - raft.server.retrycache.expirytime = 600000ms (custom)
2019-09-12 10:31:22,915 [pool-60-thread-1] INFO  impl.RaftServerImpl (RaftServerImpl.java:start(180)) - f17b4253-95a0-4ee6-8ded-88f070f15b33: start group-6431A75F1052
2019-09-12 10:31:22,915 [pool-60-thread-1] INFO  impl.RaftServerImpl (RaftServerImpl.java:setRole(171)) - f17b4253-95a0-4ee6-8ded-88f070f15b33:group-6431A75F1052 changes role from null to FOLLOWER at term 0 for startAsFollower
2019-09-12 10:31:22,916 [pool-60-thread-1] INFO  impl.RoleInfo (RoleInfo.java:updateAndGet(143)) - f17b4253-95a0-4ee6-8ded-88f070f15b33: start FollowerState
2019-09-12 10:31:22,923 [pool-60-thread-1] INFO  util.JmxRegister (JmxRegister.java:tryRegister(44)) - Successfully registered JMX Bean with object name Ratis:service=RaftServer,group=group-6431A75F1052,id=f17b4253-95a0-4ee6-8ded-88f070f15b33
2019-09-12 10:31:22,923 [39df7a3f-9691-48d4-a2b1-6888489a5f8a-SegmentedRaftLogWorker:Storage Directory /workdir/hadoop-ozone/integration-test/target/test-dir/MiniOzoneClusterImpl-b2817a3f-1508-41b1-b0fd-9fa975eef5fc/datanode-4/data/ratis/f115c2fe-f627-447e-9e61-cb23bebe2113] INFO  segmented.SegmentedRaftLogWorker (SegmentedRaftLogWorker.java:execute(569)) - 39df7a3f-9691-48d4-a2b1-6888489a5f8a-SegmentedRaftLogWorker:Storage Directory /workdir/hadoop-ozone/integration-test/target/test-dir/MiniOzoneClusterImpl-b2817a3f-1508-41b1-b0fd-9fa975eef5fc/datanode-4/data/ratis/f115c2fe-f627-447e-9e61-cb23bebe2113: created new log segment /workdir/hadoop-ozone/integration-test/target/test-dir/MiniOzoneClusterImpl-b2817a3f-1508-41b1-b0fd-9fa975eef5fc/datanode-4/data/ratis/f115c2fe-f627-447e-9e61-cb23bebe2113/current/log_inprogress_0
2019-09-12 10:31:22,942 [RatisPipelineUtilsThread] INFO  pipeline.PipelineStateManager (PipelineStateManager.java:addPipeline(56)) - Created pipeline Pipeline[ Id: fb68c88d-a346-4b3f-a6b2-6431a75f1052, Nodes: f17b4253-95a0-4ee6-8ded-88f070f15b33{ip: 192.168.36.114, host: pr-hdds-1569-58hkm-1881083799, networkLocation: /default-rack, certSerialId: null}, Type:RATIS, Factor:ONE, State:OPEN]
2019-09-12 10:31:22,942 [RatisPipelineUtilsThread] ERROR pipeline.PipelinePlacementPolicy (PipelinePlacementPolicy.java:meetCriteria(92)) - Pipeline Placement: Doesn't meet the criteria to be viable node. Heaviness: 6
2019-09-12 10:31:22,954 [grpc-default-executor-1] INFO  impl.RaftServerProxy (RaftServerProxy.java:addNew(89)) - f17b4253-95a0-4ee6-8ded-88f070f15b33: addNew group-80898589BFE7:[f17b4253-95a0-4ee6-8ded-88f070f15b33:192.168.36.114:35683] returns group-80898589BFE7:java.util.concurrent.CompletableFuture@6bf1c52e[Not completed]
2019-09-12 10:31:22,958 [pool-60-thread-1] INFO  impl.RaftServerImpl (RaftServerImpl.java:<init>(93)) - f17b4253-95a0-4ee6-8ded-88f070f15b33: new RaftServerImpl for group-80898589BFE7:[f17b4253-95a0-4ee6-8ded-88f070f15b33:192.168.36.114:35683] with ContainerStateMachine:uninitialized
2019-09-12 10:31:22,958 [pool-60-thread-1] INFO  server.RaftServerConfigKeys (ConfUtils.java:logGet(43)) - raft.server.rpc.timeout.min = 1s (custom)
2019-09-12 10:31:22,959 [pool-60-thread-1] INFO  server.RaftServerConfigKeys (ConfUtils.java:logGet(43)) - raft.server.rpc.timeout.max = 1200ms (custom)
2019-09-12 10:31:22,959 [pool-60-thread-1] INFO  server.RaftServerConfigKeys (ConfUtils.java:logGet(43)) - raft.server.rpcslowness.timeout = 120s (custom)
2019-09-12 10:31:22,959 [pool-60-thread-1] INFO  server.RaftServerConfigKeys (ConfUtils.java:logGet(43)) - raft.server.sleep.deviation.threshold = 300 (default)
2019-09-12 10:31:22,959 [pool-60-thread-1] INFO  server.RaftServerConfigKeys (ConfUtils.java:logGet(43)) - raft.server.log.appender.install.snapshot.enabled = false (custom)
2019-09-12 10:31:22,959 [pool-60-thread-1] INFO  impl.RaftServerImpl (ServerState.java:<init>(105)) - f17b4253-95a0-4ee6-8ded-88f070f15b33:group-80898589BFE7 ConfigurationManager, init=-1: [f17b4253-95a0-4ee6-8ded-88f070f15b33:192.168.36.114:35683], old=null, confs=<EMPTY_MAP>
2019-09-12 10:31:22,959 [pool-60-thread-1] INFO  server.RaftServerConfigKeys (ConfUtils.java:logGet(43)) - raft.server.storage.dir = [/workdir/hadoop-ozone/integration-test/target/test-dir/MiniOzoneClusterImpl-b2817a3f-1508-41b1-b0fd-9fa975eef5fc/datanode-3/data/ratis] (custom)
2019-09-12 10:31:22,960 [pool-60-thread-1] INFO  storage.RaftStorageDirectory (RaftStorageDirectory.java:analyzeStorage(246)) - The storage directory /workdir/hadoop-ozone/integration-test/target/test-dir/MiniOzoneClusterImpl-b2817a3f-1508-41b1-b0fd-9fa975eef5fc/datanode-3/data/ratis/d8794c94-0c7e-44a3-b581-80898589bfe7 does not exist. Creating ...
2019-09-12 10:31:22,972 [pool-60-thread-1] INFO  storage.RaftStorageDirectory (RaftStorageDirectory.java:tryLock(328)) - Lock on /workdir/hadoop-ozone/integration-test/target/test-dir/MiniOzoneClusterImpl-b2817a3f-1508-41b1-b0fd-9fa975eef5fc/datanode-3/data/ratis/d8794c94-0c7e-44a3-b581-80898589bfe7/in_use.lock acquired by nodename 1396@pr-hdds-1569-58hkm-1881083799
2019-09-12 10:31:22,981 [Thread-264] INFO  impl.FollowerState (FollowerState.java:run(106)) - c9031a36-5f7c-4098-8bea-8a46141708a6:group-1867D162A81A changes to CANDIDATE, lastRpcTime:1153, electionTimeout:1153ms
2019-09-12 10:31:22,981 [Thread-264] INFO  impl.RoleInfo (RoleInfo.java:shutdownFollowerState(121)) - c9031a36-5f7c-4098-8bea-8a46141708a6: shutdown FollowerState
2019-09-12 10:31:22,981 [Thread-264] INFO  impl.RaftServerImpl (RaftServerImpl.java:setRole(171)) - c9031a36-5f7c-4098-8bea-8a46141708a6:group-1867D162A81A changes role from FOLLOWER to CANDIDATE at term 0 for changeToCandidate
2019-09-12 10:31:22,981 [Thread-264] INFO  impl.RoleInfo (RoleInfo.java:updateAndGet(143)) - c9031a36-5f7c-4098-8bea-8a46141708a6: start LeaderElection
2019-09-12 10:31:22,987 [pool-60-thread-1] INFO  storage.RaftStorage (RaftStorage.java:format(72)) - Storage directory /workdir/hadoop-ozone/integration-test/target/test-dir/MiniOzoneClusterImpl-b2817a3f-1508-41b1-b0fd-9fa975eef5fc/datanode-3/data/ratis/d8794c94-0c7e-44a3-b581-80898589bfe7 has been successfully formatted.
2019-09-12 10:31:22,987 [pool-60-thread-1] INFO  ratis.ContainerStateMachine (ContainerStateMachine.java:loadSnapshot(226)) - group-80898589BFE7: The snapshot info is null. Setting the last applied indexto:(t:0, i:~)
2019-09-12 10:31:22,988 [pool-60-thread-1] INFO  server.RaftServerConfigKeys (ConfUtils.java:logGet(43)) - raft.server.leader.election.timeout = 120s (custom)
2019-09-12 10:31:22,988 [pool-60-thread-1] INFO  server.RaftServerConfigKeys (ConfUtils.java:logGet(43)) - raft.server.log.use.memory = false (default)
2019-09-12 10:31:22,988 [pool-60-thread-1] INFO  server.RaftServerConfigKeys (ConfUtils.java:logGet(43)) - raft.server.log.purge.gap = 1000000 (custom)
2019-09-12 10:31:22,988 [pool-60-thread-1] INFO  server.RaftServerConfigKeys (ConfUtils.java:logGet(43)) - raft.server.log.appender.buffer.byte-limit = 33554432 (custom)
2019-09-12 10:31:22,988 [pool-60-thread-1] INFO  server.RaftServerConfigKeys (ConfUtils.java:logGet(43)) - raft.server.log.segment.size.max = 1048576 (custom)
2019-09-12 10:31:22,988 [pool-60-thread-1] INFO  server.RaftServerConfigKeys (ConfUtils.java:logGet(43)) - raft.server.log.segment.cache.num.max = 2 (custom)
2019-09-12 10:31:22,989 [pool-60-thread-1] INFO  segmented.SegmentedRaftLogWorker (SegmentedRaftLogWorker.java:<init>(172)) - new f17b4253-95a0-4ee6-8ded-88f070f15b33-SegmentedRaftLogWorker:Storage Directory /workdir/hadoop-ozone/integration-test/target/test-dir/MiniOzoneClusterImpl-b2817a3f-1508-41b1-b0fd-9fa975eef5fc/datanode-3/data/ratis/d8794c94-0c7e-44a3-b581-80898589bfe7 for RaftStorage:Storage Directory /workdir/hadoop-ozone/integration-test/target/test-dir/MiniOzoneClusterImpl-b2817a3f-1508-41b1-b0fd-9fa975eef5fc/datanode-3/data/ratis/d8794c94-0c7e-44a3-b581-80898589bfe7
2019-09-12 10:31:22,989 [pool-60-thread-1] INFO  server.RaftServerConfigKeys (ConfUtils.java:logGet(43)) - raft.server.log.queue.byte-limit = 2147483647 (custom)
2019-09-12 10:31:22,989 [pool-60-thread-1] INFO  server.RaftServerConfigKeys (ConfUtils.java:logGet(43)) - raft.server.log.queue.element-limit = 1024 (custom)
2019-09-12 10:31:22,989 [pool-60-thread-1] INFO  server.RaftServerConfigKeys (ConfUtils.java:logGet(43)) - raft.server.log.segment.size.max = 1048576 (custom)
2019-09-12 10:31:22,989 [pool-60-thread-1] INFO  server.RaftServerConfigKeys (ConfUtils.java:logGet(43)) - raft.server.log.preallocated.size = 16384 (custom)
2019-09-12 10:31:22,990 [pool-60-thread-1] INFO  server.RaftServerConfigKeys (ConfUtils.java:logGet(43)) - raft.server.log.write.buffer.size = 33554432 (custom)
2019-09-12 10:31:22,990 [pool-60-thread-1] INFO  server.RaftServerConfigKeys (ConfUtils.java:logGet(43)) - raft.server.log.force.sync.num = 128 (default)
2019-09-12 10:31:22,990 [pool-60-thread-1] INFO  server.RaftServerConfigKeys (ConfUtils.java:logGet(43)) - raft.server.log.statemachine.data.sync = true (default)
2019-09-12 10:31:22,990 [pool-60-thread-1] INFO  server.RaftServerConfigKeys (ConfUtils.java:logGet(43)) - raft.server.log.statemachine.data.sync.timeout = 10s (default)
2019-09-12 10:31:22,990 [pool-60-thread-1] INFO  server.RaftServerConfigKeys (ConfUtils.java:logGet(43)) - raft.server.log.statemachine.data.sync.timeout.retry = -1 (default)
2019-09-12 10:31:22,990 [pool-60-thread-1] INFO  server.RaftServerConfigKeys (ConfUtils.java:logGet(43)) - raft.server.log.statemachine.data.caching.enabled = true (custom)
2019-09-12 10:31:22,991 [pool-60-thread-1] INFO  segmented.SegmentedRaftLogWorker (SegmentedRaftLogWorker.java:lambda$new$0(132)) - f17b4253-95a0-4ee6-8ded-88f070f15b33-SegmentedRaftLogWorker:Storage Directory /workdir/hadoop-ozone/integration-test/target/test-dir/MiniOzoneClusterImpl-b2817a3f-1508-41b1-b0fd-9fa975eef5fc/datanode-3/data/ratis/d8794c94-0c7e-44a3-b581-80898589bfe7: flushIndex: setUnconditionally 0 -> -1
2019-09-12 10:31:22,991 [pool-60-thread-1] INFO  server.RaftServerConfigKeys (ConfUtils.java:logGet(43)) - raft.server.snapshot.auto.trigger.enabled = true (custom)
2019-09-12 10:31:22,991 [pool-60-thread-1] INFO  server.RaftServerConfigKeys (ConfUtils.java:logGet(43)) - raft.server.snapshot.auto.trigger.threshold = 10000 (custom)
2019-09-12 10:31:22,992 [pool-60-thread-1] INFO  server.RaftServerConfigKeys (ConfUtils.java:logGet(43)) - raft.server.retrycache.expirytime = 600000ms (custom)
2019-09-12 10:31:22,992 [pool-60-thread-1] INFO  impl.RaftServerImpl (RaftServerImpl.java:start(180)) - f17b4253-95a0-4ee6-8ded-88f070f15b33: start group-80898589BFE7
2019-09-12 10:31:22,992 [pool-60-thread-1] INFO  impl.RaftServerImpl (RaftServerImpl.java:setRole(171)) - f17b4253-95a0-4ee6-8ded-88f070f15b33:group-80898589BFE7 changes role from null to FOLLOWER at term 0 for startAsFollower
2019-09-12 10:31:22,992 [pool-60-thread-1] INFO  impl.RoleInfo (RoleInfo.java:updateAndGet(143)) - f17b4253-95a0-4ee6-8ded-88f070f15b33: start FollowerState
2019-09-12 10:31:22,993 [pool-60-thread-1] INFO  util.JmxRegister (JmxRegister.java:tryRegister(44)) - Successfully registered JMX Bean with object name Ratis:service=RaftServer,group=group-80898589BFE7,id=f17b4253-95a0-4ee6-8ded-88f070f15b33
2019-09-12 10:31:22,999 [RatisPipelineUtilsThread] INFO  pipeline.PipelineStateManager (PipelineStateManager.java:addPipeline(56)) - Created pipeline Pipeline[ Id: d8794c94-0c7e-44a3-b581-80898589bfe7, Nodes: f17b4253-95a0-4ee6-8ded-88f070f15b33{ip: 192.168.36.114, host: pr-hdds-1569-58hkm-1881083799, networkLocation: /default-rack, certSerialId: null}, Type:RATIS, Factor:ONE, State:OPEN]
2019-09-12 10:31:23,002 [RatisPipelineUtilsThread] ERROR pipeline.PipelinePlacementPolicy (PipelinePlacementPolicy.java:meetCriteria(92)) - Pipeline Placement: Doesn't meet the criteria to be viable node. Heaviness: 6
2019-09-12 10:31:23,008 [Thread-267] INFO  impl.FollowerState (FollowerState.java:run(106)) - eaeff1e2-de9c-4510-872d-283eb6c3c330:group-DE80C5374D9A changes to CANDIDATE, lastRpcTime:1102, electionTimeout:1102ms
2019-09-12 10:31:23,008 [Thread-267] INFO  impl.RoleInfo (RoleInfo.java:shutdownFollowerState(121)) - eaeff1e2-de9c-4510-872d-283eb6c3c330: shutdown FollowerState
2019-09-12 10:31:23,009 [Thread-267] INFO  impl.RaftServerImpl (RaftServerImpl.java:setRole(171)) - eaeff1e2-de9c-4510-872d-283eb6c3c330:group-DE80C5374D9A changes role from FOLLOWER to CANDIDATE at term 0 for changeToCandidate
2019-09-12 10:31:23,009 [Thread-267] INFO  impl.RoleInfo (RoleInfo.java:updateAndGet(143)) - eaeff1e2-de9c-4510-872d-283eb6c3c330: start LeaderElection
2019-09-12 10:31:23,013 [c9031a36-5f7c-4098-8bea-8a46141708a6:group-1867D162A81A:LeaderElection9] INFO  impl.LeaderElection (LeaderElection.java:askForVotes(181)) - c9031a36-5f7c-4098-8bea-8a46141708a6:group-1867D162A81A:LeaderElection9: begin an election at term 1 for -1: [c9031a36-5f7c-4098-8bea-8a46141708a6:192.168.36.114:41797], old=null
2019-09-12 10:31:23,013 [c9031a36-5f7c-4098-8bea-8a46141708a6:group-1867D162A81A:LeaderElection9] INFO  impl.RoleInfo (RoleInfo.java:shutdownLeaderElection(134)) - c9031a36-5f7c-4098-8bea-8a46141708a6: shutdown LeaderElection
2019-09-12 10:31:23,013 [c9031a36-5f7c-4098-8bea-8a46141708a6:group-1867D162A81A:LeaderElection9] INFO  impl.RaftServerImpl (RaftServerImpl.java:setRole(171)) - c9031a36-5f7c-4098-8bea-8a46141708a6:group-1867D162A81A changes role from CANDIDATE to LEADER at term 1 for changeToLeader
2019-09-12 10:31:23,013 [c9031a36-5f7c-4098-8bea-8a46141708a6:group-1867D162A81A:LeaderElection9] INFO  impl.RaftServerImpl (ServerState.java:setLeader(263)) - c9031a36-5f7c-4098-8bea-8a46141708a6:group-1867D162A81A change Leader from null to c9031a36-5f7c-4098-8bea-8a46141708a6 at term 1 for becomeLeader, leader elected after 1190ms
2019-09-12 10:31:23,013 [c9031a36-5f7c-4098-8bea-8a46141708a6:group-1867D162A81A:LeaderElection9] INFO  server.RaftServerConfigKeys (ConfUtils.java:logGet(43)) - raft.server.staging.catchup.gap = 1000 (default)
2019-09-12 10:31:23,014 [c9031a36-5f7c-4098-8bea-8a46141708a6:group-1867D162A81A:LeaderElection9] INFO  server.RaftServerConfigKeys (ConfUtils.java:logGet(43)) - raft.server.rpc.sleep.time = 25ms (default)
2019-09-12 10:31:23,014 [c9031a36-5f7c-4098-8bea-8a46141708a6:group-1867D162A81A:LeaderElection9] INFO  server.RaftServerConfigKeys (ConfUtils.java:logGet(43)) - raft.server.write.element-limit = 4096 (default)
2019-09-12 10:31:23,014 [c9031a36-5f7c-4098-8bea-8a46141708a6:group-1867D162A81A:LeaderElection9] INFO  server.RaftServerConfigKeys (ConfUtils.java:logGet(43)) - raft.server.watch.timeout = 10s (default)
2019-09-12 10:31:23,014 [c9031a36-5f7c-4098-8bea-8a46141708a6:group-1867D162A81A:LeaderElection9] INFO  server.RaftServerConfigKeys (ConfUtils.java:logGet(43)) - raft.server.watch.timeout.denomination = 1s (default)
2019-09-12 10:31:23,014 [c9031a36-5f7c-4098-8bea-8a46141708a6:group-1867D162A81A:LeaderElection9] INFO  server.RaftServerConfigKeys (ConfUtils.java:logGet(43)) - raft.server.watch.element-limit = 65536 (default)
2019-09-12 10:31:23,015 [c9031a36-5f7c-4098-8bea-8a46141708a6:group-1867D162A81A:LeaderElection9] INFO  impl.RoleInfo (RoleInfo.java:updateAndGet(143)) - c9031a36-5f7c-4098-8bea-8a46141708a6: start LeaderState
2019-09-12 10:31:23,015 [c9031a36-5f7c-4098-8bea-8a46141708a6:group-1867D162A81A:LeaderElection9] INFO  segmented.SegmentedRaftLogWorker (SegmentedRaftLogWorker.java:startLogSegment(380)) - c9031a36-5f7c-4098-8bea-8a46141708a6-SegmentedRaftLogWorker:Storage Directory /workdir/hadoop-ozone/integration-test/target/test-dir/MiniOzoneClusterImpl-b2817a3f-1508-41b1-b0fd-9fa975eef5fc/datanode-0/data/ratis/e26905e8-e6b2-4111-a186-1867d162a81a: Starting segment from index:0
2019-09-12 10:31:23,016 [c9031a36-5f7c-4098-8bea-8a46141708a6:group-1867D162A81A:LeaderElection9] INFO  impl.RaftServerImpl (ServerState.java:setRaftConf(361)) - c9031a36-5f7c-4098-8bea-8a46141708a6:group-1867D162A81A set configuration 0: [c9031a36-5f7c-4098-8bea-8a46141708a6:192.168.36.114:41797], old=null at 0
2019-09-12 10:31:23,049 [eaeff1e2-de9c-4510-872d-283eb6c3c330:group-DE80C5374D9A:LeaderElection10] INFO  impl.LeaderElection (LeaderElection.java:askForVotes(181)) - eaeff1e2-de9c-4510-872d-283eb6c3c330:group-DE80C5374D9A:LeaderElection10: begin an election at term 1 for -1: [eaeff1e2-de9c-4510-872d-283eb6c3c330:192.168.36.114:37393], old=null
2019-09-12 10:31:23,052 [eaeff1e2-de9c-4510-872d-283eb6c3c330:group-DE80C5374D9A:LeaderElection10] INFO  impl.RoleInfo (RoleInfo.java:shutdownLeaderElection(134)) - eaeff1e2-de9c-4510-872d-283eb6c3c330: shutdown LeaderElection
2019-09-12 10:31:23,053 [eaeff1e2-de9c-4510-872d-283eb6c3c330:group-DE80C5374D9A:LeaderElection10] INFO  impl.RaftServerImpl (RaftServerImpl.java:setRole(171)) - eaeff1e2-de9c-4510-872d-283eb6c3c330:group-DE80C5374D9A changes role from CANDIDATE to LEADER at term 1 for changeToLeader
2019-09-12 10:31:23,053 [eaeff1e2-de9c-4510-872d-283eb6c3c330:group-DE80C5374D9A:LeaderElection10] INFO  impl.RaftServerImpl (ServerState.java:setLeader(263)) - eaeff1e2-de9c-4510-872d-283eb6c3c330:group-DE80C5374D9A change Leader from null to eaeff1e2-de9c-4510-872d-283eb6c3c330 at term 1 for becomeLeader, leader elected after 1152ms
2019-09-12 10:31:23,053 [grpc-default-executor-1] INFO  impl.RaftServerProxy (RaftServerProxy.java:addNew(89)) - f17b4253-95a0-4ee6-8ded-88f070f15b33: addNew group-BDE5A68016C0:[f17b4253-95a0-4ee6-8ded-88f070f15b33:192.168.36.114:35683] returns group-BDE5A68016C0:java.util.concurrent.CompletableFuture@6109ae5e[Not completed]
2019-09-12 10:31:23,053 [eaeff1e2-de9c-4510-872d-283eb6c3c330:group-DE80C5374D9A:LeaderElection10] INFO  server.RaftServerConfigKeys (ConfUtils.java:logGet(43)) - raft.server.staging.catchup.gap = 1000 (default)
2019-09-12 10:31:23,053 | INFO  | SCMAudit | user=jenkins1000 | ip=192.168.36.114 | op=SEND_HEARTBEAT {datanodeUUID=2cb9d557-cb56-4745-8686-5e72b62e748a, command=[]} | ret=SUCCESS |  
2019-09-12 10:31:23,053 [eaeff1e2-de9c-4510-872d-283eb6c3c330:group-DE80C5374D9A:LeaderElection10] INFO  server.RaftServerConfigKeys (ConfUtils.java:logGet(43)) - raft.server.rpc.sleep.time = 25ms (default)
2019-09-12 10:31:23,054 [eaeff1e2-de9c-4510-872d-283eb6c3c330:group-DE80C5374D9A:LeaderElection10] INFO  server.RaftServerConfigKeys (ConfUtils.java:logGet(43)) - raft.server.write.element-limit = 4096 (default)
2019-09-12 10:31:23,054 [eaeff1e2-de9c-4510-872d-283eb6c3c330:group-DE80C5374D9A:LeaderElection10] INFO  server.RaftServerConfigKeys (ConfUtils.java:logGet(43)) - raft.server.watch.timeout = 10s (default)
2019-09-12 10:31:23,054 [eaeff1e2-de9c-4510-872d-283eb6c3c330:group-DE80C5374D9A:LeaderElection10] INFO  server.RaftServerConfigKeys (ConfUtils.java:logGet(43)) - raft.server.watch.timeout.denomination = 1s (default)
2019-09-12 10:31:23,054 [eaeff1e2-de9c-4510-872d-283eb6c3c330:group-DE80C5374D9A:LeaderElection10] INFO  server.RaftServerConfigKeys (ConfUtils.java:logGet(43)) - raft.server.watch.element-limit = 65536 (default)
2019-09-12 10:31:23,055 [eaeff1e2-de9c-4510-872d-283eb6c3c330:group-DE80C5374D9A:LeaderElection10] INFO  impl.RoleInfo (RoleInfo.java:updateAndGet(143)) - eaeff1e2-de9c-4510-872d-283eb6c3c330: start LeaderState
2019-09-12 10:31:23,055 [eaeff1e2-de9c-4510-872d-283eb6c3c330:group-DE80C5374D9A:LeaderElection10] INFO  segmented.SegmentedRaftLogWorker (SegmentedRaftLogWorker.java:startLogSegment(380)) - eaeff1e2-de9c-4510-872d-283eb6c3c330-SegmentedRaftLogWorker:Storage Directory /workdir/hadoop-ozone/integration-test/target/test-dir/MiniOzoneClusterImpl-b2817a3f-1508-41b1-b0fd-9fa975eef5fc/datanode-2/data/ratis/f1136aa1-faf9-42db-bbaa-de80c5374d9a: Starting segment from index:0
2019-09-12 10:31:23,055 [pool-60-thread-1] INFO  impl.RaftServerImpl (RaftServerImpl.java:<init>(93)) - f17b4253-95a0-4ee6-8ded-88f070f15b33: new RaftServerImpl for group-BDE5A68016C0:[f17b4253-95a0-4ee6-8ded-88f070f15b33:192.168.36.114:35683] with ContainerStateMachine:uninitialized
2019-09-12 10:31:23,055 [pool-60-thread-1] INFO  server.RaftServerConfigKeys (ConfUtils.java:logGet(43)) - raft.server.rpc.timeout.min = 1s (custom)
2019-09-12 10:31:23,056 [eaeff1e2-de9c-4510-872d-283eb6c3c330:group-DE80C5374D9A:LeaderElection10] INFO  impl.RaftServerImpl (ServerState.java:setRaftConf(361)) - eaeff1e2-de9c-4510-872d-283eb6c3c330:group-DE80C5374D9A set configuration 0: [eaeff1e2-de9c-4510-872d-283eb6c3c330:192.168.36.114:37393], old=null at 0
2019-09-12 10:31:23,056 [pool-60-thread-1] INFO  server.RaftServerConfigKeys (ConfUtils.java:logGet(43)) - raft.server.rpc.timeout.max = 1200ms (custom)
2019-09-12 10:31:23,087 [c9031a36-5f7c-4098-8bea-8a46141708a6-SegmentedRaftLogWorker:Storage Directory /workdir/hadoop-ozone/integration-test/target/test-dir/MiniOzoneClusterImpl-b2817a3f-1508-41b1-b0fd-9fa975eef5fc/datanode-0/data/ratis/e26905e8-e6b2-4111-a186-1867d162a81a] INFO  segmented.SegmentedRaftLogWorker (SegmentedRaftLogWorker.java:execute(569)) - c9031a36-5f7c-4098-8bea-8a46141708a6-SegmentedRaftLogWorker:Storage Directory /workdir/hadoop-ozone/integration-test/target/test-dir/MiniOzoneClusterImpl-b2817a3f-1508-41b1-b0fd-9fa975eef5fc/datanode-0/data/ratis/e26905e8-e6b2-4111-a186-1867d162a81a: created new log segment /workdir/hadoop-ozone/integration-test/target/test-dir/MiniOzoneClusterImpl-b2817a3f-1508-41b1-b0fd-9fa975eef5fc/datanode-0/data/ratis/e26905e8-e6b2-4111-a186-1867d162a81a/current/log_inprogress_0
2019-09-12 10:31:23,087 [Thread-271] INFO  impl.FollowerState (FollowerState.java:run(106)) - 2cb9d557-cb56-4745-8686-5e72b62e748a:group-174436494AAF changes to CANDIDATE, lastRpcTime:1106, electionTimeout:1092ms
2019-09-12 10:31:23,087 [pool-60-thread-1] INFO  server.RaftServerConfigKeys (ConfUtils.java:logGet(43)) - raft.server.rpcslowness.timeout = 120s (custom)
2019-09-12 10:31:23,087 [Thread-271] INFO  impl.RoleInfo (RoleInfo.java:shutdownFollowerState(121)) - 2cb9d557-cb56-4745-8686-5e72b62e748a: shutdown FollowerState
2019-09-12 10:31:23,093 [pool-60-thread-1] INFO  server.RaftServerConfigKeys (ConfUtils.java:logGet(43)) - raft.server.sleep.deviation.threshold = 300 (default)
2019-09-12 10:31:23,093 [Thread-271] INFO  impl.RaftServerImpl (RaftServerImpl.java:setRole(171)) - 2cb9d557-cb56-4745-8686-5e72b62e748a:group-174436494AAF changes role from FOLLOWER to CANDIDATE at term 0 for changeToCandidate
2019-09-12 10:31:23,093 [pool-60-thread-1] INFO  server.RaftServerConfigKeys (ConfUtils.java:logGet(43)) - raft.server.log.appender.install.snapshot.enabled = false (custom)
2019-09-12 10:31:23,094 [Thread-271] INFO  impl.RoleInfo (RoleInfo.java:updateAndGet(143)) - 2cb9d557-cb56-4745-8686-5e72b62e748a: start LeaderElection
2019-09-12 10:31:23,094 [pool-60-thread-1] INFO  impl.RaftServerImpl (ServerState.java:<init>(105)) - f17b4253-95a0-4ee6-8ded-88f070f15b33:group-BDE5A68016C0 ConfigurationManager, init=-1: [f17b4253-95a0-4ee6-8ded-88f070f15b33:192.168.36.114:35683], old=null, confs=<EMPTY_MAP>
2019-09-12 10:31:23,094 [pool-60-thread-1] INFO  server.RaftServerConfigKeys (ConfUtils.java:logGet(43)) - raft.server.storage.dir = [/workdir/hadoop-ozone/integration-test/target/test-dir/MiniOzoneClusterImpl-b2817a3f-1508-41b1-b0fd-9fa975eef5fc/datanode-3/data/ratis] (custom)
2019-09-12 10:31:23,101 [pool-60-thread-1] INFO  storage.RaftStorageDirectory (RaftStorageDirectory.java:analyzeStorage(246)) - The storage directory /workdir/hadoop-ozone/integration-test/target/test-dir/MiniOzoneClusterImpl-b2817a3f-1508-41b1-b0fd-9fa975eef5fc/datanode-3/data/ratis/e8213075-2bf5-4b66-a8a0-bde5a68016c0 does not exist. Creating ...
2019-09-12 10:31:23,111 [eaeff1e2-de9c-4510-872d-283eb6c3c330-SegmentedRaftLogWorker:Storage Directory /workdir/hadoop-ozone/integration-test/target/test-dir/MiniOzoneClusterImpl-b2817a3f-1508-41b1-b0fd-9fa975eef5fc/datanode-2/data/ratis/f1136aa1-faf9-42db-bbaa-de80c5374d9a] INFO  segmented.SegmentedRaftLogWorker (SegmentedRaftLogWorker.java:execute(569)) - eaeff1e2-de9c-4510-872d-283eb6c3c330-SegmentedRaftLogWorker:Storage Directory /workdir/hadoop-ozone/integration-test/target/test-dir/MiniOzoneClusterImpl-b2817a3f-1508-41b1-b0fd-9fa975eef5fc/datanode-2/data/ratis/f1136aa1-faf9-42db-bbaa-de80c5374d9a: created new log segment /workdir/hadoop-ozone/integration-test/target/test-dir/MiniOzoneClusterImpl-b2817a3f-1508-41b1-b0fd-9fa975eef5fc/datanode-2/data/ratis/f1136aa1-faf9-42db-bbaa-de80c5374d9a/current/log_inprogress_0
2019-09-12 10:31:23,119 [Thread-276] INFO  impl.FollowerState (FollowerState.java:run(106)) - eaeff1e2-de9c-4510-872d-283eb6c3c330:group-14F3B238F73E changes to CANDIDATE, lastRpcTime:1031, electionTimeout:1031ms
2019-09-12 10:31:23,119 [Thread-276] INFO  impl.RoleInfo (RoleInfo.java:shutdownFollowerState(121)) - eaeff1e2-de9c-4510-872d-283eb6c3c330: shutdown FollowerState
2019-09-12 10:31:23,119 [Thread-276] INFO  impl.RaftServerImpl (RaftServerImpl.java:setRole(171)) - eaeff1e2-de9c-4510-872d-283eb6c3c330:group-14F3B238F73E changes role from FOLLOWER to CANDIDATE at term 0 for changeToCandidate
2019-09-12 10:31:23,119 [Thread-276] INFO  impl.RoleInfo (RoleInfo.java:updateAndGet(143)) - eaeff1e2-de9c-4510-872d-283eb6c3c330: start LeaderElection
2019-09-12 10:31:23,124 [pool-60-thread-1] INFO  storage.RaftStorageDirectory (RaftStorageDirectory.java:tryLock(328)) - Lock on /workdir/hadoop-ozone/integration-test/target/test-dir/MiniOzoneClusterImpl-b2817a3f-1508-41b1-b0fd-9fa975eef5fc/datanode-3/data/ratis/e8213075-2bf5-4b66-a8a0-bde5a68016c0/in_use.lock acquired by nodename 1396@pr-hdds-1569-58hkm-1881083799
2019-09-12 10:31:23,126 [2cb9d557-cb56-4745-8686-5e72b62e748a:group-174436494AAF:LeaderElection11] INFO  impl.LeaderElection (LeaderElection.java:askForVotes(181)) - 2cb9d557-cb56-4745-8686-5e72b62e748a:group-174436494AAF:LeaderElection11: begin an election at term 1 for -1: [2cb9d557-cb56-4745-8686-5e72b62e748a:192.168.36.114:41494], old=null
2019-09-12 10:31:23,126 [2cb9d557-cb56-4745-8686-5e72b62e748a:group-174436494AAF:LeaderElection11] INFO  impl.RoleInfo (RoleInfo.java:shutdownLeaderElection(134)) - 2cb9d557-cb56-4745-8686-5e72b62e748a: shutdown LeaderElection
2019-09-12 10:31:23,126 [2cb9d557-cb56-4745-8686-5e72b62e748a:group-174436494AAF:LeaderElection11] INFO  impl.RaftServerImpl (RaftServerImpl.java:setRole(171)) - 2cb9d557-cb56-4745-8686-5e72b62e748a:group-174436494AAF changes role from CANDIDATE to LEADER at term 1 for changeToLeader
2019-09-12 10:31:23,126 [2cb9d557-cb56-4745-8686-5e72b62e748a:group-174436494AAF:LeaderElection11] INFO  impl.RaftServerImpl (ServerState.java:setLeader(263)) - 2cb9d557-cb56-4745-8686-5e72b62e748a:group-174436494AAF change Leader from null to 2cb9d557-cb56-4745-8686-5e72b62e748a at term 1 for becomeLeader, leader elected after 1154ms
2019-09-12 10:31:23,127 [2cb9d557-cb56-4745-8686-5e72b62e748a:group-174436494AAF:LeaderElection11] INFO  server.RaftServerConfigKeys (ConfUtils.java:logGet(43)) - raft.server.staging.catchup.gap = 1000 (default)
2019-09-12 10:31:23,127 [2cb9d557-cb56-4745-8686-5e72b62e748a:group-174436494AAF:LeaderElection11] INFO  server.RaftServerConfigKeys (ConfUtils.java:logGet(43)) - raft.server.rpc.sleep.time = 25ms (default)
2019-09-12 10:31:23,127 [2cb9d557-cb56-4745-8686-5e72b62e748a:group-174436494AAF:LeaderElection11] INFO  server.RaftServerConfigKeys (ConfUtils.java:logGet(43)) - raft.server.write.element-limit = 4096 (default)
2019-09-12 10:31:23,127 [2cb9d557-cb56-4745-8686-5e72b62e748a:group-174436494AAF:LeaderElection11] INFO  server.RaftServerConfigKeys (ConfUtils.java:logGet(43)) - raft.server.watch.timeout = 10s (default)
2019-09-12 10:31:23,127 [2cb9d557-cb56-4745-8686-5e72b62e748a:group-174436494AAF:LeaderElection11] INFO  server.RaftServerConfigKeys (ConfUtils.java:logGet(43)) - raft.server.watch.timeout.denomination = 1s (default)
2019-09-12 10:31:23,128 [2cb9d557-cb56-4745-8686-5e72b62e748a:group-174436494AAF:LeaderElection11] INFO  server.RaftServerConfigKeys (ConfUtils.java:logGet(43)) - raft.server.watch.element-limit = 65536 (default)
2019-09-12 10:31:23,128 [2cb9d557-cb56-4745-8686-5e72b62e748a:group-174436494AAF:LeaderElection11] INFO  impl.RoleInfo (RoleInfo.java:updateAndGet(143)) - 2cb9d557-cb56-4745-8686-5e72b62e748a: start LeaderState
2019-09-12 10:31:23,128 [2cb9d557-cb56-4745-8686-5e72b62e748a:group-174436494AAF:LeaderElection11] INFO  segmented.SegmentedRaftLogWorker (SegmentedRaftLogWorker.java:startLogSegment(380)) - 2cb9d557-cb56-4745-8686-5e72b62e748a-SegmentedRaftLogWorker:Storage Directory /workdir/hadoop-ozone/integration-test/target/test-dir/MiniOzoneClusterImpl-b2817a3f-1508-41b1-b0fd-9fa975eef5fc/datanode-1/data/ratis/ddfd868a-c071-4365-8ac0-174436494aaf: Starting segment from index:0
2019-09-12 10:31:23,129 [2cb9d557-cb56-4745-8686-5e72b62e748a:group-174436494AAF:LeaderElection11] INFO  impl.RaftServerImpl (ServerState.java:setRaftConf(361)) - 2cb9d557-cb56-4745-8686-5e72b62e748a:group-174436494AAF set configuration 0: [2cb9d557-cb56-4745-8686-5e72b62e748a:192.168.36.114:41494], old=null at 0
2019-09-12 10:31:23,155 [pool-60-thread-1] INFO  storage.RaftStorage (RaftStorage.java:format(72)) - Storage directory /workdir/hadoop-ozone/integration-test/target/test-dir/MiniOzoneClusterImpl-b2817a3f-1508-41b1-b0fd-9fa975eef5fc/datanode-3/data/ratis/e8213075-2bf5-4b66-a8a0-bde5a68016c0 has been successfully formatted.
2019-09-12 10:31:23,155 [eaeff1e2-de9c-4510-872d-283eb6c3c330:group-14F3B238F73E:LeaderElection12] INFO  impl.LeaderElection (LeaderElection.java:askForVotes(181)) - eaeff1e2-de9c-4510-872d-283eb6c3c330:group-14F3B238F73E:LeaderElection12: begin an election at term 1 for -1: [eaeff1e2-de9c-4510-872d-283eb6c3c330:192.168.36.114:37393], old=null
2019-09-12 10:31:23,156 [pool-60-thread-1] INFO  ratis.ContainerStateMachine (ContainerStateMachine.java:loadSnapshot(226)) - group-BDE5A68016C0: The snapshot info is null. Setting the last applied indexto:(t:0, i:~)
2019-09-12 10:31:23,156 [eaeff1e2-de9c-4510-872d-283eb6c3c330:group-14F3B238F73E:LeaderElection12] INFO  impl.RoleInfo (RoleInfo.java:shutdownLeaderElection(134)) - eaeff1e2-de9c-4510-872d-283eb6c3c330: shutdown LeaderElection
2019-09-12 10:31:23,156 [pool-60-thread-1] INFO  server.RaftServerConfigKeys (ConfUtils.java:logGet(43)) - raft.server.leader.election.timeout = 120s (custom)
2019-09-12 10:31:23,156 [eaeff1e2-de9c-4510-872d-283eb6c3c330:group-14F3B238F73E:LeaderElection12] INFO  impl.RaftServerImpl (RaftServerImpl.java:setRole(171)) - eaeff1e2-de9c-4510-872d-283eb6c3c330:group-14F3B238F73E changes role from CANDIDATE to LEADER at term 1 for changeToLeader
2019-09-12 10:31:23,156 [pool-60-thread-1] INFO  server.RaftServerConfigKeys (ConfUtils.java:logGet(43)) - raft.server.log.use.memory = false (default)
2019-09-12 10:31:23,156 [eaeff1e2-de9c-4510-872d-283eb6c3c330:group-14F3B238F73E:LeaderElection12] INFO  impl.RaftServerImpl (ServerState.java:setLeader(263)) - eaeff1e2-de9c-4510-872d-283eb6c3c330:group-14F3B238F73E change Leader from null to eaeff1e2-de9c-4510-872d-283eb6c3c330 at term 1 for becomeLeader, leader elected after 1079ms
2019-09-12 10:31:23,156 [pool-60-thread-1] INFO  server.RaftServerConfigKeys (ConfUtils.java:logGet(43)) - raft.server.log.purge.gap = 1000000 (custom)
2019-09-12 10:31:23,157 [eaeff1e2-de9c-4510-872d-283eb6c3c330:group-14F3B238F73E:LeaderElection12] INFO  server.RaftServerConfigKeys (ConfUtils.java:logGet(43)) - raft.server.staging.catchup.gap = 1000 (default)
2019-09-12 10:31:23,157 [pool-60-thread-1] INFO  server.RaftServerConfigKeys (ConfUtils.java:logGet(43)) - raft.server.log.appender.buffer.byte-limit = 33554432 (custom)
2019-09-12 10:31:23,157 [eaeff1e2-de9c-4510-872d-283eb6c3c330:group-14F3B238F73E:LeaderElection12] INFO  server.RaftServerConfigKeys (ConfUtils.java:logGet(43)) - raft.server.rpc.sleep.time = 25ms (default)
2019-09-12 10:31:23,157 [pool-60-thread-1] INFO  server.RaftServerConfigKeys (ConfUtils.java:logGet(43)) - raft.server.log.segment.size.max = 1048576 (custom)
2019-09-12 10:31:23,157 [eaeff1e2-de9c-4510-872d-283eb6c3c330:group-14F3B238F73E:LeaderElection12] INFO  server.RaftServerConfigKeys (ConfUtils.java:logGet(43)) - raft.server.write.element-limit = 4096 (default)
2019-09-12 10:31:23,157 [pool-60-thread-1] INFO  server.RaftServerConfigKeys (ConfUtils.java:logGet(43)) - raft.server.log.segment.cache.num.max = 2 (custom)
2019-09-12 10:31:23,157 [eaeff1e2-de9c-4510-872d-283eb6c3c330:group-14F3B238F73E:LeaderElection12] INFO  server.RaftServerConfigKeys (ConfUtils.java:logGet(43)) - raft.server.watch.timeout = 10s (default)
2019-09-12 10:31:23,158 [pool-60-thread-1] INFO  segmented.SegmentedRaftLogWorker (SegmentedRaftLogWorker.java:<init>(172)) - new f17b4253-95a0-4ee6-8ded-88f070f15b33-SegmentedRaftLogWorker:Storage Directory /workdir/hadoop-ozone/integration-test/target/test-dir/MiniOzoneClusterImpl-b2817a3f-1508-41b1-b0fd-9fa975eef5fc/datanode-3/data/ratis/e8213075-2bf5-4b66-a8a0-bde5a68016c0 for RaftStorage:Storage Directory /workdir/hadoop-ozone/integration-test/target/test-dir/MiniOzoneClusterImpl-b2817a3f-1508-41b1-b0fd-9fa975eef5fc/datanode-3/data/ratis/e8213075-2bf5-4b66-a8a0-bde5a68016c0
2019-09-12 10:31:23,158 [eaeff1e2-de9c-4510-872d-283eb6c3c330:group-14F3B238F73E:LeaderElection12] INFO  server.RaftServerConfigKeys (ConfUtils.java:logGet(43)) - raft.server.watch.timeout.denomination = 1s (default)
2019-09-12 10:31:23,158 [pool-60-thread-1] INFO  server.RaftServerConfigKeys (ConfUtils.java:logGet(43)) - raft.server.log.queue.byte-limit = 2147483647 (custom)
2019-09-12 10:31:23,158 [eaeff1e2-de9c-4510-872d-283eb6c3c330:group-14F3B238F73E:LeaderElection12] INFO  server.RaftServerConfigKeys (ConfUtils.java:logGet(43)) - raft.server.watch.element-limit = 65536 (default)
2019-09-12 10:31:23,160 [pool-60-thread-1] INFO  server.RaftServerConfigKeys (ConfUtils.java:logGet(43)) - raft.server.log.queue.element-limit = 1024 (custom)
2019-09-12 10:31:23,160 [pool-60-thread-1] INFO  server.RaftServerConfigKeys (ConfUtils.java:logGet(43)) - raft.server.log.segment.size.max = 1048576 (custom)
2019-09-12 10:31:23,160 [eaeff1e2-de9c-4510-872d-283eb6c3c330:group-14F3B238F73E:LeaderElection12] INFO  impl.RoleInfo (RoleInfo.java:updateAndGet(143)) - eaeff1e2-de9c-4510-872d-283eb6c3c330: start LeaderState
2019-09-12 10:31:23,161 [pool-60-thread-1] INFO  server.RaftServerConfigKeys (ConfUtils.java:logGet(43)) - raft.server.log.preallocated.size = 16384 (custom)
2019-09-12 10:31:23,161 [pool-60-thread-1] INFO  server.RaftServerConfigKeys (ConfUtils.java:logGet(43)) - raft.server.log.write.buffer.size = 33554432 (custom)
2019-09-12 10:31:23,161 [eaeff1e2-de9c-4510-872d-283eb6c3c330:group-14F3B238F73E:LeaderElection12] INFO  segmented.SegmentedRaftLogWorker (SegmentedRaftLogWorker.java:startLogSegment(380)) - eaeff1e2-de9c-4510-872d-283eb6c3c330-SegmentedRaftLogWorker:Storage Directory /workdir/hadoop-ozone/integration-test/target/test-dir/MiniOzoneClusterImpl-b2817a3f-1508-41b1-b0fd-9fa975eef5fc/datanode-2/data/ratis/7ed8984d-b8c5-445b-8bc7-14f3b238f73e: Starting segment from index:0
2019-09-12 10:31:23,161 [pool-60-thread-1] INFO  server.RaftServerConfigKeys (ConfUtils.java:logGet(43)) - raft.server.log.force.sync.num = 128 (default)
2019-09-12 10:31:23,161 [pool-60-thread-1] INFO  server.RaftServerConfigKeys (ConfUtils.java:logGet(43)) - raft.server.log.statemachine.data.sync = true (default)
2019-09-12 10:31:23,162 [pool-60-thread-1] INFO  server.RaftServerConfigKeys (ConfUtils.java:logGet(43)) - raft.server.log.statemachine.data.sync.timeout = 10s (default)
2019-09-12 10:31:23,162 [eaeff1e2-de9c-4510-872d-283eb6c3c330:group-14F3B238F73E:LeaderElection12] INFO  impl.RaftServerImpl (ServerState.java:setRaftConf(361)) - eaeff1e2-de9c-4510-872d-283eb6c3c330:group-14F3B238F73E set configuration 0: [eaeff1e2-de9c-4510-872d-283eb6c3c330:192.168.36.114:37393], old=null at 0
2019-09-12 10:31:23,162 [pool-60-thread-1] INFO  server.RaftServerConfigKeys (ConfUtils.java:logGet(43)) - raft.server.log.statemachine.data.sync.timeout.retry = -1 (default)
2019-09-12 10:31:23,188 [2cb9d557-cb56-4745-8686-5e72b62e748a-SegmentedRaftLogWorker:Storage Directory /workdir/hadoop-ozone/integration-test/target/test-dir/MiniOzoneClusterImpl-b2817a3f-1508-41b1-b0fd-9fa975eef5fc/datanode-1/data/ratis/ddfd868a-c071-4365-8ac0-174436494aaf] INFO  segmented.SegmentedRaftLogWorker (SegmentedRaftLogWorker.java:execute(569)) - 2cb9d557-cb56-4745-8686-5e72b62e748a-SegmentedRaftLogWorker:Storage Directory /workdir/hadoop-ozone/integration-test/target/test-dir/MiniOzoneClusterImpl-b2817a3f-1508-41b1-b0fd-9fa975eef5fc/datanode-1/data/ratis/ddfd868a-c071-4365-8ac0-174436494aaf: created new log segment /workdir/hadoop-ozone/integration-test/target/test-dir/MiniOzoneClusterImpl-b2817a3f-1508-41b1-b0fd-9fa975eef5fc/datanode-1/data/ratis/ddfd868a-c071-4365-8ac0-174436494aaf/current/log_inprogress_0
2019-09-12 10:31:23,189 [pool-60-thread-1] INFO  server.RaftServerConfigKeys (ConfUtils.java:logGet(43)) - raft.server.log.statemachine.data.caching.enabled = true (custom)
2019-09-12 10:31:23,191 [pool-60-thread-1] INFO  segmented.SegmentedRaftLogWorker (SegmentedRaftLogWorker.java:lambda$new$0(132)) - f17b4253-95a0-4ee6-8ded-88f070f15b33-SegmentedRaftLogWorker:Storage Directory /workdir/hadoop-ozone/integration-test/target/test-dir/MiniOzoneClusterImpl-b2817a3f-1508-41b1-b0fd-9fa975eef5fc/datanode-3/data/ratis/e8213075-2bf5-4b66-a8a0-bde5a68016c0: flushIndex: setUnconditionally 0 -> -1
2019-09-12 10:31:23,192 [pool-60-thread-1] INFO  server.RaftServerConfigKeys (ConfUtils.java:logGet(43)) - raft.server.snapshot.auto.trigger.enabled = true (custom)
2019-09-12 10:31:23,192 [pool-60-thread-1] INFO  server.RaftServerConfigKeys (ConfUtils.java:logGet(43)) - raft.server.snapshot.auto.trigger.threshold = 10000 (custom)
2019-09-12 10:31:23,192 | INFO  | SCMAudit | user=jenkins1000 | ip=192.168.36.114 | op=SEND_HEARTBEAT {datanodeUUID=accf000b-d7b7-4fa5-9682-da82c4451e10, command=[]} | ret=SUCCESS |  
2019-09-12 10:31:23,192 [pool-60-thread-1] INFO  server.RaftServerConfigKeys (ConfUtils.java:logGet(43)) - raft.server.retrycache.expirytime = 600000ms (custom)
2019-09-12 10:31:23,192 [pool-60-thread-1] INFO  impl.RaftServerImpl (RaftServerImpl.java:start(180)) - f17b4253-95a0-4ee6-8ded-88f070f15b33: start group-BDE5A68016C0
2019-09-12 10:31:23,193 [pool-60-thread-1] INFO  impl.RaftServerImpl (RaftServerImpl.java:setRole(171)) - f17b4253-95a0-4ee6-8ded-88f070f15b33:group-BDE5A68016C0 changes role from null to FOLLOWER at term 0 for startAsFollower
2019-09-12 10:31:23,193 [pool-60-thread-1] INFO  impl.RoleInfo (RoleInfo.java:updateAndGet(143)) - f17b4253-95a0-4ee6-8ded-88f070f15b33: start FollowerState
2019-09-12 10:31:23,193 [pool-60-thread-1] INFO  util.JmxRegister (JmxRegister.java:tryRegister(44)) - Successfully registered JMX Bean with object name Ratis:service=RaftServer,group=group-BDE5A68016C0,id=f17b4253-95a0-4ee6-8ded-88f070f15b33
2019-09-12 10:31:23,199 [RatisPipelineUtilsThread] INFO  pipeline.PipelineStateManager (PipelineStateManager.java:addPipeline(56)) - Created pipeline Pipeline[ Id: e8213075-2bf5-4b66-a8a0-bde5a68016c0, Nodes: f17b4253-95a0-4ee6-8ded-88f070f15b33{ip: 192.168.36.114, host: pr-hdds-1569-58hkm-1881083799, networkLocation: /default-rack, certSerialId: null}, Type:RATIS, Factor:ONE, State:OPEN]
2019-09-12 10:31:23,201 [RatisPipelineUtilsThread] ERROR pipeline.PipelinePlacementPolicy (PipelinePlacementPolicy.java:meetCriteria(92)) - Pipeline Placement: Doesn't meet the criteria to be viable node. Heaviness: 6
2019-09-12 10:31:23,211 [grpc-default-executor-0] INFO  impl.RaftServerProxy (RaftServerProxy.java:addNew(89)) - f17b4253-95a0-4ee6-8ded-88f070f15b33: addNew group-2C376630880E:[f17b4253-95a0-4ee6-8ded-88f070f15b33:192.168.36.114:35683] returns group-2C376630880E:java.util.concurrent.CompletableFuture@43f61c09[Not completed]
2019-09-12 10:31:23,212 [eaeff1e2-de9c-4510-872d-283eb6c3c330-SegmentedRaftLogWorker:Storage Directory /workdir/hadoop-ozone/integration-test/target/test-dir/MiniOzoneClusterImpl-b2817a3f-1508-41b1-b0fd-9fa975eef5fc/datanode-2/data/ratis/7ed8984d-b8c5-445b-8bc7-14f3b238f73e] INFO  segmented.SegmentedRaftLogWorker (SegmentedRaftLogWorker.java:execute(569)) - eaeff1e2-de9c-4510-872d-283eb6c3c330-SegmentedRaftLogWorker:Storage Directory /workdir/hadoop-ozone/integration-test/target/test-dir/MiniOzoneClusterImpl-b2817a3f-1508-41b1-b0fd-9fa975eef5fc/datanode-2/data/ratis/7ed8984d-b8c5-445b-8bc7-14f3b238f73e: created new log segment /workdir/hadoop-ozone/integration-test/target/test-dir/MiniOzoneClusterImpl-b2817a3f-1508-41b1-b0fd-9fa975eef5fc/datanode-2/data/ratis/7ed8984d-b8c5-445b-8bc7-14f3b238f73e/current/log_inprogress_0
2019-09-12 10:31:23,213 [pool-60-thread-1] INFO  impl.RaftServerImpl (RaftServerImpl.java:<init>(93)) - f17b4253-95a0-4ee6-8ded-88f070f15b33: new RaftServerImpl for group-2C376630880E:[f17b4253-95a0-4ee6-8ded-88f070f15b33:192.168.36.114:35683] with ContainerStateMachine:uninitialized
2019-09-12 10:31:23,213 [pool-60-thread-1] INFO  server.RaftServerConfigKeys (ConfUtils.java:logGet(43)) - raft.server.rpc.timeout.min = 1s (custom)
2019-09-12 10:31:23,213 [pool-60-thread-1] INFO  server.RaftServerConfigKeys (ConfUtils.java:logGet(43)) - raft.server.rpc.timeout.max = 1200ms (custom)
2019-09-12 10:31:23,213 [pool-60-thread-1] INFO  server.RaftServerConfigKeys (ConfUtils.java:logGet(43)) - raft.server.rpcslowness.timeout = 120s (custom)
2019-09-12 10:31:23,213 [pool-60-thread-1] INFO  server.RaftServerConfigKeys (ConfUtils.java:logGet(43)) - raft.server.sleep.deviation.threshold = 300 (default)
2019-09-12 10:31:23,213 [pool-60-thread-1] INFO  server.RaftServerConfigKeys (ConfUtils.java:logGet(43)) - raft.server.log.appender.install.snapshot.enabled = false (custom)
2019-09-12 10:31:23,214 [pool-60-thread-1] INFO  impl.RaftServerImpl (ServerState.java:<init>(105)) - f17b4253-95a0-4ee6-8ded-88f070f15b33:group-2C376630880E ConfigurationManager, init=-1: [f17b4253-95a0-4ee6-8ded-88f070f15b33:192.168.36.114:35683], old=null, confs=<EMPTY_MAP>
2019-09-12 10:31:23,214 [pool-60-thread-1] INFO  server.RaftServerConfigKeys (ConfUtils.java:logGet(43)) - raft.server.storage.dir = [/workdir/hadoop-ozone/integration-test/target/test-dir/MiniOzoneClusterImpl-b2817a3f-1508-41b1-b0fd-9fa975eef5fc/datanode-3/data/ratis] (custom)
2019-09-12 10:31:23,214 [Thread-280] INFO  impl.FollowerState (FollowerState.java:run(106)) - c9031a36-5f7c-4098-8bea-8a46141708a6:group-106773777447 changes to CANDIDATE, lastRpcTime:1032, electionTimeout:1032ms
2019-09-12 10:31:23,216 [pool-60-thread-1] INFO  storage.RaftStorageDirectory (RaftStorageDirectory.java:analyzeStorage(246)) - The storage directory /workdir/hadoop-ozone/integration-test/target/test-dir/MiniOzoneClusterImpl-b2817a3f-1508-41b1-b0fd-9fa975eef5fc/datanode-3/data/ratis/eb2a7766-4665-4ce1-ae5d-2c376630880e does not exist. Creating ...
2019-09-12 10:31:23,216 [Thread-280] INFO  impl.RoleInfo (RoleInfo.java:shutdownFollowerState(121)) - c9031a36-5f7c-4098-8bea-8a46141708a6: shutdown FollowerState
2019-09-12 10:31:23,216 [Thread-280] INFO  impl.RaftServerImpl (RaftServerImpl.java:setRole(171)) - c9031a36-5f7c-4098-8bea-8a46141708a6:group-106773777447 changes role from FOLLOWER to CANDIDATE at term 0 for changeToCandidate
2019-09-12 10:31:23,216 [Thread-280] INFO  impl.RoleInfo (RoleInfo.java:updateAndGet(143)) - c9031a36-5f7c-4098-8bea-8a46141708a6: start LeaderElection
2019-09-12 10:31:23,219 [pool-60-thread-1] INFO  storage.RaftStorageDirectory (RaftStorageDirectory.java:tryLock(328)) - Lock on /workdir/hadoop-ozone/integration-test/target/test-dir/MiniOzoneClusterImpl-b2817a3f-1508-41b1-b0fd-9fa975eef5fc/datanode-3/data/ratis/eb2a7766-4665-4ce1-ae5d-2c376630880e/in_use.lock acquired by nodename 1396@pr-hdds-1569-58hkm-1881083799
2019-09-12 10:31:23,229 [pool-60-thread-1] INFO  storage.RaftStorage (RaftStorage.java:format(72)) - Storage directory /workdir/hadoop-ozone/integration-test/target/test-dir/MiniOzoneClusterImpl-b2817a3f-1508-41b1-b0fd-9fa975eef5fc/datanode-3/data/ratis/eb2a7766-4665-4ce1-ae5d-2c376630880e has been successfully formatted.
2019-09-12 10:31:23,229 [c9031a36-5f7c-4098-8bea-8a46141708a6:group-106773777447:LeaderElection13] INFO  impl.LeaderElection (LeaderElection.java:askForVotes(181)) - c9031a36-5f7c-4098-8bea-8a46141708a6:group-106773777447:LeaderElection13: begin an election at term 1 for -1: [c9031a36-5f7c-4098-8bea-8a46141708a6:192.168.36.114:41797], old=null
2019-09-12 10:31:23,229 [pool-60-thread-1] INFO  ratis.ContainerStateMachine (ContainerStateMachine.java:loadSnapshot(226)) - group-2C376630880E: The snapshot info is null. Setting the last applied indexto:(t:0, i:~)
2019-09-12 10:31:23,229 [c9031a36-5f7c-4098-8bea-8a46141708a6:group-106773777447:LeaderElection13] INFO  impl.RoleInfo (RoleInfo.java:shutdownLeaderElection(134)) - c9031a36-5f7c-4098-8bea-8a46141708a6: shutdown LeaderElection
2019-09-12 10:31:23,229 [pool-60-thread-1] INFO  server.RaftServerConfigKeys (ConfUtils.java:logGet(43)) - raft.server.leader.election.timeout = 120s (custom)
2019-09-12 10:31:23,229 [c9031a36-5f7c-4098-8bea-8a46141708a6:group-106773777447:LeaderElection13] INFO  impl.RaftServerImpl (RaftServerImpl.java:setRole(171)) - c9031a36-5f7c-4098-8bea-8a46141708a6:group-106773777447 changes role from CANDIDATE to LEADER at term 1 for changeToLeader
2019-09-12 10:31:23,229 [pool-60-thread-1] INFO  server.RaftServerConfigKeys (ConfUtils.java:logGet(43)) - raft.server.log.use.memory = false (default)
2019-09-12 10:31:23,229 [c9031a36-5f7c-4098-8bea-8a46141708a6:group-106773777447:LeaderElection13] INFO  impl.RaftServerImpl (ServerState.java:setLeader(263)) - c9031a36-5f7c-4098-8bea-8a46141708a6:group-106773777447 change Leader from null to c9031a36-5f7c-4098-8bea-8a46141708a6 at term 1 for becomeLeader, leader elected after 1055ms
2019-09-12 10:31:23,230 [pool-60-thread-1] INFO  server.RaftServerConfigKeys (ConfUtils.java:logGet(43)) - raft.server.log.purge.gap = 1000000 (custom)
2019-09-12 10:31:23,230 [c9031a36-5f7c-4098-8bea-8a46141708a6:group-106773777447:LeaderElection13] INFO  server.RaftServerConfigKeys (ConfUtils.java:logGet(43)) - raft.server.staging.catchup.gap = 1000 (default)
2019-09-12 10:31:23,230 [pool-60-thread-1] INFO  server.RaftServerConfigKeys (ConfUtils.java:logGet(43)) - raft.server.log.appender.buffer.byte-limit = 33554432 (custom)
2019-09-12 10:31:23,230 [c9031a36-5f7c-4098-8bea-8a46141708a6:group-106773777447:LeaderElection13] INFO  server.RaftServerConfigKeys (ConfUtils.java:logGet(43)) - raft.server.rpc.sleep.time = 25ms (default)
2019-09-12 10:31:23,230 [pool-60-thread-1] INFO  server.RaftServerConfigKeys (ConfUtils.java:logGet(43)) - raft.server.log.segment.size.max = 1048576 (custom)
2019-09-12 10:31:23,230 [c9031a36-5f7c-4098-8bea-8a46141708a6:group-106773777447:LeaderElection13] INFO  server.RaftServerConfigKeys (ConfUtils.java:logGet(43)) - raft.server.write.element-limit = 4096 (default)
2019-09-12 10:31:23,230 [pool-60-thread-1] INFO  server.RaftServerConfigKeys (ConfUtils.java:logGet(43)) - raft.server.log.segment.cache.num.max = 2 (custom)
2019-09-12 10:31:23,231 [c9031a36-5f7c-4098-8bea-8a46141708a6:group-106773777447:LeaderElection13] INFO  server.RaftServerConfigKeys (ConfUtils.java:logGet(43)) - raft.server.watch.timeout = 10s (default)
2019-09-12 10:31:23,231 [pool-60-thread-1] INFO  segmented.SegmentedRaftLogWorker (SegmentedRaftLogWorker.java:<init>(172)) - new f17b4253-95a0-4ee6-8ded-88f070f15b33-SegmentedRaftLogWorker:Storage Directory /workdir/hadoop-ozone/integration-test/target/test-dir/MiniOzoneClusterImpl-b2817a3f-1508-41b1-b0fd-9fa975eef5fc/datanode-3/data/ratis/eb2a7766-4665-4ce1-ae5d-2c376630880e for RaftStorage:Storage Directory /workdir/hadoop-ozone/integration-test/target/test-dir/MiniOzoneClusterImpl-b2817a3f-1508-41b1-b0fd-9fa975eef5fc/datanode-3/data/ratis/eb2a7766-4665-4ce1-ae5d-2c376630880e
2019-09-12 10:31:23,231 [c9031a36-5f7c-4098-8bea-8a46141708a6:group-106773777447:LeaderElection13] INFO  server.RaftServerConfigKeys (ConfUtils.java:logGet(43)) - raft.server.watch.timeout.denomination = 1s (default)
2019-09-12 10:31:23,231 [pool-60-thread-1] INFO  server.RaftServerConfigKeys (ConfUtils.java:logGet(43)) - raft.server.log.queue.byte-limit = 2147483647 (custom)
2019-09-12 10:31:23,231 [c9031a36-5f7c-4098-8bea-8a46141708a6:group-106773777447:LeaderElection13] INFO  server.RaftServerConfigKeys (ConfUtils.java:logGet(43)) - raft.server.watch.element-limit = 65536 (default)
2019-09-12 10:31:23,233 [pool-60-thread-1] INFO  server.RaftServerConfigKeys (ConfUtils.java:logGet(43)) - raft.server.log.queue.element-limit = 1024 (custom)
2019-09-12 10:31:23,233 [pool-60-thread-1] INFO  server.RaftServerConfigKeys (ConfUtils.java:logGet(43)) - raft.server.log.segment.size.max = 1048576 (custom)
2019-09-12 10:31:23,233 [c9031a36-5f7c-4098-8bea-8a46141708a6:group-106773777447:LeaderElection13] INFO  impl.RoleInfo (RoleInfo.java:updateAndGet(143)) - c9031a36-5f7c-4098-8bea-8a46141708a6: start LeaderState
2019-09-12 10:31:23,233 [pool-60-thread-1] INFO  server.RaftServerConfigKeys (ConfUtils.java:logGet(43)) - raft.server.log.preallocated.size = 16384 (custom)
2019-09-12 10:31:23,234 [pool-60-thread-1] INFO  server.RaftServerConfigKeys (ConfUtils.java:logGet(43)) - raft.server.log.write.buffer.size = 33554432 (custom)
2019-09-12 10:31:23,234 [c9031a36-5f7c-4098-8bea-8a46141708a6:group-106773777447:LeaderElection13] INFO  segmented.SegmentedRaftLogWorker (SegmentedRaftLogWorker.java:startLogSegment(380)) - c9031a36-5f7c-4098-8bea-8a46141708a6-SegmentedRaftLogWorker:Storage Directory /workdir/hadoop-ozone/integration-test/target/test-dir/MiniOzoneClusterImpl-b2817a3f-1508-41b1-b0fd-9fa975eef5fc/datanode-0/data/ratis/e4b36282-e5e2-46a9-9610-106773777447: Starting segment from index:0
2019-09-12 10:31:23,234 [pool-60-thread-1] INFO  server.RaftServerConfigKeys (ConfUtils.java:logGet(43)) - raft.server.log.force.sync.num = 128 (default)
2019-09-12 10:31:23,245 [pool-60-thread-1] INFO  server.RaftServerConfigKeys (ConfUtils.java:logGet(43)) - raft.server.log.statemachine.data.sync = true (default)
2019-09-12 10:31:23,245 [pool-60-thread-1] INFO  server.RaftServerConfigKeys (ConfUtils.java:logGet(43)) - raft.server.log.statemachine.data.sync.timeout = 10s (default)
2019-09-12 10:31:23,245 [pool-60-thread-1] INFO  server.RaftServerConfigKeys (ConfUtils.java:logGet(43)) - raft.server.log.statemachine.data.sync.timeout.retry = -1 (default)
2019-09-12 10:31:23,245 [c9031a36-5f7c-4098-8bea-8a46141708a6:group-106773777447:LeaderElection13] INFO  impl.RaftServerImpl (ServerState.java:setRaftConf(361)) - c9031a36-5f7c-4098-8bea-8a46141708a6:group-106773777447 set configuration 0: [c9031a36-5f7c-4098-8bea-8a46141708a6:192.168.36.114:41797], old=null at 0
2019-09-12 10:31:23,245 [pool-60-thread-1] INFO  server.RaftServerConfigKeys (ConfUtils.java:logGet(43)) - raft.server.log.statemachine.data.caching.enabled = true (custom)
2019-09-12 10:31:23,282 [pool-60-thread-1] INFO  segmented.SegmentedRaftLogWorker (SegmentedRaftLogWorker.java:lambda$new$0(132)) - f17b4253-95a0-4ee6-8ded-88f070f15b33-SegmentedRaftLogWorker:Storage Directory /workdir/hadoop-ozone/integration-test/target/test-dir/MiniOzoneClusterImpl-b2817a3f-1508-41b1-b0fd-9fa975eef5fc/datanode-3/data/ratis/eb2a7766-4665-4ce1-ae5d-2c376630880e: flushIndex: setUnconditionally 0 -> -1
2019-09-12 10:31:23,282 [pool-60-thread-1] INFO  server.RaftServerConfigKeys (ConfUtils.java:logGet(43)) - raft.server.snapshot.auto.trigger.enabled = true (custom)
2019-09-12 10:31:23,282 [pool-60-thread-1] INFO  server.RaftServerConfigKeys (ConfUtils.java:logGet(43)) - raft.server.snapshot.auto.trigger.threshold = 10000 (custom)
2019-09-12 10:31:23,282 [pool-60-thread-1] INFO  server.RaftServerConfigKeys (ConfUtils.java:logGet(43)) - raft.server.retrycache.expirytime = 600000ms (custom)
2019-09-12 10:31:23,283 [pool-60-thread-1] INFO  impl.RaftServerImpl (RaftServerImpl.java:start(180)) - f17b4253-95a0-4ee6-8ded-88f070f15b33: start group-2C376630880E
2019-09-12 10:31:23,283 [pool-60-thread-1] INFO  impl.RaftServerImpl (RaftServerImpl.java:setRole(171)) - f17b4253-95a0-4ee6-8ded-88f070f15b33:group-2C376630880E changes role from null to FOLLOWER at term 0 for startAsFollower
2019-09-12 10:31:23,283 [pool-60-thread-1] INFO  impl.RoleInfo (RoleInfo.java:updateAndGet(143)) - f17b4253-95a0-4ee6-8ded-88f070f15b33: start FollowerState
2019-09-12 10:31:23,283 [pool-60-thread-1] INFO  util.JmxRegister (JmxRegister.java:tryRegister(44)) - Successfully registered JMX Bean with object name Ratis:service=RaftServer,group=group-2C376630880E,id=f17b4253-95a0-4ee6-8ded-88f070f15b33
2019-09-12 10:31:23,290 [RatisPipelineUtilsThread] INFO  pipeline.PipelineStateManager (PipelineStateManager.java:addPipeline(56)) - Created pipeline Pipeline[ Id: eb2a7766-4665-4ce1-ae5d-2c376630880e, Nodes: f17b4253-95a0-4ee6-8ded-88f070f15b33{ip: 192.168.36.114, host: pr-hdds-1569-58hkm-1881083799, networkLocation: /default-rack, certSerialId: null}, Type:RATIS, Factor:ONE, State:OPEN]
2019-09-12 10:31:23,290 [RatisPipelineUtilsThread] ERROR pipeline.PipelinePlacementPolicy (PipelinePlacementPolicy.java:meetCriteria(92)) - Pipeline Placement: Doesn't meet the criteria to be viable node. Heaviness: 6
2019-09-12 10:31:23,295 [c9031a36-5f7c-4098-8bea-8a46141708a6-SegmentedRaftLogWorker:Storage Directory /workdir/hadoop-ozone/integration-test/target/test-dir/MiniOzoneClusterImpl-b2817a3f-1508-41b1-b0fd-9fa975eef5fc/datanode-0/data/ratis/e4b36282-e5e2-46a9-9610-106773777447] INFO  segmented.SegmentedRaftLogWorker (SegmentedRaftLogWorker.java:execute(569)) - c9031a36-5f7c-4098-8bea-8a46141708a6-SegmentedRaftLogWorker:Storage Directory /workdir/hadoop-ozone/integration-test/target/test-dir/MiniOzoneClusterImpl-b2817a3f-1508-41b1-b0fd-9fa975eef5fc/datanode-0/data/ratis/e4b36282-e5e2-46a9-9610-106773777447: created new log segment /workdir/hadoop-ozone/integration-test/target/test-dir/MiniOzoneClusterImpl-b2817a3f-1508-41b1-b0fd-9fa975eef5fc/datanode-0/data/ratis/e4b36282-e5e2-46a9-9610-106773777447/current/log_inprogress_0
2019-09-12 10:31:23,301 [grpc-default-executor-0] INFO  impl.RaftServerProxy (RaftServerProxy.java:addNew(89)) - eaeff1e2-de9c-4510-872d-283eb6c3c330: addNew group-59ABB9E07058:[eaeff1e2-de9c-4510-872d-283eb6c3c330:192.168.36.114:37393] returns group-59ABB9E07058:java.util.concurrent.CompletableFuture@3ca8cb84[Not completed]
2019-09-12 10:31:23,302 [pool-49-thread-1] INFO  impl.RaftServerImpl (RaftServerImpl.java:<init>(93)) - eaeff1e2-de9c-4510-872d-283eb6c3c330: new RaftServerImpl for group-59ABB9E07058:[eaeff1e2-de9c-4510-872d-283eb6c3c330:192.168.36.114:37393] with ContainerStateMachine:uninitialized
2019-09-12 10:31:23,304 [pool-49-thread-1] INFO  server.RaftServerConfigKeys (ConfUtils.java:logGet(43)) - raft.server.rpc.timeout.min = 1s (custom)
2019-09-12 10:31:23,305 [pool-49-thread-1] INFO  server.RaftServerConfigKeys (ConfUtils.java:logGet(43)) - raft.server.rpc.timeout.max = 1200ms (custom)
2019-09-12 10:31:23,305 [pool-49-thread-1] INFO  server.RaftServerConfigKeys (ConfUtils.java:logGet(43)) - raft.server.rpcslowness.timeout = 120s (custom)
2019-09-12 10:31:23,305 [pool-49-thread-1] INFO  server.RaftServerConfigKeys (ConfUtils.java:logGet(43)) - raft.server.sleep.deviation.threshold = 300 (default)
2019-09-12 10:31:23,305 [pool-49-thread-1] INFO  server.RaftServerConfigKeys (ConfUtils.java:logGet(43)) - raft.server.log.appender.install.snapshot.enabled = false (custom)
2019-09-12 10:31:23,305 [pool-49-thread-1] INFO  impl.RaftServerImpl (ServerState.java:<init>(105)) - eaeff1e2-de9c-4510-872d-283eb6c3c330:group-59ABB9E07058 ConfigurationManager, init=-1: [eaeff1e2-de9c-4510-872d-283eb6c3c330:192.168.36.114:37393], old=null, confs=<EMPTY_MAP>
2019-09-12 10:31:23,305 [pool-49-thread-1] INFO  server.RaftServerConfigKeys (ConfUtils.java:logGet(43)) - raft.server.storage.dir = [/workdir/hadoop-ozone/integration-test/target/test-dir/MiniOzoneClusterImpl-b2817a3f-1508-41b1-b0fd-9fa975eef5fc/datanode-2/data/ratis] (custom)
2019-09-12 10:31:23,306 [pool-49-thread-1] INFO  storage.RaftStorageDirectory (RaftStorageDirectory.java:analyzeStorage(246)) - The storage directory /workdir/hadoop-ozone/integration-test/target/test-dir/MiniOzoneClusterImpl-b2817a3f-1508-41b1-b0fd-9fa975eef5fc/datanode-2/data/ratis/c57510cd-a954-47af-9785-59abb9e07058 does not exist. Creating ...
2019-09-12 10:31:23,308 [Thread-284] INFO  impl.FollowerState (FollowerState.java:run(106)) - 2cb9d557-cb56-4745-8686-5e72b62e748a:group-15D7D0B1F3E7 changes to CANDIDATE, lastRpcTime:1024, electionTimeout:1024ms
2019-09-12 10:31:23,308 [Thread-284] INFO  impl.RoleInfo (RoleInfo.java:shutdownFollowerState(121)) - 2cb9d557-cb56-4745-8686-5e72b62e748a: shutdown FollowerState
2019-09-12 10:31:23,308 [Thread-284] INFO  impl.RaftServerImpl (RaftServerImpl.java:setRole(171)) - 2cb9d557-cb56-4745-8686-5e72b62e748a:group-15D7D0B1F3E7 changes role from FOLLOWER to CANDIDATE at term 0 for changeToCandidate
2019-09-12 10:31:23,309 [Thread-284] INFO  impl.RoleInfo (RoleInfo.java:updateAndGet(143)) - 2cb9d557-cb56-4745-8686-5e72b62e748a: start LeaderElection
2019-09-12 10:31:23,314 [pool-49-thread-1] INFO  storage.RaftStorageDirectory (RaftStorageDirectory.java:tryLock(328)) - Lock on /workdir/hadoop-ozone/integration-test/target/test-dir/MiniOzoneClusterImpl-b2817a3f-1508-41b1-b0fd-9fa975eef5fc/datanode-2/data/ratis/c57510cd-a954-47af-9785-59abb9e07058/in_use.lock acquired by nodename 1396@pr-hdds-1569-58hkm-1881083799
2019-09-12 10:31:23,328 [pool-49-thread-1] INFO  storage.RaftStorage (RaftStorage.java:format(72)) - Storage directory /workdir/hadoop-ozone/integration-test/target/test-dir/MiniOzoneClusterImpl-b2817a3f-1508-41b1-b0fd-9fa975eef5fc/datanode-2/data/ratis/c57510cd-a954-47af-9785-59abb9e07058 has been successfully formatted.
2019-09-12 10:31:23,328 [2cb9d557-cb56-4745-8686-5e72b62e748a:group-15D7D0B1F3E7:LeaderElection14] INFO  impl.LeaderElection (LeaderElection.java:askForVotes(181)) - 2cb9d557-cb56-4745-8686-5e72b62e748a:group-15D7D0B1F3E7:LeaderElection14: begin an election at term 1 for -1: [2cb9d557-cb56-4745-8686-5e72b62e748a:192.168.36.114:41494], old=null
2019-09-12 10:31:23,328 [2cb9d557-cb56-4745-8686-5e72b62e748a:group-15D7D0B1F3E7:LeaderElection14] INFO  impl.RoleInfo (RoleInfo.java:shutdownLeaderElection(134)) - 2cb9d557-cb56-4745-8686-5e72b62e748a: shutdown LeaderElection
2019-09-12 10:31:23,329 [pool-49-thread-1] INFO  ratis.ContainerStateMachine (ContainerStateMachine.java:loadSnapshot(226)) - group-59ABB9E07058: The snapshot info is null. Setting the last applied indexto:(t:0, i:~)
2019-09-12 10:31:23,329 [2cb9d557-cb56-4745-8686-5e72b62e748a:group-15D7D0B1F3E7:LeaderElection14] INFO  impl.RaftServerImpl (RaftServerImpl.java:setRole(171)) - 2cb9d557-cb56-4745-8686-5e72b62e748a:group-15D7D0B1F3E7 changes role from CANDIDATE to LEADER at term 1 for changeToLeader
2019-09-12 10:31:23,329 [pool-49-thread-1] INFO  server.RaftServerConfigKeys (ConfUtils.java:logGet(43)) - raft.server.leader.election.timeout = 120s (custom)
2019-09-12 10:31:23,329 [2cb9d557-cb56-4745-8686-5e72b62e748a:group-15D7D0B1F3E7:LeaderElection14] INFO  impl.RaftServerImpl (ServerState.java:setLeader(263)) - 2cb9d557-cb56-4745-8686-5e72b62e748a:group-15D7D0B1F3E7 change Leader from null to 2cb9d557-cb56-4745-8686-5e72b62e748a at term 1 for becomeLeader, leader elected after 1050ms
2019-09-12 10:31:23,329 [pool-49-thread-1] INFO  server.RaftServerConfigKeys (ConfUtils.java:logGet(43)) - raft.server.log.use.memory = false (default)
2019-09-12 10:31:23,329 [2cb9d557-cb56-4745-8686-5e72b62e748a:group-15D7D0B1F3E7:LeaderElection14] INFO  server.RaftServerConfigKeys (ConfUtils.java:logGet(43)) - raft.server.staging.catchup.gap = 1000 (default)
2019-09-12 10:31:23,329 [pool-49-thread-1] INFO  server.RaftServerConfigKeys (ConfUtils.java:logGet(43)) - raft.server.log.purge.gap = 1000000 (custom)
2019-09-12 10:31:23,329 [2cb9d557-cb56-4745-8686-5e72b62e748a:group-15D7D0B1F3E7:LeaderElection14] INFO  server.RaftServerConfigKeys (ConfUtils.java:logGet(43)) - raft.server.rpc.sleep.time = 25ms (default)
2019-09-12 10:31:23,329 [pool-49-thread-1] INFO  server.RaftServerConfigKeys (ConfUtils.java:logGet(43)) - raft.server.log.appender.buffer.byte-limit = 33554432 (custom)
2019-09-12 10:31:23,330 [2cb9d557-cb56-4745-8686-5e72b62e748a:group-15D7D0B1F3E7:LeaderElection14] INFO  server.RaftServerConfigKeys (ConfUtils.java:logGet(43)) - raft.server.write.element-limit = 4096 (default)
2019-09-12 10:31:23,330 [pool-49-thread-1] INFO  server.RaftServerConfigKeys (ConfUtils.java:logGet(43)) - raft.server.log.segment.size.max = 1048576 (custom)
2019-09-12 10:31:23,330 [2cb9d557-cb56-4745-8686-5e72b62e748a:group-15D7D0B1F3E7:LeaderElection14] INFO  server.RaftServerConfigKeys (ConfUtils.java:logGet(43)) - raft.server.watch.timeout = 10s (default)
2019-09-12 10:31:23,330 [pool-49-thread-1] INFO  server.RaftServerConfigKeys (ConfUtils.java:logGet(43)) - raft.server.log.segment.cache.num.max = 2 (custom)
2019-09-12 10:31:23,330 [2cb9d557-cb56-4745-8686-5e72b62e748a:group-15D7D0B1F3E7:LeaderElection14] INFO  server.RaftServerConfigKeys (ConfUtils.java:logGet(43)) - raft.server.watch.timeout.denomination = 1s (default)
2019-09-12 10:31:23,330 [pool-49-thread-1] INFO  segmented.SegmentedRaftLogWorker (SegmentedRaftLogWorker.java:<init>(172)) - new eaeff1e2-de9c-4510-872d-283eb6c3c330-SegmentedRaftLogWorker:Storage Directory /workdir/hadoop-ozone/integration-test/target/test-dir/MiniOzoneClusterImpl-b2817a3f-1508-41b1-b0fd-9fa975eef5fc/datanode-2/data/ratis/c57510cd-a954-47af-9785-59abb9e07058 for RaftStorage:Storage Directory /workdir/hadoop-ozone/integration-test/target/test-dir/MiniOzoneClusterImpl-b2817a3f-1508-41b1-b0fd-9fa975eef5fc/datanode-2/data/ratis/c57510cd-a954-47af-9785-59abb9e07058
2019-09-12 10:31:23,330 [2cb9d557-cb56-4745-8686-5e72b62e748a:group-15D7D0B1F3E7:LeaderElection14] INFO  server.RaftServerConfigKeys (ConfUtils.java:logGet(43)) - raft.server.watch.element-limit = 65536 (default)
2019-09-12 10:31:23,330 [pool-49-thread-1] INFO  server.RaftServerConfigKeys (ConfUtils.java:logGet(43)) - raft.server.log.queue.byte-limit = 2147483647 (custom)
2019-09-12 10:31:23,332 [2cb9d557-cb56-4745-8686-5e72b62e748a:group-15D7D0B1F3E7:LeaderElection14] INFO  impl.RoleInfo (RoleInfo.java:updateAndGet(143)) - 2cb9d557-cb56-4745-8686-5e72b62e748a: start LeaderState
2019-09-12 10:31:23,332 [pool-49-thread-1] INFO  server.RaftServerConfigKeys (ConfUtils.java:logGet(43)) - raft.server.log.queue.element-limit = 1024 (custom)
2019-09-12 10:31:23,332 [pool-49-thread-1] INFO  server.RaftServerConfigKeys (ConfUtils.java:logGet(43)) - raft.server.log.segment.size.max = 1048576 (custom)
2019-09-12 10:31:23,332 [2cb9d557-cb56-4745-8686-5e72b62e748a:group-15D7D0B1F3E7:LeaderElection14] INFO  segmented.SegmentedRaftLogWorker (SegmentedRaftLogWorker.java:startLogSegment(380)) - 2cb9d557-cb56-4745-8686-5e72b62e748a-SegmentedRaftLogWorker:Storage Directory /workdir/hadoop-ozone/integration-test/target/test-dir/MiniOzoneClusterImpl-b2817a3f-1508-41b1-b0fd-9fa975eef5fc/datanode-1/data/ratis/2558e998-1d9d-4d63-9c26-15d7d0b1f3e7: Starting segment from index:0
2019-09-12 10:31:23,333 [pool-49-thread-1] INFO  server.RaftServerConfigKeys (ConfUtils.java:logGet(43)) - raft.server.log.preallocated.size = 16384 (custom)
2019-09-12 10:31:23,333 [pool-49-thread-1] INFO  server.RaftServerConfigKeys (ConfUtils.java:logGet(43)) - raft.server.log.write.buffer.size = 33554432 (custom)
2019-09-12 10:31:23,333 [pool-49-thread-1] INFO  server.RaftServerConfigKeys (ConfUtils.java:logGet(43)) - raft.server.log.force.sync.num = 128 (default)
2019-09-12 10:31:23,333 [2cb9d557-cb56-4745-8686-5e72b62e748a:group-15D7D0B1F3E7:LeaderElection14] INFO  impl.RaftServerImpl (ServerState.java:setRaftConf(361)) - 2cb9d557-cb56-4745-8686-5e72b62e748a:group-15D7D0B1F3E7 set configuration 0: [2cb9d557-cb56-4745-8686-5e72b62e748a:192.168.36.114:41494], old=null at 0
2019-09-12 10:31:23,333 [pool-49-thread-1] INFO  server.RaftServerConfigKeys (ConfUtils.java:logGet(43)) - raft.server.log.statemachine.data.sync = true (default)
2019-09-12 10:31:23,368 [pool-49-thread-1] INFO  server.RaftServerConfigKeys (ConfUtils.java:logGet(43)) - raft.server.log.statemachine.data.sync.timeout = 10s (default)
2019-09-12 10:31:23,368 [pool-49-thread-1] INFO  server.RaftServerConfigKeys (ConfUtils.java:logGet(43)) - raft.server.log.statemachine.data.sync.timeout.retry = -1 (default)
2019-09-12 10:31:23,368 [pool-49-thread-1] INFO  server.RaftServerConfigKeys (ConfUtils.java:logGet(43)) - raft.server.log.statemachine.data.caching.enabled = true (custom)
2019-09-12 10:31:23,370 [pool-49-thread-1] INFO  segmented.SegmentedRaftLogWorker (SegmentedRaftLogWorker.java:lambda$new$0(132)) - eaeff1e2-de9c-4510-872d-283eb6c3c330-SegmentedRaftLogWorker:Storage Directory /workdir/hadoop-ozone/integration-test/target/test-dir/MiniOzoneClusterImpl-b2817a3f-1508-41b1-b0fd-9fa975eef5fc/datanode-2/data/ratis/c57510cd-a954-47af-9785-59abb9e07058: flushIndex: setUnconditionally 0 -> -1
2019-09-12 10:31:23,370 [pool-49-thread-1] INFO  server.RaftServerConfigKeys (ConfUtils.java:logGet(43)) - raft.server.snapshot.auto.trigger.enabled = true (custom)
2019-09-12 10:31:23,370 [pool-49-thread-1] INFO  server.RaftServerConfigKeys (ConfUtils.java:logGet(43)) - raft.server.snapshot.auto.trigger.threshold = 10000 (custom)
2019-09-12 10:31:23,370 [pool-49-thread-1] INFO  server.RaftServerConfigKeys (ConfUtils.java:logGet(43)) - raft.server.retrycache.expirytime = 600000ms (custom)
2019-09-12 10:31:23,370 | INFO  | SCMAudit | user=jenkins1000 | ip=192.168.36.114 | op=SEND_HEARTBEAT {datanodeUUID=c1e71898-521f-4627-a3f1-9884c4b96ced, command=[]} | ret=SUCCESS |  
2019-09-12 10:31:23,371 [pool-49-thread-1] INFO  impl.RaftServerImpl (RaftServerImpl.java:start(180)) - eaeff1e2-de9c-4510-872d-283eb6c3c330: start group-59ABB9E07058
2019-09-12 10:31:23,371 [pool-49-thread-1] INFO  impl.RaftServerImpl (RaftServerImpl.java:setRole(171)) - eaeff1e2-de9c-4510-872d-283eb6c3c330:group-59ABB9E07058 changes role from null to FOLLOWER at term 0 for startAsFollower
2019-09-12 10:31:23,371 [pool-49-thread-1] INFO  impl.RoleInfo (RoleInfo.java:updateAndGet(143)) - eaeff1e2-de9c-4510-872d-283eb6c3c330: start FollowerState
2019-09-12 10:31:23,371 [pool-49-thread-1] INFO  util.JmxRegister (JmxRegister.java:tryRegister(44)) - Successfully registered JMX Bean with object name Ratis:service=RaftServer,group=group-59ABB9E07058,id=eaeff1e2-de9c-4510-872d-283eb6c3c330
2019-09-12 10:31:23,377 [RatisPipelineUtilsThread] INFO  pipeline.PipelineStateManager (PipelineStateManager.java:addPipeline(56)) - Created pipeline Pipeline[ Id: c57510cd-a954-47af-9785-59abb9e07058, Nodes: eaeff1e2-de9c-4510-872d-283eb6c3c330{ip: 192.168.36.114, host: pr-hdds-1569-58hkm-1881083799, networkLocation: /default-rack, certSerialId: null}, Type:RATIS, Factor:ONE, State:OPEN]
2019-09-12 10:31:23,378 [RatisPipelineUtilsThread] ERROR pipeline.PipelinePlacementPolicy (PipelinePlacementPolicy.java:meetCriteria(92)) - Pipeline Placement: Doesn't meet the criteria to be viable node. Heaviness: 6
2019-09-12 10:31:23,378 [RatisPipelineUtilsThread] ERROR pipeline.PipelinePlacementPolicy (PipelinePlacementPolicy.java:meetCriteria(92)) - Pipeline Placement: Doesn't meet the criteria to be viable node. Heaviness: 6
2019-09-12 10:31:23,389 [Thread-287] INFO  impl.FollowerState (FollowerState.java:run(106)) - c9031a36-5f7c-4098-8bea-8a46141708a6:group-775A736A8547 changes to CANDIDATE, lastRpcTime:1046, electionTimeout:1046ms
2019-09-12 10:31:23,389 [Thread-287] INFO  impl.RoleInfo (RoleInfo.java:shutdownFollowerState(121)) - c9031a36-5f7c-4098-8bea-8a46141708a6: shutdown FollowerState
2019-09-12 10:31:23,391 [Thread-287] INFO  impl.RaftServerImpl (RaftServerImpl.java:setRole(171)) - c9031a36-5f7c-4098-8bea-8a46141708a6:group-775A736A8547 changes role from FOLLOWER to CANDIDATE at term 0 for changeToCandidate
2019-09-12 10:31:23,391 [2cb9d557-cb56-4745-8686-5e72b62e748a-SegmentedRaftLogWorker:Storage Directory /workdir/hadoop-ozone/integration-test/target/test-dir/MiniOzoneClusterImpl-b2817a3f-1508-41b1-b0fd-9fa975eef5fc/datanode-1/data/ratis/2558e998-1d9d-4d63-9c26-15d7d0b1f3e7] INFO  segmented.SegmentedRaftLogWorker (SegmentedRaftLogWorker.java:execute(569)) - 2cb9d557-cb56-4745-8686-5e72b62e748a-SegmentedRaftLogWorker:Storage Directory /workdir/hadoop-ozone/integration-test/target/test-dir/MiniOzoneClusterImpl-b2817a3f-1508-41b1-b0fd-9fa975eef5fc/datanode-1/data/ratis/2558e998-1d9d-4d63-9c26-15d7d0b1f3e7: created new log segment /workdir/hadoop-ozone/integration-test/target/test-dir/MiniOzoneClusterImpl-b2817a3f-1508-41b1-b0fd-9fa975eef5fc/datanode-1/data/ratis/2558e998-1d9d-4d63-9c26-15d7d0b1f3e7/current/log_inprogress_0
2019-09-12 10:31:23,392 [Thread-287] INFO  impl.RoleInfo (RoleInfo.java:updateAndGet(143)) - c9031a36-5f7c-4098-8bea-8a46141708a6: start LeaderElection
2019-09-12 10:31:23,392 [grpc-default-executor-0] INFO  impl.RaftServerProxy (RaftServerProxy.java:addNew(89)) - f17b4253-95a0-4ee6-8ded-88f070f15b33: addNew group-493DDF71656A:[f17b4253-95a0-4ee6-8ded-88f070f15b33:192.168.36.114:35683] returns group-493DDF71656A:java.util.concurrent.CompletableFuture@9ca222[Not completed]
2019-09-12 10:31:23,397 [pool-60-thread-1] INFO  impl.RaftServerImpl (RaftServerImpl.java:<init>(93)) - f17b4253-95a0-4ee6-8ded-88f070f15b33: new RaftServerImpl for group-493DDF71656A:[f17b4253-95a0-4ee6-8ded-88f070f15b33:192.168.36.114:35683] with ContainerStateMachine:uninitialized
2019-09-12 10:31:23,397 [pool-60-thread-1] INFO  server.RaftServerConfigKeys (ConfUtils.java:logGet(43)) - raft.server.rpc.timeout.min = 1s (custom)
2019-09-12 10:31:23,398 [pool-60-thread-1] INFO  server.RaftServerConfigKeys (ConfUtils.java:logGet(43)) - raft.server.rpc.timeout.max = 1200ms (custom)
2019-09-12 10:31:23,398 [pool-60-thread-1] INFO  server.RaftServerConfigKeys (ConfUtils.java:logGet(43)) - raft.server.rpcslowness.timeout = 120s (custom)
2019-09-12 10:31:23,398 [pool-60-thread-1] INFO  server.RaftServerConfigKeys (ConfUtils.java:logGet(43)) - raft.server.sleep.deviation.threshold = 300 (default)
2019-09-12 10:31:23,398 [pool-60-thread-1] INFO  server.RaftServerConfigKeys (ConfUtils.java:logGet(43)) - raft.server.log.appender.install.snapshot.enabled = false (custom)
2019-09-12 10:31:23,398 [pool-60-thread-1] INFO  impl.RaftServerImpl (ServerState.java:<init>(105)) - f17b4253-95a0-4ee6-8ded-88f070f15b33:group-493DDF71656A ConfigurationManager, init=-1: [f17b4253-95a0-4ee6-8ded-88f070f15b33:192.168.36.114:35683], old=null, confs=<EMPTY_MAP>
2019-09-12 10:31:23,398 [pool-60-thread-1] INFO  server.RaftServerConfigKeys (ConfUtils.java:logGet(43)) - raft.server.storage.dir = [/workdir/hadoop-ozone/integration-test/target/test-dir/MiniOzoneClusterImpl-b2817a3f-1508-41b1-b0fd-9fa975eef5fc/datanode-3/data/ratis] (custom)
2019-09-12 10:31:23,399 [pool-60-thread-1] INFO  storage.RaftStorageDirectory (RaftStorageDirectory.java:analyzeStorage(246)) - The storage directory /workdir/hadoop-ozone/integration-test/target/test-dir/MiniOzoneClusterImpl-b2817a3f-1508-41b1-b0fd-9fa975eef5fc/datanode-3/data/ratis/883ee10d-d1a7-4e31-bf4d-493ddf71656a does not exist. Creating ...
2019-09-12 10:31:23,406 [pool-60-thread-1] INFO  storage.RaftStorageDirectory (RaftStorageDirectory.java:tryLock(328)) - Lock on /workdir/hadoop-ozone/integration-test/target/test-dir/MiniOzoneClusterImpl-b2817a3f-1508-41b1-b0fd-9fa975eef5fc/datanode-3/data/ratis/883ee10d-d1a7-4e31-bf4d-493ddf71656a/in_use.lock acquired by nodename 1396@pr-hdds-1569-58hkm-1881083799
2019-09-12 10:31:23,406 [c9031a36-5f7c-4098-8bea-8a46141708a6:group-775A736A8547:LeaderElection15] INFO  impl.LeaderElection (LeaderElection.java:askForVotes(181)) - c9031a36-5f7c-4098-8bea-8a46141708a6:group-775A736A8547:LeaderElection15: begin an election at term 1 for -1: [c9031a36-5f7c-4098-8bea-8a46141708a6:192.168.36.114:41797], old=null
2019-09-12 10:31:23,406 [c9031a36-5f7c-4098-8bea-8a46141708a6:group-775A736A8547:LeaderElection15] INFO  impl.RoleInfo (RoleInfo.java:shutdownLeaderElection(134)) - c9031a36-5f7c-4098-8bea-8a46141708a6: shutdown LeaderElection
2019-09-12 10:31:23,406 [c9031a36-5f7c-4098-8bea-8a46141708a6:group-775A736A8547:LeaderElection15] INFO  impl.RaftServerImpl (RaftServerImpl.java:setRole(171)) - c9031a36-5f7c-4098-8bea-8a46141708a6:group-775A736A8547 changes role from CANDIDATE to LEADER at term 1 for changeToLeader
2019-09-12 10:31:23,407 [c9031a36-5f7c-4098-8bea-8a46141708a6:group-775A736A8547:LeaderElection15] INFO  impl.RaftServerImpl (ServerState.java:setLeader(263)) - c9031a36-5f7c-4098-8bea-8a46141708a6:group-775A736A8547 change Leader from null to c9031a36-5f7c-4098-8bea-8a46141708a6 at term 1 for becomeLeader, leader elected after 1068ms
2019-09-12 10:31:23,407 [c9031a36-5f7c-4098-8bea-8a46141708a6:group-775A736A8547:LeaderElection15] INFO  server.RaftServerConfigKeys (ConfUtils.java:logGet(43)) - raft.server.staging.catchup.gap = 1000 (default)
2019-09-12 10:31:23,407 [c9031a36-5f7c-4098-8bea-8a46141708a6:group-775A736A8547:LeaderElection15] INFO  server.RaftServerConfigKeys (ConfUtils.java:logGet(43)) - raft.server.rpc.sleep.time = 25ms (default)
2019-09-12 10:31:23,407 [c9031a36-5f7c-4098-8bea-8a46141708a6:group-775A736A8547:LeaderElection15] INFO  server.RaftServerConfigKeys (ConfUtils.java:logGet(43)) - raft.server.write.element-limit = 4096 (default)
2019-09-12 10:31:23,407 [c9031a36-5f7c-4098-8bea-8a46141708a6:group-775A736A8547:LeaderElection15] INFO  server.RaftServerConfigKeys (ConfUtils.java:logGet(43)) - raft.server.watch.timeout = 10s (default)
2019-09-12 10:31:23,407 [c9031a36-5f7c-4098-8bea-8a46141708a6:group-775A736A8547:LeaderElection15] INFO  server.RaftServerConfigKeys (ConfUtils.java:logGet(43)) - raft.server.watch.timeout.denomination = 1s (default)
2019-09-12 10:31:23,407 [c9031a36-5f7c-4098-8bea-8a46141708a6:group-775A736A8547:LeaderElection15] INFO  server.RaftServerConfigKeys (ConfUtils.java:logGet(43)) - raft.server.watch.element-limit = 65536 (default)
2019-09-12 10:31:23,408 [c9031a36-5f7c-4098-8bea-8a46141708a6:group-775A736A8547:LeaderElection15] INFO  impl.RoleInfo (RoleInfo.java:updateAndGet(143)) - c9031a36-5f7c-4098-8bea-8a46141708a6: start LeaderState
2019-09-12 10:31:23,408 [c9031a36-5f7c-4098-8bea-8a46141708a6:group-775A736A8547:LeaderElection15] INFO  segmented.SegmentedRaftLogWorker (SegmentedRaftLogWorker.java:startLogSegment(380)) - c9031a36-5f7c-4098-8bea-8a46141708a6-SegmentedRaftLogWorker:Storage Directory /workdir/hadoop-ozone/integration-test/target/test-dir/MiniOzoneClusterImpl-b2817a3f-1508-41b1-b0fd-9fa975eef5fc/datanode-0/data/ratis/61359740-f739-4a04-9878-775a736a8547: Starting segment from index:0
2019-09-12 10:31:23,408 [c9031a36-5f7c-4098-8bea-8a46141708a6:group-775A736A8547:LeaderElection15] INFO  impl.RaftServerImpl (ServerState.java:setRaftConf(361)) - c9031a36-5f7c-4098-8bea-8a46141708a6:group-775A736A8547 set configuration 0: [c9031a36-5f7c-4098-8bea-8a46141708a6:192.168.36.114:41797], old=null at 0
2019-09-12 10:31:23,435 [pool-60-thread-1] INFO  storage.RaftStorage (RaftStorage.java:format(72)) - Storage directory /workdir/hadoop-ozone/integration-test/target/test-dir/MiniOzoneClusterImpl-b2817a3f-1508-41b1-b0fd-9fa975eef5fc/datanode-3/data/ratis/883ee10d-d1a7-4e31-bf4d-493ddf71656a has been successfully formatted.
2019-09-12 10:31:23,435 [pool-60-thread-1] INFO  ratis.ContainerStateMachine (ContainerStateMachine.java:loadSnapshot(226)) - group-493DDF71656A: The snapshot info is null. Setting the last applied indexto:(t:0, i:~)
2019-09-12 10:31:23,435 [pool-60-thread-1] INFO  server.RaftServerConfigKeys (ConfUtils.java:logGet(43)) - raft.server.leader.election.timeout = 120s (custom)
2019-09-12 10:31:23,436 [pool-60-thread-1] INFO  server.RaftServerConfigKeys (ConfUtils.java:logGet(43)) - raft.server.log.use.memory = false (default)
2019-09-12 10:31:23,436 [pool-60-thread-1] INFO  server.RaftServerConfigKeys (ConfUtils.java:logGet(43)) - raft.server.log.purge.gap = 1000000 (custom)
2019-09-12 10:31:23,436 [pool-60-thread-1] INFO  server.RaftServerConfigKeys (ConfUtils.java:logGet(43)) - raft.server.log.appender.buffer.byte-limit = 33554432 (custom)
2019-09-12 10:31:23,436 [pool-60-thread-1] INFO  server.RaftServerConfigKeys (ConfUtils.java:logGet(43)) - raft.server.log.segment.size.max = 1048576 (custom)
2019-09-12 10:31:23,436 [pool-60-thread-1] INFO  server.RaftServerConfigKeys (ConfUtils.java:logGet(43)) - raft.server.log.segment.cache.num.max = 2 (custom)
2019-09-12 10:31:23,436 [pool-60-thread-1] INFO  segmented.SegmentedRaftLogWorker (SegmentedRaftLogWorker.java:<init>(172)) - new f17b4253-95a0-4ee6-8ded-88f070f15b33-SegmentedRaftLogWorker:Storage Directory /workdir/hadoop-ozone/integration-test/target/test-dir/MiniOzoneClusterImpl-b2817a3f-1508-41b1-b0fd-9fa975eef5fc/datanode-3/data/ratis/883ee10d-d1a7-4e31-bf4d-493ddf71656a for RaftStorage:Storage Directory /workdir/hadoop-ozone/integration-test/target/test-dir/MiniOzoneClusterImpl-b2817a3f-1508-41b1-b0fd-9fa975eef5fc/datanode-3/data/ratis/883ee10d-d1a7-4e31-bf4d-493ddf71656a
2019-09-12 10:31:23,436 [pool-60-thread-1] INFO  server.RaftServerConfigKeys (ConfUtils.java:logGet(43)) - raft.server.log.queue.byte-limit = 2147483647 (custom)
2019-09-12 10:31:23,437 [pool-60-thread-1] INFO  server.RaftServerConfigKeys (ConfUtils.java:logGet(43)) - raft.server.log.queue.element-limit = 1024 (custom)
2019-09-12 10:31:23,437 [pool-60-thread-1] INFO  server.RaftServerConfigKeys (ConfUtils.java:logGet(43)) - raft.server.log.segment.size.max = 1048576 (custom)
2019-09-12 10:31:23,437 [pool-60-thread-1] INFO  server.RaftServerConfigKeys (ConfUtils.java:logGet(43)) - raft.server.log.preallocated.size = 16384 (custom)
2019-09-12 10:31:23,437 [pool-60-thread-1] INFO  server.RaftServerConfigKeys (ConfUtils.java:logGet(43)) - raft.server.log.write.buffer.size = 33554432 (custom)
2019-09-12 10:31:23,437 [pool-60-thread-1] INFO  server.RaftServerConfigKeys (ConfUtils.java:logGet(43)) - raft.server.log.force.sync.num = 128 (default)
2019-09-12 10:31:23,437 [pool-60-thread-1] INFO  server.RaftServerConfigKeys (ConfUtils.java:logGet(43)) - raft.server.log.statemachine.data.sync = true (default)
2019-09-12 10:31:23,437 [pool-60-thread-1] INFO  server.RaftServerConfigKeys (ConfUtils.java:logGet(43)) - raft.server.log.statemachine.data.sync.timeout = 10s (default)
2019-09-12 10:31:23,438 [pool-60-thread-1] INFO  server.RaftServerConfigKeys (ConfUtils.java:logGet(43)) - raft.server.log.statemachine.data.sync.timeout.retry = -1 (default)
2019-09-12 10:31:23,438 [pool-60-thread-1] INFO  server.RaftServerConfigKeys (ConfUtils.java:logGet(43)) - raft.server.log.statemachine.data.caching.enabled = true (custom)
2019-09-12 10:31:23,438 [pool-60-thread-1] INFO  segmented.SegmentedRaftLogWorker (SegmentedRaftLogWorker.java:lambda$new$0(132)) - f17b4253-95a0-4ee6-8ded-88f070f15b33-SegmentedRaftLogWorker:Storage Directory /workdir/hadoop-ozone/integration-test/target/test-dir/MiniOzoneClusterImpl-b2817a3f-1508-41b1-b0fd-9fa975eef5fc/datanode-3/data/ratis/883ee10d-d1a7-4e31-bf4d-493ddf71656a: flushIndex: setUnconditionally 0 -> -1
2019-09-12 10:31:23,438 [pool-60-thread-1] INFO  server.RaftServerConfigKeys (ConfUtils.java:logGet(43)) - raft.server.snapshot.auto.trigger.enabled = true (custom)
2019-09-12 10:31:23,439 [pool-60-thread-1] INFO  server.RaftServerConfigKeys (ConfUtils.java:logGet(43)) - raft.server.snapshot.auto.trigger.threshold = 10000 (custom)
2019-09-12 10:31:23,439 [pool-60-thread-1] INFO  server.RaftServerConfigKeys (ConfUtils.java:logGet(43)) - raft.server.retrycache.expirytime = 600000ms (custom)
2019-09-12 10:31:23,439 [pool-60-thread-1] INFO  impl.RaftServerImpl (RaftServerImpl.java:start(180)) - f17b4253-95a0-4ee6-8ded-88f070f15b33: start group-493DDF71656A
2019-09-12 10:31:23,439 [pool-60-thread-1] INFO  impl.RaftServerImpl (RaftServerImpl.java:setRole(171)) - f17b4253-95a0-4ee6-8ded-88f070f15b33:group-493DDF71656A changes role from null to FOLLOWER at term 0 for startAsFollower
2019-09-12 10:31:23,439 [pool-60-thread-1] INFO  impl.RoleInfo (RoleInfo.java:updateAndGet(143)) - f17b4253-95a0-4ee6-8ded-88f070f15b33: start FollowerState
2019-09-12 10:31:23,440 [pool-60-thread-1] INFO  util.JmxRegister (JmxRegister.java:tryRegister(44)) - Successfully registered JMX Bean with object name Ratis:service=RaftServer,group=group-493DDF71656A,id=f17b4253-95a0-4ee6-8ded-88f070f15b33
2019-09-12 10:31:23,446 [RatisPipelineUtilsThread] INFO  pipeline.PipelineStateManager (PipelineStateManager.java:addPipeline(56)) - Created pipeline Pipeline[ Id: 883ee10d-d1a7-4e31-bf4d-493ddf71656a, Nodes: f17b4253-95a0-4ee6-8ded-88f070f15b33{ip: 192.168.36.114, host: pr-hdds-1569-58hkm-1881083799, networkLocation: /default-rack, certSerialId: null}, Type:RATIS, Factor:ONE, State:OPEN]
2019-09-12 10:31:23,453 [c9031a36-5f7c-4098-8bea-8a46141708a6-SegmentedRaftLogWorker:Storage Directory /workdir/hadoop-ozone/integration-test/target/test-dir/MiniOzoneClusterImpl-b2817a3f-1508-41b1-b0fd-9fa975eef5fc/datanode-0/data/ratis/61359740-f739-4a04-9878-775a736a8547] INFO  segmented.SegmentedRaftLogWorker (SegmentedRaftLogWorker.java:execute(569)) - c9031a36-5f7c-4098-8bea-8a46141708a6-SegmentedRaftLogWorker:Storage Directory /workdir/hadoop-ozone/integration-test/target/test-dir/MiniOzoneClusterImpl-b2817a3f-1508-41b1-b0fd-9fa975eef5fc/datanode-0/data/ratis/61359740-f739-4a04-9878-775a736a8547: created new log segment /workdir/hadoop-ozone/integration-test/target/test-dir/MiniOzoneClusterImpl-b2817a3f-1508-41b1-b0fd-9fa975eef5fc/datanode-0/data/ratis/61359740-f739-4a04-9878-775a736a8547/current/log_inprogress_0
2019-09-12 10:31:23,454 [RatisPipelineUtilsThread] ERROR pipeline.PipelinePlacementPolicy (PipelinePlacementPolicy.java:meetCriteria(92)) - Pipeline Placement: Doesn't meet the criteria to be viable node. Heaviness: 6
2019-09-12 10:31:23,454 [RatisPipelineUtilsThread] ERROR pipeline.PipelinePlacementPolicy (PipelinePlacementPolicy.java:meetCriteria(92)) - Pipeline Placement: Doesn't meet the criteria to be viable node. Heaviness: 6
2019-09-12 10:31:23,454 [RatisPipelineUtilsThread] ERROR pipeline.PipelinePlacementPolicy (PipelinePlacementPolicy.java:meetCriteria(92)) - Pipeline Placement: Doesn't meet the criteria to be viable node. Heaviness: 6
2019-09-12 10:31:23,465 [grpc-default-executor-0] INFO  impl.RaftServerProxy (RaftServerProxy.java:addNew(89)) - accf000b-d7b7-4fa5-9682-da82c4451e10: addNew group-3C3C218242CC:[accf000b-d7b7-4fa5-9682-da82c4451e10:192.168.36.114:36033] returns group-3C3C218242CC:java.util.concurrent.CompletableFuture@5eb37e31[Not completed]
2019-09-12 10:31:23,468 [pool-82-thread-1] INFO  impl.RaftServerImpl (RaftServerImpl.java:<init>(93)) - accf000b-d7b7-4fa5-9682-da82c4451e10: new RaftServerImpl for group-3C3C218242CC:[accf000b-d7b7-4fa5-9682-da82c4451e10:192.168.36.114:36033] with ContainerStateMachine:uninitialized
2019-09-12 10:31:23,468 [pool-82-thread-1] INFO  server.RaftServerConfigKeys (ConfUtils.java:logGet(43)) - raft.server.rpc.timeout.min = 1s (custom)
2019-09-12 10:31:23,468 [pool-82-thread-1] INFO  server.RaftServerConfigKeys (ConfUtils.java:logGet(43)) - raft.server.rpc.timeout.max = 1200ms (custom)
2019-09-12 10:31:23,468 [pool-82-thread-1] INFO  server.RaftServerConfigKeys (ConfUtils.java:logGet(43)) - raft.server.rpcslowness.timeout = 120s (custom)
2019-09-12 10:31:23,469 [pool-82-thread-1] INFO  server.RaftServerConfigKeys (ConfUtils.java:logGet(43)) - raft.server.sleep.deviation.threshold = 300 (default)
2019-09-12 10:31:23,469 [pool-82-thread-1] INFO  server.RaftServerConfigKeys (ConfUtils.java:logGet(43)) - raft.server.log.appender.install.snapshot.enabled = false (custom)
2019-09-12 10:31:23,469 [pool-82-thread-1] INFO  impl.RaftServerImpl (ServerState.java:<init>(105)) - accf000b-d7b7-4fa5-9682-da82c4451e10:group-3C3C218242CC ConfigurationManager, init=-1: [accf000b-d7b7-4fa5-9682-da82c4451e10:192.168.36.114:36033], old=null, confs=<EMPTY_MAP>
2019-09-12 10:31:23,469 [pool-82-thread-1] INFO  server.RaftServerConfigKeys (ConfUtils.java:logGet(43)) - raft.server.storage.dir = [/workdir/hadoop-ozone/integration-test/target/test-dir/MiniOzoneClusterImpl-b2817a3f-1508-41b1-b0fd-9fa975eef5fc/datanode-5/data/ratis] (custom)
2019-09-12 10:31:23,469 [pool-82-thread-1] INFO  storage.RaftStorageDirectory (RaftStorageDirectory.java:analyzeStorage(246)) - The storage directory /workdir/hadoop-ozone/integration-test/target/test-dir/MiniOzoneClusterImpl-b2817a3f-1508-41b1-b0fd-9fa975eef5fc/datanode-5/data/ratis/5e4778b0-215b-47e4-a85b-3c3c218242cc does not exist. Creating ...
2019-09-12 10:31:23,482 [pool-82-thread-1] INFO  storage.RaftStorageDirectory (RaftStorageDirectory.java:tryLock(328)) - Lock on /workdir/hadoop-ozone/integration-test/target/test-dir/MiniOzoneClusterImpl-b2817a3f-1508-41b1-b0fd-9fa975eef5fc/datanode-5/data/ratis/5e4778b0-215b-47e4-a85b-3c3c218242cc/in_use.lock acquired by nodename 1396@pr-hdds-1569-58hkm-1881083799
2019-09-12 10:31:23,495 [pool-82-thread-1] INFO  storage.RaftStorage (RaftStorage.java:format(72)) - Storage directory /workdir/hadoop-ozone/integration-test/target/test-dir/MiniOzoneClusterImpl-b2817a3f-1508-41b1-b0fd-9fa975eef5fc/datanode-5/data/ratis/5e4778b0-215b-47e4-a85b-3c3c218242cc has been successfully formatted.
2019-09-12 10:31:23,495 [pool-82-thread-1] INFO  ratis.ContainerStateMachine (ContainerStateMachine.java:loadSnapshot(226)) - group-3C3C218242CC: The snapshot info is null. Setting the last applied indexto:(t:0, i:~)
2019-09-12 10:31:23,495 [pool-82-thread-1] INFO  server.RaftServerConfigKeys (ConfUtils.java:logGet(43)) - raft.server.leader.election.timeout = 120s (custom)
2019-09-12 10:31:23,496 [pool-82-thread-1] INFO  server.RaftServerConfigKeys (ConfUtils.java:logGet(43)) - raft.server.log.use.memory = false (default)
2019-09-12 10:31:23,496 [pool-82-thread-1] INFO  server.RaftServerConfigKeys (ConfUtils.java:logGet(43)) - raft.server.log.purge.gap = 1000000 (custom)
2019-09-12 10:31:23,496 [pool-82-thread-1] INFO  server.RaftServerConfigKeys (ConfUtils.java:logGet(43)) - raft.server.log.appender.buffer.byte-limit = 33554432 (custom)
2019-09-12 10:31:23,496 [pool-82-thread-1] INFO  server.RaftServerConfigKeys (ConfUtils.java:logGet(43)) - raft.server.log.segment.size.max = 1048576 (custom)
2019-09-12 10:31:23,496 [pool-82-thread-1] INFO  server.RaftServerConfigKeys (ConfUtils.java:logGet(43)) - raft.server.log.segment.cache.num.max = 2 (custom)
2019-09-12 10:31:23,496 [pool-82-thread-1] INFO  segmented.SegmentedRaftLogWorker (SegmentedRaftLogWorker.java:<init>(172)) - new accf000b-d7b7-4fa5-9682-da82c4451e10-SegmentedRaftLogWorker:Storage Directory /workdir/hadoop-ozone/integration-test/target/test-dir/MiniOzoneClusterImpl-b2817a3f-1508-41b1-b0fd-9fa975eef5fc/datanode-5/data/ratis/5e4778b0-215b-47e4-a85b-3c3c218242cc for RaftStorage:Storage Directory /workdir/hadoop-ozone/integration-test/target/test-dir/MiniOzoneClusterImpl-b2817a3f-1508-41b1-b0fd-9fa975eef5fc/datanode-5/data/ratis/5e4778b0-215b-47e4-a85b-3c3c218242cc
2019-09-12 10:31:23,496 [pool-82-thread-1] INFO  server.RaftServerConfigKeys (ConfUtils.java:logGet(43)) - raft.server.log.queue.byte-limit = 2147483647 (custom)
2019-09-12 10:31:23,497 [pool-82-thread-1] INFO  server.RaftServerConfigKeys (ConfUtils.java:logGet(43)) - raft.server.log.queue.element-limit = 1024 (custom)
2019-09-12 10:31:23,497 [pool-82-thread-1] INFO  server.RaftServerConfigKeys (ConfUtils.java:logGet(43)) - raft.server.log.segment.size.max = 1048576 (custom)
2019-09-12 10:31:23,497 [pool-82-thread-1] INFO  server.RaftServerConfigKeys (ConfUtils.java:logGet(43)) - raft.server.log.preallocated.size = 16384 (custom)
2019-09-12 10:31:23,497 [pool-82-thread-1] INFO  server.RaftServerConfigKeys (ConfUtils.java:logGet(43)) - raft.server.log.write.buffer.size = 33554432 (custom)
2019-09-12 10:31:23,497 [pool-82-thread-1] INFO  server.RaftServerConfigKeys (ConfUtils.java:logGet(43)) - raft.server.log.force.sync.num = 128 (default)
2019-09-12 10:31:23,497 [pool-82-thread-1] INFO  server.RaftServerConfigKeys (ConfUtils.java:logGet(43)) - raft.server.log.statemachine.data.sync = true (default)
2019-09-12 10:31:23,497 [pool-82-thread-1] INFO  server.RaftServerConfigKeys (ConfUtils.java:logGet(43)) - raft.server.log.statemachine.data.sync.timeout = 10s (default)
2019-09-12 10:31:23,498 [pool-82-thread-1] INFO  server.RaftServerConfigKeys (ConfUtils.java:logGet(43)) - raft.server.log.statemachine.data.sync.timeout.retry = -1 (default)
2019-09-12 10:31:23,498 [pool-82-thread-1] INFO  server.RaftServerConfigKeys (ConfUtils.java:logGet(43)) - raft.server.log.statemachine.data.caching.enabled = true (custom)
2019-09-12 10:31:23,498 [pool-82-thread-1] INFO  segmented.SegmentedRaftLogWorker (SegmentedRaftLogWorker.java:lambda$new$0(132)) - accf000b-d7b7-4fa5-9682-da82c4451e10-SegmentedRaftLogWorker:Storage Directory /workdir/hadoop-ozone/integration-test/target/test-dir/MiniOzoneClusterImpl-b2817a3f-1508-41b1-b0fd-9fa975eef5fc/datanode-5/data/ratis/5e4778b0-215b-47e4-a85b-3c3c218242cc: flushIndex: setUnconditionally 0 -> -1
2019-09-12 10:31:23,498 [pool-82-thread-1] INFO  server.RaftServerConfigKeys (ConfUtils.java:logGet(43)) - raft.server.snapshot.auto.trigger.enabled = true (custom)
2019-09-12 10:31:23,499 [pool-82-thread-1] INFO  server.RaftServerConfigKeys (ConfUtils.java:logGet(43)) - raft.server.snapshot.auto.trigger.threshold = 10000 (custom)
2019-09-12 10:31:23,499 [pool-82-thread-1] INFO  server.RaftServerConfigKeys (ConfUtils.java:logGet(43)) - raft.server.retrycache.expirytime = 600000ms (custom)
2019-09-12 10:31:23,499 [pool-82-thread-1] INFO  impl.RaftServerImpl (RaftServerImpl.java:start(180)) - accf000b-d7b7-4fa5-9682-da82c4451e10: start group-3C3C218242CC
2019-09-12 10:31:23,499 [pool-82-thread-1] INFO  impl.RaftServerImpl (RaftServerImpl.java:setRole(171)) - accf000b-d7b7-4fa5-9682-da82c4451e10:group-3C3C218242CC changes role from null to FOLLOWER at term 0 for startAsFollower
2019-09-12 10:31:23,499 [pool-82-thread-1] INFO  impl.RoleInfo (RoleInfo.java:updateAndGet(143)) - accf000b-d7b7-4fa5-9682-da82c4451e10: start FollowerState
2019-09-12 10:31:23,500 [pool-82-thread-1] INFO  util.JmxRegister (JmxRegister.java:tryRegister(44)) - Successfully registered JMX Bean with object name Ratis:service=RaftServer,group=group-3C3C218242CC,id=accf000b-d7b7-4fa5-9682-da82c4451e10
2019-09-12 10:31:23,504 [RatisPipelineUtilsThread] INFO  pipeline.PipelineStateManager (PipelineStateManager.java:addPipeline(56)) - Created pipeline Pipeline[ Id: 5e4778b0-215b-47e4-a85b-3c3c218242cc, Nodes: accf000b-d7b7-4fa5-9682-da82c4451e10{ip: 192.168.36.114, host: pr-hdds-1569-58hkm-1881083799, networkLocation: /default-rack, certSerialId: null}, Type:RATIS, Factor:ONE, State:OPEN]
2019-09-12 10:31:23,505 [RatisPipelineUtilsThread] ERROR pipeline.PipelinePlacementPolicy (PipelinePlacementPolicy.java:meetCriteria(92)) - Pipeline Placement: Doesn't meet the criteria to be viable node. Heaviness: 6
2019-09-12 10:31:23,505 [RatisPipelineUtilsThread] ERROR pipeline.PipelinePlacementPolicy (PipelinePlacementPolicy.java:meetCriteria(92)) - Pipeline Placement: Doesn't meet the criteria to be viable node. Heaviness: 6
2019-09-12 10:31:23,505 [RatisPipelineUtilsThread] ERROR pipeline.PipelinePlacementPolicy (PipelinePlacementPolicy.java:meetCriteria(92)) - Pipeline Placement: Doesn't meet the criteria to be viable node. Heaviness: 6
2019-09-12 10:31:23,514 [grpc-default-executor-0] INFO  impl.RaftServerProxy (RaftServerProxy.java:addNew(89)) - accf000b-d7b7-4fa5-9682-da82c4451e10: addNew group-5A18B4FB83F4:[accf000b-d7b7-4fa5-9682-da82c4451e10:192.168.36.114:36033] returns group-5A18B4FB83F4:java.util.concurrent.CompletableFuture@63448b6c[Not completed]
2019-09-12 10:31:23,515 [pool-82-thread-1] INFO  impl.RaftServerImpl (RaftServerImpl.java:<init>(93)) - accf000b-d7b7-4fa5-9682-da82c4451e10: new RaftServerImpl for group-5A18B4FB83F4:[accf000b-d7b7-4fa5-9682-da82c4451e10:192.168.36.114:36033] with ContainerStateMachine:uninitialized
2019-09-12 10:31:23,515 [pool-82-thread-1] INFO  server.RaftServerConfigKeys (ConfUtils.java:logGet(43)) - raft.server.rpc.timeout.min = 1s (custom)
2019-09-12 10:31:23,515 [pool-82-thread-1] INFO  server.RaftServerConfigKeys (ConfUtils.java:logGet(43)) - raft.server.rpc.timeout.max = 1200ms (custom)
2019-09-12 10:31:23,515 [pool-82-thread-1] INFO  server.RaftServerConfigKeys (ConfUtils.java:logGet(43)) - raft.server.rpcslowness.timeout = 120s (custom)
2019-09-12 10:31:23,515 [pool-82-thread-1] INFO  server.RaftServerConfigKeys (ConfUtils.java:logGet(43)) - raft.server.sleep.deviation.threshold = 300 (default)
2019-09-12 10:31:23,515 [pool-82-thread-1] INFO  server.RaftServerConfigKeys (ConfUtils.java:logGet(43)) - raft.server.log.appender.install.snapshot.enabled = false (custom)
2019-09-12 10:31:23,515 [pool-82-thread-1] INFO  impl.RaftServerImpl (ServerState.java:<init>(105)) - accf000b-d7b7-4fa5-9682-da82c4451e10:group-5A18B4FB83F4 ConfigurationManager, init=-1: [accf000b-d7b7-4fa5-9682-da82c4451e10:192.168.36.114:36033], old=null, confs=<EMPTY_MAP>
2019-09-12 10:31:23,515 [pool-82-thread-1] INFO  server.RaftServerConfigKeys (ConfUtils.java:logGet(43)) - raft.server.storage.dir = [/workdir/hadoop-ozone/integration-test/target/test-dir/MiniOzoneClusterImpl-b2817a3f-1508-41b1-b0fd-9fa975eef5fc/datanode-5/data/ratis] (custom)
2019-09-12 10:31:23,516 [pool-82-thread-1] INFO  storage.RaftStorageDirectory (RaftStorageDirectory.java:analyzeStorage(246)) - The storage directory /workdir/hadoop-ozone/integration-test/target/test-dir/MiniOzoneClusterImpl-b2817a3f-1508-41b1-b0fd-9fa975eef5fc/datanode-5/data/ratis/b69d877c-41a7-4eb6-a196-5a18b4fb83f4 does not exist. Creating ...
2019-09-12 10:31:23,528 [pool-82-thread-1] INFO  storage.RaftStorageDirectory (RaftStorageDirectory.java:tryLock(328)) - Lock on /workdir/hadoop-ozone/integration-test/target/test-dir/MiniOzoneClusterImpl-b2817a3f-1508-41b1-b0fd-9fa975eef5fc/datanode-5/data/ratis/b69d877c-41a7-4eb6-a196-5a18b4fb83f4/in_use.lock acquired by nodename 1396@pr-hdds-1569-58hkm-1881083799
2019-09-12 10:31:23,540 [pool-82-thread-1] INFO  storage.RaftStorage (RaftStorage.java:format(72)) - Storage directory /workdir/hadoop-ozone/integration-test/target/test-dir/MiniOzoneClusterImpl-b2817a3f-1508-41b1-b0fd-9fa975eef5fc/datanode-5/data/ratis/b69d877c-41a7-4eb6-a196-5a18b4fb83f4 has been successfully formatted.
2019-09-12 10:31:23,541 [pool-82-thread-1] INFO  ratis.ContainerStateMachine (ContainerStateMachine.java:loadSnapshot(226)) - group-5A18B4FB83F4: The snapshot info is null. Setting the last applied indexto:(t:0, i:~)
2019-09-12 10:31:23,541 [pool-82-thread-1] INFO  server.RaftServerConfigKeys (ConfUtils.java:logGet(43)) - raft.server.leader.election.timeout = 120s (custom)
2019-09-12 10:31:23,541 [pool-82-thread-1] INFO  server.RaftServerConfigKeys (ConfUtils.java:logGet(43)) - raft.server.log.use.memory = false (default)
2019-09-12 10:31:23,541 [pool-82-thread-1] INFO  server.RaftServerConfigKeys (ConfUtils.java:logGet(43)) - raft.server.log.purge.gap = 1000000 (custom)
2019-09-12 10:31:23,541 [pool-82-thread-1] INFO  server.RaftServerConfigKeys (ConfUtils.java:logGet(43)) - raft.server.log.appender.buffer.byte-limit = 33554432 (custom)
2019-09-12 10:31:23,541 [pool-82-thread-1] INFO  server.RaftServerConfigKeys (ConfUtils.java:logGet(43)) - raft.server.log.segment.size.max = 1048576 (custom)
2019-09-12 10:31:23,541 [pool-82-thread-1] INFO  server.RaftServerConfigKeys (ConfUtils.java:logGet(43)) - raft.server.log.segment.cache.num.max = 2 (custom)
2019-09-12 10:31:23,541 [pool-82-thread-1] INFO  segmented.SegmentedRaftLogWorker (SegmentedRaftLogWorker.java:<init>(172)) - new accf000b-d7b7-4fa5-9682-da82c4451e10-SegmentedRaftLogWorker:Storage Directory /workdir/hadoop-ozone/integration-test/target/test-dir/MiniOzoneClusterImpl-b2817a3f-1508-41b1-b0fd-9fa975eef5fc/datanode-5/data/ratis/b69d877c-41a7-4eb6-a196-5a18b4fb83f4 for RaftStorage:Storage Directory /workdir/hadoop-ozone/integration-test/target/test-dir/MiniOzoneClusterImpl-b2817a3f-1508-41b1-b0fd-9fa975eef5fc/datanode-5/data/ratis/b69d877c-41a7-4eb6-a196-5a18b4fb83f4
2019-09-12 10:31:23,542 [pool-82-thread-1] INFO  server.RaftServerConfigKeys (ConfUtils.java:logGet(43)) - raft.server.log.queue.byte-limit = 2147483647 (custom)
2019-09-12 10:31:23,542 [pool-82-thread-1] INFO  server.RaftServerConfigKeys (ConfUtils.java:logGet(43)) - raft.server.log.queue.element-limit = 1024 (custom)
2019-09-12 10:31:23,542 [pool-82-thread-1] INFO  server.RaftServerConfigKeys (ConfUtils.java:logGet(43)) - raft.server.log.segment.size.max = 1048576 (custom)
2019-09-12 10:31:23,542 [pool-82-thread-1] INFO  server.RaftServerConfigKeys (ConfUtils.java:logGet(43)) - raft.server.log.preallocated.size = 16384 (custom)
2019-09-12 10:31:23,542 [pool-82-thread-1] INFO  server.RaftServerConfigKeys (ConfUtils.java:logGet(43)) - raft.server.log.write.buffer.size = 33554432 (custom)
2019-09-12 10:31:23,542 [pool-82-thread-1] INFO  server.RaftServerConfigKeys (ConfUtils.java:logGet(43)) - raft.server.log.force.sync.num = 128 (default)
2019-09-12 10:31:23,542 [pool-82-thread-1] INFO  server.RaftServerConfigKeys (ConfUtils.java:logGet(43)) - raft.server.log.statemachine.data.sync = true (default)
2019-09-12 10:31:23,542 [pool-82-thread-1] INFO  server.RaftServerConfigKeys (ConfUtils.java:logGet(43)) - raft.server.log.statemachine.data.sync.timeout = 10s (default)
2019-09-12 10:31:23,542 [pool-82-thread-1] INFO  server.RaftServerConfigKeys (ConfUtils.java:logGet(43)) - raft.server.log.statemachine.data.sync.timeout.retry = -1 (default)
2019-09-12 10:31:23,543 [pool-82-thread-1] INFO  server.RaftServerConfigKeys (ConfUtils.java:logGet(43)) - raft.server.log.statemachine.data.caching.enabled = true (custom)
2019-09-12 10:31:23,543 [pool-82-thread-1] INFO  segmented.SegmentedRaftLogWorker (SegmentedRaftLogWorker.java:lambda$new$0(132)) - accf000b-d7b7-4fa5-9682-da82c4451e10-SegmentedRaftLogWorker:Storage Directory /workdir/hadoop-ozone/integration-test/target/test-dir/MiniOzoneClusterImpl-b2817a3f-1508-41b1-b0fd-9fa975eef5fc/datanode-5/data/ratis/b69d877c-41a7-4eb6-a196-5a18b4fb83f4: flushIndex: setUnconditionally 0 -> -1
2019-09-12 10:31:23,543 [pool-82-thread-1] INFO  server.RaftServerConfigKeys (ConfUtils.java:logGet(43)) - raft.server.snapshot.auto.trigger.enabled = true (custom)
2019-09-12 10:31:23,543 [pool-82-thread-1] INFO  server.RaftServerConfigKeys (ConfUtils.java:logGet(43)) - raft.server.snapshot.auto.trigger.threshold = 10000 (custom)
2019-09-12 10:31:23,543 [pool-82-thread-1] INFO  server.RaftServerConfigKeys (ConfUtils.java:logGet(43)) - raft.server.retrycache.expirytime = 600000ms (custom)
2019-09-12 10:31:23,544 [pool-82-thread-1] INFO  impl.RaftServerImpl (RaftServerImpl.java:start(180)) - accf000b-d7b7-4fa5-9682-da82c4451e10: start group-5A18B4FB83F4
2019-09-12 10:31:23,544 [pool-82-thread-1] INFO  impl.RaftServerImpl (RaftServerImpl.java:setRole(171)) - accf000b-d7b7-4fa5-9682-da82c4451e10:group-5A18B4FB83F4 changes role from null to FOLLOWER at term 0 for startAsFollower
2019-09-12 10:31:23,544 [pool-82-thread-1] INFO  impl.RoleInfo (RoleInfo.java:updateAndGet(143)) - accf000b-d7b7-4fa5-9682-da82c4451e10: start FollowerState
2019-09-12 10:31:23,544 [pool-82-thread-1] INFO  util.JmxRegister (JmxRegister.java:tryRegister(44)) - Successfully registered JMX Bean with object name Ratis:service=RaftServer,group=group-5A18B4FB83F4,id=accf000b-d7b7-4fa5-9682-da82c4451e10
2019-09-12 10:31:23,550 [RatisPipelineUtilsThread] INFO  pipeline.PipelineStateManager (PipelineStateManager.java:addPipeline(56)) - Created pipeline Pipeline[ Id: b69d877c-41a7-4eb6-a196-5a18b4fb83f4, Nodes: accf000b-d7b7-4fa5-9682-da82c4451e10{ip: 192.168.36.114, host: pr-hdds-1569-58hkm-1881083799, networkLocation: /default-rack, certSerialId: null}, Type:RATIS, Factor:ONE, State:OPEN]
2019-09-12 10:31:23,550 [RatisPipelineUtilsThread] ERROR pipeline.PipelinePlacementPolicy (PipelinePlacementPolicy.java:meetCriteria(92)) - Pipeline Placement: Doesn't meet the criteria to be viable node. Heaviness: 6
2019-09-12 10:31:23,550 [RatisPipelineUtilsThread] ERROR pipeline.PipelinePlacementPolicy (PipelinePlacementPolicy.java:meetCriteria(92)) - Pipeline Placement: Doesn't meet the criteria to be viable node. Heaviness: 6
2019-09-12 10:31:23,550 [RatisPipelineUtilsThread] ERROR pipeline.PipelinePlacementPolicy (PipelinePlacementPolicy.java:meetCriteria(92)) - Pipeline Placement: Doesn't meet the criteria to be viable node. Heaviness: 6
2019-09-12 10:31:23,550 [Thread-294] INFO  impl.FollowerState (FollowerState.java:run(106)) - eaeff1e2-de9c-4510-872d-283eb6c3c330:group-869C0F0624A2 changes to CANDIDATE, lastRpcTime:1146, electionTimeout:1146ms
2019-09-12 10:31:23,551 [Thread-294] INFO  impl.RoleInfo (RoleInfo.java:shutdownFollowerState(121)) - eaeff1e2-de9c-4510-872d-283eb6c3c330: shutdown FollowerState
2019-09-12 10:31:23,551 [Thread-294] INFO  impl.RaftServerImpl (RaftServerImpl.java:setRole(171)) - eaeff1e2-de9c-4510-872d-283eb6c3c330:group-869C0F0624A2 changes role from FOLLOWER to CANDIDATE at term 0 for changeToCandidate
2019-09-12 10:31:23,551 [Thread-294] INFO  impl.RoleInfo (RoleInfo.java:updateAndGet(143)) - eaeff1e2-de9c-4510-872d-283eb6c3c330: start LeaderElection
2019-09-12 10:31:23,563 [eaeff1e2-de9c-4510-872d-283eb6c3c330:group-869C0F0624A2:LeaderElection16] INFO  impl.LeaderElection (LeaderElection.java:askForVotes(181)) - eaeff1e2-de9c-4510-872d-283eb6c3c330:group-869C0F0624A2:LeaderElection16: begin an election at term 1 for -1: [eaeff1e2-de9c-4510-872d-283eb6c3c330:192.168.36.114:37393], old=null
2019-09-12 10:31:23,563 [eaeff1e2-de9c-4510-872d-283eb6c3c330:group-869C0F0624A2:LeaderElection16] INFO  impl.RoleInfo (RoleInfo.java:shutdownLeaderElection(134)) - eaeff1e2-de9c-4510-872d-283eb6c3c330: shutdown LeaderElection
2019-09-12 10:31:23,563 [grpc-default-executor-0] INFO  impl.RaftServerProxy (RaftServerProxy.java:addNew(89)) - 39df7a3f-9691-48d4-a2b1-6888489a5f8a: addNew group-E840F6E7A742:[39df7a3f-9691-48d4-a2b1-6888489a5f8a:192.168.36.114:35493] returns group-E840F6E7A742:java.util.concurrent.CompletableFuture@743b7206[Not completed]
2019-09-12 10:31:23,563 [eaeff1e2-de9c-4510-872d-283eb6c3c330:group-869C0F0624A2:LeaderElection16] INFO  impl.RaftServerImpl (RaftServerImpl.java:setRole(171)) - eaeff1e2-de9c-4510-872d-283eb6c3c330:group-869C0F0624A2 changes role from CANDIDATE to LEADER at term 1 for changeToLeader
2019-09-12 10:31:23,564 [eaeff1e2-de9c-4510-872d-283eb6c3c330:group-869C0F0624A2:LeaderElection16] INFO  impl.RaftServerImpl (ServerState.java:setLeader(263)) - eaeff1e2-de9c-4510-872d-283eb6c3c330:group-869C0F0624A2 change Leader from null to eaeff1e2-de9c-4510-872d-283eb6c3c330 at term 1 for becomeLeader, leader elected after 1164ms
2019-09-12 10:31:23,564 [eaeff1e2-de9c-4510-872d-283eb6c3c330:group-869C0F0624A2:LeaderElection16] INFO  server.RaftServerConfigKeys (ConfUtils.java:logGet(43)) - raft.server.staging.catchup.gap = 1000 (default)
2019-09-12 10:31:23,564 [eaeff1e2-de9c-4510-872d-283eb6c3c330:group-869C0F0624A2:LeaderElection16] INFO  server.RaftServerConfigKeys (ConfUtils.java:logGet(43)) - raft.server.rpc.sleep.time = 25ms (default)
2019-09-12 10:31:23,564 [eaeff1e2-de9c-4510-872d-283eb6c3c330:group-869C0F0624A2:LeaderElection16] INFO  server.RaftServerConfigKeys (ConfUtils.java:logGet(43)) - raft.server.write.element-limit = 4096 (default)
2019-09-12 10:31:23,564 [eaeff1e2-de9c-4510-872d-283eb6c3c330:group-869C0F0624A2:LeaderElection16] INFO  server.RaftServerConfigKeys (ConfUtils.java:logGet(43)) - raft.server.watch.timeout = 10s (default)
2019-09-12 10:31:23,564 [eaeff1e2-de9c-4510-872d-283eb6c3c330:group-869C0F0624A2:LeaderElection16] INFO  server.RaftServerConfigKeys (ConfUtils.java:logGet(43)) - raft.server.watch.timeout.denomination = 1s (default)
2019-09-12 10:31:23,564 [eaeff1e2-de9c-4510-872d-283eb6c3c330:group-869C0F0624A2:LeaderElection16] INFO  server.RaftServerConfigKeys (ConfUtils.java:logGet(43)) - raft.server.watch.element-limit = 65536 (default)
2019-09-12 10:31:23,565 [pool-71-thread-1] INFO  impl.RaftServerImpl (RaftServerImpl.java:<init>(93)) - 39df7a3f-9691-48d4-a2b1-6888489a5f8a: new RaftServerImpl for group-E840F6E7A742:[39df7a3f-9691-48d4-a2b1-6888489a5f8a:192.168.36.114:35493] with ContainerStateMachine:uninitialized
2019-09-12 10:31:23,565 [eaeff1e2-de9c-4510-872d-283eb6c3c330:group-869C0F0624A2:LeaderElection16] INFO  impl.RoleInfo (RoleInfo.java:updateAndGet(143)) - eaeff1e2-de9c-4510-872d-283eb6c3c330: start LeaderState
2019-09-12 10:31:23,565 [pool-71-thread-1] INFO  server.RaftServerConfigKeys (ConfUtils.java:logGet(43)) - raft.server.rpc.timeout.min = 1s (custom)
2019-09-12 10:31:23,565 [pool-71-thread-1] INFO  server.RaftServerConfigKeys (ConfUtils.java:logGet(43)) - raft.server.rpc.timeout.max = 1200ms (custom)
2019-09-12 10:31:23,565 [eaeff1e2-de9c-4510-872d-283eb6c3c330:group-869C0F0624A2:LeaderElection16] INFO  segmented.SegmentedRaftLogWorker (SegmentedRaftLogWorker.java:startLogSegment(380)) - eaeff1e2-de9c-4510-872d-283eb6c3c330-SegmentedRaftLogWorker:Storage Directory /workdir/hadoop-ozone/integration-test/target/test-dir/MiniOzoneClusterImpl-b2817a3f-1508-41b1-b0fd-9fa975eef5fc/datanode-2/data/ratis/2b1aa338-2d86-4c93-a67a-869c0f0624a2: Starting segment from index:0
2019-09-12 10:31:23,565 [pool-71-thread-1] INFO  server.RaftServerConfigKeys (ConfUtils.java:logGet(43)) - raft.server.rpcslowness.timeout = 120s (custom)
2019-09-12 10:31:23,565 [pool-71-thread-1] INFO  server.RaftServerConfigKeys (ConfUtils.java:logGet(43)) - raft.server.sleep.deviation.threshold = 300 (default)
2019-09-12 10:31:23,565 [pool-71-thread-1] INFO  server.RaftServerConfigKeys (ConfUtils.java:logGet(43)) - raft.server.log.appender.install.snapshot.enabled = false (custom)
2019-09-12 10:31:23,565 [eaeff1e2-de9c-4510-872d-283eb6c3c330:group-869C0F0624A2:LeaderElection16] INFO  impl.RaftServerImpl (ServerState.java:setRaftConf(361)) - eaeff1e2-de9c-4510-872d-283eb6c3c330:group-869C0F0624A2 set configuration 0: [eaeff1e2-de9c-4510-872d-283eb6c3c330:192.168.36.114:37393], old=null at 0
2019-09-12 10:31:23,565 [pool-71-thread-1] INFO  impl.RaftServerImpl (ServerState.java:<init>(105)) - 39df7a3f-9691-48d4-a2b1-6888489a5f8a:group-E840F6E7A742 ConfigurationManager, init=-1: [39df7a3f-9691-48d4-a2b1-6888489a5f8a:192.168.36.114:35493], old=null, confs=<EMPTY_MAP>
2019-09-12 10:31:23,591 [pool-71-thread-1] INFO  server.RaftServerConfigKeys (ConfUtils.java:logGet(43)) - raft.server.storage.dir = [/workdir/hadoop-ozone/integration-test/target/test-dir/MiniOzoneClusterImpl-b2817a3f-1508-41b1-b0fd-9fa975eef5fc/datanode-4/data/ratis] (custom)
2019-09-12 10:31:23,591 [pool-71-thread-1] INFO  storage.RaftStorageDirectory (RaftStorageDirectory.java:analyzeStorage(246)) - The storage directory /workdir/hadoop-ozone/integration-test/target/test-dir/MiniOzoneClusterImpl-b2817a3f-1508-41b1-b0fd-9fa975eef5fc/datanode-4/data/ratis/d0f13cfc-1b98-4b33-83e7-e840f6e7a742 does not exist. Creating ...
2019-09-12 10:31:23,604 [pool-71-thread-1] INFO  storage.RaftStorageDirectory (RaftStorageDirectory.java:tryLock(328)) - Lock on /workdir/hadoop-ozone/integration-test/target/test-dir/MiniOzoneClusterImpl-b2817a3f-1508-41b1-b0fd-9fa975eef5fc/datanode-4/data/ratis/d0f13cfc-1b98-4b33-83e7-e840f6e7a742/in_use.lock acquired by nodename 1396@pr-hdds-1569-58hkm-1881083799
2019-09-12 10:31:23,604 [eaeff1e2-de9c-4510-872d-283eb6c3c330-SegmentedRaftLogWorker:Storage Directory /workdir/hadoop-ozone/integration-test/target/test-dir/MiniOzoneClusterImpl-b2817a3f-1508-41b1-b0fd-9fa975eef5fc/datanode-2/data/ratis/2b1aa338-2d86-4c93-a67a-869c0f0624a2] INFO  segmented.SegmentedRaftLogWorker (SegmentedRaftLogWorker.java:execute(569)) - eaeff1e2-de9c-4510-872d-283eb6c3c330-SegmentedRaftLogWorker:Storage Directory /workdir/hadoop-ozone/integration-test/target/test-dir/MiniOzoneClusterImpl-b2817a3f-1508-41b1-b0fd-9fa975eef5fc/datanode-2/data/ratis/2b1aa338-2d86-4c93-a67a-869c0f0624a2: created new log segment /workdir/hadoop-ozone/integration-test/target/test-dir/MiniOzoneClusterImpl-b2817a3f-1508-41b1-b0fd-9fa975eef5fc/datanode-2/data/ratis/2b1aa338-2d86-4c93-a67a-869c0f0624a2/current/log_inprogress_0
2019-09-12 10:31:23,617 [pool-71-thread-1] INFO  storage.RaftStorage (RaftStorage.java:format(72)) - Storage directory /workdir/hadoop-ozone/integration-test/target/test-dir/MiniOzoneClusterImpl-b2817a3f-1508-41b1-b0fd-9fa975eef5fc/datanode-4/data/ratis/d0f13cfc-1b98-4b33-83e7-e840f6e7a742 has been successfully formatted.
2019-09-12 10:31:23,618 [pool-71-thread-1] INFO  ratis.ContainerStateMachine (ContainerStateMachine.java:loadSnapshot(226)) - group-E840F6E7A742: The snapshot info is null. Setting the last applied indexto:(t:0, i:~)
2019-09-12 10:31:23,618 [pool-71-thread-1] INFO  server.RaftServerConfigKeys (ConfUtils.java:logGet(43)) - raft.server.leader.election.timeout = 120s (custom)
2019-09-12 10:31:23,618 [pool-71-thread-1] INFO  server.RaftServerConfigKeys (ConfUtils.java:logGet(43)) - raft.server.log.use.memory = false (default)
2019-09-12 10:31:23,618 [pool-71-thread-1] INFO  server.RaftServerConfigKeys (ConfUtils.java:logGet(43)) - raft.server.log.purge.gap = 1000000 (custom)
2019-09-12 10:31:23,618 [pool-71-thread-1] INFO  server.RaftServerConfigKeys (ConfUtils.java:logGet(43)) - raft.server.log.appender.buffer.byte-limit = 33554432 (custom)
2019-09-12 10:31:23,619 [pool-71-thread-1] INFO  server.RaftServerConfigKeys (ConfUtils.java:logGet(43)) - raft.server.log.segment.size.max = 1048576 (custom)
2019-09-12 10:31:23,619 [pool-71-thread-1] INFO  server.RaftServerConfigKeys (ConfUtils.java:logGet(43)) - raft.server.log.segment.cache.num.max = 2 (custom)
2019-09-12 10:31:23,619 [pool-71-thread-1] INFO  segmented.SegmentedRaftLogWorker (SegmentedRaftLogWorker.java:<init>(172)) - new 39df7a3f-9691-48d4-a2b1-6888489a5f8a-SegmentedRaftLogWorker:Storage Directory /workdir/hadoop-ozone/integration-test/target/test-dir/MiniOzoneClusterImpl-b2817a3f-1508-41b1-b0fd-9fa975eef5fc/datanode-4/data/ratis/d0f13cfc-1b98-4b33-83e7-e840f6e7a742 for RaftStorage:Storage Directory /workdir/hadoop-ozone/integration-test/target/test-dir/MiniOzoneClusterImpl-b2817a3f-1508-41b1-b0fd-9fa975eef5fc/datanode-4/data/ratis/d0f13cfc-1b98-4b33-83e7-e840f6e7a742
2019-09-12 10:31:23,619 [pool-71-thread-1] INFO  server.RaftServerConfigKeys (ConfUtils.java:logGet(43)) - raft.server.log.queue.byte-limit = 2147483647 (custom)
2019-09-12 10:31:23,619 [pool-71-thread-1] INFO  server.RaftServerConfigKeys (ConfUtils.java:logGet(43)) - raft.server.log.queue.element-limit = 1024 (custom)
2019-09-12 10:31:23,619 [pool-71-thread-1] INFO  server.RaftServerConfigKeys (ConfUtils.java:logGet(43)) - raft.server.log.segment.size.max = 1048576 (custom)
2019-09-12 10:31:23,619 [pool-71-thread-1] INFO  server.RaftServerConfigKeys (ConfUtils.java:logGet(43)) - raft.server.log.preallocated.size = 16384 (custom)
2019-09-12 10:31:23,619 [pool-71-thread-1] INFO  server.RaftServerConfigKeys (ConfUtils.java:logGet(43)) - raft.server.log.write.buffer.size = 33554432 (custom)
2019-09-12 10:31:23,620 [pool-71-thread-1] INFO  server.RaftServerConfigKeys (ConfUtils.java:logGet(43)) - raft.server.log.force.sync.num = 128 (default)
2019-09-12 10:31:23,620 [pool-71-thread-1] INFO  server.RaftServerConfigKeys (ConfUtils.java:logGet(43)) - raft.server.log.statemachine.data.sync = true (default)
2019-09-12 10:31:23,620 [pool-71-thread-1] INFO  server.RaftServerConfigKeys (ConfUtils.java:logGet(43)) - raft.server.log.statemachine.data.sync.timeout = 10s (default)
2019-09-12 10:31:23,620 [pool-71-thread-1] INFO  server.RaftServerConfigKeys (ConfUtils.java:logGet(43)) - raft.server.log.statemachine.data.sync.timeout.retry = -1 (default)
2019-09-12 10:31:23,620 [pool-71-thread-1] INFO  server.RaftServerConfigKeys (ConfUtils.java:logGet(43)) - raft.server.log.statemachine.data.caching.enabled = true (custom)
2019-09-12 10:31:23,620 [pool-71-thread-1] INFO  segmented.SegmentedRaftLogWorker (SegmentedRaftLogWorker.java:lambda$new$0(132)) - 39df7a3f-9691-48d4-a2b1-6888489a5f8a-SegmentedRaftLogWorker:Storage Directory /workdir/hadoop-ozone/integration-test/target/test-dir/MiniOzoneClusterImpl-b2817a3f-1508-41b1-b0fd-9fa975eef5fc/datanode-4/data/ratis/d0f13cfc-1b98-4b33-83e7-e840f6e7a742: flushIndex: setUnconditionally 0 -> -1
2019-09-12 10:31:23,621 [pool-71-thread-1] INFO  server.RaftServerConfigKeys (ConfUtils.java:logGet(43)) - raft.server.snapshot.auto.trigger.enabled = true (custom)
2019-09-12 10:31:23,621 [pool-71-thread-1] INFO  server.RaftServerConfigKeys (ConfUtils.java:logGet(43)) - raft.server.snapshot.auto.trigger.threshold = 10000 (custom)
2019-09-12 10:31:23,621 [pool-71-thread-1] INFO  server.RaftServerConfigKeys (ConfUtils.java:logGet(43)) - raft.server.retrycache.expirytime = 600000ms (custom)
2019-09-12 10:31:23,621 [pool-71-thread-1] INFO  impl.RaftServerImpl (RaftServerImpl.java:start(180)) - 39df7a3f-9691-48d4-a2b1-6888489a5f8a: start group-E840F6E7A742
2019-09-12 10:31:23,621 [pool-71-thread-1] INFO  impl.RaftServerImpl (RaftServerImpl.java:setRole(171)) - 39df7a3f-9691-48d4-a2b1-6888489a5f8a:group-E840F6E7A742 changes role from null to FOLLOWER at term 0 for startAsFollower
2019-09-12 10:31:23,621 [pool-71-thread-1] INFO  impl.RoleInfo (RoleInfo.java:updateAndGet(143)) - 39df7a3f-9691-48d4-a2b1-6888489a5f8a: start FollowerState
2019-09-12 10:31:23,622 [pool-71-thread-1] INFO  util.JmxRegister (JmxRegister.java:tryRegister(44)) - Successfully registered JMX Bean with object name Ratis:service=RaftServer,group=group-E840F6E7A742,id=39df7a3f-9691-48d4-a2b1-6888489a5f8a
2019-09-12 10:31:23,632 [RatisPipelineUtilsThread] INFO  pipeline.PipelineStateManager (PipelineStateManager.java:addPipeline(56)) - Created pipeline Pipeline[ Id: d0f13cfc-1b98-4b33-83e7-e840f6e7a742, Nodes: 39df7a3f-9691-48d4-a2b1-6888489a5f8a{ip: 192.168.36.114, host: pr-hdds-1569-58hkm-1881083799, networkLocation: /default-rack, certSerialId: null}, Type:RATIS, Factor:ONE, State:OPEN]
2019-09-12 10:31:23,633 | INFO  | SCMAudit | user=jenkins1000 | ip=192.168.36.114 | op=SEND_HEARTBEAT {datanodeUUID=f17b4253-95a0-4ee6-8ded-88f070f15b33, command=[]} | ret=SUCCESS |  
2019-09-12 10:31:23,633 | INFO  | SCMAudit | user=jenkins1000 | ip=192.168.36.114 | op=SEND_HEARTBEAT {datanodeUUID=eaeff1e2-de9c-4510-872d-283eb6c3c330, command=[]} | ret=SUCCESS |  
2019-09-12 10:31:23,633 [RatisPipelineUtilsThread] ERROR pipeline.PipelinePlacementPolicy (PipelinePlacementPolicy.java:meetCriteria(92)) - Pipeline Placement: Doesn't meet the criteria to be viable node. Heaviness: 6
2019-09-12 10:31:23,633 [RatisPipelineUtilsThread] ERROR pipeline.PipelinePlacementPolicy (PipelinePlacementPolicy.java:meetCriteria(92)) - Pipeline Placement: Doesn't meet the criteria to be viable node. Heaviness: 6
2019-09-12 10:31:23,633 [RatisPipelineUtilsThread] ERROR pipeline.PipelinePlacementPolicy (PipelinePlacementPolicy.java:meetCriteria(92)) - Pipeline Placement: Doesn't meet the criteria to be viable node. Heaviness: 6
2019-09-12 10:31:23,647 [grpc-default-executor-0] INFO  impl.RaftServerProxy (RaftServerProxy.java:addNew(89)) - c1e71898-521f-4627-a3f1-9884c4b96ced: addNew group-F79AC19F881B:[c1e71898-521f-4627-a3f1-9884c4b96ced:192.168.36.114:35690] returns group-F79AC19F881B:java.util.concurrent.CompletableFuture@5e6316e[Not completed]
2019-09-12 10:31:23,652 [pool-93-thread-1] INFO  impl.RaftServerImpl (RaftServerImpl.java:<init>(93)) - c1e71898-521f-4627-a3f1-9884c4b96ced: new RaftServerImpl for group-F79AC19F881B:[c1e71898-521f-4627-a3f1-9884c4b96ced:192.168.36.114:35690] with ContainerStateMachine:uninitialized
2019-09-12 10:31:23,652 [pool-93-thread-1] INFO  server.RaftServerConfigKeys (ConfUtils.java:logGet(43)) - raft.server.rpc.timeout.min = 1s (custom)
2019-09-12 10:31:23,652 [pool-93-thread-1] INFO  server.RaftServerConfigKeys (ConfUtils.java:logGet(43)) - raft.server.rpc.timeout.max = 1200ms (custom)
2019-09-12 10:31:23,652 [pool-93-thread-1] INFO  server.RaftServerConfigKeys (ConfUtils.java:logGet(43)) - raft.server.rpcslowness.timeout = 120s (custom)
2019-09-12 10:31:23,652 [pool-93-thread-1] INFO  server.RaftServerConfigKeys (ConfUtils.java:logGet(43)) - raft.server.sleep.deviation.threshold = 300 (default)
2019-09-12 10:31:23,652 [pool-93-thread-1] INFO  server.RaftServerConfigKeys (ConfUtils.java:logGet(43)) - raft.server.log.appender.install.snapshot.enabled = false (custom)
2019-09-12 10:31:23,653 [pool-93-thread-1] INFO  impl.RaftServerImpl (ServerState.java:<init>(105)) - c1e71898-521f-4627-a3f1-9884c4b96ced:group-F79AC19F881B ConfigurationManager, init=-1: [c1e71898-521f-4627-a3f1-9884c4b96ced:192.168.36.114:35690], old=null, confs=<EMPTY_MAP>
2019-09-12 10:31:23,653 [pool-93-thread-1] INFO  server.RaftServerConfigKeys (ConfUtils.java:logGet(43)) - raft.server.storage.dir = [/workdir/hadoop-ozone/integration-test/target/test-dir/MiniOzoneClusterImpl-b2817a3f-1508-41b1-b0fd-9fa975eef5fc/datanode-6/data/ratis] (custom)
2019-09-12 10:31:23,653 [pool-93-thread-1] INFO  storage.RaftStorageDirectory (RaftStorageDirectory.java:analyzeStorage(246)) - The storage directory /workdir/hadoop-ozone/integration-test/target/test-dir/MiniOzoneClusterImpl-b2817a3f-1508-41b1-b0fd-9fa975eef5fc/datanode-6/data/ratis/7f9c673d-7f2f-4f28-98ee-f79ac19f881b does not exist. Creating ...
2019-09-12 10:31:23,667 [pool-93-thread-1] INFO  storage.RaftStorageDirectory (RaftStorageDirectory.java:tryLock(328)) - Lock on /workdir/hadoop-ozone/integration-test/target/test-dir/MiniOzoneClusterImpl-b2817a3f-1508-41b1-b0fd-9fa975eef5fc/datanode-6/data/ratis/7f9c673d-7f2f-4f28-98ee-f79ac19f881b/in_use.lock acquired by nodename 1396@pr-hdds-1569-58hkm-1881083799
2019-09-12 10:31:23,680 [pool-93-thread-1] INFO  storage.RaftStorage (RaftStorage.java:format(72)) - Storage directory /workdir/hadoop-ozone/integration-test/target/test-dir/MiniOzoneClusterImpl-b2817a3f-1508-41b1-b0fd-9fa975eef5fc/datanode-6/data/ratis/7f9c673d-7f2f-4f28-98ee-f79ac19f881b has been successfully formatted.
2019-09-12 10:31:23,680 [pool-93-thread-1] INFO  ratis.ContainerStateMachine (ContainerStateMachine.java:loadSnapshot(226)) - group-F79AC19F881B: The snapshot info is null. Setting the last applied indexto:(t:0, i:~)
2019-09-12 10:31:23,680 [pool-93-thread-1] INFO  server.RaftServerConfigKeys (ConfUtils.java:logGet(43)) - raft.server.leader.election.timeout = 120s (custom)
2019-09-12 10:31:23,680 [pool-93-thread-1] INFO  server.RaftServerConfigKeys (ConfUtils.java:logGet(43)) - raft.server.log.use.memory = false (default)
2019-09-12 10:31:23,680 [pool-93-thread-1] INFO  server.RaftServerConfigKeys (ConfUtils.java:logGet(43)) - raft.server.log.purge.gap = 1000000 (custom)
2019-09-12 10:31:23,681 [pool-93-thread-1] INFO  server.RaftServerConfigKeys (ConfUtils.java:logGet(43)) - raft.server.log.appender.buffer.byte-limit = 33554432 (custom)
2019-09-12 10:31:23,681 [pool-93-thread-1] INFO  server.RaftServerConfigKeys (ConfUtils.java:logGet(43)) - raft.server.log.segment.size.max = 1048576 (custom)
2019-09-12 10:31:23,681 [pool-93-thread-1] INFO  server.RaftServerConfigKeys (ConfUtils.java:logGet(43)) - raft.server.log.segment.cache.num.max = 2 (custom)
2019-09-12 10:31:23,681 [pool-93-thread-1] INFO  segmented.SegmentedRaftLogWorker (SegmentedRaftLogWorker.java:<init>(172)) - new c1e71898-521f-4627-a3f1-9884c4b96ced-SegmentedRaftLogWorker:Storage Directory /workdir/hadoop-ozone/integration-test/target/test-dir/MiniOzoneClusterImpl-b2817a3f-1508-41b1-b0fd-9fa975eef5fc/datanode-6/data/ratis/7f9c673d-7f2f-4f28-98ee-f79ac19f881b for RaftStorage:Storage Directory /workdir/hadoop-ozone/integration-test/target/test-dir/MiniOzoneClusterImpl-b2817a3f-1508-41b1-b0fd-9fa975eef5fc/datanode-6/data/ratis/7f9c673d-7f2f-4f28-98ee-f79ac19f881b
2019-09-12 10:31:23,681 [pool-93-thread-1] INFO  server.RaftServerConfigKeys (ConfUtils.java:logGet(43)) - raft.server.log.queue.byte-limit = 2147483647 (custom)
2019-09-12 10:31:23,681 [pool-93-thread-1] INFO  server.RaftServerConfigKeys (ConfUtils.java:logGet(43)) - raft.server.log.queue.element-limit = 1024 (custom)
2019-09-12 10:31:23,682 [pool-93-thread-1] INFO  server.RaftServerConfigKeys (ConfUtils.java:logGet(43)) - raft.server.log.segment.size.max = 1048576 (custom)
2019-09-12 10:31:23,682 [pool-93-thread-1] INFO  server.RaftServerConfigKeys (ConfUtils.java:logGet(43)) - raft.server.log.preallocated.size = 16384 (custom)
2019-09-12 10:31:23,682 [pool-93-thread-1] INFO  server.RaftServerConfigKeys (ConfUtils.java:logGet(43)) - raft.server.log.write.buffer.size = 33554432 (custom)
2019-09-12 10:31:23,682 [pool-93-thread-1] INFO  server.RaftServerConfigKeys (ConfUtils.java:logGet(43)) - raft.server.log.force.sync.num = 128 (default)
2019-09-12 10:31:23,682 [pool-93-thread-1] INFO  server.RaftServerConfigKeys (ConfUtils.java:logGet(43)) - raft.server.log.statemachine.data.sync = true (default)
2019-09-12 10:31:23,684 [pool-93-thread-1] INFO  server.RaftServerConfigKeys (ConfUtils.java:logGet(43)) - raft.server.log.statemachine.data.sync.timeout = 10s (default)
2019-09-12 10:31:23,684 [pool-93-thread-1] INFO  server.RaftServerConfigKeys (ConfUtils.java:logGet(43)) - raft.server.log.statemachine.data.sync.timeout.retry = -1 (default)
2019-09-12 10:31:23,684 [pool-93-thread-1] INFO  server.RaftServerConfigKeys (ConfUtils.java:logGet(43)) - raft.server.log.statemachine.data.caching.enabled = true (custom)
2019-09-12 10:31:23,685 [pool-93-thread-1] INFO  segmented.SegmentedRaftLogWorker (SegmentedRaftLogWorker.java:lambda$new$0(132)) - c1e71898-521f-4627-a3f1-9884c4b96ced-SegmentedRaftLogWorker:Storage Directory /workdir/hadoop-ozone/integration-test/target/test-dir/MiniOzoneClusterImpl-b2817a3f-1508-41b1-b0fd-9fa975eef5fc/datanode-6/data/ratis/7f9c673d-7f2f-4f28-98ee-f79ac19f881b: flushIndex: setUnconditionally 0 -> -1
2019-09-12 10:31:23,685 [pool-93-thread-1] INFO  server.RaftServerConfigKeys (ConfUtils.java:logGet(43)) - raft.server.snapshot.auto.trigger.enabled = true (custom)
2019-09-12 10:31:23,685 [pool-93-thread-1] INFO  server.RaftServerConfigKeys (ConfUtils.java:logGet(43)) - raft.server.snapshot.auto.trigger.threshold = 10000 (custom)
2019-09-12 10:31:23,685 [pool-93-thread-1] INFO  server.RaftServerConfigKeys (ConfUtils.java:logGet(43)) - raft.server.retrycache.expirytime = 600000ms (custom)
2019-09-12 10:31:23,686 [pool-93-thread-1] INFO  impl.RaftServerImpl (RaftServerImpl.java:start(180)) - c1e71898-521f-4627-a3f1-9884c4b96ced: start group-F79AC19F881B
2019-09-12 10:31:23,686 [pool-93-thread-1] INFO  impl.RaftServerImpl (RaftServerImpl.java:setRole(171)) - c1e71898-521f-4627-a3f1-9884c4b96ced:group-F79AC19F881B changes role from null to FOLLOWER at term 0 for startAsFollower
2019-09-12 10:31:23,686 [pool-93-thread-1] INFO  impl.RoleInfo (RoleInfo.java:updateAndGet(143)) - c1e71898-521f-4627-a3f1-9884c4b96ced: start FollowerState
2019-09-12 10:31:23,687 [pool-93-thread-1] INFO  util.JmxRegister (JmxRegister.java:tryRegister(44)) - Successfully registered JMX Bean with object name Ratis:service=RaftServer,group=group-F79AC19F881B,id=c1e71898-521f-4627-a3f1-9884c4b96ced
2019-09-12 10:31:23,693 [RatisPipelineUtilsThread] INFO  pipeline.PipelineStateManager (PipelineStateManager.java:addPipeline(56)) - Created pipeline Pipeline[ Id: 7f9c673d-7f2f-4f28-98ee-f79ac19f881b, Nodes: c1e71898-521f-4627-a3f1-9884c4b96ced{ip: 192.168.36.114, host: pr-hdds-1569-58hkm-1881083799, networkLocation: /default-rack, certSerialId: null}, Type:RATIS, Factor:ONE, State:OPEN]
2019-09-12 10:31:23,694 [RatisPipelineUtilsThread] ERROR pipeline.PipelinePlacementPolicy (PipelinePlacementPolicy.java:meetCriteria(92)) - Pipeline Placement: Doesn't meet the criteria to be viable node. Heaviness: 6
2019-09-12 10:31:23,694 [RatisPipelineUtilsThread] ERROR pipeline.PipelinePlacementPolicy (PipelinePlacementPolicy.java:meetCriteria(92)) - Pipeline Placement: Doesn't meet the criteria to be viable node. Heaviness: 6
2019-09-12 10:31:23,694 [RatisPipelineUtilsThread] ERROR pipeline.PipelinePlacementPolicy (PipelinePlacementPolicy.java:meetCriteria(92)) - Pipeline Placement: Doesn't meet the criteria to be viable node. Heaviness: 6
2019-09-12 10:31:23,715 [Thread-299] INFO  impl.FollowerState (FollowerState.java:run(106)) - 2cb9d557-cb56-4745-8686-5e72b62e748a:group-31C9C44A2926 changes to CANDIDATE, lastRpcTime:1139, electionTimeout:1137ms
2019-09-12 10:31:23,715 [Thread-299] INFO  impl.RoleInfo (RoleInfo.java:shutdownFollowerState(121)) - 2cb9d557-cb56-4745-8686-5e72b62e748a: shutdown FollowerState
2019-09-12 10:31:23,715 [Thread-299] INFO  impl.RaftServerImpl (RaftServerImpl.java:setRole(171)) - 2cb9d557-cb56-4745-8686-5e72b62e748a:group-31C9C44A2926 changes role from FOLLOWER to CANDIDATE at term 0 for changeToCandidate
2019-09-12 10:31:23,715 [Thread-299] INFO  impl.RoleInfo (RoleInfo.java:updateAndGet(143)) - 2cb9d557-cb56-4745-8686-5e72b62e748a: start LeaderElection
2019-09-12 10:31:23,715 [grpc-default-executor-0] INFO  impl.RaftServerProxy (RaftServerProxy.java:addNew(89)) - 2cb9d557-cb56-4745-8686-5e72b62e748a: addNew group-BC6BAE636243:[2cb9d557-cb56-4745-8686-5e72b62e748a:192.168.36.114:41494] returns group-BC6BAE636243:java.util.concurrent.CompletableFuture@2b0119e8[Not completed]
2019-09-12 10:31:23,724 [pool-38-thread-1] INFO  impl.RaftServerImpl (RaftServerImpl.java:<init>(93)) - 2cb9d557-cb56-4745-8686-5e72b62e748a: new RaftServerImpl for group-BC6BAE636243:[2cb9d557-cb56-4745-8686-5e72b62e748a:192.168.36.114:41494] with ContainerStateMachine:uninitialized
2019-09-12 10:31:23,724 [pool-38-thread-1] INFO  server.RaftServerConfigKeys (ConfUtils.java:logGet(43)) - raft.server.rpc.timeout.min = 1s (custom)
2019-09-12 10:31:23,724 [pool-38-thread-1] INFO  server.RaftServerConfigKeys (ConfUtils.java:logGet(43)) - raft.server.rpc.timeout.max = 1200ms (custom)
2019-09-12 10:31:23,724 [pool-38-thread-1] INFO  server.RaftServerConfigKeys (ConfUtils.java:logGet(43)) - raft.server.rpcslowness.timeout = 120s (custom)
2019-09-12 10:31:23,725 [pool-38-thread-1] INFO  server.RaftServerConfigKeys (ConfUtils.java:logGet(43)) - raft.server.sleep.deviation.threshold = 300 (default)
2019-09-12 10:31:23,725 [pool-38-thread-1] INFO  server.RaftServerConfigKeys (ConfUtils.java:logGet(43)) - raft.server.log.appender.install.snapshot.enabled = false (custom)
2019-09-12 10:31:23,725 [pool-38-thread-1] INFO  impl.RaftServerImpl (ServerState.java:<init>(105)) - 2cb9d557-cb56-4745-8686-5e72b62e748a:group-BC6BAE636243 ConfigurationManager, init=-1: [2cb9d557-cb56-4745-8686-5e72b62e748a:192.168.36.114:41494], old=null, confs=<EMPTY_MAP>
2019-09-12 10:31:23,725 [pool-38-thread-1] INFO  server.RaftServerConfigKeys (ConfUtils.java:logGet(43)) - raft.server.storage.dir = [/workdir/hadoop-ozone/integration-test/target/test-dir/MiniOzoneClusterImpl-b2817a3f-1508-41b1-b0fd-9fa975eef5fc/datanode-1/data/ratis] (custom)
2019-09-12 10:31:23,725 [pool-38-thread-1] INFO  storage.RaftStorageDirectory (RaftStorageDirectory.java:analyzeStorage(246)) - The storage directory /workdir/hadoop-ozone/integration-test/target/test-dir/MiniOzoneClusterImpl-b2817a3f-1508-41b1-b0fd-9fa975eef5fc/datanode-1/data/ratis/9e10b7de-d3d0-4a63-82f3-bc6bae636243 does not exist. Creating ...
2019-09-12 10:31:23,749 [pool-38-thread-1] INFO  storage.RaftStorageDirectory (RaftStorageDirectory.java:tryLock(328)) - Lock on /workdir/hadoop-ozone/integration-test/target/test-dir/MiniOzoneClusterImpl-b2817a3f-1508-41b1-b0fd-9fa975eef5fc/datanode-1/data/ratis/9e10b7de-d3d0-4a63-82f3-bc6bae636243/in_use.lock acquired by nodename 1396@pr-hdds-1569-58hkm-1881083799
2019-09-12 10:31:23,749 [2cb9d557-cb56-4745-8686-5e72b62e748a:group-31C9C44A2926:LeaderElection17] INFO  impl.LeaderElection (LeaderElection.java:askForVotes(181)) - 2cb9d557-cb56-4745-8686-5e72b62e748a:group-31C9C44A2926:LeaderElection17: begin an election at term 1 for -1: [2cb9d557-cb56-4745-8686-5e72b62e748a:192.168.36.114:41494], old=null
2019-09-12 10:31:23,750 [2cb9d557-cb56-4745-8686-5e72b62e748a:group-31C9C44A2926:LeaderElection17] INFO  impl.RoleInfo (RoleInfo.java:shutdownLeaderElection(134)) - 2cb9d557-cb56-4745-8686-5e72b62e748a: shutdown LeaderElection
2019-09-12 10:31:23,750 [2cb9d557-cb56-4745-8686-5e72b62e748a:group-31C9C44A2926:LeaderElection17] INFO  impl.RaftServerImpl (RaftServerImpl.java:setRole(171)) - 2cb9d557-cb56-4745-8686-5e72b62e748a:group-31C9C44A2926 changes role from CANDIDATE to LEADER at term 1 for changeToLeader
2019-09-12 10:31:23,750 [2cb9d557-cb56-4745-8686-5e72b62e748a:group-31C9C44A2926:LeaderElection17] INFO  impl.RaftServerImpl (ServerState.java:setLeader(263)) - 2cb9d557-cb56-4745-8686-5e72b62e748a:group-31C9C44A2926 change Leader from null to 2cb9d557-cb56-4745-8686-5e72b62e748a at term 1 for becomeLeader, leader elected after 1229ms
2019-09-12 10:31:23,750 [2cb9d557-cb56-4745-8686-5e72b62e748a:group-31C9C44A2926:LeaderElection17] INFO  server.RaftServerConfigKeys (ConfUtils.java:logGet(43)) - raft.server.staging.catchup.gap = 1000 (default)
2019-09-12 10:31:23,750 [2cb9d557-cb56-4745-8686-5e72b62e748a:group-31C9C44A2926:LeaderElection17] INFO  server.RaftServerConfigKeys (ConfUtils.java:logGet(43)) - raft.server.rpc.sleep.time = 25ms (default)
2019-09-12 10:31:23,750 [2cb9d557-cb56-4745-8686-5e72b62e748a:group-31C9C44A2926:LeaderElection17] INFO  server.RaftServerConfigKeys (ConfUtils.java:logGet(43)) - raft.server.write.element-limit = 4096 (default)
2019-09-12 10:31:23,750 [2cb9d557-cb56-4745-8686-5e72b62e748a:group-31C9C44A2926:LeaderElection17] INFO  server.RaftServerConfigKeys (ConfUtils.java:logGet(43)) - raft.server.watch.timeout = 10s (default)
2019-09-12 10:31:23,751 [2cb9d557-cb56-4745-8686-5e72b62e748a:group-31C9C44A2926:LeaderElection17] INFO  server.RaftServerConfigKeys (ConfUtils.java:logGet(43)) - raft.server.watch.timeout.denomination = 1s (default)
2019-09-12 10:31:23,751 [2cb9d557-cb56-4745-8686-5e72b62e748a:group-31C9C44A2926:LeaderElection17] INFO  server.RaftServerConfigKeys (ConfUtils.java:logGet(43)) - raft.server.watch.element-limit = 65536 (default)
2019-09-12 10:31:23,751 [2cb9d557-cb56-4745-8686-5e72b62e748a:group-31C9C44A2926:LeaderElection17] INFO  impl.RoleInfo (RoleInfo.java:updateAndGet(143)) - 2cb9d557-cb56-4745-8686-5e72b62e748a: start LeaderState
2019-09-12 10:31:23,751 [2cb9d557-cb56-4745-8686-5e72b62e748a:group-31C9C44A2926:LeaderElection17] INFO  segmented.SegmentedRaftLogWorker (SegmentedRaftLogWorker.java:startLogSegment(380)) - 2cb9d557-cb56-4745-8686-5e72b62e748a-SegmentedRaftLogWorker:Storage Directory /workdir/hadoop-ozone/integration-test/target/test-dir/MiniOzoneClusterImpl-b2817a3f-1508-41b1-b0fd-9fa975eef5fc/datanode-1/data/ratis/a6820be6-387d-4773-b3b9-31c9c44a2926: Starting segment from index:0
2019-09-12 10:31:23,752 [2cb9d557-cb56-4745-8686-5e72b62e748a:group-31C9C44A2926:LeaderElection17] INFO  impl.RaftServerImpl (ServerState.java:setRaftConf(361)) - 2cb9d557-cb56-4745-8686-5e72b62e748a:group-31C9C44A2926 set configuration 0: [2cb9d557-cb56-4745-8686-5e72b62e748a:192.168.36.114:41494], old=null at 0
2019-09-12 10:31:23,783 [pool-38-thread-1] INFO  storage.RaftStorage (RaftStorage.java:format(72)) - Storage directory /workdir/hadoop-ozone/integration-test/target/test-dir/MiniOzoneClusterImpl-b2817a3f-1508-41b1-b0fd-9fa975eef5fc/datanode-1/data/ratis/9e10b7de-d3d0-4a63-82f3-bc6bae636243 has been successfully formatted.
2019-09-12 10:31:23,783 [pool-38-thread-1] INFO  ratis.ContainerStateMachine (ContainerStateMachine.java:loadSnapshot(226)) - group-BC6BAE636243: The snapshot info is null. Setting the last applied indexto:(t:0, i:~)
2019-09-12 10:31:23,783 [pool-38-thread-1] INFO  server.RaftServerConfigKeys (ConfUtils.java:logGet(43)) - raft.server.leader.election.timeout = 120s (custom)
2019-09-12 10:31:23,783 [pool-38-thread-1] INFO  server.RaftServerConfigKeys (ConfUtils.java:logGet(43)) - raft.server.log.use.memory = false (default)
2019-09-12 10:31:23,783 [pool-38-thread-1] INFO  server.RaftServerConfigKeys (ConfUtils.java:logGet(43)) - raft.server.log.purge.gap = 1000000 (custom)
2019-09-12 10:31:23,784 [pool-38-thread-1] INFO  server.RaftServerConfigKeys (ConfUtils.java:logGet(43)) - raft.server.log.appender.buffer.byte-limit = 33554432 (custom)
2019-09-12 10:31:23,784 [pool-38-thread-1] INFO  server.RaftServerConfigKeys (ConfUtils.java:logGet(43)) - raft.server.log.segment.size.max = 1048576 (custom)
2019-09-12 10:31:23,784 [pool-38-thread-1] INFO  server.RaftServerConfigKeys (ConfUtils.java:logGet(43)) - raft.server.log.segment.cache.num.max = 2 (custom)
2019-09-12 10:31:23,784 [pool-38-thread-1] INFO  segmented.SegmentedRaftLogWorker (SegmentedRaftLogWorker.java:<init>(172)) - new 2cb9d557-cb56-4745-8686-5e72b62e748a-SegmentedRaftLogWorker:Storage Directory /workdir/hadoop-ozone/integration-test/target/test-dir/MiniOzoneClusterImpl-b2817a3f-1508-41b1-b0fd-9fa975eef5fc/datanode-1/data/ratis/9e10b7de-d3d0-4a63-82f3-bc6bae636243 for RaftStorage:Storage Directory /workdir/hadoop-ozone/integration-test/target/test-dir/MiniOzoneClusterImpl-b2817a3f-1508-41b1-b0fd-9fa975eef5fc/datanode-1/data/ratis/9e10b7de-d3d0-4a63-82f3-bc6bae636243
2019-09-12 10:31:23,784 [pool-38-thread-1] INFO  server.RaftServerConfigKeys (ConfUtils.java:logGet(43)) - raft.server.log.queue.byte-limit = 2147483647 (custom)
2019-09-12 10:31:23,784 [pool-38-thread-1] INFO  server.RaftServerConfigKeys (ConfUtils.java:logGet(43)) - raft.server.log.queue.element-limit = 1024 (custom)
2019-09-12 10:31:23,784 [pool-38-thread-1] INFO  server.RaftServerConfigKeys (ConfUtils.java:logGet(43)) - raft.server.log.segment.size.max = 1048576 (custom)
2019-09-12 10:31:23,784 [pool-38-thread-1] INFO  server.RaftServerConfigKeys (ConfUtils.java:logGet(43)) - raft.server.log.preallocated.size = 16384 (custom)
2019-09-12 10:31:23,785 [pool-38-thread-1] INFO  server.RaftServerConfigKeys (ConfUtils.java:logGet(43)) - raft.server.log.write.buffer.size = 33554432 (custom)
2019-09-12 10:31:23,785 [pool-38-thread-1] INFO  server.RaftServerConfigKeys (ConfUtils.java:logGet(43)) - raft.server.log.force.sync.num = 128 (default)
2019-09-12 10:31:23,785 [pool-38-thread-1] INFO  server.RaftServerConfigKeys (ConfUtils.java:logGet(43)) - raft.server.log.statemachine.data.sync = true (default)
2019-09-12 10:31:23,785 [pool-38-thread-1] INFO  server.RaftServerConfigKeys (ConfUtils.java:logGet(43)) - raft.server.log.statemachine.data.sync.timeout = 10s (default)
2019-09-12 10:31:23,785 [pool-38-thread-1] INFO  server.RaftServerConfigKeys (ConfUtils.java:logGet(43)) - raft.server.log.statemachine.data.sync.timeout.retry = -1 (default)
2019-09-12 10:31:23,785 [pool-38-thread-1] INFO  server.RaftServerConfigKeys (ConfUtils.java:logGet(43)) - raft.server.log.statemachine.data.caching.enabled = true (custom)
2019-09-12 10:31:23,786 [pool-38-thread-1] INFO  segmented.SegmentedRaftLogWorker (SegmentedRaftLogWorker.java:lambda$new$0(132)) - 2cb9d557-cb56-4745-8686-5e72b62e748a-SegmentedRaftLogWorker:Storage Directory /workdir/hadoop-ozone/integration-test/target/test-dir/MiniOzoneClusterImpl-b2817a3f-1508-41b1-b0fd-9fa975eef5fc/datanode-1/data/ratis/9e10b7de-d3d0-4a63-82f3-bc6bae636243: flushIndex: setUnconditionally 0 -> -1
2019-09-12 10:31:23,786 [pool-38-thread-1] INFO  server.RaftServerConfigKeys (ConfUtils.java:logGet(43)) - raft.server.snapshot.auto.trigger.enabled = true (custom)
2019-09-12 10:31:23,786 [pool-38-thread-1] INFO  server.RaftServerConfigKeys (ConfUtils.java:logGet(43)) - raft.server.snapshot.auto.trigger.threshold = 10000 (custom)
2019-09-12 10:31:23,786 [pool-38-thread-1] INFO  server.RaftServerConfigKeys (ConfUtils.java:logGet(43)) - raft.server.retrycache.expirytime = 600000ms (custom)
2019-09-12 10:31:23,786 [pool-38-thread-1] INFO  impl.RaftServerImpl (RaftServerImpl.java:start(180)) - 2cb9d557-cb56-4745-8686-5e72b62e748a: start group-BC6BAE636243
2019-09-12 10:31:23,786 [pool-38-thread-1] INFO  impl.RaftServerImpl (RaftServerImpl.java:setRole(171)) - 2cb9d557-cb56-4745-8686-5e72b62e748a:group-BC6BAE636243 changes role from null to FOLLOWER at term 0 for startAsFollower
2019-09-12 10:31:23,787 [pool-38-thread-1] INFO  impl.RoleInfo (RoleInfo.java:updateAndGet(143)) - 2cb9d557-cb56-4745-8686-5e72b62e748a: start FollowerState
2019-09-12 10:31:23,787 [pool-38-thread-1] INFO  util.JmxRegister (JmxRegister.java:tryRegister(44)) - Successfully registered JMX Bean with object name Ratis:service=RaftServer,group=group-BC6BAE636243,id=2cb9d557-cb56-4745-8686-5e72b62e748a
2019-09-12 10:31:23,792 [RatisPipelineUtilsThread] INFO  pipeline.PipelineStateManager (PipelineStateManager.java:addPipeline(56)) - Created pipeline Pipeline[ Id: 9e10b7de-d3d0-4a63-82f3-bc6bae636243, Nodes: 2cb9d557-cb56-4745-8686-5e72b62e748a{ip: 192.168.36.114, host: pr-hdds-1569-58hkm-1881083799, networkLocation: /default-rack, certSerialId: null}, Type:RATIS, Factor:ONE, State:OPEN]
2019-09-12 10:31:23,792 [RatisPipelineUtilsThread] ERROR pipeline.PipelinePlacementPolicy (PipelinePlacementPolicy.java:meetCriteria(92)) - Pipeline Placement: Doesn't meet the criteria to be viable node. Heaviness: 6
2019-09-12 10:31:23,793 [RatisPipelineUtilsThread] ERROR pipeline.PipelinePlacementPolicy (PipelinePlacementPolicy.java:meetCriteria(92)) - Pipeline Placement: Doesn't meet the criteria to be viable node. Heaviness: 6
2019-09-12 10:31:23,793 [RatisPipelineUtilsThread] ERROR pipeline.PipelinePlacementPolicy (PipelinePlacementPolicy.java:meetCriteria(92)) - Pipeline Placement: Doesn't meet the criteria to be viable node. Heaviness: 6
2019-09-12 10:31:23,793 [RatisPipelineUtilsThread] ERROR pipeline.PipelinePlacementPolicy (PipelinePlacementPolicy.java:meetCriteria(92)) - Pipeline Placement: Doesn't meet the criteria to be viable node. Heaviness: 6
2019-09-12 10:31:23,796 [2cb9d557-cb56-4745-8686-5e72b62e748a-SegmentedRaftLogWorker:Storage Directory /workdir/hadoop-ozone/integration-test/target/test-dir/MiniOzoneClusterImpl-b2817a3f-1508-41b1-b0fd-9fa975eef5fc/datanode-1/data/ratis/a6820be6-387d-4773-b3b9-31c9c44a2926] INFO  segmented.SegmentedRaftLogWorker (SegmentedRaftLogWorker.java:execute(569)) - 2cb9d557-cb56-4745-8686-5e72b62e748a-SegmentedRaftLogWorker:Storage Directory /workdir/hadoop-ozone/integration-test/target/test-dir/MiniOzoneClusterImpl-b2817a3f-1508-41b1-b0fd-9fa975eef5fc/datanode-1/data/ratis/a6820be6-387d-4773-b3b9-31c9c44a2926: created new log segment /workdir/hadoop-ozone/integration-test/target/test-dir/MiniOzoneClusterImpl-b2817a3f-1508-41b1-b0fd-9fa975eef5fc/datanode-1/data/ratis/a6820be6-387d-4773-b3b9-31c9c44a2926/current/log_inprogress_0
2019-09-12 10:31:23,802 [Thread-302] INFO  impl.FollowerState (FollowerState.java:run(106)) - 2cb9d557-cb56-4745-8686-5e72b62e748a:group-660F2520DD77 changes to CANDIDATE, lastRpcTime:1168, electionTimeout:1167ms
2019-09-12 10:31:23,802 [Thread-302] INFO  impl.RoleInfo (RoleInfo.java:shutdownFollowerState(121)) - 2cb9d557-cb56-4745-8686-5e72b62e748a: shutdown FollowerState
2019-09-12 10:31:23,802 [Thread-302] INFO  impl.RaftServerImpl (RaftServerImpl.java:setRole(171)) - 2cb9d557-cb56-4745-8686-5e72b62e748a:group-660F2520DD77 changes role from FOLLOWER to CANDIDATE at term 0 for changeToCandidate
2019-09-12 10:31:23,803 [Thread-302] INFO  impl.RoleInfo (RoleInfo.java:updateAndGet(143)) - 2cb9d557-cb56-4745-8686-5e72b62e748a: start LeaderElection
2019-09-12 10:31:23,804 [grpc-default-executor-0] INFO  impl.RaftServerProxy (RaftServerProxy.java:addNew(89)) - 39df7a3f-9691-48d4-a2b1-6888489a5f8a: addNew group-46B90A2CA1B9:[39df7a3f-9691-48d4-a2b1-6888489a5f8a:192.168.36.114:35493] returns group-46B90A2CA1B9:java.util.concurrent.CompletableFuture@1ed296f7[Not completed]
2019-09-12 10:31:23,808 | INFO  | SCMAudit | user=jenkins1000 | ip=192.168.36.114 | op=SEND_HEARTBEAT {datanodeUUID=c9031a36-5f7c-4098-8bea-8a46141708a6, command=[]} | ret=SUCCESS |  
2019-09-12 10:31:23,809 | INFO  | SCMAudit | user=jenkins1000 | ip=192.168.36.114 | op=SEND_HEARTBEAT {datanodeUUID=39df7a3f-9691-48d4-a2b1-6888489a5f8a, command=[]} | ret=SUCCESS |  
2019-09-12 10:31:23,810 [pool-71-thread-1] INFO  impl.RaftServerImpl (RaftServerImpl.java:<init>(93)) - 39df7a3f-9691-48d4-a2b1-6888489a5f8a: new RaftServerImpl for group-46B90A2CA1B9:[39df7a3f-9691-48d4-a2b1-6888489a5f8a:192.168.36.114:35493] with ContainerStateMachine:uninitialized
2019-09-12 10:31:23,810 [pool-71-thread-1] INFO  server.RaftServerConfigKeys (ConfUtils.java:logGet(43)) - raft.server.rpc.timeout.min = 1s (custom)
2019-09-12 10:31:23,810 [pool-71-thread-1] INFO  server.RaftServerConfigKeys (ConfUtils.java:logGet(43)) - raft.server.rpc.timeout.max = 1200ms (custom)
2019-09-12 10:31:23,810 [pool-71-thread-1] INFO  server.RaftServerConfigKeys (ConfUtils.java:logGet(43)) - raft.server.rpcslowness.timeout = 120s (custom)
2019-09-12 10:31:23,810 [pool-71-thread-1] INFO  server.RaftServerConfigKeys (ConfUtils.java:logGet(43)) - raft.server.sleep.deviation.threshold = 300 (default)
2019-09-12 10:31:23,811 [pool-71-thread-1] INFO  server.RaftServerConfigKeys (ConfUtils.java:logGet(43)) - raft.server.log.appender.install.snapshot.enabled = false (custom)
2019-09-12 10:31:23,811 [pool-71-thread-1] INFO  impl.RaftServerImpl (ServerState.java:<init>(105)) - 39df7a3f-9691-48d4-a2b1-6888489a5f8a:group-46B90A2CA1B9 ConfigurationManager, init=-1: [39df7a3f-9691-48d4-a2b1-6888489a5f8a:192.168.36.114:35493], old=null, confs=<EMPTY_MAP>
2019-09-12 10:31:23,811 [pool-71-thread-1] INFO  server.RaftServerConfigKeys (ConfUtils.java:logGet(43)) - raft.server.storage.dir = [/workdir/hadoop-ozone/integration-test/target/test-dir/MiniOzoneClusterImpl-b2817a3f-1508-41b1-b0fd-9fa975eef5fc/datanode-4/data/ratis] (custom)
2019-09-12 10:31:23,811 [pool-71-thread-1] INFO  storage.RaftStorageDirectory (RaftStorageDirectory.java:analyzeStorage(246)) - The storage directory /workdir/hadoop-ozone/integration-test/target/test-dir/MiniOzoneClusterImpl-b2817a3f-1508-41b1-b0fd-9fa975eef5fc/datanode-4/data/ratis/90dabcfc-906a-4b39-a977-46b90a2ca1b9 does not exist. Creating ...
2019-09-12 10:31:23,816 [pool-71-thread-1] INFO  storage.RaftStorageDirectory (RaftStorageDirectory.java:tryLock(328)) - Lock on /workdir/hadoop-ozone/integration-test/target/test-dir/MiniOzoneClusterImpl-b2817a3f-1508-41b1-b0fd-9fa975eef5fc/datanode-4/data/ratis/90dabcfc-906a-4b39-a977-46b90a2ca1b9/in_use.lock acquired by nodename 1396@pr-hdds-1569-58hkm-1881083799
2019-09-12 10:31:23,816 [2cb9d557-cb56-4745-8686-5e72b62e748a:group-660F2520DD77:LeaderElection18] INFO  impl.LeaderElection (LeaderElection.java:askForVotes(181)) - 2cb9d557-cb56-4745-8686-5e72b62e748a:group-660F2520DD77:LeaderElection18: begin an election at term 1 for -1: [2cb9d557-cb56-4745-8686-5e72b62e748a:192.168.36.114:41494], old=null
2019-09-12 10:31:23,816 [2cb9d557-cb56-4745-8686-5e72b62e748a:group-660F2520DD77:LeaderElection18] INFO  impl.RoleInfo (RoleInfo.java:shutdownLeaderElection(134)) - 2cb9d557-cb56-4745-8686-5e72b62e748a: shutdown LeaderElection
2019-09-12 10:31:23,816 [2cb9d557-cb56-4745-8686-5e72b62e748a:group-660F2520DD77:LeaderElection18] INFO  impl.RaftServerImpl (RaftServerImpl.java:setRole(171)) - 2cb9d557-cb56-4745-8686-5e72b62e748a:group-660F2520DD77 changes role from CANDIDATE to LEADER at term 1 for changeToLeader
2019-09-12 10:31:23,816 [2cb9d557-cb56-4745-8686-5e72b62e748a:group-660F2520DD77:LeaderElection18] INFO  impl.RaftServerImpl (ServerState.java:setLeader(263)) - 2cb9d557-cb56-4745-8686-5e72b62e748a:group-660F2520DD77 change Leader from null to 2cb9d557-cb56-4745-8686-5e72b62e748a at term 1 for becomeLeader, leader elected after 1190ms
2019-09-12 10:31:23,816 [2cb9d557-cb56-4745-8686-5e72b62e748a:group-660F2520DD77:LeaderElection18] INFO  server.RaftServerConfigKeys (ConfUtils.java:logGet(43)) - raft.server.staging.catchup.gap = 1000 (default)
2019-09-12 10:31:23,816 [2cb9d557-cb56-4745-8686-5e72b62e748a:group-660F2520DD77:LeaderElection18] INFO  server.RaftServerConfigKeys (ConfUtils.java:logGet(43)) - raft.server.rpc.sleep.time = 25ms (default)
2019-09-12 10:31:23,816 [2cb9d557-cb56-4745-8686-5e72b62e748a:group-660F2520DD77:LeaderElection18] INFO  server.RaftServerConfigKeys (ConfUtils.java:logGet(43)) - raft.server.write.element-limit = 4096 (default)
2019-09-12 10:31:23,817 [2cb9d557-cb56-4745-8686-5e72b62e748a:group-660F2520DD77:LeaderElection18] INFO  server.RaftServerConfigKeys (ConfUtils.java:logGet(43)) - raft.server.watch.timeout = 10s (default)
2019-09-12 10:31:23,817 [2cb9d557-cb56-4745-8686-5e72b62e748a:group-660F2520DD77:LeaderElection18] INFO  server.RaftServerConfigKeys (ConfUtils.java:logGet(43)) - raft.server.watch.timeout.denomination = 1s (default)
2019-09-12 10:31:23,817 [2cb9d557-cb56-4745-8686-5e72b62e748a:group-660F2520DD77:LeaderElection18] INFO  server.RaftServerConfigKeys (ConfUtils.java:logGet(43)) - raft.server.watch.element-limit = 65536 (default)
2019-09-12 10:31:23,817 [2cb9d557-cb56-4745-8686-5e72b62e748a:group-660F2520DD77:LeaderElection18] INFO  impl.RoleInfo (RoleInfo.java:updateAndGet(143)) - 2cb9d557-cb56-4745-8686-5e72b62e748a: start LeaderState
2019-09-12 10:31:23,817 [2cb9d557-cb56-4745-8686-5e72b62e748a:group-660F2520DD77:LeaderElection18] INFO  segmented.SegmentedRaftLogWorker (SegmentedRaftLogWorker.java:startLogSegment(380)) - 2cb9d557-cb56-4745-8686-5e72b62e748a-SegmentedRaftLogWorker:Storage Directory /workdir/hadoop-ozone/integration-test/target/test-dir/MiniOzoneClusterImpl-b2817a3f-1508-41b1-b0fd-9fa975eef5fc/datanode-1/data/ratis/855af6d1-97e3-4893-a356-660f2520dd77: Starting segment from index:0
2019-09-12 10:31:23,818 [2cb9d557-cb56-4745-8686-5e72b62e748a:group-660F2520DD77:LeaderElection18] INFO  impl.RaftServerImpl (ServerState.java:setRaftConf(361)) - 2cb9d557-cb56-4745-8686-5e72b62e748a:group-660F2520DD77 set configuration 0: [2cb9d557-cb56-4745-8686-5e72b62e748a:192.168.36.114:41494], old=null at 0
2019-09-12 10:31:23,846 [pool-71-thread-1] INFO  storage.RaftStorage (RaftStorage.java:format(72)) - Storage directory /workdir/hadoop-ozone/integration-test/target/test-dir/MiniOzoneClusterImpl-b2817a3f-1508-41b1-b0fd-9fa975eef5fc/datanode-4/data/ratis/90dabcfc-906a-4b39-a977-46b90a2ca1b9 has been successfully formatted.
2019-09-12 10:31:23,846 [pool-71-thread-1] INFO  ratis.ContainerStateMachine (ContainerStateMachine.java:loadSnapshot(226)) - group-46B90A2CA1B9: The snapshot info is null. Setting the last applied indexto:(t:0, i:~)
2019-09-12 10:31:23,847 [pool-71-thread-1] INFO  server.RaftServerConfigKeys (ConfUtils.java:logGet(43)) - raft.server.leader.election.timeout = 120s (custom)
2019-09-12 10:31:23,847 [pool-71-thread-1] INFO  server.RaftServerConfigKeys (ConfUtils.java:logGet(43)) - raft.server.log.use.memory = false (default)
2019-09-12 10:31:23,847 [pool-71-thread-1] INFO  server.RaftServerConfigKeys (ConfUtils.java:logGet(43)) - raft.server.log.purge.gap = 1000000 (custom)
2019-09-12 10:31:23,847 [pool-71-thread-1] INFO  server.RaftServerConfigKeys (ConfUtils.java:logGet(43)) - raft.server.log.appender.buffer.byte-limit = 33554432 (custom)
2019-09-12 10:31:23,847 [pool-71-thread-1] INFO  server.RaftServerConfigKeys (ConfUtils.java:logGet(43)) - raft.server.log.segment.size.max = 1048576 (custom)
2019-09-12 10:31:23,848 [pool-71-thread-1] INFO  server.RaftServerConfigKeys (ConfUtils.java:logGet(43)) - raft.server.log.segment.cache.num.max = 2 (custom)
2019-09-12 10:31:23,848 [pool-71-thread-1] INFO  segmented.SegmentedRaftLogWorker (SegmentedRaftLogWorker.java:<init>(172)) - new 39df7a3f-9691-48d4-a2b1-6888489a5f8a-SegmentedRaftLogWorker:Storage Directory /workdir/hadoop-ozone/integration-test/target/test-dir/MiniOzoneClusterImpl-b2817a3f-1508-41b1-b0fd-9fa975eef5fc/datanode-4/data/ratis/90dabcfc-906a-4b39-a977-46b90a2ca1b9 for RaftStorage:Storage Directory /workdir/hadoop-ozone/integration-test/target/test-dir/MiniOzoneClusterImpl-b2817a3f-1508-41b1-b0fd-9fa975eef5fc/datanode-4/data/ratis/90dabcfc-906a-4b39-a977-46b90a2ca1b9
2019-09-12 10:31:23,848 [pool-71-thread-1] INFO  server.RaftServerConfigKeys (ConfUtils.java:logGet(43)) - raft.server.log.queue.byte-limit = 2147483647 (custom)
2019-09-12 10:31:23,848 [pool-71-thread-1] INFO  server.RaftServerConfigKeys (ConfUtils.java:logGet(43)) - raft.server.log.queue.element-limit = 1024 (custom)
2019-09-12 10:31:23,848 [pool-71-thread-1] INFO  server.RaftServerConfigKeys (ConfUtils.java:logGet(43)) - raft.server.log.segment.size.max = 1048576 (custom)
2019-09-12 10:31:23,849 [pool-71-thread-1] INFO  server.RaftServerConfigKeys (ConfUtils.java:logGet(43)) - raft.server.log.preallocated.size = 16384 (custom)
2019-09-12 10:31:23,849 [pool-71-thread-1] INFO  server.RaftServerConfigKeys (ConfUtils.java:logGet(43)) - raft.server.log.write.buffer.size = 33554432 (custom)
2019-09-12 10:31:23,849 [pool-71-thread-1] INFO  server.RaftServerConfigKeys (ConfUtils.java:logGet(43)) - raft.server.log.force.sync.num = 128 (default)
2019-09-12 10:31:23,849 [pool-71-thread-1] INFO  server.RaftServerConfigKeys (ConfUtils.java:logGet(43)) - raft.server.log.statemachine.data.sync = true (default)
2019-09-12 10:31:23,849 [pool-71-thread-1] INFO  server.RaftServerConfigKeys (ConfUtils.java:logGet(43)) - raft.server.log.statemachine.data.sync.timeout = 10s (default)
2019-09-12 10:31:23,849 [pool-71-thread-1] INFO  server.RaftServerConfigKeys (ConfUtils.java:logGet(43)) - raft.server.log.statemachine.data.sync.timeout.retry = -1 (default)
2019-09-12 10:31:23,850 [pool-71-thread-1] INFO  server.RaftServerConfigKeys (ConfUtils.java:logGet(43)) - raft.server.log.statemachine.data.caching.enabled = true (custom)
2019-09-12 10:31:23,850 [pool-71-thread-1] INFO  segmented.SegmentedRaftLogWorker (SegmentedRaftLogWorker.java:lambda$new$0(132)) - 39df7a3f-9691-48d4-a2b1-6888489a5f8a-SegmentedRaftLogWorker:Storage Directory /workdir/hadoop-ozone/integration-test/target/test-dir/MiniOzoneClusterImpl-b2817a3f-1508-41b1-b0fd-9fa975eef5fc/datanode-4/data/ratis/90dabcfc-906a-4b39-a977-46b90a2ca1b9: flushIndex: setUnconditionally 0 -> -1
2019-09-12 10:31:23,850 [pool-71-thread-1] INFO  server.RaftServerConfigKeys (ConfUtils.java:logGet(43)) - raft.server.snapshot.auto.trigger.enabled = true (custom)
2019-09-12 10:31:23,851 [pool-71-thread-1] INFO  server.RaftServerConfigKeys (ConfUtils.java:logGet(43)) - raft.server.snapshot.auto.trigger.threshold = 10000 (custom)
2019-09-12 10:31:23,851 [pool-71-thread-1] INFO  server.RaftServerConfigKeys (ConfUtils.java:logGet(43)) - raft.server.retrycache.expirytime = 600000ms (custom)
2019-09-12 10:31:23,851 [pool-71-thread-1] INFO  impl.RaftServerImpl (RaftServerImpl.java:start(180)) - 39df7a3f-9691-48d4-a2b1-6888489a5f8a: start group-46B90A2CA1B9
2019-09-12 10:31:23,851 [pool-71-thread-1] INFO  impl.RaftServerImpl (RaftServerImpl.java:setRole(171)) - 39df7a3f-9691-48d4-a2b1-6888489a5f8a:group-46B90A2CA1B9 changes role from null to FOLLOWER at term 0 for startAsFollower
2019-09-12 10:31:23,852 [pool-71-thread-1] INFO  impl.RoleInfo (RoleInfo.java:updateAndGet(143)) - 39df7a3f-9691-48d4-a2b1-6888489a5f8a: start FollowerState
2019-09-12 10:31:23,852 [pool-71-thread-1] INFO  util.JmxRegister (JmxRegister.java:tryRegister(44)) - Successfully registered JMX Bean with object name Ratis:service=RaftServer,group=group-46B90A2CA1B9,id=39df7a3f-9691-48d4-a2b1-6888489a5f8a
2019-09-12 10:31:23,858 [RatisPipelineUtilsThread] INFO  pipeline.PipelineStateManager (PipelineStateManager.java:addPipeline(56)) - Created pipeline Pipeline[ Id: 90dabcfc-906a-4b39-a977-46b90a2ca1b9, Nodes: 39df7a3f-9691-48d4-a2b1-6888489a5f8a{ip: 192.168.36.114, host: pr-hdds-1569-58hkm-1881083799, networkLocation: /default-rack, certSerialId: null}, Type:RATIS, Factor:ONE, State:OPEN]
2019-09-12 10:31:23,859 [RatisPipelineUtilsThread] ERROR pipeline.PipelinePlacementPolicy (PipelinePlacementPolicy.java:meetCriteria(92)) - Pipeline Placement: Doesn't meet the criteria to be viable node. Heaviness: 6
2019-09-12 10:31:23,859 [2cb9d557-cb56-4745-8686-5e72b62e748a-SegmentedRaftLogWorker:Storage Directory /workdir/hadoop-ozone/integration-test/target/test-dir/MiniOzoneClusterImpl-b2817a3f-1508-41b1-b0fd-9fa975eef5fc/datanode-1/data/ratis/855af6d1-97e3-4893-a356-660f2520dd77] INFO  segmented.SegmentedRaftLogWorker (SegmentedRaftLogWorker.java:execute(569)) - 2cb9d557-cb56-4745-8686-5e72b62e748a-SegmentedRaftLogWorker:Storage Directory /workdir/hadoop-ozone/integration-test/target/test-dir/MiniOzoneClusterImpl-b2817a3f-1508-41b1-b0fd-9fa975eef5fc/datanode-1/data/ratis/855af6d1-97e3-4893-a356-660f2520dd77: created new log segment /workdir/hadoop-ozone/integration-test/target/test-dir/MiniOzoneClusterImpl-b2817a3f-1508-41b1-b0fd-9fa975eef5fc/datanode-1/data/ratis/855af6d1-97e3-4893-a356-660f2520dd77/current/log_inprogress_0
2019-09-12 10:31:23,859 [RatisPipelineUtilsThread] ERROR pipeline.PipelinePlacementPolicy (PipelinePlacementPolicy.java:meetCriteria(92)) - Pipeline Placement: Doesn't meet the criteria to be viable node. Heaviness: 6
2019-09-12 10:31:23,859 [RatisPipelineUtilsThread] ERROR pipeline.PipelinePlacementPolicy (PipelinePlacementPolicy.java:meetCriteria(92)) - Pipeline Placement: Doesn't meet the criteria to be viable node. Heaviness: 6
2019-09-12 10:31:23,859 [RatisPipelineUtilsThread] ERROR pipeline.PipelinePlacementPolicy (PipelinePlacementPolicy.java:meetCriteria(92)) - Pipeline Placement: Doesn't meet the criteria to be viable node. Heaviness: 6
2019-09-12 10:31:23,870 [grpc-default-executor-0] INFO  impl.RaftServerProxy (RaftServerProxy.java:addNew(89)) - accf000b-d7b7-4fa5-9682-da82c4451e10: addNew group-1DF350C84EE5:[accf000b-d7b7-4fa5-9682-da82c4451e10:192.168.36.114:36033] returns group-1DF350C84EE5:java.util.concurrent.CompletableFuture@1a5483b[Not completed]
2019-09-12 10:31:23,872 [pool-82-thread-1] INFO  impl.RaftServerImpl (RaftServerImpl.java:<init>(93)) - accf000b-d7b7-4fa5-9682-da82c4451e10: new RaftServerImpl for group-1DF350C84EE5:[accf000b-d7b7-4fa5-9682-da82c4451e10:192.168.36.114:36033] with ContainerStateMachine:uninitialized
2019-09-12 10:31:23,872 [pool-82-thread-1] INFO  server.RaftServerConfigKeys (ConfUtils.java:logGet(43)) - raft.server.rpc.timeout.min = 1s (custom)
2019-09-12 10:31:23,872 [pool-82-thread-1] INFO  server.RaftServerConfigKeys (ConfUtils.java:logGet(43)) - raft.server.rpc.timeout.max = 1200ms (custom)
2019-09-12 10:31:23,872 [pool-82-thread-1] INFO  server.RaftServerConfigKeys (ConfUtils.java:logGet(43)) - raft.server.rpcslowness.timeout = 120s (custom)
2019-09-12 10:31:23,873 [pool-82-thread-1] INFO  server.RaftServerConfigKeys (ConfUtils.java:logGet(43)) - raft.server.sleep.deviation.threshold = 300 (default)
2019-09-12 10:31:23,873 [pool-82-thread-1] INFO  server.RaftServerConfigKeys (ConfUtils.java:logGet(43)) - raft.server.log.appender.install.snapshot.enabled = false (custom)
2019-09-12 10:31:23,873 [pool-82-thread-1] INFO  impl.RaftServerImpl (ServerState.java:<init>(105)) - accf000b-d7b7-4fa5-9682-da82c4451e10:group-1DF350C84EE5 ConfigurationManager, init=-1: [accf000b-d7b7-4fa5-9682-da82c4451e10:192.168.36.114:36033], old=null, confs=<EMPTY_MAP>
2019-09-12 10:31:23,873 [pool-82-thread-1] INFO  server.RaftServerConfigKeys (ConfUtils.java:logGet(43)) - raft.server.storage.dir = [/workdir/hadoop-ozone/integration-test/target/test-dir/MiniOzoneClusterImpl-b2817a3f-1508-41b1-b0fd-9fa975eef5fc/datanode-5/data/ratis] (custom)
2019-09-12 10:31:23,874 [pool-82-thread-1] INFO  storage.RaftStorageDirectory (RaftStorageDirectory.java:analyzeStorage(246)) - The storage directory /workdir/hadoop-ozone/integration-test/target/test-dir/MiniOzoneClusterImpl-b2817a3f-1508-41b1-b0fd-9fa975eef5fc/datanode-5/data/ratis/641e62d3-9456-4813-82d3-1df350c84ee5 does not exist. Creating ...
2019-09-12 10:31:23,882 [Thread-307] INFO  impl.FollowerState (FollowerState.java:run(106)) - eaeff1e2-de9c-4510-872d-283eb6c3c330:group-047D449D6B0C changes to CANDIDATE, lastRpcTime:1145, electionTimeout:1145ms
2019-09-12 10:31:23,882 [Thread-307] INFO  impl.RoleInfo (RoleInfo.java:shutdownFollowerState(121)) - eaeff1e2-de9c-4510-872d-283eb6c3c330: shutdown FollowerState
2019-09-12 10:31:23,882 [Thread-307] INFO  impl.RaftServerImpl (RaftServerImpl.java:setRole(171)) - eaeff1e2-de9c-4510-872d-283eb6c3c330:group-047D449D6B0C changes role from FOLLOWER to CANDIDATE at term 0 for changeToCandidate
2019-09-12 10:31:23,882 [Thread-307] INFO  impl.RoleInfo (RoleInfo.java:updateAndGet(143)) - eaeff1e2-de9c-4510-872d-283eb6c3c330: start LeaderElection
2019-09-12 10:31:23,888 [pool-82-thread-1] INFO  storage.RaftStorageDirectory (RaftStorageDirectory.java:tryLock(328)) - Lock on /workdir/hadoop-ozone/integration-test/target/test-dir/MiniOzoneClusterImpl-b2817a3f-1508-41b1-b0fd-9fa975eef5fc/datanode-5/data/ratis/641e62d3-9456-4813-82d3-1df350c84ee5/in_use.lock acquired by nodename 1396@pr-hdds-1569-58hkm-1881083799
2019-09-12 10:31:23,913 [pool-82-thread-1] INFO  storage.RaftStorage (RaftStorage.java:format(72)) - Storage directory /workdir/hadoop-ozone/integration-test/target/test-dir/MiniOzoneClusterImpl-b2817a3f-1508-41b1-b0fd-9fa975eef5fc/datanode-5/data/ratis/641e62d3-9456-4813-82d3-1df350c84ee5 has been successfully formatted.
2019-09-12 10:31:23,913 [eaeff1e2-de9c-4510-872d-283eb6c3c330:group-047D449D6B0C:LeaderElection19] INFO  impl.LeaderElection (LeaderElection.java:askForVotes(181)) - eaeff1e2-de9c-4510-872d-283eb6c3c330:group-047D449D6B0C:LeaderElection19: begin an election at term 1 for -1: [eaeff1e2-de9c-4510-872d-283eb6c3c330:192.168.36.114:37393], old=null
2019-09-12 10:31:23,913 [eaeff1e2-de9c-4510-872d-283eb6c3c330:group-047D449D6B0C:LeaderElection19] INFO  impl.RoleInfo (RoleInfo.java:shutdownLeaderElection(134)) - eaeff1e2-de9c-4510-872d-283eb6c3c330: shutdown LeaderElection
2019-09-12 10:31:23,913 [pool-82-thread-1] INFO  ratis.ContainerStateMachine (ContainerStateMachine.java:loadSnapshot(226)) - group-1DF350C84EE5: The snapshot info is null. Setting the last applied indexto:(t:0, i:~)
2019-09-12 10:31:23,913 [eaeff1e2-de9c-4510-872d-283eb6c3c330:group-047D449D6B0C:LeaderElection19] INFO  impl.RaftServerImpl (RaftServerImpl.java:setRole(171)) - eaeff1e2-de9c-4510-872d-283eb6c3c330:group-047D449D6B0C changes role from CANDIDATE to LEADER at term 1 for changeToLeader
2019-09-12 10:31:23,913 [eaeff1e2-de9c-4510-872d-283eb6c3c330:group-047D449D6B0C:LeaderElection19] INFO  impl.RaftServerImpl (ServerState.java:setLeader(263)) - eaeff1e2-de9c-4510-872d-283eb6c3c330:group-047D449D6B0C change Leader from null to eaeff1e2-de9c-4510-872d-283eb6c3c330 at term 1 for becomeLeader, leader elected after 1220ms
2019-09-12 10:31:23,913 [pool-82-thread-1] INFO  server.RaftServerConfigKeys (ConfUtils.java:logGet(43)) - raft.server.leader.election.timeout = 120s (custom)
2019-09-12 10:31:23,913 [eaeff1e2-de9c-4510-872d-283eb6c3c330:group-047D449D6B0C:LeaderElection19] INFO  server.RaftServerConfigKeys (ConfUtils.java:logGet(43)) - raft.server.staging.catchup.gap = 1000 (default)
2019-09-12 10:31:23,914 [pool-82-thread-1] INFO  server.RaftServerConfigKeys (ConfUtils.java:logGet(43)) - raft.server.log.use.memory = false (default)
2019-09-12 10:31:23,914 [eaeff1e2-de9c-4510-872d-283eb6c3c330:group-047D449D6B0C:LeaderElection19] INFO  server.RaftServerConfigKeys (ConfUtils.java:logGet(43)) - raft.server.rpc.sleep.time = 25ms (default)
2019-09-12 10:31:23,914 [pool-82-thread-1] INFO  server.RaftServerConfigKeys (ConfUtils.java:logGet(43)) - raft.server.log.purge.gap = 1000000 (custom)
2019-09-12 10:31:23,914 [eaeff1e2-de9c-4510-872d-283eb6c3c330:group-047D449D6B0C:LeaderElection19] INFO  server.RaftServerConfigKeys (ConfUtils.java:logGet(43)) - raft.server.write.element-limit = 4096 (default)
2019-09-12 10:31:23,914 [pool-82-thread-1] INFO  server.RaftServerConfigKeys (ConfUtils.java:logGet(43)) - raft.server.log.appender.buffer.byte-limit = 33554432 (custom)
2019-09-12 10:31:23,914 [eaeff1e2-de9c-4510-872d-283eb6c3c330:group-047D449D6B0C:LeaderElection19] INFO  server.RaftServerConfigKeys (ConfUtils.java:logGet(43)) - raft.server.watch.timeout = 10s (default)
2019-09-12 10:31:23,915 [pool-82-thread-1] INFO  server.RaftServerConfigKeys (ConfUtils.java:logGet(43)) - raft.server.log.segment.size.max = 1048576 (custom)
2019-09-12 10:31:23,915 [eaeff1e2-de9c-4510-872d-283eb6c3c330:group-047D449D6B0C:LeaderElection19] INFO  server.RaftServerConfigKeys (ConfUtils.java:logGet(43)) - raft.server.watch.timeout.denomination = 1s (default)
2019-09-12 10:31:23,915 [pool-82-thread-1] INFO  server.RaftServerConfigKeys (ConfUtils.java:logGet(43)) - raft.server.log.segment.cache.num.max = 2 (custom)
2019-09-12 10:31:23,915 [eaeff1e2-de9c-4510-872d-283eb6c3c330:group-047D449D6B0C:LeaderElection19] INFO  server.RaftServerConfigKeys (ConfUtils.java:logGet(43)) - raft.server.watch.element-limit = 65536 (default)
2019-09-12 10:31:23,915 [pool-82-thread-1] INFO  segmented.SegmentedRaftLogWorker (SegmentedRaftLogWorker.java:<init>(172)) - new accf000b-d7b7-4fa5-9682-da82c4451e10-SegmentedRaftLogWorker:Storage Directory /workdir/hadoop-ozone/integration-test/target/test-dir/MiniOzoneClusterImpl-b2817a3f-1508-41b1-b0fd-9fa975eef5fc/datanode-5/data/ratis/641e62d3-9456-4813-82d3-1df350c84ee5 for RaftStorage:Storage Directory /workdir/hadoop-ozone/integration-test/target/test-dir/MiniOzoneClusterImpl-b2817a3f-1508-41b1-b0fd-9fa975eef5fc/datanode-5/data/ratis/641e62d3-9456-4813-82d3-1df350c84ee5
2019-09-12 10:31:23,916 [eaeff1e2-de9c-4510-872d-283eb6c3c330:group-047D449D6B0C:LeaderElection19] INFO  impl.RoleInfo (RoleInfo.java:updateAndGet(143)) - eaeff1e2-de9c-4510-872d-283eb6c3c330: start LeaderState
2019-09-12 10:31:23,916 [pool-82-thread-1] INFO  server.RaftServerConfigKeys (ConfUtils.java:logGet(43)) - raft.server.log.queue.byte-limit = 2147483647 (custom)
2019-09-12 10:31:23,916 [eaeff1e2-de9c-4510-872d-283eb6c3c330:group-047D449D6B0C:LeaderElection19] INFO  segmented.SegmentedRaftLogWorker (SegmentedRaftLogWorker.java:startLogSegment(380)) - eaeff1e2-de9c-4510-872d-283eb6c3c330-SegmentedRaftLogWorker:Storage Directory /workdir/hadoop-ozone/integration-test/target/test-dir/MiniOzoneClusterImpl-b2817a3f-1508-41b1-b0fd-9fa975eef5fc/datanode-2/data/ratis/5dc18ac6-a62d-42ce-9874-047d449d6b0c: Starting segment from index:0
2019-09-12 10:31:23,916 [pool-82-thread-1] INFO  server.RaftServerConfigKeys (ConfUtils.java:logGet(43)) - raft.server.log.queue.element-limit = 1024 (custom)
2019-09-12 10:31:23,917 [eaeff1e2-de9c-4510-872d-283eb6c3c330:group-047D449D6B0C:LeaderElection19] INFO  impl.RaftServerImpl (ServerState.java:setRaftConf(361)) - eaeff1e2-de9c-4510-872d-283eb6c3c330:group-047D449D6B0C set configuration 0: [eaeff1e2-de9c-4510-872d-283eb6c3c330:192.168.36.114:37393], old=null at 0
2019-09-12 10:31:23,917 [pool-82-thread-1] INFO  server.RaftServerConfigKeys (ConfUtils.java:logGet(43)) - raft.server.log.segment.size.max = 1048576 (custom)
2019-09-12 10:31:23,955 [pool-82-thread-1] INFO  server.RaftServerConfigKeys (ConfUtils.java:logGet(43)) - raft.server.log.preallocated.size = 16384 (custom)
2019-09-12 10:31:23,956 [pool-82-thread-1] INFO  server.RaftServerConfigKeys (ConfUtils.java:logGet(43)) - raft.server.log.write.buffer.size = 33554432 (custom)
2019-09-12 10:31:23,956 [pool-82-thread-1] INFO  server.RaftServerConfigKeys (ConfUtils.java:logGet(43)) - raft.server.log.force.sync.num = 128 (default)
2019-09-12 10:31:23,956 [pool-82-thread-1] INFO  server.RaftServerConfigKeys (ConfUtils.java:logGet(43)) - raft.server.log.statemachine.data.sync = true (default)
2019-09-12 10:31:23,956 [pool-82-thread-1] INFO  server.RaftServerConfigKeys (ConfUtils.java:logGet(43)) - raft.server.log.statemachine.data.sync.timeout = 10s (default)
2019-09-12 10:31:23,957 [pool-82-thread-1] INFO  server.RaftServerConfigKeys (ConfUtils.java:logGet(43)) - raft.server.log.statemachine.data.sync.timeout.retry = -1 (default)
2019-09-12 10:31:23,957 [pool-82-thread-1] INFO  server.RaftServerConfigKeys (ConfUtils.java:logGet(43)) - raft.server.log.statemachine.data.caching.enabled = true (custom)
2019-09-12 10:31:23,958 [pool-82-thread-1] INFO  segmented.SegmentedRaftLogWorker (SegmentedRaftLogWorker.java:lambda$new$0(132)) - accf000b-d7b7-4fa5-9682-da82c4451e10-SegmentedRaftLogWorker:Storage Directory /workdir/hadoop-ozone/integration-test/target/test-dir/MiniOzoneClusterImpl-b2817a3f-1508-41b1-b0fd-9fa975eef5fc/datanode-5/data/ratis/641e62d3-9456-4813-82d3-1df350c84ee5: flushIndex: setUnconditionally 0 -> -1
2019-09-12 10:31:23,958 [pool-82-thread-1] INFO  server.RaftServerConfigKeys (ConfUtils.java:logGet(43)) - raft.server.snapshot.auto.trigger.enabled = true (custom)
2019-09-12 10:31:23,959 [pool-82-thread-1] INFO  server.RaftServerConfigKeys (ConfUtils.java:logGet(43)) - raft.server.snapshot.auto.trigger.threshold = 10000 (custom)
2019-09-12 10:31:23,959 [pool-82-thread-1] INFO  server.RaftServerConfigKeys (ConfUtils.java:logGet(43)) - raft.server.retrycache.expirytime = 600000ms (custom)
2019-09-12 10:31:23,959 [pool-82-thread-1] INFO  impl.RaftServerImpl (RaftServerImpl.java:start(180)) - accf000b-d7b7-4fa5-9682-da82c4451e10: start group-1DF350C84EE5
2019-09-12 10:31:23,960 [pool-82-thread-1] INFO  impl.RaftServerImpl (RaftServerImpl.java:setRole(171)) - accf000b-d7b7-4fa5-9682-da82c4451e10:group-1DF350C84EE5 changes role from null to FOLLOWER at term 0 for startAsFollower
2019-09-12 10:31:23,960 [pool-82-thread-1] INFO  impl.RoleInfo (RoleInfo.java:updateAndGet(143)) - accf000b-d7b7-4fa5-9682-da82c4451e10: start FollowerState
2019-09-12 10:31:23,961 [pool-82-thread-1] INFO  util.JmxRegister (JmxRegister.java:tryRegister(44)) - Successfully registered JMX Bean with object name Ratis:service=RaftServer,group=group-1DF350C84EE5,id=accf000b-d7b7-4fa5-9682-da82c4451e10
2019-09-12 10:31:23,967 [RatisPipelineUtilsThread] INFO  pipeline.PipelineStateManager (PipelineStateManager.java:addPipeline(56)) - Created pipeline Pipeline[ Id: 641e62d3-9456-4813-82d3-1df350c84ee5, Nodes: accf000b-d7b7-4fa5-9682-da82c4451e10{ip: 192.168.36.114, host: pr-hdds-1569-58hkm-1881083799, networkLocation: /default-rack, certSerialId: null}, Type:RATIS, Factor:ONE, State:OPEN]
2019-09-12 10:31:23,967 [RatisPipelineUtilsThread] ERROR pipeline.PipelinePlacementPolicy (PipelinePlacementPolicy.java:meetCriteria(92)) - Pipeline Placement: Doesn't meet the criteria to be viable node. Heaviness: 6
2019-09-12 10:31:23,967 [RatisPipelineUtilsThread] ERROR pipeline.PipelinePlacementPolicy (PipelinePlacementPolicy.java:meetCriteria(92)) - Pipeline Placement: Doesn't meet the criteria to be viable node. Heaviness: 6
2019-09-12 10:31:23,967 [RatisPipelineUtilsThread] ERROR pipeline.PipelinePlacementPolicy (PipelinePlacementPolicy.java:meetCriteria(92)) - Pipeline Placement: Doesn't meet the criteria to be viable node. Heaviness: 6
2019-09-12 10:31:23,968 [RatisPipelineUtilsThread] ERROR pipeline.PipelinePlacementPolicy (PipelinePlacementPolicy.java:meetCriteria(92)) - Pipeline Placement: Doesn't meet the criteria to be viable node. Heaviness: 6
2019-09-12 10:31:23,978 [grpc-default-executor-0] INFO  impl.RaftServerProxy (RaftServerProxy.java:addNew(89)) - accf000b-d7b7-4fa5-9682-da82c4451e10: addNew group-D45BE2A15B92:[accf000b-d7b7-4fa5-9682-da82c4451e10:192.168.36.114:36033] returns group-D45BE2A15B92:java.util.concurrent.CompletableFuture@7cca0dec[Not completed]
2019-09-12 10:31:23,979 [eaeff1e2-de9c-4510-872d-283eb6c3c330-SegmentedRaftLogWorker:Storage Directory /workdir/hadoop-ozone/integration-test/target/test-dir/MiniOzoneClusterImpl-b2817a3f-1508-41b1-b0fd-9fa975eef5fc/datanode-2/data/ratis/5dc18ac6-a62d-42ce-9874-047d449d6b0c] INFO  segmented.SegmentedRaftLogWorker (SegmentedRaftLogWorker.java:execute(569)) - eaeff1e2-de9c-4510-872d-283eb6c3c330-SegmentedRaftLogWorker:Storage Directory /workdir/hadoop-ozone/integration-test/target/test-dir/MiniOzoneClusterImpl-b2817a3f-1508-41b1-b0fd-9fa975eef5fc/datanode-2/data/ratis/5dc18ac6-a62d-42ce-9874-047d449d6b0c: created new log segment /workdir/hadoop-ozone/integration-test/target/test-dir/MiniOzoneClusterImpl-b2817a3f-1508-41b1-b0fd-9fa975eef5fc/datanode-2/data/ratis/5dc18ac6-a62d-42ce-9874-047d449d6b0c/current/log_inprogress_0
2019-09-12 10:31:23,980 [pool-82-thread-1] INFO  impl.RaftServerImpl (RaftServerImpl.java:<init>(93)) - accf000b-d7b7-4fa5-9682-da82c4451e10: new RaftServerImpl for group-D45BE2A15B92:[accf000b-d7b7-4fa5-9682-da82c4451e10:192.168.36.114:36033] with ContainerStateMachine:uninitialized
2019-09-12 10:31:23,981 [pool-82-thread-1] INFO  server.RaftServerConfigKeys (ConfUtils.java:logGet(43)) - raft.server.rpc.timeout.min = 1s (custom)
2019-09-12 10:31:23,981 [pool-82-thread-1] INFO  server.RaftServerConfigKeys (ConfUtils.java:logGet(43)) - raft.server.rpc.timeout.max = 1200ms (custom)
2019-09-12 10:31:23,981 [pool-82-thread-1] INFO  server.RaftServerConfigKeys (ConfUtils.java:logGet(43)) - raft.server.rpcslowness.timeout = 120s (custom)
2019-09-12 10:31:23,981 [pool-82-thread-1] INFO  server.RaftServerConfigKeys (ConfUtils.java:logGet(43)) - raft.server.sleep.deviation.threshold = 300 (default)
2019-09-12 10:31:23,981 [pool-82-thread-1] INFO  server.RaftServerConfigKeys (ConfUtils.java:logGet(43)) - raft.server.log.appender.install.snapshot.enabled = false (custom)
2019-09-12 10:31:23,982 [pool-82-thread-1] INFO  impl.RaftServerImpl (ServerState.java:<init>(105)) - accf000b-d7b7-4fa5-9682-da82c4451e10:group-D45BE2A15B92 ConfigurationManager, init=-1: [accf000b-d7b7-4fa5-9682-da82c4451e10:192.168.36.114:36033], old=null, confs=<EMPTY_MAP>
2019-09-12 10:31:23,982 [pool-82-thread-1] INFO  server.RaftServerConfigKeys (ConfUtils.java:logGet(43)) - raft.server.storage.dir = [/workdir/hadoop-ozone/integration-test/target/test-dir/MiniOzoneClusterImpl-b2817a3f-1508-41b1-b0fd-9fa975eef5fc/datanode-5/data/ratis] (custom)
2019-09-12 10:31:23,982 [pool-82-thread-1] INFO  storage.RaftStorageDirectory (RaftStorageDirectory.java:analyzeStorage(246)) - The storage directory /workdir/hadoop-ozone/integration-test/target/test-dir/MiniOzoneClusterImpl-b2817a3f-1508-41b1-b0fd-9fa975eef5fc/datanode-5/data/ratis/1835dc76-5946-4029-b5f1-d45be2a15b92 does not exist. Creating ...
2019-09-12 10:31:23,992 [pool-82-thread-1] INFO  storage.RaftStorageDirectory (RaftStorageDirectory.java:tryLock(328)) - Lock on /workdir/hadoop-ozone/integration-test/target/test-dir/MiniOzoneClusterImpl-b2817a3f-1508-41b1-b0fd-9fa975eef5fc/datanode-5/data/ratis/1835dc76-5946-4029-b5f1-d45be2a15b92/in_use.lock acquired by nodename 1396@pr-hdds-1569-58hkm-1881083799
2019-09-12 10:31:23,994 [Thread-317] INFO  impl.FollowerState (FollowerState.java:run(106)) - f17b4253-95a0-4ee6-8ded-88f070f15b33:group-6431A75F1052 changes to CANDIDATE, lastRpcTime:1078, electionTimeout:1078ms
2019-09-12 10:31:23,994 [Thread-317] INFO  impl.RoleInfo (RoleInfo.java:shutdownFollowerState(121)) - f17b4253-95a0-4ee6-8ded-88f070f15b33: shutdown FollowerState
2019-09-12 10:31:23,994 [Thread-317] INFO  impl.RaftServerImpl (RaftServerImpl.java:setRole(171)) - f17b4253-95a0-4ee6-8ded-88f070f15b33:group-6431A75F1052 changes role from FOLLOWER to CANDIDATE at term 0 for changeToCandidate
2019-09-12 10:31:23,994 [Thread-317] INFO  impl.RoleInfo (RoleInfo.java:updateAndGet(143)) - f17b4253-95a0-4ee6-8ded-88f070f15b33: start LeaderElection
2019-09-12 10:31:24,005 [pool-82-thread-1] INFO  storage.RaftStorage (RaftStorage.java:format(72)) - Storage directory /workdir/hadoop-ozone/integration-test/target/test-dir/MiniOzoneClusterImpl-b2817a3f-1508-41b1-b0fd-9fa975eef5fc/datanode-5/data/ratis/1835dc76-5946-4029-b5f1-d45be2a15b92 has been successfully formatted.
2019-09-12 10:31:24,015 [pool-82-thread-1] INFO  ratis.ContainerStateMachine (ContainerStateMachine.java:loadSnapshot(226)) - group-D45BE2A15B92: The snapshot info is null. Setting the last applied indexto:(t:0, i:~)
2019-09-12 10:31:24,015 [pool-82-thread-1] INFO  server.RaftServerConfigKeys (ConfUtils.java:logGet(43)) - raft.server.leader.election.timeout = 120s (custom)
2019-09-12 10:31:24,015 [pool-82-thread-1] INFO  server.RaftServerConfigKeys (ConfUtils.java:logGet(43)) - raft.server.log.use.memory = false (default)
2019-09-12 10:31:24,015 [pool-82-thread-1] INFO  server.RaftServerConfigKeys (ConfUtils.java:logGet(43)) - raft.server.log.purge.gap = 1000000 (custom)
2019-09-12 10:31:24,015 [pool-82-thread-1] INFO  server.RaftServerConfigKeys (ConfUtils.java:logGet(43)) - raft.server.log.appender.buffer.byte-limit = 33554432 (custom)
2019-09-12 10:31:24,016 [pool-82-thread-1] INFO  server.RaftServerConfigKeys (ConfUtils.java:logGet(43)) - raft.server.log.segment.size.max = 1048576 (custom)
2019-09-12 10:31:24,016 [pool-82-thread-1] INFO  server.RaftServerConfigKeys (ConfUtils.java:logGet(43)) - raft.server.log.segment.cache.num.max = 2 (custom)
2019-09-12 10:31:24,016 [pool-82-thread-1] INFO  segmented.SegmentedRaftLogWorker (SegmentedRaftLogWorker.java:<init>(172)) - new accf000b-d7b7-4fa5-9682-da82c4451e10-SegmentedRaftLogWorker:Storage Directory /workdir/hadoop-ozone/integration-test/target/test-dir/MiniOzoneClusterImpl-b2817a3f-1508-41b1-b0fd-9fa975eef5fc/datanode-5/data/ratis/1835dc76-5946-4029-b5f1-d45be2a15b92 for RaftStorage:Storage Directory /workdir/hadoop-ozone/integration-test/target/test-dir/MiniOzoneClusterImpl-b2817a3f-1508-41b1-b0fd-9fa975eef5fc/datanode-5/data/ratis/1835dc76-5946-4029-b5f1-d45be2a15b92
2019-09-12 10:31:24,016 [pool-82-thread-1] INFO  server.RaftServerConfigKeys (ConfUtils.java:logGet(43)) - raft.server.log.queue.byte-limit = 2147483647 (custom)
2019-09-12 10:31:24,016 [pool-82-thread-1] INFO  server.RaftServerConfigKeys (ConfUtils.java:logGet(43)) - raft.server.log.queue.element-limit = 1024 (custom)
2019-09-12 10:31:24,017 [pool-82-thread-1] INFO  server.RaftServerConfigKeys (ConfUtils.java:logGet(43)) - raft.server.log.segment.size.max = 1048576 (custom)
2019-09-12 10:31:24,017 [pool-82-thread-1] INFO  server.RaftServerConfigKeys (ConfUtils.java:logGet(43)) - raft.server.log.preallocated.size = 16384 (custom)
2019-09-12 10:31:24,017 [pool-82-thread-1] INFO  server.RaftServerConfigKeys (ConfUtils.java:logGet(43)) - raft.server.log.write.buffer.size = 33554432 (custom)
2019-09-12 10:31:24,017 [pool-82-thread-1] INFO  server.RaftServerConfigKeys (ConfUtils.java:logGet(43)) - raft.server.log.force.sync.num = 128 (default)
2019-09-12 10:31:24,017 [pool-82-thread-1] INFO  server.RaftServerConfigKeys (ConfUtils.java:logGet(43)) - raft.server.log.statemachine.data.sync = true (default)
2019-09-12 10:31:24,017 [pool-82-thread-1] INFO  server.RaftServerConfigKeys (ConfUtils.java:logGet(43)) - raft.server.log.statemachine.data.sync.timeout = 10s (default)
2019-09-12 10:31:24,017 [pool-82-thread-1] INFO  server.RaftServerConfigKeys (ConfUtils.java:logGet(43)) - raft.server.log.statemachine.data.sync.timeout.retry = -1 (default)
2019-09-12 10:31:24,018 [pool-82-thread-1] INFO  server.RaftServerConfigKeys (ConfUtils.java:logGet(43)) - raft.server.log.statemachine.data.caching.enabled = true (custom)
2019-09-12 10:31:24,018 [pool-82-thread-1] INFO  segmented.SegmentedRaftLogWorker (SegmentedRaftLogWorker.java:lambda$new$0(132)) - accf000b-d7b7-4fa5-9682-da82c4451e10-SegmentedRaftLogWorker:Storage Directory /workdir/hadoop-ozone/integration-test/target/test-dir/MiniOzoneClusterImpl-b2817a3f-1508-41b1-b0fd-9fa975eef5fc/datanode-5/data/ratis/1835dc76-5946-4029-b5f1-d45be2a15b92: flushIndex: setUnconditionally 0 -> -1
2019-09-12 10:31:24,018 [pool-82-thread-1] INFO  server.RaftServerConfigKeys (ConfUtils.java:logGet(43)) - raft.server.snapshot.auto.trigger.enabled = true (custom)
2019-09-12 10:31:24,019 [pool-82-thread-1] INFO  server.RaftServerConfigKeys (ConfUtils.java:logGet(43)) - raft.server.snapshot.auto.trigger.threshold = 10000 (custom)
2019-09-12 10:31:24,019 [pool-82-thread-1] INFO  server.RaftServerConfigKeys (ConfUtils.java:logGet(43)) - raft.server.retrycache.expirytime = 600000ms (custom)
2019-09-12 10:31:24,019 [pool-82-thread-1] INFO  impl.RaftServerImpl (RaftServerImpl.java:start(180)) - accf000b-d7b7-4fa5-9682-da82c4451e10: start group-D45BE2A15B92
2019-09-12 10:31:24,019 [pool-82-thread-1] INFO  impl.RaftServerImpl (RaftServerImpl.java:setRole(171)) - accf000b-d7b7-4fa5-9682-da82c4451e10:group-D45BE2A15B92 changes role from null to FOLLOWER at term 0 for startAsFollower
2019-09-12 10:31:24,019 [pool-82-thread-1] INFO  impl.RoleInfo (RoleInfo.java:updateAndGet(143)) - accf000b-d7b7-4fa5-9682-da82c4451e10: start FollowerState
2019-09-12 10:31:24,020 [pool-82-thread-1] INFO  util.JmxRegister (JmxRegister.java:tryRegister(44)) - Successfully registered JMX Bean with object name Ratis:service=RaftServer,group=group-D45BE2A15B92,id=accf000b-d7b7-4fa5-9682-da82c4451e10
2019-09-12 10:31:24,025 [RatisPipelineUtilsThread] INFO  pipeline.PipelineStateManager (PipelineStateManager.java:addPipeline(56)) - Created pipeline Pipeline[ Id: 1835dc76-5946-4029-b5f1-d45be2a15b92, Nodes: accf000b-d7b7-4fa5-9682-da82c4451e10{ip: 192.168.36.114, host: pr-hdds-1569-58hkm-1881083799, networkLocation: /default-rack, certSerialId: null}, Type:RATIS, Factor:ONE, State:OPEN]
2019-09-12 10:31:24,025 [RatisPipelineUtilsThread] ERROR pipeline.PipelinePlacementPolicy (PipelinePlacementPolicy.java:meetCriteria(92)) - Pipeline Placement: Doesn't meet the criteria to be viable node. Heaviness: 6
2019-09-12 10:31:24,025 [RatisPipelineUtilsThread] ERROR pipeline.PipelinePlacementPolicy (PipelinePlacementPolicy.java:meetCriteria(92)) - Pipeline Placement: Doesn't meet the criteria to be viable node. Heaviness: 6
2019-09-12 10:31:24,025 [RatisPipelineUtilsThread] ERROR pipeline.PipelinePlacementPolicy (PipelinePlacementPolicy.java:meetCriteria(92)) - Pipeline Placement: Doesn't meet the criteria to be viable node. Heaviness: 6
2019-09-12 10:31:24,026 [RatisPipelineUtilsThread] ERROR pipeline.PipelinePlacementPolicy (PipelinePlacementPolicy.java:meetCriteria(92)) - Pipeline Placement: Doesn't meet the criteria to be viable node. Heaviness: 6
2019-09-12 10:31:24,027 [f17b4253-95a0-4ee6-8ded-88f070f15b33:group-6431A75F1052:LeaderElection20] INFO  impl.LeaderElection (LeaderElection.java:askForVotes(181)) - f17b4253-95a0-4ee6-8ded-88f070f15b33:group-6431A75F1052:LeaderElection20: begin an election at term 1 for -1: [f17b4253-95a0-4ee6-8ded-88f070f15b33:192.168.36.114:35683], old=null
2019-09-12 10:31:24,027 [f17b4253-95a0-4ee6-8ded-88f070f15b33:group-6431A75F1052:LeaderElection20] INFO  impl.RoleInfo (RoleInfo.java:shutdownLeaderElection(134)) - f17b4253-95a0-4ee6-8ded-88f070f15b33: shutdown LeaderElection
2019-09-12 10:31:24,028 [f17b4253-95a0-4ee6-8ded-88f070f15b33:group-6431A75F1052:LeaderElection20] INFO  impl.RaftServerImpl (RaftServerImpl.java:setRole(171)) - f17b4253-95a0-4ee6-8ded-88f070f15b33:group-6431A75F1052 changes role from CANDIDATE to LEADER at term 1 for changeToLeader
2019-09-12 10:31:24,028 [f17b4253-95a0-4ee6-8ded-88f070f15b33:group-6431A75F1052:LeaderElection20] INFO  impl.RaftServerImpl (ServerState.java:setLeader(263)) - f17b4253-95a0-4ee6-8ded-88f070f15b33:group-6431A75F1052 change Leader from null to f17b4253-95a0-4ee6-8ded-88f070f15b33 at term 1 for becomeLeader, leader elected after 1116ms
2019-09-12 10:31:24,028 [f17b4253-95a0-4ee6-8ded-88f070f15b33:group-6431A75F1052:LeaderElection20] INFO  server.RaftServerConfigKeys (ConfUtils.java:logGet(43)) - raft.server.staging.catchup.gap = 1000 (default)
2019-09-12 10:31:24,029 [f17b4253-95a0-4ee6-8ded-88f070f15b33:group-6431A75F1052:LeaderElection20] INFO  server.RaftServerConfigKeys (ConfUtils.java:logGet(43)) - raft.server.rpc.sleep.time = 25ms (default)
2019-09-12 10:31:24,030 [f17b4253-95a0-4ee6-8ded-88f070f15b33:group-6431A75F1052:LeaderElection20] INFO  server.RaftServerConfigKeys (ConfUtils.java:logGet(43)) - raft.server.write.element-limit = 4096 (default)
2019-09-12 10:31:24,030 [f17b4253-95a0-4ee6-8ded-88f070f15b33:group-6431A75F1052:LeaderElection20] INFO  server.RaftServerConfigKeys (ConfUtils.java:logGet(43)) - raft.server.watch.timeout = 10s (default)
2019-09-12 10:31:24,030 [f17b4253-95a0-4ee6-8ded-88f070f15b33:group-6431A75F1052:LeaderElection20] INFO  server.RaftServerConfigKeys (ConfUtils.java:logGet(43)) - raft.server.watch.timeout.denomination = 1s (default)
2019-09-12 10:31:24,030 [f17b4253-95a0-4ee6-8ded-88f070f15b33:group-6431A75F1052:LeaderElection20] INFO  server.RaftServerConfigKeys (ConfUtils.java:logGet(43)) - raft.server.watch.element-limit = 65536 (default)
2019-09-12 10:31:24,030 [f17b4253-95a0-4ee6-8ded-88f070f15b33:group-6431A75F1052:LeaderElection20] INFO  impl.RoleInfo (RoleInfo.java:updateAndGet(143)) - f17b4253-95a0-4ee6-8ded-88f070f15b33: start LeaderState
2019-09-12 10:31:24,030 [f17b4253-95a0-4ee6-8ded-88f070f15b33:group-6431A75F1052:LeaderElection20] INFO  segmented.SegmentedRaftLogWorker (SegmentedRaftLogWorker.java:startLogSegment(380)) - f17b4253-95a0-4ee6-8ded-88f070f15b33-SegmentedRaftLogWorker:Storage Directory /workdir/hadoop-ozone/integration-test/target/test-dir/MiniOzoneClusterImpl-b2817a3f-1508-41b1-b0fd-9fa975eef5fc/datanode-3/data/ratis/fb68c88d-a346-4b3f-a6b2-6431a75f1052: Starting segment from index:0
2019-09-12 10:31:24,031 [f17b4253-95a0-4ee6-8ded-88f070f15b33:group-6431A75F1052:LeaderElection20] INFO  impl.RaftServerImpl (ServerState.java:setRaftConf(361)) - f17b4253-95a0-4ee6-8ded-88f070f15b33:group-6431A75F1052 set configuration 0: [f17b4253-95a0-4ee6-8ded-88f070f15b33:192.168.36.114:35683], old=null at 0
2019-09-12 10:31:24,074 | INFO  | SCMAudit | user=jenkins1000 | ip=192.168.36.114 | op=SEND_HEARTBEAT {datanodeUUID=2cb9d557-cb56-4745-8686-5e72b62e748a, command=[]} | ret=SUCCESS |  
2019-09-12 10:31:24,075 [f17b4253-95a0-4ee6-8ded-88f070f15b33-SegmentedRaftLogWorker:Storage Directory /workdir/hadoop-ozone/integration-test/target/test-dir/MiniOzoneClusterImpl-b2817a3f-1508-41b1-b0fd-9fa975eef5fc/datanode-3/data/ratis/fb68c88d-a346-4b3f-a6b2-6431a75f1052] INFO  segmented.SegmentedRaftLogWorker (SegmentedRaftLogWorker.java:execute(569)) - f17b4253-95a0-4ee6-8ded-88f070f15b33-SegmentedRaftLogWorker:Storage Directory /workdir/hadoop-ozone/integration-test/target/test-dir/MiniOzoneClusterImpl-b2817a3f-1508-41b1-b0fd-9fa975eef5fc/datanode-3/data/ratis/fb68c88d-a346-4b3f-a6b2-6431a75f1052: created new log segment /workdir/hadoop-ozone/integration-test/target/test-dir/MiniOzoneClusterImpl-b2817a3f-1508-41b1-b0fd-9fa975eef5fc/datanode-3/data/ratis/fb68c88d-a346-4b3f-a6b2-6431a75f1052/current/log_inprogress_0
2019-09-12 10:31:24,078 [grpc-default-executor-0] INFO  impl.RaftServerProxy (RaftServerProxy.java:addNew(89)) - accf000b-d7b7-4fa5-9682-da82c4451e10: addNew group-79E5CEF8DAC9:[accf000b-d7b7-4fa5-9682-da82c4451e10:192.168.36.114:36033] returns group-79E5CEF8DAC9:java.util.concurrent.CompletableFuture@3377a0c9[Not completed]
2019-09-12 10:31:24,080 [pool-82-thread-1] INFO  impl.RaftServerImpl (RaftServerImpl.java:<init>(93)) - accf000b-d7b7-4fa5-9682-da82c4451e10: new RaftServerImpl for group-79E5CEF8DAC9:[accf000b-d7b7-4fa5-9682-da82c4451e10:192.168.36.114:36033] with ContainerStateMachine:uninitialized
2019-09-12 10:31:24,080 [pool-82-thread-1] INFO  server.RaftServerConfigKeys (ConfUtils.java:logGet(43)) - raft.server.rpc.timeout.min = 1s (custom)
2019-09-12 10:31:24,080 [pool-82-thread-1] INFO  server.RaftServerConfigKeys (ConfUtils.java:logGet(43)) - raft.server.rpc.timeout.max = 1200ms (custom)
2019-09-12 10:31:24,081 [pool-82-thread-1] INFO  server.RaftServerConfigKeys (ConfUtils.java:logGet(43)) - raft.server.rpcslowness.timeout = 120s (custom)
2019-09-12 10:31:24,081 [pool-82-thread-1] INFO  server.RaftServerConfigKeys (ConfUtils.java:logGet(43)) - raft.server.sleep.deviation.threshold = 300 (default)
2019-09-12 10:31:24,081 [pool-82-thread-1] INFO  server.RaftServerConfigKeys (ConfUtils.java:logGet(43)) - raft.server.log.appender.install.snapshot.enabled = false (custom)
2019-09-12 10:31:24,081 [pool-82-thread-1] INFO  impl.RaftServerImpl (ServerState.java:<init>(105)) - accf000b-d7b7-4fa5-9682-da82c4451e10:group-79E5CEF8DAC9 ConfigurationManager, init=-1: [accf000b-d7b7-4fa5-9682-da82c4451e10:192.168.36.114:36033], old=null, confs=<EMPTY_MAP>
2019-09-12 10:31:24,081 [pool-82-thread-1] INFO  server.RaftServerConfigKeys (ConfUtils.java:logGet(43)) - raft.server.storage.dir = [/workdir/hadoop-ozone/integration-test/target/test-dir/MiniOzoneClusterImpl-b2817a3f-1508-41b1-b0fd-9fa975eef5fc/datanode-5/data/ratis] (custom)
2019-09-12 10:31:24,082 [pool-82-thread-1] INFO  storage.RaftStorageDirectory (RaftStorageDirectory.java:analyzeStorage(246)) - The storage directory /workdir/hadoop-ozone/integration-test/target/test-dir/MiniOzoneClusterImpl-b2817a3f-1508-41b1-b0fd-9fa975eef5fc/datanode-5/data/ratis/6c78a830-c90a-42fd-82d9-79e5cef8dac9 does not exist. Creating ...
2019-09-12 10:31:24,108 [pool-82-thread-1] INFO  storage.RaftStorageDirectory (RaftStorageDirectory.java:tryLock(328)) - Lock on /workdir/hadoop-ozone/integration-test/target/test-dir/MiniOzoneClusterImpl-b2817a3f-1508-41b1-b0fd-9fa975eef5fc/datanode-5/data/ratis/6c78a830-c90a-42fd-82d9-79e5cef8dac9/in_use.lock acquired by nodename 1396@pr-hdds-1569-58hkm-1881083799
2019-09-12 10:31:24,129 [pool-82-thread-1] INFO  storage.RaftStorage (RaftStorage.java:format(72)) - Storage directory /workdir/hadoop-ozone/integration-test/target/test-dir/MiniOzoneClusterImpl-b2817a3f-1508-41b1-b0fd-9fa975eef5fc/datanode-5/data/ratis/6c78a830-c90a-42fd-82d9-79e5cef8dac9 has been successfully formatted.
2019-09-12 10:31:24,129 [pool-82-thread-1] INFO  ratis.ContainerStateMachine (ContainerStateMachine.java:loadSnapshot(226)) - group-79E5CEF8DAC9: The snapshot info is null. Setting the last applied indexto:(t:0, i:~)
2019-09-12 10:31:24,129 [pool-82-thread-1] INFO  server.RaftServerConfigKeys (ConfUtils.java:logGet(43)) - raft.server.leader.election.timeout = 120s (custom)
2019-09-12 10:31:24,130 [pool-82-thread-1] INFO  server.RaftServerConfigKeys (ConfUtils.java:logGet(43)) - raft.server.log.use.memory = false (default)
2019-09-12 10:31:24,130 [pool-82-thread-1] INFO  server.RaftServerConfigKeys (ConfUtils.java:logGet(43)) - raft.server.log.purge.gap = 1000000 (custom)
2019-09-12 10:31:24,130 [pool-82-thread-1] INFO  server.RaftServerConfigKeys (ConfUtils.java:logGet(43)) - raft.server.log.appender.buffer.byte-limit = 33554432 (custom)
2019-09-12 10:31:24,130 [pool-82-thread-1] INFO  server.RaftServerConfigKeys (ConfUtils.java:logGet(43)) - raft.server.log.segment.size.max = 1048576 (custom)
2019-09-12 10:31:24,130 [pool-82-thread-1] INFO  server.RaftServerConfigKeys (ConfUtils.java:logGet(43)) - raft.server.log.segment.cache.num.max = 2 (custom)
2019-09-12 10:31:24,130 [pool-82-thread-1] INFO  segmented.SegmentedRaftLogWorker (SegmentedRaftLogWorker.java:<init>(172)) - new accf000b-d7b7-4fa5-9682-da82c4451e10-SegmentedRaftLogWorker:Storage Directory /workdir/hadoop-ozone/integration-test/target/test-dir/MiniOzoneClusterImpl-b2817a3f-1508-41b1-b0fd-9fa975eef5fc/datanode-5/data/ratis/6c78a830-c90a-42fd-82d9-79e5cef8dac9 for RaftStorage:Storage Directory /workdir/hadoop-ozone/integration-test/target/test-dir/MiniOzoneClusterImpl-b2817a3f-1508-41b1-b0fd-9fa975eef5fc/datanode-5/data/ratis/6c78a830-c90a-42fd-82d9-79e5cef8dac9
2019-09-12 10:31:24,131 [pool-82-thread-1] INFO  server.RaftServerConfigKeys (ConfUtils.java:logGet(43)) - raft.server.log.queue.byte-limit = 2147483647 (custom)
2019-09-12 10:31:24,131 [pool-82-thread-1] INFO  server.RaftServerConfigKeys (ConfUtils.java:logGet(43)) - raft.server.log.queue.element-limit = 1024 (custom)
2019-09-12 10:31:24,131 [pool-82-thread-1] INFO  server.RaftServerConfigKeys (ConfUtils.java:logGet(43)) - raft.server.log.segment.size.max = 1048576 (custom)
2019-09-12 10:31:24,131 [pool-82-thread-1] INFO  server.RaftServerConfigKeys (ConfUtils.java:logGet(43)) - raft.server.log.preallocated.size = 16384 (custom)
2019-09-12 10:31:24,131 [pool-82-thread-1] INFO  server.RaftServerConfigKeys (ConfUtils.java:logGet(43)) - raft.server.log.write.buffer.size = 33554432 (custom)
2019-09-12 10:31:24,131 [pool-82-thread-1] INFO  server.RaftServerConfigKeys (ConfUtils.java:logGet(43)) - raft.server.log.force.sync.num = 128 (default)
2019-09-12 10:31:24,131 [pool-82-thread-1] INFO  server.RaftServerConfigKeys (ConfUtils.java:logGet(43)) - raft.server.log.statemachine.data.sync = true (default)
2019-09-12 10:31:24,132 [pool-82-thread-1] INFO  server.RaftServerConfigKeys (ConfUtils.java:logGet(43)) - raft.server.log.statemachine.data.sync.timeout = 10s (default)
2019-09-12 10:31:24,132 [pool-82-thread-1] INFO  server.RaftServerConfigKeys (ConfUtils.java:logGet(43)) - raft.server.log.statemachine.data.sync.timeout.retry = -1 (default)
2019-09-12 10:31:24,132 [pool-82-thread-1] INFO  server.RaftServerConfigKeys (ConfUtils.java:logGet(43)) - raft.server.log.statemachine.data.caching.enabled = true (custom)
2019-09-12 10:31:24,132 [pool-82-thread-1] INFO  segmented.SegmentedRaftLogWorker (SegmentedRaftLogWorker.java:lambda$new$0(132)) - accf000b-d7b7-4fa5-9682-da82c4451e10-SegmentedRaftLogWorker:Storage Directory /workdir/hadoop-ozone/integration-test/target/test-dir/MiniOzoneClusterImpl-b2817a3f-1508-41b1-b0fd-9fa975eef5fc/datanode-5/data/ratis/6c78a830-c90a-42fd-82d9-79e5cef8dac9: flushIndex: setUnconditionally 0 -> -1
2019-09-12 10:31:24,133 [pool-82-thread-1] INFO  server.RaftServerConfigKeys (ConfUtils.java:logGet(43)) - raft.server.snapshot.auto.trigger.enabled = true (custom)
2019-09-12 10:31:24,133 [pool-82-thread-1] INFO  server.RaftServerConfigKeys (ConfUtils.java:logGet(43)) - raft.server.snapshot.auto.trigger.threshold = 10000 (custom)
2019-09-12 10:31:24,133 [pool-82-thread-1] INFO  server.RaftServerConfigKeys (ConfUtils.java:logGet(43)) - raft.server.retrycache.expirytime = 600000ms (custom)
2019-09-12 10:31:24,133 [pool-82-thread-1] INFO  impl.RaftServerImpl (RaftServerImpl.java:start(180)) - accf000b-d7b7-4fa5-9682-da82c4451e10: start group-79E5CEF8DAC9
2019-09-12 10:31:24,133 [pool-82-thread-1] INFO  impl.RaftServerImpl (RaftServerImpl.java:setRole(171)) - accf000b-d7b7-4fa5-9682-da82c4451e10:group-79E5CEF8DAC9 changes role from null to FOLLOWER at term 0 for startAsFollower
2019-09-12 10:31:24,134 [pool-82-thread-1] INFO  impl.RoleInfo (RoleInfo.java:updateAndGet(143)) - accf000b-d7b7-4fa5-9682-da82c4451e10: start FollowerState
2019-09-12 10:31:24,134 [Thread-321] INFO  impl.FollowerState (FollowerState.java:run(106)) - f17b4253-95a0-4ee6-8ded-88f070f15b33:group-80898589BFE7 changes to CANDIDATE, lastRpcTime:1141, electionTimeout:1141ms
2019-09-12 10:31:24,134 [Thread-321] INFO  impl.RoleInfo (RoleInfo.java:shutdownFollowerState(121)) - f17b4253-95a0-4ee6-8ded-88f070f15b33: shutdown FollowerState
2019-09-12 10:31:24,134 [pool-82-thread-1] INFO  util.JmxRegister (JmxRegister.java:tryRegister(44)) - Successfully registered JMX Bean with object name Ratis:service=RaftServer,group=group-79E5CEF8DAC9,id=accf000b-d7b7-4fa5-9682-da82c4451e10
2019-09-12 10:31:24,134 [Thread-321] INFO  impl.RaftServerImpl (RaftServerImpl.java:setRole(171)) - f17b4253-95a0-4ee6-8ded-88f070f15b33:group-80898589BFE7 changes role from FOLLOWER to CANDIDATE at term 0 for changeToCandidate
2019-09-12 10:31:24,135 [Thread-321] INFO  impl.RoleInfo (RoleInfo.java:updateAndGet(143)) - f17b4253-95a0-4ee6-8ded-88f070f15b33: start LeaderElection
2019-09-12 10:31:24,143 [RatisPipelineUtilsThread] INFO  pipeline.PipelineStateManager (PipelineStateManager.java:addPipeline(56)) - Created pipeline Pipeline[ Id: 6c78a830-c90a-42fd-82d9-79e5cef8dac9, Nodes: accf000b-d7b7-4fa5-9682-da82c4451e10{ip: 192.168.36.114, host: pr-hdds-1569-58hkm-1881083799, networkLocation: /default-rack, certSerialId: null}, Type:RATIS, Factor:ONE, State:OPEN]
2019-09-12 10:31:24,143 [RatisPipelineUtilsThread] ERROR pipeline.PipelinePlacementPolicy (PipelinePlacementPolicy.java:meetCriteria(92)) - Pipeline Placement: Doesn't meet the criteria to be viable node. Heaviness: 6
2019-09-12 10:31:24,144 [RatisPipelineUtilsThread] ERROR pipeline.PipelinePlacementPolicy (PipelinePlacementPolicy.java:meetCriteria(92)) - Pipeline Placement: Doesn't meet the criteria to be viable node. Heaviness: 6
2019-09-12 10:31:24,144 [RatisPipelineUtilsThread] ERROR pipeline.PipelinePlacementPolicy (PipelinePlacementPolicy.java:meetCriteria(92)) - Pipeline Placement: Doesn't meet the criteria to be viable node. Heaviness: 6
2019-09-12 10:31:24,144 [RatisPipelineUtilsThread] ERROR pipeline.PipelinePlacementPolicy (PipelinePlacementPolicy.java:meetCriteria(92)) - Pipeline Placement: Doesn't meet the criteria to be viable node. Heaviness: 6
2019-09-12 10:31:24,155 [grpc-default-executor-0] INFO  impl.RaftServerProxy (RaftServerProxy.java:addNew(89)) - accf000b-d7b7-4fa5-9682-da82c4451e10: addNew group-9D2724786D91:[accf000b-d7b7-4fa5-9682-da82c4451e10:192.168.36.114:36033] returns group-9D2724786D91:java.util.concurrent.CompletableFuture@4340c1fe[Not completed]
2019-09-12 10:31:24,157 [pool-82-thread-1] INFO  impl.RaftServerImpl (RaftServerImpl.java:<init>(93)) - accf000b-d7b7-4fa5-9682-da82c4451e10: new RaftServerImpl for group-9D2724786D91:[accf000b-d7b7-4fa5-9682-da82c4451e10:192.168.36.114:36033] with ContainerStateMachine:uninitialized
2019-09-12 10:31:24,157 [pool-82-thread-1] INFO  server.RaftServerConfigKeys (ConfUtils.java:logGet(43)) - raft.server.rpc.timeout.min = 1s (custom)
2019-09-12 10:31:24,157 [pool-82-thread-1] INFO  server.RaftServerConfigKeys (ConfUtils.java:logGet(43)) - raft.server.rpc.timeout.max = 1200ms (custom)
2019-09-12 10:31:24,157 [pool-82-thread-1] INFO  server.RaftServerConfigKeys (ConfUtils.java:logGet(43)) - raft.server.rpcslowness.timeout = 120s (custom)
2019-09-12 10:31:24,157 [pool-82-thread-1] INFO  server.RaftServerConfigKeys (ConfUtils.java:logGet(43)) - raft.server.sleep.deviation.threshold = 300 (default)
2019-09-12 10:31:24,157 [pool-82-thread-1] INFO  server.RaftServerConfigKeys (ConfUtils.java:logGet(43)) - raft.server.log.appender.install.snapshot.enabled = false (custom)
2019-09-12 10:31:24,158 [pool-82-thread-1] INFO  impl.RaftServerImpl (ServerState.java:<init>(105)) - accf000b-d7b7-4fa5-9682-da82c4451e10:group-9D2724786D91 ConfigurationManager, init=-1: [accf000b-d7b7-4fa5-9682-da82c4451e10:192.168.36.114:36033], old=null, confs=<EMPTY_MAP>
2019-09-12 10:31:24,158 [pool-82-thread-1] INFO  server.RaftServerConfigKeys (ConfUtils.java:logGet(43)) - raft.server.storage.dir = [/workdir/hadoop-ozone/integration-test/target/test-dir/MiniOzoneClusterImpl-b2817a3f-1508-41b1-b0fd-9fa975eef5fc/datanode-5/data/ratis] (custom)
2019-09-12 10:31:24,158 [pool-82-thread-1] INFO  storage.RaftStorageDirectory (RaftStorageDirectory.java:analyzeStorage(246)) - The storage directory /workdir/hadoop-ozone/integration-test/target/test-dir/MiniOzoneClusterImpl-b2817a3f-1508-41b1-b0fd-9fa975eef5fc/datanode-5/data/ratis/7f04f101-90a5-472f-b516-9d2724786d91 does not exist. Creating ...
2019-09-12 10:31:24,164 [f17b4253-95a0-4ee6-8ded-88f070f15b33:group-80898589BFE7:LeaderElection21] INFO  impl.LeaderElection (LeaderElection.java:askForVotes(181)) - f17b4253-95a0-4ee6-8ded-88f070f15b33:group-80898589BFE7:LeaderElection21: begin an election at term 1 for -1: [f17b4253-95a0-4ee6-8ded-88f070f15b33:192.168.36.114:35683], old=null
2019-09-12 10:31:24,164 [f17b4253-95a0-4ee6-8ded-88f070f15b33:group-80898589BFE7:LeaderElection21] INFO  impl.RoleInfo (RoleInfo.java:shutdownLeaderElection(134)) - f17b4253-95a0-4ee6-8ded-88f070f15b33: shutdown LeaderElection
2019-09-12 10:31:24,164 [f17b4253-95a0-4ee6-8ded-88f070f15b33:group-80898589BFE7:LeaderElection21] INFO  impl.RaftServerImpl (RaftServerImpl.java:setRole(171)) - f17b4253-95a0-4ee6-8ded-88f070f15b33:group-80898589BFE7 changes role from CANDIDATE to LEADER at term 1 for changeToLeader
2019-09-12 10:31:24,164 [f17b4253-95a0-4ee6-8ded-88f070f15b33:group-80898589BFE7:LeaderElection21] INFO  impl.RaftServerImpl (ServerState.java:setLeader(263)) - f17b4253-95a0-4ee6-8ded-88f070f15b33:group-80898589BFE7 change Leader from null to f17b4253-95a0-4ee6-8ded-88f070f15b33 at term 1 for becomeLeader, leader elected after 1176ms
2019-09-12 10:31:24,164 [f17b4253-95a0-4ee6-8ded-88f070f15b33:group-80898589BFE7:LeaderElection21] INFO  server.RaftServerConfigKeys (ConfUtils.java:logGet(43)) - raft.server.staging.catchup.gap = 1000 (default)
2019-09-12 10:31:24,164 [f17b4253-95a0-4ee6-8ded-88f070f15b33:group-80898589BFE7:LeaderElection21] INFO  server.RaftServerConfigKeys (ConfUtils.java:logGet(43)) - raft.server.rpc.sleep.time = 25ms (default)
2019-09-12 10:31:24,165 [f17b4253-95a0-4ee6-8ded-88f070f15b33:group-80898589BFE7:LeaderElection21] INFO  server.RaftServerConfigKeys (ConfUtils.java:logGet(43)) - raft.server.write.element-limit = 4096 (default)
2019-09-12 10:31:24,165 [f17b4253-95a0-4ee6-8ded-88f070f15b33:group-80898589BFE7:LeaderElection21] INFO  server.RaftServerConfigKeys (ConfUtils.java:logGet(43)) - raft.server.watch.timeout = 10s (default)
2019-09-12 10:31:24,165 [f17b4253-95a0-4ee6-8ded-88f070f15b33:group-80898589BFE7:LeaderElection21] INFO  server.RaftServerConfigKeys (ConfUtils.java:logGet(43)) - raft.server.watch.timeout.denomination = 1s (default)
2019-09-12 10:31:24,165 [f17b4253-95a0-4ee6-8ded-88f070f15b33:group-80898589BFE7:LeaderElection21] INFO  server.RaftServerConfigKeys (ConfUtils.java:logGet(43)) - raft.server.watch.element-limit = 65536 (default)
2019-09-12 10:31:24,165 [f17b4253-95a0-4ee6-8ded-88f070f15b33:group-80898589BFE7:LeaderElection21] INFO  impl.RoleInfo (RoleInfo.java:updateAndGet(143)) - f17b4253-95a0-4ee6-8ded-88f070f15b33: start LeaderState
2019-09-12 10:31:24,165 [pool-82-thread-1] INFO  storage.RaftStorageDirectory (RaftStorageDirectory.java:tryLock(328)) - Lock on /workdir/hadoop-ozone/integration-test/target/test-dir/MiniOzoneClusterImpl-b2817a3f-1508-41b1-b0fd-9fa975eef5fc/datanode-5/data/ratis/7f04f101-90a5-472f-b516-9d2724786d91/in_use.lock acquired by nodename 1396@pr-hdds-1569-58hkm-1881083799
2019-09-12 10:31:24,166 [f17b4253-95a0-4ee6-8ded-88f070f15b33:group-80898589BFE7:LeaderElection21] INFO  segmented.SegmentedRaftLogWorker (SegmentedRaftLogWorker.java:startLogSegment(380)) - f17b4253-95a0-4ee6-8ded-88f070f15b33-SegmentedRaftLogWorker:Storage Directory /workdir/hadoop-ozone/integration-test/target/test-dir/MiniOzoneClusterImpl-b2817a3f-1508-41b1-b0fd-9fa975eef5fc/datanode-3/data/ratis/d8794c94-0c7e-44a3-b581-80898589bfe7: Starting segment from index:0
2019-09-12 10:31:24,166 [f17b4253-95a0-4ee6-8ded-88f070f15b33:group-80898589BFE7:LeaderElection21] INFO  impl.RaftServerImpl (ServerState.java:setRaftConf(361)) - f17b4253-95a0-4ee6-8ded-88f070f15b33:group-80898589BFE7 set configuration 0: [f17b4253-95a0-4ee6-8ded-88f070f15b33:192.168.36.114:35683], old=null at 0
2019-09-12 10:31:24,205 [pool-82-thread-1] INFO  storage.RaftStorage (RaftStorage.java:format(72)) - Storage directory /workdir/hadoop-ozone/integration-test/target/test-dir/MiniOzoneClusterImpl-b2817a3f-1508-41b1-b0fd-9fa975eef5fc/datanode-5/data/ratis/7f04f101-90a5-472f-b516-9d2724786d91 has been successfully formatted.
2019-09-12 10:31:24,208 [pool-82-thread-1] INFO  ratis.ContainerStateMachine (ContainerStateMachine.java:loadSnapshot(226)) - group-9D2724786D91: The snapshot info is null. Setting the last applied indexto:(t:0, i:~)
2019-09-12 10:31:24,208 [pool-82-thread-1] INFO  server.RaftServerConfigKeys (ConfUtils.java:logGet(43)) - raft.server.leader.election.timeout = 120s (custom)
2019-09-12 10:31:24,208 [pool-82-thread-1] INFO  server.RaftServerConfigKeys (ConfUtils.java:logGet(43)) - raft.server.log.use.memory = false (default)
2019-09-12 10:31:24,209 [pool-82-thread-1] INFO  server.RaftServerConfigKeys (ConfUtils.java:logGet(43)) - raft.server.log.purge.gap = 1000000 (custom)
2019-09-12 10:31:24,209 | INFO  | SCMAudit | user=jenkins1000 | ip=192.168.36.114 | op=SEND_HEARTBEAT {datanodeUUID=accf000b-d7b7-4fa5-9682-da82c4451e10, command=[]} | ret=SUCCESS |  
2019-09-12 10:31:24,209 [pool-82-thread-1] INFO  server.RaftServerConfigKeys (ConfUtils.java:logGet(43)) - raft.server.log.appender.buffer.byte-limit = 33554432 (custom)
2019-09-12 10:31:24,209 [pool-82-thread-1] INFO  server.RaftServerConfigKeys (ConfUtils.java:logGet(43)) - raft.server.log.segment.size.max = 1048576 (custom)
2019-09-12 10:31:24,209 [pool-82-thread-1] INFO  server.RaftServerConfigKeys (ConfUtils.java:logGet(43)) - raft.server.log.segment.cache.num.max = 2 (custom)
2019-09-12 10:31:24,210 [pool-82-thread-1] INFO  segmented.SegmentedRaftLogWorker (SegmentedRaftLogWorker.java:<init>(172)) - new accf000b-d7b7-4fa5-9682-da82c4451e10-SegmentedRaftLogWorker:Storage Directory /workdir/hadoop-ozone/integration-test/target/test-dir/MiniOzoneClusterImpl-b2817a3f-1508-41b1-b0fd-9fa975eef5fc/datanode-5/data/ratis/7f04f101-90a5-472f-b516-9d2724786d91 for RaftStorage:Storage Directory /workdir/hadoop-ozone/integration-test/target/test-dir/MiniOzoneClusterImpl-b2817a3f-1508-41b1-b0fd-9fa975eef5fc/datanode-5/data/ratis/7f04f101-90a5-472f-b516-9d2724786d91
2019-09-12 10:31:24,210 [pool-82-thread-1] INFO  server.RaftServerConfigKeys (ConfUtils.java:logGet(43)) - raft.server.log.queue.byte-limit = 2147483647 (custom)
2019-09-12 10:31:24,210 [pool-82-thread-1] INFO  server.RaftServerConfigKeys (ConfUtils.java:logGet(43)) - raft.server.log.queue.element-limit = 1024 (custom)
2019-09-12 10:31:24,210 [pool-82-thread-1] INFO  server.RaftServerConfigKeys (ConfUtils.java:logGet(43)) - raft.server.log.segment.size.max = 1048576 (custom)
2019-09-12 10:31:24,210 [pool-82-thread-1] INFO  server.RaftServerConfigKeys (ConfUtils.java:logGet(43)) - raft.server.log.preallocated.size = 16384 (custom)
2019-09-12 10:31:24,210 [pool-82-thread-1] INFO  server.RaftServerConfigKeys (ConfUtils.java:logGet(43)) - raft.server.log.write.buffer.size = 33554432 (custom)
2019-09-12 10:31:24,211 [pool-82-thread-1] INFO  server.RaftServerConfigKeys (ConfUtils.java:logGet(43)) - raft.server.log.force.sync.num = 128 (default)
2019-09-12 10:31:24,211 [pool-82-thread-1] INFO  server.RaftServerConfigKeys (ConfUtils.java:logGet(43)) - raft.server.log.statemachine.data.sync = true (default)
2019-09-12 10:31:24,211 [pool-82-thread-1] INFO  server.RaftServerConfigKeys (ConfUtils.java:logGet(43)) - raft.server.log.statemachine.data.sync.timeout = 10s (default)
2019-09-12 10:31:24,211 [pool-82-thread-1] INFO  server.RaftServerConfigKeys (ConfUtils.java:logGet(43)) - raft.server.log.statemachine.data.sync.timeout.retry = -1 (default)
2019-09-12 10:31:24,211 [pool-82-thread-1] INFO  server.RaftServerConfigKeys (ConfUtils.java:logGet(43)) - raft.server.log.statemachine.data.caching.enabled = true (custom)
2019-09-12 10:31:24,212 [pool-82-thread-1] INFO  segmented.SegmentedRaftLogWorker (SegmentedRaftLogWorker.java:lambda$new$0(132)) - accf000b-d7b7-4fa5-9682-da82c4451e10-SegmentedRaftLogWorker:Storage Directory /workdir/hadoop-ozone/integration-test/target/test-dir/MiniOzoneClusterImpl-b2817a3f-1508-41b1-b0fd-9fa975eef5fc/datanode-5/data/ratis/7f04f101-90a5-472f-b516-9d2724786d91: flushIndex: setUnconditionally 0 -> -1
2019-09-12 10:31:24,212 [pool-82-thread-1] INFO  server.RaftServerConfigKeys (ConfUtils.java:logGet(43)) - raft.server.snapshot.auto.trigger.enabled = true (custom)
2019-09-12 10:31:24,212 [pool-82-thread-1] INFO  server.RaftServerConfigKeys (ConfUtils.java:logGet(43)) - raft.server.snapshot.auto.trigger.threshold = 10000 (custom)
2019-09-12 10:31:24,212 [pool-82-thread-1] INFO  server.RaftServerConfigKeys (ConfUtils.java:logGet(43)) - raft.server.retrycache.expirytime = 600000ms (custom)
2019-09-12 10:31:24,213 [pool-82-thread-1] INFO  impl.RaftServerImpl (RaftServerImpl.java:start(180)) - accf000b-d7b7-4fa5-9682-da82c4451e10: start group-9D2724786D91
2019-09-12 10:31:24,213 [pool-82-thread-1] INFO  impl.RaftServerImpl (RaftServerImpl.java:setRole(171)) - accf000b-d7b7-4fa5-9682-da82c4451e10:group-9D2724786D91 changes role from null to FOLLOWER at term 0 for startAsFollower
2019-09-12 10:31:24,213 [pool-82-thread-1] INFO  impl.RoleInfo (RoleInfo.java:updateAndGet(143)) - accf000b-d7b7-4fa5-9682-da82c4451e10: start FollowerState
2019-09-12 10:31:24,221 [pool-82-thread-1] INFO  util.JmxRegister (JmxRegister.java:tryRegister(44)) - Successfully registered JMX Bean with object name Ratis:service=RaftServer,group=group-9D2724786D91,id=accf000b-d7b7-4fa5-9682-da82c4451e10
2019-09-12 10:31:24,229 [f17b4253-95a0-4ee6-8ded-88f070f15b33-SegmentedRaftLogWorker:Storage Directory /workdir/hadoop-ozone/integration-test/target/test-dir/MiniOzoneClusterImpl-b2817a3f-1508-41b1-b0fd-9fa975eef5fc/datanode-3/data/ratis/d8794c94-0c7e-44a3-b581-80898589bfe7] INFO  segmented.SegmentedRaftLogWorker (SegmentedRaftLogWorker.java:execute(569)) - f17b4253-95a0-4ee6-8ded-88f070f15b33-SegmentedRaftLogWorker:Storage Directory /workdir/hadoop-ozone/integration-test/target/test-dir/MiniOzoneClusterImpl-b2817a3f-1508-41b1-b0fd-9fa975eef5fc/datanode-3/data/ratis/d8794c94-0c7e-44a3-b581-80898589bfe7: created new log segment /workdir/hadoop-ozone/integration-test/target/test-dir/MiniOzoneClusterImpl-b2817a3f-1508-41b1-b0fd-9fa975eef5fc/datanode-3/data/ratis/d8794c94-0c7e-44a3-b581-80898589bfe7/current/log_inprogress_0
2019-09-12 10:31:24,233 [RatisPipelineUtilsThread] INFO  pipeline.PipelineStateManager (PipelineStateManager.java:addPipeline(56)) - Created pipeline Pipeline[ Id: 7f04f101-90a5-472f-b516-9d2724786d91, Nodes: accf000b-d7b7-4fa5-9682-da82c4451e10{ip: 192.168.36.114, host: pr-hdds-1569-58hkm-1881083799, networkLocation: /default-rack, certSerialId: null}, Type:RATIS, Factor:ONE, State:OPEN]
2019-09-12 10:31:24,234 [RatisPipelineUtilsThread] ERROR pipeline.PipelinePlacementPolicy (PipelinePlacementPolicy.java:meetCriteria(92)) - Pipeline Placement: Doesn't meet the criteria to be viable node. Heaviness: 6
2019-09-12 10:31:24,234 [RatisPipelineUtilsThread] ERROR pipeline.PipelinePlacementPolicy (PipelinePlacementPolicy.java:meetCriteria(92)) - Pipeline Placement: Doesn't meet the criteria to be viable node. Heaviness: 6
2019-09-12 10:31:24,234 [RatisPipelineUtilsThread] ERROR pipeline.PipelinePlacementPolicy (PipelinePlacementPolicy.java:meetCriteria(92)) - Pipeline Placement: Doesn't meet the criteria to be viable node. Heaviness: 6
2019-09-12 10:31:24,234 [RatisPipelineUtilsThread] ERROR pipeline.PipelinePlacementPolicy (PipelinePlacementPolicy.java:meetCriteria(92)) - Pipeline Placement: Doesn't meet the criteria to be viable node. Heaviness: 6
2019-09-12 10:31:24,234 [RatisPipelineUtilsThread] ERROR pipeline.PipelinePlacementPolicy (PipelinePlacementPolicy.java:meetCriteria(92)) - Pipeline Placement: Doesn't meet the criteria to be viable node. Heaviness: 6
2019-09-12 10:31:24,245 [grpc-default-executor-0] INFO  impl.RaftServerProxy (RaftServerProxy.java:addNew(89)) - 39df7a3f-9691-48d4-a2b1-6888489a5f8a: addNew group-9D2F0D7F158D:[39df7a3f-9691-48d4-a2b1-6888489a5f8a:192.168.36.114:35493] returns group-9D2F0D7F158D:java.util.concurrent.CompletableFuture@13623f8e[Not completed]
2019-09-12 10:31:24,247 [pool-71-thread-1] INFO  impl.RaftServerImpl (RaftServerImpl.java:<init>(93)) - 39df7a3f-9691-48d4-a2b1-6888489a5f8a: new RaftServerImpl for group-9D2F0D7F158D:[39df7a3f-9691-48d4-a2b1-6888489a5f8a:192.168.36.114:35493] with ContainerStateMachine:uninitialized
2019-09-12 10:31:24,247 [pool-71-thread-1] INFO  server.RaftServerConfigKeys (ConfUtils.java:logGet(43)) - raft.server.rpc.timeout.min = 1s (custom)
2019-09-12 10:31:24,247 [pool-71-thread-1] INFO  server.RaftServerConfigKeys (ConfUtils.java:logGet(43)) - raft.server.rpc.timeout.max = 1200ms (custom)
2019-09-12 10:31:24,248 [pool-71-thread-1] INFO  server.RaftServerConfigKeys (ConfUtils.java:logGet(43)) - raft.server.rpcslowness.timeout = 120s (custom)
2019-09-12 10:31:24,248 [pool-71-thread-1] INFO  server.RaftServerConfigKeys (ConfUtils.java:logGet(43)) - raft.server.sleep.deviation.threshold = 300 (default)
2019-09-12 10:31:24,248 [pool-71-thread-1] INFO  server.RaftServerConfigKeys (ConfUtils.java:logGet(43)) - raft.server.log.appender.install.snapshot.enabled = false (custom)
2019-09-12 10:31:24,248 [pool-71-thread-1] INFO  impl.RaftServerImpl (ServerState.java:<init>(105)) - 39df7a3f-9691-48d4-a2b1-6888489a5f8a:group-9D2F0D7F158D ConfigurationManager, init=-1: [39df7a3f-9691-48d4-a2b1-6888489a5f8a:192.168.36.114:35493], old=null, confs=<EMPTY_MAP>
2019-09-12 10:31:24,248 [pool-71-thread-1] INFO  server.RaftServerConfigKeys (ConfUtils.java:logGet(43)) - raft.server.storage.dir = [/workdir/hadoop-ozone/integration-test/target/test-dir/MiniOzoneClusterImpl-b2817a3f-1508-41b1-b0fd-9fa975eef5fc/datanode-4/data/ratis] (custom)
2019-09-12 10:31:24,249 [pool-71-thread-1] INFO  storage.RaftStorageDirectory (RaftStorageDirectory.java:analyzeStorage(246)) - The storage directory /workdir/hadoop-ozone/integration-test/target/test-dir/MiniOzoneClusterImpl-b2817a3f-1508-41b1-b0fd-9fa975eef5fc/datanode-4/data/ratis/66438874-427f-4aa4-a914-9d2f0d7f158d does not exist. Creating ...
2019-09-12 10:31:24,263 [pool-71-thread-1] INFO  storage.RaftStorageDirectory (RaftStorageDirectory.java:tryLock(328)) - Lock on /workdir/hadoop-ozone/integration-test/target/test-dir/MiniOzoneClusterImpl-b2817a3f-1508-41b1-b0fd-9fa975eef5fc/datanode-4/data/ratis/66438874-427f-4aa4-a914-9d2f0d7f158d/in_use.lock acquired by nodename 1396@pr-hdds-1569-58hkm-1881083799
2019-09-12 10:31:24,283 [pool-71-thread-1] INFO  storage.RaftStorage (RaftStorage.java:format(72)) - Storage directory /workdir/hadoop-ozone/integration-test/target/test-dir/MiniOzoneClusterImpl-b2817a3f-1508-41b1-b0fd-9fa975eef5fc/datanode-4/data/ratis/66438874-427f-4aa4-a914-9d2f0d7f158d has been successfully formatted.
2019-09-12 10:31:24,283 [pool-71-thread-1] INFO  ratis.ContainerStateMachine (ContainerStateMachine.java:loadSnapshot(226)) - group-9D2F0D7F158D: The snapshot info is null. Setting the last applied indexto:(t:0, i:~)
2019-09-12 10:31:24,283 [pool-71-thread-1] INFO  server.RaftServerConfigKeys (ConfUtils.java:logGet(43)) - raft.server.leader.election.timeout = 120s (custom)
2019-09-12 10:31:24,283 [pool-71-thread-1] INFO  server.RaftServerConfigKeys (ConfUtils.java:logGet(43)) - raft.server.log.use.memory = false (default)
2019-09-12 10:31:24,283 [pool-71-thread-1] INFO  server.RaftServerConfigKeys (ConfUtils.java:logGet(43)) - raft.server.log.purge.gap = 1000000 (custom)
2019-09-12 10:31:24,284 [pool-71-thread-1] INFO  server.RaftServerConfigKeys (ConfUtils.java:logGet(43)) - raft.server.log.appender.buffer.byte-limit = 33554432 (custom)
2019-09-12 10:31:24,284 [pool-71-thread-1] INFO  server.RaftServerConfigKeys (ConfUtils.java:logGet(43)) - raft.server.log.segment.size.max = 1048576 (custom)
2019-09-12 10:31:24,284 [pool-71-thread-1] INFO  server.RaftServerConfigKeys (ConfUtils.java:logGet(43)) - raft.server.log.segment.cache.num.max = 2 (custom)
2019-09-12 10:31:24,284 [pool-71-thread-1] INFO  segmented.SegmentedRaftLogWorker (SegmentedRaftLogWorker.java:<init>(172)) - new 39df7a3f-9691-48d4-a2b1-6888489a5f8a-SegmentedRaftLogWorker:Storage Directory /workdir/hadoop-ozone/integration-test/target/test-dir/MiniOzoneClusterImpl-b2817a3f-1508-41b1-b0fd-9fa975eef5fc/datanode-4/data/ratis/66438874-427f-4aa4-a914-9d2f0d7f158d for RaftStorage:Storage Directory /workdir/hadoop-ozone/integration-test/target/test-dir/MiniOzoneClusterImpl-b2817a3f-1508-41b1-b0fd-9fa975eef5fc/datanode-4/data/ratis/66438874-427f-4aa4-a914-9d2f0d7f158d
2019-09-12 10:31:24,284 [pool-71-thread-1] INFO  server.RaftServerConfigKeys (ConfUtils.java:logGet(43)) - raft.server.log.queue.byte-limit = 2147483647 (custom)
2019-09-12 10:31:24,285 [pool-71-thread-1] INFO  server.RaftServerConfigKeys (ConfUtils.java:logGet(43)) - raft.server.log.queue.element-limit = 1024 (custom)
2019-09-12 10:31:24,285 [pool-71-thread-1] INFO  server.RaftServerConfigKeys (ConfUtils.java:logGet(43)) - raft.server.log.segment.size.max = 1048576 (custom)
2019-09-12 10:31:24,285 [pool-71-thread-1] INFO  server.RaftServerConfigKeys (ConfUtils.java:logGet(43)) - raft.server.log.preallocated.size = 16384 (custom)
2019-09-12 10:31:24,285 [pool-71-thread-1] INFO  server.RaftServerConfigKeys (ConfUtils.java:logGet(43)) - raft.server.log.write.buffer.size = 33554432 (custom)
2019-09-12 10:31:24,285 [pool-71-thread-1] INFO  server.RaftServerConfigKeys (ConfUtils.java:logGet(43)) - raft.server.log.force.sync.num = 128 (default)
2019-09-12 10:31:24,285 [pool-71-thread-1] INFO  server.RaftServerConfigKeys (ConfUtils.java:logGet(43)) - raft.server.log.statemachine.data.sync = true (default)
2019-09-12 10:31:24,286 [pool-71-thread-1] INFO  server.RaftServerConfigKeys (ConfUtils.java:logGet(43)) - raft.server.log.statemachine.data.sync.timeout = 10s (default)
2019-09-12 10:31:24,286 [pool-71-thread-1] INFO  server.RaftServerConfigKeys (ConfUtils.java:logGet(43)) - raft.server.log.statemachine.data.sync.timeout.retry = -1 (default)
2019-09-12 10:31:24,286 [pool-71-thread-1] INFO  server.RaftServerConfigKeys (ConfUtils.java:logGet(43)) - raft.server.log.statemachine.data.caching.enabled = true (custom)
2019-09-12 10:31:24,286 [pool-71-thread-1] INFO  segmented.SegmentedRaftLogWorker (SegmentedRaftLogWorker.java:lambda$new$0(132)) - 39df7a3f-9691-48d4-a2b1-6888489a5f8a-SegmentedRaftLogWorker:Storage Directory /workdir/hadoop-ozone/integration-test/target/test-dir/MiniOzoneClusterImpl-b2817a3f-1508-41b1-b0fd-9fa975eef5fc/datanode-4/data/ratis/66438874-427f-4aa4-a914-9d2f0d7f158d: flushIndex: setUnconditionally 0 -> -1
2019-09-12 10:31:24,287 [pool-71-thread-1] INFO  server.RaftServerConfigKeys (ConfUtils.java:logGet(43)) - raft.server.snapshot.auto.trigger.enabled = true (custom)
2019-09-12 10:31:24,287 [pool-71-thread-1] INFO  server.RaftServerConfigKeys (ConfUtils.java:logGet(43)) - raft.server.snapshot.auto.trigger.threshold = 10000 (custom)
2019-09-12 10:31:24,287 [pool-71-thread-1] INFO  server.RaftServerConfigKeys (ConfUtils.java:logGet(43)) - raft.server.retrycache.expirytime = 600000ms (custom)
2019-09-12 10:31:24,287 [pool-71-thread-1] INFO  impl.RaftServerImpl (RaftServerImpl.java:start(180)) - 39df7a3f-9691-48d4-a2b1-6888489a5f8a: start group-9D2F0D7F158D
2019-09-12 10:31:24,288 [pool-71-thread-1] INFO  impl.RaftServerImpl (RaftServerImpl.java:setRole(171)) - 39df7a3f-9691-48d4-a2b1-6888489a5f8a:group-9D2F0D7F158D changes role from null to FOLLOWER at term 0 for startAsFollower
2019-09-12 10:31:24,288 [pool-71-thread-1] INFO  impl.RoleInfo (RoleInfo.java:updateAndGet(143)) - 39df7a3f-9691-48d4-a2b1-6888489a5f8a: start FollowerState
2019-09-12 10:31:24,288 [pool-71-thread-1] INFO  util.JmxRegister (JmxRegister.java:tryRegister(44)) - Successfully registered JMX Bean with object name Ratis:service=RaftServer,group=group-9D2F0D7F158D,id=39df7a3f-9691-48d4-a2b1-6888489a5f8a
2019-09-12 10:31:24,294 [RatisPipelineUtilsThread] INFO  pipeline.PipelineStateManager (PipelineStateManager.java:addPipeline(56)) - Created pipeline Pipeline[ Id: 66438874-427f-4aa4-a914-9d2f0d7f158d, Nodes: 39df7a3f-9691-48d4-a2b1-6888489a5f8a{ip: 192.168.36.114, host: pr-hdds-1569-58hkm-1881083799, networkLocation: /default-rack, certSerialId: null}, Type:RATIS, Factor:ONE, State:OPEN]
2019-09-12 10:31:24,295 [RatisPipelineUtilsThread] ERROR pipeline.PipelinePlacementPolicy (PipelinePlacementPolicy.java:meetCriteria(92)) - Pipeline Placement: Doesn't meet the criteria to be viable node. Heaviness: 6
2019-09-12 10:31:24,295 [RatisPipelineUtilsThread] ERROR pipeline.PipelinePlacementPolicy (PipelinePlacementPolicy.java:meetCriteria(92)) - Pipeline Placement: Doesn't meet the criteria to be viable node. Heaviness: 6
2019-09-12 10:31:24,295 [RatisPipelineUtilsThread] ERROR pipeline.PipelinePlacementPolicy (PipelinePlacementPolicy.java:meetCriteria(92)) - Pipeline Placement: Doesn't meet the criteria to be viable node. Heaviness: 6
2019-09-12 10:31:24,295 [RatisPipelineUtilsThread] ERROR pipeline.PipelinePlacementPolicy (PipelinePlacementPolicy.java:meetCriteria(92)) - Pipeline Placement: Doesn't meet the criteria to be viable node. Heaviness: 6
2019-09-12 10:31:24,295 [RatisPipelineUtilsThread] ERROR pipeline.PipelinePlacementPolicy (PipelinePlacementPolicy.java:meetCriteria(92)) - Pipeline Placement: Doesn't meet the criteria to be viable node. Heaviness: 6
2019-09-12 10:31:24,306 [grpc-default-executor-0] INFO  impl.RaftServerProxy (RaftServerProxy.java:addNew(89)) - c1e71898-521f-4627-a3f1-9884c4b96ced: addNew group-0F947781BB5C:[c1e71898-521f-4627-a3f1-9884c4b96ced:192.168.36.114:35690] returns group-0F947781BB5C:java.util.concurrent.CompletableFuture@71221c9a[Not completed]
2019-09-12 10:31:24,308 [pool-93-thread-1] INFO  impl.RaftServerImpl (RaftServerImpl.java:<init>(93)) - c1e71898-521f-4627-a3f1-9884c4b96ced: new RaftServerImpl for group-0F947781BB5C:[c1e71898-521f-4627-a3f1-9884c4b96ced:192.168.36.114:35690] with ContainerStateMachine:uninitialized
2019-09-12 10:31:24,308 [pool-93-thread-1] INFO  server.RaftServerConfigKeys (ConfUtils.java:logGet(43)) - raft.server.rpc.timeout.min = 1s (custom)
2019-09-12 10:31:24,308 [pool-93-thread-1] INFO  server.RaftServerConfigKeys (ConfUtils.java:logGet(43)) - raft.server.rpc.timeout.max = 1200ms (custom)
2019-09-12 10:31:24,308 [pool-93-thread-1] INFO  server.RaftServerConfigKeys (ConfUtils.java:logGet(43)) - raft.server.rpcslowness.timeout = 120s (custom)
2019-09-12 10:31:24,308 [pool-93-thread-1] INFO  server.RaftServerConfigKeys (ConfUtils.java:logGet(43)) - raft.server.sleep.deviation.threshold = 300 (default)
2019-09-12 10:31:24,309 [pool-93-thread-1] INFO  server.RaftServerConfigKeys (ConfUtils.java:logGet(43)) - raft.server.log.appender.install.snapshot.enabled = false (custom)
2019-09-12 10:31:24,309 [pool-93-thread-1] INFO  impl.RaftServerImpl (ServerState.java:<init>(105)) - c1e71898-521f-4627-a3f1-9884c4b96ced:group-0F947781BB5C ConfigurationManager, init=-1: [c1e71898-521f-4627-a3f1-9884c4b96ced:192.168.36.114:35690], old=null, confs=<EMPTY_MAP>
2019-09-12 10:31:24,309 [pool-93-thread-1] INFO  server.RaftServerConfigKeys (ConfUtils.java:logGet(43)) - raft.server.storage.dir = [/workdir/hadoop-ozone/integration-test/target/test-dir/MiniOzoneClusterImpl-b2817a3f-1508-41b1-b0fd-9fa975eef5fc/datanode-6/data/ratis] (custom)
2019-09-12 10:31:24,309 [pool-93-thread-1] INFO  storage.RaftStorageDirectory (RaftStorageDirectory.java:analyzeStorage(246)) - The storage directory /workdir/hadoop-ozone/integration-test/target/test-dir/MiniOzoneClusterImpl-b2817a3f-1508-41b1-b0fd-9fa975eef5fc/datanode-6/data/ratis/27d69fe4-5bba-4eec-9669-0f947781bb5c does not exist. Creating ...
2019-09-12 10:31:24,320 [Thread-331] INFO  impl.FollowerState (FollowerState.java:run(106)) - f17b4253-95a0-4ee6-8ded-88f070f15b33:group-BDE5A68016C0 changes to CANDIDATE, lastRpcTime:1127, electionTimeout:1127ms
2019-09-12 10:31:24,320 [Thread-331] INFO  impl.RoleInfo (RoleInfo.java:shutdownFollowerState(121)) - f17b4253-95a0-4ee6-8ded-88f070f15b33: shutdown FollowerState
2019-09-12 10:31:24,321 [Thread-331] INFO  impl.RaftServerImpl (RaftServerImpl.java:setRole(171)) - f17b4253-95a0-4ee6-8ded-88f070f15b33:group-BDE5A68016C0 changes role from FOLLOWER to CANDIDATE at term 0 for changeToCandidate
2019-09-12 10:31:24,321 [Thread-331] INFO  impl.RoleInfo (RoleInfo.java:updateAndGet(143)) - f17b4253-95a0-4ee6-8ded-88f070f15b33: start LeaderElection
2019-09-12 10:31:24,323 [pool-93-thread-1] INFO  storage.RaftStorageDirectory (RaftStorageDirectory.java:tryLock(328)) - Lock on /workdir/hadoop-ozone/integration-test/target/test-dir/MiniOzoneClusterImpl-b2817a3f-1508-41b1-b0fd-9fa975eef5fc/datanode-6/data/ratis/27d69fe4-5bba-4eec-9669-0f947781bb5c/in_use.lock acquired by nodename 1396@pr-hdds-1569-58hkm-1881083799
2019-09-12 10:31:24,356 [pool-93-thread-1] INFO  storage.RaftStorage (RaftStorage.java:format(72)) - Storage directory /workdir/hadoop-ozone/integration-test/target/test-dir/MiniOzoneClusterImpl-b2817a3f-1508-41b1-b0fd-9fa975eef5fc/datanode-6/data/ratis/27d69fe4-5bba-4eec-9669-0f947781bb5c has been successfully formatted.
2019-09-12 10:31:24,356 [f17b4253-95a0-4ee6-8ded-88f070f15b33:group-BDE5A68016C0:LeaderElection22] INFO  impl.LeaderElection (LeaderElection.java:askForVotes(181)) - f17b4253-95a0-4ee6-8ded-88f070f15b33:group-BDE5A68016C0:LeaderElection22: begin an election at term 1 for -1: [f17b4253-95a0-4ee6-8ded-88f070f15b33:192.168.36.114:35683], old=null
2019-09-12 10:31:24,357 [f17b4253-95a0-4ee6-8ded-88f070f15b33:group-BDE5A68016C0:LeaderElection22] INFO  impl.RoleInfo (RoleInfo.java:shutdownLeaderElection(134)) - f17b4253-95a0-4ee6-8ded-88f070f15b33: shutdown LeaderElection
2019-09-12 10:31:24,357 [pool-93-thread-1] INFO  ratis.ContainerStateMachine (ContainerStateMachine.java:loadSnapshot(226)) - group-0F947781BB5C: The snapshot info is null. Setting the last applied indexto:(t:0, i:~)
2019-09-12 10:31:24,357 [f17b4253-95a0-4ee6-8ded-88f070f15b33:group-BDE5A68016C0:LeaderElection22] INFO  impl.RaftServerImpl (RaftServerImpl.java:setRole(171)) - f17b4253-95a0-4ee6-8ded-88f070f15b33:group-BDE5A68016C0 changes role from CANDIDATE to LEADER at term 1 for changeToLeader
2019-09-12 10:31:24,357 [pool-93-thread-1] INFO  server.RaftServerConfigKeys (ConfUtils.java:logGet(43)) - raft.server.leader.election.timeout = 120s (custom)
2019-09-12 10:31:24,357 [f17b4253-95a0-4ee6-8ded-88f070f15b33:group-BDE5A68016C0:LeaderElection22] INFO  impl.RaftServerImpl (ServerState.java:setLeader(263)) - f17b4253-95a0-4ee6-8ded-88f070f15b33:group-BDE5A68016C0 change Leader from null to f17b4253-95a0-4ee6-8ded-88f070f15b33 at term 1 for becomeLeader, leader elected after 1201ms
2019-09-12 10:31:24,357 [pool-93-thread-1] INFO  server.RaftServerConfigKeys (ConfUtils.java:logGet(43)) - raft.server.log.use.memory = false (default)
2019-09-12 10:31:24,357 [f17b4253-95a0-4ee6-8ded-88f070f15b33:group-BDE5A68016C0:LeaderElection22] INFO  server.RaftServerConfigKeys (ConfUtils.java:logGet(43)) - raft.server.staging.catchup.gap = 1000 (default)
2019-09-12 10:31:24,357 [pool-93-thread-1] INFO  server.RaftServerConfigKeys (ConfUtils.java:logGet(43)) - raft.server.log.purge.gap = 1000000 (custom)
2019-09-12 10:31:24,358 [f17b4253-95a0-4ee6-8ded-88f070f15b33:group-BDE5A68016C0:LeaderElection22] INFO  server.RaftServerConfigKeys (ConfUtils.java:logGet(43)) - raft.server.rpc.sleep.time = 25ms (default)
2019-09-12 10:31:24,358 [pool-93-thread-1] INFO  server.RaftServerConfigKeys (ConfUtils.java:logGet(43)) - raft.server.log.appender.buffer.byte-limit = 33554432 (custom)
2019-09-12 10:31:24,358 [f17b4253-95a0-4ee6-8ded-88f070f15b33:group-BDE5A68016C0:LeaderElection22] INFO  server.RaftServerConfigKeys (ConfUtils.java:logGet(43)) - raft.server.write.element-limit = 4096 (default)
2019-09-12 10:31:24,358 [pool-93-thread-1] INFO  server.RaftServerConfigKeys (ConfUtils.java:logGet(43)) - raft.server.log.segment.size.max = 1048576 (custom)
2019-09-12 10:31:24,358 [f17b4253-95a0-4ee6-8ded-88f070f15b33:group-BDE5A68016C0:LeaderElection22] INFO  server.RaftServerConfigKeys (ConfUtils.java:logGet(43)) - raft.server.watch.timeout = 10s (default)
2019-09-12 10:31:24,358 [pool-93-thread-1] INFO  server.RaftServerConfigKeys (ConfUtils.java:logGet(43)) - raft.server.log.segment.cache.num.max = 2 (custom)
2019-09-12 10:31:24,358 [f17b4253-95a0-4ee6-8ded-88f070f15b33:group-BDE5A68016C0:LeaderElection22] INFO  server.RaftServerConfigKeys (ConfUtils.java:logGet(43)) - raft.server.watch.timeout.denomination = 1s (default)
2019-09-12 10:31:24,359 [pool-93-thread-1] INFO  segmented.SegmentedRaftLogWorker (SegmentedRaftLogWorker.java:<init>(172)) - new c1e71898-521f-4627-a3f1-9884c4b96ced-SegmentedRaftLogWorker:Storage Directory /workdir/hadoop-ozone/integration-test/target/test-dir/MiniOzoneClusterImpl-b2817a3f-1508-41b1-b0fd-9fa975eef5fc/datanode-6/data/ratis/27d69fe4-5bba-4eec-9669-0f947781bb5c for RaftStorage:Storage Directory /workdir/hadoop-ozone/integration-test/target/test-dir/MiniOzoneClusterImpl-b2817a3f-1508-41b1-b0fd-9fa975eef5fc/datanode-6/data/ratis/27d69fe4-5bba-4eec-9669-0f947781bb5c
2019-09-12 10:31:24,359 [f17b4253-95a0-4ee6-8ded-88f070f15b33:group-BDE5A68016C0:LeaderElection22] INFO  server.RaftServerConfigKeys (ConfUtils.java:logGet(43)) - raft.server.watch.element-limit = 65536 (default)
2019-09-12 10:31:24,359 [pool-93-thread-1] INFO  server.RaftServerConfigKeys (ConfUtils.java:logGet(43)) - raft.server.log.queue.byte-limit = 2147483647 (custom)
2019-09-12 10:31:24,359 [f17b4253-95a0-4ee6-8ded-88f070f15b33:group-BDE5A68016C0:LeaderElection22] INFO  impl.RoleInfo (RoleInfo.java:updateAndGet(143)) - f17b4253-95a0-4ee6-8ded-88f070f15b33: start LeaderState
2019-09-12 10:31:24,359 [pool-93-thread-1] INFO  server.RaftServerConfigKeys (ConfUtils.java:logGet(43)) - raft.server.log.queue.element-limit = 1024 (custom)
2019-09-12 10:31:24,359 [f17b4253-95a0-4ee6-8ded-88f070f15b33:group-BDE5A68016C0:LeaderElection22] INFO  segmented.SegmentedRaftLogWorker (SegmentedRaftLogWorker.java:startLogSegment(380)) - f17b4253-95a0-4ee6-8ded-88f070f15b33-SegmentedRaftLogWorker:Storage Directory /workdir/hadoop-ozone/integration-test/target/test-dir/MiniOzoneClusterImpl-b2817a3f-1508-41b1-b0fd-9fa975eef5fc/datanode-3/data/ratis/e8213075-2bf5-4b66-a8a0-bde5a68016c0: Starting segment from index:0
2019-09-12 10:31:24,359 [pool-93-thread-1] INFO  server.RaftServerConfigKeys (ConfUtils.java:logGet(43)) - raft.server.log.segment.size.max = 1048576 (custom)
2019-09-12 10:31:24,360 [pool-93-thread-1] INFO  server.RaftServerConfigKeys (ConfUtils.java:logGet(43)) - raft.server.log.preallocated.size = 16384 (custom)
2019-09-12 10:31:24,360 [pool-93-thread-1] INFO  server.RaftServerConfigKeys (ConfUtils.java:logGet(43)) - raft.server.log.write.buffer.size = 33554432 (custom)
2019-09-12 10:31:24,360 [f17b4253-95a0-4ee6-8ded-88f070f15b33:group-BDE5A68016C0:LeaderElection22] INFO  impl.RaftServerImpl (ServerState.java:setRaftConf(361)) - f17b4253-95a0-4ee6-8ded-88f070f15b33:group-BDE5A68016C0 set configuration 0: [f17b4253-95a0-4ee6-8ded-88f070f15b33:192.168.36.114:35683], old=null at 0
2019-09-12 10:31:24,360 [pool-93-thread-1] INFO  server.RaftServerConfigKeys (ConfUtils.java:logGet(43)) - raft.server.log.force.sync.num = 128 (default)
2019-09-12 10:31:24,402 [pool-93-thread-1] INFO  server.RaftServerConfigKeys (ConfUtils.java:logGet(43)) - raft.server.log.statemachine.data.sync = true (default)
2019-09-12 10:31:24,402 [pool-93-thread-1] INFO  server.RaftServerConfigKeys (ConfUtils.java:logGet(43)) - raft.server.log.statemachine.data.sync.timeout = 10s (default)
2019-09-12 10:31:24,402 [pool-93-thread-1] INFO  server.RaftServerConfigKeys (ConfUtils.java:logGet(43)) - raft.server.log.statemachine.data.sync.timeout.retry = -1 (default)
2019-09-12 10:31:24,405 [Thread-336] INFO  impl.FollowerState (FollowerState.java:run(106)) - f17b4253-95a0-4ee6-8ded-88f070f15b33:group-2C376630880E changes to CANDIDATE, lastRpcTime:1121, electionTimeout:1121ms
2019-09-12 10:31:24,405 [pool-93-thread-1] INFO  server.RaftServerConfigKeys (ConfUtils.java:logGet(43)) - raft.server.log.statemachine.data.caching.enabled = true (custom)
2019-09-12 10:31:24,405 [Thread-336] INFO  impl.RoleInfo (RoleInfo.java:shutdownFollowerState(121)) - f17b4253-95a0-4ee6-8ded-88f070f15b33: shutdown FollowerState
2019-09-12 10:31:24,405 [Thread-336] INFO  impl.RaftServerImpl (RaftServerImpl.java:setRole(171)) - f17b4253-95a0-4ee6-8ded-88f070f15b33:group-2C376630880E changes role from FOLLOWER to CANDIDATE at term 0 for changeToCandidate
2019-09-12 10:31:24,405 [pool-93-thread-1] INFO  segmented.SegmentedRaftLogWorker (SegmentedRaftLogWorker.java:lambda$new$0(132)) - c1e71898-521f-4627-a3f1-9884c4b96ced-SegmentedRaftLogWorker:Storage Directory /workdir/hadoop-ozone/integration-test/target/test-dir/MiniOzoneClusterImpl-b2817a3f-1508-41b1-b0fd-9fa975eef5fc/datanode-6/data/ratis/27d69fe4-5bba-4eec-9669-0f947781bb5c: flushIndex: setUnconditionally 0 -> -1
2019-09-12 10:31:24,406 [Thread-336] INFO  impl.RoleInfo (RoleInfo.java:updateAndGet(143)) - f17b4253-95a0-4ee6-8ded-88f070f15b33: start LeaderElection
2019-09-12 10:31:24,406 | INFO  | SCMAudit | user=jenkins1000 | ip=192.168.36.114 | op=SEND_HEARTBEAT {datanodeUUID=c1e71898-521f-4627-a3f1-9884c4b96ced, command=[]} | ret=SUCCESS |  
2019-09-12 10:31:24,406 [pool-93-thread-1] INFO  server.RaftServerConfigKeys (ConfUtils.java:logGet(43)) - raft.server.snapshot.auto.trigger.enabled = true (custom)
2019-09-12 10:31:24,406 [pool-93-thread-1] INFO  server.RaftServerConfigKeys (ConfUtils.java:logGet(43)) - raft.server.snapshot.auto.trigger.threshold = 10000 (custom)
2019-09-12 10:31:24,408 [pool-93-thread-1] INFO  server.RaftServerConfigKeys (ConfUtils.java:logGet(43)) - raft.server.retrycache.expirytime = 600000ms (custom)
2019-09-12 10:31:24,409 [pool-93-thread-1] INFO  impl.RaftServerImpl (RaftServerImpl.java:start(180)) - c1e71898-521f-4627-a3f1-9884c4b96ced: start group-0F947781BB5C
2019-09-12 10:31:24,409 [pool-93-thread-1] INFO  impl.RaftServerImpl (RaftServerImpl.java:setRole(171)) - c1e71898-521f-4627-a3f1-9884c4b96ced:group-0F947781BB5C changes role from null to FOLLOWER at term 0 for startAsFollower
2019-09-12 10:31:24,409 [pool-93-thread-1] INFO  impl.RoleInfo (RoleInfo.java:updateAndGet(143)) - c1e71898-521f-4627-a3f1-9884c4b96ced: start FollowerState
2019-09-12 10:31:24,410 [pool-93-thread-1] INFO  util.JmxRegister (JmxRegister.java:tryRegister(44)) - Successfully registered JMX Bean with object name Ratis:service=RaftServer,group=group-0F947781BB5C,id=c1e71898-521f-4627-a3f1-9884c4b96ced
2019-09-12 10:31:24,414 [f17b4253-95a0-4ee6-8ded-88f070f15b33-SegmentedRaftLogWorker:Storage Directory /workdir/hadoop-ozone/integration-test/target/test-dir/MiniOzoneClusterImpl-b2817a3f-1508-41b1-b0fd-9fa975eef5fc/datanode-3/data/ratis/e8213075-2bf5-4b66-a8a0-bde5a68016c0] INFO  segmented.SegmentedRaftLogWorker (SegmentedRaftLogWorker.java:execute(569)) - f17b4253-95a0-4ee6-8ded-88f070f15b33-SegmentedRaftLogWorker:Storage Directory /workdir/hadoop-ozone/integration-test/target/test-dir/MiniOzoneClusterImpl-b2817a3f-1508-41b1-b0fd-9fa975eef5fc/datanode-3/data/ratis/e8213075-2bf5-4b66-a8a0-bde5a68016c0: created new log segment /workdir/hadoop-ozone/integration-test/target/test-dir/MiniOzoneClusterImpl-b2817a3f-1508-41b1-b0fd-9fa975eef5fc/datanode-3/data/ratis/e8213075-2bf5-4b66-a8a0-bde5a68016c0/current/log_inprogress_0
2019-09-12 10:31:24,415 [f17b4253-95a0-4ee6-8ded-88f070f15b33:group-2C376630880E:LeaderElection23] INFO  impl.LeaderElection (LeaderElection.java:askForVotes(181)) - f17b4253-95a0-4ee6-8ded-88f070f15b33:group-2C376630880E:LeaderElection23: begin an election at term 1 for -1: [f17b4253-95a0-4ee6-8ded-88f070f15b33:192.168.36.114:35683], old=null
2019-09-12 10:31:24,415 [f17b4253-95a0-4ee6-8ded-88f070f15b33:group-2C376630880E:LeaderElection23] INFO  impl.RoleInfo (RoleInfo.java:shutdownLeaderElection(134)) - f17b4253-95a0-4ee6-8ded-88f070f15b33: shutdown LeaderElection
2019-09-12 10:31:24,415 [f17b4253-95a0-4ee6-8ded-88f070f15b33:group-2C376630880E:LeaderElection23] INFO  impl.RaftServerImpl (RaftServerImpl.java:setRole(171)) - f17b4253-95a0-4ee6-8ded-88f070f15b33:group-2C376630880E changes role from CANDIDATE to LEADER at term 1 for changeToLeader
2019-09-12 10:31:24,415 [f17b4253-95a0-4ee6-8ded-88f070f15b33:group-2C376630880E:LeaderElection23] INFO  impl.RaftServerImpl (ServerState.java:setLeader(263)) - f17b4253-95a0-4ee6-8ded-88f070f15b33:group-2C376630880E change Leader from null to f17b4253-95a0-4ee6-8ded-88f070f15b33 at term 1 for becomeLeader, leader elected after 1185ms
2019-09-12 10:31:24,415 [f17b4253-95a0-4ee6-8ded-88f070f15b33:group-2C376630880E:LeaderElection23] INFO  server.RaftServerConfigKeys (ConfUtils.java:logGet(43)) - raft.server.staging.catchup.gap = 1000 (default)
2019-09-12 10:31:24,415 [f17b4253-95a0-4ee6-8ded-88f070f15b33:group-2C376630880E:LeaderElection23] INFO  server.RaftServerConfigKeys (ConfUtils.java:logGet(43)) - raft.server.rpc.sleep.time = 25ms (default)
2019-09-12 10:31:24,416 [RatisPipelineUtilsThread] INFO  pipeline.PipelineStateManager (PipelineStateManager.java:addPipeline(56)) - Created pipeline Pipeline[ Id: 27d69fe4-5bba-4eec-9669-0f947781bb5c, Nodes: c1e71898-521f-4627-a3f1-9884c4b96ced{ip: 192.168.36.114, host: pr-hdds-1569-58hkm-1881083799, networkLocation: /default-rack, certSerialId: null}, Type:RATIS, Factor:ONE, State:OPEN]
2019-09-12 10:31:24,416 [f17b4253-95a0-4ee6-8ded-88f070f15b33:group-2C376630880E:LeaderElection23] INFO  server.RaftServerConfigKeys (ConfUtils.java:logGet(43)) - raft.server.write.element-limit = 4096 (default)
2019-09-12 10:31:24,416 [RatisPipelineUtilsThread] ERROR pipeline.PipelinePlacementPolicy (PipelinePlacementPolicy.java:meetCriteria(92)) - Pipeline Placement: Doesn't meet the criteria to be viable node. Heaviness: 6
2019-09-12 10:31:24,416 [f17b4253-95a0-4ee6-8ded-88f070f15b33:group-2C376630880E:LeaderElection23] INFO  server.RaftServerConfigKeys (ConfUtils.java:logGet(43)) - raft.server.watch.timeout = 10s (default)
2019-09-12 10:31:24,416 [RatisPipelineUtilsThread] ERROR pipeline.PipelinePlacementPolicy (PipelinePlacementPolicy.java:meetCriteria(92)) - Pipeline Placement: Doesn't meet the criteria to be viable node. Heaviness: 6
2019-09-12 10:31:24,416 [f17b4253-95a0-4ee6-8ded-88f070f15b33:group-2C376630880E:LeaderElection23] INFO  server.RaftServerConfigKeys (ConfUtils.java:logGet(43)) - raft.server.watch.timeout.denomination = 1s (default)
2019-09-12 10:31:24,417 [RatisPipelineUtilsThread] ERROR pipeline.PipelinePlacementPolicy (PipelinePlacementPolicy.java:meetCriteria(92)) - Pipeline Placement: Doesn't meet the criteria to be viable node. Heaviness: 6
2019-09-12 10:31:24,417 [f17b4253-95a0-4ee6-8ded-88f070f15b33:group-2C376630880E:LeaderElection23] INFO  server.RaftServerConfigKeys (ConfUtils.java:logGet(43)) - raft.server.watch.element-limit = 65536 (default)
2019-09-12 10:31:24,417 [RatisPipelineUtilsThread] ERROR pipeline.PipelinePlacementPolicy (PipelinePlacementPolicy.java:meetCriteria(92)) - Pipeline Placement: Doesn't meet the criteria to be viable node. Heaviness: 6
2019-09-12 10:31:24,417 [f17b4253-95a0-4ee6-8ded-88f070f15b33:group-2C376630880E:LeaderElection23] INFO  impl.RoleInfo (RoleInfo.java:updateAndGet(143)) - f17b4253-95a0-4ee6-8ded-88f070f15b33: start LeaderState
2019-09-12 10:31:24,417 [RatisPipelineUtilsThread] ERROR pipeline.PipelinePlacementPolicy (PipelinePlacementPolicy.java:meetCriteria(92)) - Pipeline Placement: Doesn't meet the criteria to be viable node. Heaviness: 6
2019-09-12 10:31:24,418 [f17b4253-95a0-4ee6-8ded-88f070f15b33:group-2C376630880E:LeaderElection23] INFO  segmented.SegmentedRaftLogWorker (SegmentedRaftLogWorker.java:startLogSegment(380)) - f17b4253-95a0-4ee6-8ded-88f070f15b33-SegmentedRaftLogWorker:Storage Directory /workdir/hadoop-ozone/integration-test/target/test-dir/MiniOzoneClusterImpl-b2817a3f-1508-41b1-b0fd-9fa975eef5fc/datanode-3/data/ratis/eb2a7766-4665-4ce1-ae5d-2c376630880e: Starting segment from index:0
2019-09-12 10:31:24,418 [f17b4253-95a0-4ee6-8ded-88f070f15b33:group-2C376630880E:LeaderElection23] INFO  impl.RaftServerImpl (ServerState.java:setRaftConf(361)) - f17b4253-95a0-4ee6-8ded-88f070f15b33:group-2C376630880E set configuration 0: [f17b4253-95a0-4ee6-8ded-88f070f15b33:192.168.36.114:35683], old=null at 0
2019-09-12 10:31:24,465 [grpc-default-executor-0] INFO  impl.RaftServerProxy (RaftServerProxy.java:addNew(89)) - 39df7a3f-9691-48d4-a2b1-6888489a5f8a: addNew group-961AB407B44C:[39df7a3f-9691-48d4-a2b1-6888489a5f8a:192.168.36.114:35493] returns group-961AB407B44C:java.util.concurrent.CompletableFuture@3fba39a[Not completed]
2019-09-12 10:31:24,466 [pool-71-thread-1] INFO  impl.RaftServerImpl (RaftServerImpl.java:<init>(93)) - 39df7a3f-9691-48d4-a2b1-6888489a5f8a: new RaftServerImpl for group-961AB407B44C:[39df7a3f-9691-48d4-a2b1-6888489a5f8a:192.168.36.114:35493] with ContainerStateMachine:uninitialized
2019-09-12 10:31:24,467 [pool-71-thread-1] INFO  server.RaftServerConfigKeys (ConfUtils.java:logGet(43)) - raft.server.rpc.timeout.min = 1s (custom)
2019-09-12 10:31:24,467 [pool-71-thread-1] INFO  server.RaftServerConfigKeys (ConfUtils.java:logGet(43)) - raft.server.rpc.timeout.max = 1200ms (custom)
2019-09-12 10:31:24,467 [pool-71-thread-1] INFO  server.RaftServerConfigKeys (ConfUtils.java:logGet(43)) - raft.server.rpcslowness.timeout = 120s (custom)
2019-09-12 10:31:24,467 [pool-71-thread-1] INFO  server.RaftServerConfigKeys (ConfUtils.java:logGet(43)) - raft.server.sleep.deviation.threshold = 300 (default)
2019-09-12 10:31:24,467 [pool-71-thread-1] INFO  server.RaftServerConfigKeys (ConfUtils.java:logGet(43)) - raft.server.log.appender.install.snapshot.enabled = false (custom)
2019-09-12 10:31:24,468 [pool-71-thread-1] INFO  impl.RaftServerImpl (ServerState.java:<init>(105)) - 39df7a3f-9691-48d4-a2b1-6888489a5f8a:group-961AB407B44C ConfigurationManager, init=-1: [39df7a3f-9691-48d4-a2b1-6888489a5f8a:192.168.36.114:35493], old=null, confs=<EMPTY_MAP>
2019-09-12 10:31:24,468 [pool-71-thread-1] INFO  server.RaftServerConfigKeys (ConfUtils.java:logGet(43)) - raft.server.storage.dir = [/workdir/hadoop-ozone/integration-test/target/test-dir/MiniOzoneClusterImpl-b2817a3f-1508-41b1-b0fd-9fa975eef5fc/datanode-4/data/ratis] (custom)
2019-09-12 10:31:24,468 [pool-71-thread-1] INFO  storage.RaftStorageDirectory (RaftStorageDirectory.java:analyzeStorage(246)) - The storage directory /workdir/hadoop-ozone/integration-test/target/test-dir/MiniOzoneClusterImpl-b2817a3f-1508-41b1-b0fd-9fa975eef5fc/datanode-4/data/ratis/29bb2a42-44cb-44b6-8d9f-961ab407b44c does not exist. Creating ...
2019-09-12 10:31:24,478 [f17b4253-95a0-4ee6-8ded-88f070f15b33-SegmentedRaftLogWorker:Storage Directory /workdir/hadoop-ozone/integration-test/target/test-dir/MiniOzoneClusterImpl-b2817a3f-1508-41b1-b0fd-9fa975eef5fc/datanode-3/data/ratis/eb2a7766-4665-4ce1-ae5d-2c376630880e] INFO  segmented.SegmentedRaftLogWorker (SegmentedRaftLogWorker.java:execute(569)) - f17b4253-95a0-4ee6-8ded-88f070f15b33-SegmentedRaftLogWorker:Storage Directory /workdir/hadoop-ozone/integration-test/target/test-dir/MiniOzoneClusterImpl-b2817a3f-1508-41b1-b0fd-9fa975eef5fc/datanode-3/data/ratis/eb2a7766-4665-4ce1-ae5d-2c376630880e: created new log segment /workdir/hadoop-ozone/integration-test/target/test-dir/MiniOzoneClusterImpl-b2817a3f-1508-41b1-b0fd-9fa975eef5fc/datanode-3/data/ratis/eb2a7766-4665-4ce1-ae5d-2c376630880e/current/log_inprogress_0
2019-09-12 10:31:24,481 [pool-71-thread-1] INFO  storage.RaftStorageDirectory (RaftStorageDirectory.java:tryLock(328)) - Lock on /workdir/hadoop-ozone/integration-test/target/test-dir/MiniOzoneClusterImpl-b2817a3f-1508-41b1-b0fd-9fa975eef5fc/datanode-4/data/ratis/29bb2a42-44cb-44b6-8d9f-961ab407b44c/in_use.lock acquired by nodename 1396@pr-hdds-1569-58hkm-1881083799
2019-09-12 10:31:24,494 [pool-71-thread-1] INFO  storage.RaftStorage (RaftStorage.java:format(72)) - Storage directory /workdir/hadoop-ozone/integration-test/target/test-dir/MiniOzoneClusterImpl-b2817a3f-1508-41b1-b0fd-9fa975eef5fc/datanode-4/data/ratis/29bb2a42-44cb-44b6-8d9f-961ab407b44c has been successfully formatted.
2019-09-12 10:31:24,495 [pool-71-thread-1] INFO  ratis.ContainerStateMachine (ContainerStateMachine.java:loadSnapshot(226)) - group-961AB407B44C: The snapshot info is null. Setting the last applied indexto:(t:0, i:~)
2019-09-12 10:31:24,495 [pool-71-thread-1] INFO  server.RaftServerConfigKeys (ConfUtils.java:logGet(43)) - raft.server.leader.election.timeout = 120s (custom)
2019-09-12 10:31:24,495 [pool-71-thread-1] INFO  server.RaftServerConfigKeys (ConfUtils.java:logGet(43)) - raft.server.log.use.memory = false (default)
2019-09-12 10:31:24,495 [pool-71-thread-1] INFO  server.RaftServerConfigKeys (ConfUtils.java:logGet(43)) - raft.server.log.purge.gap = 1000000 (custom)
2019-09-12 10:31:24,496 [pool-71-thread-1] INFO  server.RaftServerConfigKeys (ConfUtils.java:logGet(43)) - raft.server.log.appender.buffer.byte-limit = 33554432 (custom)
2019-09-12 10:31:24,496 [pool-71-thread-1] INFO  server.RaftServerConfigKeys (ConfUtils.java:logGet(43)) - raft.server.log.segment.size.max = 1048576 (custom)
2019-09-12 10:31:24,496 [pool-71-thread-1] INFO  server.RaftServerConfigKeys (ConfUtils.java:logGet(43)) - raft.server.log.segment.cache.num.max = 2 (custom)
2019-09-12 10:31:24,496 [pool-71-thread-1] INFO  segmented.SegmentedRaftLogWorker (SegmentedRaftLogWorker.java:<init>(172)) - new 39df7a3f-9691-48d4-a2b1-6888489a5f8a-SegmentedRaftLogWorker:Storage Directory /workdir/hadoop-ozone/integration-test/target/test-dir/MiniOzoneClusterImpl-b2817a3f-1508-41b1-b0fd-9fa975eef5fc/datanode-4/data/ratis/29bb2a42-44cb-44b6-8d9f-961ab407b44c for RaftStorage:Storage Directory /workdir/hadoop-ozone/integration-test/target/test-dir/MiniOzoneClusterImpl-b2817a3f-1508-41b1-b0fd-9fa975eef5fc/datanode-4/data/ratis/29bb2a42-44cb-44b6-8d9f-961ab407b44c
2019-09-12 10:31:24,496 [pool-71-thread-1] INFO  server.RaftServerConfigKeys (ConfUtils.java:logGet(43)) - raft.server.log.queue.byte-limit = 2147483647 (custom)
2019-09-12 10:31:24,497 [pool-71-thread-1] INFO  server.RaftServerConfigKeys (ConfUtils.java:logGet(43)) - raft.server.log.queue.element-limit = 1024 (custom)
2019-09-12 10:31:24,497 [pool-71-thread-1] INFO  server.RaftServerConfigKeys (ConfUtils.java:logGet(43)) - raft.server.log.segment.size.max = 1048576 (custom)
2019-09-12 10:31:24,497 [pool-71-thread-1] INFO  server.RaftServerConfigKeys (ConfUtils.java:logGet(43)) - raft.server.log.preallocated.size = 16384 (custom)
2019-09-12 10:31:24,497 [pool-71-thread-1] INFO  server.RaftServerConfigKeys (ConfUtils.java:logGet(43)) - raft.server.log.write.buffer.size = 33554432 (custom)
2019-09-12 10:31:24,497 [pool-71-thread-1] INFO  server.RaftServerConfigKeys (ConfUtils.java:logGet(43)) - raft.server.log.force.sync.num = 128 (default)
2019-09-12 10:31:24,497 [pool-71-thread-1] INFO  server.RaftServerConfigKeys (ConfUtils.java:logGet(43)) - raft.server.log.statemachine.data.sync = true (default)
2019-09-12 10:31:24,498 [pool-71-thread-1] INFO  server.RaftServerConfigKeys (ConfUtils.java:logGet(43)) - raft.server.log.statemachine.data.sync.timeout = 10s (default)
2019-09-12 10:31:24,498 [pool-71-thread-1] INFO  server.RaftServerConfigKeys (ConfUtils.java:logGet(43)) - raft.server.log.statemachine.data.sync.timeout.retry = -1 (default)
2019-09-12 10:31:24,498 [pool-71-thread-1] INFO  server.RaftServerConfigKeys (ConfUtils.java:logGet(43)) - raft.server.log.statemachine.data.caching.enabled = true (custom)
2019-09-12 10:31:24,499 [pool-71-thread-1] INFO  segmented.SegmentedRaftLogWorker (SegmentedRaftLogWorker.java:lambda$new$0(132)) - 39df7a3f-9691-48d4-a2b1-6888489a5f8a-SegmentedRaftLogWorker:Storage Directory /workdir/hadoop-ozone/integration-test/target/test-dir/MiniOzoneClusterImpl-b2817a3f-1508-41b1-b0fd-9fa975eef5fc/datanode-4/data/ratis/29bb2a42-44cb-44b6-8d9f-961ab407b44c: flushIndex: setUnconditionally 0 -> -1
2019-09-12 10:31:24,499 [pool-71-thread-1] INFO  server.RaftServerConfigKeys (ConfUtils.java:logGet(43)) - raft.server.snapshot.auto.trigger.enabled = true (custom)
2019-09-12 10:31:24,499 [pool-71-thread-1] INFO  server.RaftServerConfigKeys (ConfUtils.java:logGet(43)) - raft.server.snapshot.auto.trigger.threshold = 10000 (custom)
2019-09-12 10:31:24,500 [pool-71-thread-1] INFO  server.RaftServerConfigKeys (ConfUtils.java:logGet(43)) - raft.server.retrycache.expirytime = 600000ms (custom)
2019-09-12 10:31:24,500 [pool-71-thread-1] INFO  impl.RaftServerImpl (RaftServerImpl.java:start(180)) - 39df7a3f-9691-48d4-a2b1-6888489a5f8a: start group-961AB407B44C
2019-09-12 10:31:24,500 [pool-71-thread-1] INFO  impl.RaftServerImpl (RaftServerImpl.java:setRole(171)) - 39df7a3f-9691-48d4-a2b1-6888489a5f8a:group-961AB407B44C changes role from null to FOLLOWER at term 0 for startAsFollower
2019-09-12 10:31:24,500 [pool-71-thread-1] INFO  impl.RoleInfo (RoleInfo.java:updateAndGet(143)) - 39df7a3f-9691-48d4-a2b1-6888489a5f8a: start FollowerState
2019-09-12 10:31:24,501 [Thread-346] INFO  impl.FollowerState (FollowerState.java:run(106)) - f17b4253-95a0-4ee6-8ded-88f070f15b33:group-493DDF71656A changes to CANDIDATE, lastRpcTime:1061, electionTimeout:1061ms
2019-09-12 10:31:24,501 [Thread-346] INFO  impl.RoleInfo (RoleInfo.java:shutdownFollowerState(121)) - f17b4253-95a0-4ee6-8ded-88f070f15b33: shutdown FollowerState
2019-09-12 10:31:24,501 [pool-71-thread-1] INFO  util.JmxRegister (JmxRegister.java:tryRegister(44)) - Successfully registered JMX Bean with object name Ratis:service=RaftServer,group=group-961AB407B44C,id=39df7a3f-9691-48d4-a2b1-6888489a5f8a
2019-09-12 10:31:24,501 [Thread-346] INFO  impl.RaftServerImpl (RaftServerImpl.java:setRole(171)) - f17b4253-95a0-4ee6-8ded-88f070f15b33:group-493DDF71656A changes role from FOLLOWER to CANDIDATE at term 0 for changeToCandidate
2019-09-12 10:31:24,501 [Thread-346] INFO  impl.RoleInfo (RoleInfo.java:updateAndGet(143)) - f17b4253-95a0-4ee6-8ded-88f070f15b33: start LeaderElection
2019-09-12 10:31:24,508 [RatisPipelineUtilsThread] INFO  pipeline.PipelineStateManager (PipelineStateManager.java:addPipeline(56)) - Created pipeline Pipeline[ Id: 29bb2a42-44cb-44b6-8d9f-961ab407b44c, Nodes: 39df7a3f-9691-48d4-a2b1-6888489a5f8a{ip: 192.168.36.114, host: pr-hdds-1569-58hkm-1881083799, networkLocation: /default-rack, certSerialId: null}, Type:RATIS, Factor:ONE, State:OPEN]
2019-09-12 10:31:24,509 [RatisPipelineUtilsThread] ERROR pipeline.PipelinePlacementPolicy (PipelinePlacementPolicy.java:meetCriteria(92)) - Pipeline Placement: Doesn't meet the criteria to be viable node. Heaviness: 6
2019-09-12 10:31:24,509 [RatisPipelineUtilsThread] ERROR pipeline.PipelinePlacementPolicy (PipelinePlacementPolicy.java:meetCriteria(92)) - Pipeline Placement: Doesn't meet the criteria to be viable node. Heaviness: 6
2019-09-12 10:31:24,509 [RatisPipelineUtilsThread] ERROR pipeline.PipelinePlacementPolicy (PipelinePlacementPolicy.java:meetCriteria(92)) - Pipeline Placement: Doesn't meet the criteria to be viable node. Heaviness: 6
2019-09-12 10:31:24,509 [RatisPipelineUtilsThread] ERROR pipeline.PipelinePlacementPolicy (PipelinePlacementPolicy.java:meetCriteria(92)) - Pipeline Placement: Doesn't meet the criteria to be viable node. Heaviness: 6
2019-09-12 10:31:24,509 [Thread-341] INFO  impl.FollowerState (FollowerState.java:run(106)) - eaeff1e2-de9c-4510-872d-283eb6c3c330:group-59ABB9E07058 changes to CANDIDATE, lastRpcTime:1138, electionTimeout:1138ms
2019-09-12 10:31:24,510 [RatisPipelineUtilsThread] ERROR pipeline.PipelinePlacementPolicy (PipelinePlacementPolicy.java:meetCriteria(92)) - Pipeline Placement: Doesn't meet the criteria to be viable node. Heaviness: 6
2019-09-12 10:31:24,510 [Thread-341] INFO  impl.RoleInfo (RoleInfo.java:shutdownFollowerState(121)) - eaeff1e2-de9c-4510-872d-283eb6c3c330: shutdown FollowerState
2019-09-12 10:31:24,510 [RatisPipelineUtilsThread] ERROR pipeline.PipelinePlacementPolicy (PipelinePlacementPolicy.java:meetCriteria(92)) - Pipeline Placement: Doesn't meet the criteria to be viable node. Heaviness: 6
2019-09-12 10:31:24,510 [Thread-341] INFO  impl.RaftServerImpl (RaftServerImpl.java:setRole(171)) - eaeff1e2-de9c-4510-872d-283eb6c3c330:group-59ABB9E07058 changes role from FOLLOWER to CANDIDATE at term 0 for changeToCandidate
2019-09-12 10:31:24,510 [Thread-341] INFO  impl.RoleInfo (RoleInfo.java:updateAndGet(143)) - eaeff1e2-de9c-4510-872d-283eb6c3c330: start LeaderElection
2019-09-12 10:31:24,529 [grpc-default-executor-0] INFO  impl.RaftServerProxy (RaftServerProxy.java:addNew(89)) - c1e71898-521f-4627-a3f1-9884c4b96ced: addNew group-D589FE869276:[c1e71898-521f-4627-a3f1-9884c4b96ced:192.168.36.114:35690] returns group-D589FE869276:java.util.concurrent.CompletableFuture@15254d17[Not completed]
2019-09-12 10:31:24,530 [f17b4253-95a0-4ee6-8ded-88f070f15b33:group-493DDF71656A:LeaderElection24] INFO  impl.LeaderElection (LeaderElection.java:askForVotes(181)) - f17b4253-95a0-4ee6-8ded-88f070f15b33:group-493DDF71656A:LeaderElection24: begin an election at term 1 for -1: [f17b4253-95a0-4ee6-8ded-88f070f15b33:192.168.36.114:35683], old=null
2019-09-12 10:31:24,530 [eaeff1e2-de9c-4510-872d-283eb6c3c330:group-59ABB9E07058:LeaderElection25] INFO  impl.LeaderElection (LeaderElection.java:askForVotes(181)) - eaeff1e2-de9c-4510-872d-283eb6c3c330:group-59ABB9E07058:LeaderElection25: begin an election at term 1 for -1: [eaeff1e2-de9c-4510-872d-283eb6c3c330:192.168.36.114:37393], old=null
2019-09-12 10:31:24,530 [f17b4253-95a0-4ee6-8ded-88f070f15b33:group-493DDF71656A:LeaderElection24] INFO  impl.RoleInfo (RoleInfo.java:shutdownLeaderElection(134)) - f17b4253-95a0-4ee6-8ded-88f070f15b33: shutdown LeaderElection
2019-09-12 10:31:24,530 [eaeff1e2-de9c-4510-872d-283eb6c3c330:group-59ABB9E07058:LeaderElection25] INFO  impl.RoleInfo (RoleInfo.java:shutdownLeaderElection(134)) - eaeff1e2-de9c-4510-872d-283eb6c3c330: shutdown LeaderElection
2019-09-12 10:31:24,530 [f17b4253-95a0-4ee6-8ded-88f070f15b33:group-493DDF71656A:LeaderElection24] INFO  impl.RaftServerImpl (RaftServerImpl.java:setRole(171)) - f17b4253-95a0-4ee6-8ded-88f070f15b33:group-493DDF71656A changes role from CANDIDATE to LEADER at term 1 for changeToLeader
2019-09-12 10:31:24,530 [eaeff1e2-de9c-4510-872d-283eb6c3c330:group-59ABB9E07058:LeaderElection25] INFO  impl.RaftServerImpl (RaftServerImpl.java:setRole(171)) - eaeff1e2-de9c-4510-872d-283eb6c3c330:group-59ABB9E07058 changes role from CANDIDATE to LEADER at term 1 for changeToLeader
2019-09-12 10:31:24,531 [f17b4253-95a0-4ee6-8ded-88f070f15b33:group-493DDF71656A:LeaderElection24] INFO  impl.RaftServerImpl (ServerState.java:setLeader(263)) - f17b4253-95a0-4ee6-8ded-88f070f15b33:group-493DDF71656A change Leader from null to f17b4253-95a0-4ee6-8ded-88f070f15b33 at term 1 for becomeLeader, leader elected after 1095ms
2019-09-12 10:31:24,531 [eaeff1e2-de9c-4510-872d-283eb6c3c330:group-59ABB9E07058:LeaderElection25] INFO  impl.RaftServerImpl (ServerState.java:setLeader(263)) - eaeff1e2-de9c-4510-872d-283eb6c3c330:group-59ABB9E07058 change Leader from null to eaeff1e2-de9c-4510-872d-283eb6c3c330 at term 1 for becomeLeader, leader elected after 1201ms
2019-09-12 10:31:24,531 [pool-93-thread-1] INFO  impl.RaftServerImpl (RaftServerImpl.java:<init>(93)) - c1e71898-521f-4627-a3f1-9884c4b96ced: new RaftServerImpl for group-D589FE869276:[c1e71898-521f-4627-a3f1-9884c4b96ced:192.168.36.114:35690] with ContainerStateMachine:uninitialized
2019-09-12 10:31:24,531 [f17b4253-95a0-4ee6-8ded-88f070f15b33:group-493DDF71656A:LeaderElection24] INFO  server.RaftServerConfigKeys (ConfUtils.java:logGet(43)) - raft.server.staging.catchup.gap = 1000 (default)
2019-09-12 10:31:24,531 [pool-93-thread-1] INFO  server.RaftServerConfigKeys (ConfUtils.java:logGet(43)) - raft.server.rpc.timeout.min = 1s (custom)
2019-09-12 10:31:24,531 [eaeff1e2-de9c-4510-872d-283eb6c3c330:group-59ABB9E07058:LeaderElection25] INFO  server.RaftServerConfigKeys (ConfUtils.java:logGet(43)) - raft.server.staging.catchup.gap = 1000 (default)
2019-09-12 10:31:24,532 [pool-93-thread-1] INFO  server.RaftServerConfigKeys (ConfUtils.java:logGet(43)) - raft.server.rpc.timeout.max = 1200ms (custom)
2019-09-12 10:31:24,531 [f17b4253-95a0-4ee6-8ded-88f070f15b33:group-493DDF71656A:LeaderElection24] INFO  server.RaftServerConfigKeys (ConfUtils.java:logGet(43)) - raft.server.rpc.sleep.time = 25ms (default)
2019-09-12 10:31:24,532 [pool-93-thread-1] INFO  server.RaftServerConfigKeys (ConfUtils.java:logGet(43)) - raft.server.rpcslowness.timeout = 120s (custom)
2019-09-12 10:31:24,532 [eaeff1e2-de9c-4510-872d-283eb6c3c330:group-59ABB9E07058:LeaderElection25] INFO  server.RaftServerConfigKeys (ConfUtils.java:logGet(43)) - raft.server.rpc.sleep.time = 25ms (default)
2019-09-12 10:31:24,532 [pool-93-thread-1] INFO  server.RaftServerConfigKeys (ConfUtils.java:logGet(43)) - raft.server.sleep.deviation.threshold = 300 (default)
2019-09-12 10:31:24,532 [eaeff1e2-de9c-4510-872d-283eb6c3c330:group-59ABB9E07058:LeaderElection25] INFO  server.RaftServerConfigKeys (ConfUtils.java:logGet(43)) - raft.server.write.element-limit = 4096 (default)
2019-09-12 10:31:24,532 [f17b4253-95a0-4ee6-8ded-88f070f15b33:group-493DDF71656A:LeaderElection24] INFO  server.RaftServerConfigKeys (ConfUtils.java:logGet(43)) - raft.server.write.element-limit = 4096 (default)
2019-09-12 10:31:24,533 [eaeff1e2-de9c-4510-872d-283eb6c3c330:group-59ABB9E07058:LeaderElection25] INFO  server.RaftServerConfigKeys (ConfUtils.java:logGet(43)) - raft.server.watch.timeout = 10s (default)
2019-09-12 10:31:24,533 [eaeff1e2-de9c-4510-872d-283eb6c3c330:group-59ABB9E07058:LeaderElection25] INFO  server.RaftServerConfigKeys (ConfUtils.java:logGet(43)) - raft.server.watch.timeout.denomination = 1s (default)
2019-09-12 10:31:24,533 [pool-93-thread-1] INFO  server.RaftServerConfigKeys (ConfUtils.java:logGet(43)) - raft.server.log.appender.install.snapshot.enabled = false (custom)
2019-09-12 10:31:24,533 [eaeff1e2-de9c-4510-872d-283eb6c3c330:group-59ABB9E07058:LeaderElection25] INFO  server.RaftServerConfigKeys (ConfUtils.java:logGet(43)) - raft.server.watch.element-limit = 65536 (default)
2019-09-12 10:31:24,533 [f17b4253-95a0-4ee6-8ded-88f070f15b33:group-493DDF71656A:LeaderElection24] INFO  server.RaftServerConfigKeys (ConfUtils.java:logGet(43)) - raft.server.watch.timeout = 10s (default)
2019-09-12 10:31:24,534 [eaeff1e2-de9c-4510-872d-283eb6c3c330:group-59ABB9E07058:LeaderElection25] INFO  impl.RoleInfo (RoleInfo.java:updateAndGet(143)) - eaeff1e2-de9c-4510-872d-283eb6c3c330: start LeaderState
2019-09-12 10:31:24,533 [pool-93-thread-1] INFO  impl.RaftServerImpl (ServerState.java:<init>(105)) - c1e71898-521f-4627-a3f1-9884c4b96ced:group-D589FE869276 ConfigurationManager, init=-1: [c1e71898-521f-4627-a3f1-9884c4b96ced:192.168.36.114:35690], old=null, confs=<EMPTY_MAP>
2019-09-12 10:31:24,534 [f17b4253-95a0-4ee6-8ded-88f070f15b33:group-493DDF71656A:LeaderElection24] INFO  server.RaftServerConfigKeys (ConfUtils.java:logGet(43)) - raft.server.watch.timeout.denomination = 1s (default)
2019-09-12 10:31:24,534 [pool-93-thread-1] INFO  server.RaftServerConfigKeys (ConfUtils.java:logGet(43)) - raft.server.storage.dir = [/workdir/hadoop-ozone/integration-test/target/test-dir/MiniOzoneClusterImpl-b2817a3f-1508-41b1-b0fd-9fa975eef5fc/datanode-6/data/ratis] (custom)
2019-09-12 10:31:24,534 [eaeff1e2-de9c-4510-872d-283eb6c3c330:group-59ABB9E07058:LeaderElection25] INFO  segmented.SegmentedRaftLogWorker (SegmentedRaftLogWorker.java:startLogSegment(380)) - eaeff1e2-de9c-4510-872d-283eb6c3c330-SegmentedRaftLogWorker:Storage Directory /workdir/hadoop-ozone/integration-test/target/test-dir/MiniOzoneClusterImpl-b2817a3f-1508-41b1-b0fd-9fa975eef5fc/datanode-2/data/ratis/c57510cd-a954-47af-9785-59abb9e07058: Starting segment from index:0
2019-09-12 10:31:24,534 [f17b4253-95a0-4ee6-8ded-88f070f15b33:group-493DDF71656A:LeaderElection24] INFO  server.RaftServerConfigKeys (ConfUtils.java:logGet(43)) - raft.server.watch.element-limit = 65536 (default)
2019-09-12 10:31:24,535 [pool-93-thread-1] INFO  storage.RaftStorageDirectory (RaftStorageDirectory.java:analyzeStorage(246)) - The storage directory /workdir/hadoop-ozone/integration-test/target/test-dir/MiniOzoneClusterImpl-b2817a3f-1508-41b1-b0fd-9fa975eef5fc/datanode-6/data/ratis/4a85e376-7575-4fc4-a504-d589fe869276 does not exist. Creating ...
2019-09-12 10:31:24,535 [f17b4253-95a0-4ee6-8ded-88f070f15b33:group-493DDF71656A:LeaderElection24] INFO  impl.RoleInfo (RoleInfo.java:updateAndGet(143)) - f17b4253-95a0-4ee6-8ded-88f070f15b33: start LeaderState
2019-09-12 10:31:24,535 [eaeff1e2-de9c-4510-872d-283eb6c3c330:group-59ABB9E07058:LeaderElection25] INFO  impl.RaftServerImpl (ServerState.java:setRaftConf(361)) - eaeff1e2-de9c-4510-872d-283eb6c3c330:group-59ABB9E07058 set configuration 0: [eaeff1e2-de9c-4510-872d-283eb6c3c330:192.168.36.114:37393], old=null at 0
2019-09-12 10:31:24,577 [f17b4253-95a0-4ee6-8ded-88f070f15b33:group-493DDF71656A:LeaderElection24] INFO  segmented.SegmentedRaftLogWorker (SegmentedRaftLogWorker.java:startLogSegment(380)) - f17b4253-95a0-4ee6-8ded-88f070f15b33-SegmentedRaftLogWorker:Storage Directory /workdir/hadoop-ozone/integration-test/target/test-dir/MiniOzoneClusterImpl-b2817a3f-1508-41b1-b0fd-9fa975eef5fc/datanode-3/data/ratis/883ee10d-d1a7-4e31-bf4d-493ddf71656a: Starting segment from index:0
2019-09-12 10:31:24,578 [f17b4253-95a0-4ee6-8ded-88f070f15b33:group-493DDF71656A:LeaderElection24] INFO  impl.RaftServerImpl (ServerState.java:setRaftConf(361)) - f17b4253-95a0-4ee6-8ded-88f070f15b33:group-493DDF71656A set configuration 0: [f17b4253-95a0-4ee6-8ded-88f070f15b33:192.168.36.114:35683], old=null at 0
2019-09-12 10:31:24,619 [pool-93-thread-1] INFO  storage.RaftStorageDirectory (RaftStorageDirectory.java:tryLock(328)) - Lock on /workdir/hadoop-ozone/integration-test/target/test-dir/MiniOzoneClusterImpl-b2817a3f-1508-41b1-b0fd-9fa975eef5fc/datanode-6/data/ratis/4a85e376-7575-4fc4-a504-d589fe869276/in_use.lock acquired by nodename 1396@pr-hdds-1569-58hkm-1881083799
2019-09-12 10:31:24,619 [eaeff1e2-de9c-4510-872d-283eb6c3c330-SegmentedRaftLogWorker:Storage Directory /workdir/hadoop-ozone/integration-test/target/test-dir/MiniOzoneClusterImpl-b2817a3f-1508-41b1-b0fd-9fa975eef5fc/datanode-2/data/ratis/c57510cd-a954-47af-9785-59abb9e07058] INFO  segmented.SegmentedRaftLogWorker (SegmentedRaftLogWorker.java:execute(569)) - eaeff1e2-de9c-4510-872d-283eb6c3c330-SegmentedRaftLogWorker:Storage Directory /workdir/hadoop-ozone/integration-test/target/test-dir/MiniOzoneClusterImpl-b2817a3f-1508-41b1-b0fd-9fa975eef5fc/datanode-2/data/ratis/c57510cd-a954-47af-9785-59abb9e07058: created new log segment /workdir/hadoop-ozone/integration-test/target/test-dir/MiniOzoneClusterImpl-b2817a3f-1508-41b1-b0fd-9fa975eef5fc/datanode-2/data/ratis/c57510cd-a954-47af-9785-59abb9e07058/current/log_inprogress_0
2019-09-12 10:31:24,641 [f17b4253-95a0-4ee6-8ded-88f070f15b33-SegmentedRaftLogWorker:Storage Directory /workdir/hadoop-ozone/integration-test/target/test-dir/MiniOzoneClusterImpl-b2817a3f-1508-41b1-b0fd-9fa975eef5fc/datanode-3/data/ratis/883ee10d-d1a7-4e31-bf4d-493ddf71656a] INFO  segmented.SegmentedRaftLogWorker (SegmentedRaftLogWorker.java:execute(569)) - f17b4253-95a0-4ee6-8ded-88f070f15b33-SegmentedRaftLogWorker:Storage Directory /workdir/hadoop-ozone/integration-test/target/test-dir/MiniOzoneClusterImpl-b2817a3f-1508-41b1-b0fd-9fa975eef5fc/datanode-3/data/ratis/883ee10d-d1a7-4e31-bf4d-493ddf71656a: created new log segment /workdir/hadoop-ozone/integration-test/target/test-dir/MiniOzoneClusterImpl-b2817a3f-1508-41b1-b0fd-9fa975eef5fc/datanode-3/data/ratis/883ee10d-d1a7-4e31-bf4d-493ddf71656a/current/log_inprogress_0
2019-09-12 10:31:24,641 [pool-93-thread-1] INFO  storage.RaftStorage (RaftStorage.java:format(72)) - Storage directory /workdir/hadoop-ozone/integration-test/target/test-dir/MiniOzoneClusterImpl-b2817a3f-1508-41b1-b0fd-9fa975eef5fc/datanode-6/data/ratis/4a85e376-7575-4fc4-a504-d589fe869276 has been successfully formatted.
2019-09-12 10:31:24,641 [pool-93-thread-1] INFO  ratis.ContainerStateMachine (ContainerStateMachine.java:loadSnapshot(226)) - group-D589FE869276: The snapshot info is null. Setting the last applied indexto:(t:0, i:~)
2019-09-12 10:31:24,642 [pool-93-thread-1] INFO  server.RaftServerConfigKeys (ConfUtils.java:logGet(43)) - raft.server.leader.election.timeout = 120s (custom)
2019-09-12 10:31:24,642 | INFO  | SCMAudit | user=jenkins1000 | ip=192.168.36.114 | op=SEND_HEARTBEAT {datanodeUUID=eaeff1e2-de9c-4510-872d-283eb6c3c330, command=[]} | ret=SUCCESS |  
2019-09-12 10:31:24,642 [pool-93-thread-1] INFO  server.RaftServerConfigKeys (ConfUtils.java:logGet(43)) - raft.server.log.use.memory = false (default)
2019-09-12 10:31:24,642 | INFO  | SCMAudit | user=jenkins1000 | ip=192.168.36.114 | op=SEND_HEARTBEAT {datanodeUUID=f17b4253-95a0-4ee6-8ded-88f070f15b33, command=[]} | ret=SUCCESS |  
2019-09-12 10:31:24,642 [pool-93-thread-1] INFO  server.RaftServerConfigKeys (ConfUtils.java:logGet(43)) - raft.server.log.purge.gap = 1000000 (custom)
2019-09-12 10:31:24,642 [pool-93-thread-1] INFO  server.RaftServerConfigKeys (ConfUtils.java:logGet(43)) - raft.server.log.appender.buffer.byte-limit = 33554432 (custom)
2019-09-12 10:31:24,642 [pool-93-thread-1] INFO  server.RaftServerConfigKeys (ConfUtils.java:logGet(43)) - raft.server.log.segment.size.max = 1048576 (custom)
2019-09-12 10:31:24,643 [pool-93-thread-1] INFO  server.RaftServerConfigKeys (ConfUtils.java:logGet(43)) - raft.server.log.segment.cache.num.max = 2 (custom)
2019-09-12 10:31:24,643 [pool-93-thread-1] INFO  segmented.SegmentedRaftLogWorker (SegmentedRaftLogWorker.java:<init>(172)) - new c1e71898-521f-4627-a3f1-9884c4b96ced-SegmentedRaftLogWorker:Storage Directory /workdir/hadoop-ozone/integration-test/target/test-dir/MiniOzoneClusterImpl-b2817a3f-1508-41b1-b0fd-9fa975eef5fc/datanode-6/data/ratis/4a85e376-7575-4fc4-a504-d589fe869276 for RaftStorage:Storage Directory /workdir/hadoop-ozone/integration-test/target/test-dir/MiniOzoneClusterImpl-b2817a3f-1508-41b1-b0fd-9fa975eef5fc/datanode-6/data/ratis/4a85e376-7575-4fc4-a504-d589fe869276
2019-09-12 10:31:24,643 [pool-93-thread-1] INFO  server.RaftServerConfigKeys (ConfUtils.java:logGet(43)) - raft.server.log.queue.byte-limit = 2147483647 (custom)
2019-09-12 10:31:24,643 [pool-93-thread-1] INFO  server.RaftServerConfigKeys (ConfUtils.java:logGet(43)) - raft.server.log.queue.element-limit = 1024 (custom)
2019-09-12 10:31:24,643 [pool-93-thread-1] INFO  server.RaftServerConfigKeys (ConfUtils.java:logGet(43)) - raft.server.log.segment.size.max = 1048576 (custom)
2019-09-12 10:31:24,644 [pool-93-thread-1] INFO  server.RaftServerConfigKeys (ConfUtils.java:logGet(43)) - raft.server.log.preallocated.size = 16384 (custom)
2019-09-12 10:31:24,644 [pool-93-thread-1] INFO  server.RaftServerConfigKeys (ConfUtils.java:logGet(43)) - raft.server.log.write.buffer.size = 33554432 (custom)
2019-09-12 10:31:24,644 [pool-93-thread-1] INFO  server.RaftServerConfigKeys (ConfUtils.java:logGet(43)) - raft.server.log.force.sync.num = 128 (default)
2019-09-12 10:31:24,644 [pool-93-thread-1] INFO  server.RaftServerConfigKeys (ConfUtils.java:logGet(43)) - raft.server.log.statemachine.data.sync = true (default)
2019-09-12 10:31:24,644 [pool-93-thread-1] INFO  server.RaftServerConfigKeys (ConfUtils.java:logGet(43)) - raft.server.log.statemachine.data.sync.timeout = 10s (default)
2019-09-12 10:31:24,645 [pool-93-thread-1] INFO  server.RaftServerConfigKeys (ConfUtils.java:logGet(43)) - raft.server.log.statemachine.data.sync.timeout.retry = -1 (default)
2019-09-12 10:31:24,645 [pool-93-thread-1] INFO  server.RaftServerConfigKeys (ConfUtils.java:logGet(43)) - raft.server.log.statemachine.data.caching.enabled = true (custom)
2019-09-12 10:31:24,645 [pool-93-thread-1] INFO  segmented.SegmentedRaftLogWorker (SegmentedRaftLogWorker.java:lambda$new$0(132)) - c1e71898-521f-4627-a3f1-9884c4b96ced-SegmentedRaftLogWorker:Storage Directory /workdir/hadoop-ozone/integration-test/target/test-dir/MiniOzoneClusterImpl-b2817a3f-1508-41b1-b0fd-9fa975eef5fc/datanode-6/data/ratis/4a85e376-7575-4fc4-a504-d589fe869276: flushIndex: setUnconditionally 0 -> -1
2019-09-12 10:31:24,646 [pool-93-thread-1] INFO  server.RaftServerConfigKeys (ConfUtils.java:logGet(43)) - raft.server.snapshot.auto.trigger.enabled = true (custom)
2019-09-12 10:31:24,646 [pool-93-thread-1] INFO  server.RaftServerConfigKeys (ConfUtils.java:logGet(43)) - raft.server.snapshot.auto.trigger.threshold = 10000 (custom)
2019-09-12 10:31:24,646 [pool-93-thread-1] INFO  server.RaftServerConfigKeys (ConfUtils.java:logGet(43)) - raft.server.retrycache.expirytime = 600000ms (custom)
2019-09-12 10:31:24,646 [pool-93-thread-1] INFO  impl.RaftServerImpl (RaftServerImpl.java:start(180)) - c1e71898-521f-4627-a3f1-9884c4b96ced: start group-D589FE869276
2019-09-12 10:31:24,646 [pool-93-thread-1] INFO  impl.RaftServerImpl (RaftServerImpl.java:setRole(171)) - c1e71898-521f-4627-a3f1-9884c4b96ced:group-D589FE869276 changes role from null to FOLLOWER at term 0 for startAsFollower
2019-09-12 10:31:24,647 [pool-93-thread-1] INFO  impl.RoleInfo (RoleInfo.java:updateAndGet(143)) - c1e71898-521f-4627-a3f1-9884c4b96ced: start FollowerState
2019-09-12 10:31:24,654 [pool-93-thread-1] INFO  util.JmxRegister (JmxRegister.java:tryRegister(44)) - Successfully registered JMX Bean with object name Ratis:service=RaftServer,group=group-D589FE869276,id=c1e71898-521f-4627-a3f1-9884c4b96ced
2019-09-12 10:31:24,668 [RatisPipelineUtilsThread] INFO  pipeline.PipelineStateManager (PipelineStateManager.java:addPipeline(56)) - Created pipeline Pipeline[ Id: 4a85e376-7575-4fc4-a504-d589fe869276, Nodes: c1e71898-521f-4627-a3f1-9884c4b96ced{ip: 192.168.36.114, host: pr-hdds-1569-58hkm-1881083799, networkLocation: /default-rack, certSerialId: null}, Type:RATIS, Factor:ONE, State:OPEN]
2019-09-12 10:31:24,668 [RatisPipelineUtilsThread] ERROR pipeline.PipelinePlacementPolicy (PipelinePlacementPolicy.java:meetCriteria(92)) - Pipeline Placement: Doesn't meet the criteria to be viable node. Heaviness: 6
2019-09-12 10:31:24,668 [RatisPipelineUtilsThread] ERROR pipeline.PipelinePlacementPolicy (PipelinePlacementPolicy.java:meetCriteria(92)) - Pipeline Placement: Doesn't meet the criteria to be viable node. Heaviness: 6
2019-09-12 10:31:24,668 [RatisPipelineUtilsThread] ERROR pipeline.PipelinePlacementPolicy (PipelinePlacementPolicy.java:meetCriteria(92)) - Pipeline Placement: Doesn't meet the criteria to be viable node. Heaviness: 6
2019-09-12 10:31:24,668 [RatisPipelineUtilsThread] ERROR pipeline.PipelinePlacementPolicy (PipelinePlacementPolicy.java:meetCriteria(92)) - Pipeline Placement: Doesn't meet the criteria to be viable node. Heaviness: 6
2019-09-12 10:31:24,669 [RatisPipelineUtilsThread] ERROR pipeline.PipelinePlacementPolicy (PipelinePlacementPolicy.java:meetCriteria(92)) - Pipeline Placement: Doesn't meet the criteria to be viable node. Heaviness: 6
2019-09-12 10:31:24,669 [RatisPipelineUtilsThread] ERROR pipeline.PipelinePlacementPolicy (PipelinePlacementPolicy.java:meetCriteria(92)) - Pipeline Placement: Doesn't meet the criteria to be viable node. Heaviness: 6
2019-09-12 10:31:24,688 [Thread-349] INFO  impl.FollowerState (FollowerState.java:run(106)) - accf000b-d7b7-4fa5-9682-da82c4451e10:group-3C3C218242CC changes to CANDIDATE, lastRpcTime:1188, electionTimeout:1186ms
2019-09-12 10:31:24,688 [Thread-352] INFO  impl.FollowerState (FollowerState.java:run(106)) - accf000b-d7b7-4fa5-9682-da82c4451e10:group-5A18B4FB83F4 changes to CANDIDATE, lastRpcTime:1143, electionTimeout:1141ms
2019-09-12 10:31:24,688 [Thread-349] INFO  impl.RoleInfo (RoleInfo.java:shutdownFollowerState(121)) - accf000b-d7b7-4fa5-9682-da82c4451e10: shutdown FollowerState
2019-09-12 10:31:24,688 [Thread-352] INFO  impl.RoleInfo (RoleInfo.java:shutdownFollowerState(121)) - accf000b-d7b7-4fa5-9682-da82c4451e10: shutdown FollowerState
2019-09-12 10:31:24,688 [Thread-349] INFO  impl.RaftServerImpl (RaftServerImpl.java:setRole(171)) - accf000b-d7b7-4fa5-9682-da82c4451e10:group-3C3C218242CC changes role from FOLLOWER to CANDIDATE at term 0 for changeToCandidate
2019-09-12 10:31:24,688 [Thread-352] INFO  impl.RaftServerImpl (RaftServerImpl.java:setRole(171)) - accf000b-d7b7-4fa5-9682-da82c4451e10:group-5A18B4FB83F4 changes role from FOLLOWER to CANDIDATE at term 0 for changeToCandidate
2019-09-12 10:31:24,689 [grpc-default-executor-0] INFO  impl.RaftServerProxy (RaftServerProxy.java:addNew(89)) - c1e71898-521f-4627-a3f1-9884c4b96ced: addNew group-8FA7FBD64647:[c1e71898-521f-4627-a3f1-9884c4b96ced:192.168.36.114:35690] returns group-8FA7FBD64647:java.util.concurrent.CompletableFuture@71d2e09a[Not completed]
2019-09-12 10:31:24,689 [Thread-352] INFO  impl.RoleInfo (RoleInfo.java:updateAndGet(143)) - accf000b-d7b7-4fa5-9682-da82c4451e10: start LeaderElection
2019-09-12 10:31:24,689 [Thread-349] INFO  impl.RoleInfo (RoleInfo.java:updateAndGet(143)) - accf000b-d7b7-4fa5-9682-da82c4451e10: start LeaderElection
2019-09-12 10:31:24,693 [pool-93-thread-1] INFO  impl.RaftServerImpl (RaftServerImpl.java:<init>(93)) - c1e71898-521f-4627-a3f1-9884c4b96ced: new RaftServerImpl for group-8FA7FBD64647:[c1e71898-521f-4627-a3f1-9884c4b96ced:192.168.36.114:35690] with ContainerStateMachine:uninitialized
2019-09-12 10:31:24,694 [pool-93-thread-1] INFO  server.RaftServerConfigKeys (ConfUtils.java:logGet(43)) - raft.server.rpc.timeout.min = 1s (custom)
2019-09-12 10:31:24,694 [pool-93-thread-1] INFO  server.RaftServerConfigKeys (ConfUtils.java:logGet(43)) - raft.server.rpc.timeout.max = 1200ms (custom)
2019-09-12 10:31:24,694 [pool-93-thread-1] INFO  server.RaftServerConfigKeys (ConfUtils.java:logGet(43)) - raft.server.rpcslowness.timeout = 120s (custom)
2019-09-12 10:31:24,694 [pool-93-thread-1] INFO  server.RaftServerConfigKeys (ConfUtils.java:logGet(43)) - raft.server.sleep.deviation.threshold = 300 (default)
2019-09-12 10:31:24,694 [pool-93-thread-1] INFO  server.RaftServerConfigKeys (ConfUtils.java:logGet(43)) - raft.server.log.appender.install.snapshot.enabled = false (custom)
2019-09-12 10:31:24,694 [pool-93-thread-1] INFO  impl.RaftServerImpl (ServerState.java:<init>(105)) - c1e71898-521f-4627-a3f1-9884c4b96ced:group-8FA7FBD64647 ConfigurationManager, init=-1: [c1e71898-521f-4627-a3f1-9884c4b96ced:192.168.36.114:35690], old=null, confs=<EMPTY_MAP>
2019-09-12 10:31:24,695 [pool-93-thread-1] INFO  server.RaftServerConfigKeys (ConfUtils.java:logGet(43)) - raft.server.storage.dir = [/workdir/hadoop-ozone/integration-test/target/test-dir/MiniOzoneClusterImpl-b2817a3f-1508-41b1-b0fd-9fa975eef5fc/datanode-6/data/ratis] (custom)
2019-09-12 10:31:24,695 [pool-93-thread-1] INFO  storage.RaftStorageDirectory (RaftStorageDirectory.java:analyzeStorage(246)) - The storage directory /workdir/hadoop-ozone/integration-test/target/test-dir/MiniOzoneClusterImpl-b2817a3f-1508-41b1-b0fd-9fa975eef5fc/datanode-6/data/ratis/9790c1af-13e5-4ad6-a77a-8fa7fbd64647 does not exist. Creating ...
2019-09-12 10:31:24,706 [pool-93-thread-1] INFO  storage.RaftStorageDirectory (RaftStorageDirectory.java:tryLock(328)) - Lock on /workdir/hadoop-ozone/integration-test/target/test-dir/MiniOzoneClusterImpl-b2817a3f-1508-41b1-b0fd-9fa975eef5fc/datanode-6/data/ratis/9790c1af-13e5-4ad6-a77a-8fa7fbd64647/in_use.lock acquired by nodename 1396@pr-hdds-1569-58hkm-1881083799
2019-09-12 10:31:24,706 [accf000b-d7b7-4fa5-9682-da82c4451e10:group-5A18B4FB83F4:LeaderElection27] INFO  impl.LeaderElection (LeaderElection.java:askForVotes(181)) - accf000b-d7b7-4fa5-9682-da82c4451e10:group-5A18B4FB83F4:LeaderElection27: begin an election at term 1 for -1: [accf000b-d7b7-4fa5-9682-da82c4451e10:192.168.36.114:36033], old=null
2019-09-12 10:31:24,706 [accf000b-d7b7-4fa5-9682-da82c4451e10:group-3C3C218242CC:LeaderElection26] INFO  impl.LeaderElection (LeaderElection.java:askForVotes(181)) - accf000b-d7b7-4fa5-9682-da82c4451e10:group-3C3C218242CC:LeaderElection26: begin an election at term 1 for -1: [accf000b-d7b7-4fa5-9682-da82c4451e10:192.168.36.114:36033], old=null
2019-09-12 10:31:24,707 [accf000b-d7b7-4fa5-9682-da82c4451e10:group-5A18B4FB83F4:LeaderElection27] INFO  impl.RoleInfo (RoleInfo.java:shutdownLeaderElection(134)) - accf000b-d7b7-4fa5-9682-da82c4451e10: shutdown LeaderElection
2019-09-12 10:31:24,707 [accf000b-d7b7-4fa5-9682-da82c4451e10:group-3C3C218242CC:LeaderElection26] INFO  impl.RoleInfo (RoleInfo.java:shutdownLeaderElection(134)) - accf000b-d7b7-4fa5-9682-da82c4451e10: shutdown LeaderElection
2019-09-12 10:31:24,707 [accf000b-d7b7-4fa5-9682-da82c4451e10:group-5A18B4FB83F4:LeaderElection27] INFO  impl.RaftServerImpl (RaftServerImpl.java:setRole(171)) - accf000b-d7b7-4fa5-9682-da82c4451e10:group-5A18B4FB83F4 changes role from CANDIDATE to LEADER at term 1 for changeToLeader
2019-09-12 10:31:24,707 [accf000b-d7b7-4fa5-9682-da82c4451e10:group-3C3C218242CC:LeaderElection26] INFO  impl.RaftServerImpl (RaftServerImpl.java:setRole(171)) - accf000b-d7b7-4fa5-9682-da82c4451e10:group-3C3C218242CC changes role from CANDIDATE to LEADER at term 1 for changeToLeader
2019-09-12 10:31:24,707 [accf000b-d7b7-4fa5-9682-da82c4451e10:group-5A18B4FB83F4:LeaderElection27] INFO  impl.RaftServerImpl (ServerState.java:setLeader(263)) - accf000b-d7b7-4fa5-9682-da82c4451e10:group-5A18B4FB83F4 change Leader from null to accf000b-d7b7-4fa5-9682-da82c4451e10 at term 1 for becomeLeader, leader elected after 1166ms
2019-09-12 10:31:24,708 [accf000b-d7b7-4fa5-9682-da82c4451e10:group-3C3C218242CC:LeaderElection26] INFO  impl.RaftServerImpl (ServerState.java:setLeader(263)) - accf000b-d7b7-4fa5-9682-da82c4451e10:group-3C3C218242CC change Leader from null to accf000b-d7b7-4fa5-9682-da82c4451e10 at term 1 for becomeLeader, leader elected after 1212ms
2019-09-12 10:31:24,710 [accf000b-d7b7-4fa5-9682-da82c4451e10:group-5A18B4FB83F4:LeaderElection27] INFO  server.RaftServerConfigKeys (ConfUtils.java:logGet(43)) - raft.server.staging.catchup.gap = 1000 (default)
2019-09-12 10:31:24,710 [accf000b-d7b7-4fa5-9682-da82c4451e10:group-3C3C218242CC:LeaderElection26] INFO  server.RaftServerConfigKeys (ConfUtils.java:logGet(43)) - raft.server.staging.catchup.gap = 1000 (default)
2019-09-12 10:31:24,710 [accf000b-d7b7-4fa5-9682-da82c4451e10:group-5A18B4FB83F4:LeaderElection27] INFO  server.RaftServerConfigKeys (ConfUtils.java:logGet(43)) - raft.server.rpc.sleep.time = 25ms (default)
2019-09-12 10:31:24,710 [accf000b-d7b7-4fa5-9682-da82c4451e10:group-3C3C218242CC:LeaderElection26] INFO  server.RaftServerConfigKeys (ConfUtils.java:logGet(43)) - raft.server.rpc.sleep.time = 25ms (default)
2019-09-12 10:31:24,711 [accf000b-d7b7-4fa5-9682-da82c4451e10:group-5A18B4FB83F4:LeaderElection27] INFO  server.RaftServerConfigKeys (ConfUtils.java:logGet(43)) - raft.server.write.element-limit = 4096 (default)
2019-09-12 10:31:24,711 [accf000b-d7b7-4fa5-9682-da82c4451e10:group-3C3C218242CC:LeaderElection26] INFO  server.RaftServerConfigKeys (ConfUtils.java:logGet(43)) - raft.server.write.element-limit = 4096 (default)
2019-09-12 10:31:24,711 [accf000b-d7b7-4fa5-9682-da82c4451e10:group-5A18B4FB83F4:LeaderElection27] INFO  server.RaftServerConfigKeys (ConfUtils.java:logGet(43)) - raft.server.watch.timeout = 10s (default)
2019-09-12 10:31:24,711 [accf000b-d7b7-4fa5-9682-da82c4451e10:group-3C3C218242CC:LeaderElection26] INFO  server.RaftServerConfigKeys (ConfUtils.java:logGet(43)) - raft.server.watch.timeout = 10s (default)
2019-09-12 10:31:24,711 [accf000b-d7b7-4fa5-9682-da82c4451e10:group-5A18B4FB83F4:LeaderElection27] INFO  server.RaftServerConfigKeys (ConfUtils.java:logGet(43)) - raft.server.watch.timeout.denomination = 1s (default)
2019-09-12 10:31:24,711 [accf000b-d7b7-4fa5-9682-da82c4451e10:group-3C3C218242CC:LeaderElection26] INFO  server.RaftServerConfigKeys (ConfUtils.java:logGet(43)) - raft.server.watch.timeout.denomination = 1s (default)
2019-09-12 10:31:24,711 [accf000b-d7b7-4fa5-9682-da82c4451e10:group-5A18B4FB83F4:LeaderElection27] INFO  server.RaftServerConfigKeys (ConfUtils.java:logGet(43)) - raft.server.watch.element-limit = 65536 (default)
2019-09-12 10:31:24,712 [accf000b-d7b7-4fa5-9682-da82c4451e10:group-3C3C218242CC:LeaderElection26] INFO  server.RaftServerConfigKeys (ConfUtils.java:logGet(43)) - raft.server.watch.element-limit = 65536 (default)
2019-09-12 10:31:24,712 [accf000b-d7b7-4fa5-9682-da82c4451e10:group-5A18B4FB83F4:LeaderElection27] INFO  impl.RoleInfo (RoleInfo.java:updateAndGet(143)) - accf000b-d7b7-4fa5-9682-da82c4451e10: start LeaderState
2019-09-12 10:31:24,712 [accf000b-d7b7-4fa5-9682-da82c4451e10:group-3C3C218242CC:LeaderElection26] INFO  impl.RoleInfo (RoleInfo.java:updateAndGet(143)) - accf000b-d7b7-4fa5-9682-da82c4451e10: start LeaderState
2019-09-12 10:31:24,712 [accf000b-d7b7-4fa5-9682-da82c4451e10:group-5A18B4FB83F4:LeaderElection27] INFO  segmented.SegmentedRaftLogWorker (SegmentedRaftLogWorker.java:startLogSegment(380)) - accf000b-d7b7-4fa5-9682-da82c4451e10-SegmentedRaftLogWorker:Storage Directory /workdir/hadoop-ozone/integration-test/target/test-dir/MiniOzoneClusterImpl-b2817a3f-1508-41b1-b0fd-9fa975eef5fc/datanode-5/data/ratis/b69d877c-41a7-4eb6-a196-5a18b4fb83f4: Starting segment from index:0
2019-09-12 10:31:24,712 [accf000b-d7b7-4fa5-9682-da82c4451e10:group-3C3C218242CC:LeaderElection26] INFO  segmented.SegmentedRaftLogWorker (SegmentedRaftLogWorker.java:startLogSegment(380)) - accf000b-d7b7-4fa5-9682-da82c4451e10-SegmentedRaftLogWorker:Storage Directory /workdir/hadoop-ozone/integration-test/target/test-dir/MiniOzoneClusterImpl-b2817a3f-1508-41b1-b0fd-9fa975eef5fc/datanode-5/data/ratis/5e4778b0-215b-47e4-a85b-3c3c218242cc: Starting segment from index:0
2019-09-12 10:31:24,713 [accf000b-d7b7-4fa5-9682-da82c4451e10:group-5A18B4FB83F4:LeaderElection27] INFO  impl.RaftServerImpl (ServerState.java:setRaftConf(361)) - accf000b-d7b7-4fa5-9682-da82c4451e10:group-5A18B4FB83F4 set configuration 0: [accf000b-d7b7-4fa5-9682-da82c4451e10:192.168.36.114:36033], old=null at 0
2019-09-12 10:31:24,755 [pool-93-thread-1] INFO  storage.RaftStorage (RaftStorage.java:format(72)) - Storage directory /workdir/hadoop-ozone/integration-test/target/test-dir/MiniOzoneClusterImpl-b2817a3f-1508-41b1-b0fd-9fa975eef5fc/datanode-6/data/ratis/9790c1af-13e5-4ad6-a77a-8fa7fbd64647 has been successfully formatted.
2019-09-12 10:31:24,755 [accf000b-d7b7-4fa5-9682-da82c4451e10:group-3C3C218242CC:LeaderElection26] INFO  impl.RaftServerImpl (ServerState.java:setRaftConf(361)) - accf000b-d7b7-4fa5-9682-da82c4451e10:group-3C3C218242CC set configuration 0: [accf000b-d7b7-4fa5-9682-da82c4451e10:192.168.36.114:36033], old=null at 0
2019-09-12 10:31:24,758 [pool-93-thread-1] INFO  ratis.ContainerStateMachine (ContainerStateMachine.java:loadSnapshot(226)) - group-8FA7FBD64647: The snapshot info is null. Setting the last applied indexto:(t:0, i:~)
2019-09-12 10:31:24,758 [pool-93-thread-1] INFO  server.RaftServerConfigKeys (ConfUtils.java:logGet(43)) - raft.server.leader.election.timeout = 120s (custom)
2019-09-12 10:31:24,758 [pool-93-thread-1] INFO  server.RaftServerConfigKeys (ConfUtils.java:logGet(43)) - raft.server.log.use.memory = false (default)
2019-09-12 10:31:24,759 [pool-93-thread-1] INFO  server.RaftServerConfigKeys (ConfUtils.java:logGet(43)) - raft.server.log.purge.gap = 1000000 (custom)
2019-09-12 10:31:24,759 [pool-93-thread-1] INFO  server.RaftServerConfigKeys (ConfUtils.java:logGet(43)) - raft.server.log.appender.buffer.byte-limit = 33554432 (custom)
2019-09-12 10:31:24,759 [pool-93-thread-1] INFO  server.RaftServerConfigKeys (ConfUtils.java:logGet(43)) - raft.server.log.segment.size.max = 1048576 (custom)
2019-09-12 10:31:24,759 [pool-93-thread-1] INFO  server.RaftServerConfigKeys (ConfUtils.java:logGet(43)) - raft.server.log.segment.cache.num.max = 2 (custom)
2019-09-12 10:31:24,760 [pool-93-thread-1] INFO  segmented.SegmentedRaftLogWorker (SegmentedRaftLogWorker.java:<init>(172)) - new c1e71898-521f-4627-a3f1-9884c4b96ced-SegmentedRaftLogWorker:Storage Directory /workdir/hadoop-ozone/integration-test/target/test-dir/MiniOzoneClusterImpl-b2817a3f-1508-41b1-b0fd-9fa975eef5fc/datanode-6/data/ratis/9790c1af-13e5-4ad6-a77a-8fa7fbd64647 for RaftStorage:Storage Directory /workdir/hadoop-ozone/integration-test/target/test-dir/MiniOzoneClusterImpl-b2817a3f-1508-41b1-b0fd-9fa975eef5fc/datanode-6/data/ratis/9790c1af-13e5-4ad6-a77a-8fa7fbd64647
2019-09-12 10:31:24,760 [pool-93-thread-1] INFO  server.RaftServerConfigKeys (ConfUtils.java:logGet(43)) - raft.server.log.queue.byte-limit = 2147483647 (custom)
2019-09-12 10:31:24,760 [pool-93-thread-1] INFO  server.RaftServerConfigKeys (ConfUtils.java:logGet(43)) - raft.server.log.queue.element-limit = 1024 (custom)
2019-09-12 10:31:24,760 [pool-93-thread-1] INFO  server.RaftServerConfigKeys (ConfUtils.java:logGet(43)) - raft.server.log.segment.size.max = 1048576 (custom)
2019-09-12 10:31:24,760 [pool-93-thread-1] INFO  server.RaftServerConfigKeys (ConfUtils.java:logGet(43)) - raft.server.log.preallocated.size = 16384 (custom)
2019-09-12 10:31:24,760 [pool-93-thread-1] INFO  server.RaftServerConfigKeys (ConfUtils.java:logGet(43)) - raft.server.log.write.buffer.size = 33554432 (custom)
2019-09-12 10:31:24,761 [pool-93-thread-1] INFO  server.RaftServerConfigKeys (ConfUtils.java:logGet(43)) - raft.server.log.force.sync.num = 128 (default)
2019-09-12 10:31:24,761 [pool-93-thread-1] INFO  server.RaftServerConfigKeys (ConfUtils.java:logGet(43)) - raft.server.log.statemachine.data.sync = true (default)
2019-09-12 10:31:24,761 [pool-93-thread-1] INFO  server.RaftServerConfigKeys (ConfUtils.java:logGet(43)) - raft.server.log.statemachine.data.sync.timeout = 10s (default)
2019-09-12 10:31:24,761 [pool-93-thread-1] INFO  server.RaftServerConfigKeys (ConfUtils.java:logGet(43)) - raft.server.log.statemachine.data.sync.timeout.retry = -1 (default)
2019-09-12 10:31:24,762 [pool-93-thread-1] INFO  server.RaftServerConfigKeys (ConfUtils.java:logGet(43)) - raft.server.log.statemachine.data.caching.enabled = true (custom)
2019-09-12 10:31:24,762 [pool-93-thread-1] INFO  segmented.SegmentedRaftLogWorker (SegmentedRaftLogWorker.java:lambda$new$0(132)) - c1e71898-521f-4627-a3f1-9884c4b96ced-SegmentedRaftLogWorker:Storage Directory /workdir/hadoop-ozone/integration-test/target/test-dir/MiniOzoneClusterImpl-b2817a3f-1508-41b1-b0fd-9fa975eef5fc/datanode-6/data/ratis/9790c1af-13e5-4ad6-a77a-8fa7fbd64647: flushIndex: setUnconditionally 0 -> -1
2019-09-12 10:31:24,762 [pool-93-thread-1] INFO  server.RaftServerConfigKeys (ConfUtils.java:logGet(43)) - raft.server.snapshot.auto.trigger.enabled = true (custom)
2019-09-12 10:31:24,763 [pool-93-thread-1] INFO  server.RaftServerConfigKeys (ConfUtils.java:logGet(43)) - raft.server.snapshot.auto.trigger.threshold = 10000 (custom)
2019-09-12 10:31:24,763 [pool-93-thread-1] INFO  server.RaftServerConfigKeys (ConfUtils.java:logGet(43)) - raft.server.retrycache.expirytime = 600000ms (custom)
2019-09-12 10:31:24,763 [pool-93-thread-1] INFO  impl.RaftServerImpl (RaftServerImpl.java:start(180)) - c1e71898-521f-4627-a3f1-9884c4b96ced: start group-8FA7FBD64647
2019-09-12 10:31:24,763 [pool-93-thread-1] INFO  impl.RaftServerImpl (RaftServerImpl.java:setRole(171)) - c1e71898-521f-4627-a3f1-9884c4b96ced:group-8FA7FBD64647 changes role from null to FOLLOWER at term 0 for startAsFollower
2019-09-12 10:31:24,764 [pool-93-thread-1] INFO  impl.RoleInfo (RoleInfo.java:updateAndGet(143)) - c1e71898-521f-4627-a3f1-9884c4b96ced: start FollowerState
2019-09-12 10:31:24,772 [pool-93-thread-1] INFO  util.JmxRegister (JmxRegister.java:tryRegister(44)) - Successfully registered JMX Bean with object name Ratis:service=RaftServer,group=group-8FA7FBD64647,id=c1e71898-521f-4627-a3f1-9884c4b96ced
2019-09-12 10:31:24,772 [accf000b-d7b7-4fa5-9682-da82c4451e10-SegmentedRaftLogWorker:Storage Directory /workdir/hadoop-ozone/integration-test/target/test-dir/MiniOzoneClusterImpl-b2817a3f-1508-41b1-b0fd-9fa975eef5fc/datanode-5/data/ratis/b69d877c-41a7-4eb6-a196-5a18b4fb83f4] INFO  segmented.SegmentedRaftLogWorker (SegmentedRaftLogWorker.java:execute(569)) - accf000b-d7b7-4fa5-9682-da82c4451e10-SegmentedRaftLogWorker:Storage Directory /workdir/hadoop-ozone/integration-test/target/test-dir/MiniOzoneClusterImpl-b2817a3f-1508-41b1-b0fd-9fa975eef5fc/datanode-5/data/ratis/b69d877c-41a7-4eb6-a196-5a18b4fb83f4: created new log segment /workdir/hadoop-ozone/integration-test/target/test-dir/MiniOzoneClusterImpl-b2817a3f-1508-41b1-b0fd-9fa975eef5fc/datanode-5/data/ratis/b69d877c-41a7-4eb6-a196-5a18b4fb83f4/current/log_inprogress_0
2019-09-12 10:31:24,772 [accf000b-d7b7-4fa5-9682-da82c4451e10-SegmentedRaftLogWorker:Storage Directory /workdir/hadoop-ozone/integration-test/target/test-dir/MiniOzoneClusterImpl-b2817a3f-1508-41b1-b0fd-9fa975eef5fc/datanode-5/data/ratis/5e4778b0-215b-47e4-a85b-3c3c218242cc] INFO  segmented.SegmentedRaftLogWorker (SegmentedRaftLogWorker.java:execute(569)) - accf000b-d7b7-4fa5-9682-da82c4451e10-SegmentedRaftLogWorker:Storage Directory /workdir/hadoop-ozone/integration-test/target/test-dir/MiniOzoneClusterImpl-b2817a3f-1508-41b1-b0fd-9fa975eef5fc/datanode-5/data/ratis/5e4778b0-215b-47e4-a85b-3c3c218242cc: created new log segment /workdir/hadoop-ozone/integration-test/target/test-dir/MiniOzoneClusterImpl-b2817a3f-1508-41b1-b0fd-9fa975eef5fc/datanode-5/data/ratis/5e4778b0-215b-47e4-a85b-3c3c218242cc/current/log_inprogress_0
2019-09-12 10:31:24,787 [Thread-357] INFO  impl.FollowerState (FollowerState.java:run(106)) - 39df7a3f-9691-48d4-a2b1-6888489a5f8a:group-E840F6E7A742 changes to CANDIDATE, lastRpcTime:1165, electionTimeout:1162ms
2019-09-12 10:31:24,787 [Thread-357] INFO  impl.RoleInfo (RoleInfo.java:shutdownFollowerState(121)) - 39df7a3f-9691-48d4-a2b1-6888489a5f8a: shutdown FollowerState
2019-09-12 10:31:24,787 [Thread-357] INFO  impl.RaftServerImpl (RaftServerImpl.java:setRole(171)) - 39df7a3f-9691-48d4-a2b1-6888489a5f8a:group-E840F6E7A742 changes role from FOLLOWER to CANDIDATE at term 0 for changeToCandidate
2019-09-12 10:31:24,787 [Thread-357] INFO  impl.RoleInfo (RoleInfo.java:updateAndGet(143)) - 39df7a3f-9691-48d4-a2b1-6888489a5f8a: start LeaderElection
2019-09-12 10:31:24,791 [RatisPipelineUtilsThread] INFO  pipeline.PipelineStateManager (PipelineStateManager.java:addPipeline(56)) - Created pipeline Pipeline[ Id: 9790c1af-13e5-4ad6-a77a-8fa7fbd64647, Nodes: c1e71898-521f-4627-a3f1-9884c4b96ced{ip: 192.168.36.114, host: pr-hdds-1569-58hkm-1881083799, networkLocation: /default-rack, certSerialId: null}, Type:RATIS, Factor:ONE, State:OPEN]
2019-09-12 10:31:24,791 [RatisPipelineUtilsThread] ERROR pipeline.PipelinePlacementPolicy (PipelinePlacementPolicy.java:meetCriteria(92)) - Pipeline Placement: Doesn't meet the criteria to be viable node. Heaviness: 6
2019-09-12 10:31:24,792 [RatisPipelineUtilsThread] ERROR pipeline.PipelinePlacementPolicy (PipelinePlacementPolicy.java:meetCriteria(92)) - Pipeline Placement: Doesn't meet the criteria to be viable node. Heaviness: 6
2019-09-12 10:31:24,792 [RatisPipelineUtilsThread] ERROR pipeline.PipelinePlacementPolicy (PipelinePlacementPolicy.java:meetCriteria(92)) - Pipeline Placement: Doesn't meet the criteria to be viable node. Heaviness: 6
2019-09-12 10:31:24,792 [RatisPipelineUtilsThread] ERROR pipeline.PipelinePlacementPolicy (PipelinePlacementPolicy.java:meetCriteria(92)) - Pipeline Placement: Doesn't meet the criteria to be viable node. Heaviness: 6
2019-09-12 10:31:24,792 [RatisPipelineUtilsThread] ERROR pipeline.PipelinePlacementPolicy (PipelinePlacementPolicy.java:meetCriteria(92)) - Pipeline Placement: Doesn't meet the criteria to be viable node. Heaviness: 6
2019-09-12 10:31:24,792 [RatisPipelineUtilsThread] ERROR pipeline.PipelinePlacementPolicy (PipelinePlacementPolicy.java:meetCriteria(92)) - Pipeline Placement: Doesn't meet the criteria to be viable node. Heaviness: 6
2019-09-12 10:31:24,793 [39df7a3f-9691-48d4-a2b1-6888489a5f8a:group-E840F6E7A742:LeaderElection28] INFO  impl.LeaderElection (LeaderElection.java:askForVotes(181)) - 39df7a3f-9691-48d4-a2b1-6888489a5f8a:group-E840F6E7A742:LeaderElection28: begin an election at term 1 for -1: [39df7a3f-9691-48d4-a2b1-6888489a5f8a:192.168.36.114:35493], old=null
2019-09-12 10:31:24,793 [39df7a3f-9691-48d4-a2b1-6888489a5f8a:group-E840F6E7A742:LeaderElection28] INFO  impl.RoleInfo (RoleInfo.java:shutdownLeaderElection(134)) - 39df7a3f-9691-48d4-a2b1-6888489a5f8a: shutdown LeaderElection
2019-09-12 10:31:24,793 [39df7a3f-9691-48d4-a2b1-6888489a5f8a:group-E840F6E7A742:LeaderElection28] INFO  impl.RaftServerImpl (RaftServerImpl.java:setRole(171)) - 39df7a3f-9691-48d4-a2b1-6888489a5f8a:group-E840F6E7A742 changes role from CANDIDATE to LEADER at term 1 for changeToLeader
2019-09-12 10:31:24,793 [39df7a3f-9691-48d4-a2b1-6888489a5f8a:group-E840F6E7A742:LeaderElection28] INFO  impl.RaftServerImpl (ServerState.java:setLeader(263)) - 39df7a3f-9691-48d4-a2b1-6888489a5f8a:group-E840F6E7A742 change Leader from null to 39df7a3f-9691-48d4-a2b1-6888489a5f8a at term 1 for becomeLeader, leader elected after 1175ms
2019-09-12 10:31:24,793 [39df7a3f-9691-48d4-a2b1-6888489a5f8a:group-E840F6E7A742:LeaderElection28] INFO  server.RaftServerConfigKeys (ConfUtils.java:logGet(43)) - raft.server.staging.catchup.gap = 1000 (default)
2019-09-12 10:31:24,793 [39df7a3f-9691-48d4-a2b1-6888489a5f8a:group-E840F6E7A742:LeaderElection28] INFO  server.RaftServerConfigKeys (ConfUtils.java:logGet(43)) - raft.server.rpc.sleep.time = 25ms (default)
2019-09-12 10:31:24,793 [39df7a3f-9691-48d4-a2b1-6888489a5f8a:group-E840F6E7A742:LeaderElection28] INFO  server.RaftServerConfigKeys (ConfUtils.java:logGet(43)) - raft.server.write.element-limit = 4096 (default)
2019-09-12 10:31:24,794 [39df7a3f-9691-48d4-a2b1-6888489a5f8a:group-E840F6E7A742:LeaderElection28] INFO  server.RaftServerConfigKeys (ConfUtils.java:logGet(43)) - raft.server.watch.timeout = 10s (default)
2019-09-12 10:31:24,794 [39df7a3f-9691-48d4-a2b1-6888489a5f8a:group-E840F6E7A742:LeaderElection28] INFO  server.RaftServerConfigKeys (ConfUtils.java:logGet(43)) - raft.server.watch.timeout.denomination = 1s (default)
2019-09-12 10:31:24,794 [39df7a3f-9691-48d4-a2b1-6888489a5f8a:group-E840F6E7A742:LeaderElection28] INFO  server.RaftServerConfigKeys (ConfUtils.java:logGet(43)) - raft.server.watch.element-limit = 65536 (default)
2019-09-12 10:31:24,794 [39df7a3f-9691-48d4-a2b1-6888489a5f8a:group-E840F6E7A742:LeaderElection28] INFO  impl.RoleInfo (RoleInfo.java:updateAndGet(143)) - 39df7a3f-9691-48d4-a2b1-6888489a5f8a: start LeaderState
2019-09-12 10:31:24,794 [39df7a3f-9691-48d4-a2b1-6888489a5f8a:group-E840F6E7A742:LeaderElection28] INFO  segmented.SegmentedRaftLogWorker (SegmentedRaftLogWorker.java:startLogSegment(380)) - 39df7a3f-9691-48d4-a2b1-6888489a5f8a-SegmentedRaftLogWorker:Storage Directory /workdir/hadoop-ozone/integration-test/target/test-dir/MiniOzoneClusterImpl-b2817a3f-1508-41b1-b0fd-9fa975eef5fc/datanode-4/data/ratis/d0f13cfc-1b98-4b33-83e7-e840f6e7a742: Starting segment from index:0
2019-09-12 10:31:24,795 [39df7a3f-9691-48d4-a2b1-6888489a5f8a:group-E840F6E7A742:LeaderElection28] INFO  impl.RaftServerImpl (ServerState.java:setRaftConf(361)) - 39df7a3f-9691-48d4-a2b1-6888489a5f8a:group-E840F6E7A742 set configuration 0: [39df7a3f-9691-48d4-a2b1-6888489a5f8a:192.168.36.114:35493], old=null at 0
2019-09-12 10:31:24,826 | INFO  | SCMAudit | user=jenkins1000 | ip=192.168.36.114 | op=SEND_HEARTBEAT {datanodeUUID=c9031a36-5f7c-4098-8bea-8a46141708a6, command=[]} | ret=SUCCESS |  
2019-09-12 10:31:24,826 | INFO  | SCMAudit | user=jenkins1000 | ip=192.168.36.114 | op=SEND_HEARTBEAT {datanodeUUID=39df7a3f-9691-48d4-a2b1-6888489a5f8a, command=[]} | ret=SUCCESS |  
2019-09-12 10:31:24,830 [grpc-default-executor-0] INFO  impl.RaftServerProxy (RaftServerProxy.java:addNew(89)) - c1e71898-521f-4627-a3f1-9884c4b96ced: addNew group-404DE8C5C071:[c1e71898-521f-4627-a3f1-9884c4b96ced:192.168.36.114:35690] returns group-404DE8C5C071:java.util.concurrent.CompletableFuture@288ad9ad[Not completed]
2019-09-12 10:31:24,832 [pool-93-thread-1] INFO  impl.RaftServerImpl (RaftServerImpl.java:<init>(93)) - c1e71898-521f-4627-a3f1-9884c4b96ced: new RaftServerImpl for group-404DE8C5C071:[c1e71898-521f-4627-a3f1-9884c4b96ced:192.168.36.114:35690] with ContainerStateMachine:uninitialized
2019-09-12 10:31:24,833 [pool-93-thread-1] INFO  server.RaftServerConfigKeys (ConfUtils.java:logGet(43)) - raft.server.rpc.timeout.min = 1s (custom)
2019-09-12 10:31:24,833 [pool-93-thread-1] INFO  server.RaftServerConfigKeys (ConfUtils.java:logGet(43)) - raft.server.rpc.timeout.max = 1200ms (custom)
2019-09-12 10:31:24,833 [pool-93-thread-1] INFO  server.RaftServerConfigKeys (ConfUtils.java:logGet(43)) - raft.server.rpcslowness.timeout = 120s (custom)
2019-09-12 10:31:24,833 [pool-93-thread-1] INFO  server.RaftServerConfigKeys (ConfUtils.java:logGet(43)) - raft.server.sleep.deviation.threshold = 300 (default)
2019-09-12 10:31:24,833 [pool-93-thread-1] INFO  server.RaftServerConfigKeys (ConfUtils.java:logGet(43)) - raft.server.log.appender.install.snapshot.enabled = false (custom)
2019-09-12 10:31:24,833 [pool-93-thread-1] INFO  impl.RaftServerImpl (ServerState.java:<init>(105)) - c1e71898-521f-4627-a3f1-9884c4b96ced:group-404DE8C5C071 ConfigurationManager, init=-1: [c1e71898-521f-4627-a3f1-9884c4b96ced:192.168.36.114:35690], old=null, confs=<EMPTY_MAP>
2019-09-12 10:31:24,834 [pool-93-thread-1] INFO  server.RaftServerConfigKeys (ConfUtils.java:logGet(43)) - raft.server.storage.dir = [/workdir/hadoop-ozone/integration-test/target/test-dir/MiniOzoneClusterImpl-b2817a3f-1508-41b1-b0fd-9fa975eef5fc/datanode-6/data/ratis] (custom)
2019-09-12 10:31:24,834 [pool-93-thread-1] INFO  storage.RaftStorageDirectory (RaftStorageDirectory.java:analyzeStorage(246)) - The storage directory /workdir/hadoop-ozone/integration-test/target/test-dir/MiniOzoneClusterImpl-b2817a3f-1508-41b1-b0fd-9fa975eef5fc/datanode-6/data/ratis/f241a73c-57ad-4511-9867-404de8c5c071 does not exist. Creating ...
2019-09-12 10:31:24,847 [Thread-360] INFO  impl.FollowerState (FollowerState.java:run(106)) - c1e71898-521f-4627-a3f1-9884c4b96ced:group-F79AC19F881B changes to CANDIDATE, lastRpcTime:1160, electionTimeout:1160ms
2019-09-12 10:31:24,847 [Thread-360] INFO  impl.RoleInfo (RoleInfo.java:shutdownFollowerState(121)) - c1e71898-521f-4627-a3f1-9884c4b96ced: shutdown FollowerState
2019-09-12 10:31:24,847 [Thread-360] INFO  impl.RaftServerImpl (RaftServerImpl.java:setRole(171)) - c1e71898-521f-4627-a3f1-9884c4b96ced:group-F79AC19F881B changes role from FOLLOWER to CANDIDATE at term 0 for changeToCandidate
2019-09-12 10:31:24,847 [Thread-360] INFO  impl.RoleInfo (RoleInfo.java:updateAndGet(143)) - c1e71898-521f-4627-a3f1-9884c4b96ced: start LeaderElection
2019-09-12 10:31:24,850 [pool-93-thread-1] INFO  storage.RaftStorageDirectory (RaftStorageDirectory.java:tryLock(328)) - Lock on /workdir/hadoop-ozone/integration-test/target/test-dir/MiniOzoneClusterImpl-b2817a3f-1508-41b1-b0fd-9fa975eef5fc/datanode-6/data/ratis/f241a73c-57ad-4511-9867-404de8c5c071/in_use.lock acquired by nodename 1396@pr-hdds-1569-58hkm-1881083799
2019-09-12 10:31:24,850 [39df7a3f-9691-48d4-a2b1-6888489a5f8a-SegmentedRaftLogWorker:Storage Directory /workdir/hadoop-ozone/integration-test/target/test-dir/MiniOzoneClusterImpl-b2817a3f-1508-41b1-b0fd-9fa975eef5fc/datanode-4/data/ratis/d0f13cfc-1b98-4b33-83e7-e840f6e7a742] INFO  segmented.SegmentedRaftLogWorker (SegmentedRaftLogWorker.java:execute(569)) - 39df7a3f-9691-48d4-a2b1-6888489a5f8a-SegmentedRaftLogWorker:Storage Directory /workdir/hadoop-ozone/integration-test/target/test-dir/MiniOzoneClusterImpl-b2817a3f-1508-41b1-b0fd-9fa975eef5fc/datanode-4/data/ratis/d0f13cfc-1b98-4b33-83e7-e840f6e7a742: created new log segment /workdir/hadoop-ozone/integration-test/target/test-dir/MiniOzoneClusterImpl-b2817a3f-1508-41b1-b0fd-9fa975eef5fc/datanode-4/data/ratis/d0f13cfc-1b98-4b33-83e7-e840f6e7a742/current/log_inprogress_0
2019-09-12 10:31:24,856 [Thread-365] INFO  impl.FollowerState (FollowerState.java:run(106)) - 2cb9d557-cb56-4745-8686-5e72b62e748a:group-BC6BAE636243 changes to CANDIDATE, lastRpcTime:1069, electionTimeout:1069ms
2019-09-12 10:31:24,856 [Thread-365] INFO  impl.RoleInfo (RoleInfo.java:shutdownFollowerState(121)) - 2cb9d557-cb56-4745-8686-5e72b62e748a: shutdown FollowerState
2019-09-12 10:31:24,856 [Thread-365] INFO  impl.RaftServerImpl (RaftServerImpl.java:setRole(171)) - 2cb9d557-cb56-4745-8686-5e72b62e748a:group-BC6BAE636243 changes role from FOLLOWER to CANDIDATE at term 0 for changeToCandidate
2019-09-12 10:31:24,856 [Thread-365] INFO  impl.RoleInfo (RoleInfo.java:updateAndGet(143)) - 2cb9d557-cb56-4745-8686-5e72b62e748a: start LeaderElection
2019-09-12 10:31:24,869 [pool-93-thread-1] INFO  storage.RaftStorage (RaftStorage.java:format(72)) - Storage directory /workdir/hadoop-ozone/integration-test/target/test-dir/MiniOzoneClusterImpl-b2817a3f-1508-41b1-b0fd-9fa975eef5fc/datanode-6/data/ratis/f241a73c-57ad-4511-9867-404de8c5c071 has been successfully formatted.
2019-09-12 10:31:24,869 [2cb9d557-cb56-4745-8686-5e72b62e748a:group-BC6BAE636243:LeaderElection30] INFO  impl.LeaderElection (LeaderElection.java:askForVotes(181)) - 2cb9d557-cb56-4745-8686-5e72b62e748a:group-BC6BAE636243:LeaderElection30: begin an election at term 1 for -1: [2cb9d557-cb56-4745-8686-5e72b62e748a:192.168.36.114:41494], old=null
2019-09-12 10:31:24,869 [c1e71898-521f-4627-a3f1-9884c4b96ced:group-F79AC19F881B:LeaderElection29] INFO  impl.LeaderElection (LeaderElection.java:askForVotes(181)) - c1e71898-521f-4627-a3f1-9884c4b96ced:group-F79AC19F881B:LeaderElection29: begin an election at term 1 for -1: [c1e71898-521f-4627-a3f1-9884c4b96ced:192.168.36.114:35690], old=null
2019-09-12 10:31:24,869 [pool-93-thread-1] INFO  ratis.ContainerStateMachine (ContainerStateMachine.java:loadSnapshot(226)) - group-404DE8C5C071: The snapshot info is null. Setting the last applied indexto:(t:0, i:~)
2019-09-12 10:31:24,869 [2cb9d557-cb56-4745-8686-5e72b62e748a:group-BC6BAE636243:LeaderElection30] INFO  impl.RoleInfo (RoleInfo.java:shutdownLeaderElection(134)) - 2cb9d557-cb56-4745-8686-5e72b62e748a: shutdown LeaderElection
2019-09-12 10:31:24,870 [pool-93-thread-1] INFO  server.RaftServerConfigKeys (ConfUtils.java:logGet(43)) - raft.server.leader.election.timeout = 120s (custom)
2019-09-12 10:31:24,870 [c1e71898-521f-4627-a3f1-9884c4b96ced:group-F79AC19F881B:LeaderElection29] INFO  impl.RoleInfo (RoleInfo.java:shutdownLeaderElection(134)) - c1e71898-521f-4627-a3f1-9884c4b96ced: shutdown LeaderElection
2019-09-12 10:31:24,870 [pool-93-thread-1] INFO  server.RaftServerConfigKeys (ConfUtils.java:logGet(43)) - raft.server.log.use.memory = false (default)
2019-09-12 10:31:24,870 [2cb9d557-cb56-4745-8686-5e72b62e748a:group-BC6BAE636243:LeaderElection30] INFO  impl.RaftServerImpl (RaftServerImpl.java:setRole(171)) - 2cb9d557-cb56-4745-8686-5e72b62e748a:group-BC6BAE636243 changes role from CANDIDATE to LEADER at term 1 for changeToLeader
2019-09-12 10:31:24,870 [pool-93-thread-1] INFO  server.RaftServerConfigKeys (ConfUtils.java:logGet(43)) - raft.server.log.purge.gap = 1000000 (custom)
2019-09-12 10:31:24,870 [Thread-370] INFO  impl.FollowerState (FollowerState.java:run(106)) - 39df7a3f-9691-48d4-a2b1-6888489a5f8a:group-46B90A2CA1B9 changes to CANDIDATE, lastRpcTime:1018, electionTimeout:1018ms
2019-09-12 10:31:24,870 [c1e71898-521f-4627-a3f1-9884c4b96ced:group-F79AC19F881B:LeaderElection29] INFO  impl.RaftServerImpl (RaftServerImpl.java:setRole(171)) - c1e71898-521f-4627-a3f1-9884c4b96ced:group-F79AC19F881B changes role from CANDIDATE to LEADER at term 1 for changeToLeader
2019-09-12 10:31:24,870 [Thread-370] INFO  impl.RoleInfo (RoleInfo.java:shutdownFollowerState(121)) - 39df7a3f-9691-48d4-a2b1-6888489a5f8a: shutdown FollowerState
2019-09-12 10:31:24,870 [pool-93-thread-1] INFO  server.RaftServerConfigKeys (ConfUtils.java:logGet(43)) - raft.server.log.appender.buffer.byte-limit = 33554432 (custom)
2019-09-12 10:31:24,870 [2cb9d557-cb56-4745-8686-5e72b62e748a:group-BC6BAE636243:LeaderElection30] INFO  impl.RaftServerImpl (ServerState.java:setLeader(263)) - 2cb9d557-cb56-4745-8686-5e72b62e748a:group-BC6BAE636243 change Leader from null to 2cb9d557-cb56-4745-8686-5e72b62e748a at term 1 for becomeLeader, leader elected after 1087ms
2019-09-12 10:31:24,871 [pool-93-thread-1] INFO  server.RaftServerConfigKeys (ConfUtils.java:logGet(43)) - raft.server.log.segment.size.max = 1048576 (custom)
2019-09-12 10:31:24,871 [Thread-370] INFO  impl.RaftServerImpl (RaftServerImpl.java:setRole(171)) - 39df7a3f-9691-48d4-a2b1-6888489a5f8a:group-46B90A2CA1B9 changes role from FOLLOWER to CANDIDATE at term 0 for changeToCandidate
2019-09-12 10:31:24,871 [c1e71898-521f-4627-a3f1-9884c4b96ced:group-F79AC19F881B:LeaderElection29] INFO  impl.RaftServerImpl (ServerState.java:setLeader(263)) - c1e71898-521f-4627-a3f1-9884c4b96ced:group-F79AC19F881B change Leader from null to c1e71898-521f-4627-a3f1-9884c4b96ced at term 1 for becomeLeader, leader elected after 1190ms
2019-09-12 10:31:24,871 [Thread-370] INFO  impl.RoleInfo (RoleInfo.java:updateAndGet(143)) - 39df7a3f-9691-48d4-a2b1-6888489a5f8a: start LeaderElection
2019-09-12 10:31:24,873 [c1e71898-521f-4627-a3f1-9884c4b96ced:group-F79AC19F881B:LeaderElection29] INFO  server.RaftServerConfigKeys (ConfUtils.java:logGet(43)) - raft.server.staging.catchup.gap = 1000 (default)
2019-09-12 10:31:24,871 [pool-93-thread-1] INFO  server.RaftServerConfigKeys (ConfUtils.java:logGet(43)) - raft.server.log.segment.cache.num.max = 2 (custom)
2019-09-12 10:31:24,871 [2cb9d557-cb56-4745-8686-5e72b62e748a:group-BC6BAE636243:LeaderElection30] INFO  server.RaftServerConfigKeys (ConfUtils.java:logGet(43)) - raft.server.staging.catchup.gap = 1000 (default)
2019-09-12 10:31:24,874 [pool-93-thread-1] INFO  segmented.SegmentedRaftLogWorker (SegmentedRaftLogWorker.java:<init>(172)) - new c1e71898-521f-4627-a3f1-9884c4b96ced-SegmentedRaftLogWorker:Storage Directory /workdir/hadoop-ozone/integration-test/target/test-dir/MiniOzoneClusterImpl-b2817a3f-1508-41b1-b0fd-9fa975eef5fc/datanode-6/data/ratis/f241a73c-57ad-4511-9867-404de8c5c071 for RaftStorage:Storage Directory /workdir/hadoop-ozone/integration-test/target/test-dir/MiniOzoneClusterImpl-b2817a3f-1508-41b1-b0fd-9fa975eef5fc/datanode-6/data/ratis/f241a73c-57ad-4511-9867-404de8c5c071
2019-09-12 10:31:24,873 [c1e71898-521f-4627-a3f1-9884c4b96ced:group-F79AC19F881B:LeaderElection29] INFO  server.RaftServerConfigKeys (ConfUtils.java:logGet(43)) - raft.server.rpc.sleep.time = 25ms (default)
2019-09-12 10:31:24,874 [pool-93-thread-1] INFO  server.RaftServerConfigKeys (ConfUtils.java:logGet(43)) - raft.server.log.queue.byte-limit = 2147483647 (custom)
2019-09-12 10:31:24,875 [c1e71898-521f-4627-a3f1-9884c4b96ced:group-F79AC19F881B:LeaderElection29] INFO  server.RaftServerConfigKeys (ConfUtils.java:logGet(43)) - raft.server.write.element-limit = 4096 (default)
2019-09-12 10:31:24,874 [2cb9d557-cb56-4745-8686-5e72b62e748a:group-BC6BAE636243:LeaderElection30] INFO  server.RaftServerConfigKeys (ConfUtils.java:logGet(43)) - raft.server.rpc.sleep.time = 25ms (default)
2019-09-12 10:31:24,875 [c1e71898-521f-4627-a3f1-9884c4b96ced:group-F79AC19F881B:LeaderElection29] INFO  server.RaftServerConfigKeys (ConfUtils.java:logGet(43)) - raft.server.watch.timeout = 10s (default)
2019-09-12 10:31:24,875 [pool-93-thread-1] INFO  server.RaftServerConfigKeys (ConfUtils.java:logGet(43)) - raft.server.log.queue.element-limit = 1024 (custom)
2019-09-12 10:31:24,875 [c1e71898-521f-4627-a3f1-9884c4b96ced:group-F79AC19F881B:LeaderElection29] INFO  server.RaftServerConfigKeys (ConfUtils.java:logGet(43)) - raft.server.watch.timeout.denomination = 1s (default)
2019-09-12 10:31:24,875 [2cb9d557-cb56-4745-8686-5e72b62e748a:group-BC6BAE636243:LeaderElection30] INFO  server.RaftServerConfigKeys (ConfUtils.java:logGet(43)) - raft.server.write.element-limit = 4096 (default)
2019-09-12 10:31:24,875 [c1e71898-521f-4627-a3f1-9884c4b96ced:group-F79AC19F881B:LeaderElection29] INFO  server.RaftServerConfigKeys (ConfUtils.java:logGet(43)) - raft.server.watch.element-limit = 65536 (default)
2019-09-12 10:31:24,875 [pool-93-thread-1] INFO  server.RaftServerConfigKeys (ConfUtils.java:logGet(43)) - raft.server.log.segment.size.max = 1048576 (custom)
2019-09-12 10:31:24,876 [c1e71898-521f-4627-a3f1-9884c4b96ced:group-F79AC19F881B:LeaderElection29] INFO  impl.RoleInfo (RoleInfo.java:updateAndGet(143)) - c1e71898-521f-4627-a3f1-9884c4b96ced: start LeaderState
2019-09-12 10:31:24,875 [2cb9d557-cb56-4745-8686-5e72b62e748a:group-BC6BAE636243:LeaderElection30] INFO  server.RaftServerConfigKeys (ConfUtils.java:logGet(43)) - raft.server.watch.timeout = 10s (default)
2019-09-12 10:31:24,876 [pool-93-thread-1] INFO  server.RaftServerConfigKeys (ConfUtils.java:logGet(43)) - raft.server.log.preallocated.size = 16384 (custom)
2019-09-12 10:31:24,876 [2cb9d557-cb56-4745-8686-5e72b62e748a:group-BC6BAE636243:LeaderElection30] INFO  server.RaftServerConfigKeys (ConfUtils.java:logGet(43)) - raft.server.watch.timeout.denomination = 1s (default)
2019-09-12 10:31:24,876 [c1e71898-521f-4627-a3f1-9884c4b96ced:group-F79AC19F881B:LeaderElection29] INFO  segmented.SegmentedRaftLogWorker (SegmentedRaftLogWorker.java:startLogSegment(380)) - c1e71898-521f-4627-a3f1-9884c4b96ced-SegmentedRaftLogWorker:Storage Directory /workdir/hadoop-ozone/integration-test/target/test-dir/MiniOzoneClusterImpl-b2817a3f-1508-41b1-b0fd-9fa975eef5fc/datanode-6/data/ratis/7f9c673d-7f2f-4f28-98ee-f79ac19f881b: Starting segment from index:0
2019-09-12 10:31:24,876 [2cb9d557-cb56-4745-8686-5e72b62e748a:group-BC6BAE636243:LeaderElection30] INFO  server.RaftServerConfigKeys (ConfUtils.java:logGet(43)) - raft.server.watch.element-limit = 65536 (default)
2019-09-12 10:31:24,876 [pool-93-thread-1] INFO  server.RaftServerConfigKeys (ConfUtils.java:logGet(43)) - raft.server.log.write.buffer.size = 33554432 (custom)
2019-09-12 10:31:24,877 [2cb9d557-cb56-4745-8686-5e72b62e748a:group-BC6BAE636243:LeaderElection30] INFO  impl.RoleInfo (RoleInfo.java:updateAndGet(143)) - 2cb9d557-cb56-4745-8686-5e72b62e748a: start LeaderState
2019-09-12 10:31:24,877 [c1e71898-521f-4627-a3f1-9884c4b96ced:group-F79AC19F881B:LeaderElection29] INFO  impl.RaftServerImpl (ServerState.java:setRaftConf(361)) - c1e71898-521f-4627-a3f1-9884c4b96ced:group-F79AC19F881B set configuration 0: [c1e71898-521f-4627-a3f1-9884c4b96ced:192.168.36.114:35690], old=null at 0
2019-09-12 10:31:24,877 [2cb9d557-cb56-4745-8686-5e72b62e748a:group-BC6BAE636243:LeaderElection30] INFO  segmented.SegmentedRaftLogWorker (SegmentedRaftLogWorker.java:startLogSegment(380)) - 2cb9d557-cb56-4745-8686-5e72b62e748a-SegmentedRaftLogWorker:Storage Directory /workdir/hadoop-ozone/integration-test/target/test-dir/MiniOzoneClusterImpl-b2817a3f-1508-41b1-b0fd-9fa975eef5fc/datanode-1/data/ratis/9e10b7de-d3d0-4a63-82f3-bc6bae636243: Starting segment from index:0
2019-09-12 10:31:24,913 [39df7a3f-9691-48d4-a2b1-6888489a5f8a:group-46B90A2CA1B9:LeaderElection31] INFO  impl.LeaderElection (LeaderElection.java:askForVotes(181)) - 39df7a3f-9691-48d4-a2b1-6888489a5f8a:group-46B90A2CA1B9:LeaderElection31: begin an election at term 1 for -1: [39df7a3f-9691-48d4-a2b1-6888489a5f8a:192.168.36.114:35493], old=null
2019-09-12 10:31:24,877 [pool-93-thread-1] INFO  server.RaftServerConfigKeys (ConfUtils.java:logGet(43)) - raft.server.log.force.sync.num = 128 (default)
2019-09-12 10:31:24,913 [2cb9d557-cb56-4745-8686-5e72b62e748a:group-BC6BAE636243:LeaderElection30] INFO  impl.RaftServerImpl (ServerState.java:setRaftConf(361)) - 2cb9d557-cb56-4745-8686-5e72b62e748a:group-BC6BAE636243 set configuration 0: [2cb9d557-cb56-4745-8686-5e72b62e748a:192.168.36.114:41494], old=null at 0
2019-09-12 10:31:24,913 [39df7a3f-9691-48d4-a2b1-6888489a5f8a:group-46B90A2CA1B9:LeaderElection31] INFO  impl.RoleInfo (RoleInfo.java:shutdownLeaderElection(134)) - 39df7a3f-9691-48d4-a2b1-6888489a5f8a: shutdown LeaderElection
2019-09-12 10:31:24,953 [c1e71898-521f-4627-a3f1-9884c4b96ced-SegmentedRaftLogWorker:Storage Directory /workdir/hadoop-ozone/integration-test/target/test-dir/MiniOzoneClusterImpl-b2817a3f-1508-41b1-b0fd-9fa975eef5fc/datanode-6/data/ratis/7f9c673d-7f2f-4f28-98ee-f79ac19f881b] INFO  segmented.SegmentedRaftLogWorker (SegmentedRaftLogWorker.java:execute(569)) - c1e71898-521f-4627-a3f1-9884c4b96ced-SegmentedRaftLogWorker:Storage Directory /workdir/hadoop-ozone/integration-test/target/test-dir/MiniOzoneClusterImpl-b2817a3f-1508-41b1-b0fd-9fa975eef5fc/datanode-6/data/ratis/7f9c673d-7f2f-4f28-98ee-f79ac19f881b: created new log segment /workdir/hadoop-ozone/integration-test/target/test-dir/MiniOzoneClusterImpl-b2817a3f-1508-41b1-b0fd-9fa975eef5fc/datanode-6/data/ratis/7f9c673d-7f2f-4f28-98ee-f79ac19f881b/current/log_inprogress_0
2019-09-12 10:31:24,913 [pool-93-thread-1] INFO  server.RaftServerConfigKeys (ConfUtils.java:logGet(43)) - raft.server.log.statemachine.data.sync = true (default)
2019-09-12 10:31:24,953 [39df7a3f-9691-48d4-a2b1-6888489a5f8a:group-46B90A2CA1B9:LeaderElection31] INFO  impl.RaftServerImpl (RaftServerImpl.java:setRole(171)) - 39df7a3f-9691-48d4-a2b1-6888489a5f8a:group-46B90A2CA1B9 changes role from CANDIDATE to LEADER at term 1 for changeToLeader
2019-09-12 10:31:24,954 [pool-93-thread-1] INFO  server.RaftServerConfigKeys (ConfUtils.java:logGet(43)) - raft.server.log.statemachine.data.sync.timeout = 10s (default)
2019-09-12 10:31:24,954 [39df7a3f-9691-48d4-a2b1-6888489a5f8a:group-46B90A2CA1B9:LeaderElection31] INFO  impl.RaftServerImpl (ServerState.java:setLeader(263)) - 39df7a3f-9691-48d4-a2b1-6888489a5f8a:group-46B90A2CA1B9 change Leader from null to 39df7a3f-9691-48d4-a2b1-6888489a5f8a at term 1 for becomeLeader, leader elected after 1106ms
2019-09-12 10:31:24,954 [pool-93-thread-1] INFO  server.RaftServerConfigKeys (ConfUtils.java:logGet(43)) - raft.server.log.statemachine.data.sync.timeout.retry = -1 (default)
2019-09-12 10:31:24,954 [39df7a3f-9691-48d4-a2b1-6888489a5f8a:group-46B90A2CA1B9:LeaderElection31] INFO  server.RaftServerConfigKeys (ConfUtils.java:logGet(43)) - raft.server.staging.catchup.gap = 1000 (default)
2019-09-12 10:31:24,954 [39df7a3f-9691-48d4-a2b1-6888489a5f8a:group-46B90A2CA1B9:LeaderElection31] INFO  server.RaftServerConfigKeys (ConfUtils.java:logGet(43)) - raft.server.rpc.sleep.time = 25ms (default)
2019-09-12 10:31:24,954 [pool-93-thread-1] INFO  server.RaftServerConfigKeys (ConfUtils.java:logGet(43)) - raft.server.log.statemachine.data.caching.enabled = true (custom)
2019-09-12 10:31:24,954 [39df7a3f-9691-48d4-a2b1-6888489a5f8a:group-46B90A2CA1B9:LeaderElection31] INFO  server.RaftServerConfigKeys (ConfUtils.java:logGet(43)) - raft.server.write.element-limit = 4096 (default)
2019-09-12 10:31:24,954 [39df7a3f-9691-48d4-a2b1-6888489a5f8a:group-46B90A2CA1B9:LeaderElection31] INFO  server.RaftServerConfigKeys (ConfUtils.java:logGet(43)) - raft.server.watch.timeout = 10s (default)
2019-09-12 10:31:24,954 [39df7a3f-9691-48d4-a2b1-6888489a5f8a:group-46B90A2CA1B9:LeaderElection31] INFO  server.RaftServerConfigKeys (ConfUtils.java:logGet(43)) - raft.server.watch.timeout.denomination = 1s (default)
2019-09-12 10:31:24,955 [39df7a3f-9691-48d4-a2b1-6888489a5f8a:group-46B90A2CA1B9:LeaderElection31] INFO  server.RaftServerConfigKeys (ConfUtils.java:logGet(43)) - raft.server.watch.element-limit = 65536 (default)
2019-09-12 10:31:24,955 [pool-93-thread-1] INFO  segmented.SegmentedRaftLogWorker (SegmentedRaftLogWorker.java:lambda$new$0(132)) - c1e71898-521f-4627-a3f1-9884c4b96ced-SegmentedRaftLogWorker:Storage Directory /workdir/hadoop-ozone/integration-test/target/test-dir/MiniOzoneClusterImpl-b2817a3f-1508-41b1-b0fd-9fa975eef5fc/datanode-6/data/ratis/f241a73c-57ad-4511-9867-404de8c5c071: flushIndex: setUnconditionally 0 -> -1
2019-09-12 10:31:24,955 [39df7a3f-9691-48d4-a2b1-6888489a5f8a:group-46B90A2CA1B9:LeaderElection31] INFO  impl.RoleInfo (RoleInfo.java:updateAndGet(143)) - 39df7a3f-9691-48d4-a2b1-6888489a5f8a: start LeaderState
2019-09-12 10:31:24,955 [pool-93-thread-1] INFO  server.RaftServerConfigKeys (ConfUtils.java:logGet(43)) - raft.server.snapshot.auto.trigger.enabled = true (custom)
2019-09-12 10:31:24,955 [39df7a3f-9691-48d4-a2b1-6888489a5f8a:group-46B90A2CA1B9:LeaderElection31] INFO  segmented.SegmentedRaftLogWorker (SegmentedRaftLogWorker.java:startLogSegment(380)) - 39df7a3f-9691-48d4-a2b1-6888489a5f8a-SegmentedRaftLogWorker:Storage Directory /workdir/hadoop-ozone/integration-test/target/test-dir/MiniOzoneClusterImpl-b2817a3f-1508-41b1-b0fd-9fa975eef5fc/datanode-4/data/ratis/90dabcfc-906a-4b39-a977-46b90a2ca1b9: Starting segment from index:0
2019-09-12 10:31:24,955 [pool-93-thread-1] INFO  server.RaftServerConfigKeys (ConfUtils.java:logGet(43)) - raft.server.snapshot.auto.trigger.threshold = 10000 (custom)
2019-09-12 10:31:24,956 [pool-93-thread-1] INFO  server.RaftServerConfigKeys (ConfUtils.java:logGet(43)) - raft.server.retrycache.expirytime = 600000ms (custom)
2019-09-12 10:31:24,956 [39df7a3f-9691-48d4-a2b1-6888489a5f8a:group-46B90A2CA1B9:LeaderElection31] INFO  impl.RaftServerImpl (ServerState.java:setRaftConf(361)) - 39df7a3f-9691-48d4-a2b1-6888489a5f8a:group-46B90A2CA1B9 set configuration 0: [39df7a3f-9691-48d4-a2b1-6888489a5f8a:192.168.36.114:35493], old=null at 0
2019-09-12 10:31:24,956 [pool-93-thread-1] INFO  impl.RaftServerImpl (RaftServerImpl.java:start(180)) - c1e71898-521f-4627-a3f1-9884c4b96ced: start group-404DE8C5C071
2019-09-12 10:31:24,995 [2cb9d557-cb56-4745-8686-5e72b62e748a-SegmentedRaftLogWorker:Storage Directory /workdir/hadoop-ozone/integration-test/target/test-dir/MiniOzoneClusterImpl-b2817a3f-1508-41b1-b0fd-9fa975eef5fc/datanode-1/data/ratis/9e10b7de-d3d0-4a63-82f3-bc6bae636243] INFO  segmented.SegmentedRaftLogWorker (SegmentedRaftLogWorker.java:execute(569)) - 2cb9d557-cb56-4745-8686-5e72b62e748a-SegmentedRaftLogWorker:Storage Directory /workdir/hadoop-ozone/integration-test/target/test-dir/MiniOzoneClusterImpl-b2817a3f-1508-41b1-b0fd-9fa975eef5fc/datanode-1/data/ratis/9e10b7de-d3d0-4a63-82f3-bc6bae636243: created new log segment /workdir/hadoop-ozone/integration-test/target/test-dir/MiniOzoneClusterImpl-b2817a3f-1508-41b1-b0fd-9fa975eef5fc/datanode-1/data/ratis/9e10b7de-d3d0-4a63-82f3-bc6bae636243/current/log_inprogress_0
2019-09-12 10:31:24,995 [pool-93-thread-1] INFO  impl.RaftServerImpl (RaftServerImpl.java:setRole(171)) - c1e71898-521f-4627-a3f1-9884c4b96ced:group-404DE8C5C071 changes role from null to FOLLOWER at term 0 for startAsFollower
2019-09-12 10:31:24,995 [pool-93-thread-1] INFO  impl.RoleInfo (RoleInfo.java:updateAndGet(143)) - c1e71898-521f-4627-a3f1-9884c4b96ced: start FollowerState
2019-09-12 10:31:24,996 [pool-93-thread-1] INFO  util.JmxRegister (JmxRegister.java:tryRegister(44)) - Successfully registered JMX Bean with object name Ratis:service=RaftServer,group=group-404DE8C5C071,id=c1e71898-521f-4627-a3f1-9884c4b96ced
2019-09-12 10:31:25,000 [RatisPipelineUtilsThread] INFO  pipeline.PipelineStateManager (PipelineStateManager.java:addPipeline(56)) - Created pipeline Pipeline[ Id: f241a73c-57ad-4511-9867-404de8c5c071, Nodes: c1e71898-521f-4627-a3f1-9884c4b96ced{ip: 192.168.36.114, host: pr-hdds-1569-58hkm-1881083799, networkLocation: /default-rack, certSerialId: null}, Type:RATIS, Factor:ONE, State:OPEN]
2019-09-12 10:31:25,000 [RatisPipelineUtilsThread] ERROR pipeline.PipelinePlacementPolicy (PipelinePlacementPolicy.java:meetCriteria(92)) - Pipeline Placement: Doesn't meet the criteria to be viable node. Heaviness: 6
2019-09-12 10:31:25,000 [RatisPipelineUtilsThread] ERROR pipeline.PipelinePlacementPolicy (PipelinePlacementPolicy.java:meetCriteria(92)) - Pipeline Placement: Doesn't meet the criteria to be viable node. Heaviness: 6
2019-09-12 10:31:25,000 [RatisPipelineUtilsThread] ERROR pipeline.PipelinePlacementPolicy (PipelinePlacementPolicy.java:meetCriteria(92)) - Pipeline Placement: Doesn't meet the criteria to be viable node. Heaviness: 6
2019-09-12 10:31:25,001 [RatisPipelineUtilsThread] ERROR pipeline.PipelinePlacementPolicy (PipelinePlacementPolicy.java:meetCriteria(92)) - Pipeline Placement: Doesn't meet the criteria to be viable node. Heaviness: 6
2019-09-12 10:31:25,001 [RatisPipelineUtilsThread] ERROR pipeline.PipelinePlacementPolicy (PipelinePlacementPolicy.java:meetCriteria(92)) - Pipeline Placement: Doesn't meet the criteria to be viable node. Heaviness: 6
2019-09-12 10:31:25,001 [RatisPipelineUtilsThread] ERROR pipeline.PipelinePlacementPolicy (PipelinePlacementPolicy.java:meetCriteria(92)) - Pipeline Placement: Doesn't meet the criteria to be viable node. Heaviness: 6
2019-09-12 10:31:25,008 [grpc-default-executor-0] INFO  impl.RaftServerProxy (RaftServerProxy.java:addNew(89)) - c1e71898-521f-4627-a3f1-9884c4b96ced: addNew group-6641F73B2EF5:[c1e71898-521f-4627-a3f1-9884c4b96ced:192.168.36.114:35690] returns group-6641F73B2EF5:java.util.concurrent.CompletableFuture@3aa9d79a[Not completed]
2019-09-12 10:31:25,009 [pool-93-thread-1] INFO  impl.RaftServerImpl (RaftServerImpl.java:<init>(93)) - c1e71898-521f-4627-a3f1-9884c4b96ced: new RaftServerImpl for group-6641F73B2EF5:[c1e71898-521f-4627-a3f1-9884c4b96ced:192.168.36.114:35690] with ContainerStateMachine:uninitialized
2019-09-12 10:31:25,010 [pool-93-thread-1] INFO  server.RaftServerConfigKeys (ConfUtils.java:logGet(43)) - raft.server.rpc.timeout.min = 1s (custom)
2019-09-12 10:31:25,010 [pool-93-thread-1] INFO  server.RaftServerConfigKeys (ConfUtils.java:logGet(43)) - raft.server.rpc.timeout.max = 1200ms (custom)
2019-09-12 10:31:25,010 [pool-93-thread-1] INFO  server.RaftServerConfigKeys (ConfUtils.java:logGet(43)) - raft.server.rpcslowness.timeout = 120s (custom)
2019-09-12 10:31:25,010 [pool-93-thread-1] INFO  server.RaftServerConfigKeys (ConfUtils.java:logGet(43)) - raft.server.sleep.deviation.threshold = 300 (default)
2019-09-12 10:31:25,010 [pool-93-thread-1] INFO  server.RaftServerConfigKeys (ConfUtils.java:logGet(43)) - raft.server.log.appender.install.snapshot.enabled = false (custom)
2019-09-12 10:31:25,010 [pool-93-thread-1] INFO  impl.RaftServerImpl (ServerState.java:<init>(105)) - c1e71898-521f-4627-a3f1-9884c4b96ced:group-6641F73B2EF5 ConfigurationManager, init=-1: [c1e71898-521f-4627-a3f1-9884c4b96ced:192.168.36.114:35690], old=null, confs=<EMPTY_MAP>
2019-09-12 10:31:25,011 [pool-93-thread-1] INFO  server.RaftServerConfigKeys (ConfUtils.java:logGet(43)) - raft.server.storage.dir = [/workdir/hadoop-ozone/integration-test/target/test-dir/MiniOzoneClusterImpl-b2817a3f-1508-41b1-b0fd-9fa975eef5fc/datanode-6/data/ratis] (custom)
2019-09-12 10:31:25,011 [pool-93-thread-1] INFO  storage.RaftStorageDirectory (RaftStorageDirectory.java:analyzeStorage(246)) - The storage directory /workdir/hadoop-ozone/integration-test/target/test-dir/MiniOzoneClusterImpl-b2817a3f-1508-41b1-b0fd-9fa975eef5fc/datanode-6/data/ratis/0d0e82b6-6362-47c0-9e27-6641f73b2ef5 does not exist. Creating ...
2019-09-12 10:31:25,019 [39df7a3f-9691-48d4-a2b1-6888489a5f8a-SegmentedRaftLogWorker:Storage Directory /workdir/hadoop-ozone/integration-test/target/test-dir/MiniOzoneClusterImpl-b2817a3f-1508-41b1-b0fd-9fa975eef5fc/datanode-4/data/ratis/90dabcfc-906a-4b39-a977-46b90a2ca1b9] INFO  segmented.SegmentedRaftLogWorker (SegmentedRaftLogWorker.java:execute(569)) - 39df7a3f-9691-48d4-a2b1-6888489a5f8a-SegmentedRaftLogWorker:Storage Directory /workdir/hadoop-ozone/integration-test/target/test-dir/MiniOzoneClusterImpl-b2817a3f-1508-41b1-b0fd-9fa975eef5fc/datanode-4/data/ratis/90dabcfc-906a-4b39-a977-46b90a2ca1b9: created new log segment /workdir/hadoop-ozone/integration-test/target/test-dir/MiniOzoneClusterImpl-b2817a3f-1508-41b1-b0fd-9fa975eef5fc/datanode-4/data/ratis/90dabcfc-906a-4b39-a977-46b90a2ca1b9/current/log_inprogress_0
2019-09-12 10:31:25,033 [pool-93-thread-1] INFO  storage.RaftStorageDirectory (RaftStorageDirectory.java:tryLock(328)) - Lock on /workdir/hadoop-ozone/integration-test/target/test-dir/MiniOzoneClusterImpl-b2817a3f-1508-41b1-b0fd-9fa975eef5fc/datanode-6/data/ratis/0d0e82b6-6362-47c0-9e27-6641f73b2ef5/in_use.lock acquired by nodename 1396@pr-hdds-1569-58hkm-1881083799
2019-09-12 10:31:25,039 [Thread-375] INFO  impl.FollowerState (FollowerState.java:run(106)) - accf000b-d7b7-4fa5-9682-da82c4451e10:group-1DF350C84EE5 changes to CANDIDATE, lastRpcTime:1078, electionTimeout:1078ms
2019-09-12 10:31:25,039 [Thread-375] INFO  impl.RoleInfo (RoleInfo.java:shutdownFollowerState(121)) - accf000b-d7b7-4fa5-9682-da82c4451e10: shutdown FollowerState
2019-09-12 10:31:25,039 [Thread-375] INFO  impl.RaftServerImpl (RaftServerImpl.java:setRole(171)) - accf000b-d7b7-4fa5-9682-da82c4451e10:group-1DF350C84EE5 changes role from FOLLOWER to CANDIDATE at term 0 for changeToCandidate
2019-09-12 10:31:25,039 [Thread-375] INFO  impl.RoleInfo (RoleInfo.java:updateAndGet(143)) - accf000b-d7b7-4fa5-9682-da82c4451e10: start LeaderElection
2019-09-12 10:31:25,048 [pool-93-thread-1] INFO  storage.RaftStorage (RaftStorage.java:format(72)) - Storage directory /workdir/hadoop-ozone/integration-test/target/test-dir/MiniOzoneClusterImpl-b2817a3f-1508-41b1-b0fd-9fa975eef5fc/datanode-6/data/ratis/0d0e82b6-6362-47c0-9e27-6641f73b2ef5 has been successfully formatted.
2019-09-12 10:31:25,048 [accf000b-d7b7-4fa5-9682-da82c4451e10:group-1DF350C84EE5:LeaderElection32] INFO  impl.LeaderElection (LeaderElection.java:askForVotes(181)) - accf000b-d7b7-4fa5-9682-da82c4451e10:group-1DF350C84EE5:LeaderElection32: begin an election at term 1 for -1: [accf000b-d7b7-4fa5-9682-da82c4451e10:192.168.36.114:36033], old=null
2019-09-12 10:31:25,048 [accf000b-d7b7-4fa5-9682-da82c4451e10:group-1DF350C84EE5:LeaderElection32] INFO  impl.RoleInfo (RoleInfo.java:shutdownLeaderElection(134)) - accf000b-d7b7-4fa5-9682-da82c4451e10: shutdown LeaderElection
2019-09-12 10:31:25,048 [pool-93-thread-1] INFO  ratis.ContainerStateMachine (ContainerStateMachine.java:loadSnapshot(226)) - group-6641F73B2EF5: The snapshot info is null. Setting the last applied indexto:(t:0, i:~)
2019-09-12 10:31:25,049 [accf000b-d7b7-4fa5-9682-da82c4451e10:group-1DF350C84EE5:LeaderElection32] INFO  impl.RaftServerImpl (RaftServerImpl.java:setRole(171)) - accf000b-d7b7-4fa5-9682-da82c4451e10:group-1DF350C84EE5 changes role from CANDIDATE to LEADER at term 1 for changeToLeader
2019-09-12 10:31:25,049 [pool-93-thread-1] INFO  server.RaftServerConfigKeys (ConfUtils.java:logGet(43)) - raft.server.leader.election.timeout = 120s (custom)
2019-09-12 10:31:25,049 [accf000b-d7b7-4fa5-9682-da82c4451e10:group-1DF350C84EE5:LeaderElection32] INFO  impl.RaftServerImpl (ServerState.java:setLeader(263)) - accf000b-d7b7-4fa5-9682-da82c4451e10:group-1DF350C84EE5 change Leader from null to accf000b-d7b7-4fa5-9682-da82c4451e10 at term 1 for becomeLeader, leader elected after 1135ms
2019-09-12 10:31:25,049 [pool-93-thread-1] INFO  server.RaftServerConfigKeys (ConfUtils.java:logGet(43)) - raft.server.log.use.memory = false (default)
2019-09-12 10:31:25,049 [accf000b-d7b7-4fa5-9682-da82c4451e10:group-1DF350C84EE5:LeaderElection32] INFO  server.RaftServerConfigKeys (ConfUtils.java:logGet(43)) - raft.server.staging.catchup.gap = 1000 (default)
2019-09-12 10:31:25,049 [pool-93-thread-1] INFO  server.RaftServerConfigKeys (ConfUtils.java:logGet(43)) - raft.server.log.purge.gap = 1000000 (custom)
2019-09-12 10:31:25,049 [accf000b-d7b7-4fa5-9682-da82c4451e10:group-1DF350C84EE5:LeaderElection32] INFO  server.RaftServerConfigKeys (ConfUtils.java:logGet(43)) - raft.server.rpc.sleep.time = 25ms (default)
2019-09-12 10:31:25,049 [pool-93-thread-1] INFO  server.RaftServerConfigKeys (ConfUtils.java:logGet(43)) - raft.server.log.appender.buffer.byte-limit = 33554432 (custom)
2019-09-12 10:31:25,050 [accf000b-d7b7-4fa5-9682-da82c4451e10:group-1DF350C84EE5:LeaderElection32] INFO  server.RaftServerConfigKeys (ConfUtils.java:logGet(43)) - raft.server.write.element-limit = 4096 (default)
2019-09-12 10:31:25,050 [pool-93-thread-1] INFO  server.RaftServerConfigKeys (ConfUtils.java:logGet(43)) - raft.server.log.segment.size.max = 1048576 (custom)
2019-09-12 10:31:25,050 [accf000b-d7b7-4fa5-9682-da82c4451e10:group-1DF350C84EE5:LeaderElection32] INFO  server.RaftServerConfigKeys (ConfUtils.java:logGet(43)) - raft.server.watch.timeout = 10s (default)
2019-09-12 10:31:25,050 [pool-93-thread-1] INFO  server.RaftServerConfigKeys (ConfUtils.java:logGet(43)) - raft.server.log.segment.cache.num.max = 2 (custom)
2019-09-12 10:31:25,050 [accf000b-d7b7-4fa5-9682-da82c4451e10:group-1DF350C84EE5:LeaderElection32] INFO  server.RaftServerConfigKeys (ConfUtils.java:logGet(43)) - raft.server.watch.timeout.denomination = 1s (default)
2019-09-12 10:31:25,050 [pool-93-thread-1] INFO  segmented.SegmentedRaftLogWorker (SegmentedRaftLogWorker.java:<init>(172)) - new c1e71898-521f-4627-a3f1-9884c4b96ced-SegmentedRaftLogWorker:Storage Directory /workdir/hadoop-ozone/integration-test/target/test-dir/MiniOzoneClusterImpl-b2817a3f-1508-41b1-b0fd-9fa975eef5fc/datanode-6/data/ratis/0d0e82b6-6362-47c0-9e27-6641f73b2ef5 for RaftStorage:Storage Directory /workdir/hadoop-ozone/integration-test/target/test-dir/MiniOzoneClusterImpl-b2817a3f-1508-41b1-b0fd-9fa975eef5fc/datanode-6/data/ratis/0d0e82b6-6362-47c0-9e27-6641f73b2ef5
2019-09-12 10:31:25,050 [accf000b-d7b7-4fa5-9682-da82c4451e10:group-1DF350C84EE5:LeaderElection32] INFO  server.RaftServerConfigKeys (ConfUtils.java:logGet(43)) - raft.server.watch.element-limit = 65536 (default)
2019-09-12 10:31:25,050 [pool-93-thread-1] INFO  server.RaftServerConfigKeys (ConfUtils.java:logGet(43)) - raft.server.log.queue.byte-limit = 2147483647 (custom)
2019-09-12 10:31:25,051 [accf000b-d7b7-4fa5-9682-da82c4451e10:group-1DF350C84EE5:LeaderElection32] INFO  impl.RoleInfo (RoleInfo.java:updateAndGet(143)) - accf000b-d7b7-4fa5-9682-da82c4451e10: start LeaderState
2019-09-12 10:31:25,051 [pool-93-thread-1] INFO  server.RaftServerConfigKeys (ConfUtils.java:logGet(43)) - raft.server.log.queue.element-limit = 1024 (custom)
2019-09-12 10:31:25,051 [accf000b-d7b7-4fa5-9682-da82c4451e10:group-1DF350C84EE5:LeaderElection32] INFO  segmented.SegmentedRaftLogWorker (SegmentedRaftLogWorker.java:startLogSegment(380)) - accf000b-d7b7-4fa5-9682-da82c4451e10-SegmentedRaftLogWorker:Storage Directory /workdir/hadoop-ozone/integration-test/target/test-dir/MiniOzoneClusterImpl-b2817a3f-1508-41b1-b0fd-9fa975eef5fc/datanode-5/data/ratis/641e62d3-9456-4813-82d3-1df350c84ee5: Starting segment from index:0
2019-09-12 10:31:25,051 [pool-93-thread-1] INFO  server.RaftServerConfigKeys (ConfUtils.java:logGet(43)) - raft.server.log.segment.size.max = 1048576 (custom)
2019-09-12 10:31:25,051 [pool-93-thread-1] INFO  server.RaftServerConfigKeys (ConfUtils.java:logGet(43)) - raft.server.log.preallocated.size = 16384 (custom)
2019-09-12 10:31:25,051 [pool-93-thread-1] INFO  server.RaftServerConfigKeys (ConfUtils.java:logGet(43)) - raft.server.log.write.buffer.size = 33554432 (custom)
2019-09-12 10:31:25,051 [accf000b-d7b7-4fa5-9682-da82c4451e10:group-1DF350C84EE5:LeaderElection32] INFO  impl.RaftServerImpl (ServerState.java:setRaftConf(361)) - accf000b-d7b7-4fa5-9682-da82c4451e10:group-1DF350C84EE5 set configuration 0: [accf000b-d7b7-4fa5-9682-da82c4451e10:192.168.36.114:36033], old=null at 0
2019-09-12 10:31:25,052 [pool-93-thread-1] INFO  server.RaftServerConfigKeys (ConfUtils.java:logGet(43)) - raft.server.log.force.sync.num = 128 (default)
2019-09-12 10:31:25,083 [Thread-379] INFO  impl.FollowerState (FollowerState.java:run(106)) - accf000b-d7b7-4fa5-9682-da82c4451e10:group-D45BE2A15B92 changes to CANDIDATE, lastRpcTime:1063, electionTimeout:1059ms
2019-09-12 10:31:25,083 [Thread-379] INFO  impl.RoleInfo (RoleInfo.java:shutdownFollowerState(121)) - accf000b-d7b7-4fa5-9682-da82c4451e10: shutdown FollowerState
2019-09-12 10:31:25,083 [Thread-379] INFO  impl.RaftServerImpl (RaftServerImpl.java:setRole(171)) - accf000b-d7b7-4fa5-9682-da82c4451e10:group-D45BE2A15B92 changes role from FOLLOWER to CANDIDATE at term 0 for changeToCandidate
2019-09-12 10:31:25,084 [Thread-379] INFO  impl.RoleInfo (RoleInfo.java:updateAndGet(143)) - accf000b-d7b7-4fa5-9682-da82c4451e10: start LeaderElection
2019-09-12 10:31:25,083 [pool-93-thread-1] INFO  server.RaftServerConfigKeys (ConfUtils.java:logGet(43)) - raft.server.log.statemachine.data.sync = true (default)
2019-09-12 10:31:25,092 [pool-93-thread-1] INFO  server.RaftServerConfigKeys (ConfUtils.java:logGet(43)) - raft.server.log.statemachine.data.sync.timeout = 10s (default)
2019-09-12 10:31:25,092 [pool-93-thread-1] INFO  server.RaftServerConfigKeys (ConfUtils.java:logGet(43)) - raft.server.log.statemachine.data.sync.timeout.retry = -1 (default)
2019-09-12 10:31:25,092 | INFO  | SCMAudit | user=jenkins1000 | ip=192.168.36.114 | op=SEND_HEARTBEAT {datanodeUUID=2cb9d557-cb56-4745-8686-5e72b62e748a, command=[]} | ret=SUCCESS |  
2019-09-12 10:31:25,093 [pool-93-thread-1] INFO  server.RaftServerConfigKeys (ConfUtils.java:logGet(43)) - raft.server.log.statemachine.data.caching.enabled = true (custom)
2019-09-12 10:31:25,093 [pool-93-thread-1] INFO  segmented.SegmentedRaftLogWorker (SegmentedRaftLogWorker.java:lambda$new$0(132)) - c1e71898-521f-4627-a3f1-9884c4b96ced-SegmentedRaftLogWorker:Storage Directory /workdir/hadoop-ozone/integration-test/target/test-dir/MiniOzoneClusterImpl-b2817a3f-1508-41b1-b0fd-9fa975eef5fc/datanode-6/data/ratis/0d0e82b6-6362-47c0-9e27-6641f73b2ef5: flushIndex: setUnconditionally 0 -> -1
2019-09-12 10:31:25,094 [pool-93-thread-1] INFO  server.RaftServerConfigKeys (ConfUtils.java:logGet(43)) - raft.server.snapshot.auto.trigger.enabled = true (custom)
2019-09-12 10:31:25,094 [pool-93-thread-1] INFO  server.RaftServerConfigKeys (ConfUtils.java:logGet(43)) - raft.server.snapshot.auto.trigger.threshold = 10000 (custom)
2019-09-12 10:31:25,094 [pool-93-thread-1] INFO  server.RaftServerConfigKeys (ConfUtils.java:logGet(43)) - raft.server.retrycache.expirytime = 600000ms (custom)
2019-09-12 10:31:25,094 [pool-93-thread-1] INFO  impl.RaftServerImpl (RaftServerImpl.java:start(180)) - c1e71898-521f-4627-a3f1-9884c4b96ced: start group-6641F73B2EF5
2019-09-12 10:31:25,094 [pool-93-thread-1] INFO  impl.RaftServerImpl (RaftServerImpl.java:setRole(171)) - c1e71898-521f-4627-a3f1-9884c4b96ced:group-6641F73B2EF5 changes role from null to FOLLOWER at term 0 for startAsFollower
2019-09-12 10:31:25,094 [pool-93-thread-1] INFO  impl.RoleInfo (RoleInfo.java:updateAndGet(143)) - c1e71898-521f-4627-a3f1-9884c4b96ced: start FollowerState
2019-09-12 10:31:25,095 [pool-93-thread-1] INFO  util.JmxRegister (JmxRegister.java:tryRegister(44)) - Successfully registered JMX Bean with object name Ratis:service=RaftServer,group=group-6641F73B2EF5,id=c1e71898-521f-4627-a3f1-9884c4b96ced
2019-09-12 10:31:25,096 [accf000b-d7b7-4fa5-9682-da82c4451e10-SegmentedRaftLogWorker:Storage Directory /workdir/hadoop-ozone/integration-test/target/test-dir/MiniOzoneClusterImpl-b2817a3f-1508-41b1-b0fd-9fa975eef5fc/datanode-5/data/ratis/641e62d3-9456-4813-82d3-1df350c84ee5] INFO  segmented.SegmentedRaftLogWorker (SegmentedRaftLogWorker.java:execute(569)) - accf000b-d7b7-4fa5-9682-da82c4451e10-SegmentedRaftLogWorker:Storage Directory /workdir/hadoop-ozone/integration-test/target/test-dir/MiniOzoneClusterImpl-b2817a3f-1508-41b1-b0fd-9fa975eef5fc/datanode-5/data/ratis/641e62d3-9456-4813-82d3-1df350c84ee5: created new log segment /workdir/hadoop-ozone/integration-test/target/test-dir/MiniOzoneClusterImpl-b2817a3f-1508-41b1-b0fd-9fa975eef5fc/datanode-5/data/ratis/641e62d3-9456-4813-82d3-1df350c84ee5/current/log_inprogress_0
2019-09-12 10:31:25,096 [accf000b-d7b7-4fa5-9682-da82c4451e10:group-D45BE2A15B92:LeaderElection33] INFO  impl.LeaderElection (LeaderElection.java:askForVotes(181)) - accf000b-d7b7-4fa5-9682-da82c4451e10:group-D45BE2A15B92:LeaderElection33: begin an election at term 1 for -1: [accf000b-d7b7-4fa5-9682-da82c4451e10:192.168.36.114:36033], old=null
2019-09-12 10:31:25,096 [accf000b-d7b7-4fa5-9682-da82c4451e10:group-D45BE2A15B92:LeaderElection33] INFO  impl.RoleInfo (RoleInfo.java:shutdownLeaderElection(134)) - accf000b-d7b7-4fa5-9682-da82c4451e10: shutdown LeaderElection
2019-09-12 10:31:25,096 [accf000b-d7b7-4fa5-9682-da82c4451e10:group-D45BE2A15B92:LeaderElection33] INFO  impl.RaftServerImpl (RaftServerImpl.java:setRole(171)) - accf000b-d7b7-4fa5-9682-da82c4451e10:group-D45BE2A15B92 changes role from CANDIDATE to LEADER at term 1 for changeToLeader
2019-09-12 10:31:25,096 [accf000b-d7b7-4fa5-9682-da82c4451e10:group-D45BE2A15B92:LeaderElection33] INFO  impl.RaftServerImpl (ServerState.java:setLeader(263)) - accf000b-d7b7-4fa5-9682-da82c4451e10:group-D45BE2A15B92 change Leader from null to accf000b-d7b7-4fa5-9682-da82c4451e10 at term 1 for becomeLeader, leader elected after 1081ms
2019-09-12 10:31:25,096 [accf000b-d7b7-4fa5-9682-da82c4451e10:group-D45BE2A15B92:LeaderElection33] INFO  server.RaftServerConfigKeys (ConfUtils.java:logGet(43)) - raft.server.staging.catchup.gap = 1000 (default)
2019-09-12 10:31:25,096 [accf000b-d7b7-4fa5-9682-da82c4451e10:group-D45BE2A15B92:LeaderElection33] INFO  server.RaftServerConfigKeys (ConfUtils.java:logGet(43)) - raft.server.rpc.sleep.time = 25ms (default)
2019-09-12 10:31:25,097 [accf000b-d7b7-4fa5-9682-da82c4451e10:group-D45BE2A15B92:LeaderElection33] INFO  server.RaftServerConfigKeys (ConfUtils.java:logGet(43)) - raft.server.write.element-limit = 4096 (default)
2019-09-12 10:31:25,097 [accf000b-d7b7-4fa5-9682-da82c4451e10:group-D45BE2A15B92:LeaderElection33] INFO  server.RaftServerConfigKeys (ConfUtils.java:logGet(43)) - raft.server.watch.timeout = 10s (default)
2019-09-12 10:31:25,097 [accf000b-d7b7-4fa5-9682-da82c4451e10:group-D45BE2A15B92:LeaderElection33] INFO  server.RaftServerConfigKeys (ConfUtils.java:logGet(43)) - raft.server.watch.timeout.denomination = 1s (default)
2019-09-12 10:31:25,097 [accf000b-d7b7-4fa5-9682-da82c4451e10:group-D45BE2A15B92:LeaderElection33] INFO  server.RaftServerConfigKeys (ConfUtils.java:logGet(43)) - raft.server.watch.element-limit = 65536 (default)
2019-09-12 10:31:25,097 [accf000b-d7b7-4fa5-9682-da82c4451e10:group-D45BE2A15B92:LeaderElection33] INFO  impl.RoleInfo (RoleInfo.java:updateAndGet(143)) - accf000b-d7b7-4fa5-9682-da82c4451e10: start LeaderState
2019-09-12 10:31:25,097 [accf000b-d7b7-4fa5-9682-da82c4451e10:group-D45BE2A15B92:LeaderElection33] INFO  segmented.SegmentedRaftLogWorker (SegmentedRaftLogWorker.java:startLogSegment(380)) - accf000b-d7b7-4fa5-9682-da82c4451e10-SegmentedRaftLogWorker:Storage Directory /workdir/hadoop-ozone/integration-test/target/test-dir/MiniOzoneClusterImpl-b2817a3f-1508-41b1-b0fd-9fa975eef5fc/datanode-5/data/ratis/1835dc76-5946-4029-b5f1-d45be2a15b92: Starting segment from index:0
2019-09-12 10:31:25,098 [accf000b-d7b7-4fa5-9682-da82c4451e10:group-D45BE2A15B92:LeaderElection33] INFO  impl.RaftServerImpl (ServerState.java:setRaftConf(361)) - accf000b-d7b7-4fa5-9682-da82c4451e10:group-D45BE2A15B92 set configuration 0: [accf000b-d7b7-4fa5-9682-da82c4451e10:192.168.36.114:36033], old=null at 0
2019-09-12 10:31:25,125 [RatisPipelineUtilsThread] INFO  pipeline.PipelineStateManager (PipelineStateManager.java:addPipeline(56)) - Created pipeline Pipeline[ Id: 0d0e82b6-6362-47c0-9e27-6641f73b2ef5, Nodes: c1e71898-521f-4627-a3f1-9884c4b96ced{ip: 192.168.36.114, host: pr-hdds-1569-58hkm-1881083799, networkLocation: /default-rack, certSerialId: null}, Type:RATIS, Factor:ONE, State:OPEN]
2019-09-12 10:31:25,125 [RatisPipelineUtilsThread] ERROR pipeline.PipelinePlacementPolicy (PipelinePlacementPolicy.java:meetCriteria(92)) - Pipeline Placement: Doesn't meet the criteria to be viable node. Heaviness: 6
2019-09-12 10:31:25,125 [RatisPipelineUtilsThread] ERROR pipeline.PipelinePlacementPolicy (PipelinePlacementPolicy.java:meetCriteria(92)) - Pipeline Placement: Doesn't meet the criteria to be viable node. Heaviness: 6
2019-09-12 10:31:25,125 [RatisPipelineUtilsThread] ERROR pipeline.PipelinePlacementPolicy (PipelinePlacementPolicy.java:meetCriteria(92)) - Pipeline Placement: Doesn't meet the criteria to be viable node. Heaviness: 6
2019-09-12 10:31:25,125 [RatisPipelineUtilsThread] ERROR pipeline.PipelinePlacementPolicy (PipelinePlacementPolicy.java:meetCriteria(92)) - Pipeline Placement: Doesn't meet the criteria to be viable node. Heaviness: 6
2019-09-12 10:31:25,126 [RatisPipelineUtilsThread] ERROR pipeline.PipelinePlacementPolicy (PipelinePlacementPolicy.java:meetCriteria(92)) - Pipeline Placement: Doesn't meet the criteria to be viable node. Heaviness: 6
2019-09-12 10:31:25,126 [RatisPipelineUtilsThread] ERROR pipeline.PipelinePlacementPolicy (PipelinePlacementPolicy.java:meetCriteria(92)) - Pipeline Placement: Doesn't meet the criteria to be viable node. Heaviness: 6
2019-09-12 10:31:25,126 [RatisPipelineUtilsThread] ERROR pipeline.PipelinePlacementPolicy (PipelinePlacementPolicy.java:meetCriteria(92)) - Pipeline Placement: Doesn't meet the criteria to be viable node. Heaviness: 6
2019-09-12 10:31:25,126 [RatisPipelineUtilsThread] ERROR pipeline.PipelinePlacementPolicy (PipelinePlacementPolicy.java:filterViableNodes(147)) - Unable to find enough nodes that meet the criteria that cannot engage in more than 5 pipelines. Nodes required: 1 Found: 0, healthy nodes count inNodeManager: 7.
2019-09-12 10:31:25,127 [RatisPipelineUtilsThread] ERROR pipeline.SCMPipelineManager (SCMPipelineManager.java:createPipeline(161)) - Pipeline creation failed due to exception: Unable to find enough nodes that meet the criteria that cannot engage in more than 5 pipelines. Nodes required: 1 Found: 0, healthy nodes count inNodeManager: 7.
2019-09-12 10:31:25,127 [RatisPipelineUtilsThread] ERROR pipeline.PipelinePlacementPolicy (PipelinePlacementPolicy.java:meetCriteria(92)) - Pipeline Placement: Doesn't meet the criteria to be viable node. Heaviness: 6
2019-09-12 10:31:25,127 [RatisPipelineUtilsThread] ERROR pipeline.PipelinePlacementPolicy (PipelinePlacementPolicy.java:meetCriteria(92)) - Pipeline Placement: Doesn't meet the criteria to be viable node. Heaviness: 6
2019-09-12 10:31:25,128 [RatisPipelineUtilsThread] ERROR pipeline.PipelinePlacementPolicy (PipelinePlacementPolicy.java:meetCriteria(92)) - Pipeline Placement: Doesn't meet the criteria to be viable node. Heaviness: 6
2019-09-12 10:31:25,128 [RatisPipelineUtilsThread] ERROR pipeline.PipelinePlacementPolicy (PipelinePlacementPolicy.java:meetCriteria(92)) - Pipeline Placement: Doesn't meet the criteria to be viable node. Heaviness: 6
2019-09-12 10:31:25,128 [RatisPipelineUtilsThread] ERROR pipeline.PipelinePlacementPolicy (PipelinePlacementPolicy.java:meetCriteria(92)) - Pipeline Placement: Doesn't meet the criteria to be viable node. Heaviness: 6
2019-09-12 10:31:25,128 [RatisPipelineUtilsThread] ERROR pipeline.PipelinePlacementPolicy (PipelinePlacementPolicy.java:meetCriteria(92)) - Pipeline Placement: Doesn't meet the criteria to be viable node. Heaviness: 6
2019-09-12 10:31:25,128 [RatisPipelineUtilsThread] ERROR pipeline.PipelinePlacementPolicy (PipelinePlacementPolicy.java:meetCriteria(92)) - Pipeline Placement: Doesn't meet the criteria to be viable node. Heaviness: 6
2019-09-12 10:31:25,128 [RatisPipelineUtilsThread] ERROR pipeline.PipelinePlacementPolicy (PipelinePlacementPolicy.java:filterViableNodes(147)) - Unable to find enough nodes that meet the criteria that cannot engage in more than 5 pipelines. Nodes required: 3 Found: 0, healthy nodes count inNodeManager: 7.
2019-09-12 10:31:25,128 [RatisPipelineUtilsThread] ERROR pipeline.SCMPipelineManager (SCMPipelineManager.java:createPipeline(161)) - Pipeline creation failed due to exception: Unable to find enough nodes that meet the criteria that cannot engage in more than 5 pipelines. Nodes required: 3 Found: 0, healthy nodes count inNodeManager: 7.
2019-09-12 10:31:25,129 [RatisPipelineUtilsThread] ERROR pipeline.PipelinePlacementPolicy (PipelinePlacementPolicy.java:meetCriteria(92)) - Pipeline Placement: Doesn't meet the criteria to be viable node. Heaviness: 6
2019-09-12 10:31:25,129 [RatisPipelineUtilsThread] ERROR pipeline.PipelinePlacementPolicy (PipelinePlacementPolicy.java:meetCriteria(92)) - Pipeline Placement: Doesn't meet the criteria to be viable node. Heaviness: 6
2019-09-12 10:31:25,129 [RatisPipelineUtilsThread] ERROR pipeline.PipelinePlacementPolicy (PipelinePlacementPolicy.java:meetCriteria(92)) - Pipeline Placement: Doesn't meet the criteria to be viable node. Heaviness: 6
2019-09-12 10:31:25,129 [RatisPipelineUtilsThread] ERROR pipeline.PipelinePlacementPolicy (PipelinePlacementPolicy.java:meetCriteria(92)) - Pipeline Placement: Doesn't meet the criteria to be viable node. Heaviness: 6
2019-09-12 10:31:25,130 [RatisPipelineUtilsThread] ERROR pipeline.PipelinePlacementPolicy (PipelinePlacementPolicy.java:meetCriteria(92)) - Pipeline Placement: Doesn't meet the criteria to be viable node. Heaviness: 6
2019-09-12 10:31:25,130 [RatisPipelineUtilsThread] ERROR pipeline.PipelinePlacementPolicy (PipelinePlacementPolicy.java:meetCriteria(92)) - Pipeline Placement: Doesn't meet the criteria to be viable node. Heaviness: 6
2019-09-12 10:31:25,130 [RatisPipelineUtilsThread] ERROR pipeline.PipelinePlacementPolicy (PipelinePlacementPolicy.java:meetCriteria(92)) - Pipeline Placement: Doesn't meet the criteria to be viable node. Heaviness: 6
2019-09-12 10:31:25,130 [RatisPipelineUtilsThread] ERROR pipeline.PipelinePlacementPolicy (PipelinePlacementPolicy.java:filterViableNodes(147)) - Unable to find enough nodes that meet the criteria that cannot engage in more than 5 pipelines. Nodes required: 1 Found: 0, healthy nodes count inNodeManager: 7.
2019-09-12 10:31:25,130 [RatisPipelineUtilsThread] ERROR pipeline.SCMPipelineManager (SCMPipelineManager.java:createPipeline(161)) - Pipeline creation failed due to exception: Unable to find enough nodes that meet the criteria that cannot engage in more than 5 pipelines. Nodes required: 1 Found: 0, healthy nodes count inNodeManager: 7.
2019-09-12 10:31:25,130 [RatisPipelineUtilsThread] ERROR pipeline.PipelinePlacementPolicy (PipelinePlacementPolicy.java:meetCriteria(92)) - Pipeline Placement: Doesn't meet the criteria to be viable node. Heaviness: 6
2019-09-12 10:31:25,130 [RatisPipelineUtilsThread] ERROR pipeline.PipelinePlacementPolicy (PipelinePlacementPolicy.java:meetCriteria(92)) - Pipeline Placement: Doesn't meet the criteria to be viable node. Heaviness: 6
2019-09-12 10:31:25,130 [RatisPipelineUtilsThread] ERROR pipeline.PipelinePlacementPolicy (PipelinePlacementPolicy.java:meetCriteria(92)) - Pipeline Placement: Doesn't meet the criteria to be viable node. Heaviness: 6
2019-09-12 10:31:25,130 [RatisPipelineUtilsThread] ERROR pipeline.PipelinePlacementPolicy (PipelinePlacementPolicy.java:meetCriteria(92)) - Pipeline Placement: Doesn't meet the criteria to be viable node. Heaviness: 6
2019-09-12 10:31:25,131 [RatisPipelineUtilsThread] ERROR pipeline.PipelinePlacementPolicy (PipelinePlacementPolicy.java:meetCriteria(92)) - Pipeline Placement: Doesn't meet the criteria to be viable node. Heaviness: 6
2019-09-12 10:31:25,131 [RatisPipelineUtilsThread] ERROR pipeline.PipelinePlacementPolicy (PipelinePlacementPolicy.java:meetCriteria(92)) - Pipeline Placement: Doesn't meet the criteria to be viable node. Heaviness: 6
2019-09-12 10:31:25,131 [RatisPipelineUtilsThread] ERROR pipeline.PipelinePlacementPolicy (PipelinePlacementPolicy.java:meetCriteria(92)) - Pipeline Placement: Doesn't meet the criteria to be viable node. Heaviness: 6
2019-09-12 10:31:25,131 [RatisPipelineUtilsThread] ERROR pipeline.PipelinePlacementPolicy (PipelinePlacementPolicy.java:filterViableNodes(147)) - Unable to find enough nodes that meet the criteria that cannot engage in more than 5 pipelines. Nodes required: 3 Found: 0, healthy nodes count inNodeManager: 7.
2019-09-12 10:31:25,131 [RatisPipelineUtilsThread] ERROR pipeline.SCMPipelineManager (SCMPipelineManager.java:createPipeline(161)) - Pipeline creation failed due to exception: Unable to find enough nodes that meet the criteria that cannot engage in more than 5 pipelines. Nodes required: 3 Found: 0, healthy nodes count inNodeManager: 7.
2019-09-12 10:31:25,131 [IPC Server handler 0 on 45122] ERROR pipeline.PipelinePlacementPolicy (PipelinePlacementPolicy.java:meetCriteria(92)) - Pipeline Placement: Doesn't meet the criteria to be viable node. Heaviness: 6
2019-09-12 10:31:25,131 [IPC Server handler 0 on 45122] ERROR pipeline.PipelinePlacementPolicy (PipelinePlacementPolicy.java:meetCriteria(92)) - Pipeline Placement: Doesn't meet the criteria to be viable node. Heaviness: 6
2019-09-12 10:31:25,131 [IPC Server handler 0 on 45122] ERROR pipeline.PipelinePlacementPolicy (PipelinePlacementPolicy.java:meetCriteria(92)) - Pipeline Placement: Doesn't meet the criteria to be viable node. Heaviness: 6
2019-09-12 10:31:25,132 [IPC Server handler 0 on 45122] ERROR pipeline.PipelinePlacementPolicy (PipelinePlacementPolicy.java:meetCriteria(92)) - Pipeline Placement: Doesn't meet the criteria to be viable node. Heaviness: 6
2019-09-12 10:31:25,132 [IPC Server handler 0 on 45122] ERROR pipeline.PipelinePlacementPolicy (PipelinePlacementPolicy.java:meetCriteria(92)) - Pipeline Placement: Doesn't meet the criteria to be viable node. Heaviness: 6
2019-09-12 10:31:25,132 [IPC Server handler 0 on 45122] ERROR pipeline.PipelinePlacementPolicy (PipelinePlacementPolicy.java:meetCriteria(92)) - Pipeline Placement: Doesn't meet the criteria to be viable node. Heaviness: 6
2019-09-12 10:31:25,132 [IPC Server handler 0 on 45122] ERROR pipeline.PipelinePlacementPolicy (PipelinePlacementPolicy.java:meetCriteria(92)) - Pipeline Placement: Doesn't meet the criteria to be viable node. Heaviness: 6
2019-09-12 10:31:25,132 [accf000b-d7b7-4fa5-9682-da82c4451e10-SegmentedRaftLogWorker:Storage Directory /workdir/hadoop-ozone/integration-test/target/test-dir/MiniOzoneClusterImpl-b2817a3f-1508-41b1-b0fd-9fa975eef5fc/datanode-5/data/ratis/1835dc76-5946-4029-b5f1-d45be2a15b92] INFO  segmented.SegmentedRaftLogWorker (SegmentedRaftLogWorker.java:execute(569)) - accf000b-d7b7-4fa5-9682-da82c4451e10-SegmentedRaftLogWorker:Storage Directory /workdir/hadoop-ozone/integration-test/target/test-dir/MiniOzoneClusterImpl-b2817a3f-1508-41b1-b0fd-9fa975eef5fc/datanode-5/data/ratis/1835dc76-5946-4029-b5f1-d45be2a15b92: created new log segment /workdir/hadoop-ozone/integration-test/target/test-dir/MiniOzoneClusterImpl-b2817a3f-1508-41b1-b0fd-9fa975eef5fc/datanode-5/data/ratis/1835dc76-5946-4029-b5f1-d45be2a15b92/current/log_inprogress_0
2019-09-12 10:31:25,132 [IPC Server handler 0 on 45122] ERROR pipeline.PipelinePlacementPolicy (PipelinePlacementPolicy.java:filterViableNodes(147)) - Unable to find enough nodes that meet the criteria that cannot engage in more than 5 pipelines. Nodes required: 3 Found: 0, healthy nodes count inNodeManager: 7.
2019-09-12 10:31:25,132 [IPC Server handler 0 on 45122] ERROR pipeline.SCMPipelineManager (SCMPipelineManager.java:createPipeline(161)) - Pipeline creation failed due to exception: Unable to find enough nodes that meet the criteria that cannot engage in more than 5 pipelines. Nodes required: 3 Found: 0, healthy nodes count inNodeManager: 7.
2019-09-12 10:31:25,133 [IPC Server handler 0 on 45122] WARN  block.BlockManagerImpl (BlockManagerImpl.java:allocateBlock(192)) - Pipeline creation failed for type:RATIS factor:THREE. Retrying get pipelines call once.
org.apache.hadoop.hdds.scm.exceptions.SCMException: Unable to find enough nodes that meet the criteria that cannot engage in more than 5 pipelines. Nodes required: 3 Found: 0, healthy nodes count inNodeManager: 7.
	at org.apache.hadoop.hdds.scm.pipeline.PipelinePlacementPolicy.filterViableNodes(PipelinePlacementPolicy.java:148)
	at org.apache.hadoop.hdds.scm.pipeline.PipelinePlacementPolicy.chooseDatanodes(PipelinePlacementPolicy.java:171)
	at org.apache.hadoop.hdds.scm.pipeline.RatisPipelineProvider.create(RatisPipelineProvider.java:100)
	at org.apache.hadoop.hdds.scm.pipeline.PipelineFactory.create(PipelineFactory.java:57)
	at org.apache.hadoop.hdds.scm.pipeline.SCMPipelineManager.createPipeline(SCMPipelineManager.java:149)
	at org.apache.hadoop.hdds.scm.block.BlockManagerImpl.allocateBlock(BlockManagerImpl.java:190)
	at org.apache.hadoop.hdds.scm.server.SCMBlockProtocolServer.allocateBlock(SCMBlockProtocolServer.java:175)
	at org.apache.hadoop.ozone.protocolPB.ScmBlockLocationProtocolServerSideTranslatorPB.allocateScmBlock(ScmBlockLocationProtocolServerSideTranslatorPB.java:153)
	at org.apache.hadoop.ozone.protocolPB.ScmBlockLocationProtocolServerSideTranslatorPB.send(ScmBlockLocationProtocolServerSideTranslatorPB.java:112)
	at org.apache.hadoop.hdds.protocol.proto.ScmBlockLocationProtocolProtos$ScmBlockLocationProtocolService$2.callBlockingMethod(ScmBlockLocationProtocolProtos.java:13157)
	at org.apache.hadoop.ipc.ProtobufRpcEngine$Server$ProtoBufRpcInvoker.call(ProtobufRpcEngine.java:524)
	at org.apache.hadoop.ipc.RPC$Server.call(RPC.java:1025)
	at org.apache.hadoop.ipc.Server$RpcCall.run(Server.java:876)
	at org.apache.hadoop.ipc.Server$RpcCall.run(Server.java:822)
	at java.security.AccessController.doPrivileged(Native Method)
	at javax.security.auth.Subject.doAs(Subject.java:422)
	at org.apache.hadoop.security.UserGroupInformation.doAs(UserGroupInformation.java:1730)
	at org.apache.hadoop.ipc.Server$Handler.run(Server.java:2682)
2019-09-12 10:31:25,135 [IPC Server handler 0 on 45122] INFO  block.BlockManagerImpl (BlockManagerImpl.java:allocateBlock(198)) - Could not find available pipeline of type:RATIS and factor:THREE even after retrying
2019-09-12 10:31:25,135 [IPC Server handler 0 on 45122] ERROR block.BlockManagerImpl (BlockManagerImpl.java:allocateBlock(222)) - Unable to allocate a block for the size: 800, type: RATIS, factor: THREE
2019-09-12 10:31:25,135 | INFO  | SCMAudit | user=jenkins1000 | ip=192.168.36.114 | op=ALLOCATE_BLOCK {owner=d9ccafc0-e14b-474b-a256-119753d8f4ad, size=800, type=RATIS, factor=THREE} | ret=SUCCESS |  
2019-09-12 10:31:25,140 | ERROR | OMAudit | user=jenkins1000 | ip=127.0.0.1 | op=ALLOCATE_KEY {volume=watchforcommithandlingtest, bucket=watchforcommithandlingtest, key=559ba7a2-683e-4617-afef-862b8c9feadd, dataSize=0, replicationType=RATIS, replicationFactor=THREE, keyLocationInfo=null} | ret=FAILURE | org.apache.hadoop.hdds.scm.exceptions.SCMException: Allocated 0 blocks. Requested 1 blocks
	at org.apache.hadoop.hdds.scm.protocolPB.ScmBlockLocationProtocolClientSideTranslatorPB.handleError(ScmBlockLocationProtocolClientSideTranslatorPB.java:118)
	at org.apache.hadoop.hdds.scm.protocolPB.ScmBlockLocationProtocolClientSideTranslatorPB.allocateBlock(ScmBlockLocationProtocolClientSideTranslatorPB.java:156) 
]]></system-out>
    <system-err><![CDATA[Sep 12, 2019 10:31:14 AM com.sun.jersey.server.impl.application.WebApplicationImpl _initiate
INFO: Initiating Jersey application, version 'Jersey: 1.19 02/11/2015 03:25 AM'
Sep 12, 2019 10:31:15 AM com.sun.jersey.server.impl.application.WebApplicationImpl _initiate
INFO: Initiating Jersey application, version 'Jersey: 1.19 02/11/2015 03:25 AM'
Sep 12, 2019 10:31:16 AM com.sun.jersey.server.impl.application.WebApplicationImpl _initiate
INFO: Initiating Jersey application, version 'Jersey: 1.19 02/11/2015 03:25 AM'
Sep 12, 2019 10:31:16 AM com.sun.jersey.server.impl.application.WebApplicationImpl _initiate
INFO: Initiating Jersey application, version 'Jersey: 1.19 02/11/2015 03:25 AM'
Sep 12, 2019 10:31:16 AM com.sun.jersey.server.impl.application.WebApplicationImpl _initiate
INFO: Initiating Jersey application, version 'Jersey: 1.19 02/11/2015 03:25 AM'
Sep 12, 2019 10:31:16 AM com.sun.jersey.server.impl.application.WebApplicationImpl _initiate
INFO: Initiating Jersey application, version 'Jersey: 1.19 02/11/2015 03:25 AM'
Sep 12, 2019 10:31:17 AM com.sun.jersey.server.impl.application.WebApplicationImpl _initiate
INFO: Initiating Jersey application, version 'Jersey: 1.19 02/11/2015 03:25 AM'
]]></system-err>
  </testcase>
  <testcase name="testWatchForCommitWithSmallerTimeoutValue" classname="org.apache.hadoop.ozone.client.rpc.TestWatchForCommit" time="8.832">
    <error message="Could not allocate container. Cannot get any matching pipeline for Type:RATIS, Factor:THREE, State:PipelineState.OPEN&#10;	at org.apache.hadoop.hdds.scm.container.ContainerStateManager.allocateContainer(ContainerStateManager.java:260)&#10;	at org.apache.hadoop.hdds.scm.container.SCMContainerManager.allocateContainer(SCMContainerManager.java:247)&#10;	at org.apache.hadoop.hdds.scm.server.SCMClientProtocolServer.allocateContainer(SCMClientProtocolServer.java:186)&#10;	at org.apache.hadoop.ozone.protocolPB.StorageContainerLocationProtocolServerSideTranslatorPB.allocateContainer(StorageContainerLocationProtocolServerSideTranslatorPB.java:115)&#10;	at org.apache.hadoop.hdds.protocol.proto.StorageContainerLocationProtocolProtos$StorageContainerLocationProtocolService$2.callBlockingMethod(StorageContainerLocationProtocolProtos.java:19079)&#10;	at org.apache.hadoop.ipc.ProtobufRpcEngine$Server$ProtoBufRpcInvoker.call(ProtobufRpcEngine.java:524)&#10;	at org.apache.hadoop.ipc.RPC$Server.call(RPC.java:1025)&#10;	at org.apache.hadoop.ipc.Server$RpcCall.run(Server.java:876)&#10;	at org.apache.hadoop.ipc.Server$RpcCall.run(Server.java:822)&#10;	at java.security.AccessController.doPrivileged(Native Method)&#10;	at javax.security.auth.Subject.doAs(Subject.java:422)&#10;	at org.apache.hadoop.security.UserGroupInformation.doAs(UserGroupInformation.java:1730)&#10;	at org.apache.hadoop.ipc.Server$Handler.run(Server.java:2682)&#10;" type="org.apache.hadoop.ipc.RemoteException(java.io.IOException)">org.apache.hadoop.ipc.RemoteException(java.io.IOException): Could not allocate container. Cannot get any matching pipeline for Type:RATIS, Factor:THREE, State:PipelineState.OPEN
	at org.apache.hadoop.hdds.scm.container.ContainerStateManager.allocateContainer(ContainerStateManager.java:260)
	at org.apache.hadoop.hdds.scm.container.SCMContainerManager.allocateContainer(SCMContainerManager.java:247)
	at org.apache.hadoop.hdds.scm.server.SCMClientProtocolServer.allocateContainer(SCMClientProtocolServer.java:186)
	at org.apache.hadoop.ozone.protocolPB.StorageContainerLocationProtocolServerSideTranslatorPB.allocateContainer(StorageContainerLocationProtocolServerSideTranslatorPB.java:115)
	at org.apache.hadoop.hdds.protocol.proto.StorageContainerLocationProtocolProtos$StorageContainerLocationProtocolService$2.callBlockingMethod(StorageContainerLocationProtocolProtos.java:19079)
	at org.apache.hadoop.ipc.ProtobufRpcEngine$Server$ProtoBufRpcInvoker.call(ProtobufRpcEngine.java:524)
	at org.apache.hadoop.ipc.RPC$Server.call(RPC.java:1025)
	at org.apache.hadoop.ipc.Server$RpcCall.run(Server.java:876)
	at org.apache.hadoop.ipc.Server$RpcCall.run(Server.java:822)
	at java.security.AccessController.doPrivileged(Native Method)
	at javax.security.auth.Subject.doAs(Subject.java:422)
	at org.apache.hadoop.security.UserGroupInformation.doAs(UserGroupInformation.java:1730)
	at org.apache.hadoop.ipc.Server$Handler.run(Server.java:2682)

	at org.apache.hadoop.ipc.Client.getRpcResponse(Client.java:1511)
	at org.apache.hadoop.ipc.Client.call(Client.java:1457)
	at org.apache.hadoop.ipc.Client.call(Client.java:1367)
	at org.apache.hadoop.ipc.ProtobufRpcEngine$Invoker.invoke(ProtobufRpcEngine.java:228)
	at org.apache.hadoop.ipc.ProtobufRpcEngine$Invoker.invoke(ProtobufRpcEngine.java:116)
	at com.sun.proxy.$Proxy34.allocateContainer(Unknown Source)
	at org.apache.hadoop.hdds.scm.protocolPB.StorageContainerLocationProtocolClientSideTranslatorPB.allocateContainer(StorageContainerLocationProtocolClientSideTranslatorPB.java:125)
	at org.apache.hadoop.ozone.client.rpc.TestWatchForCommit.testWatchForCommitWithSmallerTimeoutValue(TestWatchForCommit.java:281)
	at sun.reflect.NativeMethodAccessorImpl.invoke0(Native Method)
	at sun.reflect.NativeMethodAccessorImpl.invoke(NativeMethodAccessorImpl.java:62)
	at sun.reflect.DelegatingMethodAccessorImpl.invoke(DelegatingMethodAccessorImpl.java:43)
	at java.lang.reflect.Method.invoke(Method.java:498)
	at org.junit.runners.model.FrameworkMethod$1.runReflectiveCall(FrameworkMethod.java:47)
	at org.junit.internal.runners.model.ReflectiveCallable.run(ReflectiveCallable.java:12)
	at org.junit.runners.model.FrameworkMethod.invokeExplosively(FrameworkMethod.java:44)
	at org.junit.internal.runners.statements.InvokeMethod.evaluate(InvokeMethod.java:17)
	at org.junit.runners.ParentRunner.runLeaf(ParentRunner.java:271)
	at org.junit.runners.BlockJUnit4ClassRunner.runChild(BlockJUnit4ClassRunner.java:70)
	at org.junit.runners.BlockJUnit4ClassRunner.runChild(BlockJUnit4ClassRunner.java:50)
	at org.junit.runners.ParentRunner$3.run(ParentRunner.java:238)
	at org.junit.runners.ParentRunner$1.schedule(ParentRunner.java:63)
	at org.junit.runners.ParentRunner.runChildren(ParentRunner.java:236)
	at org.junit.runners.ParentRunner.access$000(ParentRunner.java:53)
	at org.junit.runners.ParentRunner$2.evaluate(ParentRunner.java:229)
	at org.junit.runners.ParentRunner.run(ParentRunner.java:309)
	at org.apache.maven.surefire.junit4.JUnit4Provider.execute(JUnit4Provider.java:365)
	at org.apache.maven.surefire.junit4.JUnit4Provider.executeWithRerun(JUnit4Provider.java:273)
	at org.apache.maven.surefire.junit4.JUnit4Provider.executeTestSet(JUnit4Provider.java:238)
	at org.apache.maven.surefire.junit4.JUnit4Provider.invoke(JUnit4Provider.java:159)
	at org.apache.maven.surefire.booter.ForkedBooter.invokeProviderInSameClassLoader(ForkedBooter.java:384)
	at org.apache.maven.surefire.booter.ForkedBooter.runSuitesInProcess(ForkedBooter.java:345)
	at org.apache.maven.surefire.booter.ForkedBooter.execute(ForkedBooter.java:126)
	at org.apache.maven.surefire.booter.ForkedBooter.main(ForkedBooter.java:418)
</error>
    <system-out><![CDATA[2019-09-12 10:31:25,168 [main] WARN  server.ServerUtils (ServerUtils.java:getScmDbDir(145)) - ozone.scm.db.dirs is not configured. We recommend adding this setting. Falling back to ozone.metadata.dirs instead.
2019-09-12 10:31:25,194 [main] WARN  server.ServerUtils (ServerUtils.java:getScmDbDir(145)) - ozone.scm.db.dirs is not configured. We recommend adding this setting. Falling back to ozone.metadata.dirs instead.
2019-09-12 10:31:25,195 [main] WARN  server.ServerUtils (ServerUtils.java:getScmDbDir(145)) - ozone.scm.db.dirs is not configured. We recommend adding this setting. Falling back to ozone.metadata.dirs instead.
2019-09-12 10:31:25,195 [main] INFO  db.DBStoreBuilder (DBStoreBuilder.java:addTable(110)) - using custom profile for table: deletedBlocks
2019-09-12 10:31:25,195 [main] INFO  db.DBStoreBuilder (DBStoreBuilder.java:processTables(161)) - Using default column profile:DBProfile.DISK for Table:deletedBlocks
2019-09-12 10:31:25,196 [main] INFO  db.DBStoreBuilder (DBStoreBuilder.java:addTable(110)) - using custom profile for table: validCerts
2019-09-12 10:31:25,196 [main] INFO  db.DBStoreBuilder (DBStoreBuilder.java:processTables(161)) - Using default column profile:DBProfile.DISK for Table:validCerts
2019-09-12 10:31:25,196 [main] INFO  db.DBStoreBuilder (DBStoreBuilder.java:addTable(110)) - using custom profile for table: revokedCerts
2019-09-12 10:31:25,196 [main] INFO  db.DBStoreBuilder (DBStoreBuilder.java:processTables(161)) - Using default column profile:DBProfile.DISK for Table:revokedCerts
2019-09-12 10:31:25,196 [main] INFO  db.DBStoreBuilder (DBStoreBuilder.java:addTable(110)) - using custom profile for table: default
2019-09-12 10:31:25,196 [main] INFO  db.DBStoreBuilder (DBStoreBuilder.java:processTables(167)) - Using default column profile:DBProfile.DISK for Table:default
2019-09-12 10:31:25,197 [main] INFO  db.DBStoreBuilder (DBStoreBuilder.java:getDbProfile(198)) - Using default options. DBProfile.DISK
2019-09-12 10:31:25,206 | INFO  | SCMAudit | user=jenkins1000 | ip=192.168.36.114 | op=SEND_HEARTBEAT {datanodeUUID=accf000b-d7b7-4fa5-9682-da82c4451e10, command=[]} | ret=SUCCESS |  
2019-09-12 10:31:25,224 [Thread-383] INFO  impl.FollowerState (FollowerState.java:run(106)) - accf000b-d7b7-4fa5-9682-da82c4451e10:group-79E5CEF8DAC9 changes to CANDIDATE, lastRpcTime:1090, electionTimeout:1090ms
2019-09-12 10:31:25,224 [Thread-383] INFO  impl.RoleInfo (RoleInfo.java:shutdownFollowerState(121)) - accf000b-d7b7-4fa5-9682-da82c4451e10: shutdown FollowerState
2019-09-12 10:31:25,225 [Thread-383] INFO  impl.RaftServerImpl (RaftServerImpl.java:setRole(171)) - accf000b-d7b7-4fa5-9682-da82c4451e10:group-79E5CEF8DAC9 changes role from FOLLOWER to CANDIDATE at term 0 for changeToCandidate
2019-09-12 10:31:25,225 [Thread-383] INFO  impl.RoleInfo (RoleInfo.java:updateAndGet(143)) - accf000b-d7b7-4fa5-9682-da82c4451e10: start LeaderElection
2019-09-12 10:31:25,242 [Thread-388] INFO  impl.FollowerState (FollowerState.java:run(106)) - accf000b-d7b7-4fa5-9682-da82c4451e10:group-9D2724786D91 changes to CANDIDATE, lastRpcTime:1029, electionTimeout:1021ms
2019-09-12 10:31:25,242 [Thread-388] INFO  impl.RoleInfo (RoleInfo.java:shutdownFollowerState(121)) - accf000b-d7b7-4fa5-9682-da82c4451e10: shutdown FollowerState
2019-09-12 10:31:25,242 [Thread-388] INFO  impl.RaftServerImpl (RaftServerImpl.java:setRole(171)) - accf000b-d7b7-4fa5-9682-da82c4451e10:group-9D2724786D91 changes role from FOLLOWER to CANDIDATE at term 0 for changeToCandidate
2019-09-12 10:31:25,243 [Thread-388] INFO  impl.RoleInfo (RoleInfo.java:updateAndGet(143)) - accf000b-d7b7-4fa5-9682-da82c4451e10: start LeaderElection
2019-09-12 10:31:25,255 [accf000b-d7b7-4fa5-9682-da82c4451e10:group-79E5CEF8DAC9:LeaderElection34] INFO  impl.LeaderElection (LeaderElection.java:askForVotes(181)) - accf000b-d7b7-4fa5-9682-da82c4451e10:group-79E5CEF8DAC9:LeaderElection34: begin an election at term 1 for -1: [accf000b-d7b7-4fa5-9682-da82c4451e10:192.168.36.114:36033], old=null
2019-09-12 10:31:25,256 [accf000b-d7b7-4fa5-9682-da82c4451e10:group-79E5CEF8DAC9:LeaderElection34] INFO  impl.RoleInfo (RoleInfo.java:shutdownLeaderElection(134)) - accf000b-d7b7-4fa5-9682-da82c4451e10: shutdown LeaderElection
2019-09-12 10:31:25,256 [accf000b-d7b7-4fa5-9682-da82c4451e10:group-79E5CEF8DAC9:LeaderElection34] INFO  impl.RaftServerImpl (RaftServerImpl.java:setRole(171)) - accf000b-d7b7-4fa5-9682-da82c4451e10:group-79E5CEF8DAC9 changes role from CANDIDATE to LEADER at term 1 for changeToLeader
2019-09-12 10:31:25,256 [accf000b-d7b7-4fa5-9682-da82c4451e10:group-79E5CEF8DAC9:LeaderElection34] INFO  impl.RaftServerImpl (ServerState.java:setLeader(263)) - accf000b-d7b7-4fa5-9682-da82c4451e10:group-79E5CEF8DAC9 change Leader from null to accf000b-d7b7-4fa5-9682-da82c4451e10 at term 1 for becomeLeader, leader elected after 1126ms
2019-09-12 10:31:25,256 [accf000b-d7b7-4fa5-9682-da82c4451e10:group-79E5CEF8DAC9:LeaderElection34] INFO  server.RaftServerConfigKeys (ConfUtils.java:logGet(43)) - raft.server.staging.catchup.gap = 1000 (default)
2019-09-12 10:31:25,256 [accf000b-d7b7-4fa5-9682-da82c4451e10:group-79E5CEF8DAC9:LeaderElection34] INFO  server.RaftServerConfigKeys (ConfUtils.java:logGet(43)) - raft.server.rpc.sleep.time = 25ms (default)
2019-09-12 10:31:25,256 [accf000b-d7b7-4fa5-9682-da82c4451e10:group-79E5CEF8DAC9:LeaderElection34] INFO  server.RaftServerConfigKeys (ConfUtils.java:logGet(43)) - raft.server.write.element-limit = 4096 (default)
2019-09-12 10:31:25,256 [accf000b-d7b7-4fa5-9682-da82c4451e10:group-79E5CEF8DAC9:LeaderElection34] INFO  server.RaftServerConfigKeys (ConfUtils.java:logGet(43)) - raft.server.watch.timeout = 10s (default)
2019-09-12 10:31:25,257 [accf000b-d7b7-4fa5-9682-da82c4451e10:group-79E5CEF8DAC9:LeaderElection34] INFO  server.RaftServerConfigKeys (ConfUtils.java:logGet(43)) - raft.server.watch.timeout.denomination = 1s (default)
2019-09-12 10:31:25,257 [accf000b-d7b7-4fa5-9682-da82c4451e10:group-79E5CEF8DAC9:LeaderElection34] INFO  server.RaftServerConfigKeys (ConfUtils.java:logGet(43)) - raft.server.watch.element-limit = 65536 (default)
2019-09-12 10:31:25,257 [accf000b-d7b7-4fa5-9682-da82c4451e10:group-79E5CEF8DAC9:LeaderElection34] INFO  impl.RoleInfo (RoleInfo.java:updateAndGet(143)) - accf000b-d7b7-4fa5-9682-da82c4451e10: start LeaderState
2019-09-12 10:31:25,257 [accf000b-d7b7-4fa5-9682-da82c4451e10:group-79E5CEF8DAC9:LeaderElection34] INFO  segmented.SegmentedRaftLogWorker (SegmentedRaftLogWorker.java:startLogSegment(380)) - accf000b-d7b7-4fa5-9682-da82c4451e10-SegmentedRaftLogWorker:Storage Directory /workdir/hadoop-ozone/integration-test/target/test-dir/MiniOzoneClusterImpl-b2817a3f-1508-41b1-b0fd-9fa975eef5fc/datanode-5/data/ratis/6c78a830-c90a-42fd-82d9-79e5cef8dac9: Starting segment from index:0
2019-09-12 10:31:25,258 [accf000b-d7b7-4fa5-9682-da82c4451e10:group-79E5CEF8DAC9:LeaderElection34] INFO  impl.RaftServerImpl (ServerState.java:setRaftConf(361)) - accf000b-d7b7-4fa5-9682-da82c4451e10:group-79E5CEF8DAC9 set configuration 0: [accf000b-d7b7-4fa5-9682-da82c4451e10:192.168.36.114:36033], old=null at 0
2019-09-12 10:31:25,271 [accf000b-d7b7-4fa5-9682-da82c4451e10:group-9D2724786D91:LeaderElection35] INFO  impl.LeaderElection (LeaderElection.java:askForVotes(181)) - accf000b-d7b7-4fa5-9682-da82c4451e10:group-9D2724786D91:LeaderElection35: begin an election at term 1 for -1: [accf000b-d7b7-4fa5-9682-da82c4451e10:192.168.36.114:36033], old=null
2019-09-12 10:31:25,271 [accf000b-d7b7-4fa5-9682-da82c4451e10:group-9D2724786D91:LeaderElection35] INFO  impl.RoleInfo (RoleInfo.java:shutdownLeaderElection(134)) - accf000b-d7b7-4fa5-9682-da82c4451e10: shutdown LeaderElection
2019-09-12 10:31:25,271 [accf000b-d7b7-4fa5-9682-da82c4451e10:group-9D2724786D91:LeaderElection35] INFO  impl.RaftServerImpl (RaftServerImpl.java:setRole(171)) - accf000b-d7b7-4fa5-9682-da82c4451e10:group-9D2724786D91 changes role from CANDIDATE to LEADER at term 1 for changeToLeader
2019-09-12 10:31:25,271 [accf000b-d7b7-4fa5-9682-da82c4451e10:group-9D2724786D91:LeaderElection35] INFO  impl.RaftServerImpl (ServerState.java:setLeader(263)) - accf000b-d7b7-4fa5-9682-da82c4451e10:group-9D2724786D91 change Leader from null to accf000b-d7b7-4fa5-9682-da82c4451e10 at term 1 for becomeLeader, leader elected after 1062ms
2019-09-12 10:31:25,271 [accf000b-d7b7-4fa5-9682-da82c4451e10:group-9D2724786D91:LeaderElection35] INFO  server.RaftServerConfigKeys (ConfUtils.java:logGet(43)) - raft.server.staging.catchup.gap = 1000 (default)
2019-09-12 10:31:25,271 [accf000b-d7b7-4fa5-9682-da82c4451e10:group-9D2724786D91:LeaderElection35] INFO  server.RaftServerConfigKeys (ConfUtils.java:logGet(43)) - raft.server.rpc.sleep.time = 25ms (default)
2019-09-12 10:31:25,272 [accf000b-d7b7-4fa5-9682-da82c4451e10:group-9D2724786D91:LeaderElection35] INFO  server.RaftServerConfigKeys (ConfUtils.java:logGet(43)) - raft.server.write.element-limit = 4096 (default)
2019-09-12 10:31:25,272 [accf000b-d7b7-4fa5-9682-da82c4451e10:group-9D2724786D91:LeaderElection35] INFO  server.RaftServerConfigKeys (ConfUtils.java:logGet(43)) - raft.server.watch.timeout = 10s (default)
2019-09-12 10:31:25,272 [accf000b-d7b7-4fa5-9682-da82c4451e10:group-9D2724786D91:LeaderElection35] INFO  server.RaftServerConfigKeys (ConfUtils.java:logGet(43)) - raft.server.watch.timeout.denomination = 1s (default)
2019-09-12 10:31:25,272 [accf000b-d7b7-4fa5-9682-da82c4451e10:group-9D2724786D91:LeaderElection35] INFO  server.RaftServerConfigKeys (ConfUtils.java:logGet(43)) - raft.server.watch.element-limit = 65536 (default)
2019-09-12 10:31:25,272 [accf000b-d7b7-4fa5-9682-da82c4451e10:group-9D2724786D91:LeaderElection35] INFO  impl.RoleInfo (RoleInfo.java:updateAndGet(143)) - accf000b-d7b7-4fa5-9682-da82c4451e10: start LeaderState
2019-09-12 10:31:25,273 [accf000b-d7b7-4fa5-9682-da82c4451e10:group-9D2724786D91:LeaderElection35] INFO  segmented.SegmentedRaftLogWorker (SegmentedRaftLogWorker.java:startLogSegment(380)) - accf000b-d7b7-4fa5-9682-da82c4451e10-SegmentedRaftLogWorker:Storage Directory /workdir/hadoop-ozone/integration-test/target/test-dir/MiniOzoneClusterImpl-b2817a3f-1508-41b1-b0fd-9fa975eef5fc/datanode-5/data/ratis/7f04f101-90a5-472f-b516-9d2724786d91: Starting segment from index:0
2019-09-12 10:31:25,273 [accf000b-d7b7-4fa5-9682-da82c4451e10:group-9D2724786D91:LeaderElection35] INFO  impl.RaftServerImpl (ServerState.java:setRaftConf(361)) - accf000b-d7b7-4fa5-9682-da82c4451e10:group-9D2724786D91 set configuration 0: [accf000b-d7b7-4fa5-9682-da82c4451e10:192.168.36.114:36033], old=null at 0
2019-09-12 10:31:25,332 [accf000b-d7b7-4fa5-9682-da82c4451e10-SegmentedRaftLogWorker:Storage Directory /workdir/hadoop-ozone/integration-test/target/test-dir/MiniOzoneClusterImpl-b2817a3f-1508-41b1-b0fd-9fa975eef5fc/datanode-5/data/ratis/6c78a830-c90a-42fd-82d9-79e5cef8dac9] INFO  segmented.SegmentedRaftLogWorker (SegmentedRaftLogWorker.java:execute(569)) - accf000b-d7b7-4fa5-9682-da82c4451e10-SegmentedRaftLogWorker:Storage Directory /workdir/hadoop-ozone/integration-test/target/test-dir/MiniOzoneClusterImpl-b2817a3f-1508-41b1-b0fd-9fa975eef5fc/datanode-5/data/ratis/6c78a830-c90a-42fd-82d9-79e5cef8dac9: created new log segment /workdir/hadoop-ozone/integration-test/target/test-dir/MiniOzoneClusterImpl-b2817a3f-1508-41b1-b0fd-9fa975eef5fc/datanode-5/data/ratis/6c78a830-c90a-42fd-82d9-79e5cef8dac9/current/log_inprogress_0
2019-09-12 10:31:25,337 [accf000b-d7b7-4fa5-9682-da82c4451e10-SegmentedRaftLogWorker:Storage Directory /workdir/hadoop-ozone/integration-test/target/test-dir/MiniOzoneClusterImpl-b2817a3f-1508-41b1-b0fd-9fa975eef5fc/datanode-5/data/ratis/7f04f101-90a5-472f-b516-9d2724786d91] INFO  segmented.SegmentedRaftLogWorker (SegmentedRaftLogWorker.java:execute(569)) - accf000b-d7b7-4fa5-9682-da82c4451e10-SegmentedRaftLogWorker:Storage Directory /workdir/hadoop-ozone/integration-test/target/test-dir/MiniOzoneClusterImpl-b2817a3f-1508-41b1-b0fd-9fa975eef5fc/datanode-5/data/ratis/7f04f101-90a5-472f-b516-9d2724786d91: created new log segment /workdir/hadoop-ozone/integration-test/target/test-dir/MiniOzoneClusterImpl-b2817a3f-1508-41b1-b0fd-9fa975eef5fc/datanode-5/data/ratis/7f04f101-90a5-472f-b516-9d2724786d91/current/log_inprogress_0
2019-09-12 10:31:25,349 [main] INFO  net.NodeSchemaLoader (NodeSchemaLoader.java:loadSchemaFromFile(125)) - Loading file from sun.misc.CompoundEnumeration@6fc1a8f6
2019-09-12 10:31:25,349 [main] INFO  net.NodeSchemaLoader (NodeSchemaLoader.java:loadSchema(171)) - Loading network topology layer schema file
2019-09-12 10:31:25,353 [main] WARN  server.ServerUtils (ServerUtils.java:sanitizeUserArgs(70)) - ozone.scm.stale.node.interval value = 300000 is larger than max = 100000 based on the key value of ozone.scm.heartbeat.thread.interval, reset to the max value 100000.
2019-09-12 10:31:25,353 [main] WARN  server.ServerUtils (ServerUtils.java:sanitizeUserArgs(70)) - ozone.scm.stale.node.interval value = 300000 is larger than max = 100000 based on the key value of ozone.scm.heartbeat.thread.interval, reset to the max value 100000.
2019-09-12 10:31:25,354 [main] INFO  node.SCMNodeManager (SCMNodeManager.java:<init>(121)) - Entering startup safe mode.
2019-09-12 10:31:25,355 [main] INFO  algorithms.ContainerPlacementPolicyFactory (ContainerPlacementPolicyFactory.java:getPolicy(56)) - Create container placement policy of type org.apache.hadoop.hdds.scm.container.placement.algorithms.SCMContainerPlacementRandom
2019-09-12 10:31:25,355 [main] WARN  server.ServerUtils (ServerUtils.java:getScmDbDir(145)) - ozone.scm.db.dirs is not configured. We recommend adding this setting. Falling back to ozone.metadata.dirs instead.
2019-09-12 10:31:25,403 | INFO  | SCMAudit | user=jenkins1000 | ip=192.168.36.114 | op=SEND_HEARTBEAT {datanodeUUID=c1e71898-521f-4627-a3f1-9884c4b96ced, command=[]} | ret=SUCCESS |  
2019-09-12 10:31:25,466 [main] INFO  pipeline.SCMPipelineManager (SCMPipelineManager.java:initializePipelineState(126)) - No pipeline exists in current db
2019-09-12 10:31:25,466 [main] WARN  server.ServerUtils (ServerUtils.java:getScmDbDir(145)) - ozone.scm.db.dirs is not configured. We recommend adding this setting. Falling back to ozone.metadata.dirs instead.
2019-09-12 10:31:25,466 [Thread-391] INFO  impl.FollowerState (FollowerState.java:run(106)) - 39df7a3f-9691-48d4-a2b1-6888489a5f8a:group-9D2F0D7F158D changes to CANDIDATE, lastRpcTime:1178, electionTimeout:1178ms
2019-09-12 10:31:25,467 [Thread-391] INFO  impl.RoleInfo (RoleInfo.java:shutdownFollowerState(121)) - 39df7a3f-9691-48d4-a2b1-6888489a5f8a: shutdown FollowerState
2019-09-12 10:31:25,467 [Thread-391] INFO  impl.RaftServerImpl (RaftServerImpl.java:setRole(171)) - 39df7a3f-9691-48d4-a2b1-6888489a5f8a:group-9D2F0D7F158D changes role from FOLLOWER to CANDIDATE at term 0 for changeToCandidate
2019-09-12 10:31:25,467 [Thread-391] INFO  impl.RoleInfo (RoleInfo.java:updateAndGet(143)) - 39df7a3f-9691-48d4-a2b1-6888489a5f8a: start LeaderElection
2019-09-12 10:31:25,470 [Thread-397] INFO  impl.FollowerState (FollowerState.java:run(106)) - c1e71898-521f-4627-a3f1-9884c4b96ced:group-0F947781BB5C changes to CANDIDATE, lastRpcTime:1060, electionTimeout:1060ms
2019-09-12 10:31:25,472 [Thread-397] INFO  impl.RoleInfo (RoleInfo.java:shutdownFollowerState(121)) - c1e71898-521f-4627-a3f1-9884c4b96ced: shutdown FollowerState
2019-09-12 10:31:25,473 [Thread-397] INFO  impl.RaftServerImpl (RaftServerImpl.java:setRole(171)) - c1e71898-521f-4627-a3f1-9884c4b96ced:group-0F947781BB5C changes role from FOLLOWER to CANDIDATE at term 0 for changeToCandidate
2019-09-12 10:31:25,474 [Thread-397] INFO  impl.RoleInfo (RoleInfo.java:updateAndGet(143)) - c1e71898-521f-4627-a3f1-9884c4b96ced: start LeaderElection
2019-09-12 10:31:25,493 [39df7a3f-9691-48d4-a2b1-6888489a5f8a:group-9D2F0D7F158D:LeaderElection36] INFO  impl.LeaderElection (LeaderElection.java:askForVotes(181)) - 39df7a3f-9691-48d4-a2b1-6888489a5f8a:group-9D2F0D7F158D:LeaderElection36: begin an election at term 1 for -1: [39df7a3f-9691-48d4-a2b1-6888489a5f8a:192.168.36.114:35493], old=null
2019-09-12 10:31:25,493 [39df7a3f-9691-48d4-a2b1-6888489a5f8a:group-9D2F0D7F158D:LeaderElection36] INFO  impl.RoleInfo (RoleInfo.java:shutdownLeaderElection(134)) - 39df7a3f-9691-48d4-a2b1-6888489a5f8a: shutdown LeaderElection
2019-09-12 10:31:25,493 [c1e71898-521f-4627-a3f1-9884c4b96ced:group-0F947781BB5C:LeaderElection37] INFO  impl.LeaderElection (LeaderElection.java:askForVotes(181)) - c1e71898-521f-4627-a3f1-9884c4b96ced:group-0F947781BB5C:LeaderElection37: begin an election at term 1 for -1: [c1e71898-521f-4627-a3f1-9884c4b96ced:192.168.36.114:35690], old=null
2019-09-12 10:31:25,493 [39df7a3f-9691-48d4-a2b1-6888489a5f8a:group-9D2F0D7F158D:LeaderElection36] INFO  impl.RaftServerImpl (RaftServerImpl.java:setRole(171)) - 39df7a3f-9691-48d4-a2b1-6888489a5f8a:group-9D2F0D7F158D changes role from CANDIDATE to LEADER at term 1 for changeToLeader
2019-09-12 10:31:25,493 [c1e71898-521f-4627-a3f1-9884c4b96ced:group-0F947781BB5C:LeaderElection37] INFO  impl.RoleInfo (RoleInfo.java:shutdownLeaderElection(134)) - c1e71898-521f-4627-a3f1-9884c4b96ced: shutdown LeaderElection
2019-09-12 10:31:25,493 [39df7a3f-9691-48d4-a2b1-6888489a5f8a:group-9D2F0D7F158D:LeaderElection36] INFO  impl.RaftServerImpl (ServerState.java:setLeader(263)) - 39df7a3f-9691-48d4-a2b1-6888489a5f8a:group-9D2F0D7F158D change Leader from null to 39df7a3f-9691-48d4-a2b1-6888489a5f8a at term 1 for becomeLeader, leader elected after 1210ms
2019-09-12 10:31:25,493 [c1e71898-521f-4627-a3f1-9884c4b96ced:group-0F947781BB5C:LeaderElection37] INFO  impl.RaftServerImpl (RaftServerImpl.java:setRole(171)) - c1e71898-521f-4627-a3f1-9884c4b96ced:group-0F947781BB5C changes role from CANDIDATE to LEADER at term 1 for changeToLeader
2019-09-12 10:31:25,494 [39df7a3f-9691-48d4-a2b1-6888489a5f8a:group-9D2F0D7F158D:LeaderElection36] INFO  server.RaftServerConfigKeys (ConfUtils.java:logGet(43)) - raft.server.staging.catchup.gap = 1000 (default)
2019-09-12 10:31:25,494 [c1e71898-521f-4627-a3f1-9884c4b96ced:group-0F947781BB5C:LeaderElection37] INFO  impl.RaftServerImpl (ServerState.java:setLeader(263)) - c1e71898-521f-4627-a3f1-9884c4b96ced:group-0F947781BB5C change Leader from null to c1e71898-521f-4627-a3f1-9884c4b96ced at term 1 for becomeLeader, leader elected after 1136ms
2019-09-12 10:31:25,494 [39df7a3f-9691-48d4-a2b1-6888489a5f8a:group-9D2F0D7F158D:LeaderElection36] INFO  server.RaftServerConfigKeys (ConfUtils.java:logGet(43)) - raft.server.rpc.sleep.time = 25ms (default)
2019-09-12 10:31:25,494 [c1e71898-521f-4627-a3f1-9884c4b96ced:group-0F947781BB5C:LeaderElection37] INFO  server.RaftServerConfigKeys (ConfUtils.java:logGet(43)) - raft.server.staging.catchup.gap = 1000 (default)
2019-09-12 10:31:25,494 [39df7a3f-9691-48d4-a2b1-6888489a5f8a:group-9D2F0D7F158D:LeaderElection36] INFO  server.RaftServerConfigKeys (ConfUtils.java:logGet(43)) - raft.server.write.element-limit = 4096 (default)
2019-09-12 10:31:25,494 [c1e71898-521f-4627-a3f1-9884c4b96ced:group-0F947781BB5C:LeaderElection37] INFO  server.RaftServerConfigKeys (ConfUtils.java:logGet(43)) - raft.server.rpc.sleep.time = 25ms (default)
2019-09-12 10:31:25,494 [39df7a3f-9691-48d4-a2b1-6888489a5f8a:group-9D2F0D7F158D:LeaderElection36] INFO  server.RaftServerConfigKeys (ConfUtils.java:logGet(43)) - raft.server.watch.timeout = 10s (default)
2019-09-12 10:31:25,494 [39df7a3f-9691-48d4-a2b1-6888489a5f8a:group-9D2F0D7F158D:LeaderElection36] INFO  server.RaftServerConfigKeys (ConfUtils.java:logGet(43)) - raft.server.watch.timeout.denomination = 1s (default)
2019-09-12 10:31:25,494 [c1e71898-521f-4627-a3f1-9884c4b96ced:group-0F947781BB5C:LeaderElection37] INFO  server.RaftServerConfigKeys (ConfUtils.java:logGet(43)) - raft.server.write.element-limit = 4096 (default)
2019-09-12 10:31:25,494 [39df7a3f-9691-48d4-a2b1-6888489a5f8a:group-9D2F0D7F158D:LeaderElection36] INFO  server.RaftServerConfigKeys (ConfUtils.java:logGet(43)) - raft.server.watch.element-limit = 65536 (default)
2019-09-12 10:31:25,494 [c1e71898-521f-4627-a3f1-9884c4b96ced:group-0F947781BB5C:LeaderElection37] INFO  server.RaftServerConfigKeys (ConfUtils.java:logGet(43)) - raft.server.watch.timeout = 10s (default)
2019-09-12 10:31:25,495 [39df7a3f-9691-48d4-a2b1-6888489a5f8a:group-9D2F0D7F158D:LeaderElection36] INFO  impl.RoleInfo (RoleInfo.java:updateAndGet(143)) - 39df7a3f-9691-48d4-a2b1-6888489a5f8a: start LeaderState
2019-09-12 10:31:25,495 [c1e71898-521f-4627-a3f1-9884c4b96ced:group-0F947781BB5C:LeaderElection37] INFO  server.RaftServerConfigKeys (ConfUtils.java:logGet(43)) - raft.server.watch.timeout.denomination = 1s (default)
2019-09-12 10:31:25,495 [39df7a3f-9691-48d4-a2b1-6888489a5f8a:group-9D2F0D7F158D:LeaderElection36] INFO  segmented.SegmentedRaftLogWorker (SegmentedRaftLogWorker.java:startLogSegment(380)) - 39df7a3f-9691-48d4-a2b1-6888489a5f8a-SegmentedRaftLogWorker:Storage Directory /workdir/hadoop-ozone/integration-test/target/test-dir/MiniOzoneClusterImpl-b2817a3f-1508-41b1-b0fd-9fa975eef5fc/datanode-4/data/ratis/66438874-427f-4aa4-a914-9d2f0d7f158d: Starting segment from index:0
2019-09-12 10:31:25,495 [c1e71898-521f-4627-a3f1-9884c4b96ced:group-0F947781BB5C:LeaderElection37] INFO  server.RaftServerConfigKeys (ConfUtils.java:logGet(43)) - raft.server.watch.element-limit = 65536 (default)
2019-09-12 10:31:25,495 [c1e71898-521f-4627-a3f1-9884c4b96ced:group-0F947781BB5C:LeaderElection37] INFO  impl.RoleInfo (RoleInfo.java:updateAndGet(143)) - c1e71898-521f-4627-a3f1-9884c4b96ced: start LeaderState
2019-09-12 10:31:25,495 [39df7a3f-9691-48d4-a2b1-6888489a5f8a:group-9D2F0D7F158D:LeaderElection36] INFO  impl.RaftServerImpl (ServerState.java:setRaftConf(361)) - 39df7a3f-9691-48d4-a2b1-6888489a5f8a:group-9D2F0D7F158D set configuration 0: [39df7a3f-9691-48d4-a2b1-6888489a5f8a:192.168.36.114:35493], old=null at 0
2019-09-12 10:31:25,522 [c1e71898-521f-4627-a3f1-9884c4b96ced:group-0F947781BB5C:LeaderElection37] INFO  segmented.SegmentedRaftLogWorker (SegmentedRaftLogWorker.java:startLogSegment(380)) - c1e71898-521f-4627-a3f1-9884c4b96ced-SegmentedRaftLogWorker:Storage Directory /workdir/hadoop-ozone/integration-test/target/test-dir/MiniOzoneClusterImpl-b2817a3f-1508-41b1-b0fd-9fa975eef5fc/datanode-6/data/ratis/27d69fe4-5bba-4eec-9669-0f947781bb5c: Starting segment from index:0
2019-09-12 10:31:25,523 [c1e71898-521f-4627-a3f1-9884c4b96ced:group-0F947781BB5C:LeaderElection37] INFO  impl.RaftServerImpl (ServerState.java:setRaftConf(361)) - c1e71898-521f-4627-a3f1-9884c4b96ced:group-0F947781BB5C set configuration 0: [c1e71898-521f-4627-a3f1-9884c4b96ced:192.168.36.114:35690], old=null at 0
2019-09-12 10:31:25,548 [39df7a3f-9691-48d4-a2b1-6888489a5f8a-SegmentedRaftLogWorker:Storage Directory /workdir/hadoop-ozone/integration-test/target/test-dir/MiniOzoneClusterImpl-b2817a3f-1508-41b1-b0fd-9fa975eef5fc/datanode-4/data/ratis/66438874-427f-4aa4-a914-9d2f0d7f158d] INFO  segmented.SegmentedRaftLogWorker (SegmentedRaftLogWorker.java:execute(569)) - 39df7a3f-9691-48d4-a2b1-6888489a5f8a-SegmentedRaftLogWorker:Storage Directory /workdir/hadoop-ozone/integration-test/target/test-dir/MiniOzoneClusterImpl-b2817a3f-1508-41b1-b0fd-9fa975eef5fc/datanode-4/data/ratis/66438874-427f-4aa4-a914-9d2f0d7f158d: created new log segment /workdir/hadoop-ozone/integration-test/target/test-dir/MiniOzoneClusterImpl-b2817a3f-1508-41b1-b0fd-9fa975eef5fc/datanode-4/data/ratis/66438874-427f-4aa4-a914-9d2f0d7f158d/current/log_inprogress_0
2019-09-12 10:31:25,554 [main] WARN  events.EventQueue (EventQueue.java:fireEvent(175)) - No event handler registered for event TypedEvent{payloadType=SafeModeStatus, name='SafeModeStatus'}
2019-09-12 10:31:25,556 [main] INFO  ipc.CallQueueManager (CallQueueManager.java:<init>(84)) - Using callQueue: class java.util.concurrent.LinkedBlockingQueue, queueCapacity: 2000, scheduler: class org.apache.hadoop.ipc.DefaultRpcScheduler, ipcBackoff: false.
2019-09-12 10:31:25,557 [Socket Reader #1 for port 45356] INFO  ipc.Server (Server.java:run(1074)) - Starting Socket Reader #1 for port 45356
2019-09-12 10:31:25,568 [main] INFO  ipc.CallQueueManager (CallQueueManager.java:<init>(84)) - Using callQueue: class java.util.concurrent.LinkedBlockingQueue, queueCapacity: 2000, scheduler: class org.apache.hadoop.ipc.DefaultRpcScheduler, ipcBackoff: false.
2019-09-12 10:31:25,569 [Socket Reader #1 for port 43726] INFO  ipc.Server (Server.java:run(1074)) - Starting Socket Reader #1 for port 43726
2019-09-12 10:31:25,573 [main] INFO  ipc.CallQueueManager (CallQueueManager.java:<init>(84)) - Using callQueue: class java.util.concurrent.LinkedBlockingQueue, queueCapacity: 2000, scheduler: class org.apache.hadoop.ipc.DefaultRpcScheduler, ipcBackoff: false.
2019-09-12 10:31:25,574 [Socket Reader #1 for port 44063] INFO  ipc.Server (Server.java:run(1074)) - Starting Socket Reader #1 for port 44063
2019-09-12 10:31:25,577 [c1e71898-521f-4627-a3f1-9884c4b96ced-SegmentedRaftLogWorker:Storage Directory /workdir/hadoop-ozone/integration-test/target/test-dir/MiniOzoneClusterImpl-b2817a3f-1508-41b1-b0fd-9fa975eef5fc/datanode-6/data/ratis/27d69fe4-5bba-4eec-9669-0f947781bb5c] INFO  segmented.SegmentedRaftLogWorker (SegmentedRaftLogWorker.java:execute(569)) - c1e71898-521f-4627-a3f1-9884c4b96ced-SegmentedRaftLogWorker:Storage Directory /workdir/hadoop-ozone/integration-test/target/test-dir/MiniOzoneClusterImpl-b2817a3f-1508-41b1-b0fd-9fa975eef5fc/datanode-6/data/ratis/27d69fe4-5bba-4eec-9669-0f947781bb5c: created new log segment /workdir/hadoop-ozone/integration-test/target/test-dir/MiniOzoneClusterImpl-b2817a3f-1508-41b1-b0fd-9fa975eef5fc/datanode-6/data/ratis/27d69fe4-5bba-4eec-9669-0f947781bb5c/current/log_inprogress_0
2019-09-12 10:31:25,578 [main] INFO  hdfs.DFSUtil (DFSUtil.java:httpServerTemplateForNNAndJN(1641)) - Starting Web-server for scm at: http://0.0.0.0:0
2019-09-12 10:31:25,580 [main] INFO  server.AuthenticationFilter (AuthenticationFilter.java:constructSecretProvider(240)) - Unable to initialize FileSignerSecretProvider, falling back to use random secrets.
2019-09-12 10:31:25,581 [main] WARN  http.HttpRequestLog (HttpRequestLog.java:getRequestLog(97)) - Jetty request log can only be enabled using Log4j
2019-09-12 10:31:25,583 [main] INFO  http.HttpServer2 (HttpServer2.java:addGlobalFilter(975)) - Added global filter 'safety' (class=org.apache.hadoop.http.HttpServer2$QuotingInputFilter)
2019-09-12 10:31:25,585 [main] INFO  http.HttpServer2 (HttpServer2.java:addFilter(948)) - Added filter static_user_filter (class=org.apache.hadoop.http.lib.StaticUserWebFilter$StaticUserFilter) to context scm
2019-09-12 10:31:25,585 [main] INFO  http.HttpServer2 (HttpServer2.java:addFilter(958)) - Added filter static_user_filter (class=org.apache.hadoop.http.lib.StaticUserWebFilter$StaticUserFilter) to context static
2019-09-12 10:31:25,585 [main] INFO  http.HttpServer2 (HttpServer2.java:addFilter(958)) - Added filter static_user_filter (class=org.apache.hadoop.http.lib.StaticUserWebFilter$StaticUserFilter) to context logs
2019-09-12 10:31:25,593 [main] INFO  server.StorageContainerManager (StorageContainerManager.java:start(759)) - StorageContainerLocationProtocol RPC server is listening at /0.0.0.0:44063
2019-09-12 10:31:25,593 [main] INFO  impl.MetricsSystemImpl (MetricsSystemImpl.java:init(158)) - StorageContainerManager metrics system started (again)
2019-09-12 10:31:25,614 [main] INFO  server.SCMClientProtocolServer (SCMClientProtocolServer.java:start(151)) - RPC server for Client  is listening at /0.0.0.0:44063
2019-09-12 10:31:25,614 [IPC Server Responder] INFO  ipc.Server (Server.java:run(1314)) - IPC Server Responder: starting
2019-09-12 10:31:25,614 [IPC Server listener on 44063] INFO  ipc.Server (Server.java:run(1153)) - IPC Server listener on 44063: starting
2019-09-12 10:31:25,624 [main] INFO  server.StorageContainerManager (StorageContainerManager.java:start(769)) - ScmBlockLocationProtocol RPC server is listening at /0.0.0.0:43726
2019-09-12 10:31:25,624 [main] INFO  server.SCMBlockProtocolServer (SCMBlockProtocolServer.java:start(140)) - RPC server for Block Protocol is listening at /0.0.0.0:43726
2019-09-12 10:31:25,624 [IPC Server Responder] INFO  ipc.Server (Server.java:run(1314)) - IPC Server Responder: starting
2019-09-12 10:31:25,624 [IPC Server listener on 43726] INFO  ipc.Server (Server.java:run(1153)) - IPC Server listener on 43726: starting
2019-09-12 10:31:25,633 [main] INFO  server.StorageContainerManager (StorageContainerManager.java:start(773)) - ScmDatanodeProtocl RPC server is listening at /0.0.0.0:45356
2019-09-12 10:31:25,637 [main] INFO  server.SCMDatanodeProtocolServer (SCMDatanodeProtocolServer.java:start(191)) - RPC server for DataNodes is listening at /0.0.0.0:45356
2019-09-12 10:31:25,637 [IPC Server Responder] INFO  ipc.Server (Server.java:run(1314)) - IPC Server Responder: starting
2019-09-12 10:31:25,637 [IPC Server listener on 45356] INFO  ipc.Server (Server.java:run(1153)) - IPC Server listener on 45356: starting
2019-09-12 10:31:25,643 | INFO  | SCMAudit | user=jenkins1000 | ip=192.168.36.114 | op=SEND_HEARTBEAT {datanodeUUID=eaeff1e2-de9c-4510-872d-283eb6c3c330, command=[]} | ret=SUCCESS |  
2019-09-12 10:31:25,643 | INFO  | SCMAudit | user=jenkins1000 | ip=192.168.36.114 | op=SEND_HEARTBEAT {datanodeUUID=f17b4253-95a0-4ee6-8ded-88f070f15b33, command=[]} | ret=SUCCESS |  
2019-09-12 10:31:25,659 [Thread-408] INFO  impl.FollowerState (FollowerState.java:run(106)) - c1e71898-521f-4627-a3f1-9884c4b96ced:group-D589FE869276 changes to CANDIDATE, lastRpcTime:1012, electionTimeout:1005ms
2019-09-12 10:31:25,660 [Thread-408] INFO  impl.RoleInfo (RoleInfo.java:shutdownFollowerState(121)) - c1e71898-521f-4627-a3f1-9884c4b96ced: shutdown FollowerState
2019-09-12 10:31:25,660 [Thread-408] INFO  impl.RaftServerImpl (RaftServerImpl.java:setRole(171)) - c1e71898-521f-4627-a3f1-9884c4b96ced:group-D589FE869276 changes role from FOLLOWER to CANDIDATE at term 0 for changeToCandidate
2019-09-12 10:31:25,663 [Thread-401] INFO  impl.FollowerState (FollowerState.java:run(106)) - 39df7a3f-9691-48d4-a2b1-6888489a5f8a:group-961AB407B44C changes to CANDIDATE, lastRpcTime:1162, electionTimeout:1162ms
2019-09-12 10:31:25,663 [Thread-401] INFO  impl.RoleInfo (RoleInfo.java:shutdownFollowerState(121)) - 39df7a3f-9691-48d4-a2b1-6888489a5f8a: shutdown FollowerState
2019-09-12 10:31:25,663 [Thread-401] INFO  impl.RaftServerImpl (RaftServerImpl.java:setRole(171)) - 39df7a3f-9691-48d4-a2b1-6888489a5f8a:group-961AB407B44C changes role from FOLLOWER to CANDIDATE at term 0 for changeToCandidate
2019-09-12 10:31:25,826 | INFO  | SCMAudit | user=jenkins1000 | ip=192.168.36.114 | op=SEND_HEARTBEAT {datanodeUUID=39df7a3f-9691-48d4-a2b1-6888489a5f8a, command=[]} | ret=SUCCESS |  
2019-09-12 10:31:25,826 | INFO  | SCMAudit | user=jenkins1000 | ip=192.168.36.114 | op=SEND_HEARTBEAT {datanodeUUID=c9031a36-5f7c-4098-8bea-8a46141708a6, command=[]} | ret=SUCCESS |  
2019-09-12 10:31:25,904 [Thread-401] INFO  impl.RoleInfo (RoleInfo.java:updateAndGet(143)) - 39df7a3f-9691-48d4-a2b1-6888489a5f8a: start LeaderElection
2019-09-12 10:31:25,904 [Thread-408] INFO  impl.RoleInfo (RoleInfo.java:updateAndGet(143)) - c1e71898-521f-4627-a3f1-9884c4b96ced: start LeaderElection
2019-09-12 10:31:25,920 [main] INFO  http.HttpServer2 (HttpServer2.java:bindListener(1191)) - Jetty bound to port 42902
2019-09-12 10:31:25,920 [main] INFO  server.Server (Server.java:doStart(351)) - jetty-9.3.24.v20180605, build timestamp: 2018-06-05T17:11:56Z, git hash: 84205aa28f11a4f31f2a3b86d1bba2cc8ab69827
2019-09-12 10:31:25,923 [main] INFO  handler.ContextHandler (ContextHandler.java:doStart(781)) - Started o.e.j.s.ServletContextHandler@50ff7063{/logs,file:///workdir/hadoop-ozone/integration-test/target/log,AVAILABLE}
2019-09-12 10:31:25,923 [main] INFO  handler.ContextHandler (ContextHandler.java:doStart(781)) - Started o.e.j.s.ServletContextHandler@1bb96449{/static,file:///workdir/hadoop-ozone/integration-test/target/test-classes/webapps/static,AVAILABLE}
2019-09-12 10:31:25,928 [main] INFO  handler.ContextHandler (ContextHandler.java:doStart(781)) - Started o.e.j.w.WebAppContext@7d64a960{/,file:///workdir/hadoop-ozone/integration-test/target/test-classes/webapps/scm/,AVAILABLE}{/scm}
2019-09-12 10:31:25,928 [Thread-415] INFO  impl.FollowerState (FollowerState.java:run(106)) - c1e71898-521f-4627-a3f1-9884c4b96ced:group-8FA7FBD64647 changes to CANDIDATE, lastRpcTime:1164, electionTimeout:1164ms
2019-09-12 10:31:25,928 [Thread-415] INFO  impl.RoleInfo (RoleInfo.java:shutdownFollowerState(121)) - c1e71898-521f-4627-a3f1-9884c4b96ced: shutdown FollowerState
2019-09-12 10:31:25,928 [main] INFO  server.AbstractConnector (AbstractConnector.java:doStart(278)) - Started ServerConnector@166ce247{HTTP/1.1,[http/1.1]}{0.0.0.0:42902}
2019-09-12 10:31:25,929 [Thread-415] INFO  impl.RaftServerImpl (RaftServerImpl.java:setRole(171)) - c1e71898-521f-4627-a3f1-9884c4b96ced:group-8FA7FBD64647 changes role from FOLLOWER to CANDIDATE at term 0 for changeToCandidate
2019-09-12 10:31:25,929 [main] INFO  server.Server (Server.java:doStart(419)) - Started @17267ms
2019-09-12 10:31:25,929 [Thread-415] INFO  impl.RoleInfo (RoleInfo.java:updateAndGet(143)) - c1e71898-521f-4627-a3f1-9884c4b96ced: start LeaderElection
2019-09-12 10:31:25,933 [main] INFO  server.BaseHttpServer (BaseHttpServer.java:updateConnectorAddress(213)) - HTTP server of SCM is listening at http://0.0.0.0:42902
2019-09-12 10:31:25,935 [main] WARN  server.ServerUtils (ServerUtils.java:getDBPath(222)) - ozone.om.db.dirs is not configured. We recommend adding this setting. Falling back to ozone.metadata.dirs instead.
2019-09-12 10:31:25,935 [org.apache.hadoop.util.JvmPauseMonitor$Monitor@542c65d9] INFO  util.JvmPauseMonitor (JvmPauseMonitor.java:run(188)) - Starting JVM pause monitor
2019-09-12 10:31:25,945 [39df7a3f-9691-48d4-a2b1-6888489a5f8a:group-961AB407B44C:LeaderElection39] INFO  impl.LeaderElection (LeaderElection.java:askForVotes(181)) - 39df7a3f-9691-48d4-a2b1-6888489a5f8a:group-961AB407B44C:LeaderElection39: begin an election at term 1 for -1: [39df7a3f-9691-48d4-a2b1-6888489a5f8a:192.168.36.114:35493], old=null
2019-09-12 10:31:25,945 [c1e71898-521f-4627-a3f1-9884c4b96ced:group-D589FE869276:LeaderElection38] INFO  impl.LeaderElection (LeaderElection.java:askForVotes(181)) - c1e71898-521f-4627-a3f1-9884c4b96ced:group-D589FE869276:LeaderElection38: begin an election at term 1 for -1: [c1e71898-521f-4627-a3f1-9884c4b96ced:192.168.36.114:35690], old=null
2019-09-12 10:31:25,945 [39df7a3f-9691-48d4-a2b1-6888489a5f8a:group-961AB407B44C:LeaderElection39] INFO  impl.RoleInfo (RoleInfo.java:shutdownLeaderElection(134)) - 39df7a3f-9691-48d4-a2b1-6888489a5f8a: shutdown LeaderElection
2019-09-12 10:31:25,945 [c1e71898-521f-4627-a3f1-9884c4b96ced:group-D589FE869276:LeaderElection38] INFO  impl.RoleInfo (RoleInfo.java:shutdownLeaderElection(134)) - c1e71898-521f-4627-a3f1-9884c4b96ced: shutdown LeaderElection
2019-09-12 10:31:25,945 [39df7a3f-9691-48d4-a2b1-6888489a5f8a:group-961AB407B44C:LeaderElection39] INFO  impl.RaftServerImpl (RaftServerImpl.java:setRole(171)) - 39df7a3f-9691-48d4-a2b1-6888489a5f8a:group-961AB407B44C changes role from CANDIDATE to LEADER at term 1 for changeToLeader
2019-09-12 10:31:25,945 [c1e71898-521f-4627-a3f1-9884c4b96ced:group-D589FE869276:LeaderElection38] INFO  impl.RaftServerImpl (RaftServerImpl.java:setRole(171)) - c1e71898-521f-4627-a3f1-9884c4b96ced:group-D589FE869276 changes role from CANDIDATE to LEADER at term 1 for changeToLeader
2019-09-12 10:31:25,945 [39df7a3f-9691-48d4-a2b1-6888489a5f8a:group-961AB407B44C:LeaderElection39] INFO  impl.RaftServerImpl (ServerState.java:setLeader(263)) - 39df7a3f-9691-48d4-a2b1-6888489a5f8a:group-961AB407B44C change Leader from null to 39df7a3f-9691-48d4-a2b1-6888489a5f8a at term 1 for becomeLeader, leader elected after 1450ms
2019-09-12 10:31:25,945 [c1e71898-521f-4627-a3f1-9884c4b96ced:group-D589FE869276:LeaderElection38] INFO  impl.RaftServerImpl (ServerState.java:setLeader(263)) - c1e71898-521f-4627-a3f1-9884c4b96ced:group-D589FE869276 change Leader from null to c1e71898-521f-4627-a3f1-9884c4b96ced at term 1 for becomeLeader, leader elected after 1303ms
2019-09-12 10:31:25,945 [39df7a3f-9691-48d4-a2b1-6888489a5f8a:group-961AB407B44C:LeaderElection39] INFO  server.RaftServerConfigKeys (ConfUtils.java:logGet(43)) - raft.server.staging.catchup.gap = 1000 (default)
2019-09-12 10:31:25,945 [c1e71898-521f-4627-a3f1-9884c4b96ced:group-D589FE869276:LeaderElection38] INFO  server.RaftServerConfigKeys (ConfUtils.java:logGet(43)) - raft.server.staging.catchup.gap = 1000 (default)
2019-09-12 10:31:25,946 [39df7a3f-9691-48d4-a2b1-6888489a5f8a:group-961AB407B44C:LeaderElection39] INFO  server.RaftServerConfigKeys (ConfUtils.java:logGet(43)) - raft.server.rpc.sleep.time = 25ms (default)
2019-09-12 10:31:25,946 [c1e71898-521f-4627-a3f1-9884c4b96ced:group-D589FE869276:LeaderElection38] INFO  server.RaftServerConfigKeys (ConfUtils.java:logGet(43)) - raft.server.rpc.sleep.time = 25ms (default)
2019-09-12 10:31:25,946 [39df7a3f-9691-48d4-a2b1-6888489a5f8a:group-961AB407B44C:LeaderElection39] INFO  server.RaftServerConfigKeys (ConfUtils.java:logGet(43)) - raft.server.write.element-limit = 4096 (default)
2019-09-12 10:31:25,946 [c1e71898-521f-4627-a3f1-9884c4b96ced:group-D589FE869276:LeaderElection38] INFO  server.RaftServerConfigKeys (ConfUtils.java:logGet(43)) - raft.server.write.element-limit = 4096 (default)
2019-09-12 10:31:25,946 [39df7a3f-9691-48d4-a2b1-6888489a5f8a:group-961AB407B44C:LeaderElection39] INFO  server.RaftServerConfigKeys (ConfUtils.java:logGet(43)) - raft.server.watch.timeout = 10s (default)
2019-09-12 10:31:25,946 [c1e71898-521f-4627-a3f1-9884c4b96ced:group-D589FE869276:LeaderElection38] INFO  server.RaftServerConfigKeys (ConfUtils.java:logGet(43)) - raft.server.watch.timeout = 10s (default)
2019-09-12 10:31:25,946 [39df7a3f-9691-48d4-a2b1-6888489a5f8a:group-961AB407B44C:LeaderElection39] INFO  server.RaftServerConfigKeys (ConfUtils.java:logGet(43)) - raft.server.watch.timeout.denomination = 1s (default)
2019-09-12 10:31:25,946 [c1e71898-521f-4627-a3f1-9884c4b96ced:group-D589FE869276:LeaderElection38] INFO  server.RaftServerConfigKeys (ConfUtils.java:logGet(43)) - raft.server.watch.timeout.denomination = 1s (default)
2019-09-12 10:31:25,946 [39df7a3f-9691-48d4-a2b1-6888489a5f8a:group-961AB407B44C:LeaderElection39] INFO  server.RaftServerConfigKeys (ConfUtils.java:logGet(43)) - raft.server.watch.element-limit = 65536 (default)
2019-09-12 10:31:25,947 [c1e71898-521f-4627-a3f1-9884c4b96ced:group-D589FE869276:LeaderElection38] INFO  server.RaftServerConfigKeys (ConfUtils.java:logGet(43)) - raft.server.watch.element-limit = 65536 (default)
2019-09-12 10:31:25,947 [39df7a3f-9691-48d4-a2b1-6888489a5f8a:group-961AB407B44C:LeaderElection39] INFO  impl.RoleInfo (RoleInfo.java:updateAndGet(143)) - 39df7a3f-9691-48d4-a2b1-6888489a5f8a: start LeaderState
2019-09-12 10:31:25,947 [main] WARN  server.ServerUtils (ServerUtils.java:getDBPath(222)) - ozone.om.db.dirs is not configured. We recommend adding this setting. Falling back to ozone.metadata.dirs instead.
2019-09-12 10:31:25,947 [39df7a3f-9691-48d4-a2b1-6888489a5f8a:group-961AB407B44C:LeaderElection39] INFO  segmented.SegmentedRaftLogWorker (SegmentedRaftLogWorker.java:startLogSegment(380)) - 39df7a3f-9691-48d4-a2b1-6888489a5f8a-SegmentedRaftLogWorker:Storage Directory /workdir/hadoop-ozone/integration-test/target/test-dir/MiniOzoneClusterImpl-b2817a3f-1508-41b1-b0fd-9fa975eef5fc/datanode-4/data/ratis/29bb2a42-44cb-44b6-8d9f-961ab407b44c: Starting segment from index:0
2019-09-12 10:31:25,947 [c1e71898-521f-4627-a3f1-9884c4b96ced:group-D589FE869276:LeaderElection38] INFO  impl.RoleInfo (RoleInfo.java:updateAndGet(143)) - c1e71898-521f-4627-a3f1-9884c4b96ced: start LeaderState
2019-09-12 10:31:25,947 [c1e71898-521f-4627-a3f1-9884c4b96ced:group-8FA7FBD64647:LeaderElection40] INFO  impl.LeaderElection (LeaderElection.java:askForVotes(181)) - c1e71898-521f-4627-a3f1-9884c4b96ced:group-8FA7FBD64647:LeaderElection40: begin an election at term 1 for -1: [c1e71898-521f-4627-a3f1-9884c4b96ced:192.168.36.114:35690], old=null
2019-09-12 10:31:25,947 [c1e71898-521f-4627-a3f1-9884c4b96ced:group-D589FE869276:LeaderElection38] INFO  segmented.SegmentedRaftLogWorker (SegmentedRaftLogWorker.java:startLogSegment(380)) - c1e71898-521f-4627-a3f1-9884c4b96ced-SegmentedRaftLogWorker:Storage Directory /workdir/hadoop-ozone/integration-test/target/test-dir/MiniOzoneClusterImpl-b2817a3f-1508-41b1-b0fd-9fa975eef5fc/datanode-6/data/ratis/4a85e376-7575-4fc4-a504-d589fe869276: Starting segment from index:0
2019-09-12 10:31:25,947 [main] WARN  server.ServerUtils (ServerUtils.java:getDBPath(222)) - ozone.om.db.dirs is not configured. We recommend adding this setting. Falling back to ozone.metadata.dirs instead.
2019-09-12 10:31:25,947 [c1e71898-521f-4627-a3f1-9884c4b96ced:group-8FA7FBD64647:LeaderElection40] INFO  impl.RoleInfo (RoleInfo.java:shutdownLeaderElection(134)) - c1e71898-521f-4627-a3f1-9884c4b96ced: shutdown LeaderElection
2019-09-12 10:31:25,948 [c1e71898-521f-4627-a3f1-9884c4b96ced:group-D589FE869276:LeaderElection38] INFO  impl.RaftServerImpl (ServerState.java:setRaftConf(361)) - c1e71898-521f-4627-a3f1-9884c4b96ced:group-D589FE869276 set configuration 0: [c1e71898-521f-4627-a3f1-9884c4b96ced:192.168.36.114:35690], old=null at 0
2019-09-12 10:31:25,947 [39df7a3f-9691-48d4-a2b1-6888489a5f8a:group-961AB407B44C:LeaderElection39] INFO  impl.RaftServerImpl (ServerState.java:setRaftConf(361)) - 39df7a3f-9691-48d4-a2b1-6888489a5f8a:group-961AB407B44C set configuration 0: [39df7a3f-9691-48d4-a2b1-6888489a5f8a:192.168.36.114:35493], old=null at 0
2019-09-12 10:31:25,977 [main] INFO  om.OzoneManager (OzoneManager.java:setOMNodeDetails(645)) - OM Service ID is not set. Setting it to the default ID: omServiceIdDefault
2019-09-12 10:31:25,948 [c1e71898-521f-4627-a3f1-9884c4b96ced:group-8FA7FBD64647:LeaderElection40] INFO  impl.RaftServerImpl (RaftServerImpl.java:setRole(171)) - c1e71898-521f-4627-a3f1-9884c4b96ced:group-8FA7FBD64647 changes role from CANDIDATE to LEADER at term 1 for changeToLeader
2019-09-12 10:31:25,979 [main] INFO  om.OzoneManager (OzoneManager.java:setOMNodeDetails(651)) - OM Node ID is not set. Setting it to the OmStorage's OmID: 37238301-c1da-4558-aa76-aaf6f3da9419
2019-09-12 10:31:25,980 [c1e71898-521f-4627-a3f1-9884c4b96ced:group-8FA7FBD64647:LeaderElection40] INFO  impl.RaftServerImpl (ServerState.java:setLeader(263)) - c1e71898-521f-4627-a3f1-9884c4b96ced:group-8FA7FBD64647 change Leader from null to c1e71898-521f-4627-a3f1-9884c4b96ced at term 1 for becomeLeader, leader elected after 1221ms
2019-09-12 10:31:25,980 [main] INFO  om.OzoneManager (OzoneManager.java:loadOMHAConfigs(602)) - Found matching OM address with OMServiceId: null, OMNodeId: null, RPC Address: localhost:0 and Ratis port: 9872
2019-09-12 10:31:25,980 [c1e71898-521f-4627-a3f1-9884c4b96ced:group-8FA7FBD64647:LeaderElection40] INFO  server.RaftServerConfigKeys (ConfUtils.java:logGet(43)) - raft.server.staging.catchup.gap = 1000 (default)
2019-09-12 10:31:25,980 [c1e71898-521f-4627-a3f1-9884c4b96ced:group-8FA7FBD64647:LeaderElection40] INFO  server.RaftServerConfigKeys (ConfUtils.java:logGet(43)) - raft.server.rpc.sleep.time = 25ms (default)
2019-09-12 10:31:25,980 [c1e71898-521f-4627-a3f1-9884c4b96ced:group-8FA7FBD64647:LeaderElection40] INFO  server.RaftServerConfigKeys (ConfUtils.java:logGet(43)) - raft.server.write.element-limit = 4096 (default)
2019-09-12 10:31:25,980 [c1e71898-521f-4627-a3f1-9884c4b96ced:group-8FA7FBD64647:LeaderElection40] INFO  server.RaftServerConfigKeys (ConfUtils.java:logGet(43)) - raft.server.watch.timeout = 10s (default)
2019-09-12 10:31:25,981 [c1e71898-521f-4627-a3f1-9884c4b96ced:group-8FA7FBD64647:LeaderElection40] INFO  server.RaftServerConfigKeys (ConfUtils.java:logGet(43)) - raft.server.watch.timeout.denomination = 1s (default)
2019-09-12 10:31:25,981 [c1e71898-521f-4627-a3f1-9884c4b96ced:group-8FA7FBD64647:LeaderElection40] INFO  server.RaftServerConfigKeys (ConfUtils.java:logGet(43)) - raft.server.watch.element-limit = 65536 (default)
2019-09-12 10:31:25,981 [c1e71898-521f-4627-a3f1-9884c4b96ced:group-8FA7FBD64647:LeaderElection40] INFO  impl.RoleInfo (RoleInfo.java:updateAndGet(143)) - c1e71898-521f-4627-a3f1-9884c4b96ced: start LeaderState
2019-09-12 10:31:25,981 [c1e71898-521f-4627-a3f1-9884c4b96ced:group-8FA7FBD64647:LeaderElection40] INFO  segmented.SegmentedRaftLogWorker (SegmentedRaftLogWorker.java:startLogSegment(380)) - c1e71898-521f-4627-a3f1-9884c4b96ced-SegmentedRaftLogWorker:Storage Directory /workdir/hadoop-ozone/integration-test/target/test-dir/MiniOzoneClusterImpl-b2817a3f-1508-41b1-b0fd-9fa975eef5fc/datanode-6/data/ratis/9790c1af-13e5-4ad6-a77a-8fa7fbd64647: Starting segment from index:0
2019-09-12 10:31:25,982 [c1e71898-521f-4627-a3f1-9884c4b96ced:group-8FA7FBD64647:LeaderElection40] INFO  impl.RaftServerImpl (ServerState.java:setRaftConf(361)) - c1e71898-521f-4627-a3f1-9884c4b96ced:group-8FA7FBD64647 set configuration 0: [c1e71898-521f-4627-a3f1-9884c4b96ced:192.168.36.114:35690], old=null at 0
2019-09-12 10:31:26,012 [c1e71898-521f-4627-a3f1-9884c4b96ced-SegmentedRaftLogWorker:Storage Directory /workdir/hadoop-ozone/integration-test/target/test-dir/MiniOzoneClusterImpl-b2817a3f-1508-41b1-b0fd-9fa975eef5fc/datanode-6/data/ratis/4a85e376-7575-4fc4-a504-d589fe869276] INFO  segmented.SegmentedRaftLogWorker (SegmentedRaftLogWorker.java:execute(569)) - c1e71898-521f-4627-a3f1-9884c4b96ced-SegmentedRaftLogWorker:Storage Directory /workdir/hadoop-ozone/integration-test/target/test-dir/MiniOzoneClusterImpl-b2817a3f-1508-41b1-b0fd-9fa975eef5fc/datanode-6/data/ratis/4a85e376-7575-4fc4-a504-d589fe869276: created new log segment /workdir/hadoop-ozone/integration-test/target/test-dir/MiniOzoneClusterImpl-b2817a3f-1508-41b1-b0fd-9fa975eef5fc/datanode-6/data/ratis/4a85e376-7575-4fc4-a504-d589fe869276/current/log_inprogress_0
2019-09-12 10:31:26,012 [39df7a3f-9691-48d4-a2b1-6888489a5f8a-SegmentedRaftLogWorker:Storage Directory /workdir/hadoop-ozone/integration-test/target/test-dir/MiniOzoneClusterImpl-b2817a3f-1508-41b1-b0fd-9fa975eef5fc/datanode-4/data/ratis/29bb2a42-44cb-44b6-8d9f-961ab407b44c] INFO  segmented.SegmentedRaftLogWorker (SegmentedRaftLogWorker.java:execute(569)) - 39df7a3f-9691-48d4-a2b1-6888489a5f8a-SegmentedRaftLogWorker:Storage Directory /workdir/hadoop-ozone/integration-test/target/test-dir/MiniOzoneClusterImpl-b2817a3f-1508-41b1-b0fd-9fa975eef5fc/datanode-4/data/ratis/29bb2a42-44cb-44b6-8d9f-961ab407b44c: created new log segment /workdir/hadoop-ozone/integration-test/target/test-dir/MiniOzoneClusterImpl-b2817a3f-1508-41b1-b0fd-9fa975eef5fc/datanode-4/data/ratis/29bb2a42-44cb-44b6-8d9f-961ab407b44c/current/log_inprogress_0
2019-09-12 10:31:26,023 | INFO  | SCMAudit | user=jenkins1000 | ip=192.168.36.114 | op=GET_SCM_INFO null | ret=SUCCESS |  
2019-09-12 10:31:26,028 [c1e71898-521f-4627-a3f1-9884c4b96ced-SegmentedRaftLogWorker:Storage Directory /workdir/hadoop-ozone/integration-test/target/test-dir/MiniOzoneClusterImpl-b2817a3f-1508-41b1-b0fd-9fa975eef5fc/datanode-6/data/ratis/9790c1af-13e5-4ad6-a77a-8fa7fbd64647] INFO  segmented.SegmentedRaftLogWorker (SegmentedRaftLogWorker.java:execute(569)) - c1e71898-521f-4627-a3f1-9884c4b96ced-SegmentedRaftLogWorker:Storage Directory /workdir/hadoop-ozone/integration-test/target/test-dir/MiniOzoneClusterImpl-b2817a3f-1508-41b1-b0fd-9fa975eef5fc/datanode-6/data/ratis/9790c1af-13e5-4ad6-a77a-8fa7fbd64647: created new log segment /workdir/hadoop-ozone/integration-test/target/test-dir/MiniOzoneClusterImpl-b2817a3f-1508-41b1-b0fd-9fa975eef5fc/datanode-6/data/ratis/9790c1af-13e5-4ad6-a77a-8fa7fbd64647/current/log_inprogress_0
2019-09-12 10:31:26,030 [main] WARN  server.ServerUtils (ServerUtils.java:getDBPath(222)) - ozone.om.db.dirs is not configured. We recommend adding this setting. Falling back to ozone.metadata.dirs instead.
2019-09-12 10:31:26,030 [main] INFO  db.DBStoreBuilder (DBStoreBuilder.java:addTable(110)) - using custom profile for table: userTable
2019-09-12 10:31:26,030 [main] INFO  db.DBStoreBuilder (DBStoreBuilder.java:processTables(161)) - Using default column profile:DBProfile.DISK for Table:userTable
2019-09-12 10:31:26,031 [main] INFO  db.DBStoreBuilder (DBStoreBuilder.java:addTable(110)) - using custom profile for table: volumeTable
2019-09-12 10:31:26,031 [main] INFO  db.DBStoreBuilder (DBStoreBuilder.java:processTables(161)) - Using default column profile:DBProfile.DISK for Table:volumeTable
2019-09-12 10:31:26,031 [main] INFO  db.DBStoreBuilder (DBStoreBuilder.java:addTable(110)) - using custom profile for table: bucketTable
2019-09-12 10:31:26,031 [main] INFO  db.DBStoreBuilder (DBStoreBuilder.java:processTables(161)) - Using default column profile:DBProfile.DISK for Table:bucketTable
2019-09-12 10:31:26,031 [main] INFO  db.DBStoreBuilder (DBStoreBuilder.java:addTable(110)) - using custom profile for table: keyTable
2019-09-12 10:31:26,032 [main] INFO  db.DBStoreBuilder (DBStoreBuilder.java:processTables(161)) - Using default column profile:DBProfile.DISK for Table:keyTable
2019-09-12 10:31:26,032 [main] INFO  db.DBStoreBuilder (DBStoreBuilder.java:addTable(110)) - using custom profile for table: deletedTable
2019-09-12 10:31:26,032 [main] INFO  db.DBStoreBuilder (DBStoreBuilder.java:processTables(161)) - Using default column profile:DBProfile.DISK for Table:deletedTable
2019-09-12 10:31:26,032 [main] INFO  db.DBStoreBuilder (DBStoreBuilder.java:addTable(110)) - using custom profile for table: openKeyTable
2019-09-12 10:31:26,032 [main] INFO  db.DBStoreBuilder (DBStoreBuilder.java:processTables(161)) - Using default column profile:DBProfile.DISK for Table:openKeyTable
2019-09-12 10:31:26,033 [main] INFO  db.DBStoreBuilder (DBStoreBuilder.java:addTable(110)) - using custom profile for table: s3Table
2019-09-12 10:31:26,033 [main] INFO  db.DBStoreBuilder (DBStoreBuilder.java:processTables(161)) - Using default column profile:DBProfile.DISK for Table:s3Table
2019-09-12 10:31:26,033 [main] INFO  db.DBStoreBuilder (DBStoreBuilder.java:addTable(110)) - using custom profile for table: multipartInfoTable
2019-09-12 10:31:26,033 [main] INFO  db.DBStoreBuilder (DBStoreBuilder.java:processTables(161)) - Using default column profile:DBProfile.DISK for Table:multipartInfoTable
2019-09-12 10:31:26,033 [main] INFO  db.DBStoreBuilder (DBStoreBuilder.java:addTable(110)) - using custom profile for table: dTokenTable
2019-09-12 10:31:26,033 [main] INFO  db.DBStoreBuilder (DBStoreBuilder.java:processTables(161)) - Using default column profile:DBProfile.DISK for Table:dTokenTable
2019-09-12 10:31:26,034 [main] INFO  db.DBStoreBuilder (DBStoreBuilder.java:addTable(110)) - using custom profile for table: s3SecretTable
2019-09-12 10:31:26,034 [main] INFO  db.DBStoreBuilder (DBStoreBuilder.java:processTables(161)) - Using default column profile:DBProfile.DISK for Table:s3SecretTable
2019-09-12 10:31:26,034 [main] INFO  db.DBStoreBuilder (DBStoreBuilder.java:addTable(110)) - using custom profile for table: prefixTable
2019-09-12 10:31:26,034 [main] INFO  db.DBStoreBuilder (DBStoreBuilder.java:processTables(161)) - Using default column profile:DBProfile.DISK for Table:prefixTable
2019-09-12 10:31:26,034 [main] INFO  db.DBStoreBuilder (DBStoreBuilder.java:addTable(110)) - using custom profile for table: default
2019-09-12 10:31:26,035 [main] INFO  db.DBStoreBuilder (DBStoreBuilder.java:processTables(167)) - Using default column profile:DBProfile.DISK for Table:default
2019-09-12 10:31:26,035 [main] INFO  db.DBStoreBuilder (DBStoreBuilder.java:getDbProfile(198)) - Using default options. DBProfile.DISK
2019-09-12 10:31:26,084 | INFO  | SCMAudit | user=jenkins1000 | ip=192.168.36.114 | op=SEND_HEARTBEAT {datanodeUUID=2cb9d557-cb56-4745-8686-5e72b62e748a, command=[]} | ret=SUCCESS |  
2019-09-12 10:31:26,095 [Thread-432] INFO  impl.FollowerState (FollowerState.java:run(106)) - c1e71898-521f-4627-a3f1-9884c4b96ced:group-6641F73B2EF5 changes to CANDIDATE, lastRpcTime:1000, electionTimeout:1000ms
2019-09-12 10:31:26,095 [Thread-432] INFO  impl.RoleInfo (RoleInfo.java:shutdownFollowerState(121)) - c1e71898-521f-4627-a3f1-9884c4b96ced: shutdown FollowerState
2019-09-12 10:31:26,095 [Thread-432] INFO  impl.RaftServerImpl (RaftServerImpl.java:setRole(171)) - c1e71898-521f-4627-a3f1-9884c4b96ced:group-6641F73B2EF5 changes role from FOLLOWER to CANDIDATE at term 0 for changeToCandidate
2019-09-12 10:31:26,096 [Thread-432] INFO  impl.RoleInfo (RoleInfo.java:updateAndGet(143)) - c1e71898-521f-4627-a3f1-9884c4b96ced: start LeaderElection
2019-09-12 10:31:26,098 [Thread-426] INFO  impl.FollowerState (FollowerState.java:run(106)) - c1e71898-521f-4627-a3f1-9884c4b96ced:group-404DE8C5C071 changes to CANDIDATE, lastRpcTime:1102, electionTimeout:1101ms
2019-09-12 10:31:26,098 [Thread-426] INFO  impl.RoleInfo (RoleInfo.java:shutdownFollowerState(121)) - c1e71898-521f-4627-a3f1-9884c4b96ced: shutdown FollowerState
2019-09-12 10:31:26,099 [Thread-426] INFO  impl.RaftServerImpl (RaftServerImpl.java:setRole(171)) - c1e71898-521f-4627-a3f1-9884c4b96ced:group-404DE8C5C071 changes role from FOLLOWER to CANDIDATE at term 0 for changeToCandidate
2019-09-12 10:31:26,099 [Thread-426] INFO  impl.RoleInfo (RoleInfo.java:updateAndGet(143)) - c1e71898-521f-4627-a3f1-9884c4b96ced: start LeaderElection
2019-09-12 10:31:26,115 [c1e71898-521f-4627-a3f1-9884c4b96ced:group-404DE8C5C071:LeaderElection42] INFO  impl.LeaderElection (LeaderElection.java:askForVotes(181)) - c1e71898-521f-4627-a3f1-9884c4b96ced:group-404DE8C5C071:LeaderElection42: begin an election at term 1 for -1: [c1e71898-521f-4627-a3f1-9884c4b96ced:192.168.36.114:35690], old=null
2019-09-12 10:31:26,115 [c1e71898-521f-4627-a3f1-9884c4b96ced:group-6641F73B2EF5:LeaderElection41] INFO  impl.LeaderElection (LeaderElection.java:askForVotes(181)) - c1e71898-521f-4627-a3f1-9884c4b96ced:group-6641F73B2EF5:LeaderElection41: begin an election at term 1 for -1: [c1e71898-521f-4627-a3f1-9884c4b96ced:192.168.36.114:35690], old=null
2019-09-12 10:31:26,115 [c1e71898-521f-4627-a3f1-9884c4b96ced:group-404DE8C5C071:LeaderElection42] INFO  impl.RoleInfo (RoleInfo.java:shutdownLeaderElection(134)) - c1e71898-521f-4627-a3f1-9884c4b96ced: shutdown LeaderElection
2019-09-12 10:31:26,115 [c1e71898-521f-4627-a3f1-9884c4b96ced:group-6641F73B2EF5:LeaderElection41] INFO  impl.RoleInfo (RoleInfo.java:shutdownLeaderElection(134)) - c1e71898-521f-4627-a3f1-9884c4b96ced: shutdown LeaderElection
2019-09-12 10:31:26,115 [c1e71898-521f-4627-a3f1-9884c4b96ced:group-404DE8C5C071:LeaderElection42] INFO  impl.RaftServerImpl (RaftServerImpl.java:setRole(171)) - c1e71898-521f-4627-a3f1-9884c4b96ced:group-404DE8C5C071 changes role from CANDIDATE to LEADER at term 1 for changeToLeader
2019-09-12 10:31:26,116 [c1e71898-521f-4627-a3f1-9884c4b96ced:group-6641F73B2EF5:LeaderElection41] INFO  impl.RaftServerImpl (RaftServerImpl.java:setRole(171)) - c1e71898-521f-4627-a3f1-9884c4b96ced:group-6641F73B2EF5 changes role from CANDIDATE to LEADER at term 1 for changeToLeader
2019-09-12 10:31:26,116 [c1e71898-521f-4627-a3f1-9884c4b96ced:group-404DE8C5C071:LeaderElection42] INFO  impl.RaftServerImpl (ServerState.java:setLeader(263)) - c1e71898-521f-4627-a3f1-9884c4b96ced:group-404DE8C5C071 change Leader from null to c1e71898-521f-4627-a3f1-9884c4b96ced at term 1 for becomeLeader, leader elected after 1245ms
2019-09-12 10:31:26,116 [c1e71898-521f-4627-a3f1-9884c4b96ced:group-6641F73B2EF5:LeaderElection41] INFO  impl.RaftServerImpl (ServerState.java:setLeader(263)) - c1e71898-521f-4627-a3f1-9884c4b96ced:group-6641F73B2EF5 change Leader from null to c1e71898-521f-4627-a3f1-9884c4b96ced at term 1 for becomeLeader, leader elected after 1066ms
2019-09-12 10:31:26,116 [c1e71898-521f-4627-a3f1-9884c4b96ced:group-404DE8C5C071:LeaderElection42] INFO  server.RaftServerConfigKeys (ConfUtils.java:logGet(43)) - raft.server.staging.catchup.gap = 1000 (default)
2019-09-12 10:31:26,116 [c1e71898-521f-4627-a3f1-9884c4b96ced:group-6641F73B2EF5:LeaderElection41] INFO  server.RaftServerConfigKeys (ConfUtils.java:logGet(43)) - raft.server.staging.catchup.gap = 1000 (default)
2019-09-12 10:31:26,116 [c1e71898-521f-4627-a3f1-9884c4b96ced:group-404DE8C5C071:LeaderElection42] INFO  server.RaftServerConfigKeys (ConfUtils.java:logGet(43)) - raft.server.rpc.sleep.time = 25ms (default)
2019-09-12 10:31:26,116 [c1e71898-521f-4627-a3f1-9884c4b96ced:group-6641F73B2EF5:LeaderElection41] INFO  server.RaftServerConfigKeys (ConfUtils.java:logGet(43)) - raft.server.rpc.sleep.time = 25ms (default)
2019-09-12 10:31:26,116 [c1e71898-521f-4627-a3f1-9884c4b96ced:group-404DE8C5C071:LeaderElection42] INFO  server.RaftServerConfigKeys (ConfUtils.java:logGet(43)) - raft.server.write.element-limit = 4096 (default)
2019-09-12 10:31:26,116 [c1e71898-521f-4627-a3f1-9884c4b96ced:group-6641F73B2EF5:LeaderElection41] INFO  server.RaftServerConfigKeys (ConfUtils.java:logGet(43)) - raft.server.write.element-limit = 4096 (default)
2019-09-12 10:31:26,116 [c1e71898-521f-4627-a3f1-9884c4b96ced:group-404DE8C5C071:LeaderElection42] INFO  server.RaftServerConfigKeys (ConfUtils.java:logGet(43)) - raft.server.watch.timeout = 10s (default)
2019-09-12 10:31:26,116 [c1e71898-521f-4627-a3f1-9884c4b96ced:group-6641F73B2EF5:LeaderElection41] INFO  server.RaftServerConfigKeys (ConfUtils.java:logGet(43)) - raft.server.watch.timeout = 10s (default)
2019-09-12 10:31:26,116 [c1e71898-521f-4627-a3f1-9884c4b96ced:group-404DE8C5C071:LeaderElection42] INFO  server.RaftServerConfigKeys (ConfUtils.java:logGet(43)) - raft.server.watch.timeout.denomination = 1s (default)
2019-09-12 10:31:26,117 [c1e71898-521f-4627-a3f1-9884c4b96ced:group-6641F73B2EF5:LeaderElection41] INFO  server.RaftServerConfigKeys (ConfUtils.java:logGet(43)) - raft.server.watch.timeout.denomination = 1s (default)
2019-09-12 10:31:26,117 [c1e71898-521f-4627-a3f1-9884c4b96ced:group-404DE8C5C071:LeaderElection42] INFO  server.RaftServerConfigKeys (ConfUtils.java:logGet(43)) - raft.server.watch.element-limit = 65536 (default)
2019-09-12 10:31:26,117 [c1e71898-521f-4627-a3f1-9884c4b96ced:group-6641F73B2EF5:LeaderElection41] INFO  server.RaftServerConfigKeys (ConfUtils.java:logGet(43)) - raft.server.watch.element-limit = 65536 (default)
2019-09-12 10:31:26,117 [c1e71898-521f-4627-a3f1-9884c4b96ced:group-404DE8C5C071:LeaderElection42] INFO  impl.RoleInfo (RoleInfo.java:updateAndGet(143)) - c1e71898-521f-4627-a3f1-9884c4b96ced: start LeaderState
2019-09-12 10:31:26,117 [c1e71898-521f-4627-a3f1-9884c4b96ced:group-6641F73B2EF5:LeaderElection41] INFO  impl.RoleInfo (RoleInfo.java:updateAndGet(143)) - c1e71898-521f-4627-a3f1-9884c4b96ced: start LeaderState
2019-09-12 10:31:26,117 [c1e71898-521f-4627-a3f1-9884c4b96ced:group-404DE8C5C071:LeaderElection42] INFO  segmented.SegmentedRaftLogWorker (SegmentedRaftLogWorker.java:startLogSegment(380)) - c1e71898-521f-4627-a3f1-9884c4b96ced-SegmentedRaftLogWorker:Storage Directory /workdir/hadoop-ozone/integration-test/target/test-dir/MiniOzoneClusterImpl-b2817a3f-1508-41b1-b0fd-9fa975eef5fc/datanode-6/data/ratis/f241a73c-57ad-4511-9867-404de8c5c071: Starting segment from index:0
2019-09-12 10:31:26,117 [c1e71898-521f-4627-a3f1-9884c4b96ced:group-6641F73B2EF5:LeaderElection41] INFO  segmented.SegmentedRaftLogWorker (SegmentedRaftLogWorker.java:startLogSegment(380)) - c1e71898-521f-4627-a3f1-9884c4b96ced-SegmentedRaftLogWorker:Storage Directory /workdir/hadoop-ozone/integration-test/target/test-dir/MiniOzoneClusterImpl-b2817a3f-1508-41b1-b0fd-9fa975eef5fc/datanode-6/data/ratis/0d0e82b6-6362-47c0-9e27-6641f73b2ef5: Starting segment from index:0
2019-09-12 10:31:26,118 [c1e71898-521f-4627-a3f1-9884c4b96ced:group-404DE8C5C071:LeaderElection42] INFO  impl.RaftServerImpl (ServerState.java:setRaftConf(361)) - c1e71898-521f-4627-a3f1-9884c4b96ced:group-404DE8C5C071 set configuration 0: [c1e71898-521f-4627-a3f1-9884c4b96ced:192.168.36.114:35690], old=null at 0
2019-09-12 10:31:26,118 [c1e71898-521f-4627-a3f1-9884c4b96ced:group-6641F73B2EF5:LeaderElection41] INFO  impl.RaftServerImpl (ServerState.java:setRaftConf(361)) - c1e71898-521f-4627-a3f1-9884c4b96ced:group-6641F73B2EF5 set configuration 0: [c1e71898-521f-4627-a3f1-9884c4b96ced:192.168.36.114:35690], old=null at 0
2019-09-12 10:31:26,147 [c1e71898-521f-4627-a3f1-9884c4b96ced-SegmentedRaftLogWorker:Storage Directory /workdir/hadoop-ozone/integration-test/target/test-dir/MiniOzoneClusterImpl-b2817a3f-1508-41b1-b0fd-9fa975eef5fc/datanode-6/data/ratis/f241a73c-57ad-4511-9867-404de8c5c071] INFO  segmented.SegmentedRaftLogWorker (SegmentedRaftLogWorker.java:execute(569)) - c1e71898-521f-4627-a3f1-9884c4b96ced-SegmentedRaftLogWorker:Storage Directory /workdir/hadoop-ozone/integration-test/target/test-dir/MiniOzoneClusterImpl-b2817a3f-1508-41b1-b0fd-9fa975eef5fc/datanode-6/data/ratis/f241a73c-57ad-4511-9867-404de8c5c071: created new log segment /workdir/hadoop-ozone/integration-test/target/test-dir/MiniOzoneClusterImpl-b2817a3f-1508-41b1-b0fd-9fa975eef5fc/datanode-6/data/ratis/f241a73c-57ad-4511-9867-404de8c5c071/current/log_inprogress_0
2019-09-12 10:31:26,164 [c1e71898-521f-4627-a3f1-9884c4b96ced-SegmentedRaftLogWorker:Storage Directory /workdir/hadoop-ozone/integration-test/target/test-dir/MiniOzoneClusterImpl-b2817a3f-1508-41b1-b0fd-9fa975eef5fc/datanode-6/data/ratis/0d0e82b6-6362-47c0-9e27-6641f73b2ef5] INFO  segmented.SegmentedRaftLogWorker (SegmentedRaftLogWorker.java:execute(569)) - c1e71898-521f-4627-a3f1-9884c4b96ced-SegmentedRaftLogWorker:Storage Directory /workdir/hadoop-ozone/integration-test/target/test-dir/MiniOzoneClusterImpl-b2817a3f-1508-41b1-b0fd-9fa975eef5fc/datanode-6/data/ratis/0d0e82b6-6362-47c0-9e27-6641f73b2ef5: created new log segment /workdir/hadoop-ozone/integration-test/target/test-dir/MiniOzoneClusterImpl-b2817a3f-1508-41b1-b0fd-9fa975eef5fc/datanode-6/data/ratis/0d0e82b6-6362-47c0-9e27-6641f73b2ef5/current/log_inprogress_0
2019-09-12 10:31:26,206 | INFO  | SCMAudit | user=jenkins1000 | ip=192.168.36.114 | op=SEND_HEARTBEAT {datanodeUUID=accf000b-d7b7-4fa5-9682-da82c4451e10, command=[]} | ret=SUCCESS |  
2019-09-12 10:31:26,404 | INFO  | SCMAudit | user=jenkins1000 | ip=192.168.36.114 | op=SEND_HEARTBEAT {datanodeUUID=c1e71898-521f-4627-a3f1-9884c4b96ced, command=[]} | ret=SUCCESS |  
2019-09-12 10:31:26,631 | INFO  | SCMAudit | user=jenkins1000 | ip=192.168.36.114 | op=SEND_HEARTBEAT {datanodeUUID=f17b4253-95a0-4ee6-8ded-88f070f15b33, command=[]} | ret=SUCCESS |  
2019-09-12 10:31:26,631 | INFO  | SCMAudit | user=jenkins1000 | ip=192.168.36.114 | op=SEND_HEARTBEAT {datanodeUUID=eaeff1e2-de9c-4510-872d-283eb6c3c330, command=[]} | ret=SUCCESS |  
2019-09-12 10:31:26,631 [main] INFO  ipc.CallQueueManager (CallQueueManager.java:<init>(84)) - Using callQueue: class java.util.concurrent.LinkedBlockingQueue, queueCapacity: 2000, scheduler: class org.apache.hadoop.ipc.DefaultRpcScheduler, ipcBackoff: false.
2019-09-12 10:31:26,632 [Socket Reader #1 for port 41018] INFO  ipc.Server (Server.java:run(1074)) - Starting Socket Reader #1 for port 41018
2019-09-12 10:31:26,647 [main] INFO  om.OzoneManager (OzoneManager.java:start(1256)) - OzoneManager RPC server is listening at localhost/127.0.0.1:41018
2019-09-12 10:31:26,647 [main] INFO  impl.MetricsSystemImpl (MetricsSystemImpl.java:init(158)) - OzoneManager metrics system started (again)
2019-09-12 10:31:26,648 [IPC Server Responder] INFO  ipc.Server (Server.java:run(1314)) - IPC Server Responder: starting
2019-09-12 10:31:26,648 [IPC Server listener on 41018] INFO  ipc.Server (Server.java:run(1153)) - IPC Server listener on 41018: starting
2019-09-12 10:31:26,658 [main] INFO  hdfs.DFSUtil (DFSUtil.java:httpServerTemplateForNNAndJN(1641)) - Starting Web-server for ozoneManager at: http://0.0.0.0:0
2019-09-12 10:31:26,660 [main] INFO  server.AuthenticationFilter (AuthenticationFilter.java:constructSecretProvider(240)) - Unable to initialize FileSignerSecretProvider, falling back to use random secrets.
2019-09-12 10:31:26,661 [main] WARN  http.HttpRequestLog (HttpRequestLog.java:getRequestLog(97)) - Jetty request log can only be enabled using Log4j
2019-09-12 10:31:26,664 [main] INFO  http.HttpServer2 (HttpServer2.java:addGlobalFilter(975)) - Added global filter 'safety' (class=org.apache.hadoop.http.HttpServer2$QuotingInputFilter)
2019-09-12 10:31:26,664 [main] INFO  http.HttpServer2 (HttpServer2.java:addFilter(948)) - Added filter static_user_filter (class=org.apache.hadoop.http.lib.StaticUserWebFilter$StaticUserFilter) to context ozoneManager
2019-09-12 10:31:26,665 [main] INFO  http.HttpServer2 (HttpServer2.java:addFilter(958)) - Added filter static_user_filter (class=org.apache.hadoop.http.lib.StaticUserWebFilter$StaticUserFilter) to context logs
2019-09-12 10:31:26,665 [main] INFO  http.HttpServer2 (HttpServer2.java:addFilter(958)) - Added filter static_user_filter (class=org.apache.hadoop.http.lib.StaticUserWebFilter$StaticUserFilter) to context static
2019-09-12 10:31:26,666 [main] INFO  http.HttpServer2 (HttpServer2.java:bindListener(1191)) - Jetty bound to port 40353
2019-09-12 10:31:26,666 [main] INFO  server.Server (Server.java:doStart(351)) - jetty-9.3.24.v20180605, build timestamp: 2018-06-05T17:11:56Z, git hash: 84205aa28f11a4f31f2a3b86d1bba2cc8ab69827
2019-09-12 10:31:26,669 [main] INFO  handler.ContextHandler (ContextHandler.java:doStart(781)) - Started o.e.j.s.ServletContextHandler@59baf2c7{/logs,file:///workdir/hadoop-ozone/integration-test/target/log,AVAILABLE}
2019-09-12 10:31:26,670 [main] INFO  handler.ContextHandler (ContextHandler.java:doStart(781)) - Started o.e.j.s.ServletContextHandler@4b85edeb{/static,file:///workdir/hadoop-ozone/integration-test/target/test-classes/webapps/static,AVAILABLE}
2019-09-12 10:31:26,676 [main] INFO  handler.ContextHandler (ContextHandler.java:doStart(781)) - Started o.e.j.w.WebAppContext@7cd1ec54{/,file:///workdir/hadoop-ozone/integration-test/target/test-classes/webapps/ozoneManager/,AVAILABLE}{/ozoneManager}
2019-09-12 10:31:26,676 [main] INFO  server.AbstractConnector (AbstractConnector.java:doStart(278)) - Started ServerConnector@77ab5214{HTTP/1.1,[http/1.1]}{0.0.0.0:40353}
2019-09-12 10:31:26,678 [main] INFO  server.Server (Server.java:doStart(419)) - Started @18017ms
2019-09-12 10:31:26,679 [main] INFO  server.BaseHttpServer (BaseHttpServer.java:updateConnectorAddress(213)) - HTTP server of OZONEMANAGER is listening at http://0.0.0.0:40353
2019-09-12 10:31:26,700 [main] INFO  impl.MetricsSystemImpl (MetricsSystemImpl.java:init(158)) - HddsDatanode metrics system started (again)
2019-09-12 10:31:26,726 [main] INFO  ozone.HddsDatanodeService (HddsDatanodeService.java:start(184)) - HddsDatanodeService host:pr-hdds-1569-58hkm-1881083799 ip:192.168.36.114
2019-09-12 10:31:26,742 [main] INFO  volume.HddsVolume (HddsVolume.java:<init>(176)) - Creating Volume: /workdir/hadoop-ozone/integration-test/target/test-dir/MiniOzoneClusterImpl-87a68f7a-76d1-4e01-bf62-4b4b582b7243/datanode-0/data/containers/hdds of  storage type : DISK and capacity : 1482555576320
2019-09-12 10:31:26,742 [main] INFO  volume.VolumeSet (VolumeSet.java:initializeVolumeSet(170)) - Added Volume : /workdir/hadoop-ozone/integration-test/target/test-dir/MiniOzoneClusterImpl-87a68f7a-76d1-4e01-bf62-4b4b582b7243/datanode-0/data/containers/hdds to VolumeSet
2019-09-12 10:31:26,743 [main] INFO  volume.ThrottledAsyncChecker (ThrottledAsyncChecker.java:schedule(140)) - Scheduling a check for org.apache.hadoop.ozone.container.common.volume.HddsVolume@66715ca9
2019-09-12 10:31:26,743 [main] INFO  volume.HddsVolumeChecker (HddsVolumeChecker.java:checkAllVolumes(203)) - Scheduled health check for volume org.apache.hadoop.ozone.container.common.volume.HddsVolume@66715ca9
2019-09-12 10:31:26,761 [main] INFO  impl.RaftServerProxy (ConfUtils.java:logGet(43)) - raft.rpc.type = GRPC (default)
2019-09-12 10:31:26,762 [main] INFO  grpc.GrpcFactory (GrpcFactory.java:checkPooledByteBufAllocatorUseCacheForAllThreads(45)) - PERFORMANCE WARNING: useCacheForAllThreads is true that may cause Netty to create a lot garbage objects and, as a result, trigger GC.
	It is recommended to disable useCacheForAllThreads by setting -Dorg.apache.ratis.thirdparty.io.netty.allocator.useCacheForAllThreads=false in command line.
2019-09-12 10:31:26,762 [main] INFO  grpc.GrpcConfigKeys$Server (ConfUtils.java:logGet(43)) - raft.grpc.server.port = 0 (default)
2019-09-12 10:31:26,762 [main] INFO  server.GrpcService (ConfUtils.java:logGet(43)) - raft.grpc.message.size.max = 33570816 (custom)
2019-09-12 10:31:26,762 [main] INFO  server.RaftServerConfigKeys (ConfUtils.java:logGet(43)) - raft.server.log.appender.buffer.byte-limit = 33554432 (custom)
2019-09-12 10:31:26,763 [main] INFO  server.GrpcService (ConfUtils.java:logGet(43)) - raft.grpc.flow.control.window = 1MB (=1048576) (default)
2019-09-12 10:31:26,763 [main] INFO  server.RaftServerConfigKeys (ConfUtils.java:logGet(43)) - raft.server.rpc.request.timeout = 3000ms (default)
2019-09-12 10:31:26,764 [main] INFO  server.RaftServerConfigKeys (ConfUtils.java:logGet(43)) - raft.server.storage.dir = [/workdir/hadoop-ozone/integration-test/target/test-dir/MiniOzoneClusterImpl-87a68f7a-76d1-4e01-bf62-4b4b582b7243/datanode-0/data/ratis] (custom)
2019-09-12 10:31:26,764 [main] INFO  replication.SimpleContainerDownloader (SimpleContainerDownloader.java:<init>(72)) - Starting container downloader service to copy containers to replicate.
2019-09-12 10:31:26,765 [main] INFO  hdfs.DFSUtil (DFSUtil.java:httpServerTemplateForNNAndJN(1641)) - Starting Web-server for hddsDatanode at: http://0.0.0.0:0
2019-09-12 10:31:26,766 [main] INFO  server.AuthenticationFilter (AuthenticationFilter.java:constructSecretProvider(240)) - Unable to initialize FileSignerSecretProvider, falling back to use random secrets.
2019-09-12 10:31:26,767 [main] WARN  http.HttpRequestLog (HttpRequestLog.java:getRequestLog(97)) - Jetty request log can only be enabled using Log4j
2019-09-12 10:31:26,768 [main] INFO  http.HttpServer2 (HttpServer2.java:addGlobalFilter(975)) - Added global filter 'safety' (class=org.apache.hadoop.http.HttpServer2$QuotingInputFilter)
2019-09-12 10:31:26,769 [main] INFO  http.HttpServer2 (HttpServer2.java:addFilter(948)) - Added filter static_user_filter (class=org.apache.hadoop.http.lib.StaticUserWebFilter$StaticUserFilter) to context hddsDatanode
2019-09-12 10:31:26,769 [main] INFO  http.HttpServer2 (HttpServer2.java:addFilter(958)) - Added filter static_user_filter (class=org.apache.hadoop.http.lib.StaticUserWebFilter$StaticUserFilter) to context static
2019-09-12 10:31:26,769 [main] INFO  http.HttpServer2 (HttpServer2.java:addFilter(958)) - Added filter static_user_filter (class=org.apache.hadoop.http.lib.StaticUserWebFilter$StaticUserFilter) to context logs
2019-09-12 10:31:26,770 [main] INFO  http.HttpServer2 (HttpServer2.java:bindListener(1191)) - Jetty bound to port 33546
2019-09-12 10:31:26,770 [main] INFO  server.Server (Server.java:doStart(351)) - jetty-9.3.24.v20180605, build timestamp: 2018-06-05T17:11:56Z, git hash: 84205aa28f11a4f31f2a3b86d1bba2cc8ab69827
2019-09-12 10:31:26,777 [main] INFO  handler.ContextHandler (ContextHandler.java:doStart(781)) - Started o.e.j.s.ServletContextHandler@5d27b4c1{/logs,file:///workdir/hadoop-ozone/integration-test/target/log,AVAILABLE}
2019-09-12 10:31:26,777 [main] INFO  handler.ContextHandler (ContextHandler.java:doStart(781)) - Started o.e.j.s.ServletContextHandler@4b508371{/static,jar:file:/home/user/.m2/repository/org/apache/hadoop/hadoop-hdds-container-service/0.5.0-SNAPSHOT/hadoop-hdds-container-service-0.5.0-SNAPSHOT.jar!/webapps/static,AVAILABLE}
2019-09-12 10:31:26,822 [main] INFO  handler.ContextHandler (ContextHandler.java:doStart(781)) - Started o.e.j.w.WebAppContext@52b30054{/,file:///tmp/jetty-0.0.0.0-33546-hddsDatanode-_-any-8292720201480161006.dir/webapp/,AVAILABLE}{/hddsDatanode}
2019-09-12 10:31:26,822 [main] INFO  server.AbstractConnector (AbstractConnector.java:doStart(278)) - Started ServerConnector@7f6b57f2{HTTP/1.1,[http/1.1]}{0.0.0.0:33546}
2019-09-12 10:31:26,827 [main] INFO  server.Server (Server.java:doStart(419)) - Started @18165ms
2019-09-12 10:31:26,828 | INFO  | SCMAudit | user=jenkins1000 | ip=192.168.36.114 | op=SEND_HEARTBEAT {datanodeUUID=39df7a3f-9691-48d4-a2b1-6888489a5f8a, command=[]} | ret=SUCCESS |  
2019-09-12 10:31:26,828 | INFO  | SCMAudit | user=jenkins1000 | ip=192.168.36.114 | op=SEND_HEARTBEAT {datanodeUUID=c9031a36-5f7c-4098-8bea-8a46141708a6, command=[]} | ret=SUCCESS |  
2019-09-12 10:31:26,832 [main] INFO  server.BaseHttpServer (BaseHttpServer.java:updateConnectorAddress(213)) - HTTP server of HDDSDATANODE is listening at http://0.0.0.0:33546
2019-09-12 10:31:27,025 | INFO  | ObjectStoreRestHttpServer | Listening HDDS REST traffic on /0.0.0.0:36596 |  
2019-09-12 10:31:27,026 [main] INFO  ozone.HddsDatanodeService (HddsDatanodeService.java:startPlugins(395)) - Started plug-in org.apache.hadoop.ozone.web.OzoneHddsDatanodeService@55638165
2019-09-12 10:31:27,026 [main] INFO  impl.MetricsSystemImpl (MetricsSystemImpl.java:init(158)) - HddsDatanode metrics system started (again)
2019-09-12 10:31:27,067 [org.apache.hadoop.util.JvmPauseMonitor$Monitor@182ff09a] INFO  util.JvmPauseMonitor (JvmPauseMonitor.java:run(188)) - Starting JVM pause monitor
2019-09-12 10:31:27,069 [Datanode State Machine Thread - 0] INFO  datanode.InitDatanodeState (InitDatanodeState.java:persistContainerDatanodeDetails(140)) - DatanodeDetails is persisted to /workdir/hadoop-ozone/integration-test/target/test-dir/MiniOzoneClusterImpl-87a68f7a-76d1-4e01-bf62-4b4b582b7243/datanode-0/meta/datanode.id
2019-09-12 10:31:27,069 [main] INFO  ozone.HddsDatanodeService (HddsDatanodeService.java:start(184)) - HddsDatanodeService host:pr-hdds-1569-58hkm-1881083799 ip:192.168.36.114
2019-09-12 10:31:27,086 [main] INFO  volume.HddsVolume (HddsVolume.java:<init>(176)) - Creating Volume: /workdir/hadoop-ozone/integration-test/target/test-dir/MiniOzoneClusterImpl-87a68f7a-76d1-4e01-bf62-4b4b582b7243/datanode-1/data/containers/hdds of  storage type : DISK and capacity : 1482555576320
2019-09-12 10:31:27,087 [main] INFO  volume.VolumeSet (VolumeSet.java:initializeVolumeSet(170)) - Added Volume : /workdir/hadoop-ozone/integration-test/target/test-dir/MiniOzoneClusterImpl-87a68f7a-76d1-4e01-bf62-4b4b582b7243/datanode-1/data/containers/hdds to VolumeSet
2019-09-12 10:31:27,087 [main] INFO  volume.ThrottledAsyncChecker (ThrottledAsyncChecker.java:schedule(140)) - Scheduling a check for org.apache.hadoop.ozone.container.common.volume.HddsVolume@31006a75
2019-09-12 10:31:27,087 | INFO  | SCMAudit | user=jenkins1000 | ip=192.168.36.114 | op=SEND_HEARTBEAT {datanodeUUID=2cb9d557-cb56-4745-8686-5e72b62e748a, command=[]} | ret=SUCCESS |  
2019-09-12 10:31:27,088 [main] INFO  volume.HddsVolumeChecker (HddsVolumeChecker.java:checkAllVolumes(203)) - Scheduled health check for volume org.apache.hadoop.ozone.container.common.volume.HddsVolume@31006a75
2019-09-12 10:31:27,119 [main] INFO  impl.RaftServerProxy (ConfUtils.java:logGet(43)) - raft.rpc.type = GRPC (default)
2019-09-12 10:31:27,119 [main] INFO  grpc.GrpcFactory (GrpcFactory.java:checkPooledByteBufAllocatorUseCacheForAllThreads(45)) - PERFORMANCE WARNING: useCacheForAllThreads is true that may cause Netty to create a lot garbage objects and, as a result, trigger GC.
	It is recommended to disable useCacheForAllThreads by setting -Dorg.apache.ratis.thirdparty.io.netty.allocator.useCacheForAllThreads=false in command line.
2019-09-12 10:31:27,119 [main] INFO  grpc.GrpcConfigKeys$Server (ConfUtils.java:logGet(43)) - raft.grpc.server.port = 0 (default)
2019-09-12 10:31:27,120 [main] INFO  server.GrpcService (ConfUtils.java:logGet(43)) - raft.grpc.message.size.max = 33570816 (custom)
2019-09-12 10:31:27,120 [main] INFO  server.RaftServerConfigKeys (ConfUtils.java:logGet(43)) - raft.server.log.appender.buffer.byte-limit = 33554432 (custom)
2019-09-12 10:31:27,120 [main] INFO  server.GrpcService (ConfUtils.java:logGet(43)) - raft.grpc.flow.control.window = 1MB (=1048576) (default)
2019-09-12 10:31:27,120 [main] INFO  server.RaftServerConfigKeys (ConfUtils.java:logGet(43)) - raft.server.rpc.request.timeout = 3000ms (default)
2019-09-12 10:31:27,121 [main] INFO  server.RaftServerConfigKeys (ConfUtils.java:logGet(43)) - raft.server.storage.dir = [/workdir/hadoop-ozone/integration-test/target/test-dir/MiniOzoneClusterImpl-87a68f7a-76d1-4e01-bf62-4b4b582b7243/datanode-1/data/ratis] (custom)
2019-09-12 10:31:27,123 [main] INFO  replication.SimpleContainerDownloader (SimpleContainerDownloader.java:<init>(72)) - Starting container downloader service to copy containers to replicate.
2019-09-12 10:31:27,125 [main] INFO  hdfs.DFSUtil (DFSUtil.java:httpServerTemplateForNNAndJN(1641)) - Starting Web-server for hddsDatanode at: http://0.0.0.0:0
2019-09-12 10:31:27,126 [main] INFO  server.AuthenticationFilter (AuthenticationFilter.java:constructSecretProvider(240)) - Unable to initialize FileSignerSecretProvider, falling back to use random secrets.
2019-09-12 10:31:27,127 [main] WARN  http.HttpRequestLog (HttpRequestLog.java:getRequestLog(97)) - Jetty request log can only be enabled using Log4j
2019-09-12 10:31:27,128 [main] INFO  http.HttpServer2 (HttpServer2.java:addGlobalFilter(975)) - Added global filter 'safety' (class=org.apache.hadoop.http.HttpServer2$QuotingInputFilter)
2019-09-12 10:31:27,129 [main] INFO  http.HttpServer2 (HttpServer2.java:addFilter(948)) - Added filter static_user_filter (class=org.apache.hadoop.http.lib.StaticUserWebFilter$StaticUserFilter) to context hddsDatanode
2019-09-12 10:31:27,129 [main] INFO  http.HttpServer2 (HttpServer2.java:addFilter(958)) - Added filter static_user_filter (class=org.apache.hadoop.http.lib.StaticUserWebFilter$StaticUserFilter) to context logs
2019-09-12 10:31:27,129 [main] INFO  http.HttpServer2 (HttpServer2.java:addFilter(958)) - Added filter static_user_filter (class=org.apache.hadoop.http.lib.StaticUserWebFilter$StaticUserFilter) to context static
2019-09-12 10:31:27,130 [main] INFO  http.HttpServer2 (HttpServer2.java:bindListener(1191)) - Jetty bound to port 37615
2019-09-12 10:31:27,130 [main] INFO  server.Server (Server.java:doStart(351)) - jetty-9.3.24.v20180605, build timestamp: 2018-06-05T17:11:56Z, git hash: 84205aa28f11a4f31f2a3b86d1bba2cc8ab69827
2019-09-12 10:31:27,132 [main] INFO  handler.ContextHandler (ContextHandler.java:doStart(781)) - Started o.e.j.s.ServletContextHandler@1de73d37{/logs,file:///workdir/hadoop-ozone/integration-test/target/log,AVAILABLE}
2019-09-12 10:31:27,132 [main] INFO  handler.ContextHandler (ContextHandler.java:doStart(781)) - Started o.e.j.s.ServletContextHandler@69d2e517{/static,jar:file:/home/user/.m2/repository/org/apache/hadoop/hadoop-hdds-container-service/0.5.0-SNAPSHOT/hadoop-hdds-container-service-0.5.0-SNAPSHOT.jar!/webapps/static,AVAILABLE}
2019-09-12 10:31:27,161 [main] INFO  handler.ContextHandler (ContextHandler.java:doStart(781)) - Started o.e.j.w.WebAppContext@24a8e40d{/,file:///tmp/jetty-0.0.0.0-37615-hddsDatanode-_-any-8605150578295869441.dir/webapp/,AVAILABLE}{/hddsDatanode}
2019-09-12 10:31:27,161 [main] INFO  server.AbstractConnector (AbstractConnector.java:doStart(278)) - Started ServerConnector@175f859e{HTTP/1.1,[http/1.1]}{0.0.0.0:37615}
2019-09-12 10:31:27,168 [main] INFO  server.Server (Server.java:doStart(419)) - Started @18506ms
2019-09-12 10:31:27,171 [main] INFO  server.BaseHttpServer (BaseHttpServer.java:updateConnectorAddress(213)) - HTTP server of HDDSDATANODE is listening at http://0.0.0.0:37615
2019-09-12 10:31:27,209 | INFO  | SCMAudit | user=jenkins1000 | ip=192.168.36.114 | op=SEND_HEARTBEAT {datanodeUUID=accf000b-d7b7-4fa5-9682-da82c4451e10, command=[]} | ret=SUCCESS |  
2019-09-12 10:31:27,346 | INFO  | ObjectStoreRestHttpServer | Listening HDDS REST traffic on /0.0.0.0:40614 |  
2019-09-12 10:31:27,346 [main] INFO  ozone.HddsDatanodeService (HddsDatanodeService.java:startPlugins(395)) - Started plug-in org.apache.hadoop.ozone.web.OzoneHddsDatanodeService@7d4d65f5
2019-09-12 10:31:27,347 [main] INFO  impl.MetricsSystemImpl (MetricsSystemImpl.java:init(158)) - HddsDatanode metrics system started (again)
2019-09-12 10:31:27,348 [org.apache.hadoop.util.JvmPauseMonitor$Monitor@4a5ac51d] INFO  util.JvmPauseMonitor (JvmPauseMonitor.java:run(188)) - Starting JVM pause monitor
2019-09-12 10:31:27,374 [Datanode State Machine Thread - 0] INFO  datanode.InitDatanodeState (InitDatanodeState.java:persistContainerDatanodeDetails(140)) - DatanodeDetails is persisted to /workdir/hadoop-ozone/integration-test/target/test-dir/MiniOzoneClusterImpl-87a68f7a-76d1-4e01-bf62-4b4b582b7243/datanode-1/meta/datanode.id
2019-09-12 10:31:27,375 [main] INFO  ozone.HddsDatanodeService (HddsDatanodeService.java:start(184)) - HddsDatanodeService host:pr-hdds-1569-58hkm-1881083799 ip:192.168.36.114
2019-09-12 10:31:27,387 [main] INFO  volume.HddsVolume (HddsVolume.java:<init>(176)) - Creating Volume: /workdir/hadoop-ozone/integration-test/target/test-dir/MiniOzoneClusterImpl-87a68f7a-76d1-4e01-bf62-4b4b582b7243/datanode-2/data/containers/hdds of  storage type : DISK and capacity : 1482555576320
2019-09-12 10:31:27,387 [main] INFO  volume.VolumeSet (VolumeSet.java:initializeVolumeSet(170)) - Added Volume : /workdir/hadoop-ozone/integration-test/target/test-dir/MiniOzoneClusterImpl-87a68f7a-76d1-4e01-bf62-4b4b582b7243/datanode-2/data/containers/hdds to VolumeSet
2019-09-12 10:31:27,388 [main] INFO  volume.ThrottledAsyncChecker (ThrottledAsyncChecker.java:schedule(140)) - Scheduling a check for org.apache.hadoop.ozone.container.common.volume.HddsVolume@d8e4250
2019-09-12 10:31:27,388 [main] INFO  volume.HddsVolumeChecker (HddsVolumeChecker.java:checkAllVolumes(203)) - Scheduled health check for volume org.apache.hadoop.ozone.container.common.volume.HddsVolume@d8e4250
2019-09-12 10:31:27,405 [main] INFO  impl.RaftServerProxy (ConfUtils.java:logGet(43)) - raft.rpc.type = GRPC (default)
2019-09-12 10:31:27,405 [main] INFO  grpc.GrpcFactory (GrpcFactory.java:checkPooledByteBufAllocatorUseCacheForAllThreads(45)) - PERFORMANCE WARNING: useCacheForAllThreads is true that may cause Netty to create a lot garbage objects and, as a result, trigger GC.
	It is recommended to disable useCacheForAllThreads by setting -Dorg.apache.ratis.thirdparty.io.netty.allocator.useCacheForAllThreads=false in command line.
2019-09-12 10:31:27,405 | INFO  | SCMAudit | user=jenkins1000 | ip=192.168.36.114 | op=SEND_HEARTBEAT {datanodeUUID=c1e71898-521f-4627-a3f1-9884c4b96ced, command=[]} | ret=SUCCESS |  
2019-09-12 10:31:27,405 [main] INFO  grpc.GrpcConfigKeys$Server (ConfUtils.java:logGet(43)) - raft.grpc.server.port = 0 (default)
2019-09-12 10:31:27,406 [main] INFO  server.GrpcService (ConfUtils.java:logGet(43)) - raft.grpc.message.size.max = 33570816 (custom)
2019-09-12 10:31:27,406 [main] INFO  server.RaftServerConfigKeys (ConfUtils.java:logGet(43)) - raft.server.log.appender.buffer.byte-limit = 33554432 (custom)
2019-09-12 10:31:27,406 [main] INFO  server.GrpcService (ConfUtils.java:logGet(43)) - raft.grpc.flow.control.window = 1MB (=1048576) (default)
2019-09-12 10:31:27,406 [main] INFO  server.RaftServerConfigKeys (ConfUtils.java:logGet(43)) - raft.server.rpc.request.timeout = 3000ms (default)
2019-09-12 10:31:27,407 [main] INFO  server.RaftServerConfigKeys (ConfUtils.java:logGet(43)) - raft.server.storage.dir = [/workdir/hadoop-ozone/integration-test/target/test-dir/MiniOzoneClusterImpl-87a68f7a-76d1-4e01-bf62-4b4b582b7243/datanode-2/data/ratis] (custom)
2019-09-12 10:31:27,408 [main] INFO  replication.SimpleContainerDownloader (SimpleContainerDownloader.java:<init>(72)) - Starting container downloader service to copy containers to replicate.
2019-09-12 10:31:27,409 [main] INFO  hdfs.DFSUtil (DFSUtil.java:httpServerTemplateForNNAndJN(1641)) - Starting Web-server for hddsDatanode at: http://0.0.0.0:0
2019-09-12 10:31:27,410 [main] INFO  server.AuthenticationFilter (AuthenticationFilter.java:constructSecretProvider(240)) - Unable to initialize FileSignerSecretProvider, falling back to use random secrets.
2019-09-12 10:31:27,411 [main] WARN  http.HttpRequestLog (HttpRequestLog.java:getRequestLog(97)) - Jetty request log can only be enabled using Log4j
2019-09-12 10:31:27,413 [main] INFO  http.HttpServer2 (HttpServer2.java:addGlobalFilter(975)) - Added global filter 'safety' (class=org.apache.hadoop.http.HttpServer2$QuotingInputFilter)
2019-09-12 10:31:27,413 [main] INFO  http.HttpServer2 (HttpServer2.java:addFilter(948)) - Added filter static_user_filter (class=org.apache.hadoop.http.lib.StaticUserWebFilter$StaticUserFilter) to context hddsDatanode
2019-09-12 10:31:27,414 [main] INFO  http.HttpServer2 (HttpServer2.java:addFilter(958)) - Added filter static_user_filter (class=org.apache.hadoop.http.lib.StaticUserWebFilter$StaticUserFilter) to context logs
2019-09-12 10:31:27,414 [main] INFO  http.HttpServer2 (HttpServer2.java:addFilter(958)) - Added filter static_user_filter (class=org.apache.hadoop.http.lib.StaticUserWebFilter$StaticUserFilter) to context static
2019-09-12 10:31:27,415 [main] INFO  http.HttpServer2 (HttpServer2.java:bindListener(1191)) - Jetty bound to port 39846
2019-09-12 10:31:27,415 [main] INFO  server.Server (Server.java:doStart(351)) - jetty-9.3.24.v20180605, build timestamp: 2018-06-05T17:11:56Z, git hash: 84205aa28f11a4f31f2a3b86d1bba2cc8ab69827
2019-09-12 10:31:27,417 [main] INFO  handler.ContextHandler (ContextHandler.java:doStart(781)) - Started o.e.j.s.ServletContextHandler@67dc6b48{/logs,file:///workdir/hadoop-ozone/integration-test/target/log,AVAILABLE}
2019-09-12 10:31:27,417 [main] INFO  handler.ContextHandler (ContextHandler.java:doStart(781)) - Started o.e.j.s.ServletContextHandler@4571cebe{/static,jar:file:/home/user/.m2/repository/org/apache/hadoop/hadoop-hdds-container-service/0.5.0-SNAPSHOT/hadoop-hdds-container-service-0.5.0-SNAPSHOT.jar!/webapps/static,AVAILABLE}
2019-09-12 10:31:27,445 [main] INFO  handler.ContextHandler (ContextHandler.java:doStart(781)) - Started o.e.j.w.WebAppContext@10166230{/,file:///tmp/jetty-0.0.0.0-39846-hddsDatanode-_-any-5121209965834093332.dir/webapp/,AVAILABLE}{/hddsDatanode}
2019-09-12 10:31:27,445 [main] INFO  server.AbstractConnector (AbstractConnector.java:doStart(278)) - Started ServerConnector@7221539{HTTP/1.1,[http/1.1]}{0.0.0.0:39846}
2019-09-12 10:31:27,449 [main] INFO  server.Server (Server.java:doStart(419)) - Started @18788ms
2019-09-12 10:31:27,450 [main] INFO  server.BaseHttpServer (BaseHttpServer.java:updateConnectorAddress(213)) - HTTP server of HDDSDATANODE is listening at http://0.0.0.0:39846
2019-09-12 10:31:27,594 | INFO  | ObjectStoreRestHttpServer | Listening HDDS REST traffic on /0.0.0.0:44550 |  
2019-09-12 10:31:27,594 [main] INFO  ozone.HddsDatanodeService (HddsDatanodeService.java:startPlugins(395)) - Started plug-in org.apache.hadoop.ozone.web.OzoneHddsDatanodeService@4ec8d9b2
2019-09-12 10:31:27,595 [main] INFO  impl.MetricsSystemImpl (MetricsSystemImpl.java:init(158)) - HddsDatanode metrics system started (again)
2019-09-12 10:31:27,596 [org.apache.hadoop.util.JvmPauseMonitor$Monitor@3ee65d49] INFO  util.JvmPauseMonitor (JvmPauseMonitor.java:run(188)) - Starting JVM pause monitor
2019-09-12 10:31:27,617 [Datanode State Machine Thread - 0] INFO  datanode.InitDatanodeState (InitDatanodeState.java:persistContainerDatanodeDetails(140)) - DatanodeDetails is persisted to /workdir/hadoop-ozone/integration-test/target/test-dir/MiniOzoneClusterImpl-87a68f7a-76d1-4e01-bf62-4b4b582b7243/datanode-2/meta/datanode.id
2019-09-12 10:31:27,617 [main] INFO  ozone.HddsDatanodeService (HddsDatanodeService.java:start(184)) - HddsDatanodeService host:pr-hdds-1569-58hkm-1881083799 ip:192.168.36.114
2019-09-12 10:31:27,636 [main] INFO  volume.HddsVolume (HddsVolume.java:<init>(176)) - Creating Volume: /workdir/hadoop-ozone/integration-test/target/test-dir/MiniOzoneClusterImpl-87a68f7a-76d1-4e01-bf62-4b4b582b7243/datanode-3/data/containers/hdds of  storage type : DISK and capacity : 1482555576320
2019-09-12 10:31:27,636 [main] INFO  volume.VolumeSet (VolumeSet.java:initializeVolumeSet(170)) - Added Volume : /workdir/hadoop-ozone/integration-test/target/test-dir/MiniOzoneClusterImpl-87a68f7a-76d1-4e01-bf62-4b4b582b7243/datanode-3/data/containers/hdds to VolumeSet
2019-09-12 10:31:27,636 [main] INFO  volume.ThrottledAsyncChecker (ThrottledAsyncChecker.java:schedule(140)) - Scheduling a check for org.apache.hadoop.ozone.container.common.volume.HddsVolume@495da9a7
2019-09-12 10:31:27,637 | INFO  | SCMAudit | user=jenkins1000 | ip=192.168.36.114 | op=SEND_HEARTBEAT {datanodeUUID=f17b4253-95a0-4ee6-8ded-88f070f15b33, command=[]} | ret=SUCCESS |  
2019-09-12 10:31:27,637 | INFO  | SCMAudit | user=jenkins1000 | ip=192.168.36.114 | op=SEND_HEARTBEAT {datanodeUUID=eaeff1e2-de9c-4510-872d-283eb6c3c330, command=[]} | ret=SUCCESS |  
2019-09-12 10:31:27,810 [main] INFO  volume.HddsVolumeChecker (HddsVolumeChecker.java:checkAllVolumes(203)) - Scheduled health check for volume org.apache.hadoop.ozone.container.common.volume.HddsVolume@495da9a7
2019-09-12 10:31:27,825 [main] INFO  impl.RaftServerProxy (ConfUtils.java:logGet(43)) - raft.rpc.type = GRPC (default)
2019-09-12 10:31:27,826 [main] INFO  grpc.GrpcFactory (GrpcFactory.java:checkPooledByteBufAllocatorUseCacheForAllThreads(45)) - PERFORMANCE WARNING: useCacheForAllThreads is true that may cause Netty to create a lot garbage objects and, as a result, trigger GC.
	It is recommended to disable useCacheForAllThreads by setting -Dorg.apache.ratis.thirdparty.io.netty.allocator.useCacheForAllThreads=false in command line.
2019-09-12 10:31:27,826 [main] INFO  grpc.GrpcConfigKeys$Server (ConfUtils.java:logGet(43)) - raft.grpc.server.port = 0 (default)
2019-09-12 10:31:27,826 [main] INFO  server.GrpcService (ConfUtils.java:logGet(43)) - raft.grpc.message.size.max = 33570816 (custom)
2019-09-12 10:31:27,826 [main] INFO  server.RaftServerConfigKeys (ConfUtils.java:logGet(43)) - raft.server.log.appender.buffer.byte-limit = 33554432 (custom)
2019-09-12 10:31:27,827 [main] INFO  server.GrpcService (ConfUtils.java:logGet(43)) - raft.grpc.flow.control.window = 1MB (=1048576) (default)
2019-09-12 10:31:27,827 [main] INFO  server.RaftServerConfigKeys (ConfUtils.java:logGet(43)) - raft.server.rpc.request.timeout = 3000ms (default)
2019-09-12 10:31:27,827 | INFO  | SCMAudit | user=jenkins1000 | ip=192.168.36.114 | op=SEND_HEARTBEAT {datanodeUUID=39df7a3f-9691-48d4-a2b1-6888489a5f8a, command=[]} | ret=SUCCESS |  
2019-09-12 10:31:27,827 | INFO  | SCMAudit | user=jenkins1000 | ip=192.168.36.114 | op=SEND_HEARTBEAT {datanodeUUID=c9031a36-5f7c-4098-8bea-8a46141708a6, command=[]} | ret=SUCCESS |  
2019-09-12 10:31:27,827 [main] INFO  server.RaftServerConfigKeys (ConfUtils.java:logGet(43)) - raft.server.storage.dir = [/workdir/hadoop-ozone/integration-test/target/test-dir/MiniOzoneClusterImpl-87a68f7a-76d1-4e01-bf62-4b4b582b7243/datanode-3/data/ratis] (custom)
2019-09-12 10:31:27,828 [main] INFO  replication.SimpleContainerDownloader (SimpleContainerDownloader.java:<init>(72)) - Starting container downloader service to copy containers to replicate.
2019-09-12 10:31:27,829 [main] INFO  hdfs.DFSUtil (DFSUtil.java:httpServerTemplateForNNAndJN(1641)) - Starting Web-server for hddsDatanode at: http://0.0.0.0:0
2019-09-12 10:31:27,830 [main] INFO  server.AuthenticationFilter (AuthenticationFilter.java:constructSecretProvider(240)) - Unable to initialize FileSignerSecretProvider, falling back to use random secrets.
2019-09-12 10:31:27,831 [main] WARN  http.HttpRequestLog (HttpRequestLog.java:getRequestLog(97)) - Jetty request log can only be enabled using Log4j
2019-09-12 10:31:27,833 [main] INFO  http.HttpServer2 (HttpServer2.java:addGlobalFilter(975)) - Added global filter 'safety' (class=org.apache.hadoop.http.HttpServer2$QuotingInputFilter)
2019-09-12 10:31:27,833 [main] INFO  http.HttpServer2 (HttpServer2.java:addFilter(948)) - Added filter static_user_filter (class=org.apache.hadoop.http.lib.StaticUserWebFilter$StaticUserFilter) to context hddsDatanode
2019-09-12 10:31:27,834 [main] INFO  http.HttpServer2 (HttpServer2.java:addFilter(958)) - Added filter static_user_filter (class=org.apache.hadoop.http.lib.StaticUserWebFilter$StaticUserFilter) to context static
2019-09-12 10:31:27,834 [main] INFO  http.HttpServer2 (HttpServer2.java:addFilter(958)) - Added filter static_user_filter (class=org.apache.hadoop.http.lib.StaticUserWebFilter$StaticUserFilter) to context logs
2019-09-12 10:31:27,834 [main] INFO  http.HttpServer2 (HttpServer2.java:bindListener(1191)) - Jetty bound to port 37559
2019-09-12 10:31:27,835 [main] INFO  server.Server (Server.java:doStart(351)) - jetty-9.3.24.v20180605, build timestamp: 2018-06-05T17:11:56Z, git hash: 84205aa28f11a4f31f2a3b86d1bba2cc8ab69827
2019-09-12 10:31:27,836 [main] INFO  handler.ContextHandler (ContextHandler.java:doStart(781)) - Started o.e.j.s.ServletContextHandler@3add5e17{/logs,file:///workdir/hadoop-ozone/integration-test/target/log,AVAILABLE}
2019-09-12 10:31:27,837 [main] INFO  handler.ContextHandler (ContextHandler.java:doStart(781)) - Started o.e.j.s.ServletContextHandler@61b8c9de{/static,jar:file:/home/user/.m2/repository/org/apache/hadoop/hadoop-hdds-container-service/0.5.0-SNAPSHOT/hadoop-hdds-container-service-0.5.0-SNAPSHOT.jar!/webapps/static,AVAILABLE}
2019-09-12 10:31:27,895 [main] INFO  handler.ContextHandler (ContextHandler.java:doStart(781)) - Started o.e.j.w.WebAppContext@6be50b35{/,file:///tmp/jetty-0.0.0.0-37559-hddsDatanode-_-any-8370717912783471613.dir/webapp/,AVAILABLE}{/hddsDatanode}
2019-09-12 10:31:27,896 [main] INFO  server.AbstractConnector (AbstractConnector.java:doStart(278)) - Started ServerConnector@ce2eaa7{HTTP/1.1,[http/1.1]}{0.0.0.0:37559}
2019-09-12 10:31:27,900 [main] INFO  server.Server (Server.java:doStart(419)) - Started @19238ms
2019-09-12 10:31:27,900 [main] INFO  server.BaseHttpServer (BaseHttpServer.java:updateConnectorAddress(213)) - HTTP server of HDDSDATANODE is listening at http://0.0.0.0:37559
2019-09-12 10:31:28,063 | INFO  | ObjectStoreRestHttpServer | Listening HDDS REST traffic on /0.0.0.0:44396 |  
2019-09-12 10:31:28,063 [main] INFO  ozone.HddsDatanodeService (HddsDatanodeService.java:startPlugins(395)) - Started plug-in org.apache.hadoop.ozone.web.OzoneHddsDatanodeService@25589735
2019-09-12 10:31:28,064 [main] INFO  impl.MetricsSystemImpl (MetricsSystemImpl.java:init(158)) - HddsDatanode metrics system started (again)
2019-09-12 10:31:28,065 [org.apache.hadoop.util.JvmPauseMonitor$Monitor@40dcc695] INFO  util.JvmPauseMonitor (JvmPauseMonitor.java:run(188)) - Starting JVM pause monitor
2019-09-12 10:31:28,067 [Datanode State Machine Thread - 0] INFO  datanode.InitDatanodeState (InitDatanodeState.java:persistContainerDatanodeDetails(140)) - DatanodeDetails is persisted to /workdir/hadoop-ozone/integration-test/target/test-dir/MiniOzoneClusterImpl-87a68f7a-76d1-4e01-bf62-4b4b582b7243/datanode-3/meta/datanode.id
2019-09-12 10:31:28,085 | INFO  | SCMAudit | user=jenkins1000 | ip=192.168.36.114 | op=SEND_HEARTBEAT {datanodeUUID=2cb9d557-cb56-4745-8686-5e72b62e748a, command=[]} | ret=SUCCESS |  
2019-09-12 10:31:28,087 [main] INFO  ozone.HddsDatanodeService (HddsDatanodeService.java:start(184)) - HddsDatanodeService host:pr-hdds-1569-58hkm-1881083799 ip:192.168.36.114
2019-09-12 10:31:28,115 [main] INFO  volume.HddsVolume (HddsVolume.java:<init>(176)) - Creating Volume: /workdir/hadoop-ozone/integration-test/target/test-dir/MiniOzoneClusterImpl-87a68f7a-76d1-4e01-bf62-4b4b582b7243/datanode-4/data/containers/hdds of  storage type : DISK and capacity : 1482555576320
2019-09-12 10:31:28,116 [main] INFO  volume.VolumeSet (VolumeSet.java:initializeVolumeSet(170)) - Added Volume : /workdir/hadoop-ozone/integration-test/target/test-dir/MiniOzoneClusterImpl-87a68f7a-76d1-4e01-bf62-4b4b582b7243/datanode-4/data/containers/hdds to VolumeSet
2019-09-12 10:31:28,116 [main] INFO  volume.ThrottledAsyncChecker (ThrottledAsyncChecker.java:schedule(140)) - Scheduling a check for org.apache.hadoop.ozone.container.common.volume.HddsVolume@5dacf18d
2019-09-12 10:31:28,116 [main] INFO  volume.HddsVolumeChecker (HddsVolumeChecker.java:checkAllVolumes(203)) - Scheduled health check for volume org.apache.hadoop.ozone.container.common.volume.HddsVolume@5dacf18d
2019-09-12 10:31:28,133 [main] INFO  impl.RaftServerProxy (ConfUtils.java:logGet(43)) - raft.rpc.type = GRPC (default)
2019-09-12 10:31:28,133 [main] INFO  grpc.GrpcFactory (GrpcFactory.java:checkPooledByteBufAllocatorUseCacheForAllThreads(45)) - PERFORMANCE WARNING: useCacheForAllThreads is true that may cause Netty to create a lot garbage objects and, as a result, trigger GC.
	It is recommended to disable useCacheForAllThreads by setting -Dorg.apache.ratis.thirdparty.io.netty.allocator.useCacheForAllThreads=false in command line.
2019-09-12 10:31:28,133 [main] INFO  grpc.GrpcConfigKeys$Server (ConfUtils.java:logGet(43)) - raft.grpc.server.port = 0 (default)
2019-09-12 10:31:28,133 [main] INFO  server.GrpcService (ConfUtils.java:logGet(43)) - raft.grpc.message.size.max = 33570816 (custom)
2019-09-12 10:31:28,134 [main] INFO  server.RaftServerConfigKeys (ConfUtils.java:logGet(43)) - raft.server.log.appender.buffer.byte-limit = 33554432 (custom)
2019-09-12 10:31:28,134 [main] INFO  server.GrpcService (ConfUtils.java:logGet(43)) - raft.grpc.flow.control.window = 1MB (=1048576) (default)
2019-09-12 10:31:28,134 [main] INFO  server.RaftServerConfigKeys (ConfUtils.java:logGet(43)) - raft.server.rpc.request.timeout = 3000ms (default)
2019-09-12 10:31:28,135 [main] INFO  server.RaftServerConfigKeys (ConfUtils.java:logGet(43)) - raft.server.storage.dir = [/workdir/hadoop-ozone/integration-test/target/test-dir/MiniOzoneClusterImpl-87a68f7a-76d1-4e01-bf62-4b4b582b7243/datanode-4/data/ratis] (custom)
2019-09-12 10:31:28,135 [main] INFO  replication.SimpleContainerDownloader (SimpleContainerDownloader.java:<init>(72)) - Starting container downloader service to copy containers to replicate.
2019-09-12 10:31:28,136 [main] INFO  hdfs.DFSUtil (DFSUtil.java:httpServerTemplateForNNAndJN(1641)) - Starting Web-server for hddsDatanode at: http://0.0.0.0:0
2019-09-12 10:31:28,138 [main] INFO  server.AuthenticationFilter (AuthenticationFilter.java:constructSecretProvider(240)) - Unable to initialize FileSignerSecretProvider, falling back to use random secrets.
2019-09-12 10:31:28,138 [main] WARN  http.HttpRequestLog (HttpRequestLog.java:getRequestLog(97)) - Jetty request log can only be enabled using Log4j
2019-09-12 10:31:28,139 [main] INFO  http.HttpServer2 (HttpServer2.java:addGlobalFilter(975)) - Added global filter 'safety' (class=org.apache.hadoop.http.HttpServer2$QuotingInputFilter)
2019-09-12 10:31:28,140 [main] INFO  http.HttpServer2 (HttpServer2.java:addFilter(948)) - Added filter static_user_filter (class=org.apache.hadoop.http.lib.StaticUserWebFilter$StaticUserFilter) to context hddsDatanode
2019-09-12 10:31:28,140 [main] INFO  http.HttpServer2 (HttpServer2.java:addFilter(958)) - Added filter static_user_filter (class=org.apache.hadoop.http.lib.StaticUserWebFilter$StaticUserFilter) to context static
2019-09-12 10:31:28,140 [main] INFO  http.HttpServer2 (HttpServer2.java:addFilter(958)) - Added filter static_user_filter (class=org.apache.hadoop.http.lib.StaticUserWebFilter$StaticUserFilter) to context logs
2019-09-12 10:31:28,141 [main] INFO  http.HttpServer2 (HttpServer2.java:bindListener(1191)) - Jetty bound to port 36522
2019-09-12 10:31:28,141 [main] INFO  server.Server (Server.java:doStart(351)) - jetty-9.3.24.v20180605, build timestamp: 2018-06-05T17:11:56Z, git hash: 84205aa28f11a4f31f2a3b86d1bba2cc8ab69827
2019-09-12 10:31:28,143 [main] INFO  handler.ContextHandler (ContextHandler.java:doStart(781)) - Started o.e.j.s.ServletContextHandler@2c7375da{/logs,file:///workdir/hadoop-ozone/integration-test/target/log,AVAILABLE}
2019-09-12 10:31:28,144 [main] INFO  handler.ContextHandler (ContextHandler.java:doStart(781)) - Started o.e.j.s.ServletContextHandler@775c4054{/static,jar:file:/home/user/.m2/repository/org/apache/hadoop/hadoop-hdds-container-service/0.5.0-SNAPSHOT/hadoop-hdds-container-service-0.5.0-SNAPSHOT.jar!/webapps/static,AVAILABLE}
2019-09-12 10:31:28,172 [main] INFO  handler.ContextHandler (ContextHandler.java:doStart(781)) - Started o.e.j.w.WebAppContext@6ceb11f9{/,file:///tmp/jetty-0.0.0.0-36522-hddsDatanode-_-any-3606925996841132175.dir/webapp/,AVAILABLE}{/hddsDatanode}
2019-09-12 10:31:28,173 [main] INFO  server.AbstractConnector (AbstractConnector.java:doStart(278)) - Started ServerConnector@4d664323{HTTP/1.1,[http/1.1]}{0.0.0.0:36522}
2019-09-12 10:31:28,176 [main] INFO  server.Server (Server.java:doStart(419)) - Started @19515ms
2019-09-12 10:31:28,178 [main] INFO  server.BaseHttpServer (BaseHttpServer.java:updateConnectorAddress(213)) - HTTP server of HDDSDATANODE is listening at http://0.0.0.0:36522
2019-09-12 10:31:28,207 | INFO  | SCMAudit | user=jenkins1000 | ip=192.168.36.114 | op=SEND_HEARTBEAT {datanodeUUID=accf000b-d7b7-4fa5-9682-da82c4451e10, command=[]} | ret=SUCCESS |  
2019-09-12 10:31:28,341 | INFO  | ObjectStoreRestHttpServer | Listening HDDS REST traffic on /0.0.0.0:35736 |  
2019-09-12 10:31:28,341 [main] INFO  ozone.HddsDatanodeService (HddsDatanodeService.java:startPlugins(395)) - Started plug-in org.apache.hadoop.ozone.web.OzoneHddsDatanodeService@2932e15f
2019-09-12 10:31:28,341 [main] INFO  impl.MetricsSystemImpl (MetricsSystemImpl.java:init(158)) - HddsDatanode metrics system started (again)
2019-09-12 10:31:28,363 [org.apache.hadoop.util.JvmPauseMonitor$Monitor@25e2251d] INFO  util.JvmPauseMonitor (JvmPauseMonitor.java:run(188)) - Starting JVM pause monitor
2019-09-12 10:31:28,368 [main] INFO  ozone.HddsDatanodeService (HddsDatanodeService.java:start(184)) - HddsDatanodeService host:pr-hdds-1569-58hkm-1881083799 ip:192.168.36.114
2019-09-12 10:31:28,369 [Datanode State Machine Thread - 0] INFO  datanode.InitDatanodeState (InitDatanodeState.java:persistContainerDatanodeDetails(140)) - DatanodeDetails is persisted to /workdir/hadoop-ozone/integration-test/target/test-dir/MiniOzoneClusterImpl-87a68f7a-76d1-4e01-bf62-4b4b582b7243/datanode-4/meta/datanode.id
2019-09-12 10:31:28,381 [main] INFO  volume.HddsVolume (HddsVolume.java:<init>(176)) - Creating Volume: /workdir/hadoop-ozone/integration-test/target/test-dir/MiniOzoneClusterImpl-87a68f7a-76d1-4e01-bf62-4b4b582b7243/datanode-5/data/containers/hdds of  storage type : DISK and capacity : 1482555576320
2019-09-12 10:31:28,381 [main] INFO  volume.VolumeSet (VolumeSet.java:initializeVolumeSet(170)) - Added Volume : /workdir/hadoop-ozone/integration-test/target/test-dir/MiniOzoneClusterImpl-87a68f7a-76d1-4e01-bf62-4b4b582b7243/datanode-5/data/containers/hdds to VolumeSet
2019-09-12 10:31:28,382 [main] INFO  volume.ThrottledAsyncChecker (ThrottledAsyncChecker.java:schedule(140)) - Scheduling a check for org.apache.hadoop.ozone.container.common.volume.HddsVolume@36cf16a6
2019-09-12 10:31:28,382 [main] INFO  volume.HddsVolumeChecker (HddsVolumeChecker.java:checkAllVolumes(203)) - Scheduled health check for volume org.apache.hadoop.ozone.container.common.volume.HddsVolume@36cf16a6
2019-09-12 10:31:28,399 [main] INFO  impl.RaftServerProxy (ConfUtils.java:logGet(43)) - raft.rpc.type = GRPC (default)
2019-09-12 10:31:28,399 [main] INFO  grpc.GrpcFactory (GrpcFactory.java:checkPooledByteBufAllocatorUseCacheForAllThreads(45)) - PERFORMANCE WARNING: useCacheForAllThreads is true that may cause Netty to create a lot garbage objects and, as a result, trigger GC.
	It is recommended to disable useCacheForAllThreads by setting -Dorg.apache.ratis.thirdparty.io.netty.allocator.useCacheForAllThreads=false in command line.
2019-09-12 10:31:28,399 [main] INFO  grpc.GrpcConfigKeys$Server (ConfUtils.java:logGet(43)) - raft.grpc.server.port = 0 (default)
2019-09-12 10:31:28,400 [main] INFO  server.GrpcService (ConfUtils.java:logGet(43)) - raft.grpc.message.size.max = 33570816 (custom)
2019-09-12 10:31:28,400 [main] INFO  server.RaftServerConfigKeys (ConfUtils.java:logGet(43)) - raft.server.log.appender.buffer.byte-limit = 33554432 (custom)
2019-09-12 10:31:28,400 [main] INFO  server.GrpcService (ConfUtils.java:logGet(43)) - raft.grpc.flow.control.window = 1MB (=1048576) (default)
2019-09-12 10:31:28,400 [main] INFO  server.RaftServerConfigKeys (ConfUtils.java:logGet(43)) - raft.server.rpc.request.timeout = 3000ms (default)
2019-09-12 10:31:28,401 [main] INFO  server.RaftServerConfigKeys (ConfUtils.java:logGet(43)) - raft.server.storage.dir = [/workdir/hadoop-ozone/integration-test/target/test-dir/MiniOzoneClusterImpl-87a68f7a-76d1-4e01-bf62-4b4b582b7243/datanode-5/data/ratis] (custom)
2019-09-12 10:31:28,401 [main] INFO  replication.SimpleContainerDownloader (SimpleContainerDownloader.java:<init>(72)) - Starting container downloader service to copy containers to replicate.
2019-09-12 10:31:28,402 [main] INFO  hdfs.DFSUtil (DFSUtil.java:httpServerTemplateForNNAndJN(1641)) - Starting Web-server for hddsDatanode at: http://0.0.0.0:0
2019-09-12 10:31:28,404 [main] INFO  server.AuthenticationFilter (AuthenticationFilter.java:constructSecretProvider(240)) - Unable to initialize FileSignerSecretProvider, falling back to use random secrets.
2019-09-12 10:31:28,404 | INFO  | SCMAudit | user=jenkins1000 | ip=192.168.36.114 | op=SEND_HEARTBEAT {datanodeUUID=c1e71898-521f-4627-a3f1-9884c4b96ced, command=[]} | ret=SUCCESS |  
2019-09-12 10:31:28,404 [main] WARN  http.HttpRequestLog (HttpRequestLog.java:getRequestLog(97)) - Jetty request log can only be enabled using Log4j
2019-09-12 10:31:28,405 [main] INFO  http.HttpServer2 (HttpServer2.java:addGlobalFilter(975)) - Added global filter 'safety' (class=org.apache.hadoop.http.HttpServer2$QuotingInputFilter)
2019-09-12 10:31:28,406 [main] INFO  http.HttpServer2 (HttpServer2.java:addFilter(948)) - Added filter static_user_filter (class=org.apache.hadoop.http.lib.StaticUserWebFilter$StaticUserFilter) to context hddsDatanode
2019-09-12 10:31:28,406 [main] INFO  http.HttpServer2 (HttpServer2.java:addFilter(958)) - Added filter static_user_filter (class=org.apache.hadoop.http.lib.StaticUserWebFilter$StaticUserFilter) to context logs
2019-09-12 10:31:28,406 [main] INFO  http.HttpServer2 (HttpServer2.java:addFilter(958)) - Added filter static_user_filter (class=org.apache.hadoop.http.lib.StaticUserWebFilter$StaticUserFilter) to context static
2019-09-12 10:31:28,407 [main] INFO  http.HttpServer2 (HttpServer2.java:bindListener(1191)) - Jetty bound to port 32929
2019-09-12 10:31:28,407 [main] INFO  server.Server (Server.java:doStart(351)) - jetty-9.3.24.v20180605, build timestamp: 2018-06-05T17:11:56Z, git hash: 84205aa28f11a4f31f2a3b86d1bba2cc8ab69827
2019-09-12 10:31:28,409 [main] INFO  handler.ContextHandler (ContextHandler.java:doStart(781)) - Started o.e.j.s.ServletContextHandler@57839834{/logs,file:///workdir/hadoop-ozone/integration-test/target/log,AVAILABLE}
2019-09-12 10:31:28,410 [main] INFO  handler.ContextHandler (ContextHandler.java:doStart(781)) - Started o.e.j.s.ServletContextHandler@32646ecf{/static,jar:file:/home/user/.m2/repository/org/apache/hadoop/hadoop-hdds-container-service/0.5.0-SNAPSHOT/hadoop-hdds-container-service-0.5.0-SNAPSHOT.jar!/webapps/static,AVAILABLE}
2019-09-12 10:31:28,455 [main] INFO  handler.ContextHandler (ContextHandler.java:doStart(781)) - Started o.e.j.w.WebAppContext@33891646{/,file:///tmp/jetty-0.0.0.0-32929-hddsDatanode-_-any-971843860885915624.dir/webapp/,AVAILABLE}{/hddsDatanode}
2019-09-12 10:31:28,456 [main] INFO  server.AbstractConnector (AbstractConnector.java:doStart(278)) - Started ServerConnector@3bdbf8d3{HTTP/1.1,[http/1.1]}{0.0.0.0:32929}
2019-09-12 10:31:28,460 [main] INFO  server.Server (Server.java:doStart(419)) - Started @19798ms
2019-09-12 10:31:28,461 [main] INFO  server.BaseHttpServer (BaseHttpServer.java:updateConnectorAddress(213)) - HTTP server of HDDSDATANODE is listening at http://0.0.0.0:32929
2019-09-12 10:31:28,620 | INFO  | ObjectStoreRestHttpServer | Listening HDDS REST traffic on /0.0.0.0:34816 |  
2019-09-12 10:31:28,620 [main] INFO  ozone.HddsDatanodeService (HddsDatanodeService.java:startPlugins(395)) - Started plug-in org.apache.hadoop.ozone.web.OzoneHddsDatanodeService@2773504f
2019-09-12 10:31:28,620 [main] INFO  impl.MetricsSystemImpl (MetricsSystemImpl.java:init(158)) - HddsDatanode metrics system started (again)
2019-09-12 10:31:28,630 | INFO  | SCMAudit | user=jenkins1000 | ip=192.168.36.114 | op=SEND_HEARTBEAT {datanodeUUID=eaeff1e2-de9c-4510-872d-283eb6c3c330, command=[]} | ret=SUCCESS |  
2019-09-12 10:31:28,630 | INFO  | SCMAudit | user=jenkins1000 | ip=192.168.36.114 | op=SEND_HEARTBEAT {datanodeUUID=f17b4253-95a0-4ee6-8ded-88f070f15b33, command=[]} | ret=SUCCESS |  
2019-09-12 10:31:28,643 [org.apache.hadoop.util.JvmPauseMonitor$Monitor@4acd964b] INFO  util.JvmPauseMonitor (JvmPauseMonitor.java:run(188)) - Starting JVM pause monitor
2019-09-12 10:31:28,645 [main] INFO  ozone.HddsDatanodeService (HddsDatanodeService.java:start(184)) - HddsDatanodeService host:pr-hdds-1569-58hkm-1881083799 ip:192.168.36.114
2019-09-12 10:31:28,646 [Datanode State Machine Thread - 0] INFO  datanode.InitDatanodeState (InitDatanodeState.java:persistContainerDatanodeDetails(140)) - DatanodeDetails is persisted to /workdir/hadoop-ozone/integration-test/target/test-dir/MiniOzoneClusterImpl-87a68f7a-76d1-4e01-bf62-4b4b582b7243/datanode-5/meta/datanode.id
2019-09-12 10:31:28,658 [main] INFO  volume.HddsVolume (HddsVolume.java:<init>(176)) - Creating Volume: /workdir/hadoop-ozone/integration-test/target/test-dir/MiniOzoneClusterImpl-87a68f7a-76d1-4e01-bf62-4b4b582b7243/datanode-6/data/containers/hdds of  storage type : DISK and capacity : 1482555576320
2019-09-12 10:31:28,658 [main] INFO  volume.VolumeSet (VolumeSet.java:initializeVolumeSet(170)) - Added Volume : /workdir/hadoop-ozone/integration-test/target/test-dir/MiniOzoneClusterImpl-87a68f7a-76d1-4e01-bf62-4b4b582b7243/datanode-6/data/containers/hdds to VolumeSet
2019-09-12 10:31:28,659 [main] INFO  volume.ThrottledAsyncChecker (ThrottledAsyncChecker.java:schedule(140)) - Scheduling a check for org.apache.hadoop.ozone.container.common.volume.HddsVolume@2cf88901
2019-09-12 10:31:28,659 [main] INFO  volume.HddsVolumeChecker (HddsVolumeChecker.java:checkAllVolumes(203)) - Scheduled health check for volume org.apache.hadoop.ozone.container.common.volume.HddsVolume@2cf88901
2019-09-12 10:31:28,676 [main] INFO  impl.RaftServerProxy (ConfUtils.java:logGet(43)) - raft.rpc.type = GRPC (default)
2019-09-12 10:31:28,676 [main] INFO  grpc.GrpcFactory (GrpcFactory.java:checkPooledByteBufAllocatorUseCacheForAllThreads(45)) - PERFORMANCE WARNING: useCacheForAllThreads is true that may cause Netty to create a lot garbage objects and, as a result, trigger GC.
	It is recommended to disable useCacheForAllThreads by setting -Dorg.apache.ratis.thirdparty.io.netty.allocator.useCacheForAllThreads=false in command line.
2019-09-12 10:31:28,676 [main] INFO  grpc.GrpcConfigKeys$Server (ConfUtils.java:logGet(43)) - raft.grpc.server.port = 0 (default)
2019-09-12 10:31:28,677 [main] INFO  server.GrpcService (ConfUtils.java:logGet(43)) - raft.grpc.message.size.max = 33570816 (custom)
2019-09-12 10:31:28,677 [main] INFO  server.RaftServerConfigKeys (ConfUtils.java:logGet(43)) - raft.server.log.appender.buffer.byte-limit = 33554432 (custom)
2019-09-12 10:31:28,677 [main] INFO  server.GrpcService (ConfUtils.java:logGet(43)) - raft.grpc.flow.control.window = 1MB (=1048576) (default)
2019-09-12 10:31:28,677 [main] INFO  server.RaftServerConfigKeys (ConfUtils.java:logGet(43)) - raft.server.rpc.request.timeout = 3000ms (default)
2019-09-12 10:31:28,678 [main] INFO  server.RaftServerConfigKeys (ConfUtils.java:logGet(43)) - raft.server.storage.dir = [/workdir/hadoop-ozone/integration-test/target/test-dir/MiniOzoneClusterImpl-87a68f7a-76d1-4e01-bf62-4b4b582b7243/datanode-6/data/ratis] (custom)
2019-09-12 10:31:28,678 [main] INFO  replication.SimpleContainerDownloader (SimpleContainerDownloader.java:<init>(72)) - Starting container downloader service to copy containers to replicate.
2019-09-12 10:31:28,679 [main] INFO  hdfs.DFSUtil (DFSUtil.java:httpServerTemplateForNNAndJN(1641)) - Starting Web-server for hddsDatanode at: http://0.0.0.0:0
2019-09-12 10:31:28,680 [main] INFO  server.AuthenticationFilter (AuthenticationFilter.java:constructSecretProvider(240)) - Unable to initialize FileSignerSecretProvider, falling back to use random secrets.
2019-09-12 10:31:28,681 [main] WARN  http.HttpRequestLog (HttpRequestLog.java:getRequestLog(97)) - Jetty request log can only be enabled using Log4j
2019-09-12 10:31:28,682 [main] INFO  http.HttpServer2 (HttpServer2.java:addGlobalFilter(975)) - Added global filter 'safety' (class=org.apache.hadoop.http.HttpServer2$QuotingInputFilter)
2019-09-12 10:31:28,683 [main] INFO  http.HttpServer2 (HttpServer2.java:addFilter(948)) - Added filter static_user_filter (class=org.apache.hadoop.http.lib.StaticUserWebFilter$StaticUserFilter) to context hddsDatanode
2019-09-12 10:31:28,683 [main] INFO  http.HttpServer2 (HttpServer2.java:addFilter(958)) - Added filter static_user_filter (class=org.apache.hadoop.http.lib.StaticUserWebFilter$StaticUserFilter) to context static
2019-09-12 10:31:28,683 [main] INFO  http.HttpServer2 (HttpServer2.java:addFilter(958)) - Added filter static_user_filter (class=org.apache.hadoop.http.lib.StaticUserWebFilter$StaticUserFilter) to context logs
2019-09-12 10:31:28,684 [main] INFO  http.HttpServer2 (HttpServer2.java:bindListener(1191)) - Jetty bound to port 39292
2019-09-12 10:31:28,684 [main] INFO  server.Server (Server.java:doStart(351)) - jetty-9.3.24.v20180605, build timestamp: 2018-06-05T17:11:56Z, git hash: 84205aa28f11a4f31f2a3b86d1bba2cc8ab69827
2019-09-12 10:31:28,686 [main] INFO  handler.ContextHandler (ContextHandler.java:doStart(781)) - Started o.e.j.s.ServletContextHandler@29b5e7db{/logs,file:///workdir/hadoop-ozone/integration-test/target/log,AVAILABLE}
2019-09-12 10:31:28,686 [main] INFO  handler.ContextHandler (ContextHandler.java:doStart(781)) - Started o.e.j.s.ServletContextHandler@1468e880{/static,jar:file:/home/user/.m2/repository/org/apache/hadoop/hadoop-hdds-container-service/0.5.0-SNAPSHOT/hadoop-hdds-container-service-0.5.0-SNAPSHOT.jar!/webapps/static,AVAILABLE}
2019-09-12 10:31:28,715 [main] INFO  handler.ContextHandler (ContextHandler.java:doStart(781)) - Started o.e.j.w.WebAppContext@268f0ff3{/,file:///tmp/jetty-0.0.0.0-39292-hddsDatanode-_-any-2276532559531568114.dir/webapp/,AVAILABLE}{/hddsDatanode}
2019-09-12 10:31:28,715 [main] INFO  server.AbstractConnector (AbstractConnector.java:doStart(278)) - Started ServerConnector@11978f52{HTTP/1.1,[http/1.1]}{0.0.0.0:39292}
2019-09-12 10:31:28,718 [main] INFO  server.Server (Server.java:doStart(419)) - Started @20057ms
2019-09-12 10:31:28,719 [main] INFO  server.BaseHttpServer (BaseHttpServer.java:updateConnectorAddress(213)) - HTTP server of HDDSDATANODE is listening at http://0.0.0.0:39292
2019-09-12 10:31:28,827 | INFO  | SCMAudit | user=jenkins1000 | ip=192.168.36.114 | op=SEND_HEARTBEAT {datanodeUUID=c9031a36-5f7c-4098-8bea-8a46141708a6, command=[]} | ret=SUCCESS |  
2019-09-12 10:31:28,827 | INFO  | SCMAudit | user=jenkins1000 | ip=192.168.36.114 | op=SEND_HEARTBEAT {datanodeUUID=39df7a3f-9691-48d4-a2b1-6888489a5f8a, command=[]} | ret=SUCCESS |  
2019-09-12 10:31:28,853 | INFO  | ObjectStoreRestHttpServer | Listening HDDS REST traffic on /0.0.0.0:33727 |  
2019-09-12 10:31:28,853 [main] INFO  ozone.HddsDatanodeService (HddsDatanodeService.java:startPlugins(395)) - Started plug-in org.apache.hadoop.ozone.web.OzoneHddsDatanodeService@1859e55c
2019-09-12 10:31:28,854 [main] INFO  ozone.MiniOzoneClusterImpl (MiniOzoneClusterImpl.java:lambda$waitForClusterToBeReady$0(142)) - Waiting for cluster to be ready. Got 0 of 7 DN Heartbeats.
2019-09-12 10:31:28,855 [org.apache.hadoop.util.JvmPauseMonitor$Monitor@341e2eff] INFO  util.JvmPauseMonitor (JvmPauseMonitor.java:run(188)) - Starting JVM pause monitor
2019-09-12 10:31:28,858 [Datanode State Machine Thread - 0] INFO  datanode.InitDatanodeState (InitDatanodeState.java:persistContainerDatanodeDetails(140)) - DatanodeDetails is persisted to /workdir/hadoop-ozone/integration-test/target/test-dir/MiniOzoneClusterImpl-87a68f7a-76d1-4e01-bf62-4b4b582b7243/datanode-6/meta/datanode.id
2019-09-12 10:31:29,074 | INFO  | SCMAudit | user=jenkins1000 | ip=192.168.36.114 | op=GET_VERSION null | ret=SUCCESS |  
2019-09-12 10:31:29,085 | INFO  | SCMAudit | user=jenkins1000 | ip=192.168.36.114 | op=SEND_HEARTBEAT {datanodeUUID=2cb9d557-cb56-4745-8686-5e72b62e748a, command=[]} | ret=SUCCESS |  
2019-09-12 10:31:29,106 [Datanode State Machine Thread - 0] INFO  ozoneimpl.OzoneContainer (OzoneContainer.java:start(186)) - Attempting to start container services.
2019-09-12 10:31:29,107 [Datanode State Machine Thread - 0] INFO  ozoneimpl.OzoneContainer (OzoneContainer.java:startContainerScrub(160)) - Background container scrubber has been disabled by hdds.containerscrub.enabled
2019-09-12 10:31:29,107 [Datanode State Machine Thread - 0] INFO  ratis.XceiverServerRatis (XceiverServerRatis.java:start(404)) - Starting XceiverServerRatis ff438662-24cf-49bb-bfc5-3308ec6d286b at port 0
2019-09-12 10:31:29,113 [Datanode State Machine Thread - 0] INFO  impl.RaftServerProxy (RaftServerProxy.java:lambda$start$3(299)) - ff438662-24cf-49bb-bfc5-3308ec6d286b: start RPC server
2019-09-12 10:31:29,114 [Datanode State Machine Thread - 0] INFO  server.GrpcService (GrpcService.java:startImpl(149)) - ff438662-24cf-49bb-bfc5-3308ec6d286b: GrpcService started, listening on 0.0.0.0/0.0.0.0:40451
2019-09-12 10:31:29,115 [Datanode State Machine Thread - 0] INFO  ratis.XceiverServerRatis (XceiverServerRatis.java:start(414)) - XceiverServerRatis ff438662-24cf-49bb-bfc5-3308ec6d286b is started using port 40451
2019-09-12 10:31:29,116 [Datanode State Machine Thread - 0] INFO  server.XceiverServerGrpc (XceiverServerGrpc.java:start(163)) - XceiverServerGrpc ff438662-24cf-49bb-bfc5-3308ec6d286b is started using port 44610
2019-09-12 10:31:29,209 | INFO  | SCMAudit | user=jenkins1000 | ip=192.168.36.114 | op=SEND_HEARTBEAT {datanodeUUID=accf000b-d7b7-4fa5-9682-da82c4451e10, command=[]} | ret=SUCCESS |  
2019-09-12 10:31:29,350 | INFO  | SCMAudit | user=jenkins1000 | ip=192.168.36.114 | op=GET_VERSION null | ret=SUCCESS |  
2019-09-12 10:31:29,385 [Datanode State Machine Thread - 0] INFO  ozoneimpl.OzoneContainer (OzoneContainer.java:start(186)) - Attempting to start container services.
2019-09-12 10:31:29,385 [Datanode State Machine Thread - 0] INFO  ozoneimpl.OzoneContainer (OzoneContainer.java:startContainerScrub(160)) - Background container scrubber has been disabled by hdds.containerscrub.enabled
2019-09-12 10:31:29,385 [Datanode State Machine Thread - 0] INFO  ratis.XceiverServerRatis (XceiverServerRatis.java:start(404)) - Starting XceiverServerRatis 2d50b591-d6e4-490f-9fa0-973ad5423bd7 at port 0
2019-09-12 10:31:29,395 [Datanode State Machine Thread - 0] INFO  impl.RaftServerProxy (RaftServerProxy.java:lambda$start$3(299)) - 2d50b591-d6e4-490f-9fa0-973ad5423bd7: start RPC server
2019-09-12 10:31:29,396 [Datanode State Machine Thread - 0] INFO  server.GrpcService (GrpcService.java:startImpl(149)) - 2d50b591-d6e4-490f-9fa0-973ad5423bd7: GrpcService started, listening on 0.0.0.0/0.0.0.0:39042
2019-09-12 10:31:29,396 [Datanode State Machine Thread - 0] INFO  ratis.XceiverServerRatis (XceiverServerRatis.java:start(414)) - XceiverServerRatis 2d50b591-d6e4-490f-9fa0-973ad5423bd7 is started using port 39042
2019-09-12 10:31:29,399 [Datanode State Machine Thread - 0] INFO  server.XceiverServerGrpc (XceiverServerGrpc.java:start(163)) - XceiverServerGrpc 2d50b591-d6e4-490f-9fa0-973ad5423bd7 is started using port 33736
2019-09-12 10:31:29,405 | INFO  | SCMAudit | user=jenkins1000 | ip=192.168.36.114 | op=SEND_HEARTBEAT {datanodeUUID=c1e71898-521f-4627-a3f1-9884c4b96ced, command=[]} | ret=SUCCESS |  
2019-09-12 10:31:29,597 | INFO  | SCMAudit | user=jenkins1000 | ip=192.168.36.114 | op=GET_VERSION null | ret=SUCCESS |  
2019-09-12 10:31:29,612 [Datanode State Machine Thread - 0] INFO  ozoneimpl.OzoneContainer (OzoneContainer.java:start(186)) - Attempting to start container services.
2019-09-12 10:31:29,612 [Datanode State Machine Thread - 0] INFO  ozoneimpl.OzoneContainer (OzoneContainer.java:startContainerScrub(160)) - Background container scrubber has been disabled by hdds.containerscrub.enabled
2019-09-12 10:31:29,612 [Datanode State Machine Thread - 0] INFO  ratis.XceiverServerRatis (XceiverServerRatis.java:start(404)) - Starting XceiverServerRatis 22ce2f4b-d517-44cf-8041-712d813e08f3 at port 0
2019-09-12 10:31:29,621 [Datanode State Machine Thread - 0] INFO  impl.RaftServerProxy (RaftServerProxy.java:lambda$start$3(299)) - 22ce2f4b-d517-44cf-8041-712d813e08f3: start RPC server
2019-09-12 10:31:29,648 [Datanode State Machine Thread - 0] INFO  server.GrpcService (GrpcService.java:startImpl(149)) - 22ce2f4b-d517-44cf-8041-712d813e08f3: GrpcService started, listening on 0.0.0.0/0.0.0.0:40208
2019-09-12 10:31:29,648 [Datanode State Machine Thread - 0] INFO  ratis.XceiverServerRatis (XceiverServerRatis.java:start(414)) - XceiverServerRatis 22ce2f4b-d517-44cf-8041-712d813e08f3 is started using port 40208
2019-09-12 10:31:29,664 [Datanode State Machine Thread - 0] INFO  server.XceiverServerGrpc (XceiverServerGrpc.java:start(163)) - XceiverServerGrpc 22ce2f4b-d517-44cf-8041-712d813e08f3 is started using port 35068
2019-09-12 10:31:29,664 | INFO  | SCMAudit | user=jenkins1000 | ip=192.168.36.114 | op=SEND_HEARTBEAT {datanodeUUID=eaeff1e2-de9c-4510-872d-283eb6c3c330, command=[]} | ret=SUCCESS |  
2019-09-12 10:31:29,665 | INFO  | SCMAudit | user=jenkins1000 | ip=192.168.36.114 | op=SEND_HEARTBEAT {datanodeUUID=f17b4253-95a0-4ee6-8ded-88f070f15b33, command=[]} | ret=SUCCESS |  
2019-09-12 10:31:29,828 | INFO  | SCMAudit | user=jenkins1000 | ip=192.168.36.114 | op=SEND_HEARTBEAT {datanodeUUID=39df7a3f-9691-48d4-a2b1-6888489a5f8a, command=[]} | ret=SUCCESS |  
2019-09-12 10:31:29,828 | INFO  | SCMAudit | user=jenkins1000 | ip=192.168.36.114 | op=SEND_HEARTBEAT {datanodeUUID=c9031a36-5f7c-4098-8bea-8a46141708a6, command=[]} | ret=SUCCESS |  
2019-09-12 10:31:29,854 [main] INFO  ozone.MiniOzoneClusterImpl (MiniOzoneClusterImpl.java:lambda$waitForClusterToBeReady$0(142)) - Waiting for cluster to be ready. Got 0 of 7 DN Heartbeats.
2019-09-12 10:31:30,066 | INFO  | SCMAudit | user=jenkins1000 | ip=192.168.36.114 | op=GET_VERSION null | ret=SUCCESS |  
2019-09-12 10:31:30,081 [Datanode State Machine Thread - 0] INFO  ozoneimpl.OzoneContainer (OzoneContainer.java:start(186)) - Attempting to start container services.
2019-09-12 10:31:30,082 [Datanode State Machine Thread - 0] INFO  ozoneimpl.OzoneContainer (OzoneContainer.java:startContainerScrub(160)) - Background container scrubber has been disabled by hdds.containerscrub.enabled
2019-09-12 10:31:30,082 [Datanode State Machine Thread - 0] INFO  ratis.XceiverServerRatis (XceiverServerRatis.java:start(404)) - Starting XceiverServerRatis c54af6f8-a22e-478f-90e1-029d14059a99 at port 0
2019-09-12 10:31:30,085 | INFO  | SCMAudit | user=jenkins1000 | ip=192.168.36.114 | op=SEND_HEARTBEAT {datanodeUUID=2cb9d557-cb56-4745-8686-5e72b62e748a, command=[]} | ret=SUCCESS |  
2019-09-12 10:31:30,089 [Datanode State Machine Thread - 0] INFO  impl.RaftServerProxy (RaftServerProxy.java:lambda$start$3(299)) - c54af6f8-a22e-478f-90e1-029d14059a99: start RPC server
2019-09-12 10:31:30,091 [Datanode State Machine Thread - 0] INFO  server.GrpcService (GrpcService.java:startImpl(149)) - c54af6f8-a22e-478f-90e1-029d14059a99: GrpcService started, listening on 0.0.0.0/0.0.0.0:44604
2019-09-12 10:31:30,091 [Datanode State Machine Thread - 0] INFO  ratis.XceiverServerRatis (XceiverServerRatis.java:start(414)) - XceiverServerRatis c54af6f8-a22e-478f-90e1-029d14059a99 is started using port 44604
2019-09-12 10:31:30,097 [Datanode State Machine Thread - 0] INFO  server.XceiverServerGrpc (XceiverServerGrpc.java:start(163)) - XceiverServerGrpc c54af6f8-a22e-478f-90e1-029d14059a99 is started using port 44830
2019-09-12 10:31:30,208 | INFO  | SCMAudit | user=jenkins1000 | ip=192.168.36.114 | op=SEND_HEARTBEAT {datanodeUUID=accf000b-d7b7-4fa5-9682-da82c4451e10, command=[]} | ret=SUCCESS |  
2019-09-12 10:31:30,364 | INFO  | SCMAudit | user=jenkins1000 | ip=192.168.36.114 | op=GET_VERSION null | ret=SUCCESS |  
2019-09-12 10:31:30,404 | INFO  | SCMAudit | user=jenkins1000 | ip=192.168.36.114 | op=SEND_HEARTBEAT {datanodeUUID=c1e71898-521f-4627-a3f1-9884c4b96ced, command=[]} | ret=SUCCESS |  
2019-09-12 10:31:30,468 [Datanode State Machine Thread - 0] INFO  ozoneimpl.OzoneContainer (OzoneContainer.java:start(186)) - Attempting to start container services.
2019-09-12 10:31:30,468 [Datanode State Machine Thread - 0] INFO  ozoneimpl.OzoneContainer (OzoneContainer.java:startContainerScrub(160)) - Background container scrubber has been disabled by hdds.containerscrub.enabled
2019-09-12 10:31:30,468 [Datanode State Machine Thread - 0] INFO  ratis.XceiverServerRatis (XceiverServerRatis.java:start(404)) - Starting XceiverServerRatis bcda0514-d42e-47ca-96fd-c0a633e872a8 at port 0
2019-09-12 10:31:30,506 [Datanode State Machine Thread - 0] INFO  impl.RaftServerProxy (RaftServerProxy.java:lambda$start$3(299)) - bcda0514-d42e-47ca-96fd-c0a633e872a8: start RPC server
2019-09-12 10:31:30,507 [Datanode State Machine Thread - 0] INFO  server.GrpcService (GrpcService.java:startImpl(149)) - bcda0514-d42e-47ca-96fd-c0a633e872a8: GrpcService started, listening on 0.0.0.0/0.0.0.0:33684
2019-09-12 10:31:30,507 [Datanode State Machine Thread - 0] INFO  ratis.XceiverServerRatis (XceiverServerRatis.java:start(414)) - XceiverServerRatis bcda0514-d42e-47ca-96fd-c0a633e872a8 is started using port 33684
2019-09-12 10:31:30,512 [Datanode State Machine Thread - 0] INFO  server.XceiverServerGrpc (XceiverServerGrpc.java:start(163)) - XceiverServerGrpc bcda0514-d42e-47ca-96fd-c0a633e872a8 is started using port 38864
2019-09-12 10:31:30,644 | INFO  | SCMAudit | user=jenkins1000 | ip=192.168.36.114 | op=GET_VERSION null | ret=SUCCESS |  
2019-09-12 10:31:30,653 [Datanode State Machine Thread - 0] INFO  ozoneimpl.OzoneContainer (OzoneContainer.java:start(186)) - Attempting to start container services.
2019-09-12 10:31:30,653 [Datanode State Machine Thread - 0] INFO  ozoneimpl.OzoneContainer (OzoneContainer.java:startContainerScrub(160)) - Background container scrubber has been disabled by hdds.containerscrub.enabled
2019-09-12 10:31:30,653 [Datanode State Machine Thread - 0] INFO  ratis.XceiverServerRatis (XceiverServerRatis.java:start(404)) - Starting XceiverServerRatis b6dd7c38-f675-445e-811b-15cf17d56c0a at port 0
2019-09-12 10:31:30,660 [Datanode State Machine Thread - 0] INFO  impl.RaftServerProxy (RaftServerProxy.java:lambda$start$3(299)) - b6dd7c38-f675-445e-811b-15cf17d56c0a: start RPC server
2019-09-12 10:31:30,661 | INFO  | SCMAudit | user=jenkins1000 | ip=192.168.36.114 | op=SEND_HEARTBEAT {datanodeUUID=f17b4253-95a0-4ee6-8ded-88f070f15b33, command=[]} | ret=SUCCESS |  
2019-09-12 10:31:30,661 | INFO  | SCMAudit | user=jenkins1000 | ip=192.168.36.114 | op=SEND_HEARTBEAT {datanodeUUID=eaeff1e2-de9c-4510-872d-283eb6c3c330, command=[]} | ret=SUCCESS |  
2019-09-12 10:31:30,662 [Datanode State Machine Thread - 0] INFO  server.GrpcService (GrpcService.java:startImpl(149)) - b6dd7c38-f675-445e-811b-15cf17d56c0a: GrpcService started, listening on 0.0.0.0/0.0.0.0:37534
2019-09-12 10:31:30,662 [Datanode State Machine Thread - 0] INFO  ratis.XceiverServerRatis (XceiverServerRatis.java:start(414)) - XceiverServerRatis b6dd7c38-f675-445e-811b-15cf17d56c0a is started using port 37534
2019-09-12 10:31:30,663 [Datanode State Machine Thread - 0] INFO  server.XceiverServerGrpc (XceiverServerGrpc.java:start(163)) - XceiverServerGrpc b6dd7c38-f675-445e-811b-15cf17d56c0a is started using port 42051
2019-09-12 10:31:30,827 | INFO  | SCMAudit | user=jenkins1000 | ip=192.168.36.114 | op=SEND_HEARTBEAT {datanodeUUID=c9031a36-5f7c-4098-8bea-8a46141708a6, command=[]} | ret=SUCCESS |  
2019-09-12 10:31:30,827 | INFO  | SCMAudit | user=jenkins1000 | ip=192.168.36.114 | op=SEND_HEARTBEAT {datanodeUUID=39df7a3f-9691-48d4-a2b1-6888489a5f8a, command=[]} | ret=SUCCESS |  
2019-09-12 10:31:30,855 [main] INFO  ozone.MiniOzoneClusterImpl (MiniOzoneClusterImpl.java:lambda$waitForClusterToBeReady$0(142)) - Waiting for cluster to be ready. Got 0 of 7 DN Heartbeats.
2019-09-12 10:31:30,856 | INFO  | SCMAudit | user=jenkins1000 | ip=192.168.36.114 | op=GET_VERSION null | ret=SUCCESS |  
2019-09-12 10:31:30,872 [Datanode State Machine Thread - 0] INFO  ozoneimpl.OzoneContainer (OzoneContainer.java:start(186)) - Attempting to start container services.
2019-09-12 10:31:30,872 [Datanode State Machine Thread - 0] INFO  ozoneimpl.OzoneContainer (OzoneContainer.java:startContainerScrub(160)) - Background container scrubber has been disabled by hdds.containerscrub.enabled
2019-09-12 10:31:30,872 [Datanode State Machine Thread - 0] INFO  ratis.XceiverServerRatis (XceiverServerRatis.java:start(404)) - Starting XceiverServerRatis 9616c881-dbb1-48da-90dd-a872ed779a2e at port 0
2019-09-12 10:31:30,881 [Datanode State Machine Thread - 0] INFO  impl.RaftServerProxy (RaftServerProxy.java:lambda$start$3(299)) - 9616c881-dbb1-48da-90dd-a872ed779a2e: start RPC server
2019-09-12 10:31:30,882 [Datanode State Machine Thread - 0] INFO  server.GrpcService (GrpcService.java:startImpl(149)) - 9616c881-dbb1-48da-90dd-a872ed779a2e: GrpcService started, listening on 0.0.0.0/0.0.0.0:37081
2019-09-12 10:31:30,882 [Datanode State Machine Thread - 0] INFO  ratis.XceiverServerRatis (XceiverServerRatis.java:start(414)) - XceiverServerRatis 9616c881-dbb1-48da-90dd-a872ed779a2e is started using port 37081
2019-09-12 10:31:30,883 [Datanode State Machine Thread - 0] INFO  server.XceiverServerGrpc (XceiverServerGrpc.java:start(163)) - XceiverServerGrpc 9616c881-dbb1-48da-90dd-a872ed779a2e is started using port 34995
2019-09-12 10:31:31,080 [IPC Server handler 1 on 45356] INFO  net.NetworkTopology (NetworkTopologyImpl.java:add(110)) - Added a new node: /default-rack/ff438662-24cf-49bb-bfc5-3308ec6d286b
2019-09-12 10:31:31,088 [IPC Server handler 1 on 45356] INFO  node.SCMNodeManager (SCMNodeManager.java:register(273)) - Registered Data node : ff438662-24cf-49bb-bfc5-3308ec6d286b{ip: 192.168.36.114, host: pr-hdds-1569-58hkm-1881083799, networkLocation: /default-rack, certSerialId: null}
2019-09-12 10:31:31,089 | INFO  | SCMAudit | user=jenkins1000 | ip=192.168.36.114 | op=SEND_HEARTBEAT {datanodeUUID=2cb9d557-cb56-4745-8686-5e72b62e748a, command=[]} | ret=SUCCESS |  
2019-09-12 10:31:31,089 [EventQueue-NodeRegistrationContainerReportForDataNodeSafeModeRule] INFO  safemode.SCMSafeModeManager (DataNodeSafeModeRule.java:process(71)) - SCM in safe mode. 1 DataNodes registered, 1 required.
2019-09-12 10:31:31,094 [EventQueue-NodeRegistrationContainerReportForDataNodeSafeModeRule] INFO  safemode.SCMSafeModeManager (SCMSafeModeManager.java:validateSafeModeExitRules(177)) - ScmSafeModeManager, all rules are successfully validated
2019-09-12 10:31:31,094 | INFO  | SCMAudit | user=jenkins1000 | ip=192.168.36.114 | op=REGISTER {datanodeDetails=ff438662-24cf-49bb-bfc5-3308ec6d286b{ip: 192.168.36.114, host: pr-hdds-1569-58hkm-1881083799, networkLocation: /default-rack, certSerialId: null}} | ret=SUCCESS |  
2019-09-12 10:31:31,094 [EventQueue-NodeRegistrationContainerReportForDataNodeSafeModeRule] INFO  safemode.SCMSafeModeManager (SCMSafeModeManager.java:exitSafeMode(193)) - SCM exiting safe mode.
2019-09-12 10:31:31,120 [grpc-default-executor-0] INFO  impl.RaftServerProxy (RaftServerProxy.java:addNew(89)) - ff438662-24cf-49bb-bfc5-3308ec6d286b: addNew group-5661C0F71EDF:[ff438662-24cf-49bb-bfc5-3308ec6d286b:192.168.36.114:40451] returns group-5661C0F71EDF:java.util.concurrent.CompletableFuture@5f851d6[Not completed]
2019-09-12 10:31:31,123 [pool-123-thread-1] INFO  impl.RaftServerImpl (RaftServerImpl.java:<init>(93)) - ff438662-24cf-49bb-bfc5-3308ec6d286b: new RaftServerImpl for group-5661C0F71EDF:[ff438662-24cf-49bb-bfc5-3308ec6d286b:192.168.36.114:40451] with ContainerStateMachine:uninitialized
2019-09-12 10:31:31,124 [pool-123-thread-1] INFO  server.RaftServerConfigKeys (ConfUtils.java:logGet(43)) - raft.server.rpc.timeout.min = 5s (custom)
2019-09-12 10:31:31,124 [pool-123-thread-1] INFO  server.RaftServerConfigKeys (ConfUtils.java:logGet(43)) - raft.server.rpc.timeout.max = 5200ms (custom)
2019-09-12 10:31:31,124 [pool-123-thread-1] INFO  server.RaftServerConfigKeys (ConfUtils.java:logGet(43)) - raft.server.rpcslowness.timeout = 120s (custom)
2019-09-12 10:31:31,124 [pool-123-thread-1] INFO  server.RaftServerConfigKeys (ConfUtils.java:logGet(43)) - raft.server.sleep.deviation.threshold = 300 (default)
2019-09-12 10:31:31,124 [pool-123-thread-1] INFO  server.RaftServerConfigKeys (ConfUtils.java:logGet(43)) - raft.server.log.appender.install.snapshot.enabled = false (custom)
2019-09-12 10:31:31,125 [pool-123-thread-1] INFO  impl.RaftServerImpl (ServerState.java:<init>(105)) - ff438662-24cf-49bb-bfc5-3308ec6d286b:group-5661C0F71EDF ConfigurationManager, init=-1: [ff438662-24cf-49bb-bfc5-3308ec6d286b:192.168.36.114:40451], old=null, confs=<EMPTY_MAP>
2019-09-12 10:31:31,125 [pool-123-thread-1] INFO  server.RaftServerConfigKeys (ConfUtils.java:logGet(43)) - raft.server.storage.dir = [/workdir/hadoop-ozone/integration-test/target/test-dir/MiniOzoneClusterImpl-87a68f7a-76d1-4e01-bf62-4b4b582b7243/datanode-0/data/ratis] (custom)
2019-09-12 10:31:31,126 [pool-123-thread-1] INFO  storage.RaftStorageDirectory (RaftStorageDirectory.java:analyzeStorage(246)) - The storage directory /workdir/hadoop-ozone/integration-test/target/test-dir/MiniOzoneClusterImpl-87a68f7a-76d1-4e01-bf62-4b4b582b7243/datanode-0/data/ratis/d51f723c-aacb-4bd7-9c8c-5661c0f71edf does not exist. Creating ...
2019-09-12 10:31:31,147 [pool-123-thread-1] INFO  storage.RaftStorageDirectory (RaftStorageDirectory.java:tryLock(328)) - Lock on /workdir/hadoop-ozone/integration-test/target/test-dir/MiniOzoneClusterImpl-87a68f7a-76d1-4e01-bf62-4b4b582b7243/datanode-0/data/ratis/d51f723c-aacb-4bd7-9c8c-5661c0f71edf/in_use.lock acquired by nodename 1396@pr-hdds-1569-58hkm-1881083799
2019-09-12 10:31:31,161 [pool-123-thread-1] INFO  storage.RaftStorage (RaftStorage.java:format(72)) - Storage directory /workdir/hadoop-ozone/integration-test/target/test-dir/MiniOzoneClusterImpl-87a68f7a-76d1-4e01-bf62-4b4b582b7243/datanode-0/data/ratis/d51f723c-aacb-4bd7-9c8c-5661c0f71edf has been successfully formatted.
2019-09-12 10:31:31,161 [pool-123-thread-1] INFO  ratis.ContainerStateMachine (ContainerStateMachine.java:loadSnapshot(226)) - group-5661C0F71EDF: The snapshot info is null. Setting the last applied indexto:(t:0, i:~)
2019-09-12 10:31:31,162 [pool-123-thread-1] INFO  server.RaftServerConfigKeys (ConfUtils.java:logGet(43)) - raft.server.leader.election.timeout = 120s (custom)
2019-09-12 10:31:31,162 [pool-123-thread-1] INFO  server.RaftServerConfigKeys (ConfUtils.java:logGet(43)) - raft.server.log.use.memory = false (default)
2019-09-12 10:31:31,162 [pool-123-thread-1] INFO  server.RaftServerConfigKeys (ConfUtils.java:logGet(43)) - raft.server.log.purge.gap = 1000000 (custom)
2019-09-12 10:31:31,162 [pool-123-thread-1] INFO  server.RaftServerConfigKeys (ConfUtils.java:logGet(43)) - raft.server.log.appender.buffer.byte-limit = 33554432 (custom)
2019-09-12 10:31:31,162 [pool-123-thread-1] INFO  server.RaftServerConfigKeys (ConfUtils.java:logGet(43)) - raft.server.log.segment.size.max = 1048576 (custom)
2019-09-12 10:31:31,163 [pool-123-thread-1] INFO  server.RaftServerConfigKeys (ConfUtils.java:logGet(43)) - raft.server.log.segment.cache.num.max = 2 (custom)
2019-09-12 10:31:31,163 [pool-123-thread-1] INFO  segmented.SegmentedRaftLogWorker (SegmentedRaftLogWorker.java:<init>(172)) - new ff438662-24cf-49bb-bfc5-3308ec6d286b-SegmentedRaftLogWorker:Storage Directory /workdir/hadoop-ozone/integration-test/target/test-dir/MiniOzoneClusterImpl-87a68f7a-76d1-4e01-bf62-4b4b582b7243/datanode-0/data/ratis/d51f723c-aacb-4bd7-9c8c-5661c0f71edf for RaftStorage:Storage Directory /workdir/hadoop-ozone/integration-test/target/test-dir/MiniOzoneClusterImpl-87a68f7a-76d1-4e01-bf62-4b4b582b7243/datanode-0/data/ratis/d51f723c-aacb-4bd7-9c8c-5661c0f71edf
2019-09-12 10:31:31,163 [pool-123-thread-1] INFO  server.RaftServerConfigKeys (ConfUtils.java:logGet(43)) - raft.server.log.queue.byte-limit = 2147483647 (custom)
2019-09-12 10:31:31,163 [pool-123-thread-1] INFO  server.RaftServerConfigKeys (ConfUtils.java:logGet(43)) - raft.server.log.queue.element-limit = 1024 (custom)
2019-09-12 10:31:31,163 [pool-123-thread-1] INFO  server.RaftServerConfigKeys (ConfUtils.java:logGet(43)) - raft.server.log.segment.size.max = 1048576 (custom)
2019-09-12 10:31:31,164 [pool-123-thread-1] INFO  server.RaftServerConfigKeys (ConfUtils.java:logGet(43)) - raft.server.log.preallocated.size = 16384 (custom)
2019-09-12 10:31:31,164 [pool-123-thread-1] INFO  server.RaftServerConfigKeys (ConfUtils.java:logGet(43)) - raft.server.log.write.buffer.size = 33554432 (custom)
2019-09-12 10:31:31,164 [pool-123-thread-1] INFO  server.RaftServerConfigKeys (ConfUtils.java:logGet(43)) - raft.server.log.force.sync.num = 128 (default)
2019-09-12 10:31:31,164 [pool-123-thread-1] INFO  server.RaftServerConfigKeys (ConfUtils.java:logGet(43)) - raft.server.log.statemachine.data.sync = true (default)
2019-09-12 10:31:31,164 [pool-123-thread-1] INFO  server.RaftServerConfigKeys (ConfUtils.java:logGet(43)) - raft.server.log.statemachine.data.sync.timeout = 10s (default)
2019-09-12 10:31:31,164 [pool-123-thread-1] INFO  server.RaftServerConfigKeys (ConfUtils.java:logGet(43)) - raft.server.log.statemachine.data.sync.timeout.retry = -1 (default)
2019-09-12 10:31:31,165 [pool-123-thread-1] INFO  server.RaftServerConfigKeys (ConfUtils.java:logGet(43)) - raft.server.log.statemachine.data.caching.enabled = true (custom)
2019-09-12 10:31:31,165 [pool-123-thread-1] INFO  segmented.SegmentedRaftLogWorker (SegmentedRaftLogWorker.java:lambda$new$0(132)) - ff438662-24cf-49bb-bfc5-3308ec6d286b-SegmentedRaftLogWorker:Storage Directory /workdir/hadoop-ozone/integration-test/target/test-dir/MiniOzoneClusterImpl-87a68f7a-76d1-4e01-bf62-4b4b582b7243/datanode-0/data/ratis/d51f723c-aacb-4bd7-9c8c-5661c0f71edf: flushIndex: setUnconditionally 0 -> -1
2019-09-12 10:31:31,166 [pool-123-thread-1] INFO  server.RaftServerConfigKeys (ConfUtils.java:logGet(43)) - raft.server.snapshot.auto.trigger.enabled = true (custom)
2019-09-12 10:31:31,166 [pool-123-thread-1] INFO  server.RaftServerConfigKeys (ConfUtils.java:logGet(43)) - raft.server.snapshot.auto.trigger.threshold = 10000 (custom)
2019-09-12 10:31:31,166 [pool-123-thread-1] INFO  server.RaftServerConfigKeys (ConfUtils.java:logGet(43)) - raft.server.retrycache.expirytime = 600000ms (custom)
2019-09-12 10:31:31,166 [pool-123-thread-1] INFO  impl.RaftServerImpl (RaftServerImpl.java:start(180)) - ff438662-24cf-49bb-bfc5-3308ec6d286b: start group-5661C0F71EDF
2019-09-12 10:31:31,166 [pool-123-thread-1] INFO  impl.RaftServerImpl (RaftServerImpl.java:setRole(171)) - ff438662-24cf-49bb-bfc5-3308ec6d286b:group-5661C0F71EDF changes role from null to FOLLOWER at term 0 for startAsFollower
2019-09-12 10:31:31,167 [pool-123-thread-1] INFO  impl.RoleInfo (RoleInfo.java:updateAndGet(143)) - ff438662-24cf-49bb-bfc5-3308ec6d286b: start FollowerState
2019-09-12 10:31:31,167 [pool-123-thread-1] INFO  util.JmxRegister (JmxRegister.java:tryRegister(44)) - Successfully registered JMX Bean with object name Ratis:service=RaftServer,group=group-5661C0F71EDF,id=ff438662-24cf-49bb-bfc5-3308ec6d286b
2019-09-12 10:31:31,173 [RatisPipelineUtilsThread] INFO  pipeline.PipelineStateManager (PipelineStateManager.java:addPipeline(56)) - Created pipeline Pipeline[ Id: d51f723c-aacb-4bd7-9c8c-5661c0f71edf, Nodes: ff438662-24cf-49bb-bfc5-3308ec6d286b{ip: 192.168.36.114, host: pr-hdds-1569-58hkm-1881083799, networkLocation: /default-rack, certSerialId: null}, Type:RATIS, Factor:ONE, State:OPEN]
2019-09-12 10:31:31,181 [grpc-default-executor-0] INFO  impl.RaftServerProxy (RaftServerProxy.java:addNew(89)) - ff438662-24cf-49bb-bfc5-3308ec6d286b: addNew group-000AA9322590:[ff438662-24cf-49bb-bfc5-3308ec6d286b:192.168.36.114:40451] returns group-000AA9322590:java.util.concurrent.CompletableFuture@5919537d[Not completed]
2019-09-12 10:31:31,182 [pool-123-thread-1] INFO  impl.RaftServerImpl (RaftServerImpl.java:<init>(93)) - ff438662-24cf-49bb-bfc5-3308ec6d286b: new RaftServerImpl for group-000AA9322590:[ff438662-24cf-49bb-bfc5-3308ec6d286b:192.168.36.114:40451] with ContainerStateMachine:uninitialized
2019-09-12 10:31:31,182 [pool-123-thread-1] INFO  server.RaftServerConfigKeys (ConfUtils.java:logGet(43)) - raft.server.rpc.timeout.min = 5s (custom)
2019-09-12 10:31:31,182 [pool-123-thread-1] INFO  server.RaftServerConfigKeys (ConfUtils.java:logGet(43)) - raft.server.rpc.timeout.max = 5200ms (custom)
2019-09-12 10:31:31,183 [pool-123-thread-1] INFO  server.RaftServerConfigKeys (ConfUtils.java:logGet(43)) - raft.server.rpcslowness.timeout = 120s (custom)
2019-09-12 10:31:31,183 [pool-123-thread-1] INFO  server.RaftServerConfigKeys (ConfUtils.java:logGet(43)) - raft.server.sleep.deviation.threshold = 300 (default)
2019-09-12 10:31:31,183 [pool-123-thread-1] INFO  server.RaftServerConfigKeys (ConfUtils.java:logGet(43)) - raft.server.log.appender.install.snapshot.enabled = false (custom)
2019-09-12 10:31:31,183 [pool-123-thread-1] INFO  impl.RaftServerImpl (ServerState.java:<init>(105)) - ff438662-24cf-49bb-bfc5-3308ec6d286b:group-000AA9322590 ConfigurationManager, init=-1: [ff438662-24cf-49bb-bfc5-3308ec6d286b:192.168.36.114:40451], old=null, confs=<EMPTY_MAP>
2019-09-12 10:31:31,183 [pool-123-thread-1] INFO  server.RaftServerConfigKeys (ConfUtils.java:logGet(43)) - raft.server.storage.dir = [/workdir/hadoop-ozone/integration-test/target/test-dir/MiniOzoneClusterImpl-87a68f7a-76d1-4e01-bf62-4b4b582b7243/datanode-0/data/ratis] (custom)
2019-09-12 10:31:31,183 [pool-123-thread-1] INFO  storage.RaftStorageDirectory (RaftStorageDirectory.java:analyzeStorage(246)) - The storage directory /workdir/hadoop-ozone/integration-test/target/test-dir/MiniOzoneClusterImpl-87a68f7a-76d1-4e01-bf62-4b4b582b7243/datanode-0/data/ratis/b7380535-041f-4a5d-8a08-000aa9322590 does not exist. Creating ...
2019-09-12 10:31:31,196 [pool-123-thread-1] INFO  storage.RaftStorageDirectory (RaftStorageDirectory.java:tryLock(328)) - Lock on /workdir/hadoop-ozone/integration-test/target/test-dir/MiniOzoneClusterImpl-87a68f7a-76d1-4e01-bf62-4b4b582b7243/datanode-0/data/ratis/b7380535-041f-4a5d-8a08-000aa9322590/in_use.lock acquired by nodename 1396@pr-hdds-1569-58hkm-1881083799
2019-09-12 10:31:31,208 | INFO  | SCMAudit | user=jenkins1000 | ip=192.168.36.114 | op=SEND_HEARTBEAT {datanodeUUID=accf000b-d7b7-4fa5-9682-da82c4451e10, command=[]} | ret=SUCCESS |  
2019-09-12 10:31:31,209 [pool-123-thread-1] INFO  storage.RaftStorage (RaftStorage.java:format(72)) - Storage directory /workdir/hadoop-ozone/integration-test/target/test-dir/MiniOzoneClusterImpl-87a68f7a-76d1-4e01-bf62-4b4b582b7243/datanode-0/data/ratis/b7380535-041f-4a5d-8a08-000aa9322590 has been successfully formatted.
2019-09-12 10:31:31,209 [pool-123-thread-1] INFO  ratis.ContainerStateMachine (ContainerStateMachine.java:loadSnapshot(226)) - group-000AA9322590: The snapshot info is null. Setting the last applied indexto:(t:0, i:~)
2019-09-12 10:31:31,209 [pool-123-thread-1] INFO  server.RaftServerConfigKeys (ConfUtils.java:logGet(43)) - raft.server.leader.election.timeout = 120s (custom)
2019-09-12 10:31:31,210 [pool-123-thread-1] INFO  server.RaftServerConfigKeys (ConfUtils.java:logGet(43)) - raft.server.log.use.memory = false (default)
2019-09-12 10:31:31,210 [pool-123-thread-1] INFO  server.RaftServerConfigKeys (ConfUtils.java:logGet(43)) - raft.server.log.purge.gap = 1000000 (custom)
2019-09-12 10:31:31,210 [pool-123-thread-1] INFO  server.RaftServerConfigKeys (ConfUtils.java:logGet(43)) - raft.server.log.appender.buffer.byte-limit = 33554432 (custom)
2019-09-12 10:31:31,210 [pool-123-thread-1] INFO  server.RaftServerConfigKeys (ConfUtils.java:logGet(43)) - raft.server.log.segment.size.max = 1048576 (custom)
2019-09-12 10:31:31,210 [pool-123-thread-1] INFO  server.RaftServerConfigKeys (ConfUtils.java:logGet(43)) - raft.server.log.segment.cache.num.max = 2 (custom)
2019-09-12 10:31:31,210 [pool-123-thread-1] INFO  segmented.SegmentedRaftLogWorker (SegmentedRaftLogWorker.java:<init>(172)) - new ff438662-24cf-49bb-bfc5-3308ec6d286b-SegmentedRaftLogWorker:Storage Directory /workdir/hadoop-ozone/integration-test/target/test-dir/MiniOzoneClusterImpl-87a68f7a-76d1-4e01-bf62-4b4b582b7243/datanode-0/data/ratis/b7380535-041f-4a5d-8a08-000aa9322590 for RaftStorage:Storage Directory /workdir/hadoop-ozone/integration-test/target/test-dir/MiniOzoneClusterImpl-87a68f7a-76d1-4e01-bf62-4b4b582b7243/datanode-0/data/ratis/b7380535-041f-4a5d-8a08-000aa9322590
2019-09-12 10:31:31,211 [pool-123-thread-1] INFO  server.RaftServerConfigKeys (ConfUtils.java:logGet(43)) - raft.server.log.queue.byte-limit = 2147483647 (custom)
2019-09-12 10:31:31,211 [pool-123-thread-1] INFO  server.RaftServerConfigKeys (ConfUtils.java:logGet(43)) - raft.server.log.queue.element-limit = 1024 (custom)
2019-09-12 10:31:31,211 [pool-123-thread-1] INFO  server.RaftServerConfigKeys (ConfUtils.java:logGet(43)) - raft.server.log.segment.size.max = 1048576 (custom)
2019-09-12 10:31:31,211 [pool-123-thread-1] INFO  server.RaftServerConfigKeys (ConfUtils.java:logGet(43)) - raft.server.log.preallocated.size = 16384 (custom)
2019-09-12 10:31:31,211 [pool-123-thread-1] INFO  server.RaftServerConfigKeys (ConfUtils.java:logGet(43)) - raft.server.log.write.buffer.size = 33554432 (custom)
2019-09-12 10:31:31,211 [pool-123-thread-1] INFO  server.RaftServerConfigKeys (ConfUtils.java:logGet(43)) - raft.server.log.force.sync.num = 128 (default)
2019-09-12 10:31:31,211 [pool-123-thread-1] INFO  server.RaftServerConfigKeys (ConfUtils.java:logGet(43)) - raft.server.log.statemachine.data.sync = true (default)
2019-09-12 10:31:31,212 [pool-123-thread-1] INFO  server.RaftServerConfigKeys (ConfUtils.java:logGet(43)) - raft.server.log.statemachine.data.sync.timeout = 10s (default)
2019-09-12 10:31:31,212 [pool-123-thread-1] INFO  server.RaftServerConfigKeys (ConfUtils.java:logGet(43)) - raft.server.log.statemachine.data.sync.timeout.retry = -1 (default)
2019-09-12 10:31:31,212 [pool-123-thread-1] INFO  server.RaftServerConfigKeys (ConfUtils.java:logGet(43)) - raft.server.log.statemachine.data.caching.enabled = true (custom)
2019-09-12 10:31:31,212 [pool-123-thread-1] INFO  segmented.SegmentedRaftLogWorker (SegmentedRaftLogWorker.java:lambda$new$0(132)) - ff438662-24cf-49bb-bfc5-3308ec6d286b-SegmentedRaftLogWorker:Storage Directory /workdir/hadoop-ozone/integration-test/target/test-dir/MiniOzoneClusterImpl-87a68f7a-76d1-4e01-bf62-4b4b582b7243/datanode-0/data/ratis/b7380535-041f-4a5d-8a08-000aa9322590: flushIndex: setUnconditionally 0 -> -1
2019-09-12 10:31:31,213 [pool-123-thread-1] INFO  server.RaftServerConfigKeys (ConfUtils.java:logGet(43)) - raft.server.snapshot.auto.trigger.enabled = true (custom)
2019-09-12 10:31:31,213 [pool-123-thread-1] INFO  server.RaftServerConfigKeys (ConfUtils.java:logGet(43)) - raft.server.snapshot.auto.trigger.threshold = 10000 (custom)
2019-09-12 10:31:31,213 [pool-123-thread-1] INFO  server.RaftServerConfigKeys (ConfUtils.java:logGet(43)) - raft.server.retrycache.expirytime = 600000ms (custom)
2019-09-12 10:31:31,213 [pool-123-thread-1] INFO  impl.RaftServerImpl (RaftServerImpl.java:start(180)) - ff438662-24cf-49bb-bfc5-3308ec6d286b: start group-000AA9322590
2019-09-12 10:31:31,213 [pool-123-thread-1] INFO  impl.RaftServerImpl (RaftServerImpl.java:setRole(171)) - ff438662-24cf-49bb-bfc5-3308ec6d286b:group-000AA9322590 changes role from null to FOLLOWER at term 0 for startAsFollower
2019-09-12 10:31:31,213 [pool-123-thread-1] INFO  impl.RoleInfo (RoleInfo.java:updateAndGet(143)) - ff438662-24cf-49bb-bfc5-3308ec6d286b: start FollowerState
2019-09-12 10:31:31,214 [pool-123-thread-1] INFO  util.JmxRegister (JmxRegister.java:tryRegister(44)) - Successfully registered JMX Bean with object name Ratis:service=RaftServer,group=group-000AA9322590,id=ff438662-24cf-49bb-bfc5-3308ec6d286b
2019-09-12 10:31:31,217 [RatisPipelineUtilsThread] INFO  pipeline.PipelineStateManager (PipelineStateManager.java:addPipeline(56)) - Created pipeline Pipeline[ Id: b7380535-041f-4a5d-8a08-000aa9322590, Nodes: ff438662-24cf-49bb-bfc5-3308ec6d286b{ip: 192.168.36.114, host: pr-hdds-1569-58hkm-1881083799, networkLocation: /default-rack, certSerialId: null}, Type:RATIS, Factor:ONE, State:OPEN]
2019-09-12 10:31:31,224 [grpc-default-executor-0] INFO  impl.RaftServerProxy (RaftServerProxy.java:addNew(89)) - ff438662-24cf-49bb-bfc5-3308ec6d286b: addNew group-D67F3CD0FE0D:[ff438662-24cf-49bb-bfc5-3308ec6d286b:192.168.36.114:40451] returns group-D67F3CD0FE0D:java.util.concurrent.CompletableFuture@77e2d16[Not completed]
2019-09-12 10:31:31,225 [pool-123-thread-1] INFO  impl.RaftServerImpl (RaftServerImpl.java:<init>(93)) - ff438662-24cf-49bb-bfc5-3308ec6d286b: new RaftServerImpl for group-D67F3CD0FE0D:[ff438662-24cf-49bb-bfc5-3308ec6d286b:192.168.36.114:40451] with ContainerStateMachine:uninitialized
2019-09-12 10:31:31,225 [pool-123-thread-1] INFO  server.RaftServerConfigKeys (ConfUtils.java:logGet(43)) - raft.server.rpc.timeout.min = 5s (custom)
2019-09-12 10:31:31,225 [pool-123-thread-1] INFO  server.RaftServerConfigKeys (ConfUtils.java:logGet(43)) - raft.server.rpc.timeout.max = 5200ms (custom)
2019-09-12 10:31:31,225 [pool-123-thread-1] INFO  server.RaftServerConfigKeys (ConfUtils.java:logGet(43)) - raft.server.rpcslowness.timeout = 120s (custom)
2019-09-12 10:31:31,225 [pool-123-thread-1] INFO  server.RaftServerConfigKeys (ConfUtils.java:logGet(43)) - raft.server.sleep.deviation.threshold = 300 (default)
2019-09-12 10:31:31,226 [pool-123-thread-1] INFO  server.RaftServerConfigKeys (ConfUtils.java:logGet(43)) - raft.server.log.appender.install.snapshot.enabled = false (custom)
2019-09-12 10:31:31,226 [pool-123-thread-1] INFO  impl.RaftServerImpl (ServerState.java:<init>(105)) - ff438662-24cf-49bb-bfc5-3308ec6d286b:group-D67F3CD0FE0D ConfigurationManager, init=-1: [ff438662-24cf-49bb-bfc5-3308ec6d286b:192.168.36.114:40451], old=null, confs=<EMPTY_MAP>
2019-09-12 10:31:31,226 [pool-123-thread-1] INFO  server.RaftServerConfigKeys (ConfUtils.java:logGet(43)) - raft.server.storage.dir = [/workdir/hadoop-ozone/integration-test/target/test-dir/MiniOzoneClusterImpl-87a68f7a-76d1-4e01-bf62-4b4b582b7243/datanode-0/data/ratis] (custom)
2019-09-12 10:31:31,226 [pool-123-thread-1] INFO  storage.RaftStorageDirectory (RaftStorageDirectory.java:analyzeStorage(246)) - The storage directory /workdir/hadoop-ozone/integration-test/target/test-dir/MiniOzoneClusterImpl-87a68f7a-76d1-4e01-bf62-4b4b582b7243/datanode-0/data/ratis/43accfaf-5817-4095-a2e6-d67f3cd0fe0d does not exist. Creating ...
2019-09-12 10:31:31,238 [pool-123-thread-1] INFO  storage.RaftStorageDirectory (RaftStorageDirectory.java:tryLock(328)) - Lock on /workdir/hadoop-ozone/integration-test/target/test-dir/MiniOzoneClusterImpl-87a68f7a-76d1-4e01-bf62-4b4b582b7243/datanode-0/data/ratis/43accfaf-5817-4095-a2e6-d67f3cd0fe0d/in_use.lock acquired by nodename 1396@pr-hdds-1569-58hkm-1881083799
2019-09-12 10:31:31,251 [pool-123-thread-1] INFO  storage.RaftStorage (RaftStorage.java:format(72)) - Storage directory /workdir/hadoop-ozone/integration-test/target/test-dir/MiniOzoneClusterImpl-87a68f7a-76d1-4e01-bf62-4b4b582b7243/datanode-0/data/ratis/43accfaf-5817-4095-a2e6-d67f3cd0fe0d has been successfully formatted.
2019-09-12 10:31:31,251 [pool-123-thread-1] INFO  ratis.ContainerStateMachine (ContainerStateMachine.java:loadSnapshot(226)) - group-D67F3CD0FE0D: The snapshot info is null. Setting the last applied indexto:(t:0, i:~)
2019-09-12 10:31:31,251 [pool-123-thread-1] INFO  server.RaftServerConfigKeys (ConfUtils.java:logGet(43)) - raft.server.leader.election.timeout = 120s (custom)
2019-09-12 10:31:31,251 [pool-123-thread-1] INFO  server.RaftServerConfigKeys (ConfUtils.java:logGet(43)) - raft.server.log.use.memory = false (default)
2019-09-12 10:31:31,252 [pool-123-thread-1] INFO  server.RaftServerConfigKeys (ConfUtils.java:logGet(43)) - raft.server.log.purge.gap = 1000000 (custom)
2019-09-12 10:31:31,252 [pool-123-thread-1] INFO  server.RaftServerConfigKeys (ConfUtils.java:logGet(43)) - raft.server.log.appender.buffer.byte-limit = 33554432 (custom)
2019-09-12 10:31:31,252 [pool-123-thread-1] INFO  server.RaftServerConfigKeys (ConfUtils.java:logGet(43)) - raft.server.log.segment.size.max = 1048576 (custom)
2019-09-12 10:31:31,252 [pool-123-thread-1] INFO  server.RaftServerConfigKeys (ConfUtils.java:logGet(43)) - raft.server.log.segment.cache.num.max = 2 (custom)
2019-09-12 10:31:31,252 [pool-123-thread-1] INFO  segmented.SegmentedRaftLogWorker (SegmentedRaftLogWorker.java:<init>(172)) - new ff438662-24cf-49bb-bfc5-3308ec6d286b-SegmentedRaftLogWorker:Storage Directory /workdir/hadoop-ozone/integration-test/target/test-dir/MiniOzoneClusterImpl-87a68f7a-76d1-4e01-bf62-4b4b582b7243/datanode-0/data/ratis/43accfaf-5817-4095-a2e6-d67f3cd0fe0d for RaftStorage:Storage Directory /workdir/hadoop-ozone/integration-test/target/test-dir/MiniOzoneClusterImpl-87a68f7a-76d1-4e01-bf62-4b4b582b7243/datanode-0/data/ratis/43accfaf-5817-4095-a2e6-d67f3cd0fe0d
2019-09-12 10:31:31,252 [pool-123-thread-1] INFO  server.RaftServerConfigKeys (ConfUtils.java:logGet(43)) - raft.server.log.queue.byte-limit = 2147483647 (custom)
2019-09-12 10:31:31,252 [pool-123-thread-1] INFO  server.RaftServerConfigKeys (ConfUtils.java:logGet(43)) - raft.server.log.queue.element-limit = 1024 (custom)
2019-09-12 10:31:31,253 [pool-123-thread-1] INFO  server.RaftServerConfigKeys (ConfUtils.java:logGet(43)) - raft.server.log.segment.size.max = 1048576 (custom)
2019-09-12 10:31:31,253 [pool-123-thread-1] INFO  server.RaftServerConfigKeys (ConfUtils.java:logGet(43)) - raft.server.log.preallocated.size = 16384 (custom)
2019-09-12 10:31:31,253 [pool-123-thread-1] INFO  server.RaftServerConfigKeys (ConfUtils.java:logGet(43)) - raft.server.log.write.buffer.size = 33554432 (custom)
2019-09-12 10:31:31,253 [pool-123-thread-1] INFO  server.RaftServerConfigKeys (ConfUtils.java:logGet(43)) - raft.server.log.force.sync.num = 128 (default)
2019-09-12 10:31:31,253 [pool-123-thread-1] INFO  server.RaftServerConfigKeys (ConfUtils.java:logGet(43)) - raft.server.log.statemachine.data.sync = true (default)
2019-09-12 10:31:31,253 [pool-123-thread-1] INFO  server.RaftServerConfigKeys (ConfUtils.java:logGet(43)) - raft.server.log.statemachine.data.sync.timeout = 10s (default)
2019-09-12 10:31:31,253 [pool-123-thread-1] INFO  server.RaftServerConfigKeys (ConfUtils.java:logGet(43)) - raft.server.log.statemachine.data.sync.timeout.retry = -1 (default)
2019-09-12 10:31:31,254 [pool-123-thread-1] INFO  server.RaftServerConfigKeys (ConfUtils.java:logGet(43)) - raft.server.log.statemachine.data.caching.enabled = true (custom)
2019-09-12 10:31:31,254 [pool-123-thread-1] INFO  segmented.SegmentedRaftLogWorker (SegmentedRaftLogWorker.java:lambda$new$0(132)) - ff438662-24cf-49bb-bfc5-3308ec6d286b-SegmentedRaftLogWorker:Storage Directory /workdir/hadoop-ozone/integration-test/target/test-dir/MiniOzoneClusterImpl-87a68f7a-76d1-4e01-bf62-4b4b582b7243/datanode-0/data/ratis/43accfaf-5817-4095-a2e6-d67f3cd0fe0d: flushIndex: setUnconditionally 0 -> -1
2019-09-12 10:31:31,254 [pool-123-thread-1] INFO  server.RaftServerConfigKeys (ConfUtils.java:logGet(43)) - raft.server.snapshot.auto.trigger.enabled = true (custom)
2019-09-12 10:31:31,255 [pool-123-thread-1] INFO  server.RaftServerConfigKeys (ConfUtils.java:logGet(43)) - raft.server.snapshot.auto.trigger.threshold = 10000 (custom)
2019-09-12 10:31:31,255 [pool-123-thread-1] INFO  server.RaftServerConfigKeys (ConfUtils.java:logGet(43)) - raft.server.retrycache.expirytime = 600000ms (custom)
2019-09-12 10:31:31,255 [pool-123-thread-1] INFO  impl.RaftServerImpl (RaftServerImpl.java:start(180)) - ff438662-24cf-49bb-bfc5-3308ec6d286b: start group-D67F3CD0FE0D
2019-09-12 10:31:31,255 [pool-123-thread-1] INFO  impl.RaftServerImpl (RaftServerImpl.java:setRole(171)) - ff438662-24cf-49bb-bfc5-3308ec6d286b:group-D67F3CD0FE0D changes role from null to FOLLOWER at term 0 for startAsFollower
2019-09-12 10:31:31,255 [pool-123-thread-1] INFO  impl.RoleInfo (RoleInfo.java:updateAndGet(143)) - ff438662-24cf-49bb-bfc5-3308ec6d286b: start FollowerState
2019-09-12 10:31:31,256 [pool-123-thread-1] INFO  util.JmxRegister (JmxRegister.java:tryRegister(44)) - Successfully registered JMX Bean with object name Ratis:service=RaftServer,group=group-D67F3CD0FE0D,id=ff438662-24cf-49bb-bfc5-3308ec6d286b
2019-09-12 10:31:31,260 [RatisPipelineUtilsThread] INFO  pipeline.PipelineStateManager (PipelineStateManager.java:addPipeline(56)) - Created pipeline Pipeline[ Id: 43accfaf-5817-4095-a2e6-d67f3cd0fe0d, Nodes: ff438662-24cf-49bb-bfc5-3308ec6d286b{ip: 192.168.36.114, host: pr-hdds-1569-58hkm-1881083799, networkLocation: /default-rack, certSerialId: null}, Type:RATIS, Factor:ONE, State:OPEN]
2019-09-12 10:31:31,266 [grpc-default-executor-0] INFO  impl.RaftServerProxy (RaftServerProxy.java:addNew(89)) - ff438662-24cf-49bb-bfc5-3308ec6d286b: addNew group-35431CBB8B81:[ff438662-24cf-49bb-bfc5-3308ec6d286b:192.168.36.114:40451] returns group-35431CBB8B81:java.util.concurrent.CompletableFuture@2fd2e6b0[Not completed]
2019-09-12 10:31:31,267 [pool-123-thread-1] INFO  impl.RaftServerImpl (RaftServerImpl.java:<init>(93)) - ff438662-24cf-49bb-bfc5-3308ec6d286b: new RaftServerImpl for group-35431CBB8B81:[ff438662-24cf-49bb-bfc5-3308ec6d286b:192.168.36.114:40451] with ContainerStateMachine:uninitialized
2019-09-12 10:31:31,267 [pool-123-thread-1] INFO  server.RaftServerConfigKeys (ConfUtils.java:logGet(43)) - raft.server.rpc.timeout.min = 5s (custom)
2019-09-12 10:31:31,267 [pool-123-thread-1] INFO  server.RaftServerConfigKeys (ConfUtils.java:logGet(43)) - raft.server.rpc.timeout.max = 5200ms (custom)
2019-09-12 10:31:31,267 [pool-123-thread-1] INFO  server.RaftServerConfigKeys (ConfUtils.java:logGet(43)) - raft.server.rpcslowness.timeout = 120s (custom)
2019-09-12 10:31:31,268 [pool-123-thread-1] INFO  server.RaftServerConfigKeys (ConfUtils.java:logGet(43)) - raft.server.sleep.deviation.threshold = 300 (default)
2019-09-12 10:31:31,268 [pool-123-thread-1] INFO  server.RaftServerConfigKeys (ConfUtils.java:logGet(43)) - raft.server.log.appender.install.snapshot.enabled = false (custom)
2019-09-12 10:31:31,268 [pool-123-thread-1] INFO  impl.RaftServerImpl (ServerState.java:<init>(105)) - ff438662-24cf-49bb-bfc5-3308ec6d286b:group-35431CBB8B81 ConfigurationManager, init=-1: [ff438662-24cf-49bb-bfc5-3308ec6d286b:192.168.36.114:40451], old=null, confs=<EMPTY_MAP>
2019-09-12 10:31:31,268 [pool-123-thread-1] INFO  server.RaftServerConfigKeys (ConfUtils.java:logGet(43)) - raft.server.storage.dir = [/workdir/hadoop-ozone/integration-test/target/test-dir/MiniOzoneClusterImpl-87a68f7a-76d1-4e01-bf62-4b4b582b7243/datanode-0/data/ratis] (custom)
2019-09-12 10:31:31,268 [pool-123-thread-1] INFO  storage.RaftStorageDirectory (RaftStorageDirectory.java:analyzeStorage(246)) - The storage directory /workdir/hadoop-ozone/integration-test/target/test-dir/MiniOzoneClusterImpl-87a68f7a-76d1-4e01-bf62-4b4b582b7243/datanode-0/data/ratis/0a901e09-e322-4acc-b49c-35431cbb8b81 does not exist. Creating ...
2019-09-12 10:31:31,280 [pool-123-thread-1] INFO  storage.RaftStorageDirectory (RaftStorageDirectory.java:tryLock(328)) - Lock on /workdir/hadoop-ozone/integration-test/target/test-dir/MiniOzoneClusterImpl-87a68f7a-76d1-4e01-bf62-4b4b582b7243/datanode-0/data/ratis/0a901e09-e322-4acc-b49c-35431cbb8b81/in_use.lock acquired by nodename 1396@pr-hdds-1569-58hkm-1881083799
2019-09-12 10:31:31,304 [pool-123-thread-1] INFO  storage.RaftStorage (RaftStorage.java:format(72)) - Storage directory /workdir/hadoop-ozone/integration-test/target/test-dir/MiniOzoneClusterImpl-87a68f7a-76d1-4e01-bf62-4b4b582b7243/datanode-0/data/ratis/0a901e09-e322-4acc-b49c-35431cbb8b81 has been successfully formatted.
2019-09-12 10:31:31,304 [pool-123-thread-1] INFO  ratis.ContainerStateMachine (ContainerStateMachine.java:loadSnapshot(226)) - group-35431CBB8B81: The snapshot info is null. Setting the last applied indexto:(t:0, i:~)
2019-09-12 10:31:31,305 [pool-123-thread-1] INFO  server.RaftServerConfigKeys (ConfUtils.java:logGet(43)) - raft.server.leader.election.timeout = 120s (custom)
2019-09-12 10:31:31,305 [pool-123-thread-1] INFO  server.RaftServerConfigKeys (ConfUtils.java:logGet(43)) - raft.server.log.use.memory = false (default)
2019-09-12 10:31:31,305 [pool-123-thread-1] INFO  server.RaftServerConfigKeys (ConfUtils.java:logGet(43)) - raft.server.log.purge.gap = 1000000 (custom)
2019-09-12 10:31:31,305 [pool-123-thread-1] INFO  server.RaftServerConfigKeys (ConfUtils.java:logGet(43)) - raft.server.log.appender.buffer.byte-limit = 33554432 (custom)
2019-09-12 10:31:31,305 [pool-123-thread-1] INFO  server.RaftServerConfigKeys (ConfUtils.java:logGet(43)) - raft.server.log.segment.size.max = 1048576 (custom)
2019-09-12 10:31:31,306 [pool-123-thread-1] INFO  server.RaftServerConfigKeys (ConfUtils.java:logGet(43)) - raft.server.log.segment.cache.num.max = 2 (custom)
2019-09-12 10:31:31,306 [pool-123-thread-1] INFO  segmented.SegmentedRaftLogWorker (SegmentedRaftLogWorker.java:<init>(172)) - new ff438662-24cf-49bb-bfc5-3308ec6d286b-SegmentedRaftLogWorker:Storage Directory /workdir/hadoop-ozone/integration-test/target/test-dir/MiniOzoneClusterImpl-87a68f7a-76d1-4e01-bf62-4b4b582b7243/datanode-0/data/ratis/0a901e09-e322-4acc-b49c-35431cbb8b81 for RaftStorage:Storage Directory /workdir/hadoop-ozone/integration-test/target/test-dir/MiniOzoneClusterImpl-87a68f7a-76d1-4e01-bf62-4b4b582b7243/datanode-0/data/ratis/0a901e09-e322-4acc-b49c-35431cbb8b81
2019-09-12 10:31:31,306 [pool-123-thread-1] INFO  server.RaftServerConfigKeys (ConfUtils.java:logGet(43)) - raft.server.log.queue.byte-limit = 2147483647 (custom)
2019-09-12 10:31:31,306 [pool-123-thread-1] INFO  server.RaftServerConfigKeys (ConfUtils.java:logGet(43)) - raft.server.log.queue.element-limit = 1024 (custom)
2019-09-12 10:31:31,306 [pool-123-thread-1] INFO  server.RaftServerConfigKeys (ConfUtils.java:logGet(43)) - raft.server.log.segment.size.max = 1048576 (custom)
2019-09-12 10:31:31,307 [pool-123-thread-1] INFO  server.RaftServerConfigKeys (ConfUtils.java:logGet(43)) - raft.server.log.preallocated.size = 16384 (custom)
2019-09-12 10:31:31,307 [pool-123-thread-1] INFO  server.RaftServerConfigKeys (ConfUtils.java:logGet(43)) - raft.server.log.write.buffer.size = 33554432 (custom)
2019-09-12 10:31:31,307 [pool-123-thread-1] INFO  server.RaftServerConfigKeys (ConfUtils.java:logGet(43)) - raft.server.log.force.sync.num = 128 (default)
2019-09-12 10:31:31,307 [pool-123-thread-1] INFO  server.RaftServerConfigKeys (ConfUtils.java:logGet(43)) - raft.server.log.statemachine.data.sync = true (default)
2019-09-12 10:31:31,307 [pool-123-thread-1] INFO  server.RaftServerConfigKeys (ConfUtils.java:logGet(43)) - raft.server.log.statemachine.data.sync.timeout = 10s (default)
2019-09-12 10:31:31,307 [pool-123-thread-1] INFO  server.RaftServerConfigKeys (ConfUtils.java:logGet(43)) - raft.server.log.statemachine.data.sync.timeout.retry = -1 (default)
2019-09-12 10:31:31,308 [pool-123-thread-1] INFO  server.RaftServerConfigKeys (ConfUtils.java:logGet(43)) - raft.server.log.statemachine.data.caching.enabled = true (custom)
2019-09-12 10:31:31,308 [pool-123-thread-1] INFO  segmented.SegmentedRaftLogWorker (SegmentedRaftLogWorker.java:lambda$new$0(132)) - ff438662-24cf-49bb-bfc5-3308ec6d286b-SegmentedRaftLogWorker:Storage Directory /workdir/hadoop-ozone/integration-test/target/test-dir/MiniOzoneClusterImpl-87a68f7a-76d1-4e01-bf62-4b4b582b7243/datanode-0/data/ratis/0a901e09-e322-4acc-b49c-35431cbb8b81: flushIndex: setUnconditionally 0 -> -1
2019-09-12 10:31:31,309 [pool-123-thread-1] INFO  server.RaftServerConfigKeys (ConfUtils.java:logGet(43)) - raft.server.snapshot.auto.trigger.enabled = true (custom)
2019-09-12 10:31:31,309 [pool-123-thread-1] INFO  server.RaftServerConfigKeys (ConfUtils.java:logGet(43)) - raft.server.snapshot.auto.trigger.threshold = 10000 (custom)
2019-09-12 10:31:31,309 [pool-123-thread-1] INFO  server.RaftServerConfigKeys (ConfUtils.java:logGet(43)) - raft.server.retrycache.expirytime = 600000ms (custom)
2019-09-12 10:31:31,309 [pool-123-thread-1] INFO  impl.RaftServerImpl (RaftServerImpl.java:start(180)) - ff438662-24cf-49bb-bfc5-3308ec6d286b: start group-35431CBB8B81
2019-09-12 10:31:31,309 [pool-123-thread-1] INFO  impl.RaftServerImpl (RaftServerImpl.java:setRole(171)) - ff438662-24cf-49bb-bfc5-3308ec6d286b:group-35431CBB8B81 changes role from null to FOLLOWER at term 0 for startAsFollower
2019-09-12 10:31:31,309 [pool-123-thread-1] INFO  impl.RoleInfo (RoleInfo.java:updateAndGet(143)) - ff438662-24cf-49bb-bfc5-3308ec6d286b: start FollowerState
2019-09-12 10:31:31,310 [pool-123-thread-1] INFO  util.JmxRegister (JmxRegister.java:tryRegister(44)) - Successfully registered JMX Bean with object name Ratis:service=RaftServer,group=group-35431CBB8B81,id=ff438662-24cf-49bb-bfc5-3308ec6d286b
2019-09-12 10:31:31,314 [RatisPipelineUtilsThread] INFO  pipeline.PipelineStateManager (PipelineStateManager.java:addPipeline(56)) - Created pipeline Pipeline[ Id: 0a901e09-e322-4acc-b49c-35431cbb8b81, Nodes: ff438662-24cf-49bb-bfc5-3308ec6d286b{ip: 192.168.36.114, host: pr-hdds-1569-58hkm-1881083799, networkLocation: /default-rack, certSerialId: null}, Type:RATIS, Factor:ONE, State:OPEN]
2019-09-12 10:31:31,320 [grpc-default-executor-0] INFO  impl.RaftServerProxy (RaftServerProxy.java:addNew(89)) - ff438662-24cf-49bb-bfc5-3308ec6d286b: addNew group-A650E72920B3:[ff438662-24cf-49bb-bfc5-3308ec6d286b:192.168.36.114:40451] returns group-A650E72920B3:java.util.concurrent.CompletableFuture@6451c64d[Not completed]
2019-09-12 10:31:31,321 [pool-123-thread-1] INFO  impl.RaftServerImpl (RaftServerImpl.java:<init>(93)) - ff438662-24cf-49bb-bfc5-3308ec6d286b: new RaftServerImpl for group-A650E72920B3:[ff438662-24cf-49bb-bfc5-3308ec6d286b:192.168.36.114:40451] with ContainerStateMachine:uninitialized
2019-09-12 10:31:31,321 [pool-123-thread-1] INFO  server.RaftServerConfigKeys (ConfUtils.java:logGet(43)) - raft.server.rpc.timeout.min = 5s (custom)
2019-09-12 10:31:31,322 [pool-123-thread-1] INFO  server.RaftServerConfigKeys (ConfUtils.java:logGet(43)) - raft.server.rpc.timeout.max = 5200ms (custom)
2019-09-12 10:31:31,322 [pool-123-thread-1] INFO  server.RaftServerConfigKeys (ConfUtils.java:logGet(43)) - raft.server.rpcslowness.timeout = 120s (custom)
2019-09-12 10:31:31,322 [pool-123-thread-1] INFO  server.RaftServerConfigKeys (ConfUtils.java:logGet(43)) - raft.server.sleep.deviation.threshold = 300 (default)
2019-09-12 10:31:31,322 [pool-123-thread-1] INFO  server.RaftServerConfigKeys (ConfUtils.java:logGet(43)) - raft.server.log.appender.install.snapshot.enabled = false (custom)
2019-09-12 10:31:31,322 [pool-123-thread-1] INFO  impl.RaftServerImpl (ServerState.java:<init>(105)) - ff438662-24cf-49bb-bfc5-3308ec6d286b:group-A650E72920B3 ConfigurationManager, init=-1: [ff438662-24cf-49bb-bfc5-3308ec6d286b:192.168.36.114:40451], old=null, confs=<EMPTY_MAP>
2019-09-12 10:31:31,322 [pool-123-thread-1] INFO  server.RaftServerConfigKeys (ConfUtils.java:logGet(43)) - raft.server.storage.dir = [/workdir/hadoop-ozone/integration-test/target/test-dir/MiniOzoneClusterImpl-87a68f7a-76d1-4e01-bf62-4b4b582b7243/datanode-0/data/ratis] (custom)
2019-09-12 10:31:31,323 [pool-123-thread-1] INFO  storage.RaftStorageDirectory (RaftStorageDirectory.java:analyzeStorage(246)) - The storage directory /workdir/hadoop-ozone/integration-test/target/test-dir/MiniOzoneClusterImpl-87a68f7a-76d1-4e01-bf62-4b4b582b7243/datanode-0/data/ratis/bad9abe8-e215-40e0-9967-a650e72920b3 does not exist. Creating ...
2019-09-12 10:31:31,337 [pool-123-thread-1] INFO  storage.RaftStorageDirectory (RaftStorageDirectory.java:tryLock(328)) - Lock on /workdir/hadoop-ozone/integration-test/target/test-dir/MiniOzoneClusterImpl-87a68f7a-76d1-4e01-bf62-4b4b582b7243/datanode-0/data/ratis/bad9abe8-e215-40e0-9967-a650e72920b3/in_use.lock acquired by nodename 1396@pr-hdds-1569-58hkm-1881083799
2019-09-12 10:31:31,351 [IPC Server handler 2 on 45356] INFO  net.NetworkTopology (NetworkTopologyImpl.java:add(110)) - Added a new node: /default-rack/2d50b591-d6e4-490f-9fa0-973ad5423bd7
2019-09-12 10:31:31,351 [IPC Server handler 2 on 45356] INFO  node.SCMNodeManager (SCMNodeManager.java:register(273)) - Registered Data node : 2d50b591-d6e4-490f-9fa0-973ad5423bd7{ip: 192.168.36.114, host: pr-hdds-1569-58hkm-1881083799, networkLocation: /default-rack, certSerialId: null}
2019-09-12 10:31:31,351 | INFO  | SCMAudit | user=jenkins1000 | ip=192.168.36.114 | op=REGISTER {datanodeDetails=2d50b591-d6e4-490f-9fa0-973ad5423bd7{ip: 192.168.36.114, host: pr-hdds-1569-58hkm-1881083799, networkLocation: /default-rack, certSerialId: null}} | ret=SUCCESS |  
2019-09-12 10:31:31,369 [pool-123-thread-1] INFO  storage.RaftStorage (RaftStorage.java:format(72)) - Storage directory /workdir/hadoop-ozone/integration-test/target/test-dir/MiniOzoneClusterImpl-87a68f7a-76d1-4e01-bf62-4b4b582b7243/datanode-0/data/ratis/bad9abe8-e215-40e0-9967-a650e72920b3 has been successfully formatted.
2019-09-12 10:31:31,369 [pool-123-thread-1] INFO  ratis.ContainerStateMachine (ContainerStateMachine.java:loadSnapshot(226)) - group-A650E72920B3: The snapshot info is null. Setting the last applied indexto:(t:0, i:~)
2019-09-12 10:31:31,369 [pool-123-thread-1] INFO  server.RaftServerConfigKeys (ConfUtils.java:logGet(43)) - raft.server.leader.election.timeout = 120s (custom)
2019-09-12 10:31:31,369 [pool-123-thread-1] INFO  server.RaftServerConfigKeys (ConfUtils.java:logGet(43)) - raft.server.log.use.memory = false (default)
2019-09-12 10:31:31,370 [pool-123-thread-1] INFO  server.RaftServerConfigKeys (ConfUtils.java:logGet(43)) - raft.server.log.purge.gap = 1000000 (custom)
2019-09-12 10:31:31,370 [pool-123-thread-1] INFO  server.RaftServerConfigKeys (ConfUtils.java:logGet(43)) - raft.server.log.appender.buffer.byte-limit = 33554432 (custom)
2019-09-12 10:31:31,370 [pool-123-thread-1] INFO  server.RaftServerConfigKeys (ConfUtils.java:logGet(43)) - raft.server.log.segment.size.max = 1048576 (custom)
2019-09-12 10:31:31,370 [pool-123-thread-1] INFO  server.RaftServerConfigKeys (ConfUtils.java:logGet(43)) - raft.server.log.segment.cache.num.max = 2 (custom)
2019-09-12 10:31:31,370 [pool-123-thread-1] INFO  segmented.SegmentedRaftLogWorker (SegmentedRaftLogWorker.java:<init>(172)) - new ff438662-24cf-49bb-bfc5-3308ec6d286b-SegmentedRaftLogWorker:Storage Directory /workdir/hadoop-ozone/integration-test/target/test-dir/MiniOzoneClusterImpl-87a68f7a-76d1-4e01-bf62-4b4b582b7243/datanode-0/data/ratis/bad9abe8-e215-40e0-9967-a650e72920b3 for RaftStorage:Storage Directory /workdir/hadoop-ozone/integration-test/target/test-dir/MiniOzoneClusterImpl-87a68f7a-76d1-4e01-bf62-4b4b582b7243/datanode-0/data/ratis/bad9abe8-e215-40e0-9967-a650e72920b3
2019-09-12 10:31:31,370 [pool-123-thread-1] INFO  server.RaftServerConfigKeys (ConfUtils.java:logGet(43)) - raft.server.log.queue.byte-limit = 2147483647 (custom)
2019-09-12 10:31:31,370 [pool-123-thread-1] INFO  server.RaftServerConfigKeys (ConfUtils.java:logGet(43)) - raft.server.log.queue.element-limit = 1024 (custom)
2019-09-12 10:31:31,371 [pool-123-thread-1] INFO  server.RaftServerConfigKeys (ConfUtils.java:logGet(43)) - raft.server.log.segment.size.max = 1048576 (custom)
2019-09-12 10:31:31,371 [pool-123-thread-1] INFO  server.RaftServerConfigKeys (ConfUtils.java:logGet(43)) - raft.server.log.preallocated.size = 16384 (custom)
2019-09-12 10:31:31,371 [pool-123-thread-1] INFO  server.RaftServerConfigKeys (ConfUtils.java:logGet(43)) - raft.server.log.write.buffer.size = 33554432 (custom)
2019-09-12 10:31:31,371 [pool-123-thread-1] INFO  server.RaftServerConfigKeys (ConfUtils.java:logGet(43)) - raft.server.log.force.sync.num = 128 (default)
2019-09-12 10:31:31,371 [pool-123-thread-1] INFO  server.RaftServerConfigKeys (ConfUtils.java:logGet(43)) - raft.server.log.statemachine.data.sync = true (default)
2019-09-12 10:31:31,371 [pool-123-thread-1] INFO  server.RaftServerConfigKeys (ConfUtils.java:logGet(43)) - raft.server.log.statemachine.data.sync.timeout = 10s (default)
2019-09-12 10:31:31,371 [pool-123-thread-1] INFO  server.RaftServerConfigKeys (ConfUtils.java:logGet(43)) - raft.server.log.statemachine.data.sync.timeout.retry = -1 (default)
2019-09-12 10:31:31,372 [pool-123-thread-1] INFO  server.RaftServerConfigKeys (ConfUtils.java:logGet(43)) - raft.server.log.statemachine.data.caching.enabled = true (custom)
2019-09-12 10:31:31,372 [pool-123-thread-1] INFO  segmented.SegmentedRaftLogWorker (SegmentedRaftLogWorker.java:lambda$new$0(132)) - ff438662-24cf-49bb-bfc5-3308ec6d286b-SegmentedRaftLogWorker:Storage Directory /workdir/hadoop-ozone/integration-test/target/test-dir/MiniOzoneClusterImpl-87a68f7a-76d1-4e01-bf62-4b4b582b7243/datanode-0/data/ratis/bad9abe8-e215-40e0-9967-a650e72920b3: flushIndex: setUnconditionally 0 -> -1
2019-09-12 10:31:31,372 [pool-123-thread-1] INFO  server.RaftServerConfigKeys (ConfUtils.java:logGet(43)) - raft.server.snapshot.auto.trigger.enabled = true (custom)
2019-09-12 10:31:31,372 [pool-123-thread-1] INFO  server.RaftServerConfigKeys (ConfUtils.java:logGet(43)) - raft.server.snapshot.auto.trigger.threshold = 10000 (custom)
2019-09-12 10:31:31,373 [pool-123-thread-1] INFO  server.RaftServerConfigKeys (ConfUtils.java:logGet(43)) - raft.server.retrycache.expirytime = 600000ms (custom)
2019-09-12 10:31:31,373 [pool-123-thread-1] INFO  impl.RaftServerImpl (RaftServerImpl.java:start(180)) - ff438662-24cf-49bb-bfc5-3308ec6d286b: start group-A650E72920B3
2019-09-12 10:31:31,373 [pool-123-thread-1] INFO  impl.RaftServerImpl (RaftServerImpl.java:setRole(171)) - ff438662-24cf-49bb-bfc5-3308ec6d286b:group-A650E72920B3 changes role from null to FOLLOWER at term 0 for startAsFollower
2019-09-12 10:31:31,373 [pool-123-thread-1] INFO  impl.RoleInfo (RoleInfo.java:updateAndGet(143)) - ff438662-24cf-49bb-bfc5-3308ec6d286b: start FollowerState
2019-09-12 10:31:31,373 [pool-123-thread-1] INFO  util.JmxRegister (JmxRegister.java:tryRegister(44)) - Successfully registered JMX Bean with object name Ratis:service=RaftServer,group=group-A650E72920B3,id=ff438662-24cf-49bb-bfc5-3308ec6d286b
2019-09-12 10:31:31,377 [RatisPipelineUtilsThread] INFO  pipeline.PipelineStateManager (PipelineStateManager.java:addPipeline(56)) - Created pipeline Pipeline[ Id: bad9abe8-e215-40e0-9967-a650e72920b3, Nodes: ff438662-24cf-49bb-bfc5-3308ec6d286b{ip: 192.168.36.114, host: pr-hdds-1569-58hkm-1881083799, networkLocation: /default-rack, certSerialId: null}, Type:RATIS, Factor:ONE, State:OPEN]
2019-09-12 10:31:31,391 [grpc-default-executor-0] INFO  impl.RaftServerProxy (RaftServerProxy.java:addNew(89)) - 2d50b591-d6e4-490f-9fa0-973ad5423bd7: addNew group-36FF0D7E9A7E:[2d50b591-d6e4-490f-9fa0-973ad5423bd7:192.168.36.114:39042] returns group-36FF0D7E9A7E:java.util.concurrent.CompletableFuture@66fd7203[Not completed]
2019-09-12 10:31:31,392 [pool-134-thread-1] INFO  impl.RaftServerImpl (RaftServerImpl.java:<init>(93)) - 2d50b591-d6e4-490f-9fa0-973ad5423bd7: new RaftServerImpl for group-36FF0D7E9A7E:[2d50b591-d6e4-490f-9fa0-973ad5423bd7:192.168.36.114:39042] with ContainerStateMachine:uninitialized
2019-09-12 10:31:31,392 [pool-134-thread-1] INFO  server.RaftServerConfigKeys (ConfUtils.java:logGet(43)) - raft.server.rpc.timeout.min = 5s (custom)
2019-09-12 10:31:31,392 [pool-134-thread-1] INFO  server.RaftServerConfigKeys (ConfUtils.java:logGet(43)) - raft.server.rpc.timeout.max = 5200ms (custom)
2019-09-12 10:31:31,393 [pool-134-thread-1] INFO  server.RaftServerConfigKeys (ConfUtils.java:logGet(43)) - raft.server.rpcslowness.timeout = 120s (custom)
2019-09-12 10:31:31,393 [pool-134-thread-1] INFO  server.RaftServerConfigKeys (ConfUtils.java:logGet(43)) - raft.server.sleep.deviation.threshold = 300 (default)
2019-09-12 10:31:31,393 [pool-134-thread-1] INFO  server.RaftServerConfigKeys (ConfUtils.java:logGet(43)) - raft.server.log.appender.install.snapshot.enabled = false (custom)
2019-09-12 10:31:31,393 [pool-134-thread-1] INFO  impl.RaftServerImpl (ServerState.java:<init>(105)) - 2d50b591-d6e4-490f-9fa0-973ad5423bd7:group-36FF0D7E9A7E ConfigurationManager, init=-1: [2d50b591-d6e4-490f-9fa0-973ad5423bd7:192.168.36.114:39042], old=null, confs=<EMPTY_MAP>
2019-09-12 10:31:31,393 [pool-134-thread-1] INFO  server.RaftServerConfigKeys (ConfUtils.java:logGet(43)) - raft.server.storage.dir = [/workdir/hadoop-ozone/integration-test/target/test-dir/MiniOzoneClusterImpl-87a68f7a-76d1-4e01-bf62-4b4b582b7243/datanode-1/data/ratis] (custom)
2019-09-12 10:31:31,393 [pool-134-thread-1] INFO  storage.RaftStorageDirectory (RaftStorageDirectory.java:analyzeStorage(246)) - The storage directory /workdir/hadoop-ozone/integration-test/target/test-dir/MiniOzoneClusterImpl-87a68f7a-76d1-4e01-bf62-4b4b582b7243/datanode-1/data/ratis/4d0808c6-0e6c-47dd-bd4d-36ff0d7e9a7e does not exist. Creating ...
2019-09-12 10:31:31,404 | INFO  | SCMAudit | user=jenkins1000 | ip=192.168.36.114 | op=SEND_HEARTBEAT {datanodeUUID=c1e71898-521f-4627-a3f1-9884c4b96ced, command=[]} | ret=SUCCESS |  
2019-09-12 10:31:31,408 [pool-134-thread-1] INFO  storage.RaftStorageDirectory (RaftStorageDirectory.java:tryLock(328)) - Lock on /workdir/hadoop-ozone/integration-test/target/test-dir/MiniOzoneClusterImpl-87a68f7a-76d1-4e01-bf62-4b4b582b7243/datanode-1/data/ratis/4d0808c6-0e6c-47dd-bd4d-36ff0d7e9a7e/in_use.lock acquired by nodename 1396@pr-hdds-1569-58hkm-1881083799
2019-09-12 10:31:31,421 [pool-134-thread-1] INFO  storage.RaftStorage (RaftStorage.java:format(72)) - Storage directory /workdir/hadoop-ozone/integration-test/target/test-dir/MiniOzoneClusterImpl-87a68f7a-76d1-4e01-bf62-4b4b582b7243/datanode-1/data/ratis/4d0808c6-0e6c-47dd-bd4d-36ff0d7e9a7e has been successfully formatted.
2019-09-12 10:31:31,421 [pool-134-thread-1] INFO  ratis.ContainerStateMachine (ContainerStateMachine.java:loadSnapshot(226)) - group-36FF0D7E9A7E: The snapshot info is null. Setting the last applied indexto:(t:0, i:~)
2019-09-12 10:31:31,421 [pool-134-thread-1] INFO  server.RaftServerConfigKeys (ConfUtils.java:logGet(43)) - raft.server.leader.election.timeout = 120s (custom)
2019-09-12 10:31:31,421 [pool-134-thread-1] INFO  server.RaftServerConfigKeys (ConfUtils.java:logGet(43)) - raft.server.log.use.memory = false (default)
2019-09-12 10:31:31,421 [pool-134-thread-1] INFO  server.RaftServerConfigKeys (ConfUtils.java:logGet(43)) - raft.server.log.purge.gap = 1000000 (custom)
2019-09-12 10:31:31,422 [pool-134-thread-1] INFO  server.RaftServerConfigKeys (ConfUtils.java:logGet(43)) - raft.server.log.appender.buffer.byte-limit = 33554432 (custom)
2019-09-12 10:31:31,422 [pool-134-thread-1] INFO  server.RaftServerConfigKeys (ConfUtils.java:logGet(43)) - raft.server.log.segment.size.max = 1048576 (custom)
2019-09-12 10:31:31,422 [pool-134-thread-1] INFO  server.RaftServerConfigKeys (ConfUtils.java:logGet(43)) - raft.server.log.segment.cache.num.max = 2 (custom)
2019-09-12 10:31:31,422 [pool-134-thread-1] INFO  segmented.SegmentedRaftLogWorker (SegmentedRaftLogWorker.java:<init>(172)) - new 2d50b591-d6e4-490f-9fa0-973ad5423bd7-SegmentedRaftLogWorker:Storage Directory /workdir/hadoop-ozone/integration-test/target/test-dir/MiniOzoneClusterImpl-87a68f7a-76d1-4e01-bf62-4b4b582b7243/datanode-1/data/ratis/4d0808c6-0e6c-47dd-bd4d-36ff0d7e9a7e for RaftStorage:Storage Directory /workdir/hadoop-ozone/integration-test/target/test-dir/MiniOzoneClusterImpl-87a68f7a-76d1-4e01-bf62-4b4b582b7243/datanode-1/data/ratis/4d0808c6-0e6c-47dd-bd4d-36ff0d7e9a7e
2019-09-12 10:31:31,422 [pool-134-thread-1] INFO  server.RaftServerConfigKeys (ConfUtils.java:logGet(43)) - raft.server.log.queue.byte-limit = 2147483647 (custom)
2019-09-12 10:31:31,422 [pool-134-thread-1] INFO  server.RaftServerConfigKeys (ConfUtils.java:logGet(43)) - raft.server.log.queue.element-limit = 1024 (custom)
2019-09-12 10:31:31,423 [pool-134-thread-1] INFO  server.RaftServerConfigKeys (ConfUtils.java:logGet(43)) - raft.server.log.segment.size.max = 1048576 (custom)
2019-09-12 10:31:31,423 [pool-134-thread-1] INFO  server.RaftServerConfigKeys (ConfUtils.java:logGet(43)) - raft.server.log.preallocated.size = 16384 (custom)
2019-09-12 10:31:31,423 [pool-134-thread-1] INFO  server.RaftServerConfigKeys (ConfUtils.java:logGet(43)) - raft.server.log.write.buffer.size = 33554432 (custom)
2019-09-12 10:31:31,423 [pool-134-thread-1] INFO  server.RaftServerConfigKeys (ConfUtils.java:logGet(43)) - raft.server.log.force.sync.num = 128 (default)
2019-09-12 10:31:31,423 [pool-134-thread-1] INFO  server.RaftServerConfigKeys (ConfUtils.java:logGet(43)) - raft.server.log.statemachine.data.sync = true (default)
2019-09-12 10:31:31,423 [pool-134-thread-1] INFO  server.RaftServerConfigKeys (ConfUtils.java:logGet(43)) - raft.server.log.statemachine.data.sync.timeout = 10s (default)
2019-09-12 10:31:31,423 [pool-134-thread-1] INFO  server.RaftServerConfigKeys (ConfUtils.java:logGet(43)) - raft.server.log.statemachine.data.sync.timeout.retry = -1 (default)
2019-09-12 10:31:31,424 [pool-134-thread-1] INFO  server.RaftServerConfigKeys (ConfUtils.java:logGet(43)) - raft.server.log.statemachine.data.caching.enabled = true (custom)
2019-09-12 10:31:31,424 [pool-134-thread-1] INFO  segmented.SegmentedRaftLogWorker (SegmentedRaftLogWorker.java:lambda$new$0(132)) - 2d50b591-d6e4-490f-9fa0-973ad5423bd7-SegmentedRaftLogWorker:Storage Directory /workdir/hadoop-ozone/integration-test/target/test-dir/MiniOzoneClusterImpl-87a68f7a-76d1-4e01-bf62-4b4b582b7243/datanode-1/data/ratis/4d0808c6-0e6c-47dd-bd4d-36ff0d7e9a7e: flushIndex: setUnconditionally 0 -> -1
2019-09-12 10:31:31,424 [pool-134-thread-1] INFO  server.RaftServerConfigKeys (ConfUtils.java:logGet(43)) - raft.server.snapshot.auto.trigger.enabled = true (custom)
2019-09-12 10:31:31,424 [pool-134-thread-1] INFO  server.RaftServerConfigKeys (ConfUtils.java:logGet(43)) - raft.server.snapshot.auto.trigger.threshold = 10000 (custom)
2019-09-12 10:31:31,425 [pool-134-thread-1] INFO  server.RaftServerConfigKeys (ConfUtils.java:logGet(43)) - raft.server.retrycache.expirytime = 600000ms (custom)
2019-09-12 10:31:31,425 [pool-134-thread-1] INFO  impl.RaftServerImpl (RaftServerImpl.java:start(180)) - 2d50b591-d6e4-490f-9fa0-973ad5423bd7: start group-36FF0D7E9A7E
2019-09-12 10:31:31,425 [pool-134-thread-1] INFO  impl.RaftServerImpl (RaftServerImpl.java:setRole(171)) - 2d50b591-d6e4-490f-9fa0-973ad5423bd7:group-36FF0D7E9A7E changes role from null to FOLLOWER at term 0 for startAsFollower
2019-09-12 10:31:31,425 [pool-134-thread-1] INFO  impl.RoleInfo (RoleInfo.java:updateAndGet(143)) - 2d50b591-d6e4-490f-9fa0-973ad5423bd7: start FollowerState
2019-09-12 10:31:31,426 [pool-134-thread-1] INFO  util.JmxRegister (JmxRegister.java:tryRegister(44)) - Successfully registered JMX Bean with object name Ratis:service=RaftServer,group=group-36FF0D7E9A7E,id=2d50b591-d6e4-490f-9fa0-973ad5423bd7
2019-09-12 10:31:31,429 [RatisPipelineUtilsThread] INFO  pipeline.PipelineStateManager (PipelineStateManager.java:addPipeline(56)) - Created pipeline Pipeline[ Id: 4d0808c6-0e6c-47dd-bd4d-36ff0d7e9a7e, Nodes: 2d50b591-d6e4-490f-9fa0-973ad5423bd7{ip: 192.168.36.114, host: pr-hdds-1569-58hkm-1881083799, networkLocation: /default-rack, certSerialId: null}, Type:RATIS, Factor:ONE, State:OPEN]
2019-09-12 10:31:31,434 [grpc-default-executor-0] INFO  impl.RaftServerProxy (RaftServerProxy.java:addNew(89)) - ff438662-24cf-49bb-bfc5-3308ec6d286b: addNew group-57FC8F3BC2D1:[ff438662-24cf-49bb-bfc5-3308ec6d286b:192.168.36.114:40451] returns group-57FC8F3BC2D1:java.util.concurrent.CompletableFuture@754a1b4e[Not completed]
2019-09-12 10:31:31,435 [pool-123-thread-1] INFO  impl.RaftServerImpl (RaftServerImpl.java:<init>(93)) - ff438662-24cf-49bb-bfc5-3308ec6d286b: new RaftServerImpl for group-57FC8F3BC2D1:[ff438662-24cf-49bb-bfc5-3308ec6d286b:192.168.36.114:40451] with ContainerStateMachine:uninitialized
2019-09-12 10:31:31,435 [pool-123-thread-1] INFO  server.RaftServerConfigKeys (ConfUtils.java:logGet(43)) - raft.server.rpc.timeout.min = 5s (custom)
2019-09-12 10:31:31,436 [pool-123-thread-1] INFO  server.RaftServerConfigKeys (ConfUtils.java:logGet(43)) - raft.server.rpc.timeout.max = 5200ms (custom)
2019-09-12 10:31:31,436 [pool-123-thread-1] INFO  server.RaftServerConfigKeys (ConfUtils.java:logGet(43)) - raft.server.rpcslowness.timeout = 120s (custom)
2019-09-12 10:31:31,436 [pool-123-thread-1] INFO  server.RaftServerConfigKeys (ConfUtils.java:logGet(43)) - raft.server.sleep.deviation.threshold = 300 (default)
2019-09-12 10:31:31,436 [pool-123-thread-1] INFO  server.RaftServerConfigKeys (ConfUtils.java:logGet(43)) - raft.server.log.appender.install.snapshot.enabled = false (custom)
2019-09-12 10:31:31,436 [pool-123-thread-1] INFO  impl.RaftServerImpl (ServerState.java:<init>(105)) - ff438662-24cf-49bb-bfc5-3308ec6d286b:group-57FC8F3BC2D1 ConfigurationManager, init=-1: [ff438662-24cf-49bb-bfc5-3308ec6d286b:192.168.36.114:40451], old=null, confs=<EMPTY_MAP>
2019-09-12 10:31:31,436 [pool-123-thread-1] INFO  server.RaftServerConfigKeys (ConfUtils.java:logGet(43)) - raft.server.storage.dir = [/workdir/hadoop-ozone/integration-test/target/test-dir/MiniOzoneClusterImpl-87a68f7a-76d1-4e01-bf62-4b4b582b7243/datanode-0/data/ratis] (custom)
2019-09-12 10:31:31,437 [pool-123-thread-1] INFO  storage.RaftStorageDirectory (RaftStorageDirectory.java:analyzeStorage(246)) - The storage directory /workdir/hadoop-ozone/integration-test/target/test-dir/MiniOzoneClusterImpl-87a68f7a-76d1-4e01-bf62-4b4b582b7243/datanode-0/data/ratis/aa20dff4-b414-4223-be96-57fc8f3bc2d1 does not exist. Creating ...
2019-09-12 10:31:31,450 [pool-123-thread-1] INFO  storage.RaftStorageDirectory (RaftStorageDirectory.java:tryLock(328)) - Lock on /workdir/hadoop-ozone/integration-test/target/test-dir/MiniOzoneClusterImpl-87a68f7a-76d1-4e01-bf62-4b4b582b7243/datanode-0/data/ratis/aa20dff4-b414-4223-be96-57fc8f3bc2d1/in_use.lock acquired by nodename 1396@pr-hdds-1569-58hkm-1881083799
2019-09-12 10:31:31,463 [pool-123-thread-1] INFO  storage.RaftStorage (RaftStorage.java:format(72)) - Storage directory /workdir/hadoop-ozone/integration-test/target/test-dir/MiniOzoneClusterImpl-87a68f7a-76d1-4e01-bf62-4b4b582b7243/datanode-0/data/ratis/aa20dff4-b414-4223-be96-57fc8f3bc2d1 has been successfully formatted.
2019-09-12 10:31:31,463 [pool-123-thread-1] INFO  ratis.ContainerStateMachine (ContainerStateMachine.java:loadSnapshot(226)) - group-57FC8F3BC2D1: The snapshot info is null. Setting the last applied indexto:(t:0, i:~)
2019-09-12 10:31:31,463 [pool-123-thread-1] INFO  server.RaftServerConfigKeys (ConfUtils.java:logGet(43)) - raft.server.leader.election.timeout = 120s (custom)
2019-09-12 10:31:31,464 [pool-123-thread-1] INFO  server.RaftServerConfigKeys (ConfUtils.java:logGet(43)) - raft.server.log.use.memory = false (default)
2019-09-12 10:31:31,464 [pool-123-thread-1] INFO  server.RaftServerConfigKeys (ConfUtils.java:logGet(43)) - raft.server.log.purge.gap = 1000000 (custom)
2019-09-12 10:31:31,464 [pool-123-thread-1] INFO  server.RaftServerConfigKeys (ConfUtils.java:logGet(43)) - raft.server.log.appender.buffer.byte-limit = 33554432 (custom)
2019-09-12 10:31:31,464 [pool-123-thread-1] INFO  server.RaftServerConfigKeys (ConfUtils.java:logGet(43)) - raft.server.log.segment.size.max = 1048576 (custom)
2019-09-12 10:31:31,464 [pool-123-thread-1] INFO  server.RaftServerConfigKeys (ConfUtils.java:logGet(43)) - raft.server.log.segment.cache.num.max = 2 (custom)
2019-09-12 10:31:31,464 [pool-123-thread-1] INFO  segmented.SegmentedRaftLogWorker (SegmentedRaftLogWorker.java:<init>(172)) - new ff438662-24cf-49bb-bfc5-3308ec6d286b-SegmentedRaftLogWorker:Storage Directory /workdir/hadoop-ozone/integration-test/target/test-dir/MiniOzoneClusterImpl-87a68f7a-76d1-4e01-bf62-4b4b582b7243/datanode-0/data/ratis/aa20dff4-b414-4223-be96-57fc8f3bc2d1 for RaftStorage:Storage Directory /workdir/hadoop-ozone/integration-test/target/test-dir/MiniOzoneClusterImpl-87a68f7a-76d1-4e01-bf62-4b4b582b7243/datanode-0/data/ratis/aa20dff4-b414-4223-be96-57fc8f3bc2d1
2019-09-12 10:31:31,464 [pool-123-thread-1] INFO  server.RaftServerConfigKeys (ConfUtils.java:logGet(43)) - raft.server.log.queue.byte-limit = 2147483647 (custom)
2019-09-12 10:31:31,465 [pool-123-thread-1] INFO  server.RaftServerConfigKeys (ConfUtils.java:logGet(43)) - raft.server.log.queue.element-limit = 1024 (custom)
2019-09-12 10:31:31,465 [pool-123-thread-1] INFO  server.RaftServerConfigKeys (ConfUtils.java:logGet(43)) - raft.server.log.segment.size.max = 1048576 (custom)
2019-09-12 10:31:31,465 [pool-123-thread-1] INFO  server.RaftServerConfigKeys (ConfUtils.java:logGet(43)) - raft.server.log.preallocated.size = 16384 (custom)
2019-09-12 10:31:31,465 [pool-123-thread-1] INFO  server.RaftServerConfigKeys (ConfUtils.java:logGet(43)) - raft.server.log.write.buffer.size = 33554432 (custom)
2019-09-12 10:31:31,465 [pool-123-thread-1] INFO  server.RaftServerConfigKeys (ConfUtils.java:logGet(43)) - raft.server.log.force.sync.num = 128 (default)
2019-09-12 10:31:31,465 [pool-123-thread-1] INFO  server.RaftServerConfigKeys (ConfUtils.java:logGet(43)) - raft.server.log.statemachine.data.sync = true (default)
2019-09-12 10:31:31,465 [pool-123-thread-1] INFO  server.RaftServerConfigKeys (ConfUtils.java:logGet(43)) - raft.server.log.statemachine.data.sync.timeout = 10s (default)
2019-09-12 10:31:31,466 [pool-123-thread-1] INFO  server.RaftServerConfigKeys (ConfUtils.java:logGet(43)) - raft.server.log.statemachine.data.sync.timeout.retry = -1 (default)
2019-09-12 10:31:31,466 [pool-123-thread-1] INFO  server.RaftServerConfigKeys (ConfUtils.java:logGet(43)) - raft.server.log.statemachine.data.caching.enabled = true (custom)
2019-09-12 10:31:31,466 [pool-123-thread-1] INFO  segmented.SegmentedRaftLogWorker (SegmentedRaftLogWorker.java:lambda$new$0(132)) - ff438662-24cf-49bb-bfc5-3308ec6d286b-SegmentedRaftLogWorker:Storage Directory /workdir/hadoop-ozone/integration-test/target/test-dir/MiniOzoneClusterImpl-87a68f7a-76d1-4e01-bf62-4b4b582b7243/datanode-0/data/ratis/aa20dff4-b414-4223-be96-57fc8f3bc2d1: flushIndex: setUnconditionally 0 -> -1
2019-09-12 10:31:31,466 [pool-123-thread-1] INFO  server.RaftServerConfigKeys (ConfUtils.java:logGet(43)) - raft.server.snapshot.auto.trigger.enabled = true (custom)
2019-09-12 10:31:31,467 [pool-123-thread-1] INFO  server.RaftServerConfigKeys (ConfUtils.java:logGet(43)) - raft.server.snapshot.auto.trigger.threshold = 10000 (custom)
2019-09-12 10:31:31,467 [pool-123-thread-1] INFO  server.RaftServerConfigKeys (ConfUtils.java:logGet(43)) - raft.server.retrycache.expirytime = 600000ms (custom)
2019-09-12 10:31:31,467 [pool-123-thread-1] INFO  impl.RaftServerImpl (RaftServerImpl.java:start(180)) - ff438662-24cf-49bb-bfc5-3308ec6d286b: start group-57FC8F3BC2D1
2019-09-12 10:31:31,467 [pool-123-thread-1] INFO  impl.RaftServerImpl (RaftServerImpl.java:setRole(171)) - ff438662-24cf-49bb-bfc5-3308ec6d286b:group-57FC8F3BC2D1 changes role from null to FOLLOWER at term 0 for startAsFollower
2019-09-12 10:31:31,467 [pool-123-thread-1] INFO  impl.RoleInfo (RoleInfo.java:updateAndGet(143)) - ff438662-24cf-49bb-bfc5-3308ec6d286b: start FollowerState
2019-09-12 10:31:31,468 [pool-123-thread-1] INFO  util.JmxRegister (JmxRegister.java:tryRegister(44)) - Successfully registered JMX Bean with object name Ratis:service=RaftServer,group=group-57FC8F3BC2D1,id=ff438662-24cf-49bb-bfc5-3308ec6d286b
2019-09-12 10:31:31,471 [RatisPipelineUtilsThread] INFO  pipeline.PipelineStateManager (PipelineStateManager.java:addPipeline(56)) - Created pipeline Pipeline[ Id: aa20dff4-b414-4223-be96-57fc8f3bc2d1, Nodes: ff438662-24cf-49bb-bfc5-3308ec6d286b{ip: 192.168.36.114, host: pr-hdds-1569-58hkm-1881083799, networkLocation: /default-rack, certSerialId: null}, Type:RATIS, Factor:ONE, State:OPEN]
2019-09-12 10:31:31,471 [RatisPipelineUtilsThread] ERROR pipeline.PipelinePlacementPolicy (PipelinePlacementPolicy.java:meetCriteria(92)) - Pipeline Placement: Doesn't meet the criteria to be viable node. Heaviness: 6
2019-09-12 10:31:31,477 [grpc-default-executor-0] INFO  impl.RaftServerProxy (RaftServerProxy.java:addNew(89)) - 2d50b591-d6e4-490f-9fa0-973ad5423bd7: addNew group-DFAB8BA9D94E:[2d50b591-d6e4-490f-9fa0-973ad5423bd7:192.168.36.114:39042] returns group-DFAB8BA9D94E:java.util.concurrent.CompletableFuture@45477cb4[Not completed]
2019-09-12 10:31:31,478 [pool-134-thread-1] INFO  impl.RaftServerImpl (RaftServerImpl.java:<init>(93)) - 2d50b591-d6e4-490f-9fa0-973ad5423bd7: new RaftServerImpl for group-DFAB8BA9D94E:[2d50b591-d6e4-490f-9fa0-973ad5423bd7:192.168.36.114:39042] with ContainerStateMachine:uninitialized
2019-09-12 10:31:31,478 [pool-134-thread-1] INFO  server.RaftServerConfigKeys (ConfUtils.java:logGet(43)) - raft.server.rpc.timeout.min = 5s (custom)
2019-09-12 10:31:31,478 [pool-134-thread-1] INFO  server.RaftServerConfigKeys (ConfUtils.java:logGet(43)) - raft.server.rpc.timeout.max = 5200ms (custom)
2019-09-12 10:31:31,478 [pool-134-thread-1] INFO  server.RaftServerConfigKeys (ConfUtils.java:logGet(43)) - raft.server.rpcslowness.timeout = 120s (custom)
2019-09-12 10:31:31,478 [pool-134-thread-1] INFO  server.RaftServerConfigKeys (ConfUtils.java:logGet(43)) - raft.server.sleep.deviation.threshold = 300 (default)
2019-09-12 10:31:31,478 [pool-134-thread-1] INFO  server.RaftServerConfigKeys (ConfUtils.java:logGet(43)) - raft.server.log.appender.install.snapshot.enabled = false (custom)
2019-09-12 10:31:31,479 [pool-134-thread-1] INFO  impl.RaftServerImpl (ServerState.java:<init>(105)) - 2d50b591-d6e4-490f-9fa0-973ad5423bd7:group-DFAB8BA9D94E ConfigurationManager, init=-1: [2d50b591-d6e4-490f-9fa0-973ad5423bd7:192.168.36.114:39042], old=null, confs=<EMPTY_MAP>
2019-09-12 10:31:31,479 [pool-134-thread-1] INFO  server.RaftServerConfigKeys (ConfUtils.java:logGet(43)) - raft.server.storage.dir = [/workdir/hadoop-ozone/integration-test/target/test-dir/MiniOzoneClusterImpl-87a68f7a-76d1-4e01-bf62-4b4b582b7243/datanode-1/data/ratis] (custom)
2019-09-12 10:31:31,479 [pool-134-thread-1] INFO  storage.RaftStorageDirectory (RaftStorageDirectory.java:analyzeStorage(246)) - The storage directory /workdir/hadoop-ozone/integration-test/target/test-dir/MiniOzoneClusterImpl-87a68f7a-76d1-4e01-bf62-4b4b582b7243/datanode-1/data/ratis/9479c61b-911b-4a4e-a0d0-dfab8ba9d94e does not exist. Creating ...
2019-09-12 10:31:31,492 [pool-134-thread-1] INFO  storage.RaftStorageDirectory (RaftStorageDirectory.java:tryLock(328)) - Lock on /workdir/hadoop-ozone/integration-test/target/test-dir/MiniOzoneClusterImpl-87a68f7a-76d1-4e01-bf62-4b4b582b7243/datanode-1/data/ratis/9479c61b-911b-4a4e-a0d0-dfab8ba9d94e/in_use.lock acquired by nodename 1396@pr-hdds-1569-58hkm-1881083799
2019-09-12 10:31:31,504 [pool-134-thread-1] INFO  storage.RaftStorage (RaftStorage.java:format(72)) - Storage directory /workdir/hadoop-ozone/integration-test/target/test-dir/MiniOzoneClusterImpl-87a68f7a-76d1-4e01-bf62-4b4b582b7243/datanode-1/data/ratis/9479c61b-911b-4a4e-a0d0-dfab8ba9d94e has been successfully formatted.
2019-09-12 10:31:31,504 [pool-134-thread-1] INFO  ratis.ContainerStateMachine (ContainerStateMachine.java:loadSnapshot(226)) - group-DFAB8BA9D94E: The snapshot info is null. Setting the last applied indexto:(t:0, i:~)
2019-09-12 10:31:31,504 [pool-134-thread-1] INFO  server.RaftServerConfigKeys (ConfUtils.java:logGet(43)) - raft.server.leader.election.timeout = 120s (custom)
2019-09-12 10:31:31,504 [pool-134-thread-1] INFO  server.RaftServerConfigKeys (ConfUtils.java:logGet(43)) - raft.server.log.use.memory = false (default)
2019-09-12 10:31:31,505 [pool-134-thread-1] INFO  server.RaftServerConfigKeys (ConfUtils.java:logGet(43)) - raft.server.log.purge.gap = 1000000 (custom)
2019-09-12 10:31:31,505 [pool-134-thread-1] INFO  server.RaftServerConfigKeys (ConfUtils.java:logGet(43)) - raft.server.log.appender.buffer.byte-limit = 33554432 (custom)
2019-09-12 10:31:31,505 [pool-134-thread-1] INFO  server.RaftServerConfigKeys (ConfUtils.java:logGet(43)) - raft.server.log.segment.size.max = 1048576 (custom)
2019-09-12 10:31:31,505 [pool-134-thread-1] INFO  server.RaftServerConfigKeys (ConfUtils.java:logGet(43)) - raft.server.log.segment.cache.num.max = 2 (custom)
2019-09-12 10:31:31,505 [pool-134-thread-1] INFO  segmented.SegmentedRaftLogWorker (SegmentedRaftLogWorker.java:<init>(172)) - new 2d50b591-d6e4-490f-9fa0-973ad5423bd7-SegmentedRaftLogWorker:Storage Directory /workdir/hadoop-ozone/integration-test/target/test-dir/MiniOzoneClusterImpl-87a68f7a-76d1-4e01-bf62-4b4b582b7243/datanode-1/data/ratis/9479c61b-911b-4a4e-a0d0-dfab8ba9d94e for RaftStorage:Storage Directory /workdir/hadoop-ozone/integration-test/target/test-dir/MiniOzoneClusterImpl-87a68f7a-76d1-4e01-bf62-4b4b582b7243/datanode-1/data/ratis/9479c61b-911b-4a4e-a0d0-dfab8ba9d94e
2019-09-12 10:31:31,505 [pool-134-thread-1] INFO  server.RaftServerConfigKeys (ConfUtils.java:logGet(43)) - raft.server.log.queue.byte-limit = 2147483647 (custom)
2019-09-12 10:31:31,505 [pool-134-thread-1] INFO  server.RaftServerConfigKeys (ConfUtils.java:logGet(43)) - raft.server.log.queue.element-limit = 1024 (custom)
2019-09-12 10:31:31,506 [pool-134-thread-1] INFO  server.RaftServerConfigKeys (ConfUtils.java:logGet(43)) - raft.server.log.segment.size.max = 1048576 (custom)
2019-09-12 10:31:31,506 [pool-134-thread-1] INFO  server.RaftServerConfigKeys (ConfUtils.java:logGet(43)) - raft.server.log.preallocated.size = 16384 (custom)
2019-09-12 10:31:31,506 [pool-134-thread-1] INFO  server.RaftServerConfigKeys (ConfUtils.java:logGet(43)) - raft.server.log.write.buffer.size = 33554432 (custom)
2019-09-12 10:31:31,506 [pool-134-thread-1] INFO  server.RaftServerConfigKeys (ConfUtils.java:logGet(43)) - raft.server.log.force.sync.num = 128 (default)
2019-09-12 10:31:31,506 [pool-134-thread-1] INFO  server.RaftServerConfigKeys (ConfUtils.java:logGet(43)) - raft.server.log.statemachine.data.sync = true (default)
2019-09-12 10:31:31,506 [pool-134-thread-1] INFO  server.RaftServerConfigKeys (ConfUtils.java:logGet(43)) - raft.server.log.statemachine.data.sync.timeout = 10s (default)
2019-09-12 10:31:31,506 [pool-134-thread-1] INFO  server.RaftServerConfigKeys (ConfUtils.java:logGet(43)) - raft.server.log.statemachine.data.sync.timeout.retry = -1 (default)
2019-09-12 10:31:31,506 [pool-134-thread-1] INFO  server.RaftServerConfigKeys (ConfUtils.java:logGet(43)) - raft.server.log.statemachine.data.caching.enabled = true (custom)
2019-09-12 10:31:31,507 [pool-134-thread-1] INFO  segmented.SegmentedRaftLogWorker (SegmentedRaftLogWorker.java:lambda$new$0(132)) - 2d50b591-d6e4-490f-9fa0-973ad5423bd7-SegmentedRaftLogWorker:Storage Directory /workdir/hadoop-ozone/integration-test/target/test-dir/MiniOzoneClusterImpl-87a68f7a-76d1-4e01-bf62-4b4b582b7243/datanode-1/data/ratis/9479c61b-911b-4a4e-a0d0-dfab8ba9d94e: flushIndex: setUnconditionally 0 -> -1
2019-09-12 10:31:31,507 [pool-134-thread-1] INFO  server.RaftServerConfigKeys (ConfUtils.java:logGet(43)) - raft.server.snapshot.auto.trigger.enabled = true (custom)
2019-09-12 10:31:31,507 [pool-134-thread-1] INFO  server.RaftServerConfigKeys (ConfUtils.java:logGet(43)) - raft.server.snapshot.auto.trigger.threshold = 10000 (custom)
2019-09-12 10:31:31,507 [pool-134-thread-1] INFO  server.RaftServerConfigKeys (ConfUtils.java:logGet(43)) - raft.server.retrycache.expirytime = 600000ms (custom)
2019-09-12 10:31:31,507 [pool-134-thread-1] INFO  impl.RaftServerImpl (RaftServerImpl.java:start(180)) - 2d50b591-d6e4-490f-9fa0-973ad5423bd7: start group-DFAB8BA9D94E
2019-09-12 10:31:31,508 [pool-134-thread-1] INFO  impl.RaftServerImpl (RaftServerImpl.java:setRole(171)) - 2d50b591-d6e4-490f-9fa0-973ad5423bd7:group-DFAB8BA9D94E changes role from null to FOLLOWER at term 0 for startAsFollower
2019-09-12 10:31:31,508 [pool-134-thread-1] INFO  impl.RoleInfo (RoleInfo.java:updateAndGet(143)) - 2d50b591-d6e4-490f-9fa0-973ad5423bd7: start FollowerState
2019-09-12 10:31:31,508 [pool-134-thread-1] INFO  util.JmxRegister (JmxRegister.java:tryRegister(44)) - Successfully registered JMX Bean with object name Ratis:service=RaftServer,group=group-DFAB8BA9D94E,id=2d50b591-d6e4-490f-9fa0-973ad5423bd7
2019-09-12 10:31:31,511 [RatisPipelineUtilsThread] INFO  pipeline.PipelineStateManager (PipelineStateManager.java:addPipeline(56)) - Created pipeline Pipeline[ Id: 9479c61b-911b-4a4e-a0d0-dfab8ba9d94e, Nodes: 2d50b591-d6e4-490f-9fa0-973ad5423bd7{ip: 192.168.36.114, host: pr-hdds-1569-58hkm-1881083799, networkLocation: /default-rack, certSerialId: null}, Type:RATIS, Factor:ONE, State:OPEN]
2019-09-12 10:31:31,511 [RatisPipelineUtilsThread] ERROR pipeline.PipelinePlacementPolicy (PipelinePlacementPolicy.java:meetCriteria(92)) - Pipeline Placement: Doesn't meet the criteria to be viable node. Heaviness: 6
2019-09-12 10:31:31,517 [grpc-default-executor-0] INFO  impl.RaftServerProxy (RaftServerProxy.java:addNew(89)) - 2d50b591-d6e4-490f-9fa0-973ad5423bd7: addNew group-D125D9984686:[2d50b591-d6e4-490f-9fa0-973ad5423bd7:192.168.36.114:39042] returns group-D125D9984686:java.util.concurrent.CompletableFuture@49b624dd[Not completed]
2019-09-12 10:31:31,518 [pool-134-thread-1] INFO  impl.RaftServerImpl (RaftServerImpl.java:<init>(93)) - 2d50b591-d6e4-490f-9fa0-973ad5423bd7: new RaftServerImpl for group-D125D9984686:[2d50b591-d6e4-490f-9fa0-973ad5423bd7:192.168.36.114:39042] with ContainerStateMachine:uninitialized
2019-09-12 10:31:31,519 [pool-134-thread-1] INFO  server.RaftServerConfigKeys (ConfUtils.java:logGet(43)) - raft.server.rpc.timeout.min = 5s (custom)
2019-09-12 10:31:31,519 [pool-134-thread-1] INFO  server.RaftServerConfigKeys (ConfUtils.java:logGet(43)) - raft.server.rpc.timeout.max = 5200ms (custom)
2019-09-12 10:31:31,519 [pool-134-thread-1] INFO  server.RaftServerConfigKeys (ConfUtils.java:logGet(43)) - raft.server.rpcslowness.timeout = 120s (custom)
2019-09-12 10:31:31,519 [pool-134-thread-1] INFO  server.RaftServerConfigKeys (ConfUtils.java:logGet(43)) - raft.server.sleep.deviation.threshold = 300 (default)
2019-09-12 10:31:31,519 [pool-134-thread-1] INFO  server.RaftServerConfigKeys (ConfUtils.java:logGet(43)) - raft.server.log.appender.install.snapshot.enabled = false (custom)
2019-09-12 10:31:31,519 [pool-134-thread-1] INFO  impl.RaftServerImpl (ServerState.java:<init>(105)) - 2d50b591-d6e4-490f-9fa0-973ad5423bd7:group-D125D9984686 ConfigurationManager, init=-1: [2d50b591-d6e4-490f-9fa0-973ad5423bd7:192.168.36.114:39042], old=null, confs=<EMPTY_MAP>
2019-09-12 10:31:31,519 [pool-134-thread-1] INFO  server.RaftServerConfigKeys (ConfUtils.java:logGet(43)) - raft.server.storage.dir = [/workdir/hadoop-ozone/integration-test/target/test-dir/MiniOzoneClusterImpl-87a68f7a-76d1-4e01-bf62-4b4b582b7243/datanode-1/data/ratis] (custom)
2019-09-12 10:31:31,520 [pool-134-thread-1] INFO  storage.RaftStorageDirectory (RaftStorageDirectory.java:analyzeStorage(246)) - The storage directory /workdir/hadoop-ozone/integration-test/target/test-dir/MiniOzoneClusterImpl-87a68f7a-76d1-4e01-bf62-4b4b582b7243/datanode-1/data/ratis/e10c754a-b81d-479e-a6df-d125d9984686 does not exist. Creating ...
2019-09-12 10:31:31,533 [pool-134-thread-1] INFO  storage.RaftStorageDirectory (RaftStorageDirectory.java:tryLock(328)) - Lock on /workdir/hadoop-ozone/integration-test/target/test-dir/MiniOzoneClusterImpl-87a68f7a-76d1-4e01-bf62-4b4b582b7243/datanode-1/data/ratis/e10c754a-b81d-479e-a6df-d125d9984686/in_use.lock acquired by nodename 1396@pr-hdds-1569-58hkm-1881083799
2019-09-12 10:31:31,546 [pool-134-thread-1] INFO  storage.RaftStorage (RaftStorage.java:format(72)) - Storage directory /workdir/hadoop-ozone/integration-test/target/test-dir/MiniOzoneClusterImpl-87a68f7a-76d1-4e01-bf62-4b4b582b7243/datanode-1/data/ratis/e10c754a-b81d-479e-a6df-d125d9984686 has been successfully formatted.
2019-09-12 10:31:31,546 [pool-134-thread-1] INFO  ratis.ContainerStateMachine (ContainerStateMachine.java:loadSnapshot(226)) - group-D125D9984686: The snapshot info is null. Setting the last applied indexto:(t:0, i:~)
2019-09-12 10:31:31,546 [pool-134-thread-1] INFO  server.RaftServerConfigKeys (ConfUtils.java:logGet(43)) - raft.server.leader.election.timeout = 120s (custom)
2019-09-12 10:31:31,546 [pool-134-thread-1] INFO  server.RaftServerConfigKeys (ConfUtils.java:logGet(43)) - raft.server.log.use.memory = false (default)
2019-09-12 10:31:31,547 [pool-134-thread-1] INFO  server.RaftServerConfigKeys (ConfUtils.java:logGet(43)) - raft.server.log.purge.gap = 1000000 (custom)
2019-09-12 10:31:31,547 [pool-134-thread-1] INFO  server.RaftServerConfigKeys (ConfUtils.java:logGet(43)) - raft.server.log.appender.buffer.byte-limit = 33554432 (custom)
2019-09-12 10:31:31,547 [pool-134-thread-1] INFO  server.RaftServerConfigKeys (ConfUtils.java:logGet(43)) - raft.server.log.segment.size.max = 1048576 (custom)
2019-09-12 10:31:31,547 [pool-134-thread-1] INFO  server.RaftServerConfigKeys (ConfUtils.java:logGet(43)) - raft.server.log.segment.cache.num.max = 2 (custom)
2019-09-12 10:31:31,547 [pool-134-thread-1] INFO  segmented.SegmentedRaftLogWorker (SegmentedRaftLogWorker.java:<init>(172)) - new 2d50b591-d6e4-490f-9fa0-973ad5423bd7-SegmentedRaftLogWorker:Storage Directory /workdir/hadoop-ozone/integration-test/target/test-dir/MiniOzoneClusterImpl-87a68f7a-76d1-4e01-bf62-4b4b582b7243/datanode-1/data/ratis/e10c754a-b81d-479e-a6df-d125d9984686 for RaftStorage:Storage Directory /workdir/hadoop-ozone/integration-test/target/test-dir/MiniOzoneClusterImpl-87a68f7a-76d1-4e01-bf62-4b4b582b7243/datanode-1/data/ratis/e10c754a-b81d-479e-a6df-d125d9984686
2019-09-12 10:31:31,547 [pool-134-thread-1] INFO  server.RaftServerConfigKeys (ConfUtils.java:logGet(43)) - raft.server.log.queue.byte-limit = 2147483647 (custom)
2019-09-12 10:31:31,548 [pool-134-thread-1] INFO  server.RaftServerConfigKeys (ConfUtils.java:logGet(43)) - raft.server.log.queue.element-limit = 1024 (custom)
2019-09-12 10:31:31,548 [pool-134-thread-1] INFO  server.RaftServerConfigKeys (ConfUtils.java:logGet(43)) - raft.server.log.segment.size.max = 1048576 (custom)
2019-09-12 10:31:31,548 [pool-134-thread-1] INFO  server.RaftServerConfigKeys (ConfUtils.java:logGet(43)) - raft.server.log.preallocated.size = 16384 (custom)
2019-09-12 10:31:31,548 [pool-134-thread-1] INFO  server.RaftServerConfigKeys (ConfUtils.java:logGet(43)) - raft.server.log.write.buffer.size = 33554432 (custom)
2019-09-12 10:31:31,548 [pool-134-thread-1] INFO  server.RaftServerConfigKeys (ConfUtils.java:logGet(43)) - raft.server.log.force.sync.num = 128 (default)
2019-09-12 10:31:31,548 [pool-134-thread-1] INFO  server.RaftServerConfigKeys (ConfUtils.java:logGet(43)) - raft.server.log.statemachine.data.sync = true (default)
2019-09-12 10:31:31,548 [pool-134-thread-1] INFO  server.RaftServerConfigKeys (ConfUtils.java:logGet(43)) - raft.server.log.statemachine.data.sync.timeout = 10s (default)
2019-09-12 10:31:31,549 [pool-134-thread-1] INFO  server.RaftServerConfigKeys (ConfUtils.java:logGet(43)) - raft.server.log.statemachine.data.sync.timeout.retry = -1 (default)
2019-09-12 10:31:31,549 [pool-134-thread-1] INFO  server.RaftServerConfigKeys (ConfUtils.java:logGet(43)) - raft.server.log.statemachine.data.caching.enabled = true (custom)
2019-09-12 10:31:31,549 [pool-134-thread-1] INFO  segmented.SegmentedRaftLogWorker (SegmentedRaftLogWorker.java:lambda$new$0(132)) - 2d50b591-d6e4-490f-9fa0-973ad5423bd7-SegmentedRaftLogWorker:Storage Directory /workdir/hadoop-ozone/integration-test/target/test-dir/MiniOzoneClusterImpl-87a68f7a-76d1-4e01-bf62-4b4b582b7243/datanode-1/data/ratis/e10c754a-b81d-479e-a6df-d125d9984686: flushIndex: setUnconditionally 0 -> -1
2019-09-12 10:31:31,549 [pool-134-thread-1] INFO  server.RaftServerConfigKeys (ConfUtils.java:logGet(43)) - raft.server.snapshot.auto.trigger.enabled = true (custom)
2019-09-12 10:31:31,550 [pool-134-thread-1] INFO  server.RaftServerConfigKeys (ConfUtils.java:logGet(43)) - raft.server.snapshot.auto.trigger.threshold = 10000 (custom)
2019-09-12 10:31:31,550 [pool-134-thread-1] INFO  server.RaftServerConfigKeys (ConfUtils.java:logGet(43)) - raft.server.retrycache.expirytime = 600000ms (custom)
2019-09-12 10:31:31,550 [pool-134-thread-1] INFO  impl.RaftServerImpl (RaftServerImpl.java:start(180)) - 2d50b591-d6e4-490f-9fa0-973ad5423bd7: start group-D125D9984686
2019-09-12 10:31:31,550 [pool-134-thread-1] INFO  impl.RaftServerImpl (RaftServerImpl.java:setRole(171)) - 2d50b591-d6e4-490f-9fa0-973ad5423bd7:group-D125D9984686 changes role from null to FOLLOWER at term 0 for startAsFollower
2019-09-12 10:31:31,550 [pool-134-thread-1] INFO  impl.RoleInfo (RoleInfo.java:updateAndGet(143)) - 2d50b591-d6e4-490f-9fa0-973ad5423bd7: start FollowerState
2019-09-12 10:31:31,551 [pool-134-thread-1] INFO  util.JmxRegister (JmxRegister.java:tryRegister(44)) - Successfully registered JMX Bean with object name Ratis:service=RaftServer,group=group-D125D9984686,id=2d50b591-d6e4-490f-9fa0-973ad5423bd7
2019-09-12 10:31:31,554 [RatisPipelineUtilsThread] INFO  pipeline.PipelineStateManager (PipelineStateManager.java:addPipeline(56)) - Created pipeline Pipeline[ Id: e10c754a-b81d-479e-a6df-d125d9984686, Nodes: 2d50b591-d6e4-490f-9fa0-973ad5423bd7{ip: 192.168.36.114, host: pr-hdds-1569-58hkm-1881083799, networkLocation: /default-rack, certSerialId: null}, Type:RATIS, Factor:ONE, State:OPEN]
2019-09-12 10:31:31,554 [RatisPipelineUtilsThread] ERROR pipeline.PipelinePlacementPolicy (PipelinePlacementPolicy.java:meetCriteria(92)) - Pipeline Placement: Doesn't meet the criteria to be viable node. Heaviness: 6
2019-09-12 10:31:31,561 [grpc-default-executor-0] INFO  impl.RaftServerProxy (RaftServerProxy.java:addNew(89)) - 2d50b591-d6e4-490f-9fa0-973ad5423bd7: addNew group-8CBDDA6CC588:[2d50b591-d6e4-490f-9fa0-973ad5423bd7:192.168.36.114:39042] returns group-8CBDDA6CC588:java.util.concurrent.CompletableFuture@44a85f2e[Not completed]
2019-09-12 10:31:31,563 [pool-134-thread-1] INFO  impl.RaftServerImpl (RaftServerImpl.java:<init>(93)) - 2d50b591-d6e4-490f-9fa0-973ad5423bd7: new RaftServerImpl for group-8CBDDA6CC588:[2d50b591-d6e4-490f-9fa0-973ad5423bd7:192.168.36.114:39042] with ContainerStateMachine:uninitialized
2019-09-12 10:31:31,563 [pool-134-thread-1] INFO  server.RaftServerConfigKeys (ConfUtils.java:logGet(43)) - raft.server.rpc.timeout.min = 5s (custom)
2019-09-12 10:31:31,563 [pool-134-thread-1] INFO  server.RaftServerConfigKeys (ConfUtils.java:logGet(43)) - raft.server.rpc.timeout.max = 5200ms (custom)
2019-09-12 10:31:31,563 [pool-134-thread-1] INFO  server.RaftServerConfigKeys (ConfUtils.java:logGet(43)) - raft.server.rpcslowness.timeout = 120s (custom)
2019-09-12 10:31:31,564 [pool-134-thread-1] INFO  server.RaftServerConfigKeys (ConfUtils.java:logGet(43)) - raft.server.sleep.deviation.threshold = 300 (default)
2019-09-12 10:31:31,564 [pool-134-thread-1] INFO  server.RaftServerConfigKeys (ConfUtils.java:logGet(43)) - raft.server.log.appender.install.snapshot.enabled = false (custom)
2019-09-12 10:31:31,564 [pool-134-thread-1] INFO  impl.RaftServerImpl (ServerState.java:<init>(105)) - 2d50b591-d6e4-490f-9fa0-973ad5423bd7:group-8CBDDA6CC588 ConfigurationManager, init=-1: [2d50b591-d6e4-490f-9fa0-973ad5423bd7:192.168.36.114:39042], old=null, confs=<EMPTY_MAP>
2019-09-12 10:31:31,564 [pool-134-thread-1] INFO  server.RaftServerConfigKeys (ConfUtils.java:logGet(43)) - raft.server.storage.dir = [/workdir/hadoop-ozone/integration-test/target/test-dir/MiniOzoneClusterImpl-87a68f7a-76d1-4e01-bf62-4b4b582b7243/datanode-1/data/ratis] (custom)
2019-09-12 10:31:31,564 [pool-134-thread-1] INFO  storage.RaftStorageDirectory (RaftStorageDirectory.java:analyzeStorage(246)) - The storage directory /workdir/hadoop-ozone/integration-test/target/test-dir/MiniOzoneClusterImpl-87a68f7a-76d1-4e01-bf62-4b4b582b7243/datanode-1/data/ratis/432067df-4084-4471-b717-8cbdda6cc588 does not exist. Creating ...
2019-09-12 10:31:31,577 [pool-134-thread-1] INFO  storage.RaftStorageDirectory (RaftStorageDirectory.java:tryLock(328)) - Lock on /workdir/hadoop-ozone/integration-test/target/test-dir/MiniOzoneClusterImpl-87a68f7a-76d1-4e01-bf62-4b4b582b7243/datanode-1/data/ratis/432067df-4084-4471-b717-8cbdda6cc588/in_use.lock acquired by nodename 1396@pr-hdds-1569-58hkm-1881083799
2019-09-12 10:31:31,590 [pool-134-thread-1] INFO  storage.RaftStorage (RaftStorage.java:format(72)) - Storage directory /workdir/hadoop-ozone/integration-test/target/test-dir/MiniOzoneClusterImpl-87a68f7a-76d1-4e01-bf62-4b4b582b7243/datanode-1/data/ratis/432067df-4084-4471-b717-8cbdda6cc588 has been successfully formatted.
2019-09-12 10:31:31,590 [pool-134-thread-1] INFO  ratis.ContainerStateMachine (ContainerStateMachine.java:loadSnapshot(226)) - group-8CBDDA6CC588: The snapshot info is null. Setting the last applied indexto:(t:0, i:~)
2019-09-12 10:31:31,591 [pool-134-thread-1] INFO  server.RaftServerConfigKeys (ConfUtils.java:logGet(43)) - raft.server.leader.election.timeout = 120s (custom)
2019-09-12 10:31:31,591 [pool-134-thread-1] INFO  server.RaftServerConfigKeys (ConfUtils.java:logGet(43)) - raft.server.log.use.memory = false (default)
2019-09-12 10:31:31,591 [pool-134-thread-1] INFO  server.RaftServerConfigKeys (ConfUtils.java:logGet(43)) - raft.server.log.purge.gap = 1000000 (custom)
2019-09-12 10:31:31,591 [pool-134-thread-1] INFO  server.RaftServerConfigKeys (ConfUtils.java:logGet(43)) - raft.server.log.appender.buffer.byte-limit = 33554432 (custom)
2019-09-12 10:31:31,591 [pool-134-thread-1] INFO  server.RaftServerConfigKeys (ConfUtils.java:logGet(43)) - raft.server.log.segment.size.max = 1048576 (custom)
2019-09-12 10:31:31,591 [pool-134-thread-1] INFO  server.RaftServerConfigKeys (ConfUtils.java:logGet(43)) - raft.server.log.segment.cache.num.max = 2 (custom)
2019-09-12 10:31:31,592 [pool-134-thread-1] INFO  segmented.SegmentedRaftLogWorker (SegmentedRaftLogWorker.java:<init>(172)) - new 2d50b591-d6e4-490f-9fa0-973ad5423bd7-SegmentedRaftLogWorker:Storage Directory /workdir/hadoop-ozone/integration-test/target/test-dir/MiniOzoneClusterImpl-87a68f7a-76d1-4e01-bf62-4b4b582b7243/datanode-1/data/ratis/432067df-4084-4471-b717-8cbdda6cc588 for RaftStorage:Storage Directory /workdir/hadoop-ozone/integration-test/target/test-dir/MiniOzoneClusterImpl-87a68f7a-76d1-4e01-bf62-4b4b582b7243/datanode-1/data/ratis/432067df-4084-4471-b717-8cbdda6cc588
2019-09-12 10:31:31,592 [pool-134-thread-1] INFO  server.RaftServerConfigKeys (ConfUtils.java:logGet(43)) - raft.server.log.queue.byte-limit = 2147483647 (custom)
2019-09-12 10:31:31,592 [pool-134-thread-1] INFO  server.RaftServerConfigKeys (ConfUtils.java:logGet(43)) - raft.server.log.queue.element-limit = 1024 (custom)
2019-09-12 10:31:31,592 [pool-134-thread-1] INFO  server.RaftServerConfigKeys (ConfUtils.java:logGet(43)) - raft.server.log.segment.size.max = 1048576 (custom)
2019-09-12 10:31:31,592 [pool-134-thread-1] INFO  server.RaftServerConfigKeys (ConfUtils.java:logGet(43)) - raft.server.log.preallocated.size = 16384 (custom)
2019-09-12 10:31:31,592 [pool-134-thread-1] INFO  server.RaftServerConfigKeys (ConfUtils.java:logGet(43)) - raft.server.log.write.buffer.size = 33554432 (custom)
2019-09-12 10:31:31,592 [pool-134-thread-1] INFO  server.RaftServerConfigKeys (ConfUtils.java:logGet(43)) - raft.server.log.force.sync.num = 128 (default)
2019-09-12 10:31:31,592 [pool-134-thread-1] INFO  server.RaftServerConfigKeys (ConfUtils.java:logGet(43)) - raft.server.log.statemachine.data.sync = true (default)
2019-09-12 10:31:31,593 [pool-134-thread-1] INFO  server.RaftServerConfigKeys (ConfUtils.java:logGet(43)) - raft.server.log.statemachine.data.sync.timeout = 10s (default)
2019-09-12 10:31:31,593 [pool-134-thread-1] INFO  server.RaftServerConfigKeys (ConfUtils.java:logGet(43)) - raft.server.log.statemachine.data.sync.timeout.retry = -1 (default)
2019-09-12 10:31:31,593 [pool-134-thread-1] INFO  server.RaftServerConfigKeys (ConfUtils.java:logGet(43)) - raft.server.log.statemachine.data.caching.enabled = true (custom)
2019-09-12 10:31:31,593 [pool-134-thread-1] INFO  segmented.SegmentedRaftLogWorker (SegmentedRaftLogWorker.java:lambda$new$0(132)) - 2d50b591-d6e4-490f-9fa0-973ad5423bd7-SegmentedRaftLogWorker:Storage Directory /workdir/hadoop-ozone/integration-test/target/test-dir/MiniOzoneClusterImpl-87a68f7a-76d1-4e01-bf62-4b4b582b7243/datanode-1/data/ratis/432067df-4084-4471-b717-8cbdda6cc588: flushIndex: setUnconditionally 0 -> -1
2019-09-12 10:31:31,594 [pool-134-thread-1] INFO  server.RaftServerConfigKeys (ConfUtils.java:logGet(43)) - raft.server.snapshot.auto.trigger.enabled = true (custom)
2019-09-12 10:31:31,594 [pool-134-thread-1] INFO  server.RaftServerConfigKeys (ConfUtils.java:logGet(43)) - raft.server.snapshot.auto.trigger.threshold = 10000 (custom)
2019-09-12 10:31:31,594 [pool-134-thread-1] INFO  server.RaftServerConfigKeys (ConfUtils.java:logGet(43)) - raft.server.retrycache.expirytime = 600000ms (custom)
2019-09-12 10:31:31,594 [pool-134-thread-1] INFO  impl.RaftServerImpl (RaftServerImpl.java:start(180)) - 2d50b591-d6e4-490f-9fa0-973ad5423bd7: start group-8CBDDA6CC588
2019-09-12 10:31:31,594 [pool-134-thread-1] INFO  impl.RaftServerImpl (RaftServerImpl.java:setRole(171)) - 2d50b591-d6e4-490f-9fa0-973ad5423bd7:group-8CBDDA6CC588 changes role from null to FOLLOWER at term 0 for startAsFollower
2019-09-12 10:31:31,594 [pool-134-thread-1] INFO  impl.RoleInfo (RoleInfo.java:updateAndGet(143)) - 2d50b591-d6e4-490f-9fa0-973ad5423bd7: start FollowerState
2019-09-12 10:31:31,595 [pool-134-thread-1] INFO  util.JmxRegister (JmxRegister.java:tryRegister(44)) - Successfully registered JMX Bean with object name Ratis:service=RaftServer,group=group-8CBDDA6CC588,id=2d50b591-d6e4-490f-9fa0-973ad5423bd7
2019-09-12 10:31:31,598 [IPC Server handler 3 on 45356] INFO  net.NetworkTopology (NetworkTopologyImpl.java:add(110)) - Added a new node: /default-rack/22ce2f4b-d517-44cf-8041-712d813e08f3
2019-09-12 10:31:31,598 [IPC Server handler 3 on 45356] INFO  node.SCMNodeManager (SCMNodeManager.java:register(273)) - Registered Data node : 22ce2f4b-d517-44cf-8041-712d813e08f3{ip: 192.168.36.114, host: pr-hdds-1569-58hkm-1881083799, networkLocation: /default-rack, certSerialId: null}
2019-09-12 10:31:31,599 [RatisPipelineUtilsThread] INFO  pipeline.PipelineStateManager (PipelineStateManager.java:addPipeline(56)) - Created pipeline Pipeline[ Id: 432067df-4084-4471-b717-8cbdda6cc588, Nodes: 2d50b591-d6e4-490f-9fa0-973ad5423bd7{ip: 192.168.36.114, host: pr-hdds-1569-58hkm-1881083799, networkLocation: /default-rack, certSerialId: null}, Type:RATIS, Factor:ONE, State:OPEN]
2019-09-12 10:31:31,599 | INFO  | SCMAudit | user=jenkins1000 | ip=192.168.36.114 | op=REGISTER {datanodeDetails=22ce2f4b-d517-44cf-8041-712d813e08f3{ip: 192.168.36.114, host: pr-hdds-1569-58hkm-1881083799, networkLocation: /default-rack, certSerialId: null}} | ret=SUCCESS |  
2019-09-12 10:31:31,599 [RatisPipelineUtilsThread] ERROR pipeline.PipelinePlacementPolicy (PipelinePlacementPolicy.java:meetCriteria(92)) - Pipeline Placement: Doesn't meet the criteria to be viable node. Heaviness: 6
2019-09-12 10:31:31,606 [grpc-default-executor-0] INFO  impl.RaftServerProxy (RaftServerProxy.java:addNew(89)) - 2d50b591-d6e4-490f-9fa0-973ad5423bd7: addNew group-937805117B46:[2d50b591-d6e4-490f-9fa0-973ad5423bd7:192.168.36.114:39042] returns group-937805117B46:java.util.concurrent.CompletableFuture@4ea20f99[Not completed]
2019-09-12 10:31:31,608 [pool-134-thread-1] INFO  impl.RaftServerImpl (RaftServerImpl.java:<init>(93)) - 2d50b591-d6e4-490f-9fa0-973ad5423bd7: new RaftServerImpl for group-937805117B46:[2d50b591-d6e4-490f-9fa0-973ad5423bd7:192.168.36.114:39042] with ContainerStateMachine:uninitialized
2019-09-12 10:31:31,608 [pool-134-thread-1] INFO  server.RaftServerConfigKeys (ConfUtils.java:logGet(43)) - raft.server.rpc.timeout.min = 5s (custom)
2019-09-12 10:31:31,608 [pool-134-thread-1] INFO  server.RaftServerConfigKeys (ConfUtils.java:logGet(43)) - raft.server.rpc.timeout.max = 5200ms (custom)
2019-09-12 10:31:31,609 [pool-134-thread-1] INFO  server.RaftServerConfigKeys (ConfUtils.java:logGet(43)) - raft.server.rpcslowness.timeout = 120s (custom)
2019-09-12 10:31:31,609 [pool-134-thread-1] INFO  server.RaftServerConfigKeys (ConfUtils.java:logGet(43)) - raft.server.sleep.deviation.threshold = 300 (default)
2019-09-12 10:31:31,609 [pool-134-thread-1] INFO  server.RaftServerConfigKeys (ConfUtils.java:logGet(43)) - raft.server.log.appender.install.snapshot.enabled = false (custom)
2019-09-12 10:31:31,609 [pool-134-thread-1] INFO  impl.RaftServerImpl (ServerState.java:<init>(105)) - 2d50b591-d6e4-490f-9fa0-973ad5423bd7:group-937805117B46 ConfigurationManager, init=-1: [2d50b591-d6e4-490f-9fa0-973ad5423bd7:192.168.36.114:39042], old=null, confs=<EMPTY_MAP>
2019-09-12 10:31:31,609 [pool-134-thread-1] INFO  server.RaftServerConfigKeys (ConfUtils.java:logGet(43)) - raft.server.storage.dir = [/workdir/hadoop-ozone/integration-test/target/test-dir/MiniOzoneClusterImpl-87a68f7a-76d1-4e01-bf62-4b4b582b7243/datanode-1/data/ratis] (custom)
2019-09-12 10:31:31,609 [pool-134-thread-1] INFO  storage.RaftStorageDirectory (RaftStorageDirectory.java:analyzeStorage(246)) - The storage directory /workdir/hadoop-ozone/integration-test/target/test-dir/MiniOzoneClusterImpl-87a68f7a-76d1-4e01-bf62-4b4b582b7243/datanode-1/data/ratis/bb6289f7-ffcc-4c2e-8b9f-937805117b46 does not exist. Creating ...
2019-09-12 10:31:31,615 [pool-134-thread-1] INFO  storage.RaftStorageDirectory (RaftStorageDirectory.java:tryLock(328)) - Lock on /workdir/hadoop-ozone/integration-test/target/test-dir/MiniOzoneClusterImpl-87a68f7a-76d1-4e01-bf62-4b4b582b7243/datanode-1/data/ratis/bb6289f7-ffcc-4c2e-8b9f-937805117b46/in_use.lock acquired by nodename 1396@pr-hdds-1569-58hkm-1881083799
2019-09-12 10:31:31,629 [pool-134-thread-1] INFO  storage.RaftStorage (RaftStorage.java:format(72)) - Storage directory /workdir/hadoop-ozone/integration-test/target/test-dir/MiniOzoneClusterImpl-87a68f7a-76d1-4e01-bf62-4b4b582b7243/datanode-1/data/ratis/bb6289f7-ffcc-4c2e-8b9f-937805117b46 has been successfully formatted.
2019-09-12 10:31:31,630 [pool-134-thread-1] INFO  ratis.ContainerStateMachine (ContainerStateMachine.java:loadSnapshot(226)) - group-937805117B46: The snapshot info is null. Setting the last applied indexto:(t:0, i:~)
2019-09-12 10:31:31,630 [pool-134-thread-1] INFO  server.RaftServerConfigKeys (ConfUtils.java:logGet(43)) - raft.server.leader.election.timeout = 120s (custom)
2019-09-12 10:31:31,630 [pool-134-thread-1] INFO  server.RaftServerConfigKeys (ConfUtils.java:logGet(43)) - raft.server.log.use.memory = false (default)
2019-09-12 10:31:31,631 [pool-134-thread-1] INFO  server.RaftServerConfigKeys (ConfUtils.java:logGet(43)) - raft.server.log.purge.gap = 1000000 (custom)
2019-09-12 10:31:31,631 [pool-134-thread-1] INFO  server.RaftServerConfigKeys (ConfUtils.java:logGet(43)) - raft.server.log.appender.buffer.byte-limit = 33554432 (custom)
2019-09-12 10:31:31,631 [pool-134-thread-1] INFO  server.RaftServerConfigKeys (ConfUtils.java:logGet(43)) - raft.server.log.segment.size.max = 1048576 (custom)
2019-09-12 10:31:31,631 [pool-134-thread-1] INFO  server.RaftServerConfigKeys (ConfUtils.java:logGet(43)) - raft.server.log.segment.cache.num.max = 2 (custom)
2019-09-12 10:31:31,631 [pool-134-thread-1] INFO  segmented.SegmentedRaftLogWorker (SegmentedRaftLogWorker.java:<init>(172)) - new 2d50b591-d6e4-490f-9fa0-973ad5423bd7-SegmentedRaftLogWorker:Storage Directory /workdir/hadoop-ozone/integration-test/target/test-dir/MiniOzoneClusterImpl-87a68f7a-76d1-4e01-bf62-4b4b582b7243/datanode-1/data/ratis/bb6289f7-ffcc-4c2e-8b9f-937805117b46 for RaftStorage:Storage Directory /workdir/hadoop-ozone/integration-test/target/test-dir/MiniOzoneClusterImpl-87a68f7a-76d1-4e01-bf62-4b4b582b7243/datanode-1/data/ratis/bb6289f7-ffcc-4c2e-8b9f-937805117b46
2019-09-12 10:31:31,631 [pool-134-thread-1] INFO  server.RaftServerConfigKeys (ConfUtils.java:logGet(43)) - raft.server.log.queue.byte-limit = 2147483647 (custom)
2019-09-12 10:31:31,631 [pool-134-thread-1] INFO  server.RaftServerConfigKeys (ConfUtils.java:logGet(43)) - raft.server.log.queue.element-limit = 1024 (custom)
2019-09-12 10:31:31,631 [pool-134-thread-1] INFO  server.RaftServerConfigKeys (ConfUtils.java:logGet(43)) - raft.server.log.segment.size.max = 1048576 (custom)
2019-09-12 10:31:31,632 [pool-134-thread-1] INFO  server.RaftServerConfigKeys (ConfUtils.java:logGet(43)) - raft.server.log.preallocated.size = 16384 (custom)
2019-09-12 10:31:31,632 [pool-134-thread-1] INFO  server.RaftServerConfigKeys (ConfUtils.java:logGet(43)) - raft.server.log.write.buffer.size = 33554432 (custom)
2019-09-12 10:31:31,632 [pool-134-thread-1] INFO  server.RaftServerConfigKeys (ConfUtils.java:logGet(43)) - raft.server.log.force.sync.num = 128 (default)
2019-09-12 10:31:31,632 [pool-134-thread-1] INFO  server.RaftServerConfigKeys (ConfUtils.java:logGet(43)) - raft.server.log.statemachine.data.sync = true (default)
2019-09-12 10:31:31,632 [pool-134-thread-1] INFO  server.RaftServerConfigKeys (ConfUtils.java:logGet(43)) - raft.server.log.statemachine.data.sync.timeout = 10s (default)
2019-09-12 10:31:31,632 [pool-134-thread-1] INFO  server.RaftServerConfigKeys (ConfUtils.java:logGet(43)) - raft.server.log.statemachine.data.sync.timeout.retry = -1 (default)
2019-09-12 10:31:31,632 [pool-134-thread-1] INFO  server.RaftServerConfigKeys (ConfUtils.java:logGet(43)) - raft.server.log.statemachine.data.caching.enabled = true (custom)
2019-09-12 10:31:31,633 [pool-134-thread-1] INFO  segmented.SegmentedRaftLogWorker (SegmentedRaftLogWorker.java:lambda$new$0(132)) - 2d50b591-d6e4-490f-9fa0-973ad5423bd7-SegmentedRaftLogWorker:Storage Directory /workdir/hadoop-ozone/integration-test/target/test-dir/MiniOzoneClusterImpl-87a68f7a-76d1-4e01-bf62-4b4b582b7243/datanode-1/data/ratis/bb6289f7-ffcc-4c2e-8b9f-937805117b46: flushIndex: setUnconditionally 0 -> -1
2019-09-12 10:31:31,633 [pool-134-thread-1] INFO  server.RaftServerConfigKeys (ConfUtils.java:logGet(43)) - raft.server.snapshot.auto.trigger.enabled = true (custom)
2019-09-12 10:31:31,633 [pool-134-thread-1] INFO  server.RaftServerConfigKeys (ConfUtils.java:logGet(43)) - raft.server.snapshot.auto.trigger.threshold = 10000 (custom)
2019-09-12 10:31:31,633 [pool-134-thread-1] INFO  server.RaftServerConfigKeys (ConfUtils.java:logGet(43)) - raft.server.retrycache.expirytime = 600000ms (custom)
2019-09-12 10:31:31,633 [pool-134-thread-1] INFO  impl.RaftServerImpl (RaftServerImpl.java:start(180)) - 2d50b591-d6e4-490f-9fa0-973ad5423bd7: start group-937805117B46
2019-09-12 10:31:31,634 [pool-134-thread-1] INFO  impl.RaftServerImpl (RaftServerImpl.java:setRole(171)) - 2d50b591-d6e4-490f-9fa0-973ad5423bd7:group-937805117B46 changes role from null to FOLLOWER at term 0 for startAsFollower
2019-09-12 10:31:31,634 [pool-134-thread-1] INFO  impl.RoleInfo (RoleInfo.java:updateAndGet(143)) - 2d50b591-d6e4-490f-9fa0-973ad5423bd7: start FollowerState
2019-09-12 10:31:31,634 [pool-134-thread-1] INFO  util.JmxRegister (JmxRegister.java:tryRegister(44)) - Successfully registered JMX Bean with object name Ratis:service=RaftServer,group=group-937805117B46,id=2d50b591-d6e4-490f-9fa0-973ad5423bd7
2019-09-12 10:31:31,637 [RatisPipelineUtilsThread] INFO  pipeline.PipelineStateManager (PipelineStateManager.java:addPipeline(56)) - Created pipeline Pipeline[ Id: bb6289f7-ffcc-4c2e-8b9f-937805117b46, Nodes: 2d50b591-d6e4-490f-9fa0-973ad5423bd7{ip: 192.168.36.114, host: pr-hdds-1569-58hkm-1881083799, networkLocation: /default-rack, certSerialId: null}, Type:RATIS, Factor:ONE, State:OPEN]
2019-09-12 10:31:31,638 [RatisPipelineUtilsThread] ERROR pipeline.PipelinePlacementPolicy (PipelinePlacementPolicy.java:meetCriteria(92)) - Pipeline Placement: Doesn't meet the criteria to be viable node. Heaviness: 6
2019-09-12 10:31:31,645 [grpc-default-executor-0] INFO  impl.RaftServerProxy (RaftServerProxy.java:addNew(89)) - 2d50b591-d6e4-490f-9fa0-973ad5423bd7: addNew group-CBDDFA72419E:[2d50b591-d6e4-490f-9fa0-973ad5423bd7:192.168.36.114:39042] returns group-CBDDFA72419E:java.util.concurrent.CompletableFuture@532a400d[Not completed]
2019-09-12 10:31:31,646 [pool-134-thread-1] INFO  impl.RaftServerImpl (RaftServerImpl.java:<init>(93)) - 2d50b591-d6e4-490f-9fa0-973ad5423bd7: new RaftServerImpl for group-CBDDFA72419E:[2d50b591-d6e4-490f-9fa0-973ad5423bd7:192.168.36.114:39042] with ContainerStateMachine:uninitialized
2019-09-12 10:31:31,646 [pool-134-thread-1] INFO  server.RaftServerConfigKeys (ConfUtils.java:logGet(43)) - raft.server.rpc.timeout.min = 5s (custom)
2019-09-12 10:31:31,646 [pool-134-thread-1] INFO  server.RaftServerConfigKeys (ConfUtils.java:logGet(43)) - raft.server.rpc.timeout.max = 5200ms (custom)
2019-09-12 10:31:31,646 [pool-134-thread-1] INFO  server.RaftServerConfigKeys (ConfUtils.java:logGet(43)) - raft.server.rpcslowness.timeout = 120s (custom)
2019-09-12 10:31:31,647 [pool-134-thread-1] INFO  server.RaftServerConfigKeys (ConfUtils.java:logGet(43)) - raft.server.sleep.deviation.threshold = 300 (default)
2019-09-12 10:31:31,647 [pool-134-thread-1] INFO  server.RaftServerConfigKeys (ConfUtils.java:logGet(43)) - raft.server.log.appender.install.snapshot.enabled = false (custom)
2019-09-12 10:31:31,647 [pool-134-thread-1] INFO  impl.RaftServerImpl (ServerState.java:<init>(105)) - 2d50b591-d6e4-490f-9fa0-973ad5423bd7:group-CBDDFA72419E ConfigurationManager, init=-1: [2d50b591-d6e4-490f-9fa0-973ad5423bd7:192.168.36.114:39042], old=null, confs=<EMPTY_MAP>
2019-09-12 10:31:31,647 [pool-134-thread-1] INFO  server.RaftServerConfigKeys (ConfUtils.java:logGet(43)) - raft.server.storage.dir = [/workdir/hadoop-ozone/integration-test/target/test-dir/MiniOzoneClusterImpl-87a68f7a-76d1-4e01-bf62-4b4b582b7243/datanode-1/data/ratis] (custom)
2019-09-12 10:31:31,647 [pool-134-thread-1] INFO  storage.RaftStorageDirectory (RaftStorageDirectory.java:analyzeStorage(246)) - The storage directory /workdir/hadoop-ozone/integration-test/target/test-dir/MiniOzoneClusterImpl-87a68f7a-76d1-4e01-bf62-4b4b582b7243/datanode-1/data/ratis/8f497bf1-82d0-4580-b424-cbddfa72419e does not exist. Creating ...
2019-09-12 10:31:31,661 | INFO  | SCMAudit | user=jenkins1000 | ip=192.168.36.114 | op=SEND_HEARTBEAT {datanodeUUID=eaeff1e2-de9c-4510-872d-283eb6c3c330, command=[]} | ret=SUCCESS |  
2019-09-12 10:31:31,661 | INFO  | SCMAudit | user=jenkins1000 | ip=192.168.36.114 | op=SEND_HEARTBEAT {datanodeUUID=f17b4253-95a0-4ee6-8ded-88f070f15b33, command=[]} | ret=SUCCESS |  
2019-09-12 10:31:31,661 [pool-134-thread-1] INFO  storage.RaftStorageDirectory (RaftStorageDirectory.java:tryLock(328)) - Lock on /workdir/hadoop-ozone/integration-test/target/test-dir/MiniOzoneClusterImpl-87a68f7a-76d1-4e01-bf62-4b4b582b7243/datanode-1/data/ratis/8f497bf1-82d0-4580-b424-cbddfa72419e/in_use.lock acquired by nodename 1396@pr-hdds-1569-58hkm-1881083799
2019-09-12 10:31:31,674 [pool-134-thread-1] INFO  storage.RaftStorage (RaftStorage.java:format(72)) - Storage directory /workdir/hadoop-ozone/integration-test/target/test-dir/MiniOzoneClusterImpl-87a68f7a-76d1-4e01-bf62-4b4b582b7243/datanode-1/data/ratis/8f497bf1-82d0-4580-b424-cbddfa72419e has been successfully formatted.
2019-09-12 10:31:31,674 [pool-134-thread-1] INFO  ratis.ContainerStateMachine (ContainerStateMachine.java:loadSnapshot(226)) - group-CBDDFA72419E: The snapshot info is null. Setting the last applied indexto:(t:0, i:~)
2019-09-12 10:31:31,675 [pool-134-thread-1] INFO  server.RaftServerConfigKeys (ConfUtils.java:logGet(43)) - raft.server.leader.election.timeout = 120s (custom)
2019-09-12 10:31:31,675 [pool-134-thread-1] INFO  server.RaftServerConfigKeys (ConfUtils.java:logGet(43)) - raft.server.log.use.memory = false (default)
2019-09-12 10:31:31,675 [pool-134-thread-1] INFO  server.RaftServerConfigKeys (ConfUtils.java:logGet(43)) - raft.server.log.purge.gap = 1000000 (custom)
2019-09-12 10:31:31,675 [pool-134-thread-1] INFO  server.RaftServerConfigKeys (ConfUtils.java:logGet(43)) - raft.server.log.appender.buffer.byte-limit = 33554432 (custom)
2019-09-12 10:31:31,675 [pool-134-thread-1] INFO  server.RaftServerConfigKeys (ConfUtils.java:logGet(43)) - raft.server.log.segment.size.max = 1048576 (custom)
2019-09-12 10:31:31,675 [pool-134-thread-1] INFO  server.RaftServerConfigKeys (ConfUtils.java:logGet(43)) - raft.server.log.segment.cache.num.max = 2 (custom)
2019-09-12 10:31:31,675 [pool-134-thread-1] INFO  segmented.SegmentedRaftLogWorker (SegmentedRaftLogWorker.java:<init>(172)) - new 2d50b591-d6e4-490f-9fa0-973ad5423bd7-SegmentedRaftLogWorker:Storage Directory /workdir/hadoop-ozone/integration-test/target/test-dir/MiniOzoneClusterImpl-87a68f7a-76d1-4e01-bf62-4b4b582b7243/datanode-1/data/ratis/8f497bf1-82d0-4580-b424-cbddfa72419e for RaftStorage:Storage Directory /workdir/hadoop-ozone/integration-test/target/test-dir/MiniOzoneClusterImpl-87a68f7a-76d1-4e01-bf62-4b4b582b7243/datanode-1/data/ratis/8f497bf1-82d0-4580-b424-cbddfa72419e
2019-09-12 10:31:31,676 [pool-134-thread-1] INFO  server.RaftServerConfigKeys (ConfUtils.java:logGet(43)) - raft.server.log.queue.byte-limit = 2147483647 (custom)
2019-09-12 10:31:31,676 [pool-134-thread-1] INFO  server.RaftServerConfigKeys (ConfUtils.java:logGet(43)) - raft.server.log.queue.element-limit = 1024 (custom)
2019-09-12 10:31:31,676 [pool-134-thread-1] INFO  server.RaftServerConfigKeys (ConfUtils.java:logGet(43)) - raft.server.log.segment.size.max = 1048576 (custom)
2019-09-12 10:31:31,676 [pool-134-thread-1] INFO  server.RaftServerConfigKeys (ConfUtils.java:logGet(43)) - raft.server.log.preallocated.size = 16384 (custom)
2019-09-12 10:31:31,676 [pool-134-thread-1] INFO  server.RaftServerConfigKeys (ConfUtils.java:logGet(43)) - raft.server.log.write.buffer.size = 33554432 (custom)
2019-09-12 10:31:31,676 [pool-134-thread-1] INFO  server.RaftServerConfigKeys (ConfUtils.java:logGet(43)) - raft.server.log.force.sync.num = 128 (default)
2019-09-12 10:31:31,676 [pool-134-thread-1] INFO  server.RaftServerConfigKeys (ConfUtils.java:logGet(43)) - raft.server.log.statemachine.data.sync = true (default)
2019-09-12 10:31:31,676 [pool-134-thread-1] INFO  server.RaftServerConfigKeys (ConfUtils.java:logGet(43)) - raft.server.log.statemachine.data.sync.timeout = 10s (default)
2019-09-12 10:31:31,677 [pool-134-thread-1] INFO  server.RaftServerConfigKeys (ConfUtils.java:logGet(43)) - raft.server.log.statemachine.data.sync.timeout.retry = -1 (default)
2019-09-12 10:31:31,677 [pool-134-thread-1] INFO  server.RaftServerConfigKeys (ConfUtils.java:logGet(43)) - raft.server.log.statemachine.data.caching.enabled = true (custom)
2019-09-12 10:31:31,677 [pool-134-thread-1] INFO  segmented.SegmentedRaftLogWorker (SegmentedRaftLogWorker.java:lambda$new$0(132)) - 2d50b591-d6e4-490f-9fa0-973ad5423bd7-SegmentedRaftLogWorker:Storage Directory /workdir/hadoop-ozone/integration-test/target/test-dir/MiniOzoneClusterImpl-87a68f7a-76d1-4e01-bf62-4b4b582b7243/datanode-1/data/ratis/8f497bf1-82d0-4580-b424-cbddfa72419e: flushIndex: setUnconditionally 0 -> -1
2019-09-12 10:31:31,677 [pool-134-thread-1] INFO  server.RaftServerConfigKeys (ConfUtils.java:logGet(43)) - raft.server.snapshot.auto.trigger.enabled = true (custom)
2019-09-12 10:31:31,677 [pool-134-thread-1] INFO  server.RaftServerConfigKeys (ConfUtils.java:logGet(43)) - raft.server.snapshot.auto.trigger.threshold = 10000 (custom)
2019-09-12 10:31:31,678 [pool-134-thread-1] INFO  server.RaftServerConfigKeys (ConfUtils.java:logGet(43)) - raft.server.retrycache.expirytime = 600000ms (custom)
2019-09-12 10:31:31,678 [pool-134-thread-1] INFO  impl.RaftServerImpl (RaftServerImpl.java:start(180)) - 2d50b591-d6e4-490f-9fa0-973ad5423bd7: start group-CBDDFA72419E
2019-09-12 10:31:31,678 [pool-134-thread-1] INFO  impl.RaftServerImpl (RaftServerImpl.java:setRole(171)) - 2d50b591-d6e4-490f-9fa0-973ad5423bd7:group-CBDDFA72419E changes role from null to FOLLOWER at term 0 for startAsFollower
2019-09-12 10:31:31,678 [pool-134-thread-1] INFO  impl.RoleInfo (RoleInfo.java:updateAndGet(143)) - 2d50b591-d6e4-490f-9fa0-973ad5423bd7: start FollowerState
2019-09-12 10:31:31,678 [pool-134-thread-1] INFO  util.JmxRegister (JmxRegister.java:tryRegister(44)) - Successfully registered JMX Bean with object name Ratis:service=RaftServer,group=group-CBDDFA72419E,id=2d50b591-d6e4-490f-9fa0-973ad5423bd7
2019-09-12 10:31:31,682 [RatisPipelineUtilsThread] INFO  pipeline.PipelineStateManager (PipelineStateManager.java:addPipeline(56)) - Created pipeline Pipeline[ Id: 8f497bf1-82d0-4580-b424-cbddfa72419e, Nodes: 2d50b591-d6e4-490f-9fa0-973ad5423bd7{ip: 192.168.36.114, host: pr-hdds-1569-58hkm-1881083799, networkLocation: /default-rack, certSerialId: null}, Type:RATIS, Factor:ONE, State:OPEN]
2019-09-12 10:31:31,682 [RatisPipelineUtilsThread] ERROR pipeline.PipelinePlacementPolicy (PipelinePlacementPolicy.java:meetCriteria(92)) - Pipeline Placement: Doesn't meet the criteria to be viable node. Heaviness: 6
2019-09-12 10:31:31,682 [RatisPipelineUtilsThread] ERROR pipeline.PipelinePlacementPolicy (PipelinePlacementPolicy.java:meetCriteria(92)) - Pipeline Placement: Doesn't meet the criteria to be viable node. Heaviness: 6
2019-09-12 10:31:31,695 [grpc-default-executor-0] INFO  impl.RaftServerProxy (RaftServerProxy.java:addNew(89)) - 22ce2f4b-d517-44cf-8041-712d813e08f3: addNew group-417FD47380DB:[22ce2f4b-d517-44cf-8041-712d813e08f3:192.168.36.114:40208] returns group-417FD47380DB:java.util.concurrent.CompletableFuture@55ca1165[Not completed]
2019-09-12 10:31:31,698 [pool-145-thread-1] INFO  impl.RaftServerImpl (RaftServerImpl.java:<init>(93)) - 22ce2f4b-d517-44cf-8041-712d813e08f3: new RaftServerImpl for group-417FD47380DB:[22ce2f4b-d517-44cf-8041-712d813e08f3:192.168.36.114:40208] with ContainerStateMachine:uninitialized
2019-09-12 10:31:31,698 [pool-145-thread-1] INFO  server.RaftServerConfigKeys (ConfUtils.java:logGet(43)) - raft.server.rpc.timeout.min = 5s (custom)
2019-09-12 10:31:31,698 [pool-145-thread-1] INFO  server.RaftServerConfigKeys (ConfUtils.java:logGet(43)) - raft.server.rpc.timeout.max = 5200ms (custom)
2019-09-12 10:31:31,698 [pool-145-thread-1] INFO  server.RaftServerConfigKeys (ConfUtils.java:logGet(43)) - raft.server.rpcslowness.timeout = 120s (custom)
2019-09-12 10:31:31,699 [pool-145-thread-1] INFO  server.RaftServerConfigKeys (ConfUtils.java:logGet(43)) - raft.server.sleep.deviation.threshold = 300 (default)
2019-09-12 10:31:31,699 [pool-145-thread-1] INFO  server.RaftServerConfigKeys (ConfUtils.java:logGet(43)) - raft.server.log.appender.install.snapshot.enabled = false (custom)
2019-09-12 10:31:31,699 [pool-145-thread-1] INFO  impl.RaftServerImpl (ServerState.java:<init>(105)) - 22ce2f4b-d517-44cf-8041-712d813e08f3:group-417FD47380DB ConfigurationManager, init=-1: [22ce2f4b-d517-44cf-8041-712d813e08f3:192.168.36.114:40208], old=null, confs=<EMPTY_MAP>
2019-09-12 10:31:31,699 [pool-145-thread-1] INFO  server.RaftServerConfigKeys (ConfUtils.java:logGet(43)) - raft.server.storage.dir = [/workdir/hadoop-ozone/integration-test/target/test-dir/MiniOzoneClusterImpl-87a68f7a-76d1-4e01-bf62-4b4b582b7243/datanode-2/data/ratis] (custom)
2019-09-12 10:31:31,700 [pool-145-thread-1] INFO  storage.RaftStorageDirectory (RaftStorageDirectory.java:analyzeStorage(246)) - The storage directory /workdir/hadoop-ozone/integration-test/target/test-dir/MiniOzoneClusterImpl-87a68f7a-76d1-4e01-bf62-4b4b582b7243/datanode-2/data/ratis/c538b148-9fb1-44a8-ad96-417fd47380db does not exist. Creating ...
2019-09-12 10:31:31,712 [pool-145-thread-1] INFO  storage.RaftStorageDirectory (RaftStorageDirectory.java:tryLock(328)) - Lock on /workdir/hadoop-ozone/integration-test/target/test-dir/MiniOzoneClusterImpl-87a68f7a-76d1-4e01-bf62-4b4b582b7243/datanode-2/data/ratis/c538b148-9fb1-44a8-ad96-417fd47380db/in_use.lock acquired by nodename 1396@pr-hdds-1569-58hkm-1881083799
2019-09-12 10:31:31,725 [pool-145-thread-1] INFO  storage.RaftStorage (RaftStorage.java:format(72)) - Storage directory /workdir/hadoop-ozone/integration-test/target/test-dir/MiniOzoneClusterImpl-87a68f7a-76d1-4e01-bf62-4b4b582b7243/datanode-2/data/ratis/c538b148-9fb1-44a8-ad96-417fd47380db has been successfully formatted.
2019-09-12 10:31:31,725 [pool-145-thread-1] INFO  ratis.ContainerStateMachine (ContainerStateMachine.java:loadSnapshot(226)) - group-417FD47380DB: The snapshot info is null. Setting the last applied indexto:(t:0, i:~)
2019-09-12 10:31:31,726 [pool-145-thread-1] INFO  server.RaftServerConfigKeys (ConfUtils.java:logGet(43)) - raft.server.leader.election.timeout = 120s (custom)
2019-09-12 10:31:31,726 [pool-145-thread-1] INFO  server.RaftServerConfigKeys (ConfUtils.java:logGet(43)) - raft.server.log.use.memory = false (default)
2019-09-12 10:31:31,726 [pool-145-thread-1] INFO  server.RaftServerConfigKeys (ConfUtils.java:logGet(43)) - raft.server.log.purge.gap = 1000000 (custom)
2019-09-12 10:31:31,726 [pool-145-thread-1] INFO  server.RaftServerConfigKeys (ConfUtils.java:logGet(43)) - raft.server.log.appender.buffer.byte-limit = 33554432 (custom)
2019-09-12 10:31:31,726 [pool-145-thread-1] INFO  server.RaftServerConfigKeys (ConfUtils.java:logGet(43)) - raft.server.log.segment.size.max = 1048576 (custom)
2019-09-12 10:31:31,727 [pool-145-thread-1] INFO  server.RaftServerConfigKeys (ConfUtils.java:logGet(43)) - raft.server.log.segment.cache.num.max = 2 (custom)
2019-09-12 10:31:31,727 [pool-145-thread-1] INFO  segmented.SegmentedRaftLogWorker (SegmentedRaftLogWorker.java:<init>(172)) - new 22ce2f4b-d517-44cf-8041-712d813e08f3-SegmentedRaftLogWorker:Storage Directory /workdir/hadoop-ozone/integration-test/target/test-dir/MiniOzoneClusterImpl-87a68f7a-76d1-4e01-bf62-4b4b582b7243/datanode-2/data/ratis/c538b148-9fb1-44a8-ad96-417fd47380db for RaftStorage:Storage Directory /workdir/hadoop-ozone/integration-test/target/test-dir/MiniOzoneClusterImpl-87a68f7a-76d1-4e01-bf62-4b4b582b7243/datanode-2/data/ratis/c538b148-9fb1-44a8-ad96-417fd47380db
2019-09-12 10:31:31,727 [pool-145-thread-1] INFO  server.RaftServerConfigKeys (ConfUtils.java:logGet(43)) - raft.server.log.queue.byte-limit = 2147483647 (custom)
2019-09-12 10:31:31,727 [pool-145-thread-1] INFO  server.RaftServerConfigKeys (ConfUtils.java:logGet(43)) - raft.server.log.queue.element-limit = 1024 (custom)
2019-09-12 10:31:31,728 [pool-145-thread-1] INFO  server.RaftServerConfigKeys (ConfUtils.java:logGet(43)) - raft.server.log.segment.size.max = 1048576 (custom)
2019-09-12 10:31:31,728 [pool-145-thread-1] INFO  server.RaftServerConfigKeys (ConfUtils.java:logGet(43)) - raft.server.log.preallocated.size = 16384 (custom)
2019-09-12 10:31:31,728 [pool-145-thread-1] INFO  server.RaftServerConfigKeys (ConfUtils.java:logGet(43)) - raft.server.log.write.buffer.size = 33554432 (custom)
2019-09-12 10:31:31,728 [pool-145-thread-1] INFO  server.RaftServerConfigKeys (ConfUtils.java:logGet(43)) - raft.server.log.force.sync.num = 128 (default)
2019-09-12 10:31:31,729 [pool-145-thread-1] INFO  server.RaftServerConfigKeys (ConfUtils.java:logGet(43)) - raft.server.log.statemachine.data.sync = true (default)
2019-09-12 10:31:31,729 [pool-145-thread-1] INFO  server.RaftServerConfigKeys (ConfUtils.java:logGet(43)) - raft.server.log.statemachine.data.sync.timeout = 10s (default)
2019-09-12 10:31:31,729 [pool-145-thread-1] INFO  server.RaftServerConfigKeys (ConfUtils.java:logGet(43)) - raft.server.log.statemachine.data.sync.timeout.retry = -1 (default)
2019-09-12 10:31:31,729 [pool-145-thread-1] INFO  server.RaftServerConfigKeys (ConfUtils.java:logGet(43)) - raft.server.log.statemachine.data.caching.enabled = true (custom)
2019-09-12 10:31:31,730 [pool-145-thread-1] INFO  segmented.SegmentedRaftLogWorker (SegmentedRaftLogWorker.java:lambda$new$0(132)) - 22ce2f4b-d517-44cf-8041-712d813e08f3-SegmentedRaftLogWorker:Storage Directory /workdir/hadoop-ozone/integration-test/target/test-dir/MiniOzoneClusterImpl-87a68f7a-76d1-4e01-bf62-4b4b582b7243/datanode-2/data/ratis/c538b148-9fb1-44a8-ad96-417fd47380db: flushIndex: setUnconditionally 0 -> -1
2019-09-12 10:31:31,730 [pool-145-thread-1] INFO  server.RaftServerConfigKeys (ConfUtils.java:logGet(43)) - raft.server.snapshot.auto.trigger.enabled = true (custom)
2019-09-12 10:31:31,730 [pool-145-thread-1] INFO  server.RaftServerConfigKeys (ConfUtils.java:logGet(43)) - raft.server.snapshot.auto.trigger.threshold = 10000 (custom)
2019-09-12 10:31:31,731 [pool-145-thread-1] INFO  server.RaftServerConfigKeys (ConfUtils.java:logGet(43)) - raft.server.retrycache.expirytime = 600000ms (custom)
2019-09-12 10:31:31,731 [pool-145-thread-1] INFO  impl.RaftServerImpl (RaftServerImpl.java:start(180)) - 22ce2f4b-d517-44cf-8041-712d813e08f3: start group-417FD47380DB
2019-09-12 10:31:31,731 [pool-145-thread-1] INFO  impl.RaftServerImpl (RaftServerImpl.java:setRole(171)) - 22ce2f4b-d517-44cf-8041-712d813e08f3:group-417FD47380DB changes role from null to FOLLOWER at term 0 for startAsFollower
2019-09-12 10:31:31,731 [pool-145-thread-1] INFO  impl.RoleInfo (RoleInfo.java:updateAndGet(143)) - 22ce2f4b-d517-44cf-8041-712d813e08f3: start FollowerState
2019-09-12 10:31:31,732 [pool-145-thread-1] INFO  util.JmxRegister (JmxRegister.java:tryRegister(44)) - Successfully registered JMX Bean with object name Ratis:service=RaftServer,group=group-417FD47380DB,id=22ce2f4b-d517-44cf-8041-712d813e08f3
2019-09-12 10:31:31,735 [RatisPipelineUtilsThread] INFO  pipeline.PipelineStateManager (PipelineStateManager.java:addPipeline(56)) - Created pipeline Pipeline[ Id: c538b148-9fb1-44a8-ad96-417fd47380db, Nodes: 22ce2f4b-d517-44cf-8041-712d813e08f3{ip: 192.168.36.114, host: pr-hdds-1569-58hkm-1881083799, networkLocation: /default-rack, certSerialId: null}, Type:RATIS, Factor:ONE, State:OPEN]
2019-09-12 10:31:31,736 [RatisPipelineUtilsThread] ERROR pipeline.PipelinePlacementPolicy (PipelinePlacementPolicy.java:meetCriteria(92)) - Pipeline Placement: Doesn't meet the criteria to be viable node. Heaviness: 6
2019-09-12 10:31:31,736 [RatisPipelineUtilsThread] ERROR pipeline.PipelinePlacementPolicy (PipelinePlacementPolicy.java:meetCriteria(92)) - Pipeline Placement: Doesn't meet the criteria to be viable node. Heaviness: 6
2019-09-12 10:31:31,743 [grpc-default-executor-0] INFO  impl.RaftServerProxy (RaftServerProxy.java:addNew(89)) - 22ce2f4b-d517-44cf-8041-712d813e08f3: addNew group-5B8A0F1FDF05:[22ce2f4b-d517-44cf-8041-712d813e08f3:192.168.36.114:40208] returns group-5B8A0F1FDF05:java.util.concurrent.CompletableFuture@14b0d556[Not completed]
2019-09-12 10:31:31,745 [pool-145-thread-1] INFO  impl.RaftServerImpl (RaftServerImpl.java:<init>(93)) - 22ce2f4b-d517-44cf-8041-712d813e08f3: new RaftServerImpl for group-5B8A0F1FDF05:[22ce2f4b-d517-44cf-8041-712d813e08f3:192.168.36.114:40208] with ContainerStateMachine:uninitialized
2019-09-12 10:31:31,745 [pool-145-thread-1] INFO  server.RaftServerConfigKeys (ConfUtils.java:logGet(43)) - raft.server.rpc.timeout.min = 5s (custom)
2019-09-12 10:31:31,746 [pool-145-thread-1] INFO  server.RaftServerConfigKeys (ConfUtils.java:logGet(43)) - raft.server.rpc.timeout.max = 5200ms (custom)
2019-09-12 10:31:31,746 [pool-145-thread-1] INFO  server.RaftServerConfigKeys (ConfUtils.java:logGet(43)) - raft.server.rpcslowness.timeout = 120s (custom)
2019-09-12 10:31:31,746 [pool-145-thread-1] INFO  server.RaftServerConfigKeys (ConfUtils.java:logGet(43)) - raft.server.sleep.deviation.threshold = 300 (default)
2019-09-12 10:31:31,746 [pool-145-thread-1] INFO  server.RaftServerConfigKeys (ConfUtils.java:logGet(43)) - raft.server.log.appender.install.snapshot.enabled = false (custom)
2019-09-12 10:31:31,746 [pool-145-thread-1] INFO  impl.RaftServerImpl (ServerState.java:<init>(105)) - 22ce2f4b-d517-44cf-8041-712d813e08f3:group-5B8A0F1FDF05 ConfigurationManager, init=-1: [22ce2f4b-d517-44cf-8041-712d813e08f3:192.168.36.114:40208], old=null, confs=<EMPTY_MAP>
2019-09-12 10:31:31,747 [pool-145-thread-1] INFO  server.RaftServerConfigKeys (ConfUtils.java:logGet(43)) - raft.server.storage.dir = [/workdir/hadoop-ozone/integration-test/target/test-dir/MiniOzoneClusterImpl-87a68f7a-76d1-4e01-bf62-4b4b582b7243/datanode-2/data/ratis] (custom)
2019-09-12 10:31:31,747 [pool-145-thread-1] INFO  storage.RaftStorageDirectory (RaftStorageDirectory.java:analyzeStorage(246)) - The storage directory /workdir/hadoop-ozone/integration-test/target/test-dir/MiniOzoneClusterImpl-87a68f7a-76d1-4e01-bf62-4b4b582b7243/datanode-2/data/ratis/cb1ea9d6-43f3-4b6a-9534-5b8a0f1fdf05 does not exist. Creating ...
2019-09-12 10:31:31,760 [pool-145-thread-1] INFO  storage.RaftStorageDirectory (RaftStorageDirectory.java:tryLock(328)) - Lock on /workdir/hadoop-ozone/integration-test/target/test-dir/MiniOzoneClusterImpl-87a68f7a-76d1-4e01-bf62-4b4b582b7243/datanode-2/data/ratis/cb1ea9d6-43f3-4b6a-9534-5b8a0f1fdf05/in_use.lock acquired by nodename 1396@pr-hdds-1569-58hkm-1881083799
2019-09-12 10:31:31,772 [pool-145-thread-1] INFO  storage.RaftStorage (RaftStorage.java:format(72)) - Storage directory /workdir/hadoop-ozone/integration-test/target/test-dir/MiniOzoneClusterImpl-87a68f7a-76d1-4e01-bf62-4b4b582b7243/datanode-2/data/ratis/cb1ea9d6-43f3-4b6a-9534-5b8a0f1fdf05 has been successfully formatted.
2019-09-12 10:31:31,773 [pool-145-thread-1] INFO  ratis.ContainerStateMachine (ContainerStateMachine.java:loadSnapshot(226)) - group-5B8A0F1FDF05: The snapshot info is null. Setting the last applied indexto:(t:0, i:~)
2019-09-12 10:31:31,773 [pool-145-thread-1] INFO  server.RaftServerConfigKeys (ConfUtils.java:logGet(43)) - raft.server.leader.election.timeout = 120s (custom)
2019-09-12 10:31:31,773 [pool-145-thread-1] INFO  server.RaftServerConfigKeys (ConfUtils.java:logGet(43)) - raft.server.log.use.memory = false (default)
2019-09-12 10:31:31,773 [pool-145-thread-1] INFO  server.RaftServerConfigKeys (ConfUtils.java:logGet(43)) - raft.server.log.purge.gap = 1000000 (custom)
2019-09-12 10:31:31,773 [pool-145-thread-1] INFO  server.RaftServerConfigKeys (ConfUtils.java:logGet(43)) - raft.server.log.appender.buffer.byte-limit = 33554432 (custom)
2019-09-12 10:31:31,774 [pool-145-thread-1] INFO  server.RaftServerConfigKeys (ConfUtils.java:logGet(43)) - raft.server.log.segment.size.max = 1048576 (custom)
2019-09-12 10:31:31,774 [pool-145-thread-1] INFO  server.RaftServerConfigKeys (ConfUtils.java:logGet(43)) - raft.server.log.segment.cache.num.max = 2 (custom)
2019-09-12 10:31:31,774 [pool-145-thread-1] INFO  segmented.SegmentedRaftLogWorker (SegmentedRaftLogWorker.java:<init>(172)) - new 22ce2f4b-d517-44cf-8041-712d813e08f3-SegmentedRaftLogWorker:Storage Directory /workdir/hadoop-ozone/integration-test/target/test-dir/MiniOzoneClusterImpl-87a68f7a-76d1-4e01-bf62-4b4b582b7243/datanode-2/data/ratis/cb1ea9d6-43f3-4b6a-9534-5b8a0f1fdf05 for RaftStorage:Storage Directory /workdir/hadoop-ozone/integration-test/target/test-dir/MiniOzoneClusterImpl-87a68f7a-76d1-4e01-bf62-4b4b582b7243/datanode-2/data/ratis/cb1ea9d6-43f3-4b6a-9534-5b8a0f1fdf05
2019-09-12 10:31:31,774 [pool-145-thread-1] INFO  server.RaftServerConfigKeys (ConfUtils.java:logGet(43)) - raft.server.log.queue.byte-limit = 2147483647 (custom)
2019-09-12 10:31:31,774 [pool-145-thread-1] INFO  server.RaftServerConfigKeys (ConfUtils.java:logGet(43)) - raft.server.log.queue.element-limit = 1024 (custom)
2019-09-12 10:31:31,775 [pool-145-thread-1] INFO  server.RaftServerConfigKeys (ConfUtils.java:logGet(43)) - raft.server.log.segment.size.max = 1048576 (custom)
2019-09-12 10:31:31,775 [pool-145-thread-1] INFO  server.RaftServerConfigKeys (ConfUtils.java:logGet(43)) - raft.server.log.preallocated.size = 16384 (custom)
2019-09-12 10:31:31,775 [pool-145-thread-1] INFO  server.RaftServerConfigKeys (ConfUtils.java:logGet(43)) - raft.server.log.write.buffer.size = 33554432 (custom)
2019-09-12 10:31:31,775 [pool-145-thread-1] INFO  server.RaftServerConfigKeys (ConfUtils.java:logGet(43)) - raft.server.log.force.sync.num = 128 (default)
2019-09-12 10:31:31,775 [pool-145-thread-1] INFO  server.RaftServerConfigKeys (ConfUtils.java:logGet(43)) - raft.server.log.statemachine.data.sync = true (default)
2019-09-12 10:31:31,775 [pool-145-thread-1] INFO  server.RaftServerConfigKeys (ConfUtils.java:logGet(43)) - raft.server.log.statemachine.data.sync.timeout = 10s (default)
2019-09-12 10:31:31,776 [pool-145-thread-1] INFO  server.RaftServerConfigKeys (ConfUtils.java:logGet(43)) - raft.server.log.statemachine.data.sync.timeout.retry = -1 (default)
2019-09-12 10:31:31,776 [pool-145-thread-1] INFO  server.RaftServerConfigKeys (ConfUtils.java:logGet(43)) - raft.server.log.statemachine.data.caching.enabled = true (custom)
2019-09-12 10:31:31,776 [pool-145-thread-1] INFO  segmented.SegmentedRaftLogWorker (SegmentedRaftLogWorker.java:lambda$new$0(132)) - 22ce2f4b-d517-44cf-8041-712d813e08f3-SegmentedRaftLogWorker:Storage Directory /workdir/hadoop-ozone/integration-test/target/test-dir/MiniOzoneClusterImpl-87a68f7a-76d1-4e01-bf62-4b4b582b7243/datanode-2/data/ratis/cb1ea9d6-43f3-4b6a-9534-5b8a0f1fdf05: flushIndex: setUnconditionally 0 -> -1
2019-09-12 10:31:31,777 [pool-145-thread-1] INFO  server.RaftServerConfigKeys (ConfUtils.java:logGet(43)) - raft.server.snapshot.auto.trigger.enabled = true (custom)
2019-09-12 10:31:31,777 [pool-145-thread-1] INFO  server.RaftServerConfigKeys (ConfUtils.java:logGet(43)) - raft.server.snapshot.auto.trigger.threshold = 10000 (custom)
2019-09-12 10:31:31,777 [pool-145-thread-1] INFO  server.RaftServerConfigKeys (ConfUtils.java:logGet(43)) - raft.server.retrycache.expirytime = 600000ms (custom)
2019-09-12 10:31:31,777 [pool-145-thread-1] INFO  impl.RaftServerImpl (RaftServerImpl.java:start(180)) - 22ce2f4b-d517-44cf-8041-712d813e08f3: start group-5B8A0F1FDF05
2019-09-12 10:31:31,777 [pool-145-thread-1] INFO  impl.RaftServerImpl (RaftServerImpl.java:setRole(171)) - 22ce2f4b-d517-44cf-8041-712d813e08f3:group-5B8A0F1FDF05 changes role from null to FOLLOWER at term 0 for startAsFollower
2019-09-12 10:31:31,778 [pool-145-thread-1] INFO  impl.RoleInfo (RoleInfo.java:updateAndGet(143)) - 22ce2f4b-d517-44cf-8041-712d813e08f3: start FollowerState
2019-09-12 10:31:31,778 [pool-145-thread-1] INFO  util.JmxRegister (JmxRegister.java:tryRegister(44)) - Successfully registered JMX Bean with object name Ratis:service=RaftServer,group=group-5B8A0F1FDF05,id=22ce2f4b-d517-44cf-8041-712d813e08f3
2019-09-12 10:31:31,782 [RatisPipelineUtilsThread] INFO  pipeline.PipelineStateManager (PipelineStateManager.java:addPipeline(56)) - Created pipeline Pipeline[ Id: cb1ea9d6-43f3-4b6a-9534-5b8a0f1fdf05, Nodes: 22ce2f4b-d517-44cf-8041-712d813e08f3{ip: 192.168.36.114, host: pr-hdds-1569-58hkm-1881083799, networkLocation: /default-rack, certSerialId: null}, Type:RATIS, Factor:ONE, State:OPEN]
2019-09-12 10:31:31,782 [RatisPipelineUtilsThread] ERROR pipeline.PipelinePlacementPolicy (PipelinePlacementPolicy.java:meetCriteria(92)) - Pipeline Placement: Doesn't meet the criteria to be viable node. Heaviness: 6
2019-09-12 10:31:31,782 [RatisPipelineUtilsThread] ERROR pipeline.PipelinePlacementPolicy (PipelinePlacementPolicy.java:meetCriteria(92)) - Pipeline Placement: Doesn't meet the criteria to be viable node. Heaviness: 6
2019-09-12 10:31:31,790 [grpc-default-executor-0] INFO  impl.RaftServerProxy (RaftServerProxy.java:addNew(89)) - 22ce2f4b-d517-44cf-8041-712d813e08f3: addNew group-4E8992B60B4A:[22ce2f4b-d517-44cf-8041-712d813e08f3:192.168.36.114:40208] returns group-4E8992B60B4A:java.util.concurrent.CompletableFuture@f06d28b[Not completed]
2019-09-12 10:31:31,792 [pool-145-thread-1] INFO  impl.RaftServerImpl (RaftServerImpl.java:<init>(93)) - 22ce2f4b-d517-44cf-8041-712d813e08f3: new RaftServerImpl for group-4E8992B60B4A:[22ce2f4b-d517-44cf-8041-712d813e08f3:192.168.36.114:40208] with ContainerStateMachine:uninitialized
2019-09-12 10:31:31,792 [pool-145-thread-1] INFO  server.RaftServerConfigKeys (ConfUtils.java:logGet(43)) - raft.server.rpc.timeout.min = 5s (custom)
2019-09-12 10:31:31,792 [pool-145-thread-1] INFO  server.RaftServerConfigKeys (ConfUtils.java:logGet(43)) - raft.server.rpc.timeout.max = 5200ms (custom)
2019-09-12 10:31:31,792 [pool-145-thread-1] INFO  server.RaftServerConfigKeys (ConfUtils.java:logGet(43)) - raft.server.rpcslowness.timeout = 120s (custom)
2019-09-12 10:31:31,793 [pool-145-thread-1] INFO  server.RaftServerConfigKeys (ConfUtils.java:logGet(43)) - raft.server.sleep.deviation.threshold = 300 (default)
2019-09-12 10:31:31,793 [pool-145-thread-1] INFO  server.RaftServerConfigKeys (ConfUtils.java:logGet(43)) - raft.server.log.appender.install.snapshot.enabled = false (custom)
2019-09-12 10:31:31,793 [pool-145-thread-1] INFO  impl.RaftServerImpl (ServerState.java:<init>(105)) - 22ce2f4b-d517-44cf-8041-712d813e08f3:group-4E8992B60B4A ConfigurationManager, init=-1: [22ce2f4b-d517-44cf-8041-712d813e08f3:192.168.36.114:40208], old=null, confs=<EMPTY_MAP>
2019-09-12 10:31:31,793 [pool-145-thread-1] INFO  server.RaftServerConfigKeys (ConfUtils.java:logGet(43)) - raft.server.storage.dir = [/workdir/hadoop-ozone/integration-test/target/test-dir/MiniOzoneClusterImpl-87a68f7a-76d1-4e01-bf62-4b4b582b7243/datanode-2/data/ratis] (custom)
2019-09-12 10:31:31,794 [pool-145-thread-1] INFO  storage.RaftStorageDirectory (RaftStorageDirectory.java:analyzeStorage(246)) - The storage directory /workdir/hadoop-ozone/integration-test/target/test-dir/MiniOzoneClusterImpl-87a68f7a-76d1-4e01-bf62-4b4b582b7243/datanode-2/data/ratis/8969cbd8-593c-4e2d-b683-4e8992b60b4a does not exist. Creating ...
2019-09-12 10:31:31,806 [pool-145-thread-1] INFO  storage.RaftStorageDirectory (RaftStorageDirectory.java:tryLock(328)) - Lock on /workdir/hadoop-ozone/integration-test/target/test-dir/MiniOzoneClusterImpl-87a68f7a-76d1-4e01-bf62-4b4b582b7243/datanode-2/data/ratis/8969cbd8-593c-4e2d-b683-4e8992b60b4a/in_use.lock acquired by nodename 1396@pr-hdds-1569-58hkm-1881083799
2019-09-12 10:31:31,820 [pool-145-thread-1] INFO  storage.RaftStorage (RaftStorage.java:format(72)) - Storage directory /workdir/hadoop-ozone/integration-test/target/test-dir/MiniOzoneClusterImpl-87a68f7a-76d1-4e01-bf62-4b4b582b7243/datanode-2/data/ratis/8969cbd8-593c-4e2d-b683-4e8992b60b4a has been successfully formatted.
2019-09-12 10:31:31,820 [pool-145-thread-1] INFO  ratis.ContainerStateMachine (ContainerStateMachine.java:loadSnapshot(226)) - group-4E8992B60B4A: The snapshot info is null. Setting the last applied indexto:(t:0, i:~)
2019-09-12 10:31:31,820 [pool-145-thread-1] INFO  server.RaftServerConfigKeys (ConfUtils.java:logGet(43)) - raft.server.leader.election.timeout = 120s (custom)
2019-09-12 10:31:31,820 [pool-145-thread-1] INFO  server.RaftServerConfigKeys (ConfUtils.java:logGet(43)) - raft.server.log.use.memory = false (default)
2019-09-12 10:31:31,820 [pool-145-thread-1] INFO  server.RaftServerConfigKeys (ConfUtils.java:logGet(43)) - raft.server.log.purge.gap = 1000000 (custom)
2019-09-12 10:31:31,820 [pool-145-thread-1] INFO  server.RaftServerConfigKeys (ConfUtils.java:logGet(43)) - raft.server.log.appender.buffer.byte-limit = 33554432 (custom)
2019-09-12 10:31:31,821 [pool-145-thread-1] INFO  server.RaftServerConfigKeys (ConfUtils.java:logGet(43)) - raft.server.log.segment.size.max = 1048576 (custom)
2019-09-12 10:31:31,821 [pool-145-thread-1] INFO  server.RaftServerConfigKeys (ConfUtils.java:logGet(43)) - raft.server.log.segment.cache.num.max = 2 (custom)
2019-09-12 10:31:31,821 [pool-145-thread-1] INFO  segmented.SegmentedRaftLogWorker (SegmentedRaftLogWorker.java:<init>(172)) - new 22ce2f4b-d517-44cf-8041-712d813e08f3-SegmentedRaftLogWorker:Storage Directory /workdir/hadoop-ozone/integration-test/target/test-dir/MiniOzoneClusterImpl-87a68f7a-76d1-4e01-bf62-4b4b582b7243/datanode-2/data/ratis/8969cbd8-593c-4e2d-b683-4e8992b60b4a for RaftStorage:Storage Directory /workdir/hadoop-ozone/integration-test/target/test-dir/MiniOzoneClusterImpl-87a68f7a-76d1-4e01-bf62-4b4b582b7243/datanode-2/data/ratis/8969cbd8-593c-4e2d-b683-4e8992b60b4a
2019-09-12 10:31:31,821 [pool-145-thread-1] INFO  server.RaftServerConfigKeys (ConfUtils.java:logGet(43)) - raft.server.log.queue.byte-limit = 2147483647 (custom)
2019-09-12 10:31:31,821 [pool-145-thread-1] INFO  server.RaftServerConfigKeys (ConfUtils.java:logGet(43)) - raft.server.log.queue.element-limit = 1024 (custom)
2019-09-12 10:31:31,822 [pool-145-thread-1] INFO  server.RaftServerConfigKeys (ConfUtils.java:logGet(43)) - raft.server.log.segment.size.max = 1048576 (custom)
2019-09-12 10:31:31,822 [pool-145-thread-1] INFO  server.RaftServerConfigKeys (ConfUtils.java:logGet(43)) - raft.server.log.preallocated.size = 16384 (custom)
2019-09-12 10:31:31,822 [pool-145-thread-1] INFO  server.RaftServerConfigKeys (ConfUtils.java:logGet(43)) - raft.server.log.write.buffer.size = 33554432 (custom)
2019-09-12 10:31:31,822 [pool-145-thread-1] INFO  server.RaftServerConfigKeys (ConfUtils.java:logGet(43)) - raft.server.log.force.sync.num = 128 (default)
2019-09-12 10:31:31,822 [pool-145-thread-1] INFO  server.RaftServerConfigKeys (ConfUtils.java:logGet(43)) - raft.server.log.statemachine.data.sync = true (default)
2019-09-12 10:31:31,822 [pool-145-thread-1] INFO  server.RaftServerConfigKeys (ConfUtils.java:logGet(43)) - raft.server.log.statemachine.data.sync.timeout = 10s (default)
2019-09-12 10:31:31,823 [pool-145-thread-1] INFO  server.RaftServerConfigKeys (ConfUtils.java:logGet(43)) - raft.server.log.statemachine.data.sync.timeout.retry = -1 (default)
2019-09-12 10:31:31,823 [pool-145-thread-1] INFO  server.RaftServerConfigKeys (ConfUtils.java:logGet(43)) - raft.server.log.statemachine.data.caching.enabled = true (custom)
2019-09-12 10:31:31,823 [pool-145-thread-1] INFO  segmented.SegmentedRaftLogWorker (SegmentedRaftLogWorker.java:lambda$new$0(132)) - 22ce2f4b-d517-44cf-8041-712d813e08f3-SegmentedRaftLogWorker:Storage Directory /workdir/hadoop-ozone/integration-test/target/test-dir/MiniOzoneClusterImpl-87a68f7a-76d1-4e01-bf62-4b4b582b7243/datanode-2/data/ratis/8969cbd8-593c-4e2d-b683-4e8992b60b4a: flushIndex: setUnconditionally 0 -> -1
2019-09-12 10:31:31,823 [pool-145-thread-1] INFO  server.RaftServerConfigKeys (ConfUtils.java:logGet(43)) - raft.server.snapshot.auto.trigger.enabled = true (custom)
2019-09-12 10:31:31,824 [pool-145-thread-1] INFO  server.RaftServerConfigKeys (ConfUtils.java:logGet(43)) - raft.server.snapshot.auto.trigger.threshold = 10000 (custom)
2019-09-12 10:31:31,824 [pool-145-thread-1] INFO  server.RaftServerConfigKeys (ConfUtils.java:logGet(43)) - raft.server.retrycache.expirytime = 600000ms (custom)
2019-09-12 10:31:31,824 [pool-145-thread-1] INFO  impl.RaftServerImpl (RaftServerImpl.java:start(180)) - 22ce2f4b-d517-44cf-8041-712d813e08f3: start group-4E8992B60B4A
2019-09-12 10:31:31,824 [pool-145-thread-1] INFO  impl.RaftServerImpl (RaftServerImpl.java:setRole(171)) - 22ce2f4b-d517-44cf-8041-712d813e08f3:group-4E8992B60B4A changes role from null to FOLLOWER at term 0 for startAsFollower
2019-09-12 10:31:31,824 [pool-145-thread-1] INFO  impl.RoleInfo (RoleInfo.java:updateAndGet(143)) - 22ce2f4b-d517-44cf-8041-712d813e08f3: start FollowerState
2019-09-12 10:31:31,825 [pool-145-thread-1] INFO  util.JmxRegister (JmxRegister.java:tryRegister(44)) - Successfully registered JMX Bean with object name Ratis:service=RaftServer,group=group-4E8992B60B4A,id=22ce2f4b-d517-44cf-8041-712d813e08f3
2019-09-12 10:31:31,827 | INFO  | SCMAudit | user=jenkins1000 | ip=192.168.36.114 | op=SEND_HEARTBEAT {datanodeUUID=39df7a3f-9691-48d4-a2b1-6888489a5f8a, command=[]} | ret=SUCCESS |  
2019-09-12 10:31:31,828 | INFO  | SCMAudit | user=jenkins1000 | ip=192.168.36.114 | op=SEND_HEARTBEAT {datanodeUUID=c9031a36-5f7c-4098-8bea-8a46141708a6, command=[]} | ret=SUCCESS |  
2019-09-12 10:31:31,829 [RatisPipelineUtilsThread] INFO  pipeline.PipelineStateManager (PipelineStateManager.java:addPipeline(56)) - Created pipeline Pipeline[ Id: 8969cbd8-593c-4e2d-b683-4e8992b60b4a, Nodes: 22ce2f4b-d517-44cf-8041-712d813e08f3{ip: 192.168.36.114, host: pr-hdds-1569-58hkm-1881083799, networkLocation: /default-rack, certSerialId: null}, Type:RATIS, Factor:ONE, State:OPEN]
2019-09-12 10:31:31,829 [RatisPipelineUtilsThread] ERROR pipeline.PipelinePlacementPolicy (PipelinePlacementPolicy.java:meetCriteria(92)) - Pipeline Placement: Doesn't meet the criteria to be viable node. Heaviness: 6
2019-09-12 10:31:31,829 [RatisPipelineUtilsThread] ERROR pipeline.PipelinePlacementPolicy (PipelinePlacementPolicy.java:meetCriteria(92)) - Pipeline Placement: Doesn't meet the criteria to be viable node. Heaviness: 6
2019-09-12 10:31:31,836 [grpc-default-executor-0] INFO  impl.RaftServerProxy (RaftServerProxy.java:addNew(89)) - 22ce2f4b-d517-44cf-8041-712d813e08f3: addNew group-5DED143AE1D2:[22ce2f4b-d517-44cf-8041-712d813e08f3:192.168.36.114:40208] returns group-5DED143AE1D2:java.util.concurrent.CompletableFuture@417c490e[Not completed]
2019-09-12 10:31:31,838 [pool-145-thread-1] INFO  impl.RaftServerImpl (RaftServerImpl.java:<init>(93)) - 22ce2f4b-d517-44cf-8041-712d813e08f3: new RaftServerImpl for group-5DED143AE1D2:[22ce2f4b-d517-44cf-8041-712d813e08f3:192.168.36.114:40208] with ContainerStateMachine:uninitialized
2019-09-12 10:31:31,838 [pool-145-thread-1] INFO  server.RaftServerConfigKeys (ConfUtils.java:logGet(43)) - raft.server.rpc.timeout.min = 5s (custom)
2019-09-12 10:31:31,838 [pool-145-thread-1] INFO  server.RaftServerConfigKeys (ConfUtils.java:logGet(43)) - raft.server.rpc.timeout.max = 5200ms (custom)
2019-09-12 10:31:31,838 [pool-145-thread-1] INFO  server.RaftServerConfigKeys (ConfUtils.java:logGet(43)) - raft.server.rpcslowness.timeout = 120s (custom)
2019-09-12 10:31:31,839 [pool-145-thread-1] INFO  server.RaftServerConfigKeys (ConfUtils.java:logGet(43)) - raft.server.sleep.deviation.threshold = 300 (default)
2019-09-12 10:31:31,839 [pool-145-thread-1] INFO  server.RaftServerConfigKeys (ConfUtils.java:logGet(43)) - raft.server.log.appender.install.snapshot.enabled = false (custom)
2019-09-12 10:31:31,839 [pool-145-thread-1] INFO  impl.RaftServerImpl (ServerState.java:<init>(105)) - 22ce2f4b-d517-44cf-8041-712d813e08f3:group-5DED143AE1D2 ConfigurationManager, init=-1: [22ce2f4b-d517-44cf-8041-712d813e08f3:192.168.36.114:40208], old=null, confs=<EMPTY_MAP>
2019-09-12 10:31:31,839 [pool-145-thread-1] INFO  server.RaftServerConfigKeys (ConfUtils.java:logGet(43)) - raft.server.storage.dir = [/workdir/hadoop-ozone/integration-test/target/test-dir/MiniOzoneClusterImpl-87a68f7a-76d1-4e01-bf62-4b4b582b7243/datanode-2/data/ratis] (custom)
2019-09-12 10:31:31,839 [pool-145-thread-1] INFO  storage.RaftStorageDirectory (RaftStorageDirectory.java:analyzeStorage(246)) - The storage directory /workdir/hadoop-ozone/integration-test/target/test-dir/MiniOzoneClusterImpl-87a68f7a-76d1-4e01-bf62-4b4b582b7243/datanode-2/data/ratis/fbdbcddc-760b-4e5a-9007-5ded143ae1d2 does not exist. Creating ...
2019-09-12 10:31:31,851 [pool-145-thread-1] INFO  storage.RaftStorageDirectory (RaftStorageDirectory.java:tryLock(328)) - Lock on /workdir/hadoop-ozone/integration-test/target/test-dir/MiniOzoneClusterImpl-87a68f7a-76d1-4e01-bf62-4b4b582b7243/datanode-2/data/ratis/fbdbcddc-760b-4e5a-9007-5ded143ae1d2/in_use.lock acquired by nodename 1396@pr-hdds-1569-58hkm-1881083799
2019-09-12 10:31:31,855 [main] INFO  ozone.MiniOzoneClusterImpl (MiniOzoneClusterImpl.java:lambda$waitForClusterToBeReady$0(142)) - Waiting for cluster to be ready. Got 3 of 7 DN Heartbeats.
2019-09-12 10:31:31,873 [pool-145-thread-1] INFO  storage.RaftStorage (RaftStorage.java:format(72)) - Storage directory /workdir/hadoop-ozone/integration-test/target/test-dir/MiniOzoneClusterImpl-87a68f7a-76d1-4e01-bf62-4b4b582b7243/datanode-2/data/ratis/fbdbcddc-760b-4e5a-9007-5ded143ae1d2 has been successfully formatted.
2019-09-12 10:31:31,874 [pool-145-thread-1] INFO  ratis.ContainerStateMachine (ContainerStateMachine.java:loadSnapshot(226)) - group-5DED143AE1D2: The snapshot info is null. Setting the last applied indexto:(t:0, i:~)
2019-09-12 10:31:31,874 [pool-145-thread-1] INFO  server.RaftServerConfigKeys (ConfUtils.java:logGet(43)) - raft.server.leader.election.timeout = 120s (custom)
2019-09-12 10:31:31,874 [pool-145-thread-1] INFO  server.RaftServerConfigKeys (ConfUtils.java:logGet(43)) - raft.server.log.use.memory = false (default)
2019-09-12 10:31:31,875 [pool-145-thread-1] INFO  server.RaftServerConfigKeys (ConfUtils.java:logGet(43)) - raft.server.log.purge.gap = 1000000 (custom)
2019-09-12 10:31:31,875 [pool-145-thread-1] INFO  server.RaftServerConfigKeys (ConfUtils.java:logGet(43)) - raft.server.log.appender.buffer.byte-limit = 33554432 (custom)
2019-09-12 10:31:31,875 [pool-145-thread-1] INFO  server.RaftServerConfigKeys (ConfUtils.java:logGet(43)) - raft.server.log.segment.size.max = 1048576 (custom)
2019-09-12 10:31:31,876 [pool-145-thread-1] INFO  server.RaftServerConfigKeys (ConfUtils.java:logGet(43)) - raft.server.log.segment.cache.num.max = 2 (custom)
2019-09-12 10:31:31,876 [pool-145-thread-1] INFO  segmented.SegmentedRaftLogWorker (SegmentedRaftLogWorker.java:<init>(172)) - new 22ce2f4b-d517-44cf-8041-712d813e08f3-SegmentedRaftLogWorker:Storage Directory /workdir/hadoop-ozone/integration-test/target/test-dir/MiniOzoneClusterImpl-87a68f7a-76d1-4e01-bf62-4b4b582b7243/datanode-2/data/ratis/fbdbcddc-760b-4e5a-9007-5ded143ae1d2 for RaftStorage:Storage Directory /workdir/hadoop-ozone/integration-test/target/test-dir/MiniOzoneClusterImpl-87a68f7a-76d1-4e01-bf62-4b4b582b7243/datanode-2/data/ratis/fbdbcddc-760b-4e5a-9007-5ded143ae1d2
2019-09-12 10:31:31,876 [pool-145-thread-1] INFO  server.RaftServerConfigKeys (ConfUtils.java:logGet(43)) - raft.server.log.queue.byte-limit = 2147483647 (custom)
2019-09-12 10:31:31,877 [pool-145-thread-1] INFO  server.RaftServerConfigKeys (ConfUtils.java:logGet(43)) - raft.server.log.queue.element-limit = 1024 (custom)
2019-09-12 10:31:31,877 [pool-145-thread-1] INFO  server.RaftServerConfigKeys (ConfUtils.java:logGet(43)) - raft.server.log.segment.size.max = 1048576 (custom)
2019-09-12 10:31:31,877 [pool-145-thread-1] INFO  server.RaftServerConfigKeys (ConfUtils.java:logGet(43)) - raft.server.log.preallocated.size = 16384 (custom)
2019-09-12 10:31:31,878 [pool-145-thread-1] INFO  server.RaftServerConfigKeys (ConfUtils.java:logGet(43)) - raft.server.log.write.buffer.size = 33554432 (custom)
2019-09-12 10:31:31,878 [pool-145-thread-1] INFO  server.RaftServerConfigKeys (ConfUtils.java:logGet(43)) - raft.server.log.force.sync.num = 128 (default)
2019-09-12 10:31:31,878 [pool-145-thread-1] INFO  server.RaftServerConfigKeys (ConfUtils.java:logGet(43)) - raft.server.log.statemachine.data.sync = true (default)
2019-09-12 10:31:31,879 [pool-145-thread-1] INFO  server.RaftServerConfigKeys (ConfUtils.java:logGet(43)) - raft.server.log.statemachine.data.sync.timeout = 10s (default)
2019-09-12 10:31:31,879 [pool-145-thread-1] INFO  server.RaftServerConfigKeys (ConfUtils.java:logGet(43)) - raft.server.log.statemachine.data.sync.timeout.retry = -1 (default)
2019-09-12 10:31:31,879 [pool-145-thread-1] INFO  server.RaftServerConfigKeys (ConfUtils.java:logGet(43)) - raft.server.log.statemachine.data.caching.enabled = true (custom)
2019-09-12 10:31:31,879 [pool-145-thread-1] INFO  segmented.SegmentedRaftLogWorker (SegmentedRaftLogWorker.java:lambda$new$0(132)) - 22ce2f4b-d517-44cf-8041-712d813e08f3-SegmentedRaftLogWorker:Storage Directory /workdir/hadoop-ozone/integration-test/target/test-dir/MiniOzoneClusterImpl-87a68f7a-76d1-4e01-bf62-4b4b582b7243/datanode-2/data/ratis/fbdbcddc-760b-4e5a-9007-5ded143ae1d2: flushIndex: setUnconditionally 0 -> -1
2019-09-12 10:31:31,880 [pool-145-thread-1] INFO  server.RaftServerConfigKeys (ConfUtils.java:logGet(43)) - raft.server.snapshot.auto.trigger.enabled = true (custom)
2019-09-12 10:31:31,880 [pool-145-thread-1] INFO  server.RaftServerConfigKeys (ConfUtils.java:logGet(43)) - raft.server.snapshot.auto.trigger.threshold = 10000 (custom)
2019-09-12 10:31:31,880 [pool-145-thread-1] INFO  server.RaftServerConfigKeys (ConfUtils.java:logGet(43)) - raft.server.retrycache.expirytime = 600000ms (custom)
2019-09-12 10:31:31,881 [pool-145-thread-1] INFO  impl.RaftServerImpl (RaftServerImpl.java:start(180)) - 22ce2f4b-d517-44cf-8041-712d813e08f3: start group-5DED143AE1D2
2019-09-12 10:31:31,881 [pool-145-thread-1] INFO  impl.RaftServerImpl (RaftServerImpl.java:setRole(171)) - 22ce2f4b-d517-44cf-8041-712d813e08f3:group-5DED143AE1D2 changes role from null to FOLLOWER at term 0 for startAsFollower
2019-09-12 10:31:31,881 [pool-145-thread-1] INFO  impl.RoleInfo (RoleInfo.java:updateAndGet(143)) - 22ce2f4b-d517-44cf-8041-712d813e08f3: start FollowerState
2019-09-12 10:31:31,882 [pool-145-thread-1] INFO  util.JmxRegister (JmxRegister.java:tryRegister(44)) - Successfully registered JMX Bean with object name Ratis:service=RaftServer,group=group-5DED143AE1D2,id=22ce2f4b-d517-44cf-8041-712d813e08f3
2019-09-12 10:31:31,885 [RatisPipelineUtilsThread] INFO  pipeline.PipelineStateManager (PipelineStateManager.java:addPipeline(56)) - Created pipeline Pipeline[ Id: fbdbcddc-760b-4e5a-9007-5ded143ae1d2, Nodes: 22ce2f4b-d517-44cf-8041-712d813e08f3{ip: 192.168.36.114, host: pr-hdds-1569-58hkm-1881083799, networkLocation: /default-rack, certSerialId: null}, Type:RATIS, Factor:ONE, State:OPEN]
2019-09-12 10:31:31,885 [RatisPipelineUtilsThread] ERROR pipeline.PipelinePlacementPolicy (PipelinePlacementPolicy.java:meetCriteria(92)) - Pipeline Placement: Doesn't meet the criteria to be viable node. Heaviness: 6
2019-09-12 10:31:31,885 [RatisPipelineUtilsThread] ERROR pipeline.PipelinePlacementPolicy (PipelinePlacementPolicy.java:meetCriteria(92)) - Pipeline Placement: Doesn't meet the criteria to be viable node. Heaviness: 6
2019-09-12 10:31:31,892 [grpc-default-executor-0] INFO  impl.RaftServerProxy (RaftServerProxy.java:addNew(89)) - 22ce2f4b-d517-44cf-8041-712d813e08f3: addNew group-D4A26BA1324F:[22ce2f4b-d517-44cf-8041-712d813e08f3:192.168.36.114:40208] returns group-D4A26BA1324F:java.util.concurrent.CompletableFuture@67569fb3[Not completed]
2019-09-12 10:31:31,895 [pool-145-thread-1] INFO  impl.RaftServerImpl (RaftServerImpl.java:<init>(93)) - 22ce2f4b-d517-44cf-8041-712d813e08f3: new RaftServerImpl for group-D4A26BA1324F:[22ce2f4b-d517-44cf-8041-712d813e08f3:192.168.36.114:40208] with ContainerStateMachine:uninitialized
2019-09-12 10:31:31,895 [pool-145-thread-1] INFO  server.RaftServerConfigKeys (ConfUtils.java:logGet(43)) - raft.server.rpc.timeout.min = 5s (custom)
2019-09-12 10:31:31,895 [pool-145-thread-1] INFO  server.RaftServerConfigKeys (ConfUtils.java:logGet(43)) - raft.server.rpc.timeout.max = 5200ms (custom)
2019-09-12 10:31:31,895 [pool-145-thread-1] INFO  server.RaftServerConfigKeys (ConfUtils.java:logGet(43)) - raft.server.rpcslowness.timeout = 120s (custom)
2019-09-12 10:31:31,896 [pool-145-thread-1] INFO  server.RaftServerConfigKeys (ConfUtils.java:logGet(43)) - raft.server.sleep.deviation.threshold = 300 (default)
2019-09-12 10:31:31,896 [pool-145-thread-1] INFO  server.RaftServerConfigKeys (ConfUtils.java:logGet(43)) - raft.server.log.appender.install.snapshot.enabled = false (custom)
2019-09-12 10:31:31,896 [pool-145-thread-1] INFO  impl.RaftServerImpl (ServerState.java:<init>(105)) - 22ce2f4b-d517-44cf-8041-712d813e08f3:group-D4A26BA1324F ConfigurationManager, init=-1: [22ce2f4b-d517-44cf-8041-712d813e08f3:192.168.36.114:40208], old=null, confs=<EMPTY_MAP>
2019-09-12 10:31:31,896 [pool-145-thread-1] INFO  server.RaftServerConfigKeys (ConfUtils.java:logGet(43)) - raft.server.storage.dir = [/workdir/hadoop-ozone/integration-test/target/test-dir/MiniOzoneClusterImpl-87a68f7a-76d1-4e01-bf62-4b4b582b7243/datanode-2/data/ratis] (custom)
2019-09-12 10:31:31,897 [pool-145-thread-1] INFO  storage.RaftStorageDirectory (RaftStorageDirectory.java:analyzeStorage(246)) - The storage directory /workdir/hadoop-ozone/integration-test/target/test-dir/MiniOzoneClusterImpl-87a68f7a-76d1-4e01-bf62-4b4b582b7243/datanode-2/data/ratis/066e90a9-cc27-4a7a-9fd0-d4a26ba1324f does not exist. Creating ...
2019-09-12 10:31:31,909 [pool-145-thread-1] INFO  storage.RaftStorageDirectory (RaftStorageDirectory.java:tryLock(328)) - Lock on /workdir/hadoop-ozone/integration-test/target/test-dir/MiniOzoneClusterImpl-87a68f7a-76d1-4e01-bf62-4b4b582b7243/datanode-2/data/ratis/066e90a9-cc27-4a7a-9fd0-d4a26ba1324f/in_use.lock acquired by nodename 1396@pr-hdds-1569-58hkm-1881083799
2019-09-12 10:31:31,922 [pool-145-thread-1] INFO  storage.RaftStorage (RaftStorage.java:format(72)) - Storage directory /workdir/hadoop-ozone/integration-test/target/test-dir/MiniOzoneClusterImpl-87a68f7a-76d1-4e01-bf62-4b4b582b7243/datanode-2/data/ratis/066e90a9-cc27-4a7a-9fd0-d4a26ba1324f has been successfully formatted.
2019-09-12 10:31:31,922 [pool-145-thread-1] INFO  ratis.ContainerStateMachine (ContainerStateMachine.java:loadSnapshot(226)) - group-D4A26BA1324F: The snapshot info is null. Setting the last applied indexto:(t:0, i:~)
2019-09-12 10:31:31,923 [pool-145-thread-1] INFO  server.RaftServerConfigKeys (ConfUtils.java:logGet(43)) - raft.server.leader.election.timeout = 120s (custom)
2019-09-12 10:31:31,923 [pool-145-thread-1] INFO  server.RaftServerConfigKeys (ConfUtils.java:logGet(43)) - raft.server.log.use.memory = false (default)
2019-09-12 10:31:31,923 [pool-145-thread-1] INFO  server.RaftServerConfigKeys (ConfUtils.java:logGet(43)) - raft.server.log.purge.gap = 1000000 (custom)
2019-09-12 10:31:31,923 [pool-145-thread-1] INFO  server.RaftServerConfigKeys (ConfUtils.java:logGet(43)) - raft.server.log.appender.buffer.byte-limit = 33554432 (custom)
2019-09-12 10:31:31,923 [pool-145-thread-1] INFO  server.RaftServerConfigKeys (ConfUtils.java:logGet(43)) - raft.server.log.segment.size.max = 1048576 (custom)
2019-09-12 10:31:31,923 [pool-145-thread-1] INFO  server.RaftServerConfigKeys (ConfUtils.java:logGet(43)) - raft.server.log.segment.cache.num.max = 2 (custom)
2019-09-12 10:31:31,924 [pool-145-thread-1] INFO  segmented.SegmentedRaftLogWorker (SegmentedRaftLogWorker.java:<init>(172)) - new 22ce2f4b-d517-44cf-8041-712d813e08f3-SegmentedRaftLogWorker:Storage Directory /workdir/hadoop-ozone/integration-test/target/test-dir/MiniOzoneClusterImpl-87a68f7a-76d1-4e01-bf62-4b4b582b7243/datanode-2/data/ratis/066e90a9-cc27-4a7a-9fd0-d4a26ba1324f for RaftStorage:Storage Directory /workdir/hadoop-ozone/integration-test/target/test-dir/MiniOzoneClusterImpl-87a68f7a-76d1-4e01-bf62-4b4b582b7243/datanode-2/data/ratis/066e90a9-cc27-4a7a-9fd0-d4a26ba1324f
2019-09-12 10:31:31,924 [pool-145-thread-1] INFO  server.RaftServerConfigKeys (ConfUtils.java:logGet(43)) - raft.server.log.queue.byte-limit = 2147483647 (custom)
2019-09-12 10:31:31,924 [pool-145-thread-1] INFO  server.RaftServerConfigKeys (ConfUtils.java:logGet(43)) - raft.server.log.queue.element-limit = 1024 (custom)
2019-09-12 10:31:31,924 [pool-145-thread-1] INFO  server.RaftServerConfigKeys (ConfUtils.java:logGet(43)) - raft.server.log.segment.size.max = 1048576 (custom)
2019-09-12 10:31:31,924 [pool-145-thread-1] INFO  server.RaftServerConfigKeys (ConfUtils.java:logGet(43)) - raft.server.log.preallocated.size = 16384 (custom)
2019-09-12 10:31:31,925 [pool-145-thread-1] INFO  server.RaftServerConfigKeys (ConfUtils.java:logGet(43)) - raft.server.log.write.buffer.size = 33554432 (custom)
2019-09-12 10:31:31,925 [pool-145-thread-1] INFO  server.RaftServerConfigKeys (ConfUtils.java:logGet(43)) - raft.server.log.force.sync.num = 128 (default)
2019-09-12 10:31:31,925 [pool-145-thread-1] INFO  server.RaftServerConfigKeys (ConfUtils.java:logGet(43)) - raft.server.log.statemachine.data.sync = true (default)
2019-09-12 10:31:31,925 [pool-145-thread-1] INFO  server.RaftServerConfigKeys (ConfUtils.java:logGet(43)) - raft.server.log.statemachine.data.sync.timeout = 10s (default)
2019-09-12 10:31:31,925 [pool-145-thread-1] INFO  server.RaftServerConfigKeys (ConfUtils.java:logGet(43)) - raft.server.log.statemachine.data.sync.timeout.retry = -1 (default)
2019-09-12 10:31:31,925 [pool-145-thread-1] INFO  server.RaftServerConfigKeys (ConfUtils.java:logGet(43)) - raft.server.log.statemachine.data.caching.enabled = true (custom)
2019-09-12 10:31:31,926 [pool-145-thread-1] INFO  segmented.SegmentedRaftLogWorker (SegmentedRaftLogWorker.java:lambda$new$0(132)) - 22ce2f4b-d517-44cf-8041-712d813e08f3-SegmentedRaftLogWorker:Storage Directory /workdir/hadoop-ozone/integration-test/target/test-dir/MiniOzoneClusterImpl-87a68f7a-76d1-4e01-bf62-4b4b582b7243/datanode-2/data/ratis/066e90a9-cc27-4a7a-9fd0-d4a26ba1324f: flushIndex: setUnconditionally 0 -> -1
2019-09-12 10:31:31,926 [pool-145-thread-1] INFO  server.RaftServerConfigKeys (ConfUtils.java:logGet(43)) - raft.server.snapshot.auto.trigger.enabled = true (custom)
2019-09-12 10:31:31,926 [pool-145-thread-1] INFO  server.RaftServerConfigKeys (ConfUtils.java:logGet(43)) - raft.server.snapshot.auto.trigger.threshold = 10000 (custom)
2019-09-12 10:31:31,927 [pool-145-thread-1] INFO  server.RaftServerConfigKeys (ConfUtils.java:logGet(43)) - raft.server.retrycache.expirytime = 600000ms (custom)
2019-09-12 10:31:31,927 [pool-145-thread-1] INFO  impl.RaftServerImpl (RaftServerImpl.java:start(180)) - 22ce2f4b-d517-44cf-8041-712d813e08f3: start group-D4A26BA1324F
2019-09-12 10:31:31,927 [pool-145-thread-1] INFO  impl.RaftServerImpl (RaftServerImpl.java:setRole(171)) - 22ce2f4b-d517-44cf-8041-712d813e08f3:group-D4A26BA1324F changes role from null to FOLLOWER at term 0 for startAsFollower
2019-09-12 10:31:31,927 [pool-145-thread-1] INFO  impl.RoleInfo (RoleInfo.java:updateAndGet(143)) - 22ce2f4b-d517-44cf-8041-712d813e08f3: start FollowerState
2019-09-12 10:31:31,928 [pool-145-thread-1] INFO  util.JmxRegister (JmxRegister.java:tryRegister(44)) - Successfully registered JMX Bean with object name Ratis:service=RaftServer,group=group-D4A26BA1324F,id=22ce2f4b-d517-44cf-8041-712d813e08f3
2019-09-12 10:31:31,931 [RatisPipelineUtilsThread] INFO  pipeline.PipelineStateManager (PipelineStateManager.java:addPipeline(56)) - Created pipeline Pipeline[ Id: 066e90a9-cc27-4a7a-9fd0-d4a26ba1324f, Nodes: 22ce2f4b-d517-44cf-8041-712d813e08f3{ip: 192.168.36.114, host: pr-hdds-1569-58hkm-1881083799, networkLocation: /default-rack, certSerialId: null}, Type:RATIS, Factor:ONE, State:OPEN]
2019-09-12 10:31:31,931 [RatisPipelineUtilsThread] ERROR pipeline.PipelinePlacementPolicy (PipelinePlacementPolicy.java:meetCriteria(92)) - Pipeline Placement: Doesn't meet the criteria to be viable node. Heaviness: 6
2019-09-12 10:31:31,931 [RatisPipelineUtilsThread] ERROR pipeline.PipelinePlacementPolicy (PipelinePlacementPolicy.java:meetCriteria(92)) - Pipeline Placement: Doesn't meet the criteria to be viable node. Heaviness: 6
2019-09-12 10:31:31,937 [grpc-default-executor-0] INFO  impl.RaftServerProxy (RaftServerProxy.java:addNew(89)) - 22ce2f4b-d517-44cf-8041-712d813e08f3: addNew group-1F541D4A4B12:[22ce2f4b-d517-44cf-8041-712d813e08f3:192.168.36.114:40208] returns group-1F541D4A4B12:java.util.concurrent.CompletableFuture@36a5be3f[Not completed]
2019-09-12 10:31:31,939 [pool-145-thread-1] INFO  impl.RaftServerImpl (RaftServerImpl.java:<init>(93)) - 22ce2f4b-d517-44cf-8041-712d813e08f3: new RaftServerImpl for group-1F541D4A4B12:[22ce2f4b-d517-44cf-8041-712d813e08f3:192.168.36.114:40208] with ContainerStateMachine:uninitialized
2019-09-12 10:31:31,939 [pool-145-thread-1] INFO  server.RaftServerConfigKeys (ConfUtils.java:logGet(43)) - raft.server.rpc.timeout.min = 5s (custom)
2019-09-12 10:31:31,939 [pool-145-thread-1] INFO  server.RaftServerConfigKeys (ConfUtils.java:logGet(43)) - raft.server.rpc.timeout.max = 5200ms (custom)
2019-09-12 10:31:31,939 [pool-145-thread-1] INFO  server.RaftServerConfigKeys (ConfUtils.java:logGet(43)) - raft.server.rpcslowness.timeout = 120s (custom)
2019-09-12 10:31:31,939 [pool-145-thread-1] INFO  server.RaftServerConfigKeys (ConfUtils.java:logGet(43)) - raft.server.sleep.deviation.threshold = 300 (default)
2019-09-12 10:31:31,939 [pool-145-thread-1] INFO  server.RaftServerConfigKeys (ConfUtils.java:logGet(43)) - raft.server.log.appender.install.snapshot.enabled = false (custom)
2019-09-12 10:31:31,940 [pool-145-thread-1] INFO  impl.RaftServerImpl (ServerState.java:<init>(105)) - 22ce2f4b-d517-44cf-8041-712d813e08f3:group-1F541D4A4B12 ConfigurationManager, init=-1: [22ce2f4b-d517-44cf-8041-712d813e08f3:192.168.36.114:40208], old=null, confs=<EMPTY_MAP>
2019-09-12 10:31:31,940 [pool-145-thread-1] INFO  server.RaftServerConfigKeys (ConfUtils.java:logGet(43)) - raft.server.storage.dir = [/workdir/hadoop-ozone/integration-test/target/test-dir/MiniOzoneClusterImpl-87a68f7a-76d1-4e01-bf62-4b4b582b7243/datanode-2/data/ratis] (custom)
2019-09-12 10:31:31,940 [pool-145-thread-1] INFO  storage.RaftStorageDirectory (RaftStorageDirectory.java:analyzeStorage(246)) - The storage directory /workdir/hadoop-ozone/integration-test/target/test-dir/MiniOzoneClusterImpl-87a68f7a-76d1-4e01-bf62-4b4b582b7243/datanode-2/data/ratis/e0d1d128-8938-45af-80b9-1f541d4a4b12 does not exist. Creating ...
2019-09-12 10:31:31,954 [pool-145-thread-1] INFO  storage.RaftStorageDirectory (RaftStorageDirectory.java:tryLock(328)) - Lock on /workdir/hadoop-ozone/integration-test/target/test-dir/MiniOzoneClusterImpl-87a68f7a-76d1-4e01-bf62-4b4b582b7243/datanode-2/data/ratis/e0d1d128-8938-45af-80b9-1f541d4a4b12/in_use.lock acquired by nodename 1396@pr-hdds-1569-58hkm-1881083799
2019-09-12 10:31:31,967 [pool-145-thread-1] INFO  storage.RaftStorage (RaftStorage.java:format(72)) - Storage directory /workdir/hadoop-ozone/integration-test/target/test-dir/MiniOzoneClusterImpl-87a68f7a-76d1-4e01-bf62-4b4b582b7243/datanode-2/data/ratis/e0d1d128-8938-45af-80b9-1f541d4a4b12 has been successfully formatted.
2019-09-12 10:31:31,967 [pool-145-thread-1] INFO  ratis.ContainerStateMachine (ContainerStateMachine.java:loadSnapshot(226)) - group-1F541D4A4B12: The snapshot info is null. Setting the last applied indexto:(t:0, i:~)
2019-09-12 10:31:31,968 [pool-145-thread-1] INFO  server.RaftServerConfigKeys (ConfUtils.java:logGet(43)) - raft.server.leader.election.timeout = 120s (custom)
2019-09-12 10:31:31,968 [pool-145-thread-1] INFO  server.RaftServerConfigKeys (ConfUtils.java:logGet(43)) - raft.server.log.use.memory = false (default)
2019-09-12 10:31:31,968 [pool-145-thread-1] INFO  server.RaftServerConfigKeys (ConfUtils.java:logGet(43)) - raft.server.log.purge.gap = 1000000 (custom)
2019-09-12 10:31:31,968 [pool-145-thread-1] INFO  server.RaftServerConfigKeys (ConfUtils.java:logGet(43)) - raft.server.log.appender.buffer.byte-limit = 33554432 (custom)
2019-09-12 10:31:31,968 [pool-145-thread-1] INFO  server.RaftServerConfigKeys (ConfUtils.java:logGet(43)) - raft.server.log.segment.size.max = 1048576 (custom)
2019-09-12 10:31:31,969 [pool-145-thread-1] INFO  server.RaftServerConfigKeys (ConfUtils.java:logGet(43)) - raft.server.log.segment.cache.num.max = 2 (custom)
2019-09-12 10:31:31,969 [pool-145-thread-1] INFO  segmented.SegmentedRaftLogWorker (SegmentedRaftLogWorker.java:<init>(172)) - new 22ce2f4b-d517-44cf-8041-712d813e08f3-SegmentedRaftLogWorker:Storage Directory /workdir/hadoop-ozone/integration-test/target/test-dir/MiniOzoneClusterImpl-87a68f7a-76d1-4e01-bf62-4b4b582b7243/datanode-2/data/ratis/e0d1d128-8938-45af-80b9-1f541d4a4b12 for RaftStorage:Storage Directory /workdir/hadoop-ozone/integration-test/target/test-dir/MiniOzoneClusterImpl-87a68f7a-76d1-4e01-bf62-4b4b582b7243/datanode-2/data/ratis/e0d1d128-8938-45af-80b9-1f541d4a4b12
2019-09-12 10:31:31,969 [pool-145-thread-1] INFO  server.RaftServerConfigKeys (ConfUtils.java:logGet(43)) - raft.server.log.queue.byte-limit = 2147483647 (custom)
2019-09-12 10:31:31,969 [pool-145-thread-1] INFO  server.RaftServerConfigKeys (ConfUtils.java:logGet(43)) - raft.server.log.queue.element-limit = 1024 (custom)
2019-09-12 10:31:31,969 [pool-145-thread-1] INFO  server.RaftServerConfigKeys (ConfUtils.java:logGet(43)) - raft.server.log.segment.size.max = 1048576 (custom)
2019-09-12 10:31:31,970 [pool-145-thread-1] INFO  server.RaftServerConfigKeys (ConfUtils.java:logGet(43)) - raft.server.log.preallocated.size = 16384 (custom)
2019-09-12 10:31:31,970 [pool-145-thread-1] INFO  server.RaftServerConfigKeys (ConfUtils.java:logGet(43)) - raft.server.log.write.buffer.size = 33554432 (custom)
2019-09-12 10:31:31,970 [pool-145-thread-1] INFO  server.RaftServerConfigKeys (ConfUtils.java:logGet(43)) - raft.server.log.force.sync.num = 128 (default)
2019-09-12 10:31:31,970 [pool-145-thread-1] INFO  server.RaftServerConfigKeys (ConfUtils.java:logGet(43)) - raft.server.log.statemachine.data.sync = true (default)
2019-09-12 10:31:31,970 [pool-145-thread-1] INFO  server.RaftServerConfigKeys (ConfUtils.java:logGet(43)) - raft.server.log.statemachine.data.sync.timeout = 10s (default)
2019-09-12 10:31:31,970 [pool-145-thread-1] INFO  server.RaftServerConfigKeys (ConfUtils.java:logGet(43)) - raft.server.log.statemachine.data.sync.timeout.retry = -1 (default)
2019-09-12 10:31:31,971 [pool-145-thread-1] INFO  server.RaftServerConfigKeys (ConfUtils.java:logGet(43)) - raft.server.log.statemachine.data.caching.enabled = true (custom)
2019-09-12 10:31:31,971 [pool-145-thread-1] INFO  segmented.SegmentedRaftLogWorker (SegmentedRaftLogWorker.java:lambda$new$0(132)) - 22ce2f4b-d517-44cf-8041-712d813e08f3-SegmentedRaftLogWorker:Storage Directory /workdir/hadoop-ozone/integration-test/target/test-dir/MiniOzoneClusterImpl-87a68f7a-76d1-4e01-bf62-4b4b582b7243/datanode-2/data/ratis/e0d1d128-8938-45af-80b9-1f541d4a4b12: flushIndex: setUnconditionally 0 -> -1
2019-09-12 10:31:31,972 [pool-145-thread-1] INFO  server.RaftServerConfigKeys (ConfUtils.java:logGet(43)) - raft.server.snapshot.auto.trigger.enabled = true (custom)
2019-09-12 10:31:31,972 [pool-145-thread-1] INFO  server.RaftServerConfigKeys (ConfUtils.java:logGet(43)) - raft.server.snapshot.auto.trigger.threshold = 10000 (custom)
2019-09-12 10:31:31,972 [pool-145-thread-1] INFO  server.RaftServerConfigKeys (ConfUtils.java:logGet(43)) - raft.server.retrycache.expirytime = 600000ms (custom)
2019-09-12 10:31:31,972 [pool-145-thread-1] INFO  impl.RaftServerImpl (RaftServerImpl.java:start(180)) - 22ce2f4b-d517-44cf-8041-712d813e08f3: start group-1F541D4A4B12
2019-09-12 10:31:31,972 [pool-145-thread-1] INFO  impl.RaftServerImpl (RaftServerImpl.java:setRole(171)) - 22ce2f4b-d517-44cf-8041-712d813e08f3:group-1F541D4A4B12 changes role from null to FOLLOWER at term 0 for startAsFollower
2019-09-12 10:31:31,973 [pool-145-thread-1] INFO  impl.RoleInfo (RoleInfo.java:updateAndGet(143)) - 22ce2f4b-d517-44cf-8041-712d813e08f3: start FollowerState
2019-09-12 10:31:31,973 [pool-145-thread-1] INFO  util.JmxRegister (JmxRegister.java:tryRegister(44)) - Successfully registered JMX Bean with object name Ratis:service=RaftServer,group=group-1F541D4A4B12,id=22ce2f4b-d517-44cf-8041-712d813e08f3
2019-09-12 10:31:31,976 [RatisPipelineUtilsThread] INFO  pipeline.PipelineStateManager (PipelineStateManager.java:addPipeline(56)) - Created pipeline Pipeline[ Id: e0d1d128-8938-45af-80b9-1f541d4a4b12, Nodes: 22ce2f4b-d517-44cf-8041-712d813e08f3{ip: 192.168.36.114, host: pr-hdds-1569-58hkm-1881083799, networkLocation: /default-rack, certSerialId: null}, Type:RATIS, Factor:ONE, State:OPEN]
2019-09-12 10:31:31,977 [RatisPipelineUtilsThread] ERROR pipeline.PipelinePlacementPolicy (PipelinePlacementPolicy.java:meetCriteria(92)) - Pipeline Placement: Doesn't meet the criteria to be viable node. Heaviness: 6
2019-09-12 10:31:31,977 [RatisPipelineUtilsThread] ERROR pipeline.PipelinePlacementPolicy (PipelinePlacementPolicy.java:meetCriteria(92)) - Pipeline Placement: Doesn't meet the criteria to be viable node. Heaviness: 6
2019-09-12 10:31:31,977 [RatisPipelineUtilsThread] ERROR pipeline.PipelinePlacementPolicy (PipelinePlacementPolicy.java:meetCriteria(92)) - Pipeline Placement: Doesn't meet the criteria to be viable node. Heaviness: 6
2019-09-12 10:31:31,977 [RatisPipelineUtilsThread] ERROR pipeline.PipelinePlacementPolicy (PipelinePlacementPolicy.java:filterViableNodes(147)) - Unable to find enough nodes that meet the criteria that cannot engage in more than 5 pipelines. Nodes required: 1 Found: 0, healthy nodes count inNodeManager: 3.
2019-09-12 10:31:31,977 [RatisPipelineUtilsThread] ERROR pipeline.SCMPipelineManager (SCMPipelineManager.java:createPipeline(161)) - Pipeline creation failed due to exception: Unable to find enough nodes that meet the criteria that cannot engage in more than 5 pipelines. Nodes required: 1 Found: 0, healthy nodes count inNodeManager: 3.
2019-09-12 10:31:31,977 [RatisPipelineUtilsThread] ERROR pipeline.PipelinePlacementPolicy (PipelinePlacementPolicy.java:meetCriteria(92)) - Pipeline Placement: Doesn't meet the criteria to be viable node. Heaviness: 6
2019-09-12 10:31:31,977 [RatisPipelineUtilsThread] ERROR pipeline.PipelinePlacementPolicy (PipelinePlacementPolicy.java:meetCriteria(92)) - Pipeline Placement: Doesn't meet the criteria to be viable node. Heaviness: 6
2019-09-12 10:31:31,978 [RatisPipelineUtilsThread] ERROR pipeline.PipelinePlacementPolicy (PipelinePlacementPolicy.java:meetCriteria(92)) - Pipeline Placement: Doesn't meet the criteria to be viable node. Heaviness: 6
2019-09-12 10:31:31,978 [RatisPipelineUtilsThread] ERROR pipeline.PipelinePlacementPolicy (PipelinePlacementPolicy.java:filterViableNodes(147)) - Unable to find enough nodes that meet the criteria that cannot engage in more than 5 pipelines. Nodes required: 3 Found: 0, healthy nodes count inNodeManager: 3.
2019-09-12 10:31:31,978 [RatisPipelineUtilsThread] ERROR pipeline.SCMPipelineManager (SCMPipelineManager.java:createPipeline(161)) - Pipeline creation failed due to exception: Unable to find enough nodes that meet the criteria that cannot engage in more than 5 pipelines. Nodes required: 3 Found: 0, healthy nodes count inNodeManager: 3.
2019-09-12 10:31:31,978 [RatisPipelineUtilsThread] ERROR pipeline.PipelinePlacementPolicy (PipelinePlacementPolicy.java:meetCriteria(92)) - Pipeline Placement: Doesn't meet the criteria to be viable node. Heaviness: 6
2019-09-12 10:31:31,978 [RatisPipelineUtilsThread] ERROR pipeline.PipelinePlacementPolicy (PipelinePlacementPolicy.java:meetCriteria(92)) - Pipeline Placement: Doesn't meet the criteria to be viable node. Heaviness: 6
2019-09-12 10:31:31,978 [RatisPipelineUtilsThread] ERROR pipeline.PipelinePlacementPolicy (PipelinePlacementPolicy.java:meetCriteria(92)) - Pipeline Placement: Doesn't meet the criteria to be viable node. Heaviness: 6
2019-09-12 10:31:31,978 [RatisPipelineUtilsThread] ERROR pipeline.PipelinePlacementPolicy (PipelinePlacementPolicy.java:filterViableNodes(147)) - Unable to find enough nodes that meet the criteria that cannot engage in more than 5 pipelines. Nodes required: 1 Found: 0, healthy nodes count inNodeManager: 3.
2019-09-12 10:31:31,978 [RatisPipelineUtilsThread] ERROR pipeline.SCMPipelineManager (SCMPipelineManager.java:createPipeline(161)) - Pipeline creation failed due to exception: Unable to find enough nodes that meet the criteria that cannot engage in more than 5 pipelines. Nodes required: 1 Found: 0, healthy nodes count inNodeManager: 3.
2019-09-12 10:31:31,979 [RatisPipelineUtilsThread] ERROR pipeline.PipelinePlacementPolicy (PipelinePlacementPolicy.java:meetCriteria(92)) - Pipeline Placement: Doesn't meet the criteria to be viable node. Heaviness: 6
2019-09-12 10:31:31,979 [RatisPipelineUtilsThread] ERROR pipeline.PipelinePlacementPolicy (PipelinePlacementPolicy.java:meetCriteria(92)) - Pipeline Placement: Doesn't meet the criteria to be viable node. Heaviness: 6
2019-09-12 10:31:31,979 [RatisPipelineUtilsThread] ERROR pipeline.PipelinePlacementPolicy (PipelinePlacementPolicy.java:meetCriteria(92)) - Pipeline Placement: Doesn't meet the criteria to be viable node. Heaviness: 6
2019-09-12 10:31:31,979 [RatisPipelineUtilsThread] ERROR pipeline.PipelinePlacementPolicy (PipelinePlacementPolicy.java:filterViableNodes(147)) - Unable to find enough nodes that meet the criteria that cannot engage in more than 5 pipelines. Nodes required: 3 Found: 0, healthy nodes count inNodeManager: 3.
2019-09-12 10:31:31,979 [RatisPipelineUtilsThread] ERROR pipeline.SCMPipelineManager (SCMPipelineManager.java:createPipeline(161)) - Pipeline creation failed due to exception: Unable to find enough nodes that meet the criteria that cannot engage in more than 5 pipelines. Nodes required: 3 Found: 0, healthy nodes count inNodeManager: 3.
2019-09-12 10:31:32,066 [IPC Server handler 0 on 45356] INFO  net.NetworkTopology (NetworkTopologyImpl.java:add(110)) - Added a new node: /default-rack/c54af6f8-a22e-478f-90e1-029d14059a99
2019-09-12 10:31:32,067 [RatisPipelineUtilsThread] ERROR pipeline.PipelinePlacementPolicy (PipelinePlacementPolicy.java:meetCriteria(92)) - Pipeline Placement: Doesn't meet the criteria to be viable node. Heaviness: 6
2019-09-12 10:31:32,067 [RatisPipelineUtilsThread] ERROR pipeline.PipelinePlacementPolicy (PipelinePlacementPolicy.java:meetCriteria(92)) - Pipeline Placement: Doesn't meet the criteria to be viable node. Heaviness: 6
2019-09-12 10:31:32,067 [RatisPipelineUtilsThread] ERROR pipeline.PipelinePlacementPolicy (PipelinePlacementPolicy.java:meetCriteria(92)) - Pipeline Placement: Doesn't meet the criteria to be viable node. Heaviness: 6
2019-09-12 10:31:32,067 [IPC Server handler 0 on 45356] INFO  node.SCMNodeManager (SCMNodeManager.java:register(273)) - Registered Data node : c54af6f8-a22e-478f-90e1-029d14059a99{ip: 192.168.36.114, host: pr-hdds-1569-58hkm-1881083799, networkLocation: /default-rack, certSerialId: null}
2019-09-12 10:31:32,068 | INFO  | SCMAudit | user=jenkins1000 | ip=192.168.36.114 | op=REGISTER {datanodeDetails=c54af6f8-a22e-478f-90e1-029d14059a99{ip: 192.168.36.114, host: pr-hdds-1569-58hkm-1881083799, networkLocation: /default-rack, certSerialId: null}} | ret=SUCCESS |  
2019-09-12 10:31:32,085 [grpc-default-executor-0] INFO  impl.RaftServerProxy (RaftServerProxy.java:addNew(89)) - c54af6f8-a22e-478f-90e1-029d14059a99: addNew group-5E80A228A21A:[c54af6f8-a22e-478f-90e1-029d14059a99:192.168.36.114:44604] returns group-5E80A228A21A:java.util.concurrent.CompletableFuture@574e9ad6[Not completed]
2019-09-12 10:31:32,088 [pool-156-thread-1] INFO  impl.RaftServerImpl (RaftServerImpl.java:<init>(93)) - c54af6f8-a22e-478f-90e1-029d14059a99: new RaftServerImpl for group-5E80A228A21A:[c54af6f8-a22e-478f-90e1-029d14059a99:192.168.36.114:44604] with ContainerStateMachine:uninitialized
2019-09-12 10:31:32,089 [pool-156-thread-1] INFO  server.RaftServerConfigKeys (ConfUtils.java:logGet(43)) - raft.server.rpc.timeout.min = 5s (custom)
2019-09-12 10:31:32,089 [pool-156-thread-1] INFO  server.RaftServerConfigKeys (ConfUtils.java:logGet(43)) - raft.server.rpc.timeout.max = 5200ms (custom)
2019-09-12 10:31:32,089 [pool-156-thread-1] INFO  server.RaftServerConfigKeys (ConfUtils.java:logGet(43)) - raft.server.rpcslowness.timeout = 120s (custom)
2019-09-12 10:31:32,089 [pool-156-thread-1] INFO  server.RaftServerConfigKeys (ConfUtils.java:logGet(43)) - raft.server.sleep.deviation.threshold = 300 (default)
2019-09-12 10:31:32,089 [pool-156-thread-1] INFO  server.RaftServerConfigKeys (ConfUtils.java:logGet(43)) - raft.server.log.appender.install.snapshot.enabled = false (custom)
2019-09-12 10:31:32,090 | INFO  | SCMAudit | user=jenkins1000 | ip=192.168.36.114 | op=SEND_HEARTBEAT {datanodeUUID=2cb9d557-cb56-4745-8686-5e72b62e748a, command=[]} | ret=SUCCESS |  
2019-09-12 10:31:32,090 [pool-156-thread-1] INFO  impl.RaftServerImpl (ServerState.java:<init>(105)) - c54af6f8-a22e-478f-90e1-029d14059a99:group-5E80A228A21A ConfigurationManager, init=-1: [c54af6f8-a22e-478f-90e1-029d14059a99:192.168.36.114:44604], old=null, confs=<EMPTY_MAP>
2019-09-12 10:31:32,090 [pool-156-thread-1] INFO  server.RaftServerConfigKeys (ConfUtils.java:logGet(43)) - raft.server.storage.dir = [/workdir/hadoop-ozone/integration-test/target/test-dir/MiniOzoneClusterImpl-87a68f7a-76d1-4e01-bf62-4b4b582b7243/datanode-3/data/ratis] (custom)
2019-09-12 10:31:32,090 [pool-156-thread-1] INFO  storage.RaftStorageDirectory (RaftStorageDirectory.java:analyzeStorage(246)) - The storage directory /workdir/hadoop-ozone/integration-test/target/test-dir/MiniOzoneClusterImpl-87a68f7a-76d1-4e01-bf62-4b4b582b7243/datanode-3/data/ratis/6350e923-d6e9-4e70-8768-5e80a228a21a does not exist. Creating ...
2019-09-12 10:31:32,105 [pool-156-thread-1] INFO  storage.RaftStorageDirectory (RaftStorageDirectory.java:tryLock(328)) - Lock on /workdir/hadoop-ozone/integration-test/target/test-dir/MiniOzoneClusterImpl-87a68f7a-76d1-4e01-bf62-4b4b582b7243/datanode-3/data/ratis/6350e923-d6e9-4e70-8768-5e80a228a21a/in_use.lock acquired by nodename 1396@pr-hdds-1569-58hkm-1881083799
2019-09-12 10:31:32,121 [pool-156-thread-1] INFO  storage.RaftStorage (RaftStorage.java:format(72)) - Storage directory /workdir/hadoop-ozone/integration-test/target/test-dir/MiniOzoneClusterImpl-87a68f7a-76d1-4e01-bf62-4b4b582b7243/datanode-3/data/ratis/6350e923-d6e9-4e70-8768-5e80a228a21a has been successfully formatted.
2019-09-12 10:31:32,121 [pool-156-thread-1] INFO  ratis.ContainerStateMachine (ContainerStateMachine.java:loadSnapshot(226)) - group-5E80A228A21A: The snapshot info is null. Setting the last applied indexto:(t:0, i:~)
2019-09-12 10:31:32,121 [pool-156-thread-1] INFO  server.RaftServerConfigKeys (ConfUtils.java:logGet(43)) - raft.server.leader.election.timeout = 120s (custom)
2019-09-12 10:31:32,122 [pool-156-thread-1] INFO  server.RaftServerConfigKeys (ConfUtils.java:logGet(43)) - raft.server.log.use.memory = false (default)
2019-09-12 10:31:32,122 [pool-156-thread-1] INFO  server.RaftServerConfigKeys (ConfUtils.java:logGet(43)) - raft.server.log.purge.gap = 1000000 (custom)
2019-09-12 10:31:32,122 [pool-156-thread-1] INFO  server.RaftServerConfigKeys (ConfUtils.java:logGet(43)) - raft.server.log.appender.buffer.byte-limit = 33554432 (custom)
2019-09-12 10:31:32,122 [pool-156-thread-1] INFO  server.RaftServerConfigKeys (ConfUtils.java:logGet(43)) - raft.server.log.segment.size.max = 1048576 (custom)
2019-09-12 10:31:32,122 [pool-156-thread-1] INFO  server.RaftServerConfigKeys (ConfUtils.java:logGet(43)) - raft.server.log.segment.cache.num.max = 2 (custom)
2019-09-12 10:31:32,122 [pool-156-thread-1] INFO  segmented.SegmentedRaftLogWorker (SegmentedRaftLogWorker.java:<init>(172)) - new c54af6f8-a22e-478f-90e1-029d14059a99-SegmentedRaftLogWorker:Storage Directory /workdir/hadoop-ozone/integration-test/target/test-dir/MiniOzoneClusterImpl-87a68f7a-76d1-4e01-bf62-4b4b582b7243/datanode-3/data/ratis/6350e923-d6e9-4e70-8768-5e80a228a21a for RaftStorage:Storage Directory /workdir/hadoop-ozone/integration-test/target/test-dir/MiniOzoneClusterImpl-87a68f7a-76d1-4e01-bf62-4b4b582b7243/datanode-3/data/ratis/6350e923-d6e9-4e70-8768-5e80a228a21a
2019-09-12 10:31:32,123 [pool-156-thread-1] INFO  server.RaftServerConfigKeys (ConfUtils.java:logGet(43)) - raft.server.log.queue.byte-limit = 2147483647 (custom)
2019-09-12 10:31:32,123 [pool-156-thread-1] INFO  server.RaftServerConfigKeys (ConfUtils.java:logGet(43)) - raft.server.log.queue.element-limit = 1024 (custom)
2019-09-12 10:31:32,123 [pool-156-thread-1] INFO  server.RaftServerConfigKeys (ConfUtils.java:logGet(43)) - raft.server.log.segment.size.max = 1048576 (custom)
2019-09-12 10:31:32,123 [pool-156-thread-1] INFO  server.RaftServerConfigKeys (ConfUtils.java:logGet(43)) - raft.server.log.preallocated.size = 16384 (custom)
2019-09-12 10:31:32,123 [pool-156-thread-1] INFO  server.RaftServerConfigKeys (ConfUtils.java:logGet(43)) - raft.server.log.write.buffer.size = 33554432 (custom)
2019-09-12 10:31:32,124 [pool-156-thread-1] INFO  server.RaftServerConfigKeys (ConfUtils.java:logGet(43)) - raft.server.log.force.sync.num = 128 (default)
2019-09-12 10:31:32,124 [pool-156-thread-1] INFO  server.RaftServerConfigKeys (ConfUtils.java:logGet(43)) - raft.server.log.statemachine.data.sync = true (default)
2019-09-12 10:31:32,124 [pool-156-thread-1] INFO  server.RaftServerConfigKeys (ConfUtils.java:logGet(43)) - raft.server.log.statemachine.data.sync.timeout = 10s (default)
2019-09-12 10:31:32,124 [pool-156-thread-1] INFO  server.RaftServerConfigKeys (ConfUtils.java:logGet(43)) - raft.server.log.statemachine.data.sync.timeout.retry = -1 (default)
2019-09-12 10:31:32,124 [pool-156-thread-1] INFO  server.RaftServerConfigKeys (ConfUtils.java:logGet(43)) - raft.server.log.statemachine.data.caching.enabled = true (custom)
2019-09-12 10:31:32,125 [pool-156-thread-1] INFO  segmented.SegmentedRaftLogWorker (SegmentedRaftLogWorker.java:lambda$new$0(132)) - c54af6f8-a22e-478f-90e1-029d14059a99-SegmentedRaftLogWorker:Storage Directory /workdir/hadoop-ozone/integration-test/target/test-dir/MiniOzoneClusterImpl-87a68f7a-76d1-4e01-bf62-4b4b582b7243/datanode-3/data/ratis/6350e923-d6e9-4e70-8768-5e80a228a21a: flushIndex: setUnconditionally 0 -> -1
2019-09-12 10:31:32,125 [pool-156-thread-1] INFO  server.RaftServerConfigKeys (ConfUtils.java:logGet(43)) - raft.server.snapshot.auto.trigger.enabled = true (custom)
2019-09-12 10:31:32,126 [pool-156-thread-1] INFO  server.RaftServerConfigKeys (ConfUtils.java:logGet(43)) - raft.server.snapshot.auto.trigger.threshold = 10000 (custom)
2019-09-12 10:31:32,126 [pool-156-thread-1] INFO  server.RaftServerConfigKeys (ConfUtils.java:logGet(43)) - raft.server.retrycache.expirytime = 600000ms (custom)
2019-09-12 10:31:32,126 [pool-156-thread-1] INFO  impl.RaftServerImpl (RaftServerImpl.java:start(180)) - c54af6f8-a22e-478f-90e1-029d14059a99: start group-5E80A228A21A
2019-09-12 10:31:32,126 [pool-156-thread-1] INFO  impl.RaftServerImpl (RaftServerImpl.java:setRole(171)) - c54af6f8-a22e-478f-90e1-029d14059a99:group-5E80A228A21A changes role from null to FOLLOWER at term 0 for startAsFollower
2019-09-12 10:31:32,126 [pool-156-thread-1] INFO  impl.RoleInfo (RoleInfo.java:updateAndGet(143)) - c54af6f8-a22e-478f-90e1-029d14059a99: start FollowerState
2019-09-12 10:31:32,127 [pool-156-thread-1] INFO  util.JmxRegister (JmxRegister.java:tryRegister(44)) - Successfully registered JMX Bean with object name Ratis:service=RaftServer,group=group-5E80A228A21A,id=c54af6f8-a22e-478f-90e1-029d14059a99
2019-09-12 10:31:32,130 [RatisPipelineUtilsThread] INFO  pipeline.PipelineStateManager (PipelineStateManager.java:addPipeline(56)) - Created pipeline Pipeline[ Id: 6350e923-d6e9-4e70-8768-5e80a228a21a, Nodes: c54af6f8-a22e-478f-90e1-029d14059a99{ip: 192.168.36.114, host: pr-hdds-1569-58hkm-1881083799, networkLocation: /default-rack, certSerialId: null}, Type:RATIS, Factor:ONE, State:OPEN]
2019-09-12 10:31:32,130 [RatisPipelineUtilsThread] ERROR pipeline.PipelinePlacementPolicy (PipelinePlacementPolicy.java:meetCriteria(92)) - Pipeline Placement: Doesn't meet the criteria to be viable node. Heaviness: 6
2019-09-12 10:31:32,131 [RatisPipelineUtilsThread] ERROR pipeline.PipelinePlacementPolicy (PipelinePlacementPolicy.java:meetCriteria(92)) - Pipeline Placement: Doesn't meet the criteria to be viable node. Heaviness: 6
2019-09-12 10:31:32,131 [RatisPipelineUtilsThread] ERROR pipeline.PipelinePlacementPolicy (PipelinePlacementPolicy.java:meetCriteria(92)) - Pipeline Placement: Doesn't meet the criteria to be viable node. Heaviness: 6
2019-09-12 10:31:32,145 [grpc-default-executor-0] INFO  impl.RaftServerProxy (RaftServerProxy.java:addNew(89)) - c54af6f8-a22e-478f-90e1-029d14059a99: addNew group-5E4C629C038B:[c54af6f8-a22e-478f-90e1-029d14059a99:192.168.36.114:44604] returns group-5E4C629C038B:java.util.concurrent.CompletableFuture@2d5d376[Not completed]
2019-09-12 10:31:32,147 [pool-156-thread-1] INFO  impl.RaftServerImpl (RaftServerImpl.java:<init>(93)) - c54af6f8-a22e-478f-90e1-029d14059a99: new RaftServerImpl for group-5E4C629C038B:[c54af6f8-a22e-478f-90e1-029d14059a99:192.168.36.114:44604] with ContainerStateMachine:uninitialized
2019-09-12 10:31:32,148 [pool-156-thread-1] INFO  server.RaftServerConfigKeys (ConfUtils.java:logGet(43)) - raft.server.rpc.timeout.min = 5s (custom)
2019-09-12 10:31:32,148 [pool-156-thread-1] INFO  server.RaftServerConfigKeys (ConfUtils.java:logGet(43)) - raft.server.rpc.timeout.max = 5200ms (custom)
2019-09-12 10:31:32,148 [pool-156-thread-1] INFO  server.RaftServerConfigKeys (ConfUtils.java:logGet(43)) - raft.server.rpcslowness.timeout = 120s (custom)
2019-09-12 10:31:32,148 [pool-156-thread-1] INFO  server.RaftServerConfigKeys (ConfUtils.java:logGet(43)) - raft.server.sleep.deviation.threshold = 300 (default)
2019-09-12 10:31:32,148 [pool-156-thread-1] INFO  server.RaftServerConfigKeys (ConfUtils.java:logGet(43)) - raft.server.log.appender.install.snapshot.enabled = false (custom)
2019-09-12 10:31:32,148 [pool-156-thread-1] INFO  impl.RaftServerImpl (ServerState.java:<init>(105)) - c54af6f8-a22e-478f-90e1-029d14059a99:group-5E4C629C038B ConfigurationManager, init=-1: [c54af6f8-a22e-478f-90e1-029d14059a99:192.168.36.114:44604], old=null, confs=<EMPTY_MAP>
2019-09-12 10:31:32,149 [pool-156-thread-1] INFO  server.RaftServerConfigKeys (ConfUtils.java:logGet(43)) - raft.server.storage.dir = [/workdir/hadoop-ozone/integration-test/target/test-dir/MiniOzoneClusterImpl-87a68f7a-76d1-4e01-bf62-4b4b582b7243/datanode-3/data/ratis] (custom)
2019-09-12 10:31:32,149 [pool-156-thread-1] INFO  storage.RaftStorageDirectory (RaftStorageDirectory.java:analyzeStorage(246)) - The storage directory /workdir/hadoop-ozone/integration-test/target/test-dir/MiniOzoneClusterImpl-87a68f7a-76d1-4e01-bf62-4b4b582b7243/datanode-3/data/ratis/9b25e741-a815-4659-a905-5e4c629c038b does not exist. Creating ...
2019-09-12 10:31:32,162 [pool-156-thread-1] INFO  storage.RaftStorageDirectory (RaftStorageDirectory.java:tryLock(328)) - Lock on /workdir/hadoop-ozone/integration-test/target/test-dir/MiniOzoneClusterImpl-87a68f7a-76d1-4e01-bf62-4b4b582b7243/datanode-3/data/ratis/9b25e741-a815-4659-a905-5e4c629c038b/in_use.lock acquired by nodename 1396@pr-hdds-1569-58hkm-1881083799
2019-09-12 10:31:32,177 [pool-156-thread-1] INFO  storage.RaftStorage (RaftStorage.java:format(72)) - Storage directory /workdir/hadoop-ozone/integration-test/target/test-dir/MiniOzoneClusterImpl-87a68f7a-76d1-4e01-bf62-4b4b582b7243/datanode-3/data/ratis/9b25e741-a815-4659-a905-5e4c629c038b has been successfully formatted.
2019-09-12 10:31:32,178 [pool-156-thread-1] INFO  ratis.ContainerStateMachine (ContainerStateMachine.java:loadSnapshot(226)) - group-5E4C629C038B: The snapshot info is null. Setting the last applied indexto:(t:0, i:~)
2019-09-12 10:31:32,178 [pool-156-thread-1] INFO  server.RaftServerConfigKeys (ConfUtils.java:logGet(43)) - raft.server.leader.election.timeout = 120s (custom)
2019-09-12 10:31:32,178 [pool-156-thread-1] INFO  server.RaftServerConfigKeys (ConfUtils.java:logGet(43)) - raft.server.log.use.memory = false (default)
2019-09-12 10:31:32,178 [pool-156-thread-1] INFO  server.RaftServerConfigKeys (ConfUtils.java:logGet(43)) - raft.server.log.purge.gap = 1000000 (custom)
2019-09-12 10:31:32,178 [pool-156-thread-1] INFO  server.RaftServerConfigKeys (ConfUtils.java:logGet(43)) - raft.server.log.appender.buffer.byte-limit = 33554432 (custom)
2019-09-12 10:31:32,179 [pool-156-thread-1] INFO  server.RaftServerConfigKeys (ConfUtils.java:logGet(43)) - raft.server.log.segment.size.max = 1048576 (custom)
2019-09-12 10:31:32,179 [pool-156-thread-1] INFO  server.RaftServerConfigKeys (ConfUtils.java:logGet(43)) - raft.server.log.segment.cache.num.max = 2 (custom)
2019-09-12 10:31:32,179 [pool-156-thread-1] INFO  segmented.SegmentedRaftLogWorker (SegmentedRaftLogWorker.java:<init>(172)) - new c54af6f8-a22e-478f-90e1-029d14059a99-SegmentedRaftLogWorker:Storage Directory /workdir/hadoop-ozone/integration-test/target/test-dir/MiniOzoneClusterImpl-87a68f7a-76d1-4e01-bf62-4b4b582b7243/datanode-3/data/ratis/9b25e741-a815-4659-a905-5e4c629c038b for RaftStorage:Storage Directory /workdir/hadoop-ozone/integration-test/target/test-dir/MiniOzoneClusterImpl-87a68f7a-76d1-4e01-bf62-4b4b582b7243/datanode-3/data/ratis/9b25e741-a815-4659-a905-5e4c629c038b
2019-09-12 10:31:32,179 [pool-156-thread-1] INFO  server.RaftServerConfigKeys (ConfUtils.java:logGet(43)) - raft.server.log.queue.byte-limit = 2147483647 (custom)
2019-09-12 10:31:32,179 [pool-156-thread-1] INFO  server.RaftServerConfigKeys (ConfUtils.java:logGet(43)) - raft.server.log.queue.element-limit = 1024 (custom)
2019-09-12 10:31:32,179 [pool-156-thread-1] INFO  server.RaftServerConfigKeys (ConfUtils.java:logGet(43)) - raft.server.log.segment.size.max = 1048576 (custom)
2019-09-12 10:31:32,180 [pool-156-thread-1] INFO  server.RaftServerConfigKeys (ConfUtils.java:logGet(43)) - raft.server.log.preallocated.size = 16384 (custom)
2019-09-12 10:31:32,180 [pool-156-thread-1] INFO  server.RaftServerConfigKeys (ConfUtils.java:logGet(43)) - raft.server.log.write.buffer.size = 33554432 (custom)
2019-09-12 10:31:32,180 [pool-156-thread-1] INFO  server.RaftServerConfigKeys (ConfUtils.java:logGet(43)) - raft.server.log.force.sync.num = 128 (default)
2019-09-12 10:31:32,180 [pool-156-thread-1] INFO  server.RaftServerConfigKeys (ConfUtils.java:logGet(43)) - raft.server.log.statemachine.data.sync = true (default)
2019-09-12 10:31:32,180 [pool-156-thread-1] INFO  server.RaftServerConfigKeys (ConfUtils.java:logGet(43)) - raft.server.log.statemachine.data.sync.timeout = 10s (default)
2019-09-12 10:31:32,180 [pool-156-thread-1] INFO  server.RaftServerConfigKeys (ConfUtils.java:logGet(43)) - raft.server.log.statemachine.data.sync.timeout.retry = -1 (default)
2019-09-12 10:31:32,180 [pool-156-thread-1] INFO  server.RaftServerConfigKeys (ConfUtils.java:logGet(43)) - raft.server.log.statemachine.data.caching.enabled = true (custom)
2019-09-12 10:31:32,181 [pool-156-thread-1] INFO  segmented.SegmentedRaftLogWorker (SegmentedRaftLogWorker.java:lambda$new$0(132)) - c54af6f8-a22e-478f-90e1-029d14059a99-SegmentedRaftLogWorker:Storage Directory /workdir/hadoop-ozone/integration-test/target/test-dir/MiniOzoneClusterImpl-87a68f7a-76d1-4e01-bf62-4b4b582b7243/datanode-3/data/ratis/9b25e741-a815-4659-a905-5e4c629c038b: flushIndex: setUnconditionally 0 -> -1
2019-09-12 10:31:32,181 [pool-156-thread-1] INFO  server.RaftServerConfigKeys (ConfUtils.java:logGet(43)) - raft.server.snapshot.auto.trigger.enabled = true (custom)
2019-09-12 10:31:32,181 [pool-156-thread-1] INFO  server.RaftServerConfigKeys (ConfUtils.java:logGet(43)) - raft.server.snapshot.auto.trigger.threshold = 10000 (custom)
2019-09-12 10:31:32,182 [pool-156-thread-1] INFO  server.RaftServerConfigKeys (ConfUtils.java:logGet(43)) - raft.server.retrycache.expirytime = 600000ms (custom)
2019-09-12 10:31:32,182 [pool-156-thread-1] INFO  impl.RaftServerImpl (RaftServerImpl.java:start(180)) - c54af6f8-a22e-478f-90e1-029d14059a99: start group-5E4C629C038B
2019-09-12 10:31:32,182 [pool-156-thread-1] INFO  impl.RaftServerImpl (RaftServerImpl.java:setRole(171)) - c54af6f8-a22e-478f-90e1-029d14059a99:group-5E4C629C038B changes role from null to FOLLOWER at term 0 for startAsFollower
2019-09-12 10:31:32,182 [pool-156-thread-1] INFO  impl.RoleInfo (RoleInfo.java:updateAndGet(143)) - c54af6f8-a22e-478f-90e1-029d14059a99: start FollowerState
2019-09-12 10:31:32,183 [pool-156-thread-1] INFO  util.JmxRegister (JmxRegister.java:tryRegister(44)) - Successfully registered JMX Bean with object name Ratis:service=RaftServer,group=group-5E4C629C038B,id=c54af6f8-a22e-478f-90e1-029d14059a99
2019-09-12 10:31:32,186 [RatisPipelineUtilsThread] INFO  pipeline.PipelineStateManager (PipelineStateManager.java:addPipeline(56)) - Created pipeline Pipeline[ Id: 9b25e741-a815-4659-a905-5e4c629c038b, Nodes: c54af6f8-a22e-478f-90e1-029d14059a99{ip: 192.168.36.114, host: pr-hdds-1569-58hkm-1881083799, networkLocation: /default-rack, certSerialId: null}, Type:RATIS, Factor:ONE, State:OPEN]
2019-09-12 10:31:32,187 [RatisPipelineUtilsThread] ERROR pipeline.PipelinePlacementPolicy (PipelinePlacementPolicy.java:meetCriteria(92)) - Pipeline Placement: Doesn't meet the criteria to be viable node. Heaviness: 6
2019-09-12 10:31:32,187 [RatisPipelineUtilsThread] ERROR pipeline.PipelinePlacementPolicy (PipelinePlacementPolicy.java:meetCriteria(92)) - Pipeline Placement: Doesn't meet the criteria to be viable node. Heaviness: 6
2019-09-12 10:31:32,187 [RatisPipelineUtilsThread] ERROR pipeline.PipelinePlacementPolicy (PipelinePlacementPolicy.java:meetCriteria(92)) - Pipeline Placement: Doesn't meet the criteria to be viable node. Heaviness: 6
2019-09-12 10:31:32,193 [grpc-default-executor-0] INFO  impl.RaftServerProxy (RaftServerProxy.java:addNew(89)) - c54af6f8-a22e-478f-90e1-029d14059a99: addNew group-C74351621902:[c54af6f8-a22e-478f-90e1-029d14059a99:192.168.36.114:44604] returns group-C74351621902:java.util.concurrent.CompletableFuture@79b5af80[Not completed]
2019-09-12 10:31:32,195 [pool-156-thread-1] INFO  impl.RaftServerImpl (RaftServerImpl.java:<init>(93)) - c54af6f8-a22e-478f-90e1-029d14059a99: new RaftServerImpl for group-C74351621902:[c54af6f8-a22e-478f-90e1-029d14059a99:192.168.36.114:44604] with ContainerStateMachine:uninitialized
2019-09-12 10:31:32,195 [pool-156-thread-1] INFO  server.RaftServerConfigKeys (ConfUtils.java:logGet(43)) - raft.server.rpc.timeout.min = 5s (custom)
2019-09-12 10:31:32,195 [pool-156-thread-1] INFO  server.RaftServerConfigKeys (ConfUtils.java:logGet(43)) - raft.server.rpc.timeout.max = 5200ms (custom)
2019-09-12 10:31:32,195 [pool-156-thread-1] INFO  server.RaftServerConfigKeys (ConfUtils.java:logGet(43)) - raft.server.rpcslowness.timeout = 120s (custom)
2019-09-12 10:31:32,195 [pool-156-thread-1] INFO  server.RaftServerConfigKeys (ConfUtils.java:logGet(43)) - raft.server.sleep.deviation.threshold = 300 (default)
2019-09-12 10:31:32,195 [pool-156-thread-1] INFO  server.RaftServerConfigKeys (ConfUtils.java:logGet(43)) - raft.server.log.appender.install.snapshot.enabled = false (custom)
2019-09-12 10:31:32,196 [pool-156-thread-1] INFO  impl.RaftServerImpl (ServerState.java:<init>(105)) - c54af6f8-a22e-478f-90e1-029d14059a99:group-C74351621902 ConfigurationManager, init=-1: [c54af6f8-a22e-478f-90e1-029d14059a99:192.168.36.114:44604], old=null, confs=<EMPTY_MAP>
2019-09-12 10:31:32,196 [pool-156-thread-1] INFO  server.RaftServerConfigKeys (ConfUtils.java:logGet(43)) - raft.server.storage.dir = [/workdir/hadoop-ozone/integration-test/target/test-dir/MiniOzoneClusterImpl-87a68f7a-76d1-4e01-bf62-4b4b582b7243/datanode-3/data/ratis] (custom)
2019-09-12 10:31:32,196 [pool-156-thread-1] INFO  storage.RaftStorageDirectory (RaftStorageDirectory.java:analyzeStorage(246)) - The storage directory /workdir/hadoop-ozone/integration-test/target/test-dir/MiniOzoneClusterImpl-87a68f7a-76d1-4e01-bf62-4b4b582b7243/datanode-3/data/ratis/984af9e5-265b-4280-b567-c74351621902 does not exist. Creating ...
2019-09-12 10:31:32,210 | INFO  | SCMAudit | user=jenkins1000 | ip=192.168.36.114 | op=SEND_HEARTBEAT {datanodeUUID=accf000b-d7b7-4fa5-9682-da82c4451e10, command=[]} | ret=SUCCESS |  
2019-09-12 10:31:32,221 [pool-156-thread-1] INFO  storage.RaftStorageDirectory (RaftStorageDirectory.java:tryLock(328)) - Lock on /workdir/hadoop-ozone/integration-test/target/test-dir/MiniOzoneClusterImpl-87a68f7a-76d1-4e01-bf62-4b4b582b7243/datanode-3/data/ratis/984af9e5-265b-4280-b567-c74351621902/in_use.lock acquired by nodename 1396@pr-hdds-1569-58hkm-1881083799
2019-09-12 10:31:32,234 [pool-156-thread-1] INFO  storage.RaftStorage (RaftStorage.java:format(72)) - Storage directory /workdir/hadoop-ozone/integration-test/target/test-dir/MiniOzoneClusterImpl-87a68f7a-76d1-4e01-bf62-4b4b582b7243/datanode-3/data/ratis/984af9e5-265b-4280-b567-c74351621902 has been successfully formatted.
2019-09-12 10:31:32,235 [pool-156-thread-1] INFO  ratis.ContainerStateMachine (ContainerStateMachine.java:loadSnapshot(226)) - group-C74351621902: The snapshot info is null. Setting the last applied indexto:(t:0, i:~)
2019-09-12 10:31:32,235 [pool-156-thread-1] INFO  server.RaftServerConfigKeys (ConfUtils.java:logGet(43)) - raft.server.leader.election.timeout = 120s (custom)
2019-09-12 10:31:32,235 [pool-156-thread-1] INFO  server.RaftServerConfigKeys (ConfUtils.java:logGet(43)) - raft.server.log.use.memory = false (default)
2019-09-12 10:31:32,235 [pool-156-thread-1] INFO  server.RaftServerConfigKeys (ConfUtils.java:logGet(43)) - raft.server.log.purge.gap = 1000000 (custom)
2019-09-12 10:31:32,235 [pool-156-thread-1] INFO  server.RaftServerConfigKeys (ConfUtils.java:logGet(43)) - raft.server.log.appender.buffer.byte-limit = 33554432 (custom)
2019-09-12 10:31:32,235 [pool-156-thread-1] INFO  server.RaftServerConfigKeys (ConfUtils.java:logGet(43)) - raft.server.log.segment.size.max = 1048576 (custom)
2019-09-12 10:31:32,235 [pool-156-thread-1] INFO  server.RaftServerConfigKeys (ConfUtils.java:logGet(43)) - raft.server.log.segment.cache.num.max = 2 (custom)
2019-09-12 10:31:32,236 [pool-156-thread-1] INFO  segmented.SegmentedRaftLogWorker (SegmentedRaftLogWorker.java:<init>(172)) - new c54af6f8-a22e-478f-90e1-029d14059a99-SegmentedRaftLogWorker:Storage Directory /workdir/hadoop-ozone/integration-test/target/test-dir/MiniOzoneClusterImpl-87a68f7a-76d1-4e01-bf62-4b4b582b7243/datanode-3/data/ratis/984af9e5-265b-4280-b567-c74351621902 for RaftStorage:Storage Directory /workdir/hadoop-ozone/integration-test/target/test-dir/MiniOzoneClusterImpl-87a68f7a-76d1-4e01-bf62-4b4b582b7243/datanode-3/data/ratis/984af9e5-265b-4280-b567-c74351621902
2019-09-12 10:31:32,236 [pool-156-thread-1] INFO  server.RaftServerConfigKeys (ConfUtils.java:logGet(43)) - raft.server.log.queue.byte-limit = 2147483647 (custom)
2019-09-12 10:31:32,236 [pool-156-thread-1] INFO  server.RaftServerConfigKeys (ConfUtils.java:logGet(43)) - raft.server.log.queue.element-limit = 1024 (custom)
2019-09-12 10:31:32,236 [pool-156-thread-1] INFO  server.RaftServerConfigKeys (ConfUtils.java:logGet(43)) - raft.server.log.segment.size.max = 1048576 (custom)
2019-09-12 10:31:32,236 [pool-156-thread-1] INFO  server.RaftServerConfigKeys (ConfUtils.java:logGet(43)) - raft.server.log.preallocated.size = 16384 (custom)
2019-09-12 10:31:32,236 [pool-156-thread-1] INFO  server.RaftServerConfigKeys (ConfUtils.java:logGet(43)) - raft.server.log.write.buffer.size = 33554432 (custom)
2019-09-12 10:31:32,237 [pool-156-thread-1] INFO  server.RaftServerConfigKeys (ConfUtils.java:logGet(43)) - raft.server.log.force.sync.num = 128 (default)
2019-09-12 10:31:32,237 [pool-156-thread-1] INFO  server.RaftServerConfigKeys (ConfUtils.java:logGet(43)) - raft.server.log.statemachine.data.sync = true (default)
2019-09-12 10:31:32,237 [pool-156-thread-1] INFO  server.RaftServerConfigKeys (ConfUtils.java:logGet(43)) - raft.server.log.statemachine.data.sync.timeout = 10s (default)
2019-09-12 10:31:32,237 [pool-156-thread-1] INFO  server.RaftServerConfigKeys (ConfUtils.java:logGet(43)) - raft.server.log.statemachine.data.sync.timeout.retry = -1 (default)
2019-09-12 10:31:32,237 [pool-156-thread-1] INFO  server.RaftServerConfigKeys (ConfUtils.java:logGet(43)) - raft.server.log.statemachine.data.caching.enabled = true (custom)
2019-09-12 10:31:32,238 [pool-156-thread-1] INFO  segmented.SegmentedRaftLogWorker (SegmentedRaftLogWorker.java:lambda$new$0(132)) - c54af6f8-a22e-478f-90e1-029d14059a99-SegmentedRaftLogWorker:Storage Directory /workdir/hadoop-ozone/integration-test/target/test-dir/MiniOzoneClusterImpl-87a68f7a-76d1-4e01-bf62-4b4b582b7243/datanode-3/data/ratis/984af9e5-265b-4280-b567-c74351621902: flushIndex: setUnconditionally 0 -> -1
2019-09-12 10:31:32,238 [pool-156-thread-1] INFO  server.RaftServerConfigKeys (ConfUtils.java:logGet(43)) - raft.server.snapshot.auto.trigger.enabled = true (custom)
2019-09-12 10:31:32,238 [pool-156-thread-1] INFO  server.RaftServerConfigKeys (ConfUtils.java:logGet(43)) - raft.server.snapshot.auto.trigger.threshold = 10000 (custom)
2019-09-12 10:31:32,238 [pool-156-thread-1] INFO  server.RaftServerConfigKeys (ConfUtils.java:logGet(43)) - raft.server.retrycache.expirytime = 600000ms (custom)
2019-09-12 10:31:32,238 [pool-156-thread-1] INFO  impl.RaftServerImpl (RaftServerImpl.java:start(180)) - c54af6f8-a22e-478f-90e1-029d14059a99: start group-C74351621902
2019-09-12 10:31:32,239 [pool-156-thread-1] INFO  impl.RaftServerImpl (RaftServerImpl.java:setRole(171)) - c54af6f8-a22e-478f-90e1-029d14059a99:group-C74351621902 changes role from null to FOLLOWER at term 0 for startAsFollower
2019-09-12 10:31:32,239 [pool-156-thread-1] INFO  impl.RoleInfo (RoleInfo.java:updateAndGet(143)) - c54af6f8-a22e-478f-90e1-029d14059a99: start FollowerState
2019-09-12 10:31:32,239 [pool-156-thread-1] INFO  util.JmxRegister (JmxRegister.java:tryRegister(44)) - Successfully registered JMX Bean with object name Ratis:service=RaftServer,group=group-C74351621902,id=c54af6f8-a22e-478f-90e1-029d14059a99
2019-09-12 10:31:32,242 [RatisPipelineUtilsThread] INFO  pipeline.PipelineStateManager (PipelineStateManager.java:addPipeline(56)) - Created pipeline Pipeline[ Id: 984af9e5-265b-4280-b567-c74351621902, Nodes: c54af6f8-a22e-478f-90e1-029d14059a99{ip: 192.168.36.114, host: pr-hdds-1569-58hkm-1881083799, networkLocation: /default-rack, certSerialId: null}, Type:RATIS, Factor:ONE, State:OPEN]
2019-09-12 10:31:32,242 [RatisPipelineUtilsThread] ERROR pipeline.PipelinePlacementPolicy (PipelinePlacementPolicy.java:meetCriteria(92)) - Pipeline Placement: Doesn't meet the criteria to be viable node. Heaviness: 6
2019-09-12 10:31:32,243 [RatisPipelineUtilsThread] ERROR pipeline.PipelinePlacementPolicy (PipelinePlacementPolicy.java:meetCriteria(92)) - Pipeline Placement: Doesn't meet the criteria to be viable node. Heaviness: 6
2019-09-12 10:31:32,243 [RatisPipelineUtilsThread] ERROR pipeline.PipelinePlacementPolicy (PipelinePlacementPolicy.java:meetCriteria(92)) - Pipeline Placement: Doesn't meet the criteria to be viable node. Heaviness: 6
2019-09-12 10:31:32,249 [grpc-default-executor-0] INFO  impl.RaftServerProxy (RaftServerProxy.java:addNew(89)) - c54af6f8-a22e-478f-90e1-029d14059a99: addNew group-D03399840855:[c54af6f8-a22e-478f-90e1-029d14059a99:192.168.36.114:44604] returns group-D03399840855:java.util.concurrent.CompletableFuture@1504bb6b[Not completed]
2019-09-12 10:31:32,251 [pool-156-thread-1] INFO  impl.RaftServerImpl (RaftServerImpl.java:<init>(93)) - c54af6f8-a22e-478f-90e1-029d14059a99: new RaftServerImpl for group-D03399840855:[c54af6f8-a22e-478f-90e1-029d14059a99:192.168.36.114:44604] with ContainerStateMachine:uninitialized
2019-09-12 10:31:32,251 [pool-156-thread-1] INFO  server.RaftServerConfigKeys (ConfUtils.java:logGet(43)) - raft.server.rpc.timeout.min = 5s (custom)
2019-09-12 10:31:32,251 [pool-156-thread-1] INFO  server.RaftServerConfigKeys (ConfUtils.java:logGet(43)) - raft.server.rpc.timeout.max = 5200ms (custom)
2019-09-12 10:31:32,251 [pool-156-thread-1] INFO  server.RaftServerConfigKeys (ConfUtils.java:logGet(43)) - raft.server.rpcslowness.timeout = 120s (custom)
2019-09-12 10:31:32,251 [pool-156-thread-1] INFO  server.RaftServerConfigKeys (ConfUtils.java:logGet(43)) - raft.server.sleep.deviation.threshold = 300 (default)
2019-09-12 10:31:32,251 [pool-156-thread-1] INFO  server.RaftServerConfigKeys (ConfUtils.java:logGet(43)) - raft.server.log.appender.install.snapshot.enabled = false (custom)
2019-09-12 10:31:32,251 [pool-156-thread-1] INFO  impl.RaftServerImpl (ServerState.java:<init>(105)) - c54af6f8-a22e-478f-90e1-029d14059a99:group-D03399840855 ConfigurationManager, init=-1: [c54af6f8-a22e-478f-90e1-029d14059a99:192.168.36.114:44604], old=null, confs=<EMPTY_MAP>
2019-09-12 10:31:32,252 [pool-156-thread-1] INFO  server.RaftServerConfigKeys (ConfUtils.java:logGet(43)) - raft.server.storage.dir = [/workdir/hadoop-ozone/integration-test/target/test-dir/MiniOzoneClusterImpl-87a68f7a-76d1-4e01-bf62-4b4b582b7243/datanode-3/data/ratis] (custom)
2019-09-12 10:31:32,252 [pool-156-thread-1] INFO  storage.RaftStorageDirectory (RaftStorageDirectory.java:analyzeStorage(246)) - The storage directory /workdir/hadoop-ozone/integration-test/target/test-dir/MiniOzoneClusterImpl-87a68f7a-76d1-4e01-bf62-4b4b582b7243/datanode-3/data/ratis/ba64f88d-75bd-402c-9e31-d03399840855 does not exist. Creating ...
2019-09-12 10:31:32,265 [pool-156-thread-1] INFO  storage.RaftStorageDirectory (RaftStorageDirectory.java:tryLock(328)) - Lock on /workdir/hadoop-ozone/integration-test/target/test-dir/MiniOzoneClusterImpl-87a68f7a-76d1-4e01-bf62-4b4b582b7243/datanode-3/data/ratis/ba64f88d-75bd-402c-9e31-d03399840855/in_use.lock acquired by nodename 1396@pr-hdds-1569-58hkm-1881083799
2019-09-12 10:31:32,279 [pool-156-thread-1] INFO  storage.RaftStorage (RaftStorage.java:format(72)) - Storage directory /workdir/hadoop-ozone/integration-test/target/test-dir/MiniOzoneClusterImpl-87a68f7a-76d1-4e01-bf62-4b4b582b7243/datanode-3/data/ratis/ba64f88d-75bd-402c-9e31-d03399840855 has been successfully formatted.
2019-09-12 10:31:32,280 [pool-156-thread-1] INFO  ratis.ContainerStateMachine (ContainerStateMachine.java:loadSnapshot(226)) - group-D03399840855: The snapshot info is null. Setting the last applied indexto:(t:0, i:~)
2019-09-12 10:31:32,281 [pool-156-thread-1] INFO  server.RaftServerConfigKeys (ConfUtils.java:logGet(43)) - raft.server.leader.election.timeout = 120s (custom)
2019-09-12 10:31:32,281 [pool-156-thread-1] INFO  server.RaftServerConfigKeys (ConfUtils.java:logGet(43)) - raft.server.log.use.memory = false (default)
2019-09-12 10:31:32,281 [pool-156-thread-1] INFO  server.RaftServerConfigKeys (ConfUtils.java:logGet(43)) - raft.server.log.purge.gap = 1000000 (custom)
2019-09-12 10:31:32,281 [pool-156-thread-1] INFO  server.RaftServerConfigKeys (ConfUtils.java:logGet(43)) - raft.server.log.appender.buffer.byte-limit = 33554432 (custom)
2019-09-12 10:31:32,281 [pool-156-thread-1] INFO  server.RaftServerConfigKeys (ConfUtils.java:logGet(43)) - raft.server.log.segment.size.max = 1048576 (custom)
2019-09-12 10:31:32,282 [pool-156-thread-1] INFO  server.RaftServerConfigKeys (ConfUtils.java:logGet(43)) - raft.server.log.segment.cache.num.max = 2 (custom)
2019-09-12 10:31:32,282 [pool-156-thread-1] INFO  segmented.SegmentedRaftLogWorker (SegmentedRaftLogWorker.java:<init>(172)) - new c54af6f8-a22e-478f-90e1-029d14059a99-SegmentedRaftLogWorker:Storage Directory /workdir/hadoop-ozone/integration-test/target/test-dir/MiniOzoneClusterImpl-87a68f7a-76d1-4e01-bf62-4b4b582b7243/datanode-3/data/ratis/ba64f88d-75bd-402c-9e31-d03399840855 for RaftStorage:Storage Directory /workdir/hadoop-ozone/integration-test/target/test-dir/MiniOzoneClusterImpl-87a68f7a-76d1-4e01-bf62-4b4b582b7243/datanode-3/data/ratis/ba64f88d-75bd-402c-9e31-d03399840855
2019-09-12 10:31:32,282 [pool-156-thread-1] INFO  server.RaftServerConfigKeys (ConfUtils.java:logGet(43)) - raft.server.log.queue.byte-limit = 2147483647 (custom)
2019-09-12 10:31:32,282 [pool-156-thread-1] INFO  server.RaftServerConfigKeys (ConfUtils.java:logGet(43)) - raft.server.log.queue.element-limit = 1024 (custom)
2019-09-12 10:31:32,282 [pool-156-thread-1] INFO  server.RaftServerConfigKeys (ConfUtils.java:logGet(43)) - raft.server.log.segment.size.max = 1048576 (custom)
2019-09-12 10:31:32,282 [pool-156-thread-1] INFO  server.RaftServerConfigKeys (ConfUtils.java:logGet(43)) - raft.server.log.preallocated.size = 16384 (custom)
2019-09-12 10:31:32,283 [pool-156-thread-1] INFO  server.RaftServerConfigKeys (ConfUtils.java:logGet(43)) - raft.server.log.write.buffer.size = 33554432 (custom)
2019-09-12 10:31:32,283 [pool-156-thread-1] INFO  server.RaftServerConfigKeys (ConfUtils.java:logGet(43)) - raft.server.log.force.sync.num = 128 (default)
2019-09-12 10:31:32,283 [pool-156-thread-1] INFO  server.RaftServerConfigKeys (ConfUtils.java:logGet(43)) - raft.server.log.statemachine.data.sync = true (default)
2019-09-12 10:31:32,283 [pool-156-thread-1] INFO  server.RaftServerConfigKeys (ConfUtils.java:logGet(43)) - raft.server.log.statemachine.data.sync.timeout = 10s (default)
2019-09-12 10:31:32,283 [pool-156-thread-1] INFO  server.RaftServerConfigKeys (ConfUtils.java:logGet(43)) - raft.server.log.statemachine.data.sync.timeout.retry = -1 (default)
2019-09-12 10:31:32,283 [pool-156-thread-1] INFO  server.RaftServerConfigKeys (ConfUtils.java:logGet(43)) - raft.server.log.statemachine.data.caching.enabled = true (custom)
2019-09-12 10:31:32,284 [pool-156-thread-1] INFO  segmented.SegmentedRaftLogWorker (SegmentedRaftLogWorker.java:lambda$new$0(132)) - c54af6f8-a22e-478f-90e1-029d14059a99-SegmentedRaftLogWorker:Storage Directory /workdir/hadoop-ozone/integration-test/target/test-dir/MiniOzoneClusterImpl-87a68f7a-76d1-4e01-bf62-4b4b582b7243/datanode-3/data/ratis/ba64f88d-75bd-402c-9e31-d03399840855: flushIndex: setUnconditionally 0 -> -1
2019-09-12 10:31:32,284 [pool-156-thread-1] INFO  server.RaftServerConfigKeys (ConfUtils.java:logGet(43)) - raft.server.snapshot.auto.trigger.enabled = true (custom)
2019-09-12 10:31:32,285 [pool-156-thread-1] INFO  server.RaftServerConfigKeys (ConfUtils.java:logGet(43)) - raft.server.snapshot.auto.trigger.threshold = 10000 (custom)
2019-09-12 10:31:32,285 [pool-156-thread-1] INFO  server.RaftServerConfigKeys (ConfUtils.java:logGet(43)) - raft.server.retrycache.expirytime = 600000ms (custom)
2019-09-12 10:31:32,285 [pool-156-thread-1] INFO  impl.RaftServerImpl (RaftServerImpl.java:start(180)) - c54af6f8-a22e-478f-90e1-029d14059a99: start group-D03399840855
2019-09-12 10:31:32,285 [pool-156-thread-1] INFO  impl.RaftServerImpl (RaftServerImpl.java:setRole(171)) - c54af6f8-a22e-478f-90e1-029d14059a99:group-D03399840855 changes role from null to FOLLOWER at term 0 for startAsFollower
2019-09-12 10:31:32,285 [pool-156-thread-1] INFO  impl.RoleInfo (RoleInfo.java:updateAndGet(143)) - c54af6f8-a22e-478f-90e1-029d14059a99: start FollowerState
2019-09-12 10:31:32,286 [pool-156-thread-1] INFO  util.JmxRegister (JmxRegister.java:tryRegister(44)) - Successfully registered JMX Bean with object name Ratis:service=RaftServer,group=group-D03399840855,id=c54af6f8-a22e-478f-90e1-029d14059a99
2019-09-12 10:31:32,294 [RatisPipelineUtilsThread] INFO  pipeline.PipelineStateManager (PipelineStateManager.java:addPipeline(56)) - Created pipeline Pipeline[ Id: ba64f88d-75bd-402c-9e31-d03399840855, Nodes: c54af6f8-a22e-478f-90e1-029d14059a99{ip: 192.168.36.114, host: pr-hdds-1569-58hkm-1881083799, networkLocation: /default-rack, certSerialId: null}, Type:RATIS, Factor:ONE, State:OPEN]
2019-09-12 10:31:32,294 [RatisPipelineUtilsThread] ERROR pipeline.PipelinePlacementPolicy (PipelinePlacementPolicy.java:meetCriteria(92)) - Pipeline Placement: Doesn't meet the criteria to be viable node. Heaviness: 6
2019-09-12 10:31:32,294 [RatisPipelineUtilsThread] ERROR pipeline.PipelinePlacementPolicy (PipelinePlacementPolicy.java:meetCriteria(92)) - Pipeline Placement: Doesn't meet the criteria to be viable node. Heaviness: 6
2019-09-12 10:31:32,294 [RatisPipelineUtilsThread] ERROR pipeline.PipelinePlacementPolicy (PipelinePlacementPolicy.java:meetCriteria(92)) - Pipeline Placement: Doesn't meet the criteria to be viable node. Heaviness: 6
2019-09-12 10:31:32,301 [grpc-default-executor-0] INFO  impl.RaftServerProxy (RaftServerProxy.java:addNew(89)) - c54af6f8-a22e-478f-90e1-029d14059a99: addNew group-AB0002CBDB7D:[c54af6f8-a22e-478f-90e1-029d14059a99:192.168.36.114:44604] returns group-AB0002CBDB7D:java.util.concurrent.CompletableFuture@6b8c99d5[Not completed]
2019-09-12 10:31:32,303 [pool-156-thread-1] INFO  impl.RaftServerImpl (RaftServerImpl.java:<init>(93)) - c54af6f8-a22e-478f-90e1-029d14059a99: new RaftServerImpl for group-AB0002CBDB7D:[c54af6f8-a22e-478f-90e1-029d14059a99:192.168.36.114:44604] with ContainerStateMachine:uninitialized
2019-09-12 10:31:32,303 [pool-156-thread-1] INFO  server.RaftServerConfigKeys (ConfUtils.java:logGet(43)) - raft.server.rpc.timeout.min = 5s (custom)
2019-09-12 10:31:32,303 [pool-156-thread-1] INFO  server.RaftServerConfigKeys (ConfUtils.java:logGet(43)) - raft.server.rpc.timeout.max = 5200ms (custom)
2019-09-12 10:31:32,304 [pool-156-thread-1] INFO  server.RaftServerConfigKeys (ConfUtils.java:logGet(43)) - raft.server.rpcslowness.timeout = 120s (custom)
2019-09-12 10:31:32,304 [pool-156-thread-1] INFO  server.RaftServerConfigKeys (ConfUtils.java:logGet(43)) - raft.server.sleep.deviation.threshold = 300 (default)
2019-09-12 10:31:32,304 [pool-156-thread-1] INFO  server.RaftServerConfigKeys (ConfUtils.java:logGet(43)) - raft.server.log.appender.install.snapshot.enabled = false (custom)
2019-09-12 10:31:32,304 [pool-156-thread-1] INFO  impl.RaftServerImpl (ServerState.java:<init>(105)) - c54af6f8-a22e-478f-90e1-029d14059a99:group-AB0002CBDB7D ConfigurationManager, init=-1: [c54af6f8-a22e-478f-90e1-029d14059a99:192.168.36.114:44604], old=null, confs=<EMPTY_MAP>
2019-09-12 10:31:32,304 [pool-156-thread-1] INFO  server.RaftServerConfigKeys (ConfUtils.java:logGet(43)) - raft.server.storage.dir = [/workdir/hadoop-ozone/integration-test/target/test-dir/MiniOzoneClusterImpl-87a68f7a-76d1-4e01-bf62-4b4b582b7243/datanode-3/data/ratis] (custom)
2019-09-12 10:31:32,305 [pool-156-thread-1] INFO  storage.RaftStorageDirectory (RaftStorageDirectory.java:analyzeStorage(246)) - The storage directory /workdir/hadoop-ozone/integration-test/target/test-dir/MiniOzoneClusterImpl-87a68f7a-76d1-4e01-bf62-4b4b582b7243/datanode-3/data/ratis/222435bf-d572-4427-80aa-ab0002cbdb7d does not exist. Creating ...
2019-09-12 10:31:32,317 [pool-156-thread-1] INFO  storage.RaftStorageDirectory (RaftStorageDirectory.java:tryLock(328)) - Lock on /workdir/hadoop-ozone/integration-test/target/test-dir/MiniOzoneClusterImpl-87a68f7a-76d1-4e01-bf62-4b4b582b7243/datanode-3/data/ratis/222435bf-d572-4427-80aa-ab0002cbdb7d/in_use.lock acquired by nodename 1396@pr-hdds-1569-58hkm-1881083799
2019-09-12 10:31:32,330 [pool-156-thread-1] INFO  storage.RaftStorage (RaftStorage.java:format(72)) - Storage directory /workdir/hadoop-ozone/integration-test/target/test-dir/MiniOzoneClusterImpl-87a68f7a-76d1-4e01-bf62-4b4b582b7243/datanode-3/data/ratis/222435bf-d572-4427-80aa-ab0002cbdb7d has been successfully formatted.
2019-09-12 10:31:32,330 [pool-156-thread-1] INFO  ratis.ContainerStateMachine (ContainerStateMachine.java:loadSnapshot(226)) - group-AB0002CBDB7D: The snapshot info is null. Setting the last applied indexto:(t:0, i:~)
2019-09-12 10:31:32,331 [pool-156-thread-1] INFO  server.RaftServerConfigKeys (ConfUtils.java:logGet(43)) - raft.server.leader.election.timeout = 120s (custom)
2019-09-12 10:31:32,331 [pool-156-thread-1] INFO  server.RaftServerConfigKeys (ConfUtils.java:logGet(43)) - raft.server.log.use.memory = false (default)
2019-09-12 10:31:32,331 [pool-156-thread-1] INFO  server.RaftServerConfigKeys (ConfUtils.java:logGet(43)) - raft.server.log.purge.gap = 1000000 (custom)
2019-09-12 10:31:32,331 [pool-156-thread-1] INFO  server.RaftServerConfigKeys (ConfUtils.java:logGet(43)) - raft.server.log.appender.buffer.byte-limit = 33554432 (custom)
2019-09-12 10:31:32,331 [pool-156-thread-1] INFO  server.RaftServerConfigKeys (ConfUtils.java:logGet(43)) - raft.server.log.segment.size.max = 1048576 (custom)
2019-09-12 10:31:32,332 [pool-156-thread-1] INFO  server.RaftServerConfigKeys (ConfUtils.java:logGet(43)) - raft.server.log.segment.cache.num.max = 2 (custom)
2019-09-12 10:31:32,332 [pool-156-thread-1] INFO  segmented.SegmentedRaftLogWorker (SegmentedRaftLogWorker.java:<init>(172)) - new c54af6f8-a22e-478f-90e1-029d14059a99-SegmentedRaftLogWorker:Storage Directory /workdir/hadoop-ozone/integration-test/target/test-dir/MiniOzoneClusterImpl-87a68f7a-76d1-4e01-bf62-4b4b582b7243/datanode-3/data/ratis/222435bf-d572-4427-80aa-ab0002cbdb7d for RaftStorage:Storage Directory /workdir/hadoop-ozone/integration-test/target/test-dir/MiniOzoneClusterImpl-87a68f7a-76d1-4e01-bf62-4b4b582b7243/datanode-3/data/ratis/222435bf-d572-4427-80aa-ab0002cbdb7d
2019-09-12 10:31:32,332 [pool-156-thread-1] INFO  server.RaftServerConfigKeys (ConfUtils.java:logGet(43)) - raft.server.log.queue.byte-limit = 2147483647 (custom)
2019-09-12 10:31:32,332 [pool-156-thread-1] INFO  server.RaftServerConfigKeys (ConfUtils.java:logGet(43)) - raft.server.log.queue.element-limit = 1024 (custom)
2019-09-12 10:31:32,332 [pool-156-thread-1] INFO  server.RaftServerConfigKeys (ConfUtils.java:logGet(43)) - raft.server.log.segment.size.max = 1048576 (custom)
2019-09-12 10:31:32,332 [pool-156-thread-1] INFO  server.RaftServerConfigKeys (ConfUtils.java:logGet(43)) - raft.server.log.preallocated.size = 16384 (custom)
2019-09-12 10:31:32,333 [pool-156-thread-1] INFO  server.RaftServerConfigKeys (ConfUtils.java:logGet(43)) - raft.server.log.write.buffer.size = 33554432 (custom)
2019-09-12 10:31:32,333 [pool-156-thread-1] INFO  server.RaftServerConfigKeys (ConfUtils.java:logGet(43)) - raft.server.log.force.sync.num = 128 (default)
2019-09-12 10:31:32,333 [pool-156-thread-1] INFO  server.RaftServerConfigKeys (ConfUtils.java:logGet(43)) - raft.server.log.statemachine.data.sync = true (default)
2019-09-12 10:31:32,333 [pool-156-thread-1] INFO  server.RaftServerConfigKeys (ConfUtils.java:logGet(43)) - raft.server.log.statemachine.data.sync.timeout = 10s (default)
2019-09-12 10:31:32,333 [pool-156-thread-1] INFO  server.RaftServerConfigKeys (ConfUtils.java:logGet(43)) - raft.server.log.statemachine.data.sync.timeout.retry = -1 (default)
2019-09-12 10:31:32,333 [pool-156-thread-1] INFO  server.RaftServerConfigKeys (ConfUtils.java:logGet(43)) - raft.server.log.statemachine.data.caching.enabled = true (custom)
2019-09-12 10:31:32,334 [pool-156-thread-1] INFO  segmented.SegmentedRaftLogWorker (SegmentedRaftLogWorker.java:lambda$new$0(132)) - c54af6f8-a22e-478f-90e1-029d14059a99-SegmentedRaftLogWorker:Storage Directory /workdir/hadoop-ozone/integration-test/target/test-dir/MiniOzoneClusterImpl-87a68f7a-76d1-4e01-bf62-4b4b582b7243/datanode-3/data/ratis/222435bf-d572-4427-80aa-ab0002cbdb7d: flushIndex: setUnconditionally 0 -> -1
2019-09-12 10:31:32,334 [pool-156-thread-1] INFO  server.RaftServerConfigKeys (ConfUtils.java:logGet(43)) - raft.server.snapshot.auto.trigger.enabled = true (custom)
2019-09-12 10:31:32,334 [pool-156-thread-1] INFO  server.RaftServerConfigKeys (ConfUtils.java:logGet(43)) - raft.server.snapshot.auto.trigger.threshold = 10000 (custom)
2019-09-12 10:31:32,335 [pool-156-thread-1] INFO  server.RaftServerConfigKeys (ConfUtils.java:logGet(43)) - raft.server.retrycache.expirytime = 600000ms (custom)
2019-09-12 10:31:32,335 [pool-156-thread-1] INFO  impl.RaftServerImpl (RaftServerImpl.java:start(180)) - c54af6f8-a22e-478f-90e1-029d14059a99: start group-AB0002CBDB7D
2019-09-12 10:31:32,335 [pool-156-thread-1] INFO  impl.RaftServerImpl (RaftServerImpl.java:setRole(171)) - c54af6f8-a22e-478f-90e1-029d14059a99:group-AB0002CBDB7D changes role from null to FOLLOWER at term 0 for startAsFollower
2019-09-12 10:31:32,335 [pool-156-thread-1] INFO  impl.RoleInfo (RoleInfo.java:updateAndGet(143)) - c54af6f8-a22e-478f-90e1-029d14059a99: start FollowerState
2019-09-12 10:31:32,336 [pool-156-thread-1] INFO  util.JmxRegister (JmxRegister.java:tryRegister(44)) - Successfully registered JMX Bean with object name Ratis:service=RaftServer,group=group-AB0002CBDB7D,id=c54af6f8-a22e-478f-90e1-029d14059a99
2019-09-12 10:31:32,339 [RatisPipelineUtilsThread] INFO  pipeline.PipelineStateManager (PipelineStateManager.java:addPipeline(56)) - Created pipeline Pipeline[ Id: 222435bf-d572-4427-80aa-ab0002cbdb7d, Nodes: c54af6f8-a22e-478f-90e1-029d14059a99{ip: 192.168.36.114, host: pr-hdds-1569-58hkm-1881083799, networkLocation: /default-rack, certSerialId: null}, Type:RATIS, Factor:ONE, State:OPEN]
2019-09-12 10:31:32,339 [RatisPipelineUtilsThread] ERROR pipeline.PipelinePlacementPolicy (PipelinePlacementPolicy.java:meetCriteria(92)) - Pipeline Placement: Doesn't meet the criteria to be viable node. Heaviness: 6
2019-09-12 10:31:32,339 [RatisPipelineUtilsThread] ERROR pipeline.PipelinePlacementPolicy (PipelinePlacementPolicy.java:meetCriteria(92)) - Pipeline Placement: Doesn't meet the criteria to be viable node. Heaviness: 6
2019-09-12 10:31:32,339 [RatisPipelineUtilsThread] ERROR pipeline.PipelinePlacementPolicy (PipelinePlacementPolicy.java:meetCriteria(92)) - Pipeline Placement: Doesn't meet the criteria to be viable node. Heaviness: 6
2019-09-12 10:31:32,345 [grpc-default-executor-0] INFO  impl.RaftServerProxy (RaftServerProxy.java:addNew(89)) - c54af6f8-a22e-478f-90e1-029d14059a99: addNew group-90411C99A9B7:[c54af6f8-a22e-478f-90e1-029d14059a99:192.168.36.114:44604] returns group-90411C99A9B7:java.util.concurrent.CompletableFuture@5602c922[Not completed]
2019-09-12 10:31:32,346 [pool-156-thread-1] INFO  impl.RaftServerImpl (RaftServerImpl.java:<init>(93)) - c54af6f8-a22e-478f-90e1-029d14059a99: new RaftServerImpl for group-90411C99A9B7:[c54af6f8-a22e-478f-90e1-029d14059a99:192.168.36.114:44604] with ContainerStateMachine:uninitialized
2019-09-12 10:31:32,346 [pool-156-thread-1] INFO  server.RaftServerConfigKeys (ConfUtils.java:logGet(43)) - raft.server.rpc.timeout.min = 5s (custom)
2019-09-12 10:31:32,347 [pool-156-thread-1] INFO  server.RaftServerConfigKeys (ConfUtils.java:logGet(43)) - raft.server.rpc.timeout.max = 5200ms (custom)
2019-09-12 10:31:32,347 [pool-156-thread-1] INFO  server.RaftServerConfigKeys (ConfUtils.java:logGet(43)) - raft.server.rpcslowness.timeout = 120s (custom)
2019-09-12 10:31:32,347 [pool-156-thread-1] INFO  server.RaftServerConfigKeys (ConfUtils.java:logGet(43)) - raft.server.sleep.deviation.threshold = 300 (default)
2019-09-12 10:31:32,347 [pool-156-thread-1] INFO  server.RaftServerConfigKeys (ConfUtils.java:logGet(43)) - raft.server.log.appender.install.snapshot.enabled = false (custom)
2019-09-12 10:31:32,347 [pool-156-thread-1] INFO  impl.RaftServerImpl (ServerState.java:<init>(105)) - c54af6f8-a22e-478f-90e1-029d14059a99:group-90411C99A9B7 ConfigurationManager, init=-1: [c54af6f8-a22e-478f-90e1-029d14059a99:192.168.36.114:44604], old=null, confs=<EMPTY_MAP>
2019-09-12 10:31:32,347 [pool-156-thread-1] INFO  server.RaftServerConfigKeys (ConfUtils.java:logGet(43)) - raft.server.storage.dir = [/workdir/hadoop-ozone/integration-test/target/test-dir/MiniOzoneClusterImpl-87a68f7a-76d1-4e01-bf62-4b4b582b7243/datanode-3/data/ratis] (custom)
2019-09-12 10:31:32,348 [pool-156-thread-1] INFO  storage.RaftStorageDirectory (RaftStorageDirectory.java:analyzeStorage(246)) - The storage directory /workdir/hadoop-ozone/integration-test/target/test-dir/MiniOzoneClusterImpl-87a68f7a-76d1-4e01-bf62-4b4b582b7243/datanode-3/data/ratis/45044052-4ae2-4d74-9246-90411c99a9b7 does not exist. Creating ...
2019-09-12 10:31:32,360 [pool-156-thread-1] INFO  storage.RaftStorageDirectory (RaftStorageDirectory.java:tryLock(328)) - Lock on /workdir/hadoop-ozone/integration-test/target/test-dir/MiniOzoneClusterImpl-87a68f7a-76d1-4e01-bf62-4b4b582b7243/datanode-3/data/ratis/45044052-4ae2-4d74-9246-90411c99a9b7/in_use.lock acquired by nodename 1396@pr-hdds-1569-58hkm-1881083799
2019-09-12 10:31:32,366 [IPC Server handler 3 on 45356] INFO  net.NetworkTopology (NetworkTopologyImpl.java:add(110)) - Added a new node: /default-rack/bcda0514-d42e-47ca-96fd-c0a633e872a8
2019-09-12 10:31:32,366 [IPC Server handler 3 on 45356] INFO  node.SCMNodeManager (SCMNodeManager.java:register(273)) - Registered Data node : bcda0514-d42e-47ca-96fd-c0a633e872a8{ip: 192.168.36.114, host: pr-hdds-1569-58hkm-1881083799, networkLocation: /default-rack, certSerialId: null}
2019-09-12 10:31:32,367 | INFO  | SCMAudit | user=jenkins1000 | ip=192.168.36.114 | op=REGISTER {datanodeDetails=bcda0514-d42e-47ca-96fd-c0a633e872a8{ip: 192.168.36.114, host: pr-hdds-1569-58hkm-1881083799, networkLocation: /default-rack, certSerialId: null}} | ret=SUCCESS |  
2019-09-12 10:31:32,401 [pool-156-thread-1] INFO  storage.RaftStorage (RaftStorage.java:format(72)) - Storage directory /workdir/hadoop-ozone/integration-test/target/test-dir/MiniOzoneClusterImpl-87a68f7a-76d1-4e01-bf62-4b4b582b7243/datanode-3/data/ratis/45044052-4ae2-4d74-9246-90411c99a9b7 has been successfully formatted.
2019-09-12 10:31:32,402 [pool-156-thread-1] INFO  ratis.ContainerStateMachine (ContainerStateMachine.java:loadSnapshot(226)) - group-90411C99A9B7: The snapshot info is null. Setting the last applied indexto:(t:0, i:~)
2019-09-12 10:31:32,402 [pool-156-thread-1] INFO  server.RaftServerConfigKeys (ConfUtils.java:logGet(43)) - raft.server.leader.election.timeout = 120s (custom)
2019-09-12 10:31:32,402 [pool-156-thread-1] INFO  server.RaftServerConfigKeys (ConfUtils.java:logGet(43)) - raft.server.log.use.memory = false (default)
2019-09-12 10:31:32,402 [pool-156-thread-1] INFO  server.RaftServerConfigKeys (ConfUtils.java:logGet(43)) - raft.server.log.purge.gap = 1000000 (custom)
2019-09-12 10:31:32,402 [pool-156-thread-1] INFO  server.RaftServerConfigKeys (ConfUtils.java:logGet(43)) - raft.server.log.appender.buffer.byte-limit = 33554432 (custom)
2019-09-12 10:31:32,403 [pool-156-thread-1] INFO  server.RaftServerConfigKeys (ConfUtils.java:logGet(43)) - raft.server.log.segment.size.max = 1048576 (custom)
2019-09-12 10:31:32,403 [pool-156-thread-1] INFO  server.RaftServerConfigKeys (ConfUtils.java:logGet(43)) - raft.server.log.segment.cache.num.max = 2 (custom)
2019-09-12 10:31:32,403 [pool-156-thread-1] INFO  segmented.SegmentedRaftLogWorker (SegmentedRaftLogWorker.java:<init>(172)) - new c54af6f8-a22e-478f-90e1-029d14059a99-SegmentedRaftLogWorker:Storage Directory /workdir/hadoop-ozone/integration-test/target/test-dir/MiniOzoneClusterImpl-87a68f7a-76d1-4e01-bf62-4b4b582b7243/datanode-3/data/ratis/45044052-4ae2-4d74-9246-90411c99a9b7 for RaftStorage:Storage Directory /workdir/hadoop-ozone/integration-test/target/test-dir/MiniOzoneClusterImpl-87a68f7a-76d1-4e01-bf62-4b4b582b7243/datanode-3/data/ratis/45044052-4ae2-4d74-9246-90411c99a9b7
2019-09-12 10:31:32,403 [pool-156-thread-1] INFO  server.RaftServerConfigKeys (ConfUtils.java:logGet(43)) - raft.server.log.queue.byte-limit = 2147483647 (custom)
2019-09-12 10:31:32,403 [pool-156-thread-1] INFO  server.RaftServerConfigKeys (ConfUtils.java:logGet(43)) - raft.server.log.queue.element-limit = 1024 (custom)
2019-09-12 10:31:32,403 [pool-156-thread-1] INFO  server.RaftServerConfigKeys (ConfUtils.java:logGet(43)) - raft.server.log.segment.size.max = 1048576 (custom)
2019-09-12 10:31:32,403 [pool-156-thread-1] INFO  server.RaftServerConfigKeys (ConfUtils.java:logGet(43)) - raft.server.log.preallocated.size = 16384 (custom)
2019-09-12 10:31:32,404 [pool-156-thread-1] INFO  server.RaftServerConfigKeys (ConfUtils.java:logGet(43)) - raft.server.log.write.buffer.size = 33554432 (custom)
2019-09-12 10:31:32,404 [pool-156-thread-1] INFO  server.RaftServerConfigKeys (ConfUtils.java:logGet(43)) - raft.server.log.force.sync.num = 128 (default)
2019-09-12 10:31:32,404 [pool-156-thread-1] INFO  server.RaftServerConfigKeys (ConfUtils.java:logGet(43)) - raft.server.log.statemachine.data.sync = true (default)
2019-09-12 10:31:32,404 [pool-156-thread-1] INFO  server.RaftServerConfigKeys (ConfUtils.java:logGet(43)) - raft.server.log.statemachine.data.sync.timeout = 10s (default)
2019-09-12 10:31:32,404 [pool-156-thread-1] INFO  server.RaftServerConfigKeys (ConfUtils.java:logGet(43)) - raft.server.log.statemachine.data.sync.timeout.retry = -1 (default)
2019-09-12 10:31:32,404 [pool-156-thread-1] INFO  server.RaftServerConfigKeys (ConfUtils.java:logGet(43)) - raft.server.log.statemachine.data.caching.enabled = true (custom)
2019-09-12 10:31:32,405 | INFO  | SCMAudit | user=jenkins1000 | ip=192.168.36.114 | op=SEND_HEARTBEAT {datanodeUUID=c1e71898-521f-4627-a3f1-9884c4b96ced, command=[]} | ret=SUCCESS |  
2019-09-12 10:31:32,405 [pool-156-thread-1] INFO  segmented.SegmentedRaftLogWorker (SegmentedRaftLogWorker.java:lambda$new$0(132)) - c54af6f8-a22e-478f-90e1-029d14059a99-SegmentedRaftLogWorker:Storage Directory /workdir/hadoop-ozone/integration-test/target/test-dir/MiniOzoneClusterImpl-87a68f7a-76d1-4e01-bf62-4b4b582b7243/datanode-3/data/ratis/45044052-4ae2-4d74-9246-90411c99a9b7: flushIndex: setUnconditionally 0 -> -1
2019-09-12 10:31:32,405 [pool-156-thread-1] INFO  server.RaftServerConfigKeys (ConfUtils.java:logGet(43)) - raft.server.snapshot.auto.trigger.enabled = true (custom)
2019-09-12 10:31:32,405 [pool-156-thread-1] INFO  server.RaftServerConfigKeys (ConfUtils.java:logGet(43)) - raft.server.snapshot.auto.trigger.threshold = 10000 (custom)
2019-09-12 10:31:32,405 [pool-156-thread-1] INFO  server.RaftServerConfigKeys (ConfUtils.java:logGet(43)) - raft.server.retrycache.expirytime = 600000ms (custom)
2019-09-12 10:31:32,406 [pool-156-thread-1] INFO  impl.RaftServerImpl (RaftServerImpl.java:start(180)) - c54af6f8-a22e-478f-90e1-029d14059a99: start group-90411C99A9B7
2019-09-12 10:31:32,406 [pool-156-thread-1] INFO  impl.RaftServerImpl (RaftServerImpl.java:setRole(171)) - c54af6f8-a22e-478f-90e1-029d14059a99:group-90411C99A9B7 changes role from null to FOLLOWER at term 0 for startAsFollower
2019-09-12 10:31:32,406 [pool-156-thread-1] INFO  impl.RoleInfo (RoleInfo.java:updateAndGet(143)) - c54af6f8-a22e-478f-90e1-029d14059a99: start FollowerState
2019-09-12 10:31:32,406 [pool-156-thread-1] INFO  util.JmxRegister (JmxRegister.java:tryRegister(44)) - Successfully registered JMX Bean with object name Ratis:service=RaftServer,group=group-90411C99A9B7,id=c54af6f8-a22e-478f-90e1-029d14059a99
2019-09-12 10:31:32,409 [RatisPipelineUtilsThread] INFO  pipeline.PipelineStateManager (PipelineStateManager.java:addPipeline(56)) - Created pipeline Pipeline[ Id: 45044052-4ae2-4d74-9246-90411c99a9b7, Nodes: c54af6f8-a22e-478f-90e1-029d14059a99{ip: 192.168.36.114, host: pr-hdds-1569-58hkm-1881083799, networkLocation: /default-rack, certSerialId: null}, Type:RATIS, Factor:ONE, State:OPEN]
2019-09-12 10:31:32,410 [RatisPipelineUtilsThread] ERROR pipeline.PipelinePlacementPolicy (PipelinePlacementPolicy.java:meetCriteria(92)) - Pipeline Placement: Doesn't meet the criteria to be viable node. Heaviness: 6
2019-09-12 10:31:32,410 [RatisPipelineUtilsThread] ERROR pipeline.PipelinePlacementPolicy (PipelinePlacementPolicy.java:meetCriteria(92)) - Pipeline Placement: Doesn't meet the criteria to be viable node. Heaviness: 6
2019-09-12 10:31:32,410 [RatisPipelineUtilsThread] ERROR pipeline.PipelinePlacementPolicy (PipelinePlacementPolicy.java:meetCriteria(92)) - Pipeline Placement: Doesn't meet the criteria to be viable node. Heaviness: 6
2019-09-12 10:31:32,410 [RatisPipelineUtilsThread] ERROR pipeline.PipelinePlacementPolicy (PipelinePlacementPolicy.java:meetCriteria(92)) - Pipeline Placement: Doesn't meet the criteria to be viable node. Heaviness: 6
2019-09-12 10:31:32,423 [grpc-default-executor-0] INFO  impl.RaftServerProxy (RaftServerProxy.java:addNew(89)) - bcda0514-d42e-47ca-96fd-c0a633e872a8: addNew group-B60FAFB357A7:[bcda0514-d42e-47ca-96fd-c0a633e872a8:192.168.36.114:33684] returns group-B60FAFB357A7:java.util.concurrent.CompletableFuture@60012f79[Not completed]
2019-09-12 10:31:32,425 [pool-167-thread-1] INFO  impl.RaftServerImpl (RaftServerImpl.java:<init>(93)) - bcda0514-d42e-47ca-96fd-c0a633e872a8: new RaftServerImpl for group-B60FAFB357A7:[bcda0514-d42e-47ca-96fd-c0a633e872a8:192.168.36.114:33684] with ContainerStateMachine:uninitialized
2019-09-12 10:31:32,425 [pool-167-thread-1] INFO  server.RaftServerConfigKeys (ConfUtils.java:logGet(43)) - raft.server.rpc.timeout.min = 5s (custom)
2019-09-12 10:31:32,425 [pool-167-thread-1] INFO  server.RaftServerConfigKeys (ConfUtils.java:logGet(43)) - raft.server.rpc.timeout.max = 5200ms (custom)
2019-09-12 10:31:32,425 [pool-167-thread-1] INFO  server.RaftServerConfigKeys (ConfUtils.java:logGet(43)) - raft.server.rpcslowness.timeout = 120s (custom)
2019-09-12 10:31:32,426 [pool-167-thread-1] INFO  server.RaftServerConfigKeys (ConfUtils.java:logGet(43)) - raft.server.sleep.deviation.threshold = 300 (default)
2019-09-12 10:31:32,426 [pool-167-thread-1] INFO  server.RaftServerConfigKeys (ConfUtils.java:logGet(43)) - raft.server.log.appender.install.snapshot.enabled = false (custom)
2019-09-12 10:31:32,426 [pool-167-thread-1] INFO  impl.RaftServerImpl (ServerState.java:<init>(105)) - bcda0514-d42e-47ca-96fd-c0a633e872a8:group-B60FAFB357A7 ConfigurationManager, init=-1: [bcda0514-d42e-47ca-96fd-c0a633e872a8:192.168.36.114:33684], old=null, confs=<EMPTY_MAP>
2019-09-12 10:31:32,426 [pool-167-thread-1] INFO  server.RaftServerConfigKeys (ConfUtils.java:logGet(43)) - raft.server.storage.dir = [/workdir/hadoop-ozone/integration-test/target/test-dir/MiniOzoneClusterImpl-87a68f7a-76d1-4e01-bf62-4b4b582b7243/datanode-4/data/ratis] (custom)
2019-09-12 10:31:32,427 [pool-167-thread-1] INFO  storage.RaftStorageDirectory (RaftStorageDirectory.java:analyzeStorage(246)) - The storage directory /workdir/hadoop-ozone/integration-test/target/test-dir/MiniOzoneClusterImpl-87a68f7a-76d1-4e01-bf62-4b4b582b7243/datanode-4/data/ratis/fff3c739-e98e-4210-b845-b60fafb357a7 does not exist. Creating ...
2019-09-12 10:31:32,440 [pool-167-thread-1] INFO  storage.RaftStorageDirectory (RaftStorageDirectory.java:tryLock(328)) - Lock on /workdir/hadoop-ozone/integration-test/target/test-dir/MiniOzoneClusterImpl-87a68f7a-76d1-4e01-bf62-4b4b582b7243/datanode-4/data/ratis/fff3c739-e98e-4210-b845-b60fafb357a7/in_use.lock acquired by nodename 1396@pr-hdds-1569-58hkm-1881083799
2019-09-12 10:31:32,453 [pool-167-thread-1] INFO  storage.RaftStorage (RaftStorage.java:format(72)) - Storage directory /workdir/hadoop-ozone/integration-test/target/test-dir/MiniOzoneClusterImpl-87a68f7a-76d1-4e01-bf62-4b4b582b7243/datanode-4/data/ratis/fff3c739-e98e-4210-b845-b60fafb357a7 has been successfully formatted.
2019-09-12 10:31:32,453 [pool-167-thread-1] INFO  ratis.ContainerStateMachine (ContainerStateMachine.java:loadSnapshot(226)) - group-B60FAFB357A7: The snapshot info is null. Setting the last applied indexto:(t:0, i:~)
2019-09-12 10:31:32,453 [pool-167-thread-1] INFO  server.RaftServerConfigKeys (ConfUtils.java:logGet(43)) - raft.server.leader.election.timeout = 120s (custom)
2019-09-12 10:31:32,453 [pool-167-thread-1] INFO  server.RaftServerConfigKeys (ConfUtils.java:logGet(43)) - raft.server.log.use.memory = false (default)
2019-09-12 10:31:32,454 [pool-167-thread-1] INFO  server.RaftServerConfigKeys (ConfUtils.java:logGet(43)) - raft.server.log.purge.gap = 1000000 (custom)
2019-09-12 10:31:32,454 [pool-167-thread-1] INFO  server.RaftServerConfigKeys (ConfUtils.java:logGet(43)) - raft.server.log.appender.buffer.byte-limit = 33554432 (custom)
2019-09-12 10:31:32,454 [pool-167-thread-1] INFO  server.RaftServerConfigKeys (ConfUtils.java:logGet(43)) - raft.server.log.segment.size.max = 1048576 (custom)
2019-09-12 10:31:32,454 [pool-167-thread-1] INFO  server.RaftServerConfigKeys (ConfUtils.java:logGet(43)) - raft.server.log.segment.cache.num.max = 2 (custom)
2019-09-12 10:31:32,454 [pool-167-thread-1] INFO  segmented.SegmentedRaftLogWorker (SegmentedRaftLogWorker.java:<init>(172)) - new bcda0514-d42e-47ca-96fd-c0a633e872a8-SegmentedRaftLogWorker:Storage Directory /workdir/hadoop-ozone/integration-test/target/test-dir/MiniOzoneClusterImpl-87a68f7a-76d1-4e01-bf62-4b4b582b7243/datanode-4/data/ratis/fff3c739-e98e-4210-b845-b60fafb357a7 for RaftStorage:Storage Directory /workdir/hadoop-ozone/integration-test/target/test-dir/MiniOzoneClusterImpl-87a68f7a-76d1-4e01-bf62-4b4b582b7243/datanode-4/data/ratis/fff3c739-e98e-4210-b845-b60fafb357a7
2019-09-12 10:31:32,454 [pool-167-thread-1] INFO  server.RaftServerConfigKeys (ConfUtils.java:logGet(43)) - raft.server.log.queue.byte-limit = 2147483647 (custom)
2019-09-12 10:31:32,454 [pool-167-thread-1] INFO  server.RaftServerConfigKeys (ConfUtils.java:logGet(43)) - raft.server.log.queue.element-limit = 1024 (custom)
2019-09-12 10:31:32,455 [pool-167-thread-1] INFO  server.RaftServerConfigKeys (ConfUtils.java:logGet(43)) - raft.server.log.segment.size.max = 1048576 (custom)
2019-09-12 10:31:32,455 [pool-167-thread-1] INFO  server.RaftServerConfigKeys (ConfUtils.java:logGet(43)) - raft.server.log.preallocated.size = 16384 (custom)
2019-09-12 10:31:32,455 [pool-167-thread-1] INFO  server.RaftServerConfigKeys (ConfUtils.java:logGet(43)) - raft.server.log.write.buffer.size = 33554432 (custom)
2019-09-12 10:31:32,455 [pool-167-thread-1] INFO  server.RaftServerConfigKeys (ConfUtils.java:logGet(43)) - raft.server.log.force.sync.num = 128 (default)
2019-09-12 10:31:32,455 [pool-167-thread-1] INFO  server.RaftServerConfigKeys (ConfUtils.java:logGet(43)) - raft.server.log.statemachine.data.sync = true (default)
2019-09-12 10:31:32,455 [pool-167-thread-1] INFO  server.RaftServerConfigKeys (ConfUtils.java:logGet(43)) - raft.server.log.statemachine.data.sync.timeout = 10s (default)
2019-09-12 10:31:32,455 [pool-167-thread-1] INFO  server.RaftServerConfigKeys (ConfUtils.java:logGet(43)) - raft.server.log.statemachine.data.sync.timeout.retry = -1 (default)
2019-09-12 10:31:32,456 [pool-167-thread-1] INFO  server.RaftServerConfigKeys (ConfUtils.java:logGet(43)) - raft.server.log.statemachine.data.caching.enabled = true (custom)
2019-09-12 10:31:32,456 [pool-167-thread-1] INFO  segmented.SegmentedRaftLogWorker (SegmentedRaftLogWorker.java:lambda$new$0(132)) - bcda0514-d42e-47ca-96fd-c0a633e872a8-SegmentedRaftLogWorker:Storage Directory /workdir/hadoop-ozone/integration-test/target/test-dir/MiniOzoneClusterImpl-87a68f7a-76d1-4e01-bf62-4b4b582b7243/datanode-4/data/ratis/fff3c739-e98e-4210-b845-b60fafb357a7: flushIndex: setUnconditionally 0 -> -1
2019-09-12 10:31:32,456 [pool-167-thread-1] INFO  server.RaftServerConfigKeys (ConfUtils.java:logGet(43)) - raft.server.snapshot.auto.trigger.enabled = true (custom)
2019-09-12 10:31:32,456 [pool-167-thread-1] INFO  server.RaftServerConfigKeys (ConfUtils.java:logGet(43)) - raft.server.snapshot.auto.trigger.threshold = 10000 (custom)
2019-09-12 10:31:32,457 [pool-167-thread-1] INFO  server.RaftServerConfigKeys (ConfUtils.java:logGet(43)) - raft.server.retrycache.expirytime = 600000ms (custom)
2019-09-12 10:31:32,457 [pool-167-thread-1] INFO  impl.RaftServerImpl (RaftServerImpl.java:start(180)) - bcda0514-d42e-47ca-96fd-c0a633e872a8: start group-B60FAFB357A7
2019-09-12 10:31:32,457 [pool-167-thread-1] INFO  impl.RaftServerImpl (RaftServerImpl.java:setRole(171)) - bcda0514-d42e-47ca-96fd-c0a633e872a8:group-B60FAFB357A7 changes role from null to FOLLOWER at term 0 for startAsFollower
2019-09-12 10:31:32,457 [pool-167-thread-1] INFO  impl.RoleInfo (RoleInfo.java:updateAndGet(143)) - bcda0514-d42e-47ca-96fd-c0a633e872a8: start FollowerState
2019-09-12 10:31:32,457 [pool-167-thread-1] INFO  util.JmxRegister (JmxRegister.java:tryRegister(44)) - Successfully registered JMX Bean with object name Ratis:service=RaftServer,group=group-B60FAFB357A7,id=bcda0514-d42e-47ca-96fd-c0a633e872a8
2019-09-12 10:31:32,460 [RatisPipelineUtilsThread] INFO  pipeline.PipelineStateManager (PipelineStateManager.java:addPipeline(56)) - Created pipeline Pipeline[ Id: fff3c739-e98e-4210-b845-b60fafb357a7, Nodes: bcda0514-d42e-47ca-96fd-c0a633e872a8{ip: 192.168.36.114, host: pr-hdds-1569-58hkm-1881083799, networkLocation: /default-rack, certSerialId: null}, Type:RATIS, Factor:ONE, State:OPEN]
2019-09-12 10:31:32,461 [RatisPipelineUtilsThread] ERROR pipeline.PipelinePlacementPolicy (PipelinePlacementPolicy.java:meetCriteria(92)) - Pipeline Placement: Doesn't meet the criteria to be viable node. Heaviness: 6
2019-09-12 10:31:32,461 [RatisPipelineUtilsThread] ERROR pipeline.PipelinePlacementPolicy (PipelinePlacementPolicy.java:meetCriteria(92)) - Pipeline Placement: Doesn't meet the criteria to be viable node. Heaviness: 6
2019-09-12 10:31:32,461 [RatisPipelineUtilsThread] ERROR pipeline.PipelinePlacementPolicy (PipelinePlacementPolicy.java:meetCriteria(92)) - Pipeline Placement: Doesn't meet the criteria to be viable node. Heaviness: 6
2019-09-12 10:31:32,461 [RatisPipelineUtilsThread] ERROR pipeline.PipelinePlacementPolicy (PipelinePlacementPolicy.java:meetCriteria(92)) - Pipeline Placement: Doesn't meet the criteria to be viable node. Heaviness: 6
2019-09-12 10:31:32,467 [grpc-default-executor-0] INFO  impl.RaftServerProxy (RaftServerProxy.java:addNew(89)) - bcda0514-d42e-47ca-96fd-c0a633e872a8: addNew group-7EFD1B472893:[bcda0514-d42e-47ca-96fd-c0a633e872a8:192.168.36.114:33684] returns group-7EFD1B472893:java.util.concurrent.CompletableFuture@5f44be6b[Not completed]
2019-09-12 10:31:32,468 [pool-167-thread-1] INFO  impl.RaftServerImpl (RaftServerImpl.java:<init>(93)) - bcda0514-d42e-47ca-96fd-c0a633e872a8: new RaftServerImpl for group-7EFD1B472893:[bcda0514-d42e-47ca-96fd-c0a633e872a8:192.168.36.114:33684] with ContainerStateMachine:uninitialized
2019-09-12 10:31:32,468 [pool-167-thread-1] INFO  server.RaftServerConfigKeys (ConfUtils.java:logGet(43)) - raft.server.rpc.timeout.min = 5s (custom)
2019-09-12 10:31:32,468 [pool-167-thread-1] INFO  server.RaftServerConfigKeys (ConfUtils.java:logGet(43)) - raft.server.rpc.timeout.max = 5200ms (custom)
2019-09-12 10:31:32,468 [pool-167-thread-1] INFO  server.RaftServerConfigKeys (ConfUtils.java:logGet(43)) - raft.server.rpcslowness.timeout = 120s (custom)
2019-09-12 10:31:32,469 [pool-167-thread-1] INFO  server.RaftServerConfigKeys (ConfUtils.java:logGet(43)) - raft.server.sleep.deviation.threshold = 300 (default)
2019-09-12 10:31:32,469 [pool-167-thread-1] INFO  server.RaftServerConfigKeys (ConfUtils.java:logGet(43)) - raft.server.log.appender.install.snapshot.enabled = false (custom)
2019-09-12 10:31:32,469 [pool-167-thread-1] INFO  impl.RaftServerImpl (ServerState.java:<init>(105)) - bcda0514-d42e-47ca-96fd-c0a633e872a8:group-7EFD1B472893 ConfigurationManager, init=-1: [bcda0514-d42e-47ca-96fd-c0a633e872a8:192.168.36.114:33684], old=null, confs=<EMPTY_MAP>
2019-09-12 10:31:32,469 [pool-167-thread-1] INFO  server.RaftServerConfigKeys (ConfUtils.java:logGet(43)) - raft.server.storage.dir = [/workdir/hadoop-ozone/integration-test/target/test-dir/MiniOzoneClusterImpl-87a68f7a-76d1-4e01-bf62-4b4b582b7243/datanode-4/data/ratis] (custom)
2019-09-12 10:31:32,469 [pool-167-thread-1] INFO  storage.RaftStorageDirectory (RaftStorageDirectory.java:analyzeStorage(246)) - The storage directory /workdir/hadoop-ozone/integration-test/target/test-dir/MiniOzoneClusterImpl-87a68f7a-76d1-4e01-bf62-4b4b582b7243/datanode-4/data/ratis/3593b1ce-a24a-4376-8f5e-7efd1b472893 does not exist. Creating ...
2019-09-12 10:31:32,481 [pool-167-thread-1] INFO  storage.RaftStorageDirectory (RaftStorageDirectory.java:tryLock(328)) - Lock on /workdir/hadoop-ozone/integration-test/target/test-dir/MiniOzoneClusterImpl-87a68f7a-76d1-4e01-bf62-4b4b582b7243/datanode-4/data/ratis/3593b1ce-a24a-4376-8f5e-7efd1b472893/in_use.lock acquired by nodename 1396@pr-hdds-1569-58hkm-1881083799
2019-09-12 10:31:32,494 [pool-167-thread-1] INFO  storage.RaftStorage (RaftStorage.java:format(72)) - Storage directory /workdir/hadoop-ozone/integration-test/target/test-dir/MiniOzoneClusterImpl-87a68f7a-76d1-4e01-bf62-4b4b582b7243/datanode-4/data/ratis/3593b1ce-a24a-4376-8f5e-7efd1b472893 has been successfully formatted.
2019-09-12 10:31:32,494 [pool-167-thread-1] INFO  ratis.ContainerStateMachine (ContainerStateMachine.java:loadSnapshot(226)) - group-7EFD1B472893: The snapshot info is null. Setting the last applied indexto:(t:0, i:~)
2019-09-12 10:31:32,494 [pool-167-thread-1] INFO  server.RaftServerConfigKeys (ConfUtils.java:logGet(43)) - raft.server.leader.election.timeout = 120s (custom)
2019-09-12 10:31:32,494 [pool-167-thread-1] INFO  server.RaftServerConfigKeys (ConfUtils.java:logGet(43)) - raft.server.log.use.memory = false (default)
2019-09-12 10:31:32,494 [pool-167-thread-1] INFO  server.RaftServerConfigKeys (ConfUtils.java:logGet(43)) - raft.server.log.purge.gap = 1000000 (custom)
2019-09-12 10:31:32,494 [pool-167-thread-1] INFO  server.RaftServerConfigKeys (ConfUtils.java:logGet(43)) - raft.server.log.appender.buffer.byte-limit = 33554432 (custom)
2019-09-12 10:31:32,494 [pool-167-thread-1] INFO  server.RaftServerConfigKeys (ConfUtils.java:logGet(43)) - raft.server.log.segment.size.max = 1048576 (custom)
2019-09-12 10:31:32,495 [pool-167-thread-1] INFO  server.RaftServerConfigKeys (ConfUtils.java:logGet(43)) - raft.server.log.segment.cache.num.max = 2 (custom)
2019-09-12 10:31:32,495 [pool-167-thread-1] INFO  segmented.SegmentedRaftLogWorker (SegmentedRaftLogWorker.java:<init>(172)) - new bcda0514-d42e-47ca-96fd-c0a633e872a8-SegmentedRaftLogWorker:Storage Directory /workdir/hadoop-ozone/integration-test/target/test-dir/MiniOzoneClusterImpl-87a68f7a-76d1-4e01-bf62-4b4b582b7243/datanode-4/data/ratis/3593b1ce-a24a-4376-8f5e-7efd1b472893 for RaftStorage:Storage Directory /workdir/hadoop-ozone/integration-test/target/test-dir/MiniOzoneClusterImpl-87a68f7a-76d1-4e01-bf62-4b4b582b7243/datanode-4/data/ratis/3593b1ce-a24a-4376-8f5e-7efd1b472893
2019-09-12 10:31:32,495 [pool-167-thread-1] INFO  server.RaftServerConfigKeys (ConfUtils.java:logGet(43)) - raft.server.log.queue.byte-limit = 2147483647 (custom)
2019-09-12 10:31:32,495 [pool-167-thread-1] INFO  server.RaftServerConfigKeys (ConfUtils.java:logGet(43)) - raft.server.log.queue.element-limit = 1024 (custom)
2019-09-12 10:31:32,495 [pool-167-thread-1] INFO  server.RaftServerConfigKeys (ConfUtils.java:logGet(43)) - raft.server.log.segment.size.max = 1048576 (custom)
2019-09-12 10:31:32,495 [pool-167-thread-1] INFO  server.RaftServerConfigKeys (ConfUtils.java:logGet(43)) - raft.server.log.preallocated.size = 16384 (custom)
2019-09-12 10:31:32,495 [pool-167-thread-1] INFO  server.RaftServerConfigKeys (ConfUtils.java:logGet(43)) - raft.server.log.write.buffer.size = 33554432 (custom)
2019-09-12 10:31:32,495 [pool-167-thread-1] INFO  server.RaftServerConfigKeys (ConfUtils.java:logGet(43)) - raft.server.log.force.sync.num = 128 (default)
2019-09-12 10:31:32,496 [pool-167-thread-1] INFO  server.RaftServerConfigKeys (ConfUtils.java:logGet(43)) - raft.server.log.statemachine.data.sync = true (default)
2019-09-12 10:31:32,496 [pool-167-thread-1] INFO  server.RaftServerConfigKeys (ConfUtils.java:logGet(43)) - raft.server.log.statemachine.data.sync.timeout = 10s (default)
2019-09-12 10:31:32,496 [pool-167-thread-1] INFO  server.RaftServerConfigKeys (ConfUtils.java:logGet(43)) - raft.server.log.statemachine.data.sync.timeout.retry = -1 (default)
2019-09-12 10:31:32,496 [pool-167-thread-1] INFO  server.RaftServerConfigKeys (ConfUtils.java:logGet(43)) - raft.server.log.statemachine.data.caching.enabled = true (custom)
2019-09-12 10:31:32,496 [pool-167-thread-1] INFO  segmented.SegmentedRaftLogWorker (SegmentedRaftLogWorker.java:lambda$new$0(132)) - bcda0514-d42e-47ca-96fd-c0a633e872a8-SegmentedRaftLogWorker:Storage Directory /workdir/hadoop-ozone/integration-test/target/test-dir/MiniOzoneClusterImpl-87a68f7a-76d1-4e01-bf62-4b4b582b7243/datanode-4/data/ratis/3593b1ce-a24a-4376-8f5e-7efd1b472893: flushIndex: setUnconditionally 0 -> -1
2019-09-12 10:31:32,496 [pool-167-thread-1] INFO  server.RaftServerConfigKeys (ConfUtils.java:logGet(43)) - raft.server.snapshot.auto.trigger.enabled = true (custom)
2019-09-12 10:31:32,497 [pool-167-thread-1] INFO  server.RaftServerConfigKeys (ConfUtils.java:logGet(43)) - raft.server.snapshot.auto.trigger.threshold = 10000 (custom)
2019-09-12 10:31:32,497 [pool-167-thread-1] INFO  server.RaftServerConfigKeys (ConfUtils.java:logGet(43)) - raft.server.retrycache.expirytime = 600000ms (custom)
2019-09-12 10:31:32,497 [pool-167-thread-1] INFO  impl.RaftServerImpl (RaftServerImpl.java:start(180)) - bcda0514-d42e-47ca-96fd-c0a633e872a8: start group-7EFD1B472893
2019-09-12 10:31:32,497 [pool-167-thread-1] INFO  impl.RaftServerImpl (RaftServerImpl.java:setRole(171)) - bcda0514-d42e-47ca-96fd-c0a633e872a8:group-7EFD1B472893 changes role from null to FOLLOWER at term 0 for startAsFollower
2019-09-12 10:31:32,497 [pool-167-thread-1] INFO  impl.RoleInfo (RoleInfo.java:updateAndGet(143)) - bcda0514-d42e-47ca-96fd-c0a633e872a8: start FollowerState
2019-09-12 10:31:32,497 [pool-167-thread-1] INFO  util.JmxRegister (JmxRegister.java:tryRegister(44)) - Successfully registered JMX Bean with object name Ratis:service=RaftServer,group=group-7EFD1B472893,id=bcda0514-d42e-47ca-96fd-c0a633e872a8
2019-09-12 10:31:32,501 [RatisPipelineUtilsThread] INFO  pipeline.PipelineStateManager (PipelineStateManager.java:addPipeline(56)) - Created pipeline Pipeline[ Id: 3593b1ce-a24a-4376-8f5e-7efd1b472893, Nodes: bcda0514-d42e-47ca-96fd-c0a633e872a8{ip: 192.168.36.114, host: pr-hdds-1569-58hkm-1881083799, networkLocation: /default-rack, certSerialId: null}, Type:RATIS, Factor:ONE, State:OPEN]
2019-09-12 10:31:32,501 [RatisPipelineUtilsThread] ERROR pipeline.PipelinePlacementPolicy (PipelinePlacementPolicy.java:meetCriteria(92)) - Pipeline Placement: Doesn't meet the criteria to be viable node. Heaviness: 6
2019-09-12 10:31:32,501 [RatisPipelineUtilsThread] ERROR pipeline.PipelinePlacementPolicy (PipelinePlacementPolicy.java:meetCriteria(92)) - Pipeline Placement: Doesn't meet the criteria to be viable node. Heaviness: 6
2019-09-12 10:31:32,501 [RatisPipelineUtilsThread] ERROR pipeline.PipelinePlacementPolicy (PipelinePlacementPolicy.java:meetCriteria(92)) - Pipeline Placement: Doesn't meet the criteria to be viable node. Heaviness: 6
2019-09-12 10:31:32,501 [RatisPipelineUtilsThread] ERROR pipeline.PipelinePlacementPolicy (PipelinePlacementPolicy.java:meetCriteria(92)) - Pipeline Placement: Doesn't meet the criteria to be viable node. Heaviness: 6
2019-09-12 10:31:32,507 [grpc-default-executor-0] INFO  impl.RaftServerProxy (RaftServerProxy.java:addNew(89)) - bcda0514-d42e-47ca-96fd-c0a633e872a8: addNew group-2150748CE520:[bcda0514-d42e-47ca-96fd-c0a633e872a8:192.168.36.114:33684] returns group-2150748CE520:java.util.concurrent.CompletableFuture@2d4930e9[Not completed]
2019-09-12 10:31:32,508 [pool-167-thread-1] INFO  impl.RaftServerImpl (RaftServerImpl.java:<init>(93)) - bcda0514-d42e-47ca-96fd-c0a633e872a8: new RaftServerImpl for group-2150748CE520:[bcda0514-d42e-47ca-96fd-c0a633e872a8:192.168.36.114:33684] with ContainerStateMachine:uninitialized
2019-09-12 10:31:32,508 [pool-167-thread-1] INFO  server.RaftServerConfigKeys (ConfUtils.java:logGet(43)) - raft.server.rpc.timeout.min = 5s (custom)
2019-09-12 10:31:32,508 [pool-167-thread-1] INFO  server.RaftServerConfigKeys (ConfUtils.java:logGet(43)) - raft.server.rpc.timeout.max = 5200ms (custom)
2019-09-12 10:31:32,508 [pool-167-thread-1] INFO  server.RaftServerConfigKeys (ConfUtils.java:logGet(43)) - raft.server.rpcslowness.timeout = 120s (custom)
2019-09-12 10:31:32,508 [pool-167-thread-1] INFO  server.RaftServerConfigKeys (ConfUtils.java:logGet(43)) - raft.server.sleep.deviation.threshold = 300 (default)
2019-09-12 10:31:32,508 [pool-167-thread-1] INFO  server.RaftServerConfigKeys (ConfUtils.java:logGet(43)) - raft.server.log.appender.install.snapshot.enabled = false (custom)
2019-09-12 10:31:32,509 [pool-167-thread-1] INFO  impl.RaftServerImpl (ServerState.java:<init>(105)) - bcda0514-d42e-47ca-96fd-c0a633e872a8:group-2150748CE520 ConfigurationManager, init=-1: [bcda0514-d42e-47ca-96fd-c0a633e872a8:192.168.36.114:33684], old=null, confs=<EMPTY_MAP>
2019-09-12 10:31:32,509 [pool-167-thread-1] INFO  server.RaftServerConfigKeys (ConfUtils.java:logGet(43)) - raft.server.storage.dir = [/workdir/hadoop-ozone/integration-test/target/test-dir/MiniOzoneClusterImpl-87a68f7a-76d1-4e01-bf62-4b4b582b7243/datanode-4/data/ratis] (custom)
2019-09-12 10:31:32,509 [pool-167-thread-1] INFO  storage.RaftStorageDirectory (RaftStorageDirectory.java:analyzeStorage(246)) - The storage directory /workdir/hadoop-ozone/integration-test/target/test-dir/MiniOzoneClusterImpl-87a68f7a-76d1-4e01-bf62-4b4b582b7243/datanode-4/data/ratis/9aa936d5-bfaa-43bb-8554-2150748ce520 does not exist. Creating ...
2019-09-12 10:31:32,521 [pool-167-thread-1] INFO  storage.RaftStorageDirectory (RaftStorageDirectory.java:tryLock(328)) - Lock on /workdir/hadoop-ozone/integration-test/target/test-dir/MiniOzoneClusterImpl-87a68f7a-76d1-4e01-bf62-4b4b582b7243/datanode-4/data/ratis/9aa936d5-bfaa-43bb-8554-2150748ce520/in_use.lock acquired by nodename 1396@pr-hdds-1569-58hkm-1881083799
2019-09-12 10:31:32,534 [pool-167-thread-1] INFO  storage.RaftStorage (RaftStorage.java:format(72)) - Storage directory /workdir/hadoop-ozone/integration-test/target/test-dir/MiniOzoneClusterImpl-87a68f7a-76d1-4e01-bf62-4b4b582b7243/datanode-4/data/ratis/9aa936d5-bfaa-43bb-8554-2150748ce520 has been successfully formatted.
2019-09-12 10:31:32,541 [pool-167-thread-1] INFO  ratis.ContainerStateMachine (ContainerStateMachine.java:loadSnapshot(226)) - group-2150748CE520: The snapshot info is null. Setting the last applied indexto:(t:0, i:~)
2019-09-12 10:31:32,542 [pool-167-thread-1] INFO  server.RaftServerConfigKeys (ConfUtils.java:logGet(43)) - raft.server.leader.election.timeout = 120s (custom)
2019-09-12 10:31:32,542 [pool-167-thread-1] INFO  server.RaftServerConfigKeys (ConfUtils.java:logGet(43)) - raft.server.log.use.memory = false (default)
2019-09-12 10:31:32,542 [pool-167-thread-1] INFO  server.RaftServerConfigKeys (ConfUtils.java:logGet(43)) - raft.server.log.purge.gap = 1000000 (custom)
2019-09-12 10:31:32,542 [pool-167-thread-1] INFO  server.RaftServerConfigKeys (ConfUtils.java:logGet(43)) - raft.server.log.appender.buffer.byte-limit = 33554432 (custom)
2019-09-12 10:31:32,542 [pool-167-thread-1] INFO  server.RaftServerConfigKeys (ConfUtils.java:logGet(43)) - raft.server.log.segment.size.max = 1048576 (custom)
2019-09-12 10:31:32,542 [pool-167-thread-1] INFO  server.RaftServerConfigKeys (ConfUtils.java:logGet(43)) - raft.server.log.segment.cache.num.max = 2 (custom)
2019-09-12 10:31:32,542 [pool-167-thread-1] INFO  segmented.SegmentedRaftLogWorker (SegmentedRaftLogWorker.java:<init>(172)) - new bcda0514-d42e-47ca-96fd-c0a633e872a8-SegmentedRaftLogWorker:Storage Directory /workdir/hadoop-ozone/integration-test/target/test-dir/MiniOzoneClusterImpl-87a68f7a-76d1-4e01-bf62-4b4b582b7243/datanode-4/data/ratis/9aa936d5-bfaa-43bb-8554-2150748ce520 for RaftStorage:Storage Directory /workdir/hadoop-ozone/integration-test/target/test-dir/MiniOzoneClusterImpl-87a68f7a-76d1-4e01-bf62-4b4b582b7243/datanode-4/data/ratis/9aa936d5-bfaa-43bb-8554-2150748ce520
2019-09-12 10:31:32,542 [pool-167-thread-1] INFO  server.RaftServerConfigKeys (ConfUtils.java:logGet(43)) - raft.server.log.queue.byte-limit = 2147483647 (custom)
2019-09-12 10:31:32,543 [pool-167-thread-1] INFO  server.RaftServerConfigKeys (ConfUtils.java:logGet(43)) - raft.server.log.queue.element-limit = 1024 (custom)
2019-09-12 10:31:32,543 [pool-167-thread-1] INFO  server.RaftServerConfigKeys (ConfUtils.java:logGet(43)) - raft.server.log.segment.size.max = 1048576 (custom)
2019-09-12 10:31:32,543 [pool-167-thread-1] INFO  server.RaftServerConfigKeys (ConfUtils.java:logGet(43)) - raft.server.log.preallocated.size = 16384 (custom)
2019-09-12 10:31:32,543 [pool-167-thread-1] INFO  server.RaftServerConfigKeys (ConfUtils.java:logGet(43)) - raft.server.log.write.buffer.size = 33554432 (custom)
2019-09-12 10:31:32,543 [pool-167-thread-1] INFO  server.RaftServerConfigKeys (ConfUtils.java:logGet(43)) - raft.server.log.force.sync.num = 128 (default)
2019-09-12 10:31:32,543 [pool-167-thread-1] INFO  server.RaftServerConfigKeys (ConfUtils.java:logGet(43)) - raft.server.log.statemachine.data.sync = true (default)
2019-09-12 10:31:32,543 [pool-167-thread-1] INFO  server.RaftServerConfigKeys (ConfUtils.java:logGet(43)) - raft.server.log.statemachine.data.sync.timeout = 10s (default)
2019-09-12 10:31:32,543 [pool-167-thread-1] INFO  server.RaftServerConfigKeys (ConfUtils.java:logGet(43)) - raft.server.log.statemachine.data.sync.timeout.retry = -1 (default)
2019-09-12 10:31:32,543 [pool-167-thread-1] INFO  server.RaftServerConfigKeys (ConfUtils.java:logGet(43)) - raft.server.log.statemachine.data.caching.enabled = true (custom)
2019-09-12 10:31:32,544 [pool-167-thread-1] INFO  segmented.SegmentedRaftLogWorker (SegmentedRaftLogWorker.java:lambda$new$0(132)) - bcda0514-d42e-47ca-96fd-c0a633e872a8-SegmentedRaftLogWorker:Storage Directory /workdir/hadoop-ozone/integration-test/target/test-dir/MiniOzoneClusterImpl-87a68f7a-76d1-4e01-bf62-4b4b582b7243/datanode-4/data/ratis/9aa936d5-bfaa-43bb-8554-2150748ce520: flushIndex: setUnconditionally 0 -> -1
2019-09-12 10:31:32,544 [pool-167-thread-1] INFO  server.RaftServerConfigKeys (ConfUtils.java:logGet(43)) - raft.server.snapshot.auto.trigger.enabled = true (custom)
2019-09-12 10:31:32,544 [pool-167-thread-1] INFO  server.RaftServerConfigKeys (ConfUtils.java:logGet(43)) - raft.server.snapshot.auto.trigger.threshold = 10000 (custom)
2019-09-12 10:31:32,544 [pool-167-thread-1] INFO  server.RaftServerConfigKeys (ConfUtils.java:logGet(43)) - raft.server.retrycache.expirytime = 600000ms (custom)
2019-09-12 10:31:32,544 [pool-167-thread-1] INFO  impl.RaftServerImpl (RaftServerImpl.java:start(180)) - bcda0514-d42e-47ca-96fd-c0a633e872a8: start group-2150748CE520
2019-09-12 10:31:32,545 [pool-167-thread-1] INFO  impl.RaftServerImpl (RaftServerImpl.java:setRole(171)) - bcda0514-d42e-47ca-96fd-c0a633e872a8:group-2150748CE520 changes role from null to FOLLOWER at term 0 for startAsFollower
2019-09-12 10:31:32,545 [pool-167-thread-1] INFO  impl.RoleInfo (RoleInfo.java:updateAndGet(143)) - bcda0514-d42e-47ca-96fd-c0a633e872a8: start FollowerState
2019-09-12 10:31:32,545 [pool-167-thread-1] INFO  util.JmxRegister (JmxRegister.java:tryRegister(44)) - Successfully registered JMX Bean with object name Ratis:service=RaftServer,group=group-2150748CE520,id=bcda0514-d42e-47ca-96fd-c0a633e872a8
2019-09-12 10:31:32,547 [RatisPipelineUtilsThread] INFO  pipeline.PipelineStateManager (PipelineStateManager.java:addPipeline(56)) - Created pipeline Pipeline[ Id: 9aa936d5-bfaa-43bb-8554-2150748ce520, Nodes: bcda0514-d42e-47ca-96fd-c0a633e872a8{ip: 192.168.36.114, host: pr-hdds-1569-58hkm-1881083799, networkLocation: /default-rack, certSerialId: null}, Type:RATIS, Factor:ONE, State:OPEN]
2019-09-12 10:31:32,548 [RatisPipelineUtilsThread] ERROR pipeline.PipelinePlacementPolicy (PipelinePlacementPolicy.java:meetCriteria(92)) - Pipeline Placement: Doesn't meet the criteria to be viable node. Heaviness: 6
2019-09-12 10:31:32,548 [RatisPipelineUtilsThread] ERROR pipeline.PipelinePlacementPolicy (PipelinePlacementPolicy.java:meetCriteria(92)) - Pipeline Placement: Doesn't meet the criteria to be viable node. Heaviness: 6
2019-09-12 10:31:32,548 [RatisPipelineUtilsThread] ERROR pipeline.PipelinePlacementPolicy (PipelinePlacementPolicy.java:meetCriteria(92)) - Pipeline Placement: Doesn't meet the criteria to be viable node. Heaviness: 6
2019-09-12 10:31:32,548 [RatisPipelineUtilsThread] ERROR pipeline.PipelinePlacementPolicy (PipelinePlacementPolicy.java:meetCriteria(92)) - Pipeline Placement: Doesn't meet the criteria to be viable node. Heaviness: 6
2019-09-12 10:31:32,559 [grpc-default-executor-0] INFO  impl.RaftServerProxy (RaftServerProxy.java:addNew(89)) - bcda0514-d42e-47ca-96fd-c0a633e872a8: addNew group-3E79CF271C4A:[bcda0514-d42e-47ca-96fd-c0a633e872a8:192.168.36.114:33684] returns group-3E79CF271C4A:java.util.concurrent.CompletableFuture@22f748f9[Not completed]
2019-09-12 10:31:32,560 [pool-167-thread-1] INFO  impl.RaftServerImpl (RaftServerImpl.java:<init>(93)) - bcda0514-d42e-47ca-96fd-c0a633e872a8: new RaftServerImpl for group-3E79CF271C4A:[bcda0514-d42e-47ca-96fd-c0a633e872a8:192.168.36.114:33684] with ContainerStateMachine:uninitialized
2019-09-12 10:31:32,560 [pool-167-thread-1] INFO  server.RaftServerConfigKeys (ConfUtils.java:logGet(43)) - raft.server.rpc.timeout.min = 5s (custom)
2019-09-12 10:31:32,561 [pool-167-thread-1] INFO  server.RaftServerConfigKeys (ConfUtils.java:logGet(43)) - raft.server.rpc.timeout.max = 5200ms (custom)
2019-09-12 10:31:32,561 [pool-167-thread-1] INFO  server.RaftServerConfigKeys (ConfUtils.java:logGet(43)) - raft.server.rpcslowness.timeout = 120s (custom)
2019-09-12 10:31:32,561 [pool-167-thread-1] INFO  server.RaftServerConfigKeys (ConfUtils.java:logGet(43)) - raft.server.sleep.deviation.threshold = 300 (default)
2019-09-12 10:31:32,561 [pool-167-thread-1] INFO  server.RaftServerConfigKeys (ConfUtils.java:logGet(43)) - raft.server.log.appender.install.snapshot.enabled = false (custom)
2019-09-12 10:31:32,561 [pool-167-thread-1] INFO  impl.RaftServerImpl (ServerState.java:<init>(105)) - bcda0514-d42e-47ca-96fd-c0a633e872a8:group-3E79CF271C4A ConfigurationManager, init=-1: [bcda0514-d42e-47ca-96fd-c0a633e872a8:192.168.36.114:33684], old=null, confs=<EMPTY_MAP>
2019-09-12 10:31:32,561 [pool-167-thread-1] INFO  server.RaftServerConfigKeys (ConfUtils.java:logGet(43)) - raft.server.storage.dir = [/workdir/hadoop-ozone/integration-test/target/test-dir/MiniOzoneClusterImpl-87a68f7a-76d1-4e01-bf62-4b4b582b7243/datanode-4/data/ratis] (custom)
2019-09-12 10:31:32,561 [pool-167-thread-1] INFO  storage.RaftStorageDirectory (RaftStorageDirectory.java:analyzeStorage(246)) - The storage directory /workdir/hadoop-ozone/integration-test/target/test-dir/MiniOzoneClusterImpl-87a68f7a-76d1-4e01-bf62-4b4b582b7243/datanode-4/data/ratis/0ded21f5-1921-4661-ae52-3e79cf271c4a does not exist. Creating ...
2019-09-12 10:31:32,573 [pool-167-thread-1] INFO  storage.RaftStorageDirectory (RaftStorageDirectory.java:tryLock(328)) - Lock on /workdir/hadoop-ozone/integration-test/target/test-dir/MiniOzoneClusterImpl-87a68f7a-76d1-4e01-bf62-4b4b582b7243/datanode-4/data/ratis/0ded21f5-1921-4661-ae52-3e79cf271c4a/in_use.lock acquired by nodename 1396@pr-hdds-1569-58hkm-1881083799
2019-09-12 10:31:32,586 [pool-167-thread-1] INFO  storage.RaftStorage (RaftStorage.java:format(72)) - Storage directory /workdir/hadoop-ozone/integration-test/target/test-dir/MiniOzoneClusterImpl-87a68f7a-76d1-4e01-bf62-4b4b582b7243/datanode-4/data/ratis/0ded21f5-1921-4661-ae52-3e79cf271c4a has been successfully formatted.
2019-09-12 10:31:32,587 [pool-167-thread-1] INFO  ratis.ContainerStateMachine (ContainerStateMachine.java:loadSnapshot(226)) - group-3E79CF271C4A: The snapshot info is null. Setting the last applied indexto:(t:0, i:~)
2019-09-12 10:31:32,587 [pool-167-thread-1] INFO  server.RaftServerConfigKeys (ConfUtils.java:logGet(43)) - raft.server.leader.election.timeout = 120s (custom)
2019-09-12 10:31:32,587 [pool-167-thread-1] INFO  server.RaftServerConfigKeys (ConfUtils.java:logGet(43)) - raft.server.log.use.memory = false (default)
2019-09-12 10:31:32,587 [pool-167-thread-1] INFO  server.RaftServerConfigKeys (ConfUtils.java:logGet(43)) - raft.server.log.purge.gap = 1000000 (custom)
2019-09-12 10:31:32,587 [pool-167-thread-1] INFO  server.RaftServerConfigKeys (ConfUtils.java:logGet(43)) - raft.server.log.appender.buffer.byte-limit = 33554432 (custom)
2019-09-12 10:31:32,587 [pool-167-thread-1] INFO  server.RaftServerConfigKeys (ConfUtils.java:logGet(43)) - raft.server.log.segment.size.max = 1048576 (custom)
2019-09-12 10:31:32,587 [pool-167-thread-1] INFO  server.RaftServerConfigKeys (ConfUtils.java:logGet(43)) - raft.server.log.segment.cache.num.max = 2 (custom)
2019-09-12 10:31:32,587 [pool-167-thread-1] INFO  segmented.SegmentedRaftLogWorker (SegmentedRaftLogWorker.java:<init>(172)) - new bcda0514-d42e-47ca-96fd-c0a633e872a8-SegmentedRaftLogWorker:Storage Directory /workdir/hadoop-ozone/integration-test/target/test-dir/MiniOzoneClusterImpl-87a68f7a-76d1-4e01-bf62-4b4b582b7243/datanode-4/data/ratis/0ded21f5-1921-4661-ae52-3e79cf271c4a for RaftStorage:Storage Directory /workdir/hadoop-ozone/integration-test/target/test-dir/MiniOzoneClusterImpl-87a68f7a-76d1-4e01-bf62-4b4b582b7243/datanode-4/data/ratis/0ded21f5-1921-4661-ae52-3e79cf271c4a
2019-09-12 10:31:32,588 [pool-167-thread-1] INFO  server.RaftServerConfigKeys (ConfUtils.java:logGet(43)) - raft.server.log.queue.byte-limit = 2147483647 (custom)
2019-09-12 10:31:32,588 [pool-167-thread-1] INFO  server.RaftServerConfigKeys (ConfUtils.java:logGet(43)) - raft.server.log.queue.element-limit = 1024 (custom)
2019-09-12 10:31:32,588 [pool-167-thread-1] INFO  server.RaftServerConfigKeys (ConfUtils.java:logGet(43)) - raft.server.log.segment.size.max = 1048576 (custom)
2019-09-12 10:31:32,588 [pool-167-thread-1] INFO  server.RaftServerConfigKeys (ConfUtils.java:logGet(43)) - raft.server.log.preallocated.size = 16384 (custom)
2019-09-12 10:31:32,588 [pool-167-thread-1] INFO  server.RaftServerConfigKeys (ConfUtils.java:logGet(43)) - raft.server.log.write.buffer.size = 33554432 (custom)
2019-09-12 10:31:32,588 [pool-167-thread-1] INFO  server.RaftServerConfigKeys (ConfUtils.java:logGet(43)) - raft.server.log.force.sync.num = 128 (default)
2019-09-12 10:31:32,588 [pool-167-thread-1] INFO  server.RaftServerConfigKeys (ConfUtils.java:logGet(43)) - raft.server.log.statemachine.data.sync = true (default)
2019-09-12 10:31:32,588 [pool-167-thread-1] INFO  server.RaftServerConfigKeys (ConfUtils.java:logGet(43)) - raft.server.log.statemachine.data.sync.timeout = 10s (default)
2019-09-12 10:31:32,588 [pool-167-thread-1] INFO  server.RaftServerConfigKeys (ConfUtils.java:logGet(43)) - raft.server.log.statemachine.data.sync.timeout.retry = -1 (default)
2019-09-12 10:31:32,588 [pool-167-thread-1] INFO  server.RaftServerConfigKeys (ConfUtils.java:logGet(43)) - raft.server.log.statemachine.data.caching.enabled = true (custom)
2019-09-12 10:31:32,589 [pool-167-thread-1] INFO  segmented.SegmentedRaftLogWorker (SegmentedRaftLogWorker.java:lambda$new$0(132)) - bcda0514-d42e-47ca-96fd-c0a633e872a8-SegmentedRaftLogWorker:Storage Directory /workdir/hadoop-ozone/integration-test/target/test-dir/MiniOzoneClusterImpl-87a68f7a-76d1-4e01-bf62-4b4b582b7243/datanode-4/data/ratis/0ded21f5-1921-4661-ae52-3e79cf271c4a: flushIndex: setUnconditionally 0 -> -1
2019-09-12 10:31:32,589 [pool-167-thread-1] INFO  server.RaftServerConfigKeys (ConfUtils.java:logGet(43)) - raft.server.snapshot.auto.trigger.enabled = true (custom)
2019-09-12 10:31:32,589 [pool-167-thread-1] INFO  server.RaftServerConfigKeys (ConfUtils.java:logGet(43)) - raft.server.snapshot.auto.trigger.threshold = 10000 (custom)
2019-09-12 10:31:32,589 [pool-167-thread-1] INFO  server.RaftServerConfigKeys (ConfUtils.java:logGet(43)) - raft.server.retrycache.expirytime = 600000ms (custom)
2019-09-12 10:31:32,589 [pool-167-thread-1] INFO  impl.RaftServerImpl (RaftServerImpl.java:start(180)) - bcda0514-d42e-47ca-96fd-c0a633e872a8: start group-3E79CF271C4A
2019-09-12 10:31:32,589 [pool-167-thread-1] INFO  impl.RaftServerImpl (RaftServerImpl.java:setRole(171)) - bcda0514-d42e-47ca-96fd-c0a633e872a8:group-3E79CF271C4A changes role from null to FOLLOWER at term 0 for startAsFollower
2019-09-12 10:31:32,590 [pool-167-thread-1] INFO  impl.RoleInfo (RoleInfo.java:updateAndGet(143)) - bcda0514-d42e-47ca-96fd-c0a633e872a8: start FollowerState
2019-09-12 10:31:32,590 [pool-167-thread-1] INFO  util.JmxRegister (JmxRegister.java:tryRegister(44)) - Successfully registered JMX Bean with object name Ratis:service=RaftServer,group=group-3E79CF271C4A,id=bcda0514-d42e-47ca-96fd-c0a633e872a8
2019-09-12 10:31:32,593 [RatisPipelineUtilsThread] INFO  pipeline.PipelineStateManager (PipelineStateManager.java:addPipeline(56)) - Created pipeline Pipeline[ Id: 0ded21f5-1921-4661-ae52-3e79cf271c4a, Nodes: bcda0514-d42e-47ca-96fd-c0a633e872a8{ip: 192.168.36.114, host: pr-hdds-1569-58hkm-1881083799, networkLocation: /default-rack, certSerialId: null}, Type:RATIS, Factor:ONE, State:OPEN]
2019-09-12 10:31:32,593 [RatisPipelineUtilsThread] ERROR pipeline.PipelinePlacementPolicy (PipelinePlacementPolicy.java:meetCriteria(92)) - Pipeline Placement: Doesn't meet the criteria to be viable node. Heaviness: 6
2019-09-12 10:31:32,593 [RatisPipelineUtilsThread] ERROR pipeline.PipelinePlacementPolicy (PipelinePlacementPolicy.java:meetCriteria(92)) - Pipeline Placement: Doesn't meet the criteria to be viable node. Heaviness: 6
2019-09-12 10:31:32,594 [RatisPipelineUtilsThread] ERROR pipeline.PipelinePlacementPolicy (PipelinePlacementPolicy.java:meetCriteria(92)) - Pipeline Placement: Doesn't meet the criteria to be viable node. Heaviness: 6
2019-09-12 10:31:32,594 [RatisPipelineUtilsThread] ERROR pipeline.PipelinePlacementPolicy (PipelinePlacementPolicy.java:meetCriteria(92)) - Pipeline Placement: Doesn't meet the criteria to be viable node. Heaviness: 6
2019-09-12 10:31:32,599 [grpc-default-executor-0] INFO  impl.RaftServerProxy (RaftServerProxy.java:addNew(89)) - bcda0514-d42e-47ca-96fd-c0a633e872a8: addNew group-ADF8BD8A210A:[bcda0514-d42e-47ca-96fd-c0a633e872a8:192.168.36.114:33684] returns group-ADF8BD8A210A:java.util.concurrent.CompletableFuture@57395cfd[Not completed]
2019-09-12 10:31:32,600 [pool-167-thread-1] INFO  impl.RaftServerImpl (RaftServerImpl.java:<init>(93)) - bcda0514-d42e-47ca-96fd-c0a633e872a8: new RaftServerImpl for group-ADF8BD8A210A:[bcda0514-d42e-47ca-96fd-c0a633e872a8:192.168.36.114:33684] with ContainerStateMachine:uninitialized
2019-09-12 10:31:32,600 [pool-167-thread-1] INFO  server.RaftServerConfigKeys (ConfUtils.java:logGet(43)) - raft.server.rpc.timeout.min = 5s (custom)
2019-09-12 10:31:32,600 [pool-167-thread-1] INFO  server.RaftServerConfigKeys (ConfUtils.java:logGet(43)) - raft.server.rpc.timeout.max = 5200ms (custom)
2019-09-12 10:31:32,600 [pool-167-thread-1] INFO  server.RaftServerConfigKeys (ConfUtils.java:logGet(43)) - raft.server.rpcslowness.timeout = 120s (custom)
2019-09-12 10:31:32,601 [pool-167-thread-1] INFO  server.RaftServerConfigKeys (ConfUtils.java:logGet(43)) - raft.server.sleep.deviation.threshold = 300 (default)
2019-09-12 10:31:32,601 [pool-167-thread-1] INFO  server.RaftServerConfigKeys (ConfUtils.java:logGet(43)) - raft.server.log.appender.install.snapshot.enabled = false (custom)
2019-09-12 10:31:32,601 [pool-167-thread-1] INFO  impl.RaftServerImpl (ServerState.java:<init>(105)) - bcda0514-d42e-47ca-96fd-c0a633e872a8:group-ADF8BD8A210A ConfigurationManager, init=-1: [bcda0514-d42e-47ca-96fd-c0a633e872a8:192.168.36.114:33684], old=null, confs=<EMPTY_MAP>
2019-09-12 10:31:32,601 [pool-167-thread-1] INFO  server.RaftServerConfigKeys (ConfUtils.java:logGet(43)) - raft.server.storage.dir = [/workdir/hadoop-ozone/integration-test/target/test-dir/MiniOzoneClusterImpl-87a68f7a-76d1-4e01-bf62-4b4b582b7243/datanode-4/data/ratis] (custom)
2019-09-12 10:31:32,601 [pool-167-thread-1] INFO  storage.RaftStorageDirectory (RaftStorageDirectory.java:analyzeStorage(246)) - The storage directory /workdir/hadoop-ozone/integration-test/target/test-dir/MiniOzoneClusterImpl-87a68f7a-76d1-4e01-bf62-4b4b582b7243/datanode-4/data/ratis/0aabf2eb-bf50-4967-ad7b-adf8bd8a210a does not exist. Creating ...
2019-09-12 10:31:32,613 [pool-167-thread-1] INFO  storage.RaftStorageDirectory (RaftStorageDirectory.java:tryLock(328)) - Lock on /workdir/hadoop-ozone/integration-test/target/test-dir/MiniOzoneClusterImpl-87a68f7a-76d1-4e01-bf62-4b4b582b7243/datanode-4/data/ratis/0aabf2eb-bf50-4967-ad7b-adf8bd8a210a/in_use.lock acquired by nodename 1396@pr-hdds-1569-58hkm-1881083799
2019-09-12 10:31:32,632 [pool-167-thread-1] INFO  storage.RaftStorage (RaftStorage.java:format(72)) - Storage directory /workdir/hadoop-ozone/integration-test/target/test-dir/MiniOzoneClusterImpl-87a68f7a-76d1-4e01-bf62-4b4b582b7243/datanode-4/data/ratis/0aabf2eb-bf50-4967-ad7b-adf8bd8a210a has been successfully formatted.
2019-09-12 10:31:32,633 [pool-167-thread-1] INFO  ratis.ContainerStateMachine (ContainerStateMachine.java:loadSnapshot(226)) - group-ADF8BD8A210A: The snapshot info is null. Setting the last applied indexto:(t:0, i:~)
2019-09-12 10:31:32,633 [pool-167-thread-1] INFO  server.RaftServerConfigKeys (ConfUtils.java:logGet(43)) - raft.server.leader.election.timeout = 120s (custom)
2019-09-12 10:31:32,633 [pool-167-thread-1] INFO  server.RaftServerConfigKeys (ConfUtils.java:logGet(43)) - raft.server.log.use.memory = false (default)
2019-09-12 10:31:32,633 [pool-167-thread-1] INFO  server.RaftServerConfigKeys (ConfUtils.java:logGet(43)) - raft.server.log.purge.gap = 1000000 (custom)
2019-09-12 10:31:32,633 [pool-167-thread-1] INFO  server.RaftServerConfigKeys (ConfUtils.java:logGet(43)) - raft.server.log.appender.buffer.byte-limit = 33554432 (custom)
2019-09-12 10:31:32,633 [pool-167-thread-1] INFO  server.RaftServerConfigKeys (ConfUtils.java:logGet(43)) - raft.server.log.segment.size.max = 1048576 (custom)
2019-09-12 10:31:32,633 [pool-167-thread-1] INFO  server.RaftServerConfigKeys (ConfUtils.java:logGet(43)) - raft.server.log.segment.cache.num.max = 2 (custom)
2019-09-12 10:31:32,634 [pool-167-thread-1] INFO  segmented.SegmentedRaftLogWorker (SegmentedRaftLogWorker.java:<init>(172)) - new bcda0514-d42e-47ca-96fd-c0a633e872a8-SegmentedRaftLogWorker:Storage Directory /workdir/hadoop-ozone/integration-test/target/test-dir/MiniOzoneClusterImpl-87a68f7a-76d1-4e01-bf62-4b4b582b7243/datanode-4/data/ratis/0aabf2eb-bf50-4967-ad7b-adf8bd8a210a for RaftStorage:Storage Directory /workdir/hadoop-ozone/integration-test/target/test-dir/MiniOzoneClusterImpl-87a68f7a-76d1-4e01-bf62-4b4b582b7243/datanode-4/data/ratis/0aabf2eb-bf50-4967-ad7b-adf8bd8a210a
2019-09-12 10:31:32,634 [pool-167-thread-1] INFO  server.RaftServerConfigKeys (ConfUtils.java:logGet(43)) - raft.server.log.queue.byte-limit = 2147483647 (custom)
2019-09-12 10:31:32,634 [pool-167-thread-1] INFO  server.RaftServerConfigKeys (ConfUtils.java:logGet(43)) - raft.server.log.queue.element-limit = 1024 (custom)
2019-09-12 10:31:32,634 [pool-167-thread-1] INFO  server.RaftServerConfigKeys (ConfUtils.java:logGet(43)) - raft.server.log.segment.size.max = 1048576 (custom)
2019-09-12 10:31:32,634 [pool-167-thread-1] INFO  server.RaftServerConfigKeys (ConfUtils.java:logGet(43)) - raft.server.log.preallocated.size = 16384 (custom)
2019-09-12 10:31:32,634 [pool-167-thread-1] INFO  server.RaftServerConfigKeys (ConfUtils.java:logGet(43)) - raft.server.log.write.buffer.size = 33554432 (custom)
2019-09-12 10:31:32,634 [pool-167-thread-1] INFO  server.RaftServerConfigKeys (ConfUtils.java:logGet(43)) - raft.server.log.force.sync.num = 128 (default)
2019-09-12 10:31:32,634 [pool-167-thread-1] INFO  server.RaftServerConfigKeys (ConfUtils.java:logGet(43)) - raft.server.log.statemachine.data.sync = true (default)
2019-09-12 10:31:32,740 [pool-167-thread-1] INFO  server.RaftServerConfigKeys (ConfUtils.java:logGet(43)) - raft.server.log.statemachine.data.sync.timeout = 10s (default)
2019-09-12 10:31:32,787 [pool-167-thread-1] INFO  server.RaftServerConfigKeys (ConfUtils.java:logGet(43)) - raft.server.log.statemachine.data.sync.timeout.retry = -1 (default)
2019-09-12 10:31:32,787 [pool-167-thread-1] INFO  server.RaftServerConfigKeys (ConfUtils.java:logGet(43)) - raft.server.log.statemachine.data.caching.enabled = true (custom)
2019-09-12 10:31:32,788 | INFO  | SCMAudit | user=jenkins1000 | ip=192.168.36.114 | op=SEND_HEARTBEAT {datanodeUUID=f17b4253-95a0-4ee6-8ded-88f070f15b33, command=[]} | ret=SUCCESS |  
2019-09-12 10:31:32,788 | INFO  | SCMAudit | user=jenkins1000 | ip=192.168.36.114 | op=SEND_HEARTBEAT {datanodeUUID=eaeff1e2-de9c-4510-872d-283eb6c3c330, command=[]} | ret=SUCCESS |  
2019-09-12 10:31:32,788 [pool-167-thread-1] INFO  segmented.SegmentedRaftLogWorker (SegmentedRaftLogWorker.java:lambda$new$0(132)) - bcda0514-d42e-47ca-96fd-c0a633e872a8-SegmentedRaftLogWorker:Storage Directory /workdir/hadoop-ozone/integration-test/target/test-dir/MiniOzoneClusterImpl-87a68f7a-76d1-4e01-bf62-4b4b582b7243/datanode-4/data/ratis/0aabf2eb-bf50-4967-ad7b-adf8bd8a210a: flushIndex: setUnconditionally 0 -> -1
2019-09-12 10:31:32,788 [pool-167-thread-1] INFO  server.RaftServerConfigKeys (ConfUtils.java:logGet(43)) - raft.server.snapshot.auto.trigger.enabled = true (custom)
2019-09-12 10:31:32,788 [IPC Server handler 5 on 45356] INFO  net.NetworkTopology (NetworkTopologyImpl.java:add(110)) - Added a new node: /default-rack/b6dd7c38-f675-445e-811b-15cf17d56c0a
2019-09-12 10:31:32,789 [pool-167-thread-1] INFO  server.RaftServerConfigKeys (ConfUtils.java:logGet(43)) - raft.server.snapshot.auto.trigger.threshold = 10000 (custom)
2019-09-12 10:31:32,789 [IPC Server handler 5 on 45356] INFO  node.SCMNodeManager (SCMNodeManager.java:register(273)) - Registered Data node : b6dd7c38-f675-445e-811b-15cf17d56c0a{ip: 192.168.36.114, host: pr-hdds-1569-58hkm-1881083799, networkLocation: /default-rack, certSerialId: null}
2019-09-12 10:31:32,789 [pool-167-thread-1] INFO  server.RaftServerConfigKeys (ConfUtils.java:logGet(43)) - raft.server.retrycache.expirytime = 600000ms (custom)
2019-09-12 10:31:32,789 | INFO  | SCMAudit | user=jenkins1000 | ip=192.168.36.114 | op=REGISTER {datanodeDetails=b6dd7c38-f675-445e-811b-15cf17d56c0a{ip: 192.168.36.114, host: pr-hdds-1569-58hkm-1881083799, networkLocation: /default-rack, certSerialId: null}} | ret=SUCCESS |  
2019-09-12 10:31:32,790 [pool-167-thread-1] INFO  impl.RaftServerImpl (RaftServerImpl.java:start(180)) - bcda0514-d42e-47ca-96fd-c0a633e872a8: start group-ADF8BD8A210A
2019-09-12 10:31:32,790 [pool-167-thread-1] INFO  impl.RaftServerImpl (RaftServerImpl.java:setRole(171)) - bcda0514-d42e-47ca-96fd-c0a633e872a8:group-ADF8BD8A210A changes role from null to FOLLOWER at term 0 for startAsFollower
2019-09-12 10:31:32,790 [pool-167-thread-1] INFO  impl.RoleInfo (RoleInfo.java:updateAndGet(143)) - bcda0514-d42e-47ca-96fd-c0a633e872a8: start FollowerState
2019-09-12 10:31:32,790 [pool-167-thread-1] INFO  util.JmxRegister (JmxRegister.java:tryRegister(44)) - Successfully registered JMX Bean with object name Ratis:service=RaftServer,group=group-ADF8BD8A210A,id=bcda0514-d42e-47ca-96fd-c0a633e872a8
2019-09-12 10:31:32,794 [RatisPipelineUtilsThread] INFO  pipeline.PipelineStateManager (PipelineStateManager.java:addPipeline(56)) - Created pipeline Pipeline[ Id: 0aabf2eb-bf50-4967-ad7b-adf8bd8a210a, Nodes: bcda0514-d42e-47ca-96fd-c0a633e872a8{ip: 192.168.36.114, host: pr-hdds-1569-58hkm-1881083799, networkLocation: /default-rack, certSerialId: null}, Type:RATIS, Factor:ONE, State:OPEN]
2019-09-12 10:31:32,794 [RatisPipelineUtilsThread] ERROR pipeline.PipelinePlacementPolicy (PipelinePlacementPolicy.java:meetCriteria(92)) - Pipeline Placement: Doesn't meet the criteria to be viable node. Heaviness: 6
2019-09-12 10:31:32,794 [RatisPipelineUtilsThread] ERROR pipeline.PipelinePlacementPolicy (PipelinePlacementPolicy.java:meetCriteria(92)) - Pipeline Placement: Doesn't meet the criteria to be viable node. Heaviness: 6
2019-09-12 10:31:32,795 [RatisPipelineUtilsThread] ERROR pipeline.PipelinePlacementPolicy (PipelinePlacementPolicy.java:meetCriteria(92)) - Pipeline Placement: Doesn't meet the criteria to be viable node. Heaviness: 6
2019-09-12 10:31:32,795 [RatisPipelineUtilsThread] ERROR pipeline.PipelinePlacementPolicy (PipelinePlacementPolicy.java:meetCriteria(92)) - Pipeline Placement: Doesn't meet the criteria to be viable node. Heaviness: 6
2019-09-12 10:31:32,802 [grpc-default-executor-0] INFO  impl.RaftServerProxy (RaftServerProxy.java:addNew(89)) - bcda0514-d42e-47ca-96fd-c0a633e872a8: addNew group-4F0D5C34BD13:[bcda0514-d42e-47ca-96fd-c0a633e872a8:192.168.36.114:33684] returns group-4F0D5C34BD13:java.util.concurrent.CompletableFuture@47b0dee9[Not completed]
2019-09-12 10:31:32,804 [pool-167-thread-1] INFO  impl.RaftServerImpl (RaftServerImpl.java:<init>(93)) - bcda0514-d42e-47ca-96fd-c0a633e872a8: new RaftServerImpl for group-4F0D5C34BD13:[bcda0514-d42e-47ca-96fd-c0a633e872a8:192.168.36.114:33684] with ContainerStateMachine:uninitialized
2019-09-12 10:31:32,804 [pool-167-thread-1] INFO  server.RaftServerConfigKeys (ConfUtils.java:logGet(43)) - raft.server.rpc.timeout.min = 5s (custom)
2019-09-12 10:31:32,804 [pool-167-thread-1] INFO  server.RaftServerConfigKeys (ConfUtils.java:logGet(43)) - raft.server.rpc.timeout.max = 5200ms (custom)
2019-09-12 10:31:32,805 [pool-167-thread-1] INFO  server.RaftServerConfigKeys (ConfUtils.java:logGet(43)) - raft.server.rpcslowness.timeout = 120s (custom)
2019-09-12 10:31:32,805 [pool-167-thread-1] INFO  server.RaftServerConfigKeys (ConfUtils.java:logGet(43)) - raft.server.sleep.deviation.threshold = 300 (default)
2019-09-12 10:31:32,805 [pool-167-thread-1] INFO  server.RaftServerConfigKeys (ConfUtils.java:logGet(43)) - raft.server.log.appender.install.snapshot.enabled = false (custom)
2019-09-12 10:31:32,805 [pool-167-thread-1] INFO  impl.RaftServerImpl (ServerState.java:<init>(105)) - bcda0514-d42e-47ca-96fd-c0a633e872a8:group-4F0D5C34BD13 ConfigurationManager, init=-1: [bcda0514-d42e-47ca-96fd-c0a633e872a8:192.168.36.114:33684], old=null, confs=<EMPTY_MAP>
2019-09-12 10:31:32,805 [pool-167-thread-1] INFO  server.RaftServerConfigKeys (ConfUtils.java:logGet(43)) - raft.server.storage.dir = [/workdir/hadoop-ozone/integration-test/target/test-dir/MiniOzoneClusterImpl-87a68f7a-76d1-4e01-bf62-4b4b582b7243/datanode-4/data/ratis] (custom)
2019-09-12 10:31:32,806 [pool-167-thread-1] INFO  storage.RaftStorageDirectory (RaftStorageDirectory.java:analyzeStorage(246)) - The storage directory /workdir/hadoop-ozone/integration-test/target/test-dir/MiniOzoneClusterImpl-87a68f7a-76d1-4e01-bf62-4b4b582b7243/datanode-4/data/ratis/fad54004-dc11-47bb-83f2-4f0d5c34bd13 does not exist. Creating ...
2019-09-12 10:31:32,828 | INFO  | SCMAudit | user=jenkins1000 | ip=192.168.36.114 | op=SEND_HEARTBEAT {datanodeUUID=c9031a36-5f7c-4098-8bea-8a46141708a6, command=[]} | ret=SUCCESS |  
2019-09-12 10:31:32,828 | INFO  | SCMAudit | user=jenkins1000 | ip=192.168.36.114 | op=SEND_HEARTBEAT {datanodeUUID=39df7a3f-9691-48d4-a2b1-6888489a5f8a, command=[]} | ret=SUCCESS |  
2019-09-12 10:31:32,831 [pool-167-thread-1] INFO  storage.RaftStorageDirectory (RaftStorageDirectory.java:tryLock(328)) - Lock on /workdir/hadoop-ozone/integration-test/target/test-dir/MiniOzoneClusterImpl-87a68f7a-76d1-4e01-bf62-4b4b582b7243/datanode-4/data/ratis/fad54004-dc11-47bb-83f2-4f0d5c34bd13/in_use.lock acquired by nodename 1396@pr-hdds-1569-58hkm-1881083799
2019-09-12 10:31:32,853 [pool-167-thread-1] INFO  storage.RaftStorage (RaftStorage.java:format(72)) - Storage directory /workdir/hadoop-ozone/integration-test/target/test-dir/MiniOzoneClusterImpl-87a68f7a-76d1-4e01-bf62-4b4b582b7243/datanode-4/data/ratis/fad54004-dc11-47bb-83f2-4f0d5c34bd13 has been successfully formatted.
2019-09-12 10:31:32,853 [pool-167-thread-1] INFO  ratis.ContainerStateMachine (ContainerStateMachine.java:loadSnapshot(226)) - group-4F0D5C34BD13: The snapshot info is null. Setting the last applied indexto:(t:0, i:~)
2019-09-12 10:31:32,854 [pool-167-thread-1] INFO  server.RaftServerConfigKeys (ConfUtils.java:logGet(43)) - raft.server.leader.election.timeout = 120s (custom)
2019-09-12 10:31:32,854 [pool-167-thread-1] INFO  server.RaftServerConfigKeys (ConfUtils.java:logGet(43)) - raft.server.log.use.memory = false (default)
2019-09-12 10:31:32,854 [pool-167-thread-1] INFO  server.RaftServerConfigKeys (ConfUtils.java:logGet(43)) - raft.server.log.purge.gap = 1000000 (custom)
2019-09-12 10:31:32,854 [pool-167-thread-1] INFO  server.RaftServerConfigKeys (ConfUtils.java:logGet(43)) - raft.server.log.appender.buffer.byte-limit = 33554432 (custom)
2019-09-12 10:31:32,855 [pool-167-thread-1] INFO  server.RaftServerConfigKeys (ConfUtils.java:logGet(43)) - raft.server.log.segment.size.max = 1048576 (custom)
2019-09-12 10:31:32,855 [pool-167-thread-1] INFO  server.RaftServerConfigKeys (ConfUtils.java:logGet(43)) - raft.server.log.segment.cache.num.max = 2 (custom)
2019-09-12 10:31:32,855 [pool-167-thread-1] INFO  segmented.SegmentedRaftLogWorker (SegmentedRaftLogWorker.java:<init>(172)) - new bcda0514-d42e-47ca-96fd-c0a633e872a8-SegmentedRaftLogWorker:Storage Directory /workdir/hadoop-ozone/integration-test/target/test-dir/MiniOzoneClusterImpl-87a68f7a-76d1-4e01-bf62-4b4b582b7243/datanode-4/data/ratis/fad54004-dc11-47bb-83f2-4f0d5c34bd13 for RaftStorage:Storage Directory /workdir/hadoop-ozone/integration-test/target/test-dir/MiniOzoneClusterImpl-87a68f7a-76d1-4e01-bf62-4b4b582b7243/datanode-4/data/ratis/fad54004-dc11-47bb-83f2-4f0d5c34bd13
2019-09-12 10:31:32,855 [pool-167-thread-1] INFO  server.RaftServerConfigKeys (ConfUtils.java:logGet(43)) - raft.server.log.queue.byte-limit = 2147483647 (custom)
2019-09-12 10:31:32,855 [pool-167-thread-1] INFO  server.RaftServerConfigKeys (ConfUtils.java:logGet(43)) - raft.server.log.queue.element-limit = 1024 (custom)
2019-09-12 10:31:32,856 [main] INFO  ozone.MiniOzoneClusterImpl (MiniOzoneClusterImpl.java:lambda$waitForClusterToBeReady$0(142)) - Waiting for cluster to be ready. Got 6 of 7 DN Heartbeats.
2019-09-12 10:31:32,856 [pool-167-thread-1] INFO  server.RaftServerConfigKeys (ConfUtils.java:logGet(43)) - raft.server.log.segment.size.max = 1048576 (custom)
2019-09-12 10:31:32,856 [pool-167-thread-1] INFO  server.RaftServerConfigKeys (ConfUtils.java:logGet(43)) - raft.server.log.preallocated.size = 16384 (custom)
2019-09-12 10:31:32,856 [pool-167-thread-1] INFO  server.RaftServerConfigKeys (ConfUtils.java:logGet(43)) - raft.server.log.write.buffer.size = 33554432 (custom)
2019-09-12 10:31:32,857 [pool-167-thread-1] INFO  server.RaftServerConfigKeys (ConfUtils.java:logGet(43)) - raft.server.log.force.sync.num = 128 (default)
2019-09-12 10:31:32,857 [pool-167-thread-1] INFO  server.RaftServerConfigKeys (ConfUtils.java:logGet(43)) - raft.server.log.statemachine.data.sync = true (default)
2019-09-12 10:31:32,857 [pool-167-thread-1] INFO  server.RaftServerConfigKeys (ConfUtils.java:logGet(43)) - raft.server.log.statemachine.data.sync.timeout = 10s (default)
2019-09-12 10:31:32,857 [IPC Server handler 8 on 45356] INFO  net.NetworkTopology (NetworkTopologyImpl.java:add(110)) - Added a new node: /default-rack/9616c881-dbb1-48da-90dd-a872ed779a2e
2019-09-12 10:31:32,857 [pool-167-thread-1] INFO  server.RaftServerConfigKeys (ConfUtils.java:logGet(43)) - raft.server.log.statemachine.data.sync.timeout.retry = -1 (default)
2019-09-12 10:31:32,858 [IPC Server handler 8 on 45356] INFO  node.SCMNodeManager (SCMNodeManager.java:register(273)) - Registered Data node : 9616c881-dbb1-48da-90dd-a872ed779a2e{ip: 192.168.36.114, host: pr-hdds-1569-58hkm-1881083799, networkLocation: /default-rack, certSerialId: null}
2019-09-12 10:31:32,858 [pool-167-thread-1] INFO  server.RaftServerConfigKeys (ConfUtils.java:logGet(43)) - raft.server.log.statemachine.data.caching.enabled = true (custom)
2019-09-12 10:31:32,858 | INFO  | SCMAudit | user=jenkins1000 | ip=192.168.36.114 | op=REGISTER {datanodeDetails=9616c881-dbb1-48da-90dd-a872ed779a2e{ip: 192.168.36.114, host: pr-hdds-1569-58hkm-1881083799, networkLocation: /default-rack, certSerialId: null}} | ret=SUCCESS |  
2019-09-12 10:31:32,859 [pool-167-thread-1] INFO  segmented.SegmentedRaftLogWorker (SegmentedRaftLogWorker.java:lambda$new$0(132)) - bcda0514-d42e-47ca-96fd-c0a633e872a8-SegmentedRaftLogWorker:Storage Directory /workdir/hadoop-ozone/integration-test/target/test-dir/MiniOzoneClusterImpl-87a68f7a-76d1-4e01-bf62-4b4b582b7243/datanode-4/data/ratis/fad54004-dc11-47bb-83f2-4f0d5c34bd13: flushIndex: setUnconditionally 0 -> -1
2019-09-12 10:31:32,859 [pool-167-thread-1] INFO  server.RaftServerConfigKeys (ConfUtils.java:logGet(43)) - raft.server.snapshot.auto.trigger.enabled = true (custom)
2019-09-12 10:31:32,859 [pool-167-thread-1] INFO  server.RaftServerConfigKeys (ConfUtils.java:logGet(43)) - raft.server.snapshot.auto.trigger.threshold = 10000 (custom)
2019-09-12 10:31:32,859 [pool-167-thread-1] INFO  server.RaftServerConfigKeys (ConfUtils.java:logGet(43)) - raft.server.retrycache.expirytime = 600000ms (custom)
2019-09-12 10:31:32,860 [pool-167-thread-1] INFO  impl.RaftServerImpl (RaftServerImpl.java:start(180)) - bcda0514-d42e-47ca-96fd-c0a633e872a8: start group-4F0D5C34BD13
2019-09-12 10:31:32,860 [pool-167-thread-1] INFO  impl.RaftServerImpl (RaftServerImpl.java:setRole(171)) - bcda0514-d42e-47ca-96fd-c0a633e872a8:group-4F0D5C34BD13 changes role from null to FOLLOWER at term 0 for startAsFollower
2019-09-12 10:31:32,860 [pool-167-thread-1] INFO  impl.RoleInfo (RoleInfo.java:updateAndGet(143)) - bcda0514-d42e-47ca-96fd-c0a633e872a8: start FollowerState
2019-09-12 10:31:32,861 [pool-167-thread-1] INFO  util.JmxRegister (JmxRegister.java:tryRegister(44)) - Successfully registered JMX Bean with object name Ratis:service=RaftServer,group=group-4F0D5C34BD13,id=bcda0514-d42e-47ca-96fd-c0a633e872a8
2019-09-12 10:31:32,866 [RatisPipelineUtilsThread] INFO  pipeline.PipelineStateManager (PipelineStateManager.java:addPipeline(56)) - Created pipeline Pipeline[ Id: fad54004-dc11-47bb-83f2-4f0d5c34bd13, Nodes: bcda0514-d42e-47ca-96fd-c0a633e872a8{ip: 192.168.36.114, host: pr-hdds-1569-58hkm-1881083799, networkLocation: /default-rack, certSerialId: null}, Type:RATIS, Factor:ONE, State:OPEN]
2019-09-12 10:31:32,866 [RatisPipelineUtilsThread] ERROR pipeline.PipelinePlacementPolicy (PipelinePlacementPolicy.java:meetCriteria(92)) - Pipeline Placement: Doesn't meet the criteria to be viable node. Heaviness: 6
2019-09-12 10:31:32,867 [RatisPipelineUtilsThread] ERROR pipeline.PipelinePlacementPolicy (PipelinePlacementPolicy.java:meetCriteria(92)) - Pipeline Placement: Doesn't meet the criteria to be viable node. Heaviness: 6
2019-09-12 10:31:32,867 [RatisPipelineUtilsThread] ERROR pipeline.PipelinePlacementPolicy (PipelinePlacementPolicy.java:meetCriteria(92)) - Pipeline Placement: Doesn't meet the criteria to be viable node. Heaviness: 6
2019-09-12 10:31:32,867 [RatisPipelineUtilsThread] ERROR pipeline.PipelinePlacementPolicy (PipelinePlacementPolicy.java:meetCriteria(92)) - Pipeline Placement: Doesn't meet the criteria to be viable node. Heaviness: 6
2019-09-12 10:31:32,867 [RatisPipelineUtilsThread] ERROR pipeline.PipelinePlacementPolicy (PipelinePlacementPolicy.java:meetCriteria(92)) - Pipeline Placement: Doesn't meet the criteria to be viable node. Heaviness: 6
2019-09-12 10:31:32,882 [grpc-default-executor-0] INFO  impl.RaftServerProxy (RaftServerProxy.java:addNew(89)) - 9616c881-dbb1-48da-90dd-a872ed779a2e: addNew group-D02CDFB3A3AD:[9616c881-dbb1-48da-90dd-a872ed779a2e:192.168.36.114:37081] returns group-D02CDFB3A3AD:java.util.concurrent.CompletableFuture@6e878ef2[Not completed]
2019-09-12 10:31:32,885 [pool-189-thread-1] INFO  impl.RaftServerImpl (RaftServerImpl.java:<init>(93)) - 9616c881-dbb1-48da-90dd-a872ed779a2e: new RaftServerImpl for group-D02CDFB3A3AD:[9616c881-dbb1-48da-90dd-a872ed779a2e:192.168.36.114:37081] with ContainerStateMachine:uninitialized
2019-09-12 10:31:32,885 [pool-189-thread-1] INFO  server.RaftServerConfigKeys (ConfUtils.java:logGet(43)) - raft.server.rpc.timeout.min = 5s (custom)
2019-09-12 10:31:32,885 [pool-189-thread-1] INFO  server.RaftServerConfigKeys (ConfUtils.java:logGet(43)) - raft.server.rpc.timeout.max = 5200ms (custom)
2019-09-12 10:31:32,885 [pool-189-thread-1] INFO  server.RaftServerConfigKeys (ConfUtils.java:logGet(43)) - raft.server.rpcslowness.timeout = 120s (custom)
2019-09-12 10:31:32,886 [pool-189-thread-1] INFO  server.RaftServerConfigKeys (ConfUtils.java:logGet(43)) - raft.server.sleep.deviation.threshold = 300 (default)
2019-09-12 10:31:32,886 [pool-189-thread-1] INFO  server.RaftServerConfigKeys (ConfUtils.java:logGet(43)) - raft.server.log.appender.install.snapshot.enabled = false (custom)
2019-09-12 10:31:32,886 [pool-189-thread-1] INFO  impl.RaftServerImpl (ServerState.java:<init>(105)) - 9616c881-dbb1-48da-90dd-a872ed779a2e:group-D02CDFB3A3AD ConfigurationManager, init=-1: [9616c881-dbb1-48da-90dd-a872ed779a2e:192.168.36.114:37081], old=null, confs=<EMPTY_MAP>
2019-09-12 10:31:32,887 [pool-189-thread-1] INFO  server.RaftServerConfigKeys (ConfUtils.java:logGet(43)) - raft.server.storage.dir = [/workdir/hadoop-ozone/integration-test/target/test-dir/MiniOzoneClusterImpl-87a68f7a-76d1-4e01-bf62-4b4b582b7243/datanode-6/data/ratis] (custom)
2019-09-12 10:31:32,887 [pool-189-thread-1] INFO  storage.RaftStorageDirectory (RaftStorageDirectory.java:analyzeStorage(246)) - The storage directory /workdir/hadoop-ozone/integration-test/target/test-dir/MiniOzoneClusterImpl-87a68f7a-76d1-4e01-bf62-4b4b582b7243/datanode-6/data/ratis/91cc0f5d-e6e6-429d-a855-d02cdfb3a3ad does not exist. Creating ...
2019-09-12 10:31:32,901 [pool-189-thread-1] INFO  storage.RaftStorageDirectory (RaftStorageDirectory.java:tryLock(328)) - Lock on /workdir/hadoop-ozone/integration-test/target/test-dir/MiniOzoneClusterImpl-87a68f7a-76d1-4e01-bf62-4b4b582b7243/datanode-6/data/ratis/91cc0f5d-e6e6-429d-a855-d02cdfb3a3ad/in_use.lock acquired by nodename 1396@pr-hdds-1569-58hkm-1881083799
2019-09-12 10:31:32,922 [pool-189-thread-1] INFO  storage.RaftStorage (RaftStorage.java:format(72)) - Storage directory /workdir/hadoop-ozone/integration-test/target/test-dir/MiniOzoneClusterImpl-87a68f7a-76d1-4e01-bf62-4b4b582b7243/datanode-6/data/ratis/91cc0f5d-e6e6-429d-a855-d02cdfb3a3ad has been successfully formatted.
2019-09-12 10:31:32,923 [pool-189-thread-1] INFO  ratis.ContainerStateMachine (ContainerStateMachine.java:loadSnapshot(226)) - group-D02CDFB3A3AD: The snapshot info is null. Setting the last applied indexto:(t:0, i:~)
2019-09-12 10:31:32,923 [pool-189-thread-1] INFO  server.RaftServerConfigKeys (ConfUtils.java:logGet(43)) - raft.server.leader.election.timeout = 120s (custom)
2019-09-12 10:31:32,923 [pool-189-thread-1] INFO  server.RaftServerConfigKeys (ConfUtils.java:logGet(43)) - raft.server.log.use.memory = false (default)
2019-09-12 10:31:32,923 [pool-189-thread-1] INFO  server.RaftServerConfigKeys (ConfUtils.java:logGet(43)) - raft.server.log.purge.gap = 1000000 (custom)
2019-09-12 10:31:32,924 [pool-189-thread-1] INFO  server.RaftServerConfigKeys (ConfUtils.java:logGet(43)) - raft.server.log.appender.buffer.byte-limit = 33554432 (custom)
2019-09-12 10:31:32,924 [pool-189-thread-1] INFO  server.RaftServerConfigKeys (ConfUtils.java:logGet(43)) - raft.server.log.segment.size.max = 1048576 (custom)
2019-09-12 10:31:32,924 [pool-189-thread-1] INFO  server.RaftServerConfigKeys (ConfUtils.java:logGet(43)) - raft.server.log.segment.cache.num.max = 2 (custom)
2019-09-12 10:31:32,924 [pool-189-thread-1] INFO  segmented.SegmentedRaftLogWorker (SegmentedRaftLogWorker.java:<init>(172)) - new 9616c881-dbb1-48da-90dd-a872ed779a2e-SegmentedRaftLogWorker:Storage Directory /workdir/hadoop-ozone/integration-test/target/test-dir/MiniOzoneClusterImpl-87a68f7a-76d1-4e01-bf62-4b4b582b7243/datanode-6/data/ratis/91cc0f5d-e6e6-429d-a855-d02cdfb3a3ad for RaftStorage:Storage Directory /workdir/hadoop-ozone/integration-test/target/test-dir/MiniOzoneClusterImpl-87a68f7a-76d1-4e01-bf62-4b4b582b7243/datanode-6/data/ratis/91cc0f5d-e6e6-429d-a855-d02cdfb3a3ad
2019-09-12 10:31:32,924 [pool-189-thread-1] INFO  server.RaftServerConfigKeys (ConfUtils.java:logGet(43)) - raft.server.log.queue.byte-limit = 2147483647 (custom)
2019-09-12 10:31:32,924 [pool-189-thread-1] INFO  server.RaftServerConfigKeys (ConfUtils.java:logGet(43)) - raft.server.log.queue.element-limit = 1024 (custom)
2019-09-12 10:31:32,925 [pool-189-thread-1] INFO  server.RaftServerConfigKeys (ConfUtils.java:logGet(43)) - raft.server.log.segment.size.max = 1048576 (custom)
2019-09-12 10:31:32,925 [pool-189-thread-1] INFO  server.RaftServerConfigKeys (ConfUtils.java:logGet(43)) - raft.server.log.preallocated.size = 16384 (custom)
2019-09-12 10:31:32,925 [pool-189-thread-1] INFO  server.RaftServerConfigKeys (ConfUtils.java:logGet(43)) - raft.server.log.write.buffer.size = 33554432 (custom)
2019-09-12 10:31:32,925 [pool-189-thread-1] INFO  server.RaftServerConfigKeys (ConfUtils.java:logGet(43)) - raft.server.log.force.sync.num = 128 (default)
2019-09-12 10:31:32,925 [pool-189-thread-1] INFO  server.RaftServerConfigKeys (ConfUtils.java:logGet(43)) - raft.server.log.statemachine.data.sync = true (default)
2019-09-12 10:31:32,926 [pool-189-thread-1] INFO  server.RaftServerConfigKeys (ConfUtils.java:logGet(43)) - raft.server.log.statemachine.data.sync.timeout = 10s (default)
2019-09-12 10:31:32,926 [pool-189-thread-1] INFO  server.RaftServerConfigKeys (ConfUtils.java:logGet(43)) - raft.server.log.statemachine.data.sync.timeout.retry = -1 (default)
2019-09-12 10:31:32,926 [pool-189-thread-1] INFO  server.RaftServerConfigKeys (ConfUtils.java:logGet(43)) - raft.server.log.statemachine.data.caching.enabled = true (custom)
2019-09-12 10:31:32,927 [pool-189-thread-1] INFO  segmented.SegmentedRaftLogWorker (SegmentedRaftLogWorker.java:lambda$new$0(132)) - 9616c881-dbb1-48da-90dd-a872ed779a2e-SegmentedRaftLogWorker:Storage Directory /workdir/hadoop-ozone/integration-test/target/test-dir/MiniOzoneClusterImpl-87a68f7a-76d1-4e01-bf62-4b4b582b7243/datanode-6/data/ratis/91cc0f5d-e6e6-429d-a855-d02cdfb3a3ad: flushIndex: setUnconditionally 0 -> -1
2019-09-12 10:31:32,927 [pool-189-thread-1] INFO  server.RaftServerConfigKeys (ConfUtils.java:logGet(43)) - raft.server.snapshot.auto.trigger.enabled = true (custom)
2019-09-12 10:31:32,927 [pool-189-thread-1] INFO  server.RaftServerConfigKeys (ConfUtils.java:logGet(43)) - raft.server.snapshot.auto.trigger.threshold = 10000 (custom)
2019-09-12 10:31:32,928 [pool-189-thread-1] INFO  server.RaftServerConfigKeys (ConfUtils.java:logGet(43)) - raft.server.retrycache.expirytime = 600000ms (custom)
2019-09-12 10:31:32,928 [pool-189-thread-1] INFO  impl.RaftServerImpl (RaftServerImpl.java:start(180)) - 9616c881-dbb1-48da-90dd-a872ed779a2e: start group-D02CDFB3A3AD
2019-09-12 10:31:32,928 [pool-189-thread-1] INFO  impl.RaftServerImpl (RaftServerImpl.java:setRole(171)) - 9616c881-dbb1-48da-90dd-a872ed779a2e:group-D02CDFB3A3AD changes role from null to FOLLOWER at term 0 for startAsFollower
2019-09-12 10:31:32,928 [pool-189-thread-1] INFO  impl.RoleInfo (RoleInfo.java:updateAndGet(143)) - 9616c881-dbb1-48da-90dd-a872ed779a2e: start FollowerState
2019-09-12 10:31:32,929 [pool-189-thread-1] INFO  util.JmxRegister (JmxRegister.java:tryRegister(44)) - Successfully registered JMX Bean with object name Ratis:service=RaftServer,group=group-D02CDFB3A3AD,id=9616c881-dbb1-48da-90dd-a872ed779a2e
2019-09-12 10:31:32,932 [RatisPipelineUtilsThread] INFO  pipeline.PipelineStateManager (PipelineStateManager.java:addPipeline(56)) - Created pipeline Pipeline[ Id: 91cc0f5d-e6e6-429d-a855-d02cdfb3a3ad, Nodes: 9616c881-dbb1-48da-90dd-a872ed779a2e{ip: 192.168.36.114, host: pr-hdds-1569-58hkm-1881083799, networkLocation: /default-rack, certSerialId: null}, Type:RATIS, Factor:ONE, State:OPEN]
2019-09-12 10:31:32,932 [RatisPipelineUtilsThread] ERROR pipeline.PipelinePlacementPolicy (PipelinePlacementPolicy.java:meetCriteria(92)) - Pipeline Placement: Doesn't meet the criteria to be viable node. Heaviness: 6
2019-09-12 10:31:32,933 [RatisPipelineUtilsThread] ERROR pipeline.PipelinePlacementPolicy (PipelinePlacementPolicy.java:meetCriteria(92)) - Pipeline Placement: Doesn't meet the criteria to be viable node. Heaviness: 6
2019-09-12 10:31:32,933 [RatisPipelineUtilsThread] ERROR pipeline.PipelinePlacementPolicy (PipelinePlacementPolicy.java:meetCriteria(92)) - Pipeline Placement: Doesn't meet the criteria to be viable node. Heaviness: 6
2019-09-12 10:31:32,933 [RatisPipelineUtilsThread] ERROR pipeline.PipelinePlacementPolicy (PipelinePlacementPolicy.java:meetCriteria(92)) - Pipeline Placement: Doesn't meet the criteria to be viable node. Heaviness: 6
2019-09-12 10:31:32,933 [RatisPipelineUtilsThread] ERROR pipeline.PipelinePlacementPolicy (PipelinePlacementPolicy.java:meetCriteria(92)) - Pipeline Placement: Doesn't meet the criteria to be viable node. Heaviness: 6
2019-09-12 10:31:32,948 [grpc-default-executor-0] INFO  impl.RaftServerProxy (RaftServerProxy.java:addNew(89)) - b6dd7c38-f675-445e-811b-15cf17d56c0a: addNew group-937C70D4FD31:[b6dd7c38-f675-445e-811b-15cf17d56c0a:192.168.36.114:37534] returns group-937C70D4FD31:java.util.concurrent.CompletableFuture@297d7d68[Not completed]
2019-09-12 10:31:32,949 [pool-178-thread-1] INFO  impl.RaftServerImpl (RaftServerImpl.java:<init>(93)) - b6dd7c38-f675-445e-811b-15cf17d56c0a: new RaftServerImpl for group-937C70D4FD31:[b6dd7c38-f675-445e-811b-15cf17d56c0a:192.168.36.114:37534] with ContainerStateMachine:uninitialized
2019-09-12 10:31:32,949 [pool-178-thread-1] INFO  server.RaftServerConfigKeys (ConfUtils.java:logGet(43)) - raft.server.rpc.timeout.min = 5s (custom)
2019-09-12 10:31:32,950 [pool-178-thread-1] INFO  server.RaftServerConfigKeys (ConfUtils.java:logGet(43)) - raft.server.rpc.timeout.max = 5200ms (custom)
2019-09-12 10:31:32,950 [pool-178-thread-1] INFO  server.RaftServerConfigKeys (ConfUtils.java:logGet(43)) - raft.server.rpcslowness.timeout = 120s (custom)
2019-09-12 10:31:32,950 [pool-178-thread-1] INFO  server.RaftServerConfigKeys (ConfUtils.java:logGet(43)) - raft.server.sleep.deviation.threshold = 300 (default)
2019-09-12 10:31:32,950 [pool-178-thread-1] INFO  server.RaftServerConfigKeys (ConfUtils.java:logGet(43)) - raft.server.log.appender.install.snapshot.enabled = false (custom)
2019-09-12 10:31:32,950 [pool-178-thread-1] INFO  impl.RaftServerImpl (ServerState.java:<init>(105)) - b6dd7c38-f675-445e-811b-15cf17d56c0a:group-937C70D4FD31 ConfigurationManager, init=-1: [b6dd7c38-f675-445e-811b-15cf17d56c0a:192.168.36.114:37534], old=null, confs=<EMPTY_MAP>
2019-09-12 10:31:32,950 [pool-178-thread-1] INFO  server.RaftServerConfigKeys (ConfUtils.java:logGet(43)) - raft.server.storage.dir = [/workdir/hadoop-ozone/integration-test/target/test-dir/MiniOzoneClusterImpl-87a68f7a-76d1-4e01-bf62-4b4b582b7243/datanode-5/data/ratis] (custom)
2019-09-12 10:31:32,951 [pool-178-thread-1] INFO  storage.RaftStorageDirectory (RaftStorageDirectory.java:analyzeStorage(246)) - The storage directory /workdir/hadoop-ozone/integration-test/target/test-dir/MiniOzoneClusterImpl-87a68f7a-76d1-4e01-bf62-4b4b582b7243/datanode-5/data/ratis/2b03e9ab-3067-412b-a145-937c70d4fd31 does not exist. Creating ...
2019-09-12 10:31:32,965 [pool-178-thread-1] INFO  storage.RaftStorageDirectory (RaftStorageDirectory.java:tryLock(328)) - Lock on /workdir/hadoop-ozone/integration-test/target/test-dir/MiniOzoneClusterImpl-87a68f7a-76d1-4e01-bf62-4b4b582b7243/datanode-5/data/ratis/2b03e9ab-3067-412b-a145-937c70d4fd31/in_use.lock acquired by nodename 1396@pr-hdds-1569-58hkm-1881083799
2019-09-12 10:31:32,979 [pool-178-thread-1] INFO  storage.RaftStorage (RaftStorage.java:format(72)) - Storage directory /workdir/hadoop-ozone/integration-test/target/test-dir/MiniOzoneClusterImpl-87a68f7a-76d1-4e01-bf62-4b4b582b7243/datanode-5/data/ratis/2b03e9ab-3067-412b-a145-937c70d4fd31 has been successfully formatted.
2019-09-12 10:31:32,979 [pool-178-thread-1] INFO  ratis.ContainerStateMachine (ContainerStateMachine.java:loadSnapshot(226)) - group-937C70D4FD31: The snapshot info is null. Setting the last applied indexto:(t:0, i:~)
2019-09-12 10:31:32,979 [pool-178-thread-1] INFO  server.RaftServerConfigKeys (ConfUtils.java:logGet(43)) - raft.server.leader.election.timeout = 120s (custom)
2019-09-12 10:31:32,980 [pool-178-thread-1] INFO  server.RaftServerConfigKeys (ConfUtils.java:logGet(43)) - raft.server.log.use.memory = false (default)
2019-09-12 10:31:32,980 [pool-178-thread-1] INFO  server.RaftServerConfigKeys (ConfUtils.java:logGet(43)) - raft.server.log.purge.gap = 1000000 (custom)
2019-09-12 10:31:32,980 [pool-178-thread-1] INFO  server.RaftServerConfigKeys (ConfUtils.java:logGet(43)) - raft.server.log.appender.buffer.byte-limit = 33554432 (custom)
2019-09-12 10:31:32,980 [pool-178-thread-1] INFO  server.RaftServerConfigKeys (ConfUtils.java:logGet(43)) - raft.server.log.segment.size.max = 1048576 (custom)
2019-09-12 10:31:32,980 [pool-178-thread-1] INFO  server.RaftServerConfigKeys (ConfUtils.java:logGet(43)) - raft.server.log.segment.cache.num.max = 2 (custom)
2019-09-12 10:31:32,980 [pool-178-thread-1] INFO  segmented.SegmentedRaftLogWorker (SegmentedRaftLogWorker.java:<init>(172)) - new b6dd7c38-f675-445e-811b-15cf17d56c0a-SegmentedRaftLogWorker:Storage Directory /workdir/hadoop-ozone/integration-test/target/test-dir/MiniOzoneClusterImpl-87a68f7a-76d1-4e01-bf62-4b4b582b7243/datanode-5/data/ratis/2b03e9ab-3067-412b-a145-937c70d4fd31 for RaftStorage:Storage Directory /workdir/hadoop-ozone/integration-test/target/test-dir/MiniOzoneClusterImpl-87a68f7a-76d1-4e01-bf62-4b4b582b7243/datanode-5/data/ratis/2b03e9ab-3067-412b-a145-937c70d4fd31
2019-09-12 10:31:32,981 [pool-178-thread-1] INFO  server.RaftServerConfigKeys (ConfUtils.java:logGet(43)) - raft.server.log.queue.byte-limit = 2147483647 (custom)
2019-09-12 10:31:32,981 [pool-178-thread-1] INFO  server.RaftServerConfigKeys (ConfUtils.java:logGet(43)) - raft.server.log.queue.element-limit = 1024 (custom)
2019-09-12 10:31:32,981 [pool-178-thread-1] INFO  server.RaftServerConfigKeys (ConfUtils.java:logGet(43)) - raft.server.log.segment.size.max = 1048576 (custom)
2019-09-12 10:31:32,981 [pool-178-thread-1] INFO  server.RaftServerConfigKeys (ConfUtils.java:logGet(43)) - raft.server.log.preallocated.size = 16384 (custom)
2019-09-12 10:31:32,981 [pool-178-thread-1] INFO  server.RaftServerConfigKeys (ConfUtils.java:logGet(43)) - raft.server.log.write.buffer.size = 33554432 (custom)
2019-09-12 10:31:32,982 [pool-178-thread-1] INFO  server.RaftServerConfigKeys (ConfUtils.java:logGet(43)) - raft.server.log.force.sync.num = 128 (default)
2019-09-12 10:31:32,982 [pool-178-thread-1] INFO  server.RaftServerConfigKeys (ConfUtils.java:logGet(43)) - raft.server.log.statemachine.data.sync = true (default)
2019-09-12 10:31:32,982 [pool-178-thread-1] INFO  server.RaftServerConfigKeys (ConfUtils.java:logGet(43)) - raft.server.log.statemachine.data.sync.timeout = 10s (default)
2019-09-12 10:31:32,982 [pool-178-thread-1] INFO  server.RaftServerConfigKeys (ConfUtils.java:logGet(43)) - raft.server.log.statemachine.data.sync.timeout.retry = -1 (default)
2019-09-12 10:31:32,982 [pool-178-thread-1] INFO  server.RaftServerConfigKeys (ConfUtils.java:logGet(43)) - raft.server.log.statemachine.data.caching.enabled = true (custom)
2019-09-12 10:31:32,983 [pool-178-thread-1] INFO  segmented.SegmentedRaftLogWorker (SegmentedRaftLogWorker.java:lambda$new$0(132)) - b6dd7c38-f675-445e-811b-15cf17d56c0a-SegmentedRaftLogWorker:Storage Directory /workdir/hadoop-ozone/integration-test/target/test-dir/MiniOzoneClusterImpl-87a68f7a-76d1-4e01-bf62-4b4b582b7243/datanode-5/data/ratis/2b03e9ab-3067-412b-a145-937c70d4fd31: flushIndex: setUnconditionally 0 -> -1
2019-09-12 10:31:32,983 [pool-178-thread-1] INFO  server.RaftServerConfigKeys (ConfUtils.java:logGet(43)) - raft.server.snapshot.auto.trigger.enabled = true (custom)
2019-09-12 10:31:32,983 [pool-178-thread-1] INFO  server.RaftServerConfigKeys (ConfUtils.java:logGet(43)) - raft.server.snapshot.auto.trigger.threshold = 10000 (custom)
2019-09-12 10:31:32,983 [pool-178-thread-1] INFO  server.RaftServerConfigKeys (ConfUtils.java:logGet(43)) - raft.server.retrycache.expirytime = 600000ms (custom)
2019-09-12 10:31:32,983 [pool-178-thread-1] INFO  impl.RaftServerImpl (RaftServerImpl.java:start(180)) - b6dd7c38-f675-445e-811b-15cf17d56c0a: start group-937C70D4FD31
2019-09-12 10:31:32,984 [pool-178-thread-1] INFO  impl.RaftServerImpl (RaftServerImpl.java:setRole(171)) - b6dd7c38-f675-445e-811b-15cf17d56c0a:group-937C70D4FD31 changes role from null to FOLLOWER at term 0 for startAsFollower
2019-09-12 10:31:32,984 [pool-178-thread-1] INFO  impl.RoleInfo (RoleInfo.java:updateAndGet(143)) - b6dd7c38-f675-445e-811b-15cf17d56c0a: start FollowerState
2019-09-12 10:31:32,984 [pool-178-thread-1] INFO  util.JmxRegister (JmxRegister.java:tryRegister(44)) - Successfully registered JMX Bean with object name Ratis:service=RaftServer,group=group-937C70D4FD31,id=b6dd7c38-f675-445e-811b-15cf17d56c0a
2019-09-12 10:31:32,987 [RatisPipelineUtilsThread] INFO  pipeline.PipelineStateManager (PipelineStateManager.java:addPipeline(56)) - Created pipeline Pipeline[ Id: 2b03e9ab-3067-412b-a145-937c70d4fd31, Nodes: b6dd7c38-f675-445e-811b-15cf17d56c0a{ip: 192.168.36.114, host: pr-hdds-1569-58hkm-1881083799, networkLocation: /default-rack, certSerialId: null}, Type:RATIS, Factor:ONE, State:OPEN]
2019-09-12 10:31:32,988 [RatisPipelineUtilsThread] ERROR pipeline.PipelinePlacementPolicy (PipelinePlacementPolicy.java:meetCriteria(92)) - Pipeline Placement: Doesn't meet the criteria to be viable node. Heaviness: 6
2019-09-12 10:31:32,988 [RatisPipelineUtilsThread] ERROR pipeline.PipelinePlacementPolicy (PipelinePlacementPolicy.java:meetCriteria(92)) - Pipeline Placement: Doesn't meet the criteria to be viable node. Heaviness: 6
2019-09-12 10:31:32,988 [RatisPipelineUtilsThread] ERROR pipeline.PipelinePlacementPolicy (PipelinePlacementPolicy.java:meetCriteria(92)) - Pipeline Placement: Doesn't meet the criteria to be viable node. Heaviness: 6
2019-09-12 10:31:32,988 [RatisPipelineUtilsThread] ERROR pipeline.PipelinePlacementPolicy (PipelinePlacementPolicy.java:meetCriteria(92)) - Pipeline Placement: Doesn't meet the criteria to be viable node. Heaviness: 6
2019-09-12 10:31:32,988 [RatisPipelineUtilsThread] ERROR pipeline.PipelinePlacementPolicy (PipelinePlacementPolicy.java:meetCriteria(92)) - Pipeline Placement: Doesn't meet the criteria to be viable node. Heaviness: 6
2019-09-12 10:31:32,995 [grpc-default-executor-0] INFO  impl.RaftServerProxy (RaftServerProxy.java:addNew(89)) - b6dd7c38-f675-445e-811b-15cf17d56c0a: addNew group-7E742C78445B:[b6dd7c38-f675-445e-811b-15cf17d56c0a:192.168.36.114:37534] returns group-7E742C78445B:java.util.concurrent.CompletableFuture@5e693037[Not completed]
2019-09-12 10:31:32,996 [pool-178-thread-1] INFO  impl.RaftServerImpl (RaftServerImpl.java:<init>(93)) - b6dd7c38-f675-445e-811b-15cf17d56c0a: new RaftServerImpl for group-7E742C78445B:[b6dd7c38-f675-445e-811b-15cf17d56c0a:192.168.36.114:37534] with ContainerStateMachine:uninitialized
2019-09-12 10:31:32,997 [pool-178-thread-1] INFO  server.RaftServerConfigKeys (ConfUtils.java:logGet(43)) - raft.server.rpc.timeout.min = 5s (custom)
2019-09-12 10:31:32,997 [pool-178-thread-1] INFO  server.RaftServerConfigKeys (ConfUtils.java:logGet(43)) - raft.server.rpc.timeout.max = 5200ms (custom)
2019-09-12 10:31:32,997 [pool-178-thread-1] INFO  server.RaftServerConfigKeys (ConfUtils.java:logGet(43)) - raft.server.rpcslowness.timeout = 120s (custom)
2019-09-12 10:31:32,997 [pool-178-thread-1] INFO  server.RaftServerConfigKeys (ConfUtils.java:logGet(43)) - raft.server.sleep.deviation.threshold = 300 (default)
2019-09-12 10:31:32,997 [pool-178-thread-1] INFO  server.RaftServerConfigKeys (ConfUtils.java:logGet(43)) - raft.server.log.appender.install.snapshot.enabled = false (custom)
2019-09-12 10:31:32,998 [pool-178-thread-1] INFO  impl.RaftServerImpl (ServerState.java:<init>(105)) - b6dd7c38-f675-445e-811b-15cf17d56c0a:group-7E742C78445B ConfigurationManager, init=-1: [b6dd7c38-f675-445e-811b-15cf17d56c0a:192.168.36.114:37534], old=null, confs=<EMPTY_MAP>
2019-09-12 10:31:32,998 [pool-178-thread-1] INFO  server.RaftServerConfigKeys (ConfUtils.java:logGet(43)) - raft.server.storage.dir = [/workdir/hadoop-ozone/integration-test/target/test-dir/MiniOzoneClusterImpl-87a68f7a-76d1-4e01-bf62-4b4b582b7243/datanode-5/data/ratis] (custom)
2019-09-12 10:31:32,998 [pool-178-thread-1] INFO  storage.RaftStorageDirectory (RaftStorageDirectory.java:analyzeStorage(246)) - The storage directory /workdir/hadoop-ozone/integration-test/target/test-dir/MiniOzoneClusterImpl-87a68f7a-76d1-4e01-bf62-4b4b582b7243/datanode-5/data/ratis/c7e511bf-ecae-43c4-84d6-7e742c78445b does not exist. Creating ...
2019-09-12 10:31:33,011 [pool-178-thread-1] INFO  storage.RaftStorageDirectory (RaftStorageDirectory.java:tryLock(328)) - Lock on /workdir/hadoop-ozone/integration-test/target/test-dir/MiniOzoneClusterImpl-87a68f7a-76d1-4e01-bf62-4b4b582b7243/datanode-5/data/ratis/c7e511bf-ecae-43c4-84d6-7e742c78445b/in_use.lock acquired by nodename 1396@pr-hdds-1569-58hkm-1881083799
2019-09-12 10:31:33,025 [pool-178-thread-1] INFO  storage.RaftStorage (RaftStorage.java:format(72)) - Storage directory /workdir/hadoop-ozone/integration-test/target/test-dir/MiniOzoneClusterImpl-87a68f7a-76d1-4e01-bf62-4b4b582b7243/datanode-5/data/ratis/c7e511bf-ecae-43c4-84d6-7e742c78445b has been successfully formatted.
2019-09-12 10:31:33,025 [pool-178-thread-1] INFO  ratis.ContainerStateMachine (ContainerStateMachine.java:loadSnapshot(226)) - group-7E742C78445B: The snapshot info is null. Setting the last applied indexto:(t:0, i:~)
2019-09-12 10:31:33,025 [pool-178-thread-1] INFO  server.RaftServerConfigKeys (ConfUtils.java:logGet(43)) - raft.server.leader.election.timeout = 120s (custom)
2019-09-12 10:31:33,025 [pool-178-thread-1] INFO  server.RaftServerConfigKeys (ConfUtils.java:logGet(43)) - raft.server.log.use.memory = false (default)
2019-09-12 10:31:33,025 [pool-178-thread-1] INFO  server.RaftServerConfigKeys (ConfUtils.java:logGet(43)) - raft.server.log.purge.gap = 1000000 (custom)
2019-09-12 10:31:33,026 [pool-178-thread-1] INFO  server.RaftServerConfigKeys (ConfUtils.java:logGet(43)) - raft.server.log.appender.buffer.byte-limit = 33554432 (custom)
2019-09-12 10:31:33,026 [pool-178-thread-1] INFO  server.RaftServerConfigKeys (ConfUtils.java:logGet(43)) - raft.server.log.segment.size.max = 1048576 (custom)
2019-09-12 10:31:33,026 [pool-178-thread-1] INFO  server.RaftServerConfigKeys (ConfUtils.java:logGet(43)) - raft.server.log.segment.cache.num.max = 2 (custom)
2019-09-12 10:31:33,026 [pool-178-thread-1] INFO  segmented.SegmentedRaftLogWorker (SegmentedRaftLogWorker.java:<init>(172)) - new b6dd7c38-f675-445e-811b-15cf17d56c0a-SegmentedRaftLogWorker:Storage Directory /workdir/hadoop-ozone/integration-test/target/test-dir/MiniOzoneClusterImpl-87a68f7a-76d1-4e01-bf62-4b4b582b7243/datanode-5/data/ratis/c7e511bf-ecae-43c4-84d6-7e742c78445b for RaftStorage:Storage Directory /workdir/hadoop-ozone/integration-test/target/test-dir/MiniOzoneClusterImpl-87a68f7a-76d1-4e01-bf62-4b4b582b7243/datanode-5/data/ratis/c7e511bf-ecae-43c4-84d6-7e742c78445b
2019-09-12 10:31:33,026 [pool-178-thread-1] INFO  server.RaftServerConfigKeys (ConfUtils.java:logGet(43)) - raft.server.log.queue.byte-limit = 2147483647 (custom)
2019-09-12 10:31:33,026 [pool-178-thread-1] INFO  server.RaftServerConfigKeys (ConfUtils.java:logGet(43)) - raft.server.log.queue.element-limit = 1024 (custom)
2019-09-12 10:31:33,026 [pool-178-thread-1] INFO  server.RaftServerConfigKeys (ConfUtils.java:logGet(43)) - raft.server.log.segment.size.max = 1048576 (custom)
2019-09-12 10:31:33,026 [pool-178-thread-1] INFO  server.RaftServerConfigKeys (ConfUtils.java:logGet(43)) - raft.server.log.preallocated.size = 16384 (custom)
2019-09-12 10:31:33,026 [pool-178-thread-1] INFO  server.RaftServerConfigKeys (ConfUtils.java:logGet(43)) - raft.server.log.write.buffer.size = 33554432 (custom)
2019-09-12 10:31:33,026 [pool-178-thread-1] INFO  server.RaftServerConfigKeys (ConfUtils.java:logGet(43)) - raft.server.log.force.sync.num = 128 (default)
2019-09-12 10:31:33,027 [pool-178-thread-1] INFO  server.RaftServerConfigKeys (ConfUtils.java:logGet(43)) - raft.server.log.statemachine.data.sync = true (default)
2019-09-12 10:31:33,027 [pool-178-thread-1] INFO  server.RaftServerConfigKeys (ConfUtils.java:logGet(43)) - raft.server.log.statemachine.data.sync.timeout = 10s (default)
2019-09-12 10:31:33,027 [pool-178-thread-1] INFO  server.RaftServerConfigKeys (ConfUtils.java:logGet(43)) - raft.server.log.statemachine.data.sync.timeout.retry = -1 (default)
2019-09-12 10:31:33,027 [pool-178-thread-1] INFO  server.RaftServerConfigKeys (ConfUtils.java:logGet(43)) - raft.server.log.statemachine.data.caching.enabled = true (custom)
2019-09-12 10:31:33,027 [pool-178-thread-1] INFO  segmented.SegmentedRaftLogWorker (SegmentedRaftLogWorker.java:lambda$new$0(132)) - b6dd7c38-f675-445e-811b-15cf17d56c0a-SegmentedRaftLogWorker:Storage Directory /workdir/hadoop-ozone/integration-test/target/test-dir/MiniOzoneClusterImpl-87a68f7a-76d1-4e01-bf62-4b4b582b7243/datanode-5/data/ratis/c7e511bf-ecae-43c4-84d6-7e742c78445b: flushIndex: setUnconditionally 0 -> -1
2019-09-12 10:31:33,027 [pool-178-thread-1] INFO  server.RaftServerConfigKeys (ConfUtils.java:logGet(43)) - raft.server.snapshot.auto.trigger.enabled = true (custom)
2019-09-12 10:31:33,028 [pool-178-thread-1] INFO  server.RaftServerConfigKeys (ConfUtils.java:logGet(43)) - raft.server.snapshot.auto.trigger.threshold = 10000 (custom)
2019-09-12 10:31:33,028 [pool-178-thread-1] INFO  server.RaftServerConfigKeys (ConfUtils.java:logGet(43)) - raft.server.retrycache.expirytime = 600000ms (custom)
2019-09-12 10:31:33,028 [pool-178-thread-1] INFO  impl.RaftServerImpl (RaftServerImpl.java:start(180)) - b6dd7c38-f675-445e-811b-15cf17d56c0a: start group-7E742C78445B
2019-09-12 10:31:33,028 [pool-178-thread-1] INFO  impl.RaftServerImpl (RaftServerImpl.java:setRole(171)) - b6dd7c38-f675-445e-811b-15cf17d56c0a:group-7E742C78445B changes role from null to FOLLOWER at term 0 for startAsFollower
2019-09-12 10:31:33,028 [pool-178-thread-1] INFO  impl.RoleInfo (RoleInfo.java:updateAndGet(143)) - b6dd7c38-f675-445e-811b-15cf17d56c0a: start FollowerState
2019-09-12 10:31:33,028 [pool-178-thread-1] INFO  util.JmxRegister (JmxRegister.java:tryRegister(44)) - Successfully registered JMX Bean with object name Ratis:service=RaftServer,group=group-7E742C78445B,id=b6dd7c38-f675-445e-811b-15cf17d56c0a
2019-09-12 10:31:33,032 [RatisPipelineUtilsThread] INFO  pipeline.PipelineStateManager (PipelineStateManager.java:addPipeline(56)) - Created pipeline Pipeline[ Id: c7e511bf-ecae-43c4-84d6-7e742c78445b, Nodes: b6dd7c38-f675-445e-811b-15cf17d56c0a{ip: 192.168.36.114, host: pr-hdds-1569-58hkm-1881083799, networkLocation: /default-rack, certSerialId: null}, Type:RATIS, Factor:ONE, State:OPEN]
2019-09-12 10:31:33,032 [RatisPipelineUtilsThread] ERROR pipeline.PipelinePlacementPolicy (PipelinePlacementPolicy.java:meetCriteria(92)) - Pipeline Placement: Doesn't meet the criteria to be viable node. Heaviness: 6
2019-09-12 10:31:33,032 [RatisPipelineUtilsThread] ERROR pipeline.PipelinePlacementPolicy (PipelinePlacementPolicy.java:meetCriteria(92)) - Pipeline Placement: Doesn't meet the criteria to be viable node. Heaviness: 6
2019-09-12 10:31:33,032 [RatisPipelineUtilsThread] ERROR pipeline.PipelinePlacementPolicy (PipelinePlacementPolicy.java:meetCriteria(92)) - Pipeline Placement: Doesn't meet the criteria to be viable node. Heaviness: 6
2019-09-12 10:31:33,032 [RatisPipelineUtilsThread] ERROR pipeline.PipelinePlacementPolicy (PipelinePlacementPolicy.java:meetCriteria(92)) - Pipeline Placement: Doesn't meet the criteria to be viable node. Heaviness: 6
2019-09-12 10:31:33,032 [RatisPipelineUtilsThread] ERROR pipeline.PipelinePlacementPolicy (PipelinePlacementPolicy.java:meetCriteria(92)) - Pipeline Placement: Doesn't meet the criteria to be viable node. Heaviness: 6
2019-09-12 10:31:33,039 [grpc-default-executor-0] INFO  impl.RaftServerProxy (RaftServerProxy.java:addNew(89)) - b6dd7c38-f675-445e-811b-15cf17d56c0a: addNew group-C06AEA56C492:[b6dd7c38-f675-445e-811b-15cf17d56c0a:192.168.36.114:37534] returns group-C06AEA56C492:java.util.concurrent.CompletableFuture@249ebaaa[Not completed]
2019-09-12 10:31:33,040 [pool-178-thread-1] INFO  impl.RaftServerImpl (RaftServerImpl.java:<init>(93)) - b6dd7c38-f675-445e-811b-15cf17d56c0a: new RaftServerImpl for group-C06AEA56C492:[b6dd7c38-f675-445e-811b-15cf17d56c0a:192.168.36.114:37534] with ContainerStateMachine:uninitialized
2019-09-12 10:31:33,040 [pool-178-thread-1] INFO  server.RaftServerConfigKeys (ConfUtils.java:logGet(43)) - raft.server.rpc.timeout.min = 5s (custom)
2019-09-12 10:31:33,040 [pool-178-thread-1] INFO  server.RaftServerConfigKeys (ConfUtils.java:logGet(43)) - raft.server.rpc.timeout.max = 5200ms (custom)
2019-09-12 10:31:33,040 [pool-178-thread-1] INFO  server.RaftServerConfigKeys (ConfUtils.java:logGet(43)) - raft.server.rpcslowness.timeout = 120s (custom)
2019-09-12 10:31:33,040 [pool-178-thread-1] INFO  server.RaftServerConfigKeys (ConfUtils.java:logGet(43)) - raft.server.sleep.deviation.threshold = 300 (default)
2019-09-12 10:31:33,041 [pool-178-thread-1] INFO  server.RaftServerConfigKeys (ConfUtils.java:logGet(43)) - raft.server.log.appender.install.snapshot.enabled = false (custom)
2019-09-12 10:31:33,041 [pool-178-thread-1] INFO  impl.RaftServerImpl (ServerState.java:<init>(105)) - b6dd7c38-f675-445e-811b-15cf17d56c0a:group-C06AEA56C492 ConfigurationManager, init=-1: [b6dd7c38-f675-445e-811b-15cf17d56c0a:192.168.36.114:37534], old=null, confs=<EMPTY_MAP>
2019-09-12 10:31:33,041 [pool-178-thread-1] INFO  server.RaftServerConfigKeys (ConfUtils.java:logGet(43)) - raft.server.storage.dir = [/workdir/hadoop-ozone/integration-test/target/test-dir/MiniOzoneClusterImpl-87a68f7a-76d1-4e01-bf62-4b4b582b7243/datanode-5/data/ratis] (custom)
2019-09-12 10:31:33,041 [pool-178-thread-1] INFO  storage.RaftStorageDirectory (RaftStorageDirectory.java:analyzeStorage(246)) - The storage directory /workdir/hadoop-ozone/integration-test/target/test-dir/MiniOzoneClusterImpl-87a68f7a-76d1-4e01-bf62-4b4b582b7243/datanode-5/data/ratis/51be9114-9a63-4dec-b9e6-c06aea56c492 does not exist. Creating ...
2019-09-12 10:31:33,054 [pool-178-thread-1] INFO  storage.RaftStorageDirectory (RaftStorageDirectory.java:tryLock(328)) - Lock on /workdir/hadoop-ozone/integration-test/target/test-dir/MiniOzoneClusterImpl-87a68f7a-76d1-4e01-bf62-4b4b582b7243/datanode-5/data/ratis/51be9114-9a63-4dec-b9e6-c06aea56c492/in_use.lock acquired by nodename 1396@pr-hdds-1569-58hkm-1881083799
2019-09-12 10:31:33,068 [pool-178-thread-1] INFO  storage.RaftStorage (RaftStorage.java:format(72)) - Storage directory /workdir/hadoop-ozone/integration-test/target/test-dir/MiniOzoneClusterImpl-87a68f7a-76d1-4e01-bf62-4b4b582b7243/datanode-5/data/ratis/51be9114-9a63-4dec-b9e6-c06aea56c492 has been successfully formatted.
2019-09-12 10:31:33,068 [pool-178-thread-1] INFO  ratis.ContainerStateMachine (ContainerStateMachine.java:loadSnapshot(226)) - group-C06AEA56C492: The snapshot info is null. Setting the last applied indexto:(t:0, i:~)
2019-09-12 10:31:33,068 [pool-178-thread-1] INFO  server.RaftServerConfigKeys (ConfUtils.java:logGet(43)) - raft.server.leader.election.timeout = 120s (custom)
2019-09-12 10:31:33,068 [pool-178-thread-1] INFO  server.RaftServerConfigKeys (ConfUtils.java:logGet(43)) - raft.server.log.use.memory = false (default)
2019-09-12 10:31:33,068 [pool-178-thread-1] INFO  server.RaftServerConfigKeys (ConfUtils.java:logGet(43)) - raft.server.log.purge.gap = 1000000 (custom)
2019-09-12 10:31:33,069 [pool-178-thread-1] INFO  server.RaftServerConfigKeys (ConfUtils.java:logGet(43)) - raft.server.log.appender.buffer.byte-limit = 33554432 (custom)
2019-09-12 10:31:33,069 | INFO  | SCMAudit | user=jenkins1000 | ip=192.168.36.114 | op=SEND_HEARTBEAT {datanodeUUID=ff438662-24cf-49bb-bfc5-3308ec6d286b, command=[]} | ret=SUCCESS |  
2019-09-12 10:31:33,069 [pool-178-thread-1] INFO  server.RaftServerConfigKeys (ConfUtils.java:logGet(43)) - raft.server.log.segment.size.max = 1048576 (custom)
2019-09-12 10:31:33,069 [pool-178-thread-1] INFO  server.RaftServerConfigKeys (ConfUtils.java:logGet(43)) - raft.server.log.segment.cache.num.max = 2 (custom)
2019-09-12 10:31:33,069 [pool-178-thread-1] INFO  segmented.SegmentedRaftLogWorker (SegmentedRaftLogWorker.java:<init>(172)) - new b6dd7c38-f675-445e-811b-15cf17d56c0a-SegmentedRaftLogWorker:Storage Directory /workdir/hadoop-ozone/integration-test/target/test-dir/MiniOzoneClusterImpl-87a68f7a-76d1-4e01-bf62-4b4b582b7243/datanode-5/data/ratis/51be9114-9a63-4dec-b9e6-c06aea56c492 for RaftStorage:Storage Directory /workdir/hadoop-ozone/integration-test/target/test-dir/MiniOzoneClusterImpl-87a68f7a-76d1-4e01-bf62-4b4b582b7243/datanode-5/data/ratis/51be9114-9a63-4dec-b9e6-c06aea56c492
2019-09-12 10:31:33,069 [pool-178-thread-1] INFO  server.RaftServerConfigKeys (ConfUtils.java:logGet(43)) - raft.server.log.queue.byte-limit = 2147483647 (custom)
2019-09-12 10:31:33,070 [pool-178-thread-1] INFO  server.RaftServerConfigKeys (ConfUtils.java:logGet(43)) - raft.server.log.queue.element-limit = 1024 (custom)
2019-09-12 10:31:33,070 [pool-178-thread-1] INFO  server.RaftServerConfigKeys (ConfUtils.java:logGet(43)) - raft.server.log.segment.size.max = 1048576 (custom)
2019-09-12 10:31:33,070 [pool-178-thread-1] INFO  server.RaftServerConfigKeys (ConfUtils.java:logGet(43)) - raft.server.log.preallocated.size = 16384 (custom)
2019-09-12 10:31:33,070 [pool-178-thread-1] INFO  server.RaftServerConfigKeys (ConfUtils.java:logGet(43)) - raft.server.log.write.buffer.size = 33554432 (custom)
2019-09-12 10:31:33,070 [pool-178-thread-1] INFO  server.RaftServerConfigKeys (ConfUtils.java:logGet(43)) - raft.server.log.force.sync.num = 128 (default)
2019-09-12 10:31:33,070 [pool-178-thread-1] INFO  server.RaftServerConfigKeys (ConfUtils.java:logGet(43)) - raft.server.log.statemachine.data.sync = true (default)
2019-09-12 10:31:33,071 [pool-178-thread-1] INFO  server.RaftServerConfigKeys (ConfUtils.java:logGet(43)) - raft.server.log.statemachine.data.sync.timeout = 10s (default)
2019-09-12 10:31:33,071 [pool-178-thread-1] INFO  server.RaftServerConfigKeys (ConfUtils.java:logGet(43)) - raft.server.log.statemachine.data.sync.timeout.retry = -1 (default)
2019-09-12 10:31:33,071 [pool-178-thread-1] INFO  server.RaftServerConfigKeys (ConfUtils.java:logGet(43)) - raft.server.log.statemachine.data.caching.enabled = true (custom)
2019-09-12 10:31:33,071 [pool-178-thread-1] INFO  segmented.SegmentedRaftLogWorker (SegmentedRaftLogWorker.java:lambda$new$0(132)) - b6dd7c38-f675-445e-811b-15cf17d56c0a-SegmentedRaftLogWorker:Storage Directory /workdir/hadoop-ozone/integration-test/target/test-dir/MiniOzoneClusterImpl-87a68f7a-76d1-4e01-bf62-4b4b582b7243/datanode-5/data/ratis/51be9114-9a63-4dec-b9e6-c06aea56c492: flushIndex: setUnconditionally 0 -> -1
2019-09-12 10:31:33,072 [pool-178-thread-1] INFO  server.RaftServerConfigKeys (ConfUtils.java:logGet(43)) - raft.server.snapshot.auto.trigger.enabled = true (custom)
2019-09-12 10:31:33,072 [pool-178-thread-1] INFO  server.RaftServerConfigKeys (ConfUtils.java:logGet(43)) - raft.server.snapshot.auto.trigger.threshold = 10000 (custom)
2019-09-12 10:31:33,072 [pool-178-thread-1] INFO  server.RaftServerConfigKeys (ConfUtils.java:logGet(43)) - raft.server.retrycache.expirytime = 600000ms (custom)
2019-09-12 10:31:33,073 [pool-178-thread-1] INFO  impl.RaftServerImpl (RaftServerImpl.java:start(180)) - b6dd7c38-f675-445e-811b-15cf17d56c0a: start group-C06AEA56C492
2019-09-12 10:31:33,073 [pool-178-thread-1] INFO  impl.RaftServerImpl (RaftServerImpl.java:setRole(171)) - b6dd7c38-f675-445e-811b-15cf17d56c0a:group-C06AEA56C492 changes role from null to FOLLOWER at term 0 for startAsFollower
2019-09-12 10:31:33,073 [pool-178-thread-1] INFO  impl.RoleInfo (RoleInfo.java:updateAndGet(143)) - b6dd7c38-f675-445e-811b-15cf17d56c0a: start FollowerState
2019-09-12 10:31:33,074 [pool-178-thread-1] INFO  util.JmxRegister (JmxRegister.java:tryRegister(44)) - Successfully registered JMX Bean with object name Ratis:service=RaftServer,group=group-C06AEA56C492,id=b6dd7c38-f675-445e-811b-15cf17d56c0a
2019-09-12 10:31:33,078 [RatisPipelineUtilsThread] INFO  pipeline.PipelineStateManager (PipelineStateManager.java:addPipeline(56)) - Created pipeline Pipeline[ Id: 51be9114-9a63-4dec-b9e6-c06aea56c492, Nodes: b6dd7c38-f675-445e-811b-15cf17d56c0a{ip: 192.168.36.114, host: pr-hdds-1569-58hkm-1881083799, networkLocation: /default-rack, certSerialId: null}, Type:RATIS, Factor:ONE, State:OPEN]
2019-09-12 10:31:33,078 [RatisPipelineUtilsThread] ERROR pipeline.PipelinePlacementPolicy (PipelinePlacementPolicy.java:meetCriteria(92)) - Pipeline Placement: Doesn't meet the criteria to be viable node. Heaviness: 6
2019-09-12 10:31:33,078 [RatisPipelineUtilsThread] ERROR pipeline.PipelinePlacementPolicy (PipelinePlacementPolicy.java:meetCriteria(92)) - Pipeline Placement: Doesn't meet the criteria to be viable node. Heaviness: 6
2019-09-12 10:31:33,078 [RatisPipelineUtilsThread] ERROR pipeline.PipelinePlacementPolicy (PipelinePlacementPolicy.java:meetCriteria(92)) - Pipeline Placement: Doesn't meet the criteria to be viable node. Heaviness: 6
2019-09-12 10:31:33,078 [RatisPipelineUtilsThread] ERROR pipeline.PipelinePlacementPolicy (PipelinePlacementPolicy.java:meetCriteria(92)) - Pipeline Placement: Doesn't meet the criteria to be viable node. Heaviness: 6
2019-09-12 10:31:33,078 [RatisPipelineUtilsThread] ERROR pipeline.PipelinePlacementPolicy (PipelinePlacementPolicy.java:meetCriteria(92)) - Pipeline Placement: Doesn't meet the criteria to be viable node. Heaviness: 6
2019-09-12 10:31:33,085 [grpc-default-executor-0] INFO  impl.RaftServerProxy (RaftServerProxy.java:addNew(89)) - b6dd7c38-f675-445e-811b-15cf17d56c0a: addNew group-0BF7BE6248FB:[b6dd7c38-f675-445e-811b-15cf17d56c0a:192.168.36.114:37534] returns group-0BF7BE6248FB:java.util.concurrent.CompletableFuture@340cfe8d[Not completed]
2019-09-12 10:31:33,086 [pool-178-thread-1] INFO  impl.RaftServerImpl (RaftServerImpl.java:<init>(93)) - b6dd7c38-f675-445e-811b-15cf17d56c0a: new RaftServerImpl for group-0BF7BE6248FB:[b6dd7c38-f675-445e-811b-15cf17d56c0a:192.168.36.114:37534] with ContainerStateMachine:uninitialized
2019-09-12 10:31:33,086 [pool-178-thread-1] INFO  server.RaftServerConfigKeys (ConfUtils.java:logGet(43)) - raft.server.rpc.timeout.min = 5s (custom)
2019-09-12 10:31:33,086 [pool-178-thread-1] INFO  server.RaftServerConfigKeys (ConfUtils.java:logGet(43)) - raft.server.rpc.timeout.max = 5200ms (custom)
2019-09-12 10:31:33,086 [pool-178-thread-1] INFO  server.RaftServerConfigKeys (ConfUtils.java:logGet(43)) - raft.server.rpcslowness.timeout = 120s (custom)
2019-09-12 10:31:33,086 [pool-178-thread-1] INFO  server.RaftServerConfigKeys (ConfUtils.java:logGet(43)) - raft.server.sleep.deviation.threshold = 300 (default)
2019-09-12 10:31:33,087 [pool-178-thread-1] INFO  server.RaftServerConfigKeys (ConfUtils.java:logGet(43)) - raft.server.log.appender.install.snapshot.enabled = false (custom)
2019-09-12 10:31:33,087 [pool-178-thread-1] INFO  impl.RaftServerImpl (ServerState.java:<init>(105)) - b6dd7c38-f675-445e-811b-15cf17d56c0a:group-0BF7BE6248FB ConfigurationManager, init=-1: [b6dd7c38-f675-445e-811b-15cf17d56c0a:192.168.36.114:37534], old=null, confs=<EMPTY_MAP>
2019-09-12 10:31:33,087 [pool-178-thread-1] INFO  server.RaftServerConfigKeys (ConfUtils.java:logGet(43)) - raft.server.storage.dir = [/workdir/hadoop-ozone/integration-test/target/test-dir/MiniOzoneClusterImpl-87a68f7a-76d1-4e01-bf62-4b4b582b7243/datanode-5/data/ratis] (custom)
2019-09-12 10:31:33,087 [pool-178-thread-1] INFO  storage.RaftStorageDirectory (RaftStorageDirectory.java:analyzeStorage(246)) - The storage directory /workdir/hadoop-ozone/integration-test/target/test-dir/MiniOzoneClusterImpl-87a68f7a-76d1-4e01-bf62-4b4b582b7243/datanode-5/data/ratis/fda037f3-c620-42ae-982c-0bf7be6248fb does not exist. Creating ...
2019-09-12 10:31:33,091 | INFO  | SCMAudit | user=jenkins1000 | ip=192.168.36.114 | op=SEND_HEARTBEAT {datanodeUUID=2cb9d557-cb56-4745-8686-5e72b62e748a, command=[]} | ret=SUCCESS |  
2019-09-12 10:31:33,099 [pool-178-thread-1] INFO  storage.RaftStorageDirectory (RaftStorageDirectory.java:tryLock(328)) - Lock on /workdir/hadoop-ozone/integration-test/target/test-dir/MiniOzoneClusterImpl-87a68f7a-76d1-4e01-bf62-4b4b582b7243/datanode-5/data/ratis/fda037f3-c620-42ae-982c-0bf7be6248fb/in_use.lock acquired by nodename 1396@pr-hdds-1569-58hkm-1881083799
2019-09-12 10:31:33,112 [pool-178-thread-1] INFO  storage.RaftStorage (RaftStorage.java:format(72)) - Storage directory /workdir/hadoop-ozone/integration-test/target/test-dir/MiniOzoneClusterImpl-87a68f7a-76d1-4e01-bf62-4b4b582b7243/datanode-5/data/ratis/fda037f3-c620-42ae-982c-0bf7be6248fb has been successfully formatted.
2019-09-12 10:31:33,112 [pool-178-thread-1] INFO  ratis.ContainerStateMachine (ContainerStateMachine.java:loadSnapshot(226)) - group-0BF7BE6248FB: The snapshot info is null. Setting the last applied indexto:(t:0, i:~)
2019-09-12 10:31:33,112 [pool-178-thread-1] INFO  server.RaftServerConfigKeys (ConfUtils.java:logGet(43)) - raft.server.leader.election.timeout = 120s (custom)
2019-09-12 10:31:33,113 [pool-178-thread-1] INFO  server.RaftServerConfigKeys (ConfUtils.java:logGet(43)) - raft.server.log.use.memory = false (default)
2019-09-12 10:31:33,113 [pool-178-thread-1] INFO  server.RaftServerConfigKeys (ConfUtils.java:logGet(43)) - raft.server.log.purge.gap = 1000000 (custom)
2019-09-12 10:31:33,113 [pool-178-thread-1] INFO  server.RaftServerConfigKeys (ConfUtils.java:logGet(43)) - raft.server.log.appender.buffer.byte-limit = 33554432 (custom)
2019-09-12 10:31:33,113 [pool-178-thread-1] INFO  server.RaftServerConfigKeys (ConfUtils.java:logGet(43)) - raft.server.log.segment.size.max = 1048576 (custom)
2019-09-12 10:31:33,113 [pool-178-thread-1] INFO  server.RaftServerConfigKeys (ConfUtils.java:logGet(43)) - raft.server.log.segment.cache.num.max = 2 (custom)
2019-09-12 10:31:33,113 [pool-178-thread-1] INFO  segmented.SegmentedRaftLogWorker (SegmentedRaftLogWorker.java:<init>(172)) - new b6dd7c38-f675-445e-811b-15cf17d56c0a-SegmentedRaftLogWorker:Storage Directory /workdir/hadoop-ozone/integration-test/target/test-dir/MiniOzoneClusterImpl-87a68f7a-76d1-4e01-bf62-4b4b582b7243/datanode-5/data/ratis/fda037f3-c620-42ae-982c-0bf7be6248fb for RaftStorage:Storage Directory /workdir/hadoop-ozone/integration-test/target/test-dir/MiniOzoneClusterImpl-87a68f7a-76d1-4e01-bf62-4b4b582b7243/datanode-5/data/ratis/fda037f3-c620-42ae-982c-0bf7be6248fb
2019-09-12 10:31:33,113 [pool-178-thread-1] INFO  server.RaftServerConfigKeys (ConfUtils.java:logGet(43)) - raft.server.log.queue.byte-limit = 2147483647 (custom)
2019-09-12 10:31:33,113 [pool-178-thread-1] INFO  server.RaftServerConfigKeys (ConfUtils.java:logGet(43)) - raft.server.log.queue.element-limit = 1024 (custom)
2019-09-12 10:31:33,114 [pool-178-thread-1] INFO  server.RaftServerConfigKeys (ConfUtils.java:logGet(43)) - raft.server.log.segment.size.max = 1048576 (custom)
2019-09-12 10:31:33,114 [pool-178-thread-1] INFO  server.RaftServerConfigKeys (ConfUtils.java:logGet(43)) - raft.server.log.preallocated.size = 16384 (custom)
2019-09-12 10:31:33,114 [pool-178-thread-1] INFO  server.RaftServerConfigKeys (ConfUtils.java:logGet(43)) - raft.server.log.write.buffer.size = 33554432 (custom)
2019-09-12 10:31:33,114 [pool-178-thread-1] INFO  server.RaftServerConfigKeys (ConfUtils.java:logGet(43)) - raft.server.log.force.sync.num = 128 (default)
2019-09-12 10:31:33,114 [pool-178-thread-1] INFO  server.RaftServerConfigKeys (ConfUtils.java:logGet(43)) - raft.server.log.statemachine.data.sync = true (default)
2019-09-12 10:31:33,114 [pool-178-thread-1] INFO  server.RaftServerConfigKeys (ConfUtils.java:logGet(43)) - raft.server.log.statemachine.data.sync.timeout = 10s (default)
2019-09-12 10:31:33,114 [pool-178-thread-1] INFO  server.RaftServerConfigKeys (ConfUtils.java:logGet(43)) - raft.server.log.statemachine.data.sync.timeout.retry = -1 (default)
2019-09-12 10:31:33,114 [pool-178-thread-1] INFO  server.RaftServerConfigKeys (ConfUtils.java:logGet(43)) - raft.server.log.statemachine.data.caching.enabled = true (custom)
2019-09-12 10:31:33,115 [pool-178-thread-1] INFO  segmented.SegmentedRaftLogWorker (SegmentedRaftLogWorker.java:lambda$new$0(132)) - b6dd7c38-f675-445e-811b-15cf17d56c0a-SegmentedRaftLogWorker:Storage Directory /workdir/hadoop-ozone/integration-test/target/test-dir/MiniOzoneClusterImpl-87a68f7a-76d1-4e01-bf62-4b4b582b7243/datanode-5/data/ratis/fda037f3-c620-42ae-982c-0bf7be6248fb: flushIndex: setUnconditionally 0 -> -1
2019-09-12 10:31:33,115 [pool-178-thread-1] INFO  server.RaftServerConfigKeys (ConfUtils.java:logGet(43)) - raft.server.snapshot.auto.trigger.enabled = true (custom)
2019-09-12 10:31:33,115 [pool-178-thread-1] INFO  server.RaftServerConfigKeys (ConfUtils.java:logGet(43)) - raft.server.snapshot.auto.trigger.threshold = 10000 (custom)
2019-09-12 10:31:33,115 [pool-178-thread-1] INFO  server.RaftServerConfigKeys (ConfUtils.java:logGet(43)) - raft.server.retrycache.expirytime = 600000ms (custom)
2019-09-12 10:31:33,115 [pool-178-thread-1] INFO  impl.RaftServerImpl (RaftServerImpl.java:start(180)) - b6dd7c38-f675-445e-811b-15cf17d56c0a: start group-0BF7BE6248FB
2019-09-12 10:31:33,116 [pool-178-thread-1] INFO  impl.RaftServerImpl (RaftServerImpl.java:setRole(171)) - b6dd7c38-f675-445e-811b-15cf17d56c0a:group-0BF7BE6248FB changes role from null to FOLLOWER at term 0 for startAsFollower
2019-09-12 10:31:33,116 [pool-178-thread-1] INFO  impl.RoleInfo (RoleInfo.java:updateAndGet(143)) - b6dd7c38-f675-445e-811b-15cf17d56c0a: start FollowerState
2019-09-12 10:31:33,116 [pool-178-thread-1] INFO  util.JmxRegister (JmxRegister.java:tryRegister(44)) - Successfully registered JMX Bean with object name Ratis:service=RaftServer,group=group-0BF7BE6248FB,id=b6dd7c38-f675-445e-811b-15cf17d56c0a
2019-09-12 10:31:33,119 [RatisPipelineUtilsThread] INFO  pipeline.PipelineStateManager (PipelineStateManager.java:addPipeline(56)) - Created pipeline Pipeline[ Id: fda037f3-c620-42ae-982c-0bf7be6248fb, Nodes: b6dd7c38-f675-445e-811b-15cf17d56c0a{ip: 192.168.36.114, host: pr-hdds-1569-58hkm-1881083799, networkLocation: /default-rack, certSerialId: null}, Type:RATIS, Factor:ONE, State:OPEN]
2019-09-12 10:31:33,119 [RatisPipelineUtilsThread] ERROR pipeline.PipelinePlacementPolicy (PipelinePlacementPolicy.java:meetCriteria(92)) - Pipeline Placement: Doesn't meet the criteria to be viable node. Heaviness: 6
2019-09-12 10:31:33,119 [RatisPipelineUtilsThread] ERROR pipeline.PipelinePlacementPolicy (PipelinePlacementPolicy.java:meetCriteria(92)) - Pipeline Placement: Doesn't meet the criteria to be viable node. Heaviness: 6
2019-09-12 10:31:33,119 [RatisPipelineUtilsThread] ERROR pipeline.PipelinePlacementPolicy (PipelinePlacementPolicy.java:meetCriteria(92)) - Pipeline Placement: Doesn't meet the criteria to be viable node. Heaviness: 6
2019-09-12 10:31:33,120 [RatisPipelineUtilsThread] ERROR pipeline.PipelinePlacementPolicy (PipelinePlacementPolicy.java:meetCriteria(92)) - Pipeline Placement: Doesn't meet the criteria to be viable node. Heaviness: 6
2019-09-12 10:31:33,120 [RatisPipelineUtilsThread] ERROR pipeline.PipelinePlacementPolicy (PipelinePlacementPolicy.java:meetCriteria(92)) - Pipeline Placement: Doesn't meet the criteria to be viable node. Heaviness: 6
2019-09-12 10:31:33,125 [grpc-default-executor-0] INFO  impl.RaftServerProxy (RaftServerProxy.java:addNew(89)) - 9616c881-dbb1-48da-90dd-a872ed779a2e: addNew group-A05CC59351CA:[9616c881-dbb1-48da-90dd-a872ed779a2e:192.168.36.114:37081] returns group-A05CC59351CA:java.util.concurrent.CompletableFuture@5383d714[Not completed]
2019-09-12 10:31:33,126 [pool-189-thread-1] INFO  impl.RaftServerImpl (RaftServerImpl.java:<init>(93)) - 9616c881-dbb1-48da-90dd-a872ed779a2e: new RaftServerImpl for group-A05CC59351CA:[9616c881-dbb1-48da-90dd-a872ed779a2e:192.168.36.114:37081] with ContainerStateMachine:uninitialized
2019-09-12 10:31:33,127 [pool-189-thread-1] INFO  server.RaftServerConfigKeys (ConfUtils.java:logGet(43)) - raft.server.rpc.timeout.min = 5s (custom)
2019-09-12 10:31:33,127 [pool-189-thread-1] INFO  server.RaftServerConfigKeys (ConfUtils.java:logGet(43)) - raft.server.rpc.timeout.max = 5200ms (custom)
2019-09-12 10:31:33,127 [pool-189-thread-1] INFO  server.RaftServerConfigKeys (ConfUtils.java:logGet(43)) - raft.server.rpcslowness.timeout = 120s (custom)
2019-09-12 10:31:33,127 [pool-189-thread-1] INFO  server.RaftServerConfigKeys (ConfUtils.java:logGet(43)) - raft.server.sleep.deviation.threshold = 300 (default)
2019-09-12 10:31:33,127 [pool-189-thread-1] INFO  server.RaftServerConfigKeys (ConfUtils.java:logGet(43)) - raft.server.log.appender.install.snapshot.enabled = false (custom)
2019-09-12 10:31:33,127 [pool-189-thread-1] INFO  impl.RaftServerImpl (ServerState.java:<init>(105)) - 9616c881-dbb1-48da-90dd-a872ed779a2e:group-A05CC59351CA ConfigurationManager, init=-1: [9616c881-dbb1-48da-90dd-a872ed779a2e:192.168.36.114:37081], old=null, confs=<EMPTY_MAP>
2019-09-12 10:31:33,127 [pool-189-thread-1] INFO  server.RaftServerConfigKeys (ConfUtils.java:logGet(43)) - raft.server.storage.dir = [/workdir/hadoop-ozone/integration-test/target/test-dir/MiniOzoneClusterImpl-87a68f7a-76d1-4e01-bf62-4b4b582b7243/datanode-6/data/ratis] (custom)
2019-09-12 10:31:33,128 [pool-189-thread-1] INFO  storage.RaftStorageDirectory (RaftStorageDirectory.java:analyzeStorage(246)) - The storage directory /workdir/hadoop-ozone/integration-test/target/test-dir/MiniOzoneClusterImpl-87a68f7a-76d1-4e01-bf62-4b4b582b7243/datanode-6/data/ratis/edc4a03f-de98-44d3-8a5e-a05cc59351ca does not exist. Creating ...
2019-09-12 10:31:33,159 [pool-189-thread-1] INFO  storage.RaftStorageDirectory (RaftStorageDirectory.java:tryLock(328)) - Lock on /workdir/hadoop-ozone/integration-test/target/test-dir/MiniOzoneClusterImpl-87a68f7a-76d1-4e01-bf62-4b4b582b7243/datanode-6/data/ratis/edc4a03f-de98-44d3-8a5e-a05cc59351ca/in_use.lock acquired by nodename 1396@pr-hdds-1569-58hkm-1881083799
2019-09-12 10:31:33,197 [pool-189-thread-1] INFO  storage.RaftStorage (RaftStorage.java:format(72)) - Storage directory /workdir/hadoop-ozone/integration-test/target/test-dir/MiniOzoneClusterImpl-87a68f7a-76d1-4e01-bf62-4b4b582b7243/datanode-6/data/ratis/edc4a03f-de98-44d3-8a5e-a05cc59351ca has been successfully formatted.
2019-09-12 10:31:33,197 [pool-189-thread-1] INFO  ratis.ContainerStateMachine (ContainerStateMachine.java:loadSnapshot(226)) - group-A05CC59351CA: The snapshot info is null. Setting the last applied indexto:(t:0, i:~)
2019-09-12 10:31:33,198 [pool-189-thread-1] INFO  server.RaftServerConfigKeys (ConfUtils.java:logGet(43)) - raft.server.leader.election.timeout = 120s (custom)
2019-09-12 10:31:33,198 [pool-189-thread-1] INFO  server.RaftServerConfigKeys (ConfUtils.java:logGet(43)) - raft.server.log.use.memory = false (default)
2019-09-12 10:31:33,198 [pool-189-thread-1] INFO  server.RaftServerConfigKeys (ConfUtils.java:logGet(43)) - raft.server.log.purge.gap = 1000000 (custom)
2019-09-12 10:31:33,198 [pool-189-thread-1] INFO  server.RaftServerConfigKeys (ConfUtils.java:logGet(43)) - raft.server.log.appender.buffer.byte-limit = 33554432 (custom)
2019-09-12 10:31:33,198 [pool-189-thread-1] INFO  server.RaftServerConfigKeys (ConfUtils.java:logGet(43)) - raft.server.log.segment.size.max = 1048576 (custom)
2019-09-12 10:31:33,199 [pool-189-thread-1] INFO  server.RaftServerConfigKeys (ConfUtils.java:logGet(43)) - raft.server.log.segment.cache.num.max = 2 (custom)
2019-09-12 10:31:33,199 [pool-189-thread-1] INFO  segmented.SegmentedRaftLogWorker (SegmentedRaftLogWorker.java:<init>(172)) - new 9616c881-dbb1-48da-90dd-a872ed779a2e-SegmentedRaftLogWorker:Storage Directory /workdir/hadoop-ozone/integration-test/target/test-dir/MiniOzoneClusterImpl-87a68f7a-76d1-4e01-bf62-4b4b582b7243/datanode-6/data/ratis/edc4a03f-de98-44d3-8a5e-a05cc59351ca for RaftStorage:Storage Directory /workdir/hadoop-ozone/integration-test/target/test-dir/MiniOzoneClusterImpl-87a68f7a-76d1-4e01-bf62-4b4b582b7243/datanode-6/data/ratis/edc4a03f-de98-44d3-8a5e-a05cc59351ca
2019-09-12 10:31:33,199 [pool-189-thread-1] INFO  server.RaftServerConfigKeys (ConfUtils.java:logGet(43)) - raft.server.log.queue.byte-limit = 2147483647 (custom)
2019-09-12 10:31:33,199 [pool-189-thread-1] INFO  server.RaftServerConfigKeys (ConfUtils.java:logGet(43)) - raft.server.log.queue.element-limit = 1024 (custom)
2019-09-12 10:31:33,199 [pool-189-thread-1] INFO  server.RaftServerConfigKeys (ConfUtils.java:logGet(43)) - raft.server.log.segment.size.max = 1048576 (custom)
2019-09-12 10:31:33,200 [pool-189-thread-1] INFO  server.RaftServerConfigKeys (ConfUtils.java:logGet(43)) - raft.server.log.preallocated.size = 16384 (custom)
2019-09-12 10:31:33,200 [pool-189-thread-1] INFO  server.RaftServerConfigKeys (ConfUtils.java:logGet(43)) - raft.server.log.write.buffer.size = 33554432 (custom)
2019-09-12 10:31:33,200 [pool-189-thread-1] INFO  server.RaftServerConfigKeys (ConfUtils.java:logGet(43)) - raft.server.log.force.sync.num = 128 (default)
2019-09-12 10:31:33,200 [pool-189-thread-1] INFO  server.RaftServerConfigKeys (ConfUtils.java:logGet(43)) - raft.server.log.statemachine.data.sync = true (default)
2019-09-12 10:31:33,200 [pool-189-thread-1] INFO  server.RaftServerConfigKeys (ConfUtils.java:logGet(43)) - raft.server.log.statemachine.data.sync.timeout = 10s (default)
2019-09-12 10:31:33,200 [pool-189-thread-1] INFO  server.RaftServerConfigKeys (ConfUtils.java:logGet(43)) - raft.server.log.statemachine.data.sync.timeout.retry = -1 (default)
2019-09-12 10:31:33,201 [pool-189-thread-1] INFO  server.RaftServerConfigKeys (ConfUtils.java:logGet(43)) - raft.server.log.statemachine.data.caching.enabled = true (custom)
2019-09-12 10:31:33,201 [pool-189-thread-1] INFO  segmented.SegmentedRaftLogWorker (SegmentedRaftLogWorker.java:lambda$new$0(132)) - 9616c881-dbb1-48da-90dd-a872ed779a2e-SegmentedRaftLogWorker:Storage Directory /workdir/hadoop-ozone/integration-test/target/test-dir/MiniOzoneClusterImpl-87a68f7a-76d1-4e01-bf62-4b4b582b7243/datanode-6/data/ratis/edc4a03f-de98-44d3-8a5e-a05cc59351ca: flushIndex: setUnconditionally 0 -> -1
2019-09-12 10:31:33,201 [pool-189-thread-1] INFO  server.RaftServerConfigKeys (ConfUtils.java:logGet(43)) - raft.server.snapshot.auto.trigger.enabled = true (custom)
2019-09-12 10:31:33,201 [pool-189-thread-1] INFO  server.RaftServerConfigKeys (ConfUtils.java:logGet(43)) - raft.server.snapshot.auto.trigger.threshold = 10000 (custom)
2019-09-12 10:31:33,202 [pool-189-thread-1] INFO  server.RaftServerConfigKeys (ConfUtils.java:logGet(43)) - raft.server.retrycache.expirytime = 600000ms (custom)
2019-09-12 10:31:33,202 [pool-189-thread-1] INFO  impl.RaftServerImpl (RaftServerImpl.java:start(180)) - 9616c881-dbb1-48da-90dd-a872ed779a2e: start group-A05CC59351CA
2019-09-12 10:31:33,202 [pool-189-thread-1] INFO  impl.RaftServerImpl (RaftServerImpl.java:setRole(171)) - 9616c881-dbb1-48da-90dd-a872ed779a2e:group-A05CC59351CA changes role from null to FOLLOWER at term 0 for startAsFollower
2019-09-12 10:31:33,202 [pool-189-thread-1] INFO  impl.RoleInfo (RoleInfo.java:updateAndGet(143)) - 9616c881-dbb1-48da-90dd-a872ed779a2e: start FollowerState
2019-09-12 10:31:33,203 [pool-189-thread-1] INFO  util.JmxRegister (JmxRegister.java:tryRegister(44)) - Successfully registered JMX Bean with object name Ratis:service=RaftServer,group=group-A05CC59351CA,id=9616c881-dbb1-48da-90dd-a872ed779a2e
2019-09-12 10:31:33,206 [RatisPipelineUtilsThread] INFO  pipeline.PipelineStateManager (PipelineStateManager.java:addPipeline(56)) - Created pipeline Pipeline[ Id: edc4a03f-de98-44d3-8a5e-a05cc59351ca, Nodes: 9616c881-dbb1-48da-90dd-a872ed779a2e{ip: 192.168.36.114, host: pr-hdds-1569-58hkm-1881083799, networkLocation: /default-rack, certSerialId: null}, Type:RATIS, Factor:ONE, State:OPEN]
2019-09-12 10:31:33,207 [RatisPipelineUtilsThread] ERROR pipeline.PipelinePlacementPolicy (PipelinePlacementPolicy.java:meetCriteria(92)) - Pipeline Placement: Doesn't meet the criteria to be viable node. Heaviness: 6
2019-09-12 10:31:33,207 [RatisPipelineUtilsThread] ERROR pipeline.PipelinePlacementPolicy (PipelinePlacementPolicy.java:meetCriteria(92)) - Pipeline Placement: Doesn't meet the criteria to be viable node. Heaviness: 6
2019-09-12 10:31:33,207 [RatisPipelineUtilsThread] ERROR pipeline.PipelinePlacementPolicy (PipelinePlacementPolicy.java:meetCriteria(92)) - Pipeline Placement: Doesn't meet the criteria to be viable node. Heaviness: 6
2019-09-12 10:31:33,207 [RatisPipelineUtilsThread] ERROR pipeline.PipelinePlacementPolicy (PipelinePlacementPolicy.java:meetCriteria(92)) - Pipeline Placement: Doesn't meet the criteria to be viable node. Heaviness: 6
2019-09-12 10:31:33,208 [RatisPipelineUtilsThread] ERROR pipeline.PipelinePlacementPolicy (PipelinePlacementPolicy.java:meetCriteria(92)) - Pipeline Placement: Doesn't meet the criteria to be viable node. Heaviness: 6
2019-09-12 10:31:33,208 | INFO  | SCMAudit | user=jenkins1000 | ip=192.168.36.114 | op=SEND_HEARTBEAT {datanodeUUID=accf000b-d7b7-4fa5-9682-da82c4451e10, command=[]} | ret=SUCCESS |  
2019-09-12 10:31:33,214 [grpc-default-executor-0] INFO  impl.RaftServerProxy (RaftServerProxy.java:addNew(89)) - b6dd7c38-f675-445e-811b-15cf17d56c0a: addNew group-9FC0CABDF736:[b6dd7c38-f675-445e-811b-15cf17d56c0a:192.168.36.114:37534] returns group-9FC0CABDF736:java.util.concurrent.CompletableFuture@3fb675ca[Not completed]
2019-09-12 10:31:33,215 [pool-178-thread-1] INFO  impl.RaftServerImpl (RaftServerImpl.java:<init>(93)) - b6dd7c38-f675-445e-811b-15cf17d56c0a: new RaftServerImpl for group-9FC0CABDF736:[b6dd7c38-f675-445e-811b-15cf17d56c0a:192.168.36.114:37534] with ContainerStateMachine:uninitialized
2019-09-12 10:31:33,215 [pool-178-thread-1] INFO  server.RaftServerConfigKeys (ConfUtils.java:logGet(43)) - raft.server.rpc.timeout.min = 5s (custom)
2019-09-12 10:31:33,215 [pool-178-thread-1] INFO  server.RaftServerConfigKeys (ConfUtils.java:logGet(43)) - raft.server.rpc.timeout.max = 5200ms (custom)
2019-09-12 10:31:33,216 [pool-178-thread-1] INFO  server.RaftServerConfigKeys (ConfUtils.java:logGet(43)) - raft.server.rpcslowness.timeout = 120s (custom)
2019-09-12 10:31:33,216 [pool-178-thread-1] INFO  server.RaftServerConfigKeys (ConfUtils.java:logGet(43)) - raft.server.sleep.deviation.threshold = 300 (default)
2019-09-12 10:31:33,216 [pool-178-thread-1] INFO  server.RaftServerConfigKeys (ConfUtils.java:logGet(43)) - raft.server.log.appender.install.snapshot.enabled = false (custom)
2019-09-12 10:31:33,216 [pool-178-thread-1] INFO  impl.RaftServerImpl (ServerState.java:<init>(105)) - b6dd7c38-f675-445e-811b-15cf17d56c0a:group-9FC0CABDF736 ConfigurationManager, init=-1: [b6dd7c38-f675-445e-811b-15cf17d56c0a:192.168.36.114:37534], old=null, confs=<EMPTY_MAP>
2019-09-12 10:31:33,216 [pool-178-thread-1] INFO  server.RaftServerConfigKeys (ConfUtils.java:logGet(43)) - raft.server.storage.dir = [/workdir/hadoop-ozone/integration-test/target/test-dir/MiniOzoneClusterImpl-87a68f7a-76d1-4e01-bf62-4b4b582b7243/datanode-5/data/ratis] (custom)
2019-09-12 10:31:33,217 [pool-178-thread-1] INFO  storage.RaftStorageDirectory (RaftStorageDirectory.java:analyzeStorage(246)) - The storage directory /workdir/hadoop-ozone/integration-test/target/test-dir/MiniOzoneClusterImpl-87a68f7a-76d1-4e01-bf62-4b4b582b7243/datanode-5/data/ratis/74aac41e-c0e3-4881-93c8-9fc0cabdf736 does not exist. Creating ...
2019-09-12 10:31:33,230 [pool-178-thread-1] INFO  storage.RaftStorageDirectory (RaftStorageDirectory.java:tryLock(328)) - Lock on /workdir/hadoop-ozone/integration-test/target/test-dir/MiniOzoneClusterImpl-87a68f7a-76d1-4e01-bf62-4b4b582b7243/datanode-5/data/ratis/74aac41e-c0e3-4881-93c8-9fc0cabdf736/in_use.lock acquired by nodename 1396@pr-hdds-1569-58hkm-1881083799
2019-09-12 10:31:33,243 [pool-178-thread-1] INFO  storage.RaftStorage (RaftStorage.java:format(72)) - Storage directory /workdir/hadoop-ozone/integration-test/target/test-dir/MiniOzoneClusterImpl-87a68f7a-76d1-4e01-bf62-4b4b582b7243/datanode-5/data/ratis/74aac41e-c0e3-4881-93c8-9fc0cabdf736 has been successfully formatted.
2019-09-12 10:31:33,244 [pool-178-thread-1] INFO  ratis.ContainerStateMachine (ContainerStateMachine.java:loadSnapshot(226)) - group-9FC0CABDF736: The snapshot info is null. Setting the last applied indexto:(t:0, i:~)
2019-09-12 10:31:33,244 [pool-178-thread-1] INFO  server.RaftServerConfigKeys (ConfUtils.java:logGet(43)) - raft.server.leader.election.timeout = 120s (custom)
2019-09-12 10:31:33,244 [pool-178-thread-1] INFO  server.RaftServerConfigKeys (ConfUtils.java:logGet(43)) - raft.server.log.use.memory = false (default)
2019-09-12 10:31:33,244 [pool-178-thread-1] INFO  server.RaftServerConfigKeys (ConfUtils.java:logGet(43)) - raft.server.log.purge.gap = 1000000 (custom)
2019-09-12 10:31:33,245 [pool-178-thread-1] INFO  server.RaftServerConfigKeys (ConfUtils.java:logGet(43)) - raft.server.log.appender.buffer.byte-limit = 33554432 (custom)
2019-09-12 10:31:33,245 [pool-178-thread-1] INFO  server.RaftServerConfigKeys (ConfUtils.java:logGet(43)) - raft.server.log.segment.size.max = 1048576 (custom)
2019-09-12 10:31:33,245 [pool-178-thread-1] INFO  server.RaftServerConfigKeys (ConfUtils.java:logGet(43)) - raft.server.log.segment.cache.num.max = 2 (custom)
2019-09-12 10:31:33,245 [pool-178-thread-1] INFO  segmented.SegmentedRaftLogWorker (SegmentedRaftLogWorker.java:<init>(172)) - new b6dd7c38-f675-445e-811b-15cf17d56c0a-SegmentedRaftLogWorker:Storage Directory /workdir/hadoop-ozone/integration-test/target/test-dir/MiniOzoneClusterImpl-87a68f7a-76d1-4e01-bf62-4b4b582b7243/datanode-5/data/ratis/74aac41e-c0e3-4881-93c8-9fc0cabdf736 for RaftStorage:Storage Directory /workdir/hadoop-ozone/integration-test/target/test-dir/MiniOzoneClusterImpl-87a68f7a-76d1-4e01-bf62-4b4b582b7243/datanode-5/data/ratis/74aac41e-c0e3-4881-93c8-9fc0cabdf736
2019-09-12 10:31:33,246 [pool-178-thread-1] INFO  server.RaftServerConfigKeys (ConfUtils.java:logGet(43)) - raft.server.log.queue.byte-limit = 2147483647 (custom)
2019-09-12 10:31:33,246 [pool-178-thread-1] INFO  server.RaftServerConfigKeys (ConfUtils.java:logGet(43)) - raft.server.log.queue.element-limit = 1024 (custom)
2019-09-12 10:31:33,246 [pool-178-thread-1] INFO  server.RaftServerConfigKeys (ConfUtils.java:logGet(43)) - raft.server.log.segment.size.max = 1048576 (custom)
2019-09-12 10:31:33,246 [pool-178-thread-1] INFO  server.RaftServerConfigKeys (ConfUtils.java:logGet(43)) - raft.server.log.preallocated.size = 16384 (custom)
2019-09-12 10:31:33,246 [pool-178-thread-1] INFO  server.RaftServerConfigKeys (ConfUtils.java:logGet(43)) - raft.server.log.write.buffer.size = 33554432 (custom)
2019-09-12 10:31:33,247 [pool-178-thread-1] INFO  server.RaftServerConfigKeys (ConfUtils.java:logGet(43)) - raft.server.log.force.sync.num = 128 (default)
2019-09-12 10:31:33,247 [pool-178-thread-1] INFO  server.RaftServerConfigKeys (ConfUtils.java:logGet(43)) - raft.server.log.statemachine.data.sync = true (default)
2019-09-12 10:31:33,247 [pool-178-thread-1] INFO  server.RaftServerConfigKeys (ConfUtils.java:logGet(43)) - raft.server.log.statemachine.data.sync.timeout = 10s (default)
2019-09-12 10:31:33,247 [pool-178-thread-1] INFO  server.RaftServerConfigKeys (ConfUtils.java:logGet(43)) - raft.server.log.statemachine.data.sync.timeout.retry = -1 (default)
2019-09-12 10:31:33,247 [pool-178-thread-1] INFO  server.RaftServerConfigKeys (ConfUtils.java:logGet(43)) - raft.server.log.statemachine.data.caching.enabled = true (custom)
2019-09-12 10:31:33,248 [pool-178-thread-1] INFO  segmented.SegmentedRaftLogWorker (SegmentedRaftLogWorker.java:lambda$new$0(132)) - b6dd7c38-f675-445e-811b-15cf17d56c0a-SegmentedRaftLogWorker:Storage Directory /workdir/hadoop-ozone/integration-test/target/test-dir/MiniOzoneClusterImpl-87a68f7a-76d1-4e01-bf62-4b4b582b7243/datanode-5/data/ratis/74aac41e-c0e3-4881-93c8-9fc0cabdf736: flushIndex: setUnconditionally 0 -> -1
2019-09-12 10:31:33,249 [pool-178-thread-1] INFO  server.RaftServerConfigKeys (ConfUtils.java:logGet(43)) - raft.server.snapshot.auto.trigger.enabled = true (custom)
2019-09-12 10:31:33,249 [pool-178-thread-1] INFO  server.RaftServerConfigKeys (ConfUtils.java:logGet(43)) - raft.server.snapshot.auto.trigger.threshold = 10000 (custom)
2019-09-12 10:31:33,249 [pool-178-thread-1] INFO  server.RaftServerConfigKeys (ConfUtils.java:logGet(43)) - raft.server.retrycache.expirytime = 600000ms (custom)
2019-09-12 10:31:33,249 [pool-178-thread-1] INFO  impl.RaftServerImpl (RaftServerImpl.java:start(180)) - b6dd7c38-f675-445e-811b-15cf17d56c0a: start group-9FC0CABDF736
2019-09-12 10:31:33,250 [pool-178-thread-1] INFO  impl.RaftServerImpl (RaftServerImpl.java:setRole(171)) - b6dd7c38-f675-445e-811b-15cf17d56c0a:group-9FC0CABDF736 changes role from null to FOLLOWER at term 0 for startAsFollower
2019-09-12 10:31:33,250 [pool-178-thread-1] INFO  impl.RoleInfo (RoleInfo.java:updateAndGet(143)) - b6dd7c38-f675-445e-811b-15cf17d56c0a: start FollowerState
2019-09-12 10:31:33,250 [pool-178-thread-1] INFO  util.JmxRegister (JmxRegister.java:tryRegister(44)) - Successfully registered JMX Bean with object name Ratis:service=RaftServer,group=group-9FC0CABDF736,id=b6dd7c38-f675-445e-811b-15cf17d56c0a
2019-09-12 10:31:33,254 [RatisPipelineUtilsThread] INFO  pipeline.PipelineStateManager (PipelineStateManager.java:addPipeline(56)) - Created pipeline Pipeline[ Id: 74aac41e-c0e3-4881-93c8-9fc0cabdf736, Nodes: b6dd7c38-f675-445e-811b-15cf17d56c0a{ip: 192.168.36.114, host: pr-hdds-1569-58hkm-1881083799, networkLocation: /default-rack, certSerialId: null}, Type:RATIS, Factor:ONE, State:OPEN]
2019-09-12 10:31:33,254 [RatisPipelineUtilsThread] ERROR pipeline.PipelinePlacementPolicy (PipelinePlacementPolicy.java:meetCriteria(92)) - Pipeline Placement: Doesn't meet the criteria to be viable node. Heaviness: 6
2019-09-12 10:31:33,255 [RatisPipelineUtilsThread] ERROR pipeline.PipelinePlacementPolicy (PipelinePlacementPolicy.java:meetCriteria(92)) - Pipeline Placement: Doesn't meet the criteria to be viable node. Heaviness: 6
2019-09-12 10:31:33,255 [RatisPipelineUtilsThread] ERROR pipeline.PipelinePlacementPolicy (PipelinePlacementPolicy.java:meetCriteria(92)) - Pipeline Placement: Doesn't meet the criteria to be viable node. Heaviness: 6
2019-09-12 10:31:33,255 [RatisPipelineUtilsThread] ERROR pipeline.PipelinePlacementPolicy (PipelinePlacementPolicy.java:meetCriteria(92)) - Pipeline Placement: Doesn't meet the criteria to be viable node. Heaviness: 6
2019-09-12 10:31:33,255 [RatisPipelineUtilsThread] ERROR pipeline.PipelinePlacementPolicy (PipelinePlacementPolicy.java:meetCriteria(92)) - Pipeline Placement: Doesn't meet the criteria to be viable node. Heaviness: 6
2019-09-12 10:31:33,260 [grpc-default-executor-0] INFO  impl.RaftServerProxy (RaftServerProxy.java:addNew(89)) - b6dd7c38-f675-445e-811b-15cf17d56c0a: addNew group-9A99E533AC44:[b6dd7c38-f675-445e-811b-15cf17d56c0a:192.168.36.114:37534] returns group-9A99E533AC44:java.util.concurrent.CompletableFuture@3b20475c[Not completed]
2019-09-12 10:31:33,263 [pool-178-thread-1] INFO  impl.RaftServerImpl (RaftServerImpl.java:<init>(93)) - b6dd7c38-f675-445e-811b-15cf17d56c0a: new RaftServerImpl for group-9A99E533AC44:[b6dd7c38-f675-445e-811b-15cf17d56c0a:192.168.36.114:37534] with ContainerStateMachine:uninitialized
2019-09-12 10:31:33,263 [pool-178-thread-1] INFO  server.RaftServerConfigKeys (ConfUtils.java:logGet(43)) - raft.server.rpc.timeout.min = 5s (custom)
2019-09-12 10:31:33,263 [pool-178-thread-1] INFO  server.RaftServerConfigKeys (ConfUtils.java:logGet(43)) - raft.server.rpc.timeout.max = 5200ms (custom)
2019-09-12 10:31:33,263 [pool-178-thread-1] INFO  server.RaftServerConfigKeys (ConfUtils.java:logGet(43)) - raft.server.rpcslowness.timeout = 120s (custom)
2019-09-12 10:31:33,263 [pool-178-thread-1] INFO  server.RaftServerConfigKeys (ConfUtils.java:logGet(43)) - raft.server.sleep.deviation.threshold = 300 (default)
2019-09-12 10:31:33,264 [pool-178-thread-1] INFO  server.RaftServerConfigKeys (ConfUtils.java:logGet(43)) - raft.server.log.appender.install.snapshot.enabled = false (custom)
2019-09-12 10:31:33,264 [pool-178-thread-1] INFO  impl.RaftServerImpl (ServerState.java:<init>(105)) - b6dd7c38-f675-445e-811b-15cf17d56c0a:group-9A99E533AC44 ConfigurationManager, init=-1: [b6dd7c38-f675-445e-811b-15cf17d56c0a:192.168.36.114:37534], old=null, confs=<EMPTY_MAP>
2019-09-12 10:31:33,264 [pool-178-thread-1] INFO  server.RaftServerConfigKeys (ConfUtils.java:logGet(43)) - raft.server.storage.dir = [/workdir/hadoop-ozone/integration-test/target/test-dir/MiniOzoneClusterImpl-87a68f7a-76d1-4e01-bf62-4b4b582b7243/datanode-5/data/ratis] (custom)
2019-09-12 10:31:33,265 [pool-178-thread-1] INFO  storage.RaftStorageDirectory (RaftStorageDirectory.java:analyzeStorage(246)) - The storage directory /workdir/hadoop-ozone/integration-test/target/test-dir/MiniOzoneClusterImpl-87a68f7a-76d1-4e01-bf62-4b4b582b7243/datanode-5/data/ratis/10378bea-0bfc-413c-832c-9a99e533ac44 does not exist. Creating ...
2019-09-12 10:31:33,277 [pool-178-thread-1] INFO  storage.RaftStorageDirectory (RaftStorageDirectory.java:tryLock(328)) - Lock on /workdir/hadoop-ozone/integration-test/target/test-dir/MiniOzoneClusterImpl-87a68f7a-76d1-4e01-bf62-4b4b582b7243/datanode-5/data/ratis/10378bea-0bfc-413c-832c-9a99e533ac44/in_use.lock acquired by nodename 1396@pr-hdds-1569-58hkm-1881083799
2019-09-12 10:31:33,290 [pool-178-thread-1] INFO  storage.RaftStorage (RaftStorage.java:format(72)) - Storage directory /workdir/hadoop-ozone/integration-test/target/test-dir/MiniOzoneClusterImpl-87a68f7a-76d1-4e01-bf62-4b4b582b7243/datanode-5/data/ratis/10378bea-0bfc-413c-832c-9a99e533ac44 has been successfully formatted.
2019-09-12 10:31:33,290 [pool-178-thread-1] INFO  ratis.ContainerStateMachine (ContainerStateMachine.java:loadSnapshot(226)) - group-9A99E533AC44: The snapshot info is null. Setting the last applied indexto:(t:0, i:~)
2019-09-12 10:31:33,290 [pool-178-thread-1] INFO  server.RaftServerConfigKeys (ConfUtils.java:logGet(43)) - raft.server.leader.election.timeout = 120s (custom)
2019-09-12 10:31:33,291 [pool-178-thread-1] INFO  server.RaftServerConfigKeys (ConfUtils.java:logGet(43)) - raft.server.log.use.memory = false (default)
2019-09-12 10:31:33,291 [pool-178-thread-1] INFO  server.RaftServerConfigKeys (ConfUtils.java:logGet(43)) - raft.server.log.purge.gap = 1000000 (custom)
2019-09-12 10:31:33,291 [pool-178-thread-1] INFO  server.RaftServerConfigKeys (ConfUtils.java:logGet(43)) - raft.server.log.appender.buffer.byte-limit = 33554432 (custom)
2019-09-12 10:31:33,291 [pool-178-thread-1] INFO  server.RaftServerConfigKeys (ConfUtils.java:logGet(43)) - raft.server.log.segment.size.max = 1048576 (custom)
2019-09-12 10:31:33,291 [pool-178-thread-1] INFO  server.RaftServerConfigKeys (ConfUtils.java:logGet(43)) - raft.server.log.segment.cache.num.max = 2 (custom)
2019-09-12 10:31:33,291 [pool-178-thread-1] INFO  segmented.SegmentedRaftLogWorker (SegmentedRaftLogWorker.java:<init>(172)) - new b6dd7c38-f675-445e-811b-15cf17d56c0a-SegmentedRaftLogWorker:Storage Directory /workdir/hadoop-ozone/integration-test/target/test-dir/MiniOzoneClusterImpl-87a68f7a-76d1-4e01-bf62-4b4b582b7243/datanode-5/data/ratis/10378bea-0bfc-413c-832c-9a99e533ac44 for RaftStorage:Storage Directory /workdir/hadoop-ozone/integration-test/target/test-dir/MiniOzoneClusterImpl-87a68f7a-76d1-4e01-bf62-4b4b582b7243/datanode-5/data/ratis/10378bea-0bfc-413c-832c-9a99e533ac44
2019-09-12 10:31:33,291 [pool-178-thread-1] INFO  server.RaftServerConfigKeys (ConfUtils.java:logGet(43)) - raft.server.log.queue.byte-limit = 2147483647 (custom)
2019-09-12 10:31:33,291 [pool-178-thread-1] INFO  server.RaftServerConfigKeys (ConfUtils.java:logGet(43)) - raft.server.log.queue.element-limit = 1024 (custom)
2019-09-12 10:31:33,292 [pool-178-thread-1] INFO  server.RaftServerConfigKeys (ConfUtils.java:logGet(43)) - raft.server.log.segment.size.max = 1048576 (custom)
2019-09-12 10:31:33,292 [pool-178-thread-1] INFO  server.RaftServerConfigKeys (ConfUtils.java:logGet(43)) - raft.server.log.preallocated.size = 16384 (custom)
2019-09-12 10:31:33,292 [pool-178-thread-1] INFO  server.RaftServerConfigKeys (ConfUtils.java:logGet(43)) - raft.server.log.write.buffer.size = 33554432 (custom)
2019-09-12 10:31:33,292 [pool-178-thread-1] INFO  server.RaftServerConfigKeys (ConfUtils.java:logGet(43)) - raft.server.log.force.sync.num = 128 (default)
2019-09-12 10:31:33,292 [pool-178-thread-1] INFO  server.RaftServerConfigKeys (ConfUtils.java:logGet(43)) - raft.server.log.statemachine.data.sync = true (default)
2019-09-12 10:31:33,292 [pool-178-thread-1] INFO  server.RaftServerConfigKeys (ConfUtils.java:logGet(43)) - raft.server.log.statemachine.data.sync.timeout = 10s (default)
2019-09-12 10:31:33,292 [pool-178-thread-1] INFO  server.RaftServerConfigKeys (ConfUtils.java:logGet(43)) - raft.server.log.statemachine.data.sync.timeout.retry = -1 (default)
2019-09-12 10:31:33,293 [pool-178-thread-1] INFO  server.RaftServerConfigKeys (ConfUtils.java:logGet(43)) - raft.server.log.statemachine.data.caching.enabled = true (custom)
2019-09-12 10:31:33,293 [pool-178-thread-1] INFO  segmented.SegmentedRaftLogWorker (SegmentedRaftLogWorker.java:lambda$new$0(132)) - b6dd7c38-f675-445e-811b-15cf17d56c0a-SegmentedRaftLogWorker:Storage Directory /workdir/hadoop-ozone/integration-test/target/test-dir/MiniOzoneClusterImpl-87a68f7a-76d1-4e01-bf62-4b4b582b7243/datanode-5/data/ratis/10378bea-0bfc-413c-832c-9a99e533ac44: flushIndex: setUnconditionally 0 -> -1
2019-09-12 10:31:33,293 [pool-178-thread-1] INFO  server.RaftServerConfigKeys (ConfUtils.java:logGet(43)) - raft.server.snapshot.auto.trigger.enabled = true (custom)
2019-09-12 10:31:33,293 [pool-178-thread-1] INFO  server.RaftServerConfigKeys (ConfUtils.java:logGet(43)) - raft.server.snapshot.auto.trigger.threshold = 10000 (custom)
2019-09-12 10:31:33,294 [pool-178-thread-1] INFO  server.RaftServerConfigKeys (ConfUtils.java:logGet(43)) - raft.server.retrycache.expirytime = 600000ms (custom)
2019-09-12 10:31:33,294 [pool-178-thread-1] INFO  impl.RaftServerImpl (RaftServerImpl.java:start(180)) - b6dd7c38-f675-445e-811b-15cf17d56c0a: start group-9A99E533AC44
2019-09-12 10:31:33,294 [pool-178-thread-1] INFO  impl.RaftServerImpl (RaftServerImpl.java:setRole(171)) - b6dd7c38-f675-445e-811b-15cf17d56c0a:group-9A99E533AC44 changes role from null to FOLLOWER at term 0 for startAsFollower
2019-09-12 10:31:33,294 [pool-178-thread-1] INFO  impl.RoleInfo (RoleInfo.java:updateAndGet(143)) - b6dd7c38-f675-445e-811b-15cf17d56c0a: start FollowerState
2019-09-12 10:31:33,294 [pool-178-thread-1] INFO  util.JmxRegister (JmxRegister.java:tryRegister(44)) - Successfully registered JMX Bean with object name Ratis:service=RaftServer,group=group-9A99E533AC44,id=b6dd7c38-f675-445e-811b-15cf17d56c0a
2019-09-12 10:31:33,298 [RatisPipelineUtilsThread] INFO  pipeline.PipelineStateManager (PipelineStateManager.java:addPipeline(56)) - Created pipeline Pipeline[ Id: 10378bea-0bfc-413c-832c-9a99e533ac44, Nodes: b6dd7c38-f675-445e-811b-15cf17d56c0a{ip: 192.168.36.114, host: pr-hdds-1569-58hkm-1881083799, networkLocation: /default-rack, certSerialId: null}, Type:RATIS, Factor:ONE, State:OPEN]
2019-09-12 10:31:33,299 [RatisPipelineUtilsThread] ERROR pipeline.PipelinePlacementPolicy (PipelinePlacementPolicy.java:meetCriteria(92)) - Pipeline Placement: Doesn't meet the criteria to be viable node. Heaviness: 6
2019-09-12 10:31:33,299 [RatisPipelineUtilsThread] ERROR pipeline.PipelinePlacementPolicy (PipelinePlacementPolicy.java:meetCriteria(92)) - Pipeline Placement: Doesn't meet the criteria to be viable node. Heaviness: 6
2019-09-12 10:31:33,299 [RatisPipelineUtilsThread] ERROR pipeline.PipelinePlacementPolicy (PipelinePlacementPolicy.java:meetCriteria(92)) - Pipeline Placement: Doesn't meet the criteria to be viable node. Heaviness: 6
2019-09-12 10:31:33,299 [RatisPipelineUtilsThread] ERROR pipeline.PipelinePlacementPolicy (PipelinePlacementPolicy.java:meetCriteria(92)) - Pipeline Placement: Doesn't meet the criteria to be viable node. Heaviness: 6
2019-09-12 10:31:33,299 [RatisPipelineUtilsThread] ERROR pipeline.PipelinePlacementPolicy (PipelinePlacementPolicy.java:meetCriteria(92)) - Pipeline Placement: Doesn't meet the criteria to be viable node. Heaviness: 6
2019-09-12 10:31:33,300 [RatisPipelineUtilsThread] ERROR pipeline.PipelinePlacementPolicy (PipelinePlacementPolicy.java:meetCriteria(92)) - Pipeline Placement: Doesn't meet the criteria to be viable node. Heaviness: 6
2019-09-12 10:31:33,304 [grpc-default-executor-0] INFO  impl.RaftServerProxy (RaftServerProxy.java:addNew(89)) - 9616c881-dbb1-48da-90dd-a872ed779a2e: addNew group-6BE4BDB1F8BD:[9616c881-dbb1-48da-90dd-a872ed779a2e:192.168.36.114:37081] returns group-6BE4BDB1F8BD:java.util.concurrent.CompletableFuture@339f4362[Not completed]
2019-09-12 10:31:33,306 [pool-189-thread-1] INFO  impl.RaftServerImpl (RaftServerImpl.java:<init>(93)) - 9616c881-dbb1-48da-90dd-a872ed779a2e: new RaftServerImpl for group-6BE4BDB1F8BD:[9616c881-dbb1-48da-90dd-a872ed779a2e:192.168.36.114:37081] with ContainerStateMachine:uninitialized
2019-09-12 10:31:33,306 [pool-189-thread-1] INFO  server.RaftServerConfigKeys (ConfUtils.java:logGet(43)) - raft.server.rpc.timeout.min = 5s (custom)
2019-09-12 10:31:33,306 [pool-189-thread-1] INFO  server.RaftServerConfigKeys (ConfUtils.java:logGet(43)) - raft.server.rpc.timeout.max = 5200ms (custom)
2019-09-12 10:31:33,307 [pool-189-thread-1] INFO  server.RaftServerConfigKeys (ConfUtils.java:logGet(43)) - raft.server.rpcslowness.timeout = 120s (custom)
2019-09-12 10:31:33,307 [pool-189-thread-1] INFO  server.RaftServerConfigKeys (ConfUtils.java:logGet(43)) - raft.server.sleep.deviation.threshold = 300 (default)
2019-09-12 10:31:33,307 [pool-189-thread-1] INFO  server.RaftServerConfigKeys (ConfUtils.java:logGet(43)) - raft.server.log.appender.install.snapshot.enabled = false (custom)
2019-09-12 10:31:33,307 [pool-189-thread-1] INFO  impl.RaftServerImpl (ServerState.java:<init>(105)) - 9616c881-dbb1-48da-90dd-a872ed779a2e:group-6BE4BDB1F8BD ConfigurationManager, init=-1: [9616c881-dbb1-48da-90dd-a872ed779a2e:192.168.36.114:37081], old=null, confs=<EMPTY_MAP>
2019-09-12 10:31:33,307 [pool-189-thread-1] INFO  server.RaftServerConfigKeys (ConfUtils.java:logGet(43)) - raft.server.storage.dir = [/workdir/hadoop-ozone/integration-test/target/test-dir/MiniOzoneClusterImpl-87a68f7a-76d1-4e01-bf62-4b4b582b7243/datanode-6/data/ratis] (custom)
2019-09-12 10:31:33,308 [pool-189-thread-1] INFO  storage.RaftStorageDirectory (RaftStorageDirectory.java:analyzeStorage(246)) - The storage directory /workdir/hadoop-ozone/integration-test/target/test-dir/MiniOzoneClusterImpl-87a68f7a-76d1-4e01-bf62-4b4b582b7243/datanode-6/data/ratis/b816484d-afdb-4bbe-b172-6be4bdb1f8bd does not exist. Creating ...
2019-09-12 10:31:33,320 [pool-189-thread-1] INFO  storage.RaftStorageDirectory (RaftStorageDirectory.java:tryLock(328)) - Lock on /workdir/hadoop-ozone/integration-test/target/test-dir/MiniOzoneClusterImpl-87a68f7a-76d1-4e01-bf62-4b4b582b7243/datanode-6/data/ratis/b816484d-afdb-4bbe-b172-6be4bdb1f8bd/in_use.lock acquired by nodename 1396@pr-hdds-1569-58hkm-1881083799
2019-09-12 10:31:33,332 [pool-189-thread-1] INFO  storage.RaftStorage (RaftStorage.java:format(72)) - Storage directory /workdir/hadoop-ozone/integration-test/target/test-dir/MiniOzoneClusterImpl-87a68f7a-76d1-4e01-bf62-4b4b582b7243/datanode-6/data/ratis/b816484d-afdb-4bbe-b172-6be4bdb1f8bd has been successfully formatted.
2019-09-12 10:31:33,332 [pool-189-thread-1] INFO  ratis.ContainerStateMachine (ContainerStateMachine.java:loadSnapshot(226)) - group-6BE4BDB1F8BD: The snapshot info is null. Setting the last applied indexto:(t:0, i:~)
2019-09-12 10:31:33,332 [pool-189-thread-1] INFO  server.RaftServerConfigKeys (ConfUtils.java:logGet(43)) - raft.server.leader.election.timeout = 120s (custom)
2019-09-12 10:31:33,333 [pool-189-thread-1] INFO  server.RaftServerConfigKeys (ConfUtils.java:logGet(43)) - raft.server.log.use.memory = false (default)
2019-09-12 10:31:33,333 [pool-189-thread-1] INFO  server.RaftServerConfigKeys (ConfUtils.java:logGet(43)) - raft.server.log.purge.gap = 1000000 (custom)
2019-09-12 10:31:33,333 [pool-189-thread-1] INFO  server.RaftServerConfigKeys (ConfUtils.java:logGet(43)) - raft.server.log.appender.buffer.byte-limit = 33554432 (custom)
2019-09-12 10:31:33,333 [pool-189-thread-1] INFO  server.RaftServerConfigKeys (ConfUtils.java:logGet(43)) - raft.server.log.segment.size.max = 1048576 (custom)
2019-09-12 10:31:33,333 [pool-189-thread-1] INFO  server.RaftServerConfigKeys (ConfUtils.java:logGet(43)) - raft.server.log.segment.cache.num.max = 2 (custom)
2019-09-12 10:31:33,333 [pool-189-thread-1] INFO  segmented.SegmentedRaftLogWorker (SegmentedRaftLogWorker.java:<init>(172)) - new 9616c881-dbb1-48da-90dd-a872ed779a2e-SegmentedRaftLogWorker:Storage Directory /workdir/hadoop-ozone/integration-test/target/test-dir/MiniOzoneClusterImpl-87a68f7a-76d1-4e01-bf62-4b4b582b7243/datanode-6/data/ratis/b816484d-afdb-4bbe-b172-6be4bdb1f8bd for RaftStorage:Storage Directory /workdir/hadoop-ozone/integration-test/target/test-dir/MiniOzoneClusterImpl-87a68f7a-76d1-4e01-bf62-4b4b582b7243/datanode-6/data/ratis/b816484d-afdb-4bbe-b172-6be4bdb1f8bd
2019-09-12 10:31:33,333 [pool-189-thread-1] INFO  server.RaftServerConfigKeys (ConfUtils.java:logGet(43)) - raft.server.log.queue.byte-limit = 2147483647 (custom)
2019-09-12 10:31:33,333 [pool-189-thread-1] INFO  server.RaftServerConfigKeys (ConfUtils.java:logGet(43)) - raft.server.log.queue.element-limit = 1024 (custom)
2019-09-12 10:31:33,334 [pool-189-thread-1] INFO  server.RaftServerConfigKeys (ConfUtils.java:logGet(43)) - raft.server.log.segment.size.max = 1048576 (custom)
2019-09-12 10:31:33,334 [pool-189-thread-1] INFO  server.RaftServerConfigKeys (ConfUtils.java:logGet(43)) - raft.server.log.preallocated.size = 16384 (custom)
2019-09-12 10:31:33,334 [pool-189-thread-1] INFO  server.RaftServerConfigKeys (ConfUtils.java:logGet(43)) - raft.server.log.write.buffer.size = 33554432 (custom)
2019-09-12 10:31:33,334 [pool-189-thread-1] INFO  server.RaftServerConfigKeys (ConfUtils.java:logGet(43)) - raft.server.log.force.sync.num = 128 (default)
2019-09-12 10:31:33,334 [pool-189-thread-1] INFO  server.RaftServerConfigKeys (ConfUtils.java:logGet(43)) - raft.server.log.statemachine.data.sync = true (default)
2019-09-12 10:31:33,334 [pool-189-thread-1] INFO  server.RaftServerConfigKeys (ConfUtils.java:logGet(43)) - raft.server.log.statemachine.data.sync.timeout = 10s (default)
2019-09-12 10:31:33,334 [pool-189-thread-1] INFO  server.RaftServerConfigKeys (ConfUtils.java:logGet(43)) - raft.server.log.statemachine.data.sync.timeout.retry = -1 (default)
2019-09-12 10:31:33,334 [pool-189-thread-1] INFO  server.RaftServerConfigKeys (ConfUtils.java:logGet(43)) - raft.server.log.statemachine.data.caching.enabled = true (custom)
2019-09-12 10:31:33,335 [pool-189-thread-1] INFO  segmented.SegmentedRaftLogWorker (SegmentedRaftLogWorker.java:lambda$new$0(132)) - 9616c881-dbb1-48da-90dd-a872ed779a2e-SegmentedRaftLogWorker:Storage Directory /workdir/hadoop-ozone/integration-test/target/test-dir/MiniOzoneClusterImpl-87a68f7a-76d1-4e01-bf62-4b4b582b7243/datanode-6/data/ratis/b816484d-afdb-4bbe-b172-6be4bdb1f8bd: flushIndex: setUnconditionally 0 -> -1
2019-09-12 10:31:33,335 [pool-189-thread-1] INFO  server.RaftServerConfigKeys (ConfUtils.java:logGet(43)) - raft.server.snapshot.auto.trigger.enabled = true (custom)
2019-09-12 10:31:33,335 [pool-189-thread-1] INFO  server.RaftServerConfigKeys (ConfUtils.java:logGet(43)) - raft.server.snapshot.auto.trigger.threshold = 10000 (custom)
2019-09-12 10:31:33,336 [pool-189-thread-1] INFO  server.RaftServerConfigKeys (ConfUtils.java:logGet(43)) - raft.server.retrycache.expirytime = 600000ms (custom)
2019-09-12 10:31:33,336 [pool-189-thread-1] INFO  impl.RaftServerImpl (RaftServerImpl.java:start(180)) - 9616c881-dbb1-48da-90dd-a872ed779a2e: start group-6BE4BDB1F8BD
2019-09-12 10:31:33,336 [pool-189-thread-1] INFO  impl.RaftServerImpl (RaftServerImpl.java:setRole(171)) - 9616c881-dbb1-48da-90dd-a872ed779a2e:group-6BE4BDB1F8BD changes role from null to FOLLOWER at term 0 for startAsFollower
2019-09-12 10:31:33,336 [pool-189-thread-1] INFO  impl.RoleInfo (RoleInfo.java:updateAndGet(143)) - 9616c881-dbb1-48da-90dd-a872ed779a2e: start FollowerState
2019-09-12 10:31:33,336 [pool-189-thread-1] INFO  util.JmxRegister (JmxRegister.java:tryRegister(44)) - Successfully registered JMX Bean with object name Ratis:service=RaftServer,group=group-6BE4BDB1F8BD,id=9616c881-dbb1-48da-90dd-a872ed779a2e
2019-09-12 10:31:33,340 [RatisPipelineUtilsThread] INFO  pipeline.PipelineStateManager (PipelineStateManager.java:addPipeline(56)) - Created pipeline Pipeline[ Id: b816484d-afdb-4bbe-b172-6be4bdb1f8bd, Nodes: 9616c881-dbb1-48da-90dd-a872ed779a2e{ip: 192.168.36.114, host: pr-hdds-1569-58hkm-1881083799, networkLocation: /default-rack, certSerialId: null}, Type:RATIS, Factor:ONE, State:OPEN]
2019-09-12 10:31:33,340 [RatisPipelineUtilsThread] ERROR pipeline.PipelinePlacementPolicy (PipelinePlacementPolicy.java:meetCriteria(92)) - Pipeline Placement: Doesn't meet the criteria to be viable node. Heaviness: 6
2019-09-12 10:31:33,340 [RatisPipelineUtilsThread] ERROR pipeline.PipelinePlacementPolicy (PipelinePlacementPolicy.java:meetCriteria(92)) - Pipeline Placement: Doesn't meet the criteria to be viable node. Heaviness: 6
2019-09-12 10:31:33,340 [RatisPipelineUtilsThread] ERROR pipeline.PipelinePlacementPolicy (PipelinePlacementPolicy.java:meetCriteria(92)) - Pipeline Placement: Doesn't meet the criteria to be viable node. Heaviness: 6
2019-09-12 10:31:33,341 [RatisPipelineUtilsThread] ERROR pipeline.PipelinePlacementPolicy (PipelinePlacementPolicy.java:meetCriteria(92)) - Pipeline Placement: Doesn't meet the criteria to be viable node. Heaviness: 6
2019-09-12 10:31:33,341 [RatisPipelineUtilsThread] ERROR pipeline.PipelinePlacementPolicy (PipelinePlacementPolicy.java:meetCriteria(92)) - Pipeline Placement: Doesn't meet the criteria to be viable node. Heaviness: 6
2019-09-12 10:31:33,341 [RatisPipelineUtilsThread] ERROR pipeline.PipelinePlacementPolicy (PipelinePlacementPolicy.java:meetCriteria(92)) - Pipeline Placement: Doesn't meet the criteria to be viable node. Heaviness: 6
2019-09-12 10:31:33,345 [grpc-default-executor-0] INFO  impl.RaftServerProxy (RaftServerProxy.java:addNew(89)) - 9616c881-dbb1-48da-90dd-a872ed779a2e: addNew group-E52FAF82D551:[9616c881-dbb1-48da-90dd-a872ed779a2e:192.168.36.114:37081] returns group-E52FAF82D551:java.util.concurrent.CompletableFuture@4c033296[Not completed]
2019-09-12 10:31:33,347 [pool-189-thread-1] INFO  impl.RaftServerImpl (RaftServerImpl.java:<init>(93)) - 9616c881-dbb1-48da-90dd-a872ed779a2e: new RaftServerImpl for group-E52FAF82D551:[9616c881-dbb1-48da-90dd-a872ed779a2e:192.168.36.114:37081] with ContainerStateMachine:uninitialized
2019-09-12 10:31:33,347 [pool-189-thread-1] INFO  server.RaftServerConfigKeys (ConfUtils.java:logGet(43)) - raft.server.rpc.timeout.min = 5s (custom)
2019-09-12 10:31:33,347 [pool-189-thread-1] INFO  server.RaftServerConfigKeys (ConfUtils.java:logGet(43)) - raft.server.rpc.timeout.max = 5200ms (custom)
2019-09-12 10:31:33,347 [pool-189-thread-1] INFO  server.RaftServerConfigKeys (ConfUtils.java:logGet(43)) - raft.server.rpcslowness.timeout = 120s (custom)
2019-09-12 10:31:33,347 [pool-189-thread-1] INFO  server.RaftServerConfigKeys (ConfUtils.java:logGet(43)) - raft.server.sleep.deviation.threshold = 300 (default)
2019-09-12 10:31:33,347 [pool-189-thread-1] INFO  server.RaftServerConfigKeys (ConfUtils.java:logGet(43)) - raft.server.log.appender.install.snapshot.enabled = false (custom)
2019-09-12 10:31:33,347 [pool-189-thread-1] INFO  impl.RaftServerImpl (ServerState.java:<init>(105)) - 9616c881-dbb1-48da-90dd-a872ed779a2e:group-E52FAF82D551 ConfigurationManager, init=-1: [9616c881-dbb1-48da-90dd-a872ed779a2e:192.168.36.114:37081], old=null, confs=<EMPTY_MAP>
2019-09-12 10:31:33,348 [pool-189-thread-1] INFO  server.RaftServerConfigKeys (ConfUtils.java:logGet(43)) - raft.server.storage.dir = [/workdir/hadoop-ozone/integration-test/target/test-dir/MiniOzoneClusterImpl-87a68f7a-76d1-4e01-bf62-4b4b582b7243/datanode-6/data/ratis] (custom)
2019-09-12 10:31:33,348 [pool-189-thread-1] INFO  storage.RaftStorageDirectory (RaftStorageDirectory.java:analyzeStorage(246)) - The storage directory /workdir/hadoop-ozone/integration-test/target/test-dir/MiniOzoneClusterImpl-87a68f7a-76d1-4e01-bf62-4b4b582b7243/datanode-6/data/ratis/80fda428-5e26-4bb6-9d06-e52faf82d551 does not exist. Creating ...
2019-09-12 10:31:33,350 | INFO  | SCMAudit | user=jenkins1000 | ip=192.168.36.114 | op=SEND_HEARTBEAT {datanodeUUID=2d50b591-d6e4-490f-9fa0-973ad5423bd7, command=[]} | ret=SUCCESS |  
2019-09-12 10:31:33,360 [pool-189-thread-1] INFO  storage.RaftStorageDirectory (RaftStorageDirectory.java:tryLock(328)) - Lock on /workdir/hadoop-ozone/integration-test/target/test-dir/MiniOzoneClusterImpl-87a68f7a-76d1-4e01-bf62-4b4b582b7243/datanode-6/data/ratis/80fda428-5e26-4bb6-9d06-e52faf82d551/in_use.lock acquired by nodename 1396@pr-hdds-1569-58hkm-1881083799
2019-09-12 10:31:33,373 [pool-189-thread-1] INFO  storage.RaftStorage (RaftStorage.java:format(72)) - Storage directory /workdir/hadoop-ozone/integration-test/target/test-dir/MiniOzoneClusterImpl-87a68f7a-76d1-4e01-bf62-4b4b582b7243/datanode-6/data/ratis/80fda428-5e26-4bb6-9d06-e52faf82d551 has been successfully formatted.
2019-09-12 10:31:33,373 [pool-189-thread-1] INFO  ratis.ContainerStateMachine (ContainerStateMachine.java:loadSnapshot(226)) - group-E52FAF82D551: The snapshot info is null. Setting the last applied indexto:(t:0, i:~)
2019-09-12 10:31:33,373 [pool-189-thread-1] INFO  server.RaftServerConfigKeys (ConfUtils.java:logGet(43)) - raft.server.leader.election.timeout = 120s (custom)
2019-09-12 10:31:33,373 [pool-189-thread-1] INFO  server.RaftServerConfigKeys (ConfUtils.java:logGet(43)) - raft.server.log.use.memory = false (default)
2019-09-12 10:31:33,374 [pool-189-thread-1] INFO  server.RaftServerConfigKeys (ConfUtils.java:logGet(43)) - raft.server.log.purge.gap = 1000000 (custom)
2019-09-12 10:31:33,374 [pool-189-thread-1] INFO  server.RaftServerConfigKeys (ConfUtils.java:logGet(43)) - raft.server.log.appender.buffer.byte-limit = 33554432 (custom)
2019-09-12 10:31:33,374 [pool-189-thread-1] INFO  server.RaftServerConfigKeys (ConfUtils.java:logGet(43)) - raft.server.log.segment.size.max = 1048576 (custom)
2019-09-12 10:31:33,374 [pool-189-thread-1] INFO  server.RaftServerConfigKeys (ConfUtils.java:logGet(43)) - raft.server.log.segment.cache.num.max = 2 (custom)
2019-09-12 10:31:33,374 [pool-189-thread-1] INFO  segmented.SegmentedRaftLogWorker (SegmentedRaftLogWorker.java:<init>(172)) - new 9616c881-dbb1-48da-90dd-a872ed779a2e-SegmentedRaftLogWorker:Storage Directory /workdir/hadoop-ozone/integration-test/target/test-dir/MiniOzoneClusterImpl-87a68f7a-76d1-4e01-bf62-4b4b582b7243/datanode-6/data/ratis/80fda428-5e26-4bb6-9d06-e52faf82d551 for RaftStorage:Storage Directory /workdir/hadoop-ozone/integration-test/target/test-dir/MiniOzoneClusterImpl-87a68f7a-76d1-4e01-bf62-4b4b582b7243/datanode-6/data/ratis/80fda428-5e26-4bb6-9d06-e52faf82d551
2019-09-12 10:31:33,374 [pool-189-thread-1] INFO  server.RaftServerConfigKeys (ConfUtils.java:logGet(43)) - raft.server.log.queue.byte-limit = 2147483647 (custom)
2019-09-12 10:31:33,374 [pool-189-thread-1] INFO  server.RaftServerConfigKeys (ConfUtils.java:logGet(43)) - raft.server.log.queue.element-limit = 1024 (custom)
2019-09-12 10:31:33,375 [pool-189-thread-1] INFO  server.RaftServerConfigKeys (ConfUtils.java:logGet(43)) - raft.server.log.segment.size.max = 1048576 (custom)
2019-09-12 10:31:33,375 [pool-189-thread-1] INFO  server.RaftServerConfigKeys (ConfUtils.java:logGet(43)) - raft.server.log.preallocated.size = 16384 (custom)
2019-09-12 10:31:33,375 [pool-189-thread-1] INFO  server.RaftServerConfigKeys (ConfUtils.java:logGet(43)) - raft.server.log.write.buffer.size = 33554432 (custom)
2019-09-12 10:31:33,375 [pool-189-thread-1] INFO  server.RaftServerConfigKeys (ConfUtils.java:logGet(43)) - raft.server.log.force.sync.num = 128 (default)
2019-09-12 10:31:33,375 [pool-189-thread-1] INFO  server.RaftServerConfigKeys (ConfUtils.java:logGet(43)) - raft.server.log.statemachine.data.sync = true (default)
2019-09-12 10:31:33,375 [pool-189-thread-1] INFO  server.RaftServerConfigKeys (ConfUtils.java:logGet(43)) - raft.server.log.statemachine.data.sync.timeout = 10s (default)
2019-09-12 10:31:33,375 [pool-189-thread-1] INFO  server.RaftServerConfigKeys (ConfUtils.java:logGet(43)) - raft.server.log.statemachine.data.sync.timeout.retry = -1 (default)
2019-09-12 10:31:33,375 [pool-189-thread-1] INFO  server.RaftServerConfigKeys (ConfUtils.java:logGet(43)) - raft.server.log.statemachine.data.caching.enabled = true (custom)
2019-09-12 10:31:33,376 [pool-189-thread-1] INFO  segmented.SegmentedRaftLogWorker (SegmentedRaftLogWorker.java:lambda$new$0(132)) - 9616c881-dbb1-48da-90dd-a872ed779a2e-SegmentedRaftLogWorker:Storage Directory /workdir/hadoop-ozone/integration-test/target/test-dir/MiniOzoneClusterImpl-87a68f7a-76d1-4e01-bf62-4b4b582b7243/datanode-6/data/ratis/80fda428-5e26-4bb6-9d06-e52faf82d551: flushIndex: setUnconditionally 0 -> -1
2019-09-12 10:31:33,376 [pool-189-thread-1] INFO  server.RaftServerConfigKeys (ConfUtils.java:logGet(43)) - raft.server.snapshot.auto.trigger.enabled = true (custom)
2019-09-12 10:31:33,376 [pool-189-thread-1] INFO  server.RaftServerConfigKeys (ConfUtils.java:logGet(43)) - raft.server.snapshot.auto.trigger.threshold = 10000 (custom)
2019-09-12 10:31:33,376 [pool-189-thread-1] INFO  server.RaftServerConfigKeys (ConfUtils.java:logGet(43)) - raft.server.retrycache.expirytime = 600000ms (custom)
2019-09-12 10:31:33,376 [pool-189-thread-1] INFO  impl.RaftServerImpl (RaftServerImpl.java:start(180)) - 9616c881-dbb1-48da-90dd-a872ed779a2e: start group-E52FAF82D551
2019-09-12 10:31:33,377 [pool-189-thread-1] INFO  impl.RaftServerImpl (RaftServerImpl.java:setRole(171)) - 9616c881-dbb1-48da-90dd-a872ed779a2e:group-E52FAF82D551 changes role from null to FOLLOWER at term 0 for startAsFollower
2019-09-12 10:31:33,377 [pool-189-thread-1] INFO  impl.RoleInfo (RoleInfo.java:updateAndGet(143)) - 9616c881-dbb1-48da-90dd-a872ed779a2e: start FollowerState
2019-09-12 10:31:33,377 [pool-189-thread-1] INFO  util.JmxRegister (JmxRegister.java:tryRegister(44)) - Successfully registered JMX Bean with object name Ratis:service=RaftServer,group=group-E52FAF82D551,id=9616c881-dbb1-48da-90dd-a872ed779a2e
2019-09-12 10:31:33,380 [RatisPipelineUtilsThread] INFO  pipeline.PipelineStateManager (PipelineStateManager.java:addPipeline(56)) - Created pipeline Pipeline[ Id: 80fda428-5e26-4bb6-9d06-e52faf82d551, Nodes: 9616c881-dbb1-48da-90dd-a872ed779a2e{ip: 192.168.36.114, host: pr-hdds-1569-58hkm-1881083799, networkLocation: /default-rack, certSerialId: null}, Type:RATIS, Factor:ONE, State:OPEN]
2019-09-12 10:31:33,380 [RatisPipelineUtilsThread] ERROR pipeline.PipelinePlacementPolicy (PipelinePlacementPolicy.java:meetCriteria(92)) - Pipeline Placement: Doesn't meet the criteria to be viable node. Heaviness: 6
2019-09-12 10:31:33,380 [RatisPipelineUtilsThread] ERROR pipeline.PipelinePlacementPolicy (PipelinePlacementPolicy.java:meetCriteria(92)) - Pipeline Placement: Doesn't meet the criteria to be viable node. Heaviness: 6
2019-09-12 10:31:33,381 [RatisPipelineUtilsThread] ERROR pipeline.PipelinePlacementPolicy (PipelinePlacementPolicy.java:meetCriteria(92)) - Pipeline Placement: Doesn't meet the criteria to be viable node. Heaviness: 6
2019-09-12 10:31:33,381 [RatisPipelineUtilsThread] ERROR pipeline.PipelinePlacementPolicy (PipelinePlacementPolicy.java:meetCriteria(92)) - Pipeline Placement: Doesn't meet the criteria to be viable node. Heaviness: 6
2019-09-12 10:31:33,381 [RatisPipelineUtilsThread] ERROR pipeline.PipelinePlacementPolicy (PipelinePlacementPolicy.java:meetCriteria(92)) - Pipeline Placement: Doesn't meet the criteria to be viable node. Heaviness: 6
2019-09-12 10:31:33,381 [RatisPipelineUtilsThread] ERROR pipeline.PipelinePlacementPolicy (PipelinePlacementPolicy.java:meetCriteria(92)) - Pipeline Placement: Doesn't meet the criteria to be viable node. Heaviness: 6
2019-09-12 10:31:33,386 [grpc-default-executor-0] INFO  impl.RaftServerProxy (RaftServerProxy.java:addNew(89)) - 9616c881-dbb1-48da-90dd-a872ed779a2e: addNew group-C6F02A7447F5:[9616c881-dbb1-48da-90dd-a872ed779a2e:192.168.36.114:37081] returns group-C6F02A7447F5:java.util.concurrent.CompletableFuture@616a30c6[Not completed]
2019-09-12 10:31:33,387 [pool-189-thread-1] INFO  impl.RaftServerImpl (RaftServerImpl.java:<init>(93)) - 9616c881-dbb1-48da-90dd-a872ed779a2e: new RaftServerImpl for group-C6F02A7447F5:[9616c881-dbb1-48da-90dd-a872ed779a2e:192.168.36.114:37081] with ContainerStateMachine:uninitialized
2019-09-12 10:31:33,387 [pool-189-thread-1] INFO  server.RaftServerConfigKeys (ConfUtils.java:logGet(43)) - raft.server.rpc.timeout.min = 5s (custom)
2019-09-12 10:31:33,387 [pool-189-thread-1] INFO  server.RaftServerConfigKeys (ConfUtils.java:logGet(43)) - raft.server.rpc.timeout.max = 5200ms (custom)
2019-09-12 10:31:33,387 [pool-189-thread-1] INFO  server.RaftServerConfigKeys (ConfUtils.java:logGet(43)) - raft.server.rpcslowness.timeout = 120s (custom)
2019-09-12 10:31:33,388 [pool-189-thread-1] INFO  server.RaftServerConfigKeys (ConfUtils.java:logGet(43)) - raft.server.sleep.deviation.threshold = 300 (default)
2019-09-12 10:31:33,388 [pool-189-thread-1] INFO  server.RaftServerConfigKeys (ConfUtils.java:logGet(43)) - raft.server.log.appender.install.snapshot.enabled = false (custom)
2019-09-12 10:31:33,388 [pool-189-thread-1] INFO  impl.RaftServerImpl (ServerState.java:<init>(105)) - 9616c881-dbb1-48da-90dd-a872ed779a2e:group-C6F02A7447F5 ConfigurationManager, init=-1: [9616c881-dbb1-48da-90dd-a872ed779a2e:192.168.36.114:37081], old=null, confs=<EMPTY_MAP>
2019-09-12 10:31:33,388 [pool-189-thread-1] INFO  server.RaftServerConfigKeys (ConfUtils.java:logGet(43)) - raft.server.storage.dir = [/workdir/hadoop-ozone/integration-test/target/test-dir/MiniOzoneClusterImpl-87a68f7a-76d1-4e01-bf62-4b4b582b7243/datanode-6/data/ratis] (custom)
2019-09-12 10:31:33,388 [pool-189-thread-1] INFO  storage.RaftStorageDirectory (RaftStorageDirectory.java:analyzeStorage(246)) - The storage directory /workdir/hadoop-ozone/integration-test/target/test-dir/MiniOzoneClusterImpl-87a68f7a-76d1-4e01-bf62-4b4b582b7243/datanode-6/data/ratis/908df263-251a-4de7-8d9c-c6f02a7447f5 does not exist. Creating ...
2019-09-12 10:31:33,405 | INFO  | SCMAudit | user=jenkins1000 | ip=192.168.36.114 | op=SEND_HEARTBEAT {datanodeUUID=c1e71898-521f-4627-a3f1-9884c4b96ced, command=[]} | ret=SUCCESS |  
2019-09-12 10:31:33,415 [pool-189-thread-1] INFO  storage.RaftStorageDirectory (RaftStorageDirectory.java:tryLock(328)) - Lock on /workdir/hadoop-ozone/integration-test/target/test-dir/MiniOzoneClusterImpl-87a68f7a-76d1-4e01-bf62-4b4b582b7243/datanode-6/data/ratis/908df263-251a-4de7-8d9c-c6f02a7447f5/in_use.lock acquired by nodename 1396@pr-hdds-1569-58hkm-1881083799
2019-09-12 10:31:33,446 [pool-189-thread-1] INFO  storage.RaftStorage (RaftStorage.java:format(72)) - Storage directory /workdir/hadoop-ozone/integration-test/target/test-dir/MiniOzoneClusterImpl-87a68f7a-76d1-4e01-bf62-4b4b582b7243/datanode-6/data/ratis/908df263-251a-4de7-8d9c-c6f02a7447f5 has been successfully formatted.
2019-09-12 10:31:33,446 [pool-189-thread-1] INFO  ratis.ContainerStateMachine (ContainerStateMachine.java:loadSnapshot(226)) - group-C6F02A7447F5: The snapshot info is null. Setting the last applied indexto:(t:0, i:~)
2019-09-12 10:31:33,446 [pool-189-thread-1] INFO  server.RaftServerConfigKeys (ConfUtils.java:logGet(43)) - raft.server.leader.election.timeout = 120s (custom)
2019-09-12 10:31:33,446 [pool-189-thread-1] INFO  server.RaftServerConfigKeys (ConfUtils.java:logGet(43)) - raft.server.log.use.memory = false (default)
2019-09-12 10:31:33,447 [pool-189-thread-1] INFO  server.RaftServerConfigKeys (ConfUtils.java:logGet(43)) - raft.server.log.purge.gap = 1000000 (custom)
2019-09-12 10:31:33,447 [pool-189-thread-1] INFO  server.RaftServerConfigKeys (ConfUtils.java:logGet(43)) - raft.server.log.appender.buffer.byte-limit = 33554432 (custom)
2019-09-12 10:31:33,447 [pool-189-thread-1] INFO  server.RaftServerConfigKeys (ConfUtils.java:logGet(43)) - raft.server.log.segment.size.max = 1048576 (custom)
2019-09-12 10:31:33,447 [pool-189-thread-1] INFO  server.RaftServerConfigKeys (ConfUtils.java:logGet(43)) - raft.server.log.segment.cache.num.max = 2 (custom)
2019-09-12 10:31:33,447 [pool-189-thread-1] INFO  segmented.SegmentedRaftLogWorker (SegmentedRaftLogWorker.java:<init>(172)) - new 9616c881-dbb1-48da-90dd-a872ed779a2e-SegmentedRaftLogWorker:Storage Directory /workdir/hadoop-ozone/integration-test/target/test-dir/MiniOzoneClusterImpl-87a68f7a-76d1-4e01-bf62-4b4b582b7243/datanode-6/data/ratis/908df263-251a-4de7-8d9c-c6f02a7447f5 for RaftStorage:Storage Directory /workdir/hadoop-ozone/integration-test/target/test-dir/MiniOzoneClusterImpl-87a68f7a-76d1-4e01-bf62-4b4b582b7243/datanode-6/data/ratis/908df263-251a-4de7-8d9c-c6f02a7447f5
2019-09-12 10:31:33,448 [pool-189-thread-1] INFO  server.RaftServerConfigKeys (ConfUtils.java:logGet(43)) - raft.server.log.queue.byte-limit = 2147483647 (custom)
2019-09-12 10:31:33,448 [pool-189-thread-1] INFO  server.RaftServerConfigKeys (ConfUtils.java:logGet(43)) - raft.server.log.queue.element-limit = 1024 (custom)
2019-09-12 10:31:33,448 [pool-189-thread-1] INFO  server.RaftServerConfigKeys (ConfUtils.java:logGet(43)) - raft.server.log.segment.size.max = 1048576 (custom)
2019-09-12 10:31:33,448 [pool-189-thread-1] INFO  server.RaftServerConfigKeys (ConfUtils.java:logGet(43)) - raft.server.log.preallocated.size = 16384 (custom)
2019-09-12 10:31:33,448 [pool-189-thread-1] INFO  server.RaftServerConfigKeys (ConfUtils.java:logGet(43)) - raft.server.log.write.buffer.size = 33554432 (custom)
2019-09-12 10:31:33,448 [pool-189-thread-1] INFO  server.RaftServerConfigKeys (ConfUtils.java:logGet(43)) - raft.server.log.force.sync.num = 128 (default)
2019-09-12 10:31:33,448 [pool-189-thread-1] INFO  server.RaftServerConfigKeys (ConfUtils.java:logGet(43)) - raft.server.log.statemachine.data.sync = true (default)
2019-09-12 10:31:33,449 [pool-189-thread-1] INFO  server.RaftServerConfigKeys (ConfUtils.java:logGet(43)) - raft.server.log.statemachine.data.sync.timeout = 10s (default)
2019-09-12 10:31:33,449 [pool-189-thread-1] INFO  server.RaftServerConfigKeys (ConfUtils.java:logGet(43)) - raft.server.log.statemachine.data.sync.timeout.retry = -1 (default)
2019-09-12 10:31:33,449 [pool-189-thread-1] INFO  server.RaftServerConfigKeys (ConfUtils.java:logGet(43)) - raft.server.log.statemachine.data.caching.enabled = true (custom)
2019-09-12 10:31:33,449 [pool-189-thread-1] INFO  segmented.SegmentedRaftLogWorker (SegmentedRaftLogWorker.java:lambda$new$0(132)) - 9616c881-dbb1-48da-90dd-a872ed779a2e-SegmentedRaftLogWorker:Storage Directory /workdir/hadoop-ozone/integration-test/target/test-dir/MiniOzoneClusterImpl-87a68f7a-76d1-4e01-bf62-4b4b582b7243/datanode-6/data/ratis/908df263-251a-4de7-8d9c-c6f02a7447f5: flushIndex: setUnconditionally 0 -> -1
2019-09-12 10:31:33,450 [pool-189-thread-1] INFO  server.RaftServerConfigKeys (ConfUtils.java:logGet(43)) - raft.server.snapshot.auto.trigger.enabled = true (custom)
2019-09-12 10:31:33,450 [pool-189-thread-1] INFO  server.RaftServerConfigKeys (ConfUtils.java:logGet(43)) - raft.server.snapshot.auto.trigger.threshold = 10000 (custom)
2019-09-12 10:31:33,450 [pool-189-thread-1] INFO  server.RaftServerConfigKeys (ConfUtils.java:logGet(43)) - raft.server.retrycache.expirytime = 600000ms (custom)
2019-09-12 10:31:33,450 [pool-189-thread-1] INFO  impl.RaftServerImpl (RaftServerImpl.java:start(180)) - 9616c881-dbb1-48da-90dd-a872ed779a2e: start group-C6F02A7447F5
2019-09-12 10:31:33,450 [pool-189-thread-1] INFO  impl.RaftServerImpl (RaftServerImpl.java:setRole(171)) - 9616c881-dbb1-48da-90dd-a872ed779a2e:group-C6F02A7447F5 changes role from null to FOLLOWER at term 0 for startAsFollower
2019-09-12 10:31:33,451 [pool-189-thread-1] INFO  impl.RoleInfo (RoleInfo.java:updateAndGet(143)) - 9616c881-dbb1-48da-90dd-a872ed779a2e: start FollowerState
2019-09-12 10:31:33,451 [pool-189-thread-1] INFO  util.JmxRegister (JmxRegister.java:tryRegister(44)) - Successfully registered JMX Bean with object name Ratis:service=RaftServer,group=group-C6F02A7447F5,id=9616c881-dbb1-48da-90dd-a872ed779a2e
2019-09-12 10:31:33,454 [RatisPipelineUtilsThread] INFO  pipeline.PipelineStateManager (PipelineStateManager.java:addPipeline(56)) - Created pipeline Pipeline[ Id: 908df263-251a-4de7-8d9c-c6f02a7447f5, Nodes: 9616c881-dbb1-48da-90dd-a872ed779a2e{ip: 192.168.36.114, host: pr-hdds-1569-58hkm-1881083799, networkLocation: /default-rack, certSerialId: null}, Type:RATIS, Factor:ONE, State:OPEN]
2019-09-12 10:31:33,454 [RatisPipelineUtilsThread] ERROR pipeline.PipelinePlacementPolicy (PipelinePlacementPolicy.java:meetCriteria(92)) - Pipeline Placement: Doesn't meet the criteria to be viable node. Heaviness: 6
2019-09-12 10:31:33,455 [RatisPipelineUtilsThread] ERROR pipeline.PipelinePlacementPolicy (PipelinePlacementPolicy.java:meetCriteria(92)) - Pipeline Placement: Doesn't meet the criteria to be viable node. Heaviness: 6
2019-09-12 10:31:33,455 [RatisPipelineUtilsThread] ERROR pipeline.PipelinePlacementPolicy (PipelinePlacementPolicy.java:meetCriteria(92)) - Pipeline Placement: Doesn't meet the criteria to be viable node. Heaviness: 6
2019-09-12 10:31:33,455 [RatisPipelineUtilsThread] ERROR pipeline.PipelinePlacementPolicy (PipelinePlacementPolicy.java:meetCriteria(92)) - Pipeline Placement: Doesn't meet the criteria to be viable node. Heaviness: 6
2019-09-12 10:31:33,455 [RatisPipelineUtilsThread] ERROR pipeline.PipelinePlacementPolicy (PipelinePlacementPolicy.java:meetCriteria(92)) - Pipeline Placement: Doesn't meet the criteria to be viable node. Heaviness: 6
2019-09-12 10:31:33,455 [RatisPipelineUtilsThread] ERROR pipeline.PipelinePlacementPolicy (PipelinePlacementPolicy.java:meetCriteria(92)) - Pipeline Placement: Doesn't meet the criteria to be viable node. Heaviness: 6
2019-09-12 10:31:33,461 [grpc-default-executor-0] INFO  impl.RaftServerProxy (RaftServerProxy.java:addNew(89)) - 9616c881-dbb1-48da-90dd-a872ed779a2e: addNew group-EA3377260C7E:[9616c881-dbb1-48da-90dd-a872ed779a2e:192.168.36.114:37081] returns group-EA3377260C7E:java.util.concurrent.CompletableFuture@45774c69[Not completed]
2019-09-12 10:31:33,462 [pool-189-thread-1] INFO  impl.RaftServerImpl (RaftServerImpl.java:<init>(93)) - 9616c881-dbb1-48da-90dd-a872ed779a2e: new RaftServerImpl for group-EA3377260C7E:[9616c881-dbb1-48da-90dd-a872ed779a2e:192.168.36.114:37081] with ContainerStateMachine:uninitialized
2019-09-12 10:31:33,463 [pool-189-thread-1] INFO  server.RaftServerConfigKeys (ConfUtils.java:logGet(43)) - raft.server.rpc.timeout.min = 5s (custom)
2019-09-12 10:31:33,463 [pool-189-thread-1] INFO  server.RaftServerConfigKeys (ConfUtils.java:logGet(43)) - raft.server.rpc.timeout.max = 5200ms (custom)
2019-09-12 10:31:33,463 [pool-189-thread-1] INFO  server.RaftServerConfigKeys (ConfUtils.java:logGet(43)) - raft.server.rpcslowness.timeout = 120s (custom)
2019-09-12 10:31:33,463 [pool-189-thread-1] INFO  server.RaftServerConfigKeys (ConfUtils.java:logGet(43)) - raft.server.sleep.deviation.threshold = 300 (default)
2019-09-12 10:31:33,463 [pool-189-thread-1] INFO  server.RaftServerConfigKeys (ConfUtils.java:logGet(43)) - raft.server.log.appender.install.snapshot.enabled = false (custom)
2019-09-12 10:31:33,463 [pool-189-thread-1] INFO  impl.RaftServerImpl (ServerState.java:<init>(105)) - 9616c881-dbb1-48da-90dd-a872ed779a2e:group-EA3377260C7E ConfigurationManager, init=-1: [9616c881-dbb1-48da-90dd-a872ed779a2e:192.168.36.114:37081], old=null, confs=<EMPTY_MAP>
2019-09-12 10:31:33,463 [pool-189-thread-1] INFO  server.RaftServerConfigKeys (ConfUtils.java:logGet(43)) - raft.server.storage.dir = [/workdir/hadoop-ozone/integration-test/target/test-dir/MiniOzoneClusterImpl-87a68f7a-76d1-4e01-bf62-4b4b582b7243/datanode-6/data/ratis] (custom)
2019-09-12 10:31:33,464 [pool-189-thread-1] INFO  storage.RaftStorageDirectory (RaftStorageDirectory.java:analyzeStorage(246)) - The storage directory /workdir/hadoop-ozone/integration-test/target/test-dir/MiniOzoneClusterImpl-87a68f7a-76d1-4e01-bf62-4b4b582b7243/datanode-6/data/ratis/2d69097b-9de3-4c54-a0b6-ea3377260c7e does not exist. Creating ...
2019-09-12 10:31:33,478 [pool-189-thread-1] INFO  storage.RaftStorageDirectory (RaftStorageDirectory.java:tryLock(328)) - Lock on /workdir/hadoop-ozone/integration-test/target/test-dir/MiniOzoneClusterImpl-87a68f7a-76d1-4e01-bf62-4b4b582b7243/datanode-6/data/ratis/2d69097b-9de3-4c54-a0b6-ea3377260c7e/in_use.lock acquired by nodename 1396@pr-hdds-1569-58hkm-1881083799
2019-09-12 10:31:33,490 [pool-189-thread-1] INFO  storage.RaftStorage (RaftStorage.java:format(72)) - Storage directory /workdir/hadoop-ozone/integration-test/target/test-dir/MiniOzoneClusterImpl-87a68f7a-76d1-4e01-bf62-4b4b582b7243/datanode-6/data/ratis/2d69097b-9de3-4c54-a0b6-ea3377260c7e has been successfully formatted.
2019-09-12 10:31:33,491 [pool-189-thread-1] INFO  ratis.ContainerStateMachine (ContainerStateMachine.java:loadSnapshot(226)) - group-EA3377260C7E: The snapshot info is null. Setting the last applied indexto:(t:0, i:~)
2019-09-12 10:31:33,491 [pool-189-thread-1] INFO  server.RaftServerConfigKeys (ConfUtils.java:logGet(43)) - raft.server.leader.election.timeout = 120s (custom)
2019-09-12 10:31:33,491 [pool-189-thread-1] INFO  server.RaftServerConfigKeys (ConfUtils.java:logGet(43)) - raft.server.log.use.memory = false (default)
2019-09-12 10:31:33,491 [pool-189-thread-1] INFO  server.RaftServerConfigKeys (ConfUtils.java:logGet(43)) - raft.server.log.purge.gap = 1000000 (custom)
2019-09-12 10:31:33,491 [pool-189-thread-1] INFO  server.RaftServerConfigKeys (ConfUtils.java:logGet(43)) - raft.server.log.appender.buffer.byte-limit = 33554432 (custom)
2019-09-12 10:31:33,491 [pool-189-thread-1] INFO  server.RaftServerConfigKeys (ConfUtils.java:logGet(43)) - raft.server.log.segment.size.max = 1048576 (custom)
2019-09-12 10:31:33,491 [pool-189-thread-1] INFO  server.RaftServerConfigKeys (ConfUtils.java:logGet(43)) - raft.server.log.segment.cache.num.max = 2 (custom)
2019-09-12 10:31:33,492 [pool-189-thread-1] INFO  segmented.SegmentedRaftLogWorker (SegmentedRaftLogWorker.java:<init>(172)) - new 9616c881-dbb1-48da-90dd-a872ed779a2e-SegmentedRaftLogWorker:Storage Directory /workdir/hadoop-ozone/integration-test/target/test-dir/MiniOzoneClusterImpl-87a68f7a-76d1-4e01-bf62-4b4b582b7243/datanode-6/data/ratis/2d69097b-9de3-4c54-a0b6-ea3377260c7e for RaftStorage:Storage Directory /workdir/hadoop-ozone/integration-test/target/test-dir/MiniOzoneClusterImpl-87a68f7a-76d1-4e01-bf62-4b4b582b7243/datanode-6/data/ratis/2d69097b-9de3-4c54-a0b6-ea3377260c7e
2019-09-12 10:31:33,492 [pool-189-thread-1] INFO  server.RaftServerConfigKeys (ConfUtils.java:logGet(43)) - raft.server.log.queue.byte-limit = 2147483647 (custom)
2019-09-12 10:31:33,492 [pool-189-thread-1] INFO  server.RaftServerConfigKeys (ConfUtils.java:logGet(43)) - raft.server.log.queue.element-limit = 1024 (custom)
2019-09-12 10:31:33,492 [pool-189-thread-1] INFO  server.RaftServerConfigKeys (ConfUtils.java:logGet(43)) - raft.server.log.segment.size.max = 1048576 (custom)
2019-09-12 10:31:33,492 [pool-189-thread-1] INFO  server.RaftServerConfigKeys (ConfUtils.java:logGet(43)) - raft.server.log.preallocated.size = 16384 (custom)
2019-09-12 10:31:33,492 [pool-189-thread-1] INFO  server.RaftServerConfigKeys (ConfUtils.java:logGet(43)) - raft.server.log.write.buffer.size = 33554432 (custom)
2019-09-12 10:31:33,492 [pool-189-thread-1] INFO  server.RaftServerConfigKeys (ConfUtils.java:logGet(43)) - raft.server.log.force.sync.num = 128 (default)
2019-09-12 10:31:33,493 [pool-189-thread-1] INFO  server.RaftServerConfigKeys (ConfUtils.java:logGet(43)) - raft.server.log.statemachine.data.sync = true (default)
2019-09-12 10:31:33,493 [pool-189-thread-1] INFO  server.RaftServerConfigKeys (ConfUtils.java:logGet(43)) - raft.server.log.statemachine.data.sync.timeout = 10s (default)
2019-09-12 10:31:33,493 [pool-189-thread-1] INFO  server.RaftServerConfigKeys (ConfUtils.java:logGet(43)) - raft.server.log.statemachine.data.sync.timeout.retry = -1 (default)
2019-09-12 10:31:33,493 [pool-189-thread-1] INFO  server.RaftServerConfigKeys (ConfUtils.java:logGet(43)) - raft.server.log.statemachine.data.caching.enabled = true (custom)
2019-09-12 10:31:33,493 [pool-189-thread-1] INFO  segmented.SegmentedRaftLogWorker (SegmentedRaftLogWorker.java:lambda$new$0(132)) - 9616c881-dbb1-48da-90dd-a872ed779a2e-SegmentedRaftLogWorker:Storage Directory /workdir/hadoop-ozone/integration-test/target/test-dir/MiniOzoneClusterImpl-87a68f7a-76d1-4e01-bf62-4b4b582b7243/datanode-6/data/ratis/2d69097b-9de3-4c54-a0b6-ea3377260c7e: flushIndex: setUnconditionally 0 -> -1
2019-09-12 10:31:33,494 [pool-189-thread-1] INFO  server.RaftServerConfigKeys (ConfUtils.java:logGet(43)) - raft.server.snapshot.auto.trigger.enabled = true (custom)
2019-09-12 10:31:33,494 [pool-189-thread-1] INFO  server.RaftServerConfigKeys (ConfUtils.java:logGet(43)) - raft.server.snapshot.auto.trigger.threshold = 10000 (custom)
2019-09-12 10:31:33,494 [pool-189-thread-1] INFO  server.RaftServerConfigKeys (ConfUtils.java:logGet(43)) - raft.server.retrycache.expirytime = 600000ms (custom)
2019-09-12 10:31:33,494 [pool-189-thread-1] INFO  impl.RaftServerImpl (RaftServerImpl.java:start(180)) - 9616c881-dbb1-48da-90dd-a872ed779a2e: start group-EA3377260C7E
2019-09-12 10:31:33,494 [pool-189-thread-1] INFO  impl.RaftServerImpl (RaftServerImpl.java:setRole(171)) - 9616c881-dbb1-48da-90dd-a872ed779a2e:group-EA3377260C7E changes role from null to FOLLOWER at term 0 for startAsFollower
2019-09-12 10:31:33,495 [pool-189-thread-1] INFO  impl.RoleInfo (RoleInfo.java:updateAndGet(143)) - 9616c881-dbb1-48da-90dd-a872ed779a2e: start FollowerState
2019-09-12 10:31:33,495 [pool-189-thread-1] INFO  util.JmxRegister (JmxRegister.java:tryRegister(44)) - Successfully registered JMX Bean with object name Ratis:service=RaftServer,group=group-EA3377260C7E,id=9616c881-dbb1-48da-90dd-a872ed779a2e
2019-09-12 10:31:33,498 [RatisPipelineUtilsThread] INFO  pipeline.PipelineStateManager (PipelineStateManager.java:addPipeline(56)) - Created pipeline Pipeline[ Id: 2d69097b-9de3-4c54-a0b6-ea3377260c7e, Nodes: 9616c881-dbb1-48da-90dd-a872ed779a2e{ip: 192.168.36.114, host: pr-hdds-1569-58hkm-1881083799, networkLocation: /default-rack, certSerialId: null}, Type:RATIS, Factor:ONE, State:OPEN]
2019-09-12 10:31:33,498 [RatisPipelineUtilsThread] ERROR pipeline.PipelinePlacementPolicy (PipelinePlacementPolicy.java:meetCriteria(92)) - Pipeline Placement: Doesn't meet the criteria to be viable node. Heaviness: 6
2019-09-12 10:31:33,498 [RatisPipelineUtilsThread] ERROR pipeline.PipelinePlacementPolicy (PipelinePlacementPolicy.java:meetCriteria(92)) - Pipeline Placement: Doesn't meet the criteria to be viable node. Heaviness: 6
2019-09-12 10:31:33,498 [RatisPipelineUtilsThread] ERROR pipeline.PipelinePlacementPolicy (PipelinePlacementPolicy.java:meetCriteria(92)) - Pipeline Placement: Doesn't meet the criteria to be viable node. Heaviness: 6
2019-09-12 10:31:33,498 [RatisPipelineUtilsThread] ERROR pipeline.PipelinePlacementPolicy (PipelinePlacementPolicy.java:meetCriteria(92)) - Pipeline Placement: Doesn't meet the criteria to be viable node. Heaviness: 6
2019-09-12 10:31:33,499 [RatisPipelineUtilsThread] ERROR pipeline.PipelinePlacementPolicy (PipelinePlacementPolicy.java:meetCriteria(92)) - Pipeline Placement: Doesn't meet the criteria to be viable node. Heaviness: 6
2019-09-12 10:31:33,499 [RatisPipelineUtilsThread] ERROR pipeline.PipelinePlacementPolicy (PipelinePlacementPolicy.java:meetCriteria(92)) - Pipeline Placement: Doesn't meet the criteria to be viable node. Heaviness: 6
2019-09-12 10:31:33,499 [RatisPipelineUtilsThread] ERROR pipeline.PipelinePlacementPolicy (PipelinePlacementPolicy.java:meetCriteria(92)) - Pipeline Placement: Doesn't meet the criteria to be viable node. Heaviness: 6
2019-09-12 10:31:33,499 [RatisPipelineUtilsThread] ERROR pipeline.PipelinePlacementPolicy (PipelinePlacementPolicy.java:filterViableNodes(147)) - Unable to find enough nodes that meet the criteria that cannot engage in more than 5 pipelines. Nodes required: 1 Found: 0, healthy nodes count inNodeManager: 7.
2019-09-12 10:31:33,499 [RatisPipelineUtilsThread] ERROR pipeline.SCMPipelineManager (SCMPipelineManager.java:createPipeline(161)) - Pipeline creation failed due to exception: Unable to find enough nodes that meet the criteria that cannot engage in more than 5 pipelines. Nodes required: 1 Found: 0, healthy nodes count inNodeManager: 7.
2019-09-12 10:31:33,499 [RatisPipelineUtilsThread] ERROR pipeline.PipelinePlacementPolicy (PipelinePlacementPolicy.java:meetCriteria(92)) - Pipeline Placement: Doesn't meet the criteria to be viable node. Heaviness: 6
2019-09-12 10:31:33,500 [RatisPipelineUtilsThread] ERROR pipeline.PipelinePlacementPolicy (PipelinePlacementPolicy.java:meetCriteria(92)) - Pipeline Placement: Doesn't meet the criteria to be viable node. Heaviness: 6
2019-09-12 10:31:33,500 [RatisPipelineUtilsThread] ERROR pipeline.PipelinePlacementPolicy (PipelinePlacementPolicy.java:meetCriteria(92)) - Pipeline Placement: Doesn't meet the criteria to be viable node. Heaviness: 6
2019-09-12 10:31:33,500 [RatisPipelineUtilsThread] ERROR pipeline.PipelinePlacementPolicy (PipelinePlacementPolicy.java:meetCriteria(92)) - Pipeline Placement: Doesn't meet the criteria to be viable node. Heaviness: 6
2019-09-12 10:31:33,500 [RatisPipelineUtilsThread] ERROR pipeline.PipelinePlacementPolicy (PipelinePlacementPolicy.java:meetCriteria(92)) - Pipeline Placement: Doesn't meet the criteria to be viable node. Heaviness: 6
2019-09-12 10:31:33,500 [RatisPipelineUtilsThread] ERROR pipeline.PipelinePlacementPolicy (PipelinePlacementPolicy.java:meetCriteria(92)) - Pipeline Placement: Doesn't meet the criteria to be viable node. Heaviness: 6
2019-09-12 10:31:33,500 [RatisPipelineUtilsThread] ERROR pipeline.PipelinePlacementPolicy (PipelinePlacementPolicy.java:meetCriteria(92)) - Pipeline Placement: Doesn't meet the criteria to be viable node. Heaviness: 6
2019-09-12 10:31:33,501 [RatisPipelineUtilsThread] ERROR pipeline.PipelinePlacementPolicy (PipelinePlacementPolicy.java:filterViableNodes(147)) - Unable to find enough nodes that meet the criteria that cannot engage in more than 5 pipelines. Nodes required: 3 Found: 0, healthy nodes count inNodeManager: 7.
2019-09-12 10:31:33,501 [RatisPipelineUtilsThread] ERROR pipeline.SCMPipelineManager (SCMPipelineManager.java:createPipeline(161)) - Pipeline creation failed due to exception: Unable to find enough nodes that meet the criteria that cannot engage in more than 5 pipelines. Nodes required: 3 Found: 0, healthy nodes count inNodeManager: 7.
2019-09-12 10:31:33,598 | INFO  | SCMAudit | user=jenkins1000 | ip=192.168.36.114 | op=SEND_HEARTBEAT {datanodeUUID=22ce2f4b-d517-44cf-8041-712d813e08f3, command=[]} | ret=SUCCESS |  
2019-09-12 10:31:33,751 | INFO  | SCMAudit | user=jenkins1000 | ip=192.168.36.114 | op=SEND_HEARTBEAT {datanodeUUID=eaeff1e2-de9c-4510-872d-283eb6c3c330, command=[]} | ret=SUCCESS |  
2019-09-12 10:31:33,751 | INFO  | SCMAudit | user=jenkins1000 | ip=192.168.36.114 | op=SEND_HEARTBEAT {datanodeUUID=f17b4253-95a0-4ee6-8ded-88f070f15b33, command=[]} | ret=SUCCESS |  
2019-09-12 10:31:33,828 | INFO  | SCMAudit | user=jenkins1000 | ip=192.168.36.114 | op=SEND_HEARTBEAT {datanodeUUID=39df7a3f-9691-48d4-a2b1-6888489a5f8a, command=[]} | ret=SUCCESS |  
2019-09-12 10:31:33,828 | INFO  | SCMAudit | user=jenkins1000 | ip=192.168.36.114 | op=SEND_HEARTBEAT {datanodeUUID=c9031a36-5f7c-4098-8bea-8a46141708a6, command=[]} | ret=SUCCESS |  
2019-09-12 10:31:33,856 [main] INFO  ozone.MiniOzoneClusterImpl (MiniOzoneClusterImpl.java:lambda$waitForClusterToBeReady$0(142)) - Cluster is ready. Got 7 of 7 DN Heartbeats.
2019-09-12 10:31:33,916 [main] INFO  rpc.RpcClient (RpcClient.java:createVolume(293)) - Creating Volume: watchforcommithandlingtest, with jenkins1000 as owner.
2019-09-12 10:31:33,933 | INFO  | OMAudit | user=jenkins1000 | ip=127.0.0.1 | op=CREATE_VOLUME {admin=jenkins1000, owner=jenkins1000, volume=watchforcommithandlingtest, creationTime=1568284293919, quotaInBytes=1152921504606846976} | ret=SUCCESS |  
2019-09-12 10:31:33,954 | INFO  | OMAudit | user=jenkins1000 | ip=127.0.0.1 | op=READ_VOLUME {volume=watchforcommithandlingtest} | ret=SUCCESS |  
2019-09-12 10:31:33,955 [main] INFO  rpc.RpcClient (RpcClient.java:createBucket(432)) - Creating Bucket: watchforcommithandlingtest/watchforcommithandlingtest, with Versioning false and Storage Type set to DISK and Encryption set to false 
2019-09-12 10:31:33,962 | INFO  | OMAudit | user=jenkins1000 | ip=127.0.0.1 | op=CREATE_BUCKET {volume=watchforcommithandlingtest, bucket=watchforcommithandlingtest, acls=[user:jenkins1000:a[ACCESS], group:default:a[ACCESS]], isVersionEnabled=false, storageType=DISK, creationTime=0} | ret=SUCCESS |  
2019-09-12 10:31:33,963 [main] INFO  ozone.MiniOzoneClusterImpl (MiniOzoneClusterImpl.java:getStorageContainerLocationClient(241)) - Creating StorageContainerLocationProtocol RPC client with address /0.0.0.0:44063
2019-09-12 10:31:33,968 [IPC Server handler 2 on 44063] ERROR pipeline.PipelinePlacementPolicy (PipelinePlacementPolicy.java:meetCriteria(92)) - Pipeline Placement: Doesn't meet the criteria to be viable node. Heaviness: 6
2019-09-12 10:31:33,968 [IPC Server handler 2 on 44063] ERROR pipeline.PipelinePlacementPolicy (PipelinePlacementPolicy.java:meetCriteria(92)) - Pipeline Placement: Doesn't meet the criteria to be viable node. Heaviness: 6
2019-09-12 10:31:33,969 [IPC Server handler 2 on 44063] ERROR pipeline.PipelinePlacementPolicy (PipelinePlacementPolicy.java:meetCriteria(92)) - Pipeline Placement: Doesn't meet the criteria to be viable node. Heaviness: 6
2019-09-12 10:31:33,969 [IPC Server handler 2 on 44063] ERROR pipeline.PipelinePlacementPolicy (PipelinePlacementPolicy.java:meetCriteria(92)) - Pipeline Placement: Doesn't meet the criteria to be viable node. Heaviness: 6
2019-09-12 10:31:33,969 [IPC Server handler 2 on 44063] ERROR pipeline.PipelinePlacementPolicy (PipelinePlacementPolicy.java:meetCriteria(92)) - Pipeline Placement: Doesn't meet the criteria to be viable node. Heaviness: 6
2019-09-12 10:31:33,969 [IPC Server handler 2 on 44063] ERROR pipeline.PipelinePlacementPolicy (PipelinePlacementPolicy.java:meetCriteria(92)) - Pipeline Placement: Doesn't meet the criteria to be viable node. Heaviness: 6
2019-09-12 10:31:33,970 [IPC Server handler 2 on 44063] ERROR pipeline.PipelinePlacementPolicy (PipelinePlacementPolicy.java:meetCriteria(92)) - Pipeline Placement: Doesn't meet the criteria to be viable node. Heaviness: 6
2019-09-12 10:31:33,970 [IPC Server handler 2 on 44063] ERROR pipeline.PipelinePlacementPolicy (PipelinePlacementPolicy.java:filterViableNodes(147)) - Unable to find enough nodes that meet the criteria that cannot engage in more than 5 pipelines. Nodes required: 3 Found: 0, healthy nodes count inNodeManager: 7.
2019-09-12 10:31:33,970 [IPC Server handler 2 on 44063] ERROR pipeline.SCMPipelineManager (SCMPipelineManager.java:createPipeline(161)) - Pipeline creation failed due to exception: Unable to find enough nodes that meet the criteria that cannot engage in more than 5 pipelines. Nodes required: 3 Found: 0, healthy nodes count inNodeManager: 7.
2019-09-12 10:31:33,971 [IPC Server handler 2 on 44063] INFO  ipc.Server (Server.java:logException(2726)) - IPC Server handler 2 on 44063, call Call#130 Retry#0 org.apache.hadoop.hdds.scm.protocol.StorageContainerLocationProtocol.allocateContainer from 192.168.36.114:47942
java.io.IOException: Could not allocate container. Cannot get any matching pipeline for Type:RATIS, Factor:THREE, State:PipelineState.OPEN
	at org.apache.hadoop.hdds.scm.container.ContainerStateManager.allocateContainer(ContainerStateManager.java:260)
	at org.apache.hadoop.hdds.scm.container.SCMContainerManager.allocateContainer(SCMContainerManager.java:247)
	at org.apache.hadoop.hdds.scm.server.SCMClientProtocolServer.allocateContainer(SCMClientProtocolServer.java:186)
	at org.apache.hadoop.ozone.protocolPB.StorageContainerLocationProtocolServerSideTranslatorPB.allocateContainer(StorageContainerLocationProtocolServerSideTranslatorPB.java:115)
	at org.apache.hadoop.hdds.protocol.proto.StorageContainerLocationProtocolProtos$StorageContainerLocationProtocolService$2.callBlockingMethod(StorageContainerLocationProtocolProtos.java:19079)
	at org.apache.hadoop.ipc.ProtobufRpcEngine$Server$ProtoBufRpcInvoker.call(ProtobufRpcEngine.java:524)
	at org.apache.hadoop.ipc.RPC$Server.call(RPC.java:1025)
	at org.apache.hadoop.ipc.Server$RpcCall.run(Server.java:876)
	at org.apache.hadoop.ipc.Server$RpcCall.run(Server.java:822)
	at java.security.AccessController.doPrivileged(Native Method)
	at javax.security.auth.Subject.doAs(Subject.java:422)
	at org.apache.hadoop.security.UserGroupInformation.doAs(UserGroupInformation.java:1730)
	at org.apache.hadoop.ipc.Server$Handler.run(Server.java:2682)
]]></system-out>
    <system-err><![CDATA[Sep 12, 2019 10:31:26 AM com.sun.jersey.server.impl.application.WebApplicationImpl _initiate
INFO: Initiating Jersey application, version 'Jersey: 1.19 02/11/2015 03:25 AM'
Sep 12, 2019 10:31:27 AM com.sun.jersey.server.impl.application.WebApplicationImpl _initiate
INFO: Initiating Jersey application, version 'Jersey: 1.19 02/11/2015 03:25 AM'
Sep 12, 2019 10:31:27 AM com.sun.jersey.server.impl.application.WebApplicationImpl _initiate
INFO: Initiating Jersey application, version 'Jersey: 1.19 02/11/2015 03:25 AM'
Sep 12, 2019 10:31:27 AM com.sun.jersey.server.impl.application.WebApplicationImpl _initiate
INFO: Initiating Jersey application, version 'Jersey: 1.19 02/11/2015 03:25 AM'
Sep 12, 2019 10:31:28 AM com.sun.jersey.server.impl.application.WebApplicationImpl _initiate
INFO: Initiating Jersey application, version 'Jersey: 1.19 02/11/2015 03:25 AM'
Sep 12, 2019 10:31:28 AM com.sun.jersey.server.impl.application.WebApplicationImpl _initiate
INFO: Initiating Jersey application, version 'Jersey: 1.19 02/11/2015 03:25 AM'
Sep 12, 2019 10:31:28 AM com.sun.jersey.server.impl.application.WebApplicationImpl _initiate
INFO: Initiating Jersey application, version 'Jersey: 1.19 02/11/2015 03:25 AM'
]]></system-err>
  </testcase>
  <testcase name="testWatchForCommitForRetryfailure" classname="org.apache.hadoop.ozone.client.rpc.TestWatchForCommit" time="17.831">
    <error message="Could not allocate container. Cannot get any matching pipeline for Type:RATIS, Factor:THREE, State:PipelineState.OPEN&#10;	at org.apache.hadoop.hdds.scm.container.ContainerStateManager.allocateContainer(ContainerStateManager.java:260)&#10;	at org.apache.hadoop.hdds.scm.container.SCMContainerManager.allocateContainer(SCMContainerManager.java:247)&#10;	at org.apache.hadoop.hdds.scm.server.SCMClientProtocolServer.allocateContainer(SCMClientProtocolServer.java:186)&#10;	at org.apache.hadoop.ozone.protocolPB.StorageContainerLocationProtocolServerSideTranslatorPB.allocateContainer(StorageContainerLocationProtocolServerSideTranslatorPB.java:115)&#10;	at org.apache.hadoop.hdds.protocol.proto.StorageContainerLocationProtocolProtos$StorageContainerLocationProtocolService$2.callBlockingMethod(StorageContainerLocationProtocolProtos.java:19079)&#10;	at org.apache.hadoop.ipc.ProtobufRpcEngine$Server$ProtoBufRpcInvoker.call(ProtobufRpcEngine.java:524)&#10;	at org.apache.hadoop.ipc.RPC$Server.call(RPC.java:1025)&#10;	at org.apache.hadoop.ipc.Server$RpcCall.run(Server.java:876)&#10;	at org.apache.hadoop.ipc.Server$RpcCall.run(Server.java:822)&#10;	at java.security.AccessController.doPrivileged(Native Method)&#10;	at javax.security.auth.Subject.doAs(Subject.java:422)&#10;	at org.apache.hadoop.security.UserGroupInformation.doAs(UserGroupInformation.java:1730)&#10;	at org.apache.hadoop.ipc.Server$Handler.run(Server.java:2682)&#10;" type="org.apache.hadoop.ipc.RemoteException(java.io.IOException)">org.apache.hadoop.ipc.RemoteException(java.io.IOException): Could not allocate container. Cannot get any matching pipeline for Type:RATIS, Factor:THREE, State:PipelineState.OPEN
	at org.apache.hadoop.hdds.scm.container.ContainerStateManager.allocateContainer(ContainerStateManager.java:260)
	at org.apache.hadoop.hdds.scm.container.SCMContainerManager.allocateContainer(SCMContainerManager.java:247)
	at org.apache.hadoop.hdds.scm.server.SCMClientProtocolServer.allocateContainer(SCMClientProtocolServer.java:186)
	at org.apache.hadoop.ozone.protocolPB.StorageContainerLocationProtocolServerSideTranslatorPB.allocateContainer(StorageContainerLocationProtocolServerSideTranslatorPB.java:115)
	at org.apache.hadoop.hdds.protocol.proto.StorageContainerLocationProtocolProtos$StorageContainerLocationProtocolService$2.callBlockingMethod(StorageContainerLocationProtocolProtos.java:19079)
	at org.apache.hadoop.ipc.ProtobufRpcEngine$Server$ProtoBufRpcInvoker.call(ProtobufRpcEngine.java:524)
	at org.apache.hadoop.ipc.RPC$Server.call(RPC.java:1025)
	at org.apache.hadoop.ipc.Server$RpcCall.run(Server.java:876)
	at org.apache.hadoop.ipc.Server$RpcCall.run(Server.java:822)
	at java.security.AccessController.doPrivileged(Native Method)
	at javax.security.auth.Subject.doAs(Subject.java:422)
	at org.apache.hadoop.security.UserGroupInformation.doAs(UserGroupInformation.java:1730)
	at org.apache.hadoop.ipc.Server$Handler.run(Server.java:2682)

	at org.apache.hadoop.ipc.Client.getRpcResponse(Client.java:1511)
	at org.apache.hadoop.ipc.Client.call(Client.java:1457)
	at org.apache.hadoop.ipc.Client.call(Client.java:1367)
	at org.apache.hadoop.ipc.ProtobufRpcEngine$Invoker.invoke(ProtobufRpcEngine.java:228)
	at org.apache.hadoop.ipc.ProtobufRpcEngine$Invoker.invoke(ProtobufRpcEngine.java:116)
	at com.sun.proxy.$Proxy34.allocateContainer(Unknown Source)
	at org.apache.hadoop.hdds.scm.protocolPB.StorageContainerLocationProtocolClientSideTranslatorPB.allocateContainer(StorageContainerLocationProtocolClientSideTranslatorPB.java:125)
	at org.apache.hadoop.ozone.client.rpc.TestWatchForCommit.testWatchForCommitForRetryfailure(TestWatchForCommit.java:323)
	at sun.reflect.NativeMethodAccessorImpl.invoke0(Native Method)
	at sun.reflect.NativeMethodAccessorImpl.invoke(NativeMethodAccessorImpl.java:62)
	at sun.reflect.DelegatingMethodAccessorImpl.invoke(DelegatingMethodAccessorImpl.java:43)
	at java.lang.reflect.Method.invoke(Method.java:498)
	at org.junit.runners.model.FrameworkMethod$1.runReflectiveCall(FrameworkMethod.java:47)
	at org.junit.internal.runners.model.ReflectiveCallable.run(ReflectiveCallable.java:12)
	at org.junit.runners.model.FrameworkMethod.invokeExplosively(FrameworkMethod.java:44)
	at org.junit.internal.runners.statements.InvokeMethod.evaluate(InvokeMethod.java:17)
	at org.junit.runners.ParentRunner.runLeaf(ParentRunner.java:271)
	at org.junit.runners.BlockJUnit4ClassRunner.runChild(BlockJUnit4ClassRunner.java:70)
	at org.junit.runners.BlockJUnit4ClassRunner.runChild(BlockJUnit4ClassRunner.java:50)
	at org.junit.runners.ParentRunner$3.run(ParentRunner.java:238)
	at org.junit.runners.ParentRunner$1.schedule(ParentRunner.java:63)
	at org.junit.runners.ParentRunner.runChildren(ParentRunner.java:236)
	at org.junit.runners.ParentRunner.access$000(ParentRunner.java:53)
	at org.junit.runners.ParentRunner$2.evaluate(ParentRunner.java:229)
	at org.junit.runners.ParentRunner.run(ParentRunner.java:309)
	at org.apache.maven.surefire.junit4.JUnit4Provider.execute(JUnit4Provider.java:365)
	at org.apache.maven.surefire.junit4.JUnit4Provider.executeWithRerun(JUnit4Provider.java:273)
	at org.apache.maven.surefire.junit4.JUnit4Provider.executeTestSet(JUnit4Provider.java:238)
	at org.apache.maven.surefire.junit4.JUnit4Provider.invoke(JUnit4Provider.java:159)
	at org.apache.maven.surefire.booter.ForkedBooter.invokeProviderInSameClassLoader(ForkedBooter.java:384)
	at org.apache.maven.surefire.booter.ForkedBooter.runSuitesInProcess(ForkedBooter.java:345)
	at org.apache.maven.surefire.booter.ForkedBooter.execute(ForkedBooter.java:126)
	at org.apache.maven.surefire.booter.ForkedBooter.main(ForkedBooter.java:418)
</error>
    <system-out><![CDATA[2019-09-12 10:31:34,007 [main] WARN  server.ServerUtils (ServerUtils.java:getScmDbDir(145)) - ozone.scm.db.dirs is not configured. We recommend adding this setting. Falling back to ozone.metadata.dirs instead.
2019-09-12 10:31:34,034 [main] WARN  server.ServerUtils (ServerUtils.java:getScmDbDir(145)) - ozone.scm.db.dirs is not configured. We recommend adding this setting. Falling back to ozone.metadata.dirs instead.
2019-09-12 10:31:34,034 [main] WARN  server.ServerUtils (ServerUtils.java:getScmDbDir(145)) - ozone.scm.db.dirs is not configured. We recommend adding this setting. Falling back to ozone.metadata.dirs instead.
2019-09-12 10:31:34,035 [main] INFO  db.DBStoreBuilder (DBStoreBuilder.java:addTable(110)) - using custom profile for table: deletedBlocks
2019-09-12 10:31:34,035 [main] INFO  db.DBStoreBuilder (DBStoreBuilder.java:processTables(161)) - Using default column profile:DBProfile.DISK for Table:deletedBlocks
2019-09-12 10:31:34,036 [main] INFO  db.DBStoreBuilder (DBStoreBuilder.java:addTable(110)) - using custom profile for table: validCerts
2019-09-12 10:31:34,036 [main] INFO  db.DBStoreBuilder (DBStoreBuilder.java:processTables(161)) - Using default column profile:DBProfile.DISK for Table:validCerts
2019-09-12 10:31:34,036 [main] INFO  db.DBStoreBuilder (DBStoreBuilder.java:addTable(110)) - using custom profile for table: revokedCerts
2019-09-12 10:31:34,037 [main] INFO  db.DBStoreBuilder (DBStoreBuilder.java:processTables(161)) - Using default column profile:DBProfile.DISK for Table:revokedCerts
2019-09-12 10:31:34,037 [main] INFO  db.DBStoreBuilder (DBStoreBuilder.java:addTable(110)) - using custom profile for table: default
2019-09-12 10:31:34,037 [main] INFO  db.DBStoreBuilder (DBStoreBuilder.java:processTables(167)) - Using default column profile:DBProfile.DISK for Table:default
2019-09-12 10:31:34,038 [main] INFO  db.DBStoreBuilder (DBStoreBuilder.java:getDbProfile(198)) - Using default options. DBProfile.DISK
2019-09-12 10:31:34,066 | INFO  | SCMAudit | user=jenkins1000 | ip=192.168.36.114 | op=SEND_HEARTBEAT {datanodeUUID=c54af6f8-a22e-478f-90e1-029d14059a99, command=[]} | ret=SUCCESS |  
2019-09-12 10:31:34,068 | INFO  | SCMAudit | user=jenkins1000 | ip=192.168.36.114 | op=SEND_HEARTBEAT {datanodeUUID=ff438662-24cf-49bb-bfc5-3308ec6d286b, command=[]} | ret=SUCCESS |  
2019-09-12 10:31:34,091 | INFO  | SCMAudit | user=jenkins1000 | ip=192.168.36.114 | op=SEND_HEARTBEAT {datanodeUUID=2cb9d557-cb56-4745-8686-5e72b62e748a, command=[]} | ret=SUCCESS |  
2019-09-12 10:31:34,095 [Thread-683] INFO  container.ReplicationManager (ReplicationManager.java:start(151)) - Starting Replication Monitor Thread.
2019-09-12 10:31:34,102 [ReplicationMonitor] INFO  container.ReplicationManager (ReplicationManager.java:run(214)) - Replication Monitor Thread took 1 milliseconds for processing 0 containers.
2019-09-12 10:31:34,208 | INFO  | SCMAudit | user=jenkins1000 | ip=192.168.36.114 | op=SEND_HEARTBEAT {datanodeUUID=accf000b-d7b7-4fa5-9682-da82c4451e10, command=[]} | ret=SUCCESS |  
2019-09-12 10:31:34,273 [main] INFO  net.NodeSchemaLoader (NodeSchemaLoader.java:loadSchemaFromFile(125)) - Loading file from sun.misc.CompoundEnumeration@1425e531
2019-09-12 10:31:34,274 [main] INFO  net.NodeSchemaLoader (NodeSchemaLoader.java:loadSchema(171)) - Loading network topology layer schema file
2019-09-12 10:31:34,281 [main] WARN  server.ServerUtils (ServerUtils.java:sanitizeUserArgs(70)) - ozone.scm.stale.node.interval value = 300000 is larger than max = 100000 based on the key value of ozone.scm.heartbeat.thread.interval, reset to the max value 100000.
2019-09-12 10:31:34,281 [main] WARN  server.ServerUtils (ServerUtils.java:sanitizeUserArgs(70)) - ozone.scm.stale.node.interval value = 300000 is larger than max = 100000 based on the key value of ozone.scm.heartbeat.thread.interval, reset to the max value 100000.
2019-09-12 10:31:34,281 [main] INFO  node.SCMNodeManager (SCMNodeManager.java:<init>(121)) - Entering startup safe mode.
2019-09-12 10:31:34,283 [main] INFO  algorithms.ContainerPlacementPolicyFactory (ContainerPlacementPolicyFactory.java:getPolicy(56)) - Create container placement policy of type org.apache.hadoop.hdds.scm.container.placement.algorithms.SCMContainerPlacementRandom
2019-09-12 10:31:34,284 [main] WARN  server.ServerUtils (ServerUtils.java:getScmDbDir(145)) - ozone.scm.db.dirs is not configured. We recommend adding this setting. Falling back to ozone.metadata.dirs instead.
2019-09-12 10:31:34,350 | INFO  | SCMAudit | user=jenkins1000 | ip=192.168.36.114 | op=SEND_HEARTBEAT {datanodeUUID=2d50b591-d6e4-490f-9fa0-973ad5423bd7, command=[]} | ret=SUCCESS |  
2019-09-12 10:31:34,364 | INFO  | SCMAudit | user=jenkins1000 | ip=192.168.36.114 | op=SEND_HEARTBEAT {datanodeUUID=bcda0514-d42e-47ca-96fd-c0a633e872a8, command=[]} | ret=SUCCESS |  
2019-09-12 10:31:34,369 [main] INFO  pipeline.SCMPipelineManager (SCMPipelineManager.java:initializePipelineState(126)) - No pipeline exists in current db
2019-09-12 10:31:34,369 [main] WARN  server.ServerUtils (ServerUtils.java:getScmDbDir(145)) - ozone.scm.db.dirs is not configured. We recommend adding this setting. Falling back to ozone.metadata.dirs instead.
2019-09-12 10:31:34,405 | INFO  | SCMAudit | user=jenkins1000 | ip=192.168.36.114 | op=SEND_HEARTBEAT {datanodeUUID=c1e71898-521f-4627-a3f1-9884c4b96ced, command=[]} | ret=SUCCESS |  
2019-09-12 10:31:34,407 [main] WARN  events.EventQueue (EventQueue.java:fireEvent(175)) - No event handler registered for event TypedEvent{payloadType=SafeModeStatus, name='SafeModeStatus'}
2019-09-12 10:31:34,409 [main] INFO  ipc.CallQueueManager (CallQueueManager.java:<init>(84)) - Using callQueue: class java.util.concurrent.LinkedBlockingQueue, queueCapacity: 2000, scheduler: class org.apache.hadoop.ipc.DefaultRpcScheduler, ipcBackoff: false.
2019-09-12 10:31:34,411 [Socket Reader #1 for port 37405] INFO  ipc.Server (Server.java:run(1074)) - Starting Socket Reader #1 for port 37405
2019-09-12 10:31:34,421 [main] INFO  ipc.CallQueueManager (CallQueueManager.java:<init>(84)) - Using callQueue: class java.util.concurrent.LinkedBlockingQueue, queueCapacity: 2000, scheduler: class org.apache.hadoop.ipc.DefaultRpcScheduler, ipcBackoff: false.
2019-09-12 10:31:34,422 [Socket Reader #1 for port 36122] INFO  ipc.Server (Server.java:run(1074)) - Starting Socket Reader #1 for port 36122
2019-09-12 10:31:34,428 [main] INFO  ipc.CallQueueManager (CallQueueManager.java:<init>(84)) - Using callQueue: class java.util.concurrent.LinkedBlockingQueue, queueCapacity: 2000, scheduler: class org.apache.hadoop.ipc.DefaultRpcScheduler, ipcBackoff: false.
2019-09-12 10:31:34,429 [Socket Reader #1 for port 39203] INFO  ipc.Server (Server.java:run(1074)) - Starting Socket Reader #1 for port 39203
2019-09-12 10:31:34,436 [main] INFO  hdfs.DFSUtil (DFSUtil.java:httpServerTemplateForNNAndJN(1641)) - Starting Web-server for scm at: http://0.0.0.0:0
2019-09-12 10:31:34,439 [main] INFO  server.AuthenticationFilter (AuthenticationFilter.java:constructSecretProvider(240)) - Unable to initialize FileSignerSecretProvider, falling back to use random secrets.
2019-09-12 10:31:34,440 [main] WARN  http.HttpRequestLog (HttpRequestLog.java:getRequestLog(97)) - Jetty request log can only be enabled using Log4j
2019-09-12 10:31:34,442 [main] INFO  http.HttpServer2 (HttpServer2.java:addGlobalFilter(975)) - Added global filter 'safety' (class=org.apache.hadoop.http.HttpServer2$QuotingInputFilter)
2019-09-12 10:31:34,443 [main] INFO  http.HttpServer2 (HttpServer2.java:addFilter(948)) - Added filter static_user_filter (class=org.apache.hadoop.http.lib.StaticUserWebFilter$StaticUserFilter) to context scm
2019-09-12 10:31:34,443 [main] INFO  http.HttpServer2 (HttpServer2.java:addFilter(958)) - Added filter static_user_filter (class=org.apache.hadoop.http.lib.StaticUserWebFilter$StaticUserFilter) to context logs
2019-09-12 10:31:34,443 [main] INFO  http.HttpServer2 (HttpServer2.java:addFilter(958)) - Added filter static_user_filter (class=org.apache.hadoop.http.lib.StaticUserWebFilter$StaticUserFilter) to context static
2019-09-12 10:31:34,450 [main] INFO  server.StorageContainerManager (StorageContainerManager.java:start(759)) - StorageContainerLocationProtocol RPC server is listening at /0.0.0.0:39203
2019-09-12 10:31:34,450 [main] INFO  impl.MetricsSystemImpl (MetricsSystemImpl.java:init(158)) - StorageContainerManager metrics system started (again)
2019-09-12 10:31:34,523 [main] INFO  server.SCMClientProtocolServer (SCMClientProtocolServer.java:start(151)) - RPC server for Client  is listening at /0.0.0.0:39203
2019-09-12 10:31:34,523 [IPC Server Responder] INFO  ipc.Server (Server.java:run(1314)) - IPC Server Responder: starting
2019-09-12 10:31:34,523 [IPC Server listener on 39203] INFO  ipc.Server (Server.java:run(1153)) - IPC Server listener on 39203: starting
2019-09-12 10:31:34,535 [main] INFO  server.StorageContainerManager (StorageContainerManager.java:start(769)) - ScmBlockLocationProtocol RPC server is listening at /0.0.0.0:36122
2019-09-12 10:31:34,536 [main] INFO  server.SCMBlockProtocolServer (SCMBlockProtocolServer.java:start(140)) - RPC server for Block Protocol is listening at /0.0.0.0:36122
2019-09-12 10:31:34,536 [IPC Server Responder] INFO  ipc.Server (Server.java:run(1314)) - IPC Server Responder: starting
2019-09-12 10:31:34,536 [IPC Server listener on 36122] INFO  ipc.Server (Server.java:run(1153)) - IPC Server listener on 36122: starting
2019-09-12 10:31:34,546 [main] INFO  server.StorageContainerManager (StorageContainerManager.java:start(773)) - ScmDatanodeProtocl RPC server is listening at /0.0.0.0:37405
2019-09-12 10:31:34,546 [main] INFO  server.SCMDatanodeProtocolServer (SCMDatanodeProtocolServer.java:start(191)) - RPC server for DataNodes is listening at /0.0.0.0:37405
2019-09-12 10:31:34,547 [IPC Server Responder] INFO  ipc.Server (Server.java:run(1314)) - IPC Server Responder: starting
2019-09-12 10:31:34,547 [IPC Server listener on 37405] INFO  ipc.Server (Server.java:run(1153)) - IPC Server listener on 37405: starting
2019-09-12 10:31:34,561 [main] INFO  http.HttpServer2 (HttpServer2.java:bindListener(1191)) - Jetty bound to port 43940
2019-09-12 10:31:34,562 [main] INFO  server.Server (Server.java:doStart(351)) - jetty-9.3.24.v20180605, build timestamp: 2018-06-05T17:11:56Z, git hash: 84205aa28f11a4f31f2a3b86d1bba2cc8ab69827
2019-09-12 10:31:34,564 [main] INFO  handler.ContextHandler (ContextHandler.java:doStart(781)) - Started o.e.j.s.ServletContextHandler@4e79c25{/logs,file:///workdir/hadoop-ozone/integration-test/target/log,AVAILABLE}
2019-09-12 10:31:34,564 [main] INFO  handler.ContextHandler (ContextHandler.java:doStart(781)) - Started o.e.j.s.ServletContextHandler@5e46a125{/static,file:///workdir/hadoop-ozone/integration-test/target/test-classes/webapps/static,AVAILABLE}
2019-09-12 10:31:34,570 [main] INFO  handler.ContextHandler (ContextHandler.java:doStart(781)) - Started o.e.j.w.WebAppContext@7f894a6f{/,file:///workdir/hadoop-ozone/integration-test/target/test-classes/webapps/scm/,AVAILABLE}{/scm}
2019-09-12 10:31:34,570 [main] INFO  server.AbstractConnector (AbstractConnector.java:doStart(278)) - Started ServerConnector@3d05435c{HTTP/1.1,[http/1.1]}{0.0.0.0:43940}
2019-09-12 10:31:34,575 [main] INFO  server.Server (Server.java:doStart(419)) - Started @25914ms
2019-09-12 10:31:34,576 [main] INFO  server.BaseHttpServer (BaseHttpServer.java:updateConnectorAddress(213)) - HTTP server of SCM is listening at http://0.0.0.0:43940
2019-09-12 10:31:34,580 [main] WARN  server.ServerUtils (ServerUtils.java:getDBPath(222)) - ozone.om.db.dirs is not configured. We recommend adding this setting. Falling back to ozone.metadata.dirs instead.
2019-09-12 10:31:34,581 [org.apache.hadoop.util.JvmPauseMonitor$Monitor@1b732dd] INFO  util.JvmPauseMonitor (JvmPauseMonitor.java:run(188)) - Starting JVM pause monitor
2019-09-12 10:31:34,595 [main] WARN  server.ServerUtils (ServerUtils.java:getDBPath(222)) - ozone.om.db.dirs is not configured. We recommend adding this setting. Falling back to ozone.metadata.dirs instead.
2019-09-12 10:31:34,595 [main] WARN  server.ServerUtils (ServerUtils.java:getDBPath(222)) - ozone.om.db.dirs is not configured. We recommend adding this setting. Falling back to ozone.metadata.dirs instead.
2019-09-12 10:31:34,596 [main] INFO  om.OzoneManager (OzoneManager.java:setOMNodeDetails(645)) - OM Service ID is not set. Setting it to the default ID: omServiceIdDefault
2019-09-12 10:31:34,596 [main] INFO  om.OzoneManager (OzoneManager.java:setOMNodeDetails(651)) - OM Node ID is not set. Setting it to the OmStorage's OmID: ca76f8c8-bbac-46eb-88ee-4b3cf9fdc294
2019-09-12 10:31:34,596 [main] INFO  om.OzoneManager (OzoneManager.java:loadOMHAConfigs(602)) - Found matching OM address with OMServiceId: null, OMNodeId: null, RPC Address: localhost:0 and Ratis port: 9872
2019-09-12 10:31:34,597 | INFO  | SCMAudit | user=jenkins1000 | ip=192.168.36.114 | op=SEND_HEARTBEAT {datanodeUUID=22ce2f4b-d517-44cf-8041-712d813e08f3, command=[]} | ret=SUCCESS |  
2019-09-12 10:31:34,606 | INFO  | SCMAudit | user=jenkins1000 | ip=192.168.36.114 | op=GET_SCM_INFO null | ret=SUCCESS |  
2019-09-12 10:31:34,616 [main] WARN  server.ServerUtils (ServerUtils.java:getDBPath(222)) - ozone.om.db.dirs is not configured. We recommend adding this setting. Falling back to ozone.metadata.dirs instead.
2019-09-12 10:31:34,616 [main] INFO  db.DBStoreBuilder (DBStoreBuilder.java:addTable(110)) - using custom profile for table: userTable
2019-09-12 10:31:34,616 [main] INFO  db.DBStoreBuilder (DBStoreBuilder.java:processTables(161)) - Using default column profile:DBProfile.DISK for Table:userTable
2019-09-12 10:31:34,617 [main] INFO  db.DBStoreBuilder (DBStoreBuilder.java:addTable(110)) - using custom profile for table: volumeTable
2019-09-12 10:31:34,617 [main] INFO  db.DBStoreBuilder (DBStoreBuilder.java:processTables(161)) - Using default column profile:DBProfile.DISK for Table:volumeTable
2019-09-12 10:31:34,617 [main] INFO  db.DBStoreBuilder (DBStoreBuilder.java:addTable(110)) - using custom profile for table: bucketTable
2019-09-12 10:31:34,617 [main] INFO  db.DBStoreBuilder (DBStoreBuilder.java:processTables(161)) - Using default column profile:DBProfile.DISK for Table:bucketTable
2019-09-12 10:31:34,617 [main] INFO  db.DBStoreBuilder (DBStoreBuilder.java:addTable(110)) - using custom profile for table: keyTable
2019-09-12 10:31:34,618 [main] INFO  db.DBStoreBuilder (DBStoreBuilder.java:processTables(161)) - Using default column profile:DBProfile.DISK for Table:keyTable
2019-09-12 10:31:34,618 [main] INFO  db.DBStoreBuilder (DBStoreBuilder.java:addTable(110)) - using custom profile for table: deletedTable
2019-09-12 10:31:34,618 [main] INFO  db.DBStoreBuilder (DBStoreBuilder.java:processTables(161)) - Using default column profile:DBProfile.DISK for Table:deletedTable
2019-09-12 10:31:34,618 [main] INFO  db.DBStoreBuilder (DBStoreBuilder.java:addTable(110)) - using custom profile for table: openKeyTable
2019-09-12 10:31:34,619 [main] INFO  db.DBStoreBuilder (DBStoreBuilder.java:processTables(161)) - Using default column profile:DBProfile.DISK for Table:openKeyTable
2019-09-12 10:31:34,619 [main] INFO  db.DBStoreBuilder (DBStoreBuilder.java:addTable(110)) - using custom profile for table: s3Table
2019-09-12 10:31:34,619 [main] INFO  db.DBStoreBuilder (DBStoreBuilder.java:processTables(161)) - Using default column profile:DBProfile.DISK for Table:s3Table
2019-09-12 10:31:34,619 [main] INFO  db.DBStoreBuilder (DBStoreBuilder.java:addTable(110)) - using custom profile for table: multipartInfoTable
2019-09-12 10:31:34,620 [main] INFO  db.DBStoreBuilder (DBStoreBuilder.java:processTables(161)) - Using default column profile:DBProfile.DISK for Table:multipartInfoTable
2019-09-12 10:31:34,620 [main] INFO  db.DBStoreBuilder (DBStoreBuilder.java:addTable(110)) - using custom profile for table: dTokenTable
2019-09-12 10:31:34,620 [main] INFO  db.DBStoreBuilder (DBStoreBuilder.java:processTables(161)) - Using default column profile:DBProfile.DISK for Table:dTokenTable
2019-09-12 10:31:34,620 [main] INFO  db.DBStoreBuilder (DBStoreBuilder.java:addTable(110)) - using custom profile for table: s3SecretTable
2019-09-12 10:31:34,620 [main] INFO  db.DBStoreBuilder (DBStoreBuilder.java:processTables(161)) - Using default column profile:DBProfile.DISK for Table:s3SecretTable
2019-09-12 10:31:34,621 [main] INFO  db.DBStoreBuilder (DBStoreBuilder.java:addTable(110)) - using custom profile for table: prefixTable
2019-09-12 10:31:34,621 [main] INFO  db.DBStoreBuilder (DBStoreBuilder.java:processTables(161)) - Using default column profile:DBProfile.DISK for Table:prefixTable
2019-09-12 10:31:34,621 [main] INFO  db.DBStoreBuilder (DBStoreBuilder.java:addTable(110)) - using custom profile for table: default
2019-09-12 10:31:34,621 [main] INFO  db.DBStoreBuilder (DBStoreBuilder.java:processTables(167)) - Using default column profile:DBProfile.DISK for Table:default
2019-09-12 10:31:34,622 [main] INFO  db.DBStoreBuilder (DBStoreBuilder.java:getDbProfile(198)) - Using default options. DBProfile.DISK
2019-09-12 10:31:34,751 | INFO  | SCMAudit | user=jenkins1000 | ip=192.168.36.114 | op=SEND_HEARTBEAT {datanodeUUID=f17b4253-95a0-4ee6-8ded-88f070f15b33, command=[]} | ret=SUCCESS |  
2019-09-12 10:31:34,751 | INFO  | SCMAudit | user=jenkins1000 | ip=192.168.36.114 | op=SEND_HEARTBEAT {datanodeUUID=eaeff1e2-de9c-4510-872d-283eb6c3c330, command=[]} | ret=SUCCESS |  
2019-09-12 10:31:34,756 | INFO  | SCMAudit | user=jenkins1000 | ip=192.168.36.114 | op=SEND_HEARTBEAT {datanodeUUID=b6dd7c38-f675-445e-811b-15cf17d56c0a, command=[]} | ret=SUCCESS |  
2019-09-12 10:31:34,827 | INFO  | SCMAudit | user=jenkins1000 | ip=192.168.36.114 | op=SEND_HEARTBEAT {datanodeUUID=39df7a3f-9691-48d4-a2b1-6888489a5f8a, command=[]} | ret=SUCCESS |  
2019-09-12 10:31:34,828 | INFO  | SCMAudit | user=jenkins1000 | ip=192.168.36.114 | op=SEND_HEARTBEAT {datanodeUUID=c9031a36-5f7c-4098-8bea-8a46141708a6, command=[]} | ret=SUCCESS |  
2019-09-12 10:31:34,857 | INFO  | SCMAudit | user=jenkins1000 | ip=192.168.36.114 | op=SEND_HEARTBEAT {datanodeUUID=9616c881-dbb1-48da-90dd-a872ed779a2e, command=[]} | ret=SUCCESS |  
2019-09-12 10:31:35,067 | INFO  | SCMAudit | user=jenkins1000 | ip=192.168.36.114 | op=SEND_HEARTBEAT {datanodeUUID=c54af6f8-a22e-478f-90e1-029d14059a99, command=[]} | ret=SUCCESS |  
2019-09-12 10:31:35,068 | INFO  | SCMAudit | user=jenkins1000 | ip=192.168.36.114 | op=SEND_HEARTBEAT {datanodeUUID=ff438662-24cf-49bb-bfc5-3308ec6d286b, command=[]} | ret=SUCCESS |  
2019-09-12 10:31:35,093 | INFO  | SCMAudit | user=jenkins1000 | ip=192.168.36.114 | op=SEND_HEARTBEAT {datanodeUUID=2cb9d557-cb56-4745-8686-5e72b62e748a, command=[]} | ret=SUCCESS |  
2019-09-12 10:31:35,126 [main] INFO  ipc.CallQueueManager (CallQueueManager.java:<init>(84)) - Using callQueue: class java.util.concurrent.LinkedBlockingQueue, queueCapacity: 2000, scheduler: class org.apache.hadoop.ipc.DefaultRpcScheduler, ipcBackoff: false.
2019-09-12 10:31:35,127 [Socket Reader #1 for port 32840] INFO  ipc.Server (Server.java:run(1074)) - Starting Socket Reader #1 for port 32840
2019-09-12 10:31:35,144 [main] INFO  om.OzoneManager (OzoneManager.java:start(1256)) - OzoneManager RPC server is listening at localhost/127.0.0.1:32840
2019-09-12 10:31:35,145 [main] INFO  impl.MetricsSystemImpl (MetricsSystemImpl.java:init(158)) - OzoneManager metrics system started (again)
2019-09-12 10:31:35,145 [IPC Server Responder] INFO  ipc.Server (Server.java:run(1314)) - IPC Server Responder: starting
2019-09-12 10:31:35,145 [IPC Server listener on 32840] INFO  ipc.Server (Server.java:run(1153)) - IPC Server listener on 32840: starting
2019-09-12 10:31:35,162 [main] INFO  hdfs.DFSUtil (DFSUtil.java:httpServerTemplateForNNAndJN(1641)) - Starting Web-server for ozoneManager at: http://0.0.0.0:0
2019-09-12 10:31:35,163 [main] INFO  server.AuthenticationFilter (AuthenticationFilter.java:constructSecretProvider(240)) - Unable to initialize FileSignerSecretProvider, falling back to use random secrets.
2019-09-12 10:31:35,164 [main] WARN  http.HttpRequestLog (HttpRequestLog.java:getRequestLog(97)) - Jetty request log can only be enabled using Log4j
2019-09-12 10:31:35,165 [main] INFO  http.HttpServer2 (HttpServer2.java:addGlobalFilter(975)) - Added global filter 'safety' (class=org.apache.hadoop.http.HttpServer2$QuotingInputFilter)
2019-09-12 10:31:35,166 [main] INFO  http.HttpServer2 (HttpServer2.java:addFilter(948)) - Added filter static_user_filter (class=org.apache.hadoop.http.lib.StaticUserWebFilter$StaticUserFilter) to context ozoneManager
2019-09-12 10:31:35,166 [main] INFO  http.HttpServer2 (HttpServer2.java:addFilter(958)) - Added filter static_user_filter (class=org.apache.hadoop.http.lib.StaticUserWebFilter$StaticUserFilter) to context static
2019-09-12 10:31:35,166 [main] INFO  http.HttpServer2 (HttpServer2.java:addFilter(958)) - Added filter static_user_filter (class=org.apache.hadoop.http.lib.StaticUserWebFilter$StaticUserFilter) to context logs
2019-09-12 10:31:35,166 [main] INFO  http.HttpServer2 (HttpServer2.java:bindListener(1191)) - Jetty bound to port 45181
2019-09-12 10:31:35,167 [main] INFO  server.Server (Server.java:doStart(351)) - jetty-9.3.24.v20180605, build timestamp: 2018-06-05T17:11:56Z, git hash: 84205aa28f11a4f31f2a3b86d1bba2cc8ab69827
2019-09-12 10:31:35,168 [main] INFO  handler.ContextHandler (ContextHandler.java:doStart(781)) - Started o.e.j.s.ServletContextHandler@5ca86715{/logs,file:///workdir/hadoop-ozone/integration-test/target/log,AVAILABLE}
2019-09-12 10:31:35,169 [main] INFO  handler.ContextHandler (ContextHandler.java:doStart(781)) - Started o.e.j.s.ServletContextHandler@44864ebe{/static,file:///workdir/hadoop-ozone/integration-test/target/test-classes/webapps/static,AVAILABLE}
2019-09-12 10:31:35,172 [main] INFO  handler.ContextHandler (ContextHandler.java:doStart(781)) - Started o.e.j.w.WebAppContext@15f11bfb{/,file:///workdir/hadoop-ozone/integration-test/target/test-classes/webapps/ozoneManager/,AVAILABLE}{/ozoneManager}
2019-09-12 10:31:35,173 [main] INFO  server.AbstractConnector (AbstractConnector.java:doStart(278)) - Started ServerConnector@16a499d1{HTTP/1.1,[http/1.1]}{0.0.0.0:45181}
2019-09-12 10:31:35,177 [main] INFO  server.Server (Server.java:doStart(419)) - Started @26516ms
2019-09-12 10:31:35,178 [main] INFO  server.BaseHttpServer (BaseHttpServer.java:updateConnectorAddress(213)) - HTTP server of OZONEMANAGER is listening at http://0.0.0.0:45181
2019-09-12 10:31:35,193 [main] INFO  impl.MetricsSystemImpl (MetricsSystemImpl.java:init(158)) - HddsDatanode metrics system started (again)
2019-09-12 10:31:35,208 | INFO  | SCMAudit | user=jenkins1000 | ip=192.168.36.114 | op=SEND_HEARTBEAT {datanodeUUID=accf000b-d7b7-4fa5-9682-da82c4451e10, command=[]} | ret=SUCCESS |  
2019-09-12 10:31:35,265 [main] INFO  ozone.HddsDatanodeService (HddsDatanodeService.java:start(184)) - HddsDatanodeService host:pr-hdds-1569-58hkm-1881083799 ip:192.168.36.114
2019-09-12 10:31:35,287 [main] INFO  volume.HddsVolume (HddsVolume.java:<init>(176)) - Creating Volume: /workdir/hadoop-ozone/integration-test/target/test-dir/MiniOzoneClusterImpl-d867a4e1-154a-4113-b5e4-c09c14df2894/datanode-0/data/containers/hdds of  storage type : DISK and capacity : 1482555576320
2019-09-12 10:31:35,287 [main] INFO  volume.VolumeSet (VolumeSet.java:initializeVolumeSet(170)) - Added Volume : /workdir/hadoop-ozone/integration-test/target/test-dir/MiniOzoneClusterImpl-d867a4e1-154a-4113-b5e4-c09c14df2894/datanode-0/data/containers/hdds to VolumeSet
2019-09-12 10:31:35,287 [main] INFO  volume.ThrottledAsyncChecker (ThrottledAsyncChecker.java:schedule(140)) - Scheduling a check for org.apache.hadoop.ozone.container.common.volume.HddsVolume@7aa63f50
2019-09-12 10:31:35,288 [main] INFO  volume.HddsVolumeChecker (HddsVolumeChecker.java:checkAllVolumes(203)) - Scheduled health check for volume org.apache.hadoop.ozone.container.common.volume.HddsVolume@7aa63f50
2019-09-12 10:31:35,350 | INFO  | SCMAudit | user=jenkins1000 | ip=192.168.36.114 | op=SEND_HEARTBEAT {datanodeUUID=2d50b591-d6e4-490f-9fa0-973ad5423bd7, command=[]} | ret=SUCCESS |  
2019-09-12 10:31:35,364 | INFO  | SCMAudit | user=jenkins1000 | ip=192.168.36.114 | op=SEND_HEARTBEAT {datanodeUUID=bcda0514-d42e-47ca-96fd-c0a633e872a8, command=[]} | ret=SUCCESS |  
2019-09-12 10:31:35,405 | INFO  | SCMAudit | user=jenkins1000 | ip=192.168.36.114 | op=SEND_HEARTBEAT {datanodeUUID=c1e71898-521f-4627-a3f1-9884c4b96ced, command=[]} | ret=SUCCESS |  
2019-09-12 10:31:35,543 [main] INFO  impl.RaftServerProxy (ConfUtils.java:logGet(43)) - raft.rpc.type = GRPC (default)
2019-09-12 10:31:35,544 [main] INFO  grpc.GrpcFactory (GrpcFactory.java:checkPooledByteBufAllocatorUseCacheForAllThreads(45)) - PERFORMANCE WARNING: useCacheForAllThreads is true that may cause Netty to create a lot garbage objects and, as a result, trigger GC.
	It is recommended to disable useCacheForAllThreads by setting -Dorg.apache.ratis.thirdparty.io.netty.allocator.useCacheForAllThreads=false in command line.
2019-09-12 10:31:35,544 [main] INFO  grpc.GrpcConfigKeys$Server (ConfUtils.java:logGet(43)) - raft.grpc.server.port = 0 (default)
2019-09-12 10:31:35,544 [main] INFO  server.GrpcService (ConfUtils.java:logGet(43)) - raft.grpc.message.size.max = 33570816 (custom)
2019-09-12 10:31:35,545 [main] INFO  server.RaftServerConfigKeys (ConfUtils.java:logGet(43)) - raft.server.log.appender.buffer.byte-limit = 33554432 (custom)
2019-09-12 10:31:35,545 [main] INFO  server.GrpcService (ConfUtils.java:logGet(43)) - raft.grpc.flow.control.window = 1MB (=1048576) (default)
2019-09-12 10:31:35,545 [main] INFO  server.RaftServerConfigKeys (ConfUtils.java:logGet(43)) - raft.server.rpc.request.timeout = 3000ms (default)
2019-09-12 10:31:35,546 [main] INFO  server.RaftServerConfigKeys (ConfUtils.java:logGet(43)) - raft.server.storage.dir = [/workdir/hadoop-ozone/integration-test/target/test-dir/MiniOzoneClusterImpl-d867a4e1-154a-4113-b5e4-c09c14df2894/datanode-0/data/ratis] (custom)
2019-09-12 10:31:35,546 [main] INFO  replication.SimpleContainerDownloader (SimpleContainerDownloader.java:<init>(72)) - Starting container downloader service to copy containers to replicate.
2019-09-12 10:31:35,548 [main] INFO  hdfs.DFSUtil (DFSUtil.java:httpServerTemplateForNNAndJN(1641)) - Starting Web-server for hddsDatanode at: http://0.0.0.0:0
2019-09-12 10:31:35,567 [main] INFO  server.AuthenticationFilter (AuthenticationFilter.java:constructSecretProvider(240)) - Unable to initialize FileSignerSecretProvider, falling back to use random secrets.
2019-09-12 10:31:35,567 [main] WARN  http.HttpRequestLog (HttpRequestLog.java:getRequestLog(97)) - Jetty request log can only be enabled using Log4j
2019-09-12 10:31:35,569 [main] INFO  http.HttpServer2 (HttpServer2.java:addGlobalFilter(975)) - Added global filter 'safety' (class=org.apache.hadoop.http.HttpServer2$QuotingInputFilter)
2019-09-12 10:31:35,569 [main] INFO  http.HttpServer2 (HttpServer2.java:addFilter(948)) - Added filter static_user_filter (class=org.apache.hadoop.http.lib.StaticUserWebFilter$StaticUserFilter) to context hddsDatanode
2019-09-12 10:31:35,569 [main] INFO  http.HttpServer2 (HttpServer2.java:addFilter(958)) - Added filter static_user_filter (class=org.apache.hadoop.http.lib.StaticUserWebFilter$StaticUserFilter) to context logs
2019-09-12 10:31:35,570 [main] INFO  http.HttpServer2 (HttpServer2.java:addFilter(958)) - Added filter static_user_filter (class=org.apache.hadoop.http.lib.StaticUserWebFilter$StaticUserFilter) to context static
2019-09-12 10:31:35,570 [main] INFO  http.HttpServer2 (HttpServer2.java:bindListener(1191)) - Jetty bound to port 41643
2019-09-12 10:31:35,570 [main] INFO  server.Server (Server.java:doStart(351)) - jetty-9.3.24.v20180605, build timestamp: 2018-06-05T17:11:56Z, git hash: 84205aa28f11a4f31f2a3b86d1bba2cc8ab69827
2019-09-12 10:31:35,572 [main] INFO  handler.ContextHandler (ContextHandler.java:doStart(781)) - Started o.e.j.s.ServletContextHandler@1dcad16f{/logs,file:///workdir/hadoop-ozone/integration-test/target/log,AVAILABLE}
2019-09-12 10:31:35,573 [main] INFO  handler.ContextHandler (ContextHandler.java:doStart(781)) - Started o.e.j.s.ServletContextHandler@4738131e{/static,jar:file:/home/user/.m2/repository/org/apache/hadoop/hadoop-hdds-container-service/0.5.0-SNAPSHOT/hadoop-hdds-container-service-0.5.0-SNAPSHOT.jar!/webapps/static,AVAILABLE}
2019-09-12 10:31:35,604 | INFO  | SCMAudit | user=jenkins1000 | ip=192.168.36.114 | op=SEND_HEARTBEAT {datanodeUUID=22ce2f4b-d517-44cf-8041-712d813e08f3, command=[]} | ret=SUCCESS |  
2019-09-12 10:31:35,607 [main] INFO  handler.ContextHandler (ContextHandler.java:doStart(781)) - Started o.e.j.w.WebAppContext@71469e01{/,file:///tmp/jetty-0.0.0.0-41643-hddsDatanode-_-any-793742649821340549.dir/webapp/,AVAILABLE}{/hddsDatanode}
2019-09-12 10:31:35,608 [main] INFO  server.AbstractConnector (AbstractConnector.java:doStart(278)) - Started ServerConnector@41bbb219{HTTP/1.1,[http/1.1]}{0.0.0.0:41643}
2019-09-12 10:31:35,626 [main] INFO  server.Server (Server.java:doStart(419)) - Started @26964ms
2019-09-12 10:31:35,626 [main] INFO  server.BaseHttpServer (BaseHttpServer.java:updateConnectorAddress(213)) - HTTP server of HDDSDATANODE is listening at http://0.0.0.0:41643
2019-09-12 10:31:35,751 | INFO  | SCMAudit | user=jenkins1000 | ip=192.168.36.114 | op=SEND_HEARTBEAT {datanodeUUID=f17b4253-95a0-4ee6-8ded-88f070f15b33, command=[]} | ret=SUCCESS |  
2019-09-12 10:31:35,751 | INFO  | SCMAudit | user=jenkins1000 | ip=192.168.36.114 | op=SEND_HEARTBEAT {datanodeUUID=eaeff1e2-de9c-4510-872d-283eb6c3c330, command=[]} | ret=SUCCESS |  
2019-09-12 10:31:35,757 | INFO  | SCMAudit | user=jenkins1000 | ip=192.168.36.114 | op=SEND_HEARTBEAT {datanodeUUID=b6dd7c38-f675-445e-811b-15cf17d56c0a, command=[]} | ret=SUCCESS |  
2019-09-12 10:31:35,795 | INFO  | ObjectStoreRestHttpServer | Listening HDDS REST traffic on /0.0.0.0:41771 |  
2019-09-12 10:31:35,795 [main] INFO  ozone.HddsDatanodeService (HddsDatanodeService.java:startPlugins(395)) - Started plug-in org.apache.hadoop.ozone.web.OzoneHddsDatanodeService@637d111d
2019-09-12 10:31:35,796 [main] INFO  impl.MetricsSystemImpl (MetricsSystemImpl.java:init(158)) - HddsDatanode metrics system started (again)
2019-09-12 10:31:35,798 [org.apache.hadoop.util.JvmPauseMonitor$Monitor@5c10540b] INFO  util.JvmPauseMonitor (JvmPauseMonitor.java:run(188)) - Starting JVM pause monitor
2019-09-12 10:31:35,801 [Datanode State Machine Thread - 0] INFO  datanode.InitDatanodeState (InitDatanodeState.java:persistContainerDatanodeDetails(140)) - DatanodeDetails is persisted to /workdir/hadoop-ozone/integration-test/target/test-dir/MiniOzoneClusterImpl-d867a4e1-154a-4113-b5e4-c09c14df2894/datanode-0/meta/datanode.id
2019-09-12 10:31:35,827 | INFO  | SCMAudit | user=jenkins1000 | ip=192.168.36.114 | op=SEND_HEARTBEAT {datanodeUUID=39df7a3f-9691-48d4-a2b1-6888489a5f8a, command=[]} | ret=SUCCESS |  
2019-09-12 10:31:35,827 | INFO  | SCMAudit | user=jenkins1000 | ip=192.168.36.114 | op=SEND_HEARTBEAT {datanodeUUID=c9031a36-5f7c-4098-8bea-8a46141708a6, command=[]} | ret=SUCCESS |  
2019-09-12 10:31:35,858 | INFO  | SCMAudit | user=jenkins1000 | ip=192.168.36.114 | op=SEND_HEARTBEAT {datanodeUUID=9616c881-dbb1-48da-90dd-a872ed779a2e, command=[]} | ret=SUCCESS |  
2019-09-12 10:31:35,901 [main] INFO  ozone.HddsDatanodeService (HddsDatanodeService.java:start(184)) - HddsDatanodeService host:pr-hdds-1569-58hkm-1881083799 ip:192.168.36.114
2019-09-12 10:31:35,952 [main] INFO  volume.HddsVolume (HddsVolume.java:<init>(176)) - Creating Volume: /workdir/hadoop-ozone/integration-test/target/test-dir/MiniOzoneClusterImpl-d867a4e1-154a-4113-b5e4-c09c14df2894/datanode-1/data/containers/hdds of  storage type : DISK and capacity : 1482555576320
2019-09-12 10:31:35,953 [main] INFO  volume.VolumeSet (VolumeSet.java:initializeVolumeSet(170)) - Added Volume : /workdir/hadoop-ozone/integration-test/target/test-dir/MiniOzoneClusterImpl-d867a4e1-154a-4113-b5e4-c09c14df2894/datanode-1/data/containers/hdds to VolumeSet
2019-09-12 10:31:35,953 [main] INFO  volume.ThrottledAsyncChecker (ThrottledAsyncChecker.java:schedule(140)) - Scheduling a check for org.apache.hadoop.ozone.container.common.volume.HddsVolume@15d0b458
2019-09-12 10:31:35,954 [main] INFO  volume.HddsVolumeChecker (HddsVolumeChecker.java:checkAllVolumes(203)) - Scheduled health check for volume org.apache.hadoop.ozone.container.common.volume.HddsVolume@15d0b458
2019-09-12 10:31:35,981 [main] INFO  impl.RaftServerProxy (ConfUtils.java:logGet(43)) - raft.rpc.type = GRPC (default)
2019-09-12 10:31:35,981 [main] INFO  grpc.GrpcFactory (GrpcFactory.java:checkPooledByteBufAllocatorUseCacheForAllThreads(45)) - PERFORMANCE WARNING: useCacheForAllThreads is true that may cause Netty to create a lot garbage objects and, as a result, trigger GC.
	It is recommended to disable useCacheForAllThreads by setting -Dorg.apache.ratis.thirdparty.io.netty.allocator.useCacheForAllThreads=false in command line.
2019-09-12 10:31:35,981 [main] INFO  grpc.GrpcConfigKeys$Server (ConfUtils.java:logGet(43)) - raft.grpc.server.port = 0 (default)
2019-09-12 10:31:35,981 [main] INFO  server.GrpcService (ConfUtils.java:logGet(43)) - raft.grpc.message.size.max = 33570816 (custom)
2019-09-12 10:31:35,982 [main] INFO  server.RaftServerConfigKeys (ConfUtils.java:logGet(43)) - raft.server.log.appender.buffer.byte-limit = 33554432 (custom)
2019-09-12 10:31:35,982 [main] INFO  server.GrpcService (ConfUtils.java:logGet(43)) - raft.grpc.flow.control.window = 1MB (=1048576) (default)
2019-09-12 10:31:35,982 [main] INFO  server.RaftServerConfigKeys (ConfUtils.java:logGet(43)) - raft.server.rpc.request.timeout = 3000ms (default)
2019-09-12 10:31:35,982 [main] INFO  server.RaftServerConfigKeys (ConfUtils.java:logGet(43)) - raft.server.storage.dir = [/workdir/hadoop-ozone/integration-test/target/test-dir/MiniOzoneClusterImpl-d867a4e1-154a-4113-b5e4-c09c14df2894/datanode-1/data/ratis] (custom)
2019-09-12 10:31:35,983 [main] INFO  replication.SimpleContainerDownloader (SimpleContainerDownloader.java:<init>(72)) - Starting container downloader service to copy containers to replicate.
2019-09-12 10:31:35,985 [main] INFO  hdfs.DFSUtil (DFSUtil.java:httpServerTemplateForNNAndJN(1641)) - Starting Web-server for hddsDatanode at: http://0.0.0.0:0
2019-09-12 10:31:35,988 [main] INFO  server.AuthenticationFilter (AuthenticationFilter.java:constructSecretProvider(240)) - Unable to initialize FileSignerSecretProvider, falling back to use random secrets.
2019-09-12 10:31:35,988 [main] WARN  http.HttpRequestLog (HttpRequestLog.java:getRequestLog(97)) - Jetty request log can only be enabled using Log4j
2019-09-12 10:31:35,991 [main] INFO  http.HttpServer2 (HttpServer2.java:addGlobalFilter(975)) - Added global filter 'safety' (class=org.apache.hadoop.http.HttpServer2$QuotingInputFilter)
2019-09-12 10:31:35,992 [main] INFO  http.HttpServer2 (HttpServer2.java:addFilter(948)) - Added filter static_user_filter (class=org.apache.hadoop.http.lib.StaticUserWebFilter$StaticUserFilter) to context hddsDatanode
2019-09-12 10:31:35,992 [main] INFO  http.HttpServer2 (HttpServer2.java:addFilter(958)) - Added filter static_user_filter (class=org.apache.hadoop.http.lib.StaticUserWebFilter$StaticUserFilter) to context logs
2019-09-12 10:31:35,993 [main] INFO  http.HttpServer2 (HttpServer2.java:addFilter(958)) - Added filter static_user_filter (class=org.apache.hadoop.http.lib.StaticUserWebFilter$StaticUserFilter) to context static
2019-09-12 10:31:35,994 [main] INFO  http.HttpServer2 (HttpServer2.java:bindListener(1191)) - Jetty bound to port 42147
2019-09-12 10:31:35,994 [main] INFO  server.Server (Server.java:doStart(351)) - jetty-9.3.24.v20180605, build timestamp: 2018-06-05T17:11:56Z, git hash: 84205aa28f11a4f31f2a3b86d1bba2cc8ab69827
2019-09-12 10:31:35,997 [main] INFO  handler.ContextHandler (ContextHandler.java:doStart(781)) - Started o.e.j.s.ServletContextHandler@533d7c61{/logs,file:///workdir/hadoop-ozone/integration-test/target/log,AVAILABLE}
2019-09-12 10:31:35,998 [main] INFO  handler.ContextHandler (ContextHandler.java:doStart(781)) - Started o.e.j.s.ServletContextHandler@3a6b94b6{/static,jar:file:/home/user/.m2/repository/org/apache/hadoop/hadoop-hdds-container-service/0.5.0-SNAPSHOT/hadoop-hdds-container-service-0.5.0-SNAPSHOT.jar!/webapps/static,AVAILABLE}
2019-09-12 10:31:36,039 [main] INFO  handler.ContextHandler (ContextHandler.java:doStart(781)) - Started o.e.j.w.WebAppContext@361f1647{/,file:///tmp/jetty-0.0.0.0-42147-hddsDatanode-_-any-1518505179668848925.dir/webapp/,AVAILABLE}{/hddsDatanode}
2019-09-12 10:31:36,040 [main] INFO  server.AbstractConnector (AbstractConnector.java:doStart(278)) - Started ServerConnector@51172948{HTTP/1.1,[http/1.1]}{0.0.0.0:42147}
2019-09-12 10:31:36,046 [main] INFO  server.Server (Server.java:doStart(419)) - Started @27385ms
2019-09-12 10:31:36,047 [main] INFO  server.BaseHttpServer (BaseHttpServer.java:updateConnectorAddress(213)) - HTTP server of HDDSDATANODE is listening at http://0.0.0.0:42147
2019-09-12 10:31:36,067 | INFO  | SCMAudit | user=jenkins1000 | ip=192.168.36.114 | op=SEND_HEARTBEAT {datanodeUUID=c54af6f8-a22e-478f-90e1-029d14059a99, command=[]} | ret=SUCCESS |  
2019-09-12 10:31:36,068 | INFO  | SCMAudit | user=jenkins1000 | ip=192.168.36.114 | op=SEND_HEARTBEAT {datanodeUUID=ff438662-24cf-49bb-bfc5-3308ec6d286b, command=[]} | ret=SUCCESS |  
2019-09-12 10:31:36,093 | INFO  | SCMAudit | user=jenkins1000 | ip=192.168.36.114 | op=SEND_HEARTBEAT {datanodeUUID=2cb9d557-cb56-4745-8686-5e72b62e748a, command=[]} | ret=SUCCESS |  
2019-09-12 10:31:36,208 | INFO  | SCMAudit | user=jenkins1000 | ip=192.168.36.114 | op=SEND_HEARTBEAT {datanodeUUID=accf000b-d7b7-4fa5-9682-da82c4451e10, command=[]} | ret=SUCCESS |  
2019-09-12 10:31:36,219 | INFO  | ObjectStoreRestHttpServer | Listening HDDS REST traffic on /0.0.0.0:37343 |  
2019-09-12 10:31:36,219 [main] INFO  ozone.HddsDatanodeService (HddsDatanodeService.java:startPlugins(395)) - Started plug-in org.apache.hadoop.ozone.web.OzoneHddsDatanodeService@44da745f
2019-09-12 10:31:36,220 [main] INFO  impl.MetricsSystemImpl (MetricsSystemImpl.java:init(158)) - HddsDatanode metrics system started (again)
2019-09-12 10:31:36,222 [org.apache.hadoop.util.JvmPauseMonitor$Monitor@46c78379] INFO  util.JvmPauseMonitor (JvmPauseMonitor.java:run(188)) - Starting JVM pause monitor
2019-09-12 10:31:36,224 [Datanode State Machine Thread - 0] INFO  datanode.InitDatanodeState (InitDatanodeState.java:persistContainerDatanodeDetails(140)) - DatanodeDetails is persisted to /workdir/hadoop-ozone/integration-test/target/test-dir/MiniOzoneClusterImpl-d867a4e1-154a-4113-b5e4-c09c14df2894/datanode-1/meta/datanode.id
2019-09-12 10:31:36,276 [Thread-685] INFO  impl.FollowerState (FollowerState.java:run(106)) - ff438662-24cf-49bb-bfc5-3308ec6d286b:group-5661C0F71EDF changes to CANDIDATE, lastRpcTime:5109, electionTimeout:5109ms
2019-09-12 10:31:36,276 [Thread-685] INFO  impl.RoleInfo (RoleInfo.java:shutdownFollowerState(121)) - ff438662-24cf-49bb-bfc5-3308ec6d286b: shutdown FollowerState
2019-09-12 10:31:36,276 [Thread-685] INFO  impl.RaftServerImpl (RaftServerImpl.java:setRole(171)) - ff438662-24cf-49bb-bfc5-3308ec6d286b:group-5661C0F71EDF changes role from FOLLOWER to CANDIDATE at term 0 for changeToCandidate
2019-09-12 10:31:36,311 [Thread-685] INFO  impl.RoleInfo (RoleInfo.java:updateAndGet(143)) - ff438662-24cf-49bb-bfc5-3308ec6d286b: start LeaderElection
2019-09-12 10:31:36,320 [main] INFO  ozone.HddsDatanodeService (HddsDatanodeService.java:start(184)) - HddsDatanodeService host:pr-hdds-1569-58hkm-1881083799 ip:192.168.36.114
2019-09-12 10:31:36,322 [Thread-688] INFO  impl.FollowerState (FollowerState.java:run(106)) - ff438662-24cf-49bb-bfc5-3308ec6d286b:group-000AA9322590 changes to CANDIDATE, lastRpcTime:5108, electionTimeout:5108ms
2019-09-12 10:31:36,322 [Thread-688] INFO  impl.RoleInfo (RoleInfo.java:shutdownFollowerState(121)) - ff438662-24cf-49bb-bfc5-3308ec6d286b: shutdown FollowerState
2019-09-12 10:31:36,322 [Thread-688] INFO  impl.RaftServerImpl (RaftServerImpl.java:setRole(171)) - ff438662-24cf-49bb-bfc5-3308ec6d286b:group-000AA9322590 changes role from FOLLOWER to CANDIDATE at term 0 for changeToCandidate
2019-09-12 10:31:36,322 [Thread-688] INFO  impl.RoleInfo (RoleInfo.java:updateAndGet(143)) - ff438662-24cf-49bb-bfc5-3308ec6d286b: start LeaderElection
2019-09-12 10:31:36,333 [ff438662-24cf-49bb-bfc5-3308ec6d286b:group-5661C0F71EDF:LeaderElection43] INFO  impl.LeaderElection (LeaderElection.java:askForVotes(181)) - ff438662-24cf-49bb-bfc5-3308ec6d286b:group-5661C0F71EDF:LeaderElection43: begin an election at term 1 for -1: [ff438662-24cf-49bb-bfc5-3308ec6d286b:192.168.36.114:40451], old=null
2019-09-12 10:31:36,333 [ff438662-24cf-49bb-bfc5-3308ec6d286b:group-000AA9322590:LeaderElection44] INFO  impl.LeaderElection (LeaderElection.java:askForVotes(181)) - ff438662-24cf-49bb-bfc5-3308ec6d286b:group-000AA9322590:LeaderElection44: begin an election at term 1 for -1: [ff438662-24cf-49bb-bfc5-3308ec6d286b:192.168.36.114:40451], old=null
2019-09-12 10:31:36,337 [main] INFO  volume.HddsVolume (HddsVolume.java:<init>(176)) - Creating Volume: /workdir/hadoop-ozone/integration-test/target/test-dir/MiniOzoneClusterImpl-d867a4e1-154a-4113-b5e4-c09c14df2894/datanode-2/data/containers/hdds of  storage type : DISK and capacity : 1482555576320
2019-09-12 10:31:36,338 [ff438662-24cf-49bb-bfc5-3308ec6d286b:group-000AA9322590:LeaderElection44] INFO  impl.RoleInfo (RoleInfo.java:shutdownLeaderElection(134)) - ff438662-24cf-49bb-bfc5-3308ec6d286b: shutdown LeaderElection
2019-09-12 10:31:36,338 [main] INFO  volume.VolumeSet (VolumeSet.java:initializeVolumeSet(170)) - Added Volume : /workdir/hadoop-ozone/integration-test/target/test-dir/MiniOzoneClusterImpl-d867a4e1-154a-4113-b5e4-c09c14df2894/datanode-2/data/containers/hdds to VolumeSet
2019-09-12 10:31:36,338 [ff438662-24cf-49bb-bfc5-3308ec6d286b:group-5661C0F71EDF:LeaderElection43] INFO  impl.RoleInfo (RoleInfo.java:shutdownLeaderElection(134)) - ff438662-24cf-49bb-bfc5-3308ec6d286b: shutdown LeaderElection
2019-09-12 10:31:36,338 [main] INFO  volume.ThrottledAsyncChecker (ThrottledAsyncChecker.java:schedule(140)) - Scheduling a check for org.apache.hadoop.ozone.container.common.volume.HddsVolume@438c0aaf
2019-09-12 10:31:36,338 [ff438662-24cf-49bb-bfc5-3308ec6d286b:group-000AA9322590:LeaderElection44] INFO  impl.RaftServerImpl (RaftServerImpl.java:setRole(171)) - ff438662-24cf-49bb-bfc5-3308ec6d286b:group-000AA9322590 changes role from CANDIDATE to LEADER at term 1 for changeToLeader
2019-09-12 10:31:36,338 [ff438662-24cf-49bb-bfc5-3308ec6d286b:group-5661C0F71EDF:LeaderElection43] INFO  impl.RaftServerImpl (RaftServerImpl.java:setRole(171)) - ff438662-24cf-49bb-bfc5-3308ec6d286b:group-5661C0F71EDF changes role from CANDIDATE to LEADER at term 1 for changeToLeader
2019-09-12 10:31:36,339 [main] INFO  volume.HddsVolumeChecker (HddsVolumeChecker.java:checkAllVolumes(203)) - Scheduled health check for volume org.apache.hadoop.ozone.container.common.volume.HddsVolume@438c0aaf
2019-09-12 10:31:36,339 [ff438662-24cf-49bb-bfc5-3308ec6d286b:group-000AA9322590:LeaderElection44] INFO  impl.RaftServerImpl (ServerState.java:setLeader(263)) - ff438662-24cf-49bb-bfc5-3308ec6d286b:group-000AA9322590 change Leader from null to ff438662-24cf-49bb-bfc5-3308ec6d286b at term 1 for becomeLeader, leader elected after 5129ms
2019-09-12 10:31:36,339 [ff438662-24cf-49bb-bfc5-3308ec6d286b:group-5661C0F71EDF:LeaderElection43] INFO  impl.RaftServerImpl (ServerState.java:setLeader(263)) - ff438662-24cf-49bb-bfc5-3308ec6d286b:group-5661C0F71EDF change Leader from null to ff438662-24cf-49bb-bfc5-3308ec6d286b at term 1 for becomeLeader, leader elected after 5177ms
2019-09-12 10:31:36,348 [ff438662-24cf-49bb-bfc5-3308ec6d286b:group-000AA9322590:LeaderElection44] INFO  server.RaftServerConfigKeys (ConfUtils.java:logGet(43)) - raft.server.staging.catchup.gap = 1000 (default)
2019-09-12 10:31:36,348 [ff438662-24cf-49bb-bfc5-3308ec6d286b:group-5661C0F71EDF:LeaderElection43] INFO  server.RaftServerConfigKeys (ConfUtils.java:logGet(43)) - raft.server.staging.catchup.gap = 1000 (default)
2019-09-12 10:31:36,348 [ff438662-24cf-49bb-bfc5-3308ec6d286b:group-000AA9322590:LeaderElection44] INFO  server.RaftServerConfigKeys (ConfUtils.java:logGet(43)) - raft.server.rpc.sleep.time = 25ms (default)
2019-09-12 10:31:36,348 [ff438662-24cf-49bb-bfc5-3308ec6d286b:group-5661C0F71EDF:LeaderElection43] INFO  server.RaftServerConfigKeys (ConfUtils.java:logGet(43)) - raft.server.rpc.sleep.time = 25ms (default)
2019-09-12 10:31:36,348 [ff438662-24cf-49bb-bfc5-3308ec6d286b:group-000AA9322590:LeaderElection44] INFO  server.RaftServerConfigKeys (ConfUtils.java:logGet(43)) - raft.server.write.element-limit = 4096 (default)
2019-09-12 10:31:36,348 [ff438662-24cf-49bb-bfc5-3308ec6d286b:group-5661C0F71EDF:LeaderElection43] INFO  server.RaftServerConfigKeys (ConfUtils.java:logGet(43)) - raft.server.write.element-limit = 4096 (default)
2019-09-12 10:31:36,349 [ff438662-24cf-49bb-bfc5-3308ec6d286b:group-000AA9322590:LeaderElection44] INFO  server.RaftServerConfigKeys (ConfUtils.java:logGet(43)) - raft.server.watch.timeout = 10s (default)
2019-09-12 10:31:36,349 [ff438662-24cf-49bb-bfc5-3308ec6d286b:group-5661C0F71EDF:LeaderElection43] INFO  server.RaftServerConfigKeys (ConfUtils.java:logGet(43)) - raft.server.watch.timeout = 10s (default)
2019-09-12 10:31:36,349 [ff438662-24cf-49bb-bfc5-3308ec6d286b:group-000AA9322590:LeaderElection44] INFO  server.RaftServerConfigKeys (ConfUtils.java:logGet(43)) - raft.server.watch.timeout.denomination = 1s (default)
2019-09-12 10:31:36,349 [ff438662-24cf-49bb-bfc5-3308ec6d286b:group-5661C0F71EDF:LeaderElection43] INFO  server.RaftServerConfigKeys (ConfUtils.java:logGet(43)) - raft.server.watch.timeout.denomination = 1s (default)
2019-09-12 10:31:36,349 [ff438662-24cf-49bb-bfc5-3308ec6d286b:group-000AA9322590:LeaderElection44] INFO  server.RaftServerConfigKeys (ConfUtils.java:logGet(43)) - raft.server.watch.element-limit = 65536 (default)
2019-09-12 10:31:36,349 [ff438662-24cf-49bb-bfc5-3308ec6d286b:group-5661C0F71EDF:LeaderElection43] INFO  server.RaftServerConfigKeys (ConfUtils.java:logGet(43)) - raft.server.watch.element-limit = 65536 (default)
2019-09-12 10:31:36,350 [ff438662-24cf-49bb-bfc5-3308ec6d286b:group-000AA9322590:LeaderElection44] INFO  impl.RoleInfo (RoleInfo.java:updateAndGet(143)) - ff438662-24cf-49bb-bfc5-3308ec6d286b: start LeaderState
2019-09-12 10:31:36,350 [ff438662-24cf-49bb-bfc5-3308ec6d286b:group-5661C0F71EDF:LeaderElection43] INFO  impl.RoleInfo (RoleInfo.java:updateAndGet(143)) - ff438662-24cf-49bb-bfc5-3308ec6d286b: start LeaderState
2019-09-12 10:31:36,350 | INFO  | SCMAudit | user=jenkins1000 | ip=192.168.36.114 | op=SEND_HEARTBEAT {datanodeUUID=2d50b591-d6e4-490f-9fa0-973ad5423bd7, command=[]} | ret=SUCCESS |  
2019-09-12 10:31:36,350 [ff438662-24cf-49bb-bfc5-3308ec6d286b:group-000AA9322590:LeaderElection44] INFO  segmented.SegmentedRaftLogWorker (SegmentedRaftLogWorker.java:startLogSegment(380)) - ff438662-24cf-49bb-bfc5-3308ec6d286b-SegmentedRaftLogWorker:Storage Directory /workdir/hadoop-ozone/integration-test/target/test-dir/MiniOzoneClusterImpl-87a68f7a-76d1-4e01-bf62-4b4b582b7243/datanode-0/data/ratis/b7380535-041f-4a5d-8a08-000aa9322590: Starting segment from index:0
2019-09-12 10:31:36,350 [ff438662-24cf-49bb-bfc5-3308ec6d286b:group-5661C0F71EDF:LeaderElection43] INFO  segmented.SegmentedRaftLogWorker (SegmentedRaftLogWorker.java:startLogSegment(380)) - ff438662-24cf-49bb-bfc5-3308ec6d286b-SegmentedRaftLogWorker:Storage Directory /workdir/hadoop-ozone/integration-test/target/test-dir/MiniOzoneClusterImpl-87a68f7a-76d1-4e01-bf62-4b4b582b7243/datanode-0/data/ratis/d51f723c-aacb-4bd7-9c8c-5661c0f71edf: Starting segment from index:0
2019-09-12 10:31:36,351 [ff438662-24cf-49bb-bfc5-3308ec6d286b:group-000AA9322590:LeaderElection44] INFO  impl.RaftServerImpl (ServerState.java:setRaftConf(361)) - ff438662-24cf-49bb-bfc5-3308ec6d286b:group-000AA9322590 set configuration 0: [ff438662-24cf-49bb-bfc5-3308ec6d286b:192.168.36.114:40451], old=null at 0
2019-09-12 10:31:36,351 [ff438662-24cf-49bb-bfc5-3308ec6d286b:group-5661C0F71EDF:LeaderElection43] INFO  impl.RaftServerImpl (ServerState.java:setRaftConf(361)) - ff438662-24cf-49bb-bfc5-3308ec6d286b:group-5661C0F71EDF set configuration 0: [ff438662-24cf-49bb-bfc5-3308ec6d286b:192.168.36.114:40451], old=null at 0
2019-09-12 10:31:36,405 [Thread-691] INFO  impl.FollowerState (FollowerState.java:run(106)) - ff438662-24cf-49bb-bfc5-3308ec6d286b:group-D67F3CD0FE0D changes to CANDIDATE, lastRpcTime:5149, electionTimeout:5139ms
2019-09-12 10:31:36,405 [Thread-691] INFO  impl.RoleInfo (RoleInfo.java:shutdownFollowerState(121)) - ff438662-24cf-49bb-bfc5-3308ec6d286b: shutdown FollowerState
2019-09-12 10:31:36,405 [Thread-691] INFO  impl.RaftServerImpl (RaftServerImpl.java:setRole(171)) - ff438662-24cf-49bb-bfc5-3308ec6d286b:group-D67F3CD0FE0D changes role from FOLLOWER to CANDIDATE at term 0 for changeToCandidate
2019-09-12 10:31:36,406 [Thread-691] INFO  impl.RoleInfo (RoleInfo.java:updateAndGet(143)) - ff438662-24cf-49bb-bfc5-3308ec6d286b: start LeaderElection
2019-09-12 10:31:36,406 [main] INFO  impl.RaftServerProxy (ConfUtils.java:logGet(43)) - raft.rpc.type = GRPC (default)
2019-09-12 10:31:36,412 | INFO  | SCMAudit | user=jenkins1000 | ip=192.168.36.114 | op=SEND_HEARTBEAT {datanodeUUID=bcda0514-d42e-47ca-96fd-c0a633e872a8, command=[]} | ret=SUCCESS |  
2019-09-12 10:31:36,411 [main] INFO  grpc.GrpcFactory (GrpcFactory.java:checkPooledByteBufAllocatorUseCacheForAllThreads(45)) - PERFORMANCE WARNING: useCacheForAllThreads is true that may cause Netty to create a lot garbage objects and, as a result, trigger GC.
	It is recommended to disable useCacheForAllThreads by setting -Dorg.apache.ratis.thirdparty.io.netty.allocator.useCacheForAllThreads=false in command line.
2019-09-12 10:31:36,412 | INFO  | SCMAudit | user=jenkins1000 | ip=192.168.36.114 | op=SEND_HEARTBEAT {datanodeUUID=c1e71898-521f-4627-a3f1-9884c4b96ced, command=[]} | ret=SUCCESS |  
2019-09-12 10:31:36,412 [main] INFO  grpc.GrpcConfigKeys$Server (ConfUtils.java:logGet(43)) - raft.grpc.server.port = 0 (default)
2019-09-12 10:31:36,412 [main] INFO  server.GrpcService (ConfUtils.java:logGet(43)) - raft.grpc.message.size.max = 33570816 (custom)
2019-09-12 10:31:36,412 [main] INFO  server.RaftServerConfigKeys (ConfUtils.java:logGet(43)) - raft.server.log.appender.buffer.byte-limit = 33554432 (custom)
2019-09-12 10:31:36,413 [main] INFO  server.GrpcService (ConfUtils.java:logGet(43)) - raft.grpc.flow.control.window = 1MB (=1048576) (default)
2019-09-12 10:31:36,413 [main] INFO  server.RaftServerConfigKeys (ConfUtils.java:logGet(43)) - raft.server.rpc.request.timeout = 3000ms (default)
2019-09-12 10:31:36,414 [main] INFO  server.RaftServerConfigKeys (ConfUtils.java:logGet(43)) - raft.server.storage.dir = [/workdir/hadoop-ozone/integration-test/target/test-dir/MiniOzoneClusterImpl-d867a4e1-154a-4113-b5e4-c09c14df2894/datanode-2/data/ratis] (custom)
2019-09-12 10:31:36,415 [main] INFO  replication.SimpleContainerDownloader (SimpleContainerDownloader.java:<init>(72)) - Starting container downloader service to copy containers to replicate.
2019-09-12 10:31:36,416 [main] INFO  hdfs.DFSUtil (DFSUtil.java:httpServerTemplateForNNAndJN(1641)) - Starting Web-server for hddsDatanode at: http://0.0.0.0:0
2019-09-12 10:31:36,419 [main] INFO  server.AuthenticationFilter (AuthenticationFilter.java:constructSecretProvider(240)) - Unable to initialize FileSignerSecretProvider, falling back to use random secrets.
2019-09-12 10:31:36,420 [main] WARN  http.HttpRequestLog (HttpRequestLog.java:getRequestLog(97)) - Jetty request log can only be enabled using Log4j
2019-09-12 10:31:36,423 [main] INFO  http.HttpServer2 (HttpServer2.java:addGlobalFilter(975)) - Added global filter 'safety' (class=org.apache.hadoop.http.HttpServer2$QuotingInputFilter)
2019-09-12 10:31:36,424 [main] INFO  http.HttpServer2 (HttpServer2.java:addFilter(948)) - Added filter static_user_filter (class=org.apache.hadoop.http.lib.StaticUserWebFilter$StaticUserFilter) to context hddsDatanode
2019-09-12 10:31:36,424 [main] INFO  http.HttpServer2 (HttpServer2.java:addFilter(958)) - Added filter static_user_filter (class=org.apache.hadoop.http.lib.StaticUserWebFilter$StaticUserFilter) to context logs
2019-09-12 10:31:36,424 [main] INFO  http.HttpServer2 (HttpServer2.java:addFilter(958)) - Added filter static_user_filter (class=org.apache.hadoop.http.lib.StaticUserWebFilter$StaticUserFilter) to context static
2019-09-12 10:31:36,426 [main] INFO  http.HttpServer2 (HttpServer2.java:bindListener(1191)) - Jetty bound to port 46124
2019-09-12 10:31:36,426 [main] INFO  server.Server (Server.java:doStart(351)) - jetty-9.3.24.v20180605, build timestamp: 2018-06-05T17:11:56Z, git hash: 84205aa28f11a4f31f2a3b86d1bba2cc8ab69827
2019-09-12 10:31:36,429 [main] INFO  handler.ContextHandler (ContextHandler.java:doStart(781)) - Started o.e.j.s.ServletContextHandler@3d7caf9c{/logs,file:///workdir/hadoop-ozone/integration-test/target/log,AVAILABLE}
2019-09-12 10:31:36,429 [ff438662-24cf-49bb-bfc5-3308ec6d286b-SegmentedRaftLogWorker:Storage Directory /workdir/hadoop-ozone/integration-test/target/test-dir/MiniOzoneClusterImpl-87a68f7a-76d1-4e01-bf62-4b4b582b7243/datanode-0/data/ratis/b7380535-041f-4a5d-8a08-000aa9322590] INFO  segmented.SegmentedRaftLogWorker (SegmentedRaftLogWorker.java:execute(569)) - ff438662-24cf-49bb-bfc5-3308ec6d286b-SegmentedRaftLogWorker:Storage Directory /workdir/hadoop-ozone/integration-test/target/test-dir/MiniOzoneClusterImpl-87a68f7a-76d1-4e01-bf62-4b4b582b7243/datanode-0/data/ratis/b7380535-041f-4a5d-8a08-000aa9322590: created new log segment /workdir/hadoop-ozone/integration-test/target/test-dir/MiniOzoneClusterImpl-87a68f7a-76d1-4e01-bf62-4b4b582b7243/datanode-0/data/ratis/b7380535-041f-4a5d-8a08-000aa9322590/current/log_inprogress_0
2019-09-12 10:31:36,430 [main] INFO  handler.ContextHandler (ContextHandler.java:doStart(781)) - Started o.e.j.s.ServletContextHandler@1782896{/static,jar:file:/home/user/.m2/repository/org/apache/hadoop/hadoop-hdds-container-service/0.5.0-SNAPSHOT/hadoop-hdds-container-service-0.5.0-SNAPSHOT.jar!/webapps/static,AVAILABLE}
2019-09-12 10:31:36,430 [ff438662-24cf-49bb-bfc5-3308ec6d286b:group-D67F3CD0FE0D:LeaderElection45] INFO  impl.LeaderElection (LeaderElection.java:askForVotes(181)) - ff438662-24cf-49bb-bfc5-3308ec6d286b:group-D67F3CD0FE0D:LeaderElection45: begin an election at term 1 for -1: [ff438662-24cf-49bb-bfc5-3308ec6d286b:192.168.36.114:40451], old=null
2019-09-12 10:31:36,429 [ff438662-24cf-49bb-bfc5-3308ec6d286b-SegmentedRaftLogWorker:Storage Directory /workdir/hadoop-ozone/integration-test/target/test-dir/MiniOzoneClusterImpl-87a68f7a-76d1-4e01-bf62-4b4b582b7243/datanode-0/data/ratis/d51f723c-aacb-4bd7-9c8c-5661c0f71edf] INFO  segmented.SegmentedRaftLogWorker (SegmentedRaftLogWorker.java:execute(569)) - ff438662-24cf-49bb-bfc5-3308ec6d286b-SegmentedRaftLogWorker:Storage Directory /workdir/hadoop-ozone/integration-test/target/test-dir/MiniOzoneClusterImpl-87a68f7a-76d1-4e01-bf62-4b4b582b7243/datanode-0/data/ratis/d51f723c-aacb-4bd7-9c8c-5661c0f71edf: created new log segment /workdir/hadoop-ozone/integration-test/target/test-dir/MiniOzoneClusterImpl-87a68f7a-76d1-4e01-bf62-4b4b582b7243/datanode-0/data/ratis/d51f723c-aacb-4bd7-9c8c-5661c0f71edf/current/log_inprogress_0
2019-09-12 10:31:36,430 [ff438662-24cf-49bb-bfc5-3308ec6d286b:group-D67F3CD0FE0D:LeaderElection45] INFO  impl.RoleInfo (RoleInfo.java:shutdownLeaderElection(134)) - ff438662-24cf-49bb-bfc5-3308ec6d286b: shutdown LeaderElection
2019-09-12 10:31:36,431 [ff438662-24cf-49bb-bfc5-3308ec6d286b:group-D67F3CD0FE0D:LeaderElection45] INFO  impl.RaftServerImpl (RaftServerImpl.java:setRole(171)) - ff438662-24cf-49bb-bfc5-3308ec6d286b:group-D67F3CD0FE0D changes role from CANDIDATE to LEADER at term 1 for changeToLeader
2019-09-12 10:31:36,431 [ff438662-24cf-49bb-bfc5-3308ec6d286b:group-D67F3CD0FE0D:LeaderElection45] INFO  impl.RaftServerImpl (ServerState.java:setLeader(263)) - ff438662-24cf-49bb-bfc5-3308ec6d286b:group-D67F3CD0FE0D change Leader from null to ff438662-24cf-49bb-bfc5-3308ec6d286b at term 1 for becomeLeader, leader elected after 5179ms
2019-09-12 10:31:36,431 [ff438662-24cf-49bb-bfc5-3308ec6d286b:group-D67F3CD0FE0D:LeaderElection45] INFO  server.RaftServerConfigKeys (ConfUtils.java:logGet(43)) - raft.server.staging.catchup.gap = 1000 (default)
2019-09-12 10:31:36,431 [ff438662-24cf-49bb-bfc5-3308ec6d286b:group-D67F3CD0FE0D:LeaderElection45] INFO  server.RaftServerConfigKeys (ConfUtils.java:logGet(43)) - raft.server.rpc.sleep.time = 25ms (default)
2019-09-12 10:31:36,431 [ff438662-24cf-49bb-bfc5-3308ec6d286b:group-D67F3CD0FE0D:LeaderElection45] INFO  server.RaftServerConfigKeys (ConfUtils.java:logGet(43)) - raft.server.write.element-limit = 4096 (default)
2019-09-12 10:31:36,432 [ff438662-24cf-49bb-bfc5-3308ec6d286b:group-D67F3CD0FE0D:LeaderElection45] INFO  server.RaftServerConfigKeys (ConfUtils.java:logGet(43)) - raft.server.watch.timeout = 10s (default)
2019-09-12 10:31:36,432 [ff438662-24cf-49bb-bfc5-3308ec6d286b:group-D67F3CD0FE0D:LeaderElection45] INFO  server.RaftServerConfigKeys (ConfUtils.java:logGet(43)) - raft.server.watch.timeout.denomination = 1s (default)
2019-09-12 10:31:36,432 [ff438662-24cf-49bb-bfc5-3308ec6d286b:group-D67F3CD0FE0D:LeaderElection45] INFO  server.RaftServerConfigKeys (ConfUtils.java:logGet(43)) - raft.server.watch.element-limit = 65536 (default)
2019-09-12 10:31:36,432 [ff438662-24cf-49bb-bfc5-3308ec6d286b:group-D67F3CD0FE0D:LeaderElection45] INFO  impl.RoleInfo (RoleInfo.java:updateAndGet(143)) - ff438662-24cf-49bb-bfc5-3308ec6d286b: start LeaderState
2019-09-12 10:31:36,432 [ff438662-24cf-49bb-bfc5-3308ec6d286b:group-D67F3CD0FE0D:LeaderElection45] INFO  segmented.SegmentedRaftLogWorker (SegmentedRaftLogWorker.java:startLogSegment(380)) - ff438662-24cf-49bb-bfc5-3308ec6d286b-SegmentedRaftLogWorker:Storage Directory /workdir/hadoop-ozone/integration-test/target/test-dir/MiniOzoneClusterImpl-87a68f7a-76d1-4e01-bf62-4b4b582b7243/datanode-0/data/ratis/43accfaf-5817-4095-a2e6-d67f3cd0fe0d: Starting segment from index:0
2019-09-12 10:31:36,433 [ff438662-24cf-49bb-bfc5-3308ec6d286b:group-D67F3CD0FE0D:LeaderElection45] INFO  impl.RaftServerImpl (ServerState.java:setRaftConf(361)) - ff438662-24cf-49bb-bfc5-3308ec6d286b:group-D67F3CD0FE0D set configuration 0: [ff438662-24cf-49bb-bfc5-3308ec6d286b:192.168.36.114:40451], old=null at 0
2019-09-12 10:31:36,451 [Thread-700] INFO  impl.FollowerState (FollowerState.java:run(106)) - 2d50b591-d6e4-490f-9fa0-973ad5423bd7:group-36FF0D7E9A7E changes to CANDIDATE, lastRpcTime:5026, electionTimeout:5026ms
2019-09-12 10:31:36,452 [Thread-700] INFO  impl.RoleInfo (RoleInfo.java:shutdownFollowerState(121)) - 2d50b591-d6e4-490f-9fa0-973ad5423bd7: shutdown FollowerState
2019-09-12 10:31:36,452 [Thread-700] INFO  impl.RaftServerImpl (RaftServerImpl.java:setRole(171)) - 2d50b591-d6e4-490f-9fa0-973ad5423bd7:group-36FF0D7E9A7E changes role from FOLLOWER to CANDIDATE at term 0 for changeToCandidate
2019-09-12 10:31:36,452 [Thread-700] INFO  impl.RoleInfo (RoleInfo.java:updateAndGet(143)) - 2d50b591-d6e4-490f-9fa0-973ad5423bd7: start LeaderElection
2019-09-12 10:31:36,475 [Thread-694] INFO  impl.FollowerState (FollowerState.java:run(106)) - ff438662-24cf-49bb-bfc5-3308ec6d286b:group-35431CBB8B81 changes to CANDIDATE, lastRpcTime:5165, electionTimeout:5163ms
2019-09-12 10:31:36,476 [Thread-694] INFO  impl.RoleInfo (RoleInfo.java:shutdownFollowerState(121)) - ff438662-24cf-49bb-bfc5-3308ec6d286b: shutdown FollowerState
2019-09-12 10:31:36,476 [Thread-694] INFO  impl.RaftServerImpl (RaftServerImpl.java:setRole(171)) - ff438662-24cf-49bb-bfc5-3308ec6d286b:group-35431CBB8B81 changes role from FOLLOWER to CANDIDATE at term 0 for changeToCandidate
2019-09-12 10:31:36,476 [Thread-694] INFO  impl.RoleInfo (RoleInfo.java:updateAndGet(143)) - ff438662-24cf-49bb-bfc5-3308ec6d286b: start LeaderElection
2019-09-12 10:31:36,487 [ff438662-24cf-49bb-bfc5-3308ec6d286b-SegmentedRaftLogWorker:Storage Directory /workdir/hadoop-ozone/integration-test/target/test-dir/MiniOzoneClusterImpl-87a68f7a-76d1-4e01-bf62-4b4b582b7243/datanode-0/data/ratis/43accfaf-5817-4095-a2e6-d67f3cd0fe0d] INFO  segmented.SegmentedRaftLogWorker (SegmentedRaftLogWorker.java:execute(569)) - ff438662-24cf-49bb-bfc5-3308ec6d286b-SegmentedRaftLogWorker:Storage Directory /workdir/hadoop-ozone/integration-test/target/test-dir/MiniOzoneClusterImpl-87a68f7a-76d1-4e01-bf62-4b4b582b7243/datanode-0/data/ratis/43accfaf-5817-4095-a2e6-d67f3cd0fe0d: created new log segment /workdir/hadoop-ozone/integration-test/target/test-dir/MiniOzoneClusterImpl-87a68f7a-76d1-4e01-bf62-4b4b582b7243/datanode-0/data/ratis/43accfaf-5817-4095-a2e6-d67f3cd0fe0d/current/log_inprogress_0
2019-09-12 10:31:36,499 [2d50b591-d6e4-490f-9fa0-973ad5423bd7:group-36FF0D7E9A7E:LeaderElection46] INFO  impl.LeaderElection (LeaderElection.java:askForVotes(181)) - 2d50b591-d6e4-490f-9fa0-973ad5423bd7:group-36FF0D7E9A7E:LeaderElection46: begin an election at term 1 for -1: [2d50b591-d6e4-490f-9fa0-973ad5423bd7:192.168.36.114:39042], old=null
2019-09-12 10:31:36,499 [2d50b591-d6e4-490f-9fa0-973ad5423bd7:group-36FF0D7E9A7E:LeaderElection46] INFO  impl.RoleInfo (RoleInfo.java:shutdownLeaderElection(134)) - 2d50b591-d6e4-490f-9fa0-973ad5423bd7: shutdown LeaderElection
2019-09-12 10:31:36,499 [2d50b591-d6e4-490f-9fa0-973ad5423bd7:group-36FF0D7E9A7E:LeaderElection46] INFO  impl.RaftServerImpl (RaftServerImpl.java:setRole(171)) - 2d50b591-d6e4-490f-9fa0-973ad5423bd7:group-36FF0D7E9A7E changes role from CANDIDATE to LEADER at term 1 for changeToLeader
2019-09-12 10:31:36,500 [2d50b591-d6e4-490f-9fa0-973ad5423bd7:group-36FF0D7E9A7E:LeaderElection46] INFO  impl.RaftServerImpl (ServerState.java:setLeader(263)) - 2d50b591-d6e4-490f-9fa0-973ad5423bd7:group-36FF0D7E9A7E change Leader from null to 2d50b591-d6e4-490f-9fa0-973ad5423bd7 at term 1 for becomeLeader, leader elected after 5078ms
2019-09-12 10:31:36,500 [2d50b591-d6e4-490f-9fa0-973ad5423bd7:group-36FF0D7E9A7E:LeaderElection46] INFO  server.RaftServerConfigKeys (ConfUtils.java:logGet(43)) - raft.server.staging.catchup.gap = 1000 (default)
2019-09-12 10:31:36,500 [2d50b591-d6e4-490f-9fa0-973ad5423bd7:group-36FF0D7E9A7E:LeaderElection46] INFO  server.RaftServerConfigKeys (ConfUtils.java:logGet(43)) - raft.server.rpc.sleep.time = 25ms (default)
2019-09-12 10:31:36,500 [2d50b591-d6e4-490f-9fa0-973ad5423bd7:group-36FF0D7E9A7E:LeaderElection46] INFO  server.RaftServerConfigKeys (ConfUtils.java:logGet(43)) - raft.server.write.element-limit = 4096 (default)
2019-09-12 10:31:36,500 [2d50b591-d6e4-490f-9fa0-973ad5423bd7:group-36FF0D7E9A7E:LeaderElection46] INFO  server.RaftServerConfigKeys (ConfUtils.java:logGet(43)) - raft.server.watch.timeout = 10s (default)
2019-09-12 10:31:36,500 [ff438662-24cf-49bb-bfc5-3308ec6d286b:group-35431CBB8B81:LeaderElection47] INFO  impl.LeaderElection (LeaderElection.java:askForVotes(181)) - ff438662-24cf-49bb-bfc5-3308ec6d286b:group-35431CBB8B81:LeaderElection47: begin an election at term 1 for -1: [ff438662-24cf-49bb-bfc5-3308ec6d286b:192.168.36.114:40451], old=null
2019-09-12 10:31:36,500 [2d50b591-d6e4-490f-9fa0-973ad5423bd7:group-36FF0D7E9A7E:LeaderElection46] INFO  server.RaftServerConfigKeys (ConfUtils.java:logGet(43)) - raft.server.watch.timeout.denomination = 1s (default)
2019-09-12 10:31:36,501 [ff438662-24cf-49bb-bfc5-3308ec6d286b:group-35431CBB8B81:LeaderElection47] INFO  impl.RoleInfo (RoleInfo.java:shutdownLeaderElection(134)) - ff438662-24cf-49bb-bfc5-3308ec6d286b: shutdown LeaderElection
2019-09-12 10:31:36,501 [2d50b591-d6e4-490f-9fa0-973ad5423bd7:group-36FF0D7E9A7E:LeaderElection46] INFO  server.RaftServerConfigKeys (ConfUtils.java:logGet(43)) - raft.server.watch.element-limit = 65536 (default)
2019-09-12 10:31:36,501 [ff438662-24cf-49bb-bfc5-3308ec6d286b:group-35431CBB8B81:LeaderElection47] INFO  impl.RaftServerImpl (RaftServerImpl.java:setRole(171)) - ff438662-24cf-49bb-bfc5-3308ec6d286b:group-35431CBB8B81 changes role from CANDIDATE to LEADER at term 1 for changeToLeader
2019-09-12 10:31:36,501 [ff438662-24cf-49bb-bfc5-3308ec6d286b:group-35431CBB8B81:LeaderElection47] INFO  impl.RaftServerImpl (ServerState.java:setLeader(263)) - ff438662-24cf-49bb-bfc5-3308ec6d286b:group-35431CBB8B81 change Leader from null to ff438662-24cf-49bb-bfc5-3308ec6d286b at term 1 for becomeLeader, leader elected after 5196ms
2019-09-12 10:31:36,501 [2d50b591-d6e4-490f-9fa0-973ad5423bd7:group-36FF0D7E9A7E:LeaderElection46] INFO  impl.RoleInfo (RoleInfo.java:updateAndGet(143)) - 2d50b591-d6e4-490f-9fa0-973ad5423bd7: start LeaderState
2019-09-12 10:31:36,501 [ff438662-24cf-49bb-bfc5-3308ec6d286b:group-35431CBB8B81:LeaderElection47] INFO  server.RaftServerConfigKeys (ConfUtils.java:logGet(43)) - raft.server.staging.catchup.gap = 1000 (default)
2019-09-12 10:31:36,502 [ff438662-24cf-49bb-bfc5-3308ec6d286b:group-35431CBB8B81:LeaderElection47] INFO  server.RaftServerConfigKeys (ConfUtils.java:logGet(43)) - raft.server.rpc.sleep.time = 25ms (default)
2019-09-12 10:31:36,502 [2d50b591-d6e4-490f-9fa0-973ad5423bd7:group-36FF0D7E9A7E:LeaderElection46] INFO  segmented.SegmentedRaftLogWorker (SegmentedRaftLogWorker.java:startLogSegment(380)) - 2d50b591-d6e4-490f-9fa0-973ad5423bd7-SegmentedRaftLogWorker:Storage Directory /workdir/hadoop-ozone/integration-test/target/test-dir/MiniOzoneClusterImpl-87a68f7a-76d1-4e01-bf62-4b4b582b7243/datanode-1/data/ratis/4d0808c6-0e6c-47dd-bd4d-36ff0d7e9a7e: Starting segment from index:0
2019-09-12 10:31:36,502 [ff438662-24cf-49bb-bfc5-3308ec6d286b:group-35431CBB8B81:LeaderElection47] INFO  server.RaftServerConfigKeys (ConfUtils.java:logGet(43)) - raft.server.write.element-limit = 4096 (default)
2019-09-12 10:31:36,502 [ff438662-24cf-49bb-bfc5-3308ec6d286b:group-35431CBB8B81:LeaderElection47] INFO  server.RaftServerConfigKeys (ConfUtils.java:logGet(43)) - raft.server.watch.timeout = 10s (default)
2019-09-12 10:31:36,502 [ff438662-24cf-49bb-bfc5-3308ec6d286b:group-35431CBB8B81:LeaderElection47] INFO  server.RaftServerConfigKeys (ConfUtils.java:logGet(43)) - raft.server.watch.timeout.denomination = 1s (default)
2019-09-12 10:31:36,502 [2d50b591-d6e4-490f-9fa0-973ad5423bd7:group-36FF0D7E9A7E:LeaderElection46] INFO  impl.RaftServerImpl (ServerState.java:setRaftConf(361)) - 2d50b591-d6e4-490f-9fa0-973ad5423bd7:group-36FF0D7E9A7E set configuration 0: [2d50b591-d6e4-490f-9fa0-973ad5423bd7:192.168.36.114:39042], old=null at 0
2019-09-12 10:31:36,503 [ff438662-24cf-49bb-bfc5-3308ec6d286b:group-35431CBB8B81:LeaderElection47] INFO  server.RaftServerConfigKeys (ConfUtils.java:logGet(43)) - raft.server.watch.element-limit = 65536 (default)
2019-09-12 10:31:36,503 [ff438662-24cf-49bb-bfc5-3308ec6d286b:group-35431CBB8B81:LeaderElection47] INFO  impl.RoleInfo (RoleInfo.java:updateAndGet(143)) - ff438662-24cf-49bb-bfc5-3308ec6d286b: start LeaderState
2019-09-12 10:31:36,503 [ff438662-24cf-49bb-bfc5-3308ec6d286b:group-35431CBB8B81:LeaderElection47] INFO  segmented.SegmentedRaftLogWorker (SegmentedRaftLogWorker.java:startLogSegment(380)) - ff438662-24cf-49bb-bfc5-3308ec6d286b-SegmentedRaftLogWorker:Storage Directory /workdir/hadoop-ozone/integration-test/target/test-dir/MiniOzoneClusterImpl-87a68f7a-76d1-4e01-bf62-4b4b582b7243/datanode-0/data/ratis/0a901e09-e322-4acc-b49c-35431cbb8b81: Starting segment from index:0
2019-09-12 10:31:36,504 [ff438662-24cf-49bb-bfc5-3308ec6d286b:group-35431CBB8B81:LeaderElection47] INFO  impl.RaftServerImpl (ServerState.java:setRaftConf(361)) - ff438662-24cf-49bb-bfc5-3308ec6d286b:group-35431CBB8B81 set configuration 0: [ff438662-24cf-49bb-bfc5-3308ec6d286b:192.168.36.114:40451], old=null at 0
2019-09-12 10:31:36,530 [main] INFO  handler.ContextHandler (ContextHandler.java:doStart(781)) - Started o.e.j.w.WebAppContext@310f8a05{/,file:///tmp/jetty-0.0.0.0-46124-hddsDatanode-_-any-2295025251700629141.dir/webapp/,AVAILABLE}{/hddsDatanode}
2019-09-12 10:31:36,531 [main] INFO  server.AbstractConnector (AbstractConnector.java:doStart(278)) - Started ServerConnector@4f98ac31{HTTP/1.1,[http/1.1]}{0.0.0.0:46124}
2019-09-12 10:31:36,548 [main] INFO  server.Server (Server.java:doStart(419)) - Started @27887ms
2019-09-12 10:31:36,549 [main] INFO  server.BaseHttpServer (BaseHttpServer.java:updateConnectorAddress(213)) - HTTP server of HDDSDATANODE is listening at http://0.0.0.0:46124
2019-09-12 10:31:36,561 [ff438662-24cf-49bb-bfc5-3308ec6d286b-SegmentedRaftLogWorker:Storage Directory /workdir/hadoop-ozone/integration-test/target/test-dir/MiniOzoneClusterImpl-87a68f7a-76d1-4e01-bf62-4b4b582b7243/datanode-0/data/ratis/0a901e09-e322-4acc-b49c-35431cbb8b81] INFO  segmented.SegmentedRaftLogWorker (SegmentedRaftLogWorker.java:execute(569)) - ff438662-24cf-49bb-bfc5-3308ec6d286b-SegmentedRaftLogWorker:Storage Directory /workdir/hadoop-ozone/integration-test/target/test-dir/MiniOzoneClusterImpl-87a68f7a-76d1-4e01-bf62-4b4b582b7243/datanode-0/data/ratis/0a901e09-e322-4acc-b49c-35431cbb8b81: created new log segment /workdir/hadoop-ozone/integration-test/target/test-dir/MiniOzoneClusterImpl-87a68f7a-76d1-4e01-bf62-4b4b582b7243/datanode-0/data/ratis/0a901e09-e322-4acc-b49c-35431cbb8b81/current/log_inprogress_0
2019-09-12 10:31:36,561 [2d50b591-d6e4-490f-9fa0-973ad5423bd7-SegmentedRaftLogWorker:Storage Directory /workdir/hadoop-ozone/integration-test/target/test-dir/MiniOzoneClusterImpl-87a68f7a-76d1-4e01-bf62-4b4b582b7243/datanode-1/data/ratis/4d0808c6-0e6c-47dd-bd4d-36ff0d7e9a7e] INFO  segmented.SegmentedRaftLogWorker (SegmentedRaftLogWorker.java:execute(569)) - 2d50b591-d6e4-490f-9fa0-973ad5423bd7-SegmentedRaftLogWorker:Storage Directory /workdir/hadoop-ozone/integration-test/target/test-dir/MiniOzoneClusterImpl-87a68f7a-76d1-4e01-bf62-4b4b582b7243/datanode-1/data/ratis/4d0808c6-0e6c-47dd-bd4d-36ff0d7e9a7e: created new log segment /workdir/hadoop-ozone/integration-test/target/test-dir/MiniOzoneClusterImpl-87a68f7a-76d1-4e01-bf62-4b4b582b7243/datanode-1/data/ratis/4d0808c6-0e6c-47dd-bd4d-36ff0d7e9a7e/current/log_inprogress_0
2019-09-12 10:31:36,564 [Thread-697] INFO  impl.FollowerState (FollowerState.java:run(106)) - ff438662-24cf-49bb-bfc5-3308ec6d286b:group-A650E72920B3 changes to CANDIDATE, lastRpcTime:5190, electionTimeout:5190ms
2019-09-12 10:31:36,564 [Thread-697] INFO  impl.RoleInfo (RoleInfo.java:shutdownFollowerState(121)) - ff438662-24cf-49bb-bfc5-3308ec6d286b: shutdown FollowerState
2019-09-12 10:31:36,564 [Thread-697] INFO  impl.RaftServerImpl (RaftServerImpl.java:setRole(171)) - ff438662-24cf-49bb-bfc5-3308ec6d286b:group-A650E72920B3 changes role from FOLLOWER to CANDIDATE at term 0 for changeToCandidate
2019-09-12 10:31:36,564 [Thread-697] INFO  impl.RoleInfo (RoleInfo.java:updateAndGet(143)) - ff438662-24cf-49bb-bfc5-3308ec6d286b: start LeaderElection
2019-09-12 10:31:36,587 [ff438662-24cf-49bb-bfc5-3308ec6d286b:group-A650E72920B3:LeaderElection48] INFO  impl.LeaderElection (LeaderElection.java:askForVotes(181)) - ff438662-24cf-49bb-bfc5-3308ec6d286b:group-A650E72920B3:LeaderElection48: begin an election at term 1 for -1: [ff438662-24cf-49bb-bfc5-3308ec6d286b:192.168.36.114:40451], old=null
2019-09-12 10:31:36,587 [ff438662-24cf-49bb-bfc5-3308ec6d286b:group-A650E72920B3:LeaderElection48] INFO  impl.RoleInfo (RoleInfo.java:shutdownLeaderElection(134)) - ff438662-24cf-49bb-bfc5-3308ec6d286b: shutdown LeaderElection
2019-09-12 10:31:36,588 [ff438662-24cf-49bb-bfc5-3308ec6d286b:group-A650E72920B3:LeaderElection48] INFO  impl.RaftServerImpl (RaftServerImpl.java:setRole(171)) - ff438662-24cf-49bb-bfc5-3308ec6d286b:group-A650E72920B3 changes role from CANDIDATE to LEADER at term 1 for changeToLeader
2019-09-12 10:31:36,588 [ff438662-24cf-49bb-bfc5-3308ec6d286b:group-A650E72920B3:LeaderElection48] INFO  impl.RaftServerImpl (ServerState.java:setLeader(263)) - ff438662-24cf-49bb-bfc5-3308ec6d286b:group-A650E72920B3 change Leader from null to ff438662-24cf-49bb-bfc5-3308ec6d286b at term 1 for becomeLeader, leader elected after 5218ms
2019-09-12 10:31:36,588 [ff438662-24cf-49bb-bfc5-3308ec6d286b:group-A650E72920B3:LeaderElection48] INFO  server.RaftServerConfigKeys (ConfUtils.java:logGet(43)) - raft.server.staging.catchup.gap = 1000 (default)
2019-09-12 10:31:36,588 [ff438662-24cf-49bb-bfc5-3308ec6d286b:group-A650E72920B3:LeaderElection48] INFO  server.RaftServerConfigKeys (ConfUtils.java:logGet(43)) - raft.server.rpc.sleep.time = 25ms (default)
2019-09-12 10:31:36,588 [ff438662-24cf-49bb-bfc5-3308ec6d286b:group-A650E72920B3:LeaderElection48] INFO  server.RaftServerConfigKeys (ConfUtils.java:logGet(43)) - raft.server.write.element-limit = 4096 (default)
2019-09-12 10:31:36,589 [ff438662-24cf-49bb-bfc5-3308ec6d286b:group-A650E72920B3:LeaderElection48] INFO  server.RaftServerConfigKeys (ConfUtils.java:logGet(43)) - raft.server.watch.timeout = 10s (default)
2019-09-12 10:31:36,589 [ff438662-24cf-49bb-bfc5-3308ec6d286b:group-A650E72920B3:LeaderElection48] INFO  server.RaftServerConfigKeys (ConfUtils.java:logGet(43)) - raft.server.watch.timeout.denomination = 1s (default)
2019-09-12 10:31:36,589 [ff438662-24cf-49bb-bfc5-3308ec6d286b:group-A650E72920B3:LeaderElection48] INFO  server.RaftServerConfigKeys (ConfUtils.java:logGet(43)) - raft.server.watch.element-limit = 65536 (default)
2019-09-12 10:31:36,589 [ff438662-24cf-49bb-bfc5-3308ec6d286b:group-A650E72920B3:LeaderElection48] INFO  impl.RoleInfo (RoleInfo.java:updateAndGet(143)) - ff438662-24cf-49bb-bfc5-3308ec6d286b: start LeaderState
2019-09-12 10:31:36,589 [ff438662-24cf-49bb-bfc5-3308ec6d286b:group-A650E72920B3:LeaderElection48] INFO  segmented.SegmentedRaftLogWorker (SegmentedRaftLogWorker.java:startLogSegment(380)) - ff438662-24cf-49bb-bfc5-3308ec6d286b-SegmentedRaftLogWorker:Storage Directory /workdir/hadoop-ozone/integration-test/target/test-dir/MiniOzoneClusterImpl-87a68f7a-76d1-4e01-bf62-4b4b582b7243/datanode-0/data/ratis/bad9abe8-e215-40e0-9967-a650e72920b3: Starting segment from index:0
2019-09-12 10:31:36,590 [Thread-703] INFO  impl.FollowerState (FollowerState.java:run(106)) - ff438662-24cf-49bb-bfc5-3308ec6d286b:group-57FC8F3BC2D1 changes to CANDIDATE, lastRpcTime:5122, electionTimeout:5122ms
2019-09-12 10:31:36,590 [Thread-703] INFO  impl.RoleInfo (RoleInfo.java:shutdownFollowerState(121)) - ff438662-24cf-49bb-bfc5-3308ec6d286b: shutdown FollowerState
2019-09-12 10:31:36,590 [ff438662-24cf-49bb-bfc5-3308ec6d286b:group-A650E72920B3:LeaderElection48] INFO  impl.RaftServerImpl (ServerState.java:setRaftConf(361)) - ff438662-24cf-49bb-bfc5-3308ec6d286b:group-A650E72920B3 set configuration 0: [ff438662-24cf-49bb-bfc5-3308ec6d286b:192.168.36.114:40451], old=null at 0
2019-09-12 10:31:36,590 [Thread-703] INFO  impl.RaftServerImpl (RaftServerImpl.java:setRole(171)) - ff438662-24cf-49bb-bfc5-3308ec6d286b:group-57FC8F3BC2D1 changes role from FOLLOWER to CANDIDATE at term 0 for changeToCandidate
2019-09-12 10:31:36,590 [Thread-703] INFO  impl.RoleInfo (RoleInfo.java:updateAndGet(143)) - ff438662-24cf-49bb-bfc5-3308ec6d286b: start LeaderElection
2019-09-12 10:31:36,631 | INFO  | SCMAudit | user=jenkins1000 | ip=192.168.36.114 | op=SEND_HEARTBEAT {datanodeUUID=22ce2f4b-d517-44cf-8041-712d813e08f3, command=[]} | ret=SUCCESS |  
2019-09-12 10:31:36,633 [Thread-706] INFO  impl.FollowerState (FollowerState.java:run(106)) - 2d50b591-d6e4-490f-9fa0-973ad5423bd7:group-DFAB8BA9D94E changes to CANDIDATE, lastRpcTime:5125, electionTimeout:5125ms
2019-09-12 10:31:36,633 [Thread-706] INFO  impl.RoleInfo (RoleInfo.java:shutdownFollowerState(121)) - 2d50b591-d6e4-490f-9fa0-973ad5423bd7: shutdown FollowerState
2019-09-12 10:31:36,634 [Thread-706] INFO  impl.RaftServerImpl (RaftServerImpl.java:setRole(171)) - 2d50b591-d6e4-490f-9fa0-973ad5423bd7:group-DFAB8BA9D94E changes role from FOLLOWER to CANDIDATE at term 0 for changeToCandidate
2019-09-12 10:31:36,634 [Thread-706] INFO  impl.RoleInfo (RoleInfo.java:updateAndGet(143)) - 2d50b591-d6e4-490f-9fa0-973ad5423bd7: start LeaderElection
2019-09-12 10:31:36,644 [ff438662-24cf-49bb-bfc5-3308ec6d286b-SegmentedRaftLogWorker:Storage Directory /workdir/hadoop-ozone/integration-test/target/test-dir/MiniOzoneClusterImpl-87a68f7a-76d1-4e01-bf62-4b4b582b7243/datanode-0/data/ratis/bad9abe8-e215-40e0-9967-a650e72920b3] INFO  segmented.SegmentedRaftLogWorker (SegmentedRaftLogWorker.java:execute(569)) - ff438662-24cf-49bb-bfc5-3308ec6d286b-SegmentedRaftLogWorker:Storage Directory /workdir/hadoop-ozone/integration-test/target/test-dir/MiniOzoneClusterImpl-87a68f7a-76d1-4e01-bf62-4b4b582b7243/datanode-0/data/ratis/bad9abe8-e215-40e0-9967-a650e72920b3: created new log segment /workdir/hadoop-ozone/integration-test/target/test-dir/MiniOzoneClusterImpl-87a68f7a-76d1-4e01-bf62-4b4b582b7243/datanode-0/data/ratis/bad9abe8-e215-40e0-9967-a650e72920b3/current/log_inprogress_0
2019-09-12 10:31:36,644 [ff438662-24cf-49bb-bfc5-3308ec6d286b:group-57FC8F3BC2D1:LeaderElection49] INFO  impl.LeaderElection (LeaderElection.java:askForVotes(181)) - ff438662-24cf-49bb-bfc5-3308ec6d286b:group-57FC8F3BC2D1:LeaderElection49: begin an election at term 1 for -1: [ff438662-24cf-49bb-bfc5-3308ec6d286b:192.168.36.114:40451], old=null
2019-09-12 10:31:36,644 [2d50b591-d6e4-490f-9fa0-973ad5423bd7:group-DFAB8BA9D94E:LeaderElection50] INFO  impl.LeaderElection (LeaderElection.java:askForVotes(181)) - 2d50b591-d6e4-490f-9fa0-973ad5423bd7:group-DFAB8BA9D94E:LeaderElection50: begin an election at term 1 for -1: [2d50b591-d6e4-490f-9fa0-973ad5423bd7:192.168.36.114:39042], old=null
2019-09-12 10:31:36,645 [ff438662-24cf-49bb-bfc5-3308ec6d286b:group-57FC8F3BC2D1:LeaderElection49] INFO  impl.RoleInfo (RoleInfo.java:shutdownLeaderElection(134)) - ff438662-24cf-49bb-bfc5-3308ec6d286b: shutdown LeaderElection
2019-09-12 10:31:36,645 [2d50b591-d6e4-490f-9fa0-973ad5423bd7:group-DFAB8BA9D94E:LeaderElection50] INFO  impl.RoleInfo (RoleInfo.java:shutdownLeaderElection(134)) - 2d50b591-d6e4-490f-9fa0-973ad5423bd7: shutdown LeaderElection
2019-09-12 10:31:36,645 [ff438662-24cf-49bb-bfc5-3308ec6d286b:group-57FC8F3BC2D1:LeaderElection49] INFO  impl.RaftServerImpl (RaftServerImpl.java:setRole(171)) - ff438662-24cf-49bb-bfc5-3308ec6d286b:group-57FC8F3BC2D1 changes role from CANDIDATE to LEADER at term 1 for changeToLeader
2019-09-12 10:31:36,645 [2d50b591-d6e4-490f-9fa0-973ad5423bd7:group-DFAB8BA9D94E:LeaderElection50] INFO  impl.RaftServerImpl (RaftServerImpl.java:setRole(171)) - 2d50b591-d6e4-490f-9fa0-973ad5423bd7:group-DFAB8BA9D94E changes role from CANDIDATE to LEADER at term 1 for changeToLeader
2019-09-12 10:31:36,645 [ff438662-24cf-49bb-bfc5-3308ec6d286b:group-57FC8F3BC2D1:LeaderElection49] INFO  impl.RaftServerImpl (ServerState.java:setLeader(263)) - ff438662-24cf-49bb-bfc5-3308ec6d286b:group-57FC8F3BC2D1 change Leader from null to ff438662-24cf-49bb-bfc5-3308ec6d286b at term 1 for becomeLeader, leader elected after 5181ms
2019-09-12 10:31:36,645 [2d50b591-d6e4-490f-9fa0-973ad5423bd7:group-DFAB8BA9D94E:LeaderElection50] INFO  impl.RaftServerImpl (ServerState.java:setLeader(263)) - 2d50b591-d6e4-490f-9fa0-973ad5423bd7:group-DFAB8BA9D94E change Leader from null to 2d50b591-d6e4-490f-9fa0-973ad5423bd7 at term 1 for becomeLeader, leader elected after 5140ms
2019-09-12 10:31:36,645 [ff438662-24cf-49bb-bfc5-3308ec6d286b:group-57FC8F3BC2D1:LeaderElection49] INFO  server.RaftServerConfigKeys (ConfUtils.java:logGet(43)) - raft.server.staging.catchup.gap = 1000 (default)
2019-09-12 10:31:36,645 [2d50b591-d6e4-490f-9fa0-973ad5423bd7:group-DFAB8BA9D94E:LeaderElection50] INFO  server.RaftServerConfigKeys (ConfUtils.java:logGet(43)) - raft.server.staging.catchup.gap = 1000 (default)
2019-09-12 10:31:36,646 [ff438662-24cf-49bb-bfc5-3308ec6d286b:group-57FC8F3BC2D1:LeaderElection49] INFO  server.RaftServerConfigKeys (ConfUtils.java:logGet(43)) - raft.server.rpc.sleep.time = 25ms (default)
2019-09-12 10:31:36,646 [2d50b591-d6e4-490f-9fa0-973ad5423bd7:group-DFAB8BA9D94E:LeaderElection50] INFO  server.RaftServerConfigKeys (ConfUtils.java:logGet(43)) - raft.server.rpc.sleep.time = 25ms (default)
2019-09-12 10:31:36,646 [ff438662-24cf-49bb-bfc5-3308ec6d286b:group-57FC8F3BC2D1:LeaderElection49] INFO  server.RaftServerConfigKeys (ConfUtils.java:logGet(43)) - raft.server.write.element-limit = 4096 (default)
2019-09-12 10:31:36,646 [2d50b591-d6e4-490f-9fa0-973ad5423bd7:group-DFAB8BA9D94E:LeaderElection50] INFO  server.RaftServerConfigKeys (ConfUtils.java:logGet(43)) - raft.server.write.element-limit = 4096 (default)
2019-09-12 10:31:36,646 [ff438662-24cf-49bb-bfc5-3308ec6d286b:group-57FC8F3BC2D1:LeaderElection49] INFO  server.RaftServerConfigKeys (ConfUtils.java:logGet(43)) - raft.server.watch.timeout = 10s (default)
2019-09-12 10:31:36,646 [2d50b591-d6e4-490f-9fa0-973ad5423bd7:group-DFAB8BA9D94E:LeaderElection50] INFO  server.RaftServerConfigKeys (ConfUtils.java:logGet(43)) - raft.server.watch.timeout = 10s (default)
2019-09-12 10:31:36,646 [ff438662-24cf-49bb-bfc5-3308ec6d286b:group-57FC8F3BC2D1:LeaderElection49] INFO  server.RaftServerConfigKeys (ConfUtils.java:logGet(43)) - raft.server.watch.timeout.denomination = 1s (default)
2019-09-12 10:31:36,647 [2d50b591-d6e4-490f-9fa0-973ad5423bd7:group-DFAB8BA9D94E:LeaderElection50] INFO  server.RaftServerConfigKeys (ConfUtils.java:logGet(43)) - raft.server.watch.timeout.denomination = 1s (default)
2019-09-12 10:31:36,647 [ff438662-24cf-49bb-bfc5-3308ec6d286b:group-57FC8F3BC2D1:LeaderElection49] INFO  server.RaftServerConfigKeys (ConfUtils.java:logGet(43)) - raft.server.watch.element-limit = 65536 (default)
2019-09-12 10:31:36,647 [2d50b591-d6e4-490f-9fa0-973ad5423bd7:group-DFAB8BA9D94E:LeaderElection50] INFO  server.RaftServerConfigKeys (ConfUtils.java:logGet(43)) - raft.server.watch.element-limit = 65536 (default)
2019-09-12 10:31:36,647 [ff438662-24cf-49bb-bfc5-3308ec6d286b:group-57FC8F3BC2D1:LeaderElection49] INFO  impl.RoleInfo (RoleInfo.java:updateAndGet(143)) - ff438662-24cf-49bb-bfc5-3308ec6d286b: start LeaderState
2019-09-12 10:31:36,647 [2d50b591-d6e4-490f-9fa0-973ad5423bd7:group-DFAB8BA9D94E:LeaderElection50] INFO  impl.RoleInfo (RoleInfo.java:updateAndGet(143)) - 2d50b591-d6e4-490f-9fa0-973ad5423bd7: start LeaderState
2019-09-12 10:31:36,647 [ff438662-24cf-49bb-bfc5-3308ec6d286b:group-57FC8F3BC2D1:LeaderElection49] INFO  segmented.SegmentedRaftLogWorker (SegmentedRaftLogWorker.java:startLogSegment(380)) - ff438662-24cf-49bb-bfc5-3308ec6d286b-SegmentedRaftLogWorker:Storage Directory /workdir/hadoop-ozone/integration-test/target/test-dir/MiniOzoneClusterImpl-87a68f7a-76d1-4e01-bf62-4b4b582b7243/datanode-0/data/ratis/aa20dff4-b414-4223-be96-57fc8f3bc2d1: Starting segment from index:0
2019-09-12 10:31:36,647 [2d50b591-d6e4-490f-9fa0-973ad5423bd7:group-DFAB8BA9D94E:LeaderElection50] INFO  segmented.SegmentedRaftLogWorker (SegmentedRaftLogWorker.java:startLogSegment(380)) - 2d50b591-d6e4-490f-9fa0-973ad5423bd7-SegmentedRaftLogWorker:Storage Directory /workdir/hadoop-ozone/integration-test/target/test-dir/MiniOzoneClusterImpl-87a68f7a-76d1-4e01-bf62-4b4b582b7243/datanode-1/data/ratis/9479c61b-911b-4a4e-a0d0-dfab8ba9d94e: Starting segment from index:0
2019-09-12 10:31:36,648 [ff438662-24cf-49bb-bfc5-3308ec6d286b:group-57FC8F3BC2D1:LeaderElection49] INFO  impl.RaftServerImpl (ServerState.java:setRaftConf(361)) - ff438662-24cf-49bb-bfc5-3308ec6d286b:group-57FC8F3BC2D1 set configuration 0: [ff438662-24cf-49bb-bfc5-3308ec6d286b:192.168.36.114:40451], old=null at 0
2019-09-12 10:31:36,648 [2d50b591-d6e4-490f-9fa0-973ad5423bd7:group-DFAB8BA9D94E:LeaderElection50] INFO  impl.RaftServerImpl (ServerState.java:setRaftConf(361)) - 2d50b591-d6e4-490f-9fa0-973ad5423bd7:group-DFAB8BA9D94E set configuration 0: [2d50b591-d6e4-490f-9fa0-973ad5423bd7:192.168.36.114:39042], old=null at 0
2019-09-12 10:31:36,689 [ff438662-24cf-49bb-bfc5-3308ec6d286b-SegmentedRaftLogWorker:Storage Directory /workdir/hadoop-ozone/integration-test/target/test-dir/MiniOzoneClusterImpl-87a68f7a-76d1-4e01-bf62-4b4b582b7243/datanode-0/data/ratis/aa20dff4-b414-4223-be96-57fc8f3bc2d1] INFO  segmented.SegmentedRaftLogWorker (SegmentedRaftLogWorker.java:execute(569)) - ff438662-24cf-49bb-bfc5-3308ec6d286b-SegmentedRaftLogWorker:Storage Directory /workdir/hadoop-ozone/integration-test/target/test-dir/MiniOzoneClusterImpl-87a68f7a-76d1-4e01-bf62-4b4b582b7243/datanode-0/data/ratis/aa20dff4-b414-4223-be96-57fc8f3bc2d1: created new log segment /workdir/hadoop-ozone/integration-test/target/test-dir/MiniOzoneClusterImpl-87a68f7a-76d1-4e01-bf62-4b4b582b7243/datanode-0/data/ratis/aa20dff4-b414-4223-be96-57fc8f3bc2d1/current/log_inprogress_0
2019-09-12 10:31:36,689 [2d50b591-d6e4-490f-9fa0-973ad5423bd7-SegmentedRaftLogWorker:Storage Directory /workdir/hadoop-ozone/integration-test/target/test-dir/MiniOzoneClusterImpl-87a68f7a-76d1-4e01-bf62-4b4b582b7243/datanode-1/data/ratis/9479c61b-911b-4a4e-a0d0-dfab8ba9d94e] INFO  segmented.SegmentedRaftLogWorker (SegmentedRaftLogWorker.java:execute(569)) - 2d50b591-d6e4-490f-9fa0-973ad5423bd7-SegmentedRaftLogWorker:Storage Directory /workdir/hadoop-ozone/integration-test/target/test-dir/MiniOzoneClusterImpl-87a68f7a-76d1-4e01-bf62-4b4b582b7243/datanode-1/data/ratis/9479c61b-911b-4a4e-a0d0-dfab8ba9d94e: created new log segment /workdir/hadoop-ozone/integration-test/target/test-dir/MiniOzoneClusterImpl-87a68f7a-76d1-4e01-bf62-4b4b582b7243/datanode-1/data/ratis/9479c61b-911b-4a4e-a0d0-dfab8ba9d94e/current/log_inprogress_0
2019-09-12 10:31:36,708 [Thread-718] INFO  impl.FollowerState (FollowerState.java:run(106)) - 2d50b591-d6e4-490f-9fa0-973ad5423bd7:group-CBDDFA72419E changes to CANDIDATE, lastRpcTime:5030, electionTimeout:5030ms
2019-09-12 10:31:36,709 [Thread-718] INFO  impl.RoleInfo (RoleInfo.java:shutdownFollowerState(121)) - 2d50b591-d6e4-490f-9fa0-973ad5423bd7: shutdown FollowerState
2019-09-12 10:31:36,709 [Thread-718] INFO  impl.RaftServerImpl (RaftServerImpl.java:setRole(171)) - 2d50b591-d6e4-490f-9fa0-973ad5423bd7:group-CBDDFA72419E changes role from FOLLOWER to CANDIDATE at term 0 for changeToCandidate
2019-09-12 10:31:36,709 [Thread-718] INFO  impl.RoleInfo (RoleInfo.java:updateAndGet(143)) - 2d50b591-d6e4-490f-9fa0-973ad5423bd7: start LeaderElection
2019-09-12 10:31:36,720 [Thread-709] INFO  impl.FollowerState (FollowerState.java:run(106)) - 2d50b591-d6e4-490f-9fa0-973ad5423bd7:group-D125D9984686 changes to CANDIDATE, lastRpcTime:5169, electionTimeout:5169ms
2019-09-12 10:31:36,720 [Thread-709] INFO  impl.RoleInfo (RoleInfo.java:shutdownFollowerState(121)) - 2d50b591-d6e4-490f-9fa0-973ad5423bd7: shutdown FollowerState
2019-09-12 10:31:36,720 [Thread-709] INFO  impl.RaftServerImpl (RaftServerImpl.java:setRole(171)) - 2d50b591-d6e4-490f-9fa0-973ad5423bd7:group-D125D9984686 changes role from FOLLOWER to CANDIDATE at term 0 for changeToCandidate
2019-09-12 10:31:36,720 [Thread-709] INFO  impl.RoleInfo (RoleInfo.java:updateAndGet(143)) - 2d50b591-d6e4-490f-9fa0-973ad5423bd7: start LeaderElection
2019-09-12 10:31:36,740 [2d50b591-d6e4-490f-9fa0-973ad5423bd7:group-CBDDFA72419E:LeaderElection51] INFO  impl.LeaderElection (LeaderElection.java:askForVotes(181)) - 2d50b591-d6e4-490f-9fa0-973ad5423bd7:group-CBDDFA72419E:LeaderElection51: begin an election at term 1 for -1: [2d50b591-d6e4-490f-9fa0-973ad5423bd7:192.168.36.114:39042], old=null
2019-09-12 10:31:36,741 [2d50b591-d6e4-490f-9fa0-973ad5423bd7:group-CBDDFA72419E:LeaderElection51] INFO  impl.RoleInfo (RoleInfo.java:shutdownLeaderElection(134)) - 2d50b591-d6e4-490f-9fa0-973ad5423bd7: shutdown LeaderElection
2019-09-12 10:31:36,741 [2d50b591-d6e4-490f-9fa0-973ad5423bd7:group-CBDDFA72419E:LeaderElection51] INFO  impl.RaftServerImpl (RaftServerImpl.java:setRole(171)) - 2d50b591-d6e4-490f-9fa0-973ad5423bd7:group-CBDDFA72419E changes role from CANDIDATE to LEADER at term 1 for changeToLeader
2019-09-12 10:31:36,741 [2d50b591-d6e4-490f-9fa0-973ad5423bd7:group-CBDDFA72419E:LeaderElection51] INFO  impl.RaftServerImpl (ServerState.java:setLeader(263)) - 2d50b591-d6e4-490f-9fa0-973ad5423bd7:group-CBDDFA72419E change Leader from null to 2d50b591-d6e4-490f-9fa0-973ad5423bd7 at term 1 for becomeLeader, leader elected after 5066ms
2019-09-12 10:31:36,741 [2d50b591-d6e4-490f-9fa0-973ad5423bd7:group-CBDDFA72419E:LeaderElection51] INFO  server.RaftServerConfigKeys (ConfUtils.java:logGet(43)) - raft.server.staging.catchup.gap = 1000 (default)
2019-09-12 10:31:36,741 [2d50b591-d6e4-490f-9fa0-973ad5423bd7:group-CBDDFA72419E:LeaderElection51] INFO  server.RaftServerConfigKeys (ConfUtils.java:logGet(43)) - raft.server.rpc.sleep.time = 25ms (default)
2019-09-12 10:31:36,741 [2d50b591-d6e4-490f-9fa0-973ad5423bd7:group-CBDDFA72419E:LeaderElection51] INFO  server.RaftServerConfigKeys (ConfUtils.java:logGet(43)) - raft.server.write.element-limit = 4096 (default)
2019-09-12 10:31:36,742 [2d50b591-d6e4-490f-9fa0-973ad5423bd7:group-CBDDFA72419E:LeaderElection51] INFO  server.RaftServerConfigKeys (ConfUtils.java:logGet(43)) - raft.server.watch.timeout = 10s (default)
2019-09-12 10:31:36,742 [2d50b591-d6e4-490f-9fa0-973ad5423bd7:group-CBDDFA72419E:LeaderElection51] INFO  server.RaftServerConfigKeys (ConfUtils.java:logGet(43)) - raft.server.watch.timeout.denomination = 1s (default)
2019-09-12 10:31:36,742 [2d50b591-d6e4-490f-9fa0-973ad5423bd7:group-CBDDFA72419E:LeaderElection51] INFO  server.RaftServerConfigKeys (ConfUtils.java:logGet(43)) - raft.server.watch.element-limit = 65536 (default)
2019-09-12 10:31:36,742 [2d50b591-d6e4-490f-9fa0-973ad5423bd7:group-CBDDFA72419E:LeaderElection51] INFO  impl.RoleInfo (RoleInfo.java:updateAndGet(143)) - 2d50b591-d6e4-490f-9fa0-973ad5423bd7: start LeaderState
2019-09-12 10:31:36,742 [2d50b591-d6e4-490f-9fa0-973ad5423bd7:group-CBDDFA72419E:LeaderElection51] INFO  segmented.SegmentedRaftLogWorker (SegmentedRaftLogWorker.java:startLogSegment(380)) - 2d50b591-d6e4-490f-9fa0-973ad5423bd7-SegmentedRaftLogWorker:Storage Directory /workdir/hadoop-ozone/integration-test/target/test-dir/MiniOzoneClusterImpl-87a68f7a-76d1-4e01-bf62-4b4b582b7243/datanode-1/data/ratis/8f497bf1-82d0-4580-b424-cbddfa72419e: Starting segment from index:0
2019-09-12 10:31:36,743 [2d50b591-d6e4-490f-9fa0-973ad5423bd7:group-CBDDFA72419E:LeaderElection51] INFO  impl.RaftServerImpl (ServerState.java:setRaftConf(361)) - 2d50b591-d6e4-490f-9fa0-973ad5423bd7:group-CBDDFA72419E set configuration 0: [2d50b591-d6e4-490f-9fa0-973ad5423bd7:192.168.36.114:39042], old=null at 0
2019-09-12 10:31:36,751 | INFO  | SCMAudit | user=jenkins1000 | ip=192.168.36.114 | op=SEND_HEARTBEAT {datanodeUUID=f17b4253-95a0-4ee6-8ded-88f070f15b33, command=[]} | ret=SUCCESS |  
2019-09-12 10:31:36,751 | INFO  | SCMAudit | user=jenkins1000 | ip=192.168.36.114 | op=SEND_HEARTBEAT {datanodeUUID=eaeff1e2-de9c-4510-872d-283eb6c3c330, command=[]} | ret=SUCCESS |  
2019-09-12 10:31:36,753 [2d50b591-d6e4-490f-9fa0-973ad5423bd7:group-D125D9984686:LeaderElection52] INFO  impl.LeaderElection (LeaderElection.java:askForVotes(181)) - 2d50b591-d6e4-490f-9fa0-973ad5423bd7:group-D125D9984686:LeaderElection52: begin an election at term 1 for -1: [2d50b591-d6e4-490f-9fa0-973ad5423bd7:192.168.36.114:39042], old=null
2019-09-12 10:31:36,753 [2d50b591-d6e4-490f-9fa0-973ad5423bd7:group-D125D9984686:LeaderElection52] INFO  impl.RoleInfo (RoleInfo.java:shutdownLeaderElection(134)) - 2d50b591-d6e4-490f-9fa0-973ad5423bd7: shutdown LeaderElection
2019-09-12 10:31:36,753 [2d50b591-d6e4-490f-9fa0-973ad5423bd7:group-D125D9984686:LeaderElection52] INFO  impl.RaftServerImpl (RaftServerImpl.java:setRole(171)) - 2d50b591-d6e4-490f-9fa0-973ad5423bd7:group-D125D9984686 changes role from CANDIDATE to LEADER at term 1 for changeToLeader
2019-09-12 10:31:36,753 [2d50b591-d6e4-490f-9fa0-973ad5423bd7:group-D125D9984686:LeaderElection52] INFO  impl.RaftServerImpl (ServerState.java:setLeader(263)) - 2d50b591-d6e4-490f-9fa0-973ad5423bd7:group-D125D9984686 change Leader from null to 2d50b591-d6e4-490f-9fa0-973ad5423bd7 at term 1 for becomeLeader, leader elected after 5207ms
2019-09-12 10:31:36,754 [2d50b591-d6e4-490f-9fa0-973ad5423bd7:group-D125D9984686:LeaderElection52] INFO  server.RaftServerConfigKeys (ConfUtils.java:logGet(43)) - raft.server.staging.catchup.gap = 1000 (default)
2019-09-12 10:31:36,754 [2d50b591-d6e4-490f-9fa0-973ad5423bd7:group-D125D9984686:LeaderElection52] INFO  server.RaftServerConfigKeys (ConfUtils.java:logGet(43)) - raft.server.rpc.sleep.time = 25ms (default)
2019-09-12 10:31:36,754 [Thread-721] INFO  impl.FollowerState (FollowerState.java:run(106)) - 22ce2f4b-d517-44cf-8041-712d813e08f3:group-417FD47380DB changes to CANDIDATE, lastRpcTime:5022, electionTimeout:5022ms
2019-09-12 10:31:36,754 [2d50b591-d6e4-490f-9fa0-973ad5423bd7:group-D125D9984686:LeaderElection52] INFO  server.RaftServerConfigKeys (ConfUtils.java:logGet(43)) - raft.server.write.element-limit = 4096 (default)
2019-09-12 10:31:36,754 [Thread-721] INFO  impl.RoleInfo (RoleInfo.java:shutdownFollowerState(121)) - 22ce2f4b-d517-44cf-8041-712d813e08f3: shutdown FollowerState
2019-09-12 10:31:36,754 [2d50b591-d6e4-490f-9fa0-973ad5423bd7:group-D125D9984686:LeaderElection52] INFO  server.RaftServerConfigKeys (ConfUtils.java:logGet(43)) - raft.server.watch.timeout = 10s (default)
2019-09-12 10:31:36,754 [Thread-721] INFO  impl.RaftServerImpl (RaftServerImpl.java:setRole(171)) - 22ce2f4b-d517-44cf-8041-712d813e08f3:group-417FD47380DB changes role from FOLLOWER to CANDIDATE at term 0 for changeToCandidate
2019-09-12 10:31:36,754 [2d50b591-d6e4-490f-9fa0-973ad5423bd7:group-D125D9984686:LeaderElection52] INFO  server.RaftServerConfigKeys (ConfUtils.java:logGet(43)) - raft.server.watch.timeout.denomination = 1s (default)
2019-09-12 10:31:36,755 [Thread-721] INFO  impl.RoleInfo (RoleInfo.java:updateAndGet(143)) - 22ce2f4b-d517-44cf-8041-712d813e08f3: start LeaderElection
2019-09-12 10:31:36,755 [2d50b591-d6e4-490f-9fa0-973ad5423bd7:group-D125D9984686:LeaderElection52] INFO  server.RaftServerConfigKeys (ConfUtils.java:logGet(43)) - raft.server.watch.element-limit = 65536 (default)
2019-09-12 10:31:36,755 [2d50b591-d6e4-490f-9fa0-973ad5423bd7:group-D125D9984686:LeaderElection52] INFO  impl.RoleInfo (RoleInfo.java:updateAndGet(143)) - 2d50b591-d6e4-490f-9fa0-973ad5423bd7: start LeaderState
2019-09-12 10:31:36,755 [2d50b591-d6e4-490f-9fa0-973ad5423bd7:group-D125D9984686:LeaderElection52] INFO  segmented.SegmentedRaftLogWorker (SegmentedRaftLogWorker.java:startLogSegment(380)) - 2d50b591-d6e4-490f-9fa0-973ad5423bd7-SegmentedRaftLogWorker:Storage Directory /workdir/hadoop-ozone/integration-test/target/test-dir/MiniOzoneClusterImpl-87a68f7a-76d1-4e01-bf62-4b4b582b7243/datanode-1/data/ratis/e10c754a-b81d-479e-a6df-d125d9984686: Starting segment from index:0
2019-09-12 10:31:36,756 [2d50b591-d6e4-490f-9fa0-973ad5423bd7:group-D125D9984686:LeaderElection52] INFO  impl.RaftServerImpl (ServerState.java:setRaftConf(361)) - 2d50b591-d6e4-490f-9fa0-973ad5423bd7:group-D125D9984686 set configuration 0: [2d50b591-d6e4-490f-9fa0-973ad5423bd7:192.168.36.114:39042], old=null at 0
2019-09-12 10:31:36,757 | INFO  | SCMAudit | user=jenkins1000 | ip=192.168.36.114 | op=SEND_HEARTBEAT {datanodeUUID=b6dd7c38-f675-445e-811b-15cf17d56c0a, command=[]} | ret=SUCCESS |  
2019-09-12 10:31:36,769 [22ce2f4b-d517-44cf-8041-712d813e08f3:group-417FD47380DB:LeaderElection53] INFO  impl.LeaderElection (LeaderElection.java:askForVotes(181)) - 22ce2f4b-d517-44cf-8041-712d813e08f3:group-417FD47380DB:LeaderElection53: begin an election at term 1 for -1: [22ce2f4b-d517-44cf-8041-712d813e08f3:192.168.36.114:40208], old=null
2019-09-12 10:31:36,769 [22ce2f4b-d517-44cf-8041-712d813e08f3:group-417FD47380DB:LeaderElection53] INFO  impl.RoleInfo (RoleInfo.java:shutdownLeaderElection(134)) - 22ce2f4b-d517-44cf-8041-712d813e08f3: shutdown LeaderElection
2019-09-12 10:31:36,769 [22ce2f4b-d517-44cf-8041-712d813e08f3:group-417FD47380DB:LeaderElection53] INFO  impl.RaftServerImpl (RaftServerImpl.java:setRole(171)) - 22ce2f4b-d517-44cf-8041-712d813e08f3:group-417FD47380DB changes role from CANDIDATE to LEADER at term 1 for changeToLeader
2019-09-12 10:31:36,769 [22ce2f4b-d517-44cf-8041-712d813e08f3:group-417FD47380DB:LeaderElection53] INFO  impl.RaftServerImpl (ServerState.java:setLeader(263)) - 22ce2f4b-d517-44cf-8041-712d813e08f3:group-417FD47380DB change Leader from null to 22ce2f4b-d517-44cf-8041-712d813e08f3 at term 1 for becomeLeader, leader elected after 5043ms
2019-09-12 10:31:36,769 [22ce2f4b-d517-44cf-8041-712d813e08f3:group-417FD47380DB:LeaderElection53] INFO  server.RaftServerConfigKeys (ConfUtils.java:logGet(43)) - raft.server.staging.catchup.gap = 1000 (default)
2019-09-12 10:31:36,769 [22ce2f4b-d517-44cf-8041-712d813e08f3:group-417FD47380DB:LeaderElection53] INFO  server.RaftServerConfigKeys (ConfUtils.java:logGet(43)) - raft.server.rpc.sleep.time = 25ms (default)
2019-09-12 10:31:36,770 [22ce2f4b-d517-44cf-8041-712d813e08f3:group-417FD47380DB:LeaderElection53] INFO  server.RaftServerConfigKeys (ConfUtils.java:logGet(43)) - raft.server.write.element-limit = 4096 (default)
2019-09-12 10:31:36,770 [22ce2f4b-d517-44cf-8041-712d813e08f3:group-417FD47380DB:LeaderElection53] INFO  server.RaftServerConfigKeys (ConfUtils.java:logGet(43)) - raft.server.watch.timeout = 10s (default)
2019-09-12 10:31:36,770 [22ce2f4b-d517-44cf-8041-712d813e08f3:group-417FD47380DB:LeaderElection53] INFO  server.RaftServerConfigKeys (ConfUtils.java:logGet(43)) - raft.server.watch.timeout.denomination = 1s (default)
2019-09-12 10:31:36,770 [22ce2f4b-d517-44cf-8041-712d813e08f3:group-417FD47380DB:LeaderElection53] INFO  server.RaftServerConfigKeys (ConfUtils.java:logGet(43)) - raft.server.watch.element-limit = 65536 (default)
2019-09-12 10:31:36,770 [22ce2f4b-d517-44cf-8041-712d813e08f3:group-417FD47380DB:LeaderElection53] INFO  impl.RoleInfo (RoleInfo.java:updateAndGet(143)) - 22ce2f4b-d517-44cf-8041-712d813e08f3: start LeaderState
2019-09-12 10:31:36,771 [22ce2f4b-d517-44cf-8041-712d813e08f3:group-417FD47380DB:LeaderElection53] INFO  segmented.SegmentedRaftLogWorker (SegmentedRaftLogWorker.java:startLogSegment(380)) - 22ce2f4b-d517-44cf-8041-712d813e08f3-SegmentedRaftLogWorker:Storage Directory /workdir/hadoop-ozone/integration-test/target/test-dir/MiniOzoneClusterImpl-87a68f7a-76d1-4e01-bf62-4b4b582b7243/datanode-2/data/ratis/c538b148-9fb1-44a8-ad96-417fd47380db: Starting segment from index:0
2019-09-12 10:31:36,771 [22ce2f4b-d517-44cf-8041-712d813e08f3:group-417FD47380DB:LeaderElection53] INFO  impl.RaftServerImpl (ServerState.java:setRaftConf(361)) - 22ce2f4b-d517-44cf-8041-712d813e08f3:group-417FD47380DB set configuration 0: [22ce2f4b-d517-44cf-8041-712d813e08f3:192.168.36.114:40208], old=null at 0
2019-09-12 10:31:36,780 [Thread-712] INFO  impl.FollowerState (FollowerState.java:run(106)) - 2d50b591-d6e4-490f-9fa0-973ad5423bd7:group-8CBDDA6CC588 changes to CANDIDATE, lastRpcTime:5185, electionTimeout:5185ms
2019-09-12 10:31:36,780 [Thread-712] INFO  impl.RoleInfo (RoleInfo.java:shutdownFollowerState(121)) - 2d50b591-d6e4-490f-9fa0-973ad5423bd7: shutdown FollowerState
2019-09-12 10:31:36,780 [Thread-712] INFO  impl.RaftServerImpl (RaftServerImpl.java:setRole(171)) - 2d50b591-d6e4-490f-9fa0-973ad5423bd7:group-8CBDDA6CC588 changes role from FOLLOWER to CANDIDATE at term 0 for changeToCandidate
2019-09-12 10:31:36,781 [Thread-712] INFO  impl.RoleInfo (RoleInfo.java:updateAndGet(143)) - 2d50b591-d6e4-490f-9fa0-973ad5423bd7: start LeaderElection
2019-09-12 10:31:36,818 | INFO  | ObjectStoreRestHttpServer | Listening HDDS REST traffic on /0.0.0.0:39165 |  
2019-09-12 10:31:36,818 [Thread-724] INFO  impl.FollowerState (FollowerState.java:run(106)) - 22ce2f4b-d517-44cf-8041-712d813e08f3:group-5B8A0F1FDF05 changes to CANDIDATE, lastRpcTime:5040, electionTimeout:5029ms
2019-09-12 10:31:36,818 [Thread-715] INFO  impl.FollowerState (FollowerState.java:run(106)) - 2d50b591-d6e4-490f-9fa0-973ad5423bd7:group-937805117B46 changes to CANDIDATE, lastRpcTime:5184, electionTimeout:5170ms
2019-09-12 10:31:36,818 [2d50b591-d6e4-490f-9fa0-973ad5423bd7:group-8CBDDA6CC588:LeaderElection54] INFO  impl.LeaderElection (LeaderElection.java:askForVotes(181)) - 2d50b591-d6e4-490f-9fa0-973ad5423bd7:group-8CBDDA6CC588:LeaderElection54: begin an election at term 1 for -1: [2d50b591-d6e4-490f-9fa0-973ad5423bd7:192.168.36.114:39042], old=null
2019-09-12 10:31:36,818 [Thread-724] INFO  impl.RoleInfo (RoleInfo.java:shutdownFollowerState(121)) - 22ce2f4b-d517-44cf-8041-712d813e08f3: shutdown FollowerState
2019-09-12 10:31:36,818 [2d50b591-d6e4-490f-9fa0-973ad5423bd7-SegmentedRaftLogWorker:Storage Directory /workdir/hadoop-ozone/integration-test/target/test-dir/MiniOzoneClusterImpl-87a68f7a-76d1-4e01-bf62-4b4b582b7243/datanode-1/data/ratis/8f497bf1-82d0-4580-b424-cbddfa72419e] INFO  segmented.SegmentedRaftLogWorker (SegmentedRaftLogWorker.java:execute(569)) - 2d50b591-d6e4-490f-9fa0-973ad5423bd7-SegmentedRaftLogWorker:Storage Directory /workdir/hadoop-ozone/integration-test/target/test-dir/MiniOzoneClusterImpl-87a68f7a-76d1-4e01-bf62-4b4b582b7243/datanode-1/data/ratis/8f497bf1-82d0-4580-b424-cbddfa72419e: created new log segment /workdir/hadoop-ozone/integration-test/target/test-dir/MiniOzoneClusterImpl-87a68f7a-76d1-4e01-bf62-4b4b582b7243/datanode-1/data/ratis/8f497bf1-82d0-4580-b424-cbddfa72419e/current/log_inprogress_0
2019-09-12 10:31:36,818 [main] INFO  ozone.HddsDatanodeService (HddsDatanodeService.java:startPlugins(395)) - Started plug-in org.apache.hadoop.ozone.web.OzoneHddsDatanodeService@7adbec34
2019-09-12 10:31:36,818 [Thread-724] INFO  impl.RaftServerImpl (RaftServerImpl.java:setRole(171)) - 22ce2f4b-d517-44cf-8041-712d813e08f3:group-5B8A0F1FDF05 changes role from FOLLOWER to CANDIDATE at term 0 for changeToCandidate
2019-09-12 10:31:36,818 [2d50b591-d6e4-490f-9fa0-973ad5423bd7:group-8CBDDA6CC588:LeaderElection54] INFO  impl.RoleInfo (RoleInfo.java:shutdownLeaderElection(134)) - 2d50b591-d6e4-490f-9fa0-973ad5423bd7: shutdown LeaderElection
2019-09-12 10:31:36,818 [Thread-715] INFO  impl.RoleInfo (RoleInfo.java:shutdownFollowerState(121)) - 2d50b591-d6e4-490f-9fa0-973ad5423bd7: shutdown FollowerState
2019-09-12 10:31:36,819 [2d50b591-d6e4-490f-9fa0-973ad5423bd7:group-8CBDDA6CC588:LeaderElection54] INFO  impl.RaftServerImpl (RaftServerImpl.java:setRole(171)) - 2d50b591-d6e4-490f-9fa0-973ad5423bd7:group-8CBDDA6CC588 changes role from CANDIDATE to LEADER at term 1 for changeToLeader
2019-09-12 10:31:36,820 [2d50b591-d6e4-490f-9fa0-973ad5423bd7:group-8CBDDA6CC588:LeaderElection54] INFO  impl.RaftServerImpl (ServerState.java:setLeader(263)) - 2d50b591-d6e4-490f-9fa0-973ad5423bd7:group-8CBDDA6CC588 change Leader from null to 2d50b591-d6e4-490f-9fa0-973ad5423bd7 at term 1 for becomeLeader, leader elected after 5228ms
2019-09-12 10:31:36,819 [main] INFO  impl.MetricsSystemImpl (MetricsSystemImpl.java:init(158)) - HddsDatanode metrics system started (again)
2019-09-12 10:31:36,819 [Thread-724] INFO  impl.RoleInfo (RoleInfo.java:updateAndGet(143)) - 22ce2f4b-d517-44cf-8041-712d813e08f3: start LeaderElection
2019-09-12 10:31:36,820 [2d50b591-d6e4-490f-9fa0-973ad5423bd7:group-8CBDDA6CC588:LeaderElection54] INFO  server.RaftServerConfigKeys (ConfUtils.java:logGet(43)) - raft.server.staging.catchup.gap = 1000 (default)
2019-09-12 10:31:36,819 [Thread-715] INFO  impl.RaftServerImpl (RaftServerImpl.java:setRole(171)) - 2d50b591-d6e4-490f-9fa0-973ad5423bd7:group-937805117B46 changes role from FOLLOWER to CANDIDATE at term 0 for changeToCandidate
2019-09-12 10:31:36,820 [2d50b591-d6e4-490f-9fa0-973ad5423bd7:group-8CBDDA6CC588:LeaderElection54] INFO  server.RaftServerConfigKeys (ConfUtils.java:logGet(43)) - raft.server.rpc.sleep.time = 25ms (default)
2019-09-12 10:31:36,821 [2d50b591-d6e4-490f-9fa0-973ad5423bd7:group-8CBDDA6CC588:LeaderElection54] INFO  server.RaftServerConfigKeys (ConfUtils.java:logGet(43)) - raft.server.write.element-limit = 4096 (default)
2019-09-12 10:31:36,821 [Thread-715] INFO  impl.RoleInfo (RoleInfo.java:updateAndGet(143)) - 2d50b591-d6e4-490f-9fa0-973ad5423bd7: start LeaderElection
2019-09-12 10:31:36,821 [2d50b591-d6e4-490f-9fa0-973ad5423bd7:group-8CBDDA6CC588:LeaderElection54] INFO  server.RaftServerConfigKeys (ConfUtils.java:logGet(43)) - raft.server.watch.timeout = 10s (default)
2019-09-12 10:31:36,822 [2d50b591-d6e4-490f-9fa0-973ad5423bd7:group-8CBDDA6CC588:LeaderElection54] INFO  server.RaftServerConfigKeys (ConfUtils.java:logGet(43)) - raft.server.watch.timeout.denomination = 1s (default)
2019-09-12 10:31:36,822 [org.apache.hadoop.util.JvmPauseMonitor$Monitor@7080dd6d] INFO  util.JvmPauseMonitor (JvmPauseMonitor.java:run(188)) - Starting JVM pause monitor
2019-09-12 10:31:36,822 [2d50b591-d6e4-490f-9fa0-973ad5423bd7:group-8CBDDA6CC588:LeaderElection54] INFO  server.RaftServerConfigKeys (ConfUtils.java:logGet(43)) - raft.server.watch.element-limit = 65536 (default)
2019-09-12 10:31:36,822 [2d50b591-d6e4-490f-9fa0-973ad5423bd7:group-8CBDDA6CC588:LeaderElection54] INFO  impl.RoleInfo (RoleInfo.java:updateAndGet(143)) - 2d50b591-d6e4-490f-9fa0-973ad5423bd7: start LeaderState
2019-09-12 10:31:36,822 [2d50b591-d6e4-490f-9fa0-973ad5423bd7:group-8CBDDA6CC588:LeaderElection54] INFO  segmented.SegmentedRaftLogWorker (SegmentedRaftLogWorker.java:startLogSegment(380)) - 2d50b591-d6e4-490f-9fa0-973ad5423bd7-SegmentedRaftLogWorker:Storage Directory /workdir/hadoop-ozone/integration-test/target/test-dir/MiniOzoneClusterImpl-87a68f7a-76d1-4e01-bf62-4b4b582b7243/datanode-1/data/ratis/432067df-4084-4471-b717-8cbdda6cc588: Starting segment from index:0
2019-09-12 10:31:36,828 | INFO  | SCMAudit | user=jenkins1000 | ip=192.168.36.114 | op=SEND_HEARTBEAT {datanodeUUID=39df7a3f-9691-48d4-a2b1-6888489a5f8a, command=[]} | ret=SUCCESS |  
2019-09-12 10:31:36,828 | INFO  | SCMAudit | user=jenkins1000 | ip=192.168.36.114 | op=SEND_HEARTBEAT {datanodeUUID=c9031a36-5f7c-4098-8bea-8a46141708a6, command=[]} | ret=SUCCESS |  
2019-09-12 10:31:36,830 [22ce2f4b-d517-44cf-8041-712d813e08f3-SegmentedRaftLogWorker:Storage Directory /workdir/hadoop-ozone/integration-test/target/test-dir/MiniOzoneClusterImpl-87a68f7a-76d1-4e01-bf62-4b4b582b7243/datanode-2/data/ratis/c538b148-9fb1-44a8-ad96-417fd47380db] INFO  segmented.SegmentedRaftLogWorker (SegmentedRaftLogWorker.java:execute(569)) - 22ce2f4b-d517-44cf-8041-712d813e08f3-SegmentedRaftLogWorker:Storage Directory /workdir/hadoop-ozone/integration-test/target/test-dir/MiniOzoneClusterImpl-87a68f7a-76d1-4e01-bf62-4b4b582b7243/datanode-2/data/ratis/c538b148-9fb1-44a8-ad96-417fd47380db: created new log segment /workdir/hadoop-ozone/integration-test/target/test-dir/MiniOzoneClusterImpl-87a68f7a-76d1-4e01-bf62-4b4b582b7243/datanode-2/data/ratis/c538b148-9fb1-44a8-ad96-417fd47380db/current/log_inprogress_0
2019-09-12 10:31:36,831 [2d50b591-d6e4-490f-9fa0-973ad5423bd7:group-937805117B46:LeaderElection56] INFO  impl.LeaderElection (LeaderElection.java:askForVotes(181)) - 2d50b591-d6e4-490f-9fa0-973ad5423bd7:group-937805117B46:LeaderElection56: begin an election at term 1 for -1: [2d50b591-d6e4-490f-9fa0-973ad5423bd7:192.168.36.114:39042], old=null
2019-09-12 10:31:36,831 [22ce2f4b-d517-44cf-8041-712d813e08f3:group-5B8A0F1FDF05:LeaderElection55] INFO  impl.LeaderElection (LeaderElection.java:askForVotes(181)) - 22ce2f4b-d517-44cf-8041-712d813e08f3:group-5B8A0F1FDF05:LeaderElection55: begin an election at term 1 for -1: [22ce2f4b-d517-44cf-8041-712d813e08f3:192.168.36.114:40208], old=null
2019-09-12 10:31:36,830 [2d50b591-d6e4-490f-9fa0-973ad5423bd7-SegmentedRaftLogWorker:Storage Directory /workdir/hadoop-ozone/integration-test/target/test-dir/MiniOzoneClusterImpl-87a68f7a-76d1-4e01-bf62-4b4b582b7243/datanode-1/data/ratis/e10c754a-b81d-479e-a6df-d125d9984686] INFO  segmented.SegmentedRaftLogWorker (SegmentedRaftLogWorker.java:execute(569)) - 2d50b591-d6e4-490f-9fa0-973ad5423bd7-SegmentedRaftLogWorker:Storage Directory /workdir/hadoop-ozone/integration-test/target/test-dir/MiniOzoneClusterImpl-87a68f7a-76d1-4e01-bf62-4b4b582b7243/datanode-1/data/ratis/e10c754a-b81d-479e-a6df-d125d9984686: created new log segment /workdir/hadoop-ozone/integration-test/target/test-dir/MiniOzoneClusterImpl-87a68f7a-76d1-4e01-bf62-4b4b582b7243/datanode-1/data/ratis/e10c754a-b81d-479e-a6df-d125d9984686/current/log_inprogress_0
2019-09-12 10:31:36,831 [22ce2f4b-d517-44cf-8041-712d813e08f3:group-5B8A0F1FDF05:LeaderElection55] INFO  impl.RoleInfo (RoleInfo.java:shutdownLeaderElection(134)) - 22ce2f4b-d517-44cf-8041-712d813e08f3: shutdown LeaderElection
2019-09-12 10:31:36,831 [2d50b591-d6e4-490f-9fa0-973ad5423bd7:group-937805117B46:LeaderElection56] INFO  impl.RoleInfo (RoleInfo.java:shutdownLeaderElection(134)) - 2d50b591-d6e4-490f-9fa0-973ad5423bd7: shutdown LeaderElection
2019-09-12 10:31:36,831 [22ce2f4b-d517-44cf-8041-712d813e08f3:group-5B8A0F1FDF05:LeaderElection55] INFO  impl.RaftServerImpl (RaftServerImpl.java:setRole(171)) - 22ce2f4b-d517-44cf-8041-712d813e08f3:group-5B8A0F1FDF05 changes role from CANDIDATE to LEADER at term 1 for changeToLeader
2019-09-12 10:31:36,831 [2d50b591-d6e4-490f-9fa0-973ad5423bd7:group-937805117B46:LeaderElection56] INFO  impl.RaftServerImpl (RaftServerImpl.java:setRole(171)) - 2d50b591-d6e4-490f-9fa0-973ad5423bd7:group-937805117B46 changes role from CANDIDATE to LEADER at term 1 for changeToLeader
2019-09-12 10:31:36,831 [22ce2f4b-d517-44cf-8041-712d813e08f3:group-5B8A0F1FDF05:LeaderElection55] INFO  impl.RaftServerImpl (ServerState.java:setLeader(263)) - 22ce2f4b-d517-44cf-8041-712d813e08f3:group-5B8A0F1FDF05 change Leader from null to 22ce2f4b-d517-44cf-8041-712d813e08f3 at term 1 for becomeLeader, leader elected after 5058ms
2019-09-12 10:31:36,832 [2d50b591-d6e4-490f-9fa0-973ad5423bd7:group-937805117B46:LeaderElection56] INFO  impl.RaftServerImpl (ServerState.java:setLeader(263)) - 2d50b591-d6e4-490f-9fa0-973ad5423bd7:group-937805117B46 change Leader from null to 2d50b591-d6e4-490f-9fa0-973ad5423bd7 at term 1 for becomeLeader, leader elected after 5201ms
2019-09-12 10:31:36,832 [22ce2f4b-d517-44cf-8041-712d813e08f3:group-5B8A0F1FDF05:LeaderElection55] INFO  server.RaftServerConfigKeys (ConfUtils.java:logGet(43)) - raft.server.staging.catchup.gap = 1000 (default)
2019-09-12 10:31:36,832 [2d50b591-d6e4-490f-9fa0-973ad5423bd7:group-937805117B46:LeaderElection56] INFO  server.RaftServerConfigKeys (ConfUtils.java:logGet(43)) - raft.server.staging.catchup.gap = 1000 (default)
2019-09-12 10:31:36,832 [22ce2f4b-d517-44cf-8041-712d813e08f3:group-5B8A0F1FDF05:LeaderElection55] INFO  server.RaftServerConfigKeys (ConfUtils.java:logGet(43)) - raft.server.rpc.sleep.time = 25ms (default)
2019-09-12 10:31:36,832 [2d50b591-d6e4-490f-9fa0-973ad5423bd7:group-937805117B46:LeaderElection56] INFO  server.RaftServerConfigKeys (ConfUtils.java:logGet(43)) - raft.server.rpc.sleep.time = 25ms (default)
2019-09-12 10:31:36,858 | INFO  | SCMAudit | user=jenkins1000 | ip=192.168.36.114 | op=SEND_HEARTBEAT {datanodeUUID=9616c881-dbb1-48da-90dd-a872ed779a2e, command=[]} | ret=SUCCESS |  
2019-09-12 10:31:36,893 [22ce2f4b-d517-44cf-8041-712d813e08f3:group-5B8A0F1FDF05:LeaderElection55] INFO  server.RaftServerConfigKeys (ConfUtils.java:logGet(43)) - raft.server.write.element-limit = 4096 (default)
2019-09-12 10:31:36,893 [2d50b591-d6e4-490f-9fa0-973ad5423bd7:group-937805117B46:LeaderElection56] INFO  server.RaftServerConfigKeys (ConfUtils.java:logGet(43)) - raft.server.write.element-limit = 4096 (default)
2019-09-12 10:31:36,894 [22ce2f4b-d517-44cf-8041-712d813e08f3:group-5B8A0F1FDF05:LeaderElection55] INFO  server.RaftServerConfigKeys (ConfUtils.java:logGet(43)) - raft.server.watch.timeout = 10s (default)
2019-09-12 10:31:36,894 [2d50b591-d6e4-490f-9fa0-973ad5423bd7:group-937805117B46:LeaderElection56] INFO  server.RaftServerConfigKeys (ConfUtils.java:logGet(43)) - raft.server.watch.timeout = 10s (default)
2019-09-12 10:31:36,894 [2d50b591-d6e4-490f-9fa0-973ad5423bd7:group-8CBDDA6CC588:LeaderElection54] INFO  impl.RaftServerImpl (ServerState.java:setRaftConf(361)) - 2d50b591-d6e4-490f-9fa0-973ad5423bd7:group-8CBDDA6CC588 set configuration 0: [2d50b591-d6e4-490f-9fa0-973ad5423bd7:192.168.36.114:39042], old=null at 0
2019-09-12 10:31:36,894 [22ce2f4b-d517-44cf-8041-712d813e08f3:group-5B8A0F1FDF05:LeaderElection55] INFO  server.RaftServerConfigKeys (ConfUtils.java:logGet(43)) - raft.server.watch.timeout.denomination = 1s (default)
2019-09-12 10:31:36,894 [2d50b591-d6e4-490f-9fa0-973ad5423bd7:group-937805117B46:LeaderElection56] INFO  server.RaftServerConfigKeys (ConfUtils.java:logGet(43)) - raft.server.watch.timeout.denomination = 1s (default)
2019-09-12 10:31:36,895 [22ce2f4b-d517-44cf-8041-712d813e08f3:group-5B8A0F1FDF05:LeaderElection55] INFO  server.RaftServerConfigKeys (ConfUtils.java:logGet(43)) - raft.server.watch.element-limit = 65536 (default)
2019-09-12 10:31:36,895 [2d50b591-d6e4-490f-9fa0-973ad5423bd7:group-937805117B46:LeaderElection56] INFO  server.RaftServerConfigKeys (ConfUtils.java:logGet(43)) - raft.server.watch.element-limit = 65536 (default)
2019-09-12 10:31:36,895 [22ce2f4b-d517-44cf-8041-712d813e08f3:group-5B8A0F1FDF05:LeaderElection55] INFO  impl.RoleInfo (RoleInfo.java:updateAndGet(143)) - 22ce2f4b-d517-44cf-8041-712d813e08f3: start LeaderState
2019-09-12 10:31:36,895 [2d50b591-d6e4-490f-9fa0-973ad5423bd7:group-937805117B46:LeaderElection56] INFO  impl.RoleInfo (RoleInfo.java:updateAndGet(143)) - 2d50b591-d6e4-490f-9fa0-973ad5423bd7: start LeaderState
2019-09-12 10:31:36,895 [22ce2f4b-d517-44cf-8041-712d813e08f3:group-5B8A0F1FDF05:LeaderElection55] INFO  segmented.SegmentedRaftLogWorker (SegmentedRaftLogWorker.java:startLogSegment(380)) - 22ce2f4b-d517-44cf-8041-712d813e08f3-SegmentedRaftLogWorker:Storage Directory /workdir/hadoop-ozone/integration-test/target/test-dir/MiniOzoneClusterImpl-87a68f7a-76d1-4e01-bf62-4b4b582b7243/datanode-2/data/ratis/cb1ea9d6-43f3-4b6a-9534-5b8a0f1fdf05: Starting segment from index:0
2019-09-12 10:31:36,895 [2d50b591-d6e4-490f-9fa0-973ad5423bd7:group-937805117B46:LeaderElection56] INFO  segmented.SegmentedRaftLogWorker (SegmentedRaftLogWorker.java:startLogSegment(380)) - 2d50b591-d6e4-490f-9fa0-973ad5423bd7-SegmentedRaftLogWorker:Storage Directory /workdir/hadoop-ozone/integration-test/target/test-dir/MiniOzoneClusterImpl-87a68f7a-76d1-4e01-bf62-4b4b582b7243/datanode-1/data/ratis/bb6289f7-ffcc-4c2e-8b9f-937805117b46: Starting segment from index:0
2019-09-12 10:31:36,896 [22ce2f4b-d517-44cf-8041-712d813e08f3:group-5B8A0F1FDF05:LeaderElection55] INFO  impl.RaftServerImpl (ServerState.java:setRaftConf(361)) - 22ce2f4b-d517-44cf-8041-712d813e08f3:group-5B8A0F1FDF05 set configuration 0: [22ce2f4b-d517-44cf-8041-712d813e08f3:192.168.36.114:40208], old=null at 0
2019-09-12 10:31:36,896 [2d50b591-d6e4-490f-9fa0-973ad5423bd7:group-937805117B46:LeaderElection56] INFO  impl.RaftServerImpl (ServerState.java:setRaftConf(361)) - 2d50b591-d6e4-490f-9fa0-973ad5423bd7:group-937805117B46 set configuration 0: [2d50b591-d6e4-490f-9fa0-973ad5423bd7:192.168.36.114:39042], old=null at 0
2019-09-12 10:31:36,896 [Datanode State Machine Thread - 0] INFO  datanode.InitDatanodeState (InitDatanodeState.java:persistContainerDatanodeDetails(140)) - DatanodeDetails is persisted to /workdir/hadoop-ozone/integration-test/target/test-dir/MiniOzoneClusterImpl-d867a4e1-154a-4113-b5e4-c09c14df2894/datanode-2/meta/datanode.id
2019-09-12 10:31:36,898 [main] INFO  ozone.HddsDatanodeService (HddsDatanodeService.java:start(184)) - HddsDatanodeService host:pr-hdds-1569-58hkm-1881083799 ip:192.168.36.114
2019-09-12 10:31:36,943 [Thread-727] INFO  impl.FollowerState (FollowerState.java:run(106)) - 22ce2f4b-d517-44cf-8041-712d813e08f3:group-4E8992B60B4A changes to CANDIDATE, lastRpcTime:5119, electionTimeout:5099ms
2019-09-12 10:31:36,943 [Thread-727] INFO  impl.RoleInfo (RoleInfo.java:shutdownFollowerState(121)) - 22ce2f4b-d517-44cf-8041-712d813e08f3: shutdown FollowerState
2019-09-12 10:31:36,947 [Thread-727] INFO  impl.RaftServerImpl (RaftServerImpl.java:setRole(171)) - 22ce2f4b-d517-44cf-8041-712d813e08f3:group-4E8992B60B4A changes role from FOLLOWER to CANDIDATE at term 0 for changeToCandidate
2019-09-12 10:31:36,947 [Thread-727] INFO  impl.RoleInfo (RoleInfo.java:updateAndGet(143)) - 22ce2f4b-d517-44cf-8041-712d813e08f3: start LeaderElection
2019-09-12 10:31:36,947 [main] INFO  volume.HddsVolume (HddsVolume.java:<init>(176)) - Creating Volume: /workdir/hadoop-ozone/integration-test/target/test-dir/MiniOzoneClusterImpl-d867a4e1-154a-4113-b5e4-c09c14df2894/datanode-3/data/containers/hdds of  storage type : DISK and capacity : 1482555576320
2019-09-12 10:31:36,948 [main] INFO  volume.VolumeSet (VolumeSet.java:initializeVolumeSet(170)) - Added Volume : /workdir/hadoop-ozone/integration-test/target/test-dir/MiniOzoneClusterImpl-d867a4e1-154a-4113-b5e4-c09c14df2894/datanode-3/data/containers/hdds to VolumeSet
2019-09-12 10:31:36,948 [main] INFO  volume.ThrottledAsyncChecker (ThrottledAsyncChecker.java:schedule(140)) - Scheduling a check for org.apache.hadoop.ozone.container.common.volume.HddsVolume@42734b71
2019-09-12 10:31:36,949 [main] INFO  volume.HddsVolumeChecker (HddsVolumeChecker.java:checkAllVolumes(203)) - Scheduled health check for volume org.apache.hadoop.ozone.container.common.volume.HddsVolume@42734b71
2019-09-12 10:31:36,974 [main] INFO  impl.RaftServerProxy (ConfUtils.java:logGet(43)) - raft.rpc.type = GRPC (default)
2019-09-12 10:31:36,974 [main] INFO  grpc.GrpcFactory (GrpcFactory.java:checkPooledByteBufAllocatorUseCacheForAllThreads(45)) - PERFORMANCE WARNING: useCacheForAllThreads is true that may cause Netty to create a lot garbage objects and, as a result, trigger GC.
	It is recommended to disable useCacheForAllThreads by setting -Dorg.apache.ratis.thirdparty.io.netty.allocator.useCacheForAllThreads=false in command line.
2019-09-12 10:31:36,974 [main] INFO  grpc.GrpcConfigKeys$Server (ConfUtils.java:logGet(43)) - raft.grpc.server.port = 0 (default)
2019-09-12 10:31:36,974 [main] INFO  server.GrpcService (ConfUtils.java:logGet(43)) - raft.grpc.message.size.max = 33570816 (custom)
2019-09-12 10:31:36,974 [main] INFO  server.RaftServerConfigKeys (ConfUtils.java:logGet(43)) - raft.server.log.appender.buffer.byte-limit = 33554432 (custom)
2019-09-12 10:31:36,975 [main] INFO  server.GrpcService (ConfUtils.java:logGet(43)) - raft.grpc.flow.control.window = 1MB (=1048576) (default)
2019-09-12 10:31:36,975 [main] INFO  server.RaftServerConfigKeys (ConfUtils.java:logGet(43)) - raft.server.rpc.request.timeout = 3000ms (default)
2019-09-12 10:31:36,975 [main] INFO  server.RaftServerConfigKeys (ConfUtils.java:logGet(43)) - raft.server.storage.dir = [/workdir/hadoop-ozone/integration-test/target/test-dir/MiniOzoneClusterImpl-d867a4e1-154a-4113-b5e4-c09c14df2894/datanode-3/data/ratis] (custom)
2019-09-12 10:31:36,976 [main] INFO  replication.SimpleContainerDownloader (SimpleContainerDownloader.java:<init>(72)) - Starting container downloader service to copy containers to replicate.
2019-09-12 10:31:36,977 [main] INFO  hdfs.DFSUtil (DFSUtil.java:httpServerTemplateForNNAndJN(1641)) - Starting Web-server for hddsDatanode at: http://0.0.0.0:0
2019-09-12 10:31:36,978 [main] INFO  server.AuthenticationFilter (AuthenticationFilter.java:constructSecretProvider(240)) - Unable to initialize FileSignerSecretProvider, falling back to use random secrets.
2019-09-12 10:31:36,979 [main] WARN  http.HttpRequestLog (HttpRequestLog.java:getRequestLog(97)) - Jetty request log can only be enabled using Log4j
2019-09-12 10:31:36,980 [main] INFO  http.HttpServer2 (HttpServer2.java:addGlobalFilter(975)) - Added global filter 'safety' (class=org.apache.hadoop.http.HttpServer2$QuotingInputFilter)
2019-09-12 10:31:36,981 [main] INFO  http.HttpServer2 (HttpServer2.java:addFilter(948)) - Added filter static_user_filter (class=org.apache.hadoop.http.lib.StaticUserWebFilter$StaticUserFilter) to context hddsDatanode
2019-09-12 10:31:36,981 [main] INFO  http.HttpServer2 (HttpServer2.java:addFilter(958)) - Added filter static_user_filter (class=org.apache.hadoop.http.lib.StaticUserWebFilter$StaticUserFilter) to context logs
2019-09-12 10:31:36,981 [main] INFO  http.HttpServer2 (HttpServer2.java:addFilter(958)) - Added filter static_user_filter (class=org.apache.hadoop.http.lib.StaticUserWebFilter$StaticUserFilter) to context static
2019-09-12 10:31:36,981 [main] INFO  http.HttpServer2 (HttpServer2.java:bindListener(1191)) - Jetty bound to port 43066
2019-09-12 10:31:36,982 [main] INFO  server.Server (Server.java:doStart(351)) - jetty-9.3.24.v20180605, build timestamp: 2018-06-05T17:11:56Z, git hash: 84205aa28f11a4f31f2a3b86d1bba2cc8ab69827
2019-09-12 10:31:36,983 [main] INFO  handler.ContextHandler (ContextHandler.java:doStart(781)) - Started o.e.j.s.ServletContextHandler@c86c486{/logs,file:///workdir/hadoop-ozone/integration-test/target/log,AVAILABLE}
2019-09-12 10:31:36,984 [main] INFO  handler.ContextHandler (ContextHandler.java:doStart(781)) - Started o.e.j.s.ServletContextHandler@3ea6faf0{/static,jar:file:/home/user/.m2/repository/org/apache/hadoop/hadoop-hdds-container-service/0.5.0-SNAPSHOT/hadoop-hdds-container-service-0.5.0-SNAPSHOT.jar!/webapps/static,AVAILABLE}
2019-09-12 10:31:36,986 [22ce2f4b-d517-44cf-8041-712d813e08f3-SegmentedRaftLogWorker:Storage Directory /workdir/hadoop-ozone/integration-test/target/test-dir/MiniOzoneClusterImpl-87a68f7a-76d1-4e01-bf62-4b4b582b7243/datanode-2/data/ratis/cb1ea9d6-43f3-4b6a-9534-5b8a0f1fdf05] INFO  segmented.SegmentedRaftLogWorker (SegmentedRaftLogWorker.java:execute(569)) - 22ce2f4b-d517-44cf-8041-712d813e08f3-SegmentedRaftLogWorker:Storage Directory /workdir/hadoop-ozone/integration-test/target/test-dir/MiniOzoneClusterImpl-87a68f7a-76d1-4e01-bf62-4b4b582b7243/datanode-2/data/ratis/cb1ea9d6-43f3-4b6a-9534-5b8a0f1fdf05: created new log segment /workdir/hadoop-ozone/integration-test/target/test-dir/MiniOzoneClusterImpl-87a68f7a-76d1-4e01-bf62-4b4b582b7243/datanode-2/data/ratis/cb1ea9d6-43f3-4b6a-9534-5b8a0f1fdf05/current/log_inprogress_0
2019-09-12 10:31:36,986 [2d50b591-d6e4-490f-9fa0-973ad5423bd7-SegmentedRaftLogWorker:Storage Directory /workdir/hadoop-ozone/integration-test/target/test-dir/MiniOzoneClusterImpl-87a68f7a-76d1-4e01-bf62-4b4b582b7243/datanode-1/data/ratis/bb6289f7-ffcc-4c2e-8b9f-937805117b46] INFO  segmented.SegmentedRaftLogWorker (SegmentedRaftLogWorker.java:execute(569)) - 2d50b591-d6e4-490f-9fa0-973ad5423bd7-SegmentedRaftLogWorker:Storage Directory /workdir/hadoop-ozone/integration-test/target/test-dir/MiniOzoneClusterImpl-87a68f7a-76d1-4e01-bf62-4b4b582b7243/datanode-1/data/ratis/bb6289f7-ffcc-4c2e-8b9f-937805117b46: created new log segment /workdir/hadoop-ozone/integration-test/target/test-dir/MiniOzoneClusterImpl-87a68f7a-76d1-4e01-bf62-4b4b582b7243/datanode-1/data/ratis/bb6289f7-ffcc-4c2e-8b9f-937805117b46/current/log_inprogress_0
2019-09-12 10:31:36,986 [22ce2f4b-d517-44cf-8041-712d813e08f3:group-4E8992B60B4A:LeaderElection57] INFO  impl.LeaderElection (LeaderElection.java:askForVotes(181)) - 22ce2f4b-d517-44cf-8041-712d813e08f3:group-4E8992B60B4A:LeaderElection57: begin an election at term 1 for -1: [22ce2f4b-d517-44cf-8041-712d813e08f3:192.168.36.114:40208], old=null
2019-09-12 10:31:36,986 [2d50b591-d6e4-490f-9fa0-973ad5423bd7-SegmentedRaftLogWorker:Storage Directory /workdir/hadoop-ozone/integration-test/target/test-dir/MiniOzoneClusterImpl-87a68f7a-76d1-4e01-bf62-4b4b582b7243/datanode-1/data/ratis/432067df-4084-4471-b717-8cbdda6cc588] INFO  segmented.SegmentedRaftLogWorker (SegmentedRaftLogWorker.java:execute(569)) - 2d50b591-d6e4-490f-9fa0-973ad5423bd7-SegmentedRaftLogWorker:Storage Directory /workdir/hadoop-ozone/integration-test/target/test-dir/MiniOzoneClusterImpl-87a68f7a-76d1-4e01-bf62-4b4b582b7243/datanode-1/data/ratis/432067df-4084-4471-b717-8cbdda6cc588: created new log segment /workdir/hadoop-ozone/integration-test/target/test-dir/MiniOzoneClusterImpl-87a68f7a-76d1-4e01-bf62-4b4b582b7243/datanode-1/data/ratis/432067df-4084-4471-b717-8cbdda6cc588/current/log_inprogress_0
2019-09-12 10:31:36,987 [22ce2f4b-d517-44cf-8041-712d813e08f3:group-4E8992B60B4A:LeaderElection57] INFO  impl.RoleInfo (RoleInfo.java:shutdownLeaderElection(134)) - 22ce2f4b-d517-44cf-8041-712d813e08f3: shutdown LeaderElection
2019-09-12 10:31:36,987 [22ce2f4b-d517-44cf-8041-712d813e08f3:group-4E8992B60B4A:LeaderElection57] INFO  impl.RaftServerImpl (RaftServerImpl.java:setRole(171)) - 22ce2f4b-d517-44cf-8041-712d813e08f3:group-4E8992B60B4A changes role from CANDIDATE to LEADER at term 1 for changeToLeader
2019-09-12 10:31:36,987 [22ce2f4b-d517-44cf-8041-712d813e08f3:group-4E8992B60B4A:LeaderElection57] INFO  impl.RaftServerImpl (ServerState.java:setLeader(263)) - 22ce2f4b-d517-44cf-8041-712d813e08f3:group-4E8992B60B4A change Leader from null to 22ce2f4b-d517-44cf-8041-712d813e08f3 at term 1 for becomeLeader, leader elected after 5167ms
2019-09-12 10:31:36,987 [22ce2f4b-d517-44cf-8041-712d813e08f3:group-4E8992B60B4A:LeaderElection57] INFO  server.RaftServerConfigKeys (ConfUtils.java:logGet(43)) - raft.server.staging.catchup.gap = 1000 (default)
2019-09-12 10:31:36,987 [22ce2f4b-d517-44cf-8041-712d813e08f3:group-4E8992B60B4A:LeaderElection57] INFO  server.RaftServerConfigKeys (ConfUtils.java:logGet(43)) - raft.server.rpc.sleep.time = 25ms (default)
2019-09-12 10:31:36,988 [22ce2f4b-d517-44cf-8041-712d813e08f3:group-4E8992B60B4A:LeaderElection57] INFO  server.RaftServerConfigKeys (ConfUtils.java:logGet(43)) - raft.server.write.element-limit = 4096 (default)
2019-09-12 10:31:36,988 [22ce2f4b-d517-44cf-8041-712d813e08f3:group-4E8992B60B4A:LeaderElection57] INFO  server.RaftServerConfigKeys (ConfUtils.java:logGet(43)) - raft.server.watch.timeout = 10s (default)
2019-09-12 10:31:36,988 [22ce2f4b-d517-44cf-8041-712d813e08f3:group-4E8992B60B4A:LeaderElection57] INFO  server.RaftServerConfigKeys (ConfUtils.java:logGet(43)) - raft.server.watch.timeout.denomination = 1s (default)
2019-09-12 10:31:36,988 [22ce2f4b-d517-44cf-8041-712d813e08f3:group-4E8992B60B4A:LeaderElection57] INFO  server.RaftServerConfigKeys (ConfUtils.java:logGet(43)) - raft.server.watch.element-limit = 65536 (default)
2019-09-12 10:31:36,988 [22ce2f4b-d517-44cf-8041-712d813e08f3:group-4E8992B60B4A:LeaderElection57] INFO  impl.RoleInfo (RoleInfo.java:updateAndGet(143)) - 22ce2f4b-d517-44cf-8041-712d813e08f3: start LeaderState
2019-09-12 10:31:36,989 [22ce2f4b-d517-44cf-8041-712d813e08f3:group-4E8992B60B4A:LeaderElection57] INFO  segmented.SegmentedRaftLogWorker (SegmentedRaftLogWorker.java:startLogSegment(380)) - 22ce2f4b-d517-44cf-8041-712d813e08f3-SegmentedRaftLogWorker:Storage Directory /workdir/hadoop-ozone/integration-test/target/test-dir/MiniOzoneClusterImpl-87a68f7a-76d1-4e01-bf62-4b4b582b7243/datanode-2/data/ratis/8969cbd8-593c-4e2d-b683-4e8992b60b4a: Starting segment from index:0
2019-09-12 10:31:36,989 [22ce2f4b-d517-44cf-8041-712d813e08f3:group-4E8992B60B4A:LeaderElection57] INFO  impl.RaftServerImpl (ServerState.java:setRaftConf(361)) - 22ce2f4b-d517-44cf-8041-712d813e08f3:group-4E8992B60B4A set configuration 0: [22ce2f4b-d517-44cf-8041-712d813e08f3:192.168.36.114:40208], old=null at 0
2019-09-12 10:31:37,012 [main] INFO  handler.ContextHandler (ContextHandler.java:doStart(781)) - Started o.e.j.w.WebAppContext@60b4c754{/,file:///tmp/jetty-0.0.0.0-43066-hddsDatanode-_-any-8197963012314129302.dir/webapp/,AVAILABLE}{/hddsDatanode}
2019-09-12 10:31:37,013 [main] INFO  server.AbstractConnector (AbstractConnector.java:doStart(278)) - Started ServerConnector@2c846d55{HTTP/1.1,[http/1.1]}{0.0.0.0:43066}
2019-09-12 10:31:37,018 [main] INFO  server.Server (Server.java:doStart(419)) - Started @28356ms
2019-09-12 10:31:37,019 [main] INFO  server.BaseHttpServer (BaseHttpServer.java:updateConnectorAddress(213)) - HTTP server of HDDSDATANODE is listening at http://0.0.0.0:43066
2019-09-12 10:31:37,030 [22ce2f4b-d517-44cf-8041-712d813e08f3-SegmentedRaftLogWorker:Storage Directory /workdir/hadoop-ozone/integration-test/target/test-dir/MiniOzoneClusterImpl-87a68f7a-76d1-4e01-bf62-4b4b582b7243/datanode-2/data/ratis/8969cbd8-593c-4e2d-b683-4e8992b60b4a] INFO  segmented.SegmentedRaftLogWorker (SegmentedRaftLogWorker.java:execute(569)) - 22ce2f4b-d517-44cf-8041-712d813e08f3-SegmentedRaftLogWorker:Storage Directory /workdir/hadoop-ozone/integration-test/target/test-dir/MiniOzoneClusterImpl-87a68f7a-76d1-4e01-bf62-4b4b582b7243/datanode-2/data/ratis/8969cbd8-593c-4e2d-b683-4e8992b60b4a: created new log segment /workdir/hadoop-ozone/integration-test/target/test-dir/MiniOzoneClusterImpl-87a68f7a-76d1-4e01-bf62-4b4b582b7243/datanode-2/data/ratis/8969cbd8-593c-4e2d-b683-4e8992b60b4a/current/log_inprogress_0
2019-09-12 10:31:37,032 [Thread-736] INFO  impl.FollowerState (FollowerState.java:run(106)) - 22ce2f4b-d517-44cf-8041-712d813e08f3:group-1F541D4A4B12 changes to CANDIDATE, lastRpcTime:5059, electionTimeout:5059ms
2019-09-12 10:31:37,032 [Thread-736] INFO  impl.RoleInfo (RoleInfo.java:shutdownFollowerState(121)) - 22ce2f4b-d517-44cf-8041-712d813e08f3: shutdown FollowerState
2019-09-12 10:31:37,032 [Thread-736] INFO  impl.RaftServerImpl (RaftServerImpl.java:setRole(171)) - 22ce2f4b-d517-44cf-8041-712d813e08f3:group-1F541D4A4B12 changes role from FOLLOWER to CANDIDATE at term 0 for changeToCandidate
2019-09-12 10:31:37,033 [Thread-736] INFO  impl.RoleInfo (RoleInfo.java:updateAndGet(143)) - 22ce2f4b-d517-44cf-8041-712d813e08f3: start LeaderElection
2019-09-12 10:31:37,035 [Thread-730] INFO  impl.FollowerState (FollowerState.java:run(106)) - 22ce2f4b-d517-44cf-8041-712d813e08f3:group-5DED143AE1D2 changes to CANDIDATE, lastRpcTime:5153, electionTimeout:5153ms
2019-09-12 10:31:37,035 [Thread-730] INFO  impl.RoleInfo (RoleInfo.java:shutdownFollowerState(121)) - 22ce2f4b-d517-44cf-8041-712d813e08f3: shutdown FollowerState
2019-09-12 10:31:37,035 [Thread-730] INFO  impl.RaftServerImpl (RaftServerImpl.java:setRole(171)) - 22ce2f4b-d517-44cf-8041-712d813e08f3:group-5DED143AE1D2 changes role from FOLLOWER to CANDIDATE at term 0 for changeToCandidate
2019-09-12 10:31:37,035 [Thread-730] INFO  impl.RoleInfo (RoleInfo.java:updateAndGet(143)) - 22ce2f4b-d517-44cf-8041-712d813e08f3: start LeaderElection
2019-09-12 10:31:37,046 [22ce2f4b-d517-44cf-8041-712d813e08f3:group-1F541D4A4B12:LeaderElection58] INFO  impl.LeaderElection (LeaderElection.java:askForVotes(181)) - 22ce2f4b-d517-44cf-8041-712d813e08f3:group-1F541D4A4B12:LeaderElection58: begin an election at term 1 for -1: [22ce2f4b-d517-44cf-8041-712d813e08f3:192.168.36.114:40208], old=null
2019-09-12 10:31:37,046 [22ce2f4b-d517-44cf-8041-712d813e08f3:group-5DED143AE1D2:LeaderElection59] INFO  impl.LeaderElection (LeaderElection.java:askForVotes(181)) - 22ce2f4b-d517-44cf-8041-712d813e08f3:group-5DED143AE1D2:LeaderElection59: begin an election at term 1 for -1: [22ce2f4b-d517-44cf-8041-712d813e08f3:192.168.36.114:40208], old=null
2019-09-12 10:31:37,047 [22ce2f4b-d517-44cf-8041-712d813e08f3:group-1F541D4A4B12:LeaderElection58] INFO  impl.RoleInfo (RoleInfo.java:shutdownLeaderElection(134)) - 22ce2f4b-d517-44cf-8041-712d813e08f3: shutdown LeaderElection
2019-09-12 10:31:37,047 [22ce2f4b-d517-44cf-8041-712d813e08f3:group-5DED143AE1D2:LeaderElection59] INFO  impl.RoleInfo (RoleInfo.java:shutdownLeaderElection(134)) - 22ce2f4b-d517-44cf-8041-712d813e08f3: shutdown LeaderElection
2019-09-12 10:31:37,047 [22ce2f4b-d517-44cf-8041-712d813e08f3:group-1F541D4A4B12:LeaderElection58] INFO  impl.RaftServerImpl (RaftServerImpl.java:setRole(171)) - 22ce2f4b-d517-44cf-8041-712d813e08f3:group-1F541D4A4B12 changes role from CANDIDATE to LEADER at term 1 for changeToLeader
2019-09-12 10:31:37,047 [22ce2f4b-d517-44cf-8041-712d813e08f3:group-5DED143AE1D2:LeaderElection59] INFO  impl.RaftServerImpl (RaftServerImpl.java:setRole(171)) - 22ce2f4b-d517-44cf-8041-712d813e08f3:group-5DED143AE1D2 changes role from CANDIDATE to LEADER at term 1 for changeToLeader
2019-09-12 10:31:37,047 [22ce2f4b-d517-44cf-8041-712d813e08f3:group-1F541D4A4B12:LeaderElection58] INFO  impl.RaftServerImpl (ServerState.java:setLeader(263)) - 22ce2f4b-d517-44cf-8041-712d813e08f3:group-1F541D4A4B12 change Leader from null to 22ce2f4b-d517-44cf-8041-712d813e08f3 at term 1 for becomeLeader, leader elected after 5079ms
2019-09-12 10:31:37,047 [22ce2f4b-d517-44cf-8041-712d813e08f3:group-5DED143AE1D2:LeaderElection59] INFO  impl.RaftServerImpl (ServerState.java:setLeader(263)) - 22ce2f4b-d517-44cf-8041-712d813e08f3:group-5DED143AE1D2 change Leader from null to 22ce2f4b-d517-44cf-8041-712d813e08f3 at term 1 for becomeLeader, leader elected after 5173ms
2019-09-12 10:31:37,047 [22ce2f4b-d517-44cf-8041-712d813e08f3:group-1F541D4A4B12:LeaderElection58] INFO  server.RaftServerConfigKeys (ConfUtils.java:logGet(43)) - raft.server.staging.catchup.gap = 1000 (default)
2019-09-12 10:31:37,047 [22ce2f4b-d517-44cf-8041-712d813e08f3:group-5DED143AE1D2:LeaderElection59] INFO  server.RaftServerConfigKeys (ConfUtils.java:logGet(43)) - raft.server.staging.catchup.gap = 1000 (default)
2019-09-12 10:31:37,047 [22ce2f4b-d517-44cf-8041-712d813e08f3:group-1F541D4A4B12:LeaderElection58] INFO  server.RaftServerConfigKeys (ConfUtils.java:logGet(43)) - raft.server.rpc.sleep.time = 25ms (default)
2019-09-12 10:31:37,047 [22ce2f4b-d517-44cf-8041-712d813e08f3:group-5DED143AE1D2:LeaderElection59] INFO  server.RaftServerConfigKeys (ConfUtils.java:logGet(43)) - raft.server.rpc.sleep.time = 25ms (default)
2019-09-12 10:31:37,048 [22ce2f4b-d517-44cf-8041-712d813e08f3:group-1F541D4A4B12:LeaderElection58] INFO  server.RaftServerConfigKeys (ConfUtils.java:logGet(43)) - raft.server.write.element-limit = 4096 (default)
2019-09-12 10:31:37,048 [22ce2f4b-d517-44cf-8041-712d813e08f3:group-5DED143AE1D2:LeaderElection59] INFO  server.RaftServerConfigKeys (ConfUtils.java:logGet(43)) - raft.server.write.element-limit = 4096 (default)
2019-09-12 10:31:37,048 [22ce2f4b-d517-44cf-8041-712d813e08f3:group-1F541D4A4B12:LeaderElection58] INFO  server.RaftServerConfigKeys (ConfUtils.java:logGet(43)) - raft.server.watch.timeout = 10s (default)
2019-09-12 10:31:37,048 [22ce2f4b-d517-44cf-8041-712d813e08f3:group-5DED143AE1D2:LeaderElection59] INFO  server.RaftServerConfigKeys (ConfUtils.java:logGet(43)) - raft.server.watch.timeout = 10s (default)
2019-09-12 10:31:37,048 [22ce2f4b-d517-44cf-8041-712d813e08f3:group-1F541D4A4B12:LeaderElection58] INFO  server.RaftServerConfigKeys (ConfUtils.java:logGet(43)) - raft.server.watch.timeout.denomination = 1s (default)
2019-09-12 10:31:37,048 [22ce2f4b-d517-44cf-8041-712d813e08f3:group-5DED143AE1D2:LeaderElection59] INFO  server.RaftServerConfigKeys (ConfUtils.java:logGet(43)) - raft.server.watch.timeout.denomination = 1s (default)
2019-09-12 10:31:37,048 [22ce2f4b-d517-44cf-8041-712d813e08f3:group-1F541D4A4B12:LeaderElection58] INFO  server.RaftServerConfigKeys (ConfUtils.java:logGet(43)) - raft.server.watch.element-limit = 65536 (default)
2019-09-12 10:31:37,048 [22ce2f4b-d517-44cf-8041-712d813e08f3:group-5DED143AE1D2:LeaderElection59] INFO  server.RaftServerConfigKeys (ConfUtils.java:logGet(43)) - raft.server.watch.element-limit = 65536 (default)
2019-09-12 10:31:37,049 [22ce2f4b-d517-44cf-8041-712d813e08f3:group-1F541D4A4B12:LeaderElection58] INFO  impl.RoleInfo (RoleInfo.java:updateAndGet(143)) - 22ce2f4b-d517-44cf-8041-712d813e08f3: start LeaderState
2019-09-12 10:31:37,049 [22ce2f4b-d517-44cf-8041-712d813e08f3:group-5DED143AE1D2:LeaderElection59] INFO  impl.RoleInfo (RoleInfo.java:updateAndGet(143)) - 22ce2f4b-d517-44cf-8041-712d813e08f3: start LeaderState
2019-09-12 10:31:37,049 [22ce2f4b-d517-44cf-8041-712d813e08f3:group-1F541D4A4B12:LeaderElection58] INFO  segmented.SegmentedRaftLogWorker (SegmentedRaftLogWorker.java:startLogSegment(380)) - 22ce2f4b-d517-44cf-8041-712d813e08f3-SegmentedRaftLogWorker:Storage Directory /workdir/hadoop-ozone/integration-test/target/test-dir/MiniOzoneClusterImpl-87a68f7a-76d1-4e01-bf62-4b4b582b7243/datanode-2/data/ratis/e0d1d128-8938-45af-80b9-1f541d4a4b12: Starting segment from index:0
2019-09-12 10:31:37,049 [22ce2f4b-d517-44cf-8041-712d813e08f3:group-5DED143AE1D2:LeaderElection59] INFO  segmented.SegmentedRaftLogWorker (SegmentedRaftLogWorker.java:startLogSegment(380)) - 22ce2f4b-d517-44cf-8041-712d813e08f3-SegmentedRaftLogWorker:Storage Directory /workdir/hadoop-ozone/integration-test/target/test-dir/MiniOzoneClusterImpl-87a68f7a-76d1-4e01-bf62-4b4b582b7243/datanode-2/data/ratis/fbdbcddc-760b-4e5a-9007-5ded143ae1d2: Starting segment from index:0
2019-09-12 10:31:37,049 [22ce2f4b-d517-44cf-8041-712d813e08f3:group-1F541D4A4B12:LeaderElection58] INFO  impl.RaftServerImpl (ServerState.java:setRaftConf(361)) - 22ce2f4b-d517-44cf-8041-712d813e08f3:group-1F541D4A4B12 set configuration 0: [22ce2f4b-d517-44cf-8041-712d813e08f3:192.168.36.114:40208], old=null at 0
2019-09-12 10:31:37,049 [22ce2f4b-d517-44cf-8041-712d813e08f3:group-5DED143AE1D2:LeaderElection59] INFO  impl.RaftServerImpl (ServerState.java:setRaftConf(361)) - 22ce2f4b-d517-44cf-8041-712d813e08f3:group-5DED143AE1D2 set configuration 0: [22ce2f4b-d517-44cf-8041-712d813e08f3:192.168.36.114:40208], old=null at 0
2019-09-12 10:31:37,066 | INFO  | SCMAudit | user=jenkins1000 | ip=192.168.36.114 | op=SEND_HEARTBEAT {datanodeUUID=c54af6f8-a22e-478f-90e1-029d14059a99, command=[]} | ret=SUCCESS |  
2019-09-12 10:31:37,068 | INFO  | SCMAudit | user=jenkins1000 | ip=192.168.36.114 | op=SEND_HEARTBEAT {datanodeUUID=ff438662-24cf-49bb-bfc5-3308ec6d286b, command=[]} | ret=SUCCESS |  
2019-09-12 10:31:37,093 | INFO  | SCMAudit | user=jenkins1000 | ip=192.168.36.114 | op=SEND_HEARTBEAT {datanodeUUID=2cb9d557-cb56-4745-8686-5e72b62e748a, command=[]} | ret=SUCCESS |  
2019-09-12 10:31:37,097 [22ce2f4b-d517-44cf-8041-712d813e08f3-SegmentedRaftLogWorker:Storage Directory /workdir/hadoop-ozone/integration-test/target/test-dir/MiniOzoneClusterImpl-87a68f7a-76d1-4e01-bf62-4b4b582b7243/datanode-2/data/ratis/e0d1d128-8938-45af-80b9-1f541d4a4b12] INFO  segmented.SegmentedRaftLogWorker (SegmentedRaftLogWorker.java:execute(569)) - 22ce2f4b-d517-44cf-8041-712d813e08f3-SegmentedRaftLogWorker:Storage Directory /workdir/hadoop-ozone/integration-test/target/test-dir/MiniOzoneClusterImpl-87a68f7a-76d1-4e01-bf62-4b4b582b7243/datanode-2/data/ratis/e0d1d128-8938-45af-80b9-1f541d4a4b12: created new log segment /workdir/hadoop-ozone/integration-test/target/test-dir/MiniOzoneClusterImpl-87a68f7a-76d1-4e01-bf62-4b4b582b7243/datanode-2/data/ratis/e0d1d128-8938-45af-80b9-1f541d4a4b12/current/log_inprogress_0
2019-09-12 10:31:37,097 [22ce2f4b-d517-44cf-8041-712d813e08f3-SegmentedRaftLogWorker:Storage Directory /workdir/hadoop-ozone/integration-test/target/test-dir/MiniOzoneClusterImpl-87a68f7a-76d1-4e01-bf62-4b4b582b7243/datanode-2/data/ratis/fbdbcddc-760b-4e5a-9007-5ded143ae1d2] INFO  segmented.SegmentedRaftLogWorker (SegmentedRaftLogWorker.java:execute(569)) - 22ce2f4b-d517-44cf-8041-712d813e08f3-SegmentedRaftLogWorker:Storage Directory /workdir/hadoop-ozone/integration-test/target/test-dir/MiniOzoneClusterImpl-87a68f7a-76d1-4e01-bf62-4b4b582b7243/datanode-2/data/ratis/fbdbcddc-760b-4e5a-9007-5ded143ae1d2: created new log segment /workdir/hadoop-ozone/integration-test/target/test-dir/MiniOzoneClusterImpl-87a68f7a-76d1-4e01-bf62-4b4b582b7243/datanode-2/data/ratis/fbdbcddc-760b-4e5a-9007-5ded143ae1d2/current/log_inprogress_0
2019-09-12 10:31:37,114 [Thread-733] INFO  impl.FollowerState (FollowerState.java:run(106)) - 22ce2f4b-d517-44cf-8041-712d813e08f3:group-D4A26BA1324F changes to CANDIDATE, lastRpcTime:5186, electionTimeout:5186ms
2019-09-12 10:31:37,114 [Thread-733] INFO  impl.RoleInfo (RoleInfo.java:shutdownFollowerState(121)) - 22ce2f4b-d517-44cf-8041-712d813e08f3: shutdown FollowerState
2019-09-12 10:31:37,114 [Thread-733] INFO  impl.RaftServerImpl (RaftServerImpl.java:setRole(171)) - 22ce2f4b-d517-44cf-8041-712d813e08f3:group-D4A26BA1324F changes role from FOLLOWER to CANDIDATE at term 0 for changeToCandidate
2019-09-12 10:31:37,114 [Thread-733] INFO  impl.RoleInfo (RoleInfo.java:updateAndGet(143)) - 22ce2f4b-d517-44cf-8041-712d813e08f3: start LeaderElection
2019-09-12 10:31:37,127 [22ce2f4b-d517-44cf-8041-712d813e08f3:group-D4A26BA1324F:LeaderElection60] INFO  impl.LeaderElection (LeaderElection.java:askForVotes(181)) - 22ce2f4b-d517-44cf-8041-712d813e08f3:group-D4A26BA1324F:LeaderElection60: begin an election at term 1 for -1: [22ce2f4b-d517-44cf-8041-712d813e08f3:192.168.36.114:40208], old=null
2019-09-12 10:31:37,127 [22ce2f4b-d517-44cf-8041-712d813e08f3:group-D4A26BA1324F:LeaderElection60] INFO  impl.RoleInfo (RoleInfo.java:shutdownLeaderElection(134)) - 22ce2f4b-d517-44cf-8041-712d813e08f3: shutdown LeaderElection
2019-09-12 10:31:37,127 [22ce2f4b-d517-44cf-8041-712d813e08f3:group-D4A26BA1324F:LeaderElection60] INFO  impl.RaftServerImpl (RaftServerImpl.java:setRole(171)) - 22ce2f4b-d517-44cf-8041-712d813e08f3:group-D4A26BA1324F changes role from CANDIDATE to LEADER at term 1 for changeToLeader
2019-09-12 10:31:37,127 [22ce2f4b-d517-44cf-8041-712d813e08f3:group-D4A26BA1324F:LeaderElection60] INFO  impl.RaftServerImpl (ServerState.java:setLeader(263)) - 22ce2f4b-d517-44cf-8041-712d813e08f3:group-D4A26BA1324F change Leader from null to 22ce2f4b-d517-44cf-8041-712d813e08f3 at term 1 for becomeLeader, leader elected after 5204ms
2019-09-12 10:31:37,127 [22ce2f4b-d517-44cf-8041-712d813e08f3:group-D4A26BA1324F:LeaderElection60] INFO  server.RaftServerConfigKeys (ConfUtils.java:logGet(43)) - raft.server.staging.catchup.gap = 1000 (default)
2019-09-12 10:31:37,127 [22ce2f4b-d517-44cf-8041-712d813e08f3:group-D4A26BA1324F:LeaderElection60] INFO  server.RaftServerConfigKeys (ConfUtils.java:logGet(43)) - raft.server.rpc.sleep.time = 25ms (default)
2019-09-12 10:31:37,128 [22ce2f4b-d517-44cf-8041-712d813e08f3:group-D4A26BA1324F:LeaderElection60] INFO  server.RaftServerConfigKeys (ConfUtils.java:logGet(43)) - raft.server.write.element-limit = 4096 (default)
2019-09-12 10:31:37,128 [22ce2f4b-d517-44cf-8041-712d813e08f3:group-D4A26BA1324F:LeaderElection60] INFO  server.RaftServerConfigKeys (ConfUtils.java:logGet(43)) - raft.server.watch.timeout = 10s (default)
2019-09-12 10:31:37,128 [22ce2f4b-d517-44cf-8041-712d813e08f3:group-D4A26BA1324F:LeaderElection60] INFO  server.RaftServerConfigKeys (ConfUtils.java:logGet(43)) - raft.server.watch.timeout.denomination = 1s (default)
2019-09-12 10:31:37,128 [22ce2f4b-d517-44cf-8041-712d813e08f3:group-D4A26BA1324F:LeaderElection60] INFO  server.RaftServerConfigKeys (ConfUtils.java:logGet(43)) - raft.server.watch.element-limit = 65536 (default)
2019-09-12 10:31:37,128 [22ce2f4b-d517-44cf-8041-712d813e08f3:group-D4A26BA1324F:LeaderElection60] INFO  impl.RoleInfo (RoleInfo.java:updateAndGet(143)) - 22ce2f4b-d517-44cf-8041-712d813e08f3: start LeaderState
2019-09-12 10:31:37,129 [22ce2f4b-d517-44cf-8041-712d813e08f3:group-D4A26BA1324F:LeaderElection60] INFO  segmented.SegmentedRaftLogWorker (SegmentedRaftLogWorker.java:startLogSegment(380)) - 22ce2f4b-d517-44cf-8041-712d813e08f3-SegmentedRaftLogWorker:Storage Directory /workdir/hadoop-ozone/integration-test/target/test-dir/MiniOzoneClusterImpl-87a68f7a-76d1-4e01-bf62-4b4b582b7243/datanode-2/data/ratis/066e90a9-cc27-4a7a-9fd0-d4a26ba1324f: Starting segment from index:0
2019-09-12 10:31:37,129 [22ce2f4b-d517-44cf-8041-712d813e08f3:group-D4A26BA1324F:LeaderElection60] INFO  impl.RaftServerImpl (ServerState.java:setRaftConf(361)) - 22ce2f4b-d517-44cf-8041-712d813e08f3:group-D4A26BA1324F set configuration 0: [22ce2f4b-d517-44cf-8041-712d813e08f3:192.168.36.114:40208], old=null at 0
2019-09-12 10:31:37,170 | INFO  | ObjectStoreRestHttpServer | Listening HDDS REST traffic on /0.0.0.0:35109 |  
2019-09-12 10:31:37,170 [main] INFO  ozone.HddsDatanodeService (HddsDatanodeService.java:startPlugins(395)) - Started plug-in org.apache.hadoop.ozone.web.OzoneHddsDatanodeService@d271d6c
2019-09-12 10:31:37,171 [main] INFO  impl.MetricsSystemImpl (MetricsSystemImpl.java:init(158)) - HddsDatanode metrics system started (again)
2019-09-12 10:31:37,172 [org.apache.hadoop.util.JvmPauseMonitor$Monitor@1457cb87] INFO  util.JvmPauseMonitor (JvmPauseMonitor.java:run(188)) - Starting JVM pause monitor
2019-09-12 10:31:37,173 [Datanode State Machine Thread - 0] INFO  datanode.InitDatanodeState (InitDatanodeState.java:persistContainerDatanodeDetails(140)) - DatanodeDetails is persisted to /workdir/hadoop-ozone/integration-test/target/test-dir/MiniOzoneClusterImpl-d867a4e1-154a-4113-b5e4-c09c14df2894/datanode-3/meta/datanode.id
2019-09-12 10:31:37,181 [22ce2f4b-d517-44cf-8041-712d813e08f3-SegmentedRaftLogWorker:Storage Directory /workdir/hadoop-ozone/integration-test/target/test-dir/MiniOzoneClusterImpl-87a68f7a-76d1-4e01-bf62-4b4b582b7243/datanode-2/data/ratis/066e90a9-cc27-4a7a-9fd0-d4a26ba1324f] INFO  segmented.SegmentedRaftLogWorker (SegmentedRaftLogWorker.java:execute(569)) - 22ce2f4b-d517-44cf-8041-712d813e08f3-SegmentedRaftLogWorker:Storage Directory /workdir/hadoop-ozone/integration-test/target/test-dir/MiniOzoneClusterImpl-87a68f7a-76d1-4e01-bf62-4b4b582b7243/datanode-2/data/ratis/066e90a9-cc27-4a7a-9fd0-d4a26ba1324f: created new log segment /workdir/hadoop-ozone/integration-test/target/test-dir/MiniOzoneClusterImpl-87a68f7a-76d1-4e01-bf62-4b4b582b7243/datanode-2/data/ratis/066e90a9-cc27-4a7a-9fd0-d4a26ba1324f/current/log_inprogress_0
2019-09-12 10:31:37,208 | INFO  | SCMAudit | user=jenkins1000 | ip=192.168.36.114 | op=SEND_HEARTBEAT {datanodeUUID=accf000b-d7b7-4fa5-9682-da82c4451e10, command=[]} | ret=SUCCESS |  
2019-09-12 10:31:37,269 [main] INFO  ozone.HddsDatanodeService (HddsDatanodeService.java:start(184)) - HddsDatanodeService host:pr-hdds-1569-58hkm-1881083799 ip:192.168.36.114
2019-09-12 10:31:37,308 [main] INFO  volume.HddsVolume (HddsVolume.java:<init>(176)) - Creating Volume: /workdir/hadoop-ozone/integration-test/target/test-dir/MiniOzoneClusterImpl-d867a4e1-154a-4113-b5e4-c09c14df2894/datanode-4/data/containers/hdds of  storage type : DISK and capacity : 1482555576320
2019-09-12 10:31:37,309 [main] INFO  volume.VolumeSet (VolumeSet.java:initializeVolumeSet(170)) - Added Volume : /workdir/hadoop-ozone/integration-test/target/test-dir/MiniOzoneClusterImpl-d867a4e1-154a-4113-b5e4-c09c14df2894/datanode-4/data/containers/hdds to VolumeSet
2019-09-12 10:31:37,309 [main] INFO  volume.ThrottledAsyncChecker (ThrottledAsyncChecker.java:schedule(140)) - Scheduling a check for org.apache.hadoop.ozone.container.common.volume.HddsVolume@1be4a7e3
2019-09-12 10:31:37,310 [main] INFO  volume.HddsVolumeChecker (HddsVolumeChecker.java:checkAllVolumes(203)) - Scheduled health check for volume org.apache.hadoop.ozone.container.common.volume.HddsVolume@1be4a7e3
2019-09-12 10:31:37,315 [Thread-739] INFO  impl.FollowerState (FollowerState.java:run(106)) - c54af6f8-a22e-478f-90e1-029d14059a99:group-5E80A228A21A changes to CANDIDATE, lastRpcTime:5188, electionTimeout:5187ms
2019-09-12 10:31:37,315 [Thread-739] INFO  impl.RoleInfo (RoleInfo.java:shutdownFollowerState(121)) - c54af6f8-a22e-478f-90e1-029d14059a99: shutdown FollowerState
2019-09-12 10:31:37,315 [Thread-739] INFO  impl.RaftServerImpl (RaftServerImpl.java:setRole(171)) - c54af6f8-a22e-478f-90e1-029d14059a99:group-5E80A228A21A changes role from FOLLOWER to CANDIDATE at term 0 for changeToCandidate
2019-09-12 10:31:37,315 [Thread-739] INFO  impl.RoleInfo (RoleInfo.java:updateAndGet(143)) - c54af6f8-a22e-478f-90e1-029d14059a99: start LeaderElection
2019-09-12 10:31:37,327 [Thread-742] INFO  impl.FollowerState (FollowerState.java:run(106)) - c54af6f8-a22e-478f-90e1-029d14059a99:group-5E4C629C038B changes to CANDIDATE, lastRpcTime:5144, electionTimeout:5144ms
2019-09-12 10:31:37,327 [Thread-742] INFO  impl.RoleInfo (RoleInfo.java:shutdownFollowerState(121)) - c54af6f8-a22e-478f-90e1-029d14059a99: shutdown FollowerState
2019-09-12 10:31:37,327 [Thread-742] INFO  impl.RaftServerImpl (RaftServerImpl.java:setRole(171)) - c54af6f8-a22e-478f-90e1-029d14059a99:group-5E4C629C038B changes role from FOLLOWER to CANDIDATE at term 0 for changeToCandidate
2019-09-12 10:31:37,327 [Thread-742] INFO  impl.RoleInfo (RoleInfo.java:updateAndGet(143)) - c54af6f8-a22e-478f-90e1-029d14059a99: start LeaderElection
2019-09-12 10:31:37,339 [c54af6f8-a22e-478f-90e1-029d14059a99:group-5E80A228A21A:LeaderElection61] INFO  impl.LeaderElection (LeaderElection.java:askForVotes(181)) - c54af6f8-a22e-478f-90e1-029d14059a99:group-5E80A228A21A:LeaderElection61: begin an election at term 1 for -1: [c54af6f8-a22e-478f-90e1-029d14059a99:192.168.36.114:44604], old=null
2019-09-12 10:31:37,339 [c54af6f8-a22e-478f-90e1-029d14059a99:group-5E4C629C038B:LeaderElection62] INFO  impl.LeaderElection (LeaderElection.java:askForVotes(181)) - c54af6f8-a22e-478f-90e1-029d14059a99:group-5E4C629C038B:LeaderElection62: begin an election at term 1 for -1: [c54af6f8-a22e-478f-90e1-029d14059a99:192.168.36.114:44604], old=null
2019-09-12 10:31:37,339 [c54af6f8-a22e-478f-90e1-029d14059a99:group-5E80A228A21A:LeaderElection61] INFO  impl.RoleInfo (RoleInfo.java:shutdownLeaderElection(134)) - c54af6f8-a22e-478f-90e1-029d14059a99: shutdown LeaderElection
2019-09-12 10:31:37,339 [c54af6f8-a22e-478f-90e1-029d14059a99:group-5E4C629C038B:LeaderElection62] INFO  impl.RoleInfo (RoleInfo.java:shutdownLeaderElection(134)) - c54af6f8-a22e-478f-90e1-029d14059a99: shutdown LeaderElection
2019-09-12 10:31:37,339 [c54af6f8-a22e-478f-90e1-029d14059a99:group-5E80A228A21A:LeaderElection61] INFO  impl.RaftServerImpl (RaftServerImpl.java:setRole(171)) - c54af6f8-a22e-478f-90e1-029d14059a99:group-5E80A228A21A changes role from CANDIDATE to LEADER at term 1 for changeToLeader
2019-09-12 10:31:37,339 [c54af6f8-a22e-478f-90e1-029d14059a99:group-5E4C629C038B:LeaderElection62] INFO  impl.RaftServerImpl (RaftServerImpl.java:setRole(171)) - c54af6f8-a22e-478f-90e1-029d14059a99:group-5E4C629C038B changes role from CANDIDATE to LEADER at term 1 for changeToLeader
2019-09-12 10:31:37,339 [c54af6f8-a22e-478f-90e1-029d14059a99:group-5E80A228A21A:LeaderElection61] INFO  impl.RaftServerImpl (ServerState.java:setLeader(263)) - c54af6f8-a22e-478f-90e1-029d14059a99:group-5E80A228A21A change Leader from null to c54af6f8-a22e-478f-90e1-029d14059a99 at term 1 for becomeLeader, leader elected after 5217ms
2019-09-12 10:31:37,339 [c54af6f8-a22e-478f-90e1-029d14059a99:group-5E4C629C038B:LeaderElection62] INFO  impl.RaftServerImpl (ServerState.java:setLeader(263)) - c54af6f8-a22e-478f-90e1-029d14059a99:group-5E4C629C038B change Leader from null to c54af6f8-a22e-478f-90e1-029d14059a99 at term 1 for becomeLeader, leader elected after 5161ms
2019-09-12 10:31:37,339 [c54af6f8-a22e-478f-90e1-029d14059a99:group-5E80A228A21A:LeaderElection61] INFO  server.RaftServerConfigKeys (ConfUtils.java:logGet(43)) - raft.server.staging.catchup.gap = 1000 (default)
2019-09-12 10:31:37,339 [c54af6f8-a22e-478f-90e1-029d14059a99:group-5E4C629C038B:LeaderElection62] INFO  server.RaftServerConfigKeys (ConfUtils.java:logGet(43)) - raft.server.staging.catchup.gap = 1000 (default)
2019-09-12 10:31:37,340 [c54af6f8-a22e-478f-90e1-029d14059a99:group-5E80A228A21A:LeaderElection61] INFO  server.RaftServerConfigKeys (ConfUtils.java:logGet(43)) - raft.server.rpc.sleep.time = 25ms (default)
2019-09-12 10:31:37,340 [c54af6f8-a22e-478f-90e1-029d14059a99:group-5E4C629C038B:LeaderElection62] INFO  server.RaftServerConfigKeys (ConfUtils.java:logGet(43)) - raft.server.rpc.sleep.time = 25ms (default)
2019-09-12 10:31:37,340 [c54af6f8-a22e-478f-90e1-029d14059a99:group-5E80A228A21A:LeaderElection61] INFO  server.RaftServerConfigKeys (ConfUtils.java:logGet(43)) - raft.server.write.element-limit = 4096 (default)
2019-09-12 10:31:37,346 [Thread-745] INFO  impl.FollowerState (FollowerState.java:run(106)) - c54af6f8-a22e-478f-90e1-029d14059a99:group-C74351621902 changes to CANDIDATE, lastRpcTime:5107, electionTimeout:5102ms
2019-09-12 10:31:37,340 [c54af6f8-a22e-478f-90e1-029d14059a99:group-5E4C629C038B:LeaderElection62] INFO  server.RaftServerConfigKeys (ConfUtils.java:logGet(43)) - raft.server.write.element-limit = 4096 (default)
2019-09-12 10:31:37,346 [Thread-745] INFO  impl.RoleInfo (RoleInfo.java:shutdownFollowerState(121)) - c54af6f8-a22e-478f-90e1-029d14059a99: shutdown FollowerState
2019-09-12 10:31:37,346 [c54af6f8-a22e-478f-90e1-029d14059a99:group-5E80A228A21A:LeaderElection61] INFO  server.RaftServerConfigKeys (ConfUtils.java:logGet(43)) - raft.server.watch.timeout = 10s (default)
2019-09-12 10:31:37,346 [Thread-745] INFO  impl.RaftServerImpl (RaftServerImpl.java:setRole(171)) - c54af6f8-a22e-478f-90e1-029d14059a99:group-C74351621902 changes role from FOLLOWER to CANDIDATE at term 0 for changeToCandidate
2019-09-12 10:31:37,346 [c54af6f8-a22e-478f-90e1-029d14059a99:group-5E4C629C038B:LeaderElection62] INFO  server.RaftServerConfigKeys (ConfUtils.java:logGet(43)) - raft.server.watch.timeout = 10s (default)
2019-09-12 10:31:37,347 [Thread-745] INFO  impl.RoleInfo (RoleInfo.java:updateAndGet(143)) - c54af6f8-a22e-478f-90e1-029d14059a99: start LeaderElection
2019-09-12 10:31:37,347 [main] INFO  impl.RaftServerProxy (ConfUtils.java:logGet(43)) - raft.rpc.type = GRPC (default)
2019-09-12 10:31:37,347 [c54af6f8-a22e-478f-90e1-029d14059a99:group-5E80A228A21A:LeaderElection61] INFO  server.RaftServerConfigKeys (ConfUtils.java:logGet(43)) - raft.server.watch.timeout.denomination = 1s (default)
2019-09-12 10:31:37,347 [main] INFO  grpc.GrpcFactory (GrpcFactory.java:checkPooledByteBufAllocatorUseCacheForAllThreads(45)) - PERFORMANCE WARNING: useCacheForAllThreads is true that may cause Netty to create a lot garbage objects and, as a result, trigger GC.
	It is recommended to disable useCacheForAllThreads by setting -Dorg.apache.ratis.thirdparty.io.netty.allocator.useCacheForAllThreads=false in command line.
2019-09-12 10:31:37,347 [c54af6f8-a22e-478f-90e1-029d14059a99:group-5E4C629C038B:LeaderElection62] INFO  server.RaftServerConfigKeys (ConfUtils.java:logGet(43)) - raft.server.watch.timeout.denomination = 1s (default)
2019-09-12 10:31:37,348 [main] INFO  grpc.GrpcConfigKeys$Server (ConfUtils.java:logGet(43)) - raft.grpc.server.port = 0 (default)
2019-09-12 10:31:37,348 [c54af6f8-a22e-478f-90e1-029d14059a99:group-5E80A228A21A:LeaderElection61] INFO  server.RaftServerConfigKeys (ConfUtils.java:logGet(43)) - raft.server.watch.element-limit = 65536 (default)
2019-09-12 10:31:37,348 [main] INFO  server.GrpcService (ConfUtils.java:logGet(43)) - raft.grpc.message.size.max = 33570816 (custom)
2019-09-12 10:31:37,348 [c54af6f8-a22e-478f-90e1-029d14059a99:group-5E4C629C038B:LeaderElection62] INFO  server.RaftServerConfigKeys (ConfUtils.java:logGet(43)) - raft.server.watch.element-limit = 65536 (default)
2019-09-12 10:31:37,349 [main] INFO  server.RaftServerConfigKeys (ConfUtils.java:logGet(43)) - raft.server.log.appender.buffer.byte-limit = 33554432 (custom)
2019-09-12 10:31:37,349 [c54af6f8-a22e-478f-90e1-029d14059a99:group-5E80A228A21A:LeaderElection61] INFO  impl.RoleInfo (RoleInfo.java:updateAndGet(143)) - c54af6f8-a22e-478f-90e1-029d14059a99: start LeaderState
2019-09-12 10:31:37,349 [main] INFO  server.GrpcService (ConfUtils.java:logGet(43)) - raft.grpc.flow.control.window = 1MB (=1048576) (default)
2019-09-12 10:31:37,349 [c54af6f8-a22e-478f-90e1-029d14059a99:group-5E4C629C038B:LeaderElection62] INFO  impl.RoleInfo (RoleInfo.java:updateAndGet(143)) - c54af6f8-a22e-478f-90e1-029d14059a99: start LeaderState
2019-09-12 10:31:37,350 [main] INFO  server.RaftServerConfigKeys (ConfUtils.java:logGet(43)) - raft.server.rpc.request.timeout = 3000ms (default)
2019-09-12 10:31:37,350 | INFO  | SCMAudit | user=jenkins1000 | ip=192.168.36.114 | op=SEND_HEARTBEAT {datanodeUUID=2d50b591-d6e4-490f-9fa0-973ad5423bd7, command=[]} | ret=SUCCESS |  
2019-09-12 10:31:37,349 [c54af6f8-a22e-478f-90e1-029d14059a99:group-5E80A228A21A:LeaderElection61] INFO  segmented.SegmentedRaftLogWorker (SegmentedRaftLogWorker.java:startLogSegment(380)) - c54af6f8-a22e-478f-90e1-029d14059a99-SegmentedRaftLogWorker:Storage Directory /workdir/hadoop-ozone/integration-test/target/test-dir/MiniOzoneClusterImpl-87a68f7a-76d1-4e01-bf62-4b4b582b7243/datanode-3/data/ratis/6350e923-d6e9-4e70-8768-5e80a228a21a: Starting segment from index:0
2019-09-12 10:31:37,350 [c54af6f8-a22e-478f-90e1-029d14059a99:group-5E4C629C038B:LeaderElection62] INFO  segmented.SegmentedRaftLogWorker (SegmentedRaftLogWorker.java:startLogSegment(380)) - c54af6f8-a22e-478f-90e1-029d14059a99-SegmentedRaftLogWorker:Storage Directory /workdir/hadoop-ozone/integration-test/target/test-dir/MiniOzoneClusterImpl-87a68f7a-76d1-4e01-bf62-4b4b582b7243/datanode-3/data/ratis/9b25e741-a815-4659-a905-5e4c629c038b: Starting segment from index:0
2019-09-12 10:31:37,351 [main] INFO  server.RaftServerConfigKeys (ConfUtils.java:logGet(43)) - raft.server.storage.dir = [/workdir/hadoop-ozone/integration-test/target/test-dir/MiniOzoneClusterImpl-d867a4e1-154a-4113-b5e4-c09c14df2894/datanode-4/data/ratis] (custom)
2019-09-12 10:31:37,963 [c54af6f8-a22e-478f-90e1-029d14059a99:group-5E4C629C038B:LeaderElection62] INFO  impl.RaftServerImpl (ServerState.java:setRaftConf(361)) - c54af6f8-a22e-478f-90e1-029d14059a99:group-5E4C629C038B set configuration 0: [c54af6f8-a22e-478f-90e1-029d14059a99:192.168.36.114:44604], old=null at 0
2019-09-12 10:31:37,963 [c54af6f8-a22e-478f-90e1-029d14059a99:group-C74351621902:LeaderElection63] INFO  impl.LeaderElection (LeaderElection.java:askForVotes(181)) - c54af6f8-a22e-478f-90e1-029d14059a99:group-C74351621902:LeaderElection63: begin an election at term 1 for -1: [c54af6f8-a22e-478f-90e1-029d14059a99:192.168.36.114:44604], old=null
2019-09-12 10:31:37,963 [Thread-754] WARN  util.JavaUtils (JavaUtils.java:sleep(250)) - Unexpected long sleep: sleep(5006ms) actually took 5556ms which is over the threshold 300ms
2019-09-12 10:31:37,963 [Thread-748] WARN  util.JavaUtils (JavaUtils.java:sleep(250)) - Unexpected long sleep: sleep(5125ms) actually took 5676ms which is over the threshold 300ms
2019-09-12 10:31:37,962 [Thread-751] WARN  util.JavaUtils (JavaUtils.java:sleep(250)) - Unexpected long sleep: sleep(5176ms) actually took 5626ms which is over the threshold 300ms
2019-09-12 10:31:37,984 | INFO  | SCMAudit | user=jenkins1000 | ip=192.168.36.114 | op=SEND_HEARTBEAT {datanodeUUID=f17b4253-95a0-4ee6-8ded-88f070f15b33, command=[]} | ret=SUCCESS |  
2019-09-12 10:31:37,984 | INFO  | SCMAudit | user=jenkins1000 | ip=192.168.36.114 | op=SEND_HEARTBEAT {datanodeUUID=eaeff1e2-de9c-4510-872d-283eb6c3c330, command=[]} | ret=SUCCESS |  
2019-09-12 10:31:37,984 | INFO  | SCMAudit | user=jenkins1000 | ip=192.168.36.114 | op=SEND_HEARTBEAT {datanodeUUID=c1e71898-521f-4627-a3f1-9884c4b96ced, command=[]} | ret=SUCCESS |  
2019-09-12 10:31:37,984 | INFO  | SCMAudit | user=jenkins1000 | ip=192.168.36.114 | op=SEND_HEARTBEAT {datanodeUUID=b6dd7c38-f675-445e-811b-15cf17d56c0a, command=[]} | ret=SUCCESS |  
2019-09-12 10:31:37,984 | INFO  | SCMAudit | user=jenkins1000 | ip=192.168.36.114 | op=SEND_HEARTBEAT {datanodeUUID=39df7a3f-9691-48d4-a2b1-6888489a5f8a, command=[]} | ret=SUCCESS |  
2019-09-12 10:31:37,984 | INFO  | SCMAudit | user=jenkins1000 | ip=192.168.36.114 | op=SEND_HEARTBEAT {datanodeUUID=c9031a36-5f7c-4098-8bea-8a46141708a6, command=[]} | ret=SUCCESS |  
2019-09-12 10:31:37,957 [Thread-766] WARN  util.JavaUtils (JavaUtils.java:sleep(250)) - Unexpected long sleep: sleep(5018ms) actually took 5367ms which is over the threshold 300ms
2019-09-12 10:31:37,984 | INFO  | SCMAudit | user=jenkins1000 | ip=192.168.36.114 | op=SEND_HEARTBEAT {datanodeUUID=9616c881-dbb1-48da-90dd-a872ed779a2e, command=[]} | ret=SUCCESS |  
2019-09-12 10:31:37,984 | INFO  | SCMAudit | user=jenkins1000 | ip=192.168.36.114 | op=SEND_HEARTBEAT {datanodeUUID=22ce2f4b-d517-44cf-8041-712d813e08f3, command=[]} | ret=SUCCESS |  
2019-09-12 10:31:37,957 [Thread-763] INFO  impl.FollowerState (FollowerState.java:run(106)) - bcda0514-d42e-47ca-96fd-c0a633e872a8:group-2150748CE520 changes to CANDIDATE, lastRpcTime:5412, electionTimeout:5125ms
2019-09-12 10:31:37,957 [Thread-760] INFO  impl.FollowerState (FollowerState.java:run(106)) - bcda0514-d42e-47ca-96fd-c0a633e872a8:group-7EFD1B472893 changes to CANDIDATE, lastRpcTime:5459, electionTimeout:5195ms
2019-09-12 10:31:37,954 [Thread-769] INFO  impl.FollowerState (FollowerState.java:run(106)) - bcda0514-d42e-47ca-96fd-c0a633e872a8:group-ADF8BD8A210A changes to CANDIDATE, lastRpcTime:5164, electionTimeout:5114ms
2019-09-12 10:31:37,351 [c54af6f8-a22e-478f-90e1-029d14059a99:group-5E80A228A21A:LeaderElection61] INFO  impl.RaftServerImpl (ServerState.java:setRaftConf(361)) - c54af6f8-a22e-478f-90e1-029d14059a99:group-5E80A228A21A set configuration 0: [c54af6f8-a22e-478f-90e1-029d14059a99:192.168.36.114:44604], old=null at 0
2019-09-12 10:31:37,984 [Thread-769] INFO  impl.RoleInfo (RoleInfo.java:shutdownFollowerState(121)) - bcda0514-d42e-47ca-96fd-c0a633e872a8: shutdown FollowerState
2019-09-12 10:31:37,984 | INFO  | SCMAudit | user=jenkins1000 | ip=192.168.36.114 | op=SEND_HEARTBEAT {datanodeUUID=bcda0514-d42e-47ca-96fd-c0a633e872a8, command=[]} | ret=SUCCESS |  
2019-09-12 10:31:37,984 | INFO  | SCMAudit | user=jenkins1000 | ip=192.168.36.114 | op=GET_VERSION null | ret=SUCCESS |  
2019-09-12 10:31:37,984 [Thread-760] INFO  impl.RoleInfo (RoleInfo.java:shutdownFollowerState(121)) - bcda0514-d42e-47ca-96fd-c0a633e872a8: shutdown FollowerState
2019-09-12 10:31:37,990 [Thread-760] INFO  impl.RaftServerImpl (RaftServerImpl.java:setRole(171)) - bcda0514-d42e-47ca-96fd-c0a633e872a8:group-7EFD1B472893 changes role from FOLLOWER to CANDIDATE at term 0 for changeToCandidate
2019-09-12 10:31:37,984 [Thread-763] INFO  impl.RoleInfo (RoleInfo.java:shutdownFollowerState(121)) - bcda0514-d42e-47ca-96fd-c0a633e872a8: shutdown FollowerState
2019-09-12 10:31:37,983 [c54af6f8-a22e-478f-90e1-029d14059a99:group-C74351621902:LeaderElection63] INFO  impl.RoleInfo (RoleInfo.java:shutdownLeaderElection(134)) - c54af6f8-a22e-478f-90e1-029d14059a99: shutdown LeaderElection
2019-09-12 10:31:37,958 [Thread-757] WARN  util.JavaUtils (JavaUtils.java:sleep(250)) - Unexpected long sleep: sleep(5097ms) actually took 5500ms which is over the threshold 300ms
2019-09-12 10:31:38,001 [c54af6f8-a22e-478f-90e1-029d14059a99:group-C74351621902:LeaderElection63] INFO  impl.RaftServerImpl (RaftServerImpl.java:setRole(171)) - c54af6f8-a22e-478f-90e1-029d14059a99:group-C74351621902 changes role from CANDIDATE to LEADER at term 1 for changeToLeader
2019-09-12 10:31:38,002 [c54af6f8-a22e-478f-90e1-029d14059a99:group-C74351621902:LeaderElection63] INFO  impl.RaftServerImpl (ServerState.java:setLeader(263)) - c54af6f8-a22e-478f-90e1-029d14059a99:group-C74351621902 change Leader from null to c54af6f8-a22e-478f-90e1-029d14059a99 at term 1 for becomeLeader, leader elected after 5766ms
2019-09-12 10:31:37,996 [Thread-763] INFO  impl.RaftServerImpl (RaftServerImpl.java:setRole(171)) - bcda0514-d42e-47ca-96fd-c0a633e872a8:group-2150748CE520 changes role from FOLLOWER to CANDIDATE at term 0 for changeToCandidate
2019-09-12 10:31:37,996 [Thread-760] INFO  impl.RoleInfo (RoleInfo.java:updateAndGet(143)) - bcda0514-d42e-47ca-96fd-c0a633e872a8: start LeaderElection
2019-09-12 10:31:37,993 [c54af6f8-a22e-478f-90e1-029d14059a99-SegmentedRaftLogWorker:Storage Directory /workdir/hadoop-ozone/integration-test/target/test-dir/MiniOzoneClusterImpl-87a68f7a-76d1-4e01-bf62-4b4b582b7243/datanode-3/data/ratis/6350e923-d6e9-4e70-8768-5e80a228a21a] INFO  segmented.SegmentedRaftLogWorker (SegmentedRaftLogWorker.java:execute(569)) - c54af6f8-a22e-478f-90e1-029d14059a99-SegmentedRaftLogWorker:Storage Directory /workdir/hadoop-ozone/integration-test/target/test-dir/MiniOzoneClusterImpl-87a68f7a-76d1-4e01-bf62-4b4b582b7243/datanode-3/data/ratis/6350e923-d6e9-4e70-8768-5e80a228a21a: created new log segment /workdir/hadoop-ozone/integration-test/target/test-dir/MiniOzoneClusterImpl-87a68f7a-76d1-4e01-bf62-4b4b582b7243/datanode-3/data/ratis/6350e923-d6e9-4e70-8768-5e80a228a21a/current/log_inprogress_0
2019-09-12 10:31:37,984 [Thread-769] INFO  impl.RaftServerImpl (RaftServerImpl.java:setRole(171)) - bcda0514-d42e-47ca-96fd-c0a633e872a8:group-ADF8BD8A210A changes role from FOLLOWER to CANDIDATE at term 0 for changeToCandidate
2019-09-12 10:31:37,984 [main] INFO  replication.SimpleContainerDownloader (SimpleContainerDownloader.java:<init>(72)) - Starting container downloader service to copy containers to replicate.
2019-09-12 10:31:38,002 [Thread-769] INFO  impl.RoleInfo (RoleInfo.java:updateAndGet(143)) - bcda0514-d42e-47ca-96fd-c0a633e872a8: start LeaderElection
2019-09-12 10:31:38,002 [Thread-763] INFO  impl.RoleInfo (RoleInfo.java:updateAndGet(143)) - bcda0514-d42e-47ca-96fd-c0a633e872a8: start LeaderElection
2019-09-12 10:31:38,002 [c54af6f8-a22e-478f-90e1-029d14059a99:group-C74351621902:LeaderElection63] INFO  server.RaftServerConfigKeys (ConfUtils.java:logGet(43)) - raft.server.staging.catchup.gap = 1000 (default)
2019-09-12 10:31:38,003 [c54af6f8-a22e-478f-90e1-029d14059a99:group-C74351621902:LeaderElection63] INFO  server.RaftServerConfigKeys (ConfUtils.java:logGet(43)) - raft.server.rpc.sleep.time = 25ms (default)
2019-09-12 10:31:38,003 [c54af6f8-a22e-478f-90e1-029d14059a99:group-C74351621902:LeaderElection63] INFO  server.RaftServerConfigKeys (ConfUtils.java:logGet(43)) - raft.server.write.element-limit = 4096 (default)
2019-09-12 10:31:38,003 [c54af6f8-a22e-478f-90e1-029d14059a99:group-C74351621902:LeaderElection63] INFO  server.RaftServerConfigKeys (ConfUtils.java:logGet(43)) - raft.server.watch.timeout = 10s (default)
2019-09-12 10:31:38,003 [c54af6f8-a22e-478f-90e1-029d14059a99:group-C74351621902:LeaderElection63] INFO  server.RaftServerConfigKeys (ConfUtils.java:logGet(43)) - raft.server.watch.timeout.denomination = 1s (default)
2019-09-12 10:31:38,003 [c54af6f8-a22e-478f-90e1-029d14059a99:group-C74351621902:LeaderElection63] INFO  server.RaftServerConfigKeys (ConfUtils.java:logGet(43)) - raft.server.watch.element-limit = 65536 (default)
2019-09-12 10:31:38,003 [c54af6f8-a22e-478f-90e1-029d14059a99:group-C74351621902:LeaderElection63] INFO  impl.RoleInfo (RoleInfo.java:updateAndGet(143)) - c54af6f8-a22e-478f-90e1-029d14059a99: start LeaderState
2019-09-12 10:31:38,004 [main] INFO  hdfs.DFSUtil (DFSUtil.java:httpServerTemplateForNNAndJN(1641)) - Starting Web-server for hddsDatanode at: http://0.0.0.0:0
2019-09-12 10:31:38,004 [c54af6f8-a22e-478f-90e1-029d14059a99:group-C74351621902:LeaderElection63] INFO  segmented.SegmentedRaftLogWorker (SegmentedRaftLogWorker.java:startLogSegment(380)) - c54af6f8-a22e-478f-90e1-029d14059a99-SegmentedRaftLogWorker:Storage Directory /workdir/hadoop-ozone/integration-test/target/test-dir/MiniOzoneClusterImpl-87a68f7a-76d1-4e01-bf62-4b4b582b7243/datanode-3/data/ratis/984af9e5-265b-4280-b567-c74351621902: Starting segment from index:0
2019-09-12 10:31:38,419 [Thread-790] INFO  impl.FollowerState (FollowerState.java:run(106)) - 9616c881-dbb1-48da-90dd-a872ed779a2e:group-A05CC59351CA changes to CANDIDATE, lastRpcTime:5216, electionTimeout:5182ms
2019-09-12 10:31:38,419 [Thread-799] INFO  impl.FollowerState (FollowerState.java:run(106)) - 9616c881-dbb1-48da-90dd-a872ed779a2e:group-6BE4BDB1F8BD changes to CANDIDATE, lastRpcTime:5082, electionTimeout:5041ms
2019-09-12 10:31:38,419 [Thread-790] INFO  impl.RoleInfo (RoleInfo.java:shutdownFollowerState(121)) - 9616c881-dbb1-48da-90dd-a872ed779a2e: shutdown FollowerState
2019-09-12 10:31:38,419 [Thread-787] INFO  impl.FollowerState (FollowerState.java:run(106)) - b6dd7c38-f675-445e-811b-15cf17d56c0a:group-0BF7BE6248FB changes to CANDIDATE, lastRpcTime:5303, electionTimeout:5134ms
2019-09-12 10:31:38,419 [Thread-799] INFO  impl.RoleInfo (RoleInfo.java:shutdownFollowerState(121)) - 9616c881-dbb1-48da-90dd-a872ed779a2e: shutdown FollowerState
2019-09-12 10:31:38,420 [Thread-787] INFO  impl.RoleInfo (RoleInfo.java:shutdownFollowerState(121)) - b6dd7c38-f675-445e-811b-15cf17d56c0a: shutdown FollowerState
2019-09-12 10:31:38,419 [Thread-790] INFO  impl.RaftServerImpl (RaftServerImpl.java:setRole(171)) - 9616c881-dbb1-48da-90dd-a872ed779a2e:group-A05CC59351CA changes role from FOLLOWER to CANDIDATE at term 0 for changeToCandidate
2019-09-12 10:31:38,420 [Thread-787] INFO  impl.RaftServerImpl (RaftServerImpl.java:setRole(171)) - b6dd7c38-f675-445e-811b-15cf17d56c0a:group-0BF7BE6248FB changes role from FOLLOWER to CANDIDATE at term 0 for changeToCandidate
2019-09-12 10:31:38,420 [Thread-799] INFO  impl.RaftServerImpl (RaftServerImpl.java:setRole(171)) - 9616c881-dbb1-48da-90dd-a872ed779a2e:group-6BE4BDB1F8BD changes role from FOLLOWER to CANDIDATE at term 0 for changeToCandidate
2019-09-12 10:31:38,420 | INFO  | SCMAudit | user=jenkins1000 | ip=192.168.36.114 | op=SEND_HEARTBEAT {datanodeUUID=2d50b591-d6e4-490f-9fa0-973ad5423bd7, command=[]} | ret=SUCCESS |  
2019-09-12 10:31:38,420 [Thread-787] INFO  impl.RoleInfo (RoleInfo.java:updateAndGet(143)) - b6dd7c38-f675-445e-811b-15cf17d56c0a: start LeaderElection
2019-09-12 10:31:38,420 [Thread-790] INFO  impl.RoleInfo (RoleInfo.java:updateAndGet(143)) - 9616c881-dbb1-48da-90dd-a872ed779a2e: start LeaderElection
2019-09-12 10:31:38,421 [Thread-781] INFO  impl.FollowerState (FollowerState.java:run(106)) - b6dd7c38-f675-445e-811b-15cf17d56c0a:group-7E742C78445B changes to CANDIDATE, lastRpcTime:5392, electionTimeout:5113ms
2019-09-12 10:31:38,421 | INFO  | SCMAudit | user=jenkins1000 | ip=192.168.36.114 | op=GET_VERSION null | ret=SUCCESS |  
2019-09-12 10:31:38,421 [Thread-781] INFO  impl.RoleInfo (RoleInfo.java:shutdownFollowerState(121)) - b6dd7c38-f675-445e-811b-15cf17d56c0a: shutdown FollowerState
2019-09-12 10:31:38,420 [Thread-799] INFO  impl.RoleInfo (RoleInfo.java:updateAndGet(143)) - 9616c881-dbb1-48da-90dd-a872ed779a2e: start LeaderElection
2019-09-12 10:31:38,421 [Thread-784] WARN  util.JavaUtils (JavaUtils.java:sleep(250)) - Unexpected long sleep: sleep(5034ms) actually took 5347ms which is over the threshold 300ms
2019-09-12 10:31:38,421 | INFO  | SCMAudit | user=jenkins1000 | ip=192.168.36.114 | op=SEND_HEARTBEAT {datanodeUUID=accf000b-d7b7-4fa5-9682-da82c4451e10, command=[]} | ret=SUCCESS |  
2019-09-12 10:31:38,421 [Thread-781] INFO  impl.RaftServerImpl (RaftServerImpl.java:setRole(171)) - b6dd7c38-f675-445e-811b-15cf17d56c0a:group-7E742C78445B changes role from FOLLOWER to CANDIDATE at term 0 for changeToCandidate
2019-09-12 10:31:38,421 [Thread-778] INFO  impl.FollowerState (FollowerState.java:run(106)) - b6dd7c38-f675-445e-811b-15cf17d56c0a:group-937C70D4FD31 changes to CANDIDATE, lastRpcTime:5437, electionTimeout:5148ms
2019-09-12 10:31:38,422 [Thread-775] WARN  util.JavaUtils (JavaUtils.java:sleep(250)) - Unexpected long sleep: sleep(5150ms) actually took 5492ms which is over the threshold 300ms
2019-09-12 10:31:38,421 [Thread-781] INFO  impl.RoleInfo (RoleInfo.java:updateAndGet(143)) - b6dd7c38-f675-445e-811b-15cf17d56c0a: start LeaderElection
2019-09-12 10:31:38,421 [Thread-793] INFO  impl.FollowerState (FollowerState.java:run(106)) - b6dd7c38-f675-445e-811b-15cf17d56c0a:group-9FC0CABDF736 changes to CANDIDATE, lastRpcTime:5171, electionTimeout:5171ms
2019-09-12 10:31:38,422 [Thread-778] INFO  impl.RoleInfo (RoleInfo.java:shutdownFollowerState(121)) - b6dd7c38-f675-445e-811b-15cf17d56c0a: shutdown FollowerState
2019-09-12 10:31:38,422 [Thread-793] INFO  impl.RoleInfo (RoleInfo.java:shutdownFollowerState(121)) - b6dd7c38-f675-445e-811b-15cf17d56c0a: shutdown FollowerState
2019-09-12 10:31:38,422 [Thread-778] INFO  impl.RaftServerImpl (RaftServerImpl.java:setRole(171)) - b6dd7c38-f675-445e-811b-15cf17d56c0a:group-937C70D4FD31 changes role from FOLLOWER to CANDIDATE at term 0 for changeToCandidate
2019-09-12 10:31:38,422 [Thread-793] INFO  impl.RaftServerImpl (RaftServerImpl.java:setRole(171)) - b6dd7c38-f675-445e-811b-15cf17d56c0a:group-9FC0CABDF736 changes role from FOLLOWER to CANDIDATE at term 0 for changeToCandidate
2019-09-12 10:31:38,422 [Thread-772] WARN  util.JavaUtils (JavaUtils.java:sleep(250)) - Unexpected long sleep: sleep(5186ms) actually took 5561ms which is over the threshold 300ms
2019-09-12 10:31:38,423 | INFO  | SCMAudit | user=jenkins1000 | ip=192.168.36.114 | op=SEND_HEARTBEAT {datanodeUUID=2cb9d557-cb56-4745-8686-5e72b62e748a, command=[]} | ret=SUCCESS |  
2019-09-12 10:31:38,422 [Thread-793] INFO  impl.RoleInfo (RoleInfo.java:updateAndGet(143)) - b6dd7c38-f675-445e-811b-15cf17d56c0a: start LeaderElection
2019-09-12 10:31:38,422 [Thread-778] INFO  impl.RoleInfo (RoleInfo.java:updateAndGet(143)) - b6dd7c38-f675-445e-811b-15cf17d56c0a: start LeaderElection
2019-09-12 10:31:38,424 | INFO  | SCMAudit | user=jenkins1000 | ip=192.168.36.114 | op=SEND_HEARTBEAT {datanodeUUID=c54af6f8-a22e-478f-90e1-029d14059a99, command=[]} | ret=SUCCESS |  
2019-09-12 10:31:38,424 | INFO  | SCMAudit | user=jenkins1000 | ip=192.168.36.114 | op=SEND_HEARTBEAT {datanodeUUID=ff438662-24cf-49bb-bfc5-3308ec6d286b, command=[]} | ret=SUCCESS |  
2019-09-12 10:31:38,424 [bcda0514-d42e-47ca-96fd-c0a633e872a8:group-ADF8BD8A210A:LeaderElection66] INFO  impl.LeaderElection (LeaderElection.java:askForVotes(181)) - bcda0514-d42e-47ca-96fd-c0a633e872a8:group-ADF8BD8A210A:LeaderElection66: begin an election at term 1 for -1: [bcda0514-d42e-47ca-96fd-c0a633e872a8:192.168.36.114:33684], old=null
2019-09-12 10:31:38,424 [Datanode State Machine Thread - 0] INFO  ozoneimpl.OzoneContainer (OzoneContainer.java:start(186)) - Attempting to start container services.
2019-09-12 10:31:38,424 [bcda0514-d42e-47ca-96fd-c0a633e872a8:group-7EFD1B472893:LeaderElection64] INFO  impl.LeaderElection (LeaderElection.java:askForVotes(181)) - bcda0514-d42e-47ca-96fd-c0a633e872a8:group-7EFD1B472893:LeaderElection64: begin an election at term 1 for -1: [bcda0514-d42e-47ca-96fd-c0a633e872a8:192.168.36.114:33684], old=null
2019-09-12 10:31:38,424 [bcda0514-d42e-47ca-96fd-c0a633e872a8:group-2150748CE520:LeaderElection65] INFO  impl.LeaderElection (LeaderElection.java:askForVotes(181)) - bcda0514-d42e-47ca-96fd-c0a633e872a8:group-2150748CE520:LeaderElection65: begin an election at term 1 for -1: [bcda0514-d42e-47ca-96fd-c0a633e872a8:192.168.36.114:33684], old=null
2019-09-12 10:31:38,430 [bcda0514-d42e-47ca-96fd-c0a633e872a8:group-7EFD1B472893:LeaderElection64] INFO  impl.RoleInfo (RoleInfo.java:shutdownLeaderElection(134)) - bcda0514-d42e-47ca-96fd-c0a633e872a8: shutdown LeaderElection
2019-09-12 10:31:38,430 [Datanode State Machine Thread - 0] INFO  ozoneimpl.OzoneContainer (OzoneContainer.java:startContainerScrub(160)) - Background container scrubber has been disabled by hdds.containerscrub.enabled
2019-09-12 10:31:38,430 [Datanode State Machine Thread - 0] INFO  ratis.XceiverServerRatis (XceiverServerRatis.java:start(404)) - Starting XceiverServerRatis 5dd0cd62-5770-41dd-9e5a-f3f3eedc40c1 at port 0
2019-09-12 10:31:38,424 [bcda0514-d42e-47ca-96fd-c0a633e872a8:group-ADF8BD8A210A:LeaderElection66] INFO  impl.RoleInfo (RoleInfo.java:shutdownLeaderElection(134)) - bcda0514-d42e-47ca-96fd-c0a633e872a8: shutdown LeaderElection
2019-09-12 10:31:38,431 [bcda0514-d42e-47ca-96fd-c0a633e872a8:group-ADF8BD8A210A:LeaderElection66] INFO  impl.RaftServerImpl (RaftServerImpl.java:setRole(171)) - bcda0514-d42e-47ca-96fd-c0a633e872a8:group-ADF8BD8A210A changes role from CANDIDATE to LEADER at term 1 for changeToLeader
2019-09-12 10:31:38,424 [c54af6f8-a22e-478f-90e1-029d14059a99:group-C74351621902:LeaderElection63] INFO  impl.RaftServerImpl (ServerState.java:setRaftConf(361)) - c54af6f8-a22e-478f-90e1-029d14059a99:group-C74351621902 set configuration 0: [c54af6f8-a22e-478f-90e1-029d14059a99:192.168.36.114:44604], old=null at 0
2019-09-12 10:31:38,431 [bcda0514-d42e-47ca-96fd-c0a633e872a8:group-ADF8BD8A210A:LeaderElection66] INFO  impl.RaftServerImpl (ServerState.java:setLeader(263)) - bcda0514-d42e-47ca-96fd-c0a633e872a8:group-ADF8BD8A210A change Leader from null to bcda0514-d42e-47ca-96fd-c0a633e872a8 at term 1 for becomeLeader, leader elected after 5798ms
2019-09-12 10:31:38,430 [bcda0514-d42e-47ca-96fd-c0a633e872a8:group-7EFD1B472893:LeaderElection64] INFO  impl.RaftServerImpl (RaftServerImpl.java:setRole(171)) - bcda0514-d42e-47ca-96fd-c0a633e872a8:group-7EFD1B472893 changes role from CANDIDATE to LEADER at term 1 for changeToLeader
2019-09-12 10:31:38,430 [bcda0514-d42e-47ca-96fd-c0a633e872a8:group-2150748CE520:LeaderElection65] INFO  impl.RoleInfo (RoleInfo.java:shutdownLeaderElection(134)) - bcda0514-d42e-47ca-96fd-c0a633e872a8: shutdown LeaderElection
2019-09-12 10:31:38,431 [main] INFO  server.AuthenticationFilter (AuthenticationFilter.java:constructSecretProvider(240)) - Unable to initialize FileSignerSecretProvider, falling back to use random secrets.
2019-09-12 10:31:38,431 [bcda0514-d42e-47ca-96fd-c0a633e872a8:group-7EFD1B472893:LeaderElection64] INFO  impl.RaftServerImpl (ServerState.java:setLeader(263)) - bcda0514-d42e-47ca-96fd-c0a633e872a8:group-7EFD1B472893 change Leader from null to bcda0514-d42e-47ca-96fd-c0a633e872a8 at term 1 for becomeLeader, leader elected after 5937ms
2019-09-12 10:31:38,431 [bcda0514-d42e-47ca-96fd-c0a633e872a8:group-ADF8BD8A210A:LeaderElection66] INFO  server.RaftServerConfigKeys (ConfUtils.java:logGet(43)) - raft.server.staging.catchup.gap = 1000 (default)
2019-09-12 10:31:38,432 [bcda0514-d42e-47ca-96fd-c0a633e872a8:group-7EFD1B472893:LeaderElection64] INFO  server.RaftServerConfigKeys (ConfUtils.java:logGet(43)) - raft.server.staging.catchup.gap = 1000 (default)
2019-09-12 10:31:38,432 [bcda0514-d42e-47ca-96fd-c0a633e872a8:group-2150748CE520:LeaderElection65] INFO  impl.RaftServerImpl (RaftServerImpl.java:setRole(171)) - bcda0514-d42e-47ca-96fd-c0a633e872a8:group-2150748CE520 changes role from CANDIDATE to LEADER at term 1 for changeToLeader
2019-09-12 10:31:38,432 [main] WARN  http.HttpRequestLog (HttpRequestLog.java:getRequestLog(97)) - Jetty request log can only be enabled using Log4j
2019-09-12 10:31:38,432 [bcda0514-d42e-47ca-96fd-c0a633e872a8:group-7EFD1B472893:LeaderElection64] INFO  server.RaftServerConfigKeys (ConfUtils.java:logGet(43)) - raft.server.rpc.sleep.time = 25ms (default)
2019-09-12 10:31:38,432 [bcda0514-d42e-47ca-96fd-c0a633e872a8:group-ADF8BD8A210A:LeaderElection66] INFO  server.RaftServerConfigKeys (ConfUtils.java:logGet(43)) - raft.server.rpc.sleep.time = 25ms (default)
2019-09-12 10:31:38,433 [bcda0514-d42e-47ca-96fd-c0a633e872a8:group-7EFD1B472893:LeaderElection64] INFO  server.RaftServerConfigKeys (ConfUtils.java:logGet(43)) - raft.server.write.element-limit = 4096 (default)
2019-09-12 10:31:38,432 [bcda0514-d42e-47ca-96fd-c0a633e872a8:group-2150748CE520:LeaderElection65] INFO  impl.RaftServerImpl (ServerState.java:setLeader(263)) - bcda0514-d42e-47ca-96fd-c0a633e872a8:group-2150748CE520 change Leader from null to bcda0514-d42e-47ca-96fd-c0a633e872a8 at term 1 for becomeLeader, leader elected after 5890ms
2019-09-12 10:31:38,433 [bcda0514-d42e-47ca-96fd-c0a633e872a8:group-7EFD1B472893:LeaderElection64] INFO  server.RaftServerConfigKeys (ConfUtils.java:logGet(43)) - raft.server.watch.timeout = 10s (default)
2019-09-12 10:31:38,433 [bcda0514-d42e-47ca-96fd-c0a633e872a8:group-ADF8BD8A210A:LeaderElection66] INFO  server.RaftServerConfigKeys (ConfUtils.java:logGet(43)) - raft.server.write.element-limit = 4096 (default)
2019-09-12 10:31:38,433 [bcda0514-d42e-47ca-96fd-c0a633e872a8:group-7EFD1B472893:LeaderElection64] INFO  server.RaftServerConfigKeys (ConfUtils.java:logGet(43)) - raft.server.watch.timeout.denomination = 1s (default)
2019-09-12 10:31:38,433 [bcda0514-d42e-47ca-96fd-c0a633e872a8:group-2150748CE520:LeaderElection65] INFO  server.RaftServerConfigKeys (ConfUtils.java:logGet(43)) - raft.server.staging.catchup.gap = 1000 (default)
2019-09-12 10:31:38,433 [bcda0514-d42e-47ca-96fd-c0a633e872a8:group-7EFD1B472893:LeaderElection64] INFO  server.RaftServerConfigKeys (ConfUtils.java:logGet(43)) - raft.server.watch.element-limit = 65536 (default)
2019-09-12 10:31:38,433 [bcda0514-d42e-47ca-96fd-c0a633e872a8:group-ADF8BD8A210A:LeaderElection66] INFO  server.RaftServerConfigKeys (ConfUtils.java:logGet(43)) - raft.server.watch.timeout = 10s (default)
2019-09-12 10:31:38,433 [bcda0514-d42e-47ca-96fd-c0a633e872a8:group-2150748CE520:LeaderElection65] INFO  server.RaftServerConfigKeys (ConfUtils.java:logGet(43)) - raft.server.rpc.sleep.time = 25ms (default)
2019-09-12 10:31:38,434 [bcda0514-d42e-47ca-96fd-c0a633e872a8:group-7EFD1B472893:LeaderElection64] INFO  impl.RoleInfo (RoleInfo.java:updateAndGet(143)) - bcda0514-d42e-47ca-96fd-c0a633e872a8: start LeaderState
2019-09-12 10:31:38,434 [bcda0514-d42e-47ca-96fd-c0a633e872a8:group-2150748CE520:LeaderElection65] INFO  server.RaftServerConfigKeys (ConfUtils.java:logGet(43)) - raft.server.write.element-limit = 4096 (default)
2019-09-12 10:31:38,434 [bcda0514-d42e-47ca-96fd-c0a633e872a8:group-ADF8BD8A210A:LeaderElection66] INFO  server.RaftServerConfigKeys (ConfUtils.java:logGet(43)) - raft.server.watch.timeout.denomination = 1s (default)
2019-09-12 10:31:38,434 [bcda0514-d42e-47ca-96fd-c0a633e872a8:group-2150748CE520:LeaderElection65] INFO  server.RaftServerConfigKeys (ConfUtils.java:logGet(43)) - raft.server.watch.timeout = 10s (default)
2019-09-12 10:31:38,434 [bcda0514-d42e-47ca-96fd-c0a633e872a8:group-7EFD1B472893:LeaderElection64] INFO  segmented.SegmentedRaftLogWorker (SegmentedRaftLogWorker.java:startLogSegment(380)) - bcda0514-d42e-47ca-96fd-c0a633e872a8-SegmentedRaftLogWorker:Storage Directory /workdir/hadoop-ozone/integration-test/target/test-dir/MiniOzoneClusterImpl-87a68f7a-76d1-4e01-bf62-4b4b582b7243/datanode-4/data/ratis/3593b1ce-a24a-4376-8f5e-7efd1b472893: Starting segment from index:0
2019-09-12 10:31:38,434 [bcda0514-d42e-47ca-96fd-c0a633e872a8:group-2150748CE520:LeaderElection65] INFO  server.RaftServerConfigKeys (ConfUtils.java:logGet(43)) - raft.server.watch.timeout.denomination = 1s (default)
2019-09-12 10:31:38,434 [main] INFO  http.HttpServer2 (HttpServer2.java:addGlobalFilter(975)) - Added global filter 'safety' (class=org.apache.hadoop.http.HttpServer2$QuotingInputFilter)
2019-09-12 10:31:38,434 [bcda0514-d42e-47ca-96fd-c0a633e872a8:group-ADF8BD8A210A:LeaderElection66] INFO  server.RaftServerConfigKeys (ConfUtils.java:logGet(43)) - raft.server.watch.element-limit = 65536 (default)
2019-09-12 10:31:38,435 [bcda0514-d42e-47ca-96fd-c0a633e872a8:group-7EFD1B472893:LeaderElection64] INFO  impl.RaftServerImpl (ServerState.java:setRaftConf(361)) - bcda0514-d42e-47ca-96fd-c0a633e872a8:group-7EFD1B472893 set configuration 0: [bcda0514-d42e-47ca-96fd-c0a633e872a8:192.168.36.114:33684], old=null at 0
2019-09-12 10:31:38,435 [bcda0514-d42e-47ca-96fd-c0a633e872a8:group-2150748CE520:LeaderElection65] INFO  server.RaftServerConfigKeys (ConfUtils.java:logGet(43)) - raft.server.watch.element-limit = 65536 (default)
2019-09-12 10:31:38,759 [bcda0514-d42e-47ca-96fd-c0a633e872a8:group-ADF8BD8A210A:LeaderElection66] INFO  impl.RoleInfo (RoleInfo.java:updateAndGet(143)) - bcda0514-d42e-47ca-96fd-c0a633e872a8: start LeaderState
2019-09-12 10:31:38,759 [9616c881-dbb1-48da-90dd-a872ed779a2e:group-6BE4BDB1F8BD:LeaderElection69] INFO  impl.LeaderElection (LeaderElection.java:askForVotes(181)) - 9616c881-dbb1-48da-90dd-a872ed779a2e:group-6BE4BDB1F8BD:LeaderElection69: begin an election at term 1 for -1: [9616c881-dbb1-48da-90dd-a872ed779a2e:192.168.36.114:37081], old=null
2019-09-12 10:31:38,759 [b6dd7c38-f675-445e-811b-15cf17d56c0a:group-9FC0CABDF736:LeaderElection72] INFO  impl.LeaderElection (LeaderElection.java:askForVotes(181)) - b6dd7c38-f675-445e-811b-15cf17d56c0a:group-9FC0CABDF736:LeaderElection72: begin an election at term 1 for -1: [b6dd7c38-f675-445e-811b-15cf17d56c0a:192.168.36.114:37534], old=null
2019-09-12 10:31:38,759 [9616c881-dbb1-48da-90dd-a872ed779a2e:group-A05CC59351CA:LeaderElection67] INFO  impl.LeaderElection (LeaderElection.java:askForVotes(181)) - 9616c881-dbb1-48da-90dd-a872ed779a2e:group-A05CC59351CA:LeaderElection67: begin an election at term 1 for -1: [9616c881-dbb1-48da-90dd-a872ed779a2e:192.168.36.114:37081], old=null
2019-09-12 10:31:38,759 [b6dd7c38-f675-445e-811b-15cf17d56c0a:group-7E742C78445B:LeaderElection70] INFO  impl.LeaderElection (LeaderElection.java:askForVotes(181)) - b6dd7c38-f675-445e-811b-15cf17d56c0a:group-7E742C78445B:LeaderElection70: begin an election at term 1 for -1: [b6dd7c38-f675-445e-811b-15cf17d56c0a:192.168.36.114:37534], old=null
2019-09-12 10:31:38,759 [b6dd7c38-f675-445e-811b-15cf17d56c0a:group-0BF7BE6248FB:LeaderElection68] INFO  impl.LeaderElection (LeaderElection.java:askForVotes(181)) - b6dd7c38-f675-445e-811b-15cf17d56c0a:group-0BF7BE6248FB:LeaderElection68: begin an election at term 1 for -1: [b6dd7c38-f675-445e-811b-15cf17d56c0a:192.168.36.114:37534], old=null
2019-09-12 10:31:38,758 [Thread-796] WARN  util.JavaUtils (JavaUtils.java:sleep(250)) - Unexpected long sleep: sleep(5149ms) actually took 5463ms which is over the threshold 300ms
2019-09-12 10:31:38,758 [Thread-802] INFO  impl.FollowerState (FollowerState.java:run(106)) - 9616c881-dbb1-48da-90dd-a872ed779a2e:group-E52FAF82D551 changes to CANDIDATE, lastRpcTime:5380, electionTimeout:5093ms
2019-09-12 10:31:38,760 [Thread-802] INFO  impl.RoleInfo (RoleInfo.java:shutdownFollowerState(121)) - 9616c881-dbb1-48da-90dd-a872ed779a2e: shutdown FollowerState
2019-09-12 10:31:38,760 [Thread-802] INFO  impl.RaftServerImpl (RaftServerImpl.java:setRole(171)) - 9616c881-dbb1-48da-90dd-a872ed779a2e:group-E52FAF82D551 changes role from FOLLOWER to CANDIDATE at term 0 for changeToCandidate
2019-09-12 10:31:38,757 [Thread-805] INFO  impl.FollowerState (FollowerState.java:run(106)) - 9616c881-dbb1-48da-90dd-a872ed779a2e:group-C6F02A7447F5 changes to CANDIDATE, lastRpcTime:5306, electionTimeout:5118ms
2019-09-12 10:31:38,757 [Thread-808] INFO  impl.FollowerState (FollowerState.java:run(106)) - 9616c881-dbb1-48da-90dd-a872ed779a2e:group-EA3377260C7E changes to CANDIDATE, lastRpcTime:5262, electionTimeout:5091ms
2019-09-12 10:31:38,760 [Thread-805] INFO  impl.RoleInfo (RoleInfo.java:shutdownFollowerState(121)) - 9616c881-dbb1-48da-90dd-a872ed779a2e: shutdown FollowerState
2019-09-12 10:31:38,760 [Thread-802] INFO  impl.RoleInfo (RoleInfo.java:updateAndGet(143)) - 9616c881-dbb1-48da-90dd-a872ed779a2e: start LeaderElection
2019-09-12 10:31:38,760 [b6dd7c38-f675-445e-811b-15cf17d56c0a:group-0BF7BE6248FB:LeaderElection68] INFO  impl.RoleInfo (RoleInfo.java:shutdownLeaderElection(134)) - b6dd7c38-f675-445e-811b-15cf17d56c0a: shutdown LeaderElection
2019-09-12 10:31:38,761 [b6dd7c38-f675-445e-811b-15cf17d56c0a:group-0BF7BE6248FB:LeaderElection68] INFO  impl.RaftServerImpl (RaftServerImpl.java:setRole(171)) - b6dd7c38-f675-445e-811b-15cf17d56c0a:group-0BF7BE6248FB changes role from CANDIDATE to LEADER at term 1 for changeToLeader
2019-09-12 10:31:38,760 [b6dd7c38-f675-445e-811b-15cf17d56c0a:group-7E742C78445B:LeaderElection70] INFO  impl.RoleInfo (RoleInfo.java:shutdownLeaderElection(134)) - b6dd7c38-f675-445e-811b-15cf17d56c0a: shutdown LeaderElection
2019-09-12 10:31:38,760 [main] INFO  http.HttpServer2 (HttpServer2.java:addFilter(948)) - Added filter static_user_filter (class=org.apache.hadoop.http.lib.StaticUserWebFilter$StaticUserFilter) to context hddsDatanode
2019-09-12 10:31:38,760 [9616c881-dbb1-48da-90dd-a872ed779a2e:group-A05CC59351CA:LeaderElection67] INFO  impl.RoleInfo (RoleInfo.java:shutdownLeaderElection(134)) - 9616c881-dbb1-48da-90dd-a872ed779a2e: shutdown LeaderElection
2019-09-12 10:31:38,759 [b6dd7c38-f675-445e-811b-15cf17d56c0a:group-9FC0CABDF736:LeaderElection72] INFO  impl.RoleInfo (RoleInfo.java:shutdownLeaderElection(134)) - b6dd7c38-f675-445e-811b-15cf17d56c0a: shutdown LeaderElection
2019-09-12 10:31:38,759 [bcda0514-d42e-47ca-96fd-c0a633e872a8:group-ADF8BD8A210A:LeaderElection66] INFO  segmented.SegmentedRaftLogWorker (SegmentedRaftLogWorker.java:startLogSegment(380)) - bcda0514-d42e-47ca-96fd-c0a633e872a8-SegmentedRaftLogWorker:Storage Directory /workdir/hadoop-ozone/integration-test/target/test-dir/MiniOzoneClusterImpl-87a68f7a-76d1-4e01-bf62-4b4b582b7243/datanode-4/data/ratis/0aabf2eb-bf50-4967-ad7b-adf8bd8a210a: Starting segment from index:0
2019-09-12 10:31:38,759 [9616c881-dbb1-48da-90dd-a872ed779a2e:group-6BE4BDB1F8BD:LeaderElection69] INFO  impl.RoleInfo (RoleInfo.java:shutdownLeaderElection(134)) - 9616c881-dbb1-48da-90dd-a872ed779a2e: shutdown LeaderElection
2019-09-12 10:31:38,759 [bcda0514-d42e-47ca-96fd-c0a633e872a8:group-2150748CE520:LeaderElection65] INFO  impl.RoleInfo (RoleInfo.java:updateAndGet(143)) - bcda0514-d42e-47ca-96fd-c0a633e872a8: start LeaderState
2019-09-12 10:31:38,759 [b6dd7c38-f675-445e-811b-15cf17d56c0a:group-937C70D4FD31:LeaderElection71] INFO  impl.LeaderElection (LeaderElection.java:askForVotes(181)) - b6dd7c38-f675-445e-811b-15cf17d56c0a:group-937C70D4FD31:LeaderElection71: begin an election at term 1 for -1: [b6dd7c38-f675-445e-811b-15cf17d56c0a:192.168.36.114:37534], old=null
2019-09-12 10:31:38,762 [bcda0514-d42e-47ca-96fd-c0a633e872a8:group-2150748CE520:LeaderElection65] INFO  segmented.SegmentedRaftLogWorker (SegmentedRaftLogWorker.java:startLogSegment(380)) - bcda0514-d42e-47ca-96fd-c0a633e872a8-SegmentedRaftLogWorker:Storage Directory /workdir/hadoop-ozone/integration-test/target/test-dir/MiniOzoneClusterImpl-87a68f7a-76d1-4e01-bf62-4b4b582b7243/datanode-4/data/ratis/9aa936d5-bfaa-43bb-8554-2150748ce520: Starting segment from index:0
2019-09-12 10:31:39,011 | INFO  | SCMAudit | user=jenkins1000 | ip=192.168.36.114 | op=SEND_HEARTBEAT {datanodeUUID=c1e71898-521f-4627-a3f1-9884c4b96ced, command=[]} | ret=SUCCESS |  
2019-09-12 10:31:39,011 | INFO  | SCMAudit | user=jenkins1000 | ip=192.168.36.114 | op=SEND_HEARTBEAT {datanodeUUID=eaeff1e2-de9c-4510-872d-283eb6c3c330, command=[]} | ret=SUCCESS |  
2019-09-12 10:31:39,011 | INFO  | SCMAudit | user=jenkins1000 | ip=192.168.36.114 | op=SEND_HEARTBEAT {datanodeUUID=f17b4253-95a0-4ee6-8ded-88f070f15b33, command=[]} | ret=SUCCESS |  
2019-09-12 10:31:38,762 [bcda0514-d42e-47ca-96fd-c0a633e872a8:group-ADF8BD8A210A:LeaderElection66] INFO  impl.RaftServerImpl (ServerState.java:setRaftConf(361)) - bcda0514-d42e-47ca-96fd-c0a633e872a8:group-ADF8BD8A210A set configuration 0: [bcda0514-d42e-47ca-96fd-c0a633e872a8:192.168.36.114:33684], old=null at 0
2019-09-12 10:31:39,012 | INFO  | SCMAudit | user=jenkins1000 | ip=192.168.36.114 | op=SEND_HEARTBEAT {datanodeUUID=c9031a36-5f7c-4098-8bea-8a46141708a6, command=[]} | ret=SUCCESS |  
2019-09-12 10:31:39,012 | INFO  | SCMAudit | user=jenkins1000 | ip=192.168.36.114 | op=SEND_HEARTBEAT {datanodeUUID=39df7a3f-9691-48d4-a2b1-6888489a5f8a, command=[]} | ret=SUCCESS |  
2019-09-12 10:31:39,012 | INFO  | SCMAudit | user=jenkins1000 | ip=192.168.36.114 | op=SEND_HEARTBEAT {datanodeUUID=9616c881-dbb1-48da-90dd-a872ed779a2e, command=[]} | ret=SUCCESS |  
2019-09-12 10:31:38,759 [Datanode State Machine Thread - 0] INFO  ozoneimpl.OzoneContainer (OzoneContainer.java:start(186)) - Attempting to start container services.
2019-09-12 10:31:39,012 | INFO  | SCMAudit | user=jenkins1000 | ip=192.168.36.114 | op=SEND_HEARTBEAT {datanodeUUID=22ce2f4b-d517-44cf-8041-712d813e08f3, command=[]} | ret=SUCCESS |  
2019-09-12 10:31:39,012 | INFO  | SCMAudit | user=jenkins1000 | ip=192.168.36.114 | op=SEND_HEARTBEAT {datanodeUUID=b6dd7c38-f675-445e-811b-15cf17d56c0a, command=[]} | ret=SUCCESS |  
2019-09-12 10:31:39,012 | INFO  | SCMAudit | user=jenkins1000 | ip=192.168.36.114 | op=SEND_HEARTBEAT {datanodeUUID=bcda0514-d42e-47ca-96fd-c0a633e872a8, command=[]} | ret=SUCCESS |  
2019-09-12 10:31:39,012 [Datanode State Machine Thread - 0] INFO  impl.RaftServerProxy (RaftServerProxy.java:lambda$start$3(299)) - 5dd0cd62-5770-41dd-9e5a-f3f3eedc40c1: start RPC server
2019-09-12 10:31:39,335 | INFO  | SCMAudit | user=jenkins1000 | ip=192.168.36.114 | op=GET_VERSION null | ret=SUCCESS |  
2019-09-12 10:31:39,336 | INFO  | SCMAudit | user=jenkins1000 | ip=192.168.36.114 | op=GET_VERSION null | ret=SUCCESS |  
2019-09-12 10:31:39,012 [9616c881-dbb1-48da-90dd-a872ed779a2e:group-E52FAF82D551:LeaderElection73] INFO  impl.LeaderElection (LeaderElection.java:askForVotes(181)) - 9616c881-dbb1-48da-90dd-a872ed779a2e:group-E52FAF82D551:LeaderElection73: begin an election at term 1 for -1: [9616c881-dbb1-48da-90dd-a872ed779a2e:192.168.36.114:37081], old=null
2019-09-12 10:31:38,762 [b6dd7c38-f675-445e-811b-15cf17d56c0a:group-937C70D4FD31:LeaderElection71] INFO  impl.RoleInfo (RoleInfo.java:shutdownLeaderElection(134)) - b6dd7c38-f675-445e-811b-15cf17d56c0a: shutdown LeaderElection
2019-09-12 10:31:38,762 [9616c881-dbb1-48da-90dd-a872ed779a2e:group-6BE4BDB1F8BD:LeaderElection69] INFO  impl.RaftServerImpl (RaftServerImpl.java:setRole(171)) - 9616c881-dbb1-48da-90dd-a872ed779a2e:group-6BE4BDB1F8BD changes role from CANDIDATE to LEADER at term 1 for changeToLeader
2019-09-12 10:31:38,762 [b6dd7c38-f675-445e-811b-15cf17d56c0a:group-9FC0CABDF736:LeaderElection72] INFO  impl.RaftServerImpl (RaftServerImpl.java:setRole(171)) - b6dd7c38-f675-445e-811b-15cf17d56c0a:group-9FC0CABDF736 changes role from CANDIDATE to LEADER at term 1 for changeToLeader
2019-09-12 10:31:38,761 [9616c881-dbb1-48da-90dd-a872ed779a2e:group-A05CC59351CA:LeaderElection67] INFO  impl.RaftServerImpl (RaftServerImpl.java:setRole(171)) - 9616c881-dbb1-48da-90dd-a872ed779a2e:group-A05CC59351CA changes role from CANDIDATE to LEADER at term 1 for changeToLeader
2019-09-12 10:31:39,337 [9616c881-dbb1-48da-90dd-a872ed779a2e:group-A05CC59351CA:LeaderElection67] INFO  impl.RaftServerImpl (ServerState.java:setLeader(263)) - 9616c881-dbb1-48da-90dd-a872ed779a2e:group-A05CC59351CA change Leader from null to 9616c881-dbb1-48da-90dd-a872ed779a2e at term 1 for becomeLeader, leader elected after 6138ms
2019-09-12 10:31:38,761 [main] INFO  http.HttpServer2 (HttpServer2.java:addFilter(958)) - Added filter static_user_filter (class=org.apache.hadoop.http.lib.StaticUserWebFilter$StaticUserFilter) to context logs
2019-09-12 10:31:38,761 [b6dd7c38-f675-445e-811b-15cf17d56c0a:group-7E742C78445B:LeaderElection70] INFO  impl.RaftServerImpl (RaftServerImpl.java:setRole(171)) - b6dd7c38-f675-445e-811b-15cf17d56c0a:group-7E742C78445B changes role from CANDIDATE to LEADER at term 1 for changeToLeader
2019-09-12 10:31:38,761 [b6dd7c38-f675-445e-811b-15cf17d56c0a:group-0BF7BE6248FB:LeaderElection68] INFO  impl.RaftServerImpl (ServerState.java:setLeader(263)) - b6dd7c38-f675-445e-811b-15cf17d56c0a:group-0BF7BE6248FB change Leader from null to b6dd7c38-f675-445e-811b-15cf17d56c0a at term 1 for becomeLeader, leader elected after 5648ms
2019-09-12 10:31:38,761 [Thread-805] INFO  impl.RaftServerImpl (RaftServerImpl.java:setRole(171)) - 9616c881-dbb1-48da-90dd-a872ed779a2e:group-C6F02A7447F5 changes role from FOLLOWER to CANDIDATE at term 0 for changeToCandidate
2019-09-12 10:31:38,760 [Thread-808] INFO  impl.RoleInfo (RoleInfo.java:shutdownFollowerState(121)) - 9616c881-dbb1-48da-90dd-a872ed779a2e: shutdown FollowerState
2019-09-12 10:31:39,338 [Thread-805] INFO  impl.RoleInfo (RoleInfo.java:updateAndGet(143)) - 9616c881-dbb1-48da-90dd-a872ed779a2e: start LeaderElection
2019-09-12 10:31:39,338 [b6dd7c38-f675-445e-811b-15cf17d56c0a:group-0BF7BE6248FB:LeaderElection68] INFO  server.RaftServerConfigKeys (ConfUtils.java:logGet(43)) - raft.server.staging.catchup.gap = 1000 (default)
2019-09-12 10:31:39,337 [Datanode State Machine Thread - 0] INFO  server.GrpcService (GrpcService.java:startImpl(149)) - 5dd0cd62-5770-41dd-9e5a-f3f3eedc40c1: GrpcService started, listening on 0.0.0.0/0.0.0.0:42730
2019-09-12 10:31:39,337 [b6dd7c38-f675-445e-811b-15cf17d56c0a:group-7E742C78445B:LeaderElection70] INFO  impl.RaftServerImpl (ServerState.java:setLeader(263)) - b6dd7c38-f675-445e-811b-15cf17d56c0a:group-7E742C78445B change Leader from null to b6dd7c38-f675-445e-811b-15cf17d56c0a at term 1 for becomeLeader, leader elected after 6312ms
2019-09-12 10:31:39,337 [main] INFO  http.HttpServer2 (HttpServer2.java:addFilter(958)) - Added filter static_user_filter (class=org.apache.hadoop.http.lib.StaticUserWebFilter$StaticUserFilter) to context static
2019-09-12 10:31:39,337 [9616c881-dbb1-48da-90dd-a872ed779a2e:group-A05CC59351CA:LeaderElection67] INFO  server.RaftServerConfigKeys (ConfUtils.java:logGet(43)) - raft.server.staging.catchup.gap = 1000 (default)
2019-09-12 10:31:39,339 [9616c881-dbb1-48da-90dd-a872ed779a2e:group-A05CC59351CA:LeaderElection67] INFO  server.RaftServerConfigKeys (ConfUtils.java:logGet(43)) - raft.server.rpc.sleep.time = 25ms (default)
2019-09-12 10:31:39,336 [b6dd7c38-f675-445e-811b-15cf17d56c0a:group-9FC0CABDF736:LeaderElection72] INFO  impl.RaftServerImpl (ServerState.java:setLeader(263)) - b6dd7c38-f675-445e-811b-15cf17d56c0a:group-9FC0CABDF736 change Leader from null to b6dd7c38-f675-445e-811b-15cf17d56c0a at term 1 for becomeLeader, leader elected after 6092ms
2019-09-12 10:31:39,336 [9616c881-dbb1-48da-90dd-a872ed779a2e:group-6BE4BDB1F8BD:LeaderElection69] INFO  impl.RaftServerImpl (ServerState.java:setLeader(263)) - 9616c881-dbb1-48da-90dd-a872ed779a2e:group-6BE4BDB1F8BD change Leader from null to 9616c881-dbb1-48da-90dd-a872ed779a2e at term 1 for becomeLeader, leader elected after 6003ms
2019-09-12 10:31:39,336 [b6dd7c38-f675-445e-811b-15cf17d56c0a:group-937C70D4FD31:LeaderElection71] INFO  impl.RaftServerImpl (RaftServerImpl.java:setRole(171)) - b6dd7c38-f675-445e-811b-15cf17d56c0a:group-937C70D4FD31 changes role from CANDIDATE to LEADER at term 1 for changeToLeader
2019-09-12 10:31:39,340 [b6dd7c38-f675-445e-811b-15cf17d56c0a:group-937C70D4FD31:LeaderElection71] INFO  impl.RaftServerImpl (ServerState.java:setLeader(263)) - b6dd7c38-f675-445e-811b-15cf17d56c0a:group-937C70D4FD31 change Leader from null to b6dd7c38-f675-445e-811b-15cf17d56c0a at term 1 for becomeLeader, leader elected after 6360ms
2019-09-12 10:31:39,336 [9616c881-dbb1-48da-90dd-a872ed779a2e:group-E52FAF82D551:LeaderElection73] INFO  impl.RoleInfo (RoleInfo.java:shutdownLeaderElection(134)) - 9616c881-dbb1-48da-90dd-a872ed779a2e: shutdown LeaderElection
2019-09-12 10:31:39,340 [9616c881-dbb1-48da-90dd-a872ed779a2e:group-E52FAF82D551:LeaderElection73] INFO  impl.RaftServerImpl (RaftServerImpl.java:setRole(171)) - 9616c881-dbb1-48da-90dd-a872ed779a2e:group-E52FAF82D551 changes role from CANDIDATE to LEADER at term 1 for changeToLeader
2019-09-12 10:31:39,012 [bcda0514-d42e-47ca-96fd-c0a633e872a8:group-2150748CE520:LeaderElection65] INFO  impl.RaftServerImpl (ServerState.java:setRaftConf(361)) - bcda0514-d42e-47ca-96fd-c0a633e872a8:group-2150748CE520 set configuration 0: [bcda0514-d42e-47ca-96fd-c0a633e872a8:192.168.36.114:33684], old=null at 0
2019-09-12 10:31:39,012 [Datanode State Machine Thread - 0] INFO  ozoneimpl.OzoneContainer (OzoneContainer.java:startContainerScrub(160)) - Background container scrubber has been disabled by hdds.containerscrub.enabled
2019-09-12 10:31:39,340 [9616c881-dbb1-48da-90dd-a872ed779a2e:group-E52FAF82D551:LeaderElection73] INFO  impl.RaftServerImpl (ServerState.java:setLeader(263)) - 9616c881-dbb1-48da-90dd-a872ed779a2e:group-E52FAF82D551 change Leader from null to 9616c881-dbb1-48da-90dd-a872ed779a2e at term 1 for becomeLeader, leader elected after 5966ms
2019-09-12 10:31:39,340 [main] INFO  http.HttpServer2 (HttpServer2.java:bindListener(1191)) - Jetty bound to port 36990
2019-09-12 10:31:39,340 [b6dd7c38-f675-445e-811b-15cf17d56c0a:group-937C70D4FD31:LeaderElection71] INFO  server.RaftServerConfigKeys (ConfUtils.java:logGet(43)) - raft.server.staging.catchup.gap = 1000 (default)
2019-09-12 10:31:39,340 [9616c881-dbb1-48da-90dd-a872ed779a2e:group-6BE4BDB1F8BD:LeaderElection69] INFO  server.RaftServerConfigKeys (ConfUtils.java:logGet(43)) - raft.server.staging.catchup.gap = 1000 (default)
2019-09-12 10:31:39,340 [b6dd7c38-f675-445e-811b-15cf17d56c0a:group-9FC0CABDF736:LeaderElection72] INFO  server.RaftServerConfigKeys (ConfUtils.java:logGet(43)) - raft.server.staging.catchup.gap = 1000 (default)
2019-09-12 10:31:39,339 [9616c881-dbb1-48da-90dd-a872ed779a2e:group-A05CC59351CA:LeaderElection67] INFO  server.RaftServerConfigKeys (ConfUtils.java:logGet(43)) - raft.server.write.element-limit = 4096 (default)
2019-09-12 10:31:39,339 [b6dd7c38-f675-445e-811b-15cf17d56c0a:group-7E742C78445B:LeaderElection70] INFO  server.RaftServerConfigKeys (ConfUtils.java:logGet(43)) - raft.server.staging.catchup.gap = 1000 (default)
2019-09-12 10:31:39,342 [b6dd7c38-f675-445e-811b-15cf17d56c0a:group-7E742C78445B:LeaderElection70] INFO  server.RaftServerConfigKeys (ConfUtils.java:logGet(43)) - raft.server.rpc.sleep.time = 25ms (default)
2019-09-12 10:31:39,339 [Datanode State Machine Thread - 0] INFO  ratis.XceiverServerRatis (XceiverServerRatis.java:start(414)) - XceiverServerRatis 5dd0cd62-5770-41dd-9e5a-f3f3eedc40c1 is started using port 42730
2019-09-12 10:31:39,338 [b6dd7c38-f675-445e-811b-15cf17d56c0a:group-0BF7BE6248FB:LeaderElection68] INFO  server.RaftServerConfigKeys (ConfUtils.java:logGet(43)) - raft.server.rpc.sleep.time = 25ms (default)
2019-09-12 10:31:39,338 [Thread-808] INFO  impl.RaftServerImpl (RaftServerImpl.java:setRole(171)) - 9616c881-dbb1-48da-90dd-a872ed779a2e:group-EA3377260C7E changes role from FOLLOWER to CANDIDATE at term 0 for changeToCandidate
2019-09-12 10:31:39,342 [b6dd7c38-f675-445e-811b-15cf17d56c0a:group-0BF7BE6248FB:LeaderElection68] INFO  server.RaftServerConfigKeys (ConfUtils.java:logGet(43)) - raft.server.write.element-limit = 4096 (default)
2019-09-12 10:31:39,349 [Datanode State Machine Thread - 0] INFO  server.XceiverServerGrpc (XceiverServerGrpc.java:start(163)) - XceiverServerGrpc 5dd0cd62-5770-41dd-9e5a-f3f3eedc40c1 is started using port 33373
2019-09-12 10:31:39,342 [b6dd7c38-f675-445e-811b-15cf17d56c0a:group-7E742C78445B:LeaderElection70] INFO  server.RaftServerConfigKeys (ConfUtils.java:logGet(43)) - raft.server.write.element-limit = 4096 (default)
2019-09-12 10:31:39,342 [9616c881-dbb1-48da-90dd-a872ed779a2e:group-A05CC59351CA:LeaderElection67] INFO  server.RaftServerConfigKeys (ConfUtils.java:logGet(43)) - raft.server.watch.timeout = 10s (default)
2019-09-12 10:31:39,341 [b6dd7c38-f675-445e-811b-15cf17d56c0a:group-9FC0CABDF736:LeaderElection72] INFO  server.RaftServerConfigKeys (ConfUtils.java:logGet(43)) - raft.server.rpc.sleep.time = 25ms (default)
2019-09-12 10:31:39,341 [9616c881-dbb1-48da-90dd-a872ed779a2e:group-6BE4BDB1F8BD:LeaderElection69] INFO  server.RaftServerConfigKeys (ConfUtils.java:logGet(43)) - raft.server.rpc.sleep.time = 25ms (default)
2019-09-12 10:31:39,350 [b6dd7c38-f675-445e-811b-15cf17d56c0a:group-9FC0CABDF736:LeaderElection72] INFO  server.RaftServerConfigKeys (ConfUtils.java:logGet(43)) - raft.server.write.element-limit = 4096 (default)
2019-09-12 10:31:39,341 [main] INFO  server.Server (Server.java:doStart(351)) - jetty-9.3.24.v20180605, build timestamp: 2018-06-05T17:11:56Z, git hash: 84205aa28f11a4f31f2a3b86d1bba2cc8ab69827
2019-09-12 10:31:39,341 [b6dd7c38-f675-445e-811b-15cf17d56c0a:group-937C70D4FD31:LeaderElection71] INFO  server.RaftServerConfigKeys (ConfUtils.java:logGet(43)) - raft.server.rpc.sleep.time = 25ms (default)
2019-09-12 10:31:39,341 [9616c881-dbb1-48da-90dd-a872ed779a2e:group-E52FAF82D551:LeaderElection73] INFO  server.RaftServerConfigKeys (ConfUtils.java:logGet(43)) - raft.server.staging.catchup.gap = 1000 (default)
2019-09-12 10:31:39,340 [Datanode State Machine Thread - 0] INFO  ratis.XceiverServerRatis (XceiverServerRatis.java:start(404)) - Starting XceiverServerRatis d40ec8ee-ac9e-41d6-86bd-e74a05605b85 at port 0
2019-09-12 10:31:39,351 [9616c881-dbb1-48da-90dd-a872ed779a2e:group-E52FAF82D551:LeaderElection73] INFO  server.RaftServerConfigKeys (ConfUtils.java:logGet(43)) - raft.server.rpc.sleep.time = 25ms (default)
2019-09-12 10:31:39,350 [b6dd7c38-f675-445e-811b-15cf17d56c0a:group-937C70D4FD31:LeaderElection71] INFO  server.RaftServerConfigKeys (ConfUtils.java:logGet(43)) - raft.server.write.element-limit = 4096 (default)
2019-09-12 10:31:39,350 [b6dd7c38-f675-445e-811b-15cf17d56c0a:group-9FC0CABDF736:LeaderElection72] INFO  server.RaftServerConfigKeys (ConfUtils.java:logGet(43)) - raft.server.watch.timeout = 10s (default)
2019-09-12 10:31:39,350 [9616c881-dbb1-48da-90dd-a872ed779a2e:group-6BE4BDB1F8BD:LeaderElection69] INFO  server.RaftServerConfigKeys (ConfUtils.java:logGet(43)) - raft.server.write.element-limit = 4096 (default)
2019-09-12 10:31:39,349 [9616c881-dbb1-48da-90dd-a872ed779a2e:group-A05CC59351CA:LeaderElection67] INFO  server.RaftServerConfigKeys (ConfUtils.java:logGet(43)) - raft.server.watch.timeout.denomination = 1s (default)
2019-09-12 10:31:39,349 [b6dd7c38-f675-445e-811b-15cf17d56c0a:group-7E742C78445B:LeaderElection70] INFO  server.RaftServerConfigKeys (ConfUtils.java:logGet(43)) - raft.server.watch.timeout = 10s (default)
2019-09-12 10:31:39,349 [b6dd7c38-f675-445e-811b-15cf17d56c0a:group-0BF7BE6248FB:LeaderElection68] INFO  server.RaftServerConfigKeys (ConfUtils.java:logGet(43)) - raft.server.watch.timeout = 10s (default)
2019-09-12 10:31:39,352 [b6dd7c38-f675-445e-811b-15cf17d56c0a:group-0BF7BE6248FB:LeaderElection68] INFO  server.RaftServerConfigKeys (ConfUtils.java:logGet(43)) - raft.server.watch.timeout.denomination = 1s (default)
2019-09-12 10:31:39,342 [Thread-808] INFO  impl.RoleInfo (RoleInfo.java:updateAndGet(143)) - 9616c881-dbb1-48da-90dd-a872ed779a2e: start LeaderElection
2019-09-12 10:31:39,352 [b6dd7c38-f675-445e-811b-15cf17d56c0a:group-0BF7BE6248FB:LeaderElection68] INFO  server.RaftServerConfigKeys (ConfUtils.java:logGet(43)) - raft.server.watch.element-limit = 65536 (default)
2019-09-12 10:31:39,352 [b6dd7c38-f675-445e-811b-15cf17d56c0a:group-7E742C78445B:LeaderElection70] INFO  server.RaftServerConfigKeys (ConfUtils.java:logGet(43)) - raft.server.watch.timeout.denomination = 1s (default)
2019-09-12 10:31:39,352 [Datanode State Machine Thread - 0] INFO  ozoneimpl.OzoneContainer (OzoneContainer.java:start(186)) - Attempting to start container services.
2019-09-12 10:31:39,353 [Datanode State Machine Thread - 0] INFO  ozoneimpl.OzoneContainer (OzoneContainer.java:startContainerScrub(160)) - Background container scrubber has been disabled by hdds.containerscrub.enabled
2019-09-12 10:31:39,352 [Datanode State Machine Thread - 0] INFO  ozoneimpl.OzoneContainer (OzoneContainer.java:start(186)) - Attempting to start container services.
2019-09-12 10:31:39,353 [Datanode State Machine Thread - 0] INFO  ozoneimpl.OzoneContainer (OzoneContainer.java:startContainerScrub(160)) - Background container scrubber has been disabled by hdds.containerscrub.enabled
2019-09-12 10:31:39,352 [9616c881-dbb1-48da-90dd-a872ed779a2e:group-C6F02A7447F5:LeaderElection74] INFO  impl.LeaderElection (LeaderElection.java:askForVotes(181)) - 9616c881-dbb1-48da-90dd-a872ed779a2e:group-C6F02A7447F5:LeaderElection74: begin an election at term 1 for -1: [9616c881-dbb1-48da-90dd-a872ed779a2e:192.168.36.114:37081], old=null
2019-09-12 10:31:39,351 [9616c881-dbb1-48da-90dd-a872ed779a2e:group-A05CC59351CA:LeaderElection67] INFO  server.RaftServerConfigKeys (ConfUtils.java:logGet(43)) - raft.server.watch.element-limit = 65536 (default)
2019-09-12 10:31:39,351 [9616c881-dbb1-48da-90dd-a872ed779a2e:group-6BE4BDB1F8BD:LeaderElection69] INFO  server.RaftServerConfigKeys (ConfUtils.java:logGet(43)) - raft.server.watch.timeout = 10s (default)
2019-09-12 10:31:39,351 [b6dd7c38-f675-445e-811b-15cf17d56c0a:group-9FC0CABDF736:LeaderElection72] INFO  server.RaftServerConfigKeys (ConfUtils.java:logGet(43)) - raft.server.watch.timeout.denomination = 1s (default)
2019-09-12 10:31:39,351 [b6dd7c38-f675-445e-811b-15cf17d56c0a:group-937C70D4FD31:LeaderElection71] INFO  server.RaftServerConfigKeys (ConfUtils.java:logGet(43)) - raft.server.watch.timeout = 10s (default)
2019-09-12 10:31:39,351 [9616c881-dbb1-48da-90dd-a872ed779a2e:group-E52FAF82D551:LeaderElection73] INFO  server.RaftServerConfigKeys (ConfUtils.java:logGet(43)) - raft.server.write.element-limit = 4096 (default)
2019-09-12 10:31:39,354 [b6dd7c38-f675-445e-811b-15cf17d56c0a:group-937C70D4FD31:LeaderElection71] INFO  server.RaftServerConfigKeys (ConfUtils.java:logGet(43)) - raft.server.watch.timeout.denomination = 1s (default)
2019-09-12 10:31:39,354 [b6dd7c38-f675-445e-811b-15cf17d56c0a:group-9FC0CABDF736:LeaderElection72] INFO  server.RaftServerConfigKeys (ConfUtils.java:logGet(43)) - raft.server.watch.element-limit = 65536 (default)
2019-09-12 10:31:39,354 [main] INFO  handler.ContextHandler (ContextHandler.java:doStart(781)) - Started o.e.j.s.ServletContextHandler@444c0f9a{/logs,file:///workdir/hadoop-ozone/integration-test/target/log,AVAILABLE}
2019-09-12 10:31:39,354 [9616c881-dbb1-48da-90dd-a872ed779a2e:group-6BE4BDB1F8BD:LeaderElection69] INFO  server.RaftServerConfigKeys (ConfUtils.java:logGet(43)) - raft.server.watch.timeout.denomination = 1s (default)
2019-09-12 10:31:39,353 [9616c881-dbb1-48da-90dd-a872ed779a2e:group-A05CC59351CA:LeaderElection67] INFO  impl.RoleInfo (RoleInfo.java:updateAndGet(143)) - 9616c881-dbb1-48da-90dd-a872ed779a2e: start LeaderState
2019-09-12 10:31:39,353 [9616c881-dbb1-48da-90dd-a872ed779a2e:group-C6F02A7447F5:LeaderElection74] INFO  impl.RoleInfo (RoleInfo.java:shutdownLeaderElection(134)) - 9616c881-dbb1-48da-90dd-a872ed779a2e: shutdown LeaderElection
2019-09-12 10:31:39,353 [Datanode State Machine Thread - 0] INFO  ratis.XceiverServerRatis (XceiverServerRatis.java:start(404)) - Starting XceiverServerRatis caccd92c-2544-4e02-86cf-95849f240c1b at port 0
2019-09-12 10:31:39,353 [Datanode State Machine Thread - 0] INFO  ratis.XceiverServerRatis (XceiverServerRatis.java:start(404)) - Starting XceiverServerRatis 334c5273-7871-4d53-8b37-de05e5a3be10 at port 0
2019-09-12 10:31:39,352 [b6dd7c38-f675-445e-811b-15cf17d56c0a:group-7E742C78445B:LeaderElection70] INFO  server.RaftServerConfigKeys (ConfUtils.java:logGet(43)) - raft.server.watch.element-limit = 65536 (default)
2019-09-12 10:31:39,352 [b6dd7c38-f675-445e-811b-15cf17d56c0a:group-0BF7BE6248FB:LeaderElection68] INFO  impl.RoleInfo (RoleInfo.java:updateAndGet(143)) - b6dd7c38-f675-445e-811b-15cf17d56c0a: start LeaderState
2019-09-12 10:31:39,356 [b6dd7c38-f675-445e-811b-15cf17d56c0a:group-7E742C78445B:LeaderElection70] INFO  impl.RoleInfo (RoleInfo.java:updateAndGet(143)) - b6dd7c38-f675-445e-811b-15cf17d56c0a: start LeaderState
2019-09-12 10:31:39,355 [main] INFO  handler.ContextHandler (ContextHandler.java:doStart(781)) - Started o.e.j.s.ServletContextHandler@74919649{/static,jar:file:/home/user/.m2/repository/org/apache/hadoop/hadoop-hdds-container-service/0.5.0-SNAPSHOT/hadoop-hdds-container-service-0.5.0-SNAPSHOT.jar!/webapps/static,AVAILABLE}
2019-09-12 10:31:39,355 [9616c881-dbb1-48da-90dd-a872ed779a2e:group-A05CC59351CA:LeaderElection67] INFO  segmented.SegmentedRaftLogWorker (SegmentedRaftLogWorker.java:startLogSegment(380)) - 9616c881-dbb1-48da-90dd-a872ed779a2e-SegmentedRaftLogWorker:Storage Directory /workdir/hadoop-ozone/integration-test/target/test-dir/MiniOzoneClusterImpl-87a68f7a-76d1-4e01-bf62-4b4b582b7243/datanode-6/data/ratis/edc4a03f-de98-44d3-8a5e-a05cc59351ca: Starting segment from index:0
2019-09-12 10:31:39,355 [9616c881-dbb1-48da-90dd-a872ed779a2e:group-C6F02A7447F5:LeaderElection74] INFO  impl.RaftServerImpl (RaftServerImpl.java:setRole(171)) - 9616c881-dbb1-48da-90dd-a872ed779a2e:group-C6F02A7447F5 changes role from CANDIDATE to LEADER at term 1 for changeToLeader
2019-09-12 10:31:39,355 [9616c881-dbb1-48da-90dd-a872ed779a2e:group-6BE4BDB1F8BD:LeaderElection69] INFO  server.RaftServerConfigKeys (ConfUtils.java:logGet(43)) - raft.server.watch.element-limit = 65536 (default)
2019-09-12 10:31:39,355 [b6dd7c38-f675-445e-811b-15cf17d56c0a:group-9FC0CABDF736:LeaderElection72] INFO  impl.RoleInfo (RoleInfo.java:updateAndGet(143)) - b6dd7c38-f675-445e-811b-15cf17d56c0a: start LeaderState
2019-09-12 10:31:39,354 [b6dd7c38-f675-445e-811b-15cf17d56c0a:group-937C70D4FD31:LeaderElection71] INFO  server.RaftServerConfigKeys (ConfUtils.java:logGet(43)) - raft.server.watch.element-limit = 65536 (default)
2019-09-12 10:31:39,354 [9616c881-dbb1-48da-90dd-a872ed779a2e:group-E52FAF82D551:LeaderElection73] INFO  server.RaftServerConfigKeys (ConfUtils.java:logGet(43)) - raft.server.watch.timeout = 10s (default)
2019-09-12 10:31:39,357 [b6dd7c38-f675-445e-811b-15cf17d56c0a:group-937C70D4FD31:LeaderElection71] INFO  impl.RoleInfo (RoleInfo.java:updateAndGet(143)) - b6dd7c38-f675-445e-811b-15cf17d56c0a: start LeaderState
2019-09-12 10:31:39,357 [b6dd7c38-f675-445e-811b-15cf17d56c0a:group-9FC0CABDF736:LeaderElection72] INFO  segmented.SegmentedRaftLogWorker (SegmentedRaftLogWorker.java:startLogSegment(380)) - b6dd7c38-f675-445e-811b-15cf17d56c0a-SegmentedRaftLogWorker:Storage Directory /workdir/hadoop-ozone/integration-test/target/test-dir/MiniOzoneClusterImpl-87a68f7a-76d1-4e01-bf62-4b4b582b7243/datanode-5/data/ratis/74aac41e-c0e3-4881-93c8-9fc0cabdf736: Starting segment from index:0
2019-09-12 10:31:39,357 [9616c881-dbb1-48da-90dd-a872ed779a2e:group-A05CC59351CA:LeaderElection67] INFO  impl.RaftServerImpl (ServerState.java:setRaftConf(361)) - 9616c881-dbb1-48da-90dd-a872ed779a2e:group-A05CC59351CA set configuration 0: [9616c881-dbb1-48da-90dd-a872ed779a2e:192.168.36.114:37081], old=null at 0
2019-09-12 10:31:39,678 | INFO  | SCMAudit | user=jenkins1000 | ip=192.168.36.114 | op=SEND_HEARTBEAT {datanodeUUID=c54af6f8-a22e-478f-90e1-029d14059a99, command=[]} | ret=SUCCESS |  
2019-09-12 10:31:39,678 | INFO  | SCMAudit | user=jenkins1000 | ip=192.168.36.114 | op=SEND_HEARTBEAT {datanodeUUID=ff438662-24cf-49bb-bfc5-3308ec6d286b, command=[]} | ret=SUCCESS |  
2019-09-12 10:31:39,357 [9616c881-dbb1-48da-90dd-a872ed779a2e:group-6BE4BDB1F8BD:LeaderElection69] INFO  impl.RoleInfo (RoleInfo.java:updateAndGet(143)) - 9616c881-dbb1-48da-90dd-a872ed779a2e: start LeaderState
2019-09-12 10:31:39,678 | INFO  | SCMAudit | user=jenkins1000 | ip=192.168.36.114 | op=SEND_HEARTBEAT {datanodeUUID=2cb9d557-cb56-4745-8686-5e72b62e748a, command=[]} | ret=SUCCESS |  
2019-09-12 10:31:39,357 [9616c881-dbb1-48da-90dd-a872ed779a2e:group-C6F02A7447F5:LeaderElection74] INFO  impl.RaftServerImpl (ServerState.java:setLeader(263)) - 9616c881-dbb1-48da-90dd-a872ed779a2e:group-C6F02A7447F5 change Leader from null to 9616c881-dbb1-48da-90dd-a872ed779a2e at term 1 for becomeLeader, leader elected after 5910ms
2019-09-12 10:31:39,356 [b6dd7c38-f675-445e-811b-15cf17d56c0a:group-7E742C78445B:LeaderElection70] INFO  segmented.SegmentedRaftLogWorker (SegmentedRaftLogWorker.java:startLogSegment(380)) - b6dd7c38-f675-445e-811b-15cf17d56c0a-SegmentedRaftLogWorker:Storage Directory /workdir/hadoop-ozone/integration-test/target/test-dir/MiniOzoneClusterImpl-87a68f7a-76d1-4e01-bf62-4b4b582b7243/datanode-5/data/ratis/c7e511bf-ecae-43c4-84d6-7e742c78445b: Starting segment from index:0
2019-09-12 10:31:39,683 | INFO  | SCMAudit | user=jenkins1000 | ip=192.168.36.114 | op=SEND_HEARTBEAT {datanodeUUID=accf000b-d7b7-4fa5-9682-da82c4451e10, command=[]} | ret=SUCCESS |  
2019-09-12 10:31:39,356 [b6dd7c38-f675-445e-811b-15cf17d56c0a:group-0BF7BE6248FB:LeaderElection68] INFO  segmented.SegmentedRaftLogWorker (SegmentedRaftLogWorker.java:startLogSegment(380)) - b6dd7c38-f675-445e-811b-15cf17d56c0a-SegmentedRaftLogWorker:Storage Directory /workdir/hadoop-ozone/integration-test/target/test-dir/MiniOzoneClusterImpl-87a68f7a-76d1-4e01-bf62-4b4b582b7243/datanode-5/data/ratis/fda037f3-c620-42ae-982c-0bf7be6248fb: Starting segment from index:0
2019-09-12 10:31:39,683 [9616c881-dbb1-48da-90dd-a872ed779a2e:group-C6F02A7447F5:LeaderElection74] INFO  server.RaftServerConfigKeys (ConfUtils.java:logGet(43)) - raft.server.staging.catchup.gap = 1000 (default)
2019-09-12 10:31:39,684 | INFO  | SCMAudit | user=jenkins1000 | ip=192.168.36.114 | op=SEND_HEARTBEAT {datanodeUUID=2d50b591-d6e4-490f-9fa0-973ad5423bd7, command=[]} | ret=SUCCESS |  
2019-09-12 10:31:39,683 [9616c881-dbb1-48da-90dd-a872ed779a2e:group-6BE4BDB1F8BD:LeaderElection69] INFO  segmented.SegmentedRaftLogWorker (SegmentedRaftLogWorker.java:startLogSegment(380)) - 9616c881-dbb1-48da-90dd-a872ed779a2e-SegmentedRaftLogWorker:Storage Directory /workdir/hadoop-ozone/integration-test/target/test-dir/MiniOzoneClusterImpl-87a68f7a-76d1-4e01-bf62-4b4b582b7243/datanode-6/data/ratis/b816484d-afdb-4bbe-b172-6be4bdb1f8bd: Starting segment from index:0
2019-09-12 10:31:40,584 | INFO  | SCMAudit | user=jenkins1000 | ip=192.168.36.114 | op=SEND_HEARTBEAT {datanodeUUID=eaeff1e2-de9c-4510-872d-283eb6c3c330, command=[]} | ret=SUCCESS |  
2019-09-12 10:31:40,584 | INFO  | SCMAudit | user=jenkins1000 | ip=192.168.36.114 | op=SEND_HEARTBEAT {datanodeUUID=f17b4253-95a0-4ee6-8ded-88f070f15b33, command=[]} | ret=SUCCESS |  
2019-09-12 10:31:40,584 | INFO  | SCMAudit | user=jenkins1000 | ip=192.168.36.114 | op=SEND_HEARTBEAT {datanodeUUID=c9031a36-5f7c-4098-8bea-8a46141708a6, command=[]} | ret=SUCCESS |  
2019-09-12 10:31:39,682 [b6dd7c38-f675-445e-811b-15cf17d56c0a:group-9FC0CABDF736:LeaderElection72] INFO  impl.RaftServerImpl (ServerState.java:setRaftConf(361)) - b6dd7c38-f675-445e-811b-15cf17d56c0a:group-9FC0CABDF736 set configuration 0: [b6dd7c38-f675-445e-811b-15cf17d56c0a:192.168.36.114:37534], old=null at 0
2019-09-12 10:31:40,584 | INFO  | SCMAudit | user=jenkins1000 | ip=192.168.36.114 | op=SEND_HEARTBEAT {datanodeUUID=39df7a3f-9691-48d4-a2b1-6888489a5f8a, command=[]} | ret=SUCCESS |  
2019-09-12 10:31:40,590 | INFO  | SCMAudit | user=jenkins1000 | ip=192.168.36.114 | op=SEND_HEARTBEAT {datanodeUUID=c1e71898-521f-4627-a3f1-9884c4b96ced, command=[]} | ret=SUCCESS |  
2019-09-12 10:31:39,678 [9616c881-dbb1-48da-90dd-a872ed779a2e:group-EA3377260C7E:LeaderElection75] INFO  impl.LeaderElection (LeaderElection.java:askForVotes(181)) - 9616c881-dbb1-48da-90dd-a872ed779a2e:group-EA3377260C7E:LeaderElection75: begin an election at term 1 for -1: [9616c881-dbb1-48da-90dd-a872ed779a2e:192.168.36.114:37081], old=null
2019-09-12 10:31:39,357 [b6dd7c38-f675-445e-811b-15cf17d56c0a:group-937C70D4FD31:LeaderElection71] INFO  segmented.SegmentedRaftLogWorker (SegmentedRaftLogWorker.java:startLogSegment(380)) - b6dd7c38-f675-445e-811b-15cf17d56c0a-SegmentedRaftLogWorker:Storage Directory /workdir/hadoop-ozone/integration-test/target/test-dir/MiniOzoneClusterImpl-87a68f7a-76d1-4e01-bf62-4b4b582b7243/datanode-5/data/ratis/2b03e9ab-3067-412b-a145-937c70d4fd31: Starting segment from index:0
2019-09-12 10:31:39,357 [9616c881-dbb1-48da-90dd-a872ed779a2e:group-E52FAF82D551:LeaderElection73] INFO  server.RaftServerConfigKeys (ConfUtils.java:logGet(43)) - raft.server.watch.timeout.denomination = 1s (default)
2019-09-12 10:31:40,591 [9616c881-dbb1-48da-90dd-a872ed779a2e:group-EA3377260C7E:LeaderElection75] INFO  impl.RoleInfo (RoleInfo.java:shutdownLeaderElection(134)) - 9616c881-dbb1-48da-90dd-a872ed779a2e: shutdown LeaderElection
2019-09-12 10:31:40,590 [b6dd7c38-f675-445e-811b-15cf17d56c0a:group-0BF7BE6248FB:LeaderElection68] INFO  impl.RaftServerImpl (ServerState.java:setRaftConf(361)) - b6dd7c38-f675-445e-811b-15cf17d56c0a:group-0BF7BE6248FB set configuration 0: [b6dd7c38-f675-445e-811b-15cf17d56c0a:192.168.36.114:37534], old=null at 0
2019-09-12 10:31:40,584 [c54af6f8-a22e-478f-90e1-029d14059a99-SegmentedRaftLogWorker:Storage Directory /workdir/hadoop-ozone/integration-test/target/test-dir/MiniOzoneClusterImpl-87a68f7a-76d1-4e01-bf62-4b4b582b7243/datanode-3/data/ratis/9b25e741-a815-4659-a905-5e4c629c038b] ERROR segmented.SegmentedRaftLogWorker (SegmentedRaftLogWorker.java:run(323)) - c54af6f8-a22e-478f-90e1-029d14059a99-SegmentedRaftLogWorker:Storage Directory /workdir/hadoop-ozone/integration-test/target/test-dir/MiniOzoneClusterImpl-87a68f7a-76d1-4e01-bf62-4b4b582b7243/datanode-3/data/ratis/9b25e741-a815-4659-a905-5e4c629c038b hit exception
java.lang.OutOfMemoryError: Direct buffer memory
	at java.nio.Bits.reserveMemory(Bits.java:666)
	at java.nio.DirectByteBuffer.<init>(DirectByteBuffer.java:123)
	at java.nio.ByteBuffer.allocateDirect(ByteBuffer.java:311)
	at org.apache.ratis.server.raftlog.segmented.BufferedWriteChannel.<init>(BufferedWriteChannel.java:41)
	at org.apache.ratis.server.raftlog.segmented.SegmentedRaftLogOutputStream.<init>(SegmentedRaftLogOutputStream.java:72)
	at org.apache.ratis.server.raftlog.segmented.SegmentedRaftLogWorker$StartLogSegment.execute(SegmentedRaftLogWorker.java:566)
	at org.apache.ratis.server.raftlog.segmented.SegmentedRaftLogWorker.run(SegmentedRaftLogWorker.java:289)
	at java.lang.Thread.run(Thread.java:748)
2019-09-12 10:31:39,684 [9616c881-dbb1-48da-90dd-a872ed779a2e:group-C6F02A7447F5:LeaderElection74] INFO  server.RaftServerConfigKeys (ConfUtils.java:logGet(43)) - raft.server.rpc.sleep.time = 25ms (default)
2019-09-12 10:31:39,684 [b6dd7c38-f675-445e-811b-15cf17d56c0a:group-7E742C78445B:LeaderElection70] INFO  impl.RaftServerImpl (ServerState.java:setRaftConf(361)) - b6dd7c38-f675-445e-811b-15cf17d56c0a:group-7E742C78445B set configuration 0: [b6dd7c38-f675-445e-811b-15cf17d56c0a:192.168.36.114:37534], old=null at 0
2019-09-12 10:31:40,593 [9616c881-dbb1-48da-90dd-a872ed779a2e:group-C6F02A7447F5:LeaderElection74] INFO  server.RaftServerConfigKeys (ConfUtils.java:logGet(43)) - raft.server.write.element-limit = 4096 (default)
2019-09-12 10:31:40,592 [9616c881-dbb1-48da-90dd-a872ed779a2e:group-6BE4BDB1F8BD:LeaderElection69] INFO  impl.RaftServerImpl (ServerState.java:setRaftConf(361)) - 9616c881-dbb1-48da-90dd-a872ed779a2e:group-6BE4BDB1F8BD set configuration 0: [9616c881-dbb1-48da-90dd-a872ed779a2e:192.168.36.114:37081], old=null at 0
2019-09-12 10:31:40,593 | INFO  | SCMAudit | user=jenkins1000 | ip=192.168.36.114 | op=SEND_HEARTBEAT {datanodeUUID=9616c881-dbb1-48da-90dd-a872ed779a2e, command=[]} | ret=SUCCESS |  
2019-09-12 10:31:40,615 | INFO  | SCMAudit | user=jenkins1000 | ip=192.168.36.114 | op=SEND_HEARTBEAT {datanodeUUID=b6dd7c38-f675-445e-811b-15cf17d56c0a, command=[]} | ret=SUCCESS |  
2019-09-12 10:31:40,592 [9616c881-dbb1-48da-90dd-a872ed779a2e:group-EA3377260C7E:LeaderElection75] INFO  impl.RaftServerImpl (RaftServerImpl.java:setRole(171)) - 9616c881-dbb1-48da-90dd-a872ed779a2e:group-EA3377260C7E changes role from CANDIDATE to LEADER at term 1 for changeToLeader
2019-09-12 10:31:40,591 [9616c881-dbb1-48da-90dd-a872ed779a2e:group-E52FAF82D551:LeaderElection73] INFO  server.RaftServerConfigKeys (ConfUtils.java:logGet(43)) - raft.server.watch.element-limit = 65536 (default)
2019-09-12 10:31:40,616 | INFO  | SCMAudit | user=jenkins1000 | ip=192.168.36.114 | op=SEND_HEARTBEAT {datanodeUUID=bcda0514-d42e-47ca-96fd-c0a633e872a8, command=[]} | ret=SUCCESS |  
2019-09-12 10:31:40,616 | INFO  | SCMAudit | user=jenkins1000 | ip=192.168.36.114 | op=SEND_HEARTBEAT {datanodeUUID=22ce2f4b-d517-44cf-8041-712d813e08f3, command=[]} | ret=SUCCESS |  
2019-09-12 10:31:40,615 [9616c881-dbb1-48da-90dd-a872ed779a2e:group-EA3377260C7E:LeaderElection75] INFO  impl.RaftServerImpl (ServerState.java:setLeader(263)) - 9616c881-dbb1-48da-90dd-a872ed779a2e:group-EA3377260C7E change Leader from null to 9616c881-dbb1-48da-90dd-a872ed779a2e at term 1 for becomeLeader, leader elected after 7124ms
2019-09-12 10:31:40,616 [9616c881-dbb1-48da-90dd-a872ed779a2e:group-E52FAF82D551:LeaderElection73] INFO  impl.RoleInfo (RoleInfo.java:updateAndGet(143)) - 9616c881-dbb1-48da-90dd-a872ed779a2e: start LeaderState
2019-09-12 10:31:40,615 [c54af6f8-a22e-478f-90e1-029d14059a99-SegmentedRaftLogWorker:Storage Directory /workdir/hadoop-ozone/integration-test/target/test-dir/MiniOzoneClusterImpl-87a68f7a-76d1-4e01-bf62-4b4b582b7243/datanode-3/data/ratis/9b25e741-a815-4659-a905-5e4c629c038b] INFO  impl.RaftServerImpl (RaftServerImpl.java:lambda$shutdown$3(245)) - c54af6f8-a22e-478f-90e1-029d14059a99: shutdown group-5E4C629C038B
2019-09-12 10:31:40,615 [IPC Server handler 18 on 37405] INFO  net.NetworkTopology (NetworkTopologyImpl.java:add(110)) - Added a new node: /default-rack/5dd0cd62-5770-41dd-9e5a-f3f3eedc40c1
2019-09-12 10:31:40,593 [b6dd7c38-f675-445e-811b-15cf17d56c0a:group-937C70D4FD31:LeaderElection71] INFO  impl.RaftServerImpl (ServerState.java:setRaftConf(361)) - b6dd7c38-f675-445e-811b-15cf17d56c0a:group-937C70D4FD31 set configuration 0: [b6dd7c38-f675-445e-811b-15cf17d56c0a:192.168.36.114:37534], old=null at 0
2019-09-12 10:31:40,593 [9616c881-dbb1-48da-90dd-a872ed779a2e:group-C6F02A7447F5:LeaderElection74] INFO  server.RaftServerConfigKeys (ConfUtils.java:logGet(43)) - raft.server.watch.timeout = 10s (default)
2019-09-12 10:31:40,640 [IPC Server handler 18 on 37405] INFO  node.SCMNodeManager (SCMNodeManager.java:register(273)) - Registered Data node : 5dd0cd62-5770-41dd-9e5a-f3f3eedc40c1{ip: 192.168.36.114, host: pr-hdds-1569-58hkm-1881083799, networkLocation: /default-rack, certSerialId: null}
2019-09-12 10:31:40,640 [c54af6f8-a22e-478f-90e1-029d14059a99-SegmentedRaftLogWorker:Storage Directory /workdir/hadoop-ozone/integration-test/target/test-dir/MiniOzoneClusterImpl-87a68f7a-76d1-4e01-bf62-4b4b582b7243/datanode-3/data/ratis/9b25e741-a815-4659-a905-5e4c629c038b] INFO  util.JmxRegister (JmxRegister.java:unregister(73)) - Successfully un-registered JMX Bean with object name Ratis:service=RaftServer,group=group-5E4C629C038B,id=c54af6f8-a22e-478f-90e1-029d14059a99
2019-09-12 10:31:40,623 [9616c881-dbb1-48da-90dd-a872ed779a2e:group-E52FAF82D551:LeaderElection73] INFO  segmented.SegmentedRaftLogWorker (SegmentedRaftLogWorker.java:startLogSegment(380)) - 9616c881-dbb1-48da-90dd-a872ed779a2e-SegmentedRaftLogWorker:Storage Directory /workdir/hadoop-ozone/integration-test/target/test-dir/MiniOzoneClusterImpl-87a68f7a-76d1-4e01-bf62-4b4b582b7243/datanode-6/data/ratis/80fda428-5e26-4bb6-9d06-e52faf82d551: Starting segment from index:0
2019-09-12 10:31:40,616 [9616c881-dbb1-48da-90dd-a872ed779a2e:group-EA3377260C7E:LeaderElection75] INFO  server.RaftServerConfigKeys (ConfUtils.java:logGet(43)) - raft.server.staging.catchup.gap = 1000 (default)
2019-09-12 10:31:40,616 [Datanode State Machine Thread - 0] INFO  impl.RaftServerProxy (RaftServerProxy.java:lambda$start$3(299)) - d40ec8ee-ac9e-41d6-86bd-e74a05605b85: start RPC server
2019-09-12 10:31:40,642 [9616c881-dbb1-48da-90dd-a872ed779a2e:group-EA3377260C7E:LeaderElection75] INFO  server.RaftServerConfigKeys (ConfUtils.java:logGet(43)) - raft.server.rpc.sleep.time = 25ms (default)
2019-09-12 10:31:40,641 [c54af6f8-a22e-478f-90e1-029d14059a99-SegmentedRaftLogWorker:Storage Directory /workdir/hadoop-ozone/integration-test/target/test-dir/MiniOzoneClusterImpl-87a68f7a-76d1-4e01-bf62-4b4b582b7243/datanode-3/data/ratis/9b25e741-a815-4659-a905-5e4c629c038b] INFO  impl.RoleInfo (RoleInfo.java:shutdownLeaderState(104)) - c54af6f8-a22e-478f-90e1-029d14059a99: shutdown LeaderState
2019-09-12 10:31:40,641 [9616c881-dbb1-48da-90dd-a872ed779a2e:group-C6F02A7447F5:LeaderElection74] INFO  server.RaftServerConfigKeys (ConfUtils.java:logGet(43)) - raft.server.watch.timeout.denomination = 1s (default)
2019-09-12 10:31:40,642 [9616c881-dbb1-48da-90dd-a872ed779a2e:group-C6F02A7447F5:LeaderElection74] INFO  server.RaftServerConfigKeys (ConfUtils.java:logGet(43)) - raft.server.watch.element-limit = 65536 (default)
2019-09-12 10:31:40,642 [9616c881-dbb1-48da-90dd-a872ed779a2e:group-E52FAF82D551:LeaderElection73] INFO  impl.RaftServerImpl (ServerState.java:setRaftConf(361)) - 9616c881-dbb1-48da-90dd-a872ed779a2e:group-E52FAF82D551 set configuration 0: [9616c881-dbb1-48da-90dd-a872ed779a2e:192.168.36.114:37081], old=null at 0
2019-09-12 10:31:40,643 [9616c881-dbb1-48da-90dd-a872ed779a2e:group-C6F02A7447F5:LeaderElection74] INFO  impl.RoleInfo (RoleInfo.java:updateAndGet(143)) - 9616c881-dbb1-48da-90dd-a872ed779a2e: start LeaderState
2019-09-12 10:31:40,643 [Datanode State Machine Thread - 0] INFO  server.GrpcService (GrpcService.java:startImpl(149)) - d40ec8ee-ac9e-41d6-86bd-e74a05605b85: GrpcService started, listening on 0.0.0.0/0.0.0.0:33446
2019-09-12 10:31:40,643 [9616c881-dbb1-48da-90dd-a872ed779a2e:group-C6F02A7447F5:LeaderElection74] INFO  segmented.SegmentedRaftLogWorker (SegmentedRaftLogWorker.java:startLogSegment(380)) - 9616c881-dbb1-48da-90dd-a872ed779a2e-SegmentedRaftLogWorker:Storage Directory /workdir/hadoop-ozone/integration-test/target/test-dir/MiniOzoneClusterImpl-87a68f7a-76d1-4e01-bf62-4b4b582b7243/datanode-6/data/ratis/908df263-251a-4de7-8d9c-c6f02a7447f5: Starting segment from index:0
2019-09-12 10:31:41,020 | INFO  | SCMAudit | user=jenkins1000 | ip=192.168.36.114 | op=SEND_HEARTBEAT {datanodeUUID=2d50b591-d6e4-490f-9fa0-973ad5423bd7, command=[]} | ret=SUCCESS |  
2019-09-12 10:31:41,020 | INFO  | SCMAudit | user=jenkins1000 | ip=192.168.36.114 | op=SEND_HEARTBEAT {datanodeUUID=accf000b-d7b7-4fa5-9682-da82c4451e10, command=[]} | ret=SUCCESS |  
2019-09-12 10:31:41,020 | INFO  | SCMAudit | user=jenkins1000 | ip=192.168.36.114 | op=SEND_HEARTBEAT {datanodeUUID=2cb9d557-cb56-4745-8686-5e72b62e748a, command=[]} | ret=SUCCESS |  
2019-09-12 10:31:41,021 | INFO  | SCMAudit | user=jenkins1000 | ip=192.168.36.114 | op=SEND_HEARTBEAT {datanodeUUID=ff438662-24cf-49bb-bfc5-3308ec6d286b, command=[]} | ret=SUCCESS |  
2019-09-12 10:31:41,020 | INFO  | SCMAudit | user=jenkins1000 | ip=192.168.36.114 | op=SEND_HEARTBEAT {datanodeUUID=c54af6f8-a22e-478f-90e1-029d14059a99, command=[]} | ret=SUCCESS |  
2019-09-12 10:31:41,026 | INFO  | SCMAudit | user=jenkins1000 | ip=192.168.36.114 | op=REGISTER {datanodeDetails=5dd0cd62-5770-41dd-9e5a-f3f3eedc40c1{ip: 192.168.36.114, host: pr-hdds-1569-58hkm-1881083799, networkLocation: /default-rack, certSerialId: null}} | ret=SUCCESS |  
2019-09-12 10:31:41,018 [Datanode State Machine Thread - 0] INFO  impl.RaftServerProxy (RaftServerProxy.java:lambda$start$3(299)) - caccd92c-2544-4e02-86cf-95849f240c1b: start RPC server
2019-09-12 10:31:41,018 [c54af6f8-a22e-478f-90e1-029d14059a99-SegmentedRaftLogWorker:Storage Directory /workdir/hadoop-ozone/integration-test/target/test-dir/MiniOzoneClusterImpl-87a68f7a-76d1-4e01-bf62-4b4b582b7243/datanode-3/data/ratis/984af9e5-265b-4280-b567-c74351621902] ERROR segmented.SegmentedRaftLogWorker (SegmentedRaftLogWorker.java:run(323)) - c54af6f8-a22e-478f-90e1-029d14059a99-SegmentedRaftLogWorker:Storage Directory /workdir/hadoop-ozone/integration-test/target/test-dir/MiniOzoneClusterImpl-87a68f7a-76d1-4e01-bf62-4b4b582b7243/datanode-3/data/ratis/984af9e5-265b-4280-b567-c74351621902 hit exception
java.lang.OutOfMemoryError: Direct buffer memory
	at java.nio.Bits.reserveMemory(Bits.java:666)
	at java.nio.DirectByteBuffer.<init>(DirectByteBuffer.java:123)
	at java.nio.ByteBuffer.allocateDirect(ByteBuffer.java:311)
	at org.apache.ratis.server.raftlog.segmented.BufferedWriteChannel.<init>(BufferedWriteChannel.java:41)
	at org.apache.ratis.server.raftlog.segmented.SegmentedRaftLogOutputStream.<init>(SegmentedRaftLogOutputStream.java:72)
	at org.apache.ratis.server.raftlog.segmented.SegmentedRaftLogWorker$StartLogSegment.execute(SegmentedRaftLogWorker.java:566)
	at org.apache.ratis.server.raftlog.segmented.SegmentedRaftLogWorker.run(SegmentedRaftLogWorker.java:289)
	at java.lang.Thread.run(Thread.java:748)
2019-09-12 10:31:40,643 [Datanode State Machine Thread - 0] INFO  ratis.XceiverServerRatis (XceiverServerRatis.java:start(414)) - XceiverServerRatis d40ec8ee-ac9e-41d6-86bd-e74a05605b85 is started using port 33446
2019-09-12 10:31:41,411 [Datanode State Machine Thread - 0] INFO  impl.RaftServerProxy (RaftServerProxy.java:lambda$start$3(299)) - 334c5273-7871-4d53-8b37-de05e5a3be10: start RPC server
2019-09-12 10:31:41,410 [c54af6f8-a22e-478f-90e1-029d14059a99-SegmentedRaftLogWorker:Storage Directory /workdir/hadoop-ozone/integration-test/target/test-dir/MiniOzoneClusterImpl-87a68f7a-76d1-4e01-bf62-4b4b582b7243/datanode-3/data/ratis/984af9e5-265b-4280-b567-c74351621902] INFO  impl.RaftServerImpl (RaftServerImpl.java:lambda$shutdown$3(245)) - c54af6f8-a22e-478f-90e1-029d14059a99: shutdown group-C74351621902
2019-09-12 10:31:41,404 [bcda0514-d42e-47ca-96fd-c0a633e872a8-SegmentedRaftLogWorker:Storage Directory /workdir/hadoop-ozone/integration-test/target/test-dir/MiniOzoneClusterImpl-87a68f7a-76d1-4e01-bf62-4b4b582b7243/datanode-4/data/ratis/0aabf2eb-bf50-4967-ad7b-adf8bd8a210a] ERROR segmented.SegmentedRaftLogWorker (SegmentedRaftLogWorker.java:run(323)) - bcda0514-d42e-47ca-96fd-c0a633e872a8-SegmentedRaftLogWorker:Storage Directory /workdir/hadoop-ozone/integration-test/target/test-dir/MiniOzoneClusterImpl-87a68f7a-76d1-4e01-bf62-4b4b582b7243/datanode-4/data/ratis/0aabf2eb-bf50-4967-ad7b-adf8bd8a210a hit exception
java.lang.OutOfMemoryError: Direct buffer memory
	at java.nio.Bits.reserveMemory(Bits.java:666)
	at java.nio.DirectByteBuffer.<init>(DirectByteBuffer.java:123)
	at java.nio.ByteBuffer.allocateDirect(ByteBuffer.java:311)
	at org.apache.ratis.server.raftlog.segmented.BufferedWriteChannel.<init>(BufferedWriteChannel.java:41)
	at org.apache.ratis.server.raftlog.segmented.SegmentedRaftLogOutputStream.<init>(SegmentedRaftLogOutputStream.java:72)
	at org.apache.ratis.server.raftlog.segmented.SegmentedRaftLogWorker$StartLogSegment.execute(SegmentedRaftLogWorker.java:566)
	at org.apache.ratis.server.raftlog.segmented.SegmentedRaftLogWorker.run(SegmentedRaftLogWorker.java:289)
	at java.lang.Thread.run(Thread.java:748)
2019-09-12 10:31:41,411 [bcda0514-d42e-47ca-96fd-c0a633e872a8-SegmentedRaftLogWorker:Storage Directory /workdir/hadoop-ozone/integration-test/target/test-dir/MiniOzoneClusterImpl-87a68f7a-76d1-4e01-bf62-4b4b582b7243/datanode-4/data/ratis/0aabf2eb-bf50-4967-ad7b-adf8bd8a210a] INFO  impl.RaftServerImpl (RaftServerImpl.java:lambda$shutdown$3(245)) - bcda0514-d42e-47ca-96fd-c0a633e872a8: shutdown group-ADF8BD8A210A
2019-09-12 10:31:41,404 [bcda0514-d42e-47ca-96fd-c0a633e872a8-SegmentedRaftLogWorker:Storage Directory /workdir/hadoop-ozone/integration-test/target/test-dir/MiniOzoneClusterImpl-87a68f7a-76d1-4e01-bf62-4b4b582b7243/datanode-4/data/ratis/3593b1ce-a24a-4376-8f5e-7efd1b472893] ERROR segmented.SegmentedRaftLogWorker (SegmentedRaftLogWorker.java:run(323)) - bcda0514-d42e-47ca-96fd-c0a633e872a8-SegmentedRaftLogWorker:Storage Directory /workdir/hadoop-ozone/integration-test/target/test-dir/MiniOzoneClusterImpl-87a68f7a-76d1-4e01-bf62-4b4b582b7243/datanode-4/data/ratis/3593b1ce-a24a-4376-8f5e-7efd1b472893 hit exception
java.lang.OutOfMemoryError: Direct buffer memory
	at java.nio.Bits.reserveMemory(Bits.java:666)
	at java.nio.DirectByteBuffer.<init>(DirectByteBuffer.java:123)
	at java.nio.ByteBuffer.allocateDirect(ByteBuffer.java:311)
	at org.apache.ratis.server.raftlog.segmented.BufferedWriteChannel.<init>(BufferedWriteChannel.java:41)
	at org.apache.ratis.server.raftlog.segmented.SegmentedRaftLogOutputStream.<init>(SegmentedRaftLogOutputStream.java:72)
	at org.apache.ratis.server.raftlog.segmented.SegmentedRaftLogWorker$StartLogSegment.execute(SegmentedRaftLogWorker.java:566)
	at org.apache.ratis.server.raftlog.segmented.SegmentedRaftLogWorker.run(SegmentedRaftLogWorker.java:289)
	at java.lang.Thread.run(Thread.java:748)
2019-09-12 10:31:41,454 [bcda0514-d42e-47ca-96fd-c0a633e872a8-SegmentedRaftLogWorker:Storage Directory /workdir/hadoop-ozone/integration-test/target/test-dir/MiniOzoneClusterImpl-87a68f7a-76d1-4e01-bf62-4b4b582b7243/datanode-4/data/ratis/3593b1ce-a24a-4376-8f5e-7efd1b472893] INFO  impl.RaftServerImpl (RaftServerImpl.java:lambda$shutdown$3(245)) - bcda0514-d42e-47ca-96fd-c0a633e872a8: shutdown group-7EFD1B472893
2019-09-12 10:31:41,026 [grpc-default-executor-0] INFO  impl.RaftServerProxy (RaftServerProxy.java:addNew(89)) - 5dd0cd62-5770-41dd-9e5a-f3f3eedc40c1: addNew group-7DEB0E175AFA:[5dd0cd62-5770-41dd-9e5a-f3f3eedc40c1:192.168.36.114:42730] returns group-7DEB0E175AFA:java.util.concurrent.CompletableFuture@58d899eb[Not completed]
2019-09-12 10:31:41,021 [9616c881-dbb1-48da-90dd-a872ed779a2e:group-EA3377260C7E:LeaderElection75] INFO  server.RaftServerConfigKeys (ConfUtils.java:logGet(43)) - raft.server.write.element-limit = 4096 (default)
2019-09-12 10:31:41,455 [pool-218-thread-1] INFO  impl.RaftServerImpl (RaftServerImpl.java:<init>(93)) - 5dd0cd62-5770-41dd-9e5a-f3f3eedc40c1: new RaftServerImpl for group-7DEB0E175AFA:[5dd0cd62-5770-41dd-9e5a-f3f3eedc40c1:192.168.36.114:42730] with ContainerStateMachine:uninitialized
2019-09-12 10:31:41,021 [EventQueue-NodeRegistrationContainerReportForDataNodeSafeModeRule] INFO  safemode.SCMSafeModeManager (DataNodeSafeModeRule.java:process(71)) - SCM in safe mode. 1 DataNodes registered, 1 required.
2019-09-12 10:31:41,455 [pool-218-thread-1] INFO  server.RaftServerConfigKeys (ConfUtils.java:logGet(43)) - raft.server.rpc.timeout.min = 5s (custom)
2019-09-12 10:31:41,455 [9616c881-dbb1-48da-90dd-a872ed779a2e:group-EA3377260C7E:LeaderElection75] INFO  server.RaftServerConfigKeys (ConfUtils.java:logGet(43)) - raft.server.watch.timeout = 10s (default)
2019-09-12 10:31:41,454 [bcda0514-d42e-47ca-96fd-c0a633e872a8-SegmentedRaftLogWorker:Storage Directory /workdir/hadoop-ozone/integration-test/target/test-dir/MiniOzoneClusterImpl-87a68f7a-76d1-4e01-bf62-4b4b582b7243/datanode-4/data/ratis/3593b1ce-a24a-4376-8f5e-7efd1b472893] INFO  util.JmxRegister (JmxRegister.java:unregister(73)) - Successfully un-registered JMX Bean with object name Ratis:service=RaftServer,group=group-7EFD1B472893,id=bcda0514-d42e-47ca-96fd-c0a633e872a8
2019-09-12 10:31:41,461 [bcda0514-d42e-47ca-96fd-c0a633e872a8-SegmentedRaftLogWorker:Storage Directory /workdir/hadoop-ozone/integration-test/target/test-dir/MiniOzoneClusterImpl-87a68f7a-76d1-4e01-bf62-4b4b582b7243/datanode-4/data/ratis/3593b1ce-a24a-4376-8f5e-7efd1b472893] INFO  impl.RoleInfo (RoleInfo.java:shutdownLeaderState(104)) - bcda0514-d42e-47ca-96fd-c0a633e872a8: shutdown LeaderState
2019-09-12 10:31:41,454 [bcda0514-d42e-47ca-96fd-c0a633e872a8-SegmentedRaftLogWorker:Storage Directory /workdir/hadoop-ozone/integration-test/target/test-dir/MiniOzoneClusterImpl-87a68f7a-76d1-4e01-bf62-4b4b582b7243/datanode-4/data/ratis/0aabf2eb-bf50-4967-ad7b-adf8bd8a210a] INFO  util.JmxRegister (JmxRegister.java:unregister(73)) - Successfully un-registered JMX Bean with object name Ratis:service=RaftServer,group=group-ADF8BD8A210A,id=bcda0514-d42e-47ca-96fd-c0a633e872a8
2019-09-12 10:31:41,454 [Datanode State Machine Thread - 0] INFO  server.GrpcService (GrpcService.java:startImpl(149)) - 334c5273-7871-4d53-8b37-de05e5a3be10: GrpcService started, listening on 0.0.0.0/0.0.0.0:43431
2019-09-12 10:31:41,411 [c54af6f8-a22e-478f-90e1-029d14059a99-SegmentedRaftLogWorker:Storage Directory /workdir/hadoop-ozone/integration-test/target/test-dir/MiniOzoneClusterImpl-87a68f7a-76d1-4e01-bf62-4b4b582b7243/datanode-3/data/ratis/984af9e5-265b-4280-b567-c74351621902] INFO  util.JmxRegister (JmxRegister.java:unregister(73)) - Successfully un-registered JMX Bean with object name Ratis:service=RaftServer,group=group-C74351621902,id=c54af6f8-a22e-478f-90e1-029d14059a99
2019-09-12 10:31:41,411 [Datanode State Machine Thread - 0] INFO  server.XceiverServerGrpc (XceiverServerGrpc.java:start(163)) - XceiverServerGrpc d40ec8ee-ac9e-41d6-86bd-e74a05605b85 is started using port 34581
2019-09-12 10:31:41,411 [Datanode State Machine Thread - 0] INFO  server.GrpcService (GrpcService.java:startImpl(149)) - caccd92c-2544-4e02-86cf-95849f240c1b: GrpcService started, listening on 0.0.0.0/0.0.0.0:37072
2019-09-12 10:31:41,466 [Datanode State Machine Thread - 0] INFO  ratis.XceiverServerRatis (XceiverServerRatis.java:start(414)) - XceiverServerRatis caccd92c-2544-4e02-86cf-95849f240c1b is started using port 37072
2019-09-12 10:31:41,411 [c54af6f8-a22e-478f-90e1-029d14059a99-SegmentedRaftLogWorker:Storage Directory /workdir/hadoop-ozone/integration-test/target/test-dir/MiniOzoneClusterImpl-87a68f7a-76d1-4e01-bf62-4b4b582b7243/datanode-3/data/ratis/9b25e741-a815-4659-a905-5e4c629c038b] INFO  impl.PendingRequests (PendingRequests.java:sendNotLeaderResponses(202)) - c54af6f8-a22e-478f-90e1-029d14059a99-PendingRequests: sendNotLeaderResponses
2019-09-12 10:31:41,411 [9616c881-dbb1-48da-90dd-a872ed779a2e:group-C6F02A7447F5:LeaderElection74] INFO  impl.RaftServerImpl (ServerState.java:setRaftConf(361)) - 9616c881-dbb1-48da-90dd-a872ed779a2e:group-C6F02A7447F5 set configuration 0: [9616c881-dbb1-48da-90dd-a872ed779a2e:192.168.36.114:37081], old=null at 0
2019-09-12 10:31:41,465 [c54af6f8-a22e-478f-90e1-029d14059a99-SegmentedRaftLogWorker:Storage Directory /workdir/hadoop-ozone/integration-test/target/test-dir/MiniOzoneClusterImpl-87a68f7a-76d1-4e01-bf62-4b4b582b7243/datanode-3/data/ratis/984af9e5-265b-4280-b567-c74351621902] INFO  impl.RoleInfo (RoleInfo.java:shutdownLeaderState(104)) - c54af6f8-a22e-478f-90e1-029d14059a99: shutdown LeaderState
2019-09-12 10:31:41,465 [Datanode State Machine Thread - 0] INFO  ratis.XceiverServerRatis (XceiverServerRatis.java:start(414)) - XceiverServerRatis 334c5273-7871-4d53-8b37-de05e5a3be10 is started using port 43431
2019-09-12 10:31:41,465 [bcda0514-d42e-47ca-96fd-c0a633e872a8-SegmentedRaftLogWorker:Storage Directory /workdir/hadoop-ozone/integration-test/target/test-dir/MiniOzoneClusterImpl-87a68f7a-76d1-4e01-bf62-4b4b582b7243/datanode-4/data/ratis/0aabf2eb-bf50-4967-ad7b-adf8bd8a210a] INFO  impl.RoleInfo (RoleInfo.java:shutdownLeaderState(104)) - bcda0514-d42e-47ca-96fd-c0a633e872a8: shutdown LeaderState
2019-09-12 10:31:41,461 [bcda0514-d42e-47ca-96fd-c0a633e872a8-SegmentedRaftLogWorker:Storage Directory /workdir/hadoop-ozone/integration-test/target/test-dir/MiniOzoneClusterImpl-87a68f7a-76d1-4e01-bf62-4b4b582b7243/datanode-4/data/ratis/3593b1ce-a24a-4376-8f5e-7efd1b472893] INFO  impl.PendingRequests (PendingRequests.java:sendNotLeaderResponses(202)) - bcda0514-d42e-47ca-96fd-c0a633e872a8-PendingRequests: sendNotLeaderResponses
2019-09-12 10:31:41,461 [9616c881-dbb1-48da-90dd-a872ed779a2e:group-EA3377260C7E:LeaderElection75] INFO  server.RaftServerConfigKeys (ConfUtils.java:logGet(43)) - raft.server.watch.timeout.denomination = 1s (default)
2019-09-12 10:31:41,461 [pool-218-thread-1] INFO  server.RaftServerConfigKeys (ConfUtils.java:logGet(43)) - raft.server.rpc.timeout.max = 5200ms (custom)
2019-09-12 10:31:41,467 [pool-218-thread-1] INFO  server.RaftServerConfigKeys (ConfUtils.java:logGet(43)) - raft.server.rpcslowness.timeout = 120s (custom)
2019-09-12 10:31:41,461 [EventQueue-NodeRegistrationContainerReportForDataNodeSafeModeRule] INFO  safemode.SCMSafeModeManager (SCMSafeModeManager.java:validateSafeModeExitRules(177)) - ScmSafeModeManager, all rules are successfully validated
2019-09-12 10:31:41,467 [EventQueue-NodeRegistrationContainerReportForDataNodeSafeModeRule] INFO  safemode.SCMSafeModeManager (SCMSafeModeManager.java:exitSafeMode(193)) - SCM exiting safe mode.
2019-09-12 10:31:41,467 [pool-218-thread-1] INFO  server.RaftServerConfigKeys (ConfUtils.java:logGet(43)) - raft.server.sleep.deviation.threshold = 300 (default)
2019-09-12 10:31:41,467 [Datanode State Machine Thread - 0] INFO  server.XceiverServerGrpc (XceiverServerGrpc.java:start(163)) - XceiverServerGrpc 334c5273-7871-4d53-8b37-de05e5a3be10 is started using port 36647
2019-09-12 10:31:41,467 [9616c881-dbb1-48da-90dd-a872ed779a2e:group-EA3377260C7E:LeaderElection75] INFO  server.RaftServerConfigKeys (ConfUtils.java:logGet(43)) - raft.server.watch.element-limit = 65536 (default)
2019-09-12 10:31:41,467 [bcda0514-d42e-47ca-96fd-c0a633e872a8-SegmentedRaftLogWorker:Storage Directory /workdir/hadoop-ozone/integration-test/target/test-dir/MiniOzoneClusterImpl-87a68f7a-76d1-4e01-bf62-4b4b582b7243/datanode-4/data/ratis/0aabf2eb-bf50-4967-ad7b-adf8bd8a210a] INFO  impl.PendingRequests (PendingRequests.java:sendNotLeaderResponses(202)) - bcda0514-d42e-47ca-96fd-c0a633e872a8-PendingRequests: sendNotLeaderResponses
2019-09-12 10:31:41,468 [9616c881-dbb1-48da-90dd-a872ed779a2e:group-EA3377260C7E:LeaderElection75] INFO  impl.RoleInfo (RoleInfo.java:updateAndGet(143)) - 9616c881-dbb1-48da-90dd-a872ed779a2e: start LeaderState
2019-09-12 10:31:41,466 [c54af6f8-a22e-478f-90e1-029d14059a99-SegmentedRaftLogWorker:Storage Directory /workdir/hadoop-ozone/integration-test/target/test-dir/MiniOzoneClusterImpl-87a68f7a-76d1-4e01-bf62-4b4b582b7243/datanode-3/data/ratis/984af9e5-265b-4280-b567-c74351621902] INFO  impl.PendingRequests (PendingRequests.java:sendNotLeaderResponses(202)) - c54af6f8-a22e-478f-90e1-029d14059a99-PendingRequests: sendNotLeaderResponses
2019-09-12 10:31:41,469 [9616c881-dbb1-48da-90dd-a872ed779a2e:group-EA3377260C7E:LeaderElection75] INFO  segmented.SegmentedRaftLogWorker (SegmentedRaftLogWorker.java:startLogSegment(380)) - 9616c881-dbb1-48da-90dd-a872ed779a2e-SegmentedRaftLogWorker:Storage Directory /workdir/hadoop-ozone/integration-test/target/test-dir/MiniOzoneClusterImpl-87a68f7a-76d1-4e01-bf62-4b4b582b7243/datanode-6/data/ratis/2d69097b-9de3-4c54-a0b6-ea3377260c7e: Starting segment from index:0
2019-09-12 10:31:41,466 [Datanode State Machine Thread - 0] INFO  server.XceiverServerGrpc (XceiverServerGrpc.java:start(163)) - XceiverServerGrpc caccd92c-2544-4e02-86cf-95849f240c1b is started using port 38964
2019-09-12 10:31:41,485 [c54af6f8-a22e-478f-90e1-029d14059a99-SegmentedRaftLogWorker:Storage Directory /workdir/hadoop-ozone/integration-test/target/test-dir/MiniOzoneClusterImpl-87a68f7a-76d1-4e01-bf62-4b4b582b7243/datanode-3/data/ratis/984af9e5-265b-4280-b567-c74351621902] INFO  impl.StateMachineUpdater (StateMachineUpdater.java:stopAndJoin(115)) - StateMachineUpdater:c54af6f8-a22e-478f-90e1-029d14059a99:group-C74351621902: set stopIndex = -1
2019-09-12 10:31:41,469 [c54af6f8-a22e-478f-90e1-029d14059a99-SegmentedRaftLogWorker:Storage Directory /workdir/hadoop-ozone/integration-test/target/test-dir/MiniOzoneClusterImpl-87a68f7a-76d1-4e01-bf62-4b4b582b7243/datanode-3/data/ratis/9b25e741-a815-4659-a905-5e4c629c038b] INFO  impl.StateMachineUpdater (StateMachineUpdater.java:stopAndJoin(115)) - StateMachineUpdater:c54af6f8-a22e-478f-90e1-029d14059a99:group-5E4C629C038B: set stopIndex = -1
2019-09-12 10:31:41,493 [c54af6f8-a22e-478f-90e1-029d14059a99-SegmentedRaftLogWorker:Storage Directory /workdir/hadoop-ozone/integration-test/target/test-dir/MiniOzoneClusterImpl-87a68f7a-76d1-4e01-bf62-4b4b582b7243/datanode-3/data/ratis/9b25e741-a815-4659-a905-5e4c629c038b] INFO  impl.RaftServerImpl (ServerState.java:close(394)) - c54af6f8-a22e-478f-90e1-029d14059a99:group-5E4C629C038B closes. The last applied log index is -1
2019-09-12 10:31:41,469 [bcda0514-d42e-47ca-96fd-c0a633e872a8-SegmentedRaftLogWorker:Storage Directory /workdir/hadoop-ozone/integration-test/target/test-dir/MiniOzoneClusterImpl-87a68f7a-76d1-4e01-bf62-4b4b582b7243/datanode-4/data/ratis/3593b1ce-a24a-4376-8f5e-7efd1b472893] INFO  impl.StateMachineUpdater (StateMachineUpdater.java:stopAndJoin(115)) - StateMachineUpdater:bcda0514-d42e-47ca-96fd-c0a633e872a8:group-7EFD1B472893: set stopIndex = -1
2019-09-12 10:31:41,469 [bcda0514-d42e-47ca-96fd-c0a633e872a8-SegmentedRaftLogWorker:Storage Directory /workdir/hadoop-ozone/integration-test/target/test-dir/MiniOzoneClusterImpl-87a68f7a-76d1-4e01-bf62-4b4b582b7243/datanode-4/data/ratis/0aabf2eb-bf50-4967-ad7b-adf8bd8a210a] INFO  impl.StateMachineUpdater (StateMachineUpdater.java:stopAndJoin(115)) - StateMachineUpdater:bcda0514-d42e-47ca-96fd-c0a633e872a8:group-ADF8BD8A210A: set stopIndex = -1
2019-09-12 10:31:41,514 [bcda0514-d42e-47ca-96fd-c0a633e872a8-SegmentedRaftLogWorker:Storage Directory /workdir/hadoop-ozone/integration-test/target/test-dir/MiniOzoneClusterImpl-87a68f7a-76d1-4e01-bf62-4b4b582b7243/datanode-4/data/ratis/0aabf2eb-bf50-4967-ad7b-adf8bd8a210a] INFO  impl.RaftServerImpl (ServerState.java:close(394)) - bcda0514-d42e-47ca-96fd-c0a633e872a8:group-ADF8BD8A210A closes. The last applied log index is -1
2019-09-12 10:31:41,468 [pool-218-thread-1] INFO  server.RaftServerConfigKeys (ConfUtils.java:logGet(43)) - raft.server.log.appender.install.snapshot.enabled = false (custom)
2019-09-12 10:31:41,514 [bcda0514-d42e-47ca-96fd-c0a633e872a8-SegmentedRaftLogWorker:Storage Directory /workdir/hadoop-ozone/integration-test/target/test-dir/MiniOzoneClusterImpl-87a68f7a-76d1-4e01-bf62-4b4b582b7243/datanode-4/data/ratis/3593b1ce-a24a-4376-8f5e-7efd1b472893] INFO  impl.RaftServerImpl (ServerState.java:close(394)) - bcda0514-d42e-47ca-96fd-c0a633e872a8:group-7EFD1B472893 closes. The last applied log index is -1
2019-09-12 10:31:41,485 [9616c881-dbb1-48da-90dd-a872ed779a2e:group-EA3377260C7E:LeaderElection75] INFO  impl.RaftServerImpl (ServerState.java:setRaftConf(361)) - 9616c881-dbb1-48da-90dd-a872ed779a2e:group-EA3377260C7E set configuration 0: [9616c881-dbb1-48da-90dd-a872ed779a2e:192.168.36.114:37081], old=null at 0
2019-09-12 10:31:41,485 [c54af6f8-a22e-478f-90e1-029d14059a99-SegmentedRaftLogWorker:Storage Directory /workdir/hadoop-ozone/integration-test/target/test-dir/MiniOzoneClusterImpl-87a68f7a-76d1-4e01-bf62-4b4b582b7243/datanode-3/data/ratis/984af9e5-265b-4280-b567-c74351621902] INFO  impl.RaftServerImpl (ServerState.java:close(394)) - c54af6f8-a22e-478f-90e1-029d14059a99:group-C74351621902 closes. The last applied log index is -1
2019-09-12 10:31:41,514 [pool-218-thread-1] INFO  impl.RaftServerImpl (ServerState.java:<init>(105)) - 5dd0cd62-5770-41dd-9e5a-f3f3eedc40c1:group-7DEB0E175AFA ConfigurationManager, init=-1: [5dd0cd62-5770-41dd-9e5a-f3f3eedc40c1:192.168.36.114:42730], old=null, confs=<EMPTY_MAP>
2019-09-12 10:31:41,515 [pool-218-thread-1] INFO  server.RaftServerConfigKeys (ConfUtils.java:logGet(43)) - raft.server.storage.dir = [/workdir/hadoop-ozone/integration-test/target/test-dir/MiniOzoneClusterImpl-d867a4e1-154a-4113-b5e4-c09c14df2894/datanode-0/data/ratis] (custom)
2019-09-12 10:31:41,516 [bcda0514-d42e-47ca-96fd-c0a633e872a8-SegmentedRaftLogWorker:Storage Directory /workdir/hadoop-ozone/integration-test/target/test-dir/MiniOzoneClusterImpl-87a68f7a-76d1-4e01-bf62-4b4b582b7243/datanode-4/data/ratis/0aabf2eb-bf50-4967-ad7b-adf8bd8a210a] INFO  segmented.SegmentedRaftLogWorker (SegmentedRaftLogWorker.java:close(228)) - bcda0514-d42e-47ca-96fd-c0a633e872a8-SegmentedRaftLogWorker:Storage Directory /workdir/hadoop-ozone/integration-test/target/test-dir/MiniOzoneClusterImpl-87a68f7a-76d1-4e01-bf62-4b4b582b7243/datanode-4/data/ratis/0aabf2eb-bf50-4967-ad7b-adf8bd8a210a close()
2019-09-12 10:31:41,516 [c54af6f8-a22e-478f-90e1-029d14059a99-SegmentedRaftLogWorker:Storage Directory /workdir/hadoop-ozone/integration-test/target/test-dir/MiniOzoneClusterImpl-87a68f7a-76d1-4e01-bf62-4b4b582b7243/datanode-3/data/ratis/984af9e5-265b-4280-b567-c74351621902] INFO  segmented.SegmentedRaftLogWorker (SegmentedRaftLogWorker.java:close(228)) - c54af6f8-a22e-478f-90e1-029d14059a99-SegmentedRaftLogWorker:Storage Directory /workdir/hadoop-ozone/integration-test/target/test-dir/MiniOzoneClusterImpl-87a68f7a-76d1-4e01-bf62-4b4b582b7243/datanode-3/data/ratis/984af9e5-265b-4280-b567-c74351621902 close()
2019-09-12 10:31:41,516 [bcda0514-d42e-47ca-96fd-c0a633e872a8-SegmentedRaftLogWorker:Storage Directory /workdir/hadoop-ozone/integration-test/target/test-dir/MiniOzoneClusterImpl-87a68f7a-76d1-4e01-bf62-4b4b582b7243/datanode-4/data/ratis/3593b1ce-a24a-4376-8f5e-7efd1b472893] INFO  segmented.SegmentedRaftLogWorker (SegmentedRaftLogWorker.java:close(228)) - bcda0514-d42e-47ca-96fd-c0a633e872a8-SegmentedRaftLogWorker:Storage Directory /workdir/hadoop-ozone/integration-test/target/test-dir/MiniOzoneClusterImpl-87a68f7a-76d1-4e01-bf62-4b4b582b7243/datanode-4/data/ratis/3593b1ce-a24a-4376-8f5e-7efd1b472893 close()
2019-09-12 10:31:41,516 [pool-218-thread-1] INFO  storage.RaftStorageDirectory (RaftStorageDirectory.java:analyzeStorage(246)) - The storage directory /workdir/hadoop-ozone/integration-test/target/test-dir/MiniOzoneClusterImpl-d867a4e1-154a-4113-b5e4-c09c14df2894/datanode-0/data/ratis/d613fabe-3b8b-4e53-872f-7deb0e175afa does not exist. Creating ...
2019-09-12 10:31:41,516 [c54af6f8-a22e-478f-90e1-029d14059a99-SegmentedRaftLogWorker:Storage Directory /workdir/hadoop-ozone/integration-test/target/test-dir/MiniOzoneClusterImpl-87a68f7a-76d1-4e01-bf62-4b4b582b7243/datanode-3/data/ratis/9b25e741-a815-4659-a905-5e4c629c038b] INFO  segmented.SegmentedRaftLogWorker (SegmentedRaftLogWorker.java:close(228)) - c54af6f8-a22e-478f-90e1-029d14059a99-SegmentedRaftLogWorker:Storage Directory /workdir/hadoop-ozone/integration-test/target/test-dir/MiniOzoneClusterImpl-87a68f7a-76d1-4e01-bf62-4b4b582b7243/datanode-3/data/ratis/9b25e741-a815-4659-a905-5e4c629c038b close()
2019-09-12 10:31:41,571 [main] INFO  handler.ContextHandler (ContextHandler.java:doStart(781)) - Started o.e.j.w.WebAppContext@55202ba6{/,file:///tmp/jetty-0.0.0.0-36990-hddsDatanode-_-any-1133049018629661064.dir/webapp/,AVAILABLE}{/hddsDatanode}
2019-09-12 10:31:41,571 [main] INFO  server.AbstractConnector (AbstractConnector.java:doStart(278)) - Started ServerConnector@2ef1fc8a{HTTP/1.1,[http/1.1]}{0.0.0.0:36990}
2019-09-12 10:31:41,577 [pool-218-thread-1] INFO  storage.RaftStorageDirectory (RaftStorageDirectory.java:tryLock(328)) - Lock on /workdir/hadoop-ozone/integration-test/target/test-dir/MiniOzoneClusterImpl-d867a4e1-154a-4113-b5e4-c09c14df2894/datanode-0/data/ratis/d613fabe-3b8b-4e53-872f-7deb0e175afa/in_use.lock acquired by nodename 1396@pr-hdds-1569-58hkm-1881083799
2019-09-12 10:31:41,577 [main] INFO  server.Server (Server.java:doStart(419)) - Started @32916ms
2019-09-12 10:31:41,578 | INFO  | SCMAudit | user=jenkins1000 | ip=192.168.36.114 | op=SEND_HEARTBEAT {datanodeUUID=c9031a36-5f7c-4098-8bea-8a46141708a6, command=[]} | ret=SUCCESS |  
2019-09-12 10:31:41,578 | INFO  | SCMAudit | user=jenkins1000 | ip=192.168.36.114 | op=SEND_HEARTBEAT {datanodeUUID=9616c881-dbb1-48da-90dd-a872ed779a2e, command=[]} | ret=SUCCESS |  
2019-09-12 10:31:41,578 | INFO  | SCMAudit | user=jenkins1000 | ip=192.168.36.114 | op=SEND_HEARTBEAT {datanodeUUID=39df7a3f-9691-48d4-a2b1-6888489a5f8a, command=[]} | ret=SUCCESS |  
2019-09-12 10:31:41,579 [main] INFO  server.BaseHttpServer (BaseHttpServer.java:updateConnectorAddress(213)) - HTTP server of HDDSDATANODE is listening at http://0.0.0.0:36990
2019-09-12 10:31:41,580 | INFO  | SCMAudit | user=jenkins1000 | ip=192.168.36.114 | op=SEND_HEARTBEAT {datanodeUUID=f17b4253-95a0-4ee6-8ded-88f070f15b33, command=[]} | ret=SUCCESS |  
2019-09-12 10:31:41,580 | INFO  | SCMAudit | user=jenkins1000 | ip=192.168.36.114 | op=SEND_HEARTBEAT {datanodeUUID=eaeff1e2-de9c-4510-872d-283eb6c3c330, command=[]} | ret=SUCCESS |  
2019-09-12 10:31:41,581 | INFO  | SCMAudit | user=jenkins1000 | ip=192.168.36.114 | op=SEND_HEARTBEAT {datanodeUUID=b6dd7c38-f675-445e-811b-15cf17d56c0a, command=[]} | ret=SUCCESS |  
2019-09-12 10:31:41,582 | INFO  | SCMAudit | user=jenkins1000 | ip=192.168.36.114 | op=SEND_HEARTBEAT {datanodeUUID=bcda0514-d42e-47ca-96fd-c0a633e872a8, command=[]} | ret=SUCCESS |  
2019-09-12 10:31:41,582 | INFO  | SCMAudit | user=jenkins1000 | ip=192.168.36.114 | op=SEND_HEARTBEAT {datanodeUUID=c1e71898-521f-4627-a3f1-9884c4b96ced, command=[]} | ret=SUCCESS |  
2019-09-12 10:31:41,590 [pool-218-thread-1] INFO  storage.RaftStorage (RaftStorage.java:format(72)) - Storage directory /workdir/hadoop-ozone/integration-test/target/test-dir/MiniOzoneClusterImpl-d867a4e1-154a-4113-b5e4-c09c14df2894/datanode-0/data/ratis/d613fabe-3b8b-4e53-872f-7deb0e175afa has been successfully formatted.
2019-09-12 10:31:41,591 [pool-218-thread-1] INFO  ratis.ContainerStateMachine (ContainerStateMachine.java:loadSnapshot(226)) - group-7DEB0E175AFA: The snapshot info is null. Setting the last applied indexto:(t:0, i:~)
2019-09-12 10:31:41,591 [pool-218-thread-1] INFO  server.RaftServerConfigKeys (ConfUtils.java:logGet(43)) - raft.server.leader.election.timeout = 120s (custom)
2019-09-12 10:31:41,591 [pool-218-thread-1] INFO  server.RaftServerConfigKeys (ConfUtils.java:logGet(43)) - raft.server.log.use.memory = false (default)
2019-09-12 10:31:41,591 [pool-218-thread-1] INFO  server.RaftServerConfigKeys (ConfUtils.java:logGet(43)) - raft.server.log.purge.gap = 1000000 (custom)
2019-09-12 10:31:41,591 [pool-218-thread-1] INFO  server.RaftServerConfigKeys (ConfUtils.java:logGet(43)) - raft.server.log.appender.buffer.byte-limit = 33554432 (custom)
2019-09-12 10:31:41,591 [pool-218-thread-1] INFO  server.RaftServerConfigKeys (ConfUtils.java:logGet(43)) - raft.server.log.segment.size.max = 1048576 (custom)
2019-09-12 10:31:41,591 [pool-218-thread-1] INFO  server.RaftServerConfigKeys (ConfUtils.java:logGet(43)) - raft.server.log.segment.cache.num.max = 2 (custom)
2019-09-12 10:31:41,592 [pool-218-thread-1] INFO  segmented.SegmentedRaftLogWorker (SegmentedRaftLogWorker.java:<init>(172)) - new 5dd0cd62-5770-41dd-9e5a-f3f3eedc40c1-SegmentedRaftLogWorker:Storage Directory /workdir/hadoop-ozone/integration-test/target/test-dir/MiniOzoneClusterImpl-d867a4e1-154a-4113-b5e4-c09c14df2894/datanode-0/data/ratis/d613fabe-3b8b-4e53-872f-7deb0e175afa for RaftStorage:Storage Directory /workdir/hadoop-ozone/integration-test/target/test-dir/MiniOzoneClusterImpl-d867a4e1-154a-4113-b5e4-c09c14df2894/datanode-0/data/ratis/d613fabe-3b8b-4e53-872f-7deb0e175afa
2019-09-12 10:31:41,592 [pool-218-thread-1] INFO  server.RaftServerConfigKeys (ConfUtils.java:logGet(43)) - raft.server.log.queue.byte-limit = 2147483647 (custom)
2019-09-12 10:31:41,592 [pool-218-thread-1] INFO  server.RaftServerConfigKeys (ConfUtils.java:logGet(43)) - raft.server.log.queue.element-limit = 1024 (custom)
2019-09-12 10:31:41,592 [pool-218-thread-1] INFO  server.RaftServerConfigKeys (ConfUtils.java:logGet(43)) - raft.server.log.segment.size.max = 1048576 (custom)
2019-09-12 10:31:41,592 [pool-218-thread-1] INFO  server.RaftServerConfigKeys (ConfUtils.java:logGet(43)) - raft.server.log.preallocated.size = 16384 (custom)
2019-09-12 10:31:41,592 [pool-218-thread-1] INFO  server.RaftServerConfigKeys (ConfUtils.java:logGet(43)) - raft.server.log.write.buffer.size = 33554432 (custom)
2019-09-12 10:31:41,592 [pool-218-thread-1] INFO  server.RaftServerConfigKeys (ConfUtils.java:logGet(43)) - raft.server.log.force.sync.num = 128 (default)
2019-09-12 10:31:41,592 [pool-218-thread-1] INFO  server.RaftServerConfigKeys (ConfUtils.java:logGet(43)) - raft.server.log.statemachine.data.sync = true (default)
2019-09-12 10:31:41,592 [pool-218-thread-1] INFO  server.RaftServerConfigKeys (ConfUtils.java:logGet(43)) - raft.server.log.statemachine.data.sync.timeout = 10s (default)
2019-09-12 10:31:41,593 [pool-218-thread-1] INFO  server.RaftServerConfigKeys (ConfUtils.java:logGet(43)) - raft.server.log.statemachine.data.sync.timeout.retry = -1 (default)
2019-09-12 10:31:41,593 [pool-218-thread-1] INFO  server.RaftServerConfigKeys (ConfUtils.java:logGet(43)) - raft.server.log.statemachine.data.caching.enabled = true (custom)
2019-09-12 10:31:41,593 [pool-218-thread-1] INFO  segmented.SegmentedRaftLogWorker (SegmentedRaftLogWorker.java:lambda$new$0(132)) - 5dd0cd62-5770-41dd-9e5a-f3f3eedc40c1-SegmentedRaftLogWorker:Storage Directory /workdir/hadoop-ozone/integration-test/target/test-dir/MiniOzoneClusterImpl-d867a4e1-154a-4113-b5e4-c09c14df2894/datanode-0/data/ratis/d613fabe-3b8b-4e53-872f-7deb0e175afa: flushIndex: setUnconditionally 0 -> -1
2019-09-12 10:31:41,593 [pool-218-thread-1] INFO  server.RaftServerConfigKeys (ConfUtils.java:logGet(43)) - raft.server.snapshot.auto.trigger.enabled = true (custom)
2019-09-12 10:31:41,593 [pool-218-thread-1] INFO  server.RaftServerConfigKeys (ConfUtils.java:logGet(43)) - raft.server.snapshot.auto.trigger.threshold = 10000 (custom)
2019-09-12 10:31:41,593 [pool-218-thread-1] INFO  server.RaftServerConfigKeys (ConfUtils.java:logGet(43)) - raft.server.retrycache.expirytime = 600000ms (custom)
2019-09-12 10:31:41,594 [pool-218-thread-1] INFO  impl.RaftServerImpl (RaftServerImpl.java:start(180)) - 5dd0cd62-5770-41dd-9e5a-f3f3eedc40c1: start group-7DEB0E175AFA
2019-09-12 10:31:41,594 [pool-218-thread-1] INFO  impl.RaftServerImpl (RaftServerImpl.java:setRole(171)) - 5dd0cd62-5770-41dd-9e5a-f3f3eedc40c1:group-7DEB0E175AFA changes role from null to FOLLOWER at term 0 for startAsFollower
2019-09-12 10:31:41,594 [pool-218-thread-1] INFO  impl.RoleInfo (RoleInfo.java:updateAndGet(143)) - 5dd0cd62-5770-41dd-9e5a-f3f3eedc40c1: start FollowerState
2019-09-12 10:31:41,594 [pool-218-thread-1] INFO  util.JmxRegister (JmxRegister.java:tryRegister(44)) - Successfully registered JMX Bean with object name Ratis:service=RaftServer,group=group-7DEB0E175AFA,id=5dd0cd62-5770-41dd-9e5a-f3f3eedc40c1
2019-09-12 10:31:41,597 [RatisPipelineUtilsThread] INFO  pipeline.PipelineStateManager (PipelineStateManager.java:addPipeline(56)) - Created pipeline Pipeline[ Id: d613fabe-3b8b-4e53-872f-7deb0e175afa, Nodes: 5dd0cd62-5770-41dd-9e5a-f3f3eedc40c1{ip: 192.168.36.114, host: pr-hdds-1569-58hkm-1881083799, networkLocation: /default-rack, certSerialId: null}, Type:RATIS, Factor:ONE, State:OPEN]
2019-09-12 10:31:41,599 | INFO  | SCMAudit | user=jenkins1000 | ip=192.168.36.114 | op=SEND_HEARTBEAT {datanodeUUID=22ce2f4b-d517-44cf-8041-712d813e08f3, command=[]} | ret=SUCCESS |  
2019-09-12 10:31:41,603 [grpc-default-executor-0] INFO  impl.RaftServerProxy (RaftServerProxy.java:addNew(89)) - 5dd0cd62-5770-41dd-9e5a-f3f3eedc40c1: addNew group-B898DF89A595:[5dd0cd62-5770-41dd-9e5a-f3f3eedc40c1:192.168.36.114:42730] returns group-B898DF89A595:java.util.concurrent.CompletableFuture@75c3ca4b[Not completed]
2019-09-12 10:31:41,605 [pool-218-thread-1] INFO  impl.RaftServerImpl (RaftServerImpl.java:<init>(93)) - 5dd0cd62-5770-41dd-9e5a-f3f3eedc40c1: new RaftServerImpl for group-B898DF89A595:[5dd0cd62-5770-41dd-9e5a-f3f3eedc40c1:192.168.36.114:42730] with ContainerStateMachine:uninitialized
2019-09-12 10:31:41,605 [pool-218-thread-1] INFO  server.RaftServerConfigKeys (ConfUtils.java:logGet(43)) - raft.server.rpc.timeout.min = 5s (custom)
2019-09-12 10:31:41,605 [pool-218-thread-1] INFO  server.RaftServerConfigKeys (ConfUtils.java:logGet(43)) - raft.server.rpc.timeout.max = 5200ms (custom)
2019-09-12 10:31:41,605 [pool-218-thread-1] INFO  server.RaftServerConfigKeys (ConfUtils.java:logGet(43)) - raft.server.rpcslowness.timeout = 120s (custom)
2019-09-12 10:31:41,605 [pool-218-thread-1] INFO  server.RaftServerConfigKeys (ConfUtils.java:logGet(43)) - raft.server.sleep.deviation.threshold = 300 (default)
2019-09-12 10:31:41,605 [pool-218-thread-1] INFO  server.RaftServerConfigKeys (ConfUtils.java:logGet(43)) - raft.server.log.appender.install.snapshot.enabled = false (custom)
2019-09-12 10:31:41,605 [pool-218-thread-1] INFO  impl.RaftServerImpl (ServerState.java:<init>(105)) - 5dd0cd62-5770-41dd-9e5a-f3f3eedc40c1:group-B898DF89A595 ConfigurationManager, init=-1: [5dd0cd62-5770-41dd-9e5a-f3f3eedc40c1:192.168.36.114:42730], old=null, confs=<EMPTY_MAP>
2019-09-12 10:31:41,605 [pool-218-thread-1] INFO  server.RaftServerConfigKeys (ConfUtils.java:logGet(43)) - raft.server.storage.dir = [/workdir/hadoop-ozone/integration-test/target/test-dir/MiniOzoneClusterImpl-d867a4e1-154a-4113-b5e4-c09c14df2894/datanode-0/data/ratis] (custom)
2019-09-12 10:31:41,606 [pool-218-thread-1] INFO  storage.RaftStorageDirectory (RaftStorageDirectory.java:analyzeStorage(246)) - The storage directory /workdir/hadoop-ozone/integration-test/target/test-dir/MiniOzoneClusterImpl-d867a4e1-154a-4113-b5e4-c09c14df2894/datanode-0/data/ratis/e8c60f45-ca14-4ea0-ac74-b898df89a595 does not exist. Creating ...
2019-09-12 10:31:41,619 [pool-218-thread-1] INFO  storage.RaftStorageDirectory (RaftStorageDirectory.java:tryLock(328)) - Lock on /workdir/hadoop-ozone/integration-test/target/test-dir/MiniOzoneClusterImpl-d867a4e1-154a-4113-b5e4-c09c14df2894/datanode-0/data/ratis/e8c60f45-ca14-4ea0-ac74-b898df89a595/in_use.lock acquired by nodename 1396@pr-hdds-1569-58hkm-1881083799
2019-09-12 10:31:41,632 [pool-218-thread-1] INFO  storage.RaftStorage (RaftStorage.java:format(72)) - Storage directory /workdir/hadoop-ozone/integration-test/target/test-dir/MiniOzoneClusterImpl-d867a4e1-154a-4113-b5e4-c09c14df2894/datanode-0/data/ratis/e8c60f45-ca14-4ea0-ac74-b898df89a595 has been successfully formatted.
2019-09-12 10:31:41,632 [pool-218-thread-1] INFO  ratis.ContainerStateMachine (ContainerStateMachine.java:loadSnapshot(226)) - group-B898DF89A595: The snapshot info is null. Setting the last applied indexto:(t:0, i:~)
2019-09-12 10:31:41,632 [pool-218-thread-1] INFO  server.RaftServerConfigKeys (ConfUtils.java:logGet(43)) - raft.server.leader.election.timeout = 120s (custom)
2019-09-12 10:31:41,632 [pool-218-thread-1] INFO  server.RaftServerConfigKeys (ConfUtils.java:logGet(43)) - raft.server.log.use.memory = false (default)
2019-09-12 10:31:41,632 [pool-218-thread-1] INFO  server.RaftServerConfigKeys (ConfUtils.java:logGet(43)) - raft.server.log.purge.gap = 1000000 (custom)
2019-09-12 10:31:41,632 [pool-218-thread-1] INFO  server.RaftServerConfigKeys (ConfUtils.java:logGet(43)) - raft.server.log.appender.buffer.byte-limit = 33554432 (custom)
2019-09-12 10:31:41,633 [pool-218-thread-1] INFO  server.RaftServerConfigKeys (ConfUtils.java:logGet(43)) - raft.server.log.segment.size.max = 1048576 (custom)
2019-09-12 10:31:41,633 [pool-218-thread-1] INFO  server.RaftServerConfigKeys (ConfUtils.java:logGet(43)) - raft.server.log.segment.cache.num.max = 2 (custom)
2019-09-12 10:31:41,633 [pool-218-thread-1] INFO  segmented.SegmentedRaftLogWorker (SegmentedRaftLogWorker.java:<init>(172)) - new 5dd0cd62-5770-41dd-9e5a-f3f3eedc40c1-SegmentedRaftLogWorker:Storage Directory /workdir/hadoop-ozone/integration-test/target/test-dir/MiniOzoneClusterImpl-d867a4e1-154a-4113-b5e4-c09c14df2894/datanode-0/data/ratis/e8c60f45-ca14-4ea0-ac74-b898df89a595 for RaftStorage:Storage Directory /workdir/hadoop-ozone/integration-test/target/test-dir/MiniOzoneClusterImpl-d867a4e1-154a-4113-b5e4-c09c14df2894/datanode-0/data/ratis/e8c60f45-ca14-4ea0-ac74-b898df89a595
2019-09-12 10:31:41,633 [pool-218-thread-1] INFO  server.RaftServerConfigKeys (ConfUtils.java:logGet(43)) - raft.server.log.queue.byte-limit = 2147483647 (custom)
2019-09-12 10:31:41,633 [pool-218-thread-1] INFO  server.RaftServerConfigKeys (ConfUtils.java:logGet(43)) - raft.server.log.queue.element-limit = 1024 (custom)
2019-09-12 10:31:41,633 [pool-218-thread-1] INFO  server.RaftServerConfigKeys (ConfUtils.java:logGet(43)) - raft.server.log.segment.size.max = 1048576 (custom)
2019-09-12 10:31:41,633 [pool-218-thread-1] INFO  server.RaftServerConfigKeys (ConfUtils.java:logGet(43)) - raft.server.log.preallocated.size = 16384 (custom)
2019-09-12 10:31:41,634 [pool-218-thread-1] INFO  server.RaftServerConfigKeys (ConfUtils.java:logGet(43)) - raft.server.log.write.buffer.size = 33554432 (custom)
2019-09-12 10:31:41,634 [pool-218-thread-1] INFO  server.RaftServerConfigKeys (ConfUtils.java:logGet(43)) - raft.server.log.force.sync.num = 128 (default)
2019-09-12 10:31:41,634 [pool-218-thread-1] INFO  server.RaftServerConfigKeys (ConfUtils.java:logGet(43)) - raft.server.log.statemachine.data.sync = true (default)
2019-09-12 10:31:41,634 [pool-218-thread-1] INFO  server.RaftServerConfigKeys (ConfUtils.java:logGet(43)) - raft.server.log.statemachine.data.sync.timeout = 10s (default)
2019-09-12 10:31:41,634 [pool-218-thread-1] INFO  server.RaftServerConfigKeys (ConfUtils.java:logGet(43)) - raft.server.log.statemachine.data.sync.timeout.retry = -1 (default)
2019-09-12 10:31:41,634 [pool-218-thread-1] INFO  server.RaftServerConfigKeys (ConfUtils.java:logGet(43)) - raft.server.log.statemachine.data.caching.enabled = true (custom)
2019-09-12 10:31:41,635 [pool-218-thread-1] INFO  segmented.SegmentedRaftLogWorker (SegmentedRaftLogWorker.java:lambda$new$0(132)) - 5dd0cd62-5770-41dd-9e5a-f3f3eedc40c1-SegmentedRaftLogWorker:Storage Directory /workdir/hadoop-ozone/integration-test/target/test-dir/MiniOzoneClusterImpl-d867a4e1-154a-4113-b5e4-c09c14df2894/datanode-0/data/ratis/e8c60f45-ca14-4ea0-ac74-b898df89a595: flushIndex: setUnconditionally 0 -> -1
2019-09-12 10:31:41,635 [pool-218-thread-1] INFO  server.RaftServerConfigKeys (ConfUtils.java:logGet(43)) - raft.server.snapshot.auto.trigger.enabled = true (custom)
2019-09-12 10:31:41,635 [pool-218-thread-1] INFO  server.RaftServerConfigKeys (ConfUtils.java:logGet(43)) - raft.server.snapshot.auto.trigger.threshold = 10000 (custom)
2019-09-12 10:31:41,635 [pool-218-thread-1] INFO  server.RaftServerConfigKeys (ConfUtils.java:logGet(43)) - raft.server.retrycache.expirytime = 600000ms (custom)
2019-09-12 10:31:41,635 [pool-218-thread-1] INFO  impl.RaftServerImpl (RaftServerImpl.java:start(180)) - 5dd0cd62-5770-41dd-9e5a-f3f3eedc40c1: start group-B898DF89A595
2019-09-12 10:31:41,636 [pool-218-thread-1] INFO  impl.RaftServerImpl (RaftServerImpl.java:setRole(171)) - 5dd0cd62-5770-41dd-9e5a-f3f3eedc40c1:group-B898DF89A595 changes role from null to FOLLOWER at term 0 for startAsFollower
2019-09-12 10:31:41,636 [pool-218-thread-1] INFO  impl.RoleInfo (RoleInfo.java:updateAndGet(143)) - 5dd0cd62-5770-41dd-9e5a-f3f3eedc40c1: start FollowerState
2019-09-12 10:31:41,636 [pool-218-thread-1] INFO  util.JmxRegister (JmxRegister.java:tryRegister(44)) - Successfully registered JMX Bean with object name Ratis:service=RaftServer,group=group-B898DF89A595,id=5dd0cd62-5770-41dd-9e5a-f3f3eedc40c1
2019-09-12 10:31:41,639 [RatisPipelineUtilsThread] INFO  pipeline.PipelineStateManager (PipelineStateManager.java:addPipeline(56)) - Created pipeline Pipeline[ Id: e8c60f45-ca14-4ea0-ac74-b898df89a595, Nodes: 5dd0cd62-5770-41dd-9e5a-f3f3eedc40c1{ip: 192.168.36.114, host: pr-hdds-1569-58hkm-1881083799, networkLocation: /default-rack, certSerialId: null}, Type:RATIS, Factor:ONE, State:OPEN]
2019-09-12 10:31:41,644 [grpc-default-executor-0] INFO  impl.RaftServerProxy (RaftServerProxy.java:addNew(89)) - 5dd0cd62-5770-41dd-9e5a-f3f3eedc40c1: addNew group-B8A95644C2A9:[5dd0cd62-5770-41dd-9e5a-f3f3eedc40c1:192.168.36.114:42730] returns group-B8A95644C2A9:java.util.concurrent.CompletableFuture@6c87bee2[Not completed]
2019-09-12 10:31:41,645 [pool-218-thread-1] INFO  impl.RaftServerImpl (RaftServerImpl.java:<init>(93)) - 5dd0cd62-5770-41dd-9e5a-f3f3eedc40c1: new RaftServerImpl for group-B8A95644C2A9:[5dd0cd62-5770-41dd-9e5a-f3f3eedc40c1:192.168.36.114:42730] with ContainerStateMachine:uninitialized
2019-09-12 10:31:41,645 [pool-218-thread-1] INFO  server.RaftServerConfigKeys (ConfUtils.java:logGet(43)) - raft.server.rpc.timeout.min = 5s (custom)
2019-09-12 10:31:41,645 [pool-218-thread-1] INFO  server.RaftServerConfigKeys (ConfUtils.java:logGet(43)) - raft.server.rpc.timeout.max = 5200ms (custom)
2019-09-12 10:31:41,645 [pool-218-thread-1] INFO  server.RaftServerConfigKeys (ConfUtils.java:logGet(43)) - raft.server.rpcslowness.timeout = 120s (custom)
2019-09-12 10:31:41,645 [pool-218-thread-1] INFO  server.RaftServerConfigKeys (ConfUtils.java:logGet(43)) - raft.server.sleep.deviation.threshold = 300 (default)
2019-09-12 10:31:41,646 [pool-218-thread-1] INFO  server.RaftServerConfigKeys (ConfUtils.java:logGet(43)) - raft.server.log.appender.install.snapshot.enabled = false (custom)
2019-09-12 10:31:41,646 [pool-218-thread-1] INFO  impl.RaftServerImpl (ServerState.java:<init>(105)) - 5dd0cd62-5770-41dd-9e5a-f3f3eedc40c1:group-B8A95644C2A9 ConfigurationManager, init=-1: [5dd0cd62-5770-41dd-9e5a-f3f3eedc40c1:192.168.36.114:42730], old=null, confs=<EMPTY_MAP>
2019-09-12 10:31:41,646 [pool-218-thread-1] INFO  server.RaftServerConfigKeys (ConfUtils.java:logGet(43)) - raft.server.storage.dir = [/workdir/hadoop-ozone/integration-test/target/test-dir/MiniOzoneClusterImpl-d867a4e1-154a-4113-b5e4-c09c14df2894/datanode-0/data/ratis] (custom)
2019-09-12 10:31:41,646 [pool-218-thread-1] INFO  storage.RaftStorageDirectory (RaftStorageDirectory.java:analyzeStorage(246)) - The storage directory /workdir/hadoop-ozone/integration-test/target/test-dir/MiniOzoneClusterImpl-d867a4e1-154a-4113-b5e4-c09c14df2894/datanode-0/data/ratis/aea6a9dd-5543-4f10-9862-b8a95644c2a9 does not exist. Creating ...
2019-09-12 10:31:41,659 [pool-218-thread-1] INFO  storage.RaftStorageDirectory (RaftStorageDirectory.java:tryLock(328)) - Lock on /workdir/hadoop-ozone/integration-test/target/test-dir/MiniOzoneClusterImpl-d867a4e1-154a-4113-b5e4-c09c14df2894/datanode-0/data/ratis/aea6a9dd-5543-4f10-9862-b8a95644c2a9/in_use.lock acquired by nodename 1396@pr-hdds-1569-58hkm-1881083799
2019-09-12 10:31:41,661 [bcda0514-d42e-47ca-96fd-c0a633e872a8-SegmentedRaftLogWorker:Storage Directory /workdir/hadoop-ozone/integration-test/target/test-dir/MiniOzoneClusterImpl-87a68f7a-76d1-4e01-bf62-4b4b582b7243/datanode-4/data/ratis/9aa936d5-bfaa-43bb-8554-2150748ce520] ERROR segmented.SegmentedRaftLogWorker (SegmentedRaftLogWorker.java:run(323)) - bcda0514-d42e-47ca-96fd-c0a633e872a8-SegmentedRaftLogWorker:Storage Directory /workdir/hadoop-ozone/integration-test/target/test-dir/MiniOzoneClusterImpl-87a68f7a-76d1-4e01-bf62-4b4b582b7243/datanode-4/data/ratis/9aa936d5-bfaa-43bb-8554-2150748ce520 hit exception
java.lang.OutOfMemoryError: Direct buffer memory
	at java.nio.Bits.reserveMemory(Bits.java:666)
	at java.nio.DirectByteBuffer.<init>(DirectByteBuffer.java:123)
	at java.nio.ByteBuffer.allocateDirect(ByteBuffer.java:311)
	at org.apache.ratis.server.raftlog.segmented.BufferedWriteChannel.<init>(BufferedWriteChannel.java:41)
	at org.apache.ratis.server.raftlog.segmented.SegmentedRaftLogOutputStream.<init>(SegmentedRaftLogOutputStream.java:72)
	at org.apache.ratis.server.raftlog.segmented.SegmentedRaftLogWorker$StartLogSegment.execute(SegmentedRaftLogWorker.java:566)
	at org.apache.ratis.server.raftlog.segmented.SegmentedRaftLogWorker.run(SegmentedRaftLogWorker.java:289)
	at java.lang.Thread.run(Thread.java:748)
2019-09-12 10:31:41,661 [bcda0514-d42e-47ca-96fd-c0a633e872a8-SegmentedRaftLogWorker:Storage Directory /workdir/hadoop-ozone/integration-test/target/test-dir/MiniOzoneClusterImpl-87a68f7a-76d1-4e01-bf62-4b4b582b7243/datanode-4/data/ratis/9aa936d5-bfaa-43bb-8554-2150748ce520] INFO  impl.RaftServerImpl (RaftServerImpl.java:lambda$shutdown$3(245)) - bcda0514-d42e-47ca-96fd-c0a633e872a8: shutdown group-2150748CE520
2019-09-12 10:31:41,661 [bcda0514-d42e-47ca-96fd-c0a633e872a8-SegmentedRaftLogWorker:Storage Directory /workdir/hadoop-ozone/integration-test/target/test-dir/MiniOzoneClusterImpl-87a68f7a-76d1-4e01-bf62-4b4b582b7243/datanode-4/data/ratis/9aa936d5-bfaa-43bb-8554-2150748ce520] INFO  util.JmxRegister (JmxRegister.java:unregister(73)) - Successfully un-registered JMX Bean with object name Ratis:service=RaftServer,group=group-2150748CE520,id=bcda0514-d42e-47ca-96fd-c0a633e872a8
2019-09-12 10:31:41,661 [bcda0514-d42e-47ca-96fd-c0a633e872a8-SegmentedRaftLogWorker:Storage Directory /workdir/hadoop-ozone/integration-test/target/test-dir/MiniOzoneClusterImpl-87a68f7a-76d1-4e01-bf62-4b4b582b7243/datanode-4/data/ratis/9aa936d5-bfaa-43bb-8554-2150748ce520] INFO  impl.RoleInfo (RoleInfo.java:shutdownLeaderState(104)) - bcda0514-d42e-47ca-96fd-c0a633e872a8: shutdown LeaderState
2019-09-12 10:31:41,661 [bcda0514-d42e-47ca-96fd-c0a633e872a8-SegmentedRaftLogWorker:Storage Directory /workdir/hadoop-ozone/integration-test/target/test-dir/MiniOzoneClusterImpl-87a68f7a-76d1-4e01-bf62-4b4b582b7243/datanode-4/data/ratis/9aa936d5-bfaa-43bb-8554-2150748ce520] INFO  impl.PendingRequests (PendingRequests.java:sendNotLeaderResponses(202)) - bcda0514-d42e-47ca-96fd-c0a633e872a8-PendingRequests: sendNotLeaderResponses
2019-09-12 10:31:41,662 [bcda0514-d42e-47ca-96fd-c0a633e872a8-SegmentedRaftLogWorker:Storage Directory /workdir/hadoop-ozone/integration-test/target/test-dir/MiniOzoneClusterImpl-87a68f7a-76d1-4e01-bf62-4b4b582b7243/datanode-4/data/ratis/9aa936d5-bfaa-43bb-8554-2150748ce520] INFO  impl.StateMachineUpdater (StateMachineUpdater.java:stopAndJoin(115)) - StateMachineUpdater:bcda0514-d42e-47ca-96fd-c0a633e872a8:group-2150748CE520: set stopIndex = -1
2019-09-12 10:31:41,662 [bcda0514-d42e-47ca-96fd-c0a633e872a8-SegmentedRaftLogWorker:Storage Directory /workdir/hadoop-ozone/integration-test/target/test-dir/MiniOzoneClusterImpl-87a68f7a-76d1-4e01-bf62-4b4b582b7243/datanode-4/data/ratis/9aa936d5-bfaa-43bb-8554-2150748ce520] INFO  impl.RaftServerImpl (ServerState.java:close(394)) - bcda0514-d42e-47ca-96fd-c0a633e872a8:group-2150748CE520 closes. The last applied log index is -1
2019-09-12 10:31:41,662 [bcda0514-d42e-47ca-96fd-c0a633e872a8-SegmentedRaftLogWorker:Storage Directory /workdir/hadoop-ozone/integration-test/target/test-dir/MiniOzoneClusterImpl-87a68f7a-76d1-4e01-bf62-4b4b582b7243/datanode-4/data/ratis/9aa936d5-bfaa-43bb-8554-2150748ce520] INFO  segmented.SegmentedRaftLogWorker (SegmentedRaftLogWorker.java:close(228)) - bcda0514-d42e-47ca-96fd-c0a633e872a8-SegmentedRaftLogWorker:Storage Directory /workdir/hadoop-ozone/integration-test/target/test-dir/MiniOzoneClusterImpl-87a68f7a-76d1-4e01-bf62-4b4b582b7243/datanode-4/data/ratis/9aa936d5-bfaa-43bb-8554-2150748ce520 close()
2019-09-12 10:31:41,676 [pool-218-thread-1] INFO  storage.RaftStorage (RaftStorage.java:format(72)) - Storage directory /workdir/hadoop-ozone/integration-test/target/test-dir/MiniOzoneClusterImpl-d867a4e1-154a-4113-b5e4-c09c14df2894/datanode-0/data/ratis/aea6a9dd-5543-4f10-9862-b8a95644c2a9 has been successfully formatted.
2019-09-12 10:31:41,676 [pool-218-thread-1] INFO  ratis.ContainerStateMachine (ContainerStateMachine.java:loadSnapshot(226)) - group-B8A95644C2A9: The snapshot info is null. Setting the last applied indexto:(t:0, i:~)
2019-09-12 10:31:41,676 [pool-218-thread-1] INFO  server.RaftServerConfigKeys (ConfUtils.java:logGet(43)) - raft.server.leader.election.timeout = 120s (custom)
2019-09-12 10:31:41,677 [pool-218-thread-1] INFO  server.RaftServerConfigKeys (ConfUtils.java:logGet(43)) - raft.server.log.use.memory = false (default)
2019-09-12 10:31:41,677 [pool-218-thread-1] INFO  server.RaftServerConfigKeys (ConfUtils.java:logGet(43)) - raft.server.log.purge.gap = 1000000 (custom)
2019-09-12 10:31:41,677 [pool-218-thread-1] INFO  server.RaftServerConfigKeys (ConfUtils.java:logGet(43)) - raft.server.log.appender.buffer.byte-limit = 33554432 (custom)
2019-09-12 10:31:41,677 [pool-218-thread-1] INFO  server.RaftServerConfigKeys (ConfUtils.java:logGet(43)) - raft.server.log.segment.size.max = 1048576 (custom)
2019-09-12 10:31:41,677 [pool-218-thread-1] INFO  server.RaftServerConfigKeys (ConfUtils.java:logGet(43)) - raft.server.log.segment.cache.num.max = 2 (custom)
2019-09-12 10:31:41,677 [pool-218-thread-1] INFO  segmented.SegmentedRaftLogWorker (SegmentedRaftLogWorker.java:<init>(172)) - new 5dd0cd62-5770-41dd-9e5a-f3f3eedc40c1-SegmentedRaftLogWorker:Storage Directory /workdir/hadoop-ozone/integration-test/target/test-dir/MiniOzoneClusterImpl-d867a4e1-154a-4113-b5e4-c09c14df2894/datanode-0/data/ratis/aea6a9dd-5543-4f10-9862-b8a95644c2a9 for RaftStorage:Storage Directory /workdir/hadoop-ozone/integration-test/target/test-dir/MiniOzoneClusterImpl-d867a4e1-154a-4113-b5e4-c09c14df2894/datanode-0/data/ratis/aea6a9dd-5543-4f10-9862-b8a95644c2a9
2019-09-12 10:31:41,678 [pool-218-thread-1] INFO  server.RaftServerConfigKeys (ConfUtils.java:logGet(43)) - raft.server.log.queue.byte-limit = 2147483647 (custom)
2019-09-12 10:31:41,678 [pool-218-thread-1] INFO  server.RaftServerConfigKeys (ConfUtils.java:logGet(43)) - raft.server.log.queue.element-limit = 1024 (custom)
2019-09-12 10:31:41,678 [pool-218-thread-1] INFO  server.RaftServerConfigKeys (ConfUtils.java:logGet(43)) - raft.server.log.segment.size.max = 1048576 (custom)
2019-09-12 10:31:41,678 [pool-218-thread-1] INFO  server.RaftServerConfigKeys (ConfUtils.java:logGet(43)) - raft.server.log.preallocated.size = 16384 (custom)
2019-09-12 10:31:41,678 [pool-218-thread-1] INFO  server.RaftServerConfigKeys (ConfUtils.java:logGet(43)) - raft.server.log.write.buffer.size = 33554432 (custom)
2019-09-12 10:31:41,678 [pool-218-thread-1] INFO  server.RaftServerConfigKeys (ConfUtils.java:logGet(43)) - raft.server.log.force.sync.num = 128 (default)
2019-09-12 10:31:41,678 [pool-218-thread-1] INFO  server.RaftServerConfigKeys (ConfUtils.java:logGet(43)) - raft.server.log.statemachine.data.sync = true (default)
2019-09-12 10:31:41,679 [pool-218-thread-1] INFO  server.RaftServerConfigKeys (ConfUtils.java:logGet(43)) - raft.server.log.statemachine.data.sync.timeout = 10s (default)
2019-09-12 10:31:41,679 [pool-218-thread-1] INFO  server.RaftServerConfigKeys (ConfUtils.java:logGet(43)) - raft.server.log.statemachine.data.sync.timeout.retry = -1 (default)
2019-09-12 10:31:41,679 [pool-218-thread-1] INFO  server.RaftServerConfigKeys (ConfUtils.java:logGet(43)) - raft.server.log.statemachine.data.caching.enabled = true (custom)
2019-09-12 10:31:41,679 [pool-218-thread-1] INFO  segmented.SegmentedRaftLogWorker (SegmentedRaftLogWorker.java:lambda$new$0(132)) - 5dd0cd62-5770-41dd-9e5a-f3f3eedc40c1-SegmentedRaftLogWorker:Storage Directory /workdir/hadoop-ozone/integration-test/target/test-dir/MiniOzoneClusterImpl-d867a4e1-154a-4113-b5e4-c09c14df2894/datanode-0/data/ratis/aea6a9dd-5543-4f10-9862-b8a95644c2a9: flushIndex: setUnconditionally 0 -> -1
2019-09-12 10:31:41,680 [pool-218-thread-1] INFO  server.RaftServerConfigKeys (ConfUtils.java:logGet(43)) - raft.server.snapshot.auto.trigger.enabled = true (custom)
2019-09-12 10:31:41,680 [pool-218-thread-1] INFO  server.RaftServerConfigKeys (ConfUtils.java:logGet(43)) - raft.server.snapshot.auto.trigger.threshold = 10000 (custom)
2019-09-12 10:31:41,680 [pool-218-thread-1] INFO  server.RaftServerConfigKeys (ConfUtils.java:logGet(43)) - raft.server.retrycache.expirytime = 600000ms (custom)
2019-09-12 10:31:41,680 [pool-218-thread-1] INFO  impl.RaftServerImpl (RaftServerImpl.java:start(180)) - 5dd0cd62-5770-41dd-9e5a-f3f3eedc40c1: start group-B8A95644C2A9
2019-09-12 10:31:41,680 [pool-218-thread-1] INFO  impl.RaftServerImpl (RaftServerImpl.java:setRole(171)) - 5dd0cd62-5770-41dd-9e5a-f3f3eedc40c1:group-B8A95644C2A9 changes role from null to FOLLOWER at term 0 for startAsFollower
2019-09-12 10:31:41,680 [pool-218-thread-1] INFO  impl.RoleInfo (RoleInfo.java:updateAndGet(143)) - 5dd0cd62-5770-41dd-9e5a-f3f3eedc40c1: start FollowerState
2019-09-12 10:31:41,681 [pool-218-thread-1] INFO  util.JmxRegister (JmxRegister.java:tryRegister(44)) - Successfully registered JMX Bean with object name Ratis:service=RaftServer,group=group-B8A95644C2A9,id=5dd0cd62-5770-41dd-9e5a-f3f3eedc40c1
2019-09-12 10:31:41,684 [RatisPipelineUtilsThread] INFO  pipeline.PipelineStateManager (PipelineStateManager.java:addPipeline(56)) - Created pipeline Pipeline[ Id: aea6a9dd-5543-4f10-9862-b8a95644c2a9, Nodes: 5dd0cd62-5770-41dd-9e5a-f3f3eedc40c1{ip: 192.168.36.114, host: pr-hdds-1569-58hkm-1881083799, networkLocation: /default-rack, certSerialId: null}, Type:RATIS, Factor:ONE, State:OPEN]
2019-09-12 10:31:41,689 [grpc-default-executor-0] INFO  impl.RaftServerProxy (RaftServerProxy.java:addNew(89)) - 5dd0cd62-5770-41dd-9e5a-f3f3eedc40c1: addNew group-6AAD921D85D9:[5dd0cd62-5770-41dd-9e5a-f3f3eedc40c1:192.168.36.114:42730] returns group-6AAD921D85D9:java.util.concurrent.CompletableFuture@3c61f7af[Not completed]
2019-09-12 10:31:41,690 [pool-218-thread-1] INFO  impl.RaftServerImpl (RaftServerImpl.java:<init>(93)) - 5dd0cd62-5770-41dd-9e5a-f3f3eedc40c1: new RaftServerImpl for group-6AAD921D85D9:[5dd0cd62-5770-41dd-9e5a-f3f3eedc40c1:192.168.36.114:42730] with ContainerStateMachine:uninitialized
2019-09-12 10:31:41,690 [pool-218-thread-1] INFO  server.RaftServerConfigKeys (ConfUtils.java:logGet(43)) - raft.server.rpc.timeout.min = 5s (custom)
2019-09-12 10:31:41,690 [pool-218-thread-1] INFO  server.RaftServerConfigKeys (ConfUtils.java:logGet(43)) - raft.server.rpc.timeout.max = 5200ms (custom)
2019-09-12 10:31:41,690 [pool-218-thread-1] INFO  server.RaftServerConfigKeys (ConfUtils.java:logGet(43)) - raft.server.rpcslowness.timeout = 120s (custom)
2019-09-12 10:31:41,690 [pool-218-thread-1] INFO  server.RaftServerConfigKeys (ConfUtils.java:logGet(43)) - raft.server.sleep.deviation.threshold = 300 (default)
2019-09-12 10:31:41,690 [pool-218-thread-1] INFO  server.RaftServerConfigKeys (ConfUtils.java:logGet(43)) - raft.server.log.appender.install.snapshot.enabled = false (custom)
2019-09-12 10:31:41,691 [pool-218-thread-1] INFO  impl.RaftServerImpl (ServerState.java:<init>(105)) - 5dd0cd62-5770-41dd-9e5a-f3f3eedc40c1:group-6AAD921D85D9 ConfigurationManager, init=-1: [5dd0cd62-5770-41dd-9e5a-f3f3eedc40c1:192.168.36.114:42730], old=null, confs=<EMPTY_MAP>
2019-09-12 10:31:41,691 [pool-218-thread-1] INFO  server.RaftServerConfigKeys (ConfUtils.java:logGet(43)) - raft.server.storage.dir = [/workdir/hadoop-ozone/integration-test/target/test-dir/MiniOzoneClusterImpl-d867a4e1-154a-4113-b5e4-c09c14df2894/datanode-0/data/ratis] (custom)
2019-09-12 10:31:41,691 [pool-218-thread-1] INFO  storage.RaftStorageDirectory (RaftStorageDirectory.java:analyzeStorage(246)) - The storage directory /workdir/hadoop-ozone/integration-test/target/test-dir/MiniOzoneClusterImpl-d867a4e1-154a-4113-b5e4-c09c14df2894/datanode-0/data/ratis/f3696f3b-a2d1-4fe7-b0e2-6aad921d85d9 does not exist. Creating ...
2019-09-12 10:31:41,703 [pool-218-thread-1] INFO  storage.RaftStorageDirectory (RaftStorageDirectory.java:tryLock(328)) - Lock on /workdir/hadoop-ozone/integration-test/target/test-dir/MiniOzoneClusterImpl-d867a4e1-154a-4113-b5e4-c09c14df2894/datanode-0/data/ratis/f3696f3b-a2d1-4fe7-b0e2-6aad921d85d9/in_use.lock acquired by nodename 1396@pr-hdds-1569-58hkm-1881083799
2019-09-12 10:31:41,716 [pool-218-thread-1] INFO  storage.RaftStorage (RaftStorage.java:format(72)) - Storage directory /workdir/hadoop-ozone/integration-test/target/test-dir/MiniOzoneClusterImpl-d867a4e1-154a-4113-b5e4-c09c14df2894/datanode-0/data/ratis/f3696f3b-a2d1-4fe7-b0e2-6aad921d85d9 has been successfully formatted.
2019-09-12 10:31:41,717 [pool-218-thread-1] INFO  ratis.ContainerStateMachine (ContainerStateMachine.java:loadSnapshot(226)) - group-6AAD921D85D9: The snapshot info is null. Setting the last applied indexto:(t:0, i:~)
2019-09-12 10:31:41,717 [pool-218-thread-1] INFO  server.RaftServerConfigKeys (ConfUtils.java:logGet(43)) - raft.server.leader.election.timeout = 120s (custom)
2019-09-12 10:31:41,717 [pool-218-thread-1] INFO  server.RaftServerConfigKeys (ConfUtils.java:logGet(43)) - raft.server.log.use.memory = false (default)
2019-09-12 10:31:41,717 [pool-218-thread-1] INFO  server.RaftServerConfigKeys (ConfUtils.java:logGet(43)) - raft.server.log.purge.gap = 1000000 (custom)
2019-09-12 10:31:41,725 [pool-218-thread-1] INFO  server.RaftServerConfigKeys (ConfUtils.java:logGet(43)) - raft.server.log.appender.buffer.byte-limit = 33554432 (custom)
2019-09-12 10:31:41,731 [pool-218-thread-1] INFO  server.RaftServerConfigKeys (ConfUtils.java:logGet(43)) - raft.server.log.segment.size.max = 1048576 (custom)
2019-09-12 10:31:41,731 [pool-218-thread-1] INFO  server.RaftServerConfigKeys (ConfUtils.java:logGet(43)) - raft.server.log.segment.cache.num.max = 2 (custom)
2019-09-12 10:31:41,731 | INFO  | ObjectStoreRestHttpServer | Listening HDDS REST traffic on /0.0.0.0:33882 |  
2019-09-12 10:31:41,731 [pool-218-thread-1] INFO  segmented.SegmentedRaftLogWorker (SegmentedRaftLogWorker.java:<init>(172)) - new 5dd0cd62-5770-41dd-9e5a-f3f3eedc40c1-SegmentedRaftLogWorker:Storage Directory /workdir/hadoop-ozone/integration-test/target/test-dir/MiniOzoneClusterImpl-d867a4e1-154a-4113-b5e4-c09c14df2894/datanode-0/data/ratis/f3696f3b-a2d1-4fe7-b0e2-6aad921d85d9 for RaftStorage:Storage Directory /workdir/hadoop-ozone/integration-test/target/test-dir/MiniOzoneClusterImpl-d867a4e1-154a-4113-b5e4-c09c14df2894/datanode-0/data/ratis/f3696f3b-a2d1-4fe7-b0e2-6aad921d85d9
2019-09-12 10:31:41,731 [main] INFO  ozone.HddsDatanodeService (HddsDatanodeService.java:startPlugins(395)) - Started plug-in org.apache.hadoop.ozone.web.OzoneHddsDatanodeService@c6d7256
2019-09-12 10:31:41,731 [pool-218-thread-1] INFO  server.RaftServerConfigKeys (ConfUtils.java:logGet(43)) - raft.server.log.queue.byte-limit = 2147483647 (custom)
2019-09-12 10:31:41,731 [pool-218-thread-1] INFO  server.RaftServerConfigKeys (ConfUtils.java:logGet(43)) - raft.server.log.queue.element-limit = 1024 (custom)
2019-09-12 10:31:41,731 [main] INFO  impl.MetricsSystemImpl (MetricsSystemImpl.java:init(158)) - HddsDatanode metrics system started (again)
2019-09-12 10:31:41,732 [pool-218-thread-1] INFO  server.RaftServerConfigKeys (ConfUtils.java:logGet(43)) - raft.server.log.segment.size.max = 1048576 (custom)
2019-09-12 10:31:41,732 [pool-218-thread-1] INFO  server.RaftServerConfigKeys (ConfUtils.java:logGet(43)) - raft.server.log.preallocated.size = 16384 (custom)
2019-09-12 10:31:41,732 [pool-218-thread-1] INFO  server.RaftServerConfigKeys (ConfUtils.java:logGet(43)) - raft.server.log.write.buffer.size = 33554432 (custom)
2019-09-12 10:31:41,732 [pool-218-thread-1] INFO  server.RaftServerConfigKeys (ConfUtils.java:logGet(43)) - raft.server.log.force.sync.num = 128 (default)
2019-09-12 10:31:41,732 [pool-218-thread-1] INFO  server.RaftServerConfigKeys (ConfUtils.java:logGet(43)) - raft.server.log.statemachine.data.sync = true (default)
2019-09-12 10:31:41,732 [pool-218-thread-1] INFO  server.RaftServerConfigKeys (ConfUtils.java:logGet(43)) - raft.server.log.statemachine.data.sync.timeout = 10s (default)
2019-09-12 10:31:41,733 [pool-218-thread-1] INFO  server.RaftServerConfigKeys (ConfUtils.java:logGet(43)) - raft.server.log.statemachine.data.sync.timeout.retry = -1 (default)
2019-09-12 10:31:41,733 [pool-218-thread-1] INFO  server.RaftServerConfigKeys (ConfUtils.java:logGet(43)) - raft.server.log.statemachine.data.caching.enabled = true (custom)
2019-09-12 10:31:41,733 [pool-218-thread-1] INFO  segmented.SegmentedRaftLogWorker (SegmentedRaftLogWorker.java:lambda$new$0(132)) - 5dd0cd62-5770-41dd-9e5a-f3f3eedc40c1-SegmentedRaftLogWorker:Storage Directory /workdir/hadoop-ozone/integration-test/target/test-dir/MiniOzoneClusterImpl-d867a4e1-154a-4113-b5e4-c09c14df2894/datanode-0/data/ratis/f3696f3b-a2d1-4fe7-b0e2-6aad921d85d9: flushIndex: setUnconditionally 0 -> -1
2019-09-12 10:31:41,733 [org.apache.hadoop.util.JvmPauseMonitor$Monitor@795c07b5] INFO  util.JvmPauseMonitor (JvmPauseMonitor.java:run(188)) - Starting JVM pause monitor
2019-09-12 10:31:41,796 [b6dd7c38-f675-445e-811b-15cf17d56c0a-SegmentedRaftLogWorker:Storage Directory /workdir/hadoop-ozone/integration-test/target/test-dir/MiniOzoneClusterImpl-87a68f7a-76d1-4e01-bf62-4b4b582b7243/datanode-5/data/ratis/c7e511bf-ecae-43c4-84d6-7e742c78445b] ERROR segmented.SegmentedRaftLogWorker (SegmentedRaftLogWorker.java:run(323)) - b6dd7c38-f675-445e-811b-15cf17d56c0a-SegmentedRaftLogWorker:Storage Directory /workdir/hadoop-ozone/integration-test/target/test-dir/MiniOzoneClusterImpl-87a68f7a-76d1-4e01-bf62-4b4b582b7243/datanode-5/data/ratis/c7e511bf-ecae-43c4-84d6-7e742c78445b hit exception
java.lang.OutOfMemoryError: Direct buffer memory
	at java.nio.Bits.reserveMemory(Bits.java:666)
	at java.nio.DirectByteBuffer.<init>(DirectByteBuffer.java:123)
	at java.nio.ByteBuffer.allocateDirect(ByteBuffer.java:311)
	at org.apache.ratis.server.raftlog.segmented.BufferedWriteChannel.<init>(BufferedWriteChannel.java:41)
	at org.apache.ratis.server.raftlog.segmented.SegmentedRaftLogOutputStream.<init>(SegmentedRaftLogOutputStream.java:72)
	at org.apache.ratis.server.raftlog.segmented.SegmentedRaftLogWorker$StartLogSegment.execute(SegmentedRaftLogWorker.java:566)
	at org.apache.ratis.server.raftlog.segmented.SegmentedRaftLogWorker.run(SegmentedRaftLogWorker.java:289)
	at java.lang.Thread.run(Thread.java:748)
2019-09-12 10:31:41,796 [b6dd7c38-f675-445e-811b-15cf17d56c0a-SegmentedRaftLogWorker:Storage Directory /workdir/hadoop-ozone/integration-test/target/test-dir/MiniOzoneClusterImpl-87a68f7a-76d1-4e01-bf62-4b4b582b7243/datanode-5/data/ratis/c7e511bf-ecae-43c4-84d6-7e742c78445b] INFO  impl.RaftServerImpl (RaftServerImpl.java:lambda$shutdown$3(245)) - b6dd7c38-f675-445e-811b-15cf17d56c0a: shutdown group-7E742C78445B
2019-09-12 10:31:41,796 [9616c881-dbb1-48da-90dd-a872ed779a2e-SegmentedRaftLogWorker:Storage Directory /workdir/hadoop-ozone/integration-test/target/test-dir/MiniOzoneClusterImpl-87a68f7a-76d1-4e01-bf62-4b4b582b7243/datanode-6/data/ratis/edc4a03f-de98-44d3-8a5e-a05cc59351ca] ERROR segmented.SegmentedRaftLogWorker (SegmentedRaftLogWorker.java:run(323)) - 9616c881-dbb1-48da-90dd-a872ed779a2e-SegmentedRaftLogWorker:Storage Directory /workdir/hadoop-ozone/integration-test/target/test-dir/MiniOzoneClusterImpl-87a68f7a-76d1-4e01-bf62-4b4b582b7243/datanode-6/data/ratis/edc4a03f-de98-44d3-8a5e-a05cc59351ca hit exception
java.lang.OutOfMemoryError: Direct buffer memory
	at java.nio.Bits.reserveMemory(Bits.java:666)
	at java.nio.DirectByteBuffer.<init>(DirectByteBuffer.java:123)
	at java.nio.ByteBuffer.allocateDirect(ByteBuffer.java:311)
	at org.apache.ratis.server.raftlog.segmented.BufferedWriteChannel.<init>(BufferedWriteChannel.java:41)
	at org.apache.ratis.server.raftlog.segmented.SegmentedRaftLogOutputStream.<init>(SegmentedRaftLogOutputStream.java:72)
	at org.apache.ratis.server.raftlog.segmented.SegmentedRaftLogWorker$StartLogSegment.execute(SegmentedRaftLogWorker.java:566)
	at org.apache.ratis.server.raftlog.segmented.SegmentedRaftLogWorker.run(SegmentedRaftLogWorker.java:289)
	at java.lang.Thread.run(Thread.java:748)
2019-09-12 10:31:41,796 [b6dd7c38-f675-445e-811b-15cf17d56c0a-SegmentedRaftLogWorker:Storage Directory /workdir/hadoop-ozone/integration-test/target/test-dir/MiniOzoneClusterImpl-87a68f7a-76d1-4e01-bf62-4b4b582b7243/datanode-5/data/ratis/c7e511bf-ecae-43c4-84d6-7e742c78445b] INFO  util.JmxRegister (JmxRegister.java:unregister(73)) - Successfully un-registered JMX Bean with object name Ratis:service=RaftServer,group=group-7E742C78445B,id=b6dd7c38-f675-445e-811b-15cf17d56c0a
2019-09-12 10:31:41,797 [9616c881-dbb1-48da-90dd-a872ed779a2e-SegmentedRaftLogWorker:Storage Directory /workdir/hadoop-ozone/integration-test/target/test-dir/MiniOzoneClusterImpl-87a68f7a-76d1-4e01-bf62-4b4b582b7243/datanode-6/data/ratis/edc4a03f-de98-44d3-8a5e-a05cc59351ca] INFO  impl.RaftServerImpl (RaftServerImpl.java:lambda$shutdown$3(245)) - 9616c881-dbb1-48da-90dd-a872ed779a2e: shutdown group-A05CC59351CA
2019-09-12 10:31:41,797 [b6dd7c38-f675-445e-811b-15cf17d56c0a-SegmentedRaftLogWorker:Storage Directory /workdir/hadoop-ozone/integration-test/target/test-dir/MiniOzoneClusterImpl-87a68f7a-76d1-4e01-bf62-4b4b582b7243/datanode-5/data/ratis/c7e511bf-ecae-43c4-84d6-7e742c78445b] INFO  impl.RoleInfo (RoleInfo.java:shutdownLeaderState(104)) - b6dd7c38-f675-445e-811b-15cf17d56c0a: shutdown LeaderState
2019-09-12 10:31:41,797 [9616c881-dbb1-48da-90dd-a872ed779a2e-SegmentedRaftLogWorker:Storage Directory /workdir/hadoop-ozone/integration-test/target/test-dir/MiniOzoneClusterImpl-87a68f7a-76d1-4e01-bf62-4b4b582b7243/datanode-6/data/ratis/edc4a03f-de98-44d3-8a5e-a05cc59351ca] INFO  util.JmxRegister (JmxRegister.java:unregister(73)) - Successfully un-registered JMX Bean with object name Ratis:service=RaftServer,group=group-A05CC59351CA,id=9616c881-dbb1-48da-90dd-a872ed779a2e
2019-09-12 10:31:41,797 [b6dd7c38-f675-445e-811b-15cf17d56c0a-SegmentedRaftLogWorker:Storage Directory /workdir/hadoop-ozone/integration-test/target/test-dir/MiniOzoneClusterImpl-87a68f7a-76d1-4e01-bf62-4b4b582b7243/datanode-5/data/ratis/c7e511bf-ecae-43c4-84d6-7e742c78445b] INFO  impl.PendingRequests (PendingRequests.java:sendNotLeaderResponses(202)) - b6dd7c38-f675-445e-811b-15cf17d56c0a-PendingRequests: sendNotLeaderResponses
2019-09-12 10:31:41,797 [9616c881-dbb1-48da-90dd-a872ed779a2e-SegmentedRaftLogWorker:Storage Directory /workdir/hadoop-ozone/integration-test/target/test-dir/MiniOzoneClusterImpl-87a68f7a-76d1-4e01-bf62-4b4b582b7243/datanode-6/data/ratis/edc4a03f-de98-44d3-8a5e-a05cc59351ca] INFO  impl.RoleInfo (RoleInfo.java:shutdownLeaderState(104)) - 9616c881-dbb1-48da-90dd-a872ed779a2e: shutdown LeaderState
2019-09-12 10:31:41,797 [b6dd7c38-f675-445e-811b-15cf17d56c0a-SegmentedRaftLogWorker:Storage Directory /workdir/hadoop-ozone/integration-test/target/test-dir/MiniOzoneClusterImpl-87a68f7a-76d1-4e01-bf62-4b4b582b7243/datanode-5/data/ratis/c7e511bf-ecae-43c4-84d6-7e742c78445b] INFO  impl.StateMachineUpdater (StateMachineUpdater.java:stopAndJoin(115)) - StateMachineUpdater:b6dd7c38-f675-445e-811b-15cf17d56c0a:group-7E742C78445B: set stopIndex = -1
2019-09-12 10:31:41,798 [9616c881-dbb1-48da-90dd-a872ed779a2e-SegmentedRaftLogWorker:Storage Directory /workdir/hadoop-ozone/integration-test/target/test-dir/MiniOzoneClusterImpl-87a68f7a-76d1-4e01-bf62-4b4b582b7243/datanode-6/data/ratis/edc4a03f-de98-44d3-8a5e-a05cc59351ca] INFO  impl.PendingRequests (PendingRequests.java:sendNotLeaderResponses(202)) - 9616c881-dbb1-48da-90dd-a872ed779a2e-PendingRequests: sendNotLeaderResponses
2019-09-12 10:31:41,798 [b6dd7c38-f675-445e-811b-15cf17d56c0a-SegmentedRaftLogWorker:Storage Directory /workdir/hadoop-ozone/integration-test/target/test-dir/MiniOzoneClusterImpl-87a68f7a-76d1-4e01-bf62-4b4b582b7243/datanode-5/data/ratis/c7e511bf-ecae-43c4-84d6-7e742c78445b] INFO  impl.RaftServerImpl (ServerState.java:close(394)) - b6dd7c38-f675-445e-811b-15cf17d56c0a:group-7E742C78445B closes. The last applied log index is -1
2019-09-12 10:31:41,798 [9616c881-dbb1-48da-90dd-a872ed779a2e-SegmentedRaftLogWorker:Storage Directory /workdir/hadoop-ozone/integration-test/target/test-dir/MiniOzoneClusterImpl-87a68f7a-76d1-4e01-bf62-4b4b582b7243/datanode-6/data/ratis/edc4a03f-de98-44d3-8a5e-a05cc59351ca] INFO  impl.StateMachineUpdater (StateMachineUpdater.java:stopAndJoin(115)) - StateMachineUpdater:9616c881-dbb1-48da-90dd-a872ed779a2e:group-A05CC59351CA: set stopIndex = -1
2019-09-12 10:31:41,798 [b6dd7c38-f675-445e-811b-15cf17d56c0a-SegmentedRaftLogWorker:Storage Directory /workdir/hadoop-ozone/integration-test/target/test-dir/MiniOzoneClusterImpl-87a68f7a-76d1-4e01-bf62-4b4b582b7243/datanode-5/data/ratis/c7e511bf-ecae-43c4-84d6-7e742c78445b] INFO  segmented.SegmentedRaftLogWorker (SegmentedRaftLogWorker.java:close(228)) - b6dd7c38-f675-445e-811b-15cf17d56c0a-SegmentedRaftLogWorker:Storage Directory /workdir/hadoop-ozone/integration-test/target/test-dir/MiniOzoneClusterImpl-87a68f7a-76d1-4e01-bf62-4b4b582b7243/datanode-5/data/ratis/c7e511bf-ecae-43c4-84d6-7e742c78445b close()
2019-09-12 10:31:41,798 [9616c881-dbb1-48da-90dd-a872ed779a2e-SegmentedRaftLogWorker:Storage Directory /workdir/hadoop-ozone/integration-test/target/test-dir/MiniOzoneClusterImpl-87a68f7a-76d1-4e01-bf62-4b4b582b7243/datanode-6/data/ratis/edc4a03f-de98-44d3-8a5e-a05cc59351ca] INFO  impl.RaftServerImpl (ServerState.java:close(394)) - 9616c881-dbb1-48da-90dd-a872ed779a2e:group-A05CC59351CA closes. The last applied log index is -1
2019-09-12 10:31:41,798 [9616c881-dbb1-48da-90dd-a872ed779a2e-SegmentedRaftLogWorker:Storage Directory /workdir/hadoop-ozone/integration-test/target/test-dir/MiniOzoneClusterImpl-87a68f7a-76d1-4e01-bf62-4b4b582b7243/datanode-6/data/ratis/edc4a03f-de98-44d3-8a5e-a05cc59351ca] INFO  segmented.SegmentedRaftLogWorker (SegmentedRaftLogWorker.java:close(228)) - 9616c881-dbb1-48da-90dd-a872ed779a2e-SegmentedRaftLogWorker:Storage Directory /workdir/hadoop-ozone/integration-test/target/test-dir/MiniOzoneClusterImpl-87a68f7a-76d1-4e01-bf62-4b4b582b7243/datanode-6/data/ratis/edc4a03f-de98-44d3-8a5e-a05cc59351ca close()
2019-09-12 10:31:41,839 [pool-218-thread-1] INFO  server.RaftServerConfigKeys (ConfUtils.java:logGet(43)) - raft.server.snapshot.auto.trigger.enabled = true (custom)
2019-09-12 10:31:41,839 [pool-218-thread-1] INFO  server.RaftServerConfigKeys (ConfUtils.java:logGet(43)) - raft.server.snapshot.auto.trigger.threshold = 10000 (custom)
2019-09-12 10:31:41,844 [pool-218-thread-1] INFO  server.RaftServerConfigKeys (ConfUtils.java:logGet(43)) - raft.server.retrycache.expirytime = 600000ms (custom)
2019-09-12 10:31:41,844 [pool-218-thread-1] INFO  impl.RaftServerImpl (RaftServerImpl.java:start(180)) - 5dd0cd62-5770-41dd-9e5a-f3f3eedc40c1: start group-6AAD921D85D9
2019-09-12 10:31:41,844 [pool-218-thread-1] INFO  impl.RaftServerImpl (RaftServerImpl.java:setRole(171)) - 5dd0cd62-5770-41dd-9e5a-f3f3eedc40c1:group-6AAD921D85D9 changes role from null to FOLLOWER at term 0 for startAsFollower
2019-09-12 10:31:41,845 [pool-218-thread-1] INFO  impl.RoleInfo (RoleInfo.java:updateAndGet(143)) - 5dd0cd62-5770-41dd-9e5a-f3f3eedc40c1: start FollowerState
2019-09-12 10:31:41,845 [pool-218-thread-1] INFO  util.JmxRegister (JmxRegister.java:tryRegister(44)) - Successfully registered JMX Bean with object name Ratis:service=RaftServer,group=group-6AAD921D85D9,id=5dd0cd62-5770-41dd-9e5a-f3f3eedc40c1
2019-09-12 10:31:41,846 [Datanode State Machine Thread - 0] INFO  datanode.InitDatanodeState (InitDatanodeState.java:persistContainerDatanodeDetails(140)) - DatanodeDetails is persisted to /workdir/hadoop-ozone/integration-test/target/test-dir/MiniOzoneClusterImpl-d867a4e1-154a-4113-b5e4-c09c14df2894/datanode-4/meta/datanode.id
2019-09-12 10:31:41,850 [main] INFO  ozone.HddsDatanodeService (HddsDatanodeService.java:start(184)) - HddsDatanodeService host:pr-hdds-1569-58hkm-1881083799 ip:192.168.36.114
2019-09-12 10:31:41,855 [RatisPipelineUtilsThread] INFO  pipeline.PipelineStateManager (PipelineStateManager.java:addPipeline(56)) - Created pipeline Pipeline[ Id: f3696f3b-a2d1-4fe7-b0e2-6aad921d85d9, Nodes: 5dd0cd62-5770-41dd-9e5a-f3f3eedc40c1{ip: 192.168.36.114, host: pr-hdds-1569-58hkm-1881083799, networkLocation: /default-rack, certSerialId: null}, Type:RATIS, Factor:ONE, State:OPEN]
2019-09-12 10:31:41,860 [grpc-default-executor-0] INFO  impl.RaftServerProxy (RaftServerProxy.java:addNew(89)) - 5dd0cd62-5770-41dd-9e5a-f3f3eedc40c1: addNew group-29BB7B513424:[5dd0cd62-5770-41dd-9e5a-f3f3eedc40c1:192.168.36.114:42730] returns group-29BB7B513424:java.util.concurrent.CompletableFuture@7e69bf71[Not completed]
2019-09-12 10:31:41,872 [main] INFO  volume.HddsVolume (HddsVolume.java:<init>(176)) - Creating Volume: /workdir/hadoop-ozone/integration-test/target/test-dir/MiniOzoneClusterImpl-d867a4e1-154a-4113-b5e4-c09c14df2894/datanode-5/data/containers/hdds of  storage type : DISK and capacity : 1482555576320
2019-09-12 10:31:41,872 [9616c881-dbb1-48da-90dd-a872ed779a2e-SegmentedRaftLogWorker:Storage Directory /workdir/hadoop-ozone/integration-test/target/test-dir/MiniOzoneClusterImpl-87a68f7a-76d1-4e01-bf62-4b4b582b7243/datanode-6/data/ratis/b816484d-afdb-4bbe-b172-6be4bdb1f8bd] ERROR segmented.SegmentedRaftLogWorker (SegmentedRaftLogWorker.java:run(323)) - 9616c881-dbb1-48da-90dd-a872ed779a2e-SegmentedRaftLogWorker:Storage Directory /workdir/hadoop-ozone/integration-test/target/test-dir/MiniOzoneClusterImpl-87a68f7a-76d1-4e01-bf62-4b4b582b7243/datanode-6/data/ratis/b816484d-afdb-4bbe-b172-6be4bdb1f8bd hit exception
java.lang.OutOfMemoryError: Direct buffer memory
	at java.nio.Bits.reserveMemory(Bits.java:666)
	at java.nio.DirectByteBuffer.<init>(DirectByteBuffer.java:123)
	at java.nio.ByteBuffer.allocateDirect(ByteBuffer.java:311)
	at org.apache.ratis.server.raftlog.segmented.BufferedWriteChannel.<init>(BufferedWriteChannel.java:41)
	at org.apache.ratis.server.raftlog.segmented.SegmentedRaftLogOutputStream.<init>(SegmentedRaftLogOutputStream.java:72)
	at org.apache.ratis.server.raftlog.segmented.SegmentedRaftLogWorker$StartLogSegment.execute(SegmentedRaftLogWorker.java:566)
	at org.apache.ratis.server.raftlog.segmented.SegmentedRaftLogWorker.run(SegmentedRaftLogWorker.java:289)
	at java.lang.Thread.run(Thread.java:748)
2019-09-12 10:31:41,873 [pool-218-thread-1] INFO  impl.RaftServerImpl (RaftServerImpl.java:<init>(93)) - 5dd0cd62-5770-41dd-9e5a-f3f3eedc40c1: new RaftServerImpl for group-29BB7B513424:[5dd0cd62-5770-41dd-9e5a-f3f3eedc40c1:192.168.36.114:42730] with ContainerStateMachine:uninitialized
2019-09-12 10:31:41,873 [main] INFO  volume.VolumeSet (VolumeSet.java:initializeVolumeSet(170)) - Added Volume : /workdir/hadoop-ozone/integration-test/target/test-dir/MiniOzoneClusterImpl-d867a4e1-154a-4113-b5e4-c09c14df2894/datanode-5/data/containers/hdds to VolumeSet
2019-09-12 10:31:41,873 [pool-218-thread-1] INFO  server.RaftServerConfigKeys (ConfUtils.java:logGet(43)) - raft.server.rpc.timeout.min = 5s (custom)
2019-09-12 10:31:41,874 [pool-218-thread-1] INFO  server.RaftServerConfigKeys (ConfUtils.java:logGet(43)) - raft.server.rpc.timeout.max = 5200ms (custom)
2019-09-12 10:31:41,873 [9616c881-dbb1-48da-90dd-a872ed779a2e-SegmentedRaftLogWorker:Storage Directory /workdir/hadoop-ozone/integration-test/target/test-dir/MiniOzoneClusterImpl-87a68f7a-76d1-4e01-bf62-4b4b582b7243/datanode-6/data/ratis/b816484d-afdb-4bbe-b172-6be4bdb1f8bd] INFO  impl.RaftServerImpl (RaftServerImpl.java:lambda$shutdown$3(245)) - 9616c881-dbb1-48da-90dd-a872ed779a2e: shutdown group-6BE4BDB1F8BD
2019-09-12 10:31:41,874 [pool-218-thread-1] INFO  server.RaftServerConfigKeys (ConfUtils.java:logGet(43)) - raft.server.rpcslowness.timeout = 120s (custom)
2019-09-12 10:31:41,873 [main] INFO  volume.ThrottledAsyncChecker (ThrottledAsyncChecker.java:schedule(140)) - Scheduling a check for org.apache.hadoop.ozone.container.common.volume.HddsVolume@3c538e62
2019-09-12 10:31:41,874 [pool-218-thread-1] INFO  server.RaftServerConfigKeys (ConfUtils.java:logGet(43)) - raft.server.sleep.deviation.threshold = 300 (default)
2019-09-12 10:31:41,874 [pool-218-thread-1] INFO  server.RaftServerConfigKeys (ConfUtils.java:logGet(43)) - raft.server.log.appender.install.snapshot.enabled = false (custom)
2019-09-12 10:31:41,874 [9616c881-dbb1-48da-90dd-a872ed779a2e-SegmentedRaftLogWorker:Storage Directory /workdir/hadoop-ozone/integration-test/target/test-dir/MiniOzoneClusterImpl-87a68f7a-76d1-4e01-bf62-4b4b582b7243/datanode-6/data/ratis/b816484d-afdb-4bbe-b172-6be4bdb1f8bd] INFO  util.JmxRegister (JmxRegister.java:unregister(73)) - Successfully un-registered JMX Bean with object name Ratis:service=RaftServer,group=group-6BE4BDB1F8BD,id=9616c881-dbb1-48da-90dd-a872ed779a2e
2019-09-12 10:31:41,875 [main] INFO  volume.HddsVolumeChecker (HddsVolumeChecker.java:checkAllVolumes(203)) - Scheduled health check for volume org.apache.hadoop.ozone.container.common.volume.HddsVolume@3c538e62
2019-09-12 10:31:41,875 [pool-218-thread-1] INFO  impl.RaftServerImpl (ServerState.java:<init>(105)) - 5dd0cd62-5770-41dd-9e5a-f3f3eedc40c1:group-29BB7B513424 ConfigurationManager, init=-1: [5dd0cd62-5770-41dd-9e5a-f3f3eedc40c1:192.168.36.114:42730], old=null, confs=<EMPTY_MAP>
2019-09-12 10:31:41,875 [9616c881-dbb1-48da-90dd-a872ed779a2e-SegmentedRaftLogWorker:Storage Directory /workdir/hadoop-ozone/integration-test/target/test-dir/MiniOzoneClusterImpl-87a68f7a-76d1-4e01-bf62-4b4b582b7243/datanode-6/data/ratis/b816484d-afdb-4bbe-b172-6be4bdb1f8bd] INFO  impl.RoleInfo (RoleInfo.java:shutdownLeaderState(104)) - 9616c881-dbb1-48da-90dd-a872ed779a2e: shutdown LeaderState
2019-09-12 10:31:41,880 [pool-218-thread-1] INFO  server.RaftServerConfigKeys (ConfUtils.java:logGet(43)) - raft.server.storage.dir = [/workdir/hadoop-ozone/integration-test/target/test-dir/MiniOzoneClusterImpl-d867a4e1-154a-4113-b5e4-c09c14df2894/datanode-0/data/ratis] (custom)
2019-09-12 10:31:41,880 [9616c881-dbb1-48da-90dd-a872ed779a2e-SegmentedRaftLogWorker:Storage Directory /workdir/hadoop-ozone/integration-test/target/test-dir/MiniOzoneClusterImpl-87a68f7a-76d1-4e01-bf62-4b4b582b7243/datanode-6/data/ratis/b816484d-afdb-4bbe-b172-6be4bdb1f8bd] INFO  impl.PendingRequests (PendingRequests.java:sendNotLeaderResponses(202)) - 9616c881-dbb1-48da-90dd-a872ed779a2e-PendingRequests: sendNotLeaderResponses
2019-09-12 10:31:41,880 [9616c881-dbb1-48da-90dd-a872ed779a2e-SegmentedRaftLogWorker:Storage Directory /workdir/hadoop-ozone/integration-test/target/test-dir/MiniOzoneClusterImpl-87a68f7a-76d1-4e01-bf62-4b4b582b7243/datanode-6/data/ratis/b816484d-afdb-4bbe-b172-6be4bdb1f8bd] INFO  impl.StateMachineUpdater (StateMachineUpdater.java:stopAndJoin(115)) - StateMachineUpdater:9616c881-dbb1-48da-90dd-a872ed779a2e:group-6BE4BDB1F8BD: set stopIndex = -1
2019-09-12 10:31:41,880 [pool-218-thread-1] INFO  storage.RaftStorageDirectory (RaftStorageDirectory.java:analyzeStorage(246)) - The storage directory /workdir/hadoop-ozone/integration-test/target/test-dir/MiniOzoneClusterImpl-d867a4e1-154a-4113-b5e4-c09c14df2894/datanode-0/data/ratis/1b023430-a498-4db3-9504-29bb7b513424 does not exist. Creating ...
2019-09-12 10:31:41,881 [9616c881-dbb1-48da-90dd-a872ed779a2e-SegmentedRaftLogWorker:Storage Directory /workdir/hadoop-ozone/integration-test/target/test-dir/MiniOzoneClusterImpl-87a68f7a-76d1-4e01-bf62-4b4b582b7243/datanode-6/data/ratis/b816484d-afdb-4bbe-b172-6be4bdb1f8bd] INFO  impl.RaftServerImpl (ServerState.java:close(394)) - 9616c881-dbb1-48da-90dd-a872ed779a2e:group-6BE4BDB1F8BD closes. The last applied log index is -1
2019-09-12 10:31:41,881 [9616c881-dbb1-48da-90dd-a872ed779a2e-SegmentedRaftLogWorker:Storage Directory /workdir/hadoop-ozone/integration-test/target/test-dir/MiniOzoneClusterImpl-87a68f7a-76d1-4e01-bf62-4b4b582b7243/datanode-6/data/ratis/b816484d-afdb-4bbe-b172-6be4bdb1f8bd] INFO  segmented.SegmentedRaftLogWorker (SegmentedRaftLogWorker.java:close(228)) - 9616c881-dbb1-48da-90dd-a872ed779a2e-SegmentedRaftLogWorker:Storage Directory /workdir/hadoop-ozone/integration-test/target/test-dir/MiniOzoneClusterImpl-87a68f7a-76d1-4e01-bf62-4b4b582b7243/datanode-6/data/ratis/b816484d-afdb-4bbe-b172-6be4bdb1f8bd close()
2019-09-12 10:31:41,903 [pool-218-thread-1] INFO  storage.RaftStorageDirectory (RaftStorageDirectory.java:tryLock(328)) - Lock on /workdir/hadoop-ozone/integration-test/target/test-dir/MiniOzoneClusterImpl-d867a4e1-154a-4113-b5e4-c09c14df2894/datanode-0/data/ratis/1b023430-a498-4db3-9504-29bb7b513424/in_use.lock acquired by nodename 1396@pr-hdds-1569-58hkm-1881083799
2019-09-12 10:31:41,910 [b6dd7c38-f675-445e-811b-15cf17d56c0a-SegmentedRaftLogWorker:Storage Directory /workdir/hadoop-ozone/integration-test/target/test-dir/MiniOzoneClusterImpl-87a68f7a-76d1-4e01-bf62-4b4b582b7243/datanode-5/data/ratis/fda037f3-c620-42ae-982c-0bf7be6248fb] ERROR segmented.SegmentedRaftLogWorker (SegmentedRaftLogWorker.java:run(323)) - b6dd7c38-f675-445e-811b-15cf17d56c0a-SegmentedRaftLogWorker:Storage Directory /workdir/hadoop-ozone/integration-test/target/test-dir/MiniOzoneClusterImpl-87a68f7a-76d1-4e01-bf62-4b4b582b7243/datanode-5/data/ratis/fda037f3-c620-42ae-982c-0bf7be6248fb hit exception
java.lang.OutOfMemoryError: Direct buffer memory
	at java.nio.Bits.reserveMemory(Bits.java:666)
	at java.nio.DirectByteBuffer.<init>(DirectByteBuffer.java:123)
	at java.nio.ByteBuffer.allocateDirect(ByteBuffer.java:311)
	at org.apache.ratis.server.raftlog.segmented.BufferedWriteChannel.<init>(BufferedWriteChannel.java:41)
	at org.apache.ratis.server.raftlog.segmented.SegmentedRaftLogOutputStream.<init>(SegmentedRaftLogOutputStream.java:72)
	at org.apache.ratis.server.raftlog.segmented.SegmentedRaftLogWorker$StartLogSegment.execute(SegmentedRaftLogWorker.java:566)
	at org.apache.ratis.server.raftlog.segmented.SegmentedRaftLogWorker.run(SegmentedRaftLogWorker.java:289)
	at java.lang.Thread.run(Thread.java:748)
2019-09-12 10:31:41,910 [b6dd7c38-f675-445e-811b-15cf17d56c0a-SegmentedRaftLogWorker:Storage Directory /workdir/hadoop-ozone/integration-test/target/test-dir/MiniOzoneClusterImpl-87a68f7a-76d1-4e01-bf62-4b4b582b7243/datanode-5/data/ratis/74aac41e-c0e3-4881-93c8-9fc0cabdf736] ERROR segmented.SegmentedRaftLogWorker (SegmentedRaftLogWorker.java:run(323)) - b6dd7c38-f675-445e-811b-15cf17d56c0a-SegmentedRaftLogWorker:Storage Directory /workdir/hadoop-ozone/integration-test/target/test-dir/MiniOzoneClusterImpl-87a68f7a-76d1-4e01-bf62-4b4b582b7243/datanode-5/data/ratis/74aac41e-c0e3-4881-93c8-9fc0cabdf736 hit exception
java.lang.OutOfMemoryError: Direct buffer memory
	at java.nio.Bits.reserveMemory(Bits.java:666)
	at java.nio.DirectByteBuffer.<init>(DirectByteBuffer.java:123)
	at java.nio.ByteBuffer.allocateDirect(ByteBuffer.java:311)
	at org.apache.ratis.server.raftlog.segmented.BufferedWriteChannel.<init>(BufferedWriteChannel.java:41)
	at org.apache.ratis.server.raftlog.segmented.SegmentedRaftLogOutputStream.<init>(SegmentedRaftLogOutputStream.java:72)
	at org.apache.ratis.server.raftlog.segmented.SegmentedRaftLogWorker$StartLogSegment.execute(SegmentedRaftLogWorker.java:566)
	at org.apache.ratis.server.raftlog.segmented.SegmentedRaftLogWorker.run(SegmentedRaftLogWorker.java:289)
	at java.lang.Thread.run(Thread.java:748)
2019-09-12 10:31:41,911 [main] INFO  impl.RaftServerProxy (ConfUtils.java:logGet(43)) - raft.rpc.type = GRPC (default)
2019-09-12 10:31:41,911 [b6dd7c38-f675-445e-811b-15cf17d56c0a-SegmentedRaftLogWorker:Storage Directory /workdir/hadoop-ozone/integration-test/target/test-dir/MiniOzoneClusterImpl-87a68f7a-76d1-4e01-bf62-4b4b582b7243/datanode-5/data/ratis/fda037f3-c620-42ae-982c-0bf7be6248fb] INFO  impl.RaftServerImpl (RaftServerImpl.java:lambda$shutdown$3(245)) - b6dd7c38-f675-445e-811b-15cf17d56c0a: shutdown group-0BF7BE6248FB
2019-09-12 10:31:41,911 [main] INFO  grpc.GrpcFactory (GrpcFactory.java:checkPooledByteBufAllocatorUseCacheForAllThreads(45)) - PERFORMANCE WARNING: useCacheForAllThreads is true that may cause Netty to create a lot garbage objects and, as a result, trigger GC.
	It is recommended to disable useCacheForAllThreads by setting -Dorg.apache.ratis.thirdparty.io.netty.allocator.useCacheForAllThreads=false in command line.
2019-09-12 10:31:41,911 [b6dd7c38-f675-445e-811b-15cf17d56c0a-SegmentedRaftLogWorker:Storage Directory /workdir/hadoop-ozone/integration-test/target/test-dir/MiniOzoneClusterImpl-87a68f7a-76d1-4e01-bf62-4b4b582b7243/datanode-5/data/ratis/74aac41e-c0e3-4881-93c8-9fc0cabdf736] INFO  impl.RaftServerImpl (RaftServerImpl.java:lambda$shutdown$3(245)) - b6dd7c38-f675-445e-811b-15cf17d56c0a: shutdown group-9FC0CABDF736
2019-09-12 10:31:41,912 [main] INFO  grpc.GrpcConfigKeys$Server (ConfUtils.java:logGet(43)) - raft.grpc.server.port = 0 (default)
2019-09-12 10:31:41,911 [b6dd7c38-f675-445e-811b-15cf17d56c0a-SegmentedRaftLogWorker:Storage Directory /workdir/hadoop-ozone/integration-test/target/test-dir/MiniOzoneClusterImpl-87a68f7a-76d1-4e01-bf62-4b4b582b7243/datanode-5/data/ratis/fda037f3-c620-42ae-982c-0bf7be6248fb] INFO  util.JmxRegister (JmxRegister.java:unregister(73)) - Successfully un-registered JMX Bean with object name Ratis:service=RaftServer,group=group-0BF7BE6248FB,id=b6dd7c38-f675-445e-811b-15cf17d56c0a
2019-09-12 10:31:41,912 [main] INFO  server.GrpcService (ConfUtils.java:logGet(43)) - raft.grpc.message.size.max = 33570816 (custom)
2019-09-12 10:31:41,912 [main] INFO  server.RaftServerConfigKeys (ConfUtils.java:logGet(43)) - raft.server.log.appender.buffer.byte-limit = 33554432 (custom)
2019-09-12 10:31:41,912 [b6dd7c38-f675-445e-811b-15cf17d56c0a-SegmentedRaftLogWorker:Storage Directory /workdir/hadoop-ozone/integration-test/target/test-dir/MiniOzoneClusterImpl-87a68f7a-76d1-4e01-bf62-4b4b582b7243/datanode-5/data/ratis/74aac41e-c0e3-4881-93c8-9fc0cabdf736] INFO  util.JmxRegister (JmxRegister.java:unregister(73)) - Successfully un-registered JMX Bean with object name Ratis:service=RaftServer,group=group-9FC0CABDF736,id=b6dd7c38-f675-445e-811b-15cf17d56c0a
2019-09-12 10:31:41,913 [main] INFO  server.GrpcService (ConfUtils.java:logGet(43)) - raft.grpc.flow.control.window = 1MB (=1048576) (default)
2019-09-12 10:31:41,913 [main] INFO  server.RaftServerConfigKeys (ConfUtils.java:logGet(43)) - raft.server.rpc.request.timeout = 3000ms (default)
2019-09-12 10:31:41,912 [b6dd7c38-f675-445e-811b-15cf17d56c0a-SegmentedRaftLogWorker:Storage Directory /workdir/hadoop-ozone/integration-test/target/test-dir/MiniOzoneClusterImpl-87a68f7a-76d1-4e01-bf62-4b4b582b7243/datanode-5/data/ratis/fda037f3-c620-42ae-982c-0bf7be6248fb] INFO  impl.RoleInfo (RoleInfo.java:shutdownLeaderState(104)) - b6dd7c38-f675-445e-811b-15cf17d56c0a: shutdown LeaderState
2019-09-12 10:31:41,913 [b6dd7c38-f675-445e-811b-15cf17d56c0a-SegmentedRaftLogWorker:Storage Directory /workdir/hadoop-ozone/integration-test/target/test-dir/MiniOzoneClusterImpl-87a68f7a-76d1-4e01-bf62-4b4b582b7243/datanode-5/data/ratis/74aac41e-c0e3-4881-93c8-9fc0cabdf736] INFO  impl.RoleInfo (RoleInfo.java:shutdownLeaderState(104)) - b6dd7c38-f675-445e-811b-15cf17d56c0a: shutdown LeaderState
2019-09-12 10:31:41,913 [b6dd7c38-f675-445e-811b-15cf17d56c0a-SegmentedRaftLogWorker:Storage Directory /workdir/hadoop-ozone/integration-test/target/test-dir/MiniOzoneClusterImpl-87a68f7a-76d1-4e01-bf62-4b4b582b7243/datanode-5/data/ratis/fda037f3-c620-42ae-982c-0bf7be6248fb] INFO  impl.PendingRequests (PendingRequests.java:sendNotLeaderResponses(202)) - b6dd7c38-f675-445e-811b-15cf17d56c0a-PendingRequests: sendNotLeaderResponses
2019-09-12 10:31:41,914 [b6dd7c38-f675-445e-811b-15cf17d56c0a-SegmentedRaftLogWorker:Storage Directory /workdir/hadoop-ozone/integration-test/target/test-dir/MiniOzoneClusterImpl-87a68f7a-76d1-4e01-bf62-4b4b582b7243/datanode-5/data/ratis/74aac41e-c0e3-4881-93c8-9fc0cabdf736] INFO  impl.PendingRequests (PendingRequests.java:sendNotLeaderResponses(202)) - b6dd7c38-f675-445e-811b-15cf17d56c0a-PendingRequests: sendNotLeaderResponses
2019-09-12 10:31:41,914 [b6dd7c38-f675-445e-811b-15cf17d56c0a-SegmentedRaftLogWorker:Storage Directory /workdir/hadoop-ozone/integration-test/target/test-dir/MiniOzoneClusterImpl-87a68f7a-76d1-4e01-bf62-4b4b582b7243/datanode-5/data/ratis/fda037f3-c620-42ae-982c-0bf7be6248fb] INFO  impl.StateMachineUpdater (StateMachineUpdater.java:stopAndJoin(115)) - StateMachineUpdater:b6dd7c38-f675-445e-811b-15cf17d56c0a:group-0BF7BE6248FB: set stopIndex = -1
2019-09-12 10:31:41,914 [main] INFO  server.RaftServerConfigKeys (ConfUtils.java:logGet(43)) - raft.server.storage.dir = [/workdir/hadoop-ozone/integration-test/target/test-dir/MiniOzoneClusterImpl-d867a4e1-154a-4113-b5e4-c09c14df2894/datanode-5/data/ratis] (custom)
2019-09-12 10:31:41,914 [b6dd7c38-f675-445e-811b-15cf17d56c0a-SegmentedRaftLogWorker:Storage Directory /workdir/hadoop-ozone/integration-test/target/test-dir/MiniOzoneClusterImpl-87a68f7a-76d1-4e01-bf62-4b4b582b7243/datanode-5/data/ratis/fda037f3-c620-42ae-982c-0bf7be6248fb] INFO  impl.RaftServerImpl (ServerState.java:close(394)) - b6dd7c38-f675-445e-811b-15cf17d56c0a:group-0BF7BE6248FB closes. The last applied log index is -1
2019-09-12 10:31:41,914 [b6dd7c38-f675-445e-811b-15cf17d56c0a-SegmentedRaftLogWorker:Storage Directory /workdir/hadoop-ozone/integration-test/target/test-dir/MiniOzoneClusterImpl-87a68f7a-76d1-4e01-bf62-4b4b582b7243/datanode-5/data/ratis/74aac41e-c0e3-4881-93c8-9fc0cabdf736] INFO  impl.StateMachineUpdater (StateMachineUpdater.java:stopAndJoin(115)) - StateMachineUpdater:b6dd7c38-f675-445e-811b-15cf17d56c0a:group-9FC0CABDF736: set stopIndex = -1
2019-09-12 10:31:41,915 [b6dd7c38-f675-445e-811b-15cf17d56c0a-SegmentedRaftLogWorker:Storage Directory /workdir/hadoop-ozone/integration-test/target/test-dir/MiniOzoneClusterImpl-87a68f7a-76d1-4e01-bf62-4b4b582b7243/datanode-5/data/ratis/fda037f3-c620-42ae-982c-0bf7be6248fb] INFO  segmented.SegmentedRaftLogWorker (SegmentedRaftLogWorker.java:close(228)) - b6dd7c38-f675-445e-811b-15cf17d56c0a-SegmentedRaftLogWorker:Storage Directory /workdir/hadoop-ozone/integration-test/target/test-dir/MiniOzoneClusterImpl-87a68f7a-76d1-4e01-bf62-4b4b582b7243/datanode-5/data/ratis/fda037f3-c620-42ae-982c-0bf7be6248fb close()
2019-09-12 10:31:41,915 [b6dd7c38-f675-445e-811b-15cf17d56c0a-SegmentedRaftLogWorker:Storage Directory /workdir/hadoop-ozone/integration-test/target/test-dir/MiniOzoneClusterImpl-87a68f7a-76d1-4e01-bf62-4b4b582b7243/datanode-5/data/ratis/74aac41e-c0e3-4881-93c8-9fc0cabdf736] INFO  impl.RaftServerImpl (ServerState.java:close(394)) - b6dd7c38-f675-445e-811b-15cf17d56c0a:group-9FC0CABDF736 closes. The last applied log index is -1
2019-09-12 10:31:41,915 [main] INFO  replication.SimpleContainerDownloader (SimpleContainerDownloader.java:<init>(72)) - Starting container downloader service to copy containers to replicate.
2019-09-12 10:31:41,924 [pool-218-thread-1] INFO  storage.RaftStorage (RaftStorage.java:format(72)) - Storage directory /workdir/hadoop-ozone/integration-test/target/test-dir/MiniOzoneClusterImpl-d867a4e1-154a-4113-b5e4-c09c14df2894/datanode-0/data/ratis/1b023430-a498-4db3-9504-29bb7b513424 has been successfully formatted.
2019-09-12 10:31:41,924 [b6dd7c38-f675-445e-811b-15cf17d56c0a-SegmentedRaftLogWorker:Storage Directory /workdir/hadoop-ozone/integration-test/target/test-dir/MiniOzoneClusterImpl-87a68f7a-76d1-4e01-bf62-4b4b582b7243/datanode-5/data/ratis/74aac41e-c0e3-4881-93c8-9fc0cabdf736] INFO  segmented.SegmentedRaftLogWorker (SegmentedRaftLogWorker.java:close(228)) - b6dd7c38-f675-445e-811b-15cf17d56c0a-SegmentedRaftLogWorker:Storage Directory /workdir/hadoop-ozone/integration-test/target/test-dir/MiniOzoneClusterImpl-87a68f7a-76d1-4e01-bf62-4b4b582b7243/datanode-5/data/ratis/74aac41e-c0e3-4881-93c8-9fc0cabdf736 close()
2019-09-12 10:31:41,924 [pool-218-thread-1] INFO  ratis.ContainerStateMachine (ContainerStateMachine.java:loadSnapshot(226)) - group-29BB7B513424: The snapshot info is null. Setting the last applied indexto:(t:0, i:~)
2019-09-12 10:31:41,932 [main] INFO  hdfs.DFSUtil (DFSUtil.java:httpServerTemplateForNNAndJN(1641)) - Starting Web-server for hddsDatanode at: http://0.0.0.0:0
2019-09-12 10:31:41,932 [pool-218-thread-1] INFO  server.RaftServerConfigKeys (ConfUtils.java:logGet(43)) - raft.server.leader.election.timeout = 120s (custom)
2019-09-12 10:31:41,933 [pool-218-thread-1] INFO  server.RaftServerConfigKeys (ConfUtils.java:logGet(43)) - raft.server.log.use.memory = false (default)
2019-09-12 10:31:41,933 [pool-218-thread-1] INFO  server.RaftServerConfigKeys (ConfUtils.java:logGet(43)) - raft.server.log.purge.gap = 1000000 (custom)
2019-09-12 10:31:41,933 [pool-218-thread-1] INFO  server.RaftServerConfigKeys (ConfUtils.java:logGet(43)) - raft.server.log.appender.buffer.byte-limit = 33554432 (custom)
2019-09-12 10:31:41,933 [pool-218-thread-1] INFO  server.RaftServerConfigKeys (ConfUtils.java:logGet(43)) - raft.server.log.segment.size.max = 1048576 (custom)
2019-09-12 10:31:41,934 [pool-218-thread-1] INFO  server.RaftServerConfigKeys (ConfUtils.java:logGet(43)) - raft.server.log.segment.cache.num.max = 2 (custom)
2019-09-12 10:31:41,934 [pool-218-thread-1] INFO  segmented.SegmentedRaftLogWorker (SegmentedRaftLogWorker.java:<init>(172)) - new 5dd0cd62-5770-41dd-9e5a-f3f3eedc40c1-SegmentedRaftLogWorker:Storage Directory /workdir/hadoop-ozone/integration-test/target/test-dir/MiniOzoneClusterImpl-d867a4e1-154a-4113-b5e4-c09c14df2894/datanode-0/data/ratis/1b023430-a498-4db3-9504-29bb7b513424 for RaftStorage:Storage Directory /workdir/hadoop-ozone/integration-test/target/test-dir/MiniOzoneClusterImpl-d867a4e1-154a-4113-b5e4-c09c14df2894/datanode-0/data/ratis/1b023430-a498-4db3-9504-29bb7b513424
2019-09-12 10:31:41,934 [pool-218-thread-1] INFO  server.RaftServerConfigKeys (ConfUtils.java:logGet(43)) - raft.server.log.queue.byte-limit = 2147483647 (custom)
2019-09-12 10:31:41,934 [pool-218-thread-1] INFO  server.RaftServerConfigKeys (ConfUtils.java:logGet(43)) - raft.server.log.queue.element-limit = 1024 (custom)
2019-09-12 10:31:41,934 [pool-218-thread-1] INFO  server.RaftServerConfigKeys (ConfUtils.java:logGet(43)) - raft.server.log.segment.size.max = 1048576 (custom)
2019-09-12 10:31:41,934 [pool-218-thread-1] INFO  server.RaftServerConfigKeys (ConfUtils.java:logGet(43)) - raft.server.log.preallocated.size = 16384 (custom)
2019-09-12 10:31:41,934 [pool-218-thread-1] INFO  server.RaftServerConfigKeys (ConfUtils.java:logGet(43)) - raft.server.log.write.buffer.size = 33554432 (custom)
2019-09-12 10:31:41,935 [pool-218-thread-1] INFO  server.RaftServerConfigKeys (ConfUtils.java:logGet(43)) - raft.server.log.force.sync.num = 128 (default)
2019-09-12 10:31:41,935 [main] INFO  server.AuthenticationFilter (AuthenticationFilter.java:constructSecretProvider(240)) - Unable to initialize FileSignerSecretProvider, falling back to use random secrets.
2019-09-12 10:31:41,935 [pool-218-thread-1] INFO  server.RaftServerConfigKeys (ConfUtils.java:logGet(43)) - raft.server.log.statemachine.data.sync = true (default)
2019-09-12 10:31:41,935 [pool-218-thread-1] INFO  server.RaftServerConfigKeys (ConfUtils.java:logGet(43)) - raft.server.log.statemachine.data.sync.timeout = 10s (default)
2019-09-12 10:31:41,935 [pool-218-thread-1] INFO  server.RaftServerConfigKeys (ConfUtils.java:logGet(43)) - raft.server.log.statemachine.data.sync.timeout.retry = -1 (default)
2019-09-12 10:31:41,935 [main] WARN  http.HttpRequestLog (HttpRequestLog.java:getRequestLog(97)) - Jetty request log can only be enabled using Log4j
2019-09-12 10:31:41,936 [pool-218-thread-1] INFO  server.RaftServerConfigKeys (ConfUtils.java:logGet(43)) - raft.server.log.statemachine.data.caching.enabled = true (custom)
2019-09-12 10:31:41,936 [pool-218-thread-1] INFO  segmented.SegmentedRaftLogWorker (SegmentedRaftLogWorker.java:lambda$new$0(132)) - 5dd0cd62-5770-41dd-9e5a-f3f3eedc40c1-SegmentedRaftLogWorker:Storage Directory /workdir/hadoop-ozone/integration-test/target/test-dir/MiniOzoneClusterImpl-d867a4e1-154a-4113-b5e4-c09c14df2894/datanode-0/data/ratis/1b023430-a498-4db3-9504-29bb7b513424: flushIndex: setUnconditionally 0 -> -1
2019-09-12 10:31:41,937 [pool-218-thread-1] INFO  server.RaftServerConfigKeys (ConfUtils.java:logGet(43)) - raft.server.snapshot.auto.trigger.enabled = true (custom)
2019-09-12 10:31:41,937 [pool-218-thread-1] INFO  server.RaftServerConfigKeys (ConfUtils.java:logGet(43)) - raft.server.snapshot.auto.trigger.threshold = 10000 (custom)
2019-09-12 10:31:41,937 [pool-218-thread-1] INFO  server.RaftServerConfigKeys (ConfUtils.java:logGet(43)) - raft.server.retrycache.expirytime = 600000ms (custom)
2019-09-12 10:31:41,937 [pool-218-thread-1] INFO  impl.RaftServerImpl (RaftServerImpl.java:start(180)) - 5dd0cd62-5770-41dd-9e5a-f3f3eedc40c1: start group-29BB7B513424
2019-09-12 10:31:41,937 [pool-218-thread-1] INFO  impl.RaftServerImpl (RaftServerImpl.java:setRole(171)) - 5dd0cd62-5770-41dd-9e5a-f3f3eedc40c1:group-29BB7B513424 changes role from null to FOLLOWER at term 0 for startAsFollower
2019-09-12 10:31:41,937 [pool-218-thread-1] INFO  impl.RoleInfo (RoleInfo.java:updateAndGet(143)) - 5dd0cd62-5770-41dd-9e5a-f3f3eedc40c1: start FollowerState
2019-09-12 10:31:41,938 [main] INFO  http.HttpServer2 (HttpServer2.java:addGlobalFilter(975)) - Added global filter 'safety' (class=org.apache.hadoop.http.HttpServer2$QuotingInputFilter)
2019-09-12 10:31:41,938 [pool-218-thread-1] INFO  util.JmxRegister (JmxRegister.java:tryRegister(44)) - Successfully registered JMX Bean with object name Ratis:service=RaftServer,group=group-29BB7B513424,id=5dd0cd62-5770-41dd-9e5a-f3f3eedc40c1
2019-09-12 10:31:41,939 [main] INFO  http.HttpServer2 (HttpServer2.java:addFilter(948)) - Added filter static_user_filter (class=org.apache.hadoop.http.lib.StaticUserWebFilter$StaticUserFilter) to context hddsDatanode
2019-09-12 10:31:41,939 [main] INFO  http.HttpServer2 (HttpServer2.java:addFilter(958)) - Added filter static_user_filter (class=org.apache.hadoop.http.lib.StaticUserWebFilter$StaticUserFilter) to context logs
2019-09-12 10:31:41,939 [main] INFO  http.HttpServer2 (HttpServer2.java:addFilter(958)) - Added filter static_user_filter (class=org.apache.hadoop.http.lib.StaticUserWebFilter$StaticUserFilter) to context static
2019-09-12 10:31:41,940 [main] INFO  http.HttpServer2 (HttpServer2.java:bindListener(1191)) - Jetty bound to port 33935
2019-09-12 10:31:41,940 [main] INFO  server.Server (Server.java:doStart(351)) - jetty-9.3.24.v20180605, build timestamp: 2018-06-05T17:11:56Z, git hash: 84205aa28f11a4f31f2a3b86d1bba2cc8ab69827
2019-09-12 10:31:41,941 [RatisPipelineUtilsThread] INFO  pipeline.PipelineStateManager (PipelineStateManager.java:addPipeline(56)) - Created pipeline Pipeline[ Id: 1b023430-a498-4db3-9504-29bb7b513424, Nodes: 5dd0cd62-5770-41dd-9e5a-f3f3eedc40c1{ip: 192.168.36.114, host: pr-hdds-1569-58hkm-1881083799, networkLocation: /default-rack, certSerialId: null}, Type:RATIS, Factor:ONE, State:OPEN]
2019-09-12 10:31:41,941 [9616c881-dbb1-48da-90dd-a872ed779a2e-SegmentedRaftLogWorker:Storage Directory /workdir/hadoop-ozone/integration-test/target/test-dir/MiniOzoneClusterImpl-87a68f7a-76d1-4e01-bf62-4b4b582b7243/datanode-6/data/ratis/80fda428-5e26-4bb6-9d06-e52faf82d551] ERROR segmented.SegmentedRaftLogWorker (SegmentedRaftLogWorker.java:run(323)) - 9616c881-dbb1-48da-90dd-a872ed779a2e-SegmentedRaftLogWorker:Storage Directory /workdir/hadoop-ozone/integration-test/target/test-dir/MiniOzoneClusterImpl-87a68f7a-76d1-4e01-bf62-4b4b582b7243/datanode-6/data/ratis/80fda428-5e26-4bb6-9d06-e52faf82d551 hit exception
java.lang.OutOfMemoryError: Direct buffer memory
	at java.nio.Bits.reserveMemory(Bits.java:666)
	at java.nio.DirectByteBuffer.<init>(DirectByteBuffer.java:123)
	at java.nio.ByteBuffer.allocateDirect(ByteBuffer.java:311)
	at org.apache.ratis.server.raftlog.segmented.BufferedWriteChannel.<init>(BufferedWriteChannel.java:41)
	at org.apache.ratis.server.raftlog.segmented.SegmentedRaftLogOutputStream.<init>(SegmentedRaftLogOutputStream.java:72)
	at org.apache.ratis.server.raftlog.segmented.SegmentedRaftLogWorker$StartLogSegment.execute(SegmentedRaftLogWorker.java:566)
	at org.apache.ratis.server.raftlog.segmented.SegmentedRaftLogWorker.run(SegmentedRaftLogWorker.java:289)
	at java.lang.Thread.run(Thread.java:748)
2019-09-12 10:31:41,941 [b6dd7c38-f675-445e-811b-15cf17d56c0a-SegmentedRaftLogWorker:Storage Directory /workdir/hadoop-ozone/integration-test/target/test-dir/MiniOzoneClusterImpl-87a68f7a-76d1-4e01-bf62-4b4b582b7243/datanode-5/data/ratis/2b03e9ab-3067-412b-a145-937c70d4fd31] ERROR segmented.SegmentedRaftLogWorker (SegmentedRaftLogWorker.java:run(323)) - b6dd7c38-f675-445e-811b-15cf17d56c0a-SegmentedRaftLogWorker:Storage Directory /workdir/hadoop-ozone/integration-test/target/test-dir/MiniOzoneClusterImpl-87a68f7a-76d1-4e01-bf62-4b4b582b7243/datanode-5/data/ratis/2b03e9ab-3067-412b-a145-937c70d4fd31 hit exception
java.lang.OutOfMemoryError: Direct buffer memory
	at java.nio.Bits.reserveMemory(Bits.java:666)
	at java.nio.DirectByteBuffer.<init>(DirectByteBuffer.java:123)
	at java.nio.ByteBuffer.allocateDirect(ByteBuffer.java:311)
	at org.apache.ratis.server.raftlog.segmented.BufferedWriteChannel.<init>(BufferedWriteChannel.java:41)
	at org.apache.ratis.server.raftlog.segmented.SegmentedRaftLogOutputStream.<init>(SegmentedRaftLogOutputStream.java:72)
	at org.apache.ratis.server.raftlog.segmented.SegmentedRaftLogWorker$StartLogSegment.execute(SegmentedRaftLogWorker.java:566)
	at org.apache.ratis.server.raftlog.segmented.SegmentedRaftLogWorker.run(SegmentedRaftLogWorker.java:289)
	at java.lang.Thread.run(Thread.java:748)
2019-09-12 10:31:41,942 [9616c881-dbb1-48da-90dd-a872ed779a2e-SegmentedRaftLogWorker:Storage Directory /workdir/hadoop-ozone/integration-test/target/test-dir/MiniOzoneClusterImpl-87a68f7a-76d1-4e01-bf62-4b4b582b7243/datanode-6/data/ratis/80fda428-5e26-4bb6-9d06-e52faf82d551] INFO  impl.RaftServerImpl (RaftServerImpl.java:lambda$shutdown$3(245)) - 9616c881-dbb1-48da-90dd-a872ed779a2e: shutdown group-E52FAF82D551
2019-09-12 10:31:41,942 [b6dd7c38-f675-445e-811b-15cf17d56c0a-SegmentedRaftLogWorker:Storage Directory /workdir/hadoop-ozone/integration-test/target/test-dir/MiniOzoneClusterImpl-87a68f7a-76d1-4e01-bf62-4b4b582b7243/datanode-5/data/ratis/2b03e9ab-3067-412b-a145-937c70d4fd31] INFO  impl.RaftServerImpl (RaftServerImpl.java:lambda$shutdown$3(245)) - b6dd7c38-f675-445e-811b-15cf17d56c0a: shutdown group-937C70D4FD31
2019-09-12 10:31:41,942 [9616c881-dbb1-48da-90dd-a872ed779a2e-SegmentedRaftLogWorker:Storage Directory /workdir/hadoop-ozone/integration-test/target/test-dir/MiniOzoneClusterImpl-87a68f7a-76d1-4e01-bf62-4b4b582b7243/datanode-6/data/ratis/80fda428-5e26-4bb6-9d06-e52faf82d551] INFO  util.JmxRegister (JmxRegister.java:unregister(73)) - Successfully un-registered JMX Bean with object name Ratis:service=RaftServer,group=group-E52FAF82D551,id=9616c881-dbb1-48da-90dd-a872ed779a2e
2019-09-12 10:31:41,942 [b6dd7c38-f675-445e-811b-15cf17d56c0a-SegmentedRaftLogWorker:Storage Directory /workdir/hadoop-ozone/integration-test/target/test-dir/MiniOzoneClusterImpl-87a68f7a-76d1-4e01-bf62-4b4b582b7243/datanode-5/data/ratis/2b03e9ab-3067-412b-a145-937c70d4fd31] INFO  util.JmxRegister (JmxRegister.java:unregister(73)) - Successfully un-registered JMX Bean with object name Ratis:service=RaftServer,group=group-937C70D4FD31,id=b6dd7c38-f675-445e-811b-15cf17d56c0a
2019-09-12 10:31:41,942 [9616c881-dbb1-48da-90dd-a872ed779a2e-SegmentedRaftLogWorker:Storage Directory /workdir/hadoop-ozone/integration-test/target/test-dir/MiniOzoneClusterImpl-87a68f7a-76d1-4e01-bf62-4b4b582b7243/datanode-6/data/ratis/80fda428-5e26-4bb6-9d06-e52faf82d551] INFO  impl.RoleInfo (RoleInfo.java:shutdownLeaderState(104)) - 9616c881-dbb1-48da-90dd-a872ed779a2e: shutdown LeaderState
2019-09-12 10:31:41,942 [b6dd7c38-f675-445e-811b-15cf17d56c0a-SegmentedRaftLogWorker:Storage Directory /workdir/hadoop-ozone/integration-test/target/test-dir/MiniOzoneClusterImpl-87a68f7a-76d1-4e01-bf62-4b4b582b7243/datanode-5/data/ratis/2b03e9ab-3067-412b-a145-937c70d4fd31] INFO  impl.RoleInfo (RoleInfo.java:shutdownLeaderState(104)) - b6dd7c38-f675-445e-811b-15cf17d56c0a: shutdown LeaderState
2019-09-12 10:31:41,942 [9616c881-dbb1-48da-90dd-a872ed779a2e-SegmentedRaftLogWorker:Storage Directory /workdir/hadoop-ozone/integration-test/target/test-dir/MiniOzoneClusterImpl-87a68f7a-76d1-4e01-bf62-4b4b582b7243/datanode-6/data/ratis/80fda428-5e26-4bb6-9d06-e52faf82d551] INFO  impl.PendingRequests (PendingRequests.java:sendNotLeaderResponses(202)) - 9616c881-dbb1-48da-90dd-a872ed779a2e-PendingRequests: sendNotLeaderResponses
2019-09-12 10:31:41,943 [b6dd7c38-f675-445e-811b-15cf17d56c0a-SegmentedRaftLogWorker:Storage Directory /workdir/hadoop-ozone/integration-test/target/test-dir/MiniOzoneClusterImpl-87a68f7a-76d1-4e01-bf62-4b4b582b7243/datanode-5/data/ratis/2b03e9ab-3067-412b-a145-937c70d4fd31] INFO  impl.PendingRequests (PendingRequests.java:sendNotLeaderResponses(202)) - b6dd7c38-f675-445e-811b-15cf17d56c0a-PendingRequests: sendNotLeaderResponses
2019-09-12 10:31:41,943 [main] INFO  handler.ContextHandler (ContextHandler.java:doStart(781)) - Started o.e.j.s.ServletContextHandler@7957aa57{/logs,file:///workdir/hadoop-ozone/integration-test/target/log,AVAILABLE}
2019-09-12 10:31:41,943 [9616c881-dbb1-48da-90dd-a872ed779a2e-SegmentedRaftLogWorker:Storage Directory /workdir/hadoop-ozone/integration-test/target/test-dir/MiniOzoneClusterImpl-87a68f7a-76d1-4e01-bf62-4b4b582b7243/datanode-6/data/ratis/80fda428-5e26-4bb6-9d06-e52faf82d551] INFO  impl.StateMachineUpdater (StateMachineUpdater.java:stopAndJoin(115)) - StateMachineUpdater:9616c881-dbb1-48da-90dd-a872ed779a2e:group-E52FAF82D551: set stopIndex = -1
2019-09-12 10:31:41,943 [b6dd7c38-f675-445e-811b-15cf17d56c0a-SegmentedRaftLogWorker:Storage Directory /workdir/hadoop-ozone/integration-test/target/test-dir/MiniOzoneClusterImpl-87a68f7a-76d1-4e01-bf62-4b4b582b7243/datanode-5/data/ratis/2b03e9ab-3067-412b-a145-937c70d4fd31] INFO  impl.StateMachineUpdater (StateMachineUpdater.java:stopAndJoin(115)) - StateMachineUpdater:b6dd7c38-f675-445e-811b-15cf17d56c0a:group-937C70D4FD31: set stopIndex = -1
2019-09-12 10:31:41,943 [9616c881-dbb1-48da-90dd-a872ed779a2e-SegmentedRaftLogWorker:Storage Directory /workdir/hadoop-ozone/integration-test/target/test-dir/MiniOzoneClusterImpl-87a68f7a-76d1-4e01-bf62-4b4b582b7243/datanode-6/data/ratis/80fda428-5e26-4bb6-9d06-e52faf82d551] INFO  impl.RaftServerImpl (ServerState.java:close(394)) - 9616c881-dbb1-48da-90dd-a872ed779a2e:group-E52FAF82D551 closes. The last applied log index is -1
2019-09-12 10:31:41,944 [b6dd7c38-f675-445e-811b-15cf17d56c0a-SegmentedRaftLogWorker:Storage Directory /workdir/hadoop-ozone/integration-test/target/test-dir/MiniOzoneClusterImpl-87a68f7a-76d1-4e01-bf62-4b4b582b7243/datanode-5/data/ratis/2b03e9ab-3067-412b-a145-937c70d4fd31] INFO  impl.RaftServerImpl (ServerState.java:close(394)) - b6dd7c38-f675-445e-811b-15cf17d56c0a:group-937C70D4FD31 closes. The last applied log index is -1
2019-09-12 10:31:41,944 [9616c881-dbb1-48da-90dd-a872ed779a2e-SegmentedRaftLogWorker:Storage Directory /workdir/hadoop-ozone/integration-test/target/test-dir/MiniOzoneClusterImpl-87a68f7a-76d1-4e01-bf62-4b4b582b7243/datanode-6/data/ratis/80fda428-5e26-4bb6-9d06-e52faf82d551] INFO  segmented.SegmentedRaftLogWorker (SegmentedRaftLogWorker.java:close(228)) - 9616c881-dbb1-48da-90dd-a872ed779a2e-SegmentedRaftLogWorker:Storage Directory /workdir/hadoop-ozone/integration-test/target/test-dir/MiniOzoneClusterImpl-87a68f7a-76d1-4e01-bf62-4b4b582b7243/datanode-6/data/ratis/80fda428-5e26-4bb6-9d06-e52faf82d551 close()
2019-09-12 10:31:41,944 [b6dd7c38-f675-445e-811b-15cf17d56c0a-SegmentedRaftLogWorker:Storage Directory /workdir/hadoop-ozone/integration-test/target/test-dir/MiniOzoneClusterImpl-87a68f7a-76d1-4e01-bf62-4b4b582b7243/datanode-5/data/ratis/2b03e9ab-3067-412b-a145-937c70d4fd31] INFO  segmented.SegmentedRaftLogWorker (SegmentedRaftLogWorker.java:close(228)) - b6dd7c38-f675-445e-811b-15cf17d56c0a-SegmentedRaftLogWorker:Storage Directory /workdir/hadoop-ozone/integration-test/target/test-dir/MiniOzoneClusterImpl-87a68f7a-76d1-4e01-bf62-4b4b582b7243/datanode-5/data/ratis/2b03e9ab-3067-412b-a145-937c70d4fd31 close()
2019-09-12 10:31:41,944 [main] INFO  handler.ContextHandler (ContextHandler.java:doStart(781)) - Started o.e.j.s.ServletContextHandler@6b3bc1f6{/static,jar:file:/home/user/.m2/repository/org/apache/hadoop/hadoop-hdds-container-service/0.5.0-SNAPSHOT/hadoop-hdds-container-service-0.5.0-SNAPSHOT.jar!/webapps/static,AVAILABLE}
2019-09-12 10:31:41,963 [grpc-default-executor-0] INFO  impl.RaftServerProxy (RaftServerProxy.java:addNew(89)) - 5dd0cd62-5770-41dd-9e5a-f3f3eedc40c1: addNew group-C863DDFB95B6:[5dd0cd62-5770-41dd-9e5a-f3f3eedc40c1:192.168.36.114:42730] returns group-C863DDFB95B6:java.util.concurrent.CompletableFuture@4561441e[Not completed]
2019-09-12 10:31:41,964 [pool-218-thread-1] INFO  impl.RaftServerImpl (RaftServerImpl.java:<init>(93)) - 5dd0cd62-5770-41dd-9e5a-f3f3eedc40c1: new RaftServerImpl for group-C863DDFB95B6:[5dd0cd62-5770-41dd-9e5a-f3f3eedc40c1:192.168.36.114:42730] with ContainerStateMachine:uninitialized
2019-09-12 10:31:41,965 [pool-218-thread-1] INFO  server.RaftServerConfigKeys (ConfUtils.java:logGet(43)) - raft.server.rpc.timeout.min = 5s (custom)
2019-09-12 10:31:41,965 [pool-218-thread-1] INFO  server.RaftServerConfigKeys (ConfUtils.java:logGet(43)) - raft.server.rpc.timeout.max = 5200ms (custom)
2019-09-12 10:31:41,965 [pool-218-thread-1] INFO  server.RaftServerConfigKeys (ConfUtils.java:logGet(43)) - raft.server.rpcslowness.timeout = 120s (custom)
2019-09-12 10:31:41,965 [pool-218-thread-1] INFO  server.RaftServerConfigKeys (ConfUtils.java:logGet(43)) - raft.server.sleep.deviation.threshold = 300 (default)
2019-09-12 10:31:41,965 [pool-218-thread-1] INFO  server.RaftServerConfigKeys (ConfUtils.java:logGet(43)) - raft.server.log.appender.install.snapshot.enabled = false (custom)
2019-09-12 10:31:41,965 [pool-218-thread-1] INFO  impl.RaftServerImpl (ServerState.java:<init>(105)) - 5dd0cd62-5770-41dd-9e5a-f3f3eedc40c1:group-C863DDFB95B6 ConfigurationManager, init=-1: [5dd0cd62-5770-41dd-9e5a-f3f3eedc40c1:192.168.36.114:42730], old=null, confs=<EMPTY_MAP>
2019-09-12 10:31:41,965 [pool-218-thread-1] INFO  server.RaftServerConfigKeys (ConfUtils.java:logGet(43)) - raft.server.storage.dir = [/workdir/hadoop-ozone/integration-test/target/test-dir/MiniOzoneClusterImpl-d867a4e1-154a-4113-b5e4-c09c14df2894/datanode-0/data/ratis] (custom)
2019-09-12 10:31:41,966 [pool-218-thread-1] INFO  storage.RaftStorageDirectory (RaftStorageDirectory.java:analyzeStorage(246)) - The storage directory /workdir/hadoop-ozone/integration-test/target/test-dir/MiniOzoneClusterImpl-d867a4e1-154a-4113-b5e4-c09c14df2894/datanode-0/data/ratis/c876beb0-6b8b-4f33-b2be-c863ddfb95b6 does not exist. Creating ...
2019-09-12 10:31:41,971 [9616c881-dbb1-48da-90dd-a872ed779a2e-SegmentedRaftLogWorker:Storage Directory /workdir/hadoop-ozone/integration-test/target/test-dir/MiniOzoneClusterImpl-87a68f7a-76d1-4e01-bf62-4b4b582b7243/datanode-6/data/ratis/908df263-251a-4de7-8d9c-c6f02a7447f5] ERROR segmented.SegmentedRaftLogWorker (SegmentedRaftLogWorker.java:run(323)) - 9616c881-dbb1-48da-90dd-a872ed779a2e-SegmentedRaftLogWorker:Storage Directory /workdir/hadoop-ozone/integration-test/target/test-dir/MiniOzoneClusterImpl-87a68f7a-76d1-4e01-bf62-4b4b582b7243/datanode-6/data/ratis/908df263-251a-4de7-8d9c-c6f02a7447f5 hit exception
java.lang.OutOfMemoryError: Direct buffer memory
	at java.nio.Bits.reserveMemory(Bits.java:666)
	at java.nio.DirectByteBuffer.<init>(DirectByteBuffer.java:123)
	at java.nio.ByteBuffer.allocateDirect(ByteBuffer.java:311)
	at org.apache.ratis.server.raftlog.segmented.BufferedWriteChannel.<init>(BufferedWriteChannel.java:41)
	at org.apache.ratis.server.raftlog.segmented.SegmentedRaftLogOutputStream.<init>(SegmentedRaftLogOutputStream.java:72)
	at org.apache.ratis.server.raftlog.segmented.SegmentedRaftLogWorker$StartLogSegment.execute(SegmentedRaftLogWorker.java:566)
	at org.apache.ratis.server.raftlog.segmented.SegmentedRaftLogWorker.run(SegmentedRaftLogWorker.java:289)
	at java.lang.Thread.run(Thread.java:748)
2019-09-12 10:31:41,971 [9616c881-dbb1-48da-90dd-a872ed779a2e-SegmentedRaftLogWorker:Storage Directory /workdir/hadoop-ozone/integration-test/target/test-dir/MiniOzoneClusterImpl-87a68f7a-76d1-4e01-bf62-4b4b582b7243/datanode-6/data/ratis/908df263-251a-4de7-8d9c-c6f02a7447f5] INFO  impl.RaftServerImpl (RaftServerImpl.java:lambda$shutdown$3(245)) - 9616c881-dbb1-48da-90dd-a872ed779a2e: shutdown group-C6F02A7447F5
2019-09-12 10:31:41,971 [9616c881-dbb1-48da-90dd-a872ed779a2e-SegmentedRaftLogWorker:Storage Directory /workdir/hadoop-ozone/integration-test/target/test-dir/MiniOzoneClusterImpl-87a68f7a-76d1-4e01-bf62-4b4b582b7243/datanode-6/data/ratis/908df263-251a-4de7-8d9c-c6f02a7447f5] INFO  util.JmxRegister (JmxRegister.java:unregister(73)) - Successfully un-registered JMX Bean with object name Ratis:service=RaftServer,group=group-C6F02A7447F5,id=9616c881-dbb1-48da-90dd-a872ed779a2e
2019-09-12 10:31:41,971 [9616c881-dbb1-48da-90dd-a872ed779a2e-SegmentedRaftLogWorker:Storage Directory /workdir/hadoop-ozone/integration-test/target/test-dir/MiniOzoneClusterImpl-87a68f7a-76d1-4e01-bf62-4b4b582b7243/datanode-6/data/ratis/908df263-251a-4de7-8d9c-c6f02a7447f5] INFO  impl.RoleInfo (RoleInfo.java:shutdownLeaderState(104)) - 9616c881-dbb1-48da-90dd-a872ed779a2e: shutdown LeaderState
2019-09-12 10:31:41,972 [9616c881-dbb1-48da-90dd-a872ed779a2e-SegmentedRaftLogWorker:Storage Directory /workdir/hadoop-ozone/integration-test/target/test-dir/MiniOzoneClusterImpl-87a68f7a-76d1-4e01-bf62-4b4b582b7243/datanode-6/data/ratis/908df263-251a-4de7-8d9c-c6f02a7447f5] INFO  impl.PendingRequests (PendingRequests.java:sendNotLeaderResponses(202)) - 9616c881-dbb1-48da-90dd-a872ed779a2e-PendingRequests: sendNotLeaderResponses
2019-09-12 10:31:41,972 [9616c881-dbb1-48da-90dd-a872ed779a2e-SegmentedRaftLogWorker:Storage Directory /workdir/hadoop-ozone/integration-test/target/test-dir/MiniOzoneClusterImpl-87a68f7a-76d1-4e01-bf62-4b4b582b7243/datanode-6/data/ratis/908df263-251a-4de7-8d9c-c6f02a7447f5] INFO  impl.StateMachineUpdater (StateMachineUpdater.java:stopAndJoin(115)) - StateMachineUpdater:9616c881-dbb1-48da-90dd-a872ed779a2e:group-C6F02A7447F5: set stopIndex = -1
2019-09-12 10:31:41,972 [9616c881-dbb1-48da-90dd-a872ed779a2e-SegmentedRaftLogWorker:Storage Directory /workdir/hadoop-ozone/integration-test/target/test-dir/MiniOzoneClusterImpl-87a68f7a-76d1-4e01-bf62-4b4b582b7243/datanode-6/data/ratis/908df263-251a-4de7-8d9c-c6f02a7447f5] INFO  impl.RaftServerImpl (ServerState.java:close(394)) - 9616c881-dbb1-48da-90dd-a872ed779a2e:group-C6F02A7447F5 closes. The last applied log index is -1
2019-09-12 10:31:41,973 [9616c881-dbb1-48da-90dd-a872ed779a2e-SegmentedRaftLogWorker:Storage Directory /workdir/hadoop-ozone/integration-test/target/test-dir/MiniOzoneClusterImpl-87a68f7a-76d1-4e01-bf62-4b4b582b7243/datanode-6/data/ratis/908df263-251a-4de7-8d9c-c6f02a7447f5] INFO  segmented.SegmentedRaftLogWorker (SegmentedRaftLogWorker.java:close(228)) - 9616c881-dbb1-48da-90dd-a872ed779a2e-SegmentedRaftLogWorker:Storage Directory /workdir/hadoop-ozone/integration-test/target/test-dir/MiniOzoneClusterImpl-87a68f7a-76d1-4e01-bf62-4b4b582b7243/datanode-6/data/ratis/908df263-251a-4de7-8d9c-c6f02a7447f5 close()
2019-09-12 10:31:41,984 [pool-218-thread-1] INFO  storage.RaftStorageDirectory (RaftStorageDirectory.java:tryLock(328)) - Lock on /workdir/hadoop-ozone/integration-test/target/test-dir/MiniOzoneClusterImpl-d867a4e1-154a-4113-b5e4-c09c14df2894/datanode-0/data/ratis/c876beb0-6b8b-4f33-b2be-c863ddfb95b6/in_use.lock acquired by nodename 1396@pr-hdds-1569-58hkm-1881083799
2019-09-12 10:31:42,006 [pool-218-thread-1] INFO  storage.RaftStorage (RaftStorage.java:format(72)) - Storage directory /workdir/hadoop-ozone/integration-test/target/test-dir/MiniOzoneClusterImpl-d867a4e1-154a-4113-b5e4-c09c14df2894/datanode-0/data/ratis/c876beb0-6b8b-4f33-b2be-c863ddfb95b6 has been successfully formatted.
2019-09-12 10:31:42,006 [pool-218-thread-1] INFO  ratis.ContainerStateMachine (ContainerStateMachine.java:loadSnapshot(226)) - group-C863DDFB95B6: The snapshot info is null. Setting the last applied indexto:(t:0, i:~)
2019-09-12 10:31:42,006 [pool-218-thread-1] INFO  server.RaftServerConfigKeys (ConfUtils.java:logGet(43)) - raft.server.leader.election.timeout = 120s (custom)
2019-09-12 10:31:42,006 [pool-218-thread-1] INFO  server.RaftServerConfigKeys (ConfUtils.java:logGet(43)) - raft.server.log.use.memory = false (default)
2019-09-12 10:31:42,006 [pool-218-thread-1] INFO  server.RaftServerConfigKeys (ConfUtils.java:logGet(43)) - raft.server.log.purge.gap = 1000000 (custom)
2019-09-12 10:31:42,006 [pool-218-thread-1] INFO  server.RaftServerConfigKeys (ConfUtils.java:logGet(43)) - raft.server.log.appender.buffer.byte-limit = 33554432 (custom)
2019-09-12 10:31:42,006 [pool-218-thread-1] INFO  server.RaftServerConfigKeys (ConfUtils.java:logGet(43)) - raft.server.log.segment.size.max = 1048576 (custom)
2019-09-12 10:31:42,007 [pool-218-thread-1] INFO  server.RaftServerConfigKeys (ConfUtils.java:logGet(43)) - raft.server.log.segment.cache.num.max = 2 (custom)
2019-09-12 10:31:42,007 [pool-218-thread-1] INFO  segmented.SegmentedRaftLogWorker (SegmentedRaftLogWorker.java:<init>(172)) - new 5dd0cd62-5770-41dd-9e5a-f3f3eedc40c1-SegmentedRaftLogWorker:Storage Directory /workdir/hadoop-ozone/integration-test/target/test-dir/MiniOzoneClusterImpl-d867a4e1-154a-4113-b5e4-c09c14df2894/datanode-0/data/ratis/c876beb0-6b8b-4f33-b2be-c863ddfb95b6 for RaftStorage:Storage Directory /workdir/hadoop-ozone/integration-test/target/test-dir/MiniOzoneClusterImpl-d867a4e1-154a-4113-b5e4-c09c14df2894/datanode-0/data/ratis/c876beb0-6b8b-4f33-b2be-c863ddfb95b6
2019-09-12 10:31:42,007 [pool-218-thread-1] INFO  server.RaftServerConfigKeys (ConfUtils.java:logGet(43)) - raft.server.log.queue.byte-limit = 2147483647 (custom)
2019-09-12 10:31:42,007 [pool-218-thread-1] INFO  server.RaftServerConfigKeys (ConfUtils.java:logGet(43)) - raft.server.log.queue.element-limit = 1024 (custom)
2019-09-12 10:31:42,007 [pool-218-thread-1] INFO  server.RaftServerConfigKeys (ConfUtils.java:logGet(43)) - raft.server.log.segment.size.max = 1048576 (custom)
2019-09-12 10:31:42,007 [pool-218-thread-1] INFO  server.RaftServerConfigKeys (ConfUtils.java:logGet(43)) - raft.server.log.preallocated.size = 16384 (custom)
2019-09-12 10:31:42,007 [pool-218-thread-1] INFO  server.RaftServerConfigKeys (ConfUtils.java:logGet(43)) - raft.server.log.write.buffer.size = 33554432 (custom)
2019-09-12 10:31:42,007 [pool-218-thread-1] INFO  server.RaftServerConfigKeys (ConfUtils.java:logGet(43)) - raft.server.log.force.sync.num = 128 (default)
2019-09-12 10:31:42,007 [pool-218-thread-1] INFO  server.RaftServerConfigKeys (ConfUtils.java:logGet(43)) - raft.server.log.statemachine.data.sync = true (default)
2019-09-12 10:31:42,007 [pool-218-thread-1] INFO  server.RaftServerConfigKeys (ConfUtils.java:logGet(43)) - raft.server.log.statemachine.data.sync.timeout = 10s (default)
2019-09-12 10:31:42,007 [pool-218-thread-1] INFO  server.RaftServerConfigKeys (ConfUtils.java:logGet(43)) - raft.server.log.statemachine.data.sync.timeout.retry = -1 (default)
2019-09-12 10:31:42,008 [pool-218-thread-1] INFO  server.RaftServerConfigKeys (ConfUtils.java:logGet(43)) - raft.server.log.statemachine.data.caching.enabled = true (custom)
2019-09-12 10:31:42,008 [pool-218-thread-1] INFO  segmented.SegmentedRaftLogWorker (SegmentedRaftLogWorker.java:lambda$new$0(132)) - 5dd0cd62-5770-41dd-9e5a-f3f3eedc40c1-SegmentedRaftLogWorker:Storage Directory /workdir/hadoop-ozone/integration-test/target/test-dir/MiniOzoneClusterImpl-d867a4e1-154a-4113-b5e4-c09c14df2894/datanode-0/data/ratis/c876beb0-6b8b-4f33-b2be-c863ddfb95b6: flushIndex: setUnconditionally 0 -> -1
2019-09-12 10:31:42,008 [pool-218-thread-1] INFO  server.RaftServerConfigKeys (ConfUtils.java:logGet(43)) - raft.server.snapshot.auto.trigger.enabled = true (custom)
2019-09-12 10:31:42,008 [pool-218-thread-1] INFO  server.RaftServerConfigKeys (ConfUtils.java:logGet(43)) - raft.server.snapshot.auto.trigger.threshold = 10000 (custom)
2019-09-12 10:31:42,008 [pool-218-thread-1] INFO  server.RaftServerConfigKeys (ConfUtils.java:logGet(43)) - raft.server.retrycache.expirytime = 600000ms (custom)
2019-09-12 10:31:42,008 [pool-218-thread-1] INFO  impl.RaftServerImpl (RaftServerImpl.java:start(180)) - 5dd0cd62-5770-41dd-9e5a-f3f3eedc40c1: start group-C863DDFB95B6
2019-09-12 10:31:42,009 [pool-218-thread-1] INFO  impl.RaftServerImpl (RaftServerImpl.java:setRole(171)) - 5dd0cd62-5770-41dd-9e5a-f3f3eedc40c1:group-C863DDFB95B6 changes role from null to FOLLOWER at term 0 for startAsFollower
2019-09-12 10:31:42,009 [pool-218-thread-1] INFO  impl.RoleInfo (RoleInfo.java:updateAndGet(143)) - 5dd0cd62-5770-41dd-9e5a-f3f3eedc40c1: start FollowerState
2019-09-12 10:31:42,009 [pool-218-thread-1] INFO  util.JmxRegister (JmxRegister.java:tryRegister(44)) - Successfully registered JMX Bean with object name Ratis:service=RaftServer,group=group-C863DDFB95B6,id=5dd0cd62-5770-41dd-9e5a-f3f3eedc40c1
2019-09-12 10:31:42,012 [RatisPipelineUtilsThread] INFO  pipeline.PipelineStateManager (PipelineStateManager.java:addPipeline(56)) - Created pipeline Pipeline[ Id: c876beb0-6b8b-4f33-b2be-c863ddfb95b6, Nodes: 5dd0cd62-5770-41dd-9e5a-f3f3eedc40c1{ip: 192.168.36.114, host: pr-hdds-1569-58hkm-1881083799, networkLocation: /default-rack, certSerialId: null}, Type:RATIS, Factor:ONE, State:OPEN]
2019-09-12 10:31:42,012 [RatisPipelineUtilsThread] ERROR pipeline.PipelinePlacementPolicy (PipelinePlacementPolicy.java:meetCriteria(92)) - Pipeline Placement: Doesn't meet the criteria to be viable node. Heaviness: 6
2019-09-12 10:31:42,012 [RatisPipelineUtilsThread] ERROR pipeline.PipelinePlacementPolicy (PipelinePlacementPolicy.java:filterViableNodes(147)) - Unable to find enough nodes that meet the criteria that cannot engage in more than 5 pipelines. Nodes required: 1 Found: 0, healthy nodes count inNodeManager: 1.
2019-09-12 10:31:42,012 [RatisPipelineUtilsThread] ERROR pipeline.SCMPipelineManager (SCMPipelineManager.java:createPipeline(161)) - Pipeline creation failed due to exception: Unable to find enough nodes that meet the criteria that cannot engage in more than 5 pipelines. Nodes required: 1 Found: 0, healthy nodes count inNodeManager: 1.
2019-09-12 10:31:42,012 [RatisPipelineUtilsThread] ERROR pipeline.PipelinePlacementPolicy (PipelinePlacementPolicy.java:filterViableNodes(130)) - Not enough healthy nodes to allocate pipeline. 3  datanodes required. Found 1
2019-09-12 10:31:42,012 [RatisPipelineUtilsThread] ERROR pipeline.SCMPipelineManager (SCMPipelineManager.java:createPipeline(161)) - Pipeline creation failed due to exception: Not enough healthy nodes to allocate pipeline. 3  datanodes required. Found 1
2019-09-12 10:31:42,013 [RatisPipelineUtilsThread] ERROR pipeline.PipelinePlacementPolicy (PipelinePlacementPolicy.java:meetCriteria(92)) - Pipeline Placement: Doesn't meet the criteria to be viable node. Heaviness: 6
2019-09-12 10:31:42,013 [RatisPipelineUtilsThread] ERROR pipeline.PipelinePlacementPolicy (PipelinePlacementPolicy.java:filterViableNodes(147)) - Unable to find enough nodes that meet the criteria that cannot engage in more than 5 pipelines. Nodes required: 1 Found: 0, healthy nodes count inNodeManager: 1.
2019-09-12 10:31:42,013 [RatisPipelineUtilsThread] ERROR pipeline.SCMPipelineManager (SCMPipelineManager.java:createPipeline(161)) - Pipeline creation failed due to exception: Unable to find enough nodes that meet the criteria that cannot engage in more than 5 pipelines. Nodes required: 1 Found: 0, healthy nodes count inNodeManager: 1.
2019-09-12 10:31:42,013 [RatisPipelineUtilsThread] ERROR pipeline.PipelinePlacementPolicy (PipelinePlacementPolicy.java:filterViableNodes(130)) - Not enough healthy nodes to allocate pipeline. 3  datanodes required. Found 1
2019-09-12 10:31:42,013 [RatisPipelineUtilsThread] ERROR pipeline.SCMPipelineManager (SCMPipelineManager.java:createPipeline(161)) - Pipeline creation failed due to exception: Not enough healthy nodes to allocate pipeline. 3  datanodes required. Found 1
2019-09-12 10:31:42,019 | INFO  | SCMAudit | user=jenkins1000 | ip=192.168.36.114 | op=SEND_HEARTBEAT {datanodeUUID=2d50b591-d6e4-490f-9fa0-973ad5423bd7, command=[]} | ret=SUCCESS |  
2019-09-12 10:31:42,019 | INFO  | SCMAudit | user=jenkins1000 | ip=192.168.36.114 | op=SEND_HEARTBEAT {datanodeUUID=2cb9d557-cb56-4745-8686-5e72b62e748a, command=[]} | ret=SUCCESS |  
2019-09-12 10:31:42,020 | INFO  | SCMAudit | user=jenkins1000 | ip=192.168.36.114 | op=SEND_HEARTBEAT {datanodeUUID=c54af6f8-a22e-478f-90e1-029d14059a99, command=[]} | ret=SUCCESS |  
2019-09-12 10:31:42,020 | INFO  | SCMAudit | user=jenkins1000 | ip=192.168.36.114 | op=SEND_HEARTBEAT {datanodeUUID=accf000b-d7b7-4fa5-9682-da82c4451e10, command=[]} | ret=SUCCESS |  
2019-09-12 10:31:42,020 [main] INFO  handler.ContextHandler (ContextHandler.java:doStart(781)) - Started o.e.j.w.WebAppContext@3aa63b53{/,file:///tmp/jetty-0.0.0.0-33935-hddsDatanode-_-any-8731691929295158703.dir/webapp/,AVAILABLE}{/hddsDatanode}
2019-09-12 10:31:42,021 | INFO  | SCMAudit | user=jenkins1000 | ip=192.168.36.114 | op=SEND_HEARTBEAT {datanodeUUID=ff438662-24cf-49bb-bfc5-3308ec6d286b, command=[]} | ret=SUCCESS |  
2019-09-12 10:31:42,021 [main] INFO  server.AbstractConnector (AbstractConnector.java:doStart(278)) - Started ServerConnector@39a9becc{HTTP/1.1,[http/1.1]}{0.0.0.0:33935}
2019-09-12 10:31:42,028 [9616c881-dbb1-48da-90dd-a872ed779a2e-SegmentedRaftLogWorker:Storage Directory /workdir/hadoop-ozone/integration-test/target/test-dir/MiniOzoneClusterImpl-87a68f7a-76d1-4e01-bf62-4b4b582b7243/datanode-6/data/ratis/2d69097b-9de3-4c54-a0b6-ea3377260c7e] ERROR segmented.SegmentedRaftLogWorker (SegmentedRaftLogWorker.java:run(323)) - 9616c881-dbb1-48da-90dd-a872ed779a2e-SegmentedRaftLogWorker:Storage Directory /workdir/hadoop-ozone/integration-test/target/test-dir/MiniOzoneClusterImpl-87a68f7a-76d1-4e01-bf62-4b4b582b7243/datanode-6/data/ratis/2d69097b-9de3-4c54-a0b6-ea3377260c7e hit exception
java.lang.OutOfMemoryError: Direct buffer memory
	at java.nio.Bits.reserveMemory(Bits.java:666)
	at java.nio.DirectByteBuffer.<init>(DirectByteBuffer.java:123)
	at java.nio.ByteBuffer.allocateDirect(ByteBuffer.java:311)
	at org.apache.ratis.server.raftlog.segmented.BufferedWriteChannel.<init>(BufferedWriteChannel.java:41)
	at org.apache.ratis.server.raftlog.segmented.SegmentedRaftLogOutputStream.<init>(SegmentedRaftLogOutputStream.java:72)
	at org.apache.ratis.server.raftlog.segmented.SegmentedRaftLogWorker$StartLogSegment.execute(SegmentedRaftLogWorker.java:566)
	at org.apache.ratis.server.raftlog.segmented.SegmentedRaftLogWorker.run(SegmentedRaftLogWorker.java:289)
	at java.lang.Thread.run(Thread.java:748)
2019-09-12 10:31:42,028 [main] INFO  server.Server (Server.java:doStart(419)) - Started @33367ms
2019-09-12 10:31:42,029 [9616c881-dbb1-48da-90dd-a872ed779a2e-SegmentedRaftLogWorker:Storage Directory /workdir/hadoop-ozone/integration-test/target/test-dir/MiniOzoneClusterImpl-87a68f7a-76d1-4e01-bf62-4b4b582b7243/datanode-6/data/ratis/2d69097b-9de3-4c54-a0b6-ea3377260c7e] INFO  impl.RaftServerImpl (RaftServerImpl.java:lambda$shutdown$3(245)) - 9616c881-dbb1-48da-90dd-a872ed779a2e: shutdown group-EA3377260C7E
2019-09-12 10:31:42,029 [9616c881-dbb1-48da-90dd-a872ed779a2e-SegmentedRaftLogWorker:Storage Directory /workdir/hadoop-ozone/integration-test/target/test-dir/MiniOzoneClusterImpl-87a68f7a-76d1-4e01-bf62-4b4b582b7243/datanode-6/data/ratis/2d69097b-9de3-4c54-a0b6-ea3377260c7e] INFO  util.JmxRegister (JmxRegister.java:unregister(73)) - Successfully un-registered JMX Bean with object name Ratis:service=RaftServer,group=group-EA3377260C7E,id=9616c881-dbb1-48da-90dd-a872ed779a2e
2019-09-12 10:31:42,029 [9616c881-dbb1-48da-90dd-a872ed779a2e-SegmentedRaftLogWorker:Storage Directory /workdir/hadoop-ozone/integration-test/target/test-dir/MiniOzoneClusterImpl-87a68f7a-76d1-4e01-bf62-4b4b582b7243/datanode-6/data/ratis/2d69097b-9de3-4c54-a0b6-ea3377260c7e] INFO  impl.RoleInfo (RoleInfo.java:shutdownLeaderState(104)) - 9616c881-dbb1-48da-90dd-a872ed779a2e: shutdown LeaderState
2019-09-12 10:31:42,029 [9616c881-dbb1-48da-90dd-a872ed779a2e-SegmentedRaftLogWorker:Storage Directory /workdir/hadoop-ozone/integration-test/target/test-dir/MiniOzoneClusterImpl-87a68f7a-76d1-4e01-bf62-4b4b582b7243/datanode-6/data/ratis/2d69097b-9de3-4c54-a0b6-ea3377260c7e] INFO  impl.PendingRequests (PendingRequests.java:sendNotLeaderResponses(202)) - 9616c881-dbb1-48da-90dd-a872ed779a2e-PendingRequests: sendNotLeaderResponses
2019-09-12 10:31:42,029 [9616c881-dbb1-48da-90dd-a872ed779a2e-SegmentedRaftLogWorker:Storage Directory /workdir/hadoop-ozone/integration-test/target/test-dir/MiniOzoneClusterImpl-87a68f7a-76d1-4e01-bf62-4b4b582b7243/datanode-6/data/ratis/2d69097b-9de3-4c54-a0b6-ea3377260c7e] INFO  impl.StateMachineUpdater (StateMachineUpdater.java:stopAndJoin(115)) - StateMachineUpdater:9616c881-dbb1-48da-90dd-a872ed779a2e:group-EA3377260C7E: set stopIndex = -1
2019-09-12 10:31:42,029 [main] INFO  server.BaseHttpServer (BaseHttpServer.java:updateConnectorAddress(213)) - HTTP server of HDDSDATANODE is listening at http://0.0.0.0:33935
2019-09-12 10:31:42,029 [9616c881-dbb1-48da-90dd-a872ed779a2e-SegmentedRaftLogWorker:Storage Directory /workdir/hadoop-ozone/integration-test/target/test-dir/MiniOzoneClusterImpl-87a68f7a-76d1-4e01-bf62-4b4b582b7243/datanode-6/data/ratis/2d69097b-9de3-4c54-a0b6-ea3377260c7e] INFO  impl.RaftServerImpl (ServerState.java:close(394)) - 9616c881-dbb1-48da-90dd-a872ed779a2e:group-EA3377260C7E closes. The last applied log index is -1
2019-09-12 10:31:42,030 [9616c881-dbb1-48da-90dd-a872ed779a2e-SegmentedRaftLogWorker:Storage Directory /workdir/hadoop-ozone/integration-test/target/test-dir/MiniOzoneClusterImpl-87a68f7a-76d1-4e01-bf62-4b4b582b7243/datanode-6/data/ratis/2d69097b-9de3-4c54-a0b6-ea3377260c7e] INFO  segmented.SegmentedRaftLogWorker (SegmentedRaftLogWorker.java:close(228)) - 9616c881-dbb1-48da-90dd-a872ed779a2e-SegmentedRaftLogWorker:Storage Directory /workdir/hadoop-ozone/integration-test/target/test-dir/MiniOzoneClusterImpl-87a68f7a-76d1-4e01-bf62-4b4b582b7243/datanode-6/data/ratis/2d69097b-9de3-4c54-a0b6-ea3377260c7e close()
2019-09-12 10:31:42,209 | INFO  | ObjectStoreRestHttpServer | Listening HDDS REST traffic on /0.0.0.0:38209 |  
2019-09-12 10:31:42,209 [main] INFO  ozone.HddsDatanodeService (HddsDatanodeService.java:startPlugins(395)) - Started plug-in org.apache.hadoop.ozone.web.OzoneHddsDatanodeService@25e203e6
2019-09-12 10:31:42,209 [main] INFO  impl.MetricsSystemImpl (MetricsSystemImpl.java:init(158)) - HddsDatanode metrics system started (again)
2019-09-12 10:31:42,211 [org.apache.hadoop.util.JvmPauseMonitor$Monitor@5f6385ce] INFO  util.JvmPauseMonitor (JvmPauseMonitor.java:run(188)) - Starting JVM pause monitor
2019-09-12 10:31:42,329 [Datanode State Machine Thread - 0] INFO  datanode.InitDatanodeState (InitDatanodeState.java:persistContainerDatanodeDetails(140)) - DatanodeDetails is persisted to /workdir/hadoop-ozone/integration-test/target/test-dir/MiniOzoneClusterImpl-d867a4e1-154a-4113-b5e4-c09c14df2894/datanode-5/meta/datanode.id
2019-09-12 10:31:42,329 [main] INFO  ozone.HddsDatanodeService (HddsDatanodeService.java:start(184)) - HddsDatanodeService host:pr-hdds-1569-58hkm-1881083799 ip:192.168.36.114
2019-09-12 10:31:42,351 [main] INFO  volume.HddsVolume (HddsVolume.java:<init>(176)) - Creating Volume: /workdir/hadoop-ozone/integration-test/target/test-dir/MiniOzoneClusterImpl-d867a4e1-154a-4113-b5e4-c09c14df2894/datanode-6/data/containers/hdds of  storage type : DISK and capacity : 1482555576320
2019-09-12 10:31:42,351 [main] INFO  volume.VolumeSet (VolumeSet.java:initializeVolumeSet(170)) - Added Volume : /workdir/hadoop-ozone/integration-test/target/test-dir/MiniOzoneClusterImpl-d867a4e1-154a-4113-b5e4-c09c14df2894/datanode-6/data/containers/hdds to VolumeSet
2019-09-12 10:31:42,352 [main] INFO  volume.ThrottledAsyncChecker (ThrottledAsyncChecker.java:schedule(140)) - Scheduling a check for org.apache.hadoop.ozone.container.common.volume.HddsVolume@2d114d27
2019-09-12 10:31:42,353 [main] INFO  volume.HddsVolumeChecker (HddsVolumeChecker.java:checkAllVolumes(203)) - Scheduled health check for volume org.apache.hadoop.ozone.container.common.volume.HddsVolume@2d114d27
2019-09-12 10:31:42,382 [main] INFO  impl.RaftServerProxy (ConfUtils.java:logGet(43)) - raft.rpc.type = GRPC (default)
2019-09-12 10:31:42,382 [main] INFO  grpc.GrpcFactory (GrpcFactory.java:checkPooledByteBufAllocatorUseCacheForAllThreads(45)) - PERFORMANCE WARNING: useCacheForAllThreads is true that may cause Netty to create a lot garbage objects and, as a result, trigger GC.
	It is recommended to disable useCacheForAllThreads by setting -Dorg.apache.ratis.thirdparty.io.netty.allocator.useCacheForAllThreads=false in command line.
2019-09-12 10:31:42,383 [main] INFO  grpc.GrpcConfigKeys$Server (ConfUtils.java:logGet(43)) - raft.grpc.server.port = 0 (default)
2019-09-12 10:31:42,383 [main] INFO  server.GrpcService (ConfUtils.java:logGet(43)) - raft.grpc.message.size.max = 33570816 (custom)
2019-09-12 10:31:42,383 [main] INFO  server.RaftServerConfigKeys (ConfUtils.java:logGet(43)) - raft.server.log.appender.buffer.byte-limit = 33554432 (custom)
2019-09-12 10:31:42,383 [main] INFO  server.GrpcService (ConfUtils.java:logGet(43)) - raft.grpc.flow.control.window = 1MB (=1048576) (default)
2019-09-12 10:31:42,384 [main] INFO  server.RaftServerConfigKeys (ConfUtils.java:logGet(43)) - raft.server.rpc.request.timeout = 3000ms (default)
2019-09-12 10:31:42,384 [main] INFO  server.RaftServerConfigKeys (ConfUtils.java:logGet(43)) - raft.server.storage.dir = [/workdir/hadoop-ozone/integration-test/target/test-dir/MiniOzoneClusterImpl-d867a4e1-154a-4113-b5e4-c09c14df2894/datanode-6/data/ratis] (custom)
2019-09-12 10:31:42,385 [main] INFO  replication.SimpleContainerDownloader (SimpleContainerDownloader.java:<init>(72)) - Starting container downloader service to copy containers to replicate.
2019-09-12 10:31:42,386 [main] INFO  hdfs.DFSUtil (DFSUtil.java:httpServerTemplateForNNAndJN(1641)) - Starting Web-server for hddsDatanode at: http://0.0.0.0:0
2019-09-12 10:31:42,388 [main] INFO  server.AuthenticationFilter (AuthenticationFilter.java:constructSecretProvider(240)) - Unable to initialize FileSignerSecretProvider, falling back to use random secrets.
2019-09-12 10:31:42,389 [main] WARN  http.HttpRequestLog (HttpRequestLog.java:getRequestLog(97)) - Jetty request log can only be enabled using Log4j
2019-09-12 10:31:42,391 [main] INFO  http.HttpServer2 (HttpServer2.java:addGlobalFilter(975)) - Added global filter 'safety' (class=org.apache.hadoop.http.HttpServer2$QuotingInputFilter)
2019-09-12 10:31:42,391 [main] INFO  http.HttpServer2 (HttpServer2.java:addFilter(948)) - Added filter static_user_filter (class=org.apache.hadoop.http.lib.StaticUserWebFilter$StaticUserFilter) to context hddsDatanode
2019-09-12 10:31:42,391 [main] INFO  http.HttpServer2 (HttpServer2.java:addFilter(958)) - Added filter static_user_filter (class=org.apache.hadoop.http.lib.StaticUserWebFilter$StaticUserFilter) to context static
2019-09-12 10:31:42,392 [main] INFO  http.HttpServer2 (HttpServer2.java:addFilter(958)) - Added filter static_user_filter (class=org.apache.hadoop.http.lib.StaticUserWebFilter$StaticUserFilter) to context logs
2019-09-12 10:31:42,393 [main] INFO  http.HttpServer2 (HttpServer2.java:bindListener(1191)) - Jetty bound to port 37526
2019-09-12 10:31:42,393 [main] INFO  server.Server (Server.java:doStart(351)) - jetty-9.3.24.v20180605, build timestamp: 2018-06-05T17:11:56Z, git hash: 84205aa28f11a4f31f2a3b86d1bba2cc8ab69827
2019-09-12 10:31:42,395 [main] INFO  handler.ContextHandler (ContextHandler.java:doStart(781)) - Started o.e.j.s.ServletContextHandler@9c5d76b{/logs,file:///workdir/hadoop-ozone/integration-test/target/log,AVAILABLE}
2019-09-12 10:31:42,396 [main] INFO  handler.ContextHandler (ContextHandler.java:doStart(781)) - Started o.e.j.s.ServletContextHandler@54780c40{/static,jar:file:/home/user/.m2/repository/org/apache/hadoop/hadoop-hdds-container-service/0.5.0-SNAPSHOT/hadoop-hdds-container-service-0.5.0-SNAPSHOT.jar!/webapps/static,AVAILABLE}
2019-09-12 10:31:42,452 [main] INFO  handler.ContextHandler (ContextHandler.java:doStart(781)) - Started o.e.j.w.WebAppContext@779ef5cb{/,file:///tmp/jetty-0.0.0.0-37526-hddsDatanode-_-any-7436219788917881411.dir/webapp/,AVAILABLE}{/hddsDatanode}
2019-09-12 10:31:42,452 [main] INFO  server.AbstractConnector (AbstractConnector.java:doStart(278)) - Started ServerConnector@5d9d8ecf{HTTP/1.1,[http/1.1]}{0.0.0.0:37526}
2019-09-12 10:31:42,459 [main] INFO  server.Server (Server.java:doStart(419)) - Started @33798ms
2019-09-12 10:31:42,460 [main] INFO  server.BaseHttpServer (BaseHttpServer.java:updateConnectorAddress(213)) - HTTP server of HDDSDATANODE is listening at http://0.0.0.0:37526
2019-09-12 10:31:42,578 | INFO  | SCMAudit | user=jenkins1000 | ip=192.168.36.114 | op=SEND_HEARTBEAT {datanodeUUID=c9031a36-5f7c-4098-8bea-8a46141708a6, command=[]} | ret=SUCCESS |  
2019-09-12 10:31:42,578 | INFO  | SCMAudit | user=jenkins1000 | ip=192.168.36.114 | op=SEND_HEARTBEAT {datanodeUUID=9616c881-dbb1-48da-90dd-a872ed779a2e, command=[]} | ret=SUCCESS |  
2019-09-12 10:31:42,578 | INFO  | SCMAudit | user=jenkins1000 | ip=192.168.36.114 | op=SEND_HEARTBEAT {datanodeUUID=39df7a3f-9691-48d4-a2b1-6888489a5f8a, command=[]} | ret=SUCCESS |  
2019-09-12 10:31:42,581 | INFO  | SCMAudit | user=jenkins1000 | ip=192.168.36.114 | op=SEND_HEARTBEAT {datanodeUUID=eaeff1e2-de9c-4510-872d-283eb6c3c330, command=[]} | ret=SUCCESS |  
2019-09-12 10:31:42,581 | INFO  | SCMAudit | user=jenkins1000 | ip=192.168.36.114 | op=SEND_HEARTBEAT {datanodeUUID=f17b4253-95a0-4ee6-8ded-88f070f15b33, command=[]} | ret=SUCCESS |  
2019-09-12 10:31:42,581 | INFO  | SCMAudit | user=jenkins1000 | ip=192.168.36.114 | op=SEND_HEARTBEAT {datanodeUUID=b6dd7c38-f675-445e-811b-15cf17d56c0a, command=[]} | ret=SUCCESS |  
2019-09-12 10:31:42,593 | INFO  | SCMAudit | user=jenkins1000 | ip=192.168.36.114 | op=SEND_HEARTBEAT {datanodeUUID=bcda0514-d42e-47ca-96fd-c0a633e872a8, command=[]} | ret=SUCCESS |  
2019-09-12 10:31:42,593 | INFO  | ObjectStoreRestHttpServer | Listening HDDS REST traffic on /0.0.0.0:41473 |  
2019-09-12 10:31:42,593 [main] INFO  ozone.HddsDatanodeService (HddsDatanodeService.java:startPlugins(395)) - Started plug-in org.apache.hadoop.ozone.web.OzoneHddsDatanodeService@34c07ecc
2019-09-12 10:31:42,593 [main] INFO  ozone.MiniOzoneClusterImpl (MiniOzoneClusterImpl.java:lambda$waitForClusterToBeReady$0(142)) - Waiting for cluster to be ready. Got 1 of 7 DN Heartbeats.
2019-09-12 10:31:42,594 | INFO  | SCMAudit | user=jenkins1000 | ip=192.168.36.114 | op=SEND_HEARTBEAT {datanodeUUID=c1e71898-521f-4627-a3f1-9884c4b96ced, command=[]} | ret=SUCCESS |  
2019-09-12 10:31:42,598 | INFO  | SCMAudit | user=jenkins1000 | ip=192.168.36.114 | op=SEND_HEARTBEAT {datanodeUUID=5dd0cd62-5770-41dd-9e5a-f3f3eedc40c1, command=[]} | ret=SUCCESS |  
2019-09-12 10:31:42,598 | INFO  | SCMAudit | user=jenkins1000 | ip=192.168.36.114 | op=SEND_HEARTBEAT {datanodeUUID=22ce2f4b-d517-44cf-8041-712d813e08f3, command=[]} | ret=SUCCESS |  
2019-09-12 10:31:42,599 [org.apache.hadoop.util.JvmPauseMonitor$Monitor@505daa1] INFO  util.JvmPauseMonitor (JvmPauseMonitor.java:run(188)) - Starting JVM pause monitor
2019-09-12 10:31:42,599 [IPC Server handler 14 on 37405] INFO  net.NetworkTopology (NetworkTopologyImpl.java:add(110)) - Added a new node: /default-rack/d40ec8ee-ac9e-41d6-86bd-e74a05605b85
2019-09-12 10:31:42,599 [RatisPipelineUtilsThread] ERROR pipeline.PipelinePlacementPolicy (PipelinePlacementPolicy.java:meetCriteria(92)) - Pipeline Placement: Doesn't meet the criteria to be viable node. Heaviness: 6
2019-09-12 10:31:42,599 [IPC Server handler 14 on 37405] INFO  node.SCMNodeManager (SCMNodeManager.java:register(273)) - Registered Data node : d40ec8ee-ac9e-41d6-86bd-e74a05605b85{ip: 192.168.36.114, host: pr-hdds-1569-58hkm-1881083799, networkLocation: /default-rack, certSerialId: null}
2019-09-12 10:31:42,599 | INFO  | SCMAudit | user=jenkins1000 | ip=192.168.36.114 | op=REGISTER {datanodeDetails=d40ec8ee-ac9e-41d6-86bd-e74a05605b85{ip: 192.168.36.114, host: pr-hdds-1569-58hkm-1881083799, networkLocation: /default-rack, certSerialId: null}} | ret=SUCCESS |  
2019-09-12 10:31:42,600 [Datanode State Machine Thread - 0] INFO  datanode.InitDatanodeState (InitDatanodeState.java:persistContainerDatanodeDetails(140)) - DatanodeDetails is persisted to /workdir/hadoop-ozone/integration-test/target/test-dir/MiniOzoneClusterImpl-d867a4e1-154a-4113-b5e4-c09c14df2894/datanode-6/meta/datanode.id
2019-09-12 10:31:42,606 [grpc-default-executor-0] INFO  impl.RaftServerProxy (RaftServerProxy.java:addNew(89)) - d40ec8ee-ac9e-41d6-86bd-e74a05605b85: addNew group-D04995846C31:[d40ec8ee-ac9e-41d6-86bd-e74a05605b85:192.168.36.114:33446] returns group-D04995846C31:java.util.concurrent.CompletableFuture@1c05e51e[Not completed]
2019-09-12 10:31:42,607 [pool-229-thread-1] INFO  impl.RaftServerImpl (RaftServerImpl.java:<init>(93)) - d40ec8ee-ac9e-41d6-86bd-e74a05605b85: new RaftServerImpl for group-D04995846C31:[d40ec8ee-ac9e-41d6-86bd-e74a05605b85:192.168.36.114:33446] with ContainerStateMachine:uninitialized
2019-09-12 10:31:42,607 [pool-229-thread-1] INFO  server.RaftServerConfigKeys (ConfUtils.java:logGet(43)) - raft.server.rpc.timeout.min = 5s (custom)
2019-09-12 10:31:42,607 [pool-229-thread-1] INFO  server.RaftServerConfigKeys (ConfUtils.java:logGet(43)) - raft.server.rpc.timeout.max = 5200ms (custom)
2019-09-12 10:31:42,607 [pool-229-thread-1] INFO  server.RaftServerConfigKeys (ConfUtils.java:logGet(43)) - raft.server.rpcslowness.timeout = 120s (custom)
2019-09-12 10:31:42,607 [pool-229-thread-1] INFO  server.RaftServerConfigKeys (ConfUtils.java:logGet(43)) - raft.server.sleep.deviation.threshold = 300 (default)
2019-09-12 10:31:42,607 [pool-229-thread-1] INFO  server.RaftServerConfigKeys (ConfUtils.java:logGet(43)) - raft.server.log.appender.install.snapshot.enabled = false (custom)
2019-09-12 10:31:42,607 [pool-229-thread-1] INFO  impl.RaftServerImpl (ServerState.java:<init>(105)) - d40ec8ee-ac9e-41d6-86bd-e74a05605b85:group-D04995846C31 ConfigurationManager, init=-1: [d40ec8ee-ac9e-41d6-86bd-e74a05605b85:192.168.36.114:33446], old=null, confs=<EMPTY_MAP>
2019-09-12 10:31:42,607 [pool-229-thread-1] INFO  server.RaftServerConfigKeys (ConfUtils.java:logGet(43)) - raft.server.storage.dir = [/workdir/hadoop-ozone/integration-test/target/test-dir/MiniOzoneClusterImpl-d867a4e1-154a-4113-b5e4-c09c14df2894/datanode-1/data/ratis] (custom)
2019-09-12 10:31:42,608 [pool-229-thread-1] INFO  storage.RaftStorageDirectory (RaftStorageDirectory.java:analyzeStorage(246)) - The storage directory /workdir/hadoop-ozone/integration-test/target/test-dir/MiniOzoneClusterImpl-d867a4e1-154a-4113-b5e4-c09c14df2894/datanode-1/data/ratis/7269c829-2d9f-4701-9753-d04995846c31 does not exist. Creating ...
2019-09-12 10:31:42,621 [pool-229-thread-1] INFO  storage.RaftStorageDirectory (RaftStorageDirectory.java:tryLock(328)) - Lock on /workdir/hadoop-ozone/integration-test/target/test-dir/MiniOzoneClusterImpl-d867a4e1-154a-4113-b5e4-c09c14df2894/datanode-1/data/ratis/7269c829-2d9f-4701-9753-d04995846c31/in_use.lock acquired by nodename 1396@pr-hdds-1569-58hkm-1881083799
2019-09-12 10:31:42,635 [pool-229-thread-1] INFO  storage.RaftStorage (RaftStorage.java:format(72)) - Storage directory /workdir/hadoop-ozone/integration-test/target/test-dir/MiniOzoneClusterImpl-d867a4e1-154a-4113-b5e4-c09c14df2894/datanode-1/data/ratis/7269c829-2d9f-4701-9753-d04995846c31 has been successfully formatted.
2019-09-12 10:31:42,636 [pool-229-thread-1] INFO  ratis.ContainerStateMachine (ContainerStateMachine.java:loadSnapshot(226)) - group-D04995846C31: The snapshot info is null. Setting the last applied indexto:(t:0, i:~)
2019-09-12 10:31:42,636 [pool-229-thread-1] INFO  server.RaftServerConfigKeys (ConfUtils.java:logGet(43)) - raft.server.leader.election.timeout = 120s (custom)
2019-09-12 10:31:42,636 [pool-229-thread-1] INFO  server.RaftServerConfigKeys (ConfUtils.java:logGet(43)) - raft.server.log.use.memory = false (default)
2019-09-12 10:31:42,636 [pool-229-thread-1] INFO  server.RaftServerConfigKeys (ConfUtils.java:logGet(43)) - raft.server.log.purge.gap = 1000000 (custom)
2019-09-12 10:31:42,636 [pool-229-thread-1] INFO  server.RaftServerConfigKeys (ConfUtils.java:logGet(43)) - raft.server.log.appender.buffer.byte-limit = 33554432 (custom)
2019-09-12 10:31:42,636 [pool-229-thread-1] INFO  server.RaftServerConfigKeys (ConfUtils.java:logGet(43)) - raft.server.log.segment.size.max = 1048576 (custom)
2019-09-12 10:31:42,637 [pool-229-thread-1] INFO  server.RaftServerConfigKeys (ConfUtils.java:logGet(43)) - raft.server.log.segment.cache.num.max = 2 (custom)
2019-09-12 10:31:42,637 [pool-229-thread-1] INFO  segmented.SegmentedRaftLogWorker (SegmentedRaftLogWorker.java:<init>(172)) - new d40ec8ee-ac9e-41d6-86bd-e74a05605b85-SegmentedRaftLogWorker:Storage Directory /workdir/hadoop-ozone/integration-test/target/test-dir/MiniOzoneClusterImpl-d867a4e1-154a-4113-b5e4-c09c14df2894/datanode-1/data/ratis/7269c829-2d9f-4701-9753-d04995846c31 for RaftStorage:Storage Directory /workdir/hadoop-ozone/integration-test/target/test-dir/MiniOzoneClusterImpl-d867a4e1-154a-4113-b5e4-c09c14df2894/datanode-1/data/ratis/7269c829-2d9f-4701-9753-d04995846c31
2019-09-12 10:31:42,637 [pool-229-thread-1] INFO  server.RaftServerConfigKeys (ConfUtils.java:logGet(43)) - raft.server.log.queue.byte-limit = 2147483647 (custom)
2019-09-12 10:31:42,637 [pool-229-thread-1] INFO  server.RaftServerConfigKeys (ConfUtils.java:logGet(43)) - raft.server.log.queue.element-limit = 1024 (custom)
2019-09-12 10:31:42,637 [pool-229-thread-1] INFO  server.RaftServerConfigKeys (ConfUtils.java:logGet(43)) - raft.server.log.segment.size.max = 1048576 (custom)
2019-09-12 10:31:42,637 [pool-229-thread-1] INFO  server.RaftServerConfigKeys (ConfUtils.java:logGet(43)) - raft.server.log.preallocated.size = 16384 (custom)
2019-09-12 10:31:42,638 [pool-229-thread-1] INFO  server.RaftServerConfigKeys (ConfUtils.java:logGet(43)) - raft.server.log.write.buffer.size = 33554432 (custom)
2019-09-12 10:31:42,638 [pool-229-thread-1] INFO  server.RaftServerConfigKeys (ConfUtils.java:logGet(43)) - raft.server.log.force.sync.num = 128 (default)
2019-09-12 10:31:42,638 [pool-229-thread-1] INFO  server.RaftServerConfigKeys (ConfUtils.java:logGet(43)) - raft.server.log.statemachine.data.sync = true (default)
2019-09-12 10:31:42,638 [pool-229-thread-1] INFO  server.RaftServerConfigKeys (ConfUtils.java:logGet(43)) - raft.server.log.statemachine.data.sync.timeout = 10s (default)
2019-09-12 10:31:42,638 [pool-229-thread-1] INFO  server.RaftServerConfigKeys (ConfUtils.java:logGet(43)) - raft.server.log.statemachine.data.sync.timeout.retry = -1 (default)
2019-09-12 10:31:42,638 [pool-229-thread-1] INFO  server.RaftServerConfigKeys (ConfUtils.java:logGet(43)) - raft.server.log.statemachine.data.caching.enabled = true (custom)
2019-09-12 10:31:42,639 [pool-229-thread-1] INFO  segmented.SegmentedRaftLogWorker (SegmentedRaftLogWorker.java:lambda$new$0(132)) - d40ec8ee-ac9e-41d6-86bd-e74a05605b85-SegmentedRaftLogWorker:Storage Directory /workdir/hadoop-ozone/integration-test/target/test-dir/MiniOzoneClusterImpl-d867a4e1-154a-4113-b5e4-c09c14df2894/datanode-1/data/ratis/7269c829-2d9f-4701-9753-d04995846c31: flushIndex: setUnconditionally 0 -> -1
2019-09-12 10:31:42,639 [pool-229-thread-1] INFO  server.RaftServerConfigKeys (ConfUtils.java:logGet(43)) - raft.server.snapshot.auto.trigger.enabled = true (custom)
2019-09-12 10:31:42,639 [pool-229-thread-1] INFO  server.RaftServerConfigKeys (ConfUtils.java:logGet(43)) - raft.server.snapshot.auto.trigger.threshold = 10000 (custom)
2019-09-12 10:31:42,639 [pool-229-thread-1] INFO  server.RaftServerConfigKeys (ConfUtils.java:logGet(43)) - raft.server.retrycache.expirytime = 600000ms (custom)
2019-09-12 10:31:42,640 [pool-229-thread-1] INFO  impl.RaftServerImpl (RaftServerImpl.java:start(180)) - d40ec8ee-ac9e-41d6-86bd-e74a05605b85: start group-D04995846C31
2019-09-12 10:31:42,640 [pool-229-thread-1] INFO  impl.RaftServerImpl (RaftServerImpl.java:setRole(171)) - d40ec8ee-ac9e-41d6-86bd-e74a05605b85:group-D04995846C31 changes role from null to FOLLOWER at term 0 for startAsFollower
2019-09-12 10:31:42,640 [pool-229-thread-1] INFO  impl.RoleInfo (RoleInfo.java:updateAndGet(143)) - d40ec8ee-ac9e-41d6-86bd-e74a05605b85: start FollowerState
2019-09-12 10:31:42,640 [pool-229-thread-1] INFO  util.JmxRegister (JmxRegister.java:tryRegister(44)) - Successfully registered JMX Bean with object name Ratis:service=RaftServer,group=group-D04995846C31,id=d40ec8ee-ac9e-41d6-86bd-e74a05605b85
2019-09-12 10:31:42,643 [RatisPipelineUtilsThread] INFO  pipeline.PipelineStateManager (PipelineStateManager.java:addPipeline(56)) - Created pipeline Pipeline[ Id: 7269c829-2d9f-4701-9753-d04995846c31, Nodes: d40ec8ee-ac9e-41d6-86bd-e74a05605b85{ip: 192.168.36.114, host: pr-hdds-1569-58hkm-1881083799, networkLocation: /default-rack, certSerialId: null}, Type:RATIS, Factor:ONE, State:OPEN]
2019-09-12 10:31:42,644 [RatisPipelineUtilsThread] ERROR pipeline.PipelinePlacementPolicy (PipelinePlacementPolicy.java:meetCriteria(92)) - Pipeline Placement: Doesn't meet the criteria to be viable node. Heaviness: 6
2019-09-12 10:31:42,649 [grpc-default-executor-0] INFO  impl.RaftServerProxy (RaftServerProxy.java:addNew(89)) - d40ec8ee-ac9e-41d6-86bd-e74a05605b85: addNew group-943EF8EDF8A3:[d40ec8ee-ac9e-41d6-86bd-e74a05605b85:192.168.36.114:33446] returns group-943EF8EDF8A3:java.util.concurrent.CompletableFuture@616f2901[Not completed]
2019-09-12 10:31:42,650 [pool-229-thread-1] INFO  impl.RaftServerImpl (RaftServerImpl.java:<init>(93)) - d40ec8ee-ac9e-41d6-86bd-e74a05605b85: new RaftServerImpl for group-943EF8EDF8A3:[d40ec8ee-ac9e-41d6-86bd-e74a05605b85:192.168.36.114:33446] with ContainerStateMachine:uninitialized
2019-09-12 10:31:42,650 [pool-229-thread-1] INFO  server.RaftServerConfigKeys (ConfUtils.java:logGet(43)) - raft.server.rpc.timeout.min = 5s (custom)
2019-09-12 10:31:42,650 [pool-229-thread-1] INFO  server.RaftServerConfigKeys (ConfUtils.java:logGet(43)) - raft.server.rpc.timeout.max = 5200ms (custom)
2019-09-12 10:31:42,651 [pool-229-thread-1] INFO  server.RaftServerConfigKeys (ConfUtils.java:logGet(43)) - raft.server.rpcslowness.timeout = 120s (custom)
2019-09-12 10:31:42,651 [pool-229-thread-1] INFO  server.RaftServerConfigKeys (ConfUtils.java:logGet(43)) - raft.server.sleep.deviation.threshold = 300 (default)
2019-09-12 10:31:42,651 [pool-229-thread-1] INFO  server.RaftServerConfigKeys (ConfUtils.java:logGet(43)) - raft.server.log.appender.install.snapshot.enabled = false (custom)
2019-09-12 10:31:42,651 [pool-229-thread-1] INFO  impl.RaftServerImpl (ServerState.java:<init>(105)) - d40ec8ee-ac9e-41d6-86bd-e74a05605b85:group-943EF8EDF8A3 ConfigurationManager, init=-1: [d40ec8ee-ac9e-41d6-86bd-e74a05605b85:192.168.36.114:33446], old=null, confs=<EMPTY_MAP>
2019-09-12 10:31:42,651 [pool-229-thread-1] INFO  server.RaftServerConfigKeys (ConfUtils.java:logGet(43)) - raft.server.storage.dir = [/workdir/hadoop-ozone/integration-test/target/test-dir/MiniOzoneClusterImpl-d867a4e1-154a-4113-b5e4-c09c14df2894/datanode-1/data/ratis] (custom)
2019-09-12 10:31:42,651 [pool-229-thread-1] INFO  storage.RaftStorageDirectory (RaftStorageDirectory.java:analyzeStorage(246)) - The storage directory /workdir/hadoop-ozone/integration-test/target/test-dir/MiniOzoneClusterImpl-d867a4e1-154a-4113-b5e4-c09c14df2894/datanode-1/data/ratis/b315a697-c258-4b16-baaf-943ef8edf8a3 does not exist. Creating ...
2019-09-12 10:31:42,664 [pool-229-thread-1] INFO  storage.RaftStorageDirectory (RaftStorageDirectory.java:tryLock(328)) - Lock on /workdir/hadoop-ozone/integration-test/target/test-dir/MiniOzoneClusterImpl-d867a4e1-154a-4113-b5e4-c09c14df2894/datanode-1/data/ratis/b315a697-c258-4b16-baaf-943ef8edf8a3/in_use.lock acquired by nodename 1396@pr-hdds-1569-58hkm-1881083799
2019-09-12 10:31:42,679 [pool-229-thread-1] INFO  storage.RaftStorage (RaftStorage.java:format(72)) - Storage directory /workdir/hadoop-ozone/integration-test/target/test-dir/MiniOzoneClusterImpl-d867a4e1-154a-4113-b5e4-c09c14df2894/datanode-1/data/ratis/b315a697-c258-4b16-baaf-943ef8edf8a3 has been successfully formatted.
2019-09-12 10:31:42,679 [pool-229-thread-1] INFO  ratis.ContainerStateMachine (ContainerStateMachine.java:loadSnapshot(226)) - group-943EF8EDF8A3: The snapshot info is null. Setting the last applied indexto:(t:0, i:~)
2019-09-12 10:31:42,679 [pool-229-thread-1] INFO  server.RaftServerConfigKeys (ConfUtils.java:logGet(43)) - raft.server.leader.election.timeout = 120s (custom)
2019-09-12 10:31:42,680 [pool-229-thread-1] INFO  server.RaftServerConfigKeys (ConfUtils.java:logGet(43)) - raft.server.log.use.memory = false (default)
2019-09-12 10:31:42,680 [pool-229-thread-1] INFO  server.RaftServerConfigKeys (ConfUtils.java:logGet(43)) - raft.server.log.purge.gap = 1000000 (custom)
2019-09-12 10:31:42,680 [pool-229-thread-1] INFO  server.RaftServerConfigKeys (ConfUtils.java:logGet(43)) - raft.server.log.appender.buffer.byte-limit = 33554432 (custom)
2019-09-12 10:31:42,680 [pool-229-thread-1] INFO  server.RaftServerConfigKeys (ConfUtils.java:logGet(43)) - raft.server.log.segment.size.max = 1048576 (custom)
2019-09-12 10:31:42,680 [pool-229-thread-1] INFO  server.RaftServerConfigKeys (ConfUtils.java:logGet(43)) - raft.server.log.segment.cache.num.max = 2 (custom)
2019-09-12 10:31:42,680 [pool-229-thread-1] INFO  segmented.SegmentedRaftLogWorker (SegmentedRaftLogWorker.java:<init>(172)) - new d40ec8ee-ac9e-41d6-86bd-e74a05605b85-SegmentedRaftLogWorker:Storage Directory /workdir/hadoop-ozone/integration-test/target/test-dir/MiniOzoneClusterImpl-d867a4e1-154a-4113-b5e4-c09c14df2894/datanode-1/data/ratis/b315a697-c258-4b16-baaf-943ef8edf8a3 for RaftStorage:Storage Directory /workdir/hadoop-ozone/integration-test/target/test-dir/MiniOzoneClusterImpl-d867a4e1-154a-4113-b5e4-c09c14df2894/datanode-1/data/ratis/b315a697-c258-4b16-baaf-943ef8edf8a3
2019-09-12 10:31:42,680 [pool-229-thread-1] INFO  server.RaftServerConfigKeys (ConfUtils.java:logGet(43)) - raft.server.log.queue.byte-limit = 2147483647 (custom)
2019-09-12 10:31:42,681 [pool-229-thread-1] INFO  server.RaftServerConfigKeys (ConfUtils.java:logGet(43)) - raft.server.log.queue.element-limit = 1024 (custom)
2019-09-12 10:31:42,681 [pool-229-thread-1] INFO  server.RaftServerConfigKeys (ConfUtils.java:logGet(43)) - raft.server.log.segment.size.max = 1048576 (custom)
2019-09-12 10:31:42,681 [pool-229-thread-1] INFO  server.RaftServerConfigKeys (ConfUtils.java:logGet(43)) - raft.server.log.preallocated.size = 16384 (custom)
2019-09-12 10:31:42,681 [pool-229-thread-1] INFO  server.RaftServerConfigKeys (ConfUtils.java:logGet(43)) - raft.server.log.write.buffer.size = 33554432 (custom)
2019-09-12 10:31:42,681 [pool-229-thread-1] INFO  server.RaftServerConfigKeys (ConfUtils.java:logGet(43)) - raft.server.log.force.sync.num = 128 (default)
2019-09-12 10:31:42,681 [pool-229-thread-1] INFO  server.RaftServerConfigKeys (ConfUtils.java:logGet(43)) - raft.server.log.statemachine.data.sync = true (default)
2019-09-12 10:31:42,681 [pool-229-thread-1] INFO  server.RaftServerConfigKeys (ConfUtils.java:logGet(43)) - raft.server.log.statemachine.data.sync.timeout = 10s (default)
2019-09-12 10:31:42,682 [pool-229-thread-1] INFO  server.RaftServerConfigKeys (ConfUtils.java:logGet(43)) - raft.server.log.statemachine.data.sync.timeout.retry = -1 (default)
2019-09-12 10:31:42,682 [pool-229-thread-1] INFO  server.RaftServerConfigKeys (ConfUtils.java:logGet(43)) - raft.server.log.statemachine.data.caching.enabled = true (custom)
2019-09-12 10:31:42,682 [pool-229-thread-1] INFO  segmented.SegmentedRaftLogWorker (SegmentedRaftLogWorker.java:lambda$new$0(132)) - d40ec8ee-ac9e-41d6-86bd-e74a05605b85-SegmentedRaftLogWorker:Storage Directory /workdir/hadoop-ozone/integration-test/target/test-dir/MiniOzoneClusterImpl-d867a4e1-154a-4113-b5e4-c09c14df2894/datanode-1/data/ratis/b315a697-c258-4b16-baaf-943ef8edf8a3: flushIndex: setUnconditionally 0 -> -1
2019-09-12 10:31:42,682 [pool-229-thread-1] INFO  server.RaftServerConfigKeys (ConfUtils.java:logGet(43)) - raft.server.snapshot.auto.trigger.enabled = true (custom)
2019-09-12 10:31:42,683 [pool-229-thread-1] INFO  server.RaftServerConfigKeys (ConfUtils.java:logGet(43)) - raft.server.snapshot.auto.trigger.threshold = 10000 (custom)
2019-09-12 10:31:42,683 [pool-229-thread-1] INFO  server.RaftServerConfigKeys (ConfUtils.java:logGet(43)) - raft.server.retrycache.expirytime = 600000ms (custom)
2019-09-12 10:31:42,683 [pool-229-thread-1] INFO  impl.RaftServerImpl (RaftServerImpl.java:start(180)) - d40ec8ee-ac9e-41d6-86bd-e74a05605b85: start group-943EF8EDF8A3
2019-09-12 10:31:42,683 [pool-229-thread-1] INFO  impl.RaftServerImpl (RaftServerImpl.java:setRole(171)) - d40ec8ee-ac9e-41d6-86bd-e74a05605b85:group-943EF8EDF8A3 changes role from null to FOLLOWER at term 0 for startAsFollower
2019-09-12 10:31:42,683 [pool-229-thread-1] INFO  impl.RoleInfo (RoleInfo.java:updateAndGet(143)) - d40ec8ee-ac9e-41d6-86bd-e74a05605b85: start FollowerState
2019-09-12 10:31:42,684 [pool-229-thread-1] INFO  util.JmxRegister (JmxRegister.java:tryRegister(44)) - Successfully registered JMX Bean with object name Ratis:service=RaftServer,group=group-943EF8EDF8A3,id=d40ec8ee-ac9e-41d6-86bd-e74a05605b85
2019-09-12 10:31:42,687 [RatisPipelineUtilsThread] INFO  pipeline.PipelineStateManager (PipelineStateManager.java:addPipeline(56)) - Created pipeline Pipeline[ Id: b315a697-c258-4b16-baaf-943ef8edf8a3, Nodes: d40ec8ee-ac9e-41d6-86bd-e74a05605b85{ip: 192.168.36.114, host: pr-hdds-1569-58hkm-1881083799, networkLocation: /default-rack, certSerialId: null}, Type:RATIS, Factor:ONE, State:OPEN]
2019-09-12 10:31:42,687 [RatisPipelineUtilsThread] ERROR pipeline.PipelinePlacementPolicy (PipelinePlacementPolicy.java:meetCriteria(92)) - Pipeline Placement: Doesn't meet the criteria to be viable node. Heaviness: 6
2019-09-12 10:31:42,692 [grpc-default-executor-0] INFO  impl.RaftServerProxy (RaftServerProxy.java:addNew(89)) - d40ec8ee-ac9e-41d6-86bd-e74a05605b85: addNew group-1ADD3F382895:[d40ec8ee-ac9e-41d6-86bd-e74a05605b85:192.168.36.114:33446] returns group-1ADD3F382895:java.util.concurrent.CompletableFuture@5e09625b[Not completed]
2019-09-12 10:31:42,694 [pool-229-thread-1] INFO  impl.RaftServerImpl (RaftServerImpl.java:<init>(93)) - d40ec8ee-ac9e-41d6-86bd-e74a05605b85: new RaftServerImpl for group-1ADD3F382895:[d40ec8ee-ac9e-41d6-86bd-e74a05605b85:192.168.36.114:33446] with ContainerStateMachine:uninitialized
2019-09-12 10:31:42,694 [pool-229-thread-1] INFO  server.RaftServerConfigKeys (ConfUtils.java:logGet(43)) - raft.server.rpc.timeout.min = 5s (custom)
2019-09-12 10:31:42,694 [pool-229-thread-1] INFO  server.RaftServerConfigKeys (ConfUtils.java:logGet(43)) - raft.server.rpc.timeout.max = 5200ms (custom)
2019-09-12 10:31:42,694 [pool-229-thread-1] INFO  server.RaftServerConfigKeys (ConfUtils.java:logGet(43)) - raft.server.rpcslowness.timeout = 120s (custom)
2019-09-12 10:31:42,694 [pool-229-thread-1] INFO  server.RaftServerConfigKeys (ConfUtils.java:logGet(43)) - raft.server.sleep.deviation.threshold = 300 (default)
2019-09-12 10:31:42,694 [pool-229-thread-1] INFO  server.RaftServerConfigKeys (ConfUtils.java:logGet(43)) - raft.server.log.appender.install.snapshot.enabled = false (custom)
2019-09-12 10:31:42,694 [pool-229-thread-1] INFO  impl.RaftServerImpl (ServerState.java:<init>(105)) - d40ec8ee-ac9e-41d6-86bd-e74a05605b85:group-1ADD3F382895 ConfigurationManager, init=-1: [d40ec8ee-ac9e-41d6-86bd-e74a05605b85:192.168.36.114:33446], old=null, confs=<EMPTY_MAP>
2019-09-12 10:31:42,695 [pool-229-thread-1] INFO  server.RaftServerConfigKeys (ConfUtils.java:logGet(43)) - raft.server.storage.dir = [/workdir/hadoop-ozone/integration-test/target/test-dir/MiniOzoneClusterImpl-d867a4e1-154a-4113-b5e4-c09c14df2894/datanode-1/data/ratis] (custom)
2019-09-12 10:31:42,695 [pool-229-thread-1] INFO  storage.RaftStorageDirectory (RaftStorageDirectory.java:analyzeStorage(246)) - The storage directory /workdir/hadoop-ozone/integration-test/target/test-dir/MiniOzoneClusterImpl-d867a4e1-154a-4113-b5e4-c09c14df2894/datanode-1/data/ratis/ec5b79b0-8264-4959-b2fb-1add3f382895 does not exist. Creating ...
2019-09-12 10:31:42,720 [pool-229-thread-1] INFO  storage.RaftStorageDirectory (RaftStorageDirectory.java:tryLock(328)) - Lock on /workdir/hadoop-ozone/integration-test/target/test-dir/MiniOzoneClusterImpl-d867a4e1-154a-4113-b5e4-c09c14df2894/datanode-1/data/ratis/ec5b79b0-8264-4959-b2fb-1add3f382895/in_use.lock acquired by nodename 1396@pr-hdds-1569-58hkm-1881083799
2019-09-12 10:31:42,733 [pool-229-thread-1] INFO  storage.RaftStorage (RaftStorage.java:format(72)) - Storage directory /workdir/hadoop-ozone/integration-test/target/test-dir/MiniOzoneClusterImpl-d867a4e1-154a-4113-b5e4-c09c14df2894/datanode-1/data/ratis/ec5b79b0-8264-4959-b2fb-1add3f382895 has been successfully formatted.
2019-09-12 10:31:42,733 [pool-229-thread-1] INFO  ratis.ContainerStateMachine (ContainerStateMachine.java:loadSnapshot(226)) - group-1ADD3F382895: The snapshot info is null. Setting the last applied indexto:(t:0, i:~)
2019-09-12 10:31:42,733 [pool-229-thread-1] INFO  server.RaftServerConfigKeys (ConfUtils.java:logGet(43)) - raft.server.leader.election.timeout = 120s (custom)
2019-09-12 10:31:42,734 [pool-229-thread-1] INFO  server.RaftServerConfigKeys (ConfUtils.java:logGet(43)) - raft.server.log.use.memory = false (default)
2019-09-12 10:31:42,734 [pool-229-thread-1] INFO  server.RaftServerConfigKeys (ConfUtils.java:logGet(43)) - raft.server.log.purge.gap = 1000000 (custom)
2019-09-12 10:31:42,734 [pool-229-thread-1] INFO  server.RaftServerConfigKeys (ConfUtils.java:logGet(43)) - raft.server.log.appender.buffer.byte-limit = 33554432 (custom)
2019-09-12 10:31:42,734 [pool-229-thread-1] INFO  server.RaftServerConfigKeys (ConfUtils.java:logGet(43)) - raft.server.log.segment.size.max = 1048576 (custom)
2019-09-12 10:31:42,734 [pool-229-thread-1] INFO  server.RaftServerConfigKeys (ConfUtils.java:logGet(43)) - raft.server.log.segment.cache.num.max = 2 (custom)
2019-09-12 10:31:42,734 [pool-229-thread-1] INFO  segmented.SegmentedRaftLogWorker (SegmentedRaftLogWorker.java:<init>(172)) - new d40ec8ee-ac9e-41d6-86bd-e74a05605b85-SegmentedRaftLogWorker:Storage Directory /workdir/hadoop-ozone/integration-test/target/test-dir/MiniOzoneClusterImpl-d867a4e1-154a-4113-b5e4-c09c14df2894/datanode-1/data/ratis/ec5b79b0-8264-4959-b2fb-1add3f382895 for RaftStorage:Storage Directory /workdir/hadoop-ozone/integration-test/target/test-dir/MiniOzoneClusterImpl-d867a4e1-154a-4113-b5e4-c09c14df2894/datanode-1/data/ratis/ec5b79b0-8264-4959-b2fb-1add3f382895
2019-09-12 10:31:42,734 [pool-229-thread-1] INFO  server.RaftServerConfigKeys (ConfUtils.java:logGet(43)) - raft.server.log.queue.byte-limit = 2147483647 (custom)
2019-09-12 10:31:42,735 [pool-229-thread-1] INFO  server.RaftServerConfigKeys (ConfUtils.java:logGet(43)) - raft.server.log.queue.element-limit = 1024 (custom)
2019-09-12 10:31:42,735 [pool-229-thread-1] INFO  server.RaftServerConfigKeys (ConfUtils.java:logGet(43)) - raft.server.log.segment.size.max = 1048576 (custom)
2019-09-12 10:31:42,735 [pool-229-thread-1] INFO  server.RaftServerConfigKeys (ConfUtils.java:logGet(43)) - raft.server.log.preallocated.size = 16384 (custom)
2019-09-12 10:31:42,735 [pool-229-thread-1] INFO  server.RaftServerConfigKeys (ConfUtils.java:logGet(43)) - raft.server.log.write.buffer.size = 33554432 (custom)
2019-09-12 10:31:42,735 [pool-229-thread-1] INFO  server.RaftServerConfigKeys (ConfUtils.java:logGet(43)) - raft.server.log.force.sync.num = 128 (default)
2019-09-12 10:31:42,735 [pool-229-thread-1] INFO  server.RaftServerConfigKeys (ConfUtils.java:logGet(43)) - raft.server.log.statemachine.data.sync = true (default)
2019-09-12 10:31:42,735 [pool-229-thread-1] INFO  server.RaftServerConfigKeys (ConfUtils.java:logGet(43)) - raft.server.log.statemachine.data.sync.timeout = 10s (default)
2019-09-12 10:31:42,736 [pool-229-thread-1] INFO  server.RaftServerConfigKeys (ConfUtils.java:logGet(43)) - raft.server.log.statemachine.data.sync.timeout.retry = -1 (default)
2019-09-12 10:31:42,736 [pool-229-thread-1] INFO  server.RaftServerConfigKeys (ConfUtils.java:logGet(43)) - raft.server.log.statemachine.data.caching.enabled = true (custom)
2019-09-12 10:31:42,736 [pool-229-thread-1] INFO  segmented.SegmentedRaftLogWorker (SegmentedRaftLogWorker.java:lambda$new$0(132)) - d40ec8ee-ac9e-41d6-86bd-e74a05605b85-SegmentedRaftLogWorker:Storage Directory /workdir/hadoop-ozone/integration-test/target/test-dir/MiniOzoneClusterImpl-d867a4e1-154a-4113-b5e4-c09c14df2894/datanode-1/data/ratis/ec5b79b0-8264-4959-b2fb-1add3f382895: flushIndex: setUnconditionally 0 -> -1
2019-09-12 10:31:42,736 [pool-229-thread-1] INFO  server.RaftServerConfigKeys (ConfUtils.java:logGet(43)) - raft.server.snapshot.auto.trigger.enabled = true (custom)
2019-09-12 10:31:42,736 [pool-229-thread-1] INFO  server.RaftServerConfigKeys (ConfUtils.java:logGet(43)) - raft.server.snapshot.auto.trigger.threshold = 10000 (custom)
2019-09-12 10:31:42,737 [pool-229-thread-1] INFO  server.RaftServerConfigKeys (ConfUtils.java:logGet(43)) - raft.server.retrycache.expirytime = 600000ms (custom)
2019-09-12 10:31:42,737 [pool-229-thread-1] INFO  impl.RaftServerImpl (RaftServerImpl.java:start(180)) - d40ec8ee-ac9e-41d6-86bd-e74a05605b85: start group-1ADD3F382895
2019-09-12 10:31:42,737 [pool-229-thread-1] INFO  impl.RaftServerImpl (RaftServerImpl.java:setRole(171)) - d40ec8ee-ac9e-41d6-86bd-e74a05605b85:group-1ADD3F382895 changes role from null to FOLLOWER at term 0 for startAsFollower
2019-09-12 10:31:42,737 [pool-229-thread-1] INFO  impl.RoleInfo (RoleInfo.java:updateAndGet(143)) - d40ec8ee-ac9e-41d6-86bd-e74a05605b85: start FollowerState
2019-09-12 10:31:42,737 [pool-229-thread-1] INFO  util.JmxRegister (JmxRegister.java:tryRegister(44)) - Successfully registered JMX Bean with object name Ratis:service=RaftServer,group=group-1ADD3F382895,id=d40ec8ee-ac9e-41d6-86bd-e74a05605b85
2019-09-12 10:31:42,740 [RatisPipelineUtilsThread] INFO  pipeline.PipelineStateManager (PipelineStateManager.java:addPipeline(56)) - Created pipeline Pipeline[ Id: ec5b79b0-8264-4959-b2fb-1add3f382895, Nodes: d40ec8ee-ac9e-41d6-86bd-e74a05605b85{ip: 192.168.36.114, host: pr-hdds-1569-58hkm-1881083799, networkLocation: /default-rack, certSerialId: null}, Type:RATIS, Factor:ONE, State:OPEN]
2019-09-12 10:31:42,740 [RatisPipelineUtilsThread] ERROR pipeline.PipelinePlacementPolicy (PipelinePlacementPolicy.java:meetCriteria(92)) - Pipeline Placement: Doesn't meet the criteria to be viable node. Heaviness: 6
2019-09-12 10:31:42,746 [grpc-default-executor-0] INFO  impl.RaftServerProxy (RaftServerProxy.java:addNew(89)) - d40ec8ee-ac9e-41d6-86bd-e74a05605b85: addNew group-AE772B3E69EA:[d40ec8ee-ac9e-41d6-86bd-e74a05605b85:192.168.36.114:33446] returns group-AE772B3E69EA:java.util.concurrent.CompletableFuture@4d2f448f[Not completed]
2019-09-12 10:31:42,747 [pool-229-thread-1] INFO  impl.RaftServerImpl (RaftServerImpl.java:<init>(93)) - d40ec8ee-ac9e-41d6-86bd-e74a05605b85: new RaftServerImpl for group-AE772B3E69EA:[d40ec8ee-ac9e-41d6-86bd-e74a05605b85:192.168.36.114:33446] with ContainerStateMachine:uninitialized
2019-09-12 10:31:42,747 [pool-229-thread-1] INFO  server.RaftServerConfigKeys (ConfUtils.java:logGet(43)) - raft.server.rpc.timeout.min = 5s (custom)
2019-09-12 10:31:42,747 [pool-229-thread-1] INFO  server.RaftServerConfigKeys (ConfUtils.java:logGet(43)) - raft.server.rpc.timeout.max = 5200ms (custom)
2019-09-12 10:31:42,747 [pool-229-thread-1] INFO  server.RaftServerConfigKeys (ConfUtils.java:logGet(43)) - raft.server.rpcslowness.timeout = 120s (custom)
2019-09-12 10:31:42,747 [pool-229-thread-1] INFO  server.RaftServerConfigKeys (ConfUtils.java:logGet(43)) - raft.server.sleep.deviation.threshold = 300 (default)
2019-09-12 10:31:42,747 [pool-229-thread-1] INFO  server.RaftServerConfigKeys (ConfUtils.java:logGet(43)) - raft.server.log.appender.install.snapshot.enabled = false (custom)
2019-09-12 10:31:42,747 [pool-229-thread-1] INFO  impl.RaftServerImpl (ServerState.java:<init>(105)) - d40ec8ee-ac9e-41d6-86bd-e74a05605b85:group-AE772B3E69EA ConfigurationManager, init=-1: [d40ec8ee-ac9e-41d6-86bd-e74a05605b85:192.168.36.114:33446], old=null, confs=<EMPTY_MAP>
2019-09-12 10:31:42,747 [pool-229-thread-1] INFO  server.RaftServerConfigKeys (ConfUtils.java:logGet(43)) - raft.server.storage.dir = [/workdir/hadoop-ozone/integration-test/target/test-dir/MiniOzoneClusterImpl-d867a4e1-154a-4113-b5e4-c09c14df2894/datanode-1/data/ratis] (custom)
2019-09-12 10:31:42,748 [pool-229-thread-1] INFO  storage.RaftStorageDirectory (RaftStorageDirectory.java:analyzeStorage(246)) - The storage directory /workdir/hadoop-ozone/integration-test/target/test-dir/MiniOzoneClusterImpl-d867a4e1-154a-4113-b5e4-c09c14df2894/datanode-1/data/ratis/d5c5b42e-a142-4ae3-97bb-ae772b3e69ea does not exist. Creating ...
2019-09-12 10:31:42,760 [pool-229-thread-1] INFO  storage.RaftStorageDirectory (RaftStorageDirectory.java:tryLock(328)) - Lock on /workdir/hadoop-ozone/integration-test/target/test-dir/MiniOzoneClusterImpl-d867a4e1-154a-4113-b5e4-c09c14df2894/datanode-1/data/ratis/d5c5b42e-a142-4ae3-97bb-ae772b3e69ea/in_use.lock acquired by nodename 1396@pr-hdds-1569-58hkm-1881083799
2019-09-12 10:31:42,773 [pool-229-thread-1] INFO  storage.RaftStorage (RaftStorage.java:format(72)) - Storage directory /workdir/hadoop-ozone/integration-test/target/test-dir/MiniOzoneClusterImpl-d867a4e1-154a-4113-b5e4-c09c14df2894/datanode-1/data/ratis/d5c5b42e-a142-4ae3-97bb-ae772b3e69ea has been successfully formatted.
2019-09-12 10:31:42,773 [pool-229-thread-1] INFO  ratis.ContainerStateMachine (ContainerStateMachine.java:loadSnapshot(226)) - group-AE772B3E69EA: The snapshot info is null. Setting the last applied indexto:(t:0, i:~)
2019-09-12 10:31:42,773 [pool-229-thread-1] INFO  server.RaftServerConfigKeys (ConfUtils.java:logGet(43)) - raft.server.leader.election.timeout = 120s (custom)
2019-09-12 10:31:42,774 [pool-229-thread-1] INFO  server.RaftServerConfigKeys (ConfUtils.java:logGet(43)) - raft.server.log.use.memory = false (default)
2019-09-12 10:31:42,774 [pool-229-thread-1] INFO  server.RaftServerConfigKeys (ConfUtils.java:logGet(43)) - raft.server.log.purge.gap = 1000000 (custom)
2019-09-12 10:31:42,774 [pool-229-thread-1] INFO  server.RaftServerConfigKeys (ConfUtils.java:logGet(43)) - raft.server.log.appender.buffer.byte-limit = 33554432 (custom)
2019-09-12 10:31:42,774 [pool-229-thread-1] INFO  server.RaftServerConfigKeys (ConfUtils.java:logGet(43)) - raft.server.log.segment.size.max = 1048576 (custom)
2019-09-12 10:31:42,774 [pool-229-thread-1] INFO  server.RaftServerConfigKeys (ConfUtils.java:logGet(43)) - raft.server.log.segment.cache.num.max = 2 (custom)
2019-09-12 10:31:42,774 [pool-229-thread-1] INFO  segmented.SegmentedRaftLogWorker (SegmentedRaftLogWorker.java:<init>(172)) - new d40ec8ee-ac9e-41d6-86bd-e74a05605b85-SegmentedRaftLogWorker:Storage Directory /workdir/hadoop-ozone/integration-test/target/test-dir/MiniOzoneClusterImpl-d867a4e1-154a-4113-b5e4-c09c14df2894/datanode-1/data/ratis/d5c5b42e-a142-4ae3-97bb-ae772b3e69ea for RaftStorage:Storage Directory /workdir/hadoop-ozone/integration-test/target/test-dir/MiniOzoneClusterImpl-d867a4e1-154a-4113-b5e4-c09c14df2894/datanode-1/data/ratis/d5c5b42e-a142-4ae3-97bb-ae772b3e69ea
2019-09-12 10:31:42,775 [pool-229-thread-1] INFO  server.RaftServerConfigKeys (ConfUtils.java:logGet(43)) - raft.server.log.queue.byte-limit = 2147483647 (custom)
2019-09-12 10:31:42,775 [pool-229-thread-1] INFO  server.RaftServerConfigKeys (ConfUtils.java:logGet(43)) - raft.server.log.queue.element-limit = 1024 (custom)
2019-09-12 10:31:42,775 [pool-229-thread-1] INFO  server.RaftServerConfigKeys (ConfUtils.java:logGet(43)) - raft.server.log.segment.size.max = 1048576 (custom)
2019-09-12 10:31:42,775 [pool-229-thread-1] INFO  server.RaftServerConfigKeys (ConfUtils.java:logGet(43)) - raft.server.log.preallocated.size = 16384 (custom)
2019-09-12 10:31:42,775 [pool-229-thread-1] INFO  server.RaftServerConfigKeys (ConfUtils.java:logGet(43)) - raft.server.log.write.buffer.size = 33554432 (custom)
2019-09-12 10:31:42,775 [pool-229-thread-1] INFO  server.RaftServerConfigKeys (ConfUtils.java:logGet(43)) - raft.server.log.force.sync.num = 128 (default)
2019-09-12 10:31:42,775 [pool-229-thread-1] INFO  server.RaftServerConfigKeys (ConfUtils.java:logGet(43)) - raft.server.log.statemachine.data.sync = true (default)
2019-09-12 10:31:42,775 [pool-229-thread-1] INFO  server.RaftServerConfigKeys (ConfUtils.java:logGet(43)) - raft.server.log.statemachine.data.sync.timeout = 10s (default)
2019-09-12 10:31:42,776 [pool-229-thread-1] INFO  server.RaftServerConfigKeys (ConfUtils.java:logGet(43)) - raft.server.log.statemachine.data.sync.timeout.retry = -1 (default)
2019-09-12 10:31:42,776 [pool-229-thread-1] INFO  server.RaftServerConfigKeys (ConfUtils.java:logGet(43)) - raft.server.log.statemachine.data.caching.enabled = true (custom)
2019-09-12 10:31:42,776 [pool-229-thread-1] INFO  segmented.SegmentedRaftLogWorker (SegmentedRaftLogWorker.java:lambda$new$0(132)) - d40ec8ee-ac9e-41d6-86bd-e74a05605b85-SegmentedRaftLogWorker:Storage Directory /workdir/hadoop-ozone/integration-test/target/test-dir/MiniOzoneClusterImpl-d867a4e1-154a-4113-b5e4-c09c14df2894/datanode-1/data/ratis/d5c5b42e-a142-4ae3-97bb-ae772b3e69ea: flushIndex: setUnconditionally 0 -> -1
2019-09-12 10:31:42,776 [pool-229-thread-1] INFO  server.RaftServerConfigKeys (ConfUtils.java:logGet(43)) - raft.server.snapshot.auto.trigger.enabled = true (custom)
2019-09-12 10:31:42,776 [pool-229-thread-1] INFO  server.RaftServerConfigKeys (ConfUtils.java:logGet(43)) - raft.server.snapshot.auto.trigger.threshold = 10000 (custom)
2019-09-12 10:31:42,777 [pool-229-thread-1] INFO  server.RaftServerConfigKeys (ConfUtils.java:logGet(43)) - raft.server.retrycache.expirytime = 600000ms (custom)
2019-09-12 10:31:42,777 [pool-229-thread-1] INFO  impl.RaftServerImpl (RaftServerImpl.java:start(180)) - d40ec8ee-ac9e-41d6-86bd-e74a05605b85: start group-AE772B3E69EA
2019-09-12 10:31:42,777 [pool-229-thread-1] INFO  impl.RaftServerImpl (RaftServerImpl.java:setRole(171)) - d40ec8ee-ac9e-41d6-86bd-e74a05605b85:group-AE772B3E69EA changes role from null to FOLLOWER at term 0 for startAsFollower
2019-09-12 10:31:42,777 [pool-229-thread-1] INFO  impl.RoleInfo (RoleInfo.java:updateAndGet(143)) - d40ec8ee-ac9e-41d6-86bd-e74a05605b85: start FollowerState
2019-09-12 10:31:42,777 [pool-229-thread-1] INFO  util.JmxRegister (JmxRegister.java:tryRegister(44)) - Successfully registered JMX Bean with object name Ratis:service=RaftServer,group=group-AE772B3E69EA,id=d40ec8ee-ac9e-41d6-86bd-e74a05605b85
2019-09-12 10:31:42,781 [RatisPipelineUtilsThread] INFO  pipeline.PipelineStateManager (PipelineStateManager.java:addPipeline(56)) - Created pipeline Pipeline[ Id: d5c5b42e-a142-4ae3-97bb-ae772b3e69ea, Nodes: d40ec8ee-ac9e-41d6-86bd-e74a05605b85{ip: 192.168.36.114, host: pr-hdds-1569-58hkm-1881083799, networkLocation: /default-rack, certSerialId: null}, Type:RATIS, Factor:ONE, State:OPEN]
2019-09-12 10:31:42,781 [RatisPipelineUtilsThread] ERROR pipeline.PipelinePlacementPolicy (PipelinePlacementPolicy.java:meetCriteria(92)) - Pipeline Placement: Doesn't meet the criteria to be viable node. Heaviness: 6
2019-09-12 10:31:42,786 [grpc-default-executor-0] INFO  impl.RaftServerProxy (RaftServerProxy.java:addNew(89)) - d40ec8ee-ac9e-41d6-86bd-e74a05605b85: addNew group-F276089499DE:[d40ec8ee-ac9e-41d6-86bd-e74a05605b85:192.168.36.114:33446] returns group-F276089499DE:java.util.concurrent.CompletableFuture@fde10a4[Not completed]
2019-09-12 10:31:42,787 [pool-229-thread-1] INFO  impl.RaftServerImpl (RaftServerImpl.java:<init>(93)) - d40ec8ee-ac9e-41d6-86bd-e74a05605b85: new RaftServerImpl for group-F276089499DE:[d40ec8ee-ac9e-41d6-86bd-e74a05605b85:192.168.36.114:33446] with ContainerStateMachine:uninitialized
2019-09-12 10:31:42,787 [pool-229-thread-1] INFO  server.RaftServerConfigKeys (ConfUtils.java:logGet(43)) - raft.server.rpc.timeout.min = 5s (custom)
2019-09-12 10:31:42,787 [pool-229-thread-1] INFO  server.RaftServerConfigKeys (ConfUtils.java:logGet(43)) - raft.server.rpc.timeout.max = 5200ms (custom)
2019-09-12 10:31:42,787 [pool-229-thread-1] INFO  server.RaftServerConfigKeys (ConfUtils.java:logGet(43)) - raft.server.rpcslowness.timeout = 120s (custom)
2019-09-12 10:31:42,787 [pool-229-thread-1] INFO  server.RaftServerConfigKeys (ConfUtils.java:logGet(43)) - raft.server.sleep.deviation.threshold = 300 (default)
2019-09-12 10:31:42,787 [pool-229-thread-1] INFO  server.RaftServerConfigKeys (ConfUtils.java:logGet(43)) - raft.server.log.appender.install.snapshot.enabled = false (custom)
2019-09-12 10:31:42,787 [pool-229-thread-1] INFO  impl.RaftServerImpl (ServerState.java:<init>(105)) - d40ec8ee-ac9e-41d6-86bd-e74a05605b85:group-F276089499DE ConfigurationManager, init=-1: [d40ec8ee-ac9e-41d6-86bd-e74a05605b85:192.168.36.114:33446], old=null, confs=<EMPTY_MAP>
2019-09-12 10:31:42,788 [pool-229-thread-1] INFO  server.RaftServerConfigKeys (ConfUtils.java:logGet(43)) - raft.server.storage.dir = [/workdir/hadoop-ozone/integration-test/target/test-dir/MiniOzoneClusterImpl-d867a4e1-154a-4113-b5e4-c09c14df2894/datanode-1/data/ratis] (custom)
2019-09-12 10:31:42,788 [pool-229-thread-1] INFO  storage.RaftStorageDirectory (RaftStorageDirectory.java:analyzeStorage(246)) - The storage directory /workdir/hadoop-ozone/integration-test/target/test-dir/MiniOzoneClusterImpl-d867a4e1-154a-4113-b5e4-c09c14df2894/datanode-1/data/ratis/7f05e766-691f-450c-bedb-f276089499de does not exist. Creating ...
2019-09-12 10:31:42,801 [pool-229-thread-1] INFO  storage.RaftStorageDirectory (RaftStorageDirectory.java:tryLock(328)) - Lock on /workdir/hadoop-ozone/integration-test/target/test-dir/MiniOzoneClusterImpl-d867a4e1-154a-4113-b5e4-c09c14df2894/datanode-1/data/ratis/7f05e766-691f-450c-bedb-f276089499de/in_use.lock acquired by nodename 1396@pr-hdds-1569-58hkm-1881083799
2019-09-12 10:31:42,814 [pool-229-thread-1] INFO  storage.RaftStorage (RaftStorage.java:format(72)) - Storage directory /workdir/hadoop-ozone/integration-test/target/test-dir/MiniOzoneClusterImpl-d867a4e1-154a-4113-b5e4-c09c14df2894/datanode-1/data/ratis/7f05e766-691f-450c-bedb-f276089499de has been successfully formatted.
2019-09-12 10:31:42,814 [pool-229-thread-1] INFO  ratis.ContainerStateMachine (ContainerStateMachine.java:loadSnapshot(226)) - group-F276089499DE: The snapshot info is null. Setting the last applied indexto:(t:0, i:~)
2019-09-12 10:31:42,814 [pool-229-thread-1] INFO  server.RaftServerConfigKeys (ConfUtils.java:logGet(43)) - raft.server.leader.election.timeout = 120s (custom)
2019-09-12 10:31:42,814 [pool-229-thread-1] INFO  server.RaftServerConfigKeys (ConfUtils.java:logGet(43)) - raft.server.log.use.memory = false (default)
2019-09-12 10:31:42,814 [pool-229-thread-1] INFO  server.RaftServerConfigKeys (ConfUtils.java:logGet(43)) - raft.server.log.purge.gap = 1000000 (custom)
2019-09-12 10:31:42,815 [pool-229-thread-1] INFO  server.RaftServerConfigKeys (ConfUtils.java:logGet(43)) - raft.server.log.appender.buffer.byte-limit = 33554432 (custom)
2019-09-12 10:31:42,815 [pool-229-thread-1] INFO  server.RaftServerConfigKeys (ConfUtils.java:logGet(43)) - raft.server.log.segment.size.max = 1048576 (custom)
2019-09-12 10:31:42,815 [pool-229-thread-1] INFO  server.RaftServerConfigKeys (ConfUtils.java:logGet(43)) - raft.server.log.segment.cache.num.max = 2 (custom)
2019-09-12 10:31:42,815 [pool-229-thread-1] INFO  segmented.SegmentedRaftLogWorker (SegmentedRaftLogWorker.java:<init>(172)) - new d40ec8ee-ac9e-41d6-86bd-e74a05605b85-SegmentedRaftLogWorker:Storage Directory /workdir/hadoop-ozone/integration-test/target/test-dir/MiniOzoneClusterImpl-d867a4e1-154a-4113-b5e4-c09c14df2894/datanode-1/data/ratis/7f05e766-691f-450c-bedb-f276089499de for RaftStorage:Storage Directory /workdir/hadoop-ozone/integration-test/target/test-dir/MiniOzoneClusterImpl-d867a4e1-154a-4113-b5e4-c09c14df2894/datanode-1/data/ratis/7f05e766-691f-450c-bedb-f276089499de
2019-09-12 10:31:42,815 [pool-229-thread-1] INFO  server.RaftServerConfigKeys (ConfUtils.java:logGet(43)) - raft.server.log.queue.byte-limit = 2147483647 (custom)
2019-09-12 10:31:42,815 [pool-229-thread-1] INFO  server.RaftServerConfigKeys (ConfUtils.java:logGet(43)) - raft.server.log.queue.element-limit = 1024 (custom)
2019-09-12 10:31:42,815 [pool-229-thread-1] INFO  server.RaftServerConfigKeys (ConfUtils.java:logGet(43)) - raft.server.log.segment.size.max = 1048576 (custom)
2019-09-12 10:31:42,816 [pool-229-thread-1] INFO  server.RaftServerConfigKeys (ConfUtils.java:logGet(43)) - raft.server.log.preallocated.size = 16384 (custom)
2019-09-12 10:31:42,816 [pool-229-thread-1] INFO  server.RaftServerConfigKeys (ConfUtils.java:logGet(43)) - raft.server.log.write.buffer.size = 33554432 (custom)
2019-09-12 10:31:42,816 [pool-229-thread-1] INFO  server.RaftServerConfigKeys (ConfUtils.java:logGet(43)) - raft.server.log.force.sync.num = 128 (default)
2019-09-12 10:31:42,816 [pool-229-thread-1] INFO  server.RaftServerConfigKeys (ConfUtils.java:logGet(43)) - raft.server.log.statemachine.data.sync = true (default)
2019-09-12 10:31:42,816 [pool-229-thread-1] INFO  server.RaftServerConfigKeys (ConfUtils.java:logGet(43)) - raft.server.log.statemachine.data.sync.timeout = 10s (default)
2019-09-12 10:31:42,816 [pool-229-thread-1] INFO  server.RaftServerConfigKeys (ConfUtils.java:logGet(43)) - raft.server.log.statemachine.data.sync.timeout.retry = -1 (default)
2019-09-12 10:31:42,816 [pool-229-thread-1] INFO  server.RaftServerConfigKeys (ConfUtils.java:logGet(43)) - raft.server.log.statemachine.data.caching.enabled = true (custom)
2019-09-12 10:31:42,817 [pool-229-thread-1] INFO  segmented.SegmentedRaftLogWorker (SegmentedRaftLogWorker.java:lambda$new$0(132)) - d40ec8ee-ac9e-41d6-86bd-e74a05605b85-SegmentedRaftLogWorker:Storage Directory /workdir/hadoop-ozone/integration-test/target/test-dir/MiniOzoneClusterImpl-d867a4e1-154a-4113-b5e4-c09c14df2894/datanode-1/data/ratis/7f05e766-691f-450c-bedb-f276089499de: flushIndex: setUnconditionally 0 -> -1
2019-09-12 10:31:42,817 [pool-229-thread-1] INFO  server.RaftServerConfigKeys (ConfUtils.java:logGet(43)) - raft.server.snapshot.auto.trigger.enabled = true (custom)
2019-09-12 10:31:42,817 [pool-229-thread-1] INFO  server.RaftServerConfigKeys (ConfUtils.java:logGet(43)) - raft.server.snapshot.auto.trigger.threshold = 10000 (custom)
2019-09-12 10:31:42,817 [pool-229-thread-1] INFO  server.RaftServerConfigKeys (ConfUtils.java:logGet(43)) - raft.server.retrycache.expirytime = 600000ms (custom)
2019-09-12 10:31:42,818 [pool-229-thread-1] INFO  impl.RaftServerImpl (RaftServerImpl.java:start(180)) - d40ec8ee-ac9e-41d6-86bd-e74a05605b85: start group-F276089499DE
2019-09-12 10:31:42,818 [pool-229-thread-1] INFO  impl.RaftServerImpl (RaftServerImpl.java:setRole(171)) - d40ec8ee-ac9e-41d6-86bd-e74a05605b85:group-F276089499DE changes role from null to FOLLOWER at term 0 for startAsFollower
2019-09-12 10:31:42,818 [pool-229-thread-1] INFO  impl.RoleInfo (RoleInfo.java:updateAndGet(143)) - d40ec8ee-ac9e-41d6-86bd-e74a05605b85: start FollowerState
2019-09-12 10:31:42,818 [pool-229-thread-1] INFO  util.JmxRegister (JmxRegister.java:tryRegister(44)) - Successfully registered JMX Bean with object name Ratis:service=RaftServer,group=group-F276089499DE,id=d40ec8ee-ac9e-41d6-86bd-e74a05605b85
2019-09-12 10:31:42,821 [RatisPipelineUtilsThread] INFO  pipeline.PipelineStateManager (PipelineStateManager.java:addPipeline(56)) - Created pipeline Pipeline[ Id: 7f05e766-691f-450c-bedb-f276089499de, Nodes: d40ec8ee-ac9e-41d6-86bd-e74a05605b85{ip: 192.168.36.114, host: pr-hdds-1569-58hkm-1881083799, networkLocation: /default-rack, certSerialId: null}, Type:RATIS, Factor:ONE, State:OPEN]
2019-09-12 10:31:42,821 [RatisPipelineUtilsThread] ERROR pipeline.PipelinePlacementPolicy (PipelinePlacementPolicy.java:meetCriteria(92)) - Pipeline Placement: Doesn't meet the criteria to be viable node. Heaviness: 6
2019-09-12 10:31:42,826 [grpc-default-executor-0] INFO  impl.RaftServerProxy (RaftServerProxy.java:addNew(89)) - d40ec8ee-ac9e-41d6-86bd-e74a05605b85: addNew group-ED0A747FF7F8:[d40ec8ee-ac9e-41d6-86bd-e74a05605b85:192.168.36.114:33446] returns group-ED0A747FF7F8:java.util.concurrent.CompletableFuture@6fe5cd5a[Not completed]
2019-09-12 10:31:42,827 [pool-229-thread-1] INFO  impl.RaftServerImpl (RaftServerImpl.java:<init>(93)) - d40ec8ee-ac9e-41d6-86bd-e74a05605b85: new RaftServerImpl for group-ED0A747FF7F8:[d40ec8ee-ac9e-41d6-86bd-e74a05605b85:192.168.36.114:33446] with ContainerStateMachine:uninitialized
2019-09-12 10:31:42,827 [pool-229-thread-1] INFO  server.RaftServerConfigKeys (ConfUtils.java:logGet(43)) - raft.server.rpc.timeout.min = 5s (custom)
2019-09-12 10:31:42,827 [pool-229-thread-1] INFO  server.RaftServerConfigKeys (ConfUtils.java:logGet(43)) - raft.server.rpc.timeout.max = 5200ms (custom)
2019-09-12 10:31:42,827 [pool-229-thread-1] INFO  server.RaftServerConfigKeys (ConfUtils.java:logGet(43)) - raft.server.rpcslowness.timeout = 120s (custom)
2019-09-12 10:31:42,828 [pool-229-thread-1] INFO  server.RaftServerConfigKeys (ConfUtils.java:logGet(43)) - raft.server.sleep.deviation.threshold = 300 (default)
2019-09-12 10:31:42,828 [pool-229-thread-1] INFO  server.RaftServerConfigKeys (ConfUtils.java:logGet(43)) - raft.server.log.appender.install.snapshot.enabled = false (custom)
2019-09-12 10:31:42,828 [pool-229-thread-1] INFO  impl.RaftServerImpl (ServerState.java:<init>(105)) - d40ec8ee-ac9e-41d6-86bd-e74a05605b85:group-ED0A747FF7F8 ConfigurationManager, init=-1: [d40ec8ee-ac9e-41d6-86bd-e74a05605b85:192.168.36.114:33446], old=null, confs=<EMPTY_MAP>
2019-09-12 10:31:42,828 [pool-229-thread-1] INFO  server.RaftServerConfigKeys (ConfUtils.java:logGet(43)) - raft.server.storage.dir = [/workdir/hadoop-ozone/integration-test/target/test-dir/MiniOzoneClusterImpl-d867a4e1-154a-4113-b5e4-c09c14df2894/datanode-1/data/ratis] (custom)
2019-09-12 10:31:42,828 [pool-229-thread-1] INFO  storage.RaftStorageDirectory (RaftStorageDirectory.java:analyzeStorage(246)) - The storage directory /workdir/hadoop-ozone/integration-test/target/test-dir/MiniOzoneClusterImpl-d867a4e1-154a-4113-b5e4-c09c14df2894/datanode-1/data/ratis/2ceed834-2022-4c66-aa21-ed0a747ff7f8 does not exist. Creating ...
2019-09-12 10:31:42,841 [pool-229-thread-1] INFO  storage.RaftStorageDirectory (RaftStorageDirectory.java:tryLock(328)) - Lock on /workdir/hadoop-ozone/integration-test/target/test-dir/MiniOzoneClusterImpl-d867a4e1-154a-4113-b5e4-c09c14df2894/datanode-1/data/ratis/2ceed834-2022-4c66-aa21-ed0a747ff7f8/in_use.lock acquired by nodename 1396@pr-hdds-1569-58hkm-1881083799
2019-09-12 10:31:42,853 [pool-229-thread-1] INFO  storage.RaftStorage (RaftStorage.java:format(72)) - Storage directory /workdir/hadoop-ozone/integration-test/target/test-dir/MiniOzoneClusterImpl-d867a4e1-154a-4113-b5e4-c09c14df2894/datanode-1/data/ratis/2ceed834-2022-4c66-aa21-ed0a747ff7f8 has been successfully formatted.
2019-09-12 10:31:42,854 [pool-229-thread-1] INFO  ratis.ContainerStateMachine (ContainerStateMachine.java:loadSnapshot(226)) - group-ED0A747FF7F8: The snapshot info is null. Setting the last applied indexto:(t:0, i:~)
2019-09-12 10:31:42,854 [pool-229-thread-1] INFO  server.RaftServerConfigKeys (ConfUtils.java:logGet(43)) - raft.server.leader.election.timeout = 120s (custom)
2019-09-12 10:31:42,854 [pool-229-thread-1] INFO  server.RaftServerConfigKeys (ConfUtils.java:logGet(43)) - raft.server.log.use.memory = false (default)
2019-09-12 10:31:42,854 [pool-229-thread-1] INFO  server.RaftServerConfigKeys (ConfUtils.java:logGet(43)) - raft.server.log.purge.gap = 1000000 (custom)
2019-09-12 10:31:42,854 [pool-229-thread-1] INFO  server.RaftServerConfigKeys (ConfUtils.java:logGet(43)) - raft.server.log.appender.buffer.byte-limit = 33554432 (custom)
2019-09-12 10:31:42,854 [pool-229-thread-1] INFO  server.RaftServerConfigKeys (ConfUtils.java:logGet(43)) - raft.server.log.segment.size.max = 1048576 (custom)
2019-09-12 10:31:42,854 [pool-229-thread-1] INFO  server.RaftServerConfigKeys (ConfUtils.java:logGet(43)) - raft.server.log.segment.cache.num.max = 2 (custom)
2019-09-12 10:31:42,855 [pool-229-thread-1] INFO  segmented.SegmentedRaftLogWorker (SegmentedRaftLogWorker.java:<init>(172)) - new d40ec8ee-ac9e-41d6-86bd-e74a05605b85-SegmentedRaftLogWorker:Storage Directory /workdir/hadoop-ozone/integration-test/target/test-dir/MiniOzoneClusterImpl-d867a4e1-154a-4113-b5e4-c09c14df2894/datanode-1/data/ratis/2ceed834-2022-4c66-aa21-ed0a747ff7f8 for RaftStorage:Storage Directory /workdir/hadoop-ozone/integration-test/target/test-dir/MiniOzoneClusterImpl-d867a4e1-154a-4113-b5e4-c09c14df2894/datanode-1/data/ratis/2ceed834-2022-4c66-aa21-ed0a747ff7f8
2019-09-12 10:31:42,855 [pool-229-thread-1] INFO  server.RaftServerConfigKeys (ConfUtils.java:logGet(43)) - raft.server.log.queue.byte-limit = 2147483647 (custom)
2019-09-12 10:31:42,855 [pool-229-thread-1] INFO  server.RaftServerConfigKeys (ConfUtils.java:logGet(43)) - raft.server.log.queue.element-limit = 1024 (custom)
2019-09-12 10:31:42,855 [pool-229-thread-1] INFO  server.RaftServerConfigKeys (ConfUtils.java:logGet(43)) - raft.server.log.segment.size.max = 1048576 (custom)
2019-09-12 10:31:42,855 [pool-229-thread-1] INFO  server.RaftServerConfigKeys (ConfUtils.java:logGet(43)) - raft.server.log.preallocated.size = 16384 (custom)
2019-09-12 10:31:42,855 [pool-229-thread-1] INFO  server.RaftServerConfigKeys (ConfUtils.java:logGet(43)) - raft.server.log.write.buffer.size = 33554432 (custom)
2019-09-12 10:31:42,855 [pool-229-thread-1] INFO  server.RaftServerConfigKeys (ConfUtils.java:logGet(43)) - raft.server.log.force.sync.num = 128 (default)
2019-09-12 10:31:42,855 [pool-229-thread-1] INFO  server.RaftServerConfigKeys (ConfUtils.java:logGet(43)) - raft.server.log.statemachine.data.sync = true (default)
2019-09-12 10:31:42,856 [pool-229-thread-1] INFO  server.RaftServerConfigKeys (ConfUtils.java:logGet(43)) - raft.server.log.statemachine.data.sync.timeout = 10s (default)
2019-09-12 10:31:42,856 [pool-229-thread-1] INFO  server.RaftServerConfigKeys (ConfUtils.java:logGet(43)) - raft.server.log.statemachine.data.sync.timeout.retry = -1 (default)
2019-09-12 10:31:42,856 [pool-229-thread-1] INFO  server.RaftServerConfigKeys (ConfUtils.java:logGet(43)) - raft.server.log.statemachine.data.caching.enabled = true (custom)
2019-09-12 10:31:42,856 [pool-229-thread-1] INFO  segmented.SegmentedRaftLogWorker (SegmentedRaftLogWorker.java:lambda$new$0(132)) - d40ec8ee-ac9e-41d6-86bd-e74a05605b85-SegmentedRaftLogWorker:Storage Directory /workdir/hadoop-ozone/integration-test/target/test-dir/MiniOzoneClusterImpl-d867a4e1-154a-4113-b5e4-c09c14df2894/datanode-1/data/ratis/2ceed834-2022-4c66-aa21-ed0a747ff7f8: flushIndex: setUnconditionally 0 -> -1
2019-09-12 10:31:42,856 [pool-229-thread-1] INFO  server.RaftServerConfigKeys (ConfUtils.java:logGet(43)) - raft.server.snapshot.auto.trigger.enabled = true (custom)
2019-09-12 10:31:42,857 [pool-229-thread-1] INFO  server.RaftServerConfigKeys (ConfUtils.java:logGet(43)) - raft.server.snapshot.auto.trigger.threshold = 10000 (custom)
2019-09-12 10:31:42,857 [pool-229-thread-1] INFO  server.RaftServerConfigKeys (ConfUtils.java:logGet(43)) - raft.server.retrycache.expirytime = 600000ms (custom)
2019-09-12 10:31:42,857 [pool-229-thread-1] INFO  impl.RaftServerImpl (RaftServerImpl.java:start(180)) - d40ec8ee-ac9e-41d6-86bd-e74a05605b85: start group-ED0A747FF7F8
2019-09-12 10:31:42,857 [pool-229-thread-1] INFO  impl.RaftServerImpl (RaftServerImpl.java:setRole(171)) - d40ec8ee-ac9e-41d6-86bd-e74a05605b85:group-ED0A747FF7F8 changes role from null to FOLLOWER at term 0 for startAsFollower
2019-09-12 10:31:42,857 [pool-229-thread-1] INFO  impl.RoleInfo (RoleInfo.java:updateAndGet(143)) - d40ec8ee-ac9e-41d6-86bd-e74a05605b85: start FollowerState
2019-09-12 10:31:42,858 [pool-229-thread-1] INFO  util.JmxRegister (JmxRegister.java:tryRegister(44)) - Successfully registered JMX Bean with object name Ratis:service=RaftServer,group=group-ED0A747FF7F8,id=d40ec8ee-ac9e-41d6-86bd-e74a05605b85
2019-09-12 10:31:42,861 [RatisPipelineUtilsThread] INFO  pipeline.PipelineStateManager (PipelineStateManager.java:addPipeline(56)) - Created pipeline Pipeline[ Id: 2ceed834-2022-4c66-aa21-ed0a747ff7f8, Nodes: d40ec8ee-ac9e-41d6-86bd-e74a05605b85{ip: 192.168.36.114, host: pr-hdds-1569-58hkm-1881083799, networkLocation: /default-rack, certSerialId: null}, Type:RATIS, Factor:ONE, State:OPEN]
2019-09-12 10:31:42,861 [RatisPipelineUtilsThread] ERROR pipeline.PipelinePlacementPolicy (PipelinePlacementPolicy.java:meetCriteria(92)) - Pipeline Placement: Doesn't meet the criteria to be viable node. Heaviness: 6
2019-09-12 10:31:42,861 [RatisPipelineUtilsThread] ERROR pipeline.PipelinePlacementPolicy (PipelinePlacementPolicy.java:meetCriteria(92)) - Pipeline Placement: Doesn't meet the criteria to be viable node. Heaviness: 6
2019-09-12 10:31:42,861 [RatisPipelineUtilsThread] ERROR pipeline.PipelinePlacementPolicy (PipelinePlacementPolicy.java:filterViableNodes(147)) - Unable to find enough nodes that meet the criteria that cannot engage in more than 5 pipelines. Nodes required: 1 Found: 0, healthy nodes count inNodeManager: 2.
2019-09-12 10:31:42,861 [RatisPipelineUtilsThread] ERROR pipeline.SCMPipelineManager (SCMPipelineManager.java:createPipeline(161)) - Pipeline creation failed due to exception: Unable to find enough nodes that meet the criteria that cannot engage in more than 5 pipelines. Nodes required: 1 Found: 0, healthy nodes count inNodeManager: 2.
2019-09-12 10:31:42,862 [RatisPipelineUtilsThread] ERROR pipeline.PipelinePlacementPolicy (PipelinePlacementPolicy.java:filterViableNodes(130)) - Not enough healthy nodes to allocate pipeline. 3  datanodes required. Found 2
2019-09-12 10:31:42,862 [RatisPipelineUtilsThread] ERROR pipeline.SCMPipelineManager (SCMPipelineManager.java:createPipeline(161)) - Pipeline creation failed due to exception: Not enough healthy nodes to allocate pipeline. 3  datanodes required. Found 2
2019-09-12 10:31:43,025 [IPC Server handler 15 on 37405] INFO  net.NetworkTopology (NetworkTopologyImpl.java:add(110)) - Added a new node: /default-rack/caccd92c-2544-4e02-86cf-95849f240c1b
2019-09-12 10:31:43,025 [RatisPipelineUtilsThread] ERROR pipeline.PipelinePlacementPolicy (PipelinePlacementPolicy.java:meetCriteria(92)) - Pipeline Placement: Doesn't meet the criteria to be viable node. Heaviness: 6
2019-09-12 10:31:43,026 [RatisPipelineUtilsThread] ERROR pipeline.PipelinePlacementPolicy (PipelinePlacementPolicy.java:meetCriteria(92)) - Pipeline Placement: Doesn't meet the criteria to be viable node. Heaviness: 6
2019-09-12 10:31:43,025 [IPC Server handler 15 on 37405] INFO  node.SCMNodeManager (SCMNodeManager.java:register(273)) - Registered Data node : caccd92c-2544-4e02-86cf-95849f240c1b{ip: 192.168.36.114, host: pr-hdds-1569-58hkm-1881083799, networkLocation: /default-rack, certSerialId: null}
2019-09-12 10:31:43,026 | INFO  | SCMAudit | user=jenkins1000 | ip=192.168.36.114 | op=REGISTER {datanodeDetails=caccd92c-2544-4e02-86cf-95849f240c1b{ip: 192.168.36.114, host: pr-hdds-1569-58hkm-1881083799, networkLocation: /default-rack, certSerialId: null}} | ret=SUCCESS |  
2019-09-12 10:31:43,026 | INFO  | SCMAudit | user=jenkins1000 | ip=192.168.36.114 | op=SEND_HEARTBEAT {datanodeUUID=accf000b-d7b7-4fa5-9682-da82c4451e10, command=[]} | ret=SUCCESS |  
2019-09-12 10:31:43,027 | INFO  | SCMAudit | user=jenkins1000 | ip=192.168.36.114 | op=SEND_HEARTBEAT {datanodeUUID=2cb9d557-cb56-4745-8686-5e72b62e748a, command=[]} | ret=SUCCESS |  
2019-09-12 10:31:43,027 | INFO  | SCMAudit | user=jenkins1000 | ip=192.168.36.114 | op=SEND_HEARTBEAT {datanodeUUID=c54af6f8-a22e-478f-90e1-029d14059a99, command=[]} | ret=SUCCESS |  
2019-09-12 10:31:43,027 | INFO  | SCMAudit | user=jenkins1000 | ip=192.168.36.114 | op=SEND_HEARTBEAT {datanodeUUID=ff438662-24cf-49bb-bfc5-3308ec6d286b, command=[]} | ret=SUCCESS |  
2019-09-12 10:31:43,027 | INFO  | SCMAudit | user=jenkins1000 | ip=192.168.36.114 | op=SEND_HEARTBEAT {datanodeUUID=2d50b591-d6e4-490f-9fa0-973ad5423bd7, command=[]} | ret=SUCCESS |  
2019-09-12 10:31:43,031 [Thread-766] INFO  impl.FollowerState (FollowerState.java:run(106)) - bcda0514-d42e-47ca-96fd-c0a633e872a8:group-3E79CF271C4A changes to CANDIDATE, lastRpcTime:10441, electionTimeout:5047ms
2019-09-12 10:31:43,031 [Thread-766] INFO  impl.RoleInfo (RoleInfo.java:shutdownFollowerState(121)) - bcda0514-d42e-47ca-96fd-c0a633e872a8: shutdown FollowerState
2019-09-12 10:31:43,031 [Thread-766] INFO  impl.RaftServerImpl (RaftServerImpl.java:setRole(171)) - bcda0514-d42e-47ca-96fd-c0a633e872a8:group-3E79CF271C4A changes role from FOLLOWER to CANDIDATE at term 0 for changeToCandidate
2019-09-12 10:31:43,031 [Thread-766] INFO  impl.RoleInfo (RoleInfo.java:updateAndGet(143)) - bcda0514-d42e-47ca-96fd-c0a633e872a8: start LeaderElection
2019-09-12 10:31:43,033 [grpc-default-executor-0] INFO  impl.RaftServerProxy (RaftServerProxy.java:addNew(89)) - caccd92c-2544-4e02-86cf-95849f240c1b: addNew group-4CD58F3F0305:[caccd92c-2544-4e02-86cf-95849f240c1b:192.168.36.114:37072] returns group-4CD58F3F0305:java.util.concurrent.CompletableFuture@185f1990[Not completed]
2019-09-12 10:31:43,035 [pool-240-thread-1] INFO  impl.RaftServerImpl (RaftServerImpl.java:<init>(93)) - caccd92c-2544-4e02-86cf-95849f240c1b: new RaftServerImpl for group-4CD58F3F0305:[caccd92c-2544-4e02-86cf-95849f240c1b:192.168.36.114:37072] with ContainerStateMachine:uninitialized
2019-09-12 10:31:43,035 [pool-240-thread-1] INFO  server.RaftServerConfigKeys (ConfUtils.java:logGet(43)) - raft.server.rpc.timeout.min = 5s (custom)
2019-09-12 10:31:43,035 [pool-240-thread-1] INFO  server.RaftServerConfigKeys (ConfUtils.java:logGet(43)) - raft.server.rpc.timeout.max = 5200ms (custom)
2019-09-12 10:31:43,035 [pool-240-thread-1] INFO  server.RaftServerConfigKeys (ConfUtils.java:logGet(43)) - raft.server.rpcslowness.timeout = 120s (custom)
2019-09-12 10:31:43,035 [pool-240-thread-1] INFO  server.RaftServerConfigKeys (ConfUtils.java:logGet(43)) - raft.server.sleep.deviation.threshold = 300 (default)
2019-09-12 10:31:43,035 [pool-240-thread-1] INFO  server.RaftServerConfigKeys (ConfUtils.java:logGet(43)) - raft.server.log.appender.install.snapshot.enabled = false (custom)
2019-09-12 10:31:43,036 [pool-240-thread-1] INFO  impl.RaftServerImpl (ServerState.java:<init>(105)) - caccd92c-2544-4e02-86cf-95849f240c1b:group-4CD58F3F0305 ConfigurationManager, init=-1: [caccd92c-2544-4e02-86cf-95849f240c1b:192.168.36.114:37072], old=null, confs=<EMPTY_MAP>
2019-09-12 10:31:43,036 [pool-240-thread-1] INFO  server.RaftServerConfigKeys (ConfUtils.java:logGet(43)) - raft.server.storage.dir = [/workdir/hadoop-ozone/integration-test/target/test-dir/MiniOzoneClusterImpl-d867a4e1-154a-4113-b5e4-c09c14df2894/datanode-2/data/ratis] (custom)
2019-09-12 10:31:43,036 [pool-240-thread-1] INFO  storage.RaftStorageDirectory (RaftStorageDirectory.java:analyzeStorage(246)) - The storage directory /workdir/hadoop-ozone/integration-test/target/test-dir/MiniOzoneClusterImpl-d867a4e1-154a-4113-b5e4-c09c14df2894/datanode-2/data/ratis/dd37ad43-18c2-4652-a889-4cd58f3f0305 does not exist. Creating ...
2019-09-12 10:31:43,046 [pool-240-thread-1] INFO  storage.RaftStorageDirectory (RaftStorageDirectory.java:tryLock(328)) - Lock on /workdir/hadoop-ozone/integration-test/target/test-dir/MiniOzoneClusterImpl-d867a4e1-154a-4113-b5e4-c09c14df2894/datanode-2/data/ratis/dd37ad43-18c2-4652-a889-4cd58f3f0305/in_use.lock acquired by nodename 1396@pr-hdds-1569-58hkm-1881083799
2019-09-12 10:31:43,046 [bcda0514-d42e-47ca-96fd-c0a633e872a8:group-3E79CF271C4A:LeaderElection76] INFO  impl.LeaderElection (LeaderElection.java:askForVotes(181)) - bcda0514-d42e-47ca-96fd-c0a633e872a8:group-3E79CF271C4A:LeaderElection76: begin an election at term 1 for -1: [bcda0514-d42e-47ca-96fd-c0a633e872a8:192.168.36.114:33684], old=null
2019-09-12 10:31:43,046 [bcda0514-d42e-47ca-96fd-c0a633e872a8:group-3E79CF271C4A:LeaderElection76] INFO  impl.RoleInfo (RoleInfo.java:shutdownLeaderElection(134)) - bcda0514-d42e-47ca-96fd-c0a633e872a8: shutdown LeaderElection
2019-09-12 10:31:43,046 [bcda0514-d42e-47ca-96fd-c0a633e872a8:group-3E79CF271C4A:LeaderElection76] INFO  impl.RaftServerImpl (RaftServerImpl.java:setRole(171)) - bcda0514-d42e-47ca-96fd-c0a633e872a8:group-3E79CF271C4A changes role from CANDIDATE to LEADER at term 1 for changeToLeader
2019-09-12 10:31:43,046 [bcda0514-d42e-47ca-96fd-c0a633e872a8:group-3E79CF271C4A:LeaderElection76] INFO  impl.RaftServerImpl (ServerState.java:setLeader(263)) - bcda0514-d42e-47ca-96fd-c0a633e872a8:group-3E79CF271C4A change Leader from null to bcda0514-d42e-47ca-96fd-c0a633e872a8 at term 1 for becomeLeader, leader elected after 10459ms
2019-09-12 10:31:43,047 [bcda0514-d42e-47ca-96fd-c0a633e872a8:group-3E79CF271C4A:LeaderElection76] INFO  server.RaftServerConfigKeys (ConfUtils.java:logGet(43)) - raft.server.staging.catchup.gap = 1000 (default)
2019-09-12 10:31:43,047 [bcda0514-d42e-47ca-96fd-c0a633e872a8:group-3E79CF271C4A:LeaderElection76] INFO  server.RaftServerConfigKeys (ConfUtils.java:logGet(43)) - raft.server.rpc.sleep.time = 25ms (default)
2019-09-12 10:31:43,047 [bcda0514-d42e-47ca-96fd-c0a633e872a8:group-3E79CF271C4A:LeaderElection76] INFO  server.RaftServerConfigKeys (ConfUtils.java:logGet(43)) - raft.server.write.element-limit = 4096 (default)
2019-09-12 10:31:43,047 [bcda0514-d42e-47ca-96fd-c0a633e872a8:group-3E79CF271C4A:LeaderElection76] INFO  server.RaftServerConfigKeys (ConfUtils.java:logGet(43)) - raft.server.watch.timeout = 10s (default)
2019-09-12 10:31:43,047 [bcda0514-d42e-47ca-96fd-c0a633e872a8:group-3E79CF271C4A:LeaderElection76] INFO  server.RaftServerConfigKeys (ConfUtils.java:logGet(43)) - raft.server.watch.timeout.denomination = 1s (default)
2019-09-12 10:31:43,047 [bcda0514-d42e-47ca-96fd-c0a633e872a8:group-3E79CF271C4A:LeaderElection76] INFO  server.RaftServerConfigKeys (ConfUtils.java:logGet(43)) - raft.server.watch.element-limit = 65536 (default)
2019-09-12 10:31:43,048 [bcda0514-d42e-47ca-96fd-c0a633e872a8:group-3E79CF271C4A:LeaderElection76] INFO  impl.RoleInfo (RoleInfo.java:updateAndGet(143)) - bcda0514-d42e-47ca-96fd-c0a633e872a8: start LeaderState
2019-09-12 10:31:43,048 [bcda0514-d42e-47ca-96fd-c0a633e872a8:group-3E79CF271C4A:LeaderElection76] INFO  segmented.SegmentedRaftLogWorker (SegmentedRaftLogWorker.java:startLogSegment(380)) - bcda0514-d42e-47ca-96fd-c0a633e872a8-SegmentedRaftLogWorker:Storage Directory /workdir/hadoop-ozone/integration-test/target/test-dir/MiniOzoneClusterImpl-87a68f7a-76d1-4e01-bf62-4b4b582b7243/datanode-4/data/ratis/0ded21f5-1921-4661-ae52-3e79cf271c4a: Starting segment from index:0
2019-09-12 10:31:43,048 [bcda0514-d42e-47ca-96fd-c0a633e872a8:group-3E79CF271C4A:LeaderElection76] INFO  impl.RaftServerImpl (ServerState.java:setRaftConf(361)) - bcda0514-d42e-47ca-96fd-c0a633e872a8:group-3E79CF271C4A set configuration 0: [bcda0514-d42e-47ca-96fd-c0a633e872a8:192.168.36.114:33684], old=null at 0
2019-09-12 10:31:43,539 [pool-240-thread-1] INFO  storage.RaftStorage (RaftStorage.java:format(72)) - Storage directory /workdir/hadoop-ozone/integration-test/target/test-dir/MiniOzoneClusterImpl-d867a4e1-154a-4113-b5e4-c09c14df2894/datanode-2/data/ratis/dd37ad43-18c2-4652-a889-4cd58f3f0305 has been successfully formatted.
2019-09-12 10:31:43,539 [Thread-757] WARN  util.JavaUtils (JavaUtils.java:sleep(250)) - Unexpected long sleep: sleep(5050ms) actually took 5537ms which is over the threshold 300ms
2019-09-12 10:31:43,539 [Thread-748] WARN  util.JavaUtils (JavaUtils.java:sleep(250)) - Unexpected long sleep: sleep(5116ms) actually took 5555ms which is over the threshold 300ms
2019-09-12 10:31:43,533 [Thread-751] WARN  util.JavaUtils (JavaUtils.java:sleep(250)) - Unexpected long sleep: sleep(5177ms) actually took 5549ms which is over the threshold 300ms
2019-09-12 10:31:43,526 [Thread-775] INFO  impl.FollowerState (FollowerState.java:run(106)) - 9616c881-dbb1-48da-90dd-a872ed779a2e:group-D02CDFB3A3AD changes to CANDIDATE, lastRpcTime:10598, electionTimeout:5075ms
2019-09-12 10:31:43,526 [Thread-772] INFO  impl.FollowerState (FollowerState.java:run(106)) - bcda0514-d42e-47ca-96fd-c0a633e872a8:group-4F0D5C34BD13 changes to CANDIDATE, lastRpcTime:10666, electionTimeout:5102ms
2019-09-12 10:31:43,566 [Thread-775] INFO  impl.RoleInfo (RoleInfo.java:shutdownFollowerState(121)) - 9616c881-dbb1-48da-90dd-a872ed779a2e: shutdown FollowerState
2019-09-12 10:31:43,566 [pool-240-thread-1] INFO  ratis.ContainerStateMachine (ContainerStateMachine.java:loadSnapshot(226)) - group-4CD58F3F0305: The snapshot info is null. Setting the last applied indexto:(t:0, i:~)
2019-09-12 10:31:43,560 [Thread-784] INFO  impl.FollowerState (FollowerState.java:run(106)) - b6dd7c38-f675-445e-811b-15cf17d56c0a:group-C06AEA56C492 changes to CANDIDATE, lastRpcTime:10486, electionTimeout:5136ms
2019-09-12 10:31:43,539 [Thread-754] WARN  util.JavaUtils (JavaUtils.java:sleep(250)) - Unexpected long sleep: sleep(5135ms) actually took 5556ms which is over the threshold 300ms
2019-09-12 10:31:43,567 [Thread-784] INFO  impl.RoleInfo (RoleInfo.java:shutdownFollowerState(121)) - b6dd7c38-f675-445e-811b-15cf17d56c0a: shutdown FollowerState
2019-09-12 10:31:43,567 [pool-240-thread-1] INFO  server.RaftServerConfigKeys (ConfUtils.java:logGet(43)) - raft.server.leader.election.timeout = 120s (custom)
2019-09-12 10:31:43,567 [Thread-775] INFO  impl.RaftServerImpl (RaftServerImpl.java:setRole(171)) - 9616c881-dbb1-48da-90dd-a872ed779a2e:group-D02CDFB3A3AD changes role from FOLLOWER to CANDIDATE at term 0 for changeToCandidate
2019-09-12 10:31:43,566 [Thread-772] INFO  impl.RoleInfo (RoleInfo.java:shutdownFollowerState(121)) - bcda0514-d42e-47ca-96fd-c0a633e872a8: shutdown FollowerState
2019-09-12 10:31:43,567 [Thread-775] INFO  impl.RoleInfo (RoleInfo.java:updateAndGet(143)) - 9616c881-dbb1-48da-90dd-a872ed779a2e: start LeaderElection
2019-09-12 10:31:43,567 [pool-240-thread-1] INFO  server.RaftServerConfigKeys (ConfUtils.java:logGet(43)) - raft.server.log.use.memory = false (default)
2019-09-12 10:31:43,567 [Thread-784] INFO  impl.RaftServerImpl (RaftServerImpl.java:setRole(171)) - b6dd7c38-f675-445e-811b-15cf17d56c0a:group-C06AEA56C492 changes role from FOLLOWER to CANDIDATE at term 0 for changeToCandidate
2019-09-12 10:31:43,568 [pool-240-thread-1] INFO  server.RaftServerConfigKeys (ConfUtils.java:logGet(43)) - raft.server.log.purge.gap = 1000000 (custom)
2019-09-12 10:31:43,568 [Thread-784] INFO  impl.RoleInfo (RoleInfo.java:updateAndGet(143)) - b6dd7c38-f675-445e-811b-15cf17d56c0a: start LeaderElection
2019-09-12 10:31:43,567 [Thread-772] INFO  impl.RaftServerImpl (RaftServerImpl.java:setRole(171)) - bcda0514-d42e-47ca-96fd-c0a633e872a8:group-4F0D5C34BD13 changes role from FOLLOWER to CANDIDATE at term 0 for changeToCandidate
2019-09-12 10:31:43,568 [pool-240-thread-1] INFO  server.RaftServerConfigKeys (ConfUtils.java:logGet(43)) - raft.server.log.appender.buffer.byte-limit = 33554432 (custom)
2019-09-12 10:31:43,568 [IPC Server handler 17 on 37405] INFO  net.NetworkTopology (NetworkTopologyImpl.java:add(110)) - Added a new node: /default-rack/334c5273-7871-4d53-8b37-de05e5a3be10
2019-09-12 10:31:43,568 [Thread-772] INFO  impl.RoleInfo (RoleInfo.java:updateAndGet(143)) - bcda0514-d42e-47ca-96fd-c0a633e872a8: start LeaderElection
2019-09-12 10:31:43,568 [IPC Server handler 17 on 37405] INFO  node.SCMNodeManager (SCMNodeManager.java:register(273)) - Registered Data node : 334c5273-7871-4d53-8b37-de05e5a3be10{ip: 192.168.36.114, host: pr-hdds-1569-58hkm-1881083799, networkLocation: /default-rack, certSerialId: null}
2019-09-12 10:31:43,568 [pool-240-thread-1] INFO  server.RaftServerConfigKeys (ConfUtils.java:logGet(43)) - raft.server.log.segment.size.max = 1048576 (custom)
2019-09-12 10:31:43,569 [pool-240-thread-1] INFO  server.RaftServerConfigKeys (ConfUtils.java:logGet(43)) - raft.server.log.segment.cache.num.max = 2 (custom)
2019-09-12 10:31:43,569 | INFO  | SCMAudit | user=jenkins1000 | ip=192.168.36.114 | op=REGISTER {datanodeDetails=334c5273-7871-4d53-8b37-de05e5a3be10{ip: 192.168.36.114, host: pr-hdds-1569-58hkm-1881083799, networkLocation: /default-rack, certSerialId: null}} | ret=SUCCESS |  
2019-09-12 10:31:43,569 [pool-240-thread-1] INFO  segmented.SegmentedRaftLogWorker (SegmentedRaftLogWorker.java:<init>(172)) - new caccd92c-2544-4e02-86cf-95849f240c1b-SegmentedRaftLogWorker:Storage Directory /workdir/hadoop-ozone/integration-test/target/test-dir/MiniOzoneClusterImpl-d867a4e1-154a-4113-b5e4-c09c14df2894/datanode-2/data/ratis/dd37ad43-18c2-4652-a889-4cd58f3f0305 for RaftStorage:Storage Directory /workdir/hadoop-ozone/integration-test/target/test-dir/MiniOzoneClusterImpl-d867a4e1-154a-4113-b5e4-c09c14df2894/datanode-2/data/ratis/dd37ad43-18c2-4652-a889-4cd58f3f0305
2019-09-12 10:31:43,569 [pool-240-thread-1] INFO  server.RaftServerConfigKeys (ConfUtils.java:logGet(43)) - raft.server.log.queue.byte-limit = 2147483647 (custom)
2019-09-12 10:31:43,569 [pool-240-thread-1] INFO  server.RaftServerConfigKeys (ConfUtils.java:logGet(43)) - raft.server.log.queue.element-limit = 1024 (custom)
2019-09-12 10:31:43,570 [pool-240-thread-1] INFO  server.RaftServerConfigKeys (ConfUtils.java:logGet(43)) - raft.server.log.segment.size.max = 1048576 (custom)
2019-09-12 10:31:43,570 [pool-240-thread-1] INFO  server.RaftServerConfigKeys (ConfUtils.java:logGet(43)) - raft.server.log.preallocated.size = 16384 (custom)
2019-09-12 10:31:43,570 [pool-240-thread-1] INFO  server.RaftServerConfigKeys (ConfUtils.java:logGet(43)) - raft.server.log.write.buffer.size = 33554432 (custom)
2019-09-12 10:31:43,570 [pool-240-thread-1] INFO  server.RaftServerConfigKeys (ConfUtils.java:logGet(43)) - raft.server.log.force.sync.num = 128 (default)
2019-09-12 10:31:43,570 [pool-240-thread-1] INFO  server.RaftServerConfigKeys (ConfUtils.java:logGet(43)) - raft.server.log.statemachine.data.sync = true (default)
2019-09-12 10:31:43,570 [pool-240-thread-1] INFO  server.RaftServerConfigKeys (ConfUtils.java:logGet(43)) - raft.server.log.statemachine.data.sync.timeout = 10s (default)
2019-09-12 10:31:43,571 [pool-240-thread-1] INFO  server.RaftServerConfigKeys (ConfUtils.java:logGet(43)) - raft.server.log.statemachine.data.sync.timeout.retry = -1 (default)
2019-09-12 10:31:43,571 [pool-240-thread-1] INFO  server.RaftServerConfigKeys (ConfUtils.java:logGet(43)) - raft.server.log.statemachine.data.caching.enabled = true (custom)
2019-09-12 10:31:43,571 [pool-240-thread-1] INFO  segmented.SegmentedRaftLogWorker (SegmentedRaftLogWorker.java:lambda$new$0(132)) - caccd92c-2544-4e02-86cf-95849f240c1b-SegmentedRaftLogWorker:Storage Directory /workdir/hadoop-ozone/integration-test/target/test-dir/MiniOzoneClusterImpl-d867a4e1-154a-4113-b5e4-c09c14df2894/datanode-2/data/ratis/dd37ad43-18c2-4652-a889-4cd58f3f0305: flushIndex: setUnconditionally 0 -> -1
2019-09-12 10:31:43,571 [pool-240-thread-1] INFO  server.RaftServerConfigKeys (ConfUtils.java:logGet(43)) - raft.server.snapshot.auto.trigger.enabled = true (custom)
2019-09-12 10:31:43,572 [pool-240-thread-1] INFO  server.RaftServerConfigKeys (ConfUtils.java:logGet(43)) - raft.server.snapshot.auto.trigger.threshold = 10000 (custom)
2019-09-12 10:31:43,572 [pool-240-thread-1] INFO  server.RaftServerConfigKeys (ConfUtils.java:logGet(43)) - raft.server.retrycache.expirytime = 600000ms (custom)
2019-09-12 10:31:43,572 [pool-240-thread-1] INFO  impl.RaftServerImpl (RaftServerImpl.java:start(180)) - caccd92c-2544-4e02-86cf-95849f240c1b: start group-4CD58F3F0305
2019-09-12 10:31:43,572 [pool-240-thread-1] INFO  impl.RaftServerImpl (RaftServerImpl.java:setRole(171)) - caccd92c-2544-4e02-86cf-95849f240c1b:group-4CD58F3F0305 changes role from null to FOLLOWER at term 0 for startAsFollower
2019-09-12 10:31:43,572 [pool-240-thread-1] INFO  impl.RoleInfo (RoleInfo.java:updateAndGet(143)) - caccd92c-2544-4e02-86cf-95849f240c1b: start FollowerState
2019-09-12 10:31:43,573 [pool-240-thread-1] INFO  util.JmxRegister (JmxRegister.java:tryRegister(44)) - Successfully registered JMX Bean with object name Ratis:service=RaftServer,group=group-4CD58F3F0305,id=caccd92c-2544-4e02-86cf-95849f240c1b
2019-09-12 10:31:43,578 | INFO  | SCMAudit | user=jenkins1000 | ip=192.168.36.114 | op=SEND_HEARTBEAT {datanodeUUID=c9031a36-5f7c-4098-8bea-8a46141708a6, command=[]} | ret=SUCCESS |  
2019-09-12 10:31:43,578 | INFO  | SCMAudit | user=jenkins1000 | ip=192.168.36.114 | op=SEND_HEARTBEAT {datanodeUUID=39df7a3f-9691-48d4-a2b1-6888489a5f8a, command=[]} | ret=SUCCESS |  
2019-09-12 10:31:43,578 | INFO  | SCMAudit | user=jenkins1000 | ip=192.168.36.114 | op=SEND_HEARTBEAT {datanodeUUID=9616c881-dbb1-48da-90dd-a872ed779a2e, command=[]} | ret=SUCCESS |  
2019-09-12 10:31:43,580 | INFO  | SCMAudit | user=jenkins1000 | ip=192.168.36.114 | op=SEND_HEARTBEAT {datanodeUUID=b6dd7c38-f675-445e-811b-15cf17d56c0a, command=[]} | ret=SUCCESS |  
2019-09-12 10:31:43,581 | INFO  | SCMAudit | user=jenkins1000 | ip=192.168.36.114 | op=SEND_HEARTBEAT {datanodeUUID=f17b4253-95a0-4ee6-8ded-88f070f15b33, command=[]} | ret=SUCCESS |  
2019-09-12 10:31:43,581 | INFO  | SCMAudit | user=jenkins1000 | ip=192.168.36.114 | op=SEND_HEARTBEAT {datanodeUUID=eaeff1e2-de9c-4510-872d-283eb6c3c330, command=[]} | ret=SUCCESS |  
2019-09-12 10:31:43,582 [b6dd7c38-f675-445e-811b-15cf17d56c0a:group-C06AEA56C492:LeaderElection78] INFO  impl.LeaderElection (LeaderElection.java:askForVotes(181)) - b6dd7c38-f675-445e-811b-15cf17d56c0a:group-C06AEA56C492:LeaderElection78: begin an election at term 1 for -1: [b6dd7c38-f675-445e-811b-15cf17d56c0a:192.168.36.114:37534], old=null
2019-09-12 10:31:43,582 [bcda0514-d42e-47ca-96fd-c0a633e872a8:group-4F0D5C34BD13:LeaderElection79] INFO  impl.LeaderElection (LeaderElection.java:askForVotes(181)) - bcda0514-d42e-47ca-96fd-c0a633e872a8:group-4F0D5C34BD13:LeaderElection79: begin an election at term 1 for -1: [bcda0514-d42e-47ca-96fd-c0a633e872a8:192.168.36.114:33684], old=null
2019-09-12 10:31:43,582 [9616c881-dbb1-48da-90dd-a872ed779a2e:group-D02CDFB3A3AD:LeaderElection77] INFO  impl.LeaderElection (LeaderElection.java:askForVotes(181)) - 9616c881-dbb1-48da-90dd-a872ed779a2e:group-D02CDFB3A3AD:LeaderElection77: begin an election at term 1 for -1: [9616c881-dbb1-48da-90dd-a872ed779a2e:192.168.36.114:37081], old=null
2019-09-12 10:31:43,582 [bcda0514-d42e-47ca-96fd-c0a633e872a8:group-4F0D5C34BD13:LeaderElection79] INFO  impl.RoleInfo (RoleInfo.java:shutdownLeaderElection(134)) - bcda0514-d42e-47ca-96fd-c0a633e872a8: shutdown LeaderElection
2019-09-12 10:31:43,582 [RatisPipelineUtilsThread] INFO  pipeline.PipelineStateManager (PipelineStateManager.java:addPipeline(56)) - Created pipeline Pipeline[ Id: dd37ad43-18c2-4652-a889-4cd58f3f0305, Nodes: caccd92c-2544-4e02-86cf-95849f240c1b{ip: 192.168.36.114, host: pr-hdds-1569-58hkm-1881083799, networkLocation: /default-rack, certSerialId: null}, Type:RATIS, Factor:ONE, State:OPEN]
2019-09-12 10:31:43,582 [b6dd7c38-f675-445e-811b-15cf17d56c0a:group-C06AEA56C492:LeaderElection78] INFO  impl.RoleInfo (RoleInfo.java:shutdownLeaderElection(134)) - b6dd7c38-f675-445e-811b-15cf17d56c0a: shutdown LeaderElection
2019-09-12 10:31:43,583 | INFO  | SCMAudit | user=jenkins1000 | ip=192.168.36.114 | op=SEND_HEARTBEAT {datanodeUUID=c1e71898-521f-4627-a3f1-9884c4b96ced, command=[]} | ret=SUCCESS |  
2019-09-12 10:31:43,583 | INFO  | SCMAudit | user=jenkins1000 | ip=192.168.36.114 | op=SEND_HEARTBEAT {datanodeUUID=bcda0514-d42e-47ca-96fd-c0a633e872a8, command=[]} | ret=SUCCESS |  
2019-09-12 10:31:43,583 [RatisPipelineUtilsThread] ERROR pipeline.PipelinePlacementPolicy (PipelinePlacementPolicy.java:meetCriteria(92)) - Pipeline Placement: Doesn't meet the criteria to be viable node. Heaviness: 6
2019-09-12 10:31:43,583 [RatisPipelineUtilsThread] ERROR pipeline.PipelinePlacementPolicy (PipelinePlacementPolicy.java:meetCriteria(92)) - Pipeline Placement: Doesn't meet the criteria to be viable node. Heaviness: 6
2019-09-12 10:31:43,583 [bcda0514-d42e-47ca-96fd-c0a633e872a8:group-4F0D5C34BD13:LeaderElection79] INFO  impl.RaftServerImpl (RaftServerImpl.java:setRole(171)) - bcda0514-d42e-47ca-96fd-c0a633e872a8:group-4F0D5C34BD13 changes role from CANDIDATE to LEADER at term 1 for changeToLeader
2019-09-12 10:31:43,583 [9616c881-dbb1-48da-90dd-a872ed779a2e:group-D02CDFB3A3AD:LeaderElection77] INFO  impl.RoleInfo (RoleInfo.java:shutdownLeaderElection(134)) - 9616c881-dbb1-48da-90dd-a872ed779a2e: shutdown LeaderElection
2019-09-12 10:31:43,583 [bcda0514-d42e-47ca-96fd-c0a633e872a8:group-4F0D5C34BD13:LeaderElection79] INFO  impl.RaftServerImpl (ServerState.java:setLeader(263)) - bcda0514-d42e-47ca-96fd-c0a633e872a8:group-4F0D5C34BD13 change Leader from null to bcda0514-d42e-47ca-96fd-c0a633e872a8 at term 1 for becomeLeader, leader elected after 10729ms
2019-09-12 10:31:43,583 [b6dd7c38-f675-445e-811b-15cf17d56c0a:group-C06AEA56C492:LeaderElection78] INFO  impl.RaftServerImpl (RaftServerImpl.java:setRole(171)) - b6dd7c38-f675-445e-811b-15cf17d56c0a:group-C06AEA56C492 changes role from CANDIDATE to LEADER at term 1 for changeToLeader
2019-09-12 10:31:43,584 [bcda0514-d42e-47ca-96fd-c0a633e872a8:group-4F0D5C34BD13:LeaderElection79] INFO  server.RaftServerConfigKeys (ConfUtils.java:logGet(43)) - raft.server.staging.catchup.gap = 1000 (default)
2019-09-12 10:31:43,584 [bcda0514-d42e-47ca-96fd-c0a633e872a8:group-4F0D5C34BD13:LeaderElection79] INFO  server.RaftServerConfigKeys (ConfUtils.java:logGet(43)) - raft.server.rpc.sleep.time = 25ms (default)
2019-09-12 10:31:43,583 [9616c881-dbb1-48da-90dd-a872ed779a2e:group-D02CDFB3A3AD:LeaderElection77] INFO  impl.RaftServerImpl (RaftServerImpl.java:setRole(171)) - 9616c881-dbb1-48da-90dd-a872ed779a2e:group-D02CDFB3A3AD changes role from CANDIDATE to LEADER at term 1 for changeToLeader
2019-09-12 10:31:43,584 [bcda0514-d42e-47ca-96fd-c0a633e872a8:group-4F0D5C34BD13:LeaderElection79] INFO  server.RaftServerConfigKeys (ConfUtils.java:logGet(43)) - raft.server.write.element-limit = 4096 (default)
2019-09-12 10:31:43,584 [b6dd7c38-f675-445e-811b-15cf17d56c0a:group-C06AEA56C492:LeaderElection78] INFO  impl.RaftServerImpl (ServerState.java:setLeader(263)) - b6dd7c38-f675-445e-811b-15cf17d56c0a:group-C06AEA56C492 change Leader from null to b6dd7c38-f675-445e-811b-15cf17d56c0a at term 1 for becomeLeader, leader elected after 10515ms
2019-09-12 10:31:43,584 [bcda0514-d42e-47ca-96fd-c0a633e872a8:group-4F0D5C34BD13:LeaderElection79] INFO  server.RaftServerConfigKeys (ConfUtils.java:logGet(43)) - raft.server.watch.timeout = 10s (default)
2019-09-12 10:31:43,584 [9616c881-dbb1-48da-90dd-a872ed779a2e:group-D02CDFB3A3AD:LeaderElection77] INFO  impl.RaftServerImpl (ServerState.java:setLeader(263)) - 9616c881-dbb1-48da-90dd-a872ed779a2e:group-D02CDFB3A3AD change Leader from null to 9616c881-dbb1-48da-90dd-a872ed779a2e at term 1 for becomeLeader, leader elected after 10661ms
2019-09-12 10:31:43,584 [bcda0514-d42e-47ca-96fd-c0a633e872a8:group-4F0D5C34BD13:LeaderElection79] INFO  server.RaftServerConfigKeys (ConfUtils.java:logGet(43)) - raft.server.watch.timeout.denomination = 1s (default)
2019-09-12 10:31:43,584 [b6dd7c38-f675-445e-811b-15cf17d56c0a:group-C06AEA56C492:LeaderElection78] INFO  server.RaftServerConfigKeys (ConfUtils.java:logGet(43)) - raft.server.staging.catchup.gap = 1000 (default)
2019-09-12 10:31:43,585 [bcda0514-d42e-47ca-96fd-c0a633e872a8:group-4F0D5C34BD13:LeaderElection79] INFO  server.RaftServerConfigKeys (ConfUtils.java:logGet(43)) - raft.server.watch.element-limit = 65536 (default)
2019-09-12 10:31:43,584 [9616c881-dbb1-48da-90dd-a872ed779a2e:group-D02CDFB3A3AD:LeaderElection77] INFO  server.RaftServerConfigKeys (ConfUtils.java:logGet(43)) - raft.server.staging.catchup.gap = 1000 (default)
2019-09-12 10:31:43,585 [b6dd7c38-f675-445e-811b-15cf17d56c0a:group-C06AEA56C492:LeaderElection78] INFO  server.RaftServerConfigKeys (ConfUtils.java:logGet(43)) - raft.server.rpc.sleep.time = 25ms (default)
2019-09-12 10:31:43,585 [9616c881-dbb1-48da-90dd-a872ed779a2e:group-D02CDFB3A3AD:LeaderElection77] INFO  server.RaftServerConfigKeys (ConfUtils.java:logGet(43)) - raft.server.rpc.sleep.time = 25ms (default)
2019-09-12 10:31:43,585 [bcda0514-d42e-47ca-96fd-c0a633e872a8:group-4F0D5C34BD13:LeaderElection79] INFO  impl.RoleInfo (RoleInfo.java:updateAndGet(143)) - bcda0514-d42e-47ca-96fd-c0a633e872a8: start LeaderState
2019-09-12 10:31:43,585 [9616c881-dbb1-48da-90dd-a872ed779a2e:group-D02CDFB3A3AD:LeaderElection77] INFO  server.RaftServerConfigKeys (ConfUtils.java:logGet(43)) - raft.server.write.element-limit = 4096 (default)
2019-09-12 10:31:43,585 [b6dd7c38-f675-445e-811b-15cf17d56c0a:group-C06AEA56C492:LeaderElection78] INFO  server.RaftServerConfigKeys (ConfUtils.java:logGet(43)) - raft.server.write.element-limit = 4096 (default)
2019-09-12 10:31:43,592 [9616c881-dbb1-48da-90dd-a872ed779a2e:group-D02CDFB3A3AD:LeaderElection77] INFO  server.RaftServerConfigKeys (ConfUtils.java:logGet(43)) - raft.server.watch.timeout = 10s (default)
2019-09-12 10:31:43,591 [bcda0514-d42e-47ca-96fd-c0a633e872a8:group-4F0D5C34BD13:LeaderElection79] INFO  segmented.SegmentedRaftLogWorker (SegmentedRaftLogWorker.java:startLogSegment(380)) - bcda0514-d42e-47ca-96fd-c0a633e872a8-SegmentedRaftLogWorker:Storage Directory /workdir/hadoop-ozone/integration-test/target/test-dir/MiniOzoneClusterImpl-87a68f7a-76d1-4e01-bf62-4b4b582b7243/datanode-4/data/ratis/fad54004-dc11-47bb-83f2-4f0d5c34bd13: Starting segment from index:0
2019-09-12 10:31:43,592 [9616c881-dbb1-48da-90dd-a872ed779a2e:group-D02CDFB3A3AD:LeaderElection77] INFO  server.RaftServerConfigKeys (ConfUtils.java:logGet(43)) - raft.server.watch.timeout.denomination = 1s (default)
2019-09-12 10:31:43,592 [b6dd7c38-f675-445e-811b-15cf17d56c0a:group-C06AEA56C492:LeaderElection78] INFO  server.RaftServerConfigKeys (ConfUtils.java:logGet(43)) - raft.server.watch.timeout = 10s (default)
2019-09-12 10:31:43,592 [9616c881-dbb1-48da-90dd-a872ed779a2e:group-D02CDFB3A3AD:LeaderElection77] INFO  server.RaftServerConfigKeys (ConfUtils.java:logGet(43)) - raft.server.watch.element-limit = 65536 (default)
2019-09-12 10:31:43,592 [bcda0514-d42e-47ca-96fd-c0a633e872a8:group-4F0D5C34BD13:LeaderElection79] INFO  impl.RaftServerImpl (ServerState.java:setRaftConf(361)) - bcda0514-d42e-47ca-96fd-c0a633e872a8:group-4F0D5C34BD13 set configuration 0: [bcda0514-d42e-47ca-96fd-c0a633e872a8:192.168.36.114:33684], old=null at 0
2019-09-12 10:31:43,955 | INFO  | SCMAudit | user=jenkins1000 | ip=192.168.36.114 | op=SEND_HEARTBEAT {datanodeUUID=5dd0cd62-5770-41dd-9e5a-f3f3eedc40c1, command=[]} | ret=SUCCESS |  
2019-09-12 10:31:43,954 [main] INFO  ozone.MiniOzoneClusterImpl (MiniOzoneClusterImpl.java:lambda$waitForClusterToBeReady$0(142)) - Waiting for cluster to be ready. Got 4 of 7 DN Heartbeats.
2019-09-12 10:31:43,955 | INFO  | SCMAudit | user=jenkins1000 | ip=192.168.36.114 | op=SEND_HEARTBEAT {datanodeUUID=22ce2f4b-d517-44cf-8041-712d813e08f3, command=[]} | ret=SUCCESS |  
2019-09-12 10:31:43,947 [Thread-796] INFO  impl.FollowerState (FollowerState.java:run(106)) - b6dd7c38-f675-445e-811b-15cf17d56c0a:group-9A99E533AC44 changes to CANDIDATE, lastRpcTime:10652, electionTimeout:5162ms
2019-09-12 10:31:43,955 [Thread-796] INFO  impl.RoleInfo (RoleInfo.java:shutdownFollowerState(121)) - b6dd7c38-f675-445e-811b-15cf17d56c0a: shutdown FollowerState
2019-09-12 10:31:43,955 | INFO  | SCMAudit | user=jenkins1000 | ip=192.168.36.114 | op=GET_VERSION null | ret=SUCCESS |  
2019-09-12 10:31:43,592 [b6dd7c38-f675-445e-811b-15cf17d56c0a:group-C06AEA56C492:LeaderElection78] INFO  server.RaftServerConfigKeys (ConfUtils.java:logGet(43)) - raft.server.watch.timeout.denomination = 1s (default)
2019-09-12 10:31:43,955 [Thread-796] INFO  impl.RaftServerImpl (RaftServerImpl.java:setRole(171)) - b6dd7c38-f675-445e-811b-15cf17d56c0a:group-9A99E533AC44 changes role from FOLLOWER to CANDIDATE at term 0 for changeToCandidate
2019-09-12 10:31:43,955 [9616c881-dbb1-48da-90dd-a872ed779a2e:group-D02CDFB3A3AD:LeaderElection77] INFO  impl.RoleInfo (RoleInfo.java:updateAndGet(143)) - 9616c881-dbb1-48da-90dd-a872ed779a2e: start LeaderState
2019-09-12 10:31:43,956 [Thread-796] INFO  impl.RoleInfo (RoleInfo.java:updateAndGet(143)) - b6dd7c38-f675-445e-811b-15cf17d56c0a: start LeaderElection
2019-09-12 10:31:43,956 [b6dd7c38-f675-445e-811b-15cf17d56c0a:group-C06AEA56C492:LeaderElection78] INFO  server.RaftServerConfigKeys (ConfUtils.java:logGet(43)) - raft.server.watch.element-limit = 65536 (default)
2019-09-12 10:31:43,956 [9616c881-dbb1-48da-90dd-a872ed779a2e:group-D02CDFB3A3AD:LeaderElection77] INFO  segmented.SegmentedRaftLogWorker (SegmentedRaftLogWorker.java:startLogSegment(380)) - 9616c881-dbb1-48da-90dd-a872ed779a2e-SegmentedRaftLogWorker:Storage Directory /workdir/hadoop-ozone/integration-test/target/test-dir/MiniOzoneClusterImpl-87a68f7a-76d1-4e01-bf62-4b4b582b7243/datanode-6/data/ratis/91cc0f5d-e6e6-429d-a855-d02cdfb3a3ad: Starting segment from index:0
2019-09-12 10:31:43,957 [b6dd7c38-f675-445e-811b-15cf17d56c0a:group-C06AEA56C492:LeaderElection78] INFO  impl.RoleInfo (RoleInfo.java:updateAndGet(143)) - b6dd7c38-f675-445e-811b-15cf17d56c0a: start LeaderState
2019-09-12 10:31:44,299 | INFO  | SCMAudit | user=jenkins1000 | ip=192.168.36.114 | op=SEND_HEARTBEAT {datanodeUUID=c54af6f8-a22e-478f-90e1-029d14059a99, command=[]} | ret=SUCCESS |  
2019-09-12 10:31:44,299 | INFO  | SCMAudit | user=jenkins1000 | ip=192.168.36.114 | op=SEND_HEARTBEAT {datanodeUUID=ff438662-24cf-49bb-bfc5-3308ec6d286b, command=[]} | ret=SUCCESS |  
2019-09-12 10:31:44,300 | INFO  | SCMAudit | user=jenkins1000 | ip=192.168.36.114 | op=SEND_HEARTBEAT {datanodeUUID=2cb9d557-cb56-4745-8686-5e72b62e748a, command=[]} | ret=SUCCESS |  
2019-09-12 10:31:44,299 | INFO  | SCMAudit | user=jenkins1000 | ip=192.168.36.114 | op=SEND_HEARTBEAT {datanodeUUID=2d50b591-d6e4-490f-9fa0-973ad5423bd7, command=[]} | ret=SUCCESS |  
2019-09-12 10:31:44,300 [9616c881-dbb1-48da-90dd-a872ed779a2e:group-D02CDFB3A3AD:LeaderElection77] INFO  impl.RaftServerImpl (ServerState.java:setRaftConf(361)) - 9616c881-dbb1-48da-90dd-a872ed779a2e:group-D02CDFB3A3AD set configuration 0: [9616c881-dbb1-48da-90dd-a872ed779a2e:192.168.36.114:37081], old=null at 0
2019-09-12 10:31:44,305 | INFO  | SCMAudit | user=jenkins1000 | ip=192.168.36.114 | op=SEND_HEARTBEAT {datanodeUUID=accf000b-d7b7-4fa5-9682-da82c4451e10, command=[]} | ret=SUCCESS |  
2019-09-12 10:31:44,305 [Datanode State Machine Thread - 0] INFO  ozoneimpl.OzoneContainer (OzoneContainer.java:start(186)) - Attempting to start container services.
2019-09-12 10:31:44,306 [Datanode State Machine Thread - 0] INFO  ozoneimpl.OzoneContainer (OzoneContainer.java:startContainerScrub(160)) - Background container scrubber has been disabled by hdds.containerscrub.enabled
2019-09-12 10:31:44,305 [b6dd7c38-f675-445e-811b-15cf17d56c0a:group-C06AEA56C492:LeaderElection78] INFO  segmented.SegmentedRaftLogWorker (SegmentedRaftLogWorker.java:startLogSegment(380)) - b6dd7c38-f675-445e-811b-15cf17d56c0a-SegmentedRaftLogWorker:Storage Directory /workdir/hadoop-ozone/integration-test/target/test-dir/MiniOzoneClusterImpl-87a68f7a-76d1-4e01-bf62-4b4b582b7243/datanode-5/data/ratis/51be9114-9a63-4dec-b9e6-c06aea56c492: Starting segment from index:0
2019-09-12 10:31:44,306 [Datanode State Machine Thread - 0] INFO  ratis.XceiverServerRatis (XceiverServerRatis.java:start(404)) - Starting XceiverServerRatis ad8ae342-df06-4311-9d84-524877c98111 at port 0
2019-09-12 10:31:44,306 | INFO  | SCMAudit | user=jenkins1000 | ip=192.168.36.114 | op=GET_VERSION null | ret=SUCCESS |  
2019-09-12 10:31:44,307 [b6dd7c38-f675-445e-811b-15cf17d56c0a:group-C06AEA56C492:LeaderElection78] INFO  impl.RaftServerImpl (ServerState.java:setRaftConf(361)) - b6dd7c38-f675-445e-811b-15cf17d56c0a:group-C06AEA56C492 set configuration 0: [b6dd7c38-f675-445e-811b-15cf17d56c0a:192.168.36.114:37534], old=null at 0
2019-09-12 10:31:44,307 [grpc-default-executor-0] INFO  impl.RaftServerProxy (RaftServerProxy.java:addNew(89)) - 334c5273-7871-4d53-8b37-de05e5a3be10: addNew group-364E53036449:[334c5273-7871-4d53-8b37-de05e5a3be10:192.168.36.114:43431] returns group-364E53036449:java.util.concurrent.CompletableFuture@545e9fb[Not completed]
2019-09-12 10:31:44,677 | INFO  | SCMAudit | user=jenkins1000 | ip=192.168.36.114 | op=GET_VERSION null | ret=SUCCESS |  
2019-09-12 10:31:44,677 | INFO  | SCMAudit | user=jenkins1000 | ip=192.168.36.114 | op=SEND_HEARTBEAT {datanodeUUID=5dd0cd62-5770-41dd-9e5a-f3f3eedc40c1, command=[]} | ret=SUCCESS |  
2019-09-12 10:31:44,677 | INFO  | SCMAudit | user=jenkins1000 | ip=192.168.36.114 | op=SEND_HEARTBEAT {datanodeUUID=d40ec8ee-ac9e-41d6-86bd-e74a05605b85, command=[]} | ret=SUCCESS |  
2019-09-12 10:31:44,677 | INFO  | SCMAudit | user=jenkins1000 | ip=192.168.36.114 | op=SEND_HEARTBEAT {datanodeUUID=bcda0514-d42e-47ca-96fd-c0a633e872a8, command=[]} | ret=SUCCESS |  
2019-09-12 10:31:44,678 | INFO  | SCMAudit | user=jenkins1000 | ip=192.168.36.114 | op=SEND_HEARTBEAT {datanodeUUID=b6dd7c38-f675-445e-811b-15cf17d56c0a, command=[]} | ret=SUCCESS |  
2019-09-12 10:31:44,679 | INFO  | SCMAudit | user=jenkins1000 | ip=192.168.36.114 | op=SEND_HEARTBEAT {datanodeUUID=c1e71898-521f-4627-a3f1-9884c4b96ced, command=[]} | ret=SUCCESS |  
2019-09-12 10:31:44,679 | INFO  | SCMAudit | user=jenkins1000 | ip=192.168.36.114 | op=SEND_HEARTBEAT {datanodeUUID=f17b4253-95a0-4ee6-8ded-88f070f15b33, command=[]} | ret=SUCCESS |  
2019-09-12 10:31:44,679 | INFO  | SCMAudit | user=jenkins1000 | ip=192.168.36.114 | op=SEND_HEARTBEAT {datanodeUUID=eaeff1e2-de9c-4510-872d-283eb6c3c330, command=[]} | ret=SUCCESS |  
2019-09-12 10:31:44,679 [Thread-1077] INFO  container.ReplicationManager (ReplicationManager.java:start(151)) - Starting Replication Monitor Thread.
2019-09-12 10:31:44,679 | INFO  | SCMAudit | user=jenkins1000 | ip=192.168.36.114 | op=SEND_HEARTBEAT {datanodeUUID=39df7a3f-9691-48d4-a2b1-6888489a5f8a, command=[]} | ret=SUCCESS |  
2019-09-12 10:31:44,679 | INFO  | SCMAudit | user=jenkins1000 | ip=192.168.36.114 | op=SEND_HEARTBEAT {datanodeUUID=9616c881-dbb1-48da-90dd-a872ed779a2e, command=[]} | ret=SUCCESS |  
2019-09-12 10:31:44,679 | INFO  | SCMAudit | user=jenkins1000 | ip=192.168.36.114 | op=SEND_HEARTBEAT {datanodeUUID=c9031a36-5f7c-4098-8bea-8a46141708a6, command=[]} | ret=SUCCESS |  
2019-09-12 10:31:44,679 [b6dd7c38-f675-445e-811b-15cf17d56c0a:group-9A99E533AC44:LeaderElection80] INFO  impl.LeaderElection (LeaderElection.java:askForVotes(181)) - b6dd7c38-f675-445e-811b-15cf17d56c0a:group-9A99E533AC44:LeaderElection80: begin an election at term 1 for -1: [b6dd7c38-f675-445e-811b-15cf17d56c0a:192.168.36.114:37534], old=null
2019-09-12 10:31:44,680 [b6dd7c38-f675-445e-811b-15cf17d56c0a:group-9A99E533AC44:LeaderElection80] INFO  impl.RoleInfo (RoleInfo.java:shutdownLeaderElection(134)) - b6dd7c38-f675-445e-811b-15cf17d56c0a: shutdown LeaderElection
2019-09-12 10:31:44,680 [b6dd7c38-f675-445e-811b-15cf17d56c0a:group-9A99E533AC44:LeaderElection80] INFO  impl.RaftServerImpl (RaftServerImpl.java:setRole(171)) - b6dd7c38-f675-445e-811b-15cf17d56c0a:group-9A99E533AC44 changes role from CANDIDATE to LEADER at term 1 for changeToLeader
2019-09-12 10:31:44,694 [ReplicationMonitor] INFO  container.ReplicationManager (ReplicationManager.java:run(214)) - Replication Monitor Thread took 0 milliseconds for processing 0 containers.
2019-09-12 10:31:44,694 [b6dd7c38-f675-445e-811b-15cf17d56c0a:group-9A99E533AC44:LeaderElection80] INFO  impl.RaftServerImpl (ServerState.java:setLeader(263)) - b6dd7c38-f675-445e-811b-15cf17d56c0a:group-9A99E533AC44 change Leader from null to b6dd7c38-f675-445e-811b-15cf17d56c0a at term 1 for becomeLeader, leader elected after 11403ms
2019-09-12 10:31:44,694 [b6dd7c38-f675-445e-811b-15cf17d56c0a:group-9A99E533AC44:LeaderElection80] INFO  server.RaftServerConfigKeys (ConfUtils.java:logGet(43)) - raft.server.staging.catchup.gap = 1000 (default)
2019-09-12 10:31:44,694 [b6dd7c38-f675-445e-811b-15cf17d56c0a:group-9A99E533AC44:LeaderElection80] INFO  server.RaftServerConfigKeys (ConfUtils.java:logGet(43)) - raft.server.rpc.sleep.time = 25ms (default)
2019-09-12 10:31:44,694 [b6dd7c38-f675-445e-811b-15cf17d56c0a:group-9A99E533AC44:LeaderElection80] INFO  server.RaftServerConfigKeys (ConfUtils.java:logGet(43)) - raft.server.write.element-limit = 4096 (default)
2019-09-12 10:31:44,694 [b6dd7c38-f675-445e-811b-15cf17d56c0a:group-9A99E533AC44:LeaderElection80] INFO  server.RaftServerConfigKeys (ConfUtils.java:logGet(43)) - raft.server.watch.timeout = 10s (default)
2019-09-12 10:31:44,695 [b6dd7c38-f675-445e-811b-15cf17d56c0a:group-9A99E533AC44:LeaderElection80] INFO  server.RaftServerConfigKeys (ConfUtils.java:logGet(43)) - raft.server.watch.timeout.denomination = 1s (default)
2019-09-12 10:31:44,695 [b6dd7c38-f675-445e-811b-15cf17d56c0a:group-9A99E533AC44:LeaderElection80] INFO  server.RaftServerConfigKeys (ConfUtils.java:logGet(43)) - raft.server.watch.element-limit = 65536 (default)
2019-09-12 10:31:44,695 [b6dd7c38-f675-445e-811b-15cf17d56c0a:group-9A99E533AC44:LeaderElection80] INFO  impl.RoleInfo (RoleInfo.java:updateAndGet(143)) - b6dd7c38-f675-445e-811b-15cf17d56c0a: start LeaderState
2019-09-12 10:31:44,695 [b6dd7c38-f675-445e-811b-15cf17d56c0a:group-9A99E533AC44:LeaderElection80] INFO  segmented.SegmentedRaftLogWorker (SegmentedRaftLogWorker.java:startLogSegment(380)) - b6dd7c38-f675-445e-811b-15cf17d56c0a-SegmentedRaftLogWorker:Storage Directory /workdir/hadoop-ozone/integration-test/target/test-dir/MiniOzoneClusterImpl-87a68f7a-76d1-4e01-bf62-4b4b582b7243/datanode-5/data/ratis/10378bea-0bfc-413c-832c-9a99e533ac44: Starting segment from index:0
2019-09-12 10:31:44,695 [pool-251-thread-1] INFO  impl.RaftServerImpl (RaftServerImpl.java:<init>(93)) - 334c5273-7871-4d53-8b37-de05e5a3be10: new RaftServerImpl for group-364E53036449:[334c5273-7871-4d53-8b37-de05e5a3be10:192.168.36.114:43431] with ContainerStateMachine:uninitialized
2019-09-12 10:31:44,696 [pool-251-thread-1] INFO  server.RaftServerConfigKeys (ConfUtils.java:logGet(43)) - raft.server.rpc.timeout.min = 5s (custom)
2019-09-12 10:31:44,696 [pool-251-thread-1] INFO  server.RaftServerConfigKeys (ConfUtils.java:logGet(43)) - raft.server.rpc.timeout.max = 5200ms (custom)
2019-09-12 10:31:44,696 [pool-251-thread-1] INFO  server.RaftServerConfigKeys (ConfUtils.java:logGet(43)) - raft.server.rpcslowness.timeout = 120s (custom)
2019-09-12 10:31:45,067 | INFO  | SCMAudit | user=jenkins1000 | ip=192.168.36.114 | op=SEND_HEARTBEAT {datanodeUUID=caccd92c-2544-4e02-86cf-95849f240c1b, command=[]} | ret=SUCCESS |  
2019-09-12 10:31:44,696 [pool-251-thread-1] INFO  server.RaftServerConfigKeys (ConfUtils.java:logGet(43)) - raft.server.sleep.deviation.threshold = 300 (default)
2019-09-12 10:31:44,696 [b6dd7c38-f675-445e-811b-15cf17d56c0a:group-9A99E533AC44:LeaderElection80] INFO  impl.RaftServerImpl (ServerState.java:setRaftConf(361)) - b6dd7c38-f675-445e-811b-15cf17d56c0a:group-9A99E533AC44 set configuration 0: [b6dd7c38-f675-445e-811b-15cf17d56c0a:192.168.36.114:37534], old=null at 0
2019-09-12 10:31:45,080 | INFO  | SCMAudit | user=jenkins1000 | ip=192.168.36.114 | op=SEND_HEARTBEAT {datanodeUUID=22ce2f4b-d517-44cf-8041-712d813e08f3, command=[]} | ret=SUCCESS |  
2019-09-12 10:31:45,067 [bcda0514-d42e-47ca-96fd-c0a633e872a8-SegmentedRaftLogWorker:Storage Directory /workdir/hadoop-ozone/integration-test/target/test-dir/MiniOzoneClusterImpl-87a68f7a-76d1-4e01-bf62-4b4b582b7243/datanode-4/data/ratis/0ded21f5-1921-4661-ae52-3e79cf271c4a] ERROR segmented.SegmentedRaftLogWorker (SegmentedRaftLogWorker.java:run(323)) - bcda0514-d42e-47ca-96fd-c0a633e872a8-SegmentedRaftLogWorker:Storage Directory /workdir/hadoop-ozone/integration-test/target/test-dir/MiniOzoneClusterImpl-87a68f7a-76d1-4e01-bf62-4b4b582b7243/datanode-4/data/ratis/0ded21f5-1921-4661-ae52-3e79cf271c4a hit exception
java.lang.OutOfMemoryError: Direct buffer memory
	at java.nio.Bits.reserveMemory(Bits.java:666)
	at java.nio.DirectByteBuffer.<init>(DirectByteBuffer.java:123)
	at java.nio.ByteBuffer.allocateDirect(ByteBuffer.java:311)
	at org.apache.ratis.server.raftlog.segmented.BufferedWriteChannel.<init>(BufferedWriteChannel.java:41)
	at org.apache.ratis.server.raftlog.segmented.SegmentedRaftLogOutputStream.<init>(SegmentedRaftLogOutputStream.java:72)
	at org.apache.ratis.server.raftlog.segmented.SegmentedRaftLogWorker$StartLogSegment.execute(SegmentedRaftLogWorker.java:566)
	at org.apache.ratis.server.raftlog.segmented.SegmentedRaftLogWorker.run(SegmentedRaftLogWorker.java:289)
	at java.lang.Thread.run(Thread.java:748)
2019-09-12 10:31:45,065 [main] INFO  ozone.MiniOzoneClusterImpl (MiniOzoneClusterImpl.java:lambda$waitForClusterToBeReady$0(142)) - Waiting for cluster to be ready. Got 4 of 7 DN Heartbeats.
2019-09-12 10:31:45,080 [bcda0514-d42e-47ca-96fd-c0a633e872a8-SegmentedRaftLogWorker:Storage Directory /workdir/hadoop-ozone/integration-test/target/test-dir/MiniOzoneClusterImpl-87a68f7a-76d1-4e01-bf62-4b4b582b7243/datanode-4/data/ratis/0ded21f5-1921-4661-ae52-3e79cf271c4a] INFO  impl.RaftServerImpl (RaftServerImpl.java:lambda$shutdown$3(245)) - bcda0514-d42e-47ca-96fd-c0a633e872a8: shutdown group-3E79CF271C4A
2019-09-12 10:31:45,079 [Datanode State Machine Thread - 0] INFO  ozoneimpl.OzoneContainer (OzoneContainer.java:start(186)) - Attempting to start container services.
2019-09-12 10:31:45,079 [Datanode State Machine Thread - 0] INFO  ozoneimpl.OzoneContainer (OzoneContainer.java:start(186)) - Attempting to start container services.
2019-09-12 10:31:45,081 [Datanode State Machine Thread - 0] INFO  ozoneimpl.OzoneContainer (OzoneContainer.java:startContainerScrub(160)) - Background container scrubber has been disabled by hdds.containerscrub.enabled
2019-09-12 10:31:45,079 [pool-251-thread-1] INFO  server.RaftServerConfigKeys (ConfUtils.java:logGet(43)) - raft.server.log.appender.install.snapshot.enabled = false (custom)
2019-09-12 10:31:45,081 [Datanode State Machine Thread - 0] INFO  ratis.XceiverServerRatis (XceiverServerRatis.java:start(404)) - Starting XceiverServerRatis d9d65fd8-d100-497d-8460-9a4cf62b4ad5 at port 0
2019-09-12 10:31:45,081 [Datanode State Machine Thread - 0] INFO  ozoneimpl.OzoneContainer (OzoneContainer.java:startContainerScrub(160)) - Background container scrubber has been disabled by hdds.containerscrub.enabled
2019-09-12 10:31:45,081 [bcda0514-d42e-47ca-96fd-c0a633e872a8-SegmentedRaftLogWorker:Storage Directory /workdir/hadoop-ozone/integration-test/target/test-dir/MiniOzoneClusterImpl-87a68f7a-76d1-4e01-bf62-4b4b582b7243/datanode-4/data/ratis/0ded21f5-1921-4661-ae52-3e79cf271c4a] INFO  util.JmxRegister (JmxRegister.java:unregister(73)) - Successfully un-registered JMX Bean with object name Ratis:service=RaftServer,group=group-3E79CF271C4A,id=bcda0514-d42e-47ca-96fd-c0a633e872a8
2019-09-12 10:31:45,082 [Datanode State Machine Thread - 0] INFO  ratis.XceiverServerRatis (XceiverServerRatis.java:start(404)) - Starting XceiverServerRatis 1349d5ba-07d4-450a-9218-4f0361201438 at port 0
2019-09-12 10:31:45,081 [pool-251-thread-1] INFO  impl.RaftServerImpl (ServerState.java:<init>(105)) - 334c5273-7871-4d53-8b37-de05e5a3be10:group-364E53036449 ConfigurationManager, init=-1: [334c5273-7871-4d53-8b37-de05e5a3be10:192.168.36.114:43431], old=null, confs=<EMPTY_MAP>
2019-09-12 10:31:45,082 [bcda0514-d42e-47ca-96fd-c0a633e872a8-SegmentedRaftLogWorker:Storage Directory /workdir/hadoop-ozone/integration-test/target/test-dir/MiniOzoneClusterImpl-87a68f7a-76d1-4e01-bf62-4b4b582b7243/datanode-4/data/ratis/0ded21f5-1921-4661-ae52-3e79cf271c4a] INFO  impl.RoleInfo (RoleInfo.java:shutdownLeaderState(104)) - bcda0514-d42e-47ca-96fd-c0a633e872a8: shutdown LeaderState
2019-09-12 10:31:45,082 [pool-251-thread-1] INFO  server.RaftServerConfigKeys (ConfUtils.java:logGet(43)) - raft.server.storage.dir = [/workdir/hadoop-ozone/integration-test/target/test-dir/MiniOzoneClusterImpl-d867a4e1-154a-4113-b5e4-c09c14df2894/datanode-3/data/ratis] (custom)
2019-09-12 10:31:45,082 [bcda0514-d42e-47ca-96fd-c0a633e872a8-SegmentedRaftLogWorker:Storage Directory /workdir/hadoop-ozone/integration-test/target/test-dir/MiniOzoneClusterImpl-87a68f7a-76d1-4e01-bf62-4b4b582b7243/datanode-4/data/ratis/0ded21f5-1921-4661-ae52-3e79cf271c4a] INFO  impl.PendingRequests (PendingRequests.java:sendNotLeaderResponses(202)) - bcda0514-d42e-47ca-96fd-c0a633e872a8-PendingRequests: sendNotLeaderResponses
2019-09-12 10:31:45,083 [bcda0514-d42e-47ca-96fd-c0a633e872a8-SegmentedRaftLogWorker:Storage Directory /workdir/hadoop-ozone/integration-test/target/test-dir/MiniOzoneClusterImpl-87a68f7a-76d1-4e01-bf62-4b4b582b7243/datanode-4/data/ratis/0ded21f5-1921-4661-ae52-3e79cf271c4a] INFO  impl.StateMachineUpdater (StateMachineUpdater.java:stopAndJoin(115)) - StateMachineUpdater:bcda0514-d42e-47ca-96fd-c0a633e872a8:group-3E79CF271C4A: set stopIndex = -1
2019-09-12 10:31:45,083 [pool-251-thread-1] INFO  storage.RaftStorageDirectory (RaftStorageDirectory.java:analyzeStorage(246)) - The storage directory /workdir/hadoop-ozone/integration-test/target/test-dir/MiniOzoneClusterImpl-d867a4e1-154a-4113-b5e4-c09c14df2894/datanode-3/data/ratis/2b1a1301-3aa3-4570-bcbc-364e53036449 does not exist. Creating ...
2019-09-12 10:31:45,083 [bcda0514-d42e-47ca-96fd-c0a633e872a8-SegmentedRaftLogWorker:Storage Directory /workdir/hadoop-ozone/integration-test/target/test-dir/MiniOzoneClusterImpl-87a68f7a-76d1-4e01-bf62-4b4b582b7243/datanode-4/data/ratis/0ded21f5-1921-4661-ae52-3e79cf271c4a] INFO  impl.RaftServerImpl (ServerState.java:close(394)) - bcda0514-d42e-47ca-96fd-c0a633e872a8:group-3E79CF271C4A closes. The last applied log index is -1
2019-09-12 10:31:45,083 [bcda0514-d42e-47ca-96fd-c0a633e872a8-SegmentedRaftLogWorker:Storage Directory /workdir/hadoop-ozone/integration-test/target/test-dir/MiniOzoneClusterImpl-87a68f7a-76d1-4e01-bf62-4b4b582b7243/datanode-4/data/ratis/0ded21f5-1921-4661-ae52-3e79cf271c4a] INFO  segmented.SegmentedRaftLogWorker (SegmentedRaftLogWorker.java:close(228)) - bcda0514-d42e-47ca-96fd-c0a633e872a8-SegmentedRaftLogWorker:Storage Directory /workdir/hadoop-ozone/integration-test/target/test-dir/MiniOzoneClusterImpl-87a68f7a-76d1-4e01-bf62-4b4b582b7243/datanode-4/data/ratis/0ded21f5-1921-4661-ae52-3e79cf271c4a close()
2019-09-12 10:31:45,099 [pool-251-thread-1] INFO  storage.RaftStorageDirectory (RaftStorageDirectory.java:tryLock(328)) - Lock on /workdir/hadoop-ozone/integration-test/target/test-dir/MiniOzoneClusterImpl-d867a4e1-154a-4113-b5e4-c09c14df2894/datanode-3/data/ratis/2b1a1301-3aa3-4570-bcbc-364e53036449/in_use.lock acquired by nodename 1396@pr-hdds-1569-58hkm-1881083799
2019-09-12 10:31:45,100 [Datanode State Machine Thread - 0] INFO  impl.RaftServerProxy (RaftServerProxy.java:lambda$start$3(299)) - ad8ae342-df06-4311-9d84-524877c98111: start RPC server
2019-09-12 10:31:45,102 [Datanode State Machine Thread - 0] INFO  server.GrpcService (GrpcService.java:startImpl(149)) - ad8ae342-df06-4311-9d84-524877c98111: GrpcService started, listening on 0.0.0.0/0.0.0.0:39527
2019-09-12 10:31:45,102 [Datanode State Machine Thread - 0] INFO  ratis.XceiverServerRatis (XceiverServerRatis.java:start(414)) - XceiverServerRatis ad8ae342-df06-4311-9d84-524877c98111 is started using port 39527
2019-09-12 10:31:45,102 [Datanode State Machine Thread - 0] INFO  server.XceiverServerGrpc (XceiverServerGrpc.java:start(163)) - XceiverServerGrpc ad8ae342-df06-4311-9d84-524877c98111 is started using port 43035
2019-09-12 10:31:45,112 [Datanode State Machine Thread - 0] INFO  impl.RaftServerProxy (RaftServerProxy.java:lambda$start$3(299)) - d9d65fd8-d100-497d-8460-9a4cf62b4ad5: start RPC server
2019-09-12 10:31:45,112 [Datanode State Machine Thread - 0] INFO  impl.RaftServerProxy (RaftServerProxy.java:lambda$start$3(299)) - 1349d5ba-07d4-450a-9218-4f0361201438: start RPC server
2019-09-12 10:31:45,150 [pool-251-thread-1] INFO  storage.RaftStorage (RaftStorage.java:format(72)) - Storage directory /workdir/hadoop-ozone/integration-test/target/test-dir/MiniOzoneClusterImpl-d867a4e1-154a-4113-b5e4-c09c14df2894/datanode-3/data/ratis/2b1a1301-3aa3-4570-bcbc-364e53036449 has been successfully formatted.
2019-09-12 10:31:45,151 [pool-251-thread-1] INFO  ratis.ContainerStateMachine (ContainerStateMachine.java:loadSnapshot(226)) - group-364E53036449: The snapshot info is null. Setting the last applied indexto:(t:0, i:~)
2019-09-12 10:31:45,151 [pool-251-thread-1] INFO  server.RaftServerConfigKeys (ConfUtils.java:logGet(43)) - raft.server.leader.election.timeout = 120s (custom)
2019-09-12 10:31:45,151 [Datanode State Machine Thread - 0] INFO  server.GrpcService (GrpcService.java:startImpl(149)) - d9d65fd8-d100-497d-8460-9a4cf62b4ad5: GrpcService started, listening on 0.0.0.0/0.0.0.0:33192
2019-09-12 10:31:45,151 [pool-251-thread-1] INFO  server.RaftServerConfigKeys (ConfUtils.java:logGet(43)) - raft.server.log.use.memory = false (default)
2019-09-12 10:31:45,151 [Datanode State Machine Thread - 0] INFO  server.GrpcService (GrpcService.java:startImpl(149)) - 1349d5ba-07d4-450a-9218-4f0361201438: GrpcService started, listening on 0.0.0.0/0.0.0.0:34435
2019-09-12 10:31:45,151 [pool-251-thread-1] INFO  server.RaftServerConfigKeys (ConfUtils.java:logGet(43)) - raft.server.log.purge.gap = 1000000 (custom)
2019-09-12 10:31:45,152 [pool-251-thread-1] INFO  server.RaftServerConfigKeys (ConfUtils.java:logGet(43)) - raft.server.log.appender.buffer.byte-limit = 33554432 (custom)
2019-09-12 10:31:45,151 [Datanode State Machine Thread - 0] INFO  ratis.XceiverServerRatis (XceiverServerRatis.java:start(414)) - XceiverServerRatis d9d65fd8-d100-497d-8460-9a4cf62b4ad5 is started using port 33192
2019-09-12 10:31:45,152 [pool-251-thread-1] INFO  server.RaftServerConfigKeys (ConfUtils.java:logGet(43)) - raft.server.log.segment.size.max = 1048576 (custom)
2019-09-12 10:31:45,152 [Datanode State Machine Thread - 0] INFO  ratis.XceiverServerRatis (XceiverServerRatis.java:start(414)) - XceiverServerRatis 1349d5ba-07d4-450a-9218-4f0361201438 is started using port 34435
2019-09-12 10:31:45,152 [pool-251-thread-1] INFO  server.RaftServerConfigKeys (ConfUtils.java:logGet(43)) - raft.server.log.segment.cache.num.max = 2 (custom)
2019-09-12 10:31:45,152 [pool-251-thread-1] INFO  segmented.SegmentedRaftLogWorker (SegmentedRaftLogWorker.java:<init>(172)) - new 334c5273-7871-4d53-8b37-de05e5a3be10-SegmentedRaftLogWorker:Storage Directory /workdir/hadoop-ozone/integration-test/target/test-dir/MiniOzoneClusterImpl-d867a4e1-154a-4113-b5e4-c09c14df2894/datanode-3/data/ratis/2b1a1301-3aa3-4570-bcbc-364e53036449 for RaftStorage:Storage Directory /workdir/hadoop-ozone/integration-test/target/test-dir/MiniOzoneClusterImpl-d867a4e1-154a-4113-b5e4-c09c14df2894/datanode-3/data/ratis/2b1a1301-3aa3-4570-bcbc-364e53036449
2019-09-12 10:31:45,153 [pool-251-thread-1] INFO  server.RaftServerConfigKeys (ConfUtils.java:logGet(43)) - raft.server.log.queue.byte-limit = 2147483647 (custom)
2019-09-12 10:31:45,153 [Datanode State Machine Thread - 0] INFO  server.XceiverServerGrpc (XceiverServerGrpc.java:start(163)) - XceiverServerGrpc d9d65fd8-d100-497d-8460-9a4cf62b4ad5 is started using port 38759
2019-09-12 10:31:45,153 [pool-251-thread-1] INFO  server.RaftServerConfigKeys (ConfUtils.java:logGet(43)) - raft.server.log.queue.element-limit = 1024 (custom)
2019-09-12 10:31:45,153 [Datanode State Machine Thread - 0] INFO  server.XceiverServerGrpc (XceiverServerGrpc.java:start(163)) - XceiverServerGrpc 1349d5ba-07d4-450a-9218-4f0361201438 is started using port 43194
2019-09-12 10:31:45,153 [pool-251-thread-1] INFO  server.RaftServerConfigKeys (ConfUtils.java:logGet(43)) - raft.server.log.segment.size.max = 1048576 (custom)
2019-09-12 10:31:45,153 [pool-251-thread-1] INFO  server.RaftServerConfigKeys (ConfUtils.java:logGet(43)) - raft.server.log.preallocated.size = 16384 (custom)
2019-09-12 10:31:45,153 [pool-251-thread-1] INFO  server.RaftServerConfigKeys (ConfUtils.java:logGet(43)) - raft.server.log.write.buffer.size = 33554432 (custom)
2019-09-12 10:31:45,153 [pool-251-thread-1] INFO  server.RaftServerConfigKeys (ConfUtils.java:logGet(43)) - raft.server.log.force.sync.num = 128 (default)
2019-09-12 10:31:45,154 [pool-251-thread-1] INFO  server.RaftServerConfigKeys (ConfUtils.java:logGet(43)) - raft.server.log.statemachine.data.sync = true (default)
2019-09-12 10:31:45,154 [pool-251-thread-1] INFO  server.RaftServerConfigKeys (ConfUtils.java:logGet(43)) - raft.server.log.statemachine.data.sync.timeout = 10s (default)
2019-09-12 10:31:45,154 [pool-251-thread-1] INFO  server.RaftServerConfigKeys (ConfUtils.java:logGet(43)) - raft.server.log.statemachine.data.sync.timeout.retry = -1 (default)
2019-09-12 10:31:45,154 [pool-251-thread-1] INFO  server.RaftServerConfigKeys (ConfUtils.java:logGet(43)) - raft.server.log.statemachine.data.caching.enabled = true (custom)
2019-09-12 10:31:45,154 [pool-251-thread-1] INFO  segmented.SegmentedRaftLogWorker (SegmentedRaftLogWorker.java:lambda$new$0(132)) - 334c5273-7871-4d53-8b37-de05e5a3be10-SegmentedRaftLogWorker:Storage Directory /workdir/hadoop-ozone/integration-test/target/test-dir/MiniOzoneClusterImpl-d867a4e1-154a-4113-b5e4-c09c14df2894/datanode-3/data/ratis/2b1a1301-3aa3-4570-bcbc-364e53036449: flushIndex: setUnconditionally 0 -> -1
2019-09-12 10:31:45,155 [pool-251-thread-1] INFO  server.RaftServerConfigKeys (ConfUtils.java:logGet(43)) - raft.server.snapshot.auto.trigger.enabled = true (custom)
2019-09-12 10:31:45,155 [pool-251-thread-1] INFO  server.RaftServerConfigKeys (ConfUtils.java:logGet(43)) - raft.server.snapshot.auto.trigger.threshold = 10000 (custom)
2019-09-12 10:31:45,155 [pool-251-thread-1] INFO  server.RaftServerConfigKeys (ConfUtils.java:logGet(43)) - raft.server.retrycache.expirytime = 600000ms (custom)
2019-09-12 10:31:45,155 [pool-251-thread-1] INFO  impl.RaftServerImpl (RaftServerImpl.java:start(180)) - 334c5273-7871-4d53-8b37-de05e5a3be10: start group-364E53036449
2019-09-12 10:31:45,155 [pool-251-thread-1] INFO  impl.RaftServerImpl (RaftServerImpl.java:setRole(171)) - 334c5273-7871-4d53-8b37-de05e5a3be10:group-364E53036449 changes role from null to FOLLOWER at term 0 for startAsFollower
2019-09-12 10:31:45,155 [pool-251-thread-1] INFO  impl.RoleInfo (RoleInfo.java:updateAndGet(143)) - 334c5273-7871-4d53-8b37-de05e5a3be10: start FollowerState
2019-09-12 10:31:45,156 [pool-251-thread-1] INFO  util.JmxRegister (JmxRegister.java:tryRegister(44)) - Successfully registered JMX Bean with object name Ratis:service=RaftServer,group=group-364E53036449,id=334c5273-7871-4d53-8b37-de05e5a3be10
2019-09-12 10:31:45,158 [RatisPipelineUtilsThread] INFO  pipeline.PipelineStateManager (PipelineStateManager.java:addPipeline(56)) - Created pipeline Pipeline[ Id: 2b1a1301-3aa3-4570-bcbc-364e53036449, Nodes: 334c5273-7871-4d53-8b37-de05e5a3be10{ip: 192.168.36.114, host: pr-hdds-1569-58hkm-1881083799, networkLocation: /default-rack, certSerialId: null}, Type:RATIS, Factor:ONE, State:OPEN]
2019-09-12 10:31:45,159 [RatisPipelineUtilsThread] ERROR pipeline.PipelinePlacementPolicy (PipelinePlacementPolicy.java:meetCriteria(92)) - Pipeline Placement: Doesn't meet the criteria to be viable node. Heaviness: 6
2019-09-12 10:31:45,159 [RatisPipelineUtilsThread] ERROR pipeline.PipelinePlacementPolicy (PipelinePlacementPolicy.java:meetCriteria(92)) - Pipeline Placement: Doesn't meet the criteria to be viable node. Heaviness: 6
2019-09-12 10:31:45,163 [grpc-default-executor-0] INFO  impl.RaftServerProxy (RaftServerProxy.java:addNew(89)) - caccd92c-2544-4e02-86cf-95849f240c1b: addNew group-9E560FC5F4DD:[caccd92c-2544-4e02-86cf-95849f240c1b:192.168.36.114:37072] returns group-9E560FC5F4DD:java.util.concurrent.CompletableFuture@3034c048[Not completed]
2019-09-12 10:31:45,164 [pool-240-thread-1] INFO  impl.RaftServerImpl (RaftServerImpl.java:<init>(93)) - caccd92c-2544-4e02-86cf-95849f240c1b: new RaftServerImpl for group-9E560FC5F4DD:[caccd92c-2544-4e02-86cf-95849f240c1b:192.168.36.114:37072] with ContainerStateMachine:uninitialized
2019-09-12 10:31:45,164 [pool-240-thread-1] INFO  server.RaftServerConfigKeys (ConfUtils.java:logGet(43)) - raft.server.rpc.timeout.min = 5s (custom)
2019-09-12 10:31:45,164 [pool-240-thread-1] INFO  server.RaftServerConfigKeys (ConfUtils.java:logGet(43)) - raft.server.rpc.timeout.max = 5200ms (custom)
2019-09-12 10:31:45,164 [pool-240-thread-1] INFO  server.RaftServerConfigKeys (ConfUtils.java:logGet(43)) - raft.server.rpcslowness.timeout = 120s (custom)
2019-09-12 10:31:45,164 [pool-240-thread-1] INFO  server.RaftServerConfigKeys (ConfUtils.java:logGet(43)) - raft.server.sleep.deviation.threshold = 300 (default)
2019-09-12 10:31:45,165 [pool-240-thread-1] INFO  server.RaftServerConfigKeys (ConfUtils.java:logGet(43)) - raft.server.log.appender.install.snapshot.enabled = false (custom)
2019-09-12 10:31:45,165 [pool-240-thread-1] INFO  impl.RaftServerImpl (ServerState.java:<init>(105)) - caccd92c-2544-4e02-86cf-95849f240c1b:group-9E560FC5F4DD ConfigurationManager, init=-1: [caccd92c-2544-4e02-86cf-95849f240c1b:192.168.36.114:37072], old=null, confs=<EMPTY_MAP>
2019-09-12 10:31:45,165 [pool-240-thread-1] INFO  server.RaftServerConfigKeys (ConfUtils.java:logGet(43)) - raft.server.storage.dir = [/workdir/hadoop-ozone/integration-test/target/test-dir/MiniOzoneClusterImpl-d867a4e1-154a-4113-b5e4-c09c14df2894/datanode-2/data/ratis] (custom)
2019-09-12 10:31:45,165 [pool-240-thread-1] INFO  storage.RaftStorageDirectory (RaftStorageDirectory.java:analyzeStorage(246)) - The storage directory /workdir/hadoop-ozone/integration-test/target/test-dir/MiniOzoneClusterImpl-d867a4e1-154a-4113-b5e4-c09c14df2894/datanode-2/data/ratis/9366f17c-7716-4591-b7a4-9e560fc5f4dd does not exist. Creating ...
2019-09-12 10:31:45,178 [pool-240-thread-1] INFO  storage.RaftStorageDirectory (RaftStorageDirectory.java:tryLock(328)) - Lock on /workdir/hadoop-ozone/integration-test/target/test-dir/MiniOzoneClusterImpl-d867a4e1-154a-4113-b5e4-c09c14df2894/datanode-2/data/ratis/9366f17c-7716-4591-b7a4-9e560fc5f4dd/in_use.lock acquired by nodename 1396@pr-hdds-1569-58hkm-1881083799
2019-09-12 10:31:45,191 [pool-240-thread-1] INFO  storage.RaftStorage (RaftStorage.java:format(72)) - Storage directory /workdir/hadoop-ozone/integration-test/target/test-dir/MiniOzoneClusterImpl-d867a4e1-154a-4113-b5e4-c09c14df2894/datanode-2/data/ratis/9366f17c-7716-4591-b7a4-9e560fc5f4dd has been successfully formatted.
2019-09-12 10:31:45,191 [pool-240-thread-1] INFO  ratis.ContainerStateMachine (ContainerStateMachine.java:loadSnapshot(226)) - group-9E560FC5F4DD: The snapshot info is null. Setting the last applied indexto:(t:0, i:~)
2019-09-12 10:31:45,191 [pool-240-thread-1] INFO  server.RaftServerConfigKeys (ConfUtils.java:logGet(43)) - raft.server.leader.election.timeout = 120s (custom)
2019-09-12 10:31:45,192 [pool-240-thread-1] INFO  server.RaftServerConfigKeys (ConfUtils.java:logGet(43)) - raft.server.log.use.memory = false (default)
2019-09-12 10:31:45,192 [pool-240-thread-1] INFO  server.RaftServerConfigKeys (ConfUtils.java:logGet(43)) - raft.server.log.purge.gap = 1000000 (custom)
2019-09-12 10:31:45,192 [pool-240-thread-1] INFO  server.RaftServerConfigKeys (ConfUtils.java:logGet(43)) - raft.server.log.appender.buffer.byte-limit = 33554432 (custom)
2019-09-12 10:31:45,192 [pool-240-thread-1] INFO  server.RaftServerConfigKeys (ConfUtils.java:logGet(43)) - raft.server.log.segment.size.max = 1048576 (custom)
2019-09-12 10:31:45,192 [pool-240-thread-1] INFO  server.RaftServerConfigKeys (ConfUtils.java:logGet(43)) - raft.server.log.segment.cache.num.max = 2 (custom)
2019-09-12 10:31:45,192 [pool-240-thread-1] INFO  segmented.SegmentedRaftLogWorker (SegmentedRaftLogWorker.java:<init>(172)) - new caccd92c-2544-4e02-86cf-95849f240c1b-SegmentedRaftLogWorker:Storage Directory /workdir/hadoop-ozone/integration-test/target/test-dir/MiniOzoneClusterImpl-d867a4e1-154a-4113-b5e4-c09c14df2894/datanode-2/data/ratis/9366f17c-7716-4591-b7a4-9e560fc5f4dd for RaftStorage:Storage Directory /workdir/hadoop-ozone/integration-test/target/test-dir/MiniOzoneClusterImpl-d867a4e1-154a-4113-b5e4-c09c14df2894/datanode-2/data/ratis/9366f17c-7716-4591-b7a4-9e560fc5f4dd
2019-09-12 10:31:45,192 [pool-240-thread-1] INFO  server.RaftServerConfigKeys (ConfUtils.java:logGet(43)) - raft.server.log.queue.byte-limit = 2147483647 (custom)
2019-09-12 10:31:45,193 [pool-240-thread-1] INFO  server.RaftServerConfigKeys (ConfUtils.java:logGet(43)) - raft.server.log.queue.element-limit = 1024 (custom)
2019-09-12 10:31:45,193 [pool-240-thread-1] INFO  server.RaftServerConfigKeys (ConfUtils.java:logGet(43)) - raft.server.log.segment.size.max = 1048576 (custom)
2019-09-12 10:31:45,193 [pool-240-thread-1] INFO  server.RaftServerConfigKeys (ConfUtils.java:logGet(43)) - raft.server.log.preallocated.size = 16384 (custom)
2019-09-12 10:31:45,193 [pool-240-thread-1] INFO  server.RaftServerConfigKeys (ConfUtils.java:logGet(43)) - raft.server.log.write.buffer.size = 33554432 (custom)
2019-09-12 10:31:45,193 [pool-240-thread-1] INFO  server.RaftServerConfigKeys (ConfUtils.java:logGet(43)) - raft.server.log.force.sync.num = 128 (default)
2019-09-12 10:31:45,193 [pool-240-thread-1] INFO  server.RaftServerConfigKeys (ConfUtils.java:logGet(43)) - raft.server.log.statemachine.data.sync = true (default)
2019-09-12 10:31:45,193 [pool-240-thread-1] INFO  server.RaftServerConfigKeys (ConfUtils.java:logGet(43)) - raft.server.log.statemachine.data.sync.timeout = 10s (default)
2019-09-12 10:31:45,194 [pool-240-thread-1] INFO  server.RaftServerConfigKeys (ConfUtils.java:logGet(43)) - raft.server.log.statemachine.data.sync.timeout.retry = -1 (default)
2019-09-12 10:31:45,194 [pool-240-thread-1] INFO  server.RaftServerConfigKeys (ConfUtils.java:logGet(43)) - raft.server.log.statemachine.data.caching.enabled = true (custom)
2019-09-12 10:31:45,194 [pool-240-thread-1] INFO  segmented.SegmentedRaftLogWorker (SegmentedRaftLogWorker.java:lambda$new$0(132)) - caccd92c-2544-4e02-86cf-95849f240c1b-SegmentedRaftLogWorker:Storage Directory /workdir/hadoop-ozone/integration-test/target/test-dir/MiniOzoneClusterImpl-d867a4e1-154a-4113-b5e4-c09c14df2894/datanode-2/data/ratis/9366f17c-7716-4591-b7a4-9e560fc5f4dd: flushIndex: setUnconditionally 0 -> -1
2019-09-12 10:31:45,194 [pool-240-thread-1] INFO  server.RaftServerConfigKeys (ConfUtils.java:logGet(43)) - raft.server.snapshot.auto.trigger.enabled = true (custom)
2019-09-12 10:31:45,195 [pool-240-thread-1] INFO  server.RaftServerConfigKeys (ConfUtils.java:logGet(43)) - raft.server.snapshot.auto.trigger.threshold = 10000 (custom)
2019-09-12 10:31:45,195 [pool-240-thread-1] INFO  server.RaftServerConfigKeys (ConfUtils.java:logGet(43)) - raft.server.retrycache.expirytime = 600000ms (custom)
2019-09-12 10:31:45,195 [pool-240-thread-1] INFO  impl.RaftServerImpl (RaftServerImpl.java:start(180)) - caccd92c-2544-4e02-86cf-95849f240c1b: start group-9E560FC5F4DD
2019-09-12 10:31:45,195 [pool-240-thread-1] INFO  impl.RaftServerImpl (RaftServerImpl.java:setRole(171)) - caccd92c-2544-4e02-86cf-95849f240c1b:group-9E560FC5F4DD changes role from null to FOLLOWER at term 0 for startAsFollower
2019-09-12 10:31:45,195 [pool-240-thread-1] INFO  impl.RoleInfo (RoleInfo.java:updateAndGet(143)) - caccd92c-2544-4e02-86cf-95849f240c1b: start FollowerState
2019-09-12 10:31:45,196 [pool-240-thread-1] INFO  util.JmxRegister (JmxRegister.java:tryRegister(44)) - Successfully registered JMX Bean with object name Ratis:service=RaftServer,group=group-9E560FC5F4DD,id=caccd92c-2544-4e02-86cf-95849f240c1b
2019-09-12 10:31:45,198 [RatisPipelineUtilsThread] INFO  pipeline.PipelineStateManager (PipelineStateManager.java:addPipeline(56)) - Created pipeline Pipeline[ Id: 9366f17c-7716-4591-b7a4-9e560fc5f4dd, Nodes: caccd92c-2544-4e02-86cf-95849f240c1b{ip: 192.168.36.114, host: pr-hdds-1569-58hkm-1881083799, networkLocation: /default-rack, certSerialId: null}, Type:RATIS, Factor:ONE, State:OPEN]
2019-09-12 10:31:45,198 [RatisPipelineUtilsThread] ERROR pipeline.PipelinePlacementPolicy (PipelinePlacementPolicy.java:meetCriteria(92)) - Pipeline Placement: Doesn't meet the criteria to be viable node. Heaviness: 6
2019-09-12 10:31:45,198 [RatisPipelineUtilsThread] ERROR pipeline.PipelinePlacementPolicy (PipelinePlacementPolicy.java:meetCriteria(92)) - Pipeline Placement: Doesn't meet the criteria to be viable node. Heaviness: 6
2019-09-12 10:31:45,203 [grpc-default-executor-0] INFO  impl.RaftServerProxy (RaftServerProxy.java:addNew(89)) - caccd92c-2544-4e02-86cf-95849f240c1b: addNew group-6F7F9F28A891:[caccd92c-2544-4e02-86cf-95849f240c1b:192.168.36.114:37072] returns group-6F7F9F28A891:java.util.concurrent.CompletableFuture@140636cf[Not completed]
2019-09-12 10:31:45,204 [pool-240-thread-1] INFO  impl.RaftServerImpl (RaftServerImpl.java:<init>(93)) - caccd92c-2544-4e02-86cf-95849f240c1b: new RaftServerImpl for group-6F7F9F28A891:[caccd92c-2544-4e02-86cf-95849f240c1b:192.168.36.114:37072] with ContainerStateMachine:uninitialized
2019-09-12 10:31:45,204 [pool-240-thread-1] INFO  server.RaftServerConfigKeys (ConfUtils.java:logGet(43)) - raft.server.rpc.timeout.min = 5s (custom)
2019-09-12 10:31:45,204 [pool-240-thread-1] INFO  server.RaftServerConfigKeys (ConfUtils.java:logGet(43)) - raft.server.rpc.timeout.max = 5200ms (custom)
2019-09-12 10:31:45,204 [pool-240-thread-1] INFO  server.RaftServerConfigKeys (ConfUtils.java:logGet(43)) - raft.server.rpcslowness.timeout = 120s (custom)
2019-09-12 10:31:45,205 [pool-240-thread-1] INFO  server.RaftServerConfigKeys (ConfUtils.java:logGet(43)) - raft.server.sleep.deviation.threshold = 300 (default)
2019-09-12 10:31:45,205 [pool-240-thread-1] INFO  server.RaftServerConfigKeys (ConfUtils.java:logGet(43)) - raft.server.log.appender.install.snapshot.enabled = false (custom)
2019-09-12 10:31:45,205 [pool-240-thread-1] INFO  impl.RaftServerImpl (ServerState.java:<init>(105)) - caccd92c-2544-4e02-86cf-95849f240c1b:group-6F7F9F28A891 ConfigurationManager, init=-1: [caccd92c-2544-4e02-86cf-95849f240c1b:192.168.36.114:37072], old=null, confs=<EMPTY_MAP>
2019-09-12 10:31:45,205 [pool-240-thread-1] INFO  server.RaftServerConfigKeys (ConfUtils.java:logGet(43)) - raft.server.storage.dir = [/workdir/hadoop-ozone/integration-test/target/test-dir/MiniOzoneClusterImpl-d867a4e1-154a-4113-b5e4-c09c14df2894/datanode-2/data/ratis] (custom)
2019-09-12 10:31:45,205 [pool-240-thread-1] INFO  storage.RaftStorageDirectory (RaftStorageDirectory.java:analyzeStorage(246)) - The storage directory /workdir/hadoop-ozone/integration-test/target/test-dir/MiniOzoneClusterImpl-d867a4e1-154a-4113-b5e4-c09c14df2894/datanode-2/data/ratis/c2e24b2d-daac-4f6e-a7f8-6f7f9f28a891 does not exist. Creating ...
2019-09-12 10:31:45,218 [pool-240-thread-1] INFO  storage.RaftStorageDirectory (RaftStorageDirectory.java:tryLock(328)) - Lock on /workdir/hadoop-ozone/integration-test/target/test-dir/MiniOzoneClusterImpl-d867a4e1-154a-4113-b5e4-c09c14df2894/datanode-2/data/ratis/c2e24b2d-daac-4f6e-a7f8-6f7f9f28a891/in_use.lock acquired by nodename 1396@pr-hdds-1569-58hkm-1881083799
2019-09-12 10:31:45,231 [pool-240-thread-1] INFO  storage.RaftStorage (RaftStorage.java:format(72)) - Storage directory /workdir/hadoop-ozone/integration-test/target/test-dir/MiniOzoneClusterImpl-d867a4e1-154a-4113-b5e4-c09c14df2894/datanode-2/data/ratis/c2e24b2d-daac-4f6e-a7f8-6f7f9f28a891 has been successfully formatted.
2019-09-12 10:31:45,231 [pool-240-thread-1] INFO  ratis.ContainerStateMachine (ContainerStateMachine.java:loadSnapshot(226)) - group-6F7F9F28A891: The snapshot info is null. Setting the last applied indexto:(t:0, i:~)
2019-09-12 10:31:45,231 [pool-240-thread-1] INFO  server.RaftServerConfigKeys (ConfUtils.java:logGet(43)) - raft.server.leader.election.timeout = 120s (custom)
2019-09-12 10:31:45,232 [pool-240-thread-1] INFO  server.RaftServerConfigKeys (ConfUtils.java:logGet(43)) - raft.server.log.use.memory = false (default)
2019-09-12 10:31:45,232 [pool-240-thread-1] INFO  server.RaftServerConfigKeys (ConfUtils.java:logGet(43)) - raft.server.log.purge.gap = 1000000 (custom)
2019-09-12 10:31:45,232 [pool-240-thread-1] INFO  server.RaftServerConfigKeys (ConfUtils.java:logGet(43)) - raft.server.log.appender.buffer.byte-limit = 33554432 (custom)
2019-09-12 10:31:45,232 [pool-240-thread-1] INFO  server.RaftServerConfigKeys (ConfUtils.java:logGet(43)) - raft.server.log.segment.size.max = 1048576 (custom)
2019-09-12 10:31:45,232 [pool-240-thread-1] INFO  server.RaftServerConfigKeys (ConfUtils.java:logGet(43)) - raft.server.log.segment.cache.num.max = 2 (custom)
2019-09-12 10:31:45,233 [pool-240-thread-1] INFO  segmented.SegmentedRaftLogWorker (SegmentedRaftLogWorker.java:<init>(172)) - new caccd92c-2544-4e02-86cf-95849f240c1b-SegmentedRaftLogWorker:Storage Directory /workdir/hadoop-ozone/integration-test/target/test-dir/MiniOzoneClusterImpl-d867a4e1-154a-4113-b5e4-c09c14df2894/datanode-2/data/ratis/c2e24b2d-daac-4f6e-a7f8-6f7f9f28a891 for RaftStorage:Storage Directory /workdir/hadoop-ozone/integration-test/target/test-dir/MiniOzoneClusterImpl-d867a4e1-154a-4113-b5e4-c09c14df2894/datanode-2/data/ratis/c2e24b2d-daac-4f6e-a7f8-6f7f9f28a891
2019-09-12 10:31:45,233 [pool-240-thread-1] INFO  server.RaftServerConfigKeys (ConfUtils.java:logGet(43)) - raft.server.log.queue.byte-limit = 2147483647 (custom)
2019-09-12 10:31:45,233 [pool-240-thread-1] INFO  server.RaftServerConfigKeys (ConfUtils.java:logGet(43)) - raft.server.log.queue.element-limit = 1024 (custom)
2019-09-12 10:31:45,233 [pool-240-thread-1] INFO  server.RaftServerConfigKeys (ConfUtils.java:logGet(43)) - raft.server.log.segment.size.max = 1048576 (custom)
2019-09-12 10:31:45,233 [pool-240-thread-1] INFO  server.RaftServerConfigKeys (ConfUtils.java:logGet(43)) - raft.server.log.preallocated.size = 16384 (custom)
2019-09-12 10:31:45,234 [pool-240-thread-1] INFO  server.RaftServerConfigKeys (ConfUtils.java:logGet(43)) - raft.server.log.write.buffer.size = 33554432 (custom)
2019-09-12 10:31:45,234 [pool-240-thread-1] INFO  server.RaftServerConfigKeys (ConfUtils.java:logGet(43)) - raft.server.log.force.sync.num = 128 (default)
2019-09-12 10:31:45,234 [pool-240-thread-1] INFO  server.RaftServerConfigKeys (ConfUtils.java:logGet(43)) - raft.server.log.statemachine.data.sync = true (default)
2019-09-12 10:31:45,234 [pool-240-thread-1] INFO  server.RaftServerConfigKeys (ConfUtils.java:logGet(43)) - raft.server.log.statemachine.data.sync.timeout = 10s (default)
2019-09-12 10:31:45,234 [pool-240-thread-1] INFO  server.RaftServerConfigKeys (ConfUtils.java:logGet(43)) - raft.server.log.statemachine.data.sync.timeout.retry = -1 (default)
2019-09-12 10:31:45,235 [pool-240-thread-1] INFO  server.RaftServerConfigKeys (ConfUtils.java:logGet(43)) - raft.server.log.statemachine.data.caching.enabled = true (custom)
2019-09-12 10:31:45,235 [pool-240-thread-1] INFO  segmented.SegmentedRaftLogWorker (SegmentedRaftLogWorker.java:lambda$new$0(132)) - caccd92c-2544-4e02-86cf-95849f240c1b-SegmentedRaftLogWorker:Storage Directory /workdir/hadoop-ozone/integration-test/target/test-dir/MiniOzoneClusterImpl-d867a4e1-154a-4113-b5e4-c09c14df2894/datanode-2/data/ratis/c2e24b2d-daac-4f6e-a7f8-6f7f9f28a891: flushIndex: setUnconditionally 0 -> -1
2019-09-12 10:31:45,236 [pool-240-thread-1] INFO  server.RaftServerConfigKeys (ConfUtils.java:logGet(43)) - raft.server.snapshot.auto.trigger.enabled = true (custom)
2019-09-12 10:31:45,237 [pool-240-thread-1] INFO  server.RaftServerConfigKeys (ConfUtils.java:logGet(43)) - raft.server.snapshot.auto.trigger.threshold = 10000 (custom)
2019-09-12 10:31:45,237 [pool-240-thread-1] INFO  server.RaftServerConfigKeys (ConfUtils.java:logGet(43)) - raft.server.retrycache.expirytime = 600000ms (custom)
2019-09-12 10:31:45,237 [pool-240-thread-1] INFO  impl.RaftServerImpl (RaftServerImpl.java:start(180)) - caccd92c-2544-4e02-86cf-95849f240c1b: start group-6F7F9F28A891
2019-09-12 10:31:45,237 [pool-240-thread-1] INFO  impl.RaftServerImpl (RaftServerImpl.java:setRole(171)) - caccd92c-2544-4e02-86cf-95849f240c1b:group-6F7F9F28A891 changes role from null to FOLLOWER at term 0 for startAsFollower
2019-09-12 10:31:45,237 [pool-240-thread-1] INFO  impl.RoleInfo (RoleInfo.java:updateAndGet(143)) - caccd92c-2544-4e02-86cf-95849f240c1b: start FollowerState
2019-09-12 10:31:45,238 [pool-240-thread-1] INFO  util.JmxRegister (JmxRegister.java:tryRegister(44)) - Successfully registered JMX Bean with object name Ratis:service=RaftServer,group=group-6F7F9F28A891,id=caccd92c-2544-4e02-86cf-95849f240c1b
2019-09-12 10:31:45,241 [RatisPipelineUtilsThread] INFO  pipeline.PipelineStateManager (PipelineStateManager.java:addPipeline(56)) - Created pipeline Pipeline[ Id: c2e24b2d-daac-4f6e-a7f8-6f7f9f28a891, Nodes: caccd92c-2544-4e02-86cf-95849f240c1b{ip: 192.168.36.114, host: pr-hdds-1569-58hkm-1881083799, networkLocation: /default-rack, certSerialId: null}, Type:RATIS, Factor:ONE, State:OPEN]
2019-09-12 10:31:45,242 [RatisPipelineUtilsThread] ERROR pipeline.PipelinePlacementPolicy (PipelinePlacementPolicy.java:meetCriteria(92)) - Pipeline Placement: Doesn't meet the criteria to be viable node. Heaviness: 6
2019-09-12 10:31:45,242 [RatisPipelineUtilsThread] ERROR pipeline.PipelinePlacementPolicy (PipelinePlacementPolicy.java:meetCriteria(92)) - Pipeline Placement: Doesn't meet the criteria to be viable node. Heaviness: 6
2019-09-12 10:31:45,246 [grpc-default-executor-0] INFO  impl.RaftServerProxy (RaftServerProxy.java:addNew(89)) - caccd92c-2544-4e02-86cf-95849f240c1b: addNew group-E51F020481E7:[caccd92c-2544-4e02-86cf-95849f240c1b:192.168.36.114:37072] returns group-E51F020481E7:java.util.concurrent.CompletableFuture@50d81531[Not completed]
2019-09-12 10:31:45,247 [pool-240-thread-1] INFO  impl.RaftServerImpl (RaftServerImpl.java:<init>(93)) - caccd92c-2544-4e02-86cf-95849f240c1b: new RaftServerImpl for group-E51F020481E7:[caccd92c-2544-4e02-86cf-95849f240c1b:192.168.36.114:37072] with ContainerStateMachine:uninitialized
2019-09-12 10:31:45,248 [pool-240-thread-1] INFO  server.RaftServerConfigKeys (ConfUtils.java:logGet(43)) - raft.server.rpc.timeout.min = 5s (custom)
2019-09-12 10:31:45,248 [pool-240-thread-1] INFO  server.RaftServerConfigKeys (ConfUtils.java:logGet(43)) - raft.server.rpc.timeout.max = 5200ms (custom)
2019-09-12 10:31:45,248 [pool-240-thread-1] INFO  server.RaftServerConfigKeys (ConfUtils.java:logGet(43)) - raft.server.rpcslowness.timeout = 120s (custom)
2019-09-12 10:31:45,248 [pool-240-thread-1] INFO  server.RaftServerConfigKeys (ConfUtils.java:logGet(43)) - raft.server.sleep.deviation.threshold = 300 (default)
2019-09-12 10:31:45,248 [pool-240-thread-1] INFO  server.RaftServerConfigKeys (ConfUtils.java:logGet(43)) - raft.server.log.appender.install.snapshot.enabled = false (custom)
2019-09-12 10:31:45,248 [pool-240-thread-1] INFO  impl.RaftServerImpl (ServerState.java:<init>(105)) - caccd92c-2544-4e02-86cf-95849f240c1b:group-E51F020481E7 ConfigurationManager, init=-1: [caccd92c-2544-4e02-86cf-95849f240c1b:192.168.36.114:37072], old=null, confs=<EMPTY_MAP>
2019-09-12 10:31:45,248 [pool-240-thread-1] INFO  server.RaftServerConfigKeys (ConfUtils.java:logGet(43)) - raft.server.storage.dir = [/workdir/hadoop-ozone/integration-test/target/test-dir/MiniOzoneClusterImpl-d867a4e1-154a-4113-b5e4-c09c14df2894/datanode-2/data/ratis] (custom)
2019-09-12 10:31:45,249 [pool-240-thread-1] INFO  storage.RaftStorageDirectory (RaftStorageDirectory.java:analyzeStorage(246)) - The storage directory /workdir/hadoop-ozone/integration-test/target/test-dir/MiniOzoneClusterImpl-d867a4e1-154a-4113-b5e4-c09c14df2894/datanode-2/data/ratis/05b55ae3-a4c9-43a9-983c-e51f020481e7 does not exist. Creating ...
2019-09-12 10:31:45,261 [pool-240-thread-1] INFO  storage.RaftStorageDirectory (RaftStorageDirectory.java:tryLock(328)) - Lock on /workdir/hadoop-ozone/integration-test/target/test-dir/MiniOzoneClusterImpl-d867a4e1-154a-4113-b5e4-c09c14df2894/datanode-2/data/ratis/05b55ae3-a4c9-43a9-983c-e51f020481e7/in_use.lock acquired by nodename 1396@pr-hdds-1569-58hkm-1881083799
2019-09-12 10:31:45,265 [pool-240-thread-1] INFO  storage.RaftStorage (RaftStorage.java:format(72)) - Storage directory /workdir/hadoop-ozone/integration-test/target/test-dir/MiniOzoneClusterImpl-d867a4e1-154a-4113-b5e4-c09c14df2894/datanode-2/data/ratis/05b55ae3-a4c9-43a9-983c-e51f020481e7 has been successfully formatted.
2019-09-12 10:31:45,265 [pool-240-thread-1] INFO  ratis.ContainerStateMachine (ContainerStateMachine.java:loadSnapshot(226)) - group-E51F020481E7: The snapshot info is null. Setting the last applied indexto:(t:0, i:~)
2019-09-12 10:31:45,265 [pool-240-thread-1] INFO  server.RaftServerConfigKeys (ConfUtils.java:logGet(43)) - raft.server.leader.election.timeout = 120s (custom)
2019-09-12 10:31:45,265 [pool-240-thread-1] INFO  server.RaftServerConfigKeys (ConfUtils.java:logGet(43)) - raft.server.log.use.memory = false (default)
2019-09-12 10:31:45,265 [pool-240-thread-1] INFO  server.RaftServerConfigKeys (ConfUtils.java:logGet(43)) - raft.server.log.purge.gap = 1000000 (custom)
2019-09-12 10:31:45,265 [pool-240-thread-1] INFO  server.RaftServerConfigKeys (ConfUtils.java:logGet(43)) - raft.server.log.appender.buffer.byte-limit = 33554432 (custom)
2019-09-12 10:31:45,266 [pool-240-thread-1] INFO  server.RaftServerConfigKeys (ConfUtils.java:logGet(43)) - raft.server.log.segment.size.max = 1048576 (custom)
2019-09-12 10:31:45,266 [pool-240-thread-1] INFO  server.RaftServerConfigKeys (ConfUtils.java:logGet(43)) - raft.server.log.segment.cache.num.max = 2 (custom)
2019-09-12 10:31:45,266 [pool-240-thread-1] INFO  segmented.SegmentedRaftLogWorker (SegmentedRaftLogWorker.java:<init>(172)) - new caccd92c-2544-4e02-86cf-95849f240c1b-SegmentedRaftLogWorker:Storage Directory /workdir/hadoop-ozone/integration-test/target/test-dir/MiniOzoneClusterImpl-d867a4e1-154a-4113-b5e4-c09c14df2894/datanode-2/data/ratis/05b55ae3-a4c9-43a9-983c-e51f020481e7 for RaftStorage:Storage Directory /workdir/hadoop-ozone/integration-test/target/test-dir/MiniOzoneClusterImpl-d867a4e1-154a-4113-b5e4-c09c14df2894/datanode-2/data/ratis/05b55ae3-a4c9-43a9-983c-e51f020481e7
2019-09-12 10:31:45,266 [pool-240-thread-1] INFO  server.RaftServerConfigKeys (ConfUtils.java:logGet(43)) - raft.server.log.queue.byte-limit = 2147483647 (custom)
2019-09-12 10:31:45,266 [pool-240-thread-1] INFO  server.RaftServerConfigKeys (ConfUtils.java:logGet(43)) - raft.server.log.queue.element-limit = 1024 (custom)
2019-09-12 10:31:45,266 [pool-240-thread-1] INFO  server.RaftServerConfigKeys (ConfUtils.java:logGet(43)) - raft.server.log.segment.size.max = 1048576 (custom)
2019-09-12 10:31:45,266 [pool-240-thread-1] INFO  server.RaftServerConfigKeys (ConfUtils.java:logGet(43)) - raft.server.log.preallocated.size = 16384 (custom)
2019-09-12 10:31:45,266 [pool-240-thread-1] INFO  server.RaftServerConfigKeys (ConfUtils.java:logGet(43)) - raft.server.log.write.buffer.size = 33554432 (custom)
2019-09-12 10:31:45,266 [pool-240-thread-1] INFO  server.RaftServerConfigKeys (ConfUtils.java:logGet(43)) - raft.server.log.force.sync.num = 128 (default)
2019-09-12 10:31:45,267 [pool-240-thread-1] INFO  server.RaftServerConfigKeys (ConfUtils.java:logGet(43)) - raft.server.log.statemachine.data.sync = true (default)
2019-09-12 10:31:45,267 [pool-240-thread-1] INFO  server.RaftServerConfigKeys (ConfUtils.java:logGet(43)) - raft.server.log.statemachine.data.sync.timeout = 10s (default)
2019-09-12 10:31:45,267 [pool-240-thread-1] INFO  server.RaftServerConfigKeys (ConfUtils.java:logGet(43)) - raft.server.log.statemachine.data.sync.timeout.retry = -1 (default)
2019-09-12 10:31:45,267 [pool-240-thread-1] INFO  server.RaftServerConfigKeys (ConfUtils.java:logGet(43)) - raft.server.log.statemachine.data.caching.enabled = true (custom)
2019-09-12 10:31:45,267 [pool-240-thread-1] INFO  segmented.SegmentedRaftLogWorker (SegmentedRaftLogWorker.java:lambda$new$0(132)) - caccd92c-2544-4e02-86cf-95849f240c1b-SegmentedRaftLogWorker:Storage Directory /workdir/hadoop-ozone/integration-test/target/test-dir/MiniOzoneClusterImpl-d867a4e1-154a-4113-b5e4-c09c14df2894/datanode-2/data/ratis/05b55ae3-a4c9-43a9-983c-e51f020481e7: flushIndex: setUnconditionally 0 -> -1
2019-09-12 10:31:45,268 [pool-240-thread-1] INFO  server.RaftServerConfigKeys (ConfUtils.java:logGet(43)) - raft.server.snapshot.auto.trigger.enabled = true (custom)
2019-09-12 10:31:45,268 [pool-240-thread-1] INFO  server.RaftServerConfigKeys (ConfUtils.java:logGet(43)) - raft.server.snapshot.auto.trigger.threshold = 10000 (custom)
2019-09-12 10:31:45,268 [pool-240-thread-1] INFO  server.RaftServerConfigKeys (ConfUtils.java:logGet(43)) - raft.server.retrycache.expirytime = 600000ms (custom)
2019-09-12 10:31:45,268 [pool-240-thread-1] INFO  impl.RaftServerImpl (RaftServerImpl.java:start(180)) - caccd92c-2544-4e02-86cf-95849f240c1b: start group-E51F020481E7
2019-09-12 10:31:45,268 [pool-240-thread-1] INFO  impl.RaftServerImpl (RaftServerImpl.java:setRole(171)) - caccd92c-2544-4e02-86cf-95849f240c1b:group-E51F020481E7 changes role from null to FOLLOWER at term 0 for startAsFollower
2019-09-12 10:31:45,268 [pool-240-thread-1] INFO  impl.RoleInfo (RoleInfo.java:updateAndGet(143)) - caccd92c-2544-4e02-86cf-95849f240c1b: start FollowerState
2019-09-12 10:31:45,269 [pool-240-thread-1] INFO  util.JmxRegister (JmxRegister.java:tryRegister(44)) - Successfully registered JMX Bean with object name Ratis:service=RaftServer,group=group-E51F020481E7,id=caccd92c-2544-4e02-86cf-95849f240c1b
2019-09-12 10:31:45,271 [RatisPipelineUtilsThread] INFO  pipeline.PipelineStateManager (PipelineStateManager.java:addPipeline(56)) - Created pipeline Pipeline[ Id: 05b55ae3-a4c9-43a9-983c-e51f020481e7, Nodes: caccd92c-2544-4e02-86cf-95849f240c1b{ip: 192.168.36.114, host: pr-hdds-1569-58hkm-1881083799, networkLocation: /default-rack, certSerialId: null}, Type:RATIS, Factor:ONE, State:OPEN]
2019-09-12 10:31:45,272 [RatisPipelineUtilsThread] ERROR pipeline.PipelinePlacementPolicy (PipelinePlacementPolicy.java:meetCriteria(92)) - Pipeline Placement: Doesn't meet the criteria to be viable node. Heaviness: 6
2019-09-12 10:31:45,272 [RatisPipelineUtilsThread] ERROR pipeline.PipelinePlacementPolicy (PipelinePlacementPolicy.java:meetCriteria(92)) - Pipeline Placement: Doesn't meet the criteria to be viable node. Heaviness: 6
2019-09-12 10:31:45,276 [grpc-default-executor-0] INFO  impl.RaftServerProxy (RaftServerProxy.java:addNew(89)) - caccd92c-2544-4e02-86cf-95849f240c1b: addNew group-3144F14AC6F4:[caccd92c-2544-4e02-86cf-95849f240c1b:192.168.36.114:37072] returns group-3144F14AC6F4:java.util.concurrent.CompletableFuture@7bb3182c[Not completed]
2019-09-12 10:31:45,277 [pool-240-thread-1] INFO  impl.RaftServerImpl (RaftServerImpl.java:<init>(93)) - caccd92c-2544-4e02-86cf-95849f240c1b: new RaftServerImpl for group-3144F14AC6F4:[caccd92c-2544-4e02-86cf-95849f240c1b:192.168.36.114:37072] with ContainerStateMachine:uninitialized
2019-09-12 10:31:45,278 [pool-240-thread-1] INFO  server.RaftServerConfigKeys (ConfUtils.java:logGet(43)) - raft.server.rpc.timeout.min = 5s (custom)
2019-09-12 10:31:45,278 [pool-240-thread-1] INFO  server.RaftServerConfigKeys (ConfUtils.java:logGet(43)) - raft.server.rpc.timeout.max = 5200ms (custom)
2019-09-12 10:31:45,278 [pool-240-thread-1] INFO  server.RaftServerConfigKeys (ConfUtils.java:logGet(43)) - raft.server.rpcslowness.timeout = 120s (custom)
2019-09-12 10:31:45,278 [pool-240-thread-1] INFO  server.RaftServerConfigKeys (ConfUtils.java:logGet(43)) - raft.server.sleep.deviation.threshold = 300 (default)
2019-09-12 10:31:45,278 [pool-240-thread-1] INFO  server.RaftServerConfigKeys (ConfUtils.java:logGet(43)) - raft.server.log.appender.install.snapshot.enabled = false (custom)
2019-09-12 10:31:45,278 [pool-240-thread-1] INFO  impl.RaftServerImpl (ServerState.java:<init>(105)) - caccd92c-2544-4e02-86cf-95849f240c1b:group-3144F14AC6F4 ConfigurationManager, init=-1: [caccd92c-2544-4e02-86cf-95849f240c1b:192.168.36.114:37072], old=null, confs=<EMPTY_MAP>
2019-09-12 10:31:45,278 [pool-240-thread-1] INFO  server.RaftServerConfigKeys (ConfUtils.java:logGet(43)) - raft.server.storage.dir = [/workdir/hadoop-ozone/integration-test/target/test-dir/MiniOzoneClusterImpl-d867a4e1-154a-4113-b5e4-c09c14df2894/datanode-2/data/ratis] (custom)
2019-09-12 10:31:45,279 [pool-240-thread-1] INFO  storage.RaftStorageDirectory (RaftStorageDirectory.java:analyzeStorage(246)) - The storage directory /workdir/hadoop-ozone/integration-test/target/test-dir/MiniOzoneClusterImpl-d867a4e1-154a-4113-b5e4-c09c14df2894/datanode-2/data/ratis/34fc3d14-a81e-4a5d-aa0f-3144f14ac6f4 does not exist. Creating ...
2019-09-12 10:31:45,287 [pool-240-thread-1] INFO  storage.RaftStorageDirectory (RaftStorageDirectory.java:tryLock(328)) - Lock on /workdir/hadoop-ozone/integration-test/target/test-dir/MiniOzoneClusterImpl-d867a4e1-154a-4113-b5e4-c09c14df2894/datanode-2/data/ratis/34fc3d14-a81e-4a5d-aa0f-3144f14ac6f4/in_use.lock acquired by nodename 1396@pr-hdds-1569-58hkm-1881083799
2019-09-12 10:31:45,297 [pool-240-thread-1] INFO  storage.RaftStorage (RaftStorage.java:format(72)) - Storage directory /workdir/hadoop-ozone/integration-test/target/test-dir/MiniOzoneClusterImpl-d867a4e1-154a-4113-b5e4-c09c14df2894/datanode-2/data/ratis/34fc3d14-a81e-4a5d-aa0f-3144f14ac6f4 has been successfully formatted.
2019-09-12 10:31:45,297 [pool-240-thread-1] INFO  ratis.ContainerStateMachine (ContainerStateMachine.java:loadSnapshot(226)) - group-3144F14AC6F4: The snapshot info is null. Setting the last applied indexto:(t:0, i:~)
2019-09-12 10:31:45,297 [pool-240-thread-1] INFO  server.RaftServerConfigKeys (ConfUtils.java:logGet(43)) - raft.server.leader.election.timeout = 120s (custom)
2019-09-12 10:31:45,297 [pool-240-thread-1] INFO  server.RaftServerConfigKeys (ConfUtils.java:logGet(43)) - raft.server.log.use.memory = false (default)
2019-09-12 10:31:45,297 [pool-240-thread-1] INFO  server.RaftServerConfigKeys (ConfUtils.java:logGet(43)) - raft.server.log.purge.gap = 1000000 (custom)
2019-09-12 10:31:45,298 [pool-240-thread-1] INFO  server.RaftServerConfigKeys (ConfUtils.java:logGet(43)) - raft.server.log.appender.buffer.byte-limit = 33554432 (custom)
2019-09-12 10:31:45,298 [pool-240-thread-1] INFO  server.RaftServerConfigKeys (ConfUtils.java:logGet(43)) - raft.server.log.segment.size.max = 1048576 (custom)
2019-09-12 10:31:45,298 [pool-240-thread-1] INFO  server.RaftServerConfigKeys (ConfUtils.java:logGet(43)) - raft.server.log.segment.cache.num.max = 2 (custom)
2019-09-12 10:31:45,298 [pool-240-thread-1] INFO  segmented.SegmentedRaftLogWorker (SegmentedRaftLogWorker.java:<init>(172)) - new caccd92c-2544-4e02-86cf-95849f240c1b-SegmentedRaftLogWorker:Storage Directory /workdir/hadoop-ozone/integration-test/target/test-dir/MiniOzoneClusterImpl-d867a4e1-154a-4113-b5e4-c09c14df2894/datanode-2/data/ratis/34fc3d14-a81e-4a5d-aa0f-3144f14ac6f4 for RaftStorage:Storage Directory /workdir/hadoop-ozone/integration-test/target/test-dir/MiniOzoneClusterImpl-d867a4e1-154a-4113-b5e4-c09c14df2894/datanode-2/data/ratis/34fc3d14-a81e-4a5d-aa0f-3144f14ac6f4
2019-09-12 10:31:45,298 | INFO  | SCMAudit | user=jenkins1000 | ip=192.168.36.114 | op=SEND_HEARTBEAT {datanodeUUID=2cb9d557-cb56-4745-8686-5e72b62e748a, command=[]} | ret=SUCCESS |  
2019-09-12 10:31:45,298 [pool-240-thread-1] INFO  server.RaftServerConfigKeys (ConfUtils.java:logGet(43)) - raft.server.log.queue.byte-limit = 2147483647 (custom)
2019-09-12 10:31:45,298 [pool-240-thread-1] INFO  server.RaftServerConfigKeys (ConfUtils.java:logGet(43)) - raft.server.log.queue.element-limit = 1024 (custom)
2019-09-12 10:31:45,299 [pool-240-thread-1] INFO  server.RaftServerConfigKeys (ConfUtils.java:logGet(43)) - raft.server.log.segment.size.max = 1048576 (custom)
2019-09-12 10:31:45,299 | INFO  | SCMAudit | user=jenkins1000 | ip=192.168.36.114 | op=SEND_HEARTBEAT {datanodeUUID=c54af6f8-a22e-478f-90e1-029d14059a99, command=[]} | ret=SUCCESS |  
2019-09-12 10:31:45,299 | INFO  | SCMAudit | user=jenkins1000 | ip=192.168.36.114 | op=SEND_HEARTBEAT {datanodeUUID=ff438662-24cf-49bb-bfc5-3308ec6d286b, command=[]} | ret=SUCCESS |  
2019-09-12 10:31:45,299 [pool-240-thread-1] INFO  server.RaftServerConfigKeys (ConfUtils.java:logGet(43)) - raft.server.log.preallocated.size = 16384 (custom)
2019-09-12 10:31:45,299 | INFO  | SCMAudit | user=jenkins1000 | ip=192.168.36.114 | op=SEND_HEARTBEAT {datanodeUUID=2d50b591-d6e4-490f-9fa0-973ad5423bd7, command=[]} | ret=SUCCESS |  
2019-09-12 10:31:45,299 [pool-240-thread-1] INFO  server.RaftServerConfigKeys (ConfUtils.java:logGet(43)) - raft.server.log.write.buffer.size = 33554432 (custom)
2019-09-12 10:31:45,299 | INFO  | SCMAudit | user=jenkins1000 | ip=192.168.36.114 | op=SEND_HEARTBEAT {datanodeUUID=accf000b-d7b7-4fa5-9682-da82c4451e10, command=[]} | ret=SUCCESS |  
2019-09-12 10:31:45,299 [pool-240-thread-1] INFO  server.RaftServerConfigKeys (ConfUtils.java:logGet(43)) - raft.server.log.force.sync.num = 128 (default)
2019-09-12 10:31:45,299 [pool-240-thread-1] INFO  server.RaftServerConfigKeys (ConfUtils.java:logGet(43)) - raft.server.log.statemachine.data.sync = true (default)
2019-09-12 10:31:45,299 [pool-240-thread-1] INFO  server.RaftServerConfigKeys (ConfUtils.java:logGet(43)) - raft.server.log.statemachine.data.sync.timeout = 10s (default)
2019-09-12 10:31:45,299 [pool-240-thread-1] INFO  server.RaftServerConfigKeys (ConfUtils.java:logGet(43)) - raft.server.log.statemachine.data.sync.timeout.retry = -1 (default)
2019-09-12 10:31:45,299 [pool-240-thread-1] INFO  server.RaftServerConfigKeys (ConfUtils.java:logGet(43)) - raft.server.log.statemachine.data.caching.enabled = true (custom)
2019-09-12 10:31:45,300 [pool-240-thread-1] INFO  segmented.SegmentedRaftLogWorker (SegmentedRaftLogWorker.java:lambda$new$0(132)) - caccd92c-2544-4e02-86cf-95849f240c1b-SegmentedRaftLogWorker:Storage Directory /workdir/hadoop-ozone/integration-test/target/test-dir/MiniOzoneClusterImpl-d867a4e1-154a-4113-b5e4-c09c14df2894/datanode-2/data/ratis/34fc3d14-a81e-4a5d-aa0f-3144f14ac6f4: flushIndex: setUnconditionally 0 -> -1
2019-09-12 10:31:45,300 [pool-240-thread-1] INFO  server.RaftServerConfigKeys (ConfUtils.java:logGet(43)) - raft.server.snapshot.auto.trigger.enabled = true (custom)
2019-09-12 10:31:45,300 [pool-240-thread-1] INFO  server.RaftServerConfigKeys (ConfUtils.java:logGet(43)) - raft.server.snapshot.auto.trigger.threshold = 10000 (custom)
2019-09-12 10:31:45,300 [pool-240-thread-1] INFO  server.RaftServerConfigKeys (ConfUtils.java:logGet(43)) - raft.server.retrycache.expirytime = 600000ms (custom)
2019-09-12 10:31:45,300 [pool-240-thread-1] INFO  impl.RaftServerImpl (RaftServerImpl.java:start(180)) - caccd92c-2544-4e02-86cf-95849f240c1b: start group-3144F14AC6F4
2019-09-12 10:31:45,301 [pool-240-thread-1] INFO  impl.RaftServerImpl (RaftServerImpl.java:setRole(171)) - caccd92c-2544-4e02-86cf-95849f240c1b:group-3144F14AC6F4 changes role from null to FOLLOWER at term 0 for startAsFollower
2019-09-12 10:31:45,301 [pool-240-thread-1] INFO  impl.RoleInfo (RoleInfo.java:updateAndGet(143)) - caccd92c-2544-4e02-86cf-95849f240c1b: start FollowerState
2019-09-12 10:31:45,301 [pool-240-thread-1] INFO  util.JmxRegister (JmxRegister.java:tryRegister(44)) - Successfully registered JMX Bean with object name Ratis:service=RaftServer,group=group-3144F14AC6F4,id=caccd92c-2544-4e02-86cf-95849f240c1b
2019-09-12 10:31:45,304 [RatisPipelineUtilsThread] INFO  pipeline.PipelineStateManager (PipelineStateManager.java:addPipeline(56)) - Created pipeline Pipeline[ Id: 34fc3d14-a81e-4a5d-aa0f-3144f14ac6f4, Nodes: caccd92c-2544-4e02-86cf-95849f240c1b{ip: 192.168.36.114, host: pr-hdds-1569-58hkm-1881083799, networkLocation: /default-rack, certSerialId: null}, Type:RATIS, Factor:ONE, State:OPEN]
2019-09-12 10:31:45,304 [RatisPipelineUtilsThread] ERROR pipeline.PipelinePlacementPolicy (PipelinePlacementPolicy.java:meetCriteria(92)) - Pipeline Placement: Doesn't meet the criteria to be viable node. Heaviness: 6
2019-09-12 10:31:45,304 [RatisPipelineUtilsThread] ERROR pipeline.PipelinePlacementPolicy (PipelinePlacementPolicy.java:meetCriteria(92)) - Pipeline Placement: Doesn't meet the criteria to be viable node. Heaviness: 6
2019-09-12 10:31:45,309 [grpc-default-executor-0] INFO  impl.RaftServerProxy (RaftServerProxy.java:addNew(89)) - caccd92c-2544-4e02-86cf-95849f240c1b: addNew group-F5A874164D8C:[caccd92c-2544-4e02-86cf-95849f240c1b:192.168.36.114:37072] returns group-F5A874164D8C:java.util.concurrent.CompletableFuture@68f05ec9[Not completed]
2019-09-12 10:31:45,310 [pool-240-thread-1] INFO  impl.RaftServerImpl (RaftServerImpl.java:<init>(93)) - caccd92c-2544-4e02-86cf-95849f240c1b: new RaftServerImpl for group-F5A874164D8C:[caccd92c-2544-4e02-86cf-95849f240c1b:192.168.36.114:37072] with ContainerStateMachine:uninitialized
2019-09-12 10:31:45,310 [pool-240-thread-1] INFO  server.RaftServerConfigKeys (ConfUtils.java:logGet(43)) - raft.server.rpc.timeout.min = 5s (custom)
2019-09-12 10:31:45,310 [pool-240-thread-1] INFO  server.RaftServerConfigKeys (ConfUtils.java:logGet(43)) - raft.server.rpc.timeout.max = 5200ms (custom)
2019-09-12 10:31:45,310 [pool-240-thread-1] INFO  server.RaftServerConfigKeys (ConfUtils.java:logGet(43)) - raft.server.rpcslowness.timeout = 120s (custom)
2019-09-12 10:31:45,310 [pool-240-thread-1] INFO  server.RaftServerConfigKeys (ConfUtils.java:logGet(43)) - raft.server.sleep.deviation.threshold = 300 (default)
2019-09-12 10:31:45,310 [pool-240-thread-1] INFO  server.RaftServerConfigKeys (ConfUtils.java:logGet(43)) - raft.server.log.appender.install.snapshot.enabled = false (custom)
2019-09-12 10:31:45,311 [pool-240-thread-1] INFO  impl.RaftServerImpl (ServerState.java:<init>(105)) - caccd92c-2544-4e02-86cf-95849f240c1b:group-F5A874164D8C ConfigurationManager, init=-1: [caccd92c-2544-4e02-86cf-95849f240c1b:192.168.36.114:37072], old=null, confs=<EMPTY_MAP>
2019-09-12 10:31:45,311 [pool-240-thread-1] INFO  server.RaftServerConfigKeys (ConfUtils.java:logGet(43)) - raft.server.storage.dir = [/workdir/hadoop-ozone/integration-test/target/test-dir/MiniOzoneClusterImpl-d867a4e1-154a-4113-b5e4-c09c14df2894/datanode-2/data/ratis] (custom)
2019-09-12 10:31:45,311 [pool-240-thread-1] INFO  storage.RaftStorageDirectory (RaftStorageDirectory.java:analyzeStorage(246)) - The storage directory /workdir/hadoop-ozone/integration-test/target/test-dir/MiniOzoneClusterImpl-d867a4e1-154a-4113-b5e4-c09c14df2894/datanode-2/data/ratis/c4c95996-a9a7-427f-93b6-f5a874164d8c does not exist. Creating ...
2019-09-12 10:31:45,324 [pool-240-thread-1] INFO  storage.RaftStorageDirectory (RaftStorageDirectory.java:tryLock(328)) - Lock on /workdir/hadoop-ozone/integration-test/target/test-dir/MiniOzoneClusterImpl-d867a4e1-154a-4113-b5e4-c09c14df2894/datanode-2/data/ratis/c4c95996-a9a7-427f-93b6-f5a874164d8c/in_use.lock acquired by nodename 1396@pr-hdds-1569-58hkm-1881083799
2019-09-12 10:31:45,337 [pool-240-thread-1] INFO  storage.RaftStorage (RaftStorage.java:format(72)) - Storage directory /workdir/hadoop-ozone/integration-test/target/test-dir/MiniOzoneClusterImpl-d867a4e1-154a-4113-b5e4-c09c14df2894/datanode-2/data/ratis/c4c95996-a9a7-427f-93b6-f5a874164d8c has been successfully formatted.
2019-09-12 10:31:45,337 [pool-240-thread-1] INFO  ratis.ContainerStateMachine (ContainerStateMachine.java:loadSnapshot(226)) - group-F5A874164D8C: The snapshot info is null. Setting the last applied indexto:(t:0, i:~)
2019-09-12 10:31:45,338 [pool-240-thread-1] INFO  server.RaftServerConfigKeys (ConfUtils.java:logGet(43)) - raft.server.leader.election.timeout = 120s (custom)
2019-09-12 10:31:45,338 [pool-240-thread-1] INFO  server.RaftServerConfigKeys (ConfUtils.java:logGet(43)) - raft.server.log.use.memory = false (default)
2019-09-12 10:31:45,338 [pool-240-thread-1] INFO  server.RaftServerConfigKeys (ConfUtils.java:logGet(43)) - raft.server.log.purge.gap = 1000000 (custom)
2019-09-12 10:31:45,338 [pool-240-thread-1] INFO  server.RaftServerConfigKeys (ConfUtils.java:logGet(43)) - raft.server.log.appender.buffer.byte-limit = 33554432 (custom)
2019-09-12 10:31:45,338 [pool-240-thread-1] INFO  server.RaftServerConfigKeys (ConfUtils.java:logGet(43)) - raft.server.log.segment.size.max = 1048576 (custom)
2019-09-12 10:31:45,338 [pool-240-thread-1] INFO  server.RaftServerConfigKeys (ConfUtils.java:logGet(43)) - raft.server.log.segment.cache.num.max = 2 (custom)
2019-09-12 10:31:45,338 [pool-240-thread-1] INFO  segmented.SegmentedRaftLogWorker (SegmentedRaftLogWorker.java:<init>(172)) - new caccd92c-2544-4e02-86cf-95849f240c1b-SegmentedRaftLogWorker:Storage Directory /workdir/hadoop-ozone/integration-test/target/test-dir/MiniOzoneClusterImpl-d867a4e1-154a-4113-b5e4-c09c14df2894/datanode-2/data/ratis/c4c95996-a9a7-427f-93b6-f5a874164d8c for RaftStorage:Storage Directory /workdir/hadoop-ozone/integration-test/target/test-dir/MiniOzoneClusterImpl-d867a4e1-154a-4113-b5e4-c09c14df2894/datanode-2/data/ratis/c4c95996-a9a7-427f-93b6-f5a874164d8c
2019-09-12 10:31:45,338 [pool-240-thread-1] INFO  server.RaftServerConfigKeys (ConfUtils.java:logGet(43)) - raft.server.log.queue.byte-limit = 2147483647 (custom)
2019-09-12 10:31:45,339 [pool-240-thread-1] INFO  server.RaftServerConfigKeys (ConfUtils.java:logGet(43)) - raft.server.log.queue.element-limit = 1024 (custom)
2019-09-12 10:31:45,339 [pool-240-thread-1] INFO  server.RaftServerConfigKeys (ConfUtils.java:logGet(43)) - raft.server.log.segment.size.max = 1048576 (custom)
2019-09-12 10:31:45,339 [pool-240-thread-1] INFO  server.RaftServerConfigKeys (ConfUtils.java:logGet(43)) - raft.server.log.preallocated.size = 16384 (custom)
2019-09-12 10:31:45,339 [pool-240-thread-1] INFO  server.RaftServerConfigKeys (ConfUtils.java:logGet(43)) - raft.server.log.write.buffer.size = 33554432 (custom)
2019-09-12 10:31:45,339 [pool-240-thread-1] INFO  server.RaftServerConfigKeys (ConfUtils.java:logGet(43)) - raft.server.log.force.sync.num = 128 (default)
2019-09-12 10:31:45,339 [pool-240-thread-1] INFO  server.RaftServerConfigKeys (ConfUtils.java:logGet(43)) - raft.server.log.statemachine.data.sync = true (default)
2019-09-12 10:31:45,339 [pool-240-thread-1] INFO  server.RaftServerConfigKeys (ConfUtils.java:logGet(43)) - raft.server.log.statemachine.data.sync.timeout = 10s (default)
2019-09-12 10:31:45,339 [pool-240-thread-1] INFO  server.RaftServerConfigKeys (ConfUtils.java:logGet(43)) - raft.server.log.statemachine.data.sync.timeout.retry = -1 (default)
2019-09-12 10:31:45,339 [pool-240-thread-1] INFO  server.RaftServerConfigKeys (ConfUtils.java:logGet(43)) - raft.server.log.statemachine.data.caching.enabled = true (custom)
2019-09-12 10:31:45,340 [pool-240-thread-1] INFO  segmented.SegmentedRaftLogWorker (SegmentedRaftLogWorker.java:lambda$new$0(132)) - caccd92c-2544-4e02-86cf-95849f240c1b-SegmentedRaftLogWorker:Storage Directory /workdir/hadoop-ozone/integration-test/target/test-dir/MiniOzoneClusterImpl-d867a4e1-154a-4113-b5e4-c09c14df2894/datanode-2/data/ratis/c4c95996-a9a7-427f-93b6-f5a874164d8c: flushIndex: setUnconditionally 0 -> -1
2019-09-12 10:31:45,340 [pool-240-thread-1] INFO  server.RaftServerConfigKeys (ConfUtils.java:logGet(43)) - raft.server.snapshot.auto.trigger.enabled = true (custom)
2019-09-12 10:31:45,340 [pool-240-thread-1] INFO  server.RaftServerConfigKeys (ConfUtils.java:logGet(43)) - raft.server.snapshot.auto.trigger.threshold = 10000 (custom)
2019-09-12 10:31:45,340 [pool-240-thread-1] INFO  server.RaftServerConfigKeys (ConfUtils.java:logGet(43)) - raft.server.retrycache.expirytime = 600000ms (custom)
2019-09-12 10:31:45,340 [pool-240-thread-1] INFO  impl.RaftServerImpl (RaftServerImpl.java:start(180)) - caccd92c-2544-4e02-86cf-95849f240c1b: start group-F5A874164D8C
2019-09-12 10:31:45,340 [pool-240-thread-1] INFO  impl.RaftServerImpl (RaftServerImpl.java:setRole(171)) - caccd92c-2544-4e02-86cf-95849f240c1b:group-F5A874164D8C changes role from null to FOLLOWER at term 0 for startAsFollower
2019-09-12 10:31:45,341 [pool-240-thread-1] INFO  impl.RoleInfo (RoleInfo.java:updateAndGet(143)) - caccd92c-2544-4e02-86cf-95849f240c1b: start FollowerState
2019-09-12 10:31:45,341 [pool-240-thread-1] INFO  util.JmxRegister (JmxRegister.java:tryRegister(44)) - Successfully registered JMX Bean with object name Ratis:service=RaftServer,group=group-F5A874164D8C,id=caccd92c-2544-4e02-86cf-95849f240c1b
2019-09-12 10:31:45,344 [RatisPipelineUtilsThread] INFO  pipeline.PipelineStateManager (PipelineStateManager.java:addPipeline(56)) - Created pipeline Pipeline[ Id: c4c95996-a9a7-427f-93b6-f5a874164d8c, Nodes: caccd92c-2544-4e02-86cf-95849f240c1b{ip: 192.168.36.114, host: pr-hdds-1569-58hkm-1881083799, networkLocation: /default-rack, certSerialId: null}, Type:RATIS, Factor:ONE, State:OPEN]
2019-09-12 10:31:45,344 [RatisPipelineUtilsThread] ERROR pipeline.PipelinePlacementPolicy (PipelinePlacementPolicy.java:meetCriteria(92)) - Pipeline Placement: Doesn't meet the criteria to be viable node. Heaviness: 6
2019-09-12 10:31:45,344 [RatisPipelineUtilsThread] ERROR pipeline.PipelinePlacementPolicy (PipelinePlacementPolicy.java:meetCriteria(92)) - Pipeline Placement: Doesn't meet the criteria to be viable node. Heaviness: 6
2019-09-12 10:31:45,344 [RatisPipelineUtilsThread] ERROR pipeline.PipelinePlacementPolicy (PipelinePlacementPolicy.java:meetCriteria(92)) - Pipeline Placement: Doesn't meet the criteria to be viable node. Heaviness: 6
2019-09-12 10:31:45,350 [grpc-default-executor-0] INFO  impl.RaftServerProxy (RaftServerProxy.java:addNew(89)) - 334c5273-7871-4d53-8b37-de05e5a3be10: addNew group-898BDD98D4FD:[334c5273-7871-4d53-8b37-de05e5a3be10:192.168.36.114:43431] returns group-898BDD98D4FD:java.util.concurrent.CompletableFuture@62c53165[Not completed]
2019-09-12 10:31:45,351 [pool-251-thread-1] INFO  impl.RaftServerImpl (RaftServerImpl.java:<init>(93)) - 334c5273-7871-4d53-8b37-de05e5a3be10: new RaftServerImpl for group-898BDD98D4FD:[334c5273-7871-4d53-8b37-de05e5a3be10:192.168.36.114:43431] with ContainerStateMachine:uninitialized
2019-09-12 10:31:45,351 [pool-251-thread-1] INFO  server.RaftServerConfigKeys (ConfUtils.java:logGet(43)) - raft.server.rpc.timeout.min = 5s (custom)
2019-09-12 10:31:45,351 [pool-251-thread-1] INFO  server.RaftServerConfigKeys (ConfUtils.java:logGet(43)) - raft.server.rpc.timeout.max = 5200ms (custom)
2019-09-12 10:31:45,351 [pool-251-thread-1] INFO  server.RaftServerConfigKeys (ConfUtils.java:logGet(43)) - raft.server.rpcslowness.timeout = 120s (custom)
2019-09-12 10:31:45,351 [pool-251-thread-1] INFO  server.RaftServerConfigKeys (ConfUtils.java:logGet(43)) - raft.server.sleep.deviation.threshold = 300 (default)
2019-09-12 10:31:45,351 [pool-251-thread-1] INFO  server.RaftServerConfigKeys (ConfUtils.java:logGet(43)) - raft.server.log.appender.install.snapshot.enabled = false (custom)
2019-09-12 10:31:45,351 [pool-251-thread-1] INFO  impl.RaftServerImpl (ServerState.java:<init>(105)) - 334c5273-7871-4d53-8b37-de05e5a3be10:group-898BDD98D4FD ConfigurationManager, init=-1: [334c5273-7871-4d53-8b37-de05e5a3be10:192.168.36.114:43431], old=null, confs=<EMPTY_MAP>
2019-09-12 10:31:45,351 [pool-251-thread-1] INFO  server.RaftServerConfigKeys (ConfUtils.java:logGet(43)) - raft.server.storage.dir = [/workdir/hadoop-ozone/integration-test/target/test-dir/MiniOzoneClusterImpl-d867a4e1-154a-4113-b5e4-c09c14df2894/datanode-3/data/ratis] (custom)
2019-09-12 10:31:45,352 [pool-251-thread-1] INFO  storage.RaftStorageDirectory (RaftStorageDirectory.java:analyzeStorage(246)) - The storage directory /workdir/hadoop-ozone/integration-test/target/test-dir/MiniOzoneClusterImpl-d867a4e1-154a-4113-b5e4-c09c14df2894/datanode-3/data/ratis/c8a4f1fe-7ce1-4f0d-b9f4-898bdd98d4fd does not exist. Creating ...
2019-09-12 10:31:45,365 [pool-251-thread-1] INFO  storage.RaftStorageDirectory (RaftStorageDirectory.java:tryLock(328)) - Lock on /workdir/hadoop-ozone/integration-test/target/test-dir/MiniOzoneClusterImpl-d867a4e1-154a-4113-b5e4-c09c14df2894/datanode-3/data/ratis/c8a4f1fe-7ce1-4f0d-b9f4-898bdd98d4fd/in_use.lock acquired by nodename 1396@pr-hdds-1569-58hkm-1881083799
2019-09-12 10:31:45,378 [pool-251-thread-1] INFO  storage.RaftStorage (RaftStorage.java:format(72)) - Storage directory /workdir/hadoop-ozone/integration-test/target/test-dir/MiniOzoneClusterImpl-d867a4e1-154a-4113-b5e4-c09c14df2894/datanode-3/data/ratis/c8a4f1fe-7ce1-4f0d-b9f4-898bdd98d4fd has been successfully formatted.
2019-09-12 10:31:45,378 [pool-251-thread-1] INFO  ratis.ContainerStateMachine (ContainerStateMachine.java:loadSnapshot(226)) - group-898BDD98D4FD: The snapshot info is null. Setting the last applied indexto:(t:0, i:~)
2019-09-12 10:31:45,378 [pool-251-thread-1] INFO  server.RaftServerConfigKeys (ConfUtils.java:logGet(43)) - raft.server.leader.election.timeout = 120s (custom)
2019-09-12 10:31:45,378 [pool-251-thread-1] INFO  server.RaftServerConfigKeys (ConfUtils.java:logGet(43)) - raft.server.log.use.memory = false (default)
2019-09-12 10:31:45,378 [pool-251-thread-1] INFO  server.RaftServerConfigKeys (ConfUtils.java:logGet(43)) - raft.server.log.purge.gap = 1000000 (custom)
2019-09-12 10:31:45,379 [pool-251-thread-1] INFO  server.RaftServerConfigKeys (ConfUtils.java:logGet(43)) - raft.server.log.appender.buffer.byte-limit = 33554432 (custom)
2019-09-12 10:31:45,379 [pool-251-thread-1] INFO  server.RaftServerConfigKeys (ConfUtils.java:logGet(43)) - raft.server.log.segment.size.max = 1048576 (custom)
2019-09-12 10:31:45,379 [pool-251-thread-1] INFO  server.RaftServerConfigKeys (ConfUtils.java:logGet(43)) - raft.server.log.segment.cache.num.max = 2 (custom)
2019-09-12 10:31:45,379 [pool-251-thread-1] INFO  segmented.SegmentedRaftLogWorker (SegmentedRaftLogWorker.java:<init>(172)) - new 334c5273-7871-4d53-8b37-de05e5a3be10-SegmentedRaftLogWorker:Storage Directory /workdir/hadoop-ozone/integration-test/target/test-dir/MiniOzoneClusterImpl-d867a4e1-154a-4113-b5e4-c09c14df2894/datanode-3/data/ratis/c8a4f1fe-7ce1-4f0d-b9f4-898bdd98d4fd for RaftStorage:Storage Directory /workdir/hadoop-ozone/integration-test/target/test-dir/MiniOzoneClusterImpl-d867a4e1-154a-4113-b5e4-c09c14df2894/datanode-3/data/ratis/c8a4f1fe-7ce1-4f0d-b9f4-898bdd98d4fd
2019-09-12 10:31:45,379 [pool-251-thread-1] INFO  server.RaftServerConfigKeys (ConfUtils.java:logGet(43)) - raft.server.log.queue.byte-limit = 2147483647 (custom)
2019-09-12 10:31:45,379 [pool-251-thread-1] INFO  server.RaftServerConfigKeys (ConfUtils.java:logGet(43)) - raft.server.log.queue.element-limit = 1024 (custom)
2019-09-12 10:31:45,379 [pool-251-thread-1] INFO  server.RaftServerConfigKeys (ConfUtils.java:logGet(43)) - raft.server.log.segment.size.max = 1048576 (custom)
2019-09-12 10:31:45,379 [pool-251-thread-1] INFO  server.RaftServerConfigKeys (ConfUtils.java:logGet(43)) - raft.server.log.preallocated.size = 16384 (custom)
2019-09-12 10:31:45,379 [pool-251-thread-1] INFO  server.RaftServerConfigKeys (ConfUtils.java:logGet(43)) - raft.server.log.write.buffer.size = 33554432 (custom)
2019-09-12 10:31:45,380 [pool-251-thread-1] INFO  server.RaftServerConfigKeys (ConfUtils.java:logGet(43)) - raft.server.log.force.sync.num = 128 (default)
2019-09-12 10:31:45,380 [pool-251-thread-1] INFO  server.RaftServerConfigKeys (ConfUtils.java:logGet(43)) - raft.server.log.statemachine.data.sync = true (default)
2019-09-12 10:31:45,380 [pool-251-thread-1] INFO  server.RaftServerConfigKeys (ConfUtils.java:logGet(43)) - raft.server.log.statemachine.data.sync.timeout = 10s (default)
2019-09-12 10:31:45,380 [pool-251-thread-1] INFO  server.RaftServerConfigKeys (ConfUtils.java:logGet(43)) - raft.server.log.statemachine.data.sync.timeout.retry = -1 (default)
2019-09-12 10:31:45,380 [pool-251-thread-1] INFO  server.RaftServerConfigKeys (ConfUtils.java:logGet(43)) - raft.server.log.statemachine.data.caching.enabled = true (custom)
2019-09-12 10:31:45,380 [pool-251-thread-1] INFO  segmented.SegmentedRaftLogWorker (SegmentedRaftLogWorker.java:lambda$new$0(132)) - 334c5273-7871-4d53-8b37-de05e5a3be10-SegmentedRaftLogWorker:Storage Directory /workdir/hadoop-ozone/integration-test/target/test-dir/MiniOzoneClusterImpl-d867a4e1-154a-4113-b5e4-c09c14df2894/datanode-3/data/ratis/c8a4f1fe-7ce1-4f0d-b9f4-898bdd98d4fd: flushIndex: setUnconditionally 0 -> -1
2019-09-12 10:31:45,380 [pool-251-thread-1] INFO  server.RaftServerConfigKeys (ConfUtils.java:logGet(43)) - raft.server.snapshot.auto.trigger.enabled = true (custom)
2019-09-12 10:31:45,381 [pool-251-thread-1] INFO  server.RaftServerConfigKeys (ConfUtils.java:logGet(43)) - raft.server.snapshot.auto.trigger.threshold = 10000 (custom)
2019-09-12 10:31:45,381 [pool-251-thread-1] INFO  server.RaftServerConfigKeys (ConfUtils.java:logGet(43)) - raft.server.retrycache.expirytime = 600000ms (custom)
2019-09-12 10:31:45,381 [pool-251-thread-1] INFO  impl.RaftServerImpl (RaftServerImpl.java:start(180)) - 334c5273-7871-4d53-8b37-de05e5a3be10: start group-898BDD98D4FD
2019-09-12 10:31:45,381 [pool-251-thread-1] INFO  impl.RaftServerImpl (RaftServerImpl.java:setRole(171)) - 334c5273-7871-4d53-8b37-de05e5a3be10:group-898BDD98D4FD changes role from null to FOLLOWER at term 0 for startAsFollower
2019-09-12 10:31:45,381 [pool-251-thread-1] INFO  impl.RoleInfo (RoleInfo.java:updateAndGet(143)) - 334c5273-7871-4d53-8b37-de05e5a3be10: start FollowerState
2019-09-12 10:31:45,381 [pool-251-thread-1] INFO  util.JmxRegister (JmxRegister.java:tryRegister(44)) - Successfully registered JMX Bean with object name Ratis:service=RaftServer,group=group-898BDD98D4FD,id=334c5273-7871-4d53-8b37-de05e5a3be10
2019-09-12 10:31:45,384 [RatisPipelineUtilsThread] INFO  pipeline.PipelineStateManager (PipelineStateManager.java:addPipeline(56)) - Created pipeline Pipeline[ Id: c8a4f1fe-7ce1-4f0d-b9f4-898bdd98d4fd, Nodes: 334c5273-7871-4d53-8b37-de05e5a3be10{ip: 192.168.36.114, host: pr-hdds-1569-58hkm-1881083799, networkLocation: /default-rack, certSerialId: null}, Type:RATIS, Factor:ONE, State:OPEN]
2019-09-12 10:31:45,384 [RatisPipelineUtilsThread] ERROR pipeline.PipelinePlacementPolicy (PipelinePlacementPolicy.java:meetCriteria(92)) - Pipeline Placement: Doesn't meet the criteria to be viable node. Heaviness: 6
2019-09-12 10:31:45,384 [RatisPipelineUtilsThread] ERROR pipeline.PipelinePlacementPolicy (PipelinePlacementPolicy.java:meetCriteria(92)) - Pipeline Placement: Doesn't meet the criteria to be viable node. Heaviness: 6
2019-09-12 10:31:45,384 [RatisPipelineUtilsThread] ERROR pipeline.PipelinePlacementPolicy (PipelinePlacementPolicy.java:meetCriteria(92)) - Pipeline Placement: Doesn't meet the criteria to be viable node. Heaviness: 6
2019-09-12 10:31:45,388 [grpc-default-executor-0] INFO  impl.RaftServerProxy (RaftServerProxy.java:addNew(89)) - 334c5273-7871-4d53-8b37-de05e5a3be10: addNew group-BE0A19DD7A8A:[334c5273-7871-4d53-8b37-de05e5a3be10:192.168.36.114:43431] returns group-BE0A19DD7A8A:java.util.concurrent.CompletableFuture@7d26c0e9[Not completed]
2019-09-12 10:31:45,389 [pool-251-thread-1] INFO  impl.RaftServerImpl (RaftServerImpl.java:<init>(93)) - 334c5273-7871-4d53-8b37-de05e5a3be10: new RaftServerImpl for group-BE0A19DD7A8A:[334c5273-7871-4d53-8b37-de05e5a3be10:192.168.36.114:43431] with ContainerStateMachine:uninitialized
2019-09-12 10:31:45,389 [pool-251-thread-1] INFO  server.RaftServerConfigKeys (ConfUtils.java:logGet(43)) - raft.server.rpc.timeout.min = 5s (custom)
2019-09-12 10:31:45,389 [pool-251-thread-1] INFO  server.RaftServerConfigKeys (ConfUtils.java:logGet(43)) - raft.server.rpc.timeout.max = 5200ms (custom)
2019-09-12 10:31:45,390 [pool-251-thread-1] INFO  server.RaftServerConfigKeys (ConfUtils.java:logGet(43)) - raft.server.rpcslowness.timeout = 120s (custom)
2019-09-12 10:31:45,390 [pool-251-thread-1] INFO  server.RaftServerConfigKeys (ConfUtils.java:logGet(43)) - raft.server.sleep.deviation.threshold = 300 (default)
2019-09-12 10:31:45,390 [pool-251-thread-1] INFO  server.RaftServerConfigKeys (ConfUtils.java:logGet(43)) - raft.server.log.appender.install.snapshot.enabled = false (custom)
2019-09-12 10:31:45,390 [pool-251-thread-1] INFO  impl.RaftServerImpl (ServerState.java:<init>(105)) - 334c5273-7871-4d53-8b37-de05e5a3be10:group-BE0A19DD7A8A ConfigurationManager, init=-1: [334c5273-7871-4d53-8b37-de05e5a3be10:192.168.36.114:43431], old=null, confs=<EMPTY_MAP>
2019-09-12 10:31:45,390 [pool-251-thread-1] INFO  server.RaftServerConfigKeys (ConfUtils.java:logGet(43)) - raft.server.storage.dir = [/workdir/hadoop-ozone/integration-test/target/test-dir/MiniOzoneClusterImpl-d867a4e1-154a-4113-b5e4-c09c14df2894/datanode-3/data/ratis] (custom)
2019-09-12 10:31:45,390 [pool-251-thread-1] INFO  storage.RaftStorageDirectory (RaftStorageDirectory.java:analyzeStorage(246)) - The storage directory /workdir/hadoop-ozone/integration-test/target/test-dir/MiniOzoneClusterImpl-d867a4e1-154a-4113-b5e4-c09c14df2894/datanode-3/data/ratis/43692140-a49c-47ea-93af-be0a19dd7a8a does not exist. Creating ...
2019-09-12 10:31:45,402 [pool-251-thread-1] INFO  storage.RaftStorageDirectory (RaftStorageDirectory.java:tryLock(328)) - Lock on /workdir/hadoop-ozone/integration-test/target/test-dir/MiniOzoneClusterImpl-d867a4e1-154a-4113-b5e4-c09c14df2894/datanode-3/data/ratis/43692140-a49c-47ea-93af-be0a19dd7a8a/in_use.lock acquired by nodename 1396@pr-hdds-1569-58hkm-1881083799
2019-09-12 10:31:45,416 [pool-251-thread-1] INFO  storage.RaftStorage (RaftStorage.java:format(72)) - Storage directory /workdir/hadoop-ozone/integration-test/target/test-dir/MiniOzoneClusterImpl-d867a4e1-154a-4113-b5e4-c09c14df2894/datanode-3/data/ratis/43692140-a49c-47ea-93af-be0a19dd7a8a has been successfully formatted.
2019-09-12 10:31:45,416 [pool-251-thread-1] INFO  ratis.ContainerStateMachine (ContainerStateMachine.java:loadSnapshot(226)) - group-BE0A19DD7A8A: The snapshot info is null. Setting the last applied indexto:(t:0, i:~)
2019-09-12 10:31:45,416 [pool-251-thread-1] INFO  server.RaftServerConfigKeys (ConfUtils.java:logGet(43)) - raft.server.leader.election.timeout = 120s (custom)
2019-09-12 10:31:45,416 [pool-251-thread-1] INFO  server.RaftServerConfigKeys (ConfUtils.java:logGet(43)) - raft.server.log.use.memory = false (default)
2019-09-12 10:31:45,416 [pool-251-thread-1] INFO  server.RaftServerConfigKeys (ConfUtils.java:logGet(43)) - raft.server.log.purge.gap = 1000000 (custom)
2019-09-12 10:31:45,416 [pool-251-thread-1] INFO  server.RaftServerConfigKeys (ConfUtils.java:logGet(43)) - raft.server.log.appender.buffer.byte-limit = 33554432 (custom)
2019-09-12 10:31:45,417 [pool-251-thread-1] INFO  server.RaftServerConfigKeys (ConfUtils.java:logGet(43)) - raft.server.log.segment.size.max = 1048576 (custom)
2019-09-12 10:31:45,417 [pool-251-thread-1] INFO  server.RaftServerConfigKeys (ConfUtils.java:logGet(43)) - raft.server.log.segment.cache.num.max = 2 (custom)
2019-09-12 10:31:45,417 [pool-251-thread-1] INFO  segmented.SegmentedRaftLogWorker (SegmentedRaftLogWorker.java:<init>(172)) - new 334c5273-7871-4d53-8b37-de05e5a3be10-SegmentedRaftLogWorker:Storage Directory /workdir/hadoop-ozone/integration-test/target/test-dir/MiniOzoneClusterImpl-d867a4e1-154a-4113-b5e4-c09c14df2894/datanode-3/data/ratis/43692140-a49c-47ea-93af-be0a19dd7a8a for RaftStorage:Storage Directory /workdir/hadoop-ozone/integration-test/target/test-dir/MiniOzoneClusterImpl-d867a4e1-154a-4113-b5e4-c09c14df2894/datanode-3/data/ratis/43692140-a49c-47ea-93af-be0a19dd7a8a
2019-09-12 10:31:45,417 [pool-251-thread-1] INFO  server.RaftServerConfigKeys (ConfUtils.java:logGet(43)) - raft.server.log.queue.byte-limit = 2147483647 (custom)
2019-09-12 10:31:45,417 [pool-251-thread-1] INFO  server.RaftServerConfigKeys (ConfUtils.java:logGet(43)) - raft.server.log.queue.element-limit = 1024 (custom)
2019-09-12 10:31:45,417 [pool-251-thread-1] INFO  server.RaftServerConfigKeys (ConfUtils.java:logGet(43)) - raft.server.log.segment.size.max = 1048576 (custom)
2019-09-12 10:31:45,417 [pool-251-thread-1] INFO  server.RaftServerConfigKeys (ConfUtils.java:logGet(43)) - raft.server.log.preallocated.size = 16384 (custom)
2019-09-12 10:31:45,417 [pool-251-thread-1] INFO  server.RaftServerConfigKeys (ConfUtils.java:logGet(43)) - raft.server.log.write.buffer.size = 33554432 (custom)
2019-09-12 10:31:45,418 [pool-251-thread-1] INFO  server.RaftServerConfigKeys (ConfUtils.java:logGet(43)) - raft.server.log.force.sync.num = 128 (default)
2019-09-12 10:31:45,418 [pool-251-thread-1] INFO  server.RaftServerConfigKeys (ConfUtils.java:logGet(43)) - raft.server.log.statemachine.data.sync = true (default)
2019-09-12 10:31:45,418 [pool-251-thread-1] INFO  server.RaftServerConfigKeys (ConfUtils.java:logGet(43)) - raft.server.log.statemachine.data.sync.timeout = 10s (default)
2019-09-12 10:31:45,418 [pool-251-thread-1] INFO  server.RaftServerConfigKeys (ConfUtils.java:logGet(43)) - raft.server.log.statemachine.data.sync.timeout.retry = -1 (default)
2019-09-12 10:31:45,418 [pool-251-thread-1] INFO  server.RaftServerConfigKeys (ConfUtils.java:logGet(43)) - raft.server.log.statemachine.data.caching.enabled = true (custom)
2019-09-12 10:31:45,418 [pool-251-thread-1] INFO  segmented.SegmentedRaftLogWorker (SegmentedRaftLogWorker.java:lambda$new$0(132)) - 334c5273-7871-4d53-8b37-de05e5a3be10-SegmentedRaftLogWorker:Storage Directory /workdir/hadoop-ozone/integration-test/target/test-dir/MiniOzoneClusterImpl-d867a4e1-154a-4113-b5e4-c09c14df2894/datanode-3/data/ratis/43692140-a49c-47ea-93af-be0a19dd7a8a: flushIndex: setUnconditionally 0 -> -1
2019-09-12 10:31:45,419 [pool-251-thread-1] INFO  server.RaftServerConfigKeys (ConfUtils.java:logGet(43)) - raft.server.snapshot.auto.trigger.enabled = true (custom)
2019-09-12 10:31:45,419 [pool-251-thread-1] INFO  server.RaftServerConfigKeys (ConfUtils.java:logGet(43)) - raft.server.snapshot.auto.trigger.threshold = 10000 (custom)
2019-09-12 10:31:45,419 [pool-251-thread-1] INFO  server.RaftServerConfigKeys (ConfUtils.java:logGet(43)) - raft.server.retrycache.expirytime = 600000ms (custom)
2019-09-12 10:31:45,419 [pool-251-thread-1] INFO  impl.RaftServerImpl (RaftServerImpl.java:start(180)) - 334c5273-7871-4d53-8b37-de05e5a3be10: start group-BE0A19DD7A8A
2019-09-12 10:31:45,419 [pool-251-thread-1] INFO  impl.RaftServerImpl (RaftServerImpl.java:setRole(171)) - 334c5273-7871-4d53-8b37-de05e5a3be10:group-BE0A19DD7A8A changes role from null to FOLLOWER at term 0 for startAsFollower
2019-09-12 10:31:45,420 [pool-251-thread-1] INFO  impl.RoleInfo (RoleInfo.java:updateAndGet(143)) - 334c5273-7871-4d53-8b37-de05e5a3be10: start FollowerState
2019-09-12 10:31:45,420 [pool-251-thread-1] INFO  util.JmxRegister (JmxRegister.java:tryRegister(44)) - Successfully registered JMX Bean with object name Ratis:service=RaftServer,group=group-BE0A19DD7A8A,id=334c5273-7871-4d53-8b37-de05e5a3be10
2019-09-12 10:31:45,422 [RatisPipelineUtilsThread] INFO  pipeline.PipelineStateManager (PipelineStateManager.java:addPipeline(56)) - Created pipeline Pipeline[ Id: 43692140-a49c-47ea-93af-be0a19dd7a8a, Nodes: 334c5273-7871-4d53-8b37-de05e5a3be10{ip: 192.168.36.114, host: pr-hdds-1569-58hkm-1881083799, networkLocation: /default-rack, certSerialId: null}, Type:RATIS, Factor:ONE, State:OPEN]
2019-09-12 10:31:45,423 [RatisPipelineUtilsThread] ERROR pipeline.PipelinePlacementPolicy (PipelinePlacementPolicy.java:meetCriteria(92)) - Pipeline Placement: Doesn't meet the criteria to be viable node. Heaviness: 6
2019-09-12 10:31:45,423 [RatisPipelineUtilsThread] ERROR pipeline.PipelinePlacementPolicy (PipelinePlacementPolicy.java:meetCriteria(92)) - Pipeline Placement: Doesn't meet the criteria to be viable node. Heaviness: 6
2019-09-12 10:31:45,423 [RatisPipelineUtilsThread] ERROR pipeline.PipelinePlacementPolicy (PipelinePlacementPolicy.java:meetCriteria(92)) - Pipeline Placement: Doesn't meet the criteria to be viable node. Heaviness: 6
2019-09-12 10:31:45,427 [grpc-default-executor-0] INFO  impl.RaftServerProxy (RaftServerProxy.java:addNew(89)) - 334c5273-7871-4d53-8b37-de05e5a3be10: addNew group-840E66D6CF22:[334c5273-7871-4d53-8b37-de05e5a3be10:192.168.36.114:43431] returns group-840E66D6CF22:java.util.concurrent.CompletableFuture@160f6cf8[Not completed]
2019-09-12 10:31:45,428 [pool-251-thread-1] INFO  impl.RaftServerImpl (RaftServerImpl.java:<init>(93)) - 334c5273-7871-4d53-8b37-de05e5a3be10: new RaftServerImpl for group-840E66D6CF22:[334c5273-7871-4d53-8b37-de05e5a3be10:192.168.36.114:43431] with ContainerStateMachine:uninitialized
2019-09-12 10:31:45,428 [pool-251-thread-1] INFO  server.RaftServerConfigKeys (ConfUtils.java:logGet(43)) - raft.server.rpc.timeout.min = 5s (custom)
2019-09-12 10:31:45,428 [pool-251-thread-1] INFO  server.RaftServerConfigKeys (ConfUtils.java:logGet(43)) - raft.server.rpc.timeout.max = 5200ms (custom)
2019-09-12 10:31:45,429 [pool-251-thread-1] INFO  server.RaftServerConfigKeys (ConfUtils.java:logGet(43)) - raft.server.rpcslowness.timeout = 120s (custom)
2019-09-12 10:31:45,429 [pool-251-thread-1] INFO  server.RaftServerConfigKeys (ConfUtils.java:logGet(43)) - raft.server.sleep.deviation.threshold = 300 (default)
2019-09-12 10:31:45,429 [pool-251-thread-1] INFO  server.RaftServerConfigKeys (ConfUtils.java:logGet(43)) - raft.server.log.appender.install.snapshot.enabled = false (custom)
2019-09-12 10:31:45,429 [pool-251-thread-1] INFO  impl.RaftServerImpl (ServerState.java:<init>(105)) - 334c5273-7871-4d53-8b37-de05e5a3be10:group-840E66D6CF22 ConfigurationManager, init=-1: [334c5273-7871-4d53-8b37-de05e5a3be10:192.168.36.114:43431], old=null, confs=<EMPTY_MAP>
2019-09-12 10:31:45,429 [pool-251-thread-1] INFO  server.RaftServerConfigKeys (ConfUtils.java:logGet(43)) - raft.server.storage.dir = [/workdir/hadoop-ozone/integration-test/target/test-dir/MiniOzoneClusterImpl-d867a4e1-154a-4113-b5e4-c09c14df2894/datanode-3/data/ratis] (custom)
2019-09-12 10:31:45,429 [pool-251-thread-1] INFO  storage.RaftStorageDirectory (RaftStorageDirectory.java:analyzeStorage(246)) - The storage directory /workdir/hadoop-ozone/integration-test/target/test-dir/MiniOzoneClusterImpl-d867a4e1-154a-4113-b5e4-c09c14df2894/datanode-3/data/ratis/4bbf3afe-dde6-440a-8c83-840e66d6cf22 does not exist. Creating ...
2019-09-12 10:31:45,442 [pool-251-thread-1] INFO  storage.RaftStorageDirectory (RaftStorageDirectory.java:tryLock(328)) - Lock on /workdir/hadoop-ozone/integration-test/target/test-dir/MiniOzoneClusterImpl-d867a4e1-154a-4113-b5e4-c09c14df2894/datanode-3/data/ratis/4bbf3afe-dde6-440a-8c83-840e66d6cf22/in_use.lock acquired by nodename 1396@pr-hdds-1569-58hkm-1881083799
2019-09-12 10:31:45,522 [pool-251-thread-1] INFO  storage.RaftStorage (RaftStorage.java:format(72)) - Storage directory /workdir/hadoop-ozone/integration-test/target/test-dir/MiniOzoneClusterImpl-d867a4e1-154a-4113-b5e4-c09c14df2894/datanode-3/data/ratis/4bbf3afe-dde6-440a-8c83-840e66d6cf22 has been successfully formatted.
2019-09-12 10:31:45,522 [pool-251-thread-1] INFO  ratis.ContainerStateMachine (ContainerStateMachine.java:loadSnapshot(226)) - group-840E66D6CF22: The snapshot info is null. Setting the last applied indexto:(t:0, i:~)
2019-09-12 10:31:45,522 [pool-251-thread-1] INFO  server.RaftServerConfigKeys (ConfUtils.java:logGet(43)) - raft.server.leader.election.timeout = 120s (custom)
2019-09-12 10:31:45,523 [pool-251-thread-1] INFO  server.RaftServerConfigKeys (ConfUtils.java:logGet(43)) - raft.server.log.use.memory = false (default)
2019-09-12 10:31:45,523 [pool-251-thread-1] INFO  server.RaftServerConfigKeys (ConfUtils.java:logGet(43)) - raft.server.log.purge.gap = 1000000 (custom)
2019-09-12 10:31:45,523 [pool-251-thread-1] INFO  server.RaftServerConfigKeys (ConfUtils.java:logGet(43)) - raft.server.log.appender.buffer.byte-limit = 33554432 (custom)
2019-09-12 10:31:45,523 [pool-251-thread-1] INFO  server.RaftServerConfigKeys (ConfUtils.java:logGet(43)) - raft.server.log.segment.size.max = 1048576 (custom)
2019-09-12 10:31:45,523 [pool-251-thread-1] INFO  server.RaftServerConfigKeys (ConfUtils.java:logGet(43)) - raft.server.log.segment.cache.num.max = 2 (custom)
2019-09-12 10:31:45,523 [pool-251-thread-1] INFO  segmented.SegmentedRaftLogWorker (SegmentedRaftLogWorker.java:<init>(172)) - new 334c5273-7871-4d53-8b37-de05e5a3be10-SegmentedRaftLogWorker:Storage Directory /workdir/hadoop-ozone/integration-test/target/test-dir/MiniOzoneClusterImpl-d867a4e1-154a-4113-b5e4-c09c14df2894/datanode-3/data/ratis/4bbf3afe-dde6-440a-8c83-840e66d6cf22 for RaftStorage:Storage Directory /workdir/hadoop-ozone/integration-test/target/test-dir/MiniOzoneClusterImpl-d867a4e1-154a-4113-b5e4-c09c14df2894/datanode-3/data/ratis/4bbf3afe-dde6-440a-8c83-840e66d6cf22
2019-09-12 10:31:45,524 [pool-251-thread-1] INFO  server.RaftServerConfigKeys (ConfUtils.java:logGet(43)) - raft.server.log.queue.byte-limit = 2147483647 (custom)
2019-09-12 10:31:45,524 [pool-251-thread-1] INFO  server.RaftServerConfigKeys (ConfUtils.java:logGet(43)) - raft.server.log.queue.element-limit = 1024 (custom)
2019-09-12 10:31:45,524 [pool-251-thread-1] INFO  server.RaftServerConfigKeys (ConfUtils.java:logGet(43)) - raft.server.log.segment.size.max = 1048576 (custom)
2019-09-12 10:31:45,524 [pool-251-thread-1] INFO  server.RaftServerConfigKeys (ConfUtils.java:logGet(43)) - raft.server.log.preallocated.size = 16384 (custom)
2019-09-12 10:31:45,524 [pool-251-thread-1] INFO  server.RaftServerConfigKeys (ConfUtils.java:logGet(43)) - raft.server.log.write.buffer.size = 33554432 (custom)
2019-09-12 10:31:45,524 [pool-251-thread-1] INFO  server.RaftServerConfigKeys (ConfUtils.java:logGet(43)) - raft.server.log.force.sync.num = 128 (default)
2019-09-12 10:31:45,524 [pool-251-thread-1] INFO  server.RaftServerConfigKeys (ConfUtils.java:logGet(43)) - raft.server.log.statemachine.data.sync = true (default)
2019-09-12 10:31:45,525 [pool-251-thread-1] INFO  server.RaftServerConfigKeys (ConfUtils.java:logGet(43)) - raft.server.log.statemachine.data.sync.timeout = 10s (default)
2019-09-12 10:31:45,525 [pool-251-thread-1] INFO  server.RaftServerConfigKeys (ConfUtils.java:logGet(43)) - raft.server.log.statemachine.data.sync.timeout.retry = -1 (default)
2019-09-12 10:31:45,525 [pool-251-thread-1] INFO  server.RaftServerConfigKeys (ConfUtils.java:logGet(43)) - raft.server.log.statemachine.data.caching.enabled = true (custom)
2019-09-12 10:31:45,525 [pool-251-thread-1] INFO  segmented.SegmentedRaftLogWorker (SegmentedRaftLogWorker.java:lambda$new$0(132)) - 334c5273-7871-4d53-8b37-de05e5a3be10-SegmentedRaftLogWorker:Storage Directory /workdir/hadoop-ozone/integration-test/target/test-dir/MiniOzoneClusterImpl-d867a4e1-154a-4113-b5e4-c09c14df2894/datanode-3/data/ratis/4bbf3afe-dde6-440a-8c83-840e66d6cf22: flushIndex: setUnconditionally 0 -> -1
2019-09-12 10:31:45,526 [pool-251-thread-1] INFO  server.RaftServerConfigKeys (ConfUtils.java:logGet(43)) - raft.server.snapshot.auto.trigger.enabled = true (custom)
2019-09-12 10:31:45,526 [pool-251-thread-1] INFO  server.RaftServerConfigKeys (ConfUtils.java:logGet(43)) - raft.server.snapshot.auto.trigger.threshold = 10000 (custom)
2019-09-12 10:31:45,526 [pool-251-thread-1] INFO  server.RaftServerConfigKeys (ConfUtils.java:logGet(43)) - raft.server.retrycache.expirytime = 600000ms (custom)
2019-09-12 10:31:45,526 [pool-251-thread-1] INFO  impl.RaftServerImpl (RaftServerImpl.java:start(180)) - 334c5273-7871-4d53-8b37-de05e5a3be10: start group-840E66D6CF22
2019-09-12 10:31:45,526 [pool-251-thread-1] INFO  impl.RaftServerImpl (RaftServerImpl.java:setRole(171)) - 334c5273-7871-4d53-8b37-de05e5a3be10:group-840E66D6CF22 changes role from null to FOLLOWER at term 0 for startAsFollower
2019-09-12 10:31:45,527 [pool-251-thread-1] INFO  impl.RoleInfo (RoleInfo.java:updateAndGet(143)) - 334c5273-7871-4d53-8b37-de05e5a3be10: start FollowerState
2019-09-12 10:31:45,527 [pool-251-thread-1] INFO  util.JmxRegister (JmxRegister.java:tryRegister(44)) - Successfully registered JMX Bean with object name Ratis:service=RaftServer,group=group-840E66D6CF22,id=334c5273-7871-4d53-8b37-de05e5a3be10
2019-09-12 10:31:45,530 [RatisPipelineUtilsThread] INFO  pipeline.PipelineStateManager (PipelineStateManager.java:addPipeline(56)) - Created pipeline Pipeline[ Id: 4bbf3afe-dde6-440a-8c83-840e66d6cf22, Nodes: 334c5273-7871-4d53-8b37-de05e5a3be10{ip: 192.168.36.114, host: pr-hdds-1569-58hkm-1881083799, networkLocation: /default-rack, certSerialId: null}, Type:RATIS, Factor:ONE, State:OPEN]
2019-09-12 10:31:45,530 [RatisPipelineUtilsThread] ERROR pipeline.PipelinePlacementPolicy (PipelinePlacementPolicy.java:meetCriteria(92)) - Pipeline Placement: Doesn't meet the criteria to be viable node. Heaviness: 6
2019-09-12 10:31:45,530 [RatisPipelineUtilsThread] ERROR pipeline.PipelinePlacementPolicy (PipelinePlacementPolicy.java:meetCriteria(92)) - Pipeline Placement: Doesn't meet the criteria to be viable node. Heaviness: 6
2019-09-12 10:31:45,531 [RatisPipelineUtilsThread] ERROR pipeline.PipelinePlacementPolicy (PipelinePlacementPolicy.java:meetCriteria(92)) - Pipeline Placement: Doesn't meet the criteria to be viable node. Heaviness: 6
2019-09-12 10:31:45,534 [bcda0514-d42e-47ca-96fd-c0a633e872a8-SegmentedRaftLogWorker:Storage Directory /workdir/hadoop-ozone/integration-test/target/test-dir/MiniOzoneClusterImpl-87a68f7a-76d1-4e01-bf62-4b4b582b7243/datanode-4/data/ratis/fad54004-dc11-47bb-83f2-4f0d5c34bd13] ERROR segmented.SegmentedRaftLogWorker (SegmentedRaftLogWorker.java:run(323)) - bcda0514-d42e-47ca-96fd-c0a633e872a8-SegmentedRaftLogWorker:Storage Directory /workdir/hadoop-ozone/integration-test/target/test-dir/MiniOzoneClusterImpl-87a68f7a-76d1-4e01-bf62-4b4b582b7243/datanode-4/data/ratis/fad54004-dc11-47bb-83f2-4f0d5c34bd13 hit exception
java.lang.OutOfMemoryError: Direct buffer memory
	at java.nio.Bits.reserveMemory(Bits.java:666)
	at java.nio.DirectByteBuffer.<init>(DirectByteBuffer.java:123)
	at java.nio.ByteBuffer.allocateDirect(ByteBuffer.java:311)
	at org.apache.ratis.server.raftlog.segmented.BufferedWriteChannel.<init>(BufferedWriteChannel.java:41)
	at org.apache.ratis.server.raftlog.segmented.SegmentedRaftLogOutputStream.<init>(SegmentedRaftLogOutputStream.java:72)
	at org.apache.ratis.server.raftlog.segmented.SegmentedRaftLogWorker$StartLogSegment.execute(SegmentedRaftLogWorker.java:566)
	at org.apache.ratis.server.raftlog.segmented.SegmentedRaftLogWorker.run(SegmentedRaftLogWorker.java:289)
	at java.lang.Thread.run(Thread.java:748)
2019-09-12 10:31:45,535 [bcda0514-d42e-47ca-96fd-c0a633e872a8-SegmentedRaftLogWorker:Storage Directory /workdir/hadoop-ozone/integration-test/target/test-dir/MiniOzoneClusterImpl-87a68f7a-76d1-4e01-bf62-4b4b582b7243/datanode-4/data/ratis/fad54004-dc11-47bb-83f2-4f0d5c34bd13] INFO  impl.RaftServerImpl (RaftServerImpl.java:lambda$shutdown$3(245)) - bcda0514-d42e-47ca-96fd-c0a633e872a8: shutdown group-4F0D5C34BD13
2019-09-12 10:31:45,535 [bcda0514-d42e-47ca-96fd-c0a633e872a8-SegmentedRaftLogWorker:Storage Directory /workdir/hadoop-ozone/integration-test/target/test-dir/MiniOzoneClusterImpl-87a68f7a-76d1-4e01-bf62-4b4b582b7243/datanode-4/data/ratis/fad54004-dc11-47bb-83f2-4f0d5c34bd13] INFO  util.JmxRegister (JmxRegister.java:unregister(73)) - Successfully un-registered JMX Bean with object name Ratis:service=RaftServer,group=group-4F0D5C34BD13,id=bcda0514-d42e-47ca-96fd-c0a633e872a8
2019-09-12 10:31:45,535 | INFO  | SCMAudit | user=jenkins1000 | ip=192.168.36.114 | op=SEND_HEARTBEAT {datanodeUUID=334c5273-7871-4d53-8b37-de05e5a3be10, command=[]} | ret=SUCCESS |  
2019-09-12 10:31:45,535 [bcda0514-d42e-47ca-96fd-c0a633e872a8-SegmentedRaftLogWorker:Storage Directory /workdir/hadoop-ozone/integration-test/target/test-dir/MiniOzoneClusterImpl-87a68f7a-76d1-4e01-bf62-4b4b582b7243/datanode-4/data/ratis/fad54004-dc11-47bb-83f2-4f0d5c34bd13] INFO  impl.RoleInfo (RoleInfo.java:shutdownLeaderState(104)) - bcda0514-d42e-47ca-96fd-c0a633e872a8: shutdown LeaderState
2019-09-12 10:31:45,535 [bcda0514-d42e-47ca-96fd-c0a633e872a8-SegmentedRaftLogWorker:Storage Directory /workdir/hadoop-ozone/integration-test/target/test-dir/MiniOzoneClusterImpl-87a68f7a-76d1-4e01-bf62-4b4b582b7243/datanode-4/data/ratis/fad54004-dc11-47bb-83f2-4f0d5c34bd13] INFO  impl.PendingRequests (PendingRequests.java:sendNotLeaderResponses(202)) - bcda0514-d42e-47ca-96fd-c0a633e872a8-PendingRequests: sendNotLeaderResponses
2019-09-12 10:31:45,536 [bcda0514-d42e-47ca-96fd-c0a633e872a8-SegmentedRaftLogWorker:Storage Directory /workdir/hadoop-ozone/integration-test/target/test-dir/MiniOzoneClusterImpl-87a68f7a-76d1-4e01-bf62-4b4b582b7243/datanode-4/data/ratis/fad54004-dc11-47bb-83f2-4f0d5c34bd13] INFO  impl.StateMachineUpdater (StateMachineUpdater.java:stopAndJoin(115)) - StateMachineUpdater:bcda0514-d42e-47ca-96fd-c0a633e872a8:group-4F0D5C34BD13: set stopIndex = -1
2019-09-12 10:31:45,536 [bcda0514-d42e-47ca-96fd-c0a633e872a8-SegmentedRaftLogWorker:Storage Directory /workdir/hadoop-ozone/integration-test/target/test-dir/MiniOzoneClusterImpl-87a68f7a-76d1-4e01-bf62-4b4b582b7243/datanode-4/data/ratis/fad54004-dc11-47bb-83f2-4f0d5c34bd13] INFO  impl.RaftServerImpl (ServerState.java:close(394)) - bcda0514-d42e-47ca-96fd-c0a633e872a8:group-4F0D5C34BD13 closes. The last applied log index is -1
2019-09-12 10:31:45,536 [bcda0514-d42e-47ca-96fd-c0a633e872a8-SegmentedRaftLogWorker:Storage Directory /workdir/hadoop-ozone/integration-test/target/test-dir/MiniOzoneClusterImpl-87a68f7a-76d1-4e01-bf62-4b4b582b7243/datanode-4/data/ratis/fad54004-dc11-47bb-83f2-4f0d5c34bd13] INFO  segmented.SegmentedRaftLogWorker (SegmentedRaftLogWorker.java:close(228)) - bcda0514-d42e-47ca-96fd-c0a633e872a8-SegmentedRaftLogWorker:Storage Directory /workdir/hadoop-ozone/integration-test/target/test-dir/MiniOzoneClusterImpl-87a68f7a-76d1-4e01-bf62-4b4b582b7243/datanode-4/data/ratis/fad54004-dc11-47bb-83f2-4f0d5c34bd13 close()
2019-09-12 10:31:45,554 [grpc-default-executor-0] INFO  impl.RaftServerProxy (RaftServerProxy.java:addNew(89)) - 334c5273-7871-4d53-8b37-de05e5a3be10: addNew group-ECEBA98C9439:[334c5273-7871-4d53-8b37-de05e5a3be10:192.168.36.114:43431] returns group-ECEBA98C9439:java.util.concurrent.CompletableFuture@1c78bbcf[Not completed]
2019-09-12 10:31:45,555 [pool-251-thread-1] INFO  impl.RaftServerImpl (RaftServerImpl.java:<init>(93)) - 334c5273-7871-4d53-8b37-de05e5a3be10: new RaftServerImpl for group-ECEBA98C9439:[334c5273-7871-4d53-8b37-de05e5a3be10:192.168.36.114:43431] with ContainerStateMachine:uninitialized
2019-09-12 10:31:45,555 [pool-251-thread-1] INFO  server.RaftServerConfigKeys (ConfUtils.java:logGet(43)) - raft.server.rpc.timeout.min = 5s (custom)
2019-09-12 10:31:45,555 [pool-251-thread-1] INFO  server.RaftServerConfigKeys (ConfUtils.java:logGet(43)) - raft.server.rpc.timeout.max = 5200ms (custom)
2019-09-12 10:31:45,555 [pool-251-thread-1] INFO  server.RaftServerConfigKeys (ConfUtils.java:logGet(43)) - raft.server.rpcslowness.timeout = 120s (custom)
2019-09-12 10:31:45,555 [pool-251-thread-1] INFO  server.RaftServerConfigKeys (ConfUtils.java:logGet(43)) - raft.server.sleep.deviation.threshold = 300 (default)
2019-09-12 10:31:45,555 [pool-251-thread-1] INFO  server.RaftServerConfigKeys (ConfUtils.java:logGet(43)) - raft.server.log.appender.install.snapshot.enabled = false (custom)
2019-09-12 10:31:45,556 [pool-251-thread-1] INFO  impl.RaftServerImpl (ServerState.java:<init>(105)) - 334c5273-7871-4d53-8b37-de05e5a3be10:group-ECEBA98C9439 ConfigurationManager, init=-1: [334c5273-7871-4d53-8b37-de05e5a3be10:192.168.36.114:43431], old=null, confs=<EMPTY_MAP>
2019-09-12 10:31:45,556 [pool-251-thread-1] INFO  server.RaftServerConfigKeys (ConfUtils.java:logGet(43)) - raft.server.storage.dir = [/workdir/hadoop-ozone/integration-test/target/test-dir/MiniOzoneClusterImpl-d867a4e1-154a-4113-b5e4-c09c14df2894/datanode-3/data/ratis] (custom)
2019-09-12 10:31:45,556 [pool-251-thread-1] INFO  storage.RaftStorageDirectory (RaftStorageDirectory.java:analyzeStorage(246)) - The storage directory /workdir/hadoop-ozone/integration-test/target/test-dir/MiniOzoneClusterImpl-d867a4e1-154a-4113-b5e4-c09c14df2894/datanode-3/data/ratis/b95728a9-152b-4593-8231-eceba98c9439 does not exist. Creating ...
2019-09-12 10:31:45,559 [b6dd7c38-f675-445e-811b-15cf17d56c0a-SegmentedRaftLogWorker:Storage Directory /workdir/hadoop-ozone/integration-test/target/test-dir/MiniOzoneClusterImpl-87a68f7a-76d1-4e01-bf62-4b4b582b7243/datanode-5/data/ratis/51be9114-9a63-4dec-b9e6-c06aea56c492] ERROR segmented.SegmentedRaftLogWorker (SegmentedRaftLogWorker.java:run(323)) - b6dd7c38-f675-445e-811b-15cf17d56c0a-SegmentedRaftLogWorker:Storage Directory /workdir/hadoop-ozone/integration-test/target/test-dir/MiniOzoneClusterImpl-87a68f7a-76d1-4e01-bf62-4b4b582b7243/datanode-5/data/ratis/51be9114-9a63-4dec-b9e6-c06aea56c492 hit exception
java.lang.OutOfMemoryError: Direct buffer memory
	at java.nio.Bits.reserveMemory(Bits.java:666)
	at java.nio.DirectByteBuffer.<init>(DirectByteBuffer.java:123)
	at java.nio.ByteBuffer.allocateDirect(ByteBuffer.java:311)
	at org.apache.ratis.server.raftlog.segmented.BufferedWriteChannel.<init>(BufferedWriteChannel.java:41)
	at org.apache.ratis.server.raftlog.segmented.SegmentedRaftLogOutputStream.<init>(SegmentedRaftLogOutputStream.java:72)
	at org.apache.ratis.server.raftlog.segmented.SegmentedRaftLogWorker$StartLogSegment.execute(SegmentedRaftLogWorker.java:566)
	at org.apache.ratis.server.raftlog.segmented.SegmentedRaftLogWorker.run(SegmentedRaftLogWorker.java:289)
	at java.lang.Thread.run(Thread.java:748)
2019-09-12 10:31:45,559 [9616c881-dbb1-48da-90dd-a872ed779a2e-SegmentedRaftLogWorker:Storage Directory /workdir/hadoop-ozone/integration-test/target/test-dir/MiniOzoneClusterImpl-87a68f7a-76d1-4e01-bf62-4b4b582b7243/datanode-6/data/ratis/91cc0f5d-e6e6-429d-a855-d02cdfb3a3ad] ERROR segmented.SegmentedRaftLogWorker (SegmentedRaftLogWorker.java:run(323)) - 9616c881-dbb1-48da-90dd-a872ed779a2e-SegmentedRaftLogWorker:Storage Directory /workdir/hadoop-ozone/integration-test/target/test-dir/MiniOzoneClusterImpl-87a68f7a-76d1-4e01-bf62-4b4b582b7243/datanode-6/data/ratis/91cc0f5d-e6e6-429d-a855-d02cdfb3a3ad hit exception
java.lang.OutOfMemoryError: Direct buffer memory
	at java.nio.Bits.reserveMemory(Bits.java:666)
	at java.nio.DirectByteBuffer.<init>(DirectByteBuffer.java:123)
	at java.nio.ByteBuffer.allocateDirect(ByteBuffer.java:311)
	at org.apache.ratis.server.raftlog.segmented.BufferedWriteChannel.<init>(BufferedWriteChannel.java:41)
	at org.apache.ratis.server.raftlog.segmented.SegmentedRaftLogOutputStream.<init>(SegmentedRaftLogOutputStream.java:72)
	at org.apache.ratis.server.raftlog.segmented.SegmentedRaftLogWorker$StartLogSegment.execute(SegmentedRaftLogWorker.java:566)
	at org.apache.ratis.server.raftlog.segmented.SegmentedRaftLogWorker.run(SegmentedRaftLogWorker.java:289)
	at java.lang.Thread.run(Thread.java:748)
2019-09-12 10:31:45,560 [b6dd7c38-f675-445e-811b-15cf17d56c0a-SegmentedRaftLogWorker:Storage Directory /workdir/hadoop-ozone/integration-test/target/test-dir/MiniOzoneClusterImpl-87a68f7a-76d1-4e01-bf62-4b4b582b7243/datanode-5/data/ratis/51be9114-9a63-4dec-b9e6-c06aea56c492] INFO  impl.RaftServerImpl (RaftServerImpl.java:lambda$shutdown$3(245)) - b6dd7c38-f675-445e-811b-15cf17d56c0a: shutdown group-C06AEA56C492
2019-09-12 10:31:45,560 [9616c881-dbb1-48da-90dd-a872ed779a2e-SegmentedRaftLogWorker:Storage Directory /workdir/hadoop-ozone/integration-test/target/test-dir/MiniOzoneClusterImpl-87a68f7a-76d1-4e01-bf62-4b4b582b7243/datanode-6/data/ratis/91cc0f5d-e6e6-429d-a855-d02cdfb3a3ad] INFO  impl.RaftServerImpl (RaftServerImpl.java:lambda$shutdown$3(245)) - 9616c881-dbb1-48da-90dd-a872ed779a2e: shutdown group-D02CDFB3A3AD
2019-09-12 10:31:45,560 [b6dd7c38-f675-445e-811b-15cf17d56c0a-SegmentedRaftLogWorker:Storage Directory /workdir/hadoop-ozone/integration-test/target/test-dir/MiniOzoneClusterImpl-87a68f7a-76d1-4e01-bf62-4b4b582b7243/datanode-5/data/ratis/51be9114-9a63-4dec-b9e6-c06aea56c492] INFO  util.JmxRegister (JmxRegister.java:unregister(73)) - Successfully un-registered JMX Bean with object name Ratis:service=RaftServer,group=group-C06AEA56C492,id=b6dd7c38-f675-445e-811b-15cf17d56c0a
2019-09-12 10:31:45,560 [9616c881-dbb1-48da-90dd-a872ed779a2e-SegmentedRaftLogWorker:Storage Directory /workdir/hadoop-ozone/integration-test/target/test-dir/MiniOzoneClusterImpl-87a68f7a-76d1-4e01-bf62-4b4b582b7243/datanode-6/data/ratis/91cc0f5d-e6e6-429d-a855-d02cdfb3a3ad] INFO  util.JmxRegister (JmxRegister.java:unregister(73)) - Successfully un-registered JMX Bean with object name Ratis:service=RaftServer,group=group-D02CDFB3A3AD,id=9616c881-dbb1-48da-90dd-a872ed779a2e
2019-09-12 10:31:45,560 [b6dd7c38-f675-445e-811b-15cf17d56c0a-SegmentedRaftLogWorker:Storage Directory /workdir/hadoop-ozone/integration-test/target/test-dir/MiniOzoneClusterImpl-87a68f7a-76d1-4e01-bf62-4b4b582b7243/datanode-5/data/ratis/51be9114-9a63-4dec-b9e6-c06aea56c492] INFO  impl.RoleInfo (RoleInfo.java:shutdownLeaderState(104)) - b6dd7c38-f675-445e-811b-15cf17d56c0a: shutdown LeaderState
2019-09-12 10:31:45,561 [9616c881-dbb1-48da-90dd-a872ed779a2e-SegmentedRaftLogWorker:Storage Directory /workdir/hadoop-ozone/integration-test/target/test-dir/MiniOzoneClusterImpl-87a68f7a-76d1-4e01-bf62-4b4b582b7243/datanode-6/data/ratis/91cc0f5d-e6e6-429d-a855-d02cdfb3a3ad] INFO  impl.RoleInfo (RoleInfo.java:shutdownLeaderState(104)) - 9616c881-dbb1-48da-90dd-a872ed779a2e: shutdown LeaderState
2019-09-12 10:31:45,561 [b6dd7c38-f675-445e-811b-15cf17d56c0a-SegmentedRaftLogWorker:Storage Directory /workdir/hadoop-ozone/integration-test/target/test-dir/MiniOzoneClusterImpl-87a68f7a-76d1-4e01-bf62-4b4b582b7243/datanode-5/data/ratis/51be9114-9a63-4dec-b9e6-c06aea56c492] INFO  impl.PendingRequests (PendingRequests.java:sendNotLeaderResponses(202)) - b6dd7c38-f675-445e-811b-15cf17d56c0a-PendingRequests: sendNotLeaderResponses
2019-09-12 10:31:45,561 [9616c881-dbb1-48da-90dd-a872ed779a2e-SegmentedRaftLogWorker:Storage Directory /workdir/hadoop-ozone/integration-test/target/test-dir/MiniOzoneClusterImpl-87a68f7a-76d1-4e01-bf62-4b4b582b7243/datanode-6/data/ratis/91cc0f5d-e6e6-429d-a855-d02cdfb3a3ad] INFO  impl.PendingRequests (PendingRequests.java:sendNotLeaderResponses(202)) - 9616c881-dbb1-48da-90dd-a872ed779a2e-PendingRequests: sendNotLeaderResponses
2019-09-12 10:31:45,561 [b6dd7c38-f675-445e-811b-15cf17d56c0a-SegmentedRaftLogWorker:Storage Directory /workdir/hadoop-ozone/integration-test/target/test-dir/MiniOzoneClusterImpl-87a68f7a-76d1-4e01-bf62-4b4b582b7243/datanode-5/data/ratis/51be9114-9a63-4dec-b9e6-c06aea56c492] INFO  impl.StateMachineUpdater (StateMachineUpdater.java:stopAndJoin(115)) - StateMachineUpdater:b6dd7c38-f675-445e-811b-15cf17d56c0a:group-C06AEA56C492: set stopIndex = -1
2019-09-12 10:31:45,561 [9616c881-dbb1-48da-90dd-a872ed779a2e-SegmentedRaftLogWorker:Storage Directory /workdir/hadoop-ozone/integration-test/target/test-dir/MiniOzoneClusterImpl-87a68f7a-76d1-4e01-bf62-4b4b582b7243/datanode-6/data/ratis/91cc0f5d-e6e6-429d-a855-d02cdfb3a3ad] INFO  impl.StateMachineUpdater (StateMachineUpdater.java:stopAndJoin(115)) - StateMachineUpdater:9616c881-dbb1-48da-90dd-a872ed779a2e:group-D02CDFB3A3AD: set stopIndex = -1
2019-09-12 10:31:45,561 [b6dd7c38-f675-445e-811b-15cf17d56c0a-SegmentedRaftLogWorker:Storage Directory /workdir/hadoop-ozone/integration-test/target/test-dir/MiniOzoneClusterImpl-87a68f7a-76d1-4e01-bf62-4b4b582b7243/datanode-5/data/ratis/51be9114-9a63-4dec-b9e6-c06aea56c492] INFO  impl.RaftServerImpl (ServerState.java:close(394)) - b6dd7c38-f675-445e-811b-15cf17d56c0a:group-C06AEA56C492 closes. The last applied log index is -1
2019-09-12 10:31:45,561 [9616c881-dbb1-48da-90dd-a872ed779a2e-SegmentedRaftLogWorker:Storage Directory /workdir/hadoop-ozone/integration-test/target/test-dir/MiniOzoneClusterImpl-87a68f7a-76d1-4e01-bf62-4b4b582b7243/datanode-6/data/ratis/91cc0f5d-e6e6-429d-a855-d02cdfb3a3ad] INFO  impl.RaftServerImpl (ServerState.java:close(394)) - 9616c881-dbb1-48da-90dd-a872ed779a2e:group-D02CDFB3A3AD closes. The last applied log index is -1
2019-09-12 10:31:45,562 [b6dd7c38-f675-445e-811b-15cf17d56c0a-SegmentedRaftLogWorker:Storage Directory /workdir/hadoop-ozone/integration-test/target/test-dir/MiniOzoneClusterImpl-87a68f7a-76d1-4e01-bf62-4b4b582b7243/datanode-5/data/ratis/51be9114-9a63-4dec-b9e6-c06aea56c492] INFO  segmented.SegmentedRaftLogWorker (SegmentedRaftLogWorker.java:close(228)) - b6dd7c38-f675-445e-811b-15cf17d56c0a-SegmentedRaftLogWorker:Storage Directory /workdir/hadoop-ozone/integration-test/target/test-dir/MiniOzoneClusterImpl-87a68f7a-76d1-4e01-bf62-4b4b582b7243/datanode-5/data/ratis/51be9114-9a63-4dec-b9e6-c06aea56c492 close()
2019-09-12 10:31:45,562 [9616c881-dbb1-48da-90dd-a872ed779a2e-SegmentedRaftLogWorker:Storage Directory /workdir/hadoop-ozone/integration-test/target/test-dir/MiniOzoneClusterImpl-87a68f7a-76d1-4e01-bf62-4b4b582b7243/datanode-6/data/ratis/91cc0f5d-e6e6-429d-a855-d02cdfb3a3ad] INFO  segmented.SegmentedRaftLogWorker (SegmentedRaftLogWorker.java:close(228)) - 9616c881-dbb1-48da-90dd-a872ed779a2e-SegmentedRaftLogWorker:Storage Directory /workdir/hadoop-ozone/integration-test/target/test-dir/MiniOzoneClusterImpl-87a68f7a-76d1-4e01-bf62-4b4b582b7243/datanode-6/data/ratis/91cc0f5d-e6e6-429d-a855-d02cdfb3a3ad close()
2019-09-12 10:31:45,574 [pool-251-thread-1] INFO  storage.RaftStorageDirectory (RaftStorageDirectory.java:tryLock(328)) - Lock on /workdir/hadoop-ozone/integration-test/target/test-dir/MiniOzoneClusterImpl-d867a4e1-154a-4113-b5e4-c09c14df2894/datanode-3/data/ratis/b95728a9-152b-4593-8231-eceba98c9439/in_use.lock acquired by nodename 1396@pr-hdds-1569-58hkm-1881083799
2019-09-12 10:31:45,596 [pool-251-thread-1] INFO  storage.RaftStorage (RaftStorage.java:format(72)) - Storage directory /workdir/hadoop-ozone/integration-test/target/test-dir/MiniOzoneClusterImpl-d867a4e1-154a-4113-b5e4-c09c14df2894/datanode-3/data/ratis/b95728a9-152b-4593-8231-eceba98c9439 has been successfully formatted.
2019-09-12 10:31:45,596 [pool-251-thread-1] INFO  ratis.ContainerStateMachine (ContainerStateMachine.java:loadSnapshot(226)) - group-ECEBA98C9439: The snapshot info is null. Setting the last applied indexto:(t:0, i:~)
2019-09-12 10:31:45,596 [pool-251-thread-1] INFO  server.RaftServerConfigKeys (ConfUtils.java:logGet(43)) - raft.server.leader.election.timeout = 120s (custom)
2019-09-12 10:31:45,596 [pool-251-thread-1] INFO  server.RaftServerConfigKeys (ConfUtils.java:logGet(43)) - raft.server.log.use.memory = false (default)
2019-09-12 10:31:45,596 [pool-251-thread-1] INFO  server.RaftServerConfigKeys (ConfUtils.java:logGet(43)) - raft.server.log.purge.gap = 1000000 (custom)
2019-09-12 10:31:45,597 [pool-251-thread-1] INFO  server.RaftServerConfigKeys (ConfUtils.java:logGet(43)) - raft.server.log.appender.buffer.byte-limit = 33554432 (custom)
2019-09-12 10:31:45,597 [pool-251-thread-1] INFO  server.RaftServerConfigKeys (ConfUtils.java:logGet(43)) - raft.server.log.segment.size.max = 1048576 (custom)
2019-09-12 10:31:45,597 [pool-251-thread-1] INFO  server.RaftServerConfigKeys (ConfUtils.java:logGet(43)) - raft.server.log.segment.cache.num.max = 2 (custom)
2019-09-12 10:31:45,597 [pool-251-thread-1] INFO  segmented.SegmentedRaftLogWorker (SegmentedRaftLogWorker.java:<init>(172)) - new 334c5273-7871-4d53-8b37-de05e5a3be10-SegmentedRaftLogWorker:Storage Directory /workdir/hadoop-ozone/integration-test/target/test-dir/MiniOzoneClusterImpl-d867a4e1-154a-4113-b5e4-c09c14df2894/datanode-3/data/ratis/b95728a9-152b-4593-8231-eceba98c9439 for RaftStorage:Storage Directory /workdir/hadoop-ozone/integration-test/target/test-dir/MiniOzoneClusterImpl-d867a4e1-154a-4113-b5e4-c09c14df2894/datanode-3/data/ratis/b95728a9-152b-4593-8231-eceba98c9439
2019-09-12 10:31:45,597 [pool-251-thread-1] INFO  server.RaftServerConfigKeys (ConfUtils.java:logGet(43)) - raft.server.log.queue.byte-limit = 2147483647 (custom)
2019-09-12 10:31:45,597 [pool-251-thread-1] INFO  server.RaftServerConfigKeys (ConfUtils.java:logGet(43)) - raft.server.log.queue.element-limit = 1024 (custom)
2019-09-12 10:31:45,598 [pool-251-thread-1] INFO  server.RaftServerConfigKeys (ConfUtils.java:logGet(43)) - raft.server.log.segment.size.max = 1048576 (custom)
2019-09-12 10:31:45,598 [pool-251-thread-1] INFO  server.RaftServerConfigKeys (ConfUtils.java:logGet(43)) - raft.server.log.preallocated.size = 16384 (custom)
2019-09-12 10:31:45,598 [pool-251-thread-1] INFO  server.RaftServerConfigKeys (ConfUtils.java:logGet(43)) - raft.server.log.write.buffer.size = 33554432 (custom)
2019-09-12 10:31:45,598 [pool-251-thread-1] INFO  server.RaftServerConfigKeys (ConfUtils.java:logGet(43)) - raft.server.log.force.sync.num = 128 (default)
2019-09-12 10:31:45,598 [pool-251-thread-1] INFO  server.RaftServerConfigKeys (ConfUtils.java:logGet(43)) - raft.server.log.statemachine.data.sync = true (default)
2019-09-12 10:31:45,598 [pool-251-thread-1] INFO  server.RaftServerConfigKeys (ConfUtils.java:logGet(43)) - raft.server.log.statemachine.data.sync.timeout = 10s (default)
2019-09-12 10:31:45,598 [pool-251-thread-1] INFO  server.RaftServerConfigKeys (ConfUtils.java:logGet(43)) - raft.server.log.statemachine.data.sync.timeout.retry = -1 (default)
2019-09-12 10:31:45,599 [pool-251-thread-1] INFO  server.RaftServerConfigKeys (ConfUtils.java:logGet(43)) - raft.server.log.statemachine.data.caching.enabled = true (custom)
2019-09-12 10:31:45,599 [pool-251-thread-1] INFO  segmented.SegmentedRaftLogWorker (SegmentedRaftLogWorker.java:lambda$new$0(132)) - 334c5273-7871-4d53-8b37-de05e5a3be10-SegmentedRaftLogWorker:Storage Directory /workdir/hadoop-ozone/integration-test/target/test-dir/MiniOzoneClusterImpl-d867a4e1-154a-4113-b5e4-c09c14df2894/datanode-3/data/ratis/b95728a9-152b-4593-8231-eceba98c9439: flushIndex: setUnconditionally 0 -> -1
2019-09-12 10:31:45,599 [pool-251-thread-1] INFO  server.RaftServerConfigKeys (ConfUtils.java:logGet(43)) - raft.server.snapshot.auto.trigger.enabled = true (custom)
2019-09-12 10:31:45,600 [pool-251-thread-1] INFO  server.RaftServerConfigKeys (ConfUtils.java:logGet(43)) - raft.server.snapshot.auto.trigger.threshold = 10000 (custom)
2019-09-12 10:31:45,600 [pool-251-thread-1] INFO  server.RaftServerConfigKeys (ConfUtils.java:logGet(43)) - raft.server.retrycache.expirytime = 600000ms (custom)
2019-09-12 10:31:45,600 [pool-251-thread-1] INFO  impl.RaftServerImpl (RaftServerImpl.java:start(180)) - 334c5273-7871-4d53-8b37-de05e5a3be10: start group-ECEBA98C9439
2019-09-12 10:31:45,600 [pool-251-thread-1] INFO  impl.RaftServerImpl (RaftServerImpl.java:setRole(171)) - 334c5273-7871-4d53-8b37-de05e5a3be10:group-ECEBA98C9439 changes role from null to FOLLOWER at term 0 for startAsFollower
2019-09-12 10:31:45,600 [pool-251-thread-1] INFO  impl.RoleInfo (RoleInfo.java:updateAndGet(143)) - 334c5273-7871-4d53-8b37-de05e5a3be10: start FollowerState
2019-09-12 10:31:45,601 [pool-251-thread-1] INFO  util.JmxRegister (JmxRegister.java:tryRegister(44)) - Successfully registered JMX Bean with object name Ratis:service=RaftServer,group=group-ECEBA98C9439,id=334c5273-7871-4d53-8b37-de05e5a3be10
2019-09-12 10:31:45,604 [RatisPipelineUtilsThread] INFO  pipeline.PipelineStateManager (PipelineStateManager.java:addPipeline(56)) - Created pipeline Pipeline[ Id: b95728a9-152b-4593-8231-eceba98c9439, Nodes: 334c5273-7871-4d53-8b37-de05e5a3be10{ip: 192.168.36.114, host: pr-hdds-1569-58hkm-1881083799, networkLocation: /default-rack, certSerialId: null}, Type:RATIS, Factor:ONE, State:OPEN]
2019-09-12 10:31:45,604 [RatisPipelineUtilsThread] ERROR pipeline.PipelinePlacementPolicy (PipelinePlacementPolicy.java:meetCriteria(92)) - Pipeline Placement: Doesn't meet the criteria to be viable node. Heaviness: 6
2019-09-12 10:31:45,604 [RatisPipelineUtilsThread] ERROR pipeline.PipelinePlacementPolicy (PipelinePlacementPolicy.java:meetCriteria(92)) - Pipeline Placement: Doesn't meet the criteria to be viable node. Heaviness: 6
2019-09-12 10:31:45,605 [RatisPipelineUtilsThread] ERROR pipeline.PipelinePlacementPolicy (PipelinePlacementPolicy.java:meetCriteria(92)) - Pipeline Placement: Doesn't meet the criteria to be viable node. Heaviness: 6
2019-09-12 10:31:45,611 [grpc-default-executor-0] INFO  impl.RaftServerProxy (RaftServerProxy.java:addNew(89)) - 334c5273-7871-4d53-8b37-de05e5a3be10: addNew group-EDE8C272DE80:[334c5273-7871-4d53-8b37-de05e5a3be10:192.168.36.114:43431] returns group-EDE8C272DE80:java.util.concurrent.CompletableFuture@7dfaedb6[Not completed]
2019-09-12 10:31:45,612 [pool-251-thread-1] INFO  impl.RaftServerImpl (RaftServerImpl.java:<init>(93)) - 334c5273-7871-4d53-8b37-de05e5a3be10: new RaftServerImpl for group-EDE8C272DE80:[334c5273-7871-4d53-8b37-de05e5a3be10:192.168.36.114:43431] with ContainerStateMachine:uninitialized
2019-09-12 10:31:45,612 [pool-251-thread-1] INFO  server.RaftServerConfigKeys (ConfUtils.java:logGet(43)) - raft.server.rpc.timeout.min = 5s (custom)
2019-09-12 10:31:45,612 [pool-251-thread-1] INFO  server.RaftServerConfigKeys (ConfUtils.java:logGet(43)) - raft.server.rpc.timeout.max = 5200ms (custom)
2019-09-12 10:31:45,612 [pool-251-thread-1] INFO  server.RaftServerConfigKeys (ConfUtils.java:logGet(43)) - raft.server.rpcslowness.timeout = 120s (custom)
2019-09-12 10:31:45,612 [pool-251-thread-1] INFO  server.RaftServerConfigKeys (ConfUtils.java:logGet(43)) - raft.server.sleep.deviation.threshold = 300 (default)
2019-09-12 10:31:45,613 [pool-251-thread-1] INFO  server.RaftServerConfigKeys (ConfUtils.java:logGet(43)) - raft.server.log.appender.install.snapshot.enabled = false (custom)
2019-09-12 10:31:45,613 [pool-251-thread-1] INFO  impl.RaftServerImpl (ServerState.java:<init>(105)) - 334c5273-7871-4d53-8b37-de05e5a3be10:group-EDE8C272DE80 ConfigurationManager, init=-1: [334c5273-7871-4d53-8b37-de05e5a3be10:192.168.36.114:43431], old=null, confs=<EMPTY_MAP>
2019-09-12 10:31:45,613 [pool-251-thread-1] INFO  server.RaftServerConfigKeys (ConfUtils.java:logGet(43)) - raft.server.storage.dir = [/workdir/hadoop-ozone/integration-test/target/test-dir/MiniOzoneClusterImpl-d867a4e1-154a-4113-b5e4-c09c14df2894/datanode-3/data/ratis] (custom)
2019-09-12 10:31:45,613 [pool-251-thread-1] INFO  storage.RaftStorageDirectory (RaftStorageDirectory.java:analyzeStorage(246)) - The storage directory /workdir/hadoop-ozone/integration-test/target/test-dir/MiniOzoneClusterImpl-d867a4e1-154a-4113-b5e4-c09c14df2894/datanode-3/data/ratis/cc01a166-0d67-4160-9867-ede8c272de80 does not exist. Creating ...
2019-09-12 10:31:45,631 [b6dd7c38-f675-445e-811b-15cf17d56c0a-SegmentedRaftLogWorker:Storage Directory /workdir/hadoop-ozone/integration-test/target/test-dir/MiniOzoneClusterImpl-87a68f7a-76d1-4e01-bf62-4b4b582b7243/datanode-5/data/ratis/10378bea-0bfc-413c-832c-9a99e533ac44] ERROR segmented.SegmentedRaftLogWorker (SegmentedRaftLogWorker.java:run(323)) - b6dd7c38-f675-445e-811b-15cf17d56c0a-SegmentedRaftLogWorker:Storage Directory /workdir/hadoop-ozone/integration-test/target/test-dir/MiniOzoneClusterImpl-87a68f7a-76d1-4e01-bf62-4b4b582b7243/datanode-5/data/ratis/10378bea-0bfc-413c-832c-9a99e533ac44 hit exception
java.lang.OutOfMemoryError: Direct buffer memory
	at java.nio.Bits.reserveMemory(Bits.java:666)
	at java.nio.DirectByteBuffer.<init>(DirectByteBuffer.java:123)
	at java.nio.ByteBuffer.allocateDirect(ByteBuffer.java:311)
	at org.apache.ratis.server.raftlog.segmented.BufferedWriteChannel.<init>(BufferedWriteChannel.java:41)
	at org.apache.ratis.server.raftlog.segmented.SegmentedRaftLogOutputStream.<init>(SegmentedRaftLogOutputStream.java:72)
	at org.apache.ratis.server.raftlog.segmented.SegmentedRaftLogWorker$StartLogSegment.execute(SegmentedRaftLogWorker.java:566)
	at org.apache.ratis.server.raftlog.segmented.SegmentedRaftLogWorker.run(SegmentedRaftLogWorker.java:289)
	at java.lang.Thread.run(Thread.java:748)
2019-09-12 10:31:45,631 [b6dd7c38-f675-445e-811b-15cf17d56c0a-SegmentedRaftLogWorker:Storage Directory /workdir/hadoop-ozone/integration-test/target/test-dir/MiniOzoneClusterImpl-87a68f7a-76d1-4e01-bf62-4b4b582b7243/datanode-5/data/ratis/10378bea-0bfc-413c-832c-9a99e533ac44] INFO  impl.RaftServerImpl (RaftServerImpl.java:lambda$shutdown$3(245)) - b6dd7c38-f675-445e-811b-15cf17d56c0a: shutdown group-9A99E533AC44
2019-09-12 10:31:45,631 [b6dd7c38-f675-445e-811b-15cf17d56c0a-SegmentedRaftLogWorker:Storage Directory /workdir/hadoop-ozone/integration-test/target/test-dir/MiniOzoneClusterImpl-87a68f7a-76d1-4e01-bf62-4b4b582b7243/datanode-5/data/ratis/10378bea-0bfc-413c-832c-9a99e533ac44] INFO  util.JmxRegister (JmxRegister.java:unregister(73)) - Successfully un-registered JMX Bean with object name Ratis:service=RaftServer,group=group-9A99E533AC44,id=b6dd7c38-f675-445e-811b-15cf17d56c0a
2019-09-12 10:31:45,631 [b6dd7c38-f675-445e-811b-15cf17d56c0a-SegmentedRaftLogWorker:Storage Directory /workdir/hadoop-ozone/integration-test/target/test-dir/MiniOzoneClusterImpl-87a68f7a-76d1-4e01-bf62-4b4b582b7243/datanode-5/data/ratis/10378bea-0bfc-413c-832c-9a99e533ac44] INFO  impl.RoleInfo (RoleInfo.java:shutdownLeaderState(104)) - b6dd7c38-f675-445e-811b-15cf17d56c0a: shutdown LeaderState
2019-09-12 10:31:45,632 [b6dd7c38-f675-445e-811b-15cf17d56c0a-SegmentedRaftLogWorker:Storage Directory /workdir/hadoop-ozone/integration-test/target/test-dir/MiniOzoneClusterImpl-87a68f7a-76d1-4e01-bf62-4b4b582b7243/datanode-5/data/ratis/10378bea-0bfc-413c-832c-9a99e533ac44] INFO  impl.PendingRequests (PendingRequests.java:sendNotLeaderResponses(202)) - b6dd7c38-f675-445e-811b-15cf17d56c0a-PendingRequests: sendNotLeaderResponses
2019-09-12 10:31:45,632 [b6dd7c38-f675-445e-811b-15cf17d56c0a-SegmentedRaftLogWorker:Storage Directory /workdir/hadoop-ozone/integration-test/target/test-dir/MiniOzoneClusterImpl-87a68f7a-76d1-4e01-bf62-4b4b582b7243/datanode-5/data/ratis/10378bea-0bfc-413c-832c-9a99e533ac44] INFO  impl.StateMachineUpdater (StateMachineUpdater.java:stopAndJoin(115)) - StateMachineUpdater:b6dd7c38-f675-445e-811b-15cf17d56c0a:group-9A99E533AC44: set stopIndex = -1
2019-09-12 10:31:45,632 [b6dd7c38-f675-445e-811b-15cf17d56c0a-SegmentedRaftLogWorker:Storage Directory /workdir/hadoop-ozone/integration-test/target/test-dir/MiniOzoneClusterImpl-87a68f7a-76d1-4e01-bf62-4b4b582b7243/datanode-5/data/ratis/10378bea-0bfc-413c-832c-9a99e533ac44] INFO  impl.RaftServerImpl (ServerState.java:close(394)) - b6dd7c38-f675-445e-811b-15cf17d56c0a:group-9A99E533AC44 closes. The last applied log index is -1
2019-09-12 10:31:45,632 [b6dd7c38-f675-445e-811b-15cf17d56c0a-SegmentedRaftLogWorker:Storage Directory /workdir/hadoop-ozone/integration-test/target/test-dir/MiniOzoneClusterImpl-87a68f7a-76d1-4e01-bf62-4b4b582b7243/datanode-5/data/ratis/10378bea-0bfc-413c-832c-9a99e533ac44] INFO  segmented.SegmentedRaftLogWorker (SegmentedRaftLogWorker.java:close(228)) - b6dd7c38-f675-445e-811b-15cf17d56c0a-SegmentedRaftLogWorker:Storage Directory /workdir/hadoop-ozone/integration-test/target/test-dir/MiniOzoneClusterImpl-87a68f7a-76d1-4e01-bf62-4b4b582b7243/datanode-5/data/ratis/10378bea-0bfc-413c-832c-9a99e533ac44 close()
2019-09-12 10:31:45,644 [pool-251-thread-1] INFO  storage.RaftStorageDirectory (RaftStorageDirectory.java:tryLock(328)) - Lock on /workdir/hadoop-ozone/integration-test/target/test-dir/MiniOzoneClusterImpl-d867a4e1-154a-4113-b5e4-c09c14df2894/datanode-3/data/ratis/cc01a166-0d67-4160-9867-ede8c272de80/in_use.lock acquired by nodename 1396@pr-hdds-1569-58hkm-1881083799
2019-09-12 10:31:45,674 [pool-251-thread-1] INFO  storage.RaftStorage (RaftStorage.java:format(72)) - Storage directory /workdir/hadoop-ozone/integration-test/target/test-dir/MiniOzoneClusterImpl-d867a4e1-154a-4113-b5e4-c09c14df2894/datanode-3/data/ratis/cc01a166-0d67-4160-9867-ede8c272de80 has been successfully formatted.
2019-09-12 10:31:45,675 [pool-251-thread-1] INFO  ratis.ContainerStateMachine (ContainerStateMachine.java:loadSnapshot(226)) - group-EDE8C272DE80: The snapshot info is null. Setting the last applied indexto:(t:0, i:~)
2019-09-12 10:31:45,675 [pool-251-thread-1] INFO  server.RaftServerConfigKeys (ConfUtils.java:logGet(43)) - raft.server.leader.election.timeout = 120s (custom)
2019-09-12 10:31:45,675 [pool-251-thread-1] INFO  server.RaftServerConfigKeys (ConfUtils.java:logGet(43)) - raft.server.log.use.memory = false (default)
2019-09-12 10:31:45,675 [pool-251-thread-1] INFO  server.RaftServerConfigKeys (ConfUtils.java:logGet(43)) - raft.server.log.purge.gap = 1000000 (custom)
2019-09-12 10:31:45,675 [pool-251-thread-1] INFO  server.RaftServerConfigKeys (ConfUtils.java:logGet(43)) - raft.server.log.appender.buffer.byte-limit = 33554432 (custom)
2019-09-12 10:31:45,675 [pool-251-thread-1] INFO  server.RaftServerConfigKeys (ConfUtils.java:logGet(43)) - raft.server.log.segment.size.max = 1048576 (custom)
2019-09-12 10:31:45,675 [pool-251-thread-1] INFO  server.RaftServerConfigKeys (ConfUtils.java:logGet(43)) - raft.server.log.segment.cache.num.max = 2 (custom)
2019-09-12 10:31:45,676 [pool-251-thread-1] INFO  segmented.SegmentedRaftLogWorker (SegmentedRaftLogWorker.java:<init>(172)) - new 334c5273-7871-4d53-8b37-de05e5a3be10-SegmentedRaftLogWorker:Storage Directory /workdir/hadoop-ozone/integration-test/target/test-dir/MiniOzoneClusterImpl-d867a4e1-154a-4113-b5e4-c09c14df2894/datanode-3/data/ratis/cc01a166-0d67-4160-9867-ede8c272de80 for RaftStorage:Storage Directory /workdir/hadoop-ozone/integration-test/target/test-dir/MiniOzoneClusterImpl-d867a4e1-154a-4113-b5e4-c09c14df2894/datanode-3/data/ratis/cc01a166-0d67-4160-9867-ede8c272de80
2019-09-12 10:31:45,676 [pool-251-thread-1] INFO  server.RaftServerConfigKeys (ConfUtils.java:logGet(43)) - raft.server.log.queue.byte-limit = 2147483647 (custom)
2019-09-12 10:31:45,676 [pool-251-thread-1] INFO  server.RaftServerConfigKeys (ConfUtils.java:logGet(43)) - raft.server.log.queue.element-limit = 1024 (custom)
2019-09-12 10:31:45,676 [pool-251-thread-1] INFO  server.RaftServerConfigKeys (ConfUtils.java:logGet(43)) - raft.server.log.segment.size.max = 1048576 (custom)
2019-09-12 10:31:45,676 [pool-251-thread-1] INFO  server.RaftServerConfigKeys (ConfUtils.java:logGet(43)) - raft.server.log.preallocated.size = 16384 (custom)
2019-09-12 10:31:45,676 | INFO  | SCMAudit | user=jenkins1000 | ip=192.168.36.114 | op=SEND_HEARTBEAT {datanodeUUID=d40ec8ee-ac9e-41d6-86bd-e74a05605b85, command=[]} | ret=SUCCESS |  
2019-09-12 10:31:45,676 | INFO  | SCMAudit | user=jenkins1000 | ip=192.168.36.114 | op=SEND_HEARTBEAT {datanodeUUID=5dd0cd62-5770-41dd-9e5a-f3f3eedc40c1, command=[]} | ret=SUCCESS |  
2019-09-12 10:31:45,676 [pool-251-thread-1] INFO  server.RaftServerConfigKeys (ConfUtils.java:logGet(43)) - raft.server.log.write.buffer.size = 33554432 (custom)
2019-09-12 10:31:45,676 [pool-251-thread-1] INFO  server.RaftServerConfigKeys (ConfUtils.java:logGet(43)) - raft.server.log.force.sync.num = 128 (default)
2019-09-12 10:31:45,677 [pool-251-thread-1] INFO  server.RaftServerConfigKeys (ConfUtils.java:logGet(43)) - raft.server.log.statemachine.data.sync = true (default)
2019-09-12 10:31:45,677 | INFO  | SCMAudit | user=jenkins1000 | ip=192.168.36.114 | op=SEND_HEARTBEAT {datanodeUUID=bcda0514-d42e-47ca-96fd-c0a633e872a8, command=[]} | ret=SUCCESS |  
2019-09-12 10:31:45,677 [pool-251-thread-1] INFO  server.RaftServerConfigKeys (ConfUtils.java:logGet(43)) - raft.server.log.statemachine.data.sync.timeout = 10s (default)
2019-09-12 10:31:45,677 [pool-251-thread-1] INFO  server.RaftServerConfigKeys (ConfUtils.java:logGet(43)) - raft.server.log.statemachine.data.sync.timeout.retry = -1 (default)
2019-09-12 10:31:45,677 | INFO  | SCMAudit | user=jenkins1000 | ip=192.168.36.114 | op=SEND_HEARTBEAT {datanodeUUID=c1e71898-521f-4627-a3f1-9884c4b96ced, command=[]} | ret=SUCCESS |  
2019-09-12 10:31:45,677 [pool-251-thread-1] INFO  server.RaftServerConfigKeys (ConfUtils.java:logGet(43)) - raft.server.log.statemachine.data.caching.enabled = true (custom)
2019-09-12 10:31:45,677 | INFO  | SCMAudit | user=jenkins1000 | ip=192.168.36.114 | op=SEND_HEARTBEAT {datanodeUUID=eaeff1e2-de9c-4510-872d-283eb6c3c330, command=[]} | ret=SUCCESS |  
2019-09-12 10:31:45,677 | INFO  | SCMAudit | user=jenkins1000 | ip=192.168.36.114 | op=SEND_HEARTBEAT {datanodeUUID=b6dd7c38-f675-445e-811b-15cf17d56c0a, command=[]} | ret=SUCCESS |  
2019-09-12 10:31:45,677 [pool-251-thread-1] INFO  segmented.SegmentedRaftLogWorker (SegmentedRaftLogWorker.java:lambda$new$0(132)) - 334c5273-7871-4d53-8b37-de05e5a3be10-SegmentedRaftLogWorker:Storage Directory /workdir/hadoop-ozone/integration-test/target/test-dir/MiniOzoneClusterImpl-d867a4e1-154a-4113-b5e4-c09c14df2894/datanode-3/data/ratis/cc01a166-0d67-4160-9867-ede8c272de80: flushIndex: setUnconditionally 0 -> -1
2019-09-12 10:31:45,678 [pool-251-thread-1] INFO  server.RaftServerConfigKeys (ConfUtils.java:logGet(43)) - raft.server.snapshot.auto.trigger.enabled = true (custom)
2019-09-12 10:31:45,678 [pool-251-thread-1] INFO  server.RaftServerConfigKeys (ConfUtils.java:logGet(43)) - raft.server.snapshot.auto.trigger.threshold = 10000 (custom)
2019-09-12 10:31:45,678 | INFO  | SCMAudit | user=jenkins1000 | ip=192.168.36.114 | op=SEND_HEARTBEAT {datanodeUUID=f17b4253-95a0-4ee6-8ded-88f070f15b33, command=[]} | ret=SUCCESS |  
2019-09-12 10:31:45,678 [pool-251-thread-1] INFO  server.RaftServerConfigKeys (ConfUtils.java:logGet(43)) - raft.server.retrycache.expirytime = 600000ms (custom)
2019-09-12 10:31:45,678 [pool-251-thread-1] INFO  impl.RaftServerImpl (RaftServerImpl.java:start(180)) - 334c5273-7871-4d53-8b37-de05e5a3be10: start group-EDE8C272DE80
2019-09-12 10:31:45,678 [pool-251-thread-1] INFO  impl.RaftServerImpl (RaftServerImpl.java:setRole(171)) - 334c5273-7871-4d53-8b37-de05e5a3be10:group-EDE8C272DE80 changes role from null to FOLLOWER at term 0 for startAsFollower
2019-09-12 10:31:45,679 [pool-251-thread-1] INFO  impl.RoleInfo (RoleInfo.java:updateAndGet(143)) - 334c5273-7871-4d53-8b37-de05e5a3be10: start FollowerState
2019-09-12 10:31:45,679 [pool-251-thread-1] INFO  util.JmxRegister (JmxRegister.java:tryRegister(44)) - Successfully registered JMX Bean with object name Ratis:service=RaftServer,group=group-EDE8C272DE80,id=334c5273-7871-4d53-8b37-de05e5a3be10
2019-09-12 10:31:45,680 | INFO  | SCMAudit | user=jenkins1000 | ip=192.168.36.114 | op=SEND_HEARTBEAT {datanodeUUID=9616c881-dbb1-48da-90dd-a872ed779a2e, command=[]} | ret=SUCCESS |  
2019-09-12 10:31:45,680 | INFO  | SCMAudit | user=jenkins1000 | ip=192.168.36.114 | op=SEND_HEARTBEAT {datanodeUUID=39df7a3f-9691-48d4-a2b1-6888489a5f8a, command=[]} | ret=SUCCESS |  
2019-09-12 10:31:45,680 | INFO  | SCMAudit | user=jenkins1000 | ip=192.168.36.114 | op=SEND_HEARTBEAT {datanodeUUID=c9031a36-5f7c-4098-8bea-8a46141708a6, command=[]} | ret=SUCCESS |  
2019-09-12 10:31:45,682 [RatisPipelineUtilsThread] INFO  pipeline.PipelineStateManager (PipelineStateManager.java:addPipeline(56)) - Created pipeline Pipeline[ Id: cc01a166-0d67-4160-9867-ede8c272de80, Nodes: 334c5273-7871-4d53-8b37-de05e5a3be10{ip: 192.168.36.114, host: pr-hdds-1569-58hkm-1881083799, networkLocation: /default-rack, certSerialId: null}, Type:RATIS, Factor:ONE, State:OPEN]
2019-09-12 10:31:45,682 [RatisPipelineUtilsThread] ERROR pipeline.PipelinePlacementPolicy (PipelinePlacementPolicy.java:meetCriteria(92)) - Pipeline Placement: Doesn't meet the criteria to be viable node. Heaviness: 6
2019-09-12 10:31:45,682 [RatisPipelineUtilsThread] ERROR pipeline.PipelinePlacementPolicy (PipelinePlacementPolicy.java:meetCriteria(92)) - Pipeline Placement: Doesn't meet the criteria to be viable node. Heaviness: 6
2019-09-12 10:31:45,682 [RatisPipelineUtilsThread] ERROR pipeline.PipelinePlacementPolicy (PipelinePlacementPolicy.java:meetCriteria(92)) - Pipeline Placement: Doesn't meet the criteria to be viable node. Heaviness: 6
2019-09-12 10:31:45,682 [RatisPipelineUtilsThread] ERROR pipeline.PipelinePlacementPolicy (PipelinePlacementPolicy.java:meetCriteria(92)) - Pipeline Placement: Doesn't meet the criteria to be viable node. Heaviness: 6
2019-09-12 10:31:45,683 [RatisPipelineUtilsThread] ERROR pipeline.PipelinePlacementPolicy (PipelinePlacementPolicy.java:filterViableNodes(147)) - Unable to find enough nodes that meet the criteria that cannot engage in more than 5 pipelines. Nodes required: 1 Found: 0, healthy nodes count inNodeManager: 4.
2019-09-12 10:31:45,683 [RatisPipelineUtilsThread] ERROR pipeline.SCMPipelineManager (SCMPipelineManager.java:createPipeline(161)) - Pipeline creation failed due to exception: Unable to find enough nodes that meet the criteria that cannot engage in more than 5 pipelines. Nodes required: 1 Found: 0, healthy nodes count inNodeManager: 4.
2019-09-12 10:31:45,683 [RatisPipelineUtilsThread] ERROR pipeline.PipelinePlacementPolicy (PipelinePlacementPolicy.java:meetCriteria(92)) - Pipeline Placement: Doesn't meet the criteria to be viable node. Heaviness: 6
2019-09-12 10:31:45,683 [RatisPipelineUtilsThread] ERROR pipeline.PipelinePlacementPolicy (PipelinePlacementPolicy.java:meetCriteria(92)) - Pipeline Placement: Doesn't meet the criteria to be viable node. Heaviness: 6
2019-09-12 10:31:45,683 [RatisPipelineUtilsThread] ERROR pipeline.PipelinePlacementPolicy (PipelinePlacementPolicy.java:meetCriteria(92)) - Pipeline Placement: Doesn't meet the criteria to be viable node. Heaviness: 6
2019-09-12 10:31:45,683 [RatisPipelineUtilsThread] ERROR pipeline.PipelinePlacementPolicy (PipelinePlacementPolicy.java:meetCriteria(92)) - Pipeline Placement: Doesn't meet the criteria to be viable node. Heaviness: 6
2019-09-12 10:31:45,684 [RatisPipelineUtilsThread] ERROR pipeline.PipelinePlacementPolicy (PipelinePlacementPolicy.java:filterViableNodes(147)) - Unable to find enough nodes that meet the criteria that cannot engage in more than 5 pipelines. Nodes required: 3 Found: 0, healthy nodes count inNodeManager: 4.
2019-09-12 10:31:45,684 [RatisPipelineUtilsThread] ERROR pipeline.SCMPipelineManager (SCMPipelineManager.java:createPipeline(161)) - Pipeline creation failed due to exception: Unable to find enough nodes that meet the criteria that cannot engage in more than 5 pipelines. Nodes required: 3 Found: 0, healthy nodes count inNodeManager: 4.
2019-09-12 10:31:45,949 [IPC Server handler 15 on 37405] INFO  net.NetworkTopology (NetworkTopologyImpl.java:add(110)) - Added a new node: /default-rack/ad8ae342-df06-4311-9d84-524877c98111
2019-09-12 10:31:45,949 [RatisPipelineUtilsThread] ERROR pipeline.PipelinePlacementPolicy (PipelinePlacementPolicy.java:meetCriteria(92)) - Pipeline Placement: Doesn't meet the criteria to be viable node. Heaviness: 6
2019-09-12 10:31:45,949 [IPC Server handler 15 on 37405] INFO  node.SCMNodeManager (SCMNodeManager.java:register(273)) - Registered Data node : ad8ae342-df06-4311-9d84-524877c98111{ip: 192.168.36.114, host: pr-hdds-1569-58hkm-1881083799, networkLocation: /default-rack, certSerialId: null}
2019-09-12 10:31:45,949 [RatisPipelineUtilsThread] ERROR pipeline.PipelinePlacementPolicy (PipelinePlacementPolicy.java:meetCriteria(92)) - Pipeline Placement: Doesn't meet the criteria to be viable node. Heaviness: 6
2019-09-12 10:31:45,950 [RatisPipelineUtilsThread] ERROR pipeline.PipelinePlacementPolicy (PipelinePlacementPolicy.java:meetCriteria(92)) - Pipeline Placement: Doesn't meet the criteria to be viable node. Heaviness: 6
2019-09-12 10:31:45,950 | INFO  | SCMAudit | user=jenkins1000 | ip=192.168.36.114 | op=REGISTER {datanodeDetails=ad8ae342-df06-4311-9d84-524877c98111{ip: 192.168.36.114, host: pr-hdds-1569-58hkm-1881083799, networkLocation: /default-rack, certSerialId: null}} | ret=SUCCESS |  
2019-09-12 10:31:45,950 [RatisPipelineUtilsThread] ERROR pipeline.PipelinePlacementPolicy (PipelinePlacementPolicy.java:meetCriteria(92)) - Pipeline Placement: Doesn't meet the criteria to be viable node. Heaviness: 6
2019-09-12 10:31:45,964 [grpc-default-executor-0] INFO  impl.RaftServerProxy (RaftServerProxy.java:addNew(89)) - ad8ae342-df06-4311-9d84-524877c98111: addNew group-9C41041E3CF9:[ad8ae342-df06-4311-9d84-524877c98111:192.168.36.114:39527] returns group-9C41041E3CF9:java.util.concurrent.CompletableFuture@a5b47b0[Not completed]
2019-09-12 10:31:45,965 [pool-262-thread-1] INFO  impl.RaftServerImpl (RaftServerImpl.java:<init>(93)) - ad8ae342-df06-4311-9d84-524877c98111: new RaftServerImpl for group-9C41041E3CF9:[ad8ae342-df06-4311-9d84-524877c98111:192.168.36.114:39527] with ContainerStateMachine:uninitialized
2019-09-12 10:31:45,965 [pool-262-thread-1] INFO  server.RaftServerConfigKeys (ConfUtils.java:logGet(43)) - raft.server.rpc.timeout.min = 5s (custom)
2019-09-12 10:31:45,965 [pool-262-thread-1] INFO  server.RaftServerConfigKeys (ConfUtils.java:logGet(43)) - raft.server.rpc.timeout.max = 5200ms (custom)
2019-09-12 10:31:45,965 [pool-262-thread-1] INFO  server.RaftServerConfigKeys (ConfUtils.java:logGet(43)) - raft.server.rpcslowness.timeout = 120s (custom)
2019-09-12 10:31:45,965 [pool-262-thread-1] INFO  server.RaftServerConfigKeys (ConfUtils.java:logGet(43)) - raft.server.sleep.deviation.threshold = 300 (default)
2019-09-12 10:31:45,965 [pool-262-thread-1] INFO  server.RaftServerConfigKeys (ConfUtils.java:logGet(43)) - raft.server.log.appender.install.snapshot.enabled = false (custom)
2019-09-12 10:31:45,965 [pool-262-thread-1] INFO  impl.RaftServerImpl (ServerState.java:<init>(105)) - ad8ae342-df06-4311-9d84-524877c98111:group-9C41041E3CF9 ConfigurationManager, init=-1: [ad8ae342-df06-4311-9d84-524877c98111:192.168.36.114:39527], old=null, confs=<EMPTY_MAP>
2019-09-12 10:31:45,966 [pool-262-thread-1] INFO  server.RaftServerConfigKeys (ConfUtils.java:logGet(43)) - raft.server.storage.dir = [/workdir/hadoop-ozone/integration-test/target/test-dir/MiniOzoneClusterImpl-d867a4e1-154a-4113-b5e4-c09c14df2894/datanode-4/data/ratis] (custom)
2019-09-12 10:31:45,966 [pool-262-thread-1] INFO  storage.RaftStorageDirectory (RaftStorageDirectory.java:analyzeStorage(246)) - The storage directory /workdir/hadoop-ozone/integration-test/target/test-dir/MiniOzoneClusterImpl-d867a4e1-154a-4113-b5e4-c09c14df2894/datanode-4/data/ratis/02ae5258-b748-412e-b078-9c41041e3cf9 does not exist. Creating ...
2019-09-12 10:31:45,979 [pool-262-thread-1] INFO  storage.RaftStorageDirectory (RaftStorageDirectory.java:tryLock(328)) - Lock on /workdir/hadoop-ozone/integration-test/target/test-dir/MiniOzoneClusterImpl-d867a4e1-154a-4113-b5e4-c09c14df2894/datanode-4/data/ratis/02ae5258-b748-412e-b078-9c41041e3cf9/in_use.lock acquired by nodename 1396@pr-hdds-1569-58hkm-1881083799
2019-09-12 10:31:45,993 [pool-262-thread-1] INFO  storage.RaftStorage (RaftStorage.java:format(72)) - Storage directory /workdir/hadoop-ozone/integration-test/target/test-dir/MiniOzoneClusterImpl-d867a4e1-154a-4113-b5e4-c09c14df2894/datanode-4/data/ratis/02ae5258-b748-412e-b078-9c41041e3cf9 has been successfully formatted.
2019-09-12 10:31:45,994 [pool-262-thread-1] INFO  ratis.ContainerStateMachine (ContainerStateMachine.java:loadSnapshot(226)) - group-9C41041E3CF9: The snapshot info is null. Setting the last applied indexto:(t:0, i:~)
2019-09-12 10:31:45,994 [pool-262-thread-1] INFO  server.RaftServerConfigKeys (ConfUtils.java:logGet(43)) - raft.server.leader.election.timeout = 120s (custom)
2019-09-12 10:31:45,994 [pool-262-thread-1] INFO  server.RaftServerConfigKeys (ConfUtils.java:logGet(43)) - raft.server.log.use.memory = false (default)
2019-09-12 10:31:45,994 [pool-262-thread-1] INFO  server.RaftServerConfigKeys (ConfUtils.java:logGet(43)) - raft.server.log.purge.gap = 1000000 (custom)
2019-09-12 10:31:45,994 [pool-262-thread-1] INFO  server.RaftServerConfigKeys (ConfUtils.java:logGet(43)) - raft.server.log.appender.buffer.byte-limit = 33554432 (custom)
2019-09-12 10:31:45,994 [pool-262-thread-1] INFO  server.RaftServerConfigKeys (ConfUtils.java:logGet(43)) - raft.server.log.segment.size.max = 1048576 (custom)
2019-09-12 10:31:45,994 [pool-262-thread-1] INFO  server.RaftServerConfigKeys (ConfUtils.java:logGet(43)) - raft.server.log.segment.cache.num.max = 2 (custom)
2019-09-12 10:31:45,994 [pool-262-thread-1] INFO  segmented.SegmentedRaftLogWorker (SegmentedRaftLogWorker.java:<init>(172)) - new ad8ae342-df06-4311-9d84-524877c98111-SegmentedRaftLogWorker:Storage Directory /workdir/hadoop-ozone/integration-test/target/test-dir/MiniOzoneClusterImpl-d867a4e1-154a-4113-b5e4-c09c14df2894/datanode-4/data/ratis/02ae5258-b748-412e-b078-9c41041e3cf9 for RaftStorage:Storage Directory /workdir/hadoop-ozone/integration-test/target/test-dir/MiniOzoneClusterImpl-d867a4e1-154a-4113-b5e4-c09c14df2894/datanode-4/data/ratis/02ae5258-b748-412e-b078-9c41041e3cf9
2019-09-12 10:31:45,995 [pool-262-thread-1] INFO  server.RaftServerConfigKeys (ConfUtils.java:logGet(43)) - raft.server.log.queue.byte-limit = 2147483647 (custom)
2019-09-12 10:31:45,995 [pool-262-thread-1] INFO  server.RaftServerConfigKeys (ConfUtils.java:logGet(43)) - raft.server.log.queue.element-limit = 1024 (custom)
2019-09-12 10:31:45,995 [pool-262-thread-1] INFO  server.RaftServerConfigKeys (ConfUtils.java:logGet(43)) - raft.server.log.segment.size.max = 1048576 (custom)
2019-09-12 10:31:45,995 [pool-262-thread-1] INFO  server.RaftServerConfigKeys (ConfUtils.java:logGet(43)) - raft.server.log.preallocated.size = 16384 (custom)
2019-09-12 10:31:45,995 [pool-262-thread-1] INFO  server.RaftServerConfigKeys (ConfUtils.java:logGet(43)) - raft.server.log.write.buffer.size = 33554432 (custom)
2019-09-12 10:31:45,995 [pool-262-thread-1] INFO  server.RaftServerConfigKeys (ConfUtils.java:logGet(43)) - raft.server.log.force.sync.num = 128 (default)
2019-09-12 10:31:45,995 [pool-262-thread-1] INFO  server.RaftServerConfigKeys (ConfUtils.java:logGet(43)) - raft.server.log.statemachine.data.sync = true (default)
2019-09-12 10:31:45,995 [pool-262-thread-1] INFO  server.RaftServerConfigKeys (ConfUtils.java:logGet(43)) - raft.server.log.statemachine.data.sync.timeout = 10s (default)
2019-09-12 10:31:45,995 [pool-262-thread-1] INFO  server.RaftServerConfigKeys (ConfUtils.java:logGet(43)) - raft.server.log.statemachine.data.sync.timeout.retry = -1 (default)
2019-09-12 10:31:45,996 [pool-262-thread-1] INFO  server.RaftServerConfigKeys (ConfUtils.java:logGet(43)) - raft.server.log.statemachine.data.caching.enabled = true (custom)
2019-09-12 10:31:45,996 [pool-262-thread-1] INFO  segmented.SegmentedRaftLogWorker (SegmentedRaftLogWorker.java:lambda$new$0(132)) - ad8ae342-df06-4311-9d84-524877c98111-SegmentedRaftLogWorker:Storage Directory /workdir/hadoop-ozone/integration-test/target/test-dir/MiniOzoneClusterImpl-d867a4e1-154a-4113-b5e4-c09c14df2894/datanode-4/data/ratis/02ae5258-b748-412e-b078-9c41041e3cf9: flushIndex: setUnconditionally 0 -> -1
2019-09-12 10:31:45,996 [pool-262-thread-1] INFO  server.RaftServerConfigKeys (ConfUtils.java:logGet(43)) - raft.server.snapshot.auto.trigger.enabled = true (custom)
2019-09-12 10:31:45,996 [pool-262-thread-1] INFO  server.RaftServerConfigKeys (ConfUtils.java:logGet(43)) - raft.server.snapshot.auto.trigger.threshold = 10000 (custom)
2019-09-12 10:31:45,996 [pool-262-thread-1] INFO  server.RaftServerConfigKeys (ConfUtils.java:logGet(43)) - raft.server.retrycache.expirytime = 600000ms (custom)
2019-09-12 10:31:45,997 [pool-262-thread-1] INFO  impl.RaftServerImpl (RaftServerImpl.java:start(180)) - ad8ae342-df06-4311-9d84-524877c98111: start group-9C41041E3CF9
2019-09-12 10:31:45,997 [pool-262-thread-1] INFO  impl.RaftServerImpl (RaftServerImpl.java:setRole(171)) - ad8ae342-df06-4311-9d84-524877c98111:group-9C41041E3CF9 changes role from null to FOLLOWER at term 0 for startAsFollower
2019-09-12 10:31:45,997 [pool-262-thread-1] INFO  impl.RoleInfo (RoleInfo.java:updateAndGet(143)) - ad8ae342-df06-4311-9d84-524877c98111: start FollowerState
2019-09-12 10:31:45,997 [pool-262-thread-1] INFO  util.JmxRegister (JmxRegister.java:tryRegister(44)) - Successfully registered JMX Bean with object name Ratis:service=RaftServer,group=group-9C41041E3CF9,id=ad8ae342-df06-4311-9d84-524877c98111
2019-09-12 10:31:46,000 [RatisPipelineUtilsThread] INFO  pipeline.PipelineStateManager (PipelineStateManager.java:addPipeline(56)) - Created pipeline Pipeline[ Id: 02ae5258-b748-412e-b078-9c41041e3cf9, Nodes: ad8ae342-df06-4311-9d84-524877c98111{ip: 192.168.36.114, host: pr-hdds-1569-58hkm-1881083799, networkLocation: /default-rack, certSerialId: null}, Type:RATIS, Factor:ONE, State:OPEN]
2019-09-12 10:31:46,000 [RatisPipelineUtilsThread] ERROR pipeline.PipelinePlacementPolicy (PipelinePlacementPolicy.java:meetCriteria(92)) - Pipeline Placement: Doesn't meet the criteria to be viable node. Heaviness: 6
2019-09-12 10:31:46,000 [RatisPipelineUtilsThread] ERROR pipeline.PipelinePlacementPolicy (PipelinePlacementPolicy.java:meetCriteria(92)) - Pipeline Placement: Doesn't meet the criteria to be viable node. Heaviness: 6
2019-09-12 10:31:46,000 [RatisPipelineUtilsThread] ERROR pipeline.PipelinePlacementPolicy (PipelinePlacementPolicy.java:meetCriteria(92)) - Pipeline Placement: Doesn't meet the criteria to be viable node. Heaviness: 6
2019-09-12 10:31:46,001 [RatisPipelineUtilsThread] ERROR pipeline.PipelinePlacementPolicy (PipelinePlacementPolicy.java:meetCriteria(92)) - Pipeline Placement: Doesn't meet the criteria to be viable node. Heaviness: 6
2019-09-12 10:31:46,006 [grpc-default-executor-0] INFO  impl.RaftServerProxy (RaftServerProxy.java:addNew(89)) - ad8ae342-df06-4311-9d84-524877c98111: addNew group-3B1A47D1DCD4:[ad8ae342-df06-4311-9d84-524877c98111:192.168.36.114:39527] returns group-3B1A47D1DCD4:java.util.concurrent.CompletableFuture@708a0683[Not completed]
2019-09-12 10:31:46,007 [pool-262-thread-1] INFO  impl.RaftServerImpl (RaftServerImpl.java:<init>(93)) - ad8ae342-df06-4311-9d84-524877c98111: new RaftServerImpl for group-3B1A47D1DCD4:[ad8ae342-df06-4311-9d84-524877c98111:192.168.36.114:39527] with ContainerStateMachine:uninitialized
2019-09-12 10:31:46,007 [pool-262-thread-1] INFO  server.RaftServerConfigKeys (ConfUtils.java:logGet(43)) - raft.server.rpc.timeout.min = 5s (custom)
2019-09-12 10:31:46,007 [pool-262-thread-1] INFO  server.RaftServerConfigKeys (ConfUtils.java:logGet(43)) - raft.server.rpc.timeout.max = 5200ms (custom)
2019-09-12 10:31:46,007 [pool-262-thread-1] INFO  server.RaftServerConfigKeys (ConfUtils.java:logGet(43)) - raft.server.rpcslowness.timeout = 120s (custom)
2019-09-12 10:31:46,007 [pool-262-thread-1] INFO  server.RaftServerConfigKeys (ConfUtils.java:logGet(43)) - raft.server.sleep.deviation.threshold = 300 (default)
2019-09-12 10:31:46,007 [pool-262-thread-1] INFO  server.RaftServerConfigKeys (ConfUtils.java:logGet(43)) - raft.server.log.appender.install.snapshot.enabled = false (custom)
2019-09-12 10:31:46,007 [pool-262-thread-1] INFO  impl.RaftServerImpl (ServerState.java:<init>(105)) - ad8ae342-df06-4311-9d84-524877c98111:group-3B1A47D1DCD4 ConfigurationManager, init=-1: [ad8ae342-df06-4311-9d84-524877c98111:192.168.36.114:39527], old=null, confs=<EMPTY_MAP>
2019-09-12 10:31:46,007 [pool-262-thread-1] INFO  server.RaftServerConfigKeys (ConfUtils.java:logGet(43)) - raft.server.storage.dir = [/workdir/hadoop-ozone/integration-test/target/test-dir/MiniOzoneClusterImpl-d867a4e1-154a-4113-b5e4-c09c14df2894/datanode-4/data/ratis] (custom)
2019-09-12 10:31:46,007 [pool-262-thread-1] INFO  storage.RaftStorageDirectory (RaftStorageDirectory.java:analyzeStorage(246)) - The storage directory /workdir/hadoop-ozone/integration-test/target/test-dir/MiniOzoneClusterImpl-d867a4e1-154a-4113-b5e4-c09c14df2894/datanode-4/data/ratis/bf6f29a3-5b27-4fbe-a1f2-3b1a47d1dcd4 does not exist. Creating ...
2019-09-12 10:31:46,021 [pool-262-thread-1] INFO  storage.RaftStorageDirectory (RaftStorageDirectory.java:tryLock(328)) - Lock on /workdir/hadoop-ozone/integration-test/target/test-dir/MiniOzoneClusterImpl-d867a4e1-154a-4113-b5e4-c09c14df2894/datanode-4/data/ratis/bf6f29a3-5b27-4fbe-a1f2-3b1a47d1dcd4/in_use.lock acquired by nodename 1396@pr-hdds-1569-58hkm-1881083799
2019-09-12 10:31:46,045 [pool-262-thread-1] INFO  storage.RaftStorage (RaftStorage.java:format(72)) - Storage directory /workdir/hadoop-ozone/integration-test/target/test-dir/MiniOzoneClusterImpl-d867a4e1-154a-4113-b5e4-c09c14df2894/datanode-4/data/ratis/bf6f29a3-5b27-4fbe-a1f2-3b1a47d1dcd4 has been successfully formatted.
2019-09-12 10:31:46,045 [pool-262-thread-1] INFO  ratis.ContainerStateMachine (ContainerStateMachine.java:loadSnapshot(226)) - group-3B1A47D1DCD4: The snapshot info is null. Setting the last applied indexto:(t:0, i:~)
2019-09-12 10:31:46,046 [pool-262-thread-1] INFO  server.RaftServerConfigKeys (ConfUtils.java:logGet(43)) - raft.server.leader.election.timeout = 120s (custom)
2019-09-12 10:31:46,046 [pool-262-thread-1] INFO  server.RaftServerConfigKeys (ConfUtils.java:logGet(43)) - raft.server.log.use.memory = false (default)
2019-09-12 10:31:46,046 [pool-262-thread-1] INFO  server.RaftServerConfigKeys (ConfUtils.java:logGet(43)) - raft.server.log.purge.gap = 1000000 (custom)
2019-09-12 10:31:46,046 [pool-262-thread-1] INFO  server.RaftServerConfigKeys (ConfUtils.java:logGet(43)) - raft.server.log.appender.buffer.byte-limit = 33554432 (custom)
2019-09-12 10:31:46,046 [pool-262-thread-1] INFO  server.RaftServerConfigKeys (ConfUtils.java:logGet(43)) - raft.server.log.segment.size.max = 1048576 (custom)
2019-09-12 10:31:46,046 [pool-262-thread-1] INFO  server.RaftServerConfigKeys (ConfUtils.java:logGet(43)) - raft.server.log.segment.cache.num.max = 2 (custom)
2019-09-12 10:31:46,046 [pool-262-thread-1] INFO  segmented.SegmentedRaftLogWorker (SegmentedRaftLogWorker.java:<init>(172)) - new ad8ae342-df06-4311-9d84-524877c98111-SegmentedRaftLogWorker:Storage Directory /workdir/hadoop-ozone/integration-test/target/test-dir/MiniOzoneClusterImpl-d867a4e1-154a-4113-b5e4-c09c14df2894/datanode-4/data/ratis/bf6f29a3-5b27-4fbe-a1f2-3b1a47d1dcd4 for RaftStorage:Storage Directory /workdir/hadoop-ozone/integration-test/target/test-dir/MiniOzoneClusterImpl-d867a4e1-154a-4113-b5e4-c09c14df2894/datanode-4/data/ratis/bf6f29a3-5b27-4fbe-a1f2-3b1a47d1dcd4
2019-09-12 10:31:46,046 [pool-262-thread-1] INFO  server.RaftServerConfigKeys (ConfUtils.java:logGet(43)) - raft.server.log.queue.byte-limit = 2147483647 (custom)
2019-09-12 10:31:46,046 [pool-262-thread-1] INFO  server.RaftServerConfigKeys (ConfUtils.java:logGet(43)) - raft.server.log.queue.element-limit = 1024 (custom)
2019-09-12 10:31:46,047 [pool-262-thread-1] INFO  server.RaftServerConfigKeys (ConfUtils.java:logGet(43)) - raft.server.log.segment.size.max = 1048576 (custom)
2019-09-12 10:31:46,047 [pool-262-thread-1] INFO  server.RaftServerConfigKeys (ConfUtils.java:logGet(43)) - raft.server.log.preallocated.size = 16384 (custom)
2019-09-12 10:31:46,047 [pool-262-thread-1] INFO  server.RaftServerConfigKeys (ConfUtils.java:logGet(43)) - raft.server.log.write.buffer.size = 33554432 (custom)
2019-09-12 10:31:46,047 [pool-262-thread-1] INFO  server.RaftServerConfigKeys (ConfUtils.java:logGet(43)) - raft.server.log.force.sync.num = 128 (default)
2019-09-12 10:31:46,047 [pool-262-thread-1] INFO  server.RaftServerConfigKeys (ConfUtils.java:logGet(43)) - raft.server.log.statemachine.data.sync = true (default)
2019-09-12 10:31:46,047 [pool-262-thread-1] INFO  server.RaftServerConfigKeys (ConfUtils.java:logGet(43)) - raft.server.log.statemachine.data.sync.timeout = 10s (default)
2019-09-12 10:31:46,047 [pool-262-thread-1] INFO  server.RaftServerConfigKeys (ConfUtils.java:logGet(43)) - raft.server.log.statemachine.data.sync.timeout.retry = -1 (default)
2019-09-12 10:31:46,047 [pool-262-thread-1] INFO  server.RaftServerConfigKeys (ConfUtils.java:logGet(43)) - raft.server.log.statemachine.data.caching.enabled = true (custom)
2019-09-12 10:31:46,047 [pool-262-thread-1] INFO  segmented.SegmentedRaftLogWorker (SegmentedRaftLogWorker.java:lambda$new$0(132)) - ad8ae342-df06-4311-9d84-524877c98111-SegmentedRaftLogWorker:Storage Directory /workdir/hadoop-ozone/integration-test/target/test-dir/MiniOzoneClusterImpl-d867a4e1-154a-4113-b5e4-c09c14df2894/datanode-4/data/ratis/bf6f29a3-5b27-4fbe-a1f2-3b1a47d1dcd4: flushIndex: setUnconditionally 0 -> -1
2019-09-12 10:31:46,048 [pool-262-thread-1] INFO  server.RaftServerConfigKeys (ConfUtils.java:logGet(43)) - raft.server.snapshot.auto.trigger.enabled = true (custom)
2019-09-12 10:31:46,048 [pool-262-thread-1] INFO  server.RaftServerConfigKeys (ConfUtils.java:logGet(43)) - raft.server.snapshot.auto.trigger.threshold = 10000 (custom)
2019-09-12 10:31:46,048 [pool-262-thread-1] INFO  server.RaftServerConfigKeys (ConfUtils.java:logGet(43)) - raft.server.retrycache.expirytime = 600000ms (custom)
2019-09-12 10:31:46,048 [pool-262-thread-1] INFO  impl.RaftServerImpl (RaftServerImpl.java:start(180)) - ad8ae342-df06-4311-9d84-524877c98111: start group-3B1A47D1DCD4
2019-09-12 10:31:46,048 [pool-262-thread-1] INFO  impl.RaftServerImpl (RaftServerImpl.java:setRole(171)) - ad8ae342-df06-4311-9d84-524877c98111:group-3B1A47D1DCD4 changes role from null to FOLLOWER at term 0 for startAsFollower
2019-09-12 10:31:46,048 [pool-262-thread-1] INFO  impl.RoleInfo (RoleInfo.java:updateAndGet(143)) - ad8ae342-df06-4311-9d84-524877c98111: start FollowerState
2019-09-12 10:31:46,049 [pool-262-thread-1] INFO  util.JmxRegister (JmxRegister.java:tryRegister(44)) - Successfully registered JMX Bean with object name Ratis:service=RaftServer,group=group-3B1A47D1DCD4,id=ad8ae342-df06-4311-9d84-524877c98111
2019-09-12 10:31:46,051 [RatisPipelineUtilsThread] INFO  pipeline.PipelineStateManager (PipelineStateManager.java:addPipeline(56)) - Created pipeline Pipeline[ Id: bf6f29a3-5b27-4fbe-a1f2-3b1a47d1dcd4, Nodes: ad8ae342-df06-4311-9d84-524877c98111{ip: 192.168.36.114, host: pr-hdds-1569-58hkm-1881083799, networkLocation: /default-rack, certSerialId: null}, Type:RATIS, Factor:ONE, State:OPEN]
2019-09-12 10:31:46,052 [RatisPipelineUtilsThread] ERROR pipeline.PipelinePlacementPolicy (PipelinePlacementPolicy.java:meetCriteria(92)) - Pipeline Placement: Doesn't meet the criteria to be viable node. Heaviness: 6
2019-09-12 10:31:46,052 [RatisPipelineUtilsThread] ERROR pipeline.PipelinePlacementPolicy (PipelinePlacementPolicy.java:meetCriteria(92)) - Pipeline Placement: Doesn't meet the criteria to be viable node. Heaviness: 6
2019-09-12 10:31:46,052 [RatisPipelineUtilsThread] ERROR pipeline.PipelinePlacementPolicy (PipelinePlacementPolicy.java:meetCriteria(92)) - Pipeline Placement: Doesn't meet the criteria to be viable node. Heaviness: 6
2019-09-12 10:31:46,052 [RatisPipelineUtilsThread] ERROR pipeline.PipelinePlacementPolicy (PipelinePlacementPolicy.java:meetCriteria(92)) - Pipeline Placement: Doesn't meet the criteria to be viable node. Heaviness: 6
2019-09-12 10:31:46,056 [grpc-default-executor-0] INFO  impl.RaftServerProxy (RaftServerProxy.java:addNew(89)) - ad8ae342-df06-4311-9d84-524877c98111: addNew group-069D5722A351:[ad8ae342-df06-4311-9d84-524877c98111:192.168.36.114:39527] returns group-069D5722A351:java.util.concurrent.CompletableFuture@521fa084[Not completed]
2019-09-12 10:31:46,057 [pool-262-thread-1] INFO  impl.RaftServerImpl (RaftServerImpl.java:<init>(93)) - ad8ae342-df06-4311-9d84-524877c98111: new RaftServerImpl for group-069D5722A351:[ad8ae342-df06-4311-9d84-524877c98111:192.168.36.114:39527] with ContainerStateMachine:uninitialized
2019-09-12 10:31:46,058 [pool-262-thread-1] INFO  server.RaftServerConfigKeys (ConfUtils.java:logGet(43)) - raft.server.rpc.timeout.min = 5s (custom)
2019-09-12 10:31:46,058 [pool-262-thread-1] INFO  server.RaftServerConfigKeys (ConfUtils.java:logGet(43)) - raft.server.rpc.timeout.max = 5200ms (custom)
2019-09-12 10:31:46,058 [pool-262-thread-1] INFO  server.RaftServerConfigKeys (ConfUtils.java:logGet(43)) - raft.server.rpcslowness.timeout = 120s (custom)
2019-09-12 10:31:46,058 [pool-262-thread-1] INFO  server.RaftServerConfigKeys (ConfUtils.java:logGet(43)) - raft.server.sleep.deviation.threshold = 300 (default)
2019-09-12 10:31:46,058 [pool-262-thread-1] INFO  server.RaftServerConfigKeys (ConfUtils.java:logGet(43)) - raft.server.log.appender.install.snapshot.enabled = false (custom)
2019-09-12 10:31:46,058 [pool-262-thread-1] INFO  impl.RaftServerImpl (ServerState.java:<init>(105)) - ad8ae342-df06-4311-9d84-524877c98111:group-069D5722A351 ConfigurationManager, init=-1: [ad8ae342-df06-4311-9d84-524877c98111:192.168.36.114:39527], old=null, confs=<EMPTY_MAP>
2019-09-12 10:31:46,058 [pool-262-thread-1] INFO  server.RaftServerConfigKeys (ConfUtils.java:logGet(43)) - raft.server.storage.dir = [/workdir/hadoop-ozone/integration-test/target/test-dir/MiniOzoneClusterImpl-d867a4e1-154a-4113-b5e4-c09c14df2894/datanode-4/data/ratis] (custom)
2019-09-12 10:31:46,058 [pool-262-thread-1] INFO  storage.RaftStorageDirectory (RaftStorageDirectory.java:analyzeStorage(246)) - The storage directory /workdir/hadoop-ozone/integration-test/target/test-dir/MiniOzoneClusterImpl-d867a4e1-154a-4113-b5e4-c09c14df2894/datanode-4/data/ratis/75ea52a6-c214-4323-bebf-069d5722a351 does not exist. Creating ...
2019-09-12 10:31:46,066 | INFO  | SCMAudit | user=jenkins1000 | ip=192.168.36.114 | op=SEND_HEARTBEAT {datanodeUUID=caccd92c-2544-4e02-86cf-95849f240c1b, command=[]} | ret=SUCCESS |  
2019-09-12 10:31:46,067 | INFO  | SCMAudit | user=jenkins1000 | ip=192.168.36.114 | op=SEND_HEARTBEAT {datanodeUUID=22ce2f4b-d517-44cf-8041-712d813e08f3, command=[]} | ret=SUCCESS |  
2019-09-12 10:31:46,071 [pool-262-thread-1] INFO  storage.RaftStorageDirectory (RaftStorageDirectory.java:tryLock(328)) - Lock on /workdir/hadoop-ozone/integration-test/target/test-dir/MiniOzoneClusterImpl-d867a4e1-154a-4113-b5e4-c09c14df2894/datanode-4/data/ratis/75ea52a6-c214-4323-bebf-069d5722a351/in_use.lock acquired by nodename 1396@pr-hdds-1569-58hkm-1881083799
2019-09-12 10:31:46,081 [main] INFO  ozone.MiniOzoneClusterImpl (MiniOzoneClusterImpl.java:lambda$waitForClusterToBeReady$0(142)) - Waiting for cluster to be ready. Got 5 of 7 DN Heartbeats.
2019-09-12 10:31:46,083 [pool-262-thread-1] INFO  storage.RaftStorage (RaftStorage.java:format(72)) - Storage directory /workdir/hadoop-ozone/integration-test/target/test-dir/MiniOzoneClusterImpl-d867a4e1-154a-4113-b5e4-c09c14df2894/datanode-4/data/ratis/75ea52a6-c214-4323-bebf-069d5722a351 has been successfully formatted.
2019-09-12 10:31:46,083 [pool-262-thread-1] INFO  ratis.ContainerStateMachine (ContainerStateMachine.java:loadSnapshot(226)) - group-069D5722A351: The snapshot info is null. Setting the last applied indexto:(t:0, i:~)
2019-09-12 10:31:46,083 [pool-262-thread-1] INFO  server.RaftServerConfigKeys (ConfUtils.java:logGet(43)) - raft.server.leader.election.timeout = 120s (custom)
2019-09-12 10:31:46,083 [pool-262-thread-1] INFO  server.RaftServerConfigKeys (ConfUtils.java:logGet(43)) - raft.server.log.use.memory = false (default)
2019-09-12 10:31:46,083 [pool-262-thread-1] INFO  server.RaftServerConfigKeys (ConfUtils.java:logGet(43)) - raft.server.log.purge.gap = 1000000 (custom)
2019-09-12 10:31:46,083 [pool-262-thread-1] INFO  server.RaftServerConfigKeys (ConfUtils.java:logGet(43)) - raft.server.log.appender.buffer.byte-limit = 33554432 (custom)
2019-09-12 10:31:46,084 [pool-262-thread-1] INFO  server.RaftServerConfigKeys (ConfUtils.java:logGet(43)) - raft.server.log.segment.size.max = 1048576 (custom)
2019-09-12 10:31:46,084 [pool-262-thread-1] INFO  server.RaftServerConfigKeys (ConfUtils.java:logGet(43)) - raft.server.log.segment.cache.num.max = 2 (custom)
2019-09-12 10:31:46,084 [pool-262-thread-1] INFO  segmented.SegmentedRaftLogWorker (SegmentedRaftLogWorker.java:<init>(172)) - new ad8ae342-df06-4311-9d84-524877c98111-SegmentedRaftLogWorker:Storage Directory /workdir/hadoop-ozone/integration-test/target/test-dir/MiniOzoneClusterImpl-d867a4e1-154a-4113-b5e4-c09c14df2894/datanode-4/data/ratis/75ea52a6-c214-4323-bebf-069d5722a351 for RaftStorage:Storage Directory /workdir/hadoop-ozone/integration-test/target/test-dir/MiniOzoneClusterImpl-d867a4e1-154a-4113-b5e4-c09c14df2894/datanode-4/data/ratis/75ea52a6-c214-4323-bebf-069d5722a351
2019-09-12 10:31:46,084 [pool-262-thread-1] INFO  server.RaftServerConfigKeys (ConfUtils.java:logGet(43)) - raft.server.log.queue.byte-limit = 2147483647 (custom)
2019-09-12 10:31:46,084 [pool-262-thread-1] INFO  server.RaftServerConfigKeys (ConfUtils.java:logGet(43)) - raft.server.log.queue.element-limit = 1024 (custom)
2019-09-12 10:31:46,084 [pool-262-thread-1] INFO  server.RaftServerConfigKeys (ConfUtils.java:logGet(43)) - raft.server.log.segment.size.max = 1048576 (custom)
2019-09-12 10:31:46,084 [pool-262-thread-1] INFO  server.RaftServerConfigKeys (ConfUtils.java:logGet(43)) - raft.server.log.preallocated.size = 16384 (custom)
2019-09-12 10:31:46,084 [pool-262-thread-1] INFO  server.RaftServerConfigKeys (ConfUtils.java:logGet(43)) - raft.server.log.write.buffer.size = 33554432 (custom)
2019-09-12 10:31:46,084 [pool-262-thread-1] INFO  server.RaftServerConfigKeys (ConfUtils.java:logGet(43)) - raft.server.log.force.sync.num = 128 (default)
2019-09-12 10:31:46,084 [pool-262-thread-1] INFO  server.RaftServerConfigKeys (ConfUtils.java:logGet(43)) - raft.server.log.statemachine.data.sync = true (default)
2019-09-12 10:31:46,085 [pool-262-thread-1] INFO  server.RaftServerConfigKeys (ConfUtils.java:logGet(43)) - raft.server.log.statemachine.data.sync.timeout = 10s (default)
2019-09-12 10:31:46,085 [pool-262-thread-1] INFO  server.RaftServerConfigKeys (ConfUtils.java:logGet(43)) - raft.server.log.statemachine.data.sync.timeout.retry = -1 (default)
2019-09-12 10:31:46,085 [pool-262-thread-1] INFO  server.RaftServerConfigKeys (ConfUtils.java:logGet(43)) - raft.server.log.statemachine.data.caching.enabled = true (custom)
2019-09-12 10:31:46,085 [pool-262-thread-1] INFO  segmented.SegmentedRaftLogWorker (SegmentedRaftLogWorker.java:lambda$new$0(132)) - ad8ae342-df06-4311-9d84-524877c98111-SegmentedRaftLogWorker:Storage Directory /workdir/hadoop-ozone/integration-test/target/test-dir/MiniOzoneClusterImpl-d867a4e1-154a-4113-b5e4-c09c14df2894/datanode-4/data/ratis/75ea52a6-c214-4323-bebf-069d5722a351: flushIndex: setUnconditionally 0 -> -1
2019-09-12 10:31:46,085 [pool-262-thread-1] INFO  server.RaftServerConfigKeys (ConfUtils.java:logGet(43)) - raft.server.snapshot.auto.trigger.enabled = true (custom)
2019-09-12 10:31:46,085 [pool-262-thread-1] INFO  server.RaftServerConfigKeys (ConfUtils.java:logGet(43)) - raft.server.snapshot.auto.trigger.threshold = 10000 (custom)
2019-09-12 10:31:46,086 [pool-262-thread-1] INFO  server.RaftServerConfigKeys (ConfUtils.java:logGet(43)) - raft.server.retrycache.expirytime = 600000ms (custom)
2019-09-12 10:31:46,086 [pool-262-thread-1] INFO  impl.RaftServerImpl (RaftServerImpl.java:start(180)) - ad8ae342-df06-4311-9d84-524877c98111: start group-069D5722A351
2019-09-12 10:31:46,086 [pool-262-thread-1] INFO  impl.RaftServerImpl (RaftServerImpl.java:setRole(171)) - ad8ae342-df06-4311-9d84-524877c98111:group-069D5722A351 changes role from null to FOLLOWER at term 0 for startAsFollower
2019-09-12 10:31:46,086 [pool-262-thread-1] INFO  impl.RoleInfo (RoleInfo.java:updateAndGet(143)) - ad8ae342-df06-4311-9d84-524877c98111: start FollowerState
2019-09-12 10:31:46,086 [pool-262-thread-1] INFO  util.JmxRegister (JmxRegister.java:tryRegister(44)) - Successfully registered JMX Bean with object name Ratis:service=RaftServer,group=group-069D5722A351,id=ad8ae342-df06-4311-9d84-524877c98111
2019-09-12 10:31:46,088 [RatisPipelineUtilsThread] INFO  pipeline.PipelineStateManager (PipelineStateManager.java:addPipeline(56)) - Created pipeline Pipeline[ Id: 75ea52a6-c214-4323-bebf-069d5722a351, Nodes: ad8ae342-df06-4311-9d84-524877c98111{ip: 192.168.36.114, host: pr-hdds-1569-58hkm-1881083799, networkLocation: /default-rack, certSerialId: null}, Type:RATIS, Factor:ONE, State:OPEN]
2019-09-12 10:31:46,089 [RatisPipelineUtilsThread] ERROR pipeline.PipelinePlacementPolicy (PipelinePlacementPolicy.java:meetCriteria(92)) - Pipeline Placement: Doesn't meet the criteria to be viable node. Heaviness: 6
2019-09-12 10:31:46,089 [RatisPipelineUtilsThread] ERROR pipeline.PipelinePlacementPolicy (PipelinePlacementPolicy.java:meetCriteria(92)) - Pipeline Placement: Doesn't meet the criteria to be viable node. Heaviness: 6
2019-09-12 10:31:46,089 [RatisPipelineUtilsThread] ERROR pipeline.PipelinePlacementPolicy (PipelinePlacementPolicy.java:meetCriteria(92)) - Pipeline Placement: Doesn't meet the criteria to be viable node. Heaviness: 6
2019-09-12 10:31:46,089 [RatisPipelineUtilsThread] ERROR pipeline.PipelinePlacementPolicy (PipelinePlacementPolicy.java:meetCriteria(92)) - Pipeline Placement: Doesn't meet the criteria to be viable node. Heaviness: 6
2019-09-12 10:31:46,093 [grpc-default-executor-0] INFO  impl.RaftServerProxy (RaftServerProxy.java:addNew(89)) - ad8ae342-df06-4311-9d84-524877c98111: addNew group-4CE3EEA348CB:[ad8ae342-df06-4311-9d84-524877c98111:192.168.36.114:39527] returns group-4CE3EEA348CB:java.util.concurrent.CompletableFuture@66138897[Not completed]
2019-09-12 10:31:46,094 [pool-262-thread-1] INFO  impl.RaftServerImpl (RaftServerImpl.java:<init>(93)) - ad8ae342-df06-4311-9d84-524877c98111: new RaftServerImpl for group-4CE3EEA348CB:[ad8ae342-df06-4311-9d84-524877c98111:192.168.36.114:39527] with ContainerStateMachine:uninitialized
2019-09-12 10:31:46,094 [pool-262-thread-1] INFO  server.RaftServerConfigKeys (ConfUtils.java:logGet(43)) - raft.server.rpc.timeout.min = 5s (custom)
2019-09-12 10:31:46,094 [pool-262-thread-1] INFO  server.RaftServerConfigKeys (ConfUtils.java:logGet(43)) - raft.server.rpc.timeout.max = 5200ms (custom)
2019-09-12 10:31:46,094 [pool-262-thread-1] INFO  server.RaftServerConfigKeys (ConfUtils.java:logGet(43)) - raft.server.rpcslowness.timeout = 120s (custom)
2019-09-12 10:31:46,094 [pool-262-thread-1] INFO  server.RaftServerConfigKeys (ConfUtils.java:logGet(43)) - raft.server.sleep.deviation.threshold = 300 (default)
2019-09-12 10:31:46,094 [pool-262-thread-1] INFO  server.RaftServerConfigKeys (ConfUtils.java:logGet(43)) - raft.server.log.appender.install.snapshot.enabled = false (custom)
2019-09-12 10:31:46,095 [pool-262-thread-1] INFO  impl.RaftServerImpl (ServerState.java:<init>(105)) - ad8ae342-df06-4311-9d84-524877c98111:group-4CE3EEA348CB ConfigurationManager, init=-1: [ad8ae342-df06-4311-9d84-524877c98111:192.168.36.114:39527], old=null, confs=<EMPTY_MAP>
2019-09-12 10:31:46,095 [pool-262-thread-1] INFO  server.RaftServerConfigKeys (ConfUtils.java:logGet(43)) - raft.server.storage.dir = [/workdir/hadoop-ozone/integration-test/target/test-dir/MiniOzoneClusterImpl-d867a4e1-154a-4113-b5e4-c09c14df2894/datanode-4/data/ratis] (custom)
2019-09-12 10:31:46,095 [pool-262-thread-1] INFO  storage.RaftStorageDirectory (RaftStorageDirectory.java:analyzeStorage(246)) - The storage directory /workdir/hadoop-ozone/integration-test/target/test-dir/MiniOzoneClusterImpl-d867a4e1-154a-4113-b5e4-c09c14df2894/datanode-4/data/ratis/70b4f543-8778-4fbd-ad14-4ce3eea348cb does not exist. Creating ...
2019-09-12 10:31:46,109 [pool-262-thread-1] INFO  storage.RaftStorageDirectory (RaftStorageDirectory.java:tryLock(328)) - Lock on /workdir/hadoop-ozone/integration-test/target/test-dir/MiniOzoneClusterImpl-d867a4e1-154a-4113-b5e4-c09c14df2894/datanode-4/data/ratis/70b4f543-8778-4fbd-ad14-4ce3eea348cb/in_use.lock acquired by nodename 1396@pr-hdds-1569-58hkm-1881083799
2019-09-12 10:31:46,138 [pool-262-thread-1] INFO  storage.RaftStorage (RaftStorage.java:format(72)) - Storage directory /workdir/hadoop-ozone/integration-test/target/test-dir/MiniOzoneClusterImpl-d867a4e1-154a-4113-b5e4-c09c14df2894/datanode-4/data/ratis/70b4f543-8778-4fbd-ad14-4ce3eea348cb has been successfully formatted.
2019-09-12 10:31:46,138 [pool-262-thread-1] INFO  ratis.ContainerStateMachine (ContainerStateMachine.java:loadSnapshot(226)) - group-4CE3EEA348CB: The snapshot info is null. Setting the last applied indexto:(t:0, i:~)
2019-09-12 10:31:46,138 [pool-262-thread-1] INFO  server.RaftServerConfigKeys (ConfUtils.java:logGet(43)) - raft.server.leader.election.timeout = 120s (custom)
2019-09-12 10:31:46,139 [pool-262-thread-1] INFO  server.RaftServerConfigKeys (ConfUtils.java:logGet(43)) - raft.server.log.use.memory = false (default)
2019-09-12 10:31:46,139 [pool-262-thread-1] INFO  server.RaftServerConfigKeys (ConfUtils.java:logGet(43)) - raft.server.log.purge.gap = 1000000 (custom)
2019-09-12 10:31:46,139 [pool-262-thread-1] INFO  server.RaftServerConfigKeys (ConfUtils.java:logGet(43)) - raft.server.log.appender.buffer.byte-limit = 33554432 (custom)
2019-09-12 10:31:46,139 [pool-262-thread-1] INFO  server.RaftServerConfigKeys (ConfUtils.java:logGet(43)) - raft.server.log.segment.size.max = 1048576 (custom)
2019-09-12 10:31:46,139 [pool-262-thread-1] INFO  server.RaftServerConfigKeys (ConfUtils.java:logGet(43)) - raft.server.log.segment.cache.num.max = 2 (custom)
2019-09-12 10:31:46,139 [pool-262-thread-1] INFO  segmented.SegmentedRaftLogWorker (SegmentedRaftLogWorker.java:<init>(172)) - new ad8ae342-df06-4311-9d84-524877c98111-SegmentedRaftLogWorker:Storage Directory /workdir/hadoop-ozone/integration-test/target/test-dir/MiniOzoneClusterImpl-d867a4e1-154a-4113-b5e4-c09c14df2894/datanode-4/data/ratis/70b4f543-8778-4fbd-ad14-4ce3eea348cb for RaftStorage:Storage Directory /workdir/hadoop-ozone/integration-test/target/test-dir/MiniOzoneClusterImpl-d867a4e1-154a-4113-b5e4-c09c14df2894/datanode-4/data/ratis/70b4f543-8778-4fbd-ad14-4ce3eea348cb
2019-09-12 10:31:46,139 [pool-262-thread-1] INFO  server.RaftServerConfigKeys (ConfUtils.java:logGet(43)) - raft.server.log.queue.byte-limit = 2147483647 (custom)
2019-09-12 10:31:46,139 [pool-262-thread-1] INFO  server.RaftServerConfigKeys (ConfUtils.java:logGet(43)) - raft.server.log.queue.element-limit = 1024 (custom)
2019-09-12 10:31:46,139 [pool-262-thread-1] INFO  server.RaftServerConfigKeys (ConfUtils.java:logGet(43)) - raft.server.log.segment.size.max = 1048576 (custom)
2019-09-12 10:31:46,139 [pool-262-thread-1] INFO  server.RaftServerConfigKeys (ConfUtils.java:logGet(43)) - raft.server.log.preallocated.size = 16384 (custom)
2019-09-12 10:31:46,140 [pool-262-thread-1] INFO  server.RaftServerConfigKeys (ConfUtils.java:logGet(43)) - raft.server.log.write.buffer.size = 33554432 (custom)
2019-09-12 10:31:46,140 [pool-262-thread-1] INFO  server.RaftServerConfigKeys (ConfUtils.java:logGet(43)) - raft.server.log.force.sync.num = 128 (default)
2019-09-12 10:31:46,140 [pool-262-thread-1] INFO  server.RaftServerConfigKeys (ConfUtils.java:logGet(43)) - raft.server.log.statemachine.data.sync = true (default)
2019-09-12 10:31:46,140 [pool-262-thread-1] INFO  server.RaftServerConfigKeys (ConfUtils.java:logGet(43)) - raft.server.log.statemachine.data.sync.timeout = 10s (default)
2019-09-12 10:31:46,140 [pool-262-thread-1] INFO  server.RaftServerConfigKeys (ConfUtils.java:logGet(43)) - raft.server.log.statemachine.data.sync.timeout.retry = -1 (default)
2019-09-12 10:31:46,140 [pool-262-thread-1] INFO  server.RaftServerConfigKeys (ConfUtils.java:logGet(43)) - raft.server.log.statemachine.data.caching.enabled = true (custom)
2019-09-12 10:31:46,140 [pool-262-thread-1] INFO  segmented.SegmentedRaftLogWorker (SegmentedRaftLogWorker.java:lambda$new$0(132)) - ad8ae342-df06-4311-9d84-524877c98111-SegmentedRaftLogWorker:Storage Directory /workdir/hadoop-ozone/integration-test/target/test-dir/MiniOzoneClusterImpl-d867a4e1-154a-4113-b5e4-c09c14df2894/datanode-4/data/ratis/70b4f543-8778-4fbd-ad14-4ce3eea348cb: flushIndex: setUnconditionally 0 -> -1
2019-09-12 10:31:46,140 [pool-262-thread-1] INFO  server.RaftServerConfigKeys (ConfUtils.java:logGet(43)) - raft.server.snapshot.auto.trigger.enabled = true (custom)
2019-09-12 10:31:46,141 [pool-262-thread-1] INFO  server.RaftServerConfigKeys (ConfUtils.java:logGet(43)) - raft.server.snapshot.auto.trigger.threshold = 10000 (custom)
2019-09-12 10:31:46,141 [pool-262-thread-1] INFO  server.RaftServerConfigKeys (ConfUtils.java:logGet(43)) - raft.server.retrycache.expirytime = 600000ms (custom)
2019-09-12 10:31:46,141 [pool-262-thread-1] INFO  impl.RaftServerImpl (RaftServerImpl.java:start(180)) - ad8ae342-df06-4311-9d84-524877c98111: start group-4CE3EEA348CB
2019-09-12 10:31:46,141 [pool-262-thread-1] INFO  impl.RaftServerImpl (RaftServerImpl.java:setRole(171)) - ad8ae342-df06-4311-9d84-524877c98111:group-4CE3EEA348CB changes role from null to FOLLOWER at term 0 for startAsFollower
2019-09-12 10:31:46,141 [pool-262-thread-1] INFO  impl.RoleInfo (RoleInfo.java:updateAndGet(143)) - ad8ae342-df06-4311-9d84-524877c98111: start FollowerState
2019-09-12 10:31:46,141 [pool-262-thread-1] INFO  util.JmxRegister (JmxRegister.java:tryRegister(44)) - Successfully registered JMX Bean with object name Ratis:service=RaftServer,group=group-4CE3EEA348CB,id=ad8ae342-df06-4311-9d84-524877c98111
2019-09-12 10:31:46,144 [RatisPipelineUtilsThread] INFO  pipeline.PipelineStateManager (PipelineStateManager.java:addPipeline(56)) - Created pipeline Pipeline[ Id: 70b4f543-8778-4fbd-ad14-4ce3eea348cb, Nodes: ad8ae342-df06-4311-9d84-524877c98111{ip: 192.168.36.114, host: pr-hdds-1569-58hkm-1881083799, networkLocation: /default-rack, certSerialId: null}, Type:RATIS, Factor:ONE, State:OPEN]
2019-09-12 10:31:46,144 [RatisPipelineUtilsThread] ERROR pipeline.PipelinePlacementPolicy (PipelinePlacementPolicy.java:meetCriteria(92)) - Pipeline Placement: Doesn't meet the criteria to be viable node. Heaviness: 6
2019-09-12 10:31:46,144 [RatisPipelineUtilsThread] ERROR pipeline.PipelinePlacementPolicy (PipelinePlacementPolicy.java:meetCriteria(92)) - Pipeline Placement: Doesn't meet the criteria to be viable node. Heaviness: 6
2019-09-12 10:31:46,145 [RatisPipelineUtilsThread] ERROR pipeline.PipelinePlacementPolicy (PipelinePlacementPolicy.java:meetCriteria(92)) - Pipeline Placement: Doesn't meet the criteria to be viable node. Heaviness: 6
2019-09-12 10:31:46,145 [RatisPipelineUtilsThread] ERROR pipeline.PipelinePlacementPolicy (PipelinePlacementPolicy.java:meetCriteria(92)) - Pipeline Placement: Doesn't meet the criteria to be viable node. Heaviness: 6
2019-09-12 10:31:46,149 [grpc-default-executor-0] INFO  impl.RaftServerProxy (RaftServerProxy.java:addNew(89)) - ad8ae342-df06-4311-9d84-524877c98111: addNew group-66F56E0CF95C:[ad8ae342-df06-4311-9d84-524877c98111:192.168.36.114:39527] returns group-66F56E0CF95C:java.util.concurrent.CompletableFuture@3c98f59[Not completed]
2019-09-12 10:31:46,150 [pool-262-thread-1] INFO  impl.RaftServerImpl (RaftServerImpl.java:<init>(93)) - ad8ae342-df06-4311-9d84-524877c98111: new RaftServerImpl for group-66F56E0CF95C:[ad8ae342-df06-4311-9d84-524877c98111:192.168.36.114:39527] with ContainerStateMachine:uninitialized
2019-09-12 10:31:46,150 [pool-262-thread-1] INFO  server.RaftServerConfigKeys (ConfUtils.java:logGet(43)) - raft.server.rpc.timeout.min = 5s (custom)
2019-09-12 10:31:46,150 [pool-262-thread-1] INFO  server.RaftServerConfigKeys (ConfUtils.java:logGet(43)) - raft.server.rpc.timeout.max = 5200ms (custom)
2019-09-12 10:31:46,150 [pool-262-thread-1] INFO  server.RaftServerConfigKeys (ConfUtils.java:logGet(43)) - raft.server.rpcslowness.timeout = 120s (custom)
2019-09-12 10:31:46,150 [pool-262-thread-1] INFO  server.RaftServerConfigKeys (ConfUtils.java:logGet(43)) - raft.server.sleep.deviation.threshold = 300 (default)
2019-09-12 10:31:46,150 [pool-262-thread-1] INFO  server.RaftServerConfigKeys (ConfUtils.java:logGet(43)) - raft.server.log.appender.install.snapshot.enabled = false (custom)
2019-09-12 10:31:46,151 [pool-262-thread-1] INFO  impl.RaftServerImpl (ServerState.java:<init>(105)) - ad8ae342-df06-4311-9d84-524877c98111:group-66F56E0CF95C ConfigurationManager, init=-1: [ad8ae342-df06-4311-9d84-524877c98111:192.168.36.114:39527], old=null, confs=<EMPTY_MAP>
2019-09-12 10:31:46,151 [pool-262-thread-1] INFO  server.RaftServerConfigKeys (ConfUtils.java:logGet(43)) - raft.server.storage.dir = [/workdir/hadoop-ozone/integration-test/target/test-dir/MiniOzoneClusterImpl-d867a4e1-154a-4113-b5e4-c09c14df2894/datanode-4/data/ratis] (custom)
2019-09-12 10:31:46,151 [pool-262-thread-1] INFO  storage.RaftStorageDirectory (RaftStorageDirectory.java:analyzeStorage(246)) - The storage directory /workdir/hadoop-ozone/integration-test/target/test-dir/MiniOzoneClusterImpl-d867a4e1-154a-4113-b5e4-c09c14df2894/datanode-4/data/ratis/decc5677-f958-4f57-9802-66f56e0cf95c does not exist. Creating ...
2019-09-12 10:31:46,157 [pool-262-thread-1] INFO  storage.RaftStorageDirectory (RaftStorageDirectory.java:tryLock(328)) - Lock on /workdir/hadoop-ozone/integration-test/target/test-dir/MiniOzoneClusterImpl-d867a4e1-154a-4113-b5e4-c09c14df2894/datanode-4/data/ratis/decc5677-f958-4f57-9802-66f56e0cf95c/in_use.lock acquired by nodename 1396@pr-hdds-1569-58hkm-1881083799
2019-09-12 10:31:46,172 [pool-262-thread-1] INFO  storage.RaftStorage (RaftStorage.java:format(72)) - Storage directory /workdir/hadoop-ozone/integration-test/target/test-dir/MiniOzoneClusterImpl-d867a4e1-154a-4113-b5e4-c09c14df2894/datanode-4/data/ratis/decc5677-f958-4f57-9802-66f56e0cf95c has been successfully formatted.
2019-09-12 10:31:46,172 [pool-262-thread-1] INFO  ratis.ContainerStateMachine (ContainerStateMachine.java:loadSnapshot(226)) - group-66F56E0CF95C: The snapshot info is null. Setting the last applied indexto:(t:0, i:~)
2019-09-12 10:31:46,172 [pool-262-thread-1] INFO  server.RaftServerConfigKeys (ConfUtils.java:logGet(43)) - raft.server.leader.election.timeout = 120s (custom)
2019-09-12 10:31:46,172 [pool-262-thread-1] INFO  server.RaftServerConfigKeys (ConfUtils.java:logGet(43)) - raft.server.log.use.memory = false (default)
2019-09-12 10:31:46,172 [pool-262-thread-1] INFO  server.RaftServerConfigKeys (ConfUtils.java:logGet(43)) - raft.server.log.purge.gap = 1000000 (custom)
2019-09-12 10:31:46,173 [pool-262-thread-1] INFO  server.RaftServerConfigKeys (ConfUtils.java:logGet(43)) - raft.server.log.appender.buffer.byte-limit = 33554432 (custom)
2019-09-12 10:31:46,173 [pool-262-thread-1] INFO  server.RaftServerConfigKeys (ConfUtils.java:logGet(43)) - raft.server.log.segment.size.max = 1048576 (custom)
2019-09-12 10:31:46,173 [pool-262-thread-1] INFO  server.RaftServerConfigKeys (ConfUtils.java:logGet(43)) - raft.server.log.segment.cache.num.max = 2 (custom)
2019-09-12 10:31:46,173 [pool-262-thread-1] INFO  segmented.SegmentedRaftLogWorker (SegmentedRaftLogWorker.java:<init>(172)) - new ad8ae342-df06-4311-9d84-524877c98111-SegmentedRaftLogWorker:Storage Directory /workdir/hadoop-ozone/integration-test/target/test-dir/MiniOzoneClusterImpl-d867a4e1-154a-4113-b5e4-c09c14df2894/datanode-4/data/ratis/decc5677-f958-4f57-9802-66f56e0cf95c for RaftStorage:Storage Directory /workdir/hadoop-ozone/integration-test/target/test-dir/MiniOzoneClusterImpl-d867a4e1-154a-4113-b5e4-c09c14df2894/datanode-4/data/ratis/decc5677-f958-4f57-9802-66f56e0cf95c
2019-09-12 10:31:46,173 [pool-262-thread-1] INFO  server.RaftServerConfigKeys (ConfUtils.java:logGet(43)) - raft.server.log.queue.byte-limit = 2147483647 (custom)
2019-09-12 10:31:46,173 [pool-262-thread-1] INFO  server.RaftServerConfigKeys (ConfUtils.java:logGet(43)) - raft.server.log.queue.element-limit = 1024 (custom)
2019-09-12 10:31:46,173 [pool-262-thread-1] INFO  server.RaftServerConfigKeys (ConfUtils.java:logGet(43)) - raft.server.log.segment.size.max = 1048576 (custom)
2019-09-12 10:31:46,173 [pool-262-thread-1] INFO  server.RaftServerConfigKeys (ConfUtils.java:logGet(43)) - raft.server.log.preallocated.size = 16384 (custom)
2019-09-12 10:31:46,174 [pool-262-thread-1] INFO  server.RaftServerConfigKeys (ConfUtils.java:logGet(43)) - raft.server.log.write.buffer.size = 33554432 (custom)
2019-09-12 10:31:46,174 [pool-262-thread-1] INFO  server.RaftServerConfigKeys (ConfUtils.java:logGet(43)) - raft.server.log.force.sync.num = 128 (default)
2019-09-12 10:31:46,174 [pool-262-thread-1] INFO  server.RaftServerConfigKeys (ConfUtils.java:logGet(43)) - raft.server.log.statemachine.data.sync = true (default)
2019-09-12 10:31:46,174 [pool-262-thread-1] INFO  server.RaftServerConfigKeys (ConfUtils.java:logGet(43)) - raft.server.log.statemachine.data.sync.timeout = 10s (default)
2019-09-12 10:31:46,174 [pool-262-thread-1] INFO  server.RaftServerConfigKeys (ConfUtils.java:logGet(43)) - raft.server.log.statemachine.data.sync.timeout.retry = -1 (default)
2019-09-12 10:31:46,174 [pool-262-thread-1] INFO  server.RaftServerConfigKeys (ConfUtils.java:logGet(43)) - raft.server.log.statemachine.data.caching.enabled = true (custom)
2019-09-12 10:31:46,174 [pool-262-thread-1] INFO  segmented.SegmentedRaftLogWorker (SegmentedRaftLogWorker.java:lambda$new$0(132)) - ad8ae342-df06-4311-9d84-524877c98111-SegmentedRaftLogWorker:Storage Directory /workdir/hadoop-ozone/integration-test/target/test-dir/MiniOzoneClusterImpl-d867a4e1-154a-4113-b5e4-c09c14df2894/datanode-4/data/ratis/decc5677-f958-4f57-9802-66f56e0cf95c: flushIndex: setUnconditionally 0 -> -1
2019-09-12 10:31:46,175 [pool-262-thread-1] INFO  server.RaftServerConfigKeys (ConfUtils.java:logGet(43)) - raft.server.snapshot.auto.trigger.enabled = true (custom)
2019-09-12 10:31:46,175 [pool-262-thread-1] INFO  server.RaftServerConfigKeys (ConfUtils.java:logGet(43)) - raft.server.snapshot.auto.trigger.threshold = 10000 (custom)
2019-09-12 10:31:46,175 [pool-262-thread-1] INFO  server.RaftServerConfigKeys (ConfUtils.java:logGet(43)) - raft.server.retrycache.expirytime = 600000ms (custom)
2019-09-12 10:31:46,175 [pool-262-thread-1] INFO  impl.RaftServerImpl (RaftServerImpl.java:start(180)) - ad8ae342-df06-4311-9d84-524877c98111: start group-66F56E0CF95C
2019-09-12 10:31:46,175 [pool-262-thread-1] INFO  impl.RaftServerImpl (RaftServerImpl.java:setRole(171)) - ad8ae342-df06-4311-9d84-524877c98111:group-66F56E0CF95C changes role from null to FOLLOWER at term 0 for startAsFollower
2019-09-12 10:31:46,175 [pool-262-thread-1] INFO  impl.RoleInfo (RoleInfo.java:updateAndGet(143)) - ad8ae342-df06-4311-9d84-524877c98111: start FollowerState
2019-09-12 10:31:46,176 [pool-262-thread-1] INFO  util.JmxRegister (JmxRegister.java:tryRegister(44)) - Successfully registered JMX Bean with object name Ratis:service=RaftServer,group=group-66F56E0CF95C,id=ad8ae342-df06-4311-9d84-524877c98111
2019-09-12 10:31:46,178 [RatisPipelineUtilsThread] INFO  pipeline.PipelineStateManager (PipelineStateManager.java:addPipeline(56)) - Created pipeline Pipeline[ Id: decc5677-f958-4f57-9802-66f56e0cf95c, Nodes: ad8ae342-df06-4311-9d84-524877c98111{ip: 192.168.36.114, host: pr-hdds-1569-58hkm-1881083799, networkLocation: /default-rack, certSerialId: null}, Type:RATIS, Factor:ONE, State:OPEN]
2019-09-12 10:31:46,179 [RatisPipelineUtilsThread] ERROR pipeline.PipelinePlacementPolicy (PipelinePlacementPolicy.java:meetCriteria(92)) - Pipeline Placement: Doesn't meet the criteria to be viable node. Heaviness: 6
2019-09-12 10:31:46,179 [RatisPipelineUtilsThread] ERROR pipeline.PipelinePlacementPolicy (PipelinePlacementPolicy.java:meetCriteria(92)) - Pipeline Placement: Doesn't meet the criteria to be viable node. Heaviness: 6
2019-09-12 10:31:46,179 [RatisPipelineUtilsThread] ERROR pipeline.PipelinePlacementPolicy (PipelinePlacementPolicy.java:meetCriteria(92)) - Pipeline Placement: Doesn't meet the criteria to be viable node. Heaviness: 6
2019-09-12 10:31:46,179 [RatisPipelineUtilsThread] ERROR pipeline.PipelinePlacementPolicy (PipelinePlacementPolicy.java:meetCriteria(92)) - Pipeline Placement: Doesn't meet the criteria to be viable node. Heaviness: 6
2019-09-12 10:31:46,184 [grpc-default-executor-0] INFO  impl.RaftServerProxy (RaftServerProxy.java:addNew(89)) - ad8ae342-df06-4311-9d84-524877c98111: addNew group-AA6291B3F0BA:[ad8ae342-df06-4311-9d84-524877c98111:192.168.36.114:39527] returns group-AA6291B3F0BA:java.util.concurrent.CompletableFuture@56401e39[Not completed]
2019-09-12 10:31:46,185 [pool-262-thread-1] INFO  impl.RaftServerImpl (RaftServerImpl.java:<init>(93)) - ad8ae342-df06-4311-9d84-524877c98111: new RaftServerImpl for group-AA6291B3F0BA:[ad8ae342-df06-4311-9d84-524877c98111:192.168.36.114:39527] with ContainerStateMachine:uninitialized
2019-09-12 10:31:46,186 [pool-262-thread-1] INFO  server.RaftServerConfigKeys (ConfUtils.java:logGet(43)) - raft.server.rpc.timeout.min = 5s (custom)
2019-09-12 10:31:46,186 [pool-262-thread-1] INFO  server.RaftServerConfigKeys (ConfUtils.java:logGet(43)) - raft.server.rpc.timeout.max = 5200ms (custom)
2019-09-12 10:31:46,186 [pool-262-thread-1] INFO  server.RaftServerConfigKeys (ConfUtils.java:logGet(43)) - raft.server.rpcslowness.timeout = 120s (custom)
2019-09-12 10:31:46,186 [pool-262-thread-1] INFO  server.RaftServerConfigKeys (ConfUtils.java:logGet(43)) - raft.server.sleep.deviation.threshold = 300 (default)
2019-09-12 10:31:46,186 [pool-262-thread-1] INFO  server.RaftServerConfigKeys (ConfUtils.java:logGet(43)) - raft.server.log.appender.install.snapshot.enabled = false (custom)
2019-09-12 10:31:46,186 [pool-262-thread-1] INFO  impl.RaftServerImpl (ServerState.java:<init>(105)) - ad8ae342-df06-4311-9d84-524877c98111:group-AA6291B3F0BA ConfigurationManager, init=-1: [ad8ae342-df06-4311-9d84-524877c98111:192.168.36.114:39527], old=null, confs=<EMPTY_MAP>
2019-09-12 10:31:46,186 [pool-262-thread-1] INFO  server.RaftServerConfigKeys (ConfUtils.java:logGet(43)) - raft.server.storage.dir = [/workdir/hadoop-ozone/integration-test/target/test-dir/MiniOzoneClusterImpl-d867a4e1-154a-4113-b5e4-c09c14df2894/datanode-4/data/ratis] (custom)
2019-09-12 10:31:46,187 [pool-262-thread-1] INFO  storage.RaftStorageDirectory (RaftStorageDirectory.java:analyzeStorage(246)) - The storage directory /workdir/hadoop-ozone/integration-test/target/test-dir/MiniOzoneClusterImpl-d867a4e1-154a-4113-b5e4-c09c14df2894/datanode-4/data/ratis/4f22ba6b-543a-42db-a4b2-aa6291b3f0ba does not exist. Creating ...
2019-09-12 10:31:46,211 [pool-262-thread-1] INFO  storage.RaftStorageDirectory (RaftStorageDirectory.java:tryLock(328)) - Lock on /workdir/hadoop-ozone/integration-test/target/test-dir/MiniOzoneClusterImpl-d867a4e1-154a-4113-b5e4-c09c14df2894/datanode-4/data/ratis/4f22ba6b-543a-42db-a4b2-aa6291b3f0ba/in_use.lock acquired by nodename 1396@pr-hdds-1569-58hkm-1881083799
2019-09-12 10:31:46,225 [pool-262-thread-1] INFO  storage.RaftStorage (RaftStorage.java:format(72)) - Storage directory /workdir/hadoop-ozone/integration-test/target/test-dir/MiniOzoneClusterImpl-d867a4e1-154a-4113-b5e4-c09c14df2894/datanode-4/data/ratis/4f22ba6b-543a-42db-a4b2-aa6291b3f0ba has been successfully formatted.
2019-09-12 10:31:46,225 [pool-262-thread-1] INFO  ratis.ContainerStateMachine (ContainerStateMachine.java:loadSnapshot(226)) - group-AA6291B3F0BA: The snapshot info is null. Setting the last applied indexto:(t:0, i:~)
2019-09-12 10:31:46,225 [pool-262-thread-1] INFO  server.RaftServerConfigKeys (ConfUtils.java:logGet(43)) - raft.server.leader.election.timeout = 120s (custom)
2019-09-12 10:31:46,225 [pool-262-thread-1] INFO  server.RaftServerConfigKeys (ConfUtils.java:logGet(43)) - raft.server.log.use.memory = false (default)
2019-09-12 10:31:46,225 [pool-262-thread-1] INFO  server.RaftServerConfigKeys (ConfUtils.java:logGet(43)) - raft.server.log.purge.gap = 1000000 (custom)
2019-09-12 10:31:46,226 [pool-262-thread-1] INFO  server.RaftServerConfigKeys (ConfUtils.java:logGet(43)) - raft.server.log.appender.buffer.byte-limit = 33554432 (custom)
2019-09-12 10:31:46,226 [pool-262-thread-1] INFO  server.RaftServerConfigKeys (ConfUtils.java:logGet(43)) - raft.server.log.segment.size.max = 1048576 (custom)
2019-09-12 10:31:46,226 [pool-262-thread-1] INFO  server.RaftServerConfigKeys (ConfUtils.java:logGet(43)) - raft.server.log.segment.cache.num.max = 2 (custom)
2019-09-12 10:31:46,226 [pool-262-thread-1] INFO  segmented.SegmentedRaftLogWorker (SegmentedRaftLogWorker.java:<init>(172)) - new ad8ae342-df06-4311-9d84-524877c98111-SegmentedRaftLogWorker:Storage Directory /workdir/hadoop-ozone/integration-test/target/test-dir/MiniOzoneClusterImpl-d867a4e1-154a-4113-b5e4-c09c14df2894/datanode-4/data/ratis/4f22ba6b-543a-42db-a4b2-aa6291b3f0ba for RaftStorage:Storage Directory /workdir/hadoop-ozone/integration-test/target/test-dir/MiniOzoneClusterImpl-d867a4e1-154a-4113-b5e4-c09c14df2894/datanode-4/data/ratis/4f22ba6b-543a-42db-a4b2-aa6291b3f0ba
2019-09-12 10:31:46,226 [pool-262-thread-1] INFO  server.RaftServerConfigKeys (ConfUtils.java:logGet(43)) - raft.server.log.queue.byte-limit = 2147483647 (custom)
2019-09-12 10:31:46,226 [pool-262-thread-1] INFO  server.RaftServerConfigKeys (ConfUtils.java:logGet(43)) - raft.server.log.queue.element-limit = 1024 (custom)
2019-09-12 10:31:46,226 [pool-262-thread-1] INFO  server.RaftServerConfigKeys (ConfUtils.java:logGet(43)) - raft.server.log.segment.size.max = 1048576 (custom)
2019-09-12 10:31:46,227 [pool-262-thread-1] INFO  server.RaftServerConfigKeys (ConfUtils.java:logGet(43)) - raft.server.log.preallocated.size = 16384 (custom)
2019-09-12 10:31:46,227 [pool-262-thread-1] INFO  server.RaftServerConfigKeys (ConfUtils.java:logGet(43)) - raft.server.log.write.buffer.size = 33554432 (custom)
2019-09-12 10:31:46,227 [pool-262-thread-1] INFO  server.RaftServerConfigKeys (ConfUtils.java:logGet(43)) - raft.server.log.force.sync.num = 128 (default)
2019-09-12 10:31:46,227 [pool-262-thread-1] INFO  server.RaftServerConfigKeys (ConfUtils.java:logGet(43)) - raft.server.log.statemachine.data.sync = true (default)
2019-09-12 10:31:46,227 [pool-262-thread-1] INFO  server.RaftServerConfigKeys (ConfUtils.java:logGet(43)) - raft.server.log.statemachine.data.sync.timeout = 10s (default)
2019-09-12 10:31:46,227 [pool-262-thread-1] INFO  server.RaftServerConfigKeys (ConfUtils.java:logGet(43)) - raft.server.log.statemachine.data.sync.timeout.retry = -1 (default)
2019-09-12 10:31:46,227 [pool-262-thread-1] INFO  server.RaftServerConfigKeys (ConfUtils.java:logGet(43)) - raft.server.log.statemachine.data.caching.enabled = true (custom)
2019-09-12 10:31:46,228 [pool-262-thread-1] INFO  segmented.SegmentedRaftLogWorker (SegmentedRaftLogWorker.java:lambda$new$0(132)) - ad8ae342-df06-4311-9d84-524877c98111-SegmentedRaftLogWorker:Storage Directory /workdir/hadoop-ozone/integration-test/target/test-dir/MiniOzoneClusterImpl-d867a4e1-154a-4113-b5e4-c09c14df2894/datanode-4/data/ratis/4f22ba6b-543a-42db-a4b2-aa6291b3f0ba: flushIndex: setUnconditionally 0 -> -1
2019-09-12 10:31:46,228 [pool-262-thread-1] INFO  server.RaftServerConfigKeys (ConfUtils.java:logGet(43)) - raft.server.snapshot.auto.trigger.enabled = true (custom)
2019-09-12 10:31:46,228 [pool-262-thread-1] INFO  server.RaftServerConfigKeys (ConfUtils.java:logGet(43)) - raft.server.snapshot.auto.trigger.threshold = 10000 (custom)
2019-09-12 10:31:46,228 [pool-262-thread-1] INFO  server.RaftServerConfigKeys (ConfUtils.java:logGet(43)) - raft.server.retrycache.expirytime = 600000ms (custom)
2019-09-12 10:31:46,229 [pool-262-thread-1] INFO  impl.RaftServerImpl (RaftServerImpl.java:start(180)) - ad8ae342-df06-4311-9d84-524877c98111: start group-AA6291B3F0BA
2019-09-12 10:31:46,229 [pool-262-thread-1] INFO  impl.RaftServerImpl (RaftServerImpl.java:setRole(171)) - ad8ae342-df06-4311-9d84-524877c98111:group-AA6291B3F0BA changes role from null to FOLLOWER at term 0 for startAsFollower
2019-09-12 10:31:46,229 [pool-262-thread-1] INFO  impl.RoleInfo (RoleInfo.java:updateAndGet(143)) - ad8ae342-df06-4311-9d84-524877c98111: start FollowerState
2019-09-12 10:31:46,229 [pool-262-thread-1] INFO  util.JmxRegister (JmxRegister.java:tryRegister(44)) - Successfully registered JMX Bean with object name Ratis:service=RaftServer,group=group-AA6291B3F0BA,id=ad8ae342-df06-4311-9d84-524877c98111
2019-09-12 10:31:46,232 [RatisPipelineUtilsThread] INFO  pipeline.PipelineStateManager (PipelineStateManager.java:addPipeline(56)) - Created pipeline Pipeline[ Id: 4f22ba6b-543a-42db-a4b2-aa6291b3f0ba, Nodes: ad8ae342-df06-4311-9d84-524877c98111{ip: 192.168.36.114, host: pr-hdds-1569-58hkm-1881083799, networkLocation: /default-rack, certSerialId: null}, Type:RATIS, Factor:ONE, State:OPEN]
2019-09-12 10:31:46,232 [RatisPipelineUtilsThread] ERROR pipeline.PipelinePlacementPolicy (PipelinePlacementPolicy.java:meetCriteria(92)) - Pipeline Placement: Doesn't meet the criteria to be viable node. Heaviness: 6
2019-09-12 10:31:46,232 [RatisPipelineUtilsThread] ERROR pipeline.PipelinePlacementPolicy (PipelinePlacementPolicy.java:meetCriteria(92)) - Pipeline Placement: Doesn't meet the criteria to be viable node. Heaviness: 6
2019-09-12 10:31:46,233 [RatisPipelineUtilsThread] ERROR pipeline.PipelinePlacementPolicy (PipelinePlacementPolicy.java:meetCriteria(92)) - Pipeline Placement: Doesn't meet the criteria to be viable node. Heaviness: 6
2019-09-12 10:31:46,233 [RatisPipelineUtilsThread] ERROR pipeline.PipelinePlacementPolicy (PipelinePlacementPolicy.java:meetCriteria(92)) - Pipeline Placement: Doesn't meet the criteria to be viable node. Heaviness: 6
2019-09-12 10:31:46,233 [RatisPipelineUtilsThread] ERROR pipeline.PipelinePlacementPolicy (PipelinePlacementPolicy.java:meetCriteria(92)) - Pipeline Placement: Doesn't meet the criteria to be viable node. Heaviness: 6
2019-09-12 10:31:46,233 [RatisPipelineUtilsThread] ERROR pipeline.PipelinePlacementPolicy (PipelinePlacementPolicy.java:filterViableNodes(147)) - Unable to find enough nodes that meet the criteria that cannot engage in more than 5 pipelines. Nodes required: 1 Found: 0, healthy nodes count inNodeManager: 5.
2019-09-12 10:31:46,233 [RatisPipelineUtilsThread] ERROR pipeline.SCMPipelineManager (SCMPipelineManager.java:createPipeline(161)) - Pipeline creation failed due to exception: Unable to find enough nodes that meet the criteria that cannot engage in more than 5 pipelines. Nodes required: 1 Found: 0, healthy nodes count inNodeManager: 5.
2019-09-12 10:31:46,233 [RatisPipelineUtilsThread] ERROR pipeline.PipelinePlacementPolicy (PipelinePlacementPolicy.java:meetCriteria(92)) - Pipeline Placement: Doesn't meet the criteria to be viable node. Heaviness: 6
2019-09-12 10:31:46,234 [RatisPipelineUtilsThread] ERROR pipeline.PipelinePlacementPolicy (PipelinePlacementPolicy.java:meetCriteria(92)) - Pipeline Placement: Doesn't meet the criteria to be viable node. Heaviness: 6
2019-09-12 10:31:46,234 [RatisPipelineUtilsThread] ERROR pipeline.PipelinePlacementPolicy (PipelinePlacementPolicy.java:meetCriteria(92)) - Pipeline Placement: Doesn't meet the criteria to be viable node. Heaviness: 6
2019-09-12 10:31:46,234 [RatisPipelineUtilsThread] ERROR pipeline.PipelinePlacementPolicy (PipelinePlacementPolicy.java:meetCriteria(92)) - Pipeline Placement: Doesn't meet the criteria to be viable node. Heaviness: 6
2019-09-12 10:31:46,234 [RatisPipelineUtilsThread] ERROR pipeline.PipelinePlacementPolicy (PipelinePlacementPolicy.java:meetCriteria(92)) - Pipeline Placement: Doesn't meet the criteria to be viable node. Heaviness: 6
2019-09-12 10:31:46,234 [RatisPipelineUtilsThread] ERROR pipeline.PipelinePlacementPolicy (PipelinePlacementPolicy.java:filterViableNodes(147)) - Unable to find enough nodes that meet the criteria that cannot engage in more than 5 pipelines. Nodes required: 3 Found: 0, healthy nodes count inNodeManager: 5.
2019-09-12 10:31:46,234 [RatisPipelineUtilsThread] ERROR pipeline.SCMPipelineManager (SCMPipelineManager.java:createPipeline(161)) - Pipeline creation failed due to exception: Unable to find enough nodes that meet the criteria that cannot engage in more than 5 pipelines. Nodes required: 3 Found: 0, healthy nodes count inNodeManager: 5.
2019-09-12 10:31:46,291 [IPC Server handler 17 on 37405] INFO  net.NetworkTopology (NetworkTopologyImpl.java:add(110)) - Added a new node: /default-rack/1349d5ba-07d4-450a-9218-4f0361201438
2019-09-12 10:31:46,291 [RatisPipelineUtilsThread] ERROR pipeline.PipelinePlacementPolicy (PipelinePlacementPolicy.java:meetCriteria(92)) - Pipeline Placement: Doesn't meet the criteria to be viable node. Heaviness: 6
2019-09-12 10:31:46,291 [RatisPipelineUtilsThread] ERROR pipeline.PipelinePlacementPolicy (PipelinePlacementPolicy.java:meetCriteria(92)) - Pipeline Placement: Doesn't meet the criteria to be viable node. Heaviness: 6
2019-09-12 10:31:46,292 [RatisPipelineUtilsThread] ERROR pipeline.PipelinePlacementPolicy (PipelinePlacementPolicy.java:meetCriteria(92)) - Pipeline Placement: Doesn't meet the criteria to be viable node. Heaviness: 6
2019-09-12 10:31:46,292 [RatisPipelineUtilsThread] ERROR pipeline.PipelinePlacementPolicy (PipelinePlacementPolicy.java:meetCriteria(92)) - Pipeline Placement: Doesn't meet the criteria to be viable node. Heaviness: 6
2019-09-12 10:31:46,292 [RatisPipelineUtilsThread] ERROR pipeline.PipelinePlacementPolicy (PipelinePlacementPolicy.java:meetCriteria(92)) - Pipeline Placement: Doesn't meet the criteria to be viable node. Heaviness: 6
2019-09-12 10:31:46,291 [IPC Server handler 17 on 37405] INFO  node.SCMNodeManager (SCMNodeManager.java:register(273)) - Registered Data node : 1349d5ba-07d4-450a-9218-4f0361201438{ip: 192.168.36.114, host: pr-hdds-1569-58hkm-1881083799, networkLocation: /default-rack, certSerialId: null}
2019-09-12 10:31:46,293 | INFO  | SCMAudit | user=jenkins1000 | ip=192.168.36.114 | op=REGISTER {datanodeDetails=1349d5ba-07d4-450a-9218-4f0361201438{ip: 192.168.36.114, host: pr-hdds-1569-58hkm-1881083799, networkLocation: /default-rack, certSerialId: null}} | ret=SUCCESS |  
2019-09-12 10:31:46,298 | INFO  | SCMAudit | user=jenkins1000 | ip=192.168.36.114 | op=SEND_HEARTBEAT {datanodeUUID=2cb9d557-cb56-4745-8686-5e72b62e748a, command=[]} | ret=SUCCESS |  
2019-09-12 10:31:46,298 | INFO  | SCMAudit | user=jenkins1000 | ip=192.168.36.114 | op=SEND_HEARTBEAT {datanodeUUID=accf000b-d7b7-4fa5-9682-da82c4451e10, command=[]} | ret=SUCCESS |  
2019-09-12 10:31:46,299 | INFO  | SCMAudit | user=jenkins1000 | ip=192.168.36.114 | op=SEND_HEARTBEAT {datanodeUUID=2d50b591-d6e4-490f-9fa0-973ad5423bd7, command=[]} | ret=SUCCESS |  
2019-09-12 10:31:46,299 | INFO  | SCMAudit | user=jenkins1000 | ip=192.168.36.114 | op=SEND_HEARTBEAT {datanodeUUID=c54af6f8-a22e-478f-90e1-029d14059a99, command=[]} | ret=SUCCESS |  
2019-09-12 10:31:46,329 [grpc-default-executor-0] INFO  impl.RaftServerProxy (RaftServerProxy.java:addNew(89)) - 1349d5ba-07d4-450a-9218-4f0361201438: addNew group-A98239B1A7FC:[1349d5ba-07d4-450a-9218-4f0361201438:192.168.36.114:34435] returns group-A98239B1A7FC:java.util.concurrent.CompletableFuture@1a417224[Not completed]
2019-09-12 10:31:46,299 | INFO  | SCMAudit | user=jenkins1000 | ip=192.168.36.114 | op=SEND_HEARTBEAT {datanodeUUID=ff438662-24cf-49bb-bfc5-3308ec6d286b, command=[]} | ret=SUCCESS |  
2019-09-12 10:31:46,331 [pool-273-thread-1] INFO  impl.RaftServerImpl (RaftServerImpl.java:<init>(93)) - 1349d5ba-07d4-450a-9218-4f0361201438: new RaftServerImpl for group-A98239B1A7FC:[1349d5ba-07d4-450a-9218-4f0361201438:192.168.36.114:34435] with ContainerStateMachine:uninitialized
2019-09-12 10:31:46,331 [pool-273-thread-1] INFO  server.RaftServerConfigKeys (ConfUtils.java:logGet(43)) - raft.server.rpc.timeout.min = 5s (custom)
2019-09-12 10:31:46,331 [pool-273-thread-1] INFO  server.RaftServerConfigKeys (ConfUtils.java:logGet(43)) - raft.server.rpc.timeout.max = 5200ms (custom)
2019-09-12 10:31:46,331 [pool-273-thread-1] INFO  server.RaftServerConfigKeys (ConfUtils.java:logGet(43)) - raft.server.rpcslowness.timeout = 120s (custom)
2019-09-12 10:31:46,332 [pool-273-thread-1] INFO  server.RaftServerConfigKeys (ConfUtils.java:logGet(43)) - raft.server.sleep.deviation.threshold = 300 (default)
2019-09-12 10:31:46,332 [pool-273-thread-1] INFO  server.RaftServerConfigKeys (ConfUtils.java:logGet(43)) - raft.server.log.appender.install.snapshot.enabled = false (custom)
2019-09-12 10:31:46,332 [pool-273-thread-1] INFO  impl.RaftServerImpl (ServerState.java:<init>(105)) - 1349d5ba-07d4-450a-9218-4f0361201438:group-A98239B1A7FC ConfigurationManager, init=-1: [1349d5ba-07d4-450a-9218-4f0361201438:192.168.36.114:34435], old=null, confs=<EMPTY_MAP>
2019-09-12 10:31:46,332 [pool-273-thread-1] INFO  server.RaftServerConfigKeys (ConfUtils.java:logGet(43)) - raft.server.storage.dir = [/workdir/hadoop-ozone/integration-test/target/test-dir/MiniOzoneClusterImpl-d867a4e1-154a-4113-b5e4-c09c14df2894/datanode-5/data/ratis] (custom)
2019-09-12 10:31:46,333 [pool-273-thread-1] INFO  storage.RaftStorageDirectory (RaftStorageDirectory.java:analyzeStorage(246)) - The storage directory /workdir/hadoop-ozone/integration-test/target/test-dir/MiniOzoneClusterImpl-d867a4e1-154a-4113-b5e4-c09c14df2894/datanode-5/data/ratis/61385253-dac6-4c94-8754-a98239b1a7fc does not exist. Creating ...
2019-09-12 10:31:46,346 [pool-273-thread-1] INFO  storage.RaftStorageDirectory (RaftStorageDirectory.java:tryLock(328)) - Lock on /workdir/hadoop-ozone/integration-test/target/test-dir/MiniOzoneClusterImpl-d867a4e1-154a-4113-b5e4-c09c14df2894/datanode-5/data/ratis/61385253-dac6-4c94-8754-a98239b1a7fc/in_use.lock acquired by nodename 1396@pr-hdds-1569-58hkm-1881083799
2019-09-12 10:31:46,376 [pool-273-thread-1] INFO  storage.RaftStorage (RaftStorage.java:format(72)) - Storage directory /workdir/hadoop-ozone/integration-test/target/test-dir/MiniOzoneClusterImpl-d867a4e1-154a-4113-b5e4-c09c14df2894/datanode-5/data/ratis/61385253-dac6-4c94-8754-a98239b1a7fc has been successfully formatted.
2019-09-12 10:31:46,376 [pool-273-thread-1] INFO  ratis.ContainerStateMachine (ContainerStateMachine.java:loadSnapshot(226)) - group-A98239B1A7FC: The snapshot info is null. Setting the last applied indexto:(t:0, i:~)
2019-09-12 10:31:46,376 [pool-273-thread-1] INFO  server.RaftServerConfigKeys (ConfUtils.java:logGet(43)) - raft.server.leader.election.timeout = 120s (custom)
2019-09-12 10:31:46,376 [pool-273-thread-1] INFO  server.RaftServerConfigKeys (ConfUtils.java:logGet(43)) - raft.server.log.use.memory = false (default)
2019-09-12 10:31:46,377 [pool-273-thread-1] INFO  server.RaftServerConfigKeys (ConfUtils.java:logGet(43)) - raft.server.log.purge.gap = 1000000 (custom)
2019-09-12 10:31:46,377 [pool-273-thread-1] INFO  server.RaftServerConfigKeys (ConfUtils.java:logGet(43)) - raft.server.log.appender.buffer.byte-limit = 33554432 (custom)
2019-09-12 10:31:46,377 [pool-273-thread-1] INFO  server.RaftServerConfigKeys (ConfUtils.java:logGet(43)) - raft.server.log.segment.size.max = 1048576 (custom)
2019-09-12 10:31:46,377 [pool-273-thread-1] INFO  server.RaftServerConfigKeys (ConfUtils.java:logGet(43)) - raft.server.log.segment.cache.num.max = 2 (custom)
2019-09-12 10:31:46,377 [pool-273-thread-1] INFO  segmented.SegmentedRaftLogWorker (SegmentedRaftLogWorker.java:<init>(172)) - new 1349d5ba-07d4-450a-9218-4f0361201438-SegmentedRaftLogWorker:Storage Directory /workdir/hadoop-ozone/integration-test/target/test-dir/MiniOzoneClusterImpl-d867a4e1-154a-4113-b5e4-c09c14df2894/datanode-5/data/ratis/61385253-dac6-4c94-8754-a98239b1a7fc for RaftStorage:Storage Directory /workdir/hadoop-ozone/integration-test/target/test-dir/MiniOzoneClusterImpl-d867a4e1-154a-4113-b5e4-c09c14df2894/datanode-5/data/ratis/61385253-dac6-4c94-8754-a98239b1a7fc
2019-09-12 10:31:46,377 [pool-273-thread-1] INFO  server.RaftServerConfigKeys (ConfUtils.java:logGet(43)) - raft.server.log.queue.byte-limit = 2147483647 (custom)
2019-09-12 10:31:46,377 [pool-273-thread-1] INFO  server.RaftServerConfigKeys (ConfUtils.java:logGet(43)) - raft.server.log.queue.element-limit = 1024 (custom)
2019-09-12 10:31:46,378 [pool-273-thread-1] INFO  server.RaftServerConfigKeys (ConfUtils.java:logGet(43)) - raft.server.log.segment.size.max = 1048576 (custom)
2019-09-12 10:31:46,378 [pool-273-thread-1] INFO  server.RaftServerConfigKeys (ConfUtils.java:logGet(43)) - raft.server.log.preallocated.size = 16384 (custom)
2019-09-12 10:31:46,378 [pool-273-thread-1] INFO  server.RaftServerConfigKeys (ConfUtils.java:logGet(43)) - raft.server.log.write.buffer.size = 33554432 (custom)
2019-09-12 10:31:46,378 [pool-273-thread-1] INFO  server.RaftServerConfigKeys (ConfUtils.java:logGet(43)) - raft.server.log.force.sync.num = 128 (default)
2019-09-12 10:31:46,378 [pool-273-thread-1] INFO  server.RaftServerConfigKeys (ConfUtils.java:logGet(43)) - raft.server.log.statemachine.data.sync = true (default)
2019-09-12 10:31:46,378 [pool-273-thread-1] INFO  server.RaftServerConfigKeys (ConfUtils.java:logGet(43)) - raft.server.log.statemachine.data.sync.timeout = 10s (default)
2019-09-12 10:31:46,379 [pool-273-thread-1] INFO  server.RaftServerConfigKeys (ConfUtils.java:logGet(43)) - raft.server.log.statemachine.data.sync.timeout.retry = -1 (default)
2019-09-12 10:31:46,379 [pool-273-thread-1] INFO  server.RaftServerConfigKeys (ConfUtils.java:logGet(43)) - raft.server.log.statemachine.data.caching.enabled = true (custom)
2019-09-12 10:31:46,379 [pool-273-thread-1] INFO  segmented.SegmentedRaftLogWorker (SegmentedRaftLogWorker.java:lambda$new$0(132)) - 1349d5ba-07d4-450a-9218-4f0361201438-SegmentedRaftLogWorker:Storage Directory /workdir/hadoop-ozone/integration-test/target/test-dir/MiniOzoneClusterImpl-d867a4e1-154a-4113-b5e4-c09c14df2894/datanode-5/data/ratis/61385253-dac6-4c94-8754-a98239b1a7fc: flushIndex: setUnconditionally 0 -> -1
2019-09-12 10:31:46,380 [pool-273-thread-1] INFO  server.RaftServerConfigKeys (ConfUtils.java:logGet(43)) - raft.server.snapshot.auto.trigger.enabled = true (custom)
2019-09-12 10:31:46,380 [pool-273-thread-1] INFO  server.RaftServerConfigKeys (ConfUtils.java:logGet(43)) - raft.server.snapshot.auto.trigger.threshold = 10000 (custom)
2019-09-12 10:31:46,380 [pool-273-thread-1] INFO  server.RaftServerConfigKeys (ConfUtils.java:logGet(43)) - raft.server.retrycache.expirytime = 600000ms (custom)
2019-09-12 10:31:46,380 [pool-273-thread-1] INFO  impl.RaftServerImpl (RaftServerImpl.java:start(180)) - 1349d5ba-07d4-450a-9218-4f0361201438: start group-A98239B1A7FC
2019-09-12 10:31:46,380 [pool-273-thread-1] INFO  impl.RaftServerImpl (RaftServerImpl.java:setRole(171)) - 1349d5ba-07d4-450a-9218-4f0361201438:group-A98239B1A7FC changes role from null to FOLLOWER at term 0 for startAsFollower
2019-09-12 10:31:46,380 [pool-273-thread-1] INFO  impl.RoleInfo (RoleInfo.java:updateAndGet(143)) - 1349d5ba-07d4-450a-9218-4f0361201438: start FollowerState
2019-09-12 10:31:46,381 [pool-273-thread-1] INFO  util.JmxRegister (JmxRegister.java:tryRegister(44)) - Successfully registered JMX Bean with object name Ratis:service=RaftServer,group=group-A98239B1A7FC,id=1349d5ba-07d4-450a-9218-4f0361201438
2019-09-12 10:31:46,384 [RatisPipelineUtilsThread] INFO  pipeline.PipelineStateManager (PipelineStateManager.java:addPipeline(56)) - Created pipeline Pipeline[ Id: 61385253-dac6-4c94-8754-a98239b1a7fc, Nodes: 1349d5ba-07d4-450a-9218-4f0361201438{ip: 192.168.36.114, host: pr-hdds-1569-58hkm-1881083799, networkLocation: /default-rack, certSerialId: null}, Type:RATIS, Factor:ONE, State:OPEN]
2019-09-12 10:31:46,384 [RatisPipelineUtilsThread] ERROR pipeline.PipelinePlacementPolicy (PipelinePlacementPolicy.java:meetCriteria(92)) - Pipeline Placement: Doesn't meet the criteria to be viable node. Heaviness: 6
2019-09-12 10:31:46,384 [RatisPipelineUtilsThread] ERROR pipeline.PipelinePlacementPolicy (PipelinePlacementPolicy.java:meetCriteria(92)) - Pipeline Placement: Doesn't meet the criteria to be viable node. Heaviness: 6
2019-09-12 10:31:46,384 [RatisPipelineUtilsThread] ERROR pipeline.PipelinePlacementPolicy (PipelinePlacementPolicy.java:meetCriteria(92)) - Pipeline Placement: Doesn't meet the criteria to be viable node. Heaviness: 6
2019-09-12 10:31:46,384 [RatisPipelineUtilsThread] ERROR pipeline.PipelinePlacementPolicy (PipelinePlacementPolicy.java:meetCriteria(92)) - Pipeline Placement: Doesn't meet the criteria to be viable node. Heaviness: 6
2019-09-12 10:31:46,385 [RatisPipelineUtilsThread] ERROR pipeline.PipelinePlacementPolicy (PipelinePlacementPolicy.java:meetCriteria(92)) - Pipeline Placement: Doesn't meet the criteria to be viable node. Heaviness: 6
2019-09-12 10:31:46,390 [grpc-default-executor-0] INFO  impl.RaftServerProxy (RaftServerProxy.java:addNew(89)) - 1349d5ba-07d4-450a-9218-4f0361201438: addNew group-F15575A866C3:[1349d5ba-07d4-450a-9218-4f0361201438:192.168.36.114:34435] returns group-F15575A866C3:java.util.concurrent.CompletableFuture@614dbfd3[Not completed]
2019-09-12 10:31:46,391 [pool-273-thread-1] INFO  impl.RaftServerImpl (RaftServerImpl.java:<init>(93)) - 1349d5ba-07d4-450a-9218-4f0361201438: new RaftServerImpl for group-F15575A866C3:[1349d5ba-07d4-450a-9218-4f0361201438:192.168.36.114:34435] with ContainerStateMachine:uninitialized
2019-09-12 10:31:46,391 [pool-273-thread-1] INFO  server.RaftServerConfigKeys (ConfUtils.java:logGet(43)) - raft.server.rpc.timeout.min = 5s (custom)
2019-09-12 10:31:46,391 [pool-273-thread-1] INFO  server.RaftServerConfigKeys (ConfUtils.java:logGet(43)) - raft.server.rpc.timeout.max = 5200ms (custom)
2019-09-12 10:31:46,391 [pool-273-thread-1] INFO  server.RaftServerConfigKeys (ConfUtils.java:logGet(43)) - raft.server.rpcslowness.timeout = 120s (custom)
2019-09-12 10:31:46,391 [pool-273-thread-1] INFO  server.RaftServerConfigKeys (ConfUtils.java:logGet(43)) - raft.server.sleep.deviation.threshold = 300 (default)
2019-09-12 10:31:46,391 [pool-273-thread-1] INFO  server.RaftServerConfigKeys (ConfUtils.java:logGet(43)) - raft.server.log.appender.install.snapshot.enabled = false (custom)
2019-09-12 10:31:46,391 [pool-273-thread-1] INFO  impl.RaftServerImpl (ServerState.java:<init>(105)) - 1349d5ba-07d4-450a-9218-4f0361201438:group-F15575A866C3 ConfigurationManager, init=-1: [1349d5ba-07d4-450a-9218-4f0361201438:192.168.36.114:34435], old=null, confs=<EMPTY_MAP>
2019-09-12 10:31:46,391 [pool-273-thread-1] INFO  server.RaftServerConfigKeys (ConfUtils.java:logGet(43)) - raft.server.storage.dir = [/workdir/hadoop-ozone/integration-test/target/test-dir/MiniOzoneClusterImpl-d867a4e1-154a-4113-b5e4-c09c14df2894/datanode-5/data/ratis] (custom)
2019-09-12 10:31:46,392 [pool-273-thread-1] INFO  storage.RaftStorageDirectory (RaftStorageDirectory.java:analyzeStorage(246)) - The storage directory /workdir/hadoop-ozone/integration-test/target/test-dir/MiniOzoneClusterImpl-d867a4e1-154a-4113-b5e4-c09c14df2894/datanode-5/data/ratis/5a1ed244-edb3-4aff-af33-f15575a866c3 does not exist. Creating ...
2019-09-12 10:31:46,405 [pool-273-thread-1] INFO  storage.RaftStorageDirectory (RaftStorageDirectory.java:tryLock(328)) - Lock on /workdir/hadoop-ozone/integration-test/target/test-dir/MiniOzoneClusterImpl-d867a4e1-154a-4113-b5e4-c09c14df2894/datanode-5/data/ratis/5a1ed244-edb3-4aff-af33-f15575a866c3/in_use.lock acquired by nodename 1396@pr-hdds-1569-58hkm-1881083799
2019-09-12 10:31:46,417 [pool-273-thread-1] INFO  storage.RaftStorage (RaftStorage.java:format(72)) - Storage directory /workdir/hadoop-ozone/integration-test/target/test-dir/MiniOzoneClusterImpl-d867a4e1-154a-4113-b5e4-c09c14df2894/datanode-5/data/ratis/5a1ed244-edb3-4aff-af33-f15575a866c3 has been successfully formatted.
2019-09-12 10:31:46,418 [pool-273-thread-1] INFO  ratis.ContainerStateMachine (ContainerStateMachine.java:loadSnapshot(226)) - group-F15575A866C3: The snapshot info is null. Setting the last applied indexto:(t:0, i:~)
2019-09-12 10:31:46,418 [pool-273-thread-1] INFO  server.RaftServerConfigKeys (ConfUtils.java:logGet(43)) - raft.server.leader.election.timeout = 120s (custom)
2019-09-12 10:31:46,418 [pool-273-thread-1] INFO  server.RaftServerConfigKeys (ConfUtils.java:logGet(43)) - raft.server.log.use.memory = false (default)
2019-09-12 10:31:46,418 [pool-273-thread-1] INFO  server.RaftServerConfigKeys (ConfUtils.java:logGet(43)) - raft.server.log.purge.gap = 1000000 (custom)
2019-09-12 10:31:46,418 [pool-273-thread-1] INFO  server.RaftServerConfigKeys (ConfUtils.java:logGet(43)) - raft.server.log.appender.buffer.byte-limit = 33554432 (custom)
2019-09-12 10:31:46,418 [pool-273-thread-1] INFO  server.RaftServerConfigKeys (ConfUtils.java:logGet(43)) - raft.server.log.segment.size.max = 1048576 (custom)
2019-09-12 10:31:46,418 [pool-273-thread-1] INFO  server.RaftServerConfigKeys (ConfUtils.java:logGet(43)) - raft.server.log.segment.cache.num.max = 2 (custom)
2019-09-12 10:31:46,418 [pool-273-thread-1] INFO  segmented.SegmentedRaftLogWorker (SegmentedRaftLogWorker.java:<init>(172)) - new 1349d5ba-07d4-450a-9218-4f0361201438-SegmentedRaftLogWorker:Storage Directory /workdir/hadoop-ozone/integration-test/target/test-dir/MiniOzoneClusterImpl-d867a4e1-154a-4113-b5e4-c09c14df2894/datanode-5/data/ratis/5a1ed244-edb3-4aff-af33-f15575a866c3 for RaftStorage:Storage Directory /workdir/hadoop-ozone/integration-test/target/test-dir/MiniOzoneClusterImpl-d867a4e1-154a-4113-b5e4-c09c14df2894/datanode-5/data/ratis/5a1ed244-edb3-4aff-af33-f15575a866c3
2019-09-12 10:31:46,419 [pool-273-thread-1] INFO  server.RaftServerConfigKeys (ConfUtils.java:logGet(43)) - raft.server.log.queue.byte-limit = 2147483647 (custom)
2019-09-12 10:31:46,419 [pool-273-thread-1] INFO  server.RaftServerConfigKeys (ConfUtils.java:logGet(43)) - raft.server.log.queue.element-limit = 1024 (custom)
2019-09-12 10:31:46,419 [pool-273-thread-1] INFO  server.RaftServerConfigKeys (ConfUtils.java:logGet(43)) - raft.server.log.segment.size.max = 1048576 (custom)
2019-09-12 10:31:46,419 [pool-273-thread-1] INFO  server.RaftServerConfigKeys (ConfUtils.java:logGet(43)) - raft.server.log.preallocated.size = 16384 (custom)
2019-09-12 10:31:46,419 [pool-273-thread-1] INFO  server.RaftServerConfigKeys (ConfUtils.java:logGet(43)) - raft.server.log.write.buffer.size = 33554432 (custom)
2019-09-12 10:31:46,419 [pool-273-thread-1] INFO  server.RaftServerConfigKeys (ConfUtils.java:logGet(43)) - raft.server.log.force.sync.num = 128 (default)
2019-09-12 10:31:46,419 [pool-273-thread-1] INFO  server.RaftServerConfigKeys (ConfUtils.java:logGet(43)) - raft.server.log.statemachine.data.sync = true (default)
2019-09-12 10:31:46,419 [pool-273-thread-1] INFO  server.RaftServerConfigKeys (ConfUtils.java:logGet(43)) - raft.server.log.statemachine.data.sync.timeout = 10s (default)
2019-09-12 10:31:46,419 [pool-273-thread-1] INFO  server.RaftServerConfigKeys (ConfUtils.java:logGet(43)) - raft.server.log.statemachine.data.sync.timeout.retry = -1 (default)
2019-09-12 10:31:46,420 [pool-273-thread-1] INFO  server.RaftServerConfigKeys (ConfUtils.java:logGet(43)) - raft.server.log.statemachine.data.caching.enabled = true (custom)
2019-09-12 10:31:46,420 [pool-273-thread-1] INFO  segmented.SegmentedRaftLogWorker (SegmentedRaftLogWorker.java:lambda$new$0(132)) - 1349d5ba-07d4-450a-9218-4f0361201438-SegmentedRaftLogWorker:Storage Directory /workdir/hadoop-ozone/integration-test/target/test-dir/MiniOzoneClusterImpl-d867a4e1-154a-4113-b5e4-c09c14df2894/datanode-5/data/ratis/5a1ed244-edb3-4aff-af33-f15575a866c3: flushIndex: setUnconditionally 0 -> -1
2019-09-12 10:31:46,420 [pool-273-thread-1] INFO  server.RaftServerConfigKeys (ConfUtils.java:logGet(43)) - raft.server.snapshot.auto.trigger.enabled = true (custom)
2019-09-12 10:31:46,420 [pool-273-thread-1] INFO  server.RaftServerConfigKeys (ConfUtils.java:logGet(43)) - raft.server.snapshot.auto.trigger.threshold = 10000 (custom)
2019-09-12 10:31:46,420 [pool-273-thread-1] INFO  server.RaftServerConfigKeys (ConfUtils.java:logGet(43)) - raft.server.retrycache.expirytime = 600000ms (custom)
2019-09-12 10:31:46,421 [pool-273-thread-1] INFO  impl.RaftServerImpl (RaftServerImpl.java:start(180)) - 1349d5ba-07d4-450a-9218-4f0361201438: start group-F15575A866C3
2019-09-12 10:31:46,421 [pool-273-thread-1] INFO  impl.RaftServerImpl (RaftServerImpl.java:setRole(171)) - 1349d5ba-07d4-450a-9218-4f0361201438:group-F15575A866C3 changes role from null to FOLLOWER at term 0 for startAsFollower
2019-09-12 10:31:46,421 [pool-273-thread-1] INFO  impl.RoleInfo (RoleInfo.java:updateAndGet(143)) - 1349d5ba-07d4-450a-9218-4f0361201438: start FollowerState
2019-09-12 10:31:46,421 [pool-273-thread-1] INFO  util.JmxRegister (JmxRegister.java:tryRegister(44)) - Successfully registered JMX Bean with object name Ratis:service=RaftServer,group=group-F15575A866C3,id=1349d5ba-07d4-450a-9218-4f0361201438
2019-09-12 10:31:46,424 [RatisPipelineUtilsThread] INFO  pipeline.PipelineStateManager (PipelineStateManager.java:addPipeline(56)) - Created pipeline Pipeline[ Id: 5a1ed244-edb3-4aff-af33-f15575a866c3, Nodes: 1349d5ba-07d4-450a-9218-4f0361201438{ip: 192.168.36.114, host: pr-hdds-1569-58hkm-1881083799, networkLocation: /default-rack, certSerialId: null}, Type:RATIS, Factor:ONE, State:OPEN]
2019-09-12 10:31:46,424 [RatisPipelineUtilsThread] ERROR pipeline.PipelinePlacementPolicy (PipelinePlacementPolicy.java:meetCriteria(92)) - Pipeline Placement: Doesn't meet the criteria to be viable node. Heaviness: 6
2019-09-12 10:31:46,424 [RatisPipelineUtilsThread] ERROR pipeline.PipelinePlacementPolicy (PipelinePlacementPolicy.java:meetCriteria(92)) - Pipeline Placement: Doesn't meet the criteria to be viable node. Heaviness: 6
2019-09-12 10:31:46,424 [RatisPipelineUtilsThread] ERROR pipeline.PipelinePlacementPolicy (PipelinePlacementPolicy.java:meetCriteria(92)) - Pipeline Placement: Doesn't meet the criteria to be viable node. Heaviness: 6
2019-09-12 10:31:46,424 [RatisPipelineUtilsThread] ERROR pipeline.PipelinePlacementPolicy (PipelinePlacementPolicy.java:meetCriteria(92)) - Pipeline Placement: Doesn't meet the criteria to be viable node. Heaviness: 6
2019-09-12 10:31:46,424 [RatisPipelineUtilsThread] ERROR pipeline.PipelinePlacementPolicy (PipelinePlacementPolicy.java:meetCriteria(92)) - Pipeline Placement: Doesn't meet the criteria to be viable node. Heaviness: 6
2019-09-12 10:31:46,429 [grpc-default-executor-0] INFO  impl.RaftServerProxy (RaftServerProxy.java:addNew(89)) - 1349d5ba-07d4-450a-9218-4f0361201438: addNew group-82E1FADBF901:[1349d5ba-07d4-450a-9218-4f0361201438:192.168.36.114:34435] returns group-82E1FADBF901:java.util.concurrent.CompletableFuture@7501b576[Not completed]
2019-09-12 10:31:46,430 [pool-273-thread-1] INFO  impl.RaftServerImpl (RaftServerImpl.java:<init>(93)) - 1349d5ba-07d4-450a-9218-4f0361201438: new RaftServerImpl for group-82E1FADBF901:[1349d5ba-07d4-450a-9218-4f0361201438:192.168.36.114:34435] with ContainerStateMachine:uninitialized
2019-09-12 10:31:46,430 [pool-273-thread-1] INFO  server.RaftServerConfigKeys (ConfUtils.java:logGet(43)) - raft.server.rpc.timeout.min = 5s (custom)
2019-09-12 10:31:46,430 [pool-273-thread-1] INFO  server.RaftServerConfigKeys (ConfUtils.java:logGet(43)) - raft.server.rpc.timeout.max = 5200ms (custom)
2019-09-12 10:31:46,430 [pool-273-thread-1] INFO  server.RaftServerConfigKeys (ConfUtils.java:logGet(43)) - raft.server.rpcslowness.timeout = 120s (custom)
2019-09-12 10:31:46,430 [pool-273-thread-1] INFO  server.RaftServerConfigKeys (ConfUtils.java:logGet(43)) - raft.server.sleep.deviation.threshold = 300 (default)
2019-09-12 10:31:46,431 [pool-273-thread-1] INFO  server.RaftServerConfigKeys (ConfUtils.java:logGet(43)) - raft.server.log.appender.install.snapshot.enabled = false (custom)
2019-09-12 10:31:46,431 [pool-273-thread-1] INFO  impl.RaftServerImpl (ServerState.java:<init>(105)) - 1349d5ba-07d4-450a-9218-4f0361201438:group-82E1FADBF901 ConfigurationManager, init=-1: [1349d5ba-07d4-450a-9218-4f0361201438:192.168.36.114:34435], old=null, confs=<EMPTY_MAP>
2019-09-12 10:31:46,431 [pool-273-thread-1] INFO  server.RaftServerConfigKeys (ConfUtils.java:logGet(43)) - raft.server.storage.dir = [/workdir/hadoop-ozone/integration-test/target/test-dir/MiniOzoneClusterImpl-d867a4e1-154a-4113-b5e4-c09c14df2894/datanode-5/data/ratis] (custom)
2019-09-12 10:31:46,431 [pool-273-thread-1] INFO  storage.RaftStorageDirectory (RaftStorageDirectory.java:analyzeStorage(246)) - The storage directory /workdir/hadoop-ozone/integration-test/target/test-dir/MiniOzoneClusterImpl-d867a4e1-154a-4113-b5e4-c09c14df2894/datanode-5/data/ratis/3514b1d4-d3e0-4a2b-b1f4-82e1fadbf901 does not exist. Creating ...
2019-09-12 10:31:46,444 [pool-273-thread-1] INFO  storage.RaftStorageDirectory (RaftStorageDirectory.java:tryLock(328)) - Lock on /workdir/hadoop-ozone/integration-test/target/test-dir/MiniOzoneClusterImpl-d867a4e1-154a-4113-b5e4-c09c14df2894/datanode-5/data/ratis/3514b1d4-d3e0-4a2b-b1f4-82e1fadbf901/in_use.lock acquired by nodename 1396@pr-hdds-1569-58hkm-1881083799
2019-09-12 10:31:46,456 [pool-273-thread-1] INFO  storage.RaftStorage (RaftStorage.java:format(72)) - Storage directory /workdir/hadoop-ozone/integration-test/target/test-dir/MiniOzoneClusterImpl-d867a4e1-154a-4113-b5e4-c09c14df2894/datanode-5/data/ratis/3514b1d4-d3e0-4a2b-b1f4-82e1fadbf901 has been successfully formatted.
2019-09-12 10:31:46,457 [pool-273-thread-1] INFO  ratis.ContainerStateMachine (ContainerStateMachine.java:loadSnapshot(226)) - group-82E1FADBF901: The snapshot info is null. Setting the last applied indexto:(t:0, i:~)
2019-09-12 10:31:46,457 [pool-273-thread-1] INFO  server.RaftServerConfigKeys (ConfUtils.java:logGet(43)) - raft.server.leader.election.timeout = 120s (custom)
2019-09-12 10:31:46,457 [pool-273-thread-1] INFO  server.RaftServerConfigKeys (ConfUtils.java:logGet(43)) - raft.server.log.use.memory = false (default)
2019-09-12 10:31:46,457 [pool-273-thread-1] INFO  server.RaftServerConfigKeys (ConfUtils.java:logGet(43)) - raft.server.log.purge.gap = 1000000 (custom)
2019-09-12 10:31:46,457 [pool-273-thread-1] INFO  server.RaftServerConfigKeys (ConfUtils.java:logGet(43)) - raft.server.log.appender.buffer.byte-limit = 33554432 (custom)
2019-09-12 10:31:46,457 [pool-273-thread-1] INFO  server.RaftServerConfigKeys (ConfUtils.java:logGet(43)) - raft.server.log.segment.size.max = 1048576 (custom)
2019-09-12 10:31:46,457 [pool-273-thread-1] INFO  server.RaftServerConfigKeys (ConfUtils.java:logGet(43)) - raft.server.log.segment.cache.num.max = 2 (custom)
2019-09-12 10:31:46,457 [pool-273-thread-1] INFO  segmented.SegmentedRaftLogWorker (SegmentedRaftLogWorker.java:<init>(172)) - new 1349d5ba-07d4-450a-9218-4f0361201438-SegmentedRaftLogWorker:Storage Directory /workdir/hadoop-ozone/integration-test/target/test-dir/MiniOzoneClusterImpl-d867a4e1-154a-4113-b5e4-c09c14df2894/datanode-5/data/ratis/3514b1d4-d3e0-4a2b-b1f4-82e1fadbf901 for RaftStorage:Storage Directory /workdir/hadoop-ozone/integration-test/target/test-dir/MiniOzoneClusterImpl-d867a4e1-154a-4113-b5e4-c09c14df2894/datanode-5/data/ratis/3514b1d4-d3e0-4a2b-b1f4-82e1fadbf901
2019-09-12 10:31:46,458 [pool-273-thread-1] INFO  server.RaftServerConfigKeys (ConfUtils.java:logGet(43)) - raft.server.log.queue.byte-limit = 2147483647 (custom)
2019-09-12 10:31:46,458 [pool-273-thread-1] INFO  server.RaftServerConfigKeys (ConfUtils.java:logGet(43)) - raft.server.log.queue.element-limit = 1024 (custom)
2019-09-12 10:31:46,458 [pool-273-thread-1] INFO  server.RaftServerConfigKeys (ConfUtils.java:logGet(43)) - raft.server.log.segment.size.max = 1048576 (custom)
2019-09-12 10:31:46,458 [pool-273-thread-1] INFO  server.RaftServerConfigKeys (ConfUtils.java:logGet(43)) - raft.server.log.preallocated.size = 16384 (custom)
2019-09-12 10:31:46,458 [pool-273-thread-1] INFO  server.RaftServerConfigKeys (ConfUtils.java:logGet(43)) - raft.server.log.write.buffer.size = 33554432 (custom)
2019-09-12 10:31:46,458 [pool-273-thread-1] INFO  server.RaftServerConfigKeys (ConfUtils.java:logGet(43)) - raft.server.log.force.sync.num = 128 (default)
2019-09-12 10:31:46,458 [pool-273-thread-1] INFO  server.RaftServerConfigKeys (ConfUtils.java:logGet(43)) - raft.server.log.statemachine.data.sync = true (default)
2019-09-12 10:31:46,458 [pool-273-thread-1] INFO  server.RaftServerConfigKeys (ConfUtils.java:logGet(43)) - raft.server.log.statemachine.data.sync.timeout = 10s (default)
2019-09-12 10:31:46,459 [pool-273-thread-1] INFO  server.RaftServerConfigKeys (ConfUtils.java:logGet(43)) - raft.server.log.statemachine.data.sync.timeout.retry = -1 (default)
2019-09-12 10:31:46,459 [pool-273-thread-1] INFO  server.RaftServerConfigKeys (ConfUtils.java:logGet(43)) - raft.server.log.statemachine.data.caching.enabled = true (custom)
2019-09-12 10:31:46,459 [pool-273-thread-1] INFO  segmented.SegmentedRaftLogWorker (SegmentedRaftLogWorker.java:lambda$new$0(132)) - 1349d5ba-07d4-450a-9218-4f0361201438-SegmentedRaftLogWorker:Storage Directory /workdir/hadoop-ozone/integration-test/target/test-dir/MiniOzoneClusterImpl-d867a4e1-154a-4113-b5e4-c09c14df2894/datanode-5/data/ratis/3514b1d4-d3e0-4a2b-b1f4-82e1fadbf901: flushIndex: setUnconditionally 0 -> -1
2019-09-12 10:31:46,459 [pool-273-thread-1] INFO  server.RaftServerConfigKeys (ConfUtils.java:logGet(43)) - raft.server.snapshot.auto.trigger.enabled = true (custom)
2019-09-12 10:31:46,459 [pool-273-thread-1] INFO  server.RaftServerConfigKeys (ConfUtils.java:logGet(43)) - raft.server.snapshot.auto.trigger.threshold = 10000 (custom)
2019-09-12 10:31:46,460 [pool-273-thread-1] INFO  server.RaftServerConfigKeys (ConfUtils.java:logGet(43)) - raft.server.retrycache.expirytime = 600000ms (custom)
2019-09-12 10:31:46,460 [pool-273-thread-1] INFO  impl.RaftServerImpl (RaftServerImpl.java:start(180)) - 1349d5ba-07d4-450a-9218-4f0361201438: start group-82E1FADBF901
2019-09-12 10:31:46,460 [pool-273-thread-1] INFO  impl.RaftServerImpl (RaftServerImpl.java:setRole(171)) - 1349d5ba-07d4-450a-9218-4f0361201438:group-82E1FADBF901 changes role from null to FOLLOWER at term 0 for startAsFollower
2019-09-12 10:31:46,460 [pool-273-thread-1] INFO  impl.RoleInfo (RoleInfo.java:updateAndGet(143)) - 1349d5ba-07d4-450a-9218-4f0361201438: start FollowerState
2019-09-12 10:31:46,460 [pool-273-thread-1] INFO  util.JmxRegister (JmxRegister.java:tryRegister(44)) - Successfully registered JMX Bean with object name Ratis:service=RaftServer,group=group-82E1FADBF901,id=1349d5ba-07d4-450a-9218-4f0361201438
2019-09-12 10:31:46,463 [RatisPipelineUtilsThread] INFO  pipeline.PipelineStateManager (PipelineStateManager.java:addPipeline(56)) - Created pipeline Pipeline[ Id: 3514b1d4-d3e0-4a2b-b1f4-82e1fadbf901, Nodes: 1349d5ba-07d4-450a-9218-4f0361201438{ip: 192.168.36.114, host: pr-hdds-1569-58hkm-1881083799, networkLocation: /default-rack, certSerialId: null}, Type:RATIS, Factor:ONE, State:OPEN]
2019-09-12 10:31:46,463 [RatisPipelineUtilsThread] ERROR pipeline.PipelinePlacementPolicy (PipelinePlacementPolicy.java:meetCriteria(92)) - Pipeline Placement: Doesn't meet the criteria to be viable node. Heaviness: 6
2019-09-12 10:31:46,463 [RatisPipelineUtilsThread] ERROR pipeline.PipelinePlacementPolicy (PipelinePlacementPolicy.java:meetCriteria(92)) - Pipeline Placement: Doesn't meet the criteria to be viable node. Heaviness: 6
2019-09-12 10:31:46,463 [RatisPipelineUtilsThread] ERROR pipeline.PipelinePlacementPolicy (PipelinePlacementPolicy.java:meetCriteria(92)) - Pipeline Placement: Doesn't meet the criteria to be viable node. Heaviness: 6
2019-09-12 10:31:46,464 [RatisPipelineUtilsThread] ERROR pipeline.PipelinePlacementPolicy (PipelinePlacementPolicy.java:meetCriteria(92)) - Pipeline Placement: Doesn't meet the criteria to be viable node. Heaviness: 6
2019-09-12 10:31:46,464 [RatisPipelineUtilsThread] ERROR pipeline.PipelinePlacementPolicy (PipelinePlacementPolicy.java:meetCriteria(92)) - Pipeline Placement: Doesn't meet the criteria to be viable node. Heaviness: 6
2019-09-12 10:31:46,468 [grpc-default-executor-0] INFO  impl.RaftServerProxy (RaftServerProxy.java:addNew(89)) - 1349d5ba-07d4-450a-9218-4f0361201438: addNew group-D1A011A1E2AC:[1349d5ba-07d4-450a-9218-4f0361201438:192.168.36.114:34435] returns group-D1A011A1E2AC:java.util.concurrent.CompletableFuture@5d0b292[Not completed]
2019-09-12 10:31:46,469 [pool-273-thread-1] INFO  impl.RaftServerImpl (RaftServerImpl.java:<init>(93)) - 1349d5ba-07d4-450a-9218-4f0361201438: new RaftServerImpl for group-D1A011A1E2AC:[1349d5ba-07d4-450a-9218-4f0361201438:192.168.36.114:34435] with ContainerStateMachine:uninitialized
2019-09-12 10:31:46,469 [pool-273-thread-1] INFO  server.RaftServerConfigKeys (ConfUtils.java:logGet(43)) - raft.server.rpc.timeout.min = 5s (custom)
2019-09-12 10:31:46,470 [pool-273-thread-1] INFO  server.RaftServerConfigKeys (ConfUtils.java:logGet(43)) - raft.server.rpc.timeout.max = 5200ms (custom)
2019-09-12 10:31:46,470 [pool-273-thread-1] INFO  server.RaftServerConfigKeys (ConfUtils.java:logGet(43)) - raft.server.rpcslowness.timeout = 120s (custom)
2019-09-12 10:31:46,470 [pool-273-thread-1] INFO  server.RaftServerConfigKeys (ConfUtils.java:logGet(43)) - raft.server.sleep.deviation.threshold = 300 (default)
2019-09-12 10:31:46,470 [pool-273-thread-1] INFO  server.RaftServerConfigKeys (ConfUtils.java:logGet(43)) - raft.server.log.appender.install.snapshot.enabled = false (custom)
2019-09-12 10:31:46,470 [pool-273-thread-1] INFO  impl.RaftServerImpl (ServerState.java:<init>(105)) - 1349d5ba-07d4-450a-9218-4f0361201438:group-D1A011A1E2AC ConfigurationManager, init=-1: [1349d5ba-07d4-450a-9218-4f0361201438:192.168.36.114:34435], old=null, confs=<EMPTY_MAP>
2019-09-12 10:31:46,470 [pool-273-thread-1] INFO  server.RaftServerConfigKeys (ConfUtils.java:logGet(43)) - raft.server.storage.dir = [/workdir/hadoop-ozone/integration-test/target/test-dir/MiniOzoneClusterImpl-d867a4e1-154a-4113-b5e4-c09c14df2894/datanode-5/data/ratis] (custom)
2019-09-12 10:31:46,470 [pool-273-thread-1] INFO  storage.RaftStorageDirectory (RaftStorageDirectory.java:analyzeStorage(246)) - The storage directory /workdir/hadoop-ozone/integration-test/target/test-dir/MiniOzoneClusterImpl-d867a4e1-154a-4113-b5e4-c09c14df2894/datanode-5/data/ratis/8ca2ff7b-cf03-4780-81e9-d1a011a1e2ac does not exist. Creating ...
2019-09-12 10:31:46,483 [pool-273-thread-1] INFO  storage.RaftStorageDirectory (RaftStorageDirectory.java:tryLock(328)) - Lock on /workdir/hadoop-ozone/integration-test/target/test-dir/MiniOzoneClusterImpl-d867a4e1-154a-4113-b5e4-c09c14df2894/datanode-5/data/ratis/8ca2ff7b-cf03-4780-81e9-d1a011a1e2ac/in_use.lock acquired by nodename 1396@pr-hdds-1569-58hkm-1881083799
2019-09-12 10:31:46,496 [pool-273-thread-1] INFO  storage.RaftStorage (RaftStorage.java:format(72)) - Storage directory /workdir/hadoop-ozone/integration-test/target/test-dir/MiniOzoneClusterImpl-d867a4e1-154a-4113-b5e4-c09c14df2894/datanode-5/data/ratis/8ca2ff7b-cf03-4780-81e9-d1a011a1e2ac has been successfully formatted.
2019-09-12 10:31:46,496 [pool-273-thread-1] INFO  ratis.ContainerStateMachine (ContainerStateMachine.java:loadSnapshot(226)) - group-D1A011A1E2AC: The snapshot info is null. Setting the last applied indexto:(t:0, i:~)
2019-09-12 10:31:46,497 [pool-273-thread-1] INFO  server.RaftServerConfigKeys (ConfUtils.java:logGet(43)) - raft.server.leader.election.timeout = 120s (custom)
2019-09-12 10:31:46,497 [pool-273-thread-1] INFO  server.RaftServerConfigKeys (ConfUtils.java:logGet(43)) - raft.server.log.use.memory = false (default)
2019-09-12 10:31:46,497 [pool-273-thread-1] INFO  server.RaftServerConfigKeys (ConfUtils.java:logGet(43)) - raft.server.log.purge.gap = 1000000 (custom)
2019-09-12 10:31:46,497 [pool-273-thread-1] INFO  server.RaftServerConfigKeys (ConfUtils.java:logGet(43)) - raft.server.log.appender.buffer.byte-limit = 33554432 (custom)
2019-09-12 10:31:46,497 [pool-273-thread-1] INFO  server.RaftServerConfigKeys (ConfUtils.java:logGet(43)) - raft.server.log.segment.size.max = 1048576 (custom)
2019-09-12 10:31:46,497 [pool-273-thread-1] INFO  server.RaftServerConfigKeys (ConfUtils.java:logGet(43)) - raft.server.log.segment.cache.num.max = 2 (custom)
2019-09-12 10:31:46,497 [pool-273-thread-1] INFO  segmented.SegmentedRaftLogWorker (SegmentedRaftLogWorker.java:<init>(172)) - new 1349d5ba-07d4-450a-9218-4f0361201438-SegmentedRaftLogWorker:Storage Directory /workdir/hadoop-ozone/integration-test/target/test-dir/MiniOzoneClusterImpl-d867a4e1-154a-4113-b5e4-c09c14df2894/datanode-5/data/ratis/8ca2ff7b-cf03-4780-81e9-d1a011a1e2ac for RaftStorage:Storage Directory /workdir/hadoop-ozone/integration-test/target/test-dir/MiniOzoneClusterImpl-d867a4e1-154a-4113-b5e4-c09c14df2894/datanode-5/data/ratis/8ca2ff7b-cf03-4780-81e9-d1a011a1e2ac
2019-09-12 10:31:46,498 [pool-273-thread-1] INFO  server.RaftServerConfigKeys (ConfUtils.java:logGet(43)) - raft.server.log.queue.byte-limit = 2147483647 (custom)
2019-09-12 10:31:46,498 [pool-273-thread-1] INFO  server.RaftServerConfigKeys (ConfUtils.java:logGet(43)) - raft.server.log.queue.element-limit = 1024 (custom)
2019-09-12 10:31:46,498 [pool-273-thread-1] INFO  server.RaftServerConfigKeys (ConfUtils.java:logGet(43)) - raft.server.log.segment.size.max = 1048576 (custom)
2019-09-12 10:31:46,498 [pool-273-thread-1] INFO  server.RaftServerConfigKeys (ConfUtils.java:logGet(43)) - raft.server.log.preallocated.size = 16384 (custom)
2019-09-12 10:31:46,498 [pool-273-thread-1] INFO  server.RaftServerConfigKeys (ConfUtils.java:logGet(43)) - raft.server.log.write.buffer.size = 33554432 (custom)
2019-09-12 10:31:46,498 [pool-273-thread-1] INFO  server.RaftServerConfigKeys (ConfUtils.java:logGet(43)) - raft.server.log.force.sync.num = 128 (default)
2019-09-12 10:31:46,498 [pool-273-thread-1] INFO  server.RaftServerConfigKeys (ConfUtils.java:logGet(43)) - raft.server.log.statemachine.data.sync = true (default)
2019-09-12 10:31:46,498 [pool-273-thread-1] INFO  server.RaftServerConfigKeys (ConfUtils.java:logGet(43)) - raft.server.log.statemachine.data.sync.timeout = 10s (default)
2019-09-12 10:31:46,499 [pool-273-thread-1] INFO  server.RaftServerConfigKeys (ConfUtils.java:logGet(43)) - raft.server.log.statemachine.data.sync.timeout.retry = -1 (default)
2019-09-12 10:31:46,499 [pool-273-thread-1] INFO  server.RaftServerConfigKeys (ConfUtils.java:logGet(43)) - raft.server.log.statemachine.data.caching.enabled = true (custom)
2019-09-12 10:31:46,499 [pool-273-thread-1] INFO  segmented.SegmentedRaftLogWorker (SegmentedRaftLogWorker.java:lambda$new$0(132)) - 1349d5ba-07d4-450a-9218-4f0361201438-SegmentedRaftLogWorker:Storage Directory /workdir/hadoop-ozone/integration-test/target/test-dir/MiniOzoneClusterImpl-d867a4e1-154a-4113-b5e4-c09c14df2894/datanode-5/data/ratis/8ca2ff7b-cf03-4780-81e9-d1a011a1e2ac: flushIndex: setUnconditionally 0 -> -1
2019-09-12 10:31:46,499 [pool-273-thread-1] INFO  server.RaftServerConfigKeys (ConfUtils.java:logGet(43)) - raft.server.snapshot.auto.trigger.enabled = true (custom)
2019-09-12 10:31:46,500 [pool-273-thread-1] INFO  server.RaftServerConfigKeys (ConfUtils.java:logGet(43)) - raft.server.snapshot.auto.trigger.threshold = 10000 (custom)
2019-09-12 10:31:46,500 [pool-273-thread-1] INFO  server.RaftServerConfigKeys (ConfUtils.java:logGet(43)) - raft.server.retrycache.expirytime = 600000ms (custom)
2019-09-12 10:31:46,500 [pool-273-thread-1] INFO  impl.RaftServerImpl (RaftServerImpl.java:start(180)) - 1349d5ba-07d4-450a-9218-4f0361201438: start group-D1A011A1E2AC
2019-09-12 10:31:46,500 [pool-273-thread-1] INFO  impl.RaftServerImpl (RaftServerImpl.java:setRole(171)) - 1349d5ba-07d4-450a-9218-4f0361201438:group-D1A011A1E2AC changes role from null to FOLLOWER at term 0 for startAsFollower
2019-09-12 10:31:46,500 [pool-273-thread-1] INFO  impl.RoleInfo (RoleInfo.java:updateAndGet(143)) - 1349d5ba-07d4-450a-9218-4f0361201438: start FollowerState
2019-09-12 10:31:46,501 [pool-273-thread-1] INFO  util.JmxRegister (JmxRegister.java:tryRegister(44)) - Successfully registered JMX Bean with object name Ratis:service=RaftServer,group=group-D1A011A1E2AC,id=1349d5ba-07d4-450a-9218-4f0361201438
2019-09-12 10:31:46,503 [RatisPipelineUtilsThread] INFO  pipeline.PipelineStateManager (PipelineStateManager.java:addPipeline(56)) - Created pipeline Pipeline[ Id: 8ca2ff7b-cf03-4780-81e9-d1a011a1e2ac, Nodes: 1349d5ba-07d4-450a-9218-4f0361201438{ip: 192.168.36.114, host: pr-hdds-1569-58hkm-1881083799, networkLocation: /default-rack, certSerialId: null}, Type:RATIS, Factor:ONE, State:OPEN]
2019-09-12 10:31:46,504 [RatisPipelineUtilsThread] ERROR pipeline.PipelinePlacementPolicy (PipelinePlacementPolicy.java:meetCriteria(92)) - Pipeline Placement: Doesn't meet the criteria to be viable node. Heaviness: 6
2019-09-12 10:31:46,504 [RatisPipelineUtilsThread] ERROR pipeline.PipelinePlacementPolicy (PipelinePlacementPolicy.java:meetCriteria(92)) - Pipeline Placement: Doesn't meet the criteria to be viable node. Heaviness: 6
2019-09-12 10:31:46,504 [RatisPipelineUtilsThread] ERROR pipeline.PipelinePlacementPolicy (PipelinePlacementPolicy.java:meetCriteria(92)) - Pipeline Placement: Doesn't meet the criteria to be viable node. Heaviness: 6
2019-09-12 10:31:46,504 [RatisPipelineUtilsThread] ERROR pipeline.PipelinePlacementPolicy (PipelinePlacementPolicy.java:meetCriteria(92)) - Pipeline Placement: Doesn't meet the criteria to be viable node. Heaviness: 6
2019-09-12 10:31:46,504 [RatisPipelineUtilsThread] ERROR pipeline.PipelinePlacementPolicy (PipelinePlacementPolicy.java:meetCriteria(92)) - Pipeline Placement: Doesn't meet the criteria to be viable node. Heaviness: 6
2019-09-12 10:31:46,509 [grpc-default-executor-0] INFO  impl.RaftServerProxy (RaftServerProxy.java:addNew(89)) - 1349d5ba-07d4-450a-9218-4f0361201438: addNew group-FFC0FC40BB39:[1349d5ba-07d4-450a-9218-4f0361201438:192.168.36.114:34435] returns group-FFC0FC40BB39:java.util.concurrent.CompletableFuture@18fb76bd[Not completed]
2019-09-12 10:31:46,510 [pool-273-thread-1] INFO  impl.RaftServerImpl (RaftServerImpl.java:<init>(93)) - 1349d5ba-07d4-450a-9218-4f0361201438: new RaftServerImpl for group-FFC0FC40BB39:[1349d5ba-07d4-450a-9218-4f0361201438:192.168.36.114:34435] with ContainerStateMachine:uninitialized
2019-09-12 10:31:46,510 [pool-273-thread-1] INFO  server.RaftServerConfigKeys (ConfUtils.java:logGet(43)) - raft.server.rpc.timeout.min = 5s (custom)
2019-09-12 10:31:46,510 [pool-273-thread-1] INFO  server.RaftServerConfigKeys (ConfUtils.java:logGet(43)) - raft.server.rpc.timeout.max = 5200ms (custom)
2019-09-12 10:31:46,510 [pool-273-thread-1] INFO  server.RaftServerConfigKeys (ConfUtils.java:logGet(43)) - raft.server.rpcslowness.timeout = 120s (custom)
2019-09-12 10:31:46,510 [pool-273-thread-1] INFO  server.RaftServerConfigKeys (ConfUtils.java:logGet(43)) - raft.server.sleep.deviation.threshold = 300 (default)
2019-09-12 10:31:46,511 [pool-273-thread-1] INFO  server.RaftServerConfigKeys (ConfUtils.java:logGet(43)) - raft.server.log.appender.install.snapshot.enabled = false (custom)
2019-09-12 10:31:46,511 [pool-273-thread-1] INFO  impl.RaftServerImpl (ServerState.java:<init>(105)) - 1349d5ba-07d4-450a-9218-4f0361201438:group-FFC0FC40BB39 ConfigurationManager, init=-1: [1349d5ba-07d4-450a-9218-4f0361201438:192.168.36.114:34435], old=null, confs=<EMPTY_MAP>
2019-09-12 10:31:46,511 [pool-273-thread-1] INFO  server.RaftServerConfigKeys (ConfUtils.java:logGet(43)) - raft.server.storage.dir = [/workdir/hadoop-ozone/integration-test/target/test-dir/MiniOzoneClusterImpl-d867a4e1-154a-4113-b5e4-c09c14df2894/datanode-5/data/ratis] (custom)
2019-09-12 10:31:46,511 [pool-273-thread-1] INFO  storage.RaftStorageDirectory (RaftStorageDirectory.java:analyzeStorage(246)) - The storage directory /workdir/hadoop-ozone/integration-test/target/test-dir/MiniOzoneClusterImpl-d867a4e1-154a-4113-b5e4-c09c14df2894/datanode-5/data/ratis/056c56c1-3e87-4d17-b4a2-ffc0fc40bb39 does not exist. Creating ...
2019-09-12 10:31:46,524 [pool-273-thread-1] INFO  storage.RaftStorageDirectory (RaftStorageDirectory.java:tryLock(328)) - Lock on /workdir/hadoop-ozone/integration-test/target/test-dir/MiniOzoneClusterImpl-d867a4e1-154a-4113-b5e4-c09c14df2894/datanode-5/data/ratis/056c56c1-3e87-4d17-b4a2-ffc0fc40bb39/in_use.lock acquired by nodename 1396@pr-hdds-1569-58hkm-1881083799
2019-09-12 10:31:46,535 | INFO  | SCMAudit | user=jenkins1000 | ip=192.168.36.114 | op=SEND_HEARTBEAT {datanodeUUID=334c5273-7871-4d53-8b37-de05e5a3be10, command=[]} | ret=SUCCESS |  
2019-09-12 10:31:46,537 [pool-273-thread-1] INFO  storage.RaftStorage (RaftStorage.java:format(72)) - Storage directory /workdir/hadoop-ozone/integration-test/target/test-dir/MiniOzoneClusterImpl-d867a4e1-154a-4113-b5e4-c09c14df2894/datanode-5/data/ratis/056c56c1-3e87-4d17-b4a2-ffc0fc40bb39 has been successfully formatted.
2019-09-12 10:31:46,537 [pool-273-thread-1] INFO  ratis.ContainerStateMachine (ContainerStateMachine.java:loadSnapshot(226)) - group-FFC0FC40BB39: The snapshot info is null. Setting the last applied indexto:(t:0, i:~)
2019-09-12 10:31:46,537 [pool-273-thread-1] INFO  server.RaftServerConfigKeys (ConfUtils.java:logGet(43)) - raft.server.leader.election.timeout = 120s (custom)
2019-09-12 10:31:46,537 [pool-273-thread-1] INFO  server.RaftServerConfigKeys (ConfUtils.java:logGet(43)) - raft.server.log.use.memory = false (default)
2019-09-12 10:31:46,537 [pool-273-thread-1] INFO  server.RaftServerConfigKeys (ConfUtils.java:logGet(43)) - raft.server.log.purge.gap = 1000000 (custom)
2019-09-12 10:31:46,537 [pool-273-thread-1] INFO  server.RaftServerConfigKeys (ConfUtils.java:logGet(43)) - raft.server.log.appender.buffer.byte-limit = 33554432 (custom)
2019-09-12 10:31:46,538 [pool-273-thread-1] INFO  server.RaftServerConfigKeys (ConfUtils.java:logGet(43)) - raft.server.log.segment.size.max = 1048576 (custom)
2019-09-12 10:31:46,538 [pool-273-thread-1] INFO  server.RaftServerConfigKeys (ConfUtils.java:logGet(43)) - raft.server.log.segment.cache.num.max = 2 (custom)
2019-09-12 10:31:46,538 [pool-273-thread-1] INFO  segmented.SegmentedRaftLogWorker (SegmentedRaftLogWorker.java:<init>(172)) - new 1349d5ba-07d4-450a-9218-4f0361201438-SegmentedRaftLogWorker:Storage Directory /workdir/hadoop-ozone/integration-test/target/test-dir/MiniOzoneClusterImpl-d867a4e1-154a-4113-b5e4-c09c14df2894/datanode-5/data/ratis/056c56c1-3e87-4d17-b4a2-ffc0fc40bb39 for RaftStorage:Storage Directory /workdir/hadoop-ozone/integration-test/target/test-dir/MiniOzoneClusterImpl-d867a4e1-154a-4113-b5e4-c09c14df2894/datanode-5/data/ratis/056c56c1-3e87-4d17-b4a2-ffc0fc40bb39
2019-09-12 10:31:46,538 [pool-273-thread-1] INFO  server.RaftServerConfigKeys (ConfUtils.java:logGet(43)) - raft.server.log.queue.byte-limit = 2147483647 (custom)
2019-09-12 10:31:46,538 [pool-273-thread-1] INFO  server.RaftServerConfigKeys (ConfUtils.java:logGet(43)) - raft.server.log.queue.element-limit = 1024 (custom)
2019-09-12 10:31:46,538 [pool-273-thread-1] INFO  server.RaftServerConfigKeys (ConfUtils.java:logGet(43)) - raft.server.log.segment.size.max = 1048576 (custom)
2019-09-12 10:31:46,538 [pool-273-thread-1] INFO  server.RaftServerConfigKeys (ConfUtils.java:logGet(43)) - raft.server.log.preallocated.size = 16384 (custom)
2019-09-12 10:31:46,539 [pool-273-thread-1] INFO  server.RaftServerConfigKeys (ConfUtils.java:logGet(43)) - raft.server.log.write.buffer.size = 33554432 (custom)
2019-09-12 10:31:46,539 [pool-273-thread-1] INFO  server.RaftServerConfigKeys (ConfUtils.java:logGet(43)) - raft.server.log.force.sync.num = 128 (default)
2019-09-12 10:31:46,539 [pool-273-thread-1] INFO  server.RaftServerConfigKeys (ConfUtils.java:logGet(43)) - raft.server.log.statemachine.data.sync = true (default)
2019-09-12 10:31:46,539 [pool-273-thread-1] INFO  server.RaftServerConfigKeys (ConfUtils.java:logGet(43)) - raft.server.log.statemachine.data.sync.timeout = 10s (default)
2019-09-12 10:31:46,539 [pool-273-thread-1] INFO  server.RaftServerConfigKeys (ConfUtils.java:logGet(43)) - raft.server.log.statemachine.data.sync.timeout.retry = -1 (default)
2019-09-12 10:31:46,539 [pool-273-thread-1] INFO  server.RaftServerConfigKeys (ConfUtils.java:logGet(43)) - raft.server.log.statemachine.data.caching.enabled = true (custom)
2019-09-12 10:31:46,539 [pool-273-thread-1] INFO  segmented.SegmentedRaftLogWorker (SegmentedRaftLogWorker.java:lambda$new$0(132)) - 1349d5ba-07d4-450a-9218-4f0361201438-SegmentedRaftLogWorker:Storage Directory /workdir/hadoop-ozone/integration-test/target/test-dir/MiniOzoneClusterImpl-d867a4e1-154a-4113-b5e4-c09c14df2894/datanode-5/data/ratis/056c56c1-3e87-4d17-b4a2-ffc0fc40bb39: flushIndex: setUnconditionally 0 -> -1
2019-09-12 10:31:46,540 [pool-273-thread-1] INFO  server.RaftServerConfigKeys (ConfUtils.java:logGet(43)) - raft.server.snapshot.auto.trigger.enabled = true (custom)
2019-09-12 10:31:46,540 [pool-273-thread-1] INFO  server.RaftServerConfigKeys (ConfUtils.java:logGet(43)) - raft.server.snapshot.auto.trigger.threshold = 10000 (custom)
2019-09-12 10:31:46,540 [pool-273-thread-1] INFO  server.RaftServerConfigKeys (ConfUtils.java:logGet(43)) - raft.server.retrycache.expirytime = 600000ms (custom)
2019-09-12 10:31:46,540 [pool-273-thread-1] INFO  impl.RaftServerImpl (RaftServerImpl.java:start(180)) - 1349d5ba-07d4-450a-9218-4f0361201438: start group-FFC0FC40BB39
2019-09-12 10:31:46,540 [pool-273-thread-1] INFO  impl.RaftServerImpl (RaftServerImpl.java:setRole(171)) - 1349d5ba-07d4-450a-9218-4f0361201438:group-FFC0FC40BB39 changes role from null to FOLLOWER at term 0 for startAsFollower
2019-09-12 10:31:46,541 [pool-273-thread-1] INFO  impl.RoleInfo (RoleInfo.java:updateAndGet(143)) - 1349d5ba-07d4-450a-9218-4f0361201438: start FollowerState
2019-09-12 10:31:46,541 [pool-273-thread-1] INFO  util.JmxRegister (JmxRegister.java:tryRegister(44)) - Successfully registered JMX Bean with object name Ratis:service=RaftServer,group=group-FFC0FC40BB39,id=1349d5ba-07d4-450a-9218-4f0361201438
2019-09-12 10:31:46,543 [RatisPipelineUtilsThread] INFO  pipeline.PipelineStateManager (PipelineStateManager.java:addPipeline(56)) - Created pipeline Pipeline[ Id: 056c56c1-3e87-4d17-b4a2-ffc0fc40bb39, Nodes: 1349d5ba-07d4-450a-9218-4f0361201438{ip: 192.168.36.114, host: pr-hdds-1569-58hkm-1881083799, networkLocation: /default-rack, certSerialId: null}, Type:RATIS, Factor:ONE, State:OPEN]
2019-09-12 10:31:46,544 [RatisPipelineUtilsThread] ERROR pipeline.PipelinePlacementPolicy (PipelinePlacementPolicy.java:meetCriteria(92)) - Pipeline Placement: Doesn't meet the criteria to be viable node. Heaviness: 6
2019-09-12 10:31:46,544 [RatisPipelineUtilsThread] ERROR pipeline.PipelinePlacementPolicy (PipelinePlacementPolicy.java:meetCriteria(92)) - Pipeline Placement: Doesn't meet the criteria to be viable node. Heaviness: 6
2019-09-12 10:31:46,544 [RatisPipelineUtilsThread] ERROR pipeline.PipelinePlacementPolicy (PipelinePlacementPolicy.java:meetCriteria(92)) - Pipeline Placement: Doesn't meet the criteria to be viable node. Heaviness: 6
2019-09-12 10:31:46,544 [RatisPipelineUtilsThread] ERROR pipeline.PipelinePlacementPolicy (PipelinePlacementPolicy.java:meetCriteria(92)) - Pipeline Placement: Doesn't meet the criteria to be viable node. Heaviness: 6
2019-09-12 10:31:46,544 [RatisPipelineUtilsThread] ERROR pipeline.PipelinePlacementPolicy (PipelinePlacementPolicy.java:meetCriteria(92)) - Pipeline Placement: Doesn't meet the criteria to be viable node. Heaviness: 6
2019-09-12 10:31:46,549 [grpc-default-executor-0] INFO  impl.RaftServerProxy (RaftServerProxy.java:addNew(89)) - 1349d5ba-07d4-450a-9218-4f0361201438: addNew group-EB143B8D1303:[1349d5ba-07d4-450a-9218-4f0361201438:192.168.36.114:34435] returns group-EB143B8D1303:java.util.concurrent.CompletableFuture@689ab42d[Not completed]
2019-09-12 10:31:46,549 [pool-273-thread-1] INFO  impl.RaftServerImpl (RaftServerImpl.java:<init>(93)) - 1349d5ba-07d4-450a-9218-4f0361201438: new RaftServerImpl for group-EB143B8D1303:[1349d5ba-07d4-450a-9218-4f0361201438:192.168.36.114:34435] with ContainerStateMachine:uninitialized
2019-09-12 10:31:46,550 [pool-273-thread-1] INFO  server.RaftServerConfigKeys (ConfUtils.java:logGet(43)) - raft.server.rpc.timeout.min = 5s (custom)
2019-09-12 10:31:46,550 [pool-273-thread-1] INFO  server.RaftServerConfigKeys (ConfUtils.java:logGet(43)) - raft.server.rpc.timeout.max = 5200ms (custom)
2019-09-12 10:31:46,550 [pool-273-thread-1] INFO  server.RaftServerConfigKeys (ConfUtils.java:logGet(43)) - raft.server.rpcslowness.timeout = 120s (custom)
2019-09-12 10:31:46,550 [pool-273-thread-1] INFO  server.RaftServerConfigKeys (ConfUtils.java:logGet(43)) - raft.server.sleep.deviation.threshold = 300 (default)
2019-09-12 10:31:46,550 [pool-273-thread-1] INFO  server.RaftServerConfigKeys (ConfUtils.java:logGet(43)) - raft.server.log.appender.install.snapshot.enabled = false (custom)
2019-09-12 10:31:46,550 [pool-273-thread-1] INFO  impl.RaftServerImpl (ServerState.java:<init>(105)) - 1349d5ba-07d4-450a-9218-4f0361201438:group-EB143B8D1303 ConfigurationManager, init=-1: [1349d5ba-07d4-450a-9218-4f0361201438:192.168.36.114:34435], old=null, confs=<EMPTY_MAP>
2019-09-12 10:31:46,550 [pool-273-thread-1] INFO  server.RaftServerConfigKeys (ConfUtils.java:logGet(43)) - raft.server.storage.dir = [/workdir/hadoop-ozone/integration-test/target/test-dir/MiniOzoneClusterImpl-d867a4e1-154a-4113-b5e4-c09c14df2894/datanode-5/data/ratis] (custom)
2019-09-12 10:31:46,551 [pool-273-thread-1] INFO  storage.RaftStorageDirectory (RaftStorageDirectory.java:analyzeStorage(246)) - The storage directory /workdir/hadoop-ozone/integration-test/target/test-dir/MiniOzoneClusterImpl-d867a4e1-154a-4113-b5e4-c09c14df2894/datanode-5/data/ratis/5b322ba4-7cea-41d8-b831-eb143b8d1303 does not exist. Creating ...
2019-09-12 10:31:46,563 [pool-273-thread-1] INFO  storage.RaftStorageDirectory (RaftStorageDirectory.java:tryLock(328)) - Lock on /workdir/hadoop-ozone/integration-test/target/test-dir/MiniOzoneClusterImpl-d867a4e1-154a-4113-b5e4-c09c14df2894/datanode-5/data/ratis/5b322ba4-7cea-41d8-b831-eb143b8d1303/in_use.lock acquired by nodename 1396@pr-hdds-1569-58hkm-1881083799
2019-09-12 10:31:46,576 [pool-273-thread-1] INFO  storage.RaftStorage (RaftStorage.java:format(72)) - Storage directory /workdir/hadoop-ozone/integration-test/target/test-dir/MiniOzoneClusterImpl-d867a4e1-154a-4113-b5e4-c09c14df2894/datanode-5/data/ratis/5b322ba4-7cea-41d8-b831-eb143b8d1303 has been successfully formatted.
2019-09-12 10:31:46,576 [pool-273-thread-1] INFO  ratis.ContainerStateMachine (ContainerStateMachine.java:loadSnapshot(226)) - group-EB143B8D1303: The snapshot info is null. Setting the last applied indexto:(t:0, i:~)
2019-09-12 10:31:46,576 [pool-273-thread-1] INFO  server.RaftServerConfigKeys (ConfUtils.java:logGet(43)) - raft.server.leader.election.timeout = 120s (custom)
2019-09-12 10:31:46,577 [pool-273-thread-1] INFO  server.RaftServerConfigKeys (ConfUtils.java:logGet(43)) - raft.server.log.use.memory = false (default)
2019-09-12 10:31:46,577 [pool-273-thread-1] INFO  server.RaftServerConfigKeys (ConfUtils.java:logGet(43)) - raft.server.log.purge.gap = 1000000 (custom)
2019-09-12 10:31:46,577 [pool-273-thread-1] INFO  server.RaftServerConfigKeys (ConfUtils.java:logGet(43)) - raft.server.log.appender.buffer.byte-limit = 33554432 (custom)
2019-09-12 10:31:46,577 [pool-273-thread-1] INFO  server.RaftServerConfigKeys (ConfUtils.java:logGet(43)) - raft.server.log.segment.size.max = 1048576 (custom)
2019-09-12 10:31:46,577 [pool-273-thread-1] INFO  server.RaftServerConfigKeys (ConfUtils.java:logGet(43)) - raft.server.log.segment.cache.num.max = 2 (custom)
2019-09-12 10:31:46,577 [pool-273-thread-1] INFO  segmented.SegmentedRaftLogWorker (SegmentedRaftLogWorker.java:<init>(172)) - new 1349d5ba-07d4-450a-9218-4f0361201438-SegmentedRaftLogWorker:Storage Directory /workdir/hadoop-ozone/integration-test/target/test-dir/MiniOzoneClusterImpl-d867a4e1-154a-4113-b5e4-c09c14df2894/datanode-5/data/ratis/5b322ba4-7cea-41d8-b831-eb143b8d1303 for RaftStorage:Storage Directory /workdir/hadoop-ozone/integration-test/target/test-dir/MiniOzoneClusterImpl-d867a4e1-154a-4113-b5e4-c09c14df2894/datanode-5/data/ratis/5b322ba4-7cea-41d8-b831-eb143b8d1303
2019-09-12 10:31:46,577 [pool-273-thread-1] INFO  server.RaftServerConfigKeys (ConfUtils.java:logGet(43)) - raft.server.log.queue.byte-limit = 2147483647 (custom)
2019-09-12 10:31:46,577 [pool-273-thread-1] INFO  server.RaftServerConfigKeys (ConfUtils.java:logGet(43)) - raft.server.log.queue.element-limit = 1024 (custom)
2019-09-12 10:31:46,578 [pool-273-thread-1] INFO  server.RaftServerConfigKeys (ConfUtils.java:logGet(43)) - raft.server.log.segment.size.max = 1048576 (custom)
2019-09-12 10:31:46,578 [pool-273-thread-1] INFO  server.RaftServerConfigKeys (ConfUtils.java:logGet(43)) - raft.server.log.preallocated.size = 16384 (custom)
2019-09-12 10:31:46,578 [pool-273-thread-1] INFO  server.RaftServerConfigKeys (ConfUtils.java:logGet(43)) - raft.server.log.write.buffer.size = 33554432 (custom)
2019-09-12 10:31:46,578 [pool-273-thread-1] INFO  server.RaftServerConfigKeys (ConfUtils.java:logGet(43)) - raft.server.log.force.sync.num = 128 (default)
2019-09-12 10:31:46,578 [pool-273-thread-1] INFO  server.RaftServerConfigKeys (ConfUtils.java:logGet(43)) - raft.server.log.statemachine.data.sync = true (default)
2019-09-12 10:31:46,578 [pool-273-thread-1] INFO  server.RaftServerConfigKeys (ConfUtils.java:logGet(43)) - raft.server.log.statemachine.data.sync.timeout = 10s (default)
2019-09-12 10:31:46,578 [pool-273-thread-1] INFO  server.RaftServerConfigKeys (ConfUtils.java:logGet(43)) - raft.server.log.statemachine.data.sync.timeout.retry = -1 (default)
2019-09-12 10:31:46,578 [pool-273-thread-1] INFO  server.RaftServerConfigKeys (ConfUtils.java:logGet(43)) - raft.server.log.statemachine.data.caching.enabled = true (custom)
2019-09-12 10:31:46,579 [pool-273-thread-1] INFO  segmented.SegmentedRaftLogWorker (SegmentedRaftLogWorker.java:lambda$new$0(132)) - 1349d5ba-07d4-450a-9218-4f0361201438-SegmentedRaftLogWorker:Storage Directory /workdir/hadoop-ozone/integration-test/target/test-dir/MiniOzoneClusterImpl-d867a4e1-154a-4113-b5e4-c09c14df2894/datanode-5/data/ratis/5b322ba4-7cea-41d8-b831-eb143b8d1303: flushIndex: setUnconditionally 0 -> -1
2019-09-12 10:31:46,579 [pool-273-thread-1] INFO  server.RaftServerConfigKeys (ConfUtils.java:logGet(43)) - raft.server.snapshot.auto.trigger.enabled = true (custom)
2019-09-12 10:31:46,579 [pool-273-thread-1] INFO  server.RaftServerConfigKeys (ConfUtils.java:logGet(43)) - raft.server.snapshot.auto.trigger.threshold = 10000 (custom)
2019-09-12 10:31:46,579 [pool-273-thread-1] INFO  server.RaftServerConfigKeys (ConfUtils.java:logGet(43)) - raft.server.retrycache.expirytime = 600000ms (custom)
2019-09-12 10:31:46,580 [pool-273-thread-1] INFO  impl.RaftServerImpl (RaftServerImpl.java:start(180)) - 1349d5ba-07d4-450a-9218-4f0361201438: start group-EB143B8D1303
2019-09-12 10:31:46,580 [pool-273-thread-1] INFO  impl.RaftServerImpl (RaftServerImpl.java:setRole(171)) - 1349d5ba-07d4-450a-9218-4f0361201438:group-EB143B8D1303 changes role from null to FOLLOWER at term 0 for startAsFollower
2019-09-12 10:31:46,580 [pool-273-thread-1] INFO  impl.RoleInfo (RoleInfo.java:updateAndGet(143)) - 1349d5ba-07d4-450a-9218-4f0361201438: start FollowerState
2019-09-12 10:31:46,580 [pool-273-thread-1] INFO  util.JmxRegister (JmxRegister.java:tryRegister(44)) - Successfully registered JMX Bean with object name Ratis:service=RaftServer,group=group-EB143B8D1303,id=1349d5ba-07d4-450a-9218-4f0361201438
2019-09-12 10:31:46,582 [RatisPipelineUtilsThread] INFO  pipeline.PipelineStateManager (PipelineStateManager.java:addPipeline(56)) - Created pipeline Pipeline[ Id: 5b322ba4-7cea-41d8-b831-eb143b8d1303, Nodes: 1349d5ba-07d4-450a-9218-4f0361201438{ip: 192.168.36.114, host: pr-hdds-1569-58hkm-1881083799, networkLocation: /default-rack, certSerialId: null}, Type:RATIS, Factor:ONE, State:OPEN]
2019-09-12 10:31:46,583 [RatisPipelineUtilsThread] ERROR pipeline.PipelinePlacementPolicy (PipelinePlacementPolicy.java:meetCriteria(92)) - Pipeline Placement: Doesn't meet the criteria to be viable node. Heaviness: 6
2019-09-12 10:31:46,583 [RatisPipelineUtilsThread] ERROR pipeline.PipelinePlacementPolicy (PipelinePlacementPolicy.java:meetCriteria(92)) - Pipeline Placement: Doesn't meet the criteria to be viable node. Heaviness: 6
2019-09-12 10:31:46,583 [RatisPipelineUtilsThread] ERROR pipeline.PipelinePlacementPolicy (PipelinePlacementPolicy.java:meetCriteria(92)) - Pipeline Placement: Doesn't meet the criteria to be viable node. Heaviness: 6
2019-09-12 10:31:46,583 [RatisPipelineUtilsThread] ERROR pipeline.PipelinePlacementPolicy (PipelinePlacementPolicy.java:meetCriteria(92)) - Pipeline Placement: Doesn't meet the criteria to be viable node. Heaviness: 6
2019-09-12 10:31:46,583 [RatisPipelineUtilsThread] ERROR pipeline.PipelinePlacementPolicy (PipelinePlacementPolicy.java:meetCriteria(92)) - Pipeline Placement: Doesn't meet the criteria to be viable node. Heaviness: 6
2019-09-12 10:31:46,583 [RatisPipelineUtilsThread] ERROR pipeline.PipelinePlacementPolicy (PipelinePlacementPolicy.java:meetCriteria(92)) - Pipeline Placement: Doesn't meet the criteria to be viable node. Heaviness: 6
2019-09-12 10:31:46,583 [RatisPipelineUtilsThread] ERROR pipeline.PipelinePlacementPolicy (PipelinePlacementPolicy.java:filterViableNodes(147)) - Unable to find enough nodes that meet the criteria that cannot engage in more than 5 pipelines. Nodes required: 1 Found: 0, healthy nodes count inNodeManager: 6.
2019-09-12 10:31:46,584 [RatisPipelineUtilsThread] ERROR pipeline.SCMPipelineManager (SCMPipelineManager.java:createPipeline(161)) - Pipeline creation failed due to exception: Unable to find enough nodes that meet the criteria that cannot engage in more than 5 pipelines. Nodes required: 1 Found: 0, healthy nodes count inNodeManager: 6.
2019-09-12 10:31:46,584 [RatisPipelineUtilsThread] ERROR pipeline.PipelinePlacementPolicy (PipelinePlacementPolicy.java:meetCriteria(92)) - Pipeline Placement: Doesn't meet the criteria to be viable node. Heaviness: 6
2019-09-12 10:31:46,584 [RatisPipelineUtilsThread] ERROR pipeline.PipelinePlacementPolicy (PipelinePlacementPolicy.java:meetCriteria(92)) - Pipeline Placement: Doesn't meet the criteria to be viable node. Heaviness: 6
2019-09-12 10:31:46,584 [RatisPipelineUtilsThread] ERROR pipeline.PipelinePlacementPolicy (PipelinePlacementPolicy.java:meetCriteria(92)) - Pipeline Placement: Doesn't meet the criteria to be viable node. Heaviness: 6
2019-09-12 10:31:46,584 [RatisPipelineUtilsThread] ERROR pipeline.PipelinePlacementPolicy (PipelinePlacementPolicy.java:meetCriteria(92)) - Pipeline Placement: Doesn't meet the criteria to be viable node. Heaviness: 6
2019-09-12 10:31:46,584 [RatisPipelineUtilsThread] ERROR pipeline.PipelinePlacementPolicy (PipelinePlacementPolicy.java:meetCriteria(92)) - Pipeline Placement: Doesn't meet the criteria to be viable node. Heaviness: 6
2019-09-12 10:31:46,584 [RatisPipelineUtilsThread] ERROR pipeline.PipelinePlacementPolicy (PipelinePlacementPolicy.java:meetCriteria(92)) - Pipeline Placement: Doesn't meet the criteria to be viable node. Heaviness: 6
2019-09-12 10:31:46,585 [RatisPipelineUtilsThread] ERROR pipeline.PipelinePlacementPolicy (PipelinePlacementPolicy.java:filterViableNodes(147)) - Unable to find enough nodes that meet the criteria that cannot engage in more than 5 pipelines. Nodes required: 3 Found: 0, healthy nodes count inNodeManager: 6.
2019-09-12 10:31:46,585 [RatisPipelineUtilsThread] ERROR pipeline.SCMPipelineManager (SCMPipelineManager.java:createPipeline(161)) - Pipeline creation failed due to exception: Unable to find enough nodes that meet the criteria that cannot engage in more than 5 pipelines. Nodes required: 3 Found: 0, healthy nodes count inNodeManager: 6.
2019-09-12 10:31:46,677 | INFO  | SCMAudit | user=jenkins1000 | ip=192.168.36.114 | op=SEND_HEARTBEAT {datanodeUUID=bcda0514-d42e-47ca-96fd-c0a633e872a8, command=[]} | ret=SUCCESS |  
2019-09-12 10:31:46,677 | INFO  | SCMAudit | user=jenkins1000 | ip=192.168.36.114 | op=SEND_HEARTBEAT {datanodeUUID=c1e71898-521f-4627-a3f1-9884c4b96ced, command=[]} | ret=SUCCESS |  
2019-09-12 10:31:46,677 | INFO  | SCMAudit | user=jenkins1000 | ip=192.168.36.114 | op=SEND_HEARTBEAT {datanodeUUID=d40ec8ee-ac9e-41d6-86bd-e74a05605b85, command=[]} | ret=SUCCESS |  
2019-09-12 10:31:46,677 | INFO  | SCMAudit | user=jenkins1000 | ip=192.168.36.114 | op=SEND_HEARTBEAT {datanodeUUID=5dd0cd62-5770-41dd-9e5a-f3f3eedc40c1, command=[]} | ret=SUCCESS |  
2019-09-12 10:31:46,677 | INFO  | SCMAudit | user=jenkins1000 | ip=192.168.36.114 | op=SEND_HEARTBEAT {datanodeUUID=f17b4253-95a0-4ee6-8ded-88f070f15b33, command=[]} | ret=SUCCESS |  
2019-09-12 10:31:46,677 | INFO  | SCMAudit | user=jenkins1000 | ip=192.168.36.114 | op=SEND_HEARTBEAT {datanodeUUID=eaeff1e2-de9c-4510-872d-283eb6c3c330, command=[]} | ret=SUCCESS |  
2019-09-12 10:31:46,677 [IPC Server handler 4 on 37405] INFO  net.NetworkTopology (NetworkTopologyImpl.java:add(110)) - Added a new node: /default-rack/d9d65fd8-d100-497d-8460-9a4cf62b4ad5
2019-09-12 10:31:46,678 | INFO  | SCMAudit | user=jenkins1000 | ip=192.168.36.114 | op=SEND_HEARTBEAT {datanodeUUID=b6dd7c38-f675-445e-811b-15cf17d56c0a, command=[]} | ret=SUCCESS |  
2019-09-12 10:31:46,677 [RatisPipelineUtilsThread] ERROR pipeline.PipelinePlacementPolicy (PipelinePlacementPolicy.java:meetCriteria(92)) - Pipeline Placement: Doesn't meet the criteria to be viable node. Heaviness: 6
2019-09-12 10:31:46,678 [RatisPipelineUtilsThread] ERROR pipeline.PipelinePlacementPolicy (PipelinePlacementPolicy.java:meetCriteria(92)) - Pipeline Placement: Doesn't meet the criteria to be viable node. Heaviness: 6
2019-09-12 10:31:46,678 [RatisPipelineUtilsThread] ERROR pipeline.PipelinePlacementPolicy (PipelinePlacementPolicy.java:meetCriteria(92)) - Pipeline Placement: Doesn't meet the criteria to be viable node. Heaviness: 6
2019-09-12 10:31:46,678 [RatisPipelineUtilsThread] ERROR pipeline.PipelinePlacementPolicy (PipelinePlacementPolicy.java:meetCriteria(92)) - Pipeline Placement: Doesn't meet the criteria to be viable node. Heaviness: 6
2019-09-12 10:31:46,678 [IPC Server handler 4 on 37405] INFO  node.SCMNodeManager (SCMNodeManager.java:register(273)) - Registered Data node : d9d65fd8-d100-497d-8460-9a4cf62b4ad5{ip: 192.168.36.114, host: pr-hdds-1569-58hkm-1881083799, networkLocation: /default-rack, certSerialId: null}
2019-09-12 10:31:46,678 [RatisPipelineUtilsThread] ERROR pipeline.PipelinePlacementPolicy (PipelinePlacementPolicy.java:meetCriteria(92)) - Pipeline Placement: Doesn't meet the criteria to be viable node. Heaviness: 6
2019-09-12 10:31:46,679 | INFO  | SCMAudit | user=jenkins1000 | ip=192.168.36.114 | op=REGISTER {datanodeDetails=d9d65fd8-d100-497d-8460-9a4cf62b4ad5{ip: 192.168.36.114, host: pr-hdds-1569-58hkm-1881083799, networkLocation: /default-rack, certSerialId: null}} | ret=SUCCESS |  
2019-09-12 10:31:46,679 [RatisPipelineUtilsThread] ERROR pipeline.PipelinePlacementPolicy (PipelinePlacementPolicy.java:meetCriteria(92)) - Pipeline Placement: Doesn't meet the criteria to be viable node. Heaviness: 6
2019-09-12 10:31:46,680 | INFO  | SCMAudit | user=jenkins1000 | ip=192.168.36.114 | op=SEND_HEARTBEAT {datanodeUUID=39df7a3f-9691-48d4-a2b1-6888489a5f8a, command=[]} | ret=SUCCESS |  
2019-09-12 10:31:46,680 | INFO  | SCMAudit | user=jenkins1000 | ip=192.168.36.114 | op=SEND_HEARTBEAT {datanodeUUID=9616c881-dbb1-48da-90dd-a872ed779a2e, command=[]} | ret=SUCCESS |  
2019-09-12 10:31:46,680 | INFO  | SCMAudit | user=jenkins1000 | ip=192.168.36.114 | op=SEND_HEARTBEAT {datanodeUUID=c9031a36-5f7c-4098-8bea-8a46141708a6, command=[]} | ret=SUCCESS |  
2019-09-12 10:31:46,693 [grpc-default-executor-0] INFO  impl.RaftServerProxy (RaftServerProxy.java:addNew(89)) - d9d65fd8-d100-497d-8460-9a4cf62b4ad5: addNew group-C3AB91A55130:[d9d65fd8-d100-497d-8460-9a4cf62b4ad5:192.168.36.114:33192] returns group-C3AB91A55130:java.util.concurrent.CompletableFuture@1b023653[Not completed]
2019-09-12 10:31:46,695 [pool-284-thread-1] INFO  impl.RaftServerImpl (RaftServerImpl.java:<init>(93)) - d9d65fd8-d100-497d-8460-9a4cf62b4ad5: new RaftServerImpl for group-C3AB91A55130:[d9d65fd8-d100-497d-8460-9a4cf62b4ad5:192.168.36.114:33192] with ContainerStateMachine:uninitialized
2019-09-12 10:31:46,695 [pool-284-thread-1] INFO  server.RaftServerConfigKeys (ConfUtils.java:logGet(43)) - raft.server.rpc.timeout.min = 5s (custom)
2019-09-12 10:31:46,695 [pool-284-thread-1] INFO  server.RaftServerConfigKeys (ConfUtils.java:logGet(43)) - raft.server.rpc.timeout.max = 5200ms (custom)
2019-09-12 10:31:46,695 [pool-284-thread-1] INFO  server.RaftServerConfigKeys (ConfUtils.java:logGet(43)) - raft.server.rpcslowness.timeout = 120s (custom)
2019-09-12 10:31:46,695 [pool-284-thread-1] INFO  server.RaftServerConfigKeys (ConfUtils.java:logGet(43)) - raft.server.sleep.deviation.threshold = 300 (default)
2019-09-12 10:31:46,695 [pool-284-thread-1] INFO  server.RaftServerConfigKeys (ConfUtils.java:logGet(43)) - raft.server.log.appender.install.snapshot.enabled = false (custom)
2019-09-12 10:31:46,696 [pool-284-thread-1] INFO  impl.RaftServerImpl (ServerState.java:<init>(105)) - d9d65fd8-d100-497d-8460-9a4cf62b4ad5:group-C3AB91A55130 ConfigurationManager, init=-1: [d9d65fd8-d100-497d-8460-9a4cf62b4ad5:192.168.36.114:33192], old=null, confs=<EMPTY_MAP>
2019-09-12 10:31:46,696 [pool-284-thread-1] INFO  server.RaftServerConfigKeys (ConfUtils.java:logGet(43)) - raft.server.storage.dir = [/workdir/hadoop-ozone/integration-test/target/test-dir/MiniOzoneClusterImpl-d867a4e1-154a-4113-b5e4-c09c14df2894/datanode-6/data/ratis] (custom)
2019-09-12 10:31:46,696 [pool-284-thread-1] INFO  storage.RaftStorageDirectory (RaftStorageDirectory.java:analyzeStorage(246)) - The storage directory /workdir/hadoop-ozone/integration-test/target/test-dir/MiniOzoneClusterImpl-d867a4e1-154a-4113-b5e4-c09c14df2894/datanode-6/data/ratis/391b3a8f-79b0-48e2-9fec-c3ab91a55130 does not exist. Creating ...
2019-09-12 10:31:46,709 [pool-284-thread-1] INFO  storage.RaftStorageDirectory (RaftStorageDirectory.java:tryLock(328)) - Lock on /workdir/hadoop-ozone/integration-test/target/test-dir/MiniOzoneClusterImpl-d867a4e1-154a-4113-b5e4-c09c14df2894/datanode-6/data/ratis/391b3a8f-79b0-48e2-9fec-c3ab91a55130/in_use.lock acquired by nodename 1396@pr-hdds-1569-58hkm-1881083799
2019-09-12 10:31:46,723 [pool-284-thread-1] INFO  storage.RaftStorage (RaftStorage.java:format(72)) - Storage directory /workdir/hadoop-ozone/integration-test/target/test-dir/MiniOzoneClusterImpl-d867a4e1-154a-4113-b5e4-c09c14df2894/datanode-6/data/ratis/391b3a8f-79b0-48e2-9fec-c3ab91a55130 has been successfully formatted.
2019-09-12 10:31:46,723 [pool-284-thread-1] INFO  ratis.ContainerStateMachine (ContainerStateMachine.java:loadSnapshot(226)) - group-C3AB91A55130: The snapshot info is null. Setting the last applied indexto:(t:0, i:~)
2019-09-12 10:31:46,723 [pool-284-thread-1] INFO  server.RaftServerConfigKeys (ConfUtils.java:logGet(43)) - raft.server.leader.election.timeout = 120s (custom)
2019-09-12 10:31:46,724 [pool-284-thread-1] INFO  server.RaftServerConfigKeys (ConfUtils.java:logGet(43)) - raft.server.log.use.memory = false (default)
2019-09-12 10:31:46,724 [pool-284-thread-1] INFO  server.RaftServerConfigKeys (ConfUtils.java:logGet(43)) - raft.server.log.purge.gap = 1000000 (custom)
2019-09-12 10:31:46,724 [pool-284-thread-1] INFO  server.RaftServerConfigKeys (ConfUtils.java:logGet(43)) - raft.server.log.appender.buffer.byte-limit = 33554432 (custom)
2019-09-12 10:31:46,724 [pool-284-thread-1] INFO  server.RaftServerConfigKeys (ConfUtils.java:logGet(43)) - raft.server.log.segment.size.max = 1048576 (custom)
2019-09-12 10:31:46,724 [pool-284-thread-1] INFO  server.RaftServerConfigKeys (ConfUtils.java:logGet(43)) - raft.server.log.segment.cache.num.max = 2 (custom)
2019-09-12 10:31:46,724 [pool-284-thread-1] INFO  segmented.SegmentedRaftLogWorker (SegmentedRaftLogWorker.java:<init>(172)) - new d9d65fd8-d100-497d-8460-9a4cf62b4ad5-SegmentedRaftLogWorker:Storage Directory /workdir/hadoop-ozone/integration-test/target/test-dir/MiniOzoneClusterImpl-d867a4e1-154a-4113-b5e4-c09c14df2894/datanode-6/data/ratis/391b3a8f-79b0-48e2-9fec-c3ab91a55130 for RaftStorage:Storage Directory /workdir/hadoop-ozone/integration-test/target/test-dir/MiniOzoneClusterImpl-d867a4e1-154a-4113-b5e4-c09c14df2894/datanode-6/data/ratis/391b3a8f-79b0-48e2-9fec-c3ab91a55130
2019-09-12 10:31:46,724 [pool-284-thread-1] INFO  server.RaftServerConfigKeys (ConfUtils.java:logGet(43)) - raft.server.log.queue.byte-limit = 2147483647 (custom)
2019-09-12 10:31:46,724 [pool-284-thread-1] INFO  server.RaftServerConfigKeys (ConfUtils.java:logGet(43)) - raft.server.log.queue.element-limit = 1024 (custom)
2019-09-12 10:31:46,724 [pool-284-thread-1] INFO  server.RaftServerConfigKeys (ConfUtils.java:logGet(43)) - raft.server.log.segment.size.max = 1048576 (custom)
2019-09-12 10:31:46,725 [pool-284-thread-1] INFO  server.RaftServerConfigKeys (ConfUtils.java:logGet(43)) - raft.server.log.preallocated.size = 16384 (custom)
2019-09-12 10:31:46,725 [pool-284-thread-1] INFO  server.RaftServerConfigKeys (ConfUtils.java:logGet(43)) - raft.server.log.write.buffer.size = 33554432 (custom)
2019-09-12 10:31:46,725 [pool-284-thread-1] INFO  server.RaftServerConfigKeys (ConfUtils.java:logGet(43)) - raft.server.log.force.sync.num = 128 (default)
2019-09-12 10:31:46,725 [pool-284-thread-1] INFO  server.RaftServerConfigKeys (ConfUtils.java:logGet(43)) - raft.server.log.statemachine.data.sync = true (default)
2019-09-12 10:31:46,725 [pool-284-thread-1] INFO  server.RaftServerConfigKeys (ConfUtils.java:logGet(43)) - raft.server.log.statemachine.data.sync.timeout = 10s (default)
2019-09-12 10:31:46,725 [pool-284-thread-1] INFO  server.RaftServerConfigKeys (ConfUtils.java:logGet(43)) - raft.server.log.statemachine.data.sync.timeout.retry = -1 (default)
2019-09-12 10:31:46,725 [pool-284-thread-1] INFO  server.RaftServerConfigKeys (ConfUtils.java:logGet(43)) - raft.server.log.statemachine.data.caching.enabled = true (custom)
2019-09-12 10:31:46,725 [Thread-1079] INFO  impl.FollowerState (FollowerState.java:run(106)) - 5dd0cd62-5770-41dd-9e5a-f3f3eedc40c1:group-7DEB0E175AFA changes to CANDIDATE, lastRpcTime:5131, electionTimeout:5131ms
2019-09-12 10:31:46,725 [Thread-1079] INFO  impl.RoleInfo (RoleInfo.java:shutdownFollowerState(121)) - 5dd0cd62-5770-41dd-9e5a-f3f3eedc40c1: shutdown FollowerState
2019-09-12 10:31:46,725 [Thread-1079] INFO  impl.RaftServerImpl (RaftServerImpl.java:setRole(171)) - 5dd0cd62-5770-41dd-9e5a-f3f3eedc40c1:group-7DEB0E175AFA changes role from FOLLOWER to CANDIDATE at term 0 for changeToCandidate
2019-09-12 10:31:46,726 [pool-284-thread-1] INFO  segmented.SegmentedRaftLogWorker (SegmentedRaftLogWorker.java:lambda$new$0(132)) - d9d65fd8-d100-497d-8460-9a4cf62b4ad5-SegmentedRaftLogWorker:Storage Directory /workdir/hadoop-ozone/integration-test/target/test-dir/MiniOzoneClusterImpl-d867a4e1-154a-4113-b5e4-c09c14df2894/datanode-6/data/ratis/391b3a8f-79b0-48e2-9fec-c3ab91a55130: flushIndex: setUnconditionally 0 -> -1
2019-09-12 10:31:46,726 [Thread-1079] INFO  impl.RoleInfo (RoleInfo.java:updateAndGet(143)) - 5dd0cd62-5770-41dd-9e5a-f3f3eedc40c1: start LeaderElection
2019-09-12 10:31:46,726 [pool-284-thread-1] INFO  server.RaftServerConfigKeys (ConfUtils.java:logGet(43)) - raft.server.snapshot.auto.trigger.enabled = true (custom)
2019-09-12 10:31:46,726 [pool-284-thread-1] INFO  server.RaftServerConfigKeys (ConfUtils.java:logGet(43)) - raft.server.snapshot.auto.trigger.threshold = 10000 (custom)
2019-09-12 10:31:46,726 [pool-284-thread-1] INFO  server.RaftServerConfigKeys (ConfUtils.java:logGet(43)) - raft.server.retrycache.expirytime = 600000ms (custom)
2019-09-12 10:31:46,726 [pool-284-thread-1] INFO  impl.RaftServerImpl (RaftServerImpl.java:start(180)) - d9d65fd8-d100-497d-8460-9a4cf62b4ad5: start group-C3AB91A55130
2019-09-12 10:31:46,726 [pool-284-thread-1] INFO  impl.RaftServerImpl (RaftServerImpl.java:setRole(171)) - d9d65fd8-d100-497d-8460-9a4cf62b4ad5:group-C3AB91A55130 changes role from null to FOLLOWER at term 0 for startAsFollower
2019-09-12 10:31:46,726 [pool-284-thread-1] INFO  impl.RoleInfo (RoleInfo.java:updateAndGet(143)) - d9d65fd8-d100-497d-8460-9a4cf62b4ad5: start FollowerState
2019-09-12 10:31:46,727 [pool-284-thread-1] INFO  util.JmxRegister (JmxRegister.java:tryRegister(44)) - Successfully registered JMX Bean with object name Ratis:service=RaftServer,group=group-C3AB91A55130,id=d9d65fd8-d100-497d-8460-9a4cf62b4ad5
2019-09-12 10:31:46,729 [RatisPipelineUtilsThread] INFO  pipeline.PipelineStateManager (PipelineStateManager.java:addPipeline(56)) - Created pipeline Pipeline[ Id: 391b3a8f-79b0-48e2-9fec-c3ab91a55130, Nodes: d9d65fd8-d100-497d-8460-9a4cf62b4ad5{ip: 192.168.36.114, host: pr-hdds-1569-58hkm-1881083799, networkLocation: /default-rack, certSerialId: null}, Type:RATIS, Factor:ONE, State:OPEN]
2019-09-12 10:31:46,730 [RatisPipelineUtilsThread] ERROR pipeline.PipelinePlacementPolicy (PipelinePlacementPolicy.java:meetCriteria(92)) - Pipeline Placement: Doesn't meet the criteria to be viable node. Heaviness: 6
2019-09-12 10:31:46,730 [RatisPipelineUtilsThread] ERROR pipeline.PipelinePlacementPolicy (PipelinePlacementPolicy.java:meetCriteria(92)) - Pipeline Placement: Doesn't meet the criteria to be viable node. Heaviness: 6
2019-09-12 10:31:46,730 [RatisPipelineUtilsThread] ERROR pipeline.PipelinePlacementPolicy (PipelinePlacementPolicy.java:meetCriteria(92)) - Pipeline Placement: Doesn't meet the criteria to be viable node. Heaviness: 6
2019-09-12 10:31:46,730 [RatisPipelineUtilsThread] ERROR pipeline.PipelinePlacementPolicy (PipelinePlacementPolicy.java:meetCriteria(92)) - Pipeline Placement: Doesn't meet the criteria to be viable node. Heaviness: 6
2019-09-12 10:31:46,730 [RatisPipelineUtilsThread] ERROR pipeline.PipelinePlacementPolicy (PipelinePlacementPolicy.java:meetCriteria(92)) - Pipeline Placement: Doesn't meet the criteria to be viable node. Heaviness: 6
2019-09-12 10:31:46,730 [RatisPipelineUtilsThread] ERROR pipeline.PipelinePlacementPolicy (PipelinePlacementPolicy.java:meetCriteria(92)) - Pipeline Placement: Doesn't meet the criteria to be viable node. Heaviness: 6
2019-09-12 10:31:46,735 [grpc-default-executor-0] INFO  impl.RaftServerProxy (RaftServerProxy.java:addNew(89)) - d9d65fd8-d100-497d-8460-9a4cf62b4ad5: addNew group-059EBFC5DFEE:[d9d65fd8-d100-497d-8460-9a4cf62b4ad5:192.168.36.114:33192] returns group-059EBFC5DFEE:java.util.concurrent.CompletableFuture@7d779d19[Not completed]
2019-09-12 10:31:46,736 [pool-284-thread-1] INFO  impl.RaftServerImpl (RaftServerImpl.java:<init>(93)) - d9d65fd8-d100-497d-8460-9a4cf62b4ad5: new RaftServerImpl for group-059EBFC5DFEE:[d9d65fd8-d100-497d-8460-9a4cf62b4ad5:192.168.36.114:33192] with ContainerStateMachine:uninitialized
2019-09-12 10:31:46,736 [pool-284-thread-1] INFO  server.RaftServerConfigKeys (ConfUtils.java:logGet(43)) - raft.server.rpc.timeout.min = 5s (custom)
2019-09-12 10:31:46,736 [pool-284-thread-1] INFO  server.RaftServerConfigKeys (ConfUtils.java:logGet(43)) - raft.server.rpc.timeout.max = 5200ms (custom)
2019-09-12 10:31:46,736 [pool-284-thread-1] INFO  server.RaftServerConfigKeys (ConfUtils.java:logGet(43)) - raft.server.rpcslowness.timeout = 120s (custom)
2019-09-12 10:31:46,736 [pool-284-thread-1] INFO  server.RaftServerConfigKeys (ConfUtils.java:logGet(43)) - raft.server.sleep.deviation.threshold = 300 (default)
2019-09-12 10:31:46,736 [pool-284-thread-1] INFO  server.RaftServerConfigKeys (ConfUtils.java:logGet(43)) - raft.server.log.appender.install.snapshot.enabled = false (custom)
2019-09-12 10:31:46,736 [pool-284-thread-1] INFO  impl.RaftServerImpl (ServerState.java:<init>(105)) - d9d65fd8-d100-497d-8460-9a4cf62b4ad5:group-059EBFC5DFEE ConfigurationManager, init=-1: [d9d65fd8-d100-497d-8460-9a4cf62b4ad5:192.168.36.114:33192], old=null, confs=<EMPTY_MAP>
2019-09-12 10:31:46,736 [pool-284-thread-1] INFO  server.RaftServerConfigKeys (ConfUtils.java:logGet(43)) - raft.server.storage.dir = [/workdir/hadoop-ozone/integration-test/target/test-dir/MiniOzoneClusterImpl-d867a4e1-154a-4113-b5e4-c09c14df2894/datanode-6/data/ratis] (custom)
2019-09-12 10:31:46,737 [pool-284-thread-1] INFO  storage.RaftStorageDirectory (RaftStorageDirectory.java:analyzeStorage(246)) - The storage directory /workdir/hadoop-ozone/integration-test/target/test-dir/MiniOzoneClusterImpl-d867a4e1-154a-4113-b5e4-c09c14df2894/datanode-6/data/ratis/3a94b7cb-b0ac-4f65-afa8-059ebfc5dfee does not exist. Creating ...
2019-09-12 10:31:46,740 [pool-284-thread-1] INFO  storage.RaftStorageDirectory (RaftStorageDirectory.java:tryLock(328)) - Lock on /workdir/hadoop-ozone/integration-test/target/test-dir/MiniOzoneClusterImpl-d867a4e1-154a-4113-b5e4-c09c14df2894/datanode-6/data/ratis/3a94b7cb-b0ac-4f65-afa8-059ebfc5dfee/in_use.lock acquired by nodename 1396@pr-hdds-1569-58hkm-1881083799
2019-09-12 10:31:46,740 [5dd0cd62-5770-41dd-9e5a-f3f3eedc40c1:group-7DEB0E175AFA:LeaderElection81] INFO  impl.LeaderElection (LeaderElection.java:askForVotes(181)) - 5dd0cd62-5770-41dd-9e5a-f3f3eedc40c1:group-7DEB0E175AFA:LeaderElection81: begin an election at term 1 for -1: [5dd0cd62-5770-41dd-9e5a-f3f3eedc40c1:192.168.36.114:42730], old=null
2019-09-12 10:31:46,740 [5dd0cd62-5770-41dd-9e5a-f3f3eedc40c1:group-7DEB0E175AFA:LeaderElection81] INFO  impl.RoleInfo (RoleInfo.java:shutdownLeaderElection(134)) - 5dd0cd62-5770-41dd-9e5a-f3f3eedc40c1: shutdown LeaderElection
2019-09-12 10:31:46,740 [5dd0cd62-5770-41dd-9e5a-f3f3eedc40c1:group-7DEB0E175AFA:LeaderElection81] INFO  impl.RaftServerImpl (RaftServerImpl.java:setRole(171)) - 5dd0cd62-5770-41dd-9e5a-f3f3eedc40c1:group-7DEB0E175AFA changes role from CANDIDATE to LEADER at term 1 for changeToLeader
2019-09-12 10:31:46,740 [5dd0cd62-5770-41dd-9e5a-f3f3eedc40c1:group-7DEB0E175AFA:LeaderElection81] INFO  impl.RaftServerImpl (ServerState.java:setLeader(263)) - 5dd0cd62-5770-41dd-9e5a-f3f3eedc40c1:group-7DEB0E175AFA change Leader from null to 5dd0cd62-5770-41dd-9e5a-f3f3eedc40c1 at term 1 for becomeLeader, leader elected after 5149ms
2019-09-12 10:31:46,741 [5dd0cd62-5770-41dd-9e5a-f3f3eedc40c1:group-7DEB0E175AFA:LeaderElection81] INFO  server.RaftServerConfigKeys (ConfUtils.java:logGet(43)) - raft.server.staging.catchup.gap = 1000 (default)
2019-09-12 10:31:46,741 [5dd0cd62-5770-41dd-9e5a-f3f3eedc40c1:group-7DEB0E175AFA:LeaderElection81] INFO  server.RaftServerConfigKeys (ConfUtils.java:logGet(43)) - raft.server.rpc.sleep.time = 25ms (default)
2019-09-12 10:31:46,741 [5dd0cd62-5770-41dd-9e5a-f3f3eedc40c1:group-7DEB0E175AFA:LeaderElection81] INFO  server.RaftServerConfigKeys (ConfUtils.java:logGet(43)) - raft.server.write.element-limit = 4096 (default)
2019-09-12 10:31:46,741 [5dd0cd62-5770-41dd-9e5a-f3f3eedc40c1:group-7DEB0E175AFA:LeaderElection81] INFO  server.RaftServerConfigKeys (ConfUtils.java:logGet(43)) - raft.server.watch.timeout = 10s (default)
2019-09-12 10:31:46,741 [5dd0cd62-5770-41dd-9e5a-f3f3eedc40c1:group-7DEB0E175AFA:LeaderElection81] INFO  server.RaftServerConfigKeys (ConfUtils.java:logGet(43)) - raft.server.watch.timeout.denomination = 1s (default)
2019-09-12 10:31:46,741 [5dd0cd62-5770-41dd-9e5a-f3f3eedc40c1:group-7DEB0E175AFA:LeaderElection81] INFO  server.RaftServerConfigKeys (ConfUtils.java:logGet(43)) - raft.server.watch.element-limit = 65536 (default)
2019-09-12 10:31:46,741 [5dd0cd62-5770-41dd-9e5a-f3f3eedc40c1:group-7DEB0E175AFA:LeaderElection81] INFO  impl.RoleInfo (RoleInfo.java:updateAndGet(143)) - 5dd0cd62-5770-41dd-9e5a-f3f3eedc40c1: start LeaderState
2019-09-12 10:31:46,742 [5dd0cd62-5770-41dd-9e5a-f3f3eedc40c1:group-7DEB0E175AFA:LeaderElection81] INFO  segmented.SegmentedRaftLogWorker (SegmentedRaftLogWorker.java:startLogSegment(380)) - 5dd0cd62-5770-41dd-9e5a-f3f3eedc40c1-SegmentedRaftLogWorker:Storage Directory /workdir/hadoop-ozone/integration-test/target/test-dir/MiniOzoneClusterImpl-d867a4e1-154a-4113-b5e4-c09c14df2894/datanode-0/data/ratis/d613fabe-3b8b-4e53-872f-7deb0e175afa: Starting segment from index:0
2019-09-12 10:31:47,224 [Thread-1109] INFO  impl.FollowerState (FollowerState.java:run(106)) - 5dd0cd62-5770-41dd-9e5a-f3f3eedc40c1:group-C863DDFB95B6 changes to CANDIDATE, lastRpcTime:5215, electionTimeout:5187ms
2019-09-12 10:31:47,224 [Thread-1109] INFO  impl.RoleInfo (RoleInfo.java:shutdownFollowerState(121)) - 5dd0cd62-5770-41dd-9e5a-f3f3eedc40c1: shutdown FollowerState
2019-09-12 10:31:47,224 [Thread-1098] INFO  impl.FollowerState (FollowerState.java:run(106)) - 5dd0cd62-5770-41dd-9e5a-f3f3eedc40c1:group-29BB7B513424 changes to CANDIDATE, lastRpcTime:5286, electionTimeout:5186ms
2019-09-12 10:31:47,224 [Thread-1109] INFO  impl.RaftServerImpl (RaftServerImpl.java:setRole(171)) - 5dd0cd62-5770-41dd-9e5a-f3f3eedc40c1:group-C863DDFB95B6 changes role from FOLLOWER to CANDIDATE at term 0 for changeToCandidate
2019-09-12 10:31:47,224 [Thread-1098] INFO  impl.RoleInfo (RoleInfo.java:shutdownFollowerState(121)) - 5dd0cd62-5770-41dd-9e5a-f3f3eedc40c1: shutdown FollowerState
2019-09-12 10:31:47,224 [Thread-1109] INFO  impl.RoleInfo (RoleInfo.java:updateAndGet(143)) - 5dd0cd62-5770-41dd-9e5a-f3f3eedc40c1: start LeaderElection
2019-09-12 10:31:47,225 [Thread-1098] INFO  impl.RaftServerImpl (RaftServerImpl.java:setRole(171)) - 5dd0cd62-5770-41dd-9e5a-f3f3eedc40c1:group-29BB7B513424 changes role from FOLLOWER to CANDIDATE at term 0 for changeToCandidate
2019-09-12 10:31:47,225 [main] INFO  ozone.MiniOzoneClusterImpl (MiniOzoneClusterImpl.java:lambda$waitForClusterToBeReady$0(142)) - Cluster is ready. Got 7 of 7 DN Heartbeats.
2019-09-12 10:31:47,225 [Thread-1098] INFO  impl.RoleInfo (RoleInfo.java:updateAndGet(143)) - 5dd0cd62-5770-41dd-9e5a-f3f3eedc40c1: start LeaderElection
2019-09-12 10:31:47,226 [Thread-1090] INFO  impl.FollowerState (FollowerState.java:run(106)) - 5dd0cd62-5770-41dd-9e5a-f3f3eedc40c1:group-6AAD921D85D9 changes to CANDIDATE, lastRpcTime:5381, electionTimeout:5190ms
2019-09-12 10:31:47,226 [Thread-1090] INFO  impl.RoleInfo (RoleInfo.java:shutdownFollowerState(121)) - 5dd0cd62-5770-41dd-9e5a-f3f3eedc40c1: shutdown FollowerState
2019-09-12 10:31:47,226 [Thread-1090] INFO  impl.RaftServerImpl (RaftServerImpl.java:setRole(171)) - 5dd0cd62-5770-41dd-9e5a-f3f3eedc40c1:group-6AAD921D85D9 changes role from FOLLOWER to CANDIDATE at term 0 for changeToCandidate
2019-09-12 10:31:47,226 [Thread-1082] WARN  util.JavaUtils (JavaUtils.java:sleep(250)) - Unexpected long sleep: sleep(5186ms) actually took 5590ms which is over the threshold 300ms
2019-09-12 10:31:47,226 [Thread-1090] INFO  impl.RoleInfo (RoleInfo.java:updateAndGet(143)) - 5dd0cd62-5770-41dd-9e5a-f3f3eedc40c1: start LeaderElection
2019-09-12 10:31:47,226 [Thread-1085] WARN  util.JavaUtils (JavaUtils.java:sleep(250)) - Unexpected long sleep: sleep(5110ms) actually took 5545ms which is over the threshold 300ms
2019-09-12 10:31:47,227 [pool-284-thread-1] INFO  storage.RaftStorage (RaftStorage.java:format(72)) - Storage directory /workdir/hadoop-ozone/integration-test/target/test-dir/MiniOzoneClusterImpl-d867a4e1-154a-4113-b5e4-c09c14df2894/datanode-6/data/ratis/3a94b7cb-b0ac-4f65-afa8-059ebfc5dfee has been successfully formatted.
2019-09-12 10:31:47,227 [5dd0cd62-5770-41dd-9e5a-f3f3eedc40c1:group-7DEB0E175AFA:LeaderElection81] INFO  impl.RaftServerImpl (ServerState.java:setRaftConf(361)) - 5dd0cd62-5770-41dd-9e5a-f3f3eedc40c1:group-7DEB0E175AFA set configuration 0: [5dd0cd62-5770-41dd-9e5a-f3f3eedc40c1:192.168.36.114:42730], old=null at 0
2019-09-12 10:31:47,227 [pool-284-thread-1] INFO  ratis.ContainerStateMachine (ContainerStateMachine.java:loadSnapshot(226)) - group-059EBFC5DFEE: The snapshot info is null. Setting the last applied indexto:(t:0, i:~)
2019-09-12 10:31:47,228 [pool-284-thread-1] INFO  server.RaftServerConfigKeys (ConfUtils.java:logGet(43)) - raft.server.leader.election.timeout = 120s (custom)
2019-09-12 10:31:47,228 | INFO  | SCMAudit | user=jenkins1000 | ip=192.168.36.114 | op=SEND_HEARTBEAT {datanodeUUID=caccd92c-2544-4e02-86cf-95849f240c1b, command=[]} | ret=SUCCESS |  
2019-09-12 10:31:47,228 | INFO  | SCMAudit | user=jenkins1000 | ip=192.168.36.114 | op=SEND_HEARTBEAT {datanodeUUID=22ce2f4b-d517-44cf-8041-712d813e08f3, command=[]} | ret=SUCCESS |  
2019-09-12 10:31:47,228 [pool-284-thread-1] INFO  server.RaftServerConfigKeys (ConfUtils.java:logGet(43)) - raft.server.log.use.memory = false (default)
2019-09-12 10:31:47,228 [pool-284-thread-1] INFO  server.RaftServerConfigKeys (ConfUtils.java:logGet(43)) - raft.server.log.purge.gap = 1000000 (custom)
2019-09-12 10:31:47,228 [pool-284-thread-1] INFO  server.RaftServerConfigKeys (ConfUtils.java:logGet(43)) - raft.server.log.appender.buffer.byte-limit = 33554432 (custom)
2019-09-12 10:31:47,228 [pool-284-thread-1] INFO  server.RaftServerConfigKeys (ConfUtils.java:logGet(43)) - raft.server.log.segment.size.max = 1048576 (custom)
2019-09-12 10:31:47,244 [5dd0cd62-5770-41dd-9e5a-f3f3eedc40c1:group-29BB7B513424:LeaderElection83] INFO  impl.LeaderElection (LeaderElection.java:askForVotes(181)) - 5dd0cd62-5770-41dd-9e5a-f3f3eedc40c1:group-29BB7B513424:LeaderElection83: begin an election at term 1 for -1: [5dd0cd62-5770-41dd-9e5a-f3f3eedc40c1:192.168.36.114:42730], old=null
2019-09-12 10:31:47,244 [5dd0cd62-5770-41dd-9e5a-f3f3eedc40c1:group-C863DDFB95B6:LeaderElection82] INFO  impl.LeaderElection (LeaderElection.java:askForVotes(181)) - 5dd0cd62-5770-41dd-9e5a-f3f3eedc40c1:group-C863DDFB95B6:LeaderElection82: begin an election at term 1 for -1: [5dd0cd62-5770-41dd-9e5a-f3f3eedc40c1:192.168.36.114:42730], old=null
2019-09-12 10:31:47,244 [pool-284-thread-1] INFO  server.RaftServerConfigKeys (ConfUtils.java:logGet(43)) - raft.server.log.segment.cache.num.max = 2 (custom)
2019-09-12 10:31:47,244 [5dd0cd62-5770-41dd-9e5a-f3f3eedc40c1:group-6AAD921D85D9:LeaderElection84] INFO  impl.LeaderElection (LeaderElection.java:askForVotes(181)) - 5dd0cd62-5770-41dd-9e5a-f3f3eedc40c1:group-6AAD921D85D9:LeaderElection84: begin an election at term 1 for -1: [5dd0cd62-5770-41dd-9e5a-f3f3eedc40c1:192.168.36.114:42730], old=null
2019-09-12 10:31:47,244 [pool-284-thread-1] INFO  segmented.SegmentedRaftLogWorker (SegmentedRaftLogWorker.java:<init>(172)) - new d9d65fd8-d100-497d-8460-9a4cf62b4ad5-SegmentedRaftLogWorker:Storage Directory /workdir/hadoop-ozone/integration-test/target/test-dir/MiniOzoneClusterImpl-d867a4e1-154a-4113-b5e4-c09c14df2894/datanode-6/data/ratis/3a94b7cb-b0ac-4f65-afa8-059ebfc5dfee for RaftStorage:Storage Directory /workdir/hadoop-ozone/integration-test/target/test-dir/MiniOzoneClusterImpl-d867a4e1-154a-4113-b5e4-c09c14df2894/datanode-6/data/ratis/3a94b7cb-b0ac-4f65-afa8-059ebfc5dfee
2019-09-12 10:31:47,244 [5dd0cd62-5770-41dd-9e5a-f3f3eedc40c1:group-C863DDFB95B6:LeaderElection82] INFO  impl.RoleInfo (RoleInfo.java:shutdownLeaderElection(134)) - 5dd0cd62-5770-41dd-9e5a-f3f3eedc40c1: shutdown LeaderElection
2019-09-12 10:31:47,244 [5dd0cd62-5770-41dd-9e5a-f3f3eedc40c1:group-29BB7B513424:LeaderElection83] INFO  impl.RoleInfo (RoleInfo.java:shutdownLeaderElection(134)) - 5dd0cd62-5770-41dd-9e5a-f3f3eedc40c1: shutdown LeaderElection
2019-09-12 10:31:47,244 [5dd0cd62-5770-41dd-9e5a-f3f3eedc40c1:group-C863DDFB95B6:LeaderElection82] INFO  impl.RaftServerImpl (RaftServerImpl.java:setRole(171)) - 5dd0cd62-5770-41dd-9e5a-f3f3eedc40c1:group-C863DDFB95B6 changes role from CANDIDATE to LEADER at term 1 for changeToLeader
2019-09-12 10:31:47,244 [pool-284-thread-1] INFO  server.RaftServerConfigKeys (ConfUtils.java:logGet(43)) - raft.server.log.queue.byte-limit = 2147483647 (custom)
2019-09-12 10:31:47,244 [5dd0cd62-5770-41dd-9e5a-f3f3eedc40c1:group-6AAD921D85D9:LeaderElection84] INFO  impl.RoleInfo (RoleInfo.java:shutdownLeaderElection(134)) - 5dd0cd62-5770-41dd-9e5a-f3f3eedc40c1: shutdown LeaderElection
2019-09-12 10:31:47,245 [pool-284-thread-1] INFO  server.RaftServerConfigKeys (ConfUtils.java:logGet(43)) - raft.server.log.queue.element-limit = 1024 (custom)
2019-09-12 10:31:47,245 [5dd0cd62-5770-41dd-9e5a-f3f3eedc40c1:group-C863DDFB95B6:LeaderElection82] INFO  impl.RaftServerImpl (ServerState.java:setLeader(263)) - 5dd0cd62-5770-41dd-9e5a-f3f3eedc40c1:group-C863DDFB95B6 change Leader from null to 5dd0cd62-5770-41dd-9e5a-f3f3eedc40c1 at term 1 for becomeLeader, leader elected after 5238ms
2019-09-12 10:31:47,244 [5dd0cd62-5770-41dd-9e5a-f3f3eedc40c1:group-29BB7B513424:LeaderElection83] INFO  impl.RaftServerImpl (RaftServerImpl.java:setRole(171)) - 5dd0cd62-5770-41dd-9e5a-f3f3eedc40c1:group-29BB7B513424 changes role from CANDIDATE to LEADER at term 1 for changeToLeader
2019-09-12 10:31:47,245 [5dd0cd62-5770-41dd-9e5a-f3f3eedc40c1:group-C863DDFB95B6:LeaderElection82] INFO  server.RaftServerConfigKeys (ConfUtils.java:logGet(43)) - raft.server.staging.catchup.gap = 1000 (default)
2019-09-12 10:31:47,245 [pool-284-thread-1] INFO  server.RaftServerConfigKeys (ConfUtils.java:logGet(43)) - raft.server.log.segment.size.max = 1048576 (custom)
2019-09-12 10:31:47,245 [5dd0cd62-5770-41dd-9e5a-f3f3eedc40c1:group-6AAD921D85D9:LeaderElection84] INFO  impl.RaftServerImpl (RaftServerImpl.java:setRole(171)) - 5dd0cd62-5770-41dd-9e5a-f3f3eedc40c1:group-6AAD921D85D9 changes role from CANDIDATE to LEADER at term 1 for changeToLeader
2019-09-12 10:31:47,246 [pool-284-thread-1] INFO  server.RaftServerConfigKeys (ConfUtils.java:logGet(43)) - raft.server.log.preallocated.size = 16384 (custom)
2019-09-12 10:31:47,245 [5dd0cd62-5770-41dd-9e5a-f3f3eedc40c1:group-C863DDFB95B6:LeaderElection82] INFO  server.RaftServerConfigKeys (ConfUtils.java:logGet(43)) - raft.server.rpc.sleep.time = 25ms (default)
2019-09-12 10:31:47,245 [5dd0cd62-5770-41dd-9e5a-f3f3eedc40c1:group-29BB7B513424:LeaderElection83] INFO  impl.RaftServerImpl (ServerState.java:setLeader(263)) - 5dd0cd62-5770-41dd-9e5a-f3f3eedc40c1:group-29BB7B513424 change Leader from null to 5dd0cd62-5770-41dd-9e5a-f3f3eedc40c1 at term 1 for becomeLeader, leader elected after 5312ms
2019-09-12 10:31:47,252 [5dd0cd62-5770-41dd-9e5a-f3f3eedc40c1:group-C863DDFB95B6:LeaderElection82] INFO  server.RaftServerConfigKeys (ConfUtils.java:logGet(43)) - raft.server.write.element-limit = 4096 (default)
2019-09-12 10:31:47,251 [pool-284-thread-1] INFO  server.RaftServerConfigKeys (ConfUtils.java:logGet(43)) - raft.server.log.write.buffer.size = 33554432 (custom)
2019-09-12 10:31:47,252 [pool-284-thread-1] INFO  server.RaftServerConfigKeys (ConfUtils.java:logGet(43)) - raft.server.log.force.sync.num = 128 (default)
2019-09-12 10:31:47,251 [5dd0cd62-5770-41dd-9e5a-f3f3eedc40c1:group-6AAD921D85D9:LeaderElection84] INFO  impl.RaftServerImpl (ServerState.java:setLeader(263)) - 5dd0cd62-5770-41dd-9e5a-f3f3eedc40c1:group-6AAD921D85D9 change Leader from null to 5dd0cd62-5770-41dd-9e5a-f3f3eedc40c1 at term 1 for becomeLeader, leader elected after 5528ms
2019-09-12 10:31:47,252 [pool-284-thread-1] INFO  server.RaftServerConfigKeys (ConfUtils.java:logGet(43)) - raft.server.log.statemachine.data.sync = true (default)
2019-09-12 10:31:47,252 [5dd0cd62-5770-41dd-9e5a-f3f3eedc40c1:group-C863DDFB95B6:LeaderElection82] INFO  server.RaftServerConfigKeys (ConfUtils.java:logGet(43)) - raft.server.watch.timeout = 10s (default)
2019-09-12 10:31:47,252 [5dd0cd62-5770-41dd-9e5a-f3f3eedc40c1:group-29BB7B513424:LeaderElection83] INFO  server.RaftServerConfigKeys (ConfUtils.java:logGet(43)) - raft.server.staging.catchup.gap = 1000 (default)
2019-09-12 10:31:47,252 [5dd0cd62-5770-41dd-9e5a-f3f3eedc40c1:group-C863DDFB95B6:LeaderElection82] INFO  server.RaftServerConfigKeys (ConfUtils.java:logGet(43)) - raft.server.watch.timeout.denomination = 1s (default)
2019-09-12 10:31:47,252 [pool-284-thread-1] INFO  server.RaftServerConfigKeys (ConfUtils.java:logGet(43)) - raft.server.log.statemachine.data.sync.timeout = 10s (default)
2019-09-12 10:31:47,264 [pool-284-thread-1] INFO  server.RaftServerConfigKeys (ConfUtils.java:logGet(43)) - raft.server.log.statemachine.data.sync.timeout.retry = -1 (default)
2019-09-12 10:31:47,252 [5dd0cd62-5770-41dd-9e5a-f3f3eedc40c1:group-6AAD921D85D9:LeaderElection84] INFO  server.RaftServerConfigKeys (ConfUtils.java:logGet(43)) - raft.server.staging.catchup.gap = 1000 (default)
2019-09-12 10:31:47,265 [pool-284-thread-1] INFO  server.RaftServerConfigKeys (ConfUtils.java:logGet(43)) - raft.server.log.statemachine.data.caching.enabled = true (custom)
2019-09-12 10:31:47,264 [5dd0cd62-5770-41dd-9e5a-f3f3eedc40c1:group-C863DDFB95B6:LeaderElection82] INFO  server.RaftServerConfigKeys (ConfUtils.java:logGet(43)) - raft.server.watch.element-limit = 65536 (default)
2019-09-12 10:31:47,253 [5dd0cd62-5770-41dd-9e5a-f3f3eedc40c1:group-29BB7B513424:LeaderElection83] INFO  server.RaftServerConfigKeys (ConfUtils.java:logGet(43)) - raft.server.rpc.sleep.time = 25ms (default)
2019-09-12 10:31:47,265 [pool-284-thread-1] INFO  segmented.SegmentedRaftLogWorker (SegmentedRaftLogWorker.java:lambda$new$0(132)) - d9d65fd8-d100-497d-8460-9a4cf62b4ad5-SegmentedRaftLogWorker:Storage Directory /workdir/hadoop-ozone/integration-test/target/test-dir/MiniOzoneClusterImpl-d867a4e1-154a-4113-b5e4-c09c14df2894/datanode-6/data/ratis/3a94b7cb-b0ac-4f65-afa8-059ebfc5dfee: flushIndex: setUnconditionally 0 -> -1
2019-09-12 10:31:47,265 [5dd0cd62-5770-41dd-9e5a-f3f3eedc40c1:group-6AAD921D85D9:LeaderElection84] INFO  server.RaftServerConfigKeys (ConfUtils.java:logGet(43)) - raft.server.rpc.sleep.time = 25ms (default)
2019-09-12 10:31:47,265 [5dd0cd62-5770-41dd-9e5a-f3f3eedc40c1:group-C863DDFB95B6:LeaderElection82] INFO  impl.RoleInfo (RoleInfo.java:updateAndGet(143)) - 5dd0cd62-5770-41dd-9e5a-f3f3eedc40c1: start LeaderState
2019-09-12 10:31:47,265 [5dd0cd62-5770-41dd-9e5a-f3f3eedc40c1:group-29BB7B513424:LeaderElection83] INFO  server.RaftServerConfigKeys (ConfUtils.java:logGet(43)) - raft.server.write.element-limit = 4096 (default)
2019-09-12 10:31:47,276 [pool-284-thread-1] INFO  server.RaftServerConfigKeys (ConfUtils.java:logGet(43)) - raft.server.snapshot.auto.trigger.enabled = true (custom)
2019-09-12 10:31:47,275 [5dd0cd62-5770-41dd-9e5a-f3f3eedc40c1:group-6AAD921D85D9:LeaderElection84] INFO  server.RaftServerConfigKeys (ConfUtils.java:logGet(43)) - raft.server.write.element-limit = 4096 (default)
2019-09-12 10:31:47,276 [pool-284-thread-1] INFO  server.RaftServerConfigKeys (ConfUtils.java:logGet(43)) - raft.server.snapshot.auto.trigger.threshold = 10000 (custom)
2019-09-12 10:31:47,276 [5dd0cd62-5770-41dd-9e5a-f3f3eedc40c1:group-C863DDFB95B6:LeaderElection82] INFO  segmented.SegmentedRaftLogWorker (SegmentedRaftLogWorker.java:startLogSegment(380)) - 5dd0cd62-5770-41dd-9e5a-f3f3eedc40c1-SegmentedRaftLogWorker:Storage Directory /workdir/hadoop-ozone/integration-test/target/test-dir/MiniOzoneClusterImpl-d867a4e1-154a-4113-b5e4-c09c14df2894/datanode-0/data/ratis/c876beb0-6b8b-4f33-b2be-c863ddfb95b6: Starting segment from index:0
2019-09-12 10:31:47,276 [5dd0cd62-5770-41dd-9e5a-f3f3eedc40c1:group-29BB7B513424:LeaderElection83] INFO  server.RaftServerConfigKeys (ConfUtils.java:logGet(43)) - raft.server.watch.timeout = 10s (default)
2019-09-12 10:31:47,276 [pool-284-thread-1] INFO  server.RaftServerConfigKeys (ConfUtils.java:logGet(43)) - raft.server.retrycache.expirytime = 600000ms (custom)
2019-09-12 10:31:47,276 [5dd0cd62-5770-41dd-9e5a-f3f3eedc40c1:group-6AAD921D85D9:LeaderElection84] INFO  server.RaftServerConfigKeys (ConfUtils.java:logGet(43)) - raft.server.watch.timeout = 10s (default)
2019-09-12 10:31:47,644 | INFO  | SCMAudit | user=jenkins1000 | ip=192.168.36.114 | op=SEND_HEARTBEAT {datanodeUUID=334c5273-7871-4d53-8b37-de05e5a3be10, command=[]} | ret=SUCCESS |  
2019-09-12 10:31:47,277 [pool-284-thread-1] INFO  impl.RaftServerImpl (RaftServerImpl.java:start(180)) - d9d65fd8-d100-497d-8460-9a4cf62b4ad5: start group-059EBFC5DFEE
2019-09-12 10:31:47,646 | INFO  | SCMAudit | user=jenkins1000 | ip=192.168.36.114 | op=SEND_HEARTBEAT {datanodeUUID=ff438662-24cf-49bb-bfc5-3308ec6d286b, command=[]} | ret=SUCCESS |  
2019-09-12 10:31:47,646 | INFO  | SCMAudit | user=jenkins1000 | ip=192.168.36.114 | op=SEND_HEARTBEAT {datanodeUUID=accf000b-d7b7-4fa5-9682-da82c4451e10, command=[]} | ret=SUCCESS |  
2019-09-12 10:31:47,277 [5dd0cd62-5770-41dd-9e5a-f3f3eedc40c1:group-29BB7B513424:LeaderElection83] INFO  server.RaftServerConfigKeys (ConfUtils.java:logGet(43)) - raft.server.watch.timeout.denomination = 1s (default)
2019-09-12 10:31:47,646 | INFO  | SCMAudit | user=jenkins1000 | ip=192.168.36.114 | op=SEND_HEARTBEAT {datanodeUUID=c54af6f8-a22e-478f-90e1-029d14059a99, command=[]} | ret=SUCCESS |  
2019-09-12 10:31:47,646 [pool-284-thread-1] INFO  impl.RaftServerImpl (RaftServerImpl.java:setRole(171)) - d9d65fd8-d100-497d-8460-9a4cf62b4ad5:group-059EBFC5DFEE changes role from null to FOLLOWER at term 0 for startAsFollower
2019-09-12 10:31:47,661 | INFO  | SCMAudit | user=jenkins1000 | ip=192.168.36.114 | op=SEND_HEARTBEAT {datanodeUUID=2d50b591-d6e4-490f-9fa0-973ad5423bd7, command=[]} | ret=SUCCESS |  
2019-09-12 10:31:47,645 [5dd0cd62-5770-41dd-9e5a-f3f3eedc40c1:group-C863DDFB95B6:LeaderElection82] INFO  impl.RaftServerImpl (ServerState.java:setRaftConf(361)) - 5dd0cd62-5770-41dd-9e5a-f3f3eedc40c1:group-C863DDFB95B6 set configuration 0: [5dd0cd62-5770-41dd-9e5a-f3f3eedc40c1:192.168.36.114:42730], old=null at 0
2019-09-12 10:31:47,662 | INFO  | SCMAudit | user=jenkins1000 | ip=192.168.36.114 | op=SEND_HEARTBEAT {datanodeUUID=2cb9d557-cb56-4745-8686-5e72b62e748a, command=[]} | ret=SUCCESS |  
2019-09-12 10:31:47,277 [5dd0cd62-5770-41dd-9e5a-f3f3eedc40c1:group-6AAD921D85D9:LeaderElection84] INFO  server.RaftServerConfigKeys (ConfUtils.java:logGet(43)) - raft.server.watch.timeout.denomination = 1s (default)
2019-09-12 10:31:47,662 [pool-284-thread-1] INFO  impl.RoleInfo (RoleInfo.java:updateAndGet(143)) - d9d65fd8-d100-497d-8460-9a4cf62b4ad5: start FollowerState
2019-09-12 10:31:47,661 [5dd0cd62-5770-41dd-9e5a-f3f3eedc40c1:group-29BB7B513424:LeaderElection83] INFO  server.RaftServerConfigKeys (ConfUtils.java:logGet(43)) - raft.server.watch.element-limit = 65536 (default)
2019-09-12 10:31:47,662 [5dd0cd62-5770-41dd-9e5a-f3f3eedc40c1:group-6AAD921D85D9:LeaderElection84] INFO  server.RaftServerConfigKeys (ConfUtils.java:logGet(43)) - raft.server.watch.element-limit = 65536 (default)
2019-09-12 10:31:47,662 [5dd0cd62-5770-41dd-9e5a-f3f3eedc40c1:group-29BB7B513424:LeaderElection83] INFO  impl.RoleInfo (RoleInfo.java:updateAndGet(143)) - 5dd0cd62-5770-41dd-9e5a-f3f3eedc40c1: start LeaderState
2019-09-12 10:31:47,663 [5dd0cd62-5770-41dd-9e5a-f3f3eedc40c1:group-6AAD921D85D9:LeaderElection84] INFO  impl.RoleInfo (RoleInfo.java:updateAndGet(143)) - 5dd0cd62-5770-41dd-9e5a-f3f3eedc40c1: start LeaderState
2019-09-12 10:31:47,663 [pool-284-thread-1] INFO  util.JmxRegister (JmxRegister.java:tryRegister(44)) - Successfully registered JMX Bean with object name Ratis:service=RaftServer,group=group-059EBFC5DFEE,id=d9d65fd8-d100-497d-8460-9a4cf62b4ad5
2019-09-12 10:31:47,663 [5dd0cd62-5770-41dd-9e5a-f3f3eedc40c1:group-6AAD921D85D9:LeaderElection84] INFO  segmented.SegmentedRaftLogWorker (SegmentedRaftLogWorker.java:startLogSegment(380)) - 5dd0cd62-5770-41dd-9e5a-f3f3eedc40c1-SegmentedRaftLogWorker:Storage Directory /workdir/hadoop-ozone/integration-test/target/test-dir/MiniOzoneClusterImpl-d867a4e1-154a-4113-b5e4-c09c14df2894/datanode-0/data/ratis/f3696f3b-a2d1-4fe7-b0e2-6aad921d85d9: Starting segment from index:0
2019-09-12 10:31:47,663 [5dd0cd62-5770-41dd-9e5a-f3f3eedc40c1:group-29BB7B513424:LeaderElection83] INFO  segmented.SegmentedRaftLogWorker (SegmentedRaftLogWorker.java:startLogSegment(380)) - 5dd0cd62-5770-41dd-9e5a-f3f3eedc40c1-SegmentedRaftLogWorker:Storage Directory /workdir/hadoop-ozone/integration-test/target/test-dir/MiniOzoneClusterImpl-d867a4e1-154a-4113-b5e4-c09c14df2894/datanode-0/data/ratis/1b023430-a498-4db3-9504-29bb7b513424: Starting segment from index:0
2019-09-12 10:31:48,005 | INFO  | SCMAudit | user=jenkins1000 | ip=192.168.36.114 | op=SEND_HEARTBEAT {datanodeUUID=9616c881-dbb1-48da-90dd-a872ed779a2e, command=[]} | ret=SUCCESS |  
2019-09-12 10:31:48,005 | INFO  | SCMAudit | user=jenkins1000 | ip=192.168.36.114 | op=SEND_HEARTBEAT {datanodeUUID=c9031a36-5f7c-4098-8bea-8a46141708a6, command=[]} | ret=SUCCESS |  
2019-09-12 10:31:48,005 | INFO  | SCMAudit | user=jenkins1000 | ip=192.168.36.114 | op=SEND_HEARTBEAT {datanodeUUID=39df7a3f-9691-48d4-a2b1-6888489a5f8a, command=[]} | ret=SUCCESS |  
2019-09-12 10:31:48,006 | INFO  | SCMAudit | user=jenkins1000 | ip=192.168.36.114 | op=SEND_HEARTBEAT {datanodeUUID=ad8ae342-df06-4311-9d84-524877c98111, command=[]} | ret=SUCCESS |  
2019-09-12 10:31:48,006 | INFO  | SCMAudit | user=jenkins1000 | ip=192.168.36.114 | op=SEND_HEARTBEAT {datanodeUUID=b6dd7c38-f675-445e-811b-15cf17d56c0a, command=[]} | ret=SUCCESS |  
2019-09-12 10:31:48,006 | INFO  | SCMAudit | user=jenkins1000 | ip=192.168.36.114 | op=SEND_HEARTBEAT {datanodeUUID=f17b4253-95a0-4ee6-8ded-88f070f15b33, command=[]} | ret=SUCCESS |  
2019-09-12 10:31:48,006 | INFO  | SCMAudit | user=jenkins1000 | ip=192.168.36.114 | op=SEND_HEARTBEAT {datanodeUUID=eaeff1e2-de9c-4510-872d-283eb6c3c330, command=[]} | ret=SUCCESS |  
2019-09-12 10:31:47,663 [main] INFO  rpc.RpcClient (RpcClient.java:createVolume(293)) - Creating Volume: watchforcommithandlingtest, with jenkins1000 as owner.
2019-09-12 10:31:48,003 [Thread-1129] WARN  util.JavaUtils (JavaUtils.java:sleep(250)) - Unexpected long sleep: sleep(5053ms) actually took 5362ms which is over the threshold 300ms
2019-09-12 10:31:48,007 | INFO  | SCMAudit | user=jenkins1000 | ip=192.168.36.114 | op=SEND_HEARTBEAT {datanodeUUID=c1e71898-521f-4627-a3f1-9884c4b96ced, command=[]} | ret=SUCCESS |  
2019-09-12 10:31:48,002 [Thread-1135] INFO  impl.FollowerState (FollowerState.java:run(106)) - d40ec8ee-ac9e-41d6-86bd-e74a05605b85:group-1ADD3F382895 changes to CANDIDATE, lastRpcTime:5264, electionTimeout:5004ms
2019-09-12 10:31:48,002 [Thread-1132] INFO  impl.FollowerState (FollowerState.java:run(106)) - d40ec8ee-ac9e-41d6-86bd-e74a05605b85:group-943EF8EDF8A3 changes to CANDIDATE, lastRpcTime:5318, electionTimeout:5085ms
2019-09-12 10:31:48,295 | INFO  | SCMAudit | user=jenkins1000 | ip=192.168.36.114 | op=SEND_HEARTBEAT {datanodeUUID=1349d5ba-07d4-450a-9218-4f0361201438, command=[]} | ret=SUCCESS |  
2019-09-12 10:31:48,295 | INFO  | SCMAudit | user=jenkins1000 | ip=192.168.36.114 | op=SEND_HEARTBEAT {datanodeUUID=caccd92c-2544-4e02-86cf-95849f240c1b, command=[]} | ret=SUCCESS |  
2019-09-12 10:31:48,295 | INFO  | SCMAudit | user=jenkins1000 | ip=192.168.36.114 | op=SEND_HEARTBEAT {datanodeUUID=d40ec8ee-ac9e-41d6-86bd-e74a05605b85, command=[]} | ret=SUCCESS |  
2019-09-12 10:31:48,295 | INFO  | SCMAudit | user=jenkins1000 | ip=192.168.36.114 | op=SEND_HEARTBEAT {datanodeUUID=22ce2f4b-d517-44cf-8041-712d813e08f3, command=[]} | ret=SUCCESS |  
2019-09-12 10:31:48,295 | INFO  | SCMAudit | user=jenkins1000 | ip=192.168.36.114 | op=SEND_HEARTBEAT {datanodeUUID=5dd0cd62-5770-41dd-9e5a-f3f3eedc40c1, command=[]} | ret=SUCCESS |  
2019-09-12 10:31:48,295 | INFO  | SCMAudit | user=jenkins1000 | ip=192.168.36.114 | op=SEND_HEARTBEAT {datanodeUUID=bcda0514-d42e-47ca-96fd-c0a633e872a8, command=[]} | ret=SUCCESS |  
2019-09-12 10:31:48,008 [Thread-1132] INFO  impl.RoleInfo (RoleInfo.java:shutdownFollowerState(121)) - d40ec8ee-ac9e-41d6-86bd-e74a05605b85: shutdown FollowerState
2019-09-12 10:31:48,002 [Thread-1138] INFO  impl.FollowerState (FollowerState.java:run(106)) - d40ec8ee-ac9e-41d6-86bd-e74a05605b85:group-AE772B3E69EA changes to CANDIDATE, lastRpcTime:5224, electionTimeout:5089ms
2019-09-12 10:31:48,295 [Thread-1138] INFO  impl.RoleInfo (RoleInfo.java:shutdownFollowerState(121)) - d40ec8ee-ac9e-41d6-86bd-e74a05605b85: shutdown FollowerState
2019-09-12 10:31:48,001 [Thread-1141] INFO  impl.FollowerState (FollowerState.java:run(106)) - d40ec8ee-ac9e-41d6-86bd-e74a05605b85:group-F276089499DE changes to CANDIDATE, lastRpcTime:5183, electionTimeout:5132ms
2019-09-12 10:31:48,295 [Thread-1138] INFO  impl.RaftServerImpl (RaftServerImpl.java:setRole(171)) - d40ec8ee-ac9e-41d6-86bd-e74a05605b85:group-AE772B3E69EA changes role from FOLLOWER to CANDIDATE at term 0 for changeToCandidate
2019-09-12 10:31:48,295 [Thread-1132] INFO  impl.RaftServerImpl (RaftServerImpl.java:setRole(171)) - d40ec8ee-ac9e-41d6-86bd-e74a05605b85:group-943EF8EDF8A3 changes role from FOLLOWER to CANDIDATE at term 0 for changeToCandidate
2019-09-12 10:31:48,295 [Thread-1144] INFO  impl.FollowerState (FollowerState.java:run(106)) - d40ec8ee-ac9e-41d6-86bd-e74a05605b85:group-ED0A747FF7F8 changes to CANDIDATE, lastRpcTime:5437, electionTimeout:5177ms
2019-09-12 10:31:48,296 [Thread-1144] INFO  impl.RoleInfo (RoleInfo.java:shutdownFollowerState(121)) - d40ec8ee-ac9e-41d6-86bd-e74a05605b85: shutdown FollowerState
2019-09-12 10:31:48,007 [5dd0cd62-5770-41dd-9e5a-f3f3eedc40c1:group-29BB7B513424:LeaderElection83] INFO  impl.RaftServerImpl (ServerState.java:setRaftConf(361)) - 5dd0cd62-5770-41dd-9e5a-f3f3eedc40c1:group-29BB7B513424 set configuration 0: [5dd0cd62-5770-41dd-9e5a-f3f3eedc40c1:192.168.36.114:42730], old=null at 0
2019-09-12 10:31:48,007 [Thread-1135] INFO  impl.RoleInfo (RoleInfo.java:shutdownFollowerState(121)) - d40ec8ee-ac9e-41d6-86bd-e74a05605b85: shutdown FollowerState
2019-09-12 10:31:48,007 [5dd0cd62-5770-41dd-9e5a-f3f3eedc40c1:group-6AAD921D85D9:LeaderElection84] INFO  impl.RaftServerImpl (ServerState.java:setRaftConf(361)) - 5dd0cd62-5770-41dd-9e5a-f3f3eedc40c1:group-6AAD921D85D9 set configuration 0: [5dd0cd62-5770-41dd-9e5a-f3f3eedc40c1:192.168.36.114:42730], old=null at 0
2019-09-12 10:31:48,296 [Thread-1135] INFO  impl.RaftServerImpl (RaftServerImpl.java:setRole(171)) - d40ec8ee-ac9e-41d6-86bd-e74a05605b85:group-1ADD3F382895 changes role from FOLLOWER to CANDIDATE at term 0 for changeToCandidate
2019-09-12 10:31:48,296 [Thread-1144] INFO  impl.RaftServerImpl (RaftServerImpl.java:setRole(171)) - d40ec8ee-ac9e-41d6-86bd-e74a05605b85:group-ED0A747FF7F8 changes role from FOLLOWER to CANDIDATE at term 0 for changeToCandidate
2019-09-12 10:31:48,296 [Thread-1132] INFO  impl.RoleInfo (RoleInfo.java:updateAndGet(143)) - d40ec8ee-ac9e-41d6-86bd-e74a05605b85: start LeaderElection
2019-09-12 10:31:48,296 [Thread-1138] INFO  impl.RoleInfo (RoleInfo.java:updateAndGet(143)) - d40ec8ee-ac9e-41d6-86bd-e74a05605b85: start LeaderElection
2019-09-12 10:31:48,297 | INFO  | OMAudit | user=jenkins1000 | ip=127.0.0.1 | op=CREATE_VOLUME {admin=jenkins1000, owner=jenkins1000, volume=watchforcommithandlingtest, creationTime=1568284308296, quotaInBytes=1152921504606846976} | ret=SUCCESS |  
2019-09-12 10:31:48,296 [Thread-1141] INFO  impl.RoleInfo (RoleInfo.java:shutdownFollowerState(121)) - d40ec8ee-ac9e-41d6-86bd-e74a05605b85: shutdown FollowerState
2019-09-12 10:31:48,297 [RatisPipelineUtilsThread] INFO  pipeline.PipelineStateManager (PipelineStateManager.java:addPipeline(56)) - Created pipeline Pipeline[ Id: 3a94b7cb-b0ac-4f65-afa8-059ebfc5dfee, Nodes: d9d65fd8-d100-497d-8460-9a4cf62b4ad5{ip: 192.168.36.114, host: pr-hdds-1569-58hkm-1881083799, networkLocation: /default-rack, certSerialId: null}, Type:RATIS, Factor:ONE, State:OPEN]
2019-09-12 10:31:48,297 [Thread-1144] INFO  impl.RoleInfo (RoleInfo.java:updateAndGet(143)) - d40ec8ee-ac9e-41d6-86bd-e74a05605b85: start LeaderElection
2019-09-12 10:31:48,297 [Thread-1135] INFO  impl.RoleInfo (RoleInfo.java:updateAndGet(143)) - d40ec8ee-ac9e-41d6-86bd-e74a05605b85: start LeaderElection
2019-09-12 10:31:48,304 [RatisPipelineUtilsThread] ERROR pipeline.PipelinePlacementPolicy (PipelinePlacementPolicy.java:meetCriteria(92)) - Pipeline Placement: Doesn't meet the criteria to be viable node. Heaviness: 6
2019-09-12 10:31:48,297 [Thread-1141] INFO  impl.RaftServerImpl (RaftServerImpl.java:setRole(171)) - d40ec8ee-ac9e-41d6-86bd-e74a05605b85:group-F276089499DE changes role from FOLLOWER to CANDIDATE at term 0 for changeToCandidate
2019-09-12 10:31:48,305 [RatisPipelineUtilsThread] ERROR pipeline.PipelinePlacementPolicy (PipelinePlacementPolicy.java:meetCriteria(92)) - Pipeline Placement: Doesn't meet the criteria to be viable node. Heaviness: 6
2019-09-12 10:31:48,305 [Thread-1141] INFO  impl.RoleInfo (RoleInfo.java:updateAndGet(143)) - d40ec8ee-ac9e-41d6-86bd-e74a05605b85: start LeaderElection
2019-09-12 10:31:48,305 [RatisPipelineUtilsThread] ERROR pipeline.PipelinePlacementPolicy (PipelinePlacementPolicy.java:meetCriteria(92)) - Pipeline Placement: Doesn't meet the criteria to be viable node. Heaviness: 6
2019-09-12 10:31:48,305 [RatisPipelineUtilsThread] ERROR pipeline.PipelinePlacementPolicy (PipelinePlacementPolicy.java:meetCriteria(92)) - Pipeline Placement: Doesn't meet the criteria to be viable node. Heaviness: 6
2019-09-12 10:31:48,320 [RatisPipelineUtilsThread] ERROR pipeline.PipelinePlacementPolicy (PipelinePlacementPolicy.java:meetCriteria(92)) - Pipeline Placement: Doesn't meet the criteria to be viable node. Heaviness: 6
2019-09-12 10:31:48,325 | INFO  | OMAudit | user=jenkins1000 | ip=127.0.0.1 | op=READ_VOLUME {volume=watchforcommithandlingtest} | ret=SUCCESS |  
2019-09-12 10:31:48,320 [d40ec8ee-ac9e-41d6-86bd-e74a05605b85:group-ED0A747FF7F8:LeaderElection88] INFO  impl.LeaderElection (LeaderElection.java:askForVotes(181)) - d40ec8ee-ac9e-41d6-86bd-e74a05605b85:group-ED0A747FF7F8:LeaderElection88: begin an election at term 1 for -1: [d40ec8ee-ac9e-41d6-86bd-e74a05605b85:192.168.36.114:33446], old=null
2019-09-12 10:31:48,320 [d40ec8ee-ac9e-41d6-86bd-e74a05605b85:group-943EF8EDF8A3:LeaderElection86] INFO  impl.LeaderElection (LeaderElection.java:askForVotes(181)) - d40ec8ee-ac9e-41d6-86bd-e74a05605b85:group-943EF8EDF8A3:LeaderElection86: begin an election at term 1 for -1: [d40ec8ee-ac9e-41d6-86bd-e74a05605b85:192.168.36.114:33446], old=null
2019-09-12 10:31:48,320 [d40ec8ee-ac9e-41d6-86bd-e74a05605b85:group-1ADD3F382895:LeaderElection87] INFO  impl.LeaderElection (LeaderElection.java:askForVotes(181)) - d40ec8ee-ac9e-41d6-86bd-e74a05605b85:group-1ADD3F382895:LeaderElection87: begin an election at term 1 for -1: [d40ec8ee-ac9e-41d6-86bd-e74a05605b85:192.168.36.114:33446], old=null
2019-09-12 10:31:48,320 [d40ec8ee-ac9e-41d6-86bd-e74a05605b85:group-AE772B3E69EA:LeaderElection85] INFO  impl.LeaderElection (LeaderElection.java:askForVotes(181)) - d40ec8ee-ac9e-41d6-86bd-e74a05605b85:group-AE772B3E69EA:LeaderElection85: begin an election at term 1 for -1: [d40ec8ee-ac9e-41d6-86bd-e74a05605b85:192.168.36.114:33446], old=null
2019-09-12 10:31:48,325 [d40ec8ee-ac9e-41d6-86bd-e74a05605b85:group-1ADD3F382895:LeaderElection87] INFO  impl.RoleInfo (RoleInfo.java:shutdownLeaderElection(134)) - d40ec8ee-ac9e-41d6-86bd-e74a05605b85: shutdown LeaderElection
2019-09-12 10:31:48,325 [d40ec8ee-ac9e-41d6-86bd-e74a05605b85:group-943EF8EDF8A3:LeaderElection86] INFO  impl.RoleInfo (RoleInfo.java:shutdownLeaderElection(134)) - d40ec8ee-ac9e-41d6-86bd-e74a05605b85: shutdown LeaderElection
2019-09-12 10:31:48,325 [d40ec8ee-ac9e-41d6-86bd-e74a05605b85:group-ED0A747FF7F8:LeaderElection88] INFO  impl.RoleInfo (RoleInfo.java:shutdownLeaderElection(134)) - d40ec8ee-ac9e-41d6-86bd-e74a05605b85: shutdown LeaderElection
2019-09-12 10:31:48,325 [RatisPipelineUtilsThread] ERROR pipeline.PipelinePlacementPolicy (PipelinePlacementPolicy.java:meetCriteria(92)) - Pipeline Placement: Doesn't meet the criteria to be viable node. Heaviness: 6
2019-09-12 10:31:48,326 [main] INFO  rpc.RpcClient (RpcClient.java:createBucket(432)) - Creating Bucket: watchforcommithandlingtest/watchforcommithandlingtest, with Versioning false and Storage Type set to DISK and Encryption set to false 
2019-09-12 10:31:48,325 [d40ec8ee-ac9e-41d6-86bd-e74a05605b85:group-ED0A747FF7F8:LeaderElection88] INFO  impl.RaftServerImpl (RaftServerImpl.java:setRole(171)) - d40ec8ee-ac9e-41d6-86bd-e74a05605b85:group-ED0A747FF7F8 changes role from CANDIDATE to LEADER at term 1 for changeToLeader
2019-09-12 10:31:48,325 [d40ec8ee-ac9e-41d6-86bd-e74a05605b85:group-943EF8EDF8A3:LeaderElection86] INFO  impl.RaftServerImpl (RaftServerImpl.java:setRole(171)) - d40ec8ee-ac9e-41d6-86bd-e74a05605b85:group-943EF8EDF8A3 changes role from CANDIDATE to LEADER at term 1 for changeToLeader
2019-09-12 10:31:48,325 [d40ec8ee-ac9e-41d6-86bd-e74a05605b85:group-1ADD3F382895:LeaderElection87] INFO  impl.RaftServerImpl (RaftServerImpl.java:setRole(171)) - d40ec8ee-ac9e-41d6-86bd-e74a05605b85:group-1ADD3F382895 changes role from CANDIDATE to LEADER at term 1 for changeToLeader
2019-09-12 10:31:48,325 [d40ec8ee-ac9e-41d6-86bd-e74a05605b85:group-AE772B3E69EA:LeaderElection85] INFO  impl.RoleInfo (RoleInfo.java:shutdownLeaderElection(134)) - d40ec8ee-ac9e-41d6-86bd-e74a05605b85: shutdown LeaderElection
2019-09-12 10:31:48,326 [d40ec8ee-ac9e-41d6-86bd-e74a05605b85:group-1ADD3F382895:LeaderElection87] INFO  impl.RaftServerImpl (ServerState.java:setLeader(263)) - d40ec8ee-ac9e-41d6-86bd-e74a05605b85:group-1ADD3F382895 change Leader from null to d40ec8ee-ac9e-41d6-86bd-e74a05605b85 at term 1 for becomeLeader, leader elected after 5592ms
2019-09-12 10:31:48,326 [d40ec8ee-ac9e-41d6-86bd-e74a05605b85:group-943EF8EDF8A3:LeaderElection86] INFO  impl.RaftServerImpl (ServerState.java:setLeader(263)) - d40ec8ee-ac9e-41d6-86bd-e74a05605b85:group-943EF8EDF8A3 change Leader from null to d40ec8ee-ac9e-41d6-86bd-e74a05605b85 at term 1 for becomeLeader, leader elected after 5646ms
2019-09-12 10:31:48,326 [d40ec8ee-ac9e-41d6-86bd-e74a05605b85:group-ED0A747FF7F8:LeaderElection88] INFO  impl.RaftServerImpl (ServerState.java:setLeader(263)) - d40ec8ee-ac9e-41d6-86bd-e74a05605b85:group-ED0A747FF7F8 change Leader from null to d40ec8ee-ac9e-41d6-86bd-e74a05605b85 at term 1 for becomeLeader, leader elected after 5472ms
2019-09-12 10:31:48,326 [d40ec8ee-ac9e-41d6-86bd-e74a05605b85:group-943EF8EDF8A3:LeaderElection86] INFO  server.RaftServerConfigKeys (ConfUtils.java:logGet(43)) - raft.server.staging.catchup.gap = 1000 (default)
2019-09-12 10:31:48,326 [d40ec8ee-ac9e-41d6-86bd-e74a05605b85:group-1ADD3F382895:LeaderElection87] INFO  server.RaftServerConfigKeys (ConfUtils.java:logGet(43)) - raft.server.staging.catchup.gap = 1000 (default)
2019-09-12 10:31:48,326 [d40ec8ee-ac9e-41d6-86bd-e74a05605b85:group-AE772B3E69EA:LeaderElection85] INFO  impl.RaftServerImpl (RaftServerImpl.java:setRole(171)) - d40ec8ee-ac9e-41d6-86bd-e74a05605b85:group-AE772B3E69EA changes role from CANDIDATE to LEADER at term 1 for changeToLeader
2019-09-12 10:31:48,327 [d40ec8ee-ac9e-41d6-86bd-e74a05605b85:group-1ADD3F382895:LeaderElection87] INFO  server.RaftServerConfigKeys (ConfUtils.java:logGet(43)) - raft.server.rpc.sleep.time = 25ms (default)
2019-09-12 10:31:48,327 [d40ec8ee-ac9e-41d6-86bd-e74a05605b85:group-943EF8EDF8A3:LeaderElection86] INFO  server.RaftServerConfigKeys (ConfUtils.java:logGet(43)) - raft.server.rpc.sleep.time = 25ms (default)
2019-09-12 10:31:48,327 [d40ec8ee-ac9e-41d6-86bd-e74a05605b85:group-ED0A747FF7F8:LeaderElection88] INFO  server.RaftServerConfigKeys (ConfUtils.java:logGet(43)) - raft.server.staging.catchup.gap = 1000 (default)
2019-09-12 10:31:48,332 [d40ec8ee-ac9e-41d6-86bd-e74a05605b85:group-943EF8EDF8A3:LeaderElection86] INFO  server.RaftServerConfigKeys (ConfUtils.java:logGet(43)) - raft.server.write.element-limit = 4096 (default)
2019-09-12 10:31:48,327 [d40ec8ee-ac9e-41d6-86bd-e74a05605b85:group-1ADD3F382895:LeaderElection87] INFO  server.RaftServerConfigKeys (ConfUtils.java:logGet(43)) - raft.server.write.element-limit = 4096 (default)
2019-09-12 10:31:48,327 [d40ec8ee-ac9e-41d6-86bd-e74a05605b85:group-AE772B3E69EA:LeaderElection85] INFO  impl.RaftServerImpl (ServerState.java:setLeader(263)) - d40ec8ee-ac9e-41d6-86bd-e74a05605b85:group-AE772B3E69EA change Leader from null to d40ec8ee-ac9e-41d6-86bd-e74a05605b85 at term 1 for becomeLeader, leader elected after 5553ms
2019-09-12 10:31:48,332 [d40ec8ee-ac9e-41d6-86bd-e74a05605b85:group-1ADD3F382895:LeaderElection87] INFO  server.RaftServerConfigKeys (ConfUtils.java:logGet(43)) - raft.server.watch.timeout = 10s (default)
2019-09-12 10:31:48,332 [d40ec8ee-ac9e-41d6-86bd-e74a05605b85:group-943EF8EDF8A3:LeaderElection86] INFO  server.RaftServerConfigKeys (ConfUtils.java:logGet(43)) - raft.server.watch.timeout = 10s (default)
2019-09-12 10:31:48,332 [d40ec8ee-ac9e-41d6-86bd-e74a05605b85:group-ED0A747FF7F8:LeaderElection88] INFO  server.RaftServerConfigKeys (ConfUtils.java:logGet(43)) - raft.server.rpc.sleep.time = 25ms (default)
2019-09-12 10:31:48,332 | INFO  | OMAudit | user=jenkins1000 | ip=127.0.0.1 | op=CREATE_BUCKET {volume=watchforcommithandlingtest, bucket=watchforcommithandlingtest, acls=[user:jenkins1000:a[ACCESS], group:default:a[ACCESS]], isVersionEnabled=false, storageType=DISK, creationTime=0} | ret=SUCCESS |  
2019-09-12 10:31:48,332 [d40ec8ee-ac9e-41d6-86bd-e74a05605b85:group-943EF8EDF8A3:LeaderElection86] INFO  server.RaftServerConfigKeys (ConfUtils.java:logGet(43)) - raft.server.watch.timeout.denomination = 1s (default)
2019-09-12 10:31:48,332 [d40ec8ee-ac9e-41d6-86bd-e74a05605b85:group-1ADD3F382895:LeaderElection87] INFO  server.RaftServerConfigKeys (ConfUtils.java:logGet(43)) - raft.server.watch.timeout.denomination = 1s (default)
2019-09-12 10:31:48,332 [d40ec8ee-ac9e-41d6-86bd-e74a05605b85:group-AE772B3E69EA:LeaderElection85] INFO  server.RaftServerConfigKeys (ConfUtils.java:logGet(43)) - raft.server.staging.catchup.gap = 1000 (default)
2019-09-12 10:31:48,333 [d40ec8ee-ac9e-41d6-86bd-e74a05605b85:group-1ADD3F382895:LeaderElection87] INFO  server.RaftServerConfigKeys (ConfUtils.java:logGet(43)) - raft.server.watch.element-limit = 65536 (default)
2019-09-12 10:31:48,333 [d40ec8ee-ac9e-41d6-86bd-e74a05605b85:group-943EF8EDF8A3:LeaderElection86] INFO  server.RaftServerConfigKeys (ConfUtils.java:logGet(43)) - raft.server.watch.element-limit = 65536 (default)
2019-09-12 10:31:48,333 [d40ec8ee-ac9e-41d6-86bd-e74a05605b85:group-ED0A747FF7F8:LeaderElection88] INFO  server.RaftServerConfigKeys (ConfUtils.java:logGet(43)) - raft.server.write.element-limit = 4096 (default)
2019-09-12 10:31:48,333 [d40ec8ee-ac9e-41d6-86bd-e74a05605b85:group-943EF8EDF8A3:LeaderElection86] INFO  impl.RoleInfo (RoleInfo.java:updateAndGet(143)) - d40ec8ee-ac9e-41d6-86bd-e74a05605b85: start LeaderState
2019-09-12 10:31:48,333 [d40ec8ee-ac9e-41d6-86bd-e74a05605b85:group-1ADD3F382895:LeaderElection87] INFO  impl.RoleInfo (RoleInfo.java:updateAndGet(143)) - d40ec8ee-ac9e-41d6-86bd-e74a05605b85: start LeaderState
2019-09-12 10:31:48,333 [main] INFO  ozone.MiniOzoneClusterImpl (MiniOzoneClusterImpl.java:getStorageContainerLocationClient(241)) - Creating StorageContainerLocationProtocol RPC client with address /0.0.0.0:39203
2019-09-12 10:31:48,333 [d40ec8ee-ac9e-41d6-86bd-e74a05605b85:group-AE772B3E69EA:LeaderElection85] INFO  server.RaftServerConfigKeys (ConfUtils.java:logGet(43)) - raft.server.rpc.sleep.time = 25ms (default)
2019-09-12 10:31:48,334 [d40ec8ee-ac9e-41d6-86bd-e74a05605b85:group-1ADD3F382895:LeaderElection87] INFO  segmented.SegmentedRaftLogWorker (SegmentedRaftLogWorker.java:startLogSegment(380)) - d40ec8ee-ac9e-41d6-86bd-e74a05605b85-SegmentedRaftLogWorker:Storage Directory /workdir/hadoop-ozone/integration-test/target/test-dir/MiniOzoneClusterImpl-d867a4e1-154a-4113-b5e4-c09c14df2894/datanode-1/data/ratis/ec5b79b0-8264-4959-b2fb-1add3f382895: Starting segment from index:0
2019-09-12 10:31:48,334 [d40ec8ee-ac9e-41d6-86bd-e74a05605b85:group-943EF8EDF8A3:LeaderElection86] INFO  segmented.SegmentedRaftLogWorker (SegmentedRaftLogWorker.java:startLogSegment(380)) - d40ec8ee-ac9e-41d6-86bd-e74a05605b85-SegmentedRaftLogWorker:Storage Directory /workdir/hadoop-ozone/integration-test/target/test-dir/MiniOzoneClusterImpl-d867a4e1-154a-4113-b5e4-c09c14df2894/datanode-1/data/ratis/b315a697-c258-4b16-baaf-943ef8edf8a3: Starting segment from index:0
2019-09-12 10:31:48,333 [d40ec8ee-ac9e-41d6-86bd-e74a05605b85:group-ED0A747FF7F8:LeaderElection88] INFO  server.RaftServerConfigKeys (ConfUtils.java:logGet(43)) - raft.server.watch.timeout = 10s (default)
2019-09-12 10:31:48,334 [d40ec8ee-ac9e-41d6-86bd-e74a05605b85:group-AE772B3E69EA:LeaderElection85] INFO  server.RaftServerConfigKeys (ConfUtils.java:logGet(43)) - raft.server.write.element-limit = 4096 (default)
2019-09-12 10:31:48,334 [d40ec8ee-ac9e-41d6-86bd-e74a05605b85:group-1ADD3F382895:LeaderElection87] INFO  impl.RaftServerImpl (ServerState.java:setRaftConf(361)) - d40ec8ee-ac9e-41d6-86bd-e74a05605b85:group-1ADD3F382895 set configuration 0: [d40ec8ee-ac9e-41d6-86bd-e74a05605b85:192.168.36.114:33446], old=null at 0
2019-09-12 10:31:48,621 [5dd0cd62-5770-41dd-9e5a-f3f3eedc40c1-SegmentedRaftLogWorker:Storage Directory /workdir/hadoop-ozone/integration-test/target/test-dir/MiniOzoneClusterImpl-d867a4e1-154a-4113-b5e4-c09c14df2894/datanode-0/data/ratis/d613fabe-3b8b-4e53-872f-7deb0e175afa] ERROR segmented.SegmentedRaftLogWorker (SegmentedRaftLogWorker.java:run(323)) - 5dd0cd62-5770-41dd-9e5a-f3f3eedc40c1-SegmentedRaftLogWorker:Storage Directory /workdir/hadoop-ozone/integration-test/target/test-dir/MiniOzoneClusterImpl-d867a4e1-154a-4113-b5e4-c09c14df2894/datanode-0/data/ratis/d613fabe-3b8b-4e53-872f-7deb0e175afa hit exception
java.lang.OutOfMemoryError: Direct buffer memory
	at java.nio.Bits.reserveMemory(Bits.java:666)
	at java.nio.DirectByteBuffer.<init>(DirectByteBuffer.java:123)
	at java.nio.ByteBuffer.allocateDirect(ByteBuffer.java:311)
	at org.apache.ratis.server.raftlog.segmented.BufferedWriteChannel.<init>(BufferedWriteChannel.java:41)
	at org.apache.ratis.server.raftlog.segmented.SegmentedRaftLogOutputStream.<init>(SegmentedRaftLogOutputStream.java:72)
	at org.apache.ratis.server.raftlog.segmented.SegmentedRaftLogWorker$StartLogSegment.execute(SegmentedRaftLogWorker.java:566)
	at org.apache.ratis.server.raftlog.segmented.SegmentedRaftLogWorker.run(SegmentedRaftLogWorker.java:289)
	at java.lang.Thread.run(Thread.java:748)
2019-09-12 10:31:48,334 [d40ec8ee-ac9e-41d6-86bd-e74a05605b85:group-ED0A747FF7F8:LeaderElection88] INFO  server.RaftServerConfigKeys (ConfUtils.java:logGet(43)) - raft.server.watch.timeout.denomination = 1s (default)
2019-09-12 10:31:48,914 [5dd0cd62-5770-41dd-9e5a-f3f3eedc40c1-SegmentedRaftLogWorker:Storage Directory /workdir/hadoop-ozone/integration-test/target/test-dir/MiniOzoneClusterImpl-d867a4e1-154a-4113-b5e4-c09c14df2894/datanode-0/data/ratis/d613fabe-3b8b-4e53-872f-7deb0e175afa] INFO  impl.RaftServerImpl (RaftServerImpl.java:lambda$shutdown$3(245)) - 5dd0cd62-5770-41dd-9e5a-f3f3eedc40c1: shutdown group-7DEB0E175AFA
2019-09-12 10:31:48,921 | INFO  | SCMAudit | user=jenkins1000 | ip=192.168.36.114 | op=SEND_HEARTBEAT {datanodeUUID=2cb9d557-cb56-4745-8686-5e72b62e748a, command=[]} | ret=SUCCESS |  
2019-09-12 10:31:48,921 | INFO  | SCMAudit | user=jenkins1000 | ip=192.168.36.114 | op=SEND_HEARTBEAT {datanodeUUID=accf000b-d7b7-4fa5-9682-da82c4451e10, command=[]} | ret=SUCCESS |  
2019-09-12 10:31:48,921 | INFO  | SCMAudit | user=jenkins1000 | ip=192.168.36.114 | op=SEND_HEARTBEAT {datanodeUUID=d9d65fd8-d100-497d-8460-9a4cf62b4ad5, command=[]} | ret=SUCCESS |  
2019-09-12 10:31:48,922 | INFO  | SCMAudit | user=jenkins1000 | ip=192.168.36.114 | op=SEND_HEARTBEAT {datanodeUUID=c54af6f8-a22e-478f-90e1-029d14059a99, command=[]} | ret=SUCCESS |  
2019-09-12 10:31:48,622 [d40ec8ee-ac9e-41d6-86bd-e74a05605b85:group-943EF8EDF8A3:LeaderElection86] INFO  impl.RaftServerImpl (ServerState.java:setRaftConf(361)) - d40ec8ee-ac9e-41d6-86bd-e74a05605b85:group-943EF8EDF8A3 set configuration 0: [d40ec8ee-ac9e-41d6-86bd-e74a05605b85:192.168.36.114:33446], old=null at 0
2019-09-12 10:31:48,621 [d40ec8ee-ac9e-41d6-86bd-e74a05605b85:group-AE772B3E69EA:LeaderElection85] INFO  server.RaftServerConfigKeys (ConfUtils.java:logGet(43)) - raft.server.watch.timeout = 10s (default)
2019-09-12 10:31:48,922 | INFO  | SCMAudit | user=jenkins1000 | ip=192.168.36.114 | op=SEND_HEARTBEAT {datanodeUUID=2d50b591-d6e4-490f-9fa0-973ad5423bd7, command=[]} | ret=SUCCESS |  
2019-09-12 10:31:48,946 | INFO  | SCMAudit | user=jenkins1000 | ip=192.168.36.114 | op=SEND_HEARTBEAT {datanodeUUID=ff438662-24cf-49bb-bfc5-3308ec6d286b, command=[]} | ret=SUCCESS |  
2019-09-12 10:31:48,621 [d40ec8ee-ac9e-41d6-86bd-e74a05605b85:group-F276089499DE:LeaderElection89] INFO  impl.LeaderElection (LeaderElection.java:askForVotes(181)) - d40ec8ee-ac9e-41d6-86bd-e74a05605b85:group-F276089499DE:LeaderElection89: begin an election at term 1 for -1: [d40ec8ee-ac9e-41d6-86bd-e74a05605b85:192.168.36.114:33446], old=null
2019-09-12 10:31:48,947 [d40ec8ee-ac9e-41d6-86bd-e74a05605b85:group-AE772B3E69EA:LeaderElection85] INFO  server.RaftServerConfigKeys (ConfUtils.java:logGet(43)) - raft.server.watch.timeout.denomination = 1s (default)
2019-09-12 10:31:48,915 [Thread-1152] INFO  impl.FollowerState (FollowerState.java:run(106)) - caccd92c-2544-4e02-86cf-95849f240c1b:group-4CD58F3F0305 changes to CANDIDATE, lastRpcTime:5342, electionTimeout:5151ms
2019-09-12 10:31:48,920 [Thread-748] INFO  impl.FollowerState (FollowerState.java:run(106)) - c54af6f8-a22e-478f-90e1-029d14059a99:group-D03399840855 changes to CANDIDATE, lastRpcTime:16634, electionTimeout:5105ms
2019-09-12 10:31:48,947 | INFO  | SCMAudit | user=jenkins1000 | ip=192.168.36.114 | op=SEND_HEARTBEAT {datanodeUUID=334c5273-7871-4d53-8b37-de05e5a3be10, command=[]} | ret=SUCCESS |  
2019-09-12 10:31:48,947 [Thread-748] INFO  impl.RoleInfo (RoleInfo.java:shutdownFollowerState(121)) - c54af6f8-a22e-478f-90e1-029d14059a99: shutdown FollowerState
2019-09-12 10:31:48,920 [Thread-751] INFO  impl.FollowerState (FollowerState.java:run(106)) - c54af6f8-a22e-478f-90e1-029d14059a99:group-AB0002CBDB7D changes to CANDIDATE, lastRpcTime:16584, electionTimeout:5140ms
2019-09-12 10:31:48,920 [Thread-754] INFO  impl.FollowerState (FollowerState.java:run(106)) - c54af6f8-a22e-478f-90e1-029d14059a99:group-90411C99A9B7 changes to CANDIDATE, lastRpcTime:16513, electionTimeout:5154ms
2019-09-12 10:31:48,947 [Thread-754] INFO  impl.RoleInfo (RoleInfo.java:shutdownFollowerState(121)) - c54af6f8-a22e-478f-90e1-029d14059a99: shutdown FollowerState
2019-09-12 10:31:48,915 [Thread-757] INFO  impl.FollowerState (FollowerState.java:run(106)) - bcda0514-d42e-47ca-96fd-c0a633e872a8:group-B60FAFB357A7 changes to CANDIDATE, lastRpcTime:16457, electionTimeout:5167ms
2019-09-12 10:31:48,915 [5dd0cd62-5770-41dd-9e5a-f3f3eedc40c1-SegmentedRaftLogWorker:Storage Directory /workdir/hadoop-ozone/integration-test/target/test-dir/MiniOzoneClusterImpl-d867a4e1-154a-4113-b5e4-c09c14df2894/datanode-0/data/ratis/d613fabe-3b8b-4e53-872f-7deb0e175afa] INFO  util.JmxRegister (JmxRegister.java:unregister(73)) - Successfully un-registered JMX Bean with object name Ratis:service=RaftServer,group=group-7DEB0E175AFA,id=5dd0cd62-5770-41dd-9e5a-f3f3eedc40c1
2019-09-12 10:31:48,914 [d40ec8ee-ac9e-41d6-86bd-e74a05605b85:group-ED0A747FF7F8:LeaderElection88] INFO  server.RaftServerConfigKeys (ConfUtils.java:logGet(43)) - raft.server.watch.element-limit = 65536 (default)
2019-09-12 10:31:48,948 [pool-284-thread-1] INFO  impl.RaftServerImpl (RaftServerImpl.java:<init>(93)) - d9d65fd8-d100-497d-8460-9a4cf62b4ad5: new RaftServerImpl for group-6150B09B443E:[d9d65fd8-d100-497d-8460-9a4cf62b4ad5:192.168.36.114:33192] with ContainerStateMachine:uninitialized
2019-09-12 10:31:48,948 [5dd0cd62-5770-41dd-9e5a-f3f3eedc40c1-SegmentedRaftLogWorker:Storage Directory /workdir/hadoop-ozone/integration-test/target/test-dir/MiniOzoneClusterImpl-d867a4e1-154a-4113-b5e4-c09c14df2894/datanode-0/data/ratis/d613fabe-3b8b-4e53-872f-7deb0e175afa] INFO  impl.RoleInfo (RoleInfo.java:shutdownLeaderState(104)) - 5dd0cd62-5770-41dd-9e5a-f3f3eedc40c1: shutdown LeaderState
2019-09-12 10:31:48,947 [Thread-757] INFO  impl.RoleInfo (RoleInfo.java:shutdownFollowerState(121)) - bcda0514-d42e-47ca-96fd-c0a633e872a8: shutdown FollowerState
2019-09-12 10:31:48,947 [Thread-754] INFO  impl.RaftServerImpl (RaftServerImpl.java:setRole(171)) - c54af6f8-a22e-478f-90e1-029d14059a99:group-90411C99A9B7 changes role from FOLLOWER to CANDIDATE at term 0 for changeToCandidate
2019-09-12 10:31:48,947 [Thread-751] INFO  impl.RoleInfo (RoleInfo.java:shutdownFollowerState(121)) - c54af6f8-a22e-478f-90e1-029d14059a99: shutdown FollowerState
2019-09-12 10:31:48,947 [Thread-748] INFO  impl.RaftServerImpl (RaftServerImpl.java:setRole(171)) - c54af6f8-a22e-478f-90e1-029d14059a99:group-D03399840855 changes role from FOLLOWER to CANDIDATE at term 0 for changeToCandidate
2019-09-12 10:31:48,947 [grpc-default-executor-0] INFO  impl.RaftServerProxy (RaftServerProxy.java:addNew(89)) - d9d65fd8-d100-497d-8460-9a4cf62b4ad5: addNew group-6150B09B443E:[d9d65fd8-d100-497d-8460-9a4cf62b4ad5:192.168.36.114:33192] returns group-6150B09B443E:java.util.concurrent.CompletableFuture@1d9fc38[Not completed]
2019-09-12 10:31:48,947 [Thread-1152] INFO  impl.RoleInfo (RoleInfo.java:shutdownFollowerState(121)) - caccd92c-2544-4e02-86cf-95849f240c1b: shutdown FollowerState
2019-09-12 10:31:48,947 [d40ec8ee-ac9e-41d6-86bd-e74a05605b85:group-AE772B3E69EA:LeaderElection85] INFO  server.RaftServerConfigKeys (ConfUtils.java:logGet(43)) - raft.server.watch.element-limit = 65536 (default)
2019-09-12 10:31:48,947 [d40ec8ee-ac9e-41d6-86bd-e74a05605b85:group-F276089499DE:LeaderElection89] INFO  impl.RoleInfo (RoleInfo.java:shutdownLeaderElection(134)) - d40ec8ee-ac9e-41d6-86bd-e74a05605b85: shutdown LeaderElection
2019-09-12 10:31:48,949 [d40ec8ee-ac9e-41d6-86bd-e74a05605b85:group-AE772B3E69EA:LeaderElection85] INFO  impl.RoleInfo (RoleInfo.java:updateAndGet(143)) - d40ec8ee-ac9e-41d6-86bd-e74a05605b85: start LeaderState
2019-09-12 10:31:48,949 [Thread-1152] INFO  impl.RaftServerImpl (RaftServerImpl.java:setRole(171)) - caccd92c-2544-4e02-86cf-95849f240c1b:group-4CD58F3F0305 changes role from FOLLOWER to CANDIDATE at term 0 for changeToCandidate
2019-09-12 10:31:48,949 [Thread-748] INFO  impl.RoleInfo (RoleInfo.java:updateAndGet(143)) - c54af6f8-a22e-478f-90e1-029d14059a99: start LeaderElection
2019-09-12 10:31:48,949 [Thread-1152] INFO  impl.RoleInfo (RoleInfo.java:updateAndGet(143)) - caccd92c-2544-4e02-86cf-95849f240c1b: start LeaderElection
2019-09-12 10:31:48,948 [Thread-751] INFO  impl.RaftServerImpl (RaftServerImpl.java:setRole(171)) - c54af6f8-a22e-478f-90e1-029d14059a99:group-AB0002CBDB7D changes role from FOLLOWER to CANDIDATE at term 0 for changeToCandidate
2019-09-12 10:31:48,948 [Thread-754] INFO  impl.RoleInfo (RoleInfo.java:updateAndGet(143)) - c54af6f8-a22e-478f-90e1-029d14059a99: start LeaderElection
2019-09-12 10:31:48,948 [Thread-757] INFO  impl.RaftServerImpl (RaftServerImpl.java:setRole(171)) - bcda0514-d42e-47ca-96fd-c0a633e872a8:group-B60FAFB357A7 changes role from FOLLOWER to CANDIDATE at term 0 for changeToCandidate
2019-09-12 10:31:48,948 [5dd0cd62-5770-41dd-9e5a-f3f3eedc40c1-SegmentedRaftLogWorker:Storage Directory /workdir/hadoop-ozone/integration-test/target/test-dir/MiniOzoneClusterImpl-d867a4e1-154a-4113-b5e4-c09c14df2894/datanode-0/data/ratis/d613fabe-3b8b-4e53-872f-7deb0e175afa] INFO  impl.PendingRequests (PendingRequests.java:sendNotLeaderResponses(202)) - 5dd0cd62-5770-41dd-9e5a-f3f3eedc40c1-PendingRequests: sendNotLeaderResponses
2019-09-12 10:31:48,950 [Thread-757] INFO  impl.RoleInfo (RoleInfo.java:updateAndGet(143)) - bcda0514-d42e-47ca-96fd-c0a633e872a8: start LeaderElection
2019-09-12 10:31:48,948 [d40ec8ee-ac9e-41d6-86bd-e74a05605b85:group-ED0A747FF7F8:LeaderElection88] INFO  impl.RoleInfo (RoleInfo.java:updateAndGet(143)) - d40ec8ee-ac9e-41d6-86bd-e74a05605b85: start LeaderState
2019-09-12 10:31:48,948 [pool-284-thread-1] INFO  server.RaftServerConfigKeys (ConfUtils.java:logGet(43)) - raft.server.rpc.timeout.min = 5s (custom)
2019-09-12 10:31:48,950 [5dd0cd62-5770-41dd-9e5a-f3f3eedc40c1-SegmentedRaftLogWorker:Storage Directory /workdir/hadoop-ozone/integration-test/target/test-dir/MiniOzoneClusterImpl-d867a4e1-154a-4113-b5e4-c09c14df2894/datanode-0/data/ratis/d613fabe-3b8b-4e53-872f-7deb0e175afa] INFO  impl.StateMachineUpdater (StateMachineUpdater.java:stopAndJoin(115)) - StateMachineUpdater:5dd0cd62-5770-41dd-9e5a-f3f3eedc40c1:group-7DEB0E175AFA: set stopIndex = -1
2019-09-12 10:31:48,951 [5dd0cd62-5770-41dd-9e5a-f3f3eedc40c1-SegmentedRaftLogWorker:Storage Directory /workdir/hadoop-ozone/integration-test/target/test-dir/MiniOzoneClusterImpl-d867a4e1-154a-4113-b5e4-c09c14df2894/datanode-0/data/ratis/d613fabe-3b8b-4e53-872f-7deb0e175afa] INFO  impl.RaftServerImpl (ServerState.java:close(394)) - 5dd0cd62-5770-41dd-9e5a-f3f3eedc40c1:group-7DEB0E175AFA closes. The last applied log index is -1
2019-09-12 10:31:48,950 [Thread-751] INFO  impl.RoleInfo (RoleInfo.java:updateAndGet(143)) - c54af6f8-a22e-478f-90e1-029d14059a99: start LeaderElection
2019-09-12 10:31:48,949 [d40ec8ee-ac9e-41d6-86bd-e74a05605b85:group-AE772B3E69EA:LeaderElection85] INFO  segmented.SegmentedRaftLogWorker (SegmentedRaftLogWorker.java:startLogSegment(380)) - d40ec8ee-ac9e-41d6-86bd-e74a05605b85-SegmentedRaftLogWorker:Storage Directory /workdir/hadoop-ozone/integration-test/target/test-dir/MiniOzoneClusterImpl-d867a4e1-154a-4113-b5e4-c09c14df2894/datanode-1/data/ratis/d5c5b42e-a142-4ae3-97bb-ae772b3e69ea: Starting segment from index:0
2019-09-12 10:31:48,949 [d40ec8ee-ac9e-41d6-86bd-e74a05605b85:group-F276089499DE:LeaderElection89] INFO  impl.RaftServerImpl (RaftServerImpl.java:setRole(171)) - d40ec8ee-ac9e-41d6-86bd-e74a05605b85:group-F276089499DE changes role from CANDIDATE to LEADER at term 1 for changeToLeader
2019-09-12 10:31:48,951 [5dd0cd62-5770-41dd-9e5a-f3f3eedc40c1-SegmentedRaftLogWorker:Storage Directory /workdir/hadoop-ozone/integration-test/target/test-dir/MiniOzoneClusterImpl-d867a4e1-154a-4113-b5e4-c09c14df2894/datanode-0/data/ratis/d613fabe-3b8b-4e53-872f-7deb0e175afa] INFO  segmented.SegmentedRaftLogWorker (SegmentedRaftLogWorker.java:close(228)) - 5dd0cd62-5770-41dd-9e5a-f3f3eedc40c1-SegmentedRaftLogWorker:Storage Directory /workdir/hadoop-ozone/integration-test/target/test-dir/MiniOzoneClusterImpl-d867a4e1-154a-4113-b5e4-c09c14df2894/datanode-0/data/ratis/d613fabe-3b8b-4e53-872f-7deb0e175afa close()
2019-09-12 10:31:49,335 | INFO  | SCMAudit | user=jenkins1000 | ip=192.168.36.114 | op=SEND_HEARTBEAT {datanodeUUID=1349d5ba-07d4-450a-9218-4f0361201438, command=[]} | ret=SUCCESS |  
2019-09-12 10:31:49,335 | INFO  | SCMAudit | user=jenkins1000 | ip=192.168.36.114 | op=SEND_HEARTBEAT {datanodeUUID=22ce2f4b-d517-44cf-8041-712d813e08f3, command=[]} | ret=SUCCESS |  
2019-09-12 10:31:49,337 | INFO  | SCMAudit | user=jenkins1000 | ip=192.168.36.114 | op=SEND_HEARTBEAT {datanodeUUID=f17b4253-95a0-4ee6-8ded-88f070f15b33, command=[]} | ret=SUCCESS |  
2019-09-12 10:31:49,337 | INFO  | SCMAudit | user=jenkins1000 | ip=192.168.36.114 | op=SEND_HEARTBEAT {datanodeUUID=c1e71898-521f-4627-a3f1-9884c4b96ced, command=[]} | ret=SUCCESS |  
2019-09-12 10:31:49,337 | INFO  | SCMAudit | user=jenkins1000 | ip=192.168.36.114 | op=SEND_HEARTBEAT {datanodeUUID=eaeff1e2-de9c-4510-872d-283eb6c3c330, command=[]} | ret=SUCCESS |  
2019-09-12 10:31:49,337 | INFO  | SCMAudit | user=jenkins1000 | ip=192.168.36.114 | op=SEND_HEARTBEAT {datanodeUUID=39df7a3f-9691-48d4-a2b1-6888489a5f8a, command=[]} | ret=SUCCESS |  
2019-09-12 10:31:48,951 [pool-284-thread-1] INFO  server.RaftServerConfigKeys (ConfUtils.java:logGet(43)) - raft.server.rpc.timeout.max = 5200ms (custom)
2019-09-12 10:31:49,337 | INFO  | SCMAudit | user=jenkins1000 | ip=192.168.36.114 | op=SEND_HEARTBEAT {datanodeUUID=bcda0514-d42e-47ca-96fd-c0a633e872a8, command=[]} | ret=SUCCESS |  
2019-09-12 10:31:48,951 [d40ec8ee-ac9e-41d6-86bd-e74a05605b85:group-ED0A747FF7F8:LeaderElection88] INFO  segmented.SegmentedRaftLogWorker (SegmentedRaftLogWorker.java:startLogSegment(380)) - d40ec8ee-ac9e-41d6-86bd-e74a05605b85-SegmentedRaftLogWorker:Storage Directory /workdir/hadoop-ozone/integration-test/target/test-dir/MiniOzoneClusterImpl-d867a4e1-154a-4113-b5e4-c09c14df2894/datanode-1/data/ratis/2ceed834-2022-4c66-aa21-ed0a747ff7f8: Starting segment from index:0
2019-09-12 10:31:49,337 | INFO  | SCMAudit | user=jenkins1000 | ip=192.168.36.114 | op=SEND_HEARTBEAT {datanodeUUID=c9031a36-5f7c-4098-8bea-8a46141708a6, command=[]} | ret=SUCCESS |  
2019-09-12 10:31:49,337 | INFO  | SCMAudit | user=jenkins1000 | ip=192.168.36.114 | op=SEND_HEARTBEAT {datanodeUUID=caccd92c-2544-4e02-86cf-95849f240c1b, command=[]} | ret=SUCCESS |  
2019-09-12 10:31:49,337 | INFO  | SCMAudit | user=jenkins1000 | ip=192.168.36.114 | op=SEND_HEARTBEAT {datanodeUUID=b6dd7c38-f675-445e-811b-15cf17d56c0a, command=[]} | ret=SUCCESS |  
2019-09-12 10:31:49,337 [pool-284-thread-1] INFO  server.RaftServerConfigKeys (ConfUtils.java:logGet(43)) - raft.server.rpcslowness.timeout = 120s (custom)
2019-09-12 10:31:49,337 | INFO  | SCMAudit | user=jenkins1000 | ip=192.168.36.114 | op=SEND_HEARTBEAT {datanodeUUID=9616c881-dbb1-48da-90dd-a872ed779a2e, command=[]} | ret=SUCCESS |  
2019-09-12 10:31:49,337 | INFO  | SCMAudit | user=jenkins1000 | ip=192.168.36.114 | op=SEND_HEARTBEAT {datanodeUUID=5dd0cd62-5770-41dd-9e5a-f3f3eedc40c1, command=[]} | ret=SUCCESS |  
2019-09-12 10:31:49,337 | INFO  | SCMAudit | user=jenkins1000 | ip=192.168.36.114 | op=SEND_HEARTBEAT {datanodeUUID=d40ec8ee-ac9e-41d6-86bd-e74a05605b85, command=[]} | ret=SUCCESS |  
2019-09-12 10:31:49,338 | INFO  | SCMAudit | user=jenkins1000 | ip=192.168.36.114 | op=SEND_HEARTBEAT {datanodeUUID=ad8ae342-df06-4311-9d84-524877c98111, command=[]} | ret=SUCCESS |  
2019-09-12 10:31:49,337 [c54af6f8-a22e-478f-90e1-029d14059a99:group-D03399840855:LeaderElection91] INFO  impl.LeaderElection (LeaderElection.java:askForVotes(181)) - c54af6f8-a22e-478f-90e1-029d14059a99:group-D03399840855:LeaderElection91: begin an election at term 1 for -1: [c54af6f8-a22e-478f-90e1-029d14059a99:192.168.36.114:44604], old=null
2019-09-12 10:31:49,337 [c54af6f8-a22e-478f-90e1-029d14059a99:group-90411C99A9B7:LeaderElection90] INFO  impl.LeaderElection (LeaderElection.java:askForVotes(181)) - c54af6f8-a22e-478f-90e1-029d14059a99:group-90411C99A9B7:LeaderElection90: begin an election at term 1 for -1: [c54af6f8-a22e-478f-90e1-029d14059a99:192.168.36.114:44604], old=null
2019-09-12 10:31:49,706 [d40ec8ee-ac9e-41d6-86bd-e74a05605b85:group-ED0A747FF7F8:LeaderElection88] INFO  impl.RaftServerImpl (ServerState.java:setRaftConf(361)) - d40ec8ee-ac9e-41d6-86bd-e74a05605b85:group-ED0A747FF7F8 set configuration 0: [d40ec8ee-ac9e-41d6-86bd-e74a05605b85:192.168.36.114:33446], old=null at 0
2019-09-12 10:31:49,337 [bcda0514-d42e-47ca-96fd-c0a633e872a8:group-B60FAFB357A7:LeaderElection94] INFO  impl.LeaderElection (LeaderElection.java:askForVotes(181)) - bcda0514-d42e-47ca-96fd-c0a633e872a8:group-B60FAFB357A7:LeaderElection94: begin an election at term 1 for -1: [bcda0514-d42e-47ca-96fd-c0a633e872a8:192.168.36.114:33684], old=null
2019-09-12 10:31:49,337 [caccd92c-2544-4e02-86cf-95849f240c1b:group-4CD58F3F0305:LeaderElection92] INFO  impl.LeaderElection (LeaderElection.java:askForVotes(181)) - caccd92c-2544-4e02-86cf-95849f240c1b:group-4CD58F3F0305:LeaderElection92: begin an election at term 1 for -1: [caccd92c-2544-4e02-86cf-95849f240c1b:192.168.36.114:37072], old=null
2019-09-12 10:31:48,951 [d40ec8ee-ac9e-41d6-86bd-e74a05605b85:group-AE772B3E69EA:LeaderElection85] INFO  impl.RaftServerImpl (ServerState.java:setRaftConf(361)) - d40ec8ee-ac9e-41d6-86bd-e74a05605b85:group-AE772B3E69EA set configuration 0: [d40ec8ee-ac9e-41d6-86bd-e74a05605b85:192.168.36.114:33446], old=null at 0
2019-09-12 10:31:49,325 [5dd0cd62-5770-41dd-9e5a-f3f3eedc40c1-SegmentedRaftLogWorker:Storage Directory /workdir/hadoop-ozone/integration-test/target/test-dir/MiniOzoneClusterImpl-d867a4e1-154a-4113-b5e4-c09c14df2894/datanode-0/data/ratis/c876beb0-6b8b-4f33-b2be-c863ddfb95b6] ERROR segmented.SegmentedRaftLogWorker (SegmentedRaftLogWorker.java:run(323)) - 5dd0cd62-5770-41dd-9e5a-f3f3eedc40c1-SegmentedRaftLogWorker:Storage Directory /workdir/hadoop-ozone/integration-test/target/test-dir/MiniOzoneClusterImpl-d867a4e1-154a-4113-b5e4-c09c14df2894/datanode-0/data/ratis/c876beb0-6b8b-4f33-b2be-c863ddfb95b6 hit exception
java.lang.OutOfMemoryError: Direct buffer memory
	at java.nio.Bits.reserveMemory(Bits.java:666)
	at java.nio.DirectByteBuffer.<init>(DirectByteBuffer.java:123)
	at java.nio.ByteBuffer.allocateDirect(ByteBuffer.java:311)
	at org.apache.ratis.server.raftlog.segmented.BufferedWriteChannel.<init>(BufferedWriteChannel.java:41)
	at org.apache.ratis.server.raftlog.segmented.SegmentedRaftLogOutputStream.<init>(SegmentedRaftLogOutputStream.java:72)
	at org.apache.ratis.server.raftlog.segmented.SegmentedRaftLogWorker$StartLogSegment.execute(SegmentedRaftLogWorker.java:566)
	at org.apache.ratis.server.raftlog.segmented.SegmentedRaftLogWorker.run(SegmentedRaftLogWorker.java:289)
	at java.lang.Thread.run(Thread.java:748)
2019-09-12 10:31:48,951 [d40ec8ee-ac9e-41d6-86bd-e74a05605b85:group-F276089499DE:LeaderElection89] INFO  impl.RaftServerImpl (ServerState.java:setLeader(263)) - d40ec8ee-ac9e-41d6-86bd-e74a05605b85:group-F276089499DE change Leader from null to d40ec8ee-ac9e-41d6-86bd-e74a05605b85 at term 1 for becomeLeader, leader elected after 6137ms
2019-09-12 10:31:49,707 [5dd0cd62-5770-41dd-9e5a-f3f3eedc40c1-SegmentedRaftLogWorker:Storage Directory /workdir/hadoop-ozone/integration-test/target/test-dir/MiniOzoneClusterImpl-d867a4e1-154a-4113-b5e4-c09c14df2894/datanode-0/data/ratis/c876beb0-6b8b-4f33-b2be-c863ddfb95b6] INFO  impl.RaftServerImpl (RaftServerImpl.java:lambda$shutdown$3(245)) - 5dd0cd62-5770-41dd-9e5a-f3f3eedc40c1: shutdown group-C863DDFB95B6
2019-09-12 10:31:49,706 [bcda0514-d42e-47ca-96fd-c0a633e872a8:group-B60FAFB357A7:LeaderElection94] INFO  impl.RoleInfo (RoleInfo.java:shutdownLeaderElection(134)) - bcda0514-d42e-47ca-96fd-c0a633e872a8: shutdown LeaderElection
2019-09-12 10:31:49,706 [caccd92c-2544-4e02-86cf-95849f240c1b:group-4CD58F3F0305:LeaderElection92] INFO  impl.RoleInfo (RoleInfo.java:shutdownLeaderElection(134)) - caccd92c-2544-4e02-86cf-95849f240c1b: shutdown LeaderElection
2019-09-12 10:31:49,706 [c54af6f8-a22e-478f-90e1-029d14059a99:group-90411C99A9B7:LeaderElection90] INFO  impl.RoleInfo (RoleInfo.java:shutdownLeaderElection(134)) - c54af6f8-a22e-478f-90e1-029d14059a99: shutdown LeaderElection
2019-09-12 10:31:49,708 [c54af6f8-a22e-478f-90e1-029d14059a99:group-90411C99A9B7:LeaderElection90] INFO  impl.RaftServerImpl (RaftServerImpl.java:setRole(171)) - c54af6f8-a22e-478f-90e1-029d14059a99:group-90411C99A9B7 changes role from CANDIDATE to LEADER at term 1 for changeToLeader
2019-09-12 10:31:49,706 [c54af6f8-a22e-478f-90e1-029d14059a99:group-AB0002CBDB7D:LeaderElection93] INFO  impl.LeaderElection (LeaderElection.java:askForVotes(181)) - c54af6f8-a22e-478f-90e1-029d14059a99:group-AB0002CBDB7D:LeaderElection93: begin an election at term 1 for -1: [c54af6f8-a22e-478f-90e1-029d14059a99:192.168.36.114:44604], old=null
2019-09-12 10:31:49,705 [c54af6f8-a22e-478f-90e1-029d14059a99:group-D03399840855:LeaderElection91] INFO  impl.RoleInfo (RoleInfo.java:shutdownLeaderElection(134)) - c54af6f8-a22e-478f-90e1-029d14059a99: shutdown LeaderElection
2019-09-12 10:31:49,698 [5dd0cd62-5770-41dd-9e5a-f3f3eedc40c1-SegmentedRaftLogWorker:Storage Directory /workdir/hadoop-ozone/integration-test/target/test-dir/MiniOzoneClusterImpl-d867a4e1-154a-4113-b5e4-c09c14df2894/datanode-0/data/ratis/f3696f3b-a2d1-4fe7-b0e2-6aad921d85d9] ERROR segmented.SegmentedRaftLogWorker (SegmentedRaftLogWorker.java:run(323)) - 5dd0cd62-5770-41dd-9e5a-f3f3eedc40c1-SegmentedRaftLogWorker:Storage Directory /workdir/hadoop-ozone/integration-test/target/test-dir/MiniOzoneClusterImpl-d867a4e1-154a-4113-b5e4-c09c14df2894/datanode-0/data/ratis/f3696f3b-a2d1-4fe7-b0e2-6aad921d85d9 hit exception
java.lang.OutOfMemoryError: Direct buffer memory
	at java.nio.Bits.reserveMemory(Bits.java:666)
	at java.nio.DirectByteBuffer.<init>(DirectByteBuffer.java:123)
	at java.nio.ByteBuffer.allocateDirect(ByteBuffer.java:311)
	at org.apache.ratis.server.raftlog.segmented.BufferedWriteChannel.<init>(BufferedWriteChannel.java:41)
	at org.apache.ratis.server.raftlog.segmented.SegmentedRaftLogOutputStream.<init>(SegmentedRaftLogOutputStream.java:72)
	at org.apache.ratis.server.raftlog.segmented.SegmentedRaftLogWorker$StartLogSegment.execute(SegmentedRaftLogWorker.java:566)
	at org.apache.ratis.server.raftlog.segmented.SegmentedRaftLogWorker.run(SegmentedRaftLogWorker.java:289)
	at java.lang.Thread.run(Thread.java:748)
2019-09-12 10:31:49,338 [pool-284-thread-1] INFO  server.RaftServerConfigKeys (ConfUtils.java:logGet(43)) - raft.server.sleep.deviation.threshold = 300 (default)
2019-09-12 10:31:49,709 [5dd0cd62-5770-41dd-9e5a-f3f3eedc40c1-SegmentedRaftLogWorker:Storage Directory /workdir/hadoop-ozone/integration-test/target/test-dir/MiniOzoneClusterImpl-d867a4e1-154a-4113-b5e4-c09c14df2894/datanode-0/data/ratis/f3696f3b-a2d1-4fe7-b0e2-6aad921d85d9] INFO  impl.RaftServerImpl (RaftServerImpl.java:lambda$shutdown$3(245)) - 5dd0cd62-5770-41dd-9e5a-f3f3eedc40c1: shutdown group-6AAD921D85D9
2019-09-12 10:31:49,708 [c54af6f8-a22e-478f-90e1-029d14059a99:group-D03399840855:LeaderElection91] INFO  impl.RaftServerImpl (RaftServerImpl.java:setRole(171)) - c54af6f8-a22e-478f-90e1-029d14059a99:group-D03399840855 changes role from CANDIDATE to LEADER at term 1 for changeToLeader
2019-09-12 10:31:49,709 [c54af6f8-a22e-478f-90e1-029d14059a99:group-D03399840855:LeaderElection91] INFO  impl.RaftServerImpl (ServerState.java:setLeader(263)) - c54af6f8-a22e-478f-90e1-029d14059a99:group-D03399840855 change Leader from null to c54af6f8-a22e-478f-90e1-029d14059a99 at term 1 for becomeLeader, leader elected after 17428ms
2019-09-12 10:31:49,708 [c54af6f8-a22e-478f-90e1-029d14059a99:group-AB0002CBDB7D:LeaderElection93] INFO  impl.RoleInfo (RoleInfo.java:shutdownLeaderElection(134)) - c54af6f8-a22e-478f-90e1-029d14059a99: shutdown LeaderElection
2019-09-12 10:31:49,708 [c54af6f8-a22e-478f-90e1-029d14059a99:group-90411C99A9B7:LeaderElection90] INFO  impl.RaftServerImpl (ServerState.java:setLeader(263)) - c54af6f8-a22e-478f-90e1-029d14059a99:group-90411C99A9B7 change Leader from null to c54af6f8-a22e-478f-90e1-029d14059a99 at term 1 for becomeLeader, leader elected after 17306ms
2019-09-12 10:31:49,708 [caccd92c-2544-4e02-86cf-95849f240c1b:group-4CD58F3F0305:LeaderElection92] INFO  impl.RaftServerImpl (RaftServerImpl.java:setRole(171)) - caccd92c-2544-4e02-86cf-95849f240c1b:group-4CD58F3F0305 changes role from CANDIDATE to LEADER at term 1 for changeToLeader
2019-09-12 10:31:49,710 [caccd92c-2544-4e02-86cf-95849f240c1b:group-4CD58F3F0305:LeaderElection92] INFO  impl.RaftServerImpl (ServerState.java:setLeader(263)) - caccd92c-2544-4e02-86cf-95849f240c1b:group-4CD58F3F0305 change Leader from null to caccd92c-2544-4e02-86cf-95849f240c1b at term 1 for becomeLeader, leader elected after 6143ms
2019-09-12 10:31:49,708 [bcda0514-d42e-47ca-96fd-c0a633e872a8:group-B60FAFB357A7:LeaderElection94] INFO  impl.RaftServerImpl (RaftServerImpl.java:setRole(171)) - bcda0514-d42e-47ca-96fd-c0a633e872a8:group-B60FAFB357A7 changes role from CANDIDATE to LEADER at term 1 for changeToLeader
2019-09-12 10:31:49,707 [5dd0cd62-5770-41dd-9e5a-f3f3eedc40c1-SegmentedRaftLogWorker:Storage Directory /workdir/hadoop-ozone/integration-test/target/test-dir/MiniOzoneClusterImpl-d867a4e1-154a-4113-b5e4-c09c14df2894/datanode-0/data/ratis/c876beb0-6b8b-4f33-b2be-c863ddfb95b6] INFO  util.JmxRegister (JmxRegister.java:unregister(73)) - Successfully un-registered JMX Bean with object name Ratis:service=RaftServer,group=group-C863DDFB95B6,id=5dd0cd62-5770-41dd-9e5a-f3f3eedc40c1
2019-09-12 10:31:49,710 [5dd0cd62-5770-41dd-9e5a-f3f3eedc40c1-SegmentedRaftLogWorker:Storage Directory /workdir/hadoop-ozone/integration-test/target/test-dir/MiniOzoneClusterImpl-d867a4e1-154a-4113-b5e4-c09c14df2894/datanode-0/data/ratis/c876beb0-6b8b-4f33-b2be-c863ddfb95b6] INFO  impl.RoleInfo (RoleInfo.java:shutdownLeaderState(104)) - 5dd0cd62-5770-41dd-9e5a-f3f3eedc40c1: shutdown LeaderState
2019-09-12 10:31:49,707 [d40ec8ee-ac9e-41d6-86bd-e74a05605b85:group-F276089499DE:LeaderElection89] INFO  server.RaftServerConfigKeys (ConfUtils.java:logGet(43)) - raft.server.staging.catchup.gap = 1000 (default)
2019-09-12 10:31:49,710 [5dd0cd62-5770-41dd-9e5a-f3f3eedc40c1-SegmentedRaftLogWorker:Storage Directory /workdir/hadoop-ozone/integration-test/target/test-dir/MiniOzoneClusterImpl-d867a4e1-154a-4113-b5e4-c09c14df2894/datanode-0/data/ratis/c876beb0-6b8b-4f33-b2be-c863ddfb95b6] INFO  impl.PendingRequests (PendingRequests.java:sendNotLeaderResponses(202)) - 5dd0cd62-5770-41dd-9e5a-f3f3eedc40c1-PendingRequests: sendNotLeaderResponses
2019-09-12 10:31:49,710 [bcda0514-d42e-47ca-96fd-c0a633e872a8:group-B60FAFB357A7:LeaderElection94] INFO  impl.RaftServerImpl (ServerState.java:setLeader(263)) - bcda0514-d42e-47ca-96fd-c0a633e872a8:group-B60FAFB357A7 change Leader from null to bcda0514-d42e-47ca-96fd-c0a633e872a8 at term 1 for becomeLeader, leader elected after 17256ms
2019-09-12 10:31:49,710 [caccd92c-2544-4e02-86cf-95849f240c1b:group-4CD58F3F0305:LeaderElection92] INFO  server.RaftServerConfigKeys (ConfUtils.java:logGet(43)) - raft.server.staging.catchup.gap = 1000 (default)
2019-09-12 10:31:49,711 [caccd92c-2544-4e02-86cf-95849f240c1b:group-4CD58F3F0305:LeaderElection92] INFO  server.RaftServerConfigKeys (ConfUtils.java:logGet(43)) - raft.server.rpc.sleep.time = 25ms (default)
2019-09-12 10:31:49,710 [c54af6f8-a22e-478f-90e1-029d14059a99:group-90411C99A9B7:LeaderElection90] INFO  server.RaftServerConfigKeys (ConfUtils.java:logGet(43)) - raft.server.staging.catchup.gap = 1000 (default)
2019-09-12 10:31:49,710 [c54af6f8-a22e-478f-90e1-029d14059a99:group-AB0002CBDB7D:LeaderElection93] INFO  impl.RaftServerImpl (RaftServerImpl.java:setRole(171)) - c54af6f8-a22e-478f-90e1-029d14059a99:group-AB0002CBDB7D changes role from CANDIDATE to LEADER at term 1 for changeToLeader
2019-09-12 10:31:49,709 [c54af6f8-a22e-478f-90e1-029d14059a99:group-D03399840855:LeaderElection91] INFO  server.RaftServerConfigKeys (ConfUtils.java:logGet(43)) - raft.server.staging.catchup.gap = 1000 (default)
2019-09-12 10:31:49,709 [5dd0cd62-5770-41dd-9e5a-f3f3eedc40c1-SegmentedRaftLogWorker:Storage Directory /workdir/hadoop-ozone/integration-test/target/test-dir/MiniOzoneClusterImpl-d867a4e1-154a-4113-b5e4-c09c14df2894/datanode-0/data/ratis/f3696f3b-a2d1-4fe7-b0e2-6aad921d85d9] INFO  util.JmxRegister (JmxRegister.java:unregister(73)) - Successfully un-registered JMX Bean with object name Ratis:service=RaftServer,group=group-6AAD921D85D9,id=5dd0cd62-5770-41dd-9e5a-f3f3eedc40c1
2019-09-12 10:31:49,709 [pool-284-thread-1] INFO  server.RaftServerConfigKeys (ConfUtils.java:logGet(43)) - raft.server.log.appender.install.snapshot.enabled = false (custom)
2019-09-12 10:31:49,712 [5dd0cd62-5770-41dd-9e5a-f3f3eedc40c1-SegmentedRaftLogWorker:Storage Directory /workdir/hadoop-ozone/integration-test/target/test-dir/MiniOzoneClusterImpl-d867a4e1-154a-4113-b5e4-c09c14df2894/datanode-0/data/ratis/f3696f3b-a2d1-4fe7-b0e2-6aad921d85d9] INFO  impl.RoleInfo (RoleInfo.java:shutdownLeaderState(104)) - 5dd0cd62-5770-41dd-9e5a-f3f3eedc40c1: shutdown LeaderState
2019-09-12 10:31:49,712 [c54af6f8-a22e-478f-90e1-029d14059a99:group-D03399840855:LeaderElection91] INFO  server.RaftServerConfigKeys (ConfUtils.java:logGet(43)) - raft.server.rpc.sleep.time = 25ms (default)
2019-09-12 10:31:49,712 [c54af6f8-a22e-478f-90e1-029d14059a99:group-AB0002CBDB7D:LeaderElection93] INFO  impl.RaftServerImpl (ServerState.java:setLeader(263)) - c54af6f8-a22e-478f-90e1-029d14059a99:group-AB0002CBDB7D change Leader from null to c54af6f8-a22e-478f-90e1-029d14059a99 at term 1 for becomeLeader, leader elected after 17380ms
2019-09-12 10:31:49,711 [c54af6f8-a22e-478f-90e1-029d14059a99:group-90411C99A9B7:LeaderElection90] INFO  server.RaftServerConfigKeys (ConfUtils.java:logGet(43)) - raft.server.rpc.sleep.time = 25ms (default)
2019-09-12 10:31:49,711 [caccd92c-2544-4e02-86cf-95849f240c1b:group-4CD58F3F0305:LeaderElection92] INFO  server.RaftServerConfigKeys (ConfUtils.java:logGet(43)) - raft.server.write.element-limit = 4096 (default)
2019-09-12 10:31:49,711 [bcda0514-d42e-47ca-96fd-c0a633e872a8:group-B60FAFB357A7:LeaderElection94] INFO  server.RaftServerConfigKeys (ConfUtils.java:logGet(43)) - raft.server.staging.catchup.gap = 1000 (default)
2019-09-12 10:31:49,711 [5dd0cd62-5770-41dd-9e5a-f3f3eedc40c1-SegmentedRaftLogWorker:Storage Directory /workdir/hadoop-ozone/integration-test/target/test-dir/MiniOzoneClusterImpl-d867a4e1-154a-4113-b5e4-c09c14df2894/datanode-0/data/ratis/c876beb0-6b8b-4f33-b2be-c863ddfb95b6] INFO  impl.StateMachineUpdater (StateMachineUpdater.java:stopAndJoin(115)) - StateMachineUpdater:5dd0cd62-5770-41dd-9e5a-f3f3eedc40c1:group-C863DDFB95B6: set stopIndex = -1
2019-09-12 10:31:49,713 [5dd0cd62-5770-41dd-9e5a-f3f3eedc40c1-SegmentedRaftLogWorker:Storage Directory /workdir/hadoop-ozone/integration-test/target/test-dir/MiniOzoneClusterImpl-d867a4e1-154a-4113-b5e4-c09c14df2894/datanode-0/data/ratis/c876beb0-6b8b-4f33-b2be-c863ddfb95b6] INFO  impl.RaftServerImpl (ServerState.java:close(394)) - 5dd0cd62-5770-41dd-9e5a-f3f3eedc40c1:group-C863DDFB95B6 closes. The last applied log index is -1
2019-09-12 10:31:49,710 [d40ec8ee-ac9e-41d6-86bd-e74a05605b85:group-F276089499DE:LeaderElection89] INFO  server.RaftServerConfigKeys (ConfUtils.java:logGet(43)) - raft.server.rpc.sleep.time = 25ms (default)
2019-09-12 10:31:49,713 [5dd0cd62-5770-41dd-9e5a-f3f3eedc40c1-SegmentedRaftLogWorker:Storage Directory /workdir/hadoop-ozone/integration-test/target/test-dir/MiniOzoneClusterImpl-d867a4e1-154a-4113-b5e4-c09c14df2894/datanode-0/data/ratis/c876beb0-6b8b-4f33-b2be-c863ddfb95b6] INFO  segmented.SegmentedRaftLogWorker (SegmentedRaftLogWorker.java:close(228)) - 5dd0cd62-5770-41dd-9e5a-f3f3eedc40c1-SegmentedRaftLogWorker:Storage Directory /workdir/hadoop-ozone/integration-test/target/test-dir/MiniOzoneClusterImpl-d867a4e1-154a-4113-b5e4-c09c14df2894/datanode-0/data/ratis/c876beb0-6b8b-4f33-b2be-c863ddfb95b6 close()
2019-09-12 10:31:49,713 [bcda0514-d42e-47ca-96fd-c0a633e872a8:group-B60FAFB357A7:LeaderElection94] INFO  server.RaftServerConfigKeys (ConfUtils.java:logGet(43)) - raft.server.rpc.sleep.time = 25ms (default)
2019-09-12 10:31:49,713 [caccd92c-2544-4e02-86cf-95849f240c1b:group-4CD58F3F0305:LeaderElection92] INFO  server.RaftServerConfigKeys (ConfUtils.java:logGet(43)) - raft.server.watch.timeout = 10s (default)
2019-09-12 10:31:49,714 [caccd92c-2544-4e02-86cf-95849f240c1b:group-4CD58F3F0305:LeaderElection92] INFO  server.RaftServerConfigKeys (ConfUtils.java:logGet(43)) - raft.server.watch.timeout.denomination = 1s (default)
2019-09-12 10:31:49,713 [c54af6f8-a22e-478f-90e1-029d14059a99:group-90411C99A9B7:LeaderElection90] INFO  server.RaftServerConfigKeys (ConfUtils.java:logGet(43)) - raft.server.write.element-limit = 4096 (default)
2019-09-12 10:31:49,713 [c54af6f8-a22e-478f-90e1-029d14059a99:group-AB0002CBDB7D:LeaderElection93] INFO  server.RaftServerConfigKeys (ConfUtils.java:logGet(43)) - raft.server.staging.catchup.gap = 1000 (default)
2019-09-12 10:31:49,712 [c54af6f8-a22e-478f-90e1-029d14059a99:group-D03399840855:LeaderElection91] INFO  server.RaftServerConfigKeys (ConfUtils.java:logGet(43)) - raft.server.write.element-limit = 4096 (default)
2019-09-12 10:31:49,712 [5dd0cd62-5770-41dd-9e5a-f3f3eedc40c1-SegmentedRaftLogWorker:Storage Directory /workdir/hadoop-ozone/integration-test/target/test-dir/MiniOzoneClusterImpl-d867a4e1-154a-4113-b5e4-c09c14df2894/datanode-0/data/ratis/f3696f3b-a2d1-4fe7-b0e2-6aad921d85d9] INFO  impl.PendingRequests (PendingRequests.java:sendNotLeaderResponses(202)) - 5dd0cd62-5770-41dd-9e5a-f3f3eedc40c1-PendingRequests: sendNotLeaderResponses
2019-09-12 10:31:49,712 [pool-284-thread-1] INFO  impl.RaftServerImpl (ServerState.java:<init>(105)) - d9d65fd8-d100-497d-8460-9a4cf62b4ad5:group-6150B09B443E ConfigurationManager, init=-1: [d9d65fd8-d100-497d-8460-9a4cf62b4ad5:192.168.36.114:33192], old=null, confs=<EMPTY_MAP>
2019-09-12 10:31:49,715 [c54af6f8-a22e-478f-90e1-029d14059a99:group-D03399840855:LeaderElection91] INFO  server.RaftServerConfigKeys (ConfUtils.java:logGet(43)) - raft.server.watch.timeout = 10s (default)
2019-09-12 10:31:49,715 [pool-284-thread-1] INFO  server.RaftServerConfigKeys (ConfUtils.java:logGet(43)) - raft.server.storage.dir = [/workdir/hadoop-ozone/integration-test/target/test-dir/MiniOzoneClusterImpl-d867a4e1-154a-4113-b5e4-c09c14df2894/datanode-6/data/ratis] (custom)
2019-09-12 10:31:49,715 [c54af6f8-a22e-478f-90e1-029d14059a99:group-AB0002CBDB7D:LeaderElection93] INFO  server.RaftServerConfigKeys (ConfUtils.java:logGet(43)) - raft.server.rpc.sleep.time = 25ms (default)
2019-09-12 10:31:49,714 [c54af6f8-a22e-478f-90e1-029d14059a99:group-90411C99A9B7:LeaderElection90] INFO  server.RaftServerConfigKeys (ConfUtils.java:logGet(43)) - raft.server.watch.timeout = 10s (default)
2019-09-12 10:31:49,716 [c54af6f8-a22e-478f-90e1-029d14059a99:group-90411C99A9B7:LeaderElection90] INFO  server.RaftServerConfigKeys (ConfUtils.java:logGet(43)) - raft.server.watch.timeout.denomination = 1s (default)
2019-09-12 10:31:49,714 [caccd92c-2544-4e02-86cf-95849f240c1b:group-4CD58F3F0305:LeaderElection92] INFO  server.RaftServerConfigKeys (ConfUtils.java:logGet(43)) - raft.server.watch.element-limit = 65536 (default)
2019-09-12 10:31:49,714 [bcda0514-d42e-47ca-96fd-c0a633e872a8:group-B60FAFB357A7:LeaderElection94] INFO  server.RaftServerConfigKeys (ConfUtils.java:logGet(43)) - raft.server.write.element-limit = 4096 (default)
2019-09-12 10:31:49,714 [d40ec8ee-ac9e-41d6-86bd-e74a05605b85:group-F276089499DE:LeaderElection89] INFO  server.RaftServerConfigKeys (ConfUtils.java:logGet(43)) - raft.server.write.element-limit = 4096 (default)
2019-09-12 10:31:49,716 [bcda0514-d42e-47ca-96fd-c0a633e872a8:group-B60FAFB357A7:LeaderElection94] INFO  server.RaftServerConfigKeys (ConfUtils.java:logGet(43)) - raft.server.watch.timeout = 10s (default)
2019-09-12 10:31:49,716 [caccd92c-2544-4e02-86cf-95849f240c1b:group-4CD58F3F0305:LeaderElection92] INFO  impl.RoleInfo (RoleInfo.java:updateAndGet(143)) - caccd92c-2544-4e02-86cf-95849f240c1b: start LeaderState
2019-09-12 10:31:49,716 [c54af6f8-a22e-478f-90e1-029d14059a99:group-90411C99A9B7:LeaderElection90] INFO  server.RaftServerConfigKeys (ConfUtils.java:logGet(43)) - raft.server.watch.element-limit = 65536 (default)
2019-09-12 10:31:49,716 [pool-284-thread-1] INFO  storage.RaftStorageDirectory (RaftStorageDirectory.java:analyzeStorage(246)) - The storage directory /workdir/hadoop-ozone/integration-test/target/test-dir/MiniOzoneClusterImpl-d867a4e1-154a-4113-b5e4-c09c14df2894/datanode-6/data/ratis/4056681a-3dc1-4da0-9322-6150b09b443e does not exist. Creating ...
2019-09-12 10:31:49,715 [c54af6f8-a22e-478f-90e1-029d14059a99:group-AB0002CBDB7D:LeaderElection93] INFO  server.RaftServerConfigKeys (ConfUtils.java:logGet(43)) - raft.server.write.element-limit = 4096 (default)
2019-09-12 10:31:49,717 [c54af6f8-a22e-478f-90e1-029d14059a99:group-AB0002CBDB7D:LeaderElection93] INFO  server.RaftServerConfigKeys (ConfUtils.java:logGet(43)) - raft.server.watch.timeout = 10s (default)
2019-09-12 10:31:49,715 [c54af6f8-a22e-478f-90e1-029d14059a99:group-D03399840855:LeaderElection91] INFO  server.RaftServerConfigKeys (ConfUtils.java:logGet(43)) - raft.server.watch.timeout.denomination = 1s (default)
2019-09-12 10:31:49,715 [5dd0cd62-5770-41dd-9e5a-f3f3eedc40c1-SegmentedRaftLogWorker:Storage Directory /workdir/hadoop-ozone/integration-test/target/test-dir/MiniOzoneClusterImpl-d867a4e1-154a-4113-b5e4-c09c14df2894/datanode-0/data/ratis/f3696f3b-a2d1-4fe7-b0e2-6aad921d85d9] INFO  impl.StateMachineUpdater (StateMachineUpdater.java:stopAndJoin(115)) - StateMachineUpdater:5dd0cd62-5770-41dd-9e5a-f3f3eedc40c1:group-6AAD921D85D9: set stopIndex = -1
2019-09-12 10:31:49,717 [c54af6f8-a22e-478f-90e1-029d14059a99:group-D03399840855:LeaderElection91] INFO  server.RaftServerConfigKeys (ConfUtils.java:logGet(43)) - raft.server.watch.element-limit = 65536 (default)
2019-09-12 10:31:49,717 [c54af6f8-a22e-478f-90e1-029d14059a99:group-AB0002CBDB7D:LeaderElection93] INFO  server.RaftServerConfigKeys (ConfUtils.java:logGet(43)) - raft.server.watch.timeout.denomination = 1s (default)
2019-09-12 10:31:49,717 [c54af6f8-a22e-478f-90e1-029d14059a99:group-90411C99A9B7:LeaderElection90] INFO  impl.RoleInfo (RoleInfo.java:updateAndGet(143)) - c54af6f8-a22e-478f-90e1-029d14059a99: start LeaderState
2019-09-12 10:31:49,717 [caccd92c-2544-4e02-86cf-95849f240c1b:group-4CD58F3F0305:LeaderElection92] INFO  segmented.SegmentedRaftLogWorker (SegmentedRaftLogWorker.java:startLogSegment(380)) - caccd92c-2544-4e02-86cf-95849f240c1b-SegmentedRaftLogWorker:Storage Directory /workdir/hadoop-ozone/integration-test/target/test-dir/MiniOzoneClusterImpl-d867a4e1-154a-4113-b5e4-c09c14df2894/datanode-2/data/ratis/dd37ad43-18c2-4652-a889-4cd58f3f0305: Starting segment from index:0
2019-09-12 10:31:49,716 [bcda0514-d42e-47ca-96fd-c0a633e872a8:group-B60FAFB357A7:LeaderElection94] INFO  server.RaftServerConfigKeys (ConfUtils.java:logGet(43)) - raft.server.watch.timeout.denomination = 1s (default)
2019-09-12 10:31:49,718 [bcda0514-d42e-47ca-96fd-c0a633e872a8:group-B60FAFB357A7:LeaderElection94] INFO  server.RaftServerConfigKeys (ConfUtils.java:logGet(43)) - raft.server.watch.element-limit = 65536 (default)
2019-09-12 10:31:50,089 | INFO  | SCMAudit | user=jenkins1000 | ip=192.168.36.114 | op=SEND_HEARTBEAT {datanodeUUID=334c5273-7871-4d53-8b37-de05e5a3be10, command=[]} | ret=SUCCESS |  
2019-09-12 10:31:50,089 | INFO  | SCMAudit | user=jenkins1000 | ip=192.168.36.114 | op=SEND_HEARTBEAT {datanodeUUID=accf000b-d7b7-4fa5-9682-da82c4451e10, command=[]} | ret=SUCCESS |  
2019-09-12 10:31:50,089 | INFO  | SCMAudit | user=jenkins1000 | ip=192.168.36.114 | op=SEND_HEARTBEAT {datanodeUUID=ff438662-24cf-49bb-bfc5-3308ec6d286b, command=[]} | ret=SUCCESS |  
2019-09-12 10:31:50,089 | INFO  | SCMAudit | user=jenkins1000 | ip=192.168.36.114 | op=SEND_HEARTBEAT {datanodeUUID=2d50b591-d6e4-490f-9fa0-973ad5423bd7, command=[]} | ret=SUCCESS |  
2019-09-12 10:31:50,089 | INFO  | SCMAudit | user=jenkins1000 | ip=192.168.36.114 | op=SEND_HEARTBEAT {datanodeUUID=2cb9d557-cb56-4745-8686-5e72b62e748a, command=[]} | ret=SUCCESS |  
2019-09-12 10:31:50,089 | INFO  | SCMAudit | user=jenkins1000 | ip=192.168.36.114 | op=SEND_HEARTBEAT {datanodeUUID=c54af6f8-a22e-478f-90e1-029d14059a99, command=[]} | ret=SUCCESS |  
2019-09-12 10:31:50,090 | INFO  | SCMAudit | user=jenkins1000 | ip=192.168.36.114 | op=SEND_HEARTBEAT {datanodeUUID=d9d65fd8-d100-497d-8460-9a4cf62b4ad5, command=[]} | ret=SUCCESS |  
2019-09-12 10:31:49,716 [d40ec8ee-ac9e-41d6-86bd-e74a05605b85:group-F276089499DE:LeaderElection89] INFO  server.RaftServerConfigKeys (ConfUtils.java:logGet(43)) - raft.server.watch.timeout = 10s (default)
2019-09-12 10:31:50,090 [bcda0514-d42e-47ca-96fd-c0a633e872a8:group-B60FAFB357A7:LeaderElection94] INFO  impl.RoleInfo (RoleInfo.java:updateAndGet(143)) - bcda0514-d42e-47ca-96fd-c0a633e872a8: start LeaderState
2019-09-12 10:31:50,090 [caccd92c-2544-4e02-86cf-95849f240c1b:group-4CD58F3F0305:LeaderElection92] INFO  impl.RaftServerImpl (ServerState.java:setRaftConf(361)) - caccd92c-2544-4e02-86cf-95849f240c1b:group-4CD58F3F0305 set configuration 0: [caccd92c-2544-4e02-86cf-95849f240c1b:192.168.36.114:37072], old=null at 0
2019-09-12 10:31:50,090 [pool-284-thread-1] INFO  storage.RaftStorageDirectory (RaftStorageDirectory.java:tryLock(328)) - Lock on /workdir/hadoop-ozone/integration-test/target/test-dir/MiniOzoneClusterImpl-d867a4e1-154a-4113-b5e4-c09c14df2894/datanode-6/data/ratis/4056681a-3dc1-4da0-9322-6150b09b443e/in_use.lock acquired by nodename 1396@pr-hdds-1569-58hkm-1881083799
2019-09-12 10:31:50,087 [5dd0cd62-5770-41dd-9e5a-f3f3eedc40c1-SegmentedRaftLogWorker:Storage Directory /workdir/hadoop-ozone/integration-test/target/test-dir/MiniOzoneClusterImpl-d867a4e1-154a-4113-b5e4-c09c14df2894/datanode-0/data/ratis/1b023430-a498-4db3-9504-29bb7b513424] ERROR segmented.SegmentedRaftLogWorker (SegmentedRaftLogWorker.java:run(323)) - 5dd0cd62-5770-41dd-9e5a-f3f3eedc40c1-SegmentedRaftLogWorker:Storage Directory /workdir/hadoop-ozone/integration-test/target/test-dir/MiniOzoneClusterImpl-d867a4e1-154a-4113-b5e4-c09c14df2894/datanode-0/data/ratis/1b023430-a498-4db3-9504-29bb7b513424 hit exception
java.lang.OutOfMemoryError: Direct buffer memory
	at java.nio.Bits.reserveMemory(Bits.java:666)
	at java.nio.DirectByteBuffer.<init>(DirectByteBuffer.java:123)
	at java.nio.ByteBuffer.allocateDirect(ByteBuffer.java:311)
	at org.apache.ratis.server.raftlog.segmented.BufferedWriteChannel.<init>(BufferedWriteChannel.java:41)
	at org.apache.ratis.server.raftlog.segmented.SegmentedRaftLogOutputStream.<init>(SegmentedRaftLogOutputStream.java:72)
	at org.apache.ratis.server.raftlog.segmented.SegmentedRaftLogWorker$StartLogSegment.execute(SegmentedRaftLogWorker.java:566)
	at org.apache.ratis.server.raftlog.segmented.SegmentedRaftLogWorker.run(SegmentedRaftLogWorker.java:289)
	at java.lang.Thread.run(Thread.java:748)
2019-09-12 10:31:50,091 [5dd0cd62-5770-41dd-9e5a-f3f3eedc40c1-SegmentedRaftLogWorker:Storage Directory /workdir/hadoop-ozone/integration-test/target/test-dir/MiniOzoneClusterImpl-d867a4e1-154a-4113-b5e4-c09c14df2894/datanode-0/data/ratis/1b023430-a498-4db3-9504-29bb7b513424] INFO  impl.RaftServerImpl (RaftServerImpl.java:lambda$shutdown$3(245)) - 5dd0cd62-5770-41dd-9e5a-f3f3eedc40c1: shutdown group-29BB7B513424
2019-09-12 10:31:49,718 [c54af6f8-a22e-478f-90e1-029d14059a99:group-90411C99A9B7:LeaderElection90] INFO  segmented.SegmentedRaftLogWorker (SegmentedRaftLogWorker.java:startLogSegment(380)) - c54af6f8-a22e-478f-90e1-029d14059a99-SegmentedRaftLogWorker:Storage Directory /workdir/hadoop-ozone/integration-test/target/test-dir/MiniOzoneClusterImpl-87a68f7a-76d1-4e01-bf62-4b4b582b7243/datanode-3/data/ratis/45044052-4ae2-4d74-9246-90411c99a9b7: Starting segment from index:0
2019-09-12 10:31:49,718 [c54af6f8-a22e-478f-90e1-029d14059a99:group-AB0002CBDB7D:LeaderElection93] INFO  server.RaftServerConfigKeys (ConfUtils.java:logGet(43)) - raft.server.watch.element-limit = 65536 (default)
2019-09-12 10:31:49,718 [c54af6f8-a22e-478f-90e1-029d14059a99:group-D03399840855:LeaderElection91] INFO  impl.RoleInfo (RoleInfo.java:updateAndGet(143)) - c54af6f8-a22e-478f-90e1-029d14059a99: start LeaderState
2019-09-12 10:31:50,412 | INFO  | SCMAudit | user=jenkins1000 | ip=192.168.36.114 | op=SEND_HEARTBEAT {datanodeUUID=39df7a3f-9691-48d4-a2b1-6888489a5f8a, command=[]} | ret=SUCCESS |  
2019-09-12 10:31:50,412 | INFO  | SCMAudit | user=jenkins1000 | ip=192.168.36.114 | op=SEND_HEARTBEAT {datanodeUUID=f17b4253-95a0-4ee6-8ded-88f070f15b33, command=[]} | ret=SUCCESS |  
2019-09-12 10:31:50,412 | INFO  | SCMAudit | user=jenkins1000 | ip=192.168.36.114 | op=SEND_HEARTBEAT {datanodeUUID=c9031a36-5f7c-4098-8bea-8a46141708a6, command=[]} | ret=SUCCESS |  
2019-09-12 10:31:50,412 | INFO  | SCMAudit | user=jenkins1000 | ip=192.168.36.114 | op=SEND_HEARTBEAT {datanodeUUID=c1e71898-521f-4627-a3f1-9884c4b96ced, command=[]} | ret=SUCCESS |  
2019-09-12 10:31:50,412 | INFO  | SCMAudit | user=jenkins1000 | ip=192.168.36.114 | op=SEND_HEARTBEAT {datanodeUUID=eaeff1e2-de9c-4510-872d-283eb6c3c330, command=[]} | ret=SUCCESS |  
2019-09-12 10:31:50,413 | INFO  | SCMAudit | user=jenkins1000 | ip=192.168.36.114 | op=SEND_HEARTBEAT {datanodeUUID=b6dd7c38-f675-445e-811b-15cf17d56c0a, command=[]} | ret=SUCCESS |  
2019-09-12 10:31:49,717 [5dd0cd62-5770-41dd-9e5a-f3f3eedc40c1-SegmentedRaftLogWorker:Storage Directory /workdir/hadoop-ozone/integration-test/target/test-dir/MiniOzoneClusterImpl-d867a4e1-154a-4113-b5e4-c09c14df2894/datanode-0/data/ratis/f3696f3b-a2d1-4fe7-b0e2-6aad921d85d9] INFO  impl.RaftServerImpl (ServerState.java:close(394)) - 5dd0cd62-5770-41dd-9e5a-f3f3eedc40c1:group-6AAD921D85D9 closes. The last applied log index is -1
2019-09-12 10:31:50,413 | INFO  | SCMAudit | user=jenkins1000 | ip=192.168.36.114 | op=SEND_HEARTBEAT {datanodeUUID=bcda0514-d42e-47ca-96fd-c0a633e872a8, command=[]} | ret=SUCCESS |  
2019-09-12 10:31:50,414 | INFO  | SCMAudit | user=jenkins1000 | ip=192.168.36.114 | op=SEND_HEARTBEAT {datanodeUUID=22ce2f4b-d517-44cf-8041-712d813e08f3, command=[]} | ret=SUCCESS |  
2019-09-12 10:31:50,414 | INFO  | SCMAudit | user=jenkins1000 | ip=192.168.36.114 | op=SEND_HEARTBEAT {datanodeUUID=9616c881-dbb1-48da-90dd-a872ed779a2e, command=[]} | ret=SUCCESS |  
2019-09-12 10:31:50,424 [pool-284-thread-1] INFO  storage.RaftStorage (RaftStorage.java:format(72)) - Storage directory /workdir/hadoop-ozone/integration-test/target/test-dir/MiniOzoneClusterImpl-d867a4e1-154a-4113-b5e4-c09c14df2894/datanode-6/data/ratis/4056681a-3dc1-4da0-9322-6150b09b443e has been successfully formatted.
2019-09-12 10:31:50,424 | INFO  | SCMAudit | user=jenkins1000 | ip=192.168.36.114 | op=SEND_HEARTBEAT {datanodeUUID=5dd0cd62-5770-41dd-9e5a-f3f3eedc40c1, command=[]} | ret=SUCCESS |  
2019-09-12 10:31:50,424 | INFO  | SCMAudit | user=jenkins1000 | ip=192.168.36.114 | op=SEND_HEARTBEAT {datanodeUUID=ad8ae342-df06-4311-9d84-524877c98111, command=[]} | ret=SUCCESS |  
2019-09-12 10:31:50,424 | INFO  | SCMAudit | user=jenkins1000 | ip=192.168.36.114 | op=SEND_HEARTBEAT {datanodeUUID=caccd92c-2544-4e02-86cf-95849f240c1b, command=[]} | ret=SUCCESS |  
2019-09-12 10:31:50,425 | INFO  | SCMAudit | user=jenkins1000 | ip=192.168.36.114 | op=SEND_HEARTBEAT {datanodeUUID=d40ec8ee-ac9e-41d6-86bd-e74a05605b85, command=[]} | ret=SUCCESS |  
2019-09-12 10:31:50,092 [c54af6f8-a22e-478f-90e1-029d14059a99:group-D03399840855:LeaderElection91] INFO  segmented.SegmentedRaftLogWorker (SegmentedRaftLogWorker.java:startLogSegment(380)) - c54af6f8-a22e-478f-90e1-029d14059a99-SegmentedRaftLogWorker:Storage Directory /workdir/hadoop-ozone/integration-test/target/test-dir/MiniOzoneClusterImpl-87a68f7a-76d1-4e01-bf62-4b4b582b7243/datanode-3/data/ratis/ba64f88d-75bd-402c-9e31-d03399840855: Starting segment from index:0
2019-09-12 10:31:50,425 | INFO  | SCMAudit | user=jenkins1000 | ip=192.168.36.114 | op=SEND_HEARTBEAT {datanodeUUID=1349d5ba-07d4-450a-9218-4f0361201438, command=[]} | ret=SUCCESS |  
2019-09-12 10:31:50,413 [Thread-1161] INFO  impl.FollowerState (FollowerState.java:run(106)) - 334c5273-7871-4d53-8b37-de05e5a3be10:group-364E53036449 changes to CANDIDATE, lastRpcTime:5258, electionTimeout:5135ms
2019-09-12 10:31:50,413 [Thread-1167] INFO  impl.FollowerState (FollowerState.java:run(106)) - caccd92c-2544-4e02-86cf-95849f240c1b:group-6F7F9F28A891 changes to CANDIDATE, lastRpcTime:5175, electionTimeout:5056ms
2019-09-12 10:31:50,413 [Thread-1164] INFO  impl.FollowerState (FollowerState.java:run(106)) - caccd92c-2544-4e02-86cf-95849f240c1b:group-9E560FC5F4DD changes to CANDIDATE, lastRpcTime:5218, electionTimeout:5106ms
2019-09-12 10:31:50,406 [Thread-1170] INFO  impl.FollowerState (FollowerState.java:run(106)) - caccd92c-2544-4e02-86cf-95849f240c1b:group-E51F020481E7 changes to CANDIDATE, lastRpcTime:5137, electionTimeout:5091ms
2019-09-12 10:31:50,756 [Thread-1170] INFO  impl.RoleInfo (RoleInfo.java:shutdownFollowerState(121)) - caccd92c-2544-4e02-86cf-95849f240c1b: shutdown FollowerState
2019-09-12 10:31:50,406 [Thread-1173] INFO  impl.FollowerState (FollowerState.java:run(106)) - caccd92c-2544-4e02-86cf-95849f240c1b:group-3144F14AC6F4 changes to CANDIDATE, lastRpcTime:5105, electionTimeout:5075ms
2019-09-12 10:31:50,092 [c54af6f8-a22e-478f-90e1-029d14059a99:group-90411C99A9B7:LeaderElection90] INFO  impl.RaftServerImpl (ServerState.java:setRaftConf(361)) - c54af6f8-a22e-478f-90e1-029d14059a99:group-90411C99A9B7 set configuration 0: [c54af6f8-a22e-478f-90e1-029d14059a99:192.168.36.114:44604], old=null at 0
2019-09-12 10:31:50,092 [c54af6f8-a22e-478f-90e1-029d14059a99:group-AB0002CBDB7D:LeaderElection93] INFO  impl.RoleInfo (RoleInfo.java:updateAndGet(143)) - c54af6f8-a22e-478f-90e1-029d14059a99: start LeaderState
2019-09-12 10:31:50,091 [5dd0cd62-5770-41dd-9e5a-f3f3eedc40c1-SegmentedRaftLogWorker:Storage Directory /workdir/hadoop-ozone/integration-test/target/test-dir/MiniOzoneClusterImpl-d867a4e1-154a-4113-b5e4-c09c14df2894/datanode-0/data/ratis/1b023430-a498-4db3-9504-29bb7b513424] INFO  util.JmxRegister (JmxRegister.java:unregister(73)) - Successfully un-registered JMX Bean with object name Ratis:service=RaftServer,group=group-29BB7B513424,id=5dd0cd62-5770-41dd-9e5a-f3f3eedc40c1
2019-09-12 10:31:50,757 [5dd0cd62-5770-41dd-9e5a-f3f3eedc40c1-SegmentedRaftLogWorker:Storage Directory /workdir/hadoop-ozone/integration-test/target/test-dir/MiniOzoneClusterImpl-d867a4e1-154a-4113-b5e4-c09c14df2894/datanode-0/data/ratis/1b023430-a498-4db3-9504-29bb7b513424] INFO  impl.RoleInfo (RoleInfo.java:shutdownLeaderState(104)) - 5dd0cd62-5770-41dd-9e5a-f3f3eedc40c1: shutdown LeaderState
2019-09-12 10:31:50,090 [bcda0514-d42e-47ca-96fd-c0a633e872a8:group-B60FAFB357A7:LeaderElection94] INFO  segmented.SegmentedRaftLogWorker (SegmentedRaftLogWorker.java:startLogSegment(380)) - bcda0514-d42e-47ca-96fd-c0a633e872a8-SegmentedRaftLogWorker:Storage Directory /workdir/hadoop-ozone/integration-test/target/test-dir/MiniOzoneClusterImpl-87a68f7a-76d1-4e01-bf62-4b4b582b7243/datanode-4/data/ratis/fff3c739-e98e-4210-b845-b60fafb357a7: Starting segment from index:0
2019-09-12 10:31:50,090 [d40ec8ee-ac9e-41d6-86bd-e74a05605b85:group-F276089499DE:LeaderElection89] INFO  server.RaftServerConfigKeys (ConfUtils.java:logGet(43)) - raft.server.watch.timeout.denomination = 1s (default)
2019-09-12 10:31:50,757 [5dd0cd62-5770-41dd-9e5a-f3f3eedc40c1-SegmentedRaftLogWorker:Storage Directory /workdir/hadoop-ozone/integration-test/target/test-dir/MiniOzoneClusterImpl-d867a4e1-154a-4113-b5e4-c09c14df2894/datanode-0/data/ratis/1b023430-a498-4db3-9504-29bb7b513424] INFO  impl.PendingRequests (PendingRequests.java:sendNotLeaderResponses(202)) - 5dd0cd62-5770-41dd-9e5a-f3f3eedc40c1-PendingRequests: sendNotLeaderResponses
2019-09-12 10:31:50,757 [c54af6f8-a22e-478f-90e1-029d14059a99:group-AB0002CBDB7D:LeaderElection93] INFO  segmented.SegmentedRaftLogWorker (SegmentedRaftLogWorker.java:startLogSegment(380)) - c54af6f8-a22e-478f-90e1-029d14059a99-SegmentedRaftLogWorker:Storage Directory /workdir/hadoop-ozone/integration-test/target/test-dir/MiniOzoneClusterImpl-87a68f7a-76d1-4e01-bf62-4b4b582b7243/datanode-3/data/ratis/222435bf-d572-4427-80aa-ab0002cbdb7d: Starting segment from index:0
2019-09-12 10:31:50,756 [Thread-1173] INFO  impl.RoleInfo (RoleInfo.java:shutdownFollowerState(121)) - caccd92c-2544-4e02-86cf-95849f240c1b: shutdown FollowerState
2019-09-12 10:31:50,756 [Thread-1170] INFO  impl.RaftServerImpl (RaftServerImpl.java:setRole(171)) - caccd92c-2544-4e02-86cf-95849f240c1b:group-E51F020481E7 changes role from FOLLOWER to CANDIDATE at term 0 for changeToCandidate
2019-09-12 10:31:50,756 [Thread-1176] INFO  impl.FollowerState (FollowerState.java:run(106)) - caccd92c-2544-4e02-86cf-95849f240c1b:group-F5A874164D8C changes to CANDIDATE, lastRpcTime:5415, electionTimeout:5114ms
2019-09-12 10:31:50,756 [Thread-1179] INFO  impl.FollowerState (FollowerState.java:run(106)) - 334c5273-7871-4d53-8b37-de05e5a3be10:group-898BDD98D4FD changes to CANDIDATE, lastRpcTime:5374, electionTimeout:5128ms
2019-09-12 10:31:51,072 [Thread-1179] INFO  impl.RoleInfo (RoleInfo.java:shutdownFollowerState(121)) - 334c5273-7871-4d53-8b37-de05e5a3be10: shutdown FollowerState
2019-09-12 10:31:51,072 [Thread-1170] INFO  impl.RoleInfo (RoleInfo.java:updateAndGet(143)) - caccd92c-2544-4e02-86cf-95849f240c1b: start LeaderElection
2019-09-12 10:31:51,383 | INFO  | SCMAudit | user=jenkins1000 | ip=192.168.36.114 | op=SEND_HEARTBEAT {datanodeUUID=2cb9d557-cb56-4745-8686-5e72b62e748a, command=[]} | ret=SUCCESS |  
2019-09-12 10:31:51,383 | INFO  | SCMAudit | user=jenkins1000 | ip=192.168.36.114 | op=SEND_HEARTBEAT {datanodeUUID=c54af6f8-a22e-478f-90e1-029d14059a99, command=[]} | ret=SUCCESS |  
2019-09-12 10:31:51,383 | INFO  | SCMAudit | user=jenkins1000 | ip=192.168.36.114 | op=SEND_HEARTBEAT {datanodeUUID=d9d65fd8-d100-497d-8460-9a4cf62b4ad5, command=[]} | ret=SUCCESS |  
2019-09-12 10:31:51,384 | INFO  | SCMAudit | user=jenkins1000 | ip=192.168.36.114 | op=SEND_HEARTBEAT {datanodeUUID=accf000b-d7b7-4fa5-9682-da82c4451e10, command=[]} | ret=SUCCESS |  
2019-09-12 10:31:51,384 | INFO  | SCMAudit | user=jenkins1000 | ip=192.168.36.114 | op=SEND_HEARTBEAT {datanodeUUID=2d50b591-d6e4-490f-9fa0-973ad5423bd7, command=[]} | ret=SUCCESS |  
2019-09-12 10:31:50,756 [Thread-1182] INFO  impl.FollowerState (FollowerState.java:run(106)) - 334c5273-7871-4d53-8b37-de05e5a3be10:group-BE0A19DD7A8A changes to CANDIDATE, lastRpcTime:5336, electionTimeout:5101ms
2019-09-12 10:31:50,754 [Thread-1185] INFO  impl.FollowerState (FollowerState.java:run(106)) - 334c5273-7871-4d53-8b37-de05e5a3be10:group-840E66D6CF22 changes to CANDIDATE, lastRpcTime:5227, electionTimeout:5196ms
2019-09-12 10:31:50,425 [c54af6f8-a22e-478f-90e1-029d14059a99:group-D03399840855:LeaderElection91] INFO  impl.RaftServerImpl (ServerState.java:setRaftConf(361)) - c54af6f8-a22e-478f-90e1-029d14059a99:group-D03399840855 set configuration 0: [c54af6f8-a22e-478f-90e1-029d14059a99:192.168.36.114:44604], old=null at 0
2019-09-12 10:31:51,385 | INFO  | SCMAudit | user=jenkins1000 | ip=192.168.36.114 | op=SEND_HEARTBEAT {datanodeUUID=334c5273-7871-4d53-8b37-de05e5a3be10, command=[]} | ret=SUCCESS |  
2019-09-12 10:31:51,385 | INFO  | SCMAudit | user=jenkins1000 | ip=192.168.36.114 | op=SEND_HEARTBEAT {datanodeUUID=ff438662-24cf-49bb-bfc5-3308ec6d286b, command=[]} | ret=SUCCESS |  
2019-09-12 10:31:50,425 [Thread-1164] INFO  impl.RoleInfo (RoleInfo.java:shutdownFollowerState(121)) - caccd92c-2544-4e02-86cf-95849f240c1b: shutdown FollowerState
2019-09-12 10:31:50,425 [Thread-1167] INFO  impl.RoleInfo (RoleInfo.java:shutdownFollowerState(121)) - caccd92c-2544-4e02-86cf-95849f240c1b: shutdown FollowerState
2019-09-12 10:31:50,425 [Thread-1161] INFO  impl.RoleInfo (RoleInfo.java:shutdownFollowerState(121)) - 334c5273-7871-4d53-8b37-de05e5a3be10: shutdown FollowerState
2019-09-12 10:31:50,425 [pool-284-thread-1] INFO  ratis.ContainerStateMachine (ContainerStateMachine.java:loadSnapshot(226)) - group-6150B09B443E: The snapshot info is null. Setting the last applied indexto:(t:0, i:~)
2019-09-12 10:31:50,424 [5dd0cd62-5770-41dd-9e5a-f3f3eedc40c1-SegmentedRaftLogWorker:Storage Directory /workdir/hadoop-ozone/integration-test/target/test-dir/MiniOzoneClusterImpl-d867a4e1-154a-4113-b5e4-c09c14df2894/datanode-0/data/ratis/f3696f3b-a2d1-4fe7-b0e2-6aad921d85d9] INFO  segmented.SegmentedRaftLogWorker (SegmentedRaftLogWorker.java:close(228)) - 5dd0cd62-5770-41dd-9e5a-f3f3eedc40c1-SegmentedRaftLogWorker:Storage Directory /workdir/hadoop-ozone/integration-test/target/test-dir/MiniOzoneClusterImpl-d867a4e1-154a-4113-b5e4-c09c14df2894/datanode-0/data/ratis/f3696f3b-a2d1-4fe7-b0e2-6aad921d85d9 close()
2019-09-12 10:31:51,385 [pool-284-thread-1] INFO  server.RaftServerConfigKeys (ConfUtils.java:logGet(43)) - raft.server.leader.election.timeout = 120s (custom)
2019-09-12 10:31:51,385 [Thread-1161] INFO  impl.RaftServerImpl (RaftServerImpl.java:setRole(171)) - 334c5273-7871-4d53-8b37-de05e5a3be10:group-364E53036449 changes role from FOLLOWER to CANDIDATE at term 0 for changeToCandidate
2019-09-12 10:31:51,385 [Thread-1167] INFO  impl.RaftServerImpl (RaftServerImpl.java:setRole(171)) - caccd92c-2544-4e02-86cf-95849f240c1b:group-6F7F9F28A891 changes role from FOLLOWER to CANDIDATE at term 0 for changeToCandidate
2019-09-12 10:31:51,385 [Thread-1164] INFO  impl.RaftServerImpl (RaftServerImpl.java:setRole(171)) - caccd92c-2544-4e02-86cf-95849f240c1b:group-9E560FC5F4DD changes role from FOLLOWER to CANDIDATE at term 0 for changeToCandidate
2019-09-12 10:31:51,385 [Thread-1185] INFO  impl.RoleInfo (RoleInfo.java:shutdownFollowerState(121)) - 334c5273-7871-4d53-8b37-de05e5a3be10: shutdown FollowerState
2019-09-12 10:31:51,386 [Thread-1185] INFO  impl.RaftServerImpl (RaftServerImpl.java:setRole(171)) - 334c5273-7871-4d53-8b37-de05e5a3be10:group-840E66D6CF22 changes role from FOLLOWER to CANDIDATE at term 0 for changeToCandidate
2019-09-12 10:31:51,385 [Thread-1182] INFO  impl.RoleInfo (RoleInfo.java:shutdownFollowerState(121)) - 334c5273-7871-4d53-8b37-de05e5a3be10: shutdown FollowerState
2019-09-12 10:31:51,384 [c54af6f8-a22e-478f-90e1-029d14059a99:group-AB0002CBDB7D:LeaderElection93] INFO  impl.RaftServerImpl (ServerState.java:setRaftConf(361)) - c54af6f8-a22e-478f-90e1-029d14059a99:group-AB0002CBDB7D set configuration 0: [c54af6f8-a22e-478f-90e1-029d14059a99:192.168.36.114:44604], old=null at 0
2019-09-12 10:31:51,382 [Thread-1194] INFO  impl.FollowerState (FollowerState.java:run(106)) - ad8ae342-df06-4311-9d84-524877c98111:group-9C41041E3CF9 changes to CANDIDATE, lastRpcTime:5385, electionTimeout:5128ms
2019-09-12 10:31:51,386 [Thread-1194] INFO  impl.RoleInfo (RoleInfo.java:shutdownFollowerState(121)) - ad8ae342-df06-4311-9d84-524877c98111: shutdown FollowerState
2019-09-12 10:31:51,382 [Thread-1200] INFO  impl.FollowerState (FollowerState.java:run(106)) - ad8ae342-df06-4311-9d84-524877c98111:group-069D5722A351 changes to CANDIDATE, lastRpcTime:5296, electionTimeout:5113ms
2019-09-12 10:31:51,382 [Thread-1197] INFO  impl.FollowerState (FollowerState.java:run(106)) - ad8ae342-df06-4311-9d84-524877c98111:group-3B1A47D1DCD4 changes to CANDIDATE, lastRpcTime:5333, electionTimeout:5149ms
2019-09-12 10:31:51,382 [Thread-1206] INFO  impl.FollowerState (FollowerState.java:run(106)) - ad8ae342-df06-4311-9d84-524877c98111:group-66F56E0CF95C changes to CANDIDATE, lastRpcTime:5206, electionTimeout:5032ms
2019-09-12 10:31:51,387 [Thread-1206] INFO  impl.RoleInfo (RoleInfo.java:shutdownFollowerState(121)) - ad8ae342-df06-4311-9d84-524877c98111: shutdown FollowerState
2019-09-12 10:31:51,381 [d40ec8ee-ac9e-41d6-86bd-e74a05605b85-SegmentedRaftLogWorker:Storage Directory /workdir/hadoop-ozone/integration-test/target/test-dir/MiniOzoneClusterImpl-d867a4e1-154a-4113-b5e4-c09c14df2894/datanode-1/data/ratis/d5c5b42e-a142-4ae3-97bb-ae772b3e69ea] ERROR segmented.SegmentedRaftLogWorker (SegmentedRaftLogWorker.java:run(323)) - d40ec8ee-ac9e-41d6-86bd-e74a05605b85-SegmentedRaftLogWorker:Storage Directory /workdir/hadoop-ozone/integration-test/target/test-dir/MiniOzoneClusterImpl-d867a4e1-154a-4113-b5e4-c09c14df2894/datanode-1/data/ratis/d5c5b42e-a142-4ae3-97bb-ae772b3e69ea hit exception
java.lang.OutOfMemoryError: Direct buffer memory
	at java.nio.Bits.reserveMemory(Bits.java:666)
	at java.nio.DirectByteBuffer.<init>(DirectByteBuffer.java:123)
	at java.nio.ByteBuffer.allocateDirect(ByteBuffer.java:311)
	at org.apache.ratis.server.raftlog.segmented.BufferedWriteChannel.<init>(BufferedWriteChannel.java:41)
	at org.apache.ratis.server.raftlog.segmented.SegmentedRaftLogOutputStream.<init>(SegmentedRaftLogOutputStream.java:72)
	at org.apache.ratis.server.raftlog.segmented.SegmentedRaftLogWorker$StartLogSegment.execute(SegmentedRaftLogWorker.java:566)
	at org.apache.ratis.server.raftlog.segmented.SegmentedRaftLogWorker.run(SegmentedRaftLogWorker.java:289)
	at java.lang.Thread.run(Thread.java:748)
2019-09-12 10:31:51,381 [Thread-1203] INFO  impl.FollowerState (FollowerState.java:run(106)) - ad8ae342-df06-4311-9d84-524877c98111:group-4CE3EEA348CB changes to CANDIDATE, lastRpcTime:5240, electionTimeout:5187ms
2019-09-12 10:31:51,387 [Thread-1203] INFO  impl.RoleInfo (RoleInfo.java:shutdownFollowerState(121)) - ad8ae342-df06-4311-9d84-524877c98111: shutdown FollowerState
2019-09-12 10:31:51,381 [Thread-1209] INFO  impl.FollowerState (FollowerState.java:run(106)) - ad8ae342-df06-4311-9d84-524877c98111:group-AA6291B3F0BA changes to CANDIDATE, lastRpcTime:5151, electionTimeout:5123ms
2019-09-12 10:31:51,387 [Thread-1209] INFO  impl.RoleInfo (RoleInfo.java:shutdownFollowerState(121)) - ad8ae342-df06-4311-9d84-524877c98111: shutdown FollowerState
2019-09-12 10:31:51,072 [Thread-1179] INFO  impl.RaftServerImpl (RaftServerImpl.java:setRole(171)) - 334c5273-7871-4d53-8b37-de05e5a3be10:group-898BDD98D4FD changes role from FOLLOWER to CANDIDATE at term 0 for changeToCandidate
2019-09-12 10:31:51,072 [Thread-1176] INFO  impl.RoleInfo (RoleInfo.java:shutdownFollowerState(121)) - caccd92c-2544-4e02-86cf-95849f240c1b: shutdown FollowerState
2019-09-12 10:31:51,072 [Thread-1173] INFO  impl.RaftServerImpl (RaftServerImpl.java:setRole(171)) - caccd92c-2544-4e02-86cf-95849f240c1b:group-3144F14AC6F4 changes role from FOLLOWER to CANDIDATE at term 0 for changeToCandidate
2019-09-12 10:31:51,071 [5dd0cd62-5770-41dd-9e5a-f3f3eedc40c1-SegmentedRaftLogWorker:Storage Directory /workdir/hadoop-ozone/integration-test/target/test-dir/MiniOzoneClusterImpl-d867a4e1-154a-4113-b5e4-c09c14df2894/datanode-0/data/ratis/1b023430-a498-4db3-9504-29bb7b513424] INFO  impl.StateMachineUpdater (StateMachineUpdater.java:stopAndJoin(115)) - StateMachineUpdater:5dd0cd62-5770-41dd-9e5a-f3f3eedc40c1:group-29BB7B513424: set stopIndex = -1
2019-09-12 10:31:51,071 [bcda0514-d42e-47ca-96fd-c0a633e872a8:group-B60FAFB357A7:LeaderElection94] INFO  impl.RaftServerImpl (ServerState.java:setRaftConf(361)) - bcda0514-d42e-47ca-96fd-c0a633e872a8:group-B60FAFB357A7 set configuration 0: [bcda0514-d42e-47ca-96fd-c0a633e872a8:192.168.36.114:33684], old=null at 0
2019-09-12 10:31:51,071 [Thread-1188] INFO  impl.FollowerState (FollowerState.java:run(106)) - 334c5273-7871-4d53-8b37-de05e5a3be10:group-ECEBA98C9439 changes to CANDIDATE, lastRpcTime:5470, electionTimeout:5187ms
2019-09-12 10:31:51,388 [Thread-1188] INFO  impl.RoleInfo (RoleInfo.java:shutdownFollowerState(121)) - 334c5273-7871-4d53-8b37-de05e5a3be10: shutdown FollowerState
2019-09-12 10:31:51,388 [Thread-1188] INFO  impl.RaftServerImpl (RaftServerImpl.java:setRole(171)) - 334c5273-7871-4d53-8b37-de05e5a3be10:group-ECEBA98C9439 changes role from FOLLOWER to CANDIDATE at term 0 for changeToCandidate
2019-09-12 10:31:51,071 [Thread-1191] INFO  impl.FollowerState (FollowerState.java:run(106)) - 334c5273-7871-4d53-8b37-de05e5a3be10:group-EDE8C272DE80 changes to CANDIDATE, lastRpcTime:5392, electionTimeout:5138ms
2019-09-12 10:31:51,071 [d40ec8ee-ac9e-41d6-86bd-e74a05605b85-SegmentedRaftLogWorker:Storage Directory /workdir/hadoop-ozone/integration-test/target/test-dir/MiniOzoneClusterImpl-d867a4e1-154a-4113-b5e4-c09c14df2894/datanode-1/data/ratis/ec5b79b0-8264-4959-b2fb-1add3f382895] ERROR segmented.SegmentedRaftLogWorker (SegmentedRaftLogWorker.java:run(323)) - d40ec8ee-ac9e-41d6-86bd-e74a05605b85-SegmentedRaftLogWorker:Storage Directory /workdir/hadoop-ozone/integration-test/target/test-dir/MiniOzoneClusterImpl-d867a4e1-154a-4113-b5e4-c09c14df2894/datanode-1/data/ratis/ec5b79b0-8264-4959-b2fb-1add3f382895 hit exception
java.lang.OutOfMemoryError: Direct buffer memory
	at java.nio.Bits.reserveMemory(Bits.java:666)
	at java.nio.DirectByteBuffer.<init>(DirectByteBuffer.java:123)
	at java.nio.ByteBuffer.allocateDirect(ByteBuffer.java:311)
	at org.apache.ratis.server.raftlog.segmented.BufferedWriteChannel.<init>(BufferedWriteChannel.java:41)
	at org.apache.ratis.server.raftlog.segmented.SegmentedRaftLogOutputStream.<init>(SegmentedRaftLogOutputStream.java:72)
	at org.apache.ratis.server.raftlog.segmented.SegmentedRaftLogWorker$StartLogSegment.execute(SegmentedRaftLogWorker.java:566)
	at org.apache.ratis.server.raftlog.segmented.SegmentedRaftLogWorker.run(SegmentedRaftLogWorker.java:289)
	at java.lang.Thread.run(Thread.java:748)
2019-09-12 10:31:51,389 [d40ec8ee-ac9e-41d6-86bd-e74a05605b85-SegmentedRaftLogWorker:Storage Directory /workdir/hadoop-ozone/integration-test/target/test-dir/MiniOzoneClusterImpl-d867a4e1-154a-4113-b5e4-c09c14df2894/datanode-1/data/ratis/ec5b79b0-8264-4959-b2fb-1add3f382895] INFO  impl.RaftServerImpl (RaftServerImpl.java:lambda$shutdown$3(245)) - d40ec8ee-ac9e-41d6-86bd-e74a05605b85: shutdown group-1ADD3F382895
2019-09-12 10:31:51,071 [d40ec8ee-ac9e-41d6-86bd-e74a05605b85-SegmentedRaftLogWorker:Storage Directory /workdir/hadoop-ozone/integration-test/target/test-dir/MiniOzoneClusterImpl-d867a4e1-154a-4113-b5e4-c09c14df2894/datanode-1/data/ratis/b315a697-c258-4b16-baaf-943ef8edf8a3] ERROR segmented.SegmentedRaftLogWorker (SegmentedRaftLogWorker.java:run(323)) - d40ec8ee-ac9e-41d6-86bd-e74a05605b85-SegmentedRaftLogWorker:Storage Directory /workdir/hadoop-ozone/integration-test/target/test-dir/MiniOzoneClusterImpl-d867a4e1-154a-4113-b5e4-c09c14df2894/datanode-1/data/ratis/b315a697-c258-4b16-baaf-943ef8edf8a3 hit exception
java.lang.OutOfMemoryError: Direct buffer memory
	at java.nio.Bits.reserveMemory(Bits.java:666)
	at java.nio.DirectByteBuffer.<init>(DirectByteBuffer.java:123)
	at java.nio.ByteBuffer.allocateDirect(ByteBuffer.java:311)
	at org.apache.ratis.server.raftlog.segmented.BufferedWriteChannel.<init>(BufferedWriteChannel.java:41)
	at org.apache.ratis.server.raftlog.segmented.SegmentedRaftLogOutputStream.<init>(SegmentedRaftLogOutputStream.java:72)
	at org.apache.ratis.server.raftlog.segmented.SegmentedRaftLogWorker$StartLogSegment.execute(SegmentedRaftLogWorker.java:566)
	at org.apache.ratis.server.raftlog.segmented.SegmentedRaftLogWorker.run(SegmentedRaftLogWorker.java:289)
	at java.lang.Thread.run(Thread.java:748)
2019-09-12 10:31:51,389 [d40ec8ee-ac9e-41d6-86bd-e74a05605b85-SegmentedRaftLogWorker:Storage Directory /workdir/hadoop-ozone/integration-test/target/test-dir/MiniOzoneClusterImpl-d867a4e1-154a-4113-b5e4-c09c14df2894/datanode-1/data/ratis/b315a697-c258-4b16-baaf-943ef8edf8a3] INFO  impl.RaftServerImpl (RaftServerImpl.java:lambda$shutdown$3(245)) - d40ec8ee-ac9e-41d6-86bd-e74a05605b85: shutdown group-943EF8EDF8A3
2019-09-12 10:31:50,757 [d40ec8ee-ac9e-41d6-86bd-e74a05605b85:group-F276089499DE:LeaderElection89] INFO  server.RaftServerConfigKeys (ConfUtils.java:logGet(43)) - raft.server.watch.element-limit = 65536 (default)
2019-09-12 10:31:51,389 [d40ec8ee-ac9e-41d6-86bd-e74a05605b85-SegmentedRaftLogWorker:Storage Directory /workdir/hadoop-ozone/integration-test/target/test-dir/MiniOzoneClusterImpl-d867a4e1-154a-4113-b5e4-c09c14df2894/datanode-1/data/ratis/b315a697-c258-4b16-baaf-943ef8edf8a3] INFO  util.JmxRegister (JmxRegister.java:unregister(73)) - Successfully un-registered JMX Bean with object name Ratis:service=RaftServer,group=group-943EF8EDF8A3,id=d40ec8ee-ac9e-41d6-86bd-e74a05605b85
2019-09-12 10:31:51,390 [d40ec8ee-ac9e-41d6-86bd-e74a05605b85-SegmentedRaftLogWorker:Storage Directory /workdir/hadoop-ozone/integration-test/target/test-dir/MiniOzoneClusterImpl-d867a4e1-154a-4113-b5e4-c09c14df2894/datanode-1/data/ratis/b315a697-c258-4b16-baaf-943ef8edf8a3] INFO  impl.RoleInfo (RoleInfo.java:shutdownLeaderState(104)) - d40ec8ee-ac9e-41d6-86bd-e74a05605b85: shutdown LeaderState
2019-09-12 10:31:51,389 [d40ec8ee-ac9e-41d6-86bd-e74a05605b85-SegmentedRaftLogWorker:Storage Directory /workdir/hadoop-ozone/integration-test/target/test-dir/MiniOzoneClusterImpl-d867a4e1-154a-4113-b5e4-c09c14df2894/datanode-1/data/ratis/ec5b79b0-8264-4959-b2fb-1add3f382895] INFO  util.JmxRegister (JmxRegister.java:unregister(73)) - Successfully un-registered JMX Bean with object name Ratis:service=RaftServer,group=group-1ADD3F382895,id=d40ec8ee-ac9e-41d6-86bd-e74a05605b85
2019-09-12 10:31:51,390 [d40ec8ee-ac9e-41d6-86bd-e74a05605b85-SegmentedRaftLogWorker:Storage Directory /workdir/hadoop-ozone/integration-test/target/test-dir/MiniOzoneClusterImpl-d867a4e1-154a-4113-b5e4-c09c14df2894/datanode-1/data/ratis/ec5b79b0-8264-4959-b2fb-1add3f382895] INFO  impl.RoleInfo (RoleInfo.java:shutdownLeaderState(104)) - d40ec8ee-ac9e-41d6-86bd-e74a05605b85: shutdown LeaderState
2019-09-12 10:31:51,389 [Thread-1191] INFO  impl.RoleInfo (RoleInfo.java:shutdownFollowerState(121)) - 334c5273-7871-4d53-8b37-de05e5a3be10: shutdown FollowerState
2019-09-12 10:31:51,388 [Thread-1188] INFO  impl.RoleInfo (RoleInfo.java:updateAndGet(143)) - 334c5273-7871-4d53-8b37-de05e5a3be10: start LeaderElection
2019-09-12 10:31:51,388 [5dd0cd62-5770-41dd-9e5a-f3f3eedc40c1-SegmentedRaftLogWorker:Storage Directory /workdir/hadoop-ozone/integration-test/target/test-dir/MiniOzoneClusterImpl-d867a4e1-154a-4113-b5e4-c09c14df2894/datanode-0/data/ratis/1b023430-a498-4db3-9504-29bb7b513424] INFO  impl.RaftServerImpl (ServerState.java:close(394)) - 5dd0cd62-5770-41dd-9e5a-f3f3eedc40c1:group-29BB7B513424 closes. The last applied log index is -1
2019-09-12 10:31:51,388 [Thread-1173] INFO  impl.RoleInfo (RoleInfo.java:updateAndGet(143)) - caccd92c-2544-4e02-86cf-95849f240c1b: start LeaderElection
2019-09-12 10:31:51,388 [Thread-1176] INFO  impl.RaftServerImpl (RaftServerImpl.java:setRole(171)) - caccd92c-2544-4e02-86cf-95849f240c1b:group-F5A874164D8C changes role from FOLLOWER to CANDIDATE at term 0 for changeToCandidate
2019-09-12 10:31:51,387 [Thread-1179] INFO  impl.RoleInfo (RoleInfo.java:updateAndGet(143)) - 334c5273-7871-4d53-8b37-de05e5a3be10: start LeaderElection
2019-09-12 10:31:51,387 [Thread-1209] INFO  impl.RaftServerImpl (RaftServerImpl.java:setRole(171)) - ad8ae342-df06-4311-9d84-524877c98111:group-AA6291B3F0BA changes role from FOLLOWER to CANDIDATE at term 0 for changeToCandidate
2019-09-12 10:31:51,387 [Thread-1203] INFO  impl.RaftServerImpl (RaftServerImpl.java:setRole(171)) - ad8ae342-df06-4311-9d84-524877c98111:group-4CE3EEA348CB changes role from FOLLOWER to CANDIDATE at term 0 for changeToCandidate
2019-09-12 10:31:51,387 [d40ec8ee-ac9e-41d6-86bd-e74a05605b85-SegmentedRaftLogWorker:Storage Directory /workdir/hadoop-ozone/integration-test/target/test-dir/MiniOzoneClusterImpl-d867a4e1-154a-4113-b5e4-c09c14df2894/datanode-1/data/ratis/d5c5b42e-a142-4ae3-97bb-ae772b3e69ea] INFO  impl.RaftServerImpl (RaftServerImpl.java:lambda$shutdown$3(245)) - d40ec8ee-ac9e-41d6-86bd-e74a05605b85: shutdown group-AE772B3E69EA
2019-09-12 10:31:51,387 [Thread-1206] INFO  impl.RaftServerImpl (RaftServerImpl.java:setRole(171)) - ad8ae342-df06-4311-9d84-524877c98111:group-66F56E0CF95C changes role from FOLLOWER to CANDIDATE at term 0 for changeToCandidate
2019-09-12 10:31:51,387 [Thread-1197] INFO  impl.RoleInfo (RoleInfo.java:shutdownFollowerState(121)) - ad8ae342-df06-4311-9d84-524877c98111: shutdown FollowerState
2019-09-12 10:31:51,392 [Thread-1197] INFO  impl.RaftServerImpl (RaftServerImpl.java:setRole(171)) - ad8ae342-df06-4311-9d84-524877c98111:group-3B1A47D1DCD4 changes role from FOLLOWER to CANDIDATE at term 0 for changeToCandidate
2019-09-12 10:31:51,386 [Thread-1200] INFO  impl.RoleInfo (RoleInfo.java:shutdownFollowerState(121)) - ad8ae342-df06-4311-9d84-524877c98111: shutdown FollowerState
2019-09-12 10:31:51,386 [Thread-1194] INFO  impl.RaftServerImpl (RaftServerImpl.java:setRole(171)) - ad8ae342-df06-4311-9d84-524877c98111:group-9C41041E3CF9 changes role from FOLLOWER to CANDIDATE at term 0 for changeToCandidate
2019-09-12 10:31:51,386 [Thread-1182] INFO  impl.RaftServerImpl (RaftServerImpl.java:setRole(171)) - 334c5273-7871-4d53-8b37-de05e5a3be10:group-BE0A19DD7A8A changes role from FOLLOWER to CANDIDATE at term 0 for changeToCandidate
2019-09-12 10:31:51,386 [Thread-1185] INFO  impl.RoleInfo (RoleInfo.java:updateAndGet(143)) - 334c5273-7871-4d53-8b37-de05e5a3be10: start LeaderElection
2019-09-12 10:31:51,386 [Thread-1164] INFO  impl.RoleInfo (RoleInfo.java:updateAndGet(143)) - caccd92c-2544-4e02-86cf-95849f240c1b: start LeaderElection
2019-09-12 10:31:51,386 [Thread-1167] INFO  impl.RoleInfo (RoleInfo.java:updateAndGet(143)) - caccd92c-2544-4e02-86cf-95849f240c1b: start LeaderElection
2019-09-12 10:31:51,386 [Thread-1161] INFO  impl.RoleInfo (RoleInfo.java:updateAndGet(143)) - 334c5273-7871-4d53-8b37-de05e5a3be10: start LeaderElection
2019-09-12 10:31:51,386 [pool-284-thread-1] INFO  server.RaftServerConfigKeys (ConfUtils.java:logGet(43)) - raft.server.log.use.memory = false (default)
2019-09-12 10:31:51,392 [Thread-1182] INFO  impl.RoleInfo (RoleInfo.java:updateAndGet(143)) - 334c5273-7871-4d53-8b37-de05e5a3be10: start LeaderElection
2019-09-12 10:31:51,392 [Thread-1194] INFO  impl.RoleInfo (RoleInfo.java:updateAndGet(143)) - ad8ae342-df06-4311-9d84-524877c98111: start LeaderElection
2019-09-12 10:31:51,392 [Thread-1200] INFO  impl.RaftServerImpl (RaftServerImpl.java:setRole(171)) - ad8ae342-df06-4311-9d84-524877c98111:group-069D5722A351 changes role from FOLLOWER to CANDIDATE at term 0 for changeToCandidate
2019-09-12 10:31:51,392 [Thread-1197] INFO  impl.RoleInfo (RoleInfo.java:updateAndGet(143)) - ad8ae342-df06-4311-9d84-524877c98111: start LeaderElection
2019-09-12 10:31:51,392 [Thread-1206] INFO  impl.RoleInfo (RoleInfo.java:updateAndGet(143)) - ad8ae342-df06-4311-9d84-524877c98111: start LeaderElection
2019-09-12 10:31:51,391 [d40ec8ee-ac9e-41d6-86bd-e74a05605b85-SegmentedRaftLogWorker:Storage Directory /workdir/hadoop-ozone/integration-test/target/test-dir/MiniOzoneClusterImpl-d867a4e1-154a-4113-b5e4-c09c14df2894/datanode-1/data/ratis/d5c5b42e-a142-4ae3-97bb-ae772b3e69ea] INFO  util.JmxRegister (JmxRegister.java:unregister(73)) - Successfully un-registered JMX Bean with object name Ratis:service=RaftServer,group=group-AE772B3E69EA,id=d40ec8ee-ac9e-41d6-86bd-e74a05605b85
2019-09-12 10:31:51,391 [Thread-1203] INFO  impl.RoleInfo (RoleInfo.java:updateAndGet(143)) - ad8ae342-df06-4311-9d84-524877c98111: start LeaderElection
2019-09-12 10:31:51,391 [Thread-1209] INFO  impl.RoleInfo (RoleInfo.java:updateAndGet(143)) - ad8ae342-df06-4311-9d84-524877c98111: start LeaderElection
2019-09-12 10:31:51,391 [Thread-1176] INFO  impl.RoleInfo (RoleInfo.java:updateAndGet(143)) - caccd92c-2544-4e02-86cf-95849f240c1b: start LeaderElection
2019-09-12 10:31:51,391 [5dd0cd62-5770-41dd-9e5a-f3f3eedc40c1-SegmentedRaftLogWorker:Storage Directory /workdir/hadoop-ozone/integration-test/target/test-dir/MiniOzoneClusterImpl-d867a4e1-154a-4113-b5e4-c09c14df2894/datanode-0/data/ratis/1b023430-a498-4db3-9504-29bb7b513424] INFO  segmented.SegmentedRaftLogWorker (SegmentedRaftLogWorker.java:close(228)) - 5dd0cd62-5770-41dd-9e5a-f3f3eedc40c1-SegmentedRaftLogWorker:Storage Directory /workdir/hadoop-ozone/integration-test/target/test-dir/MiniOzoneClusterImpl-d867a4e1-154a-4113-b5e4-c09c14df2894/datanode-0/data/ratis/1b023430-a498-4db3-9504-29bb7b513424 close()
2019-09-12 10:31:51,390 [Thread-1191] INFO  impl.RaftServerImpl (RaftServerImpl.java:setRole(171)) - 334c5273-7871-4d53-8b37-de05e5a3be10:group-EDE8C272DE80 changes role from FOLLOWER to CANDIDATE at term 0 for changeToCandidate
2019-09-12 10:31:51,390 [d40ec8ee-ac9e-41d6-86bd-e74a05605b85-SegmentedRaftLogWorker:Storage Directory /workdir/hadoop-ozone/integration-test/target/test-dir/MiniOzoneClusterImpl-d867a4e1-154a-4113-b5e4-c09c14df2894/datanode-1/data/ratis/ec5b79b0-8264-4959-b2fb-1add3f382895] INFO  impl.PendingRequests (PendingRequests.java:sendNotLeaderResponses(202)) - d40ec8ee-ac9e-41d6-86bd-e74a05605b85-PendingRequests: sendNotLeaderResponses
2019-09-12 10:31:51,390 [RATISCREATEPIPELINE1] ERROR pipeline.RatisPipelineProvider (RatisPipelineProvider.java:lambda$null$2(190)) - Failed invoke Ratis rpc org.apache.hadoop.hdds.scm.pipeline.RatisPipelineProvider$$Lambda$167/230980499@2f140d2a for d9d65fd8-d100-497d-8460-9a4cf62b4ad5
org.apache.ratis.protocol.TimeoutIOException: deadline exceeded after 2999805788ns
	at org.apache.ratis.grpc.GrpcUtil.tryUnwrapException(GrpcUtil.java:82)
	at org.apache.ratis.grpc.GrpcUtil.unwrapException(GrpcUtil.java:75)
	at org.apache.ratis.grpc.client.GrpcClientProtocolClient.blockingCall(GrpcClientProtocolClient.java:169)
	at org.apache.ratis.grpc.client.GrpcClientProtocolClient.groupAdd(GrpcClientProtocolClient.java:138)
	at org.apache.ratis.grpc.client.GrpcClientRpc.sendRequest(GrpcClientRpc.java:94)
	at org.apache.ratis.client.impl.RaftClientImpl.sendRequest(RaftClientImpl.java:279)
	at org.apache.ratis.client.impl.RaftClientImpl.groupAdd(RaftClientImpl.java:206)
	at org.apache.hadoop.hdds.scm.pipeline.RatisPipelineProvider.lambda$initializePipeline$1(RatisPipelineProvider.java:149)
	at org.apache.hadoop.hdds.scm.pipeline.RatisPipelineProvider.lambda$null$2(RatisPipelineProvider.java:186)
	at java.util.stream.ForEachOps$ForEachOp$OfRef.accept(ForEachOps.java:184)
	at java.util.ArrayList$ArrayListSpliterator.forEachRemaining(ArrayList.java:1382)
	at java.util.stream.AbstractPipeline.copyInto(AbstractPipeline.java:482)
	at java.util.stream.ForEachOps$ForEachTask.compute(ForEachOps.java:291)
	at java.util.concurrent.CountedCompleter.exec(CountedCompleter.java:731)
	at java.util.concurrent.ForkJoinTask.doExec(ForkJoinTask.java:289)
	at java.util.concurrent.ForkJoinTask.doInvoke(ForkJoinTask.java:401)
	at java.util.concurrent.ForkJoinTask.invoke(ForkJoinTask.java:734)
	at java.util.stream.ForEachOps$ForEachOp.evaluateParallel(ForEachOps.java:160)
	at java.util.stream.ForEachOps$ForEachOp$OfRef.evaluateParallel(ForEachOps.java:174)
	at java.util.stream.AbstractPipeline.evaluate(AbstractPipeline.java:233)
	at java.util.stream.ReferencePipeline.forEach(ReferencePipeline.java:418)
	at java.util.stream.ReferencePipeline$Head.forEach(ReferencePipeline.java:583)
	at org.apache.hadoop.hdds.scm.pipeline.RatisPipelineProvider.lambda$callRatisRpc$3(RatisPipelineProvider.java:180)
	at java.util.concurrent.ForkJoinTask$AdaptedRunnableAction.exec(ForkJoinTask.java:1386)
	at java.util.concurrent.ForkJoinTask.doExec(ForkJoinTask.java:289)
	at java.util.concurrent.ForkJoinPool$WorkQueue.runTask(ForkJoinPool.java:1056)
	at java.util.concurrent.ForkJoinPool.runWorker(ForkJoinPool.java:1692)
	at java.util.concurrent.ForkJoinWorkerThread.run(ForkJoinWorkerThread.java:157)
Caused by: org.apache.ratis.thirdparty.io.grpc.StatusRuntimeException: DEADLINE_EXCEEDED: deadline exceeded after 2999805788ns
	at org.apache.ratis.thirdparty.io.grpc.stub.ClientCalls.toStatusRuntimeException(ClientCalls.java:233)
	at org.apache.ratis.thirdparty.io.grpc.stub.ClientCalls.getUnchecked(ClientCalls.java:214)
	at org.apache.ratis.thirdparty.io.grpc.stub.ClientCalls.blockingUnaryCall(ClientCalls.java:139)
	at org.apache.ratis.proto.grpc.AdminProtocolServiceGrpc$AdminProtocolServiceBlockingStub.groupManagement(AdminProtocolServiceGrpc.java:274)
	at org.apache.ratis.grpc.client.GrpcClientProtocolClient.lambda$groupAdd$3(GrpcClientProtocolClient.java:140)
	at org.apache.ratis.grpc.client.GrpcClientProtocolClient.blockingCall(GrpcClientProtocolClient.java:167)
	... 25 more
2019-09-12 10:31:51,390 [d40ec8ee-ac9e-41d6-86bd-e74a05605b85-SegmentedRaftLogWorker:Storage Directory /workdir/hadoop-ozone/integration-test/target/test-dir/MiniOzoneClusterImpl-d867a4e1-154a-4113-b5e4-c09c14df2894/datanode-1/data/ratis/b315a697-c258-4b16-baaf-943ef8edf8a3] INFO  impl.PendingRequests (PendingRequests.java:sendNotLeaderResponses(202)) - d40ec8ee-ac9e-41d6-86bd-e74a05605b85-PendingRequests: sendNotLeaderResponses
2019-09-12 10:31:51,390 [d40ec8ee-ac9e-41d6-86bd-e74a05605b85:group-F276089499DE:LeaderElection89] INFO  impl.RoleInfo (RoleInfo.java:updateAndGet(143)) - d40ec8ee-ac9e-41d6-86bd-e74a05605b85: start LeaderState
2019-09-12 10:31:51,403 [d40ec8ee-ac9e-41d6-86bd-e74a05605b85-SegmentedRaftLogWorker:Storage Directory /workdir/hadoop-ozone/integration-test/target/test-dir/MiniOzoneClusterImpl-d867a4e1-154a-4113-b5e4-c09c14df2894/datanode-1/data/ratis/b315a697-c258-4b16-baaf-943ef8edf8a3] INFO  impl.StateMachineUpdater (StateMachineUpdater.java:stopAndJoin(115)) - StateMachineUpdater:d40ec8ee-ac9e-41d6-86bd-e74a05605b85:group-943EF8EDF8A3: set stopIndex = -1
2019-09-12 10:31:51,394 [d40ec8ee-ac9e-41d6-86bd-e74a05605b85-SegmentedRaftLogWorker:Storage Directory /workdir/hadoop-ozone/integration-test/target/test-dir/MiniOzoneClusterImpl-d867a4e1-154a-4113-b5e4-c09c14df2894/datanode-1/data/ratis/ec5b79b0-8264-4959-b2fb-1add3f382895] INFO  impl.StateMachineUpdater (StateMachineUpdater.java:stopAndJoin(115)) - StateMachineUpdater:d40ec8ee-ac9e-41d6-86bd-e74a05605b85:group-1ADD3F382895: set stopIndex = -1
2019-09-12 10:31:51,404 [RatisPipelineUtilsThread] ERROR pipeline.SCMPipelineManager (SCMPipelineManager.java:createPipeline(161)) - Pipeline creation failed due to exception: Failed invoke Ratis rpc org.apache.hadoop.hdds.scm.pipeline.RatisPipelineProvider$$Lambda$167/230980499@2f140d2a for d9d65fd8-d100-497d-8460-9a4cf62b4ad5
2019-09-12 10:31:51,394 [Thread-1191] INFO  impl.RoleInfo (RoleInfo.java:updateAndGet(143)) - 334c5273-7871-4d53-8b37-de05e5a3be10: start LeaderElection
2019-09-12 10:31:51,394 [Thread-1200] INFO  impl.RoleInfo (RoleInfo.java:updateAndGet(143)) - ad8ae342-df06-4311-9d84-524877c98111: start LeaderElection
2019-09-12 10:31:51,394 [d40ec8ee-ac9e-41d6-86bd-e74a05605b85-SegmentedRaftLogWorker:Storage Directory /workdir/hadoop-ozone/integration-test/target/test-dir/MiniOzoneClusterImpl-d867a4e1-154a-4113-b5e4-c09c14df2894/datanode-1/data/ratis/d5c5b42e-a142-4ae3-97bb-ae772b3e69ea] INFO  impl.RoleInfo (RoleInfo.java:shutdownLeaderState(104)) - d40ec8ee-ac9e-41d6-86bd-e74a05605b85: shutdown LeaderState
2019-09-12 10:31:51,393 [pool-284-thread-1] INFO  server.RaftServerConfigKeys (ConfUtils.java:logGet(43)) - raft.server.log.purge.gap = 1000000 (custom)
2019-09-12 10:31:51,404 [d40ec8ee-ac9e-41d6-86bd-e74a05605b85-SegmentedRaftLogWorker:Storage Directory /workdir/hadoop-ozone/integration-test/target/test-dir/MiniOzoneClusterImpl-d867a4e1-154a-4113-b5e4-c09c14df2894/datanode-1/data/ratis/d5c5b42e-a142-4ae3-97bb-ae772b3e69ea] INFO  impl.PendingRequests (PendingRequests.java:sendNotLeaderResponses(202)) - d40ec8ee-ac9e-41d6-86bd-e74a05605b85-PendingRequests: sendNotLeaderResponses
2019-09-12 10:31:51,404 [RatisPipelineUtilsThread] ERROR pipeline.PipelinePlacementPolicy (PipelinePlacementPolicy.java:meetCriteria(92)) - Pipeline Placement: Doesn't meet the criteria to be viable node. Heaviness: 6
2019-09-12 10:31:51,405 [RatisPipelineUtilsThread] ERROR pipeline.PipelinePlacementPolicy (PipelinePlacementPolicy.java:meetCriteria(92)) - Pipeline Placement: Doesn't meet the criteria to be viable node. Heaviness: 6
2019-09-12 10:31:51,405 [RatisPipelineUtilsThread] ERROR pipeline.PipelinePlacementPolicy (PipelinePlacementPolicy.java:meetCriteria(92)) - Pipeline Placement: Doesn't meet the criteria to be viable node. Heaviness: 6
2019-09-12 10:31:51,405 [RatisPipelineUtilsThread] ERROR pipeline.PipelinePlacementPolicy (PipelinePlacementPolicy.java:meetCriteria(92)) - Pipeline Placement: Doesn't meet the criteria to be viable node. Heaviness: 6
2019-09-12 10:31:51,405 [RatisPipelineUtilsThread] ERROR pipeline.PipelinePlacementPolicy (PipelinePlacementPolicy.java:meetCriteria(92)) - Pipeline Placement: Doesn't meet the criteria to be viable node. Heaviness: 6
2019-09-12 10:31:51,405 [RatisPipelineUtilsThread] ERROR pipeline.PipelinePlacementPolicy (PipelinePlacementPolicy.java:meetCriteria(92)) - Pipeline Placement: Doesn't meet the criteria to be viable node. Heaviness: 6
2019-09-12 10:31:51,404 [d40ec8ee-ac9e-41d6-86bd-e74a05605b85-SegmentedRaftLogWorker:Storage Directory /workdir/hadoop-ozone/integration-test/target/test-dir/MiniOzoneClusterImpl-d867a4e1-154a-4113-b5e4-c09c14df2894/datanode-1/data/ratis/ec5b79b0-8264-4959-b2fb-1add3f382895] INFO  impl.RaftServerImpl (ServerState.java:close(394)) - d40ec8ee-ac9e-41d6-86bd-e74a05605b85:group-1ADD3F382895 closes. The last applied log index is -1
2019-09-12 10:31:51,404 [d40ec8ee-ac9e-41d6-86bd-e74a05605b85:group-F276089499DE:LeaderElection89] INFO  segmented.SegmentedRaftLogWorker (SegmentedRaftLogWorker.java:startLogSegment(380)) - d40ec8ee-ac9e-41d6-86bd-e74a05605b85-SegmentedRaftLogWorker:Storage Directory /workdir/hadoop-ozone/integration-test/target/test-dir/MiniOzoneClusterImpl-d867a4e1-154a-4113-b5e4-c09c14df2894/datanode-1/data/ratis/7f05e766-691f-450c-bedb-f276089499de: Starting segment from index:0
2019-09-12 10:31:51,404 [d40ec8ee-ac9e-41d6-86bd-e74a05605b85-SegmentedRaftLogWorker:Storage Directory /workdir/hadoop-ozone/integration-test/target/test-dir/MiniOzoneClusterImpl-d867a4e1-154a-4113-b5e4-c09c14df2894/datanode-1/data/ratis/b315a697-c258-4b16-baaf-943ef8edf8a3] INFO  impl.RaftServerImpl (ServerState.java:close(394)) - d40ec8ee-ac9e-41d6-86bd-e74a05605b85:group-943EF8EDF8A3 closes. The last applied log index is -1
2019-09-12 10:31:51,405 [d40ec8ee-ac9e-41d6-86bd-e74a05605b85-SegmentedRaftLogWorker:Storage Directory /workdir/hadoop-ozone/integration-test/target/test-dir/MiniOzoneClusterImpl-d867a4e1-154a-4113-b5e4-c09c14df2894/datanode-1/data/ratis/ec5b79b0-8264-4959-b2fb-1add3f382895] INFO  segmented.SegmentedRaftLogWorker (SegmentedRaftLogWorker.java:close(228)) - d40ec8ee-ac9e-41d6-86bd-e74a05605b85-SegmentedRaftLogWorker:Storage Directory /workdir/hadoop-ozone/integration-test/target/test-dir/MiniOzoneClusterImpl-d867a4e1-154a-4113-b5e4-c09c14df2894/datanode-1/data/ratis/ec5b79b0-8264-4959-b2fb-1add3f382895 close()
2019-09-12 10:31:51,405 [RatisPipelineUtilsThread] ERROR pipeline.PipelinePlacementPolicy (PipelinePlacementPolicy.java:filterViableNodes(147)) - Unable to find enough nodes that meet the criteria that cannot engage in more than 5 pipelines. Nodes required: 3 Found: 1, healthy nodes count inNodeManager: 7.
2019-09-12 10:31:51,406 [d40ec8ee-ac9e-41d6-86bd-e74a05605b85:group-F276089499DE:LeaderElection89] INFO  impl.RaftServerImpl (ServerState.java:setRaftConf(361)) - d40ec8ee-ac9e-41d6-86bd-e74a05605b85:group-F276089499DE set configuration 0: [d40ec8ee-ac9e-41d6-86bd-e74a05605b85:192.168.36.114:33446], old=null at 0
2019-09-12 10:31:51,405 [d40ec8ee-ac9e-41d6-86bd-e74a05605b85-SegmentedRaftLogWorker:Storage Directory /workdir/hadoop-ozone/integration-test/target/test-dir/MiniOzoneClusterImpl-d867a4e1-154a-4113-b5e4-c09c14df2894/datanode-1/data/ratis/d5c5b42e-a142-4ae3-97bb-ae772b3e69ea] INFO  impl.StateMachineUpdater (StateMachineUpdater.java:stopAndJoin(115)) - StateMachineUpdater:d40ec8ee-ac9e-41d6-86bd-e74a05605b85:group-AE772B3E69EA: set stopIndex = -1
2019-09-12 10:31:51,406 [d40ec8ee-ac9e-41d6-86bd-e74a05605b85-SegmentedRaftLogWorker:Storage Directory /workdir/hadoop-ozone/integration-test/target/test-dir/MiniOzoneClusterImpl-d867a4e1-154a-4113-b5e4-c09c14df2894/datanode-1/data/ratis/d5c5b42e-a142-4ae3-97bb-ae772b3e69ea] INFO  impl.RaftServerImpl (ServerState.java:close(394)) - d40ec8ee-ac9e-41d6-86bd-e74a05605b85:group-AE772B3E69EA closes. The last applied log index is -1
2019-09-12 10:31:51,404 [pool-284-thread-1] INFO  server.RaftServerConfigKeys (ConfUtils.java:logGet(43)) - raft.server.log.appender.buffer.byte-limit = 33554432 (custom)
2019-09-12 10:31:51,406 [RatisPipelineUtilsThread] ERROR pipeline.SCMPipelineManager (SCMPipelineManager.java:createPipeline(161)) - Pipeline creation failed due to exception: Unable to find enough nodes that meet the criteria that cannot engage in more than 5 pipelines. Nodes required: 3 Found: 1, healthy nodes count inNodeManager: 7.
2019-09-12 10:31:51,406 [d40ec8ee-ac9e-41d6-86bd-e74a05605b85-SegmentedRaftLogWorker:Storage Directory /workdir/hadoop-ozone/integration-test/target/test-dir/MiniOzoneClusterImpl-d867a4e1-154a-4113-b5e4-c09c14df2894/datanode-1/data/ratis/b315a697-c258-4b16-baaf-943ef8edf8a3] INFO  segmented.SegmentedRaftLogWorker (SegmentedRaftLogWorker.java:close(228)) - d40ec8ee-ac9e-41d6-86bd-e74a05605b85-SegmentedRaftLogWorker:Storage Directory /workdir/hadoop-ozone/integration-test/target/test-dir/MiniOzoneClusterImpl-d867a4e1-154a-4113-b5e4-c09c14df2894/datanode-1/data/ratis/b315a697-c258-4b16-baaf-943ef8edf8a3 close()
2019-09-12 10:31:51,407 [IPC Server handler 19 on 39203] ERROR pipeline.PipelinePlacementPolicy (PipelinePlacementPolicy.java:meetCriteria(92)) - Pipeline Placement: Doesn't meet the criteria to be viable node. Heaviness: 6
2019-09-12 10:31:51,406 [pool-284-thread-1] INFO  server.RaftServerConfigKeys (ConfUtils.java:logGet(43)) - raft.server.log.segment.size.max = 1048576 (custom)
2019-09-12 10:31:51,406 [d40ec8ee-ac9e-41d6-86bd-e74a05605b85-SegmentedRaftLogWorker:Storage Directory /workdir/hadoop-ozone/integration-test/target/test-dir/MiniOzoneClusterImpl-d867a4e1-154a-4113-b5e4-c09c14df2894/datanode-1/data/ratis/d5c5b42e-a142-4ae3-97bb-ae772b3e69ea] INFO  segmented.SegmentedRaftLogWorker (SegmentedRaftLogWorker.java:close(228)) - d40ec8ee-ac9e-41d6-86bd-e74a05605b85-SegmentedRaftLogWorker:Storage Directory /workdir/hadoop-ozone/integration-test/target/test-dir/MiniOzoneClusterImpl-d867a4e1-154a-4113-b5e4-c09c14df2894/datanode-1/data/ratis/d5c5b42e-a142-4ae3-97bb-ae772b3e69ea close()
2019-09-12 10:31:51,407 [pool-284-thread-1] INFO  server.RaftServerConfigKeys (ConfUtils.java:logGet(43)) - raft.server.log.segment.cache.num.max = 2 (custom)
2019-09-12 10:31:51,407 [IPC Server handler 19 on 39203] ERROR pipeline.PipelinePlacementPolicy (PipelinePlacementPolicy.java:meetCriteria(92)) - Pipeline Placement: Doesn't meet the criteria to be viable node. Heaviness: 6
2019-09-12 10:31:51,408 [IPC Server handler 19 on 39203] ERROR pipeline.PipelinePlacementPolicy (PipelinePlacementPolicy.java:meetCriteria(92)) - Pipeline Placement: Doesn't meet the criteria to be viable node. Heaviness: 6
2019-09-12 10:31:51,407 [pool-284-thread-1] INFO  segmented.SegmentedRaftLogWorker (SegmentedRaftLogWorker.java:<init>(172)) - new d9d65fd8-d100-497d-8460-9a4cf62b4ad5-SegmentedRaftLogWorker:Storage Directory /workdir/hadoop-ozone/integration-test/target/test-dir/MiniOzoneClusterImpl-d867a4e1-154a-4113-b5e4-c09c14df2894/datanode-6/data/ratis/4056681a-3dc1-4da0-9322-6150b09b443e for RaftStorage:Storage Directory /workdir/hadoop-ozone/integration-test/target/test-dir/MiniOzoneClusterImpl-d867a4e1-154a-4113-b5e4-c09c14df2894/datanode-6/data/ratis/4056681a-3dc1-4da0-9322-6150b09b443e
2019-09-12 10:31:51,408 | INFO  | SCMAudit | user=jenkins1000 | ip=192.168.36.114 | op=SEND_HEARTBEAT {datanodeUUID=c9031a36-5f7c-4098-8bea-8a46141708a6, command=[]} | ret=SUCCESS |  
2019-09-12 10:31:51,408 | INFO  | SCMAudit | user=jenkins1000 | ip=192.168.36.114 | op=SEND_HEARTBEAT {datanodeUUID=ad8ae342-df06-4311-9d84-524877c98111, command=[]} | ret=SUCCESS |  
2019-09-12 10:31:51,408 [IPC Server handler 19 on 39203] ERROR pipeline.PipelinePlacementPolicy (PipelinePlacementPolicy.java:meetCriteria(92)) - Pipeline Placement: Doesn't meet the criteria to be viable node. Heaviness: 6
2019-09-12 10:31:51,408 [IPC Server handler 19 on 39203] ERROR pipeline.PipelinePlacementPolicy (PipelinePlacementPolicy.java:meetCriteria(92)) - Pipeline Placement: Doesn't meet the criteria to be viable node. Heaviness: 6
2019-09-12 10:31:51,408 [IPC Server handler 19 on 39203] ERROR pipeline.PipelinePlacementPolicy (PipelinePlacementPolicy.java:meetCriteria(92)) - Pipeline Placement: Doesn't meet the criteria to be viable node. Heaviness: 6
2019-09-12 10:31:51,408 [pool-284-thread-1] INFO  server.RaftServerConfigKeys (ConfUtils.java:logGet(43)) - raft.server.log.queue.byte-limit = 2147483647 (custom)
2019-09-12 10:31:51,409 | INFO  | SCMAudit | user=jenkins1000 | ip=192.168.36.114 | op=SEND_HEARTBEAT {datanodeUUID=9616c881-dbb1-48da-90dd-a872ed779a2e, command=[]} | ret=SUCCESS |  
2019-09-12 10:31:51,408 [IPC Server handler 19 on 39203] ERROR pipeline.PipelinePlacementPolicy (PipelinePlacementPolicy.java:filterViableNodes(147)) - Unable to find enough nodes that meet the criteria that cannot engage in more than 5 pipelines. Nodes required: 3 Found: 1, healthy nodes count inNodeManager: 7.
2019-09-12 10:31:51,409 [pool-284-thread-1] INFO  server.RaftServerConfigKeys (ConfUtils.java:logGet(43)) - raft.server.log.queue.element-limit = 1024 (custom)
2019-09-12 10:31:51,409 [IPC Server handler 19 on 39203] ERROR pipeline.SCMPipelineManager (SCMPipelineManager.java:createPipeline(161)) - Pipeline creation failed due to exception: Unable to find enough nodes that meet the criteria that cannot engage in more than 5 pipelines. Nodes required: 3 Found: 1, healthy nodes count inNodeManager: 7.
2019-09-12 10:31:51,409 [pool-284-thread-1] INFO  server.RaftServerConfigKeys (ConfUtils.java:logGet(43)) - raft.server.log.segment.size.max = 1048576 (custom)
2019-09-12 10:31:51,409 [IPC Server handler 19 on 39203] INFO  ipc.Server (Server.java:logException(2726)) - IPC Server handler 19 on 39203, call Call#352 Retry#0 org.apache.hadoop.hdds.scm.protocol.StorageContainerLocationProtocol.allocateContainer from 192.168.36.114:60388
java.io.IOException: Could not allocate container. Cannot get any matching pipeline for Type:RATIS, Factor:THREE, State:PipelineState.OPEN
	at org.apache.hadoop.hdds.scm.container.ContainerStateManager.allocateContainer(ContainerStateManager.java:260)
	at org.apache.hadoop.hdds.scm.container.SCMContainerManager.allocateContainer(SCMContainerManager.java:247)
	at org.apache.hadoop.hdds.scm.server.SCMClientProtocolServer.allocateContainer(SCMClientProtocolServer.java:186)
	at org.apache.hadoop.ozone.protocolPB.StorageContainerLocationProtocolServerSideTranslatorPB.allocateContainer(StorageContainerLocationProtocolServerSideTranslatorPB.java:115)
	at org.apache.hadoop.hdds.protocol.proto.StorageContainerLocationProtocolProtos$StorageContainerLocationProtocolService$2.callBlockingMethod(StorageContainerLocationProtocolProtos.java:19079)
	at org.apache.hadoop.ipc.ProtobufRpcEngine$Server$ProtoBufRpcInvoker.call(ProtobufRpcEngine.java:524)
	at org.apache.hadoop.ipc.RPC$Server.call(RPC.java:1025)
	at org.apache.hadoop.ipc.Server$RpcCall.run(Server.java:876)
	at org.apache.hadoop.ipc.Server$RpcCall.run(Server.java:822)
	at java.security.AccessController.doPrivileged(Native Method)
	at javax.security.auth.Subject.doAs(Subject.java:422)
	at org.apache.hadoop.security.UserGroupInformation.doAs(UserGroupInformation.java:1730)
	at org.apache.hadoop.ipc.Server$Handler.run(Server.java:2682)
2019-09-12 10:31:51,410 | INFO  | SCMAudit | user=jenkins1000 | ip=192.168.36.114 | op=SEND_HEARTBEAT {datanodeUUID=39df7a3f-9691-48d4-a2b1-6888489a5f8a, command=[]} | ret=SUCCESS |  
2019-09-12 10:31:51,409 [pool-284-thread-1] INFO  server.RaftServerConfigKeys (ConfUtils.java:logGet(43)) - raft.server.log.preallocated.size = 16384 (custom)
2019-09-12 10:31:51,426 | INFO  | SCMAudit | user=jenkins1000 | ip=192.168.36.114 | op=SEND_HEARTBEAT {datanodeUUID=22ce2f4b-d517-44cf-8041-712d813e08f3, command=[]} | ret=SUCCESS |  
]]></system-out>
    <system-err><![CDATA[Sep 12, 2019 10:31:35 AM com.sun.jersey.server.impl.application.WebApplicationImpl _initiate
INFO: Initiating Jersey application, version 'Jersey: 1.19 02/11/2015 03:25 AM'
Sep 12, 2019 10:31:36 AM com.sun.jersey.server.impl.application.WebApplicationImpl _initiate
INFO: Initiating Jersey application, version 'Jersey: 1.19 02/11/2015 03:25 AM'
Sep 12, 2019 10:31:36 AM com.sun.jersey.server.impl.application.WebApplicationImpl _initiate
INFO: Initiating Jersey application, version 'Jersey: 1.19 02/11/2015 03:25 AM'
Sep 12, 2019 10:31:37 AM com.sun.jersey.server.impl.application.WebApplicationImpl _initiate
INFO: Initiating Jersey application, version 'Jersey: 1.19 02/11/2015 03:25 AM'
Sep 12, 2019 10:31:41 AM com.sun.jersey.server.impl.application.WebApplicationImpl _initiate
INFO: Initiating Jersey application, version 'Jersey: 1.19 02/11/2015 03:25 AM'
Sep 12, 2019 10:31:42 AM com.sun.jersey.server.impl.application.WebApplicationImpl _initiate
INFO: Initiating Jersey application, version 'Jersey: 1.19 02/11/2015 03:25 AM'
Sep 12, 2019 10:31:42 AM com.sun.jersey.server.impl.application.WebApplicationImpl _initiate
INFO: Initiating Jersey application, version 'Jersey: 1.19 02/11/2015 03:25 AM'
]]></system-err>
  </testcase>
  <testcase name="testWatchForCommitForGroupMismatchException" classname="org.apache.hadoop.ozone.client.rpc.TestWatchForCommit" time="19.37">
    <error message="Could not allocate container. Cannot get any matching pipeline for Type:RATIS, Factor:THREE, State:PipelineState.OPEN&#10;	at org.apache.hadoop.hdds.scm.container.ContainerStateManager.allocateContainer(ContainerStateManager.java:260)&#10;	at org.apache.hadoop.hdds.scm.container.SCMContainerManager.allocateContainer(SCMContainerManager.java:247)&#10;	at org.apache.hadoop.hdds.scm.server.SCMClientProtocolServer.allocateContainer(SCMClientProtocolServer.java:186)&#10;	at org.apache.hadoop.ozone.protocolPB.StorageContainerLocationProtocolServerSideTranslatorPB.allocateContainer(StorageContainerLocationProtocolServerSideTranslatorPB.java:115)&#10;	at org.apache.hadoop.hdds.protocol.proto.StorageContainerLocationProtocolProtos$StorageContainerLocationProtocolService$2.callBlockingMethod(StorageContainerLocationProtocolProtos.java:19079)&#10;	at org.apache.hadoop.ipc.ProtobufRpcEngine$Server$ProtoBufRpcInvoker.call(ProtobufRpcEngine.java:524)&#10;	at org.apache.hadoop.ipc.RPC$Server.call(RPC.java:1025)&#10;	at org.apache.hadoop.ipc.Server$RpcCall.run(Server.java:876)&#10;	at org.apache.hadoop.ipc.Server$RpcCall.run(Server.java:822)&#10;	at java.security.AccessController.doPrivileged(Native Method)&#10;	at javax.security.auth.Subject.doAs(Subject.java:422)&#10;	at org.apache.hadoop.security.UserGroupInformation.doAs(UserGroupInformation.java:1730)&#10;	at org.apache.hadoop.ipc.Server$Handler.run(Server.java:2682)&#10;" type="org.apache.hadoop.ipc.RemoteException(java.io.IOException)">org.apache.hadoop.ipc.RemoteException(java.io.IOException): Could not allocate container. Cannot get any matching pipeline for Type:RATIS, Factor:THREE, State:PipelineState.OPEN
	at org.apache.hadoop.hdds.scm.container.ContainerStateManager.allocateContainer(ContainerStateManager.java:260)
	at org.apache.hadoop.hdds.scm.container.SCMContainerManager.allocateContainer(SCMContainerManager.java:247)
	at org.apache.hadoop.hdds.scm.server.SCMClientProtocolServer.allocateContainer(SCMClientProtocolServer.java:186)
	at org.apache.hadoop.ozone.protocolPB.StorageContainerLocationProtocolServerSideTranslatorPB.allocateContainer(StorageContainerLocationProtocolServerSideTranslatorPB.java:115)
	at org.apache.hadoop.hdds.protocol.proto.StorageContainerLocationProtocolProtos$StorageContainerLocationProtocolService$2.callBlockingMethod(StorageContainerLocationProtocolProtos.java:19079)
	at org.apache.hadoop.ipc.ProtobufRpcEngine$Server$ProtoBufRpcInvoker.call(ProtobufRpcEngine.java:524)
	at org.apache.hadoop.ipc.RPC$Server.call(RPC.java:1025)
	at org.apache.hadoop.ipc.Server$RpcCall.run(Server.java:876)
	at org.apache.hadoop.ipc.Server$RpcCall.run(Server.java:822)
	at java.security.AccessController.doPrivileged(Native Method)
	at javax.security.auth.Subject.doAs(Subject.java:422)
	at org.apache.hadoop.security.UserGroupInformation.doAs(UserGroupInformation.java:1730)
	at org.apache.hadoop.ipc.Server$Handler.run(Server.java:2682)

	at org.apache.hadoop.ipc.Client.getRpcResponse(Client.java:1511)
	at org.apache.hadoop.ipc.Client.call(Client.java:1457)
	at org.apache.hadoop.ipc.Client.call(Client.java:1367)
	at org.apache.hadoop.ipc.ProtobufRpcEngine$Invoker.invoke(ProtobufRpcEngine.java:228)
	at org.apache.hadoop.ipc.ProtobufRpcEngine$Invoker.invoke(ProtobufRpcEngine.java:116)
	at com.sun.proxy.$Proxy34.allocateContainer(Unknown Source)
	at org.apache.hadoop.hdds.scm.protocolPB.StorageContainerLocationProtocolClientSideTranslatorPB.allocateContainer(StorageContainerLocationProtocolClientSideTranslatorPB.java:125)
	at org.apache.hadoop.ozone.client.rpc.TestWatchForCommit.testWatchForCommitForGroupMismatchException(TestWatchForCommit.java:419)
	at sun.reflect.NativeMethodAccessorImpl.invoke0(Native Method)
	at sun.reflect.NativeMethodAccessorImpl.invoke(NativeMethodAccessorImpl.java:62)
	at sun.reflect.DelegatingMethodAccessorImpl.invoke(DelegatingMethodAccessorImpl.java:43)
	at java.lang.reflect.Method.invoke(Method.java:498)
	at org.junit.runners.model.FrameworkMethod$1.runReflectiveCall(FrameworkMethod.java:47)
	at org.junit.internal.runners.model.ReflectiveCallable.run(ReflectiveCallable.java:12)
	at org.junit.runners.model.FrameworkMethod.invokeExplosively(FrameworkMethod.java:44)
	at org.junit.internal.runners.statements.InvokeMethod.evaluate(InvokeMethod.java:17)
	at org.junit.runners.ParentRunner.runLeaf(ParentRunner.java:271)
	at org.junit.runners.BlockJUnit4ClassRunner.runChild(BlockJUnit4ClassRunner.java:70)
	at org.junit.runners.BlockJUnit4ClassRunner.runChild(BlockJUnit4ClassRunner.java:50)
	at org.junit.runners.ParentRunner$3.run(ParentRunner.java:238)
	at org.junit.runners.ParentRunner$1.schedule(ParentRunner.java:63)
	at org.junit.runners.ParentRunner.runChildren(ParentRunner.java:236)
	at org.junit.runners.ParentRunner.access$000(ParentRunner.java:53)
	at org.junit.runners.ParentRunner$2.evaluate(ParentRunner.java:229)
	at org.junit.runners.ParentRunner.run(ParentRunner.java:309)
	at org.apache.maven.surefire.junit4.JUnit4Provider.execute(JUnit4Provider.java:365)
	at org.apache.maven.surefire.junit4.JUnit4Provider.executeWithRerun(JUnit4Provider.java:273)
	at org.apache.maven.surefire.junit4.JUnit4Provider.executeTestSet(JUnit4Provider.java:238)
	at org.apache.maven.surefire.junit4.JUnit4Provider.invoke(JUnit4Provider.java:159)
	at org.apache.maven.surefire.booter.ForkedBooter.invokeProviderInSameClassLoader(ForkedBooter.java:384)
	at org.apache.maven.surefire.booter.ForkedBooter.runSuitesInProcess(ForkedBooter.java:345)
	at org.apache.maven.surefire.booter.ForkedBooter.execute(ForkedBooter.java:126)
	at org.apache.maven.surefire.booter.ForkedBooter.main(ForkedBooter.java:418)
</error>
    <system-out><![CDATA[2019-09-12 10:31:51,426 | INFO  | SCMAudit | user=jenkins1000 | ip=192.168.36.114 | op=SEND_HEARTBEAT {datanodeUUID=bcda0514-d42e-47ca-96fd-c0a633e872a8, command=[]} | ret=SUCCESS |  
2019-09-12 10:31:51,425 [334c5273-7871-4d53-8b37-de05e5a3be10:group-840E66D6CF22:LeaderElection99] INFO  impl.LeaderElection (LeaderElection.java:askForVotes(181)) - 334c5273-7871-4d53-8b37-de05e5a3be10:group-840E66D6CF22:LeaderElection99: begin an election at term 1 for -1: [334c5273-7871-4d53-8b37-de05e5a3be10:192.168.36.114:43431], old=null
2019-09-12 10:31:51,425 | INFO  | SCMAudit | user=jenkins1000 | ip=192.168.36.114 | op=SEND_HEARTBEAT {datanodeUUID=d40ec8ee-ac9e-41d6-86bd-e74a05605b85, command=[]} | ret=SUCCESS |  
2019-09-12 10:31:51,425 | INFO  | SCMAudit | user=jenkins1000 | ip=192.168.36.114 | op=SEND_HEARTBEAT {datanodeUUID=caccd92c-2544-4e02-86cf-95849f240c1b, command=[]} | ret=SUCCESS |  
2019-09-12 10:31:51,425 [334c5273-7871-4d53-8b37-de05e5a3be10:group-364E53036449:LeaderElection96] INFO  impl.LeaderElection (LeaderElection.java:askForVotes(181)) - 334c5273-7871-4d53-8b37-de05e5a3be10:group-364E53036449:LeaderElection96: begin an election at term 1 for -1: [334c5273-7871-4d53-8b37-de05e5a3be10:192.168.36.114:43431], old=null
2019-09-12 10:31:51,425 | INFO  | SCMAudit | user=jenkins1000 | ip=192.168.36.114 | op=SEND_HEARTBEAT {datanodeUUID=1349d5ba-07d4-450a-9218-4f0361201438, command=[]} | ret=SUCCESS |  
2019-09-12 10:31:51,425 | INFO  | SCMAudit | user=jenkins1000 | ip=192.168.36.114 | op=SEND_HEARTBEAT {datanodeUUID=eaeff1e2-de9c-4510-872d-283eb6c3c330, command=[]} | ret=SUCCESS |  
2019-09-12 10:31:51,425 [caccd92c-2544-4e02-86cf-95849f240c1b:group-F5A874164D8C:LeaderElection103] INFO  impl.LeaderElection (LeaderElection.java:askForVotes(181)) - caccd92c-2544-4e02-86cf-95849f240c1b:group-F5A874164D8C:LeaderElection103: begin an election at term 1 for -1: [caccd92c-2544-4e02-86cf-95849f240c1b:192.168.36.114:37072], old=null
2019-09-12 10:31:51,425 | INFO  | SCMAudit | user=jenkins1000 | ip=192.168.36.114 | op=SEND_HEARTBEAT {datanodeUUID=c1e71898-521f-4627-a3f1-9884c4b96ced, command=[]} | ret=SUCCESS |  
2019-09-12 10:31:51,425 [334c5273-7871-4d53-8b37-de05e5a3be10:group-BE0A19DD7A8A:LeaderElection109] INFO  impl.LeaderElection (LeaderElection.java:askForVotes(181)) - 334c5273-7871-4d53-8b37-de05e5a3be10:group-BE0A19DD7A8A:LeaderElection109: begin an election at term 1 for -1: [334c5273-7871-4d53-8b37-de05e5a3be10:192.168.36.114:43431], old=null
2019-09-12 10:31:51,425 | INFO  | SCMAudit | user=jenkins1000 | ip=192.168.36.114 | op=SEND_HEARTBEAT {datanodeUUID=5dd0cd62-5770-41dd-9e5a-f3f3eedc40c1, command=[]} | ret=SUCCESS |  
2019-09-12 10:31:51,817 [Thread-1218] INFO  impl.FollowerState (FollowerState.java:run(106)) - 1349d5ba-07d4-450a-9218-4f0361201438:group-82E1FADBF901 changes to CANDIDATE, lastRpcTime:5357, electionTimeout:5072ms
2019-09-12 10:31:51,425 [caccd92c-2544-4e02-86cf-95849f240c1b:group-6F7F9F28A891:LeaderElection97] INFO  impl.LeaderElection (LeaderElection.java:askForVotes(181)) - caccd92c-2544-4e02-86cf-95849f240c1b:group-6F7F9F28A891:LeaderElection97: begin an election at term 1 for -1: [caccd92c-2544-4e02-86cf-95849f240c1b:192.168.36.114:37072], old=null
2019-09-12 10:31:51,425 [334c5273-7871-4d53-8b37-de05e5a3be10:group-ECEBA98C9439:LeaderElection102] INFO  impl.LeaderElection (LeaderElection.java:askForVotes(181)) - 334c5273-7871-4d53-8b37-de05e5a3be10:group-ECEBA98C9439:LeaderElection102: begin an election at term 1 for -1: [334c5273-7871-4d53-8b37-de05e5a3be10:192.168.36.114:43431], old=null
2019-09-12 10:31:51,425 [334c5273-7871-4d53-8b37-de05e5a3be10:group-898BDD98D4FD:LeaderElection100] INFO  impl.LeaderElection (LeaderElection.java:askForVotes(181)) - 334c5273-7871-4d53-8b37-de05e5a3be10:group-898BDD98D4FD:LeaderElection100: begin an election at term 1 for -1: [334c5273-7871-4d53-8b37-de05e5a3be10:192.168.36.114:43431], old=null
2019-09-12 10:31:51,818 | INFO  | SCMAudit | user=jenkins1000 | ip=192.168.36.114 | op=SEND_HEARTBEAT {datanodeUUID=f17b4253-95a0-4ee6-8ded-88f070f15b33, command=[]} | ret=SUCCESS |  
2019-09-12 10:31:51,425 [caccd92c-2544-4e02-86cf-95849f240c1b:group-9E560FC5F4DD:LeaderElection98] INFO  impl.LeaderElection (LeaderElection.java:askForVotes(181)) - caccd92c-2544-4e02-86cf-95849f240c1b:group-9E560FC5F4DD:LeaderElection98: begin an election at term 1 for -1: [caccd92c-2544-4e02-86cf-95849f240c1b:192.168.36.114:37072], old=null
2019-09-12 10:31:51,425 [caccd92c-2544-4e02-86cf-95849f240c1b:group-3144F14AC6F4:LeaderElection101] INFO  impl.LeaderElection (LeaderElection.java:askForVotes(181)) - caccd92c-2544-4e02-86cf-95849f240c1b:group-3144F14AC6F4:LeaderElection101: begin an election at term 1 for -1: [caccd92c-2544-4e02-86cf-95849f240c1b:192.168.36.114:37072], old=null
2019-09-12 10:31:51,425 [ad8ae342-df06-4311-9d84-524877c98111:group-3B1A47D1DCD4:LeaderElection107] INFO  impl.LeaderElection (LeaderElection.java:askForVotes(181)) - ad8ae342-df06-4311-9d84-524877c98111:group-3B1A47D1DCD4:LeaderElection107: begin an election at term 1 for -1: [ad8ae342-df06-4311-9d84-524877c98111:192.168.36.114:39527], old=null
2019-09-12 10:31:51,818 | INFO  | SCMAudit | user=jenkins1000 | ip=192.168.36.114 | op=SEND_HEARTBEAT {datanodeUUID=b6dd7c38-f675-445e-811b-15cf17d56c0a, command=[]} | ret=SUCCESS |  
2019-09-12 10:31:51,425 [ad8ae342-df06-4311-9d84-524877c98111:group-4CE3EEA348CB:LeaderElection105] INFO  impl.LeaderElection (LeaderElection.java:askForVotes(181)) - ad8ae342-df06-4311-9d84-524877c98111:group-4CE3EEA348CB:LeaderElection105: begin an election at term 1 for -1: [ad8ae342-df06-4311-9d84-524877c98111:192.168.36.114:39527], old=null
2019-09-12 10:31:51,425 [ad8ae342-df06-4311-9d84-524877c98111:group-9C41041E3CF9:LeaderElection108] INFO  impl.LeaderElection (LeaderElection.java:askForVotes(181)) - ad8ae342-df06-4311-9d84-524877c98111:group-9C41041E3CF9:LeaderElection108: begin an election at term 1 for -1: [ad8ae342-df06-4311-9d84-524877c98111:192.168.36.114:39527], old=null
2019-09-12 10:31:51,425 [caccd92c-2544-4e02-86cf-95849f240c1b:group-E51F020481E7:LeaderElection95] INFO  impl.LeaderElection (LeaderElection.java:askForVotes(181)) - caccd92c-2544-4e02-86cf-95849f240c1b:group-E51F020481E7:LeaderElection95: begin an election at term 1 for -1: [caccd92c-2544-4e02-86cf-95849f240c1b:192.168.36.114:37072], old=null
2019-09-12 10:31:51,425 [ad8ae342-df06-4311-9d84-524877c98111:group-66F56E0CF95C:LeaderElection106] INFO  impl.LeaderElection (LeaderElection.java:askForVotes(181)) - ad8ae342-df06-4311-9d84-524877c98111:group-66F56E0CF95C:LeaderElection106: begin an election at term 1 for -1: [ad8ae342-df06-4311-9d84-524877c98111:192.168.36.114:39527], old=null
2019-09-12 10:31:51,424 [ad8ae342-df06-4311-9d84-524877c98111:group-AA6291B3F0BA:LeaderElection104] INFO  impl.LeaderElection (LeaderElection.java:askForVotes(181)) - ad8ae342-df06-4311-9d84-524877c98111:group-AA6291B3F0BA:LeaderElection104: begin an election at term 1 for -1: [ad8ae342-df06-4311-9d84-524877c98111:192.168.36.114:39527], old=null
2019-09-12 10:31:51,819 [ad8ae342-df06-4311-9d84-524877c98111:group-66F56E0CF95C:LeaderElection106] INFO  impl.RoleInfo (RoleInfo.java:shutdownLeaderElection(134)) - ad8ae342-df06-4311-9d84-524877c98111: shutdown LeaderElection
2019-09-12 10:31:51,819 [caccd92c-2544-4e02-86cf-95849f240c1b:group-E51F020481E7:LeaderElection95] INFO  impl.RoleInfo (RoleInfo.java:shutdownLeaderElection(134)) - caccd92c-2544-4e02-86cf-95849f240c1b: shutdown LeaderElection
2019-09-12 10:31:51,819 [ad8ae342-df06-4311-9d84-524877c98111:group-9C41041E3CF9:LeaderElection108] INFO  impl.RoleInfo (RoleInfo.java:shutdownLeaderElection(134)) - ad8ae342-df06-4311-9d84-524877c98111: shutdown LeaderElection
2019-09-12 10:31:51,818 [ad8ae342-df06-4311-9d84-524877c98111:group-4CE3EEA348CB:LeaderElection105] INFO  impl.RoleInfo (RoleInfo.java:shutdownLeaderElection(134)) - ad8ae342-df06-4311-9d84-524877c98111: shutdown LeaderElection
2019-09-12 10:31:51,818 [ad8ae342-df06-4311-9d84-524877c98111:group-3B1A47D1DCD4:LeaderElection107] INFO  impl.RoleInfo (RoleInfo.java:shutdownLeaderElection(134)) - ad8ae342-df06-4311-9d84-524877c98111: shutdown LeaderElection
2019-09-12 10:31:51,818 [caccd92c-2544-4e02-86cf-95849f240c1b:group-3144F14AC6F4:LeaderElection101] INFO  impl.RoleInfo (RoleInfo.java:shutdownLeaderElection(134)) - caccd92c-2544-4e02-86cf-95849f240c1b: shutdown LeaderElection
2019-09-12 10:31:51,818 [caccd92c-2544-4e02-86cf-95849f240c1b:group-9E560FC5F4DD:LeaderElection98] INFO  impl.RoleInfo (RoleInfo.java:shutdownLeaderElection(134)) - caccd92c-2544-4e02-86cf-95849f240c1b: shutdown LeaderElection
2019-09-12 10:31:51,818 [334c5273-7871-4d53-8b37-de05e5a3be10:group-898BDD98D4FD:LeaderElection100] INFO  impl.RoleInfo (RoleInfo.java:shutdownLeaderElection(134)) - 334c5273-7871-4d53-8b37-de05e5a3be10: shutdown LeaderElection
2019-09-12 10:31:51,818 [334c5273-7871-4d53-8b37-de05e5a3be10:group-ECEBA98C9439:LeaderElection102] INFO  impl.RoleInfo (RoleInfo.java:shutdownLeaderElection(134)) - 334c5273-7871-4d53-8b37-de05e5a3be10: shutdown LeaderElection
2019-09-12 10:31:51,818 [Thread-1212] INFO  impl.FollowerState (FollowerState.java:run(106)) - 1349d5ba-07d4-450a-9218-4f0361201438:group-A98239B1A7FC changes to CANDIDATE, lastRpcTime:5437, electionTimeout:5045ms
2019-09-12 10:31:51,821 [Thread-1212] INFO  impl.RoleInfo (RoleInfo.java:shutdownFollowerState(121)) - 1349d5ba-07d4-450a-9218-4f0361201438: shutdown FollowerState
2019-09-12 10:31:51,817 [caccd92c-2544-4e02-86cf-95849f240c1b:group-6F7F9F28A891:LeaderElection97] INFO  impl.RoleInfo (RoleInfo.java:shutdownLeaderElection(134)) - caccd92c-2544-4e02-86cf-95849f240c1b: shutdown LeaderElection
2019-09-12 10:31:51,817 [Thread-1218] INFO  impl.RoleInfo (RoleInfo.java:shutdownFollowerState(121)) - 1349d5ba-07d4-450a-9218-4f0361201438: shutdown FollowerState
2019-09-12 10:31:51,821 [Thread-1218] INFO  impl.RaftServerImpl (RaftServerImpl.java:setRole(171)) - 1349d5ba-07d4-450a-9218-4f0361201438:group-82E1FADBF901 changes role from FOLLOWER to CANDIDATE at term 0 for changeToCandidate
2019-09-12 10:31:51,817 [334c5273-7871-4d53-8b37-de05e5a3be10:group-BE0A19DD7A8A:LeaderElection109] INFO  impl.RoleInfo (RoleInfo.java:shutdownLeaderElection(134)) - 334c5273-7871-4d53-8b37-de05e5a3be10: shutdown LeaderElection
2019-09-12 10:31:51,821 [334c5273-7871-4d53-8b37-de05e5a3be10:group-BE0A19DD7A8A:LeaderElection109] INFO  impl.RaftServerImpl (RaftServerImpl.java:setRole(171)) - 334c5273-7871-4d53-8b37-de05e5a3be10:group-BE0A19DD7A8A changes role from CANDIDATE to LEADER at term 1 for changeToLeader
2019-09-12 10:31:51,817 [Thread-1215] INFO  impl.FollowerState (FollowerState.java:run(106)) - 1349d5ba-07d4-450a-9218-4f0361201438:group-F15575A866C3 changes to CANDIDATE, lastRpcTime:5396, electionTimeout:5166ms
2019-09-12 10:31:51,817 [caccd92c-2544-4e02-86cf-95849f240c1b:group-F5A874164D8C:LeaderElection103] INFO  impl.RoleInfo (RoleInfo.java:shutdownLeaderElection(134)) - caccd92c-2544-4e02-86cf-95849f240c1b: shutdown LeaderElection
2019-09-12 10:31:51,817 [334c5273-7871-4d53-8b37-de05e5a3be10:group-364E53036449:LeaderElection96] INFO  impl.RoleInfo (RoleInfo.java:shutdownLeaderElection(134)) - 334c5273-7871-4d53-8b37-de05e5a3be10: shutdown LeaderElection
2019-09-12 10:31:51,821 [334c5273-7871-4d53-8b37-de05e5a3be10:group-364E53036449:LeaderElection96] INFO  impl.RaftServerImpl (RaftServerImpl.java:setRole(171)) - 334c5273-7871-4d53-8b37-de05e5a3be10:group-364E53036449 changes role from CANDIDATE to LEADER at term 1 for changeToLeader
2019-09-12 10:31:51,817 [334c5273-7871-4d53-8b37-de05e5a3be10:group-840E66D6CF22:LeaderElection99] INFO  impl.RoleInfo (RoleInfo.java:shutdownLeaderElection(134)) - 334c5273-7871-4d53-8b37-de05e5a3be10: shutdown LeaderElection
2019-09-12 10:31:51,822 [334c5273-7871-4d53-8b37-de05e5a3be10:group-840E66D6CF22:LeaderElection99] INFO  impl.RaftServerImpl (RaftServerImpl.java:setRole(171)) - 334c5273-7871-4d53-8b37-de05e5a3be10:group-840E66D6CF22 changes role from CANDIDATE to LEADER at term 1 for changeToLeader
2019-09-12 10:31:51,817 [d40ec8ee-ac9e-41d6-86bd-e74a05605b85-SegmentedRaftLogWorker:Storage Directory /workdir/hadoop-ozone/integration-test/target/test-dir/MiniOzoneClusterImpl-d867a4e1-154a-4113-b5e4-c09c14df2894/datanode-1/data/ratis/2ceed834-2022-4c66-aa21-ed0a747ff7f8] ERROR segmented.SegmentedRaftLogWorker (SegmentedRaftLogWorker.java:run(323)) - d40ec8ee-ac9e-41d6-86bd-e74a05605b85-SegmentedRaftLogWorker:Storage Directory /workdir/hadoop-ozone/integration-test/target/test-dir/MiniOzoneClusterImpl-d867a4e1-154a-4113-b5e4-c09c14df2894/datanode-1/data/ratis/2ceed834-2022-4c66-aa21-ed0a747ff7f8 hit exception
java.lang.OutOfMemoryError: Direct buffer memory
	at java.nio.Bits.reserveMemory(Bits.java:666)
	at java.nio.DirectByteBuffer.<init>(DirectByteBuffer.java:123)
	at java.nio.ByteBuffer.allocateDirect(ByteBuffer.java:311)
	at org.apache.ratis.server.raftlog.segmented.BufferedWriteChannel.<init>(BufferedWriteChannel.java:41)
	at org.apache.ratis.server.raftlog.segmented.SegmentedRaftLogOutputStream.<init>(SegmentedRaftLogOutputStream.java:72)
	at org.apache.ratis.server.raftlog.segmented.SegmentedRaftLogWorker$StartLogSegment.execute(SegmentedRaftLogWorker.java:566)
	at org.apache.ratis.server.raftlog.segmented.SegmentedRaftLogWorker.run(SegmentedRaftLogWorker.java:289)
	at java.lang.Thread.run(Thread.java:748)
2019-09-12 10:31:51,817 [Thread-1224] INFO  impl.FollowerState (FollowerState.java:run(106)) - 1349d5ba-07d4-450a-9218-4f0361201438:group-FFC0FC40BB39 changes to CANDIDATE, lastRpcTime:5276, electionTimeout:5087ms
2019-09-12 10:31:51,822 [Thread-1224] INFO  impl.RoleInfo (RoleInfo.java:shutdownFollowerState(121)) - 1349d5ba-07d4-450a-9218-4f0361201438: shutdown FollowerState
2019-09-12 10:31:51,817 [Thread-1227] INFO  impl.FollowerState (FollowerState.java:run(106)) - 1349d5ba-07d4-450a-9218-4f0361201438:group-EB143B8D1303 changes to CANDIDATE, lastRpcTime:5236, electionTimeout:5107ms
2019-09-12 10:31:51,817 [Thread-1221] INFO  impl.FollowerState (FollowerState.java:run(106)) - 1349d5ba-07d4-450a-9218-4f0361201438:group-D1A011A1E2AC changes to CANDIDATE, lastRpcTime:5316, electionTimeout:5173ms
2019-09-12 10:31:51,823 [Thread-1221] INFO  impl.RoleInfo (RoleInfo.java:shutdownFollowerState(121)) - 1349d5ba-07d4-450a-9218-4f0361201438: shutdown FollowerState
2019-09-12 10:31:51,817 [pool-284-thread-1] INFO  server.RaftServerConfigKeys (ConfUtils.java:logGet(43)) - raft.server.log.write.buffer.size = 33554432 (custom)
2019-09-12 10:31:51,823 [Thread-1221] INFO  impl.RaftServerImpl (RaftServerImpl.java:setRole(171)) - 1349d5ba-07d4-450a-9218-4f0361201438:group-D1A011A1E2AC changes role from FOLLOWER to CANDIDATE at term 0 for changeToCandidate
2019-09-12 10:31:51,823 [Thread-1221] INFO  impl.RoleInfo (RoleInfo.java:updateAndGet(143)) - 1349d5ba-07d4-450a-9218-4f0361201438: start LeaderElection
2019-09-12 10:31:51,823 [Thread-1227] INFO  impl.RoleInfo (RoleInfo.java:shutdownFollowerState(121)) - 1349d5ba-07d4-450a-9218-4f0361201438: shutdown FollowerState
2019-09-12 10:31:51,822 [Thread-1224] INFO  impl.RaftServerImpl (RaftServerImpl.java:setRole(171)) - 1349d5ba-07d4-450a-9218-4f0361201438:group-FFC0FC40BB39 changes role from FOLLOWER to CANDIDATE at term 0 for changeToCandidate
2019-09-12 10:31:51,822 [d40ec8ee-ac9e-41d6-86bd-e74a05605b85-SegmentedRaftLogWorker:Storage Directory /workdir/hadoop-ozone/integration-test/target/test-dir/MiniOzoneClusterImpl-d867a4e1-154a-4113-b5e4-c09c14df2894/datanode-1/data/ratis/2ceed834-2022-4c66-aa21-ed0a747ff7f8] INFO  impl.RaftServerImpl (RaftServerImpl.java:lambda$shutdown$3(245)) - d40ec8ee-ac9e-41d6-86bd-e74a05605b85: shutdown group-ED0A747FF7F8
2019-09-12 10:31:51,822 [334c5273-7871-4d53-8b37-de05e5a3be10:group-840E66D6CF22:LeaderElection99] INFO  impl.RaftServerImpl (ServerState.java:setLeader(263)) - 334c5273-7871-4d53-8b37-de05e5a3be10:group-840E66D6CF22 change Leader from null to 334c5273-7871-4d53-8b37-de05e5a3be10 at term 1 for becomeLeader, leader elected after 6299ms
2019-09-12 10:31:51,822 [334c5273-7871-4d53-8b37-de05e5a3be10:group-364E53036449:LeaderElection96] INFO  impl.RaftServerImpl (ServerState.java:setLeader(263)) - 334c5273-7871-4d53-8b37-de05e5a3be10:group-364E53036449 change Leader from null to 334c5273-7871-4d53-8b37-de05e5a3be10 at term 1 for becomeLeader, leader elected after 6670ms
2019-09-12 10:31:51,824 [334c5273-7871-4d53-8b37-de05e5a3be10:group-364E53036449:LeaderElection96] INFO  server.RaftServerConfigKeys (ConfUtils.java:logGet(43)) - raft.server.staging.catchup.gap = 1000 (default)
2019-09-12 10:31:51,821 [caccd92c-2544-4e02-86cf-95849f240c1b:group-F5A874164D8C:LeaderElection103] INFO  impl.RaftServerImpl (RaftServerImpl.java:setRole(171)) - caccd92c-2544-4e02-86cf-95849f240c1b:group-F5A874164D8C changes role from CANDIDATE to LEADER at term 1 for changeToLeader
2019-09-12 10:31:51,824 [caccd92c-2544-4e02-86cf-95849f240c1b:group-F5A874164D8C:LeaderElection103] INFO  impl.RaftServerImpl (ServerState.java:setLeader(263)) - caccd92c-2544-4e02-86cf-95849f240c1b:group-F5A874164D8C change Leader from null to caccd92c-2544-4e02-86cf-95849f240c1b at term 1 for becomeLeader, leader elected after 6486ms
2019-09-12 10:31:51,821 [Thread-1215] INFO  impl.RoleInfo (RoleInfo.java:shutdownFollowerState(121)) - 1349d5ba-07d4-450a-9218-4f0361201438: shutdown FollowerState
2019-09-12 10:31:51,824 [caccd92c-2544-4e02-86cf-95849f240c1b:group-F5A874164D8C:LeaderElection103] INFO  server.RaftServerConfigKeys (ConfUtils.java:logGet(43)) - raft.server.staging.catchup.gap = 1000 (default)
2019-09-12 10:31:51,821 [334c5273-7871-4d53-8b37-de05e5a3be10:group-BE0A19DD7A8A:LeaderElection109] INFO  impl.RaftServerImpl (ServerState.java:setLeader(263)) - 334c5273-7871-4d53-8b37-de05e5a3be10:group-BE0A19DD7A8A change Leader from null to 334c5273-7871-4d53-8b37-de05e5a3be10 at term 1 for becomeLeader, leader elected after 6405ms
2019-09-12 10:31:51,825 [334c5273-7871-4d53-8b37-de05e5a3be10:group-BE0A19DD7A8A:LeaderElection109] INFO  server.RaftServerConfigKeys (ConfUtils.java:logGet(43)) - raft.server.staging.catchup.gap = 1000 (default)
2019-09-12 10:31:51,821 [Thread-1218] INFO  impl.RoleInfo (RoleInfo.java:updateAndGet(143)) - 1349d5ba-07d4-450a-9218-4f0361201438: start LeaderElection
2019-09-12 10:31:51,821 [caccd92c-2544-4e02-86cf-95849f240c1b:group-6F7F9F28A891:LeaderElection97] INFO  impl.RaftServerImpl (RaftServerImpl.java:setRole(171)) - caccd92c-2544-4e02-86cf-95849f240c1b:group-6F7F9F28A891 changes role from CANDIDATE to LEADER at term 1 for changeToLeader
2019-09-12 10:31:51,825 [caccd92c-2544-4e02-86cf-95849f240c1b:group-6F7F9F28A891:LeaderElection97] INFO  impl.RaftServerImpl (ServerState.java:setLeader(263)) - caccd92c-2544-4e02-86cf-95849f240c1b:group-6F7F9F28A891 change Leader from null to caccd92c-2544-4e02-86cf-95849f240c1b at term 1 for becomeLeader, leader elected after 6593ms
2019-09-12 10:31:51,821 [Thread-1212] INFO  impl.RaftServerImpl (RaftServerImpl.java:setRole(171)) - 1349d5ba-07d4-450a-9218-4f0361201438:group-A98239B1A7FC changes role from FOLLOWER to CANDIDATE at term 0 for changeToCandidate
2019-09-12 10:31:51,820 [334c5273-7871-4d53-8b37-de05e5a3be10:group-ECEBA98C9439:LeaderElection102] INFO  impl.RaftServerImpl (RaftServerImpl.java:setRole(171)) - 334c5273-7871-4d53-8b37-de05e5a3be10:group-ECEBA98C9439 changes role from CANDIDATE to LEADER at term 1 for changeToLeader
2019-09-12 10:31:51,820 [334c5273-7871-4d53-8b37-de05e5a3be10:group-898BDD98D4FD:LeaderElection100] INFO  impl.RaftServerImpl (RaftServerImpl.java:setRole(171)) - 334c5273-7871-4d53-8b37-de05e5a3be10:group-898BDD98D4FD changes role from CANDIDATE to LEADER at term 1 for changeToLeader
2019-09-12 10:31:51,826 [334c5273-7871-4d53-8b37-de05e5a3be10:group-898BDD98D4FD:LeaderElection100] INFO  impl.RaftServerImpl (ServerState.java:setLeader(263)) - 334c5273-7871-4d53-8b37-de05e5a3be10:group-898BDD98D4FD change Leader from null to 334c5273-7871-4d53-8b37-de05e5a3be10 at term 1 for becomeLeader, leader elected after 6447ms
2019-09-12 10:31:51,820 [caccd92c-2544-4e02-86cf-95849f240c1b:group-9E560FC5F4DD:LeaderElection98] INFO  impl.RaftServerImpl (RaftServerImpl.java:setRole(171)) - caccd92c-2544-4e02-86cf-95849f240c1b:group-9E560FC5F4DD changes role from CANDIDATE to LEADER at term 1 for changeToLeader
2019-09-12 10:31:51,826 [caccd92c-2544-4e02-86cf-95849f240c1b:group-9E560FC5F4DD:LeaderElection98] INFO  impl.RaftServerImpl (ServerState.java:setLeader(263)) - caccd92c-2544-4e02-86cf-95849f240c1b:group-9E560FC5F4DD change Leader from null to caccd92c-2544-4e02-86cf-95849f240c1b at term 1 for becomeLeader, leader elected after 6634ms
2019-09-12 10:31:51,820 [caccd92c-2544-4e02-86cf-95849f240c1b:group-3144F14AC6F4:LeaderElection101] INFO  impl.RaftServerImpl (RaftServerImpl.java:setRole(171)) - caccd92c-2544-4e02-86cf-95849f240c1b:group-3144F14AC6F4 changes role from CANDIDATE to LEADER at term 1 for changeToLeader
2019-09-12 10:31:51,826 [caccd92c-2544-4e02-86cf-95849f240c1b:group-3144F14AC6F4:LeaderElection101] INFO  impl.RaftServerImpl (ServerState.java:setLeader(263)) - caccd92c-2544-4e02-86cf-95849f240c1b:group-3144F14AC6F4 change Leader from null to caccd92c-2544-4e02-86cf-95849f240c1b at term 1 for becomeLeader, leader elected after 6529ms
2019-09-12 10:31:51,820 [ad8ae342-df06-4311-9d84-524877c98111:group-3B1A47D1DCD4:LeaderElection107] INFO  impl.RaftServerImpl (RaftServerImpl.java:setRole(171)) - ad8ae342-df06-4311-9d84-524877c98111:group-3B1A47D1DCD4 changes role from CANDIDATE to LEADER at term 1 for changeToLeader
2019-09-12 10:31:51,820 [ad8ae342-df06-4311-9d84-524877c98111:group-4CE3EEA348CB:LeaderElection105] INFO  impl.RaftServerImpl (RaftServerImpl.java:setRole(171)) - ad8ae342-df06-4311-9d84-524877c98111:group-4CE3EEA348CB changes role from CANDIDATE to LEADER at term 1 for changeToLeader
2019-09-12 10:31:51,819 [ad8ae342-df06-4311-9d84-524877c98111:group-9C41041E3CF9:LeaderElection108] INFO  impl.RaftServerImpl (RaftServerImpl.java:setRole(171)) - ad8ae342-df06-4311-9d84-524877c98111:group-9C41041E3CF9 changes role from CANDIDATE to LEADER at term 1 for changeToLeader
2019-09-12 10:31:51,827 [ad8ae342-df06-4311-9d84-524877c98111:group-9C41041E3CF9:LeaderElection108] INFO  impl.RaftServerImpl (ServerState.java:setLeader(263)) - ad8ae342-df06-4311-9d84-524877c98111:group-9C41041E3CF9 change Leader from null to ad8ae342-df06-4311-9d84-524877c98111 at term 1 for becomeLeader, leader elected after 5832ms
2019-09-12 10:31:51,819 [caccd92c-2544-4e02-86cf-95849f240c1b:group-E51F020481E7:LeaderElection95] INFO  impl.RaftServerImpl (RaftServerImpl.java:setRole(171)) - caccd92c-2544-4e02-86cf-95849f240c1b:group-E51F020481E7 changes role from CANDIDATE to LEADER at term 1 for changeToLeader
2019-09-12 10:31:51,827 [caccd92c-2544-4e02-86cf-95849f240c1b:group-E51F020481E7:LeaderElection95] INFO  impl.RaftServerImpl (ServerState.java:setLeader(263)) - caccd92c-2544-4e02-86cf-95849f240c1b:group-E51F020481E7 change Leader from null to caccd92c-2544-4e02-86cf-95849f240c1b at term 1 for becomeLeader, leader elected after 6561ms
2019-09-12 10:31:51,819 [ad8ae342-df06-4311-9d84-524877c98111:group-66F56E0CF95C:LeaderElection106] INFO  impl.RaftServerImpl (RaftServerImpl.java:setRole(171)) - ad8ae342-df06-4311-9d84-524877c98111:group-66F56E0CF95C changes role from CANDIDATE to LEADER at term 1 for changeToLeader
2019-09-12 10:31:51,827 [ad8ae342-df06-4311-9d84-524877c98111:group-66F56E0CF95C:LeaderElection106] INFO  impl.RaftServerImpl (ServerState.java:setLeader(263)) - ad8ae342-df06-4311-9d84-524877c98111:group-66F56E0CF95C change Leader from null to ad8ae342-df06-4311-9d84-524877c98111 at term 1 for becomeLeader, leader elected after 5654ms
2019-09-12 10:31:51,819 [ad8ae342-df06-4311-9d84-524877c98111:group-AA6291B3F0BA:LeaderElection104] INFO  impl.RoleInfo (RoleInfo.java:shutdownLeaderElection(134)) - ad8ae342-df06-4311-9d84-524877c98111: shutdown LeaderElection
2019-09-12 10:31:51,827 [ad8ae342-df06-4311-9d84-524877c98111:group-66F56E0CF95C:LeaderElection106] INFO  server.RaftServerConfigKeys (ConfUtils.java:logGet(43)) - raft.server.staging.catchup.gap = 1000 (default)
2019-09-12 10:31:51,827 [caccd92c-2544-4e02-86cf-95849f240c1b:group-E51F020481E7:LeaderElection95] INFO  server.RaftServerConfigKeys (ConfUtils.java:logGet(43)) - raft.server.staging.catchup.gap = 1000 (default)
2019-09-12 10:31:51,827 [ad8ae342-df06-4311-9d84-524877c98111:group-9C41041E3CF9:LeaderElection108] INFO  server.RaftServerConfigKeys (ConfUtils.java:logGet(43)) - raft.server.staging.catchup.gap = 1000 (default)
2019-09-12 10:31:51,826 [ad8ae342-df06-4311-9d84-524877c98111:group-4CE3EEA348CB:LeaderElection105] INFO  impl.RaftServerImpl (ServerState.java:setLeader(263)) - ad8ae342-df06-4311-9d84-524877c98111:group-4CE3EEA348CB change Leader from null to ad8ae342-df06-4311-9d84-524877c98111 at term 1 for becomeLeader, leader elected after 5688ms
2019-09-12 10:31:51,826 [ad8ae342-df06-4311-9d84-524877c98111:group-3B1A47D1DCD4:LeaderElection107] INFO  impl.RaftServerImpl (ServerState.java:setLeader(263)) - ad8ae342-df06-4311-9d84-524877c98111:group-3B1A47D1DCD4 change Leader from null to ad8ae342-df06-4311-9d84-524877c98111 at term 1 for becomeLeader, leader elected after 5780ms
2019-09-12 10:31:51,826 [caccd92c-2544-4e02-86cf-95849f240c1b:group-3144F14AC6F4:LeaderElection101] INFO  server.RaftServerConfigKeys (ConfUtils.java:logGet(43)) - raft.server.staging.catchup.gap = 1000 (default)
2019-09-12 10:31:51,828 [caccd92c-2544-4e02-86cf-95849f240c1b:group-3144F14AC6F4:LeaderElection101] INFO  server.RaftServerConfigKeys (ConfUtils.java:logGet(43)) - raft.server.rpc.sleep.time = 25ms (default)
2019-09-12 10:31:51,826 [caccd92c-2544-4e02-86cf-95849f240c1b:group-9E560FC5F4DD:LeaderElection98] INFO  server.RaftServerConfigKeys (ConfUtils.java:logGet(43)) - raft.server.staging.catchup.gap = 1000 (default)
2019-09-12 10:31:51,826 [334c5273-7871-4d53-8b37-de05e5a3be10:group-898BDD98D4FD:LeaderElection100] INFO  server.RaftServerConfigKeys (ConfUtils.java:logGet(43)) - raft.server.staging.catchup.gap = 1000 (default)
2019-09-12 10:31:51,825 [334c5273-7871-4d53-8b37-de05e5a3be10:group-ECEBA98C9439:LeaderElection102] INFO  impl.RaftServerImpl (ServerState.java:setLeader(263)) - 334c5273-7871-4d53-8b37-de05e5a3be10:group-ECEBA98C9439 change Leader from null to 334c5273-7871-4d53-8b37-de05e5a3be10 at term 1 for becomeLeader, leader elected after 6229ms
2019-09-12 10:31:51,825 [Thread-1212] INFO  impl.RoleInfo (RoleInfo.java:updateAndGet(143)) - 1349d5ba-07d4-450a-9218-4f0361201438: start LeaderElection
2019-09-12 10:31:51,825 [caccd92c-2544-4e02-86cf-95849f240c1b:group-6F7F9F28A891:LeaderElection97] INFO  server.RaftServerConfigKeys (ConfUtils.java:logGet(43)) - raft.server.staging.catchup.gap = 1000 (default)
2019-09-12 10:31:51,825 [334c5273-7871-4d53-8b37-de05e5a3be10:group-BE0A19DD7A8A:LeaderElection109] INFO  server.RaftServerConfigKeys (ConfUtils.java:logGet(43)) - raft.server.rpc.sleep.time = 25ms (default)
2019-09-12 10:31:51,824 [caccd92c-2544-4e02-86cf-95849f240c1b:group-F5A874164D8C:LeaderElection103] INFO  server.RaftServerConfigKeys (ConfUtils.java:logGet(43)) - raft.server.rpc.sleep.time = 25ms (default)
2019-09-12 10:31:51,824 [Thread-1215] INFO  impl.RaftServerImpl (RaftServerImpl.java:setRole(171)) - 1349d5ba-07d4-450a-9218-4f0361201438:group-F15575A866C3 changes role from FOLLOWER to CANDIDATE at term 0 for changeToCandidate
2019-09-12 10:31:51,824 [334c5273-7871-4d53-8b37-de05e5a3be10:group-364E53036449:LeaderElection96] INFO  server.RaftServerConfigKeys (ConfUtils.java:logGet(43)) - raft.server.rpc.sleep.time = 25ms (default)
2019-09-12 10:31:51,824 [334c5273-7871-4d53-8b37-de05e5a3be10:group-840E66D6CF22:LeaderElection99] INFO  server.RaftServerConfigKeys (ConfUtils.java:logGet(43)) - raft.server.staging.catchup.gap = 1000 (default)
2019-09-12 10:31:51,830 [334c5273-7871-4d53-8b37-de05e5a3be10:group-840E66D6CF22:LeaderElection99] INFO  server.RaftServerConfigKeys (ConfUtils.java:logGet(43)) - raft.server.rpc.sleep.time = 25ms (default)
2019-09-12 10:31:51,823 [d40ec8ee-ac9e-41d6-86bd-e74a05605b85-SegmentedRaftLogWorker:Storage Directory /workdir/hadoop-ozone/integration-test/target/test-dir/MiniOzoneClusterImpl-d867a4e1-154a-4113-b5e4-c09c14df2894/datanode-1/data/ratis/2ceed834-2022-4c66-aa21-ed0a747ff7f8] INFO  util.JmxRegister (JmxRegister.java:unregister(73)) - Successfully un-registered JMX Bean with object name Ratis:service=RaftServer,group=group-ED0A747FF7F8,id=d40ec8ee-ac9e-41d6-86bd-e74a05605b85
2019-09-12 10:31:51,823 [Thread-1224] INFO  impl.RoleInfo (RoleInfo.java:updateAndGet(143)) - 1349d5ba-07d4-450a-9218-4f0361201438: start LeaderElection
2019-09-12 10:31:51,823 [Thread-1227] INFO  impl.RaftServerImpl (RaftServerImpl.java:setRole(171)) - 1349d5ba-07d4-450a-9218-4f0361201438:group-EB143B8D1303 changes role from FOLLOWER to CANDIDATE at term 0 for changeToCandidate
2019-09-12 10:31:51,823 [pool-284-thread-1] INFO  server.RaftServerConfigKeys (ConfUtils.java:logGet(43)) - raft.server.log.force.sync.num = 128 (default)
2019-09-12 10:31:51,830 [Thread-1227] INFO  impl.RoleInfo (RoleInfo.java:updateAndGet(143)) - 1349d5ba-07d4-450a-9218-4f0361201438: start LeaderElection
2019-09-12 10:31:51,830 [d40ec8ee-ac9e-41d6-86bd-e74a05605b85-SegmentedRaftLogWorker:Storage Directory /workdir/hadoop-ozone/integration-test/target/test-dir/MiniOzoneClusterImpl-d867a4e1-154a-4113-b5e4-c09c14df2894/datanode-1/data/ratis/2ceed834-2022-4c66-aa21-ed0a747ff7f8] INFO  impl.RoleInfo (RoleInfo.java:shutdownLeaderState(104)) - d40ec8ee-ac9e-41d6-86bd-e74a05605b85: shutdown LeaderState
2019-09-12 10:31:51,830 [334c5273-7871-4d53-8b37-de05e5a3be10:group-840E66D6CF22:LeaderElection99] INFO  server.RaftServerConfigKeys (ConfUtils.java:logGet(43)) - raft.server.write.element-limit = 4096 (default)
2019-09-12 10:31:51,830 [334c5273-7871-4d53-8b37-de05e5a3be10:group-364E53036449:LeaderElection96] INFO  server.RaftServerConfigKeys (ConfUtils.java:logGet(43)) - raft.server.write.element-limit = 4096 (default)
2019-09-12 10:31:51,830 [Thread-1215] INFO  impl.RoleInfo (RoleInfo.java:updateAndGet(143)) - 1349d5ba-07d4-450a-9218-4f0361201438: start LeaderElection
2019-09-12 10:31:51,829 [caccd92c-2544-4e02-86cf-95849f240c1b:group-F5A874164D8C:LeaderElection103] INFO  server.RaftServerConfigKeys (ConfUtils.java:logGet(43)) - raft.server.write.element-limit = 4096 (default)
2019-09-12 10:31:51,829 [334c5273-7871-4d53-8b37-de05e5a3be10:group-BE0A19DD7A8A:LeaderElection109] INFO  server.RaftServerConfigKeys (ConfUtils.java:logGet(43)) - raft.server.write.element-limit = 4096 (default)
2019-09-12 10:31:51,829 [caccd92c-2544-4e02-86cf-95849f240c1b:group-6F7F9F28A891:LeaderElection97] INFO  server.RaftServerConfigKeys (ConfUtils.java:logGet(43)) - raft.server.rpc.sleep.time = 25ms (default)
2019-09-12 10:31:51,829 [334c5273-7871-4d53-8b37-de05e5a3be10:group-ECEBA98C9439:LeaderElection102] INFO  server.RaftServerConfigKeys (ConfUtils.java:logGet(43)) - raft.server.staging.catchup.gap = 1000 (default)
2019-09-12 10:31:51,829 [334c5273-7871-4d53-8b37-de05e5a3be10:group-898BDD98D4FD:LeaderElection100] INFO  server.RaftServerConfigKeys (ConfUtils.java:logGet(43)) - raft.server.rpc.sleep.time = 25ms (default)
2019-09-12 10:31:51,828 [caccd92c-2544-4e02-86cf-95849f240c1b:group-9E560FC5F4DD:LeaderElection98] INFO  server.RaftServerConfigKeys (ConfUtils.java:logGet(43)) - raft.server.rpc.sleep.time = 25ms (default)
2019-09-12 10:31:51,828 [caccd92c-2544-4e02-86cf-95849f240c1b:group-3144F14AC6F4:LeaderElection101] INFO  server.RaftServerConfigKeys (ConfUtils.java:logGet(43)) - raft.server.write.element-limit = 4096 (default)
2019-09-12 10:31:51,833 [caccd92c-2544-4e02-86cf-95849f240c1b:group-3144F14AC6F4:LeaderElection101] INFO  server.RaftServerConfigKeys (ConfUtils.java:logGet(43)) - raft.server.watch.timeout = 10s (default)
2019-09-12 10:31:51,828 [ad8ae342-df06-4311-9d84-524877c98111:group-3B1A47D1DCD4:LeaderElection107] INFO  server.RaftServerConfigKeys (ConfUtils.java:logGet(43)) - raft.server.staging.catchup.gap = 1000 (default)
2019-09-12 10:31:51,828 [ad8ae342-df06-4311-9d84-524877c98111:group-4CE3EEA348CB:LeaderElection105] INFO  server.RaftServerConfigKeys (ConfUtils.java:logGet(43)) - raft.server.staging.catchup.gap = 1000 (default)
2019-09-12 10:31:51,833 [ad8ae342-df06-4311-9d84-524877c98111:group-4CE3EEA348CB:LeaderElection105] INFO  server.RaftServerConfigKeys (ConfUtils.java:logGet(43)) - raft.server.rpc.sleep.time = 25ms (default)
2019-09-12 10:31:51,828 [ad8ae342-df06-4311-9d84-524877c98111:group-9C41041E3CF9:LeaderElection108] INFO  server.RaftServerConfigKeys (ConfUtils.java:logGet(43)) - raft.server.rpc.sleep.time = 25ms (default)
2019-09-12 10:31:51,828 [caccd92c-2544-4e02-86cf-95849f240c1b:group-E51F020481E7:LeaderElection95] INFO  server.RaftServerConfigKeys (ConfUtils.java:logGet(43)) - raft.server.rpc.sleep.time = 25ms (default)
2019-09-12 10:31:51,827 [ad8ae342-df06-4311-9d84-524877c98111:group-66F56E0CF95C:LeaderElection106] INFO  server.RaftServerConfigKeys (ConfUtils.java:logGet(43)) - raft.server.rpc.sleep.time = 25ms (default)
2019-09-12 10:31:51,827 [ad8ae342-df06-4311-9d84-524877c98111:group-AA6291B3F0BA:LeaderElection104] INFO  impl.RaftServerImpl (RaftServerImpl.java:setRole(171)) - ad8ae342-df06-4311-9d84-524877c98111:group-AA6291B3F0BA changes role from CANDIDATE to LEADER at term 1 for changeToLeader
2019-09-12 10:31:51,834 [ad8ae342-df06-4311-9d84-524877c98111:group-66F56E0CF95C:LeaderElection106] INFO  server.RaftServerConfigKeys (ConfUtils.java:logGet(43)) - raft.server.write.element-limit = 4096 (default)
2019-09-12 10:31:51,833 [caccd92c-2544-4e02-86cf-95849f240c1b:group-E51F020481E7:LeaderElection95] INFO  server.RaftServerConfigKeys (ConfUtils.java:logGet(43)) - raft.server.write.element-limit = 4096 (default)
2019-09-12 10:31:51,833 [ad8ae342-df06-4311-9d84-524877c98111:group-9C41041E3CF9:LeaderElection108] INFO  server.RaftServerConfigKeys (ConfUtils.java:logGet(43)) - raft.server.write.element-limit = 4096 (default)
2019-09-12 10:31:51,833 [ad8ae342-df06-4311-9d84-524877c98111:group-4CE3EEA348CB:LeaderElection105] INFO  server.RaftServerConfigKeys (ConfUtils.java:logGet(43)) - raft.server.write.element-limit = 4096 (default)
2019-09-12 10:31:51,833 [ad8ae342-df06-4311-9d84-524877c98111:group-3B1A47D1DCD4:LeaderElection107] INFO  server.RaftServerConfigKeys (ConfUtils.java:logGet(43)) - raft.server.rpc.sleep.time = 25ms (default)
2019-09-12 10:31:51,833 [caccd92c-2544-4e02-86cf-95849f240c1b:group-3144F14AC6F4:LeaderElection101] INFO  server.RaftServerConfigKeys (ConfUtils.java:logGet(43)) - raft.server.watch.timeout.denomination = 1s (default)
2019-09-12 10:31:51,832 [caccd92c-2544-4e02-86cf-95849f240c1b:group-9E560FC5F4DD:LeaderElection98] INFO  server.RaftServerConfigKeys (ConfUtils.java:logGet(43)) - raft.server.write.element-limit = 4096 (default)
2019-09-12 10:31:51,835 [caccd92c-2544-4e02-86cf-95849f240c1b:group-9E560FC5F4DD:LeaderElection98] INFO  server.RaftServerConfigKeys (ConfUtils.java:logGet(43)) - raft.server.watch.timeout = 10s (default)
2019-09-12 10:31:51,832 [334c5273-7871-4d53-8b37-de05e5a3be10:group-898BDD98D4FD:LeaderElection100] INFO  server.RaftServerConfigKeys (ConfUtils.java:logGet(43)) - raft.server.write.element-limit = 4096 (default)
2019-09-12 10:31:51,832 [334c5273-7871-4d53-8b37-de05e5a3be10:group-ECEBA98C9439:LeaderElection102] INFO  server.RaftServerConfigKeys (ConfUtils.java:logGet(43)) - raft.server.rpc.sleep.time = 25ms (default)
2019-09-12 10:31:51,832 [caccd92c-2544-4e02-86cf-95849f240c1b:group-6F7F9F28A891:LeaderElection97] INFO  server.RaftServerConfigKeys (ConfUtils.java:logGet(43)) - raft.server.write.element-limit = 4096 (default)
2019-09-12 10:31:51,832 [334c5273-7871-4d53-8b37-de05e5a3be10:group-BE0A19DD7A8A:LeaderElection109] INFO  server.RaftServerConfigKeys (ConfUtils.java:logGet(43)) - raft.server.watch.timeout = 10s (default)
2019-09-12 10:31:51,836 [334c5273-7871-4d53-8b37-de05e5a3be10:group-BE0A19DD7A8A:LeaderElection109] INFO  server.RaftServerConfigKeys (ConfUtils.java:logGet(43)) - raft.server.watch.timeout.denomination = 1s (default)
2019-09-12 10:31:51,832 [caccd92c-2544-4e02-86cf-95849f240c1b:group-F5A874164D8C:LeaderElection103] INFO  server.RaftServerConfigKeys (ConfUtils.java:logGet(43)) - raft.server.watch.timeout = 10s (default)
2019-09-12 10:31:51,836 [caccd92c-2544-4e02-86cf-95849f240c1b:group-F5A874164D8C:LeaderElection103] INFO  server.RaftServerConfigKeys (ConfUtils.java:logGet(43)) - raft.server.watch.timeout.denomination = 1s (default)
2019-09-12 10:31:51,831 [1349d5ba-07d4-450a-9218-4f0361201438:group-82E1FADBF901:LeaderElection112] INFO  impl.LeaderElection (LeaderElection.java:askForVotes(181)) - 1349d5ba-07d4-450a-9218-4f0361201438:group-82E1FADBF901:LeaderElection112: begin an election at term 1 for -1: [1349d5ba-07d4-450a-9218-4f0361201438:192.168.36.114:34435], old=null
2019-09-12 10:31:51,831 [1349d5ba-07d4-450a-9218-4f0361201438:group-D1A011A1E2AC:LeaderElection113] INFO  impl.LeaderElection (LeaderElection.java:askForVotes(181)) - 1349d5ba-07d4-450a-9218-4f0361201438:group-D1A011A1E2AC:LeaderElection113: begin an election at term 1 for -1: [1349d5ba-07d4-450a-9218-4f0361201438:192.168.36.114:34435], old=null
2019-09-12 10:31:51,831 [ad8ae342-df06-4311-9d84-524877c98111:group-069D5722A351:LeaderElection110] INFO  impl.LeaderElection (LeaderElection.java:askForVotes(181)) - ad8ae342-df06-4311-9d84-524877c98111:group-069D5722A351:LeaderElection110: begin an election at term 1 for -1: [ad8ae342-df06-4311-9d84-524877c98111:192.168.36.114:39527], old=null
2019-09-12 10:31:51,831 [334c5273-7871-4d53-8b37-de05e5a3be10:group-EDE8C272DE80:LeaderElection111] INFO  impl.LeaderElection (LeaderElection.java:askForVotes(181)) - 334c5273-7871-4d53-8b37-de05e5a3be10:group-EDE8C272DE80:LeaderElection111: begin an election at term 1 for -1: [334c5273-7871-4d53-8b37-de05e5a3be10:192.168.36.114:43431], old=null
2019-09-12 10:31:51,837 [334c5273-7871-4d53-8b37-de05e5a3be10:group-EDE8C272DE80:LeaderElection111] INFO  impl.RoleInfo (RoleInfo.java:shutdownLeaderElection(134)) - 334c5273-7871-4d53-8b37-de05e5a3be10: shutdown LeaderElection
2019-09-12 10:31:51,831 [334c5273-7871-4d53-8b37-de05e5a3be10:group-364E53036449:LeaderElection96] INFO  server.RaftServerConfigKeys (ConfUtils.java:logGet(43)) - raft.server.watch.timeout = 10s (default)
2019-09-12 10:31:51,831 [334c5273-7871-4d53-8b37-de05e5a3be10:group-840E66D6CF22:LeaderElection99] INFO  server.RaftServerConfigKeys (ConfUtils.java:logGet(43)) - raft.server.watch.timeout = 10s (default)
2019-09-12 10:31:51,831 [d40ec8ee-ac9e-41d6-86bd-e74a05605b85-SegmentedRaftLogWorker:Storage Directory /workdir/hadoop-ozone/integration-test/target/test-dir/MiniOzoneClusterImpl-d867a4e1-154a-4113-b5e4-c09c14df2894/datanode-1/data/ratis/2ceed834-2022-4c66-aa21-ed0a747ff7f8] INFO  impl.PendingRequests (PendingRequests.java:sendNotLeaderResponses(202)) - d40ec8ee-ac9e-41d6-86bd-e74a05605b85-PendingRequests: sendNotLeaderResponses
2019-09-12 10:31:51,831 [pool-284-thread-1] INFO  server.RaftServerConfigKeys (ConfUtils.java:logGet(43)) - raft.server.log.statemachine.data.sync = true (default)
2019-09-12 10:31:51,837 [d40ec8ee-ac9e-41d6-86bd-e74a05605b85-SegmentedRaftLogWorker:Storage Directory /workdir/hadoop-ozone/integration-test/target/test-dir/MiniOzoneClusterImpl-d867a4e1-154a-4113-b5e4-c09c14df2894/datanode-1/data/ratis/2ceed834-2022-4c66-aa21-ed0a747ff7f8] INFO  impl.StateMachineUpdater (StateMachineUpdater.java:stopAndJoin(115)) - StateMachineUpdater:d40ec8ee-ac9e-41d6-86bd-e74a05605b85:group-ED0A747FF7F8: set stopIndex = -1
2019-09-12 10:31:51,837 [334c5273-7871-4d53-8b37-de05e5a3be10:group-840E66D6CF22:LeaderElection99] INFO  server.RaftServerConfigKeys (ConfUtils.java:logGet(43)) - raft.server.watch.timeout.denomination = 1s (default)
2019-09-12 10:31:51,837 [334c5273-7871-4d53-8b37-de05e5a3be10:group-364E53036449:LeaderElection96] INFO  server.RaftServerConfigKeys (ConfUtils.java:logGet(43)) - raft.server.watch.timeout.denomination = 1s (default)
2019-09-12 10:31:51,837 [334c5273-7871-4d53-8b37-de05e5a3be10:group-EDE8C272DE80:LeaderElection111] INFO  impl.RaftServerImpl (RaftServerImpl.java:setRole(171)) - 334c5273-7871-4d53-8b37-de05e5a3be10:group-EDE8C272DE80 changes role from CANDIDATE to LEADER at term 1 for changeToLeader
2019-09-12 10:31:51,838 [334c5273-7871-4d53-8b37-de05e5a3be10:group-EDE8C272DE80:LeaderElection111] INFO  impl.RaftServerImpl (ServerState.java:setLeader(263)) - 334c5273-7871-4d53-8b37-de05e5a3be10:group-EDE8C272DE80 change Leader from null to 334c5273-7871-4d53-8b37-de05e5a3be10 at term 1 for becomeLeader, leader elected after 6163ms
2019-09-12 10:31:51,836 [ad8ae342-df06-4311-9d84-524877c98111:group-069D5722A351:LeaderElection110] INFO  impl.RoleInfo (RoleInfo.java:shutdownLeaderElection(134)) - ad8ae342-df06-4311-9d84-524877c98111: shutdown LeaderElection
2019-09-12 10:31:51,838 [ad8ae342-df06-4311-9d84-524877c98111:group-069D5722A351:LeaderElection110] INFO  impl.RaftServerImpl (RaftServerImpl.java:setRole(171)) - ad8ae342-df06-4311-9d84-524877c98111:group-069D5722A351 changes role from CANDIDATE to LEADER at term 1 for changeToLeader
2019-09-12 10:31:51,836 [1349d5ba-07d4-450a-9218-4f0361201438:group-D1A011A1E2AC:LeaderElection113] INFO  impl.RoleInfo (RoleInfo.java:shutdownLeaderElection(134)) - 1349d5ba-07d4-450a-9218-4f0361201438: shutdown LeaderElection
2019-09-12 10:31:51,836 [1349d5ba-07d4-450a-9218-4f0361201438:group-82E1FADBF901:LeaderElection112] INFO  impl.RoleInfo (RoleInfo.java:shutdownLeaderElection(134)) - 1349d5ba-07d4-450a-9218-4f0361201438: shutdown LeaderElection
2019-09-12 10:31:51,839 [1349d5ba-07d4-450a-9218-4f0361201438:group-82E1FADBF901:LeaderElection112] INFO  impl.RaftServerImpl (RaftServerImpl.java:setRole(171)) - 1349d5ba-07d4-450a-9218-4f0361201438:group-82E1FADBF901 changes role from CANDIDATE to LEADER at term 1 for changeToLeader
2019-09-12 10:31:51,836 [caccd92c-2544-4e02-86cf-95849f240c1b:group-F5A874164D8C:LeaderElection103] INFO  server.RaftServerConfigKeys (ConfUtils.java:logGet(43)) - raft.server.watch.element-limit = 65536 (default)
2019-09-12 10:31:51,836 [334c5273-7871-4d53-8b37-de05e5a3be10:group-BE0A19DD7A8A:LeaderElection109] INFO  server.RaftServerConfigKeys (ConfUtils.java:logGet(43)) - raft.server.watch.element-limit = 65536 (default)
2019-09-12 10:31:51,835 [caccd92c-2544-4e02-86cf-95849f240c1b:group-6F7F9F28A891:LeaderElection97] INFO  server.RaftServerConfigKeys (ConfUtils.java:logGet(43)) - raft.server.watch.timeout = 10s (default)
2019-09-12 10:31:51,839 [334c5273-7871-4d53-8b37-de05e5a3be10:group-BE0A19DD7A8A:LeaderElection109] INFO  impl.RoleInfo (RoleInfo.java:updateAndGet(143)) - 334c5273-7871-4d53-8b37-de05e5a3be10: start LeaderState
2019-09-12 10:31:51,835 [334c5273-7871-4d53-8b37-de05e5a3be10:group-ECEBA98C9439:LeaderElection102] INFO  server.RaftServerConfigKeys (ConfUtils.java:logGet(43)) - raft.server.write.element-limit = 4096 (default)
2019-09-12 10:31:51,835 [334c5273-7871-4d53-8b37-de05e5a3be10:group-898BDD98D4FD:LeaderElection100] INFO  server.RaftServerConfigKeys (ConfUtils.java:logGet(43)) - raft.server.watch.timeout = 10s (default)
2019-09-12 10:31:51,839 [334c5273-7871-4d53-8b37-de05e5a3be10:group-898BDD98D4FD:LeaderElection100] INFO  server.RaftServerConfigKeys (ConfUtils.java:logGet(43)) - raft.server.watch.timeout.denomination = 1s (default)
2019-09-12 10:31:51,835 [caccd92c-2544-4e02-86cf-95849f240c1b:group-9E560FC5F4DD:LeaderElection98] INFO  server.RaftServerConfigKeys (ConfUtils.java:logGet(43)) - raft.server.watch.timeout.denomination = 1s (default)
2019-09-12 10:31:51,835 [main] WARN  server.ServerUtils (ServerUtils.java:getScmDbDir(145)) - ozone.scm.db.dirs is not configured. We recommend adding this setting. Falling back to ozone.metadata.dirs instead.
2019-09-12 10:31:51,835 [caccd92c-2544-4e02-86cf-95849f240c1b:group-3144F14AC6F4:LeaderElection101] INFO  server.RaftServerConfigKeys (ConfUtils.java:logGet(43)) - raft.server.watch.element-limit = 65536 (default)
2019-09-12 10:31:51,835 [ad8ae342-df06-4311-9d84-524877c98111:group-3B1A47D1DCD4:LeaderElection107] INFO  server.RaftServerConfigKeys (ConfUtils.java:logGet(43)) - raft.server.write.element-limit = 4096 (default)
2019-09-12 10:31:51,834 [ad8ae342-df06-4311-9d84-524877c98111:group-4CE3EEA348CB:LeaderElection105] INFO  server.RaftServerConfigKeys (ConfUtils.java:logGet(43)) - raft.server.watch.timeout = 10s (default)
2019-09-12 10:31:51,834 [ad8ae342-df06-4311-9d84-524877c98111:group-9C41041E3CF9:LeaderElection108] INFO  server.RaftServerConfigKeys (ConfUtils.java:logGet(43)) - raft.server.watch.timeout = 10s (default)
2019-09-12 10:31:51,834 [caccd92c-2544-4e02-86cf-95849f240c1b:group-E51F020481E7:LeaderElection95] INFO  server.RaftServerConfigKeys (ConfUtils.java:logGet(43)) - raft.server.watch.timeout = 10s (default)
2019-09-12 10:31:51,841 [caccd92c-2544-4e02-86cf-95849f240c1b:group-E51F020481E7:LeaderElection95] INFO  server.RaftServerConfigKeys (ConfUtils.java:logGet(43)) - raft.server.watch.timeout.denomination = 1s (default)
2019-09-12 10:31:51,834 [ad8ae342-df06-4311-9d84-524877c98111:group-66F56E0CF95C:LeaderElection106] INFO  server.RaftServerConfigKeys (ConfUtils.java:logGet(43)) - raft.server.watch.timeout = 10s (default)
2019-09-12 10:31:51,841 [ad8ae342-df06-4311-9d84-524877c98111:group-66F56E0CF95C:LeaderElection106] INFO  server.RaftServerConfigKeys (ConfUtils.java:logGet(43)) - raft.server.watch.timeout.denomination = 1s (default)
2019-09-12 10:31:51,834 [ad8ae342-df06-4311-9d84-524877c98111:group-AA6291B3F0BA:LeaderElection104] INFO  impl.RaftServerImpl (ServerState.java:setLeader(263)) - ad8ae342-df06-4311-9d84-524877c98111:group-AA6291B3F0BA change Leader from null to ad8ae342-df06-4311-9d84-524877c98111 at term 1 for becomeLeader, leader elected after 5608ms
2019-09-12 10:31:51,841 [ad8ae342-df06-4311-9d84-524877c98111:group-66F56E0CF95C:LeaderElection106] INFO  server.RaftServerConfigKeys (ConfUtils.java:logGet(43)) - raft.server.watch.element-limit = 65536 (default)
2019-09-12 10:31:51,841 [caccd92c-2544-4e02-86cf-95849f240c1b:group-E51F020481E7:LeaderElection95] INFO  server.RaftServerConfigKeys (ConfUtils.java:logGet(43)) - raft.server.watch.element-limit = 65536 (default)
2019-09-12 10:31:51,841 [ad8ae342-df06-4311-9d84-524877c98111:group-9C41041E3CF9:LeaderElection108] INFO  server.RaftServerConfigKeys (ConfUtils.java:logGet(43)) - raft.server.watch.timeout.denomination = 1s (default)
2019-09-12 10:31:51,840 [ad8ae342-df06-4311-9d84-524877c98111:group-4CE3EEA348CB:LeaderElection105] INFO  server.RaftServerConfigKeys (ConfUtils.java:logGet(43)) - raft.server.watch.timeout.denomination = 1s (default)
2019-09-12 10:31:51,842 [ad8ae342-df06-4311-9d84-524877c98111:group-4CE3EEA348CB:LeaderElection105] INFO  server.RaftServerConfigKeys (ConfUtils.java:logGet(43)) - raft.server.watch.element-limit = 65536 (default)
2019-09-12 10:31:51,840 [ad8ae342-df06-4311-9d84-524877c98111:group-3B1A47D1DCD4:LeaderElection107] INFO  server.RaftServerConfigKeys (ConfUtils.java:logGet(43)) - raft.server.watch.timeout = 10s (default)
2019-09-12 10:31:51,840 [caccd92c-2544-4e02-86cf-95849f240c1b:group-3144F14AC6F4:LeaderElection101] INFO  impl.RoleInfo (RoleInfo.java:updateAndGet(143)) - caccd92c-2544-4e02-86cf-95849f240c1b: start LeaderState
2019-09-12 10:31:51,840 [caccd92c-2544-4e02-86cf-95849f240c1b:group-9E560FC5F4DD:LeaderElection98] INFO  server.RaftServerConfigKeys (ConfUtils.java:logGet(43)) - raft.server.watch.element-limit = 65536 (default)
2019-09-12 10:31:51,840 [334c5273-7871-4d53-8b37-de05e5a3be10:group-898BDD98D4FD:LeaderElection100] INFO  server.RaftServerConfigKeys (ConfUtils.java:logGet(43)) - raft.server.watch.element-limit = 65536 (default)
2019-09-12 10:31:51,839 [334c5273-7871-4d53-8b37-de05e5a3be10:group-ECEBA98C9439:LeaderElection102] INFO  server.RaftServerConfigKeys (ConfUtils.java:logGet(43)) - raft.server.watch.timeout = 10s (default)
2019-09-12 10:31:51,839 [334c5273-7871-4d53-8b37-de05e5a3be10:group-BE0A19DD7A8A:LeaderElection109] INFO  segmented.SegmentedRaftLogWorker (SegmentedRaftLogWorker.java:startLogSegment(380)) - 334c5273-7871-4d53-8b37-de05e5a3be10-SegmentedRaftLogWorker:Storage Directory /workdir/hadoop-ozone/integration-test/target/test-dir/MiniOzoneClusterImpl-d867a4e1-154a-4113-b5e4-c09c14df2894/datanode-3/data/ratis/43692140-a49c-47ea-93af-be0a19dd7a8a: Starting segment from index:0
2019-09-12 10:31:51,839 [caccd92c-2544-4e02-86cf-95849f240c1b:group-6F7F9F28A891:LeaderElection97] INFO  server.RaftServerConfigKeys (ConfUtils.java:logGet(43)) - raft.server.watch.timeout.denomination = 1s (default)
2019-09-12 10:31:51,843 [caccd92c-2544-4e02-86cf-95849f240c1b:group-6F7F9F28A891:LeaderElection97] INFO  server.RaftServerConfigKeys (ConfUtils.java:logGet(43)) - raft.server.watch.element-limit = 65536 (default)
2019-09-12 10:31:51,839 [caccd92c-2544-4e02-86cf-95849f240c1b:group-F5A874164D8C:LeaderElection103] INFO  impl.RoleInfo (RoleInfo.java:updateAndGet(143)) - caccd92c-2544-4e02-86cf-95849f240c1b: start LeaderState
2019-09-12 10:31:51,839 [1349d5ba-07d4-450a-9218-4f0361201438:group-82E1FADBF901:LeaderElection112] INFO  impl.RaftServerImpl (ServerState.java:setLeader(263)) - 1349d5ba-07d4-450a-9218-4f0361201438:group-82E1FADBF901 change Leader from null to 1349d5ba-07d4-450a-9218-4f0361201438 at term 1 for becomeLeader, leader elected after 5381ms
2019-09-12 10:31:52,157 [caccd92c-2544-4e02-86cf-95849f240c1b:group-F5A874164D8C:LeaderElection103] INFO  segmented.SegmentedRaftLogWorker (SegmentedRaftLogWorker.java:startLogSegment(380)) - caccd92c-2544-4e02-86cf-95849f240c1b-SegmentedRaftLogWorker:Storage Directory /workdir/hadoop-ozone/integration-test/target/test-dir/MiniOzoneClusterImpl-d867a4e1-154a-4113-b5e4-c09c14df2894/datanode-2/data/ratis/c4c95996-a9a7-427f-93b6-f5a874164d8c: Starting segment from index:0
2019-09-12 10:31:51,838 [1349d5ba-07d4-450a-9218-4f0361201438:group-D1A011A1E2AC:LeaderElection113] INFO  impl.RaftServerImpl (RaftServerImpl.java:setRole(171)) - 1349d5ba-07d4-450a-9218-4f0361201438:group-D1A011A1E2AC changes role from CANDIDATE to LEADER at term 1 for changeToLeader
2019-09-12 10:31:51,838 [ad8ae342-df06-4311-9d84-524877c98111:group-069D5722A351:LeaderElection110] INFO  impl.RaftServerImpl (ServerState.java:setLeader(263)) - ad8ae342-df06-4311-9d84-524877c98111:group-069D5722A351 change Leader from null to ad8ae342-df06-4311-9d84-524877c98111 at term 1 for becomeLeader, leader elected after 5755ms
2019-09-12 10:31:52,502 | INFO  | SCMAudit | user=jenkins1000 | ip=192.168.36.114 | op=SEND_HEARTBEAT {datanodeUUID=bcda0514-d42e-47ca-96fd-c0a633e872a8, command=[]} | ret=SUCCESS |  
2019-09-12 10:31:52,502 | INFO  | SCMAudit | user=jenkins1000 | ip=192.168.36.114 | op=SEND_HEARTBEAT {datanodeUUID=22ce2f4b-d517-44cf-8041-712d813e08f3, command=[]} | ret=SUCCESS |  
2019-09-12 10:31:52,502 | INFO  | SCMAudit | user=jenkins1000 | ip=192.168.36.114 | op=SEND_HEARTBEAT {datanodeUUID=b6dd7c38-f675-445e-811b-15cf17d56c0a, command=[]} | ret=SUCCESS |  
2019-09-12 10:31:52,502 | INFO  | SCMAudit | user=jenkins1000 | ip=192.168.36.114 | op=SEND_HEARTBEAT {datanodeUUID=9616c881-dbb1-48da-90dd-a872ed779a2e, command=[]} | ret=SUCCESS |  
2019-09-12 10:31:52,502 | INFO  | SCMAudit | user=jenkins1000 | ip=192.168.36.114 | op=SEND_HEARTBEAT {datanodeUUID=2d50b591-d6e4-490f-9fa0-973ad5423bd7, command=[]} | ret=SUCCESS |  
2019-09-12 10:31:52,503 | INFO  | SCMAudit | user=jenkins1000 | ip=192.168.36.114 | op=SEND_HEARTBEAT {datanodeUUID=ff438662-24cf-49bb-bfc5-3308ec6d286b, command=[]} | ret=SUCCESS |  
2019-09-12 10:31:52,503 | INFO  | SCMAudit | user=jenkins1000 | ip=192.168.36.114 | op=SEND_HEARTBEAT {datanodeUUID=c1e71898-521f-4627-a3f1-9884c4b96ced, command=[]} | ret=SUCCESS |  
2019-09-12 10:31:52,503 | INFO  | SCMAudit | user=jenkins1000 | ip=192.168.36.114 | op=SEND_HEARTBEAT {datanodeUUID=f17b4253-95a0-4ee6-8ded-88f070f15b33, command=[]} | ret=SUCCESS |  
2019-09-12 10:31:52,503 | INFO  | SCMAudit | user=jenkins1000 | ip=192.168.36.114 | op=SEND_HEARTBEAT {datanodeUUID=eaeff1e2-de9c-4510-872d-283eb6c3c330, command=[]} | ret=SUCCESS |  
2019-09-12 10:31:52,503 | INFO  | SCMAudit | user=jenkins1000 | ip=192.168.36.114 | op=SEND_HEARTBEAT {datanodeUUID=accf000b-d7b7-4fa5-9682-da82c4451e10, command=[]} | ret=SUCCESS |  
2019-09-12 10:31:52,503 | INFO  | SCMAudit | user=jenkins1000 | ip=192.168.36.114 | op=SEND_HEARTBEAT {datanodeUUID=caccd92c-2544-4e02-86cf-95849f240c1b, command=[]} | ret=SUCCESS |  
2019-09-12 10:31:51,838 [334c5273-7871-4d53-8b37-de05e5a3be10:group-EDE8C272DE80:LeaderElection111] INFO  server.RaftServerConfigKeys (ConfUtils.java:logGet(43)) - raft.server.staging.catchup.gap = 1000 (default)
2019-09-12 10:31:52,503 | INFO  | SCMAudit | user=jenkins1000 | ip=192.168.36.114 | op=SEND_HEARTBEAT {datanodeUUID=39df7a3f-9691-48d4-a2b1-6888489a5f8a, command=[]} | ret=SUCCESS |  
2019-09-12 10:31:52,503 | INFO  | SCMAudit | user=jenkins1000 | ip=192.168.36.114 | op=SEND_HEARTBEAT {datanodeUUID=1349d5ba-07d4-450a-9218-4f0361201438, command=[]} | ret=SUCCESS |  
2019-09-12 10:31:52,503 | INFO  | SCMAudit | user=jenkins1000 | ip=192.168.36.114 | op=SEND_HEARTBEAT {datanodeUUID=2cb9d557-cb56-4745-8686-5e72b62e748a, command=[]} | ret=SUCCESS |  
2019-09-12 10:31:52,503 | INFO  | SCMAudit | user=jenkins1000 | ip=192.168.36.114 | op=SEND_HEARTBEAT {datanodeUUID=c54af6f8-a22e-478f-90e1-029d14059a99, command=[]} | ret=SUCCESS |  
2019-09-12 10:31:52,503 | INFO  | SCMAudit | user=jenkins1000 | ip=192.168.36.114 | op=SEND_HEARTBEAT {datanodeUUID=ad8ae342-df06-4311-9d84-524877c98111, command=[]} | ret=SUCCESS |  
2019-09-12 10:31:51,838 [334c5273-7871-4d53-8b37-de05e5a3be10:group-364E53036449:LeaderElection96] INFO  server.RaftServerConfigKeys (ConfUtils.java:logGet(43)) - raft.server.watch.element-limit = 65536 (default)
2019-09-12 10:31:51,838 [334c5273-7871-4d53-8b37-de05e5a3be10:group-840E66D6CF22:LeaderElection99] INFO  server.RaftServerConfigKeys (ConfUtils.java:logGet(43)) - raft.server.watch.element-limit = 65536 (default)
2019-09-12 10:31:52,504 | INFO  | SCMAudit | user=jenkins1000 | ip=192.168.36.114 | op=SEND_HEARTBEAT {datanodeUUID=334c5273-7871-4d53-8b37-de05e5a3be10, command=[]} | ret=SUCCESS |  
2019-09-12 10:31:52,504 | INFO  | SCMAudit | user=jenkins1000 | ip=192.168.36.114 | op=SEND_HEARTBEAT {datanodeUUID=d9d65fd8-d100-497d-8460-9a4cf62b4ad5, command=[]} | ret=SUCCESS |  
2019-09-12 10:31:51,837 [d40ec8ee-ac9e-41d6-86bd-e74a05605b85-SegmentedRaftLogWorker:Storage Directory /workdir/hadoop-ozone/integration-test/target/test-dir/MiniOzoneClusterImpl-d867a4e1-154a-4113-b5e4-c09c14df2894/datanode-1/data/ratis/2ceed834-2022-4c66-aa21-ed0a747ff7f8] INFO  impl.RaftServerImpl (ServerState.java:close(394)) - d40ec8ee-ac9e-41d6-86bd-e74a05605b85:group-ED0A747FF7F8 closes. The last applied log index is -1
2019-09-12 10:31:52,503 | INFO  | SCMAudit | user=jenkins1000 | ip=192.168.36.114 | op=SEND_HEARTBEAT {datanodeUUID=c9031a36-5f7c-4098-8bea-8a46141708a6, command=[]} | ret=SUCCESS |  
2019-09-12 10:31:52,503 | INFO  | SCMAudit | user=jenkins1000 | ip=192.168.36.114 | op=SEND_HEARTBEAT {datanodeUUID=5dd0cd62-5770-41dd-9e5a-f3f3eedc40c1, command=[]} | ret=SUCCESS |  
2019-09-12 10:31:52,503 | INFO  | SCMAudit | user=jenkins1000 | ip=192.168.36.114 | op=SEND_HEARTBEAT {datanodeUUID=d40ec8ee-ac9e-41d6-86bd-e74a05605b85, command=[]} | ret=SUCCESS |  
2019-09-12 10:31:51,837 [pool-284-thread-1] INFO  server.RaftServerConfigKeys (ConfUtils.java:logGet(43)) - raft.server.log.statemachine.data.sync.timeout = 10s (default)
2019-09-12 10:31:52,504 [d40ec8ee-ac9e-41d6-86bd-e74a05605b85-SegmentedRaftLogWorker:Storage Directory /workdir/hadoop-ozone/integration-test/target/test-dir/MiniOzoneClusterImpl-d867a4e1-154a-4113-b5e4-c09c14df2894/datanode-1/data/ratis/2ceed834-2022-4c66-aa21-ed0a747ff7f8] INFO  segmented.SegmentedRaftLogWorker (SegmentedRaftLogWorker.java:close(228)) - d40ec8ee-ac9e-41d6-86bd-e74a05605b85-SegmentedRaftLogWorker:Storage Directory /workdir/hadoop-ozone/integration-test/target/test-dir/MiniOzoneClusterImpl-d867a4e1-154a-4113-b5e4-c09c14df2894/datanode-1/data/ratis/2ceed834-2022-4c66-aa21-ed0a747ff7f8 close()
2019-09-12 10:31:52,504 [334c5273-7871-4d53-8b37-de05e5a3be10:group-840E66D6CF22:LeaderElection99] INFO  impl.RoleInfo (RoleInfo.java:updateAndGet(143)) - 334c5273-7871-4d53-8b37-de05e5a3be10: start LeaderState
2019-09-12 10:31:52,504 [334c5273-7871-4d53-8b37-de05e5a3be10:group-364E53036449:LeaderElection96] INFO  impl.RoleInfo (RoleInfo.java:updateAndGet(143)) - 334c5273-7871-4d53-8b37-de05e5a3be10: start LeaderState
2019-09-12 10:31:52,503 [Thread-1082] INFO  impl.FollowerState (FollowerState.java:run(106)) - 5dd0cd62-5770-41dd-9e5a-f3f3eedc40c1:group-B898DF89A595 changes to CANDIDATE, lastRpcTime:10867, electionTimeout:5014ms
2019-09-12 10:31:52,505 [Thread-1082] INFO  impl.RoleInfo (RoleInfo.java:shutdownFollowerState(121)) - 5dd0cd62-5770-41dd-9e5a-f3f3eedc40c1: shutdown FollowerState
2019-09-12 10:31:52,503 [334c5273-7871-4d53-8b37-de05e5a3be10:group-EDE8C272DE80:LeaderElection111] INFO  server.RaftServerConfigKeys (ConfUtils.java:logGet(43)) - raft.server.rpc.sleep.time = 25ms (default)
2019-09-12 10:31:52,503 [caccd92c-2544-4e02-86cf-95849f240c1b:group-F5A874164D8C:LeaderElection103] INFO  impl.RaftServerImpl (ServerState.java:setRaftConf(361)) - caccd92c-2544-4e02-86cf-95849f240c1b:group-F5A874164D8C set configuration 0: [caccd92c-2544-4e02-86cf-95849f240c1b:192.168.36.114:37072], old=null at 0
2019-09-12 10:31:52,497 [caccd92c-2544-4e02-86cf-95849f240c1b-SegmentedRaftLogWorker:Storage Directory /workdir/hadoop-ozone/integration-test/target/test-dir/MiniOzoneClusterImpl-d867a4e1-154a-4113-b5e4-c09c14df2894/datanode-2/data/ratis/dd37ad43-18c2-4652-a889-4cd58f3f0305] ERROR segmented.SegmentedRaftLogWorker (SegmentedRaftLogWorker.java:run(323)) - caccd92c-2544-4e02-86cf-95849f240c1b-SegmentedRaftLogWorker:Storage Directory /workdir/hadoop-ozone/integration-test/target/test-dir/MiniOzoneClusterImpl-d867a4e1-154a-4113-b5e4-c09c14df2894/datanode-2/data/ratis/dd37ad43-18c2-4652-a889-4cd58f3f0305 hit exception
java.lang.OutOfMemoryError: Direct buffer memory
	at java.nio.Bits.reserveMemory(Bits.java:666)
	at java.nio.DirectByteBuffer.<init>(DirectByteBuffer.java:123)
	at java.nio.ByteBuffer.allocateDirect(ByteBuffer.java:311)
	at org.apache.ratis.server.raftlog.segmented.BufferedWriteChannel.<init>(BufferedWriteChannel.java:41)
	at org.apache.ratis.server.raftlog.segmented.SegmentedRaftLogOutputStream.<init>(SegmentedRaftLogOutputStream.java:72)
	at org.apache.ratis.server.raftlog.segmented.SegmentedRaftLogWorker$StartLogSegment.execute(SegmentedRaftLogWorker.java:566)
	at org.apache.ratis.server.raftlog.segmented.SegmentedRaftLogWorker.run(SegmentedRaftLogWorker.java:289)
	at java.lang.Thread.run(Thread.java:748)
2019-09-12 10:31:52,496 [Thread-1085] INFO  impl.FollowerState (FollowerState.java:run(106)) - 5dd0cd62-5770-41dd-9e5a-f3f3eedc40c1:group-B8A95644C2A9 changes to CANDIDATE, lastRpcTime:10815, electionTimeout:5196ms
2019-09-12 10:31:52,506 [Thread-1085] INFO  impl.RoleInfo (RoleInfo.java:shutdownFollowerState(121)) - 5dd0cd62-5770-41dd-9e5a-f3f3eedc40c1: shutdown FollowerState
2019-09-12 10:31:52,506 [Thread-1085] INFO  impl.RaftServerImpl (RaftServerImpl.java:setRole(171)) - 5dd0cd62-5770-41dd-9e5a-f3f3eedc40c1:group-B8A95644C2A9 changes role from FOLLOWER to CANDIDATE at term 0 for changeToCandidate
2019-09-12 10:31:52,158 [ad8ae342-df06-4311-9d84-524877c98111:group-069D5722A351:LeaderElection110] INFO  server.RaftServerConfigKeys (ConfUtils.java:logGet(43)) - raft.server.staging.catchup.gap = 1000 (default)
2019-09-12 10:31:52,506 [ad8ae342-df06-4311-9d84-524877c98111:group-069D5722A351:LeaderElection110] INFO  server.RaftServerConfigKeys (ConfUtils.java:logGet(43)) - raft.server.rpc.sleep.time = 25ms (default)
2019-09-12 10:31:52,158 [1349d5ba-07d4-450a-9218-4f0361201438:group-D1A011A1E2AC:LeaderElection113] INFO  impl.RaftServerImpl (ServerState.java:setLeader(263)) - 1349d5ba-07d4-450a-9218-4f0361201438:group-D1A011A1E2AC change Leader from null to 1349d5ba-07d4-450a-9218-4f0361201438 at term 1 for becomeLeader, leader elected after 5660ms
2019-09-12 10:31:52,157 [1349d5ba-07d4-450a-9218-4f0361201438:group-82E1FADBF901:LeaderElection112] INFO  server.RaftServerConfigKeys (ConfUtils.java:logGet(43)) - raft.server.staging.catchup.gap = 1000 (default)
2019-09-12 10:31:52,157 [main] WARN  server.ServerUtils (ServerUtils.java:getScmDbDir(145)) - ozone.scm.db.dirs is not configured. We recommend adding this setting. Falling back to ozone.metadata.dirs instead.
2019-09-12 10:31:52,157 [caccd92c-2544-4e02-86cf-95849f240c1b:group-6F7F9F28A891:LeaderElection97] INFO  impl.RoleInfo (RoleInfo.java:updateAndGet(143)) - caccd92c-2544-4e02-86cf-95849f240c1b: start LeaderState
2019-09-12 10:31:52,157 [1349d5ba-07d4-450a-9218-4f0361201438:group-FFC0FC40BB39:LeaderElection114] INFO  impl.LeaderElection (LeaderElection.java:askForVotes(181)) - 1349d5ba-07d4-450a-9218-4f0361201438:group-FFC0FC40BB39:LeaderElection114: begin an election at term 1 for -1: [1349d5ba-07d4-450a-9218-4f0361201438:192.168.36.114:34435], old=null
2019-09-12 10:31:52,157 [1349d5ba-07d4-450a-9218-4f0361201438:group-A98239B1A7FC:LeaderElection115] INFO  impl.LeaderElection (LeaderElection.java:askForVotes(181)) - 1349d5ba-07d4-450a-9218-4f0361201438:group-A98239B1A7FC:LeaderElection115: begin an election at term 1 for -1: [1349d5ba-07d4-450a-9218-4f0361201438:192.168.36.114:34435], old=null
2019-09-12 10:31:52,157 [334c5273-7871-4d53-8b37-de05e5a3be10:group-BE0A19DD7A8A:LeaderElection109] INFO  impl.RaftServerImpl (ServerState.java:setRaftConf(361)) - 334c5273-7871-4d53-8b37-de05e5a3be10:group-BE0A19DD7A8A set configuration 0: [334c5273-7871-4d53-8b37-de05e5a3be10:192.168.36.114:43431], old=null at 0
2019-09-12 10:31:52,157 [1349d5ba-07d4-450a-9218-4f0361201438:group-EB143B8D1303:LeaderElection117] INFO  impl.LeaderElection (LeaderElection.java:askForVotes(181)) - 1349d5ba-07d4-450a-9218-4f0361201438:group-EB143B8D1303:LeaderElection117: begin an election at term 1 for -1: [1349d5ba-07d4-450a-9218-4f0361201438:192.168.36.114:34435], old=null
2019-09-12 10:31:52,157 [1349d5ba-07d4-450a-9218-4f0361201438:group-F15575A866C3:LeaderElection116] INFO  impl.LeaderElection (LeaderElection.java:askForVotes(181)) - 1349d5ba-07d4-450a-9218-4f0361201438:group-F15575A866C3:LeaderElection116: begin an election at term 1 for -1: [1349d5ba-07d4-450a-9218-4f0361201438:192.168.36.114:34435], old=null
2019-09-12 10:31:52,155 [Thread-1231] INFO  impl.FollowerState (FollowerState.java:run(106)) - d9d65fd8-d100-497d-8460-9a4cf62b4ad5:group-C3AB91A55130 changes to CANDIDATE, lastRpcTime:5428, electionTimeout:5172ms
2019-09-12 10:31:52,154 [c54af6f8-a22e-478f-90e1-029d14059a99-SegmentedRaftLogWorker:Storage Directory /workdir/hadoop-ozone/integration-test/target/test-dir/MiniOzoneClusterImpl-87a68f7a-76d1-4e01-bf62-4b4b582b7243/datanode-3/data/ratis/45044052-4ae2-4d74-9246-90411c99a9b7] ERROR segmented.SegmentedRaftLogWorker (SegmentedRaftLogWorker.java:run(323)) - c54af6f8-a22e-478f-90e1-029d14059a99-SegmentedRaftLogWorker:Storage Directory /workdir/hadoop-ozone/integration-test/target/test-dir/MiniOzoneClusterImpl-87a68f7a-76d1-4e01-bf62-4b4b582b7243/datanode-3/data/ratis/45044052-4ae2-4d74-9246-90411c99a9b7 hit exception
java.lang.OutOfMemoryError: Direct buffer memory
	at java.nio.Bits.reserveMemory(Bits.java:666)
	at java.nio.DirectByteBuffer.<init>(DirectByteBuffer.java:123)
	at java.nio.ByteBuffer.allocateDirect(ByteBuffer.java:311)
	at org.apache.ratis.server.raftlog.segmented.BufferedWriteChannel.<init>(BufferedWriteChannel.java:41)
	at org.apache.ratis.server.raftlog.segmented.SegmentedRaftLogOutputStream.<init>(SegmentedRaftLogOutputStream.java:72)
	at org.apache.ratis.server.raftlog.segmented.SegmentedRaftLogWorker$StartLogSegment.execute(SegmentedRaftLogWorker.java:566)
	at org.apache.ratis.server.raftlog.segmented.SegmentedRaftLogWorker.run(SegmentedRaftLogWorker.java:289)
	at java.lang.Thread.run(Thread.java:748)
2019-09-12 10:31:52,509 [c54af6f8-a22e-478f-90e1-029d14059a99-SegmentedRaftLogWorker:Storage Directory /workdir/hadoop-ozone/integration-test/target/test-dir/MiniOzoneClusterImpl-87a68f7a-76d1-4e01-bf62-4b4b582b7243/datanode-3/data/ratis/45044052-4ae2-4d74-9246-90411c99a9b7] INFO  impl.RaftServerImpl (RaftServerImpl.java:lambda$shutdown$3(245)) - c54af6f8-a22e-478f-90e1-029d14059a99: shutdown group-90411C99A9B7
2019-09-12 10:31:51,843 [334c5273-7871-4d53-8b37-de05e5a3be10:group-ECEBA98C9439:LeaderElection102] INFO  server.RaftServerConfigKeys (ConfUtils.java:logGet(43)) - raft.server.watch.timeout.denomination = 1s (default)
2019-09-12 10:31:51,843 [334c5273-7871-4d53-8b37-de05e5a3be10:group-898BDD98D4FD:LeaderElection100] INFO  impl.RoleInfo (RoleInfo.java:updateAndGet(143)) - 334c5273-7871-4d53-8b37-de05e5a3be10: start LeaderState
2019-09-12 10:31:51,843 [caccd92c-2544-4e02-86cf-95849f240c1b:group-9E560FC5F4DD:LeaderElection98] INFO  impl.RoleInfo (RoleInfo.java:updateAndGet(143)) - caccd92c-2544-4e02-86cf-95849f240c1b: start LeaderState
2019-09-12 10:31:51,842 [caccd92c-2544-4e02-86cf-95849f240c1b:group-3144F14AC6F4:LeaderElection101] INFO  segmented.SegmentedRaftLogWorker (SegmentedRaftLogWorker.java:startLogSegment(380)) - caccd92c-2544-4e02-86cf-95849f240c1b-SegmentedRaftLogWorker:Storage Directory /workdir/hadoop-ozone/integration-test/target/test-dir/MiniOzoneClusterImpl-d867a4e1-154a-4113-b5e4-c09c14df2894/datanode-2/data/ratis/34fc3d14-a81e-4a5d-aa0f-3144f14ac6f4: Starting segment from index:0
2019-09-12 10:31:51,842 [ad8ae342-df06-4311-9d84-524877c98111:group-3B1A47D1DCD4:LeaderElection107] INFO  server.RaftServerConfigKeys (ConfUtils.java:logGet(43)) - raft.server.watch.timeout.denomination = 1s (default)
2019-09-12 10:31:51,842 [ad8ae342-df06-4311-9d84-524877c98111:group-4CE3EEA348CB:LeaderElection105] INFO  impl.RoleInfo (RoleInfo.java:updateAndGet(143)) - ad8ae342-df06-4311-9d84-524877c98111: start LeaderState
2019-09-12 10:31:52,510 [caccd92c-2544-4e02-86cf-95849f240c1b:group-3144F14AC6F4:LeaderElection101] INFO  impl.RaftServerImpl (ServerState.java:setRaftConf(361)) - caccd92c-2544-4e02-86cf-95849f240c1b:group-3144F14AC6F4 set configuration 0: [caccd92c-2544-4e02-86cf-95849f240c1b:192.168.36.114:37072], old=null at 0
2019-09-12 10:31:51,842 [ad8ae342-df06-4311-9d84-524877c98111:group-9C41041E3CF9:LeaderElection108] INFO  server.RaftServerConfigKeys (ConfUtils.java:logGet(43)) - raft.server.watch.element-limit = 65536 (default)
2019-09-12 10:31:51,842 [caccd92c-2544-4e02-86cf-95849f240c1b:group-E51F020481E7:LeaderElection95] INFO  impl.RoleInfo (RoleInfo.java:updateAndGet(143)) - caccd92c-2544-4e02-86cf-95849f240c1b: start LeaderState
2019-09-12 10:31:51,842 [ad8ae342-df06-4311-9d84-524877c98111:group-66F56E0CF95C:LeaderElection106] INFO  impl.RoleInfo (RoleInfo.java:updateAndGet(143)) - ad8ae342-df06-4311-9d84-524877c98111: start LeaderState
2019-09-12 10:31:51,841 [ad8ae342-df06-4311-9d84-524877c98111:group-AA6291B3F0BA:LeaderElection104] INFO  server.RaftServerConfigKeys (ConfUtils.java:logGet(43)) - raft.server.staging.catchup.gap = 1000 (default)
2019-09-12 10:31:52,833 [ad8ae342-df06-4311-9d84-524877c98111:group-66F56E0CF95C:LeaderElection106] INFO  segmented.SegmentedRaftLogWorker (SegmentedRaftLogWorker.java:startLogSegment(380)) - ad8ae342-df06-4311-9d84-524877c98111-SegmentedRaftLogWorker:Storage Directory /workdir/hadoop-ozone/integration-test/target/test-dir/MiniOzoneClusterImpl-d867a4e1-154a-4113-b5e4-c09c14df2894/datanode-4/data/ratis/decc5677-f958-4f57-9802-66f56e0cf95c: Starting segment from index:0
2019-09-12 10:31:52,833 [caccd92c-2544-4e02-86cf-95849f240c1b:group-E51F020481E7:LeaderElection95] INFO  segmented.SegmentedRaftLogWorker (SegmentedRaftLogWorker.java:startLogSegment(380)) - caccd92c-2544-4e02-86cf-95849f240c1b-SegmentedRaftLogWorker:Storage Directory /workdir/hadoop-ozone/integration-test/target/test-dir/MiniOzoneClusterImpl-d867a4e1-154a-4113-b5e4-c09c14df2894/datanode-2/data/ratis/05b55ae3-a4c9-43a9-983c-e51f020481e7: Starting segment from index:0
2019-09-12 10:31:52,833 [ad8ae342-df06-4311-9d84-524877c98111:group-9C41041E3CF9:LeaderElection108] INFO  impl.RoleInfo (RoleInfo.java:updateAndGet(143)) - ad8ae342-df06-4311-9d84-524877c98111: start LeaderState
2019-09-12 10:31:52,510 [ad8ae342-df06-4311-9d84-524877c98111:group-4CE3EEA348CB:LeaderElection105] INFO  segmented.SegmentedRaftLogWorker (SegmentedRaftLogWorker.java:startLogSegment(380)) - ad8ae342-df06-4311-9d84-524877c98111-SegmentedRaftLogWorker:Storage Directory /workdir/hadoop-ozone/integration-test/target/test-dir/MiniOzoneClusterImpl-d867a4e1-154a-4113-b5e4-c09c14df2894/datanode-4/data/ratis/70b4f543-8778-4fbd-ad14-4ce3eea348cb: Starting segment from index:0
2019-09-12 10:31:52,831 [c54af6f8-a22e-478f-90e1-029d14059a99-SegmentedRaftLogWorker:Storage Directory /workdir/hadoop-ozone/integration-test/target/test-dir/MiniOzoneClusterImpl-87a68f7a-76d1-4e01-bf62-4b4b582b7243/datanode-3/data/ratis/ba64f88d-75bd-402c-9e31-d03399840855] ERROR segmented.SegmentedRaftLogWorker (SegmentedRaftLogWorker.java:run(323)) - c54af6f8-a22e-478f-90e1-029d14059a99-SegmentedRaftLogWorker:Storage Directory /workdir/hadoop-ozone/integration-test/target/test-dir/MiniOzoneClusterImpl-87a68f7a-76d1-4e01-bf62-4b4b582b7243/datanode-3/data/ratis/ba64f88d-75bd-402c-9e31-d03399840855 hit exception
java.lang.OutOfMemoryError: Direct buffer memory
	at java.nio.Bits.reserveMemory(Bits.java:666)
	at java.nio.DirectByteBuffer.<init>(DirectByteBuffer.java:123)
	at java.nio.ByteBuffer.allocateDirect(ByteBuffer.java:311)
	at org.apache.ratis.server.raftlog.segmented.BufferedWriteChannel.<init>(BufferedWriteChannel.java:41)
	at org.apache.ratis.server.raftlog.segmented.SegmentedRaftLogOutputStream.<init>(SegmentedRaftLogOutputStream.java:72)
	at org.apache.ratis.server.raftlog.segmented.SegmentedRaftLogWorker$StartLogSegment.execute(SegmentedRaftLogWorker.java:566)
	at org.apache.ratis.server.raftlog.segmented.SegmentedRaftLogWorker.run(SegmentedRaftLogWorker.java:289)
	at java.lang.Thread.run(Thread.java:748)
2019-09-12 10:31:52,830 [Thread-1243] INFO  impl.FollowerState (FollowerState.java:run(106)) - d9d65fd8-d100-497d-8460-9a4cf62b4ad5:group-059EBFC5DFEE changes to CANDIDATE, lastRpcTime:5168, electionTimeout:5155ms
2019-09-12 10:31:53,460 [Thread-1243] INFO  impl.RoleInfo (RoleInfo.java:shutdownFollowerState(121)) - d9d65fd8-d100-497d-8460-9a4cf62b4ad5: shutdown FollowerState
2019-09-12 10:31:53,802 | INFO  | SCMAudit | user=jenkins1000 | ip=192.168.36.114 | op=SEND_HEARTBEAT {datanodeUUID=2cb9d557-cb56-4745-8686-5e72b62e748a, command=[]} | ret=SUCCESS |  
2019-09-12 10:31:53,803 | INFO  | SCMAudit | user=jenkins1000 | ip=192.168.36.114 | op=SEND_HEARTBEAT {datanodeUUID=accf000b-d7b7-4fa5-9682-da82c4451e10, command=[]} | ret=SUCCESS |  
2019-09-12 10:31:53,803 | INFO  | SCMAudit | user=jenkins1000 | ip=192.168.36.114 | op=SEND_HEARTBEAT {datanodeUUID=c54af6f8-a22e-478f-90e1-029d14059a99, command=[]} | ret=SUCCESS |  
2019-09-12 10:31:53,803 | INFO  | SCMAudit | user=jenkins1000 | ip=192.168.36.114 | op=SEND_HEARTBEAT {datanodeUUID=ff438662-24cf-49bb-bfc5-3308ec6d286b, command=[]} | ret=SUCCESS |  
2019-09-12 10:31:53,804 | INFO  | SCMAudit | user=jenkins1000 | ip=192.168.36.114 | op=SEND_HEARTBEAT {datanodeUUID=2d50b591-d6e4-490f-9fa0-973ad5423bd7, command=[]} | ret=SUCCESS |  
2019-09-12 10:31:53,804 | INFO  | SCMAudit | user=jenkins1000 | ip=192.168.36.114 | op=SEND_HEARTBEAT {datanodeUUID=c9031a36-5f7c-4098-8bea-8a46141708a6, command=[]} | ret=SUCCESS |  
2019-09-12 10:31:53,805 | INFO  | SCMAudit | user=jenkins1000 | ip=192.168.36.114 | op=SEND_HEARTBEAT {datanodeUUID=9616c881-dbb1-48da-90dd-a872ed779a2e, command=[]} | ret=SUCCESS |  
2019-09-12 10:31:53,805 | INFO  | SCMAudit | user=jenkins1000 | ip=192.168.36.114 | op=SEND_HEARTBEAT {datanodeUUID=39df7a3f-9691-48d4-a2b1-6888489a5f8a, command=[]} | ret=SUCCESS |  
2019-09-12 10:31:53,806 | INFO  | SCMAudit | user=jenkins1000 | ip=192.168.36.114 | op=SEND_HEARTBEAT {datanodeUUID=d9d65fd8-d100-497d-8460-9a4cf62b4ad5, command=[]} | ret=SUCCESS |  
2019-09-12 10:31:53,806 | INFO  | SCMAudit | user=jenkins1000 | ip=192.168.36.114 | op=SEND_HEARTBEAT {datanodeUUID=334c5273-7871-4d53-8b37-de05e5a3be10, command=[]} | ret=SUCCESS |  
2019-09-12 10:31:53,806 | INFO  | SCMAudit | user=jenkins1000 | ip=192.168.36.114 | op=SEND_HEARTBEAT {datanodeUUID=ad8ae342-df06-4311-9d84-524877c98111, command=[]} | ret=SUCCESS |  
2019-09-12 10:31:53,806 | INFO  | SCMAudit | user=jenkins1000 | ip=192.168.36.114 | op=SEND_HEARTBEAT {datanodeUUID=eaeff1e2-de9c-4510-872d-283eb6c3c330, command=[]} | ret=SUCCESS |  
2019-09-12 10:31:53,806 | INFO  | SCMAudit | user=jenkins1000 | ip=192.168.36.114 | op=SEND_HEARTBEAT {datanodeUUID=1349d5ba-07d4-450a-9218-4f0361201438, command=[]} | ret=SUCCESS |  
2019-09-12 10:31:53,806 | INFO  | SCMAudit | user=jenkins1000 | ip=192.168.36.114 | op=SEND_HEARTBEAT {datanodeUUID=5dd0cd62-5770-41dd-9e5a-f3f3eedc40c1, command=[]} | ret=SUCCESS |  
2019-09-12 10:31:53,807 | INFO  | SCMAudit | user=jenkins1000 | ip=192.168.36.114 | op=SEND_HEARTBEAT {datanodeUUID=c1e71898-521f-4627-a3f1-9884c4b96ced, command=[]} | ret=SUCCESS |  
2019-09-12 10:31:53,807 | INFO  | SCMAudit | user=jenkins1000 | ip=192.168.36.114 | op=SEND_HEARTBEAT {datanodeUUID=bcda0514-d42e-47ca-96fd-c0a633e872a8, command=[]} | ret=SUCCESS |  
2019-09-12 10:31:52,510 [ad8ae342-df06-4311-9d84-524877c98111:group-3B1A47D1DCD4:LeaderElection107] INFO  server.RaftServerConfigKeys (ConfUtils.java:logGet(43)) - raft.server.watch.element-limit = 65536 (default)
2019-09-12 10:31:53,807 | INFO  | SCMAudit | user=jenkins1000 | ip=192.168.36.114 | op=SEND_HEARTBEAT {datanodeUUID=caccd92c-2544-4e02-86cf-95849f240c1b, command=[]} | ret=SUCCESS |  
2019-09-12 10:31:53,807 | INFO  | SCMAudit | user=jenkins1000 | ip=192.168.36.114 | op=SEND_HEARTBEAT {datanodeUUID=22ce2f4b-d517-44cf-8041-712d813e08f3, command=[]} | ret=SUCCESS |  
2019-09-12 10:31:52,510 [caccd92c-2544-4e02-86cf-95849f240c1b:group-9E560FC5F4DD:LeaderElection98] INFO  segmented.SegmentedRaftLogWorker (SegmentedRaftLogWorker.java:startLogSegment(380)) - caccd92c-2544-4e02-86cf-95849f240c1b-SegmentedRaftLogWorker:Storage Directory /workdir/hadoop-ozone/integration-test/target/test-dir/MiniOzoneClusterImpl-d867a4e1-154a-4113-b5e4-c09c14df2894/datanode-2/data/ratis/9366f17c-7716-4591-b7a4-9e560fc5f4dd: Starting segment from index:0
2019-09-12 10:31:53,808 | INFO  | SCMAudit | user=jenkins1000 | ip=192.168.36.114 | op=SEND_HEARTBEAT {datanodeUUID=f17b4253-95a0-4ee6-8ded-88f070f15b33, command=[]} | ret=SUCCESS |  
2019-09-12 10:31:53,808 | INFO  | SCMAudit | user=jenkins1000 | ip=192.168.36.114 | op=SEND_HEARTBEAT {datanodeUUID=d40ec8ee-ac9e-41d6-86bd-e74a05605b85, command=[]} | ret=SUCCESS |  
2019-09-12 10:31:53,808 | INFO  | SCMAudit | user=jenkins1000 | ip=192.168.36.114 | op=SEND_HEARTBEAT {datanodeUUID=b6dd7c38-f675-445e-811b-15cf17d56c0a, command=[]} | ret=SUCCESS |  
2019-09-12 10:31:52,509 [334c5273-7871-4d53-8b37-de05e5a3be10:group-898BDD98D4FD:LeaderElection100] INFO  segmented.SegmentedRaftLogWorker (SegmentedRaftLogWorker.java:startLogSegment(380)) - 334c5273-7871-4d53-8b37-de05e5a3be10-SegmentedRaftLogWorker:Storage Directory /workdir/hadoop-ozone/integration-test/target/test-dir/MiniOzoneClusterImpl-d867a4e1-154a-4113-b5e4-c09c14df2894/datanode-3/data/ratis/c8a4f1fe-7ce1-4f0d-b9f4-898bdd98d4fd: Starting segment from index:0
2019-09-12 10:31:52,509 [334c5273-7871-4d53-8b37-de05e5a3be10:group-ECEBA98C9439:LeaderElection102] INFO  server.RaftServerConfigKeys (ConfUtils.java:logGet(43)) - raft.server.watch.element-limit = 65536 (default)
2019-09-12 10:31:52,509 [c54af6f8-a22e-478f-90e1-029d14059a99-SegmentedRaftLogWorker:Storage Directory /workdir/hadoop-ozone/integration-test/target/test-dir/MiniOzoneClusterImpl-87a68f7a-76d1-4e01-bf62-4b4b582b7243/datanode-3/data/ratis/45044052-4ae2-4d74-9246-90411c99a9b7] INFO  util.JmxRegister (JmxRegister.java:unregister(73)) - Successfully un-registered JMX Bean with object name Ratis:service=RaftServer,group=group-90411C99A9B7,id=c54af6f8-a22e-478f-90e1-029d14059a99
2019-09-12 10:31:52,508 [Thread-1231] INFO  impl.RoleInfo (RoleInfo.java:shutdownFollowerState(121)) - d9d65fd8-d100-497d-8460-9a4cf62b4ad5: shutdown FollowerState
2019-09-12 10:31:52,508 [1349d5ba-07d4-450a-9218-4f0361201438:group-F15575A866C3:LeaderElection116] INFO  impl.RoleInfo (RoleInfo.java:shutdownLeaderElection(134)) - 1349d5ba-07d4-450a-9218-4f0361201438: shutdown LeaderElection
2019-09-12 10:31:52,508 [1349d5ba-07d4-450a-9218-4f0361201438:group-EB143B8D1303:LeaderElection117] INFO  impl.RoleInfo (RoleInfo.java:shutdownLeaderElection(134)) - 1349d5ba-07d4-450a-9218-4f0361201438: shutdown LeaderElection
2019-09-12 10:31:52,508 [1349d5ba-07d4-450a-9218-4f0361201438:group-A98239B1A7FC:LeaderElection115] INFO  impl.RoleInfo (RoleInfo.java:shutdownLeaderElection(134)) - 1349d5ba-07d4-450a-9218-4f0361201438: shutdown LeaderElection
2019-09-12 10:31:52,507 [1349d5ba-07d4-450a-9218-4f0361201438:group-FFC0FC40BB39:LeaderElection114] INFO  impl.RoleInfo (RoleInfo.java:shutdownLeaderElection(134)) - 1349d5ba-07d4-450a-9218-4f0361201438: shutdown LeaderElection
2019-09-12 10:31:52,507 [caccd92c-2544-4e02-86cf-95849f240c1b:group-6F7F9F28A891:LeaderElection97] INFO  segmented.SegmentedRaftLogWorker (SegmentedRaftLogWorker.java:startLogSegment(380)) - caccd92c-2544-4e02-86cf-95849f240c1b-SegmentedRaftLogWorker:Storage Directory /workdir/hadoop-ozone/integration-test/target/test-dir/MiniOzoneClusterImpl-d867a4e1-154a-4113-b5e4-c09c14df2894/datanode-2/data/ratis/c2e24b2d-daac-4f6e-a7f8-6f7f9f28a891: Starting segment from index:0
2019-09-12 10:31:52,507 [main] WARN  server.ServerUtils (ServerUtils.java:getScmDbDir(145)) - ozone.scm.db.dirs is not configured. We recommend adding this setting. Falling back to ozone.metadata.dirs instead.
2019-09-12 10:31:52,507 [1349d5ba-07d4-450a-9218-4f0361201438:group-82E1FADBF901:LeaderElection112] INFO  server.RaftServerConfigKeys (ConfUtils.java:logGet(43)) - raft.server.rpc.sleep.time = 25ms (default)
2019-09-12 10:31:52,507 [1349d5ba-07d4-450a-9218-4f0361201438:group-D1A011A1E2AC:LeaderElection113] INFO  server.RaftServerConfigKeys (ConfUtils.java:logGet(43)) - raft.server.staging.catchup.gap = 1000 (default)
2019-09-12 10:31:54,829 | INFO  | SCMAudit | user=jenkins1000 | ip=192.168.36.114 | op=SEND_HEARTBEAT {datanodeUUID=2d50b591-d6e4-490f-9fa0-973ad5423bd7, command=[]} | ret=SUCCESS |  
2019-09-12 10:31:54,829 | INFO  | SCMAudit | user=jenkins1000 | ip=192.168.36.114 | op=SEND_HEARTBEAT {datanodeUUID=ff438662-24cf-49bb-bfc5-3308ec6d286b, command=[]} | ret=SUCCESS |  
2019-09-12 10:31:54,829 | INFO  | SCMAudit | user=jenkins1000 | ip=192.168.36.114 | op=SEND_HEARTBEAT {datanodeUUID=22ce2f4b-d517-44cf-8041-712d813e08f3, command=[]} | ret=SUCCESS |  
2019-09-12 10:31:54,829 | INFO  | SCMAudit | user=jenkins1000 | ip=192.168.36.114 | op=SEND_HEARTBEAT {datanodeUUID=b6dd7c38-f675-445e-811b-15cf17d56c0a, command=[]} | ret=SUCCESS |  
2019-09-12 10:31:54,829 | INFO  | SCMAudit | user=jenkins1000 | ip=192.168.36.114 | op=SEND_HEARTBEAT {datanodeUUID=9616c881-dbb1-48da-90dd-a872ed779a2e, command=[]} | ret=SUCCESS |  
2019-09-12 10:31:54,829 | INFO  | SCMAudit | user=jenkins1000 | ip=192.168.36.114 | op=SEND_HEARTBEAT {datanodeUUID=bcda0514-d42e-47ca-96fd-c0a633e872a8, command=[]} | ret=SUCCESS |  
2019-09-12 10:31:54,829 | INFO  | SCMAudit | user=jenkins1000 | ip=192.168.36.114 | op=SEND_HEARTBEAT {datanodeUUID=c54af6f8-a22e-478f-90e1-029d14059a99, command=[]} | ret=SUCCESS |  
2019-09-12 10:31:54,829 | INFO  | SCMAudit | user=jenkins1000 | ip=192.168.36.114 | op=SEND_HEARTBEAT {datanodeUUID=accf000b-d7b7-4fa5-9682-da82c4451e10, command=[]} | ret=SUCCESS |  
2019-09-12 10:31:54,830 | INFO  | SCMAudit | user=jenkins1000 | ip=192.168.36.114 | op=SEND_HEARTBEAT {datanodeUUID=eaeff1e2-de9c-4510-872d-283eb6c3c330, command=[]} | ret=SUCCESS |  
2019-09-12 10:31:54,830 | INFO  | SCMAudit | user=jenkins1000 | ip=192.168.36.114 | op=SEND_HEARTBEAT {datanodeUUID=39df7a3f-9691-48d4-a2b1-6888489a5f8a, command=[]} | ret=SUCCESS |  
2019-09-12 10:31:54,830 | INFO  | SCMAudit | user=jenkins1000 | ip=192.168.36.114 | op=SEND_HEARTBEAT {datanodeUUID=f17b4253-95a0-4ee6-8ded-88f070f15b33, command=[]} | ret=SUCCESS |  
2019-09-12 10:31:54,830 | INFO  | SCMAudit | user=jenkins1000 | ip=192.168.36.114 | op=SEND_HEARTBEAT {datanodeUUID=334c5273-7871-4d53-8b37-de05e5a3be10, command=[]} | ret=SUCCESS |  
2019-09-12 10:31:54,830 | INFO  | SCMAudit | user=jenkins1000 | ip=192.168.36.114 | op=SEND_HEARTBEAT {datanodeUUID=c1e71898-521f-4627-a3f1-9884c4b96ced, command=[]} | ret=SUCCESS |  
2019-09-12 10:31:54,830 | INFO  | SCMAudit | user=jenkins1000 | ip=192.168.36.114 | op=SEND_HEARTBEAT {datanodeUUID=d40ec8ee-ac9e-41d6-86bd-e74a05605b85, command=[]} | ret=SUCCESS |  
2019-09-12 10:31:54,830 | INFO  | SCMAudit | user=jenkins1000 | ip=192.168.36.114 | op=SEND_HEARTBEAT {datanodeUUID=c9031a36-5f7c-4098-8bea-8a46141708a6, command=[]} | ret=SUCCESS |  
2019-09-12 10:31:54,830 | INFO  | SCMAudit | user=jenkins1000 | ip=192.168.36.114 | op=SEND_HEARTBEAT {datanodeUUID=2cb9d557-cb56-4745-8686-5e72b62e748a, command=[]} | ret=SUCCESS |  
2019-09-12 10:31:54,830 | INFO  | SCMAudit | user=jenkins1000 | ip=192.168.36.114 | op=SEND_HEARTBEAT {datanodeUUID=ad8ae342-df06-4311-9d84-524877c98111, command=[]} | ret=SUCCESS |  
2019-09-12 10:31:54,830 | INFO  | SCMAudit | user=jenkins1000 | ip=192.168.36.114 | op=SEND_HEARTBEAT {datanodeUUID=d9d65fd8-d100-497d-8460-9a4cf62b4ad5, command=[]} | ret=SUCCESS |  
2019-09-12 10:31:54,830 | INFO  | SCMAudit | user=jenkins1000 | ip=192.168.36.114 | op=SEND_HEARTBEAT {datanodeUUID=caccd92c-2544-4e02-86cf-95849f240c1b, command=[]} | ret=SUCCESS |  
2019-09-12 10:31:54,830 | INFO  | SCMAudit | user=jenkins1000 | ip=192.168.36.114 | op=SEND_HEARTBEAT {datanodeUUID=1349d5ba-07d4-450a-9218-4f0361201438, command=[]} | ret=SUCCESS |  
2019-09-12 10:31:54,830 | INFO  | SCMAudit | user=jenkins1000 | ip=192.168.36.114 | op=SEND_HEARTBEAT {datanodeUUID=5dd0cd62-5770-41dd-9e5a-f3f3eedc40c1, command=[]} | ret=SUCCESS |  
2019-09-12 10:31:54,495 [main] INFO  db.DBStoreBuilder (DBStoreBuilder.java:addTable(110)) - using custom profile for table: deletedBlocks
2019-09-12 10:31:54,831 [main] INFO  db.DBStoreBuilder (DBStoreBuilder.java:processTables(161)) - Using default column profile:DBProfile.DISK for Table:deletedBlocks
2019-09-12 10:31:52,507 [ad8ae342-df06-4311-9d84-524877c98111:group-069D5722A351:LeaderElection110] INFO  server.RaftServerConfigKeys (ConfUtils.java:logGet(43)) - raft.server.write.element-limit = 4096 (default)
2019-09-12 10:31:52,506 [Thread-1085] INFO  impl.RoleInfo (RoleInfo.java:updateAndGet(143)) - 5dd0cd62-5770-41dd-9e5a-f3f3eedc40c1: start LeaderElection
2019-09-12 10:31:52,506 [caccd92c-2544-4e02-86cf-95849f240c1b-SegmentedRaftLogWorker:Storage Directory /workdir/hadoop-ozone/integration-test/target/test-dir/MiniOzoneClusterImpl-d867a4e1-154a-4113-b5e4-c09c14df2894/datanode-2/data/ratis/dd37ad43-18c2-4652-a889-4cd58f3f0305] INFO  impl.RaftServerImpl (RaftServerImpl.java:lambda$shutdown$3(245)) - caccd92c-2544-4e02-86cf-95849f240c1b: shutdown group-4CD58F3F0305
2019-09-12 10:31:52,505 [334c5273-7871-4d53-8b37-de05e5a3be10:group-EDE8C272DE80:LeaderElection111] INFO  server.RaftServerConfigKeys (ConfUtils.java:logGet(43)) - raft.server.write.element-limit = 4096 (default)
2019-09-12 10:31:52,505 [Thread-1082] INFO  impl.RaftServerImpl (RaftServerImpl.java:setRole(171)) - 5dd0cd62-5770-41dd-9e5a-f3f3eedc40c1:group-B898DF89A595 changes role from FOLLOWER to CANDIDATE at term 0 for changeToCandidate
2019-09-12 10:31:52,505 [334c5273-7871-4d53-8b37-de05e5a3be10:group-364E53036449:LeaderElection96] INFO  segmented.SegmentedRaftLogWorker (SegmentedRaftLogWorker.java:startLogSegment(380)) - 334c5273-7871-4d53-8b37-de05e5a3be10-SegmentedRaftLogWorker:Storage Directory /workdir/hadoop-ozone/integration-test/target/test-dir/MiniOzoneClusterImpl-d867a4e1-154a-4113-b5e4-c09c14df2894/datanode-3/data/ratis/2b1a1301-3aa3-4570-bcbc-364e53036449: Starting segment from index:0
2019-09-12 10:31:52,505 [334c5273-7871-4d53-8b37-de05e5a3be10:group-840E66D6CF22:LeaderElection99] INFO  segmented.SegmentedRaftLogWorker (SegmentedRaftLogWorker.java:startLogSegment(380)) - 334c5273-7871-4d53-8b37-de05e5a3be10-SegmentedRaftLogWorker:Storage Directory /workdir/hadoop-ozone/integration-test/target/test-dir/MiniOzoneClusterImpl-d867a4e1-154a-4113-b5e4-c09c14df2894/datanode-3/data/ratis/4bbf3afe-dde6-440a-8c83-840e66d6cf22: Starting segment from index:0
2019-09-12 10:31:52,504 [pool-284-thread-1] INFO  server.RaftServerConfigKeys (ConfUtils.java:logGet(43)) - raft.server.log.statemachine.data.sync.timeout.retry = -1 (default)
2019-09-12 10:31:55,148 [334c5273-7871-4d53-8b37-de05e5a3be10:group-364E53036449:LeaderElection96] INFO  impl.RaftServerImpl (ServerState.java:setRaftConf(361)) - 334c5273-7871-4d53-8b37-de05e5a3be10:group-364E53036449 set configuration 0: [334c5273-7871-4d53-8b37-de05e5a3be10:192.168.36.114:43431], old=null at 0
2019-09-12 10:31:54,832 [Thread-1082] INFO  impl.RoleInfo (RoleInfo.java:updateAndGet(143)) - 5dd0cd62-5770-41dd-9e5a-f3f3eedc40c1: start LeaderElection
2019-09-12 10:31:54,832 [334c5273-7871-4d53-8b37-de05e5a3be10:group-EDE8C272DE80:LeaderElection111] INFO  server.RaftServerConfigKeys (ConfUtils.java:logGet(43)) - raft.server.watch.timeout = 10s (default)
2019-09-12 10:31:54,831 [caccd92c-2544-4e02-86cf-95849f240c1b-SegmentedRaftLogWorker:Storage Directory /workdir/hadoop-ozone/integration-test/target/test-dir/MiniOzoneClusterImpl-d867a4e1-154a-4113-b5e4-c09c14df2894/datanode-2/data/ratis/dd37ad43-18c2-4652-a889-4cd58f3f0305] INFO  util.JmxRegister (JmxRegister.java:unregister(73)) - Successfully un-registered JMX Bean with object name Ratis:service=RaftServer,group=group-4CD58F3F0305,id=caccd92c-2544-4e02-86cf-95849f240c1b
2019-09-12 10:31:55,476 [caccd92c-2544-4e02-86cf-95849f240c1b-SegmentedRaftLogWorker:Storage Directory /workdir/hadoop-ozone/integration-test/target/test-dir/MiniOzoneClusterImpl-d867a4e1-154a-4113-b5e4-c09c14df2894/datanode-2/data/ratis/dd37ad43-18c2-4652-a889-4cd58f3f0305] INFO  impl.RoleInfo (RoleInfo.java:shutdownLeaderState(104)) - caccd92c-2544-4e02-86cf-95849f240c1b: shutdown LeaderState
2019-09-12 10:31:54,831 [ad8ae342-df06-4311-9d84-524877c98111:group-069D5722A351:LeaderElection110] INFO  server.RaftServerConfigKeys (ConfUtils.java:logGet(43)) - raft.server.watch.timeout = 10s (default)
2019-09-12 10:31:54,831 [main] INFO  db.DBStoreBuilder (DBStoreBuilder.java:addTable(110)) - using custom profile for table: validCerts
2019-09-12 10:31:55,476 [main] INFO  db.DBStoreBuilder (DBStoreBuilder.java:processTables(161)) - Using default column profile:DBProfile.DISK for Table:validCerts
2019-09-12 10:31:54,831 [caccd92c-2544-4e02-86cf-95849f240c1b:group-6F7F9F28A891:LeaderElection97] INFO  impl.RaftServerImpl (ServerState.java:setRaftConf(361)) - caccd92c-2544-4e02-86cf-95849f240c1b:group-6F7F9F28A891 set configuration 0: [caccd92c-2544-4e02-86cf-95849f240c1b:192.168.36.114:37072], old=null at 0
2019-09-12 10:31:54,829 [334c5273-7871-4d53-8b37-de05e5a3be10-SegmentedRaftLogWorker:Storage Directory /workdir/hadoop-ozone/integration-test/target/test-dir/MiniOzoneClusterImpl-d867a4e1-154a-4113-b5e4-c09c14df2894/datanode-3/data/ratis/43692140-a49c-47ea-93af-be0a19dd7a8a] ERROR segmented.SegmentedRaftLogWorker (SegmentedRaftLogWorker.java:run(323)) - 334c5273-7871-4d53-8b37-de05e5a3be10-SegmentedRaftLogWorker:Storage Directory /workdir/hadoop-ozone/integration-test/target/test-dir/MiniOzoneClusterImpl-d867a4e1-154a-4113-b5e4-c09c14df2894/datanode-3/data/ratis/43692140-a49c-47ea-93af-be0a19dd7a8a hit exception
java.lang.OutOfMemoryError: Direct buffer memory
	at java.nio.Bits.reserveMemory(Bits.java:666)
	at java.nio.DirectByteBuffer.<init>(DirectByteBuffer.java:123)
	at java.nio.ByteBuffer.allocateDirect(ByteBuffer.java:311)
	at org.apache.ratis.server.raftlog.segmented.BufferedWriteChannel.<init>(BufferedWriteChannel.java:41)
	at org.apache.ratis.server.raftlog.segmented.SegmentedRaftLogOutputStream.<init>(SegmentedRaftLogOutputStream.java:72)
	at org.apache.ratis.server.raftlog.segmented.SegmentedRaftLogWorker$StartLogSegment.execute(SegmentedRaftLogWorker.java:566)
	at org.apache.ratis.server.raftlog.segmented.SegmentedRaftLogWorker.run(SegmentedRaftLogWorker.java:289)
	at java.lang.Thread.run(Thread.java:748)
2019-09-12 10:31:55,477 [334c5273-7871-4d53-8b37-de05e5a3be10-SegmentedRaftLogWorker:Storage Directory /workdir/hadoop-ozone/integration-test/target/test-dir/MiniOzoneClusterImpl-d867a4e1-154a-4113-b5e4-c09c14df2894/datanode-3/data/ratis/43692140-a49c-47ea-93af-be0a19dd7a8a] INFO  impl.RaftServerImpl (RaftServerImpl.java:lambda$shutdown$3(245)) - 334c5273-7871-4d53-8b37-de05e5a3be10: shutdown group-BE0A19DD7A8A
2019-09-12 10:31:54,829 [caccd92c-2544-4e02-86cf-95849f240c1b-SegmentedRaftLogWorker:Storage Directory /workdir/hadoop-ozone/integration-test/target/test-dir/MiniOzoneClusterImpl-d867a4e1-154a-4113-b5e4-c09c14df2894/datanode-2/data/ratis/c4c95996-a9a7-427f-93b6-f5a874164d8c] ERROR segmented.SegmentedRaftLogWorker (SegmentedRaftLogWorker.java:run(323)) - caccd92c-2544-4e02-86cf-95849f240c1b-SegmentedRaftLogWorker:Storage Directory /workdir/hadoop-ozone/integration-test/target/test-dir/MiniOzoneClusterImpl-d867a4e1-154a-4113-b5e4-c09c14df2894/datanode-2/data/ratis/c4c95996-a9a7-427f-93b6-f5a874164d8c hit exception
java.lang.OutOfMemoryError: Direct buffer memory
	at java.nio.Bits.reserveMemory(Bits.java:666)
	at java.nio.DirectByteBuffer.<init>(DirectByteBuffer.java:123)
	at java.nio.ByteBuffer.allocateDirect(ByteBuffer.java:311)
	at org.apache.ratis.server.raftlog.segmented.BufferedWriteChannel.<init>(BufferedWriteChannel.java:41)
	at org.apache.ratis.server.raftlog.segmented.SegmentedRaftLogOutputStream.<init>(SegmentedRaftLogOutputStream.java:72)
	at org.apache.ratis.server.raftlog.segmented.SegmentedRaftLogWorker$StartLogSegment.execute(SegmentedRaftLogWorker.java:566)
	at org.apache.ratis.server.raftlog.segmented.SegmentedRaftLogWorker.run(SegmentedRaftLogWorker.java:289)
	at java.lang.Thread.run(Thread.java:748)
2019-09-12 10:31:55,477 [caccd92c-2544-4e02-86cf-95849f240c1b-SegmentedRaftLogWorker:Storage Directory /workdir/hadoop-ozone/integration-test/target/test-dir/MiniOzoneClusterImpl-d867a4e1-154a-4113-b5e4-c09c14df2894/datanode-2/data/ratis/c4c95996-a9a7-427f-93b6-f5a874164d8c] INFO  impl.RaftServerImpl (RaftServerImpl.java:lambda$shutdown$3(245)) - caccd92c-2544-4e02-86cf-95849f240c1b: shutdown group-F5A874164D8C
2019-09-12 10:31:54,496 [1349d5ba-07d4-450a-9218-4f0361201438:group-82E1FADBF901:LeaderElection112] INFO  server.RaftServerConfigKeys (ConfUtils.java:logGet(43)) - raft.server.write.element-limit = 4096 (default)
2019-09-12 10:31:54,496 [1349d5ba-07d4-450a-9218-4f0361201438:group-D1A011A1E2AC:LeaderElection113] INFO  server.RaftServerConfigKeys (ConfUtils.java:logGet(43)) - raft.server.rpc.sleep.time = 25ms (default)
2019-09-12 10:31:54,495 [1349d5ba-07d4-450a-9218-4f0361201438:group-FFC0FC40BB39:LeaderElection114] INFO  impl.RaftServerImpl (RaftServerImpl.java:setRole(171)) - 1349d5ba-07d4-450a-9218-4f0361201438:group-FFC0FC40BB39 changes role from CANDIDATE to LEADER at term 1 for changeToLeader
2019-09-12 10:31:55,478 [1349d5ba-07d4-450a-9218-4f0361201438:group-FFC0FC40BB39:LeaderElection114] INFO  impl.RaftServerImpl (ServerState.java:setLeader(263)) - 1349d5ba-07d4-450a-9218-4f0361201438:group-FFC0FC40BB39 change Leader from null to 1349d5ba-07d4-450a-9218-4f0361201438 at term 1 for becomeLeader, leader elected after 8940ms
2019-09-12 10:31:54,494 [1349d5ba-07d4-450a-9218-4f0361201438:group-A98239B1A7FC:LeaderElection115] INFO  impl.RaftServerImpl (RaftServerImpl.java:setRole(171)) - 1349d5ba-07d4-450a-9218-4f0361201438:group-A98239B1A7FC changes role from CANDIDATE to LEADER at term 1 for changeToLeader
2019-09-12 10:31:55,478 [1349d5ba-07d4-450a-9218-4f0361201438:group-A98239B1A7FC:LeaderElection115] INFO  impl.RaftServerImpl (ServerState.java:setLeader(263)) - 1349d5ba-07d4-450a-9218-4f0361201438:group-A98239B1A7FC change Leader from null to 1349d5ba-07d4-450a-9218-4f0361201438 at term 1 for becomeLeader, leader elected after 9101ms
2019-09-12 10:31:54,494 [1349d5ba-07d4-450a-9218-4f0361201438:group-EB143B8D1303:LeaderElection117] INFO  impl.RaftServerImpl (RaftServerImpl.java:setRole(171)) - 1349d5ba-07d4-450a-9218-4f0361201438:group-EB143B8D1303 changes role from CANDIDATE to LEADER at term 1 for changeToLeader
2019-09-12 10:31:54,494 [1349d5ba-07d4-450a-9218-4f0361201438:group-F15575A866C3:LeaderElection116] INFO  impl.RaftServerImpl (RaftServerImpl.java:setRole(171)) - 1349d5ba-07d4-450a-9218-4f0361201438:group-F15575A866C3 changes role from CANDIDATE to LEADER at term 1 for changeToLeader
2019-09-12 10:31:54,494 [Thread-1231] INFO  impl.RaftServerImpl (RaftServerImpl.java:setRole(171)) - d9d65fd8-d100-497d-8460-9a4cf62b4ad5:group-C3AB91A55130 changes role from FOLLOWER to CANDIDATE at term 0 for changeToCandidate
2019-09-12 10:31:54,494 [334c5273-7871-4d53-8b37-de05e5a3be10:group-898BDD98D4FD:LeaderElection100] INFO  impl.RaftServerImpl (ServerState.java:setRaftConf(361)) - 334c5273-7871-4d53-8b37-de05e5a3be10:group-898BDD98D4FD set configuration 0: [334c5273-7871-4d53-8b37-de05e5a3be10:192.168.36.114:43431], old=null at 0
2019-09-12 10:31:54,494 [c54af6f8-a22e-478f-90e1-029d14059a99-SegmentedRaftLogWorker:Storage Directory /workdir/hadoop-ozone/integration-test/target/test-dir/MiniOzoneClusterImpl-87a68f7a-76d1-4e01-bf62-4b4b582b7243/datanode-3/data/ratis/45044052-4ae2-4d74-9246-90411c99a9b7] INFO  impl.RoleInfo (RoleInfo.java:shutdownLeaderState(104)) - c54af6f8-a22e-478f-90e1-029d14059a99: shutdown LeaderState
2019-09-12 10:31:54,494 [334c5273-7871-4d53-8b37-de05e5a3be10:group-ECEBA98C9439:LeaderElection102] INFO  impl.RoleInfo (RoleInfo.java:updateAndGet(143)) - 334c5273-7871-4d53-8b37-de05e5a3be10: start LeaderState
2019-09-12 10:31:53,808 [caccd92c-2544-4e02-86cf-95849f240c1b:group-9E560FC5F4DD:LeaderElection98] INFO  impl.RaftServerImpl (ServerState.java:setRaftConf(361)) - caccd92c-2544-4e02-86cf-95849f240c1b:group-9E560FC5F4DD set configuration 0: [caccd92c-2544-4e02-86cf-95849f240c1b:192.168.36.114:37072], old=null at 0
2019-09-12 10:31:53,807 [ad8ae342-df06-4311-9d84-524877c98111:group-3B1A47D1DCD4:LeaderElection107] INFO  impl.RoleInfo (RoleInfo.java:updateAndGet(143)) - ad8ae342-df06-4311-9d84-524877c98111: start LeaderState
2019-09-12 10:31:53,460 [Thread-1243] INFO  impl.RaftServerImpl (RaftServerImpl.java:setRole(171)) - d9d65fd8-d100-497d-8460-9a4cf62b4ad5:group-059EBFC5DFEE changes role from FOLLOWER to CANDIDATE at term 0 for changeToCandidate
2019-09-12 10:31:53,460 [ad8ae342-df06-4311-9d84-524877c98111:group-4CE3EEA348CB:LeaderElection105] INFO  impl.RaftServerImpl (ServerState.java:setRaftConf(361)) - ad8ae342-df06-4311-9d84-524877c98111:group-4CE3EEA348CB set configuration 0: [ad8ae342-df06-4311-9d84-524877c98111:192.168.36.114:39527], old=null at 0
2019-09-12 10:31:53,459 [c54af6f8-a22e-478f-90e1-029d14059a99-SegmentedRaftLogWorker:Storage Directory /workdir/hadoop-ozone/integration-test/target/test-dir/MiniOzoneClusterImpl-87a68f7a-76d1-4e01-bf62-4b4b582b7243/datanode-3/data/ratis/ba64f88d-75bd-402c-9e31-d03399840855] INFO  impl.RaftServerImpl (RaftServerImpl.java:lambda$shutdown$3(245)) - c54af6f8-a22e-478f-90e1-029d14059a99: shutdown group-D03399840855
2019-09-12 10:31:53,458 [d40ec8ee-ac9e-41d6-86bd-e74a05605b85-SegmentedRaftLogWorker:Storage Directory /workdir/hadoop-ozone/integration-test/target/test-dir/MiniOzoneClusterImpl-d867a4e1-154a-4113-b5e4-c09c14df2894/datanode-1/data/ratis/7f05e766-691f-450c-bedb-f276089499de] ERROR segmented.SegmentedRaftLogWorker (SegmentedRaftLogWorker.java:run(323)) - d40ec8ee-ac9e-41d6-86bd-e74a05605b85-SegmentedRaftLogWorker:Storage Directory /workdir/hadoop-ozone/integration-test/target/test-dir/MiniOzoneClusterImpl-d867a4e1-154a-4113-b5e4-c09c14df2894/datanode-1/data/ratis/7f05e766-691f-450c-bedb-f276089499de hit exception
java.lang.OutOfMemoryError: Direct buffer memory
	at java.nio.Bits.reserveMemory(Bits.java:666)
	at java.nio.DirectByteBuffer.<init>(DirectByteBuffer.java:123)
	at java.nio.ByteBuffer.allocateDirect(ByteBuffer.java:311)
	at org.apache.ratis.server.raftlog.segmented.BufferedWriteChannel.<init>(BufferedWriteChannel.java:41)
	at org.apache.ratis.server.raftlog.segmented.SegmentedRaftLogOutputStream.<init>(SegmentedRaftLogOutputStream.java:72)
	at org.apache.ratis.server.raftlog.segmented.SegmentedRaftLogWorker$StartLogSegment.execute(SegmentedRaftLogWorker.java:566)
	at org.apache.ratis.server.raftlog.segmented.SegmentedRaftLogWorker.run(SegmentedRaftLogWorker.java:289)
	at java.lang.Thread.run(Thread.java:748)
2019-09-12 10:31:53,151 [caccd92c-2544-4e02-86cf-95849f240c1b:group-E51F020481E7:LeaderElection95] INFO  impl.RaftServerImpl (ServerState.java:setRaftConf(361)) - caccd92c-2544-4e02-86cf-95849f240c1b:group-E51F020481E7 set configuration 0: [caccd92c-2544-4e02-86cf-95849f240c1b:192.168.36.114:37072], old=null at 0
2019-09-12 10:31:53,150 [c54af6f8-a22e-478f-90e1-029d14059a99-SegmentedRaftLogWorker:Storage Directory /workdir/hadoop-ozone/integration-test/target/test-dir/MiniOzoneClusterImpl-87a68f7a-76d1-4e01-bf62-4b4b582b7243/datanode-3/data/ratis/222435bf-d572-4427-80aa-ab0002cbdb7d] ERROR segmented.SegmentedRaftLogWorker (SegmentedRaftLogWorker.java:run(323)) - c54af6f8-a22e-478f-90e1-029d14059a99-SegmentedRaftLogWorker:Storage Directory /workdir/hadoop-ozone/integration-test/target/test-dir/MiniOzoneClusterImpl-87a68f7a-76d1-4e01-bf62-4b4b582b7243/datanode-3/data/ratis/222435bf-d572-4427-80aa-ab0002cbdb7d hit exception
java.lang.OutOfMemoryError: Direct buffer memory
	at java.nio.Bits.reserveMemory(Bits.java:666)
	at java.nio.DirectByteBuffer.<init>(DirectByteBuffer.java:123)
	at java.nio.ByteBuffer.allocateDirect(ByteBuffer.java:311)
	at org.apache.ratis.server.raftlog.segmented.BufferedWriteChannel.<init>(BufferedWriteChannel.java:41)
	at org.apache.ratis.server.raftlog.segmented.SegmentedRaftLogOutputStream.<init>(SegmentedRaftLogOutputStream.java:72)
	at org.apache.ratis.server.raftlog.segmented.SegmentedRaftLogWorker$StartLogSegment.execute(SegmentedRaftLogWorker.java:566)
	at org.apache.ratis.server.raftlog.segmented.SegmentedRaftLogWorker.run(SegmentedRaftLogWorker.java:289)
	at java.lang.Thread.run(Thread.java:748)
2019-09-12 10:31:53,150 [bcda0514-d42e-47ca-96fd-c0a633e872a8-SegmentedRaftLogWorker:Storage Directory /workdir/hadoop-ozone/integration-test/target/test-dir/MiniOzoneClusterImpl-87a68f7a-76d1-4e01-bf62-4b4b582b7243/datanode-4/data/ratis/fff3c739-e98e-4210-b845-b60fafb357a7] ERROR segmented.SegmentedRaftLogWorker (SegmentedRaftLogWorker.java:run(323)) - bcda0514-d42e-47ca-96fd-c0a633e872a8-SegmentedRaftLogWorker:Storage Directory /workdir/hadoop-ozone/integration-test/target/test-dir/MiniOzoneClusterImpl-87a68f7a-76d1-4e01-bf62-4b4b582b7243/datanode-4/data/ratis/fff3c739-e98e-4210-b845-b60fafb357a7 hit exception
java.lang.OutOfMemoryError: Direct buffer memory
	at java.nio.Bits.reserveMemory(Bits.java:666)
	at java.nio.DirectByteBuffer.<init>(DirectByteBuffer.java:123)
	at java.nio.ByteBuffer.allocateDirect(ByteBuffer.java:311)
	at org.apache.ratis.server.raftlog.segmented.BufferedWriteChannel.<init>(BufferedWriteChannel.java:41)
	at org.apache.ratis.server.raftlog.segmented.SegmentedRaftLogOutputStream.<init>(SegmentedRaftLogOutputStream.java:72)
	at org.apache.ratis.server.raftlog.segmented.SegmentedRaftLogWorker$StartLogSegment.execute(SegmentedRaftLogWorker.java:566)
	at org.apache.ratis.server.raftlog.segmented.SegmentedRaftLogWorker.run(SegmentedRaftLogWorker.java:289)
	at java.lang.Thread.run(Thread.java:748)
2019-09-12 10:31:55,481 [bcda0514-d42e-47ca-96fd-c0a633e872a8-SegmentedRaftLogWorker:Storage Directory /workdir/hadoop-ozone/integration-test/target/test-dir/MiniOzoneClusterImpl-87a68f7a-76d1-4e01-bf62-4b4b582b7243/datanode-4/data/ratis/fff3c739-e98e-4210-b845-b60fafb357a7] INFO  impl.RaftServerImpl (RaftServerImpl.java:lambda$shutdown$3(245)) - bcda0514-d42e-47ca-96fd-c0a633e872a8: shutdown group-B60FAFB357A7
2019-09-12 10:31:53,150 [Thread-1129] INFO  impl.FollowerState (FollowerState.java:run(106)) - d40ec8ee-ac9e-41d6-86bd-e74a05605b85:group-D04995846C31 changes to CANDIDATE, lastRpcTime:10509, electionTimeout:5085ms
2019-09-12 10:31:52,834 [ad8ae342-df06-4311-9d84-524877c98111:group-9C41041E3CF9:LeaderElection108] INFO  segmented.SegmentedRaftLogWorker (SegmentedRaftLogWorker.java:startLogSegment(380)) - ad8ae342-df06-4311-9d84-524877c98111-SegmentedRaftLogWorker:Storage Directory /workdir/hadoop-ozone/integration-test/target/test-dir/MiniOzoneClusterImpl-d867a4e1-154a-4113-b5e4-c09c14df2894/datanode-4/data/ratis/02ae5258-b748-412e-b078-9c41041e3cf9: Starting segment from index:0
2019-09-12 10:31:52,834 [ad8ae342-df06-4311-9d84-524877c98111:group-66F56E0CF95C:LeaderElection106] INFO  impl.RaftServerImpl (ServerState.java:setRaftConf(361)) - ad8ae342-df06-4311-9d84-524877c98111:group-66F56E0CF95C set configuration 0: [ad8ae342-df06-4311-9d84-524877c98111:192.168.36.114:39527], old=null at 0
2019-09-12 10:31:52,834 [ad8ae342-df06-4311-9d84-524877c98111:group-AA6291B3F0BA:LeaderElection104] INFO  server.RaftServerConfigKeys (ConfUtils.java:logGet(43)) - raft.server.rpc.sleep.time = 25ms (default)
2019-09-12 10:31:55,481 [Thread-1129] INFO  impl.RoleInfo (RoleInfo.java:shutdownFollowerState(121)) - d40ec8ee-ac9e-41d6-86bd-e74a05605b85: shutdown FollowerState
2019-09-12 10:31:55,481 [bcda0514-d42e-47ca-96fd-c0a633e872a8-SegmentedRaftLogWorker:Storage Directory /workdir/hadoop-ozone/integration-test/target/test-dir/MiniOzoneClusterImpl-87a68f7a-76d1-4e01-bf62-4b4b582b7243/datanode-4/data/ratis/fff3c739-e98e-4210-b845-b60fafb357a7] INFO  util.JmxRegister (JmxRegister.java:unregister(73)) - Successfully un-registered JMX Bean with object name Ratis:service=RaftServer,group=group-B60FAFB357A7,id=bcda0514-d42e-47ca-96fd-c0a633e872a8
2019-09-12 10:31:55,480 [c54af6f8-a22e-478f-90e1-029d14059a99-SegmentedRaftLogWorker:Storage Directory /workdir/hadoop-ozone/integration-test/target/test-dir/MiniOzoneClusterImpl-87a68f7a-76d1-4e01-bf62-4b4b582b7243/datanode-3/data/ratis/222435bf-d572-4427-80aa-ab0002cbdb7d] INFO  impl.RaftServerImpl (RaftServerImpl.java:lambda$shutdown$3(245)) - c54af6f8-a22e-478f-90e1-029d14059a99: shutdown group-AB0002CBDB7D
2019-09-12 10:31:55,480 [d40ec8ee-ac9e-41d6-86bd-e74a05605b85-SegmentedRaftLogWorker:Storage Directory /workdir/hadoop-ozone/integration-test/target/test-dir/MiniOzoneClusterImpl-d867a4e1-154a-4113-b5e4-c09c14df2894/datanode-1/data/ratis/7f05e766-691f-450c-bedb-f276089499de] INFO  impl.RaftServerImpl (RaftServerImpl.java:lambda$shutdown$3(245)) - d40ec8ee-ac9e-41d6-86bd-e74a05605b85: shutdown group-F276089499DE
2019-09-12 10:31:55,480 [c54af6f8-a22e-478f-90e1-029d14059a99-SegmentedRaftLogWorker:Storage Directory /workdir/hadoop-ozone/integration-test/target/test-dir/MiniOzoneClusterImpl-87a68f7a-76d1-4e01-bf62-4b4b582b7243/datanode-3/data/ratis/ba64f88d-75bd-402c-9e31-d03399840855] INFO  util.JmxRegister (JmxRegister.java:unregister(73)) - Successfully un-registered JMX Bean with object name Ratis:service=RaftServer,group=group-D03399840855,id=c54af6f8-a22e-478f-90e1-029d14059a99
2019-09-12 10:31:55,824 | INFO  | SCMAudit | user=jenkins1000 | ip=192.168.36.114 | op=SEND_HEARTBEAT {datanodeUUID=f17b4253-95a0-4ee6-8ded-88f070f15b33, command=[]} | ret=SUCCESS |  
2019-09-12 10:31:55,824 | INFO  | SCMAudit | user=jenkins1000 | ip=192.168.36.114 | op=SEND_HEARTBEAT {datanodeUUID=b6dd7c38-f675-445e-811b-15cf17d56c0a, command=[]} | ret=SUCCESS |  
2019-09-12 10:31:55,479 [Thread-1243] INFO  impl.RoleInfo (RoleInfo.java:updateAndGet(143)) - d9d65fd8-d100-497d-8460-9a4cf62b4ad5: start LeaderElection
2019-09-12 10:31:55,824 | INFO  | SCMAudit | user=jenkins1000 | ip=192.168.36.114 | op=SEND_HEARTBEAT {datanodeUUID=d40ec8ee-ac9e-41d6-86bd-e74a05605b85, command=[]} | ret=SUCCESS |  
2019-09-12 10:31:55,479 [ad8ae342-df06-4311-9d84-524877c98111:group-3B1A47D1DCD4:LeaderElection107] INFO  segmented.SegmentedRaftLogWorker (SegmentedRaftLogWorker.java:startLogSegment(380)) - ad8ae342-df06-4311-9d84-524877c98111-SegmentedRaftLogWorker:Storage Directory /workdir/hadoop-ozone/integration-test/target/test-dir/MiniOzoneClusterImpl-d867a4e1-154a-4113-b5e4-c09c14df2894/datanode-4/data/ratis/bf6f29a3-5b27-4fbe-a1f2-3b1a47d1dcd4: Starting segment from index:0
2019-09-12 10:31:55,824 | INFO  | SCMAudit | user=jenkins1000 | ip=192.168.36.114 | op=SEND_HEARTBEAT {datanodeUUID=caccd92c-2544-4e02-86cf-95849f240c1b, command=[]} | ret=SUCCESS |  
2019-09-12 10:31:55,479 [334c5273-7871-4d53-8b37-de05e5a3be10:group-ECEBA98C9439:LeaderElection102] INFO  segmented.SegmentedRaftLogWorker (SegmentedRaftLogWorker.java:startLogSegment(380)) - 334c5273-7871-4d53-8b37-de05e5a3be10-SegmentedRaftLogWorker:Storage Directory /workdir/hadoop-ozone/integration-test/target/test-dir/MiniOzoneClusterImpl-d867a4e1-154a-4113-b5e4-c09c14df2894/datanode-3/data/ratis/b95728a9-152b-4593-8231-eceba98c9439: Starting segment from index:0
2019-09-12 10:31:55,479 [c54af6f8-a22e-478f-90e1-029d14059a99-SegmentedRaftLogWorker:Storage Directory /workdir/hadoop-ozone/integration-test/target/test-dir/MiniOzoneClusterImpl-87a68f7a-76d1-4e01-bf62-4b4b582b7243/datanode-3/data/ratis/45044052-4ae2-4d74-9246-90411c99a9b7] INFO  impl.PendingRequests (PendingRequests.java:sendNotLeaderResponses(202)) - c54af6f8-a22e-478f-90e1-029d14059a99-PendingRequests: sendNotLeaderResponses
2019-09-12 10:31:55,825 | INFO  | SCMAudit | user=jenkins1000 | ip=192.168.36.114 | op=SEND_HEARTBEAT {datanodeUUID=1349d5ba-07d4-450a-9218-4f0361201438, command=[]} | ret=SUCCESS |  
2019-09-12 10:31:55,825 | INFO  | SCMAudit | user=jenkins1000 | ip=192.168.36.114 | op=SEND_HEARTBEAT {datanodeUUID=5dd0cd62-5770-41dd-9e5a-f3f3eedc40c1, command=[]} | ret=SUCCESS |  
2019-09-12 10:31:56,174 | INFO  | SCMAudit | user=jenkins1000 | ip=192.168.36.114 | op=SEND_HEARTBEAT {datanodeUUID=c54af6f8-a22e-478f-90e1-029d14059a99, command=[]} | ret=SUCCESS |  
2019-09-12 10:31:56,175 | INFO  | SCMAudit | user=jenkins1000 | ip=192.168.36.114 | op=SEND_HEARTBEAT {datanodeUUID=ff438662-24cf-49bb-bfc5-3308ec6d286b, command=[]} | ret=SUCCESS |  
2019-09-12 10:31:56,176 | INFO  | SCMAudit | user=jenkins1000 | ip=192.168.36.114 | op=SEND_HEARTBEAT {datanodeUUID=334c5273-7871-4d53-8b37-de05e5a3be10, command=[]} | ret=SUCCESS |  
2019-09-12 10:31:56,176 | INFO  | SCMAudit | user=jenkins1000 | ip=192.168.36.114 | op=SEND_HEARTBEAT {datanodeUUID=d9d65fd8-d100-497d-8460-9a4cf62b4ad5, command=[]} | ret=SUCCESS |  
2019-09-12 10:31:56,176 | INFO  | SCMAudit | user=jenkins1000 | ip=192.168.36.114 | op=SEND_HEARTBEAT {datanodeUUID=2d50b591-d6e4-490f-9fa0-973ad5423bd7, command=[]} | ret=SUCCESS |  
2019-09-12 10:31:56,177 | INFO  | SCMAudit | user=jenkins1000 | ip=192.168.36.114 | op=SEND_HEARTBEAT {datanodeUUID=ad8ae342-df06-4311-9d84-524877c98111, command=[]} | ret=SUCCESS |  
2019-09-12 10:31:55,479 [Thread-1231] INFO  impl.RoleInfo (RoleInfo.java:updateAndGet(143)) - d9d65fd8-d100-497d-8460-9a4cf62b4ad5: start LeaderElection
2019-09-12 10:31:56,177 | INFO  | SCMAudit | user=jenkins1000 | ip=192.168.36.114 | op=SEND_HEARTBEAT {datanodeUUID=eaeff1e2-de9c-4510-872d-283eb6c3c330, command=[]} | ret=SUCCESS |  
2019-09-12 10:31:55,479 [1349d5ba-07d4-450a-9218-4f0361201438:group-F15575A866C3:LeaderElection116] INFO  impl.RaftServerImpl (ServerState.java:setLeader(263)) - 1349d5ba-07d4-450a-9218-4f0361201438:group-F15575A866C3 change Leader from null to 1349d5ba-07d4-450a-9218-4f0361201438 at term 1 for becomeLeader, leader elected after 9060ms
2019-09-12 10:31:56,177 | INFO  | SCMAudit | user=jenkins1000 | ip=192.168.36.114 | op=SEND_HEARTBEAT {datanodeUUID=22ce2f4b-d517-44cf-8041-712d813e08f3, command=[]} | ret=SUCCESS |  
2019-09-12 10:31:56,177 | INFO  | SCMAudit | user=jenkins1000 | ip=192.168.36.114 | op=SEND_HEARTBEAT {datanodeUUID=9616c881-dbb1-48da-90dd-a872ed779a2e, command=[]} | ret=SUCCESS |  
2019-09-12 10:31:55,478 [1349d5ba-07d4-450a-9218-4f0361201438:group-EB143B8D1303:LeaderElection117] INFO  impl.RaftServerImpl (ServerState.java:setLeader(263)) - 1349d5ba-07d4-450a-9218-4f0361201438:group-EB143B8D1303 change Leader from null to 1349d5ba-07d4-450a-9218-4f0361201438 at term 1 for becomeLeader, leader elected after 8902ms
2019-09-12 10:31:56,177 | INFO  | SCMAudit | user=jenkins1000 | ip=192.168.36.114 | op=SEND_HEARTBEAT {datanodeUUID=bcda0514-d42e-47ca-96fd-c0a633e872a8, command=[]} | ret=SUCCESS |  
2019-09-12 10:31:55,478 [1349d5ba-07d4-450a-9218-4f0361201438:group-A98239B1A7FC:LeaderElection115] INFO  server.RaftServerConfigKeys (ConfUtils.java:logGet(43)) - raft.server.staging.catchup.gap = 1000 (default)
2019-09-12 10:31:55,478 [1349d5ba-07d4-450a-9218-4f0361201438:group-FFC0FC40BB39:LeaderElection114] INFO  server.RaftServerConfigKeys (ConfUtils.java:logGet(43)) - raft.server.staging.catchup.gap = 1000 (default)
2019-09-12 10:31:55,478 [1349d5ba-07d4-450a-9218-4f0361201438:group-D1A011A1E2AC:LeaderElection113] INFO  server.RaftServerConfigKeys (ConfUtils.java:logGet(43)) - raft.server.write.element-limit = 4096 (default)
2019-09-12 10:31:55,478 [1349d5ba-07d4-450a-9218-4f0361201438:group-82E1FADBF901:LeaderElection112] INFO  server.RaftServerConfigKeys (ConfUtils.java:logGet(43)) - raft.server.watch.timeout = 10s (default)
2019-09-12 10:31:56,511 [d9d65fd8-d100-497d-8460-9a4cf62b4ad5:group-059EBFC5DFEE:LeaderElection121] INFO  impl.LeaderElection (LeaderElection.java:askForVotes(181)) - d9d65fd8-d100-497d-8460-9a4cf62b4ad5:group-059EBFC5DFEE:LeaderElection121: begin an election at term 1 for -1: [d9d65fd8-d100-497d-8460-9a4cf62b4ad5:192.168.36.114:33192], old=null
2019-09-12 10:31:55,477 [caccd92c-2544-4e02-86cf-95849f240c1b-SegmentedRaftLogWorker:Storage Directory /workdir/hadoop-ozone/integration-test/target/test-dir/MiniOzoneClusterImpl-d867a4e1-154a-4113-b5e4-c09c14df2894/datanode-2/data/ratis/c4c95996-a9a7-427f-93b6-f5a874164d8c] INFO  util.JmxRegister (JmxRegister.java:unregister(73)) - Successfully un-registered JMX Bean with object name Ratis:service=RaftServer,group=group-F5A874164D8C,id=caccd92c-2544-4e02-86cf-95849f240c1b
2019-09-12 10:31:56,512 | INFO  | SCMAudit | user=jenkins1000 | ip=192.168.36.114 | op=SEND_HEARTBEAT {datanodeUUID=39df7a3f-9691-48d4-a2b1-6888489a5f8a, command=[]} | ret=SUCCESS |  
2019-09-12 10:31:56,512 [caccd92c-2544-4e02-86cf-95849f240c1b-SegmentedRaftLogWorker:Storage Directory /workdir/hadoop-ozone/integration-test/target/test-dir/MiniOzoneClusterImpl-d867a4e1-154a-4113-b5e4-c09c14df2894/datanode-2/data/ratis/c4c95996-a9a7-427f-93b6-f5a874164d8c] INFO  impl.RoleInfo (RoleInfo.java:shutdownLeaderState(104)) - caccd92c-2544-4e02-86cf-95849f240c1b: shutdown LeaderState
2019-09-12 10:31:56,512 | INFO  | SCMAudit | user=jenkins1000 | ip=192.168.36.114 | op=SEND_HEARTBEAT {datanodeUUID=c1e71898-521f-4627-a3f1-9884c4b96ced, command=[]} | ret=SUCCESS |  
2019-09-12 10:31:56,512 | INFO  | SCMAudit | user=jenkins1000 | ip=192.168.36.114 | op=SEND_HEARTBEAT {datanodeUUID=c9031a36-5f7c-4098-8bea-8a46141708a6, command=[]} | ret=SUCCESS |  
2019-09-12 10:31:55,477 [334c5273-7871-4d53-8b37-de05e5a3be10-SegmentedRaftLogWorker:Storage Directory /workdir/hadoop-ozone/integration-test/target/test-dir/MiniOzoneClusterImpl-d867a4e1-154a-4113-b5e4-c09c14df2894/datanode-3/data/ratis/43692140-a49c-47ea-93af-be0a19dd7a8a] INFO  util.JmxRegister (JmxRegister.java:unregister(73)) - Successfully un-registered JMX Bean with object name Ratis:service=RaftServer,group=group-BE0A19DD7A8A,id=334c5273-7871-4d53-8b37-de05e5a3be10
2019-09-12 10:31:55,476 [main] INFO  db.DBStoreBuilder (DBStoreBuilder.java:addTable(110)) - using custom profile for table: revokedCerts
2019-09-12 10:31:56,512 | INFO  | SCMAudit | user=jenkins1000 | ip=192.168.36.114 | op=SEND_HEARTBEAT {datanodeUUID=accf000b-d7b7-4fa5-9682-da82c4451e10, command=[]} | ret=SUCCESS |  
2019-09-12 10:31:56,512 [main] INFO  db.DBStoreBuilder (DBStoreBuilder.java:processTables(161)) - Using default column profile:DBProfile.DISK for Table:revokedCerts
2019-09-12 10:31:56,512 | INFO  | SCMAudit | user=jenkins1000 | ip=192.168.36.114 | op=SEND_HEARTBEAT {datanodeUUID=2cb9d557-cb56-4745-8686-5e72b62e748a, command=[]} | ret=SUCCESS |  
2019-09-12 10:31:55,476 [ad8ae342-df06-4311-9d84-524877c98111:group-069D5722A351:LeaderElection110] INFO  server.RaftServerConfigKeys (ConfUtils.java:logGet(43)) - raft.server.watch.timeout.denomination = 1s (default)
2019-09-12 10:31:55,476 [caccd92c-2544-4e02-86cf-95849f240c1b-SegmentedRaftLogWorker:Storage Directory /workdir/hadoop-ozone/integration-test/target/test-dir/MiniOzoneClusterImpl-d867a4e1-154a-4113-b5e4-c09c14df2894/datanode-2/data/ratis/dd37ad43-18c2-4652-a889-4cd58f3f0305] INFO  impl.PendingRequests (PendingRequests.java:sendNotLeaderResponses(202)) - caccd92c-2544-4e02-86cf-95849f240c1b-PendingRequests: sendNotLeaderResponses
2019-09-12 10:31:55,475 [334c5273-7871-4d53-8b37-de05e5a3be10:group-EDE8C272DE80:LeaderElection111] INFO  server.RaftServerConfigKeys (ConfUtils.java:logGet(43)) - raft.server.watch.timeout.denomination = 1s (default)
2019-09-12 10:31:55,475 [pool-284-thread-1] INFO  server.RaftServerConfigKeys (ConfUtils.java:logGet(43)) - raft.server.log.statemachine.data.caching.enabled = true (custom)
2019-09-12 10:31:55,475 [334c5273-7871-4d53-8b37-de05e5a3be10:group-840E66D6CF22:LeaderElection99] INFO  impl.RaftServerImpl (ServerState.java:setRaftConf(361)) - 334c5273-7871-4d53-8b37-de05e5a3be10:group-840E66D6CF22 set configuration 0: [334c5273-7871-4d53-8b37-de05e5a3be10:192.168.36.114:43431], old=null at 0
2019-09-12 10:31:55,475 [5dd0cd62-5770-41dd-9e5a-f3f3eedc40c1:group-B8A95644C2A9:LeaderElection118] INFO  impl.LeaderElection (LeaderElection.java:askForVotes(181)) - 5dd0cd62-5770-41dd-9e5a-f3f3eedc40c1:group-B8A95644C2A9:LeaderElection118: begin an election at term 1 for -1: [5dd0cd62-5770-41dd-9e5a-f3f3eedc40c1:192.168.36.114:42730], old=null
2019-09-12 10:31:55,474 [caccd92c-2544-4e02-86cf-95849f240c1b-SegmentedRaftLogWorker:Storage Directory /workdir/hadoop-ozone/integration-test/target/test-dir/MiniOzoneClusterImpl-d867a4e1-154a-4113-b5e4-c09c14df2894/datanode-2/data/ratis/34fc3d14-a81e-4a5d-aa0f-3144f14ac6f4] ERROR segmented.SegmentedRaftLogWorker (SegmentedRaftLogWorker.java:run(323)) - caccd92c-2544-4e02-86cf-95849f240c1b-SegmentedRaftLogWorker:Storage Directory /workdir/hadoop-ozone/integration-test/target/test-dir/MiniOzoneClusterImpl-d867a4e1-154a-4113-b5e4-c09c14df2894/datanode-2/data/ratis/34fc3d14-a81e-4a5d-aa0f-3144f14ac6f4 hit exception
java.lang.OutOfMemoryError: Direct buffer memory
	at java.nio.Bits.reserveMemory(Bits.java:666)
	at java.nio.DirectByteBuffer.<init>(DirectByteBuffer.java:123)
	at java.nio.ByteBuffer.allocateDirect(ByteBuffer.java:311)
	at org.apache.ratis.server.raftlog.segmented.BufferedWriteChannel.<init>(BufferedWriteChannel.java:41)
	at org.apache.ratis.server.raftlog.segmented.SegmentedRaftLogOutputStream.<init>(SegmentedRaftLogOutputStream.java:72)
	at org.apache.ratis.server.raftlog.segmented.SegmentedRaftLogWorker$StartLogSegment.execute(SegmentedRaftLogWorker.java:566)
	at org.apache.ratis.server.raftlog.segmented.SegmentedRaftLogWorker.run(SegmentedRaftLogWorker.java:289)
	at java.lang.Thread.run(Thread.java:748)
2019-09-12 10:31:56,514 [5dd0cd62-5770-41dd-9e5a-f3f3eedc40c1:group-B8A95644C2A9:LeaderElection118] INFO  impl.RoleInfo (RoleInfo.java:shutdownLeaderElection(134)) - 5dd0cd62-5770-41dd-9e5a-f3f3eedc40c1: shutdown LeaderElection
2019-09-12 10:31:56,514 [pool-284-thread-1] INFO  segmented.SegmentedRaftLogWorker (SegmentedRaftLogWorker.java:lambda$new$0(132)) - d9d65fd8-d100-497d-8460-9a4cf62b4ad5-SegmentedRaftLogWorker:Storage Directory /workdir/hadoop-ozone/integration-test/target/test-dir/MiniOzoneClusterImpl-d867a4e1-154a-4113-b5e4-c09c14df2894/datanode-6/data/ratis/4056681a-3dc1-4da0-9322-6150b09b443e: flushIndex: setUnconditionally 0 -> -1
2019-09-12 10:31:56,513 [334c5273-7871-4d53-8b37-de05e5a3be10:group-EDE8C272DE80:LeaderElection111] INFO  server.RaftServerConfigKeys (ConfUtils.java:logGet(43)) - raft.server.watch.element-limit = 65536 (default)
2019-09-12 10:31:56,515 [pool-284-thread-1] INFO  server.RaftServerConfigKeys (ConfUtils.java:logGet(43)) - raft.server.snapshot.auto.trigger.enabled = true (custom)
2019-09-12 10:31:56,515 [334c5273-7871-4d53-8b37-de05e5a3be10:group-EDE8C272DE80:LeaderElection111] INFO  impl.RoleInfo (RoleInfo.java:updateAndGet(143)) - 334c5273-7871-4d53-8b37-de05e5a3be10: start LeaderState
2019-09-12 10:31:56,513 [caccd92c-2544-4e02-86cf-95849f240c1b-SegmentedRaftLogWorker:Storage Directory /workdir/hadoop-ozone/integration-test/target/test-dir/MiniOzoneClusterImpl-d867a4e1-154a-4113-b5e4-c09c14df2894/datanode-2/data/ratis/dd37ad43-18c2-4652-a889-4cd58f3f0305] INFO  impl.StateMachineUpdater (StateMachineUpdater.java:stopAndJoin(115)) - StateMachineUpdater:caccd92c-2544-4e02-86cf-95849f240c1b:group-4CD58F3F0305: set stopIndex = -1
2019-09-12 10:31:56,513 [ad8ae342-df06-4311-9d84-524877c98111:group-069D5722A351:LeaderElection110] INFO  server.RaftServerConfigKeys (ConfUtils.java:logGet(43)) - raft.server.watch.element-limit = 65536 (default)
2019-09-12 10:31:56,513 [main] INFO  db.DBStoreBuilder (DBStoreBuilder.java:addTable(110)) - using custom profile for table: default
2019-09-12 10:31:56,515 [main] INFO  db.DBStoreBuilder (DBStoreBuilder.java:processTables(167)) - Using default column profile:DBProfile.DISK for Table:default
2019-09-12 10:31:56,512 [334c5273-7871-4d53-8b37-de05e5a3be10-SegmentedRaftLogWorker:Storage Directory /workdir/hadoop-ozone/integration-test/target/test-dir/MiniOzoneClusterImpl-d867a4e1-154a-4113-b5e4-c09c14df2894/datanode-3/data/ratis/43692140-a49c-47ea-93af-be0a19dd7a8a] INFO  impl.RoleInfo (RoleInfo.java:shutdownLeaderState(104)) - 334c5273-7871-4d53-8b37-de05e5a3be10: shutdown LeaderState
2019-09-12 10:31:56,512 [caccd92c-2544-4e02-86cf-95849f240c1b-SegmentedRaftLogWorker:Storage Directory /workdir/hadoop-ozone/integration-test/target/test-dir/MiniOzoneClusterImpl-d867a4e1-154a-4113-b5e4-c09c14df2894/datanode-2/data/ratis/c4c95996-a9a7-427f-93b6-f5a874164d8c] INFO  impl.PendingRequests (PendingRequests.java:sendNotLeaderResponses(202)) - caccd92c-2544-4e02-86cf-95849f240c1b-PendingRequests: sendNotLeaderResponses
2019-09-12 10:31:56,511 [d9d65fd8-d100-497d-8460-9a4cf62b4ad5:group-059EBFC5DFEE:LeaderElection121] INFO  impl.RoleInfo (RoleInfo.java:shutdownLeaderElection(134)) - d9d65fd8-d100-497d-8460-9a4cf62b4ad5: shutdown LeaderElection
2019-09-12 10:31:56,511 [1349d5ba-07d4-450a-9218-4f0361201438:group-82E1FADBF901:LeaderElection112] INFO  server.RaftServerConfigKeys (ConfUtils.java:logGet(43)) - raft.server.watch.timeout.denomination = 1s (default)
2019-09-12 10:31:56,516 [1349d5ba-07d4-450a-9218-4f0361201438:group-82E1FADBF901:LeaderElection112] INFO  server.RaftServerConfigKeys (ConfUtils.java:logGet(43)) - raft.server.watch.element-limit = 65536 (default)
2019-09-12 10:31:56,511 [d9d65fd8-d100-497d-8460-9a4cf62b4ad5:group-C3AB91A55130:LeaderElection120] INFO  impl.LeaderElection (LeaderElection.java:askForVotes(181)) - d9d65fd8-d100-497d-8460-9a4cf62b4ad5:group-C3AB91A55130:LeaderElection120: begin an election at term 1 for -1: [d9d65fd8-d100-497d-8460-9a4cf62b4ad5:192.168.36.114:33192], old=null
2019-09-12 10:31:56,510 [caccd92c-2544-4e02-86cf-95849f240c1b-SegmentedRaftLogWorker:Storage Directory /workdir/hadoop-ozone/integration-test/target/test-dir/MiniOzoneClusterImpl-d867a4e1-154a-4113-b5e4-c09c14df2894/datanode-2/data/ratis/05b55ae3-a4c9-43a9-983c-e51f020481e7] ERROR segmented.SegmentedRaftLogWorker (SegmentedRaftLogWorker.java:run(323)) - caccd92c-2544-4e02-86cf-95849f240c1b-SegmentedRaftLogWorker:Storage Directory /workdir/hadoop-ozone/integration-test/target/test-dir/MiniOzoneClusterImpl-d867a4e1-154a-4113-b5e4-c09c14df2894/datanode-2/data/ratis/05b55ae3-a4c9-43a9-983c-e51f020481e7 hit exception
java.lang.OutOfMemoryError: Direct buffer memory
	at java.nio.Bits.reserveMemory(Bits.java:666)
	at java.nio.DirectByteBuffer.<init>(DirectByteBuffer.java:123)
	at java.nio.ByteBuffer.allocateDirect(ByteBuffer.java:311)
	at org.apache.ratis.server.raftlog.segmented.BufferedWriteChannel.<init>(BufferedWriteChannel.java:41)
	at org.apache.ratis.server.raftlog.segmented.SegmentedRaftLogOutputStream.<init>(SegmentedRaftLogOutputStream.java:72)
	at org.apache.ratis.server.raftlog.segmented.SegmentedRaftLogWorker$StartLogSegment.execute(SegmentedRaftLogWorker.java:566)
	at org.apache.ratis.server.raftlog.segmented.SegmentedRaftLogWorker.run(SegmentedRaftLogWorker.java:289)
	at java.lang.Thread.run(Thread.java:748)
2019-09-12 10:31:56,517 [caccd92c-2544-4e02-86cf-95849f240c1b-SegmentedRaftLogWorker:Storage Directory /workdir/hadoop-ozone/integration-test/target/test-dir/MiniOzoneClusterImpl-d867a4e1-154a-4113-b5e4-c09c14df2894/datanode-2/data/ratis/05b55ae3-a4c9-43a9-983c-e51f020481e7] INFO  impl.RaftServerImpl (RaftServerImpl.java:lambda$shutdown$3(245)) - caccd92c-2544-4e02-86cf-95849f240c1b: shutdown group-E51F020481E7
2019-09-12 10:31:56,178 [1349d5ba-07d4-450a-9218-4f0361201438:group-D1A011A1E2AC:LeaderElection113] INFO  server.RaftServerConfigKeys (ConfUtils.java:logGet(43)) - raft.server.watch.timeout = 10s (default)
2019-09-12 10:31:56,178 [1349d5ba-07d4-450a-9218-4f0361201438:group-FFC0FC40BB39:LeaderElection114] INFO  server.RaftServerConfigKeys (ConfUtils.java:logGet(43)) - raft.server.rpc.sleep.time = 25ms (default)
2019-09-12 10:31:56,178 [1349d5ba-07d4-450a-9218-4f0361201438:group-A98239B1A7FC:LeaderElection115] INFO  server.RaftServerConfigKeys (ConfUtils.java:logGet(43)) - raft.server.rpc.sleep.time = 25ms (default)
2019-09-12 10:31:56,177 [1349d5ba-07d4-450a-9218-4f0361201438:group-EB143B8D1303:LeaderElection117] INFO  server.RaftServerConfigKeys (ConfUtils.java:logGet(43)) - raft.server.staging.catchup.gap = 1000 (default)
2019-09-12 10:31:56,177 [1349d5ba-07d4-450a-9218-4f0361201438:group-F15575A866C3:LeaderElection116] INFO  server.RaftServerConfigKeys (ConfUtils.java:logGet(43)) - raft.server.staging.catchup.gap = 1000 (default)
2019-09-12 10:31:56,177 [334c5273-7871-4d53-8b37-de05e5a3be10:group-ECEBA98C9439:LeaderElection102] INFO  impl.RaftServerImpl (ServerState.java:setRaftConf(361)) - 334c5273-7871-4d53-8b37-de05e5a3be10:group-ECEBA98C9439 set configuration 0: [334c5273-7871-4d53-8b37-de05e5a3be10:192.168.36.114:43431], old=null at 0
2019-09-12 10:31:56,171 [ad8ae342-df06-4311-9d84-524877c98111-SegmentedRaftLogWorker:Storage Directory /workdir/hadoop-ozone/integration-test/target/test-dir/MiniOzoneClusterImpl-d867a4e1-154a-4113-b5e4-c09c14df2894/datanode-4/data/ratis/decc5677-f958-4f57-9802-66f56e0cf95c] ERROR segmented.SegmentedRaftLogWorker (SegmentedRaftLogWorker.java:run(323)) - ad8ae342-df06-4311-9d84-524877c98111-SegmentedRaftLogWorker:Storage Directory /workdir/hadoop-ozone/integration-test/target/test-dir/MiniOzoneClusterImpl-d867a4e1-154a-4113-b5e4-c09c14df2894/datanode-4/data/ratis/decc5677-f958-4f57-9802-66f56e0cf95c hit exception
java.lang.OutOfMemoryError: Direct buffer memory
	at java.nio.Bits.reserveMemory(Bits.java:666)
	at java.nio.DirectByteBuffer.<init>(DirectByteBuffer.java:123)
	at java.nio.ByteBuffer.allocateDirect(ByteBuffer.java:311)
	at org.apache.ratis.server.raftlog.segmented.BufferedWriteChannel.<init>(BufferedWriteChannel.java:41)
	at org.apache.ratis.server.raftlog.segmented.SegmentedRaftLogOutputStream.<init>(SegmentedRaftLogOutputStream.java:72)
	at org.apache.ratis.server.raftlog.segmented.SegmentedRaftLogWorker$StartLogSegment.execute(SegmentedRaftLogWorker.java:566)
	at org.apache.ratis.server.raftlog.segmented.SegmentedRaftLogWorker.run(SegmentedRaftLogWorker.java:289)
	at java.lang.Thread.run(Thread.java:748)
2019-09-12 10:31:56,518 [ad8ae342-df06-4311-9d84-524877c98111-SegmentedRaftLogWorker:Storage Directory /workdir/hadoop-ozone/integration-test/target/test-dir/MiniOzoneClusterImpl-d867a4e1-154a-4113-b5e4-c09c14df2894/datanode-4/data/ratis/decc5677-f958-4f57-9802-66f56e0cf95c] INFO  impl.RaftServerImpl (RaftServerImpl.java:lambda$shutdown$3(245)) - ad8ae342-df06-4311-9d84-524877c98111: shutdown group-66F56E0CF95C
2019-09-12 10:31:56,171 [ad8ae342-df06-4311-9d84-524877c98111-SegmentedRaftLogWorker:Storage Directory /workdir/hadoop-ozone/integration-test/target/test-dir/MiniOzoneClusterImpl-d867a4e1-154a-4113-b5e4-c09c14df2894/datanode-4/data/ratis/70b4f543-8778-4fbd-ad14-4ce3eea348cb] ERROR segmented.SegmentedRaftLogWorker (SegmentedRaftLogWorker.java:run(323)) - ad8ae342-df06-4311-9d84-524877c98111-SegmentedRaftLogWorker:Storage Directory /workdir/hadoop-ozone/integration-test/target/test-dir/MiniOzoneClusterImpl-d867a4e1-154a-4113-b5e4-c09c14df2894/datanode-4/data/ratis/70b4f543-8778-4fbd-ad14-4ce3eea348cb hit exception
java.lang.OutOfMemoryError: Direct buffer memory
	at java.nio.Bits.reserveMemory(Bits.java:666)
	at java.nio.DirectByteBuffer.<init>(DirectByteBuffer.java:123)
	at java.nio.ByteBuffer.allocateDirect(ByteBuffer.java:311)
	at org.apache.ratis.server.raftlog.segmented.BufferedWriteChannel.<init>(BufferedWriteChannel.java:41)
	at org.apache.ratis.server.raftlog.segmented.SegmentedRaftLogOutputStream.<init>(SegmentedRaftLogOutputStream.java:72)
	at org.apache.ratis.server.raftlog.segmented.SegmentedRaftLogWorker$StartLogSegment.execute(SegmentedRaftLogWorker.java:566)
	at org.apache.ratis.server.raftlog.segmented.SegmentedRaftLogWorker.run(SegmentedRaftLogWorker.java:289)
	at java.lang.Thread.run(Thread.java:748)
2019-09-12 10:31:55,825 [c54af6f8-a22e-478f-90e1-029d14059a99-SegmentedRaftLogWorker:Storage Directory /workdir/hadoop-ozone/integration-test/target/test-dir/MiniOzoneClusterImpl-87a68f7a-76d1-4e01-bf62-4b4b582b7243/datanode-3/data/ratis/45044052-4ae2-4d74-9246-90411c99a9b7] INFO  impl.StateMachineUpdater (StateMachineUpdater.java:stopAndJoin(115)) - StateMachineUpdater:c54af6f8-a22e-478f-90e1-029d14059a99:group-90411C99A9B7: set stopIndex = -1
2019-09-12 10:31:56,519 [c54af6f8-a22e-478f-90e1-029d14059a99-SegmentedRaftLogWorker:Storage Directory /workdir/hadoop-ozone/integration-test/target/test-dir/MiniOzoneClusterImpl-87a68f7a-76d1-4e01-bf62-4b4b582b7243/datanode-3/data/ratis/45044052-4ae2-4d74-9246-90411c99a9b7] INFO  impl.RaftServerImpl (ServerState.java:close(394)) - c54af6f8-a22e-478f-90e1-029d14059a99:group-90411C99A9B7 closes. The last applied log index is -1
2019-09-12 10:31:55,825 [ad8ae342-df06-4311-9d84-524877c98111:group-3B1A47D1DCD4:LeaderElection107] INFO  impl.RaftServerImpl (ServerState.java:setRaftConf(361)) - ad8ae342-df06-4311-9d84-524877c98111:group-3B1A47D1DCD4 set configuration 0: [ad8ae342-df06-4311-9d84-524877c98111:192.168.36.114:39527], old=null at 0
2019-09-12 10:31:56,519 [c54af6f8-a22e-478f-90e1-029d14059a99-SegmentedRaftLogWorker:Storage Directory /workdir/hadoop-ozone/integration-test/target/test-dir/MiniOzoneClusterImpl-87a68f7a-76d1-4e01-bf62-4b4b582b7243/datanode-3/data/ratis/45044052-4ae2-4d74-9246-90411c99a9b7] INFO  segmented.SegmentedRaftLogWorker (SegmentedRaftLogWorker.java:close(228)) - c54af6f8-a22e-478f-90e1-029d14059a99-SegmentedRaftLogWorker:Storage Directory /workdir/hadoop-ozone/integration-test/target/test-dir/MiniOzoneClusterImpl-87a68f7a-76d1-4e01-bf62-4b4b582b7243/datanode-3/data/ratis/45044052-4ae2-4d74-9246-90411c99a9b7 close()
2019-09-12 10:31:55,824 [c54af6f8-a22e-478f-90e1-029d14059a99-SegmentedRaftLogWorker:Storage Directory /workdir/hadoop-ozone/integration-test/target/test-dir/MiniOzoneClusterImpl-87a68f7a-76d1-4e01-bf62-4b4b582b7243/datanode-3/data/ratis/ba64f88d-75bd-402c-9e31-d03399840855] INFO  impl.RoleInfo (RoleInfo.java:shutdownLeaderState(104)) - c54af6f8-a22e-478f-90e1-029d14059a99: shutdown LeaderState
2019-09-12 10:31:55,824 [d40ec8ee-ac9e-41d6-86bd-e74a05605b85-SegmentedRaftLogWorker:Storage Directory /workdir/hadoop-ozone/integration-test/target/test-dir/MiniOzoneClusterImpl-d867a4e1-154a-4113-b5e4-c09c14df2894/datanode-1/data/ratis/7f05e766-691f-450c-bedb-f276089499de] INFO  util.JmxRegister (JmxRegister.java:unregister(73)) - Successfully un-registered JMX Bean with object name Ratis:service=RaftServer,group=group-F276089499DE,id=d40ec8ee-ac9e-41d6-86bd-e74a05605b85
2019-09-12 10:31:55,824 [c54af6f8-a22e-478f-90e1-029d14059a99-SegmentedRaftLogWorker:Storage Directory /workdir/hadoop-ozone/integration-test/target/test-dir/MiniOzoneClusterImpl-87a68f7a-76d1-4e01-bf62-4b4b582b7243/datanode-3/data/ratis/222435bf-d572-4427-80aa-ab0002cbdb7d] INFO  util.JmxRegister (JmxRegister.java:unregister(73)) - Successfully un-registered JMX Bean with object name Ratis:service=RaftServer,group=group-AB0002CBDB7D,id=c54af6f8-a22e-478f-90e1-029d14059a99
2019-09-12 10:31:56,520 [c54af6f8-a22e-478f-90e1-029d14059a99-SegmentedRaftLogWorker:Storage Directory /workdir/hadoop-ozone/integration-test/target/test-dir/MiniOzoneClusterImpl-87a68f7a-76d1-4e01-bf62-4b4b582b7243/datanode-3/data/ratis/222435bf-d572-4427-80aa-ab0002cbdb7d] INFO  impl.RoleInfo (RoleInfo.java:shutdownLeaderState(104)) - c54af6f8-a22e-478f-90e1-029d14059a99: shutdown LeaderState
2019-09-12 10:31:55,823 [5dd0cd62-5770-41dd-9e5a-f3f3eedc40c1:group-B898DF89A595:LeaderElection119] INFO  impl.LeaderElection (LeaderElection.java:askForVotes(181)) - 5dd0cd62-5770-41dd-9e5a-f3f3eedc40c1:group-B898DF89A595:LeaderElection119: begin an election at term 1 for -1: [5dd0cd62-5770-41dd-9e5a-f3f3eedc40c1:192.168.36.114:42730], old=null
2019-09-12 10:31:55,482 [bcda0514-d42e-47ca-96fd-c0a633e872a8-SegmentedRaftLogWorker:Storage Directory /workdir/hadoop-ozone/integration-test/target/test-dir/MiniOzoneClusterImpl-87a68f7a-76d1-4e01-bf62-4b4b582b7243/datanode-4/data/ratis/fff3c739-e98e-4210-b845-b60fafb357a7] INFO  impl.RoleInfo (RoleInfo.java:shutdownLeaderState(104)) - bcda0514-d42e-47ca-96fd-c0a633e872a8: shutdown LeaderState
2019-09-12 10:31:56,520 [bcda0514-d42e-47ca-96fd-c0a633e872a8-SegmentedRaftLogWorker:Storage Directory /workdir/hadoop-ozone/integration-test/target/test-dir/MiniOzoneClusterImpl-87a68f7a-76d1-4e01-bf62-4b4b582b7243/datanode-4/data/ratis/fff3c739-e98e-4210-b845-b60fafb357a7] INFO  impl.PendingRequests (PendingRequests.java:sendNotLeaderResponses(202)) - bcda0514-d42e-47ca-96fd-c0a633e872a8-PendingRequests: sendNotLeaderResponses
2019-09-12 10:31:55,482 [ad8ae342-df06-4311-9d84-524877c98111:group-9C41041E3CF9:LeaderElection108] INFO  impl.RaftServerImpl (ServerState.java:setRaftConf(361)) - ad8ae342-df06-4311-9d84-524877c98111:group-9C41041E3CF9 set configuration 0: [ad8ae342-df06-4311-9d84-524877c98111:192.168.36.114:39527], old=null at 0
2019-09-12 10:31:55,481 [Thread-1129] INFO  impl.RaftServerImpl (RaftServerImpl.java:setRole(171)) - d40ec8ee-ac9e-41d6-86bd-e74a05605b85:group-D04995846C31 changes role from FOLLOWER to CANDIDATE at term 0 for changeToCandidate
2019-09-12 10:31:55,481 [ad8ae342-df06-4311-9d84-524877c98111:group-AA6291B3F0BA:LeaderElection104] INFO  server.RaftServerConfigKeys (ConfUtils.java:logGet(43)) - raft.server.write.element-limit = 4096 (default)
2019-09-12 10:31:56,521 [Thread-1129] INFO  impl.RoleInfo (RoleInfo.java:updateAndGet(143)) - d40ec8ee-ac9e-41d6-86bd-e74a05605b85: start LeaderElection
2019-09-12 10:31:56,520 [bcda0514-d42e-47ca-96fd-c0a633e872a8-SegmentedRaftLogWorker:Storage Directory /workdir/hadoop-ozone/integration-test/target/test-dir/MiniOzoneClusterImpl-87a68f7a-76d1-4e01-bf62-4b4b582b7243/datanode-4/data/ratis/fff3c739-e98e-4210-b845-b60fafb357a7] INFO  impl.StateMachineUpdater (StateMachineUpdater.java:stopAndJoin(115)) - StateMachineUpdater:bcda0514-d42e-47ca-96fd-c0a633e872a8:group-B60FAFB357A7: set stopIndex = -1
2019-09-12 10:31:56,521 [bcda0514-d42e-47ca-96fd-c0a633e872a8-SegmentedRaftLogWorker:Storage Directory /workdir/hadoop-ozone/integration-test/target/test-dir/MiniOzoneClusterImpl-87a68f7a-76d1-4e01-bf62-4b4b582b7243/datanode-4/data/ratis/fff3c739-e98e-4210-b845-b60fafb357a7] INFO  impl.RaftServerImpl (ServerState.java:close(394)) - bcda0514-d42e-47ca-96fd-c0a633e872a8:group-B60FAFB357A7 closes. The last applied log index is -1
2019-09-12 10:31:56,520 [5dd0cd62-5770-41dd-9e5a-f3f3eedc40c1:group-B898DF89A595:LeaderElection119] INFO  impl.RoleInfo (RoleInfo.java:shutdownLeaderElection(134)) - 5dd0cd62-5770-41dd-9e5a-f3f3eedc40c1: shutdown LeaderElection
2019-09-12 10:31:56,520 [c54af6f8-a22e-478f-90e1-029d14059a99-SegmentedRaftLogWorker:Storage Directory /workdir/hadoop-ozone/integration-test/target/test-dir/MiniOzoneClusterImpl-87a68f7a-76d1-4e01-bf62-4b4b582b7243/datanode-3/data/ratis/222435bf-d572-4427-80aa-ab0002cbdb7d] INFO  impl.PendingRequests (PendingRequests.java:sendNotLeaderResponses(202)) - c54af6f8-a22e-478f-90e1-029d14059a99-PendingRequests: sendNotLeaderResponses
2019-09-12 10:31:56,520 [d40ec8ee-ac9e-41d6-86bd-e74a05605b85-SegmentedRaftLogWorker:Storage Directory /workdir/hadoop-ozone/integration-test/target/test-dir/MiniOzoneClusterImpl-d867a4e1-154a-4113-b5e4-c09c14df2894/datanode-1/data/ratis/7f05e766-691f-450c-bedb-f276089499de] INFO  impl.RoleInfo (RoleInfo.java:shutdownLeaderState(104)) - d40ec8ee-ac9e-41d6-86bd-e74a05605b85: shutdown LeaderState
2019-09-12 10:31:56,519 [c54af6f8-a22e-478f-90e1-029d14059a99-SegmentedRaftLogWorker:Storage Directory /workdir/hadoop-ozone/integration-test/target/test-dir/MiniOzoneClusterImpl-87a68f7a-76d1-4e01-bf62-4b4b582b7243/datanode-3/data/ratis/ba64f88d-75bd-402c-9e31-d03399840855] INFO  impl.PendingRequests (PendingRequests.java:sendNotLeaderResponses(202)) - c54af6f8-a22e-478f-90e1-029d14059a99-PendingRequests: sendNotLeaderResponses
2019-09-12 10:31:56,519 [ad8ae342-df06-4311-9d84-524877c98111-SegmentedRaftLogWorker:Storage Directory /workdir/hadoop-ozone/integration-test/target/test-dir/MiniOzoneClusterImpl-d867a4e1-154a-4113-b5e4-c09c14df2894/datanode-4/data/ratis/70b4f543-8778-4fbd-ad14-4ce3eea348cb] INFO  impl.RaftServerImpl (RaftServerImpl.java:lambda$shutdown$3(245)) - ad8ae342-df06-4311-9d84-524877c98111: shutdown group-4CE3EEA348CB
2019-09-12 10:31:56,518 [ad8ae342-df06-4311-9d84-524877c98111-SegmentedRaftLogWorker:Storage Directory /workdir/hadoop-ozone/integration-test/target/test-dir/MiniOzoneClusterImpl-d867a4e1-154a-4113-b5e4-c09c14df2894/datanode-4/data/ratis/decc5677-f958-4f57-9802-66f56e0cf95c] INFO  util.JmxRegister (JmxRegister.java:unregister(73)) - Successfully un-registered JMX Bean with object name Ratis:service=RaftServer,group=group-66F56E0CF95C,id=ad8ae342-df06-4311-9d84-524877c98111
2019-09-12 10:31:56,518 [1349d5ba-07d4-450a-9218-4f0361201438:group-F15575A866C3:LeaderElection116] INFO  server.RaftServerConfigKeys (ConfUtils.java:logGet(43)) - raft.server.rpc.sleep.time = 25ms (default)
2019-09-12 10:31:56,518 [1349d5ba-07d4-450a-9218-4f0361201438:group-EB143B8D1303:LeaderElection117] INFO  server.RaftServerConfigKeys (ConfUtils.java:logGet(43)) - raft.server.rpc.sleep.time = 25ms (default)
2019-09-12 10:31:56,518 [1349d5ba-07d4-450a-9218-4f0361201438:group-A98239B1A7FC:LeaderElection115] INFO  server.RaftServerConfigKeys (ConfUtils.java:logGet(43)) - raft.server.write.element-limit = 4096 (default)
2019-09-12 10:31:56,517 [1349d5ba-07d4-450a-9218-4f0361201438:group-FFC0FC40BB39:LeaderElection114] INFO  server.RaftServerConfigKeys (ConfUtils.java:logGet(43)) - raft.server.write.element-limit = 4096 (default)
2019-09-12 10:31:56,517 [1349d5ba-07d4-450a-9218-4f0361201438:group-D1A011A1E2AC:LeaderElection113] INFO  server.RaftServerConfigKeys (ConfUtils.java:logGet(43)) - raft.server.watch.timeout.denomination = 1s (default)
2019-09-12 10:31:56,517 [caccd92c-2544-4e02-86cf-95849f240c1b-SegmentedRaftLogWorker:Storage Directory /workdir/hadoop-ozone/integration-test/target/test-dir/MiniOzoneClusterImpl-d867a4e1-154a-4113-b5e4-c09c14df2894/datanode-2/data/ratis/05b55ae3-a4c9-43a9-983c-e51f020481e7] INFO  util.JmxRegister (JmxRegister.java:unregister(73)) - Successfully un-registered JMX Bean with object name Ratis:service=RaftServer,group=group-E51F020481E7,id=caccd92c-2544-4e02-86cf-95849f240c1b
2019-09-12 10:31:56,523 [caccd92c-2544-4e02-86cf-95849f240c1b-SegmentedRaftLogWorker:Storage Directory /workdir/hadoop-ozone/integration-test/target/test-dir/MiniOzoneClusterImpl-d867a4e1-154a-4113-b5e4-c09c14df2894/datanode-2/data/ratis/05b55ae3-a4c9-43a9-983c-e51f020481e7] INFO  impl.RoleInfo (RoleInfo.java:shutdownLeaderState(104)) - caccd92c-2544-4e02-86cf-95849f240c1b: shutdown LeaderState
2019-09-12 10:31:56,517 [d9d65fd8-d100-497d-8460-9a4cf62b4ad5:group-C3AB91A55130:LeaderElection120] INFO  impl.RoleInfo (RoleInfo.java:shutdownLeaderElection(134)) - d9d65fd8-d100-497d-8460-9a4cf62b4ad5: shutdown LeaderElection
2019-09-12 10:31:56,516 [1349d5ba-07d4-450a-9218-4f0361201438:group-82E1FADBF901:LeaderElection112] INFO  impl.RoleInfo (RoleInfo.java:updateAndGet(143)) - 1349d5ba-07d4-450a-9218-4f0361201438: start LeaderState
2019-09-12 10:31:56,516 [d9d65fd8-d100-497d-8460-9a4cf62b4ad5:group-059EBFC5DFEE:LeaderElection121] INFO  impl.RaftServerImpl (RaftServerImpl.java:setRole(171)) - d9d65fd8-d100-497d-8460-9a4cf62b4ad5:group-059EBFC5DFEE changes role from CANDIDATE to LEADER at term 1 for changeToLeader
2019-09-12 10:31:56,516 [caccd92c-2544-4e02-86cf-95849f240c1b-SegmentedRaftLogWorker:Storage Directory /workdir/hadoop-ozone/integration-test/target/test-dir/MiniOzoneClusterImpl-d867a4e1-154a-4113-b5e4-c09c14df2894/datanode-2/data/ratis/c4c95996-a9a7-427f-93b6-f5a874164d8c] INFO  impl.StateMachineUpdater (StateMachineUpdater.java:stopAndJoin(115)) - StateMachineUpdater:caccd92c-2544-4e02-86cf-95849f240c1b:group-F5A874164D8C: set stopIndex = -1
2019-09-12 10:31:56,524 [caccd92c-2544-4e02-86cf-95849f240c1b-SegmentedRaftLogWorker:Storage Directory /workdir/hadoop-ozone/integration-test/target/test-dir/MiniOzoneClusterImpl-d867a4e1-154a-4113-b5e4-c09c14df2894/datanode-2/data/ratis/c4c95996-a9a7-427f-93b6-f5a874164d8c] INFO  impl.RaftServerImpl (ServerState.java:close(394)) - caccd92c-2544-4e02-86cf-95849f240c1b:group-F5A874164D8C closes. The last applied log index is -1
2019-09-12 10:31:56,516 [334c5273-7871-4d53-8b37-de05e5a3be10-SegmentedRaftLogWorker:Storage Directory /workdir/hadoop-ozone/integration-test/target/test-dir/MiniOzoneClusterImpl-d867a4e1-154a-4113-b5e4-c09c14df2894/datanode-3/data/ratis/43692140-a49c-47ea-93af-be0a19dd7a8a] INFO  impl.PendingRequests (PendingRequests.java:sendNotLeaderResponses(202)) - 334c5273-7871-4d53-8b37-de05e5a3be10-PendingRequests: sendNotLeaderResponses
2019-09-12 10:31:56,516 [main] INFO  db.DBStoreBuilder (DBStoreBuilder.java:getDbProfile(198)) - Using default options. DBProfile.DISK
2019-09-12 10:31:56,515 [ad8ae342-df06-4311-9d84-524877c98111:group-069D5722A351:LeaderElection110] INFO  impl.RoleInfo (RoleInfo.java:updateAndGet(143)) - ad8ae342-df06-4311-9d84-524877c98111: start LeaderState
2019-09-12 10:31:56,515 [caccd92c-2544-4e02-86cf-95849f240c1b-SegmentedRaftLogWorker:Storage Directory /workdir/hadoop-ozone/integration-test/target/test-dir/MiniOzoneClusterImpl-d867a4e1-154a-4113-b5e4-c09c14df2894/datanode-2/data/ratis/dd37ad43-18c2-4652-a889-4cd58f3f0305] INFO  impl.RaftServerImpl (ServerState.java:close(394)) - caccd92c-2544-4e02-86cf-95849f240c1b:group-4CD58F3F0305 closes. The last applied log index is -1
2019-09-12 10:31:56,515 [334c5273-7871-4d53-8b37-de05e5a3be10:group-EDE8C272DE80:LeaderElection111] INFO  segmented.SegmentedRaftLogWorker (SegmentedRaftLogWorker.java:startLogSegment(380)) - 334c5273-7871-4d53-8b37-de05e5a3be10-SegmentedRaftLogWorker:Storage Directory /workdir/hadoop-ozone/integration-test/target/test-dir/MiniOzoneClusterImpl-d867a4e1-154a-4113-b5e4-c09c14df2894/datanode-3/data/ratis/cc01a166-0d67-4160-9867-ede8c272de80: Starting segment from index:0
2019-09-12 10:31:56,515 [pool-284-thread-1] INFO  server.RaftServerConfigKeys (ConfUtils.java:logGet(43)) - raft.server.snapshot.auto.trigger.threshold = 10000 (custom)
2019-09-12 10:31:56,514 [5dd0cd62-5770-41dd-9e5a-f3f3eedc40c1:group-B8A95644C2A9:LeaderElection118] INFO  impl.RaftServerImpl (RaftServerImpl.java:setRole(171)) - 5dd0cd62-5770-41dd-9e5a-f3f3eedc40c1:group-B8A95644C2A9 changes role from CANDIDATE to LEADER at term 1 for changeToLeader
2019-09-12 10:31:56,866 | INFO  | SCMAudit | user=jenkins1000 | ip=192.168.36.114 | op=SEND_HEARTBEAT {datanodeUUID=c1e71898-521f-4627-a3f1-9884c4b96ced, command=[]} | ret=SUCCESS |  
2019-09-12 10:31:56,867 | INFO  | SCMAudit | user=jenkins1000 | ip=192.168.36.114 | op=SEND_HEARTBEAT {datanodeUUID=bcda0514-d42e-47ca-96fd-c0a633e872a8, command=[]} | ret=SUCCESS |  
2019-09-12 10:31:56,867 | INFO  | SCMAudit | user=jenkins1000 | ip=192.168.36.114 | op=SEND_HEARTBEAT {datanodeUUID=22ce2f4b-d517-44cf-8041-712d813e08f3, command=[]} | ret=SUCCESS |  
2019-09-12 10:31:56,867 | INFO  | SCMAudit | user=jenkins1000 | ip=192.168.36.114 | op=SEND_HEARTBEAT {datanodeUUID=eaeff1e2-de9c-4510-872d-283eb6c3c330, command=[]} | ret=SUCCESS |  
2019-09-12 10:31:56,867 | INFO  | SCMAudit | user=jenkins1000 | ip=192.168.36.114 | op=SEND_HEARTBEAT {datanodeUUID=5dd0cd62-5770-41dd-9e5a-f3f3eedc40c1, command=[]} | ret=SUCCESS |  
2019-09-12 10:31:56,867 | INFO  | SCMAudit | user=jenkins1000 | ip=192.168.36.114 | op=SEND_HEARTBEAT {datanodeUUID=1349d5ba-07d4-450a-9218-4f0361201438, command=[]} | ret=SUCCESS |  
2019-09-12 10:31:56,867 | INFO  | SCMAudit | user=jenkins1000 | ip=192.168.36.114 | op=SEND_HEARTBEAT {datanodeUUID=caccd92c-2544-4e02-86cf-95849f240c1b, command=[]} | ret=SUCCESS |  
2019-09-12 10:31:56,867 | INFO  | SCMAudit | user=jenkins1000 | ip=192.168.36.114 | op=SEND_HEARTBEAT {datanodeUUID=b6dd7c38-f675-445e-811b-15cf17d56c0a, command=[]} | ret=SUCCESS |  
2019-09-12 10:31:56,868 | INFO  | SCMAudit | user=jenkins1000 | ip=192.168.36.114 | op=SEND_HEARTBEAT {datanodeUUID=f17b4253-95a0-4ee6-8ded-88f070f15b33, command=[]} | ret=SUCCESS |  
2019-09-12 10:31:56,868 | INFO  | SCMAudit | user=jenkins1000 | ip=192.168.36.114 | op=SEND_HEARTBEAT {datanodeUUID=d40ec8ee-ac9e-41d6-86bd-e74a05605b85, command=[]} | ret=SUCCESS |  
2019-09-12 10:31:56,514 [caccd92c-2544-4e02-86cf-95849f240c1b-SegmentedRaftLogWorker:Storage Directory /workdir/hadoop-ozone/integration-test/target/test-dir/MiniOzoneClusterImpl-d867a4e1-154a-4113-b5e4-c09c14df2894/datanode-2/data/ratis/34fc3d14-a81e-4a5d-aa0f-3144f14ac6f4] INFO  impl.RaftServerImpl (RaftServerImpl.java:lambda$shutdown$3(245)) - caccd92c-2544-4e02-86cf-95849f240c1b: shutdown group-3144F14AC6F4
2019-09-12 10:31:56,868 [d40ec8ee-ac9e-41d6-86bd-e74a05605b85:group-D04995846C31:LeaderElection122] INFO  impl.LeaderElection (LeaderElection.java:askForVotes(181)) - d40ec8ee-ac9e-41d6-86bd-e74a05605b85:group-D04995846C31:LeaderElection122: begin an election at term 1 for -1: [d40ec8ee-ac9e-41d6-86bd-e74a05605b85:192.168.36.114:33446], old=null
2019-09-12 10:31:56,868 [caccd92c-2544-4e02-86cf-95849f240c1b-SegmentedRaftLogWorker:Storage Directory /workdir/hadoop-ozone/integration-test/target/test-dir/MiniOzoneClusterImpl-d867a4e1-154a-4113-b5e4-c09c14df2894/datanode-2/data/ratis/c2e24b2d-daac-4f6e-a7f8-6f7f9f28a891] ERROR segmented.SegmentedRaftLogWorker (SegmentedRaftLogWorker.java:run(323)) - caccd92c-2544-4e02-86cf-95849f240c1b-SegmentedRaftLogWorker:Storage Directory /workdir/hadoop-ozone/integration-test/target/test-dir/MiniOzoneClusterImpl-d867a4e1-154a-4113-b5e4-c09c14df2894/datanode-2/data/ratis/c2e24b2d-daac-4f6e-a7f8-6f7f9f28a891 hit exception
java.lang.OutOfMemoryError: Direct buffer memory
	at java.nio.Bits.reserveMemory(Bits.java:666)
	at java.nio.DirectByteBuffer.<init>(DirectByteBuffer.java:123)
	at java.nio.ByteBuffer.allocateDirect(ByteBuffer.java:311)
	at org.apache.ratis.server.raftlog.segmented.BufferedWriteChannel.<init>(BufferedWriteChannel.java:41)
	at org.apache.ratis.server.raftlog.segmented.SegmentedRaftLogOutputStream.<init>(SegmentedRaftLogOutputStream.java:72)
	at org.apache.ratis.server.raftlog.segmented.SegmentedRaftLogWorker$StartLogSegment.execute(SegmentedRaftLogWorker.java:566)
	at org.apache.ratis.server.raftlog.segmented.SegmentedRaftLogWorker.run(SegmentedRaftLogWorker.java:289)
	at java.lang.Thread.run(Thread.java:748)
2019-09-12 10:31:56,868 [334c5273-7871-4d53-8b37-de05e5a3be10-SegmentedRaftLogWorker:Storage Directory /workdir/hadoop-ozone/integration-test/target/test-dir/MiniOzoneClusterImpl-d867a4e1-154a-4113-b5e4-c09c14df2894/datanode-3/data/ratis/c8a4f1fe-7ce1-4f0d-b9f4-898bdd98d4fd] ERROR segmented.SegmentedRaftLogWorker (SegmentedRaftLogWorker.java:run(323)) - 334c5273-7871-4d53-8b37-de05e5a3be10-SegmentedRaftLogWorker:Storage Directory /workdir/hadoop-ozone/integration-test/target/test-dir/MiniOzoneClusterImpl-d867a4e1-154a-4113-b5e4-c09c14df2894/datanode-3/data/ratis/c8a4f1fe-7ce1-4f0d-b9f4-898bdd98d4fd hit exception
java.lang.OutOfMemoryError: Direct buffer memory
	at java.nio.Bits.reserveMemory(Bits.java:666)
	at java.nio.DirectByteBuffer.<init>(DirectByteBuffer.java:123)
	at java.nio.ByteBuffer.allocateDirect(ByteBuffer.java:311)
	at org.apache.ratis.server.raftlog.segmented.BufferedWriteChannel.<init>(BufferedWriteChannel.java:41)
	at org.apache.ratis.server.raftlog.segmented.SegmentedRaftLogOutputStream.<init>(SegmentedRaftLogOutputStream.java:72)
	at org.apache.ratis.server.raftlog.segmented.SegmentedRaftLogWorker$StartLogSegment.execute(SegmentedRaftLogWorker.java:566)
	at org.apache.ratis.server.raftlog.segmented.SegmentedRaftLogWorker.run(SegmentedRaftLogWorker.java:289)
	at java.lang.Thread.run(Thread.java:748)
2019-09-12 10:31:56,525 [334c5273-7871-4d53-8b37-de05e5a3be10:group-EDE8C272DE80:LeaderElection111] INFO  impl.RaftServerImpl (ServerState.java:setRaftConf(361)) - 334c5273-7871-4d53-8b37-de05e5a3be10:group-EDE8C272DE80 set configuration 0: [334c5273-7871-4d53-8b37-de05e5a3be10:192.168.36.114:43431], old=null at 0
2019-09-12 10:31:56,525 [5dd0cd62-5770-41dd-9e5a-f3f3eedc40c1:group-B8A95644C2A9:LeaderElection118] INFO  impl.RaftServerImpl (ServerState.java:setLeader(263)) - 5dd0cd62-5770-41dd-9e5a-f3f3eedc40c1:group-B8A95644C2A9 change Leader from null to 5dd0cd62-5770-41dd-9e5a-f3f3eedc40c1 at term 1 for becomeLeader, leader elected after 14848ms
2019-09-12 10:31:56,525 [pool-284-thread-1] INFO  server.RaftServerConfigKeys (ConfUtils.java:logGet(43)) - raft.server.retrycache.expirytime = 600000ms (custom)
2019-09-12 10:31:56,525 [caccd92c-2544-4e02-86cf-95849f240c1b-SegmentedRaftLogWorker:Storage Directory /workdir/hadoop-ozone/integration-test/target/test-dir/MiniOzoneClusterImpl-d867a4e1-154a-4113-b5e4-c09c14df2894/datanode-2/data/ratis/dd37ad43-18c2-4652-a889-4cd58f3f0305] INFO  segmented.SegmentedRaftLogWorker (SegmentedRaftLogWorker.java:close(228)) - caccd92c-2544-4e02-86cf-95849f240c1b-SegmentedRaftLogWorker:Storage Directory /workdir/hadoop-ozone/integration-test/target/test-dir/MiniOzoneClusterImpl-d867a4e1-154a-4113-b5e4-c09c14df2894/datanode-2/data/ratis/dd37ad43-18c2-4652-a889-4cd58f3f0305 close()
2019-09-12 10:31:56,525 [ad8ae342-df06-4311-9d84-524877c98111:group-069D5722A351:LeaderElection110] INFO  segmented.SegmentedRaftLogWorker (SegmentedRaftLogWorker.java:startLogSegment(380)) - ad8ae342-df06-4311-9d84-524877c98111-SegmentedRaftLogWorker:Storage Directory /workdir/hadoop-ozone/integration-test/target/test-dir/MiniOzoneClusterImpl-d867a4e1-154a-4113-b5e4-c09c14df2894/datanode-4/data/ratis/75ea52a6-c214-4323-bebf-069d5722a351: Starting segment from index:0
2019-09-12 10:31:56,524 [334c5273-7871-4d53-8b37-de05e5a3be10-SegmentedRaftLogWorker:Storage Directory /workdir/hadoop-ozone/integration-test/target/test-dir/MiniOzoneClusterImpl-d867a4e1-154a-4113-b5e4-c09c14df2894/datanode-3/data/ratis/43692140-a49c-47ea-93af-be0a19dd7a8a] INFO  impl.StateMachineUpdater (StateMachineUpdater.java:stopAndJoin(115)) - StateMachineUpdater:334c5273-7871-4d53-8b37-de05e5a3be10:group-BE0A19DD7A8A: set stopIndex = -1
2019-09-12 10:31:56,524 [caccd92c-2544-4e02-86cf-95849f240c1b-SegmentedRaftLogWorker:Storage Directory /workdir/hadoop-ozone/integration-test/target/test-dir/MiniOzoneClusterImpl-d867a4e1-154a-4113-b5e4-c09c14df2894/datanode-2/data/ratis/c4c95996-a9a7-427f-93b6-f5a874164d8c] INFO  segmented.SegmentedRaftLogWorker (SegmentedRaftLogWorker.java:close(228)) - caccd92c-2544-4e02-86cf-95849f240c1b-SegmentedRaftLogWorker:Storage Directory /workdir/hadoop-ozone/integration-test/target/test-dir/MiniOzoneClusterImpl-d867a4e1-154a-4113-b5e4-c09c14df2894/datanode-2/data/ratis/c4c95996-a9a7-427f-93b6-f5a874164d8c close()
2019-09-12 10:31:57,285 | INFO  | SCMAudit | user=jenkins1000 | ip=192.168.36.114 | op=SEND_HEARTBEAT {datanodeUUID=ad8ae342-df06-4311-9d84-524877c98111, command=[]} | ret=SUCCESS |  
2019-09-12 10:31:57,284 | INFO  | SCMAudit | user=jenkins1000 | ip=192.168.36.114 | op=SEND_HEARTBEAT {datanodeUUID=2d50b591-d6e4-490f-9fa0-973ad5423bd7, command=[]} | ret=SUCCESS |  
2019-09-12 10:31:57,285 | INFO  | SCMAudit | user=jenkins1000 | ip=192.168.36.114 | op=SEND_HEARTBEAT {datanodeUUID=9616c881-dbb1-48da-90dd-a872ed779a2e, command=[]} | ret=SUCCESS |  
2019-09-12 10:31:57,284 | INFO  | SCMAudit | user=jenkins1000 | ip=192.168.36.114 | op=SEND_HEARTBEAT {datanodeUUID=39df7a3f-9691-48d4-a2b1-6888489a5f8a, command=[]} | ret=SUCCESS |  
2019-09-12 10:31:57,285 | INFO  | SCMAudit | user=jenkins1000 | ip=192.168.36.114 | op=SEND_HEARTBEAT {datanodeUUID=c54af6f8-a22e-478f-90e1-029d14059a99, command=[]} | ret=SUCCESS |  
2019-09-12 10:31:56,524 [d9d65fd8-d100-497d-8460-9a4cf62b4ad5:group-059EBFC5DFEE:LeaderElection121] INFO  impl.RaftServerImpl (ServerState.java:setLeader(263)) - d9d65fd8-d100-497d-8460-9a4cf62b4ad5:group-059EBFC5DFEE change Leader from null to d9d65fd8-d100-497d-8460-9a4cf62b4ad5 at term 1 for becomeLeader, leader elected after 9296ms
2019-09-12 10:31:57,285 | INFO  | SCMAudit | user=jenkins1000 | ip=192.168.36.114 | op=SEND_HEARTBEAT {datanodeUUID=2cb9d557-cb56-4745-8686-5e72b62e748a, command=[]} | ret=SUCCESS |  
2019-09-12 10:31:56,524 [1349d5ba-07d4-450a-9218-4f0361201438:group-82E1FADBF901:LeaderElection112] INFO  segmented.SegmentedRaftLogWorker (SegmentedRaftLogWorker.java:startLogSegment(380)) - 1349d5ba-07d4-450a-9218-4f0361201438-SegmentedRaftLogWorker:Storage Directory /workdir/hadoop-ozone/integration-test/target/test-dir/MiniOzoneClusterImpl-d867a4e1-154a-4113-b5e4-c09c14df2894/datanode-5/data/ratis/3514b1d4-d3e0-4a2b-b1f4-82e1fadbf901: Starting segment from index:0
2019-09-12 10:31:57,285 | INFO  | SCMAudit | user=jenkins1000 | ip=192.168.36.114 | op=SEND_HEARTBEAT {datanodeUUID=d9d65fd8-d100-497d-8460-9a4cf62b4ad5, command=[]} | ret=SUCCESS |  
2019-09-12 10:31:56,523 [d9d65fd8-d100-497d-8460-9a4cf62b4ad5:group-C3AB91A55130:LeaderElection120] INFO  impl.RaftServerImpl (RaftServerImpl.java:setRole(171)) - d9d65fd8-d100-497d-8460-9a4cf62b4ad5:group-C3AB91A55130 changes role from CANDIDATE to LEADER at term 1 for changeToLeader
2019-09-12 10:31:57,285 | INFO  | SCMAudit | user=jenkins1000 | ip=192.168.36.114 | op=SEND_HEARTBEAT {datanodeUUID=ff438662-24cf-49bb-bfc5-3308ec6d286b, command=[]} | ret=SUCCESS |  
2019-09-12 10:31:57,285 | INFO  | SCMAudit | user=jenkins1000 | ip=192.168.36.114 | op=SEND_HEARTBEAT {datanodeUUID=c9031a36-5f7c-4098-8bea-8a46141708a6, command=[]} | ret=SUCCESS |  
2019-09-12 10:31:56,523 [caccd92c-2544-4e02-86cf-95849f240c1b-SegmentedRaftLogWorker:Storage Directory /workdir/hadoop-ozone/integration-test/target/test-dir/MiniOzoneClusterImpl-d867a4e1-154a-4113-b5e4-c09c14df2894/datanode-2/data/ratis/05b55ae3-a4c9-43a9-983c-e51f020481e7] INFO  impl.PendingRequests (PendingRequests.java:sendNotLeaderResponses(202)) - caccd92c-2544-4e02-86cf-95849f240c1b-PendingRequests: sendNotLeaderResponses
2019-09-12 10:31:56,523 [1349d5ba-07d4-450a-9218-4f0361201438:group-D1A011A1E2AC:LeaderElection113] INFO  server.RaftServerConfigKeys (ConfUtils.java:logGet(43)) - raft.server.watch.element-limit = 65536 (default)
2019-09-12 10:31:57,546 | INFO  | SCMAudit | user=jenkins1000 | ip=192.168.36.114 | op=SEND_HEARTBEAT {datanodeUUID=334c5273-7871-4d53-8b37-de05e5a3be10, command=[]} | ret=SUCCESS |  
2019-09-12 10:31:57,546 | INFO  | SCMAudit | user=jenkins1000 | ip=192.168.36.114 | op=SEND_HEARTBEAT {datanodeUUID=accf000b-d7b7-4fa5-9682-da82c4451e10, command=[]} | ret=SUCCESS |  
2019-09-12 10:31:56,523 [1349d5ba-07d4-450a-9218-4f0361201438:group-FFC0FC40BB39:LeaderElection114] INFO  server.RaftServerConfigKeys (ConfUtils.java:logGet(43)) - raft.server.watch.timeout = 10s (default)
2019-09-12 10:31:56,523 [1349d5ba-07d4-450a-9218-4f0361201438:group-A98239B1A7FC:LeaderElection115] INFO  server.RaftServerConfigKeys (ConfUtils.java:logGet(43)) - raft.server.watch.timeout = 10s (default)
2019-09-12 10:31:56,523 [1349d5ba-07d4-450a-9218-4f0361201438:group-EB143B8D1303:LeaderElection117] INFO  server.RaftServerConfigKeys (ConfUtils.java:logGet(43)) - raft.server.write.element-limit = 4096 (default)
2019-09-12 10:31:56,522 [1349d5ba-07d4-450a-9218-4f0361201438:group-F15575A866C3:LeaderElection116] INFO  server.RaftServerConfigKeys (ConfUtils.java:logGet(43)) - raft.server.write.element-limit = 4096 (default)
2019-09-12 10:31:56,522 [ad8ae342-df06-4311-9d84-524877c98111-SegmentedRaftLogWorker:Storage Directory /workdir/hadoop-ozone/integration-test/target/test-dir/MiniOzoneClusterImpl-d867a4e1-154a-4113-b5e4-c09c14df2894/datanode-4/data/ratis/decc5677-f958-4f57-9802-66f56e0cf95c] INFO  impl.RoleInfo (RoleInfo.java:shutdownLeaderState(104)) - ad8ae342-df06-4311-9d84-524877c98111: shutdown LeaderState
2019-09-12 10:31:56,522 [ad8ae342-df06-4311-9d84-524877c98111-SegmentedRaftLogWorker:Storage Directory /workdir/hadoop-ozone/integration-test/target/test-dir/MiniOzoneClusterImpl-d867a4e1-154a-4113-b5e4-c09c14df2894/datanode-4/data/ratis/70b4f543-8778-4fbd-ad14-4ce3eea348cb] INFO  util.JmxRegister (JmxRegister.java:unregister(73)) - Successfully un-registered JMX Bean with object name Ratis:service=RaftServer,group=group-4CE3EEA348CB,id=ad8ae342-df06-4311-9d84-524877c98111
2019-09-12 10:31:56,522 [c54af6f8-a22e-478f-90e1-029d14059a99-SegmentedRaftLogWorker:Storage Directory /workdir/hadoop-ozone/integration-test/target/test-dir/MiniOzoneClusterImpl-87a68f7a-76d1-4e01-bf62-4b4b582b7243/datanode-3/data/ratis/ba64f88d-75bd-402c-9e31-d03399840855] INFO  impl.StateMachineUpdater (StateMachineUpdater.java:stopAndJoin(115)) - StateMachineUpdater:c54af6f8-a22e-478f-90e1-029d14059a99:group-D03399840855: set stopIndex = -1
2019-09-12 10:31:56,522 [d40ec8ee-ac9e-41d6-86bd-e74a05605b85-SegmentedRaftLogWorker:Storage Directory /workdir/hadoop-ozone/integration-test/target/test-dir/MiniOzoneClusterImpl-d867a4e1-154a-4113-b5e4-c09c14df2894/datanode-1/data/ratis/7f05e766-691f-450c-bedb-f276089499de] INFO  impl.PendingRequests (PendingRequests.java:sendNotLeaderResponses(202)) - d40ec8ee-ac9e-41d6-86bd-e74a05605b85-PendingRequests: sendNotLeaderResponses
2019-09-12 10:31:56,522 [c54af6f8-a22e-478f-90e1-029d14059a99-SegmentedRaftLogWorker:Storage Directory /workdir/hadoop-ozone/integration-test/target/test-dir/MiniOzoneClusterImpl-87a68f7a-76d1-4e01-bf62-4b4b582b7243/datanode-3/data/ratis/222435bf-d572-4427-80aa-ab0002cbdb7d] INFO  impl.StateMachineUpdater (StateMachineUpdater.java:stopAndJoin(115)) - StateMachineUpdater:c54af6f8-a22e-478f-90e1-029d14059a99:group-AB0002CBDB7D: set stopIndex = -1
2019-09-12 10:31:56,521 [5dd0cd62-5770-41dd-9e5a-f3f3eedc40c1:group-B898DF89A595:LeaderElection119] INFO  impl.RaftServerImpl (RaftServerImpl.java:setRole(171)) - 5dd0cd62-5770-41dd-9e5a-f3f3eedc40c1:group-B898DF89A595 changes role from CANDIDATE to LEADER at term 1 for changeToLeader
2019-09-12 10:31:56,521 [bcda0514-d42e-47ca-96fd-c0a633e872a8-SegmentedRaftLogWorker:Storage Directory /workdir/hadoop-ozone/integration-test/target/test-dir/MiniOzoneClusterImpl-87a68f7a-76d1-4e01-bf62-4b4b582b7243/datanode-4/data/ratis/fff3c739-e98e-4210-b845-b60fafb357a7] INFO  segmented.SegmentedRaftLogWorker (SegmentedRaftLogWorker.java:close(228)) - bcda0514-d42e-47ca-96fd-c0a633e872a8-SegmentedRaftLogWorker:Storage Directory /workdir/hadoop-ozone/integration-test/target/test-dir/MiniOzoneClusterImpl-87a68f7a-76d1-4e01-bf62-4b4b582b7243/datanode-4/data/ratis/fff3c739-e98e-4210-b845-b60fafb357a7 close()
2019-09-12 10:31:56,521 [ad8ae342-df06-4311-9d84-524877c98111:group-AA6291B3F0BA:LeaderElection104] INFO  server.RaftServerConfigKeys (ConfUtils.java:logGet(43)) - raft.server.watch.timeout = 10s (default)
2019-09-12 10:31:57,548 [5dd0cd62-5770-41dd-9e5a-f3f3eedc40c1:group-B898DF89A595:LeaderElection119] INFO  impl.RaftServerImpl (ServerState.java:setLeader(263)) - 5dd0cd62-5770-41dd-9e5a-f3f3eedc40c1:group-B898DF89A595 change Leader from null to 5dd0cd62-5770-41dd-9e5a-f3f3eedc40c1 at term 1 for becomeLeader, leader elected after 15915ms
2019-09-12 10:31:57,548 [c54af6f8-a22e-478f-90e1-029d14059a99-SegmentedRaftLogWorker:Storage Directory /workdir/hadoop-ozone/integration-test/target/test-dir/MiniOzoneClusterImpl-87a68f7a-76d1-4e01-bf62-4b4b582b7243/datanode-3/data/ratis/222435bf-d572-4427-80aa-ab0002cbdb7d] INFO  impl.RaftServerImpl (ServerState.java:close(394)) - c54af6f8-a22e-478f-90e1-029d14059a99:group-AB0002CBDB7D closes. The last applied log index is -1
2019-09-12 10:31:57,548 [d40ec8ee-ac9e-41d6-86bd-e74a05605b85-SegmentedRaftLogWorker:Storage Directory /workdir/hadoop-ozone/integration-test/target/test-dir/MiniOzoneClusterImpl-d867a4e1-154a-4113-b5e4-c09c14df2894/datanode-1/data/ratis/7f05e766-691f-450c-bedb-f276089499de] INFO  impl.StateMachineUpdater (StateMachineUpdater.java:stopAndJoin(115)) - StateMachineUpdater:d40ec8ee-ac9e-41d6-86bd-e74a05605b85:group-F276089499DE: set stopIndex = -1
2019-09-12 10:31:57,547 [c54af6f8-a22e-478f-90e1-029d14059a99-SegmentedRaftLogWorker:Storage Directory /workdir/hadoop-ozone/integration-test/target/test-dir/MiniOzoneClusterImpl-87a68f7a-76d1-4e01-bf62-4b4b582b7243/datanode-3/data/ratis/ba64f88d-75bd-402c-9e31-d03399840855] INFO  impl.RaftServerImpl (ServerState.java:close(394)) - c54af6f8-a22e-478f-90e1-029d14059a99:group-D03399840855 closes. The last applied log index is -1
2019-09-12 10:31:57,547 [ad8ae342-df06-4311-9d84-524877c98111-SegmentedRaftLogWorker:Storage Directory /workdir/hadoop-ozone/integration-test/target/test-dir/MiniOzoneClusterImpl-d867a4e1-154a-4113-b5e4-c09c14df2894/datanode-4/data/ratis/70b4f543-8778-4fbd-ad14-4ce3eea348cb] INFO  impl.RoleInfo (RoleInfo.java:shutdownLeaderState(104)) - ad8ae342-df06-4311-9d84-524877c98111: shutdown LeaderState
2019-09-12 10:31:57,547 [ad8ae342-df06-4311-9d84-524877c98111-SegmentedRaftLogWorker:Storage Directory /workdir/hadoop-ozone/integration-test/target/test-dir/MiniOzoneClusterImpl-d867a4e1-154a-4113-b5e4-c09c14df2894/datanode-4/data/ratis/decc5677-f958-4f57-9802-66f56e0cf95c] INFO  impl.PendingRequests (PendingRequests.java:sendNotLeaderResponses(202)) - ad8ae342-df06-4311-9d84-524877c98111-PendingRequests: sendNotLeaderResponses
2019-09-12 10:31:57,547 [1349d5ba-07d4-450a-9218-4f0361201438:group-F15575A866C3:LeaderElection116] INFO  server.RaftServerConfigKeys (ConfUtils.java:logGet(43)) - raft.server.watch.timeout = 10s (default)
2019-09-12 10:31:57,547 [1349d5ba-07d4-450a-9218-4f0361201438:group-EB143B8D1303:LeaderElection117] INFO  server.RaftServerConfigKeys (ConfUtils.java:logGet(43)) - raft.server.watch.timeout = 10s (default)
2019-09-12 10:31:57,547 [1349d5ba-07d4-450a-9218-4f0361201438:group-A98239B1A7FC:LeaderElection115] INFO  server.RaftServerConfigKeys (ConfUtils.java:logGet(43)) - raft.server.watch.timeout.denomination = 1s (default)
2019-09-12 10:31:57,547 [1349d5ba-07d4-450a-9218-4f0361201438:group-FFC0FC40BB39:LeaderElection114] INFO  server.RaftServerConfigKeys (ConfUtils.java:logGet(43)) - raft.server.watch.timeout.denomination = 1s (default)
2019-09-12 10:31:57,547 [1349d5ba-07d4-450a-9218-4f0361201438:group-D1A011A1E2AC:LeaderElection113] INFO  impl.RoleInfo (RoleInfo.java:updateAndGet(143)) - 1349d5ba-07d4-450a-9218-4f0361201438: start LeaderState
2019-09-12 10:31:57,546 [caccd92c-2544-4e02-86cf-95849f240c1b-SegmentedRaftLogWorker:Storage Directory /workdir/hadoop-ozone/integration-test/target/test-dir/MiniOzoneClusterImpl-d867a4e1-154a-4113-b5e4-c09c14df2894/datanode-2/data/ratis/05b55ae3-a4c9-43a9-983c-e51f020481e7] INFO  impl.StateMachineUpdater (StateMachineUpdater.java:stopAndJoin(115)) - StateMachineUpdater:caccd92c-2544-4e02-86cf-95849f240c1b:group-E51F020481E7: set stopIndex = -1
2019-09-12 10:31:57,546 [1349d5ba-07d4-450a-9218-4f0361201438:group-82E1FADBF901:LeaderElection112] INFO  impl.RaftServerImpl (ServerState.java:setRaftConf(361)) - 1349d5ba-07d4-450a-9218-4f0361201438:group-82E1FADBF901 set configuration 0: [1349d5ba-07d4-450a-9218-4f0361201438:192.168.36.114:34435], old=null at 0
2019-09-12 10:31:57,285 [d9d65fd8-d100-497d-8460-9a4cf62b4ad5:group-C3AB91A55130:LeaderElection120] INFO  impl.RaftServerImpl (ServerState.java:setLeader(263)) - d9d65fd8-d100-497d-8460-9a4cf62b4ad5:group-C3AB91A55130 change Leader from null to d9d65fd8-d100-497d-8460-9a4cf62b4ad5 at term 1 for becomeLeader, leader elected after 10561ms
2019-09-12 10:31:57,541 [334c5273-7871-4d53-8b37-de05e5a3be10-SegmentedRaftLogWorker:Storage Directory /workdir/hadoop-ozone/integration-test/target/test-dir/MiniOzoneClusterImpl-d867a4e1-154a-4113-b5e4-c09c14df2894/datanode-3/data/ratis/4bbf3afe-dde6-440a-8c83-840e66d6cf22] ERROR segmented.SegmentedRaftLogWorker (SegmentedRaftLogWorker.java:run(323)) - 334c5273-7871-4d53-8b37-de05e5a3be10-SegmentedRaftLogWorker:Storage Directory /workdir/hadoop-ozone/integration-test/target/test-dir/MiniOzoneClusterImpl-d867a4e1-154a-4113-b5e4-c09c14df2894/datanode-3/data/ratis/4bbf3afe-dde6-440a-8c83-840e66d6cf22 hit exception
java.lang.OutOfMemoryError: Direct buffer memory
	at java.nio.Bits.reserveMemory(Bits.java:666)
	at java.nio.DirectByteBuffer.<init>(DirectByteBuffer.java:123)
	at java.nio.ByteBuffer.allocateDirect(ByteBuffer.java:311)
	at org.apache.ratis.server.raftlog.segmented.BufferedWriteChannel.<init>(BufferedWriteChannel.java:41)
	at org.apache.ratis.server.raftlog.segmented.SegmentedRaftLogOutputStream.<init>(SegmentedRaftLogOutputStream.java:72)
	at org.apache.ratis.server.raftlog.segmented.SegmentedRaftLogWorker$StartLogSegment.execute(SegmentedRaftLogWorker.java:566)
	at org.apache.ratis.server.raftlog.segmented.SegmentedRaftLogWorker.run(SegmentedRaftLogWorker.java:289)
	at java.lang.Thread.run(Thread.java:748)
2019-09-12 10:31:57,541 [334c5273-7871-4d53-8b37-de05e5a3be10-SegmentedRaftLogWorker:Storage Directory /workdir/hadoop-ozone/integration-test/target/test-dir/MiniOzoneClusterImpl-d867a4e1-154a-4113-b5e4-c09c14df2894/datanode-3/data/ratis/2b1a1301-3aa3-4570-bcbc-364e53036449] ERROR segmented.SegmentedRaftLogWorker (SegmentedRaftLogWorker.java:run(323)) - 334c5273-7871-4d53-8b37-de05e5a3be10-SegmentedRaftLogWorker:Storage Directory /workdir/hadoop-ozone/integration-test/target/test-dir/MiniOzoneClusterImpl-d867a4e1-154a-4113-b5e4-c09c14df2894/datanode-3/data/ratis/2b1a1301-3aa3-4570-bcbc-364e53036449 hit exception
java.lang.OutOfMemoryError: Direct buffer memory
	at java.nio.Bits.reserveMemory(Bits.java:666)
	at java.nio.DirectByteBuffer.<init>(DirectByteBuffer.java:123)
	at java.nio.ByteBuffer.allocateDirect(ByteBuffer.java:311)
	at org.apache.ratis.server.raftlog.segmented.BufferedWriteChannel.<init>(BufferedWriteChannel.java:41)
	at org.apache.ratis.server.raftlog.segmented.SegmentedRaftLogOutputStream.<init>(SegmentedRaftLogOutputStream.java:72)
	at org.apache.ratis.server.raftlog.segmented.SegmentedRaftLogWorker$StartLogSegment.execute(SegmentedRaftLogWorker.java:566)
	at org.apache.ratis.server.raftlog.segmented.SegmentedRaftLogWorker.run(SegmentedRaftLogWorker.java:289)
	at java.lang.Thread.run(Thread.java:748)
2019-09-12 10:31:57,285 [d9d65fd8-d100-497d-8460-9a4cf62b4ad5:group-059EBFC5DFEE:LeaderElection121] INFO  server.RaftServerConfigKeys (ConfUtils.java:logGet(43)) - raft.server.staging.catchup.gap = 1000 (default)
2019-09-12 10:31:57,285 [ad8ae342-df06-4311-9d84-524877c98111:group-069D5722A351:LeaderElection110] INFO  impl.RaftServerImpl (ServerState.java:setRaftConf(361)) - ad8ae342-df06-4311-9d84-524877c98111:group-069D5722A351 set configuration 0: [ad8ae342-df06-4311-9d84-524877c98111:192.168.36.114:39527], old=null at 0
2019-09-12 10:31:57,284 [caccd92c-2544-4e02-86cf-95849f240c1b-SegmentedRaftLogWorker:Storage Directory /workdir/hadoop-ozone/integration-test/target/test-dir/MiniOzoneClusterImpl-d867a4e1-154a-4113-b5e4-c09c14df2894/datanode-2/data/ratis/9366f17c-7716-4591-b7a4-9e560fc5f4dd] ERROR segmented.SegmentedRaftLogWorker (SegmentedRaftLogWorker.java:run(323)) - caccd92c-2544-4e02-86cf-95849f240c1b-SegmentedRaftLogWorker:Storage Directory /workdir/hadoop-ozone/integration-test/target/test-dir/MiniOzoneClusterImpl-d867a4e1-154a-4113-b5e4-c09c14df2894/datanode-2/data/ratis/9366f17c-7716-4591-b7a4-9e560fc5f4dd hit exception
java.lang.OutOfMemoryError: Direct buffer memory
	at java.nio.Bits.reserveMemory(Bits.java:666)
	at java.nio.DirectByteBuffer.<init>(DirectByteBuffer.java:123)
	at java.nio.ByteBuffer.allocateDirect(ByteBuffer.java:311)
	at org.apache.ratis.server.raftlog.segmented.BufferedWriteChannel.<init>(BufferedWriteChannel.java:41)
	at org.apache.ratis.server.raftlog.segmented.SegmentedRaftLogOutputStream.<init>(SegmentedRaftLogOutputStream.java:72)
	at org.apache.ratis.server.raftlog.segmented.SegmentedRaftLogWorker$StartLogSegment.execute(SegmentedRaftLogWorker.java:566)
	at org.apache.ratis.server.raftlog.segmented.SegmentedRaftLogWorker.run(SegmentedRaftLogWorker.java:289)
	at java.lang.Thread.run(Thread.java:748)
2019-09-12 10:31:56,909 [334c5273-7871-4d53-8b37-de05e5a3be10-SegmentedRaftLogWorker:Storage Directory /workdir/hadoop-ozone/integration-test/target/test-dir/MiniOzoneClusterImpl-d867a4e1-154a-4113-b5e4-c09c14df2894/datanode-3/data/ratis/43692140-a49c-47ea-93af-be0a19dd7a8a] INFO  impl.RaftServerImpl (ServerState.java:close(394)) - 334c5273-7871-4d53-8b37-de05e5a3be10:group-BE0A19DD7A8A closes. The last applied log index is -1
2019-09-12 10:31:56,909 [pool-284-thread-1] INFO  impl.RaftServerImpl (RaftServerImpl.java:start(180)) - d9d65fd8-d100-497d-8460-9a4cf62b4ad5: start group-6150B09B443E
2019-09-12 10:31:56,909 [5dd0cd62-5770-41dd-9e5a-f3f3eedc40c1:group-B8A95644C2A9:LeaderElection118] INFO  server.RaftServerConfigKeys (ConfUtils.java:logGet(43)) - raft.server.staging.catchup.gap = 1000 (default)
2019-09-12 10:31:56,908 [main] INFO  net.NodeSchemaLoader (NodeSchemaLoader.java:loadSchemaFromFile(125)) - Loading file from sun.misc.CompoundEnumeration@1a53ac0c
2019-09-12 10:31:57,551 [main] INFO  net.NodeSchemaLoader (NodeSchemaLoader.java:loadSchema(171)) - Loading network topology layer schema file
2019-09-12 10:31:56,908 [334c5273-7871-4d53-8b37-de05e5a3be10-SegmentedRaftLogWorker:Storage Directory /workdir/hadoop-ozone/integration-test/target/test-dir/MiniOzoneClusterImpl-d867a4e1-154a-4113-b5e4-c09c14df2894/datanode-3/data/ratis/c8a4f1fe-7ce1-4f0d-b9f4-898bdd98d4fd] INFO  impl.RaftServerImpl (RaftServerImpl.java:lambda$shutdown$3(245)) - 334c5273-7871-4d53-8b37-de05e5a3be10: shutdown group-898BDD98D4FD
2019-09-12 10:31:56,908 [caccd92c-2544-4e02-86cf-95849f240c1b-SegmentedRaftLogWorker:Storage Directory /workdir/hadoop-ozone/integration-test/target/test-dir/MiniOzoneClusterImpl-d867a4e1-154a-4113-b5e4-c09c14df2894/datanode-2/data/ratis/c2e24b2d-daac-4f6e-a7f8-6f7f9f28a891] INFO  impl.RaftServerImpl (RaftServerImpl.java:lambda$shutdown$3(245)) - caccd92c-2544-4e02-86cf-95849f240c1b: shutdown group-6F7F9F28A891
2019-09-12 10:31:56,868 [d40ec8ee-ac9e-41d6-86bd-e74a05605b85:group-D04995846C31:LeaderElection122] INFO  impl.RoleInfo (RoleInfo.java:shutdownLeaderElection(134)) - d40ec8ee-ac9e-41d6-86bd-e74a05605b85: shutdown LeaderElection
2019-09-12 10:31:56,868 [caccd92c-2544-4e02-86cf-95849f240c1b-SegmentedRaftLogWorker:Storage Directory /workdir/hadoop-ozone/integration-test/target/test-dir/MiniOzoneClusterImpl-d867a4e1-154a-4113-b5e4-c09c14df2894/datanode-2/data/ratis/34fc3d14-a81e-4a5d-aa0f-3144f14ac6f4] INFO  util.JmxRegister (JmxRegister.java:unregister(73)) - Successfully un-registered JMX Bean with object name Ratis:service=RaftServer,group=group-3144F14AC6F4,id=caccd92c-2544-4e02-86cf-95849f240c1b
2019-09-12 10:31:57,552 [d40ec8ee-ac9e-41d6-86bd-e74a05605b85:group-D04995846C31:LeaderElection122] INFO  impl.RaftServerImpl (RaftServerImpl.java:setRole(171)) - d40ec8ee-ac9e-41d6-86bd-e74a05605b85:group-D04995846C31 changes role from CANDIDATE to LEADER at term 1 for changeToLeader
2019-09-12 10:31:57,552 [caccd92c-2544-4e02-86cf-95849f240c1b-SegmentedRaftLogWorker:Storage Directory /workdir/hadoop-ozone/integration-test/target/test-dir/MiniOzoneClusterImpl-d867a4e1-154a-4113-b5e4-c09c14df2894/datanode-2/data/ratis/c2e24b2d-daac-4f6e-a7f8-6f7f9f28a891] INFO  util.JmxRegister (JmxRegister.java:unregister(73)) - Successfully un-registered JMX Bean with object name Ratis:service=RaftServer,group=group-6F7F9F28A891,id=caccd92c-2544-4e02-86cf-95849f240c1b
2019-09-12 10:31:57,552 [334c5273-7871-4d53-8b37-de05e5a3be10-SegmentedRaftLogWorker:Storage Directory /workdir/hadoop-ozone/integration-test/target/test-dir/MiniOzoneClusterImpl-d867a4e1-154a-4113-b5e4-c09c14df2894/datanode-3/data/ratis/c8a4f1fe-7ce1-4f0d-b9f4-898bdd98d4fd] INFO  util.JmxRegister (JmxRegister.java:unregister(73)) - Successfully un-registered JMX Bean with object name Ratis:service=RaftServer,group=group-898BDD98D4FD,id=334c5273-7871-4d53-8b37-de05e5a3be10
2019-09-12 10:31:57,551 [5dd0cd62-5770-41dd-9e5a-f3f3eedc40c1:group-B8A95644C2A9:LeaderElection118] INFO  server.RaftServerConfigKeys (ConfUtils.java:logGet(43)) - raft.server.rpc.sleep.time = 25ms (default)
2019-09-12 10:31:57,551 [pool-284-thread-1] INFO  impl.RaftServerImpl (RaftServerImpl.java:setRole(171)) - d9d65fd8-d100-497d-8460-9a4cf62b4ad5:group-6150B09B443E changes role from null to FOLLOWER at term 0 for startAsFollower
2019-09-12 10:31:57,551 [334c5273-7871-4d53-8b37-de05e5a3be10-SegmentedRaftLogWorker:Storage Directory /workdir/hadoop-ozone/integration-test/target/test-dir/MiniOzoneClusterImpl-d867a4e1-154a-4113-b5e4-c09c14df2894/datanode-3/data/ratis/43692140-a49c-47ea-93af-be0a19dd7a8a] INFO  segmented.SegmentedRaftLogWorker (SegmentedRaftLogWorker.java:close(228)) - 334c5273-7871-4d53-8b37-de05e5a3be10-SegmentedRaftLogWorker:Storage Directory /workdir/hadoop-ozone/integration-test/target/test-dir/MiniOzoneClusterImpl-d867a4e1-154a-4113-b5e4-c09c14df2894/datanode-3/data/ratis/43692140-a49c-47ea-93af-be0a19dd7a8a close()
2019-09-12 10:31:57,551 [caccd92c-2544-4e02-86cf-95849f240c1b-SegmentedRaftLogWorker:Storage Directory /workdir/hadoop-ozone/integration-test/target/test-dir/MiniOzoneClusterImpl-d867a4e1-154a-4113-b5e4-c09c14df2894/datanode-2/data/ratis/9366f17c-7716-4591-b7a4-9e560fc5f4dd] INFO  impl.RaftServerImpl (RaftServerImpl.java:lambda$shutdown$3(245)) - caccd92c-2544-4e02-86cf-95849f240c1b: shutdown group-9E560FC5F4DD
2019-09-12 10:31:57,550 [d9d65fd8-d100-497d-8460-9a4cf62b4ad5:group-059EBFC5DFEE:LeaderElection121] INFO  server.RaftServerConfigKeys (ConfUtils.java:logGet(43)) - raft.server.rpc.sleep.time = 25ms (default)
2019-09-12 10:31:57,550 [334c5273-7871-4d53-8b37-de05e5a3be10-SegmentedRaftLogWorker:Storage Directory /workdir/hadoop-ozone/integration-test/target/test-dir/MiniOzoneClusterImpl-d867a4e1-154a-4113-b5e4-c09c14df2894/datanode-3/data/ratis/2b1a1301-3aa3-4570-bcbc-364e53036449] INFO  impl.RaftServerImpl (RaftServerImpl.java:lambda$shutdown$3(245)) - 334c5273-7871-4d53-8b37-de05e5a3be10: shutdown group-364E53036449
2019-09-12 10:31:57,550 [334c5273-7871-4d53-8b37-de05e5a3be10-SegmentedRaftLogWorker:Storage Directory /workdir/hadoop-ozone/integration-test/target/test-dir/MiniOzoneClusterImpl-d867a4e1-154a-4113-b5e4-c09c14df2894/datanode-3/data/ratis/4bbf3afe-dde6-440a-8c83-840e66d6cf22] INFO  impl.RaftServerImpl (RaftServerImpl.java:lambda$shutdown$3(245)) - 334c5273-7871-4d53-8b37-de05e5a3be10: shutdown group-840E66D6CF22
2019-09-12 10:31:57,550 [d9d65fd8-d100-497d-8460-9a4cf62b4ad5:group-C3AB91A55130:LeaderElection120] INFO  server.RaftServerConfigKeys (ConfUtils.java:logGet(43)) - raft.server.staging.catchup.gap = 1000 (default)
2019-09-12 10:31:57,549 [1349d5ba-07d4-450a-9218-4f0361201438:group-D1A011A1E2AC:LeaderElection113] INFO  segmented.SegmentedRaftLogWorker (SegmentedRaftLogWorker.java:startLogSegment(380)) - 1349d5ba-07d4-450a-9218-4f0361201438-SegmentedRaftLogWorker:Storage Directory /workdir/hadoop-ozone/integration-test/target/test-dir/MiniOzoneClusterImpl-d867a4e1-154a-4113-b5e4-c09c14df2894/datanode-5/data/ratis/8ca2ff7b-cf03-4780-81e9-d1a011a1e2ac: Starting segment from index:0
2019-09-12 10:31:57,549 [caccd92c-2544-4e02-86cf-95849f240c1b-SegmentedRaftLogWorker:Storage Directory /workdir/hadoop-ozone/integration-test/target/test-dir/MiniOzoneClusterImpl-d867a4e1-154a-4113-b5e4-c09c14df2894/datanode-2/data/ratis/05b55ae3-a4c9-43a9-983c-e51f020481e7] INFO  impl.RaftServerImpl (ServerState.java:close(394)) - caccd92c-2544-4e02-86cf-95849f240c1b:group-E51F020481E7 closes. The last applied log index is -1
2019-09-12 10:31:57,549 [1349d5ba-07d4-450a-9218-4f0361201438:group-FFC0FC40BB39:LeaderElection114] INFO  server.RaftServerConfigKeys (ConfUtils.java:logGet(43)) - raft.server.watch.element-limit = 65536 (default)
2019-09-12 10:31:57,549 [1349d5ba-07d4-450a-9218-4f0361201438:group-A98239B1A7FC:LeaderElection115] INFO  server.RaftServerConfigKeys (ConfUtils.java:logGet(43)) - raft.server.watch.element-limit = 65536 (default)
2019-09-12 10:31:57,549 [1349d5ba-07d4-450a-9218-4f0361201438:group-EB143B8D1303:LeaderElection117] INFO  server.RaftServerConfigKeys (ConfUtils.java:logGet(43)) - raft.server.watch.timeout.denomination = 1s (default)
2019-09-12 10:31:57,858 [1349d5ba-07d4-450a-9218-4f0361201438:group-A98239B1A7FC:LeaderElection115] INFO  impl.RoleInfo (RoleInfo.java:updateAndGet(143)) - 1349d5ba-07d4-450a-9218-4f0361201438: start LeaderState
2019-09-12 10:31:57,549 [1349d5ba-07d4-450a-9218-4f0361201438:group-F15575A866C3:LeaderElection116] INFO  server.RaftServerConfigKeys (ConfUtils.java:logGet(43)) - raft.server.watch.timeout.denomination = 1s (default)
2019-09-12 10:31:57,549 [ad8ae342-df06-4311-9d84-524877c98111-SegmentedRaftLogWorker:Storage Directory /workdir/hadoop-ozone/integration-test/target/test-dir/MiniOzoneClusterImpl-d867a4e1-154a-4113-b5e4-c09c14df2894/datanode-4/data/ratis/decc5677-f958-4f57-9802-66f56e0cf95c] INFO  impl.StateMachineUpdater (StateMachineUpdater.java:stopAndJoin(115)) - StateMachineUpdater:ad8ae342-df06-4311-9d84-524877c98111:group-66F56E0CF95C: set stopIndex = -1
2019-09-12 10:31:57,549 [ad8ae342-df06-4311-9d84-524877c98111-SegmentedRaftLogWorker:Storage Directory /workdir/hadoop-ozone/integration-test/target/test-dir/MiniOzoneClusterImpl-d867a4e1-154a-4113-b5e4-c09c14df2894/datanode-4/data/ratis/70b4f543-8778-4fbd-ad14-4ce3eea348cb] INFO  impl.PendingRequests (PendingRequests.java:sendNotLeaderResponses(202)) - ad8ae342-df06-4311-9d84-524877c98111-PendingRequests: sendNotLeaderResponses
2019-09-12 10:31:57,549 [c54af6f8-a22e-478f-90e1-029d14059a99-SegmentedRaftLogWorker:Storage Directory /workdir/hadoop-ozone/integration-test/target/test-dir/MiniOzoneClusterImpl-87a68f7a-76d1-4e01-bf62-4b4b582b7243/datanode-3/data/ratis/ba64f88d-75bd-402c-9e31-d03399840855] INFO  segmented.SegmentedRaftLogWorker (SegmentedRaftLogWorker.java:close(228)) - c54af6f8-a22e-478f-90e1-029d14059a99-SegmentedRaftLogWorker:Storage Directory /workdir/hadoop-ozone/integration-test/target/test-dir/MiniOzoneClusterImpl-87a68f7a-76d1-4e01-bf62-4b4b582b7243/datanode-3/data/ratis/ba64f88d-75bd-402c-9e31-d03399840855 close()
2019-09-12 10:31:57,548 [d40ec8ee-ac9e-41d6-86bd-e74a05605b85-SegmentedRaftLogWorker:Storage Directory /workdir/hadoop-ozone/integration-test/target/test-dir/MiniOzoneClusterImpl-d867a4e1-154a-4113-b5e4-c09c14df2894/datanode-1/data/ratis/7f05e766-691f-450c-bedb-f276089499de] INFO  impl.RaftServerImpl (ServerState.java:close(394)) - d40ec8ee-ac9e-41d6-86bd-e74a05605b85:group-F276089499DE closes. The last applied log index is -1
2019-09-12 10:31:57,548 [c54af6f8-a22e-478f-90e1-029d14059a99-SegmentedRaftLogWorker:Storage Directory /workdir/hadoop-ozone/integration-test/target/test-dir/MiniOzoneClusterImpl-87a68f7a-76d1-4e01-bf62-4b4b582b7243/datanode-3/data/ratis/222435bf-d572-4427-80aa-ab0002cbdb7d] INFO  segmented.SegmentedRaftLogWorker (SegmentedRaftLogWorker.java:close(228)) - c54af6f8-a22e-478f-90e1-029d14059a99-SegmentedRaftLogWorker:Storage Directory /workdir/hadoop-ozone/integration-test/target/test-dir/MiniOzoneClusterImpl-87a68f7a-76d1-4e01-bf62-4b4b582b7243/datanode-3/data/ratis/222435bf-d572-4427-80aa-ab0002cbdb7d close()
2019-09-12 10:31:57,859 [d40ec8ee-ac9e-41d6-86bd-e74a05605b85-SegmentedRaftLogWorker:Storage Directory /workdir/hadoop-ozone/integration-test/target/test-dir/MiniOzoneClusterImpl-d867a4e1-154a-4113-b5e4-c09c14df2894/datanode-1/data/ratis/7f05e766-691f-450c-bedb-f276089499de] INFO  segmented.SegmentedRaftLogWorker (SegmentedRaftLogWorker.java:close(228)) - d40ec8ee-ac9e-41d6-86bd-e74a05605b85-SegmentedRaftLogWorker:Storage Directory /workdir/hadoop-ozone/integration-test/target/test-dir/MiniOzoneClusterImpl-d867a4e1-154a-4113-b5e4-c09c14df2894/datanode-1/data/ratis/7f05e766-691f-450c-bedb-f276089499de close()
2019-09-12 10:31:57,548 [5dd0cd62-5770-41dd-9e5a-f3f3eedc40c1:group-B898DF89A595:LeaderElection119] INFO  server.RaftServerConfigKeys (ConfUtils.java:logGet(43)) - raft.server.staging.catchup.gap = 1000 (default)
2019-09-12 10:31:57,548 [ad8ae342-df06-4311-9d84-524877c98111:group-AA6291B3F0BA:LeaderElection104] INFO  server.RaftServerConfigKeys (ConfUtils.java:logGet(43)) - raft.server.watch.timeout.denomination = 1s (default)
2019-09-12 10:31:57,859 [5dd0cd62-5770-41dd-9e5a-f3f3eedc40c1:group-B898DF89A595:LeaderElection119] INFO  server.RaftServerConfigKeys (ConfUtils.java:logGet(43)) - raft.server.rpc.sleep.time = 25ms (default)
2019-09-12 10:31:57,859 [ad8ae342-df06-4311-9d84-524877c98111-SegmentedRaftLogWorker:Storage Directory /workdir/hadoop-ozone/integration-test/target/test-dir/MiniOzoneClusterImpl-d867a4e1-154a-4113-b5e4-c09c14df2894/datanode-4/data/ratis/70b4f543-8778-4fbd-ad14-4ce3eea348cb] INFO  impl.StateMachineUpdater (StateMachineUpdater.java:stopAndJoin(115)) - StateMachineUpdater:ad8ae342-df06-4311-9d84-524877c98111:group-4CE3EEA348CB: set stopIndex = -1
2019-09-12 10:31:57,860 [ad8ae342-df06-4311-9d84-524877c98111-SegmentedRaftLogWorker:Storage Directory /workdir/hadoop-ozone/integration-test/target/test-dir/MiniOzoneClusterImpl-d867a4e1-154a-4113-b5e4-c09c14df2894/datanode-4/data/ratis/70b4f543-8778-4fbd-ad14-4ce3eea348cb] INFO  impl.RaftServerImpl (ServerState.java:close(394)) - ad8ae342-df06-4311-9d84-524877c98111:group-4CE3EEA348CB closes. The last applied log index is -1
2019-09-12 10:31:57,858 [ad8ae342-df06-4311-9d84-524877c98111-SegmentedRaftLogWorker:Storage Directory /workdir/hadoop-ozone/integration-test/target/test-dir/MiniOzoneClusterImpl-d867a4e1-154a-4113-b5e4-c09c14df2894/datanode-4/data/ratis/decc5677-f958-4f57-9802-66f56e0cf95c] INFO  impl.RaftServerImpl (ServerState.java:close(394)) - ad8ae342-df06-4311-9d84-524877c98111:group-66F56E0CF95C closes. The last applied log index is -1
2019-09-12 10:31:57,860 [ad8ae342-df06-4311-9d84-524877c98111-SegmentedRaftLogWorker:Storage Directory /workdir/hadoop-ozone/integration-test/target/test-dir/MiniOzoneClusterImpl-d867a4e1-154a-4113-b5e4-c09c14df2894/datanode-4/data/ratis/70b4f543-8778-4fbd-ad14-4ce3eea348cb] INFO  segmented.SegmentedRaftLogWorker (SegmentedRaftLogWorker.java:close(228)) - ad8ae342-df06-4311-9d84-524877c98111-SegmentedRaftLogWorker:Storage Directory /workdir/hadoop-ozone/integration-test/target/test-dir/MiniOzoneClusterImpl-d867a4e1-154a-4113-b5e4-c09c14df2894/datanode-4/data/ratis/70b4f543-8778-4fbd-ad14-4ce3eea348cb close()
2019-09-12 10:31:57,860 [ad8ae342-df06-4311-9d84-524877c98111-SegmentedRaftLogWorker:Storage Directory /workdir/hadoop-ozone/integration-test/target/test-dir/MiniOzoneClusterImpl-d867a4e1-154a-4113-b5e4-c09c14df2894/datanode-4/data/ratis/decc5677-f958-4f57-9802-66f56e0cf95c] INFO  segmented.SegmentedRaftLogWorker (SegmentedRaftLogWorker.java:close(228)) - ad8ae342-df06-4311-9d84-524877c98111-SegmentedRaftLogWorker:Storage Directory /workdir/hadoop-ozone/integration-test/target/test-dir/MiniOzoneClusterImpl-d867a4e1-154a-4113-b5e4-c09c14df2894/datanode-4/data/ratis/decc5677-f958-4f57-9802-66f56e0cf95c close()
2019-09-12 10:31:57,858 [1349d5ba-07d4-450a-9218-4f0361201438:group-F15575A866C3:LeaderElection116] INFO  server.RaftServerConfigKeys (ConfUtils.java:logGet(43)) - raft.server.watch.element-limit = 65536 (default)
2019-09-12 10:31:57,858 [1349d5ba-07d4-450a-9218-4f0361201438:group-A98239B1A7FC:LeaderElection115] INFO  segmented.SegmentedRaftLogWorker (SegmentedRaftLogWorker.java:startLogSegment(380)) - 1349d5ba-07d4-450a-9218-4f0361201438-SegmentedRaftLogWorker:Storage Directory /workdir/hadoop-ozone/integration-test/target/test-dir/MiniOzoneClusterImpl-d867a4e1-154a-4113-b5e4-c09c14df2894/datanode-5/data/ratis/61385253-dac6-4c94-8754-a98239b1a7fc: Starting segment from index:0
2019-09-12 10:31:57,858 [1349d5ba-07d4-450a-9218-4f0361201438:group-EB143B8D1303:LeaderElection117] INFO  server.RaftServerConfigKeys (ConfUtils.java:logGet(43)) - raft.server.watch.element-limit = 65536 (default)
2019-09-12 10:31:57,554 [1349d5ba-07d4-450a-9218-4f0361201438:group-D1A011A1E2AC:LeaderElection113] INFO  impl.RaftServerImpl (ServerState.java:setRaftConf(361)) - 1349d5ba-07d4-450a-9218-4f0361201438:group-D1A011A1E2AC set configuration 0: [1349d5ba-07d4-450a-9218-4f0361201438:192.168.36.114:34435], old=null at 0
2019-09-12 10:31:57,861 [1349d5ba-07d4-450a-9218-4f0361201438:group-EB143B8D1303:LeaderElection117] INFO  impl.RoleInfo (RoleInfo.java:updateAndGet(143)) - 1349d5ba-07d4-450a-9218-4f0361201438: start LeaderState
2019-09-12 10:31:58,216 | INFO  | SCMAudit | user=jenkins1000 | ip=192.168.36.114 | op=SEND_HEARTBEAT {datanodeUUID=b6dd7c38-f675-445e-811b-15cf17d56c0a, command=[]} | ret=SUCCESS |  
2019-09-12 10:31:58,216 | INFO  | SCMAudit | user=jenkins1000 | ip=192.168.36.114 | op=SEND_HEARTBEAT {datanodeUUID=f17b4253-95a0-4ee6-8ded-88f070f15b33, command=[]} | ret=SUCCESS |  
2019-09-12 10:31:58,216 | INFO  | SCMAudit | user=jenkins1000 | ip=192.168.36.114 | op=SEND_HEARTBEAT {datanodeUUID=eaeff1e2-de9c-4510-872d-283eb6c3c330, command=[]} | ret=SUCCESS |  
2019-09-12 10:31:58,217 | INFO  | SCMAudit | user=jenkins1000 | ip=192.168.36.114 | op=SEND_HEARTBEAT {datanodeUUID=caccd92c-2544-4e02-86cf-95849f240c1b, command=[]} | ret=SUCCESS |  
2019-09-12 10:31:58,217 | INFO  | SCMAudit | user=jenkins1000 | ip=192.168.36.114 | op=SEND_HEARTBEAT {datanodeUUID=d40ec8ee-ac9e-41d6-86bd-e74a05605b85, command=[]} | ret=SUCCESS |  
2019-09-12 10:31:58,217 | INFO  | SCMAudit | user=jenkins1000 | ip=192.168.36.114 | op=SEND_HEARTBEAT {datanodeUUID=5dd0cd62-5770-41dd-9e5a-f3f3eedc40c1, command=[]} | ret=SUCCESS |  
2019-09-12 10:31:58,217 | INFO  | SCMAudit | user=jenkins1000 | ip=192.168.36.114 | op=SEND_HEARTBEAT {datanodeUUID=22ce2f4b-d517-44cf-8041-712d813e08f3, command=[]} | ret=SUCCESS |  
2019-09-12 10:31:58,217 | INFO  | SCMAudit | user=jenkins1000 | ip=192.168.36.114 | op=SEND_HEARTBEAT {datanodeUUID=bcda0514-d42e-47ca-96fd-c0a633e872a8, command=[]} | ret=SUCCESS |  
2019-09-12 10:31:58,217 | INFO  | SCMAudit | user=jenkins1000 | ip=192.168.36.114 | op=SEND_HEARTBEAT {datanodeUUID=1349d5ba-07d4-450a-9218-4f0361201438, command=[]} | ret=SUCCESS |  
2019-09-12 10:31:57,861 [1349d5ba-07d4-450a-9218-4f0361201438:group-A98239B1A7FC:LeaderElection115] INFO  impl.RaftServerImpl (ServerState.java:setRaftConf(361)) - 1349d5ba-07d4-450a-9218-4f0361201438:group-A98239B1A7FC set configuration 0: [1349d5ba-07d4-450a-9218-4f0361201438:192.168.36.114:34435], old=null at 0
2019-09-12 10:31:57,856 [ad8ae342-df06-4311-9d84-524877c98111-SegmentedRaftLogWorker:Storage Directory /workdir/hadoop-ozone/integration-test/target/test-dir/MiniOzoneClusterImpl-d867a4e1-154a-4113-b5e4-c09c14df2894/datanode-4/data/ratis/02ae5258-b748-412e-b078-9c41041e3cf9] ERROR segmented.SegmentedRaftLogWorker (SegmentedRaftLogWorker.java:run(323)) - ad8ae342-df06-4311-9d84-524877c98111-SegmentedRaftLogWorker:Storage Directory /workdir/hadoop-ozone/integration-test/target/test-dir/MiniOzoneClusterImpl-d867a4e1-154a-4113-b5e4-c09c14df2894/datanode-4/data/ratis/02ae5258-b748-412e-b078-9c41041e3cf9 hit exception
java.lang.OutOfMemoryError: Direct buffer memory
	at java.nio.Bits.reserveMemory(Bits.java:666)
	at java.nio.DirectByteBuffer.<init>(DirectByteBuffer.java:123)
	at java.nio.ByteBuffer.allocateDirect(ByteBuffer.java:311)
	at org.apache.ratis.server.raftlog.segmented.BufferedWriteChannel.<init>(BufferedWriteChannel.java:41)
	at org.apache.ratis.server.raftlog.segmented.SegmentedRaftLogOutputStream.<init>(SegmentedRaftLogOutputStream.java:72)
	at org.apache.ratis.server.raftlog.segmented.SegmentedRaftLogWorker$StartLogSegment.execute(SegmentedRaftLogWorker.java:566)
	at org.apache.ratis.server.raftlog.segmented.SegmentedRaftLogWorker.run(SegmentedRaftLogWorker.java:289)
	at java.lang.Thread.run(Thread.java:748)
2019-09-12 10:31:58,217 | INFO  | SCMAudit | user=jenkins1000 | ip=192.168.36.114 | op=SEND_HEARTBEAT {datanodeUUID=c1e71898-521f-4627-a3f1-9884c4b96ced, command=[]} | ret=SUCCESS |  
2019-09-12 10:31:57,856 [ad8ae342-df06-4311-9d84-524877c98111-SegmentedRaftLogWorker:Storage Directory /workdir/hadoop-ozone/integration-test/target/test-dir/MiniOzoneClusterImpl-d867a4e1-154a-4113-b5e4-c09c14df2894/datanode-4/data/ratis/bf6f29a3-5b27-4fbe-a1f2-3b1a47d1dcd4] ERROR segmented.SegmentedRaftLogWorker (SegmentedRaftLogWorker.java:run(323)) - ad8ae342-df06-4311-9d84-524877c98111-SegmentedRaftLogWorker:Storage Directory /workdir/hadoop-ozone/integration-test/target/test-dir/MiniOzoneClusterImpl-d867a4e1-154a-4113-b5e4-c09c14df2894/datanode-4/data/ratis/bf6f29a3-5b27-4fbe-a1f2-3b1a47d1dcd4 hit exception
java.lang.OutOfMemoryError: Direct buffer memory
	at java.nio.Bits.reserveMemory(Bits.java:666)
	at java.nio.DirectByteBuffer.<init>(DirectByteBuffer.java:123)
	at java.nio.ByteBuffer.allocateDirect(ByteBuffer.java:311)
	at org.apache.ratis.server.raftlog.segmented.BufferedWriteChannel.<init>(BufferedWriteChannel.java:41)
	at org.apache.ratis.server.raftlog.segmented.SegmentedRaftLogOutputStream.<init>(SegmentedRaftLogOutputStream.java:72)
	at org.apache.ratis.server.raftlog.segmented.SegmentedRaftLogWorker$StartLogSegment.execute(SegmentedRaftLogWorker.java:566)
	at org.apache.ratis.server.raftlog.segmented.SegmentedRaftLogWorker.run(SegmentedRaftLogWorker.java:289)
	at java.lang.Thread.run(Thread.java:748)
2019-09-12 10:31:57,856 [334c5273-7871-4d53-8b37-de05e5a3be10-SegmentedRaftLogWorker:Storage Directory /workdir/hadoop-ozone/integration-test/target/test-dir/MiniOzoneClusterImpl-d867a4e1-154a-4113-b5e4-c09c14df2894/datanode-3/data/ratis/b95728a9-152b-4593-8231-eceba98c9439] ERROR segmented.SegmentedRaftLogWorker (SegmentedRaftLogWorker.java:run(323)) - 334c5273-7871-4d53-8b37-de05e5a3be10-SegmentedRaftLogWorker:Storage Directory /workdir/hadoop-ozone/integration-test/target/test-dir/MiniOzoneClusterImpl-d867a4e1-154a-4113-b5e4-c09c14df2894/datanode-3/data/ratis/b95728a9-152b-4593-8231-eceba98c9439 hit exception
java.lang.OutOfMemoryError: Direct buffer memory
	at java.nio.Bits.reserveMemory(Bits.java:666)
	at java.nio.DirectByteBuffer.<init>(DirectByteBuffer.java:123)
	at java.nio.ByteBuffer.allocateDirect(ByteBuffer.java:311)
	at org.apache.ratis.server.raftlog.segmented.BufferedWriteChannel.<init>(BufferedWriteChannel.java:41)
	at org.apache.ratis.server.raftlog.segmented.SegmentedRaftLogOutputStream.<init>(SegmentedRaftLogOutputStream.java:72)
	at org.apache.ratis.server.raftlog.segmented.SegmentedRaftLogWorker$StartLogSegment.execute(SegmentedRaftLogWorker.java:566)
	at org.apache.ratis.server.raftlog.segmented.SegmentedRaftLogWorker.run(SegmentedRaftLogWorker.java:289)
	at java.lang.Thread.run(Thread.java:748)
2019-09-12 10:31:58,218 [334c5273-7871-4d53-8b37-de05e5a3be10-SegmentedRaftLogWorker:Storage Directory /workdir/hadoop-ozone/integration-test/target/test-dir/MiniOzoneClusterImpl-d867a4e1-154a-4113-b5e4-c09c14df2894/datanode-3/data/ratis/b95728a9-152b-4593-8231-eceba98c9439] INFO  impl.RaftServerImpl (RaftServerImpl.java:lambda$shutdown$3(245)) - 334c5273-7871-4d53-8b37-de05e5a3be10: shutdown group-ECEBA98C9439
2019-09-12 10:31:57,553 [1349d5ba-07d4-450a-9218-4f0361201438:group-FFC0FC40BB39:LeaderElection114] INFO  impl.RoleInfo (RoleInfo.java:updateAndGet(143)) - 1349d5ba-07d4-450a-9218-4f0361201438: start LeaderState
2019-09-12 10:31:57,553 [caccd92c-2544-4e02-86cf-95849f240c1b-SegmentedRaftLogWorker:Storage Directory /workdir/hadoop-ozone/integration-test/target/test-dir/MiniOzoneClusterImpl-d867a4e1-154a-4113-b5e4-c09c14df2894/datanode-2/data/ratis/05b55ae3-a4c9-43a9-983c-e51f020481e7] INFO  segmented.SegmentedRaftLogWorker (SegmentedRaftLogWorker.java:close(228)) - caccd92c-2544-4e02-86cf-95849f240c1b-SegmentedRaftLogWorker:Storage Directory /workdir/hadoop-ozone/integration-test/target/test-dir/MiniOzoneClusterImpl-d867a4e1-154a-4113-b5e4-c09c14df2894/datanode-2/data/ratis/05b55ae3-a4c9-43a9-983c-e51f020481e7 close()
2019-09-12 10:31:57,553 [d9d65fd8-d100-497d-8460-9a4cf62b4ad5:group-C3AB91A55130:LeaderElection120] INFO  server.RaftServerConfigKeys (ConfUtils.java:logGet(43)) - raft.server.rpc.sleep.time = 25ms (default)
2019-09-12 10:31:57,553 [334c5273-7871-4d53-8b37-de05e5a3be10-SegmentedRaftLogWorker:Storage Directory /workdir/hadoop-ozone/integration-test/target/test-dir/MiniOzoneClusterImpl-d867a4e1-154a-4113-b5e4-c09c14df2894/datanode-3/data/ratis/4bbf3afe-dde6-440a-8c83-840e66d6cf22] INFO  util.JmxRegister (JmxRegister.java:unregister(73)) - Successfully un-registered JMX Bean with object name Ratis:service=RaftServer,group=group-840E66D6CF22,id=334c5273-7871-4d53-8b37-de05e5a3be10
2019-09-12 10:31:57,553 [334c5273-7871-4d53-8b37-de05e5a3be10-SegmentedRaftLogWorker:Storage Directory /workdir/hadoop-ozone/integration-test/target/test-dir/MiniOzoneClusterImpl-d867a4e1-154a-4113-b5e4-c09c14df2894/datanode-3/data/ratis/2b1a1301-3aa3-4570-bcbc-364e53036449] INFO  util.JmxRegister (JmxRegister.java:unregister(73)) - Successfully un-registered JMX Bean with object name Ratis:service=RaftServer,group=group-364E53036449,id=334c5273-7871-4d53-8b37-de05e5a3be10
2019-09-12 10:31:58,219 [334c5273-7871-4d53-8b37-de05e5a3be10-SegmentedRaftLogWorker:Storage Directory /workdir/hadoop-ozone/integration-test/target/test-dir/MiniOzoneClusterImpl-d867a4e1-154a-4113-b5e4-c09c14df2894/datanode-3/data/ratis/2b1a1301-3aa3-4570-bcbc-364e53036449] INFO  impl.RoleInfo (RoleInfo.java:shutdownLeaderState(104)) - 334c5273-7871-4d53-8b37-de05e5a3be10: shutdown LeaderState
2019-09-12 10:31:57,553 [d9d65fd8-d100-497d-8460-9a4cf62b4ad5:group-059EBFC5DFEE:LeaderElection121] INFO  server.RaftServerConfigKeys (ConfUtils.java:logGet(43)) - raft.server.write.element-limit = 4096 (default)
2019-09-12 10:31:57,553 [caccd92c-2544-4e02-86cf-95849f240c1b-SegmentedRaftLogWorker:Storage Directory /workdir/hadoop-ozone/integration-test/target/test-dir/MiniOzoneClusterImpl-d867a4e1-154a-4113-b5e4-c09c14df2894/datanode-2/data/ratis/9366f17c-7716-4591-b7a4-9e560fc5f4dd] INFO  util.JmxRegister (JmxRegister.java:unregister(73)) - Successfully un-registered JMX Bean with object name Ratis:service=RaftServer,group=group-9E560FC5F4DD,id=caccd92c-2544-4e02-86cf-95849f240c1b
2019-09-12 10:31:57,553 [pool-284-thread-1] INFO  impl.RoleInfo (RoleInfo.java:updateAndGet(143)) - d9d65fd8-d100-497d-8460-9a4cf62b4ad5: start FollowerState
2019-09-12 10:31:57,553 [5dd0cd62-5770-41dd-9e5a-f3f3eedc40c1:group-B8A95644C2A9:LeaderElection118] INFO  server.RaftServerConfigKeys (ConfUtils.java:logGet(43)) - raft.server.write.element-limit = 4096 (default)
2019-09-12 10:31:57,552 [334c5273-7871-4d53-8b37-de05e5a3be10-SegmentedRaftLogWorker:Storage Directory /workdir/hadoop-ozone/integration-test/target/test-dir/MiniOzoneClusterImpl-d867a4e1-154a-4113-b5e4-c09c14df2894/datanode-3/data/ratis/c8a4f1fe-7ce1-4f0d-b9f4-898bdd98d4fd] INFO  impl.RoleInfo (RoleInfo.java:shutdownLeaderState(104)) - 334c5273-7871-4d53-8b37-de05e5a3be10: shutdown LeaderState
2019-09-12 10:31:57,552 [caccd92c-2544-4e02-86cf-95849f240c1b-SegmentedRaftLogWorker:Storage Directory /workdir/hadoop-ozone/integration-test/target/test-dir/MiniOzoneClusterImpl-d867a4e1-154a-4113-b5e4-c09c14df2894/datanode-2/data/ratis/c2e24b2d-daac-4f6e-a7f8-6f7f9f28a891] INFO  impl.RoleInfo (RoleInfo.java:shutdownLeaderState(104)) - caccd92c-2544-4e02-86cf-95849f240c1b: shutdown LeaderState
2019-09-12 10:31:57,552 [d40ec8ee-ac9e-41d6-86bd-e74a05605b85:group-D04995846C31:LeaderElection122] INFO  impl.RaftServerImpl (ServerState.java:setLeader(263)) - d40ec8ee-ac9e-41d6-86bd-e74a05605b85:group-D04995846C31 change Leader from null to d40ec8ee-ac9e-41d6-86bd-e74a05605b85 at term 1 for becomeLeader, leader elected after 14916ms
2019-09-12 10:31:57,552 [caccd92c-2544-4e02-86cf-95849f240c1b-SegmentedRaftLogWorker:Storage Directory /workdir/hadoop-ozone/integration-test/target/test-dir/MiniOzoneClusterImpl-d867a4e1-154a-4113-b5e4-c09c14df2894/datanode-2/data/ratis/34fc3d14-a81e-4a5d-aa0f-3144f14ac6f4] INFO  impl.RoleInfo (RoleInfo.java:shutdownLeaderState(104)) - caccd92c-2544-4e02-86cf-95849f240c1b: shutdown LeaderState
2019-09-12 10:31:58,220 [d40ec8ee-ac9e-41d6-86bd-e74a05605b85:group-D04995846C31:LeaderElection122] INFO  server.RaftServerConfigKeys (ConfUtils.java:logGet(43)) - raft.server.staging.catchup.gap = 1000 (default)
2019-09-12 10:31:58,220 [caccd92c-2544-4e02-86cf-95849f240c1b-SegmentedRaftLogWorker:Storage Directory /workdir/hadoop-ozone/integration-test/target/test-dir/MiniOzoneClusterImpl-d867a4e1-154a-4113-b5e4-c09c14df2894/datanode-2/data/ratis/c2e24b2d-daac-4f6e-a7f8-6f7f9f28a891] INFO  impl.PendingRequests (PendingRequests.java:sendNotLeaderResponses(202)) - caccd92c-2544-4e02-86cf-95849f240c1b-PendingRequests: sendNotLeaderResponses
2019-09-12 10:31:58,220 [334c5273-7871-4d53-8b37-de05e5a3be10-SegmentedRaftLogWorker:Storage Directory /workdir/hadoop-ozone/integration-test/target/test-dir/MiniOzoneClusterImpl-d867a4e1-154a-4113-b5e4-c09c14df2894/datanode-3/data/ratis/c8a4f1fe-7ce1-4f0d-b9f4-898bdd98d4fd] INFO  impl.PendingRequests (PendingRequests.java:sendNotLeaderResponses(202)) - 334c5273-7871-4d53-8b37-de05e5a3be10-PendingRequests: sendNotLeaderResponses
2019-09-12 10:31:58,220 [pool-284-thread-1] INFO  util.JmxRegister (JmxRegister.java:tryRegister(44)) - Successfully registered JMX Bean with object name Ratis:service=RaftServer,group=group-6150B09B443E,id=d9d65fd8-d100-497d-8460-9a4cf62b4ad5
2019-09-12 10:31:58,220 [5dd0cd62-5770-41dd-9e5a-f3f3eedc40c1:group-B8A95644C2A9:LeaderElection118] INFO  server.RaftServerConfigKeys (ConfUtils.java:logGet(43)) - raft.server.watch.timeout = 10s (default)
2019-09-12 10:31:58,219 [caccd92c-2544-4e02-86cf-95849f240c1b-SegmentedRaftLogWorker:Storage Directory /workdir/hadoop-ozone/integration-test/target/test-dir/MiniOzoneClusterImpl-d867a4e1-154a-4113-b5e4-c09c14df2894/datanode-2/data/ratis/9366f17c-7716-4591-b7a4-9e560fc5f4dd] INFO  impl.RoleInfo (RoleInfo.java:shutdownLeaderState(104)) - caccd92c-2544-4e02-86cf-95849f240c1b: shutdown LeaderState
2019-09-12 10:31:58,219 [d9d65fd8-d100-497d-8460-9a4cf62b4ad5:group-059EBFC5DFEE:LeaderElection121] INFO  server.RaftServerConfigKeys (ConfUtils.java:logGet(43)) - raft.server.watch.timeout = 10s (default)
2019-09-12 10:31:58,219 [334c5273-7871-4d53-8b37-de05e5a3be10-SegmentedRaftLogWorker:Storage Directory /workdir/hadoop-ozone/integration-test/target/test-dir/MiniOzoneClusterImpl-d867a4e1-154a-4113-b5e4-c09c14df2894/datanode-3/data/ratis/2b1a1301-3aa3-4570-bcbc-364e53036449] INFO  impl.PendingRequests (PendingRequests.java:sendNotLeaderResponses(202)) - 334c5273-7871-4d53-8b37-de05e5a3be10-PendingRequests: sendNotLeaderResponses
2019-09-12 10:31:58,219 [334c5273-7871-4d53-8b37-de05e5a3be10-SegmentedRaftLogWorker:Storage Directory /workdir/hadoop-ozone/integration-test/target/test-dir/MiniOzoneClusterImpl-d867a4e1-154a-4113-b5e4-c09c14df2894/datanode-3/data/ratis/4bbf3afe-dde6-440a-8c83-840e66d6cf22] INFO  impl.RoleInfo (RoleInfo.java:shutdownLeaderState(104)) - 334c5273-7871-4d53-8b37-de05e5a3be10: shutdown LeaderState
2019-09-12 10:31:58,219 [d9d65fd8-d100-497d-8460-9a4cf62b4ad5:group-C3AB91A55130:LeaderElection120] INFO  server.RaftServerConfigKeys (ConfUtils.java:logGet(43)) - raft.server.write.element-limit = 4096 (default)
2019-09-12 10:31:58,219 [1349d5ba-07d4-450a-9218-4f0361201438:group-FFC0FC40BB39:LeaderElection114] INFO  segmented.SegmentedRaftLogWorker (SegmentedRaftLogWorker.java:startLogSegment(380)) - 1349d5ba-07d4-450a-9218-4f0361201438-SegmentedRaftLogWorker:Storage Directory /workdir/hadoop-ozone/integration-test/target/test-dir/MiniOzoneClusterImpl-d867a4e1-154a-4113-b5e4-c09c14df2894/datanode-5/data/ratis/056c56c1-3e87-4d17-b4a2-ffc0fc40bb39: Starting segment from index:0
2019-09-12 10:31:58,218 [334c5273-7871-4d53-8b37-de05e5a3be10-SegmentedRaftLogWorker:Storage Directory /workdir/hadoop-ozone/integration-test/target/test-dir/MiniOzoneClusterImpl-d867a4e1-154a-4113-b5e4-c09c14df2894/datanode-3/data/ratis/b95728a9-152b-4593-8231-eceba98c9439] INFO  util.JmxRegister (JmxRegister.java:unregister(73)) - Successfully un-registered JMX Bean with object name Ratis:service=RaftServer,group=group-ECEBA98C9439,id=334c5273-7871-4d53-8b37-de05e5a3be10
2019-09-12 10:31:58,218 [ad8ae342-df06-4311-9d84-524877c98111-SegmentedRaftLogWorker:Storage Directory /workdir/hadoop-ozone/integration-test/target/test-dir/MiniOzoneClusterImpl-d867a4e1-154a-4113-b5e4-c09c14df2894/datanode-4/data/ratis/bf6f29a3-5b27-4fbe-a1f2-3b1a47d1dcd4] INFO  impl.RaftServerImpl (RaftServerImpl.java:lambda$shutdown$3(245)) - ad8ae342-df06-4311-9d84-524877c98111: shutdown group-3B1A47D1DCD4
2019-09-12 10:31:58,577 | INFO  | SCMAudit | user=jenkins1000 | ip=192.168.36.114 | op=SEND_HEARTBEAT {datanodeUUID=2cb9d557-cb56-4745-8686-5e72b62e748a, command=[]} | ret=SUCCESS |  
2019-09-12 10:31:58,577 | INFO  | SCMAudit | user=jenkins1000 | ip=192.168.36.114 | op=SEND_HEARTBEAT {datanodeUUID=c54af6f8-a22e-478f-90e1-029d14059a99, command=[]} | ret=SUCCESS |  
2019-09-12 10:31:58,577 | INFO  | SCMAudit | user=jenkins1000 | ip=192.168.36.114 | op=SEND_HEARTBEAT {datanodeUUID=ff438662-24cf-49bb-bfc5-3308ec6d286b, command=[]} | ret=SUCCESS |  
2019-09-12 10:31:58,578 | INFO  | SCMAudit | user=jenkins1000 | ip=192.168.36.114 | op=SEND_HEARTBEAT {datanodeUUID=2d50b591-d6e4-490f-9fa0-973ad5423bd7, command=[]} | ret=SUCCESS |  
2019-09-12 10:31:58,578 | INFO  | SCMAudit | user=jenkins1000 | ip=192.168.36.114 | op=SEND_HEARTBEAT {datanodeUUID=334c5273-7871-4d53-8b37-de05e5a3be10, command=[]} | ret=SUCCESS |  
2019-09-12 10:31:58,578 | INFO  | SCMAudit | user=jenkins1000 | ip=192.168.36.114 | op=SEND_HEARTBEAT {datanodeUUID=c9031a36-5f7c-4098-8bea-8a46141708a6, command=[]} | ret=SUCCESS |  
2019-09-12 10:31:58,578 | INFO  | SCMAudit | user=jenkins1000 | ip=192.168.36.114 | op=SEND_HEARTBEAT {datanodeUUID=accf000b-d7b7-4fa5-9682-da82c4451e10, command=[]} | ret=SUCCESS |  
2019-09-12 10:31:58,578 | INFO  | SCMAudit | user=jenkins1000 | ip=192.168.36.114 | op=SEND_HEARTBEAT {datanodeUUID=d9d65fd8-d100-497d-8460-9a4cf62b4ad5, command=[]} | ret=SUCCESS |  
2019-09-12 10:31:58,578 | INFO  | SCMAudit | user=jenkins1000 | ip=192.168.36.114 | op=SEND_HEARTBEAT {datanodeUUID=9616c881-dbb1-48da-90dd-a872ed779a2e, command=[]} | ret=SUCCESS |  
2019-09-12 10:31:58,578 | INFO  | SCMAudit | user=jenkins1000 | ip=192.168.36.114 | op=SEND_HEARTBEAT {datanodeUUID=ad8ae342-df06-4311-9d84-524877c98111, command=[]} | ret=SUCCESS |  
2019-09-12 10:31:58,579 | INFO  | SCMAudit | user=jenkins1000 | ip=192.168.36.114 | op=SEND_HEARTBEAT {datanodeUUID=39df7a3f-9691-48d4-a2b1-6888489a5f8a, command=[]} | ret=SUCCESS |  
2019-09-12 10:31:58,218 [ad8ae342-df06-4311-9d84-524877c98111-SegmentedRaftLogWorker:Storage Directory /workdir/hadoop-ozone/integration-test/target/test-dir/MiniOzoneClusterImpl-d867a4e1-154a-4113-b5e4-c09c14df2894/datanode-4/data/ratis/02ae5258-b748-412e-b078-9c41041e3cf9] INFO  impl.RaftServerImpl (RaftServerImpl.java:lambda$shutdown$3(245)) - ad8ae342-df06-4311-9d84-524877c98111: shutdown group-9C41041E3CF9
2019-09-12 10:31:58,217 [1349d5ba-07d4-450a-9218-4f0361201438:group-EB143B8D1303:LeaderElection117] INFO  segmented.SegmentedRaftLogWorker (SegmentedRaftLogWorker.java:startLogSegment(380)) - 1349d5ba-07d4-450a-9218-4f0361201438-SegmentedRaftLogWorker:Storage Directory /workdir/hadoop-ozone/integration-test/target/test-dir/MiniOzoneClusterImpl-d867a4e1-154a-4113-b5e4-c09c14df2894/datanode-5/data/ratis/5b322ba4-7cea-41d8-b831-eb143b8d1303: Starting segment from index:0
2019-09-12 10:31:57,861 [1349d5ba-07d4-450a-9218-4f0361201438:group-F15575A866C3:LeaderElection116] INFO  impl.RoleInfo (RoleInfo.java:updateAndGet(143)) - 1349d5ba-07d4-450a-9218-4f0361201438: start LeaderState
2019-09-12 10:31:57,860 [5dd0cd62-5770-41dd-9e5a-f3f3eedc40c1:group-B898DF89A595:LeaderElection119] INFO  server.RaftServerConfigKeys (ConfUtils.java:logGet(43)) - raft.server.write.element-limit = 4096 (default)
2019-09-12 10:31:57,860 [main] INFO  node.SCMNodeManager (SCMNodeManager.java:<init>(121)) - Entering startup safe mode.
2019-09-12 10:31:57,860 [ad8ae342-df06-4311-9d84-524877c98111:group-AA6291B3F0BA:LeaderElection104] INFO  server.RaftServerConfigKeys (ConfUtils.java:logGet(43)) - raft.server.watch.element-limit = 65536 (default)
2019-09-12 10:31:58,812 [1349d5ba-07d4-450a-9218-4f0361201438:group-EB143B8D1303:LeaderElection117] INFO  impl.RaftServerImpl (ServerState.java:setRaftConf(361)) - 1349d5ba-07d4-450a-9218-4f0361201438:group-EB143B8D1303 set configuration 0: [1349d5ba-07d4-450a-9218-4f0361201438:192.168.36.114:34435], old=null at 0
2019-09-12 10:31:58,812 [ad8ae342-df06-4311-9d84-524877c98111:group-AA6291B3F0BA:LeaderElection104] INFO  impl.RoleInfo (RoleInfo.java:updateAndGet(143)) - ad8ae342-df06-4311-9d84-524877c98111: start LeaderState
2019-09-12 10:31:58,579 [5dd0cd62-5770-41dd-9e5a-f3f3eedc40c1:group-B898DF89A595:LeaderElection119] INFO  server.RaftServerConfigKeys (ConfUtils.java:logGet(43)) - raft.server.watch.timeout = 10s (default)
2019-09-12 10:31:58,579 [1349d5ba-07d4-450a-9218-4f0361201438:group-F15575A866C3:LeaderElection116] INFO  segmented.SegmentedRaftLogWorker (SegmentedRaftLogWorker.java:startLogSegment(380)) - 1349d5ba-07d4-450a-9218-4f0361201438-SegmentedRaftLogWorker:Storage Directory /workdir/hadoop-ozone/integration-test/target/test-dir/MiniOzoneClusterImpl-d867a4e1-154a-4113-b5e4-c09c14df2894/datanode-5/data/ratis/5a1ed244-edb3-4aff-af33-f15575a866c3: Starting segment from index:0
2019-09-12 10:31:58,579 [ad8ae342-df06-4311-9d84-524877c98111-SegmentedRaftLogWorker:Storage Directory /workdir/hadoop-ozone/integration-test/target/test-dir/MiniOzoneClusterImpl-d867a4e1-154a-4113-b5e4-c09c14df2894/datanode-4/data/ratis/02ae5258-b748-412e-b078-9c41041e3cf9] INFO  util.JmxRegister (JmxRegister.java:unregister(73)) - Successfully un-registered JMX Bean with object name Ratis:service=RaftServer,group=group-9C41041E3CF9,id=ad8ae342-df06-4311-9d84-524877c98111
2019-09-12 10:31:58,813 [ad8ae342-df06-4311-9d84-524877c98111-SegmentedRaftLogWorker:Storage Directory /workdir/hadoop-ozone/integration-test/target/test-dir/MiniOzoneClusterImpl-d867a4e1-154a-4113-b5e4-c09c14df2894/datanode-4/data/ratis/02ae5258-b748-412e-b078-9c41041e3cf9] INFO  impl.RoleInfo (RoleInfo.java:shutdownLeaderState(104)) - ad8ae342-df06-4311-9d84-524877c98111: shutdown LeaderState
2019-09-12 10:31:58,579 [ad8ae342-df06-4311-9d84-524877c98111-SegmentedRaftLogWorker:Storage Directory /workdir/hadoop-ozone/integration-test/target/test-dir/MiniOzoneClusterImpl-d867a4e1-154a-4113-b5e4-c09c14df2894/datanode-4/data/ratis/bf6f29a3-5b27-4fbe-a1f2-3b1a47d1dcd4] INFO  util.JmxRegister (JmxRegister.java:unregister(73)) - Successfully un-registered JMX Bean with object name Ratis:service=RaftServer,group=group-3B1A47D1DCD4,id=ad8ae342-df06-4311-9d84-524877c98111
2019-09-12 10:31:58,579 [1349d5ba-07d4-450a-9218-4f0361201438:group-FFC0FC40BB39:LeaderElection114] INFO  impl.RaftServerImpl (ServerState.java:setRaftConf(361)) - 1349d5ba-07d4-450a-9218-4f0361201438:group-FFC0FC40BB39 set configuration 0: [1349d5ba-07d4-450a-9218-4f0361201438:192.168.36.114:34435], old=null at 0
2019-09-12 10:31:58,222 [334c5273-7871-4d53-8b37-de05e5a3be10-SegmentedRaftLogWorker:Storage Directory /workdir/hadoop-ozone/integration-test/target/test-dir/MiniOzoneClusterImpl-d867a4e1-154a-4113-b5e4-c09c14df2894/datanode-3/data/ratis/b95728a9-152b-4593-8231-eceba98c9439] INFO  impl.RoleInfo (RoleInfo.java:shutdownLeaderState(104)) - 334c5273-7871-4d53-8b37-de05e5a3be10: shutdown LeaderState
2019-09-12 10:31:58,222 [d9d65fd8-d100-497d-8460-9a4cf62b4ad5:group-C3AB91A55130:LeaderElection120] INFO  server.RaftServerConfigKeys (ConfUtils.java:logGet(43)) - raft.server.watch.timeout = 10s (default)
2019-09-12 10:31:58,222 [334c5273-7871-4d53-8b37-de05e5a3be10-SegmentedRaftLogWorker:Storage Directory /workdir/hadoop-ozone/integration-test/target/test-dir/MiniOzoneClusterImpl-d867a4e1-154a-4113-b5e4-c09c14df2894/datanode-3/data/ratis/4bbf3afe-dde6-440a-8c83-840e66d6cf22] INFO  impl.PendingRequests (PendingRequests.java:sendNotLeaderResponses(202)) - 334c5273-7871-4d53-8b37-de05e5a3be10-PendingRequests: sendNotLeaderResponses
2019-09-12 10:31:58,222 [334c5273-7871-4d53-8b37-de05e5a3be10-SegmentedRaftLogWorker:Storage Directory /workdir/hadoop-ozone/integration-test/target/test-dir/MiniOzoneClusterImpl-d867a4e1-154a-4113-b5e4-c09c14df2894/datanode-3/data/ratis/2b1a1301-3aa3-4570-bcbc-364e53036449] INFO  impl.StateMachineUpdater (StateMachineUpdater.java:stopAndJoin(115)) - StateMachineUpdater:334c5273-7871-4d53-8b37-de05e5a3be10:group-364E53036449: set stopIndex = -1
2019-09-12 10:31:59,136 [334c5273-7871-4d53-8b37-de05e5a3be10-SegmentedRaftLogWorker:Storage Directory /workdir/hadoop-ozone/integration-test/target/test-dir/MiniOzoneClusterImpl-d867a4e1-154a-4113-b5e4-c09c14df2894/datanode-3/data/ratis/2b1a1301-3aa3-4570-bcbc-364e53036449] INFO  impl.RaftServerImpl (ServerState.java:close(394)) - 334c5273-7871-4d53-8b37-de05e5a3be10:group-364E53036449 closes. The last applied log index is -1
2019-09-12 10:31:58,222 [d9d65fd8-d100-497d-8460-9a4cf62b4ad5:group-059EBFC5DFEE:LeaderElection121] INFO  server.RaftServerConfigKeys (ConfUtils.java:logGet(43)) - raft.server.watch.timeout.denomination = 1s (default)
2019-09-12 10:31:59,136 [334c5273-7871-4d53-8b37-de05e5a3be10-SegmentedRaftLogWorker:Storage Directory /workdir/hadoop-ozone/integration-test/target/test-dir/MiniOzoneClusterImpl-d867a4e1-154a-4113-b5e4-c09c14df2894/datanode-3/data/ratis/2b1a1301-3aa3-4570-bcbc-364e53036449] INFO  segmented.SegmentedRaftLogWorker (SegmentedRaftLogWorker.java:close(228)) - 334c5273-7871-4d53-8b37-de05e5a3be10-SegmentedRaftLogWorker:Storage Directory /workdir/hadoop-ozone/integration-test/target/test-dir/MiniOzoneClusterImpl-d867a4e1-154a-4113-b5e4-c09c14df2894/datanode-3/data/ratis/2b1a1301-3aa3-4570-bcbc-364e53036449 close()
2019-09-12 10:31:58,222 [caccd92c-2544-4e02-86cf-95849f240c1b-SegmentedRaftLogWorker:Storage Directory /workdir/hadoop-ozone/integration-test/target/test-dir/MiniOzoneClusterImpl-d867a4e1-154a-4113-b5e4-c09c14df2894/datanode-2/data/ratis/9366f17c-7716-4591-b7a4-9e560fc5f4dd] INFO  impl.PendingRequests (PendingRequests.java:sendNotLeaderResponses(202)) - caccd92c-2544-4e02-86cf-95849f240c1b-PendingRequests: sendNotLeaderResponses
2019-09-12 10:31:58,221 [5dd0cd62-5770-41dd-9e5a-f3f3eedc40c1:group-B8A95644C2A9:LeaderElection118] INFO  server.RaftServerConfigKeys (ConfUtils.java:logGet(43)) - raft.server.watch.timeout.denomination = 1s (default)
2019-09-12 10:31:58,221 [334c5273-7871-4d53-8b37-de05e5a3be10-SegmentedRaftLogWorker:Storage Directory /workdir/hadoop-ozone/integration-test/target/test-dir/MiniOzoneClusterImpl-d867a4e1-154a-4113-b5e4-c09c14df2894/datanode-3/data/ratis/c8a4f1fe-7ce1-4f0d-b9f4-898bdd98d4fd] INFO  impl.StateMachineUpdater (StateMachineUpdater.java:stopAndJoin(115)) - StateMachineUpdater:334c5273-7871-4d53-8b37-de05e5a3be10:group-898BDD98D4FD: set stopIndex = -1
2019-09-12 10:31:59,137 [334c5273-7871-4d53-8b37-de05e5a3be10-SegmentedRaftLogWorker:Storage Directory /workdir/hadoop-ozone/integration-test/target/test-dir/MiniOzoneClusterImpl-d867a4e1-154a-4113-b5e4-c09c14df2894/datanode-3/data/ratis/c8a4f1fe-7ce1-4f0d-b9f4-898bdd98d4fd] INFO  impl.RaftServerImpl (ServerState.java:close(394)) - 334c5273-7871-4d53-8b37-de05e5a3be10:group-898BDD98D4FD closes. The last applied log index is -1
2019-09-12 10:31:58,221 [caccd92c-2544-4e02-86cf-95849f240c1b-SegmentedRaftLogWorker:Storage Directory /workdir/hadoop-ozone/integration-test/target/test-dir/MiniOzoneClusterImpl-d867a4e1-154a-4113-b5e4-c09c14df2894/datanode-2/data/ratis/c2e24b2d-daac-4f6e-a7f8-6f7f9f28a891] INFO  impl.StateMachineUpdater (StateMachineUpdater.java:stopAndJoin(115)) - StateMachineUpdater:caccd92c-2544-4e02-86cf-95849f240c1b:group-6F7F9F28A891: set stopIndex = -1
2019-09-12 10:31:58,221 [d40ec8ee-ac9e-41d6-86bd-e74a05605b85:group-D04995846C31:LeaderElection122] INFO  server.RaftServerConfigKeys (ConfUtils.java:logGet(43)) - raft.server.rpc.sleep.time = 25ms (default)
2019-09-12 10:31:58,220 [caccd92c-2544-4e02-86cf-95849f240c1b-SegmentedRaftLogWorker:Storage Directory /workdir/hadoop-ozone/integration-test/target/test-dir/MiniOzoneClusterImpl-d867a4e1-154a-4113-b5e4-c09c14df2894/datanode-2/data/ratis/34fc3d14-a81e-4a5d-aa0f-3144f14ac6f4] INFO  impl.PendingRequests (PendingRequests.java:sendNotLeaderResponses(202)) - caccd92c-2544-4e02-86cf-95849f240c1b-PendingRequests: sendNotLeaderResponses
2019-09-12 10:31:59,137 [d40ec8ee-ac9e-41d6-86bd-e74a05605b85:group-D04995846C31:LeaderElection122] INFO  server.RaftServerConfigKeys (ConfUtils.java:logGet(43)) - raft.server.write.element-limit = 4096 (default)
2019-09-12 10:31:59,137 [caccd92c-2544-4e02-86cf-95849f240c1b-SegmentedRaftLogWorker:Storage Directory /workdir/hadoop-ozone/integration-test/target/test-dir/MiniOzoneClusterImpl-d867a4e1-154a-4113-b5e4-c09c14df2894/datanode-2/data/ratis/c2e24b2d-daac-4f6e-a7f8-6f7f9f28a891] INFO  impl.RaftServerImpl (ServerState.java:close(394)) - caccd92c-2544-4e02-86cf-95849f240c1b:group-6F7F9F28A891 closes. The last applied log index is -1
2019-09-12 10:31:59,137 [334c5273-7871-4d53-8b37-de05e5a3be10-SegmentedRaftLogWorker:Storage Directory /workdir/hadoop-ozone/integration-test/target/test-dir/MiniOzoneClusterImpl-d867a4e1-154a-4113-b5e4-c09c14df2894/datanode-3/data/ratis/c8a4f1fe-7ce1-4f0d-b9f4-898bdd98d4fd] INFO  segmented.SegmentedRaftLogWorker (SegmentedRaftLogWorker.java:close(228)) - 334c5273-7871-4d53-8b37-de05e5a3be10-SegmentedRaftLogWorker:Storage Directory /workdir/hadoop-ozone/integration-test/target/test-dir/MiniOzoneClusterImpl-d867a4e1-154a-4113-b5e4-c09c14df2894/datanode-3/data/ratis/c8a4f1fe-7ce1-4f0d-b9f4-898bdd98d4fd close()
2019-09-12 10:31:59,136 [5dd0cd62-5770-41dd-9e5a-f3f3eedc40c1:group-B8A95644C2A9:LeaderElection118] INFO  server.RaftServerConfigKeys (ConfUtils.java:logGet(43)) - raft.server.watch.element-limit = 65536 (default)
2019-09-12 10:31:59,136 [caccd92c-2544-4e02-86cf-95849f240c1b-SegmentedRaftLogWorker:Storage Directory /workdir/hadoop-ozone/integration-test/target/test-dir/MiniOzoneClusterImpl-d867a4e1-154a-4113-b5e4-c09c14df2894/datanode-2/data/ratis/9366f17c-7716-4591-b7a4-9e560fc5f4dd] INFO  impl.StateMachineUpdater (StateMachineUpdater.java:stopAndJoin(115)) - StateMachineUpdater:caccd92c-2544-4e02-86cf-95849f240c1b:group-9E560FC5F4DD: set stopIndex = -1
2019-09-12 10:31:59,138 [5dd0cd62-5770-41dd-9e5a-f3f3eedc40c1:group-B8A95644C2A9:LeaderElection118] INFO  impl.RoleInfo (RoleInfo.java:updateAndGet(143)) - 5dd0cd62-5770-41dd-9e5a-f3f3eedc40c1: start LeaderState
2019-09-12 10:31:59,136 [d9d65fd8-d100-497d-8460-9a4cf62b4ad5:group-059EBFC5DFEE:LeaderElection121] INFO  server.RaftServerConfigKeys (ConfUtils.java:logGet(43)) - raft.server.watch.element-limit = 65536 (default)
2019-09-12 10:31:59,136 [334c5273-7871-4d53-8b37-de05e5a3be10-SegmentedRaftLogWorker:Storage Directory /workdir/hadoop-ozone/integration-test/target/test-dir/MiniOzoneClusterImpl-d867a4e1-154a-4113-b5e4-c09c14df2894/datanode-3/data/ratis/4bbf3afe-dde6-440a-8c83-840e66d6cf22] INFO  impl.StateMachineUpdater (StateMachineUpdater.java:stopAndJoin(115)) - StateMachineUpdater:334c5273-7871-4d53-8b37-de05e5a3be10:group-840E66D6CF22: set stopIndex = -1
2019-09-12 10:31:59,138 [334c5273-7871-4d53-8b37-de05e5a3be10-SegmentedRaftLogWorker:Storage Directory /workdir/hadoop-ozone/integration-test/target/test-dir/MiniOzoneClusterImpl-d867a4e1-154a-4113-b5e4-c09c14df2894/datanode-3/data/ratis/4bbf3afe-dde6-440a-8c83-840e66d6cf22] INFO  impl.RaftServerImpl (ServerState.java:close(394)) - 334c5273-7871-4d53-8b37-de05e5a3be10:group-840E66D6CF22 closes. The last applied log index is -1
2019-09-12 10:31:59,135 [d9d65fd8-d100-497d-8460-9a4cf62b4ad5:group-C3AB91A55130:LeaderElection120] INFO  server.RaftServerConfigKeys (ConfUtils.java:logGet(43)) - raft.server.watch.timeout.denomination = 1s (default)
2019-09-12 10:31:59,135 [334c5273-7871-4d53-8b37-de05e5a3be10-SegmentedRaftLogWorker:Storage Directory /workdir/hadoop-ozone/integration-test/target/test-dir/MiniOzoneClusterImpl-d867a4e1-154a-4113-b5e4-c09c14df2894/datanode-3/data/ratis/b95728a9-152b-4593-8231-eceba98c9439] INFO  impl.PendingRequests (PendingRequests.java:sendNotLeaderResponses(202)) - 334c5273-7871-4d53-8b37-de05e5a3be10-PendingRequests: sendNotLeaderResponses
2019-09-12 10:31:59,135 [ad8ae342-df06-4311-9d84-524877c98111-SegmentedRaftLogWorker:Storage Directory /workdir/hadoop-ozone/integration-test/target/test-dir/MiniOzoneClusterImpl-d867a4e1-154a-4113-b5e4-c09c14df2894/datanode-4/data/ratis/bf6f29a3-5b27-4fbe-a1f2-3b1a47d1dcd4] INFO  impl.RoleInfo (RoleInfo.java:shutdownLeaderState(104)) - ad8ae342-df06-4311-9d84-524877c98111: shutdown LeaderState
2019-09-12 10:31:59,135 [ad8ae342-df06-4311-9d84-524877c98111-SegmentedRaftLogWorker:Storage Directory /workdir/hadoop-ozone/integration-test/target/test-dir/MiniOzoneClusterImpl-d867a4e1-154a-4113-b5e4-c09c14df2894/datanode-4/data/ratis/02ae5258-b748-412e-b078-9c41041e3cf9] INFO  impl.PendingRequests (PendingRequests.java:sendNotLeaderResponses(202)) - ad8ae342-df06-4311-9d84-524877c98111-PendingRequests: sendNotLeaderResponses
2019-09-12 10:31:59,135 [1349d5ba-07d4-450a-9218-4f0361201438:group-F15575A866C3:LeaderElection116] INFO  impl.RaftServerImpl (ServerState.java:setRaftConf(361)) - 1349d5ba-07d4-450a-9218-4f0361201438:group-F15575A866C3 set configuration 0: [1349d5ba-07d4-450a-9218-4f0361201438:192.168.36.114:34435], old=null at 0
2019-09-12 10:31:59,139 [ad8ae342-df06-4311-9d84-524877c98111-SegmentedRaftLogWorker:Storage Directory /workdir/hadoop-ozone/integration-test/target/test-dir/MiniOzoneClusterImpl-d867a4e1-154a-4113-b5e4-c09c14df2894/datanode-4/data/ratis/02ae5258-b748-412e-b078-9c41041e3cf9] INFO  impl.StateMachineUpdater (StateMachineUpdater.java:stopAndJoin(115)) - StateMachineUpdater:ad8ae342-df06-4311-9d84-524877c98111:group-9C41041E3CF9: set stopIndex = -1
2019-09-12 10:31:59,134 [334c5273-7871-4d53-8b37-de05e5a3be10-SegmentedRaftLogWorker:Storage Directory /workdir/hadoop-ozone/integration-test/target/test-dir/MiniOzoneClusterImpl-d867a4e1-154a-4113-b5e4-c09c14df2894/datanode-3/data/ratis/cc01a166-0d67-4160-9867-ede8c272de80] ERROR segmented.SegmentedRaftLogWorker (SegmentedRaftLogWorker.java:run(323)) - 334c5273-7871-4d53-8b37-de05e5a3be10-SegmentedRaftLogWorker:Storage Directory /workdir/hadoop-ozone/integration-test/target/test-dir/MiniOzoneClusterImpl-d867a4e1-154a-4113-b5e4-c09c14df2894/datanode-3/data/ratis/cc01a166-0d67-4160-9867-ede8c272de80 hit exception
java.lang.OutOfMemoryError: Direct buffer memory
	at java.nio.Bits.reserveMemory(Bits.java:666)
	at java.nio.DirectByteBuffer.<init>(DirectByteBuffer.java:123)
	at java.nio.ByteBuffer.allocateDirect(ByteBuffer.java:311)
	at org.apache.ratis.server.raftlog.segmented.BufferedWriteChannel.<init>(BufferedWriteChannel.java:41)
	at org.apache.ratis.server.raftlog.segmented.SegmentedRaftLogOutputStream.<init>(SegmentedRaftLogOutputStream.java:72)
	at org.apache.ratis.server.raftlog.segmented.SegmentedRaftLogWorker$StartLogSegment.execute(SegmentedRaftLogWorker.java:566)
	at org.apache.ratis.server.raftlog.segmented.SegmentedRaftLogWorker.run(SegmentedRaftLogWorker.java:289)
	at java.lang.Thread.run(Thread.java:748)
2019-09-12 10:31:59,139 [334c5273-7871-4d53-8b37-de05e5a3be10-SegmentedRaftLogWorker:Storage Directory /workdir/hadoop-ozone/integration-test/target/test-dir/MiniOzoneClusterImpl-d867a4e1-154a-4113-b5e4-c09c14df2894/datanode-3/data/ratis/cc01a166-0d67-4160-9867-ede8c272de80] INFO  impl.RaftServerImpl (RaftServerImpl.java:lambda$shutdown$3(245)) - 334c5273-7871-4d53-8b37-de05e5a3be10: shutdown group-EDE8C272DE80
2019-09-12 10:31:58,813 [main] INFO  algorithms.ContainerPlacementPolicyFactory (ContainerPlacementPolicyFactory.java:getPolicy(56)) - Create container placement policy of type org.apache.hadoop.hdds.scm.container.placement.algorithms.SCMContainerPlacementRandom
2019-09-12 10:31:58,813 [ad8ae342-df06-4311-9d84-524877c98111:group-AA6291B3F0BA:LeaderElection104] INFO  segmented.SegmentedRaftLogWorker (SegmentedRaftLogWorker.java:startLogSegment(380)) - ad8ae342-df06-4311-9d84-524877c98111-SegmentedRaftLogWorker:Storage Directory /workdir/hadoop-ozone/integration-test/target/test-dir/MiniOzoneClusterImpl-d867a4e1-154a-4113-b5e4-c09c14df2894/datanode-4/data/ratis/4f22ba6b-543a-42db-a4b2-aa6291b3f0ba: Starting segment from index:0
2019-09-12 10:31:58,813 [5dd0cd62-5770-41dd-9e5a-f3f3eedc40c1:group-B898DF89A595:LeaderElection119] INFO  server.RaftServerConfigKeys (ConfUtils.java:logGet(43)) - raft.server.watch.timeout.denomination = 1s (default)
2019-09-12 10:31:59,140 [main] WARN  server.ServerUtils (ServerUtils.java:getScmDbDir(145)) - ozone.scm.db.dirs is not configured. We recommend adding this setting. Falling back to ozone.metadata.dirs instead.
2019-09-12 10:31:59,463 | INFO  | SCMAudit | user=jenkins1000 | ip=192.168.36.114 | op=SEND_HEARTBEAT {datanodeUUID=c1e71898-521f-4627-a3f1-9884c4b96ced, command=[]} | ret=SUCCESS |  
2019-09-12 10:31:59,463 | INFO  | SCMAudit | user=jenkins1000 | ip=192.168.36.114 | op=SEND_HEARTBEAT {datanodeUUID=22ce2f4b-d517-44cf-8041-712d813e08f3, command=[]} | ret=SUCCESS |  
2019-09-12 10:31:59,463 | INFO  | SCMAudit | user=jenkins1000 | ip=192.168.36.114 | op=SEND_HEARTBEAT {datanodeUUID=eaeff1e2-de9c-4510-872d-283eb6c3c330, command=[]} | ret=SUCCESS |  
2019-09-12 10:31:59,139 [334c5273-7871-4d53-8b37-de05e5a3be10-SegmentedRaftLogWorker:Storage Directory /workdir/hadoop-ozone/integration-test/target/test-dir/MiniOzoneClusterImpl-d867a4e1-154a-4113-b5e4-c09c14df2894/datanode-3/data/ratis/cc01a166-0d67-4160-9867-ede8c272de80] INFO  util.JmxRegister (JmxRegister.java:unregister(73)) - Successfully un-registered JMX Bean with object name Ratis:service=RaftServer,group=group-EDE8C272DE80,id=334c5273-7871-4d53-8b37-de05e5a3be10
2019-09-12 10:31:59,139 [ad8ae342-df06-4311-9d84-524877c98111-SegmentedRaftLogWorker:Storage Directory /workdir/hadoop-ozone/integration-test/target/test-dir/MiniOzoneClusterImpl-d867a4e1-154a-4113-b5e4-c09c14df2894/datanode-4/data/ratis/02ae5258-b748-412e-b078-9c41041e3cf9] INFO  impl.RaftServerImpl (ServerState.java:close(394)) - ad8ae342-df06-4311-9d84-524877c98111:group-9C41041E3CF9 closes. The last applied log index is -1
2019-09-12 10:31:59,464 | INFO  | SCMAudit | user=jenkins1000 | ip=192.168.36.114 | op=SEND_HEARTBEAT {datanodeUUID=bcda0514-d42e-47ca-96fd-c0a633e872a8, command=[]} | ret=SUCCESS |  
2019-09-12 10:31:59,464 | INFO  | SCMAudit | user=jenkins1000 | ip=192.168.36.114 | op=SEND_HEARTBEAT {datanodeUUID=caccd92c-2544-4e02-86cf-95849f240c1b, command=[]} | ret=SUCCESS |  
2019-09-12 10:31:59,464 | INFO  | SCMAudit | user=jenkins1000 | ip=192.168.36.114 | op=SEND_HEARTBEAT {datanodeUUID=1349d5ba-07d4-450a-9218-4f0361201438, command=[]} | ret=SUCCESS |  
2019-09-12 10:31:59,464 | INFO  | SCMAudit | user=jenkins1000 | ip=192.168.36.114 | op=SEND_HEARTBEAT {datanodeUUID=f17b4253-95a0-4ee6-8ded-88f070f15b33, command=[]} | ret=SUCCESS |  
2019-09-12 10:31:59,139 [ad8ae342-df06-4311-9d84-524877c98111-SegmentedRaftLogWorker:Storage Directory /workdir/hadoop-ozone/integration-test/target/test-dir/MiniOzoneClusterImpl-d867a4e1-154a-4113-b5e4-c09c14df2894/datanode-4/data/ratis/bf6f29a3-5b27-4fbe-a1f2-3b1a47d1dcd4] INFO  impl.PendingRequests (PendingRequests.java:sendNotLeaderResponses(202)) - ad8ae342-df06-4311-9d84-524877c98111-PendingRequests: sendNotLeaderResponses
2019-09-12 10:31:59,464 | INFO  | SCMAudit | user=jenkins1000 | ip=192.168.36.114 | op=SEND_HEARTBEAT {datanodeUUID=b6dd7c38-f675-445e-811b-15cf17d56c0a, command=[]} | ret=SUCCESS |  
2019-09-12 10:31:59,464 | INFO  | SCMAudit | user=jenkins1000 | ip=192.168.36.114 | op=SEND_HEARTBEAT {datanodeUUID=d40ec8ee-ac9e-41d6-86bd-e74a05605b85, command=[]} | ret=SUCCESS |  
2019-09-12 10:31:59,464 | INFO  | SCMAudit | user=jenkins1000 | ip=192.168.36.114 | op=SEND_HEARTBEAT {datanodeUUID=5dd0cd62-5770-41dd-9e5a-f3f3eedc40c1, command=[]} | ret=SUCCESS |  
2019-09-12 10:31:59,138 [334c5273-7871-4d53-8b37-de05e5a3be10-SegmentedRaftLogWorker:Storage Directory /workdir/hadoop-ozone/integration-test/target/test-dir/MiniOzoneClusterImpl-d867a4e1-154a-4113-b5e4-c09c14df2894/datanode-3/data/ratis/b95728a9-152b-4593-8231-eceba98c9439] INFO  impl.StateMachineUpdater (StateMachineUpdater.java:stopAndJoin(115)) - StateMachineUpdater:334c5273-7871-4d53-8b37-de05e5a3be10:group-ECEBA98C9439: set stopIndex = -1
2019-09-12 10:31:59,464 [ad8ae342-df06-4311-9d84-524877c98111-SegmentedRaftLogWorker:Storage Directory /workdir/hadoop-ozone/integration-test/target/test-dir/MiniOzoneClusterImpl-d867a4e1-154a-4113-b5e4-c09c14df2894/datanode-4/data/ratis/bf6f29a3-5b27-4fbe-a1f2-3b1a47d1dcd4] INFO  impl.StateMachineUpdater (StateMachineUpdater.java:stopAndJoin(115)) - StateMachineUpdater:ad8ae342-df06-4311-9d84-524877c98111:group-3B1A47D1DCD4: set stopIndex = -1
2019-09-12 10:31:59,138 [d9d65fd8-d100-497d-8460-9a4cf62b4ad5:group-C3AB91A55130:LeaderElection120] INFO  server.RaftServerConfigKeys (ConfUtils.java:logGet(43)) - raft.server.watch.element-limit = 65536 (default)
2019-09-12 10:31:59,138 [334c5273-7871-4d53-8b37-de05e5a3be10-SegmentedRaftLogWorker:Storage Directory /workdir/hadoop-ozone/integration-test/target/test-dir/MiniOzoneClusterImpl-d867a4e1-154a-4113-b5e4-c09c14df2894/datanode-3/data/ratis/4bbf3afe-dde6-440a-8c83-840e66d6cf22] INFO  segmented.SegmentedRaftLogWorker (SegmentedRaftLogWorker.java:close(228)) - 334c5273-7871-4d53-8b37-de05e5a3be10-SegmentedRaftLogWorker:Storage Directory /workdir/hadoop-ozone/integration-test/target/test-dir/MiniOzoneClusterImpl-d867a4e1-154a-4113-b5e4-c09c14df2894/datanode-3/data/ratis/4bbf3afe-dde6-440a-8c83-840e66d6cf22 close()
2019-09-12 10:31:59,138 [d9d65fd8-d100-497d-8460-9a4cf62b4ad5:group-059EBFC5DFEE:LeaderElection121] INFO  impl.RoleInfo (RoleInfo.java:updateAndGet(143)) - d9d65fd8-d100-497d-8460-9a4cf62b4ad5: start LeaderState
2019-09-12 10:31:59,138 [5dd0cd62-5770-41dd-9e5a-f3f3eedc40c1:group-B8A95644C2A9:LeaderElection118] INFO  segmented.SegmentedRaftLogWorker (SegmentedRaftLogWorker.java:startLogSegment(380)) - 5dd0cd62-5770-41dd-9e5a-f3f3eedc40c1-SegmentedRaftLogWorker:Storage Directory /workdir/hadoop-ozone/integration-test/target/test-dir/MiniOzoneClusterImpl-d867a4e1-154a-4113-b5e4-c09c14df2894/datanode-0/data/ratis/aea6a9dd-5543-4f10-9862-b8a95644c2a9: Starting segment from index:0
2019-09-12 10:31:59,138 [caccd92c-2544-4e02-86cf-95849f240c1b-SegmentedRaftLogWorker:Storage Directory /workdir/hadoop-ozone/integration-test/target/test-dir/MiniOzoneClusterImpl-d867a4e1-154a-4113-b5e4-c09c14df2894/datanode-2/data/ratis/9366f17c-7716-4591-b7a4-9e560fc5f4dd] INFO  impl.RaftServerImpl (ServerState.java:close(394)) - caccd92c-2544-4e02-86cf-95849f240c1b:group-9E560FC5F4DD closes. The last applied log index is -1
2019-09-12 10:31:59,727 | INFO  | SCMAudit | user=jenkins1000 | ip=192.168.36.114 | op=SEND_HEARTBEAT {datanodeUUID=ff438662-24cf-49bb-bfc5-3308ec6d286b, command=[]} | ret=SUCCESS |  
2019-09-12 10:31:59,727 | INFO  | SCMAudit | user=jenkins1000 | ip=192.168.36.114 | op=SEND_HEARTBEAT {datanodeUUID=334c5273-7871-4d53-8b37-de05e5a3be10, command=[]} | ret=SUCCESS |  
2019-09-12 10:31:59,727 | INFO  | SCMAudit | user=jenkins1000 | ip=192.168.36.114 | op=SEND_HEARTBEAT {datanodeUUID=c54af6f8-a22e-478f-90e1-029d14059a99, command=[]} | ret=SUCCESS |  
2019-09-12 10:31:59,727 | INFO  | SCMAudit | user=jenkins1000 | ip=192.168.36.114 | op=SEND_HEARTBEAT {datanodeUUID=c9031a36-5f7c-4098-8bea-8a46141708a6, command=[]} | ret=SUCCESS |  
2019-09-12 10:31:59,727 | INFO  | SCMAudit | user=jenkins1000 | ip=192.168.36.114 | op=SEND_HEARTBEAT {datanodeUUID=ad8ae342-df06-4311-9d84-524877c98111, command=[]} | ret=SUCCESS |  
2019-09-12 10:31:59,727 | INFO  | SCMAudit | user=jenkins1000 | ip=192.168.36.114 | op=SEND_HEARTBEAT {datanodeUUID=d9d65fd8-d100-497d-8460-9a4cf62b4ad5, command=[]} | ret=SUCCESS |  
2019-09-12 10:31:59,727 | INFO  | SCMAudit | user=jenkins1000 | ip=192.168.36.114 | op=SEND_HEARTBEAT {datanodeUUID=39df7a3f-9691-48d4-a2b1-6888489a5f8a, command=[]} | ret=SUCCESS |  
2019-09-12 10:31:59,727 | INFO  | SCMAudit | user=jenkins1000 | ip=192.168.36.114 | op=SEND_HEARTBEAT {datanodeUUID=2cb9d557-cb56-4745-8686-5e72b62e748a, command=[]} | ret=SUCCESS |  
2019-09-12 10:31:59,138 [caccd92c-2544-4e02-86cf-95849f240c1b-SegmentedRaftLogWorker:Storage Directory /workdir/hadoop-ozone/integration-test/target/test-dir/MiniOzoneClusterImpl-d867a4e1-154a-4113-b5e4-c09c14df2894/datanode-2/data/ratis/c2e24b2d-daac-4f6e-a7f8-6f7f9f28a891] INFO  segmented.SegmentedRaftLogWorker (SegmentedRaftLogWorker.java:close(228)) - caccd92c-2544-4e02-86cf-95849f240c1b-SegmentedRaftLogWorker:Storage Directory /workdir/hadoop-ozone/integration-test/target/test-dir/MiniOzoneClusterImpl-d867a4e1-154a-4113-b5e4-c09c14df2894/datanode-2/data/ratis/c2e24b2d-daac-4f6e-a7f8-6f7f9f28a891 close()
2019-09-12 10:31:59,727 | INFO  | SCMAudit | user=jenkins1000 | ip=192.168.36.114 | op=SEND_HEARTBEAT {datanodeUUID=9616c881-dbb1-48da-90dd-a872ed779a2e, command=[]} | ret=SUCCESS |  
2019-09-12 10:31:59,727 | INFO  | SCMAudit | user=jenkins1000 | ip=192.168.36.114 | op=SEND_HEARTBEAT {datanodeUUID=2d50b591-d6e4-490f-9fa0-973ad5423bd7, command=[]} | ret=SUCCESS |  
2019-09-12 10:31:59,727 | INFO  | SCMAudit | user=jenkins1000 | ip=192.168.36.114 | op=SEND_HEARTBEAT {datanodeUUID=accf000b-d7b7-4fa5-9682-da82c4451e10, command=[]} | ret=SUCCESS |  
2019-09-12 10:31:59,137 [caccd92c-2544-4e02-86cf-95849f240c1b-SegmentedRaftLogWorker:Storage Directory /workdir/hadoop-ozone/integration-test/target/test-dir/MiniOzoneClusterImpl-d867a4e1-154a-4113-b5e4-c09c14df2894/datanode-2/data/ratis/34fc3d14-a81e-4a5d-aa0f-3144f14ac6f4] INFO  impl.StateMachineUpdater (StateMachineUpdater.java:stopAndJoin(115)) - StateMachineUpdater:caccd92c-2544-4e02-86cf-95849f240c1b:group-3144F14AC6F4: set stopIndex = -1
2019-09-12 10:31:59,137 [d40ec8ee-ac9e-41d6-86bd-e74a05605b85:group-D04995846C31:LeaderElection122] INFO  server.RaftServerConfigKeys (ConfUtils.java:logGet(43)) - raft.server.watch.timeout = 10s (default)
2019-09-12 10:31:59,727 [main] INFO  pipeline.SCMPipelineManager (SCMPipelineManager.java:initializePipelineState(126)) - No pipeline exists in current db
2019-09-12 10:31:59,728 [main] WARN  server.ServerUtils (ServerUtils.java:getScmDbDir(145)) - ozone.scm.db.dirs is not configured. We recommend adding this setting. Falling back to ozone.metadata.dirs instead.
2019-09-12 10:31:59,727 [caccd92c-2544-4e02-86cf-95849f240c1b-SegmentedRaftLogWorker:Storage Directory /workdir/hadoop-ozone/integration-test/target/test-dir/MiniOzoneClusterImpl-d867a4e1-154a-4113-b5e4-c09c14df2894/datanode-2/data/ratis/34fc3d14-a81e-4a5d-aa0f-3144f14ac6f4] INFO  impl.RaftServerImpl (ServerState.java:close(394)) - caccd92c-2544-4e02-86cf-95849f240c1b:group-3144F14AC6F4 closes. The last applied log index is -1
2019-09-12 10:31:59,727 [caccd92c-2544-4e02-86cf-95849f240c1b-SegmentedRaftLogWorker:Storage Directory /workdir/hadoop-ozone/integration-test/target/test-dir/MiniOzoneClusterImpl-d867a4e1-154a-4113-b5e4-c09c14df2894/datanode-2/data/ratis/9366f17c-7716-4591-b7a4-9e560fc5f4dd] INFO  segmented.SegmentedRaftLogWorker (SegmentedRaftLogWorker.java:close(228)) - caccd92c-2544-4e02-86cf-95849f240c1b-SegmentedRaftLogWorker:Storage Directory /workdir/hadoop-ozone/integration-test/target/test-dir/MiniOzoneClusterImpl-d867a4e1-154a-4113-b5e4-c09c14df2894/datanode-2/data/ratis/9366f17c-7716-4591-b7a4-9e560fc5f4dd close()
2019-09-12 10:31:59,727 [5dd0cd62-5770-41dd-9e5a-f3f3eedc40c1:group-B8A95644C2A9:LeaderElection118] INFO  impl.RaftServerImpl (ServerState.java:setRaftConf(361)) - 5dd0cd62-5770-41dd-9e5a-f3f3eedc40c1:group-B8A95644C2A9 set configuration 0: [5dd0cd62-5770-41dd-9e5a-f3f3eedc40c1:192.168.36.114:42730], old=null at 0
2019-09-12 10:31:59,465 [d9d65fd8-d100-497d-8460-9a4cf62b4ad5:group-059EBFC5DFEE:LeaderElection121] INFO  segmented.SegmentedRaftLogWorker (SegmentedRaftLogWorker.java:startLogSegment(380)) - d9d65fd8-d100-497d-8460-9a4cf62b4ad5-SegmentedRaftLogWorker:Storage Directory /workdir/hadoop-ozone/integration-test/target/test-dir/MiniOzoneClusterImpl-d867a4e1-154a-4113-b5e4-c09c14df2894/datanode-6/data/ratis/3a94b7cb-b0ac-4f65-afa8-059ebfc5dfee: Starting segment from index:0
2019-09-12 10:31:59,465 [d9d65fd8-d100-497d-8460-9a4cf62b4ad5:group-C3AB91A55130:LeaderElection120] INFO  impl.RoleInfo (RoleInfo.java:updateAndGet(143)) - d9d65fd8-d100-497d-8460-9a4cf62b4ad5: start LeaderState
2019-09-12 10:31:59,465 [ad8ae342-df06-4311-9d84-524877c98111-SegmentedRaftLogWorker:Storage Directory /workdir/hadoop-ozone/integration-test/target/test-dir/MiniOzoneClusterImpl-d867a4e1-154a-4113-b5e4-c09c14df2894/datanode-4/data/ratis/bf6f29a3-5b27-4fbe-a1f2-3b1a47d1dcd4] INFO  impl.RaftServerImpl (ServerState.java:close(394)) - ad8ae342-df06-4311-9d84-524877c98111:group-3B1A47D1DCD4 closes. The last applied log index is -1
2019-09-12 10:31:59,729 [d9d65fd8-d100-497d-8460-9a4cf62b4ad5:group-C3AB91A55130:LeaderElection120] INFO  segmented.SegmentedRaftLogWorker (SegmentedRaftLogWorker.java:startLogSegment(380)) - d9d65fd8-d100-497d-8460-9a4cf62b4ad5-SegmentedRaftLogWorker:Storage Directory /workdir/hadoop-ozone/integration-test/target/test-dir/MiniOzoneClusterImpl-d867a4e1-154a-4113-b5e4-c09c14df2894/datanode-6/data/ratis/391b3a8f-79b0-48e2-9fec-c3ab91a55130: Starting segment from index:0
2019-09-12 10:31:59,464 [334c5273-7871-4d53-8b37-de05e5a3be10-SegmentedRaftLogWorker:Storage Directory /workdir/hadoop-ozone/integration-test/target/test-dir/MiniOzoneClusterImpl-d867a4e1-154a-4113-b5e4-c09c14df2894/datanode-3/data/ratis/b95728a9-152b-4593-8231-eceba98c9439] INFO  impl.RaftServerImpl (ServerState.java:close(394)) - 334c5273-7871-4d53-8b37-de05e5a3be10:group-ECEBA98C9439 closes. The last applied log index is -1
2019-09-12 10:31:59,464 [ad8ae342-df06-4311-9d84-524877c98111-SegmentedRaftLogWorker:Storage Directory /workdir/hadoop-ozone/integration-test/target/test-dir/MiniOzoneClusterImpl-d867a4e1-154a-4113-b5e4-c09c14df2894/datanode-4/data/ratis/02ae5258-b748-412e-b078-9c41041e3cf9] INFO  segmented.SegmentedRaftLogWorker (SegmentedRaftLogWorker.java:close(228)) - ad8ae342-df06-4311-9d84-524877c98111-SegmentedRaftLogWorker:Storage Directory /workdir/hadoop-ozone/integration-test/target/test-dir/MiniOzoneClusterImpl-d867a4e1-154a-4113-b5e4-c09c14df2894/datanode-4/data/ratis/02ae5258-b748-412e-b078-9c41041e3cf9 close()
2019-09-12 10:31:59,464 [334c5273-7871-4d53-8b37-de05e5a3be10-SegmentedRaftLogWorker:Storage Directory /workdir/hadoop-ozone/integration-test/target/test-dir/MiniOzoneClusterImpl-d867a4e1-154a-4113-b5e4-c09c14df2894/datanode-3/data/ratis/cc01a166-0d67-4160-9867-ede8c272de80] INFO  impl.RoleInfo (RoleInfo.java:shutdownLeaderState(104)) - 334c5273-7871-4d53-8b37-de05e5a3be10: shutdown LeaderState
2019-09-12 10:31:59,464 [ad8ae342-df06-4311-9d84-524877c98111:group-AA6291B3F0BA:LeaderElection104] INFO  impl.RaftServerImpl (ServerState.java:setRaftConf(361)) - ad8ae342-df06-4311-9d84-524877c98111:group-AA6291B3F0BA set configuration 0: [ad8ae342-df06-4311-9d84-524877c98111:192.168.36.114:39527], old=null at 0
2019-09-12 10:31:59,460 [1349d5ba-07d4-450a-9218-4f0361201438-SegmentedRaftLogWorker:Storage Directory /workdir/hadoop-ozone/integration-test/target/test-dir/MiniOzoneClusterImpl-d867a4e1-154a-4113-b5e4-c09c14df2894/datanode-5/data/ratis/3514b1d4-d3e0-4a2b-b1f4-82e1fadbf901] ERROR segmented.SegmentedRaftLogWorker (SegmentedRaftLogWorker.java:run(323)) - 1349d5ba-07d4-450a-9218-4f0361201438-SegmentedRaftLogWorker:Storage Directory /workdir/hadoop-ozone/integration-test/target/test-dir/MiniOzoneClusterImpl-d867a4e1-154a-4113-b5e4-c09c14df2894/datanode-5/data/ratis/3514b1d4-d3e0-4a2b-b1f4-82e1fadbf901 hit exception
java.lang.OutOfMemoryError: Direct buffer memory
	at java.nio.Bits.reserveMemory(Bits.java:666)
	at java.nio.DirectByteBuffer.<init>(DirectByteBuffer.java:123)
	at java.nio.ByteBuffer.allocateDirect(ByteBuffer.java:311)
	at org.apache.ratis.server.raftlog.segmented.BufferedWriteChannel.<init>(BufferedWriteChannel.java:41)
	at org.apache.ratis.server.raftlog.segmented.SegmentedRaftLogOutputStream.<init>(SegmentedRaftLogOutputStream.java:72)
	at org.apache.ratis.server.raftlog.segmented.SegmentedRaftLogWorker$StartLogSegment.execute(SegmentedRaftLogWorker.java:566)
	at org.apache.ratis.server.raftlog.segmented.SegmentedRaftLogWorker.run(SegmentedRaftLogWorker.java:289)
	at java.lang.Thread.run(Thread.java:748)
2019-09-12 10:31:59,460 [ad8ae342-df06-4311-9d84-524877c98111-SegmentedRaftLogWorker:Storage Directory /workdir/hadoop-ozone/integration-test/target/test-dir/MiniOzoneClusterImpl-d867a4e1-154a-4113-b5e4-c09c14df2894/datanode-4/data/ratis/75ea52a6-c214-4323-bebf-069d5722a351] ERROR segmented.SegmentedRaftLogWorker (SegmentedRaftLogWorker.java:run(323)) - ad8ae342-df06-4311-9d84-524877c98111-SegmentedRaftLogWorker:Storage Directory /workdir/hadoop-ozone/integration-test/target/test-dir/MiniOzoneClusterImpl-d867a4e1-154a-4113-b5e4-c09c14df2894/datanode-4/data/ratis/75ea52a6-c214-4323-bebf-069d5722a351 hit exception
java.lang.OutOfMemoryError: Direct buffer memory
	at java.nio.Bits.reserveMemory(Bits.java:666)
	at java.nio.DirectByteBuffer.<init>(DirectByteBuffer.java:123)
	at java.nio.ByteBuffer.allocateDirect(ByteBuffer.java:311)
	at org.apache.ratis.server.raftlog.segmented.BufferedWriteChannel.<init>(BufferedWriteChannel.java:41)
	at org.apache.ratis.server.raftlog.segmented.SegmentedRaftLogOutputStream.<init>(SegmentedRaftLogOutputStream.java:72)
	at org.apache.ratis.server.raftlog.segmented.SegmentedRaftLogWorker$StartLogSegment.execute(SegmentedRaftLogWorker.java:566)
	at org.apache.ratis.server.raftlog.segmented.SegmentedRaftLogWorker.run(SegmentedRaftLogWorker.java:289)
	at java.lang.Thread.run(Thread.java:748)
2019-09-12 10:31:59,140 [5dd0cd62-5770-41dd-9e5a-f3f3eedc40c1:group-B898DF89A595:LeaderElection119] INFO  server.RaftServerConfigKeys (ConfUtils.java:logGet(43)) - raft.server.watch.element-limit = 65536 (default)
2019-09-12 10:32:00,301 [ad8ae342-df06-4311-9d84-524877c98111-SegmentedRaftLogWorker:Storage Directory /workdir/hadoop-ozone/integration-test/target/test-dir/MiniOzoneClusterImpl-d867a4e1-154a-4113-b5e4-c09c14df2894/datanode-4/data/ratis/75ea52a6-c214-4323-bebf-069d5722a351] INFO  impl.RaftServerImpl (RaftServerImpl.java:lambda$shutdown$3(245)) - ad8ae342-df06-4311-9d84-524877c98111: shutdown group-069D5722A351
2019-09-12 10:32:00,301 [1349d5ba-07d4-450a-9218-4f0361201438-SegmentedRaftLogWorker:Storage Directory /workdir/hadoop-ozone/integration-test/target/test-dir/MiniOzoneClusterImpl-d867a4e1-154a-4113-b5e4-c09c14df2894/datanode-5/data/ratis/3514b1d4-d3e0-4a2b-b1f4-82e1fadbf901] INFO  impl.RaftServerImpl (RaftServerImpl.java:lambda$shutdown$3(245)) - 1349d5ba-07d4-450a-9218-4f0361201438: shutdown group-82E1FADBF901
2019-09-12 10:32:00,300 [334c5273-7871-4d53-8b37-de05e5a3be10-SegmentedRaftLogWorker:Storage Directory /workdir/hadoop-ozone/integration-test/target/test-dir/MiniOzoneClusterImpl-d867a4e1-154a-4113-b5e4-c09c14df2894/datanode-3/data/ratis/cc01a166-0d67-4160-9867-ede8c272de80] INFO  impl.PendingRequests (PendingRequests.java:sendNotLeaderResponses(202)) - 334c5273-7871-4d53-8b37-de05e5a3be10-PendingRequests: sendNotLeaderResponses
2019-09-12 10:32:00,009 [d9d65fd8-d100-497d-8460-9a4cf62b4ad5:group-C3AB91A55130:LeaderElection120] INFO  impl.RaftServerImpl (ServerState.java:setRaftConf(361)) - d9d65fd8-d100-497d-8460-9a4cf62b4ad5:group-C3AB91A55130 set configuration 0: [d9d65fd8-d100-497d-8460-9a4cf62b4ad5:192.168.36.114:33192], old=null at 0
2019-09-12 10:32:00,009 [334c5273-7871-4d53-8b37-de05e5a3be10-SegmentedRaftLogWorker:Storage Directory /workdir/hadoop-ozone/integration-test/target/test-dir/MiniOzoneClusterImpl-d867a4e1-154a-4113-b5e4-c09c14df2894/datanode-3/data/ratis/b95728a9-152b-4593-8231-eceba98c9439] INFO  segmented.SegmentedRaftLogWorker (SegmentedRaftLogWorker.java:close(228)) - 334c5273-7871-4d53-8b37-de05e5a3be10-SegmentedRaftLogWorker:Storage Directory /workdir/hadoop-ozone/integration-test/target/test-dir/MiniOzoneClusterImpl-d867a4e1-154a-4113-b5e4-c09c14df2894/datanode-3/data/ratis/b95728a9-152b-4593-8231-eceba98c9439 close()
2019-09-12 10:32:00,009 [ad8ae342-df06-4311-9d84-524877c98111-SegmentedRaftLogWorker:Storage Directory /workdir/hadoop-ozone/integration-test/target/test-dir/MiniOzoneClusterImpl-d867a4e1-154a-4113-b5e4-c09c14df2894/datanode-4/data/ratis/bf6f29a3-5b27-4fbe-a1f2-3b1a47d1dcd4] INFO  segmented.SegmentedRaftLogWorker (SegmentedRaftLogWorker.java:close(228)) - ad8ae342-df06-4311-9d84-524877c98111-SegmentedRaftLogWorker:Storage Directory /workdir/hadoop-ozone/integration-test/target/test-dir/MiniOzoneClusterImpl-d867a4e1-154a-4113-b5e4-c09c14df2894/datanode-4/data/ratis/bf6f29a3-5b27-4fbe-a1f2-3b1a47d1dcd4 close()
2019-09-12 10:32:00,008 [1349d5ba-07d4-450a-9218-4f0361201438-SegmentedRaftLogWorker:Storage Directory /workdir/hadoop-ozone/integration-test/target/test-dir/MiniOzoneClusterImpl-d867a4e1-154a-4113-b5e4-c09c14df2894/datanode-5/data/ratis/61385253-dac6-4c94-8754-a98239b1a7fc] ERROR segmented.SegmentedRaftLogWorker (SegmentedRaftLogWorker.java:run(323)) - 1349d5ba-07d4-450a-9218-4f0361201438-SegmentedRaftLogWorker:Storage Directory /workdir/hadoop-ozone/integration-test/target/test-dir/MiniOzoneClusterImpl-d867a4e1-154a-4113-b5e4-c09c14df2894/datanode-5/data/ratis/61385253-dac6-4c94-8754-a98239b1a7fc hit exception
java.lang.OutOfMemoryError: Direct buffer memory
	at java.nio.Bits.reserveMemory(Bits.java:666)
	at java.nio.DirectByteBuffer.<init>(DirectByteBuffer.java:123)
	at java.nio.ByteBuffer.allocateDirect(ByteBuffer.java:311)
	at org.apache.ratis.server.raftlog.segmented.BufferedWriteChannel.<init>(BufferedWriteChannel.java:41)
	at org.apache.ratis.server.raftlog.segmented.SegmentedRaftLogOutputStream.<init>(SegmentedRaftLogOutputStream.java:72)
	at org.apache.ratis.server.raftlog.segmented.SegmentedRaftLogWorker$StartLogSegment.execute(SegmentedRaftLogWorker.java:566)
	at org.apache.ratis.server.raftlog.segmented.SegmentedRaftLogWorker.run(SegmentedRaftLogWorker.java:289)
	at java.lang.Thread.run(Thread.java:748)
2019-09-12 10:32:00,008 [1349d5ba-07d4-450a-9218-4f0361201438-SegmentedRaftLogWorker:Storage Directory /workdir/hadoop-ozone/integration-test/target/test-dir/MiniOzoneClusterImpl-d867a4e1-154a-4113-b5e4-c09c14df2894/datanode-5/data/ratis/8ca2ff7b-cf03-4780-81e9-d1a011a1e2ac] ERROR segmented.SegmentedRaftLogWorker (SegmentedRaftLogWorker.java:run(323)) - 1349d5ba-07d4-450a-9218-4f0361201438-SegmentedRaftLogWorker:Storage Directory /workdir/hadoop-ozone/integration-test/target/test-dir/MiniOzoneClusterImpl-d867a4e1-154a-4113-b5e4-c09c14df2894/datanode-5/data/ratis/8ca2ff7b-cf03-4780-81e9-d1a011a1e2ac hit exception
java.lang.OutOfMemoryError: Direct buffer memory
	at java.nio.Bits.reserveMemory(Bits.java:666)
	at java.nio.DirectByteBuffer.<init>(DirectByteBuffer.java:123)
	at java.nio.ByteBuffer.allocateDirect(ByteBuffer.java:311)
	at org.apache.ratis.server.raftlog.segmented.BufferedWriteChannel.<init>(BufferedWriteChannel.java:41)
	at org.apache.ratis.server.raftlog.segmented.SegmentedRaftLogOutputStream.<init>(SegmentedRaftLogOutputStream.java:72)
	at org.apache.ratis.server.raftlog.segmented.SegmentedRaftLogWorker$StartLogSegment.execute(SegmentedRaftLogWorker.java:566)
	at org.apache.ratis.server.raftlog.segmented.SegmentedRaftLogWorker.run(SegmentedRaftLogWorker.java:289)
	at java.lang.Thread.run(Thread.java:748)
2019-09-12 10:32:00,303 [1349d5ba-07d4-450a-9218-4f0361201438-SegmentedRaftLogWorker:Storage Directory /workdir/hadoop-ozone/integration-test/target/test-dir/MiniOzoneClusterImpl-d867a4e1-154a-4113-b5e4-c09c14df2894/datanode-5/data/ratis/8ca2ff7b-cf03-4780-81e9-d1a011a1e2ac] INFO  impl.RaftServerImpl (RaftServerImpl.java:lambda$shutdown$3(245)) - 1349d5ba-07d4-450a-9218-4f0361201438: shutdown group-D1A011A1E2AC
2019-09-12 10:31:59,729 [d9d65fd8-d100-497d-8460-9a4cf62b4ad5:group-059EBFC5DFEE:LeaderElection121] INFO  impl.RaftServerImpl (ServerState.java:setRaftConf(361)) - d9d65fd8-d100-497d-8460-9a4cf62b4ad5:group-059EBFC5DFEE set configuration 0: [d9d65fd8-d100-497d-8460-9a4cf62b4ad5:192.168.36.114:33192], old=null at 0
2019-09-12 10:31:59,728 [caccd92c-2544-4e02-86cf-95849f240c1b-SegmentedRaftLogWorker:Storage Directory /workdir/hadoop-ozone/integration-test/target/test-dir/MiniOzoneClusterImpl-d867a4e1-154a-4113-b5e4-c09c14df2894/datanode-2/data/ratis/34fc3d14-a81e-4a5d-aa0f-3144f14ac6f4] INFO  segmented.SegmentedRaftLogWorker (SegmentedRaftLogWorker.java:close(228)) - caccd92c-2544-4e02-86cf-95849f240c1b-SegmentedRaftLogWorker:Storage Directory /workdir/hadoop-ozone/integration-test/target/test-dir/MiniOzoneClusterImpl-d867a4e1-154a-4113-b5e4-c09c14df2894/datanode-2/data/ratis/34fc3d14-a81e-4a5d-aa0f-3144f14ac6f4 close()
2019-09-12 10:31:59,727 [d40ec8ee-ac9e-41d6-86bd-e74a05605b85:group-D04995846C31:LeaderElection122] INFO  server.RaftServerConfigKeys (ConfUtils.java:logGet(43)) - raft.server.watch.timeout.denomination = 1s (default)
2019-09-12 10:32:00,303 [1349d5ba-07d4-450a-9218-4f0361201438-SegmentedRaftLogWorker:Storage Directory /workdir/hadoop-ozone/integration-test/target/test-dir/MiniOzoneClusterImpl-d867a4e1-154a-4113-b5e4-c09c14df2894/datanode-5/data/ratis/8ca2ff7b-cf03-4780-81e9-d1a011a1e2ac] INFO  util.JmxRegister (JmxRegister.java:unregister(73)) - Successfully un-registered JMX Bean with object name Ratis:service=RaftServer,group=group-D1A011A1E2AC,id=1349d5ba-07d4-450a-9218-4f0361201438
2019-09-12 10:32:00,304 [1349d5ba-07d4-450a-9218-4f0361201438-SegmentedRaftLogWorker:Storage Directory /workdir/hadoop-ozone/integration-test/target/test-dir/MiniOzoneClusterImpl-d867a4e1-154a-4113-b5e4-c09c14df2894/datanode-5/data/ratis/8ca2ff7b-cf03-4780-81e9-d1a011a1e2ac] INFO  impl.RoleInfo (RoleInfo.java:shutdownLeaderState(104)) - 1349d5ba-07d4-450a-9218-4f0361201438: shutdown LeaderState
2019-09-12 10:32:00,303 [main] WARN  events.EventQueue (EventQueue.java:fireEvent(175)) - No event handler registered for event TypedEvent{payloadType=SafeModeStatus, name='SafeModeStatus'}
2019-09-12 10:32:00,303 [1349d5ba-07d4-450a-9218-4f0361201438-SegmentedRaftLogWorker:Storage Directory /workdir/hadoop-ozone/integration-test/target/test-dir/MiniOzoneClusterImpl-d867a4e1-154a-4113-b5e4-c09c14df2894/datanode-5/data/ratis/61385253-dac6-4c94-8754-a98239b1a7fc] INFO  impl.RaftServerImpl (RaftServerImpl.java:lambda$shutdown$3(245)) - 1349d5ba-07d4-450a-9218-4f0361201438: shutdown group-A98239B1A7FC
2019-09-12 10:32:00,302 [334c5273-7871-4d53-8b37-de05e5a3be10-SegmentedRaftLogWorker:Storage Directory /workdir/hadoop-ozone/integration-test/target/test-dir/MiniOzoneClusterImpl-d867a4e1-154a-4113-b5e4-c09c14df2894/datanode-3/data/ratis/cc01a166-0d67-4160-9867-ede8c272de80] INFO  impl.StateMachineUpdater (StateMachineUpdater.java:stopAndJoin(115)) - StateMachineUpdater:334c5273-7871-4d53-8b37-de05e5a3be10:group-EDE8C272DE80: set stopIndex = -1
2019-09-12 10:32:00,305 [334c5273-7871-4d53-8b37-de05e5a3be10-SegmentedRaftLogWorker:Storage Directory /workdir/hadoop-ozone/integration-test/target/test-dir/MiniOzoneClusterImpl-d867a4e1-154a-4113-b5e4-c09c14df2894/datanode-3/data/ratis/cc01a166-0d67-4160-9867-ede8c272de80] INFO  impl.RaftServerImpl (ServerState.java:close(394)) - 334c5273-7871-4d53-8b37-de05e5a3be10:group-EDE8C272DE80 closes. The last applied log index is -1
2019-09-12 10:32:00,301 [1349d5ba-07d4-450a-9218-4f0361201438-SegmentedRaftLogWorker:Storage Directory /workdir/hadoop-ozone/integration-test/target/test-dir/MiniOzoneClusterImpl-d867a4e1-154a-4113-b5e4-c09c14df2894/datanode-5/data/ratis/3514b1d4-d3e0-4a2b-b1f4-82e1fadbf901] INFO  util.JmxRegister (JmxRegister.java:unregister(73)) - Successfully un-registered JMX Bean with object name Ratis:service=RaftServer,group=group-82E1FADBF901,id=1349d5ba-07d4-450a-9218-4f0361201438
2019-09-12 10:32:00,305 [334c5273-7871-4d53-8b37-de05e5a3be10-SegmentedRaftLogWorker:Storage Directory /workdir/hadoop-ozone/integration-test/target/test-dir/MiniOzoneClusterImpl-d867a4e1-154a-4113-b5e4-c09c14df2894/datanode-3/data/ratis/cc01a166-0d67-4160-9867-ede8c272de80] INFO  segmented.SegmentedRaftLogWorker (SegmentedRaftLogWorker.java:close(228)) - 334c5273-7871-4d53-8b37-de05e5a3be10-SegmentedRaftLogWorker:Storage Directory /workdir/hadoop-ozone/integration-test/target/test-dir/MiniOzoneClusterImpl-d867a4e1-154a-4113-b5e4-c09c14df2894/datanode-3/data/ratis/cc01a166-0d67-4160-9867-ede8c272de80 close()
2019-09-12 10:32:00,301 [ad8ae342-df06-4311-9d84-524877c98111-SegmentedRaftLogWorker:Storage Directory /workdir/hadoop-ozone/integration-test/target/test-dir/MiniOzoneClusterImpl-d867a4e1-154a-4113-b5e4-c09c14df2894/datanode-4/data/ratis/75ea52a6-c214-4323-bebf-069d5722a351] INFO  util.JmxRegister (JmxRegister.java:unregister(73)) - Successfully un-registered JMX Bean with object name Ratis:service=RaftServer,group=group-069D5722A351,id=ad8ae342-df06-4311-9d84-524877c98111
2019-09-12 10:32:00,305 [ad8ae342-df06-4311-9d84-524877c98111-SegmentedRaftLogWorker:Storage Directory /workdir/hadoop-ozone/integration-test/target/test-dir/MiniOzoneClusterImpl-d867a4e1-154a-4113-b5e4-c09c14df2894/datanode-4/data/ratis/75ea52a6-c214-4323-bebf-069d5722a351] INFO  impl.RoleInfo (RoleInfo.java:shutdownLeaderState(104)) - ad8ae342-df06-4311-9d84-524877c98111: shutdown LeaderState
2019-09-12 10:32:00,301 [5dd0cd62-5770-41dd-9e5a-f3f3eedc40c1:group-B898DF89A595:LeaderElection119] INFO  impl.RoleInfo (RoleInfo.java:updateAndGet(143)) - 5dd0cd62-5770-41dd-9e5a-f3f3eedc40c1: start LeaderState
2019-09-12 10:32:00,305 [ad8ae342-df06-4311-9d84-524877c98111-SegmentedRaftLogWorker:Storage Directory /workdir/hadoop-ozone/integration-test/target/test-dir/MiniOzoneClusterImpl-d867a4e1-154a-4113-b5e4-c09c14df2894/datanode-4/data/ratis/75ea52a6-c214-4323-bebf-069d5722a351] INFO  impl.PendingRequests (PendingRequests.java:sendNotLeaderResponses(202)) - ad8ae342-df06-4311-9d84-524877c98111-PendingRequests: sendNotLeaderResponses
2019-09-12 10:32:00,305 [1349d5ba-07d4-450a-9218-4f0361201438-SegmentedRaftLogWorker:Storage Directory /workdir/hadoop-ozone/integration-test/target/test-dir/MiniOzoneClusterImpl-d867a4e1-154a-4113-b5e4-c09c14df2894/datanode-5/data/ratis/3514b1d4-d3e0-4a2b-b1f4-82e1fadbf901] INFO  impl.RoleInfo (RoleInfo.java:shutdownLeaderState(104)) - 1349d5ba-07d4-450a-9218-4f0361201438: shutdown LeaderState
2019-09-12 10:32:00,305 [ad8ae342-df06-4311-9d84-524877c98111-SegmentedRaftLogWorker:Storage Directory /workdir/hadoop-ozone/integration-test/target/test-dir/MiniOzoneClusterImpl-d867a4e1-154a-4113-b5e4-c09c14df2894/datanode-4/data/ratis/75ea52a6-c214-4323-bebf-069d5722a351] INFO  impl.StateMachineUpdater (StateMachineUpdater.java:stopAndJoin(115)) - StateMachineUpdater:ad8ae342-df06-4311-9d84-524877c98111:group-069D5722A351: set stopIndex = -1
2019-09-12 10:32:00,304 [1349d5ba-07d4-450a-9218-4f0361201438-SegmentedRaftLogWorker:Storage Directory /workdir/hadoop-ozone/integration-test/target/test-dir/MiniOzoneClusterImpl-d867a4e1-154a-4113-b5e4-c09c14df2894/datanode-5/data/ratis/61385253-dac6-4c94-8754-a98239b1a7fc] INFO  util.JmxRegister (JmxRegister.java:unregister(73)) - Successfully un-registered JMX Bean with object name Ratis:service=RaftServer,group=group-A98239B1A7FC,id=1349d5ba-07d4-450a-9218-4f0361201438
2019-09-12 10:32:00,306 [1349d5ba-07d4-450a-9218-4f0361201438-SegmentedRaftLogWorker:Storage Directory /workdir/hadoop-ozone/integration-test/target/test-dir/MiniOzoneClusterImpl-d867a4e1-154a-4113-b5e4-c09c14df2894/datanode-5/data/ratis/61385253-dac6-4c94-8754-a98239b1a7fc] INFO  impl.RoleInfo (RoleInfo.java:shutdownLeaderState(104)) - 1349d5ba-07d4-450a-9218-4f0361201438: shutdown LeaderState
2019-09-12 10:32:00,304 [1349d5ba-07d4-450a-9218-4f0361201438-SegmentedRaftLogWorker:Storage Directory /workdir/hadoop-ozone/integration-test/target/test-dir/MiniOzoneClusterImpl-d867a4e1-154a-4113-b5e4-c09c14df2894/datanode-5/data/ratis/8ca2ff7b-cf03-4780-81e9-d1a011a1e2ac] INFO  impl.PendingRequests (PendingRequests.java:sendNotLeaderResponses(202)) - 1349d5ba-07d4-450a-9218-4f0361201438-PendingRequests: sendNotLeaderResponses
2019-09-12 10:32:00,304 [d40ec8ee-ac9e-41d6-86bd-e74a05605b85:group-D04995846C31:LeaderElection122] INFO  server.RaftServerConfigKeys (ConfUtils.java:logGet(43)) - raft.server.watch.element-limit = 65536 (default)
2019-09-12 10:32:00,306 [1349d5ba-07d4-450a-9218-4f0361201438-SegmentedRaftLogWorker:Storage Directory /workdir/hadoop-ozone/integration-test/target/test-dir/MiniOzoneClusterImpl-d867a4e1-154a-4113-b5e4-c09c14df2894/datanode-5/data/ratis/8ca2ff7b-cf03-4780-81e9-d1a011a1e2ac] INFO  impl.StateMachineUpdater (StateMachineUpdater.java:stopAndJoin(115)) - StateMachineUpdater:1349d5ba-07d4-450a-9218-4f0361201438:group-D1A011A1E2AC: set stopIndex = -1
2019-09-12 10:32:00,306 [1349d5ba-07d4-450a-9218-4f0361201438-SegmentedRaftLogWorker:Storage Directory /workdir/hadoop-ozone/integration-test/target/test-dir/MiniOzoneClusterImpl-d867a4e1-154a-4113-b5e4-c09c14df2894/datanode-5/data/ratis/61385253-dac6-4c94-8754-a98239b1a7fc] INFO  impl.PendingRequests (PendingRequests.java:sendNotLeaderResponses(202)) - 1349d5ba-07d4-450a-9218-4f0361201438-PendingRequests: sendNotLeaderResponses
2019-09-12 10:32:00,306 [ad8ae342-df06-4311-9d84-524877c98111-SegmentedRaftLogWorker:Storage Directory /workdir/hadoop-ozone/integration-test/target/test-dir/MiniOzoneClusterImpl-d867a4e1-154a-4113-b5e4-c09c14df2894/datanode-4/data/ratis/75ea52a6-c214-4323-bebf-069d5722a351] INFO  impl.RaftServerImpl (ServerState.java:close(394)) - ad8ae342-df06-4311-9d84-524877c98111:group-069D5722A351 closes. The last applied log index is -1
2019-09-12 10:32:00,306 [main] INFO  ipc.CallQueueManager (CallQueueManager.java:<init>(84)) - Using callQueue: class java.util.concurrent.LinkedBlockingQueue, queueCapacity: 2000, scheduler: class org.apache.hadoop.ipc.DefaultRpcScheduler, ipcBackoff: false.
2019-09-12 10:32:00,305 [1349d5ba-07d4-450a-9218-4f0361201438-SegmentedRaftLogWorker:Storage Directory /workdir/hadoop-ozone/integration-test/target/test-dir/MiniOzoneClusterImpl-d867a4e1-154a-4113-b5e4-c09c14df2894/datanode-5/data/ratis/3514b1d4-d3e0-4a2b-b1f4-82e1fadbf901] INFO  impl.PendingRequests (PendingRequests.java:sendNotLeaderResponses(202)) - 1349d5ba-07d4-450a-9218-4f0361201438-PendingRequests: sendNotLeaderResponses
2019-09-12 10:32:00,305 [5dd0cd62-5770-41dd-9e5a-f3f3eedc40c1:group-B898DF89A595:LeaderElection119] INFO  segmented.SegmentedRaftLogWorker (SegmentedRaftLogWorker.java:startLogSegment(380)) - 5dd0cd62-5770-41dd-9e5a-f3f3eedc40c1-SegmentedRaftLogWorker:Storage Directory /workdir/hadoop-ozone/integration-test/target/test-dir/MiniOzoneClusterImpl-d867a4e1-154a-4113-b5e4-c09c14df2894/datanode-0/data/ratis/e8c60f45-ca14-4ea0-ac74-b898df89a595: Starting segment from index:0
2019-09-12 10:32:00,307 [1349d5ba-07d4-450a-9218-4f0361201438-SegmentedRaftLogWorker:Storage Directory /workdir/hadoop-ozone/integration-test/target/test-dir/MiniOzoneClusterImpl-d867a4e1-154a-4113-b5e4-c09c14df2894/datanode-5/data/ratis/3514b1d4-d3e0-4a2b-b1f4-82e1fadbf901] INFO  impl.StateMachineUpdater (StateMachineUpdater.java:stopAndJoin(115)) - StateMachineUpdater:1349d5ba-07d4-450a-9218-4f0361201438:group-82E1FADBF901: set stopIndex = -1
2019-09-12 10:32:00,307 [ad8ae342-df06-4311-9d84-524877c98111-SegmentedRaftLogWorker:Storage Directory /workdir/hadoop-ozone/integration-test/target/test-dir/MiniOzoneClusterImpl-d867a4e1-154a-4113-b5e4-c09c14df2894/datanode-4/data/ratis/75ea52a6-c214-4323-bebf-069d5722a351] INFO  segmented.SegmentedRaftLogWorker (SegmentedRaftLogWorker.java:close(228)) - ad8ae342-df06-4311-9d84-524877c98111-SegmentedRaftLogWorker:Storage Directory /workdir/hadoop-ozone/integration-test/target/test-dir/MiniOzoneClusterImpl-d867a4e1-154a-4113-b5e4-c09c14df2894/datanode-4/data/ratis/75ea52a6-c214-4323-bebf-069d5722a351 close()
2019-09-12 10:32:00,307 [1349d5ba-07d4-450a-9218-4f0361201438-SegmentedRaftLogWorker:Storage Directory /workdir/hadoop-ozone/integration-test/target/test-dir/MiniOzoneClusterImpl-d867a4e1-154a-4113-b5e4-c09c14df2894/datanode-5/data/ratis/61385253-dac6-4c94-8754-a98239b1a7fc] INFO  impl.StateMachineUpdater (StateMachineUpdater.java:stopAndJoin(115)) - StateMachineUpdater:1349d5ba-07d4-450a-9218-4f0361201438:group-A98239B1A7FC: set stopIndex = -1
2019-09-12 10:32:00,308 [1349d5ba-07d4-450a-9218-4f0361201438-SegmentedRaftLogWorker:Storage Directory /workdir/hadoop-ozone/integration-test/target/test-dir/MiniOzoneClusterImpl-d867a4e1-154a-4113-b5e4-c09c14df2894/datanode-5/data/ratis/61385253-dac6-4c94-8754-a98239b1a7fc] INFO  impl.RaftServerImpl (ServerState.java:close(394)) - 1349d5ba-07d4-450a-9218-4f0361201438:group-A98239B1A7FC closes. The last applied log index is -1
2019-09-12 10:32:00,570 | INFO  | SCMAudit | user=jenkins1000 | ip=192.168.36.114 | op=SEND_HEARTBEAT {datanodeUUID=b6dd7c38-f675-445e-811b-15cf17d56c0a, command=[]} | ret=SUCCESS |  
2019-09-12 10:32:00,570 | INFO  | SCMAudit | user=jenkins1000 | ip=192.168.36.114 | op=SEND_HEARTBEAT {datanodeUUID=f17b4253-95a0-4ee6-8ded-88f070f15b33, command=[]} | ret=SUCCESS |  
2019-09-12 10:32:00,570 | INFO  | SCMAudit | user=jenkins1000 | ip=192.168.36.114 | op=SEND_HEARTBEAT {datanodeUUID=bcda0514-d42e-47ca-96fd-c0a633e872a8, command=[]} | ret=SUCCESS |  
2019-09-12 10:32:00,571 | INFO  | SCMAudit | user=jenkins1000 | ip=192.168.36.114 | op=SEND_HEARTBEAT {datanodeUUID=eaeff1e2-de9c-4510-872d-283eb6c3c330, command=[]} | ret=SUCCESS |  
2019-09-12 10:32:00,571 | INFO  | SCMAudit | user=jenkins1000 | ip=192.168.36.114 | op=SEND_HEARTBEAT {datanodeUUID=22ce2f4b-d517-44cf-8041-712d813e08f3, command=[]} | ret=SUCCESS |  
2019-09-12 10:32:00,571 | INFO  | SCMAudit | user=jenkins1000 | ip=192.168.36.114 | op=SEND_HEARTBEAT {datanodeUUID=d40ec8ee-ac9e-41d6-86bd-e74a05605b85, command=[]} | ret=SUCCESS |  
2019-09-12 10:32:00,306 [1349d5ba-07d4-450a-9218-4f0361201438-SegmentedRaftLogWorker:Storage Directory /workdir/hadoop-ozone/integration-test/target/test-dir/MiniOzoneClusterImpl-d867a4e1-154a-4113-b5e4-c09c14df2894/datanode-5/data/ratis/8ca2ff7b-cf03-4780-81e9-d1a011a1e2ac] INFO  impl.RaftServerImpl (ServerState.java:close(394)) - 1349d5ba-07d4-450a-9218-4f0361201438:group-D1A011A1E2AC closes. The last applied log index is -1
2019-09-12 10:32:00,571 | INFO  | SCMAudit | user=jenkins1000 | ip=192.168.36.114 | op=SEND_HEARTBEAT {datanodeUUID=caccd92c-2544-4e02-86cf-95849f240c1b, command=[]} | ret=SUCCESS |  
2019-09-12 10:32:00,571 | INFO  | SCMAudit | user=jenkins1000 | ip=192.168.36.114 | op=SEND_HEARTBEAT {datanodeUUID=1349d5ba-07d4-450a-9218-4f0361201438, command=[]} | ret=SUCCESS |  
2019-09-12 10:32:00,571 | INFO  | SCMAudit | user=jenkins1000 | ip=192.168.36.114 | op=SEND_HEARTBEAT {datanodeUUID=5dd0cd62-5770-41dd-9e5a-f3f3eedc40c1, command=[]} | ret=SUCCESS |  
2019-09-12 10:32:00,306 [d40ec8ee-ac9e-41d6-86bd-e74a05605b85:group-D04995846C31:LeaderElection122] INFO  impl.RoleInfo (RoleInfo.java:updateAndGet(143)) - d40ec8ee-ac9e-41d6-86bd-e74a05605b85: start LeaderState
2019-09-12 10:32:00,571 [1349d5ba-07d4-450a-9218-4f0361201438-SegmentedRaftLogWorker:Storage Directory /workdir/hadoop-ozone/integration-test/target/test-dir/MiniOzoneClusterImpl-d867a4e1-154a-4113-b5e4-c09c14df2894/datanode-5/data/ratis/61385253-dac6-4c94-8754-a98239b1a7fc] INFO  segmented.SegmentedRaftLogWorker (SegmentedRaftLogWorker.java:close(228)) - 1349d5ba-07d4-450a-9218-4f0361201438-SegmentedRaftLogWorker:Storage Directory /workdir/hadoop-ozone/integration-test/target/test-dir/MiniOzoneClusterImpl-d867a4e1-154a-4113-b5e4-c09c14df2894/datanode-5/data/ratis/61385253-dac6-4c94-8754-a98239b1a7fc close()
2019-09-12 10:32:00,572 [d40ec8ee-ac9e-41d6-86bd-e74a05605b85:group-D04995846C31:LeaderElection122] INFO  segmented.SegmentedRaftLogWorker (SegmentedRaftLogWorker.java:startLogSegment(380)) - d40ec8ee-ac9e-41d6-86bd-e74a05605b85-SegmentedRaftLogWorker:Storage Directory /workdir/hadoop-ozone/integration-test/target/test-dir/MiniOzoneClusterImpl-d867a4e1-154a-4113-b5e4-c09c14df2894/datanode-1/data/ratis/7269c829-2d9f-4701-9753-d04995846c31: Starting segment from index:0
2019-09-12 10:32:00,572 | INFO  | SCMAudit | user=jenkins1000 | ip=192.168.36.114 | op=SEND_HEARTBEAT {datanodeUUID=c1e71898-521f-4627-a3f1-9884c4b96ced, command=[]} | ret=SUCCESS |  
2019-09-12 10:32:00,568 [1349d5ba-07d4-450a-9218-4f0361201438-SegmentedRaftLogWorker:Storage Directory /workdir/hadoop-ozone/integration-test/target/test-dir/MiniOzoneClusterImpl-d867a4e1-154a-4113-b5e4-c09c14df2894/datanode-5/data/ratis/056c56c1-3e87-4d17-b4a2-ffc0fc40bb39] ERROR segmented.SegmentedRaftLogWorker (SegmentedRaftLogWorker.java:run(323)) - 1349d5ba-07d4-450a-9218-4f0361201438-SegmentedRaftLogWorker:Storage Directory /workdir/hadoop-ozone/integration-test/target/test-dir/MiniOzoneClusterImpl-d867a4e1-154a-4113-b5e4-c09c14df2894/datanode-5/data/ratis/056c56c1-3e87-4d17-b4a2-ffc0fc40bb39 hit exception
java.lang.OutOfMemoryError: Direct buffer memory
	at java.nio.Bits.reserveMemory(Bits.java:666)
	at java.nio.DirectByteBuffer.<init>(DirectByteBuffer.java:123)
	at java.nio.ByteBuffer.allocateDirect(ByteBuffer.java:311)
	at org.apache.ratis.server.raftlog.segmented.BufferedWriteChannel.<init>(BufferedWriteChannel.java:41)
	at org.apache.ratis.server.raftlog.segmented.SegmentedRaftLogOutputStream.<init>(SegmentedRaftLogOutputStream.java:72)
	at org.apache.ratis.server.raftlog.segmented.SegmentedRaftLogWorker$StartLogSegment.execute(SegmentedRaftLogWorker.java:566)
	at org.apache.ratis.server.raftlog.segmented.SegmentedRaftLogWorker.run(SegmentedRaftLogWorker.java:289)
	at java.lang.Thread.run(Thread.java:748)
2019-09-12 10:32:00,308 [Socket Reader #1 for port 34994] INFO  ipc.Server (Server.java:run(1074)) - Starting Socket Reader #1 for port 34994
2019-09-12 10:32:00,308 [5dd0cd62-5770-41dd-9e5a-f3f3eedc40c1:group-B898DF89A595:LeaderElection119] INFO  impl.RaftServerImpl (ServerState.java:setRaftConf(361)) - 5dd0cd62-5770-41dd-9e5a-f3f3eedc40c1:group-B898DF89A595 set configuration 0: [5dd0cd62-5770-41dd-9e5a-f3f3eedc40c1:192.168.36.114:42730], old=null at 0
2019-09-12 10:32:00,951 | INFO  | SCMAudit | user=jenkins1000 | ip=192.168.36.114 | op=SEND_HEARTBEAT {datanodeUUID=334c5273-7871-4d53-8b37-de05e5a3be10, command=[]} | ret=SUCCESS |  
2019-09-12 10:32:00,951 | INFO  | SCMAudit | user=jenkins1000 | ip=192.168.36.114 | op=SEND_HEARTBEAT {datanodeUUID=ad8ae342-df06-4311-9d84-524877c98111, command=[]} | ret=SUCCESS |  
2019-09-12 10:32:00,951 | INFO  | SCMAudit | user=jenkins1000 | ip=192.168.36.114 | op=SEND_HEARTBEAT {datanodeUUID=2cb9d557-cb56-4745-8686-5e72b62e748a, command=[]} | ret=SUCCESS |  
2019-09-12 10:32:00,951 | INFO  | SCMAudit | user=jenkins1000 | ip=192.168.36.114 | op=SEND_HEARTBEAT {datanodeUUID=c54af6f8-a22e-478f-90e1-029d14059a99, command=[]} | ret=SUCCESS |  
2019-09-12 10:32:00,951 | INFO  | SCMAudit | user=jenkins1000 | ip=192.168.36.114 | op=SEND_HEARTBEAT {datanodeUUID=39df7a3f-9691-48d4-a2b1-6888489a5f8a, command=[]} | ret=SUCCESS |  
2019-09-12 10:32:00,951 | INFO  | SCMAudit | user=jenkins1000 | ip=192.168.36.114 | op=SEND_HEARTBEAT {datanodeUUID=d9d65fd8-d100-497d-8460-9a4cf62b4ad5, command=[]} | ret=SUCCESS |  
2019-09-12 10:32:00,308 [1349d5ba-07d4-450a-9218-4f0361201438-SegmentedRaftLogWorker:Storage Directory /workdir/hadoop-ozone/integration-test/target/test-dir/MiniOzoneClusterImpl-d867a4e1-154a-4113-b5e4-c09c14df2894/datanode-5/data/ratis/3514b1d4-d3e0-4a2b-b1f4-82e1fadbf901] INFO  impl.RaftServerImpl (ServerState.java:close(394)) - 1349d5ba-07d4-450a-9218-4f0361201438:group-82E1FADBF901 closes. The last applied log index is -1
2019-09-12 10:32:00,951 | INFO  | SCMAudit | user=jenkins1000 | ip=192.168.36.114 | op=SEND_HEARTBEAT {datanodeUUID=9616c881-dbb1-48da-90dd-a872ed779a2e, command=[]} | ret=SUCCESS |  
2019-09-12 10:32:00,952 | INFO  | SCMAudit | user=jenkins1000 | ip=192.168.36.114 | op=SEND_HEARTBEAT {datanodeUUID=2d50b591-d6e4-490f-9fa0-973ad5423bd7, command=[]} | ret=SUCCESS |  
2019-09-12 10:32:00,952 | INFO  | SCMAudit | user=jenkins1000 | ip=192.168.36.114 | op=SEND_HEARTBEAT {datanodeUUID=ff438662-24cf-49bb-bfc5-3308ec6d286b, command=[]} | ret=SUCCESS |  
2019-09-12 10:32:00,951 [d40ec8ee-ac9e-41d6-86bd-e74a05605b85:group-D04995846C31:LeaderElection122] INFO  impl.RaftServerImpl (ServerState.java:setRaftConf(361)) - d40ec8ee-ac9e-41d6-86bd-e74a05605b85:group-D04995846C31 set configuration 0: [d40ec8ee-ac9e-41d6-86bd-e74a05605b85:192.168.36.114:33446], old=null at 0
2019-09-12 10:32:00,951 | INFO  | SCMAudit | user=jenkins1000 | ip=192.168.36.114 | op=SEND_HEARTBEAT {datanodeUUID=accf000b-d7b7-4fa5-9682-da82c4451e10, command=[]} | ret=SUCCESS |  
2019-09-12 10:32:00,951 | INFO  | SCMAudit | user=jenkins1000 | ip=192.168.36.114 | op=SEND_HEARTBEAT {datanodeUUID=c9031a36-5f7c-4098-8bea-8a46141708a6, command=[]} | ret=SUCCESS |  
2019-09-12 10:32:00,930 [1349d5ba-07d4-450a-9218-4f0361201438-SegmentedRaftLogWorker:Storage Directory /workdir/hadoop-ozone/integration-test/target/test-dir/MiniOzoneClusterImpl-d867a4e1-154a-4113-b5e4-c09c14df2894/datanode-5/data/ratis/5b322ba4-7cea-41d8-b831-eb143b8d1303] ERROR segmented.SegmentedRaftLogWorker (SegmentedRaftLogWorker.java:run(323)) - 1349d5ba-07d4-450a-9218-4f0361201438-SegmentedRaftLogWorker:Storage Directory /workdir/hadoop-ozone/integration-test/target/test-dir/MiniOzoneClusterImpl-d867a4e1-154a-4113-b5e4-c09c14df2894/datanode-5/data/ratis/5b322ba4-7cea-41d8-b831-eb143b8d1303 hit exception
java.lang.OutOfMemoryError: Direct buffer memory
	at java.nio.Bits.reserveMemory(Bits.java:666)
	at java.nio.DirectByteBuffer.<init>(DirectByteBuffer.java:123)
	at java.nio.ByteBuffer.allocateDirect(ByteBuffer.java:311)
	at org.apache.ratis.server.raftlog.segmented.BufferedWriteChannel.<init>(BufferedWriteChannel.java:41)
	at org.apache.ratis.server.raftlog.segmented.SegmentedRaftLogOutputStream.<init>(SegmentedRaftLogOutputStream.java:72)
	at org.apache.ratis.server.raftlog.segmented.SegmentedRaftLogWorker$StartLogSegment.execute(SegmentedRaftLogWorker.java:566)
	at org.apache.ratis.server.raftlog.segmented.SegmentedRaftLogWorker.run(SegmentedRaftLogWorker.java:289)
	at java.lang.Thread.run(Thread.java:748)
2019-09-12 10:32:00,572 [1349d5ba-07d4-450a-9218-4f0361201438-SegmentedRaftLogWorker:Storage Directory /workdir/hadoop-ozone/integration-test/target/test-dir/MiniOzoneClusterImpl-d867a4e1-154a-4113-b5e4-c09c14df2894/datanode-5/data/ratis/056c56c1-3e87-4d17-b4a2-ffc0fc40bb39] INFO  impl.RaftServerImpl (RaftServerImpl.java:lambda$shutdown$3(245)) - 1349d5ba-07d4-450a-9218-4f0361201438: shutdown group-FFC0FC40BB39
2019-09-12 10:32:00,571 [1349d5ba-07d4-450a-9218-4f0361201438-SegmentedRaftLogWorker:Storage Directory /workdir/hadoop-ozone/integration-test/target/test-dir/MiniOzoneClusterImpl-d867a4e1-154a-4113-b5e4-c09c14df2894/datanode-5/data/ratis/8ca2ff7b-cf03-4780-81e9-d1a011a1e2ac] INFO  segmented.SegmentedRaftLogWorker (SegmentedRaftLogWorker.java:close(228)) - 1349d5ba-07d4-450a-9218-4f0361201438-SegmentedRaftLogWorker:Storage Directory /workdir/hadoop-ozone/integration-test/target/test-dir/MiniOzoneClusterImpl-d867a4e1-154a-4113-b5e4-c09c14df2894/datanode-5/data/ratis/8ca2ff7b-cf03-4780-81e9-d1a011a1e2ac close()
2019-09-12 10:32:00,953 [1349d5ba-07d4-450a-9218-4f0361201438-SegmentedRaftLogWorker:Storage Directory /workdir/hadoop-ozone/integration-test/target/test-dir/MiniOzoneClusterImpl-d867a4e1-154a-4113-b5e4-c09c14df2894/datanode-5/data/ratis/5b322ba4-7cea-41d8-b831-eb143b8d1303] INFO  impl.RaftServerImpl (RaftServerImpl.java:lambda$shutdown$3(245)) - 1349d5ba-07d4-450a-9218-4f0361201438: shutdown group-EB143B8D1303
2019-09-12 10:32:00,952 [1349d5ba-07d4-450a-9218-4f0361201438-SegmentedRaftLogWorker:Storage Directory /workdir/hadoop-ozone/integration-test/target/test-dir/MiniOzoneClusterImpl-d867a4e1-154a-4113-b5e4-c09c14df2894/datanode-5/data/ratis/3514b1d4-d3e0-4a2b-b1f4-82e1fadbf901] INFO  segmented.SegmentedRaftLogWorker (SegmentedRaftLogWorker.java:close(228)) - 1349d5ba-07d4-450a-9218-4f0361201438-SegmentedRaftLogWorker:Storage Directory /workdir/hadoop-ozone/integration-test/target/test-dir/MiniOzoneClusterImpl-d867a4e1-154a-4113-b5e4-c09c14df2894/datanode-5/data/ratis/3514b1d4-d3e0-4a2b-b1f4-82e1fadbf901 close()
2019-09-12 10:32:00,953 [1349d5ba-07d4-450a-9218-4f0361201438-SegmentedRaftLogWorker:Storage Directory /workdir/hadoop-ozone/integration-test/target/test-dir/MiniOzoneClusterImpl-d867a4e1-154a-4113-b5e4-c09c14df2894/datanode-5/data/ratis/5b322ba4-7cea-41d8-b831-eb143b8d1303] INFO  util.JmxRegister (JmxRegister.java:unregister(73)) - Successfully un-registered JMX Bean with object name Ratis:service=RaftServer,group=group-EB143B8D1303,id=1349d5ba-07d4-450a-9218-4f0361201438
2019-09-12 10:32:00,953 [1349d5ba-07d4-450a-9218-4f0361201438-SegmentedRaftLogWorker:Storage Directory /workdir/hadoop-ozone/integration-test/target/test-dir/MiniOzoneClusterImpl-d867a4e1-154a-4113-b5e4-c09c14df2894/datanode-5/data/ratis/056c56c1-3e87-4d17-b4a2-ffc0fc40bb39] INFO  util.JmxRegister (JmxRegister.java:unregister(73)) - Successfully un-registered JMX Bean with object name Ratis:service=RaftServer,group=group-FFC0FC40BB39,id=1349d5ba-07d4-450a-9218-4f0361201438
2019-09-12 10:32:00,954 [1349d5ba-07d4-450a-9218-4f0361201438-SegmentedRaftLogWorker:Storage Directory /workdir/hadoop-ozone/integration-test/target/test-dir/MiniOzoneClusterImpl-d867a4e1-154a-4113-b5e4-c09c14df2894/datanode-5/data/ratis/5b322ba4-7cea-41d8-b831-eb143b8d1303] INFO  impl.RoleInfo (RoleInfo.java:shutdownLeaderState(104)) - 1349d5ba-07d4-450a-9218-4f0361201438: shutdown LeaderState
2019-09-12 10:32:00,954 [1349d5ba-07d4-450a-9218-4f0361201438-SegmentedRaftLogWorker:Storage Directory /workdir/hadoop-ozone/integration-test/target/test-dir/MiniOzoneClusterImpl-d867a4e1-154a-4113-b5e4-c09c14df2894/datanode-5/data/ratis/056c56c1-3e87-4d17-b4a2-ffc0fc40bb39] INFO  impl.RoleInfo (RoleInfo.java:shutdownLeaderState(104)) - 1349d5ba-07d4-450a-9218-4f0361201438: shutdown LeaderState
2019-09-12 10:32:00,954 [1349d5ba-07d4-450a-9218-4f0361201438-SegmentedRaftLogWorker:Storage Directory /workdir/hadoop-ozone/integration-test/target/test-dir/MiniOzoneClusterImpl-d867a4e1-154a-4113-b5e4-c09c14df2894/datanode-5/data/ratis/5b322ba4-7cea-41d8-b831-eb143b8d1303] INFO  impl.PendingRequests (PendingRequests.java:sendNotLeaderResponses(202)) - 1349d5ba-07d4-450a-9218-4f0361201438-PendingRequests: sendNotLeaderResponses
2019-09-12 10:32:00,954 [1349d5ba-07d4-450a-9218-4f0361201438-SegmentedRaftLogWorker:Storage Directory /workdir/hadoop-ozone/integration-test/target/test-dir/MiniOzoneClusterImpl-d867a4e1-154a-4113-b5e4-c09c14df2894/datanode-5/data/ratis/056c56c1-3e87-4d17-b4a2-ffc0fc40bb39] INFO  impl.PendingRequests (PendingRequests.java:sendNotLeaderResponses(202)) - 1349d5ba-07d4-450a-9218-4f0361201438-PendingRequests: sendNotLeaderResponses
2019-09-12 10:32:00,954 [1349d5ba-07d4-450a-9218-4f0361201438-SegmentedRaftLogWorker:Storage Directory /workdir/hadoop-ozone/integration-test/target/test-dir/MiniOzoneClusterImpl-d867a4e1-154a-4113-b5e4-c09c14df2894/datanode-5/data/ratis/5b322ba4-7cea-41d8-b831-eb143b8d1303] INFO  impl.StateMachineUpdater (StateMachineUpdater.java:stopAndJoin(115)) - StateMachineUpdater:1349d5ba-07d4-450a-9218-4f0361201438:group-EB143B8D1303: set stopIndex = -1
2019-09-12 10:32:00,954 [1349d5ba-07d4-450a-9218-4f0361201438-SegmentedRaftLogWorker:Storage Directory /workdir/hadoop-ozone/integration-test/target/test-dir/MiniOzoneClusterImpl-d867a4e1-154a-4113-b5e4-c09c14df2894/datanode-5/data/ratis/056c56c1-3e87-4d17-b4a2-ffc0fc40bb39] INFO  impl.StateMachineUpdater (StateMachineUpdater.java:stopAndJoin(115)) - StateMachineUpdater:1349d5ba-07d4-450a-9218-4f0361201438:group-FFC0FC40BB39: set stopIndex = -1
2019-09-12 10:32:00,954 [1349d5ba-07d4-450a-9218-4f0361201438-SegmentedRaftLogWorker:Storage Directory /workdir/hadoop-ozone/integration-test/target/test-dir/MiniOzoneClusterImpl-d867a4e1-154a-4113-b5e4-c09c14df2894/datanode-5/data/ratis/5b322ba4-7cea-41d8-b831-eb143b8d1303] INFO  impl.RaftServerImpl (ServerState.java:close(394)) - 1349d5ba-07d4-450a-9218-4f0361201438:group-EB143B8D1303 closes. The last applied log index is -1
2019-09-12 10:32:00,955 [1349d5ba-07d4-450a-9218-4f0361201438-SegmentedRaftLogWorker:Storage Directory /workdir/hadoop-ozone/integration-test/target/test-dir/MiniOzoneClusterImpl-d867a4e1-154a-4113-b5e4-c09c14df2894/datanode-5/data/ratis/056c56c1-3e87-4d17-b4a2-ffc0fc40bb39] INFO  impl.RaftServerImpl (ServerState.java:close(394)) - 1349d5ba-07d4-450a-9218-4f0361201438:group-FFC0FC40BB39 closes. The last applied log index is -1
2019-09-12 10:32:00,955 [1349d5ba-07d4-450a-9218-4f0361201438-SegmentedRaftLogWorker:Storage Directory /workdir/hadoop-ozone/integration-test/target/test-dir/MiniOzoneClusterImpl-d867a4e1-154a-4113-b5e4-c09c14df2894/datanode-5/data/ratis/5b322ba4-7cea-41d8-b831-eb143b8d1303] INFO  segmented.SegmentedRaftLogWorker (SegmentedRaftLogWorker.java:close(228)) - 1349d5ba-07d4-450a-9218-4f0361201438-SegmentedRaftLogWorker:Storage Directory /workdir/hadoop-ozone/integration-test/target/test-dir/MiniOzoneClusterImpl-d867a4e1-154a-4113-b5e4-c09c14df2894/datanode-5/data/ratis/5b322ba4-7cea-41d8-b831-eb143b8d1303 close()
2019-09-12 10:32:00,955 [1349d5ba-07d4-450a-9218-4f0361201438-SegmentedRaftLogWorker:Storage Directory /workdir/hadoop-ozone/integration-test/target/test-dir/MiniOzoneClusterImpl-d867a4e1-154a-4113-b5e4-c09c14df2894/datanode-5/data/ratis/056c56c1-3e87-4d17-b4a2-ffc0fc40bb39] INFO  segmented.SegmentedRaftLogWorker (SegmentedRaftLogWorker.java:close(228)) - 1349d5ba-07d4-450a-9218-4f0361201438-SegmentedRaftLogWorker:Storage Directory /workdir/hadoop-ozone/integration-test/target/test-dir/MiniOzoneClusterImpl-d867a4e1-154a-4113-b5e4-c09c14df2894/datanode-5/data/ratis/056c56c1-3e87-4d17-b4a2-ffc0fc40bb39 close()
2019-09-12 10:32:00,956 [main] INFO  ipc.CallQueueManager (CallQueueManager.java:<init>(84)) - Using callQueue: class java.util.concurrent.LinkedBlockingQueue, queueCapacity: 2000, scheduler: class org.apache.hadoop.ipc.DefaultRpcScheduler, ipcBackoff: false.
2019-09-12 10:32:00,957 [Socket Reader #1 for port 46779] INFO  ipc.Server (Server.java:run(1074)) - Starting Socket Reader #1 for port 46779
2019-09-12 10:32:00,964 [main] INFO  ipc.CallQueueManager (CallQueueManager.java:<init>(84)) - Using callQueue: class java.util.concurrent.LinkedBlockingQueue, queueCapacity: 2000, scheduler: class org.apache.hadoop.ipc.DefaultRpcScheduler, ipcBackoff: false.
2019-09-12 10:32:00,965 [Socket Reader #1 for port 40984] INFO  ipc.Server (Server.java:run(1074)) - Starting Socket Reader #1 for port 40984
2019-09-12 10:32:00,972 [main] INFO  hdfs.DFSUtil (DFSUtil.java:httpServerTemplateForNNAndJN(1641)) - Starting Web-server for scm at: http://0.0.0.0:0
2019-09-12 10:32:00,975 [main] INFO  server.AuthenticationFilter (AuthenticationFilter.java:constructSecretProvider(240)) - Unable to initialize FileSignerSecretProvider, falling back to use random secrets.
2019-09-12 10:32:00,976 [main] WARN  http.HttpRequestLog (HttpRequestLog.java:getRequestLog(97)) - Jetty request log can only be enabled using Log4j
2019-09-12 10:32:00,978 [main] INFO  http.HttpServer2 (HttpServer2.java:addGlobalFilter(975)) - Added global filter 'safety' (class=org.apache.hadoop.http.HttpServer2$QuotingInputFilter)
2019-09-12 10:32:00,979 [main] INFO  http.HttpServer2 (HttpServer2.java:addFilter(948)) - Added filter static_user_filter (class=org.apache.hadoop.http.lib.StaticUserWebFilter$StaticUserFilter) to context scm
2019-09-12 10:32:00,979 [main] INFO  http.HttpServer2 (HttpServer2.java:addFilter(958)) - Added filter static_user_filter (class=org.apache.hadoop.http.lib.StaticUserWebFilter$StaticUserFilter) to context static
2019-09-12 10:32:00,979 [main] INFO  http.HttpServer2 (HttpServer2.java:addFilter(958)) - Added filter static_user_filter (class=org.apache.hadoop.http.lib.StaticUserWebFilter$StaticUserFilter) to context logs
2019-09-12 10:32:00,984 [main] INFO  server.StorageContainerManager (StorageContainerManager.java:start(759)) - StorageContainerLocationProtocol RPC server is listening at /0.0.0.0:40984
2019-09-12 10:32:00,984 [main] INFO  impl.MetricsSystemImpl (MetricsSystemImpl.java:init(158)) - StorageContainerManager metrics system started (again)
2019-09-12 10:32:01,111 [main] INFO  server.SCMClientProtocolServer (SCMClientProtocolServer.java:start(151)) - RPC server for Client  is listening at /0.0.0.0:40984
2019-09-12 10:32:01,112 [IPC Server Responder] INFO  ipc.Server (Server.java:run(1314)) - IPC Server Responder: starting
2019-09-12 10:32:01,112 [IPC Server listener on 40984] INFO  ipc.Server (Server.java:run(1153)) - IPC Server listener on 40984: starting
2019-09-12 10:32:01,129 [main] INFO  server.StorageContainerManager (StorageContainerManager.java:start(769)) - ScmBlockLocationProtocol RPC server is listening at /0.0.0.0:46779
2019-09-12 10:32:01,129 [main] INFO  server.SCMBlockProtocolServer (SCMBlockProtocolServer.java:start(140)) - RPC server for Block Protocol is listening at /0.0.0.0:46779
2019-09-12 10:32:01,129 [IPC Server Responder] INFO  ipc.Server (Server.java:run(1314)) - IPC Server Responder: starting
2019-09-12 10:32:01,134 [IPC Server listener on 46779] INFO  ipc.Server (Server.java:run(1153)) - IPC Server listener on 46779: starting
2019-09-12 10:32:01,144 [main] INFO  server.StorageContainerManager (StorageContainerManager.java:start(773)) - ScmDatanodeProtocl RPC server is listening at /0.0.0.0:34994
2019-09-12 10:32:01,145 [main] INFO  server.SCMDatanodeProtocolServer (SCMDatanodeProtocolServer.java:start(191)) - RPC server for DataNodes is listening at /0.0.0.0:34994
2019-09-12 10:32:01,145 [IPC Server Responder] INFO  ipc.Server (Server.java:run(1314)) - IPC Server Responder: starting
2019-09-12 10:32:01,145 [IPC Server listener on 34994] INFO  ipc.Server (Server.java:run(1153)) - IPC Server listener on 34994: starting
2019-09-12 10:32:01,161 [main] INFO  http.HttpServer2 (HttpServer2.java:bindListener(1191)) - Jetty bound to port 44066
2019-09-12 10:32:01,161 [main] INFO  server.Server (Server.java:doStart(351)) - jetty-9.3.24.v20180605, build timestamp: 2018-06-05T17:11:56Z, git hash: 84205aa28f11a4f31f2a3b86d1bba2cc8ab69827
2019-09-12 10:32:01,163 [main] INFO  handler.ContextHandler (ContextHandler.java:doStart(781)) - Started o.e.j.s.ServletContextHandler@6c96346b{/logs,file:///workdir/hadoop-ozone/integration-test/target/log,AVAILABLE}
2019-09-12 10:32:01,164 [main] INFO  handler.ContextHandler (ContextHandler.java:doStart(781)) - Started o.e.j.s.ServletContextHandler@589d831e{/static,file:///workdir/hadoop-ozone/integration-test/target/test-classes/webapps/static,AVAILABLE}
2019-09-12 10:32:01,187 [main] INFO  handler.ContextHandler (ContextHandler.java:doStart(781)) - Started o.e.j.w.WebAppContext@951e911{/,file:///workdir/hadoop-ozone/integration-test/target/test-classes/webapps/scm/,AVAILABLE}{/scm}
2019-09-12 10:32:01,188 [main] INFO  server.AbstractConnector (AbstractConnector.java:doStart(278)) - Started ServerConnector@3cb376a3{HTTP/1.1,[http/1.1]}{0.0.0.0:44066}
2019-09-12 10:32:01,196 [1349d5ba-07d4-450a-9218-4f0361201438-SegmentedRaftLogWorker:Storage Directory /workdir/hadoop-ozone/integration-test/target/test-dir/MiniOzoneClusterImpl-d867a4e1-154a-4113-b5e4-c09c14df2894/datanode-5/data/ratis/5a1ed244-edb3-4aff-af33-f15575a866c3] ERROR segmented.SegmentedRaftLogWorker (SegmentedRaftLogWorker.java:run(323)) - 1349d5ba-07d4-450a-9218-4f0361201438-SegmentedRaftLogWorker:Storage Directory /workdir/hadoop-ozone/integration-test/target/test-dir/MiniOzoneClusterImpl-d867a4e1-154a-4113-b5e4-c09c14df2894/datanode-5/data/ratis/5a1ed244-edb3-4aff-af33-f15575a866c3 hit exception
java.lang.OutOfMemoryError: Direct buffer memory
	at java.nio.Bits.reserveMemory(Bits.java:666)
	at java.nio.DirectByteBuffer.<init>(DirectByteBuffer.java:123)
	at java.nio.ByteBuffer.allocateDirect(ByteBuffer.java:311)
	at org.apache.ratis.server.raftlog.segmented.BufferedWriteChannel.<init>(BufferedWriteChannel.java:41)
	at org.apache.ratis.server.raftlog.segmented.SegmentedRaftLogOutputStream.<init>(SegmentedRaftLogOutputStream.java:72)
	at org.apache.ratis.server.raftlog.segmented.SegmentedRaftLogWorker$StartLogSegment.execute(SegmentedRaftLogWorker.java:566)
	at org.apache.ratis.server.raftlog.segmented.SegmentedRaftLogWorker.run(SegmentedRaftLogWorker.java:289)
	at java.lang.Thread.run(Thread.java:748)
2019-09-12 10:32:01,196 [main] INFO  server.Server (Server.java:doStart(419)) - Started @52535ms
2019-09-12 10:32:01,197 [1349d5ba-07d4-450a-9218-4f0361201438-SegmentedRaftLogWorker:Storage Directory /workdir/hadoop-ozone/integration-test/target/test-dir/MiniOzoneClusterImpl-d867a4e1-154a-4113-b5e4-c09c14df2894/datanode-5/data/ratis/5a1ed244-edb3-4aff-af33-f15575a866c3] INFO  impl.RaftServerImpl (RaftServerImpl.java:lambda$shutdown$3(245)) - 1349d5ba-07d4-450a-9218-4f0361201438: shutdown group-F15575A866C3
2019-09-12 10:32:01,197 [1349d5ba-07d4-450a-9218-4f0361201438-SegmentedRaftLogWorker:Storage Directory /workdir/hadoop-ozone/integration-test/target/test-dir/MiniOzoneClusterImpl-d867a4e1-154a-4113-b5e4-c09c14df2894/datanode-5/data/ratis/5a1ed244-edb3-4aff-af33-f15575a866c3] INFO  util.JmxRegister (JmxRegister.java:unregister(73)) - Successfully un-registered JMX Bean with object name Ratis:service=RaftServer,group=group-F15575A866C3,id=1349d5ba-07d4-450a-9218-4f0361201438
2019-09-12 10:32:01,197 [1349d5ba-07d4-450a-9218-4f0361201438-SegmentedRaftLogWorker:Storage Directory /workdir/hadoop-ozone/integration-test/target/test-dir/MiniOzoneClusterImpl-d867a4e1-154a-4113-b5e4-c09c14df2894/datanode-5/data/ratis/5a1ed244-edb3-4aff-af33-f15575a866c3] INFO  impl.RoleInfo (RoleInfo.java:shutdownLeaderState(104)) - 1349d5ba-07d4-450a-9218-4f0361201438: shutdown LeaderState
2019-09-12 10:32:01,197 [1349d5ba-07d4-450a-9218-4f0361201438-SegmentedRaftLogWorker:Storage Directory /workdir/hadoop-ozone/integration-test/target/test-dir/MiniOzoneClusterImpl-d867a4e1-154a-4113-b5e4-c09c14df2894/datanode-5/data/ratis/5a1ed244-edb3-4aff-af33-f15575a866c3] INFO  impl.PendingRequests (PendingRequests.java:sendNotLeaderResponses(202)) - 1349d5ba-07d4-450a-9218-4f0361201438-PendingRequests: sendNotLeaderResponses
2019-09-12 10:32:01,198 [1349d5ba-07d4-450a-9218-4f0361201438-SegmentedRaftLogWorker:Storage Directory /workdir/hadoop-ozone/integration-test/target/test-dir/MiniOzoneClusterImpl-d867a4e1-154a-4113-b5e4-c09c14df2894/datanode-5/data/ratis/5a1ed244-edb3-4aff-af33-f15575a866c3] INFO  impl.StateMachineUpdater (StateMachineUpdater.java:stopAndJoin(115)) - StateMachineUpdater:1349d5ba-07d4-450a-9218-4f0361201438:group-F15575A866C3: set stopIndex = -1
2019-09-12 10:32:01,198 [main] INFO  server.BaseHttpServer (BaseHttpServer.java:updateConnectorAddress(213)) - HTTP server of SCM is listening at http://0.0.0.0:44066
2019-09-12 10:32:01,198 [1349d5ba-07d4-450a-9218-4f0361201438-SegmentedRaftLogWorker:Storage Directory /workdir/hadoop-ozone/integration-test/target/test-dir/MiniOzoneClusterImpl-d867a4e1-154a-4113-b5e4-c09c14df2894/datanode-5/data/ratis/5a1ed244-edb3-4aff-af33-f15575a866c3] INFO  impl.RaftServerImpl (ServerState.java:close(394)) - 1349d5ba-07d4-450a-9218-4f0361201438:group-F15575A866C3 closes. The last applied log index is -1
2019-09-12 10:32:01,198 [1349d5ba-07d4-450a-9218-4f0361201438-SegmentedRaftLogWorker:Storage Directory /workdir/hadoop-ozone/integration-test/target/test-dir/MiniOzoneClusterImpl-d867a4e1-154a-4113-b5e4-c09c14df2894/datanode-5/data/ratis/5a1ed244-edb3-4aff-af33-f15575a866c3] INFO  segmented.SegmentedRaftLogWorker (SegmentedRaftLogWorker.java:close(228)) - 1349d5ba-07d4-450a-9218-4f0361201438-SegmentedRaftLogWorker:Storage Directory /workdir/hadoop-ozone/integration-test/target/test-dir/MiniOzoneClusterImpl-d867a4e1-154a-4113-b5e4-c09c14df2894/datanode-5/data/ratis/5a1ed244-edb3-4aff-af33-f15575a866c3 close()
2019-09-12 10:32:01,207 [org.apache.hadoop.util.JvmPauseMonitor$Monitor@426940f9] INFO  util.JvmPauseMonitor (JvmPauseMonitor.java:run(188)) - Starting JVM pause monitor
2019-09-12 10:32:01,207 [main] WARN  server.ServerUtils (ServerUtils.java:getDBPath(222)) - ozone.om.db.dirs is not configured. We recommend adding this setting. Falling back to ozone.metadata.dirs instead.
2019-09-12 10:32:01,221 [main] WARN  server.ServerUtils (ServerUtils.java:getDBPath(222)) - ozone.om.db.dirs is not configured. We recommend adding this setting. Falling back to ozone.metadata.dirs instead.
2019-09-12 10:32:01,221 [main] WARN  server.ServerUtils (ServerUtils.java:getDBPath(222)) - ozone.om.db.dirs is not configured. We recommend adding this setting. Falling back to ozone.metadata.dirs instead.
2019-09-12 10:32:01,222 [main] INFO  om.OzoneManager (OzoneManager.java:setOMNodeDetails(645)) - OM Service ID is not set. Setting it to the default ID: omServiceIdDefault
2019-09-12 10:32:01,222 [main] INFO  om.OzoneManager (OzoneManager.java:setOMNodeDetails(651)) - OM Node ID is not set. Setting it to the OmStorage's OmID: 79691490-b9a2-4803-8f54-2d086f10a58f
2019-09-12 10:32:01,222 [main] INFO  om.OzoneManager (OzoneManager.java:loadOMHAConfigs(602)) - Found matching OM address with OMServiceId: null, OMNodeId: null, RPC Address: localhost:0 and Ratis port: 9872
2019-09-12 10:32:01,240 | INFO  | SCMAudit | user=jenkins1000 | ip=192.168.36.114 | op=GET_SCM_INFO null | ret=SUCCESS |  
2019-09-12 10:32:01,291 [main] WARN  server.ServerUtils (ServerUtils.java:getDBPath(222)) - ozone.om.db.dirs is not configured. We recommend adding this setting. Falling back to ozone.metadata.dirs instead.
2019-09-12 10:32:01,292 [main] INFO  db.DBStoreBuilder (DBStoreBuilder.java:addTable(110)) - using custom profile for table: userTable
2019-09-12 10:32:01,292 [main] INFO  db.DBStoreBuilder (DBStoreBuilder.java:processTables(161)) - Using default column profile:DBProfile.DISK for Table:userTable
2019-09-12 10:32:01,292 [main] INFO  db.DBStoreBuilder (DBStoreBuilder.java:addTable(110)) - using custom profile for table: volumeTable
2019-09-12 10:32:01,292 [main] INFO  db.DBStoreBuilder (DBStoreBuilder.java:processTables(161)) - Using default column profile:DBProfile.DISK for Table:volumeTable
2019-09-12 10:32:01,293 [main] INFO  db.DBStoreBuilder (DBStoreBuilder.java:addTable(110)) - using custom profile for table: bucketTable
2019-09-12 10:32:01,293 [main] INFO  db.DBStoreBuilder (DBStoreBuilder.java:processTables(161)) - Using default column profile:DBProfile.DISK for Table:bucketTable
2019-09-12 10:32:01,293 [main] INFO  db.DBStoreBuilder (DBStoreBuilder.java:addTable(110)) - using custom profile for table: keyTable
2019-09-12 10:32:01,293 [main] INFO  db.DBStoreBuilder (DBStoreBuilder.java:processTables(161)) - Using default column profile:DBProfile.DISK for Table:keyTable
2019-09-12 10:32:01,293 [main] INFO  db.DBStoreBuilder (DBStoreBuilder.java:addTable(110)) - using custom profile for table: deletedTable
2019-09-12 10:32:01,294 [main] INFO  db.DBStoreBuilder (DBStoreBuilder.java:processTables(161)) - Using default column profile:DBProfile.DISK for Table:deletedTable
2019-09-12 10:32:01,294 [main] INFO  db.DBStoreBuilder (DBStoreBuilder.java:addTable(110)) - using custom profile for table: openKeyTable
2019-09-12 10:32:01,294 [main] INFO  db.DBStoreBuilder (DBStoreBuilder.java:processTables(161)) - Using default column profile:DBProfile.DISK for Table:openKeyTable
2019-09-12 10:32:01,294 [main] INFO  db.DBStoreBuilder (DBStoreBuilder.java:addTable(110)) - using custom profile for table: s3Table
2019-09-12 10:32:01,294 [main] INFO  db.DBStoreBuilder (DBStoreBuilder.java:processTables(161)) - Using default column profile:DBProfile.DISK for Table:s3Table
2019-09-12 10:32:01,295 [main] INFO  db.DBStoreBuilder (DBStoreBuilder.java:addTable(110)) - using custom profile for table: multipartInfoTable
2019-09-12 10:32:01,295 [main] INFO  db.DBStoreBuilder (DBStoreBuilder.java:processTables(161)) - Using default column profile:DBProfile.DISK for Table:multipartInfoTable
2019-09-12 10:32:01,295 [main] INFO  db.DBStoreBuilder (DBStoreBuilder.java:addTable(110)) - using custom profile for table: dTokenTable
2019-09-12 10:32:01,295 [main] INFO  db.DBStoreBuilder (DBStoreBuilder.java:processTables(161)) - Using default column profile:DBProfile.DISK for Table:dTokenTable
2019-09-12 10:32:01,295 [main] INFO  db.DBStoreBuilder (DBStoreBuilder.java:addTable(110)) - using custom profile for table: s3SecretTable
2019-09-12 10:32:01,295 [main] INFO  db.DBStoreBuilder (DBStoreBuilder.java:processTables(161)) - Using default column profile:DBProfile.DISK for Table:s3SecretTable
2019-09-12 10:32:01,296 [main] INFO  db.DBStoreBuilder (DBStoreBuilder.java:addTable(110)) - using custom profile for table: prefixTable
2019-09-12 10:32:01,296 [main] INFO  db.DBStoreBuilder (DBStoreBuilder.java:processTables(161)) - Using default column profile:DBProfile.DISK for Table:prefixTable
2019-09-12 10:32:01,296 [main] INFO  db.DBStoreBuilder (DBStoreBuilder.java:addTable(110)) - using custom profile for table: default
2019-09-12 10:32:01,296 [main] INFO  db.DBStoreBuilder (DBStoreBuilder.java:processTables(167)) - Using default column profile:DBProfile.DISK for Table:default
2019-09-12 10:32:01,296 [main] INFO  db.DBStoreBuilder (DBStoreBuilder.java:getDbProfile(198)) - Using default options. DBProfile.DISK
2019-09-12 10:32:01,329 [5dd0cd62-5770-41dd-9e5a-f3f3eedc40c1-SegmentedRaftLogWorker:Storage Directory /workdir/hadoop-ozone/integration-test/target/test-dir/MiniOzoneClusterImpl-d867a4e1-154a-4113-b5e4-c09c14df2894/datanode-0/data/ratis/aea6a9dd-5543-4f10-9862-b8a95644c2a9] ERROR segmented.SegmentedRaftLogWorker (SegmentedRaftLogWorker.java:run(323)) - 5dd0cd62-5770-41dd-9e5a-f3f3eedc40c1-SegmentedRaftLogWorker:Storage Directory /workdir/hadoop-ozone/integration-test/target/test-dir/MiniOzoneClusterImpl-d867a4e1-154a-4113-b5e4-c09c14df2894/datanode-0/data/ratis/aea6a9dd-5543-4f10-9862-b8a95644c2a9 hit exception
java.lang.OutOfMemoryError: Direct buffer memory
	at java.nio.Bits.reserveMemory(Bits.java:666)
	at java.nio.DirectByteBuffer.<init>(DirectByteBuffer.java:123)
	at java.nio.ByteBuffer.allocateDirect(ByteBuffer.java:311)
	at org.apache.ratis.server.raftlog.segmented.BufferedWriteChannel.<init>(BufferedWriteChannel.java:41)
	at org.apache.ratis.server.raftlog.segmented.SegmentedRaftLogOutputStream.<init>(SegmentedRaftLogOutputStream.java:72)
	at org.apache.ratis.server.raftlog.segmented.SegmentedRaftLogWorker$StartLogSegment.execute(SegmentedRaftLogWorker.java:566)
	at org.apache.ratis.server.raftlog.segmented.SegmentedRaftLogWorker.run(SegmentedRaftLogWorker.java:289)
	at java.lang.Thread.run(Thread.java:748)
2019-09-12 10:32:01,329 [ad8ae342-df06-4311-9d84-524877c98111-SegmentedRaftLogWorker:Storage Directory /workdir/hadoop-ozone/integration-test/target/test-dir/MiniOzoneClusterImpl-d867a4e1-154a-4113-b5e4-c09c14df2894/datanode-4/data/ratis/4f22ba6b-543a-42db-a4b2-aa6291b3f0ba] ERROR segmented.SegmentedRaftLogWorker (SegmentedRaftLogWorker.java:run(323)) - ad8ae342-df06-4311-9d84-524877c98111-SegmentedRaftLogWorker:Storage Directory /workdir/hadoop-ozone/integration-test/target/test-dir/MiniOzoneClusterImpl-d867a4e1-154a-4113-b5e4-c09c14df2894/datanode-4/data/ratis/4f22ba6b-543a-42db-a4b2-aa6291b3f0ba hit exception
java.lang.OutOfMemoryError: Direct buffer memory
	at java.nio.Bits.reserveMemory(Bits.java:666)
	at java.nio.DirectByteBuffer.<init>(DirectByteBuffer.java:123)
	at java.nio.ByteBuffer.allocateDirect(ByteBuffer.java:311)
	at org.apache.ratis.server.raftlog.segmented.BufferedWriteChannel.<init>(BufferedWriteChannel.java:41)
	at org.apache.ratis.server.raftlog.segmented.SegmentedRaftLogOutputStream.<init>(SegmentedRaftLogOutputStream.java:72)
	at org.apache.ratis.server.raftlog.segmented.SegmentedRaftLogWorker$StartLogSegment.execute(SegmentedRaftLogWorker.java:566)
	at org.apache.ratis.server.raftlog.segmented.SegmentedRaftLogWorker.run(SegmentedRaftLogWorker.java:289)
	at java.lang.Thread.run(Thread.java:748)
2019-09-12 10:32:01,330 [5dd0cd62-5770-41dd-9e5a-f3f3eedc40c1-SegmentedRaftLogWorker:Storage Directory /workdir/hadoop-ozone/integration-test/target/test-dir/MiniOzoneClusterImpl-d867a4e1-154a-4113-b5e4-c09c14df2894/datanode-0/data/ratis/aea6a9dd-5543-4f10-9862-b8a95644c2a9] INFO  impl.RaftServerImpl (RaftServerImpl.java:lambda$shutdown$3(245)) - 5dd0cd62-5770-41dd-9e5a-f3f3eedc40c1: shutdown group-B8A95644C2A9
2019-09-12 10:32:01,330 [ad8ae342-df06-4311-9d84-524877c98111-SegmentedRaftLogWorker:Storage Directory /workdir/hadoop-ozone/integration-test/target/test-dir/MiniOzoneClusterImpl-d867a4e1-154a-4113-b5e4-c09c14df2894/datanode-4/data/ratis/4f22ba6b-543a-42db-a4b2-aa6291b3f0ba] INFO  impl.RaftServerImpl (RaftServerImpl.java:lambda$shutdown$3(245)) - ad8ae342-df06-4311-9d84-524877c98111: shutdown group-AA6291B3F0BA
2019-09-12 10:32:01,330 [5dd0cd62-5770-41dd-9e5a-f3f3eedc40c1-SegmentedRaftLogWorker:Storage Directory /workdir/hadoop-ozone/integration-test/target/test-dir/MiniOzoneClusterImpl-d867a4e1-154a-4113-b5e4-c09c14df2894/datanode-0/data/ratis/aea6a9dd-5543-4f10-9862-b8a95644c2a9] INFO  util.JmxRegister (JmxRegister.java:unregister(73)) - Successfully un-registered JMX Bean with object name Ratis:service=RaftServer,group=group-B8A95644C2A9,id=5dd0cd62-5770-41dd-9e5a-f3f3eedc40c1
2019-09-12 10:32:01,330 [ad8ae342-df06-4311-9d84-524877c98111-SegmentedRaftLogWorker:Storage Directory /workdir/hadoop-ozone/integration-test/target/test-dir/MiniOzoneClusterImpl-d867a4e1-154a-4113-b5e4-c09c14df2894/datanode-4/data/ratis/4f22ba6b-543a-42db-a4b2-aa6291b3f0ba] INFO  util.JmxRegister (JmxRegister.java:unregister(73)) - Successfully un-registered JMX Bean with object name Ratis:service=RaftServer,group=group-AA6291B3F0BA,id=ad8ae342-df06-4311-9d84-524877c98111
2019-09-12 10:32:01,330 [5dd0cd62-5770-41dd-9e5a-f3f3eedc40c1-SegmentedRaftLogWorker:Storage Directory /workdir/hadoop-ozone/integration-test/target/test-dir/MiniOzoneClusterImpl-d867a4e1-154a-4113-b5e4-c09c14df2894/datanode-0/data/ratis/aea6a9dd-5543-4f10-9862-b8a95644c2a9] INFO  impl.RoleInfo (RoleInfo.java:shutdownLeaderState(104)) - 5dd0cd62-5770-41dd-9e5a-f3f3eedc40c1: shutdown LeaderState
2019-09-12 10:32:01,331 [ad8ae342-df06-4311-9d84-524877c98111-SegmentedRaftLogWorker:Storage Directory /workdir/hadoop-ozone/integration-test/target/test-dir/MiniOzoneClusterImpl-d867a4e1-154a-4113-b5e4-c09c14df2894/datanode-4/data/ratis/4f22ba6b-543a-42db-a4b2-aa6291b3f0ba] INFO  impl.RoleInfo (RoleInfo.java:shutdownLeaderState(104)) - ad8ae342-df06-4311-9d84-524877c98111: shutdown LeaderState
2019-09-12 10:32:01,331 [5dd0cd62-5770-41dd-9e5a-f3f3eedc40c1-SegmentedRaftLogWorker:Storage Directory /workdir/hadoop-ozone/integration-test/target/test-dir/MiniOzoneClusterImpl-d867a4e1-154a-4113-b5e4-c09c14df2894/datanode-0/data/ratis/aea6a9dd-5543-4f10-9862-b8a95644c2a9] INFO  impl.PendingRequests (PendingRequests.java:sendNotLeaderResponses(202)) - 5dd0cd62-5770-41dd-9e5a-f3f3eedc40c1-PendingRequests: sendNotLeaderResponses
2019-09-12 10:32:01,331 [ad8ae342-df06-4311-9d84-524877c98111-SegmentedRaftLogWorker:Storage Directory /workdir/hadoop-ozone/integration-test/target/test-dir/MiniOzoneClusterImpl-d867a4e1-154a-4113-b5e4-c09c14df2894/datanode-4/data/ratis/4f22ba6b-543a-42db-a4b2-aa6291b3f0ba] INFO  impl.PendingRequests (PendingRequests.java:sendNotLeaderResponses(202)) - ad8ae342-df06-4311-9d84-524877c98111-PendingRequests: sendNotLeaderResponses
2019-09-12 10:32:01,331 [5dd0cd62-5770-41dd-9e5a-f3f3eedc40c1-SegmentedRaftLogWorker:Storage Directory /workdir/hadoop-ozone/integration-test/target/test-dir/MiniOzoneClusterImpl-d867a4e1-154a-4113-b5e4-c09c14df2894/datanode-0/data/ratis/aea6a9dd-5543-4f10-9862-b8a95644c2a9] INFO  impl.StateMachineUpdater (StateMachineUpdater.java:stopAndJoin(115)) - StateMachineUpdater:5dd0cd62-5770-41dd-9e5a-f3f3eedc40c1:group-B8A95644C2A9: set stopIndex = -1
2019-09-12 10:32:01,331 [ad8ae342-df06-4311-9d84-524877c98111-SegmentedRaftLogWorker:Storage Directory /workdir/hadoop-ozone/integration-test/target/test-dir/MiniOzoneClusterImpl-d867a4e1-154a-4113-b5e4-c09c14df2894/datanode-4/data/ratis/4f22ba6b-543a-42db-a4b2-aa6291b3f0ba] INFO  impl.StateMachineUpdater (StateMachineUpdater.java:stopAndJoin(115)) - StateMachineUpdater:ad8ae342-df06-4311-9d84-524877c98111:group-AA6291B3F0BA: set stopIndex = -1
2019-09-12 10:32:01,331 [5dd0cd62-5770-41dd-9e5a-f3f3eedc40c1-SegmentedRaftLogWorker:Storage Directory /workdir/hadoop-ozone/integration-test/target/test-dir/MiniOzoneClusterImpl-d867a4e1-154a-4113-b5e4-c09c14df2894/datanode-0/data/ratis/aea6a9dd-5543-4f10-9862-b8a95644c2a9] INFO  impl.RaftServerImpl (ServerState.java:close(394)) - 5dd0cd62-5770-41dd-9e5a-f3f3eedc40c1:group-B8A95644C2A9 closes. The last applied log index is -1
2019-09-12 10:32:01,331 [ad8ae342-df06-4311-9d84-524877c98111-SegmentedRaftLogWorker:Storage Directory /workdir/hadoop-ozone/integration-test/target/test-dir/MiniOzoneClusterImpl-d867a4e1-154a-4113-b5e4-c09c14df2894/datanode-4/data/ratis/4f22ba6b-543a-42db-a4b2-aa6291b3f0ba] INFO  impl.RaftServerImpl (ServerState.java:close(394)) - ad8ae342-df06-4311-9d84-524877c98111:group-AA6291B3F0BA closes. The last applied log index is -1
2019-09-12 10:32:01,332 [5dd0cd62-5770-41dd-9e5a-f3f3eedc40c1-SegmentedRaftLogWorker:Storage Directory /workdir/hadoop-ozone/integration-test/target/test-dir/MiniOzoneClusterImpl-d867a4e1-154a-4113-b5e4-c09c14df2894/datanode-0/data/ratis/aea6a9dd-5543-4f10-9862-b8a95644c2a9] INFO  segmented.SegmentedRaftLogWorker (SegmentedRaftLogWorker.java:close(228)) - 5dd0cd62-5770-41dd-9e5a-f3f3eedc40c1-SegmentedRaftLogWorker:Storage Directory /workdir/hadoop-ozone/integration-test/target/test-dir/MiniOzoneClusterImpl-d867a4e1-154a-4113-b5e4-c09c14df2894/datanode-0/data/ratis/aea6a9dd-5543-4f10-9862-b8a95644c2a9 close()
2019-09-12 10:32:01,332 [ad8ae342-df06-4311-9d84-524877c98111-SegmentedRaftLogWorker:Storage Directory /workdir/hadoop-ozone/integration-test/target/test-dir/MiniOzoneClusterImpl-d867a4e1-154a-4113-b5e4-c09c14df2894/datanode-4/data/ratis/4f22ba6b-543a-42db-a4b2-aa6291b3f0ba] INFO  segmented.SegmentedRaftLogWorker (SegmentedRaftLogWorker.java:close(228)) - ad8ae342-df06-4311-9d84-524877c98111-SegmentedRaftLogWorker:Storage Directory /workdir/hadoop-ozone/integration-test/target/test-dir/MiniOzoneClusterImpl-d867a4e1-154a-4113-b5e4-c09c14df2894/datanode-4/data/ratis/4f22ba6b-543a-42db-a4b2-aa6291b3f0ba close()
2019-09-12 10:32:01,425 [d9d65fd8-d100-497d-8460-9a4cf62b4ad5-SegmentedRaftLogWorker:Storage Directory /workdir/hadoop-ozone/integration-test/target/test-dir/MiniOzoneClusterImpl-d867a4e1-154a-4113-b5e4-c09c14df2894/datanode-6/data/ratis/3a94b7cb-b0ac-4f65-afa8-059ebfc5dfee] ERROR segmented.SegmentedRaftLogWorker (SegmentedRaftLogWorker.java:run(323)) - d9d65fd8-d100-497d-8460-9a4cf62b4ad5-SegmentedRaftLogWorker:Storage Directory /workdir/hadoop-ozone/integration-test/target/test-dir/MiniOzoneClusterImpl-d867a4e1-154a-4113-b5e4-c09c14df2894/datanode-6/data/ratis/3a94b7cb-b0ac-4f65-afa8-059ebfc5dfee hit exception
java.lang.OutOfMemoryError: Direct buffer memory
	at java.nio.Bits.reserveMemory(Bits.java:666)
	at java.nio.DirectByteBuffer.<init>(DirectByteBuffer.java:123)
	at java.nio.ByteBuffer.allocateDirect(ByteBuffer.java:311)
	at org.apache.ratis.server.raftlog.segmented.BufferedWriteChannel.<init>(BufferedWriteChannel.java:41)
	at org.apache.ratis.server.raftlog.segmented.SegmentedRaftLogOutputStream.<init>(SegmentedRaftLogOutputStream.java:72)
	at org.apache.ratis.server.raftlog.segmented.SegmentedRaftLogWorker$StartLogSegment.execute(SegmentedRaftLogWorker.java:566)
	at org.apache.ratis.server.raftlog.segmented.SegmentedRaftLogWorker.run(SegmentedRaftLogWorker.java:289)
	at java.lang.Thread.run(Thread.java:748)
2019-09-12 10:32:01,425 [d9d65fd8-d100-497d-8460-9a4cf62b4ad5-SegmentedRaftLogWorker:Storage Directory /workdir/hadoop-ozone/integration-test/target/test-dir/MiniOzoneClusterImpl-d867a4e1-154a-4113-b5e4-c09c14df2894/datanode-6/data/ratis/391b3a8f-79b0-48e2-9fec-c3ab91a55130] ERROR segmented.SegmentedRaftLogWorker (SegmentedRaftLogWorker.java:run(323)) - d9d65fd8-d100-497d-8460-9a4cf62b4ad5-SegmentedRaftLogWorker:Storage Directory /workdir/hadoop-ozone/integration-test/target/test-dir/MiniOzoneClusterImpl-d867a4e1-154a-4113-b5e4-c09c14df2894/datanode-6/data/ratis/391b3a8f-79b0-48e2-9fec-c3ab91a55130 hit exception
java.lang.OutOfMemoryError: Direct buffer memory
	at java.nio.Bits.reserveMemory(Bits.java:666)
	at java.nio.DirectByteBuffer.<init>(DirectByteBuffer.java:123)
	at java.nio.ByteBuffer.allocateDirect(ByteBuffer.java:311)
	at org.apache.ratis.server.raftlog.segmented.BufferedWriteChannel.<init>(BufferedWriteChannel.java:41)
	at org.apache.ratis.server.raftlog.segmented.SegmentedRaftLogOutputStream.<init>(SegmentedRaftLogOutputStream.java:72)
	at org.apache.ratis.server.raftlog.segmented.SegmentedRaftLogWorker$StartLogSegment.execute(SegmentedRaftLogWorker.java:566)
	at org.apache.ratis.server.raftlog.segmented.SegmentedRaftLogWorker.run(SegmentedRaftLogWorker.java:289)
	at java.lang.Thread.run(Thread.java:748)
2019-09-12 10:32:01,426 [d9d65fd8-d100-497d-8460-9a4cf62b4ad5-SegmentedRaftLogWorker:Storage Directory /workdir/hadoop-ozone/integration-test/target/test-dir/MiniOzoneClusterImpl-d867a4e1-154a-4113-b5e4-c09c14df2894/datanode-6/data/ratis/3a94b7cb-b0ac-4f65-afa8-059ebfc5dfee] INFO  impl.RaftServerImpl (RaftServerImpl.java:lambda$shutdown$3(245)) - d9d65fd8-d100-497d-8460-9a4cf62b4ad5: shutdown group-059EBFC5DFEE
2019-09-12 10:32:01,426 [d9d65fd8-d100-497d-8460-9a4cf62b4ad5-SegmentedRaftLogWorker:Storage Directory /workdir/hadoop-ozone/integration-test/target/test-dir/MiniOzoneClusterImpl-d867a4e1-154a-4113-b5e4-c09c14df2894/datanode-6/data/ratis/391b3a8f-79b0-48e2-9fec-c3ab91a55130] INFO  impl.RaftServerImpl (RaftServerImpl.java:lambda$shutdown$3(245)) - d9d65fd8-d100-497d-8460-9a4cf62b4ad5: shutdown group-C3AB91A55130
2019-09-12 10:32:01,426 [d9d65fd8-d100-497d-8460-9a4cf62b4ad5-SegmentedRaftLogWorker:Storage Directory /workdir/hadoop-ozone/integration-test/target/test-dir/MiniOzoneClusterImpl-d867a4e1-154a-4113-b5e4-c09c14df2894/datanode-6/data/ratis/3a94b7cb-b0ac-4f65-afa8-059ebfc5dfee] INFO  util.JmxRegister (JmxRegister.java:unregister(73)) - Successfully un-registered JMX Bean with object name Ratis:service=RaftServer,group=group-059EBFC5DFEE,id=d9d65fd8-d100-497d-8460-9a4cf62b4ad5
2019-09-12 10:32:01,427 [d9d65fd8-d100-497d-8460-9a4cf62b4ad5-SegmentedRaftLogWorker:Storage Directory /workdir/hadoop-ozone/integration-test/target/test-dir/MiniOzoneClusterImpl-d867a4e1-154a-4113-b5e4-c09c14df2894/datanode-6/data/ratis/391b3a8f-79b0-48e2-9fec-c3ab91a55130] INFO  util.JmxRegister (JmxRegister.java:unregister(73)) - Successfully un-registered JMX Bean with object name Ratis:service=RaftServer,group=group-C3AB91A55130,id=d9d65fd8-d100-497d-8460-9a4cf62b4ad5
2019-09-12 10:32:01,427 [d9d65fd8-d100-497d-8460-9a4cf62b4ad5-SegmentedRaftLogWorker:Storage Directory /workdir/hadoop-ozone/integration-test/target/test-dir/MiniOzoneClusterImpl-d867a4e1-154a-4113-b5e4-c09c14df2894/datanode-6/data/ratis/391b3a8f-79b0-48e2-9fec-c3ab91a55130] INFO  impl.RoleInfo (RoleInfo.java:shutdownLeaderState(104)) - d9d65fd8-d100-497d-8460-9a4cf62b4ad5: shutdown LeaderState
2019-09-12 10:32:01,427 [d9d65fd8-d100-497d-8460-9a4cf62b4ad5-SegmentedRaftLogWorker:Storage Directory /workdir/hadoop-ozone/integration-test/target/test-dir/MiniOzoneClusterImpl-d867a4e1-154a-4113-b5e4-c09c14df2894/datanode-6/data/ratis/391b3a8f-79b0-48e2-9fec-c3ab91a55130] INFO  impl.PendingRequests (PendingRequests.java:sendNotLeaderResponses(202)) - d9d65fd8-d100-497d-8460-9a4cf62b4ad5-PendingRequests: sendNotLeaderResponses
2019-09-12 10:32:01,427 [d9d65fd8-d100-497d-8460-9a4cf62b4ad5-SegmentedRaftLogWorker:Storage Directory /workdir/hadoop-ozone/integration-test/target/test-dir/MiniOzoneClusterImpl-d867a4e1-154a-4113-b5e4-c09c14df2894/datanode-6/data/ratis/391b3a8f-79b0-48e2-9fec-c3ab91a55130] INFO  impl.StateMachineUpdater (StateMachineUpdater.java:stopAndJoin(115)) - StateMachineUpdater:d9d65fd8-d100-497d-8460-9a4cf62b4ad5:group-C3AB91A55130: set stopIndex = -1
2019-09-12 10:32:01,427 [d9d65fd8-d100-497d-8460-9a4cf62b4ad5-SegmentedRaftLogWorker:Storage Directory /workdir/hadoop-ozone/integration-test/target/test-dir/MiniOzoneClusterImpl-d867a4e1-154a-4113-b5e4-c09c14df2894/datanode-6/data/ratis/391b3a8f-79b0-48e2-9fec-c3ab91a55130] INFO  impl.RaftServerImpl (ServerState.java:close(394)) - d9d65fd8-d100-497d-8460-9a4cf62b4ad5:group-C3AB91A55130 closes. The last applied log index is -1
2019-09-12 10:32:01,428 [d9d65fd8-d100-497d-8460-9a4cf62b4ad5-SegmentedRaftLogWorker:Storage Directory /workdir/hadoop-ozone/integration-test/target/test-dir/MiniOzoneClusterImpl-d867a4e1-154a-4113-b5e4-c09c14df2894/datanode-6/data/ratis/391b3a8f-79b0-48e2-9fec-c3ab91a55130] INFO  segmented.SegmentedRaftLogWorker (SegmentedRaftLogWorker.java:close(228)) - d9d65fd8-d100-497d-8460-9a4cf62b4ad5-SegmentedRaftLogWorker:Storage Directory /workdir/hadoop-ozone/integration-test/target/test-dir/MiniOzoneClusterImpl-d867a4e1-154a-4113-b5e4-c09c14df2894/datanode-6/data/ratis/391b3a8f-79b0-48e2-9fec-c3ab91a55130 close()
2019-09-12 10:32:01,427 [d9d65fd8-d100-497d-8460-9a4cf62b4ad5-SegmentedRaftLogWorker:Storage Directory /workdir/hadoop-ozone/integration-test/target/test-dir/MiniOzoneClusterImpl-d867a4e1-154a-4113-b5e4-c09c14df2894/datanode-6/data/ratis/3a94b7cb-b0ac-4f65-afa8-059ebfc5dfee] INFO  impl.RoleInfo (RoleInfo.java:shutdownLeaderState(104)) - d9d65fd8-d100-497d-8460-9a4cf62b4ad5: shutdown LeaderState
2019-09-12 10:32:01,428 [d9d65fd8-d100-497d-8460-9a4cf62b4ad5-SegmentedRaftLogWorker:Storage Directory /workdir/hadoop-ozone/integration-test/target/test-dir/MiniOzoneClusterImpl-d867a4e1-154a-4113-b5e4-c09c14df2894/datanode-6/data/ratis/3a94b7cb-b0ac-4f65-afa8-059ebfc5dfee] INFO  impl.PendingRequests (PendingRequests.java:sendNotLeaderResponses(202)) - d9d65fd8-d100-497d-8460-9a4cf62b4ad5-PendingRequests: sendNotLeaderResponses
2019-09-12 10:32:01,429 [d9d65fd8-d100-497d-8460-9a4cf62b4ad5-SegmentedRaftLogWorker:Storage Directory /workdir/hadoop-ozone/integration-test/target/test-dir/MiniOzoneClusterImpl-d867a4e1-154a-4113-b5e4-c09c14df2894/datanode-6/data/ratis/3a94b7cb-b0ac-4f65-afa8-059ebfc5dfee] INFO  impl.StateMachineUpdater (StateMachineUpdater.java:stopAndJoin(115)) - StateMachineUpdater:d9d65fd8-d100-497d-8460-9a4cf62b4ad5:group-059EBFC5DFEE: set stopIndex = -1
2019-09-12 10:32:01,429 [d9d65fd8-d100-497d-8460-9a4cf62b4ad5-SegmentedRaftLogWorker:Storage Directory /workdir/hadoop-ozone/integration-test/target/test-dir/MiniOzoneClusterImpl-d867a4e1-154a-4113-b5e4-c09c14df2894/datanode-6/data/ratis/3a94b7cb-b0ac-4f65-afa8-059ebfc5dfee] INFO  impl.RaftServerImpl (ServerState.java:close(394)) - d9d65fd8-d100-497d-8460-9a4cf62b4ad5:group-059EBFC5DFEE closes. The last applied log index is -1
2019-09-12 10:32:01,429 [d9d65fd8-d100-497d-8460-9a4cf62b4ad5-SegmentedRaftLogWorker:Storage Directory /workdir/hadoop-ozone/integration-test/target/test-dir/MiniOzoneClusterImpl-d867a4e1-154a-4113-b5e4-c09c14df2894/datanode-6/data/ratis/3a94b7cb-b0ac-4f65-afa8-059ebfc5dfee] INFO  segmented.SegmentedRaftLogWorker (SegmentedRaftLogWorker.java:close(228)) - d9d65fd8-d100-497d-8460-9a4cf62b4ad5-SegmentedRaftLogWorker:Storage Directory /workdir/hadoop-ozone/integration-test/target/test-dir/MiniOzoneClusterImpl-d867a4e1-154a-4113-b5e4-c09c14df2894/datanode-6/data/ratis/3a94b7cb-b0ac-4f65-afa8-059ebfc5dfee close()
2019-09-12 10:32:01,452 [d40ec8ee-ac9e-41d6-86bd-e74a05605b85-SegmentedRaftLogWorker:Storage Directory /workdir/hadoop-ozone/integration-test/target/test-dir/MiniOzoneClusterImpl-d867a4e1-154a-4113-b5e4-c09c14df2894/datanode-1/data/ratis/7269c829-2d9f-4701-9753-d04995846c31] ERROR segmented.SegmentedRaftLogWorker (SegmentedRaftLogWorker.java:run(323)) - d40ec8ee-ac9e-41d6-86bd-e74a05605b85-SegmentedRaftLogWorker:Storage Directory /workdir/hadoop-ozone/integration-test/target/test-dir/MiniOzoneClusterImpl-d867a4e1-154a-4113-b5e4-c09c14df2894/datanode-1/data/ratis/7269c829-2d9f-4701-9753-d04995846c31 hit exception
java.lang.OutOfMemoryError: Direct buffer memory
	at java.nio.Bits.reserveMemory(Bits.java:666)
	at java.nio.DirectByteBuffer.<init>(DirectByteBuffer.java:123)
	at java.nio.ByteBuffer.allocateDirect(ByteBuffer.java:311)
	at org.apache.ratis.server.raftlog.segmented.BufferedWriteChannel.<init>(BufferedWriteChannel.java:41)
	at org.apache.ratis.server.raftlog.segmented.SegmentedRaftLogOutputStream.<init>(SegmentedRaftLogOutputStream.java:72)
	at org.apache.ratis.server.raftlog.segmented.SegmentedRaftLogWorker$StartLogSegment.execute(SegmentedRaftLogWorker.java:566)
	at org.apache.ratis.server.raftlog.segmented.SegmentedRaftLogWorker.run(SegmentedRaftLogWorker.java:289)
	at java.lang.Thread.run(Thread.java:748)
2019-09-12 10:32:01,452 [5dd0cd62-5770-41dd-9e5a-f3f3eedc40c1-SegmentedRaftLogWorker:Storage Directory /workdir/hadoop-ozone/integration-test/target/test-dir/MiniOzoneClusterImpl-d867a4e1-154a-4113-b5e4-c09c14df2894/datanode-0/data/ratis/e8c60f45-ca14-4ea0-ac74-b898df89a595] ERROR segmented.SegmentedRaftLogWorker (SegmentedRaftLogWorker.java:run(323)) - 5dd0cd62-5770-41dd-9e5a-f3f3eedc40c1-SegmentedRaftLogWorker:Storage Directory /workdir/hadoop-ozone/integration-test/target/test-dir/MiniOzoneClusterImpl-d867a4e1-154a-4113-b5e4-c09c14df2894/datanode-0/data/ratis/e8c60f45-ca14-4ea0-ac74-b898df89a595 hit exception
java.lang.OutOfMemoryError: Direct buffer memory
	at java.nio.Bits.reserveMemory(Bits.java:666)
	at java.nio.DirectByteBuffer.<init>(DirectByteBuffer.java:123)
	at java.nio.ByteBuffer.allocateDirect(ByteBuffer.java:311)
	at org.apache.ratis.server.raftlog.segmented.BufferedWriteChannel.<init>(BufferedWriteChannel.java:41)
	at org.apache.ratis.server.raftlog.segmented.SegmentedRaftLogOutputStream.<init>(SegmentedRaftLogOutputStream.java:72)
	at org.apache.ratis.server.raftlog.segmented.SegmentedRaftLogWorker$StartLogSegment.execute(SegmentedRaftLogWorker.java:566)
	at org.apache.ratis.server.raftlog.segmented.SegmentedRaftLogWorker.run(SegmentedRaftLogWorker.java:289)
	at java.lang.Thread.run(Thread.java:748)
2019-09-12 10:32:01,453 [5dd0cd62-5770-41dd-9e5a-f3f3eedc40c1-SegmentedRaftLogWorker:Storage Directory /workdir/hadoop-ozone/integration-test/target/test-dir/MiniOzoneClusterImpl-d867a4e1-154a-4113-b5e4-c09c14df2894/datanode-0/data/ratis/e8c60f45-ca14-4ea0-ac74-b898df89a595] INFO  impl.RaftServerImpl (RaftServerImpl.java:lambda$shutdown$3(245)) - 5dd0cd62-5770-41dd-9e5a-f3f3eedc40c1: shutdown group-B898DF89A595
2019-09-12 10:32:01,453 [d40ec8ee-ac9e-41d6-86bd-e74a05605b85-SegmentedRaftLogWorker:Storage Directory /workdir/hadoop-ozone/integration-test/target/test-dir/MiniOzoneClusterImpl-d867a4e1-154a-4113-b5e4-c09c14df2894/datanode-1/data/ratis/7269c829-2d9f-4701-9753-d04995846c31] INFO  impl.RaftServerImpl (RaftServerImpl.java:lambda$shutdown$3(245)) - d40ec8ee-ac9e-41d6-86bd-e74a05605b85: shutdown group-D04995846C31
2019-09-12 10:32:01,453 [5dd0cd62-5770-41dd-9e5a-f3f3eedc40c1-SegmentedRaftLogWorker:Storage Directory /workdir/hadoop-ozone/integration-test/target/test-dir/MiniOzoneClusterImpl-d867a4e1-154a-4113-b5e4-c09c14df2894/datanode-0/data/ratis/e8c60f45-ca14-4ea0-ac74-b898df89a595] INFO  util.JmxRegister (JmxRegister.java:unregister(73)) - Successfully un-registered JMX Bean with object name Ratis:service=RaftServer,group=group-B898DF89A595,id=5dd0cd62-5770-41dd-9e5a-f3f3eedc40c1
2019-09-12 10:32:01,453 [5dd0cd62-5770-41dd-9e5a-f3f3eedc40c1-SegmentedRaftLogWorker:Storage Directory /workdir/hadoop-ozone/integration-test/target/test-dir/MiniOzoneClusterImpl-d867a4e1-154a-4113-b5e4-c09c14df2894/datanode-0/data/ratis/e8c60f45-ca14-4ea0-ac74-b898df89a595] INFO  impl.RoleInfo (RoleInfo.java:shutdownLeaderState(104)) - 5dd0cd62-5770-41dd-9e5a-f3f3eedc40c1: shutdown LeaderState
2019-09-12 10:32:01,453 [d40ec8ee-ac9e-41d6-86bd-e74a05605b85-SegmentedRaftLogWorker:Storage Directory /workdir/hadoop-ozone/integration-test/target/test-dir/MiniOzoneClusterImpl-d867a4e1-154a-4113-b5e4-c09c14df2894/datanode-1/data/ratis/7269c829-2d9f-4701-9753-d04995846c31] INFO  util.JmxRegister (JmxRegister.java:unregister(73)) - Successfully un-registered JMX Bean with object name Ratis:service=RaftServer,group=group-D04995846C31,id=d40ec8ee-ac9e-41d6-86bd-e74a05605b85
2019-09-12 10:32:01,454 [5dd0cd62-5770-41dd-9e5a-f3f3eedc40c1-SegmentedRaftLogWorker:Storage Directory /workdir/hadoop-ozone/integration-test/target/test-dir/MiniOzoneClusterImpl-d867a4e1-154a-4113-b5e4-c09c14df2894/datanode-0/data/ratis/e8c60f45-ca14-4ea0-ac74-b898df89a595] INFO  impl.PendingRequests (PendingRequests.java:sendNotLeaderResponses(202)) - 5dd0cd62-5770-41dd-9e5a-f3f3eedc40c1-PendingRequests: sendNotLeaderResponses
2019-09-12 10:32:01,454 [d40ec8ee-ac9e-41d6-86bd-e74a05605b85-SegmentedRaftLogWorker:Storage Directory /workdir/hadoop-ozone/integration-test/target/test-dir/MiniOzoneClusterImpl-d867a4e1-154a-4113-b5e4-c09c14df2894/datanode-1/data/ratis/7269c829-2d9f-4701-9753-d04995846c31] INFO  impl.RoleInfo (RoleInfo.java:shutdownLeaderState(104)) - d40ec8ee-ac9e-41d6-86bd-e74a05605b85: shutdown LeaderState
2019-09-12 10:32:01,454 [5dd0cd62-5770-41dd-9e5a-f3f3eedc40c1-SegmentedRaftLogWorker:Storage Directory /workdir/hadoop-ozone/integration-test/target/test-dir/MiniOzoneClusterImpl-d867a4e1-154a-4113-b5e4-c09c14df2894/datanode-0/data/ratis/e8c60f45-ca14-4ea0-ac74-b898df89a595] INFO  impl.StateMachineUpdater (StateMachineUpdater.java:stopAndJoin(115)) - StateMachineUpdater:5dd0cd62-5770-41dd-9e5a-f3f3eedc40c1:group-B898DF89A595: set stopIndex = -1
2019-09-12 10:32:01,454 [d40ec8ee-ac9e-41d6-86bd-e74a05605b85-SegmentedRaftLogWorker:Storage Directory /workdir/hadoop-ozone/integration-test/target/test-dir/MiniOzoneClusterImpl-d867a4e1-154a-4113-b5e4-c09c14df2894/datanode-1/data/ratis/7269c829-2d9f-4701-9753-d04995846c31] INFO  impl.PendingRequests (PendingRequests.java:sendNotLeaderResponses(202)) - d40ec8ee-ac9e-41d6-86bd-e74a05605b85-PendingRequests: sendNotLeaderResponses
2019-09-12 10:32:01,454 [5dd0cd62-5770-41dd-9e5a-f3f3eedc40c1-SegmentedRaftLogWorker:Storage Directory /workdir/hadoop-ozone/integration-test/target/test-dir/MiniOzoneClusterImpl-d867a4e1-154a-4113-b5e4-c09c14df2894/datanode-0/data/ratis/e8c60f45-ca14-4ea0-ac74-b898df89a595] INFO  impl.RaftServerImpl (ServerState.java:close(394)) - 5dd0cd62-5770-41dd-9e5a-f3f3eedc40c1:group-B898DF89A595 closes. The last applied log index is -1
2019-09-12 10:32:01,454 [d40ec8ee-ac9e-41d6-86bd-e74a05605b85-SegmentedRaftLogWorker:Storage Directory /workdir/hadoop-ozone/integration-test/target/test-dir/MiniOzoneClusterImpl-d867a4e1-154a-4113-b5e4-c09c14df2894/datanode-1/data/ratis/7269c829-2d9f-4701-9753-d04995846c31] INFO  impl.StateMachineUpdater (StateMachineUpdater.java:stopAndJoin(115)) - StateMachineUpdater:d40ec8ee-ac9e-41d6-86bd-e74a05605b85:group-D04995846C31: set stopIndex = -1
2019-09-12 10:32:01,455 [d40ec8ee-ac9e-41d6-86bd-e74a05605b85-SegmentedRaftLogWorker:Storage Directory /workdir/hadoop-ozone/integration-test/target/test-dir/MiniOzoneClusterImpl-d867a4e1-154a-4113-b5e4-c09c14df2894/datanode-1/data/ratis/7269c829-2d9f-4701-9753-d04995846c31] INFO  impl.RaftServerImpl (ServerState.java:close(394)) - d40ec8ee-ac9e-41d6-86bd-e74a05605b85:group-D04995846C31 closes. The last applied log index is -1
2019-09-12 10:32:01,455 [5dd0cd62-5770-41dd-9e5a-f3f3eedc40c1-SegmentedRaftLogWorker:Storage Directory /workdir/hadoop-ozone/integration-test/target/test-dir/MiniOzoneClusterImpl-d867a4e1-154a-4113-b5e4-c09c14df2894/datanode-0/data/ratis/e8c60f45-ca14-4ea0-ac74-b898df89a595] INFO  segmented.SegmentedRaftLogWorker (SegmentedRaftLogWorker.java:close(228)) - 5dd0cd62-5770-41dd-9e5a-f3f3eedc40c1-SegmentedRaftLogWorker:Storage Directory /workdir/hadoop-ozone/integration-test/target/test-dir/MiniOzoneClusterImpl-d867a4e1-154a-4113-b5e4-c09c14df2894/datanode-0/data/ratis/e8c60f45-ca14-4ea0-ac74-b898df89a595 close()
2019-09-12 10:32:01,455 [d40ec8ee-ac9e-41d6-86bd-e74a05605b85-SegmentedRaftLogWorker:Storage Directory /workdir/hadoop-ozone/integration-test/target/test-dir/MiniOzoneClusterImpl-d867a4e1-154a-4113-b5e4-c09c14df2894/datanode-1/data/ratis/7269c829-2d9f-4701-9753-d04995846c31] INFO  segmented.SegmentedRaftLogWorker (SegmentedRaftLogWorker.java:close(228)) - d40ec8ee-ac9e-41d6-86bd-e74a05605b85-SegmentedRaftLogWorker:Storage Directory /workdir/hadoop-ozone/integration-test/target/test-dir/MiniOzoneClusterImpl-d867a4e1-154a-4113-b5e4-c09c14df2894/datanode-1/data/ratis/7269c829-2d9f-4701-9753-d04995846c31 close()
2019-09-12 10:32:01,570 | INFO  | SCMAudit | user=jenkins1000 | ip=192.168.36.114 | op=SEND_HEARTBEAT {datanodeUUID=d40ec8ee-ac9e-41d6-86bd-e74a05605b85, command=[]} | ret=SUCCESS |  
2019-09-12 10:32:01,570 | INFO  | SCMAudit | user=jenkins1000 | ip=192.168.36.114 | op=SEND_HEARTBEAT {datanodeUUID=f17b4253-95a0-4ee6-8ded-88f070f15b33, command=[]} | ret=SUCCESS |  
2019-09-12 10:32:01,570 | INFO  | SCMAudit | user=jenkins1000 | ip=192.168.36.114 | op=SEND_HEARTBEAT {datanodeUUID=bcda0514-d42e-47ca-96fd-c0a633e872a8, command=[]} | ret=SUCCESS |  
2019-09-12 10:32:01,570 | INFO  | SCMAudit | user=jenkins1000 | ip=192.168.36.114 | op=SEND_HEARTBEAT {datanodeUUID=b6dd7c38-f675-445e-811b-15cf17d56c0a, command=[]} | ret=SUCCESS |  
2019-09-12 10:32:01,570 | INFO  | SCMAudit | user=jenkins1000 | ip=192.168.36.114 | op=SEND_HEARTBEAT {datanodeUUID=caccd92c-2544-4e02-86cf-95849f240c1b, command=[]} | ret=SUCCESS |  
2019-09-12 10:32:01,571 | INFO  | SCMAudit | user=jenkins1000 | ip=192.168.36.114 | op=SEND_HEARTBEAT {datanodeUUID=5dd0cd62-5770-41dd-9e5a-f3f3eedc40c1, command=[]} | ret=SUCCESS |  
2019-09-12 10:32:01,571 | INFO  | SCMAudit | user=jenkins1000 | ip=192.168.36.114 | op=SEND_HEARTBEAT {datanodeUUID=22ce2f4b-d517-44cf-8041-712d813e08f3, command=[]} | ret=SUCCESS |  
2019-09-12 10:32:01,571 | INFO  | SCMAudit | user=jenkins1000 | ip=192.168.36.114 | op=SEND_HEARTBEAT {datanodeUUID=eaeff1e2-de9c-4510-872d-283eb6c3c330, command=[]} | ret=SUCCESS |  
2019-09-12 10:32:01,571 | INFO  | SCMAudit | user=jenkins1000 | ip=192.168.36.114 | op=SEND_HEARTBEAT {datanodeUUID=1349d5ba-07d4-450a-9218-4f0361201438, command=[]} | ret=SUCCESS |  
2019-09-12 10:32:01,572 | INFO  | SCMAudit | user=jenkins1000 | ip=192.168.36.114 | op=SEND_HEARTBEAT {datanodeUUID=c1e71898-521f-4627-a3f1-9884c4b96ced, command=[]} | ret=SUCCESS |  
2019-09-12 10:32:01,933 | INFO  | SCMAudit | user=jenkins1000 | ip=192.168.36.114 | op=SEND_HEARTBEAT {datanodeUUID=334c5273-7871-4d53-8b37-de05e5a3be10, command=[]} | ret=SUCCESS |  
2019-09-12 10:32:01,933 | INFO  | SCMAudit | user=jenkins1000 | ip=192.168.36.114 | op=SEND_HEARTBEAT {datanodeUUID=ff438662-24cf-49bb-bfc5-3308ec6d286b, command=[]} | ret=SUCCESS |  
2019-09-12 10:32:01,933 | INFO  | SCMAudit | user=jenkins1000 | ip=192.168.36.114 | op=SEND_HEARTBEAT {datanodeUUID=c54af6f8-a22e-478f-90e1-029d14059a99, command=[]} | ret=SUCCESS |  
2019-09-12 10:32:01,933 | INFO  | SCMAudit | user=jenkins1000 | ip=192.168.36.114 | op=SEND_HEARTBEAT {datanodeUUID=2cb9d557-cb56-4745-8686-5e72b62e748a, command=[]} | ret=SUCCESS |  
2019-09-12 10:32:01,933 | INFO  | SCMAudit | user=jenkins1000 | ip=192.168.36.114 | op=SEND_HEARTBEAT {datanodeUUID=2d50b591-d6e4-490f-9fa0-973ad5423bd7, command=[]} | ret=SUCCESS |  
2019-09-12 10:32:01,933 | INFO  | SCMAudit | user=jenkins1000 | ip=192.168.36.114 | op=SEND_HEARTBEAT {datanodeUUID=d9d65fd8-d100-497d-8460-9a4cf62b4ad5, command=[]} | ret=SUCCESS |  
2019-09-12 10:32:01,934 | INFO  | SCMAudit | user=jenkins1000 | ip=192.168.36.114 | op=SEND_HEARTBEAT {datanodeUUID=accf000b-d7b7-4fa5-9682-da82c4451e10, command=[]} | ret=SUCCESS |  
2019-09-12 10:32:01,935 | INFO  | SCMAudit | user=jenkins1000 | ip=192.168.36.114 | op=SEND_HEARTBEAT {datanodeUUID=9616c881-dbb1-48da-90dd-a872ed779a2e, command=[]} | ret=SUCCESS |  
2019-09-12 10:32:01,935 | INFO  | SCMAudit | user=jenkins1000 | ip=192.168.36.114 | op=SEND_HEARTBEAT {datanodeUUID=ad8ae342-df06-4311-9d84-524877c98111, command=[]} | ret=SUCCESS |  
2019-09-12 10:32:01,936 | INFO  | SCMAudit | user=jenkins1000 | ip=192.168.36.114 | op=SEND_HEARTBEAT {datanodeUUID=c9031a36-5f7c-4098-8bea-8a46141708a6, command=[]} | ret=SUCCESS |  
2019-09-12 10:32:01,937 | INFO  | SCMAudit | user=jenkins1000 | ip=192.168.36.114 | op=SEND_HEARTBEAT {datanodeUUID=39df7a3f-9691-48d4-a2b1-6888489a5f8a, command=[]} | ret=SUCCESS |  
2019-09-12 10:32:02,105 [main] INFO  ipc.CallQueueManager (CallQueueManager.java:<init>(84)) - Using callQueue: class java.util.concurrent.LinkedBlockingQueue, queueCapacity: 2000, scheduler: class org.apache.hadoop.ipc.DefaultRpcScheduler, ipcBackoff: false.
2019-09-12 10:32:02,106 [Socket Reader #1 for port 33339] INFO  ipc.Server (Server.java:run(1074)) - Starting Socket Reader #1 for port 33339
2019-09-12 10:32:02,131 [main] INFO  om.OzoneManager (OzoneManager.java:start(1256)) - OzoneManager RPC server is listening at localhost/127.0.0.1:33339
2019-09-12 10:32:02,131 [main] INFO  impl.MetricsSystemImpl (MetricsSystemImpl.java:init(158)) - OzoneManager metrics system started (again)
2019-09-12 10:32:02,132 [IPC Server listener on 33339] INFO  ipc.Server (Server.java:run(1153)) - IPC Server listener on 33339: starting
2019-09-12 10:32:02,132 [IPC Server Responder] INFO  ipc.Server (Server.java:run(1314)) - IPC Server Responder: starting
2019-09-12 10:32:02,149 [main] INFO  hdfs.DFSUtil (DFSUtil.java:httpServerTemplateForNNAndJN(1641)) - Starting Web-server for ozoneManager at: http://0.0.0.0:0
2019-09-12 10:32:02,150 [main] INFO  server.AuthenticationFilter (AuthenticationFilter.java:constructSecretProvider(240)) - Unable to initialize FileSignerSecretProvider, falling back to use random secrets.
2019-09-12 10:32:02,150 [main] WARN  http.HttpRequestLog (HttpRequestLog.java:getRequestLog(97)) - Jetty request log can only be enabled using Log4j
2019-09-12 10:32:02,152 [main] INFO  http.HttpServer2 (HttpServer2.java:addGlobalFilter(975)) - Added global filter 'safety' (class=org.apache.hadoop.http.HttpServer2$QuotingInputFilter)
2019-09-12 10:32:02,152 [main] INFO  http.HttpServer2 (HttpServer2.java:addFilter(948)) - Added filter static_user_filter (class=org.apache.hadoop.http.lib.StaticUserWebFilter$StaticUserFilter) to context ozoneManager
2019-09-12 10:32:02,152 [main] INFO  http.HttpServer2 (HttpServer2.java:addFilter(958)) - Added filter static_user_filter (class=org.apache.hadoop.http.lib.StaticUserWebFilter$StaticUserFilter) to context static
2019-09-12 10:32:02,152 [main] INFO  http.HttpServer2 (HttpServer2.java:addFilter(958)) - Added filter static_user_filter (class=org.apache.hadoop.http.lib.StaticUserWebFilter$StaticUserFilter) to context logs
2019-09-12 10:32:02,153 [main] INFO  http.HttpServer2 (HttpServer2.java:bindListener(1191)) - Jetty bound to port 39995
2019-09-12 10:32:02,153 [main] INFO  server.Server (Server.java:doStart(351)) - jetty-9.3.24.v20180605, build timestamp: 2018-06-05T17:11:56Z, git hash: 84205aa28f11a4f31f2a3b86d1bba2cc8ab69827
2019-09-12 10:32:02,155 [main] INFO  handler.ContextHandler (ContextHandler.java:doStart(781)) - Started o.e.j.s.ServletContextHandler@7fb02606{/logs,file:///workdir/hadoop-ozone/integration-test/target/log,AVAILABLE}
2019-09-12 10:32:02,155 [main] INFO  handler.ContextHandler (ContextHandler.java:doStart(781)) - Started o.e.j.s.ServletContextHandler@79486f38{/static,file:///workdir/hadoop-ozone/integration-test/target/test-classes/webapps/static,AVAILABLE}
2019-09-12 10:32:02,159 [main] INFO  handler.ContextHandler (ContextHandler.java:doStart(781)) - Started o.e.j.w.WebAppContext@47b494ce{/,file:///workdir/hadoop-ozone/integration-test/target/test-classes/webapps/ozoneManager/,AVAILABLE}{/ozoneManager}
2019-09-12 10:32:02,159 [main] INFO  server.AbstractConnector (AbstractConnector.java:doStart(278)) - Started ServerConnector@50dd1e3a{HTTP/1.1,[http/1.1]}{0.0.0.0:39995}
2019-09-12 10:32:02,166 [main] INFO  server.Server (Server.java:doStart(419)) - Started @53505ms
2019-09-12 10:32:02,167 [main] INFO  server.BaseHttpServer (BaseHttpServer.java:updateConnectorAddress(213)) - HTTP server of OZONEMANAGER is listening at http://0.0.0.0:39995
2019-09-12 10:32:02,180 [main] INFO  impl.MetricsSystemImpl (MetricsSystemImpl.java:init(158)) - HddsDatanode metrics system started (again)
2019-09-12 10:32:02,306 [main] INFO  ozone.HddsDatanodeService (HddsDatanodeService.java:start(184)) - HddsDatanodeService host:pr-hdds-1569-58hkm-1881083799 ip:192.168.36.114
2019-09-12 10:32:02,333 [main] INFO  volume.HddsVolume (HddsVolume.java:<init>(176)) - Creating Volume: /workdir/hadoop-ozone/integration-test/target/test-dir/MiniOzoneClusterImpl-39631bd2-f83c-4f24-acb2-4c1b273f2694/datanode-0/data/containers/hdds of  storage type : DISK and capacity : 1482555576320
2019-09-12 10:32:02,333 [main] INFO  volume.VolumeSet (VolumeSet.java:initializeVolumeSet(170)) - Added Volume : /workdir/hadoop-ozone/integration-test/target/test-dir/MiniOzoneClusterImpl-39631bd2-f83c-4f24-acb2-4c1b273f2694/datanode-0/data/containers/hdds to VolumeSet
2019-09-12 10:32:02,334 [main] INFO  volume.ThrottledAsyncChecker (ThrottledAsyncChecker.java:schedule(140)) - Scheduling a check for org.apache.hadoop.ozone.container.common.volume.HddsVolume@3f2d2f22
2019-09-12 10:32:02,334 [main] INFO  volume.HddsVolumeChecker (HddsVolumeChecker.java:checkAllVolumes(203)) - Scheduled health check for volume org.apache.hadoop.ozone.container.common.volume.HddsVolume@3f2d2f22
2019-09-12 10:32:02,365 [main] INFO  impl.RaftServerProxy (ConfUtils.java:logGet(43)) - raft.rpc.type = GRPC (default)
2019-09-12 10:32:02,366 [main] INFO  grpc.GrpcFactory (GrpcFactory.java:checkPooledByteBufAllocatorUseCacheForAllThreads(45)) - PERFORMANCE WARNING: useCacheForAllThreads is true that may cause Netty to create a lot garbage objects and, as a result, trigger GC.
	It is recommended to disable useCacheForAllThreads by setting -Dorg.apache.ratis.thirdparty.io.netty.allocator.useCacheForAllThreads=false in command line.
2019-09-12 10:32:02,366 [main] INFO  grpc.GrpcConfigKeys$Server (ConfUtils.java:logGet(43)) - raft.grpc.server.port = 0 (default)
2019-09-12 10:32:02,366 [main] INFO  server.GrpcService (ConfUtils.java:logGet(43)) - raft.grpc.message.size.max = 33570816 (custom)
2019-09-12 10:32:02,366 [main] INFO  server.RaftServerConfigKeys (ConfUtils.java:logGet(43)) - raft.server.log.appender.buffer.byte-limit = 33554432 (custom)
2019-09-12 10:32:02,366 [main] INFO  server.GrpcService (ConfUtils.java:logGet(43)) - raft.grpc.flow.control.window = 1MB (=1048576) (default)
2019-09-12 10:32:02,367 [main] INFO  server.RaftServerConfigKeys (ConfUtils.java:logGet(43)) - raft.server.rpc.request.timeout = 3000ms (default)
2019-09-12 10:32:02,367 [main] INFO  server.RaftServerConfigKeys (ConfUtils.java:logGet(43)) - raft.server.storage.dir = [/workdir/hadoop-ozone/integration-test/target/test-dir/MiniOzoneClusterImpl-39631bd2-f83c-4f24-acb2-4c1b273f2694/datanode-0/data/ratis] (custom)
2019-09-12 10:32:02,368 [main] INFO  replication.SimpleContainerDownloader (SimpleContainerDownloader.java:<init>(72)) - Starting container downloader service to copy containers to replicate.
2019-09-12 10:32:02,369 [main] INFO  hdfs.DFSUtil (DFSUtil.java:httpServerTemplateForNNAndJN(1641)) - Starting Web-server for hddsDatanode at: http://0.0.0.0:0
2019-09-12 10:32:02,370 [main] INFO  server.AuthenticationFilter (AuthenticationFilter.java:constructSecretProvider(240)) - Unable to initialize FileSignerSecretProvider, falling back to use random secrets.
2019-09-12 10:32:02,370 [main] WARN  http.HttpRequestLog (HttpRequestLog.java:getRequestLog(97)) - Jetty request log can only be enabled using Log4j
2019-09-12 10:32:02,372 [main] INFO  http.HttpServer2 (HttpServer2.java:addGlobalFilter(975)) - Added global filter 'safety' (class=org.apache.hadoop.http.HttpServer2$QuotingInputFilter)
2019-09-12 10:32:02,372 [main] INFO  http.HttpServer2 (HttpServer2.java:addFilter(948)) - Added filter static_user_filter (class=org.apache.hadoop.http.lib.StaticUserWebFilter$StaticUserFilter) to context hddsDatanode
2019-09-12 10:32:02,372 [main] INFO  http.HttpServer2 (HttpServer2.java:addFilter(958)) - Added filter static_user_filter (class=org.apache.hadoop.http.lib.StaticUserWebFilter$StaticUserFilter) to context logs
2019-09-12 10:32:02,372 [main] INFO  http.HttpServer2 (HttpServer2.java:addFilter(958)) - Added filter static_user_filter (class=org.apache.hadoop.http.lib.StaticUserWebFilter$StaticUserFilter) to context static
2019-09-12 10:32:02,373 [main] INFO  http.HttpServer2 (HttpServer2.java:bindListener(1191)) - Jetty bound to port 33489
2019-09-12 10:32:02,373 [main] INFO  server.Server (Server.java:doStart(351)) - jetty-9.3.24.v20180605, build timestamp: 2018-06-05T17:11:56Z, git hash: 84205aa28f11a4f31f2a3b86d1bba2cc8ab69827
2019-09-12 10:32:02,375 [main] INFO  handler.ContextHandler (ContextHandler.java:doStart(781)) - Started o.e.j.s.ServletContextHandler@42257df7{/logs,file:///workdir/hadoop-ozone/integration-test/target/log,AVAILABLE}
2019-09-12 10:32:02,375 [main] INFO  handler.ContextHandler (ContextHandler.java:doStart(781)) - Started o.e.j.s.ServletContextHandler@3bd79444{/static,jar:file:/home/user/.m2/repository/org/apache/hadoop/hadoop-hdds-container-service/0.5.0-SNAPSHOT/hadoop-hdds-container-service-0.5.0-SNAPSHOT.jar!/webapps/static,AVAILABLE}
2019-09-12 10:32:02,403 [main] INFO  handler.ContextHandler (ContextHandler.java:doStart(781)) - Started o.e.j.w.WebAppContext@1e0c898c{/,file:///tmp/jetty-0.0.0.0-33489-hddsDatanode-_-any-5281270612520621282.dir/webapp/,AVAILABLE}{/hddsDatanode}
2019-09-12 10:32:02,403 [main] INFO  server.AbstractConnector (AbstractConnector.java:doStart(278)) - Started ServerConnector@1cd2e348{HTTP/1.1,[http/1.1]}{0.0.0.0:33489}
2019-09-12 10:32:02,413 [main] INFO  server.Server (Server.java:doStart(419)) - Started @53752ms
2019-09-12 10:32:02,414 [main] INFO  server.BaseHttpServer (BaseHttpServer.java:updateConnectorAddress(213)) - HTTP server of HDDSDATANODE is listening at http://0.0.0.0:33489
2019-09-12 10:32:02,562 | INFO  | ObjectStoreRestHttpServer | Listening HDDS REST traffic on /0.0.0.0:33965 |  
2019-09-12 10:32:02,562 [main] INFO  ozone.HddsDatanodeService (HddsDatanodeService.java:startPlugins(395)) - Started plug-in org.apache.hadoop.ozone.web.OzoneHddsDatanodeService@1c571162
2019-09-12 10:32:02,562 [main] INFO  impl.MetricsSystemImpl (MetricsSystemImpl.java:init(158)) - HddsDatanode metrics system started (again)
2019-09-12 10:32:02,570 | INFO  | SCMAudit | user=jenkins1000 | ip=192.168.36.114 | op=SEND_HEARTBEAT {datanodeUUID=b6dd7c38-f675-445e-811b-15cf17d56c0a, command=[]} | ret=SUCCESS |  
2019-09-12 10:32:02,570 | INFO  | SCMAudit | user=jenkins1000 | ip=192.168.36.114 | op=SEND_HEARTBEAT {datanodeUUID=bcda0514-d42e-47ca-96fd-c0a633e872a8, command=[]} | ret=SUCCESS |  
2019-09-12 10:32:02,570 | INFO  | SCMAudit | user=jenkins1000 | ip=192.168.36.114 | op=SEND_HEARTBEAT {datanodeUUID=f17b4253-95a0-4ee6-8ded-88f070f15b33, command=[]} | ret=SUCCESS |  
2019-09-12 10:32:02,570 | INFO  | SCMAudit | user=jenkins1000 | ip=192.168.36.114 | op=SEND_HEARTBEAT {datanodeUUID=d40ec8ee-ac9e-41d6-86bd-e74a05605b85, command=[]} | ret=SUCCESS |  
2019-09-12 10:32:02,570 | INFO  | SCMAudit | user=jenkins1000 | ip=192.168.36.114 | op=SEND_HEARTBEAT {datanodeUUID=caccd92c-2544-4e02-86cf-95849f240c1b, command=[]} | ret=SUCCESS |  
2019-09-12 10:32:02,570 | INFO  | SCMAudit | user=jenkins1000 | ip=192.168.36.114 | op=SEND_HEARTBEAT {datanodeUUID=eaeff1e2-de9c-4510-872d-283eb6c3c330, command=[]} | ret=SUCCESS |  
2019-09-12 10:32:02,571 | INFO  | SCMAudit | user=jenkins1000 | ip=192.168.36.114 | op=SEND_HEARTBEAT {datanodeUUID=22ce2f4b-d517-44cf-8041-712d813e08f3, command=[]} | ret=SUCCESS |  
2019-09-12 10:32:02,571 | INFO  | SCMAudit | user=jenkins1000 | ip=192.168.36.114 | op=SEND_HEARTBEAT {datanodeUUID=5dd0cd62-5770-41dd-9e5a-f3f3eedc40c1, command=[]} | ret=SUCCESS |  
2019-09-12 10:32:02,571 | INFO  | SCMAudit | user=jenkins1000 | ip=192.168.36.114 | op=SEND_HEARTBEAT {datanodeUUID=1349d5ba-07d4-450a-9218-4f0361201438, command=[]} | ret=SUCCESS |  
2019-09-12 10:32:02,572 | INFO  | SCMAudit | user=jenkins1000 | ip=192.168.36.114 | op=SEND_HEARTBEAT {datanodeUUID=c1e71898-521f-4627-a3f1-9884c4b96ced, command=[]} | ret=SUCCESS |  
2019-09-12 10:32:02,709 [org.apache.hadoop.util.JvmPauseMonitor$Monitor@6b8bce80] INFO  util.JvmPauseMonitor (JvmPauseMonitor.java:run(188)) - Starting JVM pause monitor
2019-09-12 10:32:02,712 [Datanode State Machine Thread - 0] INFO  datanode.InitDatanodeState (InitDatanodeState.java:persistContainerDatanodeDetails(140)) - DatanodeDetails is persisted to /workdir/hadoop-ozone/integration-test/target/test-dir/MiniOzoneClusterImpl-39631bd2-f83c-4f24-acb2-4c1b273f2694/datanode-0/meta/datanode.id
2019-09-12 10:32:02,712 [main] INFO  ozone.HddsDatanodeService (HddsDatanodeService.java:start(184)) - HddsDatanodeService host:pr-hdds-1569-58hkm-1881083799 ip:192.168.36.114
2019-09-12 10:32:02,739 [main] INFO  volume.HddsVolume (HddsVolume.java:<init>(176)) - Creating Volume: /workdir/hadoop-ozone/integration-test/target/test-dir/MiniOzoneClusterImpl-39631bd2-f83c-4f24-acb2-4c1b273f2694/datanode-1/data/containers/hdds of  storage type : DISK and capacity : 1482555576320
2019-09-12 10:32:02,740 [main] INFO  volume.VolumeSet (VolumeSet.java:initializeVolumeSet(170)) - Added Volume : /workdir/hadoop-ozone/integration-test/target/test-dir/MiniOzoneClusterImpl-39631bd2-f83c-4f24-acb2-4c1b273f2694/datanode-1/data/containers/hdds to VolumeSet
2019-09-12 10:32:02,740 [main] INFO  volume.ThrottledAsyncChecker (ThrottledAsyncChecker.java:schedule(140)) - Scheduling a check for org.apache.hadoop.ozone.container.common.volume.HddsVolume@24ac87a
2019-09-12 10:32:02,740 [main] INFO  volume.HddsVolumeChecker (HddsVolumeChecker.java:checkAllVolumes(203)) - Scheduled health check for volume org.apache.hadoop.ozone.container.common.volume.HddsVolume@24ac87a
2019-09-12 10:32:02,777 [main] INFO  impl.RaftServerProxy (ConfUtils.java:logGet(43)) - raft.rpc.type = GRPC (default)
2019-09-12 10:32:02,777 [main] INFO  grpc.GrpcFactory (GrpcFactory.java:checkPooledByteBufAllocatorUseCacheForAllThreads(45)) - PERFORMANCE WARNING: useCacheForAllThreads is true that may cause Netty to create a lot garbage objects and, as a result, trigger GC.
	It is recommended to disable useCacheForAllThreads by setting -Dorg.apache.ratis.thirdparty.io.netty.allocator.useCacheForAllThreads=false in command line.
2019-09-12 10:32:02,777 [main] INFO  grpc.GrpcConfigKeys$Server (ConfUtils.java:logGet(43)) - raft.grpc.server.port = 0 (default)
2019-09-12 10:32:02,777 [main] INFO  server.GrpcService (ConfUtils.java:logGet(43)) - raft.grpc.message.size.max = 33570816 (custom)
2019-09-12 10:32:02,777 [main] INFO  server.RaftServerConfigKeys (ConfUtils.java:logGet(43)) - raft.server.log.appender.buffer.byte-limit = 33554432 (custom)
2019-09-12 10:32:02,778 [main] INFO  server.GrpcService (ConfUtils.java:logGet(43)) - raft.grpc.flow.control.window = 1MB (=1048576) (default)
2019-09-12 10:32:02,778 [main] INFO  server.RaftServerConfigKeys (ConfUtils.java:logGet(43)) - raft.server.rpc.request.timeout = 3000ms (default)
2019-09-12 10:32:02,779 [main] INFO  server.RaftServerConfigKeys (ConfUtils.java:logGet(43)) - raft.server.storage.dir = [/workdir/hadoop-ozone/integration-test/target/test-dir/MiniOzoneClusterImpl-39631bd2-f83c-4f24-acb2-4c1b273f2694/datanode-1/data/ratis] (custom)
2019-09-12 10:32:02,779 [main] INFO  replication.SimpleContainerDownloader (SimpleContainerDownloader.java:<init>(72)) - Starting container downloader service to copy containers to replicate.
2019-09-12 10:32:02,780 [main] INFO  hdfs.DFSUtil (DFSUtil.java:httpServerTemplateForNNAndJN(1641)) - Starting Web-server for hddsDatanode at: http://0.0.0.0:0
2019-09-12 10:32:02,781 [main] INFO  server.AuthenticationFilter (AuthenticationFilter.java:constructSecretProvider(240)) - Unable to initialize FileSignerSecretProvider, falling back to use random secrets.
2019-09-12 10:32:02,782 [main] WARN  http.HttpRequestLog (HttpRequestLog.java:getRequestLog(97)) - Jetty request log can only be enabled using Log4j
2019-09-12 10:32:02,783 [main] INFO  http.HttpServer2 (HttpServer2.java:addGlobalFilter(975)) - Added global filter 'safety' (class=org.apache.hadoop.http.HttpServer2$QuotingInputFilter)
2019-09-12 10:32:02,784 [main] INFO  http.HttpServer2 (HttpServer2.java:addFilter(948)) - Added filter static_user_filter (class=org.apache.hadoop.http.lib.StaticUserWebFilter$StaticUserFilter) to context hddsDatanode
2019-09-12 10:32:02,784 [main] INFO  http.HttpServer2 (HttpServer2.java:addFilter(958)) - Added filter static_user_filter (class=org.apache.hadoop.http.lib.StaticUserWebFilter$StaticUserFilter) to context static
2019-09-12 10:32:02,784 [main] INFO  http.HttpServer2 (HttpServer2.java:addFilter(958)) - Added filter static_user_filter (class=org.apache.hadoop.http.lib.StaticUserWebFilter$StaticUserFilter) to context logs
2019-09-12 10:32:02,785 [main] INFO  http.HttpServer2 (HttpServer2.java:bindListener(1191)) - Jetty bound to port 38787
2019-09-12 10:32:02,785 [main] INFO  server.Server (Server.java:doStart(351)) - jetty-9.3.24.v20180605, build timestamp: 2018-06-05T17:11:56Z, git hash: 84205aa28f11a4f31f2a3b86d1bba2cc8ab69827
2019-09-12 10:32:02,787 [main] INFO  handler.ContextHandler (ContextHandler.java:doStart(781)) - Started o.e.j.s.ServletContextHandler@15a6a91f{/logs,file:///workdir/hadoop-ozone/integration-test/target/log,AVAILABLE}
2019-09-12 10:32:02,787 [main] INFO  handler.ContextHandler (ContextHandler.java:doStart(781)) - Started o.e.j.s.ServletContextHandler@24888d8b{/static,jar:file:/home/user/.m2/repository/org/apache/hadoop/hadoop-hdds-container-service/0.5.0-SNAPSHOT/hadoop-hdds-container-service-0.5.0-SNAPSHOT.jar!/webapps/static,AVAILABLE}
2019-09-12 10:32:02,888 [main] INFO  handler.ContextHandler (ContextHandler.java:doStart(781)) - Started o.e.j.w.WebAppContext@1771d6a5{/,file:///tmp/jetty-0.0.0.0-38787-hddsDatanode-_-any-5696511904549444152.dir/webapp/,AVAILABLE}{/hddsDatanode}
2019-09-12 10:32:02,889 [main] INFO  server.AbstractConnector (AbstractConnector.java:doStart(278)) - Started ServerConnector@1d51b6a8{HTTP/1.1,[http/1.1]}{0.0.0.0:38787}
2019-09-12 10:32:02,899 [main] INFO  server.Server (Server.java:doStart(419)) - Started @54237ms
2019-09-12 10:32:02,900 [main] INFO  server.BaseHttpServer (BaseHttpServer.java:updateConnectorAddress(213)) - HTTP server of HDDSDATANODE is listening at http://0.0.0.0:38787
2019-09-12 10:32:02,933 | INFO  | SCMAudit | user=jenkins1000 | ip=192.168.36.114 | op=SEND_HEARTBEAT {datanodeUUID=334c5273-7871-4d53-8b37-de05e5a3be10, command=[]} | ret=SUCCESS |  
2019-09-12 10:32:02,933 | INFO  | SCMAudit | user=jenkins1000 | ip=192.168.36.114 | op=SEND_HEARTBEAT {datanodeUUID=ff438662-24cf-49bb-bfc5-3308ec6d286b, command=[]} | ret=SUCCESS |  
2019-09-12 10:32:02,933 | INFO  | SCMAudit | user=jenkins1000 | ip=192.168.36.114 | op=SEND_HEARTBEAT {datanodeUUID=c54af6f8-a22e-478f-90e1-029d14059a99, command=[]} | ret=SUCCESS |  
2019-09-12 10:32:02,933 | INFO  | SCMAudit | user=jenkins1000 | ip=192.168.36.114 | op=SEND_HEARTBEAT {datanodeUUID=2d50b591-d6e4-490f-9fa0-973ad5423bd7, command=[]} | ret=SUCCESS |  
2019-09-12 10:32:02,934 | INFO  | SCMAudit | user=jenkins1000 | ip=192.168.36.114 | op=SEND_HEARTBEAT {datanodeUUID=2cb9d557-cb56-4745-8686-5e72b62e748a, command=[]} | ret=SUCCESS |  
2019-09-12 10:32:02,934 | INFO  | SCMAudit | user=jenkins1000 | ip=192.168.36.114 | op=SEND_HEARTBEAT {datanodeUUID=d9d65fd8-d100-497d-8460-9a4cf62b4ad5, command=[]} | ret=SUCCESS |  
2019-09-12 10:32:02,935 | INFO  | SCMAudit | user=jenkins1000 | ip=192.168.36.114 | op=SEND_HEARTBEAT {datanodeUUID=accf000b-d7b7-4fa5-9682-da82c4451e10, command=[]} | ret=SUCCESS |  
2019-09-12 10:32:02,936 | INFO  | SCMAudit | user=jenkins1000 | ip=192.168.36.114 | op=SEND_HEARTBEAT {datanodeUUID=ad8ae342-df06-4311-9d84-524877c98111, command=[]} | ret=SUCCESS |  
2019-09-12 10:32:02,936 | INFO  | SCMAudit | user=jenkins1000 | ip=192.168.36.114 | op=SEND_HEARTBEAT {datanodeUUID=9616c881-dbb1-48da-90dd-a872ed779a2e, command=[]} | ret=SUCCESS |  
2019-09-12 10:32:02,936 | INFO  | SCMAudit | user=jenkins1000 | ip=192.168.36.114 | op=SEND_HEARTBEAT {datanodeUUID=c9031a36-5f7c-4098-8bea-8a46141708a6, command=[]} | ret=SUCCESS |  
2019-09-12 10:32:02,937 | INFO  | SCMAudit | user=jenkins1000 | ip=192.168.36.114 | op=SEND_HEARTBEAT {datanodeUUID=39df7a3f-9691-48d4-a2b1-6888489a5f8a, command=[]} | ret=SUCCESS |  
2019-09-12 10:32:03,054 | INFO  | ObjectStoreRestHttpServer | Listening HDDS REST traffic on /0.0.0.0:43458 |  
2019-09-12 10:32:03,054 [main] INFO  ozone.HddsDatanodeService (HddsDatanodeService.java:startPlugins(395)) - Started plug-in org.apache.hadoop.ozone.web.OzoneHddsDatanodeService@7fba492e
2019-09-12 10:32:03,068 [main] INFO  impl.MetricsSystemImpl (MetricsSystemImpl.java:init(158)) - HddsDatanode metrics system started (again)
2019-09-12 10:32:03,078 [org.apache.hadoop.util.JvmPauseMonitor$Monitor@1af1db4d] INFO  util.JvmPauseMonitor (JvmPauseMonitor.java:run(188)) - Starting JVM pause monitor
2019-09-12 10:32:03,211 [Datanode State Machine Thread - 0] INFO  datanode.InitDatanodeState (InitDatanodeState.java:persistContainerDatanodeDetails(140)) - DatanodeDetails is persisted to /workdir/hadoop-ozone/integration-test/target/test-dir/MiniOzoneClusterImpl-39631bd2-f83c-4f24-acb2-4c1b273f2694/datanode-1/meta/datanode.id
2019-09-12 10:32:03,214 [main] INFO  ozone.HddsDatanodeService (HddsDatanodeService.java:start(184)) - HddsDatanodeService host:pr-hdds-1569-58hkm-1881083799 ip:192.168.36.114
2019-09-12 10:32:03,239 [main] INFO  volume.HddsVolume (HddsVolume.java:<init>(176)) - Creating Volume: /workdir/hadoop-ozone/integration-test/target/test-dir/MiniOzoneClusterImpl-39631bd2-f83c-4f24-acb2-4c1b273f2694/datanode-2/data/containers/hdds of  storage type : DISK and capacity : 1482555576320
2019-09-12 10:32:03,240 [main] INFO  volume.VolumeSet (VolumeSet.java:initializeVolumeSet(170)) - Added Volume : /workdir/hadoop-ozone/integration-test/target/test-dir/MiniOzoneClusterImpl-39631bd2-f83c-4f24-acb2-4c1b273f2694/datanode-2/data/containers/hdds to VolumeSet
2019-09-12 10:32:03,240 [main] INFO  volume.ThrottledAsyncChecker (ThrottledAsyncChecker.java:schedule(140)) - Scheduling a check for org.apache.hadoop.ozone.container.common.volume.HddsVolume@141eb85b
2019-09-12 10:32:03,241 [main] INFO  volume.HddsVolumeChecker (HddsVolumeChecker.java:checkAllVolumes(203)) - Scheduled health check for volume org.apache.hadoop.ozone.container.common.volume.HddsVolume@141eb85b
2019-09-12 10:32:03,263 [main] INFO  impl.RaftServerProxy (ConfUtils.java:logGet(43)) - raft.rpc.type = GRPC (default)
2019-09-12 10:32:03,263 [main] INFO  grpc.GrpcFactory (GrpcFactory.java:checkPooledByteBufAllocatorUseCacheForAllThreads(45)) - PERFORMANCE WARNING: useCacheForAllThreads is true that may cause Netty to create a lot garbage objects and, as a result, trigger GC.
	It is recommended to disable useCacheForAllThreads by setting -Dorg.apache.ratis.thirdparty.io.netty.allocator.useCacheForAllThreads=false in command line.
2019-09-12 10:32:03,264 [main] INFO  grpc.GrpcConfigKeys$Server (ConfUtils.java:logGet(43)) - raft.grpc.server.port = 0 (default)
2019-09-12 10:32:03,264 [main] INFO  server.GrpcService (ConfUtils.java:logGet(43)) - raft.grpc.message.size.max = 33570816 (custom)
2019-09-12 10:32:03,264 [main] INFO  server.RaftServerConfigKeys (ConfUtils.java:logGet(43)) - raft.server.log.appender.buffer.byte-limit = 33554432 (custom)
2019-09-12 10:32:03,264 [main] INFO  server.GrpcService (ConfUtils.java:logGet(43)) - raft.grpc.flow.control.window = 1MB (=1048576) (default)
2019-09-12 10:32:03,264 [main] INFO  server.RaftServerConfigKeys (ConfUtils.java:logGet(43)) - raft.server.rpc.request.timeout = 3000ms (default)
2019-09-12 10:32:03,265 [main] INFO  server.RaftServerConfigKeys (ConfUtils.java:logGet(43)) - raft.server.storage.dir = [/workdir/hadoop-ozone/integration-test/target/test-dir/MiniOzoneClusterImpl-39631bd2-f83c-4f24-acb2-4c1b273f2694/datanode-2/data/ratis] (custom)
2019-09-12 10:32:03,265 [main] INFO  replication.SimpleContainerDownloader (SimpleContainerDownloader.java:<init>(72)) - Starting container downloader service to copy containers to replicate.
2019-09-12 10:32:03,266 [main] INFO  hdfs.DFSUtil (DFSUtil.java:httpServerTemplateForNNAndJN(1641)) - Starting Web-server for hddsDatanode at: http://0.0.0.0:0
2019-09-12 10:32:03,267 [main] INFO  server.AuthenticationFilter (AuthenticationFilter.java:constructSecretProvider(240)) - Unable to initialize FileSignerSecretProvider, falling back to use random secrets.
2019-09-12 10:32:03,268 [main] WARN  http.HttpRequestLog (HttpRequestLog.java:getRequestLog(97)) - Jetty request log can only be enabled using Log4j
2019-09-12 10:32:03,269 [main] INFO  http.HttpServer2 (HttpServer2.java:addGlobalFilter(975)) - Added global filter 'safety' (class=org.apache.hadoop.http.HttpServer2$QuotingInputFilter)
2019-09-12 10:32:03,269 [main] INFO  http.HttpServer2 (HttpServer2.java:addFilter(948)) - Added filter static_user_filter (class=org.apache.hadoop.http.lib.StaticUserWebFilter$StaticUserFilter) to context hddsDatanode
2019-09-12 10:32:03,269 [main] INFO  http.HttpServer2 (HttpServer2.java:addFilter(958)) - Added filter static_user_filter (class=org.apache.hadoop.http.lib.StaticUserWebFilter$StaticUserFilter) to context logs
2019-09-12 10:32:03,270 [main] INFO  http.HttpServer2 (HttpServer2.java:addFilter(958)) - Added filter static_user_filter (class=org.apache.hadoop.http.lib.StaticUserWebFilter$StaticUserFilter) to context static
2019-09-12 10:32:03,270 [main] INFO  http.HttpServer2 (HttpServer2.java:bindListener(1191)) - Jetty bound to port 37262
2019-09-12 10:32:03,270 [main] INFO  server.Server (Server.java:doStart(351)) - jetty-9.3.24.v20180605, build timestamp: 2018-06-05T17:11:56Z, git hash: 84205aa28f11a4f31f2a3b86d1bba2cc8ab69827
2019-09-12 10:32:03,272 [main] INFO  handler.ContextHandler (ContextHandler.java:doStart(781)) - Started o.e.j.s.ServletContextHandler@15254569{/logs,file:///workdir/hadoop-ozone/integration-test/target/log,AVAILABLE}
2019-09-12 10:32:03,273 [main] INFO  handler.ContextHandler (ContextHandler.java:doStart(781)) - Started o.e.j.s.ServletContextHandler@3a5b1af7{/static,jar:file:/home/user/.m2/repository/org/apache/hadoop/hadoop-hdds-container-service/0.5.0-SNAPSHOT/hadoop-hdds-container-service-0.5.0-SNAPSHOT.jar!/webapps/static,AVAILABLE}
2019-09-12 10:32:03,342 [Thread-1318] INFO  impl.FollowerState (FollowerState.java:run(106)) - d9d65fd8-d100-497d-8460-9a4cf62b4ad5:group-6150B09B443E changes to CANDIDATE, lastRpcTime:5789, electionTimeout:5122ms
2019-09-12 10:32:03,343 [Thread-1318] INFO  impl.RoleInfo (RoleInfo.java:shutdownFollowerState(121)) - d9d65fd8-d100-497d-8460-9a4cf62b4ad5: shutdown FollowerState
2019-09-12 10:32:03,343 [Thread-1318] INFO  impl.RaftServerImpl (RaftServerImpl.java:setRole(171)) - d9d65fd8-d100-497d-8460-9a4cf62b4ad5:group-6150B09B443E changes role from FOLLOWER to CANDIDATE at term 0 for changeToCandidate
2019-09-12 10:32:03,343 [Thread-1318] INFO  impl.RoleInfo (RoleInfo.java:updateAndGet(143)) - d9d65fd8-d100-497d-8460-9a4cf62b4ad5: start LeaderElection
2019-09-12 10:32:03,358 [main] INFO  handler.ContextHandler (ContextHandler.java:doStart(781)) - Started o.e.j.w.WebAppContext@5b8b9b2d{/,file:///tmp/jetty-0.0.0.0-37262-hddsDatanode-_-any-8503442234062061665.dir/webapp/,AVAILABLE}{/hddsDatanode}
2019-09-12 10:32:03,358 [main] INFO  server.AbstractConnector (AbstractConnector.java:doStart(278)) - Started ServerConnector@7a7bb083{HTTP/1.1,[http/1.1]}{0.0.0.0:37262}
2019-09-12 10:32:03,367 [main] INFO  server.Server (Server.java:doStart(419)) - Started @54705ms
2019-09-12 10:32:03,368 [main] INFO  server.BaseHttpServer (BaseHttpServer.java:updateConnectorAddress(213)) - HTTP server of HDDSDATANODE is listening at http://0.0.0.0:37262
2019-09-12 10:32:03,383 [d9d65fd8-d100-497d-8460-9a4cf62b4ad5:group-6150B09B443E:LeaderElection123] INFO  impl.LeaderElection (LeaderElection.java:askForVotes(181)) - d9d65fd8-d100-497d-8460-9a4cf62b4ad5:group-6150B09B443E:LeaderElection123: begin an election at term 1 for -1: [d9d65fd8-d100-497d-8460-9a4cf62b4ad5:192.168.36.114:33192], old=null
2019-09-12 10:32:03,383 [d9d65fd8-d100-497d-8460-9a4cf62b4ad5:group-6150B09B443E:LeaderElection123] INFO  impl.RoleInfo (RoleInfo.java:shutdownLeaderElection(134)) - d9d65fd8-d100-497d-8460-9a4cf62b4ad5: shutdown LeaderElection
2019-09-12 10:32:03,383 [d9d65fd8-d100-497d-8460-9a4cf62b4ad5:group-6150B09B443E:LeaderElection123] INFO  impl.RaftServerImpl (RaftServerImpl.java:setRole(171)) - d9d65fd8-d100-497d-8460-9a4cf62b4ad5:group-6150B09B443E changes role from CANDIDATE to LEADER at term 1 for changeToLeader
2019-09-12 10:32:03,384 [d9d65fd8-d100-497d-8460-9a4cf62b4ad5:group-6150B09B443E:LeaderElection123] INFO  impl.RaftServerImpl (ServerState.java:setLeader(263)) - d9d65fd8-d100-497d-8460-9a4cf62b4ad5:group-6150B09B443E change Leader from null to d9d65fd8-d100-497d-8460-9a4cf62b4ad5 at term 1 for becomeLeader, leader elected after 11998ms
2019-09-12 10:32:03,384 [d9d65fd8-d100-497d-8460-9a4cf62b4ad5:group-6150B09B443E:LeaderElection123] INFO  server.RaftServerConfigKeys (ConfUtils.java:logGet(43)) - raft.server.staging.catchup.gap = 1000 (default)
2019-09-12 10:32:03,384 [d9d65fd8-d100-497d-8460-9a4cf62b4ad5:group-6150B09B443E:LeaderElection123] INFO  server.RaftServerConfigKeys (ConfUtils.java:logGet(43)) - raft.server.rpc.sleep.time = 25ms (default)
2019-09-12 10:32:03,384 [d9d65fd8-d100-497d-8460-9a4cf62b4ad5:group-6150B09B443E:LeaderElection123] INFO  server.RaftServerConfigKeys (ConfUtils.java:logGet(43)) - raft.server.write.element-limit = 4096 (default)
2019-09-12 10:32:03,384 [d9d65fd8-d100-497d-8460-9a4cf62b4ad5:group-6150B09B443E:LeaderElection123] INFO  server.RaftServerConfigKeys (ConfUtils.java:logGet(43)) - raft.server.watch.timeout = 10s (default)
2019-09-12 10:32:03,384 [d9d65fd8-d100-497d-8460-9a4cf62b4ad5:group-6150B09B443E:LeaderElection123] INFO  server.RaftServerConfigKeys (ConfUtils.java:logGet(43)) - raft.server.watch.timeout.denomination = 1s (default)
2019-09-12 10:32:03,384 [d9d65fd8-d100-497d-8460-9a4cf62b4ad5:group-6150B09B443E:LeaderElection123] INFO  server.RaftServerConfigKeys (ConfUtils.java:logGet(43)) - raft.server.watch.element-limit = 65536 (default)
2019-09-12 10:32:03,384 [d9d65fd8-d100-497d-8460-9a4cf62b4ad5:group-6150B09B443E:LeaderElection123] INFO  impl.RoleInfo (RoleInfo.java:updateAndGet(143)) - d9d65fd8-d100-497d-8460-9a4cf62b4ad5: start LeaderState
2019-09-12 10:32:03,385 [d9d65fd8-d100-497d-8460-9a4cf62b4ad5:group-6150B09B443E:LeaderElection123] INFO  segmented.SegmentedRaftLogWorker (SegmentedRaftLogWorker.java:startLogSegment(380)) - d9d65fd8-d100-497d-8460-9a4cf62b4ad5-SegmentedRaftLogWorker:Storage Directory /workdir/hadoop-ozone/integration-test/target/test-dir/MiniOzoneClusterImpl-d867a4e1-154a-4113-b5e4-c09c14df2894/datanode-6/data/ratis/4056681a-3dc1-4da0-9322-6150b09b443e: Starting segment from index:0
2019-09-12 10:32:03,385 [d9d65fd8-d100-497d-8460-9a4cf62b4ad5:group-6150B09B443E:LeaderElection123] INFO  impl.RaftServerImpl (ServerState.java:setRaftConf(361)) - d9d65fd8-d100-497d-8460-9a4cf62b4ad5:group-6150B09B443E set configuration 0: [d9d65fd8-d100-497d-8460-9a4cf62b4ad5:192.168.36.114:33192], old=null at 0
2019-09-12 10:32:03,838 | INFO  | SCMAudit | user=jenkins1000 | ip=192.168.36.114 | op=SEND_HEARTBEAT {datanodeUUID=22ce2f4b-d517-44cf-8041-712d813e08f3, command=[]} | ret=SUCCESS |  
2019-09-12 10:32:03,845 | INFO  | SCMAudit | user=jenkins1000 | ip=192.168.36.114 | op=SEND_HEARTBEAT {datanodeUUID=b6dd7c38-f675-445e-811b-15cf17d56c0a, command=[]} | ret=SUCCESS |  
2019-09-12 10:32:03,845 | INFO  | SCMAudit | user=jenkins1000 | ip=192.168.36.114 | op=SEND_HEARTBEAT {datanodeUUID=5dd0cd62-5770-41dd-9e5a-f3f3eedc40c1, command=[]} | ret=SUCCESS |  
2019-09-12 10:32:03,845 | INFO  | SCMAudit | user=jenkins1000 | ip=192.168.36.114 | op=SEND_HEARTBEAT {datanodeUUID=d40ec8ee-ac9e-41d6-86bd-e74a05605b85, command=[]} | ret=SUCCESS |  
2019-09-12 10:32:03,846 | INFO  | SCMAudit | user=jenkins1000 | ip=192.168.36.114 | op=SEND_HEARTBEAT {datanodeUUID=bcda0514-d42e-47ca-96fd-c0a633e872a8, command=[]} | ret=SUCCESS |  
2019-09-12 10:32:03,846 | INFO  | SCMAudit | user=jenkins1000 | ip=192.168.36.114 | op=SEND_HEARTBEAT {datanodeUUID=caccd92c-2544-4e02-86cf-95849f240c1b, command=[]} | ret=SUCCESS |  
2019-09-12 10:32:03,846 | INFO  | SCMAudit | user=jenkins1000 | ip=192.168.36.114 | op=SEND_HEARTBEAT {datanodeUUID=1349d5ba-07d4-450a-9218-4f0361201438, command=[]} | ret=SUCCESS |  
2019-09-12 10:32:03,846 | INFO  | SCMAudit | user=jenkins1000 | ip=192.168.36.114 | op=SEND_HEARTBEAT {datanodeUUID=f17b4253-95a0-4ee6-8ded-88f070f15b33, command=[]} | ret=SUCCESS |  
2019-09-12 10:32:03,846 | INFO  | SCMAudit | user=jenkins1000 | ip=192.168.36.114 | op=SEND_HEARTBEAT {datanodeUUID=c1e71898-521f-4627-a3f1-9884c4b96ced, command=[]} | ret=SUCCESS |  
2019-09-12 10:32:03,846 | INFO  | SCMAudit | user=jenkins1000 | ip=192.168.36.114 | op=SEND_HEARTBEAT {datanodeUUID=eaeff1e2-de9c-4510-872d-283eb6c3c330, command=[]} | ret=SUCCESS |  
2019-09-12 10:32:03,933 | INFO  | SCMAudit | user=jenkins1000 | ip=192.168.36.114 | op=SEND_HEARTBEAT {datanodeUUID=c54af6f8-a22e-478f-90e1-029d14059a99, command=[]} | ret=SUCCESS |  
2019-09-12 10:32:03,933 | INFO  | SCMAudit | user=jenkins1000 | ip=192.168.36.114 | op=SEND_HEARTBEAT {datanodeUUID=ff438662-24cf-49bb-bfc5-3308ec6d286b, command=[]} | ret=SUCCESS |  
2019-09-12 10:32:03,933 | INFO  | SCMAudit | user=jenkins1000 | ip=192.168.36.114 | op=SEND_HEARTBEAT {datanodeUUID=334c5273-7871-4d53-8b37-de05e5a3be10, command=[]} | ret=SUCCESS |  
2019-09-12 10:32:03,934 | INFO  | SCMAudit | user=jenkins1000 | ip=192.168.36.114 | op=SEND_HEARTBEAT {datanodeUUID=2d50b591-d6e4-490f-9fa0-973ad5423bd7, command=[]} | ret=SUCCESS |  
2019-09-12 10:32:03,934 | INFO  | SCMAudit | user=jenkins1000 | ip=192.168.36.114 | op=SEND_HEARTBEAT {datanodeUUID=2cb9d557-cb56-4745-8686-5e72b62e748a, command=[]} | ret=SUCCESS |  
2019-09-12 10:32:03,934 | INFO  | SCMAudit | user=jenkins1000 | ip=192.168.36.114 | op=SEND_HEARTBEAT {datanodeUUID=d9d65fd8-d100-497d-8460-9a4cf62b4ad5, command=[]} | ret=SUCCESS |  
2019-09-12 10:32:03,935 | INFO  | SCMAudit | user=jenkins1000 | ip=192.168.36.114 | op=SEND_HEARTBEAT {datanodeUUID=accf000b-d7b7-4fa5-9682-da82c4451e10, command=[]} | ret=SUCCESS |  
2019-09-12 10:32:03,936 | INFO  | SCMAudit | user=jenkins1000 | ip=192.168.36.114 | op=SEND_HEARTBEAT {datanodeUUID=ad8ae342-df06-4311-9d84-524877c98111, command=[]} | ret=SUCCESS |  
2019-09-12 10:32:03,936 | INFO  | SCMAudit | user=jenkins1000 | ip=192.168.36.114 | op=SEND_HEARTBEAT {datanodeUUID=9616c881-dbb1-48da-90dd-a872ed779a2e, command=[]} | ret=SUCCESS |  
2019-09-12 10:32:03,936 | INFO  | SCMAudit | user=jenkins1000 | ip=192.168.36.114 | op=SEND_HEARTBEAT {datanodeUUID=39df7a3f-9691-48d4-a2b1-6888489a5f8a, command=[]} | ret=SUCCESS |  
2019-09-12 10:32:03,936 | INFO  | SCMAudit | user=jenkins1000 | ip=192.168.36.114 | op=SEND_HEARTBEAT {datanodeUUID=c9031a36-5f7c-4098-8bea-8a46141708a6, command=[]} | ret=SUCCESS |  
2019-09-12 10:32:03,989 | INFO  | ObjectStoreRestHttpServer | Listening HDDS REST traffic on /0.0.0.0:42903 |  
2019-09-12 10:32:03,989 [main] INFO  ozone.HddsDatanodeService (HddsDatanodeService.java:startPlugins(395)) - Started plug-in org.apache.hadoop.ozone.web.OzoneHddsDatanodeService@751b901a
2019-09-12 10:32:03,989 [main] INFO  impl.MetricsSystemImpl (MetricsSystemImpl.java:init(158)) - HddsDatanode metrics system started (again)
2019-09-12 10:32:03,993 [org.apache.hadoop.util.JvmPauseMonitor$Monitor@3ebb428d] INFO  util.JvmPauseMonitor (JvmPauseMonitor.java:run(188)) - Starting JVM pause monitor
2019-09-12 10:32:04,141 [Datanode State Machine Thread - 0] INFO  datanode.InitDatanodeState (InitDatanodeState.java:persistContainerDatanodeDetails(140)) - DatanodeDetails is persisted to /workdir/hadoop-ozone/integration-test/target/test-dir/MiniOzoneClusterImpl-39631bd2-f83c-4f24-acb2-4c1b273f2694/datanode-2/meta/datanode.id
2019-09-12 10:32:04,142 [main] INFO  ozone.HddsDatanodeService (HddsDatanodeService.java:start(184)) - HddsDatanodeService host:pr-hdds-1569-58hkm-1881083799 ip:192.168.36.114
2019-09-12 10:32:04,176 [main] INFO  volume.HddsVolume (HddsVolume.java:<init>(176)) - Creating Volume: /workdir/hadoop-ozone/integration-test/target/test-dir/MiniOzoneClusterImpl-39631bd2-f83c-4f24-acb2-4c1b273f2694/datanode-3/data/containers/hdds of  storage type : DISK and capacity : 1482555576320
2019-09-12 10:32:04,177 [main] INFO  volume.VolumeSet (VolumeSet.java:initializeVolumeSet(170)) - Added Volume : /workdir/hadoop-ozone/integration-test/target/test-dir/MiniOzoneClusterImpl-39631bd2-f83c-4f24-acb2-4c1b273f2694/datanode-3/data/containers/hdds to VolumeSet
2019-09-12 10:32:04,177 [main] INFO  volume.ThrottledAsyncChecker (ThrottledAsyncChecker.java:schedule(140)) - Scheduling a check for org.apache.hadoop.ozone.container.common.volume.HddsVolume@2d2fe68a
2019-09-12 10:32:04,178 [main] INFO  volume.HddsVolumeChecker (HddsVolumeChecker.java:checkAllVolumes(203)) - Scheduled health check for volume org.apache.hadoop.ozone.container.common.volume.HddsVolume@2d2fe68a
2019-09-12 10:32:04,208 [main] INFO  impl.RaftServerProxy (ConfUtils.java:logGet(43)) - raft.rpc.type = GRPC (default)
2019-09-12 10:32:04,208 [main] INFO  grpc.GrpcFactory (GrpcFactory.java:checkPooledByteBufAllocatorUseCacheForAllThreads(45)) - PERFORMANCE WARNING: useCacheForAllThreads is true that may cause Netty to create a lot garbage objects and, as a result, trigger GC.
	It is recommended to disable useCacheForAllThreads by setting -Dorg.apache.ratis.thirdparty.io.netty.allocator.useCacheForAllThreads=false in command line.
2019-09-12 10:32:04,208 [main] INFO  grpc.GrpcConfigKeys$Server (ConfUtils.java:logGet(43)) - raft.grpc.server.port = 0 (default)
2019-09-12 10:32:04,209 [main] INFO  server.GrpcService (ConfUtils.java:logGet(43)) - raft.grpc.message.size.max = 33570816 (custom)
2019-09-12 10:32:04,209 [main] INFO  server.RaftServerConfigKeys (ConfUtils.java:logGet(43)) - raft.server.log.appender.buffer.byte-limit = 33554432 (custom)
2019-09-12 10:32:04,209 [main] INFO  server.GrpcService (ConfUtils.java:logGet(43)) - raft.grpc.flow.control.window = 1MB (=1048576) (default)
2019-09-12 10:32:04,209 [main] INFO  server.RaftServerConfigKeys (ConfUtils.java:logGet(43)) - raft.server.rpc.request.timeout = 3000ms (default)
2019-09-12 10:32:04,210 [main] INFO  server.RaftServerConfigKeys (ConfUtils.java:logGet(43)) - raft.server.storage.dir = [/workdir/hadoop-ozone/integration-test/target/test-dir/MiniOzoneClusterImpl-39631bd2-f83c-4f24-acb2-4c1b273f2694/datanode-3/data/ratis] (custom)
2019-09-12 10:32:04,210 [main] INFO  replication.SimpleContainerDownloader (SimpleContainerDownloader.java:<init>(72)) - Starting container downloader service to copy containers to replicate.
2019-09-12 10:32:04,211 [main] INFO  hdfs.DFSUtil (DFSUtil.java:httpServerTemplateForNNAndJN(1641)) - Starting Web-server for hddsDatanode at: http://0.0.0.0:0
2019-09-12 10:32:04,213 [main] INFO  server.AuthenticationFilter (AuthenticationFilter.java:constructSecretProvider(240)) - Unable to initialize FileSignerSecretProvider, falling back to use random secrets.
2019-09-12 10:32:04,213 [main] WARN  http.HttpRequestLog (HttpRequestLog.java:getRequestLog(97)) - Jetty request log can only be enabled using Log4j
2019-09-12 10:32:04,214 [main] INFO  http.HttpServer2 (HttpServer2.java:addGlobalFilter(975)) - Added global filter 'safety' (class=org.apache.hadoop.http.HttpServer2$QuotingInputFilter)
2019-09-12 10:32:04,215 [main] INFO  http.HttpServer2 (HttpServer2.java:addFilter(948)) - Added filter static_user_filter (class=org.apache.hadoop.http.lib.StaticUserWebFilter$StaticUserFilter) to context hddsDatanode
2019-09-12 10:32:04,215 [main] INFO  http.HttpServer2 (HttpServer2.java:addFilter(958)) - Added filter static_user_filter (class=org.apache.hadoop.http.lib.StaticUserWebFilter$StaticUserFilter) to context static
2019-09-12 10:32:04,215 [main] INFO  http.HttpServer2 (HttpServer2.java:addFilter(958)) - Added filter static_user_filter (class=org.apache.hadoop.http.lib.StaticUserWebFilter$StaticUserFilter) to context logs
2019-09-12 10:32:04,215 [main] INFO  http.HttpServer2 (HttpServer2.java:bindListener(1191)) - Jetty bound to port 45600
2019-09-12 10:32:04,216 [main] INFO  server.Server (Server.java:doStart(351)) - jetty-9.3.24.v20180605, build timestamp: 2018-06-05T17:11:56Z, git hash: 84205aa28f11a4f31f2a3b86d1bba2cc8ab69827
2019-09-12 10:32:04,217 [main] INFO  handler.ContextHandler (ContextHandler.java:doStart(781)) - Started o.e.j.s.ServletContextHandler@71c1ca1{/logs,file:///workdir/hadoop-ozone/integration-test/target/log,AVAILABLE}
2019-09-12 10:32:04,218 [main] INFO  handler.ContextHandler (ContextHandler.java:doStart(781)) - Started o.e.j.s.ServletContextHandler@1acfc058{/static,jar:file:/home/user/.m2/repository/org/apache/hadoop/hadoop-hdds-container-service/0.5.0-SNAPSHOT/hadoop-hdds-container-service-0.5.0-SNAPSHOT.jar!/webapps/static,AVAILABLE}
2019-09-12 10:32:04,291 [main] INFO  handler.ContextHandler (ContextHandler.java:doStart(781)) - Started o.e.j.w.WebAppContext@4a225014{/,file:///tmp/jetty-0.0.0.0-45600-hddsDatanode-_-any-3181480047505635728.dir/webapp/,AVAILABLE}{/hddsDatanode}
2019-09-12 10:32:04,291 [main] INFO  server.AbstractConnector (AbstractConnector.java:doStart(278)) - Started ServerConnector@7d836c4a{HTTP/1.1,[http/1.1]}{0.0.0.0:45600}
2019-09-12 10:32:04,300 [main] INFO  server.Server (Server.java:doStart(419)) - Started @55639ms
2019-09-12 10:32:04,301 [main] INFO  server.BaseHttpServer (BaseHttpServer.java:updateConnectorAddress(213)) - HTTP server of HDDSDATANODE is listening at http://0.0.0.0:45600
2019-09-12 10:32:04,387 [d9d65fd8-d100-497d-8460-9a4cf62b4ad5-SegmentedRaftLogWorker:Storage Directory /workdir/hadoop-ozone/integration-test/target/test-dir/MiniOzoneClusterImpl-d867a4e1-154a-4113-b5e4-c09c14df2894/datanode-6/data/ratis/4056681a-3dc1-4da0-9322-6150b09b443e] ERROR segmented.SegmentedRaftLogWorker (SegmentedRaftLogWorker.java:run(323)) - d9d65fd8-d100-497d-8460-9a4cf62b4ad5-SegmentedRaftLogWorker:Storage Directory /workdir/hadoop-ozone/integration-test/target/test-dir/MiniOzoneClusterImpl-d867a4e1-154a-4113-b5e4-c09c14df2894/datanode-6/data/ratis/4056681a-3dc1-4da0-9322-6150b09b443e hit exception
java.lang.OutOfMemoryError: Direct buffer memory
	at java.nio.Bits.reserveMemory(Bits.java:666)
	at java.nio.DirectByteBuffer.<init>(DirectByteBuffer.java:123)
	at java.nio.ByteBuffer.allocateDirect(ByteBuffer.java:311)
	at org.apache.ratis.server.raftlog.segmented.BufferedWriteChannel.<init>(BufferedWriteChannel.java:41)
	at org.apache.ratis.server.raftlog.segmented.SegmentedRaftLogOutputStream.<init>(SegmentedRaftLogOutputStream.java:72)
	at org.apache.ratis.server.raftlog.segmented.SegmentedRaftLogWorker$StartLogSegment.execute(SegmentedRaftLogWorker.java:566)
	at org.apache.ratis.server.raftlog.segmented.SegmentedRaftLogWorker.run(SegmentedRaftLogWorker.java:289)
	at java.lang.Thread.run(Thread.java:748)
2019-09-12 10:32:04,387 [d9d65fd8-d100-497d-8460-9a4cf62b4ad5-SegmentedRaftLogWorker:Storage Directory /workdir/hadoop-ozone/integration-test/target/test-dir/MiniOzoneClusterImpl-d867a4e1-154a-4113-b5e4-c09c14df2894/datanode-6/data/ratis/4056681a-3dc1-4da0-9322-6150b09b443e] INFO  impl.RaftServerImpl (RaftServerImpl.java:lambda$shutdown$3(245)) - d9d65fd8-d100-497d-8460-9a4cf62b4ad5: shutdown group-6150B09B443E
2019-09-12 10:32:04,387 [d9d65fd8-d100-497d-8460-9a4cf62b4ad5-SegmentedRaftLogWorker:Storage Directory /workdir/hadoop-ozone/integration-test/target/test-dir/MiniOzoneClusterImpl-d867a4e1-154a-4113-b5e4-c09c14df2894/datanode-6/data/ratis/4056681a-3dc1-4da0-9322-6150b09b443e] INFO  util.JmxRegister (JmxRegister.java:unregister(73)) - Successfully un-registered JMX Bean with object name Ratis:service=RaftServer,group=group-6150B09B443E,id=d9d65fd8-d100-497d-8460-9a4cf62b4ad5
2019-09-12 10:32:04,387 [d9d65fd8-d100-497d-8460-9a4cf62b4ad5-SegmentedRaftLogWorker:Storage Directory /workdir/hadoop-ozone/integration-test/target/test-dir/MiniOzoneClusterImpl-d867a4e1-154a-4113-b5e4-c09c14df2894/datanode-6/data/ratis/4056681a-3dc1-4da0-9322-6150b09b443e] INFO  impl.RoleInfo (RoleInfo.java:shutdownLeaderState(104)) - d9d65fd8-d100-497d-8460-9a4cf62b4ad5: shutdown LeaderState
2019-09-12 10:32:04,388 [d9d65fd8-d100-497d-8460-9a4cf62b4ad5-SegmentedRaftLogWorker:Storage Directory /workdir/hadoop-ozone/integration-test/target/test-dir/MiniOzoneClusterImpl-d867a4e1-154a-4113-b5e4-c09c14df2894/datanode-6/data/ratis/4056681a-3dc1-4da0-9322-6150b09b443e] INFO  impl.PendingRequests (PendingRequests.java:sendNotLeaderResponses(202)) - d9d65fd8-d100-497d-8460-9a4cf62b4ad5-PendingRequests: sendNotLeaderResponses
2019-09-12 10:32:04,388 [d9d65fd8-d100-497d-8460-9a4cf62b4ad5-SegmentedRaftLogWorker:Storage Directory /workdir/hadoop-ozone/integration-test/target/test-dir/MiniOzoneClusterImpl-d867a4e1-154a-4113-b5e4-c09c14df2894/datanode-6/data/ratis/4056681a-3dc1-4da0-9322-6150b09b443e] INFO  impl.StateMachineUpdater (StateMachineUpdater.java:stopAndJoin(115)) - StateMachineUpdater:d9d65fd8-d100-497d-8460-9a4cf62b4ad5:group-6150B09B443E: set stopIndex = -1
2019-09-12 10:32:04,388 [d9d65fd8-d100-497d-8460-9a4cf62b4ad5-SegmentedRaftLogWorker:Storage Directory /workdir/hadoop-ozone/integration-test/target/test-dir/MiniOzoneClusterImpl-d867a4e1-154a-4113-b5e4-c09c14df2894/datanode-6/data/ratis/4056681a-3dc1-4da0-9322-6150b09b443e] INFO  impl.RaftServerImpl (ServerState.java:close(394)) - d9d65fd8-d100-497d-8460-9a4cf62b4ad5:group-6150B09B443E closes. The last applied log index is -1
2019-09-12 10:32:04,388 [d9d65fd8-d100-497d-8460-9a4cf62b4ad5-SegmentedRaftLogWorker:Storage Directory /workdir/hadoop-ozone/integration-test/target/test-dir/MiniOzoneClusterImpl-d867a4e1-154a-4113-b5e4-c09c14df2894/datanode-6/data/ratis/4056681a-3dc1-4da0-9322-6150b09b443e] INFO  segmented.SegmentedRaftLogWorker (SegmentedRaftLogWorker.java:close(228)) - d9d65fd8-d100-497d-8460-9a4cf62b4ad5-SegmentedRaftLogWorker:Storage Directory /workdir/hadoop-ozone/integration-test/target/test-dir/MiniOzoneClusterImpl-d867a4e1-154a-4113-b5e4-c09c14df2894/datanode-6/data/ratis/4056681a-3dc1-4da0-9322-6150b09b443e close()
2019-09-12 10:32:04,511 | INFO  | ObjectStoreRestHttpServer | Listening HDDS REST traffic on /0.0.0.0:34678 |  
2019-09-12 10:32:04,511 [main] INFO  ozone.HddsDatanodeService (HddsDatanodeService.java:startPlugins(395)) - Started plug-in org.apache.hadoop.ozone.web.OzoneHddsDatanodeService@14af57c3
2019-09-12 10:32:04,512 [main] INFO  impl.MetricsSystemImpl (MetricsSystemImpl.java:init(158)) - HddsDatanode metrics system started (again)
2019-09-12 10:32:04,646 [org.apache.hadoop.util.JvmPauseMonitor$Monitor@676fa6f8] INFO  util.JvmPauseMonitor (JvmPauseMonitor.java:run(188)) - Starting JVM pause monitor
2019-09-12 10:32:04,648 [Datanode State Machine Thread - 0] INFO  datanode.InitDatanodeState (InitDatanodeState.java:persistContainerDatanodeDetails(140)) - DatanodeDetails is persisted to /workdir/hadoop-ozone/integration-test/target/test-dir/MiniOzoneClusterImpl-39631bd2-f83c-4f24-acb2-4c1b273f2694/datanode-3/meta/datanode.id
2019-09-12 10:32:04,649 [main] INFO  ozone.HddsDatanodeService (HddsDatanodeService.java:start(184)) - HddsDatanodeService host:pr-hdds-1569-58hkm-1881083799 ip:192.168.36.114
2019-09-12 10:32:04,674 [main] INFO  volume.HddsVolume (HddsVolume.java:<init>(176)) - Creating Volume: /workdir/hadoop-ozone/integration-test/target/test-dir/MiniOzoneClusterImpl-39631bd2-f83c-4f24-acb2-4c1b273f2694/datanode-4/data/containers/hdds of  storage type : DISK and capacity : 1482555576320
2019-09-12 10:32:04,675 [main] INFO  volume.VolumeSet (VolumeSet.java:initializeVolumeSet(170)) - Added Volume : /workdir/hadoop-ozone/integration-test/target/test-dir/MiniOzoneClusterImpl-39631bd2-f83c-4f24-acb2-4c1b273f2694/datanode-4/data/containers/hdds to VolumeSet
2019-09-12 10:32:04,675 [main] INFO  volume.ThrottledAsyncChecker (ThrottledAsyncChecker.java:schedule(140)) - Scheduling a check for org.apache.hadoop.ozone.container.common.volume.HddsVolume@2dbc66f0
2019-09-12 10:32:04,676 [main] INFO  volume.HddsVolumeChecker (HddsVolumeChecker.java:checkAllVolumes(203)) - Scheduled health check for volume org.apache.hadoop.ozone.container.common.volume.HddsVolume@2dbc66f0
2019-09-12 10:32:04,707 [main] INFO  impl.RaftServerProxy (ConfUtils.java:logGet(43)) - raft.rpc.type = GRPC (default)
2019-09-12 10:32:04,707 [main] INFO  grpc.GrpcFactory (GrpcFactory.java:checkPooledByteBufAllocatorUseCacheForAllThreads(45)) - PERFORMANCE WARNING: useCacheForAllThreads is true that may cause Netty to create a lot garbage objects and, as a result, trigger GC.
	It is recommended to disable useCacheForAllThreads by setting -Dorg.apache.ratis.thirdparty.io.netty.allocator.useCacheForAllThreads=false in command line.
2019-09-12 10:32:04,708 [main] INFO  grpc.GrpcConfigKeys$Server (ConfUtils.java:logGet(43)) - raft.grpc.server.port = 0 (default)
2019-09-12 10:32:04,708 [main] INFO  server.GrpcService (ConfUtils.java:logGet(43)) - raft.grpc.message.size.max = 33570816 (custom)
2019-09-12 10:32:04,708 [main] INFO  server.RaftServerConfigKeys (ConfUtils.java:logGet(43)) - raft.server.log.appender.buffer.byte-limit = 33554432 (custom)
2019-09-12 10:32:04,708 [main] INFO  server.GrpcService (ConfUtils.java:logGet(43)) - raft.grpc.flow.control.window = 1MB (=1048576) (default)
2019-09-12 10:32:04,709 [main] INFO  server.RaftServerConfigKeys (ConfUtils.java:logGet(43)) - raft.server.rpc.request.timeout = 3000ms (default)
2019-09-12 10:32:04,709 [main] INFO  server.RaftServerConfigKeys (ConfUtils.java:logGet(43)) - raft.server.storage.dir = [/workdir/hadoop-ozone/integration-test/target/test-dir/MiniOzoneClusterImpl-39631bd2-f83c-4f24-acb2-4c1b273f2694/datanode-4/data/ratis] (custom)
2019-09-12 10:32:04,710 [main] INFO  replication.SimpleContainerDownloader (SimpleContainerDownloader.java:<init>(72)) - Starting container downloader service to copy containers to replicate.
2019-09-12 10:32:04,711 [main] INFO  hdfs.DFSUtil (DFSUtil.java:httpServerTemplateForNNAndJN(1641)) - Starting Web-server for hddsDatanode at: http://0.0.0.0:0
2019-09-12 10:32:04,727 | INFO  | SCMAudit | user=jenkins1000 | ip=192.168.36.114 | op=GET_VERSION null | ret=SUCCESS |  
2019-09-12 10:32:04,727 [main] INFO  server.AuthenticationFilter (AuthenticationFilter.java:constructSecretProvider(240)) - Unable to initialize FileSignerSecretProvider, falling back to use random secrets.
2019-09-12 10:32:04,727 [main] WARN  http.HttpRequestLog (HttpRequestLog.java:getRequestLog(97)) - Jetty request log can only be enabled using Log4j
2019-09-12 10:32:04,729 [main] INFO  http.HttpServer2 (HttpServer2.java:addGlobalFilter(975)) - Added global filter 'safety' (class=org.apache.hadoop.http.HttpServer2$QuotingInputFilter)
2019-09-12 10:32:04,730 [main] INFO  http.HttpServer2 (HttpServer2.java:addFilter(948)) - Added filter static_user_filter (class=org.apache.hadoop.http.lib.StaticUserWebFilter$StaticUserFilter) to context hddsDatanode
2019-09-12 10:32:04,730 [main] INFO  http.HttpServer2 (HttpServer2.java:addFilter(958)) - Added filter static_user_filter (class=org.apache.hadoop.http.lib.StaticUserWebFilter$StaticUserFilter) to context logs
2019-09-12 10:32:04,730 [main] INFO  http.HttpServer2 (HttpServer2.java:addFilter(958)) - Added filter static_user_filter (class=org.apache.hadoop.http.lib.StaticUserWebFilter$StaticUserFilter) to context static
2019-09-12 10:32:04,731 [main] INFO  http.HttpServer2 (HttpServer2.java:bindListener(1191)) - Jetty bound to port 38172
2019-09-12 10:32:04,731 [main] INFO  server.Server (Server.java:doStart(351)) - jetty-9.3.24.v20180605, build timestamp: 2018-06-05T17:11:56Z, git hash: 84205aa28f11a4f31f2a3b86d1bba2cc8ab69827
2019-09-12 10:32:04,733 [main] INFO  handler.ContextHandler (ContextHandler.java:doStart(781)) - Started o.e.j.s.ServletContextHandler@6b3da23f{/logs,file:///workdir/hadoop-ozone/integration-test/target/log,AVAILABLE}
2019-09-12 10:32:04,733 [main] INFO  handler.ContextHandler (ContextHandler.java:doStart(781)) - Started o.e.j.s.ServletContextHandler@5058fefb{/static,jar:file:/home/user/.m2/repository/org/apache/hadoop/hadoop-hdds-container-service/0.5.0-SNAPSHOT/hadoop-hdds-container-service-0.5.0-SNAPSHOT.jar!/webapps/static,AVAILABLE}
2019-09-12 10:32:04,777 [Datanode State Machine Thread - 0] INFO  ozoneimpl.OzoneContainer (OzoneContainer.java:start(186)) - Attempting to start container services.
2019-09-12 10:32:04,777 [Datanode State Machine Thread - 0] INFO  ozoneimpl.OzoneContainer (OzoneContainer.java:startContainerScrub(160)) - Background container scrubber has been disabled by hdds.containerscrub.enabled
2019-09-12 10:32:04,777 [Datanode State Machine Thread - 0] INFO  ratis.XceiverServerRatis (XceiverServerRatis.java:start(404)) - Starting XceiverServerRatis a95fd1d5-e9a9-4526-b4c7-6aa1a85e40e9 at port 0
2019-09-12 10:32:04,783 [Datanode State Machine Thread - 0] INFO  impl.RaftServerProxy (RaftServerProxy.java:lambda$start$3(299)) - a95fd1d5-e9a9-4526-b4c7-6aa1a85e40e9: start RPC server
2019-09-12 10:32:04,785 [Datanode State Machine Thread - 0] INFO  server.GrpcService (GrpcService.java:startImpl(149)) - a95fd1d5-e9a9-4526-b4c7-6aa1a85e40e9: GrpcService started, listening on 0.0.0.0/0.0.0.0:44353
2019-09-12 10:32:04,785 [Datanode State Machine Thread - 0] INFO  ratis.XceiverServerRatis (XceiverServerRatis.java:start(414)) - XceiverServerRatis a95fd1d5-e9a9-4526-b4c7-6aa1a85e40e9 is started using port 44353
2019-09-12 10:32:04,786 [Datanode State Machine Thread - 0] INFO  server.XceiverServerGrpc (XceiverServerGrpc.java:start(163)) - XceiverServerGrpc a95fd1d5-e9a9-4526-b4c7-6aa1a85e40e9 is started using port 33419
2019-09-12 10:32:04,810 [main] INFO  handler.ContextHandler (ContextHandler.java:doStart(781)) - Started o.e.j.w.WebAppContext@7e4c0bc7{/,file:///tmp/jetty-0.0.0.0-38172-hddsDatanode-_-any-5037999350831936804.dir/webapp/,AVAILABLE}{/hddsDatanode}
2019-09-12 10:32:04,810 [main] INFO  server.AbstractConnector (AbstractConnector.java:doStart(278)) - Started ServerConnector@36570936{HTTP/1.1,[http/1.1]}{0.0.0.0:38172}
2019-09-12 10:32:04,822 [main] INFO  server.Server (Server.java:doStart(419)) - Started @56160ms
2019-09-12 10:32:04,822 [main] INFO  server.BaseHttpServer (BaseHttpServer.java:updateConnectorAddress(213)) - HTTP server of HDDSDATANODE is listening at http://0.0.0.0:38172
2019-09-12 10:32:04,836 | INFO  | SCMAudit | user=jenkins1000 | ip=192.168.36.114 | op=SEND_HEARTBEAT {datanodeUUID=c1e71898-521f-4627-a3f1-9884c4b96ced, command=[]} | ret=SUCCESS |  
2019-09-12 10:32:04,837 | INFO  | SCMAudit | user=jenkins1000 | ip=192.168.36.114 | op=SEND_HEARTBEAT {datanodeUUID=1349d5ba-07d4-450a-9218-4f0361201438, command=[]} | ret=SUCCESS |  
2019-09-12 10:32:04,838 | INFO  | SCMAudit | user=jenkins1000 | ip=192.168.36.114 | op=SEND_HEARTBEAT {datanodeUUID=22ce2f4b-d517-44cf-8041-712d813e08f3, command=[]} | ret=SUCCESS |  
2019-09-12 10:32:04,838 | INFO  | SCMAudit | user=jenkins1000 | ip=192.168.36.114 | op=SEND_HEARTBEAT {datanodeUUID=eaeff1e2-de9c-4510-872d-283eb6c3c330, command=[]} | ret=SUCCESS |  
2019-09-12 10:32:04,838 | INFO  | SCMAudit | user=jenkins1000 | ip=192.168.36.114 | op=SEND_HEARTBEAT {datanodeUUID=5dd0cd62-5770-41dd-9e5a-f3f3eedc40c1, command=[]} | ret=SUCCESS |  
2019-09-12 10:32:04,838 | INFO  | SCMAudit | user=jenkins1000 | ip=192.168.36.114 | op=SEND_HEARTBEAT {datanodeUUID=f17b4253-95a0-4ee6-8ded-88f070f15b33, command=[]} | ret=SUCCESS |  
2019-09-12 10:32:04,839 | INFO  | SCMAudit | user=jenkins1000 | ip=192.168.36.114 | op=SEND_HEARTBEAT {datanodeUUID=d40ec8ee-ac9e-41d6-86bd-e74a05605b85, command=[]} | ret=SUCCESS |  
2019-09-12 10:32:04,839 | INFO  | SCMAudit | user=jenkins1000 | ip=192.168.36.114 | op=SEND_HEARTBEAT {datanodeUUID=caccd92c-2544-4e02-86cf-95849f240c1b, command=[]} | ret=SUCCESS |  
2019-09-12 10:32:04,839 | INFO  | SCMAudit | user=jenkins1000 | ip=192.168.36.114 | op=SEND_HEARTBEAT {datanodeUUID=bcda0514-d42e-47ca-96fd-c0a633e872a8, command=[]} | ret=SUCCESS |  
2019-09-12 10:32:04,840 | INFO  | SCMAudit | user=jenkins1000 | ip=192.168.36.114 | op=SEND_HEARTBEAT {datanodeUUID=b6dd7c38-f675-445e-811b-15cf17d56c0a, command=[]} | ret=SUCCESS |  
2019-09-12 10:32:04,933 | INFO  | SCMAudit | user=jenkins1000 | ip=192.168.36.114 | op=SEND_HEARTBEAT {datanodeUUID=c54af6f8-a22e-478f-90e1-029d14059a99, command=[]} | ret=SUCCESS |  
2019-09-12 10:32:04,933 | INFO  | SCMAudit | user=jenkins1000 | ip=192.168.36.114 | op=SEND_HEARTBEAT {datanodeUUID=ff438662-24cf-49bb-bfc5-3308ec6d286b, command=[]} | ret=SUCCESS |  
2019-09-12 10:32:04,933 | INFO  | SCMAudit | user=jenkins1000 | ip=192.168.36.114 | op=SEND_HEARTBEAT {datanodeUUID=334c5273-7871-4d53-8b37-de05e5a3be10, command=[]} | ret=SUCCESS |  
2019-09-12 10:32:04,933 | INFO  | SCMAudit | user=jenkins1000 | ip=192.168.36.114 | op=SEND_HEARTBEAT {datanodeUUID=2d50b591-d6e4-490f-9fa0-973ad5423bd7, command=[]} | ret=SUCCESS |  
2019-09-12 10:32:04,933 | INFO  | SCMAudit | user=jenkins1000 | ip=192.168.36.114 | op=SEND_HEARTBEAT {datanodeUUID=2cb9d557-cb56-4745-8686-5e72b62e748a, command=[]} | ret=SUCCESS |  
2019-09-12 10:32:04,934 | INFO  | SCMAudit | user=jenkins1000 | ip=192.168.36.114 | op=SEND_HEARTBEAT {datanodeUUID=accf000b-d7b7-4fa5-9682-da82c4451e10, command=[]} | ret=SUCCESS |  
2019-09-12 10:32:04,934 | INFO  | SCMAudit | user=jenkins1000 | ip=192.168.36.114 | op=SEND_HEARTBEAT {datanodeUUID=d9d65fd8-d100-497d-8460-9a4cf62b4ad5, command=[]} | ret=SUCCESS |  
2019-09-12 10:32:04,935 | INFO  | SCMAudit | user=jenkins1000 | ip=192.168.36.114 | op=SEND_HEARTBEAT {datanodeUUID=ad8ae342-df06-4311-9d84-524877c98111, command=[]} | ret=SUCCESS |  
2019-09-12 10:32:04,935 | INFO  | SCMAudit | user=jenkins1000 | ip=192.168.36.114 | op=SEND_HEARTBEAT {datanodeUUID=9616c881-dbb1-48da-90dd-a872ed779a2e, command=[]} | ret=SUCCESS |  
2019-09-12 10:32:04,937 | INFO  | SCMAudit | user=jenkins1000 | ip=192.168.36.114 | op=SEND_HEARTBEAT {datanodeUUID=c9031a36-5f7c-4098-8bea-8a46141708a6, command=[]} | ret=SUCCESS |  
2019-09-12 10:32:04,937 | INFO  | SCMAudit | user=jenkins1000 | ip=192.168.36.114 | op=SEND_HEARTBEAT {datanodeUUID=39df7a3f-9691-48d4-a2b1-6888489a5f8a, command=[]} | ret=SUCCESS |  
2019-09-12 10:32:04,975 | INFO  | ObjectStoreRestHttpServer | Listening HDDS REST traffic on /0.0.0.0:42948 |  
2019-09-12 10:32:04,975 [main] INFO  ozone.HddsDatanodeService (HddsDatanodeService.java:startPlugins(395)) - Started plug-in org.apache.hadoop.ozone.web.OzoneHddsDatanodeService@21f9a305
2019-09-12 10:32:04,976 [main] INFO  impl.MetricsSystemImpl (MetricsSystemImpl.java:init(158)) - HddsDatanode metrics system started (again)
2019-09-12 10:32:05,131 [org.apache.hadoop.util.JvmPauseMonitor$Monitor@3fec70a1] INFO  util.JvmPauseMonitor (JvmPauseMonitor.java:run(188)) - Starting JVM pause monitor
2019-09-12 10:32:05,132 | INFO  | SCMAudit | user=jenkins1000 | ip=192.168.36.114 | op=GET_VERSION null | ret=SUCCESS |  
2019-09-12 10:32:05,157 [Datanode State Machine Thread - 0] INFO  datanode.InitDatanodeState (InitDatanodeState.java:persistContainerDatanodeDetails(140)) - DatanodeDetails is persisted to /workdir/hadoop-ozone/integration-test/target/test-dir/MiniOzoneClusterImpl-39631bd2-f83c-4f24-acb2-4c1b273f2694/datanode-4/meta/datanode.id
2019-09-12 10:32:05,161 [main] INFO  ozone.HddsDatanodeService (HddsDatanodeService.java:start(184)) - HddsDatanodeService host:pr-hdds-1569-58hkm-1881083799 ip:192.168.36.114
2019-09-12 10:32:05,183 [main] INFO  volume.HddsVolume (HddsVolume.java:<init>(176)) - Creating Volume: /workdir/hadoop-ozone/integration-test/target/test-dir/MiniOzoneClusterImpl-39631bd2-f83c-4f24-acb2-4c1b273f2694/datanode-5/data/containers/hdds of  storage type : DISK and capacity : 1482555576320
2019-09-12 10:32:05,183 [Datanode State Machine Thread - 0] INFO  ozoneimpl.OzoneContainer (OzoneContainer.java:start(186)) - Attempting to start container services.
2019-09-12 10:32:05,183 [main] INFO  volume.VolumeSet (VolumeSet.java:initializeVolumeSet(170)) - Added Volume : /workdir/hadoop-ozone/integration-test/target/test-dir/MiniOzoneClusterImpl-39631bd2-f83c-4f24-acb2-4c1b273f2694/datanode-5/data/containers/hdds to VolumeSet
2019-09-12 10:32:05,183 [Datanode State Machine Thread - 0] INFO  ozoneimpl.OzoneContainer (OzoneContainer.java:startContainerScrub(160)) - Background container scrubber has been disabled by hdds.containerscrub.enabled
2019-09-12 10:32:05,183 [main] INFO  volume.ThrottledAsyncChecker (ThrottledAsyncChecker.java:schedule(140)) - Scheduling a check for org.apache.hadoop.ozone.container.common.volume.HddsVolume@2b0d818d
2019-09-12 10:32:05,183 [Datanode State Machine Thread - 0] INFO  ratis.XceiverServerRatis (XceiverServerRatis.java:start(404)) - Starting XceiverServerRatis 57729e88-c64a-441d-a40e-ceaddf64552e at port 0
2019-09-12 10:32:05,189 [main] INFO  volume.HddsVolumeChecker (HddsVolumeChecker.java:checkAllVolumes(203)) - Scheduled health check for volume org.apache.hadoop.ozone.container.common.volume.HddsVolume@2b0d818d
2019-09-12 10:32:05,194 [Datanode State Machine Thread - 0] INFO  impl.RaftServerProxy (RaftServerProxy.java:lambda$start$3(299)) - 57729e88-c64a-441d-a40e-ceaddf64552e: start RPC server
2019-09-12 10:32:05,195 [Datanode State Machine Thread - 0] INFO  server.GrpcService (GrpcService.java:startImpl(149)) - 57729e88-c64a-441d-a40e-ceaddf64552e: GrpcService started, listening on 0.0.0.0/0.0.0.0:37314
2019-09-12 10:32:05,195 [Datanode State Machine Thread - 0] INFO  ratis.XceiverServerRatis (XceiverServerRatis.java:start(414)) - XceiverServerRatis 57729e88-c64a-441d-a40e-ceaddf64552e is started using port 37314
2019-09-12 10:32:05,195 [Datanode State Machine Thread - 0] INFO  server.XceiverServerGrpc (XceiverServerGrpc.java:start(163)) - XceiverServerGrpc 57729e88-c64a-441d-a40e-ceaddf64552e is started using port 42883
2019-09-12 10:32:05,208 [main] INFO  impl.RaftServerProxy (ConfUtils.java:logGet(43)) - raft.rpc.type = GRPC (default)
2019-09-12 10:32:05,208 [main] INFO  grpc.GrpcFactory (GrpcFactory.java:checkPooledByteBufAllocatorUseCacheForAllThreads(45)) - PERFORMANCE WARNING: useCacheForAllThreads is true that may cause Netty to create a lot garbage objects and, as a result, trigger GC.
	It is recommended to disable useCacheForAllThreads by setting -Dorg.apache.ratis.thirdparty.io.netty.allocator.useCacheForAllThreads=false in command line.
2019-09-12 10:32:05,208 [main] INFO  grpc.GrpcConfigKeys$Server (ConfUtils.java:logGet(43)) - raft.grpc.server.port = 0 (default)
2019-09-12 10:32:05,209 [main] INFO  server.GrpcService (ConfUtils.java:logGet(43)) - raft.grpc.message.size.max = 33570816 (custom)
2019-09-12 10:32:05,209 [main] INFO  server.RaftServerConfigKeys (ConfUtils.java:logGet(43)) - raft.server.log.appender.buffer.byte-limit = 33554432 (custom)
2019-09-12 10:32:05,209 [main] INFO  server.GrpcService (ConfUtils.java:logGet(43)) - raft.grpc.flow.control.window = 1MB (=1048576) (default)
2019-09-12 10:32:05,209 [main] INFO  server.RaftServerConfigKeys (ConfUtils.java:logGet(43)) - raft.server.rpc.request.timeout = 3000ms (default)
2019-09-12 10:32:05,210 [main] INFO  server.RaftServerConfigKeys (ConfUtils.java:logGet(43)) - raft.server.storage.dir = [/workdir/hadoop-ozone/integration-test/target/test-dir/MiniOzoneClusterImpl-39631bd2-f83c-4f24-acb2-4c1b273f2694/datanode-5/data/ratis] (custom)
2019-09-12 10:32:05,210 [main] INFO  replication.SimpleContainerDownloader (SimpleContainerDownloader.java:<init>(72)) - Starting container downloader service to copy containers to replicate.
2019-09-12 10:32:05,211 [main] INFO  hdfs.DFSUtil (DFSUtil.java:httpServerTemplateForNNAndJN(1641)) - Starting Web-server for hddsDatanode at: http://0.0.0.0:0
2019-09-12 10:32:05,212 [main] INFO  server.AuthenticationFilter (AuthenticationFilter.java:constructSecretProvider(240)) - Unable to initialize FileSignerSecretProvider, falling back to use random secrets.
2019-09-12 10:32:05,213 [main] WARN  http.HttpRequestLog (HttpRequestLog.java:getRequestLog(97)) - Jetty request log can only be enabled using Log4j
2019-09-12 10:32:05,214 [main] INFO  http.HttpServer2 (HttpServer2.java:addGlobalFilter(975)) - Added global filter 'safety' (class=org.apache.hadoop.http.HttpServer2$QuotingInputFilter)
2019-09-12 10:32:05,214 [main] INFO  http.HttpServer2 (HttpServer2.java:addFilter(948)) - Added filter static_user_filter (class=org.apache.hadoop.http.lib.StaticUserWebFilter$StaticUserFilter) to context hddsDatanode
2019-09-12 10:32:05,215 [main] INFO  http.HttpServer2 (HttpServer2.java:addFilter(958)) - Added filter static_user_filter (class=org.apache.hadoop.http.lib.StaticUserWebFilter$StaticUserFilter) to context logs
2019-09-12 10:32:05,215 [main] INFO  http.HttpServer2 (HttpServer2.java:addFilter(958)) - Added filter static_user_filter (class=org.apache.hadoop.http.lib.StaticUserWebFilter$StaticUserFilter) to context static
2019-09-12 10:32:05,215 [main] INFO  http.HttpServer2 (HttpServer2.java:bindListener(1191)) - Jetty bound to port 43759
2019-09-12 10:32:05,215 [main] INFO  server.Server (Server.java:doStart(351)) - jetty-9.3.24.v20180605, build timestamp: 2018-06-05T17:11:56Z, git hash: 84205aa28f11a4f31f2a3b86d1bba2cc8ab69827
2019-09-12 10:32:05,217 [main] INFO  handler.ContextHandler (ContextHandler.java:doStart(781)) - Started o.e.j.s.ServletContextHandler@790ea58f{/logs,file:///workdir/hadoop-ozone/integration-test/target/log,AVAILABLE}
2019-09-12 10:32:05,218 [main] INFO  handler.ContextHandler (ContextHandler.java:doStart(781)) - Started o.e.j.s.ServletContextHandler@410e043b{/static,jar:file:/home/user/.m2/repository/org/apache/hadoop/hadoop-hdds-container-service/0.5.0-SNAPSHOT/hadoop-hdds-container-service-0.5.0-SNAPSHOT.jar!/webapps/static,AVAILABLE}
2019-09-12 10:32:05,275 [main] INFO  handler.ContextHandler (ContextHandler.java:doStart(781)) - Started o.e.j.w.WebAppContext@1f3f0d25{/,file:///tmp/jetty-0.0.0.0-43759-hddsDatanode-_-any-1775940482907214097.dir/webapp/,AVAILABLE}{/hddsDatanode}
2019-09-12 10:32:05,276 [main] INFO  server.AbstractConnector (AbstractConnector.java:doStart(278)) - Started ServerConnector@32eac39b{HTTP/1.1,[http/1.1]}{0.0.0.0:43759}
2019-09-12 10:32:05,282 [main] INFO  server.Server (Server.java:doStart(419)) - Started @56621ms
2019-09-12 10:32:05,283 [main] INFO  server.BaseHttpServer (BaseHttpServer.java:updateConnectorAddress(213)) - HTTP server of HDDSDATANODE is listening at http://0.0.0.0:43759
2019-09-12 10:32:05,441 | INFO  | ObjectStoreRestHttpServer | Listening HDDS REST traffic on /0.0.0.0:44686 |  
2019-09-12 10:32:05,441 [main] INFO  ozone.HddsDatanodeService (HddsDatanodeService.java:startPlugins(395)) - Started plug-in org.apache.hadoop.ozone.web.OzoneHddsDatanodeService@5afaae7e
2019-09-12 10:32:05,441 [main] INFO  impl.MetricsSystemImpl (MetricsSystemImpl.java:init(158)) - HddsDatanode metrics system started (again)
2019-09-12 10:32:05,444 [org.apache.hadoop.util.JvmPauseMonitor$Monitor@43959b0b] INFO  util.JvmPauseMonitor (JvmPauseMonitor.java:run(188)) - Starting JVM pause monitor
2019-09-12 10:32:05,446 [Datanode State Machine Thread - 0] INFO  datanode.InitDatanodeState (InitDatanodeState.java:persistContainerDatanodeDetails(140)) - DatanodeDetails is persisted to /workdir/hadoop-ozone/integration-test/target/test-dir/MiniOzoneClusterImpl-39631bd2-f83c-4f24-acb2-4c1b273f2694/datanode-5/meta/datanode.id
2019-09-12 10:32:05,666 [main] INFO  ozone.HddsDatanodeService (HddsDatanodeService.java:start(184)) - HddsDatanodeService host:pr-hdds-1569-58hkm-1881083799 ip:192.168.36.114
2019-09-12 10:32:05,697 [main] INFO  volume.HddsVolume (HddsVolume.java:<init>(176)) - Creating Volume: /workdir/hadoop-ozone/integration-test/target/test-dir/MiniOzoneClusterImpl-39631bd2-f83c-4f24-acb2-4c1b273f2694/datanode-6/data/containers/hdds of  storage type : DISK and capacity : 1482555576320
2019-09-12 10:32:05,698 [main] INFO  volume.VolumeSet (VolumeSet.java:initializeVolumeSet(170)) - Added Volume : /workdir/hadoop-ozone/integration-test/target/test-dir/MiniOzoneClusterImpl-39631bd2-f83c-4f24-acb2-4c1b273f2694/datanode-6/data/containers/hdds to VolumeSet
2019-09-12 10:32:05,698 [main] INFO  volume.ThrottledAsyncChecker (ThrottledAsyncChecker.java:schedule(140)) - Scheduling a check for org.apache.hadoop.ozone.container.common.volume.HddsVolume@5e572b08
2019-09-12 10:32:05,699 [main] INFO  volume.HddsVolumeChecker (HddsVolumeChecker.java:checkAllVolumes(203)) - Scheduled health check for volume org.apache.hadoop.ozone.container.common.volume.HddsVolume@5e572b08
2019-09-12 10:32:05,735 [main] INFO  impl.RaftServerProxy (ConfUtils.java:logGet(43)) - raft.rpc.type = GRPC (default)
2019-09-12 10:32:05,735 [main] INFO  grpc.GrpcFactory (GrpcFactory.java:checkPooledByteBufAllocatorUseCacheForAllThreads(45)) - PERFORMANCE WARNING: useCacheForAllThreads is true that may cause Netty to create a lot garbage objects and, as a result, trigger GC.
	It is recommended to disable useCacheForAllThreads by setting -Dorg.apache.ratis.thirdparty.io.netty.allocator.useCacheForAllThreads=false in command line.
2019-09-12 10:32:05,736 [main] INFO  grpc.GrpcConfigKeys$Server (ConfUtils.java:logGet(43)) - raft.grpc.server.port = 0 (default)
2019-09-12 10:32:05,736 [main] INFO  server.GrpcService (ConfUtils.java:logGet(43)) - raft.grpc.message.size.max = 33570816 (custom)
2019-09-12 10:32:05,736 [main] INFO  server.RaftServerConfigKeys (ConfUtils.java:logGet(43)) - raft.server.log.appender.buffer.byte-limit = 33554432 (custom)
2019-09-12 10:32:05,736 [main] INFO  server.GrpcService (ConfUtils.java:logGet(43)) - raft.grpc.flow.control.window = 1MB (=1048576) (default)
2019-09-12 10:32:05,737 [main] INFO  server.RaftServerConfigKeys (ConfUtils.java:logGet(43)) - raft.server.rpc.request.timeout = 3000ms (default)
2019-09-12 10:32:05,737 [main] INFO  server.RaftServerConfigKeys (ConfUtils.java:logGet(43)) - raft.server.storage.dir = [/workdir/hadoop-ozone/integration-test/target/test-dir/MiniOzoneClusterImpl-39631bd2-f83c-4f24-acb2-4c1b273f2694/datanode-6/data/ratis] (custom)
2019-09-12 10:32:05,738 [main] INFO  replication.SimpleContainerDownloader (SimpleContainerDownloader.java:<init>(72)) - Starting container downloader service to copy containers to replicate.
2019-09-12 10:32:05,739 [main] INFO  hdfs.DFSUtil (DFSUtil.java:httpServerTemplateForNNAndJN(1641)) - Starting Web-server for hddsDatanode at: http://0.0.0.0:0
2019-09-12 10:32:05,741 [main] INFO  server.AuthenticationFilter (AuthenticationFilter.java:constructSecretProvider(240)) - Unable to initialize FileSignerSecretProvider, falling back to use random secrets.
2019-09-12 10:32:05,742 [main] WARN  http.HttpRequestLog (HttpRequestLog.java:getRequestLog(97)) - Jetty request log can only be enabled using Log4j
2019-09-12 10:32:05,744 [main] INFO  http.HttpServer2 (HttpServer2.java:addGlobalFilter(975)) - Added global filter 'safety' (class=org.apache.hadoop.http.HttpServer2$QuotingInputFilter)
2019-09-12 10:32:05,745 [main] INFO  http.HttpServer2 (HttpServer2.java:addFilter(948)) - Added filter static_user_filter (class=org.apache.hadoop.http.lib.StaticUserWebFilter$StaticUserFilter) to context hddsDatanode
2019-09-12 10:32:05,745 [main] INFO  http.HttpServer2 (HttpServer2.java:addFilter(958)) - Added filter static_user_filter (class=org.apache.hadoop.http.lib.StaticUserWebFilter$StaticUserFilter) to context static
2019-09-12 10:32:05,745 [main] INFO  http.HttpServer2 (HttpServer2.java:addFilter(958)) - Added filter static_user_filter (class=org.apache.hadoop.http.lib.StaticUserWebFilter$StaticUserFilter) to context logs
2019-09-12 10:32:05,746 [main] INFO  http.HttpServer2 (HttpServer2.java:bindListener(1191)) - Jetty bound to port 39077
2019-09-12 10:32:05,747 [main] INFO  server.Server (Server.java:doStart(351)) - jetty-9.3.24.v20180605, build timestamp: 2018-06-05T17:11:56Z, git hash: 84205aa28f11a4f31f2a3b86d1bba2cc8ab69827
2019-09-12 10:32:05,749 [main] INFO  handler.ContextHandler (ContextHandler.java:doStart(781)) - Started o.e.j.s.ServletContextHandler@7b1b1784{/logs,file:///workdir/hadoop-ozone/integration-test/target/log,AVAILABLE}
2019-09-12 10:32:05,749 [main] INFO  handler.ContextHandler (ContextHandler.java:doStart(781)) - Started o.e.j.s.ServletContextHandler@58e0d1ac{/static,jar:file:/home/user/.m2/repository/org/apache/hadoop/hadoop-hdds-container-service/0.5.0-SNAPSHOT/hadoop-hdds-container-service-0.5.0-SNAPSHOT.jar!/webapps/static,AVAILABLE}
2019-09-12 10:32:05,826 [main] INFO  handler.ContextHandler (ContextHandler.java:doStart(781)) - Started o.e.j.w.WebAppContext@39dee5fd{/,file:///tmp/jetty-0.0.0.0-39077-hddsDatanode-_-any-3977517471360700844.dir/webapp/,AVAILABLE}{/hddsDatanode}
2019-09-12 10:32:05,826 [main] INFO  server.AbstractConnector (AbstractConnector.java:doStart(278)) - Started ServerConnector@1b897ffb{HTTP/1.1,[http/1.1]}{0.0.0.0:39077}
2019-09-12 10:32:05,839 [main] INFO  server.Server (Server.java:doStart(419)) - Started @57177ms
2019-09-12 10:32:05,839 | INFO  | SCMAudit | user=jenkins1000 | ip=192.168.36.114 | op=SEND_HEARTBEAT {datanodeUUID=bcda0514-d42e-47ca-96fd-c0a633e872a8, command=[]} | ret=SUCCESS |  
2019-09-12 10:32:05,839 | INFO  | SCMAudit | user=jenkins1000 | ip=192.168.36.114 | op=SEND_HEARTBEAT {datanodeUUID=d40ec8ee-ac9e-41d6-86bd-e74a05605b85, command=[]} | ret=SUCCESS |  
2019-09-12 10:32:05,839 | INFO  | SCMAudit | user=jenkins1000 | ip=192.168.36.114 | op=SEND_HEARTBEAT {datanodeUUID=eaeff1e2-de9c-4510-872d-283eb6c3c330, command=[]} | ret=SUCCESS |  
2019-09-12 10:32:05,839 | INFO  | SCMAudit | user=jenkins1000 | ip=192.168.36.114 | op=SEND_HEARTBEAT {datanodeUUID=1349d5ba-07d4-450a-9218-4f0361201438, command=[]} | ret=SUCCESS |  
2019-09-12 10:32:05,839 | INFO  | SCMAudit | user=jenkins1000 | ip=192.168.36.114 | op=SEND_HEARTBEAT {datanodeUUID=f17b4253-95a0-4ee6-8ded-88f070f15b33, command=[]} | ret=SUCCESS |  
2019-09-12 10:32:05,839 | INFO  | SCMAudit | user=jenkins1000 | ip=192.168.36.114 | op=SEND_HEARTBEAT {datanodeUUID=5dd0cd62-5770-41dd-9e5a-f3f3eedc40c1, command=[]} | ret=SUCCESS |  
2019-09-12 10:32:05,839 | INFO  | SCMAudit | user=jenkins1000 | ip=192.168.36.114 | op=SEND_HEARTBEAT {datanodeUUID=22ce2f4b-d517-44cf-8041-712d813e08f3, command=[]} | ret=SUCCESS |  
2019-09-12 10:32:05,839 | INFO  | SCMAudit | user=jenkins1000 | ip=192.168.36.114 | op=SEND_HEARTBEAT {datanodeUUID=c1e71898-521f-4627-a3f1-9884c4b96ced, command=[]} | ret=SUCCESS |  
2019-09-12 10:32:05,839 [main] INFO  server.BaseHttpServer (BaseHttpServer.java:updateConnectorAddress(213)) - HTTP server of HDDSDATANODE is listening at http://0.0.0.0:39077
2019-09-12 10:32:05,840 | INFO  | SCMAudit | user=jenkins1000 | ip=192.168.36.114 | op=SEND_HEARTBEAT {datanodeUUID=b6dd7c38-f675-445e-811b-15cf17d56c0a, command=[]} | ret=SUCCESS |  
2019-09-12 10:32:05,840 | INFO  | SCMAudit | user=jenkins1000 | ip=192.168.36.114 | op=SEND_HEARTBEAT {datanodeUUID=caccd92c-2544-4e02-86cf-95849f240c1b, command=[]} | ret=SUCCESS |  
2019-09-12 10:32:05,933 | INFO  | SCMAudit | user=jenkins1000 | ip=192.168.36.114 | op=SEND_HEARTBEAT {datanodeUUID=334c5273-7871-4d53-8b37-de05e5a3be10, command=[]} | ret=SUCCESS |  
2019-09-12 10:32:05,933 | INFO  | SCMAudit | user=jenkins1000 | ip=192.168.36.114 | op=SEND_HEARTBEAT {datanodeUUID=c54af6f8-a22e-478f-90e1-029d14059a99, command=[]} | ret=SUCCESS |  
2019-09-12 10:32:05,933 | INFO  | SCMAudit | user=jenkins1000 | ip=192.168.36.114 | op=SEND_HEARTBEAT {datanodeUUID=ff438662-24cf-49bb-bfc5-3308ec6d286b, command=[]} | ret=SUCCESS |  
2019-09-12 10:32:05,933 | INFO  | SCMAudit | user=jenkins1000 | ip=192.168.36.114 | op=SEND_HEARTBEAT {datanodeUUID=2cb9d557-cb56-4745-8686-5e72b62e748a, command=[]} | ret=SUCCESS |  
2019-09-12 10:32:05,933 | INFO  | SCMAudit | user=jenkins1000 | ip=192.168.36.114 | op=SEND_HEARTBEAT {datanodeUUID=2d50b591-d6e4-490f-9fa0-973ad5423bd7, command=[]} | ret=SUCCESS |  
2019-09-12 10:32:05,934 | INFO  | SCMAudit | user=jenkins1000 | ip=192.168.36.114 | op=SEND_HEARTBEAT {datanodeUUID=d9d65fd8-d100-497d-8460-9a4cf62b4ad5, command=[]} | ret=SUCCESS |  
2019-09-12 10:32:05,934 | INFO  | SCMAudit | user=jenkins1000 | ip=192.168.36.114 | op=SEND_HEARTBEAT {datanodeUUID=accf000b-d7b7-4fa5-9682-da82c4451e10, command=[]} | ret=SUCCESS |  
2019-09-12 10:32:05,935 | INFO  | SCMAudit | user=jenkins1000 | ip=192.168.36.114 | op=SEND_HEARTBEAT {datanodeUUID=ad8ae342-df06-4311-9d84-524877c98111, command=[]} | ret=SUCCESS |  
2019-09-12 10:32:05,935 | INFO  | SCMAudit | user=jenkins1000 | ip=192.168.36.114 | op=SEND_HEARTBEAT {datanodeUUID=9616c881-dbb1-48da-90dd-a872ed779a2e, command=[]} | ret=SUCCESS |  
2019-09-12 10:32:05,937 | INFO  | SCMAudit | user=jenkins1000 | ip=192.168.36.114 | op=SEND_HEARTBEAT {datanodeUUID=c9031a36-5f7c-4098-8bea-8a46141708a6, command=[]} | ret=SUCCESS |  
2019-09-12 10:32:05,937 | INFO  | SCMAudit | user=jenkins1000 | ip=192.168.36.114 | op=SEND_HEARTBEAT {datanodeUUID=39df7a3f-9691-48d4-a2b1-6888489a5f8a, command=[]} | ret=SUCCESS |  
2019-09-12 10:32:05,971 | INFO  | ObjectStoreRestHttpServer | Listening HDDS REST traffic on /0.0.0.0:38136 |  
2019-09-12 10:32:05,971 [main] INFO  ozone.HddsDatanodeService (HddsDatanodeService.java:startPlugins(395)) - Started plug-in org.apache.hadoop.ozone.web.OzoneHddsDatanodeService@4c5e123d
2019-09-12 10:32:05,972 [main] INFO  ozone.MiniOzoneClusterImpl (MiniOzoneClusterImpl.java:lambda$waitForClusterToBeReady$0(142)) - Waiting for cluster to be ready. Got 0 of 7 DN Heartbeats.
2019-09-12 10:32:05,973 [org.apache.hadoop.util.JvmPauseMonitor$Monitor@2f253117] INFO  util.JvmPauseMonitor (JvmPauseMonitor.java:run(188)) - Starting JVM pause monitor
2019-09-12 10:32:05,974 [Datanode State Machine Thread - 0] INFO  datanode.InitDatanodeState (InitDatanodeState.java:persistContainerDatanodeDetails(140)) - DatanodeDetails is persisted to /workdir/hadoop-ozone/integration-test/target/test-dir/MiniOzoneClusterImpl-39631bd2-f83c-4f24-acb2-4c1b273f2694/datanode-6/meta/datanode.id
2019-09-12 10:32:05,994 | INFO  | SCMAudit | user=jenkins1000 | ip=192.168.36.114 | op=GET_VERSION null | ret=SUCCESS |  
2019-09-12 10:32:06,008 [Datanode State Machine Thread - 0] INFO  ozoneimpl.OzoneContainer (OzoneContainer.java:start(186)) - Attempting to start container services.
2019-09-12 10:32:06,008 [Datanode State Machine Thread - 0] INFO  ozoneimpl.OzoneContainer (OzoneContainer.java:startContainerScrub(160)) - Background container scrubber has been disabled by hdds.containerscrub.enabled
2019-09-12 10:32:06,008 [Datanode State Machine Thread - 0] INFO  ratis.XceiverServerRatis (XceiverServerRatis.java:start(404)) - Starting XceiverServerRatis edb6c4a3-9bf1-4f2e-8ef0-c37d9a0378de at port 0
2019-09-12 10:32:06,015 [Datanode State Machine Thread - 0] INFO  impl.RaftServerProxy (RaftServerProxy.java:lambda$start$3(299)) - edb6c4a3-9bf1-4f2e-8ef0-c37d9a0378de: start RPC server
2019-09-12 10:32:06,016 [Datanode State Machine Thread - 0] INFO  server.GrpcService (GrpcService.java:startImpl(149)) - edb6c4a3-9bf1-4f2e-8ef0-c37d9a0378de: GrpcService started, listening on 0.0.0.0/0.0.0.0:33776
2019-09-12 10:32:06,017 [Datanode State Machine Thread - 0] INFO  ratis.XceiverServerRatis (XceiverServerRatis.java:start(414)) - XceiverServerRatis edb6c4a3-9bf1-4f2e-8ef0-c37d9a0378de is started using port 33776
2019-09-12 10:32:06,017 [Datanode State Machine Thread - 0] INFO  server.XceiverServerGrpc (XceiverServerGrpc.java:start(163)) - XceiverServerGrpc edb6c4a3-9bf1-4f2e-8ef0-c37d9a0378de is started using port 37215
2019-09-12 10:32:06,646 | INFO  | SCMAudit | user=jenkins1000 | ip=192.168.36.114 | op=GET_VERSION null | ret=SUCCESS |  
2019-09-12 10:32:06,662 [Datanode State Machine Thread - 0] INFO  ozoneimpl.OzoneContainer (OzoneContainer.java:start(186)) - Attempting to start container services.
2019-09-12 10:32:06,662 [Datanode State Machine Thread - 0] INFO  ozoneimpl.OzoneContainer (OzoneContainer.java:startContainerScrub(160)) - Background container scrubber has been disabled by hdds.containerscrub.enabled
2019-09-12 10:32:06,662 [Datanode State Machine Thread - 0] INFO  ratis.XceiverServerRatis (XceiverServerRatis.java:start(404)) - Starting XceiverServerRatis 2df0b56f-bcaf-45a1-b35e-f30a30c5f26c at port 0
2019-09-12 10:32:06,670 [Datanode State Machine Thread - 0] INFO  impl.RaftServerProxy (RaftServerProxy.java:lambda$start$3(299)) - 2df0b56f-bcaf-45a1-b35e-f30a30c5f26c: start RPC server
2019-09-12 10:32:06,671 [Datanode State Machine Thread - 0] INFO  server.GrpcService (GrpcService.java:startImpl(149)) - 2df0b56f-bcaf-45a1-b35e-f30a30c5f26c: GrpcService started, listening on 0.0.0.0/0.0.0.0:36485
2019-09-12 10:32:06,671 [Datanode State Machine Thread - 0] INFO  ratis.XceiverServerRatis (XceiverServerRatis.java:start(414)) - XceiverServerRatis 2df0b56f-bcaf-45a1-b35e-f30a30c5f26c is started using port 36485
2019-09-12 10:32:06,672 [Datanode State Machine Thread - 0] INFO  server.XceiverServerGrpc (XceiverServerGrpc.java:start(163)) - XceiverServerGrpc 2df0b56f-bcaf-45a1-b35e-f30a30c5f26c is started using port 41663
2019-09-12 10:32:06,723 [IPC Server handler 1 on 34994] INFO  net.NetworkTopology (NetworkTopologyImpl.java:add(110)) - Added a new node: /default-rack/a95fd1d5-e9a9-4526-b4c7-6aa1a85e40e9
2019-09-12 10:32:06,732 [IPC Server handler 1 on 34994] INFO  node.SCMNodeManager (SCMNodeManager.java:register(273)) - Registered Data node : a95fd1d5-e9a9-4526-b4c7-6aa1a85e40e9{ip: 192.168.36.114, host: pr-hdds-1569-58hkm-1881083799, networkLocation: /default-rack, certSerialId: null}
2019-09-12 10:32:06,733 [EventQueue-NodeRegistrationContainerReportForDataNodeSafeModeRule] INFO  safemode.SCMSafeModeManager (DataNodeSafeModeRule.java:process(71)) - SCM in safe mode. 1 DataNodes registered, 1 required.
2019-09-12 10:32:06,734 | INFO  | SCMAudit | user=jenkins1000 | ip=192.168.36.114 | op=REGISTER {datanodeDetails=a95fd1d5-e9a9-4526-b4c7-6aa1a85e40e9{ip: 192.168.36.114, host: pr-hdds-1569-58hkm-1881083799, networkLocation: /default-rack, certSerialId: null}} | ret=SUCCESS |  
2019-09-12 10:32:06,742 [EventQueue-NodeRegistrationContainerReportForContainerSafeModeRule] INFO  safemode.SCMSafeModeManager (SCMSafeModeManager.java:validateSafeModeExitRules(177)) - ScmSafeModeManager, all rules are successfully validated
2019-09-12 10:32:06,742 [EventQueue-NodeRegistrationContainerReportForContainerSafeModeRule] INFO  safemode.SCMSafeModeManager (SCMSafeModeManager.java:exitSafeMode(193)) - SCM exiting safe mode.
2019-09-12 10:32:06,757 [grpc-default-executor-1] INFO  impl.RaftServerProxy (RaftServerProxy.java:addNew(89)) - a95fd1d5-e9a9-4526-b4c7-6aa1a85e40e9: addNew group-998ED9C1851A:[a95fd1d5-e9a9-4526-b4c7-6aa1a85e40e9:192.168.36.114:44353] returns group-998ED9C1851A:java.util.concurrent.CompletableFuture@39325b9d[Not completed]
2019-09-12 10:32:06,758 [pool-313-thread-1] INFO  impl.RaftServerImpl (RaftServerImpl.java:<init>(93)) - a95fd1d5-e9a9-4526-b4c7-6aa1a85e40e9: new RaftServerImpl for group-998ED9C1851A:[a95fd1d5-e9a9-4526-b4c7-6aa1a85e40e9:192.168.36.114:44353] with ContainerStateMachine:uninitialized
2019-09-12 10:32:06,758 [pool-313-thread-1] INFO  server.RaftServerConfigKeys (ConfUtils.java:logGet(43)) - raft.server.rpc.timeout.min = 5s (custom)
2019-09-12 10:32:06,758 [pool-313-thread-1] INFO  server.RaftServerConfigKeys (ConfUtils.java:logGet(43)) - raft.server.rpc.timeout.max = 5200ms (custom)
2019-09-12 10:32:06,758 [pool-313-thread-1] INFO  server.RaftServerConfigKeys (ConfUtils.java:logGet(43)) - raft.server.rpcslowness.timeout = 120s (custom)
2019-09-12 10:32:06,758 [pool-313-thread-1] INFO  server.RaftServerConfigKeys (ConfUtils.java:logGet(43)) - raft.server.sleep.deviation.threshold = 300 (default)
2019-09-12 10:32:06,758 [pool-313-thread-1] INFO  server.RaftServerConfigKeys (ConfUtils.java:logGet(43)) - raft.server.log.appender.install.snapshot.enabled = false (custom)
2019-09-12 10:32:06,759 [pool-313-thread-1] INFO  impl.RaftServerImpl (ServerState.java:<init>(105)) - a95fd1d5-e9a9-4526-b4c7-6aa1a85e40e9:group-998ED9C1851A ConfigurationManager, init=-1: [a95fd1d5-e9a9-4526-b4c7-6aa1a85e40e9:192.168.36.114:44353], old=null, confs=<EMPTY_MAP>
2019-09-12 10:32:06,759 [pool-313-thread-1] INFO  server.RaftServerConfigKeys (ConfUtils.java:logGet(43)) - raft.server.storage.dir = [/workdir/hadoop-ozone/integration-test/target/test-dir/MiniOzoneClusterImpl-39631bd2-f83c-4f24-acb2-4c1b273f2694/datanode-0/data/ratis] (custom)
2019-09-12 10:32:06,759 [pool-313-thread-1] INFO  storage.RaftStorageDirectory (RaftStorageDirectory.java:analyzeStorage(246)) - The storage directory /workdir/hadoop-ozone/integration-test/target/test-dir/MiniOzoneClusterImpl-39631bd2-f83c-4f24-acb2-4c1b273f2694/datanode-0/data/ratis/07b1bfd0-c5d2-4d33-9029-998ed9c1851a does not exist. Creating ...
2019-09-12 10:32:06,772 [pool-313-thread-1] INFO  storage.RaftStorageDirectory (RaftStorageDirectory.java:tryLock(328)) - Lock on /workdir/hadoop-ozone/integration-test/target/test-dir/MiniOzoneClusterImpl-39631bd2-f83c-4f24-acb2-4c1b273f2694/datanode-0/data/ratis/07b1bfd0-c5d2-4d33-9029-998ed9c1851a/in_use.lock acquired by nodename 1396@pr-hdds-1569-58hkm-1881083799
2019-09-12 10:32:06,785 [pool-313-thread-1] INFO  storage.RaftStorage (RaftStorage.java:format(72)) - Storage directory /workdir/hadoop-ozone/integration-test/target/test-dir/MiniOzoneClusterImpl-39631bd2-f83c-4f24-acb2-4c1b273f2694/datanode-0/data/ratis/07b1bfd0-c5d2-4d33-9029-998ed9c1851a has been successfully formatted.
2019-09-12 10:32:06,785 [pool-313-thread-1] INFO  ratis.ContainerStateMachine (ContainerStateMachine.java:loadSnapshot(226)) - group-998ED9C1851A: The snapshot info is null. Setting the last applied indexto:(t:0, i:~)
2019-09-12 10:32:06,785 [pool-313-thread-1] INFO  server.RaftServerConfigKeys (ConfUtils.java:logGet(43)) - raft.server.leader.election.timeout = 120s (custom)
2019-09-12 10:32:06,785 [pool-313-thread-1] INFO  server.RaftServerConfigKeys (ConfUtils.java:logGet(43)) - raft.server.log.use.memory = false (default)
2019-09-12 10:32:06,786 [pool-313-thread-1] INFO  server.RaftServerConfigKeys (ConfUtils.java:logGet(43)) - raft.server.log.purge.gap = 1000000 (custom)
2019-09-12 10:32:06,786 [pool-313-thread-1] INFO  server.RaftServerConfigKeys (ConfUtils.java:logGet(43)) - raft.server.log.appender.buffer.byte-limit = 33554432 (custom)
2019-09-12 10:32:06,786 [pool-313-thread-1] INFO  server.RaftServerConfigKeys (ConfUtils.java:logGet(43)) - raft.server.log.segment.size.max = 1048576 (custom)
2019-09-12 10:32:06,786 [pool-313-thread-1] INFO  server.RaftServerConfigKeys (ConfUtils.java:logGet(43)) - raft.server.log.segment.cache.num.max = 2 (custom)
2019-09-12 10:32:06,786 [pool-313-thread-1] INFO  segmented.SegmentedRaftLogWorker (SegmentedRaftLogWorker.java:<init>(172)) - new a95fd1d5-e9a9-4526-b4c7-6aa1a85e40e9-SegmentedRaftLogWorker:Storage Directory /workdir/hadoop-ozone/integration-test/target/test-dir/MiniOzoneClusterImpl-39631bd2-f83c-4f24-acb2-4c1b273f2694/datanode-0/data/ratis/07b1bfd0-c5d2-4d33-9029-998ed9c1851a for RaftStorage:Storage Directory /workdir/hadoop-ozone/integration-test/target/test-dir/MiniOzoneClusterImpl-39631bd2-f83c-4f24-acb2-4c1b273f2694/datanode-0/data/ratis/07b1bfd0-c5d2-4d33-9029-998ed9c1851a
2019-09-12 10:32:06,786 [pool-313-thread-1] INFO  server.RaftServerConfigKeys (ConfUtils.java:logGet(43)) - raft.server.log.queue.byte-limit = 2147483647 (custom)
2019-09-12 10:32:06,787 [pool-313-thread-1] INFO  server.RaftServerConfigKeys (ConfUtils.java:logGet(43)) - raft.server.log.queue.element-limit = 1024 (custom)
2019-09-12 10:32:06,787 [pool-313-thread-1] INFO  server.RaftServerConfigKeys (ConfUtils.java:logGet(43)) - raft.server.log.segment.size.max = 1048576 (custom)
2019-09-12 10:32:06,787 [pool-313-thread-1] INFO  server.RaftServerConfigKeys (ConfUtils.java:logGet(43)) - raft.server.log.preallocated.size = 16384 (custom)
2019-09-12 10:32:06,787 [pool-313-thread-1] INFO  server.RaftServerConfigKeys (ConfUtils.java:logGet(43)) - raft.server.log.write.buffer.size = 33554432 (custom)
2019-09-12 10:32:06,787 [pool-313-thread-1] INFO  server.RaftServerConfigKeys (ConfUtils.java:logGet(43)) - raft.server.log.force.sync.num = 128 (default)
2019-09-12 10:32:06,787 [pool-313-thread-1] INFO  server.RaftServerConfigKeys (ConfUtils.java:logGet(43)) - raft.server.log.statemachine.data.sync = true (default)
2019-09-12 10:32:06,787 [pool-313-thread-1] INFO  server.RaftServerConfigKeys (ConfUtils.java:logGet(43)) - raft.server.log.statemachine.data.sync.timeout = 10s (default)
2019-09-12 10:32:06,788 [pool-313-thread-1] INFO  server.RaftServerConfigKeys (ConfUtils.java:logGet(43)) - raft.server.log.statemachine.data.sync.timeout.retry = -1 (default)
2019-09-12 10:32:06,788 [pool-313-thread-1] INFO  server.RaftServerConfigKeys (ConfUtils.java:logGet(43)) - raft.server.log.statemachine.data.caching.enabled = true (custom)
2019-09-12 10:32:06,788 [pool-313-thread-1] INFO  segmented.SegmentedRaftLogWorker (SegmentedRaftLogWorker.java:lambda$new$0(132)) - a95fd1d5-e9a9-4526-b4c7-6aa1a85e40e9-SegmentedRaftLogWorker:Storage Directory /workdir/hadoop-ozone/integration-test/target/test-dir/MiniOzoneClusterImpl-39631bd2-f83c-4f24-acb2-4c1b273f2694/datanode-0/data/ratis/07b1bfd0-c5d2-4d33-9029-998ed9c1851a: flushIndex: setUnconditionally 0 -> -1
2019-09-12 10:32:06,789 [pool-313-thread-1] INFO  server.RaftServerConfigKeys (ConfUtils.java:logGet(43)) - raft.server.snapshot.auto.trigger.enabled = true (custom)
2019-09-12 10:32:06,789 [pool-313-thread-1] INFO  server.RaftServerConfigKeys (ConfUtils.java:logGet(43)) - raft.server.snapshot.auto.trigger.threshold = 10000 (custom)
2019-09-12 10:32:06,789 [pool-313-thread-1] INFO  server.RaftServerConfigKeys (ConfUtils.java:logGet(43)) - raft.server.retrycache.expirytime = 600000ms (custom)
2019-09-12 10:32:06,789 [pool-313-thread-1] INFO  impl.RaftServerImpl (RaftServerImpl.java:start(180)) - a95fd1d5-e9a9-4526-b4c7-6aa1a85e40e9: start group-998ED9C1851A
2019-09-12 10:32:06,789 [pool-313-thread-1] INFO  impl.RaftServerImpl (RaftServerImpl.java:setRole(171)) - a95fd1d5-e9a9-4526-b4c7-6aa1a85e40e9:group-998ED9C1851A changes role from null to FOLLOWER at term 0 for startAsFollower
2019-09-12 10:32:06,789 [pool-313-thread-1] INFO  impl.RoleInfo (RoleInfo.java:updateAndGet(143)) - a95fd1d5-e9a9-4526-b4c7-6aa1a85e40e9: start FollowerState
2019-09-12 10:32:06,790 [pool-313-thread-1] INFO  util.JmxRegister (JmxRegister.java:tryRegister(44)) - Successfully registered JMX Bean with object name Ratis:service=RaftServer,group=group-998ED9C1851A,id=a95fd1d5-e9a9-4526-b4c7-6aa1a85e40e9
2019-09-12 10:32:06,794 [RatisPipelineUtilsThread] INFO  pipeline.PipelineStateManager (PipelineStateManager.java:addPipeline(56)) - Created pipeline Pipeline[ Id: 07b1bfd0-c5d2-4d33-9029-998ed9c1851a, Nodes: a95fd1d5-e9a9-4526-b4c7-6aa1a85e40e9{ip: 192.168.36.114, host: pr-hdds-1569-58hkm-1881083799, networkLocation: /default-rack, certSerialId: null}, Type:RATIS, Factor:ONE, State:OPEN]
2019-09-12 10:32:06,799 [grpc-default-executor-1] INFO  impl.RaftServerProxy (RaftServerProxy.java:addNew(89)) - a95fd1d5-e9a9-4526-b4c7-6aa1a85e40e9: addNew group-1CB2C2BA02ED:[a95fd1d5-e9a9-4526-b4c7-6aa1a85e40e9:192.168.36.114:44353] returns group-1CB2C2BA02ED:java.util.concurrent.CompletableFuture@3749189c[Not completed]
2019-09-12 10:32:06,801 [pool-313-thread-1] INFO  impl.RaftServerImpl (RaftServerImpl.java:<init>(93)) - a95fd1d5-e9a9-4526-b4c7-6aa1a85e40e9: new RaftServerImpl for group-1CB2C2BA02ED:[a95fd1d5-e9a9-4526-b4c7-6aa1a85e40e9:192.168.36.114:44353] with ContainerStateMachine:uninitialized
2019-09-12 10:32:06,801 [pool-313-thread-1] INFO  server.RaftServerConfigKeys (ConfUtils.java:logGet(43)) - raft.server.rpc.timeout.min = 5s (custom)
2019-09-12 10:32:06,801 [pool-313-thread-1] INFO  server.RaftServerConfigKeys (ConfUtils.java:logGet(43)) - raft.server.rpc.timeout.max = 5200ms (custom)
2019-09-12 10:32:06,801 [pool-313-thread-1] INFO  server.RaftServerConfigKeys (ConfUtils.java:logGet(43)) - raft.server.rpcslowness.timeout = 120s (custom)
2019-09-12 10:32:06,801 [pool-313-thread-1] INFO  server.RaftServerConfigKeys (ConfUtils.java:logGet(43)) - raft.server.sleep.deviation.threshold = 300 (default)
2019-09-12 10:32:06,801 [pool-313-thread-1] INFO  server.RaftServerConfigKeys (ConfUtils.java:logGet(43)) - raft.server.log.appender.install.snapshot.enabled = false (custom)
2019-09-12 10:32:06,802 [pool-313-thread-1] INFO  impl.RaftServerImpl (ServerState.java:<init>(105)) - a95fd1d5-e9a9-4526-b4c7-6aa1a85e40e9:group-1CB2C2BA02ED ConfigurationManager, init=-1: [a95fd1d5-e9a9-4526-b4c7-6aa1a85e40e9:192.168.36.114:44353], old=null, confs=<EMPTY_MAP>
2019-09-12 10:32:06,802 [pool-313-thread-1] INFO  server.RaftServerConfigKeys (ConfUtils.java:logGet(43)) - raft.server.storage.dir = [/workdir/hadoop-ozone/integration-test/target/test-dir/MiniOzoneClusterImpl-39631bd2-f83c-4f24-acb2-4c1b273f2694/datanode-0/data/ratis] (custom)
2019-09-12 10:32:06,802 [pool-313-thread-1] INFO  storage.RaftStorageDirectory (RaftStorageDirectory.java:analyzeStorage(246)) - The storage directory /workdir/hadoop-ozone/integration-test/target/test-dir/MiniOzoneClusterImpl-39631bd2-f83c-4f24-acb2-4c1b273f2694/datanode-0/data/ratis/eeb9477f-064b-48d6-b582-1cb2c2ba02ed does not exist. Creating ...
2019-09-12 10:32:06,815 [pool-313-thread-1] INFO  storage.RaftStorageDirectory (RaftStorageDirectory.java:tryLock(328)) - Lock on /workdir/hadoop-ozone/integration-test/target/test-dir/MiniOzoneClusterImpl-39631bd2-f83c-4f24-acb2-4c1b273f2694/datanode-0/data/ratis/eeb9477f-064b-48d6-b582-1cb2c2ba02ed/in_use.lock acquired by nodename 1396@pr-hdds-1569-58hkm-1881083799
2019-09-12 10:32:06,828 [pool-313-thread-1] INFO  storage.RaftStorage (RaftStorage.java:format(72)) - Storage directory /workdir/hadoop-ozone/integration-test/target/test-dir/MiniOzoneClusterImpl-39631bd2-f83c-4f24-acb2-4c1b273f2694/datanode-0/data/ratis/eeb9477f-064b-48d6-b582-1cb2c2ba02ed has been successfully formatted.
2019-09-12 10:32:06,828 [pool-313-thread-1] INFO  ratis.ContainerStateMachine (ContainerStateMachine.java:loadSnapshot(226)) - group-1CB2C2BA02ED: The snapshot info is null. Setting the last applied indexto:(t:0, i:~)
2019-09-12 10:32:06,828 [pool-313-thread-1] INFO  server.RaftServerConfigKeys (ConfUtils.java:logGet(43)) - raft.server.leader.election.timeout = 120s (custom)
2019-09-12 10:32:06,828 [pool-313-thread-1] INFO  server.RaftServerConfigKeys (ConfUtils.java:logGet(43)) - raft.server.log.use.memory = false (default)
2019-09-12 10:32:06,829 [pool-313-thread-1] INFO  server.RaftServerConfigKeys (ConfUtils.java:logGet(43)) - raft.server.log.purge.gap = 1000000 (custom)
2019-09-12 10:32:06,829 [pool-313-thread-1] INFO  server.RaftServerConfigKeys (ConfUtils.java:logGet(43)) - raft.server.log.appender.buffer.byte-limit = 33554432 (custom)
2019-09-12 10:32:06,829 [pool-313-thread-1] INFO  server.RaftServerConfigKeys (ConfUtils.java:logGet(43)) - raft.server.log.segment.size.max = 1048576 (custom)
2019-09-12 10:32:06,829 [pool-313-thread-1] INFO  server.RaftServerConfigKeys (ConfUtils.java:logGet(43)) - raft.server.log.segment.cache.num.max = 2 (custom)
2019-09-12 10:32:06,829 [pool-313-thread-1] INFO  segmented.SegmentedRaftLogWorker (SegmentedRaftLogWorker.java:<init>(172)) - new a95fd1d5-e9a9-4526-b4c7-6aa1a85e40e9-SegmentedRaftLogWorker:Storage Directory /workdir/hadoop-ozone/integration-test/target/test-dir/MiniOzoneClusterImpl-39631bd2-f83c-4f24-acb2-4c1b273f2694/datanode-0/data/ratis/eeb9477f-064b-48d6-b582-1cb2c2ba02ed for RaftStorage:Storage Directory /workdir/hadoop-ozone/integration-test/target/test-dir/MiniOzoneClusterImpl-39631bd2-f83c-4f24-acb2-4c1b273f2694/datanode-0/data/ratis/eeb9477f-064b-48d6-b582-1cb2c2ba02ed
2019-09-12 10:32:06,829 [pool-313-thread-1] INFO  server.RaftServerConfigKeys (ConfUtils.java:logGet(43)) - raft.server.log.queue.byte-limit = 2147483647 (custom)
2019-09-12 10:32:06,829 [pool-313-thread-1] INFO  server.RaftServerConfigKeys (ConfUtils.java:logGet(43)) - raft.server.log.queue.element-limit = 1024 (custom)
2019-09-12 10:32:06,830 [pool-313-thread-1] INFO  server.RaftServerConfigKeys (ConfUtils.java:logGet(43)) - raft.server.log.segment.size.max = 1048576 (custom)
2019-09-12 10:32:06,830 [pool-313-thread-1] INFO  server.RaftServerConfigKeys (ConfUtils.java:logGet(43)) - raft.server.log.preallocated.size = 16384 (custom)
2019-09-12 10:32:06,830 [pool-313-thread-1] INFO  server.RaftServerConfigKeys (ConfUtils.java:logGet(43)) - raft.server.log.write.buffer.size = 33554432 (custom)
2019-09-12 10:32:06,830 [pool-313-thread-1] INFO  server.RaftServerConfigKeys (ConfUtils.java:logGet(43)) - raft.server.log.force.sync.num = 128 (default)
2019-09-12 10:32:06,830 [pool-313-thread-1] INFO  server.RaftServerConfigKeys (ConfUtils.java:logGet(43)) - raft.server.log.statemachine.data.sync = true (default)
2019-09-12 10:32:06,830 [pool-313-thread-1] INFO  server.RaftServerConfigKeys (ConfUtils.java:logGet(43)) - raft.server.log.statemachine.data.sync.timeout = 10s (default)
2019-09-12 10:32:06,830 [pool-313-thread-1] INFO  server.RaftServerConfigKeys (ConfUtils.java:logGet(43)) - raft.server.log.statemachine.data.sync.timeout.retry = -1 (default)
2019-09-12 10:32:06,831 [pool-313-thread-1] INFO  server.RaftServerConfigKeys (ConfUtils.java:logGet(43)) - raft.server.log.statemachine.data.caching.enabled = true (custom)
2019-09-12 10:32:06,831 [pool-313-thread-1] INFO  segmented.SegmentedRaftLogWorker (SegmentedRaftLogWorker.java:lambda$new$0(132)) - a95fd1d5-e9a9-4526-b4c7-6aa1a85e40e9-SegmentedRaftLogWorker:Storage Directory /workdir/hadoop-ozone/integration-test/target/test-dir/MiniOzoneClusterImpl-39631bd2-f83c-4f24-acb2-4c1b273f2694/datanode-0/data/ratis/eeb9477f-064b-48d6-b582-1cb2c2ba02ed: flushIndex: setUnconditionally 0 -> -1
2019-09-12 10:32:06,831 [pool-313-thread-1] INFO  server.RaftServerConfigKeys (ConfUtils.java:logGet(43)) - raft.server.snapshot.auto.trigger.enabled = true (custom)
2019-09-12 10:32:06,831 [pool-313-thread-1] INFO  server.RaftServerConfigKeys (ConfUtils.java:logGet(43)) - raft.server.snapshot.auto.trigger.threshold = 10000 (custom)
2019-09-12 10:32:06,832 [pool-313-thread-1] INFO  server.RaftServerConfigKeys (ConfUtils.java:logGet(43)) - raft.server.retrycache.expirytime = 600000ms (custom)
2019-09-12 10:32:06,832 [pool-313-thread-1] INFO  impl.RaftServerImpl (RaftServerImpl.java:start(180)) - a95fd1d5-e9a9-4526-b4c7-6aa1a85e40e9: start group-1CB2C2BA02ED
2019-09-12 10:32:06,832 [pool-313-thread-1] INFO  impl.RaftServerImpl (RaftServerImpl.java:setRole(171)) - a95fd1d5-e9a9-4526-b4c7-6aa1a85e40e9:group-1CB2C2BA02ED changes role from null to FOLLOWER at term 0 for startAsFollower
2019-09-12 10:32:06,832 [pool-313-thread-1] INFO  impl.RoleInfo (RoleInfo.java:updateAndGet(143)) - a95fd1d5-e9a9-4526-b4c7-6aa1a85e40e9: start FollowerState
2019-09-12 10:32:06,832 [pool-313-thread-1] INFO  util.JmxRegister (JmxRegister.java:tryRegister(44)) - Successfully registered JMX Bean with object name Ratis:service=RaftServer,group=group-1CB2C2BA02ED,id=a95fd1d5-e9a9-4526-b4c7-6aa1a85e40e9
2019-09-12 10:32:06,835 [RatisPipelineUtilsThread] INFO  pipeline.PipelineStateManager (PipelineStateManager.java:addPipeline(56)) - Created pipeline Pipeline[ Id: eeb9477f-064b-48d6-b582-1cb2c2ba02ed, Nodes: a95fd1d5-e9a9-4526-b4c7-6aa1a85e40e9{ip: 192.168.36.114, host: pr-hdds-1569-58hkm-1881083799, networkLocation: /default-rack, certSerialId: null}, Type:RATIS, Factor:ONE, State:OPEN]
2019-09-12 10:32:06,837 | INFO  | SCMAudit | user=jenkins1000 | ip=192.168.36.114 | op=SEND_HEARTBEAT {datanodeUUID=eaeff1e2-de9c-4510-872d-283eb6c3c330, command=[]} | ret=SUCCESS |  
2019-09-12 10:32:06,837 | INFO  | SCMAudit | user=jenkins1000 | ip=192.168.36.114 | op=SEND_HEARTBEAT {datanodeUUID=22ce2f4b-d517-44cf-8041-712d813e08f3, command=[]} | ret=SUCCESS |  
2019-09-12 10:32:06,838 | INFO  | SCMAudit | user=jenkins1000 | ip=192.168.36.114 | op=SEND_HEARTBEAT {datanodeUUID=5dd0cd62-5770-41dd-9e5a-f3f3eedc40c1, command=[]} | ret=SUCCESS |  
2019-09-12 10:32:06,838 | INFO  | SCMAudit | user=jenkins1000 | ip=192.168.36.114 | op=SEND_HEARTBEAT {datanodeUUID=d40ec8ee-ac9e-41d6-86bd-e74a05605b85, command=[]} | ret=SUCCESS |  
2019-09-12 10:32:06,838 | INFO  | SCMAudit | user=jenkins1000 | ip=192.168.36.114 | op=SEND_HEARTBEAT {datanodeUUID=f17b4253-95a0-4ee6-8ded-88f070f15b33, command=[]} | ret=SUCCESS |  
2019-09-12 10:32:06,838 | INFO  | SCMAudit | user=jenkins1000 | ip=192.168.36.114 | op=SEND_HEARTBEAT {datanodeUUID=bcda0514-d42e-47ca-96fd-c0a633e872a8, command=[]} | ret=SUCCESS |  
2019-09-12 10:32:06,839 | INFO  | SCMAudit | user=jenkins1000 | ip=192.168.36.114 | op=SEND_HEARTBEAT {datanodeUUID=1349d5ba-07d4-450a-9218-4f0361201438, command=[]} | ret=SUCCESS |  
2019-09-12 10:32:06,839 | INFO  | SCMAudit | user=jenkins1000 | ip=192.168.36.114 | op=SEND_HEARTBEAT {datanodeUUID=c1e71898-521f-4627-a3f1-9884c4b96ced, command=[]} | ret=SUCCESS |  
2019-09-12 10:32:06,840 | INFO  | SCMAudit | user=jenkins1000 | ip=192.168.36.114 | op=SEND_HEARTBEAT {datanodeUUID=b6dd7c38-f675-445e-811b-15cf17d56c0a, command=[]} | ret=SUCCESS |  
2019-09-12 10:32:06,841 [grpc-default-executor-1] INFO  impl.RaftServerProxy (RaftServerProxy.java:addNew(89)) - a95fd1d5-e9a9-4526-b4c7-6aa1a85e40e9: addNew group-220D3FE9F144:[a95fd1d5-e9a9-4526-b4c7-6aa1a85e40e9:192.168.36.114:44353] returns group-220D3FE9F144:java.util.concurrent.CompletableFuture@2236b2b0[Not completed]
2019-09-12 10:32:06,841 | INFO  | SCMAudit | user=jenkins1000 | ip=192.168.36.114 | op=SEND_HEARTBEAT {datanodeUUID=caccd92c-2544-4e02-86cf-95849f240c1b, command=[]} | ret=SUCCESS |  
2019-09-12 10:32:06,842 [pool-313-thread-1] INFO  impl.RaftServerImpl (RaftServerImpl.java:<init>(93)) - a95fd1d5-e9a9-4526-b4c7-6aa1a85e40e9: new RaftServerImpl for group-220D3FE9F144:[a95fd1d5-e9a9-4526-b4c7-6aa1a85e40e9:192.168.36.114:44353] with ContainerStateMachine:uninitialized
2019-09-12 10:32:06,842 [pool-313-thread-1] INFO  server.RaftServerConfigKeys (ConfUtils.java:logGet(43)) - raft.server.rpc.timeout.min = 5s (custom)
2019-09-12 10:32:06,842 [pool-313-thread-1] INFO  server.RaftServerConfigKeys (ConfUtils.java:logGet(43)) - raft.server.rpc.timeout.max = 5200ms (custom)
2019-09-12 10:32:06,842 [pool-313-thread-1] INFO  server.RaftServerConfigKeys (ConfUtils.java:logGet(43)) - raft.server.rpcslowness.timeout = 120s (custom)
2019-09-12 10:32:06,842 [pool-313-thread-1] INFO  server.RaftServerConfigKeys (ConfUtils.java:logGet(43)) - raft.server.sleep.deviation.threshold = 300 (default)
2019-09-12 10:32:06,843 [pool-313-thread-1] INFO  server.RaftServerConfigKeys (ConfUtils.java:logGet(43)) - raft.server.log.appender.install.snapshot.enabled = false (custom)
2019-09-12 10:32:06,843 [pool-313-thread-1] INFO  impl.RaftServerImpl (ServerState.java:<init>(105)) - a95fd1d5-e9a9-4526-b4c7-6aa1a85e40e9:group-220D3FE9F144 ConfigurationManager, init=-1: [a95fd1d5-e9a9-4526-b4c7-6aa1a85e40e9:192.168.36.114:44353], old=null, confs=<EMPTY_MAP>
2019-09-12 10:32:06,843 [pool-313-thread-1] INFO  server.RaftServerConfigKeys (ConfUtils.java:logGet(43)) - raft.server.storage.dir = [/workdir/hadoop-ozone/integration-test/target/test-dir/MiniOzoneClusterImpl-39631bd2-f83c-4f24-acb2-4c1b273f2694/datanode-0/data/ratis] (custom)
2019-09-12 10:32:06,843 [pool-313-thread-1] INFO  storage.RaftStorageDirectory (RaftStorageDirectory.java:analyzeStorage(246)) - The storage directory /workdir/hadoop-ozone/integration-test/target/test-dir/MiniOzoneClusterImpl-39631bd2-f83c-4f24-acb2-4c1b273f2694/datanode-0/data/ratis/b561fcd2-fcad-4c53-bc51-220d3fe9f144 does not exist. Creating ...
2019-09-12 10:32:06,856 [pool-313-thread-1] INFO  storage.RaftStorageDirectory (RaftStorageDirectory.java:tryLock(328)) - Lock on /workdir/hadoop-ozone/integration-test/target/test-dir/MiniOzoneClusterImpl-39631bd2-f83c-4f24-acb2-4c1b273f2694/datanode-0/data/ratis/b561fcd2-fcad-4c53-bc51-220d3fe9f144/in_use.lock acquired by nodename 1396@pr-hdds-1569-58hkm-1881083799
2019-09-12 10:32:06,869 [pool-313-thread-1] INFO  storage.RaftStorage (RaftStorage.java:format(72)) - Storage directory /workdir/hadoop-ozone/integration-test/target/test-dir/MiniOzoneClusterImpl-39631bd2-f83c-4f24-acb2-4c1b273f2694/datanode-0/data/ratis/b561fcd2-fcad-4c53-bc51-220d3fe9f144 has been successfully formatted.
2019-09-12 10:32:06,869 [pool-313-thread-1] INFO  ratis.ContainerStateMachine (ContainerStateMachine.java:loadSnapshot(226)) - group-220D3FE9F144: The snapshot info is null. Setting the last applied indexto:(t:0, i:~)
2019-09-12 10:32:06,869 [pool-313-thread-1] INFO  server.RaftServerConfigKeys (ConfUtils.java:logGet(43)) - raft.server.leader.election.timeout = 120s (custom)
2019-09-12 10:32:06,869 [pool-313-thread-1] INFO  server.RaftServerConfigKeys (ConfUtils.java:logGet(43)) - raft.server.log.use.memory = false (default)
2019-09-12 10:32:06,869 [pool-313-thread-1] INFO  server.RaftServerConfigKeys (ConfUtils.java:logGet(43)) - raft.server.log.purge.gap = 1000000 (custom)
2019-09-12 10:32:06,870 [pool-313-thread-1] INFO  server.RaftServerConfigKeys (ConfUtils.java:logGet(43)) - raft.server.log.appender.buffer.byte-limit = 33554432 (custom)
2019-09-12 10:32:06,870 [pool-313-thread-1] INFO  server.RaftServerConfigKeys (ConfUtils.java:logGet(43)) - raft.server.log.segment.size.max = 1048576 (custom)
2019-09-12 10:32:06,870 [pool-313-thread-1] INFO  server.RaftServerConfigKeys (ConfUtils.java:logGet(43)) - raft.server.log.segment.cache.num.max = 2 (custom)
2019-09-12 10:32:06,870 [pool-313-thread-1] INFO  segmented.SegmentedRaftLogWorker (SegmentedRaftLogWorker.java:<init>(172)) - new a95fd1d5-e9a9-4526-b4c7-6aa1a85e40e9-SegmentedRaftLogWorker:Storage Directory /workdir/hadoop-ozone/integration-test/target/test-dir/MiniOzoneClusterImpl-39631bd2-f83c-4f24-acb2-4c1b273f2694/datanode-0/data/ratis/b561fcd2-fcad-4c53-bc51-220d3fe9f144 for RaftStorage:Storage Directory /workdir/hadoop-ozone/integration-test/target/test-dir/MiniOzoneClusterImpl-39631bd2-f83c-4f24-acb2-4c1b273f2694/datanode-0/data/ratis/b561fcd2-fcad-4c53-bc51-220d3fe9f144
2019-09-12 10:32:06,870 [pool-313-thread-1] INFO  server.RaftServerConfigKeys (ConfUtils.java:logGet(43)) - raft.server.log.queue.byte-limit = 2147483647 (custom)
2019-09-12 10:32:06,870 [pool-313-thread-1] INFO  server.RaftServerConfigKeys (ConfUtils.java:logGet(43)) - raft.server.log.queue.element-limit = 1024 (custom)
2019-09-12 10:32:06,870 [pool-313-thread-1] INFO  server.RaftServerConfigKeys (ConfUtils.java:logGet(43)) - raft.server.log.segment.size.max = 1048576 (custom)
2019-09-12 10:32:06,871 [pool-313-thread-1] INFO  server.RaftServerConfigKeys (ConfUtils.java:logGet(43)) - raft.server.log.preallocated.size = 16384 (custom)
2019-09-12 10:32:06,871 [pool-313-thread-1] INFO  server.RaftServerConfigKeys (ConfUtils.java:logGet(43)) - raft.server.log.write.buffer.size = 33554432 (custom)
2019-09-12 10:32:06,871 [pool-313-thread-1] INFO  server.RaftServerConfigKeys (ConfUtils.java:logGet(43)) - raft.server.log.force.sync.num = 128 (default)
2019-09-12 10:32:06,871 [pool-313-thread-1] INFO  server.RaftServerConfigKeys (ConfUtils.java:logGet(43)) - raft.server.log.statemachine.data.sync = true (default)
2019-09-12 10:32:06,871 [pool-313-thread-1] INFO  server.RaftServerConfigKeys (ConfUtils.java:logGet(43)) - raft.server.log.statemachine.data.sync.timeout = 10s (default)
2019-09-12 10:32:06,871 [pool-313-thread-1] INFO  server.RaftServerConfigKeys (ConfUtils.java:logGet(43)) - raft.server.log.statemachine.data.sync.timeout.retry = -1 (default)
2019-09-12 10:32:06,871 [pool-313-thread-1] INFO  server.RaftServerConfigKeys (ConfUtils.java:logGet(43)) - raft.server.log.statemachine.data.caching.enabled = true (custom)
2019-09-12 10:32:06,872 [pool-313-thread-1] INFO  segmented.SegmentedRaftLogWorker (SegmentedRaftLogWorker.java:lambda$new$0(132)) - a95fd1d5-e9a9-4526-b4c7-6aa1a85e40e9-SegmentedRaftLogWorker:Storage Directory /workdir/hadoop-ozone/integration-test/target/test-dir/MiniOzoneClusterImpl-39631bd2-f83c-4f24-acb2-4c1b273f2694/datanode-0/data/ratis/b561fcd2-fcad-4c53-bc51-220d3fe9f144: flushIndex: setUnconditionally 0 -> -1
2019-09-12 10:32:06,872 [pool-313-thread-1] INFO  server.RaftServerConfigKeys (ConfUtils.java:logGet(43)) - raft.server.snapshot.auto.trigger.enabled = true (custom)
2019-09-12 10:32:06,872 [pool-313-thread-1] INFO  server.RaftServerConfigKeys (ConfUtils.java:logGet(43)) - raft.server.snapshot.auto.trigger.threshold = 10000 (custom)
2019-09-12 10:32:06,872 [pool-313-thread-1] INFO  server.RaftServerConfigKeys (ConfUtils.java:logGet(43)) - raft.server.retrycache.expirytime = 600000ms (custom)
2019-09-12 10:32:06,872 [pool-313-thread-1] INFO  impl.RaftServerImpl (RaftServerImpl.java:start(180)) - a95fd1d5-e9a9-4526-b4c7-6aa1a85e40e9: start group-220D3FE9F144
2019-09-12 10:32:06,873 [pool-313-thread-1] INFO  impl.RaftServerImpl (RaftServerImpl.java:setRole(171)) - a95fd1d5-e9a9-4526-b4c7-6aa1a85e40e9:group-220D3FE9F144 changes role from null to FOLLOWER at term 0 for startAsFollower
2019-09-12 10:32:06,873 [pool-313-thread-1] INFO  impl.RoleInfo (RoleInfo.java:updateAndGet(143)) - a95fd1d5-e9a9-4526-b4c7-6aa1a85e40e9: start FollowerState
2019-09-12 10:32:06,873 [pool-313-thread-1] INFO  util.JmxRegister (JmxRegister.java:tryRegister(44)) - Successfully registered JMX Bean with object name Ratis:service=RaftServer,group=group-220D3FE9F144,id=a95fd1d5-e9a9-4526-b4c7-6aa1a85e40e9
2019-09-12 10:32:06,876 [RatisPipelineUtilsThread] INFO  pipeline.PipelineStateManager (PipelineStateManager.java:addPipeline(56)) - Created pipeline Pipeline[ Id: b561fcd2-fcad-4c53-bc51-220d3fe9f144, Nodes: a95fd1d5-e9a9-4526-b4c7-6aa1a85e40e9{ip: 192.168.36.114, host: pr-hdds-1569-58hkm-1881083799, networkLocation: /default-rack, certSerialId: null}, Type:RATIS, Factor:ONE, State:OPEN]
2019-09-12 10:32:06,881 [grpc-default-executor-1] INFO  impl.RaftServerProxy (RaftServerProxy.java:addNew(89)) - a95fd1d5-e9a9-4526-b4c7-6aa1a85e40e9: addNew group-01B47FFBFEC3:[a95fd1d5-e9a9-4526-b4c7-6aa1a85e40e9:192.168.36.114:44353] returns group-01B47FFBFEC3:java.util.concurrent.CompletableFuture@3f9816b8[Not completed]
2019-09-12 10:32:06,882 [pool-313-thread-1] INFO  impl.RaftServerImpl (RaftServerImpl.java:<init>(93)) - a95fd1d5-e9a9-4526-b4c7-6aa1a85e40e9: new RaftServerImpl for group-01B47FFBFEC3:[a95fd1d5-e9a9-4526-b4c7-6aa1a85e40e9:192.168.36.114:44353] with ContainerStateMachine:uninitialized
2019-09-12 10:32:06,882 [pool-313-thread-1] INFO  server.RaftServerConfigKeys (ConfUtils.java:logGet(43)) - raft.server.rpc.timeout.min = 5s (custom)
2019-09-12 10:32:06,882 [pool-313-thread-1] INFO  server.RaftServerConfigKeys (ConfUtils.java:logGet(43)) - raft.server.rpc.timeout.max = 5200ms (custom)
2019-09-12 10:32:06,883 [pool-313-thread-1] INFO  server.RaftServerConfigKeys (ConfUtils.java:logGet(43)) - raft.server.rpcslowness.timeout = 120s (custom)
2019-09-12 10:32:06,883 [pool-313-thread-1] INFO  server.RaftServerConfigKeys (ConfUtils.java:logGet(43)) - raft.server.sleep.deviation.threshold = 300 (default)
2019-09-12 10:32:06,883 [pool-313-thread-1] INFO  server.RaftServerConfigKeys (ConfUtils.java:logGet(43)) - raft.server.log.appender.install.snapshot.enabled = false (custom)
2019-09-12 10:32:06,883 [pool-313-thread-1] INFO  impl.RaftServerImpl (ServerState.java:<init>(105)) - a95fd1d5-e9a9-4526-b4c7-6aa1a85e40e9:group-01B47FFBFEC3 ConfigurationManager, init=-1: [a95fd1d5-e9a9-4526-b4c7-6aa1a85e40e9:192.168.36.114:44353], old=null, confs=<EMPTY_MAP>
2019-09-12 10:32:06,883 [pool-313-thread-1] INFO  server.RaftServerConfigKeys (ConfUtils.java:logGet(43)) - raft.server.storage.dir = [/workdir/hadoop-ozone/integration-test/target/test-dir/MiniOzoneClusterImpl-39631bd2-f83c-4f24-acb2-4c1b273f2694/datanode-0/data/ratis] (custom)
2019-09-12 10:32:06,883 [pool-313-thread-1] INFO  storage.RaftStorageDirectory (RaftStorageDirectory.java:analyzeStorage(246)) - The storage directory /workdir/hadoop-ozone/integration-test/target/test-dir/MiniOzoneClusterImpl-39631bd2-f83c-4f24-acb2-4c1b273f2694/datanode-0/data/ratis/77f1372d-ffe7-441f-a1fc-01b47ffbfec3 does not exist. Creating ...
2019-09-12 10:32:06,895 [pool-313-thread-1] INFO  storage.RaftStorageDirectory (RaftStorageDirectory.java:tryLock(328)) - Lock on /workdir/hadoop-ozone/integration-test/target/test-dir/MiniOzoneClusterImpl-39631bd2-f83c-4f24-acb2-4c1b273f2694/datanode-0/data/ratis/77f1372d-ffe7-441f-a1fc-01b47ffbfec3/in_use.lock acquired by nodename 1396@pr-hdds-1569-58hkm-1881083799
2019-09-12 10:32:06,908 [pool-313-thread-1] INFO  storage.RaftStorage (RaftStorage.java:format(72)) - Storage directory /workdir/hadoop-ozone/integration-test/target/test-dir/MiniOzoneClusterImpl-39631bd2-f83c-4f24-acb2-4c1b273f2694/datanode-0/data/ratis/77f1372d-ffe7-441f-a1fc-01b47ffbfec3 has been successfully formatted.
2019-09-12 10:32:06,909 [pool-313-thread-1] INFO  ratis.ContainerStateMachine (ContainerStateMachine.java:loadSnapshot(226)) - group-01B47FFBFEC3: The snapshot info is null. Setting the last applied indexto:(t:0, i:~)
2019-09-12 10:32:06,909 [pool-313-thread-1] INFO  server.RaftServerConfigKeys (ConfUtils.java:logGet(43)) - raft.server.leader.election.timeout = 120s (custom)
2019-09-12 10:32:06,909 [pool-313-thread-1] INFO  server.RaftServerConfigKeys (ConfUtils.java:logGet(43)) - raft.server.log.use.memory = false (default)
2019-09-12 10:32:06,909 [pool-313-thread-1] INFO  server.RaftServerConfigKeys (ConfUtils.java:logGet(43)) - raft.server.log.purge.gap = 1000000 (custom)
2019-09-12 10:32:06,909 [pool-313-thread-1] INFO  server.RaftServerConfigKeys (ConfUtils.java:logGet(43)) - raft.server.log.appender.buffer.byte-limit = 33554432 (custom)
2019-09-12 10:32:06,909 [pool-313-thread-1] INFO  server.RaftServerConfigKeys (ConfUtils.java:logGet(43)) - raft.server.log.segment.size.max = 1048576 (custom)
2019-09-12 10:32:06,910 [pool-313-thread-1] INFO  server.RaftServerConfigKeys (ConfUtils.java:logGet(43)) - raft.server.log.segment.cache.num.max = 2 (custom)
2019-09-12 10:32:06,910 [pool-313-thread-1] INFO  segmented.SegmentedRaftLogWorker (SegmentedRaftLogWorker.java:<init>(172)) - new a95fd1d5-e9a9-4526-b4c7-6aa1a85e40e9-SegmentedRaftLogWorker:Storage Directory /workdir/hadoop-ozone/integration-test/target/test-dir/MiniOzoneClusterImpl-39631bd2-f83c-4f24-acb2-4c1b273f2694/datanode-0/data/ratis/77f1372d-ffe7-441f-a1fc-01b47ffbfec3 for RaftStorage:Storage Directory /workdir/hadoop-ozone/integration-test/target/test-dir/MiniOzoneClusterImpl-39631bd2-f83c-4f24-acb2-4c1b273f2694/datanode-0/data/ratis/77f1372d-ffe7-441f-a1fc-01b47ffbfec3
2019-09-12 10:32:06,910 [pool-313-thread-1] INFO  server.RaftServerConfigKeys (ConfUtils.java:logGet(43)) - raft.server.log.queue.byte-limit = 2147483647 (custom)
2019-09-12 10:32:06,910 [pool-313-thread-1] INFO  server.RaftServerConfigKeys (ConfUtils.java:logGet(43)) - raft.server.log.queue.element-limit = 1024 (custom)
2019-09-12 10:32:06,910 [pool-313-thread-1] INFO  server.RaftServerConfigKeys (ConfUtils.java:logGet(43)) - raft.server.log.segment.size.max = 1048576 (custom)
2019-09-12 10:32:06,910 [pool-313-thread-1] INFO  server.RaftServerConfigKeys (ConfUtils.java:logGet(43)) - raft.server.log.preallocated.size = 16384 (custom)
2019-09-12 10:32:06,910 [pool-313-thread-1] INFO  server.RaftServerConfigKeys (ConfUtils.java:logGet(43)) - raft.server.log.write.buffer.size = 33554432 (custom)
2019-09-12 10:32:06,910 [pool-313-thread-1] INFO  server.RaftServerConfigKeys (ConfUtils.java:logGet(43)) - raft.server.log.force.sync.num = 128 (default)
2019-09-12 10:32:06,911 [pool-313-thread-1] INFO  server.RaftServerConfigKeys (ConfUtils.java:logGet(43)) - raft.server.log.statemachine.data.sync = true (default)
2019-09-12 10:32:06,911 [pool-313-thread-1] INFO  server.RaftServerConfigKeys (ConfUtils.java:logGet(43)) - raft.server.log.statemachine.data.sync.timeout = 10s (default)
2019-09-12 10:32:06,911 [pool-313-thread-1] INFO  server.RaftServerConfigKeys (ConfUtils.java:logGet(43)) - raft.server.log.statemachine.data.sync.timeout.retry = -1 (default)
2019-09-12 10:32:06,911 [pool-313-thread-1] INFO  server.RaftServerConfigKeys (ConfUtils.java:logGet(43)) - raft.server.log.statemachine.data.caching.enabled = true (custom)
2019-09-12 10:32:06,912 [pool-313-thread-1] INFO  segmented.SegmentedRaftLogWorker (SegmentedRaftLogWorker.java:lambda$new$0(132)) - a95fd1d5-e9a9-4526-b4c7-6aa1a85e40e9-SegmentedRaftLogWorker:Storage Directory /workdir/hadoop-ozone/integration-test/target/test-dir/MiniOzoneClusterImpl-39631bd2-f83c-4f24-acb2-4c1b273f2694/datanode-0/data/ratis/77f1372d-ffe7-441f-a1fc-01b47ffbfec3: flushIndex: setUnconditionally 0 -> -1
2019-09-12 10:32:06,912 [pool-313-thread-1] INFO  server.RaftServerConfigKeys (ConfUtils.java:logGet(43)) - raft.server.snapshot.auto.trigger.enabled = true (custom)
2019-09-12 10:32:06,912 [pool-313-thread-1] INFO  server.RaftServerConfigKeys (ConfUtils.java:logGet(43)) - raft.server.snapshot.auto.trigger.threshold = 10000 (custom)
2019-09-12 10:32:06,912 [pool-313-thread-1] INFO  server.RaftServerConfigKeys (ConfUtils.java:logGet(43)) - raft.server.retrycache.expirytime = 600000ms (custom)
2019-09-12 10:32:06,913 [pool-313-thread-1] INFO  impl.RaftServerImpl (RaftServerImpl.java:start(180)) - a95fd1d5-e9a9-4526-b4c7-6aa1a85e40e9: start group-01B47FFBFEC3
2019-09-12 10:32:06,913 [pool-313-thread-1] INFO  impl.RaftServerImpl (RaftServerImpl.java:setRole(171)) - a95fd1d5-e9a9-4526-b4c7-6aa1a85e40e9:group-01B47FFBFEC3 changes role from null to FOLLOWER at term 0 for startAsFollower
2019-09-12 10:32:06,913 [pool-313-thread-1] INFO  impl.RoleInfo (RoleInfo.java:updateAndGet(143)) - a95fd1d5-e9a9-4526-b4c7-6aa1a85e40e9: start FollowerState
2019-09-12 10:32:06,913 [pool-313-thread-1] INFO  util.JmxRegister (JmxRegister.java:tryRegister(44)) - Successfully registered JMX Bean with object name Ratis:service=RaftServer,group=group-01B47FFBFEC3,id=a95fd1d5-e9a9-4526-b4c7-6aa1a85e40e9
2019-09-12 10:32:06,916 [RatisPipelineUtilsThread] INFO  pipeline.PipelineStateManager (PipelineStateManager.java:addPipeline(56)) - Created pipeline Pipeline[ Id: 77f1372d-ffe7-441f-a1fc-01b47ffbfec3, Nodes: a95fd1d5-e9a9-4526-b4c7-6aa1a85e40e9{ip: 192.168.36.114, host: pr-hdds-1569-58hkm-1881083799, networkLocation: /default-rack, certSerialId: null}, Type:RATIS, Factor:ONE, State:OPEN]
2019-09-12 10:32:06,924 [grpc-default-executor-1] INFO  impl.RaftServerProxy (RaftServerProxy.java:addNew(89)) - a95fd1d5-e9a9-4526-b4c7-6aa1a85e40e9: addNew group-0A1A55BC3C3C:[a95fd1d5-e9a9-4526-b4c7-6aa1a85e40e9:192.168.36.114:44353] returns group-0A1A55BC3C3C:java.util.concurrent.CompletableFuture@3e3c7da6[Not completed]
2019-09-12 10:32:06,926 [pool-313-thread-1] INFO  impl.RaftServerImpl (RaftServerImpl.java:<init>(93)) - a95fd1d5-e9a9-4526-b4c7-6aa1a85e40e9: new RaftServerImpl for group-0A1A55BC3C3C:[a95fd1d5-e9a9-4526-b4c7-6aa1a85e40e9:192.168.36.114:44353] with ContainerStateMachine:uninitialized
2019-09-12 10:32:06,926 [pool-313-thread-1] INFO  server.RaftServerConfigKeys (ConfUtils.java:logGet(43)) - raft.server.rpc.timeout.min = 5s (custom)
2019-09-12 10:32:06,926 [pool-313-thread-1] INFO  server.RaftServerConfigKeys (ConfUtils.java:logGet(43)) - raft.server.rpc.timeout.max = 5200ms (custom)
2019-09-12 10:32:06,926 [pool-313-thread-1] INFO  server.RaftServerConfigKeys (ConfUtils.java:logGet(43)) - raft.server.rpcslowness.timeout = 120s (custom)
2019-09-12 10:32:06,926 [pool-313-thread-1] INFO  server.RaftServerConfigKeys (ConfUtils.java:logGet(43)) - raft.server.sleep.deviation.threshold = 300 (default)
2019-09-12 10:32:06,926 [pool-313-thread-1] INFO  server.RaftServerConfigKeys (ConfUtils.java:logGet(43)) - raft.server.log.appender.install.snapshot.enabled = false (custom)
2019-09-12 10:32:06,926 [pool-313-thread-1] INFO  impl.RaftServerImpl (ServerState.java:<init>(105)) - a95fd1d5-e9a9-4526-b4c7-6aa1a85e40e9:group-0A1A55BC3C3C ConfigurationManager, init=-1: [a95fd1d5-e9a9-4526-b4c7-6aa1a85e40e9:192.168.36.114:44353], old=null, confs=<EMPTY_MAP>
2019-09-12 10:32:06,927 [pool-313-thread-1] INFO  server.RaftServerConfigKeys (ConfUtils.java:logGet(43)) - raft.server.storage.dir = [/workdir/hadoop-ozone/integration-test/target/test-dir/MiniOzoneClusterImpl-39631bd2-f83c-4f24-acb2-4c1b273f2694/datanode-0/data/ratis] (custom)
2019-09-12 10:32:06,927 [pool-313-thread-1] INFO  storage.RaftStorageDirectory (RaftStorageDirectory.java:analyzeStorage(246)) - The storage directory /workdir/hadoop-ozone/integration-test/target/test-dir/MiniOzoneClusterImpl-39631bd2-f83c-4f24-acb2-4c1b273f2694/datanode-0/data/ratis/76f1e79c-ce68-4ae3-9975-0a1a55bc3c3c does not exist. Creating ...
2019-09-12 10:32:06,930 [pool-313-thread-1] INFO  storage.RaftStorageDirectory (RaftStorageDirectory.java:tryLock(328)) - Lock on /workdir/hadoop-ozone/integration-test/target/test-dir/MiniOzoneClusterImpl-39631bd2-f83c-4f24-acb2-4c1b273f2694/datanode-0/data/ratis/76f1e79c-ce68-4ae3-9975-0a1a55bc3c3c/in_use.lock acquired by nodename 1396@pr-hdds-1569-58hkm-1881083799
2019-09-12 10:32:06,933 | INFO  | SCMAudit | user=jenkins1000 | ip=192.168.36.114 | op=SEND_HEARTBEAT {datanodeUUID=334c5273-7871-4d53-8b37-de05e5a3be10, command=[]} | ret=SUCCESS |  
2019-09-12 10:32:06,933 | INFO  | SCMAudit | user=jenkins1000 | ip=192.168.36.114 | op=SEND_HEARTBEAT {datanodeUUID=c54af6f8-a22e-478f-90e1-029d14059a99, command=[]} | ret=SUCCESS |  
2019-09-12 10:32:06,933 | INFO  | SCMAudit | user=jenkins1000 | ip=192.168.36.114 | op=SEND_HEARTBEAT {datanodeUUID=ff438662-24cf-49bb-bfc5-3308ec6d286b, command=[]} | ret=SUCCESS |  
2019-09-12 10:32:06,933 | INFO  | SCMAudit | user=jenkins1000 | ip=192.168.36.114 | op=SEND_HEARTBEAT {datanodeUUID=2cb9d557-cb56-4745-8686-5e72b62e748a, command=[]} | ret=SUCCESS |  
2019-09-12 10:32:06,934 | INFO  | SCMAudit | user=jenkins1000 | ip=192.168.36.114 | op=SEND_HEARTBEAT {datanodeUUID=2d50b591-d6e4-490f-9fa0-973ad5423bd7, command=[]} | ret=SUCCESS |  
2019-09-12 10:32:06,934 | INFO  | SCMAudit | user=jenkins1000 | ip=192.168.36.114 | op=SEND_HEARTBEAT {datanodeUUID=d9d65fd8-d100-497d-8460-9a4cf62b4ad5, command=[]} | ret=SUCCESS |  
2019-09-12 10:32:06,934 | INFO  | SCMAudit | user=jenkins1000 | ip=192.168.36.114 | op=SEND_HEARTBEAT {datanodeUUID=accf000b-d7b7-4fa5-9682-da82c4451e10, command=[]} | ret=SUCCESS |  
2019-09-12 10:32:06,935 | INFO  | SCMAudit | user=jenkins1000 | ip=192.168.36.114 | op=SEND_HEARTBEAT {datanodeUUID=ad8ae342-df06-4311-9d84-524877c98111, command=[]} | ret=SUCCESS |  
2019-09-12 10:32:06,935 | INFO  | SCMAudit | user=jenkins1000 | ip=192.168.36.114 | op=SEND_HEARTBEAT {datanodeUUID=9616c881-dbb1-48da-90dd-a872ed779a2e, command=[]} | ret=SUCCESS |  
2019-09-12 10:32:06,937 | INFO  | SCMAudit | user=jenkins1000 | ip=192.168.36.114 | op=SEND_HEARTBEAT {datanodeUUID=c9031a36-5f7c-4098-8bea-8a46141708a6, command=[]} | ret=SUCCESS |  
2019-09-12 10:32:06,937 | INFO  | SCMAudit | user=jenkins1000 | ip=192.168.36.114 | op=SEND_HEARTBEAT {datanodeUUID=39df7a3f-9691-48d4-a2b1-6888489a5f8a, command=[]} | ret=SUCCESS |  
2019-09-12 10:32:06,951 [pool-313-thread-1] INFO  storage.RaftStorage (RaftStorage.java:format(72)) - Storage directory /workdir/hadoop-ozone/integration-test/target/test-dir/MiniOzoneClusterImpl-39631bd2-f83c-4f24-acb2-4c1b273f2694/datanode-0/data/ratis/76f1e79c-ce68-4ae3-9975-0a1a55bc3c3c has been successfully formatted.
2019-09-12 10:32:06,952 [pool-313-thread-1] INFO  ratis.ContainerStateMachine (ContainerStateMachine.java:loadSnapshot(226)) - group-0A1A55BC3C3C: The snapshot info is null. Setting the last applied indexto:(t:0, i:~)
2019-09-12 10:32:06,952 [pool-313-thread-1] INFO  server.RaftServerConfigKeys (ConfUtils.java:logGet(43)) - raft.server.leader.election.timeout = 120s (custom)
2019-09-12 10:32:06,952 [pool-313-thread-1] INFO  server.RaftServerConfigKeys (ConfUtils.java:logGet(43)) - raft.server.log.use.memory = false (default)
2019-09-12 10:32:06,952 [pool-313-thread-1] INFO  server.RaftServerConfigKeys (ConfUtils.java:logGet(43)) - raft.server.log.purge.gap = 1000000 (custom)
2019-09-12 10:32:06,952 [pool-313-thread-1] INFO  server.RaftServerConfigKeys (ConfUtils.java:logGet(43)) - raft.server.log.appender.buffer.byte-limit = 33554432 (custom)
2019-09-12 10:32:06,953 [pool-313-thread-1] INFO  server.RaftServerConfigKeys (ConfUtils.java:logGet(43)) - raft.server.log.segment.size.max = 1048576 (custom)
2019-09-12 10:32:06,953 [pool-313-thread-1] INFO  server.RaftServerConfigKeys (ConfUtils.java:logGet(43)) - raft.server.log.segment.cache.num.max = 2 (custom)
2019-09-12 10:32:06,953 [pool-313-thread-1] INFO  segmented.SegmentedRaftLogWorker (SegmentedRaftLogWorker.java:<init>(172)) - new a95fd1d5-e9a9-4526-b4c7-6aa1a85e40e9-SegmentedRaftLogWorker:Storage Directory /workdir/hadoop-ozone/integration-test/target/test-dir/MiniOzoneClusterImpl-39631bd2-f83c-4f24-acb2-4c1b273f2694/datanode-0/data/ratis/76f1e79c-ce68-4ae3-9975-0a1a55bc3c3c for RaftStorage:Storage Directory /workdir/hadoop-ozone/integration-test/target/test-dir/MiniOzoneClusterImpl-39631bd2-f83c-4f24-acb2-4c1b273f2694/datanode-0/data/ratis/76f1e79c-ce68-4ae3-9975-0a1a55bc3c3c
2019-09-12 10:32:06,953 [pool-313-thread-1] INFO  server.RaftServerConfigKeys (ConfUtils.java:logGet(43)) - raft.server.log.queue.byte-limit = 2147483647 (custom)
2019-09-12 10:32:06,953 [pool-313-thread-1] INFO  server.RaftServerConfigKeys (ConfUtils.java:logGet(43)) - raft.server.log.queue.element-limit = 1024 (custom)
2019-09-12 10:32:06,953 [pool-313-thread-1] INFO  server.RaftServerConfigKeys (ConfUtils.java:logGet(43)) - raft.server.log.segment.size.max = 1048576 (custom)
2019-09-12 10:32:06,954 [pool-313-thread-1] INFO  server.RaftServerConfigKeys (ConfUtils.java:logGet(43)) - raft.server.log.preallocated.size = 16384 (custom)
2019-09-12 10:32:06,954 [pool-313-thread-1] INFO  server.RaftServerConfigKeys (ConfUtils.java:logGet(43)) - raft.server.log.write.buffer.size = 33554432 (custom)
2019-09-12 10:32:06,954 [pool-313-thread-1] INFO  server.RaftServerConfigKeys (ConfUtils.java:logGet(43)) - raft.server.log.force.sync.num = 128 (default)
2019-09-12 10:32:06,954 [pool-313-thread-1] INFO  server.RaftServerConfigKeys (ConfUtils.java:logGet(43)) - raft.server.log.statemachine.data.sync = true (default)
2019-09-12 10:32:06,954 [pool-313-thread-1] INFO  server.RaftServerConfigKeys (ConfUtils.java:logGet(43)) - raft.server.log.statemachine.data.sync.timeout = 10s (default)
2019-09-12 10:32:06,954 [pool-313-thread-1] INFO  server.RaftServerConfigKeys (ConfUtils.java:logGet(43)) - raft.server.log.statemachine.data.sync.timeout.retry = -1 (default)
2019-09-12 10:32:06,954 [pool-313-thread-1] INFO  server.RaftServerConfigKeys (ConfUtils.java:logGet(43)) - raft.server.log.statemachine.data.caching.enabled = true (custom)
2019-09-12 10:32:06,955 [pool-313-thread-1] INFO  segmented.SegmentedRaftLogWorker (SegmentedRaftLogWorker.java:lambda$new$0(132)) - a95fd1d5-e9a9-4526-b4c7-6aa1a85e40e9-SegmentedRaftLogWorker:Storage Directory /workdir/hadoop-ozone/integration-test/target/test-dir/MiniOzoneClusterImpl-39631bd2-f83c-4f24-acb2-4c1b273f2694/datanode-0/data/ratis/76f1e79c-ce68-4ae3-9975-0a1a55bc3c3c: flushIndex: setUnconditionally 0 -> -1
2019-09-12 10:32:06,955 [pool-313-thread-1] INFO  server.RaftServerConfigKeys (ConfUtils.java:logGet(43)) - raft.server.snapshot.auto.trigger.enabled = true (custom)
2019-09-12 10:32:06,955 [pool-313-thread-1] INFO  server.RaftServerConfigKeys (ConfUtils.java:logGet(43)) - raft.server.snapshot.auto.trigger.threshold = 10000 (custom)
2019-09-12 10:32:06,955 [pool-313-thread-1] INFO  server.RaftServerConfigKeys (ConfUtils.java:logGet(43)) - raft.server.retrycache.expirytime = 600000ms (custom)
2019-09-12 10:32:06,956 [pool-313-thread-1] INFO  impl.RaftServerImpl (RaftServerImpl.java:start(180)) - a95fd1d5-e9a9-4526-b4c7-6aa1a85e40e9: start group-0A1A55BC3C3C
2019-09-12 10:32:06,956 [pool-313-thread-1] INFO  impl.RaftServerImpl (RaftServerImpl.java:setRole(171)) - a95fd1d5-e9a9-4526-b4c7-6aa1a85e40e9:group-0A1A55BC3C3C changes role from null to FOLLOWER at term 0 for startAsFollower
2019-09-12 10:32:06,956 [pool-313-thread-1] INFO  impl.RoleInfo (RoleInfo.java:updateAndGet(143)) - a95fd1d5-e9a9-4526-b4c7-6aa1a85e40e9: start FollowerState
2019-09-12 10:32:06,956 [pool-313-thread-1] INFO  util.JmxRegister (JmxRegister.java:tryRegister(44)) - Successfully registered JMX Bean with object name Ratis:service=RaftServer,group=group-0A1A55BC3C3C,id=a95fd1d5-e9a9-4526-b4c7-6aa1a85e40e9
2019-09-12 10:32:06,960 [RatisPipelineUtilsThread] INFO  pipeline.PipelineStateManager (PipelineStateManager.java:addPipeline(56)) - Created pipeline Pipeline[ Id: 76f1e79c-ce68-4ae3-9975-0a1a55bc3c3c, Nodes: a95fd1d5-e9a9-4526-b4c7-6aa1a85e40e9{ip: 192.168.36.114, host: pr-hdds-1569-58hkm-1881083799, networkLocation: /default-rack, certSerialId: null}, Type:RATIS, Factor:ONE, State:OPEN]
2019-09-12 10:32:06,965 [grpc-default-executor-1] INFO  impl.RaftServerProxy (RaftServerProxy.java:addNew(89)) - a95fd1d5-e9a9-4526-b4c7-6aa1a85e40e9: addNew group-63E39A8AA019:[a95fd1d5-e9a9-4526-b4c7-6aa1a85e40e9:192.168.36.114:44353] returns group-63E39A8AA019:java.util.concurrent.CompletableFuture@52c9539e[Not completed]
2019-09-12 10:32:06,966 [pool-313-thread-1] INFO  impl.RaftServerImpl (RaftServerImpl.java:<init>(93)) - a95fd1d5-e9a9-4526-b4c7-6aa1a85e40e9: new RaftServerImpl for group-63E39A8AA019:[a95fd1d5-e9a9-4526-b4c7-6aa1a85e40e9:192.168.36.114:44353] with ContainerStateMachine:uninitialized
2019-09-12 10:32:06,967 [pool-313-thread-1] INFO  server.RaftServerConfigKeys (ConfUtils.java:logGet(43)) - raft.server.rpc.timeout.min = 5s (custom)
2019-09-12 10:32:06,967 [pool-313-thread-1] INFO  server.RaftServerConfigKeys (ConfUtils.java:logGet(43)) - raft.server.rpc.timeout.max = 5200ms (custom)
2019-09-12 10:32:06,967 [pool-313-thread-1] INFO  server.RaftServerConfigKeys (ConfUtils.java:logGet(43)) - raft.server.rpcslowness.timeout = 120s (custom)
2019-09-12 10:32:06,967 [pool-313-thread-1] INFO  server.RaftServerConfigKeys (ConfUtils.java:logGet(43)) - raft.server.sleep.deviation.threshold = 300 (default)
2019-09-12 10:32:06,967 [pool-313-thread-1] INFO  server.RaftServerConfigKeys (ConfUtils.java:logGet(43)) - raft.server.log.appender.install.snapshot.enabled = false (custom)
2019-09-12 10:32:06,967 [pool-313-thread-1] INFO  impl.RaftServerImpl (ServerState.java:<init>(105)) - a95fd1d5-e9a9-4526-b4c7-6aa1a85e40e9:group-63E39A8AA019 ConfigurationManager, init=-1: [a95fd1d5-e9a9-4526-b4c7-6aa1a85e40e9:192.168.36.114:44353], old=null, confs=<EMPTY_MAP>
2019-09-12 10:32:06,968 [pool-313-thread-1] INFO  server.RaftServerConfigKeys (ConfUtils.java:logGet(43)) - raft.server.storage.dir = [/workdir/hadoop-ozone/integration-test/target/test-dir/MiniOzoneClusterImpl-39631bd2-f83c-4f24-acb2-4c1b273f2694/datanode-0/data/ratis] (custom)
2019-09-12 10:32:06,968 [pool-313-thread-1] INFO  storage.RaftStorageDirectory (RaftStorageDirectory.java:analyzeStorage(246)) - The storage directory /workdir/hadoop-ozone/integration-test/target/test-dir/MiniOzoneClusterImpl-39631bd2-f83c-4f24-acb2-4c1b273f2694/datanode-0/data/ratis/b9405b0b-c398-4b69-a4b6-63e39a8aa019 does not exist. Creating ...
2019-09-12 10:32:06,972 [main] INFO  ozone.MiniOzoneClusterImpl (MiniOzoneClusterImpl.java:lambda$waitForClusterToBeReady$0(142)) - Waiting for cluster to be ready. Got 1 of 7 DN Heartbeats.
2019-09-12 10:32:06,981 [pool-313-thread-1] INFO  storage.RaftStorageDirectory (RaftStorageDirectory.java:tryLock(328)) - Lock on /workdir/hadoop-ozone/integration-test/target/test-dir/MiniOzoneClusterImpl-39631bd2-f83c-4f24-acb2-4c1b273f2694/datanode-0/data/ratis/b9405b0b-c398-4b69-a4b6-63e39a8aa019/in_use.lock acquired by nodename 1396@pr-hdds-1569-58hkm-1881083799
2019-09-12 10:32:06,994 [pool-313-thread-1] INFO  storage.RaftStorage (RaftStorage.java:format(72)) - Storage directory /workdir/hadoop-ozone/integration-test/target/test-dir/MiniOzoneClusterImpl-39631bd2-f83c-4f24-acb2-4c1b273f2694/datanode-0/data/ratis/b9405b0b-c398-4b69-a4b6-63e39a8aa019 has been successfully formatted.
2019-09-12 10:32:06,994 [pool-313-thread-1] INFO  ratis.ContainerStateMachine (ContainerStateMachine.java:loadSnapshot(226)) - group-63E39A8AA019: The snapshot info is null. Setting the last applied indexto:(t:0, i:~)
2019-09-12 10:32:06,995 [pool-313-thread-1] INFO  server.RaftServerConfigKeys (ConfUtils.java:logGet(43)) - raft.server.leader.election.timeout = 120s (custom)
2019-09-12 10:32:06,995 [pool-313-thread-1] INFO  server.RaftServerConfigKeys (ConfUtils.java:logGet(43)) - raft.server.log.use.memory = false (default)
2019-09-12 10:32:06,995 [pool-313-thread-1] INFO  server.RaftServerConfigKeys (ConfUtils.java:logGet(43)) - raft.server.log.purge.gap = 1000000 (custom)
2019-09-12 10:32:06,995 [pool-313-thread-1] INFO  server.RaftServerConfigKeys (ConfUtils.java:logGet(43)) - raft.server.log.appender.buffer.byte-limit = 33554432 (custom)
2019-09-12 10:32:06,995 [pool-313-thread-1] INFO  server.RaftServerConfigKeys (ConfUtils.java:logGet(43)) - raft.server.log.segment.size.max = 1048576 (custom)
2019-09-12 10:32:06,995 [pool-313-thread-1] INFO  server.RaftServerConfigKeys (ConfUtils.java:logGet(43)) - raft.server.log.segment.cache.num.max = 2 (custom)
2019-09-12 10:32:06,995 [pool-313-thread-1] INFO  segmented.SegmentedRaftLogWorker (SegmentedRaftLogWorker.java:<init>(172)) - new a95fd1d5-e9a9-4526-b4c7-6aa1a85e40e9-SegmentedRaftLogWorker:Storage Directory /workdir/hadoop-ozone/integration-test/target/test-dir/MiniOzoneClusterImpl-39631bd2-f83c-4f24-acb2-4c1b273f2694/datanode-0/data/ratis/b9405b0b-c398-4b69-a4b6-63e39a8aa019 for RaftStorage:Storage Directory /workdir/hadoop-ozone/integration-test/target/test-dir/MiniOzoneClusterImpl-39631bd2-f83c-4f24-acb2-4c1b273f2694/datanode-0/data/ratis/b9405b0b-c398-4b69-a4b6-63e39a8aa019
2019-09-12 10:32:06,996 [pool-313-thread-1] INFO  server.RaftServerConfigKeys (ConfUtils.java:logGet(43)) - raft.server.log.queue.byte-limit = 2147483647 (custom)
2019-09-12 10:32:06,996 [pool-313-thread-1] INFO  server.RaftServerConfigKeys (ConfUtils.java:logGet(43)) - raft.server.log.queue.element-limit = 1024 (custom)
2019-09-12 10:32:06,996 [pool-313-thread-1] INFO  server.RaftServerConfigKeys (ConfUtils.java:logGet(43)) - raft.server.log.segment.size.max = 1048576 (custom)
2019-09-12 10:32:06,996 [pool-313-thread-1] INFO  server.RaftServerConfigKeys (ConfUtils.java:logGet(43)) - raft.server.log.preallocated.size = 16384 (custom)
2019-09-12 10:32:06,996 [pool-313-thread-1] INFO  server.RaftServerConfigKeys (ConfUtils.java:logGet(43)) - raft.server.log.write.buffer.size = 33554432 (custom)
2019-09-12 10:32:06,996 [pool-313-thread-1] INFO  server.RaftServerConfigKeys (ConfUtils.java:logGet(43)) - raft.server.log.force.sync.num = 128 (default)
2019-09-12 10:32:06,996 [pool-313-thread-1] INFO  server.RaftServerConfigKeys (ConfUtils.java:logGet(43)) - raft.server.log.statemachine.data.sync = true (default)
2019-09-12 10:32:06,997 [pool-313-thread-1] INFO  server.RaftServerConfigKeys (ConfUtils.java:logGet(43)) - raft.server.log.statemachine.data.sync.timeout = 10s (default)
2019-09-12 10:32:06,997 [pool-313-thread-1] INFO  server.RaftServerConfigKeys (ConfUtils.java:logGet(43)) - raft.server.log.statemachine.data.sync.timeout.retry = -1 (default)
2019-09-12 10:32:06,997 [pool-313-thread-1] INFO  server.RaftServerConfigKeys (ConfUtils.java:logGet(43)) - raft.server.log.statemachine.data.caching.enabled = true (custom)
2019-09-12 10:32:06,997 [pool-313-thread-1] INFO  segmented.SegmentedRaftLogWorker (SegmentedRaftLogWorker.java:lambda$new$0(132)) - a95fd1d5-e9a9-4526-b4c7-6aa1a85e40e9-SegmentedRaftLogWorker:Storage Directory /workdir/hadoop-ozone/integration-test/target/test-dir/MiniOzoneClusterImpl-39631bd2-f83c-4f24-acb2-4c1b273f2694/datanode-0/data/ratis/b9405b0b-c398-4b69-a4b6-63e39a8aa019: flushIndex: setUnconditionally 0 -> -1
2019-09-12 10:32:06,998 [pool-313-thread-1] INFO  server.RaftServerConfigKeys (ConfUtils.java:logGet(43)) - raft.server.snapshot.auto.trigger.enabled = true (custom)
2019-09-12 10:32:06,998 [pool-313-thread-1] INFO  server.RaftServerConfigKeys (ConfUtils.java:logGet(43)) - raft.server.snapshot.auto.trigger.threshold = 10000 (custom)
2019-09-12 10:32:06,998 [pool-313-thread-1] INFO  server.RaftServerConfigKeys (ConfUtils.java:logGet(43)) - raft.server.retrycache.expirytime = 600000ms (custom)
2019-09-12 10:32:06,998 [pool-313-thread-1] INFO  impl.RaftServerImpl (RaftServerImpl.java:start(180)) - a95fd1d5-e9a9-4526-b4c7-6aa1a85e40e9: start group-63E39A8AA019
2019-09-12 10:32:06,998 [pool-313-thread-1] INFO  impl.RaftServerImpl (RaftServerImpl.java:setRole(171)) - a95fd1d5-e9a9-4526-b4c7-6aa1a85e40e9:group-63E39A8AA019 changes role from null to FOLLOWER at term 0 for startAsFollower
2019-09-12 10:32:06,998 [pool-313-thread-1] INFO  impl.RoleInfo (RoleInfo.java:updateAndGet(143)) - a95fd1d5-e9a9-4526-b4c7-6aa1a85e40e9: start FollowerState
2019-09-12 10:32:06,999 [pool-313-thread-1] INFO  util.JmxRegister (JmxRegister.java:tryRegister(44)) - Successfully registered JMX Bean with object name Ratis:service=RaftServer,group=group-63E39A8AA019,id=a95fd1d5-e9a9-4526-b4c7-6aa1a85e40e9
2019-09-12 10:32:07,002 [RatisPipelineUtilsThread] INFO  pipeline.PipelineStateManager (PipelineStateManager.java:addPipeline(56)) - Created pipeline Pipeline[ Id: b9405b0b-c398-4b69-a4b6-63e39a8aa019, Nodes: a95fd1d5-e9a9-4526-b4c7-6aa1a85e40e9{ip: 192.168.36.114, host: pr-hdds-1569-58hkm-1881083799, networkLocation: /default-rack, certSerialId: null}, Type:RATIS, Factor:ONE, State:OPEN]
2019-09-12 10:32:07,003 [RatisPipelineUtilsThread] ERROR pipeline.PipelinePlacementPolicy (PipelinePlacementPolicy.java:meetCriteria(92)) - Pipeline Placement: Doesn't meet the criteria to be viable node. Heaviness: 6
2019-09-12 10:32:07,003 [RatisPipelineUtilsThread] ERROR pipeline.PipelinePlacementPolicy (PipelinePlacementPolicy.java:filterViableNodes(147)) - Unable to find enough nodes that meet the criteria that cannot engage in more than 5 pipelines. Nodes required: 1 Found: 0, healthy nodes count inNodeManager: 1.
2019-09-12 10:32:07,003 [RatisPipelineUtilsThread] ERROR pipeline.SCMPipelineManager (SCMPipelineManager.java:createPipeline(161)) - Pipeline creation failed due to exception: Unable to find enough nodes that meet the criteria that cannot engage in more than 5 pipelines. Nodes required: 1 Found: 0, healthy nodes count inNodeManager: 1.
2019-09-12 10:32:07,003 [RatisPipelineUtilsThread] ERROR pipeline.PipelinePlacementPolicy (PipelinePlacementPolicy.java:filterViableNodes(130)) - Not enough healthy nodes to allocate pipeline. 3  datanodes required. Found 1
2019-09-12 10:32:07,004 [RatisPipelineUtilsThread] ERROR pipeline.SCMPipelineManager (SCMPipelineManager.java:createPipeline(161)) - Pipeline creation failed due to exception: Not enough healthy nodes to allocate pipeline. 3  datanodes required. Found 1
2019-09-12 10:32:07,004 [RatisPipelineUtilsThread] ERROR pipeline.PipelinePlacementPolicy (PipelinePlacementPolicy.java:meetCriteria(92)) - Pipeline Placement: Doesn't meet the criteria to be viable node. Heaviness: 6
2019-09-12 10:32:07,004 [RatisPipelineUtilsThread] ERROR pipeline.PipelinePlacementPolicy (PipelinePlacementPolicy.java:filterViableNodes(147)) - Unable to find enough nodes that meet the criteria that cannot engage in more than 5 pipelines. Nodes required: 1 Found: 0, healthy nodes count inNodeManager: 1.
2019-09-12 10:32:07,004 [RatisPipelineUtilsThread] ERROR pipeline.SCMPipelineManager (SCMPipelineManager.java:createPipeline(161)) - Pipeline creation failed due to exception: Unable to find enough nodes that meet the criteria that cannot engage in more than 5 pipelines. Nodes required: 1 Found: 0, healthy nodes count inNodeManager: 1.
2019-09-12 10:32:07,004 [RatisPipelineUtilsThread] ERROR pipeline.PipelinePlacementPolicy (PipelinePlacementPolicy.java:filterViableNodes(130)) - Not enough healthy nodes to allocate pipeline. 3  datanodes required. Found 1
2019-09-12 10:32:07,005 [RatisPipelineUtilsThread] ERROR pipeline.SCMPipelineManager (SCMPipelineManager.java:createPipeline(161)) - Pipeline creation failed due to exception: Not enough healthy nodes to allocate pipeline. 3  datanodes required. Found 1
2019-09-12 10:32:07,081 [IPC Server handler 15 on 34994] INFO  net.NetworkTopology (NetworkTopologyImpl.java:add(110)) - Added a new node: /default-rack/57729e88-c64a-441d-a40e-ceaddf64552e
2019-09-12 10:32:07,082 [RatisPipelineUtilsThread] ERROR pipeline.PipelinePlacementPolicy (PipelinePlacementPolicy.java:meetCriteria(92)) - Pipeline Placement: Doesn't meet the criteria to be viable node. Heaviness: 6
2019-09-12 10:32:07,082 [IPC Server handler 15 on 34994] INFO  node.SCMNodeManager (SCMNodeManager.java:register(273)) - Registered Data node : 57729e88-c64a-441d-a40e-ceaddf64552e{ip: 192.168.36.114, host: pr-hdds-1569-58hkm-1881083799, networkLocation: /default-rack, certSerialId: null}
2019-09-12 10:32:07,082 | INFO  | SCMAudit | user=jenkins1000 | ip=192.168.36.114 | op=REGISTER {datanodeDetails=57729e88-c64a-441d-a40e-ceaddf64552e{ip: 192.168.36.114, host: pr-hdds-1569-58hkm-1881083799, networkLocation: /default-rack, certSerialId: null}} | ret=SUCCESS |  
2019-09-12 10:32:07,100 [grpc-default-executor-1] INFO  impl.RaftServerProxy (RaftServerProxy.java:addNew(89)) - 57729e88-c64a-441d-a40e-ceaddf64552e: addNew group-549A507F2AD4:[57729e88-c64a-441d-a40e-ceaddf64552e:192.168.36.114:37314] returns group-549A507F2AD4:java.util.concurrent.CompletableFuture@11ea0bbf[Not completed]
2019-09-12 10:32:07,102 [pool-324-thread-1] INFO  impl.RaftServerImpl (RaftServerImpl.java:<init>(93)) - 57729e88-c64a-441d-a40e-ceaddf64552e: new RaftServerImpl for group-549A507F2AD4:[57729e88-c64a-441d-a40e-ceaddf64552e:192.168.36.114:37314] with ContainerStateMachine:uninitialized
2019-09-12 10:32:07,102 [pool-324-thread-1] INFO  server.RaftServerConfigKeys (ConfUtils.java:logGet(43)) - raft.server.rpc.timeout.min = 5s (custom)
2019-09-12 10:32:07,102 [pool-324-thread-1] INFO  server.RaftServerConfigKeys (ConfUtils.java:logGet(43)) - raft.server.rpc.timeout.max = 5200ms (custom)
2019-09-12 10:32:07,103 [pool-324-thread-1] INFO  server.RaftServerConfigKeys (ConfUtils.java:logGet(43)) - raft.server.rpcslowness.timeout = 120s (custom)
2019-09-12 10:32:07,103 [pool-324-thread-1] INFO  server.RaftServerConfigKeys (ConfUtils.java:logGet(43)) - raft.server.sleep.deviation.threshold = 300 (default)
2019-09-12 10:32:07,103 [pool-324-thread-1] INFO  server.RaftServerConfigKeys (ConfUtils.java:logGet(43)) - raft.server.log.appender.install.snapshot.enabled = false (custom)
2019-09-12 10:32:07,103 [pool-324-thread-1] INFO  impl.RaftServerImpl (ServerState.java:<init>(105)) - 57729e88-c64a-441d-a40e-ceaddf64552e:group-549A507F2AD4 ConfigurationManager, init=-1: [57729e88-c64a-441d-a40e-ceaddf64552e:192.168.36.114:37314], old=null, confs=<EMPTY_MAP>
2019-09-12 10:32:07,103 [pool-324-thread-1] INFO  server.RaftServerConfigKeys (ConfUtils.java:logGet(43)) - raft.server.storage.dir = [/workdir/hadoop-ozone/integration-test/target/test-dir/MiniOzoneClusterImpl-39631bd2-f83c-4f24-acb2-4c1b273f2694/datanode-1/data/ratis] (custom)
2019-09-12 10:32:07,104 [pool-324-thread-1] INFO  storage.RaftStorageDirectory (RaftStorageDirectory.java:analyzeStorage(246)) - The storage directory /workdir/hadoop-ozone/integration-test/target/test-dir/MiniOzoneClusterImpl-39631bd2-f83c-4f24-acb2-4c1b273f2694/datanode-1/data/ratis/af871c48-a51c-42b7-bd31-549a507f2ad4 does not exist. Creating ...
2019-09-12 10:32:07,118 [pool-324-thread-1] INFO  storage.RaftStorageDirectory (RaftStorageDirectory.java:tryLock(328)) - Lock on /workdir/hadoop-ozone/integration-test/target/test-dir/MiniOzoneClusterImpl-39631bd2-f83c-4f24-acb2-4c1b273f2694/datanode-1/data/ratis/af871c48-a51c-42b7-bd31-549a507f2ad4/in_use.lock acquired by nodename 1396@pr-hdds-1569-58hkm-1881083799
2019-09-12 10:32:07,131 [pool-324-thread-1] INFO  storage.RaftStorage (RaftStorage.java:format(72)) - Storage directory /workdir/hadoop-ozone/integration-test/target/test-dir/MiniOzoneClusterImpl-39631bd2-f83c-4f24-acb2-4c1b273f2694/datanode-1/data/ratis/af871c48-a51c-42b7-bd31-549a507f2ad4 has been successfully formatted.
2019-09-12 10:32:07,131 [pool-324-thread-1] INFO  ratis.ContainerStateMachine (ContainerStateMachine.java:loadSnapshot(226)) - group-549A507F2AD4: The snapshot info is null. Setting the last applied indexto:(t:0, i:~)
2019-09-12 10:32:07,132 [pool-324-thread-1] INFO  server.RaftServerConfigKeys (ConfUtils.java:logGet(43)) - raft.server.leader.election.timeout = 120s (custom)
2019-09-12 10:32:07,132 [pool-324-thread-1] INFO  server.RaftServerConfigKeys (ConfUtils.java:logGet(43)) - raft.server.log.use.memory = false (default)
2019-09-12 10:32:07,132 [pool-324-thread-1] INFO  server.RaftServerConfigKeys (ConfUtils.java:logGet(43)) - raft.server.log.purge.gap = 1000000 (custom)
2019-09-12 10:32:07,132 [pool-324-thread-1] INFO  server.RaftServerConfigKeys (ConfUtils.java:logGet(43)) - raft.server.log.appender.buffer.byte-limit = 33554432 (custom)
2019-09-12 10:32:07,132 | INFO  | SCMAudit | user=jenkins1000 | ip=192.168.36.114 | op=GET_VERSION null | ret=SUCCESS |  
2019-09-12 10:32:07,132 [pool-324-thread-1] INFO  server.RaftServerConfigKeys (ConfUtils.java:logGet(43)) - raft.server.log.segment.size.max = 1048576 (custom)
2019-09-12 10:32:07,132 [pool-324-thread-1] INFO  server.RaftServerConfigKeys (ConfUtils.java:logGet(43)) - raft.server.log.segment.cache.num.max = 2 (custom)
2019-09-12 10:32:07,132 [pool-324-thread-1] INFO  segmented.SegmentedRaftLogWorker (SegmentedRaftLogWorker.java:<init>(172)) - new 57729e88-c64a-441d-a40e-ceaddf64552e-SegmentedRaftLogWorker:Storage Directory /workdir/hadoop-ozone/integration-test/target/test-dir/MiniOzoneClusterImpl-39631bd2-f83c-4f24-acb2-4c1b273f2694/datanode-1/data/ratis/af871c48-a51c-42b7-bd31-549a507f2ad4 for RaftStorage:Storage Directory /workdir/hadoop-ozone/integration-test/target/test-dir/MiniOzoneClusterImpl-39631bd2-f83c-4f24-acb2-4c1b273f2694/datanode-1/data/ratis/af871c48-a51c-42b7-bd31-549a507f2ad4
2019-09-12 10:32:07,133 [pool-324-thread-1] INFO  server.RaftServerConfigKeys (ConfUtils.java:logGet(43)) - raft.server.log.queue.byte-limit = 2147483647 (custom)
2019-09-12 10:32:07,133 [pool-324-thread-1] INFO  server.RaftServerConfigKeys (ConfUtils.java:logGet(43)) - raft.server.log.queue.element-limit = 1024 (custom)
2019-09-12 10:32:07,133 [pool-324-thread-1] INFO  server.RaftServerConfigKeys (ConfUtils.java:logGet(43)) - raft.server.log.segment.size.max = 1048576 (custom)
2019-09-12 10:32:07,133 [pool-324-thread-1] INFO  server.RaftServerConfigKeys (ConfUtils.java:logGet(43)) - raft.server.log.preallocated.size = 16384 (custom)
2019-09-12 10:32:07,133 [pool-324-thread-1] INFO  server.RaftServerConfigKeys (ConfUtils.java:logGet(43)) - raft.server.log.write.buffer.size = 33554432 (custom)
2019-09-12 10:32:07,133 [pool-324-thread-1] INFO  server.RaftServerConfigKeys (ConfUtils.java:logGet(43)) - raft.server.log.force.sync.num = 128 (default)
2019-09-12 10:32:07,133 [pool-324-thread-1] INFO  server.RaftServerConfigKeys (ConfUtils.java:logGet(43)) - raft.server.log.statemachine.data.sync = true (default)
2019-09-12 10:32:07,134 [pool-324-thread-1] INFO  server.RaftServerConfigKeys (ConfUtils.java:logGet(43)) - raft.server.log.statemachine.data.sync.timeout = 10s (default)
2019-09-12 10:32:07,134 [pool-324-thread-1] INFO  server.RaftServerConfigKeys (ConfUtils.java:logGet(43)) - raft.server.log.statemachine.data.sync.timeout.retry = -1 (default)
2019-09-12 10:32:07,134 [pool-324-thread-1] INFO  server.RaftServerConfigKeys (ConfUtils.java:logGet(43)) - raft.server.log.statemachine.data.caching.enabled = true (custom)
2019-09-12 10:32:07,134 [pool-324-thread-1] INFO  segmented.SegmentedRaftLogWorker (SegmentedRaftLogWorker.java:lambda$new$0(132)) - 57729e88-c64a-441d-a40e-ceaddf64552e-SegmentedRaftLogWorker:Storage Directory /workdir/hadoop-ozone/integration-test/target/test-dir/MiniOzoneClusterImpl-39631bd2-f83c-4f24-acb2-4c1b273f2694/datanode-1/data/ratis/af871c48-a51c-42b7-bd31-549a507f2ad4: flushIndex: setUnconditionally 0 -> -1
2019-09-12 10:32:07,135 [pool-324-thread-1] INFO  server.RaftServerConfigKeys (ConfUtils.java:logGet(43)) - raft.server.snapshot.auto.trigger.enabled = true (custom)
2019-09-12 10:32:07,135 [pool-324-thread-1] INFO  server.RaftServerConfigKeys (ConfUtils.java:logGet(43)) - raft.server.snapshot.auto.trigger.threshold = 10000 (custom)
2019-09-12 10:32:07,135 [pool-324-thread-1] INFO  server.RaftServerConfigKeys (ConfUtils.java:logGet(43)) - raft.server.retrycache.expirytime = 600000ms (custom)
2019-09-12 10:32:07,135 [pool-324-thread-1] INFO  impl.RaftServerImpl (RaftServerImpl.java:start(180)) - 57729e88-c64a-441d-a40e-ceaddf64552e: start group-549A507F2AD4
2019-09-12 10:32:07,135 [pool-324-thread-1] INFO  impl.RaftServerImpl (RaftServerImpl.java:setRole(171)) - 57729e88-c64a-441d-a40e-ceaddf64552e:group-549A507F2AD4 changes role from null to FOLLOWER at term 0 for startAsFollower
2019-09-12 10:32:07,135 [pool-324-thread-1] INFO  impl.RoleInfo (RoleInfo.java:updateAndGet(143)) - 57729e88-c64a-441d-a40e-ceaddf64552e: start FollowerState
2019-09-12 10:32:07,136 [pool-324-thread-1] INFO  util.JmxRegister (JmxRegister.java:tryRegister(44)) - Successfully registered JMX Bean with object name Ratis:service=RaftServer,group=group-549A507F2AD4,id=57729e88-c64a-441d-a40e-ceaddf64552e
2019-09-12 10:32:07,139 [RatisPipelineUtilsThread] INFO  pipeline.PipelineStateManager (PipelineStateManager.java:addPipeline(56)) - Created pipeline Pipeline[ Id: af871c48-a51c-42b7-bd31-549a507f2ad4, Nodes: 57729e88-c64a-441d-a40e-ceaddf64552e{ip: 192.168.36.114, host: pr-hdds-1569-58hkm-1881083799, networkLocation: /default-rack, certSerialId: null}, Type:RATIS, Factor:ONE, State:OPEN]
2019-09-12 10:32:07,139 [RatisPipelineUtilsThread] ERROR pipeline.PipelinePlacementPolicy (PipelinePlacementPolicy.java:meetCriteria(92)) - Pipeline Placement: Doesn't meet the criteria to be viable node. Heaviness: 6
2019-09-12 10:32:07,144 [grpc-default-executor-1] INFO  impl.RaftServerProxy (RaftServerProxy.java:addNew(89)) - 57729e88-c64a-441d-a40e-ceaddf64552e: addNew group-5A9978281853:[57729e88-c64a-441d-a40e-ceaddf64552e:192.168.36.114:37314] returns group-5A9978281853:java.util.concurrent.CompletableFuture@b869d58[Not completed]
2019-09-12 10:32:07,145 [pool-324-thread-1] INFO  impl.RaftServerImpl (RaftServerImpl.java:<init>(93)) - 57729e88-c64a-441d-a40e-ceaddf64552e: new RaftServerImpl for group-5A9978281853:[57729e88-c64a-441d-a40e-ceaddf64552e:192.168.36.114:37314] with ContainerStateMachine:uninitialized
2019-09-12 10:32:07,145 [pool-324-thread-1] INFO  server.RaftServerConfigKeys (ConfUtils.java:logGet(43)) - raft.server.rpc.timeout.min = 5s (custom)
2019-09-12 10:32:07,145 [pool-324-thread-1] INFO  server.RaftServerConfigKeys (ConfUtils.java:logGet(43)) - raft.server.rpc.timeout.max = 5200ms (custom)
2019-09-12 10:32:07,145 [pool-324-thread-1] INFO  server.RaftServerConfigKeys (ConfUtils.java:logGet(43)) - raft.server.rpcslowness.timeout = 120s (custom)
2019-09-12 10:32:07,145 [Datanode State Machine Thread - 0] INFO  ozoneimpl.OzoneContainer (OzoneContainer.java:start(186)) - Attempting to start container services.
2019-09-12 10:32:07,146 [pool-324-thread-1] INFO  server.RaftServerConfigKeys (ConfUtils.java:logGet(43)) - raft.server.sleep.deviation.threshold = 300 (default)
2019-09-12 10:32:07,146 [Datanode State Machine Thread - 0] INFO  ozoneimpl.OzoneContainer (OzoneContainer.java:startContainerScrub(160)) - Background container scrubber has been disabled by hdds.containerscrub.enabled
2019-09-12 10:32:07,146 [pool-324-thread-1] INFO  server.RaftServerConfigKeys (ConfUtils.java:logGet(43)) - raft.server.log.appender.install.snapshot.enabled = false (custom)
2019-09-12 10:32:07,146 [Datanode State Machine Thread - 0] INFO  ratis.XceiverServerRatis (XceiverServerRatis.java:start(404)) - Starting XceiverServerRatis f85b420b-0060-4bb9-9f68-598eed9b442f at port 0
2019-09-12 10:32:07,146 [pool-324-thread-1] INFO  impl.RaftServerImpl (ServerState.java:<init>(105)) - 57729e88-c64a-441d-a40e-ceaddf64552e:group-5A9978281853 ConfigurationManager, init=-1: [57729e88-c64a-441d-a40e-ceaddf64552e:192.168.36.114:37314], old=null, confs=<EMPTY_MAP>
2019-09-12 10:32:07,146 [pool-324-thread-1] INFO  server.RaftServerConfigKeys (ConfUtils.java:logGet(43)) - raft.server.storage.dir = [/workdir/hadoop-ozone/integration-test/target/test-dir/MiniOzoneClusterImpl-39631bd2-f83c-4f24-acb2-4c1b273f2694/datanode-1/data/ratis] (custom)
2019-09-12 10:32:07,147 [pool-324-thread-1] INFO  storage.RaftStorageDirectory (RaftStorageDirectory.java:analyzeStorage(246)) - The storage directory /workdir/hadoop-ozone/integration-test/target/test-dir/MiniOzoneClusterImpl-39631bd2-f83c-4f24-acb2-4c1b273f2694/datanode-1/data/ratis/f4331232-7c5d-4be8-8a4b-5a9978281853 does not exist. Creating ...
2019-09-12 10:32:07,153 [Datanode State Machine Thread - 0] INFO  impl.RaftServerProxy (RaftServerProxy.java:lambda$start$3(299)) - f85b420b-0060-4bb9-9f68-598eed9b442f: start RPC server
2019-09-12 10:32:07,154 [Datanode State Machine Thread - 0] INFO  server.GrpcService (GrpcService.java:startImpl(149)) - f85b420b-0060-4bb9-9f68-598eed9b442f: GrpcService started, listening on 0.0.0.0/0.0.0.0:39826
2019-09-12 10:32:07,154 [Datanode State Machine Thread - 0] INFO  ratis.XceiverServerRatis (XceiverServerRatis.java:start(414)) - XceiverServerRatis f85b420b-0060-4bb9-9f68-598eed9b442f is started using port 39826
2019-09-12 10:32:07,154 [Datanode State Machine Thread - 0] INFO  server.XceiverServerGrpc (XceiverServerGrpc.java:start(163)) - XceiverServerGrpc f85b420b-0060-4bb9-9f68-598eed9b442f is started using port 36126
2019-09-12 10:32:07,159 [pool-324-thread-1] INFO  storage.RaftStorageDirectory (RaftStorageDirectory.java:tryLock(328)) - Lock on /workdir/hadoop-ozone/integration-test/target/test-dir/MiniOzoneClusterImpl-39631bd2-f83c-4f24-acb2-4c1b273f2694/datanode-1/data/ratis/f4331232-7c5d-4be8-8a4b-5a9978281853/in_use.lock acquired by nodename 1396@pr-hdds-1569-58hkm-1881083799
2019-09-12 10:32:07,172 [pool-324-thread-1] INFO  storage.RaftStorage (RaftStorage.java:format(72)) - Storage directory /workdir/hadoop-ozone/integration-test/target/test-dir/MiniOzoneClusterImpl-39631bd2-f83c-4f24-acb2-4c1b273f2694/datanode-1/data/ratis/f4331232-7c5d-4be8-8a4b-5a9978281853 has been successfully formatted.
2019-09-12 10:32:07,173 [pool-324-thread-1] INFO  ratis.ContainerStateMachine (ContainerStateMachine.java:loadSnapshot(226)) - group-5A9978281853: The snapshot info is null. Setting the last applied indexto:(t:0, i:~)
2019-09-12 10:32:07,173 [pool-324-thread-1] INFO  server.RaftServerConfigKeys (ConfUtils.java:logGet(43)) - raft.server.leader.election.timeout = 120s (custom)
2019-09-12 10:32:07,173 [pool-324-thread-1] INFO  server.RaftServerConfigKeys (ConfUtils.java:logGet(43)) - raft.server.log.use.memory = false (default)
2019-09-12 10:32:07,173 [pool-324-thread-1] INFO  server.RaftServerConfigKeys (ConfUtils.java:logGet(43)) - raft.server.log.purge.gap = 1000000 (custom)
2019-09-12 10:32:07,173 [pool-324-thread-1] INFO  server.RaftServerConfigKeys (ConfUtils.java:logGet(43)) - raft.server.log.appender.buffer.byte-limit = 33554432 (custom)
2019-09-12 10:32:07,174 [pool-324-thread-1] INFO  server.RaftServerConfigKeys (ConfUtils.java:logGet(43)) - raft.server.log.segment.size.max = 1048576 (custom)
2019-09-12 10:32:07,174 [pool-324-thread-1] INFO  server.RaftServerConfigKeys (ConfUtils.java:logGet(43)) - raft.server.log.segment.cache.num.max = 2 (custom)
2019-09-12 10:32:07,174 [pool-324-thread-1] INFO  segmented.SegmentedRaftLogWorker (SegmentedRaftLogWorker.java:<init>(172)) - new 57729e88-c64a-441d-a40e-ceaddf64552e-SegmentedRaftLogWorker:Storage Directory /workdir/hadoop-ozone/integration-test/target/test-dir/MiniOzoneClusterImpl-39631bd2-f83c-4f24-acb2-4c1b273f2694/datanode-1/data/ratis/f4331232-7c5d-4be8-8a4b-5a9978281853 for RaftStorage:Storage Directory /workdir/hadoop-ozone/integration-test/target/test-dir/MiniOzoneClusterImpl-39631bd2-f83c-4f24-acb2-4c1b273f2694/datanode-1/data/ratis/f4331232-7c5d-4be8-8a4b-5a9978281853
2019-09-12 10:32:07,174 [pool-324-thread-1] INFO  server.RaftServerConfigKeys (ConfUtils.java:logGet(43)) - raft.server.log.queue.byte-limit = 2147483647 (custom)
2019-09-12 10:32:07,174 [pool-324-thread-1] INFO  server.RaftServerConfigKeys (ConfUtils.java:logGet(43)) - raft.server.log.queue.element-limit = 1024 (custom)
2019-09-12 10:32:07,174 [pool-324-thread-1] INFO  server.RaftServerConfigKeys (ConfUtils.java:logGet(43)) - raft.server.log.segment.size.max = 1048576 (custom)
2019-09-12 10:32:07,175 [pool-324-thread-1] INFO  server.RaftServerConfigKeys (ConfUtils.java:logGet(43)) - raft.server.log.preallocated.size = 16384 (custom)
2019-09-12 10:32:07,175 [pool-324-thread-1] INFO  server.RaftServerConfigKeys (ConfUtils.java:logGet(43)) - raft.server.log.write.buffer.size = 33554432 (custom)
2019-09-12 10:32:07,175 [pool-324-thread-1] INFO  server.RaftServerConfigKeys (ConfUtils.java:logGet(43)) - raft.server.log.force.sync.num = 128 (default)
2019-09-12 10:32:07,175 [pool-324-thread-1] INFO  server.RaftServerConfigKeys (ConfUtils.java:logGet(43)) - raft.server.log.statemachine.data.sync = true (default)
2019-09-12 10:32:07,175 [pool-324-thread-1] INFO  server.RaftServerConfigKeys (ConfUtils.java:logGet(43)) - raft.server.log.statemachine.data.sync.timeout = 10s (default)
2019-09-12 10:32:07,175 [pool-324-thread-1] INFO  server.RaftServerConfigKeys (ConfUtils.java:logGet(43)) - raft.server.log.statemachine.data.sync.timeout.retry = -1 (default)
2019-09-12 10:32:07,176 [pool-324-thread-1] INFO  server.RaftServerConfigKeys (ConfUtils.java:logGet(43)) - raft.server.log.statemachine.data.caching.enabled = true (custom)
2019-09-12 10:32:07,176 [pool-324-thread-1] INFO  segmented.SegmentedRaftLogWorker (SegmentedRaftLogWorker.java:lambda$new$0(132)) - 57729e88-c64a-441d-a40e-ceaddf64552e-SegmentedRaftLogWorker:Storage Directory /workdir/hadoop-ozone/integration-test/target/test-dir/MiniOzoneClusterImpl-39631bd2-f83c-4f24-acb2-4c1b273f2694/datanode-1/data/ratis/f4331232-7c5d-4be8-8a4b-5a9978281853: flushIndex: setUnconditionally 0 -> -1
2019-09-12 10:32:07,176 [pool-324-thread-1] INFO  server.RaftServerConfigKeys (ConfUtils.java:logGet(43)) - raft.server.snapshot.auto.trigger.enabled = true (custom)
2019-09-12 10:32:07,177 [pool-324-thread-1] INFO  server.RaftServerConfigKeys (ConfUtils.java:logGet(43)) - raft.server.snapshot.auto.trigger.threshold = 10000 (custom)
2019-09-12 10:32:07,177 [pool-324-thread-1] INFO  server.RaftServerConfigKeys (ConfUtils.java:logGet(43)) - raft.server.retrycache.expirytime = 600000ms (custom)
2019-09-12 10:32:07,177 [pool-324-thread-1] INFO  impl.RaftServerImpl (RaftServerImpl.java:start(180)) - 57729e88-c64a-441d-a40e-ceaddf64552e: start group-5A9978281853
2019-09-12 10:32:07,177 [pool-324-thread-1] INFO  impl.RaftServerImpl (RaftServerImpl.java:setRole(171)) - 57729e88-c64a-441d-a40e-ceaddf64552e:group-5A9978281853 changes role from null to FOLLOWER at term 0 for startAsFollower
2019-09-12 10:32:07,177 [pool-324-thread-1] INFO  impl.RoleInfo (RoleInfo.java:updateAndGet(143)) - 57729e88-c64a-441d-a40e-ceaddf64552e: start FollowerState
2019-09-12 10:32:07,178 [pool-324-thread-1] INFO  util.JmxRegister (JmxRegister.java:tryRegister(44)) - Successfully registered JMX Bean with object name Ratis:service=RaftServer,group=group-5A9978281853,id=57729e88-c64a-441d-a40e-ceaddf64552e
2019-09-12 10:32:07,181 [RatisPipelineUtilsThread] INFO  pipeline.PipelineStateManager (PipelineStateManager.java:addPipeline(56)) - Created pipeline Pipeline[ Id: f4331232-7c5d-4be8-8a4b-5a9978281853, Nodes: 57729e88-c64a-441d-a40e-ceaddf64552e{ip: 192.168.36.114, host: pr-hdds-1569-58hkm-1881083799, networkLocation: /default-rack, certSerialId: null}, Type:RATIS, Factor:ONE, State:OPEN]
2019-09-12 10:32:07,181 [RatisPipelineUtilsThread] ERROR pipeline.PipelinePlacementPolicy (PipelinePlacementPolicy.java:meetCriteria(92)) - Pipeline Placement: Doesn't meet the criteria to be viable node. Heaviness: 6
2019-09-12 10:32:07,187 [grpc-default-executor-1] INFO  impl.RaftServerProxy (RaftServerProxy.java:addNew(89)) - 57729e88-c64a-441d-a40e-ceaddf64552e: addNew group-CBB8D91D3884:[57729e88-c64a-441d-a40e-ceaddf64552e:192.168.36.114:37314] returns group-CBB8D91D3884:java.util.concurrent.CompletableFuture@71bf496a[Not completed]
2019-09-12 10:32:07,188 [pool-324-thread-1] INFO  impl.RaftServerImpl (RaftServerImpl.java:<init>(93)) - 57729e88-c64a-441d-a40e-ceaddf64552e: new RaftServerImpl for group-CBB8D91D3884:[57729e88-c64a-441d-a40e-ceaddf64552e:192.168.36.114:37314] with ContainerStateMachine:uninitialized
2019-09-12 10:32:07,189 [pool-324-thread-1] INFO  server.RaftServerConfigKeys (ConfUtils.java:logGet(43)) - raft.server.rpc.timeout.min = 5s (custom)
2019-09-12 10:32:07,189 [pool-324-thread-1] INFO  server.RaftServerConfigKeys (ConfUtils.java:logGet(43)) - raft.server.rpc.timeout.max = 5200ms (custom)
2019-09-12 10:32:07,189 [pool-324-thread-1] INFO  server.RaftServerConfigKeys (ConfUtils.java:logGet(43)) - raft.server.rpcslowness.timeout = 120s (custom)
2019-09-12 10:32:07,189 [pool-324-thread-1] INFO  server.RaftServerConfigKeys (ConfUtils.java:logGet(43)) - raft.server.sleep.deviation.threshold = 300 (default)
2019-09-12 10:32:07,189 [pool-324-thread-1] INFO  server.RaftServerConfigKeys (ConfUtils.java:logGet(43)) - raft.server.log.appender.install.snapshot.enabled = false (custom)
2019-09-12 10:32:07,189 [pool-324-thread-1] INFO  impl.RaftServerImpl (ServerState.java:<init>(105)) - 57729e88-c64a-441d-a40e-ceaddf64552e:group-CBB8D91D3884 ConfigurationManager, init=-1: [57729e88-c64a-441d-a40e-ceaddf64552e:192.168.36.114:37314], old=null, confs=<EMPTY_MAP>
2019-09-12 10:32:07,190 [pool-324-thread-1] INFO  server.RaftServerConfigKeys (ConfUtils.java:logGet(43)) - raft.server.storage.dir = [/workdir/hadoop-ozone/integration-test/target/test-dir/MiniOzoneClusterImpl-39631bd2-f83c-4f24-acb2-4c1b273f2694/datanode-1/data/ratis] (custom)
2019-09-12 10:32:07,190 [pool-324-thread-1] INFO  storage.RaftStorageDirectory (RaftStorageDirectory.java:analyzeStorage(246)) - The storage directory /workdir/hadoop-ozone/integration-test/target/test-dir/MiniOzoneClusterImpl-39631bd2-f83c-4f24-acb2-4c1b273f2694/datanode-1/data/ratis/1a090dce-eb05-494c-8f13-cbb8d91d3884 does not exist. Creating ...
2019-09-12 10:32:07,224 [pool-324-thread-1] INFO  storage.RaftStorageDirectory (RaftStorageDirectory.java:tryLock(328)) - Lock on /workdir/hadoop-ozone/integration-test/target/test-dir/MiniOzoneClusterImpl-39631bd2-f83c-4f24-acb2-4c1b273f2694/datanode-1/data/ratis/1a090dce-eb05-494c-8f13-cbb8d91d3884/in_use.lock acquired by nodename 1396@pr-hdds-1569-58hkm-1881083799
2019-09-12 10:32:07,236 [pool-324-thread-1] INFO  storage.RaftStorage (RaftStorage.java:format(72)) - Storage directory /workdir/hadoop-ozone/integration-test/target/test-dir/MiniOzoneClusterImpl-39631bd2-f83c-4f24-acb2-4c1b273f2694/datanode-1/data/ratis/1a090dce-eb05-494c-8f13-cbb8d91d3884 has been successfully formatted.
2019-09-12 10:32:07,237 [pool-324-thread-1] INFO  ratis.ContainerStateMachine (ContainerStateMachine.java:loadSnapshot(226)) - group-CBB8D91D3884: The snapshot info is null. Setting the last applied indexto:(t:0, i:~)
2019-09-12 10:32:07,237 [pool-324-thread-1] INFO  server.RaftServerConfigKeys (ConfUtils.java:logGet(43)) - raft.server.leader.election.timeout = 120s (custom)
2019-09-12 10:32:07,237 [pool-324-thread-1] INFO  server.RaftServerConfigKeys (ConfUtils.java:logGet(43)) - raft.server.log.use.memory = false (default)
2019-09-12 10:32:07,237 [pool-324-thread-1] INFO  server.RaftServerConfigKeys (ConfUtils.java:logGet(43)) - raft.server.log.purge.gap = 1000000 (custom)
2019-09-12 10:32:07,237 [pool-324-thread-1] INFO  server.RaftServerConfigKeys (ConfUtils.java:logGet(43)) - raft.server.log.appender.buffer.byte-limit = 33554432 (custom)
2019-09-12 10:32:07,237 [pool-324-thread-1] INFO  server.RaftServerConfigKeys (ConfUtils.java:logGet(43)) - raft.server.log.segment.size.max = 1048576 (custom)
2019-09-12 10:32:07,237 [pool-324-thread-1] INFO  server.RaftServerConfigKeys (ConfUtils.java:logGet(43)) - raft.server.log.segment.cache.num.max = 2 (custom)
2019-09-12 10:32:07,237 [pool-324-thread-1] INFO  segmented.SegmentedRaftLogWorker (SegmentedRaftLogWorker.java:<init>(172)) - new 57729e88-c64a-441d-a40e-ceaddf64552e-SegmentedRaftLogWorker:Storage Directory /workdir/hadoop-ozone/integration-test/target/test-dir/MiniOzoneClusterImpl-39631bd2-f83c-4f24-acb2-4c1b273f2694/datanode-1/data/ratis/1a090dce-eb05-494c-8f13-cbb8d91d3884 for RaftStorage:Storage Directory /workdir/hadoop-ozone/integration-test/target/test-dir/MiniOzoneClusterImpl-39631bd2-f83c-4f24-acb2-4c1b273f2694/datanode-1/data/ratis/1a090dce-eb05-494c-8f13-cbb8d91d3884
2019-09-12 10:32:07,238 [pool-324-thread-1] INFO  server.RaftServerConfigKeys (ConfUtils.java:logGet(43)) - raft.server.log.queue.byte-limit = 2147483647 (custom)
2019-09-12 10:32:07,238 [pool-324-thread-1] INFO  server.RaftServerConfigKeys (ConfUtils.java:logGet(43)) - raft.server.log.queue.element-limit = 1024 (custom)
2019-09-12 10:32:07,238 [pool-324-thread-1] INFO  server.RaftServerConfigKeys (ConfUtils.java:logGet(43)) - raft.server.log.segment.size.max = 1048576 (custom)
2019-09-12 10:32:07,238 [pool-324-thread-1] INFO  server.RaftServerConfigKeys (ConfUtils.java:logGet(43)) - raft.server.log.preallocated.size = 16384 (custom)
2019-09-12 10:32:07,238 [pool-324-thread-1] INFO  server.RaftServerConfigKeys (ConfUtils.java:logGet(43)) - raft.server.log.write.buffer.size = 33554432 (custom)
2019-09-12 10:32:07,238 [pool-324-thread-1] INFO  server.RaftServerConfigKeys (ConfUtils.java:logGet(43)) - raft.server.log.force.sync.num = 128 (default)
2019-09-12 10:32:07,238 [pool-324-thread-1] INFO  server.RaftServerConfigKeys (ConfUtils.java:logGet(43)) - raft.server.log.statemachine.data.sync = true (default)
2019-09-12 10:32:07,238 [pool-324-thread-1] INFO  server.RaftServerConfigKeys (ConfUtils.java:logGet(43)) - raft.server.log.statemachine.data.sync.timeout = 10s (default)
2019-09-12 10:32:07,238 [pool-324-thread-1] INFO  server.RaftServerConfigKeys (ConfUtils.java:logGet(43)) - raft.server.log.statemachine.data.sync.timeout.retry = -1 (default)
2019-09-12 10:32:07,238 [pool-324-thread-1] INFO  server.RaftServerConfigKeys (ConfUtils.java:logGet(43)) - raft.server.log.statemachine.data.caching.enabled = true (custom)
2019-09-12 10:32:07,239 [pool-324-thread-1] INFO  segmented.SegmentedRaftLogWorker (SegmentedRaftLogWorker.java:lambda$new$0(132)) - 57729e88-c64a-441d-a40e-ceaddf64552e-SegmentedRaftLogWorker:Storage Directory /workdir/hadoop-ozone/integration-test/target/test-dir/MiniOzoneClusterImpl-39631bd2-f83c-4f24-acb2-4c1b273f2694/datanode-1/data/ratis/1a090dce-eb05-494c-8f13-cbb8d91d3884: flushIndex: setUnconditionally 0 -> -1
2019-09-12 10:32:07,239 [pool-324-thread-1] INFO  server.RaftServerConfigKeys (ConfUtils.java:logGet(43)) - raft.server.snapshot.auto.trigger.enabled = true (custom)
2019-09-12 10:32:07,239 [pool-324-thread-1] INFO  server.RaftServerConfigKeys (ConfUtils.java:logGet(43)) - raft.server.snapshot.auto.trigger.threshold = 10000 (custom)
2019-09-12 10:32:07,239 [pool-324-thread-1] INFO  server.RaftServerConfigKeys (ConfUtils.java:logGet(43)) - raft.server.retrycache.expirytime = 600000ms (custom)
2019-09-12 10:32:07,239 [pool-324-thread-1] INFO  impl.RaftServerImpl (RaftServerImpl.java:start(180)) - 57729e88-c64a-441d-a40e-ceaddf64552e: start group-CBB8D91D3884
2019-09-12 10:32:07,239 [pool-324-thread-1] INFO  impl.RaftServerImpl (RaftServerImpl.java:setRole(171)) - 57729e88-c64a-441d-a40e-ceaddf64552e:group-CBB8D91D3884 changes role from null to FOLLOWER at term 0 for startAsFollower
2019-09-12 10:32:07,240 [pool-324-thread-1] INFO  impl.RoleInfo (RoleInfo.java:updateAndGet(143)) - 57729e88-c64a-441d-a40e-ceaddf64552e: start FollowerState
2019-09-12 10:32:07,240 [pool-324-thread-1] INFO  util.JmxRegister (JmxRegister.java:tryRegister(44)) - Successfully registered JMX Bean with object name Ratis:service=RaftServer,group=group-CBB8D91D3884,id=57729e88-c64a-441d-a40e-ceaddf64552e
2019-09-12 10:32:07,242 [RatisPipelineUtilsThread] INFO  pipeline.PipelineStateManager (PipelineStateManager.java:addPipeline(56)) - Created pipeline Pipeline[ Id: 1a090dce-eb05-494c-8f13-cbb8d91d3884, Nodes: 57729e88-c64a-441d-a40e-ceaddf64552e{ip: 192.168.36.114, host: pr-hdds-1569-58hkm-1881083799, networkLocation: /default-rack, certSerialId: null}, Type:RATIS, Factor:ONE, State:OPEN]
2019-09-12 10:32:07,243 [RatisPipelineUtilsThread] ERROR pipeline.PipelinePlacementPolicy (PipelinePlacementPolicy.java:meetCriteria(92)) - Pipeline Placement: Doesn't meet the criteria to be viable node. Heaviness: 6
2019-09-12 10:32:07,247 [grpc-default-executor-1] INFO  impl.RaftServerProxy (RaftServerProxy.java:addNew(89)) - 57729e88-c64a-441d-a40e-ceaddf64552e: addNew group-423D56E48233:[57729e88-c64a-441d-a40e-ceaddf64552e:192.168.36.114:37314] returns group-423D56E48233:java.util.concurrent.CompletableFuture@7800330a[Not completed]
2019-09-12 10:32:07,248 [pool-324-thread-1] INFO  impl.RaftServerImpl (RaftServerImpl.java:<init>(93)) - 57729e88-c64a-441d-a40e-ceaddf64552e: new RaftServerImpl for group-423D56E48233:[57729e88-c64a-441d-a40e-ceaddf64552e:192.168.36.114:37314] with ContainerStateMachine:uninitialized
2019-09-12 10:32:07,248 [pool-324-thread-1] INFO  server.RaftServerConfigKeys (ConfUtils.java:logGet(43)) - raft.server.rpc.timeout.min = 5s (custom)
2019-09-12 10:32:07,249 [pool-324-thread-1] INFO  server.RaftServerConfigKeys (ConfUtils.java:logGet(43)) - raft.server.rpc.timeout.max = 5200ms (custom)
2019-09-12 10:32:07,249 [pool-324-thread-1] INFO  server.RaftServerConfigKeys (ConfUtils.java:logGet(43)) - raft.server.rpcslowness.timeout = 120s (custom)
2019-09-12 10:32:07,249 [pool-324-thread-1] INFO  server.RaftServerConfigKeys (ConfUtils.java:logGet(43)) - raft.server.sleep.deviation.threshold = 300 (default)
2019-09-12 10:32:07,249 [pool-324-thread-1] INFO  server.RaftServerConfigKeys (ConfUtils.java:logGet(43)) - raft.server.log.appender.install.snapshot.enabled = false (custom)
2019-09-12 10:32:07,249 [pool-324-thread-1] INFO  impl.RaftServerImpl (ServerState.java:<init>(105)) - 57729e88-c64a-441d-a40e-ceaddf64552e:group-423D56E48233 ConfigurationManager, init=-1: [57729e88-c64a-441d-a40e-ceaddf64552e:192.168.36.114:37314], old=null, confs=<EMPTY_MAP>
2019-09-12 10:32:07,249 [pool-324-thread-1] INFO  server.RaftServerConfigKeys (ConfUtils.java:logGet(43)) - raft.server.storage.dir = [/workdir/hadoop-ozone/integration-test/target/test-dir/MiniOzoneClusterImpl-39631bd2-f83c-4f24-acb2-4c1b273f2694/datanode-1/data/ratis] (custom)
2019-09-12 10:32:07,249 [pool-324-thread-1] INFO  storage.RaftStorageDirectory (RaftStorageDirectory.java:analyzeStorage(246)) - The storage directory /workdir/hadoop-ozone/integration-test/target/test-dir/MiniOzoneClusterImpl-39631bd2-f83c-4f24-acb2-4c1b273f2694/datanode-1/data/ratis/b78cb103-c3af-48b2-b7ac-423d56e48233 does not exist. Creating ...
2019-09-12 10:32:07,262 [pool-324-thread-1] INFO  storage.RaftStorageDirectory (RaftStorageDirectory.java:tryLock(328)) - Lock on /workdir/hadoop-ozone/integration-test/target/test-dir/MiniOzoneClusterImpl-39631bd2-f83c-4f24-acb2-4c1b273f2694/datanode-1/data/ratis/b78cb103-c3af-48b2-b7ac-423d56e48233/in_use.lock acquired by nodename 1396@pr-hdds-1569-58hkm-1881083799
2019-09-12 10:32:07,274 [pool-324-thread-1] INFO  storage.RaftStorage (RaftStorage.java:format(72)) - Storage directory /workdir/hadoop-ozone/integration-test/target/test-dir/MiniOzoneClusterImpl-39631bd2-f83c-4f24-acb2-4c1b273f2694/datanode-1/data/ratis/b78cb103-c3af-48b2-b7ac-423d56e48233 has been successfully formatted.
2019-09-12 10:32:07,275 [pool-324-thread-1] INFO  ratis.ContainerStateMachine (ContainerStateMachine.java:loadSnapshot(226)) - group-423D56E48233: The snapshot info is null. Setting the last applied indexto:(t:0, i:~)
2019-09-12 10:32:07,275 [pool-324-thread-1] INFO  server.RaftServerConfigKeys (ConfUtils.java:logGet(43)) - raft.server.leader.election.timeout = 120s (custom)
2019-09-12 10:32:07,275 [pool-324-thread-1] INFO  server.RaftServerConfigKeys (ConfUtils.java:logGet(43)) - raft.server.log.use.memory = false (default)
2019-09-12 10:32:07,275 [pool-324-thread-1] INFO  server.RaftServerConfigKeys (ConfUtils.java:logGet(43)) - raft.server.log.purge.gap = 1000000 (custom)
2019-09-12 10:32:07,275 [pool-324-thread-1] INFO  server.RaftServerConfigKeys (ConfUtils.java:logGet(43)) - raft.server.log.appender.buffer.byte-limit = 33554432 (custom)
2019-09-12 10:32:07,275 [pool-324-thread-1] INFO  server.RaftServerConfigKeys (ConfUtils.java:logGet(43)) - raft.server.log.segment.size.max = 1048576 (custom)
2019-09-12 10:32:07,275 [pool-324-thread-1] INFO  server.RaftServerConfigKeys (ConfUtils.java:logGet(43)) - raft.server.log.segment.cache.num.max = 2 (custom)
2019-09-12 10:32:07,276 [pool-324-thread-1] INFO  segmented.SegmentedRaftLogWorker (SegmentedRaftLogWorker.java:<init>(172)) - new 57729e88-c64a-441d-a40e-ceaddf64552e-SegmentedRaftLogWorker:Storage Directory /workdir/hadoop-ozone/integration-test/target/test-dir/MiniOzoneClusterImpl-39631bd2-f83c-4f24-acb2-4c1b273f2694/datanode-1/data/ratis/b78cb103-c3af-48b2-b7ac-423d56e48233 for RaftStorage:Storage Directory /workdir/hadoop-ozone/integration-test/target/test-dir/MiniOzoneClusterImpl-39631bd2-f83c-4f24-acb2-4c1b273f2694/datanode-1/data/ratis/b78cb103-c3af-48b2-b7ac-423d56e48233
2019-09-12 10:32:07,276 [pool-324-thread-1] INFO  server.RaftServerConfigKeys (ConfUtils.java:logGet(43)) - raft.server.log.queue.byte-limit = 2147483647 (custom)
2019-09-12 10:32:07,276 [pool-324-thread-1] INFO  server.RaftServerConfigKeys (ConfUtils.java:logGet(43)) - raft.server.log.queue.element-limit = 1024 (custom)
2019-09-12 10:32:07,276 [pool-324-thread-1] INFO  server.RaftServerConfigKeys (ConfUtils.java:logGet(43)) - raft.server.log.segment.size.max = 1048576 (custom)
2019-09-12 10:32:07,276 [pool-324-thread-1] INFO  server.RaftServerConfigKeys (ConfUtils.java:logGet(43)) - raft.server.log.preallocated.size = 16384 (custom)
2019-09-12 10:32:07,276 [pool-324-thread-1] INFO  server.RaftServerConfigKeys (ConfUtils.java:logGet(43)) - raft.server.log.write.buffer.size = 33554432 (custom)
2019-09-12 10:32:07,276 [pool-324-thread-1] INFO  server.RaftServerConfigKeys (ConfUtils.java:logGet(43)) - raft.server.log.force.sync.num = 128 (default)
2019-09-12 10:32:07,276 [pool-324-thread-1] INFO  server.RaftServerConfigKeys (ConfUtils.java:logGet(43)) - raft.server.log.statemachine.data.sync = true (default)
2019-09-12 10:32:07,276 [pool-324-thread-1] INFO  server.RaftServerConfigKeys (ConfUtils.java:logGet(43)) - raft.server.log.statemachine.data.sync.timeout = 10s (default)
2019-09-12 10:32:07,276 [pool-324-thread-1] INFO  server.RaftServerConfigKeys (ConfUtils.java:logGet(43)) - raft.server.log.statemachine.data.sync.timeout.retry = -1 (default)
2019-09-12 10:32:07,276 [pool-324-thread-1] INFO  server.RaftServerConfigKeys (ConfUtils.java:logGet(43)) - raft.server.log.statemachine.data.caching.enabled = true (custom)
2019-09-12 10:32:07,277 [pool-324-thread-1] INFO  segmented.SegmentedRaftLogWorker (SegmentedRaftLogWorker.java:lambda$new$0(132)) - 57729e88-c64a-441d-a40e-ceaddf64552e-SegmentedRaftLogWorker:Storage Directory /workdir/hadoop-ozone/integration-test/target/test-dir/MiniOzoneClusterImpl-39631bd2-f83c-4f24-acb2-4c1b273f2694/datanode-1/data/ratis/b78cb103-c3af-48b2-b7ac-423d56e48233: flushIndex: setUnconditionally 0 -> -1
2019-09-12 10:32:07,277 [pool-324-thread-1] INFO  server.RaftServerConfigKeys (ConfUtils.java:logGet(43)) - raft.server.snapshot.auto.trigger.enabled = true (custom)
2019-09-12 10:32:07,277 [pool-324-thread-1] INFO  server.RaftServerConfigKeys (ConfUtils.java:logGet(43)) - raft.server.snapshot.auto.trigger.threshold = 10000 (custom)
2019-09-12 10:32:07,277 [pool-324-thread-1] INFO  server.RaftServerConfigKeys (ConfUtils.java:logGet(43)) - raft.server.retrycache.expirytime = 600000ms (custom)
2019-09-12 10:32:07,277 [pool-324-thread-1] INFO  impl.RaftServerImpl (RaftServerImpl.java:start(180)) - 57729e88-c64a-441d-a40e-ceaddf64552e: start group-423D56E48233
2019-09-12 10:32:07,277 [pool-324-thread-1] INFO  impl.RaftServerImpl (RaftServerImpl.java:setRole(171)) - 57729e88-c64a-441d-a40e-ceaddf64552e:group-423D56E48233 changes role from null to FOLLOWER at term 0 for startAsFollower
2019-09-12 10:32:07,278 [pool-324-thread-1] INFO  impl.RoleInfo (RoleInfo.java:updateAndGet(143)) - 57729e88-c64a-441d-a40e-ceaddf64552e: start FollowerState
2019-09-12 10:32:07,278 [pool-324-thread-1] INFO  util.JmxRegister (JmxRegister.java:tryRegister(44)) - Successfully registered JMX Bean with object name Ratis:service=RaftServer,group=group-423D56E48233,id=57729e88-c64a-441d-a40e-ceaddf64552e
2019-09-12 10:32:07,280 [RatisPipelineUtilsThread] INFO  pipeline.PipelineStateManager (PipelineStateManager.java:addPipeline(56)) - Created pipeline Pipeline[ Id: b78cb103-c3af-48b2-b7ac-423d56e48233, Nodes: 57729e88-c64a-441d-a40e-ceaddf64552e{ip: 192.168.36.114, host: pr-hdds-1569-58hkm-1881083799, networkLocation: /default-rack, certSerialId: null}, Type:RATIS, Factor:ONE, State:OPEN]
2019-09-12 10:32:07,280 [RatisPipelineUtilsThread] ERROR pipeline.PipelinePlacementPolicy (PipelinePlacementPolicy.java:meetCriteria(92)) - Pipeline Placement: Doesn't meet the criteria to be viable node. Heaviness: 6
2019-09-12 10:32:07,286 [grpc-default-executor-1] INFO  impl.RaftServerProxy (RaftServerProxy.java:addNew(89)) - 57729e88-c64a-441d-a40e-ceaddf64552e: addNew group-D8BA15F9FA78:[57729e88-c64a-441d-a40e-ceaddf64552e:192.168.36.114:37314] returns group-D8BA15F9FA78:java.util.concurrent.CompletableFuture@b9732b8[Not completed]
2019-09-12 10:32:07,286 [pool-324-thread-1] INFO  impl.RaftServerImpl (RaftServerImpl.java:<init>(93)) - 57729e88-c64a-441d-a40e-ceaddf64552e: new RaftServerImpl for group-D8BA15F9FA78:[57729e88-c64a-441d-a40e-ceaddf64552e:192.168.36.114:37314] with ContainerStateMachine:uninitialized
2019-09-12 10:32:07,286 [pool-324-thread-1] INFO  server.RaftServerConfigKeys (ConfUtils.java:logGet(43)) - raft.server.rpc.timeout.min = 5s (custom)
2019-09-12 10:32:07,287 [pool-324-thread-1] INFO  server.RaftServerConfigKeys (ConfUtils.java:logGet(43)) - raft.server.rpc.timeout.max = 5200ms (custom)
2019-09-12 10:32:07,287 [pool-324-thread-1] INFO  server.RaftServerConfigKeys (ConfUtils.java:logGet(43)) - raft.server.rpcslowness.timeout = 120s (custom)
2019-09-12 10:32:07,287 [pool-324-thread-1] INFO  server.RaftServerConfigKeys (ConfUtils.java:logGet(43)) - raft.server.sleep.deviation.threshold = 300 (default)
2019-09-12 10:32:07,287 [pool-324-thread-1] INFO  server.RaftServerConfigKeys (ConfUtils.java:logGet(43)) - raft.server.log.appender.install.snapshot.enabled = false (custom)
2019-09-12 10:32:07,287 [pool-324-thread-1] INFO  impl.RaftServerImpl (ServerState.java:<init>(105)) - 57729e88-c64a-441d-a40e-ceaddf64552e:group-D8BA15F9FA78 ConfigurationManager, init=-1: [57729e88-c64a-441d-a40e-ceaddf64552e:192.168.36.114:37314], old=null, confs=<EMPTY_MAP>
2019-09-12 10:32:07,287 [pool-324-thread-1] INFO  server.RaftServerConfigKeys (ConfUtils.java:logGet(43)) - raft.server.storage.dir = [/workdir/hadoop-ozone/integration-test/target/test-dir/MiniOzoneClusterImpl-39631bd2-f83c-4f24-acb2-4c1b273f2694/datanode-1/data/ratis] (custom)
2019-09-12 10:32:07,287 [pool-324-thread-1] INFO  storage.RaftStorageDirectory (RaftStorageDirectory.java:analyzeStorage(246)) - The storage directory /workdir/hadoop-ozone/integration-test/target/test-dir/MiniOzoneClusterImpl-39631bd2-f83c-4f24-acb2-4c1b273f2694/datanode-1/data/ratis/29288c80-2c64-40a7-9e5e-d8ba15f9fa78 does not exist. Creating ...
2019-09-12 10:32:07,299 [pool-324-thread-1] INFO  storage.RaftStorageDirectory (RaftStorageDirectory.java:tryLock(328)) - Lock on /workdir/hadoop-ozone/integration-test/target/test-dir/MiniOzoneClusterImpl-39631bd2-f83c-4f24-acb2-4c1b273f2694/datanode-1/data/ratis/29288c80-2c64-40a7-9e5e-d8ba15f9fa78/in_use.lock acquired by nodename 1396@pr-hdds-1569-58hkm-1881083799
2019-09-12 10:32:07,312 [pool-324-thread-1] INFO  storage.RaftStorage (RaftStorage.java:format(72)) - Storage directory /workdir/hadoop-ozone/integration-test/target/test-dir/MiniOzoneClusterImpl-39631bd2-f83c-4f24-acb2-4c1b273f2694/datanode-1/data/ratis/29288c80-2c64-40a7-9e5e-d8ba15f9fa78 has been successfully formatted.
2019-09-12 10:32:07,313 [pool-324-thread-1] INFO  ratis.ContainerStateMachine (ContainerStateMachine.java:loadSnapshot(226)) - group-D8BA15F9FA78: The snapshot info is null. Setting the last applied indexto:(t:0, i:~)
2019-09-12 10:32:07,313 [pool-324-thread-1] INFO  server.RaftServerConfigKeys (ConfUtils.java:logGet(43)) - raft.server.leader.election.timeout = 120s (custom)
2019-09-12 10:32:07,313 [pool-324-thread-1] INFO  server.RaftServerConfigKeys (ConfUtils.java:logGet(43)) - raft.server.log.use.memory = false (default)
2019-09-12 10:32:07,313 [pool-324-thread-1] INFO  server.RaftServerConfigKeys (ConfUtils.java:logGet(43)) - raft.server.log.purge.gap = 1000000 (custom)
2019-09-12 10:32:07,313 [pool-324-thread-1] INFO  server.RaftServerConfigKeys (ConfUtils.java:logGet(43)) - raft.server.log.appender.buffer.byte-limit = 33554432 (custom)
2019-09-12 10:32:07,313 [pool-324-thread-1] INFO  server.RaftServerConfigKeys (ConfUtils.java:logGet(43)) - raft.server.log.segment.size.max = 1048576 (custom)
2019-09-12 10:32:07,313 [pool-324-thread-1] INFO  server.RaftServerConfigKeys (ConfUtils.java:logGet(43)) - raft.server.log.segment.cache.num.max = 2 (custom)
2019-09-12 10:32:07,313 [pool-324-thread-1] INFO  segmented.SegmentedRaftLogWorker (SegmentedRaftLogWorker.java:<init>(172)) - new 57729e88-c64a-441d-a40e-ceaddf64552e-SegmentedRaftLogWorker:Storage Directory /workdir/hadoop-ozone/integration-test/target/test-dir/MiniOzoneClusterImpl-39631bd2-f83c-4f24-acb2-4c1b273f2694/datanode-1/data/ratis/29288c80-2c64-40a7-9e5e-d8ba15f9fa78 for RaftStorage:Storage Directory /workdir/hadoop-ozone/integration-test/target/test-dir/MiniOzoneClusterImpl-39631bd2-f83c-4f24-acb2-4c1b273f2694/datanode-1/data/ratis/29288c80-2c64-40a7-9e5e-d8ba15f9fa78
2019-09-12 10:32:07,314 [pool-324-thread-1] INFO  server.RaftServerConfigKeys (ConfUtils.java:logGet(43)) - raft.server.log.queue.byte-limit = 2147483647 (custom)
2019-09-12 10:32:07,314 [pool-324-thread-1] INFO  server.RaftServerConfigKeys (ConfUtils.java:logGet(43)) - raft.server.log.queue.element-limit = 1024 (custom)
2019-09-12 10:32:07,314 [pool-324-thread-1] INFO  server.RaftServerConfigKeys (ConfUtils.java:logGet(43)) - raft.server.log.segment.size.max = 1048576 (custom)
2019-09-12 10:32:07,314 [pool-324-thread-1] INFO  server.RaftServerConfigKeys (ConfUtils.java:logGet(43)) - raft.server.log.preallocated.size = 16384 (custom)
2019-09-12 10:32:07,314 [pool-324-thread-1] INFO  server.RaftServerConfigKeys (ConfUtils.java:logGet(43)) - raft.server.log.write.buffer.size = 33554432 (custom)
2019-09-12 10:32:07,314 [pool-324-thread-1] INFO  server.RaftServerConfigKeys (ConfUtils.java:logGet(43)) - raft.server.log.force.sync.num = 128 (default)
2019-09-12 10:32:07,314 [pool-324-thread-1] INFO  server.RaftServerConfigKeys (ConfUtils.java:logGet(43)) - raft.server.log.statemachine.data.sync = true (default)
2019-09-12 10:32:07,314 [pool-324-thread-1] INFO  server.RaftServerConfigKeys (ConfUtils.java:logGet(43)) - raft.server.log.statemachine.data.sync.timeout = 10s (default)
2019-09-12 10:32:07,314 [pool-324-thread-1] INFO  server.RaftServerConfigKeys (ConfUtils.java:logGet(43)) - raft.server.log.statemachine.data.sync.timeout.retry = -1 (default)
2019-09-12 10:32:07,314 [pool-324-thread-1] INFO  server.RaftServerConfigKeys (ConfUtils.java:logGet(43)) - raft.server.log.statemachine.data.caching.enabled = true (custom)
2019-09-12 10:32:07,315 [pool-324-thread-1] INFO  segmented.SegmentedRaftLogWorker (SegmentedRaftLogWorker.java:lambda$new$0(132)) - 57729e88-c64a-441d-a40e-ceaddf64552e-SegmentedRaftLogWorker:Storage Directory /workdir/hadoop-ozone/integration-test/target/test-dir/MiniOzoneClusterImpl-39631bd2-f83c-4f24-acb2-4c1b273f2694/datanode-1/data/ratis/29288c80-2c64-40a7-9e5e-d8ba15f9fa78: flushIndex: setUnconditionally 0 -> -1
2019-09-12 10:32:07,315 [pool-324-thread-1] INFO  server.RaftServerConfigKeys (ConfUtils.java:logGet(43)) - raft.server.snapshot.auto.trigger.enabled = true (custom)
2019-09-12 10:32:07,315 [pool-324-thread-1] INFO  server.RaftServerConfigKeys (ConfUtils.java:logGet(43)) - raft.server.snapshot.auto.trigger.threshold = 10000 (custom)
2019-09-12 10:32:07,315 [pool-324-thread-1] INFO  server.RaftServerConfigKeys (ConfUtils.java:logGet(43)) - raft.server.retrycache.expirytime = 600000ms (custom)
2019-09-12 10:32:07,315 [pool-324-thread-1] INFO  impl.RaftServerImpl (RaftServerImpl.java:start(180)) - 57729e88-c64a-441d-a40e-ceaddf64552e: start group-D8BA15F9FA78
2019-09-12 10:32:07,315 [pool-324-thread-1] INFO  impl.RaftServerImpl (RaftServerImpl.java:setRole(171)) - 57729e88-c64a-441d-a40e-ceaddf64552e:group-D8BA15F9FA78 changes role from null to FOLLOWER at term 0 for startAsFollower
2019-09-12 10:32:07,315 [pool-324-thread-1] INFO  impl.RoleInfo (RoleInfo.java:updateAndGet(143)) - 57729e88-c64a-441d-a40e-ceaddf64552e: start FollowerState
2019-09-12 10:32:07,316 [pool-324-thread-1] INFO  util.JmxRegister (JmxRegister.java:tryRegister(44)) - Successfully registered JMX Bean with object name Ratis:service=RaftServer,group=group-D8BA15F9FA78,id=57729e88-c64a-441d-a40e-ceaddf64552e
2019-09-12 10:32:07,318 [RatisPipelineUtilsThread] INFO  pipeline.PipelineStateManager (PipelineStateManager.java:addPipeline(56)) - Created pipeline Pipeline[ Id: 29288c80-2c64-40a7-9e5e-d8ba15f9fa78, Nodes: 57729e88-c64a-441d-a40e-ceaddf64552e{ip: 192.168.36.114, host: pr-hdds-1569-58hkm-1881083799, networkLocation: /default-rack, certSerialId: null}, Type:RATIS, Factor:ONE, State:OPEN]
2019-09-12 10:32:07,318 [RatisPipelineUtilsThread] ERROR pipeline.PipelinePlacementPolicy (PipelinePlacementPolicy.java:meetCriteria(92)) - Pipeline Placement: Doesn't meet the criteria to be viable node. Heaviness: 6
2019-09-12 10:32:07,323 [grpc-default-executor-1] INFO  impl.RaftServerProxy (RaftServerProxy.java:addNew(89)) - 57729e88-c64a-441d-a40e-ceaddf64552e: addNew group-389AEFDBF23A:[57729e88-c64a-441d-a40e-ceaddf64552e:192.168.36.114:37314] returns group-389AEFDBF23A:java.util.concurrent.CompletableFuture@2dadf46d[Not completed]
2019-09-12 10:32:07,324 [pool-324-thread-1] INFO  impl.RaftServerImpl (RaftServerImpl.java:<init>(93)) - 57729e88-c64a-441d-a40e-ceaddf64552e: new RaftServerImpl for group-389AEFDBF23A:[57729e88-c64a-441d-a40e-ceaddf64552e:192.168.36.114:37314] with ContainerStateMachine:uninitialized
2019-09-12 10:32:07,324 [pool-324-thread-1] INFO  server.RaftServerConfigKeys (ConfUtils.java:logGet(43)) - raft.server.rpc.timeout.min = 5s (custom)
2019-09-12 10:32:07,324 [pool-324-thread-1] INFO  server.RaftServerConfigKeys (ConfUtils.java:logGet(43)) - raft.server.rpc.timeout.max = 5200ms (custom)
2019-09-12 10:32:07,324 [pool-324-thread-1] INFO  server.RaftServerConfigKeys (ConfUtils.java:logGet(43)) - raft.server.rpcslowness.timeout = 120s (custom)
2019-09-12 10:32:07,324 [pool-324-thread-1] INFO  server.RaftServerConfigKeys (ConfUtils.java:logGet(43)) - raft.server.sleep.deviation.threshold = 300 (default)
2019-09-12 10:32:07,324 [pool-324-thread-1] INFO  server.RaftServerConfigKeys (ConfUtils.java:logGet(43)) - raft.server.log.appender.install.snapshot.enabled = false (custom)
2019-09-12 10:32:07,324 [pool-324-thread-1] INFO  impl.RaftServerImpl (ServerState.java:<init>(105)) - 57729e88-c64a-441d-a40e-ceaddf64552e:group-389AEFDBF23A ConfigurationManager, init=-1: [57729e88-c64a-441d-a40e-ceaddf64552e:192.168.36.114:37314], old=null, confs=<EMPTY_MAP>
2019-09-12 10:32:07,325 [pool-324-thread-1] INFO  server.RaftServerConfigKeys (ConfUtils.java:logGet(43)) - raft.server.storage.dir = [/workdir/hadoop-ozone/integration-test/target/test-dir/MiniOzoneClusterImpl-39631bd2-f83c-4f24-acb2-4c1b273f2694/datanode-1/data/ratis] (custom)
2019-09-12 10:32:07,325 [pool-324-thread-1] INFO  storage.RaftStorageDirectory (RaftStorageDirectory.java:analyzeStorage(246)) - The storage directory /workdir/hadoop-ozone/integration-test/target/test-dir/MiniOzoneClusterImpl-39631bd2-f83c-4f24-acb2-4c1b273f2694/datanode-1/data/ratis/06ec1786-6467-45a8-8518-389aefdbf23a does not exist. Creating ...
2019-09-12 10:32:07,337 [pool-324-thread-1] INFO  storage.RaftStorageDirectory (RaftStorageDirectory.java:tryLock(328)) - Lock on /workdir/hadoop-ozone/integration-test/target/test-dir/MiniOzoneClusterImpl-39631bd2-f83c-4f24-acb2-4c1b273f2694/datanode-1/data/ratis/06ec1786-6467-45a8-8518-389aefdbf23a/in_use.lock acquired by nodename 1396@pr-hdds-1569-58hkm-1881083799
2019-09-12 10:32:07,350 [pool-324-thread-1] INFO  storage.RaftStorage (RaftStorage.java:format(72)) - Storage directory /workdir/hadoop-ozone/integration-test/target/test-dir/MiniOzoneClusterImpl-39631bd2-f83c-4f24-acb2-4c1b273f2694/datanode-1/data/ratis/06ec1786-6467-45a8-8518-389aefdbf23a has been successfully formatted.
2019-09-12 10:32:07,350 [pool-324-thread-1] INFO  ratis.ContainerStateMachine (ContainerStateMachine.java:loadSnapshot(226)) - group-389AEFDBF23A: The snapshot info is null. Setting the last applied indexto:(t:0, i:~)
2019-09-12 10:32:07,350 [pool-324-thread-1] INFO  server.RaftServerConfigKeys (ConfUtils.java:logGet(43)) - raft.server.leader.election.timeout = 120s (custom)
2019-09-12 10:32:07,350 [pool-324-thread-1] INFO  server.RaftServerConfigKeys (ConfUtils.java:logGet(43)) - raft.server.log.use.memory = false (default)
2019-09-12 10:32:07,350 [pool-324-thread-1] INFO  server.RaftServerConfigKeys (ConfUtils.java:logGet(43)) - raft.server.log.purge.gap = 1000000 (custom)
2019-09-12 10:32:07,351 [pool-324-thread-1] INFO  server.RaftServerConfigKeys (ConfUtils.java:logGet(43)) - raft.server.log.appender.buffer.byte-limit = 33554432 (custom)
2019-09-12 10:32:07,351 [pool-324-thread-1] INFO  server.RaftServerConfigKeys (ConfUtils.java:logGet(43)) - raft.server.log.segment.size.max = 1048576 (custom)
2019-09-12 10:32:07,351 [pool-324-thread-1] INFO  server.RaftServerConfigKeys (ConfUtils.java:logGet(43)) - raft.server.log.segment.cache.num.max = 2 (custom)
2019-09-12 10:32:07,351 [pool-324-thread-1] INFO  segmented.SegmentedRaftLogWorker (SegmentedRaftLogWorker.java:<init>(172)) - new 57729e88-c64a-441d-a40e-ceaddf64552e-SegmentedRaftLogWorker:Storage Directory /workdir/hadoop-ozone/integration-test/target/test-dir/MiniOzoneClusterImpl-39631bd2-f83c-4f24-acb2-4c1b273f2694/datanode-1/data/ratis/06ec1786-6467-45a8-8518-389aefdbf23a for RaftStorage:Storage Directory /workdir/hadoop-ozone/integration-test/target/test-dir/MiniOzoneClusterImpl-39631bd2-f83c-4f24-acb2-4c1b273f2694/datanode-1/data/ratis/06ec1786-6467-45a8-8518-389aefdbf23a
2019-09-12 10:32:07,351 [pool-324-thread-1] INFO  server.RaftServerConfigKeys (ConfUtils.java:logGet(43)) - raft.server.log.queue.byte-limit = 2147483647 (custom)
2019-09-12 10:32:07,351 [pool-324-thread-1] INFO  server.RaftServerConfigKeys (ConfUtils.java:logGet(43)) - raft.server.log.queue.element-limit = 1024 (custom)
2019-09-12 10:32:07,351 [pool-324-thread-1] INFO  server.RaftServerConfigKeys (ConfUtils.java:logGet(43)) - raft.server.log.segment.size.max = 1048576 (custom)
2019-09-12 10:32:07,351 [pool-324-thread-1] INFO  server.RaftServerConfigKeys (ConfUtils.java:logGet(43)) - raft.server.log.preallocated.size = 16384 (custom)
2019-09-12 10:32:07,351 [pool-324-thread-1] INFO  server.RaftServerConfigKeys (ConfUtils.java:logGet(43)) - raft.server.log.write.buffer.size = 33554432 (custom)
2019-09-12 10:32:07,351 [pool-324-thread-1] INFO  server.RaftServerConfigKeys (ConfUtils.java:logGet(43)) - raft.server.log.force.sync.num = 128 (default)
2019-09-12 10:32:07,351 [pool-324-thread-1] INFO  server.RaftServerConfigKeys (ConfUtils.java:logGet(43)) - raft.server.log.statemachine.data.sync = true (default)
2019-09-12 10:32:07,351 [pool-324-thread-1] INFO  server.RaftServerConfigKeys (ConfUtils.java:logGet(43)) - raft.server.log.statemachine.data.sync.timeout = 10s (default)
2019-09-12 10:32:07,352 [pool-324-thread-1] INFO  server.RaftServerConfigKeys (ConfUtils.java:logGet(43)) - raft.server.log.statemachine.data.sync.timeout.retry = -1 (default)
2019-09-12 10:32:07,352 [pool-324-thread-1] INFO  server.RaftServerConfigKeys (ConfUtils.java:logGet(43)) - raft.server.log.statemachine.data.caching.enabled = true (custom)
2019-09-12 10:32:07,352 [pool-324-thread-1] INFO  segmented.SegmentedRaftLogWorker (SegmentedRaftLogWorker.java:lambda$new$0(132)) - 57729e88-c64a-441d-a40e-ceaddf64552e-SegmentedRaftLogWorker:Storage Directory /workdir/hadoop-ozone/integration-test/target/test-dir/MiniOzoneClusterImpl-39631bd2-f83c-4f24-acb2-4c1b273f2694/datanode-1/data/ratis/06ec1786-6467-45a8-8518-389aefdbf23a: flushIndex: setUnconditionally 0 -> -1
2019-09-12 10:32:07,352 [pool-324-thread-1] INFO  server.RaftServerConfigKeys (ConfUtils.java:logGet(43)) - raft.server.snapshot.auto.trigger.enabled = true (custom)
2019-09-12 10:32:07,352 [pool-324-thread-1] INFO  server.RaftServerConfigKeys (ConfUtils.java:logGet(43)) - raft.server.snapshot.auto.trigger.threshold = 10000 (custom)
2019-09-12 10:32:07,352 [pool-324-thread-1] INFO  server.RaftServerConfigKeys (ConfUtils.java:logGet(43)) - raft.server.retrycache.expirytime = 600000ms (custom)
2019-09-12 10:32:07,352 [pool-324-thread-1] INFO  impl.RaftServerImpl (RaftServerImpl.java:start(180)) - 57729e88-c64a-441d-a40e-ceaddf64552e: start group-389AEFDBF23A
2019-09-12 10:32:07,353 [pool-324-thread-1] INFO  impl.RaftServerImpl (RaftServerImpl.java:setRole(171)) - 57729e88-c64a-441d-a40e-ceaddf64552e:group-389AEFDBF23A changes role from null to FOLLOWER at term 0 for startAsFollower
2019-09-12 10:32:07,353 [pool-324-thread-1] INFO  impl.RoleInfo (RoleInfo.java:updateAndGet(143)) - 57729e88-c64a-441d-a40e-ceaddf64552e: start FollowerState
2019-09-12 10:32:07,353 [pool-324-thread-1] INFO  util.JmxRegister (JmxRegister.java:tryRegister(44)) - Successfully registered JMX Bean with object name Ratis:service=RaftServer,group=group-389AEFDBF23A,id=57729e88-c64a-441d-a40e-ceaddf64552e
2019-09-12 10:32:07,355 [RatisPipelineUtilsThread] INFO  pipeline.PipelineStateManager (PipelineStateManager.java:addPipeline(56)) - Created pipeline Pipeline[ Id: 06ec1786-6467-45a8-8518-389aefdbf23a, Nodes: 57729e88-c64a-441d-a40e-ceaddf64552e{ip: 192.168.36.114, host: pr-hdds-1569-58hkm-1881083799, networkLocation: /default-rack, certSerialId: null}, Type:RATIS, Factor:ONE, State:OPEN]
2019-09-12 10:32:07,355 [RatisPipelineUtilsThread] ERROR pipeline.PipelinePlacementPolicy (PipelinePlacementPolicy.java:meetCriteria(92)) - Pipeline Placement: Doesn't meet the criteria to be viable node. Heaviness: 6
2019-09-12 10:32:07,356 [RatisPipelineUtilsThread] ERROR pipeline.PipelinePlacementPolicy (PipelinePlacementPolicy.java:meetCriteria(92)) - Pipeline Placement: Doesn't meet the criteria to be viable node. Heaviness: 6
2019-09-12 10:32:07,356 [RatisPipelineUtilsThread] ERROR pipeline.PipelinePlacementPolicy (PipelinePlacementPolicy.java:filterViableNodes(147)) - Unable to find enough nodes that meet the criteria that cannot engage in more than 5 pipelines. Nodes required: 1 Found: 0, healthy nodes count inNodeManager: 2.
2019-09-12 10:32:07,356 [RatisPipelineUtilsThread] ERROR pipeline.SCMPipelineManager (SCMPipelineManager.java:createPipeline(161)) - Pipeline creation failed due to exception: Unable to find enough nodes that meet the criteria that cannot engage in more than 5 pipelines. Nodes required: 1 Found: 0, healthy nodes count inNodeManager: 2.
2019-09-12 10:32:07,356 [RatisPipelineUtilsThread] ERROR pipeline.PipelinePlacementPolicy (PipelinePlacementPolicy.java:filterViableNodes(130)) - Not enough healthy nodes to allocate pipeline. 3  datanodes required. Found 2
2019-09-12 10:32:07,356 [RatisPipelineUtilsThread] ERROR pipeline.SCMPipelineManager (SCMPipelineManager.java:createPipeline(161)) - Pipeline creation failed due to exception: Not enough healthy nodes to allocate pipeline. 3  datanodes required. Found 2
2019-09-12 10:32:07,446 | INFO  | SCMAudit | user=jenkins1000 | ip=192.168.36.114 | op=GET_VERSION null | ret=SUCCESS |  
2019-09-12 10:32:07,459 [Datanode State Machine Thread - 0] INFO  ozoneimpl.OzoneContainer (OzoneContainer.java:start(186)) - Attempting to start container services.
2019-09-12 10:32:07,459 [Datanode State Machine Thread - 0] INFO  ozoneimpl.OzoneContainer (OzoneContainer.java:startContainerScrub(160)) - Background container scrubber has been disabled by hdds.containerscrub.enabled
2019-09-12 10:32:07,459 [Datanode State Machine Thread - 0] INFO  ratis.XceiverServerRatis (XceiverServerRatis.java:start(404)) - Starting XceiverServerRatis f8fc8350-8b83-4a15-89e6-430db21616f7 at port 0
2019-09-12 10:32:07,467 [Datanode State Machine Thread - 0] INFO  impl.RaftServerProxy (RaftServerProxy.java:lambda$start$3(299)) - f8fc8350-8b83-4a15-89e6-430db21616f7: start RPC server
2019-09-12 10:32:07,467 [Datanode State Machine Thread - 0] INFO  server.GrpcService (GrpcService.java:startImpl(149)) - f8fc8350-8b83-4a15-89e6-430db21616f7: GrpcService started, listening on 0.0.0.0/0.0.0.0:36361
2019-09-12 10:32:07,468 [Datanode State Machine Thread - 0] INFO  ratis.XceiverServerRatis (XceiverServerRatis.java:start(414)) - XceiverServerRatis f8fc8350-8b83-4a15-89e6-430db21616f7 is started using port 36361
2019-09-12 10:32:07,468 [Datanode State Machine Thread - 0] INFO  server.XceiverServerGrpc (XceiverServerGrpc.java:start(163)) - XceiverServerGrpc f8fc8350-8b83-4a15-89e6-430db21616f7 is started using port 39315
2019-09-12 10:32:07,838 | INFO  | SCMAudit | user=jenkins1000 | ip=192.168.36.114 | op=SEND_HEARTBEAT {datanodeUUID=22ce2f4b-d517-44cf-8041-712d813e08f3, command=[]} | ret=SUCCESS |  
2019-09-12 10:32:07,838 | INFO  | SCMAudit | user=jenkins1000 | ip=192.168.36.114 | op=SEND_HEARTBEAT {datanodeUUID=5dd0cd62-5770-41dd-9e5a-f3f3eedc40c1, command=[]} | ret=SUCCESS |  
2019-09-12 10:32:07,838 | INFO  | SCMAudit | user=jenkins1000 | ip=192.168.36.114 | op=SEND_HEARTBEAT {datanodeUUID=eaeff1e2-de9c-4510-872d-283eb6c3c330, command=[]} | ret=SUCCESS |  
2019-09-12 10:32:07,838 | INFO  | SCMAudit | user=jenkins1000 | ip=192.168.36.114 | op=SEND_HEARTBEAT {datanodeUUID=d40ec8ee-ac9e-41d6-86bd-e74a05605b85, command=[]} | ret=SUCCESS |  
2019-09-12 10:32:07,838 | INFO  | SCMAudit | user=jenkins1000 | ip=192.168.36.114 | op=SEND_HEARTBEAT {datanodeUUID=f17b4253-95a0-4ee6-8ded-88f070f15b33, command=[]} | ret=SUCCESS |  
2019-09-12 10:32:07,838 | INFO  | SCMAudit | user=jenkins1000 | ip=192.168.36.114 | op=SEND_HEARTBEAT {datanodeUUID=bcda0514-d42e-47ca-96fd-c0a633e872a8, command=[]} | ret=SUCCESS |  
2019-09-12 10:32:07,839 | INFO  | SCMAudit | user=jenkins1000 | ip=192.168.36.114 | op=SEND_HEARTBEAT {datanodeUUID=b6dd7c38-f675-445e-811b-15cf17d56c0a, command=[]} | ret=SUCCESS |  
2019-09-12 10:32:07,839 | INFO  | SCMAudit | user=jenkins1000 | ip=192.168.36.114 | op=SEND_HEARTBEAT {datanodeUUID=1349d5ba-07d4-450a-9218-4f0361201438, command=[]} | ret=SUCCESS |  
2019-09-12 10:32:07,839 | INFO  | SCMAudit | user=jenkins1000 | ip=192.168.36.114 | op=SEND_HEARTBEAT {datanodeUUID=c1e71898-521f-4627-a3f1-9884c4b96ced, command=[]} | ret=SUCCESS |  
2019-09-12 10:32:07,841 | INFO  | SCMAudit | user=jenkins1000 | ip=192.168.36.114 | op=SEND_HEARTBEAT {datanodeUUID=caccd92c-2544-4e02-86cf-95849f240c1b, command=[]} | ret=SUCCESS |  
2019-09-12 10:32:07,934 | INFO  | SCMAudit | user=jenkins1000 | ip=192.168.36.114 | op=SEND_HEARTBEAT {datanodeUUID=c54af6f8-a22e-478f-90e1-029d14059a99, command=[]} | ret=SUCCESS |  
2019-09-12 10:32:07,934 | INFO  | SCMAudit | user=jenkins1000 | ip=192.168.36.114 | op=SEND_HEARTBEAT {datanodeUUID=2d50b591-d6e4-490f-9fa0-973ad5423bd7, command=[]} | ret=SUCCESS |  
2019-09-12 10:32:07,934 | INFO  | SCMAudit | user=jenkins1000 | ip=192.168.36.114 | op=SEND_HEARTBEAT {datanodeUUID=334c5273-7871-4d53-8b37-de05e5a3be10, command=[]} | ret=SUCCESS |  
2019-09-12 10:32:07,934 | INFO  | SCMAudit | user=jenkins1000 | ip=192.168.36.114 | op=SEND_HEARTBEAT {datanodeUUID=ff438662-24cf-49bb-bfc5-3308ec6d286b, command=[]} | ret=SUCCESS |  
2019-09-12 10:32:07,934 | INFO  | SCMAudit | user=jenkins1000 | ip=192.168.36.114 | op=SEND_HEARTBEAT {datanodeUUID=d9d65fd8-d100-497d-8460-9a4cf62b4ad5, command=[]} | ret=SUCCESS |  
2019-09-12 10:32:07,934 | INFO  | SCMAudit | user=jenkins1000 | ip=192.168.36.114 | op=SEND_HEARTBEAT {datanodeUUID=2cb9d557-cb56-4745-8686-5e72b62e748a, command=[]} | ret=SUCCESS |  
2019-09-12 10:32:07,934 | INFO  | SCMAudit | user=jenkins1000 | ip=192.168.36.114 | op=SEND_HEARTBEAT {datanodeUUID=accf000b-d7b7-4fa5-9682-da82c4451e10, command=[]} | ret=SUCCESS |  
2019-09-12 10:32:07,935 | INFO  | SCMAudit | user=jenkins1000 | ip=192.168.36.114 | op=SEND_HEARTBEAT {datanodeUUID=ad8ae342-df06-4311-9d84-524877c98111, command=[]} | ret=SUCCESS |  
2019-09-12 10:32:07,936 | INFO  | SCMAudit | user=jenkins1000 | ip=192.168.36.114 | op=SEND_HEARTBEAT {datanodeUUID=9616c881-dbb1-48da-90dd-a872ed779a2e, command=[]} | ret=SUCCESS |  
2019-09-12 10:32:07,937 | INFO  | SCMAudit | user=jenkins1000 | ip=192.168.36.114 | op=SEND_HEARTBEAT {datanodeUUID=c9031a36-5f7c-4098-8bea-8a46141708a6, command=[]} | ret=SUCCESS |  
2019-09-12 10:32:07,937 | INFO  | SCMAudit | user=jenkins1000 | ip=192.168.36.114 | op=SEND_HEARTBEAT {datanodeUUID=39df7a3f-9691-48d4-a2b1-6888489a5f8a, command=[]} | ret=SUCCESS |  
2019-09-12 10:32:07,972 [main] INFO  ozone.MiniOzoneClusterImpl (MiniOzoneClusterImpl.java:lambda$waitForClusterToBeReady$0(142)) - Waiting for cluster to be ready. Got 2 of 7 DN Heartbeats.
2019-09-12 10:32:07,973 | INFO  | SCMAudit | user=jenkins1000 | ip=192.168.36.114 | op=GET_VERSION null | ret=SUCCESS |  
2019-09-12 10:32:07,987 [Datanode State Machine Thread - 0] INFO  ozoneimpl.OzoneContainer (OzoneContainer.java:start(186)) - Attempting to start container services.
2019-09-12 10:32:07,987 [Datanode State Machine Thread - 0] INFO  ozoneimpl.OzoneContainer (OzoneContainer.java:startContainerScrub(160)) - Background container scrubber has been disabled by hdds.containerscrub.enabled
2019-09-12 10:32:07,988 [Datanode State Machine Thread - 0] INFO  ratis.XceiverServerRatis (XceiverServerRatis.java:start(404)) - Starting XceiverServerRatis 873ff125-9641-4674-9775-ec96c107c12e at port 0
2019-09-12 10:32:07,994 [IPC Server handler 18 on 34994] INFO  net.NetworkTopology (NetworkTopologyImpl.java:add(110)) - Added a new node: /default-rack/edb6c4a3-9bf1-4f2e-8ef0-c37d9a0378de
2019-09-12 10:32:07,994 [RatisPipelineUtilsThread] ERROR pipeline.PipelinePlacementPolicy (PipelinePlacementPolicy.java:meetCriteria(92)) - Pipeline Placement: Doesn't meet the criteria to be viable node. Heaviness: 6
2019-09-12 10:32:07,995 [RatisPipelineUtilsThread] ERROR pipeline.PipelinePlacementPolicy (PipelinePlacementPolicy.java:meetCriteria(92)) - Pipeline Placement: Doesn't meet the criteria to be viable node. Heaviness: 6
2019-09-12 10:32:07,994 [IPC Server handler 18 on 34994] INFO  node.SCMNodeManager (SCMNodeManager.java:register(273)) - Registered Data node : edb6c4a3-9bf1-4f2e-8ef0-c37d9a0378de{ip: 192.168.36.114, host: pr-hdds-1569-58hkm-1881083799, networkLocation: /default-rack, certSerialId: null}
2019-09-12 10:32:07,995 | INFO  | SCMAudit | user=jenkins1000 | ip=192.168.36.114 | op=REGISTER {datanodeDetails=edb6c4a3-9bf1-4f2e-8ef0-c37d9a0378de{ip: 192.168.36.114, host: pr-hdds-1569-58hkm-1881083799, networkLocation: /default-rack, certSerialId: null}} | ret=SUCCESS |  
2019-09-12 10:32:08,012 [grpc-default-executor-1] INFO  impl.RaftServerProxy (RaftServerProxy.java:addNew(89)) - edb6c4a3-9bf1-4f2e-8ef0-c37d9a0378de: addNew group-5178F88A38F2:[edb6c4a3-9bf1-4f2e-8ef0-c37d9a0378de:192.168.36.114:33776] returns group-5178F88A38F2:java.util.concurrent.CompletableFuture@6d19631d[Not completed]
2019-09-12 10:32:08,013 [Datanode State Machine Thread - 0] INFO  impl.RaftServerProxy (RaftServerProxy.java:lambda$start$3(299)) - 873ff125-9641-4674-9775-ec96c107c12e: start RPC server
2019-09-12 10:32:08,014 [Datanode State Machine Thread - 0] INFO  server.GrpcService (GrpcService.java:startImpl(149)) - 873ff125-9641-4674-9775-ec96c107c12e: GrpcService started, listening on 0.0.0.0/0.0.0.0:35238
2019-09-12 10:32:08,014 [Datanode State Machine Thread - 0] INFO  ratis.XceiverServerRatis (XceiverServerRatis.java:start(414)) - XceiverServerRatis 873ff125-9641-4674-9775-ec96c107c12e is started using port 35238
2019-09-12 10:32:08,014 [pool-335-thread-1] INFO  impl.RaftServerImpl (RaftServerImpl.java:<init>(93)) - edb6c4a3-9bf1-4f2e-8ef0-c37d9a0378de: new RaftServerImpl for group-5178F88A38F2:[edb6c4a3-9bf1-4f2e-8ef0-c37d9a0378de:192.168.36.114:33776] with ContainerStateMachine:uninitialized
2019-09-12 10:32:08,014 [pool-335-thread-1] INFO  server.RaftServerConfigKeys (ConfUtils.java:logGet(43)) - raft.server.rpc.timeout.min = 5s (custom)
2019-09-12 10:32:08,014 [Datanode State Machine Thread - 0] INFO  server.XceiverServerGrpc (XceiverServerGrpc.java:start(163)) - XceiverServerGrpc 873ff125-9641-4674-9775-ec96c107c12e is started using port 45228
2019-09-12 10:32:08,014 [pool-335-thread-1] INFO  server.RaftServerConfigKeys (ConfUtils.java:logGet(43)) - raft.server.rpc.timeout.max = 5200ms (custom)
2019-09-12 10:32:08,015 [pool-335-thread-1] INFO  server.RaftServerConfigKeys (ConfUtils.java:logGet(43)) - raft.server.rpcslowness.timeout = 120s (custom)
2019-09-12 10:32:08,015 [pool-335-thread-1] INFO  server.RaftServerConfigKeys (ConfUtils.java:logGet(43)) - raft.server.sleep.deviation.threshold = 300 (default)
2019-09-12 10:32:08,015 [pool-335-thread-1] INFO  server.RaftServerConfigKeys (ConfUtils.java:logGet(43)) - raft.server.log.appender.install.snapshot.enabled = false (custom)
2019-09-12 10:32:08,015 [pool-335-thread-1] INFO  impl.RaftServerImpl (ServerState.java:<init>(105)) - edb6c4a3-9bf1-4f2e-8ef0-c37d9a0378de:group-5178F88A38F2 ConfigurationManager, init=-1: [edb6c4a3-9bf1-4f2e-8ef0-c37d9a0378de:192.168.36.114:33776], old=null, confs=<EMPTY_MAP>
2019-09-12 10:32:08,015 [pool-335-thread-1] INFO  server.RaftServerConfigKeys (ConfUtils.java:logGet(43)) - raft.server.storage.dir = [/workdir/hadoop-ozone/integration-test/target/test-dir/MiniOzoneClusterImpl-39631bd2-f83c-4f24-acb2-4c1b273f2694/datanode-2/data/ratis] (custom)
2019-09-12 10:32:08,016 [pool-335-thread-1] INFO  storage.RaftStorageDirectory (RaftStorageDirectory.java:analyzeStorage(246)) - The storage directory /workdir/hadoop-ozone/integration-test/target/test-dir/MiniOzoneClusterImpl-39631bd2-f83c-4f24-acb2-4c1b273f2694/datanode-2/data/ratis/5b57e973-93bb-4e9d-8e7c-5178f88a38f2 does not exist. Creating ...
2019-09-12 10:32:08,031 [pool-335-thread-1] INFO  storage.RaftStorageDirectory (RaftStorageDirectory.java:tryLock(328)) - Lock on /workdir/hadoop-ozone/integration-test/target/test-dir/MiniOzoneClusterImpl-39631bd2-f83c-4f24-acb2-4c1b273f2694/datanode-2/data/ratis/5b57e973-93bb-4e9d-8e7c-5178f88a38f2/in_use.lock acquired by nodename 1396@pr-hdds-1569-58hkm-1881083799
2019-09-12 10:32:08,044 [pool-335-thread-1] INFO  storage.RaftStorage (RaftStorage.java:format(72)) - Storage directory /workdir/hadoop-ozone/integration-test/target/test-dir/MiniOzoneClusterImpl-39631bd2-f83c-4f24-acb2-4c1b273f2694/datanode-2/data/ratis/5b57e973-93bb-4e9d-8e7c-5178f88a38f2 has been successfully formatted.
2019-09-12 10:32:08,044 [pool-335-thread-1] INFO  ratis.ContainerStateMachine (ContainerStateMachine.java:loadSnapshot(226)) - group-5178F88A38F2: The snapshot info is null. Setting the last applied indexto:(t:0, i:~)
2019-09-12 10:32:08,045 [pool-335-thread-1] INFO  server.RaftServerConfigKeys (ConfUtils.java:logGet(43)) - raft.server.leader.election.timeout = 120s (custom)
2019-09-12 10:32:08,045 [pool-335-thread-1] INFO  server.RaftServerConfigKeys (ConfUtils.java:logGet(43)) - raft.server.log.use.memory = false (default)
2019-09-12 10:32:08,045 [pool-335-thread-1] INFO  server.RaftServerConfigKeys (ConfUtils.java:logGet(43)) - raft.server.log.purge.gap = 1000000 (custom)
2019-09-12 10:32:08,045 [pool-335-thread-1] INFO  server.RaftServerConfigKeys (ConfUtils.java:logGet(43)) - raft.server.log.appender.buffer.byte-limit = 33554432 (custom)
2019-09-12 10:32:08,045 [pool-335-thread-1] INFO  server.RaftServerConfigKeys (ConfUtils.java:logGet(43)) - raft.server.log.segment.size.max = 1048576 (custom)
2019-09-12 10:32:08,045 [pool-335-thread-1] INFO  server.RaftServerConfigKeys (ConfUtils.java:logGet(43)) - raft.server.log.segment.cache.num.max = 2 (custom)
2019-09-12 10:32:08,046 [pool-335-thread-1] INFO  segmented.SegmentedRaftLogWorker (SegmentedRaftLogWorker.java:<init>(172)) - new edb6c4a3-9bf1-4f2e-8ef0-c37d9a0378de-SegmentedRaftLogWorker:Storage Directory /workdir/hadoop-ozone/integration-test/target/test-dir/MiniOzoneClusterImpl-39631bd2-f83c-4f24-acb2-4c1b273f2694/datanode-2/data/ratis/5b57e973-93bb-4e9d-8e7c-5178f88a38f2 for RaftStorage:Storage Directory /workdir/hadoop-ozone/integration-test/target/test-dir/MiniOzoneClusterImpl-39631bd2-f83c-4f24-acb2-4c1b273f2694/datanode-2/data/ratis/5b57e973-93bb-4e9d-8e7c-5178f88a38f2
2019-09-12 10:32:08,046 [pool-335-thread-1] INFO  server.RaftServerConfigKeys (ConfUtils.java:logGet(43)) - raft.server.log.queue.byte-limit = 2147483647 (custom)
2019-09-12 10:32:08,046 [pool-335-thread-1] INFO  server.RaftServerConfigKeys (ConfUtils.java:logGet(43)) - raft.server.log.queue.element-limit = 1024 (custom)
2019-09-12 10:32:08,046 [pool-335-thread-1] INFO  server.RaftServerConfigKeys (ConfUtils.java:logGet(43)) - raft.server.log.segment.size.max = 1048576 (custom)
2019-09-12 10:32:08,046 [pool-335-thread-1] INFO  server.RaftServerConfigKeys (ConfUtils.java:logGet(43)) - raft.server.log.preallocated.size = 16384 (custom)
2019-09-12 10:32:08,047 [pool-335-thread-1] INFO  server.RaftServerConfigKeys (ConfUtils.java:logGet(43)) - raft.server.log.write.buffer.size = 33554432 (custom)
2019-09-12 10:32:08,047 [pool-335-thread-1] INFO  server.RaftServerConfigKeys (ConfUtils.java:logGet(43)) - raft.server.log.force.sync.num = 128 (default)
2019-09-12 10:32:08,047 [pool-335-thread-1] INFO  server.RaftServerConfigKeys (ConfUtils.java:logGet(43)) - raft.server.log.statemachine.data.sync = true (default)
2019-09-12 10:32:08,047 [pool-335-thread-1] INFO  server.RaftServerConfigKeys (ConfUtils.java:logGet(43)) - raft.server.log.statemachine.data.sync.timeout = 10s (default)
2019-09-12 10:32:08,047 [pool-335-thread-1] INFO  server.RaftServerConfigKeys (ConfUtils.java:logGet(43)) - raft.server.log.statemachine.data.sync.timeout.retry = -1 (default)
2019-09-12 10:32:08,048 [pool-335-thread-1] INFO  server.RaftServerConfigKeys (ConfUtils.java:logGet(43)) - raft.server.log.statemachine.data.caching.enabled = true (custom)
2019-09-12 10:32:08,048 [pool-335-thread-1] INFO  segmented.SegmentedRaftLogWorker (SegmentedRaftLogWorker.java:lambda$new$0(132)) - edb6c4a3-9bf1-4f2e-8ef0-c37d9a0378de-SegmentedRaftLogWorker:Storage Directory /workdir/hadoop-ozone/integration-test/target/test-dir/MiniOzoneClusterImpl-39631bd2-f83c-4f24-acb2-4c1b273f2694/datanode-2/data/ratis/5b57e973-93bb-4e9d-8e7c-5178f88a38f2: flushIndex: setUnconditionally 0 -> -1
2019-09-12 10:32:08,048 [pool-335-thread-1] INFO  server.RaftServerConfigKeys (ConfUtils.java:logGet(43)) - raft.server.snapshot.auto.trigger.enabled = true (custom)
2019-09-12 10:32:08,048 [pool-335-thread-1] INFO  server.RaftServerConfigKeys (ConfUtils.java:logGet(43)) - raft.server.snapshot.auto.trigger.threshold = 10000 (custom)
2019-09-12 10:32:08,049 [pool-335-thread-1] INFO  server.RaftServerConfigKeys (ConfUtils.java:logGet(43)) - raft.server.retrycache.expirytime = 600000ms (custom)
2019-09-12 10:32:08,049 [pool-335-thread-1] INFO  impl.RaftServerImpl (RaftServerImpl.java:start(180)) - edb6c4a3-9bf1-4f2e-8ef0-c37d9a0378de: start group-5178F88A38F2
2019-09-12 10:32:08,049 [pool-335-thread-1] INFO  impl.RaftServerImpl (RaftServerImpl.java:setRole(171)) - edb6c4a3-9bf1-4f2e-8ef0-c37d9a0378de:group-5178F88A38F2 changes role from null to FOLLOWER at term 0 for startAsFollower
2019-09-12 10:32:08,049 [pool-335-thread-1] INFO  impl.RoleInfo (RoleInfo.java:updateAndGet(143)) - edb6c4a3-9bf1-4f2e-8ef0-c37d9a0378de: start FollowerState
2019-09-12 10:32:08,049 [pool-335-thread-1] INFO  util.JmxRegister (JmxRegister.java:tryRegister(44)) - Successfully registered JMX Bean with object name Ratis:service=RaftServer,group=group-5178F88A38F2,id=edb6c4a3-9bf1-4f2e-8ef0-c37d9a0378de
2019-09-12 10:32:08,052 [RatisPipelineUtilsThread] INFO  pipeline.PipelineStateManager (PipelineStateManager.java:addPipeline(56)) - Created pipeline Pipeline[ Id: 5b57e973-93bb-4e9d-8e7c-5178f88a38f2, Nodes: edb6c4a3-9bf1-4f2e-8ef0-c37d9a0378de{ip: 192.168.36.114, host: pr-hdds-1569-58hkm-1881083799, networkLocation: /default-rack, certSerialId: null}, Type:RATIS, Factor:ONE, State:OPEN]
2019-09-12 10:32:08,052 [RatisPipelineUtilsThread] ERROR pipeline.PipelinePlacementPolicy (PipelinePlacementPolicy.java:meetCriteria(92)) - Pipeline Placement: Doesn't meet the criteria to be viable node. Heaviness: 6
2019-09-12 10:32:08,052 [RatisPipelineUtilsThread] ERROR pipeline.PipelinePlacementPolicy (PipelinePlacementPolicy.java:meetCriteria(92)) - Pipeline Placement: Doesn't meet the criteria to be viable node. Heaviness: 6
2019-09-12 10:32:08,057 [grpc-default-executor-1] INFO  impl.RaftServerProxy (RaftServerProxy.java:addNew(89)) - edb6c4a3-9bf1-4f2e-8ef0-c37d9a0378de: addNew group-8B9E9E5536EA:[edb6c4a3-9bf1-4f2e-8ef0-c37d9a0378de:192.168.36.114:33776] returns group-8B9E9E5536EA:java.util.concurrent.CompletableFuture@28ec4744[Not completed]
2019-09-12 10:32:08,058 [pool-335-thread-1] INFO  impl.RaftServerImpl (RaftServerImpl.java:<init>(93)) - edb6c4a3-9bf1-4f2e-8ef0-c37d9a0378de: new RaftServerImpl for group-8B9E9E5536EA:[edb6c4a3-9bf1-4f2e-8ef0-c37d9a0378de:192.168.36.114:33776] with ContainerStateMachine:uninitialized
2019-09-12 10:32:08,058 [pool-335-thread-1] INFO  server.RaftServerConfigKeys (ConfUtils.java:logGet(43)) - raft.server.rpc.timeout.min = 5s (custom)
2019-09-12 10:32:08,058 [pool-335-thread-1] INFO  server.RaftServerConfigKeys (ConfUtils.java:logGet(43)) - raft.server.rpc.timeout.max = 5200ms (custom)
2019-09-12 10:32:08,059 [pool-335-thread-1] INFO  server.RaftServerConfigKeys (ConfUtils.java:logGet(43)) - raft.server.rpcslowness.timeout = 120s (custom)
2019-09-12 10:32:08,059 [pool-335-thread-1] INFO  server.RaftServerConfigKeys (ConfUtils.java:logGet(43)) - raft.server.sleep.deviation.threshold = 300 (default)
2019-09-12 10:32:08,059 [pool-335-thread-1] INFO  server.RaftServerConfigKeys (ConfUtils.java:logGet(43)) - raft.server.log.appender.install.snapshot.enabled = false (custom)
2019-09-12 10:32:08,059 [pool-335-thread-1] INFO  impl.RaftServerImpl (ServerState.java:<init>(105)) - edb6c4a3-9bf1-4f2e-8ef0-c37d9a0378de:group-8B9E9E5536EA ConfigurationManager, init=-1: [edb6c4a3-9bf1-4f2e-8ef0-c37d9a0378de:192.168.36.114:33776], old=null, confs=<EMPTY_MAP>
2019-09-12 10:32:08,059 [pool-335-thread-1] INFO  server.RaftServerConfigKeys (ConfUtils.java:logGet(43)) - raft.server.storage.dir = [/workdir/hadoop-ozone/integration-test/target/test-dir/MiniOzoneClusterImpl-39631bd2-f83c-4f24-acb2-4c1b273f2694/datanode-2/data/ratis] (custom)
2019-09-12 10:32:08,059 [pool-335-thread-1] INFO  storage.RaftStorageDirectory (RaftStorageDirectory.java:analyzeStorage(246)) - The storage directory /workdir/hadoop-ozone/integration-test/target/test-dir/MiniOzoneClusterImpl-39631bd2-f83c-4f24-acb2-4c1b273f2694/datanode-2/data/ratis/86471d7c-db36-406d-a1a9-8b9e9e5536ea does not exist. Creating ...
2019-09-12 10:32:08,082 [pool-335-thread-1] INFO  storage.RaftStorageDirectory (RaftStorageDirectory.java:tryLock(328)) - Lock on /workdir/hadoop-ozone/integration-test/target/test-dir/MiniOzoneClusterImpl-39631bd2-f83c-4f24-acb2-4c1b273f2694/datanode-2/data/ratis/86471d7c-db36-406d-a1a9-8b9e9e5536ea/in_use.lock acquired by nodename 1396@pr-hdds-1569-58hkm-1881083799
2019-09-12 10:32:08,095 [pool-335-thread-1] INFO  storage.RaftStorage (RaftStorage.java:format(72)) - Storage directory /workdir/hadoop-ozone/integration-test/target/test-dir/MiniOzoneClusterImpl-39631bd2-f83c-4f24-acb2-4c1b273f2694/datanode-2/data/ratis/86471d7c-db36-406d-a1a9-8b9e9e5536ea has been successfully formatted.
2019-09-12 10:32:08,095 [pool-335-thread-1] INFO  ratis.ContainerStateMachine (ContainerStateMachine.java:loadSnapshot(226)) - group-8B9E9E5536EA: The snapshot info is null. Setting the last applied indexto:(t:0, i:~)
2019-09-12 10:32:08,096 [pool-335-thread-1] INFO  server.RaftServerConfigKeys (ConfUtils.java:logGet(43)) - raft.server.leader.election.timeout = 120s (custom)
2019-09-12 10:32:08,096 [pool-335-thread-1] INFO  server.RaftServerConfigKeys (ConfUtils.java:logGet(43)) - raft.server.log.use.memory = false (default)
2019-09-12 10:32:08,096 [pool-335-thread-1] INFO  server.RaftServerConfigKeys (ConfUtils.java:logGet(43)) - raft.server.log.purge.gap = 1000000 (custom)
2019-09-12 10:32:08,096 [pool-335-thread-1] INFO  server.RaftServerConfigKeys (ConfUtils.java:logGet(43)) - raft.server.log.appender.buffer.byte-limit = 33554432 (custom)
2019-09-12 10:32:08,096 [pool-335-thread-1] INFO  server.RaftServerConfigKeys (ConfUtils.java:logGet(43)) - raft.server.log.segment.size.max = 1048576 (custom)
2019-09-12 10:32:08,096 [pool-335-thread-1] INFO  server.RaftServerConfigKeys (ConfUtils.java:logGet(43)) - raft.server.log.segment.cache.num.max = 2 (custom)
2019-09-12 10:32:08,096 [pool-335-thread-1] INFO  segmented.SegmentedRaftLogWorker (SegmentedRaftLogWorker.java:<init>(172)) - new edb6c4a3-9bf1-4f2e-8ef0-c37d9a0378de-SegmentedRaftLogWorker:Storage Directory /workdir/hadoop-ozone/integration-test/target/test-dir/MiniOzoneClusterImpl-39631bd2-f83c-4f24-acb2-4c1b273f2694/datanode-2/data/ratis/86471d7c-db36-406d-a1a9-8b9e9e5536ea for RaftStorage:Storage Directory /workdir/hadoop-ozone/integration-test/target/test-dir/MiniOzoneClusterImpl-39631bd2-f83c-4f24-acb2-4c1b273f2694/datanode-2/data/ratis/86471d7c-db36-406d-a1a9-8b9e9e5536ea
2019-09-12 10:32:08,096 [pool-335-thread-1] INFO  server.RaftServerConfigKeys (ConfUtils.java:logGet(43)) - raft.server.log.queue.byte-limit = 2147483647 (custom)
2019-09-12 10:32:08,096 [pool-335-thread-1] INFO  server.RaftServerConfigKeys (ConfUtils.java:logGet(43)) - raft.server.log.queue.element-limit = 1024 (custom)
2019-09-12 10:32:08,096 [pool-335-thread-1] INFO  server.RaftServerConfigKeys (ConfUtils.java:logGet(43)) - raft.server.log.segment.size.max = 1048576 (custom)
2019-09-12 10:32:08,097 [pool-335-thread-1] INFO  server.RaftServerConfigKeys (ConfUtils.java:logGet(43)) - raft.server.log.preallocated.size = 16384 (custom)
2019-09-12 10:32:08,097 [pool-335-thread-1] INFO  server.RaftServerConfigKeys (ConfUtils.java:logGet(43)) - raft.server.log.write.buffer.size = 33554432 (custom)
2019-09-12 10:32:08,097 [pool-335-thread-1] INFO  server.RaftServerConfigKeys (ConfUtils.java:logGet(43)) - raft.server.log.force.sync.num = 128 (default)
2019-09-12 10:32:08,097 [pool-335-thread-1] INFO  server.RaftServerConfigKeys (ConfUtils.java:logGet(43)) - raft.server.log.statemachine.data.sync = true (default)
2019-09-12 10:32:08,097 [pool-335-thread-1] INFO  server.RaftServerConfigKeys (ConfUtils.java:logGet(43)) - raft.server.log.statemachine.data.sync.timeout = 10s (default)
2019-09-12 10:32:08,097 [pool-335-thread-1] INFO  server.RaftServerConfigKeys (ConfUtils.java:logGet(43)) - raft.server.log.statemachine.data.sync.timeout.retry = -1 (default)
2019-09-12 10:32:08,097 [pool-335-thread-1] INFO  server.RaftServerConfigKeys (ConfUtils.java:logGet(43)) - raft.server.log.statemachine.data.caching.enabled = true (custom)
2019-09-12 10:32:08,097 [pool-335-thread-1] INFO  segmented.SegmentedRaftLogWorker (SegmentedRaftLogWorker.java:lambda$new$0(132)) - edb6c4a3-9bf1-4f2e-8ef0-c37d9a0378de-SegmentedRaftLogWorker:Storage Directory /workdir/hadoop-ozone/integration-test/target/test-dir/MiniOzoneClusterImpl-39631bd2-f83c-4f24-acb2-4c1b273f2694/datanode-2/data/ratis/86471d7c-db36-406d-a1a9-8b9e9e5536ea: flushIndex: setUnconditionally 0 -> -1
2019-09-12 10:32:08,098 [pool-335-thread-1] INFO  server.RaftServerConfigKeys (ConfUtils.java:logGet(43)) - raft.server.snapshot.auto.trigger.enabled = true (custom)
2019-09-12 10:32:08,098 [pool-335-thread-1] INFO  server.RaftServerConfigKeys (ConfUtils.java:logGet(43)) - raft.server.snapshot.auto.trigger.threshold = 10000 (custom)
2019-09-12 10:32:08,098 [pool-335-thread-1] INFO  server.RaftServerConfigKeys (ConfUtils.java:logGet(43)) - raft.server.retrycache.expirytime = 600000ms (custom)
2019-09-12 10:32:08,098 [pool-335-thread-1] INFO  impl.RaftServerImpl (RaftServerImpl.java:start(180)) - edb6c4a3-9bf1-4f2e-8ef0-c37d9a0378de: start group-8B9E9E5536EA
2019-09-12 10:32:08,098 [pool-335-thread-1] INFO  impl.RaftServerImpl (RaftServerImpl.java:setRole(171)) - edb6c4a3-9bf1-4f2e-8ef0-c37d9a0378de:group-8B9E9E5536EA changes role from null to FOLLOWER at term 0 for startAsFollower
2019-09-12 10:32:08,098 [pool-335-thread-1] INFO  impl.RoleInfo (RoleInfo.java:updateAndGet(143)) - edb6c4a3-9bf1-4f2e-8ef0-c37d9a0378de: start FollowerState
2019-09-12 10:32:08,099 [pool-335-thread-1] INFO  util.JmxRegister (JmxRegister.java:tryRegister(44)) - Successfully registered JMX Bean with object name Ratis:service=RaftServer,group=group-8B9E9E5536EA,id=edb6c4a3-9bf1-4f2e-8ef0-c37d9a0378de
2019-09-12 10:32:08,101 [RatisPipelineUtilsThread] INFO  pipeline.PipelineStateManager (PipelineStateManager.java:addPipeline(56)) - Created pipeline Pipeline[ Id: 86471d7c-db36-406d-a1a9-8b9e9e5536ea, Nodes: edb6c4a3-9bf1-4f2e-8ef0-c37d9a0378de{ip: 192.168.36.114, host: pr-hdds-1569-58hkm-1881083799, networkLocation: /default-rack, certSerialId: null}, Type:RATIS, Factor:ONE, State:OPEN]
2019-09-12 10:32:08,101 [RatisPipelineUtilsThread] ERROR pipeline.PipelinePlacementPolicy (PipelinePlacementPolicy.java:meetCriteria(92)) - Pipeline Placement: Doesn't meet the criteria to be viable node. Heaviness: 6
2019-09-12 10:32:08,101 [RatisPipelineUtilsThread] ERROR pipeline.PipelinePlacementPolicy (PipelinePlacementPolicy.java:meetCriteria(92)) - Pipeline Placement: Doesn't meet the criteria to be viable node. Heaviness: 6
2019-09-12 10:32:08,106 [grpc-default-executor-1] INFO  impl.RaftServerProxy (RaftServerProxy.java:addNew(89)) - edb6c4a3-9bf1-4f2e-8ef0-c37d9a0378de: addNew group-2213AA8565FB:[edb6c4a3-9bf1-4f2e-8ef0-c37d9a0378de:192.168.36.114:33776] returns group-2213AA8565FB:java.util.concurrent.CompletableFuture@3c1e6909[Not completed]
2019-09-12 10:32:08,107 [pool-335-thread-1] INFO  impl.RaftServerImpl (RaftServerImpl.java:<init>(93)) - edb6c4a3-9bf1-4f2e-8ef0-c37d9a0378de: new RaftServerImpl for group-2213AA8565FB:[edb6c4a3-9bf1-4f2e-8ef0-c37d9a0378de:192.168.36.114:33776] with ContainerStateMachine:uninitialized
2019-09-12 10:32:08,107 [pool-335-thread-1] INFO  server.RaftServerConfigKeys (ConfUtils.java:logGet(43)) - raft.server.rpc.timeout.min = 5s (custom)
2019-09-12 10:32:08,107 [pool-335-thread-1] INFO  server.RaftServerConfigKeys (ConfUtils.java:logGet(43)) - raft.server.rpc.timeout.max = 5200ms (custom)
2019-09-12 10:32:08,107 [pool-335-thread-1] INFO  server.RaftServerConfigKeys (ConfUtils.java:logGet(43)) - raft.server.rpcslowness.timeout = 120s (custom)
2019-09-12 10:32:08,107 [pool-335-thread-1] INFO  server.RaftServerConfigKeys (ConfUtils.java:logGet(43)) - raft.server.sleep.deviation.threshold = 300 (default)
2019-09-12 10:32:08,108 [pool-335-thread-1] INFO  server.RaftServerConfigKeys (ConfUtils.java:logGet(43)) - raft.server.log.appender.install.snapshot.enabled = false (custom)
2019-09-12 10:32:08,108 [pool-335-thread-1] INFO  impl.RaftServerImpl (ServerState.java:<init>(105)) - edb6c4a3-9bf1-4f2e-8ef0-c37d9a0378de:group-2213AA8565FB ConfigurationManager, init=-1: [edb6c4a3-9bf1-4f2e-8ef0-c37d9a0378de:192.168.36.114:33776], old=null, confs=<EMPTY_MAP>
2019-09-12 10:32:08,108 [pool-335-thread-1] INFO  server.RaftServerConfigKeys (ConfUtils.java:logGet(43)) - raft.server.storage.dir = [/workdir/hadoop-ozone/integration-test/target/test-dir/MiniOzoneClusterImpl-39631bd2-f83c-4f24-acb2-4c1b273f2694/datanode-2/data/ratis] (custom)
2019-09-12 10:32:08,108 [pool-335-thread-1] INFO  storage.RaftStorageDirectory (RaftStorageDirectory.java:analyzeStorage(246)) - The storage directory /workdir/hadoop-ozone/integration-test/target/test-dir/MiniOzoneClusterImpl-39631bd2-f83c-4f24-acb2-4c1b273f2694/datanode-2/data/ratis/5a3286c1-d548-4b5c-b995-2213aa8565fb does not exist. Creating ...
2019-09-12 10:32:08,121 [pool-335-thread-1] INFO  storage.RaftStorageDirectory (RaftStorageDirectory.java:tryLock(328)) - Lock on /workdir/hadoop-ozone/integration-test/target/test-dir/MiniOzoneClusterImpl-39631bd2-f83c-4f24-acb2-4c1b273f2694/datanode-2/data/ratis/5a3286c1-d548-4b5c-b995-2213aa8565fb/in_use.lock acquired by nodename 1396@pr-hdds-1569-58hkm-1881083799
2019-09-12 10:32:08,133 [pool-335-thread-1] INFO  storage.RaftStorage (RaftStorage.java:format(72)) - Storage directory /workdir/hadoop-ozone/integration-test/target/test-dir/MiniOzoneClusterImpl-39631bd2-f83c-4f24-acb2-4c1b273f2694/datanode-2/data/ratis/5a3286c1-d548-4b5c-b995-2213aa8565fb has been successfully formatted.
2019-09-12 10:32:08,133 [pool-335-thread-1] INFO  ratis.ContainerStateMachine (ContainerStateMachine.java:loadSnapshot(226)) - group-2213AA8565FB: The snapshot info is null. Setting the last applied indexto:(t:0, i:~)
2019-09-12 10:32:08,133 [pool-335-thread-1] INFO  server.RaftServerConfigKeys (ConfUtils.java:logGet(43)) - raft.server.leader.election.timeout = 120s (custom)
2019-09-12 10:32:08,134 [pool-335-thread-1] INFO  server.RaftServerConfigKeys (ConfUtils.java:logGet(43)) - raft.server.log.use.memory = false (default)
2019-09-12 10:32:08,134 [pool-335-thread-1] INFO  server.RaftServerConfigKeys (ConfUtils.java:logGet(43)) - raft.server.log.purge.gap = 1000000 (custom)
2019-09-12 10:32:08,134 [pool-335-thread-1] INFO  server.RaftServerConfigKeys (ConfUtils.java:logGet(43)) - raft.server.log.appender.buffer.byte-limit = 33554432 (custom)
2019-09-12 10:32:08,134 [pool-335-thread-1] INFO  server.RaftServerConfigKeys (ConfUtils.java:logGet(43)) - raft.server.log.segment.size.max = 1048576 (custom)
2019-09-12 10:32:08,134 [pool-335-thread-1] INFO  server.RaftServerConfigKeys (ConfUtils.java:logGet(43)) - raft.server.log.segment.cache.num.max = 2 (custom)
2019-09-12 10:32:08,134 [pool-335-thread-1] INFO  segmented.SegmentedRaftLogWorker (SegmentedRaftLogWorker.java:<init>(172)) - new edb6c4a3-9bf1-4f2e-8ef0-c37d9a0378de-SegmentedRaftLogWorker:Storage Directory /workdir/hadoop-ozone/integration-test/target/test-dir/MiniOzoneClusterImpl-39631bd2-f83c-4f24-acb2-4c1b273f2694/datanode-2/data/ratis/5a3286c1-d548-4b5c-b995-2213aa8565fb for RaftStorage:Storage Directory /workdir/hadoop-ozone/integration-test/target/test-dir/MiniOzoneClusterImpl-39631bd2-f83c-4f24-acb2-4c1b273f2694/datanode-2/data/ratis/5a3286c1-d548-4b5c-b995-2213aa8565fb
2019-09-12 10:32:08,134 [pool-335-thread-1] INFO  server.RaftServerConfigKeys (ConfUtils.java:logGet(43)) - raft.server.log.queue.byte-limit = 2147483647 (custom)
2019-09-12 10:32:08,134 [pool-335-thread-1] INFO  server.RaftServerConfigKeys (ConfUtils.java:logGet(43)) - raft.server.log.queue.element-limit = 1024 (custom)
2019-09-12 10:32:08,134 [pool-335-thread-1] INFO  server.RaftServerConfigKeys (ConfUtils.java:logGet(43)) - raft.server.log.segment.size.max = 1048576 (custom)
2019-09-12 10:32:08,135 [pool-335-thread-1] INFO  server.RaftServerConfigKeys (ConfUtils.java:logGet(43)) - raft.server.log.preallocated.size = 16384 (custom)
2019-09-12 10:32:08,135 [pool-335-thread-1] INFO  server.RaftServerConfigKeys (ConfUtils.java:logGet(43)) - raft.server.log.write.buffer.size = 33554432 (custom)
2019-09-12 10:32:08,135 [pool-335-thread-1] INFO  server.RaftServerConfigKeys (ConfUtils.java:logGet(43)) - raft.server.log.force.sync.num = 128 (default)
2019-09-12 10:32:08,135 [pool-335-thread-1] INFO  server.RaftServerConfigKeys (ConfUtils.java:logGet(43)) - raft.server.log.statemachine.data.sync = true (default)
2019-09-12 10:32:08,135 [pool-335-thread-1] INFO  server.RaftServerConfigKeys (ConfUtils.java:logGet(43)) - raft.server.log.statemachine.data.sync.timeout = 10s (default)
2019-09-12 10:32:08,135 [pool-335-thread-1] INFO  server.RaftServerConfigKeys (ConfUtils.java:logGet(43)) - raft.server.log.statemachine.data.sync.timeout.retry = -1 (default)
2019-09-12 10:32:08,135 [pool-335-thread-1] INFO  server.RaftServerConfigKeys (ConfUtils.java:logGet(43)) - raft.server.log.statemachine.data.caching.enabled = true (custom)
2019-09-12 10:32:08,135 [pool-335-thread-1] INFO  segmented.SegmentedRaftLogWorker (SegmentedRaftLogWorker.java:lambda$new$0(132)) - edb6c4a3-9bf1-4f2e-8ef0-c37d9a0378de-SegmentedRaftLogWorker:Storage Directory /workdir/hadoop-ozone/integration-test/target/test-dir/MiniOzoneClusterImpl-39631bd2-f83c-4f24-acb2-4c1b273f2694/datanode-2/data/ratis/5a3286c1-d548-4b5c-b995-2213aa8565fb: flushIndex: setUnconditionally 0 -> -1
2019-09-12 10:32:08,136 [pool-335-thread-1] INFO  server.RaftServerConfigKeys (ConfUtils.java:logGet(43)) - raft.server.snapshot.auto.trigger.enabled = true (custom)
2019-09-12 10:32:08,136 [pool-335-thread-1] INFO  server.RaftServerConfigKeys (ConfUtils.java:logGet(43)) - raft.server.snapshot.auto.trigger.threshold = 10000 (custom)
2019-09-12 10:32:08,136 [pool-335-thread-1] INFO  server.RaftServerConfigKeys (ConfUtils.java:logGet(43)) - raft.server.retrycache.expirytime = 600000ms (custom)
2019-09-12 10:32:08,136 [pool-335-thread-1] INFO  impl.RaftServerImpl (RaftServerImpl.java:start(180)) - edb6c4a3-9bf1-4f2e-8ef0-c37d9a0378de: start group-2213AA8565FB
2019-09-12 10:32:08,136 [pool-335-thread-1] INFO  impl.RaftServerImpl (RaftServerImpl.java:setRole(171)) - edb6c4a3-9bf1-4f2e-8ef0-c37d9a0378de:group-2213AA8565FB changes role from null to FOLLOWER at term 0 for startAsFollower
2019-09-12 10:32:08,136 [pool-335-thread-1] INFO  impl.RoleInfo (RoleInfo.java:updateAndGet(143)) - edb6c4a3-9bf1-4f2e-8ef0-c37d9a0378de: start FollowerState
2019-09-12 10:32:08,137 [pool-335-thread-1] INFO  util.JmxRegister (JmxRegister.java:tryRegister(44)) - Successfully registered JMX Bean with object name Ratis:service=RaftServer,group=group-2213AA8565FB,id=edb6c4a3-9bf1-4f2e-8ef0-c37d9a0378de
2019-09-12 10:32:08,138 [RatisPipelineUtilsThread] INFO  pipeline.PipelineStateManager (PipelineStateManager.java:addPipeline(56)) - Created pipeline Pipeline[ Id: 5a3286c1-d548-4b5c-b995-2213aa8565fb, Nodes: edb6c4a3-9bf1-4f2e-8ef0-c37d9a0378de{ip: 192.168.36.114, host: pr-hdds-1569-58hkm-1881083799, networkLocation: /default-rack, certSerialId: null}, Type:RATIS, Factor:ONE, State:OPEN]
2019-09-12 10:32:08,139 [RatisPipelineUtilsThread] ERROR pipeline.PipelinePlacementPolicy (PipelinePlacementPolicy.java:meetCriteria(92)) - Pipeline Placement: Doesn't meet the criteria to be viable node. Heaviness: 6
2019-09-12 10:32:08,139 [RatisPipelineUtilsThread] ERROR pipeline.PipelinePlacementPolicy (PipelinePlacementPolicy.java:meetCriteria(92)) - Pipeline Placement: Doesn't meet the criteria to be viable node. Heaviness: 6
2019-09-12 10:32:08,144 [grpc-default-executor-1] INFO  impl.RaftServerProxy (RaftServerProxy.java:addNew(89)) - edb6c4a3-9bf1-4f2e-8ef0-c37d9a0378de: addNew group-4CB134825892:[edb6c4a3-9bf1-4f2e-8ef0-c37d9a0378de:192.168.36.114:33776] returns group-4CB134825892:java.util.concurrent.CompletableFuture@76b5ebf7[Not completed]
2019-09-12 10:32:08,144 [pool-335-thread-1] INFO  impl.RaftServerImpl (RaftServerImpl.java:<init>(93)) - edb6c4a3-9bf1-4f2e-8ef0-c37d9a0378de: new RaftServerImpl for group-4CB134825892:[edb6c4a3-9bf1-4f2e-8ef0-c37d9a0378de:192.168.36.114:33776] with ContainerStateMachine:uninitialized
2019-09-12 10:32:08,145 [pool-335-thread-1] INFO  server.RaftServerConfigKeys (ConfUtils.java:logGet(43)) - raft.server.rpc.timeout.min = 5s (custom)
2019-09-12 10:32:08,145 [pool-335-thread-1] INFO  server.RaftServerConfigKeys (ConfUtils.java:logGet(43)) - raft.server.rpc.timeout.max = 5200ms (custom)
2019-09-12 10:32:08,145 [pool-335-thread-1] INFO  server.RaftServerConfigKeys (ConfUtils.java:logGet(43)) - raft.server.rpcslowness.timeout = 120s (custom)
2019-09-12 10:32:08,145 [pool-335-thread-1] INFO  server.RaftServerConfigKeys (ConfUtils.java:logGet(43)) - raft.server.sleep.deviation.threshold = 300 (default)
2019-09-12 10:32:08,145 [pool-335-thread-1] INFO  server.RaftServerConfigKeys (ConfUtils.java:logGet(43)) - raft.server.log.appender.install.snapshot.enabled = false (custom)
2019-09-12 10:32:08,145 [pool-335-thread-1] INFO  impl.RaftServerImpl (ServerState.java:<init>(105)) - edb6c4a3-9bf1-4f2e-8ef0-c37d9a0378de:group-4CB134825892 ConfigurationManager, init=-1: [edb6c4a3-9bf1-4f2e-8ef0-c37d9a0378de:192.168.36.114:33776], old=null, confs=<EMPTY_MAP>
2019-09-12 10:32:08,145 [pool-335-thread-1] INFO  server.RaftServerConfigKeys (ConfUtils.java:logGet(43)) - raft.server.storage.dir = [/workdir/hadoop-ozone/integration-test/target/test-dir/MiniOzoneClusterImpl-39631bd2-f83c-4f24-acb2-4c1b273f2694/datanode-2/data/ratis] (custom)
2019-09-12 10:32:08,146 [pool-335-thread-1] INFO  storage.RaftStorageDirectory (RaftStorageDirectory.java:analyzeStorage(246)) - The storage directory /workdir/hadoop-ozone/integration-test/target/test-dir/MiniOzoneClusterImpl-39631bd2-f83c-4f24-acb2-4c1b273f2694/datanode-2/data/ratis/1d322739-92fe-4999-94ea-4cb134825892 does not exist. Creating ...
2019-09-12 10:32:08,158 [pool-335-thread-1] INFO  storage.RaftStorageDirectory (RaftStorageDirectory.java:tryLock(328)) - Lock on /workdir/hadoop-ozone/integration-test/target/test-dir/MiniOzoneClusterImpl-39631bd2-f83c-4f24-acb2-4c1b273f2694/datanode-2/data/ratis/1d322739-92fe-4999-94ea-4cb134825892/in_use.lock acquired by nodename 1396@pr-hdds-1569-58hkm-1881083799
2019-09-12 10:32:08,171 [pool-335-thread-1] INFO  storage.RaftStorage (RaftStorage.java:format(72)) - Storage directory /workdir/hadoop-ozone/integration-test/target/test-dir/MiniOzoneClusterImpl-39631bd2-f83c-4f24-acb2-4c1b273f2694/datanode-2/data/ratis/1d322739-92fe-4999-94ea-4cb134825892 has been successfully formatted.
2019-09-12 10:32:08,171 [pool-335-thread-1] INFO  ratis.ContainerStateMachine (ContainerStateMachine.java:loadSnapshot(226)) - group-4CB134825892: The snapshot info is null. Setting the last applied indexto:(t:0, i:~)
2019-09-12 10:32:08,171 [pool-335-thread-1] INFO  server.RaftServerConfigKeys (ConfUtils.java:logGet(43)) - raft.server.leader.election.timeout = 120s (custom)
2019-09-12 10:32:08,171 [pool-335-thread-1] INFO  server.RaftServerConfigKeys (ConfUtils.java:logGet(43)) - raft.server.log.use.memory = false (default)
2019-09-12 10:32:08,171 [pool-335-thread-1] INFO  server.RaftServerConfigKeys (ConfUtils.java:logGet(43)) - raft.server.log.purge.gap = 1000000 (custom)
2019-09-12 10:32:08,172 [pool-335-thread-1] INFO  server.RaftServerConfigKeys (ConfUtils.java:logGet(43)) - raft.server.log.appender.buffer.byte-limit = 33554432 (custom)
2019-09-12 10:32:08,172 [pool-335-thread-1] INFO  server.RaftServerConfigKeys (ConfUtils.java:logGet(43)) - raft.server.log.segment.size.max = 1048576 (custom)
2019-09-12 10:32:08,172 [pool-335-thread-1] INFO  server.RaftServerConfigKeys (ConfUtils.java:logGet(43)) - raft.server.log.segment.cache.num.max = 2 (custom)
2019-09-12 10:32:08,172 [pool-335-thread-1] INFO  segmented.SegmentedRaftLogWorker (SegmentedRaftLogWorker.java:<init>(172)) - new edb6c4a3-9bf1-4f2e-8ef0-c37d9a0378de-SegmentedRaftLogWorker:Storage Directory /workdir/hadoop-ozone/integration-test/target/test-dir/MiniOzoneClusterImpl-39631bd2-f83c-4f24-acb2-4c1b273f2694/datanode-2/data/ratis/1d322739-92fe-4999-94ea-4cb134825892 for RaftStorage:Storage Directory /workdir/hadoop-ozone/integration-test/target/test-dir/MiniOzoneClusterImpl-39631bd2-f83c-4f24-acb2-4c1b273f2694/datanode-2/data/ratis/1d322739-92fe-4999-94ea-4cb134825892
2019-09-12 10:32:08,172 [pool-335-thread-1] INFO  server.RaftServerConfigKeys (ConfUtils.java:logGet(43)) - raft.server.log.queue.byte-limit = 2147483647 (custom)
2019-09-12 10:32:08,172 [pool-335-thread-1] INFO  server.RaftServerConfigKeys (ConfUtils.java:logGet(43)) - raft.server.log.queue.element-limit = 1024 (custom)
2019-09-12 10:32:08,172 [pool-335-thread-1] INFO  server.RaftServerConfigKeys (ConfUtils.java:logGet(43)) - raft.server.log.segment.size.max = 1048576 (custom)
2019-09-12 10:32:08,172 [pool-335-thread-1] INFO  server.RaftServerConfigKeys (ConfUtils.java:logGet(43)) - raft.server.log.preallocated.size = 16384 (custom)
2019-09-12 10:32:08,172 [pool-335-thread-1] INFO  server.RaftServerConfigKeys (ConfUtils.java:logGet(43)) - raft.server.log.write.buffer.size = 33554432 (custom)
2019-09-12 10:32:08,172 [pool-335-thread-1] INFO  server.RaftServerConfigKeys (ConfUtils.java:logGet(43)) - raft.server.log.force.sync.num = 128 (default)
2019-09-12 10:32:08,173 [pool-335-thread-1] INFO  server.RaftServerConfigKeys (ConfUtils.java:logGet(43)) - raft.server.log.statemachine.data.sync = true (default)
2019-09-12 10:32:08,173 [pool-335-thread-1] INFO  server.RaftServerConfigKeys (ConfUtils.java:logGet(43)) - raft.server.log.statemachine.data.sync.timeout = 10s (default)
2019-09-12 10:32:08,173 [pool-335-thread-1] INFO  server.RaftServerConfigKeys (ConfUtils.java:logGet(43)) - raft.server.log.statemachine.data.sync.timeout.retry = -1 (default)
2019-09-12 10:32:08,173 [pool-335-thread-1] INFO  server.RaftServerConfigKeys (ConfUtils.java:logGet(43)) - raft.server.log.statemachine.data.caching.enabled = true (custom)
2019-09-12 10:32:08,173 [pool-335-thread-1] INFO  segmented.SegmentedRaftLogWorker (SegmentedRaftLogWorker.java:lambda$new$0(132)) - edb6c4a3-9bf1-4f2e-8ef0-c37d9a0378de-SegmentedRaftLogWorker:Storage Directory /workdir/hadoop-ozone/integration-test/target/test-dir/MiniOzoneClusterImpl-39631bd2-f83c-4f24-acb2-4c1b273f2694/datanode-2/data/ratis/1d322739-92fe-4999-94ea-4cb134825892: flushIndex: setUnconditionally 0 -> -1
2019-09-12 10:32:08,173 [pool-335-thread-1] INFO  server.RaftServerConfigKeys (ConfUtils.java:logGet(43)) - raft.server.snapshot.auto.trigger.enabled = true (custom)
2019-09-12 10:32:08,173 [pool-335-thread-1] INFO  server.RaftServerConfigKeys (ConfUtils.java:logGet(43)) - raft.server.snapshot.auto.trigger.threshold = 10000 (custom)
2019-09-12 10:32:08,174 [pool-335-thread-1] INFO  server.RaftServerConfigKeys (ConfUtils.java:logGet(43)) - raft.server.retrycache.expirytime = 600000ms (custom)
2019-09-12 10:32:08,174 [pool-335-thread-1] INFO  impl.RaftServerImpl (RaftServerImpl.java:start(180)) - edb6c4a3-9bf1-4f2e-8ef0-c37d9a0378de: start group-4CB134825892
2019-09-12 10:32:08,174 [pool-335-thread-1] INFO  impl.RaftServerImpl (RaftServerImpl.java:setRole(171)) - edb6c4a3-9bf1-4f2e-8ef0-c37d9a0378de:group-4CB134825892 changes role from null to FOLLOWER at term 0 for startAsFollower
2019-09-12 10:32:08,174 [pool-335-thread-1] INFO  impl.RoleInfo (RoleInfo.java:updateAndGet(143)) - edb6c4a3-9bf1-4f2e-8ef0-c37d9a0378de: start FollowerState
2019-09-12 10:32:08,174 [pool-335-thread-1] INFO  util.JmxRegister (JmxRegister.java:tryRegister(44)) - Successfully registered JMX Bean with object name Ratis:service=RaftServer,group=group-4CB134825892,id=edb6c4a3-9bf1-4f2e-8ef0-c37d9a0378de
2019-09-12 10:32:08,177 [RatisPipelineUtilsThread] INFO  pipeline.PipelineStateManager (PipelineStateManager.java:addPipeline(56)) - Created pipeline Pipeline[ Id: 1d322739-92fe-4999-94ea-4cb134825892, Nodes: edb6c4a3-9bf1-4f2e-8ef0-c37d9a0378de{ip: 192.168.36.114, host: pr-hdds-1569-58hkm-1881083799, networkLocation: /default-rack, certSerialId: null}, Type:RATIS, Factor:ONE, State:OPEN]
2019-09-12 10:32:08,177 [RatisPipelineUtilsThread] ERROR pipeline.PipelinePlacementPolicy (PipelinePlacementPolicy.java:meetCriteria(92)) - Pipeline Placement: Doesn't meet the criteria to be viable node. Heaviness: 6
2019-09-12 10:32:08,177 [RatisPipelineUtilsThread] ERROR pipeline.PipelinePlacementPolicy (PipelinePlacementPolicy.java:meetCriteria(92)) - Pipeline Placement: Doesn't meet the criteria to be viable node. Heaviness: 6
2019-09-12 10:32:08,182 [grpc-default-executor-1] INFO  impl.RaftServerProxy (RaftServerProxy.java:addNew(89)) - edb6c4a3-9bf1-4f2e-8ef0-c37d9a0378de: addNew group-9A2FF8B7B8DF:[edb6c4a3-9bf1-4f2e-8ef0-c37d9a0378de:192.168.36.114:33776] returns group-9A2FF8B7B8DF:java.util.concurrent.CompletableFuture@6c46198a[Not completed]
2019-09-12 10:32:08,182 [pool-335-thread-1] INFO  impl.RaftServerImpl (RaftServerImpl.java:<init>(93)) - edb6c4a3-9bf1-4f2e-8ef0-c37d9a0378de: new RaftServerImpl for group-9A2FF8B7B8DF:[edb6c4a3-9bf1-4f2e-8ef0-c37d9a0378de:192.168.36.114:33776] with ContainerStateMachine:uninitialized
2019-09-12 10:32:08,183 [pool-335-thread-1] INFO  server.RaftServerConfigKeys (ConfUtils.java:logGet(43)) - raft.server.rpc.timeout.min = 5s (custom)
2019-09-12 10:32:08,183 [pool-335-thread-1] INFO  server.RaftServerConfigKeys (ConfUtils.java:logGet(43)) - raft.server.rpc.timeout.max = 5200ms (custom)
2019-09-12 10:32:08,183 [pool-335-thread-1] INFO  server.RaftServerConfigKeys (ConfUtils.java:logGet(43)) - raft.server.rpcslowness.timeout = 120s (custom)
2019-09-12 10:32:08,183 [pool-335-thread-1] INFO  server.RaftServerConfigKeys (ConfUtils.java:logGet(43)) - raft.server.sleep.deviation.threshold = 300 (default)
2019-09-12 10:32:08,183 [pool-335-thread-1] INFO  server.RaftServerConfigKeys (ConfUtils.java:logGet(43)) - raft.server.log.appender.install.snapshot.enabled = false (custom)
2019-09-12 10:32:08,183 [pool-335-thread-1] INFO  impl.RaftServerImpl (ServerState.java:<init>(105)) - edb6c4a3-9bf1-4f2e-8ef0-c37d9a0378de:group-9A2FF8B7B8DF ConfigurationManager, init=-1: [edb6c4a3-9bf1-4f2e-8ef0-c37d9a0378de:192.168.36.114:33776], old=null, confs=<EMPTY_MAP>
2019-09-12 10:32:08,183 [pool-335-thread-1] INFO  server.RaftServerConfigKeys (ConfUtils.java:logGet(43)) - raft.server.storage.dir = [/workdir/hadoop-ozone/integration-test/target/test-dir/MiniOzoneClusterImpl-39631bd2-f83c-4f24-acb2-4c1b273f2694/datanode-2/data/ratis] (custom)
2019-09-12 10:32:08,183 [pool-335-thread-1] INFO  storage.RaftStorageDirectory (RaftStorageDirectory.java:analyzeStorage(246)) - The storage directory /workdir/hadoop-ozone/integration-test/target/test-dir/MiniOzoneClusterImpl-39631bd2-f83c-4f24-acb2-4c1b273f2694/datanode-2/data/ratis/3b1197c4-7821-4e85-90c0-9a2ff8b7b8df does not exist. Creating ...
2019-09-12 10:32:08,196 [pool-335-thread-1] INFO  storage.RaftStorageDirectory (RaftStorageDirectory.java:tryLock(328)) - Lock on /workdir/hadoop-ozone/integration-test/target/test-dir/MiniOzoneClusterImpl-39631bd2-f83c-4f24-acb2-4c1b273f2694/datanode-2/data/ratis/3b1197c4-7821-4e85-90c0-9a2ff8b7b8df/in_use.lock acquired by nodename 1396@pr-hdds-1569-58hkm-1881083799
2019-09-12 10:32:08,199 [pool-335-thread-1] INFO  storage.RaftStorage (RaftStorage.java:format(72)) - Storage directory /workdir/hadoop-ozone/integration-test/target/test-dir/MiniOzoneClusterImpl-39631bd2-f83c-4f24-acb2-4c1b273f2694/datanode-2/data/ratis/3b1197c4-7821-4e85-90c0-9a2ff8b7b8df has been successfully formatted.
2019-09-12 10:32:08,199 [pool-335-thread-1] INFO  ratis.ContainerStateMachine (ContainerStateMachine.java:loadSnapshot(226)) - group-9A2FF8B7B8DF: The snapshot info is null. Setting the last applied indexto:(t:0, i:~)
2019-09-12 10:32:08,199 [pool-335-thread-1] INFO  server.RaftServerConfigKeys (ConfUtils.java:logGet(43)) - raft.server.leader.election.timeout = 120s (custom)
2019-09-12 10:32:08,199 [pool-335-thread-1] INFO  server.RaftServerConfigKeys (ConfUtils.java:logGet(43)) - raft.server.log.use.memory = false (default)
2019-09-12 10:32:08,199 [pool-335-thread-1] INFO  server.RaftServerConfigKeys (ConfUtils.java:logGet(43)) - raft.server.log.purge.gap = 1000000 (custom)
2019-09-12 10:32:08,199 [pool-335-thread-1] INFO  server.RaftServerConfigKeys (ConfUtils.java:logGet(43)) - raft.server.log.appender.buffer.byte-limit = 33554432 (custom)
2019-09-12 10:32:08,199 [pool-335-thread-1] INFO  server.RaftServerConfigKeys (ConfUtils.java:logGet(43)) - raft.server.log.segment.size.max = 1048576 (custom)
2019-09-12 10:32:08,199 [pool-335-thread-1] INFO  server.RaftServerConfigKeys (ConfUtils.java:logGet(43)) - raft.server.log.segment.cache.num.max = 2 (custom)
2019-09-12 10:32:08,200 [pool-335-thread-1] INFO  segmented.SegmentedRaftLogWorker (SegmentedRaftLogWorker.java:<init>(172)) - new edb6c4a3-9bf1-4f2e-8ef0-c37d9a0378de-SegmentedRaftLogWorker:Storage Directory /workdir/hadoop-ozone/integration-test/target/test-dir/MiniOzoneClusterImpl-39631bd2-f83c-4f24-acb2-4c1b273f2694/datanode-2/data/ratis/3b1197c4-7821-4e85-90c0-9a2ff8b7b8df for RaftStorage:Storage Directory /workdir/hadoop-ozone/integration-test/target/test-dir/MiniOzoneClusterImpl-39631bd2-f83c-4f24-acb2-4c1b273f2694/datanode-2/data/ratis/3b1197c4-7821-4e85-90c0-9a2ff8b7b8df
2019-09-12 10:32:08,200 [pool-335-thread-1] INFO  server.RaftServerConfigKeys (ConfUtils.java:logGet(43)) - raft.server.log.queue.byte-limit = 2147483647 (custom)
2019-09-12 10:32:08,200 [pool-335-thread-1] INFO  server.RaftServerConfigKeys (ConfUtils.java:logGet(43)) - raft.server.log.queue.element-limit = 1024 (custom)
2019-09-12 10:32:08,200 [pool-335-thread-1] INFO  server.RaftServerConfigKeys (ConfUtils.java:logGet(43)) - raft.server.log.segment.size.max = 1048576 (custom)
2019-09-12 10:32:08,200 [pool-335-thread-1] INFO  server.RaftServerConfigKeys (ConfUtils.java:logGet(43)) - raft.server.log.preallocated.size = 16384 (custom)
2019-09-12 10:32:08,200 [pool-335-thread-1] INFO  server.RaftServerConfigKeys (ConfUtils.java:logGet(43)) - raft.server.log.write.buffer.size = 33554432 (custom)
2019-09-12 10:32:08,200 [pool-335-thread-1] INFO  server.RaftServerConfigKeys (ConfUtils.java:logGet(43)) - raft.server.log.force.sync.num = 128 (default)
2019-09-12 10:32:08,200 [pool-335-thread-1] INFO  server.RaftServerConfigKeys (ConfUtils.java:logGet(43)) - raft.server.log.statemachine.data.sync = true (default)
2019-09-12 10:32:08,200 [pool-335-thread-1] INFO  server.RaftServerConfigKeys (ConfUtils.java:logGet(43)) - raft.server.log.statemachine.data.sync.timeout = 10s (default)
2019-09-12 10:32:08,200 [pool-335-thread-1] INFO  server.RaftServerConfigKeys (ConfUtils.java:logGet(43)) - raft.server.log.statemachine.data.sync.timeout.retry = -1 (default)
2019-09-12 10:32:08,200 [pool-335-thread-1] INFO  server.RaftServerConfigKeys (ConfUtils.java:logGet(43)) - raft.server.log.statemachine.data.caching.enabled = true (custom)
2019-09-12 10:32:08,201 [pool-335-thread-1] INFO  segmented.SegmentedRaftLogWorker (SegmentedRaftLogWorker.java:lambda$new$0(132)) - edb6c4a3-9bf1-4f2e-8ef0-c37d9a0378de-SegmentedRaftLogWorker:Storage Directory /workdir/hadoop-ozone/integration-test/target/test-dir/MiniOzoneClusterImpl-39631bd2-f83c-4f24-acb2-4c1b273f2694/datanode-2/data/ratis/3b1197c4-7821-4e85-90c0-9a2ff8b7b8df: flushIndex: setUnconditionally 0 -> -1
2019-09-12 10:32:08,202 [pool-335-thread-1] INFO  server.RaftServerConfigKeys (ConfUtils.java:logGet(43)) - raft.server.snapshot.auto.trigger.enabled = true (custom)
2019-09-12 10:32:08,202 [pool-335-thread-1] INFO  server.RaftServerConfigKeys (ConfUtils.java:logGet(43)) - raft.server.snapshot.auto.trigger.threshold = 10000 (custom)
2019-09-12 10:32:08,202 [pool-335-thread-1] INFO  server.RaftServerConfigKeys (ConfUtils.java:logGet(43)) - raft.server.retrycache.expirytime = 600000ms (custom)
2019-09-12 10:32:08,202 [pool-335-thread-1] INFO  impl.RaftServerImpl (RaftServerImpl.java:start(180)) - edb6c4a3-9bf1-4f2e-8ef0-c37d9a0378de: start group-9A2FF8B7B8DF
2019-09-12 10:32:08,202 [pool-335-thread-1] INFO  impl.RaftServerImpl (RaftServerImpl.java:setRole(171)) - edb6c4a3-9bf1-4f2e-8ef0-c37d9a0378de:group-9A2FF8B7B8DF changes role from null to FOLLOWER at term 0 for startAsFollower
2019-09-12 10:32:08,202 [pool-335-thread-1] INFO  impl.RoleInfo (RoleInfo.java:updateAndGet(143)) - edb6c4a3-9bf1-4f2e-8ef0-c37d9a0378de: start FollowerState
2019-09-12 10:32:08,203 [pool-335-thread-1] INFO  util.JmxRegister (JmxRegister.java:tryRegister(44)) - Successfully registered JMX Bean with object name Ratis:service=RaftServer,group=group-9A2FF8B7B8DF,id=edb6c4a3-9bf1-4f2e-8ef0-c37d9a0378de
2019-09-12 10:32:08,205 [RatisPipelineUtilsThread] INFO  pipeline.PipelineStateManager (PipelineStateManager.java:addPipeline(56)) - Created pipeline Pipeline[ Id: 3b1197c4-7821-4e85-90c0-9a2ff8b7b8df, Nodes: edb6c4a3-9bf1-4f2e-8ef0-c37d9a0378de{ip: 192.168.36.114, host: pr-hdds-1569-58hkm-1881083799, networkLocation: /default-rack, certSerialId: null}, Type:RATIS, Factor:ONE, State:OPEN]
2019-09-12 10:32:08,205 [RatisPipelineUtilsThread] ERROR pipeline.PipelinePlacementPolicy (PipelinePlacementPolicy.java:meetCriteria(92)) - Pipeline Placement: Doesn't meet the criteria to be viable node. Heaviness: 6
2019-09-12 10:32:08,205 [RatisPipelineUtilsThread] ERROR pipeline.PipelinePlacementPolicy (PipelinePlacementPolicy.java:meetCriteria(92)) - Pipeline Placement: Doesn't meet the criteria to be viable node. Heaviness: 6
2019-09-12 10:32:08,209 [grpc-default-executor-1] INFO  impl.RaftServerProxy (RaftServerProxy.java:addNew(89)) - edb6c4a3-9bf1-4f2e-8ef0-c37d9a0378de: addNew group-F32505E861B0:[edb6c4a3-9bf1-4f2e-8ef0-c37d9a0378de:192.168.36.114:33776] returns group-F32505E861B0:java.util.concurrent.CompletableFuture@43c0b87c[Not completed]
2019-09-12 10:32:08,210 [pool-335-thread-1] INFO  impl.RaftServerImpl (RaftServerImpl.java:<init>(93)) - edb6c4a3-9bf1-4f2e-8ef0-c37d9a0378de: new RaftServerImpl for group-F32505E861B0:[edb6c4a3-9bf1-4f2e-8ef0-c37d9a0378de:192.168.36.114:33776] with ContainerStateMachine:uninitialized
2019-09-12 10:32:08,210 [pool-335-thread-1] INFO  server.RaftServerConfigKeys (ConfUtils.java:logGet(43)) - raft.server.rpc.timeout.min = 5s (custom)
2019-09-12 10:32:08,210 [pool-335-thread-1] INFO  server.RaftServerConfigKeys (ConfUtils.java:logGet(43)) - raft.server.rpc.timeout.max = 5200ms (custom)
2019-09-12 10:32:08,210 [pool-335-thread-1] INFO  server.RaftServerConfigKeys (ConfUtils.java:logGet(43)) - raft.server.rpcslowness.timeout = 120s (custom)
2019-09-12 10:32:08,210 [pool-335-thread-1] INFO  server.RaftServerConfigKeys (ConfUtils.java:logGet(43)) - raft.server.sleep.deviation.threshold = 300 (default)
2019-09-12 10:32:08,210 [pool-335-thread-1] INFO  server.RaftServerConfigKeys (ConfUtils.java:logGet(43)) - raft.server.log.appender.install.snapshot.enabled = false (custom)
2019-09-12 10:32:08,210 [pool-335-thread-1] INFO  impl.RaftServerImpl (ServerState.java:<init>(105)) - edb6c4a3-9bf1-4f2e-8ef0-c37d9a0378de:group-F32505E861B0 ConfigurationManager, init=-1: [edb6c4a3-9bf1-4f2e-8ef0-c37d9a0378de:192.168.36.114:33776], old=null, confs=<EMPTY_MAP>
2019-09-12 10:32:08,211 [pool-335-thread-1] INFO  server.RaftServerConfigKeys (ConfUtils.java:logGet(43)) - raft.server.storage.dir = [/workdir/hadoop-ozone/integration-test/target/test-dir/MiniOzoneClusterImpl-39631bd2-f83c-4f24-acb2-4c1b273f2694/datanode-2/data/ratis] (custom)
2019-09-12 10:32:08,211 [pool-335-thread-1] INFO  storage.RaftStorageDirectory (RaftStorageDirectory.java:analyzeStorage(246)) - The storage directory /workdir/hadoop-ozone/integration-test/target/test-dir/MiniOzoneClusterImpl-39631bd2-f83c-4f24-acb2-4c1b273f2694/datanode-2/data/ratis/cc95fa8b-32f9-49eb-8128-f32505e861b0 does not exist. Creating ...
2019-09-12 10:32:08,214 [pool-335-thread-1] INFO  storage.RaftStorageDirectory (RaftStorageDirectory.java:tryLock(328)) - Lock on /workdir/hadoop-ozone/integration-test/target/test-dir/MiniOzoneClusterImpl-39631bd2-f83c-4f24-acb2-4c1b273f2694/datanode-2/data/ratis/cc95fa8b-32f9-49eb-8128-f32505e861b0/in_use.lock acquired by nodename 1396@pr-hdds-1569-58hkm-1881083799
2019-09-12 10:32:08,217 [pool-335-thread-1] INFO  storage.RaftStorage (RaftStorage.java:format(72)) - Storage directory /workdir/hadoop-ozone/integration-test/target/test-dir/MiniOzoneClusterImpl-39631bd2-f83c-4f24-acb2-4c1b273f2694/datanode-2/data/ratis/cc95fa8b-32f9-49eb-8128-f32505e861b0 has been successfully formatted.
2019-09-12 10:32:08,217 [pool-335-thread-1] INFO  ratis.ContainerStateMachine (ContainerStateMachine.java:loadSnapshot(226)) - group-F32505E861B0: The snapshot info is null. Setting the last applied indexto:(t:0, i:~)
2019-09-12 10:32:08,217 [pool-335-thread-1] INFO  server.RaftServerConfigKeys (ConfUtils.java:logGet(43)) - raft.server.leader.election.timeout = 120s (custom)
2019-09-12 10:32:08,217 [pool-335-thread-1] INFO  server.RaftServerConfigKeys (ConfUtils.java:logGet(43)) - raft.server.log.use.memory = false (default)
2019-09-12 10:32:08,218 [pool-335-thread-1] INFO  server.RaftServerConfigKeys (ConfUtils.java:logGet(43)) - raft.server.log.purge.gap = 1000000 (custom)
2019-09-12 10:32:08,218 [pool-335-thread-1] INFO  server.RaftServerConfigKeys (ConfUtils.java:logGet(43)) - raft.server.log.appender.buffer.byte-limit = 33554432 (custom)
2019-09-12 10:32:08,218 [pool-335-thread-1] INFO  server.RaftServerConfigKeys (ConfUtils.java:logGet(43)) - raft.server.log.segment.size.max = 1048576 (custom)
2019-09-12 10:32:08,218 [pool-335-thread-1] INFO  server.RaftServerConfigKeys (ConfUtils.java:logGet(43)) - raft.server.log.segment.cache.num.max = 2 (custom)
2019-09-12 10:32:08,218 [pool-335-thread-1] INFO  segmented.SegmentedRaftLogWorker (SegmentedRaftLogWorker.java:<init>(172)) - new edb6c4a3-9bf1-4f2e-8ef0-c37d9a0378de-SegmentedRaftLogWorker:Storage Directory /workdir/hadoop-ozone/integration-test/target/test-dir/MiniOzoneClusterImpl-39631bd2-f83c-4f24-acb2-4c1b273f2694/datanode-2/data/ratis/cc95fa8b-32f9-49eb-8128-f32505e861b0 for RaftStorage:Storage Directory /workdir/hadoop-ozone/integration-test/target/test-dir/MiniOzoneClusterImpl-39631bd2-f83c-4f24-acb2-4c1b273f2694/datanode-2/data/ratis/cc95fa8b-32f9-49eb-8128-f32505e861b0
2019-09-12 10:32:08,218 [pool-335-thread-1] INFO  server.RaftServerConfigKeys (ConfUtils.java:logGet(43)) - raft.server.log.queue.byte-limit = 2147483647 (custom)
2019-09-12 10:32:08,218 [pool-335-thread-1] INFO  server.RaftServerConfigKeys (ConfUtils.java:logGet(43)) - raft.server.log.queue.element-limit = 1024 (custom)
2019-09-12 10:32:08,218 [pool-335-thread-1] INFO  server.RaftServerConfigKeys (ConfUtils.java:logGet(43)) - raft.server.log.segment.size.max = 1048576 (custom)
2019-09-12 10:32:08,218 [pool-335-thread-1] INFO  server.RaftServerConfigKeys (ConfUtils.java:logGet(43)) - raft.server.log.preallocated.size = 16384 (custom)
2019-09-12 10:32:08,218 [pool-335-thread-1] INFO  server.RaftServerConfigKeys (ConfUtils.java:logGet(43)) - raft.server.log.write.buffer.size = 33554432 (custom)
2019-09-12 10:32:08,218 [pool-335-thread-1] INFO  server.RaftServerConfigKeys (ConfUtils.java:logGet(43)) - raft.server.log.force.sync.num = 128 (default)
2019-09-12 10:32:08,219 [pool-335-thread-1] INFO  server.RaftServerConfigKeys (ConfUtils.java:logGet(43)) - raft.server.log.statemachine.data.sync = true (default)
2019-09-12 10:32:08,219 [pool-335-thread-1] INFO  server.RaftServerConfigKeys (ConfUtils.java:logGet(43)) - raft.server.log.statemachine.data.sync.timeout = 10s (default)
2019-09-12 10:32:08,219 [pool-335-thread-1] INFO  server.RaftServerConfigKeys (ConfUtils.java:logGet(43)) - raft.server.log.statemachine.data.sync.timeout.retry = -1 (default)
2019-09-12 10:32:08,219 [pool-335-thread-1] INFO  server.RaftServerConfigKeys (ConfUtils.java:logGet(43)) - raft.server.log.statemachine.data.caching.enabled = true (custom)
2019-09-12 10:32:08,219 [pool-335-thread-1] INFO  segmented.SegmentedRaftLogWorker (SegmentedRaftLogWorker.java:lambda$new$0(132)) - edb6c4a3-9bf1-4f2e-8ef0-c37d9a0378de-SegmentedRaftLogWorker:Storage Directory /workdir/hadoop-ozone/integration-test/target/test-dir/MiniOzoneClusterImpl-39631bd2-f83c-4f24-acb2-4c1b273f2694/datanode-2/data/ratis/cc95fa8b-32f9-49eb-8128-f32505e861b0: flushIndex: setUnconditionally 0 -> -1
2019-09-12 10:32:08,219 [pool-335-thread-1] INFO  server.RaftServerConfigKeys (ConfUtils.java:logGet(43)) - raft.server.snapshot.auto.trigger.enabled = true (custom)
2019-09-12 10:32:08,219 [pool-335-thread-1] INFO  server.RaftServerConfigKeys (ConfUtils.java:logGet(43)) - raft.server.snapshot.auto.trigger.threshold = 10000 (custom)
2019-09-12 10:32:08,220 [pool-335-thread-1] INFO  server.RaftServerConfigKeys (ConfUtils.java:logGet(43)) - raft.server.retrycache.expirytime = 600000ms (custom)
2019-09-12 10:32:08,220 [pool-335-thread-1] INFO  impl.RaftServerImpl (RaftServerImpl.java:start(180)) - edb6c4a3-9bf1-4f2e-8ef0-c37d9a0378de: start group-F32505E861B0
2019-09-12 10:32:08,220 [pool-335-thread-1] INFO  impl.RaftServerImpl (RaftServerImpl.java:setRole(171)) - edb6c4a3-9bf1-4f2e-8ef0-c37d9a0378de:group-F32505E861B0 changes role from null to FOLLOWER at term 0 for startAsFollower
2019-09-12 10:32:08,220 [pool-335-thread-1] INFO  impl.RoleInfo (RoleInfo.java:updateAndGet(143)) - edb6c4a3-9bf1-4f2e-8ef0-c37d9a0378de: start FollowerState
2019-09-12 10:32:08,220 [pool-335-thread-1] INFO  util.JmxRegister (JmxRegister.java:tryRegister(44)) - Successfully registered JMX Bean with object name Ratis:service=RaftServer,group=group-F32505E861B0,id=edb6c4a3-9bf1-4f2e-8ef0-c37d9a0378de
2019-09-12 10:32:08,222 [RatisPipelineUtilsThread] INFO  pipeline.PipelineStateManager (PipelineStateManager.java:addPipeline(56)) - Created pipeline Pipeline[ Id: cc95fa8b-32f9-49eb-8128-f32505e861b0, Nodes: edb6c4a3-9bf1-4f2e-8ef0-c37d9a0378de{ip: 192.168.36.114, host: pr-hdds-1569-58hkm-1881083799, networkLocation: /default-rack, certSerialId: null}, Type:RATIS, Factor:ONE, State:OPEN]
2019-09-12 10:32:08,223 [RatisPipelineUtilsThread] ERROR pipeline.PipelinePlacementPolicy (PipelinePlacementPolicy.java:meetCriteria(92)) - Pipeline Placement: Doesn't meet the criteria to be viable node. Heaviness: 6
2019-09-12 10:32:08,223 [RatisPipelineUtilsThread] ERROR pipeline.PipelinePlacementPolicy (PipelinePlacementPolicy.java:meetCriteria(92)) - Pipeline Placement: Doesn't meet the criteria to be viable node. Heaviness: 6
2019-09-12 10:32:08,223 [RatisPipelineUtilsThread] ERROR pipeline.PipelinePlacementPolicy (PipelinePlacementPolicy.java:meetCriteria(92)) - Pipeline Placement: Doesn't meet the criteria to be viable node. Heaviness: 6
2019-09-12 10:32:08,223 [RatisPipelineUtilsThread] ERROR pipeline.PipelinePlacementPolicy (PipelinePlacementPolicy.java:filterViableNodes(147)) - Unable to find enough nodes that meet the criteria that cannot engage in more than 5 pipelines. Nodes required: 1 Found: 0, healthy nodes count inNodeManager: 3.
2019-09-12 10:32:08,223 [RatisPipelineUtilsThread] ERROR pipeline.SCMPipelineManager (SCMPipelineManager.java:createPipeline(161)) - Pipeline creation failed due to exception: Unable to find enough nodes that meet the criteria that cannot engage in more than 5 pipelines. Nodes required: 1 Found: 0, healthy nodes count inNodeManager: 3.
2019-09-12 10:32:08,223 [RatisPipelineUtilsThread] ERROR pipeline.PipelinePlacementPolicy (PipelinePlacementPolicy.java:meetCriteria(92)) - Pipeline Placement: Doesn't meet the criteria to be viable node. Heaviness: 6
2019-09-12 10:32:08,224 [RatisPipelineUtilsThread] ERROR pipeline.PipelinePlacementPolicy (PipelinePlacementPolicy.java:meetCriteria(92)) - Pipeline Placement: Doesn't meet the criteria to be viable node. Heaviness: 6
2019-09-12 10:32:08,224 [RatisPipelineUtilsThread] ERROR pipeline.PipelinePlacementPolicy (PipelinePlacementPolicy.java:meetCriteria(92)) - Pipeline Placement: Doesn't meet the criteria to be viable node. Heaviness: 6
2019-09-12 10:32:08,224 [RatisPipelineUtilsThread] ERROR pipeline.PipelinePlacementPolicy (PipelinePlacementPolicy.java:filterViableNodes(147)) - Unable to find enough nodes that meet the criteria that cannot engage in more than 5 pipelines. Nodes required: 3 Found: 0, healthy nodes count inNodeManager: 3.
2019-09-12 10:32:08,224 [RatisPipelineUtilsThread] ERROR pipeline.SCMPipelineManager (SCMPipelineManager.java:createPipeline(161)) - Pipeline creation failed due to exception: Unable to find enough nodes that meet the criteria that cannot engage in more than 5 pipelines. Nodes required: 3 Found: 0, healthy nodes count inNodeManager: 3.
2019-09-12 10:32:08,648 [IPC Server handler 1 on 34994] INFO  net.NetworkTopology (NetworkTopologyImpl.java:add(110)) - Added a new node: /default-rack/2df0b56f-bcaf-45a1-b35e-f30a30c5f26c
2019-09-12 10:32:08,648 [RatisPipelineUtilsThread] ERROR pipeline.PipelinePlacementPolicy (PipelinePlacementPolicy.java:meetCriteria(92)) - Pipeline Placement: Doesn't meet the criteria to be viable node. Heaviness: 6
2019-09-12 10:32:08,648 [RatisPipelineUtilsThread] ERROR pipeline.PipelinePlacementPolicy (PipelinePlacementPolicy.java:meetCriteria(92)) - Pipeline Placement: Doesn't meet the criteria to be viable node. Heaviness: 6
2019-09-12 10:32:08,648 [RatisPipelineUtilsThread] ERROR pipeline.PipelinePlacementPolicy (PipelinePlacementPolicy.java:meetCriteria(92)) - Pipeline Placement: Doesn't meet the criteria to be viable node. Heaviness: 6
2019-09-12 10:32:08,648 [IPC Server handler 1 on 34994] INFO  node.SCMNodeManager (SCMNodeManager.java:register(273)) - Registered Data node : 2df0b56f-bcaf-45a1-b35e-f30a30c5f26c{ip: 192.168.36.114, host: pr-hdds-1569-58hkm-1881083799, networkLocation: /default-rack, certSerialId: null}
2019-09-12 10:32:08,649 | INFO  | SCMAudit | user=jenkins1000 | ip=192.168.36.114 | op=REGISTER {datanodeDetails=2df0b56f-bcaf-45a1-b35e-f30a30c5f26c{ip: 192.168.36.114, host: pr-hdds-1569-58hkm-1881083799, networkLocation: /default-rack, certSerialId: null}} | ret=SUCCESS |  
2019-09-12 10:32:08,665 [grpc-default-executor-1] INFO  impl.RaftServerProxy (RaftServerProxy.java:addNew(89)) - 2df0b56f-bcaf-45a1-b35e-f30a30c5f26c: addNew group-9BE5978D5997:[2df0b56f-bcaf-45a1-b35e-f30a30c5f26c:192.168.36.114:36485] returns group-9BE5978D5997:java.util.concurrent.CompletableFuture@45a29602[Not completed]
2019-09-12 10:32:08,666 [pool-346-thread-1] INFO  impl.RaftServerImpl (RaftServerImpl.java:<init>(93)) - 2df0b56f-bcaf-45a1-b35e-f30a30c5f26c: new RaftServerImpl for group-9BE5978D5997:[2df0b56f-bcaf-45a1-b35e-f30a30c5f26c:192.168.36.114:36485] with ContainerStateMachine:uninitialized
2019-09-12 10:32:08,666 [pool-346-thread-1] INFO  server.RaftServerConfigKeys (ConfUtils.java:logGet(43)) - raft.server.rpc.timeout.min = 5s (custom)
2019-09-12 10:32:08,666 [pool-346-thread-1] INFO  server.RaftServerConfigKeys (ConfUtils.java:logGet(43)) - raft.server.rpc.timeout.max = 5200ms (custom)
2019-09-12 10:32:08,666 [pool-346-thread-1] INFO  server.RaftServerConfigKeys (ConfUtils.java:logGet(43)) - raft.server.rpcslowness.timeout = 120s (custom)
2019-09-12 10:32:08,667 [pool-346-thread-1] INFO  server.RaftServerConfigKeys (ConfUtils.java:logGet(43)) - raft.server.sleep.deviation.threshold = 300 (default)
2019-09-12 10:32:08,667 [pool-346-thread-1] INFO  server.RaftServerConfigKeys (ConfUtils.java:logGet(43)) - raft.server.log.appender.install.snapshot.enabled = false (custom)
2019-09-12 10:32:08,667 [pool-346-thread-1] INFO  impl.RaftServerImpl (ServerState.java:<init>(105)) - 2df0b56f-bcaf-45a1-b35e-f30a30c5f26c:group-9BE5978D5997 ConfigurationManager, init=-1: [2df0b56f-bcaf-45a1-b35e-f30a30c5f26c:192.168.36.114:36485], old=null, confs=<EMPTY_MAP>
2019-09-12 10:32:08,667 [pool-346-thread-1] INFO  server.RaftServerConfigKeys (ConfUtils.java:logGet(43)) - raft.server.storage.dir = [/workdir/hadoop-ozone/integration-test/target/test-dir/MiniOzoneClusterImpl-39631bd2-f83c-4f24-acb2-4c1b273f2694/datanode-3/data/ratis] (custom)
2019-09-12 10:32:08,667 [pool-346-thread-1] INFO  storage.RaftStorageDirectory (RaftStorageDirectory.java:analyzeStorage(246)) - The storage directory /workdir/hadoop-ozone/integration-test/target/test-dir/MiniOzoneClusterImpl-39631bd2-f83c-4f24-acb2-4c1b273f2694/datanode-3/data/ratis/39202d9b-fb7b-4bcf-9eb7-9be5978d5997 does not exist. Creating ...
2019-09-12 10:32:08,692 [pool-346-thread-1] INFO  storage.RaftStorageDirectory (RaftStorageDirectory.java:tryLock(328)) - Lock on /workdir/hadoop-ozone/integration-test/target/test-dir/MiniOzoneClusterImpl-39631bd2-f83c-4f24-acb2-4c1b273f2694/datanode-3/data/ratis/39202d9b-fb7b-4bcf-9eb7-9be5978d5997/in_use.lock acquired by nodename 1396@pr-hdds-1569-58hkm-1881083799
2019-09-12 10:32:08,705 [pool-346-thread-1] INFO  storage.RaftStorage (RaftStorage.java:format(72)) - Storage directory /workdir/hadoop-ozone/integration-test/target/test-dir/MiniOzoneClusterImpl-39631bd2-f83c-4f24-acb2-4c1b273f2694/datanode-3/data/ratis/39202d9b-fb7b-4bcf-9eb7-9be5978d5997 has been successfully formatted.
2019-09-12 10:32:08,705 [pool-346-thread-1] INFO  ratis.ContainerStateMachine (ContainerStateMachine.java:loadSnapshot(226)) - group-9BE5978D5997: The snapshot info is null. Setting the last applied indexto:(t:0, i:~)
2019-09-12 10:32:08,705 [pool-346-thread-1] INFO  server.RaftServerConfigKeys (ConfUtils.java:logGet(43)) - raft.server.leader.election.timeout = 120s (custom)
2019-09-12 10:32:08,706 [pool-346-thread-1] INFO  server.RaftServerConfigKeys (ConfUtils.java:logGet(43)) - raft.server.log.use.memory = false (default)
2019-09-12 10:32:08,706 [pool-346-thread-1] INFO  server.RaftServerConfigKeys (ConfUtils.java:logGet(43)) - raft.server.log.purge.gap = 1000000 (custom)
2019-09-12 10:32:08,706 [pool-346-thread-1] INFO  server.RaftServerConfigKeys (ConfUtils.java:logGet(43)) - raft.server.log.appender.buffer.byte-limit = 33554432 (custom)
2019-09-12 10:32:08,706 [pool-346-thread-1] INFO  server.RaftServerConfigKeys (ConfUtils.java:logGet(43)) - raft.server.log.segment.size.max = 1048576 (custom)
2019-09-12 10:32:08,706 [pool-346-thread-1] INFO  server.RaftServerConfigKeys (ConfUtils.java:logGet(43)) - raft.server.log.segment.cache.num.max = 2 (custom)
2019-09-12 10:32:08,706 [pool-346-thread-1] INFO  segmented.SegmentedRaftLogWorker (SegmentedRaftLogWorker.java:<init>(172)) - new 2df0b56f-bcaf-45a1-b35e-f30a30c5f26c-SegmentedRaftLogWorker:Storage Directory /workdir/hadoop-ozone/integration-test/target/test-dir/MiniOzoneClusterImpl-39631bd2-f83c-4f24-acb2-4c1b273f2694/datanode-3/data/ratis/39202d9b-fb7b-4bcf-9eb7-9be5978d5997 for RaftStorage:Storage Directory /workdir/hadoop-ozone/integration-test/target/test-dir/MiniOzoneClusterImpl-39631bd2-f83c-4f24-acb2-4c1b273f2694/datanode-3/data/ratis/39202d9b-fb7b-4bcf-9eb7-9be5978d5997
2019-09-12 10:32:08,707 [pool-346-thread-1] INFO  server.RaftServerConfigKeys (ConfUtils.java:logGet(43)) - raft.server.log.queue.byte-limit = 2147483647 (custom)
2019-09-12 10:32:08,707 [pool-346-thread-1] INFO  server.RaftServerConfigKeys (ConfUtils.java:logGet(43)) - raft.server.log.queue.element-limit = 1024 (custom)
2019-09-12 10:32:08,707 [pool-346-thread-1] INFO  server.RaftServerConfigKeys (ConfUtils.java:logGet(43)) - raft.server.log.segment.size.max = 1048576 (custom)
2019-09-12 10:32:08,707 [pool-346-thread-1] INFO  server.RaftServerConfigKeys (ConfUtils.java:logGet(43)) - raft.server.log.preallocated.size = 16384 (custom)
2019-09-12 10:32:08,707 [pool-346-thread-1] INFO  server.RaftServerConfigKeys (ConfUtils.java:logGet(43)) - raft.server.log.write.buffer.size = 33554432 (custom)
2019-09-12 10:32:08,708 [pool-346-thread-1] INFO  server.RaftServerConfigKeys (ConfUtils.java:logGet(43)) - raft.server.log.force.sync.num = 128 (default)
2019-09-12 10:32:08,708 [pool-346-thread-1] INFO  server.RaftServerConfigKeys (ConfUtils.java:logGet(43)) - raft.server.log.statemachine.data.sync = true (default)
2019-09-12 10:32:08,708 [pool-346-thread-1] INFO  server.RaftServerConfigKeys (ConfUtils.java:logGet(43)) - raft.server.log.statemachine.data.sync.timeout = 10s (default)
2019-09-12 10:32:08,708 [pool-346-thread-1] INFO  server.RaftServerConfigKeys (ConfUtils.java:logGet(43)) - raft.server.log.statemachine.data.sync.timeout.retry = -1 (default)
2019-09-12 10:32:08,708 [pool-346-thread-1] INFO  server.RaftServerConfigKeys (ConfUtils.java:logGet(43)) - raft.server.log.statemachine.data.caching.enabled = true (custom)
2019-09-12 10:32:08,709 [pool-346-thread-1] INFO  segmented.SegmentedRaftLogWorker (SegmentedRaftLogWorker.java:lambda$new$0(132)) - 2df0b56f-bcaf-45a1-b35e-f30a30c5f26c-SegmentedRaftLogWorker:Storage Directory /workdir/hadoop-ozone/integration-test/target/test-dir/MiniOzoneClusterImpl-39631bd2-f83c-4f24-acb2-4c1b273f2694/datanode-3/data/ratis/39202d9b-fb7b-4bcf-9eb7-9be5978d5997: flushIndex: setUnconditionally 0 -> -1
2019-09-12 10:32:08,709 [pool-346-thread-1] INFO  server.RaftServerConfigKeys (ConfUtils.java:logGet(43)) - raft.server.snapshot.auto.trigger.enabled = true (custom)
2019-09-12 10:32:08,709 [pool-346-thread-1] INFO  server.RaftServerConfigKeys (ConfUtils.java:logGet(43)) - raft.server.snapshot.auto.trigger.threshold = 10000 (custom)
2019-09-12 10:32:08,709 [pool-346-thread-1] INFO  server.RaftServerConfigKeys (ConfUtils.java:logGet(43)) - raft.server.retrycache.expirytime = 600000ms (custom)
2019-09-12 10:32:08,710 [pool-346-thread-1] INFO  impl.RaftServerImpl (RaftServerImpl.java:start(180)) - 2df0b56f-bcaf-45a1-b35e-f30a30c5f26c: start group-9BE5978D5997
2019-09-12 10:32:08,710 [pool-346-thread-1] INFO  impl.RaftServerImpl (RaftServerImpl.java:setRole(171)) - 2df0b56f-bcaf-45a1-b35e-f30a30c5f26c:group-9BE5978D5997 changes role from null to FOLLOWER at term 0 for startAsFollower
2019-09-12 10:32:08,710 [pool-346-thread-1] INFO  impl.RoleInfo (RoleInfo.java:updateAndGet(143)) - 2df0b56f-bcaf-45a1-b35e-f30a30c5f26c: start FollowerState
2019-09-12 10:32:08,711 | INFO  | SCMAudit | user=jenkins1000 | ip=192.168.36.114 | op=SEND_HEARTBEAT {datanodeUUID=a95fd1d5-e9a9-4526-b4c7-6aa1a85e40e9, command=[]} | ret=SUCCESS |  
2019-09-12 10:32:08,807 [pool-346-thread-1] INFO  util.JmxRegister (JmxRegister.java:tryRegister(44)) - Successfully registered JMX Bean with object name Ratis:service=RaftServer,group=group-9BE5978D5997,id=2df0b56f-bcaf-45a1-b35e-f30a30c5f26c
2019-09-12 10:32:08,810 [RatisPipelineUtilsThread] INFO  pipeline.PipelineStateManager (PipelineStateManager.java:addPipeline(56)) - Created pipeline Pipeline[ Id: 39202d9b-fb7b-4bcf-9eb7-9be5978d5997, Nodes: 2df0b56f-bcaf-45a1-b35e-f30a30c5f26c{ip: 192.168.36.114, host: pr-hdds-1569-58hkm-1881083799, networkLocation: /default-rack, certSerialId: null}, Type:RATIS, Factor:ONE, State:OPEN]
2019-09-12 10:32:08,810 [RatisPipelineUtilsThread] ERROR pipeline.PipelinePlacementPolicy (PipelinePlacementPolicy.java:meetCriteria(92)) - Pipeline Placement: Doesn't meet the criteria to be viable node. Heaviness: 6
2019-09-12 10:32:08,811 [RatisPipelineUtilsThread] ERROR pipeline.PipelinePlacementPolicy (PipelinePlacementPolicy.java:meetCriteria(92)) - Pipeline Placement: Doesn't meet the criteria to be viable node. Heaviness: 6
2019-09-12 10:32:08,811 [RatisPipelineUtilsThread] ERROR pipeline.PipelinePlacementPolicy (PipelinePlacementPolicy.java:meetCriteria(92)) - Pipeline Placement: Doesn't meet the criteria to be viable node. Heaviness: 6
2019-09-12 10:32:08,815 [grpc-default-executor-1] INFO  impl.RaftServerProxy (RaftServerProxy.java:addNew(89)) - 2df0b56f-bcaf-45a1-b35e-f30a30c5f26c: addNew group-7CA0681AC426:[2df0b56f-bcaf-45a1-b35e-f30a30c5f26c:192.168.36.114:36485] returns group-7CA0681AC426:java.util.concurrent.CompletableFuture@14be68e2[Not completed]
2019-09-12 10:32:08,816 [pool-346-thread-1] INFO  impl.RaftServerImpl (RaftServerImpl.java:<init>(93)) - 2df0b56f-bcaf-45a1-b35e-f30a30c5f26c: new RaftServerImpl for group-7CA0681AC426:[2df0b56f-bcaf-45a1-b35e-f30a30c5f26c:192.168.36.114:36485] with ContainerStateMachine:uninitialized
2019-09-12 10:32:08,816 [pool-346-thread-1] INFO  server.RaftServerConfigKeys (ConfUtils.java:logGet(43)) - raft.server.rpc.timeout.min = 5s (custom)
2019-09-12 10:32:08,817 [pool-346-thread-1] INFO  server.RaftServerConfigKeys (ConfUtils.java:logGet(43)) - raft.server.rpc.timeout.max = 5200ms (custom)
2019-09-12 10:32:08,817 [pool-346-thread-1] INFO  server.RaftServerConfigKeys (ConfUtils.java:logGet(43)) - raft.server.rpcslowness.timeout = 120s (custom)
2019-09-12 10:32:08,817 [pool-346-thread-1] INFO  server.RaftServerConfigKeys (ConfUtils.java:logGet(43)) - raft.server.sleep.deviation.threshold = 300 (default)
2019-09-12 10:32:08,817 [pool-346-thread-1] INFO  server.RaftServerConfigKeys (ConfUtils.java:logGet(43)) - raft.server.log.appender.install.snapshot.enabled = false (custom)
2019-09-12 10:32:08,817 [pool-346-thread-1] INFO  impl.RaftServerImpl (ServerState.java:<init>(105)) - 2df0b56f-bcaf-45a1-b35e-f30a30c5f26c:group-7CA0681AC426 ConfigurationManager, init=-1: [2df0b56f-bcaf-45a1-b35e-f30a30c5f26c:192.168.36.114:36485], old=null, confs=<EMPTY_MAP>
2019-09-12 10:32:08,817 [pool-346-thread-1] INFO  server.RaftServerConfigKeys (ConfUtils.java:logGet(43)) - raft.server.storage.dir = [/workdir/hadoop-ozone/integration-test/target/test-dir/MiniOzoneClusterImpl-39631bd2-f83c-4f24-acb2-4c1b273f2694/datanode-3/data/ratis] (custom)
2019-09-12 10:32:08,817 [pool-346-thread-1] INFO  storage.RaftStorageDirectory (RaftStorageDirectory.java:analyzeStorage(246)) - The storage directory /workdir/hadoop-ozone/integration-test/target/test-dir/MiniOzoneClusterImpl-39631bd2-f83c-4f24-acb2-4c1b273f2694/datanode-3/data/ratis/5566e6be-b40d-410d-b9f2-7ca0681ac426 does not exist. Creating ...
2019-09-12 10:32:08,830 [pool-346-thread-1] INFO  storage.RaftStorageDirectory (RaftStorageDirectory.java:tryLock(328)) - Lock on /workdir/hadoop-ozone/integration-test/target/test-dir/MiniOzoneClusterImpl-39631bd2-f83c-4f24-acb2-4c1b273f2694/datanode-3/data/ratis/5566e6be-b40d-410d-b9f2-7ca0681ac426/in_use.lock acquired by nodename 1396@pr-hdds-1569-58hkm-1881083799
2019-09-12 10:32:08,838 | INFO  | SCMAudit | user=jenkins1000 | ip=192.168.36.114 | op=SEND_HEARTBEAT {datanodeUUID=5dd0cd62-5770-41dd-9e5a-f3f3eedc40c1, command=[]} | ret=SUCCESS |  
2019-09-12 10:32:08,838 | INFO  | SCMAudit | user=jenkins1000 | ip=192.168.36.114 | op=SEND_HEARTBEAT {datanodeUUID=f17b4253-95a0-4ee6-8ded-88f070f15b33, command=[]} | ret=SUCCESS |  
2019-09-12 10:32:08,838 | INFO  | SCMAudit | user=jenkins1000 | ip=192.168.36.114 | op=SEND_HEARTBEAT {datanodeUUID=eaeff1e2-de9c-4510-872d-283eb6c3c330, command=[]} | ret=SUCCESS |  
2019-09-12 10:32:08,838 | INFO  | SCMAudit | user=jenkins1000 | ip=192.168.36.114 | op=SEND_HEARTBEAT {datanodeUUID=22ce2f4b-d517-44cf-8041-712d813e08f3, command=[]} | ret=SUCCESS |  
2019-09-12 10:32:08,838 | INFO  | SCMAudit | user=jenkins1000 | ip=192.168.36.114 | op=SEND_HEARTBEAT {datanodeUUID=d40ec8ee-ac9e-41d6-86bd-e74a05605b85, command=[]} | ret=SUCCESS |  
2019-09-12 10:32:08,838 | INFO  | SCMAudit | user=jenkins1000 | ip=192.168.36.114 | op=SEND_HEARTBEAT {datanodeUUID=bcda0514-d42e-47ca-96fd-c0a633e872a8, command=[]} | ret=SUCCESS |  
2019-09-12 10:32:08,839 | INFO  | SCMAudit | user=jenkins1000 | ip=192.168.36.114 | op=SEND_HEARTBEAT {datanodeUUID=b6dd7c38-f675-445e-811b-15cf17d56c0a, command=[]} | ret=SUCCESS |  
2019-09-12 10:32:08,839 | INFO  | SCMAudit | user=jenkins1000 | ip=192.168.36.114 | op=SEND_HEARTBEAT {datanodeUUID=1349d5ba-07d4-450a-9218-4f0361201438, command=[]} | ret=SUCCESS |  
2019-09-12 10:32:08,839 | INFO  | SCMAudit | user=jenkins1000 | ip=192.168.36.114 | op=SEND_HEARTBEAT {datanodeUUID=c1e71898-521f-4627-a3f1-9884c4b96ced, command=[]} | ret=SUCCESS |  
2019-09-12 10:32:08,841 | INFO  | SCMAudit | user=jenkins1000 | ip=192.168.36.114 | op=SEND_HEARTBEAT {datanodeUUID=caccd92c-2544-4e02-86cf-95849f240c1b, command=[]} | ret=SUCCESS |  
2019-09-12 10:32:08,843 [pool-346-thread-1] INFO  storage.RaftStorage (RaftStorage.java:format(72)) - Storage directory /workdir/hadoop-ozone/integration-test/target/test-dir/MiniOzoneClusterImpl-39631bd2-f83c-4f24-acb2-4c1b273f2694/datanode-3/data/ratis/5566e6be-b40d-410d-b9f2-7ca0681ac426 has been successfully formatted.
2019-09-12 10:32:08,843 [pool-346-thread-1] INFO  ratis.ContainerStateMachine (ContainerStateMachine.java:loadSnapshot(226)) - group-7CA0681AC426: The snapshot info is null. Setting the last applied indexto:(t:0, i:~)
2019-09-12 10:32:08,843 [pool-346-thread-1] INFO  server.RaftServerConfigKeys (ConfUtils.java:logGet(43)) - raft.server.leader.election.timeout = 120s (custom)
2019-09-12 10:32:08,843 [pool-346-thread-1] INFO  server.RaftServerConfigKeys (ConfUtils.java:logGet(43)) - raft.server.log.use.memory = false (default)
2019-09-12 10:32:08,843 [pool-346-thread-1] INFO  server.RaftServerConfigKeys (ConfUtils.java:logGet(43)) - raft.server.log.purge.gap = 1000000 (custom)
2019-09-12 10:32:08,844 [pool-346-thread-1] INFO  server.RaftServerConfigKeys (ConfUtils.java:logGet(43)) - raft.server.log.appender.buffer.byte-limit = 33554432 (custom)
2019-09-12 10:32:08,844 [pool-346-thread-1] INFO  server.RaftServerConfigKeys (ConfUtils.java:logGet(43)) - raft.server.log.segment.size.max = 1048576 (custom)
2019-09-12 10:32:08,844 [pool-346-thread-1] INFO  server.RaftServerConfigKeys (ConfUtils.java:logGet(43)) - raft.server.log.segment.cache.num.max = 2 (custom)
2019-09-12 10:32:08,844 [pool-346-thread-1] INFO  segmented.SegmentedRaftLogWorker (SegmentedRaftLogWorker.java:<init>(172)) - new 2df0b56f-bcaf-45a1-b35e-f30a30c5f26c-SegmentedRaftLogWorker:Storage Directory /workdir/hadoop-ozone/integration-test/target/test-dir/MiniOzoneClusterImpl-39631bd2-f83c-4f24-acb2-4c1b273f2694/datanode-3/data/ratis/5566e6be-b40d-410d-b9f2-7ca0681ac426 for RaftStorage:Storage Directory /workdir/hadoop-ozone/integration-test/target/test-dir/MiniOzoneClusterImpl-39631bd2-f83c-4f24-acb2-4c1b273f2694/datanode-3/data/ratis/5566e6be-b40d-410d-b9f2-7ca0681ac426
2019-09-12 10:32:08,844 [pool-346-thread-1] INFO  server.RaftServerConfigKeys (ConfUtils.java:logGet(43)) - raft.server.log.queue.byte-limit = 2147483647 (custom)
2019-09-12 10:32:08,844 [pool-346-thread-1] INFO  server.RaftServerConfigKeys (ConfUtils.java:logGet(43)) - raft.server.log.queue.element-limit = 1024 (custom)
2019-09-12 10:32:08,844 [pool-346-thread-1] INFO  server.RaftServerConfigKeys (ConfUtils.java:logGet(43)) - raft.server.log.segment.size.max = 1048576 (custom)
2019-09-12 10:32:08,844 [pool-346-thread-1] INFO  server.RaftServerConfigKeys (ConfUtils.java:logGet(43)) - raft.server.log.preallocated.size = 16384 (custom)
2019-09-12 10:32:08,844 [pool-346-thread-1] INFO  server.RaftServerConfigKeys (ConfUtils.java:logGet(43)) - raft.server.log.write.buffer.size = 33554432 (custom)
2019-09-12 10:32:08,845 [pool-346-thread-1] INFO  server.RaftServerConfigKeys (ConfUtils.java:logGet(43)) - raft.server.log.force.sync.num = 128 (default)
2019-09-12 10:32:08,845 [pool-346-thread-1] INFO  server.RaftServerConfigKeys (ConfUtils.java:logGet(43)) - raft.server.log.statemachine.data.sync = true (default)
2019-09-12 10:32:08,845 [pool-346-thread-1] INFO  server.RaftServerConfigKeys (ConfUtils.java:logGet(43)) - raft.server.log.statemachine.data.sync.timeout = 10s (default)
2019-09-12 10:32:08,845 [pool-346-thread-1] INFO  server.RaftServerConfigKeys (ConfUtils.java:logGet(43)) - raft.server.log.statemachine.data.sync.timeout.retry = -1 (default)
2019-09-12 10:32:08,845 [pool-346-thread-1] INFO  server.RaftServerConfigKeys (ConfUtils.java:logGet(43)) - raft.server.log.statemachine.data.caching.enabled = true (custom)
2019-09-12 10:32:08,845 [pool-346-thread-1] INFO  segmented.SegmentedRaftLogWorker (SegmentedRaftLogWorker.java:lambda$new$0(132)) - 2df0b56f-bcaf-45a1-b35e-f30a30c5f26c-SegmentedRaftLogWorker:Storage Directory /workdir/hadoop-ozone/integration-test/target/test-dir/MiniOzoneClusterImpl-39631bd2-f83c-4f24-acb2-4c1b273f2694/datanode-3/data/ratis/5566e6be-b40d-410d-b9f2-7ca0681ac426: flushIndex: setUnconditionally 0 -> -1
2019-09-12 10:32:08,845 [pool-346-thread-1] INFO  server.RaftServerConfigKeys (ConfUtils.java:logGet(43)) - raft.server.snapshot.auto.trigger.enabled = true (custom)
2019-09-12 10:32:08,846 [pool-346-thread-1] INFO  server.RaftServerConfigKeys (ConfUtils.java:logGet(43)) - raft.server.snapshot.auto.trigger.threshold = 10000 (custom)
2019-09-12 10:32:08,846 [pool-346-thread-1] INFO  server.RaftServerConfigKeys (ConfUtils.java:logGet(43)) - raft.server.retrycache.expirytime = 600000ms (custom)
2019-09-12 10:32:08,846 [pool-346-thread-1] INFO  impl.RaftServerImpl (RaftServerImpl.java:start(180)) - 2df0b56f-bcaf-45a1-b35e-f30a30c5f26c: start group-7CA0681AC426
2019-09-12 10:32:08,846 [pool-346-thread-1] INFO  impl.RaftServerImpl (RaftServerImpl.java:setRole(171)) - 2df0b56f-bcaf-45a1-b35e-f30a30c5f26c:group-7CA0681AC426 changes role from null to FOLLOWER at term 0 for startAsFollower
2019-09-12 10:32:08,846 [pool-346-thread-1] INFO  impl.RoleInfo (RoleInfo.java:updateAndGet(143)) - 2df0b56f-bcaf-45a1-b35e-f30a30c5f26c: start FollowerState
2019-09-12 10:32:08,846 [pool-346-thread-1] INFO  util.JmxRegister (JmxRegister.java:tryRegister(44)) - Successfully registered JMX Bean with object name Ratis:service=RaftServer,group=group-7CA0681AC426,id=2df0b56f-bcaf-45a1-b35e-f30a30c5f26c
2019-09-12 10:32:08,849 [RatisPipelineUtilsThread] INFO  pipeline.PipelineStateManager (PipelineStateManager.java:addPipeline(56)) - Created pipeline Pipeline[ Id: 5566e6be-b40d-410d-b9f2-7ca0681ac426, Nodes: 2df0b56f-bcaf-45a1-b35e-f30a30c5f26c{ip: 192.168.36.114, host: pr-hdds-1569-58hkm-1881083799, networkLocation: /default-rack, certSerialId: null}, Type:RATIS, Factor:ONE, State:OPEN]
2019-09-12 10:32:08,849 [RatisPipelineUtilsThread] ERROR pipeline.PipelinePlacementPolicy (PipelinePlacementPolicy.java:meetCriteria(92)) - Pipeline Placement: Doesn't meet the criteria to be viable node. Heaviness: 6
2019-09-12 10:32:08,849 [RatisPipelineUtilsThread] ERROR pipeline.PipelinePlacementPolicy (PipelinePlacementPolicy.java:meetCriteria(92)) - Pipeline Placement: Doesn't meet the criteria to be viable node. Heaviness: 6
2019-09-12 10:32:08,849 [RatisPipelineUtilsThread] ERROR pipeline.PipelinePlacementPolicy (PipelinePlacementPolicy.java:meetCriteria(92)) - Pipeline Placement: Doesn't meet the criteria to be viable node. Heaviness: 6
2019-09-12 10:32:08,854 [grpc-default-executor-1] INFO  impl.RaftServerProxy (RaftServerProxy.java:addNew(89)) - 2df0b56f-bcaf-45a1-b35e-f30a30c5f26c: addNew group-21A7578423A9:[2df0b56f-bcaf-45a1-b35e-f30a30c5f26c:192.168.36.114:36485] returns group-21A7578423A9:java.util.concurrent.CompletableFuture@389d55af[Not completed]
2019-09-12 10:32:08,855 [pool-346-thread-1] INFO  impl.RaftServerImpl (RaftServerImpl.java:<init>(93)) - 2df0b56f-bcaf-45a1-b35e-f30a30c5f26c: new RaftServerImpl for group-21A7578423A9:[2df0b56f-bcaf-45a1-b35e-f30a30c5f26c:192.168.36.114:36485] with ContainerStateMachine:uninitialized
2019-09-12 10:32:08,855 [pool-346-thread-1] INFO  server.RaftServerConfigKeys (ConfUtils.java:logGet(43)) - raft.server.rpc.timeout.min = 5s (custom)
2019-09-12 10:32:08,855 [pool-346-thread-1] INFO  server.RaftServerConfigKeys (ConfUtils.java:logGet(43)) - raft.server.rpc.timeout.max = 5200ms (custom)
2019-09-12 10:32:08,855 [pool-346-thread-1] INFO  server.RaftServerConfigKeys (ConfUtils.java:logGet(43)) - raft.server.rpcslowness.timeout = 120s (custom)
2019-09-12 10:32:08,855 [pool-346-thread-1] INFO  server.RaftServerConfigKeys (ConfUtils.java:logGet(43)) - raft.server.sleep.deviation.threshold = 300 (default)
2019-09-12 10:32:08,855 [pool-346-thread-1] INFO  server.RaftServerConfigKeys (ConfUtils.java:logGet(43)) - raft.server.log.appender.install.snapshot.enabled = false (custom)
2019-09-12 10:32:08,855 [pool-346-thread-1] INFO  impl.RaftServerImpl (ServerState.java:<init>(105)) - 2df0b56f-bcaf-45a1-b35e-f30a30c5f26c:group-21A7578423A9 ConfigurationManager, init=-1: [2df0b56f-bcaf-45a1-b35e-f30a30c5f26c:192.168.36.114:36485], old=null, confs=<EMPTY_MAP>
2019-09-12 10:32:08,855 [pool-346-thread-1] INFO  server.RaftServerConfigKeys (ConfUtils.java:logGet(43)) - raft.server.storage.dir = [/workdir/hadoop-ozone/integration-test/target/test-dir/MiniOzoneClusterImpl-39631bd2-f83c-4f24-acb2-4c1b273f2694/datanode-3/data/ratis] (custom)
2019-09-12 10:32:08,856 [pool-346-thread-1] INFO  storage.RaftStorageDirectory (RaftStorageDirectory.java:analyzeStorage(246)) - The storage directory /workdir/hadoop-ozone/integration-test/target/test-dir/MiniOzoneClusterImpl-39631bd2-f83c-4f24-acb2-4c1b273f2694/datanode-3/data/ratis/075ff77c-a804-4c46-90eb-21a7578423a9 does not exist. Creating ...
2019-09-12 10:32:08,868 [pool-346-thread-1] INFO  storage.RaftStorageDirectory (RaftStorageDirectory.java:tryLock(328)) - Lock on /workdir/hadoop-ozone/integration-test/target/test-dir/MiniOzoneClusterImpl-39631bd2-f83c-4f24-acb2-4c1b273f2694/datanode-3/data/ratis/075ff77c-a804-4c46-90eb-21a7578423a9/in_use.lock acquired by nodename 1396@pr-hdds-1569-58hkm-1881083799
2019-09-12 10:32:08,881 [pool-346-thread-1] INFO  storage.RaftStorage (RaftStorage.java:format(72)) - Storage directory /workdir/hadoop-ozone/integration-test/target/test-dir/MiniOzoneClusterImpl-39631bd2-f83c-4f24-acb2-4c1b273f2694/datanode-3/data/ratis/075ff77c-a804-4c46-90eb-21a7578423a9 has been successfully formatted.
2019-09-12 10:32:08,881 [pool-346-thread-1] INFO  ratis.ContainerStateMachine (ContainerStateMachine.java:loadSnapshot(226)) - group-21A7578423A9: The snapshot info is null. Setting the last applied indexto:(t:0, i:~)
2019-09-12 10:32:08,881 [pool-346-thread-1] INFO  server.RaftServerConfigKeys (ConfUtils.java:logGet(43)) - raft.server.leader.election.timeout = 120s (custom)
2019-09-12 10:32:08,881 [pool-346-thread-1] INFO  server.RaftServerConfigKeys (ConfUtils.java:logGet(43)) - raft.server.log.use.memory = false (default)
2019-09-12 10:32:08,881 [pool-346-thread-1] INFO  server.RaftServerConfigKeys (ConfUtils.java:logGet(43)) - raft.server.log.purge.gap = 1000000 (custom)
2019-09-12 10:32:08,882 [pool-346-thread-1] INFO  server.RaftServerConfigKeys (ConfUtils.java:logGet(43)) - raft.server.log.appender.buffer.byte-limit = 33554432 (custom)
2019-09-12 10:32:08,882 [pool-346-thread-1] INFO  server.RaftServerConfigKeys (ConfUtils.java:logGet(43)) - raft.server.log.segment.size.max = 1048576 (custom)
2019-09-12 10:32:08,882 [pool-346-thread-1] INFO  server.RaftServerConfigKeys (ConfUtils.java:logGet(43)) - raft.server.log.segment.cache.num.max = 2 (custom)
2019-09-12 10:32:08,882 [pool-346-thread-1] INFO  segmented.SegmentedRaftLogWorker (SegmentedRaftLogWorker.java:<init>(172)) - new 2df0b56f-bcaf-45a1-b35e-f30a30c5f26c-SegmentedRaftLogWorker:Storage Directory /workdir/hadoop-ozone/integration-test/target/test-dir/MiniOzoneClusterImpl-39631bd2-f83c-4f24-acb2-4c1b273f2694/datanode-3/data/ratis/075ff77c-a804-4c46-90eb-21a7578423a9 for RaftStorage:Storage Directory /workdir/hadoop-ozone/integration-test/target/test-dir/MiniOzoneClusterImpl-39631bd2-f83c-4f24-acb2-4c1b273f2694/datanode-3/data/ratis/075ff77c-a804-4c46-90eb-21a7578423a9
2019-09-12 10:32:08,882 [pool-346-thread-1] INFO  server.RaftServerConfigKeys (ConfUtils.java:logGet(43)) - raft.server.log.queue.byte-limit = 2147483647 (custom)
2019-09-12 10:32:08,882 [pool-346-thread-1] INFO  server.RaftServerConfigKeys (ConfUtils.java:logGet(43)) - raft.server.log.queue.element-limit = 1024 (custom)
2019-09-12 10:32:08,882 [pool-346-thread-1] INFO  server.RaftServerConfigKeys (ConfUtils.java:logGet(43)) - raft.server.log.segment.size.max = 1048576 (custom)
2019-09-12 10:32:08,882 [pool-346-thread-1] INFO  server.RaftServerConfigKeys (ConfUtils.java:logGet(43)) - raft.server.log.preallocated.size = 16384 (custom)
2019-09-12 10:32:08,882 [pool-346-thread-1] INFO  server.RaftServerConfigKeys (ConfUtils.java:logGet(43)) - raft.server.log.write.buffer.size = 33554432 (custom)
2019-09-12 10:32:08,883 [pool-346-thread-1] INFO  server.RaftServerConfigKeys (ConfUtils.java:logGet(43)) - raft.server.log.force.sync.num = 128 (default)
2019-09-12 10:32:08,883 [pool-346-thread-1] INFO  server.RaftServerConfigKeys (ConfUtils.java:logGet(43)) - raft.server.log.statemachine.data.sync = true (default)
2019-09-12 10:32:08,883 [pool-346-thread-1] INFO  server.RaftServerConfigKeys (ConfUtils.java:logGet(43)) - raft.server.log.statemachine.data.sync.timeout = 10s (default)
2019-09-12 10:32:08,883 [pool-346-thread-1] INFO  server.RaftServerConfigKeys (ConfUtils.java:logGet(43)) - raft.server.log.statemachine.data.sync.timeout.retry = -1 (default)
2019-09-12 10:32:08,883 [pool-346-thread-1] INFO  server.RaftServerConfigKeys (ConfUtils.java:logGet(43)) - raft.server.log.statemachine.data.caching.enabled = true (custom)
2019-09-12 10:32:08,883 [pool-346-thread-1] INFO  segmented.SegmentedRaftLogWorker (SegmentedRaftLogWorker.java:lambda$new$0(132)) - 2df0b56f-bcaf-45a1-b35e-f30a30c5f26c-SegmentedRaftLogWorker:Storage Directory /workdir/hadoop-ozone/integration-test/target/test-dir/MiniOzoneClusterImpl-39631bd2-f83c-4f24-acb2-4c1b273f2694/datanode-3/data/ratis/075ff77c-a804-4c46-90eb-21a7578423a9: flushIndex: setUnconditionally 0 -> -1
2019-09-12 10:32:08,884 [pool-346-thread-1] INFO  server.RaftServerConfigKeys (ConfUtils.java:logGet(43)) - raft.server.snapshot.auto.trigger.enabled = true (custom)
2019-09-12 10:32:08,884 [pool-346-thread-1] INFO  server.RaftServerConfigKeys (ConfUtils.java:logGet(43)) - raft.server.snapshot.auto.trigger.threshold = 10000 (custom)
2019-09-12 10:32:08,884 [pool-346-thread-1] INFO  server.RaftServerConfigKeys (ConfUtils.java:logGet(43)) - raft.server.retrycache.expirytime = 600000ms (custom)
2019-09-12 10:32:08,884 [pool-346-thread-1] INFO  impl.RaftServerImpl (RaftServerImpl.java:start(180)) - 2df0b56f-bcaf-45a1-b35e-f30a30c5f26c: start group-21A7578423A9
2019-09-12 10:32:08,884 [pool-346-thread-1] INFO  impl.RaftServerImpl (RaftServerImpl.java:setRole(171)) - 2df0b56f-bcaf-45a1-b35e-f30a30c5f26c:group-21A7578423A9 changes role from null to FOLLOWER at term 0 for startAsFollower
2019-09-12 10:32:08,884 [pool-346-thread-1] INFO  impl.RoleInfo (RoleInfo.java:updateAndGet(143)) - 2df0b56f-bcaf-45a1-b35e-f30a30c5f26c: start FollowerState
2019-09-12 10:32:08,884 [pool-346-thread-1] INFO  util.JmxRegister (JmxRegister.java:tryRegister(44)) - Successfully registered JMX Bean with object name Ratis:service=RaftServer,group=group-21A7578423A9,id=2df0b56f-bcaf-45a1-b35e-f30a30c5f26c
2019-09-12 10:32:08,887 [RatisPipelineUtilsThread] INFO  pipeline.PipelineStateManager (PipelineStateManager.java:addPipeline(56)) - Created pipeline Pipeline[ Id: 075ff77c-a804-4c46-90eb-21a7578423a9, Nodes: 2df0b56f-bcaf-45a1-b35e-f30a30c5f26c{ip: 192.168.36.114, host: pr-hdds-1569-58hkm-1881083799, networkLocation: /default-rack, certSerialId: null}, Type:RATIS, Factor:ONE, State:OPEN]
2019-09-12 10:32:08,887 [RatisPipelineUtilsThread] ERROR pipeline.PipelinePlacementPolicy (PipelinePlacementPolicy.java:meetCriteria(92)) - Pipeline Placement: Doesn't meet the criteria to be viable node. Heaviness: 6
2019-09-12 10:32:08,887 [RatisPipelineUtilsThread] ERROR pipeline.PipelinePlacementPolicy (PipelinePlacementPolicy.java:meetCriteria(92)) - Pipeline Placement: Doesn't meet the criteria to be viable node. Heaviness: 6
2019-09-12 10:32:08,888 [RatisPipelineUtilsThread] ERROR pipeline.PipelinePlacementPolicy (PipelinePlacementPolicy.java:meetCriteria(92)) - Pipeline Placement: Doesn't meet the criteria to be viable node. Heaviness: 6
2019-09-12 10:32:08,893 [grpc-default-executor-1] INFO  impl.RaftServerProxy (RaftServerProxy.java:addNew(89)) - 2df0b56f-bcaf-45a1-b35e-f30a30c5f26c: addNew group-09DAD320AA03:[2df0b56f-bcaf-45a1-b35e-f30a30c5f26c:192.168.36.114:36485] returns group-09DAD320AA03:java.util.concurrent.CompletableFuture@62f55d5c[Not completed]
2019-09-12 10:32:08,894 [pool-346-thread-1] INFO  impl.RaftServerImpl (RaftServerImpl.java:<init>(93)) - 2df0b56f-bcaf-45a1-b35e-f30a30c5f26c: new RaftServerImpl for group-09DAD320AA03:[2df0b56f-bcaf-45a1-b35e-f30a30c5f26c:192.168.36.114:36485] with ContainerStateMachine:uninitialized
2019-09-12 10:32:08,894 [pool-346-thread-1] INFO  server.RaftServerConfigKeys (ConfUtils.java:logGet(43)) - raft.server.rpc.timeout.min = 5s (custom)
2019-09-12 10:32:08,894 [pool-346-thread-1] INFO  server.RaftServerConfigKeys (ConfUtils.java:logGet(43)) - raft.server.rpc.timeout.max = 5200ms (custom)
2019-09-12 10:32:08,894 [pool-346-thread-1] INFO  server.RaftServerConfigKeys (ConfUtils.java:logGet(43)) - raft.server.rpcslowness.timeout = 120s (custom)
2019-09-12 10:32:08,894 [pool-346-thread-1] INFO  server.RaftServerConfigKeys (ConfUtils.java:logGet(43)) - raft.server.sleep.deviation.threshold = 300 (default)
2019-09-12 10:32:08,894 [pool-346-thread-1] INFO  server.RaftServerConfigKeys (ConfUtils.java:logGet(43)) - raft.server.log.appender.install.snapshot.enabled = false (custom)
2019-09-12 10:32:08,894 [pool-346-thread-1] INFO  impl.RaftServerImpl (ServerState.java:<init>(105)) - 2df0b56f-bcaf-45a1-b35e-f30a30c5f26c:group-09DAD320AA03 ConfigurationManager, init=-1: [2df0b56f-bcaf-45a1-b35e-f30a30c5f26c:192.168.36.114:36485], old=null, confs=<EMPTY_MAP>
2019-09-12 10:32:08,895 [pool-346-thread-1] INFO  server.RaftServerConfigKeys (ConfUtils.java:logGet(43)) - raft.server.storage.dir = [/workdir/hadoop-ozone/integration-test/target/test-dir/MiniOzoneClusterImpl-39631bd2-f83c-4f24-acb2-4c1b273f2694/datanode-3/data/ratis] (custom)
2019-09-12 10:32:08,895 [pool-346-thread-1] INFO  storage.RaftStorageDirectory (RaftStorageDirectory.java:analyzeStorage(246)) - The storage directory /workdir/hadoop-ozone/integration-test/target/test-dir/MiniOzoneClusterImpl-39631bd2-f83c-4f24-acb2-4c1b273f2694/datanode-3/data/ratis/cb3f26f1-5652-48d0-b8f5-09dad320aa03 does not exist. Creating ...
2019-09-12 10:32:08,908 [pool-346-thread-1] INFO  storage.RaftStorageDirectory (RaftStorageDirectory.java:tryLock(328)) - Lock on /workdir/hadoop-ozone/integration-test/target/test-dir/MiniOzoneClusterImpl-39631bd2-f83c-4f24-acb2-4c1b273f2694/datanode-3/data/ratis/cb3f26f1-5652-48d0-b8f5-09dad320aa03/in_use.lock acquired by nodename 1396@pr-hdds-1569-58hkm-1881083799
2019-09-12 10:32:08,920 [pool-346-thread-1] INFO  storage.RaftStorage (RaftStorage.java:format(72)) - Storage directory /workdir/hadoop-ozone/integration-test/target/test-dir/MiniOzoneClusterImpl-39631bd2-f83c-4f24-acb2-4c1b273f2694/datanode-3/data/ratis/cb3f26f1-5652-48d0-b8f5-09dad320aa03 has been successfully formatted.
2019-09-12 10:32:08,921 [pool-346-thread-1] INFO  ratis.ContainerStateMachine (ContainerStateMachine.java:loadSnapshot(226)) - group-09DAD320AA03: The snapshot info is null. Setting the last applied indexto:(t:0, i:~)
2019-09-12 10:32:08,921 [pool-346-thread-1] INFO  server.RaftServerConfigKeys (ConfUtils.java:logGet(43)) - raft.server.leader.election.timeout = 120s (custom)
2019-09-12 10:32:08,921 [pool-346-thread-1] INFO  server.RaftServerConfigKeys (ConfUtils.java:logGet(43)) - raft.server.log.use.memory = false (default)
2019-09-12 10:32:08,921 [pool-346-thread-1] INFO  server.RaftServerConfigKeys (ConfUtils.java:logGet(43)) - raft.server.log.purge.gap = 1000000 (custom)
2019-09-12 10:32:08,921 [pool-346-thread-1] INFO  server.RaftServerConfigKeys (ConfUtils.java:logGet(43)) - raft.server.log.appender.buffer.byte-limit = 33554432 (custom)
2019-09-12 10:32:08,921 [pool-346-thread-1] INFO  server.RaftServerConfigKeys (ConfUtils.java:logGet(43)) - raft.server.log.segment.size.max = 1048576 (custom)
2019-09-12 10:32:08,921 [pool-346-thread-1] INFO  server.RaftServerConfigKeys (ConfUtils.java:logGet(43)) - raft.server.log.segment.cache.num.max = 2 (custom)
2019-09-12 10:32:08,922 [pool-346-thread-1] INFO  segmented.SegmentedRaftLogWorker (SegmentedRaftLogWorker.java:<init>(172)) - new 2df0b56f-bcaf-45a1-b35e-f30a30c5f26c-SegmentedRaftLogWorker:Storage Directory /workdir/hadoop-ozone/integration-test/target/test-dir/MiniOzoneClusterImpl-39631bd2-f83c-4f24-acb2-4c1b273f2694/datanode-3/data/ratis/cb3f26f1-5652-48d0-b8f5-09dad320aa03 for RaftStorage:Storage Directory /workdir/hadoop-ozone/integration-test/target/test-dir/MiniOzoneClusterImpl-39631bd2-f83c-4f24-acb2-4c1b273f2694/datanode-3/data/ratis/cb3f26f1-5652-48d0-b8f5-09dad320aa03
2019-09-12 10:32:08,922 [pool-346-thread-1] INFO  server.RaftServerConfigKeys (ConfUtils.java:logGet(43)) - raft.server.log.queue.byte-limit = 2147483647 (custom)
2019-09-12 10:32:08,922 [pool-346-thread-1] INFO  server.RaftServerConfigKeys (ConfUtils.java:logGet(43)) - raft.server.log.queue.element-limit = 1024 (custom)
2019-09-12 10:32:08,922 [pool-346-thread-1] INFO  server.RaftServerConfigKeys (ConfUtils.java:logGet(43)) - raft.server.log.segment.size.max = 1048576 (custom)
2019-09-12 10:32:08,922 [pool-346-thread-1] INFO  server.RaftServerConfigKeys (ConfUtils.java:logGet(43)) - raft.server.log.preallocated.size = 16384 (custom)
2019-09-12 10:32:08,922 [pool-346-thread-1] INFO  server.RaftServerConfigKeys (ConfUtils.java:logGet(43)) - raft.server.log.write.buffer.size = 33554432 (custom)
2019-09-12 10:32:08,922 [pool-346-thread-1] INFO  server.RaftServerConfigKeys (ConfUtils.java:logGet(43)) - raft.server.log.force.sync.num = 128 (default)
2019-09-12 10:32:08,922 [pool-346-thread-1] INFO  server.RaftServerConfigKeys (ConfUtils.java:logGet(43)) - raft.server.log.statemachine.data.sync = true (default)
2019-09-12 10:32:08,922 [pool-346-thread-1] INFO  server.RaftServerConfigKeys (ConfUtils.java:logGet(43)) - raft.server.log.statemachine.data.sync.timeout = 10s (default)
2019-09-12 10:32:08,922 [pool-346-thread-1] INFO  server.RaftServerConfigKeys (ConfUtils.java:logGet(43)) - raft.server.log.statemachine.data.sync.timeout.retry = -1 (default)
2019-09-12 10:32:08,923 [pool-346-thread-1] INFO  server.RaftServerConfigKeys (ConfUtils.java:logGet(43)) - raft.server.log.statemachine.data.caching.enabled = true (custom)
2019-09-12 10:32:08,923 [pool-346-thread-1] INFO  segmented.SegmentedRaftLogWorker (SegmentedRaftLogWorker.java:lambda$new$0(132)) - 2df0b56f-bcaf-45a1-b35e-f30a30c5f26c-SegmentedRaftLogWorker:Storage Directory /workdir/hadoop-ozone/integration-test/target/test-dir/MiniOzoneClusterImpl-39631bd2-f83c-4f24-acb2-4c1b273f2694/datanode-3/data/ratis/cb3f26f1-5652-48d0-b8f5-09dad320aa03: flushIndex: setUnconditionally 0 -> -1
2019-09-12 10:32:08,923 [pool-346-thread-1] INFO  server.RaftServerConfigKeys (ConfUtils.java:logGet(43)) - raft.server.snapshot.auto.trigger.enabled = true (custom)
2019-09-12 10:32:08,923 [pool-346-thread-1] INFO  server.RaftServerConfigKeys (ConfUtils.java:logGet(43)) - raft.server.snapshot.auto.trigger.threshold = 10000 (custom)
2019-09-12 10:32:08,923 [pool-346-thread-1] INFO  server.RaftServerConfigKeys (ConfUtils.java:logGet(43)) - raft.server.retrycache.expirytime = 600000ms (custom)
2019-09-12 10:32:08,923 [pool-346-thread-1] INFO  impl.RaftServerImpl (RaftServerImpl.java:start(180)) - 2df0b56f-bcaf-45a1-b35e-f30a30c5f26c: start group-09DAD320AA03
2019-09-12 10:32:08,924 [pool-346-thread-1] INFO  impl.RaftServerImpl (RaftServerImpl.java:setRole(171)) - 2df0b56f-bcaf-45a1-b35e-f30a30c5f26c:group-09DAD320AA03 changes role from null to FOLLOWER at term 0 for startAsFollower
2019-09-12 10:32:08,924 [pool-346-thread-1] INFO  impl.RoleInfo (RoleInfo.java:updateAndGet(143)) - 2df0b56f-bcaf-45a1-b35e-f30a30c5f26c: start FollowerState
2019-09-12 10:32:08,924 [pool-346-thread-1] INFO  util.JmxRegister (JmxRegister.java:tryRegister(44)) - Successfully registered JMX Bean with object name Ratis:service=RaftServer,group=group-09DAD320AA03,id=2df0b56f-bcaf-45a1-b35e-f30a30c5f26c
2019-09-12 10:32:08,926 [RatisPipelineUtilsThread] INFO  pipeline.PipelineStateManager (PipelineStateManager.java:addPipeline(56)) - Created pipeline Pipeline[ Id: cb3f26f1-5652-48d0-b8f5-09dad320aa03, Nodes: 2df0b56f-bcaf-45a1-b35e-f30a30c5f26c{ip: 192.168.36.114, host: pr-hdds-1569-58hkm-1881083799, networkLocation: /default-rack, certSerialId: null}, Type:RATIS, Factor:ONE, State:OPEN]
2019-09-12 10:32:08,927 [RatisPipelineUtilsThread] ERROR pipeline.PipelinePlacementPolicy (PipelinePlacementPolicy.java:meetCriteria(92)) - Pipeline Placement: Doesn't meet the criteria to be viable node. Heaviness: 6
2019-09-12 10:32:08,927 [RatisPipelineUtilsThread] ERROR pipeline.PipelinePlacementPolicy (PipelinePlacementPolicy.java:meetCriteria(92)) - Pipeline Placement: Doesn't meet the criteria to be viable node. Heaviness: 6
2019-09-12 10:32:08,927 [RatisPipelineUtilsThread] ERROR pipeline.PipelinePlacementPolicy (PipelinePlacementPolicy.java:meetCriteria(92)) - Pipeline Placement: Doesn't meet the criteria to be viable node. Heaviness: 6
2019-09-12 10:32:08,932 [grpc-default-executor-1] INFO  impl.RaftServerProxy (RaftServerProxy.java:addNew(89)) - 2df0b56f-bcaf-45a1-b35e-f30a30c5f26c: addNew group-96CA4D480ADA:[2df0b56f-bcaf-45a1-b35e-f30a30c5f26c:192.168.36.114:36485] returns group-96CA4D480ADA:java.util.concurrent.CompletableFuture@2fb621f6[Not completed]
2019-09-12 10:32:08,933 [pool-346-thread-1] INFO  impl.RaftServerImpl (RaftServerImpl.java:<init>(93)) - 2df0b56f-bcaf-45a1-b35e-f30a30c5f26c: new RaftServerImpl for group-96CA4D480ADA:[2df0b56f-bcaf-45a1-b35e-f30a30c5f26c:192.168.36.114:36485] with ContainerStateMachine:uninitialized
2019-09-12 10:32:08,933 [pool-346-thread-1] INFO  server.RaftServerConfigKeys (ConfUtils.java:logGet(43)) - raft.server.rpc.timeout.min = 5s (custom)
2019-09-12 10:32:08,933 [pool-346-thread-1] INFO  server.RaftServerConfigKeys (ConfUtils.java:logGet(43)) - raft.server.rpc.timeout.max = 5200ms (custom)
2019-09-12 10:32:08,934 [pool-346-thread-1] INFO  server.RaftServerConfigKeys (ConfUtils.java:logGet(43)) - raft.server.rpcslowness.timeout = 120s (custom)
2019-09-12 10:32:08,934 | INFO  | SCMAudit | user=jenkins1000 | ip=192.168.36.114 | op=SEND_HEARTBEAT {datanodeUUID=c54af6f8-a22e-478f-90e1-029d14059a99, command=[]} | ret=SUCCESS |  
2019-09-12 10:32:08,934 | INFO  | SCMAudit | user=jenkins1000 | ip=192.168.36.114 | op=SEND_HEARTBEAT {datanodeUUID=ff438662-24cf-49bb-bfc5-3308ec6d286b, command=[]} | ret=SUCCESS |  
2019-09-12 10:32:08,934 | INFO  | SCMAudit | user=jenkins1000 | ip=192.168.36.114 | op=SEND_HEARTBEAT {datanodeUUID=2cb9d557-cb56-4745-8686-5e72b62e748a, command=[]} | ret=SUCCESS |  
2019-09-12 10:32:08,934 [pool-346-thread-1] INFO  server.RaftServerConfigKeys (ConfUtils.java:logGet(43)) - raft.server.sleep.deviation.threshold = 300 (default)
2019-09-12 10:32:08,934 | INFO  | SCMAudit | user=jenkins1000 | ip=192.168.36.114 | op=SEND_HEARTBEAT {datanodeUUID=2d50b591-d6e4-490f-9fa0-973ad5423bd7, command=[]} | ret=SUCCESS |  
2019-09-12 10:32:08,934 [pool-346-thread-1] INFO  server.RaftServerConfigKeys (ConfUtils.java:logGet(43)) - raft.server.log.appender.install.snapshot.enabled = false (custom)
2019-09-12 10:32:08,934 | INFO  | SCMAudit | user=jenkins1000 | ip=192.168.36.114 | op=SEND_HEARTBEAT {datanodeUUID=334c5273-7871-4d53-8b37-de05e5a3be10, command=[]} | ret=SUCCESS |  
2019-09-12 10:32:08,934 [pool-346-thread-1] INFO  impl.RaftServerImpl (ServerState.java:<init>(105)) - 2df0b56f-bcaf-45a1-b35e-f30a30c5f26c:group-96CA4D480ADA ConfigurationManager, init=-1: [2df0b56f-bcaf-45a1-b35e-f30a30c5f26c:192.168.36.114:36485], old=null, confs=<EMPTY_MAP>
2019-09-12 10:32:08,934 [pool-346-thread-1] INFO  server.RaftServerConfigKeys (ConfUtils.java:logGet(43)) - raft.server.storage.dir = [/workdir/hadoop-ozone/integration-test/target/test-dir/MiniOzoneClusterImpl-39631bd2-f83c-4f24-acb2-4c1b273f2694/datanode-3/data/ratis] (custom)
2019-09-12 10:32:08,934 | INFO  | SCMAudit | user=jenkins1000 | ip=192.168.36.114 | op=SEND_HEARTBEAT {datanodeUUID=accf000b-d7b7-4fa5-9682-da82c4451e10, command=[]} | ret=SUCCESS |  
2019-09-12 10:32:08,934 | INFO  | SCMAudit | user=jenkins1000 | ip=192.168.36.114 | op=SEND_HEARTBEAT {datanodeUUID=d9d65fd8-d100-497d-8460-9a4cf62b4ad5, command=[]} | ret=SUCCESS |  
2019-09-12 10:32:08,934 [pool-346-thread-1] INFO  storage.RaftStorageDirectory (RaftStorageDirectory.java:analyzeStorage(246)) - The storage directory /workdir/hadoop-ozone/integration-test/target/test-dir/MiniOzoneClusterImpl-39631bd2-f83c-4f24-acb2-4c1b273f2694/datanode-3/data/ratis/8171733a-464a-4e87-8236-96ca4d480ada does not exist. Creating ...
2019-09-12 10:32:08,935 | INFO  | SCMAudit | user=jenkins1000 | ip=192.168.36.114 | op=SEND_HEARTBEAT {datanodeUUID=ad8ae342-df06-4311-9d84-524877c98111, command=[]} | ret=SUCCESS |  
2019-09-12 10:32:08,935 | INFO  | SCMAudit | user=jenkins1000 | ip=192.168.36.114 | op=SEND_HEARTBEAT {datanodeUUID=9616c881-dbb1-48da-90dd-a872ed779a2e, command=[]} | ret=SUCCESS |  
2019-09-12 10:32:08,936 | INFO  | SCMAudit | user=jenkins1000 | ip=192.168.36.114 | op=SEND_HEARTBEAT {datanodeUUID=39df7a3f-9691-48d4-a2b1-6888489a5f8a, command=[]} | ret=SUCCESS |  
2019-09-12 10:32:08,937 | INFO  | SCMAudit | user=jenkins1000 | ip=192.168.36.114 | op=SEND_HEARTBEAT {datanodeUUID=c9031a36-5f7c-4098-8bea-8a46141708a6, command=[]} | ret=SUCCESS |  
2019-09-12 10:32:08,947 [pool-346-thread-1] INFO  storage.RaftStorageDirectory (RaftStorageDirectory.java:tryLock(328)) - Lock on /workdir/hadoop-ozone/integration-test/target/test-dir/MiniOzoneClusterImpl-39631bd2-f83c-4f24-acb2-4c1b273f2694/datanode-3/data/ratis/8171733a-464a-4e87-8236-96ca4d480ada/in_use.lock acquired by nodename 1396@pr-hdds-1569-58hkm-1881083799
2019-09-12 10:32:08,959 [pool-346-thread-1] INFO  storage.RaftStorage (RaftStorage.java:format(72)) - Storage directory /workdir/hadoop-ozone/integration-test/target/test-dir/MiniOzoneClusterImpl-39631bd2-f83c-4f24-acb2-4c1b273f2694/datanode-3/data/ratis/8171733a-464a-4e87-8236-96ca4d480ada has been successfully formatted.
2019-09-12 10:32:08,959 [pool-346-thread-1] INFO  ratis.ContainerStateMachine (ContainerStateMachine.java:loadSnapshot(226)) - group-96CA4D480ADA: The snapshot info is null. Setting the last applied indexto:(t:0, i:~)
2019-09-12 10:32:08,959 [pool-346-thread-1] INFO  server.RaftServerConfigKeys (ConfUtils.java:logGet(43)) - raft.server.leader.election.timeout = 120s (custom)
2019-09-12 10:32:08,960 [pool-346-thread-1] INFO  server.RaftServerConfigKeys (ConfUtils.java:logGet(43)) - raft.server.log.use.memory = false (default)
2019-09-12 10:32:08,960 [pool-346-thread-1] INFO  server.RaftServerConfigKeys (ConfUtils.java:logGet(43)) - raft.server.log.purge.gap = 1000000 (custom)
2019-09-12 10:32:08,960 [pool-346-thread-1] INFO  server.RaftServerConfigKeys (ConfUtils.java:logGet(43)) - raft.server.log.appender.buffer.byte-limit = 33554432 (custom)
2019-09-12 10:32:08,960 [pool-346-thread-1] INFO  server.RaftServerConfigKeys (ConfUtils.java:logGet(43)) - raft.server.log.segment.size.max = 1048576 (custom)
2019-09-12 10:32:08,960 [pool-346-thread-1] INFO  server.RaftServerConfigKeys (ConfUtils.java:logGet(43)) - raft.server.log.segment.cache.num.max = 2 (custom)
2019-09-12 10:32:08,960 [pool-346-thread-1] INFO  segmented.SegmentedRaftLogWorker (SegmentedRaftLogWorker.java:<init>(172)) - new 2df0b56f-bcaf-45a1-b35e-f30a30c5f26c-SegmentedRaftLogWorker:Storage Directory /workdir/hadoop-ozone/integration-test/target/test-dir/MiniOzoneClusterImpl-39631bd2-f83c-4f24-acb2-4c1b273f2694/datanode-3/data/ratis/8171733a-464a-4e87-8236-96ca4d480ada for RaftStorage:Storage Directory /workdir/hadoop-ozone/integration-test/target/test-dir/MiniOzoneClusterImpl-39631bd2-f83c-4f24-acb2-4c1b273f2694/datanode-3/data/ratis/8171733a-464a-4e87-8236-96ca4d480ada
2019-09-12 10:32:08,960 [pool-346-thread-1] INFO  server.RaftServerConfigKeys (ConfUtils.java:logGet(43)) - raft.server.log.queue.byte-limit = 2147483647 (custom)
2019-09-12 10:32:08,960 [pool-346-thread-1] INFO  server.RaftServerConfigKeys (ConfUtils.java:logGet(43)) - raft.server.log.queue.element-limit = 1024 (custom)
2019-09-12 10:32:08,960 [pool-346-thread-1] INFO  server.RaftServerConfigKeys (ConfUtils.java:logGet(43)) - raft.server.log.segment.size.max = 1048576 (custom)
2019-09-12 10:32:08,960 [pool-346-thread-1] INFO  server.RaftServerConfigKeys (ConfUtils.java:logGet(43)) - raft.server.log.preallocated.size = 16384 (custom)
2019-09-12 10:32:08,960 [pool-346-thread-1] INFO  server.RaftServerConfigKeys (ConfUtils.java:logGet(43)) - raft.server.log.write.buffer.size = 33554432 (custom)
2019-09-12 10:32:08,961 [pool-346-thread-1] INFO  server.RaftServerConfigKeys (ConfUtils.java:logGet(43)) - raft.server.log.force.sync.num = 128 (default)
2019-09-12 10:32:08,961 [pool-346-thread-1] INFO  server.RaftServerConfigKeys (ConfUtils.java:logGet(43)) - raft.server.log.statemachine.data.sync = true (default)
2019-09-12 10:32:08,961 [pool-346-thread-1] INFO  server.RaftServerConfigKeys (ConfUtils.java:logGet(43)) - raft.server.log.statemachine.data.sync.timeout = 10s (default)
2019-09-12 10:32:08,961 [pool-346-thread-1] INFO  server.RaftServerConfigKeys (ConfUtils.java:logGet(43)) - raft.server.log.statemachine.data.sync.timeout.retry = -1 (default)
2019-09-12 10:32:08,961 [pool-346-thread-1] INFO  server.RaftServerConfigKeys (ConfUtils.java:logGet(43)) - raft.server.log.statemachine.data.caching.enabled = true (custom)
2019-09-12 10:32:08,961 [pool-346-thread-1] INFO  segmented.SegmentedRaftLogWorker (SegmentedRaftLogWorker.java:lambda$new$0(132)) - 2df0b56f-bcaf-45a1-b35e-f30a30c5f26c-SegmentedRaftLogWorker:Storage Directory /workdir/hadoop-ozone/integration-test/target/test-dir/MiniOzoneClusterImpl-39631bd2-f83c-4f24-acb2-4c1b273f2694/datanode-3/data/ratis/8171733a-464a-4e87-8236-96ca4d480ada: flushIndex: setUnconditionally 0 -> -1
2019-09-12 10:32:08,961 [pool-346-thread-1] INFO  server.RaftServerConfigKeys (ConfUtils.java:logGet(43)) - raft.server.snapshot.auto.trigger.enabled = true (custom)
2019-09-12 10:32:08,961 [pool-346-thread-1] INFO  server.RaftServerConfigKeys (ConfUtils.java:logGet(43)) - raft.server.snapshot.auto.trigger.threshold = 10000 (custom)
2019-09-12 10:32:08,962 [pool-346-thread-1] INFO  server.RaftServerConfigKeys (ConfUtils.java:logGet(43)) - raft.server.retrycache.expirytime = 600000ms (custom)
2019-09-12 10:32:08,962 [pool-346-thread-1] INFO  impl.RaftServerImpl (RaftServerImpl.java:start(180)) - 2df0b56f-bcaf-45a1-b35e-f30a30c5f26c: start group-96CA4D480ADA
2019-09-12 10:32:08,962 [pool-346-thread-1] INFO  impl.RaftServerImpl (RaftServerImpl.java:setRole(171)) - 2df0b56f-bcaf-45a1-b35e-f30a30c5f26c:group-96CA4D480ADA changes role from null to FOLLOWER at term 0 for startAsFollower
2019-09-12 10:32:08,962 [pool-346-thread-1] INFO  impl.RoleInfo (RoleInfo.java:updateAndGet(143)) - 2df0b56f-bcaf-45a1-b35e-f30a30c5f26c: start FollowerState
2019-09-12 10:32:08,962 [pool-346-thread-1] INFO  util.JmxRegister (JmxRegister.java:tryRegister(44)) - Successfully registered JMX Bean with object name Ratis:service=RaftServer,group=group-96CA4D480ADA,id=2df0b56f-bcaf-45a1-b35e-f30a30c5f26c
2019-09-12 10:32:08,964 [RatisPipelineUtilsThread] INFO  pipeline.PipelineStateManager (PipelineStateManager.java:addPipeline(56)) - Created pipeline Pipeline[ Id: 8171733a-464a-4e87-8236-96ca4d480ada, Nodes: 2df0b56f-bcaf-45a1-b35e-f30a30c5f26c{ip: 192.168.36.114, host: pr-hdds-1569-58hkm-1881083799, networkLocation: /default-rack, certSerialId: null}, Type:RATIS, Factor:ONE, State:OPEN]
2019-09-12 10:32:08,964 [RatisPipelineUtilsThread] ERROR pipeline.PipelinePlacementPolicy (PipelinePlacementPolicy.java:meetCriteria(92)) - Pipeline Placement: Doesn't meet the criteria to be viable node. Heaviness: 6
2019-09-12 10:32:08,965 [RatisPipelineUtilsThread] ERROR pipeline.PipelinePlacementPolicy (PipelinePlacementPolicy.java:meetCriteria(92)) - Pipeline Placement: Doesn't meet the criteria to be viable node. Heaviness: 6
2019-09-12 10:32:08,965 [RatisPipelineUtilsThread] ERROR pipeline.PipelinePlacementPolicy (PipelinePlacementPolicy.java:meetCriteria(92)) - Pipeline Placement: Doesn't meet the criteria to be viable node. Heaviness: 6
2019-09-12 10:32:08,970 [grpc-default-executor-1] INFO  impl.RaftServerProxy (RaftServerProxy.java:addNew(89)) - 2df0b56f-bcaf-45a1-b35e-f30a30c5f26c: addNew group-F6ED8DF83672:[2df0b56f-bcaf-45a1-b35e-f30a30c5f26c:192.168.36.114:36485] returns group-F6ED8DF83672:java.util.concurrent.CompletableFuture@3cb28482[Not completed]
2019-09-12 10:32:08,970 [pool-346-thread-1] INFO  impl.RaftServerImpl (RaftServerImpl.java:<init>(93)) - 2df0b56f-bcaf-45a1-b35e-f30a30c5f26c: new RaftServerImpl for group-F6ED8DF83672:[2df0b56f-bcaf-45a1-b35e-f30a30c5f26c:192.168.36.114:36485] with ContainerStateMachine:uninitialized
2019-09-12 10:32:08,971 [pool-346-thread-1] INFO  server.RaftServerConfigKeys (ConfUtils.java:logGet(43)) - raft.server.rpc.timeout.min = 5s (custom)
2019-09-12 10:32:08,971 [pool-346-thread-1] INFO  server.RaftServerConfigKeys (ConfUtils.java:logGet(43)) - raft.server.rpc.timeout.max = 5200ms (custom)
2019-09-12 10:32:08,971 [pool-346-thread-1] INFO  server.RaftServerConfigKeys (ConfUtils.java:logGet(43)) - raft.server.rpcslowness.timeout = 120s (custom)
2019-09-12 10:32:08,971 [pool-346-thread-1] INFO  server.RaftServerConfigKeys (ConfUtils.java:logGet(43)) - raft.server.sleep.deviation.threshold = 300 (default)
2019-09-12 10:32:08,971 [pool-346-thread-1] INFO  server.RaftServerConfigKeys (ConfUtils.java:logGet(43)) - raft.server.log.appender.install.snapshot.enabled = false (custom)
2019-09-12 10:32:08,971 [pool-346-thread-1] INFO  impl.RaftServerImpl (ServerState.java:<init>(105)) - 2df0b56f-bcaf-45a1-b35e-f30a30c5f26c:group-F6ED8DF83672 ConfigurationManager, init=-1: [2df0b56f-bcaf-45a1-b35e-f30a30c5f26c:192.168.36.114:36485], old=null, confs=<EMPTY_MAP>
2019-09-12 10:32:08,971 [pool-346-thread-1] INFO  server.RaftServerConfigKeys (ConfUtils.java:logGet(43)) - raft.server.storage.dir = [/workdir/hadoop-ozone/integration-test/target/test-dir/MiniOzoneClusterImpl-39631bd2-f83c-4f24-acb2-4c1b273f2694/datanode-3/data/ratis] (custom)
2019-09-12 10:32:08,971 [pool-346-thread-1] INFO  storage.RaftStorageDirectory (RaftStorageDirectory.java:analyzeStorage(246)) - The storage directory /workdir/hadoop-ozone/integration-test/target/test-dir/MiniOzoneClusterImpl-39631bd2-f83c-4f24-acb2-4c1b273f2694/datanode-3/data/ratis/44f8e9c2-003a-49a7-b74f-f6ed8df83672 does not exist. Creating ...
2019-09-12 10:32:08,973 [main] INFO  ozone.MiniOzoneClusterImpl (MiniOzoneClusterImpl.java:lambda$waitForClusterToBeReady$0(142)) - Waiting for cluster to be ready. Got 4 of 7 DN Heartbeats.
2019-09-12 10:32:08,987 [pool-346-thread-1] INFO  storage.RaftStorageDirectory (RaftStorageDirectory.java:tryLock(328)) - Lock on /workdir/hadoop-ozone/integration-test/target/test-dir/MiniOzoneClusterImpl-39631bd2-f83c-4f24-acb2-4c1b273f2694/datanode-3/data/ratis/44f8e9c2-003a-49a7-b74f-f6ed8df83672/in_use.lock acquired by nodename 1396@pr-hdds-1569-58hkm-1881083799
2019-09-12 10:32:09,014 [pool-346-thread-1] INFO  storage.RaftStorage (RaftStorage.java:format(72)) - Storage directory /workdir/hadoop-ozone/integration-test/target/test-dir/MiniOzoneClusterImpl-39631bd2-f83c-4f24-acb2-4c1b273f2694/datanode-3/data/ratis/44f8e9c2-003a-49a7-b74f-f6ed8df83672 has been successfully formatted.
2019-09-12 10:32:09,015 [pool-346-thread-1] INFO  ratis.ContainerStateMachine (ContainerStateMachine.java:loadSnapshot(226)) - group-F6ED8DF83672: The snapshot info is null. Setting the last applied indexto:(t:0, i:~)
2019-09-12 10:32:09,015 [pool-346-thread-1] INFO  server.RaftServerConfigKeys (ConfUtils.java:logGet(43)) - raft.server.leader.election.timeout = 120s (custom)
2019-09-12 10:32:09,015 [pool-346-thread-1] INFO  server.RaftServerConfigKeys (ConfUtils.java:logGet(43)) - raft.server.log.use.memory = false (default)
2019-09-12 10:32:09,015 [pool-346-thread-1] INFO  server.RaftServerConfigKeys (ConfUtils.java:logGet(43)) - raft.server.log.purge.gap = 1000000 (custom)
2019-09-12 10:32:09,015 [pool-346-thread-1] INFO  server.RaftServerConfigKeys (ConfUtils.java:logGet(43)) - raft.server.log.appender.buffer.byte-limit = 33554432 (custom)
2019-09-12 10:32:09,015 [pool-346-thread-1] INFO  server.RaftServerConfigKeys (ConfUtils.java:logGet(43)) - raft.server.log.segment.size.max = 1048576 (custom)
2019-09-12 10:32:09,015 [pool-346-thread-1] INFO  server.RaftServerConfigKeys (ConfUtils.java:logGet(43)) - raft.server.log.segment.cache.num.max = 2 (custom)
2019-09-12 10:32:09,015 [pool-346-thread-1] INFO  segmented.SegmentedRaftLogWorker (SegmentedRaftLogWorker.java:<init>(172)) - new 2df0b56f-bcaf-45a1-b35e-f30a30c5f26c-SegmentedRaftLogWorker:Storage Directory /workdir/hadoop-ozone/integration-test/target/test-dir/MiniOzoneClusterImpl-39631bd2-f83c-4f24-acb2-4c1b273f2694/datanode-3/data/ratis/44f8e9c2-003a-49a7-b74f-f6ed8df83672 for RaftStorage:Storage Directory /workdir/hadoop-ozone/integration-test/target/test-dir/MiniOzoneClusterImpl-39631bd2-f83c-4f24-acb2-4c1b273f2694/datanode-3/data/ratis/44f8e9c2-003a-49a7-b74f-f6ed8df83672
2019-09-12 10:32:09,016 [pool-346-thread-1] INFO  server.RaftServerConfigKeys (ConfUtils.java:logGet(43)) - raft.server.log.queue.byte-limit = 2147483647 (custom)
2019-09-12 10:32:09,016 [pool-346-thread-1] INFO  server.RaftServerConfigKeys (ConfUtils.java:logGet(43)) - raft.server.log.queue.element-limit = 1024 (custom)
2019-09-12 10:32:09,016 [pool-346-thread-1] INFO  server.RaftServerConfigKeys (ConfUtils.java:logGet(43)) - raft.server.log.segment.size.max = 1048576 (custom)
2019-09-12 10:32:09,016 [pool-346-thread-1] INFO  server.RaftServerConfigKeys (ConfUtils.java:logGet(43)) - raft.server.log.preallocated.size = 16384 (custom)
2019-09-12 10:32:09,016 [pool-346-thread-1] INFO  server.RaftServerConfigKeys (ConfUtils.java:logGet(43)) - raft.server.log.write.buffer.size = 33554432 (custom)
2019-09-12 10:32:09,016 [pool-346-thread-1] INFO  server.RaftServerConfigKeys (ConfUtils.java:logGet(43)) - raft.server.log.force.sync.num = 128 (default)
2019-09-12 10:32:09,016 [pool-346-thread-1] INFO  server.RaftServerConfigKeys (ConfUtils.java:logGet(43)) - raft.server.log.statemachine.data.sync = true (default)
2019-09-12 10:32:09,016 [pool-346-thread-1] INFO  server.RaftServerConfigKeys (ConfUtils.java:logGet(43)) - raft.server.log.statemachine.data.sync.timeout = 10s (default)
2019-09-12 10:32:09,016 [pool-346-thread-1] INFO  server.RaftServerConfigKeys (ConfUtils.java:logGet(43)) - raft.server.log.statemachine.data.sync.timeout.retry = -1 (default)
2019-09-12 10:32:09,017 [pool-346-thread-1] INFO  server.RaftServerConfigKeys (ConfUtils.java:logGet(43)) - raft.server.log.statemachine.data.caching.enabled = true (custom)
2019-09-12 10:32:09,017 [pool-346-thread-1] INFO  segmented.SegmentedRaftLogWorker (SegmentedRaftLogWorker.java:lambda$new$0(132)) - 2df0b56f-bcaf-45a1-b35e-f30a30c5f26c-SegmentedRaftLogWorker:Storage Directory /workdir/hadoop-ozone/integration-test/target/test-dir/MiniOzoneClusterImpl-39631bd2-f83c-4f24-acb2-4c1b273f2694/datanode-3/data/ratis/44f8e9c2-003a-49a7-b74f-f6ed8df83672: flushIndex: setUnconditionally 0 -> -1
2019-09-12 10:32:09,017 [pool-346-thread-1] INFO  server.RaftServerConfigKeys (ConfUtils.java:logGet(43)) - raft.server.snapshot.auto.trigger.enabled = true (custom)
2019-09-12 10:32:09,017 [pool-346-thread-1] INFO  server.RaftServerConfigKeys (ConfUtils.java:logGet(43)) - raft.server.snapshot.auto.trigger.threshold = 10000 (custom)
2019-09-12 10:32:09,017 [pool-346-thread-1] INFO  server.RaftServerConfigKeys (ConfUtils.java:logGet(43)) - raft.server.retrycache.expirytime = 600000ms (custom)
2019-09-12 10:32:09,018 [pool-346-thread-1] INFO  impl.RaftServerImpl (RaftServerImpl.java:start(180)) - 2df0b56f-bcaf-45a1-b35e-f30a30c5f26c: start group-F6ED8DF83672
2019-09-12 10:32:09,018 [pool-346-thread-1] INFO  impl.RaftServerImpl (RaftServerImpl.java:setRole(171)) - 2df0b56f-bcaf-45a1-b35e-f30a30c5f26c:group-F6ED8DF83672 changes role from null to FOLLOWER at term 0 for startAsFollower
2019-09-12 10:32:09,018 [pool-346-thread-1] INFO  impl.RoleInfo (RoleInfo.java:updateAndGet(143)) - 2df0b56f-bcaf-45a1-b35e-f30a30c5f26c: start FollowerState
2019-09-12 10:32:09,018 [pool-346-thread-1] INFO  util.JmxRegister (JmxRegister.java:tryRegister(44)) - Successfully registered JMX Bean with object name Ratis:service=RaftServer,group=group-F6ED8DF83672,id=2df0b56f-bcaf-45a1-b35e-f30a30c5f26c
2019-09-12 10:32:09,021 [RatisPipelineUtilsThread] INFO  pipeline.PipelineStateManager (PipelineStateManager.java:addPipeline(56)) - Created pipeline Pipeline[ Id: 44f8e9c2-003a-49a7-b74f-f6ed8df83672, Nodes: 2df0b56f-bcaf-45a1-b35e-f30a30c5f26c{ip: 192.168.36.114, host: pr-hdds-1569-58hkm-1881083799, networkLocation: /default-rack, certSerialId: null}, Type:RATIS, Factor:ONE, State:OPEN]
2019-09-12 10:32:09,021 [RatisPipelineUtilsThread] ERROR pipeline.PipelinePlacementPolicy (PipelinePlacementPolicy.java:meetCriteria(92)) - Pipeline Placement: Doesn't meet the criteria to be viable node. Heaviness: 6
2019-09-12 10:32:09,021 [RatisPipelineUtilsThread] ERROR pipeline.PipelinePlacementPolicy (PipelinePlacementPolicy.java:meetCriteria(92)) - Pipeline Placement: Doesn't meet the criteria to be viable node. Heaviness: 6
2019-09-12 10:32:09,021 [RatisPipelineUtilsThread] ERROR pipeline.PipelinePlacementPolicy (PipelinePlacementPolicy.java:meetCriteria(92)) - Pipeline Placement: Doesn't meet the criteria to be viable node. Heaviness: 6
2019-09-12 10:32:09,021 [RatisPipelineUtilsThread] ERROR pipeline.PipelinePlacementPolicy (PipelinePlacementPolicy.java:meetCriteria(92)) - Pipeline Placement: Doesn't meet the criteria to be viable node. Heaviness: 6
2019-09-12 10:32:09,022 [RatisPipelineUtilsThread] ERROR pipeline.PipelinePlacementPolicy (PipelinePlacementPolicy.java:filterViableNodes(147)) - Unable to find enough nodes that meet the criteria that cannot engage in more than 5 pipelines. Nodes required: 1 Found: 0, healthy nodes count inNodeManager: 4.
2019-09-12 10:32:09,022 [RatisPipelineUtilsThread] ERROR pipeline.SCMPipelineManager (SCMPipelineManager.java:createPipeline(161)) - Pipeline creation failed due to exception: Unable to find enough nodes that meet the criteria that cannot engage in more than 5 pipelines. Nodes required: 1 Found: 0, healthy nodes count inNodeManager: 4.
2019-09-12 10:32:09,022 [RatisPipelineUtilsThread] ERROR pipeline.PipelinePlacementPolicy (PipelinePlacementPolicy.java:meetCriteria(92)) - Pipeline Placement: Doesn't meet the criteria to be viable node. Heaviness: 6
2019-09-12 10:32:09,022 [RatisPipelineUtilsThread] ERROR pipeline.PipelinePlacementPolicy (PipelinePlacementPolicy.java:meetCriteria(92)) - Pipeline Placement: Doesn't meet the criteria to be viable node. Heaviness: 6
2019-09-12 10:32:09,022 [RatisPipelineUtilsThread] ERROR pipeline.PipelinePlacementPolicy (PipelinePlacementPolicy.java:meetCriteria(92)) - Pipeline Placement: Doesn't meet the criteria to be viable node. Heaviness: 6
2019-09-12 10:32:09,022 [RatisPipelineUtilsThread] ERROR pipeline.PipelinePlacementPolicy (PipelinePlacementPolicy.java:meetCriteria(92)) - Pipeline Placement: Doesn't meet the criteria to be viable node. Heaviness: 6
2019-09-12 10:32:09,022 [RatisPipelineUtilsThread] ERROR pipeline.PipelinePlacementPolicy (PipelinePlacementPolicy.java:filterViableNodes(147)) - Unable to find enough nodes that meet the criteria that cannot engage in more than 5 pipelines. Nodes required: 3 Found: 0, healthy nodes count inNodeManager: 4.
2019-09-12 10:32:09,022 [RatisPipelineUtilsThread] ERROR pipeline.SCMPipelineManager (SCMPipelineManager.java:createPipeline(161)) - Pipeline creation failed due to exception: Unable to find enough nodes that meet the criteria that cannot engage in more than 5 pipelines. Nodes required: 3 Found: 0, healthy nodes count inNodeManager: 4.
2019-09-12 10:32:09,081 | INFO  | SCMAudit | user=jenkins1000 | ip=192.168.36.114 | op=SEND_HEARTBEAT {datanodeUUID=57729e88-c64a-441d-a40e-ceaddf64552e, command=[]} | ret=SUCCESS |  
2019-09-12 10:32:09,132 [IPC Server handler 12 on 34994] INFO  net.NetworkTopology (NetworkTopologyImpl.java:add(110)) - Added a new node: /default-rack/f85b420b-0060-4bb9-9f68-598eed9b442f
2019-09-12 10:32:09,132 [IPC Server handler 12 on 34994] INFO  node.SCMNodeManager (SCMNodeManager.java:register(273)) - Registered Data node : f85b420b-0060-4bb9-9f68-598eed9b442f{ip: 192.168.36.114, host: pr-hdds-1569-58hkm-1881083799, networkLocation: /default-rack, certSerialId: null}
2019-09-12 10:32:09,132 [RatisPipelineUtilsThread] ERROR pipeline.PipelinePlacementPolicy (PipelinePlacementPolicy.java:meetCriteria(92)) - Pipeline Placement: Doesn't meet the criteria to be viable node. Heaviness: 6
2019-09-12 10:32:09,132 | INFO  | SCMAudit | user=jenkins1000 | ip=192.168.36.114 | op=REGISTER {datanodeDetails=f85b420b-0060-4bb9-9f68-598eed9b442f{ip: 192.168.36.114, host: pr-hdds-1569-58hkm-1881083799, networkLocation: /default-rack, certSerialId: null}} | ret=SUCCESS |  
2019-09-12 10:32:09,132 [RatisPipelineUtilsThread] ERROR pipeline.PipelinePlacementPolicy (PipelinePlacementPolicy.java:meetCriteria(92)) - Pipeline Placement: Doesn't meet the criteria to be viable node. Heaviness: 6
2019-09-12 10:32:09,132 [RatisPipelineUtilsThread] ERROR pipeline.PipelinePlacementPolicy (PipelinePlacementPolicy.java:meetCriteria(92)) - Pipeline Placement: Doesn't meet the criteria to be viable node. Heaviness: 6
2019-09-12 10:32:09,133 [RatisPipelineUtilsThread] ERROR pipeline.PipelinePlacementPolicy (PipelinePlacementPolicy.java:meetCriteria(92)) - Pipeline Placement: Doesn't meet the criteria to be viable node. Heaviness: 6
2019-09-12 10:32:09,150 [grpc-default-executor-1] INFO  impl.RaftServerProxy (RaftServerProxy.java:addNew(89)) - f85b420b-0060-4bb9-9f68-598eed9b442f: addNew group-5DC5B2DA0026:[f85b420b-0060-4bb9-9f68-598eed9b442f:192.168.36.114:39826] returns group-5DC5B2DA0026:java.util.concurrent.CompletableFuture@237c4315[Not completed]
2019-09-12 10:32:09,151 [pool-357-thread-1] INFO  impl.RaftServerImpl (RaftServerImpl.java:<init>(93)) - f85b420b-0060-4bb9-9f68-598eed9b442f: new RaftServerImpl for group-5DC5B2DA0026:[f85b420b-0060-4bb9-9f68-598eed9b442f:192.168.36.114:39826] with ContainerStateMachine:uninitialized
2019-09-12 10:32:09,151 [pool-357-thread-1] INFO  server.RaftServerConfigKeys (ConfUtils.java:logGet(43)) - raft.server.rpc.timeout.min = 5s (custom)
2019-09-12 10:32:09,152 [pool-357-thread-1] INFO  server.RaftServerConfigKeys (ConfUtils.java:logGet(43)) - raft.server.rpc.timeout.max = 5200ms (custom)
2019-09-12 10:32:09,152 [pool-357-thread-1] INFO  server.RaftServerConfigKeys (ConfUtils.java:logGet(43)) - raft.server.rpcslowness.timeout = 120s (custom)
2019-09-12 10:32:09,152 [pool-357-thread-1] INFO  server.RaftServerConfigKeys (ConfUtils.java:logGet(43)) - raft.server.sleep.deviation.threshold = 300 (default)
2019-09-12 10:32:09,152 [pool-357-thread-1] INFO  server.RaftServerConfigKeys (ConfUtils.java:logGet(43)) - raft.server.log.appender.install.snapshot.enabled = false (custom)
2019-09-12 10:32:09,152 [pool-357-thread-1] INFO  impl.RaftServerImpl (ServerState.java:<init>(105)) - f85b420b-0060-4bb9-9f68-598eed9b442f:group-5DC5B2DA0026 ConfigurationManager, init=-1: [f85b420b-0060-4bb9-9f68-598eed9b442f:192.168.36.114:39826], old=null, confs=<EMPTY_MAP>
2019-09-12 10:32:09,152 [pool-357-thread-1] INFO  server.RaftServerConfigKeys (ConfUtils.java:logGet(43)) - raft.server.storage.dir = [/workdir/hadoop-ozone/integration-test/target/test-dir/MiniOzoneClusterImpl-39631bd2-f83c-4f24-acb2-4c1b273f2694/datanode-4/data/ratis] (custom)
2019-09-12 10:32:09,153 [pool-357-thread-1] INFO  storage.RaftStorageDirectory (RaftStorageDirectory.java:analyzeStorage(246)) - The storage directory /workdir/hadoop-ozone/integration-test/target/test-dir/MiniOzoneClusterImpl-39631bd2-f83c-4f24-acb2-4c1b273f2694/datanode-4/data/ratis/6232cc96-e05a-445c-abd0-5dc5b2da0026 does not exist. Creating ...
2019-09-12 10:32:09,166 [pool-357-thread-1] INFO  storage.RaftStorageDirectory (RaftStorageDirectory.java:tryLock(328)) - Lock on /workdir/hadoop-ozone/integration-test/target/test-dir/MiniOzoneClusterImpl-39631bd2-f83c-4f24-acb2-4c1b273f2694/datanode-4/data/ratis/6232cc96-e05a-445c-abd0-5dc5b2da0026/in_use.lock acquired by nodename 1396@pr-hdds-1569-58hkm-1881083799
2019-09-12 10:32:09,192 [pool-357-thread-1] INFO  storage.RaftStorage (RaftStorage.java:format(72)) - Storage directory /workdir/hadoop-ozone/integration-test/target/test-dir/MiniOzoneClusterImpl-39631bd2-f83c-4f24-acb2-4c1b273f2694/datanode-4/data/ratis/6232cc96-e05a-445c-abd0-5dc5b2da0026 has been successfully formatted.
2019-09-12 10:32:09,193 [pool-357-thread-1] INFO  ratis.ContainerStateMachine (ContainerStateMachine.java:loadSnapshot(226)) - group-5DC5B2DA0026: The snapshot info is null. Setting the last applied indexto:(t:0, i:~)
2019-09-12 10:32:09,193 [pool-357-thread-1] INFO  server.RaftServerConfigKeys (ConfUtils.java:logGet(43)) - raft.server.leader.election.timeout = 120s (custom)
2019-09-12 10:32:09,193 [pool-357-thread-1] INFO  server.RaftServerConfigKeys (ConfUtils.java:logGet(43)) - raft.server.log.use.memory = false (default)
2019-09-12 10:32:09,194 [pool-357-thread-1] INFO  server.RaftServerConfigKeys (ConfUtils.java:logGet(43)) - raft.server.log.purge.gap = 1000000 (custom)
2019-09-12 10:32:09,194 [pool-357-thread-1] INFO  server.RaftServerConfigKeys (ConfUtils.java:logGet(43)) - raft.server.log.appender.buffer.byte-limit = 33554432 (custom)
2019-09-12 10:32:09,194 [pool-357-thread-1] INFO  server.RaftServerConfigKeys (ConfUtils.java:logGet(43)) - raft.server.log.segment.size.max = 1048576 (custom)
2019-09-12 10:32:09,194 [pool-357-thread-1] INFO  server.RaftServerConfigKeys (ConfUtils.java:logGet(43)) - raft.server.log.segment.cache.num.max = 2 (custom)
2019-09-12 10:32:09,194 [pool-357-thread-1] INFO  segmented.SegmentedRaftLogWorker (SegmentedRaftLogWorker.java:<init>(172)) - new f85b420b-0060-4bb9-9f68-598eed9b442f-SegmentedRaftLogWorker:Storage Directory /workdir/hadoop-ozone/integration-test/target/test-dir/MiniOzoneClusterImpl-39631bd2-f83c-4f24-acb2-4c1b273f2694/datanode-4/data/ratis/6232cc96-e05a-445c-abd0-5dc5b2da0026 for RaftStorage:Storage Directory /workdir/hadoop-ozone/integration-test/target/test-dir/MiniOzoneClusterImpl-39631bd2-f83c-4f24-acb2-4c1b273f2694/datanode-4/data/ratis/6232cc96-e05a-445c-abd0-5dc5b2da0026
2019-09-12 10:32:09,195 [pool-357-thread-1] INFO  server.RaftServerConfigKeys (ConfUtils.java:logGet(43)) - raft.server.log.queue.byte-limit = 2147483647 (custom)
2019-09-12 10:32:09,195 [pool-357-thread-1] INFO  server.RaftServerConfigKeys (ConfUtils.java:logGet(43)) - raft.server.log.queue.element-limit = 1024 (custom)
2019-09-12 10:32:09,195 [pool-357-thread-1] INFO  server.RaftServerConfigKeys (ConfUtils.java:logGet(43)) - raft.server.log.segment.size.max = 1048576 (custom)
2019-09-12 10:32:09,195 [pool-357-thread-1] INFO  server.RaftServerConfigKeys (ConfUtils.java:logGet(43)) - raft.server.log.preallocated.size = 16384 (custom)
2019-09-12 10:32:09,196 [pool-357-thread-1] INFO  server.RaftServerConfigKeys (ConfUtils.java:logGet(43)) - raft.server.log.write.buffer.size = 33554432 (custom)
2019-09-12 10:32:09,196 [pool-357-thread-1] INFO  server.RaftServerConfigKeys (ConfUtils.java:logGet(43)) - raft.server.log.force.sync.num = 128 (default)
2019-09-12 10:32:09,196 [pool-357-thread-1] INFO  server.RaftServerConfigKeys (ConfUtils.java:logGet(43)) - raft.server.log.statemachine.data.sync = true (default)
2019-09-12 10:32:09,196 [pool-357-thread-1] INFO  server.RaftServerConfigKeys (ConfUtils.java:logGet(43)) - raft.server.log.statemachine.data.sync.timeout = 10s (default)
2019-09-12 10:32:09,196 [pool-357-thread-1] INFO  server.RaftServerConfigKeys (ConfUtils.java:logGet(43)) - raft.server.log.statemachine.data.sync.timeout.retry = -1 (default)
2019-09-12 10:32:09,197 [pool-357-thread-1] INFO  server.RaftServerConfigKeys (ConfUtils.java:logGet(43)) - raft.server.log.statemachine.data.caching.enabled = true (custom)
2019-09-12 10:32:09,197 [pool-357-thread-1] INFO  segmented.SegmentedRaftLogWorker (SegmentedRaftLogWorker.java:lambda$new$0(132)) - f85b420b-0060-4bb9-9f68-598eed9b442f-SegmentedRaftLogWorker:Storage Directory /workdir/hadoop-ozone/integration-test/target/test-dir/MiniOzoneClusterImpl-39631bd2-f83c-4f24-acb2-4c1b273f2694/datanode-4/data/ratis/6232cc96-e05a-445c-abd0-5dc5b2da0026: flushIndex: setUnconditionally 0 -> -1
2019-09-12 10:32:09,198 [pool-357-thread-1] INFO  server.RaftServerConfigKeys (ConfUtils.java:logGet(43)) - raft.server.snapshot.auto.trigger.enabled = true (custom)
2019-09-12 10:32:09,198 [pool-357-thread-1] INFO  server.RaftServerConfigKeys (ConfUtils.java:logGet(43)) - raft.server.snapshot.auto.trigger.threshold = 10000 (custom)
2019-09-12 10:32:09,198 [pool-357-thread-1] INFO  server.RaftServerConfigKeys (ConfUtils.java:logGet(43)) - raft.server.retrycache.expirytime = 600000ms (custom)
2019-09-12 10:32:09,198 [pool-357-thread-1] INFO  impl.RaftServerImpl (RaftServerImpl.java:start(180)) - f85b420b-0060-4bb9-9f68-598eed9b442f: start group-5DC5B2DA0026
2019-09-12 10:32:09,198 [pool-357-thread-1] INFO  impl.RaftServerImpl (RaftServerImpl.java:setRole(171)) - f85b420b-0060-4bb9-9f68-598eed9b442f:group-5DC5B2DA0026 changes role from null to FOLLOWER at term 0 for startAsFollower
2019-09-12 10:32:09,199 [pool-357-thread-1] INFO  impl.RoleInfo (RoleInfo.java:updateAndGet(143)) - f85b420b-0060-4bb9-9f68-598eed9b442f: start FollowerState
2019-09-12 10:32:09,199 [pool-357-thread-1] INFO  util.JmxRegister (JmxRegister.java:tryRegister(44)) - Successfully registered JMX Bean with object name Ratis:service=RaftServer,group=group-5DC5B2DA0026,id=f85b420b-0060-4bb9-9f68-598eed9b442f
2019-09-12 10:32:09,210 [RatisPipelineUtilsThread] INFO  pipeline.PipelineStateManager (PipelineStateManager.java:addPipeline(56)) - Created pipeline Pipeline[ Id: 6232cc96-e05a-445c-abd0-5dc5b2da0026, Nodes: f85b420b-0060-4bb9-9f68-598eed9b442f{ip: 192.168.36.114, host: pr-hdds-1569-58hkm-1881083799, networkLocation: /default-rack, certSerialId: null}, Type:RATIS, Factor:ONE, State:OPEN]
2019-09-12 10:32:09,210 [RatisPipelineUtilsThread] ERROR pipeline.PipelinePlacementPolicy (PipelinePlacementPolicy.java:meetCriteria(92)) - Pipeline Placement: Doesn't meet the criteria to be viable node. Heaviness: 6
2019-09-12 10:32:09,210 [RatisPipelineUtilsThread] ERROR pipeline.PipelinePlacementPolicy (PipelinePlacementPolicy.java:meetCriteria(92)) - Pipeline Placement: Doesn't meet the criteria to be viable node. Heaviness: 6
2019-09-12 10:32:09,211 [RatisPipelineUtilsThread] ERROR pipeline.PipelinePlacementPolicy (PipelinePlacementPolicy.java:meetCriteria(92)) - Pipeline Placement: Doesn't meet the criteria to be viable node. Heaviness: 6
2019-09-12 10:32:09,211 [RatisPipelineUtilsThread] ERROR pipeline.PipelinePlacementPolicy (PipelinePlacementPolicy.java:meetCriteria(92)) - Pipeline Placement: Doesn't meet the criteria to be viable node. Heaviness: 6
2019-09-12 10:32:09,217 [grpc-default-executor-1] INFO  impl.RaftServerProxy (RaftServerProxy.java:addNew(89)) - f85b420b-0060-4bb9-9f68-598eed9b442f: addNew group-13ABB81B8EF4:[f85b420b-0060-4bb9-9f68-598eed9b442f:192.168.36.114:39826] returns group-13ABB81B8EF4:java.util.concurrent.CompletableFuture@4f7262cf[Not completed]
2019-09-12 10:32:09,218 [pool-357-thread-1] INFO  impl.RaftServerImpl (RaftServerImpl.java:<init>(93)) - f85b420b-0060-4bb9-9f68-598eed9b442f: new RaftServerImpl for group-13ABB81B8EF4:[f85b420b-0060-4bb9-9f68-598eed9b442f:192.168.36.114:39826] with ContainerStateMachine:uninitialized
2019-09-12 10:32:09,219 [pool-357-thread-1] INFO  server.RaftServerConfigKeys (ConfUtils.java:logGet(43)) - raft.server.rpc.timeout.min = 5s (custom)
2019-09-12 10:32:09,219 [pool-357-thread-1] INFO  server.RaftServerConfigKeys (ConfUtils.java:logGet(43)) - raft.server.rpc.timeout.max = 5200ms (custom)
2019-09-12 10:32:09,219 [pool-357-thread-1] INFO  server.RaftServerConfigKeys (ConfUtils.java:logGet(43)) - raft.server.rpcslowness.timeout = 120s (custom)
2019-09-12 10:32:09,219 [pool-357-thread-1] INFO  server.RaftServerConfigKeys (ConfUtils.java:logGet(43)) - raft.server.sleep.deviation.threshold = 300 (default)
2019-09-12 10:32:09,219 [pool-357-thread-1] INFO  server.RaftServerConfigKeys (ConfUtils.java:logGet(43)) - raft.server.log.appender.install.snapshot.enabled = false (custom)
2019-09-12 10:32:09,219 [pool-357-thread-1] INFO  impl.RaftServerImpl (ServerState.java:<init>(105)) - f85b420b-0060-4bb9-9f68-598eed9b442f:group-13ABB81B8EF4 ConfigurationManager, init=-1: [f85b420b-0060-4bb9-9f68-598eed9b442f:192.168.36.114:39826], old=null, confs=<EMPTY_MAP>
2019-09-12 10:32:09,219 [pool-357-thread-1] INFO  server.RaftServerConfigKeys (ConfUtils.java:logGet(43)) - raft.server.storage.dir = [/workdir/hadoop-ozone/integration-test/target/test-dir/MiniOzoneClusterImpl-39631bd2-f83c-4f24-acb2-4c1b273f2694/datanode-4/data/ratis] (custom)
2019-09-12 10:32:09,220 [pool-357-thread-1] INFO  storage.RaftStorageDirectory (RaftStorageDirectory.java:analyzeStorage(246)) - The storage directory /workdir/hadoop-ozone/integration-test/target/test-dir/MiniOzoneClusterImpl-39631bd2-f83c-4f24-acb2-4c1b273f2694/datanode-4/data/ratis/20d9b5fb-01ee-44c5-b6df-13abb81b8ef4 does not exist. Creating ...
2019-09-12 10:32:09,234 [pool-357-thread-1] INFO  storage.RaftStorageDirectory (RaftStorageDirectory.java:tryLock(328)) - Lock on /workdir/hadoop-ozone/integration-test/target/test-dir/MiniOzoneClusterImpl-39631bd2-f83c-4f24-acb2-4c1b273f2694/datanode-4/data/ratis/20d9b5fb-01ee-44c5-b6df-13abb81b8ef4/in_use.lock acquired by nodename 1396@pr-hdds-1569-58hkm-1881083799
2019-09-12 10:32:09,247 [pool-357-thread-1] INFO  storage.RaftStorage (RaftStorage.java:format(72)) - Storage directory /workdir/hadoop-ozone/integration-test/target/test-dir/MiniOzoneClusterImpl-39631bd2-f83c-4f24-acb2-4c1b273f2694/datanode-4/data/ratis/20d9b5fb-01ee-44c5-b6df-13abb81b8ef4 has been successfully formatted.
2019-09-12 10:32:09,248 [pool-357-thread-1] INFO  ratis.ContainerStateMachine (ContainerStateMachine.java:loadSnapshot(226)) - group-13ABB81B8EF4: The snapshot info is null. Setting the last applied indexto:(t:0, i:~)
2019-09-12 10:32:09,248 [pool-357-thread-1] INFO  server.RaftServerConfigKeys (ConfUtils.java:logGet(43)) - raft.server.leader.election.timeout = 120s (custom)
2019-09-12 10:32:09,248 [pool-357-thread-1] INFO  server.RaftServerConfigKeys (ConfUtils.java:logGet(43)) - raft.server.log.use.memory = false (default)
2019-09-12 10:32:09,248 [pool-357-thread-1] INFO  server.RaftServerConfigKeys (ConfUtils.java:logGet(43)) - raft.server.log.purge.gap = 1000000 (custom)
2019-09-12 10:32:09,248 [pool-357-thread-1] INFO  server.RaftServerConfigKeys (ConfUtils.java:logGet(43)) - raft.server.log.appender.buffer.byte-limit = 33554432 (custom)
2019-09-12 10:32:09,248 [pool-357-thread-1] INFO  server.RaftServerConfigKeys (ConfUtils.java:logGet(43)) - raft.server.log.segment.size.max = 1048576 (custom)
2019-09-12 10:32:09,248 [pool-357-thread-1] INFO  server.RaftServerConfigKeys (ConfUtils.java:logGet(43)) - raft.server.log.segment.cache.num.max = 2 (custom)
2019-09-12 10:32:09,248 [pool-357-thread-1] INFO  segmented.SegmentedRaftLogWorker (SegmentedRaftLogWorker.java:<init>(172)) - new f85b420b-0060-4bb9-9f68-598eed9b442f-SegmentedRaftLogWorker:Storage Directory /workdir/hadoop-ozone/integration-test/target/test-dir/MiniOzoneClusterImpl-39631bd2-f83c-4f24-acb2-4c1b273f2694/datanode-4/data/ratis/20d9b5fb-01ee-44c5-b6df-13abb81b8ef4 for RaftStorage:Storage Directory /workdir/hadoop-ozone/integration-test/target/test-dir/MiniOzoneClusterImpl-39631bd2-f83c-4f24-acb2-4c1b273f2694/datanode-4/data/ratis/20d9b5fb-01ee-44c5-b6df-13abb81b8ef4
2019-09-12 10:32:09,249 [pool-357-thread-1] INFO  server.RaftServerConfigKeys (ConfUtils.java:logGet(43)) - raft.server.log.queue.byte-limit = 2147483647 (custom)
2019-09-12 10:32:09,249 [pool-357-thread-1] INFO  server.RaftServerConfigKeys (ConfUtils.java:logGet(43)) - raft.server.log.queue.element-limit = 1024 (custom)
2019-09-12 10:32:09,249 [pool-357-thread-1] INFO  server.RaftServerConfigKeys (ConfUtils.java:logGet(43)) - raft.server.log.segment.size.max = 1048576 (custom)
2019-09-12 10:32:09,249 [pool-357-thread-1] INFO  server.RaftServerConfigKeys (ConfUtils.java:logGet(43)) - raft.server.log.preallocated.size = 16384 (custom)
2019-09-12 10:32:09,249 [pool-357-thread-1] INFO  server.RaftServerConfigKeys (ConfUtils.java:logGet(43)) - raft.server.log.write.buffer.size = 33554432 (custom)
2019-09-12 10:32:09,249 [pool-357-thread-1] INFO  server.RaftServerConfigKeys (ConfUtils.java:logGet(43)) - raft.server.log.force.sync.num = 128 (default)
2019-09-12 10:32:09,249 [pool-357-thread-1] INFO  server.RaftServerConfigKeys (ConfUtils.java:logGet(43)) - raft.server.log.statemachine.data.sync = true (default)
2019-09-12 10:32:09,249 [pool-357-thread-1] INFO  server.RaftServerConfigKeys (ConfUtils.java:logGet(43)) - raft.server.log.statemachine.data.sync.timeout = 10s (default)
2019-09-12 10:32:09,249 [pool-357-thread-1] INFO  server.RaftServerConfigKeys (ConfUtils.java:logGet(43)) - raft.server.log.statemachine.data.sync.timeout.retry = -1 (default)
2019-09-12 10:32:09,250 [pool-357-thread-1] INFO  server.RaftServerConfigKeys (ConfUtils.java:logGet(43)) - raft.server.log.statemachine.data.caching.enabled = true (custom)
2019-09-12 10:32:09,250 [pool-357-thread-1] INFO  segmented.SegmentedRaftLogWorker (SegmentedRaftLogWorker.java:lambda$new$0(132)) - f85b420b-0060-4bb9-9f68-598eed9b442f-SegmentedRaftLogWorker:Storage Directory /workdir/hadoop-ozone/integration-test/target/test-dir/MiniOzoneClusterImpl-39631bd2-f83c-4f24-acb2-4c1b273f2694/datanode-4/data/ratis/20d9b5fb-01ee-44c5-b6df-13abb81b8ef4: flushIndex: setUnconditionally 0 -> -1
2019-09-12 10:32:09,250 [pool-357-thread-1] INFO  server.RaftServerConfigKeys (ConfUtils.java:logGet(43)) - raft.server.snapshot.auto.trigger.enabled = true (custom)
2019-09-12 10:32:09,250 [pool-357-thread-1] INFO  server.RaftServerConfigKeys (ConfUtils.java:logGet(43)) - raft.server.snapshot.auto.trigger.threshold = 10000 (custom)
2019-09-12 10:32:09,250 [pool-357-thread-1] INFO  server.RaftServerConfigKeys (ConfUtils.java:logGet(43)) - raft.server.retrycache.expirytime = 600000ms (custom)
2019-09-12 10:32:09,251 [pool-357-thread-1] INFO  impl.RaftServerImpl (RaftServerImpl.java:start(180)) - f85b420b-0060-4bb9-9f68-598eed9b442f: start group-13ABB81B8EF4
2019-09-12 10:32:09,251 [pool-357-thread-1] INFO  impl.RaftServerImpl (RaftServerImpl.java:setRole(171)) - f85b420b-0060-4bb9-9f68-598eed9b442f:group-13ABB81B8EF4 changes role from null to FOLLOWER at term 0 for startAsFollower
2019-09-12 10:32:09,251 [pool-357-thread-1] INFO  impl.RoleInfo (RoleInfo.java:updateAndGet(143)) - f85b420b-0060-4bb9-9f68-598eed9b442f: start FollowerState
2019-09-12 10:32:09,251 [pool-357-thread-1] INFO  util.JmxRegister (JmxRegister.java:tryRegister(44)) - Successfully registered JMX Bean with object name Ratis:service=RaftServer,group=group-13ABB81B8EF4,id=f85b420b-0060-4bb9-9f68-598eed9b442f
2019-09-12 10:32:09,254 [RatisPipelineUtilsThread] INFO  pipeline.PipelineStateManager (PipelineStateManager.java:addPipeline(56)) - Created pipeline Pipeline[ Id: 20d9b5fb-01ee-44c5-b6df-13abb81b8ef4, Nodes: f85b420b-0060-4bb9-9f68-598eed9b442f{ip: 192.168.36.114, host: pr-hdds-1569-58hkm-1881083799, networkLocation: /default-rack, certSerialId: null}, Type:RATIS, Factor:ONE, State:OPEN]
2019-09-12 10:32:09,254 [RatisPipelineUtilsThread] ERROR pipeline.PipelinePlacementPolicy (PipelinePlacementPolicy.java:meetCriteria(92)) - Pipeline Placement: Doesn't meet the criteria to be viable node. Heaviness: 6
2019-09-12 10:32:09,254 [RatisPipelineUtilsThread] ERROR pipeline.PipelinePlacementPolicy (PipelinePlacementPolicy.java:meetCriteria(92)) - Pipeline Placement: Doesn't meet the criteria to be viable node. Heaviness: 6
2019-09-12 10:32:09,254 [RatisPipelineUtilsThread] ERROR pipeline.PipelinePlacementPolicy (PipelinePlacementPolicy.java:meetCriteria(92)) - Pipeline Placement: Doesn't meet the criteria to be viable node. Heaviness: 6
2019-09-12 10:32:09,254 [RatisPipelineUtilsThread] ERROR pipeline.PipelinePlacementPolicy (PipelinePlacementPolicy.java:meetCriteria(92)) - Pipeline Placement: Doesn't meet the criteria to be viable node. Heaviness: 6
2019-09-12 10:32:09,259 [grpc-default-executor-1] INFO  impl.RaftServerProxy (RaftServerProxy.java:addNew(89)) - f85b420b-0060-4bb9-9f68-598eed9b442f: addNew group-D5ABA948D560:[f85b420b-0060-4bb9-9f68-598eed9b442f:192.168.36.114:39826] returns group-D5ABA948D560:java.util.concurrent.CompletableFuture@6dc46f47[Not completed]
2019-09-12 10:32:09,260 [pool-357-thread-1] INFO  impl.RaftServerImpl (RaftServerImpl.java:<init>(93)) - f85b420b-0060-4bb9-9f68-598eed9b442f: new RaftServerImpl for group-D5ABA948D560:[f85b420b-0060-4bb9-9f68-598eed9b442f:192.168.36.114:39826] with ContainerStateMachine:uninitialized
2019-09-12 10:32:09,260 [pool-357-thread-1] INFO  server.RaftServerConfigKeys (ConfUtils.java:logGet(43)) - raft.server.rpc.timeout.min = 5s (custom)
2019-09-12 10:32:09,260 [pool-357-thread-1] INFO  server.RaftServerConfigKeys (ConfUtils.java:logGet(43)) - raft.server.rpc.timeout.max = 5200ms (custom)
2019-09-12 10:32:09,260 [pool-357-thread-1] INFO  server.RaftServerConfigKeys (ConfUtils.java:logGet(43)) - raft.server.rpcslowness.timeout = 120s (custom)
2019-09-12 10:32:09,260 [pool-357-thread-1] INFO  server.RaftServerConfigKeys (ConfUtils.java:logGet(43)) - raft.server.sleep.deviation.threshold = 300 (default)
2019-09-12 10:32:09,260 [pool-357-thread-1] INFO  server.RaftServerConfigKeys (ConfUtils.java:logGet(43)) - raft.server.log.appender.install.snapshot.enabled = false (custom)
2019-09-12 10:32:09,260 [pool-357-thread-1] INFO  impl.RaftServerImpl (ServerState.java:<init>(105)) - f85b420b-0060-4bb9-9f68-598eed9b442f:group-D5ABA948D560 ConfigurationManager, init=-1: [f85b420b-0060-4bb9-9f68-598eed9b442f:192.168.36.114:39826], old=null, confs=<EMPTY_MAP>
2019-09-12 10:32:09,261 [pool-357-thread-1] INFO  server.RaftServerConfigKeys (ConfUtils.java:logGet(43)) - raft.server.storage.dir = [/workdir/hadoop-ozone/integration-test/target/test-dir/MiniOzoneClusterImpl-39631bd2-f83c-4f24-acb2-4c1b273f2694/datanode-4/data/ratis] (custom)
2019-09-12 10:32:09,261 [pool-357-thread-1] INFO  storage.RaftStorageDirectory (RaftStorageDirectory.java:analyzeStorage(246)) - The storage directory /workdir/hadoop-ozone/integration-test/target/test-dir/MiniOzoneClusterImpl-39631bd2-f83c-4f24-acb2-4c1b273f2694/datanode-4/data/ratis/b369c1e5-234a-4e06-ae16-d5aba948d560 does not exist. Creating ...
2019-09-12 10:32:09,275 [pool-357-thread-1] INFO  storage.RaftStorageDirectory (RaftStorageDirectory.java:tryLock(328)) - Lock on /workdir/hadoop-ozone/integration-test/target/test-dir/MiniOzoneClusterImpl-39631bd2-f83c-4f24-acb2-4c1b273f2694/datanode-4/data/ratis/b369c1e5-234a-4e06-ae16-d5aba948d560/in_use.lock acquired by nodename 1396@pr-hdds-1569-58hkm-1881083799
2019-09-12 10:32:09,287 [pool-357-thread-1] INFO  storage.RaftStorage (RaftStorage.java:format(72)) - Storage directory /workdir/hadoop-ozone/integration-test/target/test-dir/MiniOzoneClusterImpl-39631bd2-f83c-4f24-acb2-4c1b273f2694/datanode-4/data/ratis/b369c1e5-234a-4e06-ae16-d5aba948d560 has been successfully formatted.
2019-09-12 10:32:09,288 [pool-357-thread-1] INFO  ratis.ContainerStateMachine (ContainerStateMachine.java:loadSnapshot(226)) - group-D5ABA948D560: The snapshot info is null. Setting the last applied indexto:(t:0, i:~)
2019-09-12 10:32:09,288 [pool-357-thread-1] INFO  server.RaftServerConfigKeys (ConfUtils.java:logGet(43)) - raft.server.leader.election.timeout = 120s (custom)
2019-09-12 10:32:09,288 [pool-357-thread-1] INFO  server.RaftServerConfigKeys (ConfUtils.java:logGet(43)) - raft.server.log.use.memory = false (default)
2019-09-12 10:32:09,288 [pool-357-thread-1] INFO  server.RaftServerConfigKeys (ConfUtils.java:logGet(43)) - raft.server.log.purge.gap = 1000000 (custom)
2019-09-12 10:32:09,288 [pool-357-thread-1] INFO  server.RaftServerConfigKeys (ConfUtils.java:logGet(43)) - raft.server.log.appender.buffer.byte-limit = 33554432 (custom)
2019-09-12 10:32:09,288 [pool-357-thread-1] INFO  server.RaftServerConfigKeys (ConfUtils.java:logGet(43)) - raft.server.log.segment.size.max = 1048576 (custom)
2019-09-12 10:32:09,288 [pool-357-thread-1] INFO  server.RaftServerConfigKeys (ConfUtils.java:logGet(43)) - raft.server.log.segment.cache.num.max = 2 (custom)
2019-09-12 10:32:09,289 [pool-357-thread-1] INFO  segmented.SegmentedRaftLogWorker (SegmentedRaftLogWorker.java:<init>(172)) - new f85b420b-0060-4bb9-9f68-598eed9b442f-SegmentedRaftLogWorker:Storage Directory /workdir/hadoop-ozone/integration-test/target/test-dir/MiniOzoneClusterImpl-39631bd2-f83c-4f24-acb2-4c1b273f2694/datanode-4/data/ratis/b369c1e5-234a-4e06-ae16-d5aba948d560 for RaftStorage:Storage Directory /workdir/hadoop-ozone/integration-test/target/test-dir/MiniOzoneClusterImpl-39631bd2-f83c-4f24-acb2-4c1b273f2694/datanode-4/data/ratis/b369c1e5-234a-4e06-ae16-d5aba948d560
2019-09-12 10:32:09,289 [pool-357-thread-1] INFO  server.RaftServerConfigKeys (ConfUtils.java:logGet(43)) - raft.server.log.queue.byte-limit = 2147483647 (custom)
2019-09-12 10:32:09,289 [pool-357-thread-1] INFO  server.RaftServerConfigKeys (ConfUtils.java:logGet(43)) - raft.server.log.queue.element-limit = 1024 (custom)
2019-09-12 10:32:09,289 [pool-357-thread-1] INFO  server.RaftServerConfigKeys (ConfUtils.java:logGet(43)) - raft.server.log.segment.size.max = 1048576 (custom)
2019-09-12 10:32:09,289 [pool-357-thread-1] INFO  server.RaftServerConfigKeys (ConfUtils.java:logGet(43)) - raft.server.log.preallocated.size = 16384 (custom)
2019-09-12 10:32:09,289 [pool-357-thread-1] INFO  server.RaftServerConfigKeys (ConfUtils.java:logGet(43)) - raft.server.log.write.buffer.size = 33554432 (custom)
2019-09-12 10:32:09,289 [pool-357-thread-1] INFO  server.RaftServerConfigKeys (ConfUtils.java:logGet(43)) - raft.server.log.force.sync.num = 128 (default)
2019-09-12 10:32:09,290 [pool-357-thread-1] INFO  server.RaftServerConfigKeys (ConfUtils.java:logGet(43)) - raft.server.log.statemachine.data.sync = true (default)
2019-09-12 10:32:09,290 [pool-357-thread-1] INFO  server.RaftServerConfigKeys (ConfUtils.java:logGet(43)) - raft.server.log.statemachine.data.sync.timeout = 10s (default)
2019-09-12 10:32:09,290 [pool-357-thread-1] INFO  server.RaftServerConfigKeys (ConfUtils.java:logGet(43)) - raft.server.log.statemachine.data.sync.timeout.retry = -1 (default)
2019-09-12 10:32:09,290 [pool-357-thread-1] INFO  server.RaftServerConfigKeys (ConfUtils.java:logGet(43)) - raft.server.log.statemachine.data.caching.enabled = true (custom)
2019-09-12 10:32:09,290 [pool-357-thread-1] INFO  segmented.SegmentedRaftLogWorker (SegmentedRaftLogWorker.java:lambda$new$0(132)) - f85b420b-0060-4bb9-9f68-598eed9b442f-SegmentedRaftLogWorker:Storage Directory /workdir/hadoop-ozone/integration-test/target/test-dir/MiniOzoneClusterImpl-39631bd2-f83c-4f24-acb2-4c1b273f2694/datanode-4/data/ratis/b369c1e5-234a-4e06-ae16-d5aba948d560: flushIndex: setUnconditionally 0 -> -1
2019-09-12 10:32:09,290 [pool-357-thread-1] INFO  server.RaftServerConfigKeys (ConfUtils.java:logGet(43)) - raft.server.snapshot.auto.trigger.enabled = true (custom)
2019-09-12 10:32:09,291 [pool-357-thread-1] INFO  server.RaftServerConfigKeys (ConfUtils.java:logGet(43)) - raft.server.snapshot.auto.trigger.threshold = 10000 (custom)
2019-09-12 10:32:09,291 [pool-357-thread-1] INFO  server.RaftServerConfigKeys (ConfUtils.java:logGet(43)) - raft.server.retrycache.expirytime = 600000ms (custom)
2019-09-12 10:32:09,291 [pool-357-thread-1] INFO  impl.RaftServerImpl (RaftServerImpl.java:start(180)) - f85b420b-0060-4bb9-9f68-598eed9b442f: start group-D5ABA948D560
2019-09-12 10:32:09,291 [pool-357-thread-1] INFO  impl.RaftServerImpl (RaftServerImpl.java:setRole(171)) - f85b420b-0060-4bb9-9f68-598eed9b442f:group-D5ABA948D560 changes role from null to FOLLOWER at term 0 for startAsFollower
2019-09-12 10:32:09,291 [pool-357-thread-1] INFO  impl.RoleInfo (RoleInfo.java:updateAndGet(143)) - f85b420b-0060-4bb9-9f68-598eed9b442f: start FollowerState
2019-09-12 10:32:09,291 [pool-357-thread-1] INFO  util.JmxRegister (JmxRegister.java:tryRegister(44)) - Successfully registered JMX Bean with object name Ratis:service=RaftServer,group=group-D5ABA948D560,id=f85b420b-0060-4bb9-9f68-598eed9b442f
2019-09-12 10:32:09,294 [RatisPipelineUtilsThread] INFO  pipeline.PipelineStateManager (PipelineStateManager.java:addPipeline(56)) - Created pipeline Pipeline[ Id: b369c1e5-234a-4e06-ae16-d5aba948d560, Nodes: f85b420b-0060-4bb9-9f68-598eed9b442f{ip: 192.168.36.114, host: pr-hdds-1569-58hkm-1881083799, networkLocation: /default-rack, certSerialId: null}, Type:RATIS, Factor:ONE, State:OPEN]
2019-09-12 10:32:09,294 [RatisPipelineUtilsThread] ERROR pipeline.PipelinePlacementPolicy (PipelinePlacementPolicy.java:meetCriteria(92)) - Pipeline Placement: Doesn't meet the criteria to be viable node. Heaviness: 6
2019-09-12 10:32:09,294 [RatisPipelineUtilsThread] ERROR pipeline.PipelinePlacementPolicy (PipelinePlacementPolicy.java:meetCriteria(92)) - Pipeline Placement: Doesn't meet the criteria to be viable node. Heaviness: 6
2019-09-12 10:32:09,294 [RatisPipelineUtilsThread] ERROR pipeline.PipelinePlacementPolicy (PipelinePlacementPolicy.java:meetCriteria(92)) - Pipeline Placement: Doesn't meet the criteria to be viable node. Heaviness: 6
2019-09-12 10:32:09,294 [RatisPipelineUtilsThread] ERROR pipeline.PipelinePlacementPolicy (PipelinePlacementPolicy.java:meetCriteria(92)) - Pipeline Placement: Doesn't meet the criteria to be viable node. Heaviness: 6
2019-09-12 10:32:09,299 [grpc-default-executor-1] INFO  impl.RaftServerProxy (RaftServerProxy.java:addNew(89)) - f85b420b-0060-4bb9-9f68-598eed9b442f: addNew group-141DB36F1FC4:[f85b420b-0060-4bb9-9f68-598eed9b442f:192.168.36.114:39826] returns group-141DB36F1FC4:java.util.concurrent.CompletableFuture@288c4ee5[Not completed]
2019-09-12 10:32:09,300 [pool-357-thread-1] INFO  impl.RaftServerImpl (RaftServerImpl.java:<init>(93)) - f85b420b-0060-4bb9-9f68-598eed9b442f: new RaftServerImpl for group-141DB36F1FC4:[f85b420b-0060-4bb9-9f68-598eed9b442f:192.168.36.114:39826] with ContainerStateMachine:uninitialized
2019-09-12 10:32:09,300 [pool-357-thread-1] INFO  server.RaftServerConfigKeys (ConfUtils.java:logGet(43)) - raft.server.rpc.timeout.min = 5s (custom)
2019-09-12 10:32:09,300 [pool-357-thread-1] INFO  server.RaftServerConfigKeys (ConfUtils.java:logGet(43)) - raft.server.rpc.timeout.max = 5200ms (custom)
2019-09-12 10:32:09,300 [pool-357-thread-1] INFO  server.RaftServerConfigKeys (ConfUtils.java:logGet(43)) - raft.server.rpcslowness.timeout = 120s (custom)
2019-09-12 10:32:09,300 [pool-357-thread-1] INFO  server.RaftServerConfigKeys (ConfUtils.java:logGet(43)) - raft.server.sleep.deviation.threshold = 300 (default)
2019-09-12 10:32:09,300 [pool-357-thread-1] INFO  server.RaftServerConfigKeys (ConfUtils.java:logGet(43)) - raft.server.log.appender.install.snapshot.enabled = false (custom)
2019-09-12 10:32:09,300 [pool-357-thread-1] INFO  impl.RaftServerImpl (ServerState.java:<init>(105)) - f85b420b-0060-4bb9-9f68-598eed9b442f:group-141DB36F1FC4 ConfigurationManager, init=-1: [f85b420b-0060-4bb9-9f68-598eed9b442f:192.168.36.114:39826], old=null, confs=<EMPTY_MAP>
2019-09-12 10:32:09,301 [pool-357-thread-1] INFO  server.RaftServerConfigKeys (ConfUtils.java:logGet(43)) - raft.server.storage.dir = [/workdir/hadoop-ozone/integration-test/target/test-dir/MiniOzoneClusterImpl-39631bd2-f83c-4f24-acb2-4c1b273f2694/datanode-4/data/ratis] (custom)
2019-09-12 10:32:09,301 [pool-357-thread-1] INFO  storage.RaftStorageDirectory (RaftStorageDirectory.java:analyzeStorage(246)) - The storage directory /workdir/hadoop-ozone/integration-test/target/test-dir/MiniOzoneClusterImpl-39631bd2-f83c-4f24-acb2-4c1b273f2694/datanode-4/data/ratis/fdc74a02-c95f-4129-a098-141db36f1fc4 does not exist. Creating ...
2019-09-12 10:32:09,313 [pool-357-thread-1] INFO  storage.RaftStorageDirectory (RaftStorageDirectory.java:tryLock(328)) - Lock on /workdir/hadoop-ozone/integration-test/target/test-dir/MiniOzoneClusterImpl-39631bd2-f83c-4f24-acb2-4c1b273f2694/datanode-4/data/ratis/fdc74a02-c95f-4129-a098-141db36f1fc4/in_use.lock acquired by nodename 1396@pr-hdds-1569-58hkm-1881083799
2019-09-12 10:32:09,325 [pool-357-thread-1] INFO  storage.RaftStorage (RaftStorage.java:format(72)) - Storage directory /workdir/hadoop-ozone/integration-test/target/test-dir/MiniOzoneClusterImpl-39631bd2-f83c-4f24-acb2-4c1b273f2694/datanode-4/data/ratis/fdc74a02-c95f-4129-a098-141db36f1fc4 has been successfully formatted.
2019-09-12 10:32:09,326 [pool-357-thread-1] INFO  ratis.ContainerStateMachine (ContainerStateMachine.java:loadSnapshot(226)) - group-141DB36F1FC4: The snapshot info is null. Setting the last applied indexto:(t:0, i:~)
2019-09-12 10:32:09,326 [pool-357-thread-1] INFO  server.RaftServerConfigKeys (ConfUtils.java:logGet(43)) - raft.server.leader.election.timeout = 120s (custom)
2019-09-12 10:32:09,326 [pool-357-thread-1] INFO  server.RaftServerConfigKeys (ConfUtils.java:logGet(43)) - raft.server.log.use.memory = false (default)
2019-09-12 10:32:09,326 [pool-357-thread-1] INFO  server.RaftServerConfigKeys (ConfUtils.java:logGet(43)) - raft.server.log.purge.gap = 1000000 (custom)
2019-09-12 10:32:09,326 [pool-357-thread-1] INFO  server.RaftServerConfigKeys (ConfUtils.java:logGet(43)) - raft.server.log.appender.buffer.byte-limit = 33554432 (custom)
2019-09-12 10:32:09,326 [pool-357-thread-1] INFO  server.RaftServerConfigKeys (ConfUtils.java:logGet(43)) - raft.server.log.segment.size.max = 1048576 (custom)
2019-09-12 10:32:09,326 [pool-357-thread-1] INFO  server.RaftServerConfigKeys (ConfUtils.java:logGet(43)) - raft.server.log.segment.cache.num.max = 2 (custom)
2019-09-12 10:32:09,326 [pool-357-thread-1] INFO  segmented.SegmentedRaftLogWorker (SegmentedRaftLogWorker.java:<init>(172)) - new f85b420b-0060-4bb9-9f68-598eed9b442f-SegmentedRaftLogWorker:Storage Directory /workdir/hadoop-ozone/integration-test/target/test-dir/MiniOzoneClusterImpl-39631bd2-f83c-4f24-acb2-4c1b273f2694/datanode-4/data/ratis/fdc74a02-c95f-4129-a098-141db36f1fc4 for RaftStorage:Storage Directory /workdir/hadoop-ozone/integration-test/target/test-dir/MiniOzoneClusterImpl-39631bd2-f83c-4f24-acb2-4c1b273f2694/datanode-4/data/ratis/fdc74a02-c95f-4129-a098-141db36f1fc4
2019-09-12 10:32:09,326 [pool-357-thread-1] INFO  server.RaftServerConfigKeys (ConfUtils.java:logGet(43)) - raft.server.log.queue.byte-limit = 2147483647 (custom)
2019-09-12 10:32:09,326 [pool-357-thread-1] INFO  server.RaftServerConfigKeys (ConfUtils.java:logGet(43)) - raft.server.log.queue.element-limit = 1024 (custom)
2019-09-12 10:32:09,327 [pool-357-thread-1] INFO  server.RaftServerConfigKeys (ConfUtils.java:logGet(43)) - raft.server.log.segment.size.max = 1048576 (custom)
2019-09-12 10:32:09,327 [pool-357-thread-1] INFO  server.RaftServerConfigKeys (ConfUtils.java:logGet(43)) - raft.server.log.preallocated.size = 16384 (custom)
2019-09-12 10:32:09,327 [pool-357-thread-1] INFO  server.RaftServerConfigKeys (ConfUtils.java:logGet(43)) - raft.server.log.write.buffer.size = 33554432 (custom)
2019-09-12 10:32:09,327 [pool-357-thread-1] INFO  server.RaftServerConfigKeys (ConfUtils.java:logGet(43)) - raft.server.log.force.sync.num = 128 (default)
2019-09-12 10:32:09,327 [pool-357-thread-1] INFO  server.RaftServerConfigKeys (ConfUtils.java:logGet(43)) - raft.server.log.statemachine.data.sync = true (default)
2019-09-12 10:32:09,327 [pool-357-thread-1] INFO  server.RaftServerConfigKeys (ConfUtils.java:logGet(43)) - raft.server.log.statemachine.data.sync.timeout = 10s (default)
2019-09-12 10:32:09,327 [pool-357-thread-1] INFO  server.RaftServerConfigKeys (ConfUtils.java:logGet(43)) - raft.server.log.statemachine.data.sync.timeout.retry = -1 (default)
2019-09-12 10:32:09,327 [pool-357-thread-1] INFO  server.RaftServerConfigKeys (ConfUtils.java:logGet(43)) - raft.server.log.statemachine.data.caching.enabled = true (custom)
2019-09-12 10:32:09,328 [pool-357-thread-1] INFO  segmented.SegmentedRaftLogWorker (SegmentedRaftLogWorker.java:lambda$new$0(132)) - f85b420b-0060-4bb9-9f68-598eed9b442f-SegmentedRaftLogWorker:Storage Directory /workdir/hadoop-ozone/integration-test/target/test-dir/MiniOzoneClusterImpl-39631bd2-f83c-4f24-acb2-4c1b273f2694/datanode-4/data/ratis/fdc74a02-c95f-4129-a098-141db36f1fc4: flushIndex: setUnconditionally 0 -> -1
2019-09-12 10:32:09,328 [pool-357-thread-1] INFO  server.RaftServerConfigKeys (ConfUtils.java:logGet(43)) - raft.server.snapshot.auto.trigger.enabled = true (custom)
2019-09-12 10:32:09,328 [pool-357-thread-1] INFO  server.RaftServerConfigKeys (ConfUtils.java:logGet(43)) - raft.server.snapshot.auto.trigger.threshold = 10000 (custom)
2019-09-12 10:32:09,328 [pool-357-thread-1] INFO  server.RaftServerConfigKeys (ConfUtils.java:logGet(43)) - raft.server.retrycache.expirytime = 600000ms (custom)
2019-09-12 10:32:09,328 [pool-357-thread-1] INFO  impl.RaftServerImpl (RaftServerImpl.java:start(180)) - f85b420b-0060-4bb9-9f68-598eed9b442f: start group-141DB36F1FC4
2019-09-12 10:32:09,328 [pool-357-thread-1] INFO  impl.RaftServerImpl (RaftServerImpl.java:setRole(171)) - f85b420b-0060-4bb9-9f68-598eed9b442f:group-141DB36F1FC4 changes role from null to FOLLOWER at term 0 for startAsFollower
2019-09-12 10:32:09,328 [pool-357-thread-1] INFO  impl.RoleInfo (RoleInfo.java:updateAndGet(143)) - f85b420b-0060-4bb9-9f68-598eed9b442f: start FollowerState
2019-09-12 10:32:09,329 [pool-357-thread-1] INFO  util.JmxRegister (JmxRegister.java:tryRegister(44)) - Successfully registered JMX Bean with object name Ratis:service=RaftServer,group=group-141DB36F1FC4,id=f85b420b-0060-4bb9-9f68-598eed9b442f
2019-09-12 10:32:09,332 [RatisPipelineUtilsThread] INFO  pipeline.PipelineStateManager (PipelineStateManager.java:addPipeline(56)) - Created pipeline Pipeline[ Id: fdc74a02-c95f-4129-a098-141db36f1fc4, Nodes: f85b420b-0060-4bb9-9f68-598eed9b442f{ip: 192.168.36.114, host: pr-hdds-1569-58hkm-1881083799, networkLocation: /default-rack, certSerialId: null}, Type:RATIS, Factor:ONE, State:OPEN]
2019-09-12 10:32:09,332 [RatisPipelineUtilsThread] ERROR pipeline.PipelinePlacementPolicy (PipelinePlacementPolicy.java:meetCriteria(92)) - Pipeline Placement: Doesn't meet the criteria to be viable node. Heaviness: 6
2019-09-12 10:32:09,332 [RatisPipelineUtilsThread] ERROR pipeline.PipelinePlacementPolicy (PipelinePlacementPolicy.java:meetCriteria(92)) - Pipeline Placement: Doesn't meet the criteria to be viable node. Heaviness: 6
2019-09-12 10:32:09,333 [RatisPipelineUtilsThread] ERROR pipeline.PipelinePlacementPolicy (PipelinePlacementPolicy.java:meetCriteria(92)) - Pipeline Placement: Doesn't meet the criteria to be viable node. Heaviness: 6
2019-09-12 10:32:09,333 [RatisPipelineUtilsThread] ERROR pipeline.PipelinePlacementPolicy (PipelinePlacementPolicy.java:meetCriteria(92)) - Pipeline Placement: Doesn't meet the criteria to be viable node. Heaviness: 6
2019-09-12 10:32:09,338 [grpc-default-executor-1] INFO  impl.RaftServerProxy (RaftServerProxy.java:addNew(89)) - f85b420b-0060-4bb9-9f68-598eed9b442f: addNew group-8A5638F4F372:[f85b420b-0060-4bb9-9f68-598eed9b442f:192.168.36.114:39826] returns group-8A5638F4F372:java.util.concurrent.CompletableFuture@451726f0[Not completed]
2019-09-12 10:32:09,338 [pool-357-thread-1] INFO  impl.RaftServerImpl (RaftServerImpl.java:<init>(93)) - f85b420b-0060-4bb9-9f68-598eed9b442f: new RaftServerImpl for group-8A5638F4F372:[f85b420b-0060-4bb9-9f68-598eed9b442f:192.168.36.114:39826] with ContainerStateMachine:uninitialized
2019-09-12 10:32:09,339 [pool-357-thread-1] INFO  server.RaftServerConfigKeys (ConfUtils.java:logGet(43)) - raft.server.rpc.timeout.min = 5s (custom)
2019-09-12 10:32:09,339 [pool-357-thread-1] INFO  server.RaftServerConfigKeys (ConfUtils.java:logGet(43)) - raft.server.rpc.timeout.max = 5200ms (custom)
2019-09-12 10:32:09,339 [pool-357-thread-1] INFO  server.RaftServerConfigKeys (ConfUtils.java:logGet(43)) - raft.server.rpcslowness.timeout = 120s (custom)
2019-09-12 10:32:09,339 [pool-357-thread-1] INFO  server.RaftServerConfigKeys (ConfUtils.java:logGet(43)) - raft.server.sleep.deviation.threshold = 300 (default)
2019-09-12 10:32:09,339 [pool-357-thread-1] INFO  server.RaftServerConfigKeys (ConfUtils.java:logGet(43)) - raft.server.log.appender.install.snapshot.enabled = false (custom)
2019-09-12 10:32:09,339 [pool-357-thread-1] INFO  impl.RaftServerImpl (ServerState.java:<init>(105)) - f85b420b-0060-4bb9-9f68-598eed9b442f:group-8A5638F4F372 ConfigurationManager, init=-1: [f85b420b-0060-4bb9-9f68-598eed9b442f:192.168.36.114:39826], old=null, confs=<EMPTY_MAP>
2019-09-12 10:32:09,339 [pool-357-thread-1] INFO  server.RaftServerConfigKeys (ConfUtils.java:logGet(43)) - raft.server.storage.dir = [/workdir/hadoop-ozone/integration-test/target/test-dir/MiniOzoneClusterImpl-39631bd2-f83c-4f24-acb2-4c1b273f2694/datanode-4/data/ratis] (custom)
2019-09-12 10:32:09,339 [pool-357-thread-1] INFO  storage.RaftStorageDirectory (RaftStorageDirectory.java:analyzeStorage(246)) - The storage directory /workdir/hadoop-ozone/integration-test/target/test-dir/MiniOzoneClusterImpl-39631bd2-f83c-4f24-acb2-4c1b273f2694/datanode-4/data/ratis/e0d34fd1-47c0-453b-aa5c-8a5638f4f372 does not exist. Creating ...
2019-09-12 10:32:09,351 [pool-357-thread-1] INFO  storage.RaftStorageDirectory (RaftStorageDirectory.java:tryLock(328)) - Lock on /workdir/hadoop-ozone/integration-test/target/test-dir/MiniOzoneClusterImpl-39631bd2-f83c-4f24-acb2-4c1b273f2694/datanode-4/data/ratis/e0d34fd1-47c0-453b-aa5c-8a5638f4f372/in_use.lock acquired by nodename 1396@pr-hdds-1569-58hkm-1881083799
2019-09-12 10:32:09,363 [pool-357-thread-1] INFO  storage.RaftStorage (RaftStorage.java:format(72)) - Storage directory /workdir/hadoop-ozone/integration-test/target/test-dir/MiniOzoneClusterImpl-39631bd2-f83c-4f24-acb2-4c1b273f2694/datanode-4/data/ratis/e0d34fd1-47c0-453b-aa5c-8a5638f4f372 has been successfully formatted.
2019-09-12 10:32:09,363 [pool-357-thread-1] INFO  ratis.ContainerStateMachine (ContainerStateMachine.java:loadSnapshot(226)) - group-8A5638F4F372: The snapshot info is null. Setting the last applied indexto:(t:0, i:~)
2019-09-12 10:32:09,364 [pool-357-thread-1] INFO  server.RaftServerConfigKeys (ConfUtils.java:logGet(43)) - raft.server.leader.election.timeout = 120s (custom)
2019-09-12 10:32:09,364 [pool-357-thread-1] INFO  server.RaftServerConfigKeys (ConfUtils.java:logGet(43)) - raft.server.log.use.memory = false (default)
2019-09-12 10:32:09,364 [pool-357-thread-1] INFO  server.RaftServerConfigKeys (ConfUtils.java:logGet(43)) - raft.server.log.purge.gap = 1000000 (custom)
2019-09-12 10:32:09,364 [pool-357-thread-1] INFO  server.RaftServerConfigKeys (ConfUtils.java:logGet(43)) - raft.server.log.appender.buffer.byte-limit = 33554432 (custom)
2019-09-12 10:32:09,364 [pool-357-thread-1] INFO  server.RaftServerConfigKeys (ConfUtils.java:logGet(43)) - raft.server.log.segment.size.max = 1048576 (custom)
2019-09-12 10:32:09,364 [pool-357-thread-1] INFO  server.RaftServerConfigKeys (ConfUtils.java:logGet(43)) - raft.server.log.segment.cache.num.max = 2 (custom)
2019-09-12 10:32:09,364 [pool-357-thread-1] INFO  segmented.SegmentedRaftLogWorker (SegmentedRaftLogWorker.java:<init>(172)) - new f85b420b-0060-4bb9-9f68-598eed9b442f-SegmentedRaftLogWorker:Storage Directory /workdir/hadoop-ozone/integration-test/target/test-dir/MiniOzoneClusterImpl-39631bd2-f83c-4f24-acb2-4c1b273f2694/datanode-4/data/ratis/e0d34fd1-47c0-453b-aa5c-8a5638f4f372 for RaftStorage:Storage Directory /workdir/hadoop-ozone/integration-test/target/test-dir/MiniOzoneClusterImpl-39631bd2-f83c-4f24-acb2-4c1b273f2694/datanode-4/data/ratis/e0d34fd1-47c0-453b-aa5c-8a5638f4f372
2019-09-12 10:32:09,364 [pool-357-thread-1] INFO  server.RaftServerConfigKeys (ConfUtils.java:logGet(43)) - raft.server.log.queue.byte-limit = 2147483647 (custom)
2019-09-12 10:32:09,364 [pool-357-thread-1] INFO  server.RaftServerConfigKeys (ConfUtils.java:logGet(43)) - raft.server.log.queue.element-limit = 1024 (custom)
2019-09-12 10:32:09,364 [pool-357-thread-1] INFO  server.RaftServerConfigKeys (ConfUtils.java:logGet(43)) - raft.server.log.segment.size.max = 1048576 (custom)
2019-09-12 10:32:09,364 [pool-357-thread-1] INFO  server.RaftServerConfigKeys (ConfUtils.java:logGet(43)) - raft.server.log.preallocated.size = 16384 (custom)
2019-09-12 10:32:09,365 [pool-357-thread-1] INFO  server.RaftServerConfigKeys (ConfUtils.java:logGet(43)) - raft.server.log.write.buffer.size = 33554432 (custom)
2019-09-12 10:32:09,365 [pool-357-thread-1] INFO  server.RaftServerConfigKeys (ConfUtils.java:logGet(43)) - raft.server.log.force.sync.num = 128 (default)
2019-09-12 10:32:09,365 [pool-357-thread-1] INFO  server.RaftServerConfigKeys (ConfUtils.java:logGet(43)) - raft.server.log.statemachine.data.sync = true (default)
2019-09-12 10:32:09,365 [pool-357-thread-1] INFO  server.RaftServerConfigKeys (ConfUtils.java:logGet(43)) - raft.server.log.statemachine.data.sync.timeout = 10s (default)
2019-09-12 10:32:09,365 [pool-357-thread-1] INFO  server.RaftServerConfigKeys (ConfUtils.java:logGet(43)) - raft.server.log.statemachine.data.sync.timeout.retry = -1 (default)
2019-09-12 10:32:09,365 [pool-357-thread-1] INFO  server.RaftServerConfigKeys (ConfUtils.java:logGet(43)) - raft.server.log.statemachine.data.caching.enabled = true (custom)
2019-09-12 10:32:09,365 [pool-357-thread-1] INFO  segmented.SegmentedRaftLogWorker (SegmentedRaftLogWorker.java:lambda$new$0(132)) - f85b420b-0060-4bb9-9f68-598eed9b442f-SegmentedRaftLogWorker:Storage Directory /workdir/hadoop-ozone/integration-test/target/test-dir/MiniOzoneClusterImpl-39631bd2-f83c-4f24-acb2-4c1b273f2694/datanode-4/data/ratis/e0d34fd1-47c0-453b-aa5c-8a5638f4f372: flushIndex: setUnconditionally 0 -> -1
2019-09-12 10:32:09,365 [pool-357-thread-1] INFO  server.RaftServerConfigKeys (ConfUtils.java:logGet(43)) - raft.server.snapshot.auto.trigger.enabled = true (custom)
2019-09-12 10:32:09,365 [pool-357-thread-1] INFO  server.RaftServerConfigKeys (ConfUtils.java:logGet(43)) - raft.server.snapshot.auto.trigger.threshold = 10000 (custom)
2019-09-12 10:32:09,366 [pool-357-thread-1] INFO  server.RaftServerConfigKeys (ConfUtils.java:logGet(43)) - raft.server.retrycache.expirytime = 600000ms (custom)
2019-09-12 10:32:09,366 [pool-357-thread-1] INFO  impl.RaftServerImpl (RaftServerImpl.java:start(180)) - f85b420b-0060-4bb9-9f68-598eed9b442f: start group-8A5638F4F372
2019-09-12 10:32:09,366 [pool-357-thread-1] INFO  impl.RaftServerImpl (RaftServerImpl.java:setRole(171)) - f85b420b-0060-4bb9-9f68-598eed9b442f:group-8A5638F4F372 changes role from null to FOLLOWER at term 0 for startAsFollower
2019-09-12 10:32:09,366 [pool-357-thread-1] INFO  impl.RoleInfo (RoleInfo.java:updateAndGet(143)) - f85b420b-0060-4bb9-9f68-598eed9b442f: start FollowerState
2019-09-12 10:32:09,366 [pool-357-thread-1] INFO  util.JmxRegister (JmxRegister.java:tryRegister(44)) - Successfully registered JMX Bean with object name Ratis:service=RaftServer,group=group-8A5638F4F372,id=f85b420b-0060-4bb9-9f68-598eed9b442f
2019-09-12 10:32:09,368 [RatisPipelineUtilsThread] INFO  pipeline.PipelineStateManager (PipelineStateManager.java:addPipeline(56)) - Created pipeline Pipeline[ Id: e0d34fd1-47c0-453b-aa5c-8a5638f4f372, Nodes: f85b420b-0060-4bb9-9f68-598eed9b442f{ip: 192.168.36.114, host: pr-hdds-1569-58hkm-1881083799, networkLocation: /default-rack, certSerialId: null}, Type:RATIS, Factor:ONE, State:OPEN]
2019-09-12 10:32:09,369 [RatisPipelineUtilsThread] ERROR pipeline.PipelinePlacementPolicy (PipelinePlacementPolicy.java:meetCriteria(92)) - Pipeline Placement: Doesn't meet the criteria to be viable node. Heaviness: 6
2019-09-12 10:32:09,369 [RatisPipelineUtilsThread] ERROR pipeline.PipelinePlacementPolicy (PipelinePlacementPolicy.java:meetCriteria(92)) - Pipeline Placement: Doesn't meet the criteria to be viable node. Heaviness: 6
2019-09-12 10:32:09,369 [RatisPipelineUtilsThread] ERROR pipeline.PipelinePlacementPolicy (PipelinePlacementPolicy.java:meetCriteria(92)) - Pipeline Placement: Doesn't meet the criteria to be viable node. Heaviness: 6
2019-09-12 10:32:09,369 [RatisPipelineUtilsThread] ERROR pipeline.PipelinePlacementPolicy (PipelinePlacementPolicy.java:meetCriteria(92)) - Pipeline Placement: Doesn't meet the criteria to be viable node. Heaviness: 6
2019-09-12 10:32:09,374 [grpc-default-executor-1] INFO  impl.RaftServerProxy (RaftServerProxy.java:addNew(89)) - f85b420b-0060-4bb9-9f68-598eed9b442f: addNew group-17D40E37C2DF:[f85b420b-0060-4bb9-9f68-598eed9b442f:192.168.36.114:39826] returns group-17D40E37C2DF:java.util.concurrent.CompletableFuture@5ab26ef9[Not completed]
2019-09-12 10:32:09,374 [pool-357-thread-1] INFO  impl.RaftServerImpl (RaftServerImpl.java:<init>(93)) - f85b420b-0060-4bb9-9f68-598eed9b442f: new RaftServerImpl for group-17D40E37C2DF:[f85b420b-0060-4bb9-9f68-598eed9b442f:192.168.36.114:39826] with ContainerStateMachine:uninitialized
2019-09-12 10:32:09,374 [pool-357-thread-1] INFO  server.RaftServerConfigKeys (ConfUtils.java:logGet(43)) - raft.server.rpc.timeout.min = 5s (custom)
2019-09-12 10:32:09,374 [pool-357-thread-1] INFO  server.RaftServerConfigKeys (ConfUtils.java:logGet(43)) - raft.server.rpc.timeout.max = 5200ms (custom)
2019-09-12 10:32:09,374 [pool-357-thread-1] INFO  server.RaftServerConfigKeys (ConfUtils.java:logGet(43)) - raft.server.rpcslowness.timeout = 120s (custom)
2019-09-12 10:32:09,375 [pool-357-thread-1] INFO  server.RaftServerConfigKeys (ConfUtils.java:logGet(43)) - raft.server.sleep.deviation.threshold = 300 (default)
2019-09-12 10:32:09,375 [pool-357-thread-1] INFO  server.RaftServerConfigKeys (ConfUtils.java:logGet(43)) - raft.server.log.appender.install.snapshot.enabled = false (custom)
2019-09-12 10:32:09,375 [pool-357-thread-1] INFO  impl.RaftServerImpl (ServerState.java:<init>(105)) - f85b420b-0060-4bb9-9f68-598eed9b442f:group-17D40E37C2DF ConfigurationManager, init=-1: [f85b420b-0060-4bb9-9f68-598eed9b442f:192.168.36.114:39826], old=null, confs=<EMPTY_MAP>
2019-09-12 10:32:09,375 [pool-357-thread-1] INFO  server.RaftServerConfigKeys (ConfUtils.java:logGet(43)) - raft.server.storage.dir = [/workdir/hadoop-ozone/integration-test/target/test-dir/MiniOzoneClusterImpl-39631bd2-f83c-4f24-acb2-4c1b273f2694/datanode-4/data/ratis] (custom)
2019-09-12 10:32:09,375 [pool-357-thread-1] INFO  storage.RaftStorageDirectory (RaftStorageDirectory.java:analyzeStorage(246)) - The storage directory /workdir/hadoop-ozone/integration-test/target/test-dir/MiniOzoneClusterImpl-39631bd2-f83c-4f24-acb2-4c1b273f2694/datanode-4/data/ratis/7c3cfe50-dccc-475c-aa50-17d40e37c2df does not exist. Creating ...
2019-09-12 10:32:09,387 [pool-357-thread-1] INFO  storage.RaftStorageDirectory (RaftStorageDirectory.java:tryLock(328)) - Lock on /workdir/hadoop-ozone/integration-test/target/test-dir/MiniOzoneClusterImpl-39631bd2-f83c-4f24-acb2-4c1b273f2694/datanode-4/data/ratis/7c3cfe50-dccc-475c-aa50-17d40e37c2df/in_use.lock acquired by nodename 1396@pr-hdds-1569-58hkm-1881083799
2019-09-12 10:32:09,400 [pool-357-thread-1] INFO  storage.RaftStorage (RaftStorage.java:format(72)) - Storage directory /workdir/hadoop-ozone/integration-test/target/test-dir/MiniOzoneClusterImpl-39631bd2-f83c-4f24-acb2-4c1b273f2694/datanode-4/data/ratis/7c3cfe50-dccc-475c-aa50-17d40e37c2df has been successfully formatted.
2019-09-12 10:32:09,400 [pool-357-thread-1] INFO  ratis.ContainerStateMachine (ContainerStateMachine.java:loadSnapshot(226)) - group-17D40E37C2DF: The snapshot info is null. Setting the last applied indexto:(t:0, i:~)
2019-09-12 10:32:09,400 [pool-357-thread-1] INFO  server.RaftServerConfigKeys (ConfUtils.java:logGet(43)) - raft.server.leader.election.timeout = 120s (custom)
2019-09-12 10:32:09,400 [pool-357-thread-1] INFO  server.RaftServerConfigKeys (ConfUtils.java:logGet(43)) - raft.server.log.use.memory = false (default)
2019-09-12 10:32:09,401 [pool-357-thread-1] INFO  server.RaftServerConfigKeys (ConfUtils.java:logGet(43)) - raft.server.log.purge.gap = 1000000 (custom)
2019-09-12 10:32:09,401 [pool-357-thread-1] INFO  server.RaftServerConfigKeys (ConfUtils.java:logGet(43)) - raft.server.log.appender.buffer.byte-limit = 33554432 (custom)
2019-09-12 10:32:09,401 [pool-357-thread-1] INFO  server.RaftServerConfigKeys (ConfUtils.java:logGet(43)) - raft.server.log.segment.size.max = 1048576 (custom)
2019-09-12 10:32:09,401 [pool-357-thread-1] INFO  server.RaftServerConfigKeys (ConfUtils.java:logGet(43)) - raft.server.log.segment.cache.num.max = 2 (custom)
2019-09-12 10:32:09,401 [pool-357-thread-1] INFO  segmented.SegmentedRaftLogWorker (SegmentedRaftLogWorker.java:<init>(172)) - new f85b420b-0060-4bb9-9f68-598eed9b442f-SegmentedRaftLogWorker:Storage Directory /workdir/hadoop-ozone/integration-test/target/test-dir/MiniOzoneClusterImpl-39631bd2-f83c-4f24-acb2-4c1b273f2694/datanode-4/data/ratis/7c3cfe50-dccc-475c-aa50-17d40e37c2df for RaftStorage:Storage Directory /workdir/hadoop-ozone/integration-test/target/test-dir/MiniOzoneClusterImpl-39631bd2-f83c-4f24-acb2-4c1b273f2694/datanode-4/data/ratis/7c3cfe50-dccc-475c-aa50-17d40e37c2df
2019-09-12 10:32:09,401 [pool-357-thread-1] INFO  server.RaftServerConfigKeys (ConfUtils.java:logGet(43)) - raft.server.log.queue.byte-limit = 2147483647 (custom)
2019-09-12 10:32:09,401 [pool-357-thread-1] INFO  server.RaftServerConfigKeys (ConfUtils.java:logGet(43)) - raft.server.log.queue.element-limit = 1024 (custom)
2019-09-12 10:32:09,401 [pool-357-thread-1] INFO  server.RaftServerConfigKeys (ConfUtils.java:logGet(43)) - raft.server.log.segment.size.max = 1048576 (custom)
2019-09-12 10:32:09,402 [pool-357-thread-1] INFO  server.RaftServerConfigKeys (ConfUtils.java:logGet(43)) - raft.server.log.preallocated.size = 16384 (custom)
2019-09-12 10:32:09,402 [pool-357-thread-1] INFO  server.RaftServerConfigKeys (ConfUtils.java:logGet(43)) - raft.server.log.write.buffer.size = 33554432 (custom)
2019-09-12 10:32:09,402 [pool-357-thread-1] INFO  server.RaftServerConfigKeys (ConfUtils.java:logGet(43)) - raft.server.log.force.sync.num = 128 (default)
2019-09-12 10:32:09,402 [pool-357-thread-1] INFO  server.RaftServerConfigKeys (ConfUtils.java:logGet(43)) - raft.server.log.statemachine.data.sync = true (default)
2019-09-12 10:32:09,402 [pool-357-thread-1] INFO  server.RaftServerConfigKeys (ConfUtils.java:logGet(43)) - raft.server.log.statemachine.data.sync.timeout = 10s (default)
2019-09-12 10:32:09,402 [pool-357-thread-1] INFO  server.RaftServerConfigKeys (ConfUtils.java:logGet(43)) - raft.server.log.statemachine.data.sync.timeout.retry = -1 (default)
2019-09-12 10:32:09,402 [pool-357-thread-1] INFO  server.RaftServerConfigKeys (ConfUtils.java:logGet(43)) - raft.server.log.statemachine.data.caching.enabled = true (custom)
2019-09-12 10:32:09,402 [pool-357-thread-1] INFO  segmented.SegmentedRaftLogWorker (SegmentedRaftLogWorker.java:lambda$new$0(132)) - f85b420b-0060-4bb9-9f68-598eed9b442f-SegmentedRaftLogWorker:Storage Directory /workdir/hadoop-ozone/integration-test/target/test-dir/MiniOzoneClusterImpl-39631bd2-f83c-4f24-acb2-4c1b273f2694/datanode-4/data/ratis/7c3cfe50-dccc-475c-aa50-17d40e37c2df: flushIndex: setUnconditionally 0 -> -1
2019-09-12 10:32:09,403 [pool-357-thread-1] INFO  server.RaftServerConfigKeys (ConfUtils.java:logGet(43)) - raft.server.snapshot.auto.trigger.enabled = true (custom)
2019-09-12 10:32:09,403 [pool-357-thread-1] INFO  server.RaftServerConfigKeys (ConfUtils.java:logGet(43)) - raft.server.snapshot.auto.trigger.threshold = 10000 (custom)
2019-09-12 10:32:09,403 [pool-357-thread-1] INFO  server.RaftServerConfigKeys (ConfUtils.java:logGet(43)) - raft.server.retrycache.expirytime = 600000ms (custom)
2019-09-12 10:32:09,403 [pool-357-thread-1] INFO  impl.RaftServerImpl (RaftServerImpl.java:start(180)) - f85b420b-0060-4bb9-9f68-598eed9b442f: start group-17D40E37C2DF
2019-09-12 10:32:09,403 [pool-357-thread-1] INFO  impl.RaftServerImpl (RaftServerImpl.java:setRole(171)) - f85b420b-0060-4bb9-9f68-598eed9b442f:group-17D40E37C2DF changes role from null to FOLLOWER at term 0 for startAsFollower
2019-09-12 10:32:09,403 [pool-357-thread-1] INFO  impl.RoleInfo (RoleInfo.java:updateAndGet(143)) - f85b420b-0060-4bb9-9f68-598eed9b442f: start FollowerState
2019-09-12 10:32:09,404 [pool-357-thread-1] INFO  util.JmxRegister (JmxRegister.java:tryRegister(44)) - Successfully registered JMX Bean with object name Ratis:service=RaftServer,group=group-17D40E37C2DF,id=f85b420b-0060-4bb9-9f68-598eed9b442f
2019-09-12 10:32:09,406 [RatisPipelineUtilsThread] INFO  pipeline.PipelineStateManager (PipelineStateManager.java:addPipeline(56)) - Created pipeline Pipeline[ Id: 7c3cfe50-dccc-475c-aa50-17d40e37c2df, Nodes: f85b420b-0060-4bb9-9f68-598eed9b442f{ip: 192.168.36.114, host: pr-hdds-1569-58hkm-1881083799, networkLocation: /default-rack, certSerialId: null}, Type:RATIS, Factor:ONE, State:OPEN]
2019-09-12 10:32:09,406 [RatisPipelineUtilsThread] ERROR pipeline.PipelinePlacementPolicy (PipelinePlacementPolicy.java:meetCriteria(92)) - Pipeline Placement: Doesn't meet the criteria to be viable node. Heaviness: 6
2019-09-12 10:32:09,406 [RatisPipelineUtilsThread] ERROR pipeline.PipelinePlacementPolicy (PipelinePlacementPolicy.java:meetCriteria(92)) - Pipeline Placement: Doesn't meet the criteria to be viable node. Heaviness: 6
2019-09-12 10:32:09,407 [RatisPipelineUtilsThread] ERROR pipeline.PipelinePlacementPolicy (PipelinePlacementPolicy.java:meetCriteria(92)) - Pipeline Placement: Doesn't meet the criteria to be viable node. Heaviness: 6
2019-09-12 10:32:09,407 [RatisPipelineUtilsThread] ERROR pipeline.PipelinePlacementPolicy (PipelinePlacementPolicy.java:meetCriteria(92)) - Pipeline Placement: Doesn't meet the criteria to be viable node. Heaviness: 6
2019-09-12 10:32:09,407 [RatisPipelineUtilsThread] ERROR pipeline.PipelinePlacementPolicy (PipelinePlacementPolicy.java:meetCriteria(92)) - Pipeline Placement: Doesn't meet the criteria to be viable node. Heaviness: 6
2019-09-12 10:32:09,407 [RatisPipelineUtilsThread] ERROR pipeline.PipelinePlacementPolicy (PipelinePlacementPolicy.java:filterViableNodes(147)) - Unable to find enough nodes that meet the criteria that cannot engage in more than 5 pipelines. Nodes required: 1 Found: 0, healthy nodes count inNodeManager: 5.
2019-09-12 10:32:09,407 [RatisPipelineUtilsThread] ERROR pipeline.SCMPipelineManager (SCMPipelineManager.java:createPipeline(161)) - Pipeline creation failed due to exception: Unable to find enough nodes that meet the criteria that cannot engage in more than 5 pipelines. Nodes required: 1 Found: 0, healthy nodes count inNodeManager: 5.
2019-09-12 10:32:09,407 [RatisPipelineUtilsThread] ERROR pipeline.PipelinePlacementPolicy (PipelinePlacementPolicy.java:meetCriteria(92)) - Pipeline Placement: Doesn't meet the criteria to be viable node. Heaviness: 6
2019-09-12 10:32:09,407 [RatisPipelineUtilsThread] ERROR pipeline.PipelinePlacementPolicy (PipelinePlacementPolicy.java:meetCriteria(92)) - Pipeline Placement: Doesn't meet the criteria to be viable node. Heaviness: 6
2019-09-12 10:32:09,408 [RatisPipelineUtilsThread] ERROR pipeline.PipelinePlacementPolicy (PipelinePlacementPolicy.java:meetCriteria(92)) - Pipeline Placement: Doesn't meet the criteria to be viable node. Heaviness: 6
2019-09-12 10:32:09,408 [RatisPipelineUtilsThread] ERROR pipeline.PipelinePlacementPolicy (PipelinePlacementPolicy.java:meetCriteria(92)) - Pipeline Placement: Doesn't meet the criteria to be viable node. Heaviness: 6
2019-09-12 10:32:09,408 [RatisPipelineUtilsThread] ERROR pipeline.PipelinePlacementPolicy (PipelinePlacementPolicy.java:meetCriteria(92)) - Pipeline Placement: Doesn't meet the criteria to be viable node. Heaviness: 6
2019-09-12 10:32:09,408 [RatisPipelineUtilsThread] ERROR pipeline.PipelinePlacementPolicy (PipelinePlacementPolicy.java:filterViableNodes(147)) - Unable to find enough nodes that meet the criteria that cannot engage in more than 5 pipelines. Nodes required: 3 Found: 0, healthy nodes count inNodeManager: 5.
2019-09-12 10:32:09,408 [RatisPipelineUtilsThread] ERROR pipeline.SCMPipelineManager (SCMPipelineManager.java:createPipeline(161)) - Pipeline creation failed due to exception: Unable to find enough nodes that meet the criteria that cannot engage in more than 5 pipelines. Nodes required: 3 Found: 0, healthy nodes count inNodeManager: 5.
2019-09-12 10:32:09,446 [IPC Server handler 0 on 34994] INFO  net.NetworkTopology (NetworkTopologyImpl.java:add(110)) - Added a new node: /default-rack/f8fc8350-8b83-4a15-89e6-430db21616f7
2019-09-12 10:32:09,446 [RatisPipelineUtilsThread] ERROR pipeline.PipelinePlacementPolicy (PipelinePlacementPolicy.java:meetCriteria(92)) - Pipeline Placement: Doesn't meet the criteria to be viable node. Heaviness: 6
2019-09-12 10:32:09,446 [RatisPipelineUtilsThread] ERROR pipeline.PipelinePlacementPolicy (PipelinePlacementPolicy.java:meetCriteria(92)) - Pipeline Placement: Doesn't meet the criteria to be viable node. Heaviness: 6
2019-09-12 10:32:09,447 [RatisPipelineUtilsThread] ERROR pipeline.PipelinePlacementPolicy (PipelinePlacementPolicy.java:meetCriteria(92)) - Pipeline Placement: Doesn't meet the criteria to be viable node. Heaviness: 6
2019-09-12 10:32:09,447 [RatisPipelineUtilsThread] ERROR pipeline.PipelinePlacementPolicy (PipelinePlacementPolicy.java:meetCriteria(92)) - Pipeline Placement: Doesn't meet the criteria to be viable node. Heaviness: 6
2019-09-12 10:32:09,447 [RatisPipelineUtilsThread] ERROR pipeline.PipelinePlacementPolicy (PipelinePlacementPolicy.java:meetCriteria(92)) - Pipeline Placement: Doesn't meet the criteria to be viable node. Heaviness: 6
2019-09-12 10:32:09,446 [IPC Server handler 0 on 34994] INFO  node.SCMNodeManager (SCMNodeManager.java:register(273)) - Registered Data node : f8fc8350-8b83-4a15-89e6-430db21616f7{ip: 192.168.36.114, host: pr-hdds-1569-58hkm-1881083799, networkLocation: /default-rack, certSerialId: null}
2019-09-12 10:32:09,447 | INFO  | SCMAudit | user=jenkins1000 | ip=192.168.36.114 | op=REGISTER {datanodeDetails=f8fc8350-8b83-4a15-89e6-430db21616f7{ip: 192.168.36.114, host: pr-hdds-1569-58hkm-1881083799, networkLocation: /default-rack, certSerialId: null}} | ret=SUCCESS |  
2019-09-12 10:32:09,465 [grpc-default-executor-1] INFO  impl.RaftServerProxy (RaftServerProxy.java:addNew(89)) - f8fc8350-8b83-4a15-89e6-430db21616f7: addNew group-3BDA3D0903B3:[f8fc8350-8b83-4a15-89e6-430db21616f7:192.168.36.114:36361] returns group-3BDA3D0903B3:java.util.concurrent.CompletableFuture@1ccfe89b[Not completed]
2019-09-12 10:32:09,466 [pool-368-thread-1] INFO  impl.RaftServerImpl (RaftServerImpl.java:<init>(93)) - f8fc8350-8b83-4a15-89e6-430db21616f7: new RaftServerImpl for group-3BDA3D0903B3:[f8fc8350-8b83-4a15-89e6-430db21616f7:192.168.36.114:36361] with ContainerStateMachine:uninitialized
2019-09-12 10:32:09,466 [pool-368-thread-1] INFO  server.RaftServerConfigKeys (ConfUtils.java:logGet(43)) - raft.server.rpc.timeout.min = 5s (custom)
2019-09-12 10:32:09,466 [pool-368-thread-1] INFO  server.RaftServerConfigKeys (ConfUtils.java:logGet(43)) - raft.server.rpc.timeout.max = 5200ms (custom)
2019-09-12 10:32:09,466 [pool-368-thread-1] INFO  server.RaftServerConfigKeys (ConfUtils.java:logGet(43)) - raft.server.rpcslowness.timeout = 120s (custom)
2019-09-12 10:32:09,466 [pool-368-thread-1] INFO  server.RaftServerConfigKeys (ConfUtils.java:logGet(43)) - raft.server.sleep.deviation.threshold = 300 (default)
2019-09-12 10:32:09,467 [pool-368-thread-1] INFO  server.RaftServerConfigKeys (ConfUtils.java:logGet(43)) - raft.server.log.appender.install.snapshot.enabled = false (custom)
2019-09-12 10:32:09,467 [pool-368-thread-1] INFO  impl.RaftServerImpl (ServerState.java:<init>(105)) - f8fc8350-8b83-4a15-89e6-430db21616f7:group-3BDA3D0903B3 ConfigurationManager, init=-1: [f8fc8350-8b83-4a15-89e6-430db21616f7:192.168.36.114:36361], old=null, confs=<EMPTY_MAP>
2019-09-12 10:32:09,467 [pool-368-thread-1] INFO  server.RaftServerConfigKeys (ConfUtils.java:logGet(43)) - raft.server.storage.dir = [/workdir/hadoop-ozone/integration-test/target/test-dir/MiniOzoneClusterImpl-39631bd2-f83c-4f24-acb2-4c1b273f2694/datanode-5/data/ratis] (custom)
2019-09-12 10:32:09,467 [pool-368-thread-1] INFO  storage.RaftStorageDirectory (RaftStorageDirectory.java:analyzeStorage(246)) - The storage directory /workdir/hadoop-ozone/integration-test/target/test-dir/MiniOzoneClusterImpl-39631bd2-f83c-4f24-acb2-4c1b273f2694/datanode-5/data/ratis/460a33c1-f0e6-446f-9331-3bda3d0903b3 does not exist. Creating ...
2019-09-12 10:32:09,480 [pool-368-thread-1] INFO  storage.RaftStorageDirectory (RaftStorageDirectory.java:tryLock(328)) - Lock on /workdir/hadoop-ozone/integration-test/target/test-dir/MiniOzoneClusterImpl-39631bd2-f83c-4f24-acb2-4c1b273f2694/datanode-5/data/ratis/460a33c1-f0e6-446f-9331-3bda3d0903b3/in_use.lock acquired by nodename 1396@pr-hdds-1569-58hkm-1881083799
2019-09-12 10:32:09,496 [pool-368-thread-1] INFO  storage.RaftStorage (RaftStorage.java:format(72)) - Storage directory /workdir/hadoop-ozone/integration-test/target/test-dir/MiniOzoneClusterImpl-39631bd2-f83c-4f24-acb2-4c1b273f2694/datanode-5/data/ratis/460a33c1-f0e6-446f-9331-3bda3d0903b3 has been successfully formatted.
2019-09-12 10:32:09,497 [pool-368-thread-1] INFO  ratis.ContainerStateMachine (ContainerStateMachine.java:loadSnapshot(226)) - group-3BDA3D0903B3: The snapshot info is null. Setting the last applied indexto:(t:0, i:~)
2019-09-12 10:32:09,497 [pool-368-thread-1] INFO  server.RaftServerConfigKeys (ConfUtils.java:logGet(43)) - raft.server.leader.election.timeout = 120s (custom)
2019-09-12 10:32:09,497 [pool-368-thread-1] INFO  server.RaftServerConfigKeys (ConfUtils.java:logGet(43)) - raft.server.log.use.memory = false (default)
2019-09-12 10:32:09,497 [pool-368-thread-1] INFO  server.RaftServerConfigKeys (ConfUtils.java:logGet(43)) - raft.server.log.purge.gap = 1000000 (custom)
2019-09-12 10:32:09,497 [pool-368-thread-1] INFO  server.RaftServerConfigKeys (ConfUtils.java:logGet(43)) - raft.server.log.appender.buffer.byte-limit = 33554432 (custom)
2019-09-12 10:32:09,498 [pool-368-thread-1] INFO  server.RaftServerConfigKeys (ConfUtils.java:logGet(43)) - raft.server.log.segment.size.max = 1048576 (custom)
2019-09-12 10:32:09,498 [pool-368-thread-1] INFO  server.RaftServerConfigKeys (ConfUtils.java:logGet(43)) - raft.server.log.segment.cache.num.max = 2 (custom)
2019-09-12 10:32:09,498 [pool-368-thread-1] INFO  segmented.SegmentedRaftLogWorker (SegmentedRaftLogWorker.java:<init>(172)) - new f8fc8350-8b83-4a15-89e6-430db21616f7-SegmentedRaftLogWorker:Storage Directory /workdir/hadoop-ozone/integration-test/target/test-dir/MiniOzoneClusterImpl-39631bd2-f83c-4f24-acb2-4c1b273f2694/datanode-5/data/ratis/460a33c1-f0e6-446f-9331-3bda3d0903b3 for RaftStorage:Storage Directory /workdir/hadoop-ozone/integration-test/target/test-dir/MiniOzoneClusterImpl-39631bd2-f83c-4f24-acb2-4c1b273f2694/datanode-5/data/ratis/460a33c1-f0e6-446f-9331-3bda3d0903b3
2019-09-12 10:32:09,498 [pool-368-thread-1] INFO  server.RaftServerConfigKeys (ConfUtils.java:logGet(43)) - raft.server.log.queue.byte-limit = 2147483647 (custom)
2019-09-12 10:32:09,498 [pool-368-thread-1] INFO  server.RaftServerConfigKeys (ConfUtils.java:logGet(43)) - raft.server.log.queue.element-limit = 1024 (custom)
2019-09-12 10:32:09,498 [pool-368-thread-1] INFO  server.RaftServerConfigKeys (ConfUtils.java:logGet(43)) - raft.server.log.segment.size.max = 1048576 (custom)
2019-09-12 10:32:09,499 [pool-368-thread-1] INFO  server.RaftServerConfigKeys (ConfUtils.java:logGet(43)) - raft.server.log.preallocated.size = 16384 (custom)
2019-09-12 10:32:09,499 [pool-368-thread-1] INFO  server.RaftServerConfigKeys (ConfUtils.java:logGet(43)) - raft.server.log.write.buffer.size = 33554432 (custom)
2019-09-12 10:32:09,499 [pool-368-thread-1] INFO  server.RaftServerConfigKeys (ConfUtils.java:logGet(43)) - raft.server.log.force.sync.num = 128 (default)
2019-09-12 10:32:09,499 [pool-368-thread-1] INFO  server.RaftServerConfigKeys (ConfUtils.java:logGet(43)) - raft.server.log.statemachine.data.sync = true (default)
2019-09-12 10:32:09,499 [pool-368-thread-1] INFO  server.RaftServerConfigKeys (ConfUtils.java:logGet(43)) - raft.server.log.statemachine.data.sync.timeout = 10s (default)
2019-09-12 10:32:09,499 [pool-368-thread-1] INFO  server.RaftServerConfigKeys (ConfUtils.java:logGet(43)) - raft.server.log.statemachine.data.sync.timeout.retry = -1 (default)
2019-09-12 10:32:09,499 [pool-368-thread-1] INFO  server.RaftServerConfigKeys (ConfUtils.java:logGet(43)) - raft.server.log.statemachine.data.caching.enabled = true (custom)
2019-09-12 10:32:09,500 [pool-368-thread-1] INFO  segmented.SegmentedRaftLogWorker (SegmentedRaftLogWorker.java:lambda$new$0(132)) - f8fc8350-8b83-4a15-89e6-430db21616f7-SegmentedRaftLogWorker:Storage Directory /workdir/hadoop-ozone/integration-test/target/test-dir/MiniOzoneClusterImpl-39631bd2-f83c-4f24-acb2-4c1b273f2694/datanode-5/data/ratis/460a33c1-f0e6-446f-9331-3bda3d0903b3: flushIndex: setUnconditionally 0 -> -1
2019-09-12 10:32:09,500 [pool-368-thread-1] INFO  server.RaftServerConfigKeys (ConfUtils.java:logGet(43)) - raft.server.snapshot.auto.trigger.enabled = true (custom)
2019-09-12 10:32:09,500 [pool-368-thread-1] INFO  server.RaftServerConfigKeys (ConfUtils.java:logGet(43)) - raft.server.snapshot.auto.trigger.threshold = 10000 (custom)
2019-09-12 10:32:09,500 [pool-368-thread-1] INFO  server.RaftServerConfigKeys (ConfUtils.java:logGet(43)) - raft.server.retrycache.expirytime = 600000ms (custom)
2019-09-12 10:32:09,500 [pool-368-thread-1] INFO  impl.RaftServerImpl (RaftServerImpl.java:start(180)) - f8fc8350-8b83-4a15-89e6-430db21616f7: start group-3BDA3D0903B3
2019-09-12 10:32:09,501 [pool-368-thread-1] INFO  impl.RaftServerImpl (RaftServerImpl.java:setRole(171)) - f8fc8350-8b83-4a15-89e6-430db21616f7:group-3BDA3D0903B3 changes role from null to FOLLOWER at term 0 for startAsFollower
2019-09-12 10:32:09,501 [pool-368-thread-1] INFO  impl.RoleInfo (RoleInfo.java:updateAndGet(143)) - f8fc8350-8b83-4a15-89e6-430db21616f7: start FollowerState
2019-09-12 10:32:09,501 [pool-368-thread-1] INFO  util.JmxRegister (JmxRegister.java:tryRegister(44)) - Successfully registered JMX Bean with object name Ratis:service=RaftServer,group=group-3BDA3D0903B3,id=f8fc8350-8b83-4a15-89e6-430db21616f7
2019-09-12 10:32:09,504 [RatisPipelineUtilsThread] INFO  pipeline.PipelineStateManager (PipelineStateManager.java:addPipeline(56)) - Created pipeline Pipeline[ Id: 460a33c1-f0e6-446f-9331-3bda3d0903b3, Nodes: f8fc8350-8b83-4a15-89e6-430db21616f7{ip: 192.168.36.114, host: pr-hdds-1569-58hkm-1881083799, networkLocation: /default-rack, certSerialId: null}, Type:RATIS, Factor:ONE, State:OPEN]
2019-09-12 10:32:09,504 [RatisPipelineUtilsThread] ERROR pipeline.PipelinePlacementPolicy (PipelinePlacementPolicy.java:meetCriteria(92)) - Pipeline Placement: Doesn't meet the criteria to be viable node. Heaviness: 6
2019-09-12 10:32:09,504 [RatisPipelineUtilsThread] ERROR pipeline.PipelinePlacementPolicy (PipelinePlacementPolicy.java:meetCriteria(92)) - Pipeline Placement: Doesn't meet the criteria to be viable node. Heaviness: 6
2019-09-12 10:32:09,505 [RatisPipelineUtilsThread] ERROR pipeline.PipelinePlacementPolicy (PipelinePlacementPolicy.java:meetCriteria(92)) - Pipeline Placement: Doesn't meet the criteria to be viable node. Heaviness: 6
2019-09-12 10:32:09,505 [RatisPipelineUtilsThread] ERROR pipeline.PipelinePlacementPolicy (PipelinePlacementPolicy.java:meetCriteria(92)) - Pipeline Placement: Doesn't meet the criteria to be viable node. Heaviness: 6
2019-09-12 10:32:09,505 [RatisPipelineUtilsThread] ERROR pipeline.PipelinePlacementPolicy (PipelinePlacementPolicy.java:meetCriteria(92)) - Pipeline Placement: Doesn't meet the criteria to be viable node. Heaviness: 6
2019-09-12 10:32:09,510 [grpc-default-executor-1] INFO  impl.RaftServerProxy (RaftServerProxy.java:addNew(89)) - f8fc8350-8b83-4a15-89e6-430db21616f7: addNew group-03200ECFAF5C:[f8fc8350-8b83-4a15-89e6-430db21616f7:192.168.36.114:36361] returns group-03200ECFAF5C:java.util.concurrent.CompletableFuture@185a66c8[Not completed]
2019-09-12 10:32:09,511 [pool-368-thread-1] INFO  impl.RaftServerImpl (RaftServerImpl.java:<init>(93)) - f8fc8350-8b83-4a15-89e6-430db21616f7: new RaftServerImpl for group-03200ECFAF5C:[f8fc8350-8b83-4a15-89e6-430db21616f7:192.168.36.114:36361] with ContainerStateMachine:uninitialized
2019-09-12 10:32:09,511 [pool-368-thread-1] INFO  server.RaftServerConfigKeys (ConfUtils.java:logGet(43)) - raft.server.rpc.timeout.min = 5s (custom)
2019-09-12 10:32:09,511 [pool-368-thread-1] INFO  server.RaftServerConfigKeys (ConfUtils.java:logGet(43)) - raft.server.rpc.timeout.max = 5200ms (custom)
2019-09-12 10:32:09,511 [pool-368-thread-1] INFO  server.RaftServerConfigKeys (ConfUtils.java:logGet(43)) - raft.server.rpcslowness.timeout = 120s (custom)
2019-09-12 10:32:09,511 [pool-368-thread-1] INFO  server.RaftServerConfigKeys (ConfUtils.java:logGet(43)) - raft.server.sleep.deviation.threshold = 300 (default)
2019-09-12 10:32:09,511 [pool-368-thread-1] INFO  server.RaftServerConfigKeys (ConfUtils.java:logGet(43)) - raft.server.log.appender.install.snapshot.enabled = false (custom)
2019-09-12 10:32:09,512 [pool-368-thread-1] INFO  impl.RaftServerImpl (ServerState.java:<init>(105)) - f8fc8350-8b83-4a15-89e6-430db21616f7:group-03200ECFAF5C ConfigurationManager, init=-1: [f8fc8350-8b83-4a15-89e6-430db21616f7:192.168.36.114:36361], old=null, confs=<EMPTY_MAP>
2019-09-12 10:32:09,512 [pool-368-thread-1] INFO  server.RaftServerConfigKeys (ConfUtils.java:logGet(43)) - raft.server.storage.dir = [/workdir/hadoop-ozone/integration-test/target/test-dir/MiniOzoneClusterImpl-39631bd2-f83c-4f24-acb2-4c1b273f2694/datanode-5/data/ratis] (custom)
2019-09-12 10:32:09,512 [pool-368-thread-1] INFO  storage.RaftStorageDirectory (RaftStorageDirectory.java:analyzeStorage(246)) - The storage directory /workdir/hadoop-ozone/integration-test/target/test-dir/MiniOzoneClusterImpl-39631bd2-f83c-4f24-acb2-4c1b273f2694/datanode-5/data/ratis/94d28abe-6b2e-4c7b-a631-03200ecfaf5c does not exist. Creating ...
2019-09-12 10:32:09,526 [pool-368-thread-1] INFO  storage.RaftStorageDirectory (RaftStorageDirectory.java:tryLock(328)) - Lock on /workdir/hadoop-ozone/integration-test/target/test-dir/MiniOzoneClusterImpl-39631bd2-f83c-4f24-acb2-4c1b273f2694/datanode-5/data/ratis/94d28abe-6b2e-4c7b-a631-03200ecfaf5c/in_use.lock acquired by nodename 1396@pr-hdds-1569-58hkm-1881083799
2019-09-12 10:32:09,539 [pool-368-thread-1] INFO  storage.RaftStorage (RaftStorage.java:format(72)) - Storage directory /workdir/hadoop-ozone/integration-test/target/test-dir/MiniOzoneClusterImpl-39631bd2-f83c-4f24-acb2-4c1b273f2694/datanode-5/data/ratis/94d28abe-6b2e-4c7b-a631-03200ecfaf5c has been successfully formatted.
2019-09-12 10:32:09,539 [pool-368-thread-1] INFO  ratis.ContainerStateMachine (ContainerStateMachine.java:loadSnapshot(226)) - group-03200ECFAF5C: The snapshot info is null. Setting the last applied indexto:(t:0, i:~)
2019-09-12 10:32:09,539 [pool-368-thread-1] INFO  server.RaftServerConfigKeys (ConfUtils.java:logGet(43)) - raft.server.leader.election.timeout = 120s (custom)
2019-09-12 10:32:09,539 [pool-368-thread-1] INFO  server.RaftServerConfigKeys (ConfUtils.java:logGet(43)) - raft.server.log.use.memory = false (default)
2019-09-12 10:32:09,539 [pool-368-thread-1] INFO  server.RaftServerConfigKeys (ConfUtils.java:logGet(43)) - raft.server.log.purge.gap = 1000000 (custom)
2019-09-12 10:32:09,539 [pool-368-thread-1] INFO  server.RaftServerConfigKeys (ConfUtils.java:logGet(43)) - raft.server.log.appender.buffer.byte-limit = 33554432 (custom)
2019-09-12 10:32:09,540 [pool-368-thread-1] INFO  server.RaftServerConfigKeys (ConfUtils.java:logGet(43)) - raft.server.log.segment.size.max = 1048576 (custom)
2019-09-12 10:32:09,540 [pool-368-thread-1] INFO  server.RaftServerConfigKeys (ConfUtils.java:logGet(43)) - raft.server.log.segment.cache.num.max = 2 (custom)
2019-09-12 10:32:09,540 [pool-368-thread-1] INFO  segmented.SegmentedRaftLogWorker (SegmentedRaftLogWorker.java:<init>(172)) - new f8fc8350-8b83-4a15-89e6-430db21616f7-SegmentedRaftLogWorker:Storage Directory /workdir/hadoop-ozone/integration-test/target/test-dir/MiniOzoneClusterImpl-39631bd2-f83c-4f24-acb2-4c1b273f2694/datanode-5/data/ratis/94d28abe-6b2e-4c7b-a631-03200ecfaf5c for RaftStorage:Storage Directory /workdir/hadoop-ozone/integration-test/target/test-dir/MiniOzoneClusterImpl-39631bd2-f83c-4f24-acb2-4c1b273f2694/datanode-5/data/ratis/94d28abe-6b2e-4c7b-a631-03200ecfaf5c
2019-09-12 10:32:09,540 [pool-368-thread-1] INFO  server.RaftServerConfigKeys (ConfUtils.java:logGet(43)) - raft.server.log.queue.byte-limit = 2147483647 (custom)
2019-09-12 10:32:09,540 [pool-368-thread-1] INFO  server.RaftServerConfigKeys (ConfUtils.java:logGet(43)) - raft.server.log.queue.element-limit = 1024 (custom)
2019-09-12 10:32:09,540 [pool-368-thread-1] INFO  server.RaftServerConfigKeys (ConfUtils.java:logGet(43)) - raft.server.log.segment.size.max = 1048576 (custom)
2019-09-12 10:32:09,540 [pool-368-thread-1] INFO  server.RaftServerConfigKeys (ConfUtils.java:logGet(43)) - raft.server.log.preallocated.size = 16384 (custom)
2019-09-12 10:32:09,540 [pool-368-thread-1] INFO  server.RaftServerConfigKeys (ConfUtils.java:logGet(43)) - raft.server.log.write.buffer.size = 33554432 (custom)
2019-09-12 10:32:09,541 [pool-368-thread-1] INFO  server.RaftServerConfigKeys (ConfUtils.java:logGet(43)) - raft.server.log.force.sync.num = 128 (default)
2019-09-12 10:32:09,541 [pool-368-thread-1] INFO  server.RaftServerConfigKeys (ConfUtils.java:logGet(43)) - raft.server.log.statemachine.data.sync = true (default)
2019-09-12 10:32:09,541 [pool-368-thread-1] INFO  server.RaftServerConfigKeys (ConfUtils.java:logGet(43)) - raft.server.log.statemachine.data.sync.timeout = 10s (default)
2019-09-12 10:32:09,541 [pool-368-thread-1] INFO  server.RaftServerConfigKeys (ConfUtils.java:logGet(43)) - raft.server.log.statemachine.data.sync.timeout.retry = -1 (default)
2019-09-12 10:32:09,541 [pool-368-thread-1] INFO  server.RaftServerConfigKeys (ConfUtils.java:logGet(43)) - raft.server.log.statemachine.data.caching.enabled = true (custom)
2019-09-12 10:32:09,541 [pool-368-thread-1] INFO  segmented.SegmentedRaftLogWorker (SegmentedRaftLogWorker.java:lambda$new$0(132)) - f8fc8350-8b83-4a15-89e6-430db21616f7-SegmentedRaftLogWorker:Storage Directory /workdir/hadoop-ozone/integration-test/target/test-dir/MiniOzoneClusterImpl-39631bd2-f83c-4f24-acb2-4c1b273f2694/datanode-5/data/ratis/94d28abe-6b2e-4c7b-a631-03200ecfaf5c: flushIndex: setUnconditionally 0 -> -1
2019-09-12 10:32:09,542 [pool-368-thread-1] INFO  server.RaftServerConfigKeys (ConfUtils.java:logGet(43)) - raft.server.snapshot.auto.trigger.enabled = true (custom)
2019-09-12 10:32:09,542 [pool-368-thread-1] INFO  server.RaftServerConfigKeys (ConfUtils.java:logGet(43)) - raft.server.snapshot.auto.trigger.threshold = 10000 (custom)
2019-09-12 10:32:09,542 [pool-368-thread-1] INFO  server.RaftServerConfigKeys (ConfUtils.java:logGet(43)) - raft.server.retrycache.expirytime = 600000ms (custom)
2019-09-12 10:32:09,542 [pool-368-thread-1] INFO  impl.RaftServerImpl (RaftServerImpl.java:start(180)) - f8fc8350-8b83-4a15-89e6-430db21616f7: start group-03200ECFAF5C
2019-09-12 10:32:09,542 [pool-368-thread-1] INFO  impl.RaftServerImpl (RaftServerImpl.java:setRole(171)) - f8fc8350-8b83-4a15-89e6-430db21616f7:group-03200ECFAF5C changes role from null to FOLLOWER at term 0 for startAsFollower
2019-09-12 10:32:09,542 [pool-368-thread-1] INFO  impl.RoleInfo (RoleInfo.java:updateAndGet(143)) - f8fc8350-8b83-4a15-89e6-430db21616f7: start FollowerState
2019-09-12 10:32:09,542 [pool-368-thread-1] INFO  util.JmxRegister (JmxRegister.java:tryRegister(44)) - Successfully registered JMX Bean with object name Ratis:service=RaftServer,group=group-03200ECFAF5C,id=f8fc8350-8b83-4a15-89e6-430db21616f7
2019-09-12 10:32:09,545 [RatisPipelineUtilsThread] INFO  pipeline.PipelineStateManager (PipelineStateManager.java:addPipeline(56)) - Created pipeline Pipeline[ Id: 94d28abe-6b2e-4c7b-a631-03200ecfaf5c, Nodes: f8fc8350-8b83-4a15-89e6-430db21616f7{ip: 192.168.36.114, host: pr-hdds-1569-58hkm-1881083799, networkLocation: /default-rack, certSerialId: null}, Type:RATIS, Factor:ONE, State:OPEN]
2019-09-12 10:32:09,545 [RatisPipelineUtilsThread] ERROR pipeline.PipelinePlacementPolicy (PipelinePlacementPolicy.java:meetCriteria(92)) - Pipeline Placement: Doesn't meet the criteria to be viable node. Heaviness: 6
2019-09-12 10:32:09,546 [RatisPipelineUtilsThread] ERROR pipeline.PipelinePlacementPolicy (PipelinePlacementPolicy.java:meetCriteria(92)) - Pipeline Placement: Doesn't meet the criteria to be viable node. Heaviness: 6
2019-09-12 10:32:09,546 [RatisPipelineUtilsThread] ERROR pipeline.PipelinePlacementPolicy (PipelinePlacementPolicy.java:meetCriteria(92)) - Pipeline Placement: Doesn't meet the criteria to be viable node. Heaviness: 6
2019-09-12 10:32:09,546 [RatisPipelineUtilsThread] ERROR pipeline.PipelinePlacementPolicy (PipelinePlacementPolicy.java:meetCriteria(92)) - Pipeline Placement: Doesn't meet the criteria to be viable node. Heaviness: 6
2019-09-12 10:32:09,546 [RatisPipelineUtilsThread] ERROR pipeline.PipelinePlacementPolicy (PipelinePlacementPolicy.java:meetCriteria(92)) - Pipeline Placement: Doesn't meet the criteria to be viable node. Heaviness: 6
2019-09-12 10:32:09,551 [grpc-default-executor-1] INFO  impl.RaftServerProxy (RaftServerProxy.java:addNew(89)) - f8fc8350-8b83-4a15-89e6-430db21616f7: addNew group-4DA1475890E7:[f8fc8350-8b83-4a15-89e6-430db21616f7:192.168.36.114:36361] returns group-4DA1475890E7:java.util.concurrent.CompletableFuture@2eb21971[Not completed]
2019-09-12 10:32:09,552 [pool-368-thread-1] INFO  impl.RaftServerImpl (RaftServerImpl.java:<init>(93)) - f8fc8350-8b83-4a15-89e6-430db21616f7: new RaftServerImpl for group-4DA1475890E7:[f8fc8350-8b83-4a15-89e6-430db21616f7:192.168.36.114:36361] with ContainerStateMachine:uninitialized
2019-09-12 10:32:09,552 [pool-368-thread-1] INFO  server.RaftServerConfigKeys (ConfUtils.java:logGet(43)) - raft.server.rpc.timeout.min = 5s (custom)
2019-09-12 10:32:09,552 [pool-368-thread-1] INFO  server.RaftServerConfigKeys (ConfUtils.java:logGet(43)) - raft.server.rpc.timeout.max = 5200ms (custom)
2019-09-12 10:32:09,552 [pool-368-thread-1] INFO  server.RaftServerConfigKeys (ConfUtils.java:logGet(43)) - raft.server.rpcslowness.timeout = 120s (custom)
2019-09-12 10:32:09,552 [pool-368-thread-1] INFO  server.RaftServerConfigKeys (ConfUtils.java:logGet(43)) - raft.server.sleep.deviation.threshold = 300 (default)
2019-09-12 10:32:09,553 [pool-368-thread-1] INFO  server.RaftServerConfigKeys (ConfUtils.java:logGet(43)) - raft.server.log.appender.install.snapshot.enabled = false (custom)
2019-09-12 10:32:09,553 [pool-368-thread-1] INFO  impl.RaftServerImpl (ServerState.java:<init>(105)) - f8fc8350-8b83-4a15-89e6-430db21616f7:group-4DA1475890E7 ConfigurationManager, init=-1: [f8fc8350-8b83-4a15-89e6-430db21616f7:192.168.36.114:36361], old=null, confs=<EMPTY_MAP>
2019-09-12 10:32:09,553 [pool-368-thread-1] INFO  server.RaftServerConfigKeys (ConfUtils.java:logGet(43)) - raft.server.storage.dir = [/workdir/hadoop-ozone/integration-test/target/test-dir/MiniOzoneClusterImpl-39631bd2-f83c-4f24-acb2-4c1b273f2694/datanode-5/data/ratis] (custom)
2019-09-12 10:32:09,553 [pool-368-thread-1] INFO  storage.RaftStorageDirectory (RaftStorageDirectory.java:analyzeStorage(246)) - The storage directory /workdir/hadoop-ozone/integration-test/target/test-dir/MiniOzoneClusterImpl-39631bd2-f83c-4f24-acb2-4c1b273f2694/datanode-5/data/ratis/58fb2d82-72b5-4e91-abfb-4da1475890e7 does not exist. Creating ...
2019-09-12 10:32:09,567 [pool-368-thread-1] INFO  storage.RaftStorageDirectory (RaftStorageDirectory.java:tryLock(328)) - Lock on /workdir/hadoop-ozone/integration-test/target/test-dir/MiniOzoneClusterImpl-39631bd2-f83c-4f24-acb2-4c1b273f2694/datanode-5/data/ratis/58fb2d82-72b5-4e91-abfb-4da1475890e7/in_use.lock acquired by nodename 1396@pr-hdds-1569-58hkm-1881083799
2019-09-12 10:32:09,580 [pool-368-thread-1] INFO  storage.RaftStorage (RaftStorage.java:format(72)) - Storage directory /workdir/hadoop-ozone/integration-test/target/test-dir/MiniOzoneClusterImpl-39631bd2-f83c-4f24-acb2-4c1b273f2694/datanode-5/data/ratis/58fb2d82-72b5-4e91-abfb-4da1475890e7 has been successfully formatted.
2019-09-12 10:32:09,580 [pool-368-thread-1] INFO  ratis.ContainerStateMachine (ContainerStateMachine.java:loadSnapshot(226)) - group-4DA1475890E7: The snapshot info is null. Setting the last applied indexto:(t:0, i:~)
2019-09-12 10:32:09,580 [pool-368-thread-1] INFO  server.RaftServerConfigKeys (ConfUtils.java:logGet(43)) - raft.server.leader.election.timeout = 120s (custom)
2019-09-12 10:32:09,581 [pool-368-thread-1] INFO  server.RaftServerConfigKeys (ConfUtils.java:logGet(43)) - raft.server.log.use.memory = false (default)
2019-09-12 10:32:09,581 [pool-368-thread-1] INFO  server.RaftServerConfigKeys (ConfUtils.java:logGet(43)) - raft.server.log.purge.gap = 1000000 (custom)
2019-09-12 10:32:09,581 [pool-368-thread-1] INFO  server.RaftServerConfigKeys (ConfUtils.java:logGet(43)) - raft.server.log.appender.buffer.byte-limit = 33554432 (custom)
2019-09-12 10:32:09,581 [pool-368-thread-1] INFO  server.RaftServerConfigKeys (ConfUtils.java:logGet(43)) - raft.server.log.segment.size.max = 1048576 (custom)
2019-09-12 10:32:09,581 [pool-368-thread-1] INFO  server.RaftServerConfigKeys (ConfUtils.java:logGet(43)) - raft.server.log.segment.cache.num.max = 2 (custom)
2019-09-12 10:32:09,581 [pool-368-thread-1] INFO  segmented.SegmentedRaftLogWorker (SegmentedRaftLogWorker.java:<init>(172)) - new f8fc8350-8b83-4a15-89e6-430db21616f7-SegmentedRaftLogWorker:Storage Directory /workdir/hadoop-ozone/integration-test/target/test-dir/MiniOzoneClusterImpl-39631bd2-f83c-4f24-acb2-4c1b273f2694/datanode-5/data/ratis/58fb2d82-72b5-4e91-abfb-4da1475890e7 for RaftStorage:Storage Directory /workdir/hadoop-ozone/integration-test/target/test-dir/MiniOzoneClusterImpl-39631bd2-f83c-4f24-acb2-4c1b273f2694/datanode-5/data/ratis/58fb2d82-72b5-4e91-abfb-4da1475890e7
2019-09-12 10:32:09,581 [pool-368-thread-1] INFO  server.RaftServerConfigKeys (ConfUtils.java:logGet(43)) - raft.server.log.queue.byte-limit = 2147483647 (custom)
2019-09-12 10:32:09,581 [pool-368-thread-1] INFO  server.RaftServerConfigKeys (ConfUtils.java:logGet(43)) - raft.server.log.queue.element-limit = 1024 (custom)
2019-09-12 10:32:09,582 [pool-368-thread-1] INFO  server.RaftServerConfigKeys (ConfUtils.java:logGet(43)) - raft.server.log.segment.size.max = 1048576 (custom)
2019-09-12 10:32:09,582 [pool-368-thread-1] INFO  server.RaftServerConfigKeys (ConfUtils.java:logGet(43)) - raft.server.log.preallocated.size = 16384 (custom)
2019-09-12 10:32:09,582 [pool-368-thread-1] INFO  server.RaftServerConfigKeys (ConfUtils.java:logGet(43)) - raft.server.log.write.buffer.size = 33554432 (custom)
2019-09-12 10:32:09,582 [pool-368-thread-1] INFO  server.RaftServerConfigKeys (ConfUtils.java:logGet(43)) - raft.server.log.force.sync.num = 128 (default)
2019-09-12 10:32:09,582 [pool-368-thread-1] INFO  server.RaftServerConfigKeys (ConfUtils.java:logGet(43)) - raft.server.log.statemachine.data.sync = true (default)
2019-09-12 10:32:09,582 [pool-368-thread-1] INFO  server.RaftServerConfigKeys (ConfUtils.java:logGet(43)) - raft.server.log.statemachine.data.sync.timeout = 10s (default)
2019-09-12 10:32:09,582 [pool-368-thread-1] INFO  server.RaftServerConfigKeys (ConfUtils.java:logGet(43)) - raft.server.log.statemachine.data.sync.timeout.retry = -1 (default)
2019-09-12 10:32:09,582 [pool-368-thread-1] INFO  server.RaftServerConfigKeys (ConfUtils.java:logGet(43)) - raft.server.log.statemachine.data.caching.enabled = true (custom)
2019-09-12 10:32:09,583 [pool-368-thread-1] INFO  segmented.SegmentedRaftLogWorker (SegmentedRaftLogWorker.java:lambda$new$0(132)) - f8fc8350-8b83-4a15-89e6-430db21616f7-SegmentedRaftLogWorker:Storage Directory /workdir/hadoop-ozone/integration-test/target/test-dir/MiniOzoneClusterImpl-39631bd2-f83c-4f24-acb2-4c1b273f2694/datanode-5/data/ratis/58fb2d82-72b5-4e91-abfb-4da1475890e7: flushIndex: setUnconditionally 0 -> -1
2019-09-12 10:32:09,583 [pool-368-thread-1] INFO  server.RaftServerConfigKeys (ConfUtils.java:logGet(43)) - raft.server.snapshot.auto.trigger.enabled = true (custom)
2019-09-12 10:32:09,583 [pool-368-thread-1] INFO  server.RaftServerConfigKeys (ConfUtils.java:logGet(43)) - raft.server.snapshot.auto.trigger.threshold = 10000 (custom)
2019-09-12 10:32:09,583 [pool-368-thread-1] INFO  server.RaftServerConfigKeys (ConfUtils.java:logGet(43)) - raft.server.retrycache.expirytime = 600000ms (custom)
2019-09-12 10:32:09,583 [pool-368-thread-1] INFO  impl.RaftServerImpl (RaftServerImpl.java:start(180)) - f8fc8350-8b83-4a15-89e6-430db21616f7: start group-4DA1475890E7
2019-09-12 10:32:09,583 [pool-368-thread-1] INFO  impl.RaftServerImpl (RaftServerImpl.java:setRole(171)) - f8fc8350-8b83-4a15-89e6-430db21616f7:group-4DA1475890E7 changes role from null to FOLLOWER at term 0 for startAsFollower
2019-09-12 10:32:09,584 [pool-368-thread-1] INFO  impl.RoleInfo (RoleInfo.java:updateAndGet(143)) - f8fc8350-8b83-4a15-89e6-430db21616f7: start FollowerState
2019-09-12 10:32:09,584 [pool-368-thread-1] INFO  util.JmxRegister (JmxRegister.java:tryRegister(44)) - Successfully registered JMX Bean with object name Ratis:service=RaftServer,group=group-4DA1475890E7,id=f8fc8350-8b83-4a15-89e6-430db21616f7
2019-09-12 10:32:09,590 [RatisPipelineUtilsThread] INFO  pipeline.PipelineStateManager (PipelineStateManager.java:addPipeline(56)) - Created pipeline Pipeline[ Id: 58fb2d82-72b5-4e91-abfb-4da1475890e7, Nodes: f8fc8350-8b83-4a15-89e6-430db21616f7{ip: 192.168.36.114, host: pr-hdds-1569-58hkm-1881083799, networkLocation: /default-rack, certSerialId: null}, Type:RATIS, Factor:ONE, State:OPEN]
2019-09-12 10:32:09,591 [RatisPipelineUtilsThread] ERROR pipeline.PipelinePlacementPolicy (PipelinePlacementPolicy.java:meetCriteria(92)) - Pipeline Placement: Doesn't meet the criteria to be viable node. Heaviness: 6
2019-09-12 10:32:09,591 [RatisPipelineUtilsThread] ERROR pipeline.PipelinePlacementPolicy (PipelinePlacementPolicy.java:meetCriteria(92)) - Pipeline Placement: Doesn't meet the criteria to be viable node. Heaviness: 6
2019-09-12 10:32:09,591 [RatisPipelineUtilsThread] ERROR pipeline.PipelinePlacementPolicy (PipelinePlacementPolicy.java:meetCriteria(92)) - Pipeline Placement: Doesn't meet the criteria to be viable node. Heaviness: 6
2019-09-12 10:32:09,591 [RatisPipelineUtilsThread] ERROR pipeline.PipelinePlacementPolicy (PipelinePlacementPolicy.java:meetCriteria(92)) - Pipeline Placement: Doesn't meet the criteria to be viable node. Heaviness: 6
2019-09-12 10:32:09,592 [RatisPipelineUtilsThread] ERROR pipeline.PipelinePlacementPolicy (PipelinePlacementPolicy.java:meetCriteria(92)) - Pipeline Placement: Doesn't meet the criteria to be viable node. Heaviness: 6
2019-09-12 10:32:09,597 [grpc-default-executor-1] INFO  impl.RaftServerProxy (RaftServerProxy.java:addNew(89)) - f8fc8350-8b83-4a15-89e6-430db21616f7: addNew group-96015AD63434:[f8fc8350-8b83-4a15-89e6-430db21616f7:192.168.36.114:36361] returns group-96015AD63434:java.util.concurrent.CompletableFuture@2c5dbb9b[Not completed]
2019-09-12 10:32:09,598 [pool-368-thread-1] INFO  impl.RaftServerImpl (RaftServerImpl.java:<init>(93)) - f8fc8350-8b83-4a15-89e6-430db21616f7: new RaftServerImpl for group-96015AD63434:[f8fc8350-8b83-4a15-89e6-430db21616f7:192.168.36.114:36361] with ContainerStateMachine:uninitialized
2019-09-12 10:32:09,598 [pool-368-thread-1] INFO  server.RaftServerConfigKeys (ConfUtils.java:logGet(43)) - raft.server.rpc.timeout.min = 5s (custom)
2019-09-12 10:32:09,598 [pool-368-thread-1] INFO  server.RaftServerConfigKeys (ConfUtils.java:logGet(43)) - raft.server.rpc.timeout.max = 5200ms (custom)
2019-09-12 10:32:09,598 [pool-368-thread-1] INFO  server.RaftServerConfigKeys (ConfUtils.java:logGet(43)) - raft.server.rpcslowness.timeout = 120s (custom)
2019-09-12 10:32:09,598 [pool-368-thread-1] INFO  server.RaftServerConfigKeys (ConfUtils.java:logGet(43)) - raft.server.sleep.deviation.threshold = 300 (default)
2019-09-12 10:32:09,598 [pool-368-thread-1] INFO  server.RaftServerConfigKeys (ConfUtils.java:logGet(43)) - raft.server.log.appender.install.snapshot.enabled = false (custom)
2019-09-12 10:32:09,598 [pool-368-thread-1] INFO  impl.RaftServerImpl (ServerState.java:<init>(105)) - f8fc8350-8b83-4a15-89e6-430db21616f7:group-96015AD63434 ConfigurationManager, init=-1: [f8fc8350-8b83-4a15-89e6-430db21616f7:192.168.36.114:36361], old=null, confs=<EMPTY_MAP>
2019-09-12 10:32:09,598 [pool-368-thread-1] INFO  server.RaftServerConfigKeys (ConfUtils.java:logGet(43)) - raft.server.storage.dir = [/workdir/hadoop-ozone/integration-test/target/test-dir/MiniOzoneClusterImpl-39631bd2-f83c-4f24-acb2-4c1b273f2694/datanode-5/data/ratis] (custom)
2019-09-12 10:32:09,599 [pool-368-thread-1] INFO  storage.RaftStorageDirectory (RaftStorageDirectory.java:analyzeStorage(246)) - The storage directory /workdir/hadoop-ozone/integration-test/target/test-dir/MiniOzoneClusterImpl-39631bd2-f83c-4f24-acb2-4c1b273f2694/datanode-5/data/ratis/e8c866ed-b54e-4519-b9ce-96015ad63434 does not exist. Creating ...
2019-09-12 10:32:09,611 [pool-368-thread-1] INFO  storage.RaftStorageDirectory (RaftStorageDirectory.java:tryLock(328)) - Lock on /workdir/hadoop-ozone/integration-test/target/test-dir/MiniOzoneClusterImpl-39631bd2-f83c-4f24-acb2-4c1b273f2694/datanode-5/data/ratis/e8c866ed-b54e-4519-b9ce-96015ad63434/in_use.lock acquired by nodename 1396@pr-hdds-1569-58hkm-1881083799
2019-09-12 10:32:09,623 [pool-368-thread-1] INFO  storage.RaftStorage (RaftStorage.java:format(72)) - Storage directory /workdir/hadoop-ozone/integration-test/target/test-dir/MiniOzoneClusterImpl-39631bd2-f83c-4f24-acb2-4c1b273f2694/datanode-5/data/ratis/e8c866ed-b54e-4519-b9ce-96015ad63434 has been successfully formatted.
2019-09-12 10:32:09,624 [pool-368-thread-1] INFO  ratis.ContainerStateMachine (ContainerStateMachine.java:loadSnapshot(226)) - group-96015AD63434: The snapshot info is null. Setting the last applied indexto:(t:0, i:~)
2019-09-12 10:32:09,624 [pool-368-thread-1] INFO  server.RaftServerConfigKeys (ConfUtils.java:logGet(43)) - raft.server.leader.election.timeout = 120s (custom)
2019-09-12 10:32:09,624 [pool-368-thread-1] INFO  server.RaftServerConfigKeys (ConfUtils.java:logGet(43)) - raft.server.log.use.memory = false (default)
2019-09-12 10:32:09,624 [pool-368-thread-1] INFO  server.RaftServerConfigKeys (ConfUtils.java:logGet(43)) - raft.server.log.purge.gap = 1000000 (custom)
2019-09-12 10:32:09,624 [pool-368-thread-1] INFO  server.RaftServerConfigKeys (ConfUtils.java:logGet(43)) - raft.server.log.appender.buffer.byte-limit = 33554432 (custom)
2019-09-12 10:32:09,624 [pool-368-thread-1] INFO  server.RaftServerConfigKeys (ConfUtils.java:logGet(43)) - raft.server.log.segment.size.max = 1048576 (custom)
2019-09-12 10:32:09,624 [pool-368-thread-1] INFO  server.RaftServerConfigKeys (ConfUtils.java:logGet(43)) - raft.server.log.segment.cache.num.max = 2 (custom)
2019-09-12 10:32:09,625 [pool-368-thread-1] INFO  segmented.SegmentedRaftLogWorker (SegmentedRaftLogWorker.java:<init>(172)) - new f8fc8350-8b83-4a15-89e6-430db21616f7-SegmentedRaftLogWorker:Storage Directory /workdir/hadoop-ozone/integration-test/target/test-dir/MiniOzoneClusterImpl-39631bd2-f83c-4f24-acb2-4c1b273f2694/datanode-5/data/ratis/e8c866ed-b54e-4519-b9ce-96015ad63434 for RaftStorage:Storage Directory /workdir/hadoop-ozone/integration-test/target/test-dir/MiniOzoneClusterImpl-39631bd2-f83c-4f24-acb2-4c1b273f2694/datanode-5/data/ratis/e8c866ed-b54e-4519-b9ce-96015ad63434
2019-09-12 10:32:09,625 [pool-368-thread-1] INFO  server.RaftServerConfigKeys (ConfUtils.java:logGet(43)) - raft.server.log.queue.byte-limit = 2147483647 (custom)
2019-09-12 10:32:09,625 [pool-368-thread-1] INFO  server.RaftServerConfigKeys (ConfUtils.java:logGet(43)) - raft.server.log.queue.element-limit = 1024 (custom)
2019-09-12 10:32:09,625 [pool-368-thread-1] INFO  server.RaftServerConfigKeys (ConfUtils.java:logGet(43)) - raft.server.log.segment.size.max = 1048576 (custom)
2019-09-12 10:32:09,625 [pool-368-thread-1] INFO  server.RaftServerConfigKeys (ConfUtils.java:logGet(43)) - raft.server.log.preallocated.size = 16384 (custom)
2019-09-12 10:32:09,625 [pool-368-thread-1] INFO  server.RaftServerConfigKeys (ConfUtils.java:logGet(43)) - raft.server.log.write.buffer.size = 33554432 (custom)
2019-09-12 10:32:09,625 [pool-368-thread-1] INFO  server.RaftServerConfigKeys (ConfUtils.java:logGet(43)) - raft.server.log.force.sync.num = 128 (default)
2019-09-12 10:32:09,625 [pool-368-thread-1] INFO  server.RaftServerConfigKeys (ConfUtils.java:logGet(43)) - raft.server.log.statemachine.data.sync = true (default)
2019-09-12 10:32:09,626 [pool-368-thread-1] INFO  server.RaftServerConfigKeys (ConfUtils.java:logGet(43)) - raft.server.log.statemachine.data.sync.timeout = 10s (default)
2019-09-12 10:32:09,626 [pool-368-thread-1] INFO  server.RaftServerConfigKeys (ConfUtils.java:logGet(43)) - raft.server.log.statemachine.data.sync.timeout.retry = -1 (default)
2019-09-12 10:32:09,626 [pool-368-thread-1] INFO  server.RaftServerConfigKeys (ConfUtils.java:logGet(43)) - raft.server.log.statemachine.data.caching.enabled = true (custom)
2019-09-12 10:32:09,626 [pool-368-thread-1] INFO  segmented.SegmentedRaftLogWorker (SegmentedRaftLogWorker.java:lambda$new$0(132)) - f8fc8350-8b83-4a15-89e6-430db21616f7-SegmentedRaftLogWorker:Storage Directory /workdir/hadoop-ozone/integration-test/target/test-dir/MiniOzoneClusterImpl-39631bd2-f83c-4f24-acb2-4c1b273f2694/datanode-5/data/ratis/e8c866ed-b54e-4519-b9ce-96015ad63434: flushIndex: setUnconditionally 0 -> -1
2019-09-12 10:32:09,626 [pool-368-thread-1] INFO  server.RaftServerConfigKeys (ConfUtils.java:logGet(43)) - raft.server.snapshot.auto.trigger.enabled = true (custom)
2019-09-12 10:32:09,627 [pool-368-thread-1] INFO  server.RaftServerConfigKeys (ConfUtils.java:logGet(43)) - raft.server.snapshot.auto.trigger.threshold = 10000 (custom)
2019-09-12 10:32:09,627 [pool-368-thread-1] INFO  server.RaftServerConfigKeys (ConfUtils.java:logGet(43)) - raft.server.retrycache.expirytime = 600000ms (custom)
2019-09-12 10:32:09,627 [pool-368-thread-1] INFO  impl.RaftServerImpl (RaftServerImpl.java:start(180)) - f8fc8350-8b83-4a15-89e6-430db21616f7: start group-96015AD63434
2019-09-12 10:32:09,627 [pool-368-thread-1] INFO  impl.RaftServerImpl (RaftServerImpl.java:setRole(171)) - f8fc8350-8b83-4a15-89e6-430db21616f7:group-96015AD63434 changes role from null to FOLLOWER at term 0 for startAsFollower
2019-09-12 10:32:09,627 [pool-368-thread-1] INFO  impl.RoleInfo (RoleInfo.java:updateAndGet(143)) - f8fc8350-8b83-4a15-89e6-430db21616f7: start FollowerState
2019-09-12 10:32:09,627 [pool-368-thread-1] INFO  util.JmxRegister (JmxRegister.java:tryRegister(44)) - Successfully registered JMX Bean with object name Ratis:service=RaftServer,group=group-96015AD63434,id=f8fc8350-8b83-4a15-89e6-430db21616f7
2019-09-12 10:32:09,630 [RatisPipelineUtilsThread] INFO  pipeline.PipelineStateManager (PipelineStateManager.java:addPipeline(56)) - Created pipeline Pipeline[ Id: e8c866ed-b54e-4519-b9ce-96015ad63434, Nodes: f8fc8350-8b83-4a15-89e6-430db21616f7{ip: 192.168.36.114, host: pr-hdds-1569-58hkm-1881083799, networkLocation: /default-rack, certSerialId: null}, Type:RATIS, Factor:ONE, State:OPEN]
2019-09-12 10:32:09,630 [RatisPipelineUtilsThread] ERROR pipeline.PipelinePlacementPolicy (PipelinePlacementPolicy.java:meetCriteria(92)) - Pipeline Placement: Doesn't meet the criteria to be viable node. Heaviness: 6
2019-09-12 10:32:09,631 [RatisPipelineUtilsThread] ERROR pipeline.PipelinePlacementPolicy (PipelinePlacementPolicy.java:meetCriteria(92)) - Pipeline Placement: Doesn't meet the criteria to be viable node. Heaviness: 6
2019-09-12 10:32:09,631 [RatisPipelineUtilsThread] ERROR pipeline.PipelinePlacementPolicy (PipelinePlacementPolicy.java:meetCriteria(92)) - Pipeline Placement: Doesn't meet the criteria to be viable node. Heaviness: 6
2019-09-12 10:32:09,631 [RatisPipelineUtilsThread] ERROR pipeline.PipelinePlacementPolicy (PipelinePlacementPolicy.java:meetCriteria(92)) - Pipeline Placement: Doesn't meet the criteria to be viable node. Heaviness: 6
2019-09-12 10:32:09,631 [RatisPipelineUtilsThread] ERROR pipeline.PipelinePlacementPolicy (PipelinePlacementPolicy.java:meetCriteria(92)) - Pipeline Placement: Doesn't meet the criteria to be viable node. Heaviness: 6
2019-09-12 10:32:09,635 [grpc-default-executor-1] INFO  impl.RaftServerProxy (RaftServerProxy.java:addNew(89)) - f8fc8350-8b83-4a15-89e6-430db21616f7: addNew group-B74BA9B994CE:[f8fc8350-8b83-4a15-89e6-430db21616f7:192.168.36.114:36361] returns group-B74BA9B994CE:java.util.concurrent.CompletableFuture@a0362ba[Not completed]
2019-09-12 10:32:09,636 [pool-368-thread-1] INFO  impl.RaftServerImpl (RaftServerImpl.java:<init>(93)) - f8fc8350-8b83-4a15-89e6-430db21616f7: new RaftServerImpl for group-B74BA9B994CE:[f8fc8350-8b83-4a15-89e6-430db21616f7:192.168.36.114:36361] with ContainerStateMachine:uninitialized
2019-09-12 10:32:09,636 [pool-368-thread-1] INFO  server.RaftServerConfigKeys (ConfUtils.java:logGet(43)) - raft.server.rpc.timeout.min = 5s (custom)
2019-09-12 10:32:09,637 [pool-368-thread-1] INFO  server.RaftServerConfigKeys (ConfUtils.java:logGet(43)) - raft.server.rpc.timeout.max = 5200ms (custom)
2019-09-12 10:32:09,637 [pool-368-thread-1] INFO  server.RaftServerConfigKeys (ConfUtils.java:logGet(43)) - raft.server.rpcslowness.timeout = 120s (custom)
2019-09-12 10:32:09,637 [pool-368-thread-1] INFO  server.RaftServerConfigKeys (ConfUtils.java:logGet(43)) - raft.server.sleep.deviation.threshold = 300 (default)
2019-09-12 10:32:09,637 [pool-368-thread-1] INFO  server.RaftServerConfigKeys (ConfUtils.java:logGet(43)) - raft.server.log.appender.install.snapshot.enabled = false (custom)
2019-09-12 10:32:09,637 [pool-368-thread-1] INFO  impl.RaftServerImpl (ServerState.java:<init>(105)) - f8fc8350-8b83-4a15-89e6-430db21616f7:group-B74BA9B994CE ConfigurationManager, init=-1: [f8fc8350-8b83-4a15-89e6-430db21616f7:192.168.36.114:36361], old=null, confs=<EMPTY_MAP>
2019-09-12 10:32:09,637 [pool-368-thread-1] INFO  server.RaftServerConfigKeys (ConfUtils.java:logGet(43)) - raft.server.storage.dir = [/workdir/hadoop-ozone/integration-test/target/test-dir/MiniOzoneClusterImpl-39631bd2-f83c-4f24-acb2-4c1b273f2694/datanode-5/data/ratis] (custom)
2019-09-12 10:32:09,637 [pool-368-thread-1] INFO  storage.RaftStorageDirectory (RaftStorageDirectory.java:analyzeStorage(246)) - The storage directory /workdir/hadoop-ozone/integration-test/target/test-dir/MiniOzoneClusterImpl-39631bd2-f83c-4f24-acb2-4c1b273f2694/datanode-5/data/ratis/9ba34203-ba82-45b9-b557-b74ba9b994ce does not exist. Creating ...
2019-09-12 10:32:09,650 [pool-368-thread-1] INFO  storage.RaftStorageDirectory (RaftStorageDirectory.java:tryLock(328)) - Lock on /workdir/hadoop-ozone/integration-test/target/test-dir/MiniOzoneClusterImpl-39631bd2-f83c-4f24-acb2-4c1b273f2694/datanode-5/data/ratis/9ba34203-ba82-45b9-b557-b74ba9b994ce/in_use.lock acquired by nodename 1396@pr-hdds-1569-58hkm-1881083799
2019-09-12 10:32:09,653 [pool-368-thread-1] INFO  storage.RaftStorage (RaftStorage.java:format(72)) - Storage directory /workdir/hadoop-ozone/integration-test/target/test-dir/MiniOzoneClusterImpl-39631bd2-f83c-4f24-acb2-4c1b273f2694/datanode-5/data/ratis/9ba34203-ba82-45b9-b557-b74ba9b994ce has been successfully formatted.
2019-09-12 10:32:09,653 [pool-368-thread-1] INFO  ratis.ContainerStateMachine (ContainerStateMachine.java:loadSnapshot(226)) - group-B74BA9B994CE: The snapshot info is null. Setting the last applied indexto:(t:0, i:~)
2019-09-12 10:32:09,654 [pool-368-thread-1] INFO  server.RaftServerConfigKeys (ConfUtils.java:logGet(43)) - raft.server.leader.election.timeout = 120s (custom)
2019-09-12 10:32:09,654 [pool-368-thread-1] INFO  server.RaftServerConfigKeys (ConfUtils.java:logGet(43)) - raft.server.log.use.memory = false (default)
2019-09-12 10:32:09,654 [pool-368-thread-1] INFO  server.RaftServerConfigKeys (ConfUtils.java:logGet(43)) - raft.server.log.purge.gap = 1000000 (custom)
2019-09-12 10:32:09,654 [pool-368-thread-1] INFO  server.RaftServerConfigKeys (ConfUtils.java:logGet(43)) - raft.server.log.appender.buffer.byte-limit = 33554432 (custom)
2019-09-12 10:32:09,654 [pool-368-thread-1] INFO  server.RaftServerConfigKeys (ConfUtils.java:logGet(43)) - raft.server.log.segment.size.max = 1048576 (custom)
2019-09-12 10:32:09,654 [pool-368-thread-1] INFO  server.RaftServerConfigKeys (ConfUtils.java:logGet(43)) - raft.server.log.segment.cache.num.max = 2 (custom)
2019-09-12 10:32:09,654 [pool-368-thread-1] INFO  segmented.SegmentedRaftLogWorker (SegmentedRaftLogWorker.java:<init>(172)) - new f8fc8350-8b83-4a15-89e6-430db21616f7-SegmentedRaftLogWorker:Storage Directory /workdir/hadoop-ozone/integration-test/target/test-dir/MiniOzoneClusterImpl-39631bd2-f83c-4f24-acb2-4c1b273f2694/datanode-5/data/ratis/9ba34203-ba82-45b9-b557-b74ba9b994ce for RaftStorage:Storage Directory /workdir/hadoop-ozone/integration-test/target/test-dir/MiniOzoneClusterImpl-39631bd2-f83c-4f24-acb2-4c1b273f2694/datanode-5/data/ratis/9ba34203-ba82-45b9-b557-b74ba9b994ce
2019-09-12 10:32:09,654 [pool-368-thread-1] INFO  server.RaftServerConfigKeys (ConfUtils.java:logGet(43)) - raft.server.log.queue.byte-limit = 2147483647 (custom)
2019-09-12 10:32:09,654 [pool-368-thread-1] INFO  server.RaftServerConfigKeys (ConfUtils.java:logGet(43)) - raft.server.log.queue.element-limit = 1024 (custom)
2019-09-12 10:32:09,655 [pool-368-thread-1] INFO  server.RaftServerConfigKeys (ConfUtils.java:logGet(43)) - raft.server.log.segment.size.max = 1048576 (custom)
2019-09-12 10:32:09,655 [pool-368-thread-1] INFO  server.RaftServerConfigKeys (ConfUtils.java:logGet(43)) - raft.server.log.preallocated.size = 16384 (custom)
2019-09-12 10:32:09,655 [pool-368-thread-1] INFO  server.RaftServerConfigKeys (ConfUtils.java:logGet(43)) - raft.server.log.write.buffer.size = 33554432 (custom)
2019-09-12 10:32:09,655 [pool-368-thread-1] INFO  server.RaftServerConfigKeys (ConfUtils.java:logGet(43)) - raft.server.log.force.sync.num = 128 (default)
2019-09-12 10:32:09,655 [pool-368-thread-1] INFO  server.RaftServerConfigKeys (ConfUtils.java:logGet(43)) - raft.server.log.statemachine.data.sync = true (default)
2019-09-12 10:32:09,655 [pool-368-thread-1] INFO  server.RaftServerConfigKeys (ConfUtils.java:logGet(43)) - raft.server.log.statemachine.data.sync.timeout = 10s (default)
2019-09-12 10:32:09,655 [pool-368-thread-1] INFO  server.RaftServerConfigKeys (ConfUtils.java:logGet(43)) - raft.server.log.statemachine.data.sync.timeout.retry = -1 (default)
2019-09-12 10:32:09,655 [pool-368-thread-1] INFO  server.RaftServerConfigKeys (ConfUtils.java:logGet(43)) - raft.server.log.statemachine.data.caching.enabled = true (custom)
2019-09-12 10:32:09,656 [pool-368-thread-1] INFO  segmented.SegmentedRaftLogWorker (SegmentedRaftLogWorker.java:lambda$new$0(132)) - f8fc8350-8b83-4a15-89e6-430db21616f7-SegmentedRaftLogWorker:Storage Directory /workdir/hadoop-ozone/integration-test/target/test-dir/MiniOzoneClusterImpl-39631bd2-f83c-4f24-acb2-4c1b273f2694/datanode-5/data/ratis/9ba34203-ba82-45b9-b557-b74ba9b994ce: flushIndex: setUnconditionally 0 -> -1
2019-09-12 10:32:09,656 [pool-368-thread-1] INFO  server.RaftServerConfigKeys (ConfUtils.java:logGet(43)) - raft.server.snapshot.auto.trigger.enabled = true (custom)
2019-09-12 10:32:09,656 [pool-368-thread-1] INFO  server.RaftServerConfigKeys (ConfUtils.java:logGet(43)) - raft.server.snapshot.auto.trigger.threshold = 10000 (custom)
2019-09-12 10:32:09,656 [pool-368-thread-1] INFO  server.RaftServerConfigKeys (ConfUtils.java:logGet(43)) - raft.server.retrycache.expirytime = 600000ms (custom)
2019-09-12 10:32:09,656 [pool-368-thread-1] INFO  impl.RaftServerImpl (RaftServerImpl.java:start(180)) - f8fc8350-8b83-4a15-89e6-430db21616f7: start group-B74BA9B994CE
2019-09-12 10:32:09,656 [pool-368-thread-1] INFO  impl.RaftServerImpl (RaftServerImpl.java:setRole(171)) - f8fc8350-8b83-4a15-89e6-430db21616f7:group-B74BA9B994CE changes role from null to FOLLOWER at term 0 for startAsFollower
2019-09-12 10:32:09,657 [pool-368-thread-1] INFO  impl.RoleInfo (RoleInfo.java:updateAndGet(143)) - f8fc8350-8b83-4a15-89e6-430db21616f7: start FollowerState
2019-09-12 10:32:09,657 [pool-368-thread-1] INFO  util.JmxRegister (JmxRegister.java:tryRegister(44)) - Successfully registered JMX Bean with object name Ratis:service=RaftServer,group=group-B74BA9B994CE,id=f8fc8350-8b83-4a15-89e6-430db21616f7
2019-09-12 10:32:09,659 [RatisPipelineUtilsThread] INFO  pipeline.PipelineStateManager (PipelineStateManager.java:addPipeline(56)) - Created pipeline Pipeline[ Id: 9ba34203-ba82-45b9-b557-b74ba9b994ce, Nodes: f8fc8350-8b83-4a15-89e6-430db21616f7{ip: 192.168.36.114, host: pr-hdds-1569-58hkm-1881083799, networkLocation: /default-rack, certSerialId: null}, Type:RATIS, Factor:ONE, State:OPEN]
2019-09-12 10:32:09,660 [RatisPipelineUtilsThread] ERROR pipeline.PipelinePlacementPolicy (PipelinePlacementPolicy.java:meetCriteria(92)) - Pipeline Placement: Doesn't meet the criteria to be viable node. Heaviness: 6
2019-09-12 10:32:09,660 [RatisPipelineUtilsThread] ERROR pipeline.PipelinePlacementPolicy (PipelinePlacementPolicy.java:meetCriteria(92)) - Pipeline Placement: Doesn't meet the criteria to be viable node. Heaviness: 6
2019-09-12 10:32:09,660 [RatisPipelineUtilsThread] ERROR pipeline.PipelinePlacementPolicy (PipelinePlacementPolicy.java:meetCriteria(92)) - Pipeline Placement: Doesn't meet the criteria to be viable node. Heaviness: 6
2019-09-12 10:32:09,660 [RatisPipelineUtilsThread] ERROR pipeline.PipelinePlacementPolicy (PipelinePlacementPolicy.java:meetCriteria(92)) - Pipeline Placement: Doesn't meet the criteria to be viable node. Heaviness: 6
2019-09-12 10:32:09,660 [RatisPipelineUtilsThread] ERROR pipeline.PipelinePlacementPolicy (PipelinePlacementPolicy.java:meetCriteria(92)) - Pipeline Placement: Doesn't meet the criteria to be viable node. Heaviness: 6
2019-09-12 10:32:09,664 [grpc-default-executor-1] INFO  impl.RaftServerProxy (RaftServerProxy.java:addNew(89)) - f8fc8350-8b83-4a15-89e6-430db21616f7: addNew group-93612170F5B0:[f8fc8350-8b83-4a15-89e6-430db21616f7:192.168.36.114:36361] returns group-93612170F5B0:java.util.concurrent.CompletableFuture@7b652d71[Not completed]
2019-09-12 10:32:09,665 [pool-368-thread-1] INFO  impl.RaftServerImpl (RaftServerImpl.java:<init>(93)) - f8fc8350-8b83-4a15-89e6-430db21616f7: new RaftServerImpl for group-93612170F5B0:[f8fc8350-8b83-4a15-89e6-430db21616f7:192.168.36.114:36361] with ContainerStateMachine:uninitialized
2019-09-12 10:32:09,665 [pool-368-thread-1] INFO  server.RaftServerConfigKeys (ConfUtils.java:logGet(43)) - raft.server.rpc.timeout.min = 5s (custom)
2019-09-12 10:32:09,666 [pool-368-thread-1] INFO  server.RaftServerConfigKeys (ConfUtils.java:logGet(43)) - raft.server.rpc.timeout.max = 5200ms (custom)
2019-09-12 10:32:09,666 [pool-368-thread-1] INFO  server.RaftServerConfigKeys (ConfUtils.java:logGet(43)) - raft.server.rpcslowness.timeout = 120s (custom)
2019-09-12 10:32:09,666 [pool-368-thread-1] INFO  server.RaftServerConfigKeys (ConfUtils.java:logGet(43)) - raft.server.sleep.deviation.threshold = 300 (default)
2019-09-12 10:32:09,666 [pool-368-thread-1] INFO  server.RaftServerConfigKeys (ConfUtils.java:logGet(43)) - raft.server.log.appender.install.snapshot.enabled = false (custom)
2019-09-12 10:32:09,666 [pool-368-thread-1] INFO  impl.RaftServerImpl (ServerState.java:<init>(105)) - f8fc8350-8b83-4a15-89e6-430db21616f7:group-93612170F5B0 ConfigurationManager, init=-1: [f8fc8350-8b83-4a15-89e6-430db21616f7:192.168.36.114:36361], old=null, confs=<EMPTY_MAP>
2019-09-12 10:32:09,666 [pool-368-thread-1] INFO  server.RaftServerConfigKeys (ConfUtils.java:logGet(43)) - raft.server.storage.dir = [/workdir/hadoop-ozone/integration-test/target/test-dir/MiniOzoneClusterImpl-39631bd2-f83c-4f24-acb2-4c1b273f2694/datanode-5/data/ratis] (custom)
2019-09-12 10:32:09,666 [pool-368-thread-1] INFO  storage.RaftStorageDirectory (RaftStorageDirectory.java:analyzeStorage(246)) - The storage directory /workdir/hadoop-ozone/integration-test/target/test-dir/MiniOzoneClusterImpl-39631bd2-f83c-4f24-acb2-4c1b273f2694/datanode-5/data/ratis/5cd0f139-1d3b-4f85-89eb-93612170f5b0 does not exist. Creating ...
2019-09-12 10:32:09,669 [pool-368-thread-1] INFO  storage.RaftStorageDirectory (RaftStorageDirectory.java:tryLock(328)) - Lock on /workdir/hadoop-ozone/integration-test/target/test-dir/MiniOzoneClusterImpl-39631bd2-f83c-4f24-acb2-4c1b273f2694/datanode-5/data/ratis/5cd0f139-1d3b-4f85-89eb-93612170f5b0/in_use.lock acquired by nodename 1396@pr-hdds-1569-58hkm-1881083799
2019-09-12 10:32:09,673 [pool-368-thread-1] INFO  storage.RaftStorage (RaftStorage.java:format(72)) - Storage directory /workdir/hadoop-ozone/integration-test/target/test-dir/MiniOzoneClusterImpl-39631bd2-f83c-4f24-acb2-4c1b273f2694/datanode-5/data/ratis/5cd0f139-1d3b-4f85-89eb-93612170f5b0 has been successfully formatted.
2019-09-12 10:32:09,673 [pool-368-thread-1] INFO  ratis.ContainerStateMachine (ContainerStateMachine.java:loadSnapshot(226)) - group-93612170F5B0: The snapshot info is null. Setting the last applied indexto:(t:0, i:~)
2019-09-12 10:32:09,673 [pool-368-thread-1] INFO  server.RaftServerConfigKeys (ConfUtils.java:logGet(43)) - raft.server.leader.election.timeout = 120s (custom)
2019-09-12 10:32:09,673 [pool-368-thread-1] INFO  server.RaftServerConfigKeys (ConfUtils.java:logGet(43)) - raft.server.log.use.memory = false (default)
2019-09-12 10:32:09,673 [pool-368-thread-1] INFO  server.RaftServerConfigKeys (ConfUtils.java:logGet(43)) - raft.server.log.purge.gap = 1000000 (custom)
2019-09-12 10:32:09,673 [pool-368-thread-1] INFO  server.RaftServerConfigKeys (ConfUtils.java:logGet(43)) - raft.server.log.appender.buffer.byte-limit = 33554432 (custom)
2019-09-12 10:32:09,673 [pool-368-thread-1] INFO  server.RaftServerConfigKeys (ConfUtils.java:logGet(43)) - raft.server.log.segment.size.max = 1048576 (custom)
2019-09-12 10:32:09,673 [pool-368-thread-1] INFO  server.RaftServerConfigKeys (ConfUtils.java:logGet(43)) - raft.server.log.segment.cache.num.max = 2 (custom)
2019-09-12 10:32:09,674 [pool-368-thread-1] INFO  segmented.SegmentedRaftLogWorker (SegmentedRaftLogWorker.java:<init>(172)) - new f8fc8350-8b83-4a15-89e6-430db21616f7-SegmentedRaftLogWorker:Storage Directory /workdir/hadoop-ozone/integration-test/target/test-dir/MiniOzoneClusterImpl-39631bd2-f83c-4f24-acb2-4c1b273f2694/datanode-5/data/ratis/5cd0f139-1d3b-4f85-89eb-93612170f5b0 for RaftStorage:Storage Directory /workdir/hadoop-ozone/integration-test/target/test-dir/MiniOzoneClusterImpl-39631bd2-f83c-4f24-acb2-4c1b273f2694/datanode-5/data/ratis/5cd0f139-1d3b-4f85-89eb-93612170f5b0
2019-09-12 10:32:09,674 [pool-368-thread-1] INFO  server.RaftServerConfigKeys (ConfUtils.java:logGet(43)) - raft.server.log.queue.byte-limit = 2147483647 (custom)
2019-09-12 10:32:09,674 [pool-368-thread-1] INFO  server.RaftServerConfigKeys (ConfUtils.java:logGet(43)) - raft.server.log.queue.element-limit = 1024 (custom)
2019-09-12 10:32:09,674 [pool-368-thread-1] INFO  server.RaftServerConfigKeys (ConfUtils.java:logGet(43)) - raft.server.log.segment.size.max = 1048576 (custom)
2019-09-12 10:32:09,674 [pool-368-thread-1] INFO  server.RaftServerConfigKeys (ConfUtils.java:logGet(43)) - raft.server.log.preallocated.size = 16384 (custom)
2019-09-12 10:32:09,674 [pool-368-thread-1] INFO  server.RaftServerConfigKeys (ConfUtils.java:logGet(43)) - raft.server.log.write.buffer.size = 33554432 (custom)
2019-09-12 10:32:09,674 [pool-368-thread-1] INFO  server.RaftServerConfigKeys (ConfUtils.java:logGet(43)) - raft.server.log.force.sync.num = 128 (default)
2019-09-12 10:32:09,674 [pool-368-thread-1] INFO  server.RaftServerConfigKeys (ConfUtils.java:logGet(43)) - raft.server.log.statemachine.data.sync = true (default)
2019-09-12 10:32:09,675 [pool-368-thread-1] INFO  server.RaftServerConfigKeys (ConfUtils.java:logGet(43)) - raft.server.log.statemachine.data.sync.timeout = 10s (default)
2019-09-12 10:32:09,675 [pool-368-thread-1] INFO  server.RaftServerConfigKeys (ConfUtils.java:logGet(43)) - raft.server.log.statemachine.data.sync.timeout.retry = -1 (default)
2019-09-12 10:32:09,675 [pool-368-thread-1] INFO  server.RaftServerConfigKeys (ConfUtils.java:logGet(43)) - raft.server.log.statemachine.data.caching.enabled = true (custom)
2019-09-12 10:32:09,675 [pool-368-thread-1] INFO  segmented.SegmentedRaftLogWorker (SegmentedRaftLogWorker.java:lambda$new$0(132)) - f8fc8350-8b83-4a15-89e6-430db21616f7-SegmentedRaftLogWorker:Storage Directory /workdir/hadoop-ozone/integration-test/target/test-dir/MiniOzoneClusterImpl-39631bd2-f83c-4f24-acb2-4c1b273f2694/datanode-5/data/ratis/5cd0f139-1d3b-4f85-89eb-93612170f5b0: flushIndex: setUnconditionally 0 -> -1
2019-09-12 10:32:09,675 [pool-368-thread-1] INFO  server.RaftServerConfigKeys (ConfUtils.java:logGet(43)) - raft.server.snapshot.auto.trigger.enabled = true (custom)
2019-09-12 10:32:09,675 [pool-368-thread-1] INFO  server.RaftServerConfigKeys (ConfUtils.java:logGet(43)) - raft.server.snapshot.auto.trigger.threshold = 10000 (custom)
2019-09-12 10:32:09,675 [pool-368-thread-1] INFO  server.RaftServerConfigKeys (ConfUtils.java:logGet(43)) - raft.server.retrycache.expirytime = 600000ms (custom)
2019-09-12 10:32:09,676 [pool-368-thread-1] INFO  impl.RaftServerImpl (RaftServerImpl.java:start(180)) - f8fc8350-8b83-4a15-89e6-430db21616f7: start group-93612170F5B0
2019-09-12 10:32:09,676 [pool-368-thread-1] INFO  impl.RaftServerImpl (RaftServerImpl.java:setRole(171)) - f8fc8350-8b83-4a15-89e6-430db21616f7:group-93612170F5B0 changes role from null to FOLLOWER at term 0 for startAsFollower
2019-09-12 10:32:09,676 [pool-368-thread-1] INFO  impl.RoleInfo (RoleInfo.java:updateAndGet(143)) - f8fc8350-8b83-4a15-89e6-430db21616f7: start FollowerState
2019-09-12 10:32:09,676 [pool-368-thread-1] INFO  util.JmxRegister (JmxRegister.java:tryRegister(44)) - Successfully registered JMX Bean with object name Ratis:service=RaftServer,group=group-93612170F5B0,id=f8fc8350-8b83-4a15-89e6-430db21616f7
2019-09-12 10:32:09,678 [RatisPipelineUtilsThread] INFO  pipeline.PipelineStateManager (PipelineStateManager.java:addPipeline(56)) - Created pipeline Pipeline[ Id: 5cd0f139-1d3b-4f85-89eb-93612170f5b0, Nodes: f8fc8350-8b83-4a15-89e6-430db21616f7{ip: 192.168.36.114, host: pr-hdds-1569-58hkm-1881083799, networkLocation: /default-rack, certSerialId: null}, Type:RATIS, Factor:ONE, State:OPEN]
2019-09-12 10:32:09,679 [RatisPipelineUtilsThread] ERROR pipeline.PipelinePlacementPolicy (PipelinePlacementPolicy.java:meetCriteria(92)) - Pipeline Placement: Doesn't meet the criteria to be viable node. Heaviness: 6
2019-09-12 10:32:09,679 [RatisPipelineUtilsThread] ERROR pipeline.PipelinePlacementPolicy (PipelinePlacementPolicy.java:meetCriteria(92)) - Pipeline Placement: Doesn't meet the criteria to be viable node. Heaviness: 6
2019-09-12 10:32:09,679 [RatisPipelineUtilsThread] ERROR pipeline.PipelinePlacementPolicy (PipelinePlacementPolicy.java:meetCriteria(92)) - Pipeline Placement: Doesn't meet the criteria to be viable node. Heaviness: 6
2019-09-12 10:32:09,679 [RatisPipelineUtilsThread] ERROR pipeline.PipelinePlacementPolicy (PipelinePlacementPolicy.java:meetCriteria(92)) - Pipeline Placement: Doesn't meet the criteria to be viable node. Heaviness: 6
2019-09-12 10:32:09,679 [RatisPipelineUtilsThread] ERROR pipeline.PipelinePlacementPolicy (PipelinePlacementPolicy.java:meetCriteria(92)) - Pipeline Placement: Doesn't meet the criteria to be viable node. Heaviness: 6
2019-09-12 10:32:09,679 [RatisPipelineUtilsThread] ERROR pipeline.PipelinePlacementPolicy (PipelinePlacementPolicy.java:meetCriteria(92)) - Pipeline Placement: Doesn't meet the criteria to be viable node. Heaviness: 6
2019-09-12 10:32:09,680 [RatisPipelineUtilsThread] ERROR pipeline.PipelinePlacementPolicy (PipelinePlacementPolicy.java:filterViableNodes(147)) - Unable to find enough nodes that meet the criteria that cannot engage in more than 5 pipelines. Nodes required: 1 Found: 0, healthy nodes count inNodeManager: 6.
2019-09-12 10:32:09,680 [RatisPipelineUtilsThread] ERROR pipeline.SCMPipelineManager (SCMPipelineManager.java:createPipeline(161)) - Pipeline creation failed due to exception: Unable to find enough nodes that meet the criteria that cannot engage in more than 5 pipelines. Nodes required: 1 Found: 0, healthy nodes count inNodeManager: 6.
2019-09-12 10:32:09,680 [RatisPipelineUtilsThread] ERROR pipeline.PipelinePlacementPolicy (PipelinePlacementPolicy.java:meetCriteria(92)) - Pipeline Placement: Doesn't meet the criteria to be viable node. Heaviness: 6
2019-09-12 10:32:09,680 [RatisPipelineUtilsThread] ERROR pipeline.PipelinePlacementPolicy (PipelinePlacementPolicy.java:meetCriteria(92)) - Pipeline Placement: Doesn't meet the criteria to be viable node. Heaviness: 6
2019-09-12 10:32:09,680 [RatisPipelineUtilsThread] ERROR pipeline.PipelinePlacementPolicy (PipelinePlacementPolicy.java:meetCriteria(92)) - Pipeline Placement: Doesn't meet the criteria to be viable node. Heaviness: 6
2019-09-12 10:32:09,680 [RatisPipelineUtilsThread] ERROR pipeline.PipelinePlacementPolicy (PipelinePlacementPolicy.java:meetCriteria(92)) - Pipeline Placement: Doesn't meet the criteria to be viable node. Heaviness: 6
2019-09-12 10:32:09,681 [RatisPipelineUtilsThread] ERROR pipeline.PipelinePlacementPolicy (PipelinePlacementPolicy.java:meetCriteria(92)) - Pipeline Placement: Doesn't meet the criteria to be viable node. Heaviness: 6
2019-09-12 10:32:09,681 [RatisPipelineUtilsThread] ERROR pipeline.PipelinePlacementPolicy (PipelinePlacementPolicy.java:meetCriteria(92)) - Pipeline Placement: Doesn't meet the criteria to be viable node. Heaviness: 6
2019-09-12 10:32:09,681 [RatisPipelineUtilsThread] ERROR pipeline.PipelinePlacementPolicy (PipelinePlacementPolicy.java:filterViableNodes(147)) - Unable to find enough nodes that meet the criteria that cannot engage in more than 5 pipelines. Nodes required: 3 Found: 0, healthy nodes count inNodeManager: 6.
2019-09-12 10:32:09,681 [RatisPipelineUtilsThread] ERROR pipeline.SCMPipelineManager (SCMPipelineManager.java:createPipeline(161)) - Pipeline creation failed due to exception: Unable to find enough nodes that meet the criteria that cannot engage in more than 5 pipelines. Nodes required: 3 Found: 0, healthy nodes count inNodeManager: 6.
2019-09-12 10:32:09,712 | INFO  | SCMAudit | user=jenkins1000 | ip=192.168.36.114 | op=SEND_HEARTBEAT {datanodeUUID=a95fd1d5-e9a9-4526-b4c7-6aa1a85e40e9, command=[]} | ret=SUCCESS |  
2019-09-12 10:32:09,743 [Thread-1556] INFO  container.ReplicationManager (ReplicationManager.java:start(151)) - Starting Replication Monitor Thread.
2019-09-12 10:32:09,761 [ReplicationMonitor] INFO  container.ReplicationManager (ReplicationManager.java:run(214)) - Replication Monitor Thread took 0 milliseconds for processing 0 containers.
2019-09-12 10:32:09,839 | INFO  | SCMAudit | user=jenkins1000 | ip=192.168.36.114 | op=SEND_HEARTBEAT {datanodeUUID=22ce2f4b-d517-44cf-8041-712d813e08f3, command=[]} | ret=SUCCESS |  
2019-09-12 10:32:09,839 | INFO  | SCMAudit | user=jenkins1000 | ip=192.168.36.114 | op=SEND_HEARTBEAT {datanodeUUID=bcda0514-d42e-47ca-96fd-c0a633e872a8, command=[]} | ret=SUCCESS |  
2019-09-12 10:32:09,839 | INFO  | SCMAudit | user=jenkins1000 | ip=192.168.36.114 | op=SEND_HEARTBEAT {datanodeUUID=d40ec8ee-ac9e-41d6-86bd-e74a05605b85, command=[]} | ret=SUCCESS |  
2019-09-12 10:32:09,839 | INFO  | SCMAudit | user=jenkins1000 | ip=192.168.36.114 | op=SEND_HEARTBEAT {datanodeUUID=f17b4253-95a0-4ee6-8ded-88f070f15b33, command=[]} | ret=SUCCESS |  
2019-09-12 10:32:09,839 | INFO  | SCMAudit | user=jenkins1000 | ip=192.168.36.114 | op=SEND_HEARTBEAT {datanodeUUID=1349d5ba-07d4-450a-9218-4f0361201438, command=[]} | ret=SUCCESS |  
2019-09-12 10:32:09,839 | INFO  | SCMAudit | user=jenkins1000 | ip=192.168.36.114 | op=SEND_HEARTBEAT {datanodeUUID=c1e71898-521f-4627-a3f1-9884c4b96ced, command=[]} | ret=SUCCESS |  
2019-09-12 10:32:09,839 | INFO  | SCMAudit | user=jenkins1000 | ip=192.168.36.114 | op=SEND_HEARTBEAT {datanodeUUID=b6dd7c38-f675-445e-811b-15cf17d56c0a, command=[]} | ret=SUCCESS |  
2019-09-12 10:32:09,839 | INFO  | SCMAudit | user=jenkins1000 | ip=192.168.36.114 | op=SEND_HEARTBEAT {datanodeUUID=eaeff1e2-de9c-4510-872d-283eb6c3c330, command=[]} | ret=SUCCESS |  
2019-09-12 10:32:09,839 | INFO  | SCMAudit | user=jenkins1000 | ip=192.168.36.114 | op=SEND_HEARTBEAT {datanodeUUID=5dd0cd62-5770-41dd-9e5a-f3f3eedc40c1, command=[]} | ret=SUCCESS |  
2019-09-12 10:32:09,842 | INFO  | SCMAudit | user=jenkins1000 | ip=192.168.36.114 | op=SEND_HEARTBEAT {datanodeUUID=caccd92c-2544-4e02-86cf-95849f240c1b, command=[]} | ret=SUCCESS |  
2019-09-12 10:32:09,934 | INFO  | SCMAudit | user=jenkins1000 | ip=192.168.36.114 | op=SEND_HEARTBEAT {datanodeUUID=334c5273-7871-4d53-8b37-de05e5a3be10, command=[]} | ret=SUCCESS |  
2019-09-12 10:32:09,934 | INFO  | SCMAudit | user=jenkins1000 | ip=192.168.36.114 | op=SEND_HEARTBEAT {datanodeUUID=2cb9d557-cb56-4745-8686-5e72b62e748a, command=[]} | ret=SUCCESS |  
2019-09-12 10:32:09,934 | INFO  | SCMAudit | user=jenkins1000 | ip=192.168.36.114 | op=SEND_HEARTBEAT {datanodeUUID=c54af6f8-a22e-478f-90e1-029d14059a99, command=[]} | ret=SUCCESS |  
2019-09-12 10:32:09,934 | INFO  | SCMAudit | user=jenkins1000 | ip=192.168.36.114 | op=SEND_HEARTBEAT {datanodeUUID=ff438662-24cf-49bb-bfc5-3308ec6d286b, command=[]} | ret=SUCCESS |  
2019-09-12 10:32:09,934 | INFO  | SCMAudit | user=jenkins1000 | ip=192.168.36.114 | op=SEND_HEARTBEAT {datanodeUUID=2d50b591-d6e4-490f-9fa0-973ad5423bd7, command=[]} | ret=SUCCESS |  
2019-09-12 10:32:09,934 | INFO  | SCMAudit | user=jenkins1000 | ip=192.168.36.114 | op=SEND_HEARTBEAT {datanodeUUID=d9d65fd8-d100-497d-8460-9a4cf62b4ad5, command=[]} | ret=SUCCESS |  
2019-09-12 10:32:09,935 | INFO  | SCMAudit | user=jenkins1000 | ip=192.168.36.114 | op=SEND_HEARTBEAT {datanodeUUID=accf000b-d7b7-4fa5-9682-da82c4451e10, command=[]} | ret=SUCCESS |  
2019-09-12 10:32:09,935 | INFO  | SCMAudit | user=jenkins1000 | ip=192.168.36.114 | op=SEND_HEARTBEAT {datanodeUUID=ad8ae342-df06-4311-9d84-524877c98111, command=[]} | ret=SUCCESS |  
2019-09-12 10:32:09,935 | INFO  | SCMAudit | user=jenkins1000 | ip=192.168.36.114 | op=SEND_HEARTBEAT {datanodeUUID=9616c881-dbb1-48da-90dd-a872ed779a2e, command=[]} | ret=SUCCESS |  
2019-09-12 10:32:09,937 | INFO  | SCMAudit | user=jenkins1000 | ip=192.168.36.114 | op=SEND_HEARTBEAT {datanodeUUID=39df7a3f-9691-48d4-a2b1-6888489a5f8a, command=[]} | ret=SUCCESS |  
2019-09-12 10:32:09,938 | INFO  | SCMAudit | user=jenkins1000 | ip=192.168.36.114 | op=SEND_HEARTBEAT {datanodeUUID=c9031a36-5f7c-4098-8bea-8a46141708a6, command=[]} | ret=SUCCESS |  
2019-09-12 10:32:09,973 [main] INFO  ozone.MiniOzoneClusterImpl (MiniOzoneClusterImpl.java:lambda$waitForClusterToBeReady$0(142)) - Waiting for cluster to be ready. Got 6 of 7 DN Heartbeats.
2019-09-12 10:32:09,975 [IPC Server handler 14 on 34994] INFO  net.NetworkTopology (NetworkTopologyImpl.java:add(110)) - Added a new node: /default-rack/873ff125-9641-4674-9775-ec96c107c12e
2019-09-12 10:32:09,975 [RatisPipelineUtilsThread] ERROR pipeline.PipelinePlacementPolicy (PipelinePlacementPolicy.java:meetCriteria(92)) - Pipeline Placement: Doesn't meet the criteria to be viable node. Heaviness: 6
2019-09-12 10:32:09,975 [RatisPipelineUtilsThread] ERROR pipeline.PipelinePlacementPolicy (PipelinePlacementPolicy.java:meetCriteria(92)) - Pipeline Placement: Doesn't meet the criteria to be viable node. Heaviness: 6
2019-09-12 10:32:09,975 [RatisPipelineUtilsThread] ERROR pipeline.PipelinePlacementPolicy (PipelinePlacementPolicy.java:meetCriteria(92)) - Pipeline Placement: Doesn't meet the criteria to be viable node. Heaviness: 6
2019-09-12 10:32:09,975 [RatisPipelineUtilsThread] ERROR pipeline.PipelinePlacementPolicy (PipelinePlacementPolicy.java:meetCriteria(92)) - Pipeline Placement: Doesn't meet the criteria to be viable node. Heaviness: 6
2019-09-12 10:32:09,976 [RatisPipelineUtilsThread] ERROR pipeline.PipelinePlacementPolicy (PipelinePlacementPolicy.java:meetCriteria(92)) - Pipeline Placement: Doesn't meet the criteria to be viable node. Heaviness: 6
2019-09-12 10:32:09,976 [RatisPipelineUtilsThread] ERROR pipeline.PipelinePlacementPolicy (PipelinePlacementPolicy.java:meetCriteria(92)) - Pipeline Placement: Doesn't meet the criteria to be viable node. Heaviness: 6
2019-09-12 10:32:09,975 [IPC Server handler 14 on 34994] INFO  node.SCMNodeManager (SCMNodeManager.java:register(273)) - Registered Data node : 873ff125-9641-4674-9775-ec96c107c12e{ip: 192.168.36.114, host: pr-hdds-1569-58hkm-1881083799, networkLocation: /default-rack, certSerialId: null}
2019-09-12 10:32:09,976 | INFO  | SCMAudit | user=jenkins1000 | ip=192.168.36.114 | op=REGISTER {datanodeDetails=873ff125-9641-4674-9775-ec96c107c12e{ip: 192.168.36.114, host: pr-hdds-1569-58hkm-1881083799, networkLocation: /default-rack, certSerialId: null}} | ret=SUCCESS |  
2019-09-12 10:32:10,011 [grpc-default-executor-1] INFO  impl.RaftServerProxy (RaftServerProxy.java:addNew(89)) - 873ff125-9641-4674-9775-ec96c107c12e: addNew group-2B450797894B:[873ff125-9641-4674-9775-ec96c107c12e:192.168.36.114:35238] returns group-2B450797894B:java.util.concurrent.CompletableFuture@6ea7f916[Not completed]
2019-09-12 10:32:10,012 | INFO  | SCMAudit | user=jenkins1000 | ip=192.168.36.114 | op=SEND_HEARTBEAT {datanodeUUID=edb6c4a3-9bf1-4f2e-8ef0-c37d9a0378de, command=[]} | ret=SUCCESS |  
2019-09-12 10:32:10,013 [pool-379-thread-1] INFO  impl.RaftServerImpl (RaftServerImpl.java:<init>(93)) - 873ff125-9641-4674-9775-ec96c107c12e: new RaftServerImpl for group-2B450797894B:[873ff125-9641-4674-9775-ec96c107c12e:192.168.36.114:35238] with ContainerStateMachine:uninitialized
2019-09-12 10:32:10,013 [pool-379-thread-1] INFO  server.RaftServerConfigKeys (ConfUtils.java:logGet(43)) - raft.server.rpc.timeout.min = 5s (custom)
2019-09-12 10:32:10,013 [pool-379-thread-1] INFO  server.RaftServerConfigKeys (ConfUtils.java:logGet(43)) - raft.server.rpc.timeout.max = 5200ms (custom)
2019-09-12 10:32:10,013 [pool-379-thread-1] INFO  server.RaftServerConfigKeys (ConfUtils.java:logGet(43)) - raft.server.rpcslowness.timeout = 120s (custom)
2019-09-12 10:32:10,013 [pool-379-thread-1] INFO  server.RaftServerConfigKeys (ConfUtils.java:logGet(43)) - raft.server.sleep.deviation.threshold = 300 (default)
2019-09-12 10:32:10,014 [pool-379-thread-1] INFO  server.RaftServerConfigKeys (ConfUtils.java:logGet(43)) - raft.server.log.appender.install.snapshot.enabled = false (custom)
2019-09-12 10:32:10,014 [pool-379-thread-1] INFO  impl.RaftServerImpl (ServerState.java:<init>(105)) - 873ff125-9641-4674-9775-ec96c107c12e:group-2B450797894B ConfigurationManager, init=-1: [873ff125-9641-4674-9775-ec96c107c12e:192.168.36.114:35238], old=null, confs=<EMPTY_MAP>
2019-09-12 10:32:10,014 [pool-379-thread-1] INFO  server.RaftServerConfigKeys (ConfUtils.java:logGet(43)) - raft.server.storage.dir = [/workdir/hadoop-ozone/integration-test/target/test-dir/MiniOzoneClusterImpl-39631bd2-f83c-4f24-acb2-4c1b273f2694/datanode-6/data/ratis] (custom)
2019-09-12 10:32:10,015 [pool-379-thread-1] INFO  storage.RaftStorageDirectory (RaftStorageDirectory.java:analyzeStorage(246)) - The storage directory /workdir/hadoop-ozone/integration-test/target/test-dir/MiniOzoneClusterImpl-39631bd2-f83c-4f24-acb2-4c1b273f2694/datanode-6/data/ratis/2c4665a9-d5a4-4409-92a3-2b450797894b does not exist. Creating ...
2019-09-12 10:32:10,027 [pool-379-thread-1] INFO  storage.RaftStorageDirectory (RaftStorageDirectory.java:tryLock(328)) - Lock on /workdir/hadoop-ozone/integration-test/target/test-dir/MiniOzoneClusterImpl-39631bd2-f83c-4f24-acb2-4c1b273f2694/datanode-6/data/ratis/2c4665a9-d5a4-4409-92a3-2b450797894b/in_use.lock acquired by nodename 1396@pr-hdds-1569-58hkm-1881083799
2019-09-12 10:32:10,046 [pool-379-thread-1] INFO  storage.RaftStorage (RaftStorage.java:format(72)) - Storage directory /workdir/hadoop-ozone/integration-test/target/test-dir/MiniOzoneClusterImpl-39631bd2-f83c-4f24-acb2-4c1b273f2694/datanode-6/data/ratis/2c4665a9-d5a4-4409-92a3-2b450797894b has been successfully formatted.
2019-09-12 10:32:10,047 [pool-379-thread-1] INFO  ratis.ContainerStateMachine (ContainerStateMachine.java:loadSnapshot(226)) - group-2B450797894B: The snapshot info is null. Setting the last applied indexto:(t:0, i:~)
2019-09-12 10:32:10,047 [pool-379-thread-1] INFO  server.RaftServerConfigKeys (ConfUtils.java:logGet(43)) - raft.server.leader.election.timeout = 120s (custom)
2019-09-12 10:32:10,047 [pool-379-thread-1] INFO  server.RaftServerConfigKeys (ConfUtils.java:logGet(43)) - raft.server.log.use.memory = false (default)
2019-09-12 10:32:10,047 [pool-379-thread-1] INFO  server.RaftServerConfigKeys (ConfUtils.java:logGet(43)) - raft.server.log.purge.gap = 1000000 (custom)
2019-09-12 10:32:10,047 [pool-379-thread-1] INFO  server.RaftServerConfigKeys (ConfUtils.java:logGet(43)) - raft.server.log.appender.buffer.byte-limit = 33554432 (custom)
2019-09-12 10:32:10,047 [pool-379-thread-1] INFO  server.RaftServerConfigKeys (ConfUtils.java:logGet(43)) - raft.server.log.segment.size.max = 1048576 (custom)
2019-09-12 10:32:10,048 [pool-379-thread-1] INFO  server.RaftServerConfigKeys (ConfUtils.java:logGet(43)) - raft.server.log.segment.cache.num.max = 2 (custom)
2019-09-12 10:32:10,048 [pool-379-thread-1] INFO  segmented.SegmentedRaftLogWorker (SegmentedRaftLogWorker.java:<init>(172)) - new 873ff125-9641-4674-9775-ec96c107c12e-SegmentedRaftLogWorker:Storage Directory /workdir/hadoop-ozone/integration-test/target/test-dir/MiniOzoneClusterImpl-39631bd2-f83c-4f24-acb2-4c1b273f2694/datanode-6/data/ratis/2c4665a9-d5a4-4409-92a3-2b450797894b for RaftStorage:Storage Directory /workdir/hadoop-ozone/integration-test/target/test-dir/MiniOzoneClusterImpl-39631bd2-f83c-4f24-acb2-4c1b273f2694/datanode-6/data/ratis/2c4665a9-d5a4-4409-92a3-2b450797894b
2019-09-12 10:32:10,048 [pool-379-thread-1] INFO  server.RaftServerConfigKeys (ConfUtils.java:logGet(43)) - raft.server.log.queue.byte-limit = 2147483647 (custom)
2019-09-12 10:32:10,048 [pool-379-thread-1] INFO  server.RaftServerConfigKeys (ConfUtils.java:logGet(43)) - raft.server.log.queue.element-limit = 1024 (custom)
2019-09-12 10:32:10,049 [pool-379-thread-1] INFO  server.RaftServerConfigKeys (ConfUtils.java:logGet(43)) - raft.server.log.segment.size.max = 1048576 (custom)
2019-09-12 10:32:10,049 [pool-379-thread-1] INFO  server.RaftServerConfigKeys (ConfUtils.java:logGet(43)) - raft.server.log.preallocated.size = 16384 (custom)
2019-09-12 10:32:10,049 [pool-379-thread-1] INFO  server.RaftServerConfigKeys (ConfUtils.java:logGet(43)) - raft.server.log.write.buffer.size = 33554432 (custom)
2019-09-12 10:32:10,049 [pool-379-thread-1] INFO  server.RaftServerConfigKeys (ConfUtils.java:logGet(43)) - raft.server.log.force.sync.num = 128 (default)
2019-09-12 10:32:10,049 [pool-379-thread-1] INFO  server.RaftServerConfigKeys (ConfUtils.java:logGet(43)) - raft.server.log.statemachine.data.sync = true (default)
2019-09-12 10:32:10,049 [pool-379-thread-1] INFO  server.RaftServerConfigKeys (ConfUtils.java:logGet(43)) - raft.server.log.statemachine.data.sync.timeout = 10s (default)
2019-09-12 10:32:10,050 [pool-379-thread-1] INFO  server.RaftServerConfigKeys (ConfUtils.java:logGet(43)) - raft.server.log.statemachine.data.sync.timeout.retry = -1 (default)
2019-09-12 10:32:10,050 [pool-379-thread-1] INFO  server.RaftServerConfigKeys (ConfUtils.java:logGet(43)) - raft.server.log.statemachine.data.caching.enabled = true (custom)
2019-09-12 10:32:10,050 [pool-379-thread-1] INFO  segmented.SegmentedRaftLogWorker (SegmentedRaftLogWorker.java:lambda$new$0(132)) - 873ff125-9641-4674-9775-ec96c107c12e-SegmentedRaftLogWorker:Storage Directory /workdir/hadoop-ozone/integration-test/target/test-dir/MiniOzoneClusterImpl-39631bd2-f83c-4f24-acb2-4c1b273f2694/datanode-6/data/ratis/2c4665a9-d5a4-4409-92a3-2b450797894b: flushIndex: setUnconditionally 0 -> -1
2019-09-12 10:32:10,051 [pool-379-thread-1] INFO  server.RaftServerConfigKeys (ConfUtils.java:logGet(43)) - raft.server.snapshot.auto.trigger.enabled = true (custom)
2019-09-12 10:32:10,051 [pool-379-thread-1] INFO  server.RaftServerConfigKeys (ConfUtils.java:logGet(43)) - raft.server.snapshot.auto.trigger.threshold = 10000 (custom)
2019-09-12 10:32:10,051 [pool-379-thread-1] INFO  server.RaftServerConfigKeys (ConfUtils.java:logGet(43)) - raft.server.retrycache.expirytime = 600000ms (custom)
2019-09-12 10:32:10,051 [pool-379-thread-1] INFO  impl.RaftServerImpl (RaftServerImpl.java:start(180)) - 873ff125-9641-4674-9775-ec96c107c12e: start group-2B450797894B
2019-09-12 10:32:10,052 [pool-379-thread-1] INFO  impl.RaftServerImpl (RaftServerImpl.java:setRole(171)) - 873ff125-9641-4674-9775-ec96c107c12e:group-2B450797894B changes role from null to FOLLOWER at term 0 for startAsFollower
2019-09-12 10:32:10,052 [pool-379-thread-1] INFO  impl.RoleInfo (RoleInfo.java:updateAndGet(143)) - 873ff125-9641-4674-9775-ec96c107c12e: start FollowerState
2019-09-12 10:32:10,052 [pool-379-thread-1] INFO  util.JmxRegister (JmxRegister.java:tryRegister(44)) - Successfully registered JMX Bean with object name Ratis:service=RaftServer,group=group-2B450797894B,id=873ff125-9641-4674-9775-ec96c107c12e
2019-09-12 10:32:10,056 [RatisPipelineUtilsThread] INFO  pipeline.PipelineStateManager (PipelineStateManager.java:addPipeline(56)) - Created pipeline Pipeline[ Id: 2c4665a9-d5a4-4409-92a3-2b450797894b, Nodes: 873ff125-9641-4674-9775-ec96c107c12e{ip: 192.168.36.114, host: pr-hdds-1569-58hkm-1881083799, networkLocation: /default-rack, certSerialId: null}, Type:RATIS, Factor:ONE, State:OPEN]
2019-09-12 10:32:10,056 [RatisPipelineUtilsThread] ERROR pipeline.PipelinePlacementPolicy (PipelinePlacementPolicy.java:meetCriteria(92)) - Pipeline Placement: Doesn't meet the criteria to be viable node. Heaviness: 6
2019-09-12 10:32:10,056 [RatisPipelineUtilsThread] ERROR pipeline.PipelinePlacementPolicy (PipelinePlacementPolicy.java:meetCriteria(92)) - Pipeline Placement: Doesn't meet the criteria to be viable node. Heaviness: 6
2019-09-12 10:32:10,056 [RatisPipelineUtilsThread] ERROR pipeline.PipelinePlacementPolicy (PipelinePlacementPolicy.java:meetCriteria(92)) - Pipeline Placement: Doesn't meet the criteria to be viable node. Heaviness: 6
2019-09-12 10:32:10,056 [RatisPipelineUtilsThread] ERROR pipeline.PipelinePlacementPolicy (PipelinePlacementPolicy.java:meetCriteria(92)) - Pipeline Placement: Doesn't meet the criteria to be viable node. Heaviness: 6
2019-09-12 10:32:10,057 [RatisPipelineUtilsThread] ERROR pipeline.PipelinePlacementPolicy (PipelinePlacementPolicy.java:meetCriteria(92)) - Pipeline Placement: Doesn't meet the criteria to be viable node. Heaviness: 6
2019-09-12 10:32:10,057 [RatisPipelineUtilsThread] ERROR pipeline.PipelinePlacementPolicy (PipelinePlacementPolicy.java:meetCriteria(92)) - Pipeline Placement: Doesn't meet the criteria to be viable node. Heaviness: 6
2019-09-12 10:32:10,062 [grpc-default-executor-1] INFO  impl.RaftServerProxy (RaftServerProxy.java:addNew(89)) - 873ff125-9641-4674-9775-ec96c107c12e: addNew group-B0BF0BD87419:[873ff125-9641-4674-9775-ec96c107c12e:192.168.36.114:35238] returns group-B0BF0BD87419:java.util.concurrent.CompletableFuture@6f19edde[Not completed]
2019-09-12 10:32:10,063 [pool-379-thread-1] INFO  impl.RaftServerImpl (RaftServerImpl.java:<init>(93)) - 873ff125-9641-4674-9775-ec96c107c12e: new RaftServerImpl for group-B0BF0BD87419:[873ff125-9641-4674-9775-ec96c107c12e:192.168.36.114:35238] with ContainerStateMachine:uninitialized
2019-09-12 10:32:10,063 [pool-379-thread-1] INFO  server.RaftServerConfigKeys (ConfUtils.java:logGet(43)) - raft.server.rpc.timeout.min = 5s (custom)
2019-09-12 10:32:10,063 [pool-379-thread-1] INFO  server.RaftServerConfigKeys (ConfUtils.java:logGet(43)) - raft.server.rpc.timeout.max = 5200ms (custom)
2019-09-12 10:32:10,063 [pool-379-thread-1] INFO  server.RaftServerConfigKeys (ConfUtils.java:logGet(43)) - raft.server.rpcslowness.timeout = 120s (custom)
2019-09-12 10:32:10,064 [pool-379-thread-1] INFO  server.RaftServerConfigKeys (ConfUtils.java:logGet(43)) - raft.server.sleep.deviation.threshold = 300 (default)
2019-09-12 10:32:10,064 [pool-379-thread-1] INFO  server.RaftServerConfigKeys (ConfUtils.java:logGet(43)) - raft.server.log.appender.install.snapshot.enabled = false (custom)
2019-09-12 10:32:10,064 [pool-379-thread-1] INFO  impl.RaftServerImpl (ServerState.java:<init>(105)) - 873ff125-9641-4674-9775-ec96c107c12e:group-B0BF0BD87419 ConfigurationManager, init=-1: [873ff125-9641-4674-9775-ec96c107c12e:192.168.36.114:35238], old=null, confs=<EMPTY_MAP>
2019-09-12 10:32:10,064 [pool-379-thread-1] INFO  server.RaftServerConfigKeys (ConfUtils.java:logGet(43)) - raft.server.storage.dir = [/workdir/hadoop-ozone/integration-test/target/test-dir/MiniOzoneClusterImpl-39631bd2-f83c-4f24-acb2-4c1b273f2694/datanode-6/data/ratis] (custom)
2019-09-12 10:32:10,064 [pool-379-thread-1] INFO  storage.RaftStorageDirectory (RaftStorageDirectory.java:analyzeStorage(246)) - The storage directory /workdir/hadoop-ozone/integration-test/target/test-dir/MiniOzoneClusterImpl-39631bd2-f83c-4f24-acb2-4c1b273f2694/datanode-6/data/ratis/f6c311b2-1a8d-4b32-a065-b0bf0bd87419 does not exist. Creating ...
2019-09-12 10:32:10,077 [pool-379-thread-1] INFO  storage.RaftStorageDirectory (RaftStorageDirectory.java:tryLock(328)) - Lock on /workdir/hadoop-ozone/integration-test/target/test-dir/MiniOzoneClusterImpl-39631bd2-f83c-4f24-acb2-4c1b273f2694/datanode-6/data/ratis/f6c311b2-1a8d-4b32-a065-b0bf0bd87419/in_use.lock acquired by nodename 1396@pr-hdds-1569-58hkm-1881083799
2019-09-12 10:32:10,080 | INFO  | SCMAudit | user=jenkins1000 | ip=192.168.36.114 | op=SEND_HEARTBEAT {datanodeUUID=57729e88-c64a-441d-a40e-ceaddf64552e, command=[]} | ret=SUCCESS |  
2019-09-12 10:32:10,091 [pool-379-thread-1] INFO  storage.RaftStorage (RaftStorage.java:format(72)) - Storage directory /workdir/hadoop-ozone/integration-test/target/test-dir/MiniOzoneClusterImpl-39631bd2-f83c-4f24-acb2-4c1b273f2694/datanode-6/data/ratis/f6c311b2-1a8d-4b32-a065-b0bf0bd87419 has been successfully formatted.
2019-09-12 10:32:10,091 [pool-379-thread-1] INFO  ratis.ContainerStateMachine (ContainerStateMachine.java:loadSnapshot(226)) - group-B0BF0BD87419: The snapshot info is null. Setting the last applied indexto:(t:0, i:~)
2019-09-12 10:32:10,092 [pool-379-thread-1] INFO  server.RaftServerConfigKeys (ConfUtils.java:logGet(43)) - raft.server.leader.election.timeout = 120s (custom)
2019-09-12 10:32:10,092 [pool-379-thread-1] INFO  server.RaftServerConfigKeys (ConfUtils.java:logGet(43)) - raft.server.log.use.memory = false (default)
2019-09-12 10:32:10,092 [pool-379-thread-1] INFO  server.RaftServerConfigKeys (ConfUtils.java:logGet(43)) - raft.server.log.purge.gap = 1000000 (custom)
2019-09-12 10:32:10,092 [pool-379-thread-1] INFO  server.RaftServerConfigKeys (ConfUtils.java:logGet(43)) - raft.server.log.appender.buffer.byte-limit = 33554432 (custom)
2019-09-12 10:32:10,092 [pool-379-thread-1] INFO  server.RaftServerConfigKeys (ConfUtils.java:logGet(43)) - raft.server.log.segment.size.max = 1048576 (custom)
2019-09-12 10:32:10,092 [pool-379-thread-1] INFO  server.RaftServerConfigKeys (ConfUtils.java:logGet(43)) - raft.server.log.segment.cache.num.max = 2 (custom)
2019-09-12 10:32:10,093 [pool-379-thread-1] INFO  segmented.SegmentedRaftLogWorker (SegmentedRaftLogWorker.java:<init>(172)) - new 873ff125-9641-4674-9775-ec96c107c12e-SegmentedRaftLogWorker:Storage Directory /workdir/hadoop-ozone/integration-test/target/test-dir/MiniOzoneClusterImpl-39631bd2-f83c-4f24-acb2-4c1b273f2694/datanode-6/data/ratis/f6c311b2-1a8d-4b32-a065-b0bf0bd87419 for RaftStorage:Storage Directory /workdir/hadoop-ozone/integration-test/target/test-dir/MiniOzoneClusterImpl-39631bd2-f83c-4f24-acb2-4c1b273f2694/datanode-6/data/ratis/f6c311b2-1a8d-4b32-a065-b0bf0bd87419
2019-09-12 10:32:10,093 [pool-379-thread-1] INFO  server.RaftServerConfigKeys (ConfUtils.java:logGet(43)) - raft.server.log.queue.byte-limit = 2147483647 (custom)
2019-09-12 10:32:10,093 [pool-379-thread-1] INFO  server.RaftServerConfigKeys (ConfUtils.java:logGet(43)) - raft.server.log.queue.element-limit = 1024 (custom)
2019-09-12 10:32:10,093 [pool-379-thread-1] INFO  server.RaftServerConfigKeys (ConfUtils.java:logGet(43)) - raft.server.log.segment.size.max = 1048576 (custom)
2019-09-12 10:32:10,093 [pool-379-thread-1] INFO  server.RaftServerConfigKeys (ConfUtils.java:logGet(43)) - raft.server.log.preallocated.size = 16384 (custom)
2019-09-12 10:32:10,093 [pool-379-thread-1] INFO  server.RaftServerConfigKeys (ConfUtils.java:logGet(43)) - raft.server.log.write.buffer.size = 33554432 (custom)
2019-09-12 10:32:10,093 [pool-379-thread-1] INFO  server.RaftServerConfigKeys (ConfUtils.java:logGet(43)) - raft.server.log.force.sync.num = 128 (default)
2019-09-12 10:32:10,094 [pool-379-thread-1] INFO  server.RaftServerConfigKeys (ConfUtils.java:logGet(43)) - raft.server.log.statemachine.data.sync = true (default)
2019-09-12 10:32:10,094 [pool-379-thread-1] INFO  server.RaftServerConfigKeys (ConfUtils.java:logGet(43)) - raft.server.log.statemachine.data.sync.timeout = 10s (default)
2019-09-12 10:32:10,094 [pool-379-thread-1] INFO  server.RaftServerConfigKeys (ConfUtils.java:logGet(43)) - raft.server.log.statemachine.data.sync.timeout.retry = -1 (default)
2019-09-12 10:32:10,094 [pool-379-thread-1] INFO  server.RaftServerConfigKeys (ConfUtils.java:logGet(43)) - raft.server.log.statemachine.data.caching.enabled = true (custom)
2019-09-12 10:32:10,094 [pool-379-thread-1] INFO  segmented.SegmentedRaftLogWorker (SegmentedRaftLogWorker.java:lambda$new$0(132)) - 873ff125-9641-4674-9775-ec96c107c12e-SegmentedRaftLogWorker:Storage Directory /workdir/hadoop-ozone/integration-test/target/test-dir/MiniOzoneClusterImpl-39631bd2-f83c-4f24-acb2-4c1b273f2694/datanode-6/data/ratis/f6c311b2-1a8d-4b32-a065-b0bf0bd87419: flushIndex: setUnconditionally 0 -> -1
2019-09-12 10:32:10,095 [pool-379-thread-1] INFO  server.RaftServerConfigKeys (ConfUtils.java:logGet(43)) - raft.server.snapshot.auto.trigger.enabled = true (custom)
2019-09-12 10:32:10,095 [pool-379-thread-1] INFO  server.RaftServerConfigKeys (ConfUtils.java:logGet(43)) - raft.server.snapshot.auto.trigger.threshold = 10000 (custom)
2019-09-12 10:32:10,095 [pool-379-thread-1] INFO  server.RaftServerConfigKeys (ConfUtils.java:logGet(43)) - raft.server.retrycache.expirytime = 600000ms (custom)
2019-09-12 10:32:10,095 [pool-379-thread-1] INFO  impl.RaftServerImpl (RaftServerImpl.java:start(180)) - 873ff125-9641-4674-9775-ec96c107c12e: start group-B0BF0BD87419
2019-09-12 10:32:10,096 [pool-379-thread-1] INFO  impl.RaftServerImpl (RaftServerImpl.java:setRole(171)) - 873ff125-9641-4674-9775-ec96c107c12e:group-B0BF0BD87419 changes role from null to FOLLOWER at term 0 for startAsFollower
2019-09-12 10:32:10,096 [pool-379-thread-1] INFO  impl.RoleInfo (RoleInfo.java:updateAndGet(143)) - 873ff125-9641-4674-9775-ec96c107c12e: start FollowerState
2019-09-12 10:32:10,096 [pool-379-thread-1] INFO  util.JmxRegister (JmxRegister.java:tryRegister(44)) - Successfully registered JMX Bean with object name Ratis:service=RaftServer,group=group-B0BF0BD87419,id=873ff125-9641-4674-9775-ec96c107c12e
2019-09-12 10:32:10,099 [RatisPipelineUtilsThread] INFO  pipeline.PipelineStateManager (PipelineStateManager.java:addPipeline(56)) - Created pipeline Pipeline[ Id: f6c311b2-1a8d-4b32-a065-b0bf0bd87419, Nodes: 873ff125-9641-4674-9775-ec96c107c12e{ip: 192.168.36.114, host: pr-hdds-1569-58hkm-1881083799, networkLocation: /default-rack, certSerialId: null}, Type:RATIS, Factor:ONE, State:OPEN]
2019-09-12 10:32:10,099 [RatisPipelineUtilsThread] ERROR pipeline.PipelinePlacementPolicy (PipelinePlacementPolicy.java:meetCriteria(92)) - Pipeline Placement: Doesn't meet the criteria to be viable node. Heaviness: 6
2019-09-12 10:32:10,099 [RatisPipelineUtilsThread] ERROR pipeline.PipelinePlacementPolicy (PipelinePlacementPolicy.java:meetCriteria(92)) - Pipeline Placement: Doesn't meet the criteria to be viable node. Heaviness: 6
2019-09-12 10:32:10,100 [RatisPipelineUtilsThread] ERROR pipeline.PipelinePlacementPolicy (PipelinePlacementPolicy.java:meetCriteria(92)) - Pipeline Placement: Doesn't meet the criteria to be viable node. Heaviness: 6
2019-09-12 10:32:10,100 [RatisPipelineUtilsThread] ERROR pipeline.PipelinePlacementPolicy (PipelinePlacementPolicy.java:meetCriteria(92)) - Pipeline Placement: Doesn't meet the criteria to be viable node. Heaviness: 6
2019-09-12 10:32:10,100 [RatisPipelineUtilsThread] ERROR pipeline.PipelinePlacementPolicy (PipelinePlacementPolicy.java:meetCriteria(92)) - Pipeline Placement: Doesn't meet the criteria to be viable node. Heaviness: 6
2019-09-12 10:32:10,100 [RatisPipelineUtilsThread] ERROR pipeline.PipelinePlacementPolicy (PipelinePlacementPolicy.java:meetCriteria(92)) - Pipeline Placement: Doesn't meet the criteria to be viable node. Heaviness: 6
2019-09-12 10:32:10,105 [grpc-default-executor-1] INFO  impl.RaftServerProxy (RaftServerProxy.java:addNew(89)) - 873ff125-9641-4674-9775-ec96c107c12e: addNew group-318D7C636861:[873ff125-9641-4674-9775-ec96c107c12e:192.168.36.114:35238] returns group-318D7C636861:java.util.concurrent.CompletableFuture@41a504fd[Not completed]
2019-09-12 10:32:10,106 [pool-379-thread-1] INFO  impl.RaftServerImpl (RaftServerImpl.java:<init>(93)) - 873ff125-9641-4674-9775-ec96c107c12e: new RaftServerImpl for group-318D7C636861:[873ff125-9641-4674-9775-ec96c107c12e:192.168.36.114:35238] with ContainerStateMachine:uninitialized
2019-09-12 10:32:10,106 [pool-379-thread-1] INFO  server.RaftServerConfigKeys (ConfUtils.java:logGet(43)) - raft.server.rpc.timeout.min = 5s (custom)
2019-09-12 10:32:10,106 [pool-379-thread-1] INFO  server.RaftServerConfigKeys (ConfUtils.java:logGet(43)) - raft.server.rpc.timeout.max = 5200ms (custom)
2019-09-12 10:32:10,107 [pool-379-thread-1] INFO  server.RaftServerConfigKeys (ConfUtils.java:logGet(43)) - raft.server.rpcslowness.timeout = 120s (custom)
2019-09-12 10:32:10,107 [pool-379-thread-1] INFO  server.RaftServerConfigKeys (ConfUtils.java:logGet(43)) - raft.server.sleep.deviation.threshold = 300 (default)
2019-09-12 10:32:10,107 [pool-379-thread-1] INFO  server.RaftServerConfigKeys (ConfUtils.java:logGet(43)) - raft.server.log.appender.install.snapshot.enabled = false (custom)
2019-09-12 10:32:10,107 [pool-379-thread-1] INFO  impl.RaftServerImpl (ServerState.java:<init>(105)) - 873ff125-9641-4674-9775-ec96c107c12e:group-318D7C636861 ConfigurationManager, init=-1: [873ff125-9641-4674-9775-ec96c107c12e:192.168.36.114:35238], old=null, confs=<EMPTY_MAP>
2019-09-12 10:32:10,107 [pool-379-thread-1] INFO  server.RaftServerConfigKeys (ConfUtils.java:logGet(43)) - raft.server.storage.dir = [/workdir/hadoop-ozone/integration-test/target/test-dir/MiniOzoneClusterImpl-39631bd2-f83c-4f24-acb2-4c1b273f2694/datanode-6/data/ratis] (custom)
2019-09-12 10:32:10,108 [pool-379-thread-1] INFO  storage.RaftStorageDirectory (RaftStorageDirectory.java:analyzeStorage(246)) - The storage directory /workdir/hadoop-ozone/integration-test/target/test-dir/MiniOzoneClusterImpl-39631bd2-f83c-4f24-acb2-4c1b273f2694/datanode-6/data/ratis/a861ae28-ae8c-4933-91c4-318d7c636861 does not exist. Creating ...
2019-09-12 10:32:10,122 [pool-379-thread-1] INFO  storage.RaftStorageDirectory (RaftStorageDirectory.java:tryLock(328)) - Lock on /workdir/hadoop-ozone/integration-test/target/test-dir/MiniOzoneClusterImpl-39631bd2-f83c-4f24-acb2-4c1b273f2694/datanode-6/data/ratis/a861ae28-ae8c-4933-91c4-318d7c636861/in_use.lock acquired by nodename 1396@pr-hdds-1569-58hkm-1881083799
2019-09-12 10:32:10,135 [pool-379-thread-1] INFO  storage.RaftStorage (RaftStorage.java:format(72)) - Storage directory /workdir/hadoop-ozone/integration-test/target/test-dir/MiniOzoneClusterImpl-39631bd2-f83c-4f24-acb2-4c1b273f2694/datanode-6/data/ratis/a861ae28-ae8c-4933-91c4-318d7c636861 has been successfully formatted.
2019-09-12 10:32:10,135 [pool-379-thread-1] INFO  ratis.ContainerStateMachine (ContainerStateMachine.java:loadSnapshot(226)) - group-318D7C636861: The snapshot info is null. Setting the last applied indexto:(t:0, i:~)
2019-09-12 10:32:10,135 [pool-379-thread-1] INFO  server.RaftServerConfigKeys (ConfUtils.java:logGet(43)) - raft.server.leader.election.timeout = 120s (custom)
2019-09-12 10:32:10,135 [pool-379-thread-1] INFO  server.RaftServerConfigKeys (ConfUtils.java:logGet(43)) - raft.server.log.use.memory = false (default)
2019-09-12 10:32:10,136 [pool-379-thread-1] INFO  server.RaftServerConfigKeys (ConfUtils.java:logGet(43)) - raft.server.log.purge.gap = 1000000 (custom)
2019-09-12 10:32:10,136 [pool-379-thread-1] INFO  server.RaftServerConfigKeys (ConfUtils.java:logGet(43)) - raft.server.log.appender.buffer.byte-limit = 33554432 (custom)
2019-09-12 10:32:10,136 [pool-379-thread-1] INFO  server.RaftServerConfigKeys (ConfUtils.java:logGet(43)) - raft.server.log.segment.size.max = 1048576 (custom)
2019-09-12 10:32:10,136 [pool-379-thread-1] INFO  server.RaftServerConfigKeys (ConfUtils.java:logGet(43)) - raft.server.log.segment.cache.num.max = 2 (custom)
2019-09-12 10:32:10,136 [pool-379-thread-1] INFO  segmented.SegmentedRaftLogWorker (SegmentedRaftLogWorker.java:<init>(172)) - new 873ff125-9641-4674-9775-ec96c107c12e-SegmentedRaftLogWorker:Storage Directory /workdir/hadoop-ozone/integration-test/target/test-dir/MiniOzoneClusterImpl-39631bd2-f83c-4f24-acb2-4c1b273f2694/datanode-6/data/ratis/a861ae28-ae8c-4933-91c4-318d7c636861 for RaftStorage:Storage Directory /workdir/hadoop-ozone/integration-test/target/test-dir/MiniOzoneClusterImpl-39631bd2-f83c-4f24-acb2-4c1b273f2694/datanode-6/data/ratis/a861ae28-ae8c-4933-91c4-318d7c636861
2019-09-12 10:32:10,136 [pool-379-thread-1] INFO  server.RaftServerConfigKeys (ConfUtils.java:logGet(43)) - raft.server.log.queue.byte-limit = 2147483647 (custom)
2019-09-12 10:32:10,136 [pool-379-thread-1] INFO  server.RaftServerConfigKeys (ConfUtils.java:logGet(43)) - raft.server.log.queue.element-limit = 1024 (custom)
2019-09-12 10:32:10,137 [pool-379-thread-1] INFO  server.RaftServerConfigKeys (ConfUtils.java:logGet(43)) - raft.server.log.segment.size.max = 1048576 (custom)
2019-09-12 10:32:10,137 [pool-379-thread-1] INFO  server.RaftServerConfigKeys (ConfUtils.java:logGet(43)) - raft.server.log.preallocated.size = 16384 (custom)
2019-09-12 10:32:10,137 [pool-379-thread-1] INFO  server.RaftServerConfigKeys (ConfUtils.java:logGet(43)) - raft.server.log.write.buffer.size = 33554432 (custom)
2019-09-12 10:32:10,137 [pool-379-thread-1] INFO  server.RaftServerConfigKeys (ConfUtils.java:logGet(43)) - raft.server.log.force.sync.num = 128 (default)
2019-09-12 10:32:10,137 [pool-379-thread-1] INFO  server.RaftServerConfigKeys (ConfUtils.java:logGet(43)) - raft.server.log.statemachine.data.sync = true (default)
2019-09-12 10:32:10,137 [pool-379-thread-1] INFO  server.RaftServerConfigKeys (ConfUtils.java:logGet(43)) - raft.server.log.statemachine.data.sync.timeout = 10s (default)
2019-09-12 10:32:10,137 [pool-379-thread-1] INFO  server.RaftServerConfigKeys (ConfUtils.java:logGet(43)) - raft.server.log.statemachine.data.sync.timeout.retry = -1 (default)
2019-09-12 10:32:10,138 [pool-379-thread-1] INFO  server.RaftServerConfigKeys (ConfUtils.java:logGet(43)) - raft.server.log.statemachine.data.caching.enabled = true (custom)
2019-09-12 10:32:10,138 [pool-379-thread-1] INFO  segmented.SegmentedRaftLogWorker (SegmentedRaftLogWorker.java:lambda$new$0(132)) - 873ff125-9641-4674-9775-ec96c107c12e-SegmentedRaftLogWorker:Storage Directory /workdir/hadoop-ozone/integration-test/target/test-dir/MiniOzoneClusterImpl-39631bd2-f83c-4f24-acb2-4c1b273f2694/datanode-6/data/ratis/a861ae28-ae8c-4933-91c4-318d7c636861: flushIndex: setUnconditionally 0 -> -1
2019-09-12 10:32:10,138 [pool-379-thread-1] INFO  server.RaftServerConfigKeys (ConfUtils.java:logGet(43)) - raft.server.snapshot.auto.trigger.enabled = true (custom)
2019-09-12 10:32:10,138 [pool-379-thread-1] INFO  server.RaftServerConfigKeys (ConfUtils.java:logGet(43)) - raft.server.snapshot.auto.trigger.threshold = 10000 (custom)
2019-09-12 10:32:10,139 [pool-379-thread-1] INFO  server.RaftServerConfigKeys (ConfUtils.java:logGet(43)) - raft.server.retrycache.expirytime = 600000ms (custom)
2019-09-12 10:32:10,139 [pool-379-thread-1] INFO  impl.RaftServerImpl (RaftServerImpl.java:start(180)) - 873ff125-9641-4674-9775-ec96c107c12e: start group-318D7C636861
2019-09-12 10:32:10,139 [pool-379-thread-1] INFO  impl.RaftServerImpl (RaftServerImpl.java:setRole(171)) - 873ff125-9641-4674-9775-ec96c107c12e:group-318D7C636861 changes role from null to FOLLOWER at term 0 for startAsFollower
2019-09-12 10:32:10,139 [pool-379-thread-1] INFO  impl.RoleInfo (RoleInfo.java:updateAndGet(143)) - 873ff125-9641-4674-9775-ec96c107c12e: start FollowerState
2019-09-12 10:32:10,140 [pool-379-thread-1] INFO  util.JmxRegister (JmxRegister.java:tryRegister(44)) - Successfully registered JMX Bean with object name Ratis:service=RaftServer,group=group-318D7C636861,id=873ff125-9641-4674-9775-ec96c107c12e
2019-09-12 10:32:10,142 [RatisPipelineUtilsThread] INFO  pipeline.PipelineStateManager (PipelineStateManager.java:addPipeline(56)) - Created pipeline Pipeline[ Id: a861ae28-ae8c-4933-91c4-318d7c636861, Nodes: 873ff125-9641-4674-9775-ec96c107c12e{ip: 192.168.36.114, host: pr-hdds-1569-58hkm-1881083799, networkLocation: /default-rack, certSerialId: null}, Type:RATIS, Factor:ONE, State:OPEN]
2019-09-12 10:32:10,143 [RatisPipelineUtilsThread] ERROR pipeline.PipelinePlacementPolicy (PipelinePlacementPolicy.java:meetCriteria(92)) - Pipeline Placement: Doesn't meet the criteria to be viable node. Heaviness: 6
2019-09-12 10:32:10,143 [RatisPipelineUtilsThread] ERROR pipeline.PipelinePlacementPolicy (PipelinePlacementPolicy.java:meetCriteria(92)) - Pipeline Placement: Doesn't meet the criteria to be viable node. Heaviness: 6
2019-09-12 10:32:10,143 [RatisPipelineUtilsThread] ERROR pipeline.PipelinePlacementPolicy (PipelinePlacementPolicy.java:meetCriteria(92)) - Pipeline Placement: Doesn't meet the criteria to be viable node. Heaviness: 6
2019-09-12 10:32:10,143 [RatisPipelineUtilsThread] ERROR pipeline.PipelinePlacementPolicy (PipelinePlacementPolicy.java:meetCriteria(92)) - Pipeline Placement: Doesn't meet the criteria to be viable node. Heaviness: 6
2019-09-12 10:32:10,143 [RatisPipelineUtilsThread] ERROR pipeline.PipelinePlacementPolicy (PipelinePlacementPolicy.java:meetCriteria(92)) - Pipeline Placement: Doesn't meet the criteria to be viable node. Heaviness: 6
2019-09-12 10:32:10,143 [RatisPipelineUtilsThread] ERROR pipeline.PipelinePlacementPolicy (PipelinePlacementPolicy.java:meetCriteria(92)) - Pipeline Placement: Doesn't meet the criteria to be viable node. Heaviness: 6
2019-09-12 10:32:10,149 [grpc-default-executor-1] INFO  impl.RaftServerProxy (RaftServerProxy.java:addNew(89)) - 873ff125-9641-4674-9775-ec96c107c12e: addNew group-76D6B7B053CA:[873ff125-9641-4674-9775-ec96c107c12e:192.168.36.114:35238] returns group-76D6B7B053CA:java.util.concurrent.CompletableFuture@7170e1b[Not completed]
2019-09-12 10:32:10,150 [pool-379-thread-1] INFO  impl.RaftServerImpl (RaftServerImpl.java:<init>(93)) - 873ff125-9641-4674-9775-ec96c107c12e: new RaftServerImpl for group-76D6B7B053CA:[873ff125-9641-4674-9775-ec96c107c12e:192.168.36.114:35238] with ContainerStateMachine:uninitialized
2019-09-12 10:32:10,150 [pool-379-thread-1] INFO  server.RaftServerConfigKeys (ConfUtils.java:logGet(43)) - raft.server.rpc.timeout.min = 5s (custom)
2019-09-12 10:32:10,150 [pool-379-thread-1] INFO  server.RaftServerConfigKeys (ConfUtils.java:logGet(43)) - raft.server.rpc.timeout.max = 5200ms (custom)
2019-09-12 10:32:10,150 [pool-379-thread-1] INFO  server.RaftServerConfigKeys (ConfUtils.java:logGet(43)) - raft.server.rpcslowness.timeout = 120s (custom)
2019-09-12 10:32:10,150 [pool-379-thread-1] INFO  server.RaftServerConfigKeys (ConfUtils.java:logGet(43)) - raft.server.sleep.deviation.threshold = 300 (default)
2019-09-12 10:32:10,150 [pool-379-thread-1] INFO  server.RaftServerConfigKeys (ConfUtils.java:logGet(43)) - raft.server.log.appender.install.snapshot.enabled = false (custom)
2019-09-12 10:32:10,151 [pool-379-thread-1] INFO  impl.RaftServerImpl (ServerState.java:<init>(105)) - 873ff125-9641-4674-9775-ec96c107c12e:group-76D6B7B053CA ConfigurationManager, init=-1: [873ff125-9641-4674-9775-ec96c107c12e:192.168.36.114:35238], old=null, confs=<EMPTY_MAP>
2019-09-12 10:32:10,151 [pool-379-thread-1] INFO  server.RaftServerConfigKeys (ConfUtils.java:logGet(43)) - raft.server.storage.dir = [/workdir/hadoop-ozone/integration-test/target/test-dir/MiniOzoneClusterImpl-39631bd2-f83c-4f24-acb2-4c1b273f2694/datanode-6/data/ratis] (custom)
2019-09-12 10:32:10,151 [pool-379-thread-1] INFO  storage.RaftStorageDirectory (RaftStorageDirectory.java:analyzeStorage(246)) - The storage directory /workdir/hadoop-ozone/integration-test/target/test-dir/MiniOzoneClusterImpl-39631bd2-f83c-4f24-acb2-4c1b273f2694/datanode-6/data/ratis/5bad09c8-dc29-4f83-b917-76d6b7b053ca does not exist. Creating ...
2019-09-12 10:32:10,165 [pool-379-thread-1] INFO  storage.RaftStorageDirectory (RaftStorageDirectory.java:tryLock(328)) - Lock on /workdir/hadoop-ozone/integration-test/target/test-dir/MiniOzoneClusterImpl-39631bd2-f83c-4f24-acb2-4c1b273f2694/datanode-6/data/ratis/5bad09c8-dc29-4f83-b917-76d6b7b053ca/in_use.lock acquired by nodename 1396@pr-hdds-1569-58hkm-1881083799
2019-09-12 10:32:10,178 [pool-379-thread-1] INFO  storage.RaftStorage (RaftStorage.java:format(72)) - Storage directory /workdir/hadoop-ozone/integration-test/target/test-dir/MiniOzoneClusterImpl-39631bd2-f83c-4f24-acb2-4c1b273f2694/datanode-6/data/ratis/5bad09c8-dc29-4f83-b917-76d6b7b053ca has been successfully formatted.
2019-09-12 10:32:10,179 [pool-379-thread-1] INFO  ratis.ContainerStateMachine (ContainerStateMachine.java:loadSnapshot(226)) - group-76D6B7B053CA: The snapshot info is null. Setting the last applied indexto:(t:0, i:~)
2019-09-12 10:32:10,179 [pool-379-thread-1] INFO  server.RaftServerConfigKeys (ConfUtils.java:logGet(43)) - raft.server.leader.election.timeout = 120s (custom)
2019-09-12 10:32:10,179 [pool-379-thread-1] INFO  server.RaftServerConfigKeys (ConfUtils.java:logGet(43)) - raft.server.log.use.memory = false (default)
2019-09-12 10:32:10,179 [pool-379-thread-1] INFO  server.RaftServerConfigKeys (ConfUtils.java:logGet(43)) - raft.server.log.purge.gap = 1000000 (custom)
2019-09-12 10:32:10,179 [pool-379-thread-1] INFO  server.RaftServerConfigKeys (ConfUtils.java:logGet(43)) - raft.server.log.appender.buffer.byte-limit = 33554432 (custom)
2019-09-12 10:32:10,179 [pool-379-thread-1] INFO  server.RaftServerConfigKeys (ConfUtils.java:logGet(43)) - raft.server.log.segment.size.max = 1048576 (custom)
2019-09-12 10:32:10,179 [pool-379-thread-1] INFO  server.RaftServerConfigKeys (ConfUtils.java:logGet(43)) - raft.server.log.segment.cache.num.max = 2 (custom)
2019-09-12 10:32:10,179 [pool-379-thread-1] INFO  segmented.SegmentedRaftLogWorker (SegmentedRaftLogWorker.java:<init>(172)) - new 873ff125-9641-4674-9775-ec96c107c12e-SegmentedRaftLogWorker:Storage Directory /workdir/hadoop-ozone/integration-test/target/test-dir/MiniOzoneClusterImpl-39631bd2-f83c-4f24-acb2-4c1b273f2694/datanode-6/data/ratis/5bad09c8-dc29-4f83-b917-76d6b7b053ca for RaftStorage:Storage Directory /workdir/hadoop-ozone/integration-test/target/test-dir/MiniOzoneClusterImpl-39631bd2-f83c-4f24-acb2-4c1b273f2694/datanode-6/data/ratis/5bad09c8-dc29-4f83-b917-76d6b7b053ca
2019-09-12 10:32:10,180 [pool-379-thread-1] INFO  server.RaftServerConfigKeys (ConfUtils.java:logGet(43)) - raft.server.log.queue.byte-limit = 2147483647 (custom)
2019-09-12 10:32:10,180 [pool-379-thread-1] INFO  server.RaftServerConfigKeys (ConfUtils.java:logGet(43)) - raft.server.log.queue.element-limit = 1024 (custom)
2019-09-12 10:32:10,180 [pool-379-thread-1] INFO  server.RaftServerConfigKeys (ConfUtils.java:logGet(43)) - raft.server.log.segment.size.max = 1048576 (custom)
2019-09-12 10:32:10,180 [pool-379-thread-1] INFO  server.RaftServerConfigKeys (ConfUtils.java:logGet(43)) - raft.server.log.preallocated.size = 16384 (custom)
2019-09-12 10:32:10,180 [pool-379-thread-1] INFO  server.RaftServerConfigKeys (ConfUtils.java:logGet(43)) - raft.server.log.write.buffer.size = 33554432 (custom)
2019-09-12 10:32:10,180 [pool-379-thread-1] INFO  server.RaftServerConfigKeys (ConfUtils.java:logGet(43)) - raft.server.log.force.sync.num = 128 (default)
2019-09-12 10:32:10,180 [pool-379-thread-1] INFO  server.RaftServerConfigKeys (ConfUtils.java:logGet(43)) - raft.server.log.statemachine.data.sync = true (default)
2019-09-12 10:32:10,180 [pool-379-thread-1] INFO  server.RaftServerConfigKeys (ConfUtils.java:logGet(43)) - raft.server.log.statemachine.data.sync.timeout = 10s (default)
2019-09-12 10:32:10,181 [pool-379-thread-1] INFO  server.RaftServerConfigKeys (ConfUtils.java:logGet(43)) - raft.server.log.statemachine.data.sync.timeout.retry = -1 (default)
2019-09-12 10:32:10,181 [pool-379-thread-1] INFO  server.RaftServerConfigKeys (ConfUtils.java:logGet(43)) - raft.server.log.statemachine.data.caching.enabled = true (custom)
2019-09-12 10:32:10,181 [pool-379-thread-1] INFO  segmented.SegmentedRaftLogWorker (SegmentedRaftLogWorker.java:lambda$new$0(132)) - 873ff125-9641-4674-9775-ec96c107c12e-SegmentedRaftLogWorker:Storage Directory /workdir/hadoop-ozone/integration-test/target/test-dir/MiniOzoneClusterImpl-39631bd2-f83c-4f24-acb2-4c1b273f2694/datanode-6/data/ratis/5bad09c8-dc29-4f83-b917-76d6b7b053ca: flushIndex: setUnconditionally 0 -> -1
2019-09-12 10:32:10,181 [pool-379-thread-1] INFO  server.RaftServerConfigKeys (ConfUtils.java:logGet(43)) - raft.server.snapshot.auto.trigger.enabled = true (custom)
2019-09-12 10:32:10,181 [pool-379-thread-1] INFO  server.RaftServerConfigKeys (ConfUtils.java:logGet(43)) - raft.server.snapshot.auto.trigger.threshold = 10000 (custom)
2019-09-12 10:32:10,181 [pool-379-thread-1] INFO  server.RaftServerConfigKeys (ConfUtils.java:logGet(43)) - raft.server.retrycache.expirytime = 600000ms (custom)
2019-09-12 10:32:10,182 [pool-379-thread-1] INFO  impl.RaftServerImpl (RaftServerImpl.java:start(180)) - 873ff125-9641-4674-9775-ec96c107c12e: start group-76D6B7B053CA
2019-09-12 10:32:10,182 [pool-379-thread-1] INFO  impl.RaftServerImpl (RaftServerImpl.java:setRole(171)) - 873ff125-9641-4674-9775-ec96c107c12e:group-76D6B7B053CA changes role from null to FOLLOWER at term 0 for startAsFollower
2019-09-12 10:32:10,182 [pool-379-thread-1] INFO  impl.RoleInfo (RoleInfo.java:updateAndGet(143)) - 873ff125-9641-4674-9775-ec96c107c12e: start FollowerState
2019-09-12 10:32:10,182 [pool-379-thread-1] INFO  util.JmxRegister (JmxRegister.java:tryRegister(44)) - Successfully registered JMX Bean with object name Ratis:service=RaftServer,group=group-76D6B7B053CA,id=873ff125-9641-4674-9775-ec96c107c12e
2019-09-12 10:32:10,185 [RatisPipelineUtilsThread] INFO  pipeline.PipelineStateManager (PipelineStateManager.java:addPipeline(56)) - Created pipeline Pipeline[ Id: 5bad09c8-dc29-4f83-b917-76d6b7b053ca, Nodes: 873ff125-9641-4674-9775-ec96c107c12e{ip: 192.168.36.114, host: pr-hdds-1569-58hkm-1881083799, networkLocation: /default-rack, certSerialId: null}, Type:RATIS, Factor:ONE, State:OPEN]
2019-09-12 10:32:10,185 [RatisPipelineUtilsThread] ERROR pipeline.PipelinePlacementPolicy (PipelinePlacementPolicy.java:meetCriteria(92)) - Pipeline Placement: Doesn't meet the criteria to be viable node. Heaviness: 6
2019-09-12 10:32:10,185 [RatisPipelineUtilsThread] ERROR pipeline.PipelinePlacementPolicy (PipelinePlacementPolicy.java:meetCriteria(92)) - Pipeline Placement: Doesn't meet the criteria to be viable node. Heaviness: 6
2019-09-12 10:32:10,186 [RatisPipelineUtilsThread] ERROR pipeline.PipelinePlacementPolicy (PipelinePlacementPolicy.java:meetCriteria(92)) - Pipeline Placement: Doesn't meet the criteria to be viable node. Heaviness: 6
2019-09-12 10:32:10,186 [RatisPipelineUtilsThread] ERROR pipeline.PipelinePlacementPolicy (PipelinePlacementPolicy.java:meetCriteria(92)) - Pipeline Placement: Doesn't meet the criteria to be viable node. Heaviness: 6
2019-09-12 10:32:10,186 [RatisPipelineUtilsThread] ERROR pipeline.PipelinePlacementPolicy (PipelinePlacementPolicy.java:meetCriteria(92)) - Pipeline Placement: Doesn't meet the criteria to be viable node. Heaviness: 6
2019-09-12 10:32:10,186 [RatisPipelineUtilsThread] ERROR pipeline.PipelinePlacementPolicy (PipelinePlacementPolicy.java:meetCriteria(92)) - Pipeline Placement: Doesn't meet the criteria to be viable node. Heaviness: 6
2019-09-12 10:32:10,190 [grpc-default-executor-1] INFO  impl.RaftServerProxy (RaftServerProxy.java:addNew(89)) - 873ff125-9641-4674-9775-ec96c107c12e: addNew group-A88A39D497ED:[873ff125-9641-4674-9775-ec96c107c12e:192.168.36.114:35238] returns group-A88A39D497ED:java.util.concurrent.CompletableFuture@272bcf29[Not completed]
2019-09-12 10:32:10,191 [pool-379-thread-1] INFO  impl.RaftServerImpl (RaftServerImpl.java:<init>(93)) - 873ff125-9641-4674-9775-ec96c107c12e: new RaftServerImpl for group-A88A39D497ED:[873ff125-9641-4674-9775-ec96c107c12e:192.168.36.114:35238] with ContainerStateMachine:uninitialized
2019-09-12 10:32:10,192 [pool-379-thread-1] INFO  server.RaftServerConfigKeys (ConfUtils.java:logGet(43)) - raft.server.rpc.timeout.min = 5s (custom)
2019-09-12 10:32:10,192 [pool-379-thread-1] INFO  server.RaftServerConfigKeys (ConfUtils.java:logGet(43)) - raft.server.rpc.timeout.max = 5200ms (custom)
2019-09-12 10:32:10,192 [pool-379-thread-1] INFO  server.RaftServerConfigKeys (ConfUtils.java:logGet(43)) - raft.server.rpcslowness.timeout = 120s (custom)
2019-09-12 10:32:10,192 [pool-379-thread-1] INFO  server.RaftServerConfigKeys (ConfUtils.java:logGet(43)) - raft.server.sleep.deviation.threshold = 300 (default)
2019-09-12 10:32:10,192 [pool-379-thread-1] INFO  server.RaftServerConfigKeys (ConfUtils.java:logGet(43)) - raft.server.log.appender.install.snapshot.enabled = false (custom)
2019-09-12 10:32:10,192 [pool-379-thread-1] INFO  impl.RaftServerImpl (ServerState.java:<init>(105)) - 873ff125-9641-4674-9775-ec96c107c12e:group-A88A39D497ED ConfigurationManager, init=-1: [873ff125-9641-4674-9775-ec96c107c12e:192.168.36.114:35238], old=null, confs=<EMPTY_MAP>
2019-09-12 10:32:10,192 [pool-379-thread-1] INFO  server.RaftServerConfigKeys (ConfUtils.java:logGet(43)) - raft.server.storage.dir = [/workdir/hadoop-ozone/integration-test/target/test-dir/MiniOzoneClusterImpl-39631bd2-f83c-4f24-acb2-4c1b273f2694/datanode-6/data/ratis] (custom)
2019-09-12 10:32:10,192 [pool-379-thread-1] INFO  storage.RaftStorageDirectory (RaftStorageDirectory.java:analyzeStorage(246)) - The storage directory /workdir/hadoop-ozone/integration-test/target/test-dir/MiniOzoneClusterImpl-39631bd2-f83c-4f24-acb2-4c1b273f2694/datanode-6/data/ratis/7c74422b-1e37-43a6-b7d9-a88a39d497ed does not exist. Creating ...
2019-09-12 10:32:10,205 [pool-379-thread-1] INFO  storage.RaftStorageDirectory (RaftStorageDirectory.java:tryLock(328)) - Lock on /workdir/hadoop-ozone/integration-test/target/test-dir/MiniOzoneClusterImpl-39631bd2-f83c-4f24-acb2-4c1b273f2694/datanode-6/data/ratis/7c74422b-1e37-43a6-b7d9-a88a39d497ed/in_use.lock acquired by nodename 1396@pr-hdds-1569-58hkm-1881083799
2019-09-12 10:32:10,217 [pool-379-thread-1] INFO  storage.RaftStorage (RaftStorage.java:format(72)) - Storage directory /workdir/hadoop-ozone/integration-test/target/test-dir/MiniOzoneClusterImpl-39631bd2-f83c-4f24-acb2-4c1b273f2694/datanode-6/data/ratis/7c74422b-1e37-43a6-b7d9-a88a39d497ed has been successfully formatted.
2019-09-12 10:32:10,218 [pool-379-thread-1] INFO  ratis.ContainerStateMachine (ContainerStateMachine.java:loadSnapshot(226)) - group-A88A39D497ED: The snapshot info is null. Setting the last applied indexto:(t:0, i:~)
2019-09-12 10:32:10,218 [pool-379-thread-1] INFO  server.RaftServerConfigKeys (ConfUtils.java:logGet(43)) - raft.server.leader.election.timeout = 120s (custom)
2019-09-12 10:32:10,218 [pool-379-thread-1] INFO  server.RaftServerConfigKeys (ConfUtils.java:logGet(43)) - raft.server.log.use.memory = false (default)
2019-09-12 10:32:10,218 [pool-379-thread-1] INFO  server.RaftServerConfigKeys (ConfUtils.java:logGet(43)) - raft.server.log.purge.gap = 1000000 (custom)
2019-09-12 10:32:10,218 [pool-379-thread-1] INFO  server.RaftServerConfigKeys (ConfUtils.java:logGet(43)) - raft.server.log.appender.buffer.byte-limit = 33554432 (custom)
2019-09-12 10:32:10,218 [pool-379-thread-1] INFO  server.RaftServerConfigKeys (ConfUtils.java:logGet(43)) - raft.server.log.segment.size.max = 1048576 (custom)
2019-09-12 10:32:10,218 [pool-379-thread-1] INFO  server.RaftServerConfigKeys (ConfUtils.java:logGet(43)) - raft.server.log.segment.cache.num.max = 2 (custom)
2019-09-12 10:32:10,218 [pool-379-thread-1] INFO  segmented.SegmentedRaftLogWorker (SegmentedRaftLogWorker.java:<init>(172)) - new 873ff125-9641-4674-9775-ec96c107c12e-SegmentedRaftLogWorker:Storage Directory /workdir/hadoop-ozone/integration-test/target/test-dir/MiniOzoneClusterImpl-39631bd2-f83c-4f24-acb2-4c1b273f2694/datanode-6/data/ratis/7c74422b-1e37-43a6-b7d9-a88a39d497ed for RaftStorage:Storage Directory /workdir/hadoop-ozone/integration-test/target/test-dir/MiniOzoneClusterImpl-39631bd2-f83c-4f24-acb2-4c1b273f2694/datanode-6/data/ratis/7c74422b-1e37-43a6-b7d9-a88a39d497ed
2019-09-12 10:32:10,219 [pool-379-thread-1] INFO  server.RaftServerConfigKeys (ConfUtils.java:logGet(43)) - raft.server.log.queue.byte-limit = 2147483647 (custom)
2019-09-12 10:32:10,219 [pool-379-thread-1] INFO  server.RaftServerConfigKeys (ConfUtils.java:logGet(43)) - raft.server.log.queue.element-limit = 1024 (custom)
2019-09-12 10:32:10,219 [pool-379-thread-1] INFO  server.RaftServerConfigKeys (ConfUtils.java:logGet(43)) - raft.server.log.segment.size.max = 1048576 (custom)
2019-09-12 10:32:10,219 [pool-379-thread-1] INFO  server.RaftServerConfigKeys (ConfUtils.java:logGet(43)) - raft.server.log.preallocated.size = 16384 (custom)
2019-09-12 10:32:10,219 [pool-379-thread-1] INFO  server.RaftServerConfigKeys (ConfUtils.java:logGet(43)) - raft.server.log.write.buffer.size = 33554432 (custom)
2019-09-12 10:32:10,219 [pool-379-thread-1] INFO  server.RaftServerConfigKeys (ConfUtils.java:logGet(43)) - raft.server.log.force.sync.num = 128 (default)
2019-09-12 10:32:10,219 [pool-379-thread-1] INFO  server.RaftServerConfigKeys (ConfUtils.java:logGet(43)) - raft.server.log.statemachine.data.sync = true (default)
2019-09-12 10:32:10,219 [pool-379-thread-1] INFO  server.RaftServerConfigKeys (ConfUtils.java:logGet(43)) - raft.server.log.statemachine.data.sync.timeout = 10s (default)
2019-09-12 10:32:10,220 [pool-379-thread-1] INFO  server.RaftServerConfigKeys (ConfUtils.java:logGet(43)) - raft.server.log.statemachine.data.sync.timeout.retry = -1 (default)
2019-09-12 10:32:10,220 [pool-379-thread-1] INFO  server.RaftServerConfigKeys (ConfUtils.java:logGet(43)) - raft.server.log.statemachine.data.caching.enabled = true (custom)
2019-09-12 10:32:10,220 [pool-379-thread-1] INFO  segmented.SegmentedRaftLogWorker (SegmentedRaftLogWorker.java:lambda$new$0(132)) - 873ff125-9641-4674-9775-ec96c107c12e-SegmentedRaftLogWorker:Storage Directory /workdir/hadoop-ozone/integration-test/target/test-dir/MiniOzoneClusterImpl-39631bd2-f83c-4f24-acb2-4c1b273f2694/datanode-6/data/ratis/7c74422b-1e37-43a6-b7d9-a88a39d497ed: flushIndex: setUnconditionally 0 -> -1
2019-09-12 10:32:10,221 [pool-379-thread-1] INFO  server.RaftServerConfigKeys (ConfUtils.java:logGet(43)) - raft.server.snapshot.auto.trigger.enabled = true (custom)
2019-09-12 10:32:10,221 [pool-379-thread-1] INFO  server.RaftServerConfigKeys (ConfUtils.java:logGet(43)) - raft.server.snapshot.auto.trigger.threshold = 10000 (custom)
2019-09-12 10:32:10,221 [pool-379-thread-1] INFO  server.RaftServerConfigKeys (ConfUtils.java:logGet(43)) - raft.server.retrycache.expirytime = 600000ms (custom)
2019-09-12 10:32:10,221 [pool-379-thread-1] INFO  impl.RaftServerImpl (RaftServerImpl.java:start(180)) - 873ff125-9641-4674-9775-ec96c107c12e: start group-A88A39D497ED
2019-09-12 10:32:10,221 [pool-379-thread-1] INFO  impl.RaftServerImpl (RaftServerImpl.java:setRole(171)) - 873ff125-9641-4674-9775-ec96c107c12e:group-A88A39D497ED changes role from null to FOLLOWER at term 0 for startAsFollower
2019-09-12 10:32:10,221 [pool-379-thread-1] INFO  impl.RoleInfo (RoleInfo.java:updateAndGet(143)) - 873ff125-9641-4674-9775-ec96c107c12e: start FollowerState
2019-09-12 10:32:10,222 [pool-379-thread-1] INFO  util.JmxRegister (JmxRegister.java:tryRegister(44)) - Successfully registered JMX Bean with object name Ratis:service=RaftServer,group=group-A88A39D497ED,id=873ff125-9641-4674-9775-ec96c107c12e
2019-09-12 10:32:10,224 [RatisPipelineUtilsThread] INFO  pipeline.PipelineStateManager (PipelineStateManager.java:addPipeline(56)) - Created pipeline Pipeline[ Id: 7c74422b-1e37-43a6-b7d9-a88a39d497ed, Nodes: 873ff125-9641-4674-9775-ec96c107c12e{ip: 192.168.36.114, host: pr-hdds-1569-58hkm-1881083799, networkLocation: /default-rack, certSerialId: null}, Type:RATIS, Factor:ONE, State:OPEN]
2019-09-12 10:32:10,225 [RatisPipelineUtilsThread] ERROR pipeline.PipelinePlacementPolicy (PipelinePlacementPolicy.java:meetCriteria(92)) - Pipeline Placement: Doesn't meet the criteria to be viable node. Heaviness: 6
2019-09-12 10:32:10,225 [RatisPipelineUtilsThread] ERROR pipeline.PipelinePlacementPolicy (PipelinePlacementPolicy.java:meetCriteria(92)) - Pipeline Placement: Doesn't meet the criteria to be viable node. Heaviness: 6
2019-09-12 10:32:10,225 [RatisPipelineUtilsThread] ERROR pipeline.PipelinePlacementPolicy (PipelinePlacementPolicy.java:meetCriteria(92)) - Pipeline Placement: Doesn't meet the criteria to be viable node. Heaviness: 6
2019-09-12 10:32:10,225 [RatisPipelineUtilsThread] ERROR pipeline.PipelinePlacementPolicy (PipelinePlacementPolicy.java:meetCriteria(92)) - Pipeline Placement: Doesn't meet the criteria to be viable node. Heaviness: 6
2019-09-12 10:32:10,225 [RatisPipelineUtilsThread] ERROR pipeline.PipelinePlacementPolicy (PipelinePlacementPolicy.java:meetCriteria(92)) - Pipeline Placement: Doesn't meet the criteria to be viable node. Heaviness: 6
2019-09-12 10:32:10,225 [RatisPipelineUtilsThread] ERROR pipeline.PipelinePlacementPolicy (PipelinePlacementPolicy.java:meetCriteria(92)) - Pipeline Placement: Doesn't meet the criteria to be viable node. Heaviness: 6
2019-09-12 10:32:10,230 [grpc-default-executor-1] INFO  impl.RaftServerProxy (RaftServerProxy.java:addNew(89)) - 873ff125-9641-4674-9775-ec96c107c12e: addNew group-D44E87F63E4C:[873ff125-9641-4674-9775-ec96c107c12e:192.168.36.114:35238] returns group-D44E87F63E4C:java.util.concurrent.CompletableFuture@3c165ba8[Not completed]
2019-09-12 10:32:10,231 [pool-379-thread-1] INFO  impl.RaftServerImpl (RaftServerImpl.java:<init>(93)) - 873ff125-9641-4674-9775-ec96c107c12e: new RaftServerImpl for group-D44E87F63E4C:[873ff125-9641-4674-9775-ec96c107c12e:192.168.36.114:35238] with ContainerStateMachine:uninitialized
2019-09-12 10:32:10,231 [pool-379-thread-1] INFO  server.RaftServerConfigKeys (ConfUtils.java:logGet(43)) - raft.server.rpc.timeout.min = 5s (custom)
2019-09-12 10:32:10,232 [pool-379-thread-1] INFO  server.RaftServerConfigKeys (ConfUtils.java:logGet(43)) - raft.server.rpc.timeout.max = 5200ms (custom)
2019-09-12 10:32:10,232 [pool-379-thread-1] INFO  server.RaftServerConfigKeys (ConfUtils.java:logGet(43)) - raft.server.rpcslowness.timeout = 120s (custom)
2019-09-12 10:32:10,232 [pool-379-thread-1] INFO  server.RaftServerConfigKeys (ConfUtils.java:logGet(43)) - raft.server.sleep.deviation.threshold = 300 (default)
2019-09-12 10:32:10,232 [pool-379-thread-1] INFO  server.RaftServerConfigKeys (ConfUtils.java:logGet(43)) - raft.server.log.appender.install.snapshot.enabled = false (custom)
2019-09-12 10:32:10,232 [pool-379-thread-1] INFO  impl.RaftServerImpl (ServerState.java:<init>(105)) - 873ff125-9641-4674-9775-ec96c107c12e:group-D44E87F63E4C ConfigurationManager, init=-1: [873ff125-9641-4674-9775-ec96c107c12e:192.168.36.114:35238], old=null, confs=<EMPTY_MAP>
2019-09-12 10:32:10,232 [pool-379-thread-1] INFO  server.RaftServerConfigKeys (ConfUtils.java:logGet(43)) - raft.server.storage.dir = [/workdir/hadoop-ozone/integration-test/target/test-dir/MiniOzoneClusterImpl-39631bd2-f83c-4f24-acb2-4c1b273f2694/datanode-6/data/ratis] (custom)
2019-09-12 10:32:10,233 [pool-379-thread-1] INFO  storage.RaftStorageDirectory (RaftStorageDirectory.java:analyzeStorage(246)) - The storage directory /workdir/hadoop-ozone/integration-test/target/test-dir/MiniOzoneClusterImpl-39631bd2-f83c-4f24-acb2-4c1b273f2694/datanode-6/data/ratis/2c4979ac-abb4-4ed2-bb41-d44e87f63e4c does not exist. Creating ...
2019-09-12 10:32:10,246 [pool-379-thread-1] INFO  storage.RaftStorageDirectory (RaftStorageDirectory.java:tryLock(328)) - Lock on /workdir/hadoop-ozone/integration-test/target/test-dir/MiniOzoneClusterImpl-39631bd2-f83c-4f24-acb2-4c1b273f2694/datanode-6/data/ratis/2c4979ac-abb4-4ed2-bb41-d44e87f63e4c/in_use.lock acquired by nodename 1396@pr-hdds-1569-58hkm-1881083799
2019-09-12 10:32:10,259 [pool-379-thread-1] INFO  storage.RaftStorage (RaftStorage.java:format(72)) - Storage directory /workdir/hadoop-ozone/integration-test/target/test-dir/MiniOzoneClusterImpl-39631bd2-f83c-4f24-acb2-4c1b273f2694/datanode-6/data/ratis/2c4979ac-abb4-4ed2-bb41-d44e87f63e4c has been successfully formatted.
2019-09-12 10:32:10,259 [pool-379-thread-1] INFO  ratis.ContainerStateMachine (ContainerStateMachine.java:loadSnapshot(226)) - group-D44E87F63E4C: The snapshot info is null. Setting the last applied indexto:(t:0, i:~)
2019-09-12 10:32:10,259 [pool-379-thread-1] INFO  server.RaftServerConfigKeys (ConfUtils.java:logGet(43)) - raft.server.leader.election.timeout = 120s (custom)
2019-09-12 10:32:10,259 [pool-379-thread-1] INFO  server.RaftServerConfigKeys (ConfUtils.java:logGet(43)) - raft.server.log.use.memory = false (default)
2019-09-12 10:32:10,260 [pool-379-thread-1] INFO  server.RaftServerConfigKeys (ConfUtils.java:logGet(43)) - raft.server.log.purge.gap = 1000000 (custom)
2019-09-12 10:32:10,260 [pool-379-thread-1] INFO  server.RaftServerConfigKeys (ConfUtils.java:logGet(43)) - raft.server.log.appender.buffer.byte-limit = 33554432 (custom)
2019-09-12 10:32:10,260 [pool-379-thread-1] INFO  server.RaftServerConfigKeys (ConfUtils.java:logGet(43)) - raft.server.log.segment.size.max = 1048576 (custom)
2019-09-12 10:32:10,260 [pool-379-thread-1] INFO  server.RaftServerConfigKeys (ConfUtils.java:logGet(43)) - raft.server.log.segment.cache.num.max = 2 (custom)
2019-09-12 10:32:10,260 [pool-379-thread-1] INFO  segmented.SegmentedRaftLogWorker (SegmentedRaftLogWorker.java:<init>(172)) - new 873ff125-9641-4674-9775-ec96c107c12e-SegmentedRaftLogWorker:Storage Directory /workdir/hadoop-ozone/integration-test/target/test-dir/MiniOzoneClusterImpl-39631bd2-f83c-4f24-acb2-4c1b273f2694/datanode-6/data/ratis/2c4979ac-abb4-4ed2-bb41-d44e87f63e4c for RaftStorage:Storage Directory /workdir/hadoop-ozone/integration-test/target/test-dir/MiniOzoneClusterImpl-39631bd2-f83c-4f24-acb2-4c1b273f2694/datanode-6/data/ratis/2c4979ac-abb4-4ed2-bb41-d44e87f63e4c
2019-09-12 10:32:10,260 [pool-379-thread-1] INFO  server.RaftServerConfigKeys (ConfUtils.java:logGet(43)) - raft.server.log.queue.byte-limit = 2147483647 (custom)
2019-09-12 10:32:10,260 [pool-379-thread-1] INFO  server.RaftServerConfigKeys (ConfUtils.java:logGet(43)) - raft.server.log.queue.element-limit = 1024 (custom)
2019-09-12 10:32:10,261 [pool-379-thread-1] INFO  server.RaftServerConfigKeys (ConfUtils.java:logGet(43)) - raft.server.log.segment.size.max = 1048576 (custom)
2019-09-12 10:32:10,261 [pool-379-thread-1] INFO  server.RaftServerConfigKeys (ConfUtils.java:logGet(43)) - raft.server.log.preallocated.size = 16384 (custom)
2019-09-12 10:32:10,261 [pool-379-thread-1] INFO  server.RaftServerConfigKeys (ConfUtils.java:logGet(43)) - raft.server.log.write.buffer.size = 33554432 (custom)
2019-09-12 10:32:10,261 [pool-379-thread-1] INFO  server.RaftServerConfigKeys (ConfUtils.java:logGet(43)) - raft.server.log.force.sync.num = 128 (default)
2019-09-12 10:32:10,261 [pool-379-thread-1] INFO  server.RaftServerConfigKeys (ConfUtils.java:logGet(43)) - raft.server.log.statemachine.data.sync = true (default)
2019-09-12 10:32:10,261 [pool-379-thread-1] INFO  server.RaftServerConfigKeys (ConfUtils.java:logGet(43)) - raft.server.log.statemachine.data.sync.timeout = 10s (default)
2019-09-12 10:32:10,261 [pool-379-thread-1] INFO  server.RaftServerConfigKeys (ConfUtils.java:logGet(43)) - raft.server.log.statemachine.data.sync.timeout.retry = -1 (default)
2019-09-12 10:32:10,262 [pool-379-thread-1] INFO  server.RaftServerConfigKeys (ConfUtils.java:logGet(43)) - raft.server.log.statemachine.data.caching.enabled = true (custom)
2019-09-12 10:32:10,262 [pool-379-thread-1] INFO  segmented.SegmentedRaftLogWorker (SegmentedRaftLogWorker.java:lambda$new$0(132)) - 873ff125-9641-4674-9775-ec96c107c12e-SegmentedRaftLogWorker:Storage Directory /workdir/hadoop-ozone/integration-test/target/test-dir/MiniOzoneClusterImpl-39631bd2-f83c-4f24-acb2-4c1b273f2694/datanode-6/data/ratis/2c4979ac-abb4-4ed2-bb41-d44e87f63e4c: flushIndex: setUnconditionally 0 -> -1
2019-09-12 10:32:10,262 [pool-379-thread-1] INFO  server.RaftServerConfigKeys (ConfUtils.java:logGet(43)) - raft.server.snapshot.auto.trigger.enabled = true (custom)
2019-09-12 10:32:10,262 [pool-379-thread-1] INFO  server.RaftServerConfigKeys (ConfUtils.java:logGet(43)) - raft.server.snapshot.auto.trigger.threshold = 10000 (custom)
2019-09-12 10:32:10,263 [pool-379-thread-1] INFO  server.RaftServerConfigKeys (ConfUtils.java:logGet(43)) - raft.server.retrycache.expirytime = 600000ms (custom)
2019-09-12 10:32:10,263 [pool-379-thread-1] INFO  impl.RaftServerImpl (RaftServerImpl.java:start(180)) - 873ff125-9641-4674-9775-ec96c107c12e: start group-D44E87F63E4C
2019-09-12 10:32:10,263 [pool-379-thread-1] INFO  impl.RaftServerImpl (RaftServerImpl.java:setRole(171)) - 873ff125-9641-4674-9775-ec96c107c12e:group-D44E87F63E4C changes role from null to FOLLOWER at term 0 for startAsFollower
2019-09-12 10:32:10,263 [pool-379-thread-1] INFO  impl.RoleInfo (RoleInfo.java:updateAndGet(143)) - 873ff125-9641-4674-9775-ec96c107c12e: start FollowerState
2019-09-12 10:32:10,263 [pool-379-thread-1] INFO  util.JmxRegister (JmxRegister.java:tryRegister(44)) - Successfully registered JMX Bean with object name Ratis:service=RaftServer,group=group-D44E87F63E4C,id=873ff125-9641-4674-9775-ec96c107c12e
2019-09-12 10:32:10,267 [RatisPipelineUtilsThread] INFO  pipeline.PipelineStateManager (PipelineStateManager.java:addPipeline(56)) - Created pipeline Pipeline[ Id: 2c4979ac-abb4-4ed2-bb41-d44e87f63e4c, Nodes: 873ff125-9641-4674-9775-ec96c107c12e{ip: 192.168.36.114, host: pr-hdds-1569-58hkm-1881083799, networkLocation: /default-rack, certSerialId: null}, Type:RATIS, Factor:ONE, State:OPEN]
2019-09-12 10:32:10,267 [RatisPipelineUtilsThread] ERROR pipeline.PipelinePlacementPolicy (PipelinePlacementPolicy.java:meetCriteria(92)) - Pipeline Placement: Doesn't meet the criteria to be viable node. Heaviness: 6
2019-09-12 10:32:10,267 [RatisPipelineUtilsThread] ERROR pipeline.PipelinePlacementPolicy (PipelinePlacementPolicy.java:meetCriteria(92)) - Pipeline Placement: Doesn't meet the criteria to be viable node. Heaviness: 6
2019-09-12 10:32:10,267 [RatisPipelineUtilsThread] ERROR pipeline.PipelinePlacementPolicy (PipelinePlacementPolicy.java:meetCriteria(92)) - Pipeline Placement: Doesn't meet the criteria to be viable node. Heaviness: 6
2019-09-12 10:32:10,268 [RatisPipelineUtilsThread] ERROR pipeline.PipelinePlacementPolicy (PipelinePlacementPolicy.java:meetCriteria(92)) - Pipeline Placement: Doesn't meet the criteria to be viable node. Heaviness: 6
2019-09-12 10:32:10,268 [RatisPipelineUtilsThread] ERROR pipeline.PipelinePlacementPolicy (PipelinePlacementPolicy.java:meetCriteria(92)) - Pipeline Placement: Doesn't meet the criteria to be viable node. Heaviness: 6
2019-09-12 10:32:10,268 [RatisPipelineUtilsThread] ERROR pipeline.PipelinePlacementPolicy (PipelinePlacementPolicy.java:meetCriteria(92)) - Pipeline Placement: Doesn't meet the criteria to be viable node. Heaviness: 6
2019-09-12 10:32:10,268 [RatisPipelineUtilsThread] ERROR pipeline.PipelinePlacementPolicy (PipelinePlacementPolicy.java:meetCriteria(92)) - Pipeline Placement: Doesn't meet the criteria to be viable node. Heaviness: 6
2019-09-12 10:32:10,268 [RatisPipelineUtilsThread] ERROR pipeline.PipelinePlacementPolicy (PipelinePlacementPolicy.java:filterViableNodes(147)) - Unable to find enough nodes that meet the criteria that cannot engage in more than 5 pipelines. Nodes required: 1 Found: 0, healthy nodes count inNodeManager: 7.
2019-09-12 10:32:10,269 [RatisPipelineUtilsThread] ERROR pipeline.SCMPipelineManager (SCMPipelineManager.java:createPipeline(161)) - Pipeline creation failed due to exception: Unable to find enough nodes that meet the criteria that cannot engage in more than 5 pipelines. Nodes required: 1 Found: 0, healthy nodes count inNodeManager: 7.
2019-09-12 10:32:10,269 [RatisPipelineUtilsThread] ERROR pipeline.PipelinePlacementPolicy (PipelinePlacementPolicy.java:meetCriteria(92)) - Pipeline Placement: Doesn't meet the criteria to be viable node. Heaviness: 6
2019-09-12 10:32:10,269 [RatisPipelineUtilsThread] ERROR pipeline.PipelinePlacementPolicy (PipelinePlacementPolicy.java:meetCriteria(92)) - Pipeline Placement: Doesn't meet the criteria to be viable node. Heaviness: 6
2019-09-12 10:32:10,269 [RatisPipelineUtilsThread] ERROR pipeline.PipelinePlacementPolicy (PipelinePlacementPolicy.java:meetCriteria(92)) - Pipeline Placement: Doesn't meet the criteria to be viable node. Heaviness: 6
2019-09-12 10:32:10,269 [RatisPipelineUtilsThread] ERROR pipeline.PipelinePlacementPolicy (PipelinePlacementPolicy.java:meetCriteria(92)) - Pipeline Placement: Doesn't meet the criteria to be viable node. Heaviness: 6
2019-09-12 10:32:10,270 [RatisPipelineUtilsThread] ERROR pipeline.PipelinePlacementPolicy (PipelinePlacementPolicy.java:meetCriteria(92)) - Pipeline Placement: Doesn't meet the criteria to be viable node. Heaviness: 6
2019-09-12 10:32:10,270 [RatisPipelineUtilsThread] ERROR pipeline.PipelinePlacementPolicy (PipelinePlacementPolicy.java:meetCriteria(92)) - Pipeline Placement: Doesn't meet the criteria to be viable node. Heaviness: 6
2019-09-12 10:32:10,270 [RatisPipelineUtilsThread] ERROR pipeline.PipelinePlacementPolicy (PipelinePlacementPolicy.java:meetCriteria(92)) - Pipeline Placement: Doesn't meet the criteria to be viable node. Heaviness: 6
2019-09-12 10:32:10,270 [RatisPipelineUtilsThread] ERROR pipeline.PipelinePlacementPolicy (PipelinePlacementPolicy.java:filterViableNodes(147)) - Unable to find enough nodes that meet the criteria that cannot engage in more than 5 pipelines. Nodes required: 3 Found: 0, healthy nodes count inNodeManager: 7.
2019-09-12 10:32:10,270 [RatisPipelineUtilsThread] ERROR pipeline.SCMPipelineManager (SCMPipelineManager.java:createPipeline(161)) - Pipeline creation failed due to exception: Unable to find enough nodes that meet the criteria that cannot engage in more than 5 pipelines. Nodes required: 3 Found: 0, healthy nodes count inNodeManager: 7.
2019-09-12 10:32:10,647 | INFO  | SCMAudit | user=jenkins1000 | ip=192.168.36.114 | op=SEND_HEARTBEAT {datanodeUUID=2df0b56f-bcaf-45a1-b35e-f30a30c5f26c, command=[]} | ret=SUCCESS |  
2019-09-12 10:32:10,712 | INFO  | SCMAudit | user=jenkins1000 | ip=192.168.36.114 | op=SEND_HEARTBEAT {datanodeUUID=a95fd1d5-e9a9-4526-b4c7-6aa1a85e40e9, command=[]} | ret=SUCCESS |  
2019-09-12 10:32:10,838 | INFO  | SCMAudit | user=jenkins1000 | ip=192.168.36.114 | op=SEND_HEARTBEAT {datanodeUUID=5dd0cd62-5770-41dd-9e5a-f3f3eedc40c1, command=[]} | ret=SUCCESS |  
2019-09-12 10:32:10,839 | INFO  | SCMAudit | user=jenkins1000 | ip=192.168.36.114 | op=SEND_HEARTBEAT {datanodeUUID=eaeff1e2-de9c-4510-872d-283eb6c3c330, command=[]} | ret=SUCCESS |  
2019-09-12 10:32:10,839 | INFO  | SCMAudit | user=jenkins1000 | ip=192.168.36.114 | op=SEND_HEARTBEAT {datanodeUUID=22ce2f4b-d517-44cf-8041-712d813e08f3, command=[]} | ret=SUCCESS |  
2019-09-12 10:32:10,839 | INFO  | SCMAudit | user=jenkins1000 | ip=192.168.36.114 | op=SEND_HEARTBEAT {datanodeUUID=f17b4253-95a0-4ee6-8ded-88f070f15b33, command=[]} | ret=SUCCESS |  
2019-09-12 10:32:10,839 | INFO  | SCMAudit | user=jenkins1000 | ip=192.168.36.114 | op=SEND_HEARTBEAT {datanodeUUID=d40ec8ee-ac9e-41d6-86bd-e74a05605b85, command=[]} | ret=SUCCESS |  
2019-09-12 10:32:10,839 | INFO  | SCMAudit | user=jenkins1000 | ip=192.168.36.114 | op=SEND_HEARTBEAT {datanodeUUID=bcda0514-d42e-47ca-96fd-c0a633e872a8, command=[]} | ret=SUCCESS |  
2019-09-12 10:32:10,840 | INFO  | SCMAudit | user=jenkins1000 | ip=192.168.36.114 | op=SEND_HEARTBEAT {datanodeUUID=b6dd7c38-f675-445e-811b-15cf17d56c0a, command=[]} | ret=SUCCESS |  
2019-09-12 10:32:10,840 | INFO  | SCMAudit | user=jenkins1000 | ip=192.168.36.114 | op=SEND_HEARTBEAT {datanodeUUID=c1e71898-521f-4627-a3f1-9884c4b96ced, command=[]} | ret=SUCCESS |  
2019-09-12 10:32:10,840 | INFO  | SCMAudit | user=jenkins1000 | ip=192.168.36.114 | op=SEND_HEARTBEAT {datanodeUUID=1349d5ba-07d4-450a-9218-4f0361201438, command=[]} | ret=SUCCESS |  
2019-09-12 10:32:10,842 | INFO  | SCMAudit | user=jenkins1000 | ip=192.168.36.114 | op=SEND_HEARTBEAT {datanodeUUID=caccd92c-2544-4e02-86cf-95849f240c1b, command=[]} | ret=SUCCESS |  
2019-09-12 10:32:10,933 | INFO  | SCMAudit | user=jenkins1000 | ip=192.168.36.114 | op=SEND_HEARTBEAT {datanodeUUID=2cb9d557-cb56-4745-8686-5e72b62e748a, command=[]} | ret=SUCCESS |  
2019-09-12 10:32:10,933 | INFO  | SCMAudit | user=jenkins1000 | ip=192.168.36.114 | op=SEND_HEARTBEAT {datanodeUUID=334c5273-7871-4d53-8b37-de05e5a3be10, command=[]} | ret=SUCCESS |  
2019-09-12 10:32:10,933 | INFO  | SCMAudit | user=jenkins1000 | ip=192.168.36.114 | op=SEND_HEARTBEAT {datanodeUUID=c54af6f8-a22e-478f-90e1-029d14059a99, command=[]} | ret=SUCCESS |  
2019-09-12 10:32:10,934 | INFO  | SCMAudit | user=jenkins1000 | ip=192.168.36.114 | op=SEND_HEARTBEAT {datanodeUUID=ff438662-24cf-49bb-bfc5-3308ec6d286b, command=[]} | ret=SUCCESS |  
2019-09-12 10:32:10,934 | INFO  | SCMAudit | user=jenkins1000 | ip=192.168.36.114 | op=SEND_HEARTBEAT {datanodeUUID=d9d65fd8-d100-497d-8460-9a4cf62b4ad5, command=[]} | ret=SUCCESS |  
2019-09-12 10:32:10,934 | INFO  | SCMAudit | user=jenkins1000 | ip=192.168.36.114 | op=SEND_HEARTBEAT {datanodeUUID=2d50b591-d6e4-490f-9fa0-973ad5423bd7, command=[]} | ret=SUCCESS |  
2019-09-12 10:32:10,935 | INFO  | SCMAudit | user=jenkins1000 | ip=192.168.36.114 | op=SEND_HEARTBEAT {datanodeUUID=accf000b-d7b7-4fa5-9682-da82c4451e10, command=[]} | ret=SUCCESS |  
2019-09-12 10:32:10,935 | INFO  | SCMAudit | user=jenkins1000 | ip=192.168.36.114 | op=SEND_HEARTBEAT {datanodeUUID=ad8ae342-df06-4311-9d84-524877c98111, command=[]} | ret=SUCCESS |  
2019-09-12 10:32:10,936 | INFO  | SCMAudit | user=jenkins1000 | ip=192.168.36.114 | op=SEND_HEARTBEAT {datanodeUUID=9616c881-dbb1-48da-90dd-a872ed779a2e, command=[]} | ret=SUCCESS |  
2019-09-12 10:32:10,936 | INFO  | SCMAudit | user=jenkins1000 | ip=192.168.36.114 | op=SEND_HEARTBEAT {datanodeUUID=39df7a3f-9691-48d4-a2b1-6888489a5f8a, command=[]} | ret=SUCCESS |  
2019-09-12 10:32:10,937 | INFO  | SCMAudit | user=jenkins1000 | ip=192.168.36.114 | op=SEND_HEARTBEAT {datanodeUUID=c9031a36-5f7c-4098-8bea-8a46141708a6, command=[]} | ret=SUCCESS |  
2019-09-12 10:32:10,974 [main] INFO  ozone.MiniOzoneClusterImpl (MiniOzoneClusterImpl.java:lambda$waitForClusterToBeReady$0(142)) - Cluster is ready. Got 7 of 7 DN Heartbeats.
2019-09-12 10:32:11,042 | INFO  | SCMAudit | user=jenkins1000 | ip=192.168.36.114 | op=SEND_HEARTBEAT {datanodeUUID=edb6c4a3-9bf1-4f2e-8ef0-c37d9a0378de, command=[]} | ret=SUCCESS |  
2019-09-12 10:32:11,077 [main] INFO  rpc.RpcClient (RpcClient.java:createVolume(293)) - Creating Volume: watchforcommithandlingtest, with jenkins1000 as owner.
2019-09-12 10:32:11,079 | INFO  | OMAudit | user=jenkins1000 | ip=127.0.0.1 | op=CREATE_VOLUME {admin=jenkins1000, owner=jenkins1000, volume=watchforcommithandlingtest, creationTime=1568284331078, quotaInBytes=1152921504606846976} | ret=SUCCESS |  
2019-09-12 10:32:11,088 | INFO  | SCMAudit | user=jenkins1000 | ip=192.168.36.114 | op=SEND_HEARTBEAT {datanodeUUID=57729e88-c64a-441d-a40e-ceaddf64552e, command=[]} | ret=SUCCESS |  
2019-09-12 10:32:11,123 | INFO  | OMAudit | user=jenkins1000 | ip=127.0.0.1 | op=READ_VOLUME {volume=watchforcommithandlingtest} | ret=SUCCESS |  
2019-09-12 10:32:11,124 [main] INFO  rpc.RpcClient (RpcClient.java:createBucket(432)) - Creating Bucket: watchforcommithandlingtest/watchforcommithandlingtest, with Versioning false and Storage Type set to DISK and Encryption set to false 
2019-09-12 10:32:11,138 | INFO  | SCMAudit | user=jenkins1000 | ip=192.168.36.114 | op=SEND_HEARTBEAT {datanodeUUID=f85b420b-0060-4bb9-9f68-598eed9b442f, command=[]} | ret=SUCCESS |  
2019-09-12 10:32:11,139 | INFO  | OMAudit | user=jenkins1000 | ip=127.0.0.1 | op=CREATE_BUCKET {volume=watchforcommithandlingtest, bucket=watchforcommithandlingtest, acls=[user:jenkins1000:a[ACCESS], group:default:a[ACCESS]], isVersionEnabled=false, storageType=DISK, creationTime=0} | ret=SUCCESS |  
2019-09-12 10:32:11,139 [main] INFO  ozone.MiniOzoneClusterImpl (MiniOzoneClusterImpl.java:getStorageContainerLocationClient(241)) - Creating StorageContainerLocationProtocol RPC client with address /0.0.0.0:40984
2019-09-12 10:32:11,145 [IPC Server handler 17 on 40984] ERROR pipeline.PipelinePlacementPolicy (PipelinePlacementPolicy.java:meetCriteria(92)) - Pipeline Placement: Doesn't meet the criteria to be viable node. Heaviness: 6
2019-09-12 10:32:11,146 [IPC Server handler 17 on 40984] ERROR pipeline.PipelinePlacementPolicy (PipelinePlacementPolicy.java:meetCriteria(92)) - Pipeline Placement: Doesn't meet the criteria to be viable node. Heaviness: 6
2019-09-12 10:32:11,146 [IPC Server handler 17 on 40984] ERROR pipeline.PipelinePlacementPolicy (PipelinePlacementPolicy.java:meetCriteria(92)) - Pipeline Placement: Doesn't meet the criteria to be viable node. Heaviness: 6
2019-09-12 10:32:11,146 [IPC Server handler 17 on 40984] ERROR pipeline.PipelinePlacementPolicy (PipelinePlacementPolicy.java:meetCriteria(92)) - Pipeline Placement: Doesn't meet the criteria to be viable node. Heaviness: 6
2019-09-12 10:32:11,146 [IPC Server handler 17 on 40984] ERROR pipeline.PipelinePlacementPolicy (PipelinePlacementPolicy.java:meetCriteria(92)) - Pipeline Placement: Doesn't meet the criteria to be viable node. Heaviness: 6
2019-09-12 10:32:11,146 [IPC Server handler 17 on 40984] ERROR pipeline.PipelinePlacementPolicy (PipelinePlacementPolicy.java:meetCriteria(92)) - Pipeline Placement: Doesn't meet the criteria to be viable node. Heaviness: 6
2019-09-12 10:32:11,146 [IPC Server handler 17 on 40984] ERROR pipeline.PipelinePlacementPolicy (PipelinePlacementPolicy.java:meetCriteria(92)) - Pipeline Placement: Doesn't meet the criteria to be viable node. Heaviness: 6
2019-09-12 10:32:11,146 [IPC Server handler 17 on 40984] ERROR pipeline.PipelinePlacementPolicy (PipelinePlacementPolicy.java:filterViableNodes(147)) - Unable to find enough nodes that meet the criteria that cannot engage in more than 5 pipelines. Nodes required: 3 Found: 0, healthy nodes count inNodeManager: 7.
2019-09-12 10:32:11,146 [IPC Server handler 17 on 40984] ERROR pipeline.SCMPipelineManager (SCMPipelineManager.java:createPipeline(161)) - Pipeline creation failed due to exception: Unable to find enough nodes that meet the criteria that cannot engage in more than 5 pipelines. Nodes required: 3 Found: 0, healthy nodes count inNodeManager: 7.
2019-09-12 10:32:11,169 [IPC Server handler 17 on 40984] INFO  ipc.Server (Server.java:logException(2726)) - IPC Server handler 17 on 40984, call Call#824 Retry#0 org.apache.hadoop.hdds.scm.protocol.StorageContainerLocationProtocol.allocateContainer from 192.168.36.114:45500
java.io.IOException: Could not allocate container. Cannot get any matching pipeline for Type:RATIS, Factor:THREE, State:PipelineState.OPEN
	at org.apache.hadoop.hdds.scm.container.ContainerStateManager.allocateContainer(ContainerStateManager.java:260)
	at org.apache.hadoop.hdds.scm.container.SCMContainerManager.allocateContainer(SCMContainerManager.java:247)
	at org.apache.hadoop.hdds.scm.server.SCMClientProtocolServer.allocateContainer(SCMClientProtocolServer.java:186)
	at org.apache.hadoop.ozone.protocolPB.StorageContainerLocationProtocolServerSideTranslatorPB.allocateContainer(StorageContainerLocationProtocolServerSideTranslatorPB.java:115)
	at org.apache.hadoop.hdds.protocol.proto.StorageContainerLocationProtocolProtos$StorageContainerLocationProtocolService$2.callBlockingMethod(StorageContainerLocationProtocolProtos.java:19079)
	at org.apache.hadoop.ipc.ProtobufRpcEngine$Server$ProtoBufRpcInvoker.call(ProtobufRpcEngine.java:524)
	at org.apache.hadoop.ipc.RPC$Server.call(RPC.java:1025)
	at org.apache.hadoop.ipc.Server$RpcCall.run(Server.java:876)
	at org.apache.hadoop.ipc.Server$RpcCall.run(Server.java:822)
	at java.security.AccessController.doPrivileged(Native Method)
	at javax.security.auth.Subject.doAs(Subject.java:422)
	at org.apache.hadoop.security.UserGroupInformation.doAs(UserGroupInformation.java:1730)
	at org.apache.hadoop.ipc.Server$Handler.run(Server.java:2682)
]]></system-out>
    <system-err><![CDATA[Sep 12, 2019 10:32:02 AM com.sun.jersey.server.impl.application.WebApplicationImpl _initiate
INFO: Initiating Jersey application, version 'Jersey: 1.19 02/11/2015 03:25 AM'
Sep 12, 2019 10:32:02 AM com.sun.jersey.server.impl.application.WebApplicationImpl _initiate
INFO: Initiating Jersey application, version 'Jersey: 1.19 02/11/2015 03:25 AM'
Sep 12, 2019 10:32:03 AM com.sun.jersey.server.impl.application.WebApplicationImpl _initiate
INFO: Initiating Jersey application, version 'Jersey: 1.19 02/11/2015 03:25 AM'
Sep 12, 2019 10:32:04 AM com.sun.jersey.server.impl.application.WebApplicationImpl _initiate
INFO: Initiating Jersey application, version 'Jersey: 1.19 02/11/2015 03:25 AM'
Sep 12, 2019 10:32:04 AM com.sun.jersey.server.impl.application.WebApplicationImpl _initiate
INFO: Initiating Jersey application, version 'Jersey: 1.19 02/11/2015 03:25 AM'
Sep 12, 2019 10:32:05 AM com.sun.jersey.server.impl.application.WebApplicationImpl _initiate
INFO: Initiating Jersey application, version 'Jersey: 1.19 02/11/2015 03:25 AM'
Sep 12, 2019 10:32:05 AM com.sun.jersey.server.impl.application.WebApplicationImpl _initiate
INFO: Initiating Jersey application, version 'Jersey: 1.19 02/11/2015 03:25 AM'
]]></system-err>
  </testcase>
  <testcase name="test2WayCommitForTimeoutException" classname="org.apache.hadoop.ozone.client.rpc.TestWatchForCommit" time="25.723">
    <error message="Could not allocate container. Cannot get any matching pipeline for Type:RATIS, Factor:THREE, State:PipelineState.OPEN&#10;	at org.apache.hadoop.hdds.scm.container.ContainerStateManager.allocateContainer(ContainerStateManager.java:260)&#10;	at org.apache.hadoop.hdds.scm.container.SCMContainerManager.allocateContainer(SCMContainerManager.java:247)&#10;	at org.apache.hadoop.hdds.scm.server.SCMClientProtocolServer.allocateContainer(SCMClientProtocolServer.java:186)&#10;	at org.apache.hadoop.ozone.protocolPB.StorageContainerLocationProtocolServerSideTranslatorPB.allocateContainer(StorageContainerLocationProtocolServerSideTranslatorPB.java:115)&#10;	at org.apache.hadoop.hdds.protocol.proto.StorageContainerLocationProtocolProtos$StorageContainerLocationProtocolService$2.callBlockingMethod(StorageContainerLocationProtocolProtos.java:19079)&#10;	at org.apache.hadoop.ipc.ProtobufRpcEngine$Server$ProtoBufRpcInvoker.call(ProtobufRpcEngine.java:524)&#10;	at org.apache.hadoop.ipc.RPC$Server.call(RPC.java:1025)&#10;	at org.apache.hadoop.ipc.Server$RpcCall.run(Server.java:876)&#10;	at org.apache.hadoop.ipc.Server$RpcCall.run(Server.java:822)&#10;	at java.security.AccessController.doPrivileged(Native Method)&#10;	at javax.security.auth.Subject.doAs(Subject.java:422)&#10;	at org.apache.hadoop.security.UserGroupInformation.doAs(UserGroupInformation.java:1730)&#10;	at org.apache.hadoop.ipc.Server$Handler.run(Server.java:2682)&#10;" type="org.apache.hadoop.ipc.RemoteException(java.io.IOException)">org.apache.hadoop.ipc.RemoteException(java.io.IOException): Could not allocate container. Cannot get any matching pipeline for Type:RATIS, Factor:THREE, State:PipelineState.OPEN
	at org.apache.hadoop.hdds.scm.container.ContainerStateManager.allocateContainer(ContainerStateManager.java:260)
	at org.apache.hadoop.hdds.scm.container.SCMContainerManager.allocateContainer(SCMContainerManager.java:247)
	at org.apache.hadoop.hdds.scm.server.SCMClientProtocolServer.allocateContainer(SCMClientProtocolServer.java:186)
	at org.apache.hadoop.ozone.protocolPB.StorageContainerLocationProtocolServerSideTranslatorPB.allocateContainer(StorageContainerLocationProtocolServerSideTranslatorPB.java:115)
	at org.apache.hadoop.hdds.protocol.proto.StorageContainerLocationProtocolProtos$StorageContainerLocationProtocolService$2.callBlockingMethod(StorageContainerLocationProtocolProtos.java:19079)
	at org.apache.hadoop.ipc.ProtobufRpcEngine$Server$ProtoBufRpcInvoker.call(ProtobufRpcEngine.java:524)
	at org.apache.hadoop.ipc.RPC$Server.call(RPC.java:1025)
	at org.apache.hadoop.ipc.Server$RpcCall.run(Server.java:876)
	at org.apache.hadoop.ipc.Server$RpcCall.run(Server.java:822)
	at java.security.AccessController.doPrivileged(Native Method)
	at javax.security.auth.Subject.doAs(Subject.java:422)
	at org.apache.hadoop.security.UserGroupInformation.doAs(UserGroupInformation.java:1730)
	at org.apache.hadoop.ipc.Server$Handler.run(Server.java:2682)

	at org.apache.hadoop.ipc.Client.getRpcResponse(Client.java:1511)
	at org.apache.hadoop.ipc.Client.call(Client.java:1457)
	at org.apache.hadoop.ipc.Client.call(Client.java:1367)
	at org.apache.hadoop.ipc.ProtobufRpcEngine$Invoker.invoke(ProtobufRpcEngine.java:228)
	at org.apache.hadoop.ipc.ProtobufRpcEngine$Invoker.invoke(ProtobufRpcEngine.java:116)
	at com.sun.proxy.$Proxy34.allocateContainer(Unknown Source)
	at org.apache.hadoop.hdds.scm.protocolPB.StorageContainerLocationProtocolClientSideTranslatorPB.allocateContainer(StorageContainerLocationProtocolClientSideTranslatorPB.java:125)
	at org.apache.hadoop.ozone.client.rpc.TestWatchForCommit.test2WayCommitForTimeoutException(TestWatchForCommit.java:371)
	at sun.reflect.NativeMethodAccessorImpl.invoke0(Native Method)
	at sun.reflect.NativeMethodAccessorImpl.invoke(NativeMethodAccessorImpl.java:62)
	at sun.reflect.DelegatingMethodAccessorImpl.invoke(DelegatingMethodAccessorImpl.java:43)
	at java.lang.reflect.Method.invoke(Method.java:498)
	at org.junit.runners.model.FrameworkMethod$1.runReflectiveCall(FrameworkMethod.java:47)
	at org.junit.internal.runners.model.ReflectiveCallable.run(ReflectiveCallable.java:12)
	at org.junit.runners.model.FrameworkMethod.invokeExplosively(FrameworkMethod.java:44)
	at org.junit.internal.runners.statements.InvokeMethod.evaluate(InvokeMethod.java:17)
	at org.junit.runners.ParentRunner.runLeaf(ParentRunner.java:271)
	at org.junit.runners.BlockJUnit4ClassRunner.runChild(BlockJUnit4ClassRunner.java:70)
	at org.junit.runners.BlockJUnit4ClassRunner.runChild(BlockJUnit4ClassRunner.java:50)
	at org.junit.runners.ParentRunner$3.run(ParentRunner.java:238)
	at org.junit.runners.ParentRunner$1.schedule(ParentRunner.java:63)
	at org.junit.runners.ParentRunner.runChildren(ParentRunner.java:236)
	at org.junit.runners.ParentRunner.access$000(ParentRunner.java:53)
	at org.junit.runners.ParentRunner$2.evaluate(ParentRunner.java:229)
	at org.junit.runners.ParentRunner.run(ParentRunner.java:309)
	at org.apache.maven.surefire.junit4.JUnit4Provider.execute(JUnit4Provider.java:365)
	at org.apache.maven.surefire.junit4.JUnit4Provider.executeWithRerun(JUnit4Provider.java:273)
	at org.apache.maven.surefire.junit4.JUnit4Provider.executeTestSet(JUnit4Provider.java:238)
	at org.apache.maven.surefire.junit4.JUnit4Provider.invoke(JUnit4Provider.java:159)
	at org.apache.maven.surefire.booter.ForkedBooter.invokeProviderInSameClassLoader(ForkedBooter.java:384)
	at org.apache.maven.surefire.booter.ForkedBooter.runSuitesInProcess(ForkedBooter.java:345)
	at org.apache.maven.surefire.booter.ForkedBooter.execute(ForkedBooter.java:126)
	at org.apache.maven.surefire.booter.ForkedBooter.main(ForkedBooter.java:418)
</error>
    <system-out><![CDATA[2019-09-12 10:32:11,198 [main] WARN  server.ServerUtils (ServerUtils.java:getScmDbDir(145)) - ozone.scm.db.dirs is not configured. We recommend adding this setting. Falling back to ozone.metadata.dirs instead.
2019-09-12 10:32:11,213 [main] WARN  server.ServerUtils (ServerUtils.java:getScmDbDir(145)) - ozone.scm.db.dirs is not configured. We recommend adding this setting. Falling back to ozone.metadata.dirs instead.
2019-09-12 10:32:11,213 [main] WARN  server.ServerUtils (ServerUtils.java:getScmDbDir(145)) - ozone.scm.db.dirs is not configured. We recommend adding this setting. Falling back to ozone.metadata.dirs instead.
2019-09-12 10:32:11,214 [main] INFO  db.DBStoreBuilder (DBStoreBuilder.java:addTable(110)) - using custom profile for table: deletedBlocks
2019-09-12 10:32:11,214 [main] INFO  db.DBStoreBuilder (DBStoreBuilder.java:processTables(161)) - Using default column profile:DBProfile.DISK for Table:deletedBlocks
2019-09-12 10:32:11,214 [main] INFO  db.DBStoreBuilder (DBStoreBuilder.java:addTable(110)) - using custom profile for table: validCerts
2019-09-12 10:32:11,215 [main] INFO  db.DBStoreBuilder (DBStoreBuilder.java:processTables(161)) - Using default column profile:DBProfile.DISK for Table:validCerts
2019-09-12 10:32:11,215 [main] INFO  db.DBStoreBuilder (DBStoreBuilder.java:addTable(110)) - using custom profile for table: revokedCerts
2019-09-12 10:32:11,215 [main] INFO  db.DBStoreBuilder (DBStoreBuilder.java:processTables(161)) - Using default column profile:DBProfile.DISK for Table:revokedCerts
2019-09-12 10:32:11,215 [main] INFO  db.DBStoreBuilder (DBStoreBuilder.java:addTable(110)) - using custom profile for table: default
2019-09-12 10:32:11,216 [main] INFO  db.DBStoreBuilder (DBStoreBuilder.java:processTables(167)) - Using default column profile:DBProfile.DISK for Table:default
2019-09-12 10:32:11,216 [main] INFO  db.DBStoreBuilder (DBStoreBuilder.java:getDbProfile(198)) - Using default options. DBProfile.DISK
2019-09-12 10:32:11,401 [main] INFO  net.NodeSchemaLoader (NodeSchemaLoader.java:loadSchemaFromFile(125)) - Loading file from sun.misc.CompoundEnumeration@66ad7167
2019-09-12 10:32:11,402 [main] INFO  net.NodeSchemaLoader (NodeSchemaLoader.java:loadSchema(171)) - Loading network topology layer schema file
2019-09-12 10:32:11,407 [main] WARN  server.ServerUtils (ServerUtils.java:sanitizeUserArgs(70)) - ozone.scm.stale.node.interval value = 300000 is larger than max = 100000 based on the key value of ozone.scm.heartbeat.thread.interval, reset to the max value 100000.
2019-09-12 10:32:11,407 [main] WARN  server.ServerUtils (ServerUtils.java:sanitizeUserArgs(70)) - ozone.scm.stale.node.interval value = 300000 is larger than max = 100000 based on the key value of ozone.scm.heartbeat.thread.interval, reset to the max value 100000.
2019-09-12 10:32:11,408 [main] INFO  node.SCMNodeManager (SCMNodeManager.java:<init>(121)) - Entering startup safe mode.
2019-09-12 10:32:11,409 [main] INFO  algorithms.ContainerPlacementPolicyFactory (ContainerPlacementPolicyFactory.java:getPolicy(56)) - Create container placement policy of type org.apache.hadoop.hdds.scm.container.placement.algorithms.SCMContainerPlacementRandom
2019-09-12 10:32:11,409 [main] WARN  server.ServerUtils (ServerUtils.java:getScmDbDir(145)) - ozone.scm.db.dirs is not configured. We recommend adding this setting. Falling back to ozone.metadata.dirs instead.
2019-09-12 10:32:11,446 | INFO  | SCMAudit | user=jenkins1000 | ip=192.168.36.114 | op=SEND_HEARTBEAT {datanodeUUID=f8fc8350-8b83-4a15-89e6-430db21616f7, command=[]} | ret=SUCCESS |  
2019-09-12 10:32:11,453 [main] INFO  pipeline.SCMPipelineManager (SCMPipelineManager.java:initializePipelineState(126)) - No pipeline exists in current db
2019-09-12 10:32:11,453 [main] WARN  server.ServerUtils (ServerUtils.java:getScmDbDir(145)) - ozone.scm.db.dirs is not configured. We recommend adding this setting. Falling back to ozone.metadata.dirs instead.
2019-09-12 10:32:11,476 [main] WARN  events.EventQueue (EventQueue.java:fireEvent(175)) - No event handler registered for event TypedEvent{payloadType=SafeModeStatus, name='SafeModeStatus'}
2019-09-12 10:32:11,477 [main] INFO  ipc.CallQueueManager (CallQueueManager.java:<init>(84)) - Using callQueue: class java.util.concurrent.LinkedBlockingQueue, queueCapacity: 2000, scheduler: class org.apache.hadoop.ipc.DefaultRpcScheduler, ipcBackoff: false.
2019-09-12 10:32:11,478 [Socket Reader #1 for port 42933] INFO  ipc.Server (Server.java:run(1074)) - Starting Socket Reader #1 for port 42933
2019-09-12 10:32:11,557 [main] INFO  ipc.CallQueueManager (CallQueueManager.java:<init>(84)) - Using callQueue: class java.util.concurrent.LinkedBlockingQueue, queueCapacity: 2000, scheduler: class org.apache.hadoop.ipc.DefaultRpcScheduler, ipcBackoff: false.
2019-09-12 10:32:11,558 [Socket Reader #1 for port 44291] INFO  ipc.Server (Server.java:run(1074)) - Starting Socket Reader #1 for port 44291
2019-09-12 10:32:11,568 [main] INFO  ipc.CallQueueManager (CallQueueManager.java:<init>(84)) - Using callQueue: class java.util.concurrent.LinkedBlockingQueue, queueCapacity: 2000, scheduler: class org.apache.hadoop.ipc.DefaultRpcScheduler, ipcBackoff: false.
2019-09-12 10:32:11,569 [Socket Reader #1 for port 41601] INFO  ipc.Server (Server.java:run(1074)) - Starting Socket Reader #1 for port 41601
2019-09-12 10:32:11,579 [main] INFO  hdfs.DFSUtil (DFSUtil.java:httpServerTemplateForNNAndJN(1641)) - Starting Web-server for scm at: http://0.0.0.0:0
2019-09-12 10:32:11,581 [main] INFO  server.AuthenticationFilter (AuthenticationFilter.java:constructSecretProvider(240)) - Unable to initialize FileSignerSecretProvider, falling back to use random secrets.
2019-09-12 10:32:11,582 [main] WARN  http.HttpRequestLog (HttpRequestLog.java:getRequestLog(97)) - Jetty request log can only be enabled using Log4j
2019-09-12 10:32:11,586 [main] INFO  http.HttpServer2 (HttpServer2.java:addGlobalFilter(975)) - Added global filter 'safety' (class=org.apache.hadoop.http.HttpServer2$QuotingInputFilter)
2019-09-12 10:32:11,586 [main] INFO  http.HttpServer2 (HttpServer2.java:addFilter(948)) - Added filter static_user_filter (class=org.apache.hadoop.http.lib.StaticUserWebFilter$StaticUserFilter) to context scm
2019-09-12 10:32:11,587 [main] INFO  http.HttpServer2 (HttpServer2.java:addFilter(958)) - Added filter static_user_filter (class=org.apache.hadoop.http.lib.StaticUserWebFilter$StaticUserFilter) to context logs
2019-09-12 10:32:11,587 [main] INFO  http.HttpServer2 (HttpServer2.java:addFilter(958)) - Added filter static_user_filter (class=org.apache.hadoop.http.lib.StaticUserWebFilter$StaticUserFilter) to context static
2019-09-12 10:32:11,594 [main] INFO  server.StorageContainerManager (StorageContainerManager.java:start(759)) - StorageContainerLocationProtocol RPC server is listening at /0.0.0.0:41601
2019-09-12 10:32:11,594 [main] INFO  impl.MetricsSystemImpl (MetricsSystemImpl.java:init(158)) - StorageContainerManager metrics system started (again)
2019-09-12 10:32:11,646 | INFO  | SCMAudit | user=jenkins1000 | ip=192.168.36.114 | op=SEND_HEARTBEAT {datanodeUUID=2df0b56f-bcaf-45a1-b35e-f30a30c5f26c, command=[]} | ret=SUCCESS |  
2019-09-12 10:32:11,712 | INFO  | SCMAudit | user=jenkins1000 | ip=192.168.36.114 | op=SEND_HEARTBEAT {datanodeUUID=a95fd1d5-e9a9-4526-b4c7-6aa1a85e40e9, command=[]} | ret=SUCCESS |  
2019-09-12 10:32:11,829 [main] INFO  server.SCMClientProtocolServer (SCMClientProtocolServer.java:start(151)) - RPC server for Client  is listening at /0.0.0.0:41601
2019-09-12 10:32:11,829 [IPC Server Responder] INFO  ipc.Server (Server.java:run(1314)) - IPC Server Responder: starting
2019-09-12 10:32:11,843 | INFO  | SCMAudit | user=jenkins1000 | ip=192.168.36.114 | op=SEND_HEARTBEAT {datanodeUUID=caccd92c-2544-4e02-86cf-95849f240c1b, command=[]} | ret=SUCCESS |  
2019-09-12 10:32:11,843 | INFO  | SCMAudit | user=jenkins1000 | ip=192.168.36.114 | op=SEND_HEARTBEAT {datanodeUUID=eaeff1e2-de9c-4510-872d-283eb6c3c330, command=[]} | ret=SUCCESS |  
2019-09-12 10:32:11,843 | INFO  | SCMAudit | user=jenkins1000 | ip=192.168.36.114 | op=SEND_HEARTBEAT {datanodeUUID=c1e71898-521f-4627-a3f1-9884c4b96ced, command=[]} | ret=SUCCESS |  
2019-09-12 10:32:11,844 | INFO  | SCMAudit | user=jenkins1000 | ip=192.168.36.114 | op=SEND_HEARTBEAT {datanodeUUID=d40ec8ee-ac9e-41d6-86bd-e74a05605b85, command=[]} | ret=SUCCESS |  
2019-09-12 10:32:11,844 | INFO  | SCMAudit | user=jenkins1000 | ip=192.168.36.114 | op=SEND_HEARTBEAT {datanodeUUID=bcda0514-d42e-47ca-96fd-c0a633e872a8, command=[]} | ret=SUCCESS |  
2019-09-12 10:32:11,844 | INFO  | SCMAudit | user=jenkins1000 | ip=192.168.36.114 | op=SEND_HEARTBEAT {datanodeUUID=1349d5ba-07d4-450a-9218-4f0361201438, command=[]} | ret=SUCCESS |  
2019-09-12 10:32:11,845 | INFO  | SCMAudit | user=jenkins1000 | ip=192.168.36.114 | op=SEND_HEARTBEAT {datanodeUUID=22ce2f4b-d517-44cf-8041-712d813e08f3, command=[]} | ret=SUCCESS |  
2019-09-12 10:32:11,844 | INFO  | SCMAudit | user=jenkins1000 | ip=192.168.36.114 | op=SEND_HEARTBEAT {datanodeUUID=b6dd7c38-f675-445e-811b-15cf17d56c0a, command=[]} | ret=SUCCESS |  
2019-09-12 10:32:11,845 | INFO  | SCMAudit | user=jenkins1000 | ip=192.168.36.114 | op=SEND_HEARTBEAT {datanodeUUID=f17b4253-95a0-4ee6-8ded-88f070f15b33, command=[]} | ret=SUCCESS |  
2019-09-12 10:32:11,845 | INFO  | SCMAudit | user=jenkins1000 | ip=192.168.36.114 | op=SEND_HEARTBEAT {datanodeUUID=5dd0cd62-5770-41dd-9e5a-f3f3eedc40c1, command=[]} | ret=SUCCESS |  
2019-09-12 10:32:11,830 [IPC Server listener on 41601] INFO  ipc.Server (Server.java:run(1153)) - IPC Server listener on 41601: starting
2019-09-12 10:32:11,845 [Thread-1558] INFO  impl.FollowerState (FollowerState.java:run(106)) - a95fd1d5-e9a9-4526-b4c7-6aa1a85e40e9:group-998ED9C1851A changes to CANDIDATE, lastRpcTime:5055, electionTimeout:5045ms
2019-09-12 10:32:11,866 [Thread-1558] INFO  impl.RoleInfo (RoleInfo.java:shutdownFollowerState(121)) - a95fd1d5-e9a9-4526-b4c7-6aa1a85e40e9: shutdown FollowerState
2019-09-12 10:32:11,866 [Thread-1558] INFO  impl.RaftServerImpl (RaftServerImpl.java:setRole(171)) - a95fd1d5-e9a9-4526-b4c7-6aa1a85e40e9:group-998ED9C1851A changes role from FOLLOWER to CANDIDATE at term 0 for changeToCandidate
2019-09-12 10:32:11,867 [Thread-1558] INFO  impl.RoleInfo (RoleInfo.java:updateAndGet(143)) - a95fd1d5-e9a9-4526-b4c7-6aa1a85e40e9: start LeaderElection
2019-09-12 10:32:11,867 [main] INFO  server.StorageContainerManager (StorageContainerManager.java:start(769)) - ScmBlockLocationProtocol RPC server is listening at /0.0.0.0:44291
2019-09-12 10:32:11,867 [main] INFO  server.SCMBlockProtocolServer (SCMBlockProtocolServer.java:start(140)) - RPC server for Block Protocol is listening at /0.0.0.0:44291
2019-09-12 10:32:11,868 [IPC Server Responder] INFO  ipc.Server (Server.java:run(1314)) - IPC Server Responder: starting
2019-09-12 10:32:11,879 [IPC Server listener on 44291] INFO  ipc.Server (Server.java:run(1153)) - IPC Server listener on 44291: starting
2019-09-12 10:32:11,901 [a95fd1d5-e9a9-4526-b4c7-6aa1a85e40e9:group-998ED9C1851A:LeaderElection124] INFO  impl.LeaderElection (LeaderElection.java:askForVotes(181)) - a95fd1d5-e9a9-4526-b4c7-6aa1a85e40e9:group-998ED9C1851A:LeaderElection124: begin an election at term 1 for -1: [a95fd1d5-e9a9-4526-b4c7-6aa1a85e40e9:192.168.36.114:44353], old=null
2019-09-12 10:32:11,901 [a95fd1d5-e9a9-4526-b4c7-6aa1a85e40e9:group-998ED9C1851A:LeaderElection124] INFO  impl.RoleInfo (RoleInfo.java:shutdownLeaderElection(134)) - a95fd1d5-e9a9-4526-b4c7-6aa1a85e40e9: shutdown LeaderElection
2019-09-12 10:32:11,901 [a95fd1d5-e9a9-4526-b4c7-6aa1a85e40e9:group-998ED9C1851A:LeaderElection124] INFO  impl.RaftServerImpl (RaftServerImpl.java:setRole(171)) - a95fd1d5-e9a9-4526-b4c7-6aa1a85e40e9:group-998ED9C1851A changes role from CANDIDATE to LEADER at term 1 for changeToLeader
2019-09-12 10:32:11,901 [a95fd1d5-e9a9-4526-b4c7-6aa1a85e40e9:group-998ED9C1851A:LeaderElection124] INFO  impl.RaftServerImpl (ServerState.java:setLeader(263)) - a95fd1d5-e9a9-4526-b4c7-6aa1a85e40e9:group-998ED9C1851A change Leader from null to a95fd1d5-e9a9-4526-b4c7-6aa1a85e40e9 at term 1 for becomeLeader, leader elected after 5116ms
2019-09-12 10:32:11,902 [a95fd1d5-e9a9-4526-b4c7-6aa1a85e40e9:group-998ED9C1851A:LeaderElection124] INFO  server.RaftServerConfigKeys (ConfUtils.java:logGet(43)) - raft.server.staging.catchup.gap = 1000 (default)
2019-09-12 10:32:11,902 [a95fd1d5-e9a9-4526-b4c7-6aa1a85e40e9:group-998ED9C1851A:LeaderElection124] INFO  server.RaftServerConfigKeys (ConfUtils.java:logGet(43)) - raft.server.rpc.sleep.time = 25ms (default)
2019-09-12 10:32:11,902 [a95fd1d5-e9a9-4526-b4c7-6aa1a85e40e9:group-998ED9C1851A:LeaderElection124] INFO  server.RaftServerConfigKeys (ConfUtils.java:logGet(43)) - raft.server.write.element-limit = 4096 (default)
2019-09-12 10:32:11,902 [a95fd1d5-e9a9-4526-b4c7-6aa1a85e40e9:group-998ED9C1851A:LeaderElection124] INFO  server.RaftServerConfigKeys (ConfUtils.java:logGet(43)) - raft.server.watch.timeout = 10s (default)
2019-09-12 10:32:11,903 [a95fd1d5-e9a9-4526-b4c7-6aa1a85e40e9:group-998ED9C1851A:LeaderElection124] INFO  server.RaftServerConfigKeys (ConfUtils.java:logGet(43)) - raft.server.watch.timeout.denomination = 1s (default)
2019-09-12 10:32:11,903 [main] INFO  server.StorageContainerManager (StorageContainerManager.java:start(773)) - ScmDatanodeProtocl RPC server is listening at /0.0.0.0:42933
2019-09-12 10:32:11,903 [a95fd1d5-e9a9-4526-b4c7-6aa1a85e40e9:group-998ED9C1851A:LeaderElection124] INFO  server.RaftServerConfigKeys (ConfUtils.java:logGet(43)) - raft.server.watch.element-limit = 65536 (default)
2019-09-12 10:32:11,903 [main] INFO  server.SCMDatanodeProtocolServer (SCMDatanodeProtocolServer.java:start(191)) - RPC server for DataNodes is listening at /0.0.0.0:42933
2019-09-12 10:32:11,903 [a95fd1d5-e9a9-4526-b4c7-6aa1a85e40e9:group-998ED9C1851A:LeaderElection124] INFO  impl.RoleInfo (RoleInfo.java:updateAndGet(143)) - a95fd1d5-e9a9-4526-b4c7-6aa1a85e40e9: start LeaderState
2019-09-12 10:32:11,904 [IPC Server Responder] INFO  ipc.Server (Server.java:run(1314)) - IPC Server Responder: starting
2019-09-12 10:32:11,904 [IPC Server listener on 42933] INFO  ipc.Server (Server.java:run(1153)) - IPC Server listener on 42933: starting
2019-09-12 10:32:11,904 [a95fd1d5-e9a9-4526-b4c7-6aa1a85e40e9:group-998ED9C1851A:LeaderElection124] INFO  segmented.SegmentedRaftLogWorker (SegmentedRaftLogWorker.java:startLogSegment(380)) - a95fd1d5-e9a9-4526-b4c7-6aa1a85e40e9-SegmentedRaftLogWorker:Storage Directory /workdir/hadoop-ozone/integration-test/target/test-dir/MiniOzoneClusterImpl-39631bd2-f83c-4f24-acb2-4c1b273f2694/datanode-0/data/ratis/07b1bfd0-c5d2-4d33-9029-998ed9c1851a: Starting segment from index:0
2019-09-12 10:32:12,510 [Thread-1588] INFO  impl.FollowerState (FollowerState.java:run(106)) - 57729e88-c64a-441d-a40e-ceaddf64552e:group-D8BA15F9FA78 changes to CANDIDATE, lastRpcTime:5194, electionTimeout:5138ms
2019-09-12 10:32:12,510 [Thread-1588] INFO  impl.RoleInfo (RoleInfo.java:shutdownFollowerState(121)) - 57729e88-c64a-441d-a40e-ceaddf64552e: shutdown FollowerState
2019-09-12 10:32:12,510 [Thread-1588] INFO  impl.RaftServerImpl (RaftServerImpl.java:setRole(171)) - 57729e88-c64a-441d-a40e-ceaddf64552e:group-D8BA15F9FA78 changes role from FOLLOWER to CANDIDATE at term 0 for changeToCandidate
2019-09-12 10:32:12,510 [Thread-1588] INFO  impl.RoleInfo (RoleInfo.java:updateAndGet(143)) - 57729e88-c64a-441d-a40e-ceaddf64552e: start LeaderElection
2019-09-12 10:32:12,511 [Thread-1582] INFO  impl.FollowerState (FollowerState.java:run(106)) - 57729e88-c64a-441d-a40e-ceaddf64552e:group-CBB8D91D3884 changes to CANDIDATE, lastRpcTime:5271, electionTimeout:5196ms
2019-09-12 10:32:12,511 [Thread-1582] INFO  impl.RoleInfo (RoleInfo.java:shutdownFollowerState(121)) - 57729e88-c64a-441d-a40e-ceaddf64552e: shutdown FollowerState
2019-09-12 10:32:12,511 [Thread-1582] INFO  impl.RaftServerImpl (RaftServerImpl.java:setRole(171)) - 57729e88-c64a-441d-a40e-ceaddf64552e:group-CBB8D91D3884 changes role from FOLLOWER to CANDIDATE at term 0 for changeToCandidate
2019-09-12 10:32:12,512 [Thread-1582] INFO  impl.RoleInfo (RoleInfo.java:updateAndGet(143)) - 57729e88-c64a-441d-a40e-ceaddf64552e: start LeaderElection
2019-09-12 10:32:12,555 | INFO  | SCMAudit | user=jenkins1000 | ip=192.168.36.114 | op=SEND_HEARTBEAT {datanodeUUID=f8fc8350-8b83-4a15-89e6-430db21616f7, command=[]} | ret=SUCCESS |  
2019-09-12 10:32:12,555 | INFO  | SCMAudit | user=jenkins1000 | ip=192.168.36.114 | op=SEND_HEARTBEAT {datanodeUUID=57729e88-c64a-441d-a40e-ceaddf64552e, command=[]} | ret=SUCCESS |  
2019-09-12 10:32:12,555 | INFO  | SCMAudit | user=jenkins1000 | ip=192.168.36.114 | op=SEND_HEARTBEAT {datanodeUUID=f85b420b-0060-4bb9-9f68-598eed9b442f, command=[]} | ret=SUCCESS |  
2019-09-12 10:32:12,555 | INFO  | SCMAudit | user=jenkins1000 | ip=192.168.36.114 | op=SEND_HEARTBEAT {datanodeUUID=edb6c4a3-9bf1-4f2e-8ef0-c37d9a0378de, command=[]} | ret=SUCCESS |  
2019-09-12 10:32:12,555 | INFO  | SCMAudit | user=jenkins1000 | ip=192.168.36.114 | op=SEND_HEARTBEAT {datanodeUUID=873ff125-9641-4674-9775-ec96c107c12e, command=[]} | ret=SUCCESS |  
2019-09-12 10:32:12,558 | INFO  | SCMAudit | user=jenkins1000 | ip=192.168.36.114 | op=SEND_HEARTBEAT {datanodeUUID=ad8ae342-df06-4311-9d84-524877c98111, command=[]} | ret=SUCCESS |  
2019-09-12 10:32:12,558 | INFO  | SCMAudit | user=jenkins1000 | ip=192.168.36.114 | op=SEND_HEARTBEAT {datanodeUUID=334c5273-7871-4d53-8b37-de05e5a3be10, command=[]} | ret=SUCCESS |  
2019-09-12 10:32:12,558 | INFO  | SCMAudit | user=jenkins1000 | ip=192.168.36.114 | op=SEND_HEARTBEAT {datanodeUUID=d9d65fd8-d100-497d-8460-9a4cf62b4ad5, command=[]} | ret=SUCCESS |  
2019-09-12 10:32:12,558 | INFO  | SCMAudit | user=jenkins1000 | ip=192.168.36.114 | op=SEND_HEARTBEAT {datanodeUUID=accf000b-d7b7-4fa5-9682-da82c4451e10, command=[]} | ret=SUCCESS |  
2019-09-12 10:32:12,558 | INFO  | SCMAudit | user=jenkins1000 | ip=192.168.36.114 | op=SEND_HEARTBEAT {datanodeUUID=39df7a3f-9691-48d4-a2b1-6888489a5f8a, command=[]} | ret=SUCCESS |  
2019-09-12 10:32:12,558 | INFO  | SCMAudit | user=jenkins1000 | ip=192.168.36.114 | op=SEND_HEARTBEAT {datanodeUUID=c54af6f8-a22e-478f-90e1-029d14059a99, command=[]} | ret=SUCCESS |  
2019-09-12 10:32:12,558 | INFO  | SCMAudit | user=jenkins1000 | ip=192.168.36.114 | op=SEND_HEARTBEAT {datanodeUUID=2cb9d557-cb56-4745-8686-5e72b62e748a, command=[]} | ret=SUCCESS |  
2019-09-12 10:32:12,558 | INFO  | SCMAudit | user=jenkins1000 | ip=192.168.36.114 | op=SEND_HEARTBEAT {datanodeUUID=ff438662-24cf-49bb-bfc5-3308ec6d286b, command=[]} | ret=SUCCESS |  
2019-09-12 10:32:12,558 | INFO  | SCMAudit | user=jenkins1000 | ip=192.168.36.114 | op=SEND_HEARTBEAT {datanodeUUID=9616c881-dbb1-48da-90dd-a872ed779a2e, command=[]} | ret=SUCCESS |  
2019-09-12 10:32:12,538 [Thread-1591] INFO  impl.FollowerState (FollowerState.java:run(106)) - 57729e88-c64a-441d-a40e-ceaddf64552e:group-389AEFDBF23A changes to CANDIDATE, lastRpcTime:5185, electionTimeout:5033ms
2019-09-12 10:32:12,558 | INFO  | SCMAudit | user=jenkins1000 | ip=192.168.36.114 | op=SEND_HEARTBEAT {datanodeUUID=c9031a36-5f7c-4098-8bea-8a46141708a6, command=[]} | ret=SUCCESS |  
2019-09-12 10:32:12,558 | INFO  | SCMAudit | user=jenkins1000 | ip=192.168.36.114 | op=SEND_HEARTBEAT {datanodeUUID=2d50b591-d6e4-490f-9fa0-973ad5423bd7, command=[]} | ret=SUCCESS |  
2019-09-12 10:32:12,558 [Thread-1579] INFO  impl.FollowerState (FollowerState.java:run(106)) - 57729e88-c64a-441d-a40e-ceaddf64552e:group-5A9978281853 changes to CANDIDATE, lastRpcTime:5380, electionTimeout:5178ms
2019-09-12 10:32:12,558 [Thread-1585] INFO  impl.FollowerState (FollowerState.java:run(106)) - 57729e88-c64a-441d-a40e-ceaddf64552e:group-423D56E48233 changes to CANDIDATE, lastRpcTime:5280, electionTimeout:5061ms
2019-09-12 10:32:12,558 [a95fd1d5-e9a9-4526-b4c7-6aa1a85e40e9:group-998ED9C1851A:LeaderElection124] INFO  impl.RaftServerImpl (ServerState.java:setRaftConf(361)) - a95fd1d5-e9a9-4526-b4c7-6aa1a85e40e9:group-998ED9C1851A set configuration 0: [a95fd1d5-e9a9-4526-b4c7-6aa1a85e40e9:192.168.36.114:44353], old=null at 0
2019-09-12 10:32:12,545 [Thread-1576] INFO  impl.FollowerState (FollowerState.java:run(106)) - 57729e88-c64a-441d-a40e-ceaddf64552e:group-549A507F2AD4 changes to CANDIDATE, lastRpcTime:5409, electionTimeout:5176ms
2019-09-12 10:32:12,555 [Thread-1561] WARN  util.JavaUtils (JavaUtils.java:sleep(250)) - Unexpected long sleep: sleep(5122ms) actually took 5722ms which is over the threshold 300ms
2019-09-12 10:32:12,559 [57729e88-c64a-441d-a40e-ceaddf64552e:group-CBB8D91D3884:LeaderElection126] INFO  impl.LeaderElection (LeaderElection.java:askForVotes(181)) - 57729e88-c64a-441d-a40e-ceaddf64552e:group-CBB8D91D3884:LeaderElection126: begin an election at term 1 for -1: [57729e88-c64a-441d-a40e-ceaddf64552e:192.168.36.114:37314], old=null
2019-09-12 10:32:12,555 [Thread-1567] WARN  util.JavaUtils (JavaUtils.java:sleep(250)) - Unexpected long sleep: sleep(5065ms) actually took 5641ms which is over the threshold 300ms
2019-09-12 10:32:12,555 [Thread-1564] WARN  util.JavaUtils (JavaUtils.java:sleep(250)) - Unexpected long sleep: sleep(5183ms) actually took 5681ms which is over the threshold 300ms
2019-09-12 10:32:12,554 [Thread-1573] WARN  util.JavaUtils (JavaUtils.java:sleep(250)) - Unexpected long sleep: sleep(5167ms) actually took 5554ms which is over the threshold 300ms
2019-09-12 10:32:12,554 [Thread-1570] WARN  util.JavaUtils (JavaUtils.java:sleep(250)) - Unexpected long sleep: sleep(5192ms) actually took 5597ms which is over the threshold 300ms
2019-09-12 10:32:12,559 [57729e88-c64a-441d-a40e-ceaddf64552e:group-CBB8D91D3884:LeaderElection126] INFO  impl.RoleInfo (RoleInfo.java:shutdownLeaderElection(134)) - 57729e88-c64a-441d-a40e-ceaddf64552e: shutdown LeaderElection
2019-09-12 10:32:12,559 [57729e88-c64a-441d-a40e-ceaddf64552e:group-D8BA15F9FA78:LeaderElection125] INFO  impl.LeaderElection (LeaderElection.java:askForVotes(181)) - 57729e88-c64a-441d-a40e-ceaddf64552e:group-D8BA15F9FA78:LeaderElection125: begin an election at term 1 for -1: [57729e88-c64a-441d-a40e-ceaddf64552e:192.168.36.114:37314], old=null
2019-09-12 10:32:12,559 [Thread-1576] INFO  impl.RoleInfo (RoleInfo.java:shutdownFollowerState(121)) - 57729e88-c64a-441d-a40e-ceaddf64552e: shutdown FollowerState
2019-09-12 10:32:12,558 [Thread-1585] INFO  impl.RoleInfo (RoleInfo.java:shutdownFollowerState(121)) - 57729e88-c64a-441d-a40e-ceaddf64552e: shutdown FollowerState
2019-09-12 10:32:12,558 [Thread-1579] INFO  impl.RoleInfo (RoleInfo.java:shutdownFollowerState(121)) - 57729e88-c64a-441d-a40e-ceaddf64552e: shutdown FollowerState
2019-09-12 10:32:12,558 [Thread-1591] INFO  impl.RoleInfo (RoleInfo.java:shutdownFollowerState(121)) - 57729e88-c64a-441d-a40e-ceaddf64552e: shutdown FollowerState
2019-09-12 10:32:12,560 [Thread-1579] INFO  impl.RaftServerImpl (RaftServerImpl.java:setRole(171)) - 57729e88-c64a-441d-a40e-ceaddf64552e:group-5A9978281853 changes role from FOLLOWER to CANDIDATE at term 0 for changeToCandidate
2019-09-12 10:32:12,560 [Thread-1585] INFO  impl.RaftServerImpl (RaftServerImpl.java:setRole(171)) - 57729e88-c64a-441d-a40e-ceaddf64552e:group-423D56E48233 changes role from FOLLOWER to CANDIDATE at term 0 for changeToCandidate
2019-09-12 10:32:12,560 [main] INFO  http.HttpServer2 (HttpServer2.java:bindListener(1191)) - Jetty bound to port 35807
2019-09-12 10:32:12,559 [Thread-1576] INFO  impl.RaftServerImpl (RaftServerImpl.java:setRole(171)) - 57729e88-c64a-441d-a40e-ceaddf64552e:group-549A507F2AD4 changes role from FOLLOWER to CANDIDATE at term 0 for changeToCandidate
2019-09-12 10:32:12,559 [57729e88-c64a-441d-a40e-ceaddf64552e:group-D8BA15F9FA78:LeaderElection125] INFO  impl.RoleInfo (RoleInfo.java:shutdownLeaderElection(134)) - 57729e88-c64a-441d-a40e-ceaddf64552e: shutdown LeaderElection
2019-09-12 10:32:12,559 [57729e88-c64a-441d-a40e-ceaddf64552e:group-CBB8D91D3884:LeaderElection126] INFO  impl.RaftServerImpl (RaftServerImpl.java:setRole(171)) - 57729e88-c64a-441d-a40e-ceaddf64552e:group-CBB8D91D3884 changes role from CANDIDATE to LEADER at term 1 for changeToLeader
2019-09-12 10:32:12,560 [57729e88-c64a-441d-a40e-ceaddf64552e:group-D8BA15F9FA78:LeaderElection125] INFO  impl.RaftServerImpl (RaftServerImpl.java:setRole(171)) - 57729e88-c64a-441d-a40e-ceaddf64552e:group-D8BA15F9FA78 changes role from CANDIDATE to LEADER at term 1 for changeToLeader
2019-09-12 10:32:12,560 [Thread-1576] INFO  impl.RoleInfo (RoleInfo.java:updateAndGet(143)) - 57729e88-c64a-441d-a40e-ceaddf64552e: start LeaderElection
2019-09-12 10:32:12,560 [main] INFO  server.Server (Server.java:doStart(351)) - jetty-9.3.24.v20180605, build timestamp: 2018-06-05T17:11:56Z, git hash: 84205aa28f11a4f31f2a3b86d1bba2cc8ab69827
2019-09-12 10:32:12,560 [Thread-1585] INFO  impl.RoleInfo (RoleInfo.java:updateAndGet(143)) - 57729e88-c64a-441d-a40e-ceaddf64552e: start LeaderElection
2019-09-12 10:32:12,560 [Thread-1579] INFO  impl.RoleInfo (RoleInfo.java:updateAndGet(143)) - 57729e88-c64a-441d-a40e-ceaddf64552e: start LeaderElection
2019-09-12 10:32:12,560 [Thread-1591] INFO  impl.RaftServerImpl (RaftServerImpl.java:setRole(171)) - 57729e88-c64a-441d-a40e-ceaddf64552e:group-389AEFDBF23A changes role from FOLLOWER to CANDIDATE at term 0 for changeToCandidate
2019-09-12 10:32:12,560 [57729e88-c64a-441d-a40e-ceaddf64552e:group-D8BA15F9FA78:LeaderElection125] INFO  impl.RaftServerImpl (ServerState.java:setLeader(263)) - 57729e88-c64a-441d-a40e-ceaddf64552e:group-D8BA15F9FA78 change Leader from null to 57729e88-c64a-441d-a40e-ceaddf64552e at term 1 for becomeLeader, leader elected after 5247ms
2019-09-12 10:32:12,560 [57729e88-c64a-441d-a40e-ceaddf64552e:group-CBB8D91D3884:LeaderElection126] INFO  impl.RaftServerImpl (ServerState.java:setLeader(263)) - 57729e88-c64a-441d-a40e-ceaddf64552e:group-CBB8D91D3884 change Leader from null to 57729e88-c64a-441d-a40e-ceaddf64552e at term 1 for becomeLeader, leader elected after 5323ms
2019-09-12 10:32:12,561 [Thread-1591] INFO  impl.RoleInfo (RoleInfo.java:updateAndGet(143)) - 57729e88-c64a-441d-a40e-ceaddf64552e: start LeaderElection
2019-09-12 10:32:12,561 [57729e88-c64a-441d-a40e-ceaddf64552e:group-D8BA15F9FA78:LeaderElection125] INFO  server.RaftServerConfigKeys (ConfUtils.java:logGet(43)) - raft.server.staging.catchup.gap = 1000 (default)
2019-09-12 10:32:12,561 [57729e88-c64a-441d-a40e-ceaddf64552e:group-CBB8D91D3884:LeaderElection126] INFO  server.RaftServerConfigKeys (ConfUtils.java:logGet(43)) - raft.server.staging.catchup.gap = 1000 (default)
2019-09-12 10:32:12,561 [57729e88-c64a-441d-a40e-ceaddf64552e:group-D8BA15F9FA78:LeaderElection125] INFO  server.RaftServerConfigKeys (ConfUtils.java:logGet(43)) - raft.server.rpc.sleep.time = 25ms (default)
2019-09-12 10:32:12,562 [57729e88-c64a-441d-a40e-ceaddf64552e:group-CBB8D91D3884:LeaderElection126] INFO  server.RaftServerConfigKeys (ConfUtils.java:logGet(43)) - raft.server.rpc.sleep.time = 25ms (default)
2019-09-12 10:32:12,562 [57729e88-c64a-441d-a40e-ceaddf64552e:group-D8BA15F9FA78:LeaderElection125] INFO  server.RaftServerConfigKeys (ConfUtils.java:logGet(43)) - raft.server.write.element-limit = 4096 (default)
2019-09-12 10:32:12,562 [57729e88-c64a-441d-a40e-ceaddf64552e:group-CBB8D91D3884:LeaderElection126] INFO  server.RaftServerConfigKeys (ConfUtils.java:logGet(43)) - raft.server.write.element-limit = 4096 (default)
2019-09-12 10:32:12,562 [57729e88-c64a-441d-a40e-ceaddf64552e:group-D8BA15F9FA78:LeaderElection125] INFO  server.RaftServerConfigKeys (ConfUtils.java:logGet(43)) - raft.server.watch.timeout = 10s (default)
2019-09-12 10:32:12,562 [57729e88-c64a-441d-a40e-ceaddf64552e:group-CBB8D91D3884:LeaderElection126] INFO  server.RaftServerConfigKeys (ConfUtils.java:logGet(43)) - raft.server.watch.timeout = 10s (default)
2019-09-12 10:32:12,562 [57729e88-c64a-441d-a40e-ceaddf64552e:group-D8BA15F9FA78:LeaderElection125] INFO  server.RaftServerConfigKeys (ConfUtils.java:logGet(43)) - raft.server.watch.timeout.denomination = 1s (default)
2019-09-12 10:32:12,562 [57729e88-c64a-441d-a40e-ceaddf64552e:group-CBB8D91D3884:LeaderElection126] INFO  server.RaftServerConfigKeys (ConfUtils.java:logGet(43)) - raft.server.watch.timeout.denomination = 1s (default)
2019-09-12 10:32:12,562 [57729e88-c64a-441d-a40e-ceaddf64552e:group-D8BA15F9FA78:LeaderElection125] INFO  server.RaftServerConfigKeys (ConfUtils.java:logGet(43)) - raft.server.watch.element-limit = 65536 (default)
2019-09-12 10:32:12,562 [57729e88-c64a-441d-a40e-ceaddf64552e:group-CBB8D91D3884:LeaderElection126] INFO  server.RaftServerConfigKeys (ConfUtils.java:logGet(43)) - raft.server.watch.element-limit = 65536 (default)
2019-09-12 10:32:12,563 [57729e88-c64a-441d-a40e-ceaddf64552e:group-D8BA15F9FA78:LeaderElection125] INFO  impl.RoleInfo (RoleInfo.java:updateAndGet(143)) - 57729e88-c64a-441d-a40e-ceaddf64552e: start LeaderState
2019-09-12 10:32:12,563 [main] INFO  handler.ContextHandler (ContextHandler.java:doStart(781)) - Started o.e.j.s.ServletContextHandler@1ff52a71{/logs,file:///workdir/hadoop-ozone/integration-test/target/log,AVAILABLE}
2019-09-12 10:32:12,563 [57729e88-c64a-441d-a40e-ceaddf64552e:group-D8BA15F9FA78:LeaderElection125] INFO  segmented.SegmentedRaftLogWorker (SegmentedRaftLogWorker.java:startLogSegment(380)) - 57729e88-c64a-441d-a40e-ceaddf64552e-SegmentedRaftLogWorker:Storage Directory /workdir/hadoop-ozone/integration-test/target/test-dir/MiniOzoneClusterImpl-39631bd2-f83c-4f24-acb2-4c1b273f2694/datanode-1/data/ratis/29288c80-2c64-40a7-9e5e-d8ba15f9fa78: Starting segment from index:0
2019-09-12 10:32:12,563 [57729e88-c64a-441d-a40e-ceaddf64552e:group-CBB8D91D3884:LeaderElection126] INFO  impl.RoleInfo (RoleInfo.java:updateAndGet(143)) - 57729e88-c64a-441d-a40e-ceaddf64552e: start LeaderState
2019-09-12 10:32:12,563 [main] INFO  handler.ContextHandler (ContextHandler.java:doStart(781)) - Started o.e.j.s.ServletContextHandler@f776b4a{/static,file:///workdir/hadoop-ozone/integration-test/target/test-classes/webapps/static,AVAILABLE}
2019-09-12 10:32:12,917 | INFO  | SCMAudit | user=jenkins1000 | ip=192.168.36.114 | op=SEND_HEARTBEAT {datanodeUUID=f17b4253-95a0-4ee6-8ded-88f070f15b33, command=[]} | ret=SUCCESS |  
2019-09-12 10:32:12,917 | INFO  | SCMAudit | user=jenkins1000 | ip=192.168.36.114 | op=SEND_HEARTBEAT {datanodeUUID=eaeff1e2-de9c-4510-872d-283eb6c3c330, command=[]} | ret=SUCCESS |  
2019-09-12 10:32:12,917 | INFO  | SCMAudit | user=jenkins1000 | ip=192.168.36.114 | op=SEND_HEARTBEAT {datanodeUUID=caccd92c-2544-4e02-86cf-95849f240c1b, command=[]} | ret=SUCCESS |  
2019-09-12 10:32:12,563 [57729e88-c64a-441d-a40e-ceaddf64552e:group-D8BA15F9FA78:LeaderElection125] INFO  impl.RaftServerImpl (ServerState.java:setRaftConf(361)) - 57729e88-c64a-441d-a40e-ceaddf64552e:group-D8BA15F9FA78 set configuration 0: [57729e88-c64a-441d-a40e-ceaddf64552e:192.168.36.114:37314], old=null at 0
2019-09-12 10:32:12,917 | INFO  | SCMAudit | user=jenkins1000 | ip=192.168.36.114 | op=SEND_HEARTBEAT {datanodeUUID=b6dd7c38-f675-445e-811b-15cf17d56c0a, command=[]} | ret=SUCCESS |  
2019-09-12 10:32:12,917 | INFO  | SCMAudit | user=jenkins1000 | ip=192.168.36.114 | op=SEND_HEARTBEAT {datanodeUUID=5dd0cd62-5770-41dd-9e5a-f3f3eedc40c1, command=[]} | ret=SUCCESS |  
2019-09-12 10:32:12,917 | INFO  | SCMAudit | user=jenkins1000 | ip=192.168.36.114 | op=SEND_HEARTBEAT {datanodeUUID=22ce2f4b-d517-44cf-8041-712d813e08f3, command=[]} | ret=SUCCESS |  
2019-09-12 10:32:12,917 | INFO  | SCMAudit | user=jenkins1000 | ip=192.168.36.114 | op=SEND_HEARTBEAT {datanodeUUID=1349d5ba-07d4-450a-9218-4f0361201438, command=[]} | ret=SUCCESS |  
2019-09-12 10:32:12,917 | INFO  | SCMAudit | user=jenkins1000 | ip=192.168.36.114 | op=SEND_HEARTBEAT {datanodeUUID=d40ec8ee-ac9e-41d6-86bd-e74a05605b85, command=[]} | ret=SUCCESS |  
2019-09-12 10:32:12,917 | INFO  | SCMAudit | user=jenkins1000 | ip=192.168.36.114 | op=SEND_HEARTBEAT {datanodeUUID=c1e71898-521f-4627-a3f1-9884c4b96ced, command=[]} | ret=SUCCESS |  
2019-09-12 10:32:12,563 [57729e88-c64a-441d-a40e-ceaddf64552e:group-CBB8D91D3884:LeaderElection126] INFO  segmented.SegmentedRaftLogWorker (SegmentedRaftLogWorker.java:startLogSegment(380)) - 57729e88-c64a-441d-a40e-ceaddf64552e-SegmentedRaftLogWorker:Storage Directory /workdir/hadoop-ozone/integration-test/target/test-dir/MiniOzoneClusterImpl-39631bd2-f83c-4f24-acb2-4c1b273f2694/datanode-1/data/ratis/1a090dce-eb05-494c-8f13-cbb8d91d3884: Starting segment from index:0
2019-09-12 10:32:12,917 | INFO  | SCMAudit | user=jenkins1000 | ip=192.168.36.114 | op=SEND_HEARTBEAT {datanodeUUID=bcda0514-d42e-47ca-96fd-c0a633e872a8, command=[]} | ret=SUCCESS |  
2019-09-12 10:32:12,918 | INFO  | SCMAudit | user=jenkins1000 | ip=192.168.36.114 | op=SEND_HEARTBEAT {datanodeUUID=2df0b56f-bcaf-45a1-b35e-f30a30c5f26c, command=[]} | ret=SUCCESS |  
2019-09-12 10:32:12,917 | INFO  | SCMAudit | user=jenkins1000 | ip=192.168.36.114 | op=SEND_HEARTBEAT {datanodeUUID=a95fd1d5-e9a9-4526-b4c7-6aa1a85e40e9, command=[]} | ret=SUCCESS |  
2019-09-12 10:32:12,918 [57729e88-c64a-441d-a40e-ceaddf64552e:group-5A9978281853:LeaderElection127] INFO  impl.LeaderElection (LeaderElection.java:askForVotes(181)) - 57729e88-c64a-441d-a40e-ceaddf64552e:group-5A9978281853:LeaderElection127: begin an election at term 1 for -1: [57729e88-c64a-441d-a40e-ceaddf64552e:192.168.36.114:37314], old=null
2019-09-12 10:32:12,919 [57729e88-c64a-441d-a40e-ceaddf64552e:group-5A9978281853:LeaderElection127] INFO  impl.RoleInfo (RoleInfo.java:shutdownLeaderElection(134)) - 57729e88-c64a-441d-a40e-ceaddf64552e: shutdown LeaderElection
2019-09-12 10:32:12,919 [57729e88-c64a-441d-a40e-ceaddf64552e:group-CBB8D91D3884:LeaderElection126] INFO  impl.RaftServerImpl (ServerState.java:setRaftConf(361)) - 57729e88-c64a-441d-a40e-ceaddf64552e:group-CBB8D91D3884 set configuration 0: [57729e88-c64a-441d-a40e-ceaddf64552e:192.168.36.114:37314], old=null at 0
2019-09-12 10:32:12,918 [57729e88-c64a-441d-a40e-ceaddf64552e:group-423D56E48233:LeaderElection128] INFO  impl.LeaderElection (LeaderElection.java:askForVotes(181)) - 57729e88-c64a-441d-a40e-ceaddf64552e:group-423D56E48233:LeaderElection128: begin an election at term 1 for -1: [57729e88-c64a-441d-a40e-ceaddf64552e:192.168.36.114:37314], old=null
2019-09-12 10:32:12,918 [57729e88-c64a-441d-a40e-ceaddf64552e:group-549A507F2AD4:LeaderElection129] INFO  impl.LeaderElection (LeaderElection.java:askForVotes(181)) - 57729e88-c64a-441d-a40e-ceaddf64552e:group-549A507F2AD4:LeaderElection129: begin an election at term 1 for -1: [57729e88-c64a-441d-a40e-ceaddf64552e:192.168.36.114:37314], old=null
2019-09-12 10:32:13,244 [57729e88-c64a-441d-a40e-ceaddf64552e:group-549A507F2AD4:LeaderElection129] INFO  impl.RoleInfo (RoleInfo.java:shutdownLeaderElection(134)) - 57729e88-c64a-441d-a40e-ceaddf64552e: shutdown LeaderElection
2019-09-12 10:32:12,918 [57729e88-c64a-441d-a40e-ceaddf64552e:group-389AEFDBF23A:LeaderElection130] INFO  impl.LeaderElection (LeaderElection.java:askForVotes(181)) - 57729e88-c64a-441d-a40e-ceaddf64552e:group-389AEFDBF23A:LeaderElection130: begin an election at term 1 for -1: [57729e88-c64a-441d-a40e-ceaddf64552e:192.168.36.114:37314], old=null
2019-09-12 10:32:13,245 [57729e88-c64a-441d-a40e-ceaddf64552e:group-549A507F2AD4:LeaderElection129] INFO  impl.RaftServerImpl (RaftServerImpl.java:setRole(171)) - 57729e88-c64a-441d-a40e-ceaddf64552e:group-549A507F2AD4 changes role from CANDIDATE to LEADER at term 1 for changeToLeader
2019-09-12 10:32:13,244 [57729e88-c64a-441d-a40e-ceaddf64552e:group-423D56E48233:LeaderElection128] INFO  impl.RoleInfo (RoleInfo.java:shutdownLeaderElection(134)) - 57729e88-c64a-441d-a40e-ceaddf64552e: shutdown LeaderElection
2019-09-12 10:32:13,245 [57729e88-c64a-441d-a40e-ceaddf64552e:group-423D56E48233:LeaderElection128] INFO  impl.RaftServerImpl (RaftServerImpl.java:setRole(171)) - 57729e88-c64a-441d-a40e-ceaddf64552e:group-423D56E48233 changes role from CANDIDATE to LEADER at term 1 for changeToLeader
2019-09-12 10:32:13,245 [57729e88-c64a-441d-a40e-ceaddf64552e:group-423D56E48233:LeaderElection128] INFO  impl.RaftServerImpl (ServerState.java:setLeader(263)) - 57729e88-c64a-441d-a40e-ceaddf64552e:group-423D56E48233 change Leader from null to 57729e88-c64a-441d-a40e-ceaddf64552e at term 1 for becomeLeader, leader elected after 5970ms
2019-09-12 10:32:13,243 [Thread-1594] INFO  impl.FollowerState (FollowerState.java:run(106)) - edb6c4a3-9bf1-4f2e-8ef0-c37d9a0378de:group-5178F88A38F2 changes to CANDIDATE, lastRpcTime:5193, electionTimeout:5004ms
2019-09-12 10:32:13,242 [Thread-1603] INFO  impl.FollowerState (FollowerState.java:run(106)) - edb6c4a3-9bf1-4f2e-8ef0-c37d9a0378de:group-4CB134825892 changes to CANDIDATE, lastRpcTime:5068, electionTimeout:5061ms
2019-09-12 10:32:13,242 [Thread-1597] INFO  impl.FollowerState (FollowerState.java:run(106)) - edb6c4a3-9bf1-4f2e-8ef0-c37d9a0378de:group-8B9E9E5536EA changes to CANDIDATE, lastRpcTime:5144, electionTimeout:5143ms
2019-09-12 10:32:12,919 [57729e88-c64a-441d-a40e-ceaddf64552e:group-5A9978281853:LeaderElection127] INFO  impl.RaftServerImpl (RaftServerImpl.java:setRole(171)) - 57729e88-c64a-441d-a40e-ceaddf64552e:group-5A9978281853 changes role from CANDIDATE to LEADER at term 1 for changeToLeader
2019-09-12 10:32:13,246 [Thread-1597] INFO  impl.RoleInfo (RoleInfo.java:shutdownFollowerState(121)) - edb6c4a3-9bf1-4f2e-8ef0-c37d9a0378de: shutdown FollowerState
2019-09-12 10:32:13,246 [Thread-1597] INFO  impl.RaftServerImpl (RaftServerImpl.java:setRole(171)) - edb6c4a3-9bf1-4f2e-8ef0-c37d9a0378de:group-8B9E9E5536EA changes role from FOLLOWER to CANDIDATE at term 0 for changeToCandidate
2019-09-12 10:32:13,245 [Thread-1603] INFO  impl.RoleInfo (RoleInfo.java:shutdownFollowerState(121)) - edb6c4a3-9bf1-4f2e-8ef0-c37d9a0378de: shutdown FollowerState
2019-09-12 10:32:13,245 [Thread-1594] INFO  impl.RoleInfo (RoleInfo.java:shutdownFollowerState(121)) - edb6c4a3-9bf1-4f2e-8ef0-c37d9a0378de: shutdown FollowerState
2019-09-12 10:32:13,246 [Thread-1594] INFO  impl.RaftServerImpl (RaftServerImpl.java:setRole(171)) - edb6c4a3-9bf1-4f2e-8ef0-c37d9a0378de:group-5178F88A38F2 changes role from FOLLOWER to CANDIDATE at term 0 for changeToCandidate
2019-09-12 10:32:13,245 [57729e88-c64a-441d-a40e-ceaddf64552e:group-423D56E48233:LeaderElection128] INFO  server.RaftServerConfigKeys (ConfUtils.java:logGet(43)) - raft.server.staging.catchup.gap = 1000 (default)
2019-09-12 10:32:13,245 [57729e88-c64a-441d-a40e-ceaddf64552e:group-549A507F2AD4:LeaderElection129] INFO  impl.RaftServerImpl (ServerState.java:setLeader(263)) - 57729e88-c64a-441d-a40e-ceaddf64552e:group-549A507F2AD4 change Leader from null to 57729e88-c64a-441d-a40e-ceaddf64552e at term 1 for becomeLeader, leader elected after 6113ms
2019-09-12 10:32:13,245 [57729e88-c64a-441d-a40e-ceaddf64552e:group-389AEFDBF23A:LeaderElection130] INFO  impl.RoleInfo (RoleInfo.java:shutdownLeaderElection(134)) - 57729e88-c64a-441d-a40e-ceaddf64552e: shutdown LeaderElection
2019-09-12 10:32:13,247 [57729e88-c64a-441d-a40e-ceaddf64552e:group-549A507F2AD4:LeaderElection129] INFO  server.RaftServerConfigKeys (ConfUtils.java:logGet(43)) - raft.server.staging.catchup.gap = 1000 (default)
2019-09-12 10:32:13,247 [57729e88-c64a-441d-a40e-ceaddf64552e:group-423D56E48233:LeaderElection128] INFO  server.RaftServerConfigKeys (ConfUtils.java:logGet(43)) - raft.server.rpc.sleep.time = 25ms (default)
2019-09-12 10:32:13,247 [Thread-1594] INFO  impl.RoleInfo (RoleInfo.java:updateAndGet(143)) - edb6c4a3-9bf1-4f2e-8ef0-c37d9a0378de: start LeaderElection
2019-09-12 10:32:13,246 [Thread-1603] INFO  impl.RaftServerImpl (RaftServerImpl.java:setRole(171)) - edb6c4a3-9bf1-4f2e-8ef0-c37d9a0378de:group-4CB134825892 changes role from FOLLOWER to CANDIDATE at term 0 for changeToCandidate
2019-09-12 10:32:13,246 [Thread-1597] INFO  impl.RoleInfo (RoleInfo.java:updateAndGet(143)) - edb6c4a3-9bf1-4f2e-8ef0-c37d9a0378de: start LeaderElection
2019-09-12 10:32:13,248 [Thread-1603] INFO  impl.RoleInfo (RoleInfo.java:updateAndGet(143)) - edb6c4a3-9bf1-4f2e-8ef0-c37d9a0378de: start LeaderElection
2019-09-12 10:32:13,246 [57729e88-c64a-441d-a40e-ceaddf64552e:group-5A9978281853:LeaderElection127] INFO  impl.RaftServerImpl (ServerState.java:setLeader(263)) - 57729e88-c64a-441d-a40e-ceaddf64552e:group-5A9978281853 change Leader from null to 57729e88-c64a-441d-a40e-ceaddf64552e at term 1 for becomeLeader, leader elected after 6072ms
2019-09-12 10:32:13,247 [57729e88-c64a-441d-a40e-ceaddf64552e:group-423D56E48233:LeaderElection128] INFO  server.RaftServerConfigKeys (ConfUtils.java:logGet(43)) - raft.server.write.element-limit = 4096 (default)
2019-09-12 10:32:13,247 [57729e88-c64a-441d-a40e-ceaddf64552e:group-549A507F2AD4:LeaderElection129] INFO  server.RaftServerConfigKeys (ConfUtils.java:logGet(43)) - raft.server.rpc.sleep.time = 25ms (default)
2019-09-12 10:32:13,247 [57729e88-c64a-441d-a40e-ceaddf64552e:group-389AEFDBF23A:LeaderElection130] INFO  impl.RaftServerImpl (RaftServerImpl.java:setRole(171)) - 57729e88-c64a-441d-a40e-ceaddf64552e:group-389AEFDBF23A changes role from CANDIDATE to LEADER at term 1 for changeToLeader
2019-09-12 10:32:13,248 [57729e88-c64a-441d-a40e-ceaddf64552e:group-549A507F2AD4:LeaderElection129] INFO  server.RaftServerConfigKeys (ConfUtils.java:logGet(43)) - raft.server.write.element-limit = 4096 (default)
2019-09-12 10:32:13,248 [57729e88-c64a-441d-a40e-ceaddf64552e:group-423D56E48233:LeaderElection128] INFO  server.RaftServerConfigKeys (ConfUtils.java:logGet(43)) - raft.server.watch.timeout = 10s (default)
2019-09-12 10:32:13,248 [57729e88-c64a-441d-a40e-ceaddf64552e:group-5A9978281853:LeaderElection127] INFO  server.RaftServerConfigKeys (ConfUtils.java:logGet(43)) - raft.server.staging.catchup.gap = 1000 (default)
2019-09-12 10:32:13,249 [57729e88-c64a-441d-a40e-ceaddf64552e:group-423D56E48233:LeaderElection128] INFO  server.RaftServerConfigKeys (ConfUtils.java:logGet(43)) - raft.server.watch.timeout.denomination = 1s (default)
2019-09-12 10:32:13,248 [57729e88-c64a-441d-a40e-ceaddf64552e:group-549A507F2AD4:LeaderElection129] INFO  server.RaftServerConfigKeys (ConfUtils.java:logGet(43)) - raft.server.watch.timeout = 10s (default)
2019-09-12 10:32:13,248 [57729e88-c64a-441d-a40e-ceaddf64552e:group-389AEFDBF23A:LeaderElection130] INFO  impl.RaftServerImpl (ServerState.java:setLeader(263)) - 57729e88-c64a-441d-a40e-ceaddf64552e:group-389AEFDBF23A change Leader from null to 57729e88-c64a-441d-a40e-ceaddf64552e at term 1 for becomeLeader, leader elected after 5898ms
2019-09-12 10:32:13,249 [57729e88-c64a-441d-a40e-ceaddf64552e:group-549A507F2AD4:LeaderElection129] INFO  server.RaftServerConfigKeys (ConfUtils.java:logGet(43)) - raft.server.watch.timeout.denomination = 1s (default)
2019-09-12 10:32:13,249 [57729e88-c64a-441d-a40e-ceaddf64552e:group-423D56E48233:LeaderElection128] INFO  server.RaftServerConfigKeys (ConfUtils.java:logGet(43)) - raft.server.watch.element-limit = 65536 (default)
2019-09-12 10:32:13,249 [57729e88-c64a-441d-a40e-ceaddf64552e:group-5A9978281853:LeaderElection127] INFO  server.RaftServerConfigKeys (ConfUtils.java:logGet(43)) - raft.server.rpc.sleep.time = 25ms (default)
2019-09-12 10:32:13,249 [57729e88-c64a-441d-a40e-ceaddf64552e:group-549A507F2AD4:LeaderElection129] INFO  server.RaftServerConfigKeys (ConfUtils.java:logGet(43)) - raft.server.watch.element-limit = 65536 (default)
2019-09-12 10:32:13,249 [57729e88-c64a-441d-a40e-ceaddf64552e:group-389AEFDBF23A:LeaderElection130] INFO  server.RaftServerConfigKeys (ConfUtils.java:logGet(43)) - raft.server.staging.catchup.gap = 1000 (default)
2019-09-12 10:32:13,249 [57729e88-c64a-441d-a40e-ceaddf64552e:group-549A507F2AD4:LeaderElection129] INFO  impl.RoleInfo (RoleInfo.java:updateAndGet(143)) - 57729e88-c64a-441d-a40e-ceaddf64552e: start LeaderState
2019-09-12 10:32:13,249 [57729e88-c64a-441d-a40e-ceaddf64552e:group-5A9978281853:LeaderElection127] INFO  server.RaftServerConfigKeys (ConfUtils.java:logGet(43)) - raft.server.write.element-limit = 4096 (default)
2019-09-12 10:32:13,249 [57729e88-c64a-441d-a40e-ceaddf64552e:group-423D56E48233:LeaderElection128] INFO  impl.RoleInfo (RoleInfo.java:updateAndGet(143)) - 57729e88-c64a-441d-a40e-ceaddf64552e: start LeaderState
2019-09-12 10:32:13,250 [57729e88-c64a-441d-a40e-ceaddf64552e:group-5A9978281853:LeaderElection127] INFO  server.RaftServerConfigKeys (ConfUtils.java:logGet(43)) - raft.server.watch.timeout = 10s (default)
2019-09-12 10:32:13,250 [57729e88-c64a-441d-a40e-ceaddf64552e:group-549A507F2AD4:LeaderElection129] INFO  segmented.SegmentedRaftLogWorker (SegmentedRaftLogWorker.java:startLogSegment(380)) - 57729e88-c64a-441d-a40e-ceaddf64552e-SegmentedRaftLogWorker:Storage Directory /workdir/hadoop-ozone/integration-test/target/test-dir/MiniOzoneClusterImpl-39631bd2-f83c-4f24-acb2-4c1b273f2694/datanode-1/data/ratis/af871c48-a51c-42b7-bd31-549a507f2ad4: Starting segment from index:0
2019-09-12 10:32:13,250 [57729e88-c64a-441d-a40e-ceaddf64552e:group-389AEFDBF23A:LeaderElection130] INFO  server.RaftServerConfigKeys (ConfUtils.java:logGet(43)) - raft.server.rpc.sleep.time = 25ms (default)
2019-09-12 10:32:13,250 [57729e88-c64a-441d-a40e-ceaddf64552e:group-423D56E48233:LeaderElection128] INFO  segmented.SegmentedRaftLogWorker (SegmentedRaftLogWorker.java:startLogSegment(380)) - 57729e88-c64a-441d-a40e-ceaddf64552e-SegmentedRaftLogWorker:Storage Directory /workdir/hadoop-ozone/integration-test/target/test-dir/MiniOzoneClusterImpl-39631bd2-f83c-4f24-acb2-4c1b273f2694/datanode-1/data/ratis/b78cb103-c3af-48b2-b7ac-423d56e48233: Starting segment from index:0
2019-09-12 10:32:13,250 [57729e88-c64a-441d-a40e-ceaddf64552e:group-549A507F2AD4:LeaderElection129] INFO  impl.RaftServerImpl (ServerState.java:setRaftConf(361)) - 57729e88-c64a-441d-a40e-ceaddf64552e:group-549A507F2AD4 set configuration 0: [57729e88-c64a-441d-a40e-ceaddf64552e:192.168.36.114:37314], old=null at 0
2019-09-12 10:32:13,645 | INFO  | SCMAudit | user=jenkins1000 | ip=192.168.36.114 | op=SEND_HEARTBEAT {datanodeUUID=2d50b591-d6e4-490f-9fa0-973ad5423bd7, command=[]} | ret=SUCCESS |  
2019-09-12 10:32:13,645 | INFO  | SCMAudit | user=jenkins1000 | ip=192.168.36.114 | op=SEND_HEARTBEAT {datanodeUUID=c54af6f8-a22e-478f-90e1-029d14059a99, command=[]} | ret=SUCCESS |  
2019-09-12 10:32:13,646 | INFO  | SCMAudit | user=jenkins1000 | ip=192.168.36.114 | op=SEND_HEARTBEAT {datanodeUUID=ff438662-24cf-49bb-bfc5-3308ec6d286b, command=[]} | ret=SUCCESS |  
2019-09-12 10:32:13,647 | INFO  | SCMAudit | user=jenkins1000 | ip=192.168.36.114 | op=SEND_HEARTBEAT {datanodeUUID=9616c881-dbb1-48da-90dd-a872ed779a2e, command=[]} | ret=SUCCESS |  
2019-09-12 10:32:13,648 | INFO  | SCMAudit | user=jenkins1000 | ip=192.168.36.114 | op=SEND_HEARTBEAT {datanodeUUID=873ff125-9641-4674-9775-ec96c107c12e, command=[]} | ret=SUCCESS |  
2019-09-12 10:32:13,648 | INFO  | SCMAudit | user=jenkins1000 | ip=192.168.36.114 | op=SEND_HEARTBEAT {datanodeUUID=edb6c4a3-9bf1-4f2e-8ef0-c37d9a0378de, command=[]} | ret=SUCCESS |  
2019-09-12 10:32:13,648 | INFO  | SCMAudit | user=jenkins1000 | ip=192.168.36.114 | op=SEND_HEARTBEAT {datanodeUUID=57729e88-c64a-441d-a40e-ceaddf64552e, command=[]} | ret=SUCCESS |  
2019-09-12 10:32:13,649 | INFO  | SCMAudit | user=jenkins1000 | ip=192.168.36.114 | op=SEND_HEARTBEAT {datanodeUUID=f85b420b-0060-4bb9-9f68-598eed9b442f, command=[]} | ret=SUCCESS |  
2019-09-12 10:32:13,650 | INFO  | SCMAudit | user=jenkins1000 | ip=192.168.36.114 | op=SEND_HEARTBEAT {datanodeUUID=f8fc8350-8b83-4a15-89e6-430db21616f7, command=[]} | ret=SUCCESS |  
2019-09-12 10:32:13,250 [57729e88-c64a-441d-a40e-ceaddf64552e:group-5A9978281853:LeaderElection127] INFO  server.RaftServerConfigKeys (ConfUtils.java:logGet(43)) - raft.server.watch.timeout.denomination = 1s (default)
2019-09-12 10:32:14,119 | INFO  | SCMAudit | user=jenkins1000 | ip=192.168.36.114 | op=SEND_HEARTBEAT {datanodeUUID=b6dd7c38-f675-445e-811b-15cf17d56c0a, command=[]} | ret=SUCCESS |  
2019-09-12 10:32:14,119 | INFO  | SCMAudit | user=jenkins1000 | ip=192.168.36.114 | op=SEND_HEARTBEAT {datanodeUUID=2df0b56f-bcaf-45a1-b35e-f30a30c5f26c, command=[]} | ret=SUCCESS |  
2019-09-12 10:32:14,119 | INFO  | SCMAudit | user=jenkins1000 | ip=192.168.36.114 | op=SEND_HEARTBEAT {datanodeUUID=a95fd1d5-e9a9-4526-b4c7-6aa1a85e40e9, command=[]} | ret=SUCCESS |  
2019-09-12 10:32:14,120 | INFO  | SCMAudit | user=jenkins1000 | ip=192.168.36.114 | op=SEND_HEARTBEAT {datanodeUUID=22ce2f4b-d517-44cf-8041-712d813e08f3, command=[]} | ret=SUCCESS |  
2019-09-12 10:32:14,120 | INFO  | SCMAudit | user=jenkins1000 | ip=192.168.36.114 | op=SEND_HEARTBEAT {datanodeUUID=bcda0514-d42e-47ca-96fd-c0a633e872a8, command=[]} | ret=SUCCESS |  
2019-09-12 10:32:14,126 | INFO  | SCMAudit | user=jenkins1000 | ip=192.168.36.114 | op=SEND_HEARTBEAT {datanodeUUID=334c5273-7871-4d53-8b37-de05e5a3be10, command=[]} | ret=SUCCESS |  
2019-09-12 10:32:13,250 [main] INFO  handler.ContextHandler (ContextHandler.java:doStart(781)) - Started o.e.j.w.WebAppContext@7b5e5fa{/,file:///workdir/hadoop-ozone/integration-test/target/test-classes/webapps/scm/,AVAILABLE}{/scm}
2019-09-12 10:32:14,126 | INFO  | SCMAudit | user=jenkins1000 | ip=192.168.36.114 | op=SEND_HEARTBEAT {datanodeUUID=accf000b-d7b7-4fa5-9682-da82c4451e10, command=[]} | ret=SUCCESS |  
2019-09-12 10:32:14,126 | INFO  | SCMAudit | user=jenkins1000 | ip=192.168.36.114 | op=SEND_HEARTBEAT {datanodeUUID=f17b4253-95a0-4ee6-8ded-88f070f15b33, command=[]} | ret=SUCCESS |  
2019-09-12 10:32:14,125 [57729e88-c64a-441d-a40e-ceaddf64552e:group-423D56E48233:LeaderElection128] INFO  impl.RaftServerImpl (ServerState.java:setRaftConf(361)) - 57729e88-c64a-441d-a40e-ceaddf64552e:group-423D56E48233 set configuration 0: [57729e88-c64a-441d-a40e-ceaddf64552e:192.168.36.114:37314], old=null at 0
2019-09-12 10:32:14,126 | INFO  | SCMAudit | user=jenkins1000 | ip=192.168.36.114 | op=SEND_HEARTBEAT {datanodeUUID=eaeff1e2-de9c-4510-872d-283eb6c3c330, command=[]} | ret=SUCCESS |  
2019-09-12 10:32:14,126 [main] INFO  server.AbstractConnector (AbstractConnector.java:doStart(278)) - Started ServerConnector@24caa80{HTTP/1.1,[http/1.1]}{0.0.0.0:35807}
2019-09-12 10:32:14,122 [Thread-1612] INFO  impl.FollowerState (FollowerState.java:run(106)) - 2df0b56f-bcaf-45a1-b35e-f30a30c5f26c:group-9BE5978D5997 changes to CANDIDATE, lastRpcTime:5412, electionTimeout:5103ms
2019-09-12 10:32:14,138 | INFO  | SCMAudit | user=jenkins1000 | ip=192.168.36.114 | op=SEND_HEARTBEAT {datanodeUUID=2cb9d557-cb56-4745-8686-5e72b62e748a, command=[]} | ret=SUCCESS |  
2019-09-12 10:32:14,138 | INFO  | SCMAudit | user=jenkins1000 | ip=192.168.36.114 | op=SEND_HEARTBEAT {datanodeUUID=1349d5ba-07d4-450a-9218-4f0361201438, command=[]} | ret=SUCCESS |  
2019-09-12 10:32:14,138 | INFO  | SCMAudit | user=jenkins1000 | ip=192.168.36.114 | op=SEND_HEARTBEAT {datanodeUUID=5dd0cd62-5770-41dd-9e5a-f3f3eedc40c1, command=[]} | ret=SUCCESS |  
2019-09-12 10:32:14,138 | INFO  | SCMAudit | user=jenkins1000 | ip=192.168.36.114 | op=SEND_HEARTBEAT {datanodeUUID=d40ec8ee-ac9e-41d6-86bd-e74a05605b85, command=[]} | ret=SUCCESS |  
2019-09-12 10:32:14,117 [Thread-1618] INFO  impl.FollowerState (FollowerState.java:run(106)) - 2df0b56f-bcaf-45a1-b35e-f30a30c5f26c:group-21A7578423A9 changes to CANDIDATE, lastRpcTime:5232, electionTimeout:5077ms
2019-09-12 10:32:14,138 | INFO  | SCMAudit | user=jenkins1000 | ip=192.168.36.114 | op=SEND_HEARTBEAT {datanodeUUID=39df7a3f-9691-48d4-a2b1-6888489a5f8a, command=[]} | ret=SUCCESS |  
2019-09-12 10:32:14,117 [Thread-1615] INFO  impl.FollowerState (FollowerState.java:run(106)) - 2df0b56f-bcaf-45a1-b35e-f30a30c5f26c:group-7CA0681AC426 changes to CANDIDATE, lastRpcTime:5270, electionTimeout:5158ms
2019-09-12 10:32:14,138 | INFO  | SCMAudit | user=jenkins1000 | ip=192.168.36.114 | op=SEND_HEARTBEAT {datanodeUUID=c1e71898-521f-4627-a3f1-9884c4b96ced, command=[]} | ret=SUCCESS |  
2019-09-12 10:32:14,117 [Thread-1621] INFO  impl.FollowerState (FollowerState.java:run(106)) - 2df0b56f-bcaf-45a1-b35e-f30a30c5f26c:group-09DAD320AA03 changes to CANDIDATE, lastRpcTime:5193, electionTimeout:5133ms
2019-09-12 10:32:14,138 | INFO  | SCMAudit | user=jenkins1000 | ip=192.168.36.114 | op=SEND_HEARTBEAT {datanodeUUID=caccd92c-2544-4e02-86cf-95849f240c1b, command=[]} | ret=SUCCESS |  
2019-09-12 10:32:14,117 [Thread-1624] INFO  impl.FollowerState (FollowerState.java:run(106)) - 2df0b56f-bcaf-45a1-b35e-f30a30c5f26c:group-96CA4D480ADA changes to CANDIDATE, lastRpcTime:5155, electionTimeout:5101ms
2019-09-12 10:32:14,138 | INFO  | SCMAudit | user=jenkins1000 | ip=192.168.36.114 | op=SEND_HEARTBEAT {datanodeUUID=c9031a36-5f7c-4098-8bea-8a46141708a6, command=[]} | ret=SUCCESS |  
2019-09-12 10:32:14,138 | INFO  | SCMAudit | user=jenkins1000 | ip=192.168.36.114 | op=SEND_HEARTBEAT {datanodeUUID=d9d65fd8-d100-497d-8460-9a4cf62b4ad5, command=[]} | ret=SUCCESS |  
2019-09-12 10:32:14,139 | INFO  | SCMAudit | user=jenkins1000 | ip=192.168.36.114 | op=SEND_HEARTBEAT {datanodeUUID=ad8ae342-df06-4311-9d84-524877c98111, command=[]} | ret=SUCCESS |  
2019-09-12 10:32:13,650 [57729e88-c64a-441d-a40e-ceaddf64552e:group-5A9978281853:LeaderElection127] INFO  server.RaftServerConfigKeys (ConfUtils.java:logGet(43)) - raft.server.watch.element-limit = 65536 (default)
2019-09-12 10:32:13,650 [edb6c4a3-9bf1-4f2e-8ef0-c37d9a0378de:group-4CB134825892:LeaderElection133] INFO  impl.LeaderElection (LeaderElection.java:askForVotes(181)) - edb6c4a3-9bf1-4f2e-8ef0-c37d9a0378de:group-4CB134825892:LeaderElection133: begin an election at term 1 for -1: [edb6c4a3-9bf1-4f2e-8ef0-c37d9a0378de:192.168.36.114:33776], old=null
2019-09-12 10:32:13,650 [edb6c4a3-9bf1-4f2e-8ef0-c37d9a0378de:group-8B9E9E5536EA:LeaderElection131] INFO  impl.LeaderElection (LeaderElection.java:askForVotes(181)) - edb6c4a3-9bf1-4f2e-8ef0-c37d9a0378de:group-8B9E9E5536EA:LeaderElection131: begin an election at term 1 for -1: [edb6c4a3-9bf1-4f2e-8ef0-c37d9a0378de:192.168.36.114:33776], old=null
2019-09-12 10:32:13,650 [edb6c4a3-9bf1-4f2e-8ef0-c37d9a0378de:group-5178F88A38F2:LeaderElection132] INFO  impl.LeaderElection (LeaderElection.java:askForVotes(181)) - edb6c4a3-9bf1-4f2e-8ef0-c37d9a0378de:group-5178F88A38F2:LeaderElection132: begin an election at term 1 for -1: [edb6c4a3-9bf1-4f2e-8ef0-c37d9a0378de:192.168.36.114:33776], old=null
2019-09-12 10:32:13,649 [Thread-1600] WARN  util.JavaUtils (JavaUtils.java:sleep(250)) - Unexpected long sleep: sleep(5181ms) actually took 5512ms which is over the threshold 300ms
2019-09-12 10:32:13,649 [Thread-1609] WARN  util.JavaUtils (JavaUtils.java:sleep(250)) - Unexpected long sleep: sleep(5123ms) actually took 5429ms which is over the threshold 300ms
2019-09-12 10:32:13,649 [Thread-1606] INFO  impl.FollowerState (FollowerState.java:run(106)) - edb6c4a3-9bf1-4f2e-8ef0-c37d9a0378de:group-9A2FF8B7B8DF changes to CANDIDATE, lastRpcTime:5446, electionTimeout:5172ms
2019-09-12 10:32:13,250 [57729e88-c64a-441d-a40e-ceaddf64552e:group-389AEFDBF23A:LeaderElection130] INFO  server.RaftServerConfigKeys (ConfUtils.java:logGet(43)) - raft.server.write.element-limit = 4096 (default)
2019-09-12 10:32:14,139 [Thread-1606] INFO  impl.RoleInfo (RoleInfo.java:shutdownFollowerState(121)) - edb6c4a3-9bf1-4f2e-8ef0-c37d9a0378de: shutdown FollowerState
2019-09-12 10:32:14,139 [edb6c4a3-9bf1-4f2e-8ef0-c37d9a0378de:group-5178F88A38F2:LeaderElection132] INFO  impl.RoleInfo (RoleInfo.java:shutdownLeaderElection(134)) - edb6c4a3-9bf1-4f2e-8ef0-c37d9a0378de: shutdown LeaderElection
2019-09-12 10:32:14,139 [edb6c4a3-9bf1-4f2e-8ef0-c37d9a0378de:group-8B9E9E5536EA:LeaderElection131] INFO  impl.RoleInfo (RoleInfo.java:shutdownLeaderElection(134)) - edb6c4a3-9bf1-4f2e-8ef0-c37d9a0378de: shutdown LeaderElection
2019-09-12 10:32:14,140 [edb6c4a3-9bf1-4f2e-8ef0-c37d9a0378de:group-8B9E9E5536EA:LeaderElection131] INFO  impl.RaftServerImpl (RaftServerImpl.java:setRole(171)) - edb6c4a3-9bf1-4f2e-8ef0-c37d9a0378de:group-8B9E9E5536EA changes role from CANDIDATE to LEADER at term 1 for changeToLeader
2019-09-12 10:32:14,139 [edb6c4a3-9bf1-4f2e-8ef0-c37d9a0378de:group-4CB134825892:LeaderElection133] INFO  impl.RoleInfo (RoleInfo.java:shutdownLeaderElection(134)) - edb6c4a3-9bf1-4f2e-8ef0-c37d9a0378de: shutdown LeaderElection
2019-09-12 10:32:14,139 [57729e88-c64a-441d-a40e-ceaddf64552e:group-5A9978281853:LeaderElection127] INFO  impl.RoleInfo (RoleInfo.java:updateAndGet(143)) - 57729e88-c64a-441d-a40e-ceaddf64552e: start LeaderState
2019-09-12 10:32:14,138 [Thread-1624] INFO  impl.RoleInfo (RoleInfo.java:shutdownFollowerState(121)) - 2df0b56f-bcaf-45a1-b35e-f30a30c5f26c: shutdown FollowerState
2019-09-12 10:32:14,138 [Thread-1621] INFO  impl.RoleInfo (RoleInfo.java:shutdownFollowerState(121)) - 2df0b56f-bcaf-45a1-b35e-f30a30c5f26c: shutdown FollowerState
2019-09-12 10:32:14,141 [Thread-1621] INFO  impl.RaftServerImpl (RaftServerImpl.java:setRole(171)) - 2df0b56f-bcaf-45a1-b35e-f30a30c5f26c:group-09DAD320AA03 changes role from FOLLOWER to CANDIDATE at term 0 for changeToCandidate
2019-09-12 10:32:14,138 [Thread-1615] INFO  impl.RoleInfo (RoleInfo.java:shutdownFollowerState(121)) - 2df0b56f-bcaf-45a1-b35e-f30a30c5f26c: shutdown FollowerState
2019-09-12 10:32:14,138 [Thread-1618] INFO  impl.RoleInfo (RoleInfo.java:shutdownFollowerState(121)) - 2df0b56f-bcaf-45a1-b35e-f30a30c5f26c: shutdown FollowerState
2019-09-12 10:32:14,138 [Thread-1612] INFO  impl.RoleInfo (RoleInfo.java:shutdownFollowerState(121)) - 2df0b56f-bcaf-45a1-b35e-f30a30c5f26c: shutdown FollowerState
2019-09-12 10:32:14,138 [main] INFO  server.Server (Server.java:doStart(419)) - Started @65477ms
2019-09-12 10:32:14,141 [Thread-1612] INFO  impl.RaftServerImpl (RaftServerImpl.java:setRole(171)) - 2df0b56f-bcaf-45a1-b35e-f30a30c5f26c:group-9BE5978D5997 changes role from FOLLOWER to CANDIDATE at term 0 for changeToCandidate
2019-09-12 10:32:14,141 [Thread-1618] INFO  impl.RaftServerImpl (RaftServerImpl.java:setRole(171)) - 2df0b56f-bcaf-45a1-b35e-f30a30c5f26c:group-21A7578423A9 changes role from FOLLOWER to CANDIDATE at term 0 for changeToCandidate
2019-09-12 10:32:14,141 [Thread-1615] INFO  impl.RaftServerImpl (RaftServerImpl.java:setRole(171)) - 2df0b56f-bcaf-45a1-b35e-f30a30c5f26c:group-7CA0681AC426 changes role from FOLLOWER to CANDIDATE at term 0 for changeToCandidate
2019-09-12 10:32:14,141 [Thread-1621] INFO  impl.RoleInfo (RoleInfo.java:updateAndGet(143)) - 2df0b56f-bcaf-45a1-b35e-f30a30c5f26c: start LeaderElection
2019-09-12 10:32:14,140 [57729e88-c64a-441d-a40e-ceaddf64552e:group-5A9978281853:LeaderElection127] INFO  segmented.SegmentedRaftLogWorker (SegmentedRaftLogWorker.java:startLogSegment(380)) - 57729e88-c64a-441d-a40e-ceaddf64552e-SegmentedRaftLogWorker:Storage Directory /workdir/hadoop-ozone/integration-test/target/test-dir/MiniOzoneClusterImpl-39631bd2-f83c-4f24-acb2-4c1b273f2694/datanode-1/data/ratis/f4331232-7c5d-4be8-8a4b-5a9978281853: Starting segment from index:0
2019-09-12 10:32:14,140 [Thread-1624] INFO  impl.RaftServerImpl (RaftServerImpl.java:setRole(171)) - 2df0b56f-bcaf-45a1-b35e-f30a30c5f26c:group-96CA4D480ADA changes role from FOLLOWER to CANDIDATE at term 0 for changeToCandidate
2019-09-12 10:32:14,140 [edb6c4a3-9bf1-4f2e-8ef0-c37d9a0378de:group-4CB134825892:LeaderElection133] INFO  impl.RaftServerImpl (RaftServerImpl.java:setRole(171)) - edb6c4a3-9bf1-4f2e-8ef0-c37d9a0378de:group-4CB134825892 changes role from CANDIDATE to LEADER at term 1 for changeToLeader
2019-09-12 10:32:14,142 [edb6c4a3-9bf1-4f2e-8ef0-c37d9a0378de:group-4CB134825892:LeaderElection133] INFO  impl.RaftServerImpl (ServerState.java:setLeader(263)) - edb6c4a3-9bf1-4f2e-8ef0-c37d9a0378de:group-4CB134825892 change Leader from null to edb6c4a3-9bf1-4f2e-8ef0-c37d9a0378de at term 1 for becomeLeader, leader elected after 5970ms
2019-09-12 10:32:14,596 | INFO  | SCMAudit | user=jenkins1000 | ip=192.168.36.114 | op=SEND_HEARTBEAT {datanodeUUID=accf000b-d7b7-4fa5-9682-da82c4451e10, command=[]} | ret=SUCCESS |  
2019-09-12 10:32:14,597 | INFO  | SCMAudit | user=jenkins1000 | ip=192.168.36.114 | op=SEND_HEARTBEAT {datanodeUUID=2cb9d557-cb56-4745-8686-5e72b62e748a, command=[]} | ret=SUCCESS |  
2019-09-12 10:32:14,140 [edb6c4a3-9bf1-4f2e-8ef0-c37d9a0378de:group-8B9E9E5536EA:LeaderElection131] INFO  impl.RaftServerImpl (ServerState.java:setLeader(263)) - edb6c4a3-9bf1-4f2e-8ef0-c37d9a0378de:group-8B9E9E5536EA change Leader from null to edb6c4a3-9bf1-4f2e-8ef0-c37d9a0378de at term 1 for becomeLeader, leader elected after 6044ms
2019-09-12 10:32:14,140 [edb6c4a3-9bf1-4f2e-8ef0-c37d9a0378de:group-5178F88A38F2:LeaderElection132] INFO  impl.RaftServerImpl (RaftServerImpl.java:setRole(171)) - edb6c4a3-9bf1-4f2e-8ef0-c37d9a0378de:group-5178F88A38F2 changes role from CANDIDATE to LEADER at term 1 for changeToLeader
2019-09-12 10:32:14,140 [Thread-1606] INFO  impl.RaftServerImpl (RaftServerImpl.java:setRole(171)) - edb6c4a3-9bf1-4f2e-8ef0-c37d9a0378de:group-9A2FF8B7B8DF changes role from FOLLOWER to CANDIDATE at term 0 for changeToCandidate
2019-09-12 10:32:14,599 | INFO  | SCMAudit | user=jenkins1000 | ip=192.168.36.114 | op=SEND_HEARTBEAT {datanodeUUID=334c5273-7871-4d53-8b37-de05e5a3be10, command=[]} | ret=SUCCESS |  
2019-09-12 10:32:14,599 | INFO  | SCMAudit | user=jenkins1000 | ip=192.168.36.114 | op=SEND_HEARTBEAT {datanodeUUID=d9d65fd8-d100-497d-8460-9a4cf62b4ad5, command=[]} | ret=SUCCESS |  
2019-09-12 10:32:14,140 [57729e88-c64a-441d-a40e-ceaddf64552e:group-389AEFDBF23A:LeaderElection130] INFO  server.RaftServerConfigKeys (ConfUtils.java:logGet(43)) - raft.server.watch.timeout = 10s (default)
2019-09-12 10:32:14,599 [57729e88-c64a-441d-a40e-ceaddf64552e:group-389AEFDBF23A:LeaderElection130] INFO  server.RaftServerConfigKeys (ConfUtils.java:logGet(43)) - raft.server.watch.timeout.denomination = 1s (default)
2019-09-12 10:32:14,599 [Thread-1606] INFO  impl.RoleInfo (RoleInfo.java:updateAndGet(143)) - edb6c4a3-9bf1-4f2e-8ef0-c37d9a0378de: start LeaderElection
2019-09-12 10:32:14,598 [edb6c4a3-9bf1-4f2e-8ef0-c37d9a0378de:group-5178F88A38F2:LeaderElection132] INFO  impl.RaftServerImpl (ServerState.java:setLeader(263)) - edb6c4a3-9bf1-4f2e-8ef0-c37d9a0378de:group-5178F88A38F2 change Leader from null to edb6c4a3-9bf1-4f2e-8ef0-c37d9a0378de at term 1 for becomeLeader, leader elected after 6553ms
2019-09-12 10:32:14,598 [edb6c4a3-9bf1-4f2e-8ef0-c37d9a0378de:group-8B9E9E5536EA:LeaderElection131] INFO  server.RaftServerConfigKeys (ConfUtils.java:logGet(43)) - raft.server.staging.catchup.gap = 1000 (default)
2019-09-12 10:32:14,598 [main] INFO  server.BaseHttpServer (BaseHttpServer.java:updateConnectorAddress(213)) - HTTP server of SCM is listening at http://0.0.0.0:35807
2019-09-12 10:32:14,598 [Thread-1627] WARN  util.JavaUtils (JavaUtils.java:sleep(250)) - Unexpected long sleep: sleep(5128ms) actually took 5579ms which is over the threshold 300ms
2019-09-12 10:32:14,597 [Thread-1630] INFO  impl.FollowerState (FollowerState.java:run(106)) - f85b420b-0060-4bb9-9f68-598eed9b442f:group-5DC5B2DA0026 changes to CANDIDATE, lastRpcTime:5398, electionTimeout:5152ms
2019-09-12 10:32:14,597 [Thread-1636] INFO  impl.FollowerState (FollowerState.java:run(106)) - f85b420b-0060-4bb9-9f68-598eed9b442f:group-D5ABA948D560 changes to CANDIDATE, lastRpcTime:5306, electionTimeout:5061ms
2019-09-12 10:32:14,597 [Thread-1639] INFO  impl.FollowerState (FollowerState.java:run(106)) - f85b420b-0060-4bb9-9f68-598eed9b442f:group-141DB36F1FC4 changes to CANDIDATE, lastRpcTime:5268, electionTimeout:5076ms
2019-09-12 10:32:14,607 [org.apache.hadoop.util.JvmPauseMonitor$Monitor@44d36b56] INFO  util.JvmPauseMonitor (JvmPauseMonitor.java:run(188)) - Starting JVM pause monitor
2019-09-12 10:32:14,597 [Thread-1633] INFO  impl.FollowerState (FollowerState.java:run(106)) - f85b420b-0060-4bb9-9f68-598eed9b442f:group-13ABB81B8EF4 changes to CANDIDATE, lastRpcTime:5346, electionTimeout:5195ms
2019-09-12 10:32:14,597 [Thread-1645] INFO  impl.FollowerState (FollowerState.java:run(106)) - f85b420b-0060-4bb9-9f68-598eed9b442f:group-17D40E37C2DF changes to CANDIDATE, lastRpcTime:5193, electionTimeout:5083ms
2019-09-12 10:32:14,597 [Thread-1642] INFO  impl.FollowerState (FollowerState.java:run(106)) - f85b420b-0060-4bb9-9f68-598eed9b442f:group-8A5638F4F372 changes to CANDIDATE, lastRpcTime:5231, electionTimeout:5169ms
2019-09-12 10:32:14,597 [Thread-1648] INFO  impl.FollowerState (FollowerState.java:run(106)) - f8fc8350-8b83-4a15-89e6-430db21616f7:group-3BDA3D0903B3 changes to CANDIDATE, lastRpcTime:5095, electionTimeout:5059ms
2019-09-12 10:32:14,142 [edb6c4a3-9bf1-4f2e-8ef0-c37d9a0378de:group-4CB134825892:LeaderElection133] INFO  server.RaftServerConfigKeys (ConfUtils.java:logGet(43)) - raft.server.staging.catchup.gap = 1000 (default)
2019-09-12 10:32:14,142 [57729e88-c64a-441d-a40e-ceaddf64552e:group-5A9978281853:LeaderElection127] INFO  impl.RaftServerImpl (ServerState.java:setRaftConf(361)) - 57729e88-c64a-441d-a40e-ceaddf64552e:group-5A9978281853 set configuration 0: [57729e88-c64a-441d-a40e-ceaddf64552e:192.168.36.114:37314], old=null at 0
2019-09-12 10:32:14,142 [Thread-1624] INFO  impl.RoleInfo (RoleInfo.java:updateAndGet(143)) - 2df0b56f-bcaf-45a1-b35e-f30a30c5f26c: start LeaderElection
2019-09-12 10:32:14,141 [Thread-1615] INFO  impl.RoleInfo (RoleInfo.java:updateAndGet(143)) - 2df0b56f-bcaf-45a1-b35e-f30a30c5f26c: start LeaderElection
2019-09-12 10:32:14,141 [Thread-1618] INFO  impl.RoleInfo (RoleInfo.java:updateAndGet(143)) - 2df0b56f-bcaf-45a1-b35e-f30a30c5f26c: start LeaderElection
2019-09-12 10:32:14,141 [Thread-1612] INFO  impl.RoleInfo (RoleInfo.java:updateAndGet(143)) - 2df0b56f-bcaf-45a1-b35e-f30a30c5f26c: start LeaderElection
2019-09-12 10:32:14,608 [edb6c4a3-9bf1-4f2e-8ef0-c37d9a0378de:group-4CB134825892:LeaderElection133] INFO  server.RaftServerConfigKeys (ConfUtils.java:logGet(43)) - raft.server.rpc.sleep.time = 25ms (default)
2019-09-12 10:32:14,608 [Thread-1648] INFO  impl.RoleInfo (RoleInfo.java:shutdownFollowerState(121)) - f8fc8350-8b83-4a15-89e6-430db21616f7: shutdown FollowerState
2019-09-12 10:32:14,608 [Thread-1642] INFO  impl.RoleInfo (RoleInfo.java:shutdownFollowerState(121)) - f85b420b-0060-4bb9-9f68-598eed9b442f: shutdown FollowerState
2019-09-12 10:32:14,610 [Thread-1642] INFO  impl.RaftServerImpl (RaftServerImpl.java:setRole(171)) - f85b420b-0060-4bb9-9f68-598eed9b442f:group-8A5638F4F372 changes role from FOLLOWER to CANDIDATE at term 0 for changeToCandidate
2019-09-12 10:32:14,608 [Thread-1645] INFO  impl.RoleInfo (RoleInfo.java:shutdownFollowerState(121)) - f85b420b-0060-4bb9-9f68-598eed9b442f: shutdown FollowerState
2019-09-12 10:32:14,608 [Thread-1633] INFO  impl.RoleInfo (RoleInfo.java:shutdownFollowerState(121)) - f85b420b-0060-4bb9-9f68-598eed9b442f: shutdown FollowerState
2019-09-12 10:32:14,608 [Thread-1639] INFO  impl.RoleInfo (RoleInfo.java:shutdownFollowerState(121)) - f85b420b-0060-4bb9-9f68-598eed9b442f: shutdown FollowerState
2019-09-12 10:32:14,607 [Thread-1636] INFO  impl.RoleInfo (RoleInfo.java:shutdownFollowerState(121)) - f85b420b-0060-4bb9-9f68-598eed9b442f: shutdown FollowerState
2019-09-12 10:32:14,600 [main] WARN  server.ServerUtils (ServerUtils.java:getDBPath(222)) - ozone.om.db.dirs is not configured. We recommend adding this setting. Falling back to ozone.metadata.dirs instead.
2019-09-12 10:32:14,600 [Thread-1630] INFO  impl.RoleInfo (RoleInfo.java:shutdownFollowerState(121)) - f85b420b-0060-4bb9-9f68-598eed9b442f: shutdown FollowerState
2019-09-12 10:32:14,611 [Thread-1630] INFO  impl.RaftServerImpl (RaftServerImpl.java:setRole(171)) - f85b420b-0060-4bb9-9f68-598eed9b442f:group-5DC5B2DA0026 changes role from FOLLOWER to CANDIDATE at term 0 for changeToCandidate
2019-09-12 10:32:14,600 [edb6c4a3-9bf1-4f2e-8ef0-c37d9a0378de:group-8B9E9E5536EA:LeaderElection131] INFO  server.RaftServerConfigKeys (ConfUtils.java:logGet(43)) - raft.server.rpc.sleep.time = 25ms (default)
2019-09-12 10:32:14,600 [edb6c4a3-9bf1-4f2e-8ef0-c37d9a0378de:group-5178F88A38F2:LeaderElection132] INFO  server.RaftServerConfigKeys (ConfUtils.java:logGet(43)) - raft.server.staging.catchup.gap = 1000 (default)
2019-09-12 10:32:14,599 [57729e88-c64a-441d-a40e-ceaddf64552e:group-389AEFDBF23A:LeaderElection130] INFO  server.RaftServerConfigKeys (ConfUtils.java:logGet(43)) - raft.server.watch.element-limit = 65536 (default)
2019-09-12 10:32:14,611 [edb6c4a3-9bf1-4f2e-8ef0-c37d9a0378de:group-5178F88A38F2:LeaderElection132] INFO  server.RaftServerConfigKeys (ConfUtils.java:logGet(43)) - raft.server.rpc.sleep.time = 25ms (default)
2019-09-12 10:32:14,612 [57729e88-c64a-441d-a40e-ceaddf64552e:group-389AEFDBF23A:LeaderElection130] INFO  impl.RoleInfo (RoleInfo.java:updateAndGet(143)) - 57729e88-c64a-441d-a40e-ceaddf64552e: start LeaderState
2019-09-12 10:32:14,611 [edb6c4a3-9bf1-4f2e-8ef0-c37d9a0378de:group-8B9E9E5536EA:LeaderElection131] INFO  server.RaftServerConfigKeys (ConfUtils.java:logGet(43)) - raft.server.write.element-limit = 4096 (default)
2019-09-12 10:32:14,612 [57729e88-c64a-441d-a40e-ceaddf64552e:group-389AEFDBF23A:LeaderElection130] INFO  segmented.SegmentedRaftLogWorker (SegmentedRaftLogWorker.java:startLogSegment(380)) - 57729e88-c64a-441d-a40e-ceaddf64552e-SegmentedRaftLogWorker:Storage Directory /workdir/hadoop-ozone/integration-test/target/test-dir/MiniOzoneClusterImpl-39631bd2-f83c-4f24-acb2-4c1b273f2694/datanode-1/data/ratis/06ec1786-6467-45a8-8518-389aefdbf23a: Starting segment from index:0
2019-09-12 10:32:14,611 [Thread-1630] INFO  impl.RoleInfo (RoleInfo.java:updateAndGet(143)) - f85b420b-0060-4bb9-9f68-598eed9b442f: start LeaderElection
2019-09-12 10:32:14,610 [Thread-1639] INFO  impl.RaftServerImpl (RaftServerImpl.java:setRole(171)) - f85b420b-0060-4bb9-9f68-598eed9b442f:group-141DB36F1FC4 changes role from FOLLOWER to CANDIDATE at term 0 for changeToCandidate
2019-09-12 10:32:14,979 | INFO  | SCMAudit | user=jenkins1000 | ip=192.168.36.114 | op=SEND_HEARTBEAT {datanodeUUID=39df7a3f-9691-48d4-a2b1-6888489a5f8a, command=[]} | ret=SUCCESS |  
2019-09-12 10:32:14,979 | INFO  | SCMAudit | user=jenkins1000 | ip=192.168.36.114 | op=SEND_HEARTBEAT {datanodeUUID=edb6c4a3-9bf1-4f2e-8ef0-c37d9a0378de, command=[]} | ret=SUCCESS |  
2019-09-12 10:32:14,979 | INFO  | SCMAudit | user=jenkins1000 | ip=192.168.36.114 | op=SEND_HEARTBEAT {datanodeUUID=c9031a36-5f7c-4098-8bea-8a46141708a6, command=[]} | ret=SUCCESS |  
2019-09-12 10:32:14,979 | INFO  | SCMAudit | user=jenkins1000 | ip=192.168.36.114 | op=SEND_HEARTBEAT {datanodeUUID=57729e88-c64a-441d-a40e-ceaddf64552e, command=[]} | ret=SUCCESS |  
2019-09-12 10:32:14,979 | INFO  | SCMAudit | user=jenkins1000 | ip=192.168.36.114 | op=SEND_HEARTBEAT {datanodeUUID=f8fc8350-8b83-4a15-89e6-430db21616f7, command=[]} | ret=SUCCESS |  
2019-09-12 10:32:14,979 | INFO  | SCMAudit | user=jenkins1000 | ip=192.168.36.114 | op=SEND_HEARTBEAT {datanodeUUID=873ff125-9641-4674-9775-ec96c107c12e, command=[]} | ret=SUCCESS |  
2019-09-12 10:32:14,979 | INFO  | SCMAudit | user=jenkins1000 | ip=192.168.36.114 | op=SEND_HEARTBEAT {datanodeUUID=f85b420b-0060-4bb9-9f68-598eed9b442f, command=[]} | ret=SUCCESS |  
2019-09-12 10:32:14,980 | INFO  | SCMAudit | user=jenkins1000 | ip=192.168.36.114 | op=SEND_HEARTBEAT {datanodeUUID=9616c881-dbb1-48da-90dd-a872ed779a2e, command=[]} | ret=SUCCESS |  
2019-09-12 10:32:14,980 | INFO  | SCMAudit | user=jenkins1000 | ip=192.168.36.114 | op=SEND_HEARTBEAT {datanodeUUID=ff438662-24cf-49bb-bfc5-3308ec6d286b, command=[]} | ret=SUCCESS |  
2019-09-12 10:32:14,980 | INFO  | SCMAudit | user=jenkins1000 | ip=192.168.36.114 | op=SEND_HEARTBEAT {datanodeUUID=ad8ae342-df06-4311-9d84-524877c98111, command=[]} | ret=SUCCESS |  
2019-09-12 10:32:14,981 | INFO  | SCMAudit | user=jenkins1000 | ip=192.168.36.114 | op=SEND_HEARTBEAT {datanodeUUID=2d50b591-d6e4-490f-9fa0-973ad5423bd7, command=[]} | ret=SUCCESS |  
2019-09-12 10:32:14,981 | INFO  | SCMAudit | user=jenkins1000 | ip=192.168.36.114 | op=SEND_HEARTBEAT {datanodeUUID=c54af6f8-a22e-478f-90e1-029d14059a99, command=[]} | ret=SUCCESS |  
2019-09-12 10:32:14,610 [Thread-1636] INFO  impl.RaftServerImpl (RaftServerImpl.java:setRole(171)) - f85b420b-0060-4bb9-9f68-598eed9b442f:group-D5ABA948D560 changes role from FOLLOWER to CANDIDATE at term 0 for changeToCandidate
2019-09-12 10:32:14,612 [Thread-1639] INFO  impl.RoleInfo (RoleInfo.java:updateAndGet(143)) - f85b420b-0060-4bb9-9f68-598eed9b442f: start LeaderElection
2019-09-12 10:32:14,610 [Thread-1633] INFO  impl.RaftServerImpl (RaftServerImpl.java:setRole(171)) - f85b420b-0060-4bb9-9f68-598eed9b442f:group-13ABB81B8EF4 changes role from FOLLOWER to CANDIDATE at term 0 for changeToCandidate
2019-09-12 10:32:14,610 [Thread-1645] INFO  impl.RaftServerImpl (RaftServerImpl.java:setRole(171)) - f85b420b-0060-4bb9-9f68-598eed9b442f:group-17D40E37C2DF changes role from FOLLOWER to CANDIDATE at term 0 for changeToCandidate
2019-09-12 10:32:14,610 [Thread-1642] INFO  impl.RoleInfo (RoleInfo.java:updateAndGet(143)) - f85b420b-0060-4bb9-9f68-598eed9b442f: start LeaderElection
2019-09-12 10:32:14,610 [Thread-1648] INFO  impl.RaftServerImpl (RaftServerImpl.java:setRole(171)) - f8fc8350-8b83-4a15-89e6-430db21616f7:group-3BDA3D0903B3 changes role from FOLLOWER to CANDIDATE at term 0 for changeToCandidate
2019-09-12 10:32:14,610 [edb6c4a3-9bf1-4f2e-8ef0-c37d9a0378de:group-4CB134825892:LeaderElection133] INFO  server.RaftServerConfigKeys (ConfUtils.java:logGet(43)) - raft.server.write.element-limit = 4096 (default)
2019-09-12 10:32:14,982 [Thread-1648] INFO  impl.RoleInfo (RoleInfo.java:updateAndGet(143)) - f8fc8350-8b83-4a15-89e6-430db21616f7: start LeaderElection
2019-09-12 10:32:14,982 [Thread-1645] INFO  impl.RoleInfo (RoleInfo.java:updateAndGet(143)) - f85b420b-0060-4bb9-9f68-598eed9b442f: start LeaderElection
2019-09-12 10:32:14,982 [Thread-1633] INFO  impl.RoleInfo (RoleInfo.java:updateAndGet(143)) - f85b420b-0060-4bb9-9f68-598eed9b442f: start LeaderElection
2019-09-12 10:32:14,981 [Thread-1636] INFO  impl.RoleInfo (RoleInfo.java:updateAndGet(143)) - f85b420b-0060-4bb9-9f68-598eed9b442f: start LeaderElection
2019-09-12 10:32:14,981 [edb6c4a3-9bf1-4f2e-8ef0-c37d9a0378de:group-9A2FF8B7B8DF:LeaderElection139] INFO  impl.LeaderElection (LeaderElection.java:askForVotes(181)) - edb6c4a3-9bf1-4f2e-8ef0-c37d9a0378de:group-9A2FF8B7B8DF:LeaderElection139: begin an election at term 1 for -1: [edb6c4a3-9bf1-4f2e-8ef0-c37d9a0378de:192.168.36.114:33776], old=null
2019-09-12 10:32:14,981 [2df0b56f-bcaf-45a1-b35e-f30a30c5f26c:group-96CA4D480ADA:LeaderElection138] INFO  impl.LeaderElection (LeaderElection.java:askForVotes(181)) - 2df0b56f-bcaf-45a1-b35e-f30a30c5f26c:group-96CA4D480ADA:LeaderElection138: begin an election at term 1 for -1: [2df0b56f-bcaf-45a1-b35e-f30a30c5f26c:192.168.36.114:36485], old=null
2019-09-12 10:32:14,981 [2df0b56f-bcaf-45a1-b35e-f30a30c5f26c:group-09DAD320AA03:LeaderElection134] INFO  impl.LeaderElection (LeaderElection.java:askForVotes(181)) - 2df0b56f-bcaf-45a1-b35e-f30a30c5f26c:group-09DAD320AA03:LeaderElection134: begin an election at term 1 for -1: [2df0b56f-bcaf-45a1-b35e-f30a30c5f26c:192.168.36.114:36485], old=null
2019-09-12 10:32:14,981 [2df0b56f-bcaf-45a1-b35e-f30a30c5f26c:group-7CA0681AC426:LeaderElection137] INFO  impl.LeaderElection (LeaderElection.java:askForVotes(181)) - 2df0b56f-bcaf-45a1-b35e-f30a30c5f26c:group-7CA0681AC426:LeaderElection137: begin an election at term 1 for -1: [2df0b56f-bcaf-45a1-b35e-f30a30c5f26c:192.168.36.114:36485], old=null
2019-09-12 10:32:14,981 [2df0b56f-bcaf-45a1-b35e-f30a30c5f26c:group-9BE5978D5997:LeaderElection135] INFO  impl.LeaderElection (LeaderElection.java:askForVotes(181)) - 2df0b56f-bcaf-45a1-b35e-f30a30c5f26c:group-9BE5978D5997:LeaderElection135: begin an election at term 1 for -1: [2df0b56f-bcaf-45a1-b35e-f30a30c5f26c:192.168.36.114:36485], old=null
2019-09-12 10:32:14,981 [2df0b56f-bcaf-45a1-b35e-f30a30c5f26c:group-21A7578423A9:LeaderElection136] INFO  impl.LeaderElection (LeaderElection.java:askForVotes(181)) - 2df0b56f-bcaf-45a1-b35e-f30a30c5f26c:group-21A7578423A9:LeaderElection136: begin an election at term 1 for -1: [2df0b56f-bcaf-45a1-b35e-f30a30c5f26c:192.168.36.114:36485], old=null
2019-09-12 10:32:14,974 [Thread-1660] INFO  impl.FollowerState (FollowerState.java:run(106)) - f8fc8350-8b83-4a15-89e6-430db21616f7:group-B74BA9B994CE changes to CANDIDATE, lastRpcTime:5317, electionTimeout:5028ms
2019-09-12 10:32:14,974 [Thread-1651] INFO  impl.FollowerState (FollowerState.java:run(106)) - f8fc8350-8b83-4a15-89e6-430db21616f7:group-03200ECFAF5C changes to CANDIDATE, lastRpcTime:5432, electionTimeout:5172ms
2019-09-12 10:32:14,974 [Thread-1654] INFO  impl.FollowerState (FollowerState.java:run(106)) - f8fc8350-8b83-4a15-89e6-430db21616f7:group-4DA1475890E7 changes to CANDIDATE, lastRpcTime:5390, electionTimeout:5180ms
2019-09-12 10:32:14,974 [Thread-1657] INFO  impl.FollowerState (FollowerState.java:run(106)) - f8fc8350-8b83-4a15-89e6-430db21616f7:group-96015AD63434 changes to CANDIDATE, lastRpcTime:5346, electionTimeout:5093ms
2019-09-12 10:32:14,974 [Thread-1663] INFO  impl.FollowerState (FollowerState.java:run(106)) - f8fc8350-8b83-4a15-89e6-430db21616f7:group-93612170F5B0 changes to CANDIDATE, lastRpcTime:5298, electionTimeout:5094ms
2019-09-12 10:32:14,974 [a95fd1d5-e9a9-4526-b4c7-6aa1a85e40e9-SegmentedRaftLogWorker:Storage Directory /workdir/hadoop-ozone/integration-test/target/test-dir/MiniOzoneClusterImpl-39631bd2-f83c-4f24-acb2-4c1b273f2694/datanode-0/data/ratis/07b1bfd0-c5d2-4d33-9029-998ed9c1851a] ERROR segmented.SegmentedRaftLogWorker (SegmentedRaftLogWorker.java:run(323)) - a95fd1d5-e9a9-4526-b4c7-6aa1a85e40e9-SegmentedRaftLogWorker:Storage Directory /workdir/hadoop-ozone/integration-test/target/test-dir/MiniOzoneClusterImpl-39631bd2-f83c-4f24-acb2-4c1b273f2694/datanode-0/data/ratis/07b1bfd0-c5d2-4d33-9029-998ed9c1851a hit exception
java.lang.OutOfMemoryError: Direct buffer memory
	at java.nio.Bits.reserveMemory(Bits.java:666)
	at java.nio.DirectByteBuffer.<init>(DirectByteBuffer.java:123)
	at java.nio.ByteBuffer.allocateDirect(ByteBuffer.java:311)
	at org.apache.ratis.server.raftlog.segmented.BufferedWriteChannel.<init>(BufferedWriteChannel.java:41)
	at org.apache.ratis.server.raftlog.segmented.SegmentedRaftLogOutputStream.<init>(SegmentedRaftLogOutputStream.java:72)
	at org.apache.ratis.server.raftlog.segmented.SegmentedRaftLogWorker$StartLogSegment.execute(SegmentedRaftLogWorker.java:566)
	at org.apache.ratis.server.raftlog.segmented.SegmentedRaftLogWorker.run(SegmentedRaftLogWorker.java:289)
	at java.lang.Thread.run(Thread.java:748)
2019-09-12 10:32:14,612 [57729e88-c64a-441d-a40e-ceaddf64552e:group-389AEFDBF23A:LeaderElection130] INFO  impl.RaftServerImpl (ServerState.java:setRaftConf(361)) - 57729e88-c64a-441d-a40e-ceaddf64552e:group-389AEFDBF23A set configuration 0: [57729e88-c64a-441d-a40e-ceaddf64552e:192.168.36.114:37314], old=null at 0
2019-09-12 10:32:14,612 [edb6c4a3-9bf1-4f2e-8ef0-c37d9a0378de:group-8B9E9E5536EA:LeaderElection131] INFO  server.RaftServerConfigKeys (ConfUtils.java:logGet(43)) - raft.server.watch.timeout = 10s (default)
2019-09-12 10:32:14,612 [edb6c4a3-9bf1-4f2e-8ef0-c37d9a0378de:group-5178F88A38F2:LeaderElection132] INFO  server.RaftServerConfigKeys (ConfUtils.java:logGet(43)) - raft.server.write.element-limit = 4096 (default)
2019-09-12 10:32:14,985 [edb6c4a3-9bf1-4f2e-8ef0-c37d9a0378de:group-8B9E9E5536EA:LeaderElection131] INFO  server.RaftServerConfigKeys (ConfUtils.java:logGet(43)) - raft.server.watch.timeout.denomination = 1s (default)
2019-09-12 10:32:14,985 [a95fd1d5-e9a9-4526-b4c7-6aa1a85e40e9-SegmentedRaftLogWorker:Storage Directory /workdir/hadoop-ozone/integration-test/target/test-dir/MiniOzoneClusterImpl-39631bd2-f83c-4f24-acb2-4c1b273f2694/datanode-0/data/ratis/07b1bfd0-c5d2-4d33-9029-998ed9c1851a] INFO  impl.RaftServerImpl (RaftServerImpl.java:lambda$shutdown$3(245)) - a95fd1d5-e9a9-4526-b4c7-6aa1a85e40e9: shutdown group-998ED9C1851A
2019-09-12 10:32:14,985 [Thread-1663] INFO  impl.RoleInfo (RoleInfo.java:shutdownFollowerState(121)) - f8fc8350-8b83-4a15-89e6-430db21616f7: shutdown FollowerState
2019-09-12 10:32:14,986 [Thread-1663] INFO  impl.RaftServerImpl (RaftServerImpl.java:setRole(171)) - f8fc8350-8b83-4a15-89e6-430db21616f7:group-93612170F5B0 changes role from FOLLOWER to CANDIDATE at term 0 for changeToCandidate
2019-09-12 10:32:14,985 [Thread-1657] INFO  impl.RoleInfo (RoleInfo.java:shutdownFollowerState(121)) - f8fc8350-8b83-4a15-89e6-430db21616f7: shutdown FollowerState
2019-09-12 10:32:14,986 [Thread-1657] INFO  impl.RaftServerImpl (RaftServerImpl.java:setRole(171)) - f8fc8350-8b83-4a15-89e6-430db21616f7:group-96015AD63434 changes role from FOLLOWER to CANDIDATE at term 0 for changeToCandidate
2019-09-12 10:32:14,984 [Thread-1654] INFO  impl.RoleInfo (RoleInfo.java:shutdownFollowerState(121)) - f8fc8350-8b83-4a15-89e6-430db21616f7: shutdown FollowerState
2019-09-12 10:32:14,986 [Thread-1654] INFO  impl.RaftServerImpl (RaftServerImpl.java:setRole(171)) - f8fc8350-8b83-4a15-89e6-430db21616f7:group-4DA1475890E7 changes role from FOLLOWER to CANDIDATE at term 0 for changeToCandidate
2019-09-12 10:32:14,984 [Thread-1651] INFO  impl.RoleInfo (RoleInfo.java:shutdownFollowerState(121)) - f8fc8350-8b83-4a15-89e6-430db21616f7: shutdown FollowerState
2019-09-12 10:32:14,984 [Thread-1660] INFO  impl.RoleInfo (RoleInfo.java:shutdownFollowerState(121)) - f8fc8350-8b83-4a15-89e6-430db21616f7: shutdown FollowerState
2019-09-12 10:32:14,986 [Thread-1660] INFO  impl.RaftServerImpl (RaftServerImpl.java:setRole(171)) - f8fc8350-8b83-4a15-89e6-430db21616f7:group-B74BA9B994CE changes role from FOLLOWER to CANDIDATE at term 0 for changeToCandidate
2019-09-12 10:32:14,984 [2df0b56f-bcaf-45a1-b35e-f30a30c5f26c:group-21A7578423A9:LeaderElection136] INFO  impl.RoleInfo (RoleInfo.java:shutdownLeaderElection(134)) - 2df0b56f-bcaf-45a1-b35e-f30a30c5f26c: shutdown LeaderElection
2019-09-12 10:32:14,984 [2df0b56f-bcaf-45a1-b35e-f30a30c5f26c:group-9BE5978D5997:LeaderElection135] INFO  impl.RoleInfo (RoleInfo.java:shutdownLeaderElection(134)) - 2df0b56f-bcaf-45a1-b35e-f30a30c5f26c: shutdown LeaderElection
2019-09-12 10:32:14,984 [2df0b56f-bcaf-45a1-b35e-f30a30c5f26c:group-7CA0681AC426:LeaderElection137] INFO  impl.RoleInfo (RoleInfo.java:shutdownLeaderElection(134)) - 2df0b56f-bcaf-45a1-b35e-f30a30c5f26c: shutdown LeaderElection
2019-09-12 10:32:14,987 [2df0b56f-bcaf-45a1-b35e-f30a30c5f26c:group-7CA0681AC426:LeaderElection137] INFO  impl.RaftServerImpl (RaftServerImpl.java:setRole(171)) - 2df0b56f-bcaf-45a1-b35e-f30a30c5f26c:group-7CA0681AC426 changes role from CANDIDATE to LEADER at term 1 for changeToLeader
2019-09-12 10:32:14,984 [2df0b56f-bcaf-45a1-b35e-f30a30c5f26c:group-96CA4D480ADA:LeaderElection138] INFO  impl.RoleInfo (RoleInfo.java:shutdownLeaderElection(134)) - 2df0b56f-bcaf-45a1-b35e-f30a30c5f26c: shutdown LeaderElection
2019-09-12 10:32:14,984 [2df0b56f-bcaf-45a1-b35e-f30a30c5f26c:group-09DAD320AA03:LeaderElection134] INFO  impl.RoleInfo (RoleInfo.java:shutdownLeaderElection(134)) - 2df0b56f-bcaf-45a1-b35e-f30a30c5f26c: shutdown LeaderElection
2019-09-12 10:32:14,983 [edb6c4a3-9bf1-4f2e-8ef0-c37d9a0378de:group-9A2FF8B7B8DF:LeaderElection139] INFO  impl.RoleInfo (RoleInfo.java:shutdownLeaderElection(134)) - edb6c4a3-9bf1-4f2e-8ef0-c37d9a0378de: shutdown LeaderElection
2019-09-12 10:32:14,983 [edb6c4a3-9bf1-4f2e-8ef0-c37d9a0378de:group-4CB134825892:LeaderElection133] INFO  server.RaftServerConfigKeys (ConfUtils.java:logGet(43)) - raft.server.watch.timeout = 10s (default)
2019-09-12 10:32:14,987 [edb6c4a3-9bf1-4f2e-8ef0-c37d9a0378de:group-9A2FF8B7B8DF:LeaderElection139] INFO  impl.RaftServerImpl (RaftServerImpl.java:setRole(171)) - edb6c4a3-9bf1-4f2e-8ef0-c37d9a0378de:group-9A2FF8B7B8DF changes role from CANDIDATE to LEADER at term 1 for changeToLeader
2019-09-12 10:32:14,988 [edb6c4a3-9bf1-4f2e-8ef0-c37d9a0378de:group-9A2FF8B7B8DF:LeaderElection139] INFO  impl.RaftServerImpl (ServerState.java:setLeader(263)) - edb6c4a3-9bf1-4f2e-8ef0-c37d9a0378de:group-9A2FF8B7B8DF change Leader from null to edb6c4a3-9bf1-4f2e-8ef0-c37d9a0378de at term 1 for becomeLeader, leader elected after 6788ms
2019-09-12 10:32:14,987 [2df0b56f-bcaf-45a1-b35e-f30a30c5f26c:group-09DAD320AA03:LeaderElection134] INFO  impl.RaftServerImpl (RaftServerImpl.java:setRole(171)) - 2df0b56f-bcaf-45a1-b35e-f30a30c5f26c:group-09DAD320AA03 changes role from CANDIDATE to LEADER at term 1 for changeToLeader
2019-09-12 10:32:14,988 [edb6c4a3-9bf1-4f2e-8ef0-c37d9a0378de:group-9A2FF8B7B8DF:LeaderElection139] INFO  server.RaftServerConfigKeys (ConfUtils.java:logGet(43)) - raft.server.staging.catchup.gap = 1000 (default)
2019-09-12 10:32:14,987 [2df0b56f-bcaf-45a1-b35e-f30a30c5f26c:group-96CA4D480ADA:LeaderElection138] INFO  impl.RaftServerImpl (RaftServerImpl.java:setRole(171)) - 2df0b56f-bcaf-45a1-b35e-f30a30c5f26c:group-96CA4D480ADA changes role from CANDIDATE to LEADER at term 1 for changeToLeader
2019-09-12 10:32:14,987 [2df0b56f-bcaf-45a1-b35e-f30a30c5f26c:group-7CA0681AC426:LeaderElection137] INFO  impl.RaftServerImpl (ServerState.java:setLeader(263)) - 2df0b56f-bcaf-45a1-b35e-f30a30c5f26c:group-7CA0681AC426 change Leader from null to 2df0b56f-bcaf-45a1-b35e-f30a30c5f26c at term 1 for becomeLeader, leader elected after 6143ms
2019-09-12 10:32:14,987 [2df0b56f-bcaf-45a1-b35e-f30a30c5f26c:group-9BE5978D5997:LeaderElection135] INFO  impl.RaftServerImpl (RaftServerImpl.java:setRole(171)) - 2df0b56f-bcaf-45a1-b35e-f30a30c5f26c:group-9BE5978D5997 changes role from CANDIDATE to LEADER at term 1 for changeToLeader
2019-09-12 10:32:14,987 [2df0b56f-bcaf-45a1-b35e-f30a30c5f26c:group-21A7578423A9:LeaderElection136] INFO  impl.RaftServerImpl (RaftServerImpl.java:setRole(171)) - 2df0b56f-bcaf-45a1-b35e-f30a30c5f26c:group-21A7578423A9 changes role from CANDIDATE to LEADER at term 1 for changeToLeader
2019-09-12 10:32:14,988 [2df0b56f-bcaf-45a1-b35e-f30a30c5f26c:group-21A7578423A9:LeaderElection136] INFO  impl.RaftServerImpl (ServerState.java:setLeader(263)) - 2df0b56f-bcaf-45a1-b35e-f30a30c5f26c:group-21A7578423A9 change Leader from null to 2df0b56f-bcaf-45a1-b35e-f30a30c5f26c at term 1 for becomeLeader, leader elected after 6107ms
2019-09-12 10:32:14,987 [Thread-1660] INFO  impl.RoleInfo (RoleInfo.java:updateAndGet(143)) - f8fc8350-8b83-4a15-89e6-430db21616f7: start LeaderElection
2019-09-12 10:32:14,986 [Thread-1651] INFO  impl.RaftServerImpl (RaftServerImpl.java:setRole(171)) - f8fc8350-8b83-4a15-89e6-430db21616f7:group-03200ECFAF5C changes role from FOLLOWER to CANDIDATE at term 0 for changeToCandidate
2019-09-12 10:32:14,986 [Thread-1654] INFO  impl.RoleInfo (RoleInfo.java:updateAndGet(143)) - f8fc8350-8b83-4a15-89e6-430db21616f7: start LeaderElection
2019-09-12 10:32:14,986 [Thread-1657] INFO  impl.RoleInfo (RoleInfo.java:updateAndGet(143)) - f8fc8350-8b83-4a15-89e6-430db21616f7: start LeaderElection
2019-09-12 10:32:14,986 [Thread-1663] INFO  impl.RoleInfo (RoleInfo.java:updateAndGet(143)) - f8fc8350-8b83-4a15-89e6-430db21616f7: start LeaderElection
2019-09-12 10:32:14,986 [a95fd1d5-e9a9-4526-b4c7-6aa1a85e40e9-SegmentedRaftLogWorker:Storage Directory /workdir/hadoop-ozone/integration-test/target/test-dir/MiniOzoneClusterImpl-39631bd2-f83c-4f24-acb2-4c1b273f2694/datanode-0/data/ratis/07b1bfd0-c5d2-4d33-9029-998ed9c1851a] INFO  util.JmxRegister (JmxRegister.java:unregister(73)) - Successfully un-registered JMX Bean with object name Ratis:service=RaftServer,group=group-998ED9C1851A,id=a95fd1d5-e9a9-4526-b4c7-6aa1a85e40e9
2019-09-12 10:32:14,986 [edb6c4a3-9bf1-4f2e-8ef0-c37d9a0378de:group-8B9E9E5536EA:LeaderElection131] INFO  server.RaftServerConfigKeys (ConfUtils.java:logGet(43)) - raft.server.watch.element-limit = 65536 (default)
2019-09-12 10:32:14,985 [edb6c4a3-9bf1-4f2e-8ef0-c37d9a0378de:group-5178F88A38F2:LeaderElection132] INFO  server.RaftServerConfigKeys (ConfUtils.java:logGet(43)) - raft.server.watch.timeout = 10s (default)
2019-09-12 10:32:14,989 [a95fd1d5-e9a9-4526-b4c7-6aa1a85e40e9-SegmentedRaftLogWorker:Storage Directory /workdir/hadoop-ozone/integration-test/target/test-dir/MiniOzoneClusterImpl-39631bd2-f83c-4f24-acb2-4c1b273f2694/datanode-0/data/ratis/07b1bfd0-c5d2-4d33-9029-998ed9c1851a] INFO  impl.RoleInfo (RoleInfo.java:shutdownLeaderState(104)) - a95fd1d5-e9a9-4526-b4c7-6aa1a85e40e9: shutdown LeaderState
2019-09-12 10:32:14,989 [Thread-1651] INFO  impl.RoleInfo (RoleInfo.java:updateAndGet(143)) - f8fc8350-8b83-4a15-89e6-430db21616f7: start LeaderElection
2019-09-12 10:32:14,989 [2df0b56f-bcaf-45a1-b35e-f30a30c5f26c:group-21A7578423A9:LeaderElection136] INFO  server.RaftServerConfigKeys (ConfUtils.java:logGet(43)) - raft.server.staging.catchup.gap = 1000 (default)
2019-09-12 10:32:14,988 [2df0b56f-bcaf-45a1-b35e-f30a30c5f26c:group-9BE5978D5997:LeaderElection135] INFO  impl.RaftServerImpl (ServerState.java:setLeader(263)) - 2df0b56f-bcaf-45a1-b35e-f30a30c5f26c:group-9BE5978D5997 change Leader from null to 2df0b56f-bcaf-45a1-b35e-f30a30c5f26c at term 1 for becomeLeader, leader elected after 6282ms
2019-09-12 10:32:14,988 [2df0b56f-bcaf-45a1-b35e-f30a30c5f26c:group-7CA0681AC426:LeaderElection137] INFO  server.RaftServerConfigKeys (ConfUtils.java:logGet(43)) - raft.server.staging.catchup.gap = 1000 (default)
2019-09-12 10:32:14,988 [2df0b56f-bcaf-45a1-b35e-f30a30c5f26c:group-96CA4D480ADA:LeaderElection138] INFO  impl.RaftServerImpl (ServerState.java:setLeader(263)) - 2df0b56f-bcaf-45a1-b35e-f30a30c5f26c:group-96CA4D480ADA change Leader from null to 2df0b56f-bcaf-45a1-b35e-f30a30c5f26c at term 1 for becomeLeader, leader elected after 6028ms
2019-09-12 10:32:14,988 [edb6c4a3-9bf1-4f2e-8ef0-c37d9a0378de:group-9A2FF8B7B8DF:LeaderElection139] INFO  server.RaftServerConfigKeys (ConfUtils.java:logGet(43)) - raft.server.rpc.sleep.time = 25ms (default)
2019-09-12 10:32:14,988 [2df0b56f-bcaf-45a1-b35e-f30a30c5f26c:group-09DAD320AA03:LeaderElection134] INFO  impl.RaftServerImpl (ServerState.java:setLeader(263)) - 2df0b56f-bcaf-45a1-b35e-f30a30c5f26c:group-09DAD320AA03 change Leader from null to 2df0b56f-bcaf-45a1-b35e-f30a30c5f26c at term 1 for becomeLeader, leader elected after 6067ms
2019-09-12 10:32:14,991 [edb6c4a3-9bf1-4f2e-8ef0-c37d9a0378de:group-9A2FF8B7B8DF:LeaderElection139] INFO  server.RaftServerConfigKeys (ConfUtils.java:logGet(43)) - raft.server.write.element-limit = 4096 (default)
2019-09-12 10:32:14,987 [edb6c4a3-9bf1-4f2e-8ef0-c37d9a0378de:group-4CB134825892:LeaderElection133] INFO  server.RaftServerConfigKeys (ConfUtils.java:logGet(43)) - raft.server.watch.timeout.denomination = 1s (default)
2019-09-12 10:32:14,991 [edb6c4a3-9bf1-4f2e-8ef0-c37d9a0378de:group-9A2FF8B7B8DF:LeaderElection139] INFO  server.RaftServerConfigKeys (ConfUtils.java:logGet(43)) - raft.server.watch.timeout = 10s (default)
2019-09-12 10:32:14,991 [2df0b56f-bcaf-45a1-b35e-f30a30c5f26c:group-09DAD320AA03:LeaderElection134] INFO  server.RaftServerConfigKeys (ConfUtils.java:logGet(43)) - raft.server.staging.catchup.gap = 1000 (default)
2019-09-12 10:32:14,991 [2df0b56f-bcaf-45a1-b35e-f30a30c5f26c:group-96CA4D480ADA:LeaderElection138] INFO  server.RaftServerConfigKeys (ConfUtils.java:logGet(43)) - raft.server.staging.catchup.gap = 1000 (default)
2019-09-12 10:32:14,990 [2df0b56f-bcaf-45a1-b35e-f30a30c5f26c:group-7CA0681AC426:LeaderElection137] INFO  server.RaftServerConfigKeys (ConfUtils.java:logGet(43)) - raft.server.rpc.sleep.time = 25ms (default)
2019-09-12 10:32:14,990 [2df0b56f-bcaf-45a1-b35e-f30a30c5f26c:group-9BE5978D5997:LeaderElection135] INFO  server.RaftServerConfigKeys (ConfUtils.java:logGet(43)) - raft.server.staging.catchup.gap = 1000 (default)
2019-09-12 10:32:14,990 [2df0b56f-bcaf-45a1-b35e-f30a30c5f26c:group-21A7578423A9:LeaderElection136] INFO  server.RaftServerConfigKeys (ConfUtils.java:logGet(43)) - raft.server.rpc.sleep.time = 25ms (default)
2019-09-12 10:32:14,990 [a95fd1d5-e9a9-4526-b4c7-6aa1a85e40e9-SegmentedRaftLogWorker:Storage Directory /workdir/hadoop-ozone/integration-test/target/test-dir/MiniOzoneClusterImpl-39631bd2-f83c-4f24-acb2-4c1b273f2694/datanode-0/data/ratis/07b1bfd0-c5d2-4d33-9029-998ed9c1851a] INFO  impl.PendingRequests (PendingRequests.java:sendNotLeaderResponses(202)) - a95fd1d5-e9a9-4526-b4c7-6aa1a85e40e9-PendingRequests: sendNotLeaderResponses
2019-09-12 10:32:14,990 [edb6c4a3-9bf1-4f2e-8ef0-c37d9a0378de:group-5178F88A38F2:LeaderElection132] INFO  server.RaftServerConfigKeys (ConfUtils.java:logGet(43)) - raft.server.watch.timeout.denomination = 1s (default)
2019-09-12 10:32:14,992 [edb6c4a3-9bf1-4f2e-8ef0-c37d9a0378de:group-5178F88A38F2:LeaderElection132] INFO  server.RaftServerConfigKeys (ConfUtils.java:logGet(43)) - raft.server.watch.element-limit = 65536 (default)
2019-09-12 10:32:14,990 [edb6c4a3-9bf1-4f2e-8ef0-c37d9a0378de:group-8B9E9E5536EA:LeaderElection131] INFO  impl.RoleInfo (RoleInfo.java:updateAndGet(143)) - edb6c4a3-9bf1-4f2e-8ef0-c37d9a0378de: start LeaderState
2019-09-12 10:32:14,992 [edb6c4a3-9bf1-4f2e-8ef0-c37d9a0378de:group-5178F88A38F2:LeaderElection132] INFO  impl.RoleInfo (RoleInfo.java:updateAndGet(143)) - edb6c4a3-9bf1-4f2e-8ef0-c37d9a0378de: start LeaderState
2019-09-12 10:32:14,992 [a95fd1d5-e9a9-4526-b4c7-6aa1a85e40e9-SegmentedRaftLogWorker:Storage Directory /workdir/hadoop-ozone/integration-test/target/test-dir/MiniOzoneClusterImpl-39631bd2-f83c-4f24-acb2-4c1b273f2694/datanode-0/data/ratis/07b1bfd0-c5d2-4d33-9029-998ed9c1851a] INFO  impl.StateMachineUpdater (StateMachineUpdater.java:stopAndJoin(115)) - StateMachineUpdater:a95fd1d5-e9a9-4526-b4c7-6aa1a85e40e9:group-998ED9C1851A: set stopIndex = -1
2019-09-12 10:32:14,992 [2df0b56f-bcaf-45a1-b35e-f30a30c5f26c:group-21A7578423A9:LeaderElection136] INFO  server.RaftServerConfigKeys (ConfUtils.java:logGet(43)) - raft.server.write.element-limit = 4096 (default)
2019-09-12 10:32:14,992 [2df0b56f-bcaf-45a1-b35e-f30a30c5f26c:group-9BE5978D5997:LeaderElection135] INFO  server.RaftServerConfigKeys (ConfUtils.java:logGet(43)) - raft.server.rpc.sleep.time = 25ms (default)
2019-09-12 10:32:14,992 [2df0b56f-bcaf-45a1-b35e-f30a30c5f26c:group-7CA0681AC426:LeaderElection137] INFO  server.RaftServerConfigKeys (ConfUtils.java:logGet(43)) - raft.server.write.element-limit = 4096 (default)
2019-09-12 10:32:14,991 [2df0b56f-bcaf-45a1-b35e-f30a30c5f26c:group-96CA4D480ADA:LeaderElection138] INFO  server.RaftServerConfigKeys (ConfUtils.java:logGet(43)) - raft.server.rpc.sleep.time = 25ms (default)
2019-09-12 10:32:14,991 [2df0b56f-bcaf-45a1-b35e-f30a30c5f26c:group-09DAD320AA03:LeaderElection134] INFO  server.RaftServerConfigKeys (ConfUtils.java:logGet(43)) - raft.server.rpc.sleep.time = 25ms (default)
2019-09-12 10:32:14,991 [edb6c4a3-9bf1-4f2e-8ef0-c37d9a0378de:group-9A2FF8B7B8DF:LeaderElection139] INFO  server.RaftServerConfigKeys (ConfUtils.java:logGet(43)) - raft.server.watch.timeout.denomination = 1s (default)
2019-09-12 10:32:14,991 [edb6c4a3-9bf1-4f2e-8ef0-c37d9a0378de:group-4CB134825892:LeaderElection133] INFO  server.RaftServerConfigKeys (ConfUtils.java:logGet(43)) - raft.server.watch.element-limit = 65536 (default)
2019-09-12 10:32:14,993 [edb6c4a3-9bf1-4f2e-8ef0-c37d9a0378de:group-9A2FF8B7B8DF:LeaderElection139] INFO  server.RaftServerConfigKeys (ConfUtils.java:logGet(43)) - raft.server.watch.element-limit = 65536 (default)
2019-09-12 10:32:14,993 [2df0b56f-bcaf-45a1-b35e-f30a30c5f26c:group-09DAD320AA03:LeaderElection134] INFO  server.RaftServerConfigKeys (ConfUtils.java:logGet(43)) - raft.server.write.element-limit = 4096 (default)
2019-09-12 10:32:14,994 [edb6c4a3-9bf1-4f2e-8ef0-c37d9a0378de:group-9A2FF8B7B8DF:LeaderElection139] INFO  impl.RoleInfo (RoleInfo.java:updateAndGet(143)) - edb6c4a3-9bf1-4f2e-8ef0-c37d9a0378de: start LeaderState
2019-09-12 10:32:14,993 [2df0b56f-bcaf-45a1-b35e-f30a30c5f26c:group-96CA4D480ADA:LeaderElection138] INFO  server.RaftServerConfigKeys (ConfUtils.java:logGet(43)) - raft.server.write.element-limit = 4096 (default)
2019-09-12 10:32:14,994 [edb6c4a3-9bf1-4f2e-8ef0-c37d9a0378de:group-9A2FF8B7B8DF:LeaderElection139] INFO  segmented.SegmentedRaftLogWorker (SegmentedRaftLogWorker.java:startLogSegment(380)) - edb6c4a3-9bf1-4f2e-8ef0-c37d9a0378de-SegmentedRaftLogWorker:Storage Directory /workdir/hadoop-ozone/integration-test/target/test-dir/MiniOzoneClusterImpl-39631bd2-f83c-4f24-acb2-4c1b273f2694/datanode-2/data/ratis/3b1197c4-7821-4e85-90c0-9a2ff8b7b8df: Starting segment from index:0
2019-09-12 10:32:14,993 [2df0b56f-bcaf-45a1-b35e-f30a30c5f26c:group-7CA0681AC426:LeaderElection137] INFO  server.RaftServerConfigKeys (ConfUtils.java:logGet(43)) - raft.server.watch.timeout = 10s (default)
2019-09-12 10:32:14,994 [2df0b56f-bcaf-45a1-b35e-f30a30c5f26c:group-7CA0681AC426:LeaderElection137] INFO  server.RaftServerConfigKeys (ConfUtils.java:logGet(43)) - raft.server.watch.timeout.denomination = 1s (default)
2019-09-12 10:32:14,993 [2df0b56f-bcaf-45a1-b35e-f30a30c5f26c:group-9BE5978D5997:LeaderElection135] INFO  server.RaftServerConfigKeys (ConfUtils.java:logGet(43)) - raft.server.write.element-limit = 4096 (default)
2019-09-12 10:32:14,993 [2df0b56f-bcaf-45a1-b35e-f30a30c5f26c:group-21A7578423A9:LeaderElection136] INFO  server.RaftServerConfigKeys (ConfUtils.java:logGet(43)) - raft.server.watch.timeout = 10s (default)
2019-09-12 10:32:14,993 [a95fd1d5-e9a9-4526-b4c7-6aa1a85e40e9-SegmentedRaftLogWorker:Storage Directory /workdir/hadoop-ozone/integration-test/target/test-dir/MiniOzoneClusterImpl-39631bd2-f83c-4f24-acb2-4c1b273f2694/datanode-0/data/ratis/07b1bfd0-c5d2-4d33-9029-998ed9c1851a] INFO  impl.RaftServerImpl (ServerState.java:close(394)) - a95fd1d5-e9a9-4526-b4c7-6aa1a85e40e9:group-998ED9C1851A closes. The last applied log index is -1
2019-09-12 10:32:14,992 [edb6c4a3-9bf1-4f2e-8ef0-c37d9a0378de:group-5178F88A38F2:LeaderElection132] INFO  segmented.SegmentedRaftLogWorker (SegmentedRaftLogWorker.java:startLogSegment(380)) - edb6c4a3-9bf1-4f2e-8ef0-c37d9a0378de-SegmentedRaftLogWorker:Storage Directory /workdir/hadoop-ozone/integration-test/target/test-dir/MiniOzoneClusterImpl-39631bd2-f83c-4f24-acb2-4c1b273f2694/datanode-2/data/ratis/5b57e973-93bb-4e9d-8e7c-5178f88a38f2: Starting segment from index:0
2019-09-12 10:32:14,992 [edb6c4a3-9bf1-4f2e-8ef0-c37d9a0378de:group-8B9E9E5536EA:LeaderElection131] INFO  segmented.SegmentedRaftLogWorker (SegmentedRaftLogWorker.java:startLogSegment(380)) - edb6c4a3-9bf1-4f2e-8ef0-c37d9a0378de-SegmentedRaftLogWorker:Storage Directory /workdir/hadoop-ozone/integration-test/target/test-dir/MiniOzoneClusterImpl-39631bd2-f83c-4f24-acb2-4c1b273f2694/datanode-2/data/ratis/86471d7c-db36-406d-a1a9-8b9e9e5536ea: Starting segment from index:0
2019-09-12 10:32:14,995 [a95fd1d5-e9a9-4526-b4c7-6aa1a85e40e9-SegmentedRaftLogWorker:Storage Directory /workdir/hadoop-ozone/integration-test/target/test-dir/MiniOzoneClusterImpl-39631bd2-f83c-4f24-acb2-4c1b273f2694/datanode-0/data/ratis/07b1bfd0-c5d2-4d33-9029-998ed9c1851a] INFO  segmented.SegmentedRaftLogWorker (SegmentedRaftLogWorker.java:close(228)) - a95fd1d5-e9a9-4526-b4c7-6aa1a85e40e9-SegmentedRaftLogWorker:Storage Directory /workdir/hadoop-ozone/integration-test/target/test-dir/MiniOzoneClusterImpl-39631bd2-f83c-4f24-acb2-4c1b273f2694/datanode-0/data/ratis/07b1bfd0-c5d2-4d33-9029-998ed9c1851a close()
2019-09-12 10:32:15,759 | INFO  | SCMAudit | user=jenkins1000 | ip=192.168.36.114 | op=SEND_HEARTBEAT {datanodeUUID=bcda0514-d42e-47ca-96fd-c0a633e872a8, command=[]} | ret=SUCCESS |  
2019-09-12 10:32:15,759 | INFO  | SCMAudit | user=jenkins1000 | ip=192.168.36.114 | op=SEND_HEARTBEAT {datanodeUUID=a95fd1d5-e9a9-4526-b4c7-6aa1a85e40e9, command=[]} | ret=SUCCESS |  
2019-09-12 10:32:15,759 | INFO  | SCMAudit | user=jenkins1000 | ip=192.168.36.114 | op=SEND_HEARTBEAT {datanodeUUID=22ce2f4b-d517-44cf-8041-712d813e08f3, command=[]} | ret=SUCCESS |  
2019-09-12 10:32:15,760 | INFO  | SCMAudit | user=jenkins1000 | ip=192.168.36.114 | op=SEND_HEARTBEAT {datanodeUUID=2df0b56f-bcaf-45a1-b35e-f30a30c5f26c, command=[]} | ret=SUCCESS |  
2019-09-12 10:32:15,760 | INFO  | SCMAudit | user=jenkins1000 | ip=192.168.36.114 | op=SEND_HEARTBEAT {datanodeUUID=1349d5ba-07d4-450a-9218-4f0361201438, command=[]} | ret=SUCCESS |  
2019-09-12 10:32:15,760 | INFO  | SCMAudit | user=jenkins1000 | ip=192.168.36.114 | op=SEND_HEARTBEAT {datanodeUUID=d40ec8ee-ac9e-41d6-86bd-e74a05605b85, command=[]} | ret=SUCCESS |  
2019-09-12 10:32:15,760 | INFO  | SCMAudit | user=jenkins1000 | ip=192.168.36.114 | op=SEND_HEARTBEAT {datanodeUUID=eaeff1e2-de9c-4510-872d-283eb6c3c330, command=[]} | ret=SUCCESS |  
2019-09-12 10:32:15,760 | INFO  | SCMAudit | user=jenkins1000 | ip=192.168.36.114 | op=SEND_HEARTBEAT {datanodeUUID=f17b4253-95a0-4ee6-8ded-88f070f15b33, command=[]} | ret=SUCCESS |  
2019-09-12 10:32:15,760 | INFO  | SCMAudit | user=jenkins1000 | ip=192.168.36.114 | op=SEND_HEARTBEAT {datanodeUUID=c1e71898-521f-4627-a3f1-9884c4b96ced, command=[]} | ret=SUCCESS |  
2019-09-12 10:32:15,760 | INFO  | SCMAudit | user=jenkins1000 | ip=192.168.36.114 | op=SEND_HEARTBEAT {datanodeUUID=5dd0cd62-5770-41dd-9e5a-f3f3eedc40c1, command=[]} | ret=SUCCESS |  
2019-09-12 10:32:15,760 | INFO  | SCMAudit | user=jenkins1000 | ip=192.168.36.114 | op=SEND_HEARTBEAT {datanodeUUID=caccd92c-2544-4e02-86cf-95849f240c1b, command=[]} | ret=SUCCESS |  
2019-09-12 10:32:14,995 [2df0b56f-bcaf-45a1-b35e-f30a30c5f26c:group-21A7578423A9:LeaderElection136] INFO  server.RaftServerConfigKeys (ConfUtils.java:logGet(43)) - raft.server.watch.timeout.denomination = 1s (default)
2019-09-12 10:32:14,995 [2df0b56f-bcaf-45a1-b35e-f30a30c5f26c:group-9BE5978D5997:LeaderElection135] INFO  server.RaftServerConfigKeys (ConfUtils.java:logGet(43)) - raft.server.watch.timeout = 10s (default)
2019-09-12 10:32:16,127 | INFO  | SCMAudit | user=jenkins1000 | ip=192.168.36.114 | op=SEND_HEARTBEAT {datanodeUUID=b6dd7c38-f675-445e-811b-15cf17d56c0a, command=[]} | ret=SUCCESS |  
2019-09-12 10:32:16,140 | INFO  | SCMAudit | user=jenkins1000 | ip=192.168.36.114 | op=SEND_HEARTBEAT {datanodeUUID=d9d65fd8-d100-497d-8460-9a4cf62b4ad5, command=[]} | ret=SUCCESS |  
2019-09-12 10:32:16,140 | INFO  | SCMAudit | user=jenkins1000 | ip=192.168.36.114 | op=SEND_HEARTBEAT {datanodeUUID=334c5273-7871-4d53-8b37-de05e5a3be10, command=[]} | ret=SUCCESS |  
2019-09-12 10:32:16,142 | INFO  | SCMAudit | user=jenkins1000 | ip=192.168.36.114 | op=SEND_HEARTBEAT {datanodeUUID=ad8ae342-df06-4311-9d84-524877c98111, command=[]} | ret=SUCCESS |  
2019-09-12 10:32:16,143 | INFO  | SCMAudit | user=jenkins1000 | ip=192.168.36.114 | op=SEND_HEARTBEAT {datanodeUUID=2cb9d557-cb56-4745-8686-5e72b62e748a, command=[]} | ret=SUCCESS |  
2019-09-12 10:32:16,143 | INFO  | SCMAudit | user=jenkins1000 | ip=192.168.36.114 | op=SEND_HEARTBEAT {datanodeUUID=accf000b-d7b7-4fa5-9682-da82c4451e10, command=[]} | ret=SUCCESS |  
2019-09-12 10:32:16,143 | INFO  | SCMAudit | user=jenkins1000 | ip=192.168.36.114 | op=SEND_HEARTBEAT {datanodeUUID=39df7a3f-9691-48d4-a2b1-6888489a5f8a, command=[]} | ret=SUCCESS |  
2019-09-12 10:32:16,144 | INFO  | SCMAudit | user=jenkins1000 | ip=192.168.36.114 | op=SEND_HEARTBEAT {datanodeUUID=c9031a36-5f7c-4098-8bea-8a46141708a6, command=[]} | ret=SUCCESS |  
2019-09-12 10:32:16,146 | INFO  | SCMAudit | user=jenkins1000 | ip=192.168.36.114 | op=SEND_HEARTBEAT {datanodeUUID=edb6c4a3-9bf1-4f2e-8ef0-c37d9a0378de, command=[]} | ret=SUCCESS |  
2019-09-12 10:32:16,146 | INFO  | SCMAudit | user=jenkins1000 | ip=192.168.36.114 | op=SEND_HEARTBEAT {datanodeUUID=873ff125-9641-4674-9775-ec96c107c12e, command=[]} | ret=SUCCESS |  
2019-09-12 10:32:16,146 | INFO  | SCMAudit | user=jenkins1000 | ip=192.168.36.114 | op=SEND_HEARTBEAT {datanodeUUID=f85b420b-0060-4bb9-9f68-598eed9b442f, command=[]} | ret=SUCCESS |  
2019-09-12 10:32:16,146 | INFO  | SCMAudit | user=jenkins1000 | ip=192.168.36.114 | op=SEND_HEARTBEAT {datanodeUUID=57729e88-c64a-441d-a40e-ceaddf64552e, command=[]} | ret=SUCCESS |  
2019-09-12 10:32:15,761 [main] WARN  server.ServerUtils (ServerUtils.java:getDBPath(222)) - ozone.om.db.dirs is not configured. We recommend adding this setting. Falling back to ozone.metadata.dirs instead.
2019-09-12 10:32:16,146 | INFO  | SCMAudit | user=jenkins1000 | ip=192.168.36.114 | op=SEND_HEARTBEAT {datanodeUUID=f8fc8350-8b83-4a15-89e6-430db21616f7, command=[]} | ret=SUCCESS |  
2019-09-12 10:32:14,995 [edb6c4a3-9bf1-4f2e-8ef0-c37d9a0378de:group-9A2FF8B7B8DF:LeaderElection139] INFO  impl.RaftServerImpl (ServerState.java:setRaftConf(361)) - edb6c4a3-9bf1-4f2e-8ef0-c37d9a0378de:group-9A2FF8B7B8DF set configuration 0: [edb6c4a3-9bf1-4f2e-8ef0-c37d9a0378de:192.168.36.114:33776], old=null at 0
2019-09-12 10:32:14,994 [2df0b56f-bcaf-45a1-b35e-f30a30c5f26c:group-7CA0681AC426:LeaderElection137] INFO  server.RaftServerConfigKeys (ConfUtils.java:logGet(43)) - raft.server.watch.element-limit = 65536 (default)
2019-09-12 10:32:16,147 | INFO  | SCMAudit | user=jenkins1000 | ip=192.168.36.114 | op=SEND_HEARTBEAT {datanodeUUID=2d50b591-d6e4-490f-9fa0-973ad5423bd7, command=[]} | ret=SUCCESS |  
2019-09-12 10:32:14,994 [2df0b56f-bcaf-45a1-b35e-f30a30c5f26c:group-96CA4D480ADA:LeaderElection138] INFO  server.RaftServerConfigKeys (ConfUtils.java:logGet(43)) - raft.server.watch.timeout = 10s (default)
2019-09-12 10:32:14,994 [2df0b56f-bcaf-45a1-b35e-f30a30c5f26c:group-09DAD320AA03:LeaderElection134] INFO  server.RaftServerConfigKeys (ConfUtils.java:logGet(43)) - raft.server.watch.timeout = 10s (default)
2019-09-12 10:32:14,994 [edb6c4a3-9bf1-4f2e-8ef0-c37d9a0378de:group-4CB134825892:LeaderElection133] INFO  impl.RoleInfo (RoleInfo.java:updateAndGet(143)) - edb6c4a3-9bf1-4f2e-8ef0-c37d9a0378de: start LeaderState
2019-09-12 10:32:16,147 | INFO  | SCMAudit | user=jenkins1000 | ip=192.168.36.114 | op=SEND_HEARTBEAT {datanodeUUID=ff438662-24cf-49bb-bfc5-3308ec6d286b, command=[]} | ret=SUCCESS |  
2019-09-12 10:32:16,147 | INFO  | SCMAudit | user=jenkins1000 | ip=192.168.36.114 | op=SEND_HEARTBEAT {datanodeUUID=c54af6f8-a22e-478f-90e1-029d14059a99, command=[]} | ret=SUCCESS |  
2019-09-12 10:32:16,147 [2df0b56f-bcaf-45a1-b35e-f30a30c5f26c:group-09DAD320AA03:LeaderElection134] INFO  server.RaftServerConfigKeys (ConfUtils.java:logGet(43)) - raft.server.watch.timeout.denomination = 1s (default)
2019-09-12 10:32:16,147 | INFO  | SCMAudit | user=jenkins1000 | ip=192.168.36.114 | op=SEND_HEARTBEAT {datanodeUUID=9616c881-dbb1-48da-90dd-a872ed779a2e, command=[]} | ret=SUCCESS |  
2019-09-12 10:32:16,147 [2df0b56f-bcaf-45a1-b35e-f30a30c5f26c:group-96CA4D480ADA:LeaderElection138] INFO  server.RaftServerConfigKeys (ConfUtils.java:logGet(43)) - raft.server.watch.timeout.denomination = 1s (default)
2019-09-12 10:32:16,147 [2df0b56f-bcaf-45a1-b35e-f30a30c5f26c:group-7CA0681AC426:LeaderElection137] INFO  impl.RoleInfo (RoleInfo.java:updateAndGet(143)) - 2df0b56f-bcaf-45a1-b35e-f30a30c5f26c: start LeaderState
2019-09-12 10:32:16,147 [main] WARN  server.ServerUtils (ServerUtils.java:getDBPath(222)) - ozone.om.db.dirs is not configured. We recommend adding this setting. Falling back to ozone.metadata.dirs instead.
2019-09-12 10:32:16,130 [57729e88-c64a-441d-a40e-ceaddf64552e-SegmentedRaftLogWorker:Storage Directory /workdir/hadoop-ozone/integration-test/target/test-dir/MiniOzoneClusterImpl-39631bd2-f83c-4f24-acb2-4c1b273f2694/datanode-1/data/ratis/1a090dce-eb05-494c-8f13-cbb8d91d3884] ERROR segmented.SegmentedRaftLogWorker (SegmentedRaftLogWorker.java:run(323)) - 57729e88-c64a-441d-a40e-ceaddf64552e-SegmentedRaftLogWorker:Storage Directory /workdir/hadoop-ozone/integration-test/target/test-dir/MiniOzoneClusterImpl-39631bd2-f83c-4f24-acb2-4c1b273f2694/datanode-1/data/ratis/1a090dce-eb05-494c-8f13-cbb8d91d3884 hit exception
java.lang.OutOfMemoryError: Direct buffer memory
	at java.nio.Bits.reserveMemory(Bits.java:666)
	at java.nio.DirectByteBuffer.<init>(DirectByteBuffer.java:123)
	at java.nio.ByteBuffer.allocateDirect(ByteBuffer.java:311)
	at org.apache.ratis.server.raftlog.segmented.BufferedWriteChannel.<init>(BufferedWriteChannel.java:41)
	at org.apache.ratis.server.raftlog.segmented.SegmentedRaftLogOutputStream.<init>(SegmentedRaftLogOutputStream.java:72)
	at org.apache.ratis.server.raftlog.segmented.SegmentedRaftLogWorker$StartLogSegment.execute(SegmentedRaftLogWorker.java:566)
	at org.apache.ratis.server.raftlog.segmented.SegmentedRaftLogWorker.run(SegmentedRaftLogWorker.java:289)
	at java.lang.Thread.run(Thread.java:748)
2019-09-12 10:32:16,130 [57729e88-c64a-441d-a40e-ceaddf64552e-SegmentedRaftLogWorker:Storage Directory /workdir/hadoop-ozone/integration-test/target/test-dir/MiniOzoneClusterImpl-39631bd2-f83c-4f24-acb2-4c1b273f2694/datanode-1/data/ratis/29288c80-2c64-40a7-9e5e-d8ba15f9fa78] ERROR segmented.SegmentedRaftLogWorker (SegmentedRaftLogWorker.java:run(323)) - 57729e88-c64a-441d-a40e-ceaddf64552e-SegmentedRaftLogWorker:Storage Directory /workdir/hadoop-ozone/integration-test/target/test-dir/MiniOzoneClusterImpl-39631bd2-f83c-4f24-acb2-4c1b273f2694/datanode-1/data/ratis/29288c80-2c64-40a7-9e5e-d8ba15f9fa78 hit exception
java.lang.OutOfMemoryError: Direct buffer memory
	at java.nio.Bits.reserveMemory(Bits.java:666)
	at java.nio.DirectByteBuffer.<init>(DirectByteBuffer.java:123)
	at java.nio.ByteBuffer.allocateDirect(ByteBuffer.java:311)
	at org.apache.ratis.server.raftlog.segmented.BufferedWriteChannel.<init>(BufferedWriteChannel.java:41)
	at org.apache.ratis.server.raftlog.segmented.SegmentedRaftLogOutputStream.<init>(SegmentedRaftLogOutputStream.java:72)
	at org.apache.ratis.server.raftlog.segmented.SegmentedRaftLogWorker$StartLogSegment.execute(SegmentedRaftLogWorker.java:566)
	at org.apache.ratis.server.raftlog.segmented.SegmentedRaftLogWorker.run(SegmentedRaftLogWorker.java:289)
	at java.lang.Thread.run(Thread.java:748)
2019-09-12 10:32:16,161 [57729e88-c64a-441d-a40e-ceaddf64552e-SegmentedRaftLogWorker:Storage Directory /workdir/hadoop-ozone/integration-test/target/test-dir/MiniOzoneClusterImpl-39631bd2-f83c-4f24-acb2-4c1b273f2694/datanode-1/data/ratis/29288c80-2c64-40a7-9e5e-d8ba15f9fa78] INFO  impl.RaftServerImpl (RaftServerImpl.java:lambda$shutdown$3(245)) - 57729e88-c64a-441d-a40e-ceaddf64552e: shutdown group-D8BA15F9FA78
2019-09-12 10:32:15,761 [f8fc8350-8b83-4a15-89e6-430db21616f7:group-4DA1475890E7:LeaderElection149] INFO  impl.LeaderElection (LeaderElection.java:askForVotes(181)) - f8fc8350-8b83-4a15-89e6-430db21616f7:group-4DA1475890E7:LeaderElection149: begin an election at term 1 for -1: [f8fc8350-8b83-4a15-89e6-430db21616f7:192.168.36.114:36361], old=null
2019-09-12 10:32:15,761 [f8fc8350-8b83-4a15-89e6-430db21616f7:group-B74BA9B994CE:LeaderElection150] INFO  impl.LeaderElection (LeaderElection.java:askForVotes(181)) - f8fc8350-8b83-4a15-89e6-430db21616f7:group-B74BA9B994CE:LeaderElection150: begin an election at term 1 for -1: [f8fc8350-8b83-4a15-89e6-430db21616f7:192.168.36.114:36361], old=null
2019-09-12 10:32:15,761 [f85b420b-0060-4bb9-9f68-598eed9b442f:group-8A5638F4F372:LeaderElection140] INFO  impl.LeaderElection (LeaderElection.java:askForVotes(181)) - f85b420b-0060-4bb9-9f68-598eed9b442f:group-8A5638F4F372:LeaderElection140: begin an election at term 1 for -1: [f85b420b-0060-4bb9-9f68-598eed9b442f:192.168.36.114:39826], old=null
2019-09-12 10:32:15,761 [f85b420b-0060-4bb9-9f68-598eed9b442f:group-5DC5B2DA0026:LeaderElection141] INFO  impl.LeaderElection (LeaderElection.java:askForVotes(181)) - f85b420b-0060-4bb9-9f68-598eed9b442f:group-5DC5B2DA0026:LeaderElection141: begin an election at term 1 for -1: [f85b420b-0060-4bb9-9f68-598eed9b442f:192.168.36.114:39826], old=null
2019-09-12 10:32:15,761 [f8fc8350-8b83-4a15-89e6-430db21616f7:group-96015AD63434:LeaderElection148] INFO  impl.LeaderElection (LeaderElection.java:askForVotes(181)) - f8fc8350-8b83-4a15-89e6-430db21616f7:group-96015AD63434:LeaderElection148: begin an election at term 1 for -1: [f8fc8350-8b83-4a15-89e6-430db21616f7:192.168.36.114:36361], old=null
2019-09-12 10:32:15,761 [f8fc8350-8b83-4a15-89e6-430db21616f7:group-3BDA3D0903B3:LeaderElection146] INFO  impl.LeaderElection (LeaderElection.java:askForVotes(181)) - f8fc8350-8b83-4a15-89e6-430db21616f7:group-3BDA3D0903B3:LeaderElection146: begin an election at term 1 for -1: [f8fc8350-8b83-4a15-89e6-430db21616f7:192.168.36.114:36361], old=null
2019-09-12 10:32:15,761 [f8fc8350-8b83-4a15-89e6-430db21616f7:group-93612170F5B0:LeaderElection147] INFO  impl.LeaderElection (LeaderElection.java:askForVotes(181)) - f8fc8350-8b83-4a15-89e6-430db21616f7:group-93612170F5B0:LeaderElection147: begin an election at term 1 for -1: [f8fc8350-8b83-4a15-89e6-430db21616f7:192.168.36.114:36361], old=null
2019-09-12 10:32:15,761 [f85b420b-0060-4bb9-9f68-598eed9b442f:group-D5ABA948D560:LeaderElection143] INFO  impl.LeaderElection (LeaderElection.java:askForVotes(181)) - f85b420b-0060-4bb9-9f68-598eed9b442f:group-D5ABA948D560:LeaderElection143: begin an election at term 1 for -1: [f85b420b-0060-4bb9-9f68-598eed9b442f:192.168.36.114:39826], old=null
2019-09-12 10:32:15,761 [2df0b56f-bcaf-45a1-b35e-f30a30c5f26c:group-9BE5978D5997:LeaderElection135] INFO  server.RaftServerConfigKeys (ConfUtils.java:logGet(43)) - raft.server.watch.timeout.denomination = 1s (default)
2019-09-12 10:32:16,162 [2df0b56f-bcaf-45a1-b35e-f30a30c5f26c:group-9BE5978D5997:LeaderElection135] INFO  server.RaftServerConfigKeys (ConfUtils.java:logGet(43)) - raft.server.watch.element-limit = 65536 (default)
2019-09-12 10:32:15,761 [f85b420b-0060-4bb9-9f68-598eed9b442f:group-17D40E37C2DF:LeaderElection145] INFO  impl.LeaderElection (LeaderElection.java:askForVotes(181)) - f85b420b-0060-4bb9-9f68-598eed9b442f:group-17D40E37C2DF:LeaderElection145: begin an election at term 1 for -1: [f85b420b-0060-4bb9-9f68-598eed9b442f:192.168.36.114:39826], old=null
2019-09-12 10:32:15,761 [f85b420b-0060-4bb9-9f68-598eed9b442f:group-13ABB81B8EF4:LeaderElection144] INFO  impl.LeaderElection (LeaderElection.java:askForVotes(181)) - f85b420b-0060-4bb9-9f68-598eed9b442f:group-13ABB81B8EF4:LeaderElection144: begin an election at term 1 for -1: [f85b420b-0060-4bb9-9f68-598eed9b442f:192.168.36.114:39826], old=null
2019-09-12 10:32:16,163 [f85b420b-0060-4bb9-9f68-598eed9b442f:group-13ABB81B8EF4:LeaderElection144] INFO  impl.RoleInfo (RoleInfo.java:shutdownLeaderElection(134)) - f85b420b-0060-4bb9-9f68-598eed9b442f: shutdown LeaderElection
2019-09-12 10:32:15,761 [f85b420b-0060-4bb9-9f68-598eed9b442f:group-141DB36F1FC4:LeaderElection142] INFO  impl.LeaderElection (LeaderElection.java:askForVotes(181)) - f85b420b-0060-4bb9-9f68-598eed9b442f:group-141DB36F1FC4:LeaderElection142: begin an election at term 1 for -1: [f85b420b-0060-4bb9-9f68-598eed9b442f:192.168.36.114:39826], old=null
2019-09-12 10:32:16,163 [f85b420b-0060-4bb9-9f68-598eed9b442f:group-141DB36F1FC4:LeaderElection142] INFO  impl.RoleInfo (RoleInfo.java:shutdownLeaderElection(134)) - f85b420b-0060-4bb9-9f68-598eed9b442f: shutdown LeaderElection
2019-09-12 10:32:15,761 [f8fc8350-8b83-4a15-89e6-430db21616f7:group-03200ECFAF5C:LeaderElection151] INFO  impl.LeaderElection (LeaderElection.java:askForVotes(181)) - f8fc8350-8b83-4a15-89e6-430db21616f7:group-03200ECFAF5C:LeaderElection151: begin an election at term 1 for -1: [f8fc8350-8b83-4a15-89e6-430db21616f7:192.168.36.114:36361], old=null
2019-09-12 10:32:15,760 [2df0b56f-bcaf-45a1-b35e-f30a30c5f26c:group-21A7578423A9:LeaderElection136] INFO  server.RaftServerConfigKeys (ConfUtils.java:logGet(43)) - raft.server.watch.element-limit = 65536 (default)
2019-09-12 10:32:15,760 [edb6c4a3-9bf1-4f2e-8ef0-c37d9a0378de:group-8B9E9E5536EA:LeaderElection131] INFO  impl.RaftServerImpl (ServerState.java:setRaftConf(361)) - edb6c4a3-9bf1-4f2e-8ef0-c37d9a0378de:group-8B9E9E5536EA set configuration 0: [edb6c4a3-9bf1-4f2e-8ef0-c37d9a0378de:192.168.36.114:33776], old=null at 0
2019-09-12 10:32:15,754 [Thread-1670] WARN  util.JavaUtils (JavaUtils.java:sleep(250)) - Unexpected long sleep: sleep(5075ms) actually took 5657ms which is over the threshold 300ms
2019-09-12 10:32:15,754 [Thread-1679] WARN  util.JavaUtils (JavaUtils.java:sleep(250)) - Unexpected long sleep: sleep(5027ms) actually took 5531ms which is over the threshold 300ms
2019-09-12 10:32:15,754 [Thread-1673] WARN  util.JavaUtils (JavaUtils.java:sleep(250)) - Unexpected long sleep: sleep(5124ms) actually took 5614ms which is over the threshold 300ms
2019-09-12 10:32:15,754 [Thread-1667] WARN  util.JavaUtils (JavaUtils.java:sleep(250)) - Unexpected long sleep: sleep(5197ms) actually took 5701ms which is over the threshold 300ms
2019-09-12 10:32:15,754 [Thread-1682] WARN  util.JavaUtils (JavaUtils.java:sleep(250)) - Unexpected long sleep: sleep(5018ms) actually took 5490ms which is over the threshold 300ms
2019-09-12 10:32:15,403 [Thread-1676] INFO  impl.FollowerState (FollowerState.java:run(106)) - 873ff125-9641-4674-9775-ec96c107c12e:group-76D6B7B053CA changes to CANDIDATE, lastRpcTime:5221, electionTimeout:5186ms
2019-09-12 10:32:16,165 [Thread-1676] INFO  impl.RoleInfo (RoleInfo.java:shutdownFollowerState(121)) - 873ff125-9641-4674-9775-ec96c107c12e: shutdown FollowerState
2019-09-12 10:32:14,995 [edb6c4a3-9bf1-4f2e-8ef0-c37d9a0378de:group-5178F88A38F2:LeaderElection132] INFO  impl.RaftServerImpl (ServerState.java:setRaftConf(361)) - edb6c4a3-9bf1-4f2e-8ef0-c37d9a0378de:group-5178F88A38F2 set configuration 0: [edb6c4a3-9bf1-4f2e-8ef0-c37d9a0378de:192.168.36.114:33776], old=null at 0
2019-09-12 10:32:16,165 [Thread-1676] INFO  impl.RaftServerImpl (RaftServerImpl.java:setRole(171)) - 873ff125-9641-4674-9775-ec96c107c12e:group-76D6B7B053CA changes role from FOLLOWER to CANDIDATE at term 0 for changeToCandidate
2019-09-12 10:32:16,164 [2df0b56f-bcaf-45a1-b35e-f30a30c5f26c:group-21A7578423A9:LeaderElection136] INFO  impl.RoleInfo (RoleInfo.java:updateAndGet(143)) - 2df0b56f-bcaf-45a1-b35e-f30a30c5f26c: start LeaderState
2019-09-12 10:32:16,164 [f8fc8350-8b83-4a15-89e6-430db21616f7:group-03200ECFAF5C:LeaderElection151] INFO  impl.RoleInfo (RoleInfo.java:shutdownLeaderElection(134)) - f8fc8350-8b83-4a15-89e6-430db21616f7: shutdown LeaderElection
2019-09-12 10:32:16,166 [f8fc8350-8b83-4a15-89e6-430db21616f7:group-03200ECFAF5C:LeaderElection151] INFO  impl.RaftServerImpl (RaftServerImpl.java:setRole(171)) - f8fc8350-8b83-4a15-89e6-430db21616f7:group-03200ECFAF5C changes role from CANDIDATE to LEADER at term 1 for changeToLeader
2019-09-12 10:32:16,163 [f85b420b-0060-4bb9-9f68-598eed9b442f:group-141DB36F1FC4:LeaderElection142] INFO  impl.RaftServerImpl (RaftServerImpl.java:setRole(171)) - f85b420b-0060-4bb9-9f68-598eed9b442f:group-141DB36F1FC4 changes role from CANDIDATE to LEADER at term 1 for changeToLeader
2019-09-12 10:32:16,163 [f85b420b-0060-4bb9-9f68-598eed9b442f:group-13ABB81B8EF4:LeaderElection144] INFO  impl.RaftServerImpl (RaftServerImpl.java:setRole(171)) - f85b420b-0060-4bb9-9f68-598eed9b442f:group-13ABB81B8EF4 changes role from CANDIDATE to LEADER at term 1 for changeToLeader
2019-09-12 10:32:16,163 [f85b420b-0060-4bb9-9f68-598eed9b442f:group-17D40E37C2DF:LeaderElection145] INFO  impl.RoleInfo (RoleInfo.java:shutdownLeaderElection(134)) - f85b420b-0060-4bb9-9f68-598eed9b442f: shutdown LeaderElection
2019-09-12 10:32:16,166 [f85b420b-0060-4bb9-9f68-598eed9b442f:group-17D40E37C2DF:LeaderElection145] INFO  impl.RaftServerImpl (RaftServerImpl.java:setRole(171)) - f85b420b-0060-4bb9-9f68-598eed9b442f:group-17D40E37C2DF changes role from CANDIDATE to LEADER at term 1 for changeToLeader
2019-09-12 10:32:16,163 [2df0b56f-bcaf-45a1-b35e-f30a30c5f26c:group-9BE5978D5997:LeaderElection135] INFO  impl.RoleInfo (RoleInfo.java:updateAndGet(143)) - 2df0b56f-bcaf-45a1-b35e-f30a30c5f26c: start LeaderState
2019-09-12 10:32:16,162 [f85b420b-0060-4bb9-9f68-598eed9b442f:group-D5ABA948D560:LeaderElection143] INFO  impl.RoleInfo (RoleInfo.java:shutdownLeaderElection(134)) - f85b420b-0060-4bb9-9f68-598eed9b442f: shutdown LeaderElection
2019-09-12 10:32:16,162 [f8fc8350-8b83-4a15-89e6-430db21616f7:group-93612170F5B0:LeaderElection147] INFO  impl.RoleInfo (RoleInfo.java:shutdownLeaderElection(134)) - f8fc8350-8b83-4a15-89e6-430db21616f7: shutdown LeaderElection
2019-09-12 10:32:16,167 [f8fc8350-8b83-4a15-89e6-430db21616f7:group-93612170F5B0:LeaderElection147] INFO  impl.RaftServerImpl (RaftServerImpl.java:setRole(171)) - f8fc8350-8b83-4a15-89e6-430db21616f7:group-93612170F5B0 changes role from CANDIDATE to LEADER at term 1 for changeToLeader
2019-09-12 10:32:16,162 [f8fc8350-8b83-4a15-89e6-430db21616f7:group-3BDA3D0903B3:LeaderElection146] INFO  impl.RoleInfo (RoleInfo.java:shutdownLeaderElection(134)) - f8fc8350-8b83-4a15-89e6-430db21616f7: shutdown LeaderElection
2019-09-12 10:32:16,162 [f8fc8350-8b83-4a15-89e6-430db21616f7:group-96015AD63434:LeaderElection148] INFO  impl.RoleInfo (RoleInfo.java:shutdownLeaderElection(134)) - f8fc8350-8b83-4a15-89e6-430db21616f7: shutdown LeaderElection
2019-09-12 10:32:16,162 [f85b420b-0060-4bb9-9f68-598eed9b442f:group-5DC5B2DA0026:LeaderElection141] INFO  impl.RoleInfo (RoleInfo.java:shutdownLeaderElection(134)) - f85b420b-0060-4bb9-9f68-598eed9b442f: shutdown LeaderElection
2019-09-12 10:32:16,167 [f85b420b-0060-4bb9-9f68-598eed9b442f:group-5DC5B2DA0026:LeaderElection141] INFO  impl.RaftServerImpl (RaftServerImpl.java:setRole(171)) - f85b420b-0060-4bb9-9f68-598eed9b442f:group-5DC5B2DA0026 changes role from CANDIDATE to LEADER at term 1 for changeToLeader
2019-09-12 10:32:16,161 [f85b420b-0060-4bb9-9f68-598eed9b442f:group-8A5638F4F372:LeaderElection140] INFO  impl.RoleInfo (RoleInfo.java:shutdownLeaderElection(134)) - f85b420b-0060-4bb9-9f68-598eed9b442f: shutdown LeaderElection
2019-09-12 10:32:16,161 [f8fc8350-8b83-4a15-89e6-430db21616f7:group-B74BA9B994CE:LeaderElection150] INFO  impl.RoleInfo (RoleInfo.java:shutdownLeaderElection(134)) - f8fc8350-8b83-4a15-89e6-430db21616f7: shutdown LeaderElection
2019-09-12 10:32:16,161 [f8fc8350-8b83-4a15-89e6-430db21616f7:group-4DA1475890E7:LeaderElection149] INFO  impl.RoleInfo (RoleInfo.java:shutdownLeaderElection(134)) - f8fc8350-8b83-4a15-89e6-430db21616f7: shutdown LeaderElection
2019-09-12 10:32:16,161 [57729e88-c64a-441d-a40e-ceaddf64552e-SegmentedRaftLogWorker:Storage Directory /workdir/hadoop-ozone/integration-test/target/test-dir/MiniOzoneClusterImpl-39631bd2-f83c-4f24-acb2-4c1b273f2694/datanode-1/data/ratis/29288c80-2c64-40a7-9e5e-d8ba15f9fa78] INFO  util.JmxRegister (JmxRegister.java:unregister(73)) - Successfully un-registered JMX Bean with object name Ratis:service=RaftServer,group=group-D8BA15F9FA78,id=57729e88-c64a-441d-a40e-ceaddf64552e
2019-09-12 10:32:16,168 [57729e88-c64a-441d-a40e-ceaddf64552e-SegmentedRaftLogWorker:Storage Directory /workdir/hadoop-ozone/integration-test/target/test-dir/MiniOzoneClusterImpl-39631bd2-f83c-4f24-acb2-4c1b273f2694/datanode-1/data/ratis/29288c80-2c64-40a7-9e5e-d8ba15f9fa78] INFO  impl.RoleInfo (RoleInfo.java:shutdownLeaderState(104)) - 57729e88-c64a-441d-a40e-ceaddf64552e: shutdown LeaderState
2019-09-12 10:32:16,160 [57729e88-c64a-441d-a40e-ceaddf64552e-SegmentedRaftLogWorker:Storage Directory /workdir/hadoop-ozone/integration-test/target/test-dir/MiniOzoneClusterImpl-39631bd2-f83c-4f24-acb2-4c1b273f2694/datanode-1/data/ratis/1a090dce-eb05-494c-8f13-cbb8d91d3884] INFO  impl.RaftServerImpl (RaftServerImpl.java:lambda$shutdown$3(245)) - 57729e88-c64a-441d-a40e-ceaddf64552e: shutdown group-CBB8D91D3884
2019-09-12 10:32:16,160 [main] INFO  om.OzoneManager (OzoneManager.java:setOMNodeDetails(645)) - OM Service ID is not set. Setting it to the default ID: omServiceIdDefault
2019-09-12 10:32:16,168 [main] INFO  om.OzoneManager (OzoneManager.java:setOMNodeDetails(651)) - OM Node ID is not set. Setting it to the OmStorage's OmID: dff9435b-c0a3-45c6-9181-bb70daa0a565
2019-09-12 10:32:16,160 [2df0b56f-bcaf-45a1-b35e-f30a30c5f26c:group-7CA0681AC426:LeaderElection137] INFO  segmented.SegmentedRaftLogWorker (SegmentedRaftLogWorker.java:startLogSegment(380)) - 2df0b56f-bcaf-45a1-b35e-f30a30c5f26c-SegmentedRaftLogWorker:Storage Directory /workdir/hadoop-ozone/integration-test/target/test-dir/MiniOzoneClusterImpl-39631bd2-f83c-4f24-acb2-4c1b273f2694/datanode-3/data/ratis/5566e6be-b40d-410d-b9f2-7ca0681ac426: Starting segment from index:0
2019-09-12 10:32:16,148 [2df0b56f-bcaf-45a1-b35e-f30a30c5f26c:group-96CA4D480ADA:LeaderElection138] INFO  server.RaftServerConfigKeys (ConfUtils.java:logGet(43)) - raft.server.watch.element-limit = 65536 (default)
2019-09-12 10:32:16,148 [edb6c4a3-9bf1-4f2e-8ef0-c37d9a0378de:group-4CB134825892:LeaderElection133] INFO  segmented.SegmentedRaftLogWorker (SegmentedRaftLogWorker.java:startLogSegment(380)) - edb6c4a3-9bf1-4f2e-8ef0-c37d9a0378de-SegmentedRaftLogWorker:Storage Directory /workdir/hadoop-ozone/integration-test/target/test-dir/MiniOzoneClusterImpl-39631bd2-f83c-4f24-acb2-4c1b273f2694/datanode-2/data/ratis/1d322739-92fe-4999-94ea-4cb134825892: Starting segment from index:0
2019-09-12 10:32:16,148 [2df0b56f-bcaf-45a1-b35e-f30a30c5f26c:group-09DAD320AA03:LeaderElection134] INFO  server.RaftServerConfigKeys (ConfUtils.java:logGet(43)) - raft.server.watch.element-limit = 65536 (default)
2019-09-12 10:32:16,169 [2df0b56f-bcaf-45a1-b35e-f30a30c5f26c:group-7CA0681AC426:LeaderElection137] INFO  impl.RaftServerImpl (ServerState.java:setRaftConf(361)) - 2df0b56f-bcaf-45a1-b35e-f30a30c5f26c:group-7CA0681AC426 set configuration 0: [2df0b56f-bcaf-45a1-b35e-f30a30c5f26c:192.168.36.114:36485], old=null at 0
2019-09-12 10:32:16,169 [2df0b56f-bcaf-45a1-b35e-f30a30c5f26c:group-96CA4D480ADA:LeaderElection138] INFO  impl.RoleInfo (RoleInfo.java:updateAndGet(143)) - 2df0b56f-bcaf-45a1-b35e-f30a30c5f26c: start LeaderState
2019-09-12 10:32:17,161 | INFO  | SCMAudit | user=jenkins1000 | ip=192.168.36.114 | op=SEND_HEARTBEAT {datanodeUUID=caccd92c-2544-4e02-86cf-95849f240c1b, command=[]} | ret=SUCCESS |  
2019-09-12 10:32:17,161 | INFO  | SCMAudit | user=jenkins1000 | ip=192.168.36.114 | op=SEND_HEARTBEAT {datanodeUUID=d40ec8ee-ac9e-41d6-86bd-e74a05605b85, command=[]} | ret=SUCCESS |  
2019-09-12 10:32:17,161 | INFO  | SCMAudit | user=jenkins1000 | ip=192.168.36.114 | op=SEND_HEARTBEAT {datanodeUUID=5dd0cd62-5770-41dd-9e5a-f3f3eedc40c1, command=[]} | ret=SUCCESS |  
2019-09-12 10:32:17,161 | INFO  | SCMAudit | user=jenkins1000 | ip=192.168.36.114 | op=SEND_HEARTBEAT {datanodeUUID=334c5273-7871-4d53-8b37-de05e5a3be10, command=[]} | ret=SUCCESS |  
2019-09-12 10:32:17,161 | INFO  | SCMAudit | user=jenkins1000 | ip=192.168.36.114 | op=SEND_HEARTBEAT {datanodeUUID=d9d65fd8-d100-497d-8460-9a4cf62b4ad5, command=[]} | ret=SUCCESS |  
2019-09-12 10:32:16,169 [main] INFO  om.OzoneManager (OzoneManager.java:loadOMHAConfigs(602)) - Found matching OM address with OMServiceId: null, OMNodeId: null, RPC Address: localhost:0 and Ratis port: 9872
2019-09-12 10:32:17,161 | INFO  | SCMAudit | user=jenkins1000 | ip=192.168.36.114 | op=SEND_HEARTBEAT {datanodeUUID=accf000b-d7b7-4fa5-9682-da82c4451e10, command=[]} | ret=SUCCESS |  
2019-09-12 10:32:17,161 | INFO  | SCMAudit | user=jenkins1000 | ip=192.168.36.114 | op=SEND_HEARTBEAT {datanodeUUID=1349d5ba-07d4-450a-9218-4f0361201438, command=[]} | ret=SUCCESS |  
2019-09-12 10:32:16,168 [57729e88-c64a-441d-a40e-ceaddf64552e-SegmentedRaftLogWorker:Storage Directory /workdir/hadoop-ozone/integration-test/target/test-dir/MiniOzoneClusterImpl-39631bd2-f83c-4f24-acb2-4c1b273f2694/datanode-1/data/ratis/1a090dce-eb05-494c-8f13-cbb8d91d3884] INFO  util.JmxRegister (JmxRegister.java:unregister(73)) - Successfully un-registered JMX Bean with object name Ratis:service=RaftServer,group=group-CBB8D91D3884,id=57729e88-c64a-441d-a40e-ceaddf64552e
2019-09-12 10:32:16,168 [57729e88-c64a-441d-a40e-ceaddf64552e-SegmentedRaftLogWorker:Storage Directory /workdir/hadoop-ozone/integration-test/target/test-dir/MiniOzoneClusterImpl-39631bd2-f83c-4f24-acb2-4c1b273f2694/datanode-1/data/ratis/29288c80-2c64-40a7-9e5e-d8ba15f9fa78] INFO  impl.PendingRequests (PendingRequests.java:sendNotLeaderResponses(202)) - 57729e88-c64a-441d-a40e-ceaddf64552e-PendingRequests: sendNotLeaderResponses
2019-09-12 10:32:16,168 [f8fc8350-8b83-4a15-89e6-430db21616f7:group-4DA1475890E7:LeaderElection149] INFO  impl.RaftServerImpl (RaftServerImpl.java:setRole(171)) - f8fc8350-8b83-4a15-89e6-430db21616f7:group-4DA1475890E7 changes role from CANDIDATE to LEADER at term 1 for changeToLeader
2019-09-12 10:32:16,168 [f8fc8350-8b83-4a15-89e6-430db21616f7:group-B74BA9B994CE:LeaderElection150] INFO  impl.RaftServerImpl (RaftServerImpl.java:setRole(171)) - f8fc8350-8b83-4a15-89e6-430db21616f7:group-B74BA9B994CE changes role from CANDIDATE to LEADER at term 1 for changeToLeader
2019-09-12 10:32:16,168 [f85b420b-0060-4bb9-9f68-598eed9b442f:group-8A5638F4F372:LeaderElection140] INFO  impl.RaftServerImpl (RaftServerImpl.java:setRole(171)) - f85b420b-0060-4bb9-9f68-598eed9b442f:group-8A5638F4F372 changes role from CANDIDATE to LEADER at term 1 for changeToLeader
2019-09-12 10:32:16,167 [f85b420b-0060-4bb9-9f68-598eed9b442f:group-5DC5B2DA0026:LeaderElection141] INFO  impl.RaftServerImpl (ServerState.java:setLeader(263)) - f85b420b-0060-4bb9-9f68-598eed9b442f:group-5DC5B2DA0026 change Leader from null to f85b420b-0060-4bb9-9f68-598eed9b442f at term 1 for becomeLeader, leader elected after 6974ms
2019-09-12 10:32:16,167 [f8fc8350-8b83-4a15-89e6-430db21616f7:group-96015AD63434:LeaderElection148] INFO  impl.RaftServerImpl (RaftServerImpl.java:setRole(171)) - f8fc8350-8b83-4a15-89e6-430db21616f7:group-96015AD63434 changes role from CANDIDATE to LEADER at term 1 for changeToLeader
2019-09-12 10:32:16,167 [f8fc8350-8b83-4a15-89e6-430db21616f7:group-3BDA3D0903B3:LeaderElection146] INFO  impl.RaftServerImpl (RaftServerImpl.java:setRole(171)) - f8fc8350-8b83-4a15-89e6-430db21616f7:group-3BDA3D0903B3 changes role from CANDIDATE to LEADER at term 1 for changeToLeader
2019-09-12 10:32:16,167 [f8fc8350-8b83-4a15-89e6-430db21616f7:group-93612170F5B0:LeaderElection147] INFO  impl.RaftServerImpl (ServerState.java:setLeader(263)) - f8fc8350-8b83-4a15-89e6-430db21616f7:group-93612170F5B0 change Leader from null to f8fc8350-8b83-4a15-89e6-430db21616f7 at term 1 for becomeLeader, leader elected after 6493ms
2019-09-12 10:32:16,167 [f85b420b-0060-4bb9-9f68-598eed9b442f:group-D5ABA948D560:LeaderElection143] INFO  impl.RaftServerImpl (RaftServerImpl.java:setRole(171)) - f85b420b-0060-4bb9-9f68-598eed9b442f:group-D5ABA948D560 changes role from CANDIDATE to LEADER at term 1 for changeToLeader
2019-09-12 10:32:16,166 [2df0b56f-bcaf-45a1-b35e-f30a30c5f26c:group-9BE5978D5997:LeaderElection135] INFO  segmented.SegmentedRaftLogWorker (SegmentedRaftLogWorker.java:startLogSegment(380)) - 2df0b56f-bcaf-45a1-b35e-f30a30c5f26c-SegmentedRaftLogWorker:Storage Directory /workdir/hadoop-ozone/integration-test/target/test-dir/MiniOzoneClusterImpl-39631bd2-f83c-4f24-acb2-4c1b273f2694/datanode-3/data/ratis/39202d9b-fb7b-4bcf-9eb7-9be5978d5997: Starting segment from index:0
2019-09-12 10:32:16,166 [f85b420b-0060-4bb9-9f68-598eed9b442f:group-17D40E37C2DF:LeaderElection145] INFO  impl.RaftServerImpl (ServerState.java:setLeader(263)) - f85b420b-0060-4bb9-9f68-598eed9b442f:group-17D40E37C2DF change Leader from null to f85b420b-0060-4bb9-9f68-598eed9b442f at term 1 for becomeLeader, leader elected after 6765ms
2019-09-12 10:32:16,166 [f85b420b-0060-4bb9-9f68-598eed9b442f:group-13ABB81B8EF4:LeaderElection144] INFO  impl.RaftServerImpl (ServerState.java:setLeader(263)) - f85b420b-0060-4bb9-9f68-598eed9b442f:group-13ABB81B8EF4 change Leader from null to f85b420b-0060-4bb9-9f68-598eed9b442f at term 1 for becomeLeader, leader elected after 6918ms
2019-09-12 10:32:16,166 [f85b420b-0060-4bb9-9f68-598eed9b442f:group-141DB36F1FC4:LeaderElection142] INFO  impl.RaftServerImpl (ServerState.java:setLeader(263)) - f85b420b-0060-4bb9-9f68-598eed9b442f:group-141DB36F1FC4 change Leader from null to f85b420b-0060-4bb9-9f68-598eed9b442f at term 1 for becomeLeader, leader elected after 6840ms
2019-09-12 10:32:17,141 | INFO  | SCMAudit | user=jenkins1000 | ip=192.168.36.114 | op=SEND_HEARTBEAT {datanodeUUID=a95fd1d5-e9a9-4526-b4c7-6aa1a85e40e9, command=[]} | ret=SUCCESS |  
2019-09-12 10:32:17,562 | INFO  | SCMAudit | user=jenkins1000 | ip=192.168.36.114 | op=SEND_HEARTBEAT {datanodeUUID=f8fc8350-8b83-4a15-89e6-430db21616f7, command=[]} | ret=SUCCESS |  
2019-09-12 10:32:17,141 | INFO  | SCMAudit | user=jenkins1000 | ip=192.168.36.114 | op=SEND_HEARTBEAT {datanodeUUID=2df0b56f-bcaf-45a1-b35e-f30a30c5f26c, command=[]} | ret=SUCCESS |  
2019-09-12 10:32:17,562 | INFO  | SCMAudit | user=jenkins1000 | ip=192.168.36.114 | op=SEND_HEARTBEAT {datanodeUUID=873ff125-9641-4674-9775-ec96c107c12e, command=[]} | ret=SUCCESS |  
2019-09-12 10:32:17,563 | INFO  | SCMAudit | user=jenkins1000 | ip=192.168.36.114 | op=SEND_HEARTBEAT {datanodeUUID=edb6c4a3-9bf1-4f2e-8ef0-c37d9a0378de, command=[]} | ret=SUCCESS |  
2019-09-12 10:32:17,563 | INFO  | SCMAudit | user=jenkins1000 | ip=192.168.36.114 | op=SEND_HEARTBEAT {datanodeUUID=f85b420b-0060-4bb9-9f68-598eed9b442f, command=[]} | ret=SUCCESS |  
2019-09-12 10:32:17,563 | INFO  | SCMAudit | user=jenkins1000 | ip=192.168.36.114 | op=SEND_HEARTBEAT {datanodeUUID=57729e88-c64a-441d-a40e-ceaddf64552e, command=[]} | ret=SUCCESS |  
2019-09-12 10:32:17,563 | INFO  | SCMAudit | user=jenkins1000 | ip=192.168.36.114 | op=SEND_HEARTBEAT {datanodeUUID=b6dd7c38-f675-445e-811b-15cf17d56c0a, command=[]} | ret=SUCCESS |  
2019-09-12 10:32:17,563 | INFO  | SCMAudit | user=jenkins1000 | ip=192.168.36.114 | op=SEND_HEARTBEAT {datanodeUUID=22ce2f4b-d517-44cf-8041-712d813e08f3, command=[]} | ret=SUCCESS |  
2019-09-12 10:32:17,563 | INFO  | SCMAudit | user=jenkins1000 | ip=192.168.36.114 | op=SEND_HEARTBEAT {datanodeUUID=ad8ae342-df06-4311-9d84-524877c98111, command=[]} | ret=SUCCESS |  
2019-09-12 10:32:17,563 | INFO  | SCMAudit | user=jenkins1000 | ip=192.168.36.114 | op=SEND_HEARTBEAT {datanodeUUID=bcda0514-d42e-47ca-96fd-c0a633e872a8, command=[]} | ret=SUCCESS |  
2019-09-12 10:32:17,563 | INFO  | SCMAudit | user=jenkins1000 | ip=192.168.36.114 | op=SEND_HEARTBEAT {datanodeUUID=2d50b591-d6e4-490f-9fa0-973ad5423bd7, command=[]} | ret=SUCCESS |  
2019-09-12 10:32:17,563 | INFO  | SCMAudit | user=jenkins1000 | ip=192.168.36.114 | op=SEND_HEARTBEAT {datanodeUUID=c54af6f8-a22e-478f-90e1-029d14059a99, command=[]} | ret=SUCCESS |  
2019-09-12 10:32:17,563 | INFO  | SCMAudit | user=jenkins1000 | ip=192.168.36.114 | op=SEND_HEARTBEAT {datanodeUUID=9616c881-dbb1-48da-90dd-a872ed779a2e, command=[]} | ret=SUCCESS |  
2019-09-12 10:32:16,166 [f8fc8350-8b83-4a15-89e6-430db21616f7:group-03200ECFAF5C:LeaderElection151] INFO  impl.RaftServerImpl (ServerState.java:setLeader(263)) - f8fc8350-8b83-4a15-89e6-430db21616f7:group-03200ECFAF5C change Leader from null to f8fc8350-8b83-4a15-89e6-430db21616f7 at term 1 for becomeLeader, leader elected after 6626ms
2019-09-12 10:32:16,166 [2df0b56f-bcaf-45a1-b35e-f30a30c5f26c:group-21A7578423A9:LeaderElection136] INFO  segmented.SegmentedRaftLogWorker (SegmentedRaftLogWorker.java:startLogSegment(380)) - 2df0b56f-bcaf-45a1-b35e-f30a30c5f26c-SegmentedRaftLogWorker:Storage Directory /workdir/hadoop-ozone/integration-test/target/test-dir/MiniOzoneClusterImpl-39631bd2-f83c-4f24-acb2-4c1b273f2694/datanode-3/data/ratis/075ff77c-a804-4c46-90eb-21a7578423a9: Starting segment from index:0
2019-09-12 10:32:17,563 | INFO  | SCMAudit | user=jenkins1000 | ip=192.168.36.114 | op=SEND_HEARTBEAT {datanodeUUID=ff438662-24cf-49bb-bfc5-3308ec6d286b, command=[]} | ret=SUCCESS |  
2019-09-12 10:32:17,576 | INFO  | SCMAudit | user=jenkins1000 | ip=192.168.36.114 | op=SEND_HEARTBEAT {datanodeUUID=c1e71898-521f-4627-a3f1-9884c4b96ced, command=[]} | ret=SUCCESS |  
2019-09-12 10:32:16,165 [Thread-1676] INFO  impl.RoleInfo (RoleInfo.java:updateAndGet(143)) - 873ff125-9641-4674-9775-ec96c107c12e: start LeaderElection
2019-09-12 10:32:17,576 [f8fc8350-8b83-4a15-89e6-430db21616f7:group-03200ECFAF5C:LeaderElection151] INFO  server.RaftServerConfigKeys (ConfUtils.java:logGet(43)) - raft.server.staging.catchup.gap = 1000 (default)
2019-09-12 10:32:17,577 [f8fc8350-8b83-4a15-89e6-430db21616f7:group-03200ECFAF5C:LeaderElection151] INFO  server.RaftServerConfigKeys (ConfUtils.java:logGet(43)) - raft.server.rpc.sleep.time = 25ms (default)
2019-09-12 10:32:17,163 [f85b420b-0060-4bb9-9f68-598eed9b442f:group-141DB36F1FC4:LeaderElection142] INFO  server.RaftServerConfigKeys (ConfUtils.java:logGet(43)) - raft.server.staging.catchup.gap = 1000 (default)
2019-09-12 10:32:17,563 [57729e88-c64a-441d-a40e-ceaddf64552e-SegmentedRaftLogWorker:Storage Directory /workdir/hadoop-ozone/integration-test/target/test-dir/MiniOzoneClusterImpl-39631bd2-f83c-4f24-acb2-4c1b273f2694/datanode-1/data/ratis/f4331232-7c5d-4be8-8a4b-5a9978281853] ERROR segmented.SegmentedRaftLogWorker (SegmentedRaftLogWorker.java:run(323)) - 57729e88-c64a-441d-a40e-ceaddf64552e-SegmentedRaftLogWorker:Storage Directory /workdir/hadoop-ozone/integration-test/target/test-dir/MiniOzoneClusterImpl-39631bd2-f83c-4f24-acb2-4c1b273f2694/datanode-1/data/ratis/f4331232-7c5d-4be8-8a4b-5a9978281853 hit exception
java.lang.OutOfMemoryError: Direct buffer memory
	at java.nio.Bits.reserveMemory(Bits.java:666)
	at java.nio.DirectByteBuffer.<init>(DirectByteBuffer.java:123)
	at java.nio.ByteBuffer.allocateDirect(ByteBuffer.java:311)
	at org.apache.ratis.server.raftlog.segmented.BufferedWriteChannel.<init>(BufferedWriteChannel.java:41)
	at org.apache.ratis.server.raftlog.segmented.SegmentedRaftLogOutputStream.<init>(SegmentedRaftLogOutputStream.java:72)
	at org.apache.ratis.server.raftlog.segmented.SegmentedRaftLogWorker$StartLogSegment.execute(SegmentedRaftLogWorker.java:566)
	at org.apache.ratis.server.raftlog.segmented.SegmentedRaftLogWorker.run(SegmentedRaftLogWorker.java:289)
	at java.lang.Thread.run(Thread.java:748)
2019-09-12 10:32:17,563 [57729e88-c64a-441d-a40e-ceaddf64552e-SegmentedRaftLogWorker:Storage Directory /workdir/hadoop-ozone/integration-test/target/test-dir/MiniOzoneClusterImpl-39631bd2-f83c-4f24-acb2-4c1b273f2694/datanode-1/data/ratis/06ec1786-6467-45a8-8518-389aefdbf23a] ERROR segmented.SegmentedRaftLogWorker (SegmentedRaftLogWorker.java:run(323)) - 57729e88-c64a-441d-a40e-ceaddf64552e-SegmentedRaftLogWorker:Storage Directory /workdir/hadoop-ozone/integration-test/target/test-dir/MiniOzoneClusterImpl-39631bd2-f83c-4f24-acb2-4c1b273f2694/datanode-1/data/ratis/06ec1786-6467-45a8-8518-389aefdbf23a hit exception
java.lang.OutOfMemoryError: Direct buffer memory
	at java.nio.Bits.reserveMemory(Bits.java:666)
	at java.nio.DirectByteBuffer.<init>(DirectByteBuffer.java:123)
	at java.nio.ByteBuffer.allocateDirect(ByteBuffer.java:311)
	at org.apache.ratis.server.raftlog.segmented.BufferedWriteChannel.<init>(BufferedWriteChannel.java:41)
	at org.apache.ratis.server.raftlog.segmented.SegmentedRaftLogOutputStream.<init>(SegmentedRaftLogOutputStream.java:72)
	at org.apache.ratis.server.raftlog.segmented.SegmentedRaftLogWorker$StartLogSegment.execute(SegmentedRaftLogWorker.java:566)
	at org.apache.ratis.server.raftlog.segmented.SegmentedRaftLogWorker.run(SegmentedRaftLogWorker.java:289)
	at java.lang.Thread.run(Thread.java:748)
2019-09-12 10:32:17,163 [2df0b56f-bcaf-45a1-b35e-f30a30c5f26c:group-9BE5978D5997:LeaderElection135] INFO  impl.RaftServerImpl (ServerState.java:setRaftConf(361)) - 2df0b56f-bcaf-45a1-b35e-f30a30c5f26c:group-9BE5978D5997 set configuration 0: [2df0b56f-bcaf-45a1-b35e-f30a30c5f26c:192.168.36.114:36485], old=null at 0
2019-09-12 10:32:17,163 [f85b420b-0060-4bb9-9f68-598eed9b442f:group-13ABB81B8EF4:LeaderElection144] INFO  server.RaftServerConfigKeys (ConfUtils.java:logGet(43)) - raft.server.staging.catchup.gap = 1000 (default)
2019-09-12 10:32:17,163 [f85b420b-0060-4bb9-9f68-598eed9b442f:group-17D40E37C2DF:LeaderElection145] INFO  server.RaftServerConfigKeys (ConfUtils.java:logGet(43)) - raft.server.staging.catchup.gap = 1000 (default)
2019-09-12 10:32:17,646 | INFO  | SCMAudit | user=jenkins1000 | ip=192.168.36.114 | op=GET_SCM_INFO null | ret=SUCCESS |  
2019-09-12 10:32:17,163 [f85b420b-0060-4bb9-9f68-598eed9b442f:group-D5ABA948D560:LeaderElection143] INFO  impl.RaftServerImpl (ServerState.java:setLeader(263)) - f85b420b-0060-4bb9-9f68-598eed9b442f:group-D5ABA948D560 change Leader from null to f85b420b-0060-4bb9-9f68-598eed9b442f at term 1 for becomeLeader, leader elected after 7874ms
2019-09-12 10:32:17,163 [f8fc8350-8b83-4a15-89e6-430db21616f7:group-93612170F5B0:LeaderElection147] INFO  server.RaftServerConfigKeys (ConfUtils.java:logGet(43)) - raft.server.staging.catchup.gap = 1000 (default)
2019-09-12 10:32:17,666 [f8fc8350-8b83-4a15-89e6-430db21616f7:group-93612170F5B0:LeaderElection147] INFO  server.RaftServerConfigKeys (ConfUtils.java:logGet(43)) - raft.server.rpc.sleep.time = 25ms (default)
2019-09-12 10:32:17,162 [f8fc8350-8b83-4a15-89e6-430db21616f7:group-3BDA3D0903B3:LeaderElection146] INFO  impl.RaftServerImpl (ServerState.java:setLeader(263)) - f8fc8350-8b83-4a15-89e6-430db21616f7:group-3BDA3D0903B3 change Leader from null to f8fc8350-8b83-4a15-89e6-430db21616f7 at term 1 for becomeLeader, leader elected after 7665ms
2019-09-12 10:32:17,162 [f8fc8350-8b83-4a15-89e6-430db21616f7:group-96015AD63434:LeaderElection148] INFO  impl.RaftServerImpl (ServerState.java:setLeader(263)) - f8fc8350-8b83-4a15-89e6-430db21616f7:group-96015AD63434 change Leader from null to f8fc8350-8b83-4a15-89e6-430db21616f7 at term 1 for becomeLeader, leader elected after 7538ms
2019-09-12 10:32:17,162 [f85b420b-0060-4bb9-9f68-598eed9b442f:group-5DC5B2DA0026:LeaderElection141] INFO  server.RaftServerConfigKeys (ConfUtils.java:logGet(43)) - raft.server.staging.catchup.gap = 1000 (default)
2019-09-12 10:32:17,666 [Thread-1561] INFO  impl.FollowerState (FollowerState.java:run(106)) - a95fd1d5-e9a9-4526-b4c7-6aa1a85e40e9:group-1CB2C2BA02ED changes to CANDIDATE, lastRpcTime:10834, electionTimeout:5102ms
2019-09-12 10:32:17,162 [f85b420b-0060-4bb9-9f68-598eed9b442f:group-8A5638F4F372:LeaderElection140] INFO  impl.RaftServerImpl (ServerState.java:setLeader(263)) - f85b420b-0060-4bb9-9f68-598eed9b442f:group-8A5638F4F372 change Leader from null to f85b420b-0060-4bb9-9f68-598eed9b442f at term 1 for becomeLeader, leader elected after 7798ms
2019-09-12 10:32:17,162 [f8fc8350-8b83-4a15-89e6-430db21616f7:group-B74BA9B994CE:LeaderElection150] INFO  impl.RaftServerImpl (ServerState.java:setLeader(263)) - f8fc8350-8b83-4a15-89e6-430db21616f7:group-B74BA9B994CE change Leader from null to f8fc8350-8b83-4a15-89e6-430db21616f7 at term 1 for becomeLeader, leader elected after 7508ms
2019-09-12 10:32:17,162 [57729e88-c64a-441d-a40e-ceaddf64552e-SegmentedRaftLogWorker:Storage Directory /workdir/hadoop-ozone/integration-test/target/test-dir/MiniOzoneClusterImpl-39631bd2-f83c-4f24-acb2-4c1b273f2694/datanode-1/data/ratis/29288c80-2c64-40a7-9e5e-d8ba15f9fa78] INFO  impl.StateMachineUpdater (StateMachineUpdater.java:stopAndJoin(115)) - StateMachineUpdater:57729e88-c64a-441d-a40e-ceaddf64552e:group-D8BA15F9FA78: set stopIndex = -1
2019-09-12 10:32:17,161 [f8fc8350-8b83-4a15-89e6-430db21616f7:group-4DA1475890E7:LeaderElection149] INFO  impl.RaftServerImpl (ServerState.java:setLeader(263)) - f8fc8350-8b83-4a15-89e6-430db21616f7:group-4DA1475890E7 change Leader from null to f8fc8350-8b83-4a15-89e6-430db21616f7 at term 1 for becomeLeader, leader elected after 7581ms
2019-09-12 10:32:17,161 [57729e88-c64a-441d-a40e-ceaddf64552e-SegmentedRaftLogWorker:Storage Directory /workdir/hadoop-ozone/integration-test/target/test-dir/MiniOzoneClusterImpl-39631bd2-f83c-4f24-acb2-4c1b273f2694/datanode-1/data/ratis/1a090dce-eb05-494c-8f13-cbb8d91d3884] INFO  impl.RoleInfo (RoleInfo.java:shutdownLeaderState(104)) - 57729e88-c64a-441d-a40e-ceaddf64552e: shutdown LeaderState
2019-09-12 10:32:16,668 [2df0b56f-bcaf-45a1-b35e-f30a30c5f26c:group-96CA4D480ADA:LeaderElection138] INFO  segmented.SegmentedRaftLogWorker (SegmentedRaftLogWorker.java:startLogSegment(380)) - 2df0b56f-bcaf-45a1-b35e-f30a30c5f26c-SegmentedRaftLogWorker:Storage Directory /workdir/hadoop-ozone/integration-test/target/test-dir/MiniOzoneClusterImpl-39631bd2-f83c-4f24-acb2-4c1b273f2694/datanode-3/data/ratis/8171733a-464a-4e87-8236-96ca4d480ada: Starting segment from index:0
2019-09-12 10:32:16,657 [edb6c4a3-9bf1-4f2e-8ef0-c37d9a0378de:group-4CB134825892:LeaderElection133] INFO  impl.RaftServerImpl (ServerState.java:setRaftConf(361)) - edb6c4a3-9bf1-4f2e-8ef0-c37d9a0378de:group-4CB134825892 set configuration 0: [edb6c4a3-9bf1-4f2e-8ef0-c37d9a0378de:192.168.36.114:33776], old=null at 0
2019-09-12 10:32:16,657 [2df0b56f-bcaf-45a1-b35e-f30a30c5f26c:group-09DAD320AA03:LeaderElection134] INFO  impl.RoleInfo (RoleInfo.java:updateAndGet(143)) - 2df0b56f-bcaf-45a1-b35e-f30a30c5f26c: start LeaderState
2019-09-12 10:32:16,655 [57729e88-c64a-441d-a40e-ceaddf64552e-SegmentedRaftLogWorker:Storage Directory /workdir/hadoop-ozone/integration-test/target/test-dir/MiniOzoneClusterImpl-39631bd2-f83c-4f24-acb2-4c1b273f2694/datanode-1/data/ratis/af871c48-a51c-42b7-bd31-549a507f2ad4] ERROR segmented.SegmentedRaftLogWorker (SegmentedRaftLogWorker.java:run(323)) - 57729e88-c64a-441d-a40e-ceaddf64552e-SegmentedRaftLogWorker:Storage Directory /workdir/hadoop-ozone/integration-test/target/test-dir/MiniOzoneClusterImpl-39631bd2-f83c-4f24-acb2-4c1b273f2694/datanode-1/data/ratis/af871c48-a51c-42b7-bd31-549a507f2ad4 hit exception
java.lang.OutOfMemoryError: Direct buffer memory
	at java.nio.Bits.reserveMemory(Bits.java:666)
	at java.nio.DirectByteBuffer.<init>(DirectByteBuffer.java:123)
	at java.nio.ByteBuffer.allocateDirect(ByteBuffer.java:311)
	at org.apache.ratis.server.raftlog.segmented.BufferedWriteChannel.<init>(BufferedWriteChannel.java:41)
	at org.apache.ratis.server.raftlog.segmented.SegmentedRaftLogOutputStream.<init>(SegmentedRaftLogOutputStream.java:72)
	at org.apache.ratis.server.raftlog.segmented.SegmentedRaftLogWorker$StartLogSegment.execute(SegmentedRaftLogWorker.java:566)
	at org.apache.ratis.server.raftlog.segmented.SegmentedRaftLogWorker.run(SegmentedRaftLogWorker.java:289)
	at java.lang.Thread.run(Thread.java:748)
2019-09-12 10:32:16,655 [57729e88-c64a-441d-a40e-ceaddf64552e-SegmentedRaftLogWorker:Storage Directory /workdir/hadoop-ozone/integration-test/target/test-dir/MiniOzoneClusterImpl-39631bd2-f83c-4f24-acb2-4c1b273f2694/datanode-1/data/ratis/b78cb103-c3af-48b2-b7ac-423d56e48233] ERROR segmented.SegmentedRaftLogWorker (SegmentedRaftLogWorker.java:run(323)) - 57729e88-c64a-441d-a40e-ceaddf64552e-SegmentedRaftLogWorker:Storage Directory /workdir/hadoop-ozone/integration-test/target/test-dir/MiniOzoneClusterImpl-39631bd2-f83c-4f24-acb2-4c1b273f2694/datanode-1/data/ratis/b78cb103-c3af-48b2-b7ac-423d56e48233 hit exception
java.lang.OutOfMemoryError: Direct buffer memory
	at java.nio.Bits.reserveMemory(Bits.java:666)
	at java.nio.DirectByteBuffer.<init>(DirectByteBuffer.java:123)
	at java.nio.ByteBuffer.allocateDirect(ByteBuffer.java:311)
	at org.apache.ratis.server.raftlog.segmented.BufferedWriteChannel.<init>(BufferedWriteChannel.java:41)
	at org.apache.ratis.server.raftlog.segmented.SegmentedRaftLogOutputStream.<init>(SegmentedRaftLogOutputStream.java:72)
	at org.apache.ratis.server.raftlog.segmented.SegmentedRaftLogWorker$StartLogSegment.execute(SegmentedRaftLogWorker.java:566)
	at org.apache.ratis.server.raftlog.segmented.SegmentedRaftLogWorker.run(SegmentedRaftLogWorker.java:289)
	at java.lang.Thread.run(Thread.java:748)
2019-09-12 10:32:18,057 [57729e88-c64a-441d-a40e-ceaddf64552e-SegmentedRaftLogWorker:Storage Directory /workdir/hadoop-ozone/integration-test/target/test-dir/MiniOzoneClusterImpl-39631bd2-f83c-4f24-acb2-4c1b273f2694/datanode-1/data/ratis/af871c48-a51c-42b7-bd31-549a507f2ad4] INFO  impl.RaftServerImpl (RaftServerImpl.java:lambda$shutdown$3(245)) - 57729e88-c64a-441d-a40e-ceaddf64552e: shutdown group-549A507F2AD4
2019-09-12 10:32:18,056 [Thread-1564] WARN  util.JavaUtils (JavaUtils.java:sleep(250)) - Unexpected long sleep: sleep(5173ms) actually took 5497ms which is over the threshold 300ms
2019-09-12 10:32:18,056 [Thread-1570] WARN  util.JavaUtils (JavaUtils.java:sleep(250)) - Unexpected long sleep: sleep(5174ms) actually took 5497ms which is over the threshold 300ms
2019-09-12 10:32:18,056 [edb6c4a3-9bf1-4f2e-8ef0-c37d9a0378de-SegmentedRaftLogWorker:Storage Directory /workdir/hadoop-ozone/integration-test/target/test-dir/MiniOzoneClusterImpl-39631bd2-f83c-4f24-acb2-4c1b273f2694/datanode-2/data/ratis/5b57e973-93bb-4e9d-8e7c-5178f88a38f2] ERROR segmented.SegmentedRaftLogWorker (SegmentedRaftLogWorker.java:run(323)) - edb6c4a3-9bf1-4f2e-8ef0-c37d9a0378de-SegmentedRaftLogWorker:Storage Directory /workdir/hadoop-ozone/integration-test/target/test-dir/MiniOzoneClusterImpl-39631bd2-f83c-4f24-acb2-4c1b273f2694/datanode-2/data/ratis/5b57e973-93bb-4e9d-8e7c-5178f88a38f2 hit exception
java.lang.OutOfMemoryError: Direct buffer memory
	at java.nio.Bits.reserveMemory(Bits.java:666)
	at java.nio.DirectByteBuffer.<init>(DirectByteBuffer.java:123)
	at java.nio.ByteBuffer.allocateDirect(ByteBuffer.java:311)
	at org.apache.ratis.server.raftlog.segmented.BufferedWriteChannel.<init>(BufferedWriteChannel.java:41)
	at org.apache.ratis.server.raftlog.segmented.SegmentedRaftLogOutputStream.<init>(SegmentedRaftLogOutputStream.java:72)
	at org.apache.ratis.server.raftlog.segmented.SegmentedRaftLogWorker$StartLogSegment.execute(SegmentedRaftLogWorker.java:566)
	at org.apache.ratis.server.raftlog.segmented.SegmentedRaftLogWorker.run(SegmentedRaftLogWorker.java:289)
	at java.lang.Thread.run(Thread.java:748)
2019-09-12 10:32:17,667 [2df0b56f-bcaf-45a1-b35e-f30a30c5f26c:group-96CA4D480ADA:LeaderElection138] INFO  impl.RaftServerImpl (ServerState.java:setRaftConf(361)) - 2df0b56f-bcaf-45a1-b35e-f30a30c5f26c:group-96CA4D480ADA set configuration 0: [2df0b56f-bcaf-45a1-b35e-f30a30c5f26c:192.168.36.114:36485], old=null at 0
2019-09-12 10:32:17,667 [2df0b56f-bcaf-45a1-b35e-f30a30c5f26c:group-09DAD320AA03:LeaderElection134] INFO  segmented.SegmentedRaftLogWorker (SegmentedRaftLogWorker.java:startLogSegment(380)) - 2df0b56f-bcaf-45a1-b35e-f30a30c5f26c-SegmentedRaftLogWorker:Storage Directory /workdir/hadoop-ozone/integration-test/target/test-dir/MiniOzoneClusterImpl-39631bd2-f83c-4f24-acb2-4c1b273f2694/datanode-3/data/ratis/cb3f26f1-5652-48d0-b8f5-09dad320aa03: Starting segment from index:0
2019-09-12 10:32:17,667 [main] WARN  server.ServerUtils (ServerUtils.java:getDBPath(222)) - ozone.om.db.dirs is not configured. We recommend adding this setting. Falling back to ozone.metadata.dirs instead.
2019-09-12 10:32:18,377 | INFO  | SCMAudit | user=jenkins1000 | ip=192.168.36.114 | op=SEND_HEARTBEAT {datanodeUUID=edb6c4a3-9bf1-4f2e-8ef0-c37d9a0378de, command=[]} | ret=SUCCESS |  
2019-09-12 10:32:18,377 | INFO  | SCMAudit | user=jenkins1000 | ip=192.168.36.114 | op=SEND_HEARTBEAT {datanodeUUID=57729e88-c64a-441d-a40e-ceaddf64552e, command=[]} | ret=SUCCESS |  
2019-09-12 10:32:18,377 | INFO  | SCMAudit | user=jenkins1000 | ip=192.168.36.114 | op=SEND_HEARTBEAT {datanodeUUID=f8fc8350-8b83-4a15-89e6-430db21616f7, command=[]} | ret=SUCCESS |  
2019-09-12 10:32:18,377 | INFO  | SCMAudit | user=jenkins1000 | ip=192.168.36.114 | op=SEND_HEARTBEAT {datanodeUUID=f85b420b-0060-4bb9-9f68-598eed9b442f, command=[]} | ret=SUCCESS |  
2019-09-12 10:32:18,380 | INFO  | SCMAudit | user=jenkins1000 | ip=192.168.36.114 | op=SEND_HEARTBEAT {datanodeUUID=5dd0cd62-5770-41dd-9e5a-f3f3eedc40c1, command=[]} | ret=SUCCESS |  
2019-09-12 10:32:18,381 | INFO  | SCMAudit | user=jenkins1000 | ip=192.168.36.114 | op=SEND_HEARTBEAT {datanodeUUID=bcda0514-d42e-47ca-96fd-c0a633e872a8, command=[]} | ret=SUCCESS |  
2019-09-12 10:32:18,381 | INFO  | SCMAudit | user=jenkins1000 | ip=192.168.36.114 | op=SEND_HEARTBEAT {datanodeUUID=2d50b591-d6e4-490f-9fa0-973ad5423bd7, command=[]} | ret=SUCCESS |  
2019-09-12 10:32:18,381 | INFO  | SCMAudit | user=jenkins1000 | ip=192.168.36.114 | op=SEND_HEARTBEAT {datanodeUUID=2df0b56f-bcaf-45a1-b35e-f30a30c5f26c, command=[]} | ret=SUCCESS |  
2019-09-12 10:32:18,381 | INFO  | SCMAudit | user=jenkins1000 | ip=192.168.36.114 | op=SEND_HEARTBEAT {datanodeUUID=a95fd1d5-e9a9-4526-b4c7-6aa1a85e40e9, command=[]} | ret=SUCCESS |  
2019-09-12 10:32:18,382 | INFO  | SCMAudit | user=jenkins1000 | ip=192.168.36.114 | op=SEND_HEARTBEAT {datanodeUUID=d40ec8ee-ac9e-41d6-86bd-e74a05605b85, command=[]} | ret=SUCCESS |  
2019-09-12 10:32:18,382 | INFO  | SCMAudit | user=jenkins1000 | ip=192.168.36.114 | op=SEND_HEARTBEAT {datanodeUUID=22ce2f4b-d517-44cf-8041-712d813e08f3, command=[]} | ret=SUCCESS |  
2019-09-12 10:32:18,382 | INFO  | SCMAudit | user=jenkins1000 | ip=192.168.36.114 | op=SEND_HEARTBEAT {datanodeUUID=b6dd7c38-f675-445e-811b-15cf17d56c0a, command=[]} | ret=SUCCESS |  
2019-09-12 10:32:18,382 | INFO  | SCMAudit | user=jenkins1000 | ip=192.168.36.114 | op=SEND_HEARTBEAT {datanodeUUID=caccd92c-2544-4e02-86cf-95849f240c1b, command=[]} | ret=SUCCESS |  
2019-09-12 10:32:18,382 | INFO  | SCMAudit | user=jenkins1000 | ip=192.168.36.114 | op=SEND_HEARTBEAT {datanodeUUID=1349d5ba-07d4-450a-9218-4f0361201438, command=[]} | ret=SUCCESS |  
2019-09-12 10:32:18,382 | INFO  | SCMAudit | user=jenkins1000 | ip=192.168.36.114 | op=SEND_HEARTBEAT {datanodeUUID=334c5273-7871-4d53-8b37-de05e5a3be10, command=[]} | ret=SUCCESS |  
2019-09-12 10:32:18,382 | INFO  | SCMAudit | user=jenkins1000 | ip=192.168.36.114 | op=SEND_HEARTBEAT {datanodeUUID=d9d65fd8-d100-497d-8460-9a4cf62b4ad5, command=[]} | ret=SUCCESS |  
2019-09-12 10:32:17,667 [57729e88-c64a-441d-a40e-ceaddf64552e-SegmentedRaftLogWorker:Storage Directory /workdir/hadoop-ozone/integration-test/target/test-dir/MiniOzoneClusterImpl-39631bd2-f83c-4f24-acb2-4c1b273f2694/datanode-1/data/ratis/1a090dce-eb05-494c-8f13-cbb8d91d3884] INFO  impl.PendingRequests (PendingRequests.java:sendNotLeaderResponses(202)) - 57729e88-c64a-441d-a40e-ceaddf64552e-PendingRequests: sendNotLeaderResponses
2019-09-12 10:32:17,667 [f8fc8350-8b83-4a15-89e6-430db21616f7:group-4DA1475890E7:LeaderElection149] INFO  server.RaftServerConfigKeys (ConfUtils.java:logGet(43)) - raft.server.staging.catchup.gap = 1000 (default)
2019-09-12 10:32:17,667 [57729e88-c64a-441d-a40e-ceaddf64552e-SegmentedRaftLogWorker:Storage Directory /workdir/hadoop-ozone/integration-test/target/test-dir/MiniOzoneClusterImpl-39631bd2-f83c-4f24-acb2-4c1b273f2694/datanode-1/data/ratis/29288c80-2c64-40a7-9e5e-d8ba15f9fa78] INFO  impl.RaftServerImpl (ServerState.java:close(394)) - 57729e88-c64a-441d-a40e-ceaddf64552e:group-D8BA15F9FA78 closes. The last applied log index is -1
2019-09-12 10:32:17,666 [f8fc8350-8b83-4a15-89e6-430db21616f7:group-B74BA9B994CE:LeaderElection150] INFO  server.RaftServerConfigKeys (ConfUtils.java:logGet(43)) - raft.server.staging.catchup.gap = 1000 (default)
2019-09-12 10:32:18,383 [57729e88-c64a-441d-a40e-ceaddf64552e-SegmentedRaftLogWorker:Storage Directory /workdir/hadoop-ozone/integration-test/target/test-dir/MiniOzoneClusterImpl-39631bd2-f83c-4f24-acb2-4c1b273f2694/datanode-1/data/ratis/29288c80-2c64-40a7-9e5e-d8ba15f9fa78] INFO  segmented.SegmentedRaftLogWorker (SegmentedRaftLogWorker.java:close(228)) - 57729e88-c64a-441d-a40e-ceaddf64552e-SegmentedRaftLogWorker:Storage Directory /workdir/hadoop-ozone/integration-test/target/test-dir/MiniOzoneClusterImpl-39631bd2-f83c-4f24-acb2-4c1b273f2694/datanode-1/data/ratis/29288c80-2c64-40a7-9e5e-d8ba15f9fa78 close()
2019-09-12 10:32:17,666 [f85b420b-0060-4bb9-9f68-598eed9b442f:group-8A5638F4F372:LeaderElection140] INFO  server.RaftServerConfigKeys (ConfUtils.java:logGet(43)) - raft.server.staging.catchup.gap = 1000 (default)
2019-09-12 10:32:17,666 [873ff125-9641-4674-9775-ec96c107c12e:group-76D6B7B053CA:LeaderElection152] INFO  impl.LeaderElection (LeaderElection.java:askForVotes(181)) - 873ff125-9641-4674-9775-ec96c107c12e:group-76D6B7B053CA:LeaderElection152: begin an election at term 1 for -1: [873ff125-9641-4674-9775-ec96c107c12e:192.168.36.114:35238], old=null
2019-09-12 10:32:17,666 [Thread-1561] INFO  impl.RoleInfo (RoleInfo.java:shutdownFollowerState(121)) - a95fd1d5-e9a9-4526-b4c7-6aa1a85e40e9: shutdown FollowerState
2019-09-12 10:32:17,666 [f85b420b-0060-4bb9-9f68-598eed9b442f:group-5DC5B2DA0026:LeaderElection141] INFO  server.RaftServerConfigKeys (ConfUtils.java:logGet(43)) - raft.server.rpc.sleep.time = 25ms (default)
2019-09-12 10:32:17,666 [f8fc8350-8b83-4a15-89e6-430db21616f7:group-96015AD63434:LeaderElection148] INFO  server.RaftServerConfigKeys (ConfUtils.java:logGet(43)) - raft.server.staging.catchup.gap = 1000 (default)
2019-09-12 10:32:17,666 [f8fc8350-8b83-4a15-89e6-430db21616f7:group-3BDA3D0903B3:LeaderElection146] INFO  server.RaftServerConfigKeys (ConfUtils.java:logGet(43)) - raft.server.staging.catchup.gap = 1000 (default)
2019-09-12 10:32:18,405 [f8fc8350-8b83-4a15-89e6-430db21616f7:group-3BDA3D0903B3:LeaderElection146] INFO  server.RaftServerConfigKeys (ConfUtils.java:logGet(43)) - raft.server.rpc.sleep.time = 25ms (default)
2019-09-12 10:32:17,666 [f8fc8350-8b83-4a15-89e6-430db21616f7:group-93612170F5B0:LeaderElection147] INFO  server.RaftServerConfigKeys (ConfUtils.java:logGet(43)) - raft.server.write.element-limit = 4096 (default)
2019-09-12 10:32:17,647 [f85b420b-0060-4bb9-9f68-598eed9b442f:group-D5ABA948D560:LeaderElection143] INFO  server.RaftServerConfigKeys (ConfUtils.java:logGet(43)) - raft.server.staging.catchup.gap = 1000 (default)
2019-09-12 10:32:17,646 [f85b420b-0060-4bb9-9f68-598eed9b442f:group-17D40E37C2DF:LeaderElection145] INFO  server.RaftServerConfigKeys (ConfUtils.java:logGet(43)) - raft.server.rpc.sleep.time = 25ms (default)
2019-09-12 10:32:17,646 [f85b420b-0060-4bb9-9f68-598eed9b442f:group-13ABB81B8EF4:LeaderElection144] INFO  server.RaftServerConfigKeys (ConfUtils.java:logGet(43)) - raft.server.rpc.sleep.time = 25ms (default)
2019-09-12 10:32:17,646 [57729e88-c64a-441d-a40e-ceaddf64552e-SegmentedRaftLogWorker:Storage Directory /workdir/hadoop-ozone/integration-test/target/test-dir/MiniOzoneClusterImpl-39631bd2-f83c-4f24-acb2-4c1b273f2694/datanode-1/data/ratis/06ec1786-6467-45a8-8518-389aefdbf23a] INFO  impl.RaftServerImpl (RaftServerImpl.java:lambda$shutdown$3(245)) - 57729e88-c64a-441d-a40e-ceaddf64552e: shutdown group-389AEFDBF23A
2019-09-12 10:32:17,636 [f8fc8350-8b83-4a15-89e6-430db21616f7:group-03200ECFAF5C:LeaderElection151] INFO  server.RaftServerConfigKeys (ConfUtils.java:logGet(43)) - raft.server.write.element-limit = 4096 (default)
2019-09-12 10:32:17,636 [Thread-1573] INFO  impl.FollowerState (FollowerState.java:run(106)) - a95fd1d5-e9a9-4526-b4c7-6aa1a85e40e9:group-63E39A8AA019 changes to CANDIDATE, lastRpcTime:10637, electionTimeout:5068ms
2019-09-12 10:32:17,636 [Thread-1567] INFO  impl.FollowerState (FollowerState.java:run(106)) - a95fd1d5-e9a9-4526-b4c7-6aa1a85e40e9:group-01B47FFBFEC3 changes to CANDIDATE, lastRpcTime:10722, electionTimeout:5071ms
2019-09-12 10:32:18,407 [Thread-1567] INFO  impl.RoleInfo (RoleInfo.java:shutdownFollowerState(121)) - a95fd1d5-e9a9-4526-b4c7-6aa1a85e40e9: shutdown FollowerState
2019-09-12 10:32:18,407 [Thread-1567] INFO  impl.RaftServerImpl (RaftServerImpl.java:setRole(171)) - a95fd1d5-e9a9-4526-b4c7-6aa1a85e40e9:group-01B47FFBFEC3 changes role from FOLLOWER to CANDIDATE at term 0 for changeToCandidate
2019-09-12 10:32:17,590 [57729e88-c64a-441d-a40e-ceaddf64552e-SegmentedRaftLogWorker:Storage Directory /workdir/hadoop-ozone/integration-test/target/test-dir/MiniOzoneClusterImpl-39631bd2-f83c-4f24-acb2-4c1b273f2694/datanode-1/data/ratis/f4331232-7c5d-4be8-8a4b-5a9978281853] INFO  impl.RaftServerImpl (RaftServerImpl.java:lambda$shutdown$3(245)) - 57729e88-c64a-441d-a40e-ceaddf64552e: shutdown group-5A9978281853
2019-09-12 10:32:17,589 [2df0b56f-bcaf-45a1-b35e-f30a30c5f26c:group-21A7578423A9:LeaderElection136] INFO  impl.RaftServerImpl (ServerState.java:setRaftConf(361)) - 2df0b56f-bcaf-45a1-b35e-f30a30c5f26c:group-21A7578423A9 set configuration 0: [2df0b56f-bcaf-45a1-b35e-f30a30c5f26c:192.168.36.114:36485], old=null at 0
2019-09-12 10:32:17,577 [f85b420b-0060-4bb9-9f68-598eed9b442f:group-141DB36F1FC4:LeaderElection142] INFO  server.RaftServerConfigKeys (ConfUtils.java:logGet(43)) - raft.server.rpc.sleep.time = 25ms (default)
2019-09-12 10:32:18,407 [57729e88-c64a-441d-a40e-ceaddf64552e-SegmentedRaftLogWorker:Storage Directory /workdir/hadoop-ozone/integration-test/target/test-dir/MiniOzoneClusterImpl-39631bd2-f83c-4f24-acb2-4c1b273f2694/datanode-1/data/ratis/f4331232-7c5d-4be8-8a4b-5a9978281853] INFO  util.JmxRegister (JmxRegister.java:unregister(73)) - Successfully un-registered JMX Bean with object name Ratis:service=RaftServer,group=group-5A9978281853,id=57729e88-c64a-441d-a40e-ceaddf64552e
2019-09-12 10:32:18,407 [57729e88-c64a-441d-a40e-ceaddf64552e-SegmentedRaftLogWorker:Storage Directory /workdir/hadoop-ozone/integration-test/target/test-dir/MiniOzoneClusterImpl-39631bd2-f83c-4f24-acb2-4c1b273f2694/datanode-1/data/ratis/f4331232-7c5d-4be8-8a4b-5a9978281853] INFO  impl.RoleInfo (RoleInfo.java:shutdownLeaderState(104)) - 57729e88-c64a-441d-a40e-ceaddf64552e: shutdown LeaderState
2019-09-12 10:32:18,407 [Thread-1567] INFO  impl.RoleInfo (RoleInfo.java:updateAndGet(143)) - a95fd1d5-e9a9-4526-b4c7-6aa1a85e40e9: start LeaderElection
2019-09-12 10:32:18,407 [Thread-1573] INFO  impl.RoleInfo (RoleInfo.java:shutdownFollowerState(121)) - a95fd1d5-e9a9-4526-b4c7-6aa1a85e40e9: shutdown FollowerState
2019-09-12 10:32:18,406 [f8fc8350-8b83-4a15-89e6-430db21616f7:group-03200ECFAF5C:LeaderElection151] INFO  server.RaftServerConfigKeys (ConfUtils.java:logGet(43)) - raft.server.watch.timeout = 10s (default)
2019-09-12 10:32:18,406 [57729e88-c64a-441d-a40e-ceaddf64552e-SegmentedRaftLogWorker:Storage Directory /workdir/hadoop-ozone/integration-test/target/test-dir/MiniOzoneClusterImpl-39631bd2-f83c-4f24-acb2-4c1b273f2694/datanode-1/data/ratis/06ec1786-6467-45a8-8518-389aefdbf23a] INFO  util.JmxRegister (JmxRegister.java:unregister(73)) - Successfully un-registered JMX Bean with object name Ratis:service=RaftServer,group=group-389AEFDBF23A,id=57729e88-c64a-441d-a40e-ceaddf64552e
2019-09-12 10:32:18,406 [f85b420b-0060-4bb9-9f68-598eed9b442f:group-13ABB81B8EF4:LeaderElection144] INFO  server.RaftServerConfigKeys (ConfUtils.java:logGet(43)) - raft.server.write.element-limit = 4096 (default)
2019-09-12 10:32:18,406 [f85b420b-0060-4bb9-9f68-598eed9b442f:group-17D40E37C2DF:LeaderElection145] INFO  server.RaftServerConfigKeys (ConfUtils.java:logGet(43)) - raft.server.write.element-limit = 4096 (default)
2019-09-12 10:32:18,406 [f85b420b-0060-4bb9-9f68-598eed9b442f:group-D5ABA948D560:LeaderElection143] INFO  server.RaftServerConfigKeys (ConfUtils.java:logGet(43)) - raft.server.rpc.sleep.time = 25ms (default)
2019-09-12 10:32:18,406 [f8fc8350-8b83-4a15-89e6-430db21616f7:group-93612170F5B0:LeaderElection147] INFO  server.RaftServerConfigKeys (ConfUtils.java:logGet(43)) - raft.server.watch.timeout = 10s (default)
2019-09-12 10:32:18,405 [f8fc8350-8b83-4a15-89e6-430db21616f7:group-3BDA3D0903B3:LeaderElection146] INFO  server.RaftServerConfigKeys (ConfUtils.java:logGet(43)) - raft.server.write.element-limit = 4096 (default)
2019-09-12 10:32:18,405 [f8fc8350-8b83-4a15-89e6-430db21616f7:group-96015AD63434:LeaderElection148] INFO  server.RaftServerConfigKeys (ConfUtils.java:logGet(43)) - raft.server.rpc.sleep.time = 25ms (default)
2019-09-12 10:32:18,405 [f85b420b-0060-4bb9-9f68-598eed9b442f:group-5DC5B2DA0026:LeaderElection141] INFO  server.RaftServerConfigKeys (ConfUtils.java:logGet(43)) - raft.server.write.element-limit = 4096 (default)
2019-09-12 10:32:18,405 [Thread-1561] INFO  impl.RaftServerImpl (RaftServerImpl.java:setRole(171)) - a95fd1d5-e9a9-4526-b4c7-6aa1a85e40e9:group-1CB2C2BA02ED changes role from FOLLOWER to CANDIDATE at term 0 for changeToCandidate
2019-09-12 10:32:18,405 [873ff125-9641-4674-9775-ec96c107c12e:group-76D6B7B053CA:LeaderElection152] INFO  impl.RoleInfo (RoleInfo.java:shutdownLeaderElection(134)) - 873ff125-9641-4674-9775-ec96c107c12e: shutdown LeaderElection
2019-09-12 10:32:18,404 [f85b420b-0060-4bb9-9f68-598eed9b442f:group-8A5638F4F372:LeaderElection140] INFO  server.RaftServerConfigKeys (ConfUtils.java:logGet(43)) - raft.server.rpc.sleep.time = 25ms (default)
2019-09-12 10:32:18,383 [f8fc8350-8b83-4a15-89e6-430db21616f7:group-B74BA9B994CE:LeaderElection150] INFO  server.RaftServerConfigKeys (ConfUtils.java:logGet(43)) - raft.server.rpc.sleep.time = 25ms (default)
2019-09-12 10:32:18,383 [f8fc8350-8b83-4a15-89e6-430db21616f7:group-4DA1475890E7:LeaderElection149] INFO  server.RaftServerConfigKeys (ConfUtils.java:logGet(43)) - raft.server.rpc.sleep.time = 25ms (default)
2019-09-12 10:32:18,383 [57729e88-c64a-441d-a40e-ceaddf64552e-SegmentedRaftLogWorker:Storage Directory /workdir/hadoop-ozone/integration-test/target/test-dir/MiniOzoneClusterImpl-39631bd2-f83c-4f24-acb2-4c1b273f2694/datanode-1/data/ratis/1a090dce-eb05-494c-8f13-cbb8d91d3884] INFO  impl.StateMachineUpdater (StateMachineUpdater.java:stopAndJoin(115)) - StateMachineUpdater:57729e88-c64a-441d-a40e-ceaddf64552e:group-CBB8D91D3884: set stopIndex = -1
2019-09-12 10:32:18,383 [main] INFO  db.DBStoreBuilder (DBStoreBuilder.java:addTable(110)) - using custom profile for table: userTable
2019-09-12 10:32:18,410 | INFO  | SCMAudit | user=jenkins1000 | ip=192.168.36.114 | op=SEND_HEARTBEAT {datanodeUUID=c9031a36-5f7c-4098-8bea-8a46141708a6, command=[]} | ret=SUCCESS |  
2019-09-12 10:32:18,410 | INFO  | SCMAudit | user=jenkins1000 | ip=192.168.36.114 | op=SEND_HEARTBEAT {datanodeUUID=39df7a3f-9691-48d4-a2b1-6888489a5f8a, command=[]} | ret=SUCCESS |  
2019-09-12 10:32:18,410 | INFO  | SCMAudit | user=jenkins1000 | ip=192.168.36.114 | op=SEND_HEARTBEAT {datanodeUUID=2cb9d557-cb56-4745-8686-5e72b62e748a, command=[]} | ret=SUCCESS |  
2019-09-12 10:32:18,410 | INFO  | SCMAudit | user=jenkins1000 | ip=192.168.36.114 | op=SEND_HEARTBEAT {datanodeUUID=eaeff1e2-de9c-4510-872d-283eb6c3c330, command=[]} | ret=SUCCESS |  
2019-09-12 10:32:18,410 | INFO  | SCMAudit | user=jenkins1000 | ip=192.168.36.114 | op=SEND_HEARTBEAT {datanodeUUID=f17b4253-95a0-4ee6-8ded-88f070f15b33, command=[]} | ret=SUCCESS |  
2019-09-12 10:32:18,410 | INFO  | SCMAudit | user=jenkins1000 | ip=192.168.36.114 | op=SEND_HEARTBEAT {datanodeUUID=accf000b-d7b7-4fa5-9682-da82c4451e10, command=[]} | ret=SUCCESS |  
2019-09-12 10:32:18,374 [edb6c4a3-9bf1-4f2e-8ef0-c37d9a0378de-SegmentedRaftLogWorker:Storage Directory /workdir/hadoop-ozone/integration-test/target/test-dir/MiniOzoneClusterImpl-39631bd2-f83c-4f24-acb2-4c1b273f2694/datanode-2/data/ratis/86471d7c-db36-406d-a1a9-8b9e9e5536ea] ERROR segmented.SegmentedRaftLogWorker (SegmentedRaftLogWorker.java:run(323)) - edb6c4a3-9bf1-4f2e-8ef0-c37d9a0378de-SegmentedRaftLogWorker:Storage Directory /workdir/hadoop-ozone/integration-test/target/test-dir/MiniOzoneClusterImpl-39631bd2-f83c-4f24-acb2-4c1b273f2694/datanode-2/data/ratis/86471d7c-db36-406d-a1a9-8b9e9e5536ea hit exception
java.lang.OutOfMemoryError: Direct buffer memory
	at java.nio.Bits.reserveMemory(Bits.java:666)
	at java.nio.DirectByteBuffer.<init>(DirectByteBuffer.java:123)
	at java.nio.ByteBuffer.allocateDirect(ByteBuffer.java:311)
	at org.apache.ratis.server.raftlog.segmented.BufferedWriteChannel.<init>(BufferedWriteChannel.java:41)
	at org.apache.ratis.server.raftlog.segmented.SegmentedRaftLogOutputStream.<init>(SegmentedRaftLogOutputStream.java:72)
	at org.apache.ratis.server.raftlog.segmented.SegmentedRaftLogWorker$StartLogSegment.execute(SegmentedRaftLogWorker.java:566)
	at org.apache.ratis.server.raftlog.segmented.SegmentedRaftLogWorker.run(SegmentedRaftLogWorker.java:289)
	at java.lang.Thread.run(Thread.java:748)
2019-09-12 10:32:18,410 | INFO  | SCMAudit | user=jenkins1000 | ip=192.168.36.114 | op=SEND_HEARTBEAT {datanodeUUID=c1e71898-521f-4627-a3f1-9884c4b96ced, command=[]} | ret=SUCCESS |  
2019-09-12 10:32:18,374 [edb6c4a3-9bf1-4f2e-8ef0-c37d9a0378de-SegmentedRaftLogWorker:Storage Directory /workdir/hadoop-ozone/integration-test/target/test-dir/MiniOzoneClusterImpl-39631bd2-f83c-4f24-acb2-4c1b273f2694/datanode-2/data/ratis/3b1197c4-7821-4e85-90c0-9a2ff8b7b8df] ERROR segmented.SegmentedRaftLogWorker (SegmentedRaftLogWorker.java:run(323)) - edb6c4a3-9bf1-4f2e-8ef0-c37d9a0378de-SegmentedRaftLogWorker:Storage Directory /workdir/hadoop-ozone/integration-test/target/test-dir/MiniOzoneClusterImpl-39631bd2-f83c-4f24-acb2-4c1b273f2694/datanode-2/data/ratis/3b1197c4-7821-4e85-90c0-9a2ff8b7b8df hit exception
java.lang.OutOfMemoryError: Direct buffer memory
	at java.nio.Bits.reserveMemory(Bits.java:666)
	at java.nio.DirectByteBuffer.<init>(DirectByteBuffer.java:123)
	at java.nio.ByteBuffer.allocateDirect(ByteBuffer.java:311)
	at org.apache.ratis.server.raftlog.segmented.BufferedWriteChannel.<init>(BufferedWriteChannel.java:41)
	at org.apache.ratis.server.raftlog.segmented.SegmentedRaftLogOutputStream.<init>(SegmentedRaftLogOutputStream.java:72)
	at org.apache.ratis.server.raftlog.segmented.SegmentedRaftLogWorker$StartLogSegment.execute(SegmentedRaftLogWorker.java:566)
	at org.apache.ratis.server.raftlog.segmented.SegmentedRaftLogWorker.run(SegmentedRaftLogWorker.java:289)
	at java.lang.Thread.run(Thread.java:748)
2019-09-12 10:32:18,058 [2df0b56f-bcaf-45a1-b35e-f30a30c5f26c:group-09DAD320AA03:LeaderElection134] INFO  impl.RaftServerImpl (ServerState.java:setRaftConf(361)) - 2df0b56f-bcaf-45a1-b35e-f30a30c5f26c:group-09DAD320AA03 set configuration 0: [2df0b56f-bcaf-45a1-b35e-f30a30c5f26c:192.168.36.114:36485], old=null at 0
2019-09-12 10:32:18,058 [edb6c4a3-9bf1-4f2e-8ef0-c37d9a0378de-SegmentedRaftLogWorker:Storage Directory /workdir/hadoop-ozone/integration-test/target/test-dir/MiniOzoneClusterImpl-39631bd2-f83c-4f24-acb2-4c1b273f2694/datanode-2/data/ratis/5b57e973-93bb-4e9d-8e7c-5178f88a38f2] INFO  impl.RaftServerImpl (RaftServerImpl.java:lambda$shutdown$3(245)) - edb6c4a3-9bf1-4f2e-8ef0-c37d9a0378de: shutdown group-5178F88A38F2
2019-09-12 10:32:18,057 [57729e88-c64a-441d-a40e-ceaddf64552e-SegmentedRaftLogWorker:Storage Directory /workdir/hadoop-ozone/integration-test/target/test-dir/MiniOzoneClusterImpl-39631bd2-f83c-4f24-acb2-4c1b273f2694/datanode-1/data/ratis/af871c48-a51c-42b7-bd31-549a507f2ad4] INFO  util.JmxRegister (JmxRegister.java:unregister(73)) - Successfully un-registered JMX Bean with object name Ratis:service=RaftServer,group=group-549A507F2AD4,id=57729e88-c64a-441d-a40e-ceaddf64552e
2019-09-12 10:32:18,477 [57729e88-c64a-441d-a40e-ceaddf64552e-SegmentedRaftLogWorker:Storage Directory /workdir/hadoop-ozone/integration-test/target/test-dir/MiniOzoneClusterImpl-39631bd2-f83c-4f24-acb2-4c1b273f2694/datanode-1/data/ratis/af871c48-a51c-42b7-bd31-549a507f2ad4] INFO  impl.RoleInfo (RoleInfo.java:shutdownLeaderState(104)) - 57729e88-c64a-441d-a40e-ceaddf64552e: shutdown LeaderState
2019-09-12 10:32:18,057 [57729e88-c64a-441d-a40e-ceaddf64552e-SegmentedRaftLogWorker:Storage Directory /workdir/hadoop-ozone/integration-test/target/test-dir/MiniOzoneClusterImpl-39631bd2-f83c-4f24-acb2-4c1b273f2694/datanode-1/data/ratis/b78cb103-c3af-48b2-b7ac-423d56e48233] INFO  impl.RaftServerImpl (RaftServerImpl.java:lambda$shutdown$3(245)) - 57729e88-c64a-441d-a40e-ceaddf64552e: shutdown group-423D56E48233
2019-09-12 10:32:18,477 [57729e88-c64a-441d-a40e-ceaddf64552e-SegmentedRaftLogWorker:Storage Directory /workdir/hadoop-ozone/integration-test/target/test-dir/MiniOzoneClusterImpl-39631bd2-f83c-4f24-acb2-4c1b273f2694/datanode-1/data/ratis/af871c48-a51c-42b7-bd31-549a507f2ad4] INFO  impl.PendingRequests (PendingRequests.java:sendNotLeaderResponses(202)) - 57729e88-c64a-441d-a40e-ceaddf64552e-PendingRequests: sendNotLeaderResponses
2019-09-12 10:32:18,477 | INFO  | SCMAudit | user=jenkins1000 | ip=192.168.36.114 | op=SEND_HEARTBEAT {datanodeUUID=eaeff1e2-de9c-4510-872d-283eb6c3c330, command=[]} | ret=SUCCESS |  
2019-09-12 10:32:18,477 | INFO  | SCMAudit | user=jenkins1000 | ip=192.168.36.114 | op=SEND_HEARTBEAT {datanodeUUID=f17b4253-95a0-4ee6-8ded-88f070f15b33, command=[]} | ret=SUCCESS |  
2019-09-12 10:32:18,477 | INFO  | SCMAudit | user=jenkins1000 | ip=192.168.36.114 | op=SEND_HEARTBEAT {datanodeUUID=2cb9d557-cb56-4745-8686-5e72b62e748a, command=[]} | ret=SUCCESS |  
2019-09-12 10:32:18,477 [a95fd1d5-e9a9-4526-b4c7-6aa1a85e40e9:group-01B47FFBFEC3:LeaderElection153] INFO  impl.LeaderElection (LeaderElection.java:askForVotes(181)) - a95fd1d5-e9a9-4526-b4c7-6aa1a85e40e9:group-01B47FFBFEC3:LeaderElection153: begin an election at term 1 for -1: [a95fd1d5-e9a9-4526-b4c7-6aa1a85e40e9:192.168.36.114:44353], old=null
2019-09-12 10:32:18,476 [edb6c4a3-9bf1-4f2e-8ef0-c37d9a0378de-SegmentedRaftLogWorker:Storage Directory /workdir/hadoop-ozone/integration-test/target/test-dir/MiniOzoneClusterImpl-39631bd2-f83c-4f24-acb2-4c1b273f2694/datanode-2/data/ratis/5b57e973-93bb-4e9d-8e7c-5178f88a38f2] INFO  util.JmxRegister (JmxRegister.java:unregister(73)) - Successfully un-registered JMX Bean with object name Ratis:service=RaftServer,group=group-5178F88A38F2,id=edb6c4a3-9bf1-4f2e-8ef0-c37d9a0378de
2019-09-12 10:32:18,477 [edb6c4a3-9bf1-4f2e-8ef0-c37d9a0378de-SegmentedRaftLogWorker:Storage Directory /workdir/hadoop-ozone/integration-test/target/test-dir/MiniOzoneClusterImpl-39631bd2-f83c-4f24-acb2-4c1b273f2694/datanode-2/data/ratis/5b57e973-93bb-4e9d-8e7c-5178f88a38f2] INFO  impl.RoleInfo (RoleInfo.java:shutdownLeaderState(104)) - edb6c4a3-9bf1-4f2e-8ef0-c37d9a0378de: shutdown LeaderState
2019-09-12 10:32:18,410 [edb6c4a3-9bf1-4f2e-8ef0-c37d9a0378de-SegmentedRaftLogWorker:Storage Directory /workdir/hadoop-ozone/integration-test/target/test-dir/MiniOzoneClusterImpl-39631bd2-f83c-4f24-acb2-4c1b273f2694/datanode-2/data/ratis/3b1197c4-7821-4e85-90c0-9a2ff8b7b8df] INFO  impl.RaftServerImpl (RaftServerImpl.java:lambda$shutdown$3(245)) - edb6c4a3-9bf1-4f2e-8ef0-c37d9a0378de: shutdown group-9A2FF8B7B8DF
2019-09-12 10:32:18,410 [edb6c4a3-9bf1-4f2e-8ef0-c37d9a0378de-SegmentedRaftLogWorker:Storage Directory /workdir/hadoop-ozone/integration-test/target/test-dir/MiniOzoneClusterImpl-39631bd2-f83c-4f24-acb2-4c1b273f2694/datanode-2/data/ratis/86471d7c-db36-406d-a1a9-8b9e9e5536ea] INFO  impl.RaftServerImpl (RaftServerImpl.java:lambda$shutdown$3(245)) - edb6c4a3-9bf1-4f2e-8ef0-c37d9a0378de: shutdown group-8B9E9E5536EA
2019-09-12 10:32:18,410 [main] INFO  db.DBStoreBuilder (DBStoreBuilder.java:processTables(161)) - Using default column profile:DBProfile.DISK for Table:userTable
2019-09-12 10:32:18,409 [57729e88-c64a-441d-a40e-ceaddf64552e-SegmentedRaftLogWorker:Storage Directory /workdir/hadoop-ozone/integration-test/target/test-dir/MiniOzoneClusterImpl-39631bd2-f83c-4f24-acb2-4c1b273f2694/datanode-1/data/ratis/1a090dce-eb05-494c-8f13-cbb8d91d3884] INFO  impl.RaftServerImpl (ServerState.java:close(394)) - 57729e88-c64a-441d-a40e-ceaddf64552e:group-CBB8D91D3884 closes. The last applied log index is -1
2019-09-12 10:32:18,409 [f8fc8350-8b83-4a15-89e6-430db21616f7:group-4DA1475890E7:LeaderElection149] INFO  server.RaftServerConfigKeys (ConfUtils.java:logGet(43)) - raft.server.write.element-limit = 4096 (default)
2019-09-12 10:32:18,409 [f8fc8350-8b83-4a15-89e6-430db21616f7:group-B74BA9B994CE:LeaderElection150] INFO  server.RaftServerConfigKeys (ConfUtils.java:logGet(43)) - raft.server.write.element-limit = 4096 (default)
2019-09-12 10:32:18,409 [f85b420b-0060-4bb9-9f68-598eed9b442f:group-8A5638F4F372:LeaderElection140] INFO  server.RaftServerConfigKeys (ConfUtils.java:logGet(43)) - raft.server.write.element-limit = 4096 (default)
2019-09-12 10:32:18,409 [873ff125-9641-4674-9775-ec96c107c12e:group-76D6B7B053CA:LeaderElection152] INFO  impl.RaftServerImpl (RaftServerImpl.java:setRole(171)) - 873ff125-9641-4674-9775-ec96c107c12e:group-76D6B7B053CA changes role from CANDIDATE to LEADER at term 1 for changeToLeader
2019-09-12 10:32:18,409 [Thread-1561] INFO  impl.RoleInfo (RoleInfo.java:updateAndGet(143)) - a95fd1d5-e9a9-4526-b4c7-6aa1a85e40e9: start LeaderElection
2019-09-12 10:32:18,409 [f85b420b-0060-4bb9-9f68-598eed9b442f:group-5DC5B2DA0026:LeaderElection141] INFO  server.RaftServerConfigKeys (ConfUtils.java:logGet(43)) - raft.server.watch.timeout = 10s (default)
2019-09-12 10:32:18,409 [f8fc8350-8b83-4a15-89e6-430db21616f7:group-96015AD63434:LeaderElection148] INFO  server.RaftServerConfigKeys (ConfUtils.java:logGet(43)) - raft.server.write.element-limit = 4096 (default)
2019-09-12 10:32:18,408 [f8fc8350-8b83-4a15-89e6-430db21616f7:group-3BDA3D0903B3:LeaderElection146] INFO  server.RaftServerConfigKeys (ConfUtils.java:logGet(43)) - raft.server.watch.timeout = 10s (default)
2019-09-12 10:32:18,408 [f8fc8350-8b83-4a15-89e6-430db21616f7:group-93612170F5B0:LeaderElection147] INFO  server.RaftServerConfigKeys (ConfUtils.java:logGet(43)) - raft.server.watch.timeout.denomination = 1s (default)
2019-09-12 10:32:18,408 [f85b420b-0060-4bb9-9f68-598eed9b442f:group-D5ABA948D560:LeaderElection143] INFO  server.RaftServerConfigKeys (ConfUtils.java:logGet(43)) - raft.server.write.element-limit = 4096 (default)
2019-09-12 10:32:18,408 [f85b420b-0060-4bb9-9f68-598eed9b442f:group-17D40E37C2DF:LeaderElection145] INFO  server.RaftServerConfigKeys (ConfUtils.java:logGet(43)) - raft.server.watch.timeout = 10s (default)
2019-09-12 10:32:18,408 [f85b420b-0060-4bb9-9f68-598eed9b442f:group-13ABB81B8EF4:LeaderElection144] INFO  server.RaftServerConfigKeys (ConfUtils.java:logGet(43)) - raft.server.watch.timeout = 10s (default)
2019-09-12 10:32:18,408 [57729e88-c64a-441d-a40e-ceaddf64552e-SegmentedRaftLogWorker:Storage Directory /workdir/hadoop-ozone/integration-test/target/test-dir/MiniOzoneClusterImpl-39631bd2-f83c-4f24-acb2-4c1b273f2694/datanode-1/data/ratis/06ec1786-6467-45a8-8518-389aefdbf23a] INFO  impl.RoleInfo (RoleInfo.java:shutdownLeaderState(104)) - 57729e88-c64a-441d-a40e-ceaddf64552e: shutdown LeaderState
2019-09-12 10:32:18,408 [f8fc8350-8b83-4a15-89e6-430db21616f7:group-03200ECFAF5C:LeaderElection151] INFO  server.RaftServerConfigKeys (ConfUtils.java:logGet(43)) - raft.server.watch.timeout.denomination = 1s (default)
2019-09-12 10:32:18,407 [Thread-1573] INFO  impl.RaftServerImpl (RaftServerImpl.java:setRole(171)) - a95fd1d5-e9a9-4526-b4c7-6aa1a85e40e9:group-63E39A8AA019 changes role from FOLLOWER to CANDIDATE at term 0 for changeToCandidate
2019-09-12 10:32:18,407 [57729e88-c64a-441d-a40e-ceaddf64552e-SegmentedRaftLogWorker:Storage Directory /workdir/hadoop-ozone/integration-test/target/test-dir/MiniOzoneClusterImpl-39631bd2-f83c-4f24-acb2-4c1b273f2694/datanode-1/data/ratis/f4331232-7c5d-4be8-8a4b-5a9978281853] INFO  impl.PendingRequests (PendingRequests.java:sendNotLeaderResponses(202)) - 57729e88-c64a-441d-a40e-ceaddf64552e-PendingRequests: sendNotLeaderResponses
2019-09-12 10:32:18,407 [f85b420b-0060-4bb9-9f68-598eed9b442f:group-141DB36F1FC4:LeaderElection142] INFO  server.RaftServerConfigKeys (ConfUtils.java:logGet(43)) - raft.server.write.element-limit = 4096 (default)
2019-09-12 10:32:18,480 [57729e88-c64a-441d-a40e-ceaddf64552e-SegmentedRaftLogWorker:Storage Directory /workdir/hadoop-ozone/integration-test/target/test-dir/MiniOzoneClusterImpl-39631bd2-f83c-4f24-acb2-4c1b273f2694/datanode-1/data/ratis/f4331232-7c5d-4be8-8a4b-5a9978281853] INFO  impl.StateMachineUpdater (StateMachineUpdater.java:stopAndJoin(115)) - StateMachineUpdater:57729e88-c64a-441d-a40e-ceaddf64552e:group-5A9978281853: set stopIndex = -1
2019-09-12 10:32:18,480 [Thread-1573] INFO  impl.RoleInfo (RoleInfo.java:updateAndGet(143)) - a95fd1d5-e9a9-4526-b4c7-6aa1a85e40e9: start LeaderElection
2019-09-12 10:32:18,480 [f8fc8350-8b83-4a15-89e6-430db21616f7:group-03200ECFAF5C:LeaderElection151] INFO  server.RaftServerConfigKeys (ConfUtils.java:logGet(43)) - raft.server.watch.element-limit = 65536 (default)
2019-09-12 10:32:18,480 [57729e88-c64a-441d-a40e-ceaddf64552e-SegmentedRaftLogWorker:Storage Directory /workdir/hadoop-ozone/integration-test/target/test-dir/MiniOzoneClusterImpl-39631bd2-f83c-4f24-acb2-4c1b273f2694/datanode-1/data/ratis/06ec1786-6467-45a8-8518-389aefdbf23a] INFO  impl.PendingRequests (PendingRequests.java:sendNotLeaderResponses(202)) - 57729e88-c64a-441d-a40e-ceaddf64552e-PendingRequests: sendNotLeaderResponses
2019-09-12 10:32:18,479 [f85b420b-0060-4bb9-9f68-598eed9b442f:group-13ABB81B8EF4:LeaderElection144] INFO  server.RaftServerConfigKeys (ConfUtils.java:logGet(43)) - raft.server.watch.timeout.denomination = 1s (default)
2019-09-12 10:32:18,479 [f85b420b-0060-4bb9-9f68-598eed9b442f:group-17D40E37C2DF:LeaderElection145] INFO  server.RaftServerConfigKeys (ConfUtils.java:logGet(43)) - raft.server.watch.timeout.denomination = 1s (default)
2019-09-12 10:32:18,479 [f85b420b-0060-4bb9-9f68-598eed9b442f:group-D5ABA948D560:LeaderElection143] INFO  server.RaftServerConfigKeys (ConfUtils.java:logGet(43)) - raft.server.watch.timeout = 10s (default)
2019-09-12 10:32:18,481 [f85b420b-0060-4bb9-9f68-598eed9b442f:group-D5ABA948D560:LeaderElection143] INFO  server.RaftServerConfigKeys (ConfUtils.java:logGet(43)) - raft.server.watch.timeout.denomination = 1s (default)
2019-09-12 10:32:18,479 [f8fc8350-8b83-4a15-89e6-430db21616f7:group-93612170F5B0:LeaderElection147] INFO  server.RaftServerConfigKeys (ConfUtils.java:logGet(43)) - raft.server.watch.element-limit = 65536 (default)
2019-09-12 10:32:18,479 [f8fc8350-8b83-4a15-89e6-430db21616f7:group-3BDA3D0903B3:LeaderElection146] INFO  server.RaftServerConfigKeys (ConfUtils.java:logGet(43)) - raft.server.watch.timeout.denomination = 1s (default)
2019-09-12 10:32:18,479 [f8fc8350-8b83-4a15-89e6-430db21616f7:group-96015AD63434:LeaderElection148] INFO  server.RaftServerConfigKeys (ConfUtils.java:logGet(43)) - raft.server.watch.timeout = 10s (default)
2019-09-12 10:32:18,479 [f85b420b-0060-4bb9-9f68-598eed9b442f:group-5DC5B2DA0026:LeaderElection141] INFO  server.RaftServerConfigKeys (ConfUtils.java:logGet(43)) - raft.server.watch.timeout.denomination = 1s (default)
2019-09-12 10:32:18,481 [f85b420b-0060-4bb9-9f68-598eed9b442f:group-5DC5B2DA0026:LeaderElection141] INFO  server.RaftServerConfigKeys (ConfUtils.java:logGet(43)) - raft.server.watch.element-limit = 65536 (default)
2019-09-12 10:32:18,478 [873ff125-9641-4674-9775-ec96c107c12e:group-76D6B7B053CA:LeaderElection152] INFO  impl.RaftServerImpl (ServerState.java:setLeader(263)) - 873ff125-9641-4674-9775-ec96c107c12e:group-76D6B7B053CA change Leader from null to 873ff125-9641-4674-9775-ec96c107c12e at term 1 for becomeLeader, leader elected after 8299ms
2019-09-12 10:32:18,478 [f85b420b-0060-4bb9-9f68-598eed9b442f:group-8A5638F4F372:LeaderElection140] INFO  server.RaftServerConfigKeys (ConfUtils.java:logGet(43)) - raft.server.watch.timeout = 10s (default)
2019-09-12 10:32:18,478 [f8fc8350-8b83-4a15-89e6-430db21616f7:group-B74BA9B994CE:LeaderElection150] INFO  server.RaftServerConfigKeys (ConfUtils.java:logGet(43)) - raft.server.watch.timeout = 10s (default)
2019-09-12 10:32:18,478 [f8fc8350-8b83-4a15-89e6-430db21616f7:group-4DA1475890E7:LeaderElection149] INFO  server.RaftServerConfigKeys (ConfUtils.java:logGet(43)) - raft.server.watch.timeout = 10s (default)
2019-09-12 10:32:18,478 [57729e88-c64a-441d-a40e-ceaddf64552e-SegmentedRaftLogWorker:Storage Directory /workdir/hadoop-ozone/integration-test/target/test-dir/MiniOzoneClusterImpl-39631bd2-f83c-4f24-acb2-4c1b273f2694/datanode-1/data/ratis/1a090dce-eb05-494c-8f13-cbb8d91d3884] INFO  segmented.SegmentedRaftLogWorker (SegmentedRaftLogWorker.java:close(228)) - 57729e88-c64a-441d-a40e-ceaddf64552e-SegmentedRaftLogWorker:Storage Directory /workdir/hadoop-ozone/integration-test/target/test-dir/MiniOzoneClusterImpl-39631bd2-f83c-4f24-acb2-4c1b273f2694/datanode-1/data/ratis/1a090dce-eb05-494c-8f13-cbb8d91d3884 close()
2019-09-12 10:32:18,478 [main] INFO  db.DBStoreBuilder (DBStoreBuilder.java:addTable(110)) - using custom profile for table: volumeTable
2019-09-12 10:32:18,478 [edb6c4a3-9bf1-4f2e-8ef0-c37d9a0378de-SegmentedRaftLogWorker:Storage Directory /workdir/hadoop-ozone/integration-test/target/test-dir/MiniOzoneClusterImpl-39631bd2-f83c-4f24-acb2-4c1b273f2694/datanode-2/data/ratis/86471d7c-db36-406d-a1a9-8b9e9e5536ea] INFO  util.JmxRegister (JmxRegister.java:unregister(73)) - Successfully un-registered JMX Bean with object name Ratis:service=RaftServer,group=group-8B9E9E5536EA,id=edb6c4a3-9bf1-4f2e-8ef0-c37d9a0378de
2019-09-12 10:32:18,499 [edb6c4a3-9bf1-4f2e-8ef0-c37d9a0378de-SegmentedRaftLogWorker:Storage Directory /workdir/hadoop-ozone/integration-test/target/test-dir/MiniOzoneClusterImpl-39631bd2-f83c-4f24-acb2-4c1b273f2694/datanode-2/data/ratis/86471d7c-db36-406d-a1a9-8b9e9e5536ea] INFO  impl.RoleInfo (RoleInfo.java:shutdownLeaderState(104)) - edb6c4a3-9bf1-4f2e-8ef0-c37d9a0378de: shutdown LeaderState
2019-09-12 10:32:18,477 [edb6c4a3-9bf1-4f2e-8ef0-c37d9a0378de-SegmentedRaftLogWorker:Storage Directory /workdir/hadoop-ozone/integration-test/target/test-dir/MiniOzoneClusterImpl-39631bd2-f83c-4f24-acb2-4c1b273f2694/datanode-2/data/ratis/3b1197c4-7821-4e85-90c0-9a2ff8b7b8df] INFO  util.JmxRegister (JmxRegister.java:unregister(73)) - Successfully un-registered JMX Bean with object name Ratis:service=RaftServer,group=group-9A2FF8B7B8DF,id=edb6c4a3-9bf1-4f2e-8ef0-c37d9a0378de
2019-09-12 10:32:18,477 [edb6c4a3-9bf1-4f2e-8ef0-c37d9a0378de-SegmentedRaftLogWorker:Storage Directory /workdir/hadoop-ozone/integration-test/target/test-dir/MiniOzoneClusterImpl-39631bd2-f83c-4f24-acb2-4c1b273f2694/datanode-2/data/ratis/5b57e973-93bb-4e9d-8e7c-5178f88a38f2] INFO  impl.PendingRequests (PendingRequests.java:sendNotLeaderResponses(202)) - edb6c4a3-9bf1-4f2e-8ef0-c37d9a0378de-PendingRequests: sendNotLeaderResponses
2019-09-12 10:32:18,477 [a95fd1d5-e9a9-4526-b4c7-6aa1a85e40e9:group-01B47FFBFEC3:LeaderElection153] INFO  impl.RoleInfo (RoleInfo.java:shutdownLeaderElection(134)) - a95fd1d5-e9a9-4526-b4c7-6aa1a85e40e9: shutdown LeaderElection
2019-09-12 10:32:18,500 [edb6c4a3-9bf1-4f2e-8ef0-c37d9a0378de-SegmentedRaftLogWorker:Storage Directory /workdir/hadoop-ozone/integration-test/target/test-dir/MiniOzoneClusterImpl-39631bd2-f83c-4f24-acb2-4c1b273f2694/datanode-2/data/ratis/5b57e973-93bb-4e9d-8e7c-5178f88a38f2] INFO  impl.StateMachineUpdater (StateMachineUpdater.java:stopAndJoin(115)) - StateMachineUpdater:edb6c4a3-9bf1-4f2e-8ef0-c37d9a0378de:group-5178F88A38F2: set stopIndex = -1
2019-09-12 10:32:18,477 [57729e88-c64a-441d-a40e-ceaddf64552e-SegmentedRaftLogWorker:Storage Directory /workdir/hadoop-ozone/integration-test/target/test-dir/MiniOzoneClusterImpl-39631bd2-f83c-4f24-acb2-4c1b273f2694/datanode-1/data/ratis/af871c48-a51c-42b7-bd31-549a507f2ad4] INFO  impl.StateMachineUpdater (StateMachineUpdater.java:stopAndJoin(115)) - StateMachineUpdater:57729e88-c64a-441d-a40e-ceaddf64552e:group-549A507F2AD4: set stopIndex = -1
2019-09-12 10:32:18,477 [57729e88-c64a-441d-a40e-ceaddf64552e-SegmentedRaftLogWorker:Storage Directory /workdir/hadoop-ozone/integration-test/target/test-dir/MiniOzoneClusterImpl-39631bd2-f83c-4f24-acb2-4c1b273f2694/datanode-1/data/ratis/b78cb103-c3af-48b2-b7ac-423d56e48233] INFO  util.JmxRegister (JmxRegister.java:unregister(73)) - Successfully un-registered JMX Bean with object name Ratis:service=RaftServer,group=group-423D56E48233,id=57729e88-c64a-441d-a40e-ceaddf64552e
2019-09-12 10:32:18,500 [57729e88-c64a-441d-a40e-ceaddf64552e-SegmentedRaftLogWorker:Storage Directory /workdir/hadoop-ozone/integration-test/target/test-dir/MiniOzoneClusterImpl-39631bd2-f83c-4f24-acb2-4c1b273f2694/datanode-1/data/ratis/af871c48-a51c-42b7-bd31-549a507f2ad4] INFO  impl.RaftServerImpl (ServerState.java:close(394)) - 57729e88-c64a-441d-a40e-ceaddf64552e:group-549A507F2AD4 closes. The last applied log index is -1
2019-09-12 10:32:18,500 [edb6c4a3-9bf1-4f2e-8ef0-c37d9a0378de-SegmentedRaftLogWorker:Storage Directory /workdir/hadoop-ozone/integration-test/target/test-dir/MiniOzoneClusterImpl-39631bd2-f83c-4f24-acb2-4c1b273f2694/datanode-2/data/ratis/5b57e973-93bb-4e9d-8e7c-5178f88a38f2] INFO  impl.RaftServerImpl (ServerState.java:close(394)) - edb6c4a3-9bf1-4f2e-8ef0-c37d9a0378de:group-5178F88A38F2 closes. The last applied log index is -1
2019-09-12 10:32:18,500 [a95fd1d5-e9a9-4526-b4c7-6aa1a85e40e9:group-01B47FFBFEC3:LeaderElection153] INFO  impl.RaftServerImpl (RaftServerImpl.java:setRole(171)) - a95fd1d5-e9a9-4526-b4c7-6aa1a85e40e9:group-01B47FFBFEC3 changes role from CANDIDATE to LEADER at term 1 for changeToLeader
2019-09-12 10:32:18,499 [edb6c4a3-9bf1-4f2e-8ef0-c37d9a0378de-SegmentedRaftLogWorker:Storage Directory /workdir/hadoop-ozone/integration-test/target/test-dir/MiniOzoneClusterImpl-39631bd2-f83c-4f24-acb2-4c1b273f2694/datanode-2/data/ratis/3b1197c4-7821-4e85-90c0-9a2ff8b7b8df] INFO  impl.RoleInfo (RoleInfo.java:shutdownLeaderState(104)) - edb6c4a3-9bf1-4f2e-8ef0-c37d9a0378de: shutdown LeaderState
2019-09-12 10:32:18,499 [edb6c4a3-9bf1-4f2e-8ef0-c37d9a0378de-SegmentedRaftLogWorker:Storage Directory /workdir/hadoop-ozone/integration-test/target/test-dir/MiniOzoneClusterImpl-39631bd2-f83c-4f24-acb2-4c1b273f2694/datanode-2/data/ratis/86471d7c-db36-406d-a1a9-8b9e9e5536ea] INFO  impl.PendingRequests (PendingRequests.java:sendNotLeaderResponses(202)) - edb6c4a3-9bf1-4f2e-8ef0-c37d9a0378de-PendingRequests: sendNotLeaderResponses
2019-09-12 10:32:18,499 [main] INFO  db.DBStoreBuilder (DBStoreBuilder.java:processTables(161)) - Using default column profile:DBProfile.DISK for Table:volumeTable
2019-09-12 10:32:18,499 [a95fd1d5-e9a9-4526-b4c7-6aa1a85e40e9:group-63E39A8AA019:LeaderElection155] INFO  impl.LeaderElection (LeaderElection.java:askForVotes(181)) - a95fd1d5-e9a9-4526-b4c7-6aa1a85e40e9:group-63E39A8AA019:LeaderElection155: begin an election at term 1 for -1: [a95fd1d5-e9a9-4526-b4c7-6aa1a85e40e9:192.168.36.114:44353], old=null
2019-09-12 10:32:18,499 [a95fd1d5-e9a9-4526-b4c7-6aa1a85e40e9:group-1CB2C2BA02ED:LeaderElection154] INFO  impl.LeaderElection (LeaderElection.java:askForVotes(181)) - a95fd1d5-e9a9-4526-b4c7-6aa1a85e40e9:group-1CB2C2BA02ED:LeaderElection154: begin an election at term 1 for -1: [a95fd1d5-e9a9-4526-b4c7-6aa1a85e40e9:192.168.36.114:44353], old=null
2019-09-12 10:32:18,501 [main] INFO  db.DBStoreBuilder (DBStoreBuilder.java:addTable(110)) - using custom profile for table: bucketTable
2019-09-12 10:32:18,501 [main] INFO  db.DBStoreBuilder (DBStoreBuilder.java:processTables(161)) - Using default column profile:DBProfile.DISK for Table:bucketTable
2019-09-12 10:32:18,482 [f8fc8350-8b83-4a15-89e6-430db21616f7:group-4DA1475890E7:LeaderElection149] INFO  server.RaftServerConfigKeys (ConfUtils.java:logGet(43)) - raft.server.watch.timeout.denomination = 1s (default)
2019-09-12 10:32:18,482 [f8fc8350-8b83-4a15-89e6-430db21616f7:group-B74BA9B994CE:LeaderElection150] INFO  server.RaftServerConfigKeys (ConfUtils.java:logGet(43)) - raft.server.watch.timeout.denomination = 1s (default)
2019-09-12 10:32:18,482 [f85b420b-0060-4bb9-9f68-598eed9b442f:group-8A5638F4F372:LeaderElection140] INFO  server.RaftServerConfigKeys (ConfUtils.java:logGet(43)) - raft.server.watch.timeout.denomination = 1s (default)
2019-09-12 10:32:18,482 [873ff125-9641-4674-9775-ec96c107c12e:group-76D6B7B053CA:LeaderElection152] INFO  server.RaftServerConfigKeys (ConfUtils.java:logGet(43)) - raft.server.staging.catchup.gap = 1000 (default)
2019-09-12 10:32:18,481 [f85b420b-0060-4bb9-9f68-598eed9b442f:group-5DC5B2DA0026:LeaderElection141] INFO  impl.RoleInfo (RoleInfo.java:updateAndGet(143)) - f85b420b-0060-4bb9-9f68-598eed9b442f: start LeaderState
2019-09-12 10:32:18,481 [f8fc8350-8b83-4a15-89e6-430db21616f7:group-96015AD63434:LeaderElection148] INFO  server.RaftServerConfigKeys (ConfUtils.java:logGet(43)) - raft.server.watch.timeout.denomination = 1s (default)
2019-09-12 10:32:18,502 [f85b420b-0060-4bb9-9f68-598eed9b442f:group-5DC5B2DA0026:LeaderElection141] INFO  segmented.SegmentedRaftLogWorker (SegmentedRaftLogWorker.java:startLogSegment(380)) - f85b420b-0060-4bb9-9f68-598eed9b442f-SegmentedRaftLogWorker:Storage Directory /workdir/hadoop-ozone/integration-test/target/test-dir/MiniOzoneClusterImpl-39631bd2-f83c-4f24-acb2-4c1b273f2694/datanode-4/data/ratis/6232cc96-e05a-445c-abd0-5dc5b2da0026: Starting segment from index:0
2019-09-12 10:32:18,481 [f8fc8350-8b83-4a15-89e6-430db21616f7:group-3BDA3D0903B3:LeaderElection146] INFO  server.RaftServerConfigKeys (ConfUtils.java:logGet(43)) - raft.server.watch.element-limit = 65536 (default)
2019-09-12 10:32:18,481 [f8fc8350-8b83-4a15-89e6-430db21616f7:group-93612170F5B0:LeaderElection147] INFO  impl.RoleInfo (RoleInfo.java:updateAndGet(143)) - f8fc8350-8b83-4a15-89e6-430db21616f7: start LeaderState
2019-09-12 10:32:18,481 [f85b420b-0060-4bb9-9f68-598eed9b442f:group-D5ABA948D560:LeaderElection143] INFO  server.RaftServerConfigKeys (ConfUtils.java:logGet(43)) - raft.server.watch.element-limit = 65536 (default)
2019-09-12 10:32:18,502 [f85b420b-0060-4bb9-9f68-598eed9b442f:group-5DC5B2DA0026:LeaderElection141] INFO  impl.RaftServerImpl (ServerState.java:setRaftConf(361)) - f85b420b-0060-4bb9-9f68-598eed9b442f:group-5DC5B2DA0026 set configuration 0: [f85b420b-0060-4bb9-9f68-598eed9b442f:192.168.36.114:39826], old=null at 0
2019-09-12 10:32:18,940 | INFO  | SCMAudit | user=jenkins1000 | ip=192.168.36.114 | op=SEND_HEARTBEAT {datanodeUUID=ad8ae342-df06-4311-9d84-524877c98111, command=[]} | ret=SUCCESS |  
2019-09-12 10:32:18,941 | INFO  | SCMAudit | user=jenkins1000 | ip=192.168.36.114 | op=SEND_HEARTBEAT {datanodeUUID=c54af6f8-a22e-478f-90e1-029d14059a99, command=[]} | ret=SUCCESS |  
2019-09-12 10:32:18,941 | INFO  | SCMAudit | user=jenkins1000 | ip=192.168.36.114 | op=SEND_HEARTBEAT {datanodeUUID=ff438662-24cf-49bb-bfc5-3308ec6d286b, command=[]} | ret=SUCCESS |  
2019-09-12 10:32:18,941 | INFO  | SCMAudit | user=jenkins1000 | ip=192.168.36.114 | op=SEND_HEARTBEAT {datanodeUUID=9616c881-dbb1-48da-90dd-a872ed779a2e, command=[]} | ret=SUCCESS |  
2019-09-12 10:32:18,502 [f85b420b-0060-4bb9-9f68-598eed9b442f:group-D5ABA948D560:LeaderElection143] INFO  impl.RoleInfo (RoleInfo.java:updateAndGet(143)) - f85b420b-0060-4bb9-9f68-598eed9b442f: start LeaderState
2019-09-12 10:32:18,942 | INFO  | SCMAudit | user=jenkins1000 | ip=192.168.36.114 | op=SEND_HEARTBEAT {datanodeUUID=39df7a3f-9691-48d4-a2b1-6888489a5f8a, command=[]} | ret=SUCCESS |  
2019-09-12 10:32:18,481 [f85b420b-0060-4bb9-9f68-598eed9b442f:group-17D40E37C2DF:LeaderElection145] INFO  server.RaftServerConfigKeys (ConfUtils.java:logGet(43)) - raft.server.watch.element-limit = 65536 (default)
2019-09-12 10:32:18,942 | INFO  | SCMAudit | user=jenkins1000 | ip=192.168.36.114 | op=SEND_HEARTBEAT {datanodeUUID=c9031a36-5f7c-4098-8bea-8a46141708a6, command=[]} | ret=SUCCESS |  
2019-09-12 10:32:18,942 | INFO  | SCMAudit | user=jenkins1000 | ip=192.168.36.114 | op=SEND_HEARTBEAT {datanodeUUID=873ff125-9641-4674-9775-ec96c107c12e, command=[]} | ret=SUCCESS |  
2019-09-12 10:32:18,481 [f85b420b-0060-4bb9-9f68-598eed9b442f:group-13ABB81B8EF4:LeaderElection144] INFO  server.RaftServerConfigKeys (ConfUtils.java:logGet(43)) - raft.server.watch.element-limit = 65536 (default)
2019-09-12 10:32:18,480 [57729e88-c64a-441d-a40e-ceaddf64552e-SegmentedRaftLogWorker:Storage Directory /workdir/hadoop-ozone/integration-test/target/test-dir/MiniOzoneClusterImpl-39631bd2-f83c-4f24-acb2-4c1b273f2694/datanode-1/data/ratis/06ec1786-6467-45a8-8518-389aefdbf23a] INFO  impl.StateMachineUpdater (StateMachineUpdater.java:stopAndJoin(115)) - StateMachineUpdater:57729e88-c64a-441d-a40e-ceaddf64552e:group-389AEFDBF23A: set stopIndex = -1
2019-09-12 10:32:18,480 [f8fc8350-8b83-4a15-89e6-430db21616f7:group-03200ECFAF5C:LeaderElection151] INFO  impl.RoleInfo (RoleInfo.java:updateAndGet(143)) - f8fc8350-8b83-4a15-89e6-430db21616f7: start LeaderState
2019-09-12 10:32:18,480 [57729e88-c64a-441d-a40e-ceaddf64552e-SegmentedRaftLogWorker:Storage Directory /workdir/hadoop-ozone/integration-test/target/test-dir/MiniOzoneClusterImpl-39631bd2-f83c-4f24-acb2-4c1b273f2694/datanode-1/data/ratis/f4331232-7c5d-4be8-8a4b-5a9978281853] INFO  impl.RaftServerImpl (ServerState.java:close(394)) - 57729e88-c64a-441d-a40e-ceaddf64552e:group-5A9978281853 closes. The last applied log index is -1
2019-09-12 10:32:18,480 [f85b420b-0060-4bb9-9f68-598eed9b442f:group-141DB36F1FC4:LeaderElection142] INFO  server.RaftServerConfigKeys (ConfUtils.java:logGet(43)) - raft.server.watch.timeout = 10s (default)
2019-09-12 10:32:18,943 [57729e88-c64a-441d-a40e-ceaddf64552e-SegmentedRaftLogWorker:Storage Directory /workdir/hadoop-ozone/integration-test/target/test-dir/MiniOzoneClusterImpl-39631bd2-f83c-4f24-acb2-4c1b273f2694/datanode-1/data/ratis/f4331232-7c5d-4be8-8a4b-5a9978281853] INFO  segmented.SegmentedRaftLogWorker (SegmentedRaftLogWorker.java:close(228)) - 57729e88-c64a-441d-a40e-ceaddf64552e-SegmentedRaftLogWorker:Storage Directory /workdir/hadoop-ozone/integration-test/target/test-dir/MiniOzoneClusterImpl-39631bd2-f83c-4f24-acb2-4c1b273f2694/datanode-1/data/ratis/f4331232-7c5d-4be8-8a4b-5a9978281853 close()
2019-09-12 10:32:18,943 [f8fc8350-8b83-4a15-89e6-430db21616f7:group-03200ECFAF5C:LeaderElection151] INFO  segmented.SegmentedRaftLogWorker (SegmentedRaftLogWorker.java:startLogSegment(380)) - f8fc8350-8b83-4a15-89e6-430db21616f7-SegmentedRaftLogWorker:Storage Directory /workdir/hadoop-ozone/integration-test/target/test-dir/MiniOzoneClusterImpl-39631bd2-f83c-4f24-acb2-4c1b273f2694/datanode-5/data/ratis/94d28abe-6b2e-4c7b-a631-03200ecfaf5c: Starting segment from index:0
2019-09-12 10:32:18,942 [57729e88-c64a-441d-a40e-ceaddf64552e-SegmentedRaftLogWorker:Storage Directory /workdir/hadoop-ozone/integration-test/target/test-dir/MiniOzoneClusterImpl-39631bd2-f83c-4f24-acb2-4c1b273f2694/datanode-1/data/ratis/06ec1786-6467-45a8-8518-389aefdbf23a] INFO  impl.RaftServerImpl (ServerState.java:close(394)) - 57729e88-c64a-441d-a40e-ceaddf64552e:group-389AEFDBF23A closes. The last applied log index is -1
2019-09-12 10:32:18,942 [f85b420b-0060-4bb9-9f68-598eed9b442f:group-13ABB81B8EF4:LeaderElection144] INFO  impl.RoleInfo (RoleInfo.java:updateAndGet(143)) - f85b420b-0060-4bb9-9f68-598eed9b442f: start LeaderState
2019-09-12 10:32:18,942 [f85b420b-0060-4bb9-9f68-598eed9b442f:group-17D40E37C2DF:LeaderElection145] INFO  impl.RoleInfo (RoleInfo.java:updateAndGet(143)) - f85b420b-0060-4bb9-9f68-598eed9b442f: start LeaderState
2019-09-12 10:32:18,942 [f85b420b-0060-4bb9-9f68-598eed9b442f:group-D5ABA948D560:LeaderElection143] INFO  segmented.SegmentedRaftLogWorker (SegmentedRaftLogWorker.java:startLogSegment(380)) - f85b420b-0060-4bb9-9f68-598eed9b442f-SegmentedRaftLogWorker:Storage Directory /workdir/hadoop-ozone/integration-test/target/test-dir/MiniOzoneClusterImpl-39631bd2-f83c-4f24-acb2-4c1b273f2694/datanode-4/data/ratis/b369c1e5-234a-4e06-ae16-d5aba948d560: Starting segment from index:0
2019-09-12 10:32:18,939 [2df0b56f-bcaf-45a1-b35e-f30a30c5f26c-SegmentedRaftLogWorker:Storage Directory /workdir/hadoop-ozone/integration-test/target/test-dir/MiniOzoneClusterImpl-39631bd2-f83c-4f24-acb2-4c1b273f2694/datanode-3/data/ratis/5566e6be-b40d-410d-b9f2-7ca0681ac426] ERROR segmented.SegmentedRaftLogWorker (SegmentedRaftLogWorker.java:run(323)) - 2df0b56f-bcaf-45a1-b35e-f30a30c5f26c-SegmentedRaftLogWorker:Storage Directory /workdir/hadoop-ozone/integration-test/target/test-dir/MiniOzoneClusterImpl-39631bd2-f83c-4f24-acb2-4c1b273f2694/datanode-3/data/ratis/5566e6be-b40d-410d-b9f2-7ca0681ac426 hit exception
java.lang.OutOfMemoryError: Direct buffer memory
	at java.nio.Bits.reserveMemory(Bits.java:666)
	at java.nio.DirectByteBuffer.<init>(DirectByteBuffer.java:123)
	at java.nio.ByteBuffer.allocateDirect(ByteBuffer.java:311)
	at org.apache.ratis.server.raftlog.segmented.BufferedWriteChannel.<init>(BufferedWriteChannel.java:41)
	at org.apache.ratis.server.raftlog.segmented.SegmentedRaftLogOutputStream.<init>(SegmentedRaftLogOutputStream.java:72)
	at org.apache.ratis.server.raftlog.segmented.SegmentedRaftLogWorker$StartLogSegment.execute(SegmentedRaftLogWorker.java:566)
	at org.apache.ratis.server.raftlog.segmented.SegmentedRaftLogWorker.run(SegmentedRaftLogWorker.java:289)
	at java.lang.Thread.run(Thread.java:748)
2019-09-12 10:32:19,533 | INFO  | SCMAudit | user=jenkins1000 | ip=192.168.36.114 | op=SEND_HEARTBEAT {datanodeUUID=b6dd7c38-f675-445e-811b-15cf17d56c0a, command=[]} | ret=SUCCESS |  
2019-09-12 10:32:19,533 | INFO  | SCMAudit | user=jenkins1000 | ip=192.168.36.114 | op=SEND_HEARTBEAT {datanodeUUID=22ce2f4b-d517-44cf-8041-712d813e08f3, command=[]} | ret=SUCCESS |  
2019-09-12 10:32:19,536 | INFO  | SCMAudit | user=jenkins1000 | ip=192.168.36.114 | op=SEND_HEARTBEAT {datanodeUUID=2d50b591-d6e4-490f-9fa0-973ad5423bd7, command=[]} | ret=SUCCESS |  
2019-09-12 10:32:19,537 | INFO  | SCMAudit | user=jenkins1000 | ip=192.168.36.114 | op=SEND_HEARTBEAT {datanodeUUID=bcda0514-d42e-47ca-96fd-c0a633e872a8, command=[]} | ret=SUCCESS |  
2019-09-12 10:32:19,541 | INFO  | SCMAudit | user=jenkins1000 | ip=192.168.36.114 | op=SEND_HEARTBEAT {datanodeUUID=accf000b-d7b7-4fa5-9682-da82c4451e10, command=[]} | ret=SUCCESS |  
2019-09-12 10:32:19,541 | INFO  | SCMAudit | user=jenkins1000 | ip=192.168.36.114 | op=SEND_HEARTBEAT {datanodeUUID=2cb9d557-cb56-4745-8686-5e72b62e748a, command=[]} | ret=SUCCESS |  
2019-09-12 10:32:19,541 | INFO  | SCMAudit | user=jenkins1000 | ip=192.168.36.114 | op=SEND_HEARTBEAT {datanodeUUID=334c5273-7871-4d53-8b37-de05e5a3be10, command=[]} | ret=SUCCESS |  
2019-09-12 10:32:19,541 | INFO  | SCMAudit | user=jenkins1000 | ip=192.168.36.114 | op=SEND_HEARTBEAT {datanodeUUID=c1e71898-521f-4627-a3f1-9884c4b96ced, command=[]} | ret=SUCCESS |  
2019-09-12 10:32:19,541 | INFO  | SCMAudit | user=jenkins1000 | ip=192.168.36.114 | op=SEND_HEARTBEAT {datanodeUUID=d9d65fd8-d100-497d-8460-9a4cf62b4ad5, command=[]} | ret=SUCCESS |  
2019-09-12 10:32:19,541 | INFO  | SCMAudit | user=jenkins1000 | ip=192.168.36.114 | op=SEND_HEARTBEAT {datanodeUUID=eaeff1e2-de9c-4510-872d-283eb6c3c330, command=[]} | ret=SUCCESS |  
2019-09-12 10:32:19,541 | INFO  | SCMAudit | user=jenkins1000 | ip=192.168.36.114 | op=SEND_HEARTBEAT {datanodeUUID=a95fd1d5-e9a9-4526-b4c7-6aa1a85e40e9, command=[]} | ret=SUCCESS |  
2019-09-12 10:32:19,541 | INFO  | SCMAudit | user=jenkins1000 | ip=192.168.36.114 | op=SEND_HEARTBEAT {datanodeUUID=f17b4253-95a0-4ee6-8ded-88f070f15b33, command=[]} | ret=SUCCESS |  
2019-09-12 10:32:19,541 | INFO  | SCMAudit | user=jenkins1000 | ip=192.168.36.114 | op=SEND_HEARTBEAT {datanodeUUID=1349d5ba-07d4-450a-9218-4f0361201438, command=[]} | ret=SUCCESS |  
2019-09-12 10:32:19,541 | INFO  | SCMAudit | user=jenkins1000 | ip=192.168.36.114 | op=SEND_HEARTBEAT {datanodeUUID=2df0b56f-bcaf-45a1-b35e-f30a30c5f26c, command=[]} | ret=SUCCESS |  
2019-09-12 10:32:19,541 | INFO  | SCMAudit | user=jenkins1000 | ip=192.168.36.114 | op=SEND_HEARTBEAT {datanodeUUID=caccd92c-2544-4e02-86cf-95849f240c1b, command=[]} | ret=SUCCESS |  
2019-09-12 10:32:19,542 | INFO  | SCMAudit | user=jenkins1000 | ip=192.168.36.114 | op=SEND_HEARTBEAT {datanodeUUID=5dd0cd62-5770-41dd-9e5a-f3f3eedc40c1, command=[]} | ret=SUCCESS |  
2019-09-12 10:32:19,541 | INFO  | SCMAudit | user=jenkins1000 | ip=192.168.36.114 | op=SEND_HEARTBEAT {datanodeUUID=d40ec8ee-ac9e-41d6-86bd-e74a05605b85, command=[]} | ret=SUCCESS |  
2019-09-12 10:32:19,542 | INFO  | SCMAudit | user=jenkins1000 | ip=192.168.36.114 | op=SEND_HEARTBEAT {datanodeUUID=f85b420b-0060-4bb9-9f68-598eed9b442f, command=[]} | ret=SUCCESS |  
2019-09-12 10:32:19,543 | INFO  | SCMAudit | user=jenkins1000 | ip=192.168.36.114 | op=SEND_HEARTBEAT {datanodeUUID=f8fc8350-8b83-4a15-89e6-430db21616f7, command=[]} | ret=SUCCESS |  
2019-09-12 10:32:19,544 | INFO  | SCMAudit | user=jenkins1000 | ip=192.168.36.114 | op=SEND_HEARTBEAT {datanodeUUID=57729e88-c64a-441d-a40e-ceaddf64552e, command=[]} | ret=SUCCESS |  
2019-09-12 10:32:19,545 | INFO  | SCMAudit | user=jenkins1000 | ip=192.168.36.114 | op=SEND_HEARTBEAT {datanodeUUID=edb6c4a3-9bf1-4f2e-8ef0-c37d9a0378de, command=[]} | ret=SUCCESS |  
2019-09-12 10:32:18,502 [f8fc8350-8b83-4a15-89e6-430db21616f7:group-93612170F5B0:LeaderElection147] INFO  segmented.SegmentedRaftLogWorker (SegmentedRaftLogWorker.java:startLogSegment(380)) - f8fc8350-8b83-4a15-89e6-430db21616f7-SegmentedRaftLogWorker:Storage Directory /workdir/hadoop-ozone/integration-test/target/test-dir/MiniOzoneClusterImpl-39631bd2-f83c-4f24-acb2-4c1b273f2694/datanode-5/data/ratis/5cd0f139-1d3b-4f85-89eb-93612170f5b0: Starting segment from index:0
2019-09-12 10:32:18,502 [f8fc8350-8b83-4a15-89e6-430db21616f7:group-3BDA3D0903B3:LeaderElection146] INFO  impl.RoleInfo (RoleInfo.java:updateAndGet(143)) - f8fc8350-8b83-4a15-89e6-430db21616f7: start LeaderState
2019-09-12 10:32:18,502 [f8fc8350-8b83-4a15-89e6-430db21616f7:group-96015AD63434:LeaderElection148] INFO  server.RaftServerConfigKeys (ConfUtils.java:logGet(43)) - raft.server.watch.element-limit = 65536 (default)
2019-09-12 10:32:18,502 [873ff125-9641-4674-9775-ec96c107c12e:group-76D6B7B053CA:LeaderElection152] INFO  server.RaftServerConfigKeys (ConfUtils.java:logGet(43)) - raft.server.rpc.sleep.time = 25ms (default)
2019-09-12 10:32:18,502 [f85b420b-0060-4bb9-9f68-598eed9b442f:group-8A5638F4F372:LeaderElection140] INFO  server.RaftServerConfigKeys (ConfUtils.java:logGet(43)) - raft.server.watch.element-limit = 65536 (default)
2019-09-12 10:32:18,501 [f8fc8350-8b83-4a15-89e6-430db21616f7:group-B74BA9B994CE:LeaderElection150] INFO  server.RaftServerConfigKeys (ConfUtils.java:logGet(43)) - raft.server.watch.element-limit = 65536 (default)
2019-09-12 10:32:18,501 [f8fc8350-8b83-4a15-89e6-430db21616f7:group-4DA1475890E7:LeaderElection149] INFO  server.RaftServerConfigKeys (ConfUtils.java:logGet(43)) - raft.server.watch.element-limit = 65536 (default)
2019-09-12 10:32:18,501 [main] INFO  db.DBStoreBuilder (DBStoreBuilder.java:addTable(110)) - using custom profile for table: keyTable
2019-09-12 10:32:19,798 [main] INFO  db.DBStoreBuilder (DBStoreBuilder.java:processTables(161)) - Using default column profile:DBProfile.DISK for Table:keyTable
2019-09-12 10:32:18,501 [a95fd1d5-e9a9-4526-b4c7-6aa1a85e40e9:group-1CB2C2BA02ED:LeaderElection154] INFO  impl.RoleInfo (RoleInfo.java:shutdownLeaderElection(134)) - a95fd1d5-e9a9-4526-b4c7-6aa1a85e40e9: shutdown LeaderElection
2019-09-12 10:32:18,501 [a95fd1d5-e9a9-4526-b4c7-6aa1a85e40e9:group-63E39A8AA019:LeaderElection155] INFO  impl.RoleInfo (RoleInfo.java:shutdownLeaderElection(134)) - a95fd1d5-e9a9-4526-b4c7-6aa1a85e40e9: shutdown LeaderElection
2019-09-12 10:32:18,501 [edb6c4a3-9bf1-4f2e-8ef0-c37d9a0378de-SegmentedRaftLogWorker:Storage Directory /workdir/hadoop-ozone/integration-test/target/test-dir/MiniOzoneClusterImpl-39631bd2-f83c-4f24-acb2-4c1b273f2694/datanode-2/data/ratis/86471d7c-db36-406d-a1a9-8b9e9e5536ea] INFO  impl.StateMachineUpdater (StateMachineUpdater.java:stopAndJoin(115)) - StateMachineUpdater:edb6c4a3-9bf1-4f2e-8ef0-c37d9a0378de:group-8B9E9E5536EA: set stopIndex = -1
2019-09-12 10:32:18,500 [edb6c4a3-9bf1-4f2e-8ef0-c37d9a0378de-SegmentedRaftLogWorker:Storage Directory /workdir/hadoop-ozone/integration-test/target/test-dir/MiniOzoneClusterImpl-39631bd2-f83c-4f24-acb2-4c1b273f2694/datanode-2/data/ratis/3b1197c4-7821-4e85-90c0-9a2ff8b7b8df] INFO  impl.PendingRequests (PendingRequests.java:sendNotLeaderResponses(202)) - edb6c4a3-9bf1-4f2e-8ef0-c37d9a0378de-PendingRequests: sendNotLeaderResponses
2019-09-12 10:32:18,500 [a95fd1d5-e9a9-4526-b4c7-6aa1a85e40e9:group-01B47FFBFEC3:LeaderElection153] INFO  impl.RaftServerImpl (ServerState.java:setLeader(263)) - a95fd1d5-e9a9-4526-b4c7-6aa1a85e40e9:group-01B47FFBFEC3 change Leader from null to a95fd1d5-e9a9-4526-b4c7-6aa1a85e40e9 at term 1 for becomeLeader, leader elected after 11591ms
2019-09-12 10:32:18,500 [edb6c4a3-9bf1-4f2e-8ef0-c37d9a0378de-SegmentedRaftLogWorker:Storage Directory /workdir/hadoop-ozone/integration-test/target/test-dir/MiniOzoneClusterImpl-39631bd2-f83c-4f24-acb2-4c1b273f2694/datanode-2/data/ratis/5b57e973-93bb-4e9d-8e7c-5178f88a38f2] INFO  segmented.SegmentedRaftLogWorker (SegmentedRaftLogWorker.java:close(228)) - edb6c4a3-9bf1-4f2e-8ef0-c37d9a0378de-SegmentedRaftLogWorker:Storage Directory /workdir/hadoop-ozone/integration-test/target/test-dir/MiniOzoneClusterImpl-39631bd2-f83c-4f24-acb2-4c1b273f2694/datanode-2/data/ratis/5b57e973-93bb-4e9d-8e7c-5178f88a38f2 close()
2019-09-12 10:32:18,500 [57729e88-c64a-441d-a40e-ceaddf64552e-SegmentedRaftLogWorker:Storage Directory /workdir/hadoop-ozone/integration-test/target/test-dir/MiniOzoneClusterImpl-39631bd2-f83c-4f24-acb2-4c1b273f2694/datanode-1/data/ratis/af871c48-a51c-42b7-bd31-549a507f2ad4] INFO  segmented.SegmentedRaftLogWorker (SegmentedRaftLogWorker.java:close(228)) - 57729e88-c64a-441d-a40e-ceaddf64552e-SegmentedRaftLogWorker:Storage Directory /workdir/hadoop-ozone/integration-test/target/test-dir/MiniOzoneClusterImpl-39631bd2-f83c-4f24-acb2-4c1b273f2694/datanode-1/data/ratis/af871c48-a51c-42b7-bd31-549a507f2ad4 close()
2019-09-12 10:32:18,500 [57729e88-c64a-441d-a40e-ceaddf64552e-SegmentedRaftLogWorker:Storage Directory /workdir/hadoop-ozone/integration-test/target/test-dir/MiniOzoneClusterImpl-39631bd2-f83c-4f24-acb2-4c1b273f2694/datanode-1/data/ratis/b78cb103-c3af-48b2-b7ac-423d56e48233] INFO  impl.RoleInfo (RoleInfo.java:shutdownLeaderState(104)) - 57729e88-c64a-441d-a40e-ceaddf64552e: shutdown LeaderState
2019-09-12 10:32:19,799 [a95fd1d5-e9a9-4526-b4c7-6aa1a85e40e9:group-01B47FFBFEC3:LeaderElection153] INFO  server.RaftServerConfigKeys (ConfUtils.java:logGet(43)) - raft.server.staging.catchup.gap = 1000 (default)
2019-09-12 10:32:19,818 [a95fd1d5-e9a9-4526-b4c7-6aa1a85e40e9:group-01B47FFBFEC3:LeaderElection153] INFO  server.RaftServerConfigKeys (ConfUtils.java:logGet(43)) - raft.server.rpc.sleep.time = 25ms (default)
2019-09-12 10:32:19,799 [edb6c4a3-9bf1-4f2e-8ef0-c37d9a0378de-SegmentedRaftLogWorker:Storage Directory /workdir/hadoop-ozone/integration-test/target/test-dir/MiniOzoneClusterImpl-39631bd2-f83c-4f24-acb2-4c1b273f2694/datanode-2/data/ratis/3b1197c4-7821-4e85-90c0-9a2ff8b7b8df] INFO  impl.StateMachineUpdater (StateMachineUpdater.java:stopAndJoin(115)) - StateMachineUpdater:edb6c4a3-9bf1-4f2e-8ef0-c37d9a0378de:group-9A2FF8B7B8DF: set stopIndex = -1
2019-09-12 10:32:19,818 [edb6c4a3-9bf1-4f2e-8ef0-c37d9a0378de-SegmentedRaftLogWorker:Storage Directory /workdir/hadoop-ozone/integration-test/target/test-dir/MiniOzoneClusterImpl-39631bd2-f83c-4f24-acb2-4c1b273f2694/datanode-2/data/ratis/3b1197c4-7821-4e85-90c0-9a2ff8b7b8df] INFO  impl.RaftServerImpl (ServerState.java:close(394)) - edb6c4a3-9bf1-4f2e-8ef0-c37d9a0378de:group-9A2FF8B7B8DF closes. The last applied log index is -1
2019-09-12 10:32:19,799 [edb6c4a3-9bf1-4f2e-8ef0-c37d9a0378de-SegmentedRaftLogWorker:Storage Directory /workdir/hadoop-ozone/integration-test/target/test-dir/MiniOzoneClusterImpl-39631bd2-f83c-4f24-acb2-4c1b273f2694/datanode-2/data/ratis/86471d7c-db36-406d-a1a9-8b9e9e5536ea] INFO  impl.RaftServerImpl (ServerState.java:close(394)) - edb6c4a3-9bf1-4f2e-8ef0-c37d9a0378de:group-8B9E9E5536EA closes. The last applied log index is -1
2019-09-12 10:32:19,799 [a95fd1d5-e9a9-4526-b4c7-6aa1a85e40e9:group-63E39A8AA019:LeaderElection155] INFO  impl.RaftServerImpl (RaftServerImpl.java:setRole(171)) - a95fd1d5-e9a9-4526-b4c7-6aa1a85e40e9:group-63E39A8AA019 changes role from CANDIDATE to LEADER at term 1 for changeToLeader
2019-09-12 10:32:19,819 [edb6c4a3-9bf1-4f2e-8ef0-c37d9a0378de-SegmentedRaftLogWorker:Storage Directory /workdir/hadoop-ozone/integration-test/target/test-dir/MiniOzoneClusterImpl-39631bd2-f83c-4f24-acb2-4c1b273f2694/datanode-2/data/ratis/86471d7c-db36-406d-a1a9-8b9e9e5536ea] INFO  segmented.SegmentedRaftLogWorker (SegmentedRaftLogWorker.java:close(228)) - edb6c4a3-9bf1-4f2e-8ef0-c37d9a0378de-SegmentedRaftLogWorker:Storage Directory /workdir/hadoop-ozone/integration-test/target/test-dir/MiniOzoneClusterImpl-39631bd2-f83c-4f24-acb2-4c1b273f2694/datanode-2/data/ratis/86471d7c-db36-406d-a1a9-8b9e9e5536ea close()
2019-09-12 10:32:19,798 [a95fd1d5-e9a9-4526-b4c7-6aa1a85e40e9:group-1CB2C2BA02ED:LeaderElection154] INFO  impl.RaftServerImpl (RaftServerImpl.java:setRole(171)) - a95fd1d5-e9a9-4526-b4c7-6aa1a85e40e9:group-1CB2C2BA02ED changes role from CANDIDATE to LEADER at term 1 for changeToLeader
2019-09-12 10:32:19,827 [a95fd1d5-e9a9-4526-b4c7-6aa1a85e40e9:group-1CB2C2BA02ED:LeaderElection154] INFO  impl.RaftServerImpl (ServerState.java:setLeader(263)) - a95fd1d5-e9a9-4526-b4c7-6aa1a85e40e9:group-1CB2C2BA02ED change Leader from null to a95fd1d5-e9a9-4526-b4c7-6aa1a85e40e9 at term 1 for becomeLeader, leader elected after 12998ms
2019-09-12 10:32:19,798 [main] INFO  db.DBStoreBuilder (DBStoreBuilder.java:addTable(110)) - using custom profile for table: deletedTable
2019-09-12 10:32:19,827 [main] INFO  db.DBStoreBuilder (DBStoreBuilder.java:processTables(161)) - Using default column profile:DBProfile.DISK for Table:deletedTable
2019-09-12 10:32:19,798 [f8fc8350-8b83-4a15-89e6-430db21616f7:group-4DA1475890E7:LeaderElection149] INFO  impl.RoleInfo (RoleInfo.java:updateAndGet(143)) - f8fc8350-8b83-4a15-89e6-430db21616f7: start LeaderState
2019-09-12 10:32:19,798 [f8fc8350-8b83-4a15-89e6-430db21616f7:group-B74BA9B994CE:LeaderElection150] INFO  impl.RoleInfo (RoleInfo.java:updateAndGet(143)) - f8fc8350-8b83-4a15-89e6-430db21616f7: start LeaderState
2019-09-12 10:32:19,797 [f85b420b-0060-4bb9-9f68-598eed9b442f:group-8A5638F4F372:LeaderElection140] INFO  impl.RoleInfo (RoleInfo.java:updateAndGet(143)) - f85b420b-0060-4bb9-9f68-598eed9b442f: start LeaderState
2019-09-12 10:32:19,797 [873ff125-9641-4674-9775-ec96c107c12e:group-76D6B7B053CA:LeaderElection152] INFO  server.RaftServerConfigKeys (ConfUtils.java:logGet(43)) - raft.server.write.element-limit = 4096 (default)
2019-09-12 10:32:19,797 [f8fc8350-8b83-4a15-89e6-430db21616f7:group-96015AD63434:LeaderElection148] INFO  impl.RoleInfo (RoleInfo.java:updateAndGet(143)) - f8fc8350-8b83-4a15-89e6-430db21616f7: start LeaderState
2019-09-12 10:32:19,797 [f8fc8350-8b83-4a15-89e6-430db21616f7:group-93612170F5B0:LeaderElection147] INFO  impl.RaftServerImpl (ServerState.java:setRaftConf(361)) - f8fc8350-8b83-4a15-89e6-430db21616f7:group-93612170F5B0 set configuration 0: [f8fc8350-8b83-4a15-89e6-430db21616f7:192.168.36.114:36361], old=null at 0
2019-09-12 10:32:19,829 [f8fc8350-8b83-4a15-89e6-430db21616f7:group-96015AD63434:LeaderElection148] INFO  segmented.SegmentedRaftLogWorker (SegmentedRaftLogWorker.java:startLogSegment(380)) - f8fc8350-8b83-4a15-89e6-430db21616f7-SegmentedRaftLogWorker:Storage Directory /workdir/hadoop-ozone/integration-test/target/test-dir/MiniOzoneClusterImpl-39631bd2-f83c-4f24-acb2-4c1b273f2694/datanode-5/data/ratis/e8c866ed-b54e-4519-b9ce-96015ad63434: Starting segment from index:0
2019-09-12 10:32:19,796 [Thread-1627] INFO  impl.FollowerState (FollowerState.java:run(106)) - 2df0b56f-bcaf-45a1-b35e-f30a30c5f26c:group-F6ED8DF83672 changes to CANDIDATE, lastRpcTime:10778, electionTimeout:5196ms
2019-09-12 10:32:19,795 [2df0b56f-bcaf-45a1-b35e-f30a30c5f26c-SegmentedRaftLogWorker:Storage Directory /workdir/hadoop-ozone/integration-test/target/test-dir/MiniOzoneClusterImpl-39631bd2-f83c-4f24-acb2-4c1b273f2694/datanode-3/data/ratis/8171733a-464a-4e87-8236-96ca4d480ada] ERROR segmented.SegmentedRaftLogWorker (SegmentedRaftLogWorker.java:run(323)) - 2df0b56f-bcaf-45a1-b35e-f30a30c5f26c-SegmentedRaftLogWorker:Storage Directory /workdir/hadoop-ozone/integration-test/target/test-dir/MiniOzoneClusterImpl-39631bd2-f83c-4f24-acb2-4c1b273f2694/datanode-3/data/ratis/8171733a-464a-4e87-8236-96ca4d480ada hit exception
java.lang.OutOfMemoryError: Direct buffer memory
	at java.nio.Bits.reserveMemory(Bits.java:666)
	at java.nio.DirectByteBuffer.<init>(DirectByteBuffer.java:123)
	at java.nio.ByteBuffer.allocateDirect(ByteBuffer.java:311)
	at org.apache.ratis.server.raftlog.segmented.BufferedWriteChannel.<init>(BufferedWriteChannel.java:41)
	at org.apache.ratis.server.raftlog.segmented.SegmentedRaftLogOutputStream.<init>(SegmentedRaftLogOutputStream.java:72)
	at org.apache.ratis.server.raftlog.segmented.SegmentedRaftLogWorker$StartLogSegment.execute(SegmentedRaftLogWorker.java:566)
	at org.apache.ratis.server.raftlog.segmented.SegmentedRaftLogWorker.run(SegmentedRaftLogWorker.java:289)
	at java.lang.Thread.run(Thread.java:748)
2019-09-12 10:32:20,179 | INFO  | SCMAudit | user=jenkins1000 | ip=192.168.36.114 | op=SEND_HEARTBEAT {datanodeUUID=c9031a36-5f7c-4098-8bea-8a46141708a6, command=[]} | ret=SUCCESS |  
2019-09-12 10:32:20,179 | INFO  | SCMAudit | user=jenkins1000 | ip=192.168.36.114 | op=SEND_HEARTBEAT {datanodeUUID=39df7a3f-9691-48d4-a2b1-6888489a5f8a, command=[]} | ret=SUCCESS |  
2019-09-12 10:32:20,180 | INFO  | SCMAudit | user=jenkins1000 | ip=192.168.36.114 | op=SEND_HEARTBEAT {datanodeUUID=873ff125-9641-4674-9775-ec96c107c12e, command=[]} | ret=SUCCESS |  
2019-09-12 10:32:20,180 | INFO  | SCMAudit | user=jenkins1000 | ip=192.168.36.114 | op=SEND_HEARTBEAT {datanodeUUID=ad8ae342-df06-4311-9d84-524877c98111, command=[]} | ret=SUCCESS |  
2019-09-12 10:32:20,181 | INFO  | SCMAudit | user=jenkins1000 | ip=192.168.36.114 | op=SEND_HEARTBEAT {datanodeUUID=9616c881-dbb1-48da-90dd-a872ed779a2e, command=[]} | ret=SUCCESS |  
2019-09-12 10:32:20,181 | INFO  | SCMAudit | user=jenkins1000 | ip=192.168.36.114 | op=SEND_HEARTBEAT {datanodeUUID=ff438662-24cf-49bb-bfc5-3308ec6d286b, command=[]} | ret=SUCCESS |  
2019-09-12 10:32:20,181 | INFO  | SCMAudit | user=jenkins1000 | ip=192.168.36.114 | op=SEND_HEARTBEAT {datanodeUUID=c54af6f8-a22e-478f-90e1-029d14059a99, command=[]} | ret=SUCCESS |  
2019-09-12 10:32:19,795 [2df0b56f-bcaf-45a1-b35e-f30a30c5f26c-SegmentedRaftLogWorker:Storage Directory /workdir/hadoop-ozone/integration-test/target/test-dir/MiniOzoneClusterImpl-39631bd2-f83c-4f24-acb2-4c1b273f2694/datanode-3/data/ratis/cb3f26f1-5652-48d0-b8f5-09dad320aa03] ERROR segmented.SegmentedRaftLogWorker (SegmentedRaftLogWorker.java:run(323)) - 2df0b56f-bcaf-45a1-b35e-f30a30c5f26c-SegmentedRaftLogWorker:Storage Directory /workdir/hadoop-ozone/integration-test/target/test-dir/MiniOzoneClusterImpl-39631bd2-f83c-4f24-acb2-4c1b273f2694/datanode-3/data/ratis/cb3f26f1-5652-48d0-b8f5-09dad320aa03 hit exception
java.lang.OutOfMemoryError: Direct buffer memory
	at java.nio.Bits.reserveMemory(Bits.java:666)
	at java.nio.DirectByteBuffer.<init>(DirectByteBuffer.java:123)
	at java.nio.ByteBuffer.allocateDirect(ByteBuffer.java:311)
	at org.apache.ratis.server.raftlog.segmented.BufferedWriteChannel.<init>(BufferedWriteChannel.java:41)
	at org.apache.ratis.server.raftlog.segmented.SegmentedRaftLogOutputStream.<init>(SegmentedRaftLogOutputStream.java:72)
	at org.apache.ratis.server.raftlog.segmented.SegmentedRaftLogWorker$StartLogSegment.execute(SegmentedRaftLogWorker.java:566)
	at org.apache.ratis.server.raftlog.segmented.SegmentedRaftLogWorker.run(SegmentedRaftLogWorker.java:289)
	at java.lang.Thread.run(Thread.java:748)
2019-09-12 10:32:19,545 [f8fc8350-8b83-4a15-89e6-430db21616f7:group-3BDA3D0903B3:LeaderElection146] INFO  segmented.SegmentedRaftLogWorker (SegmentedRaftLogWorker.java:startLogSegment(380)) - f8fc8350-8b83-4a15-89e6-430db21616f7-SegmentedRaftLogWorker:Storage Directory /workdir/hadoop-ozone/integration-test/target/test-dir/MiniOzoneClusterImpl-39631bd2-f83c-4f24-acb2-4c1b273f2694/datanode-5/data/ratis/460a33c1-f0e6-446f-9331-3bda3d0903b3: Starting segment from index:0
2019-09-12 10:32:19,523 [2df0b56f-bcaf-45a1-b35e-f30a30c5f26c-SegmentedRaftLogWorker:Storage Directory /workdir/hadoop-ozone/integration-test/target/test-dir/MiniOzoneClusterImpl-39631bd2-f83c-4f24-acb2-4c1b273f2694/datanode-3/data/ratis/075ff77c-a804-4c46-90eb-21a7578423a9] ERROR segmented.SegmentedRaftLogWorker (SegmentedRaftLogWorker.java:run(323)) - 2df0b56f-bcaf-45a1-b35e-f30a30c5f26c-SegmentedRaftLogWorker:Storage Directory /workdir/hadoop-ozone/integration-test/target/test-dir/MiniOzoneClusterImpl-39631bd2-f83c-4f24-acb2-4c1b273f2694/datanode-3/data/ratis/075ff77c-a804-4c46-90eb-21a7578423a9 hit exception
java.lang.OutOfMemoryError: Direct buffer memory
	at java.nio.Bits.reserveMemory(Bits.java:666)
	at java.nio.DirectByteBuffer.<init>(DirectByteBuffer.java:123)
	at java.nio.ByteBuffer.allocateDirect(ByteBuffer.java:311)
	at org.apache.ratis.server.raftlog.segmented.BufferedWriteChannel.<init>(BufferedWriteChannel.java:41)
	at org.apache.ratis.server.raftlog.segmented.SegmentedRaftLogOutputStream.<init>(SegmentedRaftLogOutputStream.java:72)
	at org.apache.ratis.server.raftlog.segmented.SegmentedRaftLogWorker$StartLogSegment.execute(SegmentedRaftLogWorker.java:566)
	at org.apache.ratis.server.raftlog.segmented.SegmentedRaftLogWorker.run(SegmentedRaftLogWorker.java:289)
	at java.lang.Thread.run(Thread.java:748)
2019-09-12 10:32:19,251 [f85b420b-0060-4bb9-9f68-598eed9b442f:group-D5ABA948D560:LeaderElection143] INFO  impl.RaftServerImpl (ServerState.java:setRaftConf(361)) - f85b420b-0060-4bb9-9f68-598eed9b442f:group-D5ABA948D560 set configuration 0: [f85b420b-0060-4bb9-9f68-598eed9b442f:192.168.36.114:39826], old=null at 0
2019-09-12 10:32:19,251 [2df0b56f-bcaf-45a1-b35e-f30a30c5f26c-SegmentedRaftLogWorker:Storage Directory /workdir/hadoop-ozone/integration-test/target/test-dir/MiniOzoneClusterImpl-39631bd2-f83c-4f24-acb2-4c1b273f2694/datanode-3/data/ratis/5566e6be-b40d-410d-b9f2-7ca0681ac426] INFO  impl.RaftServerImpl (RaftServerImpl.java:lambda$shutdown$3(245)) - 2df0b56f-bcaf-45a1-b35e-f30a30c5f26c: shutdown group-7CA0681AC426
2019-09-12 10:32:19,251 [f85b420b-0060-4bb9-9f68-598eed9b442f:group-17D40E37C2DF:LeaderElection145] INFO  segmented.SegmentedRaftLogWorker (SegmentedRaftLogWorker.java:startLogSegment(380)) - f85b420b-0060-4bb9-9f68-598eed9b442f-SegmentedRaftLogWorker:Storage Directory /workdir/hadoop-ozone/integration-test/target/test-dir/MiniOzoneClusterImpl-39631bd2-f83c-4f24-acb2-4c1b273f2694/datanode-4/data/ratis/7c3cfe50-dccc-475c-aa50-17d40e37c2df: Starting segment from index:0
2019-09-12 10:32:19,251 [f85b420b-0060-4bb9-9f68-598eed9b442f:group-13ABB81B8EF4:LeaderElection144] INFO  segmented.SegmentedRaftLogWorker (SegmentedRaftLogWorker.java:startLogSegment(380)) - f85b420b-0060-4bb9-9f68-598eed9b442f-SegmentedRaftLogWorker:Storage Directory /workdir/hadoop-ozone/integration-test/target/test-dir/MiniOzoneClusterImpl-39631bd2-f83c-4f24-acb2-4c1b273f2694/datanode-4/data/ratis/20d9b5fb-01ee-44c5-b6df-13abb81b8ef4: Starting segment from index:0
2019-09-12 10:32:19,250 [Thread-1609] INFO  impl.FollowerState (FollowerState.java:run(106)) - edb6c4a3-9bf1-4f2e-8ef0-c37d9a0378de:group-F32505E861B0 changes to CANDIDATE, lastRpcTime:11030, electionTimeout:5111ms
2019-09-12 10:32:20,501 [f85b420b-0060-4bb9-9f68-598eed9b442f:group-17D40E37C2DF:LeaderElection145] INFO  impl.RaftServerImpl (ServerState.java:setRaftConf(361)) - f85b420b-0060-4bb9-9f68-598eed9b442f:group-17D40E37C2DF set configuration 0: [f85b420b-0060-4bb9-9f68-598eed9b442f:192.168.36.114:39826], old=null at 0
2019-09-12 10:32:20,852 | INFO  | SCMAudit | user=jenkins1000 | ip=192.168.36.114 | op=SEND_HEARTBEAT {datanodeUUID=57729e88-c64a-441d-a40e-ceaddf64552e, command=[]} | ret=SUCCESS |  
2019-09-12 10:32:20,852 | INFO  | SCMAudit | user=jenkins1000 | ip=192.168.36.114 | op=SEND_HEARTBEAT {datanodeUUID=edb6c4a3-9bf1-4f2e-8ef0-c37d9a0378de, command=[]} | ret=SUCCESS |  
2019-09-12 10:32:20,852 | INFO  | SCMAudit | user=jenkins1000 | ip=192.168.36.114 | op=SEND_HEARTBEAT {datanodeUUID=2df0b56f-bcaf-45a1-b35e-f30a30c5f26c, command=[]} | ret=SUCCESS |  
2019-09-12 10:32:20,852 | INFO  | SCMAudit | user=jenkins1000 | ip=192.168.36.114 | op=SEND_HEARTBEAT {datanodeUUID=a95fd1d5-e9a9-4526-b4c7-6aa1a85e40e9, command=[]} | ret=SUCCESS |  
2019-09-12 10:32:20,852 | INFO  | SCMAudit | user=jenkins1000 | ip=192.168.36.114 | op=SEND_HEARTBEAT {datanodeUUID=f85b420b-0060-4bb9-9f68-598eed9b442f, command=[]} | ret=SUCCESS |  
2019-09-12 10:32:20,852 | INFO  | SCMAudit | user=jenkins1000 | ip=192.168.36.114 | op=SEND_HEARTBEAT {datanodeUUID=f8fc8350-8b83-4a15-89e6-430db21616f7, command=[]} | ret=SUCCESS |  
2019-09-12 10:32:20,852 | INFO  | SCMAudit | user=jenkins1000 | ip=192.168.36.114 | op=SEND_HEARTBEAT {datanodeUUID=bcda0514-d42e-47ca-96fd-c0a633e872a8, command=[]} | ret=SUCCESS |  
2019-09-12 10:32:20,852 | INFO  | SCMAudit | user=jenkins1000 | ip=192.168.36.114 | op=SEND_HEARTBEAT {datanodeUUID=2d50b591-d6e4-490f-9fa0-973ad5423bd7, command=[]} | ret=SUCCESS |  
2019-09-12 10:32:20,852 | INFO  | SCMAudit | user=jenkins1000 | ip=192.168.36.114 | op=SEND_HEARTBEAT {datanodeUUID=1349d5ba-07d4-450a-9218-4f0361201438, command=[]} | ret=SUCCESS |  
2019-09-12 10:32:20,852 | INFO  | SCMAudit | user=jenkins1000 | ip=192.168.36.114 | op=SEND_HEARTBEAT {datanodeUUID=d40ec8ee-ac9e-41d6-86bd-e74a05605b85, command=[]} | ret=SUCCESS |  
2019-09-12 10:32:20,853 | INFO  | SCMAudit | user=jenkins1000 | ip=192.168.36.114 | op=SEND_HEARTBEAT {datanodeUUID=334c5273-7871-4d53-8b37-de05e5a3be10, command=[]} | ret=SUCCESS |  
2019-09-12 10:32:20,853 | INFO  | SCMAudit | user=jenkins1000 | ip=192.168.36.114 | op=SEND_HEARTBEAT {datanodeUUID=d9d65fd8-d100-497d-8460-9a4cf62b4ad5, command=[]} | ret=SUCCESS |  
2019-09-12 10:32:20,853 | INFO  | SCMAudit | user=jenkins1000 | ip=192.168.36.114 | op=SEND_HEARTBEAT {datanodeUUID=f17b4253-95a0-4ee6-8ded-88f070f15b33, command=[]} | ret=SUCCESS |  
2019-09-12 10:32:19,250 [Thread-1600] INFO  impl.FollowerState (FollowerState.java:run(106)) - edb6c4a3-9bf1-4f2e-8ef0-c37d9a0378de:group-2213AA8565FB changes to CANDIDATE, lastRpcTime:11113, electionTimeout:5050ms
2019-09-12 10:32:20,853 | INFO  | SCMAudit | user=jenkins1000 | ip=192.168.36.114 | op=SEND_HEARTBEAT {datanodeUUID=2cb9d557-cb56-4745-8686-5e72b62e748a, command=[]} | ret=SUCCESS |  
2019-09-12 10:32:20,852 | INFO  | SCMAudit | user=jenkins1000 | ip=192.168.36.114 | op=SEND_HEARTBEAT {datanodeUUID=5dd0cd62-5770-41dd-9e5a-f3f3eedc40c1, command=[]} | ret=SUCCESS |  
2019-09-12 10:32:20,853 | INFO  | SCMAudit | user=jenkins1000 | ip=192.168.36.114 | op=SEND_HEARTBEAT {datanodeUUID=accf000b-d7b7-4fa5-9682-da82c4451e10, command=[]} | ret=SUCCESS |  
2019-09-12 10:32:20,853 | INFO  | SCMAudit | user=jenkins1000 | ip=192.168.36.114 | op=SEND_HEARTBEAT {datanodeUUID=eaeff1e2-de9c-4510-872d-283eb6c3c330, command=[]} | ret=SUCCESS |  
2019-09-12 10:32:19,250 [edb6c4a3-9bf1-4f2e-8ef0-c37d9a0378de-SegmentedRaftLogWorker:Storage Directory /workdir/hadoop-ozone/integration-test/target/test-dir/MiniOzoneClusterImpl-39631bd2-f83c-4f24-acb2-4c1b273f2694/datanode-2/data/ratis/1d322739-92fe-4999-94ea-4cb134825892] ERROR segmented.SegmentedRaftLogWorker (SegmentedRaftLogWorker.java:run(323)) - edb6c4a3-9bf1-4f2e-8ef0-c37d9a0378de-SegmentedRaftLogWorker:Storage Directory /workdir/hadoop-ozone/integration-test/target/test-dir/MiniOzoneClusterImpl-39631bd2-f83c-4f24-acb2-4c1b273f2694/datanode-2/data/ratis/1d322739-92fe-4999-94ea-4cb134825892 hit exception
java.lang.OutOfMemoryError: Direct buffer memory
	at java.nio.Bits.reserveMemory(Bits.java:666)
	at java.nio.DirectByteBuffer.<init>(DirectByteBuffer.java:123)
	at java.nio.ByteBuffer.allocateDirect(ByteBuffer.java:311)
	at org.apache.ratis.server.raftlog.segmented.BufferedWriteChannel.<init>(BufferedWriteChannel.java:41)
	at org.apache.ratis.server.raftlog.segmented.SegmentedRaftLogOutputStream.<init>(SegmentedRaftLogOutputStream.java:72)
	at org.apache.ratis.server.raftlog.segmented.SegmentedRaftLogWorker$StartLogSegment.execute(SegmentedRaftLogWorker.java:566)
	at org.apache.ratis.server.raftlog.segmented.SegmentedRaftLogWorker.run(SegmentedRaftLogWorker.java:289)
	at java.lang.Thread.run(Thread.java:748)
2019-09-12 10:32:20,853 | INFO  | SCMAudit | user=jenkins1000 | ip=192.168.36.114 | op=SEND_HEARTBEAT {datanodeUUID=c1e71898-521f-4627-a3f1-9884c4b96ced, command=[]} | ret=SUCCESS |  
2019-09-12 10:32:20,853 | INFO  | SCMAudit | user=jenkins1000 | ip=192.168.36.114 | op=SEND_HEARTBEAT {datanodeUUID=caccd92c-2544-4e02-86cf-95849f240c1b, command=[]} | ret=SUCCESS |  
2019-09-12 10:32:20,852 | INFO  | SCMAudit | user=jenkins1000 | ip=192.168.36.114 | op=SEND_HEARTBEAT {datanodeUUID=22ce2f4b-d517-44cf-8041-712d813e08f3, command=[]} | ret=SUCCESS |  
2019-09-12 10:32:20,852 | INFO  | SCMAudit | user=jenkins1000 | ip=192.168.36.114 | op=SEND_HEARTBEAT {datanodeUUID=b6dd7c38-f675-445e-811b-15cf17d56c0a, command=[]} | ret=SUCCESS |  
2019-09-12 10:32:19,250 [2df0b56f-bcaf-45a1-b35e-f30a30c5f26c-SegmentedRaftLogWorker:Storage Directory /workdir/hadoop-ozone/integration-test/target/test-dir/MiniOzoneClusterImpl-39631bd2-f83c-4f24-acb2-4c1b273f2694/datanode-3/data/ratis/39202d9b-fb7b-4bcf-9eb7-9be5978d5997] ERROR segmented.SegmentedRaftLogWorker (SegmentedRaftLogWorker.java:run(323)) - 2df0b56f-bcaf-45a1-b35e-f30a30c5f26c-SegmentedRaftLogWorker:Storage Directory /workdir/hadoop-ozone/integration-test/target/test-dir/MiniOzoneClusterImpl-39631bd2-f83c-4f24-acb2-4c1b273f2694/datanode-3/data/ratis/39202d9b-fb7b-4bcf-9eb7-9be5978d5997 hit exception
java.lang.OutOfMemoryError: Direct buffer memory
	at java.nio.Bits.reserveMemory(Bits.java:666)
	at java.nio.DirectByteBuffer.<init>(DirectByteBuffer.java:123)
	at java.nio.ByteBuffer.allocateDirect(ByteBuffer.java:311)
	at org.apache.ratis.server.raftlog.segmented.BufferedWriteChannel.<init>(BufferedWriteChannel.java:41)
	at org.apache.ratis.server.raftlog.segmented.SegmentedRaftLogOutputStream.<init>(SegmentedRaftLogOutputStream.java:72)
	at org.apache.ratis.server.raftlog.segmented.SegmentedRaftLogWorker$StartLogSegment.execute(SegmentedRaftLogWorker.java:566)
	at org.apache.ratis.server.raftlog.segmented.SegmentedRaftLogWorker.run(SegmentedRaftLogWorker.java:289)
	at java.lang.Thread.run(Thread.java:748)
2019-09-12 10:32:18,960 [f8fc8350-8b83-4a15-89e6-430db21616f7:group-03200ECFAF5C:LeaderElection151] INFO  impl.RaftServerImpl (ServerState.java:setRaftConf(361)) - f8fc8350-8b83-4a15-89e6-430db21616f7:group-03200ECFAF5C set configuration 0: [f8fc8350-8b83-4a15-89e6-430db21616f7:192.168.36.114:36361], old=null at 0
2019-09-12 10:32:18,960 [57729e88-c64a-441d-a40e-ceaddf64552e-SegmentedRaftLogWorker:Storage Directory /workdir/hadoop-ozone/integration-test/target/test-dir/MiniOzoneClusterImpl-39631bd2-f83c-4f24-acb2-4c1b273f2694/datanode-1/data/ratis/06ec1786-6467-45a8-8518-389aefdbf23a] INFO  segmented.SegmentedRaftLogWorker (SegmentedRaftLogWorker.java:close(228)) - 57729e88-c64a-441d-a40e-ceaddf64552e-SegmentedRaftLogWorker:Storage Directory /workdir/hadoop-ozone/integration-test/target/test-dir/MiniOzoneClusterImpl-39631bd2-f83c-4f24-acb2-4c1b273f2694/datanode-1/data/ratis/06ec1786-6467-45a8-8518-389aefdbf23a close()
2019-09-12 10:32:18,943 [f85b420b-0060-4bb9-9f68-598eed9b442f:group-141DB36F1FC4:LeaderElection142] INFO  server.RaftServerConfigKeys (ConfUtils.java:logGet(43)) - raft.server.watch.timeout.denomination = 1s (default)
2019-09-12 10:32:21,165 [2df0b56f-bcaf-45a1-b35e-f30a30c5f26c-SegmentedRaftLogWorker:Storage Directory /workdir/hadoop-ozone/integration-test/target/test-dir/MiniOzoneClusterImpl-39631bd2-f83c-4f24-acb2-4c1b273f2694/datanode-3/data/ratis/39202d9b-fb7b-4bcf-9eb7-9be5978d5997] INFO  impl.RaftServerImpl (RaftServerImpl.java:lambda$shutdown$3(245)) - 2df0b56f-bcaf-45a1-b35e-f30a30c5f26c: shutdown group-9BE5978D5997
2019-09-12 10:32:21,164 [edb6c4a3-9bf1-4f2e-8ef0-c37d9a0378de-SegmentedRaftLogWorker:Storage Directory /workdir/hadoop-ozone/integration-test/target/test-dir/MiniOzoneClusterImpl-39631bd2-f83c-4f24-acb2-4c1b273f2694/datanode-2/data/ratis/1d322739-92fe-4999-94ea-4cb134825892] INFO  impl.RaftServerImpl (RaftServerImpl.java:lambda$shutdown$3(245)) - edb6c4a3-9bf1-4f2e-8ef0-c37d9a0378de: shutdown group-4CB134825892
2019-09-12 10:32:21,164 [Thread-1600] INFO  impl.RoleInfo (RoleInfo.java:shutdownFollowerState(121)) - edb6c4a3-9bf1-4f2e-8ef0-c37d9a0378de: shutdown FollowerState
2019-09-12 10:32:21,162 [f8fc8350-8b83-4a15-89e6-430db21616f7-SegmentedRaftLogWorker:Storage Directory /workdir/hadoop-ozone/integration-test/target/test-dir/MiniOzoneClusterImpl-39631bd2-f83c-4f24-acb2-4c1b273f2694/datanode-5/data/ratis/94d28abe-6b2e-4c7b-a631-03200ecfaf5c] ERROR segmented.SegmentedRaftLogWorker (SegmentedRaftLogWorker.java:run(323)) - f8fc8350-8b83-4a15-89e6-430db21616f7-SegmentedRaftLogWorker:Storage Directory /workdir/hadoop-ozone/integration-test/target/test-dir/MiniOzoneClusterImpl-39631bd2-f83c-4f24-acb2-4c1b273f2694/datanode-5/data/ratis/94d28abe-6b2e-4c7b-a631-03200ecfaf5c hit exception
java.lang.OutOfMemoryError: Direct buffer memory
	at java.nio.Bits.reserveMemory(Bits.java:666)
	at java.nio.DirectByteBuffer.<init>(DirectByteBuffer.java:123)
	at java.nio.ByteBuffer.allocateDirect(ByteBuffer.java:311)
	at org.apache.ratis.server.raftlog.segmented.BufferedWriteChannel.<init>(BufferedWriteChannel.java:41)
	at org.apache.ratis.server.raftlog.segmented.SegmentedRaftLogOutputStream.<init>(SegmentedRaftLogOutputStream.java:72)
	at org.apache.ratis.server.raftlog.segmented.SegmentedRaftLogWorker$StartLogSegment.execute(SegmentedRaftLogWorker.java:566)
	at org.apache.ratis.server.raftlog.segmented.SegmentedRaftLogWorker.run(SegmentedRaftLogWorker.java:289)
	at java.lang.Thread.run(Thread.java:748)
2019-09-12 10:32:20,853 [f85b420b-0060-4bb9-9f68-598eed9b442f:group-13ABB81B8EF4:LeaderElection144] INFO  impl.RaftServerImpl (ServerState.java:setRaftConf(361)) - f85b420b-0060-4bb9-9f68-598eed9b442f:group-13ABB81B8EF4 set configuration 0: [f85b420b-0060-4bb9-9f68-598eed9b442f:192.168.36.114:39826], old=null at 0
2019-09-12 10:32:20,839 [f85b420b-0060-4bb9-9f68-598eed9b442f-SegmentedRaftLogWorker:Storage Directory /workdir/hadoop-ozone/integration-test/target/test-dir/MiniOzoneClusterImpl-39631bd2-f83c-4f24-acb2-4c1b273f2694/datanode-4/data/ratis/6232cc96-e05a-445c-abd0-5dc5b2da0026] ERROR segmented.SegmentedRaftLogWorker (SegmentedRaftLogWorker.java:run(323)) - f85b420b-0060-4bb9-9f68-598eed9b442f-SegmentedRaftLogWorker:Storage Directory /workdir/hadoop-ozone/integration-test/target/test-dir/MiniOzoneClusterImpl-39631bd2-f83c-4f24-acb2-4c1b273f2694/datanode-4/data/ratis/6232cc96-e05a-445c-abd0-5dc5b2da0026 hit exception
java.lang.OutOfMemoryError: Direct buffer memory
	at java.nio.Bits.reserveMemory(Bits.java:666)
	at java.nio.DirectByteBuffer.<init>(DirectByteBuffer.java:123)
	at java.nio.ByteBuffer.allocateDirect(ByteBuffer.java:311)
	at org.apache.ratis.server.raftlog.segmented.BufferedWriteChannel.<init>(BufferedWriteChannel.java:41)
	at org.apache.ratis.server.raftlog.segmented.SegmentedRaftLogOutputStream.<init>(SegmentedRaftLogOutputStream.java:72)
	at org.apache.ratis.server.raftlog.segmented.SegmentedRaftLogWorker$StartLogSegment.execute(SegmentedRaftLogWorker.java:566)
	at org.apache.ratis.server.raftlog.segmented.SegmentedRaftLogWorker.run(SegmentedRaftLogWorker.java:289)
	at java.lang.Thread.run(Thread.java:748)
2019-09-12 10:32:20,839 [f85b420b-0060-4bb9-9f68-598eed9b442f-SegmentedRaftLogWorker:Storage Directory /workdir/hadoop-ozone/integration-test/target/test-dir/MiniOzoneClusterImpl-39631bd2-f83c-4f24-acb2-4c1b273f2694/datanode-4/data/ratis/b369c1e5-234a-4e06-ae16-d5aba948d560] ERROR segmented.SegmentedRaftLogWorker (SegmentedRaftLogWorker.java:run(323)) - f85b420b-0060-4bb9-9f68-598eed9b442f-SegmentedRaftLogWorker:Storage Directory /workdir/hadoop-ozone/integration-test/target/test-dir/MiniOzoneClusterImpl-39631bd2-f83c-4f24-acb2-4c1b273f2694/datanode-4/data/ratis/b369c1e5-234a-4e06-ae16-d5aba948d560 hit exception
java.lang.OutOfMemoryError: Direct buffer memory
	at java.nio.Bits.reserveMemory(Bits.java:666)
	at java.nio.DirectByteBuffer.<init>(DirectByteBuffer.java:123)
	at java.nio.ByteBuffer.allocateDirect(ByteBuffer.java:311)
	at org.apache.ratis.server.raftlog.segmented.BufferedWriteChannel.<init>(BufferedWriteChannel.java:41)
	at org.apache.ratis.server.raftlog.segmented.SegmentedRaftLogOutputStream.<init>(SegmentedRaftLogOutputStream.java:72)
	at org.apache.ratis.server.raftlog.segmented.SegmentedRaftLogWorker$StartLogSegment.execute(SegmentedRaftLogWorker.java:566)
	at org.apache.ratis.server.raftlog.segmented.SegmentedRaftLogWorker.run(SegmentedRaftLogWorker.java:289)
	at java.lang.Thread.run(Thread.java:748)
2019-09-12 10:32:20,501 [Thread-1609] INFO  impl.RoleInfo (RoleInfo.java:shutdownFollowerState(121)) - edb6c4a3-9bf1-4f2e-8ef0-c37d9a0378de: shutdown FollowerState
2019-09-12 10:32:21,187 | INFO  | SCMAudit | user=jenkins1000 | ip=192.168.36.114 | op=SEND_HEARTBEAT {datanodeUUID=9616c881-dbb1-48da-90dd-a872ed779a2e, command=[]} | ret=SUCCESS |  
2019-09-12 10:32:21,187 | INFO  | SCMAudit | user=jenkins1000 | ip=192.168.36.114 | op=SEND_HEARTBEAT {datanodeUUID=ad8ae342-df06-4311-9d84-524877c98111, command=[]} | ret=SUCCESS |  
2019-09-12 10:32:21,187 | INFO  | SCMAudit | user=jenkins1000 | ip=192.168.36.114 | op=SEND_HEARTBEAT {datanodeUUID=ff438662-24cf-49bb-bfc5-3308ec6d286b, command=[]} | ret=SUCCESS |  
2019-09-12 10:32:21,187 | INFO  | SCMAudit | user=jenkins1000 | ip=192.168.36.114 | op=SEND_HEARTBEAT {datanodeUUID=c54af6f8-a22e-478f-90e1-029d14059a99, command=[]} | ret=SUCCESS |  
2019-09-12 10:32:20,500 [2df0b56f-bcaf-45a1-b35e-f30a30c5f26c-SegmentedRaftLogWorker:Storage Directory /workdir/hadoop-ozone/integration-test/target/test-dir/MiniOzoneClusterImpl-39631bd2-f83c-4f24-acb2-4c1b273f2694/datanode-3/data/ratis/5566e6be-b40d-410d-b9f2-7ca0681ac426] INFO  util.JmxRegister (JmxRegister.java:unregister(73)) - Successfully un-registered JMX Bean with object name Ratis:service=RaftServer,group=group-7CA0681AC426,id=2df0b56f-bcaf-45a1-b35e-f30a30c5f26c
2019-09-12 10:32:20,500 [f8fc8350-8b83-4a15-89e6-430db21616f7:group-3BDA3D0903B3:LeaderElection146] INFO  impl.RaftServerImpl (ServerState.java:setRaftConf(361)) - f8fc8350-8b83-4a15-89e6-430db21616f7:group-3BDA3D0903B3 set configuration 0: [f8fc8350-8b83-4a15-89e6-430db21616f7:192.168.36.114:36361], old=null at 0
2019-09-12 10:32:20,182 [2df0b56f-bcaf-45a1-b35e-f30a30c5f26c-SegmentedRaftLogWorker:Storage Directory /workdir/hadoop-ozone/integration-test/target/test-dir/MiniOzoneClusterImpl-39631bd2-f83c-4f24-acb2-4c1b273f2694/datanode-3/data/ratis/075ff77c-a804-4c46-90eb-21a7578423a9] INFO  impl.RaftServerImpl (RaftServerImpl.java:lambda$shutdown$3(245)) - 2df0b56f-bcaf-45a1-b35e-f30a30c5f26c: shutdown group-21A7578423A9
2019-09-12 10:32:20,181 [2df0b56f-bcaf-45a1-b35e-f30a30c5f26c-SegmentedRaftLogWorker:Storage Directory /workdir/hadoop-ozone/integration-test/target/test-dir/MiniOzoneClusterImpl-39631bd2-f83c-4f24-acb2-4c1b273f2694/datanode-3/data/ratis/cb3f26f1-5652-48d0-b8f5-09dad320aa03] INFO  impl.RaftServerImpl (RaftServerImpl.java:lambda$shutdown$3(245)) - 2df0b56f-bcaf-45a1-b35e-f30a30c5f26c: shutdown group-09DAD320AA03
2019-09-12 10:32:21,188 [2df0b56f-bcaf-45a1-b35e-f30a30c5f26c-SegmentedRaftLogWorker:Storage Directory /workdir/hadoop-ozone/integration-test/target/test-dir/MiniOzoneClusterImpl-39631bd2-f83c-4f24-acb2-4c1b273f2694/datanode-3/data/ratis/075ff77c-a804-4c46-90eb-21a7578423a9] INFO  util.JmxRegister (JmxRegister.java:unregister(73)) - Successfully un-registered JMX Bean with object name Ratis:service=RaftServer,group=group-21A7578423A9,id=2df0b56f-bcaf-45a1-b35e-f30a30c5f26c
2019-09-12 10:32:20,181 [2df0b56f-bcaf-45a1-b35e-f30a30c5f26c-SegmentedRaftLogWorker:Storage Directory /workdir/hadoop-ozone/integration-test/target/test-dir/MiniOzoneClusterImpl-39631bd2-f83c-4f24-acb2-4c1b273f2694/datanode-3/data/ratis/8171733a-464a-4e87-8236-96ca4d480ada] INFO  impl.RaftServerImpl (RaftServerImpl.java:lambda$shutdown$3(245)) - 2df0b56f-bcaf-45a1-b35e-f30a30c5f26c: shutdown group-96CA4D480ADA
2019-09-12 10:32:19,829 [f8fc8350-8b83-4a15-89e6-430db21616f7:group-96015AD63434:LeaderElection148] INFO  impl.RaftServerImpl (ServerState.java:setRaftConf(361)) - f8fc8350-8b83-4a15-89e6-430db21616f7:group-96015AD63434 set configuration 0: [f8fc8350-8b83-4a15-89e6-430db21616f7:192.168.36.114:36361], old=null at 0
2019-09-12 10:32:21,188 | INFO  | SCMAudit | user=jenkins1000 | ip=192.168.36.114 | op=SEND_HEARTBEAT {datanodeUUID=39df7a3f-9691-48d4-a2b1-6888489a5f8a, command=[]} | ret=SUCCESS |  
2019-09-12 10:32:21,188 | INFO  | SCMAudit | user=jenkins1000 | ip=192.168.36.114 | op=SEND_HEARTBEAT {datanodeUUID=873ff125-9641-4674-9775-ec96c107c12e, command=[]} | ret=SUCCESS |  
2019-09-12 10:32:19,829 [Thread-1627] INFO  impl.RoleInfo (RoleInfo.java:shutdownFollowerState(121)) - 2df0b56f-bcaf-45a1-b35e-f30a30c5f26c: shutdown FollowerState
2019-09-12 10:32:21,188 | INFO  | SCMAudit | user=jenkins1000 | ip=192.168.36.114 | op=SEND_HEARTBEAT {datanodeUUID=c9031a36-5f7c-4098-8bea-8a46141708a6, command=[]} | ret=SUCCESS |  
2019-09-12 10:32:19,828 [873ff125-9641-4674-9775-ec96c107c12e:group-76D6B7B053CA:LeaderElection152] INFO  server.RaftServerConfigKeys (ConfUtils.java:logGet(43)) - raft.server.watch.timeout = 10s (default)
2019-09-12 10:32:19,828 [f85b420b-0060-4bb9-9f68-598eed9b442f:group-8A5638F4F372:LeaderElection140] INFO  segmented.SegmentedRaftLogWorker (SegmentedRaftLogWorker.java:startLogSegment(380)) - f85b420b-0060-4bb9-9f68-598eed9b442f-SegmentedRaftLogWorker:Storage Directory /workdir/hadoop-ozone/integration-test/target/test-dir/MiniOzoneClusterImpl-39631bd2-f83c-4f24-acb2-4c1b273f2694/datanode-4/data/ratis/e0d34fd1-47c0-453b-aa5c-8a5638f4f372: Starting segment from index:0
2019-09-12 10:32:19,828 [f8fc8350-8b83-4a15-89e6-430db21616f7:group-B74BA9B994CE:LeaderElection150] INFO  segmented.SegmentedRaftLogWorker (SegmentedRaftLogWorker.java:startLogSegment(380)) - f8fc8350-8b83-4a15-89e6-430db21616f7-SegmentedRaftLogWorker:Storage Directory /workdir/hadoop-ozone/integration-test/target/test-dir/MiniOzoneClusterImpl-39631bd2-f83c-4f24-acb2-4c1b273f2694/datanode-5/data/ratis/9ba34203-ba82-45b9-b557-b74ba9b994ce: Starting segment from index:0
2019-09-12 10:32:19,828 [f8fc8350-8b83-4a15-89e6-430db21616f7:group-4DA1475890E7:LeaderElection149] INFO  segmented.SegmentedRaftLogWorker (SegmentedRaftLogWorker.java:startLogSegment(380)) - f8fc8350-8b83-4a15-89e6-430db21616f7-SegmentedRaftLogWorker:Storage Directory /workdir/hadoop-ozone/integration-test/target/test-dir/MiniOzoneClusterImpl-39631bd2-f83c-4f24-acb2-4c1b273f2694/datanode-5/data/ratis/58fb2d82-72b5-4e91-abfb-4da1475890e7: Starting segment from index:0
2019-09-12 10:32:19,828 [main] INFO  db.DBStoreBuilder (DBStoreBuilder.java:addTable(110)) - using custom profile for table: openKeyTable
2019-09-12 10:32:22,270 | INFO  | SCMAudit | user=jenkins1000 | ip=192.168.36.114 | op=SEND_HEARTBEAT {datanodeUUID=eaeff1e2-de9c-4510-872d-283eb6c3c330, command=[]} | ret=SUCCESS |  
2019-09-12 10:32:22,270 | INFO  | SCMAudit | user=jenkins1000 | ip=192.168.36.114 | op=SEND_HEARTBEAT {datanodeUUID=2cb9d557-cb56-4745-8686-5e72b62e748a, command=[]} | ret=SUCCESS |  
2019-09-12 10:32:22,270 | INFO  | SCMAudit | user=jenkins1000 | ip=192.168.36.114 | op=SEND_HEARTBEAT {datanodeUUID=c1e71898-521f-4627-a3f1-9884c4b96ced, command=[]} | ret=SUCCESS |  
2019-09-12 10:32:22,270 | INFO  | SCMAudit | user=jenkins1000 | ip=192.168.36.114 | op=SEND_HEARTBEAT {datanodeUUID=accf000b-d7b7-4fa5-9682-da82c4451e10, command=[]} | ret=SUCCESS |  
2019-09-12 10:32:22,270 | INFO  | SCMAudit | user=jenkins1000 | ip=192.168.36.114 | op=SEND_HEARTBEAT {datanodeUUID=f17b4253-95a0-4ee6-8ded-88f070f15b33, command=[]} | ret=SUCCESS |  
2019-09-12 10:32:22,271 | INFO  | SCMAudit | user=jenkins1000 | ip=192.168.36.114 | op=SEND_HEARTBEAT {datanodeUUID=d9d65fd8-d100-497d-8460-9a4cf62b4ad5, command=[]} | ret=SUCCESS |  
2019-09-12 10:32:22,271 | INFO  | SCMAudit | user=jenkins1000 | ip=192.168.36.114 | op=SEND_HEARTBEAT {datanodeUUID=334c5273-7871-4d53-8b37-de05e5a3be10, command=[]} | ret=SUCCESS |  
2019-09-12 10:32:22,271 | INFO  | SCMAudit | user=jenkins1000 | ip=192.168.36.114 | op=SEND_HEARTBEAT {datanodeUUID=1349d5ba-07d4-450a-9218-4f0361201438, command=[]} | ret=SUCCESS |  
2019-09-12 10:32:22,271 | INFO  | SCMAudit | user=jenkins1000 | ip=192.168.36.114 | op=SEND_HEARTBEAT {datanodeUUID=d40ec8ee-ac9e-41d6-86bd-e74a05605b85, command=[]} | ret=SUCCESS |  
2019-09-12 10:32:22,271 | INFO  | SCMAudit | user=jenkins1000 | ip=192.168.36.114 | op=SEND_HEARTBEAT {datanodeUUID=5dd0cd62-5770-41dd-9e5a-f3f3eedc40c1, command=[]} | ret=SUCCESS |  
2019-09-12 10:32:22,271 | INFO  | SCMAudit | user=jenkins1000 | ip=192.168.36.114 | op=SEND_HEARTBEAT {datanodeUUID=caccd92c-2544-4e02-86cf-95849f240c1b, command=[]} | ret=SUCCESS |  
2019-09-12 10:32:22,272 | INFO  | SCMAudit | user=jenkins1000 | ip=192.168.36.114 | op=SEND_HEARTBEAT {datanodeUUID=2df0b56f-bcaf-45a1-b35e-f30a30c5f26c, command=[]} | ret=SUCCESS |  
2019-09-12 10:32:22,272 | INFO  | SCMAudit | user=jenkins1000 | ip=192.168.36.114 | op=SEND_HEARTBEAT {datanodeUUID=a95fd1d5-e9a9-4526-b4c7-6aa1a85e40e9, command=[]} | ret=SUCCESS |  
2019-09-12 10:32:22,273 | INFO  | SCMAudit | user=jenkins1000 | ip=192.168.36.114 | op=SEND_HEARTBEAT {datanodeUUID=f85b420b-0060-4bb9-9f68-598eed9b442f, command=[]} | ret=SUCCESS |  
2019-09-12 10:32:22,273 | INFO  | SCMAudit | user=jenkins1000 | ip=192.168.36.114 | op=SEND_HEARTBEAT {datanodeUUID=f8fc8350-8b83-4a15-89e6-430db21616f7, command=[]} | ret=SUCCESS |  
2019-09-12 10:32:22,273 | INFO  | SCMAudit | user=jenkins1000 | ip=192.168.36.114 | op=SEND_HEARTBEAT {datanodeUUID=57729e88-c64a-441d-a40e-ceaddf64552e, command=[]} | ret=SUCCESS |  
2019-09-12 10:32:22,274 | INFO  | SCMAudit | user=jenkins1000 | ip=192.168.36.114 | op=SEND_HEARTBEAT {datanodeUUID=edb6c4a3-9bf1-4f2e-8ef0-c37d9a0378de, command=[]} | ret=SUCCESS |  
2019-09-12 10:32:22,274 | INFO  | SCMAudit | user=jenkins1000 | ip=192.168.36.114 | op=SEND_HEARTBEAT {datanodeUUID=873ff125-9641-4674-9775-ec96c107c12e, command=[]} | ret=SUCCESS |  
2019-09-12 10:32:22,274 | INFO  | SCMAudit | user=jenkins1000 | ip=192.168.36.114 | op=SEND_HEARTBEAT {datanodeUUID=ad8ae342-df06-4311-9d84-524877c98111, command=[]} | ret=SUCCESS |  
2019-09-12 10:32:22,274 | INFO  | SCMAudit | user=jenkins1000 | ip=192.168.36.114 | op=SEND_HEARTBEAT {datanodeUUID=c9031a36-5f7c-4098-8bea-8a46141708a6, command=[]} | ret=SUCCESS |  
2019-09-12 10:32:22,274 | INFO  | SCMAudit | user=jenkins1000 | ip=192.168.36.114 | op=SEND_HEARTBEAT {datanodeUUID=39df7a3f-9691-48d4-a2b1-6888489a5f8a, command=[]} | ret=SUCCESS |  
2019-09-12 10:32:19,827 [a95fd1d5-e9a9-4526-b4c7-6aa1a85e40e9:group-1CB2C2BA02ED:LeaderElection154] INFO  server.RaftServerConfigKeys (ConfUtils.java:logGet(43)) - raft.server.staging.catchup.gap = 1000 (default)
2019-09-12 10:32:22,275 | INFO  | SCMAudit | user=jenkins1000 | ip=192.168.36.114 | op=SEND_HEARTBEAT {datanodeUUID=22ce2f4b-d517-44cf-8041-712d813e08f3, command=[]} | ret=SUCCESS |  
2019-09-12 10:32:22,275 | INFO  | SCMAudit | user=jenkins1000 | ip=192.168.36.114 | op=SEND_HEARTBEAT {datanodeUUID=b6dd7c38-f675-445e-811b-15cf17d56c0a, command=[]} | ret=SUCCESS |  
2019-09-12 10:32:22,275 | INFO  | SCMAudit | user=jenkins1000 | ip=192.168.36.114 | op=SEND_HEARTBEAT {datanodeUUID=2d50b591-d6e4-490f-9fa0-973ad5423bd7, command=[]} | ret=SUCCESS |  
2019-09-12 10:32:22,275 | INFO  | SCMAudit | user=jenkins1000 | ip=192.168.36.114 | op=SEND_HEARTBEAT {datanodeUUID=c54af6f8-a22e-478f-90e1-029d14059a99, command=[]} | ret=SUCCESS |  
2019-09-12 10:32:22,275 | INFO  | SCMAudit | user=jenkins1000 | ip=192.168.36.114 | op=SEND_HEARTBEAT {datanodeUUID=bcda0514-d42e-47ca-96fd-c0a633e872a8, command=[]} | ret=SUCCESS |  
2019-09-12 10:32:22,275 | INFO  | SCMAudit | user=jenkins1000 | ip=192.168.36.114 | op=SEND_HEARTBEAT {datanodeUUID=9616c881-dbb1-48da-90dd-a872ed779a2e, command=[]} | ret=SUCCESS |  
2019-09-12 10:32:22,275 [a95fd1d5-e9a9-4526-b4c7-6aa1a85e40e9:group-1CB2C2BA02ED:LeaderElection154] INFO  server.RaftServerConfigKeys (ConfUtils.java:logGet(43)) - raft.server.rpc.sleep.time = 25ms (default)
2019-09-12 10:32:22,275 | INFO  | SCMAudit | user=jenkins1000 | ip=192.168.36.114 | op=SEND_HEARTBEAT {datanodeUUID=ff438662-24cf-49bb-bfc5-3308ec6d286b, command=[]} | ret=SUCCESS |  
2019-09-12 10:32:19,819 [a95fd1d5-e9a9-4526-b4c7-6aa1a85e40e9:group-63E39A8AA019:LeaderElection155] INFO  impl.RaftServerImpl (ServerState.java:setLeader(263)) - a95fd1d5-e9a9-4526-b4c7-6aa1a85e40e9:group-63E39A8AA019 change Leader from null to a95fd1d5-e9a9-4526-b4c7-6aa1a85e40e9 at term 1 for becomeLeader, leader elected after 12824ms
2019-09-12 10:32:19,818 [edb6c4a3-9bf1-4f2e-8ef0-c37d9a0378de-SegmentedRaftLogWorker:Storage Directory /workdir/hadoop-ozone/integration-test/target/test-dir/MiniOzoneClusterImpl-39631bd2-f83c-4f24-acb2-4c1b273f2694/datanode-2/data/ratis/3b1197c4-7821-4e85-90c0-9a2ff8b7b8df] INFO  segmented.SegmentedRaftLogWorker (SegmentedRaftLogWorker.java:close(228)) - edb6c4a3-9bf1-4f2e-8ef0-c37d9a0378de-SegmentedRaftLogWorker:Storage Directory /workdir/hadoop-ozone/integration-test/target/test-dir/MiniOzoneClusterImpl-39631bd2-f83c-4f24-acb2-4c1b273f2694/datanode-2/data/ratis/3b1197c4-7821-4e85-90c0-9a2ff8b7b8df close()
2019-09-12 10:32:19,818 [a95fd1d5-e9a9-4526-b4c7-6aa1a85e40e9:group-01B47FFBFEC3:LeaderElection153] INFO  server.RaftServerConfigKeys (ConfUtils.java:logGet(43)) - raft.server.write.element-limit = 4096 (default)
2019-09-12 10:32:19,818 [57729e88-c64a-441d-a40e-ceaddf64552e-SegmentedRaftLogWorker:Storage Directory /workdir/hadoop-ozone/integration-test/target/test-dir/MiniOzoneClusterImpl-39631bd2-f83c-4f24-acb2-4c1b273f2694/datanode-1/data/ratis/b78cb103-c3af-48b2-b7ac-423d56e48233] INFO  impl.PendingRequests (PendingRequests.java:sendNotLeaderResponses(202)) - 57729e88-c64a-441d-a40e-ceaddf64552e-PendingRequests: sendNotLeaderResponses
2019-09-12 10:32:22,296 [a95fd1d5-e9a9-4526-b4c7-6aa1a85e40e9:group-01B47FFBFEC3:LeaderElection153] INFO  server.RaftServerConfigKeys (ConfUtils.java:logGet(43)) - raft.server.watch.timeout = 10s (default)
2019-09-12 10:32:22,275 [a95fd1d5-e9a9-4526-b4c7-6aa1a85e40e9:group-63E39A8AA019:LeaderElection155] INFO  server.RaftServerConfigKeys (ConfUtils.java:logGet(43)) - raft.server.staging.catchup.gap = 1000 (default)
2019-09-12 10:32:22,275 [a95fd1d5-e9a9-4526-b4c7-6aa1a85e40e9:group-1CB2C2BA02ED:LeaderElection154] INFO  server.RaftServerConfigKeys (ConfUtils.java:logGet(43)) - raft.server.write.element-limit = 4096 (default)
2019-09-12 10:32:21,921 [main] INFO  db.DBStoreBuilder (DBStoreBuilder.java:processTables(161)) - Using default column profile:DBProfile.DISK for Table:openKeyTable
2019-09-12 10:32:21,920 [f8fc8350-8b83-4a15-89e6-430db21616f7:group-B74BA9B994CE:LeaderElection150] INFO  impl.RaftServerImpl (ServerState.java:setRaftConf(361)) - f8fc8350-8b83-4a15-89e6-430db21616f7:group-B74BA9B994CE set configuration 0: [f8fc8350-8b83-4a15-89e6-430db21616f7:192.168.36.114:36361], old=null at 0
2019-09-12 10:32:21,918 [Thread-1670] WARN  util.JavaUtils (JavaUtils.java:sleep(250)) - Unexpected long sleep: sleep(5065ms) actually took 5753ms which is over the threshold 300ms
2019-09-12 10:32:21,918 [Thread-1679] WARN  util.JavaUtils (JavaUtils.java:sleep(250)) - Unexpected long sleep: sleep(5062ms) actually took 5753ms which is over the threshold 300ms
2019-09-12 10:32:21,918 [Thread-1682] WARN  util.JavaUtils (JavaUtils.java:sleep(250)) - Unexpected long sleep: sleep(5100ms) actually took 5752ms which is over the threshold 300ms
2019-09-12 10:32:21,918 [Thread-1673] WARN  util.JavaUtils (JavaUtils.java:sleep(250)) - Unexpected long sleep: sleep(5127ms) actually took 5753ms which is over the threshold 300ms
2019-09-12 10:32:21,918 [Thread-1667] WARN  util.JavaUtils (JavaUtils.java:sleep(250)) - Unexpected long sleep: sleep(5153ms) actually took 5752ms which is over the threshold 300ms
2019-09-12 10:32:21,916 [f8fc8350-8b83-4a15-89e6-430db21616f7-SegmentedRaftLogWorker:Storage Directory /workdir/hadoop-ozone/integration-test/target/test-dir/MiniOzoneClusterImpl-39631bd2-f83c-4f24-acb2-4c1b273f2694/datanode-5/data/ratis/5cd0f139-1d3b-4f85-89eb-93612170f5b0] ERROR segmented.SegmentedRaftLogWorker (SegmentedRaftLogWorker.java:run(323)) - f8fc8350-8b83-4a15-89e6-430db21616f7-SegmentedRaftLogWorker:Storage Directory /workdir/hadoop-ozone/integration-test/target/test-dir/MiniOzoneClusterImpl-39631bd2-f83c-4f24-acb2-4c1b273f2694/datanode-5/data/ratis/5cd0f139-1d3b-4f85-89eb-93612170f5b0 hit exception
java.lang.OutOfMemoryError: Direct buffer memory
	at java.nio.Bits.reserveMemory(Bits.java:666)
	at java.nio.DirectByteBuffer.<init>(DirectByteBuffer.java:123)
	at java.nio.ByteBuffer.allocateDirect(ByteBuffer.java:311)
	at org.apache.ratis.server.raftlog.segmented.BufferedWriteChannel.<init>(BufferedWriteChannel.java:41)
	at org.apache.ratis.server.raftlog.segmented.SegmentedRaftLogOutputStream.<init>(SegmentedRaftLogOutputStream.java:72)
	at org.apache.ratis.server.raftlog.segmented.SegmentedRaftLogWorker$StartLogSegment.execute(SegmentedRaftLogWorker.java:566)
	at org.apache.ratis.server.raftlog.segmented.SegmentedRaftLogWorker.run(SegmentedRaftLogWorker.java:289)
	at java.lang.Thread.run(Thread.java:748)
2019-09-12 10:32:22,298 [f8fc8350-8b83-4a15-89e6-430db21616f7-SegmentedRaftLogWorker:Storage Directory /workdir/hadoop-ozone/integration-test/target/test-dir/MiniOzoneClusterImpl-39631bd2-f83c-4f24-acb2-4c1b273f2694/datanode-5/data/ratis/5cd0f139-1d3b-4f85-89eb-93612170f5b0] INFO  impl.RaftServerImpl (RaftServerImpl.java:lambda$shutdown$3(245)) - f8fc8350-8b83-4a15-89e6-430db21616f7: shutdown group-93612170F5B0
2019-09-12 10:32:21,566 [f8fc8350-8b83-4a15-89e6-430db21616f7:group-4DA1475890E7:LeaderElection149] INFO  impl.RaftServerImpl (ServerState.java:setRaftConf(361)) - f8fc8350-8b83-4a15-89e6-430db21616f7:group-4DA1475890E7 set configuration 0: [f8fc8350-8b83-4a15-89e6-430db21616f7:192.168.36.114:36361], old=null at 0
2019-09-12 10:32:21,189 [f85b420b-0060-4bb9-9f68-598eed9b442f:group-8A5638F4F372:LeaderElection140] INFO  impl.RaftServerImpl (ServerState.java:setRaftConf(361)) - f85b420b-0060-4bb9-9f68-598eed9b442f:group-8A5638F4F372 set configuration 0: [f85b420b-0060-4bb9-9f68-598eed9b442f:192.168.36.114:39826], old=null at 0
2019-09-12 10:32:21,189 [873ff125-9641-4674-9775-ec96c107c12e:group-76D6B7B053CA:LeaderElection152] INFO  server.RaftServerConfigKeys (ConfUtils.java:logGet(43)) - raft.server.watch.timeout.denomination = 1s (default)
2019-09-12 10:32:21,188 [Thread-1627] INFO  impl.RaftServerImpl (RaftServerImpl.java:setRole(171)) - 2df0b56f-bcaf-45a1-b35e-f30a30c5f26c:group-F6ED8DF83672 changes role from FOLLOWER to CANDIDATE at term 0 for changeToCandidate
2019-09-12 10:32:21,188 [2df0b56f-bcaf-45a1-b35e-f30a30c5f26c-SegmentedRaftLogWorker:Storage Directory /workdir/hadoop-ozone/integration-test/target/test-dir/MiniOzoneClusterImpl-39631bd2-f83c-4f24-acb2-4c1b273f2694/datanode-3/data/ratis/8171733a-464a-4e87-8236-96ca4d480ada] INFO  util.JmxRegister (JmxRegister.java:unregister(73)) - Successfully un-registered JMX Bean with object name Ratis:service=RaftServer,group=group-96CA4D480ADA,id=2df0b56f-bcaf-45a1-b35e-f30a30c5f26c
2019-09-12 10:32:22,299 [2df0b56f-bcaf-45a1-b35e-f30a30c5f26c-SegmentedRaftLogWorker:Storage Directory /workdir/hadoop-ozone/integration-test/target/test-dir/MiniOzoneClusterImpl-39631bd2-f83c-4f24-acb2-4c1b273f2694/datanode-3/data/ratis/8171733a-464a-4e87-8236-96ca4d480ada] INFO  impl.RoleInfo (RoleInfo.java:shutdownLeaderState(104)) - 2df0b56f-bcaf-45a1-b35e-f30a30c5f26c: shutdown LeaderState
2019-09-12 10:32:21,188 [2df0b56f-bcaf-45a1-b35e-f30a30c5f26c-SegmentedRaftLogWorker:Storage Directory /workdir/hadoop-ozone/integration-test/target/test-dir/MiniOzoneClusterImpl-39631bd2-f83c-4f24-acb2-4c1b273f2694/datanode-3/data/ratis/075ff77c-a804-4c46-90eb-21a7578423a9] INFO  impl.RoleInfo (RoleInfo.java:shutdownLeaderState(104)) - 2df0b56f-bcaf-45a1-b35e-f30a30c5f26c: shutdown LeaderState
2019-09-12 10:32:21,188 [2df0b56f-bcaf-45a1-b35e-f30a30c5f26c-SegmentedRaftLogWorker:Storage Directory /workdir/hadoop-ozone/integration-test/target/test-dir/MiniOzoneClusterImpl-39631bd2-f83c-4f24-acb2-4c1b273f2694/datanode-3/data/ratis/cb3f26f1-5652-48d0-b8f5-09dad320aa03] INFO  util.JmxRegister (JmxRegister.java:unregister(73)) - Successfully un-registered JMX Bean with object name Ratis:service=RaftServer,group=group-09DAD320AA03,id=2df0b56f-bcaf-45a1-b35e-f30a30c5f26c
2019-09-12 10:32:22,299 [2df0b56f-bcaf-45a1-b35e-f30a30c5f26c-SegmentedRaftLogWorker:Storage Directory /workdir/hadoop-ozone/integration-test/target/test-dir/MiniOzoneClusterImpl-39631bd2-f83c-4f24-acb2-4c1b273f2694/datanode-3/data/ratis/cb3f26f1-5652-48d0-b8f5-09dad320aa03] INFO  impl.RoleInfo (RoleInfo.java:shutdownLeaderState(104)) - 2df0b56f-bcaf-45a1-b35e-f30a30c5f26c: shutdown LeaderState
2019-09-12 10:32:21,188 [2df0b56f-bcaf-45a1-b35e-f30a30c5f26c-SegmentedRaftLogWorker:Storage Directory /workdir/hadoop-ozone/integration-test/target/test-dir/MiniOzoneClusterImpl-39631bd2-f83c-4f24-acb2-4c1b273f2694/datanode-3/data/ratis/5566e6be-b40d-410d-b9f2-7ca0681ac426] INFO  impl.RoleInfo (RoleInfo.java:shutdownLeaderState(104)) - 2df0b56f-bcaf-45a1-b35e-f30a30c5f26c: shutdown LeaderState
2019-09-12 10:32:22,299 [2df0b56f-bcaf-45a1-b35e-f30a30c5f26c-SegmentedRaftLogWorker:Storage Directory /workdir/hadoop-ozone/integration-test/target/test-dir/MiniOzoneClusterImpl-39631bd2-f83c-4f24-acb2-4c1b273f2694/datanode-3/data/ratis/5566e6be-b40d-410d-b9f2-7ca0681ac426] INFO  impl.PendingRequests (PendingRequests.java:sendNotLeaderResponses(202)) - 2df0b56f-bcaf-45a1-b35e-f30a30c5f26c-PendingRequests: sendNotLeaderResponses
2019-09-12 10:32:21,187 [Thread-1609] INFO  impl.RaftServerImpl (RaftServerImpl.java:setRole(171)) - edb6c4a3-9bf1-4f2e-8ef0-c37d9a0378de:group-F32505E861B0 changes role from FOLLOWER to CANDIDATE at term 0 for changeToCandidate
2019-09-12 10:32:21,187 [f85b420b-0060-4bb9-9f68-598eed9b442f-SegmentedRaftLogWorker:Storage Directory /workdir/hadoop-ozone/integration-test/target/test-dir/MiniOzoneClusterImpl-39631bd2-f83c-4f24-acb2-4c1b273f2694/datanode-4/data/ratis/b369c1e5-234a-4e06-ae16-d5aba948d560] INFO  impl.RaftServerImpl (RaftServerImpl.java:lambda$shutdown$3(245)) - f85b420b-0060-4bb9-9f68-598eed9b442f: shutdown group-D5ABA948D560
2019-09-12 10:32:21,187 [f85b420b-0060-4bb9-9f68-598eed9b442f-SegmentedRaftLogWorker:Storage Directory /workdir/hadoop-ozone/integration-test/target/test-dir/MiniOzoneClusterImpl-39631bd2-f83c-4f24-acb2-4c1b273f2694/datanode-4/data/ratis/6232cc96-e05a-445c-abd0-5dc5b2da0026] INFO  impl.RaftServerImpl (RaftServerImpl.java:lambda$shutdown$3(245)) - f85b420b-0060-4bb9-9f68-598eed9b442f: shutdown group-5DC5B2DA0026
2019-09-12 10:32:21,187 [f8fc8350-8b83-4a15-89e6-430db21616f7-SegmentedRaftLogWorker:Storage Directory /workdir/hadoop-ozone/integration-test/target/test-dir/MiniOzoneClusterImpl-39631bd2-f83c-4f24-acb2-4c1b273f2694/datanode-5/data/ratis/94d28abe-6b2e-4c7b-a631-03200ecfaf5c] INFO  impl.RaftServerImpl (RaftServerImpl.java:lambda$shutdown$3(245)) - f8fc8350-8b83-4a15-89e6-430db21616f7: shutdown group-03200ECFAF5C
2019-09-12 10:32:21,186 [Thread-1600] INFO  impl.RaftServerImpl (RaftServerImpl.java:setRole(171)) - edb6c4a3-9bf1-4f2e-8ef0-c37d9a0378de:group-2213AA8565FB changes role from FOLLOWER to CANDIDATE at term 0 for changeToCandidate
2019-09-12 10:32:21,186 [edb6c4a3-9bf1-4f2e-8ef0-c37d9a0378de-SegmentedRaftLogWorker:Storage Directory /workdir/hadoop-ozone/integration-test/target/test-dir/MiniOzoneClusterImpl-39631bd2-f83c-4f24-acb2-4c1b273f2694/datanode-2/data/ratis/1d322739-92fe-4999-94ea-4cb134825892] INFO  util.JmxRegister (JmxRegister.java:unregister(73)) - Successfully un-registered JMX Bean with object name Ratis:service=RaftServer,group=group-4CB134825892,id=edb6c4a3-9bf1-4f2e-8ef0-c37d9a0378de
2019-09-12 10:32:22,300 [edb6c4a3-9bf1-4f2e-8ef0-c37d9a0378de-SegmentedRaftLogWorker:Storage Directory /workdir/hadoop-ozone/integration-test/target/test-dir/MiniOzoneClusterImpl-39631bd2-f83c-4f24-acb2-4c1b273f2694/datanode-2/data/ratis/1d322739-92fe-4999-94ea-4cb134825892] INFO  impl.RoleInfo (RoleInfo.java:shutdownLeaderState(104)) - edb6c4a3-9bf1-4f2e-8ef0-c37d9a0378de: shutdown LeaderState
2019-09-12 10:32:21,186 [2df0b56f-bcaf-45a1-b35e-f30a30c5f26c-SegmentedRaftLogWorker:Storage Directory /workdir/hadoop-ozone/integration-test/target/test-dir/MiniOzoneClusterImpl-39631bd2-f83c-4f24-acb2-4c1b273f2694/datanode-3/data/ratis/39202d9b-fb7b-4bcf-9eb7-9be5978d5997] INFO  util.JmxRegister (JmxRegister.java:unregister(73)) - Successfully un-registered JMX Bean with object name Ratis:service=RaftServer,group=group-9BE5978D5997,id=2df0b56f-bcaf-45a1-b35e-f30a30c5f26c
2019-09-12 10:32:22,301 [2df0b56f-bcaf-45a1-b35e-f30a30c5f26c-SegmentedRaftLogWorker:Storage Directory /workdir/hadoop-ozone/integration-test/target/test-dir/MiniOzoneClusterImpl-39631bd2-f83c-4f24-acb2-4c1b273f2694/datanode-3/data/ratis/39202d9b-fb7b-4bcf-9eb7-9be5978d5997] INFO  impl.RoleInfo (RoleInfo.java:shutdownLeaderState(104)) - 2df0b56f-bcaf-45a1-b35e-f30a30c5f26c: shutdown LeaderState
2019-09-12 10:32:21,186 [f85b420b-0060-4bb9-9f68-598eed9b442f:group-141DB36F1FC4:LeaderElection142] INFO  server.RaftServerConfigKeys (ConfUtils.java:logGet(43)) - raft.server.watch.element-limit = 65536 (default)
2019-09-12 10:32:22,301 [2df0b56f-bcaf-45a1-b35e-f30a30c5f26c-SegmentedRaftLogWorker:Storage Directory /workdir/hadoop-ozone/integration-test/target/test-dir/MiniOzoneClusterImpl-39631bd2-f83c-4f24-acb2-4c1b273f2694/datanode-3/data/ratis/39202d9b-fb7b-4bcf-9eb7-9be5978d5997] INFO  impl.PendingRequests (PendingRequests.java:sendNotLeaderResponses(202)) - 2df0b56f-bcaf-45a1-b35e-f30a30c5f26c-PendingRequests: sendNotLeaderResponses
2019-09-12 10:32:22,301 [edb6c4a3-9bf1-4f2e-8ef0-c37d9a0378de-SegmentedRaftLogWorker:Storage Directory /workdir/hadoop-ozone/integration-test/target/test-dir/MiniOzoneClusterImpl-39631bd2-f83c-4f24-acb2-4c1b273f2694/datanode-2/data/ratis/1d322739-92fe-4999-94ea-4cb134825892] INFO  impl.PendingRequests (PendingRequests.java:sendNotLeaderResponses(202)) - edb6c4a3-9bf1-4f2e-8ef0-c37d9a0378de-PendingRequests: sendNotLeaderResponses
2019-09-12 10:32:22,300 [Thread-1600] INFO  impl.RoleInfo (RoleInfo.java:updateAndGet(143)) - edb6c4a3-9bf1-4f2e-8ef0-c37d9a0378de: start LeaderElection
2019-09-12 10:32:22,300 [f8fc8350-8b83-4a15-89e6-430db21616f7-SegmentedRaftLogWorker:Storage Directory /workdir/hadoop-ozone/integration-test/target/test-dir/MiniOzoneClusterImpl-39631bd2-f83c-4f24-acb2-4c1b273f2694/datanode-5/data/ratis/94d28abe-6b2e-4c7b-a631-03200ecfaf5c] INFO  util.JmxRegister (JmxRegister.java:unregister(73)) - Successfully un-registered JMX Bean with object name Ratis:service=RaftServer,group=group-03200ECFAF5C,id=f8fc8350-8b83-4a15-89e6-430db21616f7
2019-09-12 10:32:22,300 [f85b420b-0060-4bb9-9f68-598eed9b442f-SegmentedRaftLogWorker:Storage Directory /workdir/hadoop-ozone/integration-test/target/test-dir/MiniOzoneClusterImpl-39631bd2-f83c-4f24-acb2-4c1b273f2694/datanode-4/data/ratis/6232cc96-e05a-445c-abd0-5dc5b2da0026] INFO  util.JmxRegister (JmxRegister.java:unregister(73)) - Successfully un-registered JMX Bean with object name Ratis:service=RaftServer,group=group-5DC5B2DA0026,id=f85b420b-0060-4bb9-9f68-598eed9b442f
2019-09-12 10:32:22,300 [f85b420b-0060-4bb9-9f68-598eed9b442f-SegmentedRaftLogWorker:Storage Directory /workdir/hadoop-ozone/integration-test/target/test-dir/MiniOzoneClusterImpl-39631bd2-f83c-4f24-acb2-4c1b273f2694/datanode-4/data/ratis/b369c1e5-234a-4e06-ae16-d5aba948d560] INFO  util.JmxRegister (JmxRegister.java:unregister(73)) - Successfully un-registered JMX Bean with object name Ratis:service=RaftServer,group=group-D5ABA948D560,id=f85b420b-0060-4bb9-9f68-598eed9b442f
2019-09-12 10:32:22,300 [Thread-1609] INFO  impl.RoleInfo (RoleInfo.java:updateAndGet(143)) - edb6c4a3-9bf1-4f2e-8ef0-c37d9a0378de: start LeaderElection
2019-09-12 10:32:22,300 [2df0b56f-bcaf-45a1-b35e-f30a30c5f26c-SegmentedRaftLogWorker:Storage Directory /workdir/hadoop-ozone/integration-test/target/test-dir/MiniOzoneClusterImpl-39631bd2-f83c-4f24-acb2-4c1b273f2694/datanode-3/data/ratis/5566e6be-b40d-410d-b9f2-7ca0681ac426] INFO  impl.StateMachineUpdater (StateMachineUpdater.java:stopAndJoin(115)) - StateMachineUpdater:2df0b56f-bcaf-45a1-b35e-f30a30c5f26c:group-7CA0681AC426: set stopIndex = -1
2019-09-12 10:32:22,299 [2df0b56f-bcaf-45a1-b35e-f30a30c5f26c-SegmentedRaftLogWorker:Storage Directory /workdir/hadoop-ozone/integration-test/target/test-dir/MiniOzoneClusterImpl-39631bd2-f83c-4f24-acb2-4c1b273f2694/datanode-3/data/ratis/cb3f26f1-5652-48d0-b8f5-09dad320aa03] INFO  impl.PendingRequests (PendingRequests.java:sendNotLeaderResponses(202)) - 2df0b56f-bcaf-45a1-b35e-f30a30c5f26c-PendingRequests: sendNotLeaderResponses
2019-09-12 10:32:22,299 [2df0b56f-bcaf-45a1-b35e-f30a30c5f26c-SegmentedRaftLogWorker:Storage Directory /workdir/hadoop-ozone/integration-test/target/test-dir/MiniOzoneClusterImpl-39631bd2-f83c-4f24-acb2-4c1b273f2694/datanode-3/data/ratis/075ff77c-a804-4c46-90eb-21a7578423a9] INFO  impl.PendingRequests (PendingRequests.java:sendNotLeaderResponses(202)) - 2df0b56f-bcaf-45a1-b35e-f30a30c5f26c-PendingRequests: sendNotLeaderResponses
2019-09-12 10:32:22,303 [2df0b56f-bcaf-45a1-b35e-f30a30c5f26c-SegmentedRaftLogWorker:Storage Directory /workdir/hadoop-ozone/integration-test/target/test-dir/MiniOzoneClusterImpl-39631bd2-f83c-4f24-acb2-4c1b273f2694/datanode-3/data/ratis/cb3f26f1-5652-48d0-b8f5-09dad320aa03] INFO  impl.StateMachineUpdater (StateMachineUpdater.java:stopAndJoin(115)) - StateMachineUpdater:2df0b56f-bcaf-45a1-b35e-f30a30c5f26c:group-09DAD320AA03: set stopIndex = -1
2019-09-12 10:32:22,299 [2df0b56f-bcaf-45a1-b35e-f30a30c5f26c-SegmentedRaftLogWorker:Storage Directory /workdir/hadoop-ozone/integration-test/target/test-dir/MiniOzoneClusterImpl-39631bd2-f83c-4f24-acb2-4c1b273f2694/datanode-3/data/ratis/8171733a-464a-4e87-8236-96ca4d480ada] INFO  impl.PendingRequests (PendingRequests.java:sendNotLeaderResponses(202)) - 2df0b56f-bcaf-45a1-b35e-f30a30c5f26c-PendingRequests: sendNotLeaderResponses
2019-09-12 10:32:22,299 [Thread-1627] INFO  impl.RoleInfo (RoleInfo.java:updateAndGet(143)) - 2df0b56f-bcaf-45a1-b35e-f30a30c5f26c: start LeaderElection
2019-09-12 10:32:22,298 [873ff125-9641-4674-9775-ec96c107c12e:group-76D6B7B053CA:LeaderElection152] INFO  server.RaftServerConfigKeys (ConfUtils.java:logGet(43)) - raft.server.watch.element-limit = 65536 (default)
2019-09-12 10:32:22,298 [f8fc8350-8b83-4a15-89e6-430db21616f7-SegmentedRaftLogWorker:Storage Directory /workdir/hadoop-ozone/integration-test/target/test-dir/MiniOzoneClusterImpl-39631bd2-f83c-4f24-acb2-4c1b273f2694/datanode-5/data/ratis/5cd0f139-1d3b-4f85-89eb-93612170f5b0] INFO  util.JmxRegister (JmxRegister.java:unregister(73)) - Successfully un-registered JMX Bean with object name Ratis:service=RaftServer,group=group-93612170F5B0,id=f8fc8350-8b83-4a15-89e6-430db21616f7
2019-09-12 10:32:22,297 [main] INFO  db.DBStoreBuilder (DBStoreBuilder.java:addTable(110)) - using custom profile for table: s3Table
2019-09-12 10:32:22,304 [main] INFO  db.DBStoreBuilder (DBStoreBuilder.java:processTables(161)) - Using default column profile:DBProfile.DISK for Table:s3Table
2019-09-12 10:32:22,296 [a95fd1d5-e9a9-4526-b4c7-6aa1a85e40e9:group-1CB2C2BA02ED:LeaderElection154] INFO  server.RaftServerConfigKeys (ConfUtils.java:logGet(43)) - raft.server.watch.timeout = 10s (default)
2019-09-12 10:32:22,296 [a95fd1d5-e9a9-4526-b4c7-6aa1a85e40e9:group-63E39A8AA019:LeaderElection155] INFO  server.RaftServerConfigKeys (ConfUtils.java:logGet(43)) - raft.server.rpc.sleep.time = 25ms (default)
2019-09-12 10:32:22,296 [a95fd1d5-e9a9-4526-b4c7-6aa1a85e40e9:group-01B47FFBFEC3:LeaderElection153] INFO  server.RaftServerConfigKeys (ConfUtils.java:logGet(43)) - raft.server.watch.timeout.denomination = 1s (default)
2019-09-12 10:32:22,296 [57729e88-c64a-441d-a40e-ceaddf64552e-SegmentedRaftLogWorker:Storage Directory /workdir/hadoop-ozone/integration-test/target/test-dir/MiniOzoneClusterImpl-39631bd2-f83c-4f24-acb2-4c1b273f2694/datanode-1/data/ratis/b78cb103-c3af-48b2-b7ac-423d56e48233] INFO  impl.StateMachineUpdater (StateMachineUpdater.java:stopAndJoin(115)) - StateMachineUpdater:57729e88-c64a-441d-a40e-ceaddf64552e:group-423D56E48233: set stopIndex = -1
2019-09-12 10:32:22,304 [a95fd1d5-e9a9-4526-b4c7-6aa1a85e40e9:group-01B47FFBFEC3:LeaderElection153] INFO  server.RaftServerConfigKeys (ConfUtils.java:logGet(43)) - raft.server.watch.element-limit = 65536 (default)
2019-09-12 10:32:22,304 [a95fd1d5-e9a9-4526-b4c7-6aa1a85e40e9:group-63E39A8AA019:LeaderElection155] INFO  server.RaftServerConfigKeys (ConfUtils.java:logGet(43)) - raft.server.write.element-limit = 4096 (default)
2019-09-12 10:32:22,304 [a95fd1d5-e9a9-4526-b4c7-6aa1a85e40e9:group-1CB2C2BA02ED:LeaderElection154] INFO  server.RaftServerConfigKeys (ConfUtils.java:logGet(43)) - raft.server.watch.timeout.denomination = 1s (default)
2019-09-12 10:32:22,304 [main] INFO  db.DBStoreBuilder (DBStoreBuilder.java:addTable(110)) - using custom profile for table: multipartInfoTable
2019-09-12 10:32:22,303 [f8fc8350-8b83-4a15-89e6-430db21616f7-SegmentedRaftLogWorker:Storage Directory /workdir/hadoop-ozone/integration-test/target/test-dir/MiniOzoneClusterImpl-39631bd2-f83c-4f24-acb2-4c1b273f2694/datanode-5/data/ratis/5cd0f139-1d3b-4f85-89eb-93612170f5b0] INFO  impl.RoleInfo (RoleInfo.java:shutdownLeaderState(104)) - f8fc8350-8b83-4a15-89e6-430db21616f7: shutdown LeaderState
2019-09-12 10:32:22,303 [873ff125-9641-4674-9775-ec96c107c12e:group-76D6B7B053CA:LeaderElection152] INFO  impl.RoleInfo (RoleInfo.java:updateAndGet(143)) - 873ff125-9641-4674-9775-ec96c107c12e: start LeaderState
2019-09-12 10:32:22,303 [2df0b56f-bcaf-45a1-b35e-f30a30c5f26c-SegmentedRaftLogWorker:Storage Directory /workdir/hadoop-ozone/integration-test/target/test-dir/MiniOzoneClusterImpl-39631bd2-f83c-4f24-acb2-4c1b273f2694/datanode-3/data/ratis/8171733a-464a-4e87-8236-96ca4d480ada] INFO  impl.StateMachineUpdater (StateMachineUpdater.java:stopAndJoin(115)) - StateMachineUpdater:2df0b56f-bcaf-45a1-b35e-f30a30c5f26c:group-96CA4D480ADA: set stopIndex = -1
2019-09-12 10:32:22,306 [2df0b56f-bcaf-45a1-b35e-f30a30c5f26c-SegmentedRaftLogWorker:Storage Directory /workdir/hadoop-ozone/integration-test/target/test-dir/MiniOzoneClusterImpl-39631bd2-f83c-4f24-acb2-4c1b273f2694/datanode-3/data/ratis/8171733a-464a-4e87-8236-96ca4d480ada] INFO  impl.RaftServerImpl (ServerState.java:close(394)) - 2df0b56f-bcaf-45a1-b35e-f30a30c5f26c:group-96CA4D480ADA closes. The last applied log index is -1
2019-09-12 10:32:22,303 [2df0b56f-bcaf-45a1-b35e-f30a30c5f26c-SegmentedRaftLogWorker:Storage Directory /workdir/hadoop-ozone/integration-test/target/test-dir/MiniOzoneClusterImpl-39631bd2-f83c-4f24-acb2-4c1b273f2694/datanode-3/data/ratis/cb3f26f1-5652-48d0-b8f5-09dad320aa03] INFO  impl.RaftServerImpl (ServerState.java:close(394)) - 2df0b56f-bcaf-45a1-b35e-f30a30c5f26c:group-09DAD320AA03 closes. The last applied log index is -1
2019-09-12 10:32:22,303 [2df0b56f-bcaf-45a1-b35e-f30a30c5f26c-SegmentedRaftLogWorker:Storage Directory /workdir/hadoop-ozone/integration-test/target/test-dir/MiniOzoneClusterImpl-39631bd2-f83c-4f24-acb2-4c1b273f2694/datanode-3/data/ratis/075ff77c-a804-4c46-90eb-21a7578423a9] INFO  impl.StateMachineUpdater (StateMachineUpdater.java:stopAndJoin(115)) - StateMachineUpdater:2df0b56f-bcaf-45a1-b35e-f30a30c5f26c:group-21A7578423A9: set stopIndex = -1
2019-09-12 10:32:22,302 [2df0b56f-bcaf-45a1-b35e-f30a30c5f26c-SegmentedRaftLogWorker:Storage Directory /workdir/hadoop-ozone/integration-test/target/test-dir/MiniOzoneClusterImpl-39631bd2-f83c-4f24-acb2-4c1b273f2694/datanode-3/data/ratis/5566e6be-b40d-410d-b9f2-7ca0681ac426] INFO  impl.RaftServerImpl (ServerState.java:close(394)) - 2df0b56f-bcaf-45a1-b35e-f30a30c5f26c:group-7CA0681AC426 closes. The last applied log index is -1
2019-09-12 10:32:22,302 [f85b420b-0060-4bb9-9f68-598eed9b442f-SegmentedRaftLogWorker:Storage Directory /workdir/hadoop-ozone/integration-test/target/test-dir/MiniOzoneClusterImpl-39631bd2-f83c-4f24-acb2-4c1b273f2694/datanode-4/data/ratis/b369c1e5-234a-4e06-ae16-d5aba948d560] INFO  impl.RoleInfo (RoleInfo.java:shutdownLeaderState(104)) - f85b420b-0060-4bb9-9f68-598eed9b442f: shutdown LeaderState
2019-09-12 10:32:22,302 [f85b420b-0060-4bb9-9f68-598eed9b442f-SegmentedRaftLogWorker:Storage Directory /workdir/hadoop-ozone/integration-test/target/test-dir/MiniOzoneClusterImpl-39631bd2-f83c-4f24-acb2-4c1b273f2694/datanode-4/data/ratis/6232cc96-e05a-445c-abd0-5dc5b2da0026] INFO  impl.RoleInfo (RoleInfo.java:shutdownLeaderState(104)) - f85b420b-0060-4bb9-9f68-598eed9b442f: shutdown LeaderState
2019-09-12 10:32:22,302 [f8fc8350-8b83-4a15-89e6-430db21616f7-SegmentedRaftLogWorker:Storage Directory /workdir/hadoop-ozone/integration-test/target/test-dir/MiniOzoneClusterImpl-39631bd2-f83c-4f24-acb2-4c1b273f2694/datanode-5/data/ratis/94d28abe-6b2e-4c7b-a631-03200ecfaf5c] INFO  impl.RoleInfo (RoleInfo.java:shutdownLeaderState(104)) - f8fc8350-8b83-4a15-89e6-430db21616f7: shutdown LeaderState
2019-09-12 10:32:22,301 [edb6c4a3-9bf1-4f2e-8ef0-c37d9a0378de-SegmentedRaftLogWorker:Storage Directory /workdir/hadoop-ozone/integration-test/target/test-dir/MiniOzoneClusterImpl-39631bd2-f83c-4f24-acb2-4c1b273f2694/datanode-2/data/ratis/1d322739-92fe-4999-94ea-4cb134825892] INFO  impl.StateMachineUpdater (StateMachineUpdater.java:stopAndJoin(115)) - StateMachineUpdater:edb6c4a3-9bf1-4f2e-8ef0-c37d9a0378de:group-4CB134825892: set stopIndex = -1
2019-09-12 10:32:22,301 [2df0b56f-bcaf-45a1-b35e-f30a30c5f26c-SegmentedRaftLogWorker:Storage Directory /workdir/hadoop-ozone/integration-test/target/test-dir/MiniOzoneClusterImpl-39631bd2-f83c-4f24-acb2-4c1b273f2694/datanode-3/data/ratis/39202d9b-fb7b-4bcf-9eb7-9be5978d5997] INFO  impl.StateMachineUpdater (StateMachineUpdater.java:stopAndJoin(115)) - StateMachineUpdater:2df0b56f-bcaf-45a1-b35e-f30a30c5f26c:group-9BE5978D5997: set stopIndex = -1
2019-09-12 10:32:22,301 [f85b420b-0060-4bb9-9f68-598eed9b442f:group-141DB36F1FC4:LeaderElection142] INFO  impl.RoleInfo (RoleInfo.java:updateAndGet(143)) - f85b420b-0060-4bb9-9f68-598eed9b442f: start LeaderState
2019-09-12 10:32:22,307 [2df0b56f-bcaf-45a1-b35e-f30a30c5f26c-SegmentedRaftLogWorker:Storage Directory /workdir/hadoop-ozone/integration-test/target/test-dir/MiniOzoneClusterImpl-39631bd2-f83c-4f24-acb2-4c1b273f2694/datanode-3/data/ratis/39202d9b-fb7b-4bcf-9eb7-9be5978d5997] INFO  impl.RaftServerImpl (ServerState.java:close(394)) - 2df0b56f-bcaf-45a1-b35e-f30a30c5f26c:group-9BE5978D5997 closes. The last applied log index is -1
2019-09-12 10:32:22,307 [f85b420b-0060-4bb9-9f68-598eed9b442f:group-141DB36F1FC4:LeaderElection142] INFO  segmented.SegmentedRaftLogWorker (SegmentedRaftLogWorker.java:startLogSegment(380)) - f85b420b-0060-4bb9-9f68-598eed9b442f-SegmentedRaftLogWorker:Storage Directory /workdir/hadoop-ozone/integration-test/target/test-dir/MiniOzoneClusterImpl-39631bd2-f83c-4f24-acb2-4c1b273f2694/datanode-4/data/ratis/fdc74a02-c95f-4129-a098-141db36f1fc4: Starting segment from index:0
2019-09-12 10:32:22,307 [edb6c4a3-9bf1-4f2e-8ef0-c37d9a0378de-SegmentedRaftLogWorker:Storage Directory /workdir/hadoop-ozone/integration-test/target/test-dir/MiniOzoneClusterImpl-39631bd2-f83c-4f24-acb2-4c1b273f2694/datanode-2/data/ratis/1d322739-92fe-4999-94ea-4cb134825892] INFO  impl.RaftServerImpl (ServerState.java:close(394)) - edb6c4a3-9bf1-4f2e-8ef0-c37d9a0378de:group-4CB134825892 closes. The last applied log index is -1
2019-09-12 10:32:22,307 [f8fc8350-8b83-4a15-89e6-430db21616f7-SegmentedRaftLogWorker:Storage Directory /workdir/hadoop-ozone/integration-test/target/test-dir/MiniOzoneClusterImpl-39631bd2-f83c-4f24-acb2-4c1b273f2694/datanode-5/data/ratis/94d28abe-6b2e-4c7b-a631-03200ecfaf5c] INFO  impl.PendingRequests (PendingRequests.java:sendNotLeaderResponses(202)) - f8fc8350-8b83-4a15-89e6-430db21616f7-PendingRequests: sendNotLeaderResponses
2019-09-12 10:32:22,307 [edb6c4a3-9bf1-4f2e-8ef0-c37d9a0378de-SegmentedRaftLogWorker:Storage Directory /workdir/hadoop-ozone/integration-test/target/test-dir/MiniOzoneClusterImpl-39631bd2-f83c-4f24-acb2-4c1b273f2694/datanode-2/data/ratis/1d322739-92fe-4999-94ea-4cb134825892] INFO  segmented.SegmentedRaftLogWorker (SegmentedRaftLogWorker.java:close(228)) - edb6c4a3-9bf1-4f2e-8ef0-c37d9a0378de-SegmentedRaftLogWorker:Storage Directory /workdir/hadoop-ozone/integration-test/target/test-dir/MiniOzoneClusterImpl-39631bd2-f83c-4f24-acb2-4c1b273f2694/datanode-2/data/ratis/1d322739-92fe-4999-94ea-4cb134825892 close()
2019-09-12 10:32:22,306 [f85b420b-0060-4bb9-9f68-598eed9b442f-SegmentedRaftLogWorker:Storage Directory /workdir/hadoop-ozone/integration-test/target/test-dir/MiniOzoneClusterImpl-39631bd2-f83c-4f24-acb2-4c1b273f2694/datanode-4/data/ratis/6232cc96-e05a-445c-abd0-5dc5b2da0026] INFO  impl.PendingRequests (PendingRequests.java:sendNotLeaderResponses(202)) - f85b420b-0060-4bb9-9f68-598eed9b442f-PendingRequests: sendNotLeaderResponses
2019-09-12 10:32:22,306 [f85b420b-0060-4bb9-9f68-598eed9b442f-SegmentedRaftLogWorker:Storage Directory /workdir/hadoop-ozone/integration-test/target/test-dir/MiniOzoneClusterImpl-39631bd2-f83c-4f24-acb2-4c1b273f2694/datanode-4/data/ratis/b369c1e5-234a-4e06-ae16-d5aba948d560] INFO  impl.PendingRequests (PendingRequests.java:sendNotLeaderResponses(202)) - f85b420b-0060-4bb9-9f68-598eed9b442f-PendingRequests: sendNotLeaderResponses
2019-09-12 10:32:22,306 [2df0b56f-bcaf-45a1-b35e-f30a30c5f26c-SegmentedRaftLogWorker:Storage Directory /workdir/hadoop-ozone/integration-test/target/test-dir/MiniOzoneClusterImpl-39631bd2-f83c-4f24-acb2-4c1b273f2694/datanode-3/data/ratis/5566e6be-b40d-410d-b9f2-7ca0681ac426] INFO  segmented.SegmentedRaftLogWorker (SegmentedRaftLogWorker.java:close(228)) - 2df0b56f-bcaf-45a1-b35e-f30a30c5f26c-SegmentedRaftLogWorker:Storage Directory /workdir/hadoop-ozone/integration-test/target/test-dir/MiniOzoneClusterImpl-39631bd2-f83c-4f24-acb2-4c1b273f2694/datanode-3/data/ratis/5566e6be-b40d-410d-b9f2-7ca0681ac426 close()
2019-09-12 10:32:22,306 [2df0b56f-bcaf-45a1-b35e-f30a30c5f26c-SegmentedRaftLogWorker:Storage Directory /workdir/hadoop-ozone/integration-test/target/test-dir/MiniOzoneClusterImpl-39631bd2-f83c-4f24-acb2-4c1b273f2694/datanode-3/data/ratis/075ff77c-a804-4c46-90eb-21a7578423a9] INFO  impl.RaftServerImpl (ServerState.java:close(394)) - 2df0b56f-bcaf-45a1-b35e-f30a30c5f26c:group-21A7578423A9 closes. The last applied log index is -1
2019-09-12 10:32:22,306 [2df0b56f-bcaf-45a1-b35e-f30a30c5f26c-SegmentedRaftLogWorker:Storage Directory /workdir/hadoop-ozone/integration-test/target/test-dir/MiniOzoneClusterImpl-39631bd2-f83c-4f24-acb2-4c1b273f2694/datanode-3/data/ratis/cb3f26f1-5652-48d0-b8f5-09dad320aa03] INFO  segmented.SegmentedRaftLogWorker (SegmentedRaftLogWorker.java:close(228)) - 2df0b56f-bcaf-45a1-b35e-f30a30c5f26c-SegmentedRaftLogWorker:Storage Directory /workdir/hadoop-ozone/integration-test/target/test-dir/MiniOzoneClusterImpl-39631bd2-f83c-4f24-acb2-4c1b273f2694/datanode-3/data/ratis/cb3f26f1-5652-48d0-b8f5-09dad320aa03 close()
2019-09-12 10:32:22,306 [2df0b56f-bcaf-45a1-b35e-f30a30c5f26c-SegmentedRaftLogWorker:Storage Directory /workdir/hadoop-ozone/integration-test/target/test-dir/MiniOzoneClusterImpl-39631bd2-f83c-4f24-acb2-4c1b273f2694/datanode-3/data/ratis/8171733a-464a-4e87-8236-96ca4d480ada] INFO  segmented.SegmentedRaftLogWorker (SegmentedRaftLogWorker.java:close(228)) - 2df0b56f-bcaf-45a1-b35e-f30a30c5f26c-SegmentedRaftLogWorker:Storage Directory /workdir/hadoop-ozone/integration-test/target/test-dir/MiniOzoneClusterImpl-39631bd2-f83c-4f24-acb2-4c1b273f2694/datanode-3/data/ratis/8171733a-464a-4e87-8236-96ca4d480ada close()
2019-09-12 10:32:22,306 [873ff125-9641-4674-9775-ec96c107c12e:group-76D6B7B053CA:LeaderElection152] INFO  segmented.SegmentedRaftLogWorker (SegmentedRaftLogWorker.java:startLogSegment(380)) - 873ff125-9641-4674-9775-ec96c107c12e-SegmentedRaftLogWorker:Storage Directory /workdir/hadoop-ozone/integration-test/target/test-dir/MiniOzoneClusterImpl-39631bd2-f83c-4f24-acb2-4c1b273f2694/datanode-6/data/ratis/5bad09c8-dc29-4f83-b917-76d6b7b053ca: Starting segment from index:0
2019-09-12 10:32:22,306 [f8fc8350-8b83-4a15-89e6-430db21616f7-SegmentedRaftLogWorker:Storage Directory /workdir/hadoop-ozone/integration-test/target/test-dir/MiniOzoneClusterImpl-39631bd2-f83c-4f24-acb2-4c1b273f2694/datanode-5/data/ratis/5cd0f139-1d3b-4f85-89eb-93612170f5b0] INFO  impl.PendingRequests (PendingRequests.java:sendNotLeaderResponses(202)) - f8fc8350-8b83-4a15-89e6-430db21616f7-PendingRequests: sendNotLeaderResponses
2019-09-12 10:32:22,305 [main] INFO  db.DBStoreBuilder (DBStoreBuilder.java:processTables(161)) - Using default column profile:DBProfile.DISK for Table:multipartInfoTable
2019-09-12 10:32:22,305 [a95fd1d5-e9a9-4526-b4c7-6aa1a85e40e9:group-1CB2C2BA02ED:LeaderElection154] INFO  server.RaftServerConfigKeys (ConfUtils.java:logGet(43)) - raft.server.watch.element-limit = 65536 (default)
2019-09-12 10:32:22,305 [a95fd1d5-e9a9-4526-b4c7-6aa1a85e40e9:group-63E39A8AA019:LeaderElection155] INFO  server.RaftServerConfigKeys (ConfUtils.java:logGet(43)) - raft.server.watch.timeout = 10s (default)
2019-09-12 10:32:22,305 [a95fd1d5-e9a9-4526-b4c7-6aa1a85e40e9:group-01B47FFBFEC3:LeaderElection153] INFO  impl.RoleInfo (RoleInfo.java:updateAndGet(143)) - a95fd1d5-e9a9-4526-b4c7-6aa1a85e40e9: start LeaderState
2019-09-12 10:32:22,305 [57729e88-c64a-441d-a40e-ceaddf64552e-SegmentedRaftLogWorker:Storage Directory /workdir/hadoop-ozone/integration-test/target/test-dir/MiniOzoneClusterImpl-39631bd2-f83c-4f24-acb2-4c1b273f2694/datanode-1/data/ratis/b78cb103-c3af-48b2-b7ac-423d56e48233] INFO  impl.RaftServerImpl (ServerState.java:close(394)) - 57729e88-c64a-441d-a40e-ceaddf64552e:group-423D56E48233 closes. The last applied log index is -1
2019-09-12 10:32:23,172 [a95fd1d5-e9a9-4526-b4c7-6aa1a85e40e9:group-1CB2C2BA02ED:LeaderElection154] INFO  impl.RoleInfo (RoleInfo.java:updateAndGet(143)) - a95fd1d5-e9a9-4526-b4c7-6aa1a85e40e9: start LeaderState
2019-09-12 10:32:23,172 [a95fd1d5-e9a9-4526-b4c7-6aa1a85e40e9:group-63E39A8AA019:LeaderElection155] INFO  server.RaftServerConfigKeys (ConfUtils.java:logGet(43)) - raft.server.watch.timeout.denomination = 1s (default)
2019-09-12 10:32:23,173 [a95fd1d5-e9a9-4526-b4c7-6aa1a85e40e9:group-1CB2C2BA02ED:LeaderElection154] INFO  segmented.SegmentedRaftLogWorker (SegmentedRaftLogWorker.java:startLogSegment(380)) - a95fd1d5-e9a9-4526-b4c7-6aa1a85e40e9-SegmentedRaftLogWorker:Storage Directory /workdir/hadoop-ozone/integration-test/target/test-dir/MiniOzoneClusterImpl-39631bd2-f83c-4f24-acb2-4c1b273f2694/datanode-0/data/ratis/eeb9477f-064b-48d6-b582-1cb2c2ba02ed: Starting segment from index:0
2019-09-12 10:32:23,172 [main] INFO  db.DBStoreBuilder (DBStoreBuilder.java:addTable(110)) - using custom profile for table: dTokenTable
2019-09-12 10:32:23,173 [main] INFO  db.DBStoreBuilder (DBStoreBuilder.java:processTables(161)) - Using default column profile:DBProfile.DISK for Table:dTokenTable
2019-09-12 10:32:23,171 [f8fc8350-8b83-4a15-89e6-430db21616f7-SegmentedRaftLogWorker:Storage Directory /workdir/hadoop-ozone/integration-test/target/test-dir/MiniOzoneClusterImpl-39631bd2-f83c-4f24-acb2-4c1b273f2694/datanode-5/data/ratis/e8c866ed-b54e-4519-b9ce-96015ad63434] ERROR segmented.SegmentedRaftLogWorker (SegmentedRaftLogWorker.java:run(323)) - f8fc8350-8b83-4a15-89e6-430db21616f7-SegmentedRaftLogWorker:Storage Directory /workdir/hadoop-ozone/integration-test/target/test-dir/MiniOzoneClusterImpl-39631bd2-f83c-4f24-acb2-4c1b273f2694/datanode-5/data/ratis/e8c866ed-b54e-4519-b9ce-96015ad63434 hit exception
java.lang.OutOfMemoryError: Direct buffer memory
	at java.nio.Bits.reserveMemory(Bits.java:666)
	at java.nio.DirectByteBuffer.<init>(DirectByteBuffer.java:123)
	at java.nio.ByteBuffer.allocateDirect(ByteBuffer.java:311)
	at org.apache.ratis.server.raftlog.segmented.BufferedWriteChannel.<init>(BufferedWriteChannel.java:41)
	at org.apache.ratis.server.raftlog.segmented.SegmentedRaftLogOutputStream.<init>(SegmentedRaftLogOutputStream.java:72)
	at org.apache.ratis.server.raftlog.segmented.SegmentedRaftLogWorker$StartLogSegment.execute(SegmentedRaftLogWorker.java:566)
	at org.apache.ratis.server.raftlog.segmented.SegmentedRaftLogWorker.run(SegmentedRaftLogWorker.java:289)
	at java.lang.Thread.run(Thread.java:748)
2019-09-12 10:32:23,537 | INFO  | SCMAudit | user=jenkins1000 | ip=192.168.36.114 | op=SEND_HEARTBEAT {datanodeUUID=ad8ae342-df06-4311-9d84-524877c98111, command=[]} | ret=SUCCESS |  
2019-09-12 10:32:23,544 | INFO  | SCMAudit | user=jenkins1000 | ip=192.168.36.114 | op=SEND_HEARTBEAT {datanodeUUID=accf000b-d7b7-4fa5-9682-da82c4451e10, command=[]} | ret=SUCCESS |  
2019-09-12 10:32:23,544 | INFO  | SCMAudit | user=jenkins1000 | ip=192.168.36.114 | op=SEND_HEARTBEAT {datanodeUUID=f85b420b-0060-4bb9-9f68-598eed9b442f, command=[]} | ret=SUCCESS |  
2019-09-12 10:32:23,544 | INFO  | SCMAudit | user=jenkins1000 | ip=192.168.36.114 | op=SEND_HEARTBEAT {datanodeUUID=57729e88-c64a-441d-a40e-ceaddf64552e, command=[]} | ret=SUCCESS |  
2019-09-12 10:32:23,544 | INFO  | SCMAudit | user=jenkins1000 | ip=192.168.36.114 | op=SEND_HEARTBEAT {datanodeUUID=b6dd7c38-f675-445e-811b-15cf17d56c0a, command=[]} | ret=SUCCESS |  
2019-09-12 10:32:23,544 | INFO  | SCMAudit | user=jenkins1000 | ip=192.168.36.114 | op=SEND_HEARTBEAT {datanodeUUID=2df0b56f-bcaf-45a1-b35e-f30a30c5f26c, command=[]} | ret=SUCCESS |  
2019-09-12 10:32:23,544 | INFO  | SCMAudit | user=jenkins1000 | ip=192.168.36.114 | op=SEND_HEARTBEAT {datanodeUUID=873ff125-9641-4674-9775-ec96c107c12e, command=[]} | ret=SUCCESS |  
2019-09-12 10:32:23,544 | INFO  | SCMAudit | user=jenkins1000 | ip=192.168.36.114 | op=SEND_HEARTBEAT {datanodeUUID=22ce2f4b-d517-44cf-8041-712d813e08f3, command=[]} | ret=SUCCESS |  
2019-09-12 10:32:23,544 | INFO  | SCMAudit | user=jenkins1000 | ip=192.168.36.114 | op=SEND_HEARTBEAT {datanodeUUID=2d50b591-d6e4-490f-9fa0-973ad5423bd7, command=[]} | ret=SUCCESS |  
2019-09-12 10:32:23,544 | INFO  | SCMAudit | user=jenkins1000 | ip=192.168.36.114 | op=SEND_HEARTBEAT {datanodeUUID=f8fc8350-8b83-4a15-89e6-430db21616f7, command=[]} | ret=SUCCESS |  
2019-09-12 10:32:23,171 [f85b420b-0060-4bb9-9f68-598eed9b442f-SegmentedRaftLogWorker:Storage Directory /workdir/hadoop-ozone/integration-test/target/test-dir/MiniOzoneClusterImpl-39631bd2-f83c-4f24-acb2-4c1b273f2694/datanode-4/data/ratis/7c3cfe50-dccc-475c-aa50-17d40e37c2df] ERROR segmented.SegmentedRaftLogWorker (SegmentedRaftLogWorker.java:run(323)) - f85b420b-0060-4bb9-9f68-598eed9b442f-SegmentedRaftLogWorker:Storage Directory /workdir/hadoop-ozone/integration-test/target/test-dir/MiniOzoneClusterImpl-39631bd2-f83c-4f24-acb2-4c1b273f2694/datanode-4/data/ratis/7c3cfe50-dccc-475c-aa50-17d40e37c2df hit exception
java.lang.OutOfMemoryError: Direct buffer memory
	at java.nio.Bits.reserveMemory(Bits.java:666)
	at java.nio.DirectByteBuffer.<init>(DirectByteBuffer.java:123)
	at java.nio.ByteBuffer.allocateDirect(ByteBuffer.java:311)
	at org.apache.ratis.server.raftlog.segmented.BufferedWriteChannel.<init>(BufferedWriteChannel.java:41)
	at org.apache.ratis.server.raftlog.segmented.SegmentedRaftLogOutputStream.<init>(SegmentedRaftLogOutputStream.java:72)
	at org.apache.ratis.server.raftlog.segmented.SegmentedRaftLogWorker$StartLogSegment.execute(SegmentedRaftLogWorker.java:566)
	at org.apache.ratis.server.raftlog.segmented.SegmentedRaftLogWorker.run(SegmentedRaftLogWorker.java:289)
	at java.lang.Thread.run(Thread.java:748)
2019-09-12 10:32:23,544 | INFO  | SCMAudit | user=jenkins1000 | ip=192.168.36.114 | op=SEND_HEARTBEAT {datanodeUUID=bcda0514-d42e-47ca-96fd-c0a633e872a8, command=[]} | ret=SUCCESS |  
2019-09-12 10:32:23,544 | INFO  | SCMAudit | user=jenkins1000 | ip=192.168.36.114 | op=SEND_HEARTBEAT {datanodeUUID=d9d65fd8-d100-497d-8460-9a4cf62b4ad5, command=[]} | ret=SUCCESS |  
2019-09-12 10:32:23,544 | INFO  | SCMAudit | user=jenkins1000 | ip=192.168.36.114 | op=SEND_HEARTBEAT {datanodeUUID=ff438662-24cf-49bb-bfc5-3308ec6d286b, command=[]} | ret=SUCCESS |  
2019-09-12 10:32:23,544 | INFO  | SCMAudit | user=jenkins1000 | ip=192.168.36.114 | op=SEND_HEARTBEAT {datanodeUUID=a95fd1d5-e9a9-4526-b4c7-6aa1a85e40e9, command=[]} | ret=SUCCESS |  
2019-09-12 10:32:23,171 [Thread-1564] INFO  impl.FollowerState (FollowerState.java:run(106)) - a95fd1d5-e9a9-4526-b4c7-6aa1a85e40e9:group-220D3FE9F144 changes to CANDIDATE, lastRpcTime:16297, electionTimeout:5034ms
2019-09-12 10:32:23,544 | INFO  | SCMAudit | user=jenkins1000 | ip=192.168.36.114 | op=SEND_HEARTBEAT {datanodeUUID=9616c881-dbb1-48da-90dd-a872ed779a2e, command=[]} | ret=SUCCESS |  
2019-09-12 10:32:23,544 | INFO  | SCMAudit | user=jenkins1000 | ip=192.168.36.114 | op=SEND_HEARTBEAT {datanodeUUID=c54af6f8-a22e-478f-90e1-029d14059a99, command=[]} | ret=SUCCESS |  
2019-09-12 10:32:23,544 | INFO  | SCMAudit | user=jenkins1000 | ip=192.168.36.114 | op=SEND_HEARTBEAT {datanodeUUID=edb6c4a3-9bf1-4f2e-8ef0-c37d9a0378de, command=[]} | ret=SUCCESS |  
2019-09-12 10:32:23,543 | INFO  | SCMAudit | user=jenkins1000 | ip=192.168.36.114 | op=SEND_HEARTBEAT {datanodeUUID=334c5273-7871-4d53-8b37-de05e5a3be10, command=[]} | ret=SUCCESS |  
2019-09-12 10:32:23,543 | INFO  | SCMAudit | user=jenkins1000 | ip=192.168.36.114 | op=SEND_HEARTBEAT {datanodeUUID=2cb9d557-cb56-4745-8686-5e72b62e748a, command=[]} | ret=SUCCESS |  
2019-09-12 10:32:23,170 [Thread-1570] INFO  impl.FollowerState (FollowerState.java:run(106)) - a95fd1d5-e9a9-4526-b4c7-6aa1a85e40e9:group-0A1A55BC3C3C changes to CANDIDATE, lastRpcTime:16214, electionTimeout:5078ms
2019-09-12 10:32:23,542 | INFO  | SCMAudit | user=jenkins1000 | ip=192.168.36.114 | op=SEND_HEARTBEAT {datanodeUUID=1349d5ba-07d4-450a-9218-4f0361201438, command=[]} | ret=SUCCESS |  
2019-09-12 10:32:23,542 | INFO  | SCMAudit | user=jenkins1000 | ip=192.168.36.114 | op=SEND_HEARTBEAT {datanodeUUID=d40ec8ee-ac9e-41d6-86bd-e74a05605b85, command=[]} | ret=SUCCESS |  
2019-09-12 10:32:23,541 | INFO  | SCMAudit | user=jenkins1000 | ip=192.168.36.114 | op=SEND_HEARTBEAT {datanodeUUID=caccd92c-2544-4e02-86cf-95849f240c1b, command=[]} | ret=SUCCESS |  
2019-09-12 10:32:23,541 | INFO  | SCMAudit | user=jenkins1000 | ip=192.168.36.114 | op=SEND_HEARTBEAT {datanodeUUID=c1e71898-521f-4627-a3f1-9884c4b96ced, command=[]} | ret=SUCCESS |  
2019-09-12 10:32:23,541 | INFO  | SCMAudit | user=jenkins1000 | ip=192.168.36.114 | op=SEND_HEARTBEAT {datanodeUUID=eaeff1e2-de9c-4510-872d-283eb6c3c330, command=[]} | ret=SUCCESS |  
2019-09-12 10:32:23,540 | INFO  | SCMAudit | user=jenkins1000 | ip=192.168.36.114 | op=SEND_HEARTBEAT {datanodeUUID=5dd0cd62-5770-41dd-9e5a-f3f3eedc40c1, command=[]} | ret=SUCCESS |  
2019-09-12 10:32:22,771 [873ff125-9641-4674-9775-ec96c107c12e:group-76D6B7B053CA:LeaderElection152] INFO  impl.RaftServerImpl (ServerState.java:setRaftConf(361)) - 873ff125-9641-4674-9775-ec96c107c12e:group-76D6B7B053CA set configuration 0: [873ff125-9641-4674-9775-ec96c107c12e:192.168.36.114:35238], old=null at 0
2019-09-12 10:32:23,540 | INFO  | SCMAudit | user=jenkins1000 | ip=192.168.36.114 | op=SEND_HEARTBEAT {datanodeUUID=f17b4253-95a0-4ee6-8ded-88f070f15b33, command=[]} | ret=SUCCESS |  
2019-09-12 10:32:23,539 | INFO  | SCMAudit | user=jenkins1000 | ip=192.168.36.114 | op=SEND_HEARTBEAT {datanodeUUID=39df7a3f-9691-48d4-a2b1-6888489a5f8a, command=[]} | ret=SUCCESS |  
2019-09-12 10:32:22,771 [f8fc8350-8b83-4a15-89e6-430db21616f7-SegmentedRaftLogWorker:Storage Directory /workdir/hadoop-ozone/integration-test/target/test-dir/MiniOzoneClusterImpl-39631bd2-f83c-4f24-acb2-4c1b273f2694/datanode-5/data/ratis/5cd0f139-1d3b-4f85-89eb-93612170f5b0] INFO  impl.StateMachineUpdater (StateMachineUpdater.java:stopAndJoin(115)) - StateMachineUpdater:f8fc8350-8b83-4a15-89e6-430db21616f7:group-93612170F5B0: set stopIndex = -1
2019-09-12 10:32:23,537 | INFO  | SCMAudit | user=jenkins1000 | ip=192.168.36.114 | op=SEND_HEARTBEAT {datanodeUUID=c9031a36-5f7c-4098-8bea-8a46141708a6, command=[]} | ret=SUCCESS |  
2019-09-12 10:32:23,546 [f8fc8350-8b83-4a15-89e6-430db21616f7-SegmentedRaftLogWorker:Storage Directory /workdir/hadoop-ozone/integration-test/target/test-dir/MiniOzoneClusterImpl-39631bd2-f83c-4f24-acb2-4c1b273f2694/datanode-5/data/ratis/5cd0f139-1d3b-4f85-89eb-93612170f5b0] INFO  impl.RaftServerImpl (ServerState.java:close(394)) - f8fc8350-8b83-4a15-89e6-430db21616f7:group-93612170F5B0 closes. The last applied log index is -1
2019-09-12 10:32:22,750 [2df0b56f-bcaf-45a1-b35e-f30a30c5f26c-SegmentedRaftLogWorker:Storage Directory /workdir/hadoop-ozone/integration-test/target/test-dir/MiniOzoneClusterImpl-39631bd2-f83c-4f24-acb2-4c1b273f2694/datanode-3/data/ratis/075ff77c-a804-4c46-90eb-21a7578423a9] INFO  segmented.SegmentedRaftLogWorker (SegmentedRaftLogWorker.java:close(228)) - 2df0b56f-bcaf-45a1-b35e-f30a30c5f26c-SegmentedRaftLogWorker:Storage Directory /workdir/hadoop-ozone/integration-test/target/test-dir/MiniOzoneClusterImpl-39631bd2-f83c-4f24-acb2-4c1b273f2694/datanode-3/data/ratis/075ff77c-a804-4c46-90eb-21a7578423a9 close()
2019-09-12 10:32:23,546 [f8fc8350-8b83-4a15-89e6-430db21616f7-SegmentedRaftLogWorker:Storage Directory /workdir/hadoop-ozone/integration-test/target/test-dir/MiniOzoneClusterImpl-39631bd2-f83c-4f24-acb2-4c1b273f2694/datanode-5/data/ratis/5cd0f139-1d3b-4f85-89eb-93612170f5b0] INFO  segmented.SegmentedRaftLogWorker (SegmentedRaftLogWorker.java:close(228)) - f8fc8350-8b83-4a15-89e6-430db21616f7-SegmentedRaftLogWorker:Storage Directory /workdir/hadoop-ozone/integration-test/target/test-dir/MiniOzoneClusterImpl-39631bd2-f83c-4f24-acb2-4c1b273f2694/datanode-5/data/ratis/5cd0f139-1d3b-4f85-89eb-93612170f5b0 close()
2019-09-12 10:32:22,737 [f85b420b-0060-4bb9-9f68-598eed9b442f-SegmentedRaftLogWorker:Storage Directory /workdir/hadoop-ozone/integration-test/target/test-dir/MiniOzoneClusterImpl-39631bd2-f83c-4f24-acb2-4c1b273f2694/datanode-4/data/ratis/b369c1e5-234a-4e06-ae16-d5aba948d560] INFO  impl.StateMachineUpdater (StateMachineUpdater.java:stopAndJoin(115)) - StateMachineUpdater:f85b420b-0060-4bb9-9f68-598eed9b442f:group-D5ABA948D560: set stopIndex = -1
2019-09-12 10:32:23,584 [f85b420b-0060-4bb9-9f68-598eed9b442f-SegmentedRaftLogWorker:Storage Directory /workdir/hadoop-ozone/integration-test/target/test-dir/MiniOzoneClusterImpl-39631bd2-f83c-4f24-acb2-4c1b273f2694/datanode-4/data/ratis/b369c1e5-234a-4e06-ae16-d5aba948d560] INFO  impl.RaftServerImpl (ServerState.java:close(394)) - f85b420b-0060-4bb9-9f68-598eed9b442f:group-D5ABA948D560 closes. The last applied log index is -1
2019-09-12 10:32:22,737 [f85b420b-0060-4bb9-9f68-598eed9b442f-SegmentedRaftLogWorker:Storage Directory /workdir/hadoop-ozone/integration-test/target/test-dir/MiniOzoneClusterImpl-39631bd2-f83c-4f24-acb2-4c1b273f2694/datanode-4/data/ratis/6232cc96-e05a-445c-abd0-5dc5b2da0026] INFO  impl.StateMachineUpdater (StateMachineUpdater.java:stopAndJoin(115)) - StateMachineUpdater:f85b420b-0060-4bb9-9f68-598eed9b442f:group-5DC5B2DA0026: set stopIndex = -1
2019-09-12 10:32:23,584 [f85b420b-0060-4bb9-9f68-598eed9b442f-SegmentedRaftLogWorker:Storage Directory /workdir/hadoop-ozone/integration-test/target/test-dir/MiniOzoneClusterImpl-39631bd2-f83c-4f24-acb2-4c1b273f2694/datanode-4/data/ratis/6232cc96-e05a-445c-abd0-5dc5b2da0026] INFO  impl.RaftServerImpl (ServerState.java:close(394)) - f85b420b-0060-4bb9-9f68-598eed9b442f:group-5DC5B2DA0026 closes. The last applied log index is -1
2019-09-12 10:32:22,721 [2df0b56f-bcaf-45a1-b35e-f30a30c5f26c:group-F6ED8DF83672:LeaderElection156] INFO  impl.LeaderElection (LeaderElection.java:askForVotes(181)) - 2df0b56f-bcaf-45a1-b35e-f30a30c5f26c:group-F6ED8DF83672:LeaderElection156: begin an election at term 1 for -1: [2df0b56f-bcaf-45a1-b35e-f30a30c5f26c:192.168.36.114:36485], old=null
2019-09-12 10:32:22,721 [edb6c4a3-9bf1-4f2e-8ef0-c37d9a0378de:group-2213AA8565FB:LeaderElection158] INFO  impl.LeaderElection (LeaderElection.java:askForVotes(181)) - edb6c4a3-9bf1-4f2e-8ef0-c37d9a0378de:group-2213AA8565FB:LeaderElection158: begin an election at term 1 for -1: [edb6c4a3-9bf1-4f2e-8ef0-c37d9a0378de:192.168.36.114:33776], old=null
2019-09-12 10:32:22,721 [edb6c4a3-9bf1-4f2e-8ef0-c37d9a0378de:group-F32505E861B0:LeaderElection157] INFO  impl.LeaderElection (LeaderElection.java:askForVotes(181)) - edb6c4a3-9bf1-4f2e-8ef0-c37d9a0378de:group-F32505E861B0:LeaderElection157: begin an election at term 1 for -1: [edb6c4a3-9bf1-4f2e-8ef0-c37d9a0378de:192.168.36.114:33776], old=null
2019-09-12 10:32:22,307 [f85b420b-0060-4bb9-9f68-598eed9b442f:group-141DB36F1FC4:LeaderElection142] INFO  impl.RaftServerImpl (ServerState.java:setRaftConf(361)) - f85b420b-0060-4bb9-9f68-598eed9b442f:group-141DB36F1FC4 set configuration 0: [f85b420b-0060-4bb9-9f68-598eed9b442f:192.168.36.114:39826], old=null at 0
2019-09-12 10:32:22,307 [f8fc8350-8b83-4a15-89e6-430db21616f7-SegmentedRaftLogWorker:Storage Directory /workdir/hadoop-ozone/integration-test/target/test-dir/MiniOzoneClusterImpl-39631bd2-f83c-4f24-acb2-4c1b273f2694/datanode-5/data/ratis/94d28abe-6b2e-4c7b-a631-03200ecfaf5c] INFO  impl.StateMachineUpdater (StateMachineUpdater.java:stopAndJoin(115)) - StateMachineUpdater:f8fc8350-8b83-4a15-89e6-430db21616f7:group-03200ECFAF5C: set stopIndex = -1
2019-09-12 10:32:22,307 [2df0b56f-bcaf-45a1-b35e-f30a30c5f26c-SegmentedRaftLogWorker:Storage Directory /workdir/hadoop-ozone/integration-test/target/test-dir/MiniOzoneClusterImpl-39631bd2-f83c-4f24-acb2-4c1b273f2694/datanode-3/data/ratis/39202d9b-fb7b-4bcf-9eb7-9be5978d5997] INFO  segmented.SegmentedRaftLogWorker (SegmentedRaftLogWorker.java:close(228)) - 2df0b56f-bcaf-45a1-b35e-f30a30c5f26c-SegmentedRaftLogWorker:Storage Directory /workdir/hadoop-ozone/integration-test/target/test-dir/MiniOzoneClusterImpl-39631bd2-f83c-4f24-acb2-4c1b273f2694/datanode-3/data/ratis/39202d9b-fb7b-4bcf-9eb7-9be5978d5997 close()
2019-09-12 10:32:23,585 [f8fc8350-8b83-4a15-89e6-430db21616f7-SegmentedRaftLogWorker:Storage Directory /workdir/hadoop-ozone/integration-test/target/test-dir/MiniOzoneClusterImpl-39631bd2-f83c-4f24-acb2-4c1b273f2694/datanode-5/data/ratis/94d28abe-6b2e-4c7b-a631-03200ecfaf5c] INFO  impl.RaftServerImpl (ServerState.java:close(394)) - f8fc8350-8b83-4a15-89e6-430db21616f7:group-03200ECFAF5C closes. The last applied log index is -1
2019-09-12 10:32:23,585 [edb6c4a3-9bf1-4f2e-8ef0-c37d9a0378de:group-F32505E861B0:LeaderElection157] INFO  impl.RoleInfo (RoleInfo.java:shutdownLeaderElection(134)) - edb6c4a3-9bf1-4f2e-8ef0-c37d9a0378de: shutdown LeaderElection
2019-09-12 10:32:23,585 [edb6c4a3-9bf1-4f2e-8ef0-c37d9a0378de:group-2213AA8565FB:LeaderElection158] INFO  impl.RoleInfo (RoleInfo.java:shutdownLeaderElection(134)) - edb6c4a3-9bf1-4f2e-8ef0-c37d9a0378de: shutdown LeaderElection
2019-09-12 10:32:23,585 [2df0b56f-bcaf-45a1-b35e-f30a30c5f26c:group-F6ED8DF83672:LeaderElection156] INFO  impl.RoleInfo (RoleInfo.java:shutdownLeaderElection(134)) - 2df0b56f-bcaf-45a1-b35e-f30a30c5f26c: shutdown LeaderElection
2019-09-12 10:32:23,604 [2df0b56f-bcaf-45a1-b35e-f30a30c5f26c:group-F6ED8DF83672:LeaderElection156] INFO  impl.RaftServerImpl (RaftServerImpl.java:setRole(171)) - 2df0b56f-bcaf-45a1-b35e-f30a30c5f26c:group-F6ED8DF83672 changes role from CANDIDATE to LEADER at term 1 for changeToLeader
2019-09-12 10:32:23,584 [f85b420b-0060-4bb9-9f68-598eed9b442f-SegmentedRaftLogWorker:Storage Directory /workdir/hadoop-ozone/integration-test/target/test-dir/MiniOzoneClusterImpl-39631bd2-f83c-4f24-acb2-4c1b273f2694/datanode-4/data/ratis/6232cc96-e05a-445c-abd0-5dc5b2da0026] INFO  segmented.SegmentedRaftLogWorker (SegmentedRaftLogWorker.java:close(228)) - f85b420b-0060-4bb9-9f68-598eed9b442f-SegmentedRaftLogWorker:Storage Directory /workdir/hadoop-ozone/integration-test/target/test-dir/MiniOzoneClusterImpl-39631bd2-f83c-4f24-acb2-4c1b273f2694/datanode-4/data/ratis/6232cc96-e05a-445c-abd0-5dc5b2da0026 close()
2019-09-12 10:32:23,584 [f85b420b-0060-4bb9-9f68-598eed9b442f-SegmentedRaftLogWorker:Storage Directory /workdir/hadoop-ozone/integration-test/target/test-dir/MiniOzoneClusterImpl-39631bd2-f83c-4f24-acb2-4c1b273f2694/datanode-4/data/ratis/b369c1e5-234a-4e06-ae16-d5aba948d560] INFO  segmented.SegmentedRaftLogWorker (SegmentedRaftLogWorker.java:close(228)) - f85b420b-0060-4bb9-9f68-598eed9b442f-SegmentedRaftLogWorker:Storage Directory /workdir/hadoop-ozone/integration-test/target/test-dir/MiniOzoneClusterImpl-39631bd2-f83c-4f24-acb2-4c1b273f2694/datanode-4/data/ratis/b369c1e5-234a-4e06-ae16-d5aba948d560 close()
2019-09-12 10:32:23,545 [Thread-1570] INFO  impl.RoleInfo (RoleInfo.java:shutdownFollowerState(121)) - a95fd1d5-e9a9-4526-b4c7-6aa1a85e40e9: shutdown FollowerState
2019-09-12 10:32:23,545 [Thread-1564] INFO  impl.RoleInfo (RoleInfo.java:shutdownFollowerState(121)) - a95fd1d5-e9a9-4526-b4c7-6aa1a85e40e9: shutdown FollowerState
2019-09-12 10:32:23,634 [Thread-1564] INFO  impl.RaftServerImpl (RaftServerImpl.java:setRole(171)) - a95fd1d5-e9a9-4526-b4c7-6aa1a85e40e9:group-220D3FE9F144 changes role from FOLLOWER to CANDIDATE at term 0 for changeToCandidate
2019-09-12 10:32:23,545 [f85b420b-0060-4bb9-9f68-598eed9b442f-SegmentedRaftLogWorker:Storage Directory /workdir/hadoop-ozone/integration-test/target/test-dir/MiniOzoneClusterImpl-39631bd2-f83c-4f24-acb2-4c1b273f2694/datanode-4/data/ratis/7c3cfe50-dccc-475c-aa50-17d40e37c2df] INFO  impl.RaftServerImpl (RaftServerImpl.java:lambda$shutdown$3(245)) - f85b420b-0060-4bb9-9f68-598eed9b442f: shutdown group-17D40E37C2DF
2019-09-12 10:32:23,545 [f8fc8350-8b83-4a15-89e6-430db21616f7-SegmentedRaftLogWorker:Storage Directory /workdir/hadoop-ozone/integration-test/target/test-dir/MiniOzoneClusterImpl-39631bd2-f83c-4f24-acb2-4c1b273f2694/datanode-5/data/ratis/e8c866ed-b54e-4519-b9ce-96015ad63434] INFO  impl.RaftServerImpl (RaftServerImpl.java:lambda$shutdown$3(245)) - f8fc8350-8b83-4a15-89e6-430db21616f7: shutdown group-96015AD63434
2019-09-12 10:32:23,531 [f8fc8350-8b83-4a15-89e6-430db21616f7-SegmentedRaftLogWorker:Storage Directory /workdir/hadoop-ozone/integration-test/target/test-dir/MiniOzoneClusterImpl-39631bd2-f83c-4f24-acb2-4c1b273f2694/datanode-5/data/ratis/460a33c1-f0e6-446f-9331-3bda3d0903b3] ERROR segmented.SegmentedRaftLogWorker (SegmentedRaftLogWorker.java:run(323)) - f8fc8350-8b83-4a15-89e6-430db21616f7-SegmentedRaftLogWorker:Storage Directory /workdir/hadoop-ozone/integration-test/target/test-dir/MiniOzoneClusterImpl-39631bd2-f83c-4f24-acb2-4c1b273f2694/datanode-5/data/ratis/460a33c1-f0e6-446f-9331-3bda3d0903b3 hit exception
java.lang.OutOfMemoryError: Direct buffer memory
	at java.nio.Bits.reserveMemory(Bits.java:666)
	at java.nio.DirectByteBuffer.<init>(DirectByteBuffer.java:123)
	at java.nio.ByteBuffer.allocateDirect(ByteBuffer.java:311)
	at org.apache.ratis.server.raftlog.segmented.BufferedWriteChannel.<init>(BufferedWriteChannel.java:41)
	at org.apache.ratis.server.raftlog.segmented.SegmentedRaftLogOutputStream.<init>(SegmentedRaftLogOutputStream.java:72)
	at org.apache.ratis.server.raftlog.segmented.SegmentedRaftLogWorker$StartLogSegment.execute(SegmentedRaftLogWorker.java:566)
	at org.apache.ratis.server.raftlog.segmented.SegmentedRaftLogWorker.run(SegmentedRaftLogWorker.java:289)
	at java.lang.Thread.run(Thread.java:748)
2019-09-12 10:32:23,634 [f8fc8350-8b83-4a15-89e6-430db21616f7-SegmentedRaftLogWorker:Storage Directory /workdir/hadoop-ozone/integration-test/target/test-dir/MiniOzoneClusterImpl-39631bd2-f83c-4f24-acb2-4c1b273f2694/datanode-5/data/ratis/460a33c1-f0e6-446f-9331-3bda3d0903b3] INFO  impl.RaftServerImpl (RaftServerImpl.java:lambda$shutdown$3(245)) - f8fc8350-8b83-4a15-89e6-430db21616f7: shutdown group-3BDA3D0903B3
2019-09-12 10:32:23,174 [a95fd1d5-e9a9-4526-b4c7-6aa1a85e40e9:group-1CB2C2BA02ED:LeaderElection154] INFO  impl.RaftServerImpl (ServerState.java:setRaftConf(361)) - a95fd1d5-e9a9-4526-b4c7-6aa1a85e40e9:group-1CB2C2BA02ED set configuration 0: [a95fd1d5-e9a9-4526-b4c7-6aa1a85e40e9:192.168.36.114:44353], old=null at 0
2019-09-12 10:32:23,174 [main] INFO  db.DBStoreBuilder (DBStoreBuilder.java:addTable(110)) - using custom profile for table: s3SecretTable
2019-09-12 10:32:23,173 [a95fd1d5-e9a9-4526-b4c7-6aa1a85e40e9:group-63E39A8AA019:LeaderElection155] INFO  server.RaftServerConfigKeys (ConfUtils.java:logGet(43)) - raft.server.watch.element-limit = 65536 (default)
2019-09-12 10:32:23,173 [57729e88-c64a-441d-a40e-ceaddf64552e-SegmentedRaftLogWorker:Storage Directory /workdir/hadoop-ozone/integration-test/target/test-dir/MiniOzoneClusterImpl-39631bd2-f83c-4f24-acb2-4c1b273f2694/datanode-1/data/ratis/b78cb103-c3af-48b2-b7ac-423d56e48233] INFO  segmented.SegmentedRaftLogWorker (SegmentedRaftLogWorker.java:close(228)) - 57729e88-c64a-441d-a40e-ceaddf64552e-SegmentedRaftLogWorker:Storage Directory /workdir/hadoop-ozone/integration-test/target/test-dir/MiniOzoneClusterImpl-39631bd2-f83c-4f24-acb2-4c1b273f2694/datanode-1/data/ratis/b78cb103-c3af-48b2-b7ac-423d56e48233 close()
2019-09-12 10:32:23,635 [a95fd1d5-e9a9-4526-b4c7-6aa1a85e40e9:group-63E39A8AA019:LeaderElection155] INFO  impl.RoleInfo (RoleInfo.java:updateAndGet(143)) - a95fd1d5-e9a9-4526-b4c7-6aa1a85e40e9: start LeaderState
2019-09-12 10:32:23,173 [a95fd1d5-e9a9-4526-b4c7-6aa1a85e40e9:group-01B47FFBFEC3:LeaderElection153] INFO  segmented.SegmentedRaftLogWorker (SegmentedRaftLogWorker.java:startLogSegment(380)) - a95fd1d5-e9a9-4526-b4c7-6aa1a85e40e9-SegmentedRaftLogWorker:Storage Directory /workdir/hadoop-ozone/integration-test/target/test-dir/MiniOzoneClusterImpl-39631bd2-f83c-4f24-acb2-4c1b273f2694/datanode-0/data/ratis/77f1372d-ffe7-441f-a1fc-01b47ffbfec3: Starting segment from index:0
2019-09-12 10:32:23,650 [a95fd1d5-e9a9-4526-b4c7-6aa1a85e40e9:group-63E39A8AA019:LeaderElection155] INFO  segmented.SegmentedRaftLogWorker (SegmentedRaftLogWorker.java:startLogSegment(380)) - a95fd1d5-e9a9-4526-b4c7-6aa1a85e40e9-SegmentedRaftLogWorker:Storage Directory /workdir/hadoop-ozone/integration-test/target/test-dir/MiniOzoneClusterImpl-39631bd2-f83c-4f24-acb2-4c1b273f2694/datanode-0/data/ratis/b9405b0b-c398-4b69-a4b6-63e39a8aa019: Starting segment from index:0
2019-09-12 10:32:23,635 [main] INFO  db.DBStoreBuilder (DBStoreBuilder.java:processTables(161)) - Using default column profile:DBProfile.DISK for Table:s3SecretTable
2019-09-12 10:32:23,635 [f8fc8350-8b83-4a15-89e6-430db21616f7-SegmentedRaftLogWorker:Storage Directory /workdir/hadoop-ozone/integration-test/target/test-dir/MiniOzoneClusterImpl-39631bd2-f83c-4f24-acb2-4c1b273f2694/datanode-5/data/ratis/460a33c1-f0e6-446f-9331-3bda3d0903b3] INFO  util.JmxRegister (JmxRegister.java:unregister(73)) - Successfully un-registered JMX Bean with object name Ratis:service=RaftServer,group=group-3BDA3D0903B3,id=f8fc8350-8b83-4a15-89e6-430db21616f7
2019-09-12 10:32:24,386 [a95fd1d5-e9a9-4526-b4c7-6aa1a85e40e9:group-63E39A8AA019:LeaderElection155] INFO  impl.RaftServerImpl (ServerState.java:setRaftConf(361)) - a95fd1d5-e9a9-4526-b4c7-6aa1a85e40e9:group-63E39A8AA019 set configuration 0: [a95fd1d5-e9a9-4526-b4c7-6aa1a85e40e9:192.168.36.114:44353], old=null at 0
2019-09-12 10:32:23,634 [f8fc8350-8b83-4a15-89e6-430db21616f7-SegmentedRaftLogWorker:Storage Directory /workdir/hadoop-ozone/integration-test/target/test-dir/MiniOzoneClusterImpl-39631bd2-f83c-4f24-acb2-4c1b273f2694/datanode-5/data/ratis/e8c866ed-b54e-4519-b9ce-96015ad63434] INFO  util.JmxRegister (JmxRegister.java:unregister(73)) - Successfully un-registered JMX Bean with object name Ratis:service=RaftServer,group=group-96015AD63434,id=f8fc8350-8b83-4a15-89e6-430db21616f7
2019-09-12 10:32:23,634 [f85b420b-0060-4bb9-9f68-598eed9b442f-SegmentedRaftLogWorker:Storage Directory /workdir/hadoop-ozone/integration-test/target/test-dir/MiniOzoneClusterImpl-39631bd2-f83c-4f24-acb2-4c1b273f2694/datanode-4/data/ratis/7c3cfe50-dccc-475c-aa50-17d40e37c2df] INFO  util.JmxRegister (JmxRegister.java:unregister(73)) - Successfully un-registered JMX Bean with object name Ratis:service=RaftServer,group=group-17D40E37C2DF,id=f85b420b-0060-4bb9-9f68-598eed9b442f
2019-09-12 10:32:23,634 [Thread-1564] INFO  impl.RoleInfo (RoleInfo.java:updateAndGet(143)) - a95fd1d5-e9a9-4526-b4c7-6aa1a85e40e9: start LeaderElection
2019-09-12 10:32:23,634 [Thread-1570] INFO  impl.RaftServerImpl (RaftServerImpl.java:setRole(171)) - a95fd1d5-e9a9-4526-b4c7-6aa1a85e40e9:group-0A1A55BC3C3C changes role from FOLLOWER to CANDIDATE at term 0 for changeToCandidate
2019-09-12 10:32:23,604 [2df0b56f-bcaf-45a1-b35e-f30a30c5f26c:group-F6ED8DF83672:LeaderElection156] INFO  impl.RaftServerImpl (ServerState.java:setLeader(263)) - 2df0b56f-bcaf-45a1-b35e-f30a30c5f26c:group-F6ED8DF83672 change Leader from null to 2df0b56f-bcaf-45a1-b35e-f30a30c5f26c at term 1 for becomeLeader, leader elected after 14589ms
2019-09-12 10:32:23,604 [edb6c4a3-9bf1-4f2e-8ef0-c37d9a0378de:group-2213AA8565FB:LeaderElection158] INFO  impl.RaftServerImpl (RaftServerImpl.java:setRole(171)) - edb6c4a3-9bf1-4f2e-8ef0-c37d9a0378de:group-2213AA8565FB changes role from CANDIDATE to LEADER at term 1 for changeToLeader
2019-09-12 10:32:23,604 [edb6c4a3-9bf1-4f2e-8ef0-c37d9a0378de:group-F32505E861B0:LeaderElection157] INFO  impl.RaftServerImpl (RaftServerImpl.java:setRole(171)) - edb6c4a3-9bf1-4f2e-8ef0-c37d9a0378de:group-F32505E861B0 changes role from CANDIDATE to LEADER at term 1 for changeToLeader
2019-09-12 10:32:23,603 [f8fc8350-8b83-4a15-89e6-430db21616f7-SegmentedRaftLogWorker:Storage Directory /workdir/hadoop-ozone/integration-test/target/test-dir/MiniOzoneClusterImpl-39631bd2-f83c-4f24-acb2-4c1b273f2694/datanode-5/data/ratis/94d28abe-6b2e-4c7b-a631-03200ecfaf5c] INFO  segmented.SegmentedRaftLogWorker (SegmentedRaftLogWorker.java:close(228)) - f8fc8350-8b83-4a15-89e6-430db21616f7-SegmentedRaftLogWorker:Storage Directory /workdir/hadoop-ozone/integration-test/target/test-dir/MiniOzoneClusterImpl-39631bd2-f83c-4f24-acb2-4c1b273f2694/datanode-5/data/ratis/94d28abe-6b2e-4c7b-a631-03200ecfaf5c close()
2019-09-12 10:32:24,388 [edb6c4a3-9bf1-4f2e-8ef0-c37d9a0378de:group-F32505E861B0:LeaderElection157] INFO  impl.RaftServerImpl (ServerState.java:setLeader(263)) - edb6c4a3-9bf1-4f2e-8ef0-c37d9a0378de:group-F32505E861B0 change Leader from null to edb6c4a3-9bf1-4f2e-8ef0-c37d9a0378de at term 1 for becomeLeader, leader elected after 16170ms
2019-09-12 10:32:24,388 [edb6c4a3-9bf1-4f2e-8ef0-c37d9a0378de:group-2213AA8565FB:LeaderElection158] INFO  impl.RaftServerImpl (ServerState.java:setLeader(263)) - edb6c4a3-9bf1-4f2e-8ef0-c37d9a0378de:group-2213AA8565FB change Leader from null to edb6c4a3-9bf1-4f2e-8ef0-c37d9a0378de at term 1 for becomeLeader, leader elected after 16254ms
2019-09-12 10:32:24,388 [2df0b56f-bcaf-45a1-b35e-f30a30c5f26c:group-F6ED8DF83672:LeaderElection156] INFO  server.RaftServerConfigKeys (ConfUtils.java:logGet(43)) - raft.server.staging.catchup.gap = 1000 (default)
2019-09-12 10:32:24,459 [2df0b56f-bcaf-45a1-b35e-f30a30c5f26c:group-F6ED8DF83672:LeaderElection156] INFO  server.RaftServerConfigKeys (ConfUtils.java:logGet(43)) - raft.server.rpc.sleep.time = 25ms (default)
2019-09-12 10:32:24,387 [Thread-1570] INFO  impl.RoleInfo (RoleInfo.java:updateAndGet(143)) - a95fd1d5-e9a9-4526-b4c7-6aa1a85e40e9: start LeaderElection
2019-09-12 10:32:24,387 [f85b420b-0060-4bb9-9f68-598eed9b442f-SegmentedRaftLogWorker:Storage Directory /workdir/hadoop-ozone/integration-test/target/test-dir/MiniOzoneClusterImpl-39631bd2-f83c-4f24-acb2-4c1b273f2694/datanode-4/data/ratis/7c3cfe50-dccc-475c-aa50-17d40e37c2df] INFO  impl.RoleInfo (RoleInfo.java:shutdownLeaderState(104)) - f85b420b-0060-4bb9-9f68-598eed9b442f: shutdown LeaderState
2019-09-12 10:32:24,387 [f8fc8350-8b83-4a15-89e6-430db21616f7-SegmentedRaftLogWorker:Storage Directory /workdir/hadoop-ozone/integration-test/target/test-dir/MiniOzoneClusterImpl-39631bd2-f83c-4f24-acb2-4c1b273f2694/datanode-5/data/ratis/e8c866ed-b54e-4519-b9ce-96015ad63434] INFO  impl.RoleInfo (RoleInfo.java:shutdownLeaderState(104)) - f8fc8350-8b83-4a15-89e6-430db21616f7: shutdown LeaderState
2019-09-12 10:32:24,386 [f8fc8350-8b83-4a15-89e6-430db21616f7-SegmentedRaftLogWorker:Storage Directory /workdir/hadoop-ozone/integration-test/target/test-dir/MiniOzoneClusterImpl-39631bd2-f83c-4f24-acb2-4c1b273f2694/datanode-5/data/ratis/460a33c1-f0e6-446f-9331-3bda3d0903b3] INFO  impl.RoleInfo (RoleInfo.java:shutdownLeaderState(104)) - f8fc8350-8b83-4a15-89e6-430db21616f7: shutdown LeaderState
2019-09-12 10:32:24,386 [main] INFO  db.DBStoreBuilder (DBStoreBuilder.java:addTable(110)) - using custom profile for table: prefixTable
2019-09-12 10:32:24,460 [main] INFO  db.DBStoreBuilder (DBStoreBuilder.java:processTables(161)) - Using default column profile:DBProfile.DISK for Table:prefixTable
2019-09-12 10:32:24,386 [f8fc8350-8b83-4a15-89e6-430db21616f7-SegmentedRaftLogWorker:Storage Directory /workdir/hadoop-ozone/integration-test/target/test-dir/MiniOzoneClusterImpl-39631bd2-f83c-4f24-acb2-4c1b273f2694/datanode-5/data/ratis/58fb2d82-72b5-4e91-abfb-4da1475890e7] ERROR segmented.SegmentedRaftLogWorker (SegmentedRaftLogWorker.java:run(323)) - f8fc8350-8b83-4a15-89e6-430db21616f7-SegmentedRaftLogWorker:Storage Directory /workdir/hadoop-ozone/integration-test/target/test-dir/MiniOzoneClusterImpl-39631bd2-f83c-4f24-acb2-4c1b273f2694/datanode-5/data/ratis/58fb2d82-72b5-4e91-abfb-4da1475890e7 hit exception
java.lang.OutOfMemoryError: Direct buffer memory
	at java.nio.Bits.reserveMemory(Bits.java:666)
	at java.nio.DirectByteBuffer.<init>(DirectByteBuffer.java:123)
	at java.nio.ByteBuffer.allocateDirect(ByteBuffer.java:311)
	at org.apache.ratis.server.raftlog.segmented.BufferedWriteChannel.<init>(BufferedWriteChannel.java:41)
	at org.apache.ratis.server.raftlog.segmented.SegmentedRaftLogOutputStream.<init>(SegmentedRaftLogOutputStream.java:72)
	at org.apache.ratis.server.raftlog.segmented.SegmentedRaftLogWorker$StartLogSegment.execute(SegmentedRaftLogWorker.java:566)
	at org.apache.ratis.server.raftlog.segmented.SegmentedRaftLogWorker.run(SegmentedRaftLogWorker.java:289)
	at java.lang.Thread.run(Thread.java:748)
2019-09-12 10:32:24,386 [f8fc8350-8b83-4a15-89e6-430db21616f7-SegmentedRaftLogWorker:Storage Directory /workdir/hadoop-ozone/integration-test/target/test-dir/MiniOzoneClusterImpl-39631bd2-f83c-4f24-acb2-4c1b273f2694/datanode-5/data/ratis/9ba34203-ba82-45b9-b557-b74ba9b994ce] ERROR segmented.SegmentedRaftLogWorker (SegmentedRaftLogWorker.java:run(323)) - f8fc8350-8b83-4a15-89e6-430db21616f7-SegmentedRaftLogWorker:Storage Directory /workdir/hadoop-ozone/integration-test/target/test-dir/MiniOzoneClusterImpl-39631bd2-f83c-4f24-acb2-4c1b273f2694/datanode-5/data/ratis/9ba34203-ba82-45b9-b557-b74ba9b994ce hit exception
java.lang.OutOfMemoryError: Direct buffer memory
	at java.nio.Bits.reserveMemory(Bits.java:666)
	at java.nio.DirectByteBuffer.<init>(DirectByteBuffer.java:123)
	at java.nio.ByteBuffer.allocateDirect(ByteBuffer.java:311)
	at org.apache.ratis.server.raftlog.segmented.BufferedWriteChannel.<init>(BufferedWriteChannel.java:41)
	at org.apache.ratis.server.raftlog.segmented.SegmentedRaftLogOutputStream.<init>(SegmentedRaftLogOutputStream.java:72)
	at org.apache.ratis.server.raftlog.segmented.SegmentedRaftLogWorker$StartLogSegment.execute(SegmentedRaftLogWorker.java:566)
	at org.apache.ratis.server.raftlog.segmented.SegmentedRaftLogWorker.run(SegmentedRaftLogWorker.java:289)
	at java.lang.Thread.run(Thread.java:748)
2019-09-12 10:32:24,461 [f8fc8350-8b83-4a15-89e6-430db21616f7-SegmentedRaftLogWorker:Storage Directory /workdir/hadoop-ozone/integration-test/target/test-dir/MiniOzoneClusterImpl-39631bd2-f83c-4f24-acb2-4c1b273f2694/datanode-5/data/ratis/9ba34203-ba82-45b9-b557-b74ba9b994ce] INFO  impl.RaftServerImpl (RaftServerImpl.java:lambda$shutdown$3(245)) - f8fc8350-8b83-4a15-89e6-430db21616f7: shutdown group-B74BA9B994CE
2019-09-12 10:32:24,386 [f85b420b-0060-4bb9-9f68-598eed9b442f-SegmentedRaftLogWorker:Storage Directory /workdir/hadoop-ozone/integration-test/target/test-dir/MiniOzoneClusterImpl-39631bd2-f83c-4f24-acb2-4c1b273f2694/datanode-4/data/ratis/20d9b5fb-01ee-44c5-b6df-13abb81b8ef4] ERROR segmented.SegmentedRaftLogWorker (SegmentedRaftLogWorker.java:run(323)) - f85b420b-0060-4bb9-9f68-598eed9b442f-SegmentedRaftLogWorker:Storage Directory /workdir/hadoop-ozone/integration-test/target/test-dir/MiniOzoneClusterImpl-39631bd2-f83c-4f24-acb2-4c1b273f2694/datanode-4/data/ratis/20d9b5fb-01ee-44c5-b6df-13abb81b8ef4 hit exception
java.lang.OutOfMemoryError: Direct buffer memory
	at java.nio.Bits.reserveMemory(Bits.java:666)
	at java.nio.DirectByteBuffer.<init>(DirectByteBuffer.java:123)
	at java.nio.ByteBuffer.allocateDirect(ByteBuffer.java:311)
	at org.apache.ratis.server.raftlog.segmented.BufferedWriteChannel.<init>(BufferedWriteChannel.java:41)
	at org.apache.ratis.server.raftlog.segmented.SegmentedRaftLogOutputStream.<init>(SegmentedRaftLogOutputStream.java:72)
	at org.apache.ratis.server.raftlog.segmented.SegmentedRaftLogWorker$StartLogSegment.execute(SegmentedRaftLogWorker.java:566)
	at org.apache.ratis.server.raftlog.segmented.SegmentedRaftLogWorker.run(SegmentedRaftLogWorker.java:289)
	at java.lang.Thread.run(Thread.java:748)
2019-09-12 10:32:24,462 [f85b420b-0060-4bb9-9f68-598eed9b442f-SegmentedRaftLogWorker:Storage Directory /workdir/hadoop-ozone/integration-test/target/test-dir/MiniOzoneClusterImpl-39631bd2-f83c-4f24-acb2-4c1b273f2694/datanode-4/data/ratis/20d9b5fb-01ee-44c5-b6df-13abb81b8ef4] INFO  impl.RaftServerImpl (RaftServerImpl.java:lambda$shutdown$3(245)) - f85b420b-0060-4bb9-9f68-598eed9b442f: shutdown group-13ABB81B8EF4
2019-09-12 10:32:24,386 [f85b420b-0060-4bb9-9f68-598eed9b442f-SegmentedRaftLogWorker:Storage Directory /workdir/hadoop-ozone/integration-test/target/test-dir/MiniOzoneClusterImpl-39631bd2-f83c-4f24-acb2-4c1b273f2694/datanode-4/data/ratis/e0d34fd1-47c0-453b-aa5c-8a5638f4f372] ERROR segmented.SegmentedRaftLogWorker (SegmentedRaftLogWorker.java:run(323)) - f85b420b-0060-4bb9-9f68-598eed9b442f-SegmentedRaftLogWorker:Storage Directory /workdir/hadoop-ozone/integration-test/target/test-dir/MiniOzoneClusterImpl-39631bd2-f83c-4f24-acb2-4c1b273f2694/datanode-4/data/ratis/e0d34fd1-47c0-453b-aa5c-8a5638f4f372 hit exception
java.lang.OutOfMemoryError: Direct buffer memory
	at java.nio.Bits.reserveMemory(Bits.java:666)
	at java.nio.DirectByteBuffer.<init>(DirectByteBuffer.java:123)
	at java.nio.ByteBuffer.allocateDirect(ByteBuffer.java:311)
	at org.apache.ratis.server.raftlog.segmented.BufferedWriteChannel.<init>(BufferedWriteChannel.java:41)
	at org.apache.ratis.server.raftlog.segmented.SegmentedRaftLogOutputStream.<init>(SegmentedRaftLogOutputStream.java:72)
	at org.apache.ratis.server.raftlog.segmented.SegmentedRaftLogWorker$StartLogSegment.execute(SegmentedRaftLogWorker.java:566)
	at org.apache.ratis.server.raftlog.segmented.SegmentedRaftLogWorker.run(SegmentedRaftLogWorker.java:289)
	at java.lang.Thread.run(Thread.java:748)
2019-09-12 10:32:24,462 [f85b420b-0060-4bb9-9f68-598eed9b442f-SegmentedRaftLogWorker:Storage Directory /workdir/hadoop-ozone/integration-test/target/test-dir/MiniOzoneClusterImpl-39631bd2-f83c-4f24-acb2-4c1b273f2694/datanode-4/data/ratis/e0d34fd1-47c0-453b-aa5c-8a5638f4f372] INFO  impl.RaftServerImpl (RaftServerImpl.java:lambda$shutdown$3(245)) - f85b420b-0060-4bb9-9f68-598eed9b442f: shutdown group-8A5638F4F372
2019-09-12 10:32:23,654 [a95fd1d5-e9a9-4526-b4c7-6aa1a85e40e9:group-01B47FFBFEC3:LeaderElection153] INFO  impl.RaftServerImpl (ServerState.java:setRaftConf(361)) - a95fd1d5-e9a9-4526-b4c7-6aa1a85e40e9:group-01B47FFBFEC3 set configuration 0: [a95fd1d5-e9a9-4526-b4c7-6aa1a85e40e9:192.168.36.114:44353], old=null at 0
2019-09-12 10:32:24,462 [f85b420b-0060-4bb9-9f68-598eed9b442f-SegmentedRaftLogWorker:Storage Directory /workdir/hadoop-ozone/integration-test/target/test-dir/MiniOzoneClusterImpl-39631bd2-f83c-4f24-acb2-4c1b273f2694/datanode-4/data/ratis/e0d34fd1-47c0-453b-aa5c-8a5638f4f372] INFO  util.JmxRegister (JmxRegister.java:unregister(73)) - Successfully un-registered JMX Bean with object name Ratis:service=RaftServer,group=group-8A5638F4F372,id=f85b420b-0060-4bb9-9f68-598eed9b442f
2019-09-12 10:32:24,463 [f85b420b-0060-4bb9-9f68-598eed9b442f-SegmentedRaftLogWorker:Storage Directory /workdir/hadoop-ozone/integration-test/target/test-dir/MiniOzoneClusterImpl-39631bd2-f83c-4f24-acb2-4c1b273f2694/datanode-4/data/ratis/e0d34fd1-47c0-453b-aa5c-8a5638f4f372] INFO  impl.RoleInfo (RoleInfo.java:shutdownLeaderState(104)) - f85b420b-0060-4bb9-9f68-598eed9b442f: shutdown LeaderState
2019-09-12 10:32:24,462 [f85b420b-0060-4bb9-9f68-598eed9b442f-SegmentedRaftLogWorker:Storage Directory /workdir/hadoop-ozone/integration-test/target/test-dir/MiniOzoneClusterImpl-39631bd2-f83c-4f24-acb2-4c1b273f2694/datanode-4/data/ratis/20d9b5fb-01ee-44c5-b6df-13abb81b8ef4] INFO  util.JmxRegister (JmxRegister.java:unregister(73)) - Successfully un-registered JMX Bean with object name Ratis:service=RaftServer,group=group-13ABB81B8EF4,id=f85b420b-0060-4bb9-9f68-598eed9b442f
2019-09-12 10:32:24,461 [f8fc8350-8b83-4a15-89e6-430db21616f7-SegmentedRaftLogWorker:Storage Directory /workdir/hadoop-ozone/integration-test/target/test-dir/MiniOzoneClusterImpl-39631bd2-f83c-4f24-acb2-4c1b273f2694/datanode-5/data/ratis/9ba34203-ba82-45b9-b557-b74ba9b994ce] INFO  util.JmxRegister (JmxRegister.java:unregister(73)) - Successfully un-registered JMX Bean with object name Ratis:service=RaftServer,group=group-B74BA9B994CE,id=f8fc8350-8b83-4a15-89e6-430db21616f7
2019-09-12 10:32:24,463 [f8fc8350-8b83-4a15-89e6-430db21616f7-SegmentedRaftLogWorker:Storage Directory /workdir/hadoop-ozone/integration-test/target/test-dir/MiniOzoneClusterImpl-39631bd2-f83c-4f24-acb2-4c1b273f2694/datanode-5/data/ratis/9ba34203-ba82-45b9-b557-b74ba9b994ce] INFO  impl.RoleInfo (RoleInfo.java:shutdownLeaderState(104)) - f8fc8350-8b83-4a15-89e6-430db21616f7: shutdown LeaderState
2019-09-12 10:32:24,461 [f8fc8350-8b83-4a15-89e6-430db21616f7-SegmentedRaftLogWorker:Storage Directory /workdir/hadoop-ozone/integration-test/target/test-dir/MiniOzoneClusterImpl-39631bd2-f83c-4f24-acb2-4c1b273f2694/datanode-5/data/ratis/58fb2d82-72b5-4e91-abfb-4da1475890e7] INFO  impl.RaftServerImpl (RaftServerImpl.java:lambda$shutdown$3(245)) - f8fc8350-8b83-4a15-89e6-430db21616f7: shutdown group-4DA1475890E7
2019-09-12 10:32:24,461 [main] INFO  db.DBStoreBuilder (DBStoreBuilder.java:addTable(110)) - using custom profile for table: default
2019-09-12 10:32:24,464 [main] INFO  db.DBStoreBuilder (DBStoreBuilder.java:processTables(167)) - Using default column profile:DBProfile.DISK for Table:default
2019-09-12 10:32:24,460 [f8fc8350-8b83-4a15-89e6-430db21616f7-SegmentedRaftLogWorker:Storage Directory /workdir/hadoop-ozone/integration-test/target/test-dir/MiniOzoneClusterImpl-39631bd2-f83c-4f24-acb2-4c1b273f2694/datanode-5/data/ratis/460a33c1-f0e6-446f-9331-3bda3d0903b3] INFO  impl.PendingRequests (PendingRequests.java:sendNotLeaderResponses(202)) - f8fc8350-8b83-4a15-89e6-430db21616f7-PendingRequests: sendNotLeaderResponses
2019-09-12 10:32:24,460 [f8fc8350-8b83-4a15-89e6-430db21616f7-SegmentedRaftLogWorker:Storage Directory /workdir/hadoop-ozone/integration-test/target/test-dir/MiniOzoneClusterImpl-39631bd2-f83c-4f24-acb2-4c1b273f2694/datanode-5/data/ratis/e8c866ed-b54e-4519-b9ce-96015ad63434] INFO  impl.PendingRequests (PendingRequests.java:sendNotLeaderResponses(202)) - f8fc8350-8b83-4a15-89e6-430db21616f7-PendingRequests: sendNotLeaderResponses
2019-09-12 10:32:24,460 [f85b420b-0060-4bb9-9f68-598eed9b442f-SegmentedRaftLogWorker:Storage Directory /workdir/hadoop-ozone/integration-test/target/test-dir/MiniOzoneClusterImpl-39631bd2-f83c-4f24-acb2-4c1b273f2694/datanode-4/data/ratis/7c3cfe50-dccc-475c-aa50-17d40e37c2df] INFO  impl.PendingRequests (PendingRequests.java:sendNotLeaderResponses(202)) - f85b420b-0060-4bb9-9f68-598eed9b442f-PendingRequests: sendNotLeaderResponses
2019-09-12 10:32:24,459 [2df0b56f-bcaf-45a1-b35e-f30a30c5f26c:group-F6ED8DF83672:LeaderElection156] INFO  server.RaftServerConfigKeys (ConfUtils.java:logGet(43)) - raft.server.write.element-limit = 4096 (default)
2019-09-12 10:32:24,459 [edb6c4a3-9bf1-4f2e-8ef0-c37d9a0378de:group-2213AA8565FB:LeaderElection158] INFO  server.RaftServerConfigKeys (ConfUtils.java:logGet(43)) - raft.server.staging.catchup.gap = 1000 (default)
2019-09-12 10:32:24,458 [edb6c4a3-9bf1-4f2e-8ef0-c37d9a0378de:group-F32505E861B0:LeaderElection157] INFO  server.RaftServerConfigKeys (ConfUtils.java:logGet(43)) - raft.server.staging.catchup.gap = 1000 (default)
2019-09-12 10:32:24,465 [edb6c4a3-9bf1-4f2e-8ef0-c37d9a0378de:group-2213AA8565FB:LeaderElection158] INFO  server.RaftServerConfigKeys (ConfUtils.java:logGet(43)) - raft.server.rpc.sleep.time = 25ms (default)
2019-09-12 10:32:24,465 [2df0b56f-bcaf-45a1-b35e-f30a30c5f26c:group-F6ED8DF83672:LeaderElection156] INFO  server.RaftServerConfigKeys (ConfUtils.java:logGet(43)) - raft.server.watch.timeout = 10s (default)
2019-09-12 10:32:24,464 [f8fc8350-8b83-4a15-89e6-430db21616f7-SegmentedRaftLogWorker:Storage Directory /workdir/hadoop-ozone/integration-test/target/test-dir/MiniOzoneClusterImpl-39631bd2-f83c-4f24-acb2-4c1b273f2694/datanode-5/data/ratis/e8c866ed-b54e-4519-b9ce-96015ad63434] INFO  impl.StateMachineUpdater (StateMachineUpdater.java:stopAndJoin(115)) - StateMachineUpdater:f8fc8350-8b83-4a15-89e6-430db21616f7:group-96015AD63434: set stopIndex = -1
2019-09-12 10:32:24,464 [f8fc8350-8b83-4a15-89e6-430db21616f7-SegmentedRaftLogWorker:Storage Directory /workdir/hadoop-ozone/integration-test/target/test-dir/MiniOzoneClusterImpl-39631bd2-f83c-4f24-acb2-4c1b273f2694/datanode-5/data/ratis/460a33c1-f0e6-446f-9331-3bda3d0903b3] INFO  impl.StateMachineUpdater (StateMachineUpdater.java:stopAndJoin(115)) - StateMachineUpdater:f8fc8350-8b83-4a15-89e6-430db21616f7:group-3BDA3D0903B3: set stopIndex = -1
2019-09-12 10:32:24,464 [f85b420b-0060-4bb9-9f68-598eed9b442f-SegmentedRaftLogWorker:Storage Directory /workdir/hadoop-ozone/integration-test/target/test-dir/MiniOzoneClusterImpl-39631bd2-f83c-4f24-acb2-4c1b273f2694/datanode-4/data/ratis/7c3cfe50-dccc-475c-aa50-17d40e37c2df] INFO  impl.StateMachineUpdater (StateMachineUpdater.java:stopAndJoin(115)) - StateMachineUpdater:f85b420b-0060-4bb9-9f68-598eed9b442f:group-17D40E37C2DF: set stopIndex = -1
2019-09-12 10:32:24,464 [a95fd1d5-e9a9-4526-b4c7-6aa1a85e40e9:group-0A1A55BC3C3C:LeaderElection160] INFO  impl.LeaderElection (LeaderElection.java:askForVotes(181)) - a95fd1d5-e9a9-4526-b4c7-6aa1a85e40e9:group-0A1A55BC3C3C:LeaderElection160: begin an election at term 1 for -1: [a95fd1d5-e9a9-4526-b4c7-6aa1a85e40e9:192.168.36.114:44353], old=null
2019-09-12 10:32:24,464 [a95fd1d5-e9a9-4526-b4c7-6aa1a85e40e9:group-220D3FE9F144:LeaderElection159] INFO  impl.LeaderElection (LeaderElection.java:askForVotes(181)) - a95fd1d5-e9a9-4526-b4c7-6aa1a85e40e9:group-220D3FE9F144:LeaderElection159: begin an election at term 1 for -1: [a95fd1d5-e9a9-4526-b4c7-6aa1a85e40e9:192.168.36.114:44353], old=null
2019-09-12 10:32:24,464 [main] INFO  db.DBStoreBuilder (DBStoreBuilder.java:getDbProfile(198)) - Using default options. DBProfile.DISK
2019-09-12 10:32:24,463 [f8fc8350-8b83-4a15-89e6-430db21616f7-SegmentedRaftLogWorker:Storage Directory /workdir/hadoop-ozone/integration-test/target/test-dir/MiniOzoneClusterImpl-39631bd2-f83c-4f24-acb2-4c1b273f2694/datanode-5/data/ratis/58fb2d82-72b5-4e91-abfb-4da1475890e7] INFO  util.JmxRegister (JmxRegister.java:unregister(73)) - Successfully un-registered JMX Bean with object name Ratis:service=RaftServer,group=group-4DA1475890E7,id=f8fc8350-8b83-4a15-89e6-430db21616f7
2019-09-12 10:32:24,463 [f8fc8350-8b83-4a15-89e6-430db21616f7-SegmentedRaftLogWorker:Storage Directory /workdir/hadoop-ozone/integration-test/target/test-dir/MiniOzoneClusterImpl-39631bd2-f83c-4f24-acb2-4c1b273f2694/datanode-5/data/ratis/9ba34203-ba82-45b9-b557-b74ba9b994ce] INFO  impl.PendingRequests (PendingRequests.java:sendNotLeaderResponses(202)) - f8fc8350-8b83-4a15-89e6-430db21616f7-PendingRequests: sendNotLeaderResponses
2019-09-12 10:32:24,463 [f85b420b-0060-4bb9-9f68-598eed9b442f-SegmentedRaftLogWorker:Storage Directory /workdir/hadoop-ozone/integration-test/target/test-dir/MiniOzoneClusterImpl-39631bd2-f83c-4f24-acb2-4c1b273f2694/datanode-4/data/ratis/20d9b5fb-01ee-44c5-b6df-13abb81b8ef4] INFO  impl.RoleInfo (RoleInfo.java:shutdownLeaderState(104)) - f85b420b-0060-4bb9-9f68-598eed9b442f: shutdown LeaderState
2019-09-12 10:32:24,463 [f85b420b-0060-4bb9-9f68-598eed9b442f-SegmentedRaftLogWorker:Storage Directory /workdir/hadoop-ozone/integration-test/target/test-dir/MiniOzoneClusterImpl-39631bd2-f83c-4f24-acb2-4c1b273f2694/datanode-4/data/ratis/e0d34fd1-47c0-453b-aa5c-8a5638f4f372] INFO  impl.PendingRequests (PendingRequests.java:sendNotLeaderResponses(202)) - f85b420b-0060-4bb9-9f68-598eed9b442f-PendingRequests: sendNotLeaderResponses
2019-09-12 10:32:24,467 [f85b420b-0060-4bb9-9f68-598eed9b442f-SegmentedRaftLogWorker:Storage Directory /workdir/hadoop-ozone/integration-test/target/test-dir/MiniOzoneClusterImpl-39631bd2-f83c-4f24-acb2-4c1b273f2694/datanode-4/data/ratis/20d9b5fb-01ee-44c5-b6df-13abb81b8ef4] INFO  impl.PendingRequests (PendingRequests.java:sendNotLeaderResponses(202)) - f85b420b-0060-4bb9-9f68-598eed9b442f-PendingRequests: sendNotLeaderResponses
2019-09-12 10:32:24,467 [f8fc8350-8b83-4a15-89e6-430db21616f7-SegmentedRaftLogWorker:Storage Directory /workdir/hadoop-ozone/integration-test/target/test-dir/MiniOzoneClusterImpl-39631bd2-f83c-4f24-acb2-4c1b273f2694/datanode-5/data/ratis/9ba34203-ba82-45b9-b557-b74ba9b994ce] INFO  impl.StateMachineUpdater (StateMachineUpdater.java:stopAndJoin(115)) - StateMachineUpdater:f8fc8350-8b83-4a15-89e6-430db21616f7:group-B74BA9B994CE: set stopIndex = -1
2019-09-12 10:32:24,467 [f8fc8350-8b83-4a15-89e6-430db21616f7-SegmentedRaftLogWorker:Storage Directory /workdir/hadoop-ozone/integration-test/target/test-dir/MiniOzoneClusterImpl-39631bd2-f83c-4f24-acb2-4c1b273f2694/datanode-5/data/ratis/9ba34203-ba82-45b9-b557-b74ba9b994ce] INFO  impl.RaftServerImpl (ServerState.java:close(394)) - f8fc8350-8b83-4a15-89e6-430db21616f7:group-B74BA9B994CE closes. The last applied log index is -1
2019-09-12 10:32:24,466 [f8fc8350-8b83-4a15-89e6-430db21616f7-SegmentedRaftLogWorker:Storage Directory /workdir/hadoop-ozone/integration-test/target/test-dir/MiniOzoneClusterImpl-39631bd2-f83c-4f24-acb2-4c1b273f2694/datanode-5/data/ratis/58fb2d82-72b5-4e91-abfb-4da1475890e7] INFO  impl.RoleInfo (RoleInfo.java:shutdownLeaderState(104)) - f8fc8350-8b83-4a15-89e6-430db21616f7: shutdown LeaderState
2019-09-12 10:32:24,466 [a95fd1d5-e9a9-4526-b4c7-6aa1a85e40e9:group-220D3FE9F144:LeaderElection159] INFO  impl.RoleInfo (RoleInfo.java:shutdownLeaderElection(134)) - a95fd1d5-e9a9-4526-b4c7-6aa1a85e40e9: shutdown LeaderElection
2019-09-12 10:32:24,466 [a95fd1d5-e9a9-4526-b4c7-6aa1a85e40e9:group-0A1A55BC3C3C:LeaderElection160] INFO  impl.RoleInfo (RoleInfo.java:shutdownLeaderElection(134)) - a95fd1d5-e9a9-4526-b4c7-6aa1a85e40e9: shutdown LeaderElection
2019-09-12 10:32:24,466 [f85b420b-0060-4bb9-9f68-598eed9b442f-SegmentedRaftLogWorker:Storage Directory /workdir/hadoop-ozone/integration-test/target/test-dir/MiniOzoneClusterImpl-39631bd2-f83c-4f24-acb2-4c1b273f2694/datanode-4/data/ratis/7c3cfe50-dccc-475c-aa50-17d40e37c2df] INFO  impl.RaftServerImpl (ServerState.java:close(394)) - f85b420b-0060-4bb9-9f68-598eed9b442f:group-17D40E37C2DF closes. The last applied log index is -1
2019-09-12 10:32:24,466 [f8fc8350-8b83-4a15-89e6-430db21616f7-SegmentedRaftLogWorker:Storage Directory /workdir/hadoop-ozone/integration-test/target/test-dir/MiniOzoneClusterImpl-39631bd2-f83c-4f24-acb2-4c1b273f2694/datanode-5/data/ratis/460a33c1-f0e6-446f-9331-3bda3d0903b3] INFO  impl.RaftServerImpl (ServerState.java:close(394)) - f8fc8350-8b83-4a15-89e6-430db21616f7:group-3BDA3D0903B3 closes. The last applied log index is -1
2019-09-12 10:32:24,465 [f8fc8350-8b83-4a15-89e6-430db21616f7-SegmentedRaftLogWorker:Storage Directory /workdir/hadoop-ozone/integration-test/target/test-dir/MiniOzoneClusterImpl-39631bd2-f83c-4f24-acb2-4c1b273f2694/datanode-5/data/ratis/e8c866ed-b54e-4519-b9ce-96015ad63434] INFO  impl.RaftServerImpl (ServerState.java:close(394)) - f8fc8350-8b83-4a15-89e6-430db21616f7:group-96015AD63434 closes. The last applied log index is -1
2019-09-12 10:32:24,465 [2df0b56f-bcaf-45a1-b35e-f30a30c5f26c:group-F6ED8DF83672:LeaderElection156] INFO  server.RaftServerConfigKeys (ConfUtils.java:logGet(43)) - raft.server.watch.timeout.denomination = 1s (default)
2019-09-12 10:32:24,468 [f8fc8350-8b83-4a15-89e6-430db21616f7-SegmentedRaftLogWorker:Storage Directory /workdir/hadoop-ozone/integration-test/target/test-dir/MiniOzoneClusterImpl-39631bd2-f83c-4f24-acb2-4c1b273f2694/datanode-5/data/ratis/e8c866ed-b54e-4519-b9ce-96015ad63434] INFO  segmented.SegmentedRaftLogWorker (SegmentedRaftLogWorker.java:close(228)) - f8fc8350-8b83-4a15-89e6-430db21616f7-SegmentedRaftLogWorker:Storage Directory /workdir/hadoop-ozone/integration-test/target/test-dir/MiniOzoneClusterImpl-39631bd2-f83c-4f24-acb2-4c1b273f2694/datanode-5/data/ratis/e8c866ed-b54e-4519-b9ce-96015ad63434 close()
2019-09-12 10:32:24,465 [edb6c4a3-9bf1-4f2e-8ef0-c37d9a0378de:group-2213AA8565FB:LeaderElection158] INFO  server.RaftServerConfigKeys (ConfUtils.java:logGet(43)) - raft.server.write.element-limit = 4096 (default)
2019-09-12 10:32:24,465 [edb6c4a3-9bf1-4f2e-8ef0-c37d9a0378de:group-F32505E861B0:LeaderElection157] INFO  server.RaftServerConfigKeys (ConfUtils.java:logGet(43)) - raft.server.rpc.sleep.time = 25ms (default)
2019-09-12 10:32:24,469 [edb6c4a3-9bf1-4f2e-8ef0-c37d9a0378de:group-2213AA8565FB:LeaderElection158] INFO  server.RaftServerConfigKeys (ConfUtils.java:logGet(43)) - raft.server.watch.timeout = 10s (default)
2019-09-12 10:32:24,468 [2df0b56f-bcaf-45a1-b35e-f30a30c5f26c:group-F6ED8DF83672:LeaderElection156] INFO  server.RaftServerConfigKeys (ConfUtils.java:logGet(43)) - raft.server.watch.element-limit = 65536 (default)
2019-09-12 10:32:24,468 [f8fc8350-8b83-4a15-89e6-430db21616f7-SegmentedRaftLogWorker:Storage Directory /workdir/hadoop-ozone/integration-test/target/test-dir/MiniOzoneClusterImpl-39631bd2-f83c-4f24-acb2-4c1b273f2694/datanode-5/data/ratis/460a33c1-f0e6-446f-9331-3bda3d0903b3] INFO  segmented.SegmentedRaftLogWorker (SegmentedRaftLogWorker.java:close(228)) - f8fc8350-8b83-4a15-89e6-430db21616f7-SegmentedRaftLogWorker:Storage Directory /workdir/hadoop-ozone/integration-test/target/test-dir/MiniOzoneClusterImpl-39631bd2-f83c-4f24-acb2-4c1b273f2694/datanode-5/data/ratis/460a33c1-f0e6-446f-9331-3bda3d0903b3 close()
2019-09-12 10:32:24,468 [f85b420b-0060-4bb9-9f68-598eed9b442f-SegmentedRaftLogWorker:Storage Directory /workdir/hadoop-ozone/integration-test/target/test-dir/MiniOzoneClusterImpl-39631bd2-f83c-4f24-acb2-4c1b273f2694/datanode-4/data/ratis/7c3cfe50-dccc-475c-aa50-17d40e37c2df] INFO  segmented.SegmentedRaftLogWorker (SegmentedRaftLogWorker.java:close(228)) - f85b420b-0060-4bb9-9f68-598eed9b442f-SegmentedRaftLogWorker:Storage Directory /workdir/hadoop-ozone/integration-test/target/test-dir/MiniOzoneClusterImpl-39631bd2-f83c-4f24-acb2-4c1b273f2694/datanode-4/data/ratis/7c3cfe50-dccc-475c-aa50-17d40e37c2df close()
2019-09-12 10:32:24,468 [a95fd1d5-e9a9-4526-b4c7-6aa1a85e40e9:group-0A1A55BC3C3C:LeaderElection160] INFO  impl.RaftServerImpl (RaftServerImpl.java:setRole(171)) - a95fd1d5-e9a9-4526-b4c7-6aa1a85e40e9:group-0A1A55BC3C3C changes role from CANDIDATE to LEADER at term 1 for changeToLeader
2019-09-12 10:32:24,468 [a95fd1d5-e9a9-4526-b4c7-6aa1a85e40e9:group-220D3FE9F144:LeaderElection159] INFO  impl.RaftServerImpl (RaftServerImpl.java:setRole(171)) - a95fd1d5-e9a9-4526-b4c7-6aa1a85e40e9:group-220D3FE9F144 changes role from CANDIDATE to LEADER at term 1 for changeToLeader
2019-09-12 10:32:24,467 [f8fc8350-8b83-4a15-89e6-430db21616f7-SegmentedRaftLogWorker:Storage Directory /workdir/hadoop-ozone/integration-test/target/test-dir/MiniOzoneClusterImpl-39631bd2-f83c-4f24-acb2-4c1b273f2694/datanode-5/data/ratis/9ba34203-ba82-45b9-b557-b74ba9b994ce] INFO  segmented.SegmentedRaftLogWorker (SegmentedRaftLogWorker.java:close(228)) - f8fc8350-8b83-4a15-89e6-430db21616f7-SegmentedRaftLogWorker:Storage Directory /workdir/hadoop-ozone/integration-test/target/test-dir/MiniOzoneClusterImpl-39631bd2-f83c-4f24-acb2-4c1b273f2694/datanode-5/data/ratis/9ba34203-ba82-45b9-b557-b74ba9b994ce close()
2019-09-12 10:32:24,467 [f8fc8350-8b83-4a15-89e6-430db21616f7-SegmentedRaftLogWorker:Storage Directory /workdir/hadoop-ozone/integration-test/target/test-dir/MiniOzoneClusterImpl-39631bd2-f83c-4f24-acb2-4c1b273f2694/datanode-5/data/ratis/58fb2d82-72b5-4e91-abfb-4da1475890e7] INFO  impl.PendingRequests (PendingRequests.java:sendNotLeaderResponses(202)) - f8fc8350-8b83-4a15-89e6-430db21616f7-PendingRequests: sendNotLeaderResponses
2019-09-12 10:32:24,467 [f85b420b-0060-4bb9-9f68-598eed9b442f-SegmentedRaftLogWorker:Storage Directory /workdir/hadoop-ozone/integration-test/target/test-dir/MiniOzoneClusterImpl-39631bd2-f83c-4f24-acb2-4c1b273f2694/datanode-4/data/ratis/20d9b5fb-01ee-44c5-b6df-13abb81b8ef4] INFO  impl.StateMachineUpdater (StateMachineUpdater.java:stopAndJoin(115)) - StateMachineUpdater:f85b420b-0060-4bb9-9f68-598eed9b442f:group-13ABB81B8EF4: set stopIndex = -1
2019-09-12 10:32:24,470 [f85b420b-0060-4bb9-9f68-598eed9b442f-SegmentedRaftLogWorker:Storage Directory /workdir/hadoop-ozone/integration-test/target/test-dir/MiniOzoneClusterImpl-39631bd2-f83c-4f24-acb2-4c1b273f2694/datanode-4/data/ratis/20d9b5fb-01ee-44c5-b6df-13abb81b8ef4] INFO  impl.RaftServerImpl (ServerState.java:close(394)) - f85b420b-0060-4bb9-9f68-598eed9b442f:group-13ABB81B8EF4 closes. The last applied log index is -1
2019-09-12 10:32:24,467 [f85b420b-0060-4bb9-9f68-598eed9b442f-SegmentedRaftLogWorker:Storage Directory /workdir/hadoop-ozone/integration-test/target/test-dir/MiniOzoneClusterImpl-39631bd2-f83c-4f24-acb2-4c1b273f2694/datanode-4/data/ratis/e0d34fd1-47c0-453b-aa5c-8a5638f4f372] INFO  impl.StateMachineUpdater (StateMachineUpdater.java:stopAndJoin(115)) - StateMachineUpdater:f85b420b-0060-4bb9-9f68-598eed9b442f:group-8A5638F4F372: set stopIndex = -1
2019-09-12 10:32:24,470 [f85b420b-0060-4bb9-9f68-598eed9b442f-SegmentedRaftLogWorker:Storage Directory /workdir/hadoop-ozone/integration-test/target/test-dir/MiniOzoneClusterImpl-39631bd2-f83c-4f24-acb2-4c1b273f2694/datanode-4/data/ratis/20d9b5fb-01ee-44c5-b6df-13abb81b8ef4] INFO  segmented.SegmentedRaftLogWorker (SegmentedRaftLogWorker.java:close(228)) - f85b420b-0060-4bb9-9f68-598eed9b442f-SegmentedRaftLogWorker:Storage Directory /workdir/hadoop-ozone/integration-test/target/test-dir/MiniOzoneClusterImpl-39631bd2-f83c-4f24-acb2-4c1b273f2694/datanode-4/data/ratis/20d9b5fb-01ee-44c5-b6df-13abb81b8ef4 close()
2019-09-12 10:32:24,470 [f8fc8350-8b83-4a15-89e6-430db21616f7-SegmentedRaftLogWorker:Storage Directory /workdir/hadoop-ozone/integration-test/target/test-dir/MiniOzoneClusterImpl-39631bd2-f83c-4f24-acb2-4c1b273f2694/datanode-5/data/ratis/58fb2d82-72b5-4e91-abfb-4da1475890e7] INFO  impl.StateMachineUpdater (StateMachineUpdater.java:stopAndJoin(115)) - StateMachineUpdater:f8fc8350-8b83-4a15-89e6-430db21616f7:group-4DA1475890E7: set stopIndex = -1
2019-09-12 10:32:24,471 [f8fc8350-8b83-4a15-89e6-430db21616f7-SegmentedRaftLogWorker:Storage Directory /workdir/hadoop-ozone/integration-test/target/test-dir/MiniOzoneClusterImpl-39631bd2-f83c-4f24-acb2-4c1b273f2694/datanode-5/data/ratis/58fb2d82-72b5-4e91-abfb-4da1475890e7] INFO  impl.RaftServerImpl (ServerState.java:close(394)) - f8fc8350-8b83-4a15-89e6-430db21616f7:group-4DA1475890E7 closes. The last applied log index is -1
2019-09-12 10:32:24,470 [a95fd1d5-e9a9-4526-b4c7-6aa1a85e40e9:group-220D3FE9F144:LeaderElection159] INFO  impl.RaftServerImpl (ServerState.java:setLeader(263)) - a95fd1d5-e9a9-4526-b4c7-6aa1a85e40e9:group-220D3FE9F144 change Leader from null to a95fd1d5-e9a9-4526-b4c7-6aa1a85e40e9 at term 1 for becomeLeader, leader elected after 17600ms
2019-09-12 10:32:24,471 [f8fc8350-8b83-4a15-89e6-430db21616f7-SegmentedRaftLogWorker:Storage Directory /workdir/hadoop-ozone/integration-test/target/test-dir/MiniOzoneClusterImpl-39631bd2-f83c-4f24-acb2-4c1b273f2694/datanode-5/data/ratis/58fb2d82-72b5-4e91-abfb-4da1475890e7] INFO  segmented.SegmentedRaftLogWorker (SegmentedRaftLogWorker.java:close(228)) - f8fc8350-8b83-4a15-89e6-430db21616f7-SegmentedRaftLogWorker:Storage Directory /workdir/hadoop-ozone/integration-test/target/test-dir/MiniOzoneClusterImpl-39631bd2-f83c-4f24-acb2-4c1b273f2694/datanode-5/data/ratis/58fb2d82-72b5-4e91-abfb-4da1475890e7 close()
2019-09-12 10:32:24,469 [a95fd1d5-e9a9-4526-b4c7-6aa1a85e40e9:group-0A1A55BC3C3C:LeaderElection160] INFO  impl.RaftServerImpl (ServerState.java:setLeader(263)) - a95fd1d5-e9a9-4526-b4c7-6aa1a85e40e9:group-0A1A55BC3C3C change Leader from null to a95fd1d5-e9a9-4526-b4c7-6aa1a85e40e9 at term 1 for becomeLeader, leader elected after 17517ms
2019-09-12 10:32:24,469 [2df0b56f-bcaf-45a1-b35e-f30a30c5f26c:group-F6ED8DF83672:LeaderElection156] INFO  impl.RoleInfo (RoleInfo.java:updateAndGet(143)) - 2df0b56f-bcaf-45a1-b35e-f30a30c5f26c: start LeaderState
2019-09-12 10:32:24,469 [edb6c4a3-9bf1-4f2e-8ef0-c37d9a0378de:group-2213AA8565FB:LeaderElection158] INFO  server.RaftServerConfigKeys (ConfUtils.java:logGet(43)) - raft.server.watch.timeout.denomination = 1s (default)
2019-09-12 10:32:24,469 [edb6c4a3-9bf1-4f2e-8ef0-c37d9a0378de:group-F32505E861B0:LeaderElection157] INFO  server.RaftServerConfigKeys (ConfUtils.java:logGet(43)) - raft.server.write.element-limit = 4096 (default)
2019-09-12 10:32:24,471 [edb6c4a3-9bf1-4f2e-8ef0-c37d9a0378de:group-2213AA8565FB:LeaderElection158] INFO  server.RaftServerConfigKeys (ConfUtils.java:logGet(43)) - raft.server.watch.element-limit = 65536 (default)
2019-09-12 10:32:24,471 [a95fd1d5-e9a9-4526-b4c7-6aa1a85e40e9:group-0A1A55BC3C3C:LeaderElection160] INFO  server.RaftServerConfigKeys (ConfUtils.java:logGet(43)) - raft.server.staging.catchup.gap = 1000 (default)
2019-09-12 10:32:24,471 [a95fd1d5-e9a9-4526-b4c7-6aa1a85e40e9:group-220D3FE9F144:LeaderElection159] INFO  server.RaftServerConfigKeys (ConfUtils.java:logGet(43)) - raft.server.staging.catchup.gap = 1000 (default)
2019-09-12 10:32:24,472 [a95fd1d5-e9a9-4526-b4c7-6aa1a85e40e9:group-220D3FE9F144:LeaderElection159] INFO  server.RaftServerConfigKeys (ConfUtils.java:logGet(43)) - raft.server.rpc.sleep.time = 25ms (default)
2019-09-12 10:32:24,470 [f85b420b-0060-4bb9-9f68-598eed9b442f-SegmentedRaftLogWorker:Storage Directory /workdir/hadoop-ozone/integration-test/target/test-dir/MiniOzoneClusterImpl-39631bd2-f83c-4f24-acb2-4c1b273f2694/datanode-4/data/ratis/e0d34fd1-47c0-453b-aa5c-8a5638f4f372] INFO  impl.RaftServerImpl (ServerState.java:close(394)) - f85b420b-0060-4bb9-9f68-598eed9b442f:group-8A5638F4F372 closes. The last applied log index is -1
2019-09-12 10:32:24,472 [a95fd1d5-e9a9-4526-b4c7-6aa1a85e40e9:group-220D3FE9F144:LeaderElection159] INFO  server.RaftServerConfigKeys (ConfUtils.java:logGet(43)) - raft.server.write.element-limit = 4096 (default)
2019-09-12 10:32:24,472 [f85b420b-0060-4bb9-9f68-598eed9b442f-SegmentedRaftLogWorker:Storage Directory /workdir/hadoop-ozone/integration-test/target/test-dir/MiniOzoneClusterImpl-39631bd2-f83c-4f24-acb2-4c1b273f2694/datanode-4/data/ratis/e0d34fd1-47c0-453b-aa5c-8a5638f4f372] INFO  segmented.SegmentedRaftLogWorker (SegmentedRaftLogWorker.java:close(228)) - f85b420b-0060-4bb9-9f68-598eed9b442f-SegmentedRaftLogWorker:Storage Directory /workdir/hadoop-ozone/integration-test/target/test-dir/MiniOzoneClusterImpl-39631bd2-f83c-4f24-acb2-4c1b273f2694/datanode-4/data/ratis/e0d34fd1-47c0-453b-aa5c-8a5638f4f372 close()
2019-09-12 10:32:24,472 [a95fd1d5-e9a9-4526-b4c7-6aa1a85e40e9:group-0A1A55BC3C3C:LeaderElection160] INFO  server.RaftServerConfigKeys (ConfUtils.java:logGet(43)) - raft.server.rpc.sleep.time = 25ms (default)
2019-09-12 10:32:24,472 [edb6c4a3-9bf1-4f2e-8ef0-c37d9a0378de:group-2213AA8565FB:LeaderElection158] INFO  impl.RoleInfo (RoleInfo.java:updateAndGet(143)) - edb6c4a3-9bf1-4f2e-8ef0-c37d9a0378de: start LeaderState
2019-09-12 10:32:24,472 [edb6c4a3-9bf1-4f2e-8ef0-c37d9a0378de:group-F32505E861B0:LeaderElection157] INFO  server.RaftServerConfigKeys (ConfUtils.java:logGet(43)) - raft.server.watch.timeout = 10s (default)
2019-09-12 10:32:24,472 [2df0b56f-bcaf-45a1-b35e-f30a30c5f26c:group-F6ED8DF83672:LeaderElection156] INFO  segmented.SegmentedRaftLogWorker (SegmentedRaftLogWorker.java:startLogSegment(380)) - 2df0b56f-bcaf-45a1-b35e-f30a30c5f26c-SegmentedRaftLogWorker:Storage Directory /workdir/hadoop-ozone/integration-test/target/test-dir/MiniOzoneClusterImpl-39631bd2-f83c-4f24-acb2-4c1b273f2694/datanode-3/data/ratis/44f8e9c2-003a-49a7-b74f-f6ed8df83672: Starting segment from index:0
2019-09-12 10:32:24,473 [edb6c4a3-9bf1-4f2e-8ef0-c37d9a0378de:group-F32505E861B0:LeaderElection157] INFO  server.RaftServerConfigKeys (ConfUtils.java:logGet(43)) - raft.server.watch.timeout.denomination = 1s (default)
2019-09-12 10:32:24,473 [edb6c4a3-9bf1-4f2e-8ef0-c37d9a0378de:group-2213AA8565FB:LeaderElection158] INFO  segmented.SegmentedRaftLogWorker (SegmentedRaftLogWorker.java:startLogSegment(380)) - edb6c4a3-9bf1-4f2e-8ef0-c37d9a0378de-SegmentedRaftLogWorker:Storage Directory /workdir/hadoop-ozone/integration-test/target/test-dir/MiniOzoneClusterImpl-39631bd2-f83c-4f24-acb2-4c1b273f2694/datanode-2/data/ratis/5a3286c1-d548-4b5c-b995-2213aa8565fb: Starting segment from index:0
2019-09-12 10:32:24,873 | INFO  | SCMAudit | user=jenkins1000 | ip=192.168.36.114 | op=SEND_HEARTBEAT {datanodeUUID=f85b420b-0060-4bb9-9f68-598eed9b442f, command=[]} | ret=SUCCESS |  
2019-09-12 10:32:24,872 | INFO  | SCMAudit | user=jenkins1000 | ip=192.168.36.114 | op=SEND_HEARTBEAT {datanodeUUID=edb6c4a3-9bf1-4f2e-8ef0-c37d9a0378de, command=[]} | ret=SUCCESS |  
2019-09-12 10:32:24,873 | INFO  | SCMAudit | user=jenkins1000 | ip=192.168.36.114 | op=SEND_HEARTBEAT {datanodeUUID=57729e88-c64a-441d-a40e-ceaddf64552e, command=[]} | ret=SUCCESS |  
2019-09-12 10:32:24,873 | INFO  | SCMAudit | user=jenkins1000 | ip=192.168.36.114 | op=SEND_HEARTBEAT {datanodeUUID=2cb9d557-cb56-4745-8686-5e72b62e748a, command=[]} | ret=SUCCESS |  
2019-09-12 10:32:24,873 | INFO  | SCMAudit | user=jenkins1000 | ip=192.168.36.114 | op=SEND_HEARTBEAT {datanodeUUID=873ff125-9641-4674-9775-ec96c107c12e, command=[]} | ret=SUCCESS |  
2019-09-12 10:32:24,873 | INFO  | SCMAudit | user=jenkins1000 | ip=192.168.36.114 | op=SEND_HEARTBEAT {datanodeUUID=accf000b-d7b7-4fa5-9682-da82c4451e10, command=[]} | ret=SUCCESS |  
2019-09-12 10:32:24,873 | INFO  | SCMAudit | user=jenkins1000 | ip=192.168.36.114 | op=SEND_HEARTBEAT {datanodeUUID=eaeff1e2-de9c-4510-872d-283eb6c3c330, command=[]} | ret=SUCCESS |  
2019-09-12 10:32:24,873 | INFO  | SCMAudit | user=jenkins1000 | ip=192.168.36.114 | op=SEND_HEARTBEAT {datanodeUUID=b6dd7c38-f675-445e-811b-15cf17d56c0a, command=[]} | ret=SUCCESS |  
2019-09-12 10:32:24,873 | INFO  | SCMAudit | user=jenkins1000 | ip=192.168.36.114 | op=SEND_HEARTBEAT {datanodeUUID=ff438662-24cf-49bb-bfc5-3308ec6d286b, command=[]} | ret=SUCCESS |  
2019-09-12 10:32:24,873 | INFO  | SCMAudit | user=jenkins1000 | ip=192.168.36.114 | op=SEND_HEARTBEAT {datanodeUUID=c54af6f8-a22e-478f-90e1-029d14059a99, command=[]} | ret=SUCCESS |  
2019-09-12 10:32:24,473 [a95fd1d5-e9a9-4526-b4c7-6aa1a85e40e9:group-0A1A55BC3C3C:LeaderElection160] INFO  server.RaftServerConfigKeys (ConfUtils.java:logGet(43)) - raft.server.write.element-limit = 4096 (default)
2019-09-12 10:32:24,873 | INFO  | SCMAudit | user=jenkins1000 | ip=192.168.36.114 | op=SEND_HEARTBEAT {datanodeUUID=f17b4253-95a0-4ee6-8ded-88f070f15b33, command=[]} | ret=SUCCESS |  
2019-09-12 10:32:24,873 | INFO  | SCMAudit | user=jenkins1000 | ip=192.168.36.114 | op=SEND_HEARTBEAT {datanodeUUID=334c5273-7871-4d53-8b37-de05e5a3be10, command=[]} | ret=SUCCESS |  
2019-09-12 10:32:24,873 | INFO  | SCMAudit | user=jenkins1000 | ip=192.168.36.114 | op=SEND_HEARTBEAT {datanodeUUID=ad8ae342-df06-4311-9d84-524877c98111, command=[]} | ret=SUCCESS |  
2019-09-12 10:32:24,472 [a95fd1d5-e9a9-4526-b4c7-6aa1a85e40e9:group-220D3FE9F144:LeaderElection159] INFO  server.RaftServerConfigKeys (ConfUtils.java:logGet(43)) - raft.server.watch.timeout = 10s (default)
2019-09-12 10:32:24,873 | INFO  | SCMAudit | user=jenkins1000 | ip=192.168.36.114 | op=SEND_HEARTBEAT {datanodeUUID=f8fc8350-8b83-4a15-89e6-430db21616f7, command=[]} | ret=SUCCESS |  
2019-09-12 10:32:24,873 | INFO  | SCMAudit | user=jenkins1000 | ip=192.168.36.114 | op=SEND_HEARTBEAT {datanodeUUID=d40ec8ee-ac9e-41d6-86bd-e74a05605b85, command=[]} | ret=SUCCESS |  
2019-09-12 10:32:24,873 | INFO  | SCMAudit | user=jenkins1000 | ip=192.168.36.114 | op=SEND_HEARTBEAT {datanodeUUID=caccd92c-2544-4e02-86cf-95849f240c1b, command=[]} | ret=SUCCESS |  
2019-09-12 10:32:24,873 | INFO  | SCMAudit | user=jenkins1000 | ip=192.168.36.114 | op=SEND_HEARTBEAT {datanodeUUID=39df7a3f-9691-48d4-a2b1-6888489a5f8a, command=[]} | ret=SUCCESS |  
2019-09-12 10:32:24,873 | INFO  | SCMAudit | user=jenkins1000 | ip=192.168.36.114 | op=SEND_HEARTBEAT {datanodeUUID=c9031a36-5f7c-4098-8bea-8a46141708a6, command=[]} | ret=SUCCESS |  
2019-09-12 10:32:24,873 [2df0b56f-bcaf-45a1-b35e-f30a30c5f26c:group-F6ED8DF83672:LeaderElection156] INFO  impl.RaftServerImpl (ServerState.java:setRaftConf(361)) - 2df0b56f-bcaf-45a1-b35e-f30a30c5f26c:group-F6ED8DF83672 set configuration 0: [2df0b56f-bcaf-45a1-b35e-f30a30c5f26c:192.168.36.114:36485], old=null at 0
2019-09-12 10:32:24,873 | INFO  | SCMAudit | user=jenkins1000 | ip=192.168.36.114 | op=SEND_HEARTBEAT {datanodeUUID=2df0b56f-bcaf-45a1-b35e-f30a30c5f26c, command=[]} | ret=SUCCESS |  
2019-09-12 10:32:24,873 | INFO  | SCMAudit | user=jenkins1000 | ip=192.168.36.114 | op=SEND_HEARTBEAT {datanodeUUID=c1e71898-521f-4627-a3f1-9884c4b96ced, command=[]} | ret=SUCCESS |  
2019-09-12 10:32:24,854 [f85b420b-0060-4bb9-9f68-598eed9b442f-SegmentedRaftLogWorker:Storage Directory /workdir/hadoop-ozone/integration-test/target/test-dir/MiniOzoneClusterImpl-39631bd2-f83c-4f24-acb2-4c1b273f2694/datanode-4/data/ratis/fdc74a02-c95f-4129-a098-141db36f1fc4] ERROR segmented.SegmentedRaftLogWorker (SegmentedRaftLogWorker.java:run(323)) - f85b420b-0060-4bb9-9f68-598eed9b442f-SegmentedRaftLogWorker:Storage Directory /workdir/hadoop-ozone/integration-test/target/test-dir/MiniOzoneClusterImpl-39631bd2-f83c-4f24-acb2-4c1b273f2694/datanode-4/data/ratis/fdc74a02-c95f-4129-a098-141db36f1fc4 hit exception
java.lang.OutOfMemoryError: Direct buffer memory
	at java.nio.Bits.reserveMemory(Bits.java:666)
	at java.nio.DirectByteBuffer.<init>(DirectByteBuffer.java:123)
	at java.nio.ByteBuffer.allocateDirect(ByteBuffer.java:311)
	at org.apache.ratis.server.raftlog.segmented.BufferedWriteChannel.<init>(BufferedWriteChannel.java:41)
	at org.apache.ratis.server.raftlog.segmented.SegmentedRaftLogOutputStream.<init>(SegmentedRaftLogOutputStream.java:72)
	at org.apache.ratis.server.raftlog.segmented.SegmentedRaftLogWorker$StartLogSegment.execute(SegmentedRaftLogWorker.java:566)
	at org.apache.ratis.server.raftlog.segmented.SegmentedRaftLogWorker.run(SegmentedRaftLogWorker.java:289)
	at java.lang.Thread.run(Thread.java:748)
2019-09-12 10:32:24,873 | INFO  | SCMAudit | user=jenkins1000 | ip=192.168.36.114 | op=SEND_HEARTBEAT {datanodeUUID=d9d65fd8-d100-497d-8460-9a4cf62b4ad5, command=[]} | ret=SUCCESS |  
2019-09-12 10:32:24,473 [edb6c4a3-9bf1-4f2e-8ef0-c37d9a0378de:group-F32505E861B0:LeaderElection157] INFO  server.RaftServerConfigKeys (ConfUtils.java:logGet(43)) - raft.server.watch.element-limit = 65536 (default)
2019-09-12 10:32:24,873 | INFO  | SCMAudit | user=jenkins1000 | ip=192.168.36.114 | op=SEND_HEARTBEAT {datanodeUUID=a95fd1d5-e9a9-4526-b4c7-6aa1a85e40e9, command=[]} | ret=SUCCESS |  
2019-09-12 10:32:24,874 | INFO  | SCMAudit | user=jenkins1000 | ip=192.168.36.114 | op=SEND_HEARTBEAT {datanodeUUID=5dd0cd62-5770-41dd-9e5a-f3f3eedc40c1, command=[]} | ret=SUCCESS |  
2019-09-12 10:32:24,873 | INFO  | SCMAudit | user=jenkins1000 | ip=192.168.36.114 | op=SEND_HEARTBEAT {datanodeUUID=9616c881-dbb1-48da-90dd-a872ed779a2e, command=[]} | ret=SUCCESS |  
2019-09-12 10:32:24,873 | INFO  | SCMAudit | user=jenkins1000 | ip=192.168.36.114 | op=SEND_HEARTBEAT {datanodeUUID=2d50b591-d6e4-490f-9fa0-973ad5423bd7, command=[]} | ret=SUCCESS |  
2019-09-12 10:32:24,873 | INFO  | SCMAudit | user=jenkins1000 | ip=192.168.36.114 | op=SEND_HEARTBEAT {datanodeUUID=22ce2f4b-d517-44cf-8041-712d813e08f3, command=[]} | ret=SUCCESS |  
2019-09-12 10:32:25,262 [f85b420b-0060-4bb9-9f68-598eed9b442f-SegmentedRaftLogWorker:Storage Directory /workdir/hadoop-ozone/integration-test/target/test-dir/MiniOzoneClusterImpl-39631bd2-f83c-4f24-acb2-4c1b273f2694/datanode-4/data/ratis/fdc74a02-c95f-4129-a098-141db36f1fc4] INFO  impl.RaftServerImpl (RaftServerImpl.java:lambda$shutdown$3(245)) - f85b420b-0060-4bb9-9f68-598eed9b442f: shutdown group-141DB36F1FC4
2019-09-12 10:32:24,873 | INFO  | SCMAudit | user=jenkins1000 | ip=192.168.36.114 | op=SEND_HEARTBEAT {datanodeUUID=bcda0514-d42e-47ca-96fd-c0a633e872a8, command=[]} | ret=SUCCESS |  
2019-09-12 10:32:25,262 | INFO  | SCMAudit | user=jenkins1000 | ip=192.168.36.114 | op=SEND_HEARTBEAT {datanodeUUID=1349d5ba-07d4-450a-9218-4f0361201438, command=[]} | ret=SUCCESS |  
2019-09-12 10:32:25,262 [edb6c4a3-9bf1-4f2e-8ef0-c37d9a0378de:group-2213AA8565FB:LeaderElection158] INFO  impl.RaftServerImpl (ServerState.java:setRaftConf(361)) - edb6c4a3-9bf1-4f2e-8ef0-c37d9a0378de:group-2213AA8565FB set configuration 0: [edb6c4a3-9bf1-4f2e-8ef0-c37d9a0378de:192.168.36.114:33776], old=null at 0
2019-09-12 10:32:25,261 [a95fd1d5-e9a9-4526-b4c7-6aa1a85e40e9:group-0A1A55BC3C3C:LeaderElection160] INFO  server.RaftServerConfigKeys (ConfUtils.java:logGet(43)) - raft.server.watch.timeout = 10s (default)
2019-09-12 10:32:25,261 [a95fd1d5-e9a9-4526-b4c7-6aa1a85e40e9:group-220D3FE9F144:LeaderElection159] INFO  server.RaftServerConfigKeys (ConfUtils.java:logGet(43)) - raft.server.watch.timeout.denomination = 1s (default)
2019-09-12 10:32:25,260 [a95fd1d5-e9a9-4526-b4c7-6aa1a85e40e9-SegmentedRaftLogWorker:Storage Directory /workdir/hadoop-ozone/integration-test/target/test-dir/MiniOzoneClusterImpl-39631bd2-f83c-4f24-acb2-4c1b273f2694/datanode-0/data/ratis/eeb9477f-064b-48d6-b582-1cb2c2ba02ed] ERROR segmented.SegmentedRaftLogWorker (SegmentedRaftLogWorker.java:run(323)) - a95fd1d5-e9a9-4526-b4c7-6aa1a85e40e9-SegmentedRaftLogWorker:Storage Directory /workdir/hadoop-ozone/integration-test/target/test-dir/MiniOzoneClusterImpl-39631bd2-f83c-4f24-acb2-4c1b273f2694/datanode-0/data/ratis/eeb9477f-064b-48d6-b582-1cb2c2ba02ed hit exception
java.lang.OutOfMemoryError: Direct buffer memory
	at java.nio.Bits.reserveMemory(Bits.java:666)
	at java.nio.DirectByteBuffer.<init>(DirectByteBuffer.java:123)
	at java.nio.ByteBuffer.allocateDirect(ByteBuffer.java:311)
	at org.apache.ratis.server.raftlog.segmented.BufferedWriteChannel.<init>(BufferedWriteChannel.java:41)
	at org.apache.ratis.server.raftlog.segmented.SegmentedRaftLogOutputStream.<init>(SegmentedRaftLogOutputStream.java:72)
	at org.apache.ratis.server.raftlog.segmented.SegmentedRaftLogWorker$StartLogSegment.execute(SegmentedRaftLogWorker.java:566)
	at org.apache.ratis.server.raftlog.segmented.SegmentedRaftLogWorker.run(SegmentedRaftLogWorker.java:289)
	at java.lang.Thread.run(Thread.java:748)
2019-09-12 10:32:25,260 [873ff125-9641-4674-9775-ec96c107c12e-SegmentedRaftLogWorker:Storage Directory /workdir/hadoop-ozone/integration-test/target/test-dir/MiniOzoneClusterImpl-39631bd2-f83c-4f24-acb2-4c1b273f2694/datanode-6/data/ratis/5bad09c8-dc29-4f83-b917-76d6b7b053ca] ERROR segmented.SegmentedRaftLogWorker (SegmentedRaftLogWorker.java:run(323)) - 873ff125-9641-4674-9775-ec96c107c12e-SegmentedRaftLogWorker:Storage Directory /workdir/hadoop-ozone/integration-test/target/test-dir/MiniOzoneClusterImpl-39631bd2-f83c-4f24-acb2-4c1b273f2694/datanode-6/data/ratis/5bad09c8-dc29-4f83-b917-76d6b7b053ca hit exception
java.lang.OutOfMemoryError: Direct buffer memory
	at java.nio.Bits.reserveMemory(Bits.java:666)
	at java.nio.DirectByteBuffer.<init>(DirectByteBuffer.java:123)
	at java.nio.ByteBuffer.allocateDirect(ByteBuffer.java:311)
	at org.apache.ratis.server.raftlog.segmented.BufferedWriteChannel.<init>(BufferedWriteChannel.java:41)
	at org.apache.ratis.server.raftlog.segmented.SegmentedRaftLogOutputStream.<init>(SegmentedRaftLogOutputStream.java:72)
	at org.apache.ratis.server.raftlog.segmented.SegmentedRaftLogWorker$StartLogSegment.execute(SegmentedRaftLogWorker.java:566)
	at org.apache.ratis.server.raftlog.segmented.SegmentedRaftLogWorker.run(SegmentedRaftLogWorker.java:289)
	at java.lang.Thread.run(Thread.java:748)
2019-09-12 10:32:25,263 [a95fd1d5-e9a9-4526-b4c7-6aa1a85e40e9-SegmentedRaftLogWorker:Storage Directory /workdir/hadoop-ozone/integration-test/target/test-dir/MiniOzoneClusterImpl-39631bd2-f83c-4f24-acb2-4c1b273f2694/datanode-0/data/ratis/eeb9477f-064b-48d6-b582-1cb2c2ba02ed] INFO  impl.RaftServerImpl (RaftServerImpl.java:lambda$shutdown$3(245)) - a95fd1d5-e9a9-4526-b4c7-6aa1a85e40e9: shutdown group-1CB2C2BA02ED
2019-09-12 10:32:25,263 [main] INFO  ipc.CallQueueManager (CallQueueManager.java:<init>(84)) - Using callQueue: class java.util.concurrent.LinkedBlockingQueue, queueCapacity: 2000, scheduler: class org.apache.hadoop.ipc.DefaultRpcScheduler, ipcBackoff: false.
2019-09-12 10:32:25,263 [a95fd1d5-e9a9-4526-b4c7-6aa1a85e40e9:group-220D3FE9F144:LeaderElection159] INFO  server.RaftServerConfigKeys (ConfUtils.java:logGet(43)) - raft.server.watch.element-limit = 65536 (default)
2019-09-12 10:32:25,263 [f85b420b-0060-4bb9-9f68-598eed9b442f-SegmentedRaftLogWorker:Storage Directory /workdir/hadoop-ozone/integration-test/target/test-dir/MiniOzoneClusterImpl-39631bd2-f83c-4f24-acb2-4c1b273f2694/datanode-4/data/ratis/fdc74a02-c95f-4129-a098-141db36f1fc4] INFO  util.JmxRegister (JmxRegister.java:unregister(73)) - Successfully un-registered JMX Bean with object name Ratis:service=RaftServer,group=group-141DB36F1FC4,id=f85b420b-0060-4bb9-9f68-598eed9b442f
2019-09-12 10:32:25,263 [a95fd1d5-e9a9-4526-b4c7-6aa1a85e40e9:group-0A1A55BC3C3C:LeaderElection160] INFO  server.RaftServerConfigKeys (ConfUtils.java:logGet(43)) - raft.server.watch.timeout.denomination = 1s (default)
2019-09-12 10:32:25,262 [edb6c4a3-9bf1-4f2e-8ef0-c37d9a0378de:group-F32505E861B0:LeaderElection157] INFO  impl.RoleInfo (RoleInfo.java:updateAndGet(143)) - edb6c4a3-9bf1-4f2e-8ef0-c37d9a0378de: start LeaderState
2019-09-12 10:32:25,264 [a95fd1d5-e9a9-4526-b4c7-6aa1a85e40e9:group-0A1A55BC3C3C:LeaderElection160] INFO  server.RaftServerConfigKeys (ConfUtils.java:logGet(43)) - raft.server.watch.element-limit = 65536 (default)
2019-09-12 10:32:25,264 [f85b420b-0060-4bb9-9f68-598eed9b442f-SegmentedRaftLogWorker:Storage Directory /workdir/hadoop-ozone/integration-test/target/test-dir/MiniOzoneClusterImpl-39631bd2-f83c-4f24-acb2-4c1b273f2694/datanode-4/data/ratis/fdc74a02-c95f-4129-a098-141db36f1fc4] INFO  impl.RoleInfo (RoleInfo.java:shutdownLeaderState(104)) - f85b420b-0060-4bb9-9f68-598eed9b442f: shutdown LeaderState
2019-09-12 10:32:25,264 [a95fd1d5-e9a9-4526-b4c7-6aa1a85e40e9:group-220D3FE9F144:LeaderElection159] INFO  impl.RoleInfo (RoleInfo.java:updateAndGet(143)) - a95fd1d5-e9a9-4526-b4c7-6aa1a85e40e9: start LeaderState
2019-09-12 10:32:25,263 [a95fd1d5-e9a9-4526-b4c7-6aa1a85e40e9-SegmentedRaftLogWorker:Storage Directory /workdir/hadoop-ozone/integration-test/target/test-dir/MiniOzoneClusterImpl-39631bd2-f83c-4f24-acb2-4c1b273f2694/datanode-0/data/ratis/eeb9477f-064b-48d6-b582-1cb2c2ba02ed] INFO  util.JmxRegister (JmxRegister.java:unregister(73)) - Successfully un-registered JMX Bean with object name Ratis:service=RaftServer,group=group-1CB2C2BA02ED,id=a95fd1d5-e9a9-4526-b4c7-6aa1a85e40e9
2019-09-12 10:32:25,265 [a95fd1d5-e9a9-4526-b4c7-6aa1a85e40e9:group-220D3FE9F144:LeaderElection159] INFO  segmented.SegmentedRaftLogWorker (SegmentedRaftLogWorker.java:startLogSegment(380)) - a95fd1d5-e9a9-4526-b4c7-6aa1a85e40e9-SegmentedRaftLogWorker:Storage Directory /workdir/hadoop-ozone/integration-test/target/test-dir/MiniOzoneClusterImpl-39631bd2-f83c-4f24-acb2-4c1b273f2694/datanode-0/data/ratis/b561fcd2-fcad-4c53-bc51-220d3fe9f144: Starting segment from index:0
2019-09-12 10:32:25,263 [873ff125-9641-4674-9775-ec96c107c12e-SegmentedRaftLogWorker:Storage Directory /workdir/hadoop-ozone/integration-test/target/test-dir/MiniOzoneClusterImpl-39631bd2-f83c-4f24-acb2-4c1b273f2694/datanode-6/data/ratis/5bad09c8-dc29-4f83-b917-76d6b7b053ca] INFO  impl.RaftServerImpl (RaftServerImpl.java:lambda$shutdown$3(245)) - 873ff125-9641-4674-9775-ec96c107c12e: shutdown group-76D6B7B053CA
2019-09-12 10:32:25,265 [a95fd1d5-e9a9-4526-b4c7-6aa1a85e40e9-SegmentedRaftLogWorker:Storage Directory /workdir/hadoop-ozone/integration-test/target/test-dir/MiniOzoneClusterImpl-39631bd2-f83c-4f24-acb2-4c1b273f2694/datanode-0/data/ratis/eeb9477f-064b-48d6-b582-1cb2c2ba02ed] INFO  impl.RoleInfo (RoleInfo.java:shutdownLeaderState(104)) - a95fd1d5-e9a9-4526-b4c7-6aa1a85e40e9: shutdown LeaderState
2019-09-12 10:32:25,265 [Socket Reader #1 for port 42444] INFO  ipc.Server (Server.java:run(1074)) - Starting Socket Reader #1 for port 42444
2019-09-12 10:32:25,265 [edb6c4a3-9bf1-4f2e-8ef0-c37d9a0378de:group-F32505E861B0:LeaderElection157] INFO  segmented.SegmentedRaftLogWorker (SegmentedRaftLogWorker.java:startLogSegment(380)) - edb6c4a3-9bf1-4f2e-8ef0-c37d9a0378de-SegmentedRaftLogWorker:Storage Directory /workdir/hadoop-ozone/integration-test/target/test-dir/MiniOzoneClusterImpl-39631bd2-f83c-4f24-acb2-4c1b273f2694/datanode-2/data/ratis/cc95fa8b-32f9-49eb-8128-f32505e861b0: Starting segment from index:0
2019-09-12 10:32:25,265 [f85b420b-0060-4bb9-9f68-598eed9b442f-SegmentedRaftLogWorker:Storage Directory /workdir/hadoop-ozone/integration-test/target/test-dir/MiniOzoneClusterImpl-39631bd2-f83c-4f24-acb2-4c1b273f2694/datanode-4/data/ratis/fdc74a02-c95f-4129-a098-141db36f1fc4] INFO  impl.PendingRequests (PendingRequests.java:sendNotLeaderResponses(202)) - f85b420b-0060-4bb9-9f68-598eed9b442f-PendingRequests: sendNotLeaderResponses
2019-09-12 10:32:25,264 [a95fd1d5-e9a9-4526-b4c7-6aa1a85e40e9:group-0A1A55BC3C3C:LeaderElection160] INFO  impl.RoleInfo (RoleInfo.java:updateAndGet(143)) - a95fd1d5-e9a9-4526-b4c7-6aa1a85e40e9: start LeaderState
2019-09-12 10:32:25,950 | INFO  | SCMAudit | user=jenkins1000 | ip=192.168.36.114 | op=SEND_HEARTBEAT {datanodeUUID=c54af6f8-a22e-478f-90e1-029d14059a99, command=[]} | ret=SUCCESS |  
2019-09-12 10:32:25,950 | INFO  | SCMAudit | user=jenkins1000 | ip=192.168.36.114 | op=SEND_HEARTBEAT {datanodeUUID=334c5273-7871-4d53-8b37-de05e5a3be10, command=[]} | ret=SUCCESS |  
2019-09-12 10:32:25,950 | INFO  | SCMAudit | user=jenkins1000 | ip=192.168.36.114 | op=SEND_HEARTBEAT {datanodeUUID=1349d5ba-07d4-450a-9218-4f0361201438, command=[]} | ret=SUCCESS |  
2019-09-12 10:32:25,950 | INFO  | SCMAudit | user=jenkins1000 | ip=192.168.36.114 | op=SEND_HEARTBEAT {datanodeUUID=d9d65fd8-d100-497d-8460-9a4cf62b4ad5, command=[]} | ret=SUCCESS |  
2019-09-12 10:32:25,950 | INFO  | SCMAudit | user=jenkins1000 | ip=192.168.36.114 | op=SEND_HEARTBEAT {datanodeUUID=57729e88-c64a-441d-a40e-ceaddf64552e, command=[]} | ret=SUCCESS |  
2019-09-12 10:32:25,950 | INFO  | SCMAudit | user=jenkins1000 | ip=192.168.36.114 | op=SEND_HEARTBEAT {datanodeUUID=f8fc8350-8b83-4a15-89e6-430db21616f7, command=[]} | ret=SUCCESS |  
2019-09-12 10:32:25,950 | INFO  | SCMAudit | user=jenkins1000 | ip=192.168.36.114 | op=SEND_HEARTBEAT {datanodeUUID=2df0b56f-bcaf-45a1-b35e-f30a30c5f26c, command=[]} | ret=SUCCESS |  
2019-09-12 10:32:25,950 | INFO  | SCMAudit | user=jenkins1000 | ip=192.168.36.114 | op=SEND_HEARTBEAT {datanodeUUID=873ff125-9641-4674-9775-ec96c107c12e, command=[]} | ret=SUCCESS |  
2019-09-12 10:32:25,950 | INFO  | SCMAudit | user=jenkins1000 | ip=192.168.36.114 | op=SEND_HEARTBEAT {datanodeUUID=9616c881-dbb1-48da-90dd-a872ed779a2e, command=[]} | ret=SUCCESS |  
2019-09-12 10:32:25,950 | INFO  | SCMAudit | user=jenkins1000 | ip=192.168.36.114 | op=SEND_HEARTBEAT {datanodeUUID=edb6c4a3-9bf1-4f2e-8ef0-c37d9a0378de, command=[]} | ret=SUCCESS |  
2019-09-12 10:32:25,950 | INFO  | SCMAudit | user=jenkins1000 | ip=192.168.36.114 | op=SEND_HEARTBEAT {datanodeUUID=b6dd7c38-f675-445e-811b-15cf17d56c0a, command=[]} | ret=SUCCESS |  
2019-09-12 10:32:25,950 | INFO  | SCMAudit | user=jenkins1000 | ip=192.168.36.114 | op=SEND_HEARTBEAT {datanodeUUID=eaeff1e2-de9c-4510-872d-283eb6c3c330, command=[]} | ret=SUCCESS |  
2019-09-12 10:32:25,950 | INFO  | SCMAudit | user=jenkins1000 | ip=192.168.36.114 | op=SEND_HEARTBEAT {datanodeUUID=caccd92c-2544-4e02-86cf-95849f240c1b, command=[]} | ret=SUCCESS |  
2019-09-12 10:32:25,950 | INFO  | SCMAudit | user=jenkins1000 | ip=192.168.36.114 | op=SEND_HEARTBEAT {datanodeUUID=2cb9d557-cb56-4745-8686-5e72b62e748a, command=[]} | ret=SUCCESS |  
2019-09-12 10:32:25,950 | INFO  | SCMAudit | user=jenkins1000 | ip=192.168.36.114 | op=SEND_HEARTBEAT {datanodeUUID=d40ec8ee-ac9e-41d6-86bd-e74a05605b85, command=[]} | ret=SUCCESS |  
2019-09-12 10:32:25,950 | INFO  | SCMAudit | user=jenkins1000 | ip=192.168.36.114 | op=SEND_HEARTBEAT {datanodeUUID=c9031a36-5f7c-4098-8bea-8a46141708a6, command=[]} | ret=SUCCESS |  
2019-09-12 10:32:25,950 | INFO  | SCMAudit | user=jenkins1000 | ip=192.168.36.114 | op=SEND_HEARTBEAT {datanodeUUID=ad8ae342-df06-4311-9d84-524877c98111, command=[]} | ret=SUCCESS |  
2019-09-12 10:32:25,950 | INFO  | SCMAudit | user=jenkins1000 | ip=192.168.36.114 | op=SEND_HEARTBEAT {datanodeUUID=c1e71898-521f-4627-a3f1-9884c4b96ced, command=[]} | ret=SUCCESS |  
2019-09-12 10:32:25,950 | INFO  | SCMAudit | user=jenkins1000 | ip=192.168.36.114 | op=SEND_HEARTBEAT {datanodeUUID=accf000b-d7b7-4fa5-9682-da82c4451e10, command=[]} | ret=SUCCESS |  
2019-09-12 10:32:25,950 | INFO  | SCMAudit | user=jenkins1000 | ip=192.168.36.114 | op=SEND_HEARTBEAT {datanodeUUID=22ce2f4b-d517-44cf-8041-712d813e08f3, command=[]} | ret=SUCCESS |  
2019-09-12 10:32:25,950 | INFO  | SCMAudit | user=jenkins1000 | ip=192.168.36.114 | op=SEND_HEARTBEAT {datanodeUUID=2d50b591-d6e4-490f-9fa0-973ad5423bd7, command=[]} | ret=SUCCESS |  
2019-09-12 10:32:25,950 | INFO  | SCMAudit | user=jenkins1000 | ip=192.168.36.114 | op=SEND_HEARTBEAT {datanodeUUID=39df7a3f-9691-48d4-a2b1-6888489a5f8a, command=[]} | ret=SUCCESS |  
2019-09-12 10:32:25,950 | INFO  | SCMAudit | user=jenkins1000 | ip=192.168.36.114 | op=SEND_HEARTBEAT {datanodeUUID=bcda0514-d42e-47ca-96fd-c0a633e872a8, command=[]} | ret=SUCCESS |  
2019-09-12 10:32:25,950 | INFO  | SCMAudit | user=jenkins1000 | ip=192.168.36.114 | op=SEND_HEARTBEAT {datanodeUUID=f17b4253-95a0-4ee6-8ded-88f070f15b33, command=[]} | ret=SUCCESS |  
2019-09-12 10:32:25,950 | INFO  | SCMAudit | user=jenkins1000 | ip=192.168.36.114 | op=SEND_HEARTBEAT {datanodeUUID=f85b420b-0060-4bb9-9f68-598eed9b442f, command=[]} | ret=SUCCESS |  
2019-09-12 10:32:25,950 | INFO  | SCMAudit | user=jenkins1000 | ip=192.168.36.114 | op=SEND_HEARTBEAT {datanodeUUID=ff438662-24cf-49bb-bfc5-3308ec6d286b, command=[]} | ret=SUCCESS |  
2019-09-12 10:32:25,950 | INFO  | SCMAudit | user=jenkins1000 | ip=192.168.36.114 | op=SEND_HEARTBEAT {datanodeUUID=a95fd1d5-e9a9-4526-b4c7-6aa1a85e40e9, command=[]} | ret=SUCCESS |  
2019-09-12 10:32:25,950 | INFO  | SCMAudit | user=jenkins1000 | ip=192.168.36.114 | op=SEND_HEARTBEAT {datanodeUUID=5dd0cd62-5770-41dd-9e5a-f3f3eedc40c1, command=[]} | ret=SUCCESS |  
2019-09-12 10:32:25,265 [a95fd1d5-e9a9-4526-b4c7-6aa1a85e40e9:group-220D3FE9F144:LeaderElection159] INFO  impl.RaftServerImpl (ServerState.java:setRaftConf(361)) - a95fd1d5-e9a9-4526-b4c7-6aa1a85e40e9:group-220D3FE9F144 set configuration 0: [a95fd1d5-e9a9-4526-b4c7-6aa1a85e40e9:192.168.36.114:44353], old=null at 0
2019-09-12 10:32:25,265 [a95fd1d5-e9a9-4526-b4c7-6aa1a85e40e9-SegmentedRaftLogWorker:Storage Directory /workdir/hadoop-ozone/integration-test/target/test-dir/MiniOzoneClusterImpl-39631bd2-f83c-4f24-acb2-4c1b273f2694/datanode-0/data/ratis/eeb9477f-064b-48d6-b582-1cb2c2ba02ed] INFO  impl.PendingRequests (PendingRequests.java:sendNotLeaderResponses(202)) - a95fd1d5-e9a9-4526-b4c7-6aa1a85e40e9-PendingRequests: sendNotLeaderResponses
2019-09-12 10:32:25,265 [873ff125-9641-4674-9775-ec96c107c12e-SegmentedRaftLogWorker:Storage Directory /workdir/hadoop-ozone/integration-test/target/test-dir/MiniOzoneClusterImpl-39631bd2-f83c-4f24-acb2-4c1b273f2694/datanode-6/data/ratis/5bad09c8-dc29-4f83-b917-76d6b7b053ca] INFO  util.JmxRegister (JmxRegister.java:unregister(73)) - Successfully un-registered JMX Bean with object name Ratis:service=RaftServer,group=group-76D6B7B053CA,id=873ff125-9641-4674-9775-ec96c107c12e
2019-09-12 10:32:25,952 [a95fd1d5-e9a9-4526-b4c7-6aa1a85e40e9-SegmentedRaftLogWorker:Storage Directory /workdir/hadoop-ozone/integration-test/target/test-dir/MiniOzoneClusterImpl-39631bd2-f83c-4f24-acb2-4c1b273f2694/datanode-0/data/ratis/eeb9477f-064b-48d6-b582-1cb2c2ba02ed] INFO  impl.StateMachineUpdater (StateMachineUpdater.java:stopAndJoin(115)) - StateMachineUpdater:a95fd1d5-e9a9-4526-b4c7-6aa1a85e40e9:group-1CB2C2BA02ED: set stopIndex = -1
2019-09-12 10:32:25,951 [a95fd1d5-e9a9-4526-b4c7-6aa1a85e40e9:group-0A1A55BC3C3C:LeaderElection160] INFO  segmented.SegmentedRaftLogWorker (SegmentedRaftLogWorker.java:startLogSegment(380)) - a95fd1d5-e9a9-4526-b4c7-6aa1a85e40e9-SegmentedRaftLogWorker:Storage Directory /workdir/hadoop-ozone/integration-test/target/test-dir/MiniOzoneClusterImpl-39631bd2-f83c-4f24-acb2-4c1b273f2694/datanode-0/data/ratis/76f1e79c-ce68-4ae3-9975-0a1a55bc3c3c: Starting segment from index:0
2019-09-12 10:32:25,951 [f85b420b-0060-4bb9-9f68-598eed9b442f-SegmentedRaftLogWorker:Storage Directory /workdir/hadoop-ozone/integration-test/target/test-dir/MiniOzoneClusterImpl-39631bd2-f83c-4f24-acb2-4c1b273f2694/datanode-4/data/ratis/fdc74a02-c95f-4129-a098-141db36f1fc4] INFO  impl.StateMachineUpdater (StateMachineUpdater.java:stopAndJoin(115)) - StateMachineUpdater:f85b420b-0060-4bb9-9f68-598eed9b442f:group-141DB36F1FC4: set stopIndex = -1
2019-09-12 10:32:25,622 [edb6c4a3-9bf1-4f2e-8ef0-c37d9a0378de:group-F32505E861B0:LeaderElection157] INFO  impl.RaftServerImpl (ServerState.java:setRaftConf(361)) - edb6c4a3-9bf1-4f2e-8ef0-c37d9a0378de:group-F32505E861B0 set configuration 0: [edb6c4a3-9bf1-4f2e-8ef0-c37d9a0378de:192.168.36.114:33776], old=null at 0
2019-09-12 10:32:25,952 [f85b420b-0060-4bb9-9f68-598eed9b442f-SegmentedRaftLogWorker:Storage Directory /workdir/hadoop-ozone/integration-test/target/test-dir/MiniOzoneClusterImpl-39631bd2-f83c-4f24-acb2-4c1b273f2694/datanode-4/data/ratis/fdc74a02-c95f-4129-a098-141db36f1fc4] INFO  impl.RaftServerImpl (ServerState.java:close(394)) - f85b420b-0060-4bb9-9f68-598eed9b442f:group-141DB36F1FC4 closes. The last applied log index is -1
2019-09-12 10:32:25,952 [a95fd1d5-e9a9-4526-b4c7-6aa1a85e40e9-SegmentedRaftLogWorker:Storage Directory /workdir/hadoop-ozone/integration-test/target/test-dir/MiniOzoneClusterImpl-39631bd2-f83c-4f24-acb2-4c1b273f2694/datanode-0/data/ratis/eeb9477f-064b-48d6-b582-1cb2c2ba02ed] INFO  impl.RaftServerImpl (ServerState.java:close(394)) - a95fd1d5-e9a9-4526-b4c7-6aa1a85e40e9:group-1CB2C2BA02ED closes. The last applied log index is -1
2019-09-12 10:32:25,952 [873ff125-9641-4674-9775-ec96c107c12e-SegmentedRaftLogWorker:Storage Directory /workdir/hadoop-ozone/integration-test/target/test-dir/MiniOzoneClusterImpl-39631bd2-f83c-4f24-acb2-4c1b273f2694/datanode-6/data/ratis/5bad09c8-dc29-4f83-b917-76d6b7b053ca] INFO  impl.RoleInfo (RoleInfo.java:shutdownLeaderState(104)) - 873ff125-9641-4674-9775-ec96c107c12e: shutdown LeaderState
2019-09-12 10:32:26,321 [a95fd1d5-e9a9-4526-b4c7-6aa1a85e40e9-SegmentedRaftLogWorker:Storage Directory /workdir/hadoop-ozone/integration-test/target/test-dir/MiniOzoneClusterImpl-39631bd2-f83c-4f24-acb2-4c1b273f2694/datanode-0/data/ratis/eeb9477f-064b-48d6-b582-1cb2c2ba02ed] INFO  segmented.SegmentedRaftLogWorker (SegmentedRaftLogWorker.java:close(228)) - a95fd1d5-e9a9-4526-b4c7-6aa1a85e40e9-SegmentedRaftLogWorker:Storage Directory /workdir/hadoop-ozone/integration-test/target/test-dir/MiniOzoneClusterImpl-39631bd2-f83c-4f24-acb2-4c1b273f2694/datanode-0/data/ratis/eeb9477f-064b-48d6-b582-1cb2c2ba02ed close()
2019-09-12 10:32:26,321 [f85b420b-0060-4bb9-9f68-598eed9b442f-SegmentedRaftLogWorker:Storage Directory /workdir/hadoop-ozone/integration-test/target/test-dir/MiniOzoneClusterImpl-39631bd2-f83c-4f24-acb2-4c1b273f2694/datanode-4/data/ratis/fdc74a02-c95f-4129-a098-141db36f1fc4] INFO  segmented.SegmentedRaftLogWorker (SegmentedRaftLogWorker.java:close(228)) - f85b420b-0060-4bb9-9f68-598eed9b442f-SegmentedRaftLogWorker:Storage Directory /workdir/hadoop-ozone/integration-test/target/test-dir/MiniOzoneClusterImpl-39631bd2-f83c-4f24-acb2-4c1b273f2694/datanode-4/data/ratis/fdc74a02-c95f-4129-a098-141db36f1fc4 close()
2019-09-12 10:32:25,952 [a95fd1d5-e9a9-4526-b4c7-6aa1a85e40e9:group-0A1A55BC3C3C:LeaderElection160] INFO  impl.RaftServerImpl (ServerState.java:setRaftConf(361)) - a95fd1d5-e9a9-4526-b4c7-6aa1a85e40e9:group-0A1A55BC3C3C set configuration 0: [a95fd1d5-e9a9-4526-b4c7-6aa1a85e40e9:192.168.36.114:44353], old=null at 0
2019-09-12 10:32:26,320 [a95fd1d5-e9a9-4526-b4c7-6aa1a85e40e9-SegmentedRaftLogWorker:Storage Directory /workdir/hadoop-ozone/integration-test/target/test-dir/MiniOzoneClusterImpl-39631bd2-f83c-4f24-acb2-4c1b273f2694/datanode-0/data/ratis/77f1372d-ffe7-441f-a1fc-01b47ffbfec3] ERROR segmented.SegmentedRaftLogWorker (SegmentedRaftLogWorker.java:run(323)) - a95fd1d5-e9a9-4526-b4c7-6aa1a85e40e9-SegmentedRaftLogWorker:Storage Directory /workdir/hadoop-ozone/integration-test/target/test-dir/MiniOzoneClusterImpl-39631bd2-f83c-4f24-acb2-4c1b273f2694/datanode-0/data/ratis/77f1372d-ffe7-441f-a1fc-01b47ffbfec3 hit exception
java.lang.OutOfMemoryError: Direct buffer memory
	at java.nio.Bits.reserveMemory(Bits.java:666)
	at java.nio.DirectByteBuffer.<init>(DirectByteBuffer.java:123)
	at java.nio.ByteBuffer.allocateDirect(ByteBuffer.java:311)
	at org.apache.ratis.server.raftlog.segmented.BufferedWriteChannel.<init>(BufferedWriteChannel.java:41)
	at org.apache.ratis.server.raftlog.segmented.SegmentedRaftLogOutputStream.<init>(SegmentedRaftLogOutputStream.java:72)
	at org.apache.ratis.server.raftlog.segmented.SegmentedRaftLogWorker$StartLogSegment.execute(SegmentedRaftLogWorker.java:566)
	at org.apache.ratis.server.raftlog.segmented.SegmentedRaftLogWorker.run(SegmentedRaftLogWorker.java:289)
	at java.lang.Thread.run(Thread.java:748)
2019-09-12 10:32:26,320 [a95fd1d5-e9a9-4526-b4c7-6aa1a85e40e9-SegmentedRaftLogWorker:Storage Directory /workdir/hadoop-ozone/integration-test/target/test-dir/MiniOzoneClusterImpl-39631bd2-f83c-4f24-acb2-4c1b273f2694/datanode-0/data/ratis/b9405b0b-c398-4b69-a4b6-63e39a8aa019] ERROR segmented.SegmentedRaftLogWorker (SegmentedRaftLogWorker.java:run(323)) - a95fd1d5-e9a9-4526-b4c7-6aa1a85e40e9-SegmentedRaftLogWorker:Storage Directory /workdir/hadoop-ozone/integration-test/target/test-dir/MiniOzoneClusterImpl-39631bd2-f83c-4f24-acb2-4c1b273f2694/datanode-0/data/ratis/b9405b0b-c398-4b69-a4b6-63e39a8aa019 hit exception
java.lang.OutOfMemoryError: Direct buffer memory
	at java.nio.Bits.reserveMemory(Bits.java:666)
	at java.nio.DirectByteBuffer.<init>(DirectByteBuffer.java:123)
	at java.nio.ByteBuffer.allocateDirect(ByteBuffer.java:311)
	at org.apache.ratis.server.raftlog.segmented.BufferedWriteChannel.<init>(BufferedWriteChannel.java:41)
	at org.apache.ratis.server.raftlog.segmented.SegmentedRaftLogOutputStream.<init>(SegmentedRaftLogOutputStream.java:72)
	at org.apache.ratis.server.raftlog.segmented.SegmentedRaftLogWorker$StartLogSegment.execute(SegmentedRaftLogWorker.java:566)
	at org.apache.ratis.server.raftlog.segmented.SegmentedRaftLogWorker.run(SegmentedRaftLogWorker.java:289)
	at java.lang.Thread.run(Thread.java:748)
2019-09-12 10:32:26,322 [a95fd1d5-e9a9-4526-b4c7-6aa1a85e40e9-SegmentedRaftLogWorker:Storage Directory /workdir/hadoop-ozone/integration-test/target/test-dir/MiniOzoneClusterImpl-39631bd2-f83c-4f24-acb2-4c1b273f2694/datanode-0/data/ratis/77f1372d-ffe7-441f-a1fc-01b47ffbfec3] INFO  impl.RaftServerImpl (RaftServerImpl.java:lambda$shutdown$3(245)) - a95fd1d5-e9a9-4526-b4c7-6aa1a85e40e9: shutdown group-01B47FFBFEC3
2019-09-12 10:32:26,321 [873ff125-9641-4674-9775-ec96c107c12e-SegmentedRaftLogWorker:Storage Directory /workdir/hadoop-ozone/integration-test/target/test-dir/MiniOzoneClusterImpl-39631bd2-f83c-4f24-acb2-4c1b273f2694/datanode-6/data/ratis/5bad09c8-dc29-4f83-b917-76d6b7b053ca] INFO  impl.PendingRequests (PendingRequests.java:sendNotLeaderResponses(202)) - 873ff125-9641-4674-9775-ec96c107c12e-PendingRequests: sendNotLeaderResponses
2019-09-12 10:32:26,323 [a95fd1d5-e9a9-4526-b4c7-6aa1a85e40e9-SegmentedRaftLogWorker:Storage Directory /workdir/hadoop-ozone/integration-test/target/test-dir/MiniOzoneClusterImpl-39631bd2-f83c-4f24-acb2-4c1b273f2694/datanode-0/data/ratis/77f1372d-ffe7-441f-a1fc-01b47ffbfec3] INFO  util.JmxRegister (JmxRegister.java:unregister(73)) - Successfully un-registered JMX Bean with object name Ratis:service=RaftServer,group=group-01B47FFBFEC3,id=a95fd1d5-e9a9-4526-b4c7-6aa1a85e40e9
2019-09-12 10:32:26,323 [a95fd1d5-e9a9-4526-b4c7-6aa1a85e40e9-SegmentedRaftLogWorker:Storage Directory /workdir/hadoop-ozone/integration-test/target/test-dir/MiniOzoneClusterImpl-39631bd2-f83c-4f24-acb2-4c1b273f2694/datanode-0/data/ratis/77f1372d-ffe7-441f-a1fc-01b47ffbfec3] INFO  impl.RoleInfo (RoleInfo.java:shutdownLeaderState(104)) - a95fd1d5-e9a9-4526-b4c7-6aa1a85e40e9: shutdown LeaderState
2019-09-12 10:32:26,323 [a95fd1d5-e9a9-4526-b4c7-6aa1a85e40e9-SegmentedRaftLogWorker:Storage Directory /workdir/hadoop-ozone/integration-test/target/test-dir/MiniOzoneClusterImpl-39631bd2-f83c-4f24-acb2-4c1b273f2694/datanode-0/data/ratis/b9405b0b-c398-4b69-a4b6-63e39a8aa019] INFO  impl.RaftServerImpl (RaftServerImpl.java:lambda$shutdown$3(245)) - a95fd1d5-e9a9-4526-b4c7-6aa1a85e40e9: shutdown group-63E39A8AA019
2019-09-12 10:32:26,323 [a95fd1d5-e9a9-4526-b4c7-6aa1a85e40e9-SegmentedRaftLogWorker:Storage Directory /workdir/hadoop-ozone/integration-test/target/test-dir/MiniOzoneClusterImpl-39631bd2-f83c-4f24-acb2-4c1b273f2694/datanode-0/data/ratis/77f1372d-ffe7-441f-a1fc-01b47ffbfec3] INFO  impl.PendingRequests (PendingRequests.java:sendNotLeaderResponses(202)) - a95fd1d5-e9a9-4526-b4c7-6aa1a85e40e9-PendingRequests: sendNotLeaderResponses
2019-09-12 10:32:26,323 [873ff125-9641-4674-9775-ec96c107c12e-SegmentedRaftLogWorker:Storage Directory /workdir/hadoop-ozone/integration-test/target/test-dir/MiniOzoneClusterImpl-39631bd2-f83c-4f24-acb2-4c1b273f2694/datanode-6/data/ratis/5bad09c8-dc29-4f83-b917-76d6b7b053ca] INFO  impl.StateMachineUpdater (StateMachineUpdater.java:stopAndJoin(115)) - StateMachineUpdater:873ff125-9641-4674-9775-ec96c107c12e:group-76D6B7B053CA: set stopIndex = -1
2019-09-12 10:32:26,324 [a95fd1d5-e9a9-4526-b4c7-6aa1a85e40e9-SegmentedRaftLogWorker:Storage Directory /workdir/hadoop-ozone/integration-test/target/test-dir/MiniOzoneClusterImpl-39631bd2-f83c-4f24-acb2-4c1b273f2694/datanode-0/data/ratis/77f1372d-ffe7-441f-a1fc-01b47ffbfec3] INFO  impl.StateMachineUpdater (StateMachineUpdater.java:stopAndJoin(115)) - StateMachineUpdater:a95fd1d5-e9a9-4526-b4c7-6aa1a85e40e9:group-01B47FFBFEC3: set stopIndex = -1
2019-09-12 10:32:26,323 [a95fd1d5-e9a9-4526-b4c7-6aa1a85e40e9-SegmentedRaftLogWorker:Storage Directory /workdir/hadoop-ozone/integration-test/target/test-dir/MiniOzoneClusterImpl-39631bd2-f83c-4f24-acb2-4c1b273f2694/datanode-0/data/ratis/b9405b0b-c398-4b69-a4b6-63e39a8aa019] INFO  util.JmxRegister (JmxRegister.java:unregister(73)) - Successfully un-registered JMX Bean with object name Ratis:service=RaftServer,group=group-63E39A8AA019,id=a95fd1d5-e9a9-4526-b4c7-6aa1a85e40e9
2019-09-12 10:32:26,324 [a95fd1d5-e9a9-4526-b4c7-6aa1a85e40e9-SegmentedRaftLogWorker:Storage Directory /workdir/hadoop-ozone/integration-test/target/test-dir/MiniOzoneClusterImpl-39631bd2-f83c-4f24-acb2-4c1b273f2694/datanode-0/data/ratis/77f1372d-ffe7-441f-a1fc-01b47ffbfec3] INFO  impl.RaftServerImpl (ServerState.java:close(394)) - a95fd1d5-e9a9-4526-b4c7-6aa1a85e40e9:group-01B47FFBFEC3 closes. The last applied log index is -1
2019-09-12 10:32:26,324 [873ff125-9641-4674-9775-ec96c107c12e-SegmentedRaftLogWorker:Storage Directory /workdir/hadoop-ozone/integration-test/target/test-dir/MiniOzoneClusterImpl-39631bd2-f83c-4f24-acb2-4c1b273f2694/datanode-6/data/ratis/5bad09c8-dc29-4f83-b917-76d6b7b053ca] INFO  impl.RaftServerImpl (ServerState.java:close(394)) - 873ff125-9641-4674-9775-ec96c107c12e:group-76D6B7B053CA closes. The last applied log index is -1
2019-09-12 10:32:26,324 [a95fd1d5-e9a9-4526-b4c7-6aa1a85e40e9-SegmentedRaftLogWorker:Storage Directory /workdir/hadoop-ozone/integration-test/target/test-dir/MiniOzoneClusterImpl-39631bd2-f83c-4f24-acb2-4c1b273f2694/datanode-0/data/ratis/77f1372d-ffe7-441f-a1fc-01b47ffbfec3] INFO  segmented.SegmentedRaftLogWorker (SegmentedRaftLogWorker.java:close(228)) - a95fd1d5-e9a9-4526-b4c7-6aa1a85e40e9-SegmentedRaftLogWorker:Storage Directory /workdir/hadoop-ozone/integration-test/target/test-dir/MiniOzoneClusterImpl-39631bd2-f83c-4f24-acb2-4c1b273f2694/datanode-0/data/ratis/77f1372d-ffe7-441f-a1fc-01b47ffbfec3 close()
2019-09-12 10:32:26,324 [a95fd1d5-e9a9-4526-b4c7-6aa1a85e40e9-SegmentedRaftLogWorker:Storage Directory /workdir/hadoop-ozone/integration-test/target/test-dir/MiniOzoneClusterImpl-39631bd2-f83c-4f24-acb2-4c1b273f2694/datanode-0/data/ratis/b9405b0b-c398-4b69-a4b6-63e39a8aa019] INFO  impl.RoleInfo (RoleInfo.java:shutdownLeaderState(104)) - a95fd1d5-e9a9-4526-b4c7-6aa1a85e40e9: shutdown LeaderState
2019-09-12 10:32:26,324 [873ff125-9641-4674-9775-ec96c107c12e-SegmentedRaftLogWorker:Storage Directory /workdir/hadoop-ozone/integration-test/target/test-dir/MiniOzoneClusterImpl-39631bd2-f83c-4f24-acb2-4c1b273f2694/datanode-6/data/ratis/5bad09c8-dc29-4f83-b917-76d6b7b053ca] INFO  segmented.SegmentedRaftLogWorker (SegmentedRaftLogWorker.java:close(228)) - 873ff125-9641-4674-9775-ec96c107c12e-SegmentedRaftLogWorker:Storage Directory /workdir/hadoop-ozone/integration-test/target/test-dir/MiniOzoneClusterImpl-39631bd2-f83c-4f24-acb2-4c1b273f2694/datanode-6/data/ratis/5bad09c8-dc29-4f83-b917-76d6b7b053ca close()
2019-09-12 10:32:26,324 [a95fd1d5-e9a9-4526-b4c7-6aa1a85e40e9-SegmentedRaftLogWorker:Storage Directory /workdir/hadoop-ozone/integration-test/target/test-dir/MiniOzoneClusterImpl-39631bd2-f83c-4f24-acb2-4c1b273f2694/datanode-0/data/ratis/b9405b0b-c398-4b69-a4b6-63e39a8aa019] INFO  impl.PendingRequests (PendingRequests.java:sendNotLeaderResponses(202)) - a95fd1d5-e9a9-4526-b4c7-6aa1a85e40e9-PendingRequests: sendNotLeaderResponses
2019-09-12 10:32:26,325 [a95fd1d5-e9a9-4526-b4c7-6aa1a85e40e9-SegmentedRaftLogWorker:Storage Directory /workdir/hadoop-ozone/integration-test/target/test-dir/MiniOzoneClusterImpl-39631bd2-f83c-4f24-acb2-4c1b273f2694/datanode-0/data/ratis/b9405b0b-c398-4b69-a4b6-63e39a8aa019] INFO  impl.StateMachineUpdater (StateMachineUpdater.java:stopAndJoin(115)) - StateMachineUpdater:a95fd1d5-e9a9-4526-b4c7-6aa1a85e40e9:group-63E39A8AA019: set stopIndex = -1
2019-09-12 10:32:26,325 [a95fd1d5-e9a9-4526-b4c7-6aa1a85e40e9-SegmentedRaftLogWorker:Storage Directory /workdir/hadoop-ozone/integration-test/target/test-dir/MiniOzoneClusterImpl-39631bd2-f83c-4f24-acb2-4c1b273f2694/datanode-0/data/ratis/b9405b0b-c398-4b69-a4b6-63e39a8aa019] INFO  impl.RaftServerImpl (ServerState.java:close(394)) - a95fd1d5-e9a9-4526-b4c7-6aa1a85e40e9:group-63E39A8AA019 closes. The last applied log index is -1
2019-09-12 10:32:26,325 [a95fd1d5-e9a9-4526-b4c7-6aa1a85e40e9-SegmentedRaftLogWorker:Storage Directory /workdir/hadoop-ozone/integration-test/target/test-dir/MiniOzoneClusterImpl-39631bd2-f83c-4f24-acb2-4c1b273f2694/datanode-0/data/ratis/b9405b0b-c398-4b69-a4b6-63e39a8aa019] INFO  segmented.SegmentedRaftLogWorker (SegmentedRaftLogWorker.java:close(228)) - a95fd1d5-e9a9-4526-b4c7-6aa1a85e40e9-SegmentedRaftLogWorker:Storage Directory /workdir/hadoop-ozone/integration-test/target/test-dir/MiniOzoneClusterImpl-39631bd2-f83c-4f24-acb2-4c1b273f2694/datanode-0/data/ratis/b9405b0b-c398-4b69-a4b6-63e39a8aa019 close()
2019-09-12 10:32:26,330 [main] INFO  om.OzoneManager (OzoneManager.java:start(1256)) - OzoneManager RPC server is listening at localhost/127.0.0.1:42444
2019-09-12 10:32:26,330 [main] INFO  impl.MetricsSystemImpl (MetricsSystemImpl.java:init(158)) - OzoneManager metrics system started (again)
2019-09-12 10:32:26,331 [IPC Server listener on 42444] INFO  ipc.Server (Server.java:run(1153)) - IPC Server listener on 42444: starting
2019-09-12 10:32:26,331 [IPC Server Responder] INFO  ipc.Server (Server.java:run(1314)) - IPC Server Responder: starting
2019-09-12 10:32:26,352 [main] INFO  hdfs.DFSUtil (DFSUtil.java:httpServerTemplateForNNAndJN(1641)) - Starting Web-server for ozoneManager at: http://0.0.0.0:0
2019-09-12 10:32:26,354 [main] INFO  server.AuthenticationFilter (AuthenticationFilter.java:constructSecretProvider(240)) - Unable to initialize FileSignerSecretProvider, falling back to use random secrets.
2019-09-12 10:32:26,354 [main] WARN  http.HttpRequestLog (HttpRequestLog.java:getRequestLog(97)) - Jetty request log can only be enabled using Log4j
2019-09-12 10:32:26,356 [main] INFO  http.HttpServer2 (HttpServer2.java:addGlobalFilter(975)) - Added global filter 'safety' (class=org.apache.hadoop.http.HttpServer2$QuotingInputFilter)
2019-09-12 10:32:26,356 [main] INFO  http.HttpServer2 (HttpServer2.java:addFilter(948)) - Added filter static_user_filter (class=org.apache.hadoop.http.lib.StaticUserWebFilter$StaticUserFilter) to context ozoneManager
2019-09-12 10:32:26,356 [main] INFO  http.HttpServer2 (HttpServer2.java:addFilter(958)) - Added filter static_user_filter (class=org.apache.hadoop.http.lib.StaticUserWebFilter$StaticUserFilter) to context static
2019-09-12 10:32:26,356 [main] INFO  http.HttpServer2 (HttpServer2.java:addFilter(958)) - Added filter static_user_filter (class=org.apache.hadoop.http.lib.StaticUserWebFilter$StaticUserFilter) to context logs
2019-09-12 10:32:26,357 [main] INFO  http.HttpServer2 (HttpServer2.java:bindListener(1191)) - Jetty bound to port 35295
2019-09-12 10:32:26,357 [main] INFO  server.Server (Server.java:doStart(351)) - jetty-9.3.24.v20180605, build timestamp: 2018-06-05T17:11:56Z, git hash: 84205aa28f11a4f31f2a3b86d1bba2cc8ab69827
2019-09-12 10:32:26,359 [main] INFO  handler.ContextHandler (ContextHandler.java:doStart(781)) - Started o.e.j.s.ServletContextHandler@1ab780fd{/logs,file:///workdir/hadoop-ozone/integration-test/target/log,AVAILABLE}
2019-09-12 10:32:26,359 [main] INFO  handler.ContextHandler (ContextHandler.java:doStart(781)) - Started o.e.j.s.ServletContextHandler@495598c5{/static,file:///workdir/hadoop-ozone/integration-test/target/test-classes/webapps/static,AVAILABLE}
2019-09-12 10:32:26,363 [main] INFO  handler.ContextHandler (ContextHandler.java:doStart(781)) - Started o.e.j.w.WebAppContext@f4b2d13{/,file:///workdir/hadoop-ozone/integration-test/target/test-classes/webapps/ozoneManager/,AVAILABLE}{/ozoneManager}
2019-09-12 10:32:26,363 [main] INFO  server.AbstractConnector (AbstractConnector.java:doStart(278)) - Started ServerConnector@7154a248{HTTP/1.1,[http/1.1]}{0.0.0.0:35295}
2019-09-12 10:32:26,373 [main] INFO  server.Server (Server.java:doStart(419)) - Started @77712ms
2019-09-12 10:32:26,374 [main] INFO  server.BaseHttpServer (BaseHttpServer.java:updateConnectorAddress(213)) - HTTP server of OZONEMANAGER is listening at http://0.0.0.0:35295
2019-09-12 10:32:26,385 [main] INFO  impl.MetricsSystemImpl (MetricsSystemImpl.java:init(158)) - HddsDatanode metrics system started (again)
2019-09-12 10:32:26,641 [main] INFO  ozone.HddsDatanodeService (HddsDatanodeService.java:start(184)) - HddsDatanodeService host:pr-hdds-1569-58hkm-1881083799 ip:192.168.36.114
2019-09-12 10:32:26,674 [main] INFO  volume.HddsVolume (HddsVolume.java:<init>(176)) - Creating Volume: /workdir/hadoop-ozone/integration-test/target/test-dir/MiniOzoneClusterImpl-fac5a39b-1f62-44b0-aedf-fae56ce7e72b/datanode-0/data/containers/hdds of  storage type : DISK and capacity : 1482555576320
2019-09-12 10:32:26,674 [main] INFO  volume.VolumeSet (VolumeSet.java:initializeVolumeSet(170)) - Added Volume : /workdir/hadoop-ozone/integration-test/target/test-dir/MiniOzoneClusterImpl-fac5a39b-1f62-44b0-aedf-fae56ce7e72b/datanode-0/data/containers/hdds to VolumeSet
2019-09-12 10:32:26,674 [main] INFO  volume.ThrottledAsyncChecker (ThrottledAsyncChecker.java:schedule(140)) - Scheduling a check for org.apache.hadoop.ozone.container.common.volume.HddsVolume@535adf36
2019-09-12 10:32:26,675 [main] INFO  volume.HddsVolumeChecker (HddsVolumeChecker.java:checkAllVolumes(203)) - Scheduled health check for volume org.apache.hadoop.ozone.container.common.volume.HddsVolume@535adf36
2019-09-12 10:32:26,715 [main] INFO  impl.RaftServerProxy (ConfUtils.java:logGet(43)) - raft.rpc.type = GRPC (default)
2019-09-12 10:32:26,715 [main] INFO  grpc.GrpcFactory (GrpcFactory.java:checkPooledByteBufAllocatorUseCacheForAllThreads(45)) - PERFORMANCE WARNING: useCacheForAllThreads is true that may cause Netty to create a lot garbage objects and, as a result, trigger GC.
	It is recommended to disable useCacheForAllThreads by setting -Dorg.apache.ratis.thirdparty.io.netty.allocator.useCacheForAllThreads=false in command line.
2019-09-12 10:32:26,716 [main] INFO  grpc.GrpcConfigKeys$Server (ConfUtils.java:logGet(43)) - raft.grpc.server.port = 0 (default)
2019-09-12 10:32:26,716 [main] INFO  server.GrpcService (ConfUtils.java:logGet(43)) - raft.grpc.message.size.max = 33570816 (custom)
2019-09-12 10:32:26,716 [main] INFO  server.RaftServerConfigKeys (ConfUtils.java:logGet(43)) - raft.server.log.appender.buffer.byte-limit = 33554432 (custom)
2019-09-12 10:32:26,716 [main] INFO  server.GrpcService (ConfUtils.java:logGet(43)) - raft.grpc.flow.control.window = 1MB (=1048576) (default)
2019-09-12 10:32:26,716 [main] INFO  server.RaftServerConfigKeys (ConfUtils.java:logGet(43)) - raft.server.rpc.request.timeout = 3000ms (default)
2019-09-12 10:32:26,717 [main] INFO  server.RaftServerConfigKeys (ConfUtils.java:logGet(43)) - raft.server.storage.dir = [/workdir/hadoop-ozone/integration-test/target/test-dir/MiniOzoneClusterImpl-fac5a39b-1f62-44b0-aedf-fae56ce7e72b/datanode-0/data/ratis] (custom)
2019-09-12 10:32:26,717 [main] INFO  replication.SimpleContainerDownloader (SimpleContainerDownloader.java:<init>(72)) - Starting container downloader service to copy containers to replicate.
2019-09-12 10:32:26,718 [main] INFO  hdfs.DFSUtil (DFSUtil.java:httpServerTemplateForNNAndJN(1641)) - Starting Web-server for hddsDatanode at: http://0.0.0.0:0
2019-09-12 10:32:26,721 [main] INFO  server.AuthenticationFilter (AuthenticationFilter.java:constructSecretProvider(240)) - Unable to initialize FileSignerSecretProvider, falling back to use random secrets.
2019-09-12 10:32:26,721 [main] WARN  http.HttpRequestLog (HttpRequestLog.java:getRequestLog(97)) - Jetty request log can only be enabled using Log4j
2019-09-12 10:32:26,723 [main] INFO  http.HttpServer2 (HttpServer2.java:addGlobalFilter(975)) - Added global filter 'safety' (class=org.apache.hadoop.http.HttpServer2$QuotingInputFilter)
2019-09-12 10:32:26,724 [main] INFO  http.HttpServer2 (HttpServer2.java:addFilter(948)) - Added filter static_user_filter (class=org.apache.hadoop.http.lib.StaticUserWebFilter$StaticUserFilter) to context hddsDatanode
2019-09-12 10:32:26,724 [main] INFO  http.HttpServer2 (HttpServer2.java:addFilter(958)) - Added filter static_user_filter (class=org.apache.hadoop.http.lib.StaticUserWebFilter$StaticUserFilter) to context static
2019-09-12 10:32:26,724 [main] INFO  http.HttpServer2 (HttpServer2.java:addFilter(958)) - Added filter static_user_filter (class=org.apache.hadoop.http.lib.StaticUserWebFilter$StaticUserFilter) to context logs
2019-09-12 10:32:26,725 [main] INFO  http.HttpServer2 (HttpServer2.java:bindListener(1191)) - Jetty bound to port 36951
2019-09-12 10:32:26,725 [main] INFO  server.Server (Server.java:doStart(351)) - jetty-9.3.24.v20180605, build timestamp: 2018-06-05T17:11:56Z, git hash: 84205aa28f11a4f31f2a3b86d1bba2cc8ab69827
2019-09-12 10:32:26,727 [main] INFO  handler.ContextHandler (ContextHandler.java:doStart(781)) - Started o.e.j.s.ServletContextHandler@27f8f1cc{/logs,file:///workdir/hadoop-ozone/integration-test/target/log,AVAILABLE}
2019-09-12 10:32:26,728 [main] INFO  handler.ContextHandler (ContextHandler.java:doStart(781)) - Started o.e.j.s.ServletContextHandler@3ede428e{/static,jar:file:/home/user/.m2/repository/org/apache/hadoop/hadoop-hdds-container-service/0.5.0-SNAPSHOT/hadoop-hdds-container-service-0.5.0-SNAPSHOT.jar!/webapps/static,AVAILABLE}
2019-09-12 10:32:26,769 [2df0b56f-bcaf-45a1-b35e-f30a30c5f26c-SegmentedRaftLogWorker:Storage Directory /workdir/hadoop-ozone/integration-test/target/test-dir/MiniOzoneClusterImpl-39631bd2-f83c-4f24-acb2-4c1b273f2694/datanode-3/data/ratis/44f8e9c2-003a-49a7-b74f-f6ed8df83672] ERROR segmented.SegmentedRaftLogWorker (SegmentedRaftLogWorker.java:run(323)) - 2df0b56f-bcaf-45a1-b35e-f30a30c5f26c-SegmentedRaftLogWorker:Storage Directory /workdir/hadoop-ozone/integration-test/target/test-dir/MiniOzoneClusterImpl-39631bd2-f83c-4f24-acb2-4c1b273f2694/datanode-3/data/ratis/44f8e9c2-003a-49a7-b74f-f6ed8df83672 hit exception
java.lang.OutOfMemoryError: Direct buffer memory
	at java.nio.Bits.reserveMemory(Bits.java:666)
	at java.nio.DirectByteBuffer.<init>(DirectByteBuffer.java:123)
	at java.nio.ByteBuffer.allocateDirect(ByteBuffer.java:311)
	at org.apache.ratis.server.raftlog.segmented.BufferedWriteChannel.<init>(BufferedWriteChannel.java:41)
	at org.apache.ratis.server.raftlog.segmented.SegmentedRaftLogOutputStream.<init>(SegmentedRaftLogOutputStream.java:72)
	at org.apache.ratis.server.raftlog.segmented.SegmentedRaftLogWorker$StartLogSegment.execute(SegmentedRaftLogWorker.java:566)
	at org.apache.ratis.server.raftlog.segmented.SegmentedRaftLogWorker.run(SegmentedRaftLogWorker.java:289)
	at java.lang.Thread.run(Thread.java:748)
2019-09-12 10:32:26,769 [edb6c4a3-9bf1-4f2e-8ef0-c37d9a0378de-SegmentedRaftLogWorker:Storage Directory /workdir/hadoop-ozone/integration-test/target/test-dir/MiniOzoneClusterImpl-39631bd2-f83c-4f24-acb2-4c1b273f2694/datanode-2/data/ratis/5a3286c1-d548-4b5c-b995-2213aa8565fb] ERROR segmented.SegmentedRaftLogWorker (SegmentedRaftLogWorker.java:run(323)) - edb6c4a3-9bf1-4f2e-8ef0-c37d9a0378de-SegmentedRaftLogWorker:Storage Directory /workdir/hadoop-ozone/integration-test/target/test-dir/MiniOzoneClusterImpl-39631bd2-f83c-4f24-acb2-4c1b273f2694/datanode-2/data/ratis/5a3286c1-d548-4b5c-b995-2213aa8565fb hit exception
java.lang.OutOfMemoryError: Direct buffer memory
	at java.nio.Bits.reserveMemory(Bits.java:666)
	at java.nio.DirectByteBuffer.<init>(DirectByteBuffer.java:123)
	at java.nio.ByteBuffer.allocateDirect(ByteBuffer.java:311)
	at org.apache.ratis.server.raftlog.segmented.BufferedWriteChannel.<init>(BufferedWriteChannel.java:41)
	at org.apache.ratis.server.raftlog.segmented.SegmentedRaftLogOutputStream.<init>(SegmentedRaftLogOutputStream.java:72)
	at org.apache.ratis.server.raftlog.segmented.SegmentedRaftLogWorker$StartLogSegment.execute(SegmentedRaftLogWorker.java:566)
	at org.apache.ratis.server.raftlog.segmented.SegmentedRaftLogWorker.run(SegmentedRaftLogWorker.java:289)
	at java.lang.Thread.run(Thread.java:748)
2019-09-12 10:32:26,770 [edb6c4a3-9bf1-4f2e-8ef0-c37d9a0378de-SegmentedRaftLogWorker:Storage Directory /workdir/hadoop-ozone/integration-test/target/test-dir/MiniOzoneClusterImpl-39631bd2-f83c-4f24-acb2-4c1b273f2694/datanode-2/data/ratis/5a3286c1-d548-4b5c-b995-2213aa8565fb] INFO  impl.RaftServerImpl (RaftServerImpl.java:lambda$shutdown$3(245)) - edb6c4a3-9bf1-4f2e-8ef0-c37d9a0378de: shutdown group-2213AA8565FB
2019-09-12 10:32:26,769 [2df0b56f-bcaf-45a1-b35e-f30a30c5f26c-SegmentedRaftLogWorker:Storage Directory /workdir/hadoop-ozone/integration-test/target/test-dir/MiniOzoneClusterImpl-39631bd2-f83c-4f24-acb2-4c1b273f2694/datanode-3/data/ratis/44f8e9c2-003a-49a7-b74f-f6ed8df83672] INFO  impl.RaftServerImpl (RaftServerImpl.java:lambda$shutdown$3(245)) - 2df0b56f-bcaf-45a1-b35e-f30a30c5f26c: shutdown group-F6ED8DF83672
2019-09-12 10:32:26,770 [edb6c4a3-9bf1-4f2e-8ef0-c37d9a0378de-SegmentedRaftLogWorker:Storage Directory /workdir/hadoop-ozone/integration-test/target/test-dir/MiniOzoneClusterImpl-39631bd2-f83c-4f24-acb2-4c1b273f2694/datanode-2/data/ratis/5a3286c1-d548-4b5c-b995-2213aa8565fb] INFO  util.JmxRegister (JmxRegister.java:unregister(73)) - Successfully un-registered JMX Bean with object name Ratis:service=RaftServer,group=group-2213AA8565FB,id=edb6c4a3-9bf1-4f2e-8ef0-c37d9a0378de
2019-09-12 10:32:26,770 [2df0b56f-bcaf-45a1-b35e-f30a30c5f26c-SegmentedRaftLogWorker:Storage Directory /workdir/hadoop-ozone/integration-test/target/test-dir/MiniOzoneClusterImpl-39631bd2-f83c-4f24-acb2-4c1b273f2694/datanode-3/data/ratis/44f8e9c2-003a-49a7-b74f-f6ed8df83672] INFO  util.JmxRegister (JmxRegister.java:unregister(73)) - Successfully un-registered JMX Bean with object name Ratis:service=RaftServer,group=group-F6ED8DF83672,id=2df0b56f-bcaf-45a1-b35e-f30a30c5f26c
2019-09-12 10:32:26,770 [edb6c4a3-9bf1-4f2e-8ef0-c37d9a0378de-SegmentedRaftLogWorker:Storage Directory /workdir/hadoop-ozone/integration-test/target/test-dir/MiniOzoneClusterImpl-39631bd2-f83c-4f24-acb2-4c1b273f2694/datanode-2/data/ratis/5a3286c1-d548-4b5c-b995-2213aa8565fb] INFO  impl.RoleInfo (RoleInfo.java:shutdownLeaderState(104)) - edb6c4a3-9bf1-4f2e-8ef0-c37d9a0378de: shutdown LeaderState
2019-09-12 10:32:26,770 [2df0b56f-bcaf-45a1-b35e-f30a30c5f26c-SegmentedRaftLogWorker:Storage Directory /workdir/hadoop-ozone/integration-test/target/test-dir/MiniOzoneClusterImpl-39631bd2-f83c-4f24-acb2-4c1b273f2694/datanode-3/data/ratis/44f8e9c2-003a-49a7-b74f-f6ed8df83672] INFO  impl.RoleInfo (RoleInfo.java:shutdownLeaderState(104)) - 2df0b56f-bcaf-45a1-b35e-f30a30c5f26c: shutdown LeaderState
2019-09-12 10:32:26,770 [edb6c4a3-9bf1-4f2e-8ef0-c37d9a0378de-SegmentedRaftLogWorker:Storage Directory /workdir/hadoop-ozone/integration-test/target/test-dir/MiniOzoneClusterImpl-39631bd2-f83c-4f24-acb2-4c1b273f2694/datanode-2/data/ratis/5a3286c1-d548-4b5c-b995-2213aa8565fb] INFO  impl.PendingRequests (PendingRequests.java:sendNotLeaderResponses(202)) - edb6c4a3-9bf1-4f2e-8ef0-c37d9a0378de-PendingRequests: sendNotLeaderResponses
2019-09-12 10:32:26,771 [2df0b56f-bcaf-45a1-b35e-f30a30c5f26c-SegmentedRaftLogWorker:Storage Directory /workdir/hadoop-ozone/integration-test/target/test-dir/MiniOzoneClusterImpl-39631bd2-f83c-4f24-acb2-4c1b273f2694/datanode-3/data/ratis/44f8e9c2-003a-49a7-b74f-f6ed8df83672] INFO  impl.PendingRequests (PendingRequests.java:sendNotLeaderResponses(202)) - 2df0b56f-bcaf-45a1-b35e-f30a30c5f26c-PendingRequests: sendNotLeaderResponses
2019-09-12 10:32:26,771 [edb6c4a3-9bf1-4f2e-8ef0-c37d9a0378de-SegmentedRaftLogWorker:Storage Directory /workdir/hadoop-ozone/integration-test/target/test-dir/MiniOzoneClusterImpl-39631bd2-f83c-4f24-acb2-4c1b273f2694/datanode-2/data/ratis/5a3286c1-d548-4b5c-b995-2213aa8565fb] INFO  impl.StateMachineUpdater (StateMachineUpdater.java:stopAndJoin(115)) - StateMachineUpdater:edb6c4a3-9bf1-4f2e-8ef0-c37d9a0378de:group-2213AA8565FB: set stopIndex = -1
2019-09-12 10:32:26,771 [2df0b56f-bcaf-45a1-b35e-f30a30c5f26c-SegmentedRaftLogWorker:Storage Directory /workdir/hadoop-ozone/integration-test/target/test-dir/MiniOzoneClusterImpl-39631bd2-f83c-4f24-acb2-4c1b273f2694/datanode-3/data/ratis/44f8e9c2-003a-49a7-b74f-f6ed8df83672] INFO  impl.StateMachineUpdater (StateMachineUpdater.java:stopAndJoin(115)) - StateMachineUpdater:2df0b56f-bcaf-45a1-b35e-f30a30c5f26c:group-F6ED8DF83672: set stopIndex = -1
2019-09-12 10:32:26,771 [edb6c4a3-9bf1-4f2e-8ef0-c37d9a0378de-SegmentedRaftLogWorker:Storage Directory /workdir/hadoop-ozone/integration-test/target/test-dir/MiniOzoneClusterImpl-39631bd2-f83c-4f24-acb2-4c1b273f2694/datanode-2/data/ratis/5a3286c1-d548-4b5c-b995-2213aa8565fb] INFO  impl.RaftServerImpl (ServerState.java:close(394)) - edb6c4a3-9bf1-4f2e-8ef0-c37d9a0378de:group-2213AA8565FB closes. The last applied log index is -1
2019-09-12 10:32:26,771 [2df0b56f-bcaf-45a1-b35e-f30a30c5f26c-SegmentedRaftLogWorker:Storage Directory /workdir/hadoop-ozone/integration-test/target/test-dir/MiniOzoneClusterImpl-39631bd2-f83c-4f24-acb2-4c1b273f2694/datanode-3/data/ratis/44f8e9c2-003a-49a7-b74f-f6ed8df83672] INFO  impl.RaftServerImpl (ServerState.java:close(394)) - 2df0b56f-bcaf-45a1-b35e-f30a30c5f26c:group-F6ED8DF83672 closes. The last applied log index is -1
2019-09-12 10:32:26,771 [edb6c4a3-9bf1-4f2e-8ef0-c37d9a0378de-SegmentedRaftLogWorker:Storage Directory /workdir/hadoop-ozone/integration-test/target/test-dir/MiniOzoneClusterImpl-39631bd2-f83c-4f24-acb2-4c1b273f2694/datanode-2/data/ratis/5a3286c1-d548-4b5c-b995-2213aa8565fb] INFO  segmented.SegmentedRaftLogWorker (SegmentedRaftLogWorker.java:close(228)) - edb6c4a3-9bf1-4f2e-8ef0-c37d9a0378de-SegmentedRaftLogWorker:Storage Directory /workdir/hadoop-ozone/integration-test/target/test-dir/MiniOzoneClusterImpl-39631bd2-f83c-4f24-acb2-4c1b273f2694/datanode-2/data/ratis/5a3286c1-d548-4b5c-b995-2213aa8565fb close()
2019-09-12 10:32:26,772 [2df0b56f-bcaf-45a1-b35e-f30a30c5f26c-SegmentedRaftLogWorker:Storage Directory /workdir/hadoop-ozone/integration-test/target/test-dir/MiniOzoneClusterImpl-39631bd2-f83c-4f24-acb2-4c1b273f2694/datanode-3/data/ratis/44f8e9c2-003a-49a7-b74f-f6ed8df83672] INFO  segmented.SegmentedRaftLogWorker (SegmentedRaftLogWorker.java:close(228)) - 2df0b56f-bcaf-45a1-b35e-f30a30c5f26c-SegmentedRaftLogWorker:Storage Directory /workdir/hadoop-ozone/integration-test/target/test-dir/MiniOzoneClusterImpl-39631bd2-f83c-4f24-acb2-4c1b273f2694/datanode-3/data/ratis/44f8e9c2-003a-49a7-b74f-f6ed8df83672 close()
2019-09-12 10:32:26,800 [main] INFO  handler.ContextHandler (ContextHandler.java:doStart(781)) - Started o.e.j.w.WebAppContext@66450129{/,file:///tmp/jetty-0.0.0.0-36951-hddsDatanode-_-any-2922864290314440682.dir/webapp/,AVAILABLE}{/hddsDatanode}
2019-09-12 10:32:26,801 [main] INFO  server.AbstractConnector (AbstractConnector.java:doStart(278)) - Started ServerConnector@14f1545c{HTTP/1.1,[http/1.1]}{0.0.0.0:36951}
2019-09-12 10:32:26,814 [main] INFO  server.Server (Server.java:doStart(419)) - Started @78152ms
2019-09-12 10:32:26,815 [main] INFO  server.BaseHttpServer (BaseHttpServer.java:updateConnectorAddress(213)) - HTTP server of HDDSDATANODE is listening at http://0.0.0.0:36951
2019-09-12 10:32:26,822 [edb6c4a3-9bf1-4f2e-8ef0-c37d9a0378de-SegmentedRaftLogWorker:Storage Directory /workdir/hadoop-ozone/integration-test/target/test-dir/MiniOzoneClusterImpl-39631bd2-f83c-4f24-acb2-4c1b273f2694/datanode-2/data/ratis/cc95fa8b-32f9-49eb-8128-f32505e861b0] ERROR segmented.SegmentedRaftLogWorker (SegmentedRaftLogWorker.java:run(323)) - edb6c4a3-9bf1-4f2e-8ef0-c37d9a0378de-SegmentedRaftLogWorker:Storage Directory /workdir/hadoop-ozone/integration-test/target/test-dir/MiniOzoneClusterImpl-39631bd2-f83c-4f24-acb2-4c1b273f2694/datanode-2/data/ratis/cc95fa8b-32f9-49eb-8128-f32505e861b0 hit exception
java.lang.OutOfMemoryError: Direct buffer memory
	at java.nio.Bits.reserveMemory(Bits.java:666)
	at java.nio.DirectByteBuffer.<init>(DirectByteBuffer.java:123)
	at java.nio.ByteBuffer.allocateDirect(ByteBuffer.java:311)
	at org.apache.ratis.server.raftlog.segmented.BufferedWriteChannel.<init>(BufferedWriteChannel.java:41)
	at org.apache.ratis.server.raftlog.segmented.SegmentedRaftLogOutputStream.<init>(SegmentedRaftLogOutputStream.java:72)
	at org.apache.ratis.server.raftlog.segmented.SegmentedRaftLogWorker$StartLogSegment.execute(SegmentedRaftLogWorker.java:566)
	at org.apache.ratis.server.raftlog.segmented.SegmentedRaftLogWorker.run(SegmentedRaftLogWorker.java:289)
	at java.lang.Thread.run(Thread.java:748)
2019-09-12 10:32:26,822 [edb6c4a3-9bf1-4f2e-8ef0-c37d9a0378de-SegmentedRaftLogWorker:Storage Directory /workdir/hadoop-ozone/integration-test/target/test-dir/MiniOzoneClusterImpl-39631bd2-f83c-4f24-acb2-4c1b273f2694/datanode-2/data/ratis/cc95fa8b-32f9-49eb-8128-f32505e861b0] INFO  impl.RaftServerImpl (RaftServerImpl.java:lambda$shutdown$3(245)) - edb6c4a3-9bf1-4f2e-8ef0-c37d9a0378de: shutdown group-F32505E861B0
2019-09-12 10:32:26,823 [edb6c4a3-9bf1-4f2e-8ef0-c37d9a0378de-SegmentedRaftLogWorker:Storage Directory /workdir/hadoop-ozone/integration-test/target/test-dir/MiniOzoneClusterImpl-39631bd2-f83c-4f24-acb2-4c1b273f2694/datanode-2/data/ratis/cc95fa8b-32f9-49eb-8128-f32505e861b0] INFO  util.JmxRegister (JmxRegister.java:unregister(73)) - Successfully un-registered JMX Bean with object name Ratis:service=RaftServer,group=group-F32505E861B0,id=edb6c4a3-9bf1-4f2e-8ef0-c37d9a0378de
2019-09-12 10:32:26,823 [edb6c4a3-9bf1-4f2e-8ef0-c37d9a0378de-SegmentedRaftLogWorker:Storage Directory /workdir/hadoop-ozone/integration-test/target/test-dir/MiniOzoneClusterImpl-39631bd2-f83c-4f24-acb2-4c1b273f2694/datanode-2/data/ratis/cc95fa8b-32f9-49eb-8128-f32505e861b0] INFO  impl.RoleInfo (RoleInfo.java:shutdownLeaderState(104)) - edb6c4a3-9bf1-4f2e-8ef0-c37d9a0378de: shutdown LeaderState
2019-09-12 10:32:26,823 [edb6c4a3-9bf1-4f2e-8ef0-c37d9a0378de-SegmentedRaftLogWorker:Storage Directory /workdir/hadoop-ozone/integration-test/target/test-dir/MiniOzoneClusterImpl-39631bd2-f83c-4f24-acb2-4c1b273f2694/datanode-2/data/ratis/cc95fa8b-32f9-49eb-8128-f32505e861b0] INFO  impl.PendingRequests (PendingRequests.java:sendNotLeaderResponses(202)) - edb6c4a3-9bf1-4f2e-8ef0-c37d9a0378de-PendingRequests: sendNotLeaderResponses
2019-09-12 10:32:26,823 [edb6c4a3-9bf1-4f2e-8ef0-c37d9a0378de-SegmentedRaftLogWorker:Storage Directory /workdir/hadoop-ozone/integration-test/target/test-dir/MiniOzoneClusterImpl-39631bd2-f83c-4f24-acb2-4c1b273f2694/datanode-2/data/ratis/cc95fa8b-32f9-49eb-8128-f32505e861b0] INFO  impl.StateMachineUpdater (StateMachineUpdater.java:stopAndJoin(115)) - StateMachineUpdater:edb6c4a3-9bf1-4f2e-8ef0-c37d9a0378de:group-F32505E861B0: set stopIndex = -1
2019-09-12 10:32:26,823 [edb6c4a3-9bf1-4f2e-8ef0-c37d9a0378de-SegmentedRaftLogWorker:Storage Directory /workdir/hadoop-ozone/integration-test/target/test-dir/MiniOzoneClusterImpl-39631bd2-f83c-4f24-acb2-4c1b273f2694/datanode-2/data/ratis/cc95fa8b-32f9-49eb-8128-f32505e861b0] INFO  impl.RaftServerImpl (ServerState.java:close(394)) - edb6c4a3-9bf1-4f2e-8ef0-c37d9a0378de:group-F32505E861B0 closes. The last applied log index is -1
2019-09-12 10:32:26,824 [edb6c4a3-9bf1-4f2e-8ef0-c37d9a0378de-SegmentedRaftLogWorker:Storage Directory /workdir/hadoop-ozone/integration-test/target/test-dir/MiniOzoneClusterImpl-39631bd2-f83c-4f24-acb2-4c1b273f2694/datanode-2/data/ratis/cc95fa8b-32f9-49eb-8128-f32505e861b0] INFO  segmented.SegmentedRaftLogWorker (SegmentedRaftLogWorker.java:close(228)) - edb6c4a3-9bf1-4f2e-8ef0-c37d9a0378de-SegmentedRaftLogWorker:Storage Directory /workdir/hadoop-ozone/integration-test/target/test-dir/MiniOzoneClusterImpl-39631bd2-f83c-4f24-acb2-4c1b273f2694/datanode-2/data/ratis/cc95fa8b-32f9-49eb-8128-f32505e861b0 close()
2019-09-12 10:32:26,830 [a95fd1d5-e9a9-4526-b4c7-6aa1a85e40e9-SegmentedRaftLogWorker:Storage Directory /workdir/hadoop-ozone/integration-test/target/test-dir/MiniOzoneClusterImpl-39631bd2-f83c-4f24-acb2-4c1b273f2694/datanode-0/data/ratis/b561fcd2-fcad-4c53-bc51-220d3fe9f144] ERROR segmented.SegmentedRaftLogWorker (SegmentedRaftLogWorker.java:run(323)) - a95fd1d5-e9a9-4526-b4c7-6aa1a85e40e9-SegmentedRaftLogWorker:Storage Directory /workdir/hadoop-ozone/integration-test/target/test-dir/MiniOzoneClusterImpl-39631bd2-f83c-4f24-acb2-4c1b273f2694/datanode-0/data/ratis/b561fcd2-fcad-4c53-bc51-220d3fe9f144 hit exception
java.lang.OutOfMemoryError: Direct buffer memory
	at java.nio.Bits.reserveMemory(Bits.java:666)
	at java.nio.DirectByteBuffer.<init>(DirectByteBuffer.java:123)
	at java.nio.ByteBuffer.allocateDirect(ByteBuffer.java:311)
	at org.apache.ratis.server.raftlog.segmented.BufferedWriteChannel.<init>(BufferedWriteChannel.java:41)
	at org.apache.ratis.server.raftlog.segmented.SegmentedRaftLogOutputStream.<init>(SegmentedRaftLogOutputStream.java:72)
	at org.apache.ratis.server.raftlog.segmented.SegmentedRaftLogWorker$StartLogSegment.execute(SegmentedRaftLogWorker.java:566)
	at org.apache.ratis.server.raftlog.segmented.SegmentedRaftLogWorker.run(SegmentedRaftLogWorker.java:289)
	at java.lang.Thread.run(Thread.java:748)
2019-09-12 10:32:26,831 [a95fd1d5-e9a9-4526-b4c7-6aa1a85e40e9-SegmentedRaftLogWorker:Storage Directory /workdir/hadoop-ozone/integration-test/target/test-dir/MiniOzoneClusterImpl-39631bd2-f83c-4f24-acb2-4c1b273f2694/datanode-0/data/ratis/b561fcd2-fcad-4c53-bc51-220d3fe9f144] INFO  impl.RaftServerImpl (RaftServerImpl.java:lambda$shutdown$3(245)) - a95fd1d5-e9a9-4526-b4c7-6aa1a85e40e9: shutdown group-220D3FE9F144
2019-09-12 10:32:26,831 [a95fd1d5-e9a9-4526-b4c7-6aa1a85e40e9-SegmentedRaftLogWorker:Storage Directory /workdir/hadoop-ozone/integration-test/target/test-dir/MiniOzoneClusterImpl-39631bd2-f83c-4f24-acb2-4c1b273f2694/datanode-0/data/ratis/b561fcd2-fcad-4c53-bc51-220d3fe9f144] INFO  util.JmxRegister (JmxRegister.java:unregister(73)) - Successfully un-registered JMX Bean with object name Ratis:service=RaftServer,group=group-220D3FE9F144,id=a95fd1d5-e9a9-4526-b4c7-6aa1a85e40e9
2019-09-12 10:32:26,831 [a95fd1d5-e9a9-4526-b4c7-6aa1a85e40e9-SegmentedRaftLogWorker:Storage Directory /workdir/hadoop-ozone/integration-test/target/test-dir/MiniOzoneClusterImpl-39631bd2-f83c-4f24-acb2-4c1b273f2694/datanode-0/data/ratis/b561fcd2-fcad-4c53-bc51-220d3fe9f144] INFO  impl.RoleInfo (RoleInfo.java:shutdownLeaderState(104)) - a95fd1d5-e9a9-4526-b4c7-6aa1a85e40e9: shutdown LeaderState
2019-09-12 10:32:26,831 [a95fd1d5-e9a9-4526-b4c7-6aa1a85e40e9-SegmentedRaftLogWorker:Storage Directory /workdir/hadoop-ozone/integration-test/target/test-dir/MiniOzoneClusterImpl-39631bd2-f83c-4f24-acb2-4c1b273f2694/datanode-0/data/ratis/b561fcd2-fcad-4c53-bc51-220d3fe9f144] INFO  impl.PendingRequests (PendingRequests.java:sendNotLeaderResponses(202)) - a95fd1d5-e9a9-4526-b4c7-6aa1a85e40e9-PendingRequests: sendNotLeaderResponses
2019-09-12 10:32:26,831 [a95fd1d5-e9a9-4526-b4c7-6aa1a85e40e9-SegmentedRaftLogWorker:Storage Directory /workdir/hadoop-ozone/integration-test/target/test-dir/MiniOzoneClusterImpl-39631bd2-f83c-4f24-acb2-4c1b273f2694/datanode-0/data/ratis/b561fcd2-fcad-4c53-bc51-220d3fe9f144] INFO  impl.StateMachineUpdater (StateMachineUpdater.java:stopAndJoin(115)) - StateMachineUpdater:a95fd1d5-e9a9-4526-b4c7-6aa1a85e40e9:group-220D3FE9F144: set stopIndex = -1
2019-09-12 10:32:26,831 [a95fd1d5-e9a9-4526-b4c7-6aa1a85e40e9-SegmentedRaftLogWorker:Storage Directory /workdir/hadoop-ozone/integration-test/target/test-dir/MiniOzoneClusterImpl-39631bd2-f83c-4f24-acb2-4c1b273f2694/datanode-0/data/ratis/b561fcd2-fcad-4c53-bc51-220d3fe9f144] INFO  impl.RaftServerImpl (ServerState.java:close(394)) - a95fd1d5-e9a9-4526-b4c7-6aa1a85e40e9:group-220D3FE9F144 closes. The last applied log index is -1
2019-09-12 10:32:26,832 [a95fd1d5-e9a9-4526-b4c7-6aa1a85e40e9-SegmentedRaftLogWorker:Storage Directory /workdir/hadoop-ozone/integration-test/target/test-dir/MiniOzoneClusterImpl-39631bd2-f83c-4f24-acb2-4c1b273f2694/datanode-0/data/ratis/b561fcd2-fcad-4c53-bc51-220d3fe9f144] INFO  segmented.SegmentedRaftLogWorker (SegmentedRaftLogWorker.java:close(228)) - a95fd1d5-e9a9-4526-b4c7-6aa1a85e40e9-SegmentedRaftLogWorker:Storage Directory /workdir/hadoop-ozone/integration-test/target/test-dir/MiniOzoneClusterImpl-39631bd2-f83c-4f24-acb2-4c1b273f2694/datanode-0/data/ratis/b561fcd2-fcad-4c53-bc51-220d3fe9f144 close()
2019-09-12 10:32:26,854 [a95fd1d5-e9a9-4526-b4c7-6aa1a85e40e9-SegmentedRaftLogWorker:Storage Directory /workdir/hadoop-ozone/integration-test/target/test-dir/MiniOzoneClusterImpl-39631bd2-f83c-4f24-acb2-4c1b273f2694/datanode-0/data/ratis/76f1e79c-ce68-4ae3-9975-0a1a55bc3c3c] ERROR segmented.SegmentedRaftLogWorker (SegmentedRaftLogWorker.java:run(323)) - a95fd1d5-e9a9-4526-b4c7-6aa1a85e40e9-SegmentedRaftLogWorker:Storage Directory /workdir/hadoop-ozone/integration-test/target/test-dir/MiniOzoneClusterImpl-39631bd2-f83c-4f24-acb2-4c1b273f2694/datanode-0/data/ratis/76f1e79c-ce68-4ae3-9975-0a1a55bc3c3c hit exception
java.lang.OutOfMemoryError: Direct buffer memory
	at java.nio.Bits.reserveMemory(Bits.java:666)
	at java.nio.DirectByteBuffer.<init>(DirectByteBuffer.java:123)
	at java.nio.ByteBuffer.allocateDirect(ByteBuffer.java:311)
	at org.apache.ratis.server.raftlog.segmented.BufferedWriteChannel.<init>(BufferedWriteChannel.java:41)
	at org.apache.ratis.server.raftlog.segmented.SegmentedRaftLogOutputStream.<init>(SegmentedRaftLogOutputStream.java:72)
	at org.apache.ratis.server.raftlog.segmented.SegmentedRaftLogWorker$StartLogSegment.execute(SegmentedRaftLogWorker.java:566)
	at org.apache.ratis.server.raftlog.segmented.SegmentedRaftLogWorker.run(SegmentedRaftLogWorker.java:289)
	at java.lang.Thread.run(Thread.java:748)
2019-09-12 10:32:26,854 [a95fd1d5-e9a9-4526-b4c7-6aa1a85e40e9-SegmentedRaftLogWorker:Storage Directory /workdir/hadoop-ozone/integration-test/target/test-dir/MiniOzoneClusterImpl-39631bd2-f83c-4f24-acb2-4c1b273f2694/datanode-0/data/ratis/76f1e79c-ce68-4ae3-9975-0a1a55bc3c3c] INFO  impl.RaftServerImpl (RaftServerImpl.java:lambda$shutdown$3(245)) - a95fd1d5-e9a9-4526-b4c7-6aa1a85e40e9: shutdown group-0A1A55BC3C3C
2019-09-12 10:32:26,854 [a95fd1d5-e9a9-4526-b4c7-6aa1a85e40e9-SegmentedRaftLogWorker:Storage Directory /workdir/hadoop-ozone/integration-test/target/test-dir/MiniOzoneClusterImpl-39631bd2-f83c-4f24-acb2-4c1b273f2694/datanode-0/data/ratis/76f1e79c-ce68-4ae3-9975-0a1a55bc3c3c] INFO  util.JmxRegister (JmxRegister.java:unregister(73)) - Successfully un-registered JMX Bean with object name Ratis:service=RaftServer,group=group-0A1A55BC3C3C,id=a95fd1d5-e9a9-4526-b4c7-6aa1a85e40e9
2019-09-12 10:32:26,854 [a95fd1d5-e9a9-4526-b4c7-6aa1a85e40e9-SegmentedRaftLogWorker:Storage Directory /workdir/hadoop-ozone/integration-test/target/test-dir/MiniOzoneClusterImpl-39631bd2-f83c-4f24-acb2-4c1b273f2694/datanode-0/data/ratis/76f1e79c-ce68-4ae3-9975-0a1a55bc3c3c] INFO  impl.RoleInfo (RoleInfo.java:shutdownLeaderState(104)) - a95fd1d5-e9a9-4526-b4c7-6aa1a85e40e9: shutdown LeaderState
2019-09-12 10:32:26,855 [a95fd1d5-e9a9-4526-b4c7-6aa1a85e40e9-SegmentedRaftLogWorker:Storage Directory /workdir/hadoop-ozone/integration-test/target/test-dir/MiniOzoneClusterImpl-39631bd2-f83c-4f24-acb2-4c1b273f2694/datanode-0/data/ratis/76f1e79c-ce68-4ae3-9975-0a1a55bc3c3c] INFO  impl.PendingRequests (PendingRequests.java:sendNotLeaderResponses(202)) - a95fd1d5-e9a9-4526-b4c7-6aa1a85e40e9-PendingRequests: sendNotLeaderResponses
2019-09-12 10:32:26,855 [a95fd1d5-e9a9-4526-b4c7-6aa1a85e40e9-SegmentedRaftLogWorker:Storage Directory /workdir/hadoop-ozone/integration-test/target/test-dir/MiniOzoneClusterImpl-39631bd2-f83c-4f24-acb2-4c1b273f2694/datanode-0/data/ratis/76f1e79c-ce68-4ae3-9975-0a1a55bc3c3c] INFO  impl.StateMachineUpdater (StateMachineUpdater.java:stopAndJoin(115)) - StateMachineUpdater:a95fd1d5-e9a9-4526-b4c7-6aa1a85e40e9:group-0A1A55BC3C3C: set stopIndex = -1
2019-09-12 10:32:26,855 [a95fd1d5-e9a9-4526-b4c7-6aa1a85e40e9-SegmentedRaftLogWorker:Storage Directory /workdir/hadoop-ozone/integration-test/target/test-dir/MiniOzoneClusterImpl-39631bd2-f83c-4f24-acb2-4c1b273f2694/datanode-0/data/ratis/76f1e79c-ce68-4ae3-9975-0a1a55bc3c3c] INFO  impl.RaftServerImpl (ServerState.java:close(394)) - a95fd1d5-e9a9-4526-b4c7-6aa1a85e40e9:group-0A1A55BC3C3C closes. The last applied log index is -1
2019-09-12 10:32:26,855 [a95fd1d5-e9a9-4526-b4c7-6aa1a85e40e9-SegmentedRaftLogWorker:Storage Directory /workdir/hadoop-ozone/integration-test/target/test-dir/MiniOzoneClusterImpl-39631bd2-f83c-4f24-acb2-4c1b273f2694/datanode-0/data/ratis/76f1e79c-ce68-4ae3-9975-0a1a55bc3c3c] INFO  segmented.SegmentedRaftLogWorker (SegmentedRaftLogWorker.java:close(228)) - a95fd1d5-e9a9-4526-b4c7-6aa1a85e40e9-SegmentedRaftLogWorker:Storage Directory /workdir/hadoop-ozone/integration-test/target/test-dir/MiniOzoneClusterImpl-39631bd2-f83c-4f24-acb2-4c1b273f2694/datanode-0/data/ratis/76f1e79c-ce68-4ae3-9975-0a1a55bc3c3c close()
2019-09-12 10:32:26,961 | INFO  | ObjectStoreRestHttpServer | Listening HDDS REST traffic on /0.0.0.0:36069 |  
2019-09-12 10:32:26,961 [main] INFO  ozone.HddsDatanodeService (HddsDatanodeService.java:startPlugins(395)) - Started plug-in org.apache.hadoop.ozone.web.OzoneHddsDatanodeService@4557723a
2019-09-12 10:32:26,962 [main] INFO  impl.MetricsSystemImpl (MetricsSystemImpl.java:init(158)) - HddsDatanode metrics system started (again)
2019-09-12 10:32:26,963 [org.apache.hadoop.util.JvmPauseMonitor$Monitor@770d8452] INFO  util.JvmPauseMonitor (JvmPauseMonitor.java:run(188)) - Starting JVM pause monitor
2019-09-12 10:32:26,965 [Datanode State Machine Thread - 0] INFO  datanode.InitDatanodeState (InitDatanodeState.java:persistContainerDatanodeDetails(140)) - DatanodeDetails is persisted to /workdir/hadoop-ozone/integration-test/target/test-dir/MiniOzoneClusterImpl-fac5a39b-1f62-44b0-aedf-fae56ce7e72b/datanode-0/meta/datanode.id
2019-09-12 10:32:26,966 | INFO  | SCMAudit | user=jenkins1000 | ip=192.168.36.114 | op=SEND_HEARTBEAT {datanodeUUID=accf000b-d7b7-4fa5-9682-da82c4451e10, command=[]} | ret=SUCCESS |  
2019-09-12 10:32:26,967 | INFO  | SCMAudit | user=jenkins1000 | ip=192.168.36.114 | op=SEND_HEARTBEAT {datanodeUUID=2cb9d557-cb56-4745-8686-5e72b62e748a, command=[]} | ret=SUCCESS |  
2019-09-12 10:32:26,967 | INFO  | SCMAudit | user=jenkins1000 | ip=192.168.36.114 | op=SEND_HEARTBEAT {datanodeUUID=eaeff1e2-de9c-4510-872d-283eb6c3c330, command=[]} | ret=SUCCESS |  
2019-09-12 10:32:26,967 | INFO  | SCMAudit | user=jenkins1000 | ip=192.168.36.114 | op=SEND_HEARTBEAT {datanodeUUID=c1e71898-521f-4627-a3f1-9884c4b96ced, command=[]} | ret=SUCCESS |  
2019-09-12 10:32:26,968 | INFO  | SCMAudit | user=jenkins1000 | ip=192.168.36.114 | op=SEND_HEARTBEAT {datanodeUUID=f17b4253-95a0-4ee6-8ded-88f070f15b33, command=[]} | ret=SUCCESS |  
2019-09-12 10:32:26,970 | INFO  | SCMAudit | user=jenkins1000 | ip=192.168.36.114 | op=SEND_HEARTBEAT {datanodeUUID=39df7a3f-9691-48d4-a2b1-6888489a5f8a, command=[]} | ret=SUCCESS |  
2019-09-12 10:32:26,970 | INFO  | SCMAudit | user=jenkins1000 | ip=192.168.36.114 | op=SEND_HEARTBEAT {datanodeUUID=c9031a36-5f7c-4098-8bea-8a46141708a6, command=[]} | ret=SUCCESS |  
2019-09-12 10:32:26,972 | INFO  | SCMAudit | user=jenkins1000 | ip=192.168.36.114 | op=SEND_HEARTBEAT {datanodeUUID=2df0b56f-bcaf-45a1-b35e-f30a30c5f26c, command=[]} | ret=SUCCESS |  
2019-09-12 10:32:26,972 | INFO  | SCMAudit | user=jenkins1000 | ip=192.168.36.114 | op=SEND_HEARTBEAT {datanodeUUID=f8fc8350-8b83-4a15-89e6-430db21616f7, command=[]} | ret=SUCCESS |  
2019-09-12 10:32:26,972 | INFO  | SCMAudit | user=jenkins1000 | ip=192.168.36.114 | op=SEND_HEARTBEAT {datanodeUUID=a95fd1d5-e9a9-4526-b4c7-6aa1a85e40e9, command=[]} | ret=SUCCESS |  
2019-09-12 10:32:26,972 | INFO  | SCMAudit | user=jenkins1000 | ip=192.168.36.114 | op=SEND_HEARTBEAT {datanodeUUID=f85b420b-0060-4bb9-9f68-598eed9b442f, command=[]} | ret=SUCCESS |  
2019-09-12 10:32:26,972 | INFO  | SCMAudit | user=jenkins1000 | ip=192.168.36.114 | op=SEND_HEARTBEAT {datanodeUUID=57729e88-c64a-441d-a40e-ceaddf64552e, command=[]} | ret=SUCCESS |  
2019-09-12 10:32:26,972 | INFO  | SCMAudit | user=jenkins1000 | ip=192.168.36.114 | op=SEND_HEARTBEAT {datanodeUUID=d9d65fd8-d100-497d-8460-9a4cf62b4ad5, command=[]} | ret=SUCCESS |  
2019-09-12 10:32:26,972 | INFO  | SCMAudit | user=jenkins1000 | ip=192.168.36.114 | op=SEND_HEARTBEAT {datanodeUUID=873ff125-9641-4674-9775-ec96c107c12e, command=[]} | ret=SUCCESS |  
2019-09-12 10:32:26,973 | INFO  | SCMAudit | user=jenkins1000 | ip=192.168.36.114 | op=SEND_HEARTBEAT {datanodeUUID=edb6c4a3-9bf1-4f2e-8ef0-c37d9a0378de, command=[]} | ret=SUCCESS |  
2019-09-12 10:32:26,973 | INFO  | SCMAudit | user=jenkins1000 | ip=192.168.36.114 | op=SEND_HEARTBEAT {datanodeUUID=5dd0cd62-5770-41dd-9e5a-f3f3eedc40c1, command=[]} | ret=SUCCESS |  
2019-09-12 10:32:26,973 | INFO  | SCMAudit | user=jenkins1000 | ip=192.168.36.114 | op=SEND_HEARTBEAT {datanodeUUID=ad8ae342-df06-4311-9d84-524877c98111, command=[]} | ret=SUCCESS |  
2019-09-12 10:32:26,973 | INFO  | SCMAudit | user=jenkins1000 | ip=192.168.36.114 | op=SEND_HEARTBEAT {datanodeUUID=1349d5ba-07d4-450a-9218-4f0361201438, command=[]} | ret=SUCCESS |  
2019-09-12 10:32:26,973 | INFO  | SCMAudit | user=jenkins1000 | ip=192.168.36.114 | op=SEND_HEARTBEAT {datanodeUUID=d40ec8ee-ac9e-41d6-86bd-e74a05605b85, command=[]} | ret=SUCCESS |  
2019-09-12 10:32:26,973 | INFO  | SCMAudit | user=jenkins1000 | ip=192.168.36.114 | op=SEND_HEARTBEAT {datanodeUUID=caccd92c-2544-4e02-86cf-95849f240c1b, command=[]} | ret=SUCCESS |  
2019-09-12 10:32:26,973 | INFO  | SCMAudit | user=jenkins1000 | ip=192.168.36.114 | op=SEND_HEARTBEAT {datanodeUUID=334c5273-7871-4d53-8b37-de05e5a3be10, command=[]} | ret=SUCCESS |  
2019-09-12 10:32:26,973 | INFO  | SCMAudit | user=jenkins1000 | ip=192.168.36.114 | op=SEND_HEARTBEAT {datanodeUUID=22ce2f4b-d517-44cf-8041-712d813e08f3, command=[]} | ret=SUCCESS |  
2019-09-12 10:32:26,973 | INFO  | SCMAudit | user=jenkins1000 | ip=192.168.36.114 | op=SEND_HEARTBEAT {datanodeUUID=b6dd7c38-f675-445e-811b-15cf17d56c0a, command=[]} | ret=SUCCESS |  
2019-09-12 10:32:26,973 | INFO  | SCMAudit | user=jenkins1000 | ip=192.168.36.114 | op=SEND_HEARTBEAT {datanodeUUID=bcda0514-d42e-47ca-96fd-c0a633e872a8, command=[]} | ret=SUCCESS |  
2019-09-12 10:32:26,973 | INFO  | SCMAudit | user=jenkins1000 | ip=192.168.36.114 | op=SEND_HEARTBEAT {datanodeUUID=2d50b591-d6e4-490f-9fa0-973ad5423bd7, command=[]} | ret=SUCCESS |  
2019-09-12 10:32:26,973 | INFO  | SCMAudit | user=jenkins1000 | ip=192.168.36.114 | op=SEND_HEARTBEAT {datanodeUUID=c54af6f8-a22e-478f-90e1-029d14059a99, command=[]} | ret=SUCCESS |  
2019-09-12 10:32:26,974 | INFO  | SCMAudit | user=jenkins1000 | ip=192.168.36.114 | op=SEND_HEARTBEAT {datanodeUUID=ff438662-24cf-49bb-bfc5-3308ec6d286b, command=[]} | ret=SUCCESS |  
2019-09-12 10:32:26,974 | INFO  | SCMAudit | user=jenkins1000 | ip=192.168.36.114 | op=SEND_HEARTBEAT {datanodeUUID=9616c881-dbb1-48da-90dd-a872ed779a2e, command=[]} | ret=SUCCESS |  
2019-09-12 10:32:27,208 [main] INFO  ozone.HddsDatanodeService (HddsDatanodeService.java:start(184)) - HddsDatanodeService host:pr-hdds-1569-58hkm-1881083799 ip:192.168.36.114
2019-09-12 10:32:27,237 [main] INFO  volume.HddsVolume (HddsVolume.java:<init>(176)) - Creating Volume: /workdir/hadoop-ozone/integration-test/target/test-dir/MiniOzoneClusterImpl-fac5a39b-1f62-44b0-aedf-fae56ce7e72b/datanode-1/data/containers/hdds of  storage type : DISK and capacity : 1482555576320
2019-09-12 10:32:27,238 [main] INFO  volume.VolumeSet (VolumeSet.java:initializeVolumeSet(170)) - Added Volume : /workdir/hadoop-ozone/integration-test/target/test-dir/MiniOzoneClusterImpl-fac5a39b-1f62-44b0-aedf-fae56ce7e72b/datanode-1/data/containers/hdds to VolumeSet
2019-09-12 10:32:27,238 [main] INFO  volume.ThrottledAsyncChecker (ThrottledAsyncChecker.java:schedule(140)) - Scheduling a check for org.apache.hadoop.ozone.container.common.volume.HddsVolume@6a5a99d9
2019-09-12 10:32:27,238 [main] INFO  volume.HddsVolumeChecker (HddsVolumeChecker.java:checkAllVolumes(203)) - Scheduled health check for volume org.apache.hadoop.ozone.container.common.volume.HddsVolume@6a5a99d9
2019-09-12 10:32:27,270 [main] INFO  impl.RaftServerProxy (ConfUtils.java:logGet(43)) - raft.rpc.type = GRPC (default)
2019-09-12 10:32:27,270 [main] INFO  grpc.GrpcFactory (GrpcFactory.java:checkPooledByteBufAllocatorUseCacheForAllThreads(45)) - PERFORMANCE WARNING: useCacheForAllThreads is true that may cause Netty to create a lot garbage objects and, as a result, trigger GC.
	It is recommended to disable useCacheForAllThreads by setting -Dorg.apache.ratis.thirdparty.io.netty.allocator.useCacheForAllThreads=false in command line.
2019-09-12 10:32:27,270 [main] INFO  grpc.GrpcConfigKeys$Server (ConfUtils.java:logGet(43)) - raft.grpc.server.port = 0 (default)
2019-09-12 10:32:27,270 [main] INFO  server.GrpcService (ConfUtils.java:logGet(43)) - raft.grpc.message.size.max = 33570816 (custom)
2019-09-12 10:32:27,271 [main] INFO  server.RaftServerConfigKeys (ConfUtils.java:logGet(43)) - raft.server.log.appender.buffer.byte-limit = 33554432 (custom)
2019-09-12 10:32:27,271 [main] INFO  server.GrpcService (ConfUtils.java:logGet(43)) - raft.grpc.flow.control.window = 1MB (=1048576) (default)
2019-09-12 10:32:27,271 [main] INFO  server.RaftServerConfigKeys (ConfUtils.java:logGet(43)) - raft.server.rpc.request.timeout = 3000ms (default)
2019-09-12 10:32:27,271 [main] INFO  server.RaftServerConfigKeys (ConfUtils.java:logGet(43)) - raft.server.storage.dir = [/workdir/hadoop-ozone/integration-test/target/test-dir/MiniOzoneClusterImpl-fac5a39b-1f62-44b0-aedf-fae56ce7e72b/datanode-1/data/ratis] (custom)
2019-09-12 10:32:27,272 [main] INFO  replication.SimpleContainerDownloader (SimpleContainerDownloader.java:<init>(72)) - Starting container downloader service to copy containers to replicate.
2019-09-12 10:32:27,273 [main] INFO  hdfs.DFSUtil (DFSUtil.java:httpServerTemplateForNNAndJN(1641)) - Starting Web-server for hddsDatanode at: http://0.0.0.0:0
2019-09-12 10:32:27,275 [main] INFO  server.AuthenticationFilter (AuthenticationFilter.java:constructSecretProvider(240)) - Unable to initialize FileSignerSecretProvider, falling back to use random secrets.
2019-09-12 10:32:27,275 [main] WARN  http.HttpRequestLog (HttpRequestLog.java:getRequestLog(97)) - Jetty request log can only be enabled using Log4j
2019-09-12 10:32:27,277 [main] INFO  http.HttpServer2 (HttpServer2.java:addGlobalFilter(975)) - Added global filter 'safety' (class=org.apache.hadoop.http.HttpServer2$QuotingInputFilter)
2019-09-12 10:32:27,278 [main] INFO  http.HttpServer2 (HttpServer2.java:addFilter(948)) - Added filter static_user_filter (class=org.apache.hadoop.http.lib.StaticUserWebFilter$StaticUserFilter) to context hddsDatanode
2019-09-12 10:32:27,278 [main] INFO  http.HttpServer2 (HttpServer2.java:addFilter(958)) - Added filter static_user_filter (class=org.apache.hadoop.http.lib.StaticUserWebFilter$StaticUserFilter) to context static
2019-09-12 10:32:27,278 [main] INFO  http.HttpServer2 (HttpServer2.java:addFilter(958)) - Added filter static_user_filter (class=org.apache.hadoop.http.lib.StaticUserWebFilter$StaticUserFilter) to context logs
2019-09-12 10:32:27,279 [main] INFO  http.HttpServer2 (HttpServer2.java:bindListener(1191)) - Jetty bound to port 40792
2019-09-12 10:32:27,279 [main] INFO  server.Server (Server.java:doStart(351)) - jetty-9.3.24.v20180605, build timestamp: 2018-06-05T17:11:56Z, git hash: 84205aa28f11a4f31f2a3b86d1bba2cc8ab69827
2019-09-12 10:32:27,282 [main] INFO  handler.ContextHandler (ContextHandler.java:doStart(781)) - Started o.e.j.s.ServletContextHandler@2bc21edd{/logs,file:///workdir/hadoop-ozone/integration-test/target/log,AVAILABLE}
2019-09-12 10:32:27,283 [main] INFO  handler.ContextHandler (ContextHandler.java:doStart(781)) - Started o.e.j.s.ServletContextHandler@2862bac6{/static,jar:file:/home/user/.m2/repository/org/apache/hadoop/hadoop-hdds-container-service/0.5.0-SNAPSHOT/hadoop-hdds-container-service-0.5.0-SNAPSHOT.jar!/webapps/static,AVAILABLE}
2019-09-12 10:32:27,322 [main] INFO  handler.ContextHandler (ContextHandler.java:doStart(781)) - Started o.e.j.w.WebAppContext@74fd5fb0{/,file:///tmp/jetty-0.0.0.0-40792-hddsDatanode-_-any-8815197741751546180.dir/webapp/,AVAILABLE}{/hddsDatanode}
2019-09-12 10:32:27,323 [main] INFO  server.AbstractConnector (AbstractConnector.java:doStart(278)) - Started ServerConnector@7c16cc25{HTTP/1.1,[http/1.1]}{0.0.0.0:40792}
2019-09-12 10:32:27,323 [main] INFO  server.Server (Server.java:doStart(419)) - Started @78661ms
2019-09-12 10:32:27,335 [Thread-1682] INFO  impl.FollowerState (FollowerState.java:run(106)) - 873ff125-9641-4674-9775-ec96c107c12e:group-D44E87F63E4C changes to CANDIDATE, lastRpcTime:17071, electionTimeout:5029ms
2019-09-12 10:32:27,335 [Thread-1682] INFO  impl.RoleInfo (RoleInfo.java:shutdownFollowerState(121)) - 873ff125-9641-4674-9775-ec96c107c12e: shutdown FollowerState
2019-09-12 10:32:27,335 [Thread-1682] INFO  impl.RaftServerImpl (RaftServerImpl.java:setRole(171)) - 873ff125-9641-4674-9775-ec96c107c12e:group-D44E87F63E4C changes role from FOLLOWER to CANDIDATE at term 0 for changeToCandidate
2019-09-12 10:32:27,335 [Thread-1682] INFO  impl.RoleInfo (RoleInfo.java:updateAndGet(143)) - 873ff125-9641-4674-9775-ec96c107c12e: start LeaderElection
2019-09-12 10:32:27,336 [main] INFO  server.BaseHttpServer (BaseHttpServer.java:updateConnectorAddress(213)) - HTTP server of HDDSDATANODE is listening at http://0.0.0.0:40792
2019-09-12 10:32:27,380 [873ff125-9641-4674-9775-ec96c107c12e:group-D44E87F63E4C:LeaderElection161] INFO  impl.LeaderElection (LeaderElection.java:askForVotes(181)) - 873ff125-9641-4674-9775-ec96c107c12e:group-D44E87F63E4C:LeaderElection161: begin an election at term 1 for -1: [873ff125-9641-4674-9775-ec96c107c12e:192.168.36.114:35238], old=null
2019-09-12 10:32:27,381 [873ff125-9641-4674-9775-ec96c107c12e:group-D44E87F63E4C:LeaderElection161] INFO  impl.RoleInfo (RoleInfo.java:shutdownLeaderElection(134)) - 873ff125-9641-4674-9775-ec96c107c12e: shutdown LeaderElection
2019-09-12 10:32:27,381 [873ff125-9641-4674-9775-ec96c107c12e:group-D44E87F63E4C:LeaderElection161] INFO  impl.RaftServerImpl (RaftServerImpl.java:setRole(171)) - 873ff125-9641-4674-9775-ec96c107c12e:group-D44E87F63E4C changes role from CANDIDATE to LEADER at term 1 for changeToLeader
2019-09-12 10:32:27,381 [873ff125-9641-4674-9775-ec96c107c12e:group-D44E87F63E4C:LeaderElection161] INFO  impl.RaftServerImpl (ServerState.java:setLeader(263)) - 873ff125-9641-4674-9775-ec96c107c12e:group-D44E87F63E4C change Leader from null to 873ff125-9641-4674-9775-ec96c107c12e at term 1 for becomeLeader, leader elected after 17121ms
2019-09-12 10:32:27,381 [873ff125-9641-4674-9775-ec96c107c12e:group-D44E87F63E4C:LeaderElection161] INFO  server.RaftServerConfigKeys (ConfUtils.java:logGet(43)) - raft.server.staging.catchup.gap = 1000 (default)
2019-09-12 10:32:27,381 [873ff125-9641-4674-9775-ec96c107c12e:group-D44E87F63E4C:LeaderElection161] INFO  server.RaftServerConfigKeys (ConfUtils.java:logGet(43)) - raft.server.rpc.sleep.time = 25ms (default)
2019-09-12 10:32:27,381 [873ff125-9641-4674-9775-ec96c107c12e:group-D44E87F63E4C:LeaderElection161] INFO  server.RaftServerConfigKeys (ConfUtils.java:logGet(43)) - raft.server.write.element-limit = 4096 (default)
2019-09-12 10:32:27,381 [873ff125-9641-4674-9775-ec96c107c12e:group-D44E87F63E4C:LeaderElection161] INFO  server.RaftServerConfigKeys (ConfUtils.java:logGet(43)) - raft.server.watch.timeout = 10s (default)
2019-09-12 10:32:27,382 [873ff125-9641-4674-9775-ec96c107c12e:group-D44E87F63E4C:LeaderElection161] INFO  server.RaftServerConfigKeys (ConfUtils.java:logGet(43)) - raft.server.watch.timeout.denomination = 1s (default)
2019-09-12 10:32:27,382 [873ff125-9641-4674-9775-ec96c107c12e:group-D44E87F63E4C:LeaderElection161] INFO  server.RaftServerConfigKeys (ConfUtils.java:logGet(43)) - raft.server.watch.element-limit = 65536 (default)
2019-09-12 10:32:27,382 [873ff125-9641-4674-9775-ec96c107c12e:group-D44E87F63E4C:LeaderElection161] INFO  impl.RoleInfo (RoleInfo.java:updateAndGet(143)) - 873ff125-9641-4674-9775-ec96c107c12e: start LeaderState
2019-09-12 10:32:27,382 [873ff125-9641-4674-9775-ec96c107c12e:group-D44E87F63E4C:LeaderElection161] INFO  segmented.SegmentedRaftLogWorker (SegmentedRaftLogWorker.java:startLogSegment(380)) - 873ff125-9641-4674-9775-ec96c107c12e-SegmentedRaftLogWorker:Storage Directory /workdir/hadoop-ozone/integration-test/target/test-dir/MiniOzoneClusterImpl-39631bd2-f83c-4f24-acb2-4c1b273f2694/datanode-6/data/ratis/2c4979ac-abb4-4ed2-bb41-d44e87f63e4c: Starting segment from index:0
2019-09-12 10:32:27,383 [873ff125-9641-4674-9775-ec96c107c12e:group-D44E87F63E4C:LeaderElection161] INFO  impl.RaftServerImpl (ServerState.java:setRaftConf(361)) - 873ff125-9641-4674-9775-ec96c107c12e:group-D44E87F63E4C set configuration 0: [873ff125-9641-4674-9775-ec96c107c12e:192.168.36.114:35238], old=null at 0
2019-09-12 10:32:27,830 [Thread-1673] WARN  util.JavaUtils (JavaUtils.java:sleep(250)) - Unexpected long sleep: sleep(5168ms) actually took 5533ms which is over the threshold 300ms
2019-09-12 10:32:27,831 [Thread-1670] WARN  util.JavaUtils (JavaUtils.java:sleep(250)) - Unexpected long sleep: sleep(5146ms) actually took 5534ms which is over the threshold 300ms
2019-09-12 10:32:27,832 [Thread-1667] WARN  util.JavaUtils (JavaUtils.java:sleep(250)) - Unexpected long sleep: sleep(5107ms) actually took 5534ms which is over the threshold 300ms
2019-09-12 10:32:27,832 [Thread-1679] WARN  util.JavaUtils (JavaUtils.java:sleep(250)) - Unexpected long sleep: sleep(5099ms) actually took 5534ms which is over the threshold 300ms
2019-09-12 10:32:27,959 | INFO  | ObjectStoreRestHttpServer | Listening HDDS REST traffic on /0.0.0.0:38067 |  
2019-09-12 10:32:27,959 [main] INFO  ozone.HddsDatanodeService (HddsDatanodeService.java:startPlugins(395)) - Started plug-in org.apache.hadoop.ozone.web.OzoneHddsDatanodeService@6a4f15bc
2019-09-12 10:32:27,959 [main] INFO  impl.MetricsSystemImpl (MetricsSystemImpl.java:init(158)) - HddsDatanode metrics system started (again)
2019-09-12 10:32:27,960 [org.apache.hadoop.util.JvmPauseMonitor$Monitor@7c8e5001] INFO  util.JvmPauseMonitor (JvmPauseMonitor.java:run(188)) - Starting JVM pause monitor
2019-09-12 10:32:27,962 [Datanode State Machine Thread - 0] INFO  datanode.InitDatanodeState (InitDatanodeState.java:persistContainerDatanodeDetails(140)) - DatanodeDetails is persisted to /workdir/hadoop-ozone/integration-test/target/test-dir/MiniOzoneClusterImpl-fac5a39b-1f62-44b0-aedf-fae56ce7e72b/datanode-1/meta/datanode.id
2019-09-12 10:32:27,965 | INFO  | SCMAudit | user=jenkins1000 | ip=192.168.36.114 | op=SEND_HEARTBEAT {datanodeUUID=accf000b-d7b7-4fa5-9682-da82c4451e10, command=[]} | ret=SUCCESS |  
2019-09-12 10:32:27,966 | INFO  | SCMAudit | user=jenkins1000 | ip=192.168.36.114 | op=SEND_HEARTBEAT {datanodeUUID=d9d65fd8-d100-497d-8460-9a4cf62b4ad5, command=[]} | ret=SUCCESS |  
2019-09-12 10:32:27,966 | INFO  | SCMAudit | user=jenkins1000 | ip=192.168.36.114 | op=SEND_HEARTBEAT {datanodeUUID=b6dd7c38-f675-445e-811b-15cf17d56c0a, command=[]} | ret=SUCCESS |  
2019-09-12 10:32:27,966 | INFO  | SCMAudit | user=jenkins1000 | ip=192.168.36.114 | op=SEND_HEARTBEAT {datanodeUUID=334c5273-7871-4d53-8b37-de05e5a3be10, command=[]} | ret=SUCCESS |  
2019-09-12 10:32:27,966 | INFO  | SCMAudit | user=jenkins1000 | ip=192.168.36.114 | op=SEND_HEARTBEAT {datanodeUUID=5dd0cd62-5770-41dd-9e5a-f3f3eedc40c1, command=[]} | ret=SUCCESS |  
2019-09-12 10:32:27,966 | INFO  | SCMAudit | user=jenkins1000 | ip=192.168.36.114 | op=SEND_HEARTBEAT {datanodeUUID=2d50b591-d6e4-490f-9fa0-973ad5423bd7, command=[]} | ret=SUCCESS |  
2019-09-12 10:32:27,966 | INFO  | SCMAudit | user=jenkins1000 | ip=192.168.36.114 | op=SEND_HEARTBEAT {datanodeUUID=a95fd1d5-e9a9-4526-b4c7-6aa1a85e40e9, command=[]} | ret=SUCCESS |  
2019-09-12 10:32:27,967 | INFO  | SCMAudit | user=jenkins1000 | ip=192.168.36.114 | op=SEND_HEARTBEAT {datanodeUUID=1349d5ba-07d4-450a-9218-4f0361201438, command=[]} | ret=SUCCESS |  
2019-09-12 10:32:27,967 | INFO  | SCMAudit | user=jenkins1000 | ip=192.168.36.114 | op=SEND_HEARTBEAT {datanodeUUID=2cb9d557-cb56-4745-8686-5e72b62e748a, command=[]} | ret=SUCCESS |  
2019-09-12 10:32:27,967 | INFO  | SCMAudit | user=jenkins1000 | ip=192.168.36.114 | op=SEND_HEARTBEAT {datanodeUUID=eaeff1e2-de9c-4510-872d-283eb6c3c330, command=[]} | ret=SUCCESS |  
2019-09-12 10:32:27,967 | INFO  | SCMAudit | user=jenkins1000 | ip=192.168.36.114 | op=SEND_HEARTBEAT {datanodeUUID=bcda0514-d42e-47ca-96fd-c0a633e872a8, command=[]} | ret=SUCCESS |  
2019-09-12 10:32:27,967 | INFO  | SCMAudit | user=jenkins1000 | ip=192.168.36.114 | op=SEND_HEARTBEAT {datanodeUUID=c1e71898-521f-4627-a3f1-9884c4b96ced, command=[]} | ret=SUCCESS |  
2019-09-12 10:32:27,967 | INFO  | SCMAudit | user=jenkins1000 | ip=192.168.36.114 | op=SEND_HEARTBEAT {datanodeUUID=2df0b56f-bcaf-45a1-b35e-f30a30c5f26c, command=[]} | ret=SUCCESS |  
2019-09-12 10:32:27,968 | INFO  | SCMAudit | user=jenkins1000 | ip=192.168.36.114 | op=SEND_HEARTBEAT {datanodeUUID=caccd92c-2544-4e02-86cf-95849f240c1b, command=[]} | ret=SUCCESS |  
2019-09-12 10:32:27,968 | INFO  | SCMAudit | user=jenkins1000 | ip=192.168.36.114 | op=SEND_HEARTBEAT {datanodeUUID=d40ec8ee-ac9e-41d6-86bd-e74a05605b85, command=[]} | ret=SUCCESS |  
2019-09-12 10:32:27,968 | INFO  | SCMAudit | user=jenkins1000 | ip=192.168.36.114 | op=SEND_HEARTBEAT {datanodeUUID=f17b4253-95a0-4ee6-8ded-88f070f15b33, command=[]} | ret=SUCCESS |  
2019-09-12 10:32:27,969 | INFO  | SCMAudit | user=jenkins1000 | ip=192.168.36.114 | op=SEND_HEARTBEAT {datanodeUUID=f8fc8350-8b83-4a15-89e6-430db21616f7, command=[]} | ret=SUCCESS |  
2019-09-12 10:32:27,969 | INFO  | SCMAudit | user=jenkins1000 | ip=192.168.36.114 | op=SEND_HEARTBEAT {datanodeUUID=873ff125-9641-4674-9775-ec96c107c12e, command=[]} | ret=SUCCESS |  
2019-09-12 10:32:27,969 | INFO  | SCMAudit | user=jenkins1000 | ip=192.168.36.114 | op=SEND_HEARTBEAT {datanodeUUID=57729e88-c64a-441d-a40e-ceaddf64552e, command=[]} | ret=SUCCESS |  
2019-09-12 10:32:27,970 | INFO  | SCMAudit | user=jenkins1000 | ip=192.168.36.114 | op=SEND_HEARTBEAT {datanodeUUID=f85b420b-0060-4bb9-9f68-598eed9b442f, command=[]} | ret=SUCCESS |  
2019-09-12 10:32:27,970 | INFO  | SCMAudit | user=jenkins1000 | ip=192.168.36.114 | op=SEND_HEARTBEAT {datanodeUUID=39df7a3f-9691-48d4-a2b1-6888489a5f8a, command=[]} | ret=SUCCESS |  
2019-09-12 10:32:27,970 | INFO  | SCMAudit | user=jenkins1000 | ip=192.168.36.114 | op=SEND_HEARTBEAT {datanodeUUID=c9031a36-5f7c-4098-8bea-8a46141708a6, command=[]} | ret=SUCCESS |  
2019-09-12 10:32:27,970 | INFO  | SCMAudit | user=jenkins1000 | ip=192.168.36.114 | op=SEND_HEARTBEAT {datanodeUUID=ad8ae342-df06-4311-9d84-524877c98111, command=[]} | ret=SUCCESS |  
2019-09-12 10:32:27,972 | INFO  | SCMAudit | user=jenkins1000 | ip=192.168.36.114 | op=SEND_HEARTBEAT {datanodeUUID=edb6c4a3-9bf1-4f2e-8ef0-c37d9a0378de, command=[]} | ret=SUCCESS |  
2019-09-12 10:32:27,972 | INFO  | SCMAudit | user=jenkins1000 | ip=192.168.36.114 | op=SEND_HEARTBEAT {datanodeUUID=c54af6f8-a22e-478f-90e1-029d14059a99, command=[]} | ret=SUCCESS |  
2019-09-12 10:32:27,972 | INFO  | SCMAudit | user=jenkins1000 | ip=192.168.36.114 | op=SEND_HEARTBEAT {datanodeUUID=ff438662-24cf-49bb-bfc5-3308ec6d286b, command=[]} | ret=SUCCESS |  
2019-09-12 10:32:27,972 | INFO  | SCMAudit | user=jenkins1000 | ip=192.168.36.114 | op=SEND_HEARTBEAT {datanodeUUID=9616c881-dbb1-48da-90dd-a872ed779a2e, command=[]} | ret=SUCCESS |  
2019-09-12 10:32:28,200 | INFO  | SCMAudit | user=jenkins1000 | ip=192.168.36.114 | op=SEND_HEARTBEAT {datanodeUUID=22ce2f4b-d517-44cf-8041-712d813e08f3, command=[]} | ret=SUCCESS |  
2019-09-12 10:32:28,212 [main] INFO  ozone.HddsDatanodeService (HddsDatanodeService.java:start(184)) - HddsDatanodeService host:pr-hdds-1569-58hkm-1881083799 ip:192.168.36.114
2019-09-12 10:32:28,238 [main] INFO  volume.HddsVolume (HddsVolume.java:<init>(176)) - Creating Volume: /workdir/hadoop-ozone/integration-test/target/test-dir/MiniOzoneClusterImpl-fac5a39b-1f62-44b0-aedf-fae56ce7e72b/datanode-2/data/containers/hdds of  storage type : DISK and capacity : 1482555576320
2019-09-12 10:32:28,238 [main] INFO  volume.VolumeSet (VolumeSet.java:initializeVolumeSet(170)) - Added Volume : /workdir/hadoop-ozone/integration-test/target/test-dir/MiniOzoneClusterImpl-fac5a39b-1f62-44b0-aedf-fae56ce7e72b/datanode-2/data/containers/hdds to VolumeSet
2019-09-12 10:32:28,239 [main] INFO  volume.ThrottledAsyncChecker (ThrottledAsyncChecker.java:schedule(140)) - Scheduling a check for org.apache.hadoop.ozone.container.common.volume.HddsVolume@578483bd
2019-09-12 10:32:28,239 [main] INFO  volume.HddsVolumeChecker (HddsVolumeChecker.java:checkAllVolumes(203)) - Scheduled health check for volume org.apache.hadoop.ozone.container.common.volume.HddsVolume@578483bd
2019-09-12 10:32:28,271 [main] INFO  impl.RaftServerProxy (ConfUtils.java:logGet(43)) - raft.rpc.type = GRPC (default)
2019-09-12 10:32:28,271 [main] INFO  grpc.GrpcFactory (GrpcFactory.java:checkPooledByteBufAllocatorUseCacheForAllThreads(45)) - PERFORMANCE WARNING: useCacheForAllThreads is true that may cause Netty to create a lot garbage objects and, as a result, trigger GC.
	It is recommended to disable useCacheForAllThreads by setting -Dorg.apache.ratis.thirdparty.io.netty.allocator.useCacheForAllThreads=false in command line.
2019-09-12 10:32:28,272 [main] INFO  grpc.GrpcConfigKeys$Server (ConfUtils.java:logGet(43)) - raft.grpc.server.port = 0 (default)
2019-09-12 10:32:28,272 [main] INFO  server.GrpcService (ConfUtils.java:logGet(43)) - raft.grpc.message.size.max = 33570816 (custom)
2019-09-12 10:32:28,272 [main] INFO  server.RaftServerConfigKeys (ConfUtils.java:logGet(43)) - raft.server.log.appender.buffer.byte-limit = 33554432 (custom)
2019-09-12 10:32:28,272 [main] INFO  server.GrpcService (ConfUtils.java:logGet(43)) - raft.grpc.flow.control.window = 1MB (=1048576) (default)
2019-09-12 10:32:28,272 [main] INFO  server.RaftServerConfigKeys (ConfUtils.java:logGet(43)) - raft.server.rpc.request.timeout = 3000ms (default)
2019-09-12 10:32:28,273 [main] INFO  server.RaftServerConfigKeys (ConfUtils.java:logGet(43)) - raft.server.storage.dir = [/workdir/hadoop-ozone/integration-test/target/test-dir/MiniOzoneClusterImpl-fac5a39b-1f62-44b0-aedf-fae56ce7e72b/datanode-2/data/ratis] (custom)
2019-09-12 10:32:28,273 [main] INFO  replication.SimpleContainerDownloader (SimpleContainerDownloader.java:<init>(72)) - Starting container downloader service to copy containers to replicate.
2019-09-12 10:32:28,274 [main] INFO  hdfs.DFSUtil (DFSUtil.java:httpServerTemplateForNNAndJN(1641)) - Starting Web-server for hddsDatanode at: http://0.0.0.0:0
2019-09-12 10:32:28,276 [main] INFO  server.AuthenticationFilter (AuthenticationFilter.java:constructSecretProvider(240)) - Unable to initialize FileSignerSecretProvider, falling back to use random secrets.
2019-09-12 10:32:28,277 [main] WARN  http.HttpRequestLog (HttpRequestLog.java:getRequestLog(97)) - Jetty request log can only be enabled using Log4j
2019-09-12 10:32:28,278 [main] INFO  http.HttpServer2 (HttpServer2.java:addGlobalFilter(975)) - Added global filter 'safety' (class=org.apache.hadoop.http.HttpServer2$QuotingInputFilter)
2019-09-12 10:32:28,279 [main] INFO  http.HttpServer2 (HttpServer2.java:addFilter(948)) - Added filter static_user_filter (class=org.apache.hadoop.http.lib.StaticUserWebFilter$StaticUserFilter) to context hddsDatanode
2019-09-12 10:32:28,279 [main] INFO  http.HttpServer2 (HttpServer2.java:addFilter(958)) - Added filter static_user_filter (class=org.apache.hadoop.http.lib.StaticUserWebFilter$StaticUserFilter) to context logs
2019-09-12 10:32:28,279 [main] INFO  http.HttpServer2 (HttpServer2.java:addFilter(958)) - Added filter static_user_filter (class=org.apache.hadoop.http.lib.StaticUserWebFilter$StaticUserFilter) to context static
2019-09-12 10:32:28,280 [main] INFO  http.HttpServer2 (HttpServer2.java:bindListener(1191)) - Jetty bound to port 37370
2019-09-12 10:32:28,280 [main] INFO  server.Server (Server.java:doStart(351)) - jetty-9.3.24.v20180605, build timestamp: 2018-06-05T17:11:56Z, git hash: 84205aa28f11a4f31f2a3b86d1bba2cc8ab69827
2019-09-12 10:32:28,282 [main] INFO  handler.ContextHandler (ContextHandler.java:doStart(781)) - Started o.e.j.s.ServletContextHandler@1c10eb3a{/logs,file:///workdir/hadoop-ozone/integration-test/target/log,AVAILABLE}
2019-09-12 10:32:28,282 [main] INFO  handler.ContextHandler (ContextHandler.java:doStart(781)) - Started o.e.j.s.ServletContextHandler@1af29a19{/static,jar:file:/home/user/.m2/repository/org/apache/hadoop/hadoop-hdds-container-service/0.5.0-SNAPSHOT/hadoop-hdds-container-service-0.5.0-SNAPSHOT.jar!/webapps/static,AVAILABLE}
2019-09-12 10:32:28,341 [main] INFO  handler.ContextHandler (ContextHandler.java:doStart(781)) - Started o.e.j.w.WebAppContext@4822fc53{/,file:///tmp/jetty-0.0.0.0-37370-hddsDatanode-_-any-668360194166457825.dir/webapp/,AVAILABLE}{/hddsDatanode}
2019-09-12 10:32:28,341 [main] INFO  server.AbstractConnector (AbstractConnector.java:doStart(278)) - Started ServerConnector@6e200307{HTTP/1.1,[http/1.1]}{0.0.0.0:37370}
2019-09-12 10:32:28,351 [main] INFO  server.Server (Server.java:doStart(419)) - Started @79690ms
2019-09-12 10:32:28,358 [873ff125-9641-4674-9775-ec96c107c12e-SegmentedRaftLogWorker:Storage Directory /workdir/hadoop-ozone/integration-test/target/test-dir/MiniOzoneClusterImpl-39631bd2-f83c-4f24-acb2-4c1b273f2694/datanode-6/data/ratis/2c4979ac-abb4-4ed2-bb41-d44e87f63e4c] ERROR segmented.SegmentedRaftLogWorker (SegmentedRaftLogWorker.java:run(323)) - 873ff125-9641-4674-9775-ec96c107c12e-SegmentedRaftLogWorker:Storage Directory /workdir/hadoop-ozone/integration-test/target/test-dir/MiniOzoneClusterImpl-39631bd2-f83c-4f24-acb2-4c1b273f2694/datanode-6/data/ratis/2c4979ac-abb4-4ed2-bb41-d44e87f63e4c hit exception
java.lang.OutOfMemoryError: Direct buffer memory
	at java.nio.Bits.reserveMemory(Bits.java:666)
	at java.nio.DirectByteBuffer.<init>(DirectByteBuffer.java:123)
	at java.nio.ByteBuffer.allocateDirect(ByteBuffer.java:311)
	at org.apache.ratis.server.raftlog.segmented.BufferedWriteChannel.<init>(BufferedWriteChannel.java:41)
	at org.apache.ratis.server.raftlog.segmented.SegmentedRaftLogOutputStream.<init>(SegmentedRaftLogOutputStream.java:72)
	at org.apache.ratis.server.raftlog.segmented.SegmentedRaftLogWorker$StartLogSegment.execute(SegmentedRaftLogWorker.java:566)
	at org.apache.ratis.server.raftlog.segmented.SegmentedRaftLogWorker.run(SegmentedRaftLogWorker.java:289)
	at java.lang.Thread.run(Thread.java:748)
2019-09-12 10:32:28,358 [main] INFO  server.BaseHttpServer (BaseHttpServer.java:updateConnectorAddress(213)) - HTTP server of HDDSDATANODE is listening at http://0.0.0.0:37370
2019-09-12 10:32:28,358 [873ff125-9641-4674-9775-ec96c107c12e-SegmentedRaftLogWorker:Storage Directory /workdir/hadoop-ozone/integration-test/target/test-dir/MiniOzoneClusterImpl-39631bd2-f83c-4f24-acb2-4c1b273f2694/datanode-6/data/ratis/2c4979ac-abb4-4ed2-bb41-d44e87f63e4c] INFO  impl.RaftServerImpl (RaftServerImpl.java:lambda$shutdown$3(245)) - 873ff125-9641-4674-9775-ec96c107c12e: shutdown group-D44E87F63E4C
2019-09-12 10:32:28,359 [873ff125-9641-4674-9775-ec96c107c12e-SegmentedRaftLogWorker:Storage Directory /workdir/hadoop-ozone/integration-test/target/test-dir/MiniOzoneClusterImpl-39631bd2-f83c-4f24-acb2-4c1b273f2694/datanode-6/data/ratis/2c4979ac-abb4-4ed2-bb41-d44e87f63e4c] INFO  util.JmxRegister (JmxRegister.java:unregister(73)) - Successfully un-registered JMX Bean with object name Ratis:service=RaftServer,group=group-D44E87F63E4C,id=873ff125-9641-4674-9775-ec96c107c12e
2019-09-12 10:32:28,359 [873ff125-9641-4674-9775-ec96c107c12e-SegmentedRaftLogWorker:Storage Directory /workdir/hadoop-ozone/integration-test/target/test-dir/MiniOzoneClusterImpl-39631bd2-f83c-4f24-acb2-4c1b273f2694/datanode-6/data/ratis/2c4979ac-abb4-4ed2-bb41-d44e87f63e4c] INFO  impl.RoleInfo (RoleInfo.java:shutdownLeaderState(104)) - 873ff125-9641-4674-9775-ec96c107c12e: shutdown LeaderState
2019-09-12 10:32:28,359 [873ff125-9641-4674-9775-ec96c107c12e-SegmentedRaftLogWorker:Storage Directory /workdir/hadoop-ozone/integration-test/target/test-dir/MiniOzoneClusterImpl-39631bd2-f83c-4f24-acb2-4c1b273f2694/datanode-6/data/ratis/2c4979ac-abb4-4ed2-bb41-d44e87f63e4c] INFO  impl.PendingRequests (PendingRequests.java:sendNotLeaderResponses(202)) - 873ff125-9641-4674-9775-ec96c107c12e-PendingRequests: sendNotLeaderResponses
2019-09-12 10:32:28,359 [873ff125-9641-4674-9775-ec96c107c12e-SegmentedRaftLogWorker:Storage Directory /workdir/hadoop-ozone/integration-test/target/test-dir/MiniOzoneClusterImpl-39631bd2-f83c-4f24-acb2-4c1b273f2694/datanode-6/data/ratis/2c4979ac-abb4-4ed2-bb41-d44e87f63e4c] INFO  impl.StateMachineUpdater (StateMachineUpdater.java:stopAndJoin(115)) - StateMachineUpdater:873ff125-9641-4674-9775-ec96c107c12e:group-D44E87F63E4C: set stopIndex = -1
2019-09-12 10:32:28,359 [873ff125-9641-4674-9775-ec96c107c12e-SegmentedRaftLogWorker:Storage Directory /workdir/hadoop-ozone/integration-test/target/test-dir/MiniOzoneClusterImpl-39631bd2-f83c-4f24-acb2-4c1b273f2694/datanode-6/data/ratis/2c4979ac-abb4-4ed2-bb41-d44e87f63e4c] INFO  impl.RaftServerImpl (ServerState.java:close(394)) - 873ff125-9641-4674-9775-ec96c107c12e:group-D44E87F63E4C closes. The last applied log index is -1
2019-09-12 10:32:28,359 [873ff125-9641-4674-9775-ec96c107c12e-SegmentedRaftLogWorker:Storage Directory /workdir/hadoop-ozone/integration-test/target/test-dir/MiniOzoneClusterImpl-39631bd2-f83c-4f24-acb2-4c1b273f2694/datanode-6/data/ratis/2c4979ac-abb4-4ed2-bb41-d44e87f63e4c] INFO  segmented.SegmentedRaftLogWorker (SegmentedRaftLogWorker.java:close(228)) - 873ff125-9641-4674-9775-ec96c107c12e-SegmentedRaftLogWorker:Storage Directory /workdir/hadoop-ozone/integration-test/target/test-dir/MiniOzoneClusterImpl-39631bd2-f83c-4f24-acb2-4c1b273f2694/datanode-6/data/ratis/2c4979ac-abb4-4ed2-bb41-d44e87f63e4c close()
2019-09-12 10:32:28,509 | INFO  | ObjectStoreRestHttpServer | Listening HDDS REST traffic on /0.0.0.0:37222 |  
2019-09-12 10:32:28,509 [main] INFO  ozone.HddsDatanodeService (HddsDatanodeService.java:startPlugins(395)) - Started plug-in org.apache.hadoop.ozone.web.OzoneHddsDatanodeService@4b59a1c1
2019-09-12 10:32:28,510 [main] INFO  impl.MetricsSystemImpl (MetricsSystemImpl.java:init(158)) - HddsDatanode metrics system started (again)
2019-09-12 10:32:28,512 [org.apache.hadoop.util.JvmPauseMonitor$Monitor@220838d2] INFO  util.JvmPauseMonitor (JvmPauseMonitor.java:run(188)) - Starting JVM pause monitor
2019-09-12 10:32:28,513 [Datanode State Machine Thread - 0] INFO  datanode.InitDatanodeState (InitDatanodeState.java:persistContainerDatanodeDetails(140)) - DatanodeDetails is persisted to /workdir/hadoop-ozone/integration-test/target/test-dir/MiniOzoneClusterImpl-fac5a39b-1f62-44b0-aedf-fae56ce7e72b/datanode-2/meta/datanode.id
2019-09-12 10:32:28,755 [main] INFO  ozone.HddsDatanodeService (HddsDatanodeService.java:start(184)) - HddsDatanodeService host:pr-hdds-1569-58hkm-1881083799 ip:192.168.36.114
2019-09-12 10:32:28,780 [main] INFO  volume.HddsVolume (HddsVolume.java:<init>(176)) - Creating Volume: /workdir/hadoop-ozone/integration-test/target/test-dir/MiniOzoneClusterImpl-fac5a39b-1f62-44b0-aedf-fae56ce7e72b/datanode-3/data/containers/hdds of  storage type : DISK and capacity : 1482555576320
2019-09-12 10:32:28,780 [main] INFO  volume.VolumeSet (VolumeSet.java:initializeVolumeSet(170)) - Added Volume : /workdir/hadoop-ozone/integration-test/target/test-dir/MiniOzoneClusterImpl-fac5a39b-1f62-44b0-aedf-fae56ce7e72b/datanode-3/data/containers/hdds to VolumeSet
2019-09-12 10:32:28,780 [main] INFO  volume.ThrottledAsyncChecker (ThrottledAsyncChecker.java:schedule(140)) - Scheduling a check for org.apache.hadoop.ozone.container.common.volume.HddsVolume@5702232d
2019-09-12 10:32:28,781 [main] INFO  volume.HddsVolumeChecker (HddsVolumeChecker.java:checkAllVolumes(203)) - Scheduled health check for volume org.apache.hadoop.ozone.container.common.volume.HddsVolume@5702232d
2019-09-12 10:32:28,812 [main] INFO  impl.RaftServerProxy (ConfUtils.java:logGet(43)) - raft.rpc.type = GRPC (default)
2019-09-12 10:32:28,812 [main] INFO  grpc.GrpcFactory (GrpcFactory.java:checkPooledByteBufAllocatorUseCacheForAllThreads(45)) - PERFORMANCE WARNING: useCacheForAllThreads is true that may cause Netty to create a lot garbage objects and, as a result, trigger GC.
	It is recommended to disable useCacheForAllThreads by setting -Dorg.apache.ratis.thirdparty.io.netty.allocator.useCacheForAllThreads=false in command line.
2019-09-12 10:32:28,812 [main] INFO  grpc.GrpcConfigKeys$Server (ConfUtils.java:logGet(43)) - raft.grpc.server.port = 0 (default)
2019-09-12 10:32:28,812 [main] INFO  server.GrpcService (ConfUtils.java:logGet(43)) - raft.grpc.message.size.max = 33570816 (custom)
2019-09-12 10:32:28,813 [main] INFO  server.RaftServerConfigKeys (ConfUtils.java:logGet(43)) - raft.server.log.appender.buffer.byte-limit = 33554432 (custom)
2019-09-12 10:32:28,813 [main] INFO  server.GrpcService (ConfUtils.java:logGet(43)) - raft.grpc.flow.control.window = 1MB (=1048576) (default)
2019-09-12 10:32:28,813 [main] INFO  server.RaftServerConfigKeys (ConfUtils.java:logGet(43)) - raft.server.rpc.request.timeout = 3000ms (default)
2019-09-12 10:32:28,814 [main] INFO  server.RaftServerConfigKeys (ConfUtils.java:logGet(43)) - raft.server.storage.dir = [/workdir/hadoop-ozone/integration-test/target/test-dir/MiniOzoneClusterImpl-fac5a39b-1f62-44b0-aedf-fae56ce7e72b/datanode-3/data/ratis] (custom)
2019-09-12 10:32:28,814 [main] INFO  replication.SimpleContainerDownloader (SimpleContainerDownloader.java:<init>(72)) - Starting container downloader service to copy containers to replicate.
2019-09-12 10:32:28,815 [main] INFO  hdfs.DFSUtil (DFSUtil.java:httpServerTemplateForNNAndJN(1641)) - Starting Web-server for hddsDatanode at: http://0.0.0.0:0
2019-09-12 10:32:28,817 [main] INFO  server.AuthenticationFilter (AuthenticationFilter.java:constructSecretProvider(240)) - Unable to initialize FileSignerSecretProvider, falling back to use random secrets.
2019-09-12 10:32:28,817 [main] WARN  http.HttpRequestLog (HttpRequestLog.java:getRequestLog(97)) - Jetty request log can only be enabled using Log4j
2019-09-12 10:32:28,819 [main] INFO  http.HttpServer2 (HttpServer2.java:addGlobalFilter(975)) - Added global filter 'safety' (class=org.apache.hadoop.http.HttpServer2$QuotingInputFilter)
2019-09-12 10:32:28,819 [main] INFO  http.HttpServer2 (HttpServer2.java:addFilter(948)) - Added filter static_user_filter (class=org.apache.hadoop.http.lib.StaticUserWebFilter$StaticUserFilter) to context hddsDatanode
2019-09-12 10:32:28,820 [main] INFO  http.HttpServer2 (HttpServer2.java:addFilter(958)) - Added filter static_user_filter (class=org.apache.hadoop.http.lib.StaticUserWebFilter$StaticUserFilter) to context logs
2019-09-12 10:32:28,820 [main] INFO  http.HttpServer2 (HttpServer2.java:addFilter(958)) - Added filter static_user_filter (class=org.apache.hadoop.http.lib.StaticUserWebFilter$StaticUserFilter) to context static
2019-09-12 10:32:28,820 [main] INFO  http.HttpServer2 (HttpServer2.java:bindListener(1191)) - Jetty bound to port 46128
2019-09-12 10:32:28,821 [main] INFO  server.Server (Server.java:doStart(351)) - jetty-9.3.24.v20180605, build timestamp: 2018-06-05T17:11:56Z, git hash: 84205aa28f11a4f31f2a3b86d1bba2cc8ab69827
2019-09-12 10:32:28,823 [main] INFO  handler.ContextHandler (ContextHandler.java:doStart(781)) - Started o.e.j.s.ServletContextHandler@30fffb53{/logs,file:///workdir/hadoop-ozone/integration-test/target/log,AVAILABLE}
2019-09-12 10:32:28,823 [main] INFO  handler.ContextHandler (ContextHandler.java:doStart(781)) - Started o.e.j.s.ServletContextHandler@1e8c9083{/static,jar:file:/home/user/.m2/repository/org/apache/hadoop/hadoop-hdds-container-service/0.5.0-SNAPSHOT/hadoop-hdds-container-service-0.5.0-SNAPSHOT.jar!/webapps/static,AVAILABLE}
2019-09-12 10:32:28,901 [main] INFO  handler.ContextHandler (ContextHandler.java:doStart(781)) - Started o.e.j.w.WebAppContext@4ed7db72{/,file:///tmp/jetty-0.0.0.0-46128-hddsDatanode-_-any-6638863914274044882.dir/webapp/,AVAILABLE}{/hddsDatanode}
2019-09-12 10:32:28,901 [main] INFO  server.AbstractConnector (AbstractConnector.java:doStart(278)) - Started ServerConnector@7018636a{HTTP/1.1,[http/1.1]}{0.0.0.0:46128}
2019-09-12 10:32:28,912 [main] INFO  server.Server (Server.java:doStart(419)) - Started @80251ms
2019-09-12 10:32:28,913 [main] INFO  server.BaseHttpServer (BaseHttpServer.java:updateConnectorAddress(213)) - HTTP server of HDDSDATANODE is listening at http://0.0.0.0:46128
2019-09-12 10:32:28,991 | INFO  | SCMAudit | user=jenkins1000 | ip=192.168.36.114 | op=SEND_HEARTBEAT {datanodeUUID=f85b420b-0060-4bb9-9f68-598eed9b442f, command=[]} | ret=SUCCESS |  
2019-09-12 10:32:28,991 | INFO  | SCMAudit | user=jenkins1000 | ip=192.168.36.114 | op=SEND_HEARTBEAT {datanodeUUID=edb6c4a3-9bf1-4f2e-8ef0-c37d9a0378de, command=[]} | ret=SUCCESS |  
2019-09-12 10:32:28,991 | INFO  | SCMAudit | user=jenkins1000 | ip=192.168.36.114 | op=SEND_HEARTBEAT {datanodeUUID=57729e88-c64a-441d-a40e-ceaddf64552e, command=[]} | ret=SUCCESS |  
2019-09-12 10:32:28,991 | INFO  | SCMAudit | user=jenkins1000 | ip=192.168.36.114 | op=SEND_HEARTBEAT {datanodeUUID=873ff125-9641-4674-9775-ec96c107c12e, command=[]} | ret=SUCCESS |  
2019-09-12 10:32:28,991 | INFO  | SCMAudit | user=jenkins1000 | ip=192.168.36.114 | op=SEND_HEARTBEAT {datanodeUUID=f8fc8350-8b83-4a15-89e6-430db21616f7, command=[]} | ret=SUCCESS |  
2019-09-12 10:32:28,991 | INFO  | SCMAudit | user=jenkins1000 | ip=192.168.36.114 | op=SEND_HEARTBEAT {datanodeUUID=2df0b56f-bcaf-45a1-b35e-f30a30c5f26c, command=[]} | ret=SUCCESS |  
2019-09-12 10:32:28,992 | INFO  | SCMAudit | user=jenkins1000 | ip=192.168.36.114 | op=SEND_HEARTBEAT {datanodeUUID=ff438662-24cf-49bb-bfc5-3308ec6d286b, command=[]} | ret=SUCCESS |  
2019-09-12 10:32:28,992 | INFO  | SCMAudit | user=jenkins1000 | ip=192.168.36.114 | op=SEND_HEARTBEAT {datanodeUUID=9616c881-dbb1-48da-90dd-a872ed779a2e, command=[]} | ret=SUCCESS |  
2019-09-12 10:32:28,992 | INFO  | SCMAudit | user=jenkins1000 | ip=192.168.36.114 | op=SEND_HEARTBEAT {datanodeUUID=bcda0514-d42e-47ca-96fd-c0a633e872a8, command=[]} | ret=SUCCESS |  
2019-09-12 10:32:28,992 | INFO  | SCMAudit | user=jenkins1000 | ip=192.168.36.114 | op=SEND_HEARTBEAT {datanodeUUID=d40ec8ee-ac9e-41d6-86bd-e74a05605b85, command=[]} | ret=SUCCESS |  
2019-09-12 10:32:28,992 | INFO  | SCMAudit | user=jenkins1000 | ip=192.168.36.114 | op=SEND_HEARTBEAT {datanodeUUID=334c5273-7871-4d53-8b37-de05e5a3be10, command=[]} | ret=SUCCESS |  
2019-09-12 10:32:28,992 | INFO  | SCMAudit | user=jenkins1000 | ip=192.168.36.114 | op=SEND_HEARTBEAT {datanodeUUID=1349d5ba-07d4-450a-9218-4f0361201438, command=[]} | ret=SUCCESS |  
2019-09-12 10:32:28,992 | INFO  | SCMAudit | user=jenkins1000 | ip=192.168.36.114 | op=SEND_HEARTBEAT {datanodeUUID=caccd92c-2544-4e02-86cf-95849f240c1b, command=[]} | ret=SUCCESS |  
2019-09-12 10:32:28,992 | INFO  | SCMAudit | user=jenkins1000 | ip=192.168.36.114 | op=SEND_HEARTBEAT {datanodeUUID=ad8ae342-df06-4311-9d84-524877c98111, command=[]} | ret=SUCCESS |  
2019-09-12 10:32:28,992 | INFO  | SCMAudit | user=jenkins1000 | ip=192.168.36.114 | op=SEND_HEARTBEAT {datanodeUUID=c54af6f8-a22e-478f-90e1-029d14059a99, command=[]} | ret=SUCCESS |  
2019-09-12 10:32:28,992 | INFO  | SCMAudit | user=jenkins1000 | ip=192.168.36.114 | op=SEND_HEARTBEAT {datanodeUUID=a95fd1d5-e9a9-4526-b4c7-6aa1a85e40e9, command=[]} | ret=SUCCESS |  
2019-09-12 10:32:28,992 | INFO  | SCMAudit | user=jenkins1000 | ip=192.168.36.114 | op=SEND_HEARTBEAT {datanodeUUID=2d50b591-d6e4-490f-9fa0-973ad5423bd7, command=[]} | ret=SUCCESS |  
2019-09-12 10:32:28,993 | INFO  | SCMAudit | user=jenkins1000 | ip=192.168.36.114 | op=SEND_HEARTBEAT {datanodeUUID=39df7a3f-9691-48d4-a2b1-6888489a5f8a, command=[]} | ret=SUCCESS |  
2019-09-12 10:32:28,993 | INFO  | SCMAudit | user=jenkins1000 | ip=192.168.36.114 | op=SEND_HEARTBEAT {datanodeUUID=c9031a36-5f7c-4098-8bea-8a46141708a6, command=[]} | ret=SUCCESS |  
2019-09-12 10:32:28,993 | INFO  | SCMAudit | user=jenkins1000 | ip=192.168.36.114 | op=SEND_HEARTBEAT {datanodeUUID=f17b4253-95a0-4ee6-8ded-88f070f15b33, command=[]} | ret=SUCCESS |  
2019-09-12 10:32:29,010 | INFO  | SCMAudit | user=jenkins1000 | ip=192.168.36.114 | op=GET_VERSION null | ret=SUCCESS |  
2019-09-12 10:32:28,993 | INFO  | SCMAudit | user=jenkins1000 | ip=192.168.36.114 | op=SEND_HEARTBEAT {datanodeUUID=2cb9d557-cb56-4745-8686-5e72b62e748a, command=[]} | ret=SUCCESS |  
2019-09-12 10:32:28,993 | INFO  | SCMAudit | user=jenkins1000 | ip=192.168.36.114 | op=SEND_HEARTBEAT {datanodeUUID=eaeff1e2-de9c-4510-872d-283eb6c3c330, command=[]} | ret=SUCCESS |  
2019-09-12 10:32:28,993 | INFO  | SCMAudit | user=jenkins1000 | ip=192.168.36.114 | op=SEND_HEARTBEAT {datanodeUUID=c1e71898-521f-4627-a3f1-9884c4b96ced, command=[]} | ret=SUCCESS |  
2019-09-12 10:32:28,993 | INFO  | SCMAudit | user=jenkins1000 | ip=192.168.36.114 | op=SEND_HEARTBEAT {datanodeUUID=5dd0cd62-5770-41dd-9e5a-f3f3eedc40c1, command=[]} | ret=SUCCESS |  
2019-09-12 10:32:29,009 | INFO  | SCMAudit | user=jenkins1000 | ip=192.168.36.114 | op=SEND_HEARTBEAT {datanodeUUID=accf000b-d7b7-4fa5-9682-da82c4451e10, command=[]} | ret=SUCCESS |  
2019-09-12 10:32:29,009 | INFO  | SCMAudit | user=jenkins1000 | ip=192.168.36.114 | op=SEND_HEARTBEAT {datanodeUUID=d9d65fd8-d100-497d-8460-9a4cf62b4ad5, command=[]} | ret=SUCCESS |  
2019-09-12 10:32:29,009 | INFO  | SCMAudit | user=jenkins1000 | ip=192.168.36.114 | op=SEND_HEARTBEAT {datanodeUUID=22ce2f4b-d517-44cf-8041-712d813e08f3, command=[]} | ret=SUCCESS |  
2019-09-12 10:32:29,009 | INFO  | SCMAudit | user=jenkins1000 | ip=192.168.36.114 | op=SEND_HEARTBEAT {datanodeUUID=b6dd7c38-f675-445e-811b-15cf17d56c0a, command=[]} | ret=SUCCESS |  
2019-09-12 10:32:29,043 [Datanode State Machine Thread - 0] INFO  ozoneimpl.OzoneContainer (OzoneContainer.java:start(186)) - Attempting to start container services.
2019-09-12 10:32:29,043 [Datanode State Machine Thread - 0] INFO  ozoneimpl.OzoneContainer (OzoneContainer.java:startContainerScrub(160)) - Background container scrubber has been disabled by hdds.containerscrub.enabled
2019-09-12 10:32:29,043 [Datanode State Machine Thread - 0] INFO  ratis.XceiverServerRatis (XceiverServerRatis.java:start(404)) - Starting XceiverServerRatis af27d03c-0a72-43b4-9e80-d162a1883bf6 at port 0
2019-09-12 10:32:29,051 [Datanode State Machine Thread - 0] INFO  impl.RaftServerProxy (RaftServerProxy.java:lambda$start$3(299)) - af27d03c-0a72-43b4-9e80-d162a1883bf6: start RPC server
2019-09-12 10:32:29,052 [Datanode State Machine Thread - 0] INFO  server.GrpcService (GrpcService.java:startImpl(149)) - af27d03c-0a72-43b4-9e80-d162a1883bf6: GrpcService started, listening on 0.0.0.0/0.0.0.0:43211
2019-09-12 10:32:29,052 [Datanode State Machine Thread - 0] INFO  ratis.XceiverServerRatis (XceiverServerRatis.java:start(414)) - XceiverServerRatis af27d03c-0a72-43b4-9e80-d162a1883bf6 is started using port 43211
2019-09-12 10:32:29,053 [Datanode State Machine Thread - 0] INFO  server.XceiverServerGrpc (XceiverServerGrpc.java:start(163)) - XceiverServerGrpc af27d03c-0a72-43b4-9e80-d162a1883bf6 is started using port 39133
2019-09-12 10:32:29,149 | INFO  | ObjectStoreRestHttpServer | Listening HDDS REST traffic on /0.0.0.0:43895 |  
2019-09-12 10:32:29,149 [main] INFO  ozone.HddsDatanodeService (HddsDatanodeService.java:startPlugins(395)) - Started plug-in org.apache.hadoop.ozone.web.OzoneHddsDatanodeService@7bfedff3
2019-09-12 10:32:29,150 [main] INFO  impl.MetricsSystemImpl (MetricsSystemImpl.java:init(158)) - HddsDatanode metrics system started (again)
2019-09-12 10:32:29,151 [org.apache.hadoop.util.JvmPauseMonitor$Monitor@19b5fcfe] INFO  util.JvmPauseMonitor (JvmPauseMonitor.java:run(188)) - Starting JVM pause monitor
2019-09-12 10:32:29,391 [Datanode State Machine Thread - 0] INFO  datanode.InitDatanodeState (InitDatanodeState.java:persistContainerDatanodeDetails(140)) - DatanodeDetails is persisted to /workdir/hadoop-ozone/integration-test/target/test-dir/MiniOzoneClusterImpl-fac5a39b-1f62-44b0-aedf-fae56ce7e72b/datanode-3/meta/datanode.id
2019-09-12 10:32:29,394 [main] INFO  ozone.HddsDatanodeService (HddsDatanodeService.java:start(184)) - HddsDatanodeService host:pr-hdds-1569-58hkm-1881083799 ip:192.168.36.114
2019-09-12 10:32:29,424 [main] INFO  volume.HddsVolume (HddsVolume.java:<init>(176)) - Creating Volume: /workdir/hadoop-ozone/integration-test/target/test-dir/MiniOzoneClusterImpl-fac5a39b-1f62-44b0-aedf-fae56ce7e72b/datanode-4/data/containers/hdds of  storage type : DISK and capacity : 1482555576320
2019-09-12 10:32:29,425 [main] INFO  volume.VolumeSet (VolumeSet.java:initializeVolumeSet(170)) - Added Volume : /workdir/hadoop-ozone/integration-test/target/test-dir/MiniOzoneClusterImpl-fac5a39b-1f62-44b0-aedf-fae56ce7e72b/datanode-4/data/containers/hdds to VolumeSet
2019-09-12 10:32:29,425 [main] INFO  volume.ThrottledAsyncChecker (ThrottledAsyncChecker.java:schedule(140)) - Scheduling a check for org.apache.hadoop.ozone.container.common.volume.HddsVolume@208ce928
2019-09-12 10:32:29,425 [main] INFO  volume.HddsVolumeChecker (HddsVolumeChecker.java:checkAllVolumes(203)) - Scheduled health check for volume org.apache.hadoop.ozone.container.common.volume.HddsVolume@208ce928
2019-09-12 10:32:29,463 [main] INFO  impl.RaftServerProxy (ConfUtils.java:logGet(43)) - raft.rpc.type = GRPC (default)
2019-09-12 10:32:29,464 [main] INFO  grpc.GrpcFactory (GrpcFactory.java:checkPooledByteBufAllocatorUseCacheForAllThreads(45)) - PERFORMANCE WARNING: useCacheForAllThreads is true that may cause Netty to create a lot garbage objects and, as a result, trigger GC.
	It is recommended to disable useCacheForAllThreads by setting -Dorg.apache.ratis.thirdparty.io.netty.allocator.useCacheForAllThreads=false in command line.
2019-09-12 10:32:29,464 [main] INFO  grpc.GrpcConfigKeys$Server (ConfUtils.java:logGet(43)) - raft.grpc.server.port = 0 (default)
2019-09-12 10:32:29,464 [main] INFO  server.GrpcService (ConfUtils.java:logGet(43)) - raft.grpc.message.size.max = 33570816 (custom)
2019-09-12 10:32:29,464 [main] INFO  server.RaftServerConfigKeys (ConfUtils.java:logGet(43)) - raft.server.log.appender.buffer.byte-limit = 33554432 (custom)
2019-09-12 10:32:29,464 [main] INFO  server.GrpcService (ConfUtils.java:logGet(43)) - raft.grpc.flow.control.window = 1MB (=1048576) (default)
2019-09-12 10:32:29,464 [main] INFO  server.RaftServerConfigKeys (ConfUtils.java:logGet(43)) - raft.server.rpc.request.timeout = 3000ms (default)
2019-09-12 10:32:29,465 [main] INFO  server.RaftServerConfigKeys (ConfUtils.java:logGet(43)) - raft.server.storage.dir = [/workdir/hadoop-ozone/integration-test/target/test-dir/MiniOzoneClusterImpl-fac5a39b-1f62-44b0-aedf-fae56ce7e72b/datanode-4/data/ratis] (custom)
2019-09-12 10:32:29,465 [main] INFO  replication.SimpleContainerDownloader (SimpleContainerDownloader.java:<init>(72)) - Starting container downloader service to copy containers to replicate.
2019-09-12 10:32:29,466 [main] INFO  hdfs.DFSUtil (DFSUtil.java:httpServerTemplateForNNAndJN(1641)) - Starting Web-server for hddsDatanode at: http://0.0.0.0:0
2019-09-12 10:32:29,468 [main] INFO  server.AuthenticationFilter (AuthenticationFilter.java:constructSecretProvider(240)) - Unable to initialize FileSignerSecretProvider, falling back to use random secrets.
2019-09-12 10:32:29,468 [main] WARN  http.HttpRequestLog (HttpRequestLog.java:getRequestLog(97)) - Jetty request log can only be enabled using Log4j
2019-09-12 10:32:29,470 [main] INFO  http.HttpServer2 (HttpServer2.java:addGlobalFilter(975)) - Added global filter 'safety' (class=org.apache.hadoop.http.HttpServer2$QuotingInputFilter)
2019-09-12 10:32:29,471 [main] INFO  http.HttpServer2 (HttpServer2.java:addFilter(948)) - Added filter static_user_filter (class=org.apache.hadoop.http.lib.StaticUserWebFilter$StaticUserFilter) to context hddsDatanode
2019-09-12 10:32:29,471 [main] INFO  http.HttpServer2 (HttpServer2.java:addFilter(958)) - Added filter static_user_filter (class=org.apache.hadoop.http.lib.StaticUserWebFilter$StaticUserFilter) to context logs
2019-09-12 10:32:29,471 [main] INFO  http.HttpServer2 (HttpServer2.java:addFilter(958)) - Added filter static_user_filter (class=org.apache.hadoop.http.lib.StaticUserWebFilter$StaticUserFilter) to context static
2019-09-12 10:32:29,472 [main] INFO  http.HttpServer2 (HttpServer2.java:bindListener(1191)) - Jetty bound to port 34042
2019-09-12 10:32:29,472 [main] INFO  server.Server (Server.java:doStart(351)) - jetty-9.3.24.v20180605, build timestamp: 2018-06-05T17:11:56Z, git hash: 84205aa28f11a4f31f2a3b86d1bba2cc8ab69827
2019-09-12 10:32:29,474 [main] INFO  handler.ContextHandler (ContextHandler.java:doStart(781)) - Started o.e.j.s.ServletContextHandler@6cca70e3{/logs,file:///workdir/hadoop-ozone/integration-test/target/log,AVAILABLE}
2019-09-12 10:32:29,474 [main] INFO  handler.ContextHandler (ContextHandler.java:doStart(781)) - Started o.e.j.s.ServletContextHandler@5e8f0c54{/static,jar:file:/home/user/.m2/repository/org/apache/hadoop/hadoop-hdds-container-service/0.5.0-SNAPSHOT/hadoop-hdds-container-service-0.5.0-SNAPSHOT.jar!/webapps/static,AVAILABLE}
2019-09-12 10:32:29,523 [main] INFO  handler.ContextHandler (ContextHandler.java:doStart(781)) - Started o.e.j.w.WebAppContext@d140627{/,file:///tmp/jetty-0.0.0.0-34042-hddsDatanode-_-any-4586647534594109526.dir/webapp/,AVAILABLE}{/hddsDatanode}
2019-09-12 10:32:29,524 [main] INFO  server.AbstractConnector (AbstractConnector.java:doStart(278)) - Started ServerConnector@386ec37d{HTTP/1.1,[http/1.1]}{0.0.0.0:34042}
2019-09-12 10:32:29,534 [main] INFO  server.Server (Server.java:doStart(419)) - Started @80872ms
2019-09-12 10:32:29,535 [main] INFO  server.BaseHttpServer (BaseHttpServer.java:updateConnectorAddress(213)) - HTTP server of HDDSDATANODE is listening at http://0.0.0.0:34042
2019-09-12 10:32:29,672 | INFO  | ObjectStoreRestHttpServer | Listening HDDS REST traffic on /0.0.0.0:33372 |  
2019-09-12 10:32:29,672 [main] INFO  ozone.HddsDatanodeService (HddsDatanodeService.java:startPlugins(395)) - Started plug-in org.apache.hadoop.ozone.web.OzoneHddsDatanodeService@9751c9
2019-09-12 10:32:29,673 [main] INFO  impl.MetricsSystemImpl (MetricsSystemImpl.java:init(158)) - HddsDatanode metrics system started (again)
2019-09-12 10:32:29,941 [org.apache.hadoop.util.JvmPauseMonitor$Monitor@14a72592] INFO  util.JvmPauseMonitor (JvmPauseMonitor.java:run(188)) - Starting JVM pause monitor
2019-09-12 10:32:29,942 [Datanode State Machine Thread - 0] INFO  datanode.InitDatanodeState (InitDatanodeState.java:persistContainerDatanodeDetails(140)) - DatanodeDetails is persisted to /workdir/hadoop-ozone/integration-test/target/test-dir/MiniOzoneClusterImpl-fac5a39b-1f62-44b0-aedf-fae56ce7e72b/datanode-4/meta/datanode.id
2019-09-12 10:32:29,946 [main] INFO  ozone.HddsDatanodeService (HddsDatanodeService.java:start(184)) - HddsDatanodeService host:pr-hdds-1569-58hkm-1881083799 ip:192.168.36.114
2019-09-12 10:32:29,975 [main] INFO  volume.HddsVolume (HddsVolume.java:<init>(176)) - Creating Volume: /workdir/hadoop-ozone/integration-test/target/test-dir/MiniOzoneClusterImpl-fac5a39b-1f62-44b0-aedf-fae56ce7e72b/datanode-5/data/containers/hdds of  storage type : DISK and capacity : 1482555576320
2019-09-12 10:32:29,975 | INFO  | SCMAudit | user=jenkins1000 | ip=192.168.36.114 | op=GET_VERSION null | ret=SUCCESS |  
2019-09-12 10:32:29,975 [main] INFO  volume.VolumeSet (VolumeSet.java:initializeVolumeSet(170)) - Added Volume : /workdir/hadoop-ozone/integration-test/target/test-dir/MiniOzoneClusterImpl-fac5a39b-1f62-44b0-aedf-fae56ce7e72b/datanode-5/data/containers/hdds to VolumeSet
2019-09-12 10:32:29,982 [main] INFO  volume.ThrottledAsyncChecker (ThrottledAsyncChecker.java:schedule(140)) - Scheduling a check for org.apache.hadoop.ozone.container.common.volume.HddsVolume@3bbab2c9
2019-09-12 10:32:29,989 | INFO  | SCMAudit | user=jenkins1000 | ip=192.168.36.114 | op=SEND_HEARTBEAT {datanodeUUID=c9031a36-5f7c-4098-8bea-8a46141708a6, command=[]} | ret=SUCCESS |  
2019-09-12 10:32:29,989 | INFO  | SCMAudit | user=jenkins1000 | ip=192.168.36.114 | op=SEND_HEARTBEAT {datanodeUUID=39df7a3f-9691-48d4-a2b1-6888489a5f8a, command=[]} | ret=SUCCESS |  
2019-09-12 10:32:29,989 | INFO  | SCMAudit | user=jenkins1000 | ip=192.168.36.114 | op=SEND_HEARTBEAT {datanodeUUID=f17b4253-95a0-4ee6-8ded-88f070f15b33, command=[]} | ret=SUCCESS |  
2019-09-12 10:32:29,990 | INFO  | SCMAudit | user=jenkins1000 | ip=192.168.36.114 | op=SEND_HEARTBEAT {datanodeUUID=873ff125-9641-4674-9775-ec96c107c12e, command=[]} | ret=SUCCESS |  
2019-09-12 10:32:29,990 | INFO  | SCMAudit | user=jenkins1000 | ip=192.168.36.114 | op=SEND_HEARTBEAT {datanodeUUID=57729e88-c64a-441d-a40e-ceaddf64552e, command=[]} | ret=SUCCESS |  
2019-09-12 10:32:29,990 | INFO  | SCMAudit | user=jenkins1000 | ip=192.168.36.114 | op=SEND_HEARTBEAT {datanodeUUID=f85b420b-0060-4bb9-9f68-598eed9b442f, command=[]} | ret=SUCCESS |  
2019-09-12 10:32:29,990 | INFO  | SCMAudit | user=jenkins1000 | ip=192.168.36.114 | op=SEND_HEARTBEAT {datanodeUUID=f8fc8350-8b83-4a15-89e6-430db21616f7, command=[]} | ret=SUCCESS |  
2019-09-12 10:32:29,990 | INFO  | SCMAudit | user=jenkins1000 | ip=192.168.36.114 | op=SEND_HEARTBEAT {datanodeUUID=edb6c4a3-9bf1-4f2e-8ef0-c37d9a0378de, command=[]} | ret=SUCCESS |  
2019-09-12 10:32:29,991 | INFO  | SCMAudit | user=jenkins1000 | ip=192.168.36.114 | op=SEND_HEARTBEAT {datanodeUUID=ad8ae342-df06-4311-9d84-524877c98111, command=[]} | ret=SUCCESS |  
2019-09-12 10:32:29,991 | INFO  | SCMAudit | user=jenkins1000 | ip=192.168.36.114 | op=SEND_HEARTBEAT {datanodeUUID=c54af6f8-a22e-478f-90e1-029d14059a99, command=[]} | ret=SUCCESS |  
2019-09-12 10:32:29,991 | INFO  | SCMAudit | user=jenkins1000 | ip=192.168.36.114 | op=SEND_HEARTBEAT {datanodeUUID=d40ec8ee-ac9e-41d6-86bd-e74a05605b85, command=[]} | ret=SUCCESS |  
2019-09-12 10:32:29,991 | INFO  | SCMAudit | user=jenkins1000 | ip=192.168.36.114 | op=SEND_HEARTBEAT {datanodeUUID=ff438662-24cf-49bb-bfc5-3308ec6d286b, command=[]} | ret=SUCCESS |  
2019-09-12 10:32:29,991 | INFO  | SCMAudit | user=jenkins1000 | ip=192.168.36.114 | op=SEND_HEARTBEAT {datanodeUUID=9616c881-dbb1-48da-90dd-a872ed779a2e, command=[]} | ret=SUCCESS |  
2019-09-12 10:32:29,982 [main] INFO  volume.HddsVolumeChecker (HddsVolumeChecker.java:checkAllVolumes(203)) - Scheduled health check for volume org.apache.hadoop.ozone.container.common.volume.HddsVolume@3bbab2c9
2019-09-12 10:32:29,991 | INFO  | SCMAudit | user=jenkins1000 | ip=192.168.36.114 | op=SEND_HEARTBEAT {datanodeUUID=caccd92c-2544-4e02-86cf-95849f240c1b, command=[]} | ret=SUCCESS |  
2019-09-12 10:32:29,991 | INFO  | SCMAudit | user=jenkins1000 | ip=192.168.36.114 | op=SEND_HEARTBEAT {datanodeUUID=2df0b56f-bcaf-45a1-b35e-f30a30c5f26c, command=[]} | ret=SUCCESS |  
2019-09-12 10:32:29,991 | INFO  | SCMAudit | user=jenkins1000 | ip=192.168.36.114 | op=SEND_HEARTBEAT {datanodeUUID=c1e71898-521f-4627-a3f1-9884c4b96ced, command=[]} | ret=SUCCESS |  
2019-09-12 10:32:29,992 | INFO  | SCMAudit | user=jenkins1000 | ip=192.168.36.114 | op=SEND_HEARTBEAT {datanodeUUID=1349d5ba-07d4-450a-9218-4f0361201438, command=[]} | ret=SUCCESS |  
2019-09-12 10:32:29,992 | INFO  | SCMAudit | user=jenkins1000 | ip=192.168.36.114 | op=SEND_HEARTBEAT {datanodeUUID=334c5273-7871-4d53-8b37-de05e5a3be10, command=[]} | ret=SUCCESS |  
2019-09-12 10:32:29,992 | INFO  | SCMAudit | user=jenkins1000 | ip=192.168.36.114 | op=SEND_HEARTBEAT {datanodeUUID=2cb9d557-cb56-4745-8686-5e72b62e748a, command=[]} | ret=SUCCESS |  
2019-09-12 10:32:29,992 | INFO  | SCMAudit | user=jenkins1000 | ip=192.168.36.114 | op=SEND_HEARTBEAT {datanodeUUID=a95fd1d5-e9a9-4526-b4c7-6aa1a85e40e9, command=[]} | ret=SUCCESS |  
2019-09-12 10:32:29,992 | INFO  | SCMAudit | user=jenkins1000 | ip=192.168.36.114 | op=SEND_HEARTBEAT {datanodeUUID=bcda0514-d42e-47ca-96fd-c0a633e872a8, command=[]} | ret=SUCCESS |  
2019-09-12 10:32:29,992 | INFO  | SCMAudit | user=jenkins1000 | ip=192.168.36.114 | op=SEND_HEARTBEAT {datanodeUUID=5dd0cd62-5770-41dd-9e5a-f3f3eedc40c1, command=[]} | ret=SUCCESS |  
2019-09-12 10:32:29,992 | INFO  | SCMAudit | user=jenkins1000 | ip=192.168.36.114 | op=SEND_HEARTBEAT {datanodeUUID=eaeff1e2-de9c-4510-872d-283eb6c3c330, command=[]} | ret=SUCCESS |  
2019-09-12 10:32:29,992 | INFO  | SCMAudit | user=jenkins1000 | ip=192.168.36.114 | op=SEND_HEARTBEAT {datanodeUUID=2d50b591-d6e4-490f-9fa0-973ad5423bd7, command=[]} | ret=SUCCESS |  
2019-09-12 10:32:29,994 [Datanode State Machine Thread - 0] INFO  ozoneimpl.OzoneContainer (OzoneContainer.java:start(186)) - Attempting to start container services.
2019-09-12 10:32:29,994 [Datanode State Machine Thread - 0] INFO  ozoneimpl.OzoneContainer (OzoneContainer.java:startContainerScrub(160)) - Background container scrubber has been disabled by hdds.containerscrub.enabled
2019-09-12 10:32:29,995 [Datanode State Machine Thread - 0] INFO  ratis.XceiverServerRatis (XceiverServerRatis.java:start(404)) - Starting XceiverServerRatis 0d9211b7-901b-48f4-a708-75be8e526772 at port 0
2019-09-12 10:32:30,000 [Datanode State Machine Thread - 0] INFO  impl.RaftServerProxy (RaftServerProxy.java:lambda$start$3(299)) - 0d9211b7-901b-48f4-a708-75be8e526772: start RPC server
2019-09-12 10:32:30,001 [Datanode State Machine Thread - 0] INFO  server.GrpcService (GrpcService.java:startImpl(149)) - 0d9211b7-901b-48f4-a708-75be8e526772: GrpcService started, listening on 0.0.0.0/0.0.0.0:45345
2019-09-12 10:32:30,001 [Datanode State Machine Thread - 0] INFO  ratis.XceiverServerRatis (XceiverServerRatis.java:start(414)) - XceiverServerRatis 0d9211b7-901b-48f4-a708-75be8e526772 is started using port 45345
2019-09-12 10:32:30,002 [Datanode State Machine Thread - 0] INFO  server.XceiverServerGrpc (XceiverServerGrpc.java:start(163)) - XceiverServerGrpc 0d9211b7-901b-48f4-a708-75be8e526772 is started using port 44186
2019-09-12 10:32:30,016 | INFO  | SCMAudit | user=jenkins1000 | ip=192.168.36.114 | op=SEND_HEARTBEAT {datanodeUUID=22ce2f4b-d517-44cf-8041-712d813e08f3, command=[]} | ret=SUCCESS |  
2019-09-12 10:32:30,016 | INFO  | SCMAudit | user=jenkins1000 | ip=192.168.36.114 | op=SEND_HEARTBEAT {datanodeUUID=b6dd7c38-f675-445e-811b-15cf17d56c0a, command=[]} | ret=SUCCESS |  
2019-09-12 10:32:30,016 | INFO  | SCMAudit | user=jenkins1000 | ip=192.168.36.114 | op=SEND_HEARTBEAT {datanodeUUID=accf000b-d7b7-4fa5-9682-da82c4451e10, command=[]} | ret=SUCCESS |  
2019-09-12 10:32:30,016 | INFO  | SCMAudit | user=jenkins1000 | ip=192.168.36.114 | op=SEND_HEARTBEAT {datanodeUUID=d9d65fd8-d100-497d-8460-9a4cf62b4ad5, command=[]} | ret=SUCCESS |  
2019-09-12 10:32:30,016 [main] INFO  impl.RaftServerProxy (ConfUtils.java:logGet(43)) - raft.rpc.type = GRPC (default)
2019-09-12 10:32:30,016 [main] INFO  grpc.GrpcFactory (GrpcFactory.java:checkPooledByteBufAllocatorUseCacheForAllThreads(45)) - PERFORMANCE WARNING: useCacheForAllThreads is true that may cause Netty to create a lot garbage objects and, as a result, trigger GC.
	It is recommended to disable useCacheForAllThreads by setting -Dorg.apache.ratis.thirdparty.io.netty.allocator.useCacheForAllThreads=false in command line.
2019-09-12 10:32:30,017 [main] INFO  grpc.GrpcConfigKeys$Server (ConfUtils.java:logGet(43)) - raft.grpc.server.port = 0 (default)
2019-09-12 10:32:30,017 [main] INFO  server.GrpcService (ConfUtils.java:logGet(43)) - raft.grpc.message.size.max = 33570816 (custom)
2019-09-12 10:32:30,017 [main] INFO  server.RaftServerConfigKeys (ConfUtils.java:logGet(43)) - raft.server.log.appender.buffer.byte-limit = 33554432 (custom)
2019-09-12 10:32:30,017 [main] INFO  server.GrpcService (ConfUtils.java:logGet(43)) - raft.grpc.flow.control.window = 1MB (=1048576) (default)
2019-09-12 10:32:30,017 [main] INFO  server.RaftServerConfigKeys (ConfUtils.java:logGet(43)) - raft.server.rpc.request.timeout = 3000ms (default)
2019-09-12 10:32:30,018 [main] INFO  server.RaftServerConfigKeys (ConfUtils.java:logGet(43)) - raft.server.storage.dir = [/workdir/hadoop-ozone/integration-test/target/test-dir/MiniOzoneClusterImpl-fac5a39b-1f62-44b0-aedf-fae56ce7e72b/datanode-5/data/ratis] (custom)
2019-09-12 10:32:30,018 [main] INFO  replication.SimpleContainerDownloader (SimpleContainerDownloader.java:<init>(72)) - Starting container downloader service to copy containers to replicate.
2019-09-12 10:32:30,019 [main] INFO  hdfs.DFSUtil (DFSUtil.java:httpServerTemplateForNNAndJN(1641)) - Starting Web-server for hddsDatanode at: http://0.0.0.0:0
2019-09-12 10:32:30,021 [main] INFO  server.AuthenticationFilter (AuthenticationFilter.java:constructSecretProvider(240)) - Unable to initialize FileSignerSecretProvider, falling back to use random secrets.
2019-09-12 10:32:30,021 [main] WARN  http.HttpRequestLog (HttpRequestLog.java:getRequestLog(97)) - Jetty request log can only be enabled using Log4j
2019-09-12 10:32:30,023 [main] INFO  http.HttpServer2 (HttpServer2.java:addGlobalFilter(975)) - Added global filter 'safety' (class=org.apache.hadoop.http.HttpServer2$QuotingInputFilter)
2019-09-12 10:32:30,023 [main] INFO  http.HttpServer2 (HttpServer2.java:addFilter(948)) - Added filter static_user_filter (class=org.apache.hadoop.http.lib.StaticUserWebFilter$StaticUserFilter) to context hddsDatanode
2019-09-12 10:32:30,024 [main] INFO  http.HttpServer2 (HttpServer2.java:addFilter(958)) - Added filter static_user_filter (class=org.apache.hadoop.http.lib.StaticUserWebFilter$StaticUserFilter) to context static
2019-09-12 10:32:30,024 [main] INFO  http.HttpServer2 (HttpServer2.java:addFilter(958)) - Added filter static_user_filter (class=org.apache.hadoop.http.lib.StaticUserWebFilter$StaticUserFilter) to context logs
2019-09-12 10:32:30,025 [main] INFO  http.HttpServer2 (HttpServer2.java:bindListener(1191)) - Jetty bound to port 45197
2019-09-12 10:32:30,025 [main] INFO  server.Server (Server.java:doStart(351)) - jetty-9.3.24.v20180605, build timestamp: 2018-06-05T17:11:56Z, git hash: 84205aa28f11a4f31f2a3b86d1bba2cc8ab69827
2019-09-12 10:32:30,027 [main] INFO  handler.ContextHandler (ContextHandler.java:doStart(781)) - Started o.e.j.s.ServletContextHandler@3725242e{/logs,file:///workdir/hadoop-ozone/integration-test/target/log,AVAILABLE}
2019-09-12 10:32:30,027 [main] INFO  handler.ContextHandler (ContextHandler.java:doStart(781)) - Started o.e.j.s.ServletContextHandler@3f4fd0dc{/static,jar:file:/home/user/.m2/repository/org/apache/hadoop/hadoop-hdds-container-service/0.5.0-SNAPSHOT/hadoop-hdds-container-service-0.5.0-SNAPSHOT.jar!/webapps/static,AVAILABLE}
2019-09-12 10:32:30,081 [main] INFO  handler.ContextHandler (ContextHandler.java:doStart(781)) - Started o.e.j.w.WebAppContext@402d45c6{/,file:///tmp/jetty-0.0.0.0-45197-hddsDatanode-_-any-2418518902161241568.dir/webapp/,AVAILABLE}{/hddsDatanode}
2019-09-12 10:32:30,082 [main] INFO  server.AbstractConnector (AbstractConnector.java:doStart(278)) - Started ServerConnector@4b37b01e{HTTP/1.1,[http/1.1]}{0.0.0.0:45197}
2019-09-12 10:32:30,092 [main] INFO  server.Server (Server.java:doStart(419)) - Started @81430ms
2019-09-12 10:32:30,092 [main] INFO  server.BaseHttpServer (BaseHttpServer.java:updateConnectorAddress(213)) - HTTP server of HDDSDATANODE is listening at http://0.0.0.0:45197
2019-09-12 10:32:30,275 | INFO  | ObjectStoreRestHttpServer | Listening HDDS REST traffic on /0.0.0.0:35103 |  
2019-09-12 10:32:30,275 [main] INFO  ozone.HddsDatanodeService (HddsDatanodeService.java:startPlugins(395)) - Started plug-in org.apache.hadoop.ozone.web.OzoneHddsDatanodeService@19d043a8
2019-09-12 10:32:30,276 [main] INFO  impl.MetricsSystemImpl (MetricsSystemImpl.java:init(158)) - HddsDatanode metrics system started (again)
2019-09-12 10:32:30,542 | INFO  | SCMAudit | user=jenkins1000 | ip=192.168.36.114 | op=GET_VERSION null | ret=SUCCESS |  
2019-09-12 10:32:30,547 [main] INFO  ozone.HddsDatanodeService (HddsDatanodeService.java:start(184)) - HddsDatanodeService host:pr-hdds-1569-58hkm-1881083799 ip:192.168.36.114
2019-09-12 10:32:30,567 [Datanode State Machine Thread - 0] INFO  ozoneimpl.OzoneContainer (OzoneContainer.java:start(186)) - Attempting to start container services.
2019-09-12 10:32:30,567 [Datanode State Machine Thread - 0] INFO  ozoneimpl.OzoneContainer (OzoneContainer.java:startContainerScrub(160)) - Background container scrubber has been disabled by hdds.containerscrub.enabled
2019-09-12 10:32:30,568 [Datanode State Machine Thread - 0] INFO  ratis.XceiverServerRatis (XceiverServerRatis.java:start(404)) - Starting XceiverServerRatis 4e126646-8edc-47cd-9403-c39493e18b45 at port 0
2019-09-12 10:32:30,616 [org.apache.hadoop.util.JvmPauseMonitor$Monitor@5acc3eeb] INFO  util.JvmPauseMonitor (JvmPauseMonitor.java:run(188)) - Starting JVM pause monitor
2019-09-12 10:32:30,618 [Datanode State Machine Thread - 0] INFO  datanode.InitDatanodeState (InitDatanodeState.java:persistContainerDatanodeDetails(140)) - DatanodeDetails is persisted to /workdir/hadoop-ozone/integration-test/target/test-dir/MiniOzoneClusterImpl-fac5a39b-1f62-44b0-aedf-fae56ce7e72b/datanode-5/meta/datanode.id
2019-09-12 10:32:30,624 [Datanode State Machine Thread - 0] INFO  impl.RaftServerProxy (RaftServerProxy.java:lambda$start$3(299)) - 4e126646-8edc-47cd-9403-c39493e18b45: start RPC server
2019-09-12 10:32:30,624 [Datanode State Machine Thread - 0] INFO  server.GrpcService (GrpcService.java:startImpl(149)) - 4e126646-8edc-47cd-9403-c39493e18b45: GrpcService started, listening on 0.0.0.0/0.0.0.0:45250
2019-09-12 10:32:30,625 [Datanode State Machine Thread - 0] INFO  ratis.XceiverServerRatis (XceiverServerRatis.java:start(414)) - XceiverServerRatis 4e126646-8edc-47cd-9403-c39493e18b45 is started using port 45250
2019-09-12 10:32:30,625 [Datanode State Machine Thread - 0] INFO  server.XceiverServerGrpc (XceiverServerGrpc.java:start(163)) - XceiverServerGrpc 4e126646-8edc-47cd-9403-c39493e18b45 is started using port 37089
2019-09-12 10:32:30,647 [main] INFO  volume.HddsVolume (HddsVolume.java:<init>(176)) - Creating Volume: /workdir/hadoop-ozone/integration-test/target/test-dir/MiniOzoneClusterImpl-fac5a39b-1f62-44b0-aedf-fae56ce7e72b/datanode-6/data/containers/hdds of  storage type : DISK and capacity : 1482555576320
2019-09-12 10:32:30,648 [main] INFO  volume.VolumeSet (VolumeSet.java:initializeVolumeSet(170)) - Added Volume : /workdir/hadoop-ozone/integration-test/target/test-dir/MiniOzoneClusterImpl-fac5a39b-1f62-44b0-aedf-fae56ce7e72b/datanode-6/data/containers/hdds to VolumeSet
2019-09-12 10:32:30,648 [main] INFO  volume.ThrottledAsyncChecker (ThrottledAsyncChecker.java:schedule(140)) - Scheduling a check for org.apache.hadoop.ozone.container.common.volume.HddsVolume@2f1d2384
2019-09-12 10:32:30,648 [main] INFO  volume.HddsVolumeChecker (HddsVolumeChecker.java:checkAllVolumes(203)) - Scheduled health check for volume org.apache.hadoop.ozone.container.common.volume.HddsVolume@2f1d2384
2019-09-12 10:32:30,683 [main] INFO  impl.RaftServerProxy (ConfUtils.java:logGet(43)) - raft.rpc.type = GRPC (default)
2019-09-12 10:32:30,683 [main] INFO  grpc.GrpcFactory (GrpcFactory.java:checkPooledByteBufAllocatorUseCacheForAllThreads(45)) - PERFORMANCE WARNING: useCacheForAllThreads is true that may cause Netty to create a lot garbage objects and, as a result, trigger GC.
	It is recommended to disable useCacheForAllThreads by setting -Dorg.apache.ratis.thirdparty.io.netty.allocator.useCacheForAllThreads=false in command line.
2019-09-12 10:32:30,683 [main] INFO  grpc.GrpcConfigKeys$Server (ConfUtils.java:logGet(43)) - raft.grpc.server.port = 0 (default)
2019-09-12 10:32:30,683 [main] INFO  server.GrpcService (ConfUtils.java:logGet(43)) - raft.grpc.message.size.max = 33570816 (custom)
2019-09-12 10:32:30,684 [main] INFO  server.RaftServerConfigKeys (ConfUtils.java:logGet(43)) - raft.server.log.appender.buffer.byte-limit = 33554432 (custom)
2019-09-12 10:32:30,684 [main] INFO  server.GrpcService (ConfUtils.java:logGet(43)) - raft.grpc.flow.control.window = 1MB (=1048576) (default)
2019-09-12 10:32:30,684 [main] INFO  server.RaftServerConfigKeys (ConfUtils.java:logGet(43)) - raft.server.rpc.request.timeout = 3000ms (default)
2019-09-12 10:32:30,685 [main] INFO  server.RaftServerConfigKeys (ConfUtils.java:logGet(43)) - raft.server.storage.dir = [/workdir/hadoop-ozone/integration-test/target/test-dir/MiniOzoneClusterImpl-fac5a39b-1f62-44b0-aedf-fae56ce7e72b/datanode-6/data/ratis] (custom)
2019-09-12 10:32:30,685 [main] INFO  replication.SimpleContainerDownloader (SimpleContainerDownloader.java:<init>(72)) - Starting container downloader service to copy containers to replicate.
2019-09-12 10:32:30,686 [main] INFO  hdfs.DFSUtil (DFSUtil.java:httpServerTemplateForNNAndJN(1641)) - Starting Web-server for hddsDatanode at: http://0.0.0.0:0
2019-09-12 10:32:30,688 [main] INFO  server.AuthenticationFilter (AuthenticationFilter.java:constructSecretProvider(240)) - Unable to initialize FileSignerSecretProvider, falling back to use random secrets.
2019-09-12 10:32:30,689 [main] WARN  http.HttpRequestLog (HttpRequestLog.java:getRequestLog(97)) - Jetty request log can only be enabled using Log4j
2019-09-12 10:32:30,690 [main] INFO  http.HttpServer2 (HttpServer2.java:addGlobalFilter(975)) - Added global filter 'safety' (class=org.apache.hadoop.http.HttpServer2$QuotingInputFilter)
2019-09-12 10:32:30,691 [main] INFO  http.HttpServer2 (HttpServer2.java:addFilter(948)) - Added filter static_user_filter (class=org.apache.hadoop.http.lib.StaticUserWebFilter$StaticUserFilter) to context hddsDatanode
2019-09-12 10:32:30,691 [main] INFO  http.HttpServer2 (HttpServer2.java:addFilter(958)) - Added filter static_user_filter (class=org.apache.hadoop.http.lib.StaticUserWebFilter$StaticUserFilter) to context logs
2019-09-12 10:32:30,691 [main] INFO  http.HttpServer2 (HttpServer2.java:addFilter(958)) - Added filter static_user_filter (class=org.apache.hadoop.http.lib.StaticUserWebFilter$StaticUserFilter) to context static
2019-09-12 10:32:30,692 [main] INFO  http.HttpServer2 (HttpServer2.java:bindListener(1191)) - Jetty bound to port 38978
2019-09-12 10:32:30,692 [main] INFO  server.Server (Server.java:doStart(351)) - jetty-9.3.24.v20180605, build timestamp: 2018-06-05T17:11:56Z, git hash: 84205aa28f11a4f31f2a3b86d1bba2cc8ab69827
2019-09-12 10:32:30,694 [main] INFO  handler.ContextHandler (ContextHandler.java:doStart(781)) - Started o.e.j.s.ServletContextHandler@19544627{/logs,file:///workdir/hadoop-ozone/integration-test/target/log,AVAILABLE}
2019-09-12 10:32:30,695 [main] INFO  handler.ContextHandler (ContextHandler.java:doStart(781)) - Started o.e.j.s.ServletContextHandler@7e7ee3b7{/static,jar:file:/home/user/.m2/repository/org/apache/hadoop/hadoop-hdds-container-service/0.5.0-SNAPSHOT/hadoop-hdds-container-service-0.5.0-SNAPSHOT.jar!/webapps/static,AVAILABLE}
2019-09-12 10:32:30,772 [main] INFO  handler.ContextHandler (ContextHandler.java:doStart(781)) - Started o.e.j.w.WebAppContext@4ff3af97{/,file:///tmp/jetty-0.0.0.0-38978-hddsDatanode-_-any-4418233189948861436.dir/webapp/,AVAILABLE}{/hddsDatanode}
2019-09-12 10:32:30,772 [main] INFO  server.AbstractConnector (AbstractConnector.java:doStart(278)) - Started ServerConnector@5680f009{HTTP/1.1,[http/1.1]}{0.0.0.0:38978}
2019-09-12 10:32:30,786 [main] INFO  server.Server (Server.java:doStart(419)) - Started @82124ms
2019-09-12 10:32:30,787 [main] INFO  server.BaseHttpServer (BaseHttpServer.java:updateConnectorAddress(213)) - HTTP server of HDDSDATANODE is listening at http://0.0.0.0:38978
2019-09-12 10:32:30,978 | INFO  | ObjectStoreRestHttpServer | Listening HDDS REST traffic on /0.0.0.0:37779 |  
2019-09-12 10:32:30,978 [main] INFO  ozone.HddsDatanodeService (HddsDatanodeService.java:startPlugins(395)) - Started plug-in org.apache.hadoop.ozone.web.OzoneHddsDatanodeService@377a1763
2019-09-12 10:32:30,978 [main] INFO  ozone.MiniOzoneClusterImpl (MiniOzoneClusterImpl.java:lambda$waitForClusterToBeReady$0(142)) - Waiting for cluster to be ready. Got 0 of 7 DN Heartbeats.
2019-09-12 10:32:30,980 [org.apache.hadoop.util.JvmPauseMonitor$Monitor@574e51d5] INFO  util.JvmPauseMonitor (JvmPauseMonitor.java:run(188)) - Starting JVM pause monitor
2019-09-12 10:32:30,981 [Datanode State Machine Thread - 0] INFO  datanode.InitDatanodeState (InitDatanodeState.java:persistContainerDatanodeDetails(140)) - DatanodeDetails is persisted to /workdir/hadoop-ozone/integration-test/target/test-dir/MiniOzoneClusterImpl-fac5a39b-1f62-44b0-aedf-fae56ce7e72b/datanode-6/meta/datanode.id
2019-09-12 10:32:30,991 [IPC Server handler 16 on 42933] INFO  net.NetworkTopology (NetworkTopologyImpl.java:add(110)) - Added a new node: /default-rack/af27d03c-0a72-43b4-9e80-d162a1883bf6
2019-09-12 10:32:31,007 [IPC Server handler 16 on 42933] INFO  node.SCMNodeManager (SCMNodeManager.java:register(273)) - Registered Data node : af27d03c-0a72-43b4-9e80-d162a1883bf6{ip: 192.168.36.114, host: pr-hdds-1569-58hkm-1881083799, networkLocation: /default-rack, certSerialId: null}
2019-09-12 10:32:31,008 [EventQueue-NodeRegistrationContainerReportForDataNodeSafeModeRule] INFO  safemode.SCMSafeModeManager (DataNodeSafeModeRule.java:process(71)) - SCM in safe mode. 1 DataNodes registered, 1 required.
2019-09-12 10:32:31,008 | INFO  | SCMAudit | user=jenkins1000 | ip=192.168.36.114 | op=REGISTER {datanodeDetails=af27d03c-0a72-43b4-9e80-d162a1883bf6{ip: 192.168.36.114, host: pr-hdds-1569-58hkm-1881083799, networkLocation: /default-rack, certSerialId: null}} | ret=SUCCESS |  
2019-09-12 10:32:31,018 [EventQueue-NodeRegistrationContainerReportForDataNodeSafeModeRule] INFO  safemode.SCMSafeModeManager (SCMSafeModeManager.java:validateSafeModeExitRules(177)) - ScmSafeModeManager, all rules are successfully validated
2019-09-12 10:32:31,021 | INFO  | SCMAudit | user=jenkins1000 | ip=192.168.36.114 | op=SEND_HEARTBEAT {datanodeUUID=b6dd7c38-f675-445e-811b-15cf17d56c0a, command=[]} | ret=SUCCESS |  
2019-09-12 10:32:31,020 | INFO  | SCMAudit | user=jenkins1000 | ip=192.168.36.114 | op=SEND_HEARTBEAT {datanodeUUID=accf000b-d7b7-4fa5-9682-da82c4451e10, command=[]} | ret=SUCCESS |  
2019-09-12 10:32:31,020 | INFO  | SCMAudit | user=jenkins1000 | ip=192.168.36.114 | op=SEND_HEARTBEAT {datanodeUUID=22ce2f4b-d517-44cf-8041-712d813e08f3, command=[]} | ret=SUCCESS |  
2019-09-12 10:32:31,020 | INFO  | SCMAudit | user=jenkins1000 | ip=192.168.36.114 | op=SEND_HEARTBEAT {datanodeUUID=f17b4253-95a0-4ee6-8ded-88f070f15b33, command=[]} | ret=SUCCESS |  
2019-09-12 10:32:31,021 [EventQueue-NodeRegistrationContainerReportForDataNodeSafeModeRule] INFO  safemode.SCMSafeModeManager (SCMSafeModeManager.java:exitSafeMode(193)) - SCM exiting safe mode.
2019-09-12 10:32:31,020 | INFO  | SCMAudit | user=jenkins1000 | ip=192.168.36.114 | op=SEND_HEARTBEAT {datanodeUUID=c9031a36-5f7c-4098-8bea-8a46141708a6, command=[]} | ret=SUCCESS |  
2019-09-12 10:32:31,020 | INFO  | SCMAudit | user=jenkins1000 | ip=192.168.36.114 | op=SEND_HEARTBEAT {datanodeUUID=d9d65fd8-d100-497d-8460-9a4cf62b4ad5, command=[]} | ret=SUCCESS |  
2019-09-12 10:32:31,020 | INFO  | SCMAudit | user=jenkins1000 | ip=192.168.36.114 | op=SEND_HEARTBEAT {datanodeUUID=caccd92c-2544-4e02-86cf-95849f240c1b, command=[]} | ret=SUCCESS |  
2019-09-12 10:32:31,020 | INFO  | SCMAudit | user=jenkins1000 | ip=192.168.36.114 | op=SEND_HEARTBEAT {datanodeUUID=39df7a3f-9691-48d4-a2b1-6888489a5f8a, command=[]} | ret=SUCCESS |  
2019-09-12 10:32:31,020 | INFO  | SCMAudit | user=jenkins1000 | ip=192.168.36.114 | op=SEND_HEARTBEAT {datanodeUUID=9616c881-dbb1-48da-90dd-a872ed779a2e, command=[]} | ret=SUCCESS |  
2019-09-12 10:32:31,020 | INFO  | SCMAudit | user=jenkins1000 | ip=192.168.36.114 | op=SEND_HEARTBEAT {datanodeUUID=5dd0cd62-5770-41dd-9e5a-f3f3eedc40c1, command=[]} | ret=SUCCESS |  
2019-09-12 10:32:31,020 | INFO  | SCMAudit | user=jenkins1000 | ip=192.168.36.114 | op=SEND_HEARTBEAT {datanodeUUID=ff438662-24cf-49bb-bfc5-3308ec6d286b, command=[]} | ret=SUCCESS |  
2019-09-12 10:32:31,020 | INFO  | SCMAudit | user=jenkins1000 | ip=192.168.36.114 | op=SEND_HEARTBEAT {datanodeUUID=eaeff1e2-de9c-4510-872d-283eb6c3c330, command=[]} | ret=SUCCESS |  
2019-09-12 10:32:31,020 | INFO  | SCMAudit | user=jenkins1000 | ip=192.168.36.114 | op=SEND_HEARTBEAT {datanodeUUID=1349d5ba-07d4-450a-9218-4f0361201438, command=[]} | ret=SUCCESS |  
2019-09-12 10:32:31,020 | INFO  | SCMAudit | user=jenkins1000 | ip=192.168.36.114 | op=SEND_HEARTBEAT {datanodeUUID=c54af6f8-a22e-478f-90e1-029d14059a99, command=[]} | ret=SUCCESS |  
2019-09-12 10:32:31,020 | INFO  | SCMAudit | user=jenkins1000 | ip=192.168.36.114 | op=SEND_HEARTBEAT {datanodeUUID=ad8ae342-df06-4311-9d84-524877c98111, command=[]} | ret=SUCCESS |  
2019-09-12 10:32:31,020 | INFO  | SCMAudit | user=jenkins1000 | ip=192.168.36.114 | op=SEND_HEARTBEAT {datanodeUUID=d40ec8ee-ac9e-41d6-86bd-e74a05605b85, command=[]} | ret=SUCCESS |  
2019-09-12 10:32:31,020 | INFO  | SCMAudit | user=jenkins1000 | ip=192.168.36.114 | op=SEND_HEARTBEAT {datanodeUUID=2cb9d557-cb56-4745-8686-5e72b62e748a, command=[]} | ret=SUCCESS |  
2019-09-12 10:32:31,020 | INFO  | SCMAudit | user=jenkins1000 | ip=192.168.36.114 | op=SEND_HEARTBEAT {datanodeUUID=334c5273-7871-4d53-8b37-de05e5a3be10, command=[]} | ret=SUCCESS |  
2019-09-12 10:32:31,020 | INFO  | SCMAudit | user=jenkins1000 | ip=192.168.36.114 | op=SEND_HEARTBEAT {datanodeUUID=2d50b591-d6e4-490f-9fa0-973ad5423bd7, command=[]} | ret=SUCCESS |  
2019-09-12 10:32:31,020 | INFO  | SCMAudit | user=jenkins1000 | ip=192.168.36.114 | op=SEND_HEARTBEAT {datanodeUUID=bcda0514-d42e-47ca-96fd-c0a633e872a8, command=[]} | ret=SUCCESS |  
2019-09-12 10:32:31,019 | INFO  | SCMAudit | user=jenkins1000 | ip=192.168.36.114 | op=SEND_HEARTBEAT {datanodeUUID=c1e71898-521f-4627-a3f1-9884c4b96ced, command=[]} | ret=SUCCESS |  
2019-09-12 10:32:31,031 [grpc-default-executor-1] INFO  impl.RaftServerProxy (RaftServerProxy.java:addNew(89)) - af27d03c-0a72-43b4-9e80-d162a1883bf6: addNew group-44D1D7151A2E:[af27d03c-0a72-43b4-9e80-d162a1883bf6:192.168.36.114:43211] returns group-44D1D7151A2E:java.util.concurrent.CompletableFuture@7a1b2dff[Not completed]
2019-09-12 10:32:31,019 | INFO  | SCMAudit | user=jenkins1000 | ip=192.168.36.114 | op=SEND_HEARTBEAT {datanodeUUID=a95fd1d5-e9a9-4526-b4c7-6aa1a85e40e9, command=[]} | ret=SUCCESS |  
2019-09-12 10:32:31,019 | INFO  | SCMAudit | user=jenkins1000 | ip=192.168.36.114 | op=SEND_HEARTBEAT {datanodeUUID=2df0b56f-bcaf-45a1-b35e-f30a30c5f26c, command=[]} | ret=SUCCESS |  
2019-09-12 10:32:31,019 | INFO  | SCMAudit | user=jenkins1000 | ip=192.168.36.114 | op=SEND_HEARTBEAT {datanodeUUID=f85b420b-0060-4bb9-9f68-598eed9b442f, command=[]} | ret=SUCCESS |  
2019-09-12 10:32:31,019 | INFO  | SCMAudit | user=jenkins1000 | ip=192.168.36.114 | op=SEND_HEARTBEAT {datanodeUUID=57729e88-c64a-441d-a40e-ceaddf64552e, command=[]} | ret=SUCCESS |  
2019-09-12 10:32:31,019 | INFO  | SCMAudit | user=jenkins1000 | ip=192.168.36.114 | op=SEND_HEARTBEAT {datanodeUUID=873ff125-9641-4674-9775-ec96c107c12e, command=[]} | ret=SUCCESS |  
2019-09-12 10:32:31,018 | INFO  | SCMAudit | user=jenkins1000 | ip=192.168.36.114 | op=SEND_HEARTBEAT {datanodeUUID=f8fc8350-8b83-4a15-89e6-430db21616f7, command=[]} | ret=SUCCESS |  
2019-09-12 10:32:31,018 | INFO  | SCMAudit | user=jenkins1000 | ip=192.168.36.114 | op=SEND_HEARTBEAT {datanodeUUID=edb6c4a3-9bf1-4f2e-8ef0-c37d9a0378de, command=[]} | ret=SUCCESS |  
2019-09-12 10:32:31,032 [pool-408-thread-1] INFO  impl.RaftServerImpl (RaftServerImpl.java:<init>(93)) - af27d03c-0a72-43b4-9e80-d162a1883bf6: new RaftServerImpl for group-44D1D7151A2E:[af27d03c-0a72-43b4-9e80-d162a1883bf6:192.168.36.114:43211] with ContainerStateMachine:uninitialized
2019-09-12 10:32:31,032 [pool-408-thread-1] INFO  server.RaftServerConfigKeys (ConfUtils.java:logGet(43)) - raft.server.rpc.timeout.min = 5s (custom)
2019-09-12 10:32:31,033 [pool-408-thread-1] INFO  server.RaftServerConfigKeys (ConfUtils.java:logGet(43)) - raft.server.rpc.timeout.max = 5200ms (custom)
2019-09-12 10:32:31,033 [pool-408-thread-1] INFO  server.RaftServerConfigKeys (ConfUtils.java:logGet(43)) - raft.server.rpcslowness.timeout = 120s (custom)
2019-09-12 10:32:31,033 [pool-408-thread-1] INFO  server.RaftServerConfigKeys (ConfUtils.java:logGet(43)) - raft.server.sleep.deviation.threshold = 300 (default)
2019-09-12 10:32:31,033 [pool-408-thread-1] INFO  server.RaftServerConfigKeys (ConfUtils.java:logGet(43)) - raft.server.log.appender.install.snapshot.enabled = false (custom)
2019-09-12 10:32:31,033 [pool-408-thread-1] INFO  impl.RaftServerImpl (ServerState.java:<init>(105)) - af27d03c-0a72-43b4-9e80-d162a1883bf6:group-44D1D7151A2E ConfigurationManager, init=-1: [af27d03c-0a72-43b4-9e80-d162a1883bf6:192.168.36.114:43211], old=null, confs=<EMPTY_MAP>
2019-09-12 10:32:31,033 [pool-408-thread-1] INFO  server.RaftServerConfigKeys (ConfUtils.java:logGet(43)) - raft.server.storage.dir = [/workdir/hadoop-ozone/integration-test/target/test-dir/MiniOzoneClusterImpl-fac5a39b-1f62-44b0-aedf-fae56ce7e72b/datanode-0/data/ratis] (custom)
2019-09-12 10:32:31,034 [pool-408-thread-1] INFO  storage.RaftStorageDirectory (RaftStorageDirectory.java:analyzeStorage(246)) - The storage directory /workdir/hadoop-ozone/integration-test/target/test-dir/MiniOzoneClusterImpl-fac5a39b-1f62-44b0-aedf-fae56ce7e72b/datanode-0/data/ratis/2c3b917c-f609-4472-8cb0-44d1d7151a2e does not exist. Creating ...
2019-09-12 10:32:31,046 [pool-408-thread-1] INFO  storage.RaftStorageDirectory (RaftStorageDirectory.java:tryLock(328)) - Lock on /workdir/hadoop-ozone/integration-test/target/test-dir/MiniOzoneClusterImpl-fac5a39b-1f62-44b0-aedf-fae56ce7e72b/datanode-0/data/ratis/2c3b917c-f609-4472-8cb0-44d1d7151a2e/in_use.lock acquired by nodename 1396@pr-hdds-1569-58hkm-1881083799
2019-09-12 10:32:31,059 [pool-408-thread-1] INFO  storage.RaftStorage (RaftStorage.java:format(72)) - Storage directory /workdir/hadoop-ozone/integration-test/target/test-dir/MiniOzoneClusterImpl-fac5a39b-1f62-44b0-aedf-fae56ce7e72b/datanode-0/data/ratis/2c3b917c-f609-4472-8cb0-44d1d7151a2e has been successfully formatted.
2019-09-12 10:32:31,059 [pool-408-thread-1] INFO  ratis.ContainerStateMachine (ContainerStateMachine.java:loadSnapshot(226)) - group-44D1D7151A2E: The snapshot info is null. Setting the last applied indexto:(t:0, i:~)
2019-09-12 10:32:31,059 [pool-408-thread-1] INFO  server.RaftServerConfigKeys (ConfUtils.java:logGet(43)) - raft.server.leader.election.timeout = 120s (custom)
2019-09-12 10:32:31,059 [pool-408-thread-1] INFO  server.RaftServerConfigKeys (ConfUtils.java:logGet(43)) - raft.server.log.use.memory = false (default)
2019-09-12 10:32:31,060 [pool-408-thread-1] INFO  server.RaftServerConfigKeys (ConfUtils.java:logGet(43)) - raft.server.log.purge.gap = 1000000 (custom)
2019-09-12 10:32:31,060 [pool-408-thread-1] INFO  server.RaftServerConfigKeys (ConfUtils.java:logGet(43)) - raft.server.log.appender.buffer.byte-limit = 33554432 (custom)
2019-09-12 10:32:31,060 [pool-408-thread-1] INFO  server.RaftServerConfigKeys (ConfUtils.java:logGet(43)) - raft.server.log.segment.size.max = 1048576 (custom)
2019-09-12 10:32:31,060 [pool-408-thread-1] INFO  server.RaftServerConfigKeys (ConfUtils.java:logGet(43)) - raft.server.log.segment.cache.num.max = 2 (custom)
2019-09-12 10:32:31,060 [pool-408-thread-1] INFO  segmented.SegmentedRaftLogWorker (SegmentedRaftLogWorker.java:<init>(172)) - new af27d03c-0a72-43b4-9e80-d162a1883bf6-SegmentedRaftLogWorker:Storage Directory /workdir/hadoop-ozone/integration-test/target/test-dir/MiniOzoneClusterImpl-fac5a39b-1f62-44b0-aedf-fae56ce7e72b/datanode-0/data/ratis/2c3b917c-f609-4472-8cb0-44d1d7151a2e for RaftStorage:Storage Directory /workdir/hadoop-ozone/integration-test/target/test-dir/MiniOzoneClusterImpl-fac5a39b-1f62-44b0-aedf-fae56ce7e72b/datanode-0/data/ratis/2c3b917c-f609-4472-8cb0-44d1d7151a2e
2019-09-12 10:32:31,060 [pool-408-thread-1] INFO  server.RaftServerConfigKeys (ConfUtils.java:logGet(43)) - raft.server.log.queue.byte-limit = 2147483647 (custom)
2019-09-12 10:32:31,060 [pool-408-thread-1] INFO  server.RaftServerConfigKeys (ConfUtils.java:logGet(43)) - raft.server.log.queue.element-limit = 1024 (custom)
2019-09-12 10:32:31,061 [pool-408-thread-1] INFO  server.RaftServerConfigKeys (ConfUtils.java:logGet(43)) - raft.server.log.segment.size.max = 1048576 (custom)
2019-09-12 10:32:31,061 [pool-408-thread-1] INFO  server.RaftServerConfigKeys (ConfUtils.java:logGet(43)) - raft.server.log.preallocated.size = 16384 (custom)
2019-09-12 10:32:31,061 [pool-408-thread-1] INFO  server.RaftServerConfigKeys (ConfUtils.java:logGet(43)) - raft.server.log.write.buffer.size = 33554432 (custom)
2019-09-12 10:32:31,061 [pool-408-thread-1] INFO  server.RaftServerConfigKeys (ConfUtils.java:logGet(43)) - raft.server.log.force.sync.num = 128 (default)
2019-09-12 10:32:31,061 [pool-408-thread-1] INFO  server.RaftServerConfigKeys (ConfUtils.java:logGet(43)) - raft.server.log.statemachine.data.sync = true (default)
2019-09-12 10:32:31,061 [pool-408-thread-1] INFO  server.RaftServerConfigKeys (ConfUtils.java:logGet(43)) - raft.server.log.statemachine.data.sync.timeout = 10s (default)
2019-09-12 10:32:31,061 [pool-408-thread-1] INFO  server.RaftServerConfigKeys (ConfUtils.java:logGet(43)) - raft.server.log.statemachine.data.sync.timeout.retry = -1 (default)
2019-09-12 10:32:31,061 [pool-408-thread-1] INFO  server.RaftServerConfigKeys (ConfUtils.java:logGet(43)) - raft.server.log.statemachine.data.caching.enabled = true (custom)
2019-09-12 10:32:31,062 [pool-408-thread-1] INFO  segmented.SegmentedRaftLogWorker (SegmentedRaftLogWorker.java:lambda$new$0(132)) - af27d03c-0a72-43b4-9e80-d162a1883bf6-SegmentedRaftLogWorker:Storage Directory /workdir/hadoop-ozone/integration-test/target/test-dir/MiniOzoneClusterImpl-fac5a39b-1f62-44b0-aedf-fae56ce7e72b/datanode-0/data/ratis/2c3b917c-f609-4472-8cb0-44d1d7151a2e: flushIndex: setUnconditionally 0 -> -1
2019-09-12 10:32:31,062 [pool-408-thread-1] INFO  server.RaftServerConfigKeys (ConfUtils.java:logGet(43)) - raft.server.snapshot.auto.trigger.enabled = true (custom)
2019-09-12 10:32:31,062 [pool-408-thread-1] INFO  server.RaftServerConfigKeys (ConfUtils.java:logGet(43)) - raft.server.snapshot.auto.trigger.threshold = 10000 (custom)
2019-09-12 10:32:31,062 [pool-408-thread-1] INFO  server.RaftServerConfigKeys (ConfUtils.java:logGet(43)) - raft.server.retrycache.expirytime = 600000ms (custom)
2019-09-12 10:32:31,062 [pool-408-thread-1] INFO  impl.RaftServerImpl (RaftServerImpl.java:start(180)) - af27d03c-0a72-43b4-9e80-d162a1883bf6: start group-44D1D7151A2E
2019-09-12 10:32:31,062 [pool-408-thread-1] INFO  impl.RaftServerImpl (RaftServerImpl.java:setRole(171)) - af27d03c-0a72-43b4-9e80-d162a1883bf6:group-44D1D7151A2E changes role from null to FOLLOWER at term 0 for startAsFollower
2019-09-12 10:32:31,063 [pool-408-thread-1] INFO  impl.RoleInfo (RoleInfo.java:updateAndGet(143)) - af27d03c-0a72-43b4-9e80-d162a1883bf6: start FollowerState
2019-09-12 10:32:31,063 [pool-408-thread-1] INFO  util.JmxRegister (JmxRegister.java:tryRegister(44)) - Successfully registered JMX Bean with object name Ratis:service=RaftServer,group=group-44D1D7151A2E,id=af27d03c-0a72-43b4-9e80-d162a1883bf6
2019-09-12 10:32:31,075 [RatisPipelineUtilsThread] INFO  pipeline.PipelineStateManager (PipelineStateManager.java:addPipeline(56)) - Created pipeline Pipeline[ Id: 2c3b917c-f609-4472-8cb0-44d1d7151a2e, Nodes: af27d03c-0a72-43b4-9e80-d162a1883bf6{ip: 192.168.36.114, host: pr-hdds-1569-58hkm-1881083799, networkLocation: /default-rack, certSerialId: null}, Type:RATIS, Factor:ONE, State:OPEN]
2019-09-12 10:32:31,081 [grpc-default-executor-1] INFO  impl.RaftServerProxy (RaftServerProxy.java:addNew(89)) - af27d03c-0a72-43b4-9e80-d162a1883bf6: addNew group-B3A497208420:[af27d03c-0a72-43b4-9e80-d162a1883bf6:192.168.36.114:43211] returns group-B3A497208420:java.util.concurrent.CompletableFuture@54bbda95[Not completed]
2019-09-12 10:32:31,082 [pool-408-thread-1] INFO  impl.RaftServerImpl (RaftServerImpl.java:<init>(93)) - af27d03c-0a72-43b4-9e80-d162a1883bf6: new RaftServerImpl for group-B3A497208420:[af27d03c-0a72-43b4-9e80-d162a1883bf6:192.168.36.114:43211] with ContainerStateMachine:uninitialized
2019-09-12 10:32:31,082 [pool-408-thread-1] INFO  server.RaftServerConfigKeys (ConfUtils.java:logGet(43)) - raft.server.rpc.timeout.min = 5s (custom)
2019-09-12 10:32:31,082 [pool-408-thread-1] INFO  server.RaftServerConfigKeys (ConfUtils.java:logGet(43)) - raft.server.rpc.timeout.max = 5200ms (custom)
2019-09-12 10:32:31,082 [pool-408-thread-1] INFO  server.RaftServerConfigKeys (ConfUtils.java:logGet(43)) - raft.server.rpcslowness.timeout = 120s (custom)
2019-09-12 10:32:31,082 [pool-408-thread-1] INFO  server.RaftServerConfigKeys (ConfUtils.java:logGet(43)) - raft.server.sleep.deviation.threshold = 300 (default)
2019-09-12 10:32:31,082 [pool-408-thread-1] INFO  server.RaftServerConfigKeys (ConfUtils.java:logGet(43)) - raft.server.log.appender.install.snapshot.enabled = false (custom)
2019-09-12 10:32:31,082 [pool-408-thread-1] INFO  impl.RaftServerImpl (ServerState.java:<init>(105)) - af27d03c-0a72-43b4-9e80-d162a1883bf6:group-B3A497208420 ConfigurationManager, init=-1: [af27d03c-0a72-43b4-9e80-d162a1883bf6:192.168.36.114:43211], old=null, confs=<EMPTY_MAP>
2019-09-12 10:32:31,082 [pool-408-thread-1] INFO  server.RaftServerConfigKeys (ConfUtils.java:logGet(43)) - raft.server.storage.dir = [/workdir/hadoop-ozone/integration-test/target/test-dir/MiniOzoneClusterImpl-fac5a39b-1f62-44b0-aedf-fae56ce7e72b/datanode-0/data/ratis] (custom)
2019-09-12 10:32:31,083 [pool-408-thread-1] INFO  storage.RaftStorageDirectory (RaftStorageDirectory.java:analyzeStorage(246)) - The storage directory /workdir/hadoop-ozone/integration-test/target/test-dir/MiniOzoneClusterImpl-fac5a39b-1f62-44b0-aedf-fae56ce7e72b/datanode-0/data/ratis/debbd631-ede5-4e59-8092-b3a497208420 does not exist. Creating ...
2019-09-12 10:32:31,096 [pool-408-thread-1] INFO  storage.RaftStorageDirectory (RaftStorageDirectory.java:tryLock(328)) - Lock on /workdir/hadoop-ozone/integration-test/target/test-dir/MiniOzoneClusterImpl-fac5a39b-1f62-44b0-aedf-fae56ce7e72b/datanode-0/data/ratis/debbd631-ede5-4e59-8092-b3a497208420/in_use.lock acquired by nodename 1396@pr-hdds-1569-58hkm-1881083799
2019-09-12 10:32:31,108 [pool-408-thread-1] INFO  storage.RaftStorage (RaftStorage.java:format(72)) - Storage directory /workdir/hadoop-ozone/integration-test/target/test-dir/MiniOzoneClusterImpl-fac5a39b-1f62-44b0-aedf-fae56ce7e72b/datanode-0/data/ratis/debbd631-ede5-4e59-8092-b3a497208420 has been successfully formatted.
2019-09-12 10:32:31,108 [pool-408-thread-1] INFO  ratis.ContainerStateMachine (ContainerStateMachine.java:loadSnapshot(226)) - group-B3A497208420: The snapshot info is null. Setting the last applied indexto:(t:0, i:~)
2019-09-12 10:32:31,109 [pool-408-thread-1] INFO  server.RaftServerConfigKeys (ConfUtils.java:logGet(43)) - raft.server.leader.election.timeout = 120s (custom)
2019-09-12 10:32:31,109 [pool-408-thread-1] INFO  server.RaftServerConfigKeys (ConfUtils.java:logGet(43)) - raft.server.log.use.memory = false (default)
2019-09-12 10:32:31,109 [pool-408-thread-1] INFO  server.RaftServerConfigKeys (ConfUtils.java:logGet(43)) - raft.server.log.purge.gap = 1000000 (custom)
2019-09-12 10:32:31,109 [pool-408-thread-1] INFO  server.RaftServerConfigKeys (ConfUtils.java:logGet(43)) - raft.server.log.appender.buffer.byte-limit = 33554432 (custom)
2019-09-12 10:32:31,109 [pool-408-thread-1] INFO  server.RaftServerConfigKeys (ConfUtils.java:logGet(43)) - raft.server.log.segment.size.max = 1048576 (custom)
2019-09-12 10:32:31,109 [pool-408-thread-1] INFO  server.RaftServerConfigKeys (ConfUtils.java:logGet(43)) - raft.server.log.segment.cache.num.max = 2 (custom)
2019-09-12 10:32:31,109 [pool-408-thread-1] INFO  segmented.SegmentedRaftLogWorker (SegmentedRaftLogWorker.java:<init>(172)) - new af27d03c-0a72-43b4-9e80-d162a1883bf6-SegmentedRaftLogWorker:Storage Directory /workdir/hadoop-ozone/integration-test/target/test-dir/MiniOzoneClusterImpl-fac5a39b-1f62-44b0-aedf-fae56ce7e72b/datanode-0/data/ratis/debbd631-ede5-4e59-8092-b3a497208420 for RaftStorage:Storage Directory /workdir/hadoop-ozone/integration-test/target/test-dir/MiniOzoneClusterImpl-fac5a39b-1f62-44b0-aedf-fae56ce7e72b/datanode-0/data/ratis/debbd631-ede5-4e59-8092-b3a497208420
2019-09-12 10:32:31,110 [pool-408-thread-1] INFO  server.RaftServerConfigKeys (ConfUtils.java:logGet(43)) - raft.server.log.queue.byte-limit = 2147483647 (custom)
2019-09-12 10:32:31,110 [pool-408-thread-1] INFO  server.RaftServerConfigKeys (ConfUtils.java:logGet(43)) - raft.server.log.queue.element-limit = 1024 (custom)
2019-09-12 10:32:31,110 [pool-408-thread-1] INFO  server.RaftServerConfigKeys (ConfUtils.java:logGet(43)) - raft.server.log.segment.size.max = 1048576 (custom)
2019-09-12 10:32:31,110 [pool-408-thread-1] INFO  server.RaftServerConfigKeys (ConfUtils.java:logGet(43)) - raft.server.log.preallocated.size = 16384 (custom)
2019-09-12 10:32:31,110 [pool-408-thread-1] INFO  server.RaftServerConfigKeys (ConfUtils.java:logGet(43)) - raft.server.log.write.buffer.size = 33554432 (custom)
2019-09-12 10:32:31,110 [pool-408-thread-1] INFO  server.RaftServerConfigKeys (ConfUtils.java:logGet(43)) - raft.server.log.force.sync.num = 128 (default)
2019-09-12 10:32:31,110 [pool-408-thread-1] INFO  server.RaftServerConfigKeys (ConfUtils.java:logGet(43)) - raft.server.log.statemachine.data.sync = true (default)
2019-09-12 10:32:31,110 [pool-408-thread-1] INFO  server.RaftServerConfigKeys (ConfUtils.java:logGet(43)) - raft.server.log.statemachine.data.sync.timeout = 10s (default)
2019-09-12 10:32:31,111 [pool-408-thread-1] INFO  server.RaftServerConfigKeys (ConfUtils.java:logGet(43)) - raft.server.log.statemachine.data.sync.timeout.retry = -1 (default)
2019-09-12 10:32:31,111 [pool-408-thread-1] INFO  server.RaftServerConfigKeys (ConfUtils.java:logGet(43)) - raft.server.log.statemachine.data.caching.enabled = true (custom)
2019-09-12 10:32:31,111 [pool-408-thread-1] INFO  segmented.SegmentedRaftLogWorker (SegmentedRaftLogWorker.java:lambda$new$0(132)) - af27d03c-0a72-43b4-9e80-d162a1883bf6-SegmentedRaftLogWorker:Storage Directory /workdir/hadoop-ozone/integration-test/target/test-dir/MiniOzoneClusterImpl-fac5a39b-1f62-44b0-aedf-fae56ce7e72b/datanode-0/data/ratis/debbd631-ede5-4e59-8092-b3a497208420: flushIndex: setUnconditionally 0 -> -1
2019-09-12 10:32:31,111 [pool-408-thread-1] INFO  server.RaftServerConfigKeys (ConfUtils.java:logGet(43)) - raft.server.snapshot.auto.trigger.enabled = true (custom)
2019-09-12 10:32:31,111 [pool-408-thread-1] INFO  server.RaftServerConfigKeys (ConfUtils.java:logGet(43)) - raft.server.snapshot.auto.trigger.threshold = 10000 (custom)
2019-09-12 10:32:31,112 [pool-408-thread-1] INFO  server.RaftServerConfigKeys (ConfUtils.java:logGet(43)) - raft.server.retrycache.expirytime = 600000ms (custom)
2019-09-12 10:32:31,112 [pool-408-thread-1] INFO  impl.RaftServerImpl (RaftServerImpl.java:start(180)) - af27d03c-0a72-43b4-9e80-d162a1883bf6: start group-B3A497208420
2019-09-12 10:32:31,112 [pool-408-thread-1] INFO  impl.RaftServerImpl (RaftServerImpl.java:setRole(171)) - af27d03c-0a72-43b4-9e80-d162a1883bf6:group-B3A497208420 changes role from null to FOLLOWER at term 0 for startAsFollower
2019-09-12 10:32:31,112 [pool-408-thread-1] INFO  impl.RoleInfo (RoleInfo.java:updateAndGet(143)) - af27d03c-0a72-43b4-9e80-d162a1883bf6: start FollowerState
2019-09-12 10:32:31,112 [pool-408-thread-1] INFO  util.JmxRegister (JmxRegister.java:tryRegister(44)) - Successfully registered JMX Bean with object name Ratis:service=RaftServer,group=group-B3A497208420,id=af27d03c-0a72-43b4-9e80-d162a1883bf6
2019-09-12 10:32:31,115 [RatisPipelineUtilsThread] INFO  pipeline.PipelineStateManager (PipelineStateManager.java:addPipeline(56)) - Created pipeline Pipeline[ Id: debbd631-ede5-4e59-8092-b3a497208420, Nodes: af27d03c-0a72-43b4-9e80-d162a1883bf6{ip: 192.168.36.114, host: pr-hdds-1569-58hkm-1881083799, networkLocation: /default-rack, certSerialId: null}, Type:RATIS, Factor:ONE, State:OPEN]
2019-09-12 10:32:31,121 [grpc-default-executor-1] INFO  impl.RaftServerProxy (RaftServerProxy.java:addNew(89)) - af27d03c-0a72-43b4-9e80-d162a1883bf6: addNew group-89DA087F9BFB:[af27d03c-0a72-43b4-9e80-d162a1883bf6:192.168.36.114:43211] returns group-89DA087F9BFB:java.util.concurrent.CompletableFuture@705f4ffe[Not completed]
2019-09-12 10:32:31,122 [pool-408-thread-1] INFO  impl.RaftServerImpl (RaftServerImpl.java:<init>(93)) - af27d03c-0a72-43b4-9e80-d162a1883bf6: new RaftServerImpl for group-89DA087F9BFB:[af27d03c-0a72-43b4-9e80-d162a1883bf6:192.168.36.114:43211] with ContainerStateMachine:uninitialized
2019-09-12 10:32:31,122 [pool-408-thread-1] INFO  server.RaftServerConfigKeys (ConfUtils.java:logGet(43)) - raft.server.rpc.timeout.min = 5s (custom)
2019-09-12 10:32:31,122 [pool-408-thread-1] INFO  server.RaftServerConfigKeys (ConfUtils.java:logGet(43)) - raft.server.rpc.timeout.max = 5200ms (custom)
2019-09-12 10:32:31,122 [pool-408-thread-1] INFO  server.RaftServerConfigKeys (ConfUtils.java:logGet(43)) - raft.server.rpcslowness.timeout = 120s (custom)
2019-09-12 10:32:31,122 [pool-408-thread-1] INFO  server.RaftServerConfigKeys (ConfUtils.java:logGet(43)) - raft.server.sleep.deviation.threshold = 300 (default)
2019-09-12 10:32:31,122 [pool-408-thread-1] INFO  server.RaftServerConfigKeys (ConfUtils.java:logGet(43)) - raft.server.log.appender.install.snapshot.enabled = false (custom)
2019-09-12 10:32:31,122 [pool-408-thread-1] INFO  impl.RaftServerImpl (ServerState.java:<init>(105)) - af27d03c-0a72-43b4-9e80-d162a1883bf6:group-89DA087F9BFB ConfigurationManager, init=-1: [af27d03c-0a72-43b4-9e80-d162a1883bf6:192.168.36.114:43211], old=null, confs=<EMPTY_MAP>
2019-09-12 10:32:31,123 [pool-408-thread-1] INFO  server.RaftServerConfigKeys (ConfUtils.java:logGet(43)) - raft.server.storage.dir = [/workdir/hadoop-ozone/integration-test/target/test-dir/MiniOzoneClusterImpl-fac5a39b-1f62-44b0-aedf-fae56ce7e72b/datanode-0/data/ratis] (custom)
2019-09-12 10:32:31,123 [pool-408-thread-1] INFO  storage.RaftStorageDirectory (RaftStorageDirectory.java:analyzeStorage(246)) - The storage directory /workdir/hadoop-ozone/integration-test/target/test-dir/MiniOzoneClusterImpl-fac5a39b-1f62-44b0-aedf-fae56ce7e72b/datanode-0/data/ratis/8a2ea4df-053f-4ce0-8e06-89da087f9bfb does not exist. Creating ...
2019-09-12 10:32:31,135 [pool-408-thread-1] INFO  storage.RaftStorageDirectory (RaftStorageDirectory.java:tryLock(328)) - Lock on /workdir/hadoop-ozone/integration-test/target/test-dir/MiniOzoneClusterImpl-fac5a39b-1f62-44b0-aedf-fae56ce7e72b/datanode-0/data/ratis/8a2ea4df-053f-4ce0-8e06-89da087f9bfb/in_use.lock acquired by nodename 1396@pr-hdds-1569-58hkm-1881083799
2019-09-12 10:32:31,148 [pool-408-thread-1] INFO  storage.RaftStorage (RaftStorage.java:format(72)) - Storage directory /workdir/hadoop-ozone/integration-test/target/test-dir/MiniOzoneClusterImpl-fac5a39b-1f62-44b0-aedf-fae56ce7e72b/datanode-0/data/ratis/8a2ea4df-053f-4ce0-8e06-89da087f9bfb has been successfully formatted.
2019-09-12 10:32:31,148 [pool-408-thread-1] INFO  ratis.ContainerStateMachine (ContainerStateMachine.java:loadSnapshot(226)) - group-89DA087F9BFB: The snapshot info is null. Setting the last applied indexto:(t:0, i:~)
2019-09-12 10:32:31,149 [pool-408-thread-1] INFO  server.RaftServerConfigKeys (ConfUtils.java:logGet(43)) - raft.server.leader.election.timeout = 120s (custom)
2019-09-12 10:32:31,149 [pool-408-thread-1] INFO  server.RaftServerConfigKeys (ConfUtils.java:logGet(43)) - raft.server.log.use.memory = false (default)
2019-09-12 10:32:31,149 [pool-408-thread-1] INFO  server.RaftServerConfigKeys (ConfUtils.java:logGet(43)) - raft.server.log.purge.gap = 1000000 (custom)
2019-09-12 10:32:31,149 [pool-408-thread-1] INFO  server.RaftServerConfigKeys (ConfUtils.java:logGet(43)) - raft.server.log.appender.buffer.byte-limit = 33554432 (custom)
2019-09-12 10:32:31,149 [pool-408-thread-1] INFO  server.RaftServerConfigKeys (ConfUtils.java:logGet(43)) - raft.server.log.segment.size.max = 1048576 (custom)
2019-09-12 10:32:31,149 [pool-408-thread-1] INFO  server.RaftServerConfigKeys (ConfUtils.java:logGet(43)) - raft.server.log.segment.cache.num.max = 2 (custom)
2019-09-12 10:32:31,149 [pool-408-thread-1] INFO  segmented.SegmentedRaftLogWorker (SegmentedRaftLogWorker.java:<init>(172)) - new af27d03c-0a72-43b4-9e80-d162a1883bf6-SegmentedRaftLogWorker:Storage Directory /workdir/hadoop-ozone/integration-test/target/test-dir/MiniOzoneClusterImpl-fac5a39b-1f62-44b0-aedf-fae56ce7e72b/datanode-0/data/ratis/8a2ea4df-053f-4ce0-8e06-89da087f9bfb for RaftStorage:Storage Directory /workdir/hadoop-ozone/integration-test/target/test-dir/MiniOzoneClusterImpl-fac5a39b-1f62-44b0-aedf-fae56ce7e72b/datanode-0/data/ratis/8a2ea4df-053f-4ce0-8e06-89da087f9bfb
2019-09-12 10:32:31,150 [pool-408-thread-1] INFO  server.RaftServerConfigKeys (ConfUtils.java:logGet(43)) - raft.server.log.queue.byte-limit = 2147483647 (custom)
2019-09-12 10:32:31,150 [pool-408-thread-1] INFO  server.RaftServerConfigKeys (ConfUtils.java:logGet(43)) - raft.server.log.queue.element-limit = 1024 (custom)
2019-09-12 10:32:31,150 [pool-408-thread-1] INFO  server.RaftServerConfigKeys (ConfUtils.java:logGet(43)) - raft.server.log.segment.size.max = 1048576 (custom)
2019-09-12 10:32:31,150 [pool-408-thread-1] INFO  server.RaftServerConfigKeys (ConfUtils.java:logGet(43)) - raft.server.log.preallocated.size = 16384 (custom)
2019-09-12 10:32:31,150 [pool-408-thread-1] INFO  server.RaftServerConfigKeys (ConfUtils.java:logGet(43)) - raft.server.log.write.buffer.size = 33554432 (custom)
2019-09-12 10:32:31,150 [pool-408-thread-1] INFO  server.RaftServerConfigKeys (ConfUtils.java:logGet(43)) - raft.server.log.force.sync.num = 128 (default)
2019-09-12 10:32:31,150 [pool-408-thread-1] INFO  server.RaftServerConfigKeys (ConfUtils.java:logGet(43)) - raft.server.log.statemachine.data.sync = true (default)
2019-09-12 10:32:31,150 [pool-408-thread-1] INFO  server.RaftServerConfigKeys (ConfUtils.java:logGet(43)) - raft.server.log.statemachine.data.sync.timeout = 10s (default)
2019-09-12 10:32:31,150 [pool-408-thread-1] INFO  server.RaftServerConfigKeys (ConfUtils.java:logGet(43)) - raft.server.log.statemachine.data.sync.timeout.retry = -1 (default)
2019-09-12 10:32:31,150 [pool-408-thread-1] INFO  server.RaftServerConfigKeys (ConfUtils.java:logGet(43)) - raft.server.log.statemachine.data.caching.enabled = true (custom)
2019-09-12 10:32:31,151 [pool-408-thread-1] INFO  segmented.SegmentedRaftLogWorker (SegmentedRaftLogWorker.java:lambda$new$0(132)) - af27d03c-0a72-43b4-9e80-d162a1883bf6-SegmentedRaftLogWorker:Storage Directory /workdir/hadoop-ozone/integration-test/target/test-dir/MiniOzoneClusterImpl-fac5a39b-1f62-44b0-aedf-fae56ce7e72b/datanode-0/data/ratis/8a2ea4df-053f-4ce0-8e06-89da087f9bfb: flushIndex: setUnconditionally 0 -> -1
2019-09-12 10:32:31,151 [pool-408-thread-1] INFO  server.RaftServerConfigKeys (ConfUtils.java:logGet(43)) - raft.server.snapshot.auto.trigger.enabled = true (custom)
2019-09-12 10:32:31,151 [pool-408-thread-1] INFO  server.RaftServerConfigKeys (ConfUtils.java:logGet(43)) - raft.server.snapshot.auto.trigger.threshold = 10000 (custom)
2019-09-12 10:32:31,151 [pool-408-thread-1] INFO  server.RaftServerConfigKeys (ConfUtils.java:logGet(43)) - raft.server.retrycache.expirytime = 600000ms (custom)
2019-09-12 10:32:31,151 [pool-408-thread-1] INFO  impl.RaftServerImpl (RaftServerImpl.java:start(180)) - af27d03c-0a72-43b4-9e80-d162a1883bf6: start group-89DA087F9BFB
2019-09-12 10:32:31,151 [pool-408-thread-1] INFO  impl.RaftServerImpl (RaftServerImpl.java:setRole(171)) - af27d03c-0a72-43b4-9e80-d162a1883bf6:group-89DA087F9BFB changes role from null to FOLLOWER at term 0 for startAsFollower
2019-09-12 10:32:31,152 [pool-408-thread-1] INFO  impl.RoleInfo (RoleInfo.java:updateAndGet(143)) - af27d03c-0a72-43b4-9e80-d162a1883bf6: start FollowerState
2019-09-12 10:32:31,152 [pool-408-thread-1] INFO  util.JmxRegister (JmxRegister.java:tryRegister(44)) - Successfully registered JMX Bean with object name Ratis:service=RaftServer,group=group-89DA087F9BFB,id=af27d03c-0a72-43b4-9e80-d162a1883bf6
2019-09-12 10:32:31,153 | INFO  | SCMAudit | user=jenkins1000 | ip=192.168.36.114 | op=GET_VERSION null | ret=SUCCESS |  
2019-09-12 10:32:31,154 [RatisPipelineUtilsThread] INFO  pipeline.PipelineStateManager (PipelineStateManager.java:addPipeline(56)) - Created pipeline Pipeline[ Id: 8a2ea4df-053f-4ce0-8e06-89da087f9bfb, Nodes: af27d03c-0a72-43b4-9e80-d162a1883bf6{ip: 192.168.36.114, host: pr-hdds-1569-58hkm-1881083799, networkLocation: /default-rack, certSerialId: null}, Type:RATIS, Factor:ONE, State:OPEN]
2019-09-12 10:32:31,160 [grpc-default-executor-1] INFO  impl.RaftServerProxy (RaftServerProxy.java:addNew(89)) - af27d03c-0a72-43b4-9e80-d162a1883bf6: addNew group-50B9D08F0200:[af27d03c-0a72-43b4-9e80-d162a1883bf6:192.168.36.114:43211] returns group-50B9D08F0200:java.util.concurrent.CompletableFuture@797706f5[Not completed]
2019-09-12 10:32:31,161 [pool-408-thread-1] INFO  impl.RaftServerImpl (RaftServerImpl.java:<init>(93)) - af27d03c-0a72-43b4-9e80-d162a1883bf6: new RaftServerImpl for group-50B9D08F0200:[af27d03c-0a72-43b4-9e80-d162a1883bf6:192.168.36.114:43211] with ContainerStateMachine:uninitialized
2019-09-12 10:32:31,161 [pool-408-thread-1] INFO  server.RaftServerConfigKeys (ConfUtils.java:logGet(43)) - raft.server.rpc.timeout.min = 5s (custom)
2019-09-12 10:32:31,161 [pool-408-thread-1] INFO  server.RaftServerConfigKeys (ConfUtils.java:logGet(43)) - raft.server.rpc.timeout.max = 5200ms (custom)
2019-09-12 10:32:31,161 [pool-408-thread-1] INFO  server.RaftServerConfigKeys (ConfUtils.java:logGet(43)) - raft.server.rpcslowness.timeout = 120s (custom)
2019-09-12 10:32:31,161 [pool-408-thread-1] INFO  server.RaftServerConfigKeys (ConfUtils.java:logGet(43)) - raft.server.sleep.deviation.threshold = 300 (default)
2019-09-12 10:32:31,161 [pool-408-thread-1] INFO  server.RaftServerConfigKeys (ConfUtils.java:logGet(43)) - raft.server.log.appender.install.snapshot.enabled = false (custom)
2019-09-12 10:32:31,161 [pool-408-thread-1] INFO  impl.RaftServerImpl (ServerState.java:<init>(105)) - af27d03c-0a72-43b4-9e80-d162a1883bf6:group-50B9D08F0200 ConfigurationManager, init=-1: [af27d03c-0a72-43b4-9e80-d162a1883bf6:192.168.36.114:43211], old=null, confs=<EMPTY_MAP>
2019-09-12 10:32:31,161 [pool-408-thread-1] INFO  server.RaftServerConfigKeys (ConfUtils.java:logGet(43)) - raft.server.storage.dir = [/workdir/hadoop-ozone/integration-test/target/test-dir/MiniOzoneClusterImpl-fac5a39b-1f62-44b0-aedf-fae56ce7e72b/datanode-0/data/ratis] (custom)
2019-09-12 10:32:31,161 [pool-408-thread-1] INFO  storage.RaftStorageDirectory (RaftStorageDirectory.java:analyzeStorage(246)) - The storage directory /workdir/hadoop-ozone/integration-test/target/test-dir/MiniOzoneClusterImpl-fac5a39b-1f62-44b0-aedf-fae56ce7e72b/datanode-0/data/ratis/9614a03a-fe6a-4471-8b81-50b9d08f0200 does not exist. Creating ...
2019-09-12 10:32:31,178 [pool-408-thread-1] INFO  storage.RaftStorageDirectory (RaftStorageDirectory.java:tryLock(328)) - Lock on /workdir/hadoop-ozone/integration-test/target/test-dir/MiniOzoneClusterImpl-fac5a39b-1f62-44b0-aedf-fae56ce7e72b/datanode-0/data/ratis/9614a03a-fe6a-4471-8b81-50b9d08f0200/in_use.lock acquired by nodename 1396@pr-hdds-1569-58hkm-1881083799
2019-09-12 10:32:31,179 [Datanode State Machine Thread - 0] INFO  ozoneimpl.OzoneContainer (OzoneContainer.java:start(186)) - Attempting to start container services.
2019-09-12 10:32:31,179 [Datanode State Machine Thread - 0] INFO  ozoneimpl.OzoneContainer (OzoneContainer.java:startContainerScrub(160)) - Background container scrubber has been disabled by hdds.containerscrub.enabled
2019-09-12 10:32:31,179 [Datanode State Machine Thread - 0] INFO  ratis.XceiverServerRatis (XceiverServerRatis.java:start(404)) - Starting XceiverServerRatis 9bf0d246-3308-4376-bff1-b5ae143bf3ac at port 0
2019-09-12 10:32:31,203 [pool-408-thread-1] INFO  storage.RaftStorage (RaftStorage.java:format(72)) - Storage directory /workdir/hadoop-ozone/integration-test/target/test-dir/MiniOzoneClusterImpl-fac5a39b-1f62-44b0-aedf-fae56ce7e72b/datanode-0/data/ratis/9614a03a-fe6a-4471-8b81-50b9d08f0200 has been successfully formatted.
2019-09-12 10:32:31,203 [pool-408-thread-1] INFO  ratis.ContainerStateMachine (ContainerStateMachine.java:loadSnapshot(226)) - group-50B9D08F0200: The snapshot info is null. Setting the last applied indexto:(t:0, i:~)
2019-09-12 10:32:31,204 [pool-408-thread-1] INFO  server.RaftServerConfigKeys (ConfUtils.java:logGet(43)) - raft.server.leader.election.timeout = 120s (custom)
2019-09-12 10:32:31,204 [pool-408-thread-1] INFO  server.RaftServerConfigKeys (ConfUtils.java:logGet(43)) - raft.server.log.use.memory = false (default)
2019-09-12 10:32:31,204 [pool-408-thread-1] INFO  server.RaftServerConfigKeys (ConfUtils.java:logGet(43)) - raft.server.log.purge.gap = 1000000 (custom)
2019-09-12 10:32:31,204 [pool-408-thread-1] INFO  server.RaftServerConfigKeys (ConfUtils.java:logGet(43)) - raft.server.log.appender.buffer.byte-limit = 33554432 (custom)
2019-09-12 10:32:31,204 [pool-408-thread-1] INFO  server.RaftServerConfigKeys (ConfUtils.java:logGet(43)) - raft.server.log.segment.size.max = 1048576 (custom)
2019-09-12 10:32:31,204 [pool-408-thread-1] INFO  server.RaftServerConfigKeys (ConfUtils.java:logGet(43)) - raft.server.log.segment.cache.num.max = 2 (custom)
2019-09-12 10:32:31,205 [pool-408-thread-1] INFO  segmented.SegmentedRaftLogWorker (SegmentedRaftLogWorker.java:<init>(172)) - new af27d03c-0a72-43b4-9e80-d162a1883bf6-SegmentedRaftLogWorker:Storage Directory /workdir/hadoop-ozone/integration-test/target/test-dir/MiniOzoneClusterImpl-fac5a39b-1f62-44b0-aedf-fae56ce7e72b/datanode-0/data/ratis/9614a03a-fe6a-4471-8b81-50b9d08f0200 for RaftStorage:Storage Directory /workdir/hadoop-ozone/integration-test/target/test-dir/MiniOzoneClusterImpl-fac5a39b-1f62-44b0-aedf-fae56ce7e72b/datanode-0/data/ratis/9614a03a-fe6a-4471-8b81-50b9d08f0200
2019-09-12 10:32:31,205 [pool-408-thread-1] INFO  server.RaftServerConfigKeys (ConfUtils.java:logGet(43)) - raft.server.log.queue.byte-limit = 2147483647 (custom)
2019-09-12 10:32:31,205 [pool-408-thread-1] INFO  server.RaftServerConfigKeys (ConfUtils.java:logGet(43)) - raft.server.log.queue.element-limit = 1024 (custom)
2019-09-12 10:32:31,205 [pool-408-thread-1] INFO  server.RaftServerConfigKeys (ConfUtils.java:logGet(43)) - raft.server.log.segment.size.max = 1048576 (custom)
2019-09-12 10:32:31,205 [pool-408-thread-1] INFO  server.RaftServerConfigKeys (ConfUtils.java:logGet(43)) - raft.server.log.preallocated.size = 16384 (custom)
2019-09-12 10:32:31,206 [pool-408-thread-1] INFO  server.RaftServerConfigKeys (ConfUtils.java:logGet(43)) - raft.server.log.write.buffer.size = 33554432 (custom)
2019-09-12 10:32:31,206 [pool-408-thread-1] INFO  server.RaftServerConfigKeys (ConfUtils.java:logGet(43)) - raft.server.log.force.sync.num = 128 (default)
2019-09-12 10:32:31,206 [pool-408-thread-1] INFO  server.RaftServerConfigKeys (ConfUtils.java:logGet(43)) - raft.server.log.statemachine.data.sync = true (default)
2019-09-12 10:32:31,206 [pool-408-thread-1] INFO  server.RaftServerConfigKeys (ConfUtils.java:logGet(43)) - raft.server.log.statemachine.data.sync.timeout = 10s (default)
2019-09-12 10:32:31,206 [pool-408-thread-1] INFO  server.RaftServerConfigKeys (ConfUtils.java:logGet(43)) - raft.server.log.statemachine.data.sync.timeout.retry = -1 (default)
2019-09-12 10:32:31,227 [pool-408-thread-1] INFO  server.RaftServerConfigKeys (ConfUtils.java:logGet(43)) - raft.server.log.statemachine.data.caching.enabled = true (custom)
2019-09-12 10:32:31,227 [pool-408-thread-1] INFO  segmented.SegmentedRaftLogWorker (SegmentedRaftLogWorker.java:lambda$new$0(132)) - af27d03c-0a72-43b4-9e80-d162a1883bf6-SegmentedRaftLogWorker:Storage Directory /workdir/hadoop-ozone/integration-test/target/test-dir/MiniOzoneClusterImpl-fac5a39b-1f62-44b0-aedf-fae56ce7e72b/datanode-0/data/ratis/9614a03a-fe6a-4471-8b81-50b9d08f0200: flushIndex: setUnconditionally 0 -> -1
2019-09-12 10:32:31,229 [pool-408-thread-1] INFO  server.RaftServerConfigKeys (ConfUtils.java:logGet(43)) - raft.server.snapshot.auto.trigger.enabled = true (custom)
2019-09-12 10:32:31,229 [pool-408-thread-1] INFO  server.RaftServerConfigKeys (ConfUtils.java:logGet(43)) - raft.server.snapshot.auto.trigger.threshold = 10000 (custom)
2019-09-12 10:32:31,229 [pool-408-thread-1] INFO  server.RaftServerConfigKeys (ConfUtils.java:logGet(43)) - raft.server.retrycache.expirytime = 600000ms (custom)
2019-09-12 10:32:31,229 [pool-408-thread-1] INFO  impl.RaftServerImpl (RaftServerImpl.java:start(180)) - af27d03c-0a72-43b4-9e80-d162a1883bf6: start group-50B9D08F0200
2019-09-12 10:32:31,229 [pool-408-thread-1] INFO  impl.RaftServerImpl (RaftServerImpl.java:setRole(171)) - af27d03c-0a72-43b4-9e80-d162a1883bf6:group-50B9D08F0200 changes role from null to FOLLOWER at term 0 for startAsFollower
2019-09-12 10:32:31,229 [pool-408-thread-1] INFO  impl.RoleInfo (RoleInfo.java:updateAndGet(143)) - af27d03c-0a72-43b4-9e80-d162a1883bf6: start FollowerState
2019-09-12 10:32:31,230 [pool-408-thread-1] INFO  util.JmxRegister (JmxRegister.java:tryRegister(44)) - Successfully registered JMX Bean with object name Ratis:service=RaftServer,group=group-50B9D08F0200,id=af27d03c-0a72-43b4-9e80-d162a1883bf6
2019-09-12 10:32:31,231 [Datanode State Machine Thread - 0] INFO  impl.RaftServerProxy (RaftServerProxy.java:lambda$start$3(299)) - 9bf0d246-3308-4376-bff1-b5ae143bf3ac: start RPC server
2019-09-12 10:32:31,232 [Datanode State Machine Thread - 0] INFO  server.GrpcService (GrpcService.java:startImpl(149)) - 9bf0d246-3308-4376-bff1-b5ae143bf3ac: GrpcService started, listening on 0.0.0.0/0.0.0.0:43069
2019-09-12 10:32:31,232 [RatisPipelineUtilsThread] INFO  pipeline.PipelineStateManager (PipelineStateManager.java:addPipeline(56)) - Created pipeline Pipeline[ Id: 9614a03a-fe6a-4471-8b81-50b9d08f0200, Nodes: af27d03c-0a72-43b4-9e80-d162a1883bf6{ip: 192.168.36.114, host: pr-hdds-1569-58hkm-1881083799, networkLocation: /default-rack, certSerialId: null}, Type:RATIS, Factor:ONE, State:OPEN]
2019-09-12 10:32:31,232 [Datanode State Machine Thread - 0] INFO  ratis.XceiverServerRatis (XceiverServerRatis.java:start(414)) - XceiverServerRatis 9bf0d246-3308-4376-bff1-b5ae143bf3ac is started using port 43069
2019-09-12 10:32:31,233 [Datanode State Machine Thread - 0] INFO  server.XceiverServerGrpc (XceiverServerGrpc.java:start(163)) - XceiverServerGrpc 9bf0d246-3308-4376-bff1-b5ae143bf3ac is started using port 46491
2019-09-12 10:32:31,236 [grpc-default-executor-1] INFO  impl.RaftServerProxy (RaftServerProxy.java:addNew(89)) - af27d03c-0a72-43b4-9e80-d162a1883bf6: addNew group-EF639D7A6084:[af27d03c-0a72-43b4-9e80-d162a1883bf6:192.168.36.114:43211] returns group-EF639D7A6084:java.util.concurrent.CompletableFuture@67647ada[Not completed]
2019-09-12 10:32:31,237 [pool-408-thread-1] INFO  impl.RaftServerImpl (RaftServerImpl.java:<init>(93)) - af27d03c-0a72-43b4-9e80-d162a1883bf6: new RaftServerImpl for group-EF639D7A6084:[af27d03c-0a72-43b4-9e80-d162a1883bf6:192.168.36.114:43211] with ContainerStateMachine:uninitialized
2019-09-12 10:32:31,237 [pool-408-thread-1] INFO  server.RaftServerConfigKeys (ConfUtils.java:logGet(43)) - raft.server.rpc.timeout.min = 5s (custom)
2019-09-12 10:32:31,237 [pool-408-thread-1] INFO  server.RaftServerConfigKeys (ConfUtils.java:logGet(43)) - raft.server.rpc.timeout.max = 5200ms (custom)
2019-09-12 10:32:31,237 [pool-408-thread-1] INFO  server.RaftServerConfigKeys (ConfUtils.java:logGet(43)) - raft.server.rpcslowness.timeout = 120s (custom)
2019-09-12 10:32:31,237 [pool-408-thread-1] INFO  server.RaftServerConfigKeys (ConfUtils.java:logGet(43)) - raft.server.sleep.deviation.threshold = 300 (default)
2019-09-12 10:32:31,237 [pool-408-thread-1] INFO  server.RaftServerConfigKeys (ConfUtils.java:logGet(43)) - raft.server.log.appender.install.snapshot.enabled = false (custom)
2019-09-12 10:32:31,238 [pool-408-thread-1] INFO  impl.RaftServerImpl (ServerState.java:<init>(105)) - af27d03c-0a72-43b4-9e80-d162a1883bf6:group-EF639D7A6084 ConfigurationManager, init=-1: [af27d03c-0a72-43b4-9e80-d162a1883bf6:192.168.36.114:43211], old=null, confs=<EMPTY_MAP>
2019-09-12 10:32:31,238 [pool-408-thread-1] INFO  server.RaftServerConfigKeys (ConfUtils.java:logGet(43)) - raft.server.storage.dir = [/workdir/hadoop-ozone/integration-test/target/test-dir/MiniOzoneClusterImpl-fac5a39b-1f62-44b0-aedf-fae56ce7e72b/datanode-0/data/ratis] (custom)
2019-09-12 10:32:31,238 [pool-408-thread-1] INFO  storage.RaftStorageDirectory (RaftStorageDirectory.java:analyzeStorage(246)) - The storage directory /workdir/hadoop-ozone/integration-test/target/test-dir/MiniOzoneClusterImpl-fac5a39b-1f62-44b0-aedf-fae56ce7e72b/datanode-0/data/ratis/5c76dd4c-5f79-4b5a-b852-ef639d7a6084 does not exist. Creating ...
2019-09-12 10:32:31,251 [pool-408-thread-1] INFO  storage.RaftStorageDirectory (RaftStorageDirectory.java:tryLock(328)) - Lock on /workdir/hadoop-ozone/integration-test/target/test-dir/MiniOzoneClusterImpl-fac5a39b-1f62-44b0-aedf-fae56ce7e72b/datanode-0/data/ratis/5c76dd4c-5f79-4b5a-b852-ef639d7a6084/in_use.lock acquired by nodename 1396@pr-hdds-1569-58hkm-1881083799
2019-09-12 10:32:31,263 [pool-408-thread-1] INFO  storage.RaftStorage (RaftStorage.java:format(72)) - Storage directory /workdir/hadoop-ozone/integration-test/target/test-dir/MiniOzoneClusterImpl-fac5a39b-1f62-44b0-aedf-fae56ce7e72b/datanode-0/data/ratis/5c76dd4c-5f79-4b5a-b852-ef639d7a6084 has been successfully formatted.
2019-09-12 10:32:31,263 [pool-408-thread-1] INFO  ratis.ContainerStateMachine (ContainerStateMachine.java:loadSnapshot(226)) - group-EF639D7A6084: The snapshot info is null. Setting the last applied indexto:(t:0, i:~)
2019-09-12 10:32:31,263 [pool-408-thread-1] INFO  server.RaftServerConfigKeys (ConfUtils.java:logGet(43)) - raft.server.leader.election.timeout = 120s (custom)
2019-09-12 10:32:31,263 [pool-408-thread-1] INFO  server.RaftServerConfigKeys (ConfUtils.java:logGet(43)) - raft.server.log.use.memory = false (default)
2019-09-12 10:32:31,263 [pool-408-thread-1] INFO  server.RaftServerConfigKeys (ConfUtils.java:logGet(43)) - raft.server.log.purge.gap = 1000000 (custom)
2019-09-12 10:32:31,264 [pool-408-thread-1] INFO  server.RaftServerConfigKeys (ConfUtils.java:logGet(43)) - raft.server.log.appender.buffer.byte-limit = 33554432 (custom)
2019-09-12 10:32:31,264 [pool-408-thread-1] INFO  server.RaftServerConfigKeys (ConfUtils.java:logGet(43)) - raft.server.log.segment.size.max = 1048576 (custom)
2019-09-12 10:32:31,264 [pool-408-thread-1] INFO  server.RaftServerConfigKeys (ConfUtils.java:logGet(43)) - raft.server.log.segment.cache.num.max = 2 (custom)
2019-09-12 10:32:31,264 [pool-408-thread-1] INFO  segmented.SegmentedRaftLogWorker (SegmentedRaftLogWorker.java:<init>(172)) - new af27d03c-0a72-43b4-9e80-d162a1883bf6-SegmentedRaftLogWorker:Storage Directory /workdir/hadoop-ozone/integration-test/target/test-dir/MiniOzoneClusterImpl-fac5a39b-1f62-44b0-aedf-fae56ce7e72b/datanode-0/data/ratis/5c76dd4c-5f79-4b5a-b852-ef639d7a6084 for RaftStorage:Storage Directory /workdir/hadoop-ozone/integration-test/target/test-dir/MiniOzoneClusterImpl-fac5a39b-1f62-44b0-aedf-fae56ce7e72b/datanode-0/data/ratis/5c76dd4c-5f79-4b5a-b852-ef639d7a6084
2019-09-12 10:32:31,264 [pool-408-thread-1] INFO  server.RaftServerConfigKeys (ConfUtils.java:logGet(43)) - raft.server.log.queue.byte-limit = 2147483647 (custom)
2019-09-12 10:32:31,264 [pool-408-thread-1] INFO  server.RaftServerConfigKeys (ConfUtils.java:logGet(43)) - raft.server.log.queue.element-limit = 1024 (custom)
2019-09-12 10:32:31,264 [pool-408-thread-1] INFO  server.RaftServerConfigKeys (ConfUtils.java:logGet(43)) - raft.server.log.segment.size.max = 1048576 (custom)
2019-09-12 10:32:31,264 [pool-408-thread-1] INFO  server.RaftServerConfigKeys (ConfUtils.java:logGet(43)) - raft.server.log.preallocated.size = 16384 (custom)
2019-09-12 10:32:31,264 [pool-408-thread-1] INFO  server.RaftServerConfigKeys (ConfUtils.java:logGet(43)) - raft.server.log.write.buffer.size = 33554432 (custom)
2019-09-12 10:32:31,264 [pool-408-thread-1] INFO  server.RaftServerConfigKeys (ConfUtils.java:logGet(43)) - raft.server.log.force.sync.num = 128 (default)
2019-09-12 10:32:31,264 [pool-408-thread-1] INFO  server.RaftServerConfigKeys (ConfUtils.java:logGet(43)) - raft.server.log.statemachine.data.sync = true (default)
2019-09-12 10:32:31,265 [pool-408-thread-1] INFO  server.RaftServerConfigKeys (ConfUtils.java:logGet(43)) - raft.server.log.statemachine.data.sync.timeout = 10s (default)
2019-09-12 10:32:31,265 [pool-408-thread-1] INFO  server.RaftServerConfigKeys (ConfUtils.java:logGet(43)) - raft.server.log.statemachine.data.sync.timeout.retry = -1 (default)
2019-09-12 10:32:31,265 [pool-408-thread-1] INFO  server.RaftServerConfigKeys (ConfUtils.java:logGet(43)) - raft.server.log.statemachine.data.caching.enabled = true (custom)
2019-09-12 10:32:31,265 [pool-408-thread-1] INFO  segmented.SegmentedRaftLogWorker (SegmentedRaftLogWorker.java:lambda$new$0(132)) - af27d03c-0a72-43b4-9e80-d162a1883bf6-SegmentedRaftLogWorker:Storage Directory /workdir/hadoop-ozone/integration-test/target/test-dir/MiniOzoneClusterImpl-fac5a39b-1f62-44b0-aedf-fae56ce7e72b/datanode-0/data/ratis/5c76dd4c-5f79-4b5a-b852-ef639d7a6084: flushIndex: setUnconditionally 0 -> -1
2019-09-12 10:32:31,265 [pool-408-thread-1] INFO  server.RaftServerConfigKeys (ConfUtils.java:logGet(43)) - raft.server.snapshot.auto.trigger.enabled = true (custom)
2019-09-12 10:32:31,265 [pool-408-thread-1] INFO  server.RaftServerConfigKeys (ConfUtils.java:logGet(43)) - raft.server.snapshot.auto.trigger.threshold = 10000 (custom)
2019-09-12 10:32:31,265 [pool-408-thread-1] INFO  server.RaftServerConfigKeys (ConfUtils.java:logGet(43)) - raft.server.retrycache.expirytime = 600000ms (custom)
2019-09-12 10:32:31,266 [pool-408-thread-1] INFO  impl.RaftServerImpl (RaftServerImpl.java:start(180)) - af27d03c-0a72-43b4-9e80-d162a1883bf6: start group-EF639D7A6084
2019-09-12 10:32:31,266 [pool-408-thread-1] INFO  impl.RaftServerImpl (RaftServerImpl.java:setRole(171)) - af27d03c-0a72-43b4-9e80-d162a1883bf6:group-EF639D7A6084 changes role from null to FOLLOWER at term 0 for startAsFollower
2019-09-12 10:32:31,266 [pool-408-thread-1] INFO  impl.RoleInfo (RoleInfo.java:updateAndGet(143)) - af27d03c-0a72-43b4-9e80-d162a1883bf6: start FollowerState
2019-09-12 10:32:31,266 [pool-408-thread-1] INFO  util.JmxRegister (JmxRegister.java:tryRegister(44)) - Successfully registered JMX Bean with object name Ratis:service=RaftServer,group=group-EF639D7A6084,id=af27d03c-0a72-43b4-9e80-d162a1883bf6
2019-09-12 10:32:31,268 [RatisPipelineUtilsThread] INFO  pipeline.PipelineStateManager (PipelineStateManager.java:addPipeline(56)) - Created pipeline Pipeline[ Id: 5c76dd4c-5f79-4b5a-b852-ef639d7a6084, Nodes: af27d03c-0a72-43b4-9e80-d162a1883bf6{ip: 192.168.36.114, host: pr-hdds-1569-58hkm-1881083799, networkLocation: /default-rack, certSerialId: null}, Type:RATIS, Factor:ONE, State:OPEN]
2019-09-12 10:32:31,274 [grpc-default-executor-1] INFO  impl.RaftServerProxy (RaftServerProxy.java:addNew(89)) - af27d03c-0a72-43b4-9e80-d162a1883bf6: addNew group-C32C00603506:[af27d03c-0a72-43b4-9e80-d162a1883bf6:192.168.36.114:43211] returns group-C32C00603506:java.util.concurrent.CompletableFuture@453f249f[Not completed]
2019-09-12 10:32:31,274 [pool-408-thread-1] INFO  impl.RaftServerImpl (RaftServerImpl.java:<init>(93)) - af27d03c-0a72-43b4-9e80-d162a1883bf6: new RaftServerImpl for group-C32C00603506:[af27d03c-0a72-43b4-9e80-d162a1883bf6:192.168.36.114:43211] with ContainerStateMachine:uninitialized
2019-09-12 10:32:31,274 [pool-408-thread-1] INFO  server.RaftServerConfigKeys (ConfUtils.java:logGet(43)) - raft.server.rpc.timeout.min = 5s (custom)
2019-09-12 10:32:31,275 [pool-408-thread-1] INFO  server.RaftServerConfigKeys (ConfUtils.java:logGet(43)) - raft.server.rpc.timeout.max = 5200ms (custom)
2019-09-12 10:32:31,275 [pool-408-thread-1] INFO  server.RaftServerConfigKeys (ConfUtils.java:logGet(43)) - raft.server.rpcslowness.timeout = 120s (custom)
2019-09-12 10:32:31,275 [pool-408-thread-1] INFO  server.RaftServerConfigKeys (ConfUtils.java:logGet(43)) - raft.server.sleep.deviation.threshold = 300 (default)
2019-09-12 10:32:31,275 [pool-408-thread-1] INFO  server.RaftServerConfigKeys (ConfUtils.java:logGet(43)) - raft.server.log.appender.install.snapshot.enabled = false (custom)
2019-09-12 10:32:31,275 [pool-408-thread-1] INFO  impl.RaftServerImpl (ServerState.java:<init>(105)) - af27d03c-0a72-43b4-9e80-d162a1883bf6:group-C32C00603506 ConfigurationManager, init=-1: [af27d03c-0a72-43b4-9e80-d162a1883bf6:192.168.36.114:43211], old=null, confs=<EMPTY_MAP>
2019-09-12 10:32:31,275 [pool-408-thread-1] INFO  server.RaftServerConfigKeys (ConfUtils.java:logGet(43)) - raft.server.storage.dir = [/workdir/hadoop-ozone/integration-test/target/test-dir/MiniOzoneClusterImpl-fac5a39b-1f62-44b0-aedf-fae56ce7e72b/datanode-0/data/ratis] (custom)
2019-09-12 10:32:31,275 [pool-408-thread-1] INFO  storage.RaftStorageDirectory (RaftStorageDirectory.java:analyzeStorage(246)) - The storage directory /workdir/hadoop-ozone/integration-test/target/test-dir/MiniOzoneClusterImpl-fac5a39b-1f62-44b0-aedf-fae56ce7e72b/datanode-0/data/ratis/ee22825a-607e-44ea-a46d-c32c00603506 does not exist. Creating ...
2019-09-12 10:32:31,279 [pool-408-thread-1] INFO  storage.RaftStorageDirectory (RaftStorageDirectory.java:tryLock(328)) - Lock on /workdir/hadoop-ozone/integration-test/target/test-dir/MiniOzoneClusterImpl-fac5a39b-1f62-44b0-aedf-fae56ce7e72b/datanode-0/data/ratis/ee22825a-607e-44ea-a46d-c32c00603506/in_use.lock acquired by nodename 1396@pr-hdds-1569-58hkm-1881083799
2019-09-12 10:32:31,282 [pool-408-thread-1] INFO  storage.RaftStorage (RaftStorage.java:format(72)) - Storage directory /workdir/hadoop-ozone/integration-test/target/test-dir/MiniOzoneClusterImpl-fac5a39b-1f62-44b0-aedf-fae56ce7e72b/datanode-0/data/ratis/ee22825a-607e-44ea-a46d-c32c00603506 has been successfully formatted.
2019-09-12 10:32:31,282 [pool-408-thread-1] INFO  ratis.ContainerStateMachine (ContainerStateMachine.java:loadSnapshot(226)) - group-C32C00603506: The snapshot info is null. Setting the last applied indexto:(t:0, i:~)
2019-09-12 10:32:31,282 [pool-408-thread-1] INFO  server.RaftServerConfigKeys (ConfUtils.java:logGet(43)) - raft.server.leader.election.timeout = 120s (custom)
2019-09-12 10:32:31,283 [pool-408-thread-1] INFO  server.RaftServerConfigKeys (ConfUtils.java:logGet(43)) - raft.server.log.use.memory = false (default)
2019-09-12 10:32:31,283 [pool-408-thread-1] INFO  server.RaftServerConfigKeys (ConfUtils.java:logGet(43)) - raft.server.log.purge.gap = 1000000 (custom)
2019-09-12 10:32:31,283 [pool-408-thread-1] INFO  server.RaftServerConfigKeys (ConfUtils.java:logGet(43)) - raft.server.log.appender.buffer.byte-limit = 33554432 (custom)
2019-09-12 10:32:31,283 [pool-408-thread-1] INFO  server.RaftServerConfigKeys (ConfUtils.java:logGet(43)) - raft.server.log.segment.size.max = 1048576 (custom)
2019-09-12 10:32:31,283 [pool-408-thread-1] INFO  server.RaftServerConfigKeys (ConfUtils.java:logGet(43)) - raft.server.log.segment.cache.num.max = 2 (custom)
2019-09-12 10:32:31,283 [pool-408-thread-1] INFO  segmented.SegmentedRaftLogWorker (SegmentedRaftLogWorker.java:<init>(172)) - new af27d03c-0a72-43b4-9e80-d162a1883bf6-SegmentedRaftLogWorker:Storage Directory /workdir/hadoop-ozone/integration-test/target/test-dir/MiniOzoneClusterImpl-fac5a39b-1f62-44b0-aedf-fae56ce7e72b/datanode-0/data/ratis/ee22825a-607e-44ea-a46d-c32c00603506 for RaftStorage:Storage Directory /workdir/hadoop-ozone/integration-test/target/test-dir/MiniOzoneClusterImpl-fac5a39b-1f62-44b0-aedf-fae56ce7e72b/datanode-0/data/ratis/ee22825a-607e-44ea-a46d-c32c00603506
2019-09-12 10:32:31,283 [pool-408-thread-1] INFO  server.RaftServerConfigKeys (ConfUtils.java:logGet(43)) - raft.server.log.queue.byte-limit = 2147483647 (custom)
2019-09-12 10:32:31,283 [pool-408-thread-1] INFO  server.RaftServerConfigKeys (ConfUtils.java:logGet(43)) - raft.server.log.queue.element-limit = 1024 (custom)
2019-09-12 10:32:31,283 [pool-408-thread-1] INFO  server.RaftServerConfigKeys (ConfUtils.java:logGet(43)) - raft.server.log.segment.size.max = 1048576 (custom)
2019-09-12 10:32:31,283 [pool-408-thread-1] INFO  server.RaftServerConfigKeys (ConfUtils.java:logGet(43)) - raft.server.log.preallocated.size = 16384 (custom)
2019-09-12 10:32:31,284 [pool-408-thread-1] INFO  server.RaftServerConfigKeys (ConfUtils.java:logGet(43)) - raft.server.log.write.buffer.size = 33554432 (custom)
2019-09-12 10:32:31,284 [pool-408-thread-1] INFO  server.RaftServerConfigKeys (ConfUtils.java:logGet(43)) - raft.server.log.force.sync.num = 128 (default)
2019-09-12 10:32:31,284 [pool-408-thread-1] INFO  server.RaftServerConfigKeys (ConfUtils.java:logGet(43)) - raft.server.log.statemachine.data.sync = true (default)
2019-09-12 10:32:31,284 [pool-408-thread-1] INFO  server.RaftServerConfigKeys (ConfUtils.java:logGet(43)) - raft.server.log.statemachine.data.sync.timeout = 10s (default)
2019-09-12 10:32:31,284 [pool-408-thread-1] INFO  server.RaftServerConfigKeys (ConfUtils.java:logGet(43)) - raft.server.log.statemachine.data.sync.timeout.retry = -1 (default)
2019-09-12 10:32:31,284 [pool-408-thread-1] INFO  server.RaftServerConfigKeys (ConfUtils.java:logGet(43)) - raft.server.log.statemachine.data.caching.enabled = true (custom)
2019-09-12 10:32:31,284 [pool-408-thread-1] INFO  segmented.SegmentedRaftLogWorker (SegmentedRaftLogWorker.java:lambda$new$0(132)) - af27d03c-0a72-43b4-9e80-d162a1883bf6-SegmentedRaftLogWorker:Storage Directory /workdir/hadoop-ozone/integration-test/target/test-dir/MiniOzoneClusterImpl-fac5a39b-1f62-44b0-aedf-fae56ce7e72b/datanode-0/data/ratis/ee22825a-607e-44ea-a46d-c32c00603506: flushIndex: setUnconditionally 0 -> -1
2019-09-12 10:32:31,284 [pool-408-thread-1] INFO  server.RaftServerConfigKeys (ConfUtils.java:logGet(43)) - raft.server.snapshot.auto.trigger.enabled = true (custom)
2019-09-12 10:32:31,284 [pool-408-thread-1] INFO  server.RaftServerConfigKeys (ConfUtils.java:logGet(43)) - raft.server.snapshot.auto.trigger.threshold = 10000 (custom)
2019-09-12 10:32:31,285 [pool-408-thread-1] INFO  server.RaftServerConfigKeys (ConfUtils.java:logGet(43)) - raft.server.retrycache.expirytime = 600000ms (custom)
2019-09-12 10:32:31,285 [pool-408-thread-1] INFO  impl.RaftServerImpl (RaftServerImpl.java:start(180)) - af27d03c-0a72-43b4-9e80-d162a1883bf6: start group-C32C00603506
2019-09-12 10:32:31,285 [pool-408-thread-1] INFO  impl.RaftServerImpl (RaftServerImpl.java:setRole(171)) - af27d03c-0a72-43b4-9e80-d162a1883bf6:group-C32C00603506 changes role from null to FOLLOWER at term 0 for startAsFollower
2019-09-12 10:32:31,285 [pool-408-thread-1] INFO  impl.RoleInfo (RoleInfo.java:updateAndGet(143)) - af27d03c-0a72-43b4-9e80-d162a1883bf6: start FollowerState
2019-09-12 10:32:31,285 [pool-408-thread-1] INFO  util.JmxRegister (JmxRegister.java:tryRegister(44)) - Successfully registered JMX Bean with object name Ratis:service=RaftServer,group=group-C32C00603506,id=af27d03c-0a72-43b4-9e80-d162a1883bf6
2019-09-12 10:32:31,287 [RatisPipelineUtilsThread] INFO  pipeline.PipelineStateManager (PipelineStateManager.java:addPipeline(56)) - Created pipeline Pipeline[ Id: ee22825a-607e-44ea-a46d-c32c00603506, Nodes: af27d03c-0a72-43b4-9e80-d162a1883bf6{ip: 192.168.36.114, host: pr-hdds-1569-58hkm-1881083799, networkLocation: /default-rack, certSerialId: null}, Type:RATIS, Factor:ONE, State:OPEN]
2019-09-12 10:32:31,287 [RatisPipelineUtilsThread] ERROR pipeline.PipelinePlacementPolicy (PipelinePlacementPolicy.java:meetCriteria(92)) - Pipeline Placement: Doesn't meet the criteria to be viable node. Heaviness: 6
2019-09-12 10:32:31,288 [RatisPipelineUtilsThread] ERROR pipeline.PipelinePlacementPolicy (PipelinePlacementPolicy.java:filterViableNodes(147)) - Unable to find enough nodes that meet the criteria that cannot engage in more than 5 pipelines. Nodes required: 1 Found: 0, healthy nodes count inNodeManager: 1.
2019-09-12 10:32:31,288 [RatisPipelineUtilsThread] ERROR pipeline.SCMPipelineManager (SCMPipelineManager.java:createPipeline(161)) - Pipeline creation failed due to exception: Unable to find enough nodes that meet the criteria that cannot engage in more than 5 pipelines. Nodes required: 1 Found: 0, healthy nodes count inNodeManager: 1.
2019-09-12 10:32:31,288 [RatisPipelineUtilsThread] ERROR pipeline.PipelinePlacementPolicy (PipelinePlacementPolicy.java:filterViableNodes(130)) - Not enough healthy nodes to allocate pipeline. 3  datanodes required. Found 1
2019-09-12 10:32:31,288 [RatisPipelineUtilsThread] ERROR pipeline.SCMPipelineManager (SCMPipelineManager.java:createPipeline(161)) - Pipeline creation failed due to exception: Not enough healthy nodes to allocate pipeline. 3  datanodes required. Found 1
2019-09-12 10:32:31,288 [RatisPipelineUtilsThread] ERROR pipeline.PipelinePlacementPolicy (PipelinePlacementPolicy.java:meetCriteria(92)) - Pipeline Placement: Doesn't meet the criteria to be viable node. Heaviness: 6
2019-09-12 10:32:31,288 [RatisPipelineUtilsThread] ERROR pipeline.PipelinePlacementPolicy (PipelinePlacementPolicy.java:filterViableNodes(147)) - Unable to find enough nodes that meet the criteria that cannot engage in more than 5 pipelines. Nodes required: 1 Found: 0, healthy nodes count inNodeManager: 1.
2019-09-12 10:32:31,288 [RatisPipelineUtilsThread] ERROR pipeline.SCMPipelineManager (SCMPipelineManager.java:createPipeline(161)) - Pipeline creation failed due to exception: Unable to find enough nodes that meet the criteria that cannot engage in more than 5 pipelines. Nodes required: 1 Found: 0, healthy nodes count inNodeManager: 1.
2019-09-12 10:32:31,289 [RatisPipelineUtilsThread] ERROR pipeline.PipelinePlacementPolicy (PipelinePlacementPolicy.java:filterViableNodes(130)) - Not enough healthy nodes to allocate pipeline. 3  datanodes required. Found 1
2019-09-12 10:32:31,289 [RatisPipelineUtilsThread] ERROR pipeline.SCMPipelineManager (SCMPipelineManager.java:createPipeline(161)) - Pipeline creation failed due to exception: Not enough healthy nodes to allocate pipeline. 3  datanodes required. Found 1
2019-09-12 10:32:31,942 | INFO  | SCMAudit | user=jenkins1000 | ip=192.168.36.114 | op=GET_VERSION null | ret=SUCCESS |  
2019-09-12 10:32:31,958 [Datanode State Machine Thread - 0] INFO  ozoneimpl.OzoneContainer (OzoneContainer.java:start(186)) - Attempting to start container services.
2019-09-12 10:32:31,958 [Datanode State Machine Thread - 0] INFO  ozoneimpl.OzoneContainer (OzoneContainer.java:startContainerScrub(160)) - Background container scrubber has been disabled by hdds.containerscrub.enabled
2019-09-12 10:32:31,958 [Datanode State Machine Thread - 0] INFO  ratis.XceiverServerRatis (XceiverServerRatis.java:start(404)) - Starting XceiverServerRatis 5109381c-1660-4b2c-84b2-d6b64dc87db9 at port 0
2019-09-12 10:32:31,966 [Datanode State Machine Thread - 0] INFO  impl.RaftServerProxy (RaftServerProxy.java:lambda$start$3(299)) - 5109381c-1660-4b2c-84b2-d6b64dc87db9: start RPC server
2019-09-12 10:32:31,967 [Datanode State Machine Thread - 0] INFO  server.GrpcService (GrpcService.java:startImpl(149)) - 5109381c-1660-4b2c-84b2-d6b64dc87db9: GrpcService started, listening on 0.0.0.0/0.0.0.0:33945
2019-09-12 10:32:31,967 [Datanode State Machine Thread - 0] INFO  ratis.XceiverServerRatis (XceiverServerRatis.java:start(414)) - XceiverServerRatis 5109381c-1660-4b2c-84b2-d6b64dc87db9 is started using port 33945
2019-09-12 10:32:31,968 [Datanode State Machine Thread - 0] INFO  server.XceiverServerGrpc (XceiverServerGrpc.java:start(163)) - XceiverServerGrpc 5109381c-1660-4b2c-84b2-d6b64dc87db9 is started using port 45681
2019-09-12 10:32:31,969 [IPC Server handler 7 on 42933] INFO  net.NetworkTopology (NetworkTopologyImpl.java:add(110)) - Added a new node: /default-rack/0d9211b7-901b-48f4-a708-75be8e526772
2019-09-12 10:32:31,969 [RatisPipelineUtilsThread] ERROR pipeline.PipelinePlacementPolicy (PipelinePlacementPolicy.java:meetCriteria(92)) - Pipeline Placement: Doesn't meet the criteria to be viable node. Heaviness: 6
2019-09-12 10:32:31,969 [IPC Server handler 7 on 42933] INFO  node.SCMNodeManager (SCMNodeManager.java:register(273)) - Registered Data node : 0d9211b7-901b-48f4-a708-75be8e526772{ip: 192.168.36.114, host: pr-hdds-1569-58hkm-1881083799, networkLocation: /default-rack, certSerialId: null}
2019-09-12 10:32:31,970 | INFO  | SCMAudit | user=jenkins1000 | ip=192.168.36.114 | op=REGISTER {datanodeDetails=0d9211b7-901b-48f4-a708-75be8e526772{ip: 192.168.36.114, host: pr-hdds-1569-58hkm-1881083799, networkLocation: /default-rack, certSerialId: null}} | ret=SUCCESS |  
2019-09-12 10:32:31,992 [grpc-default-executor-1] INFO  impl.RaftServerProxy (RaftServerProxy.java:addNew(89)) - 0d9211b7-901b-48f4-a708-75be8e526772: addNew group-0CA1544E7A27:[0d9211b7-901b-48f4-a708-75be8e526772:192.168.36.114:45345] returns group-0CA1544E7A27:java.util.concurrent.CompletableFuture@6942e58d[Not completed]
2019-09-12 10:32:31,993 | INFO  | SCMAudit | user=jenkins1000 | ip=192.168.36.114 | op=SEND_HEARTBEAT {datanodeUUID=c54af6f8-a22e-478f-90e1-029d14059a99, command=[]} | ret=SUCCESS |  
2019-09-12 10:32:31,993 [pool-419-thread-1] INFO  impl.RaftServerImpl (RaftServerImpl.java:<init>(93)) - 0d9211b7-901b-48f4-a708-75be8e526772: new RaftServerImpl for group-0CA1544E7A27:[0d9211b7-901b-48f4-a708-75be8e526772:192.168.36.114:45345] with ContainerStateMachine:uninitialized
2019-09-12 10:32:31,994 [pool-419-thread-1] INFO  server.RaftServerConfigKeys (ConfUtils.java:logGet(43)) - raft.server.rpc.timeout.min = 5s (custom)
2019-09-12 10:32:31,994 [pool-419-thread-1] INFO  server.RaftServerConfigKeys (ConfUtils.java:logGet(43)) - raft.server.rpc.timeout.max = 5200ms (custom)
2019-09-12 10:32:31,994 [pool-419-thread-1] INFO  server.RaftServerConfigKeys (ConfUtils.java:logGet(43)) - raft.server.rpcslowness.timeout = 120s (custom)
2019-09-12 10:32:31,994 [pool-419-thread-1] INFO  server.RaftServerConfigKeys (ConfUtils.java:logGet(43)) - raft.server.sleep.deviation.threshold = 300 (default)
2019-09-12 10:32:31,994 | INFO  | SCMAudit | user=jenkins1000 | ip=192.168.36.114 | op=SEND_HEARTBEAT {datanodeUUID=2df0b56f-bcaf-45a1-b35e-f30a30c5f26c, command=[]} | ret=SUCCESS |  
2019-09-12 10:32:31,994 [pool-419-thread-1] INFO  server.RaftServerConfigKeys (ConfUtils.java:logGet(43)) - raft.server.log.appender.install.snapshot.enabled = false (custom)
2019-09-12 10:32:31,994 | INFO  | SCMAudit | user=jenkins1000 | ip=192.168.36.114 | op=SEND_HEARTBEAT {datanodeUUID=c1e71898-521f-4627-a3f1-9884c4b96ced, command=[]} | ret=SUCCESS |  
2019-09-12 10:32:31,994 [main] INFO  ozone.MiniOzoneClusterImpl (MiniOzoneClusterImpl.java:lambda$waitForClusterToBeReady$0(142)) - Waiting for cluster to be ready. Got 2 of 7 DN Heartbeats.
2019-09-12 10:32:31,994 [pool-419-thread-1] INFO  impl.RaftServerImpl (ServerState.java:<init>(105)) - 0d9211b7-901b-48f4-a708-75be8e526772:group-0CA1544E7A27 ConfigurationManager, init=-1: [0d9211b7-901b-48f4-a708-75be8e526772:192.168.36.114:45345], old=null, confs=<EMPTY_MAP>
2019-09-12 10:32:31,995 [pool-419-thread-1] INFO  server.RaftServerConfigKeys (ConfUtils.java:logGet(43)) - raft.server.storage.dir = [/workdir/hadoop-ozone/integration-test/target/test-dir/MiniOzoneClusterImpl-fac5a39b-1f62-44b0-aedf-fae56ce7e72b/datanode-1/data/ratis] (custom)
2019-09-12 10:32:31,995 [pool-419-thread-1] INFO  storage.RaftStorageDirectory (RaftStorageDirectory.java:analyzeStorage(246)) - The storage directory /workdir/hadoop-ozone/integration-test/target/test-dir/MiniOzoneClusterImpl-fac5a39b-1f62-44b0-aedf-fae56ce7e72b/datanode-1/data/ratis/aa940872-74d9-441e-ae37-0ca1544e7a27 does not exist. Creating ...
2019-09-12 10:32:32,003 | INFO  | SCMAudit | user=jenkins1000 | ip=192.168.36.114 | op=SEND_HEARTBEAT {datanodeUUID=edb6c4a3-9bf1-4f2e-8ef0-c37d9a0378de, command=[]} | ret=SUCCESS |  
2019-09-12 10:32:32,005 | INFO  | SCMAudit | user=jenkins1000 | ip=192.168.36.114 | op=SEND_HEARTBEAT {datanodeUUID=ad8ae342-df06-4311-9d84-524877c98111, command=[]} | ret=SUCCESS |  
2019-09-12 10:32:32,005 | INFO  | SCMAudit | user=jenkins1000 | ip=192.168.36.114 | op=SEND_HEARTBEAT {datanodeUUID=d40ec8ee-ac9e-41d6-86bd-e74a05605b85, command=[]} | ret=SUCCESS |  
2019-09-12 10:32:32,006 | INFO  | SCMAudit | user=jenkins1000 | ip=192.168.36.114 | op=SEND_HEARTBEAT {datanodeUUID=f17b4253-95a0-4ee6-8ded-88f070f15b33, command=[]} | ret=SUCCESS |  
2019-09-12 10:32:32,006 | INFO  | SCMAudit | user=jenkins1000 | ip=192.168.36.114 | op=SEND_HEARTBEAT {datanodeUUID=57729e88-c64a-441d-a40e-ceaddf64552e, command=[]} | ret=SUCCESS |  
2019-09-12 10:32:32,006 | INFO  | SCMAudit | user=jenkins1000 | ip=192.168.36.114 | op=SEND_HEARTBEAT {datanodeUUID=f8fc8350-8b83-4a15-89e6-430db21616f7, command=[]} | ret=SUCCESS |  
2019-09-12 10:32:32,006 | INFO  | SCMAudit | user=jenkins1000 | ip=192.168.36.114 | op=SEND_HEARTBEAT {datanodeUUID=f85b420b-0060-4bb9-9f68-598eed9b442f, command=[]} | ret=SUCCESS |  
2019-09-12 10:32:32,006 | INFO  | SCMAudit | user=jenkins1000 | ip=192.168.36.114 | op=SEND_HEARTBEAT {datanodeUUID=873ff125-9641-4674-9775-ec96c107c12e, command=[]} | ret=SUCCESS |  
2019-09-12 10:32:32,008 | INFO  | SCMAudit | user=jenkins1000 | ip=192.168.36.114 | op=SEND_HEARTBEAT {datanodeUUID=c9031a36-5f7c-4098-8bea-8a46141708a6, command=[]} | ret=SUCCESS |  
2019-09-12 10:32:32,008 | INFO  | SCMAudit | user=jenkins1000 | ip=192.168.36.114 | op=SEND_HEARTBEAT {datanodeUUID=39df7a3f-9691-48d4-a2b1-6888489a5f8a, command=[]} | ret=SUCCESS |  
2019-09-12 10:32:32,008 | INFO  | SCMAudit | user=jenkins1000 | ip=192.168.36.114 | op=SEND_HEARTBEAT {datanodeUUID=334c5273-7871-4d53-8b37-de05e5a3be10, command=[]} | ret=SUCCESS |  
2019-09-12 10:32:32,008 | INFO  | SCMAudit | user=jenkins1000 | ip=192.168.36.114 | op=SEND_HEARTBEAT {datanodeUUID=1349d5ba-07d4-450a-9218-4f0361201438, command=[]} | ret=SUCCESS |  
2019-09-12 10:32:32,010 [pool-419-thread-1] INFO  storage.RaftStorageDirectory (RaftStorageDirectory.java:tryLock(328)) - Lock on /workdir/hadoop-ozone/integration-test/target/test-dir/MiniOzoneClusterImpl-fac5a39b-1f62-44b0-aedf-fae56ce7e72b/datanode-1/data/ratis/aa940872-74d9-441e-ae37-0ca1544e7a27/in_use.lock acquired by nodename 1396@pr-hdds-1569-58hkm-1881083799
2019-09-12 10:32:32,019 | INFO  | SCMAudit | user=jenkins1000 | ip=192.168.36.114 | op=SEND_HEARTBEAT {datanodeUUID=2cb9d557-cb56-4745-8686-5e72b62e748a, command=[]} | ret=SUCCESS |  
2019-09-12 10:32:32,019 | INFO  | SCMAudit | user=jenkins1000 | ip=192.168.36.114 | op=SEND_HEARTBEAT {datanodeUUID=bcda0514-d42e-47ca-96fd-c0a633e872a8, command=[]} | ret=SUCCESS |  
2019-09-12 10:32:32,019 | INFO  | SCMAudit | user=jenkins1000 | ip=192.168.36.114 | op=SEND_HEARTBEAT {datanodeUUID=2d50b591-d6e4-490f-9fa0-973ad5423bd7, command=[]} | ret=SUCCESS |  
2019-09-12 10:32:32,019 | INFO  | SCMAudit | user=jenkins1000 | ip=192.168.36.114 | op=SEND_HEARTBEAT {datanodeUUID=a95fd1d5-e9a9-4526-b4c7-6aa1a85e40e9, command=[]} | ret=SUCCESS |  
2019-09-12 10:32:32,020 | INFO  | SCMAudit | user=jenkins1000 | ip=192.168.36.114 | op=SEND_HEARTBEAT {datanodeUUID=5dd0cd62-5770-41dd-9e5a-f3f3eedc40c1, command=[]} | ret=SUCCESS |  
2019-09-12 10:32:32,020 | INFO  | SCMAudit | user=jenkins1000 | ip=192.168.36.114 | op=SEND_HEARTBEAT {datanodeUUID=ff438662-24cf-49bb-bfc5-3308ec6d286b, command=[]} | ret=SUCCESS |  
2019-09-12 10:32:32,020 | INFO  | SCMAudit | user=jenkins1000 | ip=192.168.36.114 | op=SEND_HEARTBEAT {datanodeUUID=b6dd7c38-f675-445e-811b-15cf17d56c0a, command=[]} | ret=SUCCESS |  
2019-09-12 10:32:32,021 | INFO  | SCMAudit | user=jenkins1000 | ip=192.168.36.114 | op=SEND_HEARTBEAT {datanodeUUID=d9d65fd8-d100-497d-8460-9a4cf62b4ad5, command=[]} | ret=SUCCESS |  
2019-09-12 10:32:32,021 | INFO  | SCMAudit | user=jenkins1000 | ip=192.168.36.114 | op=SEND_HEARTBEAT {datanodeUUID=accf000b-d7b7-4fa5-9682-da82c4451e10, command=[]} | ret=SUCCESS |  
2019-09-12 10:32:32,021 | INFO  | SCMAudit | user=jenkins1000 | ip=192.168.36.114 | op=SEND_HEARTBEAT {datanodeUUID=caccd92c-2544-4e02-86cf-95849f240c1b, command=[]} | ret=SUCCESS |  
2019-09-12 10:32:32,021 | INFO  | SCMAudit | user=jenkins1000 | ip=192.168.36.114 | op=SEND_HEARTBEAT {datanodeUUID=9616c881-dbb1-48da-90dd-a872ed779a2e, command=[]} | ret=SUCCESS |  
2019-09-12 10:32:32,021 | INFO  | SCMAudit | user=jenkins1000 | ip=192.168.36.114 | op=SEND_HEARTBEAT {datanodeUUID=22ce2f4b-d517-44cf-8041-712d813e08f3, command=[]} | ret=SUCCESS |  
2019-09-12 10:32:32,023 [pool-419-thread-1] INFO  storage.RaftStorage (RaftStorage.java:format(72)) - Storage directory /workdir/hadoop-ozone/integration-test/target/test-dir/MiniOzoneClusterImpl-fac5a39b-1f62-44b0-aedf-fae56ce7e72b/datanode-1/data/ratis/aa940872-74d9-441e-ae37-0ca1544e7a27 has been successfully formatted.
2019-09-12 10:32:32,023 [pool-419-thread-1] INFO  ratis.ContainerStateMachine (ContainerStateMachine.java:loadSnapshot(226)) - group-0CA1544E7A27: The snapshot info is null. Setting the last applied indexto:(t:0, i:~)
2019-09-12 10:32:32,023 [pool-419-thread-1] INFO  server.RaftServerConfigKeys (ConfUtils.java:logGet(43)) - raft.server.leader.election.timeout = 120s (custom)
2019-09-12 10:32:32,023 [pool-419-thread-1] INFO  server.RaftServerConfigKeys (ConfUtils.java:logGet(43)) - raft.server.log.use.memory = false (default)
2019-09-12 10:32:32,023 [pool-419-thread-1] INFO  server.RaftServerConfigKeys (ConfUtils.java:logGet(43)) - raft.server.log.purge.gap = 1000000 (custom)
2019-09-12 10:32:32,023 [pool-419-thread-1] INFO  server.RaftServerConfigKeys (ConfUtils.java:logGet(43)) - raft.server.log.appender.buffer.byte-limit = 33554432 (custom)
2019-09-12 10:32:32,024 [pool-419-thread-1] INFO  server.RaftServerConfigKeys (ConfUtils.java:logGet(43)) - raft.server.log.segment.size.max = 1048576 (custom)
2019-09-12 10:32:32,024 [pool-419-thread-1] INFO  server.RaftServerConfigKeys (ConfUtils.java:logGet(43)) - raft.server.log.segment.cache.num.max = 2 (custom)
2019-09-12 10:32:32,024 [pool-419-thread-1] INFO  segmented.SegmentedRaftLogWorker (SegmentedRaftLogWorker.java:<init>(172)) - new 0d9211b7-901b-48f4-a708-75be8e526772-SegmentedRaftLogWorker:Storage Directory /workdir/hadoop-ozone/integration-test/target/test-dir/MiniOzoneClusterImpl-fac5a39b-1f62-44b0-aedf-fae56ce7e72b/datanode-1/data/ratis/aa940872-74d9-441e-ae37-0ca1544e7a27 for RaftStorage:Storage Directory /workdir/hadoop-ozone/integration-test/target/test-dir/MiniOzoneClusterImpl-fac5a39b-1f62-44b0-aedf-fae56ce7e72b/datanode-1/data/ratis/aa940872-74d9-441e-ae37-0ca1544e7a27
2019-09-12 10:32:32,024 [pool-419-thread-1] INFO  server.RaftServerConfigKeys (ConfUtils.java:logGet(43)) - raft.server.log.queue.byte-limit = 2147483647 (custom)
2019-09-12 10:32:32,024 [pool-419-thread-1] INFO  server.RaftServerConfigKeys (ConfUtils.java:logGet(43)) - raft.server.log.queue.element-limit = 1024 (custom)
2019-09-12 10:32:32,024 [pool-419-thread-1] INFO  server.RaftServerConfigKeys (ConfUtils.java:logGet(43)) - raft.server.log.segment.size.max = 1048576 (custom)
2019-09-12 10:32:32,024 [pool-419-thread-1] INFO  server.RaftServerConfigKeys (ConfUtils.java:logGet(43)) - raft.server.log.preallocated.size = 16384 (custom)
2019-09-12 10:32:32,024 [pool-419-thread-1] INFO  server.RaftServerConfigKeys (ConfUtils.java:logGet(43)) - raft.server.log.write.buffer.size = 33554432 (custom)
2019-09-12 10:32:32,025 [pool-419-thread-1] INFO  server.RaftServerConfigKeys (ConfUtils.java:logGet(43)) - raft.server.log.force.sync.num = 128 (default)
2019-09-12 10:32:32,025 [pool-419-thread-1] INFO  server.RaftServerConfigKeys (ConfUtils.java:logGet(43)) - raft.server.log.statemachine.data.sync = true (default)
2019-09-12 10:32:32,025 [pool-419-thread-1] INFO  server.RaftServerConfigKeys (ConfUtils.java:logGet(43)) - raft.server.log.statemachine.data.sync.timeout = 10s (default)
2019-09-12 10:32:32,025 [pool-419-thread-1] INFO  server.RaftServerConfigKeys (ConfUtils.java:logGet(43)) - raft.server.log.statemachine.data.sync.timeout.retry = -1 (default)
2019-09-12 10:32:32,025 [pool-419-thread-1] INFO  server.RaftServerConfigKeys (ConfUtils.java:logGet(43)) - raft.server.log.statemachine.data.caching.enabled = true (custom)
2019-09-12 10:32:32,025 [pool-419-thread-1] INFO  segmented.SegmentedRaftLogWorker (SegmentedRaftLogWorker.java:lambda$new$0(132)) - 0d9211b7-901b-48f4-a708-75be8e526772-SegmentedRaftLogWorker:Storage Directory /workdir/hadoop-ozone/integration-test/target/test-dir/MiniOzoneClusterImpl-fac5a39b-1f62-44b0-aedf-fae56ce7e72b/datanode-1/data/ratis/aa940872-74d9-441e-ae37-0ca1544e7a27: flushIndex: setUnconditionally 0 -> -1
2019-09-12 10:32:32,026 [pool-419-thread-1] INFO  server.RaftServerConfigKeys (ConfUtils.java:logGet(43)) - raft.server.snapshot.auto.trigger.enabled = true (custom)
2019-09-12 10:32:32,026 [pool-419-thread-1] INFO  server.RaftServerConfigKeys (ConfUtils.java:logGet(43)) - raft.server.snapshot.auto.trigger.threshold = 10000 (custom)
2019-09-12 10:32:32,026 [pool-419-thread-1] INFO  server.RaftServerConfigKeys (ConfUtils.java:logGet(43)) - raft.server.retrycache.expirytime = 600000ms (custom)
2019-09-12 10:32:32,026 [pool-419-thread-1] INFO  impl.RaftServerImpl (RaftServerImpl.java:start(180)) - 0d9211b7-901b-48f4-a708-75be8e526772: start group-0CA1544E7A27
2019-09-12 10:32:32,026 [pool-419-thread-1] INFO  impl.RaftServerImpl (RaftServerImpl.java:setRole(171)) - 0d9211b7-901b-48f4-a708-75be8e526772:group-0CA1544E7A27 changes role from null to FOLLOWER at term 0 for startAsFollower
2019-09-12 10:32:32,026 [pool-419-thread-1] INFO  impl.RoleInfo (RoleInfo.java:updateAndGet(143)) - 0d9211b7-901b-48f4-a708-75be8e526772: start FollowerState
2019-09-12 10:32:32,027 [pool-419-thread-1] INFO  util.JmxRegister (JmxRegister.java:tryRegister(44)) - Successfully registered JMX Bean with object name Ratis:service=RaftServer,group=group-0CA1544E7A27,id=0d9211b7-901b-48f4-a708-75be8e526772
2019-09-12 10:32:32,029 | INFO  | SCMAudit | user=jenkins1000 | ip=192.168.36.114 | op=SEND_HEARTBEAT {datanodeUUID=eaeff1e2-de9c-4510-872d-283eb6c3c330, command=[]} | ret=SUCCESS |  
2019-09-12 10:32:32,030 [RatisPipelineUtilsThread] INFO  pipeline.PipelineStateManager (PipelineStateManager.java:addPipeline(56)) - Created pipeline Pipeline[ Id: aa940872-74d9-441e-ae37-0ca1544e7a27, Nodes: 0d9211b7-901b-48f4-a708-75be8e526772{ip: 192.168.36.114, host: pr-hdds-1569-58hkm-1881083799, networkLocation: /default-rack, certSerialId: null}, Type:RATIS, Factor:ONE, State:OPEN]
2019-09-12 10:32:32,030 [RatisPipelineUtilsThread] ERROR pipeline.PipelinePlacementPolicy (PipelinePlacementPolicy.java:meetCriteria(92)) - Pipeline Placement: Doesn't meet the criteria to be viable node. Heaviness: 6
2019-09-12 10:32:32,035 [grpc-default-executor-1] INFO  impl.RaftServerProxy (RaftServerProxy.java:addNew(89)) - 0d9211b7-901b-48f4-a708-75be8e526772: addNew group-72E179E2B017:[0d9211b7-901b-48f4-a708-75be8e526772:192.168.36.114:45345] returns group-72E179E2B017:java.util.concurrent.CompletableFuture@5c1d9fe3[Not completed]
2019-09-12 10:32:32,036 [pool-419-thread-1] INFO  impl.RaftServerImpl (RaftServerImpl.java:<init>(93)) - 0d9211b7-901b-48f4-a708-75be8e526772: new RaftServerImpl for group-72E179E2B017:[0d9211b7-901b-48f4-a708-75be8e526772:192.168.36.114:45345] with ContainerStateMachine:uninitialized
2019-09-12 10:32:32,036 [pool-419-thread-1] INFO  server.RaftServerConfigKeys (ConfUtils.java:logGet(43)) - raft.server.rpc.timeout.min = 5s (custom)
2019-09-12 10:32:32,036 [pool-419-thread-1] INFO  server.RaftServerConfigKeys (ConfUtils.java:logGet(43)) - raft.server.rpc.timeout.max = 5200ms (custom)
2019-09-12 10:32:32,036 [pool-419-thread-1] INFO  server.RaftServerConfigKeys (ConfUtils.java:logGet(43)) - raft.server.rpcslowness.timeout = 120s (custom)
2019-09-12 10:32:32,036 [pool-419-thread-1] INFO  server.RaftServerConfigKeys (ConfUtils.java:logGet(43)) - raft.server.sleep.deviation.threshold = 300 (default)
2019-09-12 10:32:32,036 [pool-419-thread-1] INFO  server.RaftServerConfigKeys (ConfUtils.java:logGet(43)) - raft.server.log.appender.install.snapshot.enabled = false (custom)
2019-09-12 10:32:32,036 [pool-419-thread-1] INFO  impl.RaftServerImpl (ServerState.java:<init>(105)) - 0d9211b7-901b-48f4-a708-75be8e526772:group-72E179E2B017 ConfigurationManager, init=-1: [0d9211b7-901b-48f4-a708-75be8e526772:192.168.36.114:45345], old=null, confs=<EMPTY_MAP>
2019-09-12 10:32:32,037 [pool-419-thread-1] INFO  server.RaftServerConfigKeys (ConfUtils.java:logGet(43)) - raft.server.storage.dir = [/workdir/hadoop-ozone/integration-test/target/test-dir/MiniOzoneClusterImpl-fac5a39b-1f62-44b0-aedf-fae56ce7e72b/datanode-1/data/ratis] (custom)
2019-09-12 10:32:32,037 [pool-419-thread-1] INFO  storage.RaftStorageDirectory (RaftStorageDirectory.java:analyzeStorage(246)) - The storage directory /workdir/hadoop-ozone/integration-test/target/test-dir/MiniOzoneClusterImpl-fac5a39b-1f62-44b0-aedf-fae56ce7e72b/datanode-1/data/ratis/4376eee6-47a3-4071-b84d-72e179e2b017 does not exist. Creating ...
2019-09-12 10:32:32,049 [pool-419-thread-1] INFO  storage.RaftStorageDirectory (RaftStorageDirectory.java:tryLock(328)) - Lock on /workdir/hadoop-ozone/integration-test/target/test-dir/MiniOzoneClusterImpl-fac5a39b-1f62-44b0-aedf-fae56ce7e72b/datanode-1/data/ratis/4376eee6-47a3-4071-b84d-72e179e2b017/in_use.lock acquired by nodename 1396@pr-hdds-1569-58hkm-1881083799
2019-09-12 10:32:32,062 [pool-419-thread-1] INFO  storage.RaftStorage (RaftStorage.java:format(72)) - Storage directory /workdir/hadoop-ozone/integration-test/target/test-dir/MiniOzoneClusterImpl-fac5a39b-1f62-44b0-aedf-fae56ce7e72b/datanode-1/data/ratis/4376eee6-47a3-4071-b84d-72e179e2b017 has been successfully formatted.
2019-09-12 10:32:32,062 [pool-419-thread-1] INFO  ratis.ContainerStateMachine (ContainerStateMachine.java:loadSnapshot(226)) - group-72E179E2B017: The snapshot info is null. Setting the last applied indexto:(t:0, i:~)
2019-09-12 10:32:32,062 [pool-419-thread-1] INFO  server.RaftServerConfigKeys (ConfUtils.java:logGet(43)) - raft.server.leader.election.timeout = 120s (custom)
2019-09-12 10:32:32,062 [pool-419-thread-1] INFO  server.RaftServerConfigKeys (ConfUtils.java:logGet(43)) - raft.server.log.use.memory = false (default)
2019-09-12 10:32:32,062 [pool-419-thread-1] INFO  server.RaftServerConfigKeys (ConfUtils.java:logGet(43)) - raft.server.log.purge.gap = 1000000 (custom)
2019-09-12 10:32:32,062 [pool-419-thread-1] INFO  server.RaftServerConfigKeys (ConfUtils.java:logGet(43)) - raft.server.log.appender.buffer.byte-limit = 33554432 (custom)
2019-09-12 10:32:32,062 [pool-419-thread-1] INFO  server.RaftServerConfigKeys (ConfUtils.java:logGet(43)) - raft.server.log.segment.size.max = 1048576 (custom)
2019-09-12 10:32:32,063 [pool-419-thread-1] INFO  server.RaftServerConfigKeys (ConfUtils.java:logGet(43)) - raft.server.log.segment.cache.num.max = 2 (custom)
2019-09-12 10:32:32,063 [pool-419-thread-1] INFO  segmented.SegmentedRaftLogWorker (SegmentedRaftLogWorker.java:<init>(172)) - new 0d9211b7-901b-48f4-a708-75be8e526772-SegmentedRaftLogWorker:Storage Directory /workdir/hadoop-ozone/integration-test/target/test-dir/MiniOzoneClusterImpl-fac5a39b-1f62-44b0-aedf-fae56ce7e72b/datanode-1/data/ratis/4376eee6-47a3-4071-b84d-72e179e2b017 for RaftStorage:Storage Directory /workdir/hadoop-ozone/integration-test/target/test-dir/MiniOzoneClusterImpl-fac5a39b-1f62-44b0-aedf-fae56ce7e72b/datanode-1/data/ratis/4376eee6-47a3-4071-b84d-72e179e2b017
2019-09-12 10:32:32,063 [pool-419-thread-1] INFO  server.RaftServerConfigKeys (ConfUtils.java:logGet(43)) - raft.server.log.queue.byte-limit = 2147483647 (custom)
2019-09-12 10:32:32,063 [pool-419-thread-1] INFO  server.RaftServerConfigKeys (ConfUtils.java:logGet(43)) - raft.server.log.queue.element-limit = 1024 (custom)
2019-09-12 10:32:32,063 [pool-419-thread-1] INFO  server.RaftServerConfigKeys (ConfUtils.java:logGet(43)) - raft.server.log.segment.size.max = 1048576 (custom)
2019-09-12 10:32:32,063 [pool-419-thread-1] INFO  server.RaftServerConfigKeys (ConfUtils.java:logGet(43)) - raft.server.log.preallocated.size = 16384 (custom)
2019-09-12 10:32:32,063 [pool-419-thread-1] INFO  server.RaftServerConfigKeys (ConfUtils.java:logGet(43)) - raft.server.log.write.buffer.size = 33554432 (custom)
2019-09-12 10:32:32,063 [pool-419-thread-1] INFO  server.RaftServerConfigKeys (ConfUtils.java:logGet(43)) - raft.server.log.force.sync.num = 128 (default)
2019-09-12 10:32:32,063 [pool-419-thread-1] INFO  server.RaftServerConfigKeys (ConfUtils.java:logGet(43)) - raft.server.log.statemachine.data.sync = true (default)
2019-09-12 10:32:32,064 [pool-419-thread-1] INFO  server.RaftServerConfigKeys (ConfUtils.java:logGet(43)) - raft.server.log.statemachine.data.sync.timeout = 10s (default)
2019-09-12 10:32:32,064 [pool-419-thread-1] INFO  server.RaftServerConfigKeys (ConfUtils.java:logGet(43)) - raft.server.log.statemachine.data.sync.timeout.retry = -1 (default)
2019-09-12 10:32:32,064 [pool-419-thread-1] INFO  server.RaftServerConfigKeys (ConfUtils.java:logGet(43)) - raft.server.log.statemachine.data.caching.enabled = true (custom)
2019-09-12 10:32:32,064 [pool-419-thread-1] INFO  segmented.SegmentedRaftLogWorker (SegmentedRaftLogWorker.java:lambda$new$0(132)) - 0d9211b7-901b-48f4-a708-75be8e526772-SegmentedRaftLogWorker:Storage Directory /workdir/hadoop-ozone/integration-test/target/test-dir/MiniOzoneClusterImpl-fac5a39b-1f62-44b0-aedf-fae56ce7e72b/datanode-1/data/ratis/4376eee6-47a3-4071-b84d-72e179e2b017: flushIndex: setUnconditionally 0 -> -1
2019-09-12 10:32:32,064 [pool-419-thread-1] INFO  server.RaftServerConfigKeys (ConfUtils.java:logGet(43)) - raft.server.snapshot.auto.trigger.enabled = true (custom)
2019-09-12 10:32:32,064 [pool-419-thread-1] INFO  server.RaftServerConfigKeys (ConfUtils.java:logGet(43)) - raft.server.snapshot.auto.trigger.threshold = 10000 (custom)
2019-09-12 10:32:32,065 [pool-419-thread-1] INFO  server.RaftServerConfigKeys (ConfUtils.java:logGet(43)) - raft.server.retrycache.expirytime = 600000ms (custom)
2019-09-12 10:32:32,065 [pool-419-thread-1] INFO  impl.RaftServerImpl (RaftServerImpl.java:start(180)) - 0d9211b7-901b-48f4-a708-75be8e526772: start group-72E179E2B017
2019-09-12 10:32:32,065 [pool-419-thread-1] INFO  impl.RaftServerImpl (RaftServerImpl.java:setRole(171)) - 0d9211b7-901b-48f4-a708-75be8e526772:group-72E179E2B017 changes role from null to FOLLOWER at term 0 for startAsFollower
2019-09-12 10:32:32,065 [pool-419-thread-1] INFO  impl.RoleInfo (RoleInfo.java:updateAndGet(143)) - 0d9211b7-901b-48f4-a708-75be8e526772: start FollowerState
2019-09-12 10:32:32,065 [pool-419-thread-1] INFO  util.JmxRegister (JmxRegister.java:tryRegister(44)) - Successfully registered JMX Bean with object name Ratis:service=RaftServer,group=group-72E179E2B017,id=0d9211b7-901b-48f4-a708-75be8e526772
2019-09-12 10:32:32,067 [RatisPipelineUtilsThread] INFO  pipeline.PipelineStateManager (PipelineStateManager.java:addPipeline(56)) - Created pipeline Pipeline[ Id: 4376eee6-47a3-4071-b84d-72e179e2b017, Nodes: 0d9211b7-901b-48f4-a708-75be8e526772{ip: 192.168.36.114, host: pr-hdds-1569-58hkm-1881083799, networkLocation: /default-rack, certSerialId: null}, Type:RATIS, Factor:ONE, State:OPEN]
2019-09-12 10:32:32,068 [RatisPipelineUtilsThread] ERROR pipeline.PipelinePlacementPolicy (PipelinePlacementPolicy.java:meetCriteria(92)) - Pipeline Placement: Doesn't meet the criteria to be viable node. Heaviness: 6
2019-09-12 10:32:32,072 [grpc-default-executor-1] INFO  impl.RaftServerProxy (RaftServerProxy.java:addNew(89)) - 0d9211b7-901b-48f4-a708-75be8e526772: addNew group-7E80FA37483A:[0d9211b7-901b-48f4-a708-75be8e526772:192.168.36.114:45345] returns group-7E80FA37483A:java.util.concurrent.CompletableFuture@5feb08d8[Not completed]
2019-09-12 10:32:32,073 [pool-419-thread-1] INFO  impl.RaftServerImpl (RaftServerImpl.java:<init>(93)) - 0d9211b7-901b-48f4-a708-75be8e526772: new RaftServerImpl for group-7E80FA37483A:[0d9211b7-901b-48f4-a708-75be8e526772:192.168.36.114:45345] with ContainerStateMachine:uninitialized
2019-09-12 10:32:32,073 [pool-419-thread-1] INFO  server.RaftServerConfigKeys (ConfUtils.java:logGet(43)) - raft.server.rpc.timeout.min = 5s (custom)
2019-09-12 10:32:32,073 [pool-419-thread-1] INFO  server.RaftServerConfigKeys (ConfUtils.java:logGet(43)) - raft.server.rpc.timeout.max = 5200ms (custom)
2019-09-12 10:32:32,073 [pool-419-thread-1] INFO  server.RaftServerConfigKeys (ConfUtils.java:logGet(43)) - raft.server.rpcslowness.timeout = 120s (custom)
2019-09-12 10:32:32,073 [pool-419-thread-1] INFO  server.RaftServerConfigKeys (ConfUtils.java:logGet(43)) - raft.server.sleep.deviation.threshold = 300 (default)
2019-09-12 10:32:32,073 [pool-419-thread-1] INFO  server.RaftServerConfigKeys (ConfUtils.java:logGet(43)) - raft.server.log.appender.install.snapshot.enabled = false (custom)
2019-09-12 10:32:32,074 [pool-419-thread-1] INFO  impl.RaftServerImpl (ServerState.java:<init>(105)) - 0d9211b7-901b-48f4-a708-75be8e526772:group-7E80FA37483A ConfigurationManager, init=-1: [0d9211b7-901b-48f4-a708-75be8e526772:192.168.36.114:45345], old=null, confs=<EMPTY_MAP>
2019-09-12 10:32:32,074 [pool-419-thread-1] INFO  server.RaftServerConfigKeys (ConfUtils.java:logGet(43)) - raft.server.storage.dir = [/workdir/hadoop-ozone/integration-test/target/test-dir/MiniOzoneClusterImpl-fac5a39b-1f62-44b0-aedf-fae56ce7e72b/datanode-1/data/ratis] (custom)
2019-09-12 10:32:32,074 [pool-419-thread-1] INFO  storage.RaftStorageDirectory (RaftStorageDirectory.java:analyzeStorage(246)) - The storage directory /workdir/hadoop-ozone/integration-test/target/test-dir/MiniOzoneClusterImpl-fac5a39b-1f62-44b0-aedf-fae56ce7e72b/datanode-1/data/ratis/1c9ce306-fd5b-4f7e-9cfa-7e80fa37483a does not exist. Creating ...
2019-09-12 10:32:32,087 [pool-419-thread-1] INFO  storage.RaftStorageDirectory (RaftStorageDirectory.java:tryLock(328)) - Lock on /workdir/hadoop-ozone/integration-test/target/test-dir/MiniOzoneClusterImpl-fac5a39b-1f62-44b0-aedf-fae56ce7e72b/datanode-1/data/ratis/1c9ce306-fd5b-4f7e-9cfa-7e80fa37483a/in_use.lock acquired by nodename 1396@pr-hdds-1569-58hkm-1881083799
2019-09-12 10:32:32,099 [pool-419-thread-1] INFO  storage.RaftStorage (RaftStorage.java:format(72)) - Storage directory /workdir/hadoop-ozone/integration-test/target/test-dir/MiniOzoneClusterImpl-fac5a39b-1f62-44b0-aedf-fae56ce7e72b/datanode-1/data/ratis/1c9ce306-fd5b-4f7e-9cfa-7e80fa37483a has been successfully formatted.
2019-09-12 10:32:32,099 [pool-419-thread-1] INFO  ratis.ContainerStateMachine (ContainerStateMachine.java:loadSnapshot(226)) - group-7E80FA37483A: The snapshot info is null. Setting the last applied indexto:(t:0, i:~)
2019-09-12 10:32:32,100 [pool-419-thread-1] INFO  server.RaftServerConfigKeys (ConfUtils.java:logGet(43)) - raft.server.leader.election.timeout = 120s (custom)
2019-09-12 10:32:32,100 [pool-419-thread-1] INFO  server.RaftServerConfigKeys (ConfUtils.java:logGet(43)) - raft.server.log.use.memory = false (default)
2019-09-12 10:32:32,100 [pool-419-thread-1] INFO  server.RaftServerConfigKeys (ConfUtils.java:logGet(43)) - raft.server.log.purge.gap = 1000000 (custom)
2019-09-12 10:32:32,100 [pool-419-thread-1] INFO  server.RaftServerConfigKeys (ConfUtils.java:logGet(43)) - raft.server.log.appender.buffer.byte-limit = 33554432 (custom)
2019-09-12 10:32:32,100 [pool-419-thread-1] INFO  server.RaftServerConfigKeys (ConfUtils.java:logGet(43)) - raft.server.log.segment.size.max = 1048576 (custom)
2019-09-12 10:32:32,100 [pool-419-thread-1] INFO  server.RaftServerConfigKeys (ConfUtils.java:logGet(43)) - raft.server.log.segment.cache.num.max = 2 (custom)
2019-09-12 10:32:32,100 [pool-419-thread-1] INFO  segmented.SegmentedRaftLogWorker (SegmentedRaftLogWorker.java:<init>(172)) - new 0d9211b7-901b-48f4-a708-75be8e526772-SegmentedRaftLogWorker:Storage Directory /workdir/hadoop-ozone/integration-test/target/test-dir/MiniOzoneClusterImpl-fac5a39b-1f62-44b0-aedf-fae56ce7e72b/datanode-1/data/ratis/1c9ce306-fd5b-4f7e-9cfa-7e80fa37483a for RaftStorage:Storage Directory /workdir/hadoop-ozone/integration-test/target/test-dir/MiniOzoneClusterImpl-fac5a39b-1f62-44b0-aedf-fae56ce7e72b/datanode-1/data/ratis/1c9ce306-fd5b-4f7e-9cfa-7e80fa37483a
2019-09-12 10:32:32,100 [pool-419-thread-1] INFO  server.RaftServerConfigKeys (ConfUtils.java:logGet(43)) - raft.server.log.queue.byte-limit = 2147483647 (custom)
2019-09-12 10:32:32,100 [pool-419-thread-1] INFO  server.RaftServerConfigKeys (ConfUtils.java:logGet(43)) - raft.server.log.queue.element-limit = 1024 (custom)
2019-09-12 10:32:32,100 [pool-419-thread-1] INFO  server.RaftServerConfigKeys (ConfUtils.java:logGet(43)) - raft.server.log.segment.size.max = 1048576 (custom)
2019-09-12 10:32:32,101 [pool-419-thread-1] INFO  server.RaftServerConfigKeys (ConfUtils.java:logGet(43)) - raft.server.log.preallocated.size = 16384 (custom)
2019-09-12 10:32:32,101 [pool-419-thread-1] INFO  server.RaftServerConfigKeys (ConfUtils.java:logGet(43)) - raft.server.log.write.buffer.size = 33554432 (custom)
2019-09-12 10:32:32,101 [pool-419-thread-1] INFO  server.RaftServerConfigKeys (ConfUtils.java:logGet(43)) - raft.server.log.force.sync.num = 128 (default)
2019-09-12 10:32:32,101 [pool-419-thread-1] INFO  server.RaftServerConfigKeys (ConfUtils.java:logGet(43)) - raft.server.log.statemachine.data.sync = true (default)
2019-09-12 10:32:32,101 [pool-419-thread-1] INFO  server.RaftServerConfigKeys (ConfUtils.java:logGet(43)) - raft.server.log.statemachine.data.sync.timeout = 10s (default)
2019-09-12 10:32:32,101 [pool-419-thread-1] INFO  server.RaftServerConfigKeys (ConfUtils.java:logGet(43)) - raft.server.log.statemachine.data.sync.timeout.retry = -1 (default)
2019-09-12 10:32:32,101 [pool-419-thread-1] INFO  server.RaftServerConfigKeys (ConfUtils.java:logGet(43)) - raft.server.log.statemachine.data.caching.enabled = true (custom)
2019-09-12 10:32:32,101 [pool-419-thread-1] INFO  segmented.SegmentedRaftLogWorker (SegmentedRaftLogWorker.java:lambda$new$0(132)) - 0d9211b7-901b-48f4-a708-75be8e526772-SegmentedRaftLogWorker:Storage Directory /workdir/hadoop-ozone/integration-test/target/test-dir/MiniOzoneClusterImpl-fac5a39b-1f62-44b0-aedf-fae56ce7e72b/datanode-1/data/ratis/1c9ce306-fd5b-4f7e-9cfa-7e80fa37483a: flushIndex: setUnconditionally 0 -> -1
2019-09-12 10:32:32,102 [pool-419-thread-1] INFO  server.RaftServerConfigKeys (ConfUtils.java:logGet(43)) - raft.server.snapshot.auto.trigger.enabled = true (custom)
2019-09-12 10:32:32,102 [pool-419-thread-1] INFO  server.RaftServerConfigKeys (ConfUtils.java:logGet(43)) - raft.server.snapshot.auto.trigger.threshold = 10000 (custom)
2019-09-12 10:32:32,102 [pool-419-thread-1] INFO  server.RaftServerConfigKeys (ConfUtils.java:logGet(43)) - raft.server.retrycache.expirytime = 600000ms (custom)
2019-09-12 10:32:32,102 [pool-419-thread-1] INFO  impl.RaftServerImpl (RaftServerImpl.java:start(180)) - 0d9211b7-901b-48f4-a708-75be8e526772: start group-7E80FA37483A
2019-09-12 10:32:32,102 [pool-419-thread-1] INFO  impl.RaftServerImpl (RaftServerImpl.java:setRole(171)) - 0d9211b7-901b-48f4-a708-75be8e526772:group-7E80FA37483A changes role from null to FOLLOWER at term 0 for startAsFollower
2019-09-12 10:32:32,102 [pool-419-thread-1] INFO  impl.RoleInfo (RoleInfo.java:updateAndGet(143)) - 0d9211b7-901b-48f4-a708-75be8e526772: start FollowerState
2019-09-12 10:32:32,103 [pool-419-thread-1] INFO  util.JmxRegister (JmxRegister.java:tryRegister(44)) - Successfully registered JMX Bean with object name Ratis:service=RaftServer,group=group-7E80FA37483A,id=0d9211b7-901b-48f4-a708-75be8e526772
2019-09-12 10:32:32,105 [RatisPipelineUtilsThread] INFO  pipeline.PipelineStateManager (PipelineStateManager.java:addPipeline(56)) - Created pipeline Pipeline[ Id: 1c9ce306-fd5b-4f7e-9cfa-7e80fa37483a, Nodes: 0d9211b7-901b-48f4-a708-75be8e526772{ip: 192.168.36.114, host: pr-hdds-1569-58hkm-1881083799, networkLocation: /default-rack, certSerialId: null}, Type:RATIS, Factor:ONE, State:OPEN]
2019-09-12 10:32:32,105 [RatisPipelineUtilsThread] ERROR pipeline.PipelinePlacementPolicy (PipelinePlacementPolicy.java:meetCriteria(92)) - Pipeline Placement: Doesn't meet the criteria to be viable node. Heaviness: 6
2019-09-12 10:32:32,109 [grpc-default-executor-1] INFO  impl.RaftServerProxy (RaftServerProxy.java:addNew(89)) - 0d9211b7-901b-48f4-a708-75be8e526772: addNew group-AB30EE8F8588:[0d9211b7-901b-48f4-a708-75be8e526772:192.168.36.114:45345] returns group-AB30EE8F8588:java.util.concurrent.CompletableFuture@13dff7c9[Not completed]
2019-09-12 10:32:32,110 [pool-419-thread-1] INFO  impl.RaftServerImpl (RaftServerImpl.java:<init>(93)) - 0d9211b7-901b-48f4-a708-75be8e526772: new RaftServerImpl for group-AB30EE8F8588:[0d9211b7-901b-48f4-a708-75be8e526772:192.168.36.114:45345] with ContainerStateMachine:uninitialized
2019-09-12 10:32:32,110 [pool-419-thread-1] INFO  server.RaftServerConfigKeys (ConfUtils.java:logGet(43)) - raft.server.rpc.timeout.min = 5s (custom)
2019-09-12 10:32:32,110 [pool-419-thread-1] INFO  server.RaftServerConfigKeys (ConfUtils.java:logGet(43)) - raft.server.rpc.timeout.max = 5200ms (custom)
2019-09-12 10:32:32,110 [pool-419-thread-1] INFO  server.RaftServerConfigKeys (ConfUtils.java:logGet(43)) - raft.server.rpcslowness.timeout = 120s (custom)
2019-09-12 10:32:32,111 [pool-419-thread-1] INFO  server.RaftServerConfigKeys (ConfUtils.java:logGet(43)) - raft.server.sleep.deviation.threshold = 300 (default)
2019-09-12 10:32:32,111 [pool-419-thread-1] INFO  server.RaftServerConfigKeys (ConfUtils.java:logGet(43)) - raft.server.log.appender.install.snapshot.enabled = false (custom)
2019-09-12 10:32:32,111 [pool-419-thread-1] INFO  impl.RaftServerImpl (ServerState.java:<init>(105)) - 0d9211b7-901b-48f4-a708-75be8e526772:group-AB30EE8F8588 ConfigurationManager, init=-1: [0d9211b7-901b-48f4-a708-75be8e526772:192.168.36.114:45345], old=null, confs=<EMPTY_MAP>
2019-09-12 10:32:32,111 [pool-419-thread-1] INFO  server.RaftServerConfigKeys (ConfUtils.java:logGet(43)) - raft.server.storage.dir = [/workdir/hadoop-ozone/integration-test/target/test-dir/MiniOzoneClusterImpl-fac5a39b-1f62-44b0-aedf-fae56ce7e72b/datanode-1/data/ratis] (custom)
2019-09-12 10:32:32,111 [pool-419-thread-1] INFO  storage.RaftStorageDirectory (RaftStorageDirectory.java:analyzeStorage(246)) - The storage directory /workdir/hadoop-ozone/integration-test/target/test-dir/MiniOzoneClusterImpl-fac5a39b-1f62-44b0-aedf-fae56ce7e72b/datanode-1/data/ratis/0eda901d-d378-43d3-a0c1-ab30ee8f8588 does not exist. Creating ...
2019-09-12 10:32:32,123 [pool-419-thread-1] INFO  storage.RaftStorageDirectory (RaftStorageDirectory.java:tryLock(328)) - Lock on /workdir/hadoop-ozone/integration-test/target/test-dir/MiniOzoneClusterImpl-fac5a39b-1f62-44b0-aedf-fae56ce7e72b/datanode-1/data/ratis/0eda901d-d378-43d3-a0c1-ab30ee8f8588/in_use.lock acquired by nodename 1396@pr-hdds-1569-58hkm-1881083799
2019-09-12 10:32:32,136 [pool-419-thread-1] INFO  storage.RaftStorage (RaftStorage.java:format(72)) - Storage directory /workdir/hadoop-ozone/integration-test/target/test-dir/MiniOzoneClusterImpl-fac5a39b-1f62-44b0-aedf-fae56ce7e72b/datanode-1/data/ratis/0eda901d-d378-43d3-a0c1-ab30ee8f8588 has been successfully formatted.
2019-09-12 10:32:32,136 [pool-419-thread-1] INFO  ratis.ContainerStateMachine (ContainerStateMachine.java:loadSnapshot(226)) - group-AB30EE8F8588: The snapshot info is null. Setting the last applied indexto:(t:0, i:~)
2019-09-12 10:32:32,136 [pool-419-thread-1] INFO  server.RaftServerConfigKeys (ConfUtils.java:logGet(43)) - raft.server.leader.election.timeout = 120s (custom)
2019-09-12 10:32:32,136 [pool-419-thread-1] INFO  server.RaftServerConfigKeys (ConfUtils.java:logGet(43)) - raft.server.log.use.memory = false (default)
2019-09-12 10:32:32,137 [pool-419-thread-1] INFO  server.RaftServerConfigKeys (ConfUtils.java:logGet(43)) - raft.server.log.purge.gap = 1000000 (custom)
2019-09-12 10:32:32,137 [pool-419-thread-1] INFO  server.RaftServerConfigKeys (ConfUtils.java:logGet(43)) - raft.server.log.appender.buffer.byte-limit = 33554432 (custom)
2019-09-12 10:32:32,137 [pool-419-thread-1] INFO  server.RaftServerConfigKeys (ConfUtils.java:logGet(43)) - raft.server.log.segment.size.max = 1048576 (custom)
2019-09-12 10:32:32,137 [pool-419-thread-1] INFO  server.RaftServerConfigKeys (ConfUtils.java:logGet(43)) - raft.server.log.segment.cache.num.max = 2 (custom)
2019-09-12 10:32:32,137 [pool-419-thread-1] INFO  segmented.SegmentedRaftLogWorker (SegmentedRaftLogWorker.java:<init>(172)) - new 0d9211b7-901b-48f4-a708-75be8e526772-SegmentedRaftLogWorker:Storage Directory /workdir/hadoop-ozone/integration-test/target/test-dir/MiniOzoneClusterImpl-fac5a39b-1f62-44b0-aedf-fae56ce7e72b/datanode-1/data/ratis/0eda901d-d378-43d3-a0c1-ab30ee8f8588 for RaftStorage:Storage Directory /workdir/hadoop-ozone/integration-test/target/test-dir/MiniOzoneClusterImpl-fac5a39b-1f62-44b0-aedf-fae56ce7e72b/datanode-1/data/ratis/0eda901d-d378-43d3-a0c1-ab30ee8f8588
2019-09-12 10:32:32,137 [pool-419-thread-1] INFO  server.RaftServerConfigKeys (ConfUtils.java:logGet(43)) - raft.server.log.queue.byte-limit = 2147483647 (custom)
2019-09-12 10:32:32,137 [pool-419-thread-1] INFO  server.RaftServerConfigKeys (ConfUtils.java:logGet(43)) - raft.server.log.queue.element-limit = 1024 (custom)
2019-09-12 10:32:32,138 [pool-419-thread-1] INFO  server.RaftServerConfigKeys (ConfUtils.java:logGet(43)) - raft.server.log.segment.size.max = 1048576 (custom)
2019-09-12 10:32:32,138 [pool-419-thread-1] INFO  server.RaftServerConfigKeys (ConfUtils.java:logGet(43)) - raft.server.log.preallocated.size = 16384 (custom)
2019-09-12 10:32:32,138 [pool-419-thread-1] INFO  server.RaftServerConfigKeys (ConfUtils.java:logGet(43)) - raft.server.log.write.buffer.size = 33554432 (custom)
2019-09-12 10:32:32,138 [pool-419-thread-1] INFO  server.RaftServerConfigKeys (ConfUtils.java:logGet(43)) - raft.server.log.force.sync.num = 128 (default)
2019-09-12 10:32:32,138 [pool-419-thread-1] INFO  server.RaftServerConfigKeys (ConfUtils.java:logGet(43)) - raft.server.log.statemachine.data.sync = true (default)
2019-09-12 10:32:32,138 [pool-419-thread-1] INFO  server.RaftServerConfigKeys (ConfUtils.java:logGet(43)) - raft.server.log.statemachine.data.sync.timeout = 10s (default)
2019-09-12 10:32:32,138 [pool-419-thread-1] INFO  server.RaftServerConfigKeys (ConfUtils.java:logGet(43)) - raft.server.log.statemachine.data.sync.timeout.retry = -1 (default)
2019-09-12 10:32:32,138 [pool-419-thread-1] INFO  server.RaftServerConfigKeys (ConfUtils.java:logGet(43)) - raft.server.log.statemachine.data.caching.enabled = true (custom)
2019-09-12 10:32:32,139 [pool-419-thread-1] INFO  segmented.SegmentedRaftLogWorker (SegmentedRaftLogWorker.java:lambda$new$0(132)) - 0d9211b7-901b-48f4-a708-75be8e526772-SegmentedRaftLogWorker:Storage Directory /workdir/hadoop-ozone/integration-test/target/test-dir/MiniOzoneClusterImpl-fac5a39b-1f62-44b0-aedf-fae56ce7e72b/datanode-1/data/ratis/0eda901d-d378-43d3-a0c1-ab30ee8f8588: flushIndex: setUnconditionally 0 -> -1
2019-09-12 10:32:32,139 [pool-419-thread-1] INFO  server.RaftServerConfigKeys (ConfUtils.java:logGet(43)) - raft.server.snapshot.auto.trigger.enabled = true (custom)
2019-09-12 10:32:32,139 [pool-419-thread-1] INFO  server.RaftServerConfigKeys (ConfUtils.java:logGet(43)) - raft.server.snapshot.auto.trigger.threshold = 10000 (custom)
2019-09-12 10:32:32,139 [pool-419-thread-1] INFO  server.RaftServerConfigKeys (ConfUtils.java:logGet(43)) - raft.server.retrycache.expirytime = 600000ms (custom)
2019-09-12 10:32:32,139 [pool-419-thread-1] INFO  impl.RaftServerImpl (RaftServerImpl.java:start(180)) - 0d9211b7-901b-48f4-a708-75be8e526772: start group-AB30EE8F8588
2019-09-12 10:32:32,140 [pool-419-thread-1] INFO  impl.RaftServerImpl (RaftServerImpl.java:setRole(171)) - 0d9211b7-901b-48f4-a708-75be8e526772:group-AB30EE8F8588 changes role from null to FOLLOWER at term 0 for startAsFollower
2019-09-12 10:32:32,140 [pool-419-thread-1] INFO  impl.RoleInfo (RoleInfo.java:updateAndGet(143)) - 0d9211b7-901b-48f4-a708-75be8e526772: start FollowerState
2019-09-12 10:32:32,140 [pool-419-thread-1] INFO  util.JmxRegister (JmxRegister.java:tryRegister(44)) - Successfully registered JMX Bean with object name Ratis:service=RaftServer,group=group-AB30EE8F8588,id=0d9211b7-901b-48f4-a708-75be8e526772
2019-09-12 10:32:32,142 [RatisPipelineUtilsThread] INFO  pipeline.PipelineStateManager (PipelineStateManager.java:addPipeline(56)) - Created pipeline Pipeline[ Id: 0eda901d-d378-43d3-a0c1-ab30ee8f8588, Nodes: 0d9211b7-901b-48f4-a708-75be8e526772{ip: 192.168.36.114, host: pr-hdds-1569-58hkm-1881083799, networkLocation: /default-rack, certSerialId: null}, Type:RATIS, Factor:ONE, State:OPEN]
2019-09-12 10:32:32,143 [RatisPipelineUtilsThread] ERROR pipeline.PipelinePlacementPolicy (PipelinePlacementPolicy.java:meetCriteria(92)) - Pipeline Placement: Doesn't meet the criteria to be viable node. Heaviness: 6
2019-09-12 10:32:32,147 [grpc-default-executor-1] INFO  impl.RaftServerProxy (RaftServerProxy.java:addNew(89)) - 0d9211b7-901b-48f4-a708-75be8e526772: addNew group-A6656EF3A181:[0d9211b7-901b-48f4-a708-75be8e526772:192.168.36.114:45345] returns group-A6656EF3A181:java.util.concurrent.CompletableFuture@6a8f5e36[Not completed]
2019-09-12 10:32:32,148 [pool-419-thread-1] INFO  impl.RaftServerImpl (RaftServerImpl.java:<init>(93)) - 0d9211b7-901b-48f4-a708-75be8e526772: new RaftServerImpl for group-A6656EF3A181:[0d9211b7-901b-48f4-a708-75be8e526772:192.168.36.114:45345] with ContainerStateMachine:uninitialized
2019-09-12 10:32:32,149 [pool-419-thread-1] INFO  server.RaftServerConfigKeys (ConfUtils.java:logGet(43)) - raft.server.rpc.timeout.min = 5s (custom)
2019-09-12 10:32:32,149 [pool-419-thread-1] INFO  server.RaftServerConfigKeys (ConfUtils.java:logGet(43)) - raft.server.rpc.timeout.max = 5200ms (custom)
2019-09-12 10:32:32,149 [pool-419-thread-1] INFO  server.RaftServerConfigKeys (ConfUtils.java:logGet(43)) - raft.server.rpcslowness.timeout = 120s (custom)
2019-09-12 10:32:32,149 [pool-419-thread-1] INFO  server.RaftServerConfigKeys (ConfUtils.java:logGet(43)) - raft.server.sleep.deviation.threshold = 300 (default)
2019-09-12 10:32:32,149 [pool-419-thread-1] INFO  server.RaftServerConfigKeys (ConfUtils.java:logGet(43)) - raft.server.log.appender.install.snapshot.enabled = false (custom)
2019-09-12 10:32:32,149 [pool-419-thread-1] INFO  impl.RaftServerImpl (ServerState.java:<init>(105)) - 0d9211b7-901b-48f4-a708-75be8e526772:group-A6656EF3A181 ConfigurationManager, init=-1: [0d9211b7-901b-48f4-a708-75be8e526772:192.168.36.114:45345], old=null, confs=<EMPTY_MAP>
2019-09-12 10:32:32,149 [pool-419-thread-1] INFO  server.RaftServerConfigKeys (ConfUtils.java:logGet(43)) - raft.server.storage.dir = [/workdir/hadoop-ozone/integration-test/target/test-dir/MiniOzoneClusterImpl-fac5a39b-1f62-44b0-aedf-fae56ce7e72b/datanode-1/data/ratis] (custom)
2019-09-12 10:32:32,150 [pool-419-thread-1] INFO  storage.RaftStorageDirectory (RaftStorageDirectory.java:analyzeStorage(246)) - The storage directory /workdir/hadoop-ozone/integration-test/target/test-dir/MiniOzoneClusterImpl-fac5a39b-1f62-44b0-aedf-fae56ce7e72b/datanode-1/data/ratis/d776e133-7db0-4c02-96fe-a6656ef3a181 does not exist. Creating ...
2019-09-12 10:32:32,162 [pool-419-thread-1] INFO  storage.RaftStorageDirectory (RaftStorageDirectory.java:tryLock(328)) - Lock on /workdir/hadoop-ozone/integration-test/target/test-dir/MiniOzoneClusterImpl-fac5a39b-1f62-44b0-aedf-fae56ce7e72b/datanode-1/data/ratis/d776e133-7db0-4c02-96fe-a6656ef3a181/in_use.lock acquired by nodename 1396@pr-hdds-1569-58hkm-1881083799
2019-09-12 10:32:32,166 [pool-419-thread-1] INFO  storage.RaftStorage (RaftStorage.java:format(72)) - Storage directory /workdir/hadoop-ozone/integration-test/target/test-dir/MiniOzoneClusterImpl-fac5a39b-1f62-44b0-aedf-fae56ce7e72b/datanode-1/data/ratis/d776e133-7db0-4c02-96fe-a6656ef3a181 has been successfully formatted.
2019-09-12 10:32:32,166 [pool-419-thread-1] INFO  ratis.ContainerStateMachine (ContainerStateMachine.java:loadSnapshot(226)) - group-A6656EF3A181: The snapshot info is null. Setting the last applied indexto:(t:0, i:~)
2019-09-12 10:32:32,166 [pool-419-thread-1] INFO  server.RaftServerConfigKeys (ConfUtils.java:logGet(43)) - raft.server.leader.election.timeout = 120s (custom)
2019-09-12 10:32:32,166 [pool-419-thread-1] INFO  server.RaftServerConfigKeys (ConfUtils.java:logGet(43)) - raft.server.log.use.memory = false (default)
2019-09-12 10:32:32,167 [pool-419-thread-1] INFO  server.RaftServerConfigKeys (ConfUtils.java:logGet(43)) - raft.server.log.purge.gap = 1000000 (custom)
2019-09-12 10:32:32,167 [pool-419-thread-1] INFO  server.RaftServerConfigKeys (ConfUtils.java:logGet(43)) - raft.server.log.appender.buffer.byte-limit = 33554432 (custom)
2019-09-12 10:32:32,167 [pool-419-thread-1] INFO  server.RaftServerConfigKeys (ConfUtils.java:logGet(43)) - raft.server.log.segment.size.max = 1048576 (custom)
2019-09-12 10:32:32,167 [pool-419-thread-1] INFO  server.RaftServerConfigKeys (ConfUtils.java:logGet(43)) - raft.server.log.segment.cache.num.max = 2 (custom)
2019-09-12 10:32:32,167 [pool-419-thread-1] INFO  segmented.SegmentedRaftLogWorker (SegmentedRaftLogWorker.java:<init>(172)) - new 0d9211b7-901b-48f4-a708-75be8e526772-SegmentedRaftLogWorker:Storage Directory /workdir/hadoop-ozone/integration-test/target/test-dir/MiniOzoneClusterImpl-fac5a39b-1f62-44b0-aedf-fae56ce7e72b/datanode-1/data/ratis/d776e133-7db0-4c02-96fe-a6656ef3a181 for RaftStorage:Storage Directory /workdir/hadoop-ozone/integration-test/target/test-dir/MiniOzoneClusterImpl-fac5a39b-1f62-44b0-aedf-fae56ce7e72b/datanode-1/data/ratis/d776e133-7db0-4c02-96fe-a6656ef3a181
2019-09-12 10:32:32,167 [pool-419-thread-1] INFO  server.RaftServerConfigKeys (ConfUtils.java:logGet(43)) - raft.server.log.queue.byte-limit = 2147483647 (custom)
2019-09-12 10:32:32,167 [pool-419-thread-1] INFO  server.RaftServerConfigKeys (ConfUtils.java:logGet(43)) - raft.server.log.queue.element-limit = 1024 (custom)
2019-09-12 10:32:32,168 [pool-419-thread-1] INFO  server.RaftServerConfigKeys (ConfUtils.java:logGet(43)) - raft.server.log.segment.size.max = 1048576 (custom)
2019-09-12 10:32:32,168 [pool-419-thread-1] INFO  server.RaftServerConfigKeys (ConfUtils.java:logGet(43)) - raft.server.log.preallocated.size = 16384 (custom)
2019-09-12 10:32:32,168 [pool-419-thread-1] INFO  server.RaftServerConfigKeys (ConfUtils.java:logGet(43)) - raft.server.log.write.buffer.size = 33554432 (custom)
2019-09-12 10:32:32,168 [pool-419-thread-1] INFO  server.RaftServerConfigKeys (ConfUtils.java:logGet(43)) - raft.server.log.force.sync.num = 128 (default)
2019-09-12 10:32:32,168 [pool-419-thread-1] INFO  server.RaftServerConfigKeys (ConfUtils.java:logGet(43)) - raft.server.log.statemachine.data.sync = true (default)
2019-09-12 10:32:32,168 [pool-419-thread-1] INFO  server.RaftServerConfigKeys (ConfUtils.java:logGet(43)) - raft.server.log.statemachine.data.sync.timeout = 10s (default)
2019-09-12 10:32:32,168 [pool-419-thread-1] INFO  server.RaftServerConfigKeys (ConfUtils.java:logGet(43)) - raft.server.log.statemachine.data.sync.timeout.retry = -1 (default)
2019-09-12 10:32:32,169 [pool-419-thread-1] INFO  server.RaftServerConfigKeys (ConfUtils.java:logGet(43)) - raft.server.log.statemachine.data.caching.enabled = true (custom)
2019-09-12 10:32:32,169 [pool-419-thread-1] INFO  segmented.SegmentedRaftLogWorker (SegmentedRaftLogWorker.java:lambda$new$0(132)) - 0d9211b7-901b-48f4-a708-75be8e526772-SegmentedRaftLogWorker:Storage Directory /workdir/hadoop-ozone/integration-test/target/test-dir/MiniOzoneClusterImpl-fac5a39b-1f62-44b0-aedf-fae56ce7e72b/datanode-1/data/ratis/d776e133-7db0-4c02-96fe-a6656ef3a181: flushIndex: setUnconditionally 0 -> -1
2019-09-12 10:32:32,169 [pool-419-thread-1] INFO  server.RaftServerConfigKeys (ConfUtils.java:logGet(43)) - raft.server.snapshot.auto.trigger.enabled = true (custom)
2019-09-12 10:32:32,169 [pool-419-thread-1] INFO  server.RaftServerConfigKeys (ConfUtils.java:logGet(43)) - raft.server.snapshot.auto.trigger.threshold = 10000 (custom)
2019-09-12 10:32:32,169 [pool-419-thread-1] INFO  server.RaftServerConfigKeys (ConfUtils.java:logGet(43)) - raft.server.retrycache.expirytime = 600000ms (custom)
2019-09-12 10:32:32,170 [pool-419-thread-1] INFO  impl.RaftServerImpl (RaftServerImpl.java:start(180)) - 0d9211b7-901b-48f4-a708-75be8e526772: start group-A6656EF3A181
2019-09-12 10:32:32,170 [pool-419-thread-1] INFO  impl.RaftServerImpl (RaftServerImpl.java:setRole(171)) - 0d9211b7-901b-48f4-a708-75be8e526772:group-A6656EF3A181 changes role from null to FOLLOWER at term 0 for startAsFollower
2019-09-12 10:32:32,170 [pool-419-thread-1] INFO  impl.RoleInfo (RoleInfo.java:updateAndGet(143)) - 0d9211b7-901b-48f4-a708-75be8e526772: start FollowerState
2019-09-12 10:32:32,170 [pool-419-thread-1] INFO  util.JmxRegister (JmxRegister.java:tryRegister(44)) - Successfully registered JMX Bean with object name Ratis:service=RaftServer,group=group-A6656EF3A181,id=0d9211b7-901b-48f4-a708-75be8e526772
2019-09-12 10:32:32,173 [RatisPipelineUtilsThread] INFO  pipeline.PipelineStateManager (PipelineStateManager.java:addPipeline(56)) - Created pipeline Pipeline[ Id: d776e133-7db0-4c02-96fe-a6656ef3a181, Nodes: 0d9211b7-901b-48f4-a708-75be8e526772{ip: 192.168.36.114, host: pr-hdds-1569-58hkm-1881083799, networkLocation: /default-rack, certSerialId: null}, Type:RATIS, Factor:ONE, State:OPEN]
2019-09-12 10:32:32,173 [RatisPipelineUtilsThread] ERROR pipeline.PipelinePlacementPolicy (PipelinePlacementPolicy.java:meetCriteria(92)) - Pipeline Placement: Doesn't meet the criteria to be viable node. Heaviness: 6
2019-09-12 10:32:32,178 [grpc-default-executor-1] INFO  impl.RaftServerProxy (RaftServerProxy.java:addNew(89)) - 0d9211b7-901b-48f4-a708-75be8e526772: addNew group-013FFAB60DE3:[0d9211b7-901b-48f4-a708-75be8e526772:192.168.36.114:45345] returns group-013FFAB60DE3:java.util.concurrent.CompletableFuture@49f6c404[Not completed]
2019-09-12 10:32:32,179 [pool-419-thread-1] INFO  impl.RaftServerImpl (RaftServerImpl.java:<init>(93)) - 0d9211b7-901b-48f4-a708-75be8e526772: new RaftServerImpl for group-013FFAB60DE3:[0d9211b7-901b-48f4-a708-75be8e526772:192.168.36.114:45345] with ContainerStateMachine:uninitialized
2019-09-12 10:32:32,179 [pool-419-thread-1] INFO  server.RaftServerConfigKeys (ConfUtils.java:logGet(43)) - raft.server.rpc.timeout.min = 5s (custom)
2019-09-12 10:32:32,179 [pool-419-thread-1] INFO  server.RaftServerConfigKeys (ConfUtils.java:logGet(43)) - raft.server.rpc.timeout.max = 5200ms (custom)
2019-09-12 10:32:32,179 [pool-419-thread-1] INFO  server.RaftServerConfigKeys (ConfUtils.java:logGet(43)) - raft.server.rpcslowness.timeout = 120s (custom)
2019-09-12 10:32:32,179 [pool-419-thread-1] INFO  server.RaftServerConfigKeys (ConfUtils.java:logGet(43)) - raft.server.sleep.deviation.threshold = 300 (default)
2019-09-12 10:32:32,179 [pool-419-thread-1] INFO  server.RaftServerConfigKeys (ConfUtils.java:logGet(43)) - raft.server.log.appender.install.snapshot.enabled = false (custom)
2019-09-12 10:32:32,180 [pool-419-thread-1] INFO  impl.RaftServerImpl (ServerState.java:<init>(105)) - 0d9211b7-901b-48f4-a708-75be8e526772:group-013FFAB60DE3 ConfigurationManager, init=-1: [0d9211b7-901b-48f4-a708-75be8e526772:192.168.36.114:45345], old=null, confs=<EMPTY_MAP>
2019-09-12 10:32:32,180 [pool-419-thread-1] INFO  server.RaftServerConfigKeys (ConfUtils.java:logGet(43)) - raft.server.storage.dir = [/workdir/hadoop-ozone/integration-test/target/test-dir/MiniOzoneClusterImpl-fac5a39b-1f62-44b0-aedf-fae56ce7e72b/datanode-1/data/ratis] (custom)
2019-09-12 10:32:32,180 [pool-419-thread-1] INFO  storage.RaftStorageDirectory (RaftStorageDirectory.java:analyzeStorage(246)) - The storage directory /workdir/hadoop-ozone/integration-test/target/test-dir/MiniOzoneClusterImpl-fac5a39b-1f62-44b0-aedf-fae56ce7e72b/datanode-1/data/ratis/f7b1def6-f531-452f-8d12-013ffab60de3 does not exist. Creating ...
2019-09-12 10:32:32,184 [pool-419-thread-1] INFO  storage.RaftStorageDirectory (RaftStorageDirectory.java:tryLock(328)) - Lock on /workdir/hadoop-ozone/integration-test/target/test-dir/MiniOzoneClusterImpl-fac5a39b-1f62-44b0-aedf-fae56ce7e72b/datanode-1/data/ratis/f7b1def6-f531-452f-8d12-013ffab60de3/in_use.lock acquired by nodename 1396@pr-hdds-1569-58hkm-1881083799
2019-09-12 10:32:32,189 [pool-419-thread-1] INFO  storage.RaftStorage (RaftStorage.java:format(72)) - Storage directory /workdir/hadoop-ozone/integration-test/target/test-dir/MiniOzoneClusterImpl-fac5a39b-1f62-44b0-aedf-fae56ce7e72b/datanode-1/data/ratis/f7b1def6-f531-452f-8d12-013ffab60de3 has been successfully formatted.
2019-09-12 10:32:32,190 [pool-419-thread-1] INFO  ratis.ContainerStateMachine (ContainerStateMachine.java:loadSnapshot(226)) - group-013FFAB60DE3: The snapshot info is null. Setting the last applied indexto:(t:0, i:~)
2019-09-12 10:32:32,190 [pool-419-thread-1] INFO  server.RaftServerConfigKeys (ConfUtils.java:logGet(43)) - raft.server.leader.election.timeout = 120s (custom)
2019-09-12 10:32:32,190 [pool-419-thread-1] INFO  server.RaftServerConfigKeys (ConfUtils.java:logGet(43)) - raft.server.log.use.memory = false (default)
2019-09-12 10:32:32,190 [pool-419-thread-1] INFO  server.RaftServerConfigKeys (ConfUtils.java:logGet(43)) - raft.server.log.purge.gap = 1000000 (custom)
2019-09-12 10:32:32,190 [pool-419-thread-1] INFO  server.RaftServerConfigKeys (ConfUtils.java:logGet(43)) - raft.server.log.appender.buffer.byte-limit = 33554432 (custom)
2019-09-12 10:32:32,190 [pool-419-thread-1] INFO  server.RaftServerConfigKeys (ConfUtils.java:logGet(43)) - raft.server.log.segment.size.max = 1048576 (custom)
2019-09-12 10:32:32,190 [pool-419-thread-1] INFO  server.RaftServerConfigKeys (ConfUtils.java:logGet(43)) - raft.server.log.segment.cache.num.max = 2 (custom)
2019-09-12 10:32:32,191 [pool-419-thread-1] INFO  segmented.SegmentedRaftLogWorker (SegmentedRaftLogWorker.java:<init>(172)) - new 0d9211b7-901b-48f4-a708-75be8e526772-SegmentedRaftLogWorker:Storage Directory /workdir/hadoop-ozone/integration-test/target/test-dir/MiniOzoneClusterImpl-fac5a39b-1f62-44b0-aedf-fae56ce7e72b/datanode-1/data/ratis/f7b1def6-f531-452f-8d12-013ffab60de3 for RaftStorage:Storage Directory /workdir/hadoop-ozone/integration-test/target/test-dir/MiniOzoneClusterImpl-fac5a39b-1f62-44b0-aedf-fae56ce7e72b/datanode-1/data/ratis/f7b1def6-f531-452f-8d12-013ffab60de3
2019-09-12 10:32:32,191 [pool-419-thread-1] INFO  server.RaftServerConfigKeys (ConfUtils.java:logGet(43)) - raft.server.log.queue.byte-limit = 2147483647 (custom)
2019-09-12 10:32:32,191 [pool-419-thread-1] INFO  server.RaftServerConfigKeys (ConfUtils.java:logGet(43)) - raft.server.log.queue.element-limit = 1024 (custom)
2019-09-12 10:32:32,191 [pool-419-thread-1] INFO  server.RaftServerConfigKeys (ConfUtils.java:logGet(43)) - raft.server.log.segment.size.max = 1048576 (custom)
2019-09-12 10:32:32,191 [pool-419-thread-1] INFO  server.RaftServerConfigKeys (ConfUtils.java:logGet(43)) - raft.server.log.preallocated.size = 16384 (custom)
2019-09-12 10:32:32,191 [pool-419-thread-1] INFO  server.RaftServerConfigKeys (ConfUtils.java:logGet(43)) - raft.server.log.write.buffer.size = 33554432 (custom)
2019-09-12 10:32:32,191 [pool-419-thread-1] INFO  server.RaftServerConfigKeys (ConfUtils.java:logGet(43)) - raft.server.log.force.sync.num = 128 (default)
2019-09-12 10:32:32,191 [pool-419-thread-1] INFO  server.RaftServerConfigKeys (ConfUtils.java:logGet(43)) - raft.server.log.statemachine.data.sync = true (default)
2019-09-12 10:32:32,192 [pool-419-thread-1] INFO  server.RaftServerConfigKeys (ConfUtils.java:logGet(43)) - raft.server.log.statemachine.data.sync.timeout = 10s (default)
2019-09-12 10:32:32,192 [pool-419-thread-1] INFO  server.RaftServerConfigKeys (ConfUtils.java:logGet(43)) - raft.server.log.statemachine.data.sync.timeout.retry = -1 (default)
2019-09-12 10:32:32,192 [pool-419-thread-1] INFO  server.RaftServerConfigKeys (ConfUtils.java:logGet(43)) - raft.server.log.statemachine.data.caching.enabled = true (custom)
2019-09-12 10:32:32,192 [pool-419-thread-1] INFO  segmented.SegmentedRaftLogWorker (SegmentedRaftLogWorker.java:lambda$new$0(132)) - 0d9211b7-901b-48f4-a708-75be8e526772-SegmentedRaftLogWorker:Storage Directory /workdir/hadoop-ozone/integration-test/target/test-dir/MiniOzoneClusterImpl-fac5a39b-1f62-44b0-aedf-fae56ce7e72b/datanode-1/data/ratis/f7b1def6-f531-452f-8d12-013ffab60de3: flushIndex: setUnconditionally 0 -> -1
2019-09-12 10:32:32,192 [pool-419-thread-1] INFO  server.RaftServerConfigKeys (ConfUtils.java:logGet(43)) - raft.server.snapshot.auto.trigger.enabled = true (custom)
2019-09-12 10:32:32,193 [pool-419-thread-1] INFO  server.RaftServerConfigKeys (ConfUtils.java:logGet(43)) - raft.server.snapshot.auto.trigger.threshold = 10000 (custom)
2019-09-12 10:32:32,193 [pool-419-thread-1] INFO  server.RaftServerConfigKeys (ConfUtils.java:logGet(43)) - raft.server.retrycache.expirytime = 600000ms (custom)
2019-09-12 10:32:32,193 [pool-419-thread-1] INFO  impl.RaftServerImpl (RaftServerImpl.java:start(180)) - 0d9211b7-901b-48f4-a708-75be8e526772: start group-013FFAB60DE3
2019-09-12 10:32:32,193 [pool-419-thread-1] INFO  impl.RaftServerImpl (RaftServerImpl.java:setRole(171)) - 0d9211b7-901b-48f4-a708-75be8e526772:group-013FFAB60DE3 changes role from null to FOLLOWER at term 0 for startAsFollower
2019-09-12 10:32:32,193 [pool-419-thread-1] INFO  impl.RoleInfo (RoleInfo.java:updateAndGet(143)) - 0d9211b7-901b-48f4-a708-75be8e526772: start FollowerState
2019-09-12 10:32:32,193 [pool-419-thread-1] INFO  util.JmxRegister (JmxRegister.java:tryRegister(44)) - Successfully registered JMX Bean with object name Ratis:service=RaftServer,group=group-013FFAB60DE3,id=0d9211b7-901b-48f4-a708-75be8e526772
2019-09-12 10:32:32,196 [RatisPipelineUtilsThread] INFO  pipeline.PipelineStateManager (PipelineStateManager.java:addPipeline(56)) - Created pipeline Pipeline[ Id: f7b1def6-f531-452f-8d12-013ffab60de3, Nodes: 0d9211b7-901b-48f4-a708-75be8e526772{ip: 192.168.36.114, host: pr-hdds-1569-58hkm-1881083799, networkLocation: /default-rack, certSerialId: null}, Type:RATIS, Factor:ONE, State:OPEN]
2019-09-12 10:32:32,196 [RatisPipelineUtilsThread] ERROR pipeline.PipelinePlacementPolicy (PipelinePlacementPolicy.java:meetCriteria(92)) - Pipeline Placement: Doesn't meet the criteria to be viable node. Heaviness: 6
2019-09-12 10:32:32,196 [RatisPipelineUtilsThread] ERROR pipeline.PipelinePlacementPolicy (PipelinePlacementPolicy.java:meetCriteria(92)) - Pipeline Placement: Doesn't meet the criteria to be viable node. Heaviness: 6
2019-09-12 10:32:32,196 [RatisPipelineUtilsThread] ERROR pipeline.PipelinePlacementPolicy (PipelinePlacementPolicy.java:filterViableNodes(147)) - Unable to find enough nodes that meet the criteria that cannot engage in more than 5 pipelines. Nodes required: 1 Found: 0, healthy nodes count inNodeManager: 2.
2019-09-12 10:32:32,196 [RatisPipelineUtilsThread] ERROR pipeline.SCMPipelineManager (SCMPipelineManager.java:createPipeline(161)) - Pipeline creation failed due to exception: Unable to find enough nodes that meet the criteria that cannot engage in more than 5 pipelines. Nodes required: 1 Found: 0, healthy nodes count inNodeManager: 2.
2019-09-12 10:32:32,196 [RatisPipelineUtilsThread] ERROR pipeline.PipelinePlacementPolicy (PipelinePlacementPolicy.java:filterViableNodes(130)) - Not enough healthy nodes to allocate pipeline. 3  datanodes required. Found 2
2019-09-12 10:32:32,196 [RatisPipelineUtilsThread] ERROR pipeline.SCMPipelineManager (SCMPipelineManager.java:createPipeline(161)) - Pipeline creation failed due to exception: Not enough healthy nodes to allocate pipeline. 3  datanodes required. Found 2
2019-09-12 10:32:32,514 [IPC Server handler 0 on 42933] INFO  net.NetworkTopology (NetworkTopologyImpl.java:add(110)) - Added a new node: /default-rack/4e126646-8edc-47cd-9403-c39493e18b45
2019-09-12 10:32:32,514 [RatisPipelineUtilsThread] ERROR pipeline.PipelinePlacementPolicy (PipelinePlacementPolicy.java:meetCriteria(92)) - Pipeline Placement: Doesn't meet the criteria to be viable node. Heaviness: 6
2019-09-12 10:32:32,514 [IPC Server handler 0 on 42933] INFO  node.SCMNodeManager (SCMNodeManager.java:register(273)) - Registered Data node : 4e126646-8edc-47cd-9403-c39493e18b45{ip: 192.168.36.114, host: pr-hdds-1569-58hkm-1881083799, networkLocation: /default-rack, certSerialId: null}
2019-09-12 10:32:32,514 [RatisPipelineUtilsThread] ERROR pipeline.PipelinePlacementPolicy (PipelinePlacementPolicy.java:meetCriteria(92)) - Pipeline Placement: Doesn't meet the criteria to be viable node. Heaviness: 6
2019-09-12 10:32:32,515 | INFO  | SCMAudit | user=jenkins1000 | ip=192.168.36.114 | op=REGISTER {datanodeDetails=4e126646-8edc-47cd-9403-c39493e18b45{ip: 192.168.36.114, host: pr-hdds-1569-58hkm-1881083799, networkLocation: /default-rack, certSerialId: null}} | ret=SUCCESS |  
2019-09-12 10:32:32,534 [grpc-default-executor-1] INFO  impl.RaftServerProxy (RaftServerProxy.java:addNew(89)) - 4e126646-8edc-47cd-9403-c39493e18b45: addNew group-0311F3D569A5:[4e126646-8edc-47cd-9403-c39493e18b45:192.168.36.114:45250] returns group-0311F3D569A5:java.util.concurrent.CompletableFuture@603d0370[Not completed]
2019-09-12 10:32:32,535 [pool-430-thread-1] INFO  impl.RaftServerImpl (RaftServerImpl.java:<init>(93)) - 4e126646-8edc-47cd-9403-c39493e18b45: new RaftServerImpl for group-0311F3D569A5:[4e126646-8edc-47cd-9403-c39493e18b45:192.168.36.114:45250] with ContainerStateMachine:uninitialized
2019-09-12 10:32:32,536 [pool-430-thread-1] INFO  server.RaftServerConfigKeys (ConfUtils.java:logGet(43)) - raft.server.rpc.timeout.min = 5s (custom)
2019-09-12 10:32:32,536 [pool-430-thread-1] INFO  server.RaftServerConfigKeys (ConfUtils.java:logGet(43)) - raft.server.rpc.timeout.max = 5200ms (custom)
2019-09-12 10:32:32,536 [pool-430-thread-1] INFO  server.RaftServerConfigKeys (ConfUtils.java:logGet(43)) - raft.server.rpcslowness.timeout = 120s (custom)
2019-09-12 10:32:32,536 [pool-430-thread-1] INFO  server.RaftServerConfigKeys (ConfUtils.java:logGet(43)) - raft.server.sleep.deviation.threshold = 300 (default)
2019-09-12 10:32:32,536 [pool-430-thread-1] INFO  server.RaftServerConfigKeys (ConfUtils.java:logGet(43)) - raft.server.log.appender.install.snapshot.enabled = false (custom)
2019-09-12 10:32:32,536 [pool-430-thread-1] INFO  impl.RaftServerImpl (ServerState.java:<init>(105)) - 4e126646-8edc-47cd-9403-c39493e18b45:group-0311F3D569A5 ConfigurationManager, init=-1: [4e126646-8edc-47cd-9403-c39493e18b45:192.168.36.114:45250], old=null, confs=<EMPTY_MAP>
2019-09-12 10:32:32,536 [pool-430-thread-1] INFO  server.RaftServerConfigKeys (ConfUtils.java:logGet(43)) - raft.server.storage.dir = [/workdir/hadoop-ozone/integration-test/target/test-dir/MiniOzoneClusterImpl-fac5a39b-1f62-44b0-aedf-fae56ce7e72b/datanode-2/data/ratis] (custom)
2019-09-12 10:32:32,537 [pool-430-thread-1] INFO  storage.RaftStorageDirectory (RaftStorageDirectory.java:analyzeStorage(246)) - The storage directory /workdir/hadoop-ozone/integration-test/target/test-dir/MiniOzoneClusterImpl-fac5a39b-1f62-44b0-aedf-fae56ce7e72b/datanode-2/data/ratis/69f981cf-4dff-431f-9b67-0311f3d569a5 does not exist. Creating ...
2019-09-12 10:32:32,570 [pool-430-thread-1] INFO  storage.RaftStorageDirectory (RaftStorageDirectory.java:tryLock(328)) - Lock on /workdir/hadoop-ozone/integration-test/target/test-dir/MiniOzoneClusterImpl-fac5a39b-1f62-44b0-aedf-fae56ce7e72b/datanode-2/data/ratis/69f981cf-4dff-431f-9b67-0311f3d569a5/in_use.lock acquired by nodename 1396@pr-hdds-1569-58hkm-1881083799
2019-09-12 10:32:32,595 [pool-430-thread-1] INFO  storage.RaftStorage (RaftStorage.java:format(72)) - Storage directory /workdir/hadoop-ozone/integration-test/target/test-dir/MiniOzoneClusterImpl-fac5a39b-1f62-44b0-aedf-fae56ce7e72b/datanode-2/data/ratis/69f981cf-4dff-431f-9b67-0311f3d569a5 has been successfully formatted.
2019-09-12 10:32:32,595 [pool-430-thread-1] INFO  ratis.ContainerStateMachine (ContainerStateMachine.java:loadSnapshot(226)) - group-0311F3D569A5: The snapshot info is null. Setting the last applied indexto:(t:0, i:~)
2019-09-12 10:32:32,595 [pool-430-thread-1] INFO  server.RaftServerConfigKeys (ConfUtils.java:logGet(43)) - raft.server.leader.election.timeout = 120s (custom)
2019-09-12 10:32:32,596 [pool-430-thread-1] INFO  server.RaftServerConfigKeys (ConfUtils.java:logGet(43)) - raft.server.log.use.memory = false (default)
2019-09-12 10:32:32,596 [pool-430-thread-1] INFO  server.RaftServerConfigKeys (ConfUtils.java:logGet(43)) - raft.server.log.purge.gap = 1000000 (custom)
2019-09-12 10:32:32,596 [pool-430-thread-1] INFO  server.RaftServerConfigKeys (ConfUtils.java:logGet(43)) - raft.server.log.appender.buffer.byte-limit = 33554432 (custom)
2019-09-12 10:32:32,596 [pool-430-thread-1] INFO  server.RaftServerConfigKeys (ConfUtils.java:logGet(43)) - raft.server.log.segment.size.max = 1048576 (custom)
2019-09-12 10:32:32,596 [pool-430-thread-1] INFO  server.RaftServerConfigKeys (ConfUtils.java:logGet(43)) - raft.server.log.segment.cache.num.max = 2 (custom)
2019-09-12 10:32:32,596 [pool-430-thread-1] INFO  segmented.SegmentedRaftLogWorker (SegmentedRaftLogWorker.java:<init>(172)) - new 4e126646-8edc-47cd-9403-c39493e18b45-SegmentedRaftLogWorker:Storage Directory /workdir/hadoop-ozone/integration-test/target/test-dir/MiniOzoneClusterImpl-fac5a39b-1f62-44b0-aedf-fae56ce7e72b/datanode-2/data/ratis/69f981cf-4dff-431f-9b67-0311f3d569a5 for RaftStorage:Storage Directory /workdir/hadoop-ozone/integration-test/target/test-dir/MiniOzoneClusterImpl-fac5a39b-1f62-44b0-aedf-fae56ce7e72b/datanode-2/data/ratis/69f981cf-4dff-431f-9b67-0311f3d569a5
2019-09-12 10:32:32,597 [pool-430-thread-1] INFO  server.RaftServerConfigKeys (ConfUtils.java:logGet(43)) - raft.server.log.queue.byte-limit = 2147483647 (custom)
2019-09-12 10:32:32,597 [pool-430-thread-1] INFO  server.RaftServerConfigKeys (ConfUtils.java:logGet(43)) - raft.server.log.queue.element-limit = 1024 (custom)
2019-09-12 10:32:32,597 [pool-430-thread-1] INFO  server.RaftServerConfigKeys (ConfUtils.java:logGet(43)) - raft.server.log.segment.size.max = 1048576 (custom)
2019-09-12 10:32:32,597 [pool-430-thread-1] INFO  server.RaftServerConfigKeys (ConfUtils.java:logGet(43)) - raft.server.log.preallocated.size = 16384 (custom)
2019-09-12 10:32:32,597 [pool-430-thread-1] INFO  server.RaftServerConfigKeys (ConfUtils.java:logGet(43)) - raft.server.log.write.buffer.size = 33554432 (custom)
2019-09-12 10:32:32,598 [pool-430-thread-1] INFO  server.RaftServerConfigKeys (ConfUtils.java:logGet(43)) - raft.server.log.force.sync.num = 128 (default)
2019-09-12 10:32:32,598 [pool-430-thread-1] INFO  server.RaftServerConfigKeys (ConfUtils.java:logGet(43)) - raft.server.log.statemachine.data.sync = true (default)
2019-09-12 10:32:32,598 [pool-430-thread-1] INFO  server.RaftServerConfigKeys (ConfUtils.java:logGet(43)) - raft.server.log.statemachine.data.sync.timeout = 10s (default)
2019-09-12 10:32:32,598 [pool-430-thread-1] INFO  server.RaftServerConfigKeys (ConfUtils.java:logGet(43)) - raft.server.log.statemachine.data.sync.timeout.retry = -1 (default)
2019-09-12 10:32:32,598 [pool-430-thread-1] INFO  server.RaftServerConfigKeys (ConfUtils.java:logGet(43)) - raft.server.log.statemachine.data.caching.enabled = true (custom)
2019-09-12 10:32:32,599 [pool-430-thread-1] INFO  segmented.SegmentedRaftLogWorker (SegmentedRaftLogWorker.java:lambda$new$0(132)) - 4e126646-8edc-47cd-9403-c39493e18b45-SegmentedRaftLogWorker:Storage Directory /workdir/hadoop-ozone/integration-test/target/test-dir/MiniOzoneClusterImpl-fac5a39b-1f62-44b0-aedf-fae56ce7e72b/datanode-2/data/ratis/69f981cf-4dff-431f-9b67-0311f3d569a5: flushIndex: setUnconditionally 0 -> -1
2019-09-12 10:32:32,599 [pool-430-thread-1] INFO  server.RaftServerConfigKeys (ConfUtils.java:logGet(43)) - raft.server.snapshot.auto.trigger.enabled = true (custom)
2019-09-12 10:32:32,599 [pool-430-thread-1] INFO  server.RaftServerConfigKeys (ConfUtils.java:logGet(43)) - raft.server.snapshot.auto.trigger.threshold = 10000 (custom)
2019-09-12 10:32:32,599 [pool-430-thread-1] INFO  server.RaftServerConfigKeys (ConfUtils.java:logGet(43)) - raft.server.retrycache.expirytime = 600000ms (custom)
2019-09-12 10:32:32,600 [pool-430-thread-1] INFO  impl.RaftServerImpl (RaftServerImpl.java:start(180)) - 4e126646-8edc-47cd-9403-c39493e18b45: start group-0311F3D569A5
2019-09-12 10:32:32,600 [pool-430-thread-1] INFO  impl.RaftServerImpl (RaftServerImpl.java:setRole(171)) - 4e126646-8edc-47cd-9403-c39493e18b45:group-0311F3D569A5 changes role from null to FOLLOWER at term 0 for startAsFollower
2019-09-12 10:32:32,600 [pool-430-thread-1] INFO  impl.RoleInfo (RoleInfo.java:updateAndGet(143)) - 4e126646-8edc-47cd-9403-c39493e18b45: start FollowerState
2019-09-12 10:32:32,608 [pool-430-thread-1] INFO  util.JmxRegister (JmxRegister.java:tryRegister(44)) - Successfully registered JMX Bean with object name Ratis:service=RaftServer,group=group-0311F3D569A5,id=4e126646-8edc-47cd-9403-c39493e18b45
2019-09-12 10:32:32,611 [RatisPipelineUtilsThread] INFO  pipeline.PipelineStateManager (PipelineStateManager.java:addPipeline(56)) - Created pipeline Pipeline[ Id: 69f981cf-4dff-431f-9b67-0311f3d569a5, Nodes: 4e126646-8edc-47cd-9403-c39493e18b45{ip: 192.168.36.114, host: pr-hdds-1569-58hkm-1881083799, networkLocation: /default-rack, certSerialId: null}, Type:RATIS, Factor:ONE, State:OPEN]
2019-09-12 10:32:32,611 [RatisPipelineUtilsThread] ERROR pipeline.PipelinePlacementPolicy (PipelinePlacementPolicy.java:meetCriteria(92)) - Pipeline Placement: Doesn't meet the criteria to be viable node. Heaviness: 6
2019-09-12 10:32:32,611 [RatisPipelineUtilsThread] ERROR pipeline.PipelinePlacementPolicy (PipelinePlacementPolicy.java:meetCriteria(92)) - Pipeline Placement: Doesn't meet the criteria to be viable node. Heaviness: 6
2019-09-12 10:32:32,616 [grpc-default-executor-1] INFO  impl.RaftServerProxy (RaftServerProxy.java:addNew(89)) - 4e126646-8edc-47cd-9403-c39493e18b45: addNew group-211F32E953D1:[4e126646-8edc-47cd-9403-c39493e18b45:192.168.36.114:45250] returns group-211F32E953D1:java.util.concurrent.CompletableFuture@d75c771[Not completed]
2019-09-12 10:32:32,617 [pool-430-thread-1] INFO  impl.RaftServerImpl (RaftServerImpl.java:<init>(93)) - 4e126646-8edc-47cd-9403-c39493e18b45: new RaftServerImpl for group-211F32E953D1:[4e126646-8edc-47cd-9403-c39493e18b45:192.168.36.114:45250] with ContainerStateMachine:uninitialized
2019-09-12 10:32:32,617 | INFO  | SCMAudit | user=jenkins1000 | ip=192.168.36.114 | op=GET_VERSION null | ret=SUCCESS |  
2019-09-12 10:32:32,617 [pool-430-thread-1] INFO  server.RaftServerConfigKeys (ConfUtils.java:logGet(43)) - raft.server.rpc.timeout.min = 5s (custom)
2019-09-12 10:32:32,618 [pool-430-thread-1] INFO  server.RaftServerConfigKeys (ConfUtils.java:logGet(43)) - raft.server.rpc.timeout.max = 5200ms (custom)
2019-09-12 10:32:32,618 [pool-430-thread-1] INFO  server.RaftServerConfigKeys (ConfUtils.java:logGet(43)) - raft.server.rpcslowness.timeout = 120s (custom)
2019-09-12 10:32:32,618 [pool-430-thread-1] INFO  server.RaftServerConfigKeys (ConfUtils.java:logGet(43)) - raft.server.sleep.deviation.threshold = 300 (default)
2019-09-12 10:32:32,618 [pool-430-thread-1] INFO  server.RaftServerConfigKeys (ConfUtils.java:logGet(43)) - raft.server.log.appender.install.snapshot.enabled = false (custom)
2019-09-12 10:32:32,618 [pool-430-thread-1] INFO  impl.RaftServerImpl (ServerState.java:<init>(105)) - 4e126646-8edc-47cd-9403-c39493e18b45:group-211F32E953D1 ConfigurationManager, init=-1: [4e126646-8edc-47cd-9403-c39493e18b45:192.168.36.114:45250], old=null, confs=<EMPTY_MAP>
2019-09-12 10:32:32,618 [pool-430-thread-1] INFO  server.RaftServerConfigKeys (ConfUtils.java:logGet(43)) - raft.server.storage.dir = [/workdir/hadoop-ozone/integration-test/target/test-dir/MiniOzoneClusterImpl-fac5a39b-1f62-44b0-aedf-fae56ce7e72b/datanode-2/data/ratis] (custom)
2019-09-12 10:32:32,619 [pool-430-thread-1] INFO  storage.RaftStorageDirectory (RaftStorageDirectory.java:analyzeStorage(246)) - The storage directory /workdir/hadoop-ozone/integration-test/target/test-dir/MiniOzoneClusterImpl-fac5a39b-1f62-44b0-aedf-fae56ce7e72b/datanode-2/data/ratis/e1b4ae7a-644e-49c6-adab-211f32e953d1 does not exist. Creating ...
2019-09-12 10:32:32,643 [pool-430-thread-1] INFO  storage.RaftStorageDirectory (RaftStorageDirectory.java:tryLock(328)) - Lock on /workdir/hadoop-ozone/integration-test/target/test-dir/MiniOzoneClusterImpl-fac5a39b-1f62-44b0-aedf-fae56ce7e72b/datanode-2/data/ratis/e1b4ae7a-644e-49c6-adab-211f32e953d1/in_use.lock acquired by nodename 1396@pr-hdds-1569-58hkm-1881083799
2019-09-12 10:32:32,643 [Datanode State Machine Thread - 0] INFO  ozoneimpl.OzoneContainer (OzoneContainer.java:start(186)) - Attempting to start container services.
2019-09-12 10:32:32,643 [Datanode State Machine Thread - 0] INFO  ozoneimpl.OzoneContainer (OzoneContainer.java:startContainerScrub(160)) - Background container scrubber has been disabled by hdds.containerscrub.enabled
2019-09-12 10:32:32,643 [Datanode State Machine Thread - 0] INFO  ratis.XceiverServerRatis (XceiverServerRatis.java:start(404)) - Starting XceiverServerRatis c5ecd3d3-686c-4d3d-96f2-c3659186f261 at port 0
2019-09-12 10:32:32,650 [Datanode State Machine Thread - 0] INFO  impl.RaftServerProxy (RaftServerProxy.java:lambda$start$3(299)) - c5ecd3d3-686c-4d3d-96f2-c3659186f261: start RPC server
2019-09-12 10:32:32,651 [Datanode State Machine Thread - 0] INFO  server.GrpcService (GrpcService.java:startImpl(149)) - c5ecd3d3-686c-4d3d-96f2-c3659186f261: GrpcService started, listening on 0.0.0.0/0.0.0.0:35630
2019-09-12 10:32:32,651 [Datanode State Machine Thread - 0] INFO  ratis.XceiverServerRatis (XceiverServerRatis.java:start(414)) - XceiverServerRatis c5ecd3d3-686c-4d3d-96f2-c3659186f261 is started using port 35630
2019-09-12 10:32:32,651 [Datanode State Machine Thread - 0] INFO  server.XceiverServerGrpc (XceiverServerGrpc.java:start(163)) - XceiverServerGrpc c5ecd3d3-686c-4d3d-96f2-c3659186f261 is started using port 42368
2019-09-12 10:32:32,656 [pool-430-thread-1] INFO  storage.RaftStorage (RaftStorage.java:format(72)) - Storage directory /workdir/hadoop-ozone/integration-test/target/test-dir/MiniOzoneClusterImpl-fac5a39b-1f62-44b0-aedf-fae56ce7e72b/datanode-2/data/ratis/e1b4ae7a-644e-49c6-adab-211f32e953d1 has been successfully formatted.
2019-09-12 10:32:32,656 [pool-430-thread-1] INFO  ratis.ContainerStateMachine (ContainerStateMachine.java:loadSnapshot(226)) - group-211F32E953D1: The snapshot info is null. Setting the last applied indexto:(t:0, i:~)
2019-09-12 10:32:32,656 [pool-430-thread-1] INFO  server.RaftServerConfigKeys (ConfUtils.java:logGet(43)) - raft.server.leader.election.timeout = 120s (custom)
2019-09-12 10:32:32,656 [pool-430-thread-1] INFO  server.RaftServerConfigKeys (ConfUtils.java:logGet(43)) - raft.server.log.use.memory = false (default)
2019-09-12 10:32:32,657 [pool-430-thread-1] INFO  server.RaftServerConfigKeys (ConfUtils.java:logGet(43)) - raft.server.log.purge.gap = 1000000 (custom)
2019-09-12 10:32:32,657 [pool-430-thread-1] INFO  server.RaftServerConfigKeys (ConfUtils.java:logGet(43)) - raft.server.log.appender.buffer.byte-limit = 33554432 (custom)
2019-09-12 10:32:32,657 [pool-430-thread-1] INFO  server.RaftServerConfigKeys (ConfUtils.java:logGet(43)) - raft.server.log.segment.size.max = 1048576 (custom)
2019-09-12 10:32:32,657 [pool-430-thread-1] INFO  server.RaftServerConfigKeys (ConfUtils.java:logGet(43)) - raft.server.log.segment.cache.num.max = 2 (custom)
2019-09-12 10:32:32,657 [pool-430-thread-1] INFO  segmented.SegmentedRaftLogWorker (SegmentedRaftLogWorker.java:<init>(172)) - new 4e126646-8edc-47cd-9403-c39493e18b45-SegmentedRaftLogWorker:Storage Directory /workdir/hadoop-ozone/integration-test/target/test-dir/MiniOzoneClusterImpl-fac5a39b-1f62-44b0-aedf-fae56ce7e72b/datanode-2/data/ratis/e1b4ae7a-644e-49c6-adab-211f32e953d1 for RaftStorage:Storage Directory /workdir/hadoop-ozone/integration-test/target/test-dir/MiniOzoneClusterImpl-fac5a39b-1f62-44b0-aedf-fae56ce7e72b/datanode-2/data/ratis/e1b4ae7a-644e-49c6-adab-211f32e953d1
2019-09-12 10:32:32,657 [pool-430-thread-1] INFO  server.RaftServerConfigKeys (ConfUtils.java:logGet(43)) - raft.server.log.queue.byte-limit = 2147483647 (custom)
2019-09-12 10:32:32,657 [pool-430-thread-1] INFO  server.RaftServerConfigKeys (ConfUtils.java:logGet(43)) - raft.server.log.queue.element-limit = 1024 (custom)
2019-09-12 10:32:32,657 [pool-430-thread-1] INFO  server.RaftServerConfigKeys (ConfUtils.java:logGet(43)) - raft.server.log.segment.size.max = 1048576 (custom)
2019-09-12 10:32:32,658 [pool-430-thread-1] INFO  server.RaftServerConfigKeys (ConfUtils.java:logGet(43)) - raft.server.log.preallocated.size = 16384 (custom)
2019-09-12 10:32:32,658 [pool-430-thread-1] INFO  server.RaftServerConfigKeys (ConfUtils.java:logGet(43)) - raft.server.log.write.buffer.size = 33554432 (custom)
2019-09-12 10:32:32,658 [pool-430-thread-1] INFO  server.RaftServerConfigKeys (ConfUtils.java:logGet(43)) - raft.server.log.force.sync.num = 128 (default)
2019-09-12 10:32:32,658 [pool-430-thread-1] INFO  server.RaftServerConfigKeys (ConfUtils.java:logGet(43)) - raft.server.log.statemachine.data.sync = true (default)
2019-09-12 10:32:32,658 [pool-430-thread-1] INFO  server.RaftServerConfigKeys (ConfUtils.java:logGet(43)) - raft.server.log.statemachine.data.sync.timeout = 10s (default)
2019-09-12 10:32:32,658 [pool-430-thread-1] INFO  server.RaftServerConfigKeys (ConfUtils.java:logGet(43)) - raft.server.log.statemachine.data.sync.timeout.retry = -1 (default)
2019-09-12 10:32:32,658 [pool-430-thread-1] INFO  server.RaftServerConfigKeys (ConfUtils.java:logGet(43)) - raft.server.log.statemachine.data.caching.enabled = true (custom)
2019-09-12 10:32:32,659 [pool-430-thread-1] INFO  segmented.SegmentedRaftLogWorker (SegmentedRaftLogWorker.java:lambda$new$0(132)) - 4e126646-8edc-47cd-9403-c39493e18b45-SegmentedRaftLogWorker:Storage Directory /workdir/hadoop-ozone/integration-test/target/test-dir/MiniOzoneClusterImpl-fac5a39b-1f62-44b0-aedf-fae56ce7e72b/datanode-2/data/ratis/e1b4ae7a-644e-49c6-adab-211f32e953d1: flushIndex: setUnconditionally 0 -> -1
2019-09-12 10:32:32,659 [pool-430-thread-1] INFO  server.RaftServerConfigKeys (ConfUtils.java:logGet(43)) - raft.server.snapshot.auto.trigger.enabled = true (custom)
2019-09-12 10:32:32,659 [pool-430-thread-1] INFO  server.RaftServerConfigKeys (ConfUtils.java:logGet(43)) - raft.server.snapshot.auto.trigger.threshold = 10000 (custom)
2019-09-12 10:32:32,659 [pool-430-thread-1] INFO  server.RaftServerConfigKeys (ConfUtils.java:logGet(43)) - raft.server.retrycache.expirytime = 600000ms (custom)
2019-09-12 10:32:32,659 [pool-430-thread-1] INFO  impl.RaftServerImpl (RaftServerImpl.java:start(180)) - 4e126646-8edc-47cd-9403-c39493e18b45: start group-211F32E953D1
2019-09-12 10:32:32,659 [pool-430-thread-1] INFO  impl.RaftServerImpl (RaftServerImpl.java:setRole(171)) - 4e126646-8edc-47cd-9403-c39493e18b45:group-211F32E953D1 changes role from null to FOLLOWER at term 0 for startAsFollower
2019-09-12 10:32:32,660 [pool-430-thread-1] INFO  impl.RoleInfo (RoleInfo.java:updateAndGet(143)) - 4e126646-8edc-47cd-9403-c39493e18b45: start FollowerState
2019-09-12 10:32:32,660 [pool-430-thread-1] INFO  util.JmxRegister (JmxRegister.java:tryRegister(44)) - Successfully registered JMX Bean with object name Ratis:service=RaftServer,group=group-211F32E953D1,id=4e126646-8edc-47cd-9403-c39493e18b45
2019-09-12 10:32:32,662 [RatisPipelineUtilsThread] INFO  pipeline.PipelineStateManager (PipelineStateManager.java:addPipeline(56)) - Created pipeline Pipeline[ Id: e1b4ae7a-644e-49c6-adab-211f32e953d1, Nodes: 4e126646-8edc-47cd-9403-c39493e18b45{ip: 192.168.36.114, host: pr-hdds-1569-58hkm-1881083799, networkLocation: /default-rack, certSerialId: null}, Type:RATIS, Factor:ONE, State:OPEN]
2019-09-12 10:32:32,663 [RatisPipelineUtilsThread] ERROR pipeline.PipelinePlacementPolicy (PipelinePlacementPolicy.java:meetCriteria(92)) - Pipeline Placement: Doesn't meet the criteria to be viable node. Heaviness: 6
2019-09-12 10:32:32,663 [RatisPipelineUtilsThread] ERROR pipeline.PipelinePlacementPolicy (PipelinePlacementPolicy.java:meetCriteria(92)) - Pipeline Placement: Doesn't meet the criteria to be viable node. Heaviness: 6
2019-09-12 10:32:32,668 [grpc-default-executor-1] INFO  impl.RaftServerProxy (RaftServerProxy.java:addNew(89)) - 4e126646-8edc-47cd-9403-c39493e18b45: addNew group-CFD9B96DB8FA:[4e126646-8edc-47cd-9403-c39493e18b45:192.168.36.114:45250] returns group-CFD9B96DB8FA:java.util.concurrent.CompletableFuture@73bb11c7[Not completed]
2019-09-12 10:32:32,669 [pool-430-thread-1] INFO  impl.RaftServerImpl (RaftServerImpl.java:<init>(93)) - 4e126646-8edc-47cd-9403-c39493e18b45: new RaftServerImpl for group-CFD9B96DB8FA:[4e126646-8edc-47cd-9403-c39493e18b45:192.168.36.114:45250] with ContainerStateMachine:uninitialized
2019-09-12 10:32:32,669 [pool-430-thread-1] INFO  server.RaftServerConfigKeys (ConfUtils.java:logGet(43)) - raft.server.rpc.timeout.min = 5s (custom)
2019-09-12 10:32:32,669 [pool-430-thread-1] INFO  server.RaftServerConfigKeys (ConfUtils.java:logGet(43)) - raft.server.rpc.timeout.max = 5200ms (custom)
2019-09-12 10:32:32,669 [pool-430-thread-1] INFO  server.RaftServerConfigKeys (ConfUtils.java:logGet(43)) - raft.server.rpcslowness.timeout = 120s (custom)
2019-09-12 10:32:32,669 [pool-430-thread-1] INFO  server.RaftServerConfigKeys (ConfUtils.java:logGet(43)) - raft.server.sleep.deviation.threshold = 300 (default)
2019-09-12 10:32:32,669 [pool-430-thread-1] INFO  server.RaftServerConfigKeys (ConfUtils.java:logGet(43)) - raft.server.log.appender.install.snapshot.enabled = false (custom)
2019-09-12 10:32:32,669 [pool-430-thread-1] INFO  impl.RaftServerImpl (ServerState.java:<init>(105)) - 4e126646-8edc-47cd-9403-c39493e18b45:group-CFD9B96DB8FA ConfigurationManager, init=-1: [4e126646-8edc-47cd-9403-c39493e18b45:192.168.36.114:45250], old=null, confs=<EMPTY_MAP>
2019-09-12 10:32:32,670 [pool-430-thread-1] INFO  server.RaftServerConfigKeys (ConfUtils.java:logGet(43)) - raft.server.storage.dir = [/workdir/hadoop-ozone/integration-test/target/test-dir/MiniOzoneClusterImpl-fac5a39b-1f62-44b0-aedf-fae56ce7e72b/datanode-2/data/ratis] (custom)
2019-09-12 10:32:32,670 [pool-430-thread-1] INFO  storage.RaftStorageDirectory (RaftStorageDirectory.java:analyzeStorage(246)) - The storage directory /workdir/hadoop-ozone/integration-test/target/test-dir/MiniOzoneClusterImpl-fac5a39b-1f62-44b0-aedf-fae56ce7e72b/datanode-2/data/ratis/9de4568c-af15-4d8f-8d84-cfd9b96db8fa does not exist. Creating ...
2019-09-12 10:32:32,682 [pool-430-thread-1] INFO  storage.RaftStorageDirectory (RaftStorageDirectory.java:tryLock(328)) - Lock on /workdir/hadoop-ozone/integration-test/target/test-dir/MiniOzoneClusterImpl-fac5a39b-1f62-44b0-aedf-fae56ce7e72b/datanode-2/data/ratis/9de4568c-af15-4d8f-8d84-cfd9b96db8fa/in_use.lock acquired by nodename 1396@pr-hdds-1569-58hkm-1881083799
2019-09-12 10:32:32,695 [pool-430-thread-1] INFO  storage.RaftStorage (RaftStorage.java:format(72)) - Storage directory /workdir/hadoop-ozone/integration-test/target/test-dir/MiniOzoneClusterImpl-fac5a39b-1f62-44b0-aedf-fae56ce7e72b/datanode-2/data/ratis/9de4568c-af15-4d8f-8d84-cfd9b96db8fa has been successfully formatted.
2019-09-12 10:32:32,695 [pool-430-thread-1] INFO  ratis.ContainerStateMachine (ContainerStateMachine.java:loadSnapshot(226)) - group-CFD9B96DB8FA: The snapshot info is null. Setting the last applied indexto:(t:0, i:~)
2019-09-12 10:32:32,696 [pool-430-thread-1] INFO  server.RaftServerConfigKeys (ConfUtils.java:logGet(43)) - raft.server.leader.election.timeout = 120s (custom)
2019-09-12 10:32:32,696 [pool-430-thread-1] INFO  server.RaftServerConfigKeys (ConfUtils.java:logGet(43)) - raft.server.log.use.memory = false (default)
2019-09-12 10:32:32,696 [pool-430-thread-1] INFO  server.RaftServerConfigKeys (ConfUtils.java:logGet(43)) - raft.server.log.purge.gap = 1000000 (custom)
2019-09-12 10:32:32,696 [pool-430-thread-1] INFO  server.RaftServerConfigKeys (ConfUtils.java:logGet(43)) - raft.server.log.appender.buffer.byte-limit = 33554432 (custom)
2019-09-12 10:32:32,696 [pool-430-thread-1] INFO  server.RaftServerConfigKeys (ConfUtils.java:logGet(43)) - raft.server.log.segment.size.max = 1048576 (custom)
2019-09-12 10:32:32,696 [pool-430-thread-1] INFO  server.RaftServerConfigKeys (ConfUtils.java:logGet(43)) - raft.server.log.segment.cache.num.max = 2 (custom)
2019-09-12 10:32:32,696 [pool-430-thread-1] INFO  segmented.SegmentedRaftLogWorker (SegmentedRaftLogWorker.java:<init>(172)) - new 4e126646-8edc-47cd-9403-c39493e18b45-SegmentedRaftLogWorker:Storage Directory /workdir/hadoop-ozone/integration-test/target/test-dir/MiniOzoneClusterImpl-fac5a39b-1f62-44b0-aedf-fae56ce7e72b/datanode-2/data/ratis/9de4568c-af15-4d8f-8d84-cfd9b96db8fa for RaftStorage:Storage Directory /workdir/hadoop-ozone/integration-test/target/test-dir/MiniOzoneClusterImpl-fac5a39b-1f62-44b0-aedf-fae56ce7e72b/datanode-2/data/ratis/9de4568c-af15-4d8f-8d84-cfd9b96db8fa
2019-09-12 10:32:32,696 [pool-430-thread-1] INFO  server.RaftServerConfigKeys (ConfUtils.java:logGet(43)) - raft.server.log.queue.byte-limit = 2147483647 (custom)
2019-09-12 10:32:32,697 [pool-430-thread-1] INFO  server.RaftServerConfigKeys (ConfUtils.java:logGet(43)) - raft.server.log.queue.element-limit = 1024 (custom)
2019-09-12 10:32:32,697 [pool-430-thread-1] INFO  server.RaftServerConfigKeys (ConfUtils.java:logGet(43)) - raft.server.log.segment.size.max = 1048576 (custom)
2019-09-12 10:32:32,697 [pool-430-thread-1] INFO  server.RaftServerConfigKeys (ConfUtils.java:logGet(43)) - raft.server.log.preallocated.size = 16384 (custom)
2019-09-12 10:32:32,697 [pool-430-thread-1] INFO  server.RaftServerConfigKeys (ConfUtils.java:logGet(43)) - raft.server.log.write.buffer.size = 33554432 (custom)
2019-09-12 10:32:32,697 [pool-430-thread-1] INFO  server.RaftServerConfigKeys (ConfUtils.java:logGet(43)) - raft.server.log.force.sync.num = 128 (default)
2019-09-12 10:32:32,697 [pool-430-thread-1] INFO  server.RaftServerConfigKeys (ConfUtils.java:logGet(43)) - raft.server.log.statemachine.data.sync = true (default)
2019-09-12 10:32:32,697 [pool-430-thread-1] INFO  server.RaftServerConfigKeys (ConfUtils.java:logGet(43)) - raft.server.log.statemachine.data.sync.timeout = 10s (default)
2019-09-12 10:32:32,697 [pool-430-thread-1] INFO  server.RaftServerConfigKeys (ConfUtils.java:logGet(43)) - raft.server.log.statemachine.data.sync.timeout.retry = -1 (default)
2019-09-12 10:32:32,698 [pool-430-thread-1] INFO  server.RaftServerConfigKeys (ConfUtils.java:logGet(43)) - raft.server.log.statemachine.data.caching.enabled = true (custom)
2019-09-12 10:32:32,698 [pool-430-thread-1] INFO  segmented.SegmentedRaftLogWorker (SegmentedRaftLogWorker.java:lambda$new$0(132)) - 4e126646-8edc-47cd-9403-c39493e18b45-SegmentedRaftLogWorker:Storage Directory /workdir/hadoop-ozone/integration-test/target/test-dir/MiniOzoneClusterImpl-fac5a39b-1f62-44b0-aedf-fae56ce7e72b/datanode-2/data/ratis/9de4568c-af15-4d8f-8d84-cfd9b96db8fa: flushIndex: setUnconditionally 0 -> -1
2019-09-12 10:32:32,698 [pool-430-thread-1] INFO  server.RaftServerConfigKeys (ConfUtils.java:logGet(43)) - raft.server.snapshot.auto.trigger.enabled = true (custom)
2019-09-12 10:32:32,698 [pool-430-thread-1] INFO  server.RaftServerConfigKeys (ConfUtils.java:logGet(43)) - raft.server.snapshot.auto.trigger.threshold = 10000 (custom)
2019-09-12 10:32:32,698 [pool-430-thread-1] INFO  server.RaftServerConfigKeys (ConfUtils.java:logGet(43)) - raft.server.retrycache.expirytime = 600000ms (custom)
2019-09-12 10:32:32,699 [pool-430-thread-1] INFO  impl.RaftServerImpl (RaftServerImpl.java:start(180)) - 4e126646-8edc-47cd-9403-c39493e18b45: start group-CFD9B96DB8FA
2019-09-12 10:32:32,699 [pool-430-thread-1] INFO  impl.RaftServerImpl (RaftServerImpl.java:setRole(171)) - 4e126646-8edc-47cd-9403-c39493e18b45:group-CFD9B96DB8FA changes role from null to FOLLOWER at term 0 for startAsFollower
2019-09-12 10:32:32,699 [pool-430-thread-1] INFO  impl.RoleInfo (RoleInfo.java:updateAndGet(143)) - 4e126646-8edc-47cd-9403-c39493e18b45: start FollowerState
2019-09-12 10:32:32,699 [pool-430-thread-1] INFO  util.JmxRegister (JmxRegister.java:tryRegister(44)) - Successfully registered JMX Bean with object name Ratis:service=RaftServer,group=group-CFD9B96DB8FA,id=4e126646-8edc-47cd-9403-c39493e18b45
2019-09-12 10:32:32,702 [RatisPipelineUtilsThread] INFO  pipeline.PipelineStateManager (PipelineStateManager.java:addPipeline(56)) - Created pipeline Pipeline[ Id: 9de4568c-af15-4d8f-8d84-cfd9b96db8fa, Nodes: 4e126646-8edc-47cd-9403-c39493e18b45{ip: 192.168.36.114, host: pr-hdds-1569-58hkm-1881083799, networkLocation: /default-rack, certSerialId: null}, Type:RATIS, Factor:ONE, State:OPEN]
2019-09-12 10:32:32,702 [RatisPipelineUtilsThread] ERROR pipeline.PipelinePlacementPolicy (PipelinePlacementPolicy.java:meetCriteria(92)) - Pipeline Placement: Doesn't meet the criteria to be viable node. Heaviness: 6
2019-09-12 10:32:32,702 [RatisPipelineUtilsThread] ERROR pipeline.PipelinePlacementPolicy (PipelinePlacementPolicy.java:meetCriteria(92)) - Pipeline Placement: Doesn't meet the criteria to be viable node. Heaviness: 6
2019-09-12 10:32:32,706 [grpc-default-executor-1] INFO  impl.RaftServerProxy (RaftServerProxy.java:addNew(89)) - 4e126646-8edc-47cd-9403-c39493e18b45: addNew group-45884C8A5EF3:[4e126646-8edc-47cd-9403-c39493e18b45:192.168.36.114:45250] returns group-45884C8A5EF3:java.util.concurrent.CompletableFuture@6e906a33[Not completed]
2019-09-12 10:32:32,707 [pool-430-thread-1] INFO  impl.RaftServerImpl (RaftServerImpl.java:<init>(93)) - 4e126646-8edc-47cd-9403-c39493e18b45: new RaftServerImpl for group-45884C8A5EF3:[4e126646-8edc-47cd-9403-c39493e18b45:192.168.36.114:45250] with ContainerStateMachine:uninitialized
2019-09-12 10:32:32,707 [pool-430-thread-1] INFO  server.RaftServerConfigKeys (ConfUtils.java:logGet(43)) - raft.server.rpc.timeout.min = 5s (custom)
2019-09-12 10:32:32,707 [pool-430-thread-1] INFO  server.RaftServerConfigKeys (ConfUtils.java:logGet(43)) - raft.server.rpc.timeout.max = 5200ms (custom)
2019-09-12 10:32:32,707 [pool-430-thread-1] INFO  server.RaftServerConfigKeys (ConfUtils.java:logGet(43)) - raft.server.rpcslowness.timeout = 120s (custom)
2019-09-12 10:32:32,707 [pool-430-thread-1] INFO  server.RaftServerConfigKeys (ConfUtils.java:logGet(43)) - raft.server.sleep.deviation.threshold = 300 (default)
2019-09-12 10:32:32,708 [pool-430-thread-1] INFO  server.RaftServerConfigKeys (ConfUtils.java:logGet(43)) - raft.server.log.appender.install.snapshot.enabled = false (custom)
2019-09-12 10:32:32,708 [pool-430-thread-1] INFO  impl.RaftServerImpl (ServerState.java:<init>(105)) - 4e126646-8edc-47cd-9403-c39493e18b45:group-45884C8A5EF3 ConfigurationManager, init=-1: [4e126646-8edc-47cd-9403-c39493e18b45:192.168.36.114:45250], old=null, confs=<EMPTY_MAP>
2019-09-12 10:32:32,708 [pool-430-thread-1] INFO  server.RaftServerConfigKeys (ConfUtils.java:logGet(43)) - raft.server.storage.dir = [/workdir/hadoop-ozone/integration-test/target/test-dir/MiniOzoneClusterImpl-fac5a39b-1f62-44b0-aedf-fae56ce7e72b/datanode-2/data/ratis] (custom)
2019-09-12 10:32:32,708 [pool-430-thread-1] INFO  storage.RaftStorageDirectory (RaftStorageDirectory.java:analyzeStorage(246)) - The storage directory /workdir/hadoop-ozone/integration-test/target/test-dir/MiniOzoneClusterImpl-fac5a39b-1f62-44b0-aedf-fae56ce7e72b/datanode-2/data/ratis/9dd0879a-d9ae-4faa-a666-45884c8a5ef3 does not exist. Creating ...
2019-09-12 10:32:32,720 [pool-430-thread-1] INFO  storage.RaftStorageDirectory (RaftStorageDirectory.java:tryLock(328)) - Lock on /workdir/hadoop-ozone/integration-test/target/test-dir/MiniOzoneClusterImpl-fac5a39b-1f62-44b0-aedf-fae56ce7e72b/datanode-2/data/ratis/9dd0879a-d9ae-4faa-a666-45884c8a5ef3/in_use.lock acquired by nodename 1396@pr-hdds-1569-58hkm-1881083799
2019-09-12 10:32:32,733 [pool-430-thread-1] INFO  storage.RaftStorage (RaftStorage.java:format(72)) - Storage directory /workdir/hadoop-ozone/integration-test/target/test-dir/MiniOzoneClusterImpl-fac5a39b-1f62-44b0-aedf-fae56ce7e72b/datanode-2/data/ratis/9dd0879a-d9ae-4faa-a666-45884c8a5ef3 has been successfully formatted.
2019-09-12 10:32:32,734 [pool-430-thread-1] INFO  ratis.ContainerStateMachine (ContainerStateMachine.java:loadSnapshot(226)) - group-45884C8A5EF3: The snapshot info is null. Setting the last applied indexto:(t:0, i:~)
2019-09-12 10:32:32,734 [pool-430-thread-1] INFO  server.RaftServerConfigKeys (ConfUtils.java:logGet(43)) - raft.server.leader.election.timeout = 120s (custom)
2019-09-12 10:32:32,734 [pool-430-thread-1] INFO  server.RaftServerConfigKeys (ConfUtils.java:logGet(43)) - raft.server.log.use.memory = false (default)
2019-09-12 10:32:32,734 [pool-430-thread-1] INFO  server.RaftServerConfigKeys (ConfUtils.java:logGet(43)) - raft.server.log.purge.gap = 1000000 (custom)
2019-09-12 10:32:32,734 [pool-430-thread-1] INFO  server.RaftServerConfigKeys (ConfUtils.java:logGet(43)) - raft.server.log.appender.buffer.byte-limit = 33554432 (custom)
2019-09-12 10:32:32,734 [pool-430-thread-1] INFO  server.RaftServerConfigKeys (ConfUtils.java:logGet(43)) - raft.server.log.segment.size.max = 1048576 (custom)
2019-09-12 10:32:32,734 [pool-430-thread-1] INFO  server.RaftServerConfigKeys (ConfUtils.java:logGet(43)) - raft.server.log.segment.cache.num.max = 2 (custom)
2019-09-12 10:32:32,734 [pool-430-thread-1] INFO  segmented.SegmentedRaftLogWorker (SegmentedRaftLogWorker.java:<init>(172)) - new 4e126646-8edc-47cd-9403-c39493e18b45-SegmentedRaftLogWorker:Storage Directory /workdir/hadoop-ozone/integration-test/target/test-dir/MiniOzoneClusterImpl-fac5a39b-1f62-44b0-aedf-fae56ce7e72b/datanode-2/data/ratis/9dd0879a-d9ae-4faa-a666-45884c8a5ef3 for RaftStorage:Storage Directory /workdir/hadoop-ozone/integration-test/target/test-dir/MiniOzoneClusterImpl-fac5a39b-1f62-44b0-aedf-fae56ce7e72b/datanode-2/data/ratis/9dd0879a-d9ae-4faa-a666-45884c8a5ef3
2019-09-12 10:32:32,735 [pool-430-thread-1] INFO  server.RaftServerConfigKeys (ConfUtils.java:logGet(43)) - raft.server.log.queue.byte-limit = 2147483647 (custom)
2019-09-12 10:32:32,735 [pool-430-thread-1] INFO  server.RaftServerConfigKeys (ConfUtils.java:logGet(43)) - raft.server.log.queue.element-limit = 1024 (custom)
2019-09-12 10:32:32,735 [pool-430-thread-1] INFO  server.RaftServerConfigKeys (ConfUtils.java:logGet(43)) - raft.server.log.segment.size.max = 1048576 (custom)
2019-09-12 10:32:32,735 [pool-430-thread-1] INFO  server.RaftServerConfigKeys (ConfUtils.java:logGet(43)) - raft.server.log.preallocated.size = 16384 (custom)
2019-09-12 10:32:32,735 [pool-430-thread-1] INFO  server.RaftServerConfigKeys (ConfUtils.java:logGet(43)) - raft.server.log.write.buffer.size = 33554432 (custom)
2019-09-12 10:32:32,735 [pool-430-thread-1] INFO  server.RaftServerConfigKeys (ConfUtils.java:logGet(43)) - raft.server.log.force.sync.num = 128 (default)
2019-09-12 10:32:32,735 [pool-430-thread-1] INFO  server.RaftServerConfigKeys (ConfUtils.java:logGet(43)) - raft.server.log.statemachine.data.sync = true (default)
2019-09-12 10:32:32,735 [pool-430-thread-1] INFO  server.RaftServerConfigKeys (ConfUtils.java:logGet(43)) - raft.server.log.statemachine.data.sync.timeout = 10s (default)
2019-09-12 10:32:32,736 [pool-430-thread-1] INFO  server.RaftServerConfigKeys (ConfUtils.java:logGet(43)) - raft.server.log.statemachine.data.sync.timeout.retry = -1 (default)
2019-09-12 10:32:32,736 [pool-430-thread-1] INFO  server.RaftServerConfigKeys (ConfUtils.java:logGet(43)) - raft.server.log.statemachine.data.caching.enabled = true (custom)
2019-09-12 10:32:32,736 [pool-430-thread-1] INFO  segmented.SegmentedRaftLogWorker (SegmentedRaftLogWorker.java:lambda$new$0(132)) - 4e126646-8edc-47cd-9403-c39493e18b45-SegmentedRaftLogWorker:Storage Directory /workdir/hadoop-ozone/integration-test/target/test-dir/MiniOzoneClusterImpl-fac5a39b-1f62-44b0-aedf-fae56ce7e72b/datanode-2/data/ratis/9dd0879a-d9ae-4faa-a666-45884c8a5ef3: flushIndex: setUnconditionally 0 -> -1
2019-09-12 10:32:32,736 [pool-430-thread-1] INFO  server.RaftServerConfigKeys (ConfUtils.java:logGet(43)) - raft.server.snapshot.auto.trigger.enabled = true (custom)
2019-09-12 10:32:32,736 [pool-430-thread-1] INFO  server.RaftServerConfigKeys (ConfUtils.java:logGet(43)) - raft.server.snapshot.auto.trigger.threshold = 10000 (custom)
2019-09-12 10:32:32,737 [pool-430-thread-1] INFO  server.RaftServerConfigKeys (ConfUtils.java:logGet(43)) - raft.server.retrycache.expirytime = 600000ms (custom)
2019-09-12 10:32:32,737 [pool-430-thread-1] INFO  impl.RaftServerImpl (RaftServerImpl.java:start(180)) - 4e126646-8edc-47cd-9403-c39493e18b45: start group-45884C8A5EF3
2019-09-12 10:32:32,737 [pool-430-thread-1] INFO  impl.RaftServerImpl (RaftServerImpl.java:setRole(171)) - 4e126646-8edc-47cd-9403-c39493e18b45:group-45884C8A5EF3 changes role from null to FOLLOWER at term 0 for startAsFollower
2019-09-12 10:32:32,737 [pool-430-thread-1] INFO  impl.RoleInfo (RoleInfo.java:updateAndGet(143)) - 4e126646-8edc-47cd-9403-c39493e18b45: start FollowerState
2019-09-12 10:32:32,737 [pool-430-thread-1] INFO  util.JmxRegister (JmxRegister.java:tryRegister(44)) - Successfully registered JMX Bean with object name Ratis:service=RaftServer,group=group-45884C8A5EF3,id=4e126646-8edc-47cd-9403-c39493e18b45
2019-09-12 10:32:32,740 [RatisPipelineUtilsThread] INFO  pipeline.PipelineStateManager (PipelineStateManager.java:addPipeline(56)) - Created pipeline Pipeline[ Id: 9dd0879a-d9ae-4faa-a666-45884c8a5ef3, Nodes: 4e126646-8edc-47cd-9403-c39493e18b45{ip: 192.168.36.114, host: pr-hdds-1569-58hkm-1881083799, networkLocation: /default-rack, certSerialId: null}, Type:RATIS, Factor:ONE, State:OPEN]
2019-09-12 10:32:32,740 [RatisPipelineUtilsThread] ERROR pipeline.PipelinePlacementPolicy (PipelinePlacementPolicy.java:meetCriteria(92)) - Pipeline Placement: Doesn't meet the criteria to be viable node. Heaviness: 6
2019-09-12 10:32:32,740 [RatisPipelineUtilsThread] ERROR pipeline.PipelinePlacementPolicy (PipelinePlacementPolicy.java:meetCriteria(92)) - Pipeline Placement: Doesn't meet the criteria to be viable node. Heaviness: 6
2019-09-12 10:32:32,745 [grpc-default-executor-1] INFO  impl.RaftServerProxy (RaftServerProxy.java:addNew(89)) - 4e126646-8edc-47cd-9403-c39493e18b45: addNew group-E143454CA38C:[4e126646-8edc-47cd-9403-c39493e18b45:192.168.36.114:45250] returns group-E143454CA38C:java.util.concurrent.CompletableFuture@13172853[Not completed]
2019-09-12 10:32:32,746 [pool-430-thread-1] INFO  impl.RaftServerImpl (RaftServerImpl.java:<init>(93)) - 4e126646-8edc-47cd-9403-c39493e18b45: new RaftServerImpl for group-E143454CA38C:[4e126646-8edc-47cd-9403-c39493e18b45:192.168.36.114:45250] with ContainerStateMachine:uninitialized
2019-09-12 10:32:32,746 [pool-430-thread-1] INFO  server.RaftServerConfigKeys (ConfUtils.java:logGet(43)) - raft.server.rpc.timeout.min = 5s (custom)
2019-09-12 10:32:32,746 [pool-430-thread-1] INFO  server.RaftServerConfigKeys (ConfUtils.java:logGet(43)) - raft.server.rpc.timeout.max = 5200ms (custom)
2019-09-12 10:32:32,746 [pool-430-thread-1] INFO  server.RaftServerConfigKeys (ConfUtils.java:logGet(43)) - raft.server.rpcslowness.timeout = 120s (custom)
2019-09-12 10:32:32,746 [pool-430-thread-1] INFO  server.RaftServerConfigKeys (ConfUtils.java:logGet(43)) - raft.server.sleep.deviation.threshold = 300 (default)
2019-09-12 10:32:32,746 [pool-430-thread-1] INFO  server.RaftServerConfigKeys (ConfUtils.java:logGet(43)) - raft.server.log.appender.install.snapshot.enabled = false (custom)
2019-09-12 10:32:32,746 [pool-430-thread-1] INFO  impl.RaftServerImpl (ServerState.java:<init>(105)) - 4e126646-8edc-47cd-9403-c39493e18b45:group-E143454CA38C ConfigurationManager, init=-1: [4e126646-8edc-47cd-9403-c39493e18b45:192.168.36.114:45250], old=null, confs=<EMPTY_MAP>
2019-09-12 10:32:32,746 [pool-430-thread-1] INFO  server.RaftServerConfigKeys (ConfUtils.java:logGet(43)) - raft.server.storage.dir = [/workdir/hadoop-ozone/integration-test/target/test-dir/MiniOzoneClusterImpl-fac5a39b-1f62-44b0-aedf-fae56ce7e72b/datanode-2/data/ratis] (custom)
2019-09-12 10:32:32,747 [pool-430-thread-1] INFO  storage.RaftStorageDirectory (RaftStorageDirectory.java:analyzeStorage(246)) - The storage directory /workdir/hadoop-ozone/integration-test/target/test-dir/MiniOzoneClusterImpl-fac5a39b-1f62-44b0-aedf-fae56ce7e72b/datanode-2/data/ratis/b2c78889-647d-4432-9733-e143454ca38c does not exist. Creating ...
2019-09-12 10:32:32,751 [pool-430-thread-1] INFO  storage.RaftStorageDirectory (RaftStorageDirectory.java:tryLock(328)) - Lock on /workdir/hadoop-ozone/integration-test/target/test-dir/MiniOzoneClusterImpl-fac5a39b-1f62-44b0-aedf-fae56ce7e72b/datanode-2/data/ratis/b2c78889-647d-4432-9733-e143454ca38c/in_use.lock acquired by nodename 1396@pr-hdds-1569-58hkm-1881083799
2019-09-12 10:32:32,754 [pool-430-thread-1] INFO  storage.RaftStorage (RaftStorage.java:format(72)) - Storage directory /workdir/hadoop-ozone/integration-test/target/test-dir/MiniOzoneClusterImpl-fac5a39b-1f62-44b0-aedf-fae56ce7e72b/datanode-2/data/ratis/b2c78889-647d-4432-9733-e143454ca38c has been successfully formatted.
2019-09-12 10:32:32,755 [pool-430-thread-1] INFO  ratis.ContainerStateMachine (ContainerStateMachine.java:loadSnapshot(226)) - group-E143454CA38C: The snapshot info is null. Setting the last applied indexto:(t:0, i:~)
2019-09-12 10:32:32,755 [pool-430-thread-1] INFO  server.RaftServerConfigKeys (ConfUtils.java:logGet(43)) - raft.server.leader.election.timeout = 120s (custom)
2019-09-12 10:32:32,755 [pool-430-thread-1] INFO  server.RaftServerConfigKeys (ConfUtils.java:logGet(43)) - raft.server.log.use.memory = false (default)
2019-09-12 10:32:32,755 [pool-430-thread-1] INFO  server.RaftServerConfigKeys (ConfUtils.java:logGet(43)) - raft.server.log.purge.gap = 1000000 (custom)
2019-09-12 10:32:32,755 [pool-430-thread-1] INFO  server.RaftServerConfigKeys (ConfUtils.java:logGet(43)) - raft.server.log.appender.buffer.byte-limit = 33554432 (custom)
2019-09-12 10:32:32,755 [pool-430-thread-1] INFO  server.RaftServerConfigKeys (ConfUtils.java:logGet(43)) - raft.server.log.segment.size.max = 1048576 (custom)
2019-09-12 10:32:32,755 [pool-430-thread-1] INFO  server.RaftServerConfigKeys (ConfUtils.java:logGet(43)) - raft.server.log.segment.cache.num.max = 2 (custom)
2019-09-12 10:32:32,756 [pool-430-thread-1] INFO  segmented.SegmentedRaftLogWorker (SegmentedRaftLogWorker.java:<init>(172)) - new 4e126646-8edc-47cd-9403-c39493e18b45-SegmentedRaftLogWorker:Storage Directory /workdir/hadoop-ozone/integration-test/target/test-dir/MiniOzoneClusterImpl-fac5a39b-1f62-44b0-aedf-fae56ce7e72b/datanode-2/data/ratis/b2c78889-647d-4432-9733-e143454ca38c for RaftStorage:Storage Directory /workdir/hadoop-ozone/integration-test/target/test-dir/MiniOzoneClusterImpl-fac5a39b-1f62-44b0-aedf-fae56ce7e72b/datanode-2/data/ratis/b2c78889-647d-4432-9733-e143454ca38c
2019-09-12 10:32:32,756 [pool-430-thread-1] INFO  server.RaftServerConfigKeys (ConfUtils.java:logGet(43)) - raft.server.log.queue.byte-limit = 2147483647 (custom)
2019-09-12 10:32:32,756 [pool-430-thread-1] INFO  server.RaftServerConfigKeys (ConfUtils.java:logGet(43)) - raft.server.log.queue.element-limit = 1024 (custom)
2019-09-12 10:32:32,756 [pool-430-thread-1] INFO  server.RaftServerConfigKeys (ConfUtils.java:logGet(43)) - raft.server.log.segment.size.max = 1048576 (custom)
2019-09-12 10:32:32,756 [pool-430-thread-1] INFO  server.RaftServerConfigKeys (ConfUtils.java:logGet(43)) - raft.server.log.preallocated.size = 16384 (custom)
2019-09-12 10:32:32,756 [pool-430-thread-1] INFO  server.RaftServerConfigKeys (ConfUtils.java:logGet(43)) - raft.server.log.write.buffer.size = 33554432 (custom)
2019-09-12 10:32:32,756 [pool-430-thread-1] INFO  server.RaftServerConfigKeys (ConfUtils.java:logGet(43)) - raft.server.log.force.sync.num = 128 (default)
2019-09-12 10:32:32,756 [pool-430-thread-1] INFO  server.RaftServerConfigKeys (ConfUtils.java:logGet(43)) - raft.server.log.statemachine.data.sync = true (default)
2019-09-12 10:32:32,757 [pool-430-thread-1] INFO  server.RaftServerConfigKeys (ConfUtils.java:logGet(43)) - raft.server.log.statemachine.data.sync.timeout = 10s (default)
2019-09-12 10:32:32,757 [pool-430-thread-1] INFO  server.RaftServerConfigKeys (ConfUtils.java:logGet(43)) - raft.server.log.statemachine.data.sync.timeout.retry = -1 (default)
2019-09-12 10:32:32,757 [pool-430-thread-1] INFO  server.RaftServerConfigKeys (ConfUtils.java:logGet(43)) - raft.server.log.statemachine.data.caching.enabled = true (custom)
2019-09-12 10:32:32,757 [pool-430-thread-1] INFO  segmented.SegmentedRaftLogWorker (SegmentedRaftLogWorker.java:lambda$new$0(132)) - 4e126646-8edc-47cd-9403-c39493e18b45-SegmentedRaftLogWorker:Storage Directory /workdir/hadoop-ozone/integration-test/target/test-dir/MiniOzoneClusterImpl-fac5a39b-1f62-44b0-aedf-fae56ce7e72b/datanode-2/data/ratis/b2c78889-647d-4432-9733-e143454ca38c: flushIndex: setUnconditionally 0 -> -1
2019-09-12 10:32:32,757 [pool-430-thread-1] INFO  server.RaftServerConfigKeys (ConfUtils.java:logGet(43)) - raft.server.snapshot.auto.trigger.enabled = true (custom)
2019-09-12 10:32:32,757 [pool-430-thread-1] INFO  server.RaftServerConfigKeys (ConfUtils.java:logGet(43)) - raft.server.snapshot.auto.trigger.threshold = 10000 (custom)
2019-09-12 10:32:32,758 [pool-430-thread-1] INFO  server.RaftServerConfigKeys (ConfUtils.java:logGet(43)) - raft.server.retrycache.expirytime = 600000ms (custom)
2019-09-12 10:32:32,758 [pool-430-thread-1] INFO  impl.RaftServerImpl (RaftServerImpl.java:start(180)) - 4e126646-8edc-47cd-9403-c39493e18b45: start group-E143454CA38C
2019-09-12 10:32:32,758 [pool-430-thread-1] INFO  impl.RaftServerImpl (RaftServerImpl.java:setRole(171)) - 4e126646-8edc-47cd-9403-c39493e18b45:group-E143454CA38C changes role from null to FOLLOWER at term 0 for startAsFollower
2019-09-12 10:32:32,758 [pool-430-thread-1] INFO  impl.RoleInfo (RoleInfo.java:updateAndGet(143)) - 4e126646-8edc-47cd-9403-c39493e18b45: start FollowerState
2019-09-12 10:32:32,758 [pool-430-thread-1] INFO  util.JmxRegister (JmxRegister.java:tryRegister(44)) - Successfully registered JMX Bean with object name Ratis:service=RaftServer,group=group-E143454CA38C,id=4e126646-8edc-47cd-9403-c39493e18b45
2019-09-12 10:32:32,761 [RatisPipelineUtilsThread] INFO  pipeline.PipelineStateManager (PipelineStateManager.java:addPipeline(56)) - Created pipeline Pipeline[ Id: b2c78889-647d-4432-9733-e143454ca38c, Nodes: 4e126646-8edc-47cd-9403-c39493e18b45{ip: 192.168.36.114, host: pr-hdds-1569-58hkm-1881083799, networkLocation: /default-rack, certSerialId: null}, Type:RATIS, Factor:ONE, State:OPEN]
2019-09-12 10:32:32,761 [RatisPipelineUtilsThread] ERROR pipeline.PipelinePlacementPolicy (PipelinePlacementPolicy.java:meetCriteria(92)) - Pipeline Placement: Doesn't meet the criteria to be viable node. Heaviness: 6
2019-09-12 10:32:32,761 [RatisPipelineUtilsThread] ERROR pipeline.PipelinePlacementPolicy (PipelinePlacementPolicy.java:meetCriteria(92)) - Pipeline Placement: Doesn't meet the criteria to be viable node. Heaviness: 6
2019-09-12 10:32:32,766 [grpc-default-executor-1] INFO  impl.RaftServerProxy (RaftServerProxy.java:addNew(89)) - 4e126646-8edc-47cd-9403-c39493e18b45: addNew group-AEEB9D6C224A:[4e126646-8edc-47cd-9403-c39493e18b45:192.168.36.114:45250] returns group-AEEB9D6C224A:java.util.concurrent.CompletableFuture@5875159b[Not completed]
2019-09-12 10:32:32,766 [pool-430-thread-1] INFO  impl.RaftServerImpl (RaftServerImpl.java:<init>(93)) - 4e126646-8edc-47cd-9403-c39493e18b45: new RaftServerImpl for group-AEEB9D6C224A:[4e126646-8edc-47cd-9403-c39493e18b45:192.168.36.114:45250] with ContainerStateMachine:uninitialized
2019-09-12 10:32:32,767 [pool-430-thread-1] INFO  server.RaftServerConfigKeys (ConfUtils.java:logGet(43)) - raft.server.rpc.timeout.min = 5s (custom)
2019-09-12 10:32:32,767 [pool-430-thread-1] INFO  server.RaftServerConfigKeys (ConfUtils.java:logGet(43)) - raft.server.rpc.timeout.max = 5200ms (custom)
2019-09-12 10:32:32,767 [pool-430-thread-1] INFO  server.RaftServerConfigKeys (ConfUtils.java:logGet(43)) - raft.server.rpcslowness.timeout = 120s (custom)
2019-09-12 10:32:32,767 [pool-430-thread-1] INFO  server.RaftServerConfigKeys (ConfUtils.java:logGet(43)) - raft.server.sleep.deviation.threshold = 300 (default)
2019-09-12 10:32:32,767 [pool-430-thread-1] INFO  server.RaftServerConfigKeys (ConfUtils.java:logGet(43)) - raft.server.log.appender.install.snapshot.enabled = false (custom)
2019-09-12 10:32:32,767 [pool-430-thread-1] INFO  impl.RaftServerImpl (ServerState.java:<init>(105)) - 4e126646-8edc-47cd-9403-c39493e18b45:group-AEEB9D6C224A ConfigurationManager, init=-1: [4e126646-8edc-47cd-9403-c39493e18b45:192.168.36.114:45250], old=null, confs=<EMPTY_MAP>
2019-09-12 10:32:32,767 [pool-430-thread-1] INFO  server.RaftServerConfigKeys (ConfUtils.java:logGet(43)) - raft.server.storage.dir = [/workdir/hadoop-ozone/integration-test/target/test-dir/MiniOzoneClusterImpl-fac5a39b-1f62-44b0-aedf-fae56ce7e72b/datanode-2/data/ratis] (custom)
2019-09-12 10:32:32,768 [pool-430-thread-1] INFO  storage.RaftStorageDirectory (RaftStorageDirectory.java:analyzeStorage(246)) - The storage directory /workdir/hadoop-ozone/integration-test/target/test-dir/MiniOzoneClusterImpl-fac5a39b-1f62-44b0-aedf-fae56ce7e72b/datanode-2/data/ratis/d1a220b4-b51e-47e4-afa6-aeeb9d6c224a does not exist. Creating ...
2019-09-12 10:32:32,772 [pool-430-thread-1] INFO  storage.RaftStorageDirectory (RaftStorageDirectory.java:tryLock(328)) - Lock on /workdir/hadoop-ozone/integration-test/target/test-dir/MiniOzoneClusterImpl-fac5a39b-1f62-44b0-aedf-fae56ce7e72b/datanode-2/data/ratis/d1a220b4-b51e-47e4-afa6-aeeb9d6c224a/in_use.lock acquired by nodename 1396@pr-hdds-1569-58hkm-1881083799
2019-09-12 10:32:32,776 [pool-430-thread-1] INFO  storage.RaftStorage (RaftStorage.java:format(72)) - Storage directory /workdir/hadoop-ozone/integration-test/target/test-dir/MiniOzoneClusterImpl-fac5a39b-1f62-44b0-aedf-fae56ce7e72b/datanode-2/data/ratis/d1a220b4-b51e-47e4-afa6-aeeb9d6c224a has been successfully formatted.
2019-09-12 10:32:32,776 [pool-430-thread-1] INFO  ratis.ContainerStateMachine (ContainerStateMachine.java:loadSnapshot(226)) - group-AEEB9D6C224A: The snapshot info is null. Setting the last applied indexto:(t:0, i:~)
2019-09-12 10:32:32,776 [pool-430-thread-1] INFO  server.RaftServerConfigKeys (ConfUtils.java:logGet(43)) - raft.server.leader.election.timeout = 120s (custom)
2019-09-12 10:32:32,777 [pool-430-thread-1] INFO  server.RaftServerConfigKeys (ConfUtils.java:logGet(43)) - raft.server.log.use.memory = false (default)
2019-09-12 10:32:32,777 [pool-430-thread-1] INFO  server.RaftServerConfigKeys (ConfUtils.java:logGet(43)) - raft.server.log.purge.gap = 1000000 (custom)
2019-09-12 10:32:32,777 [pool-430-thread-1] INFO  server.RaftServerConfigKeys (ConfUtils.java:logGet(43)) - raft.server.log.appender.buffer.byte-limit = 33554432 (custom)
2019-09-12 10:32:32,777 [pool-430-thread-1] INFO  server.RaftServerConfigKeys (ConfUtils.java:logGet(43)) - raft.server.log.segment.size.max = 1048576 (custom)
2019-09-12 10:32:32,777 [pool-430-thread-1] INFO  server.RaftServerConfigKeys (ConfUtils.java:logGet(43)) - raft.server.log.segment.cache.num.max = 2 (custom)
2019-09-12 10:32:32,777 [pool-430-thread-1] INFO  segmented.SegmentedRaftLogWorker (SegmentedRaftLogWorker.java:<init>(172)) - new 4e126646-8edc-47cd-9403-c39493e18b45-SegmentedRaftLogWorker:Storage Directory /workdir/hadoop-ozone/integration-test/target/test-dir/MiniOzoneClusterImpl-fac5a39b-1f62-44b0-aedf-fae56ce7e72b/datanode-2/data/ratis/d1a220b4-b51e-47e4-afa6-aeeb9d6c224a for RaftStorage:Storage Directory /workdir/hadoop-ozone/integration-test/target/test-dir/MiniOzoneClusterImpl-fac5a39b-1f62-44b0-aedf-fae56ce7e72b/datanode-2/data/ratis/d1a220b4-b51e-47e4-afa6-aeeb9d6c224a
2019-09-12 10:32:32,777 [pool-430-thread-1] INFO  server.RaftServerConfigKeys (ConfUtils.java:logGet(43)) - raft.server.log.queue.byte-limit = 2147483647 (custom)
2019-09-12 10:32:32,778 [pool-430-thread-1] INFO  server.RaftServerConfigKeys (ConfUtils.java:logGet(43)) - raft.server.log.queue.element-limit = 1024 (custom)
2019-09-12 10:32:32,778 [pool-430-thread-1] INFO  server.RaftServerConfigKeys (ConfUtils.java:logGet(43)) - raft.server.log.segment.size.max = 1048576 (custom)
2019-09-12 10:32:32,778 [pool-430-thread-1] INFO  server.RaftServerConfigKeys (ConfUtils.java:logGet(43)) - raft.server.log.preallocated.size = 16384 (custom)
2019-09-12 10:32:32,778 [pool-430-thread-1] INFO  server.RaftServerConfigKeys (ConfUtils.java:logGet(43)) - raft.server.log.write.buffer.size = 33554432 (custom)
2019-09-12 10:32:32,778 [pool-430-thread-1] INFO  server.RaftServerConfigKeys (ConfUtils.java:logGet(43)) - raft.server.log.force.sync.num = 128 (default)
2019-09-12 10:32:32,778 [pool-430-thread-1] INFO  server.RaftServerConfigKeys (ConfUtils.java:logGet(43)) - raft.server.log.statemachine.data.sync = true (default)
2019-09-12 10:32:32,778 [pool-430-thread-1] INFO  server.RaftServerConfigKeys (ConfUtils.java:logGet(43)) - raft.server.log.statemachine.data.sync.timeout = 10s (default)
2019-09-12 10:32:32,779 [pool-430-thread-1] INFO  server.RaftServerConfigKeys (ConfUtils.java:logGet(43)) - raft.server.log.statemachine.data.sync.timeout.retry = -1 (default)
2019-09-12 10:32:32,779 [pool-430-thread-1] INFO  server.RaftServerConfigKeys (ConfUtils.java:logGet(43)) - raft.server.log.statemachine.data.caching.enabled = true (custom)
2019-09-12 10:32:32,779 [pool-430-thread-1] INFO  segmented.SegmentedRaftLogWorker (SegmentedRaftLogWorker.java:lambda$new$0(132)) - 4e126646-8edc-47cd-9403-c39493e18b45-SegmentedRaftLogWorker:Storage Directory /workdir/hadoop-ozone/integration-test/target/test-dir/MiniOzoneClusterImpl-fac5a39b-1f62-44b0-aedf-fae56ce7e72b/datanode-2/data/ratis/d1a220b4-b51e-47e4-afa6-aeeb9d6c224a: flushIndex: setUnconditionally 0 -> -1
2019-09-12 10:32:32,779 [pool-430-thread-1] INFO  server.RaftServerConfigKeys (ConfUtils.java:logGet(43)) - raft.server.snapshot.auto.trigger.enabled = true (custom)
2019-09-12 10:32:32,779 [pool-430-thread-1] INFO  server.RaftServerConfigKeys (ConfUtils.java:logGet(43)) - raft.server.snapshot.auto.trigger.threshold = 10000 (custom)
2019-09-12 10:32:32,780 [pool-430-thread-1] INFO  server.RaftServerConfigKeys (ConfUtils.java:logGet(43)) - raft.server.retrycache.expirytime = 600000ms (custom)
2019-09-12 10:32:32,780 [pool-430-thread-1] INFO  impl.RaftServerImpl (RaftServerImpl.java:start(180)) - 4e126646-8edc-47cd-9403-c39493e18b45: start group-AEEB9D6C224A
2019-09-12 10:32:32,780 [pool-430-thread-1] INFO  impl.RaftServerImpl (RaftServerImpl.java:setRole(171)) - 4e126646-8edc-47cd-9403-c39493e18b45:group-AEEB9D6C224A changes role from null to FOLLOWER at term 0 for startAsFollower
2019-09-12 10:32:32,780 [pool-430-thread-1] INFO  impl.RoleInfo (RoleInfo.java:updateAndGet(143)) - 4e126646-8edc-47cd-9403-c39493e18b45: start FollowerState
2019-09-12 10:32:32,780 [pool-430-thread-1] INFO  util.JmxRegister (JmxRegister.java:tryRegister(44)) - Successfully registered JMX Bean with object name Ratis:service=RaftServer,group=group-AEEB9D6C224A,id=4e126646-8edc-47cd-9403-c39493e18b45
2019-09-12 10:32:32,783 [RatisPipelineUtilsThread] INFO  pipeline.PipelineStateManager (PipelineStateManager.java:addPipeline(56)) - Created pipeline Pipeline[ Id: d1a220b4-b51e-47e4-afa6-aeeb9d6c224a, Nodes: 4e126646-8edc-47cd-9403-c39493e18b45{ip: 192.168.36.114, host: pr-hdds-1569-58hkm-1881083799, networkLocation: /default-rack, certSerialId: null}, Type:RATIS, Factor:ONE, State:OPEN]
2019-09-12 10:32:32,783 [RatisPipelineUtilsThread] ERROR pipeline.PipelinePlacementPolicy (PipelinePlacementPolicy.java:meetCriteria(92)) - Pipeline Placement: Doesn't meet the criteria to be viable node. Heaviness: 6
2019-09-12 10:32:32,783 [RatisPipelineUtilsThread] ERROR pipeline.PipelinePlacementPolicy (PipelinePlacementPolicy.java:meetCriteria(92)) - Pipeline Placement: Doesn't meet the criteria to be viable node. Heaviness: 6
2019-09-12 10:32:32,783 [RatisPipelineUtilsThread] ERROR pipeline.PipelinePlacementPolicy (PipelinePlacementPolicy.java:meetCriteria(92)) - Pipeline Placement: Doesn't meet the criteria to be viable node. Heaviness: 6
2019-09-12 10:32:32,783 [RatisPipelineUtilsThread] ERROR pipeline.PipelinePlacementPolicy (PipelinePlacementPolicy.java:filterViableNodes(147)) - Unable to find enough nodes that meet the criteria that cannot engage in more than 5 pipelines. Nodes required: 1 Found: 0, healthy nodes count inNodeManager: 3.
2019-09-12 10:32:32,784 [RatisPipelineUtilsThread] ERROR pipeline.SCMPipelineManager (SCMPipelineManager.java:createPipeline(161)) - Pipeline creation failed due to exception: Unable to find enough nodes that meet the criteria that cannot engage in more than 5 pipelines. Nodes required: 1 Found: 0, healthy nodes count inNodeManager: 3.
2019-09-12 10:32:32,784 [RatisPipelineUtilsThread] ERROR pipeline.PipelinePlacementPolicy (PipelinePlacementPolicy.java:meetCriteria(92)) - Pipeline Placement: Doesn't meet the criteria to be viable node. Heaviness: 6
2019-09-12 10:32:32,784 [RatisPipelineUtilsThread] ERROR pipeline.PipelinePlacementPolicy (PipelinePlacementPolicy.java:meetCriteria(92)) - Pipeline Placement: Doesn't meet the criteria to be viable node. Heaviness: 6
2019-09-12 10:32:32,784 [RatisPipelineUtilsThread] ERROR pipeline.PipelinePlacementPolicy (PipelinePlacementPolicy.java:meetCriteria(92)) - Pipeline Placement: Doesn't meet the criteria to be viable node. Heaviness: 6
2019-09-12 10:32:32,784 [RatisPipelineUtilsThread] ERROR pipeline.PipelinePlacementPolicy (PipelinePlacementPolicy.java:filterViableNodes(147)) - Unable to find enough nodes that meet the criteria that cannot engage in more than 5 pipelines. Nodes required: 3 Found: 0, healthy nodes count inNodeManager: 3.
2019-09-12 10:32:32,784 [RatisPipelineUtilsThread] ERROR pipeline.SCMPipelineManager (SCMPipelineManager.java:createPipeline(161)) - Pipeline creation failed due to exception: Unable to find enough nodes that meet the criteria that cannot engage in more than 5 pipelines. Nodes required: 3 Found: 0, healthy nodes count inNodeManager: 3.
2019-09-12 10:32:32,834 [Thread-1670] INFO  impl.FollowerState (FollowerState.java:run(106)) - 873ff125-9641-4674-9775-ec96c107c12e:group-B0BF0BD87419 changes to CANDIDATE, lastRpcTime:22738, electionTimeout:5002ms
2019-09-12 10:32:32,834 [Thread-1670] INFO  impl.RoleInfo (RoleInfo.java:shutdownFollowerState(121)) - 873ff125-9641-4674-9775-ec96c107c12e: shutdown FollowerState
2019-09-12 10:32:32,834 [Thread-1670] INFO  impl.RaftServerImpl (RaftServerImpl.java:setRole(171)) - 873ff125-9641-4674-9775-ec96c107c12e:group-B0BF0BD87419 changes role from FOLLOWER to CANDIDATE at term 0 for changeToCandidate
2019-09-12 10:32:32,834 [Thread-1670] INFO  impl.RoleInfo (RoleInfo.java:updateAndGet(143)) - 873ff125-9641-4674-9775-ec96c107c12e: start LeaderElection
2019-09-12 10:32:32,838 [873ff125-9641-4674-9775-ec96c107c12e:group-B0BF0BD87419:LeaderElection162] INFO  impl.LeaderElection (LeaderElection.java:askForVotes(181)) - 873ff125-9641-4674-9775-ec96c107c12e:group-B0BF0BD87419:LeaderElection162: begin an election at term 1 for -1: [873ff125-9641-4674-9775-ec96c107c12e:192.168.36.114:35238], old=null
2019-09-12 10:32:32,838 [873ff125-9641-4674-9775-ec96c107c12e:group-B0BF0BD87419:LeaderElection162] INFO  impl.RoleInfo (RoleInfo.java:shutdownLeaderElection(134)) - 873ff125-9641-4674-9775-ec96c107c12e: shutdown LeaderElection
2019-09-12 10:32:32,839 [873ff125-9641-4674-9775-ec96c107c12e:group-B0BF0BD87419:LeaderElection162] INFO  impl.RaftServerImpl (RaftServerImpl.java:setRole(171)) - 873ff125-9641-4674-9775-ec96c107c12e:group-B0BF0BD87419 changes role from CANDIDATE to LEADER at term 1 for changeToLeader
2019-09-12 10:32:32,839 [873ff125-9641-4674-9775-ec96c107c12e:group-B0BF0BD87419:LeaderElection162] INFO  impl.RaftServerImpl (ServerState.java:setLeader(263)) - 873ff125-9641-4674-9775-ec96c107c12e:group-B0BF0BD87419 change Leader from null to 873ff125-9641-4674-9775-ec96c107c12e at term 1 for becomeLeader, leader elected after 22747ms
2019-09-12 10:32:32,839 [873ff125-9641-4674-9775-ec96c107c12e:group-B0BF0BD87419:LeaderElection162] INFO  server.RaftServerConfigKeys (ConfUtils.java:logGet(43)) - raft.server.staging.catchup.gap = 1000 (default)
2019-09-12 10:32:32,839 [873ff125-9641-4674-9775-ec96c107c12e:group-B0BF0BD87419:LeaderElection162] INFO  server.RaftServerConfigKeys (ConfUtils.java:logGet(43)) - raft.server.rpc.sleep.time = 25ms (default)
2019-09-12 10:32:32,839 [873ff125-9641-4674-9775-ec96c107c12e:group-B0BF0BD87419:LeaderElection162] INFO  server.RaftServerConfigKeys (ConfUtils.java:logGet(43)) - raft.server.write.element-limit = 4096 (default)
2019-09-12 10:32:32,839 [873ff125-9641-4674-9775-ec96c107c12e:group-B0BF0BD87419:LeaderElection162] INFO  server.RaftServerConfigKeys (ConfUtils.java:logGet(43)) - raft.server.watch.timeout = 10s (default)
2019-09-12 10:32:32,839 [873ff125-9641-4674-9775-ec96c107c12e:group-B0BF0BD87419:LeaderElection162] INFO  server.RaftServerConfigKeys (ConfUtils.java:logGet(43)) - raft.server.watch.timeout.denomination = 1s (default)
2019-09-12 10:32:32,840 [873ff125-9641-4674-9775-ec96c107c12e:group-B0BF0BD87419:LeaderElection162] INFO  server.RaftServerConfigKeys (ConfUtils.java:logGet(43)) - raft.server.watch.element-limit = 65536 (default)
2019-09-12 10:32:32,840 [873ff125-9641-4674-9775-ec96c107c12e:group-B0BF0BD87419:LeaderElection162] INFO  impl.RoleInfo (RoleInfo.java:updateAndGet(143)) - 873ff125-9641-4674-9775-ec96c107c12e: start LeaderState
2019-09-12 10:32:32,840 [873ff125-9641-4674-9775-ec96c107c12e:group-B0BF0BD87419:LeaderElection162] INFO  segmented.SegmentedRaftLogWorker (SegmentedRaftLogWorker.java:startLogSegment(380)) - 873ff125-9641-4674-9775-ec96c107c12e-SegmentedRaftLogWorker:Storage Directory /workdir/hadoop-ozone/integration-test/target/test-dir/MiniOzoneClusterImpl-39631bd2-f83c-4f24-acb2-4c1b273f2694/datanode-6/data/ratis/f6c311b2-1a8d-4b32-a065-b0bf0bd87419: Starting segment from index:0
2019-09-12 10:32:33,566 | INFO  | SCMAudit | user=jenkins1000 | ip=192.168.36.114 | op=SEND_HEARTBEAT {datanodeUUID=f85b420b-0060-4bb9-9f68-598eed9b442f, command=[]} | ret=SUCCESS |  
2019-09-12 10:32:33,566 | INFO  | SCMAudit | user=jenkins1000 | ip=192.168.36.114 | op=SEND_HEARTBEAT {datanodeUUID=873ff125-9641-4674-9775-ec96c107c12e, command=[]} | ret=SUCCESS |  
2019-09-12 10:32:33,566 | INFO  | SCMAudit | user=jenkins1000 | ip=192.168.36.114 | op=SEND_HEARTBEAT {datanodeUUID=edb6c4a3-9bf1-4f2e-8ef0-c37d9a0378de, command=[]} | ret=SUCCESS |  
2019-09-12 10:32:33,566 | INFO  | SCMAudit | user=jenkins1000 | ip=192.168.36.114 | op=SEND_HEARTBEAT {datanodeUUID=57729e88-c64a-441d-a40e-ceaddf64552e, command=[]} | ret=SUCCESS |  
2019-09-12 10:32:33,566 | INFO  | SCMAudit | user=jenkins1000 | ip=192.168.36.114 | op=SEND_HEARTBEAT {datanodeUUID=a95fd1d5-e9a9-4526-b4c7-6aa1a85e40e9, command=[]} | ret=SUCCESS |  
2019-09-12 10:32:33,566 | INFO  | SCMAudit | user=jenkins1000 | ip=192.168.36.114 | op=SEND_HEARTBEAT {datanodeUUID=f8fc8350-8b83-4a15-89e6-430db21616f7, command=[]} | ret=SUCCESS |  
2019-09-12 10:32:33,568 | INFO  | SCMAudit | user=jenkins1000 | ip=192.168.36.114 | op=SEND_HEARTBEAT {datanodeUUID=22ce2f4b-d517-44cf-8041-712d813e08f3, command=[]} | ret=SUCCESS |  
2019-09-12 10:32:33,568 | INFO  | SCMAudit | user=jenkins1000 | ip=192.168.36.114 | op=SEND_HEARTBEAT {datanodeUUID=9616c881-dbb1-48da-90dd-a872ed779a2e, command=[]} | ret=SUCCESS |  
2019-09-12 10:32:33,568 | INFO  | SCMAudit | user=jenkins1000 | ip=192.168.36.114 | op=SEND_HEARTBEAT {datanodeUUID=eaeff1e2-de9c-4510-872d-283eb6c3c330, command=[]} | ret=SUCCESS |  
2019-09-12 10:32:33,568 | INFO  | SCMAudit | user=jenkins1000 | ip=192.168.36.114 | op=SEND_HEARTBEAT {datanodeUUID=39df7a3f-9691-48d4-a2b1-6888489a5f8a, command=[]} | ret=SUCCESS |  
2019-09-12 10:32:33,568 | INFO  | SCMAudit | user=jenkins1000 | ip=192.168.36.114 | op=SEND_HEARTBEAT {datanodeUUID=f17b4253-95a0-4ee6-8ded-88f070f15b33, command=[]} | ret=SUCCESS |  
2019-09-12 10:32:33,568 | INFO  | SCMAudit | user=jenkins1000 | ip=192.168.36.114 | op=SEND_HEARTBEAT {datanodeUUID=c1e71898-521f-4627-a3f1-9884c4b96ced, command=[]} | ret=SUCCESS |  
2019-09-12 10:32:33,568 | INFO  | SCMAudit | user=jenkins1000 | ip=192.168.36.114 | op=SEND_HEARTBEAT {datanodeUUID=2cb9d557-cb56-4745-8686-5e72b62e748a, command=[]} | ret=SUCCESS |  
2019-09-12 10:32:33,568 | INFO  | SCMAudit | user=jenkins1000 | ip=192.168.36.114 | op=SEND_HEARTBEAT {datanodeUUID=2df0b56f-bcaf-45a1-b35e-f30a30c5f26c, command=[]} | ret=SUCCESS |  
2019-09-12 10:32:32,840 [873ff125-9641-4674-9775-ec96c107c12e:group-B0BF0BD87419:LeaderElection162] INFO  impl.RaftServerImpl (ServerState.java:setRaftConf(361)) - 873ff125-9641-4674-9775-ec96c107c12e:group-B0BF0BD87419 set configuration 0: [873ff125-9641-4674-9775-ec96c107c12e:192.168.36.114:35238], old=null at 0
2019-09-12 10:32:33,568 | INFO  | SCMAudit | user=jenkins1000 | ip=192.168.36.114 | op=SEND_HEARTBEAT {datanodeUUID=c9031a36-5f7c-4098-8bea-8a46141708a6, command=[]} | ret=SUCCESS |  
2019-09-12 10:32:33,569 | INFO  | SCMAudit | user=jenkins1000 | ip=192.168.36.114 | op=SEND_HEARTBEAT {datanodeUUID=af27d03c-0a72-43b4-9e80-d162a1883bf6, command=[]} | ret=SUCCESS |  
2019-09-12 10:32:33,569 | INFO  | SCMAudit | user=jenkins1000 | ip=192.168.36.114 | op=GET_VERSION null | ret=SUCCESS |  
2019-09-12 10:32:33,569 | INFO  | SCMAudit | user=jenkins1000 | ip=192.168.36.114 | op=SEND_HEARTBEAT {datanodeUUID=ff438662-24cf-49bb-bfc5-3308ec6d286b, command=[]} | ret=SUCCESS |  
2019-09-12 10:32:33,569 [RatisPipelineUtilsThread] ERROR pipeline.PipelinePlacementPolicy (PipelinePlacementPolicy.java:meetCriteria(92)) - Pipeline Placement: Doesn't meet the criteria to be viable node. Heaviness: 6
2019-09-12 10:32:33,569 | INFO  | SCMAudit | user=jenkins1000 | ip=192.168.36.114 | op=SEND_HEARTBEAT {datanodeUUID=b6dd7c38-f675-445e-811b-15cf17d56c0a, command=[]} | ret=SUCCESS |  
2019-09-12 10:32:33,569 | INFO  | SCMAudit | user=jenkins1000 | ip=192.168.36.114 | op=SEND_HEARTBEAT {datanodeUUID=accf000b-d7b7-4fa5-9682-da82c4451e10, command=[]} | ret=SUCCESS |  
2019-09-12 10:32:33,569 | INFO  | SCMAudit | user=jenkins1000 | ip=192.168.36.114 | op=SEND_HEARTBEAT {datanodeUUID=caccd92c-2544-4e02-86cf-95849f240c1b, command=[]} | ret=SUCCESS |  
2019-09-12 10:32:33,569 [RatisPipelineUtilsThread] ERROR pipeline.PipelinePlacementPolicy (PipelinePlacementPolicy.java:meetCriteria(92)) - Pipeline Placement: Doesn't meet the criteria to be viable node. Heaviness: 6
2019-09-12 10:32:33,569 | INFO  | SCMAudit | user=jenkins1000 | ip=192.168.36.114 | op=SEND_HEARTBEAT {datanodeUUID=d9d65fd8-d100-497d-8460-9a4cf62b4ad5, command=[]} | ret=SUCCESS |  
2019-09-12 10:32:33,569 | INFO  | SCMAudit | user=jenkins1000 | ip=192.168.36.114 | op=SEND_HEARTBEAT {datanodeUUID=c54af6f8-a22e-478f-90e1-029d14059a99, command=[]} | ret=SUCCESS |  
2019-09-12 10:32:33,569 [RatisPipelineUtilsThread] ERROR pipeline.PipelinePlacementPolicy (PipelinePlacementPolicy.java:meetCriteria(92)) - Pipeline Placement: Doesn't meet the criteria to be viable node. Heaviness: 6
2019-09-12 10:32:33,569 | INFO  | SCMAudit | user=jenkins1000 | ip=192.168.36.114 | op=SEND_HEARTBEAT {datanodeUUID=2d50b591-d6e4-490f-9fa0-973ad5423bd7, command=[]} | ret=SUCCESS |  
2019-09-12 10:32:33,569 | INFO  | SCMAudit | user=jenkins1000 | ip=192.168.36.114 | op=SEND_HEARTBEAT {datanodeUUID=bcda0514-d42e-47ca-96fd-c0a633e872a8, command=[]} | ret=SUCCESS |  
2019-09-12 10:32:33,569 | INFO  | SCMAudit | user=jenkins1000 | ip=192.168.36.114 | op=SEND_HEARTBEAT {datanodeUUID=d40ec8ee-ac9e-41d6-86bd-e74a05605b85, command=[]} | ret=SUCCESS |  
2019-09-12 10:32:33,569 | INFO  | SCMAudit | user=jenkins1000 | ip=192.168.36.114 | op=SEND_HEARTBEAT {datanodeUUID=ad8ae342-df06-4311-9d84-524877c98111, command=[]} | ret=SUCCESS |  
2019-09-12 10:32:33,568 [Thread-1673] WARN  util.JavaUtils (JavaUtils.java:sleep(250)) - Unexpected long sleep: sleep(5071ms) actually took 5737ms which is over the threshold 300ms
2019-09-12 10:32:33,570 | INFO  | SCMAudit | user=jenkins1000 | ip=192.168.36.114 | op=SEND_HEARTBEAT {datanodeUUID=334c5273-7871-4d53-8b37-de05e5a3be10, command=[]} | ret=SUCCESS |  
2019-09-12 10:32:33,568 [IPC Server handler 7 on 42933] INFO  net.NetworkTopology (NetworkTopologyImpl.java:add(110)) - Added a new node: /default-rack/9bf0d246-3308-4376-bff1-b5ae143bf3ac
2019-09-12 10:32:33,568 [Thread-1667] WARN  util.JavaUtils (JavaUtils.java:sleep(250)) - Unexpected long sleep: sleep(5084ms) actually took 5736ms which is over the threshold 300ms
2019-09-12 10:32:33,568 [Thread-1679] WARN  util.JavaUtils (JavaUtils.java:sleep(250)) - Unexpected long sleep: sleep(5136ms) actually took 5736ms which is over the threshold 300ms
2019-09-12 10:32:33,570 | INFO  | SCMAudit | user=jenkins1000 | ip=192.168.36.114 | op=SEND_HEARTBEAT {datanodeUUID=1349d5ba-07d4-450a-9218-4f0361201438, command=[]} | ret=SUCCESS |  
2019-09-12 10:32:33,570 | INFO  | SCMAudit | user=jenkins1000 | ip=192.168.36.114 | op=SEND_HEARTBEAT {datanodeUUID=5dd0cd62-5770-41dd-9e5a-f3f3eedc40c1, command=[]} | ret=SUCCESS |  
2019-09-12 10:32:33,564 [main] INFO  ozone.MiniOzoneClusterImpl (MiniOzoneClusterImpl.java:lambda$waitForClusterToBeReady$0(142)) - Waiting for cluster to be ready. Got 3 of 7 DN Heartbeats.
2019-09-12 10:32:33,570 [IPC Server handler 7 on 42933] INFO  node.SCMNodeManager (SCMNodeManager.java:register(273)) - Registered Data node : 9bf0d246-3308-4376-bff1-b5ae143bf3ac{ip: 192.168.36.114, host: pr-hdds-1569-58hkm-1881083799, networkLocation: /default-rack, certSerialId: null}
2019-09-12 10:32:33,601 | INFO  | SCMAudit | user=jenkins1000 | ip=192.168.36.114 | op=REGISTER {datanodeDetails=9bf0d246-3308-4376-bff1-b5ae143bf3ac{ip: 192.168.36.114, host: pr-hdds-1569-58hkm-1881083799, networkLocation: /default-rack, certSerialId: null}} | ret=SUCCESS |  
2019-09-12 10:32:33,601 [Datanode State Machine Thread - 0] INFO  ozoneimpl.OzoneContainer (OzoneContainer.java:start(186)) - Attempting to start container services.
2019-09-12 10:32:33,601 [Datanode State Machine Thread - 0] INFO  ozoneimpl.OzoneContainer (OzoneContainer.java:startContainerScrub(160)) - Background container scrubber has been disabled by hdds.containerscrub.enabled
2019-09-12 10:32:33,601 [Datanode State Machine Thread - 0] INFO  ratis.XceiverServerRatis (XceiverServerRatis.java:start(404)) - Starting XceiverServerRatis f8eac030-7323-4fb2-b4ff-d6cb9d0d6881 at port 0
2019-09-12 10:32:33,614 [grpc-default-executor-1] INFO  impl.RaftServerProxy (RaftServerProxy.java:addNew(89)) - 9bf0d246-3308-4376-bff1-b5ae143bf3ac: addNew group-B684E0417822:[9bf0d246-3308-4376-bff1-b5ae143bf3ac:192.168.36.114:43069] returns group-B684E0417822:java.util.concurrent.CompletableFuture@7fcd4f1f[Not completed]
2019-09-12 10:32:33,616 [pool-441-thread-1] INFO  impl.RaftServerImpl (RaftServerImpl.java:<init>(93)) - 9bf0d246-3308-4376-bff1-b5ae143bf3ac: new RaftServerImpl for group-B684E0417822:[9bf0d246-3308-4376-bff1-b5ae143bf3ac:192.168.36.114:43069] with ContainerStateMachine:uninitialized
2019-09-12 10:32:33,616 [pool-441-thread-1] INFO  server.RaftServerConfigKeys (ConfUtils.java:logGet(43)) - raft.server.rpc.timeout.min = 5s (custom)
2019-09-12 10:32:33,616 [pool-441-thread-1] INFO  server.RaftServerConfigKeys (ConfUtils.java:logGet(43)) - raft.server.rpc.timeout.max = 5200ms (custom)
2019-09-12 10:32:33,616 [pool-441-thread-1] INFO  server.RaftServerConfigKeys (ConfUtils.java:logGet(43)) - raft.server.rpcslowness.timeout = 120s (custom)
2019-09-12 10:32:33,616 [pool-441-thread-1] INFO  server.RaftServerConfigKeys (ConfUtils.java:logGet(43)) - raft.server.sleep.deviation.threshold = 300 (default)
2019-09-12 10:32:33,616 [pool-441-thread-1] INFO  server.RaftServerConfigKeys (ConfUtils.java:logGet(43)) - raft.server.log.appender.install.snapshot.enabled = false (custom)
2019-09-12 10:32:33,616 [pool-441-thread-1] INFO  impl.RaftServerImpl (ServerState.java:<init>(105)) - 9bf0d246-3308-4376-bff1-b5ae143bf3ac:group-B684E0417822 ConfigurationManager, init=-1: [9bf0d246-3308-4376-bff1-b5ae143bf3ac:192.168.36.114:43069], old=null, confs=<EMPTY_MAP>
2019-09-12 10:32:33,617 [pool-441-thread-1] INFO  server.RaftServerConfigKeys (ConfUtils.java:logGet(43)) - raft.server.storage.dir = [/workdir/hadoop-ozone/integration-test/target/test-dir/MiniOzoneClusterImpl-fac5a39b-1f62-44b0-aedf-fae56ce7e72b/datanode-3/data/ratis] (custom)
2019-09-12 10:32:33,617 [Datanode State Machine Thread - 0] INFO  impl.RaftServerProxy (RaftServerProxy.java:lambda$start$3(299)) - f8eac030-7323-4fb2-b4ff-d6cb9d0d6881: start RPC server
2019-09-12 10:32:33,617 [pool-441-thread-1] INFO  storage.RaftStorageDirectory (RaftStorageDirectory.java:analyzeStorage(246)) - The storage directory /workdir/hadoop-ozone/integration-test/target/test-dir/MiniOzoneClusterImpl-fac5a39b-1f62-44b0-aedf-fae56ce7e72b/datanode-3/data/ratis/75e8a519-cca4-49fe-901e-b684e0417822 does not exist. Creating ...
2019-09-12 10:32:33,618 [Datanode State Machine Thread - 0] INFO  server.GrpcService (GrpcService.java:startImpl(149)) - f8eac030-7323-4fb2-b4ff-d6cb9d0d6881: GrpcService started, listening on 0.0.0.0/0.0.0.0:40366
2019-09-12 10:32:33,618 [Datanode State Machine Thread - 0] INFO  ratis.XceiverServerRatis (XceiverServerRatis.java:start(414)) - XceiverServerRatis f8eac030-7323-4fb2-b4ff-d6cb9d0d6881 is started using port 40366
2019-09-12 10:32:33,618 [Datanode State Machine Thread - 0] INFO  server.XceiverServerGrpc (XceiverServerGrpc.java:start(163)) - XceiverServerGrpc f8eac030-7323-4fb2-b4ff-d6cb9d0d6881 is started using port 44478
2019-09-12 10:32:33,631 [pool-441-thread-1] INFO  storage.RaftStorageDirectory (RaftStorageDirectory.java:tryLock(328)) - Lock on /workdir/hadoop-ozone/integration-test/target/test-dir/MiniOzoneClusterImpl-fac5a39b-1f62-44b0-aedf-fae56ce7e72b/datanode-3/data/ratis/75e8a519-cca4-49fe-901e-b684e0417822/in_use.lock acquired by nodename 1396@pr-hdds-1569-58hkm-1881083799
2019-09-12 10:32:33,644 [pool-441-thread-1] INFO  storage.RaftStorage (RaftStorage.java:format(72)) - Storage directory /workdir/hadoop-ozone/integration-test/target/test-dir/MiniOzoneClusterImpl-fac5a39b-1f62-44b0-aedf-fae56ce7e72b/datanode-3/data/ratis/75e8a519-cca4-49fe-901e-b684e0417822 has been successfully formatted.
2019-09-12 10:32:33,645 [pool-441-thread-1] INFO  ratis.ContainerStateMachine (ContainerStateMachine.java:loadSnapshot(226)) - group-B684E0417822: The snapshot info is null. Setting the last applied indexto:(t:0, i:~)
2019-09-12 10:32:33,645 [pool-441-thread-1] INFO  server.RaftServerConfigKeys (ConfUtils.java:logGet(43)) - raft.server.leader.election.timeout = 120s (custom)
2019-09-12 10:32:33,645 [pool-441-thread-1] INFO  server.RaftServerConfigKeys (ConfUtils.java:logGet(43)) - raft.server.log.use.memory = false (default)
2019-09-12 10:32:33,645 [pool-441-thread-1] INFO  server.RaftServerConfigKeys (ConfUtils.java:logGet(43)) - raft.server.log.purge.gap = 1000000 (custom)
2019-09-12 10:32:33,645 [pool-441-thread-1] INFO  server.RaftServerConfigKeys (ConfUtils.java:logGet(43)) - raft.server.log.appender.buffer.byte-limit = 33554432 (custom)
2019-09-12 10:32:33,646 [pool-441-thread-1] INFO  server.RaftServerConfigKeys (ConfUtils.java:logGet(43)) - raft.server.log.segment.size.max = 1048576 (custom)
2019-09-12 10:32:33,646 [pool-441-thread-1] INFO  server.RaftServerConfigKeys (ConfUtils.java:logGet(43)) - raft.server.log.segment.cache.num.max = 2 (custom)
2019-09-12 10:32:33,646 [pool-441-thread-1] INFO  segmented.SegmentedRaftLogWorker (SegmentedRaftLogWorker.java:<init>(172)) - new 9bf0d246-3308-4376-bff1-b5ae143bf3ac-SegmentedRaftLogWorker:Storage Directory /workdir/hadoop-ozone/integration-test/target/test-dir/MiniOzoneClusterImpl-fac5a39b-1f62-44b0-aedf-fae56ce7e72b/datanode-3/data/ratis/75e8a519-cca4-49fe-901e-b684e0417822 for RaftStorage:Storage Directory /workdir/hadoop-ozone/integration-test/target/test-dir/MiniOzoneClusterImpl-fac5a39b-1f62-44b0-aedf-fae56ce7e72b/datanode-3/data/ratis/75e8a519-cca4-49fe-901e-b684e0417822
2019-09-12 10:32:33,646 [pool-441-thread-1] INFO  server.RaftServerConfigKeys (ConfUtils.java:logGet(43)) - raft.server.log.queue.byte-limit = 2147483647 (custom)
2019-09-12 10:32:33,646 [pool-441-thread-1] INFO  server.RaftServerConfigKeys (ConfUtils.java:logGet(43)) - raft.server.log.queue.element-limit = 1024 (custom)
2019-09-12 10:32:33,647 [pool-441-thread-1] INFO  server.RaftServerConfigKeys (ConfUtils.java:logGet(43)) - raft.server.log.segment.size.max = 1048576 (custom)
2019-09-12 10:32:33,647 [pool-441-thread-1] INFO  server.RaftServerConfigKeys (ConfUtils.java:logGet(43)) - raft.server.log.preallocated.size = 16384 (custom)
2019-09-12 10:32:33,647 [pool-441-thread-1] INFO  server.RaftServerConfigKeys (ConfUtils.java:logGet(43)) - raft.server.log.write.buffer.size = 33554432 (custom)
2019-09-12 10:32:33,647 [pool-441-thread-1] INFO  server.RaftServerConfigKeys (ConfUtils.java:logGet(43)) - raft.server.log.force.sync.num = 128 (default)
2019-09-12 10:32:33,647 [pool-441-thread-1] INFO  server.RaftServerConfigKeys (ConfUtils.java:logGet(43)) - raft.server.log.statemachine.data.sync = true (default)
2019-09-12 10:32:33,647 [pool-441-thread-1] INFO  server.RaftServerConfigKeys (ConfUtils.java:logGet(43)) - raft.server.log.statemachine.data.sync.timeout = 10s (default)
2019-09-12 10:32:33,647 [pool-441-thread-1] INFO  server.RaftServerConfigKeys (ConfUtils.java:logGet(43)) - raft.server.log.statemachine.data.sync.timeout.retry = -1 (default)
2019-09-12 10:32:33,648 [pool-441-thread-1] INFO  server.RaftServerConfigKeys (ConfUtils.java:logGet(43)) - raft.server.log.statemachine.data.caching.enabled = true (custom)
2019-09-12 10:32:33,648 [pool-441-thread-1] INFO  segmented.SegmentedRaftLogWorker (SegmentedRaftLogWorker.java:lambda$new$0(132)) - 9bf0d246-3308-4376-bff1-b5ae143bf3ac-SegmentedRaftLogWorker:Storage Directory /workdir/hadoop-ozone/integration-test/target/test-dir/MiniOzoneClusterImpl-fac5a39b-1f62-44b0-aedf-fae56ce7e72b/datanode-3/data/ratis/75e8a519-cca4-49fe-901e-b684e0417822: flushIndex: setUnconditionally 0 -> -1
2019-09-12 10:32:33,648 [pool-441-thread-1] INFO  server.RaftServerConfigKeys (ConfUtils.java:logGet(43)) - raft.server.snapshot.auto.trigger.enabled = true (custom)
2019-09-12 10:32:33,649 [pool-441-thread-1] INFO  server.RaftServerConfigKeys (ConfUtils.java:logGet(43)) - raft.server.snapshot.auto.trigger.threshold = 10000 (custom)
2019-09-12 10:32:33,649 [pool-441-thread-1] INFO  server.RaftServerConfigKeys (ConfUtils.java:logGet(43)) - raft.server.retrycache.expirytime = 600000ms (custom)
2019-09-12 10:32:33,649 [pool-441-thread-1] INFO  impl.RaftServerImpl (RaftServerImpl.java:start(180)) - 9bf0d246-3308-4376-bff1-b5ae143bf3ac: start group-B684E0417822
2019-09-12 10:32:33,649 [pool-441-thread-1] INFO  impl.RaftServerImpl (RaftServerImpl.java:setRole(171)) - 9bf0d246-3308-4376-bff1-b5ae143bf3ac:group-B684E0417822 changes role from null to FOLLOWER at term 0 for startAsFollower
2019-09-12 10:32:33,649 [pool-441-thread-1] INFO  impl.RoleInfo (RoleInfo.java:updateAndGet(143)) - 9bf0d246-3308-4376-bff1-b5ae143bf3ac: start FollowerState
2019-09-12 10:32:33,831 [pool-441-thread-1] INFO  util.JmxRegister (JmxRegister.java:tryRegister(44)) - Successfully registered JMX Bean with object name Ratis:service=RaftServer,group=group-B684E0417822,id=9bf0d246-3308-4376-bff1-b5ae143bf3ac
2019-09-12 10:32:33,833 [RatisPipelineUtilsThread] INFO  pipeline.PipelineStateManager (PipelineStateManager.java:addPipeline(56)) - Created pipeline Pipeline[ Id: 75e8a519-cca4-49fe-901e-b684e0417822, Nodes: 9bf0d246-3308-4376-bff1-b5ae143bf3ac{ip: 192.168.36.114, host: pr-hdds-1569-58hkm-1881083799, networkLocation: /default-rack, certSerialId: null}, Type:RATIS, Factor:ONE, State:OPEN]
2019-09-12 10:32:33,834 [RatisPipelineUtilsThread] ERROR pipeline.PipelinePlacementPolicy (PipelinePlacementPolicy.java:meetCriteria(92)) - Pipeline Placement: Doesn't meet the criteria to be viable node. Heaviness: 6
2019-09-12 10:32:33,834 [RatisPipelineUtilsThread] ERROR pipeline.PipelinePlacementPolicy (PipelinePlacementPolicy.java:meetCriteria(92)) - Pipeline Placement: Doesn't meet the criteria to be viable node. Heaviness: 6
2019-09-12 10:32:33,834 [RatisPipelineUtilsThread] ERROR pipeline.PipelinePlacementPolicy (PipelinePlacementPolicy.java:meetCriteria(92)) - Pipeline Placement: Doesn't meet the criteria to be viable node. Heaviness: 6
2019-09-12 10:32:33,840 [grpc-default-executor-1] INFO  impl.RaftServerProxy (RaftServerProxy.java:addNew(89)) - 9bf0d246-3308-4376-bff1-b5ae143bf3ac: addNew group-AAD008E3D204:[9bf0d246-3308-4376-bff1-b5ae143bf3ac:192.168.36.114:43069] returns group-AAD008E3D204:java.util.concurrent.CompletableFuture@2010872f[Not completed]
2019-09-12 10:32:33,841 [pool-441-thread-1] INFO  impl.RaftServerImpl (RaftServerImpl.java:<init>(93)) - 9bf0d246-3308-4376-bff1-b5ae143bf3ac: new RaftServerImpl for group-AAD008E3D204:[9bf0d246-3308-4376-bff1-b5ae143bf3ac:192.168.36.114:43069] with ContainerStateMachine:uninitialized
2019-09-12 10:32:33,841 [pool-441-thread-1] INFO  server.RaftServerConfigKeys (ConfUtils.java:logGet(43)) - raft.server.rpc.timeout.min = 5s (custom)
2019-09-12 10:32:33,841 [pool-441-thread-1] INFO  server.RaftServerConfigKeys (ConfUtils.java:logGet(43)) - raft.server.rpc.timeout.max = 5200ms (custom)
2019-09-12 10:32:33,841 [pool-441-thread-1] INFO  server.RaftServerConfigKeys (ConfUtils.java:logGet(43)) - raft.server.rpcslowness.timeout = 120s (custom)
2019-09-12 10:32:33,842 [pool-441-thread-1] INFO  server.RaftServerConfigKeys (ConfUtils.java:logGet(43)) - raft.server.sleep.deviation.threshold = 300 (default)
2019-09-12 10:32:33,842 [pool-441-thread-1] INFO  server.RaftServerConfigKeys (ConfUtils.java:logGet(43)) - raft.server.log.appender.install.snapshot.enabled = false (custom)
2019-09-12 10:32:33,842 [pool-441-thread-1] INFO  impl.RaftServerImpl (ServerState.java:<init>(105)) - 9bf0d246-3308-4376-bff1-b5ae143bf3ac:group-AAD008E3D204 ConfigurationManager, init=-1: [9bf0d246-3308-4376-bff1-b5ae143bf3ac:192.168.36.114:43069], old=null, confs=<EMPTY_MAP>
2019-09-12 10:32:33,842 [pool-441-thread-1] INFO  server.RaftServerConfigKeys (ConfUtils.java:logGet(43)) - raft.server.storage.dir = [/workdir/hadoop-ozone/integration-test/target/test-dir/MiniOzoneClusterImpl-fac5a39b-1f62-44b0-aedf-fae56ce7e72b/datanode-3/data/ratis] (custom)
2019-09-12 10:32:33,843 [pool-441-thread-1] INFO  storage.RaftStorageDirectory (RaftStorageDirectory.java:analyzeStorage(246)) - The storage directory /workdir/hadoop-ozone/integration-test/target/test-dir/MiniOzoneClusterImpl-fac5a39b-1f62-44b0-aedf-fae56ce7e72b/datanode-3/data/ratis/c1ffc7fa-6121-4836-833b-aad008e3d204 does not exist. Creating ...
2019-09-12 10:32:33,867 [pool-441-thread-1] INFO  storage.RaftStorageDirectory (RaftStorageDirectory.java:tryLock(328)) - Lock on /workdir/hadoop-ozone/integration-test/target/test-dir/MiniOzoneClusterImpl-fac5a39b-1f62-44b0-aedf-fae56ce7e72b/datanode-3/data/ratis/c1ffc7fa-6121-4836-833b-aad008e3d204/in_use.lock acquired by nodename 1396@pr-hdds-1569-58hkm-1881083799
2019-09-12 10:32:33,880 [pool-441-thread-1] INFO  storage.RaftStorage (RaftStorage.java:format(72)) - Storage directory /workdir/hadoop-ozone/integration-test/target/test-dir/MiniOzoneClusterImpl-fac5a39b-1f62-44b0-aedf-fae56ce7e72b/datanode-3/data/ratis/c1ffc7fa-6121-4836-833b-aad008e3d204 has been successfully formatted.
2019-09-12 10:32:33,880 [pool-441-thread-1] INFO  ratis.ContainerStateMachine (ContainerStateMachine.java:loadSnapshot(226)) - group-AAD008E3D204: The snapshot info is null. Setting the last applied indexto:(t:0, i:~)
2019-09-12 10:32:33,881 [pool-441-thread-1] INFO  server.RaftServerConfigKeys (ConfUtils.java:logGet(43)) - raft.server.leader.election.timeout = 120s (custom)
2019-09-12 10:32:33,881 [pool-441-thread-1] INFO  server.RaftServerConfigKeys (ConfUtils.java:logGet(43)) - raft.server.log.use.memory = false (default)
2019-09-12 10:32:33,881 [pool-441-thread-1] INFO  server.RaftServerConfigKeys (ConfUtils.java:logGet(43)) - raft.server.log.purge.gap = 1000000 (custom)
2019-09-12 10:32:33,881 [pool-441-thread-1] INFO  server.RaftServerConfigKeys (ConfUtils.java:logGet(43)) - raft.server.log.appender.buffer.byte-limit = 33554432 (custom)
2019-09-12 10:32:33,881 [pool-441-thread-1] INFO  server.RaftServerConfigKeys (ConfUtils.java:logGet(43)) - raft.server.log.segment.size.max = 1048576 (custom)
2019-09-12 10:32:33,881 [pool-441-thread-1] INFO  server.RaftServerConfigKeys (ConfUtils.java:logGet(43)) - raft.server.log.segment.cache.num.max = 2 (custom)
2019-09-12 10:32:33,882 [pool-441-thread-1] INFO  segmented.SegmentedRaftLogWorker (SegmentedRaftLogWorker.java:<init>(172)) - new 9bf0d246-3308-4376-bff1-b5ae143bf3ac-SegmentedRaftLogWorker:Storage Directory /workdir/hadoop-ozone/integration-test/target/test-dir/MiniOzoneClusterImpl-fac5a39b-1f62-44b0-aedf-fae56ce7e72b/datanode-3/data/ratis/c1ffc7fa-6121-4836-833b-aad008e3d204 for RaftStorage:Storage Directory /workdir/hadoop-ozone/integration-test/target/test-dir/MiniOzoneClusterImpl-fac5a39b-1f62-44b0-aedf-fae56ce7e72b/datanode-3/data/ratis/c1ffc7fa-6121-4836-833b-aad008e3d204
2019-09-12 10:32:33,882 [pool-441-thread-1] INFO  server.RaftServerConfigKeys (ConfUtils.java:logGet(43)) - raft.server.log.queue.byte-limit = 2147483647 (custom)
2019-09-12 10:32:33,882 [pool-441-thread-1] INFO  server.RaftServerConfigKeys (ConfUtils.java:logGet(43)) - raft.server.log.queue.element-limit = 1024 (custom)
2019-09-12 10:32:33,882 [pool-441-thread-1] INFO  server.RaftServerConfigKeys (ConfUtils.java:logGet(43)) - raft.server.log.segment.size.max = 1048576 (custom)
2019-09-12 10:32:33,882 [pool-441-thread-1] INFO  server.RaftServerConfigKeys (ConfUtils.java:logGet(43)) - raft.server.log.preallocated.size = 16384 (custom)
2019-09-12 10:32:33,882 [pool-441-thread-1] INFO  server.RaftServerConfigKeys (ConfUtils.java:logGet(43)) - raft.server.log.write.buffer.size = 33554432 (custom)
2019-09-12 10:32:33,882 [pool-441-thread-1] INFO  server.RaftServerConfigKeys (ConfUtils.java:logGet(43)) - raft.server.log.force.sync.num = 128 (default)
2019-09-12 10:32:33,883 [pool-441-thread-1] INFO  server.RaftServerConfigKeys (ConfUtils.java:logGet(43)) - raft.server.log.statemachine.data.sync = true (default)
2019-09-12 10:32:33,883 [pool-441-thread-1] INFO  server.RaftServerConfigKeys (ConfUtils.java:logGet(43)) - raft.server.log.statemachine.data.sync.timeout = 10s (default)
2019-09-12 10:32:33,883 [pool-441-thread-1] INFO  server.RaftServerConfigKeys (ConfUtils.java:logGet(43)) - raft.server.log.statemachine.data.sync.timeout.retry = -1 (default)
2019-09-12 10:32:33,883 [pool-441-thread-1] INFO  server.RaftServerConfigKeys (ConfUtils.java:logGet(43)) - raft.server.log.statemachine.data.caching.enabled = true (custom)
2019-09-12 10:32:33,883 [pool-441-thread-1] INFO  segmented.SegmentedRaftLogWorker (SegmentedRaftLogWorker.java:lambda$new$0(132)) - 9bf0d246-3308-4376-bff1-b5ae143bf3ac-SegmentedRaftLogWorker:Storage Directory /workdir/hadoop-ozone/integration-test/target/test-dir/MiniOzoneClusterImpl-fac5a39b-1f62-44b0-aedf-fae56ce7e72b/datanode-3/data/ratis/c1ffc7fa-6121-4836-833b-aad008e3d204: flushIndex: setUnconditionally 0 -> -1
2019-09-12 10:32:33,884 [pool-441-thread-1] INFO  server.RaftServerConfigKeys (ConfUtils.java:logGet(43)) - raft.server.snapshot.auto.trigger.enabled = true (custom)
2019-09-12 10:32:33,884 [pool-441-thread-1] INFO  server.RaftServerConfigKeys (ConfUtils.java:logGet(43)) - raft.server.snapshot.auto.trigger.threshold = 10000 (custom)
2019-09-12 10:32:33,884 [pool-441-thread-1] INFO  server.RaftServerConfigKeys (ConfUtils.java:logGet(43)) - raft.server.retrycache.expirytime = 600000ms (custom)
2019-09-12 10:32:33,884 [pool-441-thread-1] INFO  impl.RaftServerImpl (RaftServerImpl.java:start(180)) - 9bf0d246-3308-4376-bff1-b5ae143bf3ac: start group-AAD008E3D204
2019-09-12 10:32:33,885 [pool-441-thread-1] INFO  impl.RaftServerImpl (RaftServerImpl.java:setRole(171)) - 9bf0d246-3308-4376-bff1-b5ae143bf3ac:group-AAD008E3D204 changes role from null to FOLLOWER at term 0 for startAsFollower
2019-09-12 10:32:33,885 [pool-441-thread-1] INFO  impl.RoleInfo (RoleInfo.java:updateAndGet(143)) - 9bf0d246-3308-4376-bff1-b5ae143bf3ac: start FollowerState
2019-09-12 10:32:33,885 [pool-441-thread-1] INFO  util.JmxRegister (JmxRegister.java:tryRegister(44)) - Successfully registered JMX Bean with object name Ratis:service=RaftServer,group=group-AAD008E3D204,id=9bf0d246-3308-4376-bff1-b5ae143bf3ac
2019-09-12 10:32:33,888 [RatisPipelineUtilsThread] INFO  pipeline.PipelineStateManager (PipelineStateManager.java:addPipeline(56)) - Created pipeline Pipeline[ Id: c1ffc7fa-6121-4836-833b-aad008e3d204, Nodes: 9bf0d246-3308-4376-bff1-b5ae143bf3ac{ip: 192.168.36.114, host: pr-hdds-1569-58hkm-1881083799, networkLocation: /default-rack, certSerialId: null}, Type:RATIS, Factor:ONE, State:OPEN]
2019-09-12 10:32:33,888 [RatisPipelineUtilsThread] ERROR pipeline.PipelinePlacementPolicy (PipelinePlacementPolicy.java:meetCriteria(92)) - Pipeline Placement: Doesn't meet the criteria to be viable node. Heaviness: 6
2019-09-12 10:32:33,888 [RatisPipelineUtilsThread] ERROR pipeline.PipelinePlacementPolicy (PipelinePlacementPolicy.java:meetCriteria(92)) - Pipeline Placement: Doesn't meet the criteria to be viable node. Heaviness: 6
2019-09-12 10:32:33,889 [RatisPipelineUtilsThread] ERROR pipeline.PipelinePlacementPolicy (PipelinePlacementPolicy.java:meetCriteria(92)) - Pipeline Placement: Doesn't meet the criteria to be viable node. Heaviness: 6
2019-09-12 10:32:33,894 [grpc-default-executor-1] INFO  impl.RaftServerProxy (RaftServerProxy.java:addNew(89)) - 9bf0d246-3308-4376-bff1-b5ae143bf3ac: addNew group-4650B42CBAE1:[9bf0d246-3308-4376-bff1-b5ae143bf3ac:192.168.36.114:43069] returns group-4650B42CBAE1:java.util.concurrent.CompletableFuture@4fe85986[Not completed]
2019-09-12 10:32:33,895 [pool-441-thread-1] INFO  impl.RaftServerImpl (RaftServerImpl.java:<init>(93)) - 9bf0d246-3308-4376-bff1-b5ae143bf3ac: new RaftServerImpl for group-4650B42CBAE1:[9bf0d246-3308-4376-bff1-b5ae143bf3ac:192.168.36.114:43069] with ContainerStateMachine:uninitialized
2019-09-12 10:32:33,895 [pool-441-thread-1] INFO  server.RaftServerConfigKeys (ConfUtils.java:logGet(43)) - raft.server.rpc.timeout.min = 5s (custom)
2019-09-12 10:32:33,895 [pool-441-thread-1] INFO  server.RaftServerConfigKeys (ConfUtils.java:logGet(43)) - raft.server.rpc.timeout.max = 5200ms (custom)
2019-09-12 10:32:33,896 [pool-441-thread-1] INFO  server.RaftServerConfigKeys (ConfUtils.java:logGet(43)) - raft.server.rpcslowness.timeout = 120s (custom)
2019-09-12 10:32:33,896 [pool-441-thread-1] INFO  server.RaftServerConfigKeys (ConfUtils.java:logGet(43)) - raft.server.sleep.deviation.threshold = 300 (default)
2019-09-12 10:32:33,896 [pool-441-thread-1] INFO  server.RaftServerConfigKeys (ConfUtils.java:logGet(43)) - raft.server.log.appender.install.snapshot.enabled = false (custom)
2019-09-12 10:32:33,896 [pool-441-thread-1] INFO  impl.RaftServerImpl (ServerState.java:<init>(105)) - 9bf0d246-3308-4376-bff1-b5ae143bf3ac:group-4650B42CBAE1 ConfigurationManager, init=-1: [9bf0d246-3308-4376-bff1-b5ae143bf3ac:192.168.36.114:43069], old=null, confs=<EMPTY_MAP>
2019-09-12 10:32:33,896 [pool-441-thread-1] INFO  server.RaftServerConfigKeys (ConfUtils.java:logGet(43)) - raft.server.storage.dir = [/workdir/hadoop-ozone/integration-test/target/test-dir/MiniOzoneClusterImpl-fac5a39b-1f62-44b0-aedf-fae56ce7e72b/datanode-3/data/ratis] (custom)
2019-09-12 10:32:33,897 [pool-441-thread-1] INFO  storage.RaftStorageDirectory (RaftStorageDirectory.java:analyzeStorage(246)) - The storage directory /workdir/hadoop-ozone/integration-test/target/test-dir/MiniOzoneClusterImpl-fac5a39b-1f62-44b0-aedf-fae56ce7e72b/datanode-3/data/ratis/5d1e90c3-3f9e-4b7e-b95f-4650b42cbae1 does not exist. Creating ...
2019-09-12 10:32:33,910 [pool-441-thread-1] INFO  storage.RaftStorageDirectory (RaftStorageDirectory.java:tryLock(328)) - Lock on /workdir/hadoop-ozone/integration-test/target/test-dir/MiniOzoneClusterImpl-fac5a39b-1f62-44b0-aedf-fae56ce7e72b/datanode-3/data/ratis/5d1e90c3-3f9e-4b7e-b95f-4650b42cbae1/in_use.lock acquired by nodename 1396@pr-hdds-1569-58hkm-1881083799
2019-09-12 10:32:33,923 [pool-441-thread-1] INFO  storage.RaftStorage (RaftStorage.java:format(72)) - Storage directory /workdir/hadoop-ozone/integration-test/target/test-dir/MiniOzoneClusterImpl-fac5a39b-1f62-44b0-aedf-fae56ce7e72b/datanode-3/data/ratis/5d1e90c3-3f9e-4b7e-b95f-4650b42cbae1 has been successfully formatted.
2019-09-12 10:32:33,924 [pool-441-thread-1] INFO  ratis.ContainerStateMachine (ContainerStateMachine.java:loadSnapshot(226)) - group-4650B42CBAE1: The snapshot info is null. Setting the last applied indexto:(t:0, i:~)
2019-09-12 10:32:33,924 [pool-441-thread-1] INFO  server.RaftServerConfigKeys (ConfUtils.java:logGet(43)) - raft.server.leader.election.timeout = 120s (custom)
2019-09-12 10:32:33,924 [pool-441-thread-1] INFO  server.RaftServerConfigKeys (ConfUtils.java:logGet(43)) - raft.server.log.use.memory = false (default)
2019-09-12 10:32:33,924 [pool-441-thread-1] INFO  server.RaftServerConfigKeys (ConfUtils.java:logGet(43)) - raft.server.log.purge.gap = 1000000 (custom)
2019-09-12 10:32:33,924 [pool-441-thread-1] INFO  server.RaftServerConfigKeys (ConfUtils.java:logGet(43)) - raft.server.log.appender.buffer.byte-limit = 33554432 (custom)
2019-09-12 10:32:33,925 [pool-441-thread-1] INFO  server.RaftServerConfigKeys (ConfUtils.java:logGet(43)) - raft.server.log.segment.size.max = 1048576 (custom)
2019-09-12 10:32:33,925 [pool-441-thread-1] INFO  server.RaftServerConfigKeys (ConfUtils.java:logGet(43)) - raft.server.log.segment.cache.num.max = 2 (custom)
2019-09-12 10:32:33,925 [pool-441-thread-1] INFO  segmented.SegmentedRaftLogWorker (SegmentedRaftLogWorker.java:<init>(172)) - new 9bf0d246-3308-4376-bff1-b5ae143bf3ac-SegmentedRaftLogWorker:Storage Directory /workdir/hadoop-ozone/integration-test/target/test-dir/MiniOzoneClusterImpl-fac5a39b-1f62-44b0-aedf-fae56ce7e72b/datanode-3/data/ratis/5d1e90c3-3f9e-4b7e-b95f-4650b42cbae1 for RaftStorage:Storage Directory /workdir/hadoop-ozone/integration-test/target/test-dir/MiniOzoneClusterImpl-fac5a39b-1f62-44b0-aedf-fae56ce7e72b/datanode-3/data/ratis/5d1e90c3-3f9e-4b7e-b95f-4650b42cbae1
2019-09-12 10:32:33,925 [pool-441-thread-1] INFO  server.RaftServerConfigKeys (ConfUtils.java:logGet(43)) - raft.server.log.queue.byte-limit = 2147483647 (custom)
2019-09-12 10:32:33,925 [pool-441-thread-1] INFO  server.RaftServerConfigKeys (ConfUtils.java:logGet(43)) - raft.server.log.queue.element-limit = 1024 (custom)
2019-09-12 10:32:33,925 [pool-441-thread-1] INFO  server.RaftServerConfigKeys (ConfUtils.java:logGet(43)) - raft.server.log.segment.size.max = 1048576 (custom)
2019-09-12 10:32:33,926 [pool-441-thread-1] INFO  server.RaftServerConfigKeys (ConfUtils.java:logGet(43)) - raft.server.log.preallocated.size = 16384 (custom)
2019-09-12 10:32:33,926 [pool-441-thread-1] INFO  server.RaftServerConfigKeys (ConfUtils.java:logGet(43)) - raft.server.log.write.buffer.size = 33554432 (custom)
2019-09-12 10:32:33,926 [pool-441-thread-1] INFO  server.RaftServerConfigKeys (ConfUtils.java:logGet(43)) - raft.server.log.force.sync.num = 128 (default)
2019-09-12 10:32:33,926 [pool-441-thread-1] INFO  server.RaftServerConfigKeys (ConfUtils.java:logGet(43)) - raft.server.log.statemachine.data.sync = true (default)
2019-09-12 10:32:33,926 [pool-441-thread-1] INFO  server.RaftServerConfigKeys (ConfUtils.java:logGet(43)) - raft.server.log.statemachine.data.sync.timeout = 10s (default)
2019-09-12 10:32:33,926 [pool-441-thread-1] INFO  server.RaftServerConfigKeys (ConfUtils.java:logGet(43)) - raft.server.log.statemachine.data.sync.timeout.retry = -1 (default)
2019-09-12 10:32:33,927 [pool-441-thread-1] INFO  server.RaftServerConfigKeys (ConfUtils.java:logGet(43)) - raft.server.log.statemachine.data.caching.enabled = true (custom)
2019-09-12 10:32:33,927 [pool-441-thread-1] INFO  segmented.SegmentedRaftLogWorker (SegmentedRaftLogWorker.java:lambda$new$0(132)) - 9bf0d246-3308-4376-bff1-b5ae143bf3ac-SegmentedRaftLogWorker:Storage Directory /workdir/hadoop-ozone/integration-test/target/test-dir/MiniOzoneClusterImpl-fac5a39b-1f62-44b0-aedf-fae56ce7e72b/datanode-3/data/ratis/5d1e90c3-3f9e-4b7e-b95f-4650b42cbae1: flushIndex: setUnconditionally 0 -> -1
2019-09-12 10:32:33,927 [pool-441-thread-1] INFO  server.RaftServerConfigKeys (ConfUtils.java:logGet(43)) - raft.server.snapshot.auto.trigger.enabled = true (custom)
2019-09-12 10:32:33,927 [pool-441-thread-1] INFO  server.RaftServerConfigKeys (ConfUtils.java:logGet(43)) - raft.server.snapshot.auto.trigger.threshold = 10000 (custom)
2019-09-12 10:32:33,928 [pool-441-thread-1] INFO  server.RaftServerConfigKeys (ConfUtils.java:logGet(43)) - raft.server.retrycache.expirytime = 600000ms (custom)
2019-09-12 10:32:33,928 [pool-441-thread-1] INFO  impl.RaftServerImpl (RaftServerImpl.java:start(180)) - 9bf0d246-3308-4376-bff1-b5ae143bf3ac: start group-4650B42CBAE1
2019-09-12 10:32:33,928 [pool-441-thread-1] INFO  impl.RaftServerImpl (RaftServerImpl.java:setRole(171)) - 9bf0d246-3308-4376-bff1-b5ae143bf3ac:group-4650B42CBAE1 changes role from null to FOLLOWER at term 0 for startAsFollower
2019-09-12 10:32:33,928 [pool-441-thread-1] INFO  impl.RoleInfo (RoleInfo.java:updateAndGet(143)) - 9bf0d246-3308-4376-bff1-b5ae143bf3ac: start FollowerState
2019-09-12 10:32:33,928 [pool-441-thread-1] INFO  util.JmxRegister (JmxRegister.java:tryRegister(44)) - Successfully registered JMX Bean with object name Ratis:service=RaftServer,group=group-4650B42CBAE1,id=9bf0d246-3308-4376-bff1-b5ae143bf3ac
2019-09-12 10:32:33,931 [RatisPipelineUtilsThread] INFO  pipeline.PipelineStateManager (PipelineStateManager.java:addPipeline(56)) - Created pipeline Pipeline[ Id: 5d1e90c3-3f9e-4b7e-b95f-4650b42cbae1, Nodes: 9bf0d246-3308-4376-bff1-b5ae143bf3ac{ip: 192.168.36.114, host: pr-hdds-1569-58hkm-1881083799, networkLocation: /default-rack, certSerialId: null}, Type:RATIS, Factor:ONE, State:OPEN]
2019-09-12 10:32:33,931 [RatisPipelineUtilsThread] ERROR pipeline.PipelinePlacementPolicy (PipelinePlacementPolicy.java:meetCriteria(92)) - Pipeline Placement: Doesn't meet the criteria to be viable node. Heaviness: 6
2019-09-12 10:32:33,932 [RatisPipelineUtilsThread] ERROR pipeline.PipelinePlacementPolicy (PipelinePlacementPolicy.java:meetCriteria(92)) - Pipeline Placement: Doesn't meet the criteria to be viable node. Heaviness: 6
2019-09-12 10:32:33,932 [RatisPipelineUtilsThread] ERROR pipeline.PipelinePlacementPolicy (PipelinePlacementPolicy.java:meetCriteria(92)) - Pipeline Placement: Doesn't meet the criteria to be viable node. Heaviness: 6
2019-09-12 10:32:33,937 [grpc-default-executor-1] INFO  impl.RaftServerProxy (RaftServerProxy.java:addNew(89)) - 9bf0d246-3308-4376-bff1-b5ae143bf3ac: addNew group-D20B60C80503:[9bf0d246-3308-4376-bff1-b5ae143bf3ac:192.168.36.114:43069] returns group-D20B60C80503:java.util.concurrent.CompletableFuture@46891f9f[Not completed]
2019-09-12 10:32:33,938 [pool-441-thread-1] INFO  impl.RaftServerImpl (RaftServerImpl.java:<init>(93)) - 9bf0d246-3308-4376-bff1-b5ae143bf3ac: new RaftServerImpl for group-D20B60C80503:[9bf0d246-3308-4376-bff1-b5ae143bf3ac:192.168.36.114:43069] with ContainerStateMachine:uninitialized
2019-09-12 10:32:33,938 [pool-441-thread-1] INFO  server.RaftServerConfigKeys (ConfUtils.java:logGet(43)) - raft.server.rpc.timeout.min = 5s (custom)
2019-09-12 10:32:33,938 [pool-441-thread-1] INFO  server.RaftServerConfigKeys (ConfUtils.java:logGet(43)) - raft.server.rpc.timeout.max = 5200ms (custom)
2019-09-12 10:32:33,939 [pool-441-thread-1] INFO  server.RaftServerConfigKeys (ConfUtils.java:logGet(43)) - raft.server.rpcslowness.timeout = 120s (custom)
2019-09-12 10:32:33,939 [pool-441-thread-1] INFO  server.RaftServerConfigKeys (ConfUtils.java:logGet(43)) - raft.server.sleep.deviation.threshold = 300 (default)
2019-09-12 10:32:33,939 [pool-441-thread-1] INFO  server.RaftServerConfigKeys (ConfUtils.java:logGet(43)) - raft.server.log.appender.install.snapshot.enabled = false (custom)
2019-09-12 10:32:33,939 [pool-441-thread-1] INFO  impl.RaftServerImpl (ServerState.java:<init>(105)) - 9bf0d246-3308-4376-bff1-b5ae143bf3ac:group-D20B60C80503 ConfigurationManager, init=-1: [9bf0d246-3308-4376-bff1-b5ae143bf3ac:192.168.36.114:43069], old=null, confs=<EMPTY_MAP>
2019-09-12 10:32:33,939 [pool-441-thread-1] INFO  server.RaftServerConfigKeys (ConfUtils.java:logGet(43)) - raft.server.storage.dir = [/workdir/hadoop-ozone/integration-test/target/test-dir/MiniOzoneClusterImpl-fac5a39b-1f62-44b0-aedf-fae56ce7e72b/datanode-3/data/ratis] (custom)
2019-09-12 10:32:33,940 [pool-441-thread-1] INFO  storage.RaftStorageDirectory (RaftStorageDirectory.java:analyzeStorage(246)) - The storage directory /workdir/hadoop-ozone/integration-test/target/test-dir/MiniOzoneClusterImpl-fac5a39b-1f62-44b0-aedf-fae56ce7e72b/datanode-3/data/ratis/baec4d37-221b-409a-84bc-d20b60c80503 does not exist. Creating ...
2019-09-12 10:32:33,943 [IPC Server handler 3 on 42933] INFO  net.NetworkTopology (NetworkTopologyImpl.java:add(110)) - Added a new node: /default-rack/5109381c-1660-4b2c-84b2-d6b64dc87db9
2019-09-12 10:32:33,943 [IPC Server handler 3 on 42933] INFO  node.SCMNodeManager (SCMNodeManager.java:register(273)) - Registered Data node : 5109381c-1660-4b2c-84b2-d6b64dc87db9{ip: 192.168.36.114, host: pr-hdds-1569-58hkm-1881083799, networkLocation: /default-rack, certSerialId: null}
2019-09-12 10:32:33,943 | INFO  | SCMAudit | user=jenkins1000 | ip=192.168.36.114 | op=REGISTER {datanodeDetails=5109381c-1660-4b2c-84b2-d6b64dc87db9{ip: 192.168.36.114, host: pr-hdds-1569-58hkm-1881083799, networkLocation: /default-rack, certSerialId: null}} | ret=SUCCESS |  
2019-09-12 10:32:33,953 [pool-441-thread-1] INFO  storage.RaftStorageDirectory (RaftStorageDirectory.java:tryLock(328)) - Lock on /workdir/hadoop-ozone/integration-test/target/test-dir/MiniOzoneClusterImpl-fac5a39b-1f62-44b0-aedf-fae56ce7e72b/datanode-3/data/ratis/baec4d37-221b-409a-84bc-d20b60c80503/in_use.lock acquired by nodename 1396@pr-hdds-1569-58hkm-1881083799
2019-09-12 10:32:33,965 [pool-441-thread-1] INFO  storage.RaftStorage (RaftStorage.java:format(72)) - Storage directory /workdir/hadoop-ozone/integration-test/target/test-dir/MiniOzoneClusterImpl-fac5a39b-1f62-44b0-aedf-fae56ce7e72b/datanode-3/data/ratis/baec4d37-221b-409a-84bc-d20b60c80503 has been successfully formatted.
2019-09-12 10:32:33,966 [pool-441-thread-1] INFO  ratis.ContainerStateMachine (ContainerStateMachine.java:loadSnapshot(226)) - group-D20B60C80503: The snapshot info is null. Setting the last applied indexto:(t:0, i:~)
2019-09-12 10:32:33,966 [pool-441-thread-1] INFO  server.RaftServerConfigKeys (ConfUtils.java:logGet(43)) - raft.server.leader.election.timeout = 120s (custom)
2019-09-12 10:32:33,966 [pool-441-thread-1] INFO  server.RaftServerConfigKeys (ConfUtils.java:logGet(43)) - raft.server.log.use.memory = false (default)
2019-09-12 10:32:33,966 [pool-441-thread-1] INFO  server.RaftServerConfigKeys (ConfUtils.java:logGet(43)) - raft.server.log.purge.gap = 1000000 (custom)
2019-09-12 10:32:33,966 [pool-441-thread-1] INFO  server.RaftServerConfigKeys (ConfUtils.java:logGet(43)) - raft.server.log.appender.buffer.byte-limit = 33554432 (custom)
2019-09-12 10:32:33,967 [pool-441-thread-1] INFO  server.RaftServerConfigKeys (ConfUtils.java:logGet(43)) - raft.server.log.segment.size.max = 1048576 (custom)
2019-09-12 10:32:33,967 [pool-441-thread-1] INFO  server.RaftServerConfigKeys (ConfUtils.java:logGet(43)) - raft.server.log.segment.cache.num.max = 2 (custom)
2019-09-12 10:32:33,967 [pool-441-thread-1] INFO  segmented.SegmentedRaftLogWorker (SegmentedRaftLogWorker.java:<init>(172)) - new 9bf0d246-3308-4376-bff1-b5ae143bf3ac-SegmentedRaftLogWorker:Storage Directory /workdir/hadoop-ozone/integration-test/target/test-dir/MiniOzoneClusterImpl-fac5a39b-1f62-44b0-aedf-fae56ce7e72b/datanode-3/data/ratis/baec4d37-221b-409a-84bc-d20b60c80503 for RaftStorage:Storage Directory /workdir/hadoop-ozone/integration-test/target/test-dir/MiniOzoneClusterImpl-fac5a39b-1f62-44b0-aedf-fae56ce7e72b/datanode-3/data/ratis/baec4d37-221b-409a-84bc-d20b60c80503
2019-09-12 10:32:33,967 [pool-441-thread-1] INFO  server.RaftServerConfigKeys (ConfUtils.java:logGet(43)) - raft.server.log.queue.byte-limit = 2147483647 (custom)
2019-09-12 10:32:33,967 [pool-441-thread-1] INFO  server.RaftServerConfigKeys (ConfUtils.java:logGet(43)) - raft.server.log.queue.element-limit = 1024 (custom)
2019-09-12 10:32:33,967 [pool-441-thread-1] INFO  server.RaftServerConfigKeys (ConfUtils.java:logGet(43)) - raft.server.log.segment.size.max = 1048576 (custom)
2019-09-12 10:32:33,968 [pool-441-thread-1] INFO  server.RaftServerConfigKeys (ConfUtils.java:logGet(43)) - raft.server.log.preallocated.size = 16384 (custom)
2019-09-12 10:32:33,968 [pool-441-thread-1] INFO  server.RaftServerConfigKeys (ConfUtils.java:logGet(43)) - raft.server.log.write.buffer.size = 33554432 (custom)
2019-09-12 10:32:33,968 [pool-441-thread-1] INFO  server.RaftServerConfigKeys (ConfUtils.java:logGet(43)) - raft.server.log.force.sync.num = 128 (default)
2019-09-12 10:32:33,968 [pool-441-thread-1] INFO  server.RaftServerConfigKeys (ConfUtils.java:logGet(43)) - raft.server.log.statemachine.data.sync = true (default)
2019-09-12 10:32:33,968 | INFO  | SCMAudit | user=jenkins1000 | ip=192.168.36.114 | op=SEND_HEARTBEAT {datanodeUUID=0d9211b7-901b-48f4-a708-75be8e526772, command=[]} | ret=SUCCESS |  
2019-09-12 10:32:33,968 [pool-441-thread-1] INFO  server.RaftServerConfigKeys (ConfUtils.java:logGet(43)) - raft.server.log.statemachine.data.sync.timeout = 10s (default)
2019-09-12 10:32:33,969 [pool-441-thread-1] INFO  server.RaftServerConfigKeys (ConfUtils.java:logGet(43)) - raft.server.log.statemachine.data.sync.timeout.retry = -1 (default)
2019-09-12 10:32:33,969 [pool-441-thread-1] INFO  server.RaftServerConfigKeys (ConfUtils.java:logGet(43)) - raft.server.log.statemachine.data.caching.enabled = true (custom)
2019-09-12 10:32:33,969 [pool-441-thread-1] INFO  segmented.SegmentedRaftLogWorker (SegmentedRaftLogWorker.java:lambda$new$0(132)) - 9bf0d246-3308-4376-bff1-b5ae143bf3ac-SegmentedRaftLogWorker:Storage Directory /workdir/hadoop-ozone/integration-test/target/test-dir/MiniOzoneClusterImpl-fac5a39b-1f62-44b0-aedf-fae56ce7e72b/datanode-3/data/ratis/baec4d37-221b-409a-84bc-d20b60c80503: flushIndex: setUnconditionally 0 -> -1
2019-09-12 10:32:33,970 [pool-441-thread-1] INFO  server.RaftServerConfigKeys (ConfUtils.java:logGet(43)) - raft.server.snapshot.auto.trigger.enabled = true (custom)
2019-09-12 10:32:33,970 [pool-441-thread-1] INFO  server.RaftServerConfigKeys (ConfUtils.java:logGet(43)) - raft.server.snapshot.auto.trigger.threshold = 10000 (custom)
2019-09-12 10:32:33,970 [pool-441-thread-1] INFO  server.RaftServerConfigKeys (ConfUtils.java:logGet(43)) - raft.server.retrycache.expirytime = 600000ms (custom)
2019-09-12 10:32:33,970 [pool-441-thread-1] INFO  impl.RaftServerImpl (RaftServerImpl.java:start(180)) - 9bf0d246-3308-4376-bff1-b5ae143bf3ac: start group-D20B60C80503
2019-09-12 10:32:33,971 [pool-441-thread-1] INFO  impl.RaftServerImpl (RaftServerImpl.java:setRole(171)) - 9bf0d246-3308-4376-bff1-b5ae143bf3ac:group-D20B60C80503 changes role from null to FOLLOWER at term 0 for startAsFollower
2019-09-12 10:32:33,971 [pool-441-thread-1] INFO  impl.RoleInfo (RoleInfo.java:updateAndGet(143)) - 9bf0d246-3308-4376-bff1-b5ae143bf3ac: start FollowerState
2019-09-12 10:32:33,971 [pool-441-thread-1] INFO  util.JmxRegister (JmxRegister.java:tryRegister(44)) - Successfully registered JMX Bean with object name Ratis:service=RaftServer,group=group-D20B60C80503,id=9bf0d246-3308-4376-bff1-b5ae143bf3ac
2019-09-12 10:32:33,974 [RatisPipelineUtilsThread] INFO  pipeline.PipelineStateManager (PipelineStateManager.java:addPipeline(56)) - Created pipeline Pipeline[ Id: baec4d37-221b-409a-84bc-d20b60c80503, Nodes: 9bf0d246-3308-4376-bff1-b5ae143bf3ac{ip: 192.168.36.114, host: pr-hdds-1569-58hkm-1881083799, networkLocation: /default-rack, certSerialId: null}, Type:RATIS, Factor:ONE, State:OPEN]
2019-09-12 10:32:33,974 [RatisPipelineUtilsThread] ERROR pipeline.PipelinePlacementPolicy (PipelinePlacementPolicy.java:meetCriteria(92)) - Pipeline Placement: Doesn't meet the criteria to be viable node. Heaviness: 6
2019-09-12 10:32:33,974 [RatisPipelineUtilsThread] ERROR pipeline.PipelinePlacementPolicy (PipelinePlacementPolicy.java:meetCriteria(92)) - Pipeline Placement: Doesn't meet the criteria to be viable node. Heaviness: 6
2019-09-12 10:32:33,974 [RatisPipelineUtilsThread] ERROR pipeline.PipelinePlacementPolicy (PipelinePlacementPolicy.java:meetCriteria(92)) - Pipeline Placement: Doesn't meet the criteria to be viable node. Heaviness: 6
2019-09-12 10:32:33,979 [grpc-default-executor-1] INFO  impl.RaftServerProxy (RaftServerProxy.java:addNew(89)) - 9bf0d246-3308-4376-bff1-b5ae143bf3ac: addNew group-7047555BEC05:[9bf0d246-3308-4376-bff1-b5ae143bf3ac:192.168.36.114:43069] returns group-7047555BEC05:java.util.concurrent.CompletableFuture@53f372f5[Not completed]
2019-09-12 10:32:33,980 [pool-441-thread-1] INFO  impl.RaftServerImpl (RaftServerImpl.java:<init>(93)) - 9bf0d246-3308-4376-bff1-b5ae143bf3ac: new RaftServerImpl for group-7047555BEC05:[9bf0d246-3308-4376-bff1-b5ae143bf3ac:192.168.36.114:43069] with ContainerStateMachine:uninitialized
2019-09-12 10:32:33,980 [pool-441-thread-1] INFO  server.RaftServerConfigKeys (ConfUtils.java:logGet(43)) - raft.server.rpc.timeout.min = 5s (custom)
2019-09-12 10:32:33,980 [pool-441-thread-1] INFO  server.RaftServerConfigKeys (ConfUtils.java:logGet(43)) - raft.server.rpc.timeout.max = 5200ms (custom)
2019-09-12 10:32:33,980 [pool-441-thread-1] INFO  server.RaftServerConfigKeys (ConfUtils.java:logGet(43)) - raft.server.rpcslowness.timeout = 120s (custom)
2019-09-12 10:32:33,981 [pool-441-thread-1] INFO  server.RaftServerConfigKeys (ConfUtils.java:logGet(43)) - raft.server.sleep.deviation.threshold = 300 (default)
2019-09-12 10:32:33,981 [pool-441-thread-1] INFO  server.RaftServerConfigKeys (ConfUtils.java:logGet(43)) - raft.server.log.appender.install.snapshot.enabled = false (custom)
2019-09-12 10:32:33,981 [pool-441-thread-1] INFO  impl.RaftServerImpl (ServerState.java:<init>(105)) - 9bf0d246-3308-4376-bff1-b5ae143bf3ac:group-7047555BEC05 ConfigurationManager, init=-1: [9bf0d246-3308-4376-bff1-b5ae143bf3ac:192.168.36.114:43069], old=null, confs=<EMPTY_MAP>
2019-09-12 10:32:33,981 [pool-441-thread-1] INFO  server.RaftServerConfigKeys (ConfUtils.java:logGet(43)) - raft.server.storage.dir = [/workdir/hadoop-ozone/integration-test/target/test-dir/MiniOzoneClusterImpl-fac5a39b-1f62-44b0-aedf-fae56ce7e72b/datanode-3/data/ratis] (custom)
2019-09-12 10:32:33,981 [pool-441-thread-1] INFO  storage.RaftStorageDirectory (RaftStorageDirectory.java:analyzeStorage(246)) - The storage directory /workdir/hadoop-ozone/integration-test/target/test-dir/MiniOzoneClusterImpl-fac5a39b-1f62-44b0-aedf-fae56ce7e72b/datanode-3/data/ratis/e6553836-814b-4d28-a24d-7047555bec05 does not exist. Creating ...
2019-09-12 10:32:34,007 [pool-441-thread-1] INFO  storage.RaftStorageDirectory (RaftStorageDirectory.java:tryLock(328)) - Lock on /workdir/hadoop-ozone/integration-test/target/test-dir/MiniOzoneClusterImpl-fac5a39b-1f62-44b0-aedf-fae56ce7e72b/datanode-3/data/ratis/e6553836-814b-4d28-a24d-7047555bec05/in_use.lock acquired by nodename 1396@pr-hdds-1569-58hkm-1881083799
2019-09-12 10:32:34,021 [pool-441-thread-1] INFO  storage.RaftStorage (RaftStorage.java:format(72)) - Storage directory /workdir/hadoop-ozone/integration-test/target/test-dir/MiniOzoneClusterImpl-fac5a39b-1f62-44b0-aedf-fae56ce7e72b/datanode-3/data/ratis/e6553836-814b-4d28-a24d-7047555bec05 has been successfully formatted.
2019-09-12 10:32:34,022 [pool-441-thread-1] INFO  ratis.ContainerStateMachine (ContainerStateMachine.java:loadSnapshot(226)) - group-7047555BEC05: The snapshot info is null. Setting the last applied indexto:(t:0, i:~)
2019-09-12 10:32:34,022 [pool-441-thread-1] INFO  server.RaftServerConfigKeys (ConfUtils.java:logGet(43)) - raft.server.leader.election.timeout = 120s (custom)
2019-09-12 10:32:34,022 [pool-441-thread-1] INFO  server.RaftServerConfigKeys (ConfUtils.java:logGet(43)) - raft.server.log.use.memory = false (default)
2019-09-12 10:32:34,022 [pool-441-thread-1] INFO  server.RaftServerConfigKeys (ConfUtils.java:logGet(43)) - raft.server.log.purge.gap = 1000000 (custom)
2019-09-12 10:32:34,022 [pool-441-thread-1] INFO  server.RaftServerConfigKeys (ConfUtils.java:logGet(43)) - raft.server.log.appender.buffer.byte-limit = 33554432 (custom)
2019-09-12 10:32:34,022 [pool-441-thread-1] INFO  server.RaftServerConfigKeys (ConfUtils.java:logGet(43)) - raft.server.log.segment.size.max = 1048576 (custom)
2019-09-12 10:32:34,022 [pool-441-thread-1] INFO  server.RaftServerConfigKeys (ConfUtils.java:logGet(43)) - raft.server.log.segment.cache.num.max = 2 (custom)
2019-09-12 10:32:34,022 [pool-441-thread-1] INFO  segmented.SegmentedRaftLogWorker (SegmentedRaftLogWorker.java:<init>(172)) - new 9bf0d246-3308-4376-bff1-b5ae143bf3ac-SegmentedRaftLogWorker:Storage Directory /workdir/hadoop-ozone/integration-test/target/test-dir/MiniOzoneClusterImpl-fac5a39b-1f62-44b0-aedf-fae56ce7e72b/datanode-3/data/ratis/e6553836-814b-4d28-a24d-7047555bec05 for RaftStorage:Storage Directory /workdir/hadoop-ozone/integration-test/target/test-dir/MiniOzoneClusterImpl-fac5a39b-1f62-44b0-aedf-fae56ce7e72b/datanode-3/data/ratis/e6553836-814b-4d28-a24d-7047555bec05
2019-09-12 10:32:34,023 [pool-441-thread-1] INFO  server.RaftServerConfigKeys (ConfUtils.java:logGet(43)) - raft.server.log.queue.byte-limit = 2147483647 (custom)
2019-09-12 10:32:34,023 [pool-441-thread-1] INFO  server.RaftServerConfigKeys (ConfUtils.java:logGet(43)) - raft.server.log.queue.element-limit = 1024 (custom)
2019-09-12 10:32:34,023 [pool-441-thread-1] INFO  server.RaftServerConfigKeys (ConfUtils.java:logGet(43)) - raft.server.log.segment.size.max = 1048576 (custom)
2019-09-12 10:32:34,023 [pool-441-thread-1] INFO  server.RaftServerConfigKeys (ConfUtils.java:logGet(43)) - raft.server.log.preallocated.size = 16384 (custom)
2019-09-12 10:32:34,023 [pool-441-thread-1] INFO  server.RaftServerConfigKeys (ConfUtils.java:logGet(43)) - raft.server.log.write.buffer.size = 33554432 (custom)
2019-09-12 10:32:34,023 [pool-441-thread-1] INFO  server.RaftServerConfigKeys (ConfUtils.java:logGet(43)) - raft.server.log.force.sync.num = 128 (default)
2019-09-12 10:32:34,023 [pool-441-thread-1] INFO  server.RaftServerConfigKeys (ConfUtils.java:logGet(43)) - raft.server.log.statemachine.data.sync = true (default)
2019-09-12 10:32:34,023 [pool-441-thread-1] INFO  server.RaftServerConfigKeys (ConfUtils.java:logGet(43)) - raft.server.log.statemachine.data.sync.timeout = 10s (default)
2019-09-12 10:32:34,023 [pool-441-thread-1] INFO  server.RaftServerConfigKeys (ConfUtils.java:logGet(43)) - raft.server.log.statemachine.data.sync.timeout.retry = -1 (default)
2019-09-12 10:32:34,024 [pool-441-thread-1] INFO  server.RaftServerConfigKeys (ConfUtils.java:logGet(43)) - raft.server.log.statemachine.data.caching.enabled = true (custom)
2019-09-12 10:32:34,024 [pool-441-thread-1] INFO  segmented.SegmentedRaftLogWorker (SegmentedRaftLogWorker.java:lambda$new$0(132)) - 9bf0d246-3308-4376-bff1-b5ae143bf3ac-SegmentedRaftLogWorker:Storage Directory /workdir/hadoop-ozone/integration-test/target/test-dir/MiniOzoneClusterImpl-fac5a39b-1f62-44b0-aedf-fae56ce7e72b/datanode-3/data/ratis/e6553836-814b-4d28-a24d-7047555bec05: flushIndex: setUnconditionally 0 -> -1
2019-09-12 10:32:34,024 [pool-441-thread-1] INFO  server.RaftServerConfigKeys (ConfUtils.java:logGet(43)) - raft.server.snapshot.auto.trigger.enabled = true (custom)
2019-09-12 10:32:34,024 [pool-441-thread-1] INFO  server.RaftServerConfigKeys (ConfUtils.java:logGet(43)) - raft.server.snapshot.auto.trigger.threshold = 10000 (custom)
2019-09-12 10:32:34,024 [pool-441-thread-1] INFO  server.RaftServerConfigKeys (ConfUtils.java:logGet(43)) - raft.server.retrycache.expirytime = 600000ms (custom)
2019-09-12 10:32:34,025 [pool-441-thread-1] INFO  impl.RaftServerImpl (RaftServerImpl.java:start(180)) - 9bf0d246-3308-4376-bff1-b5ae143bf3ac: start group-7047555BEC05
2019-09-12 10:32:34,025 [pool-441-thread-1] INFO  impl.RaftServerImpl (RaftServerImpl.java:setRole(171)) - 9bf0d246-3308-4376-bff1-b5ae143bf3ac:group-7047555BEC05 changes role from null to FOLLOWER at term 0 for startAsFollower
2019-09-12 10:32:34,025 [pool-441-thread-1] INFO  impl.RoleInfo (RoleInfo.java:updateAndGet(143)) - 9bf0d246-3308-4376-bff1-b5ae143bf3ac: start FollowerState
2019-09-12 10:32:34,025 [pool-441-thread-1] INFO  util.JmxRegister (JmxRegister.java:tryRegister(44)) - Successfully registered JMX Bean with object name Ratis:service=RaftServer,group=group-7047555BEC05,id=9bf0d246-3308-4376-bff1-b5ae143bf3ac
2019-09-12 10:32:34,028 [RatisPipelineUtilsThread] INFO  pipeline.PipelineStateManager (PipelineStateManager.java:addPipeline(56)) - Created pipeline Pipeline[ Id: e6553836-814b-4d28-a24d-7047555bec05, Nodes: 9bf0d246-3308-4376-bff1-b5ae143bf3ac{ip: 192.168.36.114, host: pr-hdds-1569-58hkm-1881083799, networkLocation: /default-rack, certSerialId: null}, Type:RATIS, Factor:ONE, State:OPEN]
2019-09-12 10:32:34,028 [RatisPipelineUtilsThread] ERROR pipeline.PipelinePlacementPolicy (PipelinePlacementPolicy.java:meetCriteria(92)) - Pipeline Placement: Doesn't meet the criteria to be viable node. Heaviness: 6
2019-09-12 10:32:34,028 [RatisPipelineUtilsThread] ERROR pipeline.PipelinePlacementPolicy (PipelinePlacementPolicy.java:meetCriteria(92)) - Pipeline Placement: Doesn't meet the criteria to be viable node. Heaviness: 6
2019-09-12 10:32:34,028 [RatisPipelineUtilsThread] ERROR pipeline.PipelinePlacementPolicy (PipelinePlacementPolicy.java:meetCriteria(92)) - Pipeline Placement: Doesn't meet the criteria to be viable node. Heaviness: 6
2019-09-12 10:32:34,031 [Thread-2008] INFO  container.ReplicationManager (ReplicationManager.java:start(151)) - Starting Replication Monitor Thread.
2019-09-12 10:32:34,047 [ReplicationMonitor] INFO  container.ReplicationManager (ReplicationManager.java:run(214)) - Replication Monitor Thread took 0 milliseconds for processing 0 containers.
2019-09-12 10:32:34,048 [grpc-default-executor-1] INFO  impl.RaftServerProxy (RaftServerProxy.java:addNew(89)) - 9bf0d246-3308-4376-bff1-b5ae143bf3ac: addNew group-E275B1EA58F3:[9bf0d246-3308-4376-bff1-b5ae143bf3ac:192.168.36.114:43069] returns group-E275B1EA58F3:java.util.concurrent.CompletableFuture@19e0f9a2[Not completed]
2019-09-12 10:32:34,049 [pool-441-thread-1] INFO  impl.RaftServerImpl (RaftServerImpl.java:<init>(93)) - 9bf0d246-3308-4376-bff1-b5ae143bf3ac: new RaftServerImpl for group-E275B1EA58F3:[9bf0d246-3308-4376-bff1-b5ae143bf3ac:192.168.36.114:43069] with ContainerStateMachine:uninitialized
2019-09-12 10:32:34,049 [pool-441-thread-1] INFO  server.RaftServerConfigKeys (ConfUtils.java:logGet(43)) - raft.server.rpc.timeout.min = 5s (custom)
2019-09-12 10:32:34,049 [pool-441-thread-1] INFO  server.RaftServerConfigKeys (ConfUtils.java:logGet(43)) - raft.server.rpc.timeout.max = 5200ms (custom)
2019-09-12 10:32:34,050 [pool-441-thread-1] INFO  server.RaftServerConfigKeys (ConfUtils.java:logGet(43)) - raft.server.rpcslowness.timeout = 120s (custom)
2019-09-12 10:32:34,050 [pool-441-thread-1] INFO  server.RaftServerConfigKeys (ConfUtils.java:logGet(43)) - raft.server.sleep.deviation.threshold = 300 (default)
2019-09-12 10:32:34,050 [pool-441-thread-1] INFO  server.RaftServerConfigKeys (ConfUtils.java:logGet(43)) - raft.server.log.appender.install.snapshot.enabled = false (custom)
2019-09-12 10:32:34,050 [pool-441-thread-1] INFO  impl.RaftServerImpl (ServerState.java:<init>(105)) - 9bf0d246-3308-4376-bff1-b5ae143bf3ac:group-E275B1EA58F3 ConfigurationManager, init=-1: [9bf0d246-3308-4376-bff1-b5ae143bf3ac:192.168.36.114:43069], old=null, confs=<EMPTY_MAP>
2019-09-12 10:32:34,050 [pool-441-thread-1] INFO  server.RaftServerConfigKeys (ConfUtils.java:logGet(43)) - raft.server.storage.dir = [/workdir/hadoop-ozone/integration-test/target/test-dir/MiniOzoneClusterImpl-fac5a39b-1f62-44b0-aedf-fae56ce7e72b/datanode-3/data/ratis] (custom)
2019-09-12 10:32:34,050 [pool-441-thread-1] INFO  storage.RaftStorageDirectory (RaftStorageDirectory.java:analyzeStorage(246)) - The storage directory /workdir/hadoop-ozone/integration-test/target/test-dir/MiniOzoneClusterImpl-fac5a39b-1f62-44b0-aedf-fae56ce7e72b/datanode-3/data/ratis/059c08d1-4b00-4d01-a076-e275b1ea58f3 does not exist. Creating ...
2019-09-12 10:32:34,075 [pool-441-thread-1] INFO  storage.RaftStorageDirectory (RaftStorageDirectory.java:tryLock(328)) - Lock on /workdir/hadoop-ozone/integration-test/target/test-dir/MiniOzoneClusterImpl-fac5a39b-1f62-44b0-aedf-fae56ce7e72b/datanode-3/data/ratis/059c08d1-4b00-4d01-a076-e275b1ea58f3/in_use.lock acquired by nodename 1396@pr-hdds-1569-58hkm-1881083799
2019-09-12 10:32:34,097 [pool-441-thread-1] INFO  storage.RaftStorage (RaftStorage.java:format(72)) - Storage directory /workdir/hadoop-ozone/integration-test/target/test-dir/MiniOzoneClusterImpl-fac5a39b-1f62-44b0-aedf-fae56ce7e72b/datanode-3/data/ratis/059c08d1-4b00-4d01-a076-e275b1ea58f3 has been successfully formatted.
2019-09-12 10:32:34,097 [pool-441-thread-1] INFO  ratis.ContainerStateMachine (ContainerStateMachine.java:loadSnapshot(226)) - group-E275B1EA58F3: The snapshot info is null. Setting the last applied indexto:(t:0, i:~)
2019-09-12 10:32:34,098 [pool-441-thread-1] INFO  server.RaftServerConfigKeys (ConfUtils.java:logGet(43)) - raft.server.leader.election.timeout = 120s (custom)
2019-09-12 10:32:34,098 [pool-441-thread-1] INFO  server.RaftServerConfigKeys (ConfUtils.java:logGet(43)) - raft.server.log.use.memory = false (default)
2019-09-12 10:32:34,098 [pool-441-thread-1] INFO  server.RaftServerConfigKeys (ConfUtils.java:logGet(43)) - raft.server.log.purge.gap = 1000000 (custom)
2019-09-12 10:32:34,098 [pool-441-thread-1] INFO  server.RaftServerConfigKeys (ConfUtils.java:logGet(43)) - raft.server.log.appender.buffer.byte-limit = 33554432 (custom)
2019-09-12 10:32:34,098 [pool-441-thread-1] INFO  server.RaftServerConfigKeys (ConfUtils.java:logGet(43)) - raft.server.log.segment.size.max = 1048576 (custom)
2019-09-12 10:32:34,098 [pool-441-thread-1] INFO  server.RaftServerConfigKeys (ConfUtils.java:logGet(43)) - raft.server.log.segment.cache.num.max = 2 (custom)
2019-09-12 10:32:34,099 [pool-441-thread-1] INFO  segmented.SegmentedRaftLogWorker (SegmentedRaftLogWorker.java:<init>(172)) - new 9bf0d246-3308-4376-bff1-b5ae143bf3ac-SegmentedRaftLogWorker:Storage Directory /workdir/hadoop-ozone/integration-test/target/test-dir/MiniOzoneClusterImpl-fac5a39b-1f62-44b0-aedf-fae56ce7e72b/datanode-3/data/ratis/059c08d1-4b00-4d01-a076-e275b1ea58f3 for RaftStorage:Storage Directory /workdir/hadoop-ozone/integration-test/target/test-dir/MiniOzoneClusterImpl-fac5a39b-1f62-44b0-aedf-fae56ce7e72b/datanode-3/data/ratis/059c08d1-4b00-4d01-a076-e275b1ea58f3
2019-09-12 10:32:34,099 [pool-441-thread-1] INFO  server.RaftServerConfigKeys (ConfUtils.java:logGet(43)) - raft.server.log.queue.byte-limit = 2147483647 (custom)
2019-09-12 10:32:34,099 [pool-441-thread-1] INFO  server.RaftServerConfigKeys (ConfUtils.java:logGet(43)) - raft.server.log.queue.element-limit = 1024 (custom)
2019-09-12 10:32:34,099 [pool-441-thread-1] INFO  server.RaftServerConfigKeys (ConfUtils.java:logGet(43)) - raft.server.log.segment.size.max = 1048576 (custom)
2019-09-12 10:32:34,099 [pool-441-thread-1] INFO  server.RaftServerConfigKeys (ConfUtils.java:logGet(43)) - raft.server.log.preallocated.size = 16384 (custom)
2019-09-12 10:32:34,099 [pool-441-thread-1] INFO  server.RaftServerConfigKeys (ConfUtils.java:logGet(43)) - raft.server.log.write.buffer.size = 33554432 (custom)
2019-09-12 10:32:34,099 [pool-441-thread-1] INFO  server.RaftServerConfigKeys (ConfUtils.java:logGet(43)) - raft.server.log.force.sync.num = 128 (default)
2019-09-12 10:32:34,100 [pool-441-thread-1] INFO  server.RaftServerConfigKeys (ConfUtils.java:logGet(43)) - raft.server.log.statemachine.data.sync = true (default)
2019-09-12 10:32:34,100 [pool-441-thread-1] INFO  server.RaftServerConfigKeys (ConfUtils.java:logGet(43)) - raft.server.log.statemachine.data.sync.timeout = 10s (default)
2019-09-12 10:32:34,100 [pool-441-thread-1] INFO  server.RaftServerConfigKeys (ConfUtils.java:logGet(43)) - raft.server.log.statemachine.data.sync.timeout.retry = -1 (default)
2019-09-12 10:32:34,100 [pool-441-thread-1] INFO  server.RaftServerConfigKeys (ConfUtils.java:logGet(43)) - raft.server.log.statemachine.data.caching.enabled = true (custom)
2019-09-12 10:32:34,100 [pool-441-thread-1] INFO  segmented.SegmentedRaftLogWorker (SegmentedRaftLogWorker.java:lambda$new$0(132)) - 9bf0d246-3308-4376-bff1-b5ae143bf3ac-SegmentedRaftLogWorker:Storage Directory /workdir/hadoop-ozone/integration-test/target/test-dir/MiniOzoneClusterImpl-fac5a39b-1f62-44b0-aedf-fae56ce7e72b/datanode-3/data/ratis/059c08d1-4b00-4d01-a076-e275b1ea58f3: flushIndex: setUnconditionally 0 -> -1
2019-09-12 10:32:34,101 [pool-441-thread-1] INFO  server.RaftServerConfigKeys (ConfUtils.java:logGet(43)) - raft.server.snapshot.auto.trigger.enabled = true (custom)
2019-09-12 10:32:34,101 [pool-441-thread-1] INFO  server.RaftServerConfigKeys (ConfUtils.java:logGet(43)) - raft.server.snapshot.auto.trigger.threshold = 10000 (custom)
2019-09-12 10:32:34,101 [pool-441-thread-1] INFO  server.RaftServerConfigKeys (ConfUtils.java:logGet(43)) - raft.server.retrycache.expirytime = 600000ms (custom)
2019-09-12 10:32:34,101 [pool-441-thread-1] INFO  impl.RaftServerImpl (RaftServerImpl.java:start(180)) - 9bf0d246-3308-4376-bff1-b5ae143bf3ac: start group-E275B1EA58F3
2019-09-12 10:32:34,102 [pool-441-thread-1] INFO  impl.RaftServerImpl (RaftServerImpl.java:setRole(171)) - 9bf0d246-3308-4376-bff1-b5ae143bf3ac:group-E275B1EA58F3 changes role from null to FOLLOWER at term 0 for startAsFollower
2019-09-12 10:32:34,102 [pool-441-thread-1] INFO  impl.RoleInfo (RoleInfo.java:updateAndGet(143)) - 9bf0d246-3308-4376-bff1-b5ae143bf3ac: start FollowerState
2019-09-12 10:32:34,102 [pool-441-thread-1] INFO  util.JmxRegister (JmxRegister.java:tryRegister(44)) - Successfully registered JMX Bean with object name Ratis:service=RaftServer,group=group-E275B1EA58F3,id=9bf0d246-3308-4376-bff1-b5ae143bf3ac
2019-09-12 10:32:34,105 [RatisPipelineUtilsThread] INFO  pipeline.PipelineStateManager (PipelineStateManager.java:addPipeline(56)) - Created pipeline Pipeline[ Id: 059c08d1-4b00-4d01-a076-e275b1ea58f3, Nodes: 9bf0d246-3308-4376-bff1-b5ae143bf3ac{ip: 192.168.36.114, host: pr-hdds-1569-58hkm-1881083799, networkLocation: /default-rack, certSerialId: null}, Type:RATIS, Factor:ONE, State:OPEN]
2019-09-12 10:32:34,105 [RatisPipelineUtilsThread] ERROR pipeline.PipelinePlacementPolicy (PipelinePlacementPolicy.java:meetCriteria(92)) - Pipeline Placement: Doesn't meet the criteria to be viable node. Heaviness: 6
2019-09-12 10:32:34,106 [RatisPipelineUtilsThread] ERROR pipeline.PipelinePlacementPolicy (PipelinePlacementPolicy.java:meetCriteria(92)) - Pipeline Placement: Doesn't meet the criteria to be viable node. Heaviness: 6
2019-09-12 10:32:34,106 [RatisPipelineUtilsThread] ERROR pipeline.PipelinePlacementPolicy (PipelinePlacementPolicy.java:meetCriteria(92)) - Pipeline Placement: Doesn't meet the criteria to be viable node. Heaviness: 6
2019-09-12 10:32:34,106 [RatisPipelineUtilsThread] ERROR pipeline.PipelinePlacementPolicy (PipelinePlacementPolicy.java:meetCriteria(92)) - Pipeline Placement: Doesn't meet the criteria to be viable node. Heaviness: 6
2019-09-12 10:32:34,127 [873ff125-9641-4674-9775-ec96c107c12e-SegmentedRaftLogWorker:Storage Directory /workdir/hadoop-ozone/integration-test/target/test-dir/MiniOzoneClusterImpl-39631bd2-f83c-4f24-acb2-4c1b273f2694/datanode-6/data/ratis/f6c311b2-1a8d-4b32-a065-b0bf0bd87419] ERROR segmented.SegmentedRaftLogWorker (SegmentedRaftLogWorker.java:run(323)) - 873ff125-9641-4674-9775-ec96c107c12e-SegmentedRaftLogWorker:Storage Directory /workdir/hadoop-ozone/integration-test/target/test-dir/MiniOzoneClusterImpl-39631bd2-f83c-4f24-acb2-4c1b273f2694/datanode-6/data/ratis/f6c311b2-1a8d-4b32-a065-b0bf0bd87419 hit exception
java.lang.OutOfMemoryError: Direct buffer memory
	at java.nio.Bits.reserveMemory(Bits.java:666)
	at java.nio.DirectByteBuffer.<init>(DirectByteBuffer.java:123)
	at java.nio.ByteBuffer.allocateDirect(ByteBuffer.java:311)
	at org.apache.ratis.server.raftlog.segmented.BufferedWriteChannel.<init>(BufferedWriteChannel.java:41)
	at org.apache.ratis.server.raftlog.segmented.SegmentedRaftLogOutputStream.<init>(SegmentedRaftLogOutputStream.java:72)
	at org.apache.ratis.server.raftlog.segmented.SegmentedRaftLogWorker$StartLogSegment.execute(SegmentedRaftLogWorker.java:566)
	at org.apache.ratis.server.raftlog.segmented.SegmentedRaftLogWorker.run(SegmentedRaftLogWorker.java:289)
	at java.lang.Thread.run(Thread.java:748)
2019-09-12 10:32:34,127 [grpc-default-executor-1] INFO  impl.RaftServerProxy (RaftServerProxy.java:addNew(89)) - 5109381c-1660-4b2c-84b2-d6b64dc87db9: addNew group-6390418AB76E:[5109381c-1660-4b2c-84b2-d6b64dc87db9:192.168.36.114:33945] returns group-6390418AB76E:java.util.concurrent.CompletableFuture@12216e51[Not completed]
2019-09-12 10:32:34,127 [873ff125-9641-4674-9775-ec96c107c12e-SegmentedRaftLogWorker:Storage Directory /workdir/hadoop-ozone/integration-test/target/test-dir/MiniOzoneClusterImpl-39631bd2-f83c-4f24-acb2-4c1b273f2694/datanode-6/data/ratis/f6c311b2-1a8d-4b32-a065-b0bf0bd87419] INFO  impl.RaftServerImpl (RaftServerImpl.java:lambda$shutdown$3(245)) - 873ff125-9641-4674-9775-ec96c107c12e: shutdown group-B0BF0BD87419
2019-09-12 10:32:34,128 [873ff125-9641-4674-9775-ec96c107c12e-SegmentedRaftLogWorker:Storage Directory /workdir/hadoop-ozone/integration-test/target/test-dir/MiniOzoneClusterImpl-39631bd2-f83c-4f24-acb2-4c1b273f2694/datanode-6/data/ratis/f6c311b2-1a8d-4b32-a065-b0bf0bd87419] INFO  util.JmxRegister (JmxRegister.java:unregister(73)) - Successfully un-registered JMX Bean with object name Ratis:service=RaftServer,group=group-B0BF0BD87419,id=873ff125-9641-4674-9775-ec96c107c12e
2019-09-12 10:32:34,128 [873ff125-9641-4674-9775-ec96c107c12e-SegmentedRaftLogWorker:Storage Directory /workdir/hadoop-ozone/integration-test/target/test-dir/MiniOzoneClusterImpl-39631bd2-f83c-4f24-acb2-4c1b273f2694/datanode-6/data/ratis/f6c311b2-1a8d-4b32-a065-b0bf0bd87419] INFO  impl.RoleInfo (RoleInfo.java:shutdownLeaderState(104)) - 873ff125-9641-4674-9775-ec96c107c12e: shutdown LeaderState
2019-09-12 10:32:34,128 [873ff125-9641-4674-9775-ec96c107c12e-SegmentedRaftLogWorker:Storage Directory /workdir/hadoop-ozone/integration-test/target/test-dir/MiniOzoneClusterImpl-39631bd2-f83c-4f24-acb2-4c1b273f2694/datanode-6/data/ratis/f6c311b2-1a8d-4b32-a065-b0bf0bd87419] INFO  impl.PendingRequests (PendingRequests.java:sendNotLeaderResponses(202)) - 873ff125-9641-4674-9775-ec96c107c12e-PendingRequests: sendNotLeaderResponses
2019-09-12 10:32:34,128 [873ff125-9641-4674-9775-ec96c107c12e-SegmentedRaftLogWorker:Storage Directory /workdir/hadoop-ozone/integration-test/target/test-dir/MiniOzoneClusterImpl-39631bd2-f83c-4f24-acb2-4c1b273f2694/datanode-6/data/ratis/f6c311b2-1a8d-4b32-a065-b0bf0bd87419] INFO  impl.StateMachineUpdater (StateMachineUpdater.java:stopAndJoin(115)) - StateMachineUpdater:873ff125-9641-4674-9775-ec96c107c12e:group-B0BF0BD87419: set stopIndex = -1
2019-09-12 10:32:34,128 [pool-452-thread-1] INFO  impl.RaftServerImpl (RaftServerImpl.java:<init>(93)) - 5109381c-1660-4b2c-84b2-d6b64dc87db9: new RaftServerImpl for group-6390418AB76E:[5109381c-1660-4b2c-84b2-d6b64dc87db9:192.168.36.114:33945] with ContainerStateMachine:uninitialized
2019-09-12 10:32:34,128 [873ff125-9641-4674-9775-ec96c107c12e-SegmentedRaftLogWorker:Storage Directory /workdir/hadoop-ozone/integration-test/target/test-dir/MiniOzoneClusterImpl-39631bd2-f83c-4f24-acb2-4c1b273f2694/datanode-6/data/ratis/f6c311b2-1a8d-4b32-a065-b0bf0bd87419] INFO  impl.RaftServerImpl (ServerState.java:close(394)) - 873ff125-9641-4674-9775-ec96c107c12e:group-B0BF0BD87419 closes. The last applied log index is -1
2019-09-12 10:32:34,129 [pool-452-thread-1] INFO  server.RaftServerConfigKeys (ConfUtils.java:logGet(43)) - raft.server.rpc.timeout.min = 5s (custom)
2019-09-12 10:32:34,129 [873ff125-9641-4674-9775-ec96c107c12e-SegmentedRaftLogWorker:Storage Directory /workdir/hadoop-ozone/integration-test/target/test-dir/MiniOzoneClusterImpl-39631bd2-f83c-4f24-acb2-4c1b273f2694/datanode-6/data/ratis/f6c311b2-1a8d-4b32-a065-b0bf0bd87419] INFO  segmented.SegmentedRaftLogWorker (SegmentedRaftLogWorker.java:close(228)) - 873ff125-9641-4674-9775-ec96c107c12e-SegmentedRaftLogWorker:Storage Directory /workdir/hadoop-ozone/integration-test/target/test-dir/MiniOzoneClusterImpl-39631bd2-f83c-4f24-acb2-4c1b273f2694/datanode-6/data/ratis/f6c311b2-1a8d-4b32-a065-b0bf0bd87419 close()
2019-09-12 10:32:34,129 [pool-452-thread-1] INFO  server.RaftServerConfigKeys (ConfUtils.java:logGet(43)) - raft.server.rpc.timeout.max = 5200ms (custom)
2019-09-12 10:32:34,129 [pool-452-thread-1] INFO  server.RaftServerConfigKeys (ConfUtils.java:logGet(43)) - raft.server.rpcslowness.timeout = 120s (custom)
2019-09-12 10:32:34,129 [pool-452-thread-1] INFO  server.RaftServerConfigKeys (ConfUtils.java:logGet(43)) - raft.server.sleep.deviation.threshold = 300 (default)
2019-09-12 10:32:34,130 [pool-452-thread-1] INFO  server.RaftServerConfigKeys (ConfUtils.java:logGet(43)) - raft.server.log.appender.install.snapshot.enabled = false (custom)
2019-09-12 10:32:34,130 [pool-452-thread-1] INFO  impl.RaftServerImpl (ServerState.java:<init>(105)) - 5109381c-1660-4b2c-84b2-d6b64dc87db9:group-6390418AB76E ConfigurationManager, init=-1: [5109381c-1660-4b2c-84b2-d6b64dc87db9:192.168.36.114:33945], old=null, confs=<EMPTY_MAP>
2019-09-12 10:32:34,130 [pool-452-thread-1] INFO  server.RaftServerConfigKeys (ConfUtils.java:logGet(43)) - raft.server.storage.dir = [/workdir/hadoop-ozone/integration-test/target/test-dir/MiniOzoneClusterImpl-fac5a39b-1f62-44b0-aedf-fae56ce7e72b/datanode-4/data/ratis] (custom)
2019-09-12 10:32:34,130 [pool-452-thread-1] INFO  storage.RaftStorageDirectory (RaftStorageDirectory.java:analyzeStorage(246)) - The storage directory /workdir/hadoop-ozone/integration-test/target/test-dir/MiniOzoneClusterImpl-fac5a39b-1f62-44b0-aedf-fae56ce7e72b/datanode-4/data/ratis/0a0fadd4-c290-4cb0-9705-6390418ab76e does not exist. Creating ...
2019-09-12 10:32:34,156 [pool-452-thread-1] INFO  storage.RaftStorageDirectory (RaftStorageDirectory.java:tryLock(328)) - Lock on /workdir/hadoop-ozone/integration-test/target/test-dir/MiniOzoneClusterImpl-fac5a39b-1f62-44b0-aedf-fae56ce7e72b/datanode-4/data/ratis/0a0fadd4-c290-4cb0-9705-6390418ab76e/in_use.lock acquired by nodename 1396@pr-hdds-1569-58hkm-1881083799
2019-09-12 10:32:34,168 [pool-452-thread-1] INFO  storage.RaftStorage (RaftStorage.java:format(72)) - Storage directory /workdir/hadoop-ozone/integration-test/target/test-dir/MiniOzoneClusterImpl-fac5a39b-1f62-44b0-aedf-fae56ce7e72b/datanode-4/data/ratis/0a0fadd4-c290-4cb0-9705-6390418ab76e has been successfully formatted.
2019-09-12 10:32:34,169 [pool-452-thread-1] INFO  ratis.ContainerStateMachine (ContainerStateMachine.java:loadSnapshot(226)) - group-6390418AB76E: The snapshot info is null. Setting the last applied indexto:(t:0, i:~)
2019-09-12 10:32:34,169 [pool-452-thread-1] INFO  server.RaftServerConfigKeys (ConfUtils.java:logGet(43)) - raft.server.leader.election.timeout = 120s (custom)
2019-09-12 10:32:34,169 [pool-452-thread-1] INFO  server.RaftServerConfigKeys (ConfUtils.java:logGet(43)) - raft.server.log.use.memory = false (default)
2019-09-12 10:32:34,169 [pool-452-thread-1] INFO  server.RaftServerConfigKeys (ConfUtils.java:logGet(43)) - raft.server.log.purge.gap = 1000000 (custom)
2019-09-12 10:32:34,169 [pool-452-thread-1] INFO  server.RaftServerConfigKeys (ConfUtils.java:logGet(43)) - raft.server.log.appender.buffer.byte-limit = 33554432 (custom)
2019-09-12 10:32:34,169 [pool-452-thread-1] INFO  server.RaftServerConfigKeys (ConfUtils.java:logGet(43)) - raft.server.log.segment.size.max = 1048576 (custom)
2019-09-12 10:32:34,170 [pool-452-thread-1] INFO  server.RaftServerConfigKeys (ConfUtils.java:logGet(43)) - raft.server.log.segment.cache.num.max = 2 (custom)
2019-09-12 10:32:34,170 [pool-452-thread-1] INFO  segmented.SegmentedRaftLogWorker (SegmentedRaftLogWorker.java:<init>(172)) - new 5109381c-1660-4b2c-84b2-d6b64dc87db9-SegmentedRaftLogWorker:Storage Directory /workdir/hadoop-ozone/integration-test/target/test-dir/MiniOzoneClusterImpl-fac5a39b-1f62-44b0-aedf-fae56ce7e72b/datanode-4/data/ratis/0a0fadd4-c290-4cb0-9705-6390418ab76e for RaftStorage:Storage Directory /workdir/hadoop-ozone/integration-test/target/test-dir/MiniOzoneClusterImpl-fac5a39b-1f62-44b0-aedf-fae56ce7e72b/datanode-4/data/ratis/0a0fadd4-c290-4cb0-9705-6390418ab76e
2019-09-12 10:32:34,170 [pool-452-thread-1] INFO  server.RaftServerConfigKeys (ConfUtils.java:logGet(43)) - raft.server.log.queue.byte-limit = 2147483647 (custom)
2019-09-12 10:32:34,170 [pool-452-thread-1] INFO  server.RaftServerConfigKeys (ConfUtils.java:logGet(43)) - raft.server.log.queue.element-limit = 1024 (custom)
2019-09-12 10:32:34,171 [pool-452-thread-1] INFO  server.RaftServerConfigKeys (ConfUtils.java:logGet(43)) - raft.server.log.segment.size.max = 1048576 (custom)
2019-09-12 10:32:34,171 [pool-452-thread-1] INFO  server.RaftServerConfigKeys (ConfUtils.java:logGet(43)) - raft.server.log.preallocated.size = 16384 (custom)
2019-09-12 10:32:34,171 [pool-452-thread-1] INFO  server.RaftServerConfigKeys (ConfUtils.java:logGet(43)) - raft.server.log.write.buffer.size = 33554432 (custom)
2019-09-12 10:32:34,171 [pool-452-thread-1] INFO  server.RaftServerConfigKeys (ConfUtils.java:logGet(43)) - raft.server.log.force.sync.num = 128 (default)
2019-09-12 10:32:34,171 [pool-452-thread-1] INFO  server.RaftServerConfigKeys (ConfUtils.java:logGet(43)) - raft.server.log.statemachine.data.sync = true (default)
2019-09-12 10:32:34,171 [pool-452-thread-1] INFO  server.RaftServerConfigKeys (ConfUtils.java:logGet(43)) - raft.server.log.statemachine.data.sync.timeout = 10s (default)
2019-09-12 10:32:34,172 [pool-452-thread-1] INFO  server.RaftServerConfigKeys (ConfUtils.java:logGet(43)) - raft.server.log.statemachine.data.sync.timeout.retry = -1 (default)
2019-09-12 10:32:34,172 [pool-452-thread-1] INFO  server.RaftServerConfigKeys (ConfUtils.java:logGet(43)) - raft.server.log.statemachine.data.caching.enabled = true (custom)
2019-09-12 10:32:34,172 [pool-452-thread-1] INFO  segmented.SegmentedRaftLogWorker (SegmentedRaftLogWorker.java:lambda$new$0(132)) - 5109381c-1660-4b2c-84b2-d6b64dc87db9-SegmentedRaftLogWorker:Storage Directory /workdir/hadoop-ozone/integration-test/target/test-dir/MiniOzoneClusterImpl-fac5a39b-1f62-44b0-aedf-fae56ce7e72b/datanode-4/data/ratis/0a0fadd4-c290-4cb0-9705-6390418ab76e: flushIndex: setUnconditionally 0 -> -1
2019-09-12 10:32:34,173 [pool-452-thread-1] INFO  server.RaftServerConfigKeys (ConfUtils.java:logGet(43)) - raft.server.snapshot.auto.trigger.enabled = true (custom)
2019-09-12 10:32:34,173 [pool-452-thread-1] INFO  server.RaftServerConfigKeys (ConfUtils.java:logGet(43)) - raft.server.snapshot.auto.trigger.threshold = 10000 (custom)
2019-09-12 10:32:34,173 [pool-452-thread-1] INFO  server.RaftServerConfigKeys (ConfUtils.java:logGet(43)) - raft.server.retrycache.expirytime = 600000ms (custom)
2019-09-12 10:32:34,173 [pool-452-thread-1] INFO  impl.RaftServerImpl (RaftServerImpl.java:start(180)) - 5109381c-1660-4b2c-84b2-d6b64dc87db9: start group-6390418AB76E
2019-09-12 10:32:34,173 [pool-452-thread-1] INFO  impl.RaftServerImpl (RaftServerImpl.java:setRole(171)) - 5109381c-1660-4b2c-84b2-d6b64dc87db9:group-6390418AB76E changes role from null to FOLLOWER at term 0 for startAsFollower
2019-09-12 10:32:34,174 [pool-452-thread-1] INFO  impl.RoleInfo (RoleInfo.java:updateAndGet(143)) - 5109381c-1660-4b2c-84b2-d6b64dc87db9: start FollowerState
2019-09-12 10:32:34,174 [pool-452-thread-1] INFO  util.JmxRegister (JmxRegister.java:tryRegister(44)) - Successfully registered JMX Bean with object name Ratis:service=RaftServer,group=group-6390418AB76E,id=5109381c-1660-4b2c-84b2-d6b64dc87db9
2019-09-12 10:32:34,177 [RatisPipelineUtilsThread] INFO  pipeline.PipelineStateManager (PipelineStateManager.java:addPipeline(56)) - Created pipeline Pipeline[ Id: 0a0fadd4-c290-4cb0-9705-6390418ab76e, Nodes: 5109381c-1660-4b2c-84b2-d6b64dc87db9{ip: 192.168.36.114, host: pr-hdds-1569-58hkm-1881083799, networkLocation: /default-rack, certSerialId: null}, Type:RATIS, Factor:ONE, State:OPEN]
2019-09-12 10:32:34,177 [RatisPipelineUtilsThread] ERROR pipeline.PipelinePlacementPolicy (PipelinePlacementPolicy.java:meetCriteria(92)) - Pipeline Placement: Doesn't meet the criteria to be viable node. Heaviness: 6
2019-09-12 10:32:34,177 [RatisPipelineUtilsThread] ERROR pipeline.PipelinePlacementPolicy (PipelinePlacementPolicy.java:meetCriteria(92)) - Pipeline Placement: Doesn't meet the criteria to be viable node. Heaviness: 6
2019-09-12 10:32:34,178 [RatisPipelineUtilsThread] ERROR pipeline.PipelinePlacementPolicy (PipelinePlacementPolicy.java:meetCriteria(92)) - Pipeline Placement: Doesn't meet the criteria to be viable node. Heaviness: 6
2019-09-12 10:32:34,178 [RatisPipelineUtilsThread] ERROR pipeline.PipelinePlacementPolicy (PipelinePlacementPolicy.java:meetCriteria(92)) - Pipeline Placement: Doesn't meet the criteria to be viable node. Heaviness: 6
2019-09-12 10:32:34,183 [grpc-default-executor-1] INFO  impl.RaftServerProxy (RaftServerProxy.java:addNew(89)) - 5109381c-1660-4b2c-84b2-d6b64dc87db9: addNew group-BDF934FC3E28:[5109381c-1660-4b2c-84b2-d6b64dc87db9:192.168.36.114:33945] returns group-BDF934FC3E28:java.util.concurrent.CompletableFuture@3dd5b1d[Not completed]
2019-09-12 10:32:34,184 [pool-452-thread-1] INFO  impl.RaftServerImpl (RaftServerImpl.java:<init>(93)) - 5109381c-1660-4b2c-84b2-d6b64dc87db9: new RaftServerImpl for group-BDF934FC3E28:[5109381c-1660-4b2c-84b2-d6b64dc87db9:192.168.36.114:33945] with ContainerStateMachine:uninitialized
2019-09-12 10:32:34,184 [pool-452-thread-1] INFO  server.RaftServerConfigKeys (ConfUtils.java:logGet(43)) - raft.server.rpc.timeout.min = 5s (custom)
2019-09-12 10:32:34,184 [pool-452-thread-1] INFO  server.RaftServerConfigKeys (ConfUtils.java:logGet(43)) - raft.server.rpc.timeout.max = 5200ms (custom)
2019-09-12 10:32:34,184 [pool-452-thread-1] INFO  server.RaftServerConfigKeys (ConfUtils.java:logGet(43)) - raft.server.rpcslowness.timeout = 120s (custom)
2019-09-12 10:32:34,184 [pool-452-thread-1] INFO  server.RaftServerConfigKeys (ConfUtils.java:logGet(43)) - raft.server.sleep.deviation.threshold = 300 (default)
2019-09-12 10:32:34,184 [pool-452-thread-1] INFO  server.RaftServerConfigKeys (ConfUtils.java:logGet(43)) - raft.server.log.appender.install.snapshot.enabled = false (custom)
2019-09-12 10:32:34,184 [pool-452-thread-1] INFO  impl.RaftServerImpl (ServerState.java:<init>(105)) - 5109381c-1660-4b2c-84b2-d6b64dc87db9:group-BDF934FC3E28 ConfigurationManager, init=-1: [5109381c-1660-4b2c-84b2-d6b64dc87db9:192.168.36.114:33945], old=null, confs=<EMPTY_MAP>
2019-09-12 10:32:34,185 [pool-452-thread-1] INFO  server.RaftServerConfigKeys (ConfUtils.java:logGet(43)) - raft.server.storage.dir = [/workdir/hadoop-ozone/integration-test/target/test-dir/MiniOzoneClusterImpl-fac5a39b-1f62-44b0-aedf-fae56ce7e72b/datanode-4/data/ratis] (custom)
2019-09-12 10:32:34,185 [pool-452-thread-1] INFO  storage.RaftStorageDirectory (RaftStorageDirectory.java:analyzeStorage(246)) - The storage directory /workdir/hadoop-ozone/integration-test/target/test-dir/MiniOzoneClusterImpl-fac5a39b-1f62-44b0-aedf-fae56ce7e72b/datanode-4/data/ratis/73775f90-4798-4a8c-afaf-bdf934fc3e28 does not exist. Creating ...
2019-09-12 10:32:34,197 [pool-452-thread-1] INFO  storage.RaftStorageDirectory (RaftStorageDirectory.java:tryLock(328)) - Lock on /workdir/hadoop-ozone/integration-test/target/test-dir/MiniOzoneClusterImpl-fac5a39b-1f62-44b0-aedf-fae56ce7e72b/datanode-4/data/ratis/73775f90-4798-4a8c-afaf-bdf934fc3e28/in_use.lock acquired by nodename 1396@pr-hdds-1569-58hkm-1881083799
2019-09-12 10:32:34,210 [pool-452-thread-1] INFO  storage.RaftStorage (RaftStorage.java:format(72)) - Storage directory /workdir/hadoop-ozone/integration-test/target/test-dir/MiniOzoneClusterImpl-fac5a39b-1f62-44b0-aedf-fae56ce7e72b/datanode-4/data/ratis/73775f90-4798-4a8c-afaf-bdf934fc3e28 has been successfully formatted.
2019-09-12 10:32:34,210 [pool-452-thread-1] INFO  ratis.ContainerStateMachine (ContainerStateMachine.java:loadSnapshot(226)) - group-BDF934FC3E28: The snapshot info is null. Setting the last applied indexto:(t:0, i:~)
2019-09-12 10:32:34,210 [pool-452-thread-1] INFO  server.RaftServerConfigKeys (ConfUtils.java:logGet(43)) - raft.server.leader.election.timeout = 120s (custom)
2019-09-12 10:32:34,210 [pool-452-thread-1] INFO  server.RaftServerConfigKeys (ConfUtils.java:logGet(43)) - raft.server.log.use.memory = false (default)
2019-09-12 10:32:34,210 [pool-452-thread-1] INFO  server.RaftServerConfigKeys (ConfUtils.java:logGet(43)) - raft.server.log.purge.gap = 1000000 (custom)
2019-09-12 10:32:34,210 [pool-452-thread-1] INFO  server.RaftServerConfigKeys (ConfUtils.java:logGet(43)) - raft.server.log.appender.buffer.byte-limit = 33554432 (custom)
2019-09-12 10:32:34,211 [pool-452-thread-1] INFO  server.RaftServerConfigKeys (ConfUtils.java:logGet(43)) - raft.server.log.segment.size.max = 1048576 (custom)
2019-09-12 10:32:34,211 [pool-452-thread-1] INFO  server.RaftServerConfigKeys (ConfUtils.java:logGet(43)) - raft.server.log.segment.cache.num.max = 2 (custom)
2019-09-12 10:32:34,211 [pool-452-thread-1] INFO  segmented.SegmentedRaftLogWorker (SegmentedRaftLogWorker.java:<init>(172)) - new 5109381c-1660-4b2c-84b2-d6b64dc87db9-SegmentedRaftLogWorker:Storage Directory /workdir/hadoop-ozone/integration-test/target/test-dir/MiniOzoneClusterImpl-fac5a39b-1f62-44b0-aedf-fae56ce7e72b/datanode-4/data/ratis/73775f90-4798-4a8c-afaf-bdf934fc3e28 for RaftStorage:Storage Directory /workdir/hadoop-ozone/integration-test/target/test-dir/MiniOzoneClusterImpl-fac5a39b-1f62-44b0-aedf-fae56ce7e72b/datanode-4/data/ratis/73775f90-4798-4a8c-afaf-bdf934fc3e28
2019-09-12 10:32:34,211 [pool-452-thread-1] INFO  server.RaftServerConfigKeys (ConfUtils.java:logGet(43)) - raft.server.log.queue.byte-limit = 2147483647 (custom)
2019-09-12 10:32:34,211 [pool-452-thread-1] INFO  server.RaftServerConfigKeys (ConfUtils.java:logGet(43)) - raft.server.log.queue.element-limit = 1024 (custom)
2019-09-12 10:32:34,211 [pool-452-thread-1] INFO  server.RaftServerConfigKeys (ConfUtils.java:logGet(43)) - raft.server.log.segment.size.max = 1048576 (custom)
2019-09-12 10:32:34,211 [pool-452-thread-1] INFO  server.RaftServerConfigKeys (ConfUtils.java:logGet(43)) - raft.server.log.preallocated.size = 16384 (custom)
2019-09-12 10:32:34,212 [pool-452-thread-1] INFO  server.RaftServerConfigKeys (ConfUtils.java:logGet(43)) - raft.server.log.write.buffer.size = 33554432 (custom)
2019-09-12 10:32:34,212 [pool-452-thread-1] INFO  server.RaftServerConfigKeys (ConfUtils.java:logGet(43)) - raft.server.log.force.sync.num = 128 (default)
2019-09-12 10:32:34,212 [pool-452-thread-1] INFO  server.RaftServerConfigKeys (ConfUtils.java:logGet(43)) - raft.server.log.statemachine.data.sync = true (default)
2019-09-12 10:32:34,212 [pool-452-thread-1] INFO  server.RaftServerConfigKeys (ConfUtils.java:logGet(43)) - raft.server.log.statemachine.data.sync.timeout = 10s (default)
2019-09-12 10:32:34,212 [pool-452-thread-1] INFO  server.RaftServerConfigKeys (ConfUtils.java:logGet(43)) - raft.server.log.statemachine.data.sync.timeout.retry = -1 (default)
2019-09-12 10:32:34,212 [pool-452-thread-1] INFO  server.RaftServerConfigKeys (ConfUtils.java:logGet(43)) - raft.server.log.statemachine.data.caching.enabled = true (custom)
2019-09-12 10:32:34,213 [pool-452-thread-1] INFO  segmented.SegmentedRaftLogWorker (SegmentedRaftLogWorker.java:lambda$new$0(132)) - 5109381c-1660-4b2c-84b2-d6b64dc87db9-SegmentedRaftLogWorker:Storage Directory /workdir/hadoop-ozone/integration-test/target/test-dir/MiniOzoneClusterImpl-fac5a39b-1f62-44b0-aedf-fae56ce7e72b/datanode-4/data/ratis/73775f90-4798-4a8c-afaf-bdf934fc3e28: flushIndex: setUnconditionally 0 -> -1
2019-09-12 10:32:34,213 [pool-452-thread-1] INFO  server.RaftServerConfigKeys (ConfUtils.java:logGet(43)) - raft.server.snapshot.auto.trigger.enabled = true (custom)
2019-09-12 10:32:34,213 [pool-452-thread-1] INFO  server.RaftServerConfigKeys (ConfUtils.java:logGet(43)) - raft.server.snapshot.auto.trigger.threshold = 10000 (custom)
2019-09-12 10:32:34,213 [pool-452-thread-1] INFO  server.RaftServerConfigKeys (ConfUtils.java:logGet(43)) - raft.server.retrycache.expirytime = 600000ms (custom)
2019-09-12 10:32:34,214 [pool-452-thread-1] INFO  impl.RaftServerImpl (RaftServerImpl.java:start(180)) - 5109381c-1660-4b2c-84b2-d6b64dc87db9: start group-BDF934FC3E28
2019-09-12 10:32:34,214 [pool-452-thread-1] INFO  impl.RaftServerImpl (RaftServerImpl.java:setRole(171)) - 5109381c-1660-4b2c-84b2-d6b64dc87db9:group-BDF934FC3E28 changes role from null to FOLLOWER at term 0 for startAsFollower
2019-09-12 10:32:34,214 [pool-452-thread-1] INFO  impl.RoleInfo (RoleInfo.java:updateAndGet(143)) - 5109381c-1660-4b2c-84b2-d6b64dc87db9: start FollowerState
2019-09-12 10:32:34,214 [pool-452-thread-1] INFO  util.JmxRegister (JmxRegister.java:tryRegister(44)) - Successfully registered JMX Bean with object name Ratis:service=RaftServer,group=group-BDF934FC3E28,id=5109381c-1660-4b2c-84b2-d6b64dc87db9
2019-09-12 10:32:34,217 [RatisPipelineUtilsThread] INFO  pipeline.PipelineStateManager (PipelineStateManager.java:addPipeline(56)) - Created pipeline Pipeline[ Id: 73775f90-4798-4a8c-afaf-bdf934fc3e28, Nodes: 5109381c-1660-4b2c-84b2-d6b64dc87db9{ip: 192.168.36.114, host: pr-hdds-1569-58hkm-1881083799, networkLocation: /default-rack, certSerialId: null}, Type:RATIS, Factor:ONE, State:OPEN]
2019-09-12 10:32:34,217 [RatisPipelineUtilsThread] ERROR pipeline.PipelinePlacementPolicy (PipelinePlacementPolicy.java:meetCriteria(92)) - Pipeline Placement: Doesn't meet the criteria to be viable node. Heaviness: 6
2019-09-12 10:32:34,217 [RatisPipelineUtilsThread] ERROR pipeline.PipelinePlacementPolicy (PipelinePlacementPolicy.java:meetCriteria(92)) - Pipeline Placement: Doesn't meet the criteria to be viable node. Heaviness: 6
2019-09-12 10:32:34,217 [RatisPipelineUtilsThread] ERROR pipeline.PipelinePlacementPolicy (PipelinePlacementPolicy.java:meetCriteria(92)) - Pipeline Placement: Doesn't meet the criteria to be viable node. Heaviness: 6
2019-09-12 10:32:34,218 [RatisPipelineUtilsThread] ERROR pipeline.PipelinePlacementPolicy (PipelinePlacementPolicy.java:meetCriteria(92)) - Pipeline Placement: Doesn't meet the criteria to be viable node. Heaviness: 6
2019-09-12 10:32:34,223 [grpc-default-executor-1] INFO  impl.RaftServerProxy (RaftServerProxy.java:addNew(89)) - 5109381c-1660-4b2c-84b2-d6b64dc87db9: addNew group-82E2105B652B:[5109381c-1660-4b2c-84b2-d6b64dc87db9:192.168.36.114:33945] returns group-82E2105B652B:java.util.concurrent.CompletableFuture@383e1717[Not completed]
2019-09-12 10:32:34,224 [pool-452-thread-1] INFO  impl.RaftServerImpl (RaftServerImpl.java:<init>(93)) - 5109381c-1660-4b2c-84b2-d6b64dc87db9: new RaftServerImpl for group-82E2105B652B:[5109381c-1660-4b2c-84b2-d6b64dc87db9:192.168.36.114:33945] with ContainerStateMachine:uninitialized
2019-09-12 10:32:34,224 [pool-452-thread-1] INFO  server.RaftServerConfigKeys (ConfUtils.java:logGet(43)) - raft.server.rpc.timeout.min = 5s (custom)
2019-09-12 10:32:34,224 [pool-452-thread-1] INFO  server.RaftServerConfigKeys (ConfUtils.java:logGet(43)) - raft.server.rpc.timeout.max = 5200ms (custom)
2019-09-12 10:32:34,224 [pool-452-thread-1] INFO  server.RaftServerConfigKeys (ConfUtils.java:logGet(43)) - raft.server.rpcslowness.timeout = 120s (custom)
2019-09-12 10:32:34,224 [pool-452-thread-1] INFO  server.RaftServerConfigKeys (ConfUtils.java:logGet(43)) - raft.server.sleep.deviation.threshold = 300 (default)
2019-09-12 10:32:34,225 [pool-452-thread-1] INFO  server.RaftServerConfigKeys (ConfUtils.java:logGet(43)) - raft.server.log.appender.install.snapshot.enabled = false (custom)
2019-09-12 10:32:34,225 [pool-452-thread-1] INFO  impl.RaftServerImpl (ServerState.java:<init>(105)) - 5109381c-1660-4b2c-84b2-d6b64dc87db9:group-82E2105B652B ConfigurationManager, init=-1: [5109381c-1660-4b2c-84b2-d6b64dc87db9:192.168.36.114:33945], old=null, confs=<EMPTY_MAP>
2019-09-12 10:32:34,225 [pool-452-thread-1] INFO  server.RaftServerConfigKeys (ConfUtils.java:logGet(43)) - raft.server.storage.dir = [/workdir/hadoop-ozone/integration-test/target/test-dir/MiniOzoneClusterImpl-fac5a39b-1f62-44b0-aedf-fae56ce7e72b/datanode-4/data/ratis] (custom)
2019-09-12 10:32:34,225 [pool-452-thread-1] INFO  storage.RaftStorageDirectory (RaftStorageDirectory.java:analyzeStorage(246)) - The storage directory /workdir/hadoop-ozone/integration-test/target/test-dir/MiniOzoneClusterImpl-fac5a39b-1f62-44b0-aedf-fae56ce7e72b/datanode-4/data/ratis/9d869731-e42e-4749-916b-82e2105b652b does not exist. Creating ...
2019-09-12 10:32:34,238 [pool-452-thread-1] INFO  storage.RaftStorageDirectory (RaftStorageDirectory.java:tryLock(328)) - Lock on /workdir/hadoop-ozone/integration-test/target/test-dir/MiniOzoneClusterImpl-fac5a39b-1f62-44b0-aedf-fae56ce7e72b/datanode-4/data/ratis/9d869731-e42e-4749-916b-82e2105b652b/in_use.lock acquired by nodename 1396@pr-hdds-1569-58hkm-1881083799
2019-09-12 10:32:34,268 [pool-452-thread-1] INFO  storage.RaftStorage (RaftStorage.java:format(72)) - Storage directory /workdir/hadoop-ozone/integration-test/target/test-dir/MiniOzoneClusterImpl-fac5a39b-1f62-44b0-aedf-fae56ce7e72b/datanode-4/data/ratis/9d869731-e42e-4749-916b-82e2105b652b has been successfully formatted.
2019-09-12 10:32:34,270 [pool-452-thread-1] INFO  ratis.ContainerStateMachine (ContainerStateMachine.java:loadSnapshot(226)) - group-82E2105B652B: The snapshot info is null. Setting the last applied indexto:(t:0, i:~)
2019-09-12 10:32:34,270 [pool-452-thread-1] INFO  server.RaftServerConfigKeys (ConfUtils.java:logGet(43)) - raft.server.leader.election.timeout = 120s (custom)
2019-09-12 10:32:34,270 [pool-452-thread-1] INFO  server.RaftServerConfigKeys (ConfUtils.java:logGet(43)) - raft.server.log.use.memory = false (default)
2019-09-12 10:32:34,270 [pool-452-thread-1] INFO  server.RaftServerConfigKeys (ConfUtils.java:logGet(43)) - raft.server.log.purge.gap = 1000000 (custom)
2019-09-12 10:32:34,271 [pool-452-thread-1] INFO  server.RaftServerConfigKeys (ConfUtils.java:logGet(43)) - raft.server.log.appender.buffer.byte-limit = 33554432 (custom)
2019-09-12 10:32:34,271 [pool-452-thread-1] INFO  server.RaftServerConfigKeys (ConfUtils.java:logGet(43)) - raft.server.log.segment.size.max = 1048576 (custom)
2019-09-12 10:32:34,271 [pool-452-thread-1] INFO  server.RaftServerConfigKeys (ConfUtils.java:logGet(43)) - raft.server.log.segment.cache.num.max = 2 (custom)
2019-09-12 10:32:34,271 [pool-452-thread-1] INFO  segmented.SegmentedRaftLogWorker (SegmentedRaftLogWorker.java:<init>(172)) - new 5109381c-1660-4b2c-84b2-d6b64dc87db9-SegmentedRaftLogWorker:Storage Directory /workdir/hadoop-ozone/integration-test/target/test-dir/MiniOzoneClusterImpl-fac5a39b-1f62-44b0-aedf-fae56ce7e72b/datanode-4/data/ratis/9d869731-e42e-4749-916b-82e2105b652b for RaftStorage:Storage Directory /workdir/hadoop-ozone/integration-test/target/test-dir/MiniOzoneClusterImpl-fac5a39b-1f62-44b0-aedf-fae56ce7e72b/datanode-4/data/ratis/9d869731-e42e-4749-916b-82e2105b652b
2019-09-12 10:32:34,271 [pool-452-thread-1] INFO  server.RaftServerConfigKeys (ConfUtils.java:logGet(43)) - raft.server.log.queue.byte-limit = 2147483647 (custom)
2019-09-12 10:32:34,271 [pool-452-thread-1] INFO  server.RaftServerConfigKeys (ConfUtils.java:logGet(43)) - raft.server.log.queue.element-limit = 1024 (custom)
2019-09-12 10:32:34,271 [pool-452-thread-1] INFO  server.RaftServerConfigKeys (ConfUtils.java:logGet(43)) - raft.server.log.segment.size.max = 1048576 (custom)
2019-09-12 10:32:34,272 [pool-452-thread-1] INFO  server.RaftServerConfigKeys (ConfUtils.java:logGet(43)) - raft.server.log.preallocated.size = 16384 (custom)
2019-09-12 10:32:34,272 [pool-452-thread-1] INFO  server.RaftServerConfigKeys (ConfUtils.java:logGet(43)) - raft.server.log.write.buffer.size = 33554432 (custom)
2019-09-12 10:32:34,272 [pool-452-thread-1] INFO  server.RaftServerConfigKeys (ConfUtils.java:logGet(43)) - raft.server.log.force.sync.num = 128 (default)
2019-09-12 10:32:34,272 [pool-452-thread-1] INFO  server.RaftServerConfigKeys (ConfUtils.java:logGet(43)) - raft.server.log.statemachine.data.sync = true (default)
2019-09-12 10:32:34,272 [pool-452-thread-1] INFO  server.RaftServerConfigKeys (ConfUtils.java:logGet(43)) - raft.server.log.statemachine.data.sync.timeout = 10s (default)
2019-09-12 10:32:34,272 [pool-452-thread-1] INFO  server.RaftServerConfigKeys (ConfUtils.java:logGet(43)) - raft.server.log.statemachine.data.sync.timeout.retry = -1 (default)
2019-09-12 10:32:34,272 [pool-452-thread-1] INFO  server.RaftServerConfigKeys (ConfUtils.java:logGet(43)) - raft.server.log.statemachine.data.caching.enabled = true (custom)
2019-09-12 10:32:34,273 [pool-452-thread-1] INFO  segmented.SegmentedRaftLogWorker (SegmentedRaftLogWorker.java:lambda$new$0(132)) - 5109381c-1660-4b2c-84b2-d6b64dc87db9-SegmentedRaftLogWorker:Storage Directory /workdir/hadoop-ozone/integration-test/target/test-dir/MiniOzoneClusterImpl-fac5a39b-1f62-44b0-aedf-fae56ce7e72b/datanode-4/data/ratis/9d869731-e42e-4749-916b-82e2105b652b: flushIndex: setUnconditionally 0 -> -1
2019-09-12 10:32:34,273 [pool-452-thread-1] INFO  server.RaftServerConfigKeys (ConfUtils.java:logGet(43)) - raft.server.snapshot.auto.trigger.enabled = true (custom)
2019-09-12 10:32:34,273 [pool-452-thread-1] INFO  server.RaftServerConfigKeys (ConfUtils.java:logGet(43)) - raft.server.snapshot.auto.trigger.threshold = 10000 (custom)
2019-09-12 10:32:34,274 [pool-452-thread-1] INFO  server.RaftServerConfigKeys (ConfUtils.java:logGet(43)) - raft.server.retrycache.expirytime = 600000ms (custom)
2019-09-12 10:32:34,274 [pool-452-thread-1] INFO  impl.RaftServerImpl (RaftServerImpl.java:start(180)) - 5109381c-1660-4b2c-84b2-d6b64dc87db9: start group-82E2105B652B
2019-09-12 10:32:34,274 [pool-452-thread-1] INFO  impl.RaftServerImpl (RaftServerImpl.java:setRole(171)) - 5109381c-1660-4b2c-84b2-d6b64dc87db9:group-82E2105B652B changes role from null to FOLLOWER at term 0 for startAsFollower
2019-09-12 10:32:34,274 [pool-452-thread-1] INFO  impl.RoleInfo (RoleInfo.java:updateAndGet(143)) - 5109381c-1660-4b2c-84b2-d6b64dc87db9: start FollowerState
2019-09-12 10:32:34,274 [pool-452-thread-1] INFO  util.JmxRegister (JmxRegister.java:tryRegister(44)) - Successfully registered JMX Bean with object name Ratis:service=RaftServer,group=group-82E2105B652B,id=5109381c-1660-4b2c-84b2-d6b64dc87db9
2019-09-12 10:32:34,277 [RatisPipelineUtilsThread] INFO  pipeline.PipelineStateManager (PipelineStateManager.java:addPipeline(56)) - Created pipeline Pipeline[ Id: 9d869731-e42e-4749-916b-82e2105b652b, Nodes: 5109381c-1660-4b2c-84b2-d6b64dc87db9{ip: 192.168.36.114, host: pr-hdds-1569-58hkm-1881083799, networkLocation: /default-rack, certSerialId: null}, Type:RATIS, Factor:ONE, State:OPEN]
2019-09-12 10:32:34,278 [RatisPipelineUtilsThread] ERROR pipeline.PipelinePlacementPolicy (PipelinePlacementPolicy.java:meetCriteria(92)) - Pipeline Placement: Doesn't meet the criteria to be viable node. Heaviness: 6
2019-09-12 10:32:34,278 [RatisPipelineUtilsThread] ERROR pipeline.PipelinePlacementPolicy (PipelinePlacementPolicy.java:meetCriteria(92)) - Pipeline Placement: Doesn't meet the criteria to be viable node. Heaviness: 6
2019-09-12 10:32:34,278 [RatisPipelineUtilsThread] ERROR pipeline.PipelinePlacementPolicy (PipelinePlacementPolicy.java:meetCriteria(92)) - Pipeline Placement: Doesn't meet the criteria to be viable node. Heaviness: 6
2019-09-12 10:32:34,278 [RatisPipelineUtilsThread] ERROR pipeline.PipelinePlacementPolicy (PipelinePlacementPolicy.java:meetCriteria(92)) - Pipeline Placement: Doesn't meet the criteria to be viable node. Heaviness: 6
2019-09-12 10:32:34,284 [grpc-default-executor-1] INFO  impl.RaftServerProxy (RaftServerProxy.java:addNew(89)) - 5109381c-1660-4b2c-84b2-d6b64dc87db9: addNew group-667574175376:[5109381c-1660-4b2c-84b2-d6b64dc87db9:192.168.36.114:33945] returns group-667574175376:java.util.concurrent.CompletableFuture@481b3a96[Not completed]
2019-09-12 10:32:34,285 [pool-452-thread-1] INFO  impl.RaftServerImpl (RaftServerImpl.java:<init>(93)) - 5109381c-1660-4b2c-84b2-d6b64dc87db9: new RaftServerImpl for group-667574175376:[5109381c-1660-4b2c-84b2-d6b64dc87db9:192.168.36.114:33945] with ContainerStateMachine:uninitialized
2019-09-12 10:32:34,285 [pool-452-thread-1] INFO  server.RaftServerConfigKeys (ConfUtils.java:logGet(43)) - raft.server.rpc.timeout.min = 5s (custom)
2019-09-12 10:32:34,286 [pool-452-thread-1] INFO  server.RaftServerConfigKeys (ConfUtils.java:logGet(43)) - raft.server.rpc.timeout.max = 5200ms (custom)
2019-09-12 10:32:34,286 [pool-452-thread-1] INFO  server.RaftServerConfigKeys (ConfUtils.java:logGet(43)) - raft.server.rpcslowness.timeout = 120s (custom)
2019-09-12 10:32:34,286 [pool-452-thread-1] INFO  server.RaftServerConfigKeys (ConfUtils.java:logGet(43)) - raft.server.sleep.deviation.threshold = 300 (default)
2019-09-12 10:32:34,286 [pool-452-thread-1] INFO  server.RaftServerConfigKeys (ConfUtils.java:logGet(43)) - raft.server.log.appender.install.snapshot.enabled = false (custom)
2019-09-12 10:32:34,286 [pool-452-thread-1] INFO  impl.RaftServerImpl (ServerState.java:<init>(105)) - 5109381c-1660-4b2c-84b2-d6b64dc87db9:group-667574175376 ConfigurationManager, init=-1: [5109381c-1660-4b2c-84b2-d6b64dc87db9:192.168.36.114:33945], old=null, confs=<EMPTY_MAP>
2019-09-12 10:32:34,286 [pool-452-thread-1] INFO  server.RaftServerConfigKeys (ConfUtils.java:logGet(43)) - raft.server.storage.dir = [/workdir/hadoop-ozone/integration-test/target/test-dir/MiniOzoneClusterImpl-fac5a39b-1f62-44b0-aedf-fae56ce7e72b/datanode-4/data/ratis] (custom)
2019-09-12 10:32:34,287 [pool-452-thread-1] INFO  storage.RaftStorageDirectory (RaftStorageDirectory.java:analyzeStorage(246)) - The storage directory /workdir/hadoop-ozone/integration-test/target/test-dir/MiniOzoneClusterImpl-fac5a39b-1f62-44b0-aedf-fae56ce7e72b/datanode-4/data/ratis/46188736-cac7-4f53-ad38-667574175376 does not exist. Creating ...
2019-09-12 10:32:34,319 [pool-452-thread-1] INFO  storage.RaftStorageDirectory (RaftStorageDirectory.java:tryLock(328)) - Lock on /workdir/hadoop-ozone/integration-test/target/test-dir/MiniOzoneClusterImpl-fac5a39b-1f62-44b0-aedf-fae56ce7e72b/datanode-4/data/ratis/46188736-cac7-4f53-ad38-667574175376/in_use.lock acquired by nodename 1396@pr-hdds-1569-58hkm-1881083799
2019-09-12 10:32:34,322 [pool-452-thread-1] INFO  storage.RaftStorage (RaftStorage.java:format(72)) - Storage directory /workdir/hadoop-ozone/integration-test/target/test-dir/MiniOzoneClusterImpl-fac5a39b-1f62-44b0-aedf-fae56ce7e72b/datanode-4/data/ratis/46188736-cac7-4f53-ad38-667574175376 has been successfully formatted.
2019-09-12 10:32:34,322 [pool-452-thread-1] INFO  ratis.ContainerStateMachine (ContainerStateMachine.java:loadSnapshot(226)) - group-667574175376: The snapshot info is null. Setting the last applied indexto:(t:0, i:~)
2019-09-12 10:32:34,322 [pool-452-thread-1] INFO  server.RaftServerConfigKeys (ConfUtils.java:logGet(43)) - raft.server.leader.election.timeout = 120s (custom)
2019-09-12 10:32:34,322 [pool-452-thread-1] INFO  server.RaftServerConfigKeys (ConfUtils.java:logGet(43)) - raft.server.log.use.memory = false (default)
2019-09-12 10:32:34,322 [pool-452-thread-1] INFO  server.RaftServerConfigKeys (ConfUtils.java:logGet(43)) - raft.server.log.purge.gap = 1000000 (custom)
2019-09-12 10:32:34,323 [pool-452-thread-1] INFO  server.RaftServerConfigKeys (ConfUtils.java:logGet(43)) - raft.server.log.appender.buffer.byte-limit = 33554432 (custom)
2019-09-12 10:32:34,323 [pool-452-thread-1] INFO  server.RaftServerConfigKeys (ConfUtils.java:logGet(43)) - raft.server.log.segment.size.max = 1048576 (custom)
2019-09-12 10:32:34,323 [pool-452-thread-1] INFO  server.RaftServerConfigKeys (ConfUtils.java:logGet(43)) - raft.server.log.segment.cache.num.max = 2 (custom)
2019-09-12 10:32:34,323 [pool-452-thread-1] INFO  segmented.SegmentedRaftLogWorker (SegmentedRaftLogWorker.java:<init>(172)) - new 5109381c-1660-4b2c-84b2-d6b64dc87db9-SegmentedRaftLogWorker:Storage Directory /workdir/hadoop-ozone/integration-test/target/test-dir/MiniOzoneClusterImpl-fac5a39b-1f62-44b0-aedf-fae56ce7e72b/datanode-4/data/ratis/46188736-cac7-4f53-ad38-667574175376 for RaftStorage:Storage Directory /workdir/hadoop-ozone/integration-test/target/test-dir/MiniOzoneClusterImpl-fac5a39b-1f62-44b0-aedf-fae56ce7e72b/datanode-4/data/ratis/46188736-cac7-4f53-ad38-667574175376
2019-09-12 10:32:34,323 [pool-452-thread-1] INFO  server.RaftServerConfigKeys (ConfUtils.java:logGet(43)) - raft.server.log.queue.byte-limit = 2147483647 (custom)
2019-09-12 10:32:34,323 [pool-452-thread-1] INFO  server.RaftServerConfigKeys (ConfUtils.java:logGet(43)) - raft.server.log.queue.element-limit = 1024 (custom)
2019-09-12 10:32:34,324 [pool-452-thread-1] INFO  server.RaftServerConfigKeys (ConfUtils.java:logGet(43)) - raft.server.log.segment.size.max = 1048576 (custom)
2019-09-12 10:32:34,324 [pool-452-thread-1] INFO  server.RaftServerConfigKeys (ConfUtils.java:logGet(43)) - raft.server.log.preallocated.size = 16384 (custom)
2019-09-12 10:32:34,324 [pool-452-thread-1] INFO  server.RaftServerConfigKeys (ConfUtils.java:logGet(43)) - raft.server.log.write.buffer.size = 33554432 (custom)
2019-09-12 10:32:34,324 [pool-452-thread-1] INFO  server.RaftServerConfigKeys (ConfUtils.java:logGet(43)) - raft.server.log.force.sync.num = 128 (default)
2019-09-12 10:32:34,324 [pool-452-thread-1] INFO  server.RaftServerConfigKeys (ConfUtils.java:logGet(43)) - raft.server.log.statemachine.data.sync = true (default)
2019-09-12 10:32:34,324 [pool-452-thread-1] INFO  server.RaftServerConfigKeys (ConfUtils.java:logGet(43)) - raft.server.log.statemachine.data.sync.timeout = 10s (default)
2019-09-12 10:32:34,325 [pool-452-thread-1] INFO  server.RaftServerConfigKeys (ConfUtils.java:logGet(43)) - raft.server.log.statemachine.data.sync.timeout.retry = -1 (default)
2019-09-12 10:32:34,325 [pool-452-thread-1] INFO  server.RaftServerConfigKeys (ConfUtils.java:logGet(43)) - raft.server.log.statemachine.data.caching.enabled = true (custom)
2019-09-12 10:32:34,325 [pool-452-thread-1] INFO  segmented.SegmentedRaftLogWorker (SegmentedRaftLogWorker.java:lambda$new$0(132)) - 5109381c-1660-4b2c-84b2-d6b64dc87db9-SegmentedRaftLogWorker:Storage Directory /workdir/hadoop-ozone/integration-test/target/test-dir/MiniOzoneClusterImpl-fac5a39b-1f62-44b0-aedf-fae56ce7e72b/datanode-4/data/ratis/46188736-cac7-4f53-ad38-667574175376: flushIndex: setUnconditionally 0 -> -1
2019-09-12 10:32:34,325 [pool-452-thread-1] INFO  server.RaftServerConfigKeys (ConfUtils.java:logGet(43)) - raft.server.snapshot.auto.trigger.enabled = true (custom)
2019-09-12 10:32:34,326 [pool-452-thread-1] INFO  server.RaftServerConfigKeys (ConfUtils.java:logGet(43)) - raft.server.snapshot.auto.trigger.threshold = 10000 (custom)
2019-09-12 10:32:34,326 [pool-452-thread-1] INFO  server.RaftServerConfigKeys (ConfUtils.java:logGet(43)) - raft.server.retrycache.expirytime = 600000ms (custom)
2019-09-12 10:32:34,326 [pool-452-thread-1] INFO  impl.RaftServerImpl (RaftServerImpl.java:start(180)) - 5109381c-1660-4b2c-84b2-d6b64dc87db9: start group-667574175376
2019-09-12 10:32:34,326 [pool-452-thread-1] INFO  impl.RaftServerImpl (RaftServerImpl.java:setRole(171)) - 5109381c-1660-4b2c-84b2-d6b64dc87db9:group-667574175376 changes role from null to FOLLOWER at term 0 for startAsFollower
2019-09-12 10:32:34,326 [pool-452-thread-1] INFO  impl.RoleInfo (RoleInfo.java:updateAndGet(143)) - 5109381c-1660-4b2c-84b2-d6b64dc87db9: start FollowerState
2019-09-12 10:32:34,327 [pool-452-thread-1] INFO  util.JmxRegister (JmxRegister.java:tryRegister(44)) - Successfully registered JMX Bean with object name Ratis:service=RaftServer,group=group-667574175376,id=5109381c-1660-4b2c-84b2-d6b64dc87db9
2019-09-12 10:32:34,330 [RatisPipelineUtilsThread] INFO  pipeline.PipelineStateManager (PipelineStateManager.java:addPipeline(56)) - Created pipeline Pipeline[ Id: 46188736-cac7-4f53-ad38-667574175376, Nodes: 5109381c-1660-4b2c-84b2-d6b64dc87db9{ip: 192.168.36.114, host: pr-hdds-1569-58hkm-1881083799, networkLocation: /default-rack, certSerialId: null}, Type:RATIS, Factor:ONE, State:OPEN]
2019-09-12 10:32:34,330 [RatisPipelineUtilsThread] ERROR pipeline.PipelinePlacementPolicy (PipelinePlacementPolicy.java:meetCriteria(92)) - Pipeline Placement: Doesn't meet the criteria to be viable node. Heaviness: 6
2019-09-12 10:32:34,330 [RatisPipelineUtilsThread] ERROR pipeline.PipelinePlacementPolicy (PipelinePlacementPolicy.java:meetCriteria(92)) - Pipeline Placement: Doesn't meet the criteria to be viable node. Heaviness: 6
2019-09-12 10:32:34,331 [RatisPipelineUtilsThread] ERROR pipeline.PipelinePlacementPolicy (PipelinePlacementPolicy.java:meetCriteria(92)) - Pipeline Placement: Doesn't meet the criteria to be viable node. Heaviness: 6
2019-09-12 10:32:34,331 [RatisPipelineUtilsThread] ERROR pipeline.PipelinePlacementPolicy (PipelinePlacementPolicy.java:meetCriteria(92)) - Pipeline Placement: Doesn't meet the criteria to be viable node. Heaviness: 6
2019-09-12 10:32:34,336 [grpc-default-executor-1] INFO  impl.RaftServerProxy (RaftServerProxy.java:addNew(89)) - 5109381c-1660-4b2c-84b2-d6b64dc87db9: addNew group-730ED77DE49E:[5109381c-1660-4b2c-84b2-d6b64dc87db9:192.168.36.114:33945] returns group-730ED77DE49E:java.util.concurrent.CompletableFuture@411157e[Not completed]
2019-09-12 10:32:34,337 [pool-452-thread-1] INFO  impl.RaftServerImpl (RaftServerImpl.java:<init>(93)) - 5109381c-1660-4b2c-84b2-d6b64dc87db9: new RaftServerImpl for group-730ED77DE49E:[5109381c-1660-4b2c-84b2-d6b64dc87db9:192.168.36.114:33945] with ContainerStateMachine:uninitialized
2019-09-12 10:32:34,337 [pool-452-thread-1] INFO  server.RaftServerConfigKeys (ConfUtils.java:logGet(43)) - raft.server.rpc.timeout.min = 5s (custom)
2019-09-12 10:32:34,337 [pool-452-thread-1] INFO  server.RaftServerConfigKeys (ConfUtils.java:logGet(43)) - raft.server.rpc.timeout.max = 5200ms (custom)
2019-09-12 10:32:34,337 [pool-452-thread-1] INFO  server.RaftServerConfigKeys (ConfUtils.java:logGet(43)) - raft.server.rpcslowness.timeout = 120s (custom)
2019-09-12 10:32:34,338 [pool-452-thread-1] INFO  server.RaftServerConfigKeys (ConfUtils.java:logGet(43)) - raft.server.sleep.deviation.threshold = 300 (default)
2019-09-12 10:32:34,338 [pool-452-thread-1] INFO  server.RaftServerConfigKeys (ConfUtils.java:logGet(43)) - raft.server.log.appender.install.snapshot.enabled = false (custom)
2019-09-12 10:32:34,338 [pool-452-thread-1] INFO  impl.RaftServerImpl (ServerState.java:<init>(105)) - 5109381c-1660-4b2c-84b2-d6b64dc87db9:group-730ED77DE49E ConfigurationManager, init=-1: [5109381c-1660-4b2c-84b2-d6b64dc87db9:192.168.36.114:33945], old=null, confs=<EMPTY_MAP>
2019-09-12 10:32:34,338 [pool-452-thread-1] INFO  server.RaftServerConfigKeys (ConfUtils.java:logGet(43)) - raft.server.storage.dir = [/workdir/hadoop-ozone/integration-test/target/test-dir/MiniOzoneClusterImpl-fac5a39b-1f62-44b0-aedf-fae56ce7e72b/datanode-4/data/ratis] (custom)
2019-09-12 10:32:34,339 [pool-452-thread-1] INFO  storage.RaftStorageDirectory (RaftStorageDirectory.java:analyzeStorage(246)) - The storage directory /workdir/hadoop-ozone/integration-test/target/test-dir/MiniOzoneClusterImpl-fac5a39b-1f62-44b0-aedf-fae56ce7e72b/datanode-4/data/ratis/952f7bec-7699-4946-8ee9-730ed77de49e does not exist. Creating ...
2019-09-12 10:32:34,351 [pool-452-thread-1] INFO  storage.RaftStorageDirectory (RaftStorageDirectory.java:tryLock(328)) - Lock on /workdir/hadoop-ozone/integration-test/target/test-dir/MiniOzoneClusterImpl-fac5a39b-1f62-44b0-aedf-fae56ce7e72b/datanode-4/data/ratis/952f7bec-7699-4946-8ee9-730ed77de49e/in_use.lock acquired by nodename 1396@pr-hdds-1569-58hkm-1881083799
2019-09-12 10:32:34,364 [pool-452-thread-1] INFO  storage.RaftStorage (RaftStorage.java:format(72)) - Storage directory /workdir/hadoop-ozone/integration-test/target/test-dir/MiniOzoneClusterImpl-fac5a39b-1f62-44b0-aedf-fae56ce7e72b/datanode-4/data/ratis/952f7bec-7699-4946-8ee9-730ed77de49e has been successfully formatted.
2019-09-12 10:32:34,364 [pool-452-thread-1] INFO  ratis.ContainerStateMachine (ContainerStateMachine.java:loadSnapshot(226)) - group-730ED77DE49E: The snapshot info is null. Setting the last applied indexto:(t:0, i:~)
2019-09-12 10:32:34,364 [pool-452-thread-1] INFO  server.RaftServerConfigKeys (ConfUtils.java:logGet(43)) - raft.server.leader.election.timeout = 120s (custom)
2019-09-12 10:32:34,365 [pool-452-thread-1] INFO  server.RaftServerConfigKeys (ConfUtils.java:logGet(43)) - raft.server.log.use.memory = false (default)
2019-09-12 10:32:34,365 [pool-452-thread-1] INFO  server.RaftServerConfigKeys (ConfUtils.java:logGet(43)) - raft.server.log.purge.gap = 1000000 (custom)
2019-09-12 10:32:34,365 [pool-452-thread-1] INFO  server.RaftServerConfigKeys (ConfUtils.java:logGet(43)) - raft.server.log.appender.buffer.byte-limit = 33554432 (custom)
2019-09-12 10:32:34,365 [pool-452-thread-1] INFO  server.RaftServerConfigKeys (ConfUtils.java:logGet(43)) - raft.server.log.segment.size.max = 1048576 (custom)
2019-09-12 10:32:34,365 [pool-452-thread-1] INFO  server.RaftServerConfigKeys (ConfUtils.java:logGet(43)) - raft.server.log.segment.cache.num.max = 2 (custom)
2019-09-12 10:32:34,365 [pool-452-thread-1] INFO  segmented.SegmentedRaftLogWorker (SegmentedRaftLogWorker.java:<init>(172)) - new 5109381c-1660-4b2c-84b2-d6b64dc87db9-SegmentedRaftLogWorker:Storage Directory /workdir/hadoop-ozone/integration-test/target/test-dir/MiniOzoneClusterImpl-fac5a39b-1f62-44b0-aedf-fae56ce7e72b/datanode-4/data/ratis/952f7bec-7699-4946-8ee9-730ed77de49e for RaftStorage:Storage Directory /workdir/hadoop-ozone/integration-test/target/test-dir/MiniOzoneClusterImpl-fac5a39b-1f62-44b0-aedf-fae56ce7e72b/datanode-4/data/ratis/952f7bec-7699-4946-8ee9-730ed77de49e
2019-09-12 10:32:34,366 [pool-452-thread-1] INFO  server.RaftServerConfigKeys (ConfUtils.java:logGet(43)) - raft.server.log.queue.byte-limit = 2147483647 (custom)
2019-09-12 10:32:34,366 [pool-452-thread-1] INFO  server.RaftServerConfigKeys (ConfUtils.java:logGet(43)) - raft.server.log.queue.element-limit = 1024 (custom)
2019-09-12 10:32:34,366 [pool-452-thread-1] INFO  server.RaftServerConfigKeys (ConfUtils.java:logGet(43)) - raft.server.log.segment.size.max = 1048576 (custom)
2019-09-12 10:32:34,366 [pool-452-thread-1] INFO  server.RaftServerConfigKeys (ConfUtils.java:logGet(43)) - raft.server.log.preallocated.size = 16384 (custom)
2019-09-12 10:32:34,366 [pool-452-thread-1] INFO  server.RaftServerConfigKeys (ConfUtils.java:logGet(43)) - raft.server.log.write.buffer.size = 33554432 (custom)
2019-09-12 10:32:34,366 [pool-452-thread-1] INFO  server.RaftServerConfigKeys (ConfUtils.java:logGet(43)) - raft.server.log.force.sync.num = 128 (default)
2019-09-12 10:32:34,367 [pool-452-thread-1] INFO  server.RaftServerConfigKeys (ConfUtils.java:logGet(43)) - raft.server.log.statemachine.data.sync = true (default)
2019-09-12 10:32:34,367 [pool-452-thread-1] INFO  server.RaftServerConfigKeys (ConfUtils.java:logGet(43)) - raft.server.log.statemachine.data.sync.timeout = 10s (default)
2019-09-12 10:32:34,367 [pool-452-thread-1] INFO  server.RaftServerConfigKeys (ConfUtils.java:logGet(43)) - raft.server.log.statemachine.data.sync.timeout.retry = -1 (default)
2019-09-12 10:32:34,367 [pool-452-thread-1] INFO  server.RaftServerConfigKeys (ConfUtils.java:logGet(43)) - raft.server.log.statemachine.data.caching.enabled = true (custom)
2019-09-12 10:32:34,367 [pool-452-thread-1] INFO  segmented.SegmentedRaftLogWorker (SegmentedRaftLogWorker.java:lambda$new$0(132)) - 5109381c-1660-4b2c-84b2-d6b64dc87db9-SegmentedRaftLogWorker:Storage Directory /workdir/hadoop-ozone/integration-test/target/test-dir/MiniOzoneClusterImpl-fac5a39b-1f62-44b0-aedf-fae56ce7e72b/datanode-4/data/ratis/952f7bec-7699-4946-8ee9-730ed77de49e: flushIndex: setUnconditionally 0 -> -1
2019-09-12 10:32:34,368 [pool-452-thread-1] INFO  server.RaftServerConfigKeys (ConfUtils.java:logGet(43)) - raft.server.snapshot.auto.trigger.enabled = true (custom)
2019-09-12 10:32:34,368 [pool-452-thread-1] INFO  server.RaftServerConfigKeys (ConfUtils.java:logGet(43)) - raft.server.snapshot.auto.trigger.threshold = 10000 (custom)
2019-09-12 10:32:34,368 [pool-452-thread-1] INFO  server.RaftServerConfigKeys (ConfUtils.java:logGet(43)) - raft.server.retrycache.expirytime = 600000ms (custom)
2019-09-12 10:32:34,368 [pool-452-thread-1] INFO  impl.RaftServerImpl (RaftServerImpl.java:start(180)) - 5109381c-1660-4b2c-84b2-d6b64dc87db9: start group-730ED77DE49E
2019-09-12 10:32:34,368 [pool-452-thread-1] INFO  impl.RaftServerImpl (RaftServerImpl.java:setRole(171)) - 5109381c-1660-4b2c-84b2-d6b64dc87db9:group-730ED77DE49E changes role from null to FOLLOWER at term 0 for startAsFollower
2019-09-12 10:32:34,369 [pool-452-thread-1] INFO  impl.RoleInfo (RoleInfo.java:updateAndGet(143)) - 5109381c-1660-4b2c-84b2-d6b64dc87db9: start FollowerState
2019-09-12 10:32:34,369 [pool-452-thread-1] INFO  util.JmxRegister (JmxRegister.java:tryRegister(44)) - Successfully registered JMX Bean with object name Ratis:service=RaftServer,group=group-730ED77DE49E,id=5109381c-1660-4b2c-84b2-d6b64dc87db9
2019-09-12 10:32:34,372 [RatisPipelineUtilsThread] INFO  pipeline.PipelineStateManager (PipelineStateManager.java:addPipeline(56)) - Created pipeline Pipeline[ Id: 952f7bec-7699-4946-8ee9-730ed77de49e, Nodes: 5109381c-1660-4b2c-84b2-d6b64dc87db9{ip: 192.168.36.114, host: pr-hdds-1569-58hkm-1881083799, networkLocation: /default-rack, certSerialId: null}, Type:RATIS, Factor:ONE, State:OPEN]
2019-09-12 10:32:34,372 [RatisPipelineUtilsThread] ERROR pipeline.PipelinePlacementPolicy (PipelinePlacementPolicy.java:meetCriteria(92)) - Pipeline Placement: Doesn't meet the criteria to be viable node. Heaviness: 6
2019-09-12 10:32:34,372 [RatisPipelineUtilsThread] ERROR pipeline.PipelinePlacementPolicy (PipelinePlacementPolicy.java:meetCriteria(92)) - Pipeline Placement: Doesn't meet the criteria to be viable node. Heaviness: 6
2019-09-12 10:32:34,373 [RatisPipelineUtilsThread] ERROR pipeline.PipelinePlacementPolicy (PipelinePlacementPolicy.java:meetCriteria(92)) - Pipeline Placement: Doesn't meet the criteria to be viable node. Heaviness: 6
2019-09-12 10:32:34,373 [RatisPipelineUtilsThread] ERROR pipeline.PipelinePlacementPolicy (PipelinePlacementPolicy.java:meetCriteria(92)) - Pipeline Placement: Doesn't meet the criteria to be viable node. Heaviness: 6
2019-09-12 10:32:34,378 [grpc-default-executor-1] INFO  impl.RaftServerProxy (RaftServerProxy.java:addNew(89)) - 5109381c-1660-4b2c-84b2-d6b64dc87db9: addNew group-FDE1B85CF715:[5109381c-1660-4b2c-84b2-d6b64dc87db9:192.168.36.114:33945] returns group-FDE1B85CF715:java.util.concurrent.CompletableFuture@8e54c79[Not completed]
2019-09-12 10:32:34,379 [pool-452-thread-1] INFO  impl.RaftServerImpl (RaftServerImpl.java:<init>(93)) - 5109381c-1660-4b2c-84b2-d6b64dc87db9: new RaftServerImpl for group-FDE1B85CF715:[5109381c-1660-4b2c-84b2-d6b64dc87db9:192.168.36.114:33945] with ContainerStateMachine:uninitialized
2019-09-12 10:32:34,380 [pool-452-thread-1] INFO  server.RaftServerConfigKeys (ConfUtils.java:logGet(43)) - raft.server.rpc.timeout.min = 5s (custom)
2019-09-12 10:32:34,380 [pool-452-thread-1] INFO  server.RaftServerConfigKeys (ConfUtils.java:logGet(43)) - raft.server.rpc.timeout.max = 5200ms (custom)
2019-09-12 10:32:34,380 [pool-452-thread-1] INFO  server.RaftServerConfigKeys (ConfUtils.java:logGet(43)) - raft.server.rpcslowness.timeout = 120s (custom)
2019-09-12 10:32:34,380 [pool-452-thread-1] INFO  server.RaftServerConfigKeys (ConfUtils.java:logGet(43)) - raft.server.sleep.deviation.threshold = 300 (default)
2019-09-12 10:32:34,380 [pool-452-thread-1] INFO  server.RaftServerConfigKeys (ConfUtils.java:logGet(43)) - raft.server.log.appender.install.snapshot.enabled = false (custom)
2019-09-12 10:32:34,380 [pool-452-thread-1] INFO  impl.RaftServerImpl (ServerState.java:<init>(105)) - 5109381c-1660-4b2c-84b2-d6b64dc87db9:group-FDE1B85CF715 ConfigurationManager, init=-1: [5109381c-1660-4b2c-84b2-d6b64dc87db9:192.168.36.114:33945], old=null, confs=<EMPTY_MAP>
2019-09-12 10:32:34,380 [pool-452-thread-1] INFO  server.RaftServerConfigKeys (ConfUtils.java:logGet(43)) - raft.server.storage.dir = [/workdir/hadoop-ozone/integration-test/target/test-dir/MiniOzoneClusterImpl-fac5a39b-1f62-44b0-aedf-fae56ce7e72b/datanode-4/data/ratis] (custom)
2019-09-12 10:32:34,381 [pool-452-thread-1] INFO  storage.RaftStorageDirectory (RaftStorageDirectory.java:analyzeStorage(246)) - The storage directory /workdir/hadoop-ozone/integration-test/target/test-dir/MiniOzoneClusterImpl-fac5a39b-1f62-44b0-aedf-fae56ce7e72b/datanode-4/data/ratis/17fae6b7-b309-487f-842f-fde1b85cf715 does not exist. Creating ...
2019-09-12 10:32:34,393 [pool-452-thread-1] INFO  storage.RaftStorageDirectory (RaftStorageDirectory.java:tryLock(328)) - Lock on /workdir/hadoop-ozone/integration-test/target/test-dir/MiniOzoneClusterImpl-fac5a39b-1f62-44b0-aedf-fae56ce7e72b/datanode-4/data/ratis/17fae6b7-b309-487f-842f-fde1b85cf715/in_use.lock acquired by nodename 1396@pr-hdds-1569-58hkm-1881083799
2019-09-12 10:32:34,406 [pool-452-thread-1] INFO  storage.RaftStorage (RaftStorage.java:format(72)) - Storage directory /workdir/hadoop-ozone/integration-test/target/test-dir/MiniOzoneClusterImpl-fac5a39b-1f62-44b0-aedf-fae56ce7e72b/datanode-4/data/ratis/17fae6b7-b309-487f-842f-fde1b85cf715 has been successfully formatted.
2019-09-12 10:32:34,406 [pool-452-thread-1] INFO  ratis.ContainerStateMachine (ContainerStateMachine.java:loadSnapshot(226)) - group-FDE1B85CF715: The snapshot info is null. Setting the last applied indexto:(t:0, i:~)
2019-09-12 10:32:34,407 [pool-452-thread-1] INFO  server.RaftServerConfigKeys (ConfUtils.java:logGet(43)) - raft.server.leader.election.timeout = 120s (custom)
2019-09-12 10:32:34,407 [pool-452-thread-1] INFO  server.RaftServerConfigKeys (ConfUtils.java:logGet(43)) - raft.server.log.use.memory = false (default)
2019-09-12 10:32:34,407 [pool-452-thread-1] INFO  server.RaftServerConfigKeys (ConfUtils.java:logGet(43)) - raft.server.log.purge.gap = 1000000 (custom)
2019-09-12 10:32:34,407 [pool-452-thread-1] INFO  server.RaftServerConfigKeys (ConfUtils.java:logGet(43)) - raft.server.log.appender.buffer.byte-limit = 33554432 (custom)
2019-09-12 10:32:34,407 [pool-452-thread-1] INFO  server.RaftServerConfigKeys (ConfUtils.java:logGet(43)) - raft.server.log.segment.size.max = 1048576 (custom)
2019-09-12 10:32:34,407 [pool-452-thread-1] INFO  server.RaftServerConfigKeys (ConfUtils.java:logGet(43)) - raft.server.log.segment.cache.num.max = 2 (custom)
2019-09-12 10:32:34,408 [pool-452-thread-1] INFO  segmented.SegmentedRaftLogWorker (SegmentedRaftLogWorker.java:<init>(172)) - new 5109381c-1660-4b2c-84b2-d6b64dc87db9-SegmentedRaftLogWorker:Storage Directory /workdir/hadoop-ozone/integration-test/target/test-dir/MiniOzoneClusterImpl-fac5a39b-1f62-44b0-aedf-fae56ce7e72b/datanode-4/data/ratis/17fae6b7-b309-487f-842f-fde1b85cf715 for RaftStorage:Storage Directory /workdir/hadoop-ozone/integration-test/target/test-dir/MiniOzoneClusterImpl-fac5a39b-1f62-44b0-aedf-fae56ce7e72b/datanode-4/data/ratis/17fae6b7-b309-487f-842f-fde1b85cf715
2019-09-12 10:32:34,408 [pool-452-thread-1] INFO  server.RaftServerConfigKeys (ConfUtils.java:logGet(43)) - raft.server.log.queue.byte-limit = 2147483647 (custom)
2019-09-12 10:32:34,408 [pool-452-thread-1] INFO  server.RaftServerConfigKeys (ConfUtils.java:logGet(43)) - raft.server.log.queue.element-limit = 1024 (custom)
2019-09-12 10:32:34,408 [pool-452-thread-1] INFO  server.RaftServerConfigKeys (ConfUtils.java:logGet(43)) - raft.server.log.segment.size.max = 1048576 (custom)
2019-09-12 10:32:34,408 [pool-452-thread-1] INFO  server.RaftServerConfigKeys (ConfUtils.java:logGet(43)) - raft.server.log.preallocated.size = 16384 (custom)
2019-09-12 10:32:34,408 [pool-452-thread-1] INFO  server.RaftServerConfigKeys (ConfUtils.java:logGet(43)) - raft.server.log.write.buffer.size = 33554432 (custom)
2019-09-12 10:32:34,408 [pool-452-thread-1] INFO  server.RaftServerConfigKeys (ConfUtils.java:logGet(43)) - raft.server.log.force.sync.num = 128 (default)
2019-09-12 10:32:34,409 [pool-452-thread-1] INFO  server.RaftServerConfigKeys (ConfUtils.java:logGet(43)) - raft.server.log.statemachine.data.sync = true (default)
2019-09-12 10:32:34,409 [pool-452-thread-1] INFO  server.RaftServerConfigKeys (ConfUtils.java:logGet(43)) - raft.server.log.statemachine.data.sync.timeout = 10s (default)
2019-09-12 10:32:34,409 [pool-452-thread-1] INFO  server.RaftServerConfigKeys (ConfUtils.java:logGet(43)) - raft.server.log.statemachine.data.sync.timeout.retry = -1 (default)
2019-09-12 10:32:34,409 [pool-452-thread-1] INFO  server.RaftServerConfigKeys (ConfUtils.java:logGet(43)) - raft.server.log.statemachine.data.caching.enabled = true (custom)
2019-09-12 10:32:34,409 [pool-452-thread-1] INFO  segmented.SegmentedRaftLogWorker (SegmentedRaftLogWorker.java:lambda$new$0(132)) - 5109381c-1660-4b2c-84b2-d6b64dc87db9-SegmentedRaftLogWorker:Storage Directory /workdir/hadoop-ozone/integration-test/target/test-dir/MiniOzoneClusterImpl-fac5a39b-1f62-44b0-aedf-fae56ce7e72b/datanode-4/data/ratis/17fae6b7-b309-487f-842f-fde1b85cf715: flushIndex: setUnconditionally 0 -> -1
2019-09-12 10:32:34,410 [pool-452-thread-1] INFO  server.RaftServerConfigKeys (ConfUtils.java:logGet(43)) - raft.server.snapshot.auto.trigger.enabled = true (custom)
2019-09-12 10:32:34,410 [pool-452-thread-1] INFO  server.RaftServerConfigKeys (ConfUtils.java:logGet(43)) - raft.server.snapshot.auto.trigger.threshold = 10000 (custom)
2019-09-12 10:32:34,410 [pool-452-thread-1] INFO  server.RaftServerConfigKeys (ConfUtils.java:logGet(43)) - raft.server.retrycache.expirytime = 600000ms (custom)
2019-09-12 10:32:34,410 [pool-452-thread-1] INFO  impl.RaftServerImpl (RaftServerImpl.java:start(180)) - 5109381c-1660-4b2c-84b2-d6b64dc87db9: start group-FDE1B85CF715
2019-09-12 10:32:34,410 [pool-452-thread-1] INFO  impl.RaftServerImpl (RaftServerImpl.java:setRole(171)) - 5109381c-1660-4b2c-84b2-d6b64dc87db9:group-FDE1B85CF715 changes role from null to FOLLOWER at term 0 for startAsFollower
2019-09-12 10:32:34,411 [pool-452-thread-1] INFO  impl.RoleInfo (RoleInfo.java:updateAndGet(143)) - 5109381c-1660-4b2c-84b2-d6b64dc87db9: start FollowerState
2019-09-12 10:32:34,411 [pool-452-thread-1] INFO  util.JmxRegister (JmxRegister.java:tryRegister(44)) - Successfully registered JMX Bean with object name Ratis:service=RaftServer,group=group-FDE1B85CF715,id=5109381c-1660-4b2c-84b2-d6b64dc87db9
2019-09-12 10:32:34,414 [RatisPipelineUtilsThread] INFO  pipeline.PipelineStateManager (PipelineStateManager.java:addPipeline(56)) - Created pipeline Pipeline[ Id: 17fae6b7-b309-487f-842f-fde1b85cf715, Nodes: 5109381c-1660-4b2c-84b2-d6b64dc87db9{ip: 192.168.36.114, host: pr-hdds-1569-58hkm-1881083799, networkLocation: /default-rack, certSerialId: null}, Type:RATIS, Factor:ONE, State:OPEN]
2019-09-12 10:32:34,414 [RatisPipelineUtilsThread] ERROR pipeline.PipelinePlacementPolicy (PipelinePlacementPolicy.java:meetCriteria(92)) - Pipeline Placement: Doesn't meet the criteria to be viable node. Heaviness: 6
2019-09-12 10:32:34,414 [RatisPipelineUtilsThread] ERROR pipeline.PipelinePlacementPolicy (PipelinePlacementPolicy.java:meetCriteria(92)) - Pipeline Placement: Doesn't meet the criteria to be viable node. Heaviness: 6
2019-09-12 10:32:34,414 [RatisPipelineUtilsThread] ERROR pipeline.PipelinePlacementPolicy (PipelinePlacementPolicy.java:meetCriteria(92)) - Pipeline Placement: Doesn't meet the criteria to be viable node. Heaviness: 6
2019-09-12 10:32:34,414 [RatisPipelineUtilsThread] ERROR pipeline.PipelinePlacementPolicy (PipelinePlacementPolicy.java:meetCriteria(92)) - Pipeline Placement: Doesn't meet the criteria to be viable node. Heaviness: 6
2019-09-12 10:32:34,415 [RatisPipelineUtilsThread] ERROR pipeline.PipelinePlacementPolicy (PipelinePlacementPolicy.java:meetCriteria(92)) - Pipeline Placement: Doesn't meet the criteria to be viable node. Heaviness: 6
2019-09-12 10:32:34,415 [RatisPipelineUtilsThread] ERROR pipeline.PipelinePlacementPolicy (PipelinePlacementPolicy.java:filterViableNodes(147)) - Unable to find enough nodes that meet the criteria that cannot engage in more than 5 pipelines. Nodes required: 1 Found: 0, healthy nodes count inNodeManager: 5.
2019-09-12 10:32:34,415 [RatisPipelineUtilsThread] ERROR pipeline.SCMPipelineManager (SCMPipelineManager.java:createPipeline(161)) - Pipeline creation failed due to exception: Unable to find enough nodes that meet the criteria that cannot engage in more than 5 pipelines. Nodes required: 1 Found: 0, healthy nodes count inNodeManager: 5.
2019-09-12 10:32:34,415 [RatisPipelineUtilsThread] ERROR pipeline.PipelinePlacementPolicy (PipelinePlacementPolicy.java:meetCriteria(92)) - Pipeline Placement: Doesn't meet the criteria to be viable node. Heaviness: 6
2019-09-12 10:32:34,415 [RatisPipelineUtilsThread] ERROR pipeline.PipelinePlacementPolicy (PipelinePlacementPolicy.java:meetCriteria(92)) - Pipeline Placement: Doesn't meet the criteria to be viable node. Heaviness: 6
2019-09-12 10:32:34,415 [RatisPipelineUtilsThread] ERROR pipeline.PipelinePlacementPolicy (PipelinePlacementPolicy.java:meetCriteria(92)) - Pipeline Placement: Doesn't meet the criteria to be viable node. Heaviness: 6
2019-09-12 10:32:34,416 [RatisPipelineUtilsThread] ERROR pipeline.PipelinePlacementPolicy (PipelinePlacementPolicy.java:meetCriteria(92)) - Pipeline Placement: Doesn't meet the criteria to be viable node. Heaviness: 6
2019-09-12 10:32:34,416 [RatisPipelineUtilsThread] ERROR pipeline.PipelinePlacementPolicy (PipelinePlacementPolicy.java:meetCriteria(92)) - Pipeline Placement: Doesn't meet the criteria to be viable node. Heaviness: 6
2019-09-12 10:32:34,416 [RatisPipelineUtilsThread] ERROR pipeline.PipelinePlacementPolicy (PipelinePlacementPolicy.java:filterViableNodes(147)) - Unable to find enough nodes that meet the criteria that cannot engage in more than 5 pipelines. Nodes required: 3 Found: 0, healthy nodes count inNodeManager: 5.
2019-09-12 10:32:34,416 [RatisPipelineUtilsThread] ERROR pipeline.SCMPipelineManager (SCMPipelineManager.java:createPipeline(161)) - Pipeline creation failed due to exception: Unable to find enough nodes that meet the criteria that cannot engage in more than 5 pipelines. Nodes required: 3 Found: 0, healthy nodes count inNodeManager: 5.
2019-09-12 10:32:34,514 | INFO  | SCMAudit | user=jenkins1000 | ip=192.168.36.114 | op=SEND_HEARTBEAT {datanodeUUID=4e126646-8edc-47cd-9403-c39493e18b45, command=[]} | ret=SUCCESS |  
2019-09-12 10:32:34,523 | INFO  | SCMAudit | user=jenkins1000 | ip=192.168.36.114 | op=SEND_HEARTBEAT {datanodeUUID=eaeff1e2-de9c-4510-872d-283eb6c3c330, command=[]} | ret=SUCCESS |  
2019-09-12 10:32:34,524 | INFO  | SCMAudit | user=jenkins1000 | ip=192.168.36.114 | op=SEND_HEARTBEAT {datanodeUUID=9616c881-dbb1-48da-90dd-a872ed779a2e, command=[]} | ret=SUCCESS |  
2019-09-12 10:32:34,524 | INFO  | SCMAudit | user=jenkins1000 | ip=192.168.36.114 | op=SEND_HEARTBEAT {datanodeUUID=22ce2f4b-d517-44cf-8041-712d813e08f3, command=[]} | ret=SUCCESS |  
2019-09-12 10:32:34,525 | INFO  | SCMAudit | user=jenkins1000 | ip=192.168.36.114 | op=SEND_HEARTBEAT {datanodeUUID=caccd92c-2544-4e02-86cf-95849f240c1b, command=[]} | ret=SUCCESS |  
2019-09-12 10:32:34,526 | INFO  | SCMAudit | user=jenkins1000 | ip=192.168.36.114 | op=SEND_HEARTBEAT {datanodeUUID=ff438662-24cf-49bb-bfc5-3308ec6d286b, command=[]} | ret=SUCCESS |  
2019-09-12 10:32:34,533 | INFO  | SCMAudit | user=jenkins1000 | ip=192.168.36.114 | op=SEND_HEARTBEAT {datanodeUUID=accf000b-d7b7-4fa5-9682-da82c4451e10, command=[]} | ret=SUCCESS |  
2019-09-12 10:32:34,541 | INFO  | SCMAudit | user=jenkins1000 | ip=192.168.36.114 | op=SEND_HEARTBEAT {datanodeUUID=d9d65fd8-d100-497d-8460-9a4cf62b4ad5, command=[]} | ret=SUCCESS |  
2019-09-12 10:32:34,555 | INFO  | SCMAudit | user=jenkins1000 | ip=192.168.36.114 | op=SEND_HEARTBEAT {datanodeUUID=b6dd7c38-f675-445e-811b-15cf17d56c0a, command=[]} | ret=SUCCESS |  
2019-09-12 10:32:34,557 | INFO  | SCMAudit | user=jenkins1000 | ip=192.168.36.114 | op=SEND_HEARTBEAT {datanodeUUID=a95fd1d5-e9a9-4526-b4c7-6aa1a85e40e9, command=[]} | ret=SUCCESS |  
2019-09-12 10:32:34,557 | INFO  | SCMAudit | user=jenkins1000 | ip=192.168.36.114 | op=SEND_HEARTBEAT {datanodeUUID=5dd0cd62-5770-41dd-9e5a-f3f3eedc40c1, command=[]} | ret=SUCCESS |  
2019-09-12 10:32:34,557 | INFO  | SCMAudit | user=jenkins1000 | ip=192.168.36.114 | op=SEND_HEARTBEAT {datanodeUUID=2cb9d557-cb56-4745-8686-5e72b62e748a, command=[]} | ret=SUCCESS |  
2019-09-12 10:32:34,557 | INFO  | SCMAudit | user=jenkins1000 | ip=192.168.36.114 | op=SEND_HEARTBEAT {datanodeUUID=2d50b591-d6e4-490f-9fa0-973ad5423bd7, command=[]} | ret=SUCCESS |  
2019-09-12 10:32:34,557 | INFO  | SCMAudit | user=jenkins1000 | ip=192.168.36.114 | op=SEND_HEARTBEAT {datanodeUUID=bcda0514-d42e-47ca-96fd-c0a633e872a8, command=[]} | ret=SUCCESS |  
2019-09-12 10:32:34,558 | INFO  | SCMAudit | user=jenkins1000 | ip=192.168.36.114 | op=SEND_HEARTBEAT {datanodeUUID=1349d5ba-07d4-450a-9218-4f0361201438, command=[]} | ret=SUCCESS |  
2019-09-12 10:32:34,558 | INFO  | SCMAudit | user=jenkins1000 | ip=192.168.36.114 | op=SEND_HEARTBEAT {datanodeUUID=39df7a3f-9691-48d4-a2b1-6888489a5f8a, command=[]} | ret=SUCCESS |  
2019-09-12 10:32:34,558 | INFO  | SCMAudit | user=jenkins1000 | ip=192.168.36.114 | op=SEND_HEARTBEAT {datanodeUUID=334c5273-7871-4d53-8b37-de05e5a3be10, command=[]} | ret=SUCCESS |  
2019-09-12 10:32:34,559 | INFO  | SCMAudit | user=jenkins1000 | ip=192.168.36.114 | op=SEND_HEARTBEAT {datanodeUUID=c9031a36-5f7c-4098-8bea-8a46141708a6, command=[]} | ret=SUCCESS |  
2019-09-12 10:32:34,561 | INFO  | SCMAudit | user=jenkins1000 | ip=192.168.36.114 | op=SEND_HEARTBEAT {datanodeUUID=873ff125-9641-4674-9775-ec96c107c12e, command=[]} | ret=SUCCESS |  
2019-09-12 10:32:34,561 | INFO  | SCMAudit | user=jenkins1000 | ip=192.168.36.114 | op=SEND_HEARTBEAT {datanodeUUID=f85b420b-0060-4bb9-9f68-598eed9b442f, command=[]} | ret=SUCCESS |  
2019-09-12 10:32:34,561 | INFO  | SCMAudit | user=jenkins1000 | ip=192.168.36.114 | op=SEND_HEARTBEAT {datanodeUUID=f8fc8350-8b83-4a15-89e6-430db21616f7, command=[]} | ret=SUCCESS |  
2019-09-12 10:32:34,561 | INFO  | SCMAudit | user=jenkins1000 | ip=192.168.36.114 | op=SEND_HEARTBEAT {datanodeUUID=57729e88-c64a-441d-a40e-ceaddf64552e, command=[]} | ret=SUCCESS |  
2019-09-12 10:32:34,562 | INFO  | SCMAudit | user=jenkins1000 | ip=192.168.36.114 | op=SEND_HEARTBEAT {datanodeUUID=f17b4253-95a0-4ee6-8ded-88f070f15b33, command=[]} | ret=SUCCESS |  
2019-09-12 10:32:34,562 | INFO  | SCMAudit | user=jenkins1000 | ip=192.168.36.114 | op=SEND_HEARTBEAT {datanodeUUID=d40ec8ee-ac9e-41d6-86bd-e74a05605b85, command=[]} | ret=SUCCESS |  
2019-09-12 10:32:34,562 | INFO  | SCMAudit | user=jenkins1000 | ip=192.168.36.114 | op=SEND_HEARTBEAT {datanodeUUID=ad8ae342-df06-4311-9d84-524877c98111, command=[]} | ret=SUCCESS |  
2019-09-12 10:32:34,564 | INFO  | SCMAudit | user=jenkins1000 | ip=192.168.36.114 | op=SEND_HEARTBEAT {datanodeUUID=edb6c4a3-9bf1-4f2e-8ef0-c37d9a0378de, command=[]} | ret=SUCCESS |  
2019-09-12 10:32:34,568 | INFO  | SCMAudit | user=jenkins1000 | ip=192.168.36.114 | op=SEND_HEARTBEAT {datanodeUUID=c1e71898-521f-4627-a3f1-9884c4b96ced, command=[]} | ret=SUCCESS |  
2019-09-12 10:32:34,568 | INFO  | SCMAudit | user=jenkins1000 | ip=192.168.36.114 | op=SEND_HEARTBEAT {datanodeUUID=c54af6f8-a22e-478f-90e1-029d14059a99, command=[]} | ret=SUCCESS |  
2019-09-12 10:32:34,568 | INFO  | SCMAudit | user=jenkins1000 | ip=192.168.36.114 | op=SEND_HEARTBEAT {datanodeUUID=2df0b56f-bcaf-45a1-b35e-f30a30c5f26c, command=[]} | ret=SUCCESS |  
2019-09-12 10:32:34,569 | INFO  | SCMAudit | user=jenkins1000 | ip=192.168.36.114 | op=SEND_HEARTBEAT {datanodeUUID=af27d03c-0a72-43b4-9e80-d162a1883bf6, command=[]} | ret=SUCCESS |  
2019-09-12 10:32:34,601 [main] INFO  ozone.MiniOzoneClusterImpl (MiniOzoneClusterImpl.java:lambda$waitForClusterToBeReady$0(142)) - Waiting for cluster to be ready. Got 5 of 7 DN Heartbeats.
2019-09-12 10:32:34,618 [IPC Server handler 4 on 42933] INFO  net.NetworkTopology (NetworkTopologyImpl.java:add(110)) - Added a new node: /default-rack/c5ecd3d3-686c-4d3d-96f2-c3659186f261
2019-09-12 10:32:34,618 [RatisPipelineUtilsThread] ERROR pipeline.PipelinePlacementPolicy (PipelinePlacementPolicy.java:meetCriteria(92)) - Pipeline Placement: Doesn't meet the criteria to be viable node. Heaviness: 6
2019-09-12 10:32:34,618 [RatisPipelineUtilsThread] ERROR pipeline.PipelinePlacementPolicy (PipelinePlacementPolicy.java:meetCriteria(92)) - Pipeline Placement: Doesn't meet the criteria to be viable node. Heaviness: 6
2019-09-12 10:32:34,618 [RatisPipelineUtilsThread] ERROR pipeline.PipelinePlacementPolicy (PipelinePlacementPolicy.java:meetCriteria(92)) - Pipeline Placement: Doesn't meet the criteria to be viable node. Heaviness: 6
2019-09-12 10:32:34,618 [RatisPipelineUtilsThread] ERROR pipeline.PipelinePlacementPolicy (PipelinePlacementPolicy.java:meetCriteria(92)) - Pipeline Placement: Doesn't meet the criteria to be viable node. Heaviness: 6
2019-09-12 10:32:34,618 [IPC Server handler 4 on 42933] INFO  node.SCMNodeManager (SCMNodeManager.java:register(273)) - Registered Data node : c5ecd3d3-686c-4d3d-96f2-c3659186f261{ip: 192.168.36.114, host: pr-hdds-1569-58hkm-1881083799, networkLocation: /default-rack, certSerialId: null}
2019-09-12 10:32:34,619 [RatisPipelineUtilsThread] ERROR pipeline.PipelinePlacementPolicy (PipelinePlacementPolicy.java:meetCriteria(92)) - Pipeline Placement: Doesn't meet the criteria to be viable node. Heaviness: 6
2019-09-12 10:32:34,619 | INFO  | SCMAudit | user=jenkins1000 | ip=192.168.36.114 | op=REGISTER {datanodeDetails=c5ecd3d3-686c-4d3d-96f2-c3659186f261{ip: 192.168.36.114, host: pr-hdds-1569-58hkm-1881083799, networkLocation: /default-rack, certSerialId: null}} | ret=SUCCESS |  
2019-09-12 10:32:34,640 [grpc-default-executor-1] INFO  impl.RaftServerProxy (RaftServerProxy.java:addNew(89)) - c5ecd3d3-686c-4d3d-96f2-c3659186f261: addNew group-76F5544821EE:[c5ecd3d3-686c-4d3d-96f2-c3659186f261:192.168.36.114:35630] returns group-76F5544821EE:java.util.concurrent.CompletableFuture@703bc830[Not completed]
2019-09-12 10:32:34,642 [pool-463-thread-1] INFO  impl.RaftServerImpl (RaftServerImpl.java:<init>(93)) - c5ecd3d3-686c-4d3d-96f2-c3659186f261: new RaftServerImpl for group-76F5544821EE:[c5ecd3d3-686c-4d3d-96f2-c3659186f261:192.168.36.114:35630] with ContainerStateMachine:uninitialized
2019-09-12 10:32:34,642 [pool-463-thread-1] INFO  server.RaftServerConfigKeys (ConfUtils.java:logGet(43)) - raft.server.rpc.timeout.min = 5s (custom)
2019-09-12 10:32:34,642 [pool-463-thread-1] INFO  server.RaftServerConfigKeys (ConfUtils.java:logGet(43)) - raft.server.rpc.timeout.max = 5200ms (custom)
2019-09-12 10:32:34,642 [pool-463-thread-1] INFO  server.RaftServerConfigKeys (ConfUtils.java:logGet(43)) - raft.server.rpcslowness.timeout = 120s (custom)
2019-09-12 10:32:34,642 [pool-463-thread-1] INFO  server.RaftServerConfigKeys (ConfUtils.java:logGet(43)) - raft.server.sleep.deviation.threshold = 300 (default)
2019-09-12 10:32:34,642 [pool-463-thread-1] INFO  server.RaftServerConfigKeys (ConfUtils.java:logGet(43)) - raft.server.log.appender.install.snapshot.enabled = false (custom)
2019-09-12 10:32:34,643 [pool-463-thread-1] INFO  impl.RaftServerImpl (ServerState.java:<init>(105)) - c5ecd3d3-686c-4d3d-96f2-c3659186f261:group-76F5544821EE ConfigurationManager, init=-1: [c5ecd3d3-686c-4d3d-96f2-c3659186f261:192.168.36.114:35630], old=null, confs=<EMPTY_MAP>
2019-09-12 10:32:34,643 [pool-463-thread-1] INFO  server.RaftServerConfigKeys (ConfUtils.java:logGet(43)) - raft.server.storage.dir = [/workdir/hadoop-ozone/integration-test/target/test-dir/MiniOzoneClusterImpl-fac5a39b-1f62-44b0-aedf-fae56ce7e72b/datanode-5/data/ratis] (custom)
2019-09-12 10:32:34,643 [pool-463-thread-1] INFO  storage.RaftStorageDirectory (RaftStorageDirectory.java:analyzeStorage(246)) - The storage directory /workdir/hadoop-ozone/integration-test/target/test-dir/MiniOzoneClusterImpl-fac5a39b-1f62-44b0-aedf-fae56ce7e72b/datanode-5/data/ratis/11a71be4-3e78-479e-be69-76f5544821ee does not exist. Creating ...
2019-09-12 10:32:34,657 [pool-463-thread-1] INFO  storage.RaftStorageDirectory (RaftStorageDirectory.java:tryLock(328)) - Lock on /workdir/hadoop-ozone/integration-test/target/test-dir/MiniOzoneClusterImpl-fac5a39b-1f62-44b0-aedf-fae56ce7e72b/datanode-5/data/ratis/11a71be4-3e78-479e-be69-76f5544821ee/in_use.lock acquired by nodename 1396@pr-hdds-1569-58hkm-1881083799
2019-09-12 10:32:34,670 [pool-463-thread-1] INFO  storage.RaftStorage (RaftStorage.java:format(72)) - Storage directory /workdir/hadoop-ozone/integration-test/target/test-dir/MiniOzoneClusterImpl-fac5a39b-1f62-44b0-aedf-fae56ce7e72b/datanode-5/data/ratis/11a71be4-3e78-479e-be69-76f5544821ee has been successfully formatted.
2019-09-12 10:32:34,670 [pool-463-thread-1] INFO  ratis.ContainerStateMachine (ContainerStateMachine.java:loadSnapshot(226)) - group-76F5544821EE: The snapshot info is null. Setting the last applied indexto:(t:0, i:~)
2019-09-12 10:32:34,671 [pool-463-thread-1] INFO  server.RaftServerConfigKeys (ConfUtils.java:logGet(43)) - raft.server.leader.election.timeout = 120s (custom)
2019-09-12 10:32:34,671 [pool-463-thread-1] INFO  server.RaftServerConfigKeys (ConfUtils.java:logGet(43)) - raft.server.log.use.memory = false (default)
2019-09-12 10:32:34,671 [pool-463-thread-1] INFO  server.RaftServerConfigKeys (ConfUtils.java:logGet(43)) - raft.server.log.purge.gap = 1000000 (custom)
2019-09-12 10:32:34,671 [pool-463-thread-1] INFO  server.RaftServerConfigKeys (ConfUtils.java:logGet(43)) - raft.server.log.appender.buffer.byte-limit = 33554432 (custom)
2019-09-12 10:32:34,671 [pool-463-thread-1] INFO  server.RaftServerConfigKeys (ConfUtils.java:logGet(43)) - raft.server.log.segment.size.max = 1048576 (custom)
2019-09-12 10:32:34,671 [pool-463-thread-1] INFO  server.RaftServerConfigKeys (ConfUtils.java:logGet(43)) - raft.server.log.segment.cache.num.max = 2 (custom)
2019-09-12 10:32:34,672 [pool-463-thread-1] INFO  segmented.SegmentedRaftLogWorker (SegmentedRaftLogWorker.java:<init>(172)) - new c5ecd3d3-686c-4d3d-96f2-c3659186f261-SegmentedRaftLogWorker:Storage Directory /workdir/hadoop-ozone/integration-test/target/test-dir/MiniOzoneClusterImpl-fac5a39b-1f62-44b0-aedf-fae56ce7e72b/datanode-5/data/ratis/11a71be4-3e78-479e-be69-76f5544821ee for RaftStorage:Storage Directory /workdir/hadoop-ozone/integration-test/target/test-dir/MiniOzoneClusterImpl-fac5a39b-1f62-44b0-aedf-fae56ce7e72b/datanode-5/data/ratis/11a71be4-3e78-479e-be69-76f5544821ee
2019-09-12 10:32:34,672 [pool-463-thread-1] INFO  server.RaftServerConfigKeys (ConfUtils.java:logGet(43)) - raft.server.log.queue.byte-limit = 2147483647 (custom)
2019-09-12 10:32:34,672 [pool-463-thread-1] INFO  server.RaftServerConfigKeys (ConfUtils.java:logGet(43)) - raft.server.log.queue.element-limit = 1024 (custom)
2019-09-12 10:32:34,672 [pool-463-thread-1] INFO  server.RaftServerConfigKeys (ConfUtils.java:logGet(43)) - raft.server.log.segment.size.max = 1048576 (custom)
2019-09-12 10:32:34,672 [pool-463-thread-1] INFO  server.RaftServerConfigKeys (ConfUtils.java:logGet(43)) - raft.server.log.preallocated.size = 16384 (custom)
2019-09-12 10:32:34,673 [pool-463-thread-1] INFO  server.RaftServerConfigKeys (ConfUtils.java:logGet(43)) - raft.server.log.write.buffer.size = 33554432 (custom)
2019-09-12 10:32:34,673 [pool-463-thread-1] INFO  server.RaftServerConfigKeys (ConfUtils.java:logGet(43)) - raft.server.log.force.sync.num = 128 (default)
2019-09-12 10:32:34,673 [pool-463-thread-1] INFO  server.RaftServerConfigKeys (ConfUtils.java:logGet(43)) - raft.server.log.statemachine.data.sync = true (default)
2019-09-12 10:32:34,673 [pool-463-thread-1] INFO  server.RaftServerConfigKeys (ConfUtils.java:logGet(43)) - raft.server.log.statemachine.data.sync.timeout = 10s (default)
2019-09-12 10:32:34,673 [pool-463-thread-1] INFO  server.RaftServerConfigKeys (ConfUtils.java:logGet(43)) - raft.server.log.statemachine.data.sync.timeout.retry = -1 (default)
2019-09-12 10:32:34,673 [pool-463-thread-1] INFO  server.RaftServerConfigKeys (ConfUtils.java:logGet(43)) - raft.server.log.statemachine.data.caching.enabled = true (custom)
2019-09-12 10:32:34,674 [pool-463-thread-1] INFO  segmented.SegmentedRaftLogWorker (SegmentedRaftLogWorker.java:lambda$new$0(132)) - c5ecd3d3-686c-4d3d-96f2-c3659186f261-SegmentedRaftLogWorker:Storage Directory /workdir/hadoop-ozone/integration-test/target/test-dir/MiniOzoneClusterImpl-fac5a39b-1f62-44b0-aedf-fae56ce7e72b/datanode-5/data/ratis/11a71be4-3e78-479e-be69-76f5544821ee: flushIndex: setUnconditionally 0 -> -1
2019-09-12 10:32:34,674 [pool-463-thread-1] INFO  server.RaftServerConfigKeys (ConfUtils.java:logGet(43)) - raft.server.snapshot.auto.trigger.enabled = true (custom)
2019-09-12 10:32:34,674 [pool-463-thread-1] INFO  server.RaftServerConfigKeys (ConfUtils.java:logGet(43)) - raft.server.snapshot.auto.trigger.threshold = 10000 (custom)
2019-09-12 10:32:34,675 [pool-463-thread-1] INFO  server.RaftServerConfigKeys (ConfUtils.java:logGet(43)) - raft.server.retrycache.expirytime = 600000ms (custom)
2019-09-12 10:32:34,675 [pool-463-thread-1] INFO  impl.RaftServerImpl (RaftServerImpl.java:start(180)) - c5ecd3d3-686c-4d3d-96f2-c3659186f261: start group-76F5544821EE
2019-09-12 10:32:34,675 [pool-463-thread-1] INFO  impl.RaftServerImpl (RaftServerImpl.java:setRole(171)) - c5ecd3d3-686c-4d3d-96f2-c3659186f261:group-76F5544821EE changes role from null to FOLLOWER at term 0 for startAsFollower
2019-09-12 10:32:34,675 [pool-463-thread-1] INFO  impl.RoleInfo (RoleInfo.java:updateAndGet(143)) - c5ecd3d3-686c-4d3d-96f2-c3659186f261: start FollowerState
2019-09-12 10:32:34,676 [pool-463-thread-1] INFO  util.JmxRegister (JmxRegister.java:tryRegister(44)) - Successfully registered JMX Bean with object name Ratis:service=RaftServer,group=group-76F5544821EE,id=c5ecd3d3-686c-4d3d-96f2-c3659186f261
2019-09-12 10:32:34,678 [RatisPipelineUtilsThread] INFO  pipeline.PipelineStateManager (PipelineStateManager.java:addPipeline(56)) - Created pipeline Pipeline[ Id: 11a71be4-3e78-479e-be69-76f5544821ee, Nodes: c5ecd3d3-686c-4d3d-96f2-c3659186f261{ip: 192.168.36.114, host: pr-hdds-1569-58hkm-1881083799, networkLocation: /default-rack, certSerialId: null}, Type:RATIS, Factor:ONE, State:OPEN]
2019-09-12 10:32:34,679 [RatisPipelineUtilsThread] ERROR pipeline.PipelinePlacementPolicy (PipelinePlacementPolicy.java:meetCriteria(92)) - Pipeline Placement: Doesn't meet the criteria to be viable node. Heaviness: 6
2019-09-12 10:32:34,679 [RatisPipelineUtilsThread] ERROR pipeline.PipelinePlacementPolicy (PipelinePlacementPolicy.java:meetCriteria(92)) - Pipeline Placement: Doesn't meet the criteria to be viable node. Heaviness: 6
2019-09-12 10:32:34,679 [RatisPipelineUtilsThread] ERROR pipeline.PipelinePlacementPolicy (PipelinePlacementPolicy.java:meetCriteria(92)) - Pipeline Placement: Doesn't meet the criteria to be viable node. Heaviness: 6
2019-09-12 10:32:34,679 [RatisPipelineUtilsThread] ERROR pipeline.PipelinePlacementPolicy (PipelinePlacementPolicy.java:meetCriteria(92)) - Pipeline Placement: Doesn't meet the criteria to be viable node. Heaviness: 6
2019-09-12 10:32:34,679 [RatisPipelineUtilsThread] ERROR pipeline.PipelinePlacementPolicy (PipelinePlacementPolicy.java:meetCriteria(92)) - Pipeline Placement: Doesn't meet the criteria to be viable node. Heaviness: 6
2019-09-12 10:32:34,685 [grpc-default-executor-1] INFO  impl.RaftServerProxy (RaftServerProxy.java:addNew(89)) - c5ecd3d3-686c-4d3d-96f2-c3659186f261: addNew group-6A42745A14C6:[c5ecd3d3-686c-4d3d-96f2-c3659186f261:192.168.36.114:35630] returns group-6A42745A14C6:java.util.concurrent.CompletableFuture@44071da1[Not completed]
2019-09-12 10:32:34,686 [pool-463-thread-1] INFO  impl.RaftServerImpl (RaftServerImpl.java:<init>(93)) - c5ecd3d3-686c-4d3d-96f2-c3659186f261: new RaftServerImpl for group-6A42745A14C6:[c5ecd3d3-686c-4d3d-96f2-c3659186f261:192.168.36.114:35630] with ContainerStateMachine:uninitialized
2019-09-12 10:32:34,686 [pool-463-thread-1] INFO  server.RaftServerConfigKeys (ConfUtils.java:logGet(43)) - raft.server.rpc.timeout.min = 5s (custom)
2019-09-12 10:32:34,686 [pool-463-thread-1] INFO  server.RaftServerConfigKeys (ConfUtils.java:logGet(43)) - raft.server.rpc.timeout.max = 5200ms (custom)
2019-09-12 10:32:34,686 [pool-463-thread-1] INFO  server.RaftServerConfigKeys (ConfUtils.java:logGet(43)) - raft.server.rpcslowness.timeout = 120s (custom)
2019-09-12 10:32:34,686 [pool-463-thread-1] INFO  server.RaftServerConfigKeys (ConfUtils.java:logGet(43)) - raft.server.sleep.deviation.threshold = 300 (default)
2019-09-12 10:32:34,686 [pool-463-thread-1] INFO  server.RaftServerConfigKeys (ConfUtils.java:logGet(43)) - raft.server.log.appender.install.snapshot.enabled = false (custom)
2019-09-12 10:32:34,686 [pool-463-thread-1] INFO  impl.RaftServerImpl (ServerState.java:<init>(105)) - c5ecd3d3-686c-4d3d-96f2-c3659186f261:group-6A42745A14C6 ConfigurationManager, init=-1: [c5ecd3d3-686c-4d3d-96f2-c3659186f261:192.168.36.114:35630], old=null, confs=<EMPTY_MAP>
2019-09-12 10:32:34,687 [pool-463-thread-1] INFO  server.RaftServerConfigKeys (ConfUtils.java:logGet(43)) - raft.server.storage.dir = [/workdir/hadoop-ozone/integration-test/target/test-dir/MiniOzoneClusterImpl-fac5a39b-1f62-44b0-aedf-fae56ce7e72b/datanode-5/data/ratis] (custom)
2019-09-12 10:32:34,687 [pool-463-thread-1] INFO  storage.RaftStorageDirectory (RaftStorageDirectory.java:analyzeStorage(246)) - The storage directory /workdir/hadoop-ozone/integration-test/target/test-dir/MiniOzoneClusterImpl-fac5a39b-1f62-44b0-aedf-fae56ce7e72b/datanode-5/data/ratis/4c1d9572-65da-4930-bca7-6a42745a14c6 does not exist. Creating ...
2019-09-12 10:32:34,700 [pool-463-thread-1] INFO  storage.RaftStorageDirectory (RaftStorageDirectory.java:tryLock(328)) - Lock on /workdir/hadoop-ozone/integration-test/target/test-dir/MiniOzoneClusterImpl-fac5a39b-1f62-44b0-aedf-fae56ce7e72b/datanode-5/data/ratis/4c1d9572-65da-4930-bca7-6a42745a14c6/in_use.lock acquired by nodename 1396@pr-hdds-1569-58hkm-1881083799
2019-09-12 10:32:34,713 [pool-463-thread-1] INFO  storage.RaftStorage (RaftStorage.java:format(72)) - Storage directory /workdir/hadoop-ozone/integration-test/target/test-dir/MiniOzoneClusterImpl-fac5a39b-1f62-44b0-aedf-fae56ce7e72b/datanode-5/data/ratis/4c1d9572-65da-4930-bca7-6a42745a14c6 has been successfully formatted.
2019-09-12 10:32:34,714 [pool-463-thread-1] INFO  ratis.ContainerStateMachine (ContainerStateMachine.java:loadSnapshot(226)) - group-6A42745A14C6: The snapshot info is null. Setting the last applied indexto:(t:0, i:~)
2019-09-12 10:32:34,714 [pool-463-thread-1] INFO  server.RaftServerConfigKeys (ConfUtils.java:logGet(43)) - raft.server.leader.election.timeout = 120s (custom)
2019-09-12 10:32:34,714 [pool-463-thread-1] INFO  server.RaftServerConfigKeys (ConfUtils.java:logGet(43)) - raft.server.log.use.memory = false (default)
2019-09-12 10:32:34,714 [pool-463-thread-1] INFO  server.RaftServerConfigKeys (ConfUtils.java:logGet(43)) - raft.server.log.purge.gap = 1000000 (custom)
2019-09-12 10:32:34,714 [pool-463-thread-1] INFO  server.RaftServerConfigKeys (ConfUtils.java:logGet(43)) - raft.server.log.appender.buffer.byte-limit = 33554432 (custom)
2019-09-12 10:32:34,714 [pool-463-thread-1] INFO  server.RaftServerConfigKeys (ConfUtils.java:logGet(43)) - raft.server.log.segment.size.max = 1048576 (custom)
2019-09-12 10:32:34,714 [pool-463-thread-1] INFO  server.RaftServerConfigKeys (ConfUtils.java:logGet(43)) - raft.server.log.segment.cache.num.max = 2 (custom)
2019-09-12 10:32:34,715 [pool-463-thread-1] INFO  segmented.SegmentedRaftLogWorker (SegmentedRaftLogWorker.java:<init>(172)) - new c5ecd3d3-686c-4d3d-96f2-c3659186f261-SegmentedRaftLogWorker:Storage Directory /workdir/hadoop-ozone/integration-test/target/test-dir/MiniOzoneClusterImpl-fac5a39b-1f62-44b0-aedf-fae56ce7e72b/datanode-5/data/ratis/4c1d9572-65da-4930-bca7-6a42745a14c6 for RaftStorage:Storage Directory /workdir/hadoop-ozone/integration-test/target/test-dir/MiniOzoneClusterImpl-fac5a39b-1f62-44b0-aedf-fae56ce7e72b/datanode-5/data/ratis/4c1d9572-65da-4930-bca7-6a42745a14c6
2019-09-12 10:32:34,715 [pool-463-thread-1] INFO  server.RaftServerConfigKeys (ConfUtils.java:logGet(43)) - raft.server.log.queue.byte-limit = 2147483647 (custom)
2019-09-12 10:32:34,715 [pool-463-thread-1] INFO  server.RaftServerConfigKeys (ConfUtils.java:logGet(43)) - raft.server.log.queue.element-limit = 1024 (custom)
2019-09-12 10:32:34,715 [pool-463-thread-1] INFO  server.RaftServerConfigKeys (ConfUtils.java:logGet(43)) - raft.server.log.segment.size.max = 1048576 (custom)
2019-09-12 10:32:34,715 [pool-463-thread-1] INFO  server.RaftServerConfigKeys (ConfUtils.java:logGet(43)) - raft.server.log.preallocated.size = 16384 (custom)
2019-09-12 10:32:34,715 [pool-463-thread-1] INFO  server.RaftServerConfigKeys (ConfUtils.java:logGet(43)) - raft.server.log.write.buffer.size = 33554432 (custom)
2019-09-12 10:32:34,715 [pool-463-thread-1] INFO  server.RaftServerConfigKeys (ConfUtils.java:logGet(43)) - raft.server.log.force.sync.num = 128 (default)
2019-09-12 10:32:34,715 [pool-463-thread-1] INFO  server.RaftServerConfigKeys (ConfUtils.java:logGet(43)) - raft.server.log.statemachine.data.sync = true (default)
2019-09-12 10:32:34,715 [pool-463-thread-1] INFO  server.RaftServerConfigKeys (ConfUtils.java:logGet(43)) - raft.server.log.statemachine.data.sync.timeout = 10s (default)
2019-09-12 10:32:34,716 [pool-463-thread-1] INFO  server.RaftServerConfigKeys (ConfUtils.java:logGet(43)) - raft.server.log.statemachine.data.sync.timeout.retry = -1 (default)
2019-09-12 10:32:34,716 [pool-463-thread-1] INFO  server.RaftServerConfigKeys (ConfUtils.java:logGet(43)) - raft.server.log.statemachine.data.caching.enabled = true (custom)
2019-09-12 10:32:34,716 [pool-463-thread-1] INFO  segmented.SegmentedRaftLogWorker (SegmentedRaftLogWorker.java:lambda$new$0(132)) - c5ecd3d3-686c-4d3d-96f2-c3659186f261-SegmentedRaftLogWorker:Storage Directory /workdir/hadoop-ozone/integration-test/target/test-dir/MiniOzoneClusterImpl-fac5a39b-1f62-44b0-aedf-fae56ce7e72b/datanode-5/data/ratis/4c1d9572-65da-4930-bca7-6a42745a14c6: flushIndex: setUnconditionally 0 -> -1
2019-09-12 10:32:34,716 [pool-463-thread-1] INFO  server.RaftServerConfigKeys (ConfUtils.java:logGet(43)) - raft.server.snapshot.auto.trigger.enabled = true (custom)
2019-09-12 10:32:34,717 [pool-463-thread-1] INFO  server.RaftServerConfigKeys (ConfUtils.java:logGet(43)) - raft.server.snapshot.auto.trigger.threshold = 10000 (custom)
2019-09-12 10:32:34,717 [pool-463-thread-1] INFO  server.RaftServerConfigKeys (ConfUtils.java:logGet(43)) - raft.server.retrycache.expirytime = 600000ms (custom)
2019-09-12 10:32:34,717 [pool-463-thread-1] INFO  impl.RaftServerImpl (RaftServerImpl.java:start(180)) - c5ecd3d3-686c-4d3d-96f2-c3659186f261: start group-6A42745A14C6
2019-09-12 10:32:34,717 [pool-463-thread-1] INFO  impl.RaftServerImpl (RaftServerImpl.java:setRole(171)) - c5ecd3d3-686c-4d3d-96f2-c3659186f261:group-6A42745A14C6 changes role from null to FOLLOWER at term 0 for startAsFollower
2019-09-12 10:32:34,717 [pool-463-thread-1] INFO  impl.RoleInfo (RoleInfo.java:updateAndGet(143)) - c5ecd3d3-686c-4d3d-96f2-c3659186f261: start FollowerState
2019-09-12 10:32:34,717 [pool-463-thread-1] INFO  util.JmxRegister (JmxRegister.java:tryRegister(44)) - Successfully registered JMX Bean with object name Ratis:service=RaftServer,group=group-6A42745A14C6,id=c5ecd3d3-686c-4d3d-96f2-c3659186f261
2019-09-12 10:32:34,818 [RatisPipelineUtilsThread] INFO  pipeline.PipelineStateManager (PipelineStateManager.java:addPipeline(56)) - Created pipeline Pipeline[ Id: 4c1d9572-65da-4930-bca7-6a42745a14c6, Nodes: c5ecd3d3-686c-4d3d-96f2-c3659186f261{ip: 192.168.36.114, host: pr-hdds-1569-58hkm-1881083799, networkLocation: /default-rack, certSerialId: null}, Type:RATIS, Factor:ONE, State:OPEN]
2019-09-12 10:32:34,818 [RatisPipelineUtilsThread] ERROR pipeline.PipelinePlacementPolicy (PipelinePlacementPolicy.java:meetCriteria(92)) - Pipeline Placement: Doesn't meet the criteria to be viable node. Heaviness: 6
2019-09-12 10:32:34,819 [RatisPipelineUtilsThread] ERROR pipeline.PipelinePlacementPolicy (PipelinePlacementPolicy.java:meetCriteria(92)) - Pipeline Placement: Doesn't meet the criteria to be viable node. Heaviness: 6
2019-09-12 10:32:34,819 [RatisPipelineUtilsThread] ERROR pipeline.PipelinePlacementPolicy (PipelinePlacementPolicy.java:meetCriteria(92)) - Pipeline Placement: Doesn't meet the criteria to be viable node. Heaviness: 6
2019-09-12 10:32:34,819 [RatisPipelineUtilsThread] ERROR pipeline.PipelinePlacementPolicy (PipelinePlacementPolicy.java:meetCriteria(92)) - Pipeline Placement: Doesn't meet the criteria to be viable node. Heaviness: 6
2019-09-12 10:32:34,819 [RatisPipelineUtilsThread] ERROR pipeline.PipelinePlacementPolicy (PipelinePlacementPolicy.java:meetCriteria(92)) - Pipeline Placement: Doesn't meet the criteria to be viable node. Heaviness: 6
2019-09-12 10:32:34,825 [grpc-default-executor-1] INFO  impl.RaftServerProxy (RaftServerProxy.java:addNew(89)) - c5ecd3d3-686c-4d3d-96f2-c3659186f261: addNew group-58056C617530:[c5ecd3d3-686c-4d3d-96f2-c3659186f261:192.168.36.114:35630] returns group-58056C617530:java.util.concurrent.CompletableFuture@4282bee4[Not completed]
2019-09-12 10:32:34,826 [pool-463-thread-1] INFO  impl.RaftServerImpl (RaftServerImpl.java:<init>(93)) - c5ecd3d3-686c-4d3d-96f2-c3659186f261: new RaftServerImpl for group-58056C617530:[c5ecd3d3-686c-4d3d-96f2-c3659186f261:192.168.36.114:35630] with ContainerStateMachine:uninitialized
2019-09-12 10:32:34,826 [pool-463-thread-1] INFO  server.RaftServerConfigKeys (ConfUtils.java:logGet(43)) - raft.server.rpc.timeout.min = 5s (custom)
2019-09-12 10:32:34,826 [pool-463-thread-1] INFO  server.RaftServerConfigKeys (ConfUtils.java:logGet(43)) - raft.server.rpc.timeout.max = 5200ms (custom)
2019-09-12 10:32:34,826 [pool-463-thread-1] INFO  server.RaftServerConfigKeys (ConfUtils.java:logGet(43)) - raft.server.rpcslowness.timeout = 120s (custom)
2019-09-12 10:32:34,826 [pool-463-thread-1] INFO  server.RaftServerConfigKeys (ConfUtils.java:logGet(43)) - raft.server.sleep.deviation.threshold = 300 (default)
2019-09-12 10:32:34,826 [pool-463-thread-1] INFO  server.RaftServerConfigKeys (ConfUtils.java:logGet(43)) - raft.server.log.appender.install.snapshot.enabled = false (custom)
2019-09-12 10:32:34,827 [pool-463-thread-1] INFO  impl.RaftServerImpl (ServerState.java:<init>(105)) - c5ecd3d3-686c-4d3d-96f2-c3659186f261:group-58056C617530 ConfigurationManager, init=-1: [c5ecd3d3-686c-4d3d-96f2-c3659186f261:192.168.36.114:35630], old=null, confs=<EMPTY_MAP>
2019-09-12 10:32:34,827 [pool-463-thread-1] INFO  server.RaftServerConfigKeys (ConfUtils.java:logGet(43)) - raft.server.storage.dir = [/workdir/hadoop-ozone/integration-test/target/test-dir/MiniOzoneClusterImpl-fac5a39b-1f62-44b0-aedf-fae56ce7e72b/datanode-5/data/ratis] (custom)
2019-09-12 10:32:34,827 [pool-463-thread-1] INFO  storage.RaftStorageDirectory (RaftStorageDirectory.java:analyzeStorage(246)) - The storage directory /workdir/hadoop-ozone/integration-test/target/test-dir/MiniOzoneClusterImpl-fac5a39b-1f62-44b0-aedf-fae56ce7e72b/datanode-5/data/ratis/37f81a04-64c9-4f1f-9371-58056c617530 does not exist. Creating ...
2019-09-12 10:32:34,840 [pool-463-thread-1] INFO  storage.RaftStorageDirectory (RaftStorageDirectory.java:tryLock(328)) - Lock on /workdir/hadoop-ozone/integration-test/target/test-dir/MiniOzoneClusterImpl-fac5a39b-1f62-44b0-aedf-fae56ce7e72b/datanode-5/data/ratis/37f81a04-64c9-4f1f-9371-58056c617530/in_use.lock acquired by nodename 1396@pr-hdds-1569-58hkm-1881083799
2019-09-12 10:32:34,883 [pool-463-thread-1] INFO  storage.RaftStorage (RaftStorage.java:format(72)) - Storage directory /workdir/hadoop-ozone/integration-test/target/test-dir/MiniOzoneClusterImpl-fac5a39b-1f62-44b0-aedf-fae56ce7e72b/datanode-5/data/ratis/37f81a04-64c9-4f1f-9371-58056c617530 has been successfully formatted.
2019-09-12 10:32:34,884 [pool-463-thread-1] INFO  ratis.ContainerStateMachine (ContainerStateMachine.java:loadSnapshot(226)) - group-58056C617530: The snapshot info is null. Setting the last applied indexto:(t:0, i:~)
2019-09-12 10:32:34,884 [pool-463-thread-1] INFO  server.RaftServerConfigKeys (ConfUtils.java:logGet(43)) - raft.server.leader.election.timeout = 120s (custom)
2019-09-12 10:32:34,884 [pool-463-thread-1] INFO  server.RaftServerConfigKeys (ConfUtils.java:logGet(43)) - raft.server.log.use.memory = false (default)
2019-09-12 10:32:34,884 [pool-463-thread-1] INFO  server.RaftServerConfigKeys (ConfUtils.java:logGet(43)) - raft.server.log.purge.gap = 1000000 (custom)
2019-09-12 10:32:34,884 [pool-463-thread-1] INFO  server.RaftServerConfigKeys (ConfUtils.java:logGet(43)) - raft.server.log.appender.buffer.byte-limit = 33554432 (custom)
2019-09-12 10:32:34,884 [pool-463-thread-1] INFO  server.RaftServerConfigKeys (ConfUtils.java:logGet(43)) - raft.server.log.segment.size.max = 1048576 (custom)
2019-09-12 10:32:34,884 [pool-463-thread-1] INFO  server.RaftServerConfigKeys (ConfUtils.java:logGet(43)) - raft.server.log.segment.cache.num.max = 2 (custom)
2019-09-12 10:32:34,884 [pool-463-thread-1] INFO  segmented.SegmentedRaftLogWorker (SegmentedRaftLogWorker.java:<init>(172)) - new c5ecd3d3-686c-4d3d-96f2-c3659186f261-SegmentedRaftLogWorker:Storage Directory /workdir/hadoop-ozone/integration-test/target/test-dir/MiniOzoneClusterImpl-fac5a39b-1f62-44b0-aedf-fae56ce7e72b/datanode-5/data/ratis/37f81a04-64c9-4f1f-9371-58056c617530 for RaftStorage:Storage Directory /workdir/hadoop-ozone/integration-test/target/test-dir/MiniOzoneClusterImpl-fac5a39b-1f62-44b0-aedf-fae56ce7e72b/datanode-5/data/ratis/37f81a04-64c9-4f1f-9371-58056c617530
2019-09-12 10:32:34,884 [pool-463-thread-1] INFO  server.RaftServerConfigKeys (ConfUtils.java:logGet(43)) - raft.server.log.queue.byte-limit = 2147483647 (custom)
2019-09-12 10:32:34,885 [pool-463-thread-1] INFO  server.RaftServerConfigKeys (ConfUtils.java:logGet(43)) - raft.server.log.queue.element-limit = 1024 (custom)
2019-09-12 10:32:34,885 [pool-463-thread-1] INFO  server.RaftServerConfigKeys (ConfUtils.java:logGet(43)) - raft.server.log.segment.size.max = 1048576 (custom)
2019-09-12 10:32:34,885 [pool-463-thread-1] INFO  server.RaftServerConfigKeys (ConfUtils.java:logGet(43)) - raft.server.log.preallocated.size = 16384 (custom)
2019-09-12 10:32:34,885 [pool-463-thread-1] INFO  server.RaftServerConfigKeys (ConfUtils.java:logGet(43)) - raft.server.log.write.buffer.size = 33554432 (custom)
2019-09-12 10:32:34,885 [pool-463-thread-1] INFO  server.RaftServerConfigKeys (ConfUtils.java:logGet(43)) - raft.server.log.force.sync.num = 128 (default)
2019-09-12 10:32:34,885 [pool-463-thread-1] INFO  server.RaftServerConfigKeys (ConfUtils.java:logGet(43)) - raft.server.log.statemachine.data.sync = true (default)
2019-09-12 10:32:34,885 [pool-463-thread-1] INFO  server.RaftServerConfigKeys (ConfUtils.java:logGet(43)) - raft.server.log.statemachine.data.sync.timeout = 10s (default)
2019-09-12 10:32:34,885 [pool-463-thread-1] INFO  server.RaftServerConfigKeys (ConfUtils.java:logGet(43)) - raft.server.log.statemachine.data.sync.timeout.retry = -1 (default)
2019-09-12 10:32:34,885 [pool-463-thread-1] INFO  server.RaftServerConfigKeys (ConfUtils.java:logGet(43)) - raft.server.log.statemachine.data.caching.enabled = true (custom)
2019-09-12 10:32:34,885 [pool-463-thread-1] INFO  segmented.SegmentedRaftLogWorker (SegmentedRaftLogWorker.java:lambda$new$0(132)) - c5ecd3d3-686c-4d3d-96f2-c3659186f261-SegmentedRaftLogWorker:Storage Directory /workdir/hadoop-ozone/integration-test/target/test-dir/MiniOzoneClusterImpl-fac5a39b-1f62-44b0-aedf-fae56ce7e72b/datanode-5/data/ratis/37f81a04-64c9-4f1f-9371-58056c617530: flushIndex: setUnconditionally 0 -> -1
2019-09-12 10:32:34,886 [pool-463-thread-1] INFO  server.RaftServerConfigKeys (ConfUtils.java:logGet(43)) - raft.server.snapshot.auto.trigger.enabled = true (custom)
2019-09-12 10:32:34,886 [pool-463-thread-1] INFO  server.RaftServerConfigKeys (ConfUtils.java:logGet(43)) - raft.server.snapshot.auto.trigger.threshold = 10000 (custom)
2019-09-12 10:32:34,886 [pool-463-thread-1] INFO  server.RaftServerConfigKeys (ConfUtils.java:logGet(43)) - raft.server.retrycache.expirytime = 600000ms (custom)
2019-09-12 10:32:34,886 [pool-463-thread-1] INFO  impl.RaftServerImpl (RaftServerImpl.java:start(180)) - c5ecd3d3-686c-4d3d-96f2-c3659186f261: start group-58056C617530
2019-09-12 10:32:34,886 [pool-463-thread-1] INFO  impl.RaftServerImpl (RaftServerImpl.java:setRole(171)) - c5ecd3d3-686c-4d3d-96f2-c3659186f261:group-58056C617530 changes role from null to FOLLOWER at term 0 for startAsFollower
2019-09-12 10:32:34,886 [pool-463-thread-1] INFO  impl.RoleInfo (RoleInfo.java:updateAndGet(143)) - c5ecd3d3-686c-4d3d-96f2-c3659186f261: start FollowerState
2019-09-12 10:32:34,887 [pool-463-thread-1] INFO  util.JmxRegister (JmxRegister.java:tryRegister(44)) - Successfully registered JMX Bean with object name Ratis:service=RaftServer,group=group-58056C617530,id=c5ecd3d3-686c-4d3d-96f2-c3659186f261
2019-09-12 10:32:34,889 [RatisPipelineUtilsThread] INFO  pipeline.PipelineStateManager (PipelineStateManager.java:addPipeline(56)) - Created pipeline Pipeline[ Id: 37f81a04-64c9-4f1f-9371-58056c617530, Nodes: c5ecd3d3-686c-4d3d-96f2-c3659186f261{ip: 192.168.36.114, host: pr-hdds-1569-58hkm-1881083799, networkLocation: /default-rack, certSerialId: null}, Type:RATIS, Factor:ONE, State:OPEN]
2019-09-12 10:32:34,889 [RatisPipelineUtilsThread] ERROR pipeline.PipelinePlacementPolicy (PipelinePlacementPolicy.java:meetCriteria(92)) - Pipeline Placement: Doesn't meet the criteria to be viable node. Heaviness: 6
2019-09-12 10:32:34,889 [RatisPipelineUtilsThread] ERROR pipeline.PipelinePlacementPolicy (PipelinePlacementPolicy.java:meetCriteria(92)) - Pipeline Placement: Doesn't meet the criteria to be viable node. Heaviness: 6
2019-09-12 10:32:34,890 [RatisPipelineUtilsThread] ERROR pipeline.PipelinePlacementPolicy (PipelinePlacementPolicy.java:meetCriteria(92)) - Pipeline Placement: Doesn't meet the criteria to be viable node. Heaviness: 6
2019-09-12 10:32:34,890 [RatisPipelineUtilsThread] ERROR pipeline.PipelinePlacementPolicy (PipelinePlacementPolicy.java:meetCriteria(92)) - Pipeline Placement: Doesn't meet the criteria to be viable node. Heaviness: 6
2019-09-12 10:32:34,890 [RatisPipelineUtilsThread] ERROR pipeline.PipelinePlacementPolicy (PipelinePlacementPolicy.java:meetCriteria(92)) - Pipeline Placement: Doesn't meet the criteria to be viable node. Heaviness: 6
2019-09-12 10:32:34,894 [grpc-default-executor-1] INFO  impl.RaftServerProxy (RaftServerProxy.java:addNew(89)) - c5ecd3d3-686c-4d3d-96f2-c3659186f261: addNew group-C24B2779050D:[c5ecd3d3-686c-4d3d-96f2-c3659186f261:192.168.36.114:35630] returns group-C24B2779050D:java.util.concurrent.CompletableFuture@1201e98c[Not completed]
2019-09-12 10:32:34,895 [pool-463-thread-1] INFO  impl.RaftServerImpl (RaftServerImpl.java:<init>(93)) - c5ecd3d3-686c-4d3d-96f2-c3659186f261: new RaftServerImpl for group-C24B2779050D:[c5ecd3d3-686c-4d3d-96f2-c3659186f261:192.168.36.114:35630] with ContainerStateMachine:uninitialized
2019-09-12 10:32:34,895 [pool-463-thread-1] INFO  server.RaftServerConfigKeys (ConfUtils.java:logGet(43)) - raft.server.rpc.timeout.min = 5s (custom)
2019-09-12 10:32:34,895 [pool-463-thread-1] INFO  server.RaftServerConfigKeys (ConfUtils.java:logGet(43)) - raft.server.rpc.timeout.max = 5200ms (custom)
2019-09-12 10:32:34,895 [pool-463-thread-1] INFO  server.RaftServerConfigKeys (ConfUtils.java:logGet(43)) - raft.server.rpcslowness.timeout = 120s (custom)
2019-09-12 10:32:34,896 [pool-463-thread-1] INFO  server.RaftServerConfigKeys (ConfUtils.java:logGet(43)) - raft.server.sleep.deviation.threshold = 300 (default)
2019-09-12 10:32:34,896 [pool-463-thread-1] INFO  server.RaftServerConfigKeys (ConfUtils.java:logGet(43)) - raft.server.log.appender.install.snapshot.enabled = false (custom)
2019-09-12 10:32:34,896 [pool-463-thread-1] INFO  impl.RaftServerImpl (ServerState.java:<init>(105)) - c5ecd3d3-686c-4d3d-96f2-c3659186f261:group-C24B2779050D ConfigurationManager, init=-1: [c5ecd3d3-686c-4d3d-96f2-c3659186f261:192.168.36.114:35630], old=null, confs=<EMPTY_MAP>
2019-09-12 10:32:34,896 [pool-463-thread-1] INFO  server.RaftServerConfigKeys (ConfUtils.java:logGet(43)) - raft.server.storage.dir = [/workdir/hadoop-ozone/integration-test/target/test-dir/MiniOzoneClusterImpl-fac5a39b-1f62-44b0-aedf-fae56ce7e72b/datanode-5/data/ratis] (custom)
2019-09-12 10:32:34,896 [pool-463-thread-1] INFO  storage.RaftStorageDirectory (RaftStorageDirectory.java:analyzeStorage(246)) - The storage directory /workdir/hadoop-ozone/integration-test/target/test-dir/MiniOzoneClusterImpl-fac5a39b-1f62-44b0-aedf-fae56ce7e72b/datanode-5/data/ratis/782d27bb-da30-4f64-b7e6-c24b2779050d does not exist. Creating ...
2019-09-12 10:32:34,909 [pool-463-thread-1] INFO  storage.RaftStorageDirectory (RaftStorageDirectory.java:tryLock(328)) - Lock on /workdir/hadoop-ozone/integration-test/target/test-dir/MiniOzoneClusterImpl-fac5a39b-1f62-44b0-aedf-fae56ce7e72b/datanode-5/data/ratis/782d27bb-da30-4f64-b7e6-c24b2779050d/in_use.lock acquired by nodename 1396@pr-hdds-1569-58hkm-1881083799
2019-09-12 10:32:34,930 [pool-463-thread-1] INFO  storage.RaftStorage (RaftStorage.java:format(72)) - Storage directory /workdir/hadoop-ozone/integration-test/target/test-dir/MiniOzoneClusterImpl-fac5a39b-1f62-44b0-aedf-fae56ce7e72b/datanode-5/data/ratis/782d27bb-da30-4f64-b7e6-c24b2779050d has been successfully formatted.
2019-09-12 10:32:34,930 [pool-463-thread-1] INFO  ratis.ContainerStateMachine (ContainerStateMachine.java:loadSnapshot(226)) - group-C24B2779050D: The snapshot info is null. Setting the last applied indexto:(t:0, i:~)
2019-09-12 10:32:34,930 [pool-463-thread-1] INFO  server.RaftServerConfigKeys (ConfUtils.java:logGet(43)) - raft.server.leader.election.timeout = 120s (custom)
2019-09-12 10:32:34,930 [pool-463-thread-1] INFO  server.RaftServerConfigKeys (ConfUtils.java:logGet(43)) - raft.server.log.use.memory = false (default)
2019-09-12 10:32:34,931 [pool-463-thread-1] INFO  server.RaftServerConfigKeys (ConfUtils.java:logGet(43)) - raft.server.log.purge.gap = 1000000 (custom)
2019-09-12 10:32:34,931 [pool-463-thread-1] INFO  server.RaftServerConfigKeys (ConfUtils.java:logGet(43)) - raft.server.log.appender.buffer.byte-limit = 33554432 (custom)
2019-09-12 10:32:34,931 [pool-463-thread-1] INFO  server.RaftServerConfigKeys (ConfUtils.java:logGet(43)) - raft.server.log.segment.size.max = 1048576 (custom)
2019-09-12 10:32:34,931 [pool-463-thread-1] INFO  server.RaftServerConfigKeys (ConfUtils.java:logGet(43)) - raft.server.log.segment.cache.num.max = 2 (custom)
2019-09-12 10:32:34,931 [pool-463-thread-1] INFO  segmented.SegmentedRaftLogWorker (SegmentedRaftLogWorker.java:<init>(172)) - new c5ecd3d3-686c-4d3d-96f2-c3659186f261-SegmentedRaftLogWorker:Storage Directory /workdir/hadoop-ozone/integration-test/target/test-dir/MiniOzoneClusterImpl-fac5a39b-1f62-44b0-aedf-fae56ce7e72b/datanode-5/data/ratis/782d27bb-da30-4f64-b7e6-c24b2779050d for RaftStorage:Storage Directory /workdir/hadoop-ozone/integration-test/target/test-dir/MiniOzoneClusterImpl-fac5a39b-1f62-44b0-aedf-fae56ce7e72b/datanode-5/data/ratis/782d27bb-da30-4f64-b7e6-c24b2779050d
2019-09-12 10:32:34,931 [pool-463-thread-1] INFO  server.RaftServerConfigKeys (ConfUtils.java:logGet(43)) - raft.server.log.queue.byte-limit = 2147483647 (custom)
2019-09-12 10:32:34,931 [pool-463-thread-1] INFO  server.RaftServerConfigKeys (ConfUtils.java:logGet(43)) - raft.server.log.queue.element-limit = 1024 (custom)
2019-09-12 10:32:34,932 [pool-463-thread-1] INFO  server.RaftServerConfigKeys (ConfUtils.java:logGet(43)) - raft.server.log.segment.size.max = 1048576 (custom)
2019-09-12 10:32:34,932 [pool-463-thread-1] INFO  server.RaftServerConfigKeys (ConfUtils.java:logGet(43)) - raft.server.log.preallocated.size = 16384 (custom)
2019-09-12 10:32:34,932 [pool-463-thread-1] INFO  server.RaftServerConfigKeys (ConfUtils.java:logGet(43)) - raft.server.log.write.buffer.size = 33554432 (custom)
2019-09-12 10:32:34,932 [pool-463-thread-1] INFO  server.RaftServerConfigKeys (ConfUtils.java:logGet(43)) - raft.server.log.force.sync.num = 128 (default)
2019-09-12 10:32:34,932 [pool-463-thread-1] INFO  server.RaftServerConfigKeys (ConfUtils.java:logGet(43)) - raft.server.log.statemachine.data.sync = true (default)
2019-09-12 10:32:34,932 [pool-463-thread-1] INFO  server.RaftServerConfigKeys (ConfUtils.java:logGet(43)) - raft.server.log.statemachine.data.sync.timeout = 10s (default)
2019-09-12 10:32:34,932 [pool-463-thread-1] INFO  server.RaftServerConfigKeys (ConfUtils.java:logGet(43)) - raft.server.log.statemachine.data.sync.timeout.retry = -1 (default)
2019-09-12 10:32:34,932 [pool-463-thread-1] INFO  server.RaftServerConfigKeys (ConfUtils.java:logGet(43)) - raft.server.log.statemachine.data.caching.enabled = true (custom)
2019-09-12 10:32:34,933 [pool-463-thread-1] INFO  segmented.SegmentedRaftLogWorker (SegmentedRaftLogWorker.java:lambda$new$0(132)) - c5ecd3d3-686c-4d3d-96f2-c3659186f261-SegmentedRaftLogWorker:Storage Directory /workdir/hadoop-ozone/integration-test/target/test-dir/MiniOzoneClusterImpl-fac5a39b-1f62-44b0-aedf-fae56ce7e72b/datanode-5/data/ratis/782d27bb-da30-4f64-b7e6-c24b2779050d: flushIndex: setUnconditionally 0 -> -1
2019-09-12 10:32:34,933 [pool-463-thread-1] INFO  server.RaftServerConfigKeys (ConfUtils.java:logGet(43)) - raft.server.snapshot.auto.trigger.enabled = true (custom)
2019-09-12 10:32:34,933 [pool-463-thread-1] INFO  server.RaftServerConfigKeys (ConfUtils.java:logGet(43)) - raft.server.snapshot.auto.trigger.threshold = 10000 (custom)
2019-09-12 10:32:34,933 [pool-463-thread-1] INFO  server.RaftServerConfigKeys (ConfUtils.java:logGet(43)) - raft.server.retrycache.expirytime = 600000ms (custom)
2019-09-12 10:32:34,933 [pool-463-thread-1] INFO  impl.RaftServerImpl (RaftServerImpl.java:start(180)) - c5ecd3d3-686c-4d3d-96f2-c3659186f261: start group-C24B2779050D
2019-09-12 10:32:34,934 [pool-463-thread-1] INFO  impl.RaftServerImpl (RaftServerImpl.java:setRole(171)) - c5ecd3d3-686c-4d3d-96f2-c3659186f261:group-C24B2779050D changes role from null to FOLLOWER at term 0 for startAsFollower
2019-09-12 10:32:34,934 [pool-463-thread-1] INFO  impl.RoleInfo (RoleInfo.java:updateAndGet(143)) - c5ecd3d3-686c-4d3d-96f2-c3659186f261: start FollowerState
2019-09-12 10:32:34,934 [pool-463-thread-1] INFO  util.JmxRegister (JmxRegister.java:tryRegister(44)) - Successfully registered JMX Bean with object name Ratis:service=RaftServer,group=group-C24B2779050D,id=c5ecd3d3-686c-4d3d-96f2-c3659186f261
2019-09-12 10:32:34,936 [RatisPipelineUtilsThread] INFO  pipeline.PipelineStateManager (PipelineStateManager.java:addPipeline(56)) - Created pipeline Pipeline[ Id: 782d27bb-da30-4f64-b7e6-c24b2779050d, Nodes: c5ecd3d3-686c-4d3d-96f2-c3659186f261{ip: 192.168.36.114, host: pr-hdds-1569-58hkm-1881083799, networkLocation: /default-rack, certSerialId: null}, Type:RATIS, Factor:ONE, State:OPEN]
2019-09-12 10:32:34,937 [RatisPipelineUtilsThread] ERROR pipeline.PipelinePlacementPolicy (PipelinePlacementPolicy.java:meetCriteria(92)) - Pipeline Placement: Doesn't meet the criteria to be viable node. Heaviness: 6
2019-09-12 10:32:34,937 [RatisPipelineUtilsThread] ERROR pipeline.PipelinePlacementPolicy (PipelinePlacementPolicy.java:meetCriteria(92)) - Pipeline Placement: Doesn't meet the criteria to be viable node. Heaviness: 6
2019-09-12 10:32:34,937 [RatisPipelineUtilsThread] ERROR pipeline.PipelinePlacementPolicy (PipelinePlacementPolicy.java:meetCriteria(92)) - Pipeline Placement: Doesn't meet the criteria to be viable node. Heaviness: 6
2019-09-12 10:32:34,937 [RatisPipelineUtilsThread] ERROR pipeline.PipelinePlacementPolicy (PipelinePlacementPolicy.java:meetCriteria(92)) - Pipeline Placement: Doesn't meet the criteria to be viable node. Heaviness: 6
2019-09-12 10:32:34,937 [RatisPipelineUtilsThread] ERROR pipeline.PipelinePlacementPolicy (PipelinePlacementPolicy.java:meetCriteria(92)) - Pipeline Placement: Doesn't meet the criteria to be viable node. Heaviness: 6
2019-09-12 10:32:34,942 [grpc-default-executor-1] INFO  impl.RaftServerProxy (RaftServerProxy.java:addNew(89)) - c5ecd3d3-686c-4d3d-96f2-c3659186f261: addNew group-234F21A8069B:[c5ecd3d3-686c-4d3d-96f2-c3659186f261:192.168.36.114:35630] returns group-234F21A8069B:java.util.concurrent.CompletableFuture@1da5f6d1[Not completed]
2019-09-12 10:32:34,943 [pool-463-thread-1] INFO  impl.RaftServerImpl (RaftServerImpl.java:<init>(93)) - c5ecd3d3-686c-4d3d-96f2-c3659186f261: new RaftServerImpl for group-234F21A8069B:[c5ecd3d3-686c-4d3d-96f2-c3659186f261:192.168.36.114:35630] with ContainerStateMachine:uninitialized
2019-09-12 10:32:34,943 [pool-463-thread-1] INFO  server.RaftServerConfigKeys (ConfUtils.java:logGet(43)) - raft.server.rpc.timeout.min = 5s (custom)
2019-09-12 10:32:34,943 [pool-463-thread-1] INFO  server.RaftServerConfigKeys (ConfUtils.java:logGet(43)) - raft.server.rpc.timeout.max = 5200ms (custom)
2019-09-12 10:32:34,943 [pool-463-thread-1] INFO  server.RaftServerConfigKeys (ConfUtils.java:logGet(43)) - raft.server.rpcslowness.timeout = 120s (custom)
2019-09-12 10:32:34,943 [pool-463-thread-1] INFO  server.RaftServerConfigKeys (ConfUtils.java:logGet(43)) - raft.server.sleep.deviation.threshold = 300 (default)
2019-09-12 10:32:34,943 [pool-463-thread-1] INFO  server.RaftServerConfigKeys (ConfUtils.java:logGet(43)) - raft.server.log.appender.install.snapshot.enabled = false (custom)
2019-09-12 10:32:34,944 [pool-463-thread-1] INFO  impl.RaftServerImpl (ServerState.java:<init>(105)) - c5ecd3d3-686c-4d3d-96f2-c3659186f261:group-234F21A8069B ConfigurationManager, init=-1: [c5ecd3d3-686c-4d3d-96f2-c3659186f261:192.168.36.114:35630], old=null, confs=<EMPTY_MAP>
2019-09-12 10:32:34,944 [pool-463-thread-1] INFO  server.RaftServerConfigKeys (ConfUtils.java:logGet(43)) - raft.server.storage.dir = [/workdir/hadoop-ozone/integration-test/target/test-dir/MiniOzoneClusterImpl-fac5a39b-1f62-44b0-aedf-fae56ce7e72b/datanode-5/data/ratis] (custom)
2019-09-12 10:32:34,944 [pool-463-thread-1] INFO  storage.RaftStorageDirectory (RaftStorageDirectory.java:analyzeStorage(246)) - The storage directory /workdir/hadoop-ozone/integration-test/target/test-dir/MiniOzoneClusterImpl-fac5a39b-1f62-44b0-aedf-fae56ce7e72b/datanode-5/data/ratis/efa0bbf5-b685-49d0-a8b1-234f21a8069b does not exist. Creating ...
2019-09-12 10:32:34,956 [pool-463-thread-1] INFO  storage.RaftStorageDirectory (RaftStorageDirectory.java:tryLock(328)) - Lock on /workdir/hadoop-ozone/integration-test/target/test-dir/MiniOzoneClusterImpl-fac5a39b-1f62-44b0-aedf-fae56ce7e72b/datanode-5/data/ratis/efa0bbf5-b685-49d0-a8b1-234f21a8069b/in_use.lock acquired by nodename 1396@pr-hdds-1569-58hkm-1881083799
2019-09-12 10:32:34,969 | INFO  | SCMAudit | user=jenkins1000 | ip=192.168.36.114 | op=SEND_HEARTBEAT {datanodeUUID=0d9211b7-901b-48f4-a708-75be8e526772, command=[]} | ret=SUCCESS |  
2019-09-12 10:32:34,971 [pool-463-thread-1] INFO  storage.RaftStorage (RaftStorage.java:format(72)) - Storage directory /workdir/hadoop-ozone/integration-test/target/test-dir/MiniOzoneClusterImpl-fac5a39b-1f62-44b0-aedf-fae56ce7e72b/datanode-5/data/ratis/efa0bbf5-b685-49d0-a8b1-234f21a8069b has been successfully formatted.
2019-09-12 10:32:34,971 [pool-463-thread-1] INFO  ratis.ContainerStateMachine (ContainerStateMachine.java:loadSnapshot(226)) - group-234F21A8069B: The snapshot info is null. Setting the last applied indexto:(t:0, i:~)
2019-09-12 10:32:34,971 [pool-463-thread-1] INFO  server.RaftServerConfigKeys (ConfUtils.java:logGet(43)) - raft.server.leader.election.timeout = 120s (custom)
2019-09-12 10:32:34,971 [pool-463-thread-1] INFO  server.RaftServerConfigKeys (ConfUtils.java:logGet(43)) - raft.server.log.use.memory = false (default)
2019-09-12 10:32:34,972 [pool-463-thread-1] INFO  server.RaftServerConfigKeys (ConfUtils.java:logGet(43)) - raft.server.log.purge.gap = 1000000 (custom)
2019-09-12 10:32:34,972 [pool-463-thread-1] INFO  server.RaftServerConfigKeys (ConfUtils.java:logGet(43)) - raft.server.log.appender.buffer.byte-limit = 33554432 (custom)
2019-09-12 10:32:34,972 [pool-463-thread-1] INFO  server.RaftServerConfigKeys (ConfUtils.java:logGet(43)) - raft.server.log.segment.size.max = 1048576 (custom)
2019-09-12 10:32:34,972 [pool-463-thread-1] INFO  server.RaftServerConfigKeys (ConfUtils.java:logGet(43)) - raft.server.log.segment.cache.num.max = 2 (custom)
2019-09-12 10:32:34,972 [pool-463-thread-1] INFO  segmented.SegmentedRaftLogWorker (SegmentedRaftLogWorker.java:<init>(172)) - new c5ecd3d3-686c-4d3d-96f2-c3659186f261-SegmentedRaftLogWorker:Storage Directory /workdir/hadoop-ozone/integration-test/target/test-dir/MiniOzoneClusterImpl-fac5a39b-1f62-44b0-aedf-fae56ce7e72b/datanode-5/data/ratis/efa0bbf5-b685-49d0-a8b1-234f21a8069b for RaftStorage:Storage Directory /workdir/hadoop-ozone/integration-test/target/test-dir/MiniOzoneClusterImpl-fac5a39b-1f62-44b0-aedf-fae56ce7e72b/datanode-5/data/ratis/efa0bbf5-b685-49d0-a8b1-234f21a8069b
2019-09-12 10:32:34,972 [pool-463-thread-1] INFO  server.RaftServerConfigKeys (ConfUtils.java:logGet(43)) - raft.server.log.queue.byte-limit = 2147483647 (custom)
2019-09-12 10:32:34,972 [pool-463-thread-1] INFO  server.RaftServerConfigKeys (ConfUtils.java:logGet(43)) - raft.server.log.queue.element-limit = 1024 (custom)
2019-09-12 10:32:34,972 [pool-463-thread-1] INFO  server.RaftServerConfigKeys (ConfUtils.java:logGet(43)) - raft.server.log.segment.size.max = 1048576 (custom)
2019-09-12 10:32:34,973 [pool-463-thread-1] INFO  server.RaftServerConfigKeys (ConfUtils.java:logGet(43)) - raft.server.log.preallocated.size = 16384 (custom)
2019-09-12 10:32:34,973 [pool-463-thread-1] INFO  server.RaftServerConfigKeys (ConfUtils.java:logGet(43)) - raft.server.log.write.buffer.size = 33554432 (custom)
2019-09-12 10:32:34,973 [pool-463-thread-1] INFO  server.RaftServerConfigKeys (ConfUtils.java:logGet(43)) - raft.server.log.force.sync.num = 128 (default)
2019-09-12 10:32:34,973 [pool-463-thread-1] INFO  server.RaftServerConfigKeys (ConfUtils.java:logGet(43)) - raft.server.log.statemachine.data.sync = true (default)
2019-09-12 10:32:34,973 [pool-463-thread-1] INFO  server.RaftServerConfigKeys (ConfUtils.java:logGet(43)) - raft.server.log.statemachine.data.sync.timeout = 10s (default)
2019-09-12 10:32:34,973 [pool-463-thread-1] INFO  server.RaftServerConfigKeys (ConfUtils.java:logGet(43)) - raft.server.log.statemachine.data.sync.timeout.retry = -1 (default)
2019-09-12 10:32:34,973 [pool-463-thread-1] INFO  server.RaftServerConfigKeys (ConfUtils.java:logGet(43)) - raft.server.log.statemachine.data.caching.enabled = true (custom)
2019-09-12 10:32:34,974 [pool-463-thread-1] INFO  segmented.SegmentedRaftLogWorker (SegmentedRaftLogWorker.java:lambda$new$0(132)) - c5ecd3d3-686c-4d3d-96f2-c3659186f261-SegmentedRaftLogWorker:Storage Directory /workdir/hadoop-ozone/integration-test/target/test-dir/MiniOzoneClusterImpl-fac5a39b-1f62-44b0-aedf-fae56ce7e72b/datanode-5/data/ratis/efa0bbf5-b685-49d0-a8b1-234f21a8069b: flushIndex: setUnconditionally 0 -> -1
2019-09-12 10:32:34,974 [pool-463-thread-1] INFO  server.RaftServerConfigKeys (ConfUtils.java:logGet(43)) - raft.server.snapshot.auto.trigger.enabled = true (custom)
2019-09-12 10:32:34,974 [pool-463-thread-1] INFO  server.RaftServerConfigKeys (ConfUtils.java:logGet(43)) - raft.server.snapshot.auto.trigger.threshold = 10000 (custom)
2019-09-12 10:32:34,974 [pool-463-thread-1] INFO  server.RaftServerConfigKeys (ConfUtils.java:logGet(43)) - raft.server.retrycache.expirytime = 600000ms (custom)
2019-09-12 10:32:34,974 [pool-463-thread-1] INFO  impl.RaftServerImpl (RaftServerImpl.java:start(180)) - c5ecd3d3-686c-4d3d-96f2-c3659186f261: start group-234F21A8069B
2019-09-12 10:32:34,974 [pool-463-thread-1] INFO  impl.RaftServerImpl (RaftServerImpl.java:setRole(171)) - c5ecd3d3-686c-4d3d-96f2-c3659186f261:group-234F21A8069B changes role from null to FOLLOWER at term 0 for startAsFollower
2019-09-12 10:32:34,975 [pool-463-thread-1] INFO  impl.RoleInfo (RoleInfo.java:updateAndGet(143)) - c5ecd3d3-686c-4d3d-96f2-c3659186f261: start FollowerState
2019-09-12 10:32:34,975 [pool-463-thread-1] INFO  util.JmxRegister (JmxRegister.java:tryRegister(44)) - Successfully registered JMX Bean with object name Ratis:service=RaftServer,group=group-234F21A8069B,id=c5ecd3d3-686c-4d3d-96f2-c3659186f261
2019-09-12 10:32:34,977 [RatisPipelineUtilsThread] INFO  pipeline.PipelineStateManager (PipelineStateManager.java:addPipeline(56)) - Created pipeline Pipeline[ Id: efa0bbf5-b685-49d0-a8b1-234f21a8069b, Nodes: c5ecd3d3-686c-4d3d-96f2-c3659186f261{ip: 192.168.36.114, host: pr-hdds-1569-58hkm-1881083799, networkLocation: /default-rack, certSerialId: null}, Type:RATIS, Factor:ONE, State:OPEN]
2019-09-12 10:32:34,977 [RatisPipelineUtilsThread] ERROR pipeline.PipelinePlacementPolicy (PipelinePlacementPolicy.java:meetCriteria(92)) - Pipeline Placement: Doesn't meet the criteria to be viable node. Heaviness: 6
2019-09-12 10:32:34,977 [RatisPipelineUtilsThread] ERROR pipeline.PipelinePlacementPolicy (PipelinePlacementPolicy.java:meetCriteria(92)) - Pipeline Placement: Doesn't meet the criteria to be viable node. Heaviness: 6
2019-09-12 10:32:34,978 [RatisPipelineUtilsThread] ERROR pipeline.PipelinePlacementPolicy (PipelinePlacementPolicy.java:meetCriteria(92)) - Pipeline Placement: Doesn't meet the criteria to be viable node. Heaviness: 6
2019-09-12 10:32:34,978 [RatisPipelineUtilsThread] ERROR pipeline.PipelinePlacementPolicy (PipelinePlacementPolicy.java:meetCriteria(92)) - Pipeline Placement: Doesn't meet the criteria to be viable node. Heaviness: 6
2019-09-12 10:32:34,978 [RatisPipelineUtilsThread] ERROR pipeline.PipelinePlacementPolicy (PipelinePlacementPolicy.java:meetCriteria(92)) - Pipeline Placement: Doesn't meet the criteria to be viable node. Heaviness: 6
2019-09-12 10:32:34,982 [grpc-default-executor-1] INFO  impl.RaftServerProxy (RaftServerProxy.java:addNew(89)) - c5ecd3d3-686c-4d3d-96f2-c3659186f261: addNew group-167849ABBB84:[c5ecd3d3-686c-4d3d-96f2-c3659186f261:192.168.36.114:35630] returns group-167849ABBB84:java.util.concurrent.CompletableFuture@566b2ba6[Not completed]
2019-09-12 10:32:34,983 [pool-463-thread-1] INFO  impl.RaftServerImpl (RaftServerImpl.java:<init>(93)) - c5ecd3d3-686c-4d3d-96f2-c3659186f261: new RaftServerImpl for group-167849ABBB84:[c5ecd3d3-686c-4d3d-96f2-c3659186f261:192.168.36.114:35630] with ContainerStateMachine:uninitialized
2019-09-12 10:32:34,984 [pool-463-thread-1] INFO  server.RaftServerConfigKeys (ConfUtils.java:logGet(43)) - raft.server.rpc.timeout.min = 5s (custom)
2019-09-12 10:32:34,984 [pool-463-thread-1] INFO  server.RaftServerConfigKeys (ConfUtils.java:logGet(43)) - raft.server.rpc.timeout.max = 5200ms (custom)
2019-09-12 10:32:34,984 [pool-463-thread-1] INFO  server.RaftServerConfigKeys (ConfUtils.java:logGet(43)) - raft.server.rpcslowness.timeout = 120s (custom)
2019-09-12 10:32:34,984 [pool-463-thread-1] INFO  server.RaftServerConfigKeys (ConfUtils.java:logGet(43)) - raft.server.sleep.deviation.threshold = 300 (default)
2019-09-12 10:32:34,984 [pool-463-thread-1] INFO  server.RaftServerConfigKeys (ConfUtils.java:logGet(43)) - raft.server.log.appender.install.snapshot.enabled = false (custom)
2019-09-12 10:32:34,984 [pool-463-thread-1] INFO  impl.RaftServerImpl (ServerState.java:<init>(105)) - c5ecd3d3-686c-4d3d-96f2-c3659186f261:group-167849ABBB84 ConfigurationManager, init=-1: [c5ecd3d3-686c-4d3d-96f2-c3659186f261:192.168.36.114:35630], old=null, confs=<EMPTY_MAP>
2019-09-12 10:32:34,984 [pool-463-thread-1] INFO  server.RaftServerConfigKeys (ConfUtils.java:logGet(43)) - raft.server.storage.dir = [/workdir/hadoop-ozone/integration-test/target/test-dir/MiniOzoneClusterImpl-fac5a39b-1f62-44b0-aedf-fae56ce7e72b/datanode-5/data/ratis] (custom)
2019-09-12 10:32:34,984 [pool-463-thread-1] INFO  storage.RaftStorageDirectory (RaftStorageDirectory.java:analyzeStorage(246)) - The storage directory /workdir/hadoop-ozone/integration-test/target/test-dir/MiniOzoneClusterImpl-fac5a39b-1f62-44b0-aedf-fae56ce7e72b/datanode-5/data/ratis/4369542c-230b-41c5-835a-167849abbb84 does not exist. Creating ...
2019-09-12 10:32:34,996 [pool-463-thread-1] INFO  storage.RaftStorageDirectory (RaftStorageDirectory.java:tryLock(328)) - Lock on /workdir/hadoop-ozone/integration-test/target/test-dir/MiniOzoneClusterImpl-fac5a39b-1f62-44b0-aedf-fae56ce7e72b/datanode-5/data/ratis/4369542c-230b-41c5-835a-167849abbb84/in_use.lock acquired by nodename 1396@pr-hdds-1569-58hkm-1881083799
2019-09-12 10:32:35,009 [pool-463-thread-1] INFO  storage.RaftStorage (RaftStorage.java:format(72)) - Storage directory /workdir/hadoop-ozone/integration-test/target/test-dir/MiniOzoneClusterImpl-fac5a39b-1f62-44b0-aedf-fae56ce7e72b/datanode-5/data/ratis/4369542c-230b-41c5-835a-167849abbb84 has been successfully formatted.
2019-09-12 10:32:35,009 [pool-463-thread-1] INFO  ratis.ContainerStateMachine (ContainerStateMachine.java:loadSnapshot(226)) - group-167849ABBB84: The snapshot info is null. Setting the last applied indexto:(t:0, i:~)
2019-09-12 10:32:35,009 [pool-463-thread-1] INFO  server.RaftServerConfigKeys (ConfUtils.java:logGet(43)) - raft.server.leader.election.timeout = 120s (custom)
2019-09-12 10:32:35,009 [pool-463-thread-1] INFO  server.RaftServerConfigKeys (ConfUtils.java:logGet(43)) - raft.server.log.use.memory = false (default)
2019-09-12 10:32:35,009 [pool-463-thread-1] INFO  server.RaftServerConfigKeys (ConfUtils.java:logGet(43)) - raft.server.log.purge.gap = 1000000 (custom)
2019-09-12 10:32:35,010 [pool-463-thread-1] INFO  server.RaftServerConfigKeys (ConfUtils.java:logGet(43)) - raft.server.log.appender.buffer.byte-limit = 33554432 (custom)
2019-09-12 10:32:35,010 [pool-463-thread-1] INFO  server.RaftServerConfigKeys (ConfUtils.java:logGet(43)) - raft.server.log.segment.size.max = 1048576 (custom)
2019-09-12 10:32:35,010 [pool-463-thread-1] INFO  server.RaftServerConfigKeys (ConfUtils.java:logGet(43)) - raft.server.log.segment.cache.num.max = 2 (custom)
2019-09-12 10:32:35,010 [pool-463-thread-1] INFO  segmented.SegmentedRaftLogWorker (SegmentedRaftLogWorker.java:<init>(172)) - new c5ecd3d3-686c-4d3d-96f2-c3659186f261-SegmentedRaftLogWorker:Storage Directory /workdir/hadoop-ozone/integration-test/target/test-dir/MiniOzoneClusterImpl-fac5a39b-1f62-44b0-aedf-fae56ce7e72b/datanode-5/data/ratis/4369542c-230b-41c5-835a-167849abbb84 for RaftStorage:Storage Directory /workdir/hadoop-ozone/integration-test/target/test-dir/MiniOzoneClusterImpl-fac5a39b-1f62-44b0-aedf-fae56ce7e72b/datanode-5/data/ratis/4369542c-230b-41c5-835a-167849abbb84
2019-09-12 10:32:35,010 [pool-463-thread-1] INFO  server.RaftServerConfigKeys (ConfUtils.java:logGet(43)) - raft.server.log.queue.byte-limit = 2147483647 (custom)
2019-09-12 10:32:35,010 [pool-463-thread-1] INFO  server.RaftServerConfigKeys (ConfUtils.java:logGet(43)) - raft.server.log.queue.element-limit = 1024 (custom)
2019-09-12 10:32:35,010 [pool-463-thread-1] INFO  server.RaftServerConfigKeys (ConfUtils.java:logGet(43)) - raft.server.log.segment.size.max = 1048576 (custom)
2019-09-12 10:32:35,010 [pool-463-thread-1] INFO  server.RaftServerConfigKeys (ConfUtils.java:logGet(43)) - raft.server.log.preallocated.size = 16384 (custom)
2019-09-12 10:32:35,010 [pool-463-thread-1] INFO  server.RaftServerConfigKeys (ConfUtils.java:logGet(43)) - raft.server.log.write.buffer.size = 33554432 (custom)
2019-09-12 10:32:35,010 [pool-463-thread-1] INFO  server.RaftServerConfigKeys (ConfUtils.java:logGet(43)) - raft.server.log.force.sync.num = 128 (default)
2019-09-12 10:32:35,011 [pool-463-thread-1] INFO  server.RaftServerConfigKeys (ConfUtils.java:logGet(43)) - raft.server.log.statemachine.data.sync = true (default)
2019-09-12 10:32:35,011 [pool-463-thread-1] INFO  server.RaftServerConfigKeys (ConfUtils.java:logGet(43)) - raft.server.log.statemachine.data.sync.timeout = 10s (default)
2019-09-12 10:32:35,011 [pool-463-thread-1] INFO  server.RaftServerConfigKeys (ConfUtils.java:logGet(43)) - raft.server.log.statemachine.data.sync.timeout.retry = -1 (default)
2019-09-12 10:32:35,011 [pool-463-thread-1] INFO  server.RaftServerConfigKeys (ConfUtils.java:logGet(43)) - raft.server.log.statemachine.data.caching.enabled = true (custom)
2019-09-12 10:32:35,011 [pool-463-thread-1] INFO  segmented.SegmentedRaftLogWorker (SegmentedRaftLogWorker.java:lambda$new$0(132)) - c5ecd3d3-686c-4d3d-96f2-c3659186f261-SegmentedRaftLogWorker:Storage Directory /workdir/hadoop-ozone/integration-test/target/test-dir/MiniOzoneClusterImpl-fac5a39b-1f62-44b0-aedf-fae56ce7e72b/datanode-5/data/ratis/4369542c-230b-41c5-835a-167849abbb84: flushIndex: setUnconditionally 0 -> -1
2019-09-12 10:32:35,011 [pool-463-thread-1] INFO  server.RaftServerConfigKeys (ConfUtils.java:logGet(43)) - raft.server.snapshot.auto.trigger.enabled = true (custom)
2019-09-12 10:32:35,011 [pool-463-thread-1] INFO  server.RaftServerConfigKeys (ConfUtils.java:logGet(43)) - raft.server.snapshot.auto.trigger.threshold = 10000 (custom)
2019-09-12 10:32:35,012 [pool-463-thread-1] INFO  server.RaftServerConfigKeys (ConfUtils.java:logGet(43)) - raft.server.retrycache.expirytime = 600000ms (custom)
2019-09-12 10:32:35,012 [pool-463-thread-1] INFO  impl.RaftServerImpl (RaftServerImpl.java:start(180)) - c5ecd3d3-686c-4d3d-96f2-c3659186f261: start group-167849ABBB84
2019-09-12 10:32:35,012 [pool-463-thread-1] INFO  impl.RaftServerImpl (RaftServerImpl.java:setRole(171)) - c5ecd3d3-686c-4d3d-96f2-c3659186f261:group-167849ABBB84 changes role from null to FOLLOWER at term 0 for startAsFollower
2019-09-12 10:32:35,012 [pool-463-thread-1] INFO  impl.RoleInfo (RoleInfo.java:updateAndGet(143)) - c5ecd3d3-686c-4d3d-96f2-c3659186f261: start FollowerState
2019-09-12 10:32:35,012 [pool-463-thread-1] INFO  util.JmxRegister (JmxRegister.java:tryRegister(44)) - Successfully registered JMX Bean with object name Ratis:service=RaftServer,group=group-167849ABBB84,id=c5ecd3d3-686c-4d3d-96f2-c3659186f261
2019-09-12 10:32:35,014 [RatisPipelineUtilsThread] INFO  pipeline.PipelineStateManager (PipelineStateManager.java:addPipeline(56)) - Created pipeline Pipeline[ Id: 4369542c-230b-41c5-835a-167849abbb84, Nodes: c5ecd3d3-686c-4d3d-96f2-c3659186f261{ip: 192.168.36.114, host: pr-hdds-1569-58hkm-1881083799, networkLocation: /default-rack, certSerialId: null}, Type:RATIS, Factor:ONE, State:OPEN]
2019-09-12 10:32:35,015 [RatisPipelineUtilsThread] ERROR pipeline.PipelinePlacementPolicy (PipelinePlacementPolicy.java:meetCriteria(92)) - Pipeline Placement: Doesn't meet the criteria to be viable node. Heaviness: 6
2019-09-12 10:32:35,015 [RatisPipelineUtilsThread] ERROR pipeline.PipelinePlacementPolicy (PipelinePlacementPolicy.java:meetCriteria(92)) - Pipeline Placement: Doesn't meet the criteria to be viable node. Heaviness: 6
2019-09-12 10:32:35,015 [RatisPipelineUtilsThread] ERROR pipeline.PipelinePlacementPolicy (PipelinePlacementPolicy.java:meetCriteria(92)) - Pipeline Placement: Doesn't meet the criteria to be viable node. Heaviness: 6
2019-09-12 10:32:35,015 [RatisPipelineUtilsThread] ERROR pipeline.PipelinePlacementPolicy (PipelinePlacementPolicy.java:meetCriteria(92)) - Pipeline Placement: Doesn't meet the criteria to be viable node. Heaviness: 6
2019-09-12 10:32:35,015 [RatisPipelineUtilsThread] ERROR pipeline.PipelinePlacementPolicy (PipelinePlacementPolicy.java:meetCriteria(92)) - Pipeline Placement: Doesn't meet the criteria to be viable node. Heaviness: 6
2019-09-12 10:32:35,015 [RatisPipelineUtilsThread] ERROR pipeline.PipelinePlacementPolicy (PipelinePlacementPolicy.java:meetCriteria(92)) - Pipeline Placement: Doesn't meet the criteria to be viable node. Heaviness: 6
2019-09-12 10:32:35,016 [RatisPipelineUtilsThread] ERROR pipeline.PipelinePlacementPolicy (PipelinePlacementPolicy.java:filterViableNodes(147)) - Unable to find enough nodes that meet the criteria that cannot engage in more than 5 pipelines. Nodes required: 1 Found: 0, healthy nodes count inNodeManager: 6.
2019-09-12 10:32:35,016 [RatisPipelineUtilsThread] ERROR pipeline.SCMPipelineManager (SCMPipelineManager.java:createPipeline(161)) - Pipeline creation failed due to exception: Unable to find enough nodes that meet the criteria that cannot engage in more than 5 pipelines. Nodes required: 1 Found: 0, healthy nodes count inNodeManager: 6.
2019-09-12 10:32:35,016 [RatisPipelineUtilsThread] ERROR pipeline.PipelinePlacementPolicy (PipelinePlacementPolicy.java:meetCriteria(92)) - Pipeline Placement: Doesn't meet the criteria to be viable node. Heaviness: 6
2019-09-12 10:32:35,016 [RatisPipelineUtilsThread] ERROR pipeline.PipelinePlacementPolicy (PipelinePlacementPolicy.java:meetCriteria(92)) - Pipeline Placement: Doesn't meet the criteria to be viable node. Heaviness: 6
2019-09-12 10:32:35,016 [RatisPipelineUtilsThread] ERROR pipeline.PipelinePlacementPolicy (PipelinePlacementPolicy.java:meetCriteria(92)) - Pipeline Placement: Doesn't meet the criteria to be viable node. Heaviness: 6
2019-09-12 10:32:35,016 [RatisPipelineUtilsThread] ERROR pipeline.PipelinePlacementPolicy (PipelinePlacementPolicy.java:meetCriteria(92)) - Pipeline Placement: Doesn't meet the criteria to be viable node. Heaviness: 6
2019-09-12 10:32:35,017 [RatisPipelineUtilsThread] ERROR pipeline.PipelinePlacementPolicy (PipelinePlacementPolicy.java:meetCriteria(92)) - Pipeline Placement: Doesn't meet the criteria to be viable node. Heaviness: 6
2019-09-12 10:32:35,017 [RatisPipelineUtilsThread] ERROR pipeline.PipelinePlacementPolicy (PipelinePlacementPolicy.java:meetCriteria(92)) - Pipeline Placement: Doesn't meet the criteria to be viable node. Heaviness: 6
2019-09-12 10:32:35,017 [RatisPipelineUtilsThread] ERROR pipeline.PipelinePlacementPolicy (PipelinePlacementPolicy.java:filterViableNodes(147)) - Unable to find enough nodes that meet the criteria that cannot engage in more than 5 pipelines. Nodes required: 3 Found: 0, healthy nodes count inNodeManager: 6.
2019-09-12 10:32:35,017 [RatisPipelineUtilsThread] ERROR pipeline.SCMPipelineManager (SCMPipelineManager.java:createPipeline(161)) - Pipeline creation failed due to exception: Unable to find enough nodes that meet the criteria that cannot engage in more than 5 pipelines. Nodes required: 3 Found: 0, healthy nodes count inNodeManager: 6.
2019-09-12 10:32:35,513 | INFO  | SCMAudit | user=jenkins1000 | ip=192.168.36.114 | op=SEND_HEARTBEAT {datanodeUUID=4e126646-8edc-47cd-9403-c39493e18b45, command=[]} | ret=SUCCESS |  
2019-09-12 10:32:35,522 | INFO  | SCMAudit | user=jenkins1000 | ip=192.168.36.114 | op=SEND_HEARTBEAT {datanodeUUID=9bf0d246-3308-4376-bff1-b5ae143bf3ac, command=[]} | ret=SUCCESS |  
2019-09-12 10:32:35,523 | INFO  | SCMAudit | user=jenkins1000 | ip=192.168.36.114 | op=SEND_HEARTBEAT {datanodeUUID=eaeff1e2-de9c-4510-872d-283eb6c3c330, command=[]} | ret=SUCCESS |  
2019-09-12 10:32:35,524 | INFO  | SCMAudit | user=jenkins1000 | ip=192.168.36.114 | op=SEND_HEARTBEAT {datanodeUUID=9616c881-dbb1-48da-90dd-a872ed779a2e, command=[]} | ret=SUCCESS |  
2019-09-12 10:32:35,524 | INFO  | SCMAudit | user=jenkins1000 | ip=192.168.36.114 | op=SEND_HEARTBEAT {datanodeUUID=22ce2f4b-d517-44cf-8041-712d813e08f3, command=[]} | ret=SUCCESS |  
2019-09-12 10:32:35,525 | INFO  | SCMAudit | user=jenkins1000 | ip=192.168.36.114 | op=SEND_HEARTBEAT {datanodeUUID=caccd92c-2544-4e02-86cf-95849f240c1b, command=[]} | ret=SUCCESS |  
2019-09-12 10:32:35,527 | INFO  | SCMAudit | user=jenkins1000 | ip=192.168.36.114 | op=SEND_HEARTBEAT {datanodeUUID=ff438662-24cf-49bb-bfc5-3308ec6d286b, command=[]} | ret=SUCCESS |  
2019-09-12 10:32:35,533 | INFO  | SCMAudit | user=jenkins1000 | ip=192.168.36.114 | op=SEND_HEARTBEAT {datanodeUUID=accf000b-d7b7-4fa5-9682-da82c4451e10, command=[]} | ret=SUCCESS |  
2019-09-12 10:32:35,541 | INFO  | SCMAudit | user=jenkins1000 | ip=192.168.36.114 | op=SEND_HEARTBEAT {datanodeUUID=d9d65fd8-d100-497d-8460-9a4cf62b4ad5, command=[]} | ret=SUCCESS |  
2019-09-12 10:32:35,555 | INFO  | SCMAudit | user=jenkins1000 | ip=192.168.36.114 | op=SEND_HEARTBEAT {datanodeUUID=b6dd7c38-f675-445e-811b-15cf17d56c0a, command=[]} | ret=SUCCESS |  
2019-09-12 10:32:35,557 | INFO  | SCMAudit | user=jenkins1000 | ip=192.168.36.114 | op=SEND_HEARTBEAT {datanodeUUID=5dd0cd62-5770-41dd-9e5a-f3f3eedc40c1, command=[]} | ret=SUCCESS |  
2019-09-12 10:32:35,557 | INFO  | SCMAudit | user=jenkins1000 | ip=192.168.36.114 | op=SEND_HEARTBEAT {datanodeUUID=2cb9d557-cb56-4745-8686-5e72b62e748a, command=[]} | ret=SUCCESS |  
2019-09-12 10:32:35,557 | INFO  | SCMAudit | user=jenkins1000 | ip=192.168.36.114 | op=SEND_HEARTBEAT {datanodeUUID=2d50b591-d6e4-490f-9fa0-973ad5423bd7, command=[]} | ret=SUCCESS |  
2019-09-12 10:32:35,557 | INFO  | SCMAudit | user=jenkins1000 | ip=192.168.36.114 | op=SEND_HEARTBEAT {datanodeUUID=bcda0514-d42e-47ca-96fd-c0a633e872a8, command=[]} | ret=SUCCESS |  
2019-09-12 10:32:35,558 | INFO  | SCMAudit | user=jenkins1000 | ip=192.168.36.114 | op=SEND_HEARTBEAT {datanodeUUID=a95fd1d5-e9a9-4526-b4c7-6aa1a85e40e9, command=[]} | ret=SUCCESS |  
2019-09-12 10:32:35,558 | INFO  | SCMAudit | user=jenkins1000 | ip=192.168.36.114 | op=SEND_HEARTBEAT {datanodeUUID=39df7a3f-9691-48d4-a2b1-6888489a5f8a, command=[]} | ret=SUCCESS |  
2019-09-12 10:32:35,558 | INFO  | SCMAudit | user=jenkins1000 | ip=192.168.36.114 | op=SEND_HEARTBEAT {datanodeUUID=334c5273-7871-4d53-8b37-de05e5a3be10, command=[]} | ret=SUCCESS |  
2019-09-12 10:32:35,559 | INFO  | SCMAudit | user=jenkins1000 | ip=192.168.36.114 | op=SEND_HEARTBEAT {datanodeUUID=1349d5ba-07d4-450a-9218-4f0361201438, command=[]} | ret=SUCCESS |  
2019-09-12 10:32:35,559 | INFO  | SCMAudit | user=jenkins1000 | ip=192.168.36.114 | op=SEND_HEARTBEAT {datanodeUUID=c9031a36-5f7c-4098-8bea-8a46141708a6, command=[]} | ret=SUCCESS |  
2019-09-12 10:32:35,560 | INFO  | SCMAudit | user=jenkins1000 | ip=192.168.36.114 | op=SEND_HEARTBEAT {datanodeUUID=873ff125-9641-4674-9775-ec96c107c12e, command=[]} | ret=SUCCESS |  
2019-09-12 10:32:35,561 | INFO  | SCMAudit | user=jenkins1000 | ip=192.168.36.114 | op=SEND_HEARTBEAT {datanodeUUID=f85b420b-0060-4bb9-9f68-598eed9b442f, command=[]} | ret=SUCCESS |  
2019-09-12 10:32:35,561 | INFO  | SCMAudit | user=jenkins1000 | ip=192.168.36.114 | op=SEND_HEARTBEAT {datanodeUUID=f8fc8350-8b83-4a15-89e6-430db21616f7, command=[]} | ret=SUCCESS |  
2019-09-12 10:32:35,562 | INFO  | SCMAudit | user=jenkins1000 | ip=192.168.36.114 | op=SEND_HEARTBEAT {datanodeUUID=57729e88-c64a-441d-a40e-ceaddf64552e, command=[]} | ret=SUCCESS |  
2019-09-12 10:32:35,562 | INFO  | SCMAudit | user=jenkins1000 | ip=192.168.36.114 | op=SEND_HEARTBEAT {datanodeUUID=f17b4253-95a0-4ee6-8ded-88f070f15b33, command=[]} | ret=SUCCESS |  
2019-09-12 10:32:35,562 | INFO  | SCMAudit | user=jenkins1000 | ip=192.168.36.114 | op=SEND_HEARTBEAT {datanodeUUID=d40ec8ee-ac9e-41d6-86bd-e74a05605b85, command=[]} | ret=SUCCESS |  
2019-09-12 10:32:35,562 | INFO  | SCMAudit | user=jenkins1000 | ip=192.168.36.114 | op=SEND_HEARTBEAT {datanodeUUID=ad8ae342-df06-4311-9d84-524877c98111, command=[]} | ret=SUCCESS |  
2019-09-12 10:32:35,565 | INFO  | SCMAudit | user=jenkins1000 | ip=192.168.36.114 | op=SEND_HEARTBEAT {datanodeUUID=edb6c4a3-9bf1-4f2e-8ef0-c37d9a0378de, command=[]} | ret=SUCCESS |  
2019-09-12 10:32:35,568 | INFO  | SCMAudit | user=jenkins1000 | ip=192.168.36.114 | op=SEND_HEARTBEAT {datanodeUUID=c1e71898-521f-4627-a3f1-9884c4b96ced, command=[]} | ret=SUCCESS |  
2019-09-12 10:32:35,568 | INFO  | SCMAudit | user=jenkins1000 | ip=192.168.36.114 | op=SEND_HEARTBEAT {datanodeUUID=c54af6f8-a22e-478f-90e1-029d14059a99, command=[]} | ret=SUCCESS |  
2019-09-12 10:32:35,568 | INFO  | SCMAudit | user=jenkins1000 | ip=192.168.36.114 | op=SEND_HEARTBEAT {datanodeUUID=2df0b56f-bcaf-45a1-b35e-f30a30c5f26c, command=[]} | ret=SUCCESS |  
2019-09-12 10:32:35,569 | INFO  | SCMAudit | user=jenkins1000 | ip=192.168.36.114 | op=SEND_HEARTBEAT {datanodeUUID=af27d03c-0a72-43b4-9e80-d162a1883bf6, command=[]} | ret=SUCCESS |  
2019-09-12 10:32:35,569 [IPC Server handler 13 on 42933] INFO  net.NetworkTopology (NetworkTopologyImpl.java:add(110)) - Added a new node: /default-rack/f8eac030-7323-4fb2-b4ff-d6cb9d0d6881
2019-09-12 10:32:35,569 [RatisPipelineUtilsThread] ERROR pipeline.PipelinePlacementPolicy (PipelinePlacementPolicy.java:meetCriteria(92)) - Pipeline Placement: Doesn't meet the criteria to be viable node. Heaviness: 6
2019-09-12 10:32:35,569 [RatisPipelineUtilsThread] ERROR pipeline.PipelinePlacementPolicy (PipelinePlacementPolicy.java:meetCriteria(92)) - Pipeline Placement: Doesn't meet the criteria to be viable node. Heaviness: 6
2019-09-12 10:32:35,569 [RatisPipelineUtilsThread] ERROR pipeline.PipelinePlacementPolicy (PipelinePlacementPolicy.java:meetCriteria(92)) - Pipeline Placement: Doesn't meet the criteria to be viable node. Heaviness: 6
2019-09-12 10:32:35,569 [RatisPipelineUtilsThread] ERROR pipeline.PipelinePlacementPolicy (PipelinePlacementPolicy.java:meetCriteria(92)) - Pipeline Placement: Doesn't meet the criteria to be viable node. Heaviness: 6
2019-09-12 10:32:35,569 [RatisPipelineUtilsThread] ERROR pipeline.PipelinePlacementPolicy (PipelinePlacementPolicy.java:meetCriteria(92)) - Pipeline Placement: Doesn't meet the criteria to be viable node. Heaviness: 6
2019-09-12 10:32:35,569 [RatisPipelineUtilsThread] ERROR pipeline.PipelinePlacementPolicy (PipelinePlacementPolicy.java:meetCriteria(92)) - Pipeline Placement: Doesn't meet the criteria to be viable node. Heaviness: 6
2019-09-12 10:32:35,569 [IPC Server handler 13 on 42933] INFO  node.SCMNodeManager (SCMNodeManager.java:register(273)) - Registered Data node : f8eac030-7323-4fb2-b4ff-d6cb9d0d6881{ip: 192.168.36.114, host: pr-hdds-1569-58hkm-1881083799, networkLocation: /default-rack, certSerialId: null}
2019-09-12 10:32:35,570 | INFO  | SCMAudit | user=jenkins1000 | ip=192.168.36.114 | op=REGISTER {datanodeDetails=f8eac030-7323-4fb2-b4ff-d6cb9d0d6881{ip: 192.168.36.114, host: pr-hdds-1569-58hkm-1881083799, networkLocation: /default-rack, certSerialId: null}} | ret=SUCCESS |  
2019-09-12 10:32:35,589 [grpc-default-executor-1] INFO  impl.RaftServerProxy (RaftServerProxy.java:addNew(89)) - f8eac030-7323-4fb2-b4ff-d6cb9d0d6881: addNew group-A7A1B60AF8BE:[f8eac030-7323-4fb2-b4ff-d6cb9d0d6881:192.168.36.114:40366] returns group-A7A1B60AF8BE:java.util.concurrent.CompletableFuture@281eda5[Not completed]
2019-09-12 10:32:35,590 [pool-474-thread-1] INFO  impl.RaftServerImpl (RaftServerImpl.java:<init>(93)) - f8eac030-7323-4fb2-b4ff-d6cb9d0d6881: new RaftServerImpl for group-A7A1B60AF8BE:[f8eac030-7323-4fb2-b4ff-d6cb9d0d6881:192.168.36.114:40366] with ContainerStateMachine:uninitialized
2019-09-12 10:32:35,590 [pool-474-thread-1] INFO  server.RaftServerConfigKeys (ConfUtils.java:logGet(43)) - raft.server.rpc.timeout.min = 5s (custom)
2019-09-12 10:32:35,590 [pool-474-thread-1] INFO  server.RaftServerConfigKeys (ConfUtils.java:logGet(43)) - raft.server.rpc.timeout.max = 5200ms (custom)
2019-09-12 10:32:35,590 [pool-474-thread-1] INFO  server.RaftServerConfigKeys (ConfUtils.java:logGet(43)) - raft.server.rpcslowness.timeout = 120s (custom)
2019-09-12 10:32:35,590 [pool-474-thread-1] INFO  server.RaftServerConfigKeys (ConfUtils.java:logGet(43)) - raft.server.sleep.deviation.threshold = 300 (default)
2019-09-12 10:32:35,590 [pool-474-thread-1] INFO  server.RaftServerConfigKeys (ConfUtils.java:logGet(43)) - raft.server.log.appender.install.snapshot.enabled = false (custom)
2019-09-12 10:32:35,590 [pool-474-thread-1] INFO  impl.RaftServerImpl (ServerState.java:<init>(105)) - f8eac030-7323-4fb2-b4ff-d6cb9d0d6881:group-A7A1B60AF8BE ConfigurationManager, init=-1: [f8eac030-7323-4fb2-b4ff-d6cb9d0d6881:192.168.36.114:40366], old=null, confs=<EMPTY_MAP>
2019-09-12 10:32:35,590 [pool-474-thread-1] INFO  server.RaftServerConfigKeys (ConfUtils.java:logGet(43)) - raft.server.storage.dir = [/workdir/hadoop-ozone/integration-test/target/test-dir/MiniOzoneClusterImpl-fac5a39b-1f62-44b0-aedf-fae56ce7e72b/datanode-6/data/ratis] (custom)
2019-09-12 10:32:35,591 [pool-474-thread-1] INFO  storage.RaftStorageDirectory (RaftStorageDirectory.java:analyzeStorage(246)) - The storage directory /workdir/hadoop-ozone/integration-test/target/test-dir/MiniOzoneClusterImpl-fac5a39b-1f62-44b0-aedf-fae56ce7e72b/datanode-6/data/ratis/5f5d37b4-f2c1-45bd-8a75-a7a1b60af8be does not exist. Creating ...
2019-09-12 10:32:35,601 [main] INFO  ozone.MiniOzoneClusterImpl (MiniOzoneClusterImpl.java:lambda$waitForClusterToBeReady$0(142)) - Cluster is ready. Got 7 of 7 DN Heartbeats.
2019-09-12 10:32:35,603 [pool-474-thread-1] INFO  storage.RaftStorageDirectory (RaftStorageDirectory.java:tryLock(328)) - Lock on /workdir/hadoop-ozone/integration-test/target/test-dir/MiniOzoneClusterImpl-fac5a39b-1f62-44b0-aedf-fae56ce7e72b/datanode-6/data/ratis/5f5d37b4-f2c1-45bd-8a75-a7a1b60af8be/in_use.lock acquired by nodename 1396@pr-hdds-1569-58hkm-1881083799
2019-09-12 10:32:35,640 [pool-474-thread-1] INFO  storage.RaftStorage (RaftStorage.java:format(72)) - Storage directory /workdir/hadoop-ozone/integration-test/target/test-dir/MiniOzoneClusterImpl-fac5a39b-1f62-44b0-aedf-fae56ce7e72b/datanode-6/data/ratis/5f5d37b4-f2c1-45bd-8a75-a7a1b60af8be has been successfully formatted.
2019-09-12 10:32:35,708 [pool-474-thread-1] INFO  ratis.ContainerStateMachine (ContainerStateMachine.java:loadSnapshot(226)) - group-A7A1B60AF8BE: The snapshot info is null. Setting the last applied indexto:(t:0, i:~)
2019-09-12 10:32:35,803 [pool-474-thread-1] INFO  server.RaftServerConfigKeys (ConfUtils.java:logGet(43)) - raft.server.leader.election.timeout = 120s (custom)
2019-09-12 10:32:35,803 [pool-474-thread-1] INFO  server.RaftServerConfigKeys (ConfUtils.java:logGet(43)) - raft.server.log.use.memory = false (default)
2019-09-12 10:32:35,813 [pool-474-thread-1] INFO  server.RaftServerConfigKeys (ConfUtils.java:logGet(43)) - raft.server.log.purge.gap = 1000000 (custom)
2019-09-12 10:32:35,813 [pool-474-thread-1] INFO  server.RaftServerConfigKeys (ConfUtils.java:logGet(43)) - raft.server.log.appender.buffer.byte-limit = 33554432 (custom)
2019-09-12 10:32:35,813 [pool-474-thread-1] INFO  server.RaftServerConfigKeys (ConfUtils.java:logGet(43)) - raft.server.log.segment.size.max = 1048576 (custom)
2019-09-12 10:32:35,813 [pool-474-thread-1] INFO  server.RaftServerConfigKeys (ConfUtils.java:logGet(43)) - raft.server.log.segment.cache.num.max = 2 (custom)
2019-09-12 10:32:35,814 [pool-474-thread-1] INFO  segmented.SegmentedRaftLogWorker (SegmentedRaftLogWorker.java:<init>(172)) - new f8eac030-7323-4fb2-b4ff-d6cb9d0d6881-SegmentedRaftLogWorker:Storage Directory /workdir/hadoop-ozone/integration-test/target/test-dir/MiniOzoneClusterImpl-fac5a39b-1f62-44b0-aedf-fae56ce7e72b/datanode-6/data/ratis/5f5d37b4-f2c1-45bd-8a75-a7a1b60af8be for RaftStorage:Storage Directory /workdir/hadoop-ozone/integration-test/target/test-dir/MiniOzoneClusterImpl-fac5a39b-1f62-44b0-aedf-fae56ce7e72b/datanode-6/data/ratis/5f5d37b4-f2c1-45bd-8a75-a7a1b60af8be
2019-09-12 10:32:35,820 [pool-474-thread-1] INFO  server.RaftServerConfigKeys (ConfUtils.java:logGet(43)) - raft.server.log.queue.byte-limit = 2147483647 (custom)
2019-09-12 10:32:35,828 [pool-474-thread-1] INFO  server.RaftServerConfigKeys (ConfUtils.java:logGet(43)) - raft.server.log.queue.element-limit = 1024 (custom)
2019-09-12 10:32:35,828 [pool-474-thread-1] INFO  server.RaftServerConfigKeys (ConfUtils.java:logGet(43)) - raft.server.log.segment.size.max = 1048576 (custom)
2019-09-12 10:32:35,828 [pool-474-thread-1] INFO  server.RaftServerConfigKeys (ConfUtils.java:logGet(43)) - raft.server.log.preallocated.size = 16384 (custom)
2019-09-12 10:32:35,828 [pool-474-thread-1] INFO  server.RaftServerConfigKeys (ConfUtils.java:logGet(43)) - raft.server.log.write.buffer.size = 33554432 (custom)
2019-09-12 10:32:35,828 [pool-474-thread-1] INFO  server.RaftServerConfigKeys (ConfUtils.java:logGet(43)) - raft.server.log.force.sync.num = 128 (default)
2019-09-12 10:32:35,829 [pool-474-thread-1] INFO  server.RaftServerConfigKeys (ConfUtils.java:logGet(43)) - raft.server.log.statemachine.data.sync = true (default)
2019-09-12 10:32:35,829 [pool-474-thread-1] INFO  server.RaftServerConfigKeys (ConfUtils.java:logGet(43)) - raft.server.log.statemachine.data.sync.timeout = 10s (default)
2019-09-12 10:32:35,829 [pool-474-thread-1] INFO  server.RaftServerConfigKeys (ConfUtils.java:logGet(43)) - raft.server.log.statemachine.data.sync.timeout.retry = -1 (default)
2019-09-12 10:32:35,843 [pool-474-thread-1] INFO  server.RaftServerConfigKeys (ConfUtils.java:logGet(43)) - raft.server.log.statemachine.data.caching.enabled = true (custom)
2019-09-12 10:32:35,844 [pool-474-thread-1] INFO  segmented.SegmentedRaftLogWorker (SegmentedRaftLogWorker.java:lambda$new$0(132)) - f8eac030-7323-4fb2-b4ff-d6cb9d0d6881-SegmentedRaftLogWorker:Storage Directory /workdir/hadoop-ozone/integration-test/target/test-dir/MiniOzoneClusterImpl-fac5a39b-1f62-44b0-aedf-fae56ce7e72b/datanode-6/data/ratis/5f5d37b4-f2c1-45bd-8a75-a7a1b60af8be: flushIndex: setUnconditionally 0 -> -1
2019-09-12 10:32:35,844 [pool-474-thread-1] INFO  server.RaftServerConfigKeys (ConfUtils.java:logGet(43)) - raft.server.snapshot.auto.trigger.enabled = true (custom)
2019-09-12 10:32:35,844 [pool-474-thread-1] INFO  server.RaftServerConfigKeys (ConfUtils.java:logGet(43)) - raft.server.snapshot.auto.trigger.threshold = 10000 (custom)
2019-09-12 10:32:35,844 [pool-474-thread-1] INFO  server.RaftServerConfigKeys (ConfUtils.java:logGet(43)) - raft.server.retrycache.expirytime = 600000ms (custom)
2019-09-12 10:32:35,844 [pool-474-thread-1] INFO  impl.RaftServerImpl (RaftServerImpl.java:start(180)) - f8eac030-7323-4fb2-b4ff-d6cb9d0d6881: start group-A7A1B60AF8BE
2019-09-12 10:32:35,844 [pool-474-thread-1] INFO  impl.RaftServerImpl (RaftServerImpl.java:setRole(171)) - f8eac030-7323-4fb2-b4ff-d6cb9d0d6881:group-A7A1B60AF8BE changes role from null to FOLLOWER at term 0 for startAsFollower
2019-09-12 10:32:35,844 [pool-474-thread-1] INFO  impl.RoleInfo (RoleInfo.java:updateAndGet(143)) - f8eac030-7323-4fb2-b4ff-d6cb9d0d6881: start FollowerState
2019-09-12 10:32:35,845 [main] INFO  rpc.RpcClient (RpcClient.java:createVolume(293)) - Creating Volume: watchforcommithandlingtest, with jenkins1000 as owner.
2019-09-12 10:32:35,845 [pool-474-thread-1] INFO  util.JmxRegister (JmxRegister.java:tryRegister(44)) - Successfully registered JMX Bean with object name Ratis:service=RaftServer,group=group-A7A1B60AF8BE,id=f8eac030-7323-4fb2-b4ff-d6cb9d0d6881
2019-09-12 10:32:35,847 | INFO  | OMAudit | user=jenkins1000 | ip=127.0.0.1 | op=CREATE_VOLUME {admin=jenkins1000, owner=jenkins1000, volume=watchforcommithandlingtest, creationTime=1568284355846, quotaInBytes=1152921504606846976} | ret=SUCCESS |  
2019-09-12 10:32:35,857 [RatisPipelineUtilsThread] INFO  pipeline.PipelineStateManager (PipelineStateManager.java:addPipeline(56)) - Created pipeline Pipeline[ Id: 5f5d37b4-f2c1-45bd-8a75-a7a1b60af8be, Nodes: f8eac030-7323-4fb2-b4ff-d6cb9d0d6881{ip: 192.168.36.114, host: pr-hdds-1569-58hkm-1881083799, networkLocation: /default-rack, certSerialId: null}, Type:RATIS, Factor:ONE, State:OPEN]
2019-09-12 10:32:35,857 [RatisPipelineUtilsThread] ERROR pipeline.PipelinePlacementPolicy (PipelinePlacementPolicy.java:meetCriteria(92)) - Pipeline Placement: Doesn't meet the criteria to be viable node. Heaviness: 6
2019-09-12 10:32:35,857 [RatisPipelineUtilsThread] ERROR pipeline.PipelinePlacementPolicy (PipelinePlacementPolicy.java:meetCriteria(92)) - Pipeline Placement: Doesn't meet the criteria to be viable node. Heaviness: 6
2019-09-12 10:32:35,857 [RatisPipelineUtilsThread] ERROR pipeline.PipelinePlacementPolicy (PipelinePlacementPolicy.java:meetCriteria(92)) - Pipeline Placement: Doesn't meet the criteria to be viable node. Heaviness: 6
2019-09-12 10:32:35,880 [RatisPipelineUtilsThread] ERROR pipeline.PipelinePlacementPolicy (PipelinePlacementPolicy.java:meetCriteria(92)) - Pipeline Placement: Doesn't meet the criteria to be viable node. Heaviness: 6
2019-09-12 10:32:35,888 | INFO  | OMAudit | user=jenkins1000 | ip=127.0.0.1 | op=READ_VOLUME {volume=watchforcommithandlingtest} | ret=SUCCESS |  
2019-09-12 10:32:35,888 [RatisPipelineUtilsThread] ERROR pipeline.PipelinePlacementPolicy (PipelinePlacementPolicy.java:meetCriteria(92)) - Pipeline Placement: Doesn't meet the criteria to be viable node. Heaviness: 6
2019-09-12 10:32:35,888 [RatisPipelineUtilsThread] ERROR pipeline.PipelinePlacementPolicy (PipelinePlacementPolicy.java:meetCriteria(92)) - Pipeline Placement: Doesn't meet the criteria to be viable node. Heaviness: 6
2019-09-12 10:32:35,889 [main] INFO  rpc.RpcClient (RpcClient.java:createBucket(432)) - Creating Bucket: watchforcommithandlingtest/watchforcommithandlingtest, with Versioning false and Storage Type set to DISK and Encryption set to false 
2019-09-12 10:32:35,900 | INFO  | OMAudit | user=jenkins1000 | ip=127.0.0.1 | op=CREATE_BUCKET {volume=watchforcommithandlingtest, bucket=watchforcommithandlingtest, acls=[user:jenkins1000:a[ACCESS], group:default:a[ACCESS]], isVersionEnabled=false, storageType=DISK, creationTime=0} | ret=SUCCESS |  
2019-09-12 10:32:35,901 [main] INFO  ozone.MiniOzoneClusterImpl (MiniOzoneClusterImpl.java:getStorageContainerLocationClient(241)) - Creating StorageContainerLocationProtocol RPC client with address /0.0.0.0:41601
2019-09-12 10:32:35,912 [grpc-default-executor-1] INFO  impl.RaftServerProxy (RaftServerProxy.java:addNew(89)) - f8eac030-7323-4fb2-b4ff-d6cb9d0d6881: addNew group-BA370BA8DC8D:[f8eac030-7323-4fb2-b4ff-d6cb9d0d6881:192.168.36.114:40366] returns group-BA370BA8DC8D:java.util.concurrent.CompletableFuture@67813f8e[Not completed]
2019-09-12 10:32:35,913 [pool-474-thread-1] INFO  impl.RaftServerImpl (RaftServerImpl.java:<init>(93)) - f8eac030-7323-4fb2-b4ff-d6cb9d0d6881: new RaftServerImpl for group-BA370BA8DC8D:[f8eac030-7323-4fb2-b4ff-d6cb9d0d6881:192.168.36.114:40366] with ContainerStateMachine:uninitialized
2019-09-12 10:32:35,913 [pool-474-thread-1] INFO  server.RaftServerConfigKeys (ConfUtils.java:logGet(43)) - raft.server.rpc.timeout.min = 5s (custom)
2019-09-12 10:32:35,913 [pool-474-thread-1] INFO  server.RaftServerConfigKeys (ConfUtils.java:logGet(43)) - raft.server.rpc.timeout.max = 5200ms (custom)
2019-09-12 10:32:35,913 [pool-474-thread-1] INFO  server.RaftServerConfigKeys (ConfUtils.java:logGet(43)) - raft.server.rpcslowness.timeout = 120s (custom)
2019-09-12 10:32:35,913 [pool-474-thread-1] INFO  server.RaftServerConfigKeys (ConfUtils.java:logGet(43)) - raft.server.sleep.deviation.threshold = 300 (default)
2019-09-12 10:32:35,913 [pool-474-thread-1] INFO  server.RaftServerConfigKeys (ConfUtils.java:logGet(43)) - raft.server.log.appender.install.snapshot.enabled = false (custom)
2019-09-12 10:32:35,913 [pool-474-thread-1] INFO  impl.RaftServerImpl (ServerState.java:<init>(105)) - f8eac030-7323-4fb2-b4ff-d6cb9d0d6881:group-BA370BA8DC8D ConfigurationManager, init=-1: [f8eac030-7323-4fb2-b4ff-d6cb9d0d6881:192.168.36.114:40366], old=null, confs=<EMPTY_MAP>
2019-09-12 10:32:35,913 [pool-474-thread-1] INFO  server.RaftServerConfigKeys (ConfUtils.java:logGet(43)) - raft.server.storage.dir = [/workdir/hadoop-ozone/integration-test/target/test-dir/MiniOzoneClusterImpl-fac5a39b-1f62-44b0-aedf-fae56ce7e72b/datanode-6/data/ratis] (custom)
2019-09-12 10:32:35,914 [pool-474-thread-1] INFO  storage.RaftStorageDirectory (RaftStorageDirectory.java:analyzeStorage(246)) - The storage directory /workdir/hadoop-ozone/integration-test/target/test-dir/MiniOzoneClusterImpl-fac5a39b-1f62-44b0-aedf-fae56ce7e72b/datanode-6/data/ratis/4e410f36-28df-4e5a-b207-ba370ba8dc8d does not exist. Creating ...
2019-09-12 10:32:35,926 [pool-474-thread-1] INFO  storage.RaftStorageDirectory (RaftStorageDirectory.java:tryLock(328)) - Lock on /workdir/hadoop-ozone/integration-test/target/test-dir/MiniOzoneClusterImpl-fac5a39b-1f62-44b0-aedf-fae56ce7e72b/datanode-6/data/ratis/4e410f36-28df-4e5a-b207-ba370ba8dc8d/in_use.lock acquired by nodename 1396@pr-hdds-1569-58hkm-1881083799
2019-09-12 10:32:35,941 | INFO  | SCMAudit | user=jenkins1000 | ip=192.168.36.114 | op=SEND_HEARTBEAT {datanodeUUID=5109381c-1660-4b2c-84b2-d6b64dc87db9, command=[]} | ret=SUCCESS |  
2019-09-12 10:32:35,957 [pool-474-thread-1] INFO  storage.RaftStorage (RaftStorage.java:format(72)) - Storage directory /workdir/hadoop-ozone/integration-test/target/test-dir/MiniOzoneClusterImpl-fac5a39b-1f62-44b0-aedf-fae56ce7e72b/datanode-6/data/ratis/4e410f36-28df-4e5a-b207-ba370ba8dc8d has been successfully formatted.
2019-09-12 10:32:35,958 [pool-474-thread-1] INFO  ratis.ContainerStateMachine (ContainerStateMachine.java:loadSnapshot(226)) - group-BA370BA8DC8D: The snapshot info is null. Setting the last applied indexto:(t:0, i:~)
2019-09-12 10:32:35,958 [pool-474-thread-1] INFO  server.RaftServerConfigKeys (ConfUtils.java:logGet(43)) - raft.server.leader.election.timeout = 120s (custom)
2019-09-12 10:32:35,958 [pool-474-thread-1] INFO  server.RaftServerConfigKeys (ConfUtils.java:logGet(43)) - raft.server.log.use.memory = false (default)
2019-09-12 10:32:35,958 [pool-474-thread-1] INFO  server.RaftServerConfigKeys (ConfUtils.java:logGet(43)) - raft.server.log.purge.gap = 1000000 (custom)
2019-09-12 10:32:35,958 [pool-474-thread-1] INFO  server.RaftServerConfigKeys (ConfUtils.java:logGet(43)) - raft.server.log.appender.buffer.byte-limit = 33554432 (custom)
2019-09-12 10:32:35,958 [pool-474-thread-1] INFO  server.RaftServerConfigKeys (ConfUtils.java:logGet(43)) - raft.server.log.segment.size.max = 1048576 (custom)
2019-09-12 10:32:35,958 [pool-474-thread-1] INFO  server.RaftServerConfigKeys (ConfUtils.java:logGet(43)) - raft.server.log.segment.cache.num.max = 2 (custom)
2019-09-12 10:32:35,959 [pool-474-thread-1] INFO  segmented.SegmentedRaftLogWorker (SegmentedRaftLogWorker.java:<init>(172)) - new f8eac030-7323-4fb2-b4ff-d6cb9d0d6881-SegmentedRaftLogWorker:Storage Directory /workdir/hadoop-ozone/integration-test/target/test-dir/MiniOzoneClusterImpl-fac5a39b-1f62-44b0-aedf-fae56ce7e72b/datanode-6/data/ratis/4e410f36-28df-4e5a-b207-ba370ba8dc8d for RaftStorage:Storage Directory /workdir/hadoop-ozone/integration-test/target/test-dir/MiniOzoneClusterImpl-fac5a39b-1f62-44b0-aedf-fae56ce7e72b/datanode-6/data/ratis/4e410f36-28df-4e5a-b207-ba370ba8dc8d
2019-09-12 10:32:35,959 [pool-474-thread-1] INFO  server.RaftServerConfigKeys (ConfUtils.java:logGet(43)) - raft.server.log.queue.byte-limit = 2147483647 (custom)
2019-09-12 10:32:35,959 [pool-474-thread-1] INFO  server.RaftServerConfigKeys (ConfUtils.java:logGet(43)) - raft.server.log.queue.element-limit = 1024 (custom)
2019-09-12 10:32:35,959 [pool-474-thread-1] INFO  server.RaftServerConfigKeys (ConfUtils.java:logGet(43)) - raft.server.log.segment.size.max = 1048576 (custom)
2019-09-12 10:32:35,959 [pool-474-thread-1] INFO  server.RaftServerConfigKeys (ConfUtils.java:logGet(43)) - raft.server.log.preallocated.size = 16384 (custom)
2019-09-12 10:32:35,959 [pool-474-thread-1] INFO  server.RaftServerConfigKeys (ConfUtils.java:logGet(43)) - raft.server.log.write.buffer.size = 33554432 (custom)
2019-09-12 10:32:35,959 [pool-474-thread-1] INFO  server.RaftServerConfigKeys (ConfUtils.java:logGet(43)) - raft.server.log.force.sync.num = 128 (default)
2019-09-12 10:32:35,959 [pool-474-thread-1] INFO  server.RaftServerConfigKeys (ConfUtils.java:logGet(43)) - raft.server.log.statemachine.data.sync = true (default)
2019-09-12 10:32:35,960 [pool-474-thread-1] INFO  server.RaftServerConfigKeys (ConfUtils.java:logGet(43)) - raft.server.log.statemachine.data.sync.timeout = 10s (default)
2019-09-12 10:32:35,960 [pool-474-thread-1] INFO  server.RaftServerConfigKeys (ConfUtils.java:logGet(43)) - raft.server.log.statemachine.data.sync.timeout.retry = -1 (default)
2019-09-12 10:32:35,960 [pool-474-thread-1] INFO  server.RaftServerConfigKeys (ConfUtils.java:logGet(43)) - raft.server.log.statemachine.data.caching.enabled = true (custom)
2019-09-12 10:32:35,960 [pool-474-thread-1] INFO  segmented.SegmentedRaftLogWorker (SegmentedRaftLogWorker.java:lambda$new$0(132)) - f8eac030-7323-4fb2-b4ff-d6cb9d0d6881-SegmentedRaftLogWorker:Storage Directory /workdir/hadoop-ozone/integration-test/target/test-dir/MiniOzoneClusterImpl-fac5a39b-1f62-44b0-aedf-fae56ce7e72b/datanode-6/data/ratis/4e410f36-28df-4e5a-b207-ba370ba8dc8d: flushIndex: setUnconditionally 0 -> -1
2019-09-12 10:32:35,960 [pool-474-thread-1] INFO  server.RaftServerConfigKeys (ConfUtils.java:logGet(43)) - raft.server.snapshot.auto.trigger.enabled = true (custom)
2019-09-12 10:32:35,961 [pool-474-thread-1] INFO  server.RaftServerConfigKeys (ConfUtils.java:logGet(43)) - raft.server.snapshot.auto.trigger.threshold = 10000 (custom)
2019-09-12 10:32:35,961 [pool-474-thread-1] INFO  server.RaftServerConfigKeys (ConfUtils.java:logGet(43)) - raft.server.retrycache.expirytime = 600000ms (custom)
2019-09-12 10:32:35,961 [pool-474-thread-1] INFO  impl.RaftServerImpl (RaftServerImpl.java:start(180)) - f8eac030-7323-4fb2-b4ff-d6cb9d0d6881: start group-BA370BA8DC8D
2019-09-12 10:32:35,961 [pool-474-thread-1] INFO  impl.RaftServerImpl (RaftServerImpl.java:setRole(171)) - f8eac030-7323-4fb2-b4ff-d6cb9d0d6881:group-BA370BA8DC8D changes role from null to FOLLOWER at term 0 for startAsFollower
2019-09-12 10:32:35,961 [pool-474-thread-1] INFO  impl.RoleInfo (RoleInfo.java:updateAndGet(143)) - f8eac030-7323-4fb2-b4ff-d6cb9d0d6881: start FollowerState
2019-09-12 10:32:35,961 [pool-474-thread-1] INFO  util.JmxRegister (JmxRegister.java:tryRegister(44)) - Successfully registered JMX Bean with object name Ratis:service=RaftServer,group=group-BA370BA8DC8D,id=f8eac030-7323-4fb2-b4ff-d6cb9d0d6881
2019-09-12 10:32:35,964 [RatisPipelineUtilsThread] INFO  pipeline.PipelineStateManager (PipelineStateManager.java:addPipeline(56)) - Created pipeline Pipeline[ Id: 4e410f36-28df-4e5a-b207-ba370ba8dc8d, Nodes: f8eac030-7323-4fb2-b4ff-d6cb9d0d6881{ip: 192.168.36.114, host: pr-hdds-1569-58hkm-1881083799, networkLocation: /default-rack, certSerialId: null}, Type:RATIS, Factor:ONE, State:OPEN]
2019-09-12 10:32:35,964 [RatisPipelineUtilsThread] ERROR pipeline.PipelinePlacementPolicy (PipelinePlacementPolicy.java:meetCriteria(92)) - Pipeline Placement: Doesn't meet the criteria to be viable node. Heaviness: 6
2019-09-12 10:32:35,964 [RatisPipelineUtilsThread] ERROR pipeline.PipelinePlacementPolicy (PipelinePlacementPolicy.java:meetCriteria(92)) - Pipeline Placement: Doesn't meet the criteria to be viable node. Heaviness: 6
2019-09-12 10:32:35,965 [RatisPipelineUtilsThread] ERROR pipeline.PipelinePlacementPolicy (PipelinePlacementPolicy.java:meetCriteria(92)) - Pipeline Placement: Doesn't meet the criteria to be viable node. Heaviness: 6
2019-09-12 10:32:35,965 [RatisPipelineUtilsThread] ERROR pipeline.PipelinePlacementPolicy (PipelinePlacementPolicy.java:meetCriteria(92)) - Pipeline Placement: Doesn't meet the criteria to be viable node. Heaviness: 6
2019-09-12 10:32:35,965 [RatisPipelineUtilsThread] ERROR pipeline.PipelinePlacementPolicy (PipelinePlacementPolicy.java:meetCriteria(92)) - Pipeline Placement: Doesn't meet the criteria to be viable node. Heaviness: 6
2019-09-12 10:32:35,965 [RatisPipelineUtilsThread] ERROR pipeline.PipelinePlacementPolicy (PipelinePlacementPolicy.java:meetCriteria(92)) - Pipeline Placement: Doesn't meet the criteria to be viable node. Heaviness: 6
2019-09-12 10:32:35,969 | INFO  | SCMAudit | user=jenkins1000 | ip=192.168.36.114 | op=SEND_HEARTBEAT {datanodeUUID=0d9211b7-901b-48f4-a708-75be8e526772, command=[]} | ret=SUCCESS |  
2019-09-12 10:32:35,970 [grpc-default-executor-1] INFO  impl.RaftServerProxy (RaftServerProxy.java:addNew(89)) - f8eac030-7323-4fb2-b4ff-d6cb9d0d6881: addNew group-D42C29D59E52:[f8eac030-7323-4fb2-b4ff-d6cb9d0d6881:192.168.36.114:40366] returns group-D42C29D59E52:java.util.concurrent.CompletableFuture@398823f3[Not completed]
2019-09-12 10:32:35,971 [pool-474-thread-1] INFO  impl.RaftServerImpl (RaftServerImpl.java:<init>(93)) - f8eac030-7323-4fb2-b4ff-d6cb9d0d6881: new RaftServerImpl for group-D42C29D59E52:[f8eac030-7323-4fb2-b4ff-d6cb9d0d6881:192.168.36.114:40366] with ContainerStateMachine:uninitialized
2019-09-12 10:32:35,971 [pool-474-thread-1] INFO  server.RaftServerConfigKeys (ConfUtils.java:logGet(43)) - raft.server.rpc.timeout.min = 5s (custom)
2019-09-12 10:32:35,971 [pool-474-thread-1] INFO  server.RaftServerConfigKeys (ConfUtils.java:logGet(43)) - raft.server.rpc.timeout.max = 5200ms (custom)
2019-09-12 10:32:35,971 [pool-474-thread-1] INFO  server.RaftServerConfigKeys (ConfUtils.java:logGet(43)) - raft.server.rpcslowness.timeout = 120s (custom)
2019-09-12 10:32:35,971 [pool-474-thread-1] INFO  server.RaftServerConfigKeys (ConfUtils.java:logGet(43)) - raft.server.sleep.deviation.threshold = 300 (default)
2019-09-12 10:32:35,971 [pool-474-thread-1] INFO  server.RaftServerConfigKeys (ConfUtils.java:logGet(43)) - raft.server.log.appender.install.snapshot.enabled = false (custom)
2019-09-12 10:32:35,971 [pool-474-thread-1] INFO  impl.RaftServerImpl (ServerState.java:<init>(105)) - f8eac030-7323-4fb2-b4ff-d6cb9d0d6881:group-D42C29D59E52 ConfigurationManager, init=-1: [f8eac030-7323-4fb2-b4ff-d6cb9d0d6881:192.168.36.114:40366], old=null, confs=<EMPTY_MAP>
2019-09-12 10:32:35,972 [pool-474-thread-1] INFO  server.RaftServerConfigKeys (ConfUtils.java:logGet(43)) - raft.server.storage.dir = [/workdir/hadoop-ozone/integration-test/target/test-dir/MiniOzoneClusterImpl-fac5a39b-1f62-44b0-aedf-fae56ce7e72b/datanode-6/data/ratis] (custom)
2019-09-12 10:32:35,972 [pool-474-thread-1] INFO  storage.RaftStorageDirectory (RaftStorageDirectory.java:analyzeStorage(246)) - The storage directory /workdir/hadoop-ozone/integration-test/target/test-dir/MiniOzoneClusterImpl-fac5a39b-1f62-44b0-aedf-fae56ce7e72b/datanode-6/data/ratis/154f160f-49d7-49a7-b40c-d42c29d59e52 does not exist. Creating ...
2019-09-12 10:32:35,993 [pool-474-thread-1] INFO  storage.RaftStorageDirectory (RaftStorageDirectory.java:tryLock(328)) - Lock on /workdir/hadoop-ozone/integration-test/target/test-dir/MiniOzoneClusterImpl-fac5a39b-1f62-44b0-aedf-fae56ce7e72b/datanode-6/data/ratis/154f160f-49d7-49a7-b40c-d42c29d59e52/in_use.lock acquired by nodename 1396@pr-hdds-1569-58hkm-1881083799
2019-09-12 10:32:36,018 [pool-474-thread-1] INFO  storage.RaftStorage (RaftStorage.java:format(72)) - Storage directory /workdir/hadoop-ozone/integration-test/target/test-dir/MiniOzoneClusterImpl-fac5a39b-1f62-44b0-aedf-fae56ce7e72b/datanode-6/data/ratis/154f160f-49d7-49a7-b40c-d42c29d59e52 has been successfully formatted.
2019-09-12 10:32:36,018 [pool-474-thread-1] INFO  ratis.ContainerStateMachine (ContainerStateMachine.java:loadSnapshot(226)) - group-D42C29D59E52: The snapshot info is null. Setting the last applied indexto:(t:0, i:~)
2019-09-12 10:32:36,019 [pool-474-thread-1] INFO  server.RaftServerConfigKeys (ConfUtils.java:logGet(43)) - raft.server.leader.election.timeout = 120s (custom)
2019-09-12 10:32:36,019 [pool-474-thread-1] INFO  server.RaftServerConfigKeys (ConfUtils.java:logGet(43)) - raft.server.log.use.memory = false (default)
2019-09-12 10:32:36,019 [pool-474-thread-1] INFO  server.RaftServerConfigKeys (ConfUtils.java:logGet(43)) - raft.server.log.purge.gap = 1000000 (custom)
2019-09-12 10:32:36,019 [pool-474-thread-1] INFO  server.RaftServerConfigKeys (ConfUtils.java:logGet(43)) - raft.server.log.appender.buffer.byte-limit = 33554432 (custom)
2019-09-12 10:32:36,019 [pool-474-thread-1] INFO  server.RaftServerConfigKeys (ConfUtils.java:logGet(43)) - raft.server.log.segment.size.max = 1048576 (custom)
2019-09-12 10:32:36,020 [pool-474-thread-1] INFO  server.RaftServerConfigKeys (ConfUtils.java:logGet(43)) - raft.server.log.segment.cache.num.max = 2 (custom)
2019-09-12 10:32:36,020 [pool-474-thread-1] INFO  segmented.SegmentedRaftLogWorker (SegmentedRaftLogWorker.java:<init>(172)) - new f8eac030-7323-4fb2-b4ff-d6cb9d0d6881-SegmentedRaftLogWorker:Storage Directory /workdir/hadoop-ozone/integration-test/target/test-dir/MiniOzoneClusterImpl-fac5a39b-1f62-44b0-aedf-fae56ce7e72b/datanode-6/data/ratis/154f160f-49d7-49a7-b40c-d42c29d59e52 for RaftStorage:Storage Directory /workdir/hadoop-ozone/integration-test/target/test-dir/MiniOzoneClusterImpl-fac5a39b-1f62-44b0-aedf-fae56ce7e72b/datanode-6/data/ratis/154f160f-49d7-49a7-b40c-d42c29d59e52
2019-09-12 10:32:36,020 [pool-474-thread-1] INFO  server.RaftServerConfigKeys (ConfUtils.java:logGet(43)) - raft.server.log.queue.byte-limit = 2147483647 (custom)
2019-09-12 10:32:36,020 [pool-474-thread-1] INFO  server.RaftServerConfigKeys (ConfUtils.java:logGet(43)) - raft.server.log.queue.element-limit = 1024 (custom)
2019-09-12 10:32:36,020 [pool-474-thread-1] INFO  server.RaftServerConfigKeys (ConfUtils.java:logGet(43)) - raft.server.log.segment.size.max = 1048576 (custom)
2019-09-12 10:32:36,020 [pool-474-thread-1] INFO  server.RaftServerConfigKeys (ConfUtils.java:logGet(43)) - raft.server.log.preallocated.size = 16384 (custom)
2019-09-12 10:32:36,020 [pool-474-thread-1] INFO  server.RaftServerConfigKeys (ConfUtils.java:logGet(43)) - raft.server.log.write.buffer.size = 33554432 (custom)
2019-09-12 10:32:36,021 [pool-474-thread-1] INFO  server.RaftServerConfigKeys (ConfUtils.java:logGet(43)) - raft.server.log.force.sync.num = 128 (default)
2019-09-12 10:32:36,021 [pool-474-thread-1] INFO  server.RaftServerConfigKeys (ConfUtils.java:logGet(43)) - raft.server.log.statemachine.data.sync = true (default)
2019-09-12 10:32:36,021 [pool-474-thread-1] INFO  server.RaftServerConfigKeys (ConfUtils.java:logGet(43)) - raft.server.log.statemachine.data.sync.timeout = 10s (default)
2019-09-12 10:32:36,021 [pool-474-thread-1] INFO  server.RaftServerConfigKeys (ConfUtils.java:logGet(43)) - raft.server.log.statemachine.data.sync.timeout.retry = -1 (default)
2019-09-12 10:32:36,021 [pool-474-thread-1] INFO  server.RaftServerConfigKeys (ConfUtils.java:logGet(43)) - raft.server.log.statemachine.data.caching.enabled = true (custom)
2019-09-12 10:32:36,022 [pool-474-thread-1] INFO  segmented.SegmentedRaftLogWorker (SegmentedRaftLogWorker.java:lambda$new$0(132)) - f8eac030-7323-4fb2-b4ff-d6cb9d0d6881-SegmentedRaftLogWorker:Storage Directory /workdir/hadoop-ozone/integration-test/target/test-dir/MiniOzoneClusterImpl-fac5a39b-1f62-44b0-aedf-fae56ce7e72b/datanode-6/data/ratis/154f160f-49d7-49a7-b40c-d42c29d59e52: flushIndex: setUnconditionally 0 -> -1
2019-09-12 10:32:36,022 [pool-474-thread-1] INFO  server.RaftServerConfigKeys (ConfUtils.java:logGet(43)) - raft.server.snapshot.auto.trigger.enabled = true (custom)
2019-09-12 10:32:36,023 [pool-474-thread-1] INFO  server.RaftServerConfigKeys (ConfUtils.java:logGet(43)) - raft.server.snapshot.auto.trigger.threshold = 10000 (custom)
2019-09-12 10:32:36,023 [pool-474-thread-1] INFO  server.RaftServerConfigKeys (ConfUtils.java:logGet(43)) - raft.server.retrycache.expirytime = 600000ms (custom)
2019-09-12 10:32:36,023 [pool-474-thread-1] INFO  impl.RaftServerImpl (RaftServerImpl.java:start(180)) - f8eac030-7323-4fb2-b4ff-d6cb9d0d6881: start group-D42C29D59E52
2019-09-12 10:32:36,023 [pool-474-thread-1] INFO  impl.RaftServerImpl (RaftServerImpl.java:setRole(171)) - f8eac030-7323-4fb2-b4ff-d6cb9d0d6881:group-D42C29D59E52 changes role from null to FOLLOWER at term 0 for startAsFollower
2019-09-12 10:32:36,023 [pool-474-thread-1] INFO  impl.RoleInfo (RoleInfo.java:updateAndGet(143)) - f8eac030-7323-4fb2-b4ff-d6cb9d0d6881: start FollowerState
2019-09-12 10:32:36,024 [pool-474-thread-1] INFO  util.JmxRegister (JmxRegister.java:tryRegister(44)) - Successfully registered JMX Bean with object name Ratis:service=RaftServer,group=group-D42C29D59E52,id=f8eac030-7323-4fb2-b4ff-d6cb9d0d6881
2019-09-12 10:32:36,026 [RatisPipelineUtilsThread] INFO  pipeline.PipelineStateManager (PipelineStateManager.java:addPipeline(56)) - Created pipeline Pipeline[ Id: 154f160f-49d7-49a7-b40c-d42c29d59e52, Nodes: f8eac030-7323-4fb2-b4ff-d6cb9d0d6881{ip: 192.168.36.114, host: pr-hdds-1569-58hkm-1881083799, networkLocation: /default-rack, certSerialId: null}, Type:RATIS, Factor:ONE, State:OPEN]
2019-09-12 10:32:36,027 [RatisPipelineUtilsThread] ERROR pipeline.PipelinePlacementPolicy (PipelinePlacementPolicy.java:meetCriteria(92)) - Pipeline Placement: Doesn't meet the criteria to be viable node. Heaviness: 6
2019-09-12 10:32:36,027 [RatisPipelineUtilsThread] ERROR pipeline.PipelinePlacementPolicy (PipelinePlacementPolicy.java:meetCriteria(92)) - Pipeline Placement: Doesn't meet the criteria to be viable node. Heaviness: 6
2019-09-12 10:32:36,027 [RatisPipelineUtilsThread] ERROR pipeline.PipelinePlacementPolicy (PipelinePlacementPolicy.java:meetCriteria(92)) - Pipeline Placement: Doesn't meet the criteria to be viable node. Heaviness: 6
2019-09-12 10:32:36,027 [RatisPipelineUtilsThread] ERROR pipeline.PipelinePlacementPolicy (PipelinePlacementPolicy.java:meetCriteria(92)) - Pipeline Placement: Doesn't meet the criteria to be viable node. Heaviness: 6
2019-09-12 10:32:36,027 [RatisPipelineUtilsThread] ERROR pipeline.PipelinePlacementPolicy (PipelinePlacementPolicy.java:meetCriteria(92)) - Pipeline Placement: Doesn't meet the criteria to be viable node. Heaviness: 6
2019-09-12 10:32:36,028 [RatisPipelineUtilsThread] ERROR pipeline.PipelinePlacementPolicy (PipelinePlacementPolicy.java:meetCriteria(92)) - Pipeline Placement: Doesn't meet the criteria to be viable node. Heaviness: 6
2019-09-12 10:32:36,032 [grpc-default-executor-1] INFO  impl.RaftServerProxy (RaftServerProxy.java:addNew(89)) - f8eac030-7323-4fb2-b4ff-d6cb9d0d6881: addNew group-47BA9892FE98:[f8eac030-7323-4fb2-b4ff-d6cb9d0d6881:192.168.36.114:40366] returns group-47BA9892FE98:java.util.concurrent.CompletableFuture@1cea2284[Not completed]
2019-09-12 10:32:36,034 [pool-474-thread-1] INFO  impl.RaftServerImpl (RaftServerImpl.java:<init>(93)) - f8eac030-7323-4fb2-b4ff-d6cb9d0d6881: new RaftServerImpl for group-47BA9892FE98:[f8eac030-7323-4fb2-b4ff-d6cb9d0d6881:192.168.36.114:40366] with ContainerStateMachine:uninitialized
2019-09-12 10:32:36,034 [pool-474-thread-1] INFO  server.RaftServerConfigKeys (ConfUtils.java:logGet(43)) - raft.server.rpc.timeout.min = 5s (custom)
2019-09-12 10:32:36,034 [pool-474-thread-1] INFO  server.RaftServerConfigKeys (ConfUtils.java:logGet(43)) - raft.server.rpc.timeout.max = 5200ms (custom)
2019-09-12 10:32:36,034 [pool-474-thread-1] INFO  server.RaftServerConfigKeys (ConfUtils.java:logGet(43)) - raft.server.rpcslowness.timeout = 120s (custom)
2019-09-12 10:32:36,034 [pool-474-thread-1] INFO  server.RaftServerConfigKeys (ConfUtils.java:logGet(43)) - raft.server.sleep.deviation.threshold = 300 (default)
2019-09-12 10:32:36,034 [pool-474-thread-1] INFO  server.RaftServerConfigKeys (ConfUtils.java:logGet(43)) - raft.server.log.appender.install.snapshot.enabled = false (custom)
2019-09-12 10:32:36,035 [pool-474-thread-1] INFO  impl.RaftServerImpl (ServerState.java:<init>(105)) - f8eac030-7323-4fb2-b4ff-d6cb9d0d6881:group-47BA9892FE98 ConfigurationManager, init=-1: [f8eac030-7323-4fb2-b4ff-d6cb9d0d6881:192.168.36.114:40366], old=null, confs=<EMPTY_MAP>
2019-09-12 10:32:36,035 [pool-474-thread-1] INFO  server.RaftServerConfigKeys (ConfUtils.java:logGet(43)) - raft.server.storage.dir = [/workdir/hadoop-ozone/integration-test/target/test-dir/MiniOzoneClusterImpl-fac5a39b-1f62-44b0-aedf-fae56ce7e72b/datanode-6/data/ratis] (custom)
2019-09-12 10:32:36,035 [pool-474-thread-1] INFO  storage.RaftStorageDirectory (RaftStorageDirectory.java:analyzeStorage(246)) - The storage directory /workdir/hadoop-ozone/integration-test/target/test-dir/MiniOzoneClusterImpl-fac5a39b-1f62-44b0-aedf-fae56ce7e72b/datanode-6/data/ratis/3d32bec7-c1fc-41f5-8ba7-47ba9892fe98 does not exist. Creating ...
2019-09-12 10:32:36,048 [pool-474-thread-1] INFO  storage.RaftStorageDirectory (RaftStorageDirectory.java:tryLock(328)) - Lock on /workdir/hadoop-ozone/integration-test/target/test-dir/MiniOzoneClusterImpl-fac5a39b-1f62-44b0-aedf-fae56ce7e72b/datanode-6/data/ratis/3d32bec7-c1fc-41f5-8ba7-47ba9892fe98/in_use.lock acquired by nodename 1396@pr-hdds-1569-58hkm-1881083799
2019-09-12 10:32:36,061 [pool-474-thread-1] INFO  storage.RaftStorage (RaftStorage.java:format(72)) - Storage directory /workdir/hadoop-ozone/integration-test/target/test-dir/MiniOzoneClusterImpl-fac5a39b-1f62-44b0-aedf-fae56ce7e72b/datanode-6/data/ratis/3d32bec7-c1fc-41f5-8ba7-47ba9892fe98 has been successfully formatted.
2019-09-12 10:32:36,061 [pool-474-thread-1] INFO  ratis.ContainerStateMachine (ContainerStateMachine.java:loadSnapshot(226)) - group-47BA9892FE98: The snapshot info is null. Setting the last applied indexto:(t:0, i:~)
2019-09-12 10:32:36,061 [pool-474-thread-1] INFO  server.RaftServerConfigKeys (ConfUtils.java:logGet(43)) - raft.server.leader.election.timeout = 120s (custom)
2019-09-12 10:32:36,061 [pool-474-thread-1] INFO  server.RaftServerConfigKeys (ConfUtils.java:logGet(43)) - raft.server.log.use.memory = false (default)
2019-09-12 10:32:36,062 [pool-474-thread-1] INFO  server.RaftServerConfigKeys (ConfUtils.java:logGet(43)) - raft.server.log.purge.gap = 1000000 (custom)
2019-09-12 10:32:36,062 [pool-474-thread-1] INFO  server.RaftServerConfigKeys (ConfUtils.java:logGet(43)) - raft.server.log.appender.buffer.byte-limit = 33554432 (custom)
2019-09-12 10:32:36,062 [pool-474-thread-1] INFO  server.RaftServerConfigKeys (ConfUtils.java:logGet(43)) - raft.server.log.segment.size.max = 1048576 (custom)
2019-09-12 10:32:36,062 [pool-474-thread-1] INFO  server.RaftServerConfigKeys (ConfUtils.java:logGet(43)) - raft.server.log.segment.cache.num.max = 2 (custom)
2019-09-12 10:32:36,062 [pool-474-thread-1] INFO  segmented.SegmentedRaftLogWorker (SegmentedRaftLogWorker.java:<init>(172)) - new f8eac030-7323-4fb2-b4ff-d6cb9d0d6881-SegmentedRaftLogWorker:Storage Directory /workdir/hadoop-ozone/integration-test/target/test-dir/MiniOzoneClusterImpl-fac5a39b-1f62-44b0-aedf-fae56ce7e72b/datanode-6/data/ratis/3d32bec7-c1fc-41f5-8ba7-47ba9892fe98 for RaftStorage:Storage Directory /workdir/hadoop-ozone/integration-test/target/test-dir/MiniOzoneClusterImpl-fac5a39b-1f62-44b0-aedf-fae56ce7e72b/datanode-6/data/ratis/3d32bec7-c1fc-41f5-8ba7-47ba9892fe98
2019-09-12 10:32:36,062 [pool-474-thread-1] INFO  server.RaftServerConfigKeys (ConfUtils.java:logGet(43)) - raft.server.log.queue.byte-limit = 2147483647 (custom)
2019-09-12 10:32:36,063 [pool-474-thread-1] INFO  server.RaftServerConfigKeys (ConfUtils.java:logGet(43)) - raft.server.log.queue.element-limit = 1024 (custom)
2019-09-12 10:32:36,063 [pool-474-thread-1] INFO  server.RaftServerConfigKeys (ConfUtils.java:logGet(43)) - raft.server.log.segment.size.max = 1048576 (custom)
2019-09-12 10:32:36,063 [pool-474-thread-1] INFO  server.RaftServerConfigKeys (ConfUtils.java:logGet(43)) - raft.server.log.preallocated.size = 16384 (custom)
2019-09-12 10:32:36,063 [pool-474-thread-1] INFO  server.RaftServerConfigKeys (ConfUtils.java:logGet(43)) - raft.server.log.write.buffer.size = 33554432 (custom)
2019-09-12 10:32:36,063 [pool-474-thread-1] INFO  server.RaftServerConfigKeys (ConfUtils.java:logGet(43)) - raft.server.log.force.sync.num = 128 (default)
2019-09-12 10:32:36,063 [pool-474-thread-1] INFO  server.RaftServerConfigKeys (ConfUtils.java:logGet(43)) - raft.server.log.statemachine.data.sync = true (default)
2019-09-12 10:32:36,063 [pool-474-thread-1] INFO  server.RaftServerConfigKeys (ConfUtils.java:logGet(43)) - raft.server.log.statemachine.data.sync.timeout = 10s (default)
2019-09-12 10:32:36,064 [pool-474-thread-1] INFO  server.RaftServerConfigKeys (ConfUtils.java:logGet(43)) - raft.server.log.statemachine.data.sync.timeout.retry = -1 (default)
2019-09-12 10:32:36,064 [pool-474-thread-1] INFO  server.RaftServerConfigKeys (ConfUtils.java:logGet(43)) - raft.server.log.statemachine.data.caching.enabled = true (custom)
2019-09-12 10:32:36,064 [pool-474-thread-1] INFO  segmented.SegmentedRaftLogWorker (SegmentedRaftLogWorker.java:lambda$new$0(132)) - f8eac030-7323-4fb2-b4ff-d6cb9d0d6881-SegmentedRaftLogWorker:Storage Directory /workdir/hadoop-ozone/integration-test/target/test-dir/MiniOzoneClusterImpl-fac5a39b-1f62-44b0-aedf-fae56ce7e72b/datanode-6/data/ratis/3d32bec7-c1fc-41f5-8ba7-47ba9892fe98: flushIndex: setUnconditionally 0 -> -1
2019-09-12 10:32:36,064 [pool-474-thread-1] INFO  server.RaftServerConfigKeys (ConfUtils.java:logGet(43)) - raft.server.snapshot.auto.trigger.enabled = true (custom)
2019-09-12 10:32:36,065 [pool-474-thread-1] INFO  server.RaftServerConfigKeys (ConfUtils.java:logGet(43)) - raft.server.snapshot.auto.trigger.threshold = 10000 (custom)
2019-09-12 10:32:36,065 [pool-474-thread-1] INFO  server.RaftServerConfigKeys (ConfUtils.java:logGet(43)) - raft.server.retrycache.expirytime = 600000ms (custom)
2019-09-12 10:32:36,065 [pool-474-thread-1] INFO  impl.RaftServerImpl (RaftServerImpl.java:start(180)) - f8eac030-7323-4fb2-b4ff-d6cb9d0d6881: start group-47BA9892FE98
2019-09-12 10:32:36,065 [pool-474-thread-1] INFO  impl.RaftServerImpl (RaftServerImpl.java:setRole(171)) - f8eac030-7323-4fb2-b4ff-d6cb9d0d6881:group-47BA9892FE98 changes role from null to FOLLOWER at term 0 for startAsFollower
2019-09-12 10:32:36,065 [pool-474-thread-1] INFO  impl.RoleInfo (RoleInfo.java:updateAndGet(143)) - f8eac030-7323-4fb2-b4ff-d6cb9d0d6881: start FollowerState
2019-09-12 10:32:36,066 [pool-474-thread-1] INFO  util.JmxRegister (JmxRegister.java:tryRegister(44)) - Successfully registered JMX Bean with object name Ratis:service=RaftServer,group=group-47BA9892FE98,id=f8eac030-7323-4fb2-b4ff-d6cb9d0d6881
2019-09-12 10:32:36,068 [RatisPipelineUtilsThread] INFO  pipeline.PipelineStateManager (PipelineStateManager.java:addPipeline(56)) - Created pipeline Pipeline[ Id: 3d32bec7-c1fc-41f5-8ba7-47ba9892fe98, Nodes: f8eac030-7323-4fb2-b4ff-d6cb9d0d6881{ip: 192.168.36.114, host: pr-hdds-1569-58hkm-1881083799, networkLocation: /default-rack, certSerialId: null}, Type:RATIS, Factor:ONE, State:OPEN]
2019-09-12 10:32:36,069 [RatisPipelineUtilsThread] ERROR pipeline.PipelinePlacementPolicy (PipelinePlacementPolicy.java:meetCriteria(92)) - Pipeline Placement: Doesn't meet the criteria to be viable node. Heaviness: 6
2019-09-12 10:32:36,069 [RatisPipelineUtilsThread] ERROR pipeline.PipelinePlacementPolicy (PipelinePlacementPolicy.java:meetCriteria(92)) - Pipeline Placement: Doesn't meet the criteria to be viable node. Heaviness: 6
2019-09-12 10:32:36,069 [RatisPipelineUtilsThread] ERROR pipeline.PipelinePlacementPolicy (PipelinePlacementPolicy.java:meetCriteria(92)) - Pipeline Placement: Doesn't meet the criteria to be viable node. Heaviness: 6
2019-09-12 10:32:36,070 [RatisPipelineUtilsThread] ERROR pipeline.PipelinePlacementPolicy (PipelinePlacementPolicy.java:meetCriteria(92)) - Pipeline Placement: Doesn't meet the criteria to be viable node. Heaviness: 6
2019-09-12 10:32:36,070 [RatisPipelineUtilsThread] ERROR pipeline.PipelinePlacementPolicy (PipelinePlacementPolicy.java:meetCriteria(92)) - Pipeline Placement: Doesn't meet the criteria to be viable node. Heaviness: 6
2019-09-12 10:32:36,070 [RatisPipelineUtilsThread] ERROR pipeline.PipelinePlacementPolicy (PipelinePlacementPolicy.java:meetCriteria(92)) - Pipeline Placement: Doesn't meet the criteria to be viable node. Heaviness: 6
2019-09-12 10:32:36,076 [grpc-default-executor-1] INFO  impl.RaftServerProxy (RaftServerProxy.java:addNew(89)) - f8eac030-7323-4fb2-b4ff-d6cb9d0d6881: addNew group-64985A2BB1A0:[f8eac030-7323-4fb2-b4ff-d6cb9d0d6881:192.168.36.114:40366] returns group-64985A2BB1A0:java.util.concurrent.CompletableFuture@1870f420[Not completed]
2019-09-12 10:32:36,077 [pool-474-thread-1] INFO  impl.RaftServerImpl (RaftServerImpl.java:<init>(93)) - f8eac030-7323-4fb2-b4ff-d6cb9d0d6881: new RaftServerImpl for group-64985A2BB1A0:[f8eac030-7323-4fb2-b4ff-d6cb9d0d6881:192.168.36.114:40366] with ContainerStateMachine:uninitialized
2019-09-12 10:32:36,078 [pool-474-thread-1] INFO  server.RaftServerConfigKeys (ConfUtils.java:logGet(43)) - raft.server.rpc.timeout.min = 5s (custom)
2019-09-12 10:32:36,078 [pool-474-thread-1] INFO  server.RaftServerConfigKeys (ConfUtils.java:logGet(43)) - raft.server.rpc.timeout.max = 5200ms (custom)
2019-09-12 10:32:36,078 [pool-474-thread-1] INFO  server.RaftServerConfigKeys (ConfUtils.java:logGet(43)) - raft.server.rpcslowness.timeout = 120s (custom)
2019-09-12 10:32:36,078 [pool-474-thread-1] INFO  server.RaftServerConfigKeys (ConfUtils.java:logGet(43)) - raft.server.sleep.deviation.threshold = 300 (default)
2019-09-12 10:32:36,078 [pool-474-thread-1] INFO  server.RaftServerConfigKeys (ConfUtils.java:logGet(43)) - raft.server.log.appender.install.snapshot.enabled = false (custom)
2019-09-12 10:32:36,078 [pool-474-thread-1] INFO  impl.RaftServerImpl (ServerState.java:<init>(105)) - f8eac030-7323-4fb2-b4ff-d6cb9d0d6881:group-64985A2BB1A0 ConfigurationManager, init=-1: [f8eac030-7323-4fb2-b4ff-d6cb9d0d6881:192.168.36.114:40366], old=null, confs=<EMPTY_MAP>
2019-09-12 10:32:36,078 [pool-474-thread-1] INFO  server.RaftServerConfigKeys (ConfUtils.java:logGet(43)) - raft.server.storage.dir = [/workdir/hadoop-ozone/integration-test/target/test-dir/MiniOzoneClusterImpl-fac5a39b-1f62-44b0-aedf-fae56ce7e72b/datanode-6/data/ratis] (custom)
2019-09-12 10:32:36,079 [pool-474-thread-1] INFO  storage.RaftStorageDirectory (RaftStorageDirectory.java:analyzeStorage(246)) - The storage directory /workdir/hadoop-ozone/integration-test/target/test-dir/MiniOzoneClusterImpl-fac5a39b-1f62-44b0-aedf-fae56ce7e72b/datanode-6/data/ratis/f912415e-94d8-4610-ab02-64985a2bb1a0 does not exist. Creating ...
2019-09-12 10:32:36,092 [pool-474-thread-1] INFO  storage.RaftStorageDirectory (RaftStorageDirectory.java:tryLock(328)) - Lock on /workdir/hadoop-ozone/integration-test/target/test-dir/MiniOzoneClusterImpl-fac5a39b-1f62-44b0-aedf-fae56ce7e72b/datanode-6/data/ratis/f912415e-94d8-4610-ab02-64985a2bb1a0/in_use.lock acquired by nodename 1396@pr-hdds-1569-58hkm-1881083799
2019-09-12 10:32:36,117 [pool-474-thread-1] INFO  storage.RaftStorage (RaftStorage.java:format(72)) - Storage directory /workdir/hadoop-ozone/integration-test/target/test-dir/MiniOzoneClusterImpl-fac5a39b-1f62-44b0-aedf-fae56ce7e72b/datanode-6/data/ratis/f912415e-94d8-4610-ab02-64985a2bb1a0 has been successfully formatted.
2019-09-12 10:32:36,117 [pool-474-thread-1] INFO  ratis.ContainerStateMachine (ContainerStateMachine.java:loadSnapshot(226)) - group-64985A2BB1A0: The snapshot info is null. Setting the last applied indexto:(t:0, i:~)
2019-09-12 10:32:36,117 [pool-474-thread-1] INFO  server.RaftServerConfigKeys (ConfUtils.java:logGet(43)) - raft.server.leader.election.timeout = 120s (custom)
2019-09-12 10:32:36,117 [pool-474-thread-1] INFO  server.RaftServerConfigKeys (ConfUtils.java:logGet(43)) - raft.server.log.use.memory = false (default)
2019-09-12 10:32:36,118 [pool-474-thread-1] INFO  server.RaftServerConfigKeys (ConfUtils.java:logGet(43)) - raft.server.log.purge.gap = 1000000 (custom)
2019-09-12 10:32:36,118 [pool-474-thread-1] INFO  server.RaftServerConfigKeys (ConfUtils.java:logGet(43)) - raft.server.log.appender.buffer.byte-limit = 33554432 (custom)
2019-09-12 10:32:36,118 [pool-474-thread-1] INFO  server.RaftServerConfigKeys (ConfUtils.java:logGet(43)) - raft.server.log.segment.size.max = 1048576 (custom)
2019-09-12 10:32:36,118 [pool-474-thread-1] INFO  server.RaftServerConfigKeys (ConfUtils.java:logGet(43)) - raft.server.log.segment.cache.num.max = 2 (custom)
2019-09-12 10:32:36,118 [pool-474-thread-1] INFO  segmented.SegmentedRaftLogWorker (SegmentedRaftLogWorker.java:<init>(172)) - new f8eac030-7323-4fb2-b4ff-d6cb9d0d6881-SegmentedRaftLogWorker:Storage Directory /workdir/hadoop-ozone/integration-test/target/test-dir/MiniOzoneClusterImpl-fac5a39b-1f62-44b0-aedf-fae56ce7e72b/datanode-6/data/ratis/f912415e-94d8-4610-ab02-64985a2bb1a0 for RaftStorage:Storage Directory /workdir/hadoop-ozone/integration-test/target/test-dir/MiniOzoneClusterImpl-fac5a39b-1f62-44b0-aedf-fae56ce7e72b/datanode-6/data/ratis/f912415e-94d8-4610-ab02-64985a2bb1a0
2019-09-12 10:32:36,118 [pool-474-thread-1] INFO  server.RaftServerConfigKeys (ConfUtils.java:logGet(43)) - raft.server.log.queue.byte-limit = 2147483647 (custom)
2019-09-12 10:32:36,118 [pool-474-thread-1] INFO  server.RaftServerConfigKeys (ConfUtils.java:logGet(43)) - raft.server.log.queue.element-limit = 1024 (custom)
2019-09-12 10:32:36,119 [pool-474-thread-1] INFO  server.RaftServerConfigKeys (ConfUtils.java:logGet(43)) - raft.server.log.segment.size.max = 1048576 (custom)
2019-09-12 10:32:36,119 [pool-474-thread-1] INFO  server.RaftServerConfigKeys (ConfUtils.java:logGet(43)) - raft.server.log.preallocated.size = 16384 (custom)
2019-09-12 10:32:36,119 [pool-474-thread-1] INFO  server.RaftServerConfigKeys (ConfUtils.java:logGet(43)) - raft.server.log.write.buffer.size = 33554432 (custom)
2019-09-12 10:32:36,119 [pool-474-thread-1] INFO  server.RaftServerConfigKeys (ConfUtils.java:logGet(43)) - raft.server.log.force.sync.num = 128 (default)
2019-09-12 10:32:36,119 [pool-474-thread-1] INFO  server.RaftServerConfigKeys (ConfUtils.java:logGet(43)) - raft.server.log.statemachine.data.sync = true (default)
2019-09-12 10:32:36,119 [pool-474-thread-1] INFO  server.RaftServerConfigKeys (ConfUtils.java:logGet(43)) - raft.server.log.statemachine.data.sync.timeout = 10s (default)
2019-09-12 10:32:36,119 [pool-474-thread-1] INFO  server.RaftServerConfigKeys (ConfUtils.java:logGet(43)) - raft.server.log.statemachine.data.sync.timeout.retry = -1 (default)
2019-09-12 10:32:36,120 [pool-474-thread-1] INFO  server.RaftServerConfigKeys (ConfUtils.java:logGet(43)) - raft.server.log.statemachine.data.caching.enabled = true (custom)
2019-09-12 10:32:36,120 [pool-474-thread-1] INFO  segmented.SegmentedRaftLogWorker (SegmentedRaftLogWorker.java:lambda$new$0(132)) - f8eac030-7323-4fb2-b4ff-d6cb9d0d6881-SegmentedRaftLogWorker:Storage Directory /workdir/hadoop-ozone/integration-test/target/test-dir/MiniOzoneClusterImpl-fac5a39b-1f62-44b0-aedf-fae56ce7e72b/datanode-6/data/ratis/f912415e-94d8-4610-ab02-64985a2bb1a0: flushIndex: setUnconditionally 0 -> -1
2019-09-12 10:32:36,120 [pool-474-thread-1] INFO  server.RaftServerConfigKeys (ConfUtils.java:logGet(43)) - raft.server.snapshot.auto.trigger.enabled = true (custom)
2019-09-12 10:32:36,121 [pool-474-thread-1] INFO  server.RaftServerConfigKeys (ConfUtils.java:logGet(43)) - raft.server.snapshot.auto.trigger.threshold = 10000 (custom)
2019-09-12 10:32:36,121 [pool-474-thread-1] INFO  server.RaftServerConfigKeys (ConfUtils.java:logGet(43)) - raft.server.retrycache.expirytime = 600000ms (custom)
2019-09-12 10:32:36,121 [pool-474-thread-1] INFO  impl.RaftServerImpl (RaftServerImpl.java:start(180)) - f8eac030-7323-4fb2-b4ff-d6cb9d0d6881: start group-64985A2BB1A0
2019-09-12 10:32:36,121 [pool-474-thread-1] INFO  impl.RaftServerImpl (RaftServerImpl.java:setRole(171)) - f8eac030-7323-4fb2-b4ff-d6cb9d0d6881:group-64985A2BB1A0 changes role from null to FOLLOWER at term 0 for startAsFollower
2019-09-12 10:32:36,121 [pool-474-thread-1] INFO  impl.RoleInfo (RoleInfo.java:updateAndGet(143)) - f8eac030-7323-4fb2-b4ff-d6cb9d0d6881: start FollowerState
2019-09-12 10:32:36,122 [pool-474-thread-1] INFO  util.JmxRegister (JmxRegister.java:tryRegister(44)) - Successfully registered JMX Bean with object name Ratis:service=RaftServer,group=group-64985A2BB1A0,id=f8eac030-7323-4fb2-b4ff-d6cb9d0d6881
2019-09-12 10:32:36,136 [Thread-2010] INFO  impl.FollowerState (FollowerState.java:run(106)) - af27d03c-0a72-43b4-9e80-d162a1883bf6:group-44D1D7151A2E changes to CANDIDATE, lastRpcTime:5073, electionTimeout:5073ms
2019-09-12 10:32:36,136 [Thread-2010] INFO  impl.RoleInfo (RoleInfo.java:shutdownFollowerState(121)) - af27d03c-0a72-43b4-9e80-d162a1883bf6: shutdown FollowerState
2019-09-12 10:32:36,136 [Thread-2010] INFO  impl.RaftServerImpl (RaftServerImpl.java:setRole(171)) - af27d03c-0a72-43b4-9e80-d162a1883bf6:group-44D1D7151A2E changes role from FOLLOWER to CANDIDATE at term 0 for changeToCandidate
2019-09-12 10:32:36,137 [Thread-2010] INFO  impl.RoleInfo (RoleInfo.java:updateAndGet(143)) - af27d03c-0a72-43b4-9e80-d162a1883bf6: start LeaderElection
2019-09-12 10:32:36,153 [RatisPipelineUtilsThread] INFO  pipeline.PipelineStateManager (PipelineStateManager.java:addPipeline(56)) - Created pipeline Pipeline[ Id: f912415e-94d8-4610-ab02-64985a2bb1a0, Nodes: f8eac030-7323-4fb2-b4ff-d6cb9d0d6881{ip: 192.168.36.114, host: pr-hdds-1569-58hkm-1881083799, networkLocation: /default-rack, certSerialId: null}, Type:RATIS, Factor:ONE, State:OPEN]
2019-09-12 10:32:36,153 [RatisPipelineUtilsThread] ERROR pipeline.PipelinePlacementPolicy (PipelinePlacementPolicy.java:meetCriteria(92)) - Pipeline Placement: Doesn't meet the criteria to be viable node. Heaviness: 6
2019-09-12 10:32:36,154 [RatisPipelineUtilsThread] ERROR pipeline.PipelinePlacementPolicy (PipelinePlacementPolicy.java:meetCriteria(92)) - Pipeline Placement: Doesn't meet the criteria to be viable node. Heaviness: 6
2019-09-12 10:32:36,154 [RatisPipelineUtilsThread] ERROR pipeline.PipelinePlacementPolicy (PipelinePlacementPolicy.java:meetCriteria(92)) - Pipeline Placement: Doesn't meet the criteria to be viable node. Heaviness: 6
2019-09-12 10:32:36,154 [RatisPipelineUtilsThread] ERROR pipeline.PipelinePlacementPolicy (PipelinePlacementPolicy.java:meetCriteria(92)) - Pipeline Placement: Doesn't meet the criteria to be viable node. Heaviness: 6
2019-09-12 10:32:36,154 [RatisPipelineUtilsThread] ERROR pipeline.PipelinePlacementPolicy (PipelinePlacementPolicy.java:meetCriteria(92)) - Pipeline Placement: Doesn't meet the criteria to be viable node. Heaviness: 6
2019-09-12 10:32:36,154 [RatisPipelineUtilsThread] ERROR pipeline.PipelinePlacementPolicy (PipelinePlacementPolicy.java:meetCriteria(92)) - Pipeline Placement: Doesn't meet the criteria to be viable node. Heaviness: 6
2019-09-12 10:32:36,160 [grpc-default-executor-1] INFO  impl.RaftServerProxy (RaftServerProxy.java:addNew(89)) - f8eac030-7323-4fb2-b4ff-d6cb9d0d6881: addNew group-58B13CF650A4:[f8eac030-7323-4fb2-b4ff-d6cb9d0d6881:192.168.36.114:40366] returns group-58B13CF650A4:java.util.concurrent.CompletableFuture@6f70d824[Not completed]
2019-09-12 10:32:36,161 [pool-474-thread-1] INFO  impl.RaftServerImpl (RaftServerImpl.java:<init>(93)) - f8eac030-7323-4fb2-b4ff-d6cb9d0d6881: new RaftServerImpl for group-58B13CF650A4:[f8eac030-7323-4fb2-b4ff-d6cb9d0d6881:192.168.36.114:40366] with ContainerStateMachine:uninitialized
2019-09-12 10:32:36,161 [pool-474-thread-1] INFO  server.RaftServerConfigKeys (ConfUtils.java:logGet(43)) - raft.server.rpc.timeout.min = 5s (custom)
2019-09-12 10:32:36,161 [pool-474-thread-1] INFO  server.RaftServerConfigKeys (ConfUtils.java:logGet(43)) - raft.server.rpc.timeout.max = 5200ms (custom)
2019-09-12 10:32:36,161 [pool-474-thread-1] INFO  server.RaftServerConfigKeys (ConfUtils.java:logGet(43)) - raft.server.rpcslowness.timeout = 120s (custom)
2019-09-12 10:32:36,161 [pool-474-thread-1] INFO  server.RaftServerConfigKeys (ConfUtils.java:logGet(43)) - raft.server.sleep.deviation.threshold = 300 (default)
2019-09-12 10:32:36,162 [pool-474-thread-1] INFO  server.RaftServerConfigKeys (ConfUtils.java:logGet(43)) - raft.server.log.appender.install.snapshot.enabled = false (custom)
2019-09-12 10:32:36,162 [pool-474-thread-1] INFO  impl.RaftServerImpl (ServerState.java:<init>(105)) - f8eac030-7323-4fb2-b4ff-d6cb9d0d6881:group-58B13CF650A4 ConfigurationManager, init=-1: [f8eac030-7323-4fb2-b4ff-d6cb9d0d6881:192.168.36.114:40366], old=null, confs=<EMPTY_MAP>
2019-09-12 10:32:36,162 [pool-474-thread-1] INFO  server.RaftServerConfigKeys (ConfUtils.java:logGet(43)) - raft.server.storage.dir = [/workdir/hadoop-ozone/integration-test/target/test-dir/MiniOzoneClusterImpl-fac5a39b-1f62-44b0-aedf-fae56ce7e72b/datanode-6/data/ratis] (custom)
2019-09-12 10:32:36,162 [pool-474-thread-1] INFO  storage.RaftStorageDirectory (RaftStorageDirectory.java:analyzeStorage(246)) - The storage directory /workdir/hadoop-ozone/integration-test/target/test-dir/MiniOzoneClusterImpl-fac5a39b-1f62-44b0-aedf-fae56ce7e72b/datanode-6/data/ratis/654980b6-5c72-4087-ae77-58b13cf650a4 does not exist. Creating ...
2019-09-12 10:32:36,209 [pool-474-thread-1] INFO  storage.RaftStorageDirectory (RaftStorageDirectory.java:tryLock(328)) - Lock on /workdir/hadoop-ozone/integration-test/target/test-dir/MiniOzoneClusterImpl-fac5a39b-1f62-44b0-aedf-fae56ce7e72b/datanode-6/data/ratis/654980b6-5c72-4087-ae77-58b13cf650a4/in_use.lock acquired by nodename 1396@pr-hdds-1569-58hkm-1881083799
2019-09-12 10:32:36,210 [af27d03c-0a72-43b4-9e80-d162a1883bf6:group-44D1D7151A2E:LeaderElection163] INFO  impl.LeaderElection (LeaderElection.java:askForVotes(181)) - af27d03c-0a72-43b4-9e80-d162a1883bf6:group-44D1D7151A2E:LeaderElection163: begin an election at term 1 for -1: [af27d03c-0a72-43b4-9e80-d162a1883bf6:192.168.36.114:43211], old=null
2019-09-12 10:32:36,210 [af27d03c-0a72-43b4-9e80-d162a1883bf6:group-44D1D7151A2E:LeaderElection163] INFO  impl.RoleInfo (RoleInfo.java:shutdownLeaderElection(134)) - af27d03c-0a72-43b4-9e80-d162a1883bf6: shutdown LeaderElection
2019-09-12 10:32:36,210 [af27d03c-0a72-43b4-9e80-d162a1883bf6:group-44D1D7151A2E:LeaderElection163] INFO  impl.RaftServerImpl (RaftServerImpl.java:setRole(171)) - af27d03c-0a72-43b4-9e80-d162a1883bf6:group-44D1D7151A2E changes role from CANDIDATE to LEADER at term 1 for changeToLeader
2019-09-12 10:32:36,210 [af27d03c-0a72-43b4-9e80-d162a1883bf6:group-44D1D7151A2E:LeaderElection163] INFO  impl.RaftServerImpl (ServerState.java:setLeader(263)) - af27d03c-0a72-43b4-9e80-d162a1883bf6:group-44D1D7151A2E change Leader from null to af27d03c-0a72-43b4-9e80-d162a1883bf6 at term 1 for becomeLeader, leader elected after 5151ms
2019-09-12 10:32:36,210 [af27d03c-0a72-43b4-9e80-d162a1883bf6:group-44D1D7151A2E:LeaderElection163] INFO  server.RaftServerConfigKeys (ConfUtils.java:logGet(43)) - raft.server.staging.catchup.gap = 1000 (default)
2019-09-12 10:32:36,211 [af27d03c-0a72-43b4-9e80-d162a1883bf6:group-44D1D7151A2E:LeaderElection163] INFO  server.RaftServerConfigKeys (ConfUtils.java:logGet(43)) - raft.server.rpc.sleep.time = 25ms (default)
2019-09-12 10:32:36,211 [af27d03c-0a72-43b4-9e80-d162a1883bf6:group-44D1D7151A2E:LeaderElection163] INFO  server.RaftServerConfigKeys (ConfUtils.java:logGet(43)) - raft.server.write.element-limit = 4096 (default)
2019-09-12 10:32:36,211 [af27d03c-0a72-43b4-9e80-d162a1883bf6:group-44D1D7151A2E:LeaderElection163] INFO  server.RaftServerConfigKeys (ConfUtils.java:logGet(43)) - raft.server.watch.timeout = 10s (default)
2019-09-12 10:32:36,211 [af27d03c-0a72-43b4-9e80-d162a1883bf6:group-44D1D7151A2E:LeaderElection163] INFO  server.RaftServerConfigKeys (ConfUtils.java:logGet(43)) - raft.server.watch.timeout.denomination = 1s (default)
2019-09-12 10:32:36,211 [af27d03c-0a72-43b4-9e80-d162a1883bf6:group-44D1D7151A2E:LeaderElection163] INFO  server.RaftServerConfigKeys (ConfUtils.java:logGet(43)) - raft.server.watch.element-limit = 65536 (default)
2019-09-12 10:32:36,211 [af27d03c-0a72-43b4-9e80-d162a1883bf6:group-44D1D7151A2E:LeaderElection163] INFO  impl.RoleInfo (RoleInfo.java:updateAndGet(143)) - af27d03c-0a72-43b4-9e80-d162a1883bf6: start LeaderState
2019-09-12 10:32:36,212 [af27d03c-0a72-43b4-9e80-d162a1883bf6:group-44D1D7151A2E:LeaderElection163] INFO  segmented.SegmentedRaftLogWorker (SegmentedRaftLogWorker.java:startLogSegment(380)) - af27d03c-0a72-43b4-9e80-d162a1883bf6-SegmentedRaftLogWorker:Storage Directory /workdir/hadoop-ozone/integration-test/target/test-dir/MiniOzoneClusterImpl-fac5a39b-1f62-44b0-aedf-fae56ce7e72b/datanode-0/data/ratis/2c3b917c-f609-4472-8cb0-44d1d7151a2e: Starting segment from index:0
2019-09-12 10:32:36,212 [af27d03c-0a72-43b4-9e80-d162a1883bf6:group-44D1D7151A2E:LeaderElection163] INFO  impl.RaftServerImpl (ServerState.java:setRaftConf(361)) - af27d03c-0a72-43b4-9e80-d162a1883bf6:group-44D1D7151A2E set configuration 0: [af27d03c-0a72-43b4-9e80-d162a1883bf6:192.168.36.114:43211], old=null at 0
2019-09-12 10:32:36,789 | INFO  | SCMAudit | user=jenkins1000 | ip=192.168.36.114 | op=SEND_HEARTBEAT {datanodeUUID=d40ec8ee-ac9e-41d6-86bd-e74a05605b85, command=[]} | ret=SUCCESS |  
2019-09-12 10:32:36,789 | INFO  | SCMAudit | user=jenkins1000 | ip=192.168.36.114 | op=SEND_HEARTBEAT {datanodeUUID=c9031a36-5f7c-4098-8bea-8a46141708a6, command=[]} | ret=SUCCESS |  
2019-09-12 10:32:36,789 | INFO  | SCMAudit | user=jenkins1000 | ip=192.168.36.114 | op=SEND_HEARTBEAT {datanodeUUID=2cb9d557-cb56-4745-8686-5e72b62e748a, command=[]} | ret=SUCCESS |  
2019-09-12 10:32:36,789 | INFO  | SCMAudit | user=jenkins1000 | ip=192.168.36.114 | op=SEND_HEARTBEAT {datanodeUUID=bcda0514-d42e-47ca-96fd-c0a633e872a8, command=[]} | ret=SUCCESS |  
2019-09-12 10:32:36,789 | INFO  | SCMAudit | user=jenkins1000 | ip=192.168.36.114 | op=SEND_HEARTBEAT {datanodeUUID=2d50b591-d6e4-490f-9fa0-973ad5423bd7, command=[]} | ret=SUCCESS |  
2019-09-12 10:32:36,789 | INFO  | SCMAudit | user=jenkins1000 | ip=192.168.36.114 | op=SEND_HEARTBEAT {datanodeUUID=edb6c4a3-9bf1-4f2e-8ef0-c37d9a0378de, command=[]} | ret=SUCCESS |  
2019-09-12 10:32:36,789 | INFO  | SCMAudit | user=jenkins1000 | ip=192.168.36.114 | op=SEND_HEARTBEAT {datanodeUUID=b6dd7c38-f675-445e-811b-15cf17d56c0a, command=[]} | ret=SUCCESS |  
2019-09-12 10:32:36,789 | INFO  | SCMAudit | user=jenkins1000 | ip=192.168.36.114 | op=SEND_HEARTBEAT {datanodeUUID=ad8ae342-df06-4311-9d84-524877c98111, command=[]} | ret=SUCCESS |  
2019-09-12 10:32:36,789 | INFO  | SCMAudit | user=jenkins1000 | ip=192.168.36.114 | op=SEND_HEARTBEAT {datanodeUUID=caccd92c-2544-4e02-86cf-95849f240c1b, command=[]} | ret=SUCCESS |  
2019-09-12 10:32:36,789 | INFO  | SCMAudit | user=jenkins1000 | ip=192.168.36.114 | op=SEND_HEARTBEAT {datanodeUUID=1349d5ba-07d4-450a-9218-4f0361201438, command=[]} | ret=SUCCESS |  
2019-09-12 10:32:36,824 [Thread-2025] WARN  util.JavaUtils (JavaUtils.java:sleep(250)) - Unexpected long sleep: sleep(5199ms) actually took 5538ms which is over the threshold 300ms
2019-09-12 10:32:36,824 [Thread-2022] WARN  util.JavaUtils (JavaUtils.java:sleep(250)) - Unexpected long sleep: sleep(5100ms) actually took 5558ms which is over the threshold 300ms
2019-09-12 10:32:36,825 [Thread-2013] WARN  util.JavaUtils (JavaUtils.java:sleep(250)) - Unexpected long sleep: sleep(5194ms) actually took 5712ms which is over the threshold 300ms
2019-09-12 10:32:36,825 [Thread-2019] WARN  util.JavaUtils (JavaUtils.java:sleep(250)) - Unexpected long sleep: sleep(5067ms) actually took 5595ms which is over the threshold 300ms
2019-09-12 10:32:36,825 [Thread-2016] WARN  util.JavaUtils (JavaUtils.java:sleep(250)) - Unexpected long sleep: sleep(5108ms) actually took 5673ms which is over the threshold 300ms
2019-09-12 10:32:36,825 [pool-474-thread-1] INFO  storage.RaftStorage (RaftStorage.java:format(72)) - Storage directory /workdir/hadoop-ozone/integration-test/target/test-dir/MiniOzoneClusterImpl-fac5a39b-1f62-44b0-aedf-fae56ce7e72b/datanode-6/data/ratis/654980b6-5c72-4087-ae77-58b13cf650a4 has been successfully formatted.
2019-09-12 10:32:36,826 [pool-474-thread-1] INFO  ratis.ContainerStateMachine (ContainerStateMachine.java:loadSnapshot(226)) - group-58B13CF650A4: The snapshot info is null. Setting the last applied indexto:(t:0, i:~)
2019-09-12 10:32:36,826 [pool-474-thread-1] INFO  server.RaftServerConfigKeys (ConfUtils.java:logGet(43)) - raft.server.leader.election.timeout = 120s (custom)
2019-09-12 10:32:36,826 [pool-474-thread-1] INFO  server.RaftServerConfigKeys (ConfUtils.java:logGet(43)) - raft.server.log.use.memory = false (default)
2019-09-12 10:32:36,789 | INFO  | SCMAudit | user=jenkins1000 | ip=192.168.36.114 | op=SEND_HEARTBEAT {datanodeUUID=c1e71898-521f-4627-a3f1-9884c4b96ced, command=[]} | ret=SUCCESS |  
2019-09-12 10:32:36,826 | INFO  | SCMAudit | user=jenkins1000 | ip=192.168.36.114 | op=SEND_HEARTBEAT {datanodeUUID=5dd0cd62-5770-41dd-9e5a-f3f3eedc40c1, command=[]} | ret=SUCCESS |  
2019-09-12 10:32:36,789 | INFO  | SCMAudit | user=jenkins1000 | ip=192.168.36.114 | op=SEND_HEARTBEAT {datanodeUUID=9616c881-dbb1-48da-90dd-a872ed779a2e, command=[]} | ret=SUCCESS |  
2019-09-12 10:32:36,826 [pool-474-thread-1] INFO  server.RaftServerConfigKeys (ConfUtils.java:logGet(43)) - raft.server.log.purge.gap = 1000000 (custom)
2019-09-12 10:32:36,789 | INFO  | SCMAudit | user=jenkins1000 | ip=192.168.36.114 | op=SEND_HEARTBEAT {datanodeUUID=a95fd1d5-e9a9-4526-b4c7-6aa1a85e40e9, command=[]} | ret=SUCCESS |  
2019-09-12 10:32:36,789 | INFO  | SCMAudit | user=jenkins1000 | ip=192.168.36.114 | op=SEND_HEARTBEAT {datanodeUUID=22ce2f4b-d517-44cf-8041-712d813e08f3, command=[]} | ret=SUCCESS |  
2019-09-12 10:32:36,847 [pool-474-thread-1] INFO  server.RaftServerConfigKeys (ConfUtils.java:logGet(43)) - raft.server.log.appender.buffer.byte-limit = 33554432 (custom)
2019-09-12 10:32:36,789 | INFO  | SCMAudit | user=jenkins1000 | ip=192.168.36.114 | op=SEND_HEARTBEAT {datanodeUUID=ff438662-24cf-49bb-bfc5-3308ec6d286b, command=[]} | ret=SUCCESS |  
2019-09-12 10:32:36,824 | INFO  | SCMAudit | user=jenkins1000 | ip=192.168.36.114 | op=SEND_HEARTBEAT {datanodeUUID=4e126646-8edc-47cd-9403-c39493e18b45, command=[]} | ret=SUCCESS |  
2019-09-12 10:32:36,824 | INFO  | SCMAudit | user=jenkins1000 | ip=192.168.36.114 | op=SEND_HEARTBEAT {datanodeUUID=af27d03c-0a72-43b4-9e80-d162a1883bf6, command=[]} | ret=SUCCESS |  
2019-09-12 10:32:36,847 [pool-474-thread-1] INFO  server.RaftServerConfigKeys (ConfUtils.java:logGet(43)) - raft.server.log.segment.size.max = 1048576 (custom)
2019-09-12 10:32:36,824 | INFO  | SCMAudit | user=jenkins1000 | ip=192.168.36.114 | op=SEND_HEARTBEAT {datanodeUUID=9bf0d246-3308-4376-bff1-b5ae143bf3ac, command=[]} | ret=SUCCESS |  
2019-09-12 10:32:36,824 | INFO  | SCMAudit | user=jenkins1000 | ip=192.168.36.114 | op=SEND_HEARTBEAT {datanodeUUID=c5ecd3d3-686c-4d3d-96f2-c3659186f261, command=[]} | ret=SUCCESS |  
2019-09-12 10:32:36,847 [pool-474-thread-1] INFO  server.RaftServerConfigKeys (ConfUtils.java:logGet(43)) - raft.server.log.segment.cache.num.max = 2 (custom)
2019-09-12 10:32:36,789 | INFO  | SCMAudit | user=jenkins1000 | ip=192.168.36.114 | op=SEND_HEARTBEAT {datanodeUUID=f85b420b-0060-4bb9-9f68-598eed9b442f, command=[]} | ret=SUCCESS |  
2019-09-12 10:32:36,789 | INFO  | SCMAudit | user=jenkins1000 | ip=192.168.36.114 | op=SEND_HEARTBEAT {datanodeUUID=eaeff1e2-de9c-4510-872d-283eb6c3c330, command=[]} | ret=SUCCESS |  
2019-09-12 10:32:36,789 | INFO  | SCMAudit | user=jenkins1000 | ip=192.168.36.114 | op=SEND_HEARTBEAT {datanodeUUID=873ff125-9641-4674-9775-ec96c107c12e, command=[]} | ret=SUCCESS |  
2019-09-12 10:32:36,789 | INFO  | SCMAudit | user=jenkins1000 | ip=192.168.36.114 | op=SEND_HEARTBEAT {datanodeUUID=d9d65fd8-d100-497d-8460-9a4cf62b4ad5, command=[]} | ret=SUCCESS |  
2019-09-12 10:32:36,847 [pool-474-thread-1] INFO  segmented.SegmentedRaftLogWorker (SegmentedRaftLogWorker.java:<init>(172)) - new f8eac030-7323-4fb2-b4ff-d6cb9d0d6881-SegmentedRaftLogWorker:Storage Directory /workdir/hadoop-ozone/integration-test/target/test-dir/MiniOzoneClusterImpl-fac5a39b-1f62-44b0-aedf-fae56ce7e72b/datanode-6/data/ratis/654980b6-5c72-4087-ae77-58b13cf650a4 for RaftStorage:Storage Directory /workdir/hadoop-ozone/integration-test/target/test-dir/MiniOzoneClusterImpl-fac5a39b-1f62-44b0-aedf-fae56ce7e72b/datanode-6/data/ratis/654980b6-5c72-4087-ae77-58b13cf650a4
2019-09-12 10:32:36,789 | INFO  | SCMAudit | user=jenkins1000 | ip=192.168.36.114 | op=SEND_HEARTBEAT {datanodeUUID=f8fc8350-8b83-4a15-89e6-430db21616f7, command=[]} | ret=SUCCESS |  
2019-09-12 10:32:36,789 | INFO  | SCMAudit | user=jenkins1000 | ip=192.168.36.114 | op=SEND_HEARTBEAT {datanodeUUID=2df0b56f-bcaf-45a1-b35e-f30a30c5f26c, command=[]} | ret=SUCCESS |  
2019-09-12 10:32:36,789 | INFO  | SCMAudit | user=jenkins1000 | ip=192.168.36.114 | op=SEND_HEARTBEAT {datanodeUUID=f17b4253-95a0-4ee6-8ded-88f070f15b33, command=[]} | ret=SUCCESS |  
2019-09-12 10:32:36,789 | INFO  | SCMAudit | user=jenkins1000 | ip=192.168.36.114 | op=SEND_HEARTBEAT {datanodeUUID=accf000b-d7b7-4fa5-9682-da82c4451e10, command=[]} | ret=SUCCESS |  
2019-09-12 10:32:36,789 | INFO  | SCMAudit | user=jenkins1000 | ip=192.168.36.114 | op=SEND_HEARTBEAT {datanodeUUID=57729e88-c64a-441d-a40e-ceaddf64552e, command=[]} | ret=SUCCESS |  
2019-09-12 10:32:36,848 [pool-474-thread-1] INFO  server.RaftServerConfigKeys (ConfUtils.java:logGet(43)) - raft.server.log.queue.byte-limit = 2147483647 (custom)
2019-09-12 10:32:36,789 | INFO  | SCMAudit | user=jenkins1000 | ip=192.168.36.114 | op=SEND_HEARTBEAT {datanodeUUID=334c5273-7871-4d53-8b37-de05e5a3be10, command=[]} | ret=SUCCESS |  
2019-09-12 10:32:36,789 | INFO  | SCMAudit | user=jenkins1000 | ip=192.168.36.114 | op=SEND_HEARTBEAT {datanodeUUID=39df7a3f-9691-48d4-a2b1-6888489a5f8a, command=[]} | ret=SUCCESS |  
2019-09-12 10:32:36,789 | INFO  | SCMAudit | user=jenkins1000 | ip=192.168.36.114 | op=SEND_HEARTBEAT {datanodeUUID=c54af6f8-a22e-478f-90e1-029d14059a99, command=[]} | ret=SUCCESS |  
2019-09-12 10:32:36,848 [pool-474-thread-1] INFO  server.RaftServerConfigKeys (ConfUtils.java:logGet(43)) - raft.server.log.queue.element-limit = 1024 (custom)
2019-09-12 10:32:36,848 [pool-474-thread-1] INFO  server.RaftServerConfigKeys (ConfUtils.java:logGet(43)) - raft.server.log.segment.size.max = 1048576 (custom)
2019-09-12 10:32:36,848 [pool-474-thread-1] INFO  server.RaftServerConfigKeys (ConfUtils.java:logGet(43)) - raft.server.log.preallocated.size = 16384 (custom)
2019-09-12 10:32:36,848 [pool-474-thread-1] INFO  server.RaftServerConfigKeys (ConfUtils.java:logGet(43)) - raft.server.log.write.buffer.size = 33554432 (custom)
2019-09-12 10:32:36,848 [pool-474-thread-1] INFO  server.RaftServerConfigKeys (ConfUtils.java:logGet(43)) - raft.server.log.force.sync.num = 128 (default)
2019-09-12 10:32:36,848 [pool-474-thread-1] INFO  server.RaftServerConfigKeys (ConfUtils.java:logGet(43)) - raft.server.log.statemachine.data.sync = true (default)
2019-09-12 10:32:36,849 [pool-474-thread-1] INFO  server.RaftServerConfigKeys (ConfUtils.java:logGet(43)) - raft.server.log.statemachine.data.sync.timeout = 10s (default)
2019-09-12 10:32:36,849 [pool-474-thread-1] INFO  server.RaftServerConfigKeys (ConfUtils.java:logGet(43)) - raft.server.log.statemachine.data.sync.timeout.retry = -1 (default)
2019-09-12 10:32:36,849 [pool-474-thread-1] INFO  server.RaftServerConfigKeys (ConfUtils.java:logGet(43)) - raft.server.log.statemachine.data.caching.enabled = true (custom)
2019-09-12 10:32:36,849 [pool-474-thread-1] INFO  segmented.SegmentedRaftLogWorker (SegmentedRaftLogWorker.java:lambda$new$0(132)) - f8eac030-7323-4fb2-b4ff-d6cb9d0d6881-SegmentedRaftLogWorker:Storage Directory /workdir/hadoop-ozone/integration-test/target/test-dir/MiniOzoneClusterImpl-fac5a39b-1f62-44b0-aedf-fae56ce7e72b/datanode-6/data/ratis/654980b6-5c72-4087-ae77-58b13cf650a4: flushIndex: setUnconditionally 0 -> -1
2019-09-12 10:32:36,849 [pool-474-thread-1] INFO  server.RaftServerConfigKeys (ConfUtils.java:logGet(43)) - raft.server.snapshot.auto.trigger.enabled = true (custom)
2019-09-12 10:32:36,850 [pool-474-thread-1] INFO  server.RaftServerConfigKeys (ConfUtils.java:logGet(43)) - raft.server.snapshot.auto.trigger.threshold = 10000 (custom)
2019-09-12 10:32:36,850 [pool-474-thread-1] INFO  server.RaftServerConfigKeys (ConfUtils.java:logGet(43)) - raft.server.retrycache.expirytime = 600000ms (custom)
2019-09-12 10:32:36,850 [pool-474-thread-1] INFO  impl.RaftServerImpl (RaftServerImpl.java:start(180)) - f8eac030-7323-4fb2-b4ff-d6cb9d0d6881: start group-58B13CF650A4
2019-09-12 10:32:36,850 [pool-474-thread-1] INFO  impl.RaftServerImpl (RaftServerImpl.java:setRole(171)) - f8eac030-7323-4fb2-b4ff-d6cb9d0d6881:group-58B13CF650A4 changes role from null to FOLLOWER at term 0 for startAsFollower
2019-09-12 10:32:36,850 [pool-474-thread-1] INFO  impl.RoleInfo (RoleInfo.java:updateAndGet(143)) - f8eac030-7323-4fb2-b4ff-d6cb9d0d6881: start FollowerState
2019-09-12 10:32:36,851 [pool-474-thread-1] INFO  util.JmxRegister (JmxRegister.java:tryRegister(44)) - Successfully registered JMX Bean with object name Ratis:service=RaftServer,group=group-58B13CF650A4,id=f8eac030-7323-4fb2-b4ff-d6cb9d0d6881
2019-09-12 10:32:36,853 [RatisPipelineUtilsThread] INFO  pipeline.PipelineStateManager (PipelineStateManager.java:addPipeline(56)) - Created pipeline Pipeline[ Id: 654980b6-5c72-4087-ae77-58b13cf650a4, Nodes: f8eac030-7323-4fb2-b4ff-d6cb9d0d6881{ip: 192.168.36.114, host: pr-hdds-1569-58hkm-1881083799, networkLocation: /default-rack, certSerialId: null}, Type:RATIS, Factor:ONE, State:OPEN]
2019-09-12 10:32:36,853 [RatisPipelineUtilsThread] ERROR pipeline.PipelinePlacementPolicy (PipelinePlacementPolicy.java:meetCriteria(92)) - Pipeline Placement: Doesn't meet the criteria to be viable node. Heaviness: 6
2019-09-12 10:32:36,853 [RatisPipelineUtilsThread] ERROR pipeline.PipelinePlacementPolicy (PipelinePlacementPolicy.java:meetCriteria(92)) - Pipeline Placement: Doesn't meet the criteria to be viable node. Heaviness: 6
2019-09-12 10:32:36,853 [RatisPipelineUtilsThread] ERROR pipeline.PipelinePlacementPolicy (PipelinePlacementPolicy.java:meetCriteria(92)) - Pipeline Placement: Doesn't meet the criteria to be viable node. Heaviness: 6
2019-09-12 10:32:36,853 [RatisPipelineUtilsThread] ERROR pipeline.PipelinePlacementPolicy (PipelinePlacementPolicy.java:meetCriteria(92)) - Pipeline Placement: Doesn't meet the criteria to be viable node. Heaviness: 6
2019-09-12 10:32:36,853 [RatisPipelineUtilsThread] ERROR pipeline.PipelinePlacementPolicy (PipelinePlacementPolicy.java:meetCriteria(92)) - Pipeline Placement: Doesn't meet the criteria to be viable node. Heaviness: 6
2019-09-12 10:32:36,853 [RatisPipelineUtilsThread] ERROR pipeline.PipelinePlacementPolicy (PipelinePlacementPolicy.java:meetCriteria(92)) - Pipeline Placement: Doesn't meet the criteria to be viable node. Heaviness: 6
2019-09-12 10:32:36,853 [RatisPipelineUtilsThread] ERROR pipeline.PipelinePlacementPolicy (PipelinePlacementPolicy.java:meetCriteria(92)) - Pipeline Placement: Doesn't meet the criteria to be viable node. Heaviness: 6
2019-09-12 10:32:36,853 [RatisPipelineUtilsThread] ERROR pipeline.PipelinePlacementPolicy (PipelinePlacementPolicy.java:filterViableNodes(147)) - Unable to find enough nodes that meet the criteria that cannot engage in more than 5 pipelines. Nodes required: 1 Found: 0, healthy nodes count inNodeManager: 7.
2019-09-12 10:32:36,854 [RatisPipelineUtilsThread] ERROR pipeline.SCMPipelineManager (SCMPipelineManager.java:createPipeline(161)) - Pipeline creation failed due to exception: Unable to find enough nodes that meet the criteria that cannot engage in more than 5 pipelines. Nodes required: 1 Found: 0, healthy nodes count inNodeManager: 7.
2019-09-12 10:32:36,854 [RatisPipelineUtilsThread] ERROR pipeline.PipelinePlacementPolicy (PipelinePlacementPolicy.java:meetCriteria(92)) - Pipeline Placement: Doesn't meet the criteria to be viable node. Heaviness: 6
2019-09-12 10:32:36,854 [RatisPipelineUtilsThread] ERROR pipeline.PipelinePlacementPolicy (PipelinePlacementPolicy.java:meetCriteria(92)) - Pipeline Placement: Doesn't meet the criteria to be viable node. Heaviness: 6
2019-09-12 10:32:36,854 [RatisPipelineUtilsThread] ERROR pipeline.PipelinePlacementPolicy (PipelinePlacementPolicy.java:meetCriteria(92)) - Pipeline Placement: Doesn't meet the criteria to be viable node. Heaviness: 6
2019-09-12 10:32:36,854 [RatisPipelineUtilsThread] ERROR pipeline.PipelinePlacementPolicy (PipelinePlacementPolicy.java:meetCriteria(92)) - Pipeline Placement: Doesn't meet the criteria to be viable node. Heaviness: 6
2019-09-12 10:32:36,854 [RatisPipelineUtilsThread] ERROR pipeline.PipelinePlacementPolicy (PipelinePlacementPolicy.java:meetCriteria(92)) - Pipeline Placement: Doesn't meet the criteria to be viable node. Heaviness: 6
2019-09-12 10:32:36,854 [RatisPipelineUtilsThread] ERROR pipeline.PipelinePlacementPolicy (PipelinePlacementPolicy.java:meetCriteria(92)) - Pipeline Placement: Doesn't meet the criteria to be viable node. Heaviness: 6
2019-09-12 10:32:36,854 [RatisPipelineUtilsThread] ERROR pipeline.PipelinePlacementPolicy (PipelinePlacementPolicy.java:meetCriteria(92)) - Pipeline Placement: Doesn't meet the criteria to be viable node. Heaviness: 6
2019-09-12 10:32:36,854 [RatisPipelineUtilsThread] ERROR pipeline.PipelinePlacementPolicy (PipelinePlacementPolicy.java:filterViableNodes(147)) - Unable to find enough nodes that meet the criteria that cannot engage in more than 5 pipelines. Nodes required: 3 Found: 0, healthy nodes count inNodeManager: 7.
2019-09-12 10:32:36,854 [RatisPipelineUtilsThread] ERROR pipeline.SCMPipelineManager (SCMPipelineManager.java:createPipeline(161)) - Pipeline creation failed due to exception: Unable to find enough nodes that meet the criteria that cannot engage in more than 5 pipelines. Nodes required: 3 Found: 0, healthy nodes count inNodeManager: 7.
2019-09-12 10:32:36,854 [IPC Server handler 1 on 41601] ERROR pipeline.PipelinePlacementPolicy (PipelinePlacementPolicy.java:meetCriteria(92)) - Pipeline Placement: Doesn't meet the criteria to be viable node. Heaviness: 6
2019-09-12 10:32:36,855 [IPC Server handler 1 on 41601] ERROR pipeline.PipelinePlacementPolicy (PipelinePlacementPolicy.java:meetCriteria(92)) - Pipeline Placement: Doesn't meet the criteria to be viable node. Heaviness: 6
2019-09-12 10:32:36,855 [IPC Server handler 1 on 41601] ERROR pipeline.PipelinePlacementPolicy (PipelinePlacementPolicy.java:meetCriteria(92)) - Pipeline Placement: Doesn't meet the criteria to be viable node. Heaviness: 6
2019-09-12 10:32:36,855 [IPC Server handler 1 on 41601] ERROR pipeline.PipelinePlacementPolicy (PipelinePlacementPolicy.java:meetCriteria(92)) - Pipeline Placement: Doesn't meet the criteria to be viable node. Heaviness: 6
2019-09-12 10:32:36,855 [IPC Server handler 1 on 41601] ERROR pipeline.PipelinePlacementPolicy (PipelinePlacementPolicy.java:meetCriteria(92)) - Pipeline Placement: Doesn't meet the criteria to be viable node. Heaviness: 6
2019-09-12 10:32:36,855 [IPC Server handler 1 on 41601] ERROR pipeline.PipelinePlacementPolicy (PipelinePlacementPolicy.java:meetCriteria(92)) - Pipeline Placement: Doesn't meet the criteria to be viable node. Heaviness: 6
2019-09-12 10:32:36,855 [IPC Server handler 1 on 41601] ERROR pipeline.PipelinePlacementPolicy (PipelinePlacementPolicy.java:meetCriteria(92)) - Pipeline Placement: Doesn't meet the criteria to be viable node. Heaviness: 6
2019-09-12 10:32:36,855 [IPC Server handler 1 on 41601] ERROR pipeline.PipelinePlacementPolicy (PipelinePlacementPolicy.java:filterViableNodes(147)) - Unable to find enough nodes that meet the criteria that cannot engage in more than 5 pipelines. Nodes required: 3 Found: 0, healthy nodes count inNodeManager: 7.
2019-09-12 10:32:36,855 [IPC Server handler 1 on 41601] ERROR pipeline.SCMPipelineManager (SCMPipelineManager.java:createPipeline(161)) - Pipeline creation failed due to exception: Unable to find enough nodes that meet the criteria that cannot engage in more than 5 pipelines. Nodes required: 3 Found: 0, healthy nodes count inNodeManager: 7.
2019-09-12 10:32:36,856 [IPC Server handler 1 on 41601] INFO  ipc.Server (Server.java:logException(2726)) - IPC Server handler 1 on 41601, call Call#1442 Retry#0 org.apache.hadoop.hdds.scm.protocol.StorageContainerLocationProtocol.allocateContainer from 192.168.36.114:55600
java.io.IOException: Could not allocate container. Cannot get any matching pipeline for Type:RATIS, Factor:THREE, State:PipelineState.OPEN
	at org.apache.hadoop.hdds.scm.container.ContainerStateManager.allocateContainer(ContainerStateManager.java:260)
	at org.apache.hadoop.hdds.scm.container.SCMContainerManager.allocateContainer(SCMContainerManager.java:247)
	at org.apache.hadoop.hdds.scm.server.SCMClientProtocolServer.allocateContainer(SCMClientProtocolServer.java:186)
	at org.apache.hadoop.ozone.protocolPB.StorageContainerLocationProtocolServerSideTranslatorPB.allocateContainer(StorageContainerLocationProtocolServerSideTranslatorPB.java:115)
	at org.apache.hadoop.hdds.protocol.proto.StorageContainerLocationProtocolProtos$StorageContainerLocationProtocolService$2.callBlockingMethod(StorageContainerLocationProtocolProtos.java:19079)
	at org.apache.hadoop.ipc.ProtobufRpcEngine$Server$ProtoBufRpcInvoker.call(ProtobufRpcEngine.java:524)
	at org.apache.hadoop.ipc.RPC$Server.call(RPC.java:1025)
	at org.apache.hadoop.ipc.Server$RpcCall.run(Server.java:876)
	at org.apache.hadoop.ipc.Server$RpcCall.run(Server.java:822)
	at java.security.AccessController.doPrivileged(Native Method)
	at javax.security.auth.Subject.doAs(Subject.java:422)
	at org.apache.hadoop.security.UserGroupInformation.doAs(UserGroupInformation.java:1730)
	at org.apache.hadoop.ipc.Server$Handler.run(Server.java:2682)
]]></system-out>
    <system-err><![CDATA[Sep 12, 2019 10:32:26 AM com.sun.jersey.server.impl.application.WebApplicationImpl _initiate
INFO: Initiating Jersey application, version 'Jersey: 1.19 02/11/2015 03:25 AM'
Sep 12, 2019 10:32:27 AM com.sun.jersey.server.impl.application.WebApplicationImpl _initiate
INFO: Initiating Jersey application, version 'Jersey: 1.19 02/11/2015 03:25 AM'
Sep 12, 2019 10:32:28 AM com.sun.jersey.server.impl.application.WebApplicationImpl _initiate
INFO: Initiating Jersey application, version 'Jersey: 1.19 02/11/2015 03:25 AM'
Sep 12, 2019 10:32:28 AM com.sun.jersey.server.impl.application.WebApplicationImpl _initiate
INFO: Initiating Jersey application, version 'Jersey: 1.19 02/11/2015 03:25 AM'
Sep 12, 2019 10:32:29 AM com.sun.jersey.server.impl.application.WebApplicationImpl _initiate
INFO: Initiating Jersey application, version 'Jersey: 1.19 02/11/2015 03:25 AM'
Sep 12, 2019 10:32:30 AM com.sun.jersey.server.impl.application.WebApplicationImpl _initiate
INFO: Initiating Jersey application, version 'Jersey: 1.19 02/11/2015 03:25 AM'
Sep 12, 2019 10:32:30 AM com.sun.jersey.server.impl.application.WebApplicationImpl _initiate
INFO: Initiating Jersey application, version 'Jersey: 1.19 02/11/2015 03:25 AM'
]]></system-err>
  </testcase>
</testsuite>