<?xml version="1.0" encoding="UTF-8"?>
<testsuite xmlns:xsi="http://www.w3.org/2001/XMLSchema-instance" xsi:noNamespaceSchemaLocation="https://maven.apache.org/surefire/maven-surefire-plugin/xsd/surefire-test-report.xsd" name="org.apache.hadoop.ozone.client.rpc.TestHybridPipelineOnDatanode" time="30.057" tests="1" errors="1" skipped="0" failures="0">
  <properties>
    <property name="awt.toolkit" value="sun.awt.X11.XToolkit"/>
    <property name="file.encoding.pkg" value="sun.io"/>
    <property name="java.specification.version" value="1.8"/>
    <property name="sun.cpu.isalist" value=""/>
    <property name="sun.jnu.encoding" value="UTF-8"/>
    <property name="java.class.path" value="/workdir/hadoop-ozone/integration-test/target/test-classes:/workdir/hadoop-ozone/integration-test/target/classes:/home/user/.m2/repository/org/apache/hadoop/hadoop-ozone-common/0.5.0-SNAPSHOT/hadoop-ozone-common-0.5.0-SNAPSHOT.jar:/home/user/.m2/repository/org/apache/commons/commons-compress/1.4.1/commons-compress-1.4.1.jar:/home/user/.m2/repository/org/tukaani/xz/1.0/xz-1.0.jar:/home/user/.m2/repository/org/apache/hadoop/hadoop-common/3.2.0/hadoop-common-3.2.0.jar:/home/user/.m2/repository/org/apache/hadoop/hadoop-hdfs/3.2.0/hadoop-hdfs-3.2.0.jar:/home/user/.m2/repository/org/apache/hadoop/hadoop-hdfs-client/3.2.0/hadoop-hdfs-client-3.2.0.jar:/home/user/.m2/repository/com/fasterxml/jackson/core/jackson-annotations/2.9.5/jackson-annotations-2.9.5.jar:/home/user/.m2/repository/org/apache/hadoop/hadoop-hdds-common/0.5.0-SNAPSHOT/hadoop-hdds-common-0.5.0-SNAPSHOT.jar:/home/user/.m2/repository/javax/annotation/javax.annotation-api/1.2/javax.annotation-api-1.2.jar:/home/user/.m2/repository/org/apache/ratis/ratis-server/0.4.0-2337318-SNAPSHOT/ratis-server-0.4.0-2337318-SNAPSHOT.jar:/home/user/.m2/repository/org/apache/ratis/ratis-thirdparty-misc/0.2.0/ratis-thirdparty-misc-0.2.0.jar:/home/user/.m2/repository/org/apache/ratis/ratis-proto/0.4.0-2337318-SNAPSHOT/ratis-proto-0.4.0-2337318-SNAPSHOT.jar:/home/user/.m2/repository/org/apache/ratis/ratis-common/0.4.0-2337318-SNAPSHOT/ratis-common-0.4.0-2337318-SNAPSHOT.jar:/home/user/.m2/repository/org/apache/ratis/ratis-client/0.4.0-2337318-SNAPSHOT/ratis-client-0.4.0-2337318-SNAPSHOT.jar:/home/user/.m2/repository/org/apache/ratis/ratis-metrics/0.4.0-2337318-SNAPSHOT/ratis-metrics-0.4.0-2337318-SNAPSHOT.jar:/home/user/.m2/repository/org/apache/ratis/ratis-netty/0.4.0-2337318-SNAPSHOT/ratis-netty-0.4.0-2337318-SNAPSHOT.jar:/home/user/.m2/repository/org/apache/ratis/ratis-grpc/0.4.0-2337318-SNAPSHOT/ratis-grpc-0.4.0-2337318-SNAPSHOT.jar:/home/user/.m2/repository/org/rocksdb/rocksdbjni/6.0.1/rocksdbjni-6.0.1.jar:/home/user/.m2/repository/org/apache/logging/log4j/log4j-api/2.11.0/log4j-api-2.11.0.jar:/home/user/.m2/repository/org/apache/logging/log4j/log4j-core/2.11.0/log4j-core-2.11.0.jar:/home/user/.m2/repository/com/lmax/disruptor/3.4.2/disruptor-3.4.2.jar:/home/user/.m2/repository/org/apache/commons/commons-pool2/2.6.0/commons-pool2-2.6.0.jar:/home/user/.m2/repository/org/bouncycastle/bcpkix-jdk15on/1.60/bcpkix-jdk15on-1.60.jar:/home/user/.m2/repository/commons-validator/commons-validator/1.6/commons-validator-1.6.jar:/home/user/.m2/repository/commons-digester/commons-digester/1.8.1/commons-digester-1.8.1.jar:/home/user/.m2/repository/io/jaegertracing/jaeger-client/0.33.1/jaeger-client-0.33.1.jar:/home/user/.m2/repository/io/jaegertracing/jaeger-thrift/0.33.1/jaeger-thrift-0.33.1.jar:/home/user/.m2/repository/org/apache/thrift/libthrift/0.11.0/libthrift-0.11.0.jar:/home/user/.m2/repository/com/squareup/okhttp3/okhttp/3.9.0/okhttp-3.9.0.jar:/home/user/.m2/repository/com/squareup/okio/okio/1.13.0/okio-1.13.0.jar:/home/user/.m2/repository/io/jaegertracing/jaeger-core/0.33.1/jaeger-core-0.33.1.jar:/home/user/.m2/repository/io/jaegertracing/jaeger-tracerresolver/0.33.1/jaeger-tracerresolver-0.33.1.jar:/home/user/.m2/repository/io/opentracing/contrib/opentracing-tracerresolver/0.1.5/opentracing-tracerresolver-0.1.5.jar:/home/user/.m2/repository/io/opentracing/opentracing-util/0.31.0/opentracing-util-0.31.0.jar:/home/user/.m2/repository/io/opentracing/opentracing-api/0.31.0/opentracing-api-0.31.0.jar:/home/user/.m2/repository/io/opentracing/opentracing-noop/0.31.0/opentracing-noop-0.31.0.jar:/home/user/.m2/repository/org/apache/hadoop/hadoop-hdds-server-framework/0.5.0-SNAPSHOT/hadoop-hdds-server-framework-0.5.0-SNAPSHOT.jar:/home/user/.m2/repository/org/apache/hadoop/hadoop-hdds-container-service/0.5.0-SNAPSHOT/hadoop-hdds-container-service-0.5.0-SNAPSHOT.jar:/home/user/.m2/repository/org/apache/hadoop/hadoop-hdds-client/0.5.0-SNAPSHOT/hadoop-hdds-client-0.5.0-SNAPSHOT.jar:/home/user/.m2/repository/org/apache/hadoop/hadoop-hdds-tools/0.5.0-SNAPSHOT/hadoop-hdds-tools-0.5.0-SNAPSHOT.jar:/home/user/.m2/repository/org/apache/hadoop/hadoop-hdds-server-scm/0.5.0-SNAPSHOT/hadoop-hdds-server-scm-0.5.0-SNAPSHOT.jar:/home/user/.m2/repository/org/apache/hadoop/hadoop-hdds-docs/0.5.0-SNAPSHOT/hadoop-hdds-docs-0.5.0-SNAPSHOT.jar:/home/user/.m2/repository/io/dropwizard/metrics/metrics-core/3.2.4/metrics-core-3.2.4.jar:/home/user/.m2/repository/org/hamcrest/hamcrest-all/1.3/hamcrest-all-1.3.jar:/home/user/.m2/repository/org/bouncycastle/bcprov-jdk15on/1.60/bcprov-jdk15on-1.60.jar:/home/user/.m2/repository/info/picocli/picocli/3.9.6/picocli-3.9.6.jar:/home/user/.m2/repository/com/google/protobuf/protobuf-java/2.5.0/protobuf-java-2.5.0.jar:/home/user/.m2/repository/com/google/guava/guava/11.0.2/guava-11.0.2.jar:/home/user/.m2/repository/org/apache/hadoop/hadoop-ozone-ozone-manager/0.5.0-SNAPSHOT/hadoop-ozone-ozone-manager-0.5.0-SNAPSHOT.jar:/home/user/.m2/repository/org/apache/hadoop/hadoop-minikdc/3.2.0/hadoop-minikdc-3.2.0.jar:/home/user/.m2/repository/commons-io/commons-io/2.5/commons-io-2.5.jar:/home/user/.m2/repository/org/apache/kerby/kerb-simplekdc/1.0.1/kerb-simplekdc-1.0.1.jar:/home/user/.m2/repository/org/apache/kerby/kerb-client/1.0.1/kerb-client-1.0.1.jar:/home/user/.m2/repository/org/apache/kerby/kerby-config/1.0.1/kerby-config-1.0.1.jar:/home/user/.m2/repository/org/apache/kerby/kerb-core/1.0.1/kerb-core-1.0.1.jar:/home/user/.m2/repository/org/apache/kerby/kerby-pkix/1.0.1/kerby-pkix-1.0.1.jar:/home/user/.m2/repository/org/apache/kerby/kerby-asn1/1.0.1/kerby-asn1-1.0.1.jar:/home/user/.m2/repository/org/apache/kerby/kerby-util/1.0.1/kerby-util-1.0.1.jar:/home/user/.m2/repository/org/apache/kerby/kerb-common/1.0.1/kerb-common-1.0.1.jar:/home/user/.m2/repository/org/apache/kerby/kerb-crypto/1.0.1/kerb-crypto-1.0.1.jar:/home/user/.m2/repository/org/apache/kerby/kerb-util/1.0.1/kerb-util-1.0.1.jar:/home/user/.m2/repository/org/apache/kerby/token-provider/1.0.1/token-provider-1.0.1.jar:/home/user/.m2/repository/org/apache/kerby/kerb-admin/1.0.1/kerb-admin-1.0.1.jar:/home/user/.m2/repository/org/apache/kerby/kerb-server/1.0.1/kerb-server-1.0.1.jar:/home/user/.m2/repository/org/apache/kerby/kerb-identity/1.0.1/kerb-identity-1.0.1.jar:/home/user/.m2/repository/org/apache/kerby/kerby-xdr/1.0.1/kerby-xdr-1.0.1.jar:/home/user/.m2/repository/org/slf4j/slf4j-log4j12/1.7.25/slf4j-log4j12-1.7.25.jar:/home/user/.m2/repository/org/apache/hadoop/hadoop-ozone-objectstore-service/0.5.0-SNAPSHOT/hadoop-ozone-objectstore-service-0.5.0-SNAPSHOT.jar:/home/user/.m2/repository/org/apache/hadoop/hadoop-ozone-s3gateway/0.5.0-SNAPSHOT/hadoop-ozone-s3gateway-0.5.0-SNAPSHOT.jar:/home/user/.m2/repository/org/jboss/weld/servlet/weld-servlet/2.4.7.Final/weld-servlet-2.4.7.Final.jar:/home/user/.m2/repository/org/glassfish/jersey/containers/jersey-container-servlet-core/2.27/jersey-container-servlet-core-2.27.jar:/home/user/.m2/repository/org/glassfish/hk2/external/javax.inject/2.5.0-b42/javax.inject-2.5.0-b42.jar:/home/user/.m2/repository/org/glassfish/jersey/core/jersey-common/2.27/jersey-common-2.27.jar:/home/user/.m2/repository/org/glassfish/hk2/osgi-resource-locator/1.0.1/osgi-resource-locator-1.0.1.jar:/home/user/.m2/repository/javax/ws/rs/javax.ws.rs-api/2.1/javax.ws.rs-api-2.1.jar:/home/user/.m2/repository/org/glassfish/jersey/ext/cdi/jersey-cdi1x/2.27/jersey-cdi1x-2.27.jar:/home/user/.m2/repository/org/glassfish/jersey/inject/jersey-hk2/2.27/jersey-hk2-2.27.jar:/home/user/.m2/repository/org/glassfish/hk2/hk2-locator/2.5.0-b42/hk2-locator-2.5.0-b42.jar:/home/user/.m2/repository/org/javassist/javassist/3.22.0-CR2/javassist-3.22.0-CR2.jar:/home/user/.m2/repository/org/glassfish/hk2/hk2-api/2.5.0/hk2-api-2.5.0.jar:/home/user/.m2/repository/org/glassfish/hk2/external/jakarta.inject/2.5.0/jakarta.inject-2.5.0.jar:/home/user/.m2/repository/org/glassfish/hk2/hk2-utils/2.5.0/hk2-utils-2.5.0.jar:/home/user/.m2/repository/jakarta/annotation/jakarta.annotation-api/1.3.4/jakarta.annotation-api-1.3.4.jar:/home/user/.m2/repository/org/glassfish/hk2/external/aopalliance-repackaged/2.5.0/aopalliance-repackaged-2.5.0.jar:/home/user/.m2/repository/com/fasterxml/jackson/dataformat/jackson-dataformat-xml/2.9.0/jackson-dataformat-xml-2.9.0.jar:/home/user/.m2/repository/com/fasterxml/jackson/core/jackson-core/2.9.5/jackson-core-2.9.5.jar:/home/user/.m2/repository/com/fasterxml/jackson/module/jackson-module-jaxb-annotations/2.9.5/jackson-module-jaxb-annotations-2.9.5.jar:/home/user/.m2/repository/javax/enterprise/cdi-api/1.2/cdi-api-1.2.jar:/home/user/.m2/repository/javax/el/javax.el-api/3.0.0/javax.el-api-3.0.0.jar:/home/user/.m2/repository/javax/interceptor/javax.interceptor-api/1.2/javax.interceptor-api-1.2.jar:/home/user/.m2/repository/javax/inject/javax.inject/1/javax.inject-1.jar:/home/user/.m2/repository/com/sun/xml/bind/jaxb-impl/2.3.0.1/jaxb-impl-2.3.0.1.jar:/home/user/.m2/repository/com/sun/xml/bind/jaxb-core/2.3.0.1/jaxb-core-2.3.0.1.jar:/home/user/.m2/repository/javax/xml/bind/jaxb-api/2.3.0/jaxb-api-2.3.0.jar:/home/user/.m2/repository/javax/activation/activation/1.1.1/activation-1.1.1.jar:/home/user/.m2/repository/org/apache/hadoop/hadoop-ozone-csi/0.5.0-SNAPSHOT/hadoop-ozone-csi-0.5.0-SNAPSHOT.jar:/home/user/.m2/repository/com/google/protobuf/protobuf-java-util/3.5.1/protobuf-java-util-3.5.1.jar:/home/user/.m2/repository/org/apache/hadoop/hadoop-hdds-config/0.5.0-SNAPSHOT/hadoop-hdds-config-0.5.0-SNAPSHOT.jar:/home/user/.m2/repository/io/grpc/grpc-netty/1.17.1/grpc-netty-1.17.1.jar:/home/user/.m2/repository/io/grpc/grpc-core/1.17.1/grpc-core-1.17.1.jar:/home/user/.m2/repository/io/grpc/grpc-context/1.17.1/grpc-context-1.17.1.jar:/home/user/.m2/repository/com/google/errorprone/error_prone_annotations/2.2.0/error_prone_annotations-2.2.0.jar:/home/user/.m2/repository/org/codehaus/mojo/animal-sniffer-annotations/1.17/animal-sniffer-annotations-1.17.jar:/home/user/.m2/repository/io/opencensus/opencensus-api/0.17.0/opencensus-api-0.17.0.jar:/home/user/.m2/repository/io/opencensus/opencensus-contrib-grpc-metrics/0.17.0/opencensus-contrib-grpc-metrics-0.17.0.jar:/home/user/.m2/repository/io/netty/netty-codec-http2/4.1.30.Final/netty-codec-http2-4.1.30.Final.jar:/home/user/.m2/repository/io/netty/netty-codec-http/4.1.30.Final/netty-codec-http-4.1.30.Final.jar:/home/user/.m2/repository/io/netty/netty-codec/4.1.30.Final/netty-codec-4.1.30.Final.jar:/home/user/.m2/repository/io/netty/netty-handler/4.1.30.Final/netty-handler-4.1.30.Final.jar:/home/user/.m2/repository/io/netty/netty-handler-proxy/4.1.30.Final/netty-handler-proxy-4.1.30.Final.jar:/home/user/.m2/repository/io/netty/netty-codec-socks/4.1.30.Final/netty-codec-socks-4.1.30.Final.jar:/home/user/.m2/repository/io/netty/netty-transport-native-epoll/4.1.30.Final/netty-transport-native-epoll-4.1.30.Final.jar:/home/user/.m2/repository/io/netty/netty-common/4.1.30.Final/netty-common-4.1.30.Final.jar:/home/user/.m2/repository/io/netty/netty-buffer/4.1.30.Final/netty-buffer-4.1.30.Final.jar:/home/user/.m2/repository/io/netty/netty-transport/4.1.30.Final/netty-transport-4.1.30.Final.jar:/home/user/.m2/repository/io/netty/netty-resolver/4.1.30.Final/netty-resolver-4.1.30.Final.jar:/home/user/.m2/repository/io/netty/netty-transport-native-unix-common/4.1.30.Final/netty-transport-native-unix-common-4.1.30.Final.jar:/home/user/.m2/repository/io/grpc/grpc-protobuf/1.17.1/grpc-protobuf-1.17.1.jar:/home/user/.m2/repository/com/google/api/grpc/proto-google-common-protos/1.0.0/proto-google-common-protos-1.0.0.jar:/home/user/.m2/repository/io/grpc/grpc-protobuf-lite/1.17.1/grpc-protobuf-lite-1.17.1.jar:/home/user/.m2/repository/io/grpc/grpc-stub/1.17.1/grpc-stub-1.17.1.jar:/home/user/.m2/repository/org/apache/hadoop/hadoop-ozone-recon/0.5.0-SNAPSHOT/hadoop-ozone-recon-0.5.0-SNAPSHOT.jar:/home/user/.m2/repository/org/apache/hadoop/hadoop-ozone-reconcodegen/0.5.0-SNAPSHOT/hadoop-ozone-reconcodegen-0.5.0-SNAPSHOT.jar:/home/user/.m2/repository/com/google/inject/extensions/guice-multibindings/4.0/guice-multibindings-4.0.jar:/home/user/.m2/repository/com/google/inject/guice/4.0/guice-4.0.jar:/home/user/.m2/repository/aopalliance/aopalliance/1.0/aopalliance-1.0.jar:/home/user/.m2/repository/com/google/inject/extensions/guice-servlet/4.0/guice-servlet-4.0.jar:/home/user/.m2/repository/org/glassfish/jersey/containers/jersey-container-servlet/2.27/jersey-container-servlet-2.27.jar:/home/user/.m2/repository/org/glassfish/hk2/guice-bridge/2.5.0/guice-bridge-2.5.0.jar:/home/user/.m2/repository/org/glassfish/jersey/core/jersey-server/2.27/jersey-server-2.27.jar:/home/user/.m2/repository/org/glassfish/jersey/core/jersey-client/2.27/jersey-client-2.27.jar:/home/user/.m2/repository/org/glassfish/jersey/media/jersey-media-jaxb/2.27/jersey-media-jaxb-2.27.jar:/home/user/.m2/repository/javax/validation/validation-api/1.1.0.Final/validation-api-1.1.0.Final.jar:/home/user/.m2/repository/org/glassfish/jersey/media/jersey-media-json-jackson/2.27/jersey-media-json-jackson-2.27.jar:/home/user/.m2/repository/org/glassfish/jersey/ext/jersey-entity-filtering/2.27/jersey-entity-filtering-2.27.jar:/home/user/.m2/repository/com/google/inject/extensions/guice-assistedinject/4.0/guice-assistedinject-4.0.jar:/home/user/.m2/repository/org/jooq/jooq/3.11.10/jooq-3.11.10.jar:/home/user/.m2/repository/org/jooq/jooq-meta/3.11.10/jooq-meta-3.11.10.jar:/home/user/.m2/repository/org/jooq/jooq-codegen/3.11.10/jooq-codegen-3.11.10.jar:/home/user/.m2/repository/com/jolbox/bonecp/0.8.0.RELEASE/bonecp-0.8.0.RELEASE.jar:/home/user/.m2/repository/org/xerial/sqlite-jdbc/3.25.2/sqlite-jdbc-3.25.2.jar:/home/user/.m2/repository/org/springframework/spring-jdbc/5.1.3.RELEASE/spring-jdbc-5.1.3.RELEASE.jar:/home/user/.m2/repository/org/springframework/spring-beans/5.1.3.RELEASE/spring-beans-5.1.3.RELEASE.jar:/home/user/.m2/repository/org/springframework/spring-core/5.1.3.RELEASE/spring-core-5.1.3.RELEASE.jar:/home/user/.m2/repository/org/springframework/spring-jcl/5.1.3.RELEASE/spring-jcl-5.1.3.RELEASE.jar:/home/user/.m2/repository/org/springframework/spring-tx/5.1.3.RELEASE/spring-tx-5.1.3.RELEASE.jar:/home/user/.m2/repository/org/apache/hadoop/hadoop-ozone-client/0.5.0-SNAPSHOT/hadoop-ozone-client-0.5.0-SNAPSHOT.jar:/home/user/.m2/repository/commons-lang/commons-lang/2.6/commons-lang-2.6.jar:/home/user/.m2/repository/org/apache/hadoop/hadoop-ozone-ozone-manager/0.5.0-SNAPSHOT/hadoop-ozone-ozone-manager-0.5.0-SNAPSHOT-tests.jar:/home/user/.m2/repository/junit/junit/4.11/junit-4.11.jar:/home/user/.m2/repository/org/hamcrest/hamcrest-core/1.3/hamcrest-core-1.3.jar:/home/user/.m2/repository/org/openjdk/jmh/jmh-core/1.19/jmh-core-1.19.jar:/home/user/.m2/repository/net/sf/jopt-simple/jopt-simple/4.6/jopt-simple-4.6.jar:/home/user/.m2/repository/org/apache/commons/commons-math3/3.1.1/commons-math3-3.1.1.jar:/home/user/.m2/repository/org/openjdk/jmh/jmh-generator-annprocess/1.19/jmh-generator-annprocess-1.19.jar:/home/user/.m2/repository/org/mockito/mockito-all/1.8.5/mockito-all-1.8.5.jar:/home/user/.m2/repository/org/apache/hadoop/hadoop-kms/3.2.0/hadoop-kms-3.2.0.jar:/home/user/.m2/repository/org/apache/hadoop/hadoop-auth/3.2.0/hadoop-auth-3.2.0.jar:/home/user/.m2/repository/com/nimbusds/nimbus-jose-jwt/4.41.1/nimbus-jose-jwt-4.41.1.jar:/home/user/.m2/repository/com/github/stephenc/jcip/jcip-annotations/1.0-1/jcip-annotations-1.0-1.jar:/home/user/.m2/repository/net/minidev/json-smart/2.3/json-smart-2.3.jar:/home/user/.m2/repository/net/minidev/accessors-smart/1.2/accessors-smart-1.2.jar:/home/user/.m2/repository/org/ow2/asm/asm/5.0.4/asm-5.0.4.jar:/home/user/.m2/repository/org/apache/curator/curator-framework/2.12.0/curator-framework-2.12.0.jar:/home/user/.m2/repository/com/sun/jersey/jersey-core/1.19/jersey-core-1.19.jar:/home/user/.m2/repository/javax/ws/rs/jsr311-api/1.1.1/jsr311-api-1.1.1.jar:/home/user/.m2/repository/com/sun/jersey/jersey-server/1.19/jersey-server-1.19.jar:/home/user/.m2/repository/javax/servlet/javax.servlet-api/3.1.0/javax.servlet-api-3.1.0.jar:/home/user/.m2/repository/org/eclipse/jetty/jetty-server/9.3.24.v20180605/jetty-server-9.3.24.v20180605.jar:/home/user/.m2/repository/org/eclipse/jetty/jetty-http/9.3.24.v20180605/jetty-http-9.3.24.v20180605.jar:/home/user/.m2/repository/org/eclipse/jetty/jetty-io/9.3.24.v20180605/jetty-io-9.3.24.v20180605.jar:/home/user/.m2/repository/org/eclipse/jetty/jetty-webapp/9.3.24.v20180605/jetty-webapp-9.3.24.v20180605.jar:/home/user/.m2/repository/org/eclipse/jetty/jetty-xml/9.3.24.v20180605/jetty-xml-9.3.24.v20180605.jar:/home/user/.m2/repository/log4j/log4j/1.2.17/log4j-1.2.17.jar:/home/user/.m2/repository/org/slf4j/slf4j-api/1.7.25/slf4j-api-1.7.25.jar:/home/user/.m2/repository/org/slf4j/jul-to-slf4j/1.7.25/jul-to-slf4j-1.7.25.jar:/home/user/.m2/repository/org/eclipse/jetty/jetty-util/9.3.24.v20180605/jetty-util-9.3.24.v20180605.jar:/home/user/.m2/repository/com/fasterxml/jackson/core/jackson-databind/2.9.5/jackson-databind-2.9.5.jar:/home/user/.m2/repository/org/apache/hadoop/hadoop-kms/3.2.0/hadoop-kms-3.2.0-tests.jar:/home/user/.m2/repository/org/apache/hadoop/hadoop-hdds-server-scm/0.5.0-SNAPSHOT/hadoop-hdds-server-scm-0.5.0-SNAPSHOT-tests.jar:/home/user/.m2/repository/org/apache/hadoop/hadoop-hdds-container-service/0.5.0-SNAPSHOT/hadoop-hdds-container-service-0.5.0-SNAPSHOT-tests.jar:/home/user/.m2/repository/org/yaml/snakeyaml/1.16/snakeyaml-1.16.jar:/home/user/.m2/repository/org/apache/hadoop/hadoop-common/3.2.0/hadoop-common-3.2.0-tests.jar:/home/user/.m2/repository/org/apache/hadoop/hadoop-annotations/3.2.0/hadoop-annotations-3.2.0.jar:/usr/lib/jvm/java-1.8-openjdk/jre/../lib/tools.jar:/home/user/.m2/repository/commons-cli/commons-cli/1.2/commons-cli-1.2.jar:/home/user/.m2/repository/org/apache/httpcomponents/httpclient/4.5.2/httpclient-4.5.2.jar:/home/user/.m2/repository/org/apache/httpcomponents/httpcore/4.4.4/httpcore-4.4.4.jar:/home/user/.m2/repository/commons-codec/commons-codec/1.11/commons-codec-1.11.jar:/home/user/.m2/repository/commons-net/commons-net/3.6/commons-net-3.6.jar:/home/user/.m2/repository/commons-collections/commons-collections/3.2.2/commons-collections-3.2.2.jar:/home/user/.m2/repository/org/eclipse/jetty/jetty-servlet/9.3.24.v20180605/jetty-servlet-9.3.24.v20180605.jar:/home/user/.m2/repository/org/eclipse/jetty/jetty-security/9.3.24.v20180605/jetty-security-9.3.24.v20180605.jar:/home/user/.m2/repository/javax/servlet/jsp/jsp-api/2.1/jsp-api-2.1.jar:/home/user/.m2/repository/com/sun/jersey/jersey-servlet/1.19/jersey-servlet-1.19.jar:/home/user/.m2/repository/com/sun/jersey/jersey-json/1.19/jersey-json-1.19.jar:/home/user/.m2/repository/org/codehaus/jettison/jettison/1.1/jettison-1.1.jar:/home/user/.m2/repository/org/codehaus/jackson/jackson-core-asl/1.9.13/jackson-core-asl-1.9.13.jar:/home/user/.m2/repository/org/codehaus/jackson/jackson-mapper-asl/1.9.13/jackson-mapper-asl-1.9.13.jar:/home/user/.m2/repository/org/codehaus/jackson/jackson-jaxrs/1.9.13/jackson-jaxrs-1.9.13.jar:/home/user/.m2/repository/org/codehaus/jackson/jackson-xc/1.9.13/jackson-xc-1.9.13.jar:/home/user/.m2/repository/commons-logging/commons-logging/1.1.3/commons-logging-1.1.3.jar:/home/user/.m2/repository/commons-beanutils/commons-beanutils/1.9.3/commons-beanutils-1.9.3.jar:/home/user/.m2/repository/org/apache/commons/commons-configuration2/2.1.1/commons-configuration2-2.1.1.jar:/home/user/.m2/repository/org/apache/commons/commons-lang3/3.7/commons-lang3-3.7.jar:/home/user/.m2/repository/org/apache/commons/commons-text/1.4/commons-text-1.4.jar:/home/user/.m2/repository/org/apache/avro/avro/1.7.7/avro-1.7.7.jar:/home/user/.m2/repository/com/thoughtworks/paranamer/paranamer/2.3/paranamer-2.3.jar:/home/user/.m2/repository/org/xerial/snappy/snappy-java/1.0.5/snappy-java-1.0.5.jar:/home/user/.m2/repository/com/google/re2j/re2j/1.1/re2j-1.1.jar:/home/user/.m2/repository/com/google/code/gson/gson/2.2.4/gson-2.2.4.jar:/home/user/.m2/repository/com/jcraft/jsch/0.1.54/jsch-0.1.54.jar:/home/user/.m2/repository/org/apache/curator/curator-client/2.12.0/curator-client-2.12.0.jar:/home/user/.m2/repository/org/apache/curator/curator-recipes/2.12.0/curator-recipes-2.12.0.jar:/home/user/.m2/repository/com/google/code/findbugs/jsr305/3.0.0/jsr305-3.0.0.jar:/home/user/.m2/repository/org/apache/htrace/htrace-core4/4.1.0-incubating/htrace-core4-4.1.0-incubating.jar:/home/user/.m2/repository/org/apache/zookeeper/zookeeper/3.4.13/zookeeper-3.4.13.jar:/home/user/.m2/repository/org/apache/yetus/audience-annotations/0.5.0/audience-annotations-0.5.0.jar:/home/user/.m2/repository/org/codehaus/woodstox/stax2-api/3.1.4/stax2-api-3.1.4.jar:/home/user/.m2/repository/com/fasterxml/woodstox/woodstox-core/5.0.3/woodstox-core-5.0.3.jar:/home/user/.m2/repository/dnsjava/dnsjava/2.1.7/dnsjava-2.1.7.jar:/home/user/.m2/repository/org/apache/hadoop/hadoop-hdfs/3.2.0/hadoop-hdfs-3.2.0-tests.jar:/home/user/.m2/repository/org/eclipse/jetty/jetty-util-ajax/9.3.24.v20180605/jetty-util-ajax-9.3.24.v20180605.jar:/home/user/.m2/repository/commons-daemon/commons-daemon/1.0.13/commons-daemon-1.0.13.jar:/home/user/.m2/repository/io/netty/netty/3.10.5.Final/netty-3.10.5.Final.jar:/home/user/.m2/repository/io/netty/netty-all/4.0.52.Final/netty-all-4.0.52.Final.jar:/home/user/.m2/repository/org/fusesource/leveldbjni/leveldbjni-all/1.8/leveldbjni-all-1.8.jar:"/>
    <property name="java.vm.vendor" value="IcedTea"/>
    <property name="sun.arch.data.model" value="64"/>
    <property name="test.build.dir" value="/workdir/hadoop-ozone/integration-test/target/test-dir"/>
    <property name="test.cache.data" value=""/>
    <property name="java.vendor.url" value="https://icedtea.classpath.org"/>
    <property name="user.timezone" value=""/>
    <property name="java.vm.specification.version" value="1.8"/>
    <property name="os.name" value="Linux"/>
    <property name="test.build.data" value="/workdir/hadoop-ozone/integration-test/target/test-dir"/>
    <property name="user.country" value="US"/>
    <property name="sun.java.launcher" value="SUN_STANDARD"/>
    <property name="sun.boot.library.path" value="/usr/lib/jvm/java-1.8-openjdk/jre/lib/amd64"/>
    <property name="sun.java.command" value="/workdir/hadoop-ozone/integration-test/target/surefire/surefirebooter4877313896271032193.jar /workdir/hadoop-ozone/integration-test/target/surefire 2019-09-12T10-07-27_366-jvmRun1 surefire2858384178947460286tmp surefire_285192522064935333525tmp"/>
    <property name="test" value="!TestMiniChaosOzoneCluster"/>
    <property name="surefire.test.class.path" value="/workdir/hadoop-ozone/integration-test/target/test-classes:/workdir/hadoop-ozone/integration-test/target/classes:/home/user/.m2/repository/org/apache/hadoop/hadoop-ozone-common/0.5.0-SNAPSHOT/hadoop-ozone-common-0.5.0-SNAPSHOT.jar:/home/user/.m2/repository/org/apache/commons/commons-compress/1.4.1/commons-compress-1.4.1.jar:/home/user/.m2/repository/org/tukaani/xz/1.0/xz-1.0.jar:/home/user/.m2/repository/org/apache/hadoop/hadoop-common/3.2.0/hadoop-common-3.2.0.jar:/home/user/.m2/repository/org/apache/hadoop/hadoop-hdfs/3.2.0/hadoop-hdfs-3.2.0.jar:/home/user/.m2/repository/org/apache/hadoop/hadoop-hdfs-client/3.2.0/hadoop-hdfs-client-3.2.0.jar:/home/user/.m2/repository/com/fasterxml/jackson/core/jackson-annotations/2.9.5/jackson-annotations-2.9.5.jar:/home/user/.m2/repository/org/apache/hadoop/hadoop-hdds-common/0.5.0-SNAPSHOT/hadoop-hdds-common-0.5.0-SNAPSHOT.jar:/home/user/.m2/repository/javax/annotation/javax.annotation-api/1.2/javax.annotation-api-1.2.jar:/home/user/.m2/repository/org/apache/ratis/ratis-server/0.4.0-2337318-SNAPSHOT/ratis-server-0.4.0-2337318-SNAPSHOT.jar:/home/user/.m2/repository/org/apache/ratis/ratis-thirdparty-misc/0.2.0/ratis-thirdparty-misc-0.2.0.jar:/home/user/.m2/repository/org/apache/ratis/ratis-proto/0.4.0-2337318-SNAPSHOT/ratis-proto-0.4.0-2337318-SNAPSHOT.jar:/home/user/.m2/repository/org/apache/ratis/ratis-common/0.4.0-2337318-SNAPSHOT/ratis-common-0.4.0-2337318-SNAPSHOT.jar:/home/user/.m2/repository/org/apache/ratis/ratis-client/0.4.0-2337318-SNAPSHOT/ratis-client-0.4.0-2337318-SNAPSHOT.jar:/home/user/.m2/repository/org/apache/ratis/ratis-metrics/0.4.0-2337318-SNAPSHOT/ratis-metrics-0.4.0-2337318-SNAPSHOT.jar:/home/user/.m2/repository/org/apache/ratis/ratis-netty/0.4.0-2337318-SNAPSHOT/ratis-netty-0.4.0-2337318-SNAPSHOT.jar:/home/user/.m2/repository/org/apache/ratis/ratis-grpc/0.4.0-2337318-SNAPSHOT/ratis-grpc-0.4.0-2337318-SNAPSHOT.jar:/home/user/.m2/repository/org/rocksdb/rocksdbjni/6.0.1/rocksdbjni-6.0.1.jar:/home/user/.m2/repository/org/apache/logging/log4j/log4j-api/2.11.0/log4j-api-2.11.0.jar:/home/user/.m2/repository/org/apache/logging/log4j/log4j-core/2.11.0/log4j-core-2.11.0.jar:/home/user/.m2/repository/com/lmax/disruptor/3.4.2/disruptor-3.4.2.jar:/home/user/.m2/repository/org/apache/commons/commons-pool2/2.6.0/commons-pool2-2.6.0.jar:/home/user/.m2/repository/org/bouncycastle/bcpkix-jdk15on/1.60/bcpkix-jdk15on-1.60.jar:/home/user/.m2/repository/commons-validator/commons-validator/1.6/commons-validator-1.6.jar:/home/user/.m2/repository/commons-digester/commons-digester/1.8.1/commons-digester-1.8.1.jar:/home/user/.m2/repository/io/jaegertracing/jaeger-client/0.33.1/jaeger-client-0.33.1.jar:/home/user/.m2/repository/io/jaegertracing/jaeger-thrift/0.33.1/jaeger-thrift-0.33.1.jar:/home/user/.m2/repository/org/apache/thrift/libthrift/0.11.0/libthrift-0.11.0.jar:/home/user/.m2/repository/com/squareup/okhttp3/okhttp/3.9.0/okhttp-3.9.0.jar:/home/user/.m2/repository/com/squareup/okio/okio/1.13.0/okio-1.13.0.jar:/home/user/.m2/repository/io/jaegertracing/jaeger-core/0.33.1/jaeger-core-0.33.1.jar:/home/user/.m2/repository/io/jaegertracing/jaeger-tracerresolver/0.33.1/jaeger-tracerresolver-0.33.1.jar:/home/user/.m2/repository/io/opentracing/contrib/opentracing-tracerresolver/0.1.5/opentracing-tracerresolver-0.1.5.jar:/home/user/.m2/repository/io/opentracing/opentracing-util/0.31.0/opentracing-util-0.31.0.jar:/home/user/.m2/repository/io/opentracing/opentracing-api/0.31.0/opentracing-api-0.31.0.jar:/home/user/.m2/repository/io/opentracing/opentracing-noop/0.31.0/opentracing-noop-0.31.0.jar:/home/user/.m2/repository/org/apache/hadoop/hadoop-hdds-server-framework/0.5.0-SNAPSHOT/hadoop-hdds-server-framework-0.5.0-SNAPSHOT.jar:/home/user/.m2/repository/org/apache/hadoop/hadoop-hdds-container-service/0.5.0-SNAPSHOT/hadoop-hdds-container-service-0.5.0-SNAPSHOT.jar:/home/user/.m2/repository/org/apache/hadoop/hadoop-hdds-client/0.5.0-SNAPSHOT/hadoop-hdds-client-0.5.0-SNAPSHOT.jar:/home/user/.m2/repository/org/apache/hadoop/hadoop-hdds-tools/0.5.0-SNAPSHOT/hadoop-hdds-tools-0.5.0-SNAPSHOT.jar:/home/user/.m2/repository/org/apache/hadoop/hadoop-hdds-server-scm/0.5.0-SNAPSHOT/hadoop-hdds-server-scm-0.5.0-SNAPSHOT.jar:/home/user/.m2/repository/org/apache/hadoop/hadoop-hdds-docs/0.5.0-SNAPSHOT/hadoop-hdds-docs-0.5.0-SNAPSHOT.jar:/home/user/.m2/repository/io/dropwizard/metrics/metrics-core/3.2.4/metrics-core-3.2.4.jar:/home/user/.m2/repository/org/hamcrest/hamcrest-all/1.3/hamcrest-all-1.3.jar:/home/user/.m2/repository/org/bouncycastle/bcprov-jdk15on/1.60/bcprov-jdk15on-1.60.jar:/home/user/.m2/repository/info/picocli/picocli/3.9.6/picocli-3.9.6.jar:/home/user/.m2/repository/com/google/protobuf/protobuf-java/2.5.0/protobuf-java-2.5.0.jar:/home/user/.m2/repository/com/google/guava/guava/11.0.2/guava-11.0.2.jar:/home/user/.m2/repository/org/apache/hadoop/hadoop-ozone-ozone-manager/0.5.0-SNAPSHOT/hadoop-ozone-ozone-manager-0.5.0-SNAPSHOT.jar:/home/user/.m2/repository/org/apache/hadoop/hadoop-minikdc/3.2.0/hadoop-minikdc-3.2.0.jar:/home/user/.m2/repository/commons-io/commons-io/2.5/commons-io-2.5.jar:/home/user/.m2/repository/org/apache/kerby/kerb-simplekdc/1.0.1/kerb-simplekdc-1.0.1.jar:/home/user/.m2/repository/org/apache/kerby/kerb-client/1.0.1/kerb-client-1.0.1.jar:/home/user/.m2/repository/org/apache/kerby/kerby-config/1.0.1/kerby-config-1.0.1.jar:/home/user/.m2/repository/org/apache/kerby/kerb-core/1.0.1/kerb-core-1.0.1.jar:/home/user/.m2/repository/org/apache/kerby/kerby-pkix/1.0.1/kerby-pkix-1.0.1.jar:/home/user/.m2/repository/org/apache/kerby/kerby-asn1/1.0.1/kerby-asn1-1.0.1.jar:/home/user/.m2/repository/org/apache/kerby/kerby-util/1.0.1/kerby-util-1.0.1.jar:/home/user/.m2/repository/org/apache/kerby/kerb-common/1.0.1/kerb-common-1.0.1.jar:/home/user/.m2/repository/org/apache/kerby/kerb-crypto/1.0.1/kerb-crypto-1.0.1.jar:/home/user/.m2/repository/org/apache/kerby/kerb-util/1.0.1/kerb-util-1.0.1.jar:/home/user/.m2/repository/org/apache/kerby/token-provider/1.0.1/token-provider-1.0.1.jar:/home/user/.m2/repository/org/apache/kerby/kerb-admin/1.0.1/kerb-admin-1.0.1.jar:/home/user/.m2/repository/org/apache/kerby/kerb-server/1.0.1/kerb-server-1.0.1.jar:/home/user/.m2/repository/org/apache/kerby/kerb-identity/1.0.1/kerb-identity-1.0.1.jar:/home/user/.m2/repository/org/apache/kerby/kerby-xdr/1.0.1/kerby-xdr-1.0.1.jar:/home/user/.m2/repository/org/slf4j/slf4j-log4j12/1.7.25/slf4j-log4j12-1.7.25.jar:/home/user/.m2/repository/org/apache/hadoop/hadoop-ozone-objectstore-service/0.5.0-SNAPSHOT/hadoop-ozone-objectstore-service-0.5.0-SNAPSHOT.jar:/home/user/.m2/repository/org/apache/hadoop/hadoop-ozone-s3gateway/0.5.0-SNAPSHOT/hadoop-ozone-s3gateway-0.5.0-SNAPSHOT.jar:/home/user/.m2/repository/org/jboss/weld/servlet/weld-servlet/2.4.7.Final/weld-servlet-2.4.7.Final.jar:/home/user/.m2/repository/org/glassfish/jersey/containers/jersey-container-servlet-core/2.27/jersey-container-servlet-core-2.27.jar:/home/user/.m2/repository/org/glassfish/hk2/external/javax.inject/2.5.0-b42/javax.inject-2.5.0-b42.jar:/home/user/.m2/repository/org/glassfish/jersey/core/jersey-common/2.27/jersey-common-2.27.jar:/home/user/.m2/repository/org/glassfish/hk2/osgi-resource-locator/1.0.1/osgi-resource-locator-1.0.1.jar:/home/user/.m2/repository/javax/ws/rs/javax.ws.rs-api/2.1/javax.ws.rs-api-2.1.jar:/home/user/.m2/repository/org/glassfish/jersey/ext/cdi/jersey-cdi1x/2.27/jersey-cdi1x-2.27.jar:/home/user/.m2/repository/org/glassfish/jersey/inject/jersey-hk2/2.27/jersey-hk2-2.27.jar:/home/user/.m2/repository/org/glassfish/hk2/hk2-locator/2.5.0-b42/hk2-locator-2.5.0-b42.jar:/home/user/.m2/repository/org/javassist/javassist/3.22.0-CR2/javassist-3.22.0-CR2.jar:/home/user/.m2/repository/org/glassfish/hk2/hk2-api/2.5.0/hk2-api-2.5.0.jar:/home/user/.m2/repository/org/glassfish/hk2/external/jakarta.inject/2.5.0/jakarta.inject-2.5.0.jar:/home/user/.m2/repository/org/glassfish/hk2/hk2-utils/2.5.0/hk2-utils-2.5.0.jar:/home/user/.m2/repository/jakarta/annotation/jakarta.annotation-api/1.3.4/jakarta.annotation-api-1.3.4.jar:/home/user/.m2/repository/org/glassfish/hk2/external/aopalliance-repackaged/2.5.0/aopalliance-repackaged-2.5.0.jar:/home/user/.m2/repository/com/fasterxml/jackson/dataformat/jackson-dataformat-xml/2.9.0/jackson-dataformat-xml-2.9.0.jar:/home/user/.m2/repository/com/fasterxml/jackson/core/jackson-core/2.9.5/jackson-core-2.9.5.jar:/home/user/.m2/repository/com/fasterxml/jackson/module/jackson-module-jaxb-annotations/2.9.5/jackson-module-jaxb-annotations-2.9.5.jar:/home/user/.m2/repository/javax/enterprise/cdi-api/1.2/cdi-api-1.2.jar:/home/user/.m2/repository/javax/el/javax.el-api/3.0.0/javax.el-api-3.0.0.jar:/home/user/.m2/repository/javax/interceptor/javax.interceptor-api/1.2/javax.interceptor-api-1.2.jar:/home/user/.m2/repository/javax/inject/javax.inject/1/javax.inject-1.jar:/home/user/.m2/repository/com/sun/xml/bind/jaxb-impl/2.3.0.1/jaxb-impl-2.3.0.1.jar:/home/user/.m2/repository/com/sun/xml/bind/jaxb-core/2.3.0.1/jaxb-core-2.3.0.1.jar:/home/user/.m2/repository/javax/xml/bind/jaxb-api/2.3.0/jaxb-api-2.3.0.jar:/home/user/.m2/repository/javax/activation/activation/1.1.1/activation-1.1.1.jar:/home/user/.m2/repository/org/apache/hadoop/hadoop-ozone-csi/0.5.0-SNAPSHOT/hadoop-ozone-csi-0.5.0-SNAPSHOT.jar:/home/user/.m2/repository/com/google/protobuf/protobuf-java-util/3.5.1/protobuf-java-util-3.5.1.jar:/home/user/.m2/repository/org/apache/hadoop/hadoop-hdds-config/0.5.0-SNAPSHOT/hadoop-hdds-config-0.5.0-SNAPSHOT.jar:/home/user/.m2/repository/io/grpc/grpc-netty/1.17.1/grpc-netty-1.17.1.jar:/home/user/.m2/repository/io/grpc/grpc-core/1.17.1/grpc-core-1.17.1.jar:/home/user/.m2/repository/io/grpc/grpc-context/1.17.1/grpc-context-1.17.1.jar:/home/user/.m2/repository/com/google/errorprone/error_prone_annotations/2.2.0/error_prone_annotations-2.2.0.jar:/home/user/.m2/repository/org/codehaus/mojo/animal-sniffer-annotations/1.17/animal-sniffer-annotations-1.17.jar:/home/user/.m2/repository/io/opencensus/opencensus-api/0.17.0/opencensus-api-0.17.0.jar:/home/user/.m2/repository/io/opencensus/opencensus-contrib-grpc-metrics/0.17.0/opencensus-contrib-grpc-metrics-0.17.0.jar:/home/user/.m2/repository/io/netty/netty-codec-http2/4.1.30.Final/netty-codec-http2-4.1.30.Final.jar:/home/user/.m2/repository/io/netty/netty-codec-http/4.1.30.Final/netty-codec-http-4.1.30.Final.jar:/home/user/.m2/repository/io/netty/netty-codec/4.1.30.Final/netty-codec-4.1.30.Final.jar:/home/user/.m2/repository/io/netty/netty-handler/4.1.30.Final/netty-handler-4.1.30.Final.jar:/home/user/.m2/repository/io/netty/netty-handler-proxy/4.1.30.Final/netty-handler-proxy-4.1.30.Final.jar:/home/user/.m2/repository/io/netty/netty-codec-socks/4.1.30.Final/netty-codec-socks-4.1.30.Final.jar:/home/user/.m2/repository/io/netty/netty-transport-native-epoll/4.1.30.Final/netty-transport-native-epoll-4.1.30.Final.jar:/home/user/.m2/repository/io/netty/netty-common/4.1.30.Final/netty-common-4.1.30.Final.jar:/home/user/.m2/repository/io/netty/netty-buffer/4.1.30.Final/netty-buffer-4.1.30.Final.jar:/home/user/.m2/repository/io/netty/netty-transport/4.1.30.Final/netty-transport-4.1.30.Final.jar:/home/user/.m2/repository/io/netty/netty-resolver/4.1.30.Final/netty-resolver-4.1.30.Final.jar:/home/user/.m2/repository/io/netty/netty-transport-native-unix-common/4.1.30.Final/netty-transport-native-unix-common-4.1.30.Final.jar:/home/user/.m2/repository/io/grpc/grpc-protobuf/1.17.1/grpc-protobuf-1.17.1.jar:/home/user/.m2/repository/com/google/api/grpc/proto-google-common-protos/1.0.0/proto-google-common-protos-1.0.0.jar:/home/user/.m2/repository/io/grpc/grpc-protobuf-lite/1.17.1/grpc-protobuf-lite-1.17.1.jar:/home/user/.m2/repository/io/grpc/grpc-stub/1.17.1/grpc-stub-1.17.1.jar:/home/user/.m2/repository/org/apache/hadoop/hadoop-ozone-recon/0.5.0-SNAPSHOT/hadoop-ozone-recon-0.5.0-SNAPSHOT.jar:/home/user/.m2/repository/org/apache/hadoop/hadoop-ozone-reconcodegen/0.5.0-SNAPSHOT/hadoop-ozone-reconcodegen-0.5.0-SNAPSHOT.jar:/home/user/.m2/repository/com/google/inject/extensions/guice-multibindings/4.0/guice-multibindings-4.0.jar:/home/user/.m2/repository/com/google/inject/guice/4.0/guice-4.0.jar:/home/user/.m2/repository/aopalliance/aopalliance/1.0/aopalliance-1.0.jar:/home/user/.m2/repository/com/google/inject/extensions/guice-servlet/4.0/guice-servlet-4.0.jar:/home/user/.m2/repository/org/glassfish/jersey/containers/jersey-container-servlet/2.27/jersey-container-servlet-2.27.jar:/home/user/.m2/repository/org/glassfish/hk2/guice-bridge/2.5.0/guice-bridge-2.5.0.jar:/home/user/.m2/repository/org/glassfish/jersey/core/jersey-server/2.27/jersey-server-2.27.jar:/home/user/.m2/repository/org/glassfish/jersey/core/jersey-client/2.27/jersey-client-2.27.jar:/home/user/.m2/repository/org/glassfish/jersey/media/jersey-media-jaxb/2.27/jersey-media-jaxb-2.27.jar:/home/user/.m2/repository/javax/validation/validation-api/1.1.0.Final/validation-api-1.1.0.Final.jar:/home/user/.m2/repository/org/glassfish/jersey/media/jersey-media-json-jackson/2.27/jersey-media-json-jackson-2.27.jar:/home/user/.m2/repository/org/glassfish/jersey/ext/jersey-entity-filtering/2.27/jersey-entity-filtering-2.27.jar:/home/user/.m2/repository/com/google/inject/extensions/guice-assistedinject/4.0/guice-assistedinject-4.0.jar:/home/user/.m2/repository/org/jooq/jooq/3.11.10/jooq-3.11.10.jar:/home/user/.m2/repository/org/jooq/jooq-meta/3.11.10/jooq-meta-3.11.10.jar:/home/user/.m2/repository/org/jooq/jooq-codegen/3.11.10/jooq-codegen-3.11.10.jar:/home/user/.m2/repository/com/jolbox/bonecp/0.8.0.RELEASE/bonecp-0.8.0.RELEASE.jar:/home/user/.m2/repository/org/xerial/sqlite-jdbc/3.25.2/sqlite-jdbc-3.25.2.jar:/home/user/.m2/repository/org/springframework/spring-jdbc/5.1.3.RELEASE/spring-jdbc-5.1.3.RELEASE.jar:/home/user/.m2/repository/org/springframework/spring-beans/5.1.3.RELEASE/spring-beans-5.1.3.RELEASE.jar:/home/user/.m2/repository/org/springframework/spring-core/5.1.3.RELEASE/spring-core-5.1.3.RELEASE.jar:/home/user/.m2/repository/org/springframework/spring-jcl/5.1.3.RELEASE/spring-jcl-5.1.3.RELEASE.jar:/home/user/.m2/repository/org/springframework/spring-tx/5.1.3.RELEASE/spring-tx-5.1.3.RELEASE.jar:/home/user/.m2/repository/org/apache/hadoop/hadoop-ozone-client/0.5.0-SNAPSHOT/hadoop-ozone-client-0.5.0-SNAPSHOT.jar:/home/user/.m2/repository/commons-lang/commons-lang/2.6/commons-lang-2.6.jar:/home/user/.m2/repository/org/apache/hadoop/hadoop-ozone-ozone-manager/0.5.0-SNAPSHOT/hadoop-ozone-ozone-manager-0.5.0-SNAPSHOT-tests.jar:/home/user/.m2/repository/junit/junit/4.11/junit-4.11.jar:/home/user/.m2/repository/org/hamcrest/hamcrest-core/1.3/hamcrest-core-1.3.jar:/home/user/.m2/repository/org/openjdk/jmh/jmh-core/1.19/jmh-core-1.19.jar:/home/user/.m2/repository/net/sf/jopt-simple/jopt-simple/4.6/jopt-simple-4.6.jar:/home/user/.m2/repository/org/apache/commons/commons-math3/3.1.1/commons-math3-3.1.1.jar:/home/user/.m2/repository/org/openjdk/jmh/jmh-generator-annprocess/1.19/jmh-generator-annprocess-1.19.jar:/home/user/.m2/repository/org/mockito/mockito-all/1.8.5/mockito-all-1.8.5.jar:/home/user/.m2/repository/org/apache/hadoop/hadoop-kms/3.2.0/hadoop-kms-3.2.0.jar:/home/user/.m2/repository/org/apache/hadoop/hadoop-auth/3.2.0/hadoop-auth-3.2.0.jar:/home/user/.m2/repository/com/nimbusds/nimbus-jose-jwt/4.41.1/nimbus-jose-jwt-4.41.1.jar:/home/user/.m2/repository/com/github/stephenc/jcip/jcip-annotations/1.0-1/jcip-annotations-1.0-1.jar:/home/user/.m2/repository/net/minidev/json-smart/2.3/json-smart-2.3.jar:/home/user/.m2/repository/net/minidev/accessors-smart/1.2/accessors-smart-1.2.jar:/home/user/.m2/repository/org/ow2/asm/asm/5.0.4/asm-5.0.4.jar:/home/user/.m2/repository/org/apache/curator/curator-framework/2.12.0/curator-framework-2.12.0.jar:/home/user/.m2/repository/com/sun/jersey/jersey-core/1.19/jersey-core-1.19.jar:/home/user/.m2/repository/javax/ws/rs/jsr311-api/1.1.1/jsr311-api-1.1.1.jar:/home/user/.m2/repository/com/sun/jersey/jersey-server/1.19/jersey-server-1.19.jar:/home/user/.m2/repository/javax/servlet/javax.servlet-api/3.1.0/javax.servlet-api-3.1.0.jar:/home/user/.m2/repository/org/eclipse/jetty/jetty-server/9.3.24.v20180605/jetty-server-9.3.24.v20180605.jar:/home/user/.m2/repository/org/eclipse/jetty/jetty-http/9.3.24.v20180605/jetty-http-9.3.24.v20180605.jar:/home/user/.m2/repository/org/eclipse/jetty/jetty-io/9.3.24.v20180605/jetty-io-9.3.24.v20180605.jar:/home/user/.m2/repository/org/eclipse/jetty/jetty-webapp/9.3.24.v20180605/jetty-webapp-9.3.24.v20180605.jar:/home/user/.m2/repository/org/eclipse/jetty/jetty-xml/9.3.24.v20180605/jetty-xml-9.3.24.v20180605.jar:/home/user/.m2/repository/log4j/log4j/1.2.17/log4j-1.2.17.jar:/home/user/.m2/repository/org/slf4j/slf4j-api/1.7.25/slf4j-api-1.7.25.jar:/home/user/.m2/repository/org/slf4j/jul-to-slf4j/1.7.25/jul-to-slf4j-1.7.25.jar:/home/user/.m2/repository/org/eclipse/jetty/jetty-util/9.3.24.v20180605/jetty-util-9.3.24.v20180605.jar:/home/user/.m2/repository/com/fasterxml/jackson/core/jackson-databind/2.9.5/jackson-databind-2.9.5.jar:/home/user/.m2/repository/org/apache/hadoop/hadoop-kms/3.2.0/hadoop-kms-3.2.0-tests.jar:/home/user/.m2/repository/org/apache/hadoop/hadoop-hdds-server-scm/0.5.0-SNAPSHOT/hadoop-hdds-server-scm-0.5.0-SNAPSHOT-tests.jar:/home/user/.m2/repository/org/apache/hadoop/hadoop-hdds-container-service/0.5.0-SNAPSHOT/hadoop-hdds-container-service-0.5.0-SNAPSHOT-tests.jar:/home/user/.m2/repository/org/yaml/snakeyaml/1.16/snakeyaml-1.16.jar:/home/user/.m2/repository/org/apache/hadoop/hadoop-common/3.2.0/hadoop-common-3.2.0-tests.jar:/home/user/.m2/repository/org/apache/hadoop/hadoop-annotations/3.2.0/hadoop-annotations-3.2.0.jar:/usr/lib/jvm/java-1.8-openjdk/jre/../lib/tools.jar:/home/user/.m2/repository/commons-cli/commons-cli/1.2/commons-cli-1.2.jar:/home/user/.m2/repository/org/apache/httpcomponents/httpclient/4.5.2/httpclient-4.5.2.jar:/home/user/.m2/repository/org/apache/httpcomponents/httpcore/4.4.4/httpcore-4.4.4.jar:/home/user/.m2/repository/commons-codec/commons-codec/1.11/commons-codec-1.11.jar:/home/user/.m2/repository/commons-net/commons-net/3.6/commons-net-3.6.jar:/home/user/.m2/repository/commons-collections/commons-collections/3.2.2/commons-collections-3.2.2.jar:/home/user/.m2/repository/org/eclipse/jetty/jetty-servlet/9.3.24.v20180605/jetty-servlet-9.3.24.v20180605.jar:/home/user/.m2/repository/org/eclipse/jetty/jetty-security/9.3.24.v20180605/jetty-security-9.3.24.v20180605.jar:/home/user/.m2/repository/javax/servlet/jsp/jsp-api/2.1/jsp-api-2.1.jar:/home/user/.m2/repository/com/sun/jersey/jersey-servlet/1.19/jersey-servlet-1.19.jar:/home/user/.m2/repository/com/sun/jersey/jersey-json/1.19/jersey-json-1.19.jar:/home/user/.m2/repository/org/codehaus/jettison/jettison/1.1/jettison-1.1.jar:/home/user/.m2/repository/org/codehaus/jackson/jackson-core-asl/1.9.13/jackson-core-asl-1.9.13.jar:/home/user/.m2/repository/org/codehaus/jackson/jackson-mapper-asl/1.9.13/jackson-mapper-asl-1.9.13.jar:/home/user/.m2/repository/org/codehaus/jackson/jackson-jaxrs/1.9.13/jackson-jaxrs-1.9.13.jar:/home/user/.m2/repository/org/codehaus/jackson/jackson-xc/1.9.13/jackson-xc-1.9.13.jar:/home/user/.m2/repository/commons-logging/commons-logging/1.1.3/commons-logging-1.1.3.jar:/home/user/.m2/repository/commons-beanutils/commons-beanutils/1.9.3/commons-beanutils-1.9.3.jar:/home/user/.m2/repository/org/apache/commons/commons-configuration2/2.1.1/commons-configuration2-2.1.1.jar:/home/user/.m2/repository/org/apache/commons/commons-lang3/3.7/commons-lang3-3.7.jar:/home/user/.m2/repository/org/apache/commons/commons-text/1.4/commons-text-1.4.jar:/home/user/.m2/repository/org/apache/avro/avro/1.7.7/avro-1.7.7.jar:/home/user/.m2/repository/com/thoughtworks/paranamer/paranamer/2.3/paranamer-2.3.jar:/home/user/.m2/repository/org/xerial/snappy/snappy-java/1.0.5/snappy-java-1.0.5.jar:/home/user/.m2/repository/com/google/re2j/re2j/1.1/re2j-1.1.jar:/home/user/.m2/repository/com/google/code/gson/gson/2.2.4/gson-2.2.4.jar:/home/user/.m2/repository/com/jcraft/jsch/0.1.54/jsch-0.1.54.jar:/home/user/.m2/repository/org/apache/curator/curator-client/2.12.0/curator-client-2.12.0.jar:/home/user/.m2/repository/org/apache/curator/curator-recipes/2.12.0/curator-recipes-2.12.0.jar:/home/user/.m2/repository/com/google/code/findbugs/jsr305/3.0.0/jsr305-3.0.0.jar:/home/user/.m2/repository/org/apache/htrace/htrace-core4/4.1.0-incubating/htrace-core4-4.1.0-incubating.jar:/home/user/.m2/repository/org/apache/zookeeper/zookeeper/3.4.13/zookeeper-3.4.13.jar:/home/user/.m2/repository/org/apache/yetus/audience-annotations/0.5.0/audience-annotations-0.5.0.jar:/home/user/.m2/repository/org/codehaus/woodstox/stax2-api/3.1.4/stax2-api-3.1.4.jar:/home/user/.m2/repository/com/fasterxml/woodstox/woodstox-core/5.0.3/woodstox-core-5.0.3.jar:/home/user/.m2/repository/dnsjava/dnsjava/2.1.7/dnsjava-2.1.7.jar:/home/user/.m2/repository/org/apache/hadoop/hadoop-hdfs/3.2.0/hadoop-hdfs-3.2.0-tests.jar:/home/user/.m2/repository/org/eclipse/jetty/jetty-util-ajax/9.3.24.v20180605/jetty-util-ajax-9.3.24.v20180605.jar:/home/user/.m2/repository/commons-daemon/commons-daemon/1.0.13/commons-daemon-1.0.13.jar:/home/user/.m2/repository/io/netty/netty/3.10.5.Final/netty-3.10.5.Final.jar:/home/user/.m2/repository/io/netty/netty-all/4.0.52.Final/netty-all-4.0.52.Final.jar:/home/user/.m2/repository/org/fusesource/leveldbjni/leveldbjni-all/1.8/leveldbjni-all-1.8.jar:"/>
    <property name="sun.cpu.endian" value="little"/>
    <property name="user.home" value="/home/user"/>
    <property name="user.language" value="en"/>
    <property name="java.specification.vendor" value="Oracle Corporation"/>
    <property name="java.home" value="/usr/lib/jvm/java-1.8-openjdk/jre"/>
    <property name="java.security.krb5.conf" value="/workdir/hadoop-ozone/integration-test/target/test-classes/krb5.conf"/>
    <property name="basedir" value="/workdir/hadoop-ozone/integration-test"/>
    <property name="file.separator" value="/"/>
    <property name="line.separator" value="&#10;"/>
    <property name="java.vm.specification.vendor" value="Oracle Corporation"/>
    <property name="java.specification.name" value="Java Platform API Specification"/>
    <property name="java.awt.graphicsenv" value="sun.awt.X11GraphicsEnvironment"/>
    <property name="surefire.real.class.path" value="/workdir/hadoop-ozone/integration-test/target/surefire/surefirebooter4877313896271032193.jar"/>
    <property name="hadoop.log.dir" value="/workdir/hadoop-ozone/integration-test/target/log"/>
    <property name="sun.boot.class.path" value="/usr/lib/jvm/java-1.8-openjdk/jre/lib/resources.jar:/usr/lib/jvm/java-1.8-openjdk/jre/lib/rt.jar:/usr/lib/jvm/java-1.8-openjdk/jre/lib/sunrsasign.jar:/usr/lib/jvm/java-1.8-openjdk/jre/lib/jsse.jar:/usr/lib/jvm/java-1.8-openjdk/jre/lib/jce.jar:/usr/lib/jvm/java-1.8-openjdk/jre/lib/charsets.jar:/usr/lib/jvm/java-1.8-openjdk/jre/lib/jfr.jar:/usr/lib/jvm/java-1.8-openjdk/jre/classes"/>
    <property name="sun.management.compiler" value="HotSpot 64-Bit Tiered Compilers"/>
    <property name="java.runtime.version" value="1.8.0_212-b04"/>
    <property name="java.net.preferIPv4Stack" value="true"/>
    <property name="user.name" value="jenkins1000"/>
    <property name="path.separator" value=":"/>
    <property name="java.security.egd" value="file:///dev/urandom"/>
    <property name="os.version" value="3.10.0-957.12.2.el7.x86_64"/>
    <property name="java.endorsed.dirs" value="/usr/lib/jvm/java-1.8-openjdk/jre/lib/endorsed"/>
    <property name="java.runtime.name" value="OpenJDK Runtime Environment"/>
    <property name="file.encoding" value="UTF-8"/>
    <property name="java.vm.name" value="OpenJDK 64-Bit Server VM"/>
    <property name="test.build.webapps" value=""/>
    <property name="localRepository" value="/home/user/.m2/repository"/>
    <property name="java.vendor.url.bug" value="https://icedtea.classpath.org/bugzilla"/>
    <property name="java.io.tmpdir" value="/tmp"/>
    <property name="require.test.libhadoop" value=""/>
    <property name="java.version" value="1.8.0_212"/>
    <property name="user.dir" value="/workdir/hadoop-ozone/integration-test"/>
    <property name="os.arch" value="amd64"/>
    <property name="java.vm.specification.name" value="Java Virtual Machine Specification"/>
    <property name="test.build.classes" value="/workdir/hadoop-ozone/integration-test/target/test-classes"/>
    <property name="java.awt.printerjob" value="sun.print.PSPrinterJob"/>
    <property name="sun.os.patch.level" value="unknown"/>
    <property name="hadoop.tmp.dir" value="/workdir/hadoop-ozone/integration-test/target/tmp"/>
    <property name="java.library.path" value="/usr/lib/jvm/java-1.8-openjdk/jre/lib/amd64/server:/usr/lib/jvm/java-1.8-openjdk/jre/lib/amd64:/usr/lib/jvm/java-1.8-openjdk/jre/../lib/amd64:/workdir/hadoop-ozone/integration-test/target/native/target/usr/local/lib:/workdir/hadoop-ozone/integration-test/../../hadoop-common-project/hadoop-common/target/native/target/usr/local/lib:/usr/java/packages/lib/amd64:/usr/lib64:/lib64:/lib:/usr/lib"/>
    <property name="java.vm.info" value="mixed mode"/>
    <property name="java.vendor" value="IcedTea"/>
    <property name="java.vm.version" value="25.212-b04"/>
    <property name="java.ext.dirs" value="/usr/lib/jvm/java-1.8-openjdk/jre/lib/ext:/usr/java/packages/lib/ext"/>
    <property name="sun.io.unicode.encoding" value="UnicodeLittle"/>
    <property name="java.class.version" value="52.0"/>
  </properties>
  <testcase name="testHybridPipelineOnDatanode" classname="org.apache.hadoop.ozone.client.rpc.TestHybridPipelineOnDatanode" time="7.527">
    <error message="Allocated 0 blocks. Requested 1 blocks" type="INTERNAL_ERROR org.apache.hadoop.ozone.om.exceptions.OMException">INTERNAL_ERROR org.apache.hadoop.ozone.om.exceptions.OMException: Allocated 0 blocks. Requested 1 blocks
	at org.apache.hadoop.ozone.om.protocolPB.OzoneManagerProtocolClientSideTranslatorPB.handleError(OzoneManagerProtocolClientSideTranslatorPB.java:725)
	at org.apache.hadoop.ozone.om.protocolPB.OzoneManagerProtocolClientSideTranslatorPB.openKey(OzoneManagerProtocolClientSideTranslatorPB.java:716)
	at org.apache.hadoop.ozone.client.rpc.RpcClient.createKey(RpcClient.java:615)
	at org.apache.hadoop.ozone.client.OzoneBucket.createKey(OzoneBucket.java:323)
	at org.apache.hadoop.ozone.client.rpc.TestHybridPipelineOnDatanode.testHybridPipelineOnDatanode(TestHybridPipelineOnDatanode.java:115)
	at sun.reflect.NativeMethodAccessorImpl.invoke0(Native Method)
	at sun.reflect.NativeMethodAccessorImpl.invoke(NativeMethodAccessorImpl.java:62)
	at sun.reflect.DelegatingMethodAccessorImpl.invoke(DelegatingMethodAccessorImpl.java:43)
	at java.lang.reflect.Method.invoke(Method.java:498)
	at org.junit.runners.model.FrameworkMethod$1.runReflectiveCall(FrameworkMethod.java:47)
	at org.junit.internal.runners.model.ReflectiveCallable.run(ReflectiveCallable.java:12)
	at org.junit.runners.model.FrameworkMethod.invokeExplosively(FrameworkMethod.java:44)
	at org.junit.internal.runners.statements.InvokeMethod.evaluate(InvokeMethod.java:17)
	at org.junit.runners.ParentRunner.runLeaf(ParentRunner.java:271)
	at org.junit.runners.BlockJUnit4ClassRunner.runChild(BlockJUnit4ClassRunner.java:70)
	at org.junit.runners.BlockJUnit4ClassRunner.runChild(BlockJUnit4ClassRunner.java:50)
	at org.junit.runners.ParentRunner$3.run(ParentRunner.java:238)
	at org.junit.runners.ParentRunner$1.schedule(ParentRunner.java:63)
	at org.junit.runners.ParentRunner.runChildren(ParentRunner.java:236)
	at org.junit.runners.ParentRunner.access$000(ParentRunner.java:53)
	at org.junit.runners.ParentRunner$2.evaluate(ParentRunner.java:229)
	at org.junit.internal.runners.statements.RunBefores.evaluate(RunBefores.java:26)
	at org.junit.internal.runners.statements.RunAfters.evaluate(RunAfters.java:27)
	at org.junit.runners.ParentRunner.run(ParentRunner.java:309)
	at org.apache.maven.surefire.junit4.JUnit4Provider.execute(JUnit4Provider.java:365)
	at org.apache.maven.surefire.junit4.JUnit4Provider.executeWithRerun(JUnit4Provider.java:273)
	at org.apache.maven.surefire.junit4.JUnit4Provider.executeTestSet(JUnit4Provider.java:238)
	at org.apache.maven.surefire.junit4.JUnit4Provider.invoke(JUnit4Provider.java:159)
	at org.apache.maven.surefire.booter.ForkedBooter.invokeProviderInSameClassLoader(ForkedBooter.java:384)
	at org.apache.maven.surefire.booter.ForkedBooter.runSuitesInProcess(ForkedBooter.java:345)
	at org.apache.maven.surefire.booter.ForkedBooter.execute(ForkedBooter.java:126)
	at org.apache.maven.surefire.booter.ForkedBooter.main(ForkedBooter.java:418)
</error>
    <system-out><![CDATA[2019-09-12 10:42:03,967 [main] WARN  server.ServerUtils (ServerUtils.java:getScmDbDir(145)) - ozone.scm.db.dirs is not configured. We recommend adding this setting. Falling back to ozone.metadata.dirs instead.
2019-09-12 10:42:04,098 [main] WARN  server.ServerUtils (ServerUtils.java:getScmDbDir(145)) - ozone.scm.db.dirs is not configured. We recommend adding this setting. Falling back to ozone.metadata.dirs instead.
2019-09-12 10:42:04,101 [main] WARN  server.ServerUtils (ServerUtils.java:getScmDbDir(145)) - ozone.scm.db.dirs is not configured. We recommend adding this setting. Falling back to ozone.metadata.dirs instead.
2019-09-12 10:42:04,120 [main] INFO  util.log (Log.java:initialized(192)) - Logging initialized @971ms
2019-09-12 10:42:04,225 [main] INFO  db.DBStoreBuilder (DBStoreBuilder.java:addTable(110)) - using custom profile for table: deletedBlocks
2019-09-12 10:42:04,226 [main] INFO  db.DBStoreBuilder (DBStoreBuilder.java:processTables(161)) - Using default column profile:DBProfile.DISK for Table:deletedBlocks
2019-09-12 10:42:04,226 [main] INFO  db.DBStoreBuilder (DBStoreBuilder.java:addTable(110)) - using custom profile for table: validCerts
2019-09-12 10:42:04,227 [main] INFO  db.DBStoreBuilder (DBStoreBuilder.java:processTables(161)) - Using default column profile:DBProfile.DISK for Table:validCerts
2019-09-12 10:42:04,228 [main] INFO  db.DBStoreBuilder (DBStoreBuilder.java:addTable(110)) - using custom profile for table: revokedCerts
2019-09-12 10:42:04,228 [main] INFO  db.DBStoreBuilder (DBStoreBuilder.java:processTables(161)) - Using default column profile:DBProfile.DISK for Table:revokedCerts
2019-09-12 10:42:04,252 [main] INFO  db.DBStoreBuilder (DBStoreBuilder.java:addTable(110)) - using custom profile for table: default
2019-09-12 10:42:04,252 [main] INFO  db.DBStoreBuilder (DBStoreBuilder.java:processTables(167)) - Using default column profile:DBProfile.DISK for Table:default
2019-09-12 10:42:04,254 [main] INFO  db.DBStoreBuilder (DBStoreBuilder.java:getDbProfile(198)) - Using default options. DBProfile.DISK
2019-09-12 10:42:04,462 [main] INFO  net.NodeSchemaLoader (NodeSchemaLoader.java:loadSchemaFromFile(125)) - Loading file from sun.misc.CompoundEnumeration@1ea9f6af
2019-09-12 10:42:04,464 [main] INFO  net.NodeSchemaLoader (NodeSchemaLoader.java:loadSchema(171)) - Loading network topology layer schema file
2019-09-12 10:42:04,560 [main] WARN  server.ServerUtils (ServerUtils.java:sanitizeUserArgs(70)) - ozone.scm.stale.node.interval value = 300000 is larger than max = 100000 based on the key value of ozone.scm.heartbeat.thread.interval, reset to the max value 100000.
2019-09-12 10:42:04,563 [main] WARN  server.ServerUtils (ServerUtils.java:sanitizeUserArgs(70)) - ozone.scm.stale.node.interval value = 300000 is larger than max = 100000 based on the key value of ozone.scm.heartbeat.thread.interval, reset to the max value 100000.
2019-09-12 10:42:04,566 [main] INFO  node.SCMNodeManager (SCMNodeManager.java:<init>(121)) - Entering startup safe mode.
2019-09-12 10:42:04,639 [main] INFO  algorithms.ContainerPlacementPolicyFactory (ContainerPlacementPolicyFactory.java:getPolicy(56)) - Create container placement policy of type org.apache.hadoop.hdds.scm.container.placement.algorithms.SCMContainerPlacementRandom
2019-09-12 10:42:04,655 [main] WARN  server.ServerUtils (ServerUtils.java:getScmDbDir(145)) - ozone.scm.db.dirs is not configured. We recommend adding this setting. Falling back to ozone.metadata.dirs instead.
2019-09-12 10:42:04,726 [main] INFO  pipeline.SCMPipelineManager (SCMPipelineManager.java:initializePipelineState(126)) - No pipeline exists in current db
2019-09-12 10:42:04,728 [main] WARN  server.ServerUtils (ServerUtils.java:getScmDbDir(145)) - ozone.scm.db.dirs is not configured. We recommend adding this setting. Falling back to ozone.metadata.dirs instead.
2019-09-12 10:42:04,849 [main] WARN  events.EventQueue (EventQueue.java:fireEvent(175)) - No event handler registered for event TypedEvent{payloadType=SafeModeStatus, name='SafeModeStatus'}
2019-09-12 10:42:05,378 [main] INFO  ipc.CallQueueManager (CallQueueManager.java:<init>(84)) - Using callQueue: class java.util.concurrent.LinkedBlockingQueue, queueCapacity: 2000, scheduler: class org.apache.hadoop.ipc.DefaultRpcScheduler, ipcBackoff: false.
2019-09-12 10:42:05,734 [Socket Reader #1 for port 45147] INFO  ipc.Server (Server.java:run(1074)) - Starting Socket Reader #1 for port 45147
2019-09-12 10:42:05,769 [main] INFO  ipc.CallQueueManager (CallQueueManager.java:<init>(84)) - Using callQueue: class java.util.concurrent.LinkedBlockingQueue, queueCapacity: 2000, scheduler: class org.apache.hadoop.ipc.DefaultRpcScheduler, ipcBackoff: false.
2019-09-12 10:42:05,770 [Socket Reader #1 for port 34334] INFO  ipc.Server (Server.java:run(1074)) - Starting Socket Reader #1 for port 34334
2019-09-12 10:42:05,780 [main] INFO  ipc.CallQueueManager (CallQueueManager.java:<init>(84)) - Using callQueue: class java.util.concurrent.LinkedBlockingQueue, queueCapacity: 2000, scheduler: class org.apache.hadoop.ipc.DefaultRpcScheduler, ipcBackoff: false.
2019-09-12 10:42:05,781 [Socket Reader #1 for port 37264] INFO  ipc.Server (Server.java:run(1074)) - Starting Socket Reader #1 for port 37264
2019-09-12 10:42:05,806 [main] INFO  hdfs.DFSUtil (DFSUtil.java:httpServerTemplateForNNAndJN(1641)) - Starting Web-server for scm at: http://0.0.0.0:0
2019-09-12 10:42:05,975 [main] INFO  server.AuthenticationFilter (AuthenticationFilter.java:constructSecretProvider(240)) - Unable to initialize FileSignerSecretProvider, falling back to use random secrets.
2019-09-12 10:42:05,984 [main] WARN  http.HttpRequestLog (HttpRequestLog.java:getRequestLog(97)) - Jetty request log can only be enabled using Log4j
2019-09-12 10:42:05,992 [main] INFO  http.HttpServer2 (HttpServer2.java:addGlobalFilter(975)) - Added global filter 'safety' (class=org.apache.hadoop.http.HttpServer2$QuotingInputFilter)
2019-09-12 10:42:05,994 [main] INFO  http.HttpServer2 (HttpServer2.java:addFilter(948)) - Added filter static_user_filter (class=org.apache.hadoop.http.lib.StaticUserWebFilter$StaticUserFilter) to context scm
2019-09-12 10:42:05,994 [main] INFO  http.HttpServer2 (HttpServer2.java:addFilter(958)) - Added filter static_user_filter (class=org.apache.hadoop.http.lib.StaticUserWebFilter$StaticUserFilter) to context logs
2019-09-12 10:42:05,995 [main] INFO  http.HttpServer2 (HttpServer2.java:addFilter(958)) - Added filter static_user_filter (class=org.apache.hadoop.http.lib.StaticUserWebFilter$StaticUserFilter) to context static
2019-09-12 10:42:06,024 [main] INFO  server.StorageContainerManager (StorageContainerManager.java:start(759)) - StorageContainerLocationProtocol RPC server is listening at /0.0.0.0:37264
2019-09-12 10:42:06,096 [main] WARN  impl.MetricsConfig (MetricsConfig.java:loadFirst(134)) - Cannot locate configuration: tried hadoop-metrics2-storagecontainermanager.properties,hadoop-metrics2.properties
2019-09-12 10:42:06,110 [main] INFO  impl.MetricsSystemImpl (MetricsSystemImpl.java:startTimer(374)) - Scheduled Metric snapshot period at 10 second(s).
2019-09-12 10:42:06,111 [main] INFO  impl.MetricsSystemImpl (MetricsSystemImpl.java:start(191)) - StorageContainerManager metrics system started
2019-09-12 10:42:06,387 [main] INFO  server.SCMClientProtocolServer (SCMClientProtocolServer.java:start(151)) - RPC server for Client  is listening at /0.0.0.0:37264
2019-09-12 10:42:06,388 [IPC Server Responder] INFO  ipc.Server (Server.java:run(1314)) - IPC Server Responder: starting
2019-09-12 10:42:06,388 [IPC Server listener on 37264] INFO  ipc.Server (Server.java:run(1153)) - IPC Server listener on 37264: starting
2019-09-12 10:42:06,391 [main] INFO  server.StorageContainerManager (StorageContainerManager.java:start(769)) - ScmBlockLocationProtocol RPC server is listening at /0.0.0.0:34334
2019-09-12 10:42:06,391 [main] INFO  server.SCMBlockProtocolServer (SCMBlockProtocolServer.java:start(140)) - RPC server for Block Protocol is listening at /0.0.0.0:34334
2019-09-12 10:42:06,392 [IPC Server Responder] INFO  ipc.Server (Server.java:run(1314)) - IPC Server Responder: starting
2019-09-12 10:42:06,392 [IPC Server listener on 34334] INFO  ipc.Server (Server.java:run(1153)) - IPC Server listener on 34334: starting
2019-09-12 10:42:06,394 [main] INFO  server.StorageContainerManager (StorageContainerManager.java:start(773)) - ScmDatanodeProtocl RPC server is listening at /0.0.0.0:45147
2019-09-12 10:42:06,394 [main] INFO  server.SCMDatanodeProtocolServer (SCMDatanodeProtocolServer.java:start(191)) - RPC server for DataNodes is listening at /0.0.0.0:45147
2019-09-12 10:42:06,395 [IPC Server Responder] INFO  ipc.Server (Server.java:run(1314)) - IPC Server Responder: starting
2019-09-12 10:42:06,395 [IPC Server listener on 45147] INFO  ipc.Server (Server.java:run(1153)) - IPC Server listener on 45147: starting
2019-09-12 10:42:06,399 [main] INFO  http.HttpServer2 (HttpServer2.java:bindListener(1191)) - Jetty bound to port 34624
2019-09-12 10:42:06,402 [main] INFO  server.Server (Server.java:doStart(351)) - jetty-9.3.24.v20180605, build timestamp: 2018-06-05T17:11:56Z, git hash: 84205aa28f11a4f31f2a3b86d1bba2cc8ab69827
2019-09-12 10:42:06,458 [main] INFO  handler.ContextHandler (ContextHandler.java:doStart(781)) - Started o.e.j.s.ServletContextHandler@14dda234{/logs,file:///workdir/hadoop-ozone/integration-test/target/log,AVAILABLE}
2019-09-12 10:42:06,459 [main] INFO  handler.ContextHandler (ContextHandler.java:doStart(781)) - Started o.e.j.s.ServletContextHandler@74a6a609{/static,file:///workdir/hadoop-ozone/integration-test/target/test-classes/webapps/static,AVAILABLE}
2019-09-12 10:42:06,504 [main] INFO  handler.ContextHandler (ContextHandler.java:doStart(781)) - Started o.e.j.w.WebAppContext@41394595{/,file:///workdir/hadoop-ozone/integration-test/target/test-classes/webapps/scm/,AVAILABLE}{/scm}
2019-09-12 10:42:06,513 [main] INFO  server.AbstractConnector (AbstractConnector.java:doStart(278)) - Started ServerConnector@158d255c{HTTP/1.1,[http/1.1]}{0.0.0.0:34624}
2019-09-12 10:42:06,513 [main] INFO  server.Server (Server.java:doStart(419)) - Started @3365ms
2019-09-12 10:42:06,514 [main] INFO  server.BaseHttpServer (BaseHttpServer.java:updateConnectorAddress(213)) - HTTP server of SCM is listening at http://0.0.0.0:34624
2019-09-12 10:42:06,522 [org.apache.hadoop.util.JvmPauseMonitor$Monitor@5bd73d1a] INFO  util.JvmPauseMonitor (JvmPauseMonitor.java:run(188)) - Starting JVM pause monitor
2019-09-12 10:42:06,525 [main] WARN  server.ServerUtils (ServerUtils.java:getDBPath(222)) - ozone.om.db.dirs is not configured. We recommend adding this setting. Falling back to ozone.metadata.dirs instead.
2019-09-12 10:42:06,645 [main] WARN  server.ServerUtils (ServerUtils.java:getDBPath(222)) - ozone.om.db.dirs is not configured. We recommend adding this setting. Falling back to ozone.metadata.dirs instead.
2019-09-12 10:42:06,646 [main] WARN  server.ServerUtils (ServerUtils.java:getDBPath(222)) - ozone.om.db.dirs is not configured. We recommend adding this setting. Falling back to ozone.metadata.dirs instead.
2019-09-12 10:42:06,647 [main] INFO  om.OzoneManager (OzoneManager.java:setOMNodeDetails(645)) - OM Service ID is not set. Setting it to the default ID: omServiceIdDefault
2019-09-12 10:42:06,647 [main] INFO  om.OzoneManager (OzoneManager.java:setOMNodeDetails(651)) - OM Node ID is not set. Setting it to the OmStorage's OmID: 2a8450cd-1174-4f11-8858-e3e30c3ec7b8
2019-09-12 10:42:06,649 [main] INFO  om.OzoneManager (OzoneManager.java:loadOMHAConfigs(602)) - Found matching OM address with OMServiceId: null, OMNodeId: null, RPC Address: localhost:0 and Ratis port: 9872
2019-09-12 10:42:06,913 | INFO  | SCMAudit | user=jenkins1000 | ip=192.168.36.114 | op=GET_SCM_INFO null | ret=SUCCESS |  
2019-09-12 10:42:07,420 [main] WARN  server.ServerUtils (ServerUtils.java:getDBPath(222)) - ozone.om.db.dirs is not configured. We recommend adding this setting. Falling back to ozone.metadata.dirs instead.
2019-09-12 10:42:07,431 [main] INFO  db.DBStoreBuilder (DBStoreBuilder.java:addTable(110)) - using custom profile for table: userTable
2019-09-12 10:42:07,432 [main] INFO  db.DBStoreBuilder (DBStoreBuilder.java:processTables(161)) - Using default column profile:DBProfile.DISK for Table:userTable
2019-09-12 10:42:07,432 [main] INFO  db.DBStoreBuilder (DBStoreBuilder.java:addTable(110)) - using custom profile for table: volumeTable
2019-09-12 10:42:07,432 [main] INFO  db.DBStoreBuilder (DBStoreBuilder.java:processTables(161)) - Using default column profile:DBProfile.DISK for Table:volumeTable
2019-09-12 10:42:07,433 [main] INFO  db.DBStoreBuilder (DBStoreBuilder.java:addTable(110)) - using custom profile for table: bucketTable
2019-09-12 10:42:07,433 [main] INFO  db.DBStoreBuilder (DBStoreBuilder.java:processTables(161)) - Using default column profile:DBProfile.DISK for Table:bucketTable
2019-09-12 10:42:07,433 [main] INFO  db.DBStoreBuilder (DBStoreBuilder.java:addTable(110)) - using custom profile for table: keyTable
2019-09-12 10:42:07,434 [main] INFO  db.DBStoreBuilder (DBStoreBuilder.java:processTables(161)) - Using default column profile:DBProfile.DISK for Table:keyTable
2019-09-12 10:42:07,434 [main] INFO  db.DBStoreBuilder (DBStoreBuilder.java:addTable(110)) - using custom profile for table: deletedTable
2019-09-12 10:42:07,434 [main] INFO  db.DBStoreBuilder (DBStoreBuilder.java:processTables(161)) - Using default column profile:DBProfile.DISK for Table:deletedTable
2019-09-12 10:42:07,435 [main] INFO  db.DBStoreBuilder (DBStoreBuilder.java:addTable(110)) - using custom profile for table: openKeyTable
2019-09-12 10:42:07,435 [main] INFO  db.DBStoreBuilder (DBStoreBuilder.java:processTables(161)) - Using default column profile:DBProfile.DISK for Table:openKeyTable
2019-09-12 10:42:07,436 [main] INFO  db.DBStoreBuilder (DBStoreBuilder.java:addTable(110)) - using custom profile for table: s3Table
2019-09-12 10:42:07,436 [main] INFO  db.DBStoreBuilder (DBStoreBuilder.java:processTables(161)) - Using default column profile:DBProfile.DISK for Table:s3Table
2019-09-12 10:42:07,436 [main] INFO  db.DBStoreBuilder (DBStoreBuilder.java:addTable(110)) - using custom profile for table: multipartInfoTable
2019-09-12 10:42:07,437 [main] INFO  db.DBStoreBuilder (DBStoreBuilder.java:processTables(161)) - Using default column profile:DBProfile.DISK for Table:multipartInfoTable
2019-09-12 10:42:07,437 [main] INFO  db.DBStoreBuilder (DBStoreBuilder.java:addTable(110)) - using custom profile for table: dTokenTable
2019-09-12 10:42:07,438 [main] INFO  db.DBStoreBuilder (DBStoreBuilder.java:processTables(161)) - Using default column profile:DBProfile.DISK for Table:dTokenTable
2019-09-12 10:42:07,438 [main] INFO  db.DBStoreBuilder (DBStoreBuilder.java:addTable(110)) - using custom profile for table: s3SecretTable
2019-09-12 10:42:07,438 [main] INFO  db.DBStoreBuilder (DBStoreBuilder.java:processTables(161)) - Using default column profile:DBProfile.DISK for Table:s3SecretTable
2019-09-12 10:42:07,439 [main] INFO  db.DBStoreBuilder (DBStoreBuilder.java:addTable(110)) - using custom profile for table: prefixTable
2019-09-12 10:42:07,439 [main] INFO  db.DBStoreBuilder (DBStoreBuilder.java:processTables(161)) - Using default column profile:DBProfile.DISK for Table:prefixTable
2019-09-12 10:42:07,440 [main] INFO  db.DBStoreBuilder (DBStoreBuilder.java:addTable(110)) - using custom profile for table: default
2019-09-12 10:42:07,440 [main] INFO  db.DBStoreBuilder (DBStoreBuilder.java:processTables(167)) - Using default column profile:DBProfile.DISK for Table:default
2019-09-12 10:42:07,440 [main] INFO  db.DBStoreBuilder (DBStoreBuilder.java:getDbProfile(198)) - Using default options. DBProfile.DISK
2019-09-12 10:42:07,854 [main] INFO  ipc.CallQueueManager (CallQueueManager.java:<init>(84)) - Using callQueue: class java.util.concurrent.LinkedBlockingQueue, queueCapacity: 2000, scheduler: class org.apache.hadoop.ipc.DefaultRpcScheduler, ipcBackoff: false.
2019-09-12 10:42:07,856 [Socket Reader #1 for port 33607] INFO  ipc.Server (Server.java:run(1074)) - Starting Socket Reader #1 for port 33607
2019-09-12 10:42:07,880 [main] INFO  om.OzoneManager (OzoneManager.java:start(1256)) - OzoneManager RPC server is listening at localhost/127.0.0.1:33607
2019-09-12 10:42:07,881 [main] INFO  impl.MetricsSystemImpl (MetricsSystemImpl.java:init(158)) - OzoneManager metrics system started (again)
2019-09-12 10:42:07,882 [IPC Server Responder] INFO  ipc.Server (Server.java:run(1314)) - IPC Server Responder: starting
2019-09-12 10:42:07,882 [IPC Server listener on 33607] INFO  ipc.Server (Server.java:run(1153)) - IPC Server listener on 33607: starting
2019-09-12 10:42:07,889 [main] INFO  hdfs.DFSUtil (DFSUtil.java:httpServerTemplateForNNAndJN(1641)) - Starting Web-server for ozoneManager at: http://0.0.0.0:0
2019-09-12 10:42:07,891 [main] INFO  server.AuthenticationFilter (AuthenticationFilter.java:constructSecretProvider(240)) - Unable to initialize FileSignerSecretProvider, falling back to use random secrets.
2019-09-12 10:42:07,892 [main] WARN  http.HttpRequestLog (HttpRequestLog.java:getRequestLog(97)) - Jetty request log can only be enabled using Log4j
2019-09-12 10:42:07,895 [main] INFO  http.HttpServer2 (HttpServer2.java:addGlobalFilter(975)) - Added global filter 'safety' (class=org.apache.hadoop.http.HttpServer2$QuotingInputFilter)
2019-09-12 10:42:07,896 [main] INFO  http.HttpServer2 (HttpServer2.java:addFilter(948)) - Added filter static_user_filter (class=org.apache.hadoop.http.lib.StaticUserWebFilter$StaticUserFilter) to context ozoneManager
2019-09-12 10:42:07,896 [main] INFO  http.HttpServer2 (HttpServer2.java:addFilter(958)) - Added filter static_user_filter (class=org.apache.hadoop.http.lib.StaticUserWebFilter$StaticUserFilter) to context logs
2019-09-12 10:42:07,896 [main] INFO  http.HttpServer2 (HttpServer2.java:addFilter(958)) - Added filter static_user_filter (class=org.apache.hadoop.http.lib.StaticUserWebFilter$StaticUserFilter) to context static
2019-09-12 10:42:07,899 [main] INFO  http.HttpServer2 (HttpServer2.java:bindListener(1191)) - Jetty bound to port 46007
2019-09-12 10:42:07,899 [main] INFO  server.Server (Server.java:doStart(351)) - jetty-9.3.24.v20180605, build timestamp: 2018-06-05T17:11:56Z, git hash: 84205aa28f11a4f31f2a3b86d1bba2cc8ab69827
2019-09-12 10:42:07,901 [main] INFO  handler.ContextHandler (ContextHandler.java:doStart(781)) - Started o.e.j.s.ServletContextHandler@543e593{/logs,file:///workdir/hadoop-ozone/integration-test/target/log,AVAILABLE}
2019-09-12 10:42:07,902 [main] INFO  handler.ContextHandler (ContextHandler.java:doStart(781)) - Started o.e.j.s.ServletContextHandler@51ec2df1{/static,file:///workdir/hadoop-ozone/integration-test/target/test-classes/webapps/static,AVAILABLE}
2019-09-12 10:42:08,143 [main] INFO  handler.ContextHandler (ContextHandler.java:doStart(781)) - Started o.e.j.w.WebAppContext@24fabd0f{/,file:///workdir/hadoop-ozone/integration-test/target/test-classes/webapps/ozoneManager/,AVAILABLE}{/ozoneManager}
2019-09-12 10:42:08,144 [main] INFO  server.AbstractConnector (AbstractConnector.java:doStart(278)) - Started ServerConnector@250b236d{HTTP/1.1,[http/1.1]}{0.0.0.0:46007}
2019-09-12 10:42:08,145 [main] INFO  server.Server (Server.java:doStart(419)) - Started @4996ms
2019-09-12 10:42:08,146 [main] INFO  server.BaseHttpServer (BaseHttpServer.java:updateConnectorAddress(213)) - HTTP server of OZONEMANAGER is listening at http://0.0.0.0:46007
2019-09-12 10:42:08,331 [main] INFO  impl.MetricsSystemImpl (MetricsSystemImpl.java:init(158)) - HddsDatanode metrics system started (again)
2019-09-12 10:42:08,439 [main] INFO  ozone.HddsDatanodeService (HddsDatanodeService.java:start(184)) - HddsDatanodeService host:pr-hdds-1569-58hkm-1881083799 ip:192.168.36.114
2019-09-12 10:42:08,473 [main] INFO  volume.HddsVolume (HddsVolume.java:<init>(176)) - Creating Volume: /workdir/hadoop-ozone/integration-test/target/test-dir/MiniOzoneClusterImpl-152e7b22-107a-47df-8119-8865e0ec3973/datanode-0/data/containers/hdds of  storage type : DISK and capacity : 1482555576320
2019-09-12 10:42:08,475 [main] INFO  volume.VolumeSet (VolumeSet.java:initializeVolumeSet(170)) - Added Volume : /workdir/hadoop-ozone/integration-test/target/test-dir/MiniOzoneClusterImpl-152e7b22-107a-47df-8119-8865e0ec3973/datanode-0/data/containers/hdds to VolumeSet
2019-09-12 10:42:08,478 [main] INFO  volume.ThrottledAsyncChecker (ThrottledAsyncChecker.java:schedule(140)) - Scheduling a check for org.apache.hadoop.ozone.container.common.volume.HddsVolume@468be356
2019-09-12 10:42:08,495 [main] INFO  volume.HddsVolumeChecker (HddsVolumeChecker.java:checkAllVolumes(203)) - Scheduled health check for volume org.apache.hadoop.ozone.container.common.volume.HddsVolume@468be356
2019-09-12 10:42:08,601 [main] INFO  impl.RaftServerProxy (ConfUtils.java:logGet(43)) - raft.rpc.type = GRPC (default)
2019-09-12 10:42:08,671 [main] INFO  grpc.GrpcFactory (GrpcFactory.java:checkPooledByteBufAllocatorUseCacheForAllThreads(45)) - PERFORMANCE WARNING: useCacheForAllThreads is true that may cause Netty to create a lot garbage objects and, as a result, trigger GC.
	It is recommended to disable useCacheForAllThreads by setting -Dorg.apache.ratis.thirdparty.io.netty.allocator.useCacheForAllThreads=false in command line.
2019-09-12 10:42:08,676 [main] INFO  grpc.GrpcConfigKeys$Server (ConfUtils.java:logGet(43)) - raft.grpc.server.port = 0 (default)
2019-09-12 10:42:08,677 [main] INFO  server.GrpcService (ConfUtils.java:logGet(43)) - raft.grpc.message.size.max = 33570816 (custom)
2019-09-12 10:42:08,678 [main] INFO  server.RaftServerConfigKeys (ConfUtils.java:logGet(43)) - raft.server.log.appender.buffer.byte-limit = 33554432 (custom)
2019-09-12 10:42:08,679 [main] INFO  server.GrpcService (ConfUtils.java:logGet(43)) - raft.grpc.flow.control.window = 1MB (=1048576) (default)
2019-09-12 10:42:08,680 [main] INFO  server.RaftServerConfigKeys (ConfUtils.java:logGet(43)) - raft.server.rpc.request.timeout = 3000ms (default)
2019-09-12 10:42:08,842 [main] INFO  server.RaftServerConfigKeys (ConfUtils.java:logGet(43)) - raft.server.storage.dir = [/workdir/hadoop-ozone/integration-test/target/test-dir/MiniOzoneClusterImpl-152e7b22-107a-47df-8119-8865e0ec3973/datanode-0/data/ratis] (custom)
2019-09-12 10:42:08,884 [main] INFO  replication.SimpleContainerDownloader (SimpleContainerDownloader.java:<init>(72)) - Starting container downloader service to copy containers to replicate.
2019-09-12 10:42:08,897 [main] INFO  hdfs.DFSUtil (DFSUtil.java:httpServerTemplateForNNAndJN(1641)) - Starting Web-server for hddsDatanode at: http://0.0.0.0:0
2019-09-12 10:42:08,899 [main] INFO  server.AuthenticationFilter (AuthenticationFilter.java:constructSecretProvider(240)) - Unable to initialize FileSignerSecretProvider, falling back to use random secrets.
2019-09-12 10:42:08,899 [main] WARN  http.HttpRequestLog (HttpRequestLog.java:getRequestLog(97)) - Jetty request log can only be enabled using Log4j
2019-09-12 10:42:08,901 [main] INFO  http.HttpServer2 (HttpServer2.java:addGlobalFilter(975)) - Added global filter 'safety' (class=org.apache.hadoop.http.HttpServer2$QuotingInputFilter)
2019-09-12 10:42:08,902 [main] INFO  http.HttpServer2 (HttpServer2.java:addFilter(948)) - Added filter static_user_filter (class=org.apache.hadoop.http.lib.StaticUserWebFilter$StaticUserFilter) to context hddsDatanode
2019-09-12 10:42:08,902 [main] INFO  http.HttpServer2 (HttpServer2.java:addFilter(958)) - Added filter static_user_filter (class=org.apache.hadoop.http.lib.StaticUserWebFilter$StaticUserFilter) to context logs
2019-09-12 10:42:08,902 [main] INFO  http.HttpServer2 (HttpServer2.java:addFilter(958)) - Added filter static_user_filter (class=org.apache.hadoop.http.lib.StaticUserWebFilter$StaticUserFilter) to context static
2019-09-12 10:42:08,903 [main] INFO  http.HttpServer2 (HttpServer2.java:bindListener(1191)) - Jetty bound to port 39798
2019-09-12 10:42:08,903 [main] INFO  server.Server (Server.java:doStart(351)) - jetty-9.3.24.v20180605, build timestamp: 2018-06-05T17:11:56Z, git hash: 84205aa28f11a4f31f2a3b86d1bba2cc8ab69827
2019-09-12 10:42:08,905 [main] INFO  handler.ContextHandler (ContextHandler.java:doStart(781)) - Started o.e.j.s.ServletContextHandler@77a074b4{/logs,file:///workdir/hadoop-ozone/integration-test/target/log,AVAILABLE}
2019-09-12 10:42:08,906 [main] INFO  handler.ContextHandler (ContextHandler.java:doStart(781)) - Started o.e.j.s.ServletContextHandler@6c0e13b7{/static,jar:file:/home/user/.m2/repository/org/apache/hadoop/hadoop-hdds-container-service/0.5.0-SNAPSHOT/hadoop-hdds-container-service-0.5.0-SNAPSHOT.jar!/webapps/static,AVAILABLE}
2019-09-12 10:42:08,938 [main] INFO  handler.ContextHandler (ContextHandler.java:doStart(781)) - Started o.e.j.w.WebAppContext@372ca2d6{/,file:///tmp/jetty-0.0.0.0-39798-hddsDatanode-_-any-4059990560897608530.dir/webapp/,AVAILABLE}{/hddsDatanode}
2019-09-12 10:42:08,939 [main] INFO  server.AbstractConnector (AbstractConnector.java:doStart(278)) - Started ServerConnector@3204e238{HTTP/1.1,[http/1.1]}{0.0.0.0:39798}
2019-09-12 10:42:08,939 [main] INFO  server.Server (Server.java:doStart(419)) - Started @5791ms
2019-09-12 10:42:08,940 [main] INFO  server.BaseHttpServer (BaseHttpServer.java:updateConnectorAddress(213)) - HTTP server of HDDSDATANODE is listening at http://0.0.0.0:39798
2019-09-12 10:42:09,976 | INFO  | ObjectStoreRestHttpServer | Listening HDDS REST traffic on /0.0.0.0:40837 |  
2019-09-12 10:42:09,977 [main] INFO  ozone.HddsDatanodeService (HddsDatanodeService.java:startPlugins(395)) - Started plug-in org.apache.hadoop.ozone.web.OzoneHddsDatanodeService@1310fcb0
2019-09-12 10:42:09,978 [main] INFO  impl.MetricsSystemImpl (MetricsSystemImpl.java:init(158)) - HddsDatanode metrics system started (again)
2019-09-12 10:42:09,981 [main] INFO  ozone.HddsDatanodeService (HddsDatanodeService.java:start(184)) - HddsDatanodeService host:pr-hdds-1569-58hkm-1881083799 ip:192.168.36.114
2019-09-12 10:42:09,985 [org.apache.hadoop.util.JvmPauseMonitor$Monitor@eadee00] INFO  util.JvmPauseMonitor (JvmPauseMonitor.java:run(188)) - Starting JVM pause monitor
2019-09-12 10:42:09,990 [main] INFO  volume.HddsVolume (HddsVolume.java:<init>(176)) - Creating Volume: /workdir/hadoop-ozone/integration-test/target/test-dir/MiniOzoneClusterImpl-152e7b22-107a-47df-8119-8865e0ec3973/datanode-1/data/containers/hdds of  storage type : DISK and capacity : 1482555576320
2019-09-12 10:42:09,990 [main] INFO  volume.VolumeSet (VolumeSet.java:initializeVolumeSet(170)) - Added Volume : /workdir/hadoop-ozone/integration-test/target/test-dir/MiniOzoneClusterImpl-152e7b22-107a-47df-8119-8865e0ec3973/datanode-1/data/containers/hdds to VolumeSet
2019-09-12 10:42:09,990 [main] INFO  volume.ThrottledAsyncChecker (ThrottledAsyncChecker.java:schedule(140)) - Scheduling a check for org.apache.hadoop.ozone.container.common.volume.HddsVolume@29f3c438
2019-09-12 10:42:09,992 [main] INFO  volume.HddsVolumeChecker (HddsVolumeChecker.java:checkAllVolumes(203)) - Scheduled health check for volume org.apache.hadoop.ozone.container.common.volume.HddsVolume@29f3c438
2019-09-12 10:42:10,018 [main] INFO  impl.RaftServerProxy (ConfUtils.java:logGet(43)) - raft.rpc.type = GRPC (default)
2019-09-12 10:42:10,018 [main] INFO  grpc.GrpcFactory (GrpcFactory.java:checkPooledByteBufAllocatorUseCacheForAllThreads(45)) - PERFORMANCE WARNING: useCacheForAllThreads is true that may cause Netty to create a lot garbage objects and, as a result, trigger GC.
	It is recommended to disable useCacheForAllThreads by setting -Dorg.apache.ratis.thirdparty.io.netty.allocator.useCacheForAllThreads=false in command line.
2019-09-12 10:42:10,018 [main] INFO  grpc.GrpcConfigKeys$Server (ConfUtils.java:logGet(43)) - raft.grpc.server.port = 0 (default)
2019-09-12 10:42:10,019 [main] INFO  server.GrpcService (ConfUtils.java:logGet(43)) - raft.grpc.message.size.max = 33570816 (custom)
2019-09-12 10:42:10,019 [main] INFO  server.RaftServerConfigKeys (ConfUtils.java:logGet(43)) - raft.server.log.appender.buffer.byte-limit = 33554432 (custom)
2019-09-12 10:42:10,019 [main] INFO  server.GrpcService (ConfUtils.java:logGet(43)) - raft.grpc.flow.control.window = 1MB (=1048576) (default)
2019-09-12 10:42:10,020 [main] INFO  server.RaftServerConfigKeys (ConfUtils.java:logGet(43)) - raft.server.rpc.request.timeout = 3000ms (default)
2019-09-12 10:42:10,021 [main] INFO  server.RaftServerConfigKeys (ConfUtils.java:logGet(43)) - raft.server.storage.dir = [/workdir/hadoop-ozone/integration-test/target/test-dir/MiniOzoneClusterImpl-152e7b22-107a-47df-8119-8865e0ec3973/datanode-1/data/ratis] (custom)
2019-09-12 10:42:10,022 [main] INFO  replication.SimpleContainerDownloader (SimpleContainerDownloader.java:<init>(72)) - Starting container downloader service to copy containers to replicate.
2019-09-12 10:42:10,023 [main] INFO  hdfs.DFSUtil (DFSUtil.java:httpServerTemplateForNNAndJN(1641)) - Starting Web-server for hddsDatanode at: http://0.0.0.0:0
2019-09-12 10:42:10,025 [main] INFO  server.AuthenticationFilter (AuthenticationFilter.java:constructSecretProvider(240)) - Unable to initialize FileSignerSecretProvider, falling back to use random secrets.
2019-09-12 10:42:10,026 [main] WARN  http.HttpRequestLog (HttpRequestLog.java:getRequestLog(97)) - Jetty request log can only be enabled using Log4j
2019-09-12 10:42:10,028 [main] INFO  http.HttpServer2 (HttpServer2.java:addGlobalFilter(975)) - Added global filter 'safety' (class=org.apache.hadoop.http.HttpServer2$QuotingInputFilter)
2019-09-12 10:42:10,029 [main] INFO  http.HttpServer2 (HttpServer2.java:addFilter(948)) - Added filter static_user_filter (class=org.apache.hadoop.http.lib.StaticUserWebFilter$StaticUserFilter) to context hddsDatanode
2019-09-12 10:42:10,029 [main] INFO  http.HttpServer2 (HttpServer2.java:addFilter(958)) - Added filter static_user_filter (class=org.apache.hadoop.http.lib.StaticUserWebFilter$StaticUserFilter) to context static
2019-09-12 10:42:10,030 [main] INFO  http.HttpServer2 (HttpServer2.java:addFilter(958)) - Added filter static_user_filter (class=org.apache.hadoop.http.lib.StaticUserWebFilter$StaticUserFilter) to context logs
2019-09-12 10:42:10,031 [main] INFO  http.HttpServer2 (HttpServer2.java:bindListener(1191)) - Jetty bound to port 45910
2019-09-12 10:42:10,031 [main] INFO  server.Server (Server.java:doStart(351)) - jetty-9.3.24.v20180605, build timestamp: 2018-06-05T17:11:56Z, git hash: 84205aa28f11a4f31f2a3b86d1bba2cc8ab69827
2019-09-12 10:42:10,035 [main] INFO  handler.ContextHandler (ContextHandler.java:doStart(781)) - Started o.e.j.s.ServletContextHandler@599a9cb2{/logs,file:///workdir/hadoop-ozone/integration-test/target/log,AVAILABLE}
2019-09-12 10:42:10,035 [main] INFO  handler.ContextHandler (ContextHandler.java:doStart(781)) - Started o.e.j.s.ServletContextHandler@5e1a986c{/static,jar:file:/home/user/.m2/repository/org/apache/hadoop/hadoop-hdds-container-service/0.5.0-SNAPSHOT/hadoop-hdds-container-service-0.5.0-SNAPSHOT.jar!/webapps/static,AVAILABLE}
2019-09-12 10:42:10,072 [main] INFO  handler.ContextHandler (ContextHandler.java:doStart(781)) - Started o.e.j.w.WebAppContext@79957f11{/,file:///tmp/jetty-0.0.0.0-45910-hddsDatanode-_-any-6221870489857579530.dir/webapp/,AVAILABLE}{/hddsDatanode}
2019-09-12 10:42:10,073 [main] INFO  server.AbstractConnector (AbstractConnector.java:doStart(278)) - Started ServerConnector@217235f5{HTTP/1.1,[http/1.1]}{0.0.0.0:45910}
2019-09-12 10:42:10,074 [main] INFO  server.Server (Server.java:doStart(419)) - Started @6925ms
2019-09-12 10:42:10,075 [main] INFO  server.BaseHttpServer (BaseHttpServer.java:updateConnectorAddress(213)) - HTTP server of HDDSDATANODE is listening at http://0.0.0.0:45910
2019-09-12 10:42:10,109 [Datanode State Machine Thread - 0] INFO  datanode.InitDatanodeState (InitDatanodeState.java:persistContainerDatanodeDetails(140)) - DatanodeDetails is persisted to /workdir/hadoop-ozone/integration-test/target/test-dir/MiniOzoneClusterImpl-152e7b22-107a-47df-8119-8865e0ec3973/datanode-0/meta/datanode.id
2019-09-12 10:42:10,229 | INFO  | ObjectStoreRestHttpServer | Listening HDDS REST traffic on /0.0.0.0:39702 |  
2019-09-12 10:42:10,229 [main] INFO  ozone.HddsDatanodeService (HddsDatanodeService.java:startPlugins(395)) - Started plug-in org.apache.hadoop.ozone.web.OzoneHddsDatanodeService@44bc2449
2019-09-12 10:42:10,229 [main] INFO  impl.MetricsSystemImpl (MetricsSystemImpl.java:init(158)) - HddsDatanode metrics system started (again)
2019-09-12 10:42:10,232 [main] INFO  ozone.HddsDatanodeService (HddsDatanodeService.java:start(184)) - HddsDatanodeService host:pr-hdds-1569-58hkm-1881083799 ip:192.168.36.114
2019-09-12 10:42:10,233 [org.apache.hadoop.util.JvmPauseMonitor$Monitor@272cfda] INFO  util.JvmPauseMonitor (JvmPauseMonitor.java:run(188)) - Starting JVM pause monitor
2019-09-12 10:42:10,241 [main] INFO  volume.HddsVolume (HddsVolume.java:<init>(176)) - Creating Volume: /workdir/hadoop-ozone/integration-test/target/test-dir/MiniOzoneClusterImpl-152e7b22-107a-47df-8119-8865e0ec3973/datanode-2/data/containers/hdds of  storage type : DISK and capacity : 1482555576320
2019-09-12 10:42:10,244 [main] INFO  volume.VolumeSet (VolumeSet.java:initializeVolumeSet(170)) - Added Volume : /workdir/hadoop-ozone/integration-test/target/test-dir/MiniOzoneClusterImpl-152e7b22-107a-47df-8119-8865e0ec3973/datanode-2/data/containers/hdds to VolumeSet
2019-09-12 10:42:10,244 [main] INFO  volume.ThrottledAsyncChecker (ThrottledAsyncChecker.java:schedule(140)) - Scheduling a check for org.apache.hadoop.ozone.container.common.volume.HddsVolume@74ba6ff5
2019-09-12 10:42:10,244 [Datanode State Machine Thread - 0] INFO  datanode.InitDatanodeState (InitDatanodeState.java:persistContainerDatanodeDetails(140)) - DatanodeDetails is persisted to /workdir/hadoop-ozone/integration-test/target/test-dir/MiniOzoneClusterImpl-152e7b22-107a-47df-8119-8865e0ec3973/datanode-1/meta/datanode.id
2019-09-12 10:42:10,245 [main] INFO  volume.HddsVolumeChecker (HddsVolumeChecker.java:checkAllVolumes(203)) - Scheduled health check for volume org.apache.hadoop.ozone.container.common.volume.HddsVolume@74ba6ff5
2019-09-12 10:42:10,262 [main] INFO  impl.RaftServerProxy (ConfUtils.java:logGet(43)) - raft.rpc.type = GRPC (default)
2019-09-12 10:42:10,262 [main] INFO  grpc.GrpcFactory (GrpcFactory.java:checkPooledByteBufAllocatorUseCacheForAllThreads(45)) - PERFORMANCE WARNING: useCacheForAllThreads is true that may cause Netty to create a lot garbage objects and, as a result, trigger GC.
	It is recommended to disable useCacheForAllThreads by setting -Dorg.apache.ratis.thirdparty.io.netty.allocator.useCacheForAllThreads=false in command line.
2019-09-12 10:42:10,262 [main] INFO  grpc.GrpcConfigKeys$Server (ConfUtils.java:logGet(43)) - raft.grpc.server.port = 0 (default)
2019-09-12 10:42:10,262 [main] INFO  server.GrpcService (ConfUtils.java:logGet(43)) - raft.grpc.message.size.max = 33570816 (custom)
2019-09-12 10:42:10,262 [main] INFO  server.RaftServerConfigKeys (ConfUtils.java:logGet(43)) - raft.server.log.appender.buffer.byte-limit = 33554432 (custom)
2019-09-12 10:42:10,263 [main] INFO  server.GrpcService (ConfUtils.java:logGet(43)) - raft.grpc.flow.control.window = 1MB (=1048576) (default)
2019-09-12 10:42:10,263 [main] INFO  server.RaftServerConfigKeys (ConfUtils.java:logGet(43)) - raft.server.rpc.request.timeout = 3000ms (default)
2019-09-12 10:42:10,263 [main] INFO  server.RaftServerConfigKeys (ConfUtils.java:logGet(43)) - raft.server.storage.dir = [/workdir/hadoop-ozone/integration-test/target/test-dir/MiniOzoneClusterImpl-152e7b22-107a-47df-8119-8865e0ec3973/datanode-2/data/ratis] (custom)
2019-09-12 10:42:10,264 [main] INFO  replication.SimpleContainerDownloader (SimpleContainerDownloader.java:<init>(72)) - Starting container downloader service to copy containers to replicate.
2019-09-12 10:42:10,265 [main] INFO  hdfs.DFSUtil (DFSUtil.java:httpServerTemplateForNNAndJN(1641)) - Starting Web-server for hddsDatanode at: http://0.0.0.0:0
2019-09-12 10:42:10,267 [main] INFO  server.AuthenticationFilter (AuthenticationFilter.java:constructSecretProvider(240)) - Unable to initialize FileSignerSecretProvider, falling back to use random secrets.
2019-09-12 10:42:10,267 [main] WARN  http.HttpRequestLog (HttpRequestLog.java:getRequestLog(97)) - Jetty request log can only be enabled using Log4j
2019-09-12 10:42:10,269 [main] INFO  http.HttpServer2 (HttpServer2.java:addGlobalFilter(975)) - Added global filter 'safety' (class=org.apache.hadoop.http.HttpServer2$QuotingInputFilter)
2019-09-12 10:42:10,269 [main] INFO  http.HttpServer2 (HttpServer2.java:addFilter(948)) - Added filter static_user_filter (class=org.apache.hadoop.http.lib.StaticUserWebFilter$StaticUserFilter) to context hddsDatanode
2019-09-12 10:42:10,270 [main] INFO  http.HttpServer2 (HttpServer2.java:addFilter(958)) - Added filter static_user_filter (class=org.apache.hadoop.http.lib.StaticUserWebFilter$StaticUserFilter) to context logs
2019-09-12 10:42:10,270 [main] INFO  http.HttpServer2 (HttpServer2.java:addFilter(958)) - Added filter static_user_filter (class=org.apache.hadoop.http.lib.StaticUserWebFilter$StaticUserFilter) to context static
2019-09-12 10:42:10,270 [main] INFO  http.HttpServer2 (HttpServer2.java:bindListener(1191)) - Jetty bound to port 42247
2019-09-12 10:42:10,271 [main] INFO  server.Server (Server.java:doStart(351)) - jetty-9.3.24.v20180605, build timestamp: 2018-06-05T17:11:56Z, git hash: 84205aa28f11a4f31f2a3b86d1bba2cc8ab69827
2019-09-12 10:42:10,272 [main] INFO  handler.ContextHandler (ContextHandler.java:doStart(781)) - Started o.e.j.s.ServletContextHandler@38e83838{/logs,file:///workdir/hadoop-ozone/integration-test/target/log,AVAILABLE}
2019-09-12 10:42:10,273 [main] INFO  handler.ContextHandler (ContextHandler.java:doStart(781)) - Started o.e.j.s.ServletContextHandler@4966bab1{/static,jar:file:/home/user/.m2/repository/org/apache/hadoop/hadoop-hdds-container-service/0.5.0-SNAPSHOT/hadoop-hdds-container-service-0.5.0-SNAPSHOT.jar!/webapps/static,AVAILABLE}
2019-09-12 10:42:10,301 [main] INFO  handler.ContextHandler (ContextHandler.java:doStart(781)) - Started o.e.j.w.WebAppContext@44d7e24{/,file:///tmp/jetty-0.0.0.0-42247-hddsDatanode-_-any-5892314817495732660.dir/webapp/,AVAILABLE}{/hddsDatanode}
2019-09-12 10:42:10,301 [main] INFO  server.AbstractConnector (AbstractConnector.java:doStart(278)) - Started ServerConnector@26c8b296{HTTP/1.1,[http/1.1]}{0.0.0.0:42247}
2019-09-12 10:42:10,302 [main] INFO  server.Server (Server.java:doStart(419)) - Started @7154ms
2019-09-12 10:42:10,303 [main] INFO  server.BaseHttpServer (BaseHttpServer.java:updateConnectorAddress(213)) - HTTP server of HDDSDATANODE is listening at http://0.0.0.0:42247
2019-09-12 10:42:10,449 | INFO  | ObjectStoreRestHttpServer | Listening HDDS REST traffic on /0.0.0.0:37212 |  
2019-09-12 10:42:10,449 [main] INFO  ozone.HddsDatanodeService (HddsDatanodeService.java:startPlugins(395)) - Started plug-in org.apache.hadoop.ozone.web.OzoneHddsDatanodeService@599f1b7
2019-09-12 10:42:10,451 [main] INFO  ozone.MiniOzoneClusterImpl (MiniOzoneClusterImpl.java:lambda$waitForClusterToBeReady$0(142)) - Waiting for cluster to be ready. Got 0 of 3 DN Heartbeats.
2019-09-12 10:42:10,453 [org.apache.hadoop.util.JvmPauseMonitor$Monitor@6a3b0725] INFO  util.JvmPauseMonitor (JvmPauseMonitor.java:run(188)) - Starting JVM pause monitor
2019-09-12 10:42:10,456 [Datanode State Machine Thread - 0] INFO  datanode.InitDatanodeState (InitDatanodeState.java:persistContainerDatanodeDetails(140)) - DatanodeDetails is persisted to /workdir/hadoop-ozone/integration-test/target/test-dir/MiniOzoneClusterImpl-152e7b22-107a-47df-8119-8865e0ec3973/datanode-2/meta/datanode.id
2019-09-12 10:42:11,452 [main] INFO  ozone.MiniOzoneClusterImpl (MiniOzoneClusterImpl.java:lambda$waitForClusterToBeReady$0(142)) - Waiting for cluster to be ready. Got 0 of 3 DN Heartbeats.
2019-09-12 10:42:12,018 | INFO  | SCMAudit | user=jenkins1000 | ip=192.168.36.114 | op=GET_VERSION null | ret=SUCCESS |  
2019-09-12 10:42:12,039 [Datanode State Machine Thread - 0] INFO  ozoneimpl.OzoneContainer (OzoneContainer.java:start(186)) - Attempting to start container services.
2019-09-12 10:42:12,040 [Datanode State Machine Thread - 0] INFO  ozoneimpl.OzoneContainer (OzoneContainer.java:startContainerScrub(160)) - Background container scrubber has been disabled by hdds.containerscrub.enabled
2019-09-12 10:42:12,041 [Datanode State Machine Thread - 0] INFO  ratis.XceiverServerRatis (XceiverServerRatis.java:start(404)) - Starting XceiverServerRatis f46943e6-d0b5-49ad-a452-52d168b509a4 at port 0
2019-09-12 10:42:12,064 [Datanode State Machine Thread - 0] INFO  impl.RaftServerProxy (RaftServerProxy.java:lambda$start$3(299)) - f46943e6-d0b5-49ad-a452-52d168b509a4: start RPC server
2019-09-12 10:42:12,201 [Datanode State Machine Thread - 0] INFO  server.GrpcService (GrpcService.java:startImpl(149)) - f46943e6-d0b5-49ad-a452-52d168b509a4: GrpcService started, listening on 0.0.0.0/0.0.0.0:36374
2019-09-12 10:42:12,202 [Datanode State Machine Thread - 0] INFO  ratis.XceiverServerRatis (XceiverServerRatis.java:start(414)) - XceiverServerRatis f46943e6-d0b5-49ad-a452-52d168b509a4 is started using port 36374
2019-09-12 10:42:12,206 [Datanode State Machine Thread - 0] INFO  server.XceiverServerGrpc (XceiverServerGrpc.java:start(163)) - XceiverServerGrpc f46943e6-d0b5-49ad-a452-52d168b509a4 is started using port 44270
2019-09-12 10:42:12,235 | INFO  | SCMAudit | user=jenkins1000 | ip=192.168.36.114 | op=GET_VERSION null | ret=SUCCESS |  
2019-09-12 10:42:12,249 [Datanode State Machine Thread - 0] INFO  ozoneimpl.OzoneContainer (OzoneContainer.java:start(186)) - Attempting to start container services.
2019-09-12 10:42:12,251 [Datanode State Machine Thread - 0] INFO  ozoneimpl.OzoneContainer (OzoneContainer.java:startContainerScrub(160)) - Background container scrubber has been disabled by hdds.containerscrub.enabled
2019-09-12 10:42:12,251 [Datanode State Machine Thread - 0] INFO  ratis.XceiverServerRatis (XceiverServerRatis.java:start(404)) - Starting XceiverServerRatis 83afca36-bc46-4fa0-b00b-f7c85a4fa46c at port 0
2019-09-12 10:42:12,259 [Datanode State Machine Thread - 0] INFO  impl.RaftServerProxy (RaftServerProxy.java:lambda$start$3(299)) - 83afca36-bc46-4fa0-b00b-f7c85a4fa46c: start RPC server
2019-09-12 10:42:12,262 [Datanode State Machine Thread - 0] INFO  server.GrpcService (GrpcService.java:startImpl(149)) - 83afca36-bc46-4fa0-b00b-f7c85a4fa46c: GrpcService started, listening on 0.0.0.0/0.0.0.0:45896
2019-09-12 10:42:12,263 [Datanode State Machine Thread - 0] INFO  ratis.XceiverServerRatis (XceiverServerRatis.java:start(414)) - XceiverServerRatis 83afca36-bc46-4fa0-b00b-f7c85a4fa46c is started using port 45896
2019-09-12 10:42:12,265 [Datanode State Machine Thread - 0] INFO  server.XceiverServerGrpc (XceiverServerGrpc.java:start(163)) - XceiverServerGrpc 83afca36-bc46-4fa0-b00b-f7c85a4fa46c is started using port 44777
2019-09-12 10:42:12,452 [main] INFO  ozone.MiniOzoneClusterImpl (MiniOzoneClusterImpl.java:lambda$waitForClusterToBeReady$0(142)) - Waiting for cluster to be ready. Got 0 of 3 DN Heartbeats.
2019-09-12 10:42:12,455 | INFO  | SCMAudit | user=jenkins1000 | ip=192.168.36.114 | op=GET_VERSION null | ret=SUCCESS |  
2019-09-12 10:42:12,479 [Datanode State Machine Thread - 0] INFO  ozoneimpl.OzoneContainer (OzoneContainer.java:start(186)) - Attempting to start container services.
2019-09-12 10:42:12,481 [Datanode State Machine Thread - 0] INFO  ozoneimpl.OzoneContainer (OzoneContainer.java:startContainerScrub(160)) - Background container scrubber has been disabled by hdds.containerscrub.enabled
2019-09-12 10:42:12,481 [Datanode State Machine Thread - 0] INFO  ratis.XceiverServerRatis (XceiverServerRatis.java:start(404)) - Starting XceiverServerRatis 2763fbe8-4944-4553-a701-ce9188a4c42e at port 0
2019-09-12 10:42:12,490 [Datanode State Machine Thread - 0] INFO  impl.RaftServerProxy (RaftServerProxy.java:lambda$start$3(299)) - 2763fbe8-4944-4553-a701-ce9188a4c42e: start RPC server
2019-09-12 10:42:12,494 [Datanode State Machine Thread - 0] INFO  server.GrpcService (GrpcService.java:startImpl(149)) - 2763fbe8-4944-4553-a701-ce9188a4c42e: GrpcService started, listening on 0.0.0.0/0.0.0.0:40558
2019-09-12 10:42:12,494 [Datanode State Machine Thread - 0] INFO  ratis.XceiverServerRatis (XceiverServerRatis.java:start(414)) - XceiverServerRatis 2763fbe8-4944-4553-a701-ce9188a4c42e is started using port 40558
2019-09-12 10:42:12,497 [Datanode State Machine Thread - 0] INFO  server.XceiverServerGrpc (XceiverServerGrpc.java:start(163)) - XceiverServerGrpc 2763fbe8-4944-4553-a701-ce9188a4c42e is started using port 42508
2019-09-12 10:42:13,453 [main] INFO  ozone.MiniOzoneClusterImpl (MiniOzoneClusterImpl.java:lambda$waitForClusterToBeReady$0(142)) - Waiting for cluster to be ready. Got 0 of 3 DN Heartbeats.
2019-09-12 10:42:14,029 [IPC Server handler 3 on 45147] INFO  net.NetworkTopology (NetworkTopologyImpl.java:add(110)) - Added a new node: /default-rack/f46943e6-d0b5-49ad-a452-52d168b509a4
2019-09-12 10:42:14,029 [IPC Server handler 3 on 45147] INFO  node.SCMNodeManager (SCMNodeManager.java:register(273)) - Registered Data node : f46943e6-d0b5-49ad-a452-52d168b509a4{ip: 192.168.36.114, host: pr-hdds-1569-58hkm-1881083799, networkLocation: /default-rack, certSerialId: null}
2019-09-12 10:42:14,034 [EventQueue-NodeRegistrationContainerReportForDataNodeSafeModeRule] INFO  safemode.SCMSafeModeManager (DataNodeSafeModeRule.java:process(71)) - SCM in safe mode. 1 DataNodes registered, 1 required.
2019-09-12 10:42:14,034 [EventQueue-NodeRegistrationContainerReportForDataNodeSafeModeRule] INFO  safemode.SCMSafeModeManager (SCMSafeModeManager.java:validateSafeModeExitRules(177)) - ScmSafeModeManager, all rules are successfully validated
2019-09-12 10:42:14,034 [EventQueue-NodeRegistrationContainerReportForDataNodeSafeModeRule] INFO  safemode.SCMSafeModeManager (SCMSafeModeManager.java:exitSafeMode(193)) - SCM exiting safe mode.
2019-09-12 10:42:14,041 | INFO  | SCMAudit | user=jenkins1000 | ip=192.168.36.114 | op=REGISTER {datanodeDetails=f46943e6-d0b5-49ad-a452-52d168b509a4{ip: 192.168.36.114, host: pr-hdds-1569-58hkm-1881083799, networkLocation: /default-rack, certSerialId: null}} | ret=SUCCESS |  
2019-09-12 10:42:14,236 [IPC Server handler 0 on 45147] INFO  net.NetworkTopology (NetworkTopologyImpl.java:add(110)) - Added a new node: /default-rack/83afca36-bc46-4fa0-b00b-f7c85a4fa46c
2019-09-12 10:42:14,237 [IPC Server handler 0 on 45147] INFO  node.SCMNodeManager (SCMNodeManager.java:register(273)) - Registered Data node : 83afca36-bc46-4fa0-b00b-f7c85a4fa46c{ip: 192.168.36.114, host: pr-hdds-1569-58hkm-1881083799, networkLocation: /default-rack, certSerialId: null}
2019-09-12 10:42:14,237 | INFO  | SCMAudit | user=jenkins1000 | ip=192.168.36.114 | op=REGISTER {datanodeDetails=83afca36-bc46-4fa0-b00b-f7c85a4fa46c{ip: 192.168.36.114, host: pr-hdds-1569-58hkm-1881083799, networkLocation: /default-rack, certSerialId: null}} | ret=SUCCESS |  
2019-09-12 10:42:14,454 [main] INFO  ozone.MiniOzoneClusterImpl (MiniOzoneClusterImpl.java:lambda$waitForClusterToBeReady$0(142)) - Waiting for cluster to be ready. Got 2 of 3 DN Heartbeats.
2019-09-12 10:42:14,456 [IPC Server handler 1 on 45147] INFO  net.NetworkTopology (NetworkTopologyImpl.java:add(110)) - Added a new node: /default-rack/2763fbe8-4944-4553-a701-ce9188a4c42e
2019-09-12 10:42:14,457 [IPC Server handler 1 on 45147] INFO  node.SCMNodeManager (SCMNodeManager.java:register(273)) - Registered Data node : 2763fbe8-4944-4553-a701-ce9188a4c42e{ip: 192.168.36.114, host: pr-hdds-1569-58hkm-1881083799, networkLocation: /default-rack, certSerialId: null}
2019-09-12 10:42:14,458 | INFO  | SCMAudit | user=jenkins1000 | ip=192.168.36.114 | op=REGISTER {datanodeDetails=2763fbe8-4944-4553-a701-ce9188a4c42e{ip: 192.168.36.114, host: pr-hdds-1569-58hkm-1881083799, networkLocation: /default-rack, certSerialId: null}} | ret=SUCCESS |  
2019-09-12 10:42:14,982 [grpc-default-executor-0] INFO  impl.RaftServerProxy (RaftServerProxy.java:addNew(89)) - f46943e6-d0b5-49ad-a452-52d168b509a4: addNew group-C3AA0222AAD6:[f46943e6-d0b5-49ad-a452-52d168b509a4:192.168.36.114:36374] returns group-C3AA0222AAD6:java.util.concurrent.CompletableFuture@2f54c377[Not completed]
2019-09-12 10:42:15,001 [pool-27-thread-1] INFO  impl.RaftServerImpl (RaftServerImpl.java:<init>(93)) - f46943e6-d0b5-49ad-a452-52d168b509a4: new RaftServerImpl for group-C3AA0222AAD6:[f46943e6-d0b5-49ad-a452-52d168b509a4:192.168.36.114:36374] with ContainerStateMachine:uninitialized
2019-09-12 10:42:15,005 [pool-27-thread-1] INFO  server.RaftServerConfigKeys (ConfUtils.java:logGet(43)) - raft.server.rpc.timeout.min = 5s (custom)
2019-09-12 10:42:15,006 [pool-27-thread-1] INFO  server.RaftServerConfigKeys (ConfUtils.java:logGet(43)) - raft.server.rpc.timeout.max = 5200ms (custom)
2019-09-12 10:42:15,007 [pool-27-thread-1] INFO  server.RaftServerConfigKeys (ConfUtils.java:logGet(43)) - raft.server.rpcslowness.timeout = 120s (custom)
2019-09-12 10:42:15,008 [pool-27-thread-1] INFO  server.RaftServerConfigKeys (ConfUtils.java:logGet(43)) - raft.server.sleep.deviation.threshold = 300 (default)
2019-09-12 10:42:15,009 [pool-27-thread-1] INFO  server.RaftServerConfigKeys (ConfUtils.java:logGet(43)) - raft.server.log.appender.install.snapshot.enabled = false (custom)
2019-09-12 10:42:15,019 [pool-27-thread-1] INFO  impl.RaftServerImpl (ServerState.java:<init>(105)) - f46943e6-d0b5-49ad-a452-52d168b509a4:group-C3AA0222AAD6 ConfigurationManager, init=-1: [f46943e6-d0b5-49ad-a452-52d168b509a4:192.168.36.114:36374], old=null, confs=<EMPTY_MAP>
2019-09-12 10:42:15,019 [pool-27-thread-1] INFO  server.RaftServerConfigKeys (ConfUtils.java:logGet(43)) - raft.server.storage.dir = [/workdir/hadoop-ozone/integration-test/target/test-dir/MiniOzoneClusterImpl-152e7b22-107a-47df-8119-8865e0ec3973/datanode-0/data/ratis] (custom)
2019-09-12 10:42:15,028 [pool-27-thread-1] INFO  storage.RaftStorageDirectory (RaftStorageDirectory.java:analyzeStorage(246)) - The storage directory /workdir/hadoop-ozone/integration-test/target/test-dir/MiniOzoneClusterImpl-152e7b22-107a-47df-8119-8865e0ec3973/datanode-0/data/ratis/d53f8e28-96f8-42f2-b0b0-c3aa0222aad6 does not exist. Creating ...
2019-09-12 10:42:15,046 [pool-27-thread-1] INFO  storage.RaftStorageDirectory (RaftStorageDirectory.java:tryLock(328)) - Lock on /workdir/hadoop-ozone/integration-test/target/test-dir/MiniOzoneClusterImpl-152e7b22-107a-47df-8119-8865e0ec3973/datanode-0/data/ratis/d53f8e28-96f8-42f2-b0b0-c3aa0222aad6/in_use.lock acquired by nodename 23915@pr-hdds-1569-58hkm-1881083799
2019-09-12 10:42:15,052 [pool-27-thread-1] INFO  storage.RaftStorage (RaftStorage.java:format(72)) - Storage directory /workdir/hadoop-ozone/integration-test/target/test-dir/MiniOzoneClusterImpl-152e7b22-107a-47df-8119-8865e0ec3973/datanode-0/data/ratis/d53f8e28-96f8-42f2-b0b0-c3aa0222aad6 has been successfully formatted.
2019-09-12 10:42:15,055 [pool-27-thread-1] INFO  ratis.ContainerStateMachine (ContainerStateMachine.java:loadSnapshot(226)) - group-C3AA0222AAD6: The snapshot info is null. Setting the last applied indexto:(t:0, i:~)
2019-09-12 10:42:15,056 [pool-27-thread-1] INFO  server.RaftServerConfigKeys (ConfUtils.java:logGet(43)) - raft.server.leader.election.timeout = 120s (custom)
2019-09-12 10:42:15,059 [pool-27-thread-1] INFO  server.RaftServerConfigKeys (ConfUtils.java:logGet(43)) - raft.server.log.use.memory = false (default)
2019-09-12 10:42:15,066 [pool-27-thread-1] INFO  server.RaftServerConfigKeys (ConfUtils.java:logGet(43)) - raft.server.log.purge.gap = 1000000 (custom)
2019-09-12 10:42:15,066 [pool-27-thread-1] INFO  server.RaftServerConfigKeys (ConfUtils.java:logGet(43)) - raft.server.log.appender.buffer.byte-limit = 33554432 (custom)
2019-09-12 10:42:15,068 [pool-27-thread-1] INFO  server.RaftServerConfigKeys (ConfUtils.java:logGet(43)) - raft.server.log.segment.size.max = 1048576 (custom)
2019-09-12 10:42:15,074 [pool-27-thread-1] INFO  server.RaftServerConfigKeys (ConfUtils.java:logGet(43)) - raft.server.log.segment.cache.num.max = 2 (custom)
2019-09-12 10:42:15,081 [pool-27-thread-1] INFO  segmented.SegmentedRaftLogWorker (SegmentedRaftLogWorker.java:<init>(172)) - new f46943e6-d0b5-49ad-a452-52d168b509a4-SegmentedRaftLogWorker:Storage Directory /workdir/hadoop-ozone/integration-test/target/test-dir/MiniOzoneClusterImpl-152e7b22-107a-47df-8119-8865e0ec3973/datanode-0/data/ratis/d53f8e28-96f8-42f2-b0b0-c3aa0222aad6 for RaftStorage:Storage Directory /workdir/hadoop-ozone/integration-test/target/test-dir/MiniOzoneClusterImpl-152e7b22-107a-47df-8119-8865e0ec3973/datanode-0/data/ratis/d53f8e28-96f8-42f2-b0b0-c3aa0222aad6
2019-09-12 10:42:15,095 [pool-27-thread-1] INFO  server.RaftServerConfigKeys (ConfUtils.java:logGet(43)) - raft.server.log.queue.byte-limit = 2147483647 (custom)
2019-09-12 10:42:15,096 [pool-27-thread-1] INFO  server.RaftServerConfigKeys (ConfUtils.java:logGet(43)) - raft.server.log.queue.element-limit = 1024 (custom)
2019-09-12 10:42:15,102 [pool-27-thread-1] INFO  server.RaftServerConfigKeys (ConfUtils.java:logGet(43)) - raft.server.log.segment.size.max = 1048576 (custom)
2019-09-12 10:42:15,102 [pool-27-thread-1] INFO  server.RaftServerConfigKeys (ConfUtils.java:logGet(43)) - raft.server.log.preallocated.size = 16384 (custom)
2019-09-12 10:42:15,103 [pool-27-thread-1] INFO  server.RaftServerConfigKeys (ConfUtils.java:logGet(43)) - raft.server.log.write.buffer.size = 33554432 (custom)
2019-09-12 10:42:15,104 [pool-27-thread-1] INFO  server.RaftServerConfigKeys (ConfUtils.java:logGet(43)) - raft.server.log.force.sync.num = 128 (default)
2019-09-12 10:42:15,105 [pool-27-thread-1] INFO  server.RaftServerConfigKeys (ConfUtils.java:logGet(43)) - raft.server.log.statemachine.data.sync = true (default)
2019-09-12 10:42:15,105 [pool-27-thread-1] INFO  server.RaftServerConfigKeys (ConfUtils.java:logGet(43)) - raft.server.log.statemachine.data.sync.timeout = 10s (default)
2019-09-12 10:42:15,106 [pool-27-thread-1] INFO  server.RaftServerConfigKeys (ConfUtils.java:logGet(43)) - raft.server.log.statemachine.data.sync.timeout.retry = -1 (default)
2019-09-12 10:42:15,115 [pool-27-thread-1] INFO  server.RaftServerConfigKeys (ConfUtils.java:logGet(43)) - raft.server.log.statemachine.data.caching.enabled = true (custom)
2019-09-12 10:42:15,119 [pool-27-thread-1] INFO  segmented.SegmentedRaftLogWorker (SegmentedRaftLogWorker.java:lambda$new$0(132)) - f46943e6-d0b5-49ad-a452-52d168b509a4-SegmentedRaftLogWorker:Storage Directory /workdir/hadoop-ozone/integration-test/target/test-dir/MiniOzoneClusterImpl-152e7b22-107a-47df-8119-8865e0ec3973/datanode-0/data/ratis/d53f8e28-96f8-42f2-b0b0-c3aa0222aad6: flushIndex: setUnconditionally 0 -> -1
2019-09-12 10:42:15,123 [pool-27-thread-1] INFO  server.RaftServerConfigKeys (ConfUtils.java:logGet(43)) - raft.server.snapshot.auto.trigger.enabled = true (custom)
2019-09-12 10:42:15,124 [pool-27-thread-1] INFO  server.RaftServerConfigKeys (ConfUtils.java:logGet(43)) - raft.server.snapshot.auto.trigger.threshold = 10000 (custom)
2019-09-12 10:42:15,125 [pool-27-thread-1] INFO  server.RaftServerConfigKeys (ConfUtils.java:logGet(43)) - raft.server.retrycache.expirytime = 600000ms (custom)
2019-09-12 10:42:15,145 [pool-27-thread-1] INFO  impl.RaftServerImpl (RaftServerImpl.java:start(180)) - f46943e6-d0b5-49ad-a452-52d168b509a4: start group-C3AA0222AAD6
2019-09-12 10:42:15,146 [pool-27-thread-1] INFO  impl.RaftServerImpl (RaftServerImpl.java:setRole(171)) - f46943e6-d0b5-49ad-a452-52d168b509a4:group-C3AA0222AAD6 changes role from null to FOLLOWER at term 0 for startAsFollower
2019-09-12 10:42:15,147 [pool-27-thread-1] INFO  impl.RoleInfo (RoleInfo.java:updateAndGet(143)) - f46943e6-d0b5-49ad-a452-52d168b509a4: start FollowerState
2019-09-12 10:42:15,149 [pool-27-thread-1] INFO  util.JmxRegister (JmxRegister.java:tryRegister(44)) - Successfully registered JMX Bean with object name Ratis:service=RaftServer,group=group-C3AA0222AAD6,id=f46943e6-d0b5-49ad-a452-52d168b509a4
2019-09-12 10:42:15,206 [RatisPipelineUtilsThread] INFO  pipeline.PipelineStateManager (PipelineStateManager.java:addPipeline(56)) - Created pipeline Pipeline[ Id: d53f8e28-96f8-42f2-b0b0-c3aa0222aad6, Nodes: f46943e6-d0b5-49ad-a452-52d168b509a4{ip: 192.168.36.114, host: pr-hdds-1569-58hkm-1881083799, networkLocation: /default-rack, certSerialId: null}, Type:RATIS, Factor:ONE, State:OPEN]
2019-09-12 10:42:15,226 [grpc-default-executor-0] INFO  impl.RaftServerProxy (RaftServerProxy.java:addNew(89)) - 83afca36-bc46-4fa0-b00b-f7c85a4fa46c: addNew group-AB4E8E10435E:[83afca36-bc46-4fa0-b00b-f7c85a4fa46c:192.168.36.114:45896] returns group-AB4E8E10435E:java.util.concurrent.CompletableFuture@57d3bf17[Not completed]
2019-09-12 10:42:15,250 [pool-38-thread-1] INFO  impl.RaftServerImpl (RaftServerImpl.java:<init>(93)) - 83afca36-bc46-4fa0-b00b-f7c85a4fa46c: new RaftServerImpl for group-AB4E8E10435E:[83afca36-bc46-4fa0-b00b-f7c85a4fa46c:192.168.36.114:45896] with ContainerStateMachine:uninitialized
2019-09-12 10:42:15,253 [pool-38-thread-1] INFO  server.RaftServerConfigKeys (ConfUtils.java:logGet(43)) - raft.server.rpc.timeout.min = 5s (custom)
2019-09-12 10:42:15,254 [pool-38-thread-1] INFO  server.RaftServerConfigKeys (ConfUtils.java:logGet(43)) - raft.server.rpc.timeout.max = 5200ms (custom)
2019-09-12 10:42:15,254 [pool-38-thread-1] INFO  server.RaftServerConfigKeys (ConfUtils.java:logGet(43)) - raft.server.rpcslowness.timeout = 120s (custom)
2019-09-12 10:42:15,255 [pool-38-thread-1] INFO  server.RaftServerConfigKeys (ConfUtils.java:logGet(43)) - raft.server.sleep.deviation.threshold = 300 (default)
2019-09-12 10:42:15,255 [pool-38-thread-1] INFO  server.RaftServerConfigKeys (ConfUtils.java:logGet(43)) - raft.server.log.appender.install.snapshot.enabled = false (custom)
2019-09-12 10:42:15,256 [pool-38-thread-1] INFO  impl.RaftServerImpl (ServerState.java:<init>(105)) - 83afca36-bc46-4fa0-b00b-f7c85a4fa46c:group-AB4E8E10435E ConfigurationManager, init=-1: [83afca36-bc46-4fa0-b00b-f7c85a4fa46c:192.168.36.114:45896], old=null, confs=<EMPTY_MAP>
2019-09-12 10:42:15,256 [pool-38-thread-1] INFO  server.RaftServerConfigKeys (ConfUtils.java:logGet(43)) - raft.server.storage.dir = [/workdir/hadoop-ozone/integration-test/target/test-dir/MiniOzoneClusterImpl-152e7b22-107a-47df-8119-8865e0ec3973/datanode-1/data/ratis] (custom)
2019-09-12 10:42:15,257 [pool-38-thread-1] INFO  storage.RaftStorageDirectory (RaftStorageDirectory.java:analyzeStorage(246)) - The storage directory /workdir/hadoop-ozone/integration-test/target/test-dir/MiniOzoneClusterImpl-152e7b22-107a-47df-8119-8865e0ec3973/datanode-1/data/ratis/34834c08-8e18-49a1-bde5-ab4e8e10435e does not exist. Creating ...
2019-09-12 10:42:15,271 [pool-38-thread-1] INFO  storage.RaftStorageDirectory (RaftStorageDirectory.java:tryLock(328)) - Lock on /workdir/hadoop-ozone/integration-test/target/test-dir/MiniOzoneClusterImpl-152e7b22-107a-47df-8119-8865e0ec3973/datanode-1/data/ratis/34834c08-8e18-49a1-bde5-ab4e8e10435e/in_use.lock acquired by nodename 23915@pr-hdds-1569-58hkm-1881083799
2019-09-12 10:42:15,275 [pool-38-thread-1] INFO  storage.RaftStorage (RaftStorage.java:format(72)) - Storage directory /workdir/hadoop-ozone/integration-test/target/test-dir/MiniOzoneClusterImpl-152e7b22-107a-47df-8119-8865e0ec3973/datanode-1/data/ratis/34834c08-8e18-49a1-bde5-ab4e8e10435e has been successfully formatted.
2019-09-12 10:42:15,277 [pool-38-thread-1] INFO  ratis.ContainerStateMachine (ContainerStateMachine.java:loadSnapshot(226)) - group-AB4E8E10435E: The snapshot info is null. Setting the last applied indexto:(t:0, i:~)
2019-09-12 10:42:15,279 [pool-38-thread-1] INFO  server.RaftServerConfigKeys (ConfUtils.java:logGet(43)) - raft.server.leader.election.timeout = 120s (custom)
2019-09-12 10:42:15,279 [pool-38-thread-1] INFO  server.RaftServerConfigKeys (ConfUtils.java:logGet(43)) - raft.server.log.use.memory = false (default)
2019-09-12 10:42:15,279 [pool-38-thread-1] INFO  server.RaftServerConfigKeys (ConfUtils.java:logGet(43)) - raft.server.log.purge.gap = 1000000 (custom)
2019-09-12 10:42:15,279 [pool-38-thread-1] INFO  server.RaftServerConfigKeys (ConfUtils.java:logGet(43)) - raft.server.log.appender.buffer.byte-limit = 33554432 (custom)
2019-09-12 10:42:15,279 [pool-38-thread-1] INFO  server.RaftServerConfigKeys (ConfUtils.java:logGet(43)) - raft.server.log.segment.size.max = 1048576 (custom)
2019-09-12 10:42:15,280 [pool-38-thread-1] INFO  server.RaftServerConfigKeys (ConfUtils.java:logGet(43)) - raft.server.log.segment.cache.num.max = 2 (custom)
2019-09-12 10:42:15,280 [pool-38-thread-1] INFO  segmented.SegmentedRaftLogWorker (SegmentedRaftLogWorker.java:<init>(172)) - new 83afca36-bc46-4fa0-b00b-f7c85a4fa46c-SegmentedRaftLogWorker:Storage Directory /workdir/hadoop-ozone/integration-test/target/test-dir/MiniOzoneClusterImpl-152e7b22-107a-47df-8119-8865e0ec3973/datanode-1/data/ratis/34834c08-8e18-49a1-bde5-ab4e8e10435e for RaftStorage:Storage Directory /workdir/hadoop-ozone/integration-test/target/test-dir/MiniOzoneClusterImpl-152e7b22-107a-47df-8119-8865e0ec3973/datanode-1/data/ratis/34834c08-8e18-49a1-bde5-ab4e8e10435e
2019-09-12 10:42:15,281 [pool-38-thread-1] INFO  server.RaftServerConfigKeys (ConfUtils.java:logGet(43)) - raft.server.log.queue.byte-limit = 2147483647 (custom)
2019-09-12 10:42:15,281 [pool-38-thread-1] INFO  server.RaftServerConfigKeys (ConfUtils.java:logGet(43)) - raft.server.log.queue.element-limit = 1024 (custom)
2019-09-12 10:42:15,282 [pool-38-thread-1] INFO  server.RaftServerConfigKeys (ConfUtils.java:logGet(43)) - raft.server.log.segment.size.max = 1048576 (custom)
2019-09-12 10:42:15,282 [pool-38-thread-1] INFO  server.RaftServerConfigKeys (ConfUtils.java:logGet(43)) - raft.server.log.preallocated.size = 16384 (custom)
2019-09-12 10:42:15,282 [pool-38-thread-1] INFO  server.RaftServerConfigKeys (ConfUtils.java:logGet(43)) - raft.server.log.write.buffer.size = 33554432 (custom)
2019-09-12 10:42:15,283 [pool-38-thread-1] INFO  server.RaftServerConfigKeys (ConfUtils.java:logGet(43)) - raft.server.log.force.sync.num = 128 (default)
2019-09-12 10:42:15,283 [pool-38-thread-1] INFO  server.RaftServerConfigKeys (ConfUtils.java:logGet(43)) - raft.server.log.statemachine.data.sync = true (default)
2019-09-12 10:42:15,283 [pool-38-thread-1] INFO  server.RaftServerConfigKeys (ConfUtils.java:logGet(43)) - raft.server.log.statemachine.data.sync.timeout = 10s (default)
2019-09-12 10:42:15,283 [pool-38-thread-1] INFO  server.RaftServerConfigKeys (ConfUtils.java:logGet(43)) - raft.server.log.statemachine.data.sync.timeout.retry = -1 (default)
2019-09-12 10:42:15,284 [pool-38-thread-1] INFO  server.RaftServerConfigKeys (ConfUtils.java:logGet(43)) - raft.server.log.statemachine.data.caching.enabled = true (custom)
2019-09-12 10:42:15,284 [pool-38-thread-1] INFO  segmented.SegmentedRaftLogWorker (SegmentedRaftLogWorker.java:lambda$new$0(132)) - 83afca36-bc46-4fa0-b00b-f7c85a4fa46c-SegmentedRaftLogWorker:Storage Directory /workdir/hadoop-ozone/integration-test/target/test-dir/MiniOzoneClusterImpl-152e7b22-107a-47df-8119-8865e0ec3973/datanode-1/data/ratis/34834c08-8e18-49a1-bde5-ab4e8e10435e: flushIndex: setUnconditionally 0 -> -1
2019-09-12 10:42:15,285 [pool-38-thread-1] INFO  server.RaftServerConfigKeys (ConfUtils.java:logGet(43)) - raft.server.snapshot.auto.trigger.enabled = true (custom)
2019-09-12 10:42:15,285 [pool-38-thread-1] INFO  server.RaftServerConfigKeys (ConfUtils.java:logGet(43)) - raft.server.snapshot.auto.trigger.threshold = 10000 (custom)
2019-09-12 10:42:15,285 [pool-38-thread-1] INFO  server.RaftServerConfigKeys (ConfUtils.java:logGet(43)) - raft.server.retrycache.expirytime = 600000ms (custom)
2019-09-12 10:42:15,286 [pool-38-thread-1] INFO  impl.RaftServerImpl (RaftServerImpl.java:start(180)) - 83afca36-bc46-4fa0-b00b-f7c85a4fa46c: start group-AB4E8E10435E
2019-09-12 10:42:15,286 [pool-38-thread-1] INFO  impl.RaftServerImpl (RaftServerImpl.java:setRole(171)) - 83afca36-bc46-4fa0-b00b-f7c85a4fa46c:group-AB4E8E10435E changes role from null to FOLLOWER at term 0 for startAsFollower
2019-09-12 10:42:15,286 [pool-38-thread-1] INFO  impl.RoleInfo (RoleInfo.java:updateAndGet(143)) - 83afca36-bc46-4fa0-b00b-f7c85a4fa46c: start FollowerState
2019-09-12 10:42:15,287 [pool-38-thread-1] INFO  util.JmxRegister (JmxRegister.java:tryRegister(44)) - Successfully registered JMX Bean with object name Ratis:service=RaftServer,group=group-AB4E8E10435E,id=83afca36-bc46-4fa0-b00b-f7c85a4fa46c
2019-09-12 10:42:15,300 [RatisPipelineUtilsThread] INFO  pipeline.PipelineStateManager (PipelineStateManager.java:addPipeline(56)) - Created pipeline Pipeline[ Id: 34834c08-8e18-49a1-bde5-ab4e8e10435e, Nodes: 83afca36-bc46-4fa0-b00b-f7c85a4fa46c{ip: 192.168.36.114, host: pr-hdds-1569-58hkm-1881083799, networkLocation: /default-rack, certSerialId: null}, Type:RATIS, Factor:ONE, State:OPEN]
2019-09-12 10:42:15,318 [grpc-default-executor-0] INFO  impl.RaftServerProxy (RaftServerProxy.java:addNew(89)) - f46943e6-d0b5-49ad-a452-52d168b509a4: addNew group-91F4FEDD3E86:[f46943e6-d0b5-49ad-a452-52d168b509a4:192.168.36.114:36374] returns group-91F4FEDD3E86:java.util.concurrent.CompletableFuture@6271901c[Not completed]
2019-09-12 10:42:15,326 [pool-27-thread-1] INFO  impl.RaftServerImpl (RaftServerImpl.java:<init>(93)) - f46943e6-d0b5-49ad-a452-52d168b509a4: new RaftServerImpl for group-91F4FEDD3E86:[f46943e6-d0b5-49ad-a452-52d168b509a4:192.168.36.114:36374] with ContainerStateMachine:uninitialized
2019-09-12 10:42:15,327 [pool-27-thread-1] INFO  server.RaftServerConfigKeys (ConfUtils.java:logGet(43)) - raft.server.rpc.timeout.min = 5s (custom)
2019-09-12 10:42:15,327 [pool-27-thread-1] INFO  server.RaftServerConfigKeys (ConfUtils.java:logGet(43)) - raft.server.rpc.timeout.max = 5200ms (custom)
2019-09-12 10:42:15,327 [pool-27-thread-1] INFO  server.RaftServerConfigKeys (ConfUtils.java:logGet(43)) - raft.server.rpcslowness.timeout = 120s (custom)
2019-09-12 10:42:15,327 [pool-27-thread-1] INFO  server.RaftServerConfigKeys (ConfUtils.java:logGet(43)) - raft.server.sleep.deviation.threshold = 300 (default)
2019-09-12 10:42:15,327 [pool-27-thread-1] INFO  server.RaftServerConfigKeys (ConfUtils.java:logGet(43)) - raft.server.log.appender.install.snapshot.enabled = false (custom)
2019-09-12 10:42:15,327 [pool-27-thread-1] INFO  impl.RaftServerImpl (ServerState.java:<init>(105)) - f46943e6-d0b5-49ad-a452-52d168b509a4:group-91F4FEDD3E86 ConfigurationManager, init=-1: [f46943e6-d0b5-49ad-a452-52d168b509a4:192.168.36.114:36374], old=null, confs=<EMPTY_MAP>
2019-09-12 10:42:15,328 [pool-27-thread-1] INFO  server.RaftServerConfigKeys (ConfUtils.java:logGet(43)) - raft.server.storage.dir = [/workdir/hadoop-ozone/integration-test/target/test-dir/MiniOzoneClusterImpl-152e7b22-107a-47df-8119-8865e0ec3973/datanode-0/data/ratis] (custom)
2019-09-12 10:42:15,338 [pool-27-thread-1] INFO  storage.RaftStorageDirectory (RaftStorageDirectory.java:analyzeStorage(246)) - The storage directory /workdir/hadoop-ozone/integration-test/target/test-dir/MiniOzoneClusterImpl-152e7b22-107a-47df-8119-8865e0ec3973/datanode-0/data/ratis/b59e646c-d6e5-4455-916f-91f4fedd3e86 does not exist. Creating ...
2019-09-12 10:42:15,385 [pool-27-thread-1] INFO  storage.RaftStorageDirectory (RaftStorageDirectory.java:tryLock(328)) - Lock on /workdir/hadoop-ozone/integration-test/target/test-dir/MiniOzoneClusterImpl-152e7b22-107a-47df-8119-8865e0ec3973/datanode-0/data/ratis/b59e646c-d6e5-4455-916f-91f4fedd3e86/in_use.lock acquired by nodename 23915@pr-hdds-1569-58hkm-1881083799
2019-09-12 10:42:15,405 [pool-27-thread-1] INFO  storage.RaftStorage (RaftStorage.java:format(72)) - Storage directory /workdir/hadoop-ozone/integration-test/target/test-dir/MiniOzoneClusterImpl-152e7b22-107a-47df-8119-8865e0ec3973/datanode-0/data/ratis/b59e646c-d6e5-4455-916f-91f4fedd3e86 has been successfully formatted.
2019-09-12 10:42:15,406 [pool-27-thread-1] INFO  ratis.ContainerStateMachine (ContainerStateMachine.java:loadSnapshot(226)) - group-91F4FEDD3E86: The snapshot info is null. Setting the last applied indexto:(t:0, i:~)
2019-09-12 10:42:15,407 [pool-27-thread-1] INFO  server.RaftServerConfigKeys (ConfUtils.java:logGet(43)) - raft.server.leader.election.timeout = 120s (custom)
2019-09-12 10:42:15,407 [pool-27-thread-1] INFO  server.RaftServerConfigKeys (ConfUtils.java:logGet(43)) - raft.server.log.use.memory = false (default)
2019-09-12 10:42:15,408 [pool-27-thread-1] INFO  server.RaftServerConfigKeys (ConfUtils.java:logGet(43)) - raft.server.log.purge.gap = 1000000 (custom)
2019-09-12 10:42:15,408 [pool-27-thread-1] INFO  server.RaftServerConfigKeys (ConfUtils.java:logGet(43)) - raft.server.log.appender.buffer.byte-limit = 33554432 (custom)
2019-09-12 10:42:15,409 [pool-27-thread-1] INFO  server.RaftServerConfigKeys (ConfUtils.java:logGet(43)) - raft.server.log.segment.size.max = 1048576 (custom)
2019-09-12 10:42:15,409 [pool-27-thread-1] INFO  server.RaftServerConfigKeys (ConfUtils.java:logGet(43)) - raft.server.log.segment.cache.num.max = 2 (custom)
2019-09-12 10:42:15,409 [pool-27-thread-1] INFO  segmented.SegmentedRaftLogWorker (SegmentedRaftLogWorker.java:<init>(172)) - new f46943e6-d0b5-49ad-a452-52d168b509a4-SegmentedRaftLogWorker:Storage Directory /workdir/hadoop-ozone/integration-test/target/test-dir/MiniOzoneClusterImpl-152e7b22-107a-47df-8119-8865e0ec3973/datanode-0/data/ratis/b59e646c-d6e5-4455-916f-91f4fedd3e86 for RaftStorage:Storage Directory /workdir/hadoop-ozone/integration-test/target/test-dir/MiniOzoneClusterImpl-152e7b22-107a-47df-8119-8865e0ec3973/datanode-0/data/ratis/b59e646c-d6e5-4455-916f-91f4fedd3e86
2019-09-12 10:42:15,410 [pool-27-thread-1] INFO  server.RaftServerConfigKeys (ConfUtils.java:logGet(43)) - raft.server.log.queue.byte-limit = 2147483647 (custom)
2019-09-12 10:42:15,410 [pool-27-thread-1] INFO  server.RaftServerConfigKeys (ConfUtils.java:logGet(43)) - raft.server.log.queue.element-limit = 1024 (custom)
2019-09-12 10:42:15,410 [pool-27-thread-1] INFO  server.RaftServerConfigKeys (ConfUtils.java:logGet(43)) - raft.server.log.segment.size.max = 1048576 (custom)
2019-09-12 10:42:15,411 [pool-27-thread-1] INFO  server.RaftServerConfigKeys (ConfUtils.java:logGet(43)) - raft.server.log.preallocated.size = 16384 (custom)
2019-09-12 10:42:15,411 [pool-27-thread-1] INFO  server.RaftServerConfigKeys (ConfUtils.java:logGet(43)) - raft.server.log.write.buffer.size = 33554432 (custom)
2019-09-12 10:42:15,411 [pool-27-thread-1] INFO  server.RaftServerConfigKeys (ConfUtils.java:logGet(43)) - raft.server.log.force.sync.num = 128 (default)
2019-09-12 10:42:15,412 [pool-27-thread-1] INFO  server.RaftServerConfigKeys (ConfUtils.java:logGet(43)) - raft.server.log.statemachine.data.sync = true (default)
2019-09-12 10:42:15,412 [pool-27-thread-1] INFO  server.RaftServerConfigKeys (ConfUtils.java:logGet(43)) - raft.server.log.statemachine.data.sync.timeout = 10s (default)
2019-09-12 10:42:15,412 [pool-27-thread-1] INFO  server.RaftServerConfigKeys (ConfUtils.java:logGet(43)) - raft.server.log.statemachine.data.sync.timeout.retry = -1 (default)
2019-09-12 10:42:15,413 [pool-27-thread-1] INFO  server.RaftServerConfigKeys (ConfUtils.java:logGet(43)) - raft.server.log.statemachine.data.caching.enabled = true (custom)
2019-09-12 10:42:15,414 [pool-27-thread-1] INFO  segmented.SegmentedRaftLogWorker (SegmentedRaftLogWorker.java:lambda$new$0(132)) - f46943e6-d0b5-49ad-a452-52d168b509a4-SegmentedRaftLogWorker:Storage Directory /workdir/hadoop-ozone/integration-test/target/test-dir/MiniOzoneClusterImpl-152e7b22-107a-47df-8119-8865e0ec3973/datanode-0/data/ratis/b59e646c-d6e5-4455-916f-91f4fedd3e86: flushIndex: setUnconditionally 0 -> -1
2019-09-12 10:42:15,416 [pool-27-thread-1] INFO  server.RaftServerConfigKeys (ConfUtils.java:logGet(43)) - raft.server.snapshot.auto.trigger.enabled = true (custom)
2019-09-12 10:42:15,416 [pool-27-thread-1] INFO  server.RaftServerConfigKeys (ConfUtils.java:logGet(43)) - raft.server.snapshot.auto.trigger.threshold = 10000 (custom)
2019-09-12 10:42:15,416 [pool-27-thread-1] INFO  server.RaftServerConfigKeys (ConfUtils.java:logGet(43)) - raft.server.retrycache.expirytime = 600000ms (custom)
2019-09-12 10:42:15,417 [pool-27-thread-1] INFO  impl.RaftServerImpl (RaftServerImpl.java:start(180)) - f46943e6-d0b5-49ad-a452-52d168b509a4: start group-91F4FEDD3E86
2019-09-12 10:42:15,417 [pool-27-thread-1] INFO  impl.RaftServerImpl (RaftServerImpl.java:setRole(171)) - f46943e6-d0b5-49ad-a452-52d168b509a4:group-91F4FEDD3E86 changes role from null to FOLLOWER at term 0 for startAsFollower
2019-09-12 10:42:15,417 [pool-27-thread-1] INFO  impl.RoleInfo (RoleInfo.java:updateAndGet(143)) - f46943e6-d0b5-49ad-a452-52d168b509a4: start FollowerState
2019-09-12 10:42:15,418 [pool-27-thread-1] INFO  util.JmxRegister (JmxRegister.java:tryRegister(44)) - Successfully registered JMX Bean with object name Ratis:service=RaftServer,group=group-91F4FEDD3E86,id=f46943e6-d0b5-49ad-a452-52d168b509a4
2019-09-12 10:42:15,443 [RatisPipelineUtilsThread] INFO  pipeline.PipelineStateManager (PipelineStateManager.java:addPipeline(56)) - Created pipeline Pipeline[ Id: b59e646c-d6e5-4455-916f-91f4fedd3e86, Nodes: f46943e6-d0b5-49ad-a452-52d168b509a4{ip: 192.168.36.114, host: pr-hdds-1569-58hkm-1881083799, networkLocation: /default-rack, certSerialId: null}, Type:RATIS, Factor:ONE, State:OPEN]
2019-09-12 10:42:15,455 [main] INFO  ozone.MiniOzoneClusterImpl (MiniOzoneClusterImpl.java:lambda$waitForClusterToBeReady$0(142)) - Cluster is ready. Got 3 of 3 DN Heartbeats.
2019-09-12 10:42:15,457 [grpc-default-executor-0] INFO  impl.RaftServerProxy (RaftServerProxy.java:addNew(89)) - f46943e6-d0b5-49ad-a452-52d168b509a4: addNew group-881CCF30B6D7:[f46943e6-d0b5-49ad-a452-52d168b509a4:192.168.36.114:36374] returns group-881CCF30B6D7:java.util.concurrent.CompletableFuture@4df8fd40[Not completed]
2019-09-12 10:42:15,459 [pool-27-thread-1] INFO  impl.RaftServerImpl (RaftServerImpl.java:<init>(93)) - f46943e6-d0b5-49ad-a452-52d168b509a4: new RaftServerImpl for group-881CCF30B6D7:[f46943e6-d0b5-49ad-a452-52d168b509a4:192.168.36.114:36374] with ContainerStateMachine:uninitialized
2019-09-12 10:42:15,459 [pool-27-thread-1] INFO  server.RaftServerConfigKeys (ConfUtils.java:logGet(43)) - raft.server.rpc.timeout.min = 5s (custom)
2019-09-12 10:42:15,459 [pool-27-thread-1] INFO  server.RaftServerConfigKeys (ConfUtils.java:logGet(43)) - raft.server.rpc.timeout.max = 5200ms (custom)
2019-09-12 10:42:15,460 [pool-27-thread-1] INFO  server.RaftServerConfigKeys (ConfUtils.java:logGet(43)) - raft.server.rpcslowness.timeout = 120s (custom)
2019-09-12 10:42:15,460 [pool-27-thread-1] INFO  server.RaftServerConfigKeys (ConfUtils.java:logGet(43)) - raft.server.sleep.deviation.threshold = 300 (default)
2019-09-12 10:42:15,460 [pool-27-thread-1] INFO  server.RaftServerConfigKeys (ConfUtils.java:logGet(43)) - raft.server.log.appender.install.snapshot.enabled = false (custom)
2019-09-12 10:42:15,460 [pool-27-thread-1] INFO  impl.RaftServerImpl (ServerState.java:<init>(105)) - f46943e6-d0b5-49ad-a452-52d168b509a4:group-881CCF30B6D7 ConfigurationManager, init=-1: [f46943e6-d0b5-49ad-a452-52d168b509a4:192.168.36.114:36374], old=null, confs=<EMPTY_MAP>
2019-09-12 10:42:15,460 [pool-27-thread-1] INFO  server.RaftServerConfigKeys (ConfUtils.java:logGet(43)) - raft.server.storage.dir = [/workdir/hadoop-ozone/integration-test/target/test-dir/MiniOzoneClusterImpl-152e7b22-107a-47df-8119-8865e0ec3973/datanode-0/data/ratis] (custom)
2019-09-12 10:42:15,461 [pool-27-thread-1] INFO  storage.RaftStorageDirectory (RaftStorageDirectory.java:analyzeStorage(246)) - The storage directory /workdir/hadoop-ozone/integration-test/target/test-dir/MiniOzoneClusterImpl-152e7b22-107a-47df-8119-8865e0ec3973/datanode-0/data/ratis/b067f1a2-ba63-4c79-aea0-881ccf30b6d7 does not exist. Creating ...
2019-09-12 10:42:15,501 [pool-27-thread-1] INFO  storage.RaftStorageDirectory (RaftStorageDirectory.java:tryLock(328)) - Lock on /workdir/hadoop-ozone/integration-test/target/test-dir/MiniOzoneClusterImpl-152e7b22-107a-47df-8119-8865e0ec3973/datanode-0/data/ratis/b067f1a2-ba63-4c79-aea0-881ccf30b6d7/in_use.lock acquired by nodename 23915@pr-hdds-1569-58hkm-1881083799
2019-09-12 10:42:15,530 [pool-27-thread-1] INFO  storage.RaftStorage (RaftStorage.java:format(72)) - Storage directory /workdir/hadoop-ozone/integration-test/target/test-dir/MiniOzoneClusterImpl-152e7b22-107a-47df-8119-8865e0ec3973/datanode-0/data/ratis/b067f1a2-ba63-4c79-aea0-881ccf30b6d7 has been successfully formatted.
2019-09-12 10:42:15,531 [pool-27-thread-1] INFO  ratis.ContainerStateMachine (ContainerStateMachine.java:loadSnapshot(226)) - group-881CCF30B6D7: The snapshot info is null. Setting the last applied indexto:(t:0, i:~)
2019-09-12 10:42:15,531 [pool-27-thread-1] INFO  server.RaftServerConfigKeys (ConfUtils.java:logGet(43)) - raft.server.leader.election.timeout = 120s (custom)
2019-09-12 10:42:15,531 [pool-27-thread-1] INFO  server.RaftServerConfigKeys (ConfUtils.java:logGet(43)) - raft.server.log.use.memory = false (default)
2019-09-12 10:42:15,531 [pool-27-thread-1] INFO  server.RaftServerConfigKeys (ConfUtils.java:logGet(43)) - raft.server.log.purge.gap = 1000000 (custom)
2019-09-12 10:42:15,531 [pool-27-thread-1] INFO  server.RaftServerConfigKeys (ConfUtils.java:logGet(43)) - raft.server.log.appender.buffer.byte-limit = 33554432 (custom)
2019-09-12 10:42:15,532 [pool-27-thread-1] INFO  server.RaftServerConfigKeys (ConfUtils.java:logGet(43)) - raft.server.log.segment.size.max = 1048576 (custom)
2019-09-12 10:42:15,532 [pool-27-thread-1] INFO  server.RaftServerConfigKeys (ConfUtils.java:logGet(43)) - raft.server.log.segment.cache.num.max = 2 (custom)
2019-09-12 10:42:15,532 [pool-27-thread-1] INFO  segmented.SegmentedRaftLogWorker (SegmentedRaftLogWorker.java:<init>(172)) - new f46943e6-d0b5-49ad-a452-52d168b509a4-SegmentedRaftLogWorker:Storage Directory /workdir/hadoop-ozone/integration-test/target/test-dir/MiniOzoneClusterImpl-152e7b22-107a-47df-8119-8865e0ec3973/datanode-0/data/ratis/b067f1a2-ba63-4c79-aea0-881ccf30b6d7 for RaftStorage:Storage Directory /workdir/hadoop-ozone/integration-test/target/test-dir/MiniOzoneClusterImpl-152e7b22-107a-47df-8119-8865e0ec3973/datanode-0/data/ratis/b067f1a2-ba63-4c79-aea0-881ccf30b6d7
2019-09-12 10:42:15,532 [pool-27-thread-1] INFO  server.RaftServerConfigKeys (ConfUtils.java:logGet(43)) - raft.server.log.queue.byte-limit = 2147483647 (custom)
2019-09-12 10:42:15,532 [pool-27-thread-1] INFO  server.RaftServerConfigKeys (ConfUtils.java:logGet(43)) - raft.server.log.queue.element-limit = 1024 (custom)
2019-09-12 10:42:15,533 [pool-27-thread-1] INFO  server.RaftServerConfigKeys (ConfUtils.java:logGet(43)) - raft.server.log.segment.size.max = 1048576 (custom)
2019-09-12 10:42:15,533 [pool-27-thread-1] INFO  server.RaftServerConfigKeys (ConfUtils.java:logGet(43)) - raft.server.log.preallocated.size = 16384 (custom)
2019-09-12 10:42:15,533 [pool-27-thread-1] INFO  server.RaftServerConfigKeys (ConfUtils.java:logGet(43)) - raft.server.log.write.buffer.size = 33554432 (custom)
2019-09-12 10:42:15,533 [pool-27-thread-1] INFO  server.RaftServerConfigKeys (ConfUtils.java:logGet(43)) - raft.server.log.force.sync.num = 128 (default)
2019-09-12 10:42:15,533 [pool-27-thread-1] INFO  server.RaftServerConfigKeys (ConfUtils.java:logGet(43)) - raft.server.log.statemachine.data.sync = true (default)
2019-09-12 10:42:15,533 [pool-27-thread-1] INFO  server.RaftServerConfigKeys (ConfUtils.java:logGet(43)) - raft.server.log.statemachine.data.sync.timeout = 10s (default)
2019-09-12 10:42:15,533 [pool-27-thread-1] INFO  server.RaftServerConfigKeys (ConfUtils.java:logGet(43)) - raft.server.log.statemachine.data.sync.timeout.retry = -1 (default)
2019-09-12 10:42:15,534 [pool-27-thread-1] INFO  server.RaftServerConfigKeys (ConfUtils.java:logGet(43)) - raft.server.log.statemachine.data.caching.enabled = true (custom)
2019-09-12 10:42:15,534 [pool-27-thread-1] INFO  segmented.SegmentedRaftLogWorker (SegmentedRaftLogWorker.java:lambda$new$0(132)) - f46943e6-d0b5-49ad-a452-52d168b509a4-SegmentedRaftLogWorker:Storage Directory /workdir/hadoop-ozone/integration-test/target/test-dir/MiniOzoneClusterImpl-152e7b22-107a-47df-8119-8865e0ec3973/datanode-0/data/ratis/b067f1a2-ba63-4c79-aea0-881ccf30b6d7: flushIndex: setUnconditionally 0 -> -1
2019-09-12 10:42:15,534 [pool-27-thread-1] INFO  server.RaftServerConfigKeys (ConfUtils.java:logGet(43)) - raft.server.snapshot.auto.trigger.enabled = true (custom)
2019-09-12 10:42:15,534 [pool-27-thread-1] INFO  server.RaftServerConfigKeys (ConfUtils.java:logGet(43)) - raft.server.snapshot.auto.trigger.threshold = 10000 (custom)
2019-09-12 10:42:15,535 [pool-27-thread-1] INFO  server.RaftServerConfigKeys (ConfUtils.java:logGet(43)) - raft.server.retrycache.expirytime = 600000ms (custom)
2019-09-12 10:42:15,535 [pool-27-thread-1] INFO  impl.RaftServerImpl (RaftServerImpl.java:start(180)) - f46943e6-d0b5-49ad-a452-52d168b509a4: start group-881CCF30B6D7
2019-09-12 10:42:15,535 [pool-27-thread-1] INFO  impl.RaftServerImpl (RaftServerImpl.java:setRole(171)) - f46943e6-d0b5-49ad-a452-52d168b509a4:group-881CCF30B6D7 changes role from null to FOLLOWER at term 0 for startAsFollower
2019-09-12 10:42:15,535 [pool-27-thread-1] INFO  impl.RoleInfo (RoleInfo.java:updateAndGet(143)) - f46943e6-d0b5-49ad-a452-52d168b509a4: start FollowerState
2019-09-12 10:42:15,535 [pool-27-thread-1] INFO  util.JmxRegister (JmxRegister.java:tryRegister(44)) - Successfully registered JMX Bean with object name Ratis:service=RaftServer,group=group-881CCF30B6D7,id=f46943e6-d0b5-49ad-a452-52d168b509a4
2019-09-12 10:42:15,547 [RatisPipelineUtilsThread] INFO  pipeline.PipelineStateManager (PipelineStateManager.java:addPipeline(56)) - Created pipeline Pipeline[ Id: b067f1a2-ba63-4c79-aea0-881ccf30b6d7, Nodes: f46943e6-d0b5-49ad-a452-52d168b509a4{ip: 192.168.36.114, host: pr-hdds-1569-58hkm-1881083799, networkLocation: /default-rack, certSerialId: null}, Type:RATIS, Factor:ONE, State:OPEN]
2019-09-12 10:42:15,566 [grpc-default-executor-0] INFO  impl.RaftServerProxy (RaftServerProxy.java:addNew(89)) - f46943e6-d0b5-49ad-a452-52d168b509a4: addNew group-D85B191ACCF4:[f46943e6-d0b5-49ad-a452-52d168b509a4:192.168.36.114:36374] returns group-D85B191ACCF4:java.util.concurrent.CompletableFuture@6d096db[Not completed]
2019-09-12 10:42:15,568 [pool-27-thread-1] INFO  impl.RaftServerImpl (RaftServerImpl.java:<init>(93)) - f46943e6-d0b5-49ad-a452-52d168b509a4: new RaftServerImpl for group-D85B191ACCF4:[f46943e6-d0b5-49ad-a452-52d168b509a4:192.168.36.114:36374] with ContainerStateMachine:uninitialized
2019-09-12 10:42:15,569 [pool-27-thread-1] INFO  server.RaftServerConfigKeys (ConfUtils.java:logGet(43)) - raft.server.rpc.timeout.min = 5s (custom)
2019-09-12 10:42:15,569 [pool-27-thread-1] INFO  server.RaftServerConfigKeys (ConfUtils.java:logGet(43)) - raft.server.rpc.timeout.max = 5200ms (custom)
2019-09-12 10:42:15,569 [pool-27-thread-1] INFO  server.RaftServerConfigKeys (ConfUtils.java:logGet(43)) - raft.server.rpcslowness.timeout = 120s (custom)
2019-09-12 10:42:15,569 [pool-27-thread-1] INFO  server.RaftServerConfigKeys (ConfUtils.java:logGet(43)) - raft.server.sleep.deviation.threshold = 300 (default)
2019-09-12 10:42:15,570 [pool-27-thread-1] INFO  server.RaftServerConfigKeys (ConfUtils.java:logGet(43)) - raft.server.log.appender.install.snapshot.enabled = false (custom)
2019-09-12 10:42:15,570 [pool-27-thread-1] INFO  impl.RaftServerImpl (ServerState.java:<init>(105)) - f46943e6-d0b5-49ad-a452-52d168b509a4:group-D85B191ACCF4 ConfigurationManager, init=-1: [f46943e6-d0b5-49ad-a452-52d168b509a4:192.168.36.114:36374], old=null, confs=<EMPTY_MAP>
2019-09-12 10:42:15,570 [pool-27-thread-1] INFO  server.RaftServerConfigKeys (ConfUtils.java:logGet(43)) - raft.server.storage.dir = [/workdir/hadoop-ozone/integration-test/target/test-dir/MiniOzoneClusterImpl-152e7b22-107a-47df-8119-8865e0ec3973/datanode-0/data/ratis] (custom)
2019-09-12 10:42:15,571 [pool-27-thread-1] INFO  storage.RaftStorageDirectory (RaftStorageDirectory.java:analyzeStorage(246)) - The storage directory /workdir/hadoop-ozone/integration-test/target/test-dir/MiniOzoneClusterImpl-152e7b22-107a-47df-8119-8865e0ec3973/datanode-0/data/ratis/ba844e06-2568-4115-a714-d85b191accf4 does not exist. Creating ...
2019-09-12 10:42:15,595 [pool-27-thread-1] INFO  storage.RaftStorageDirectory (RaftStorageDirectory.java:tryLock(328)) - Lock on /workdir/hadoop-ozone/integration-test/target/test-dir/MiniOzoneClusterImpl-152e7b22-107a-47df-8119-8865e0ec3973/datanode-0/data/ratis/ba844e06-2568-4115-a714-d85b191accf4/in_use.lock acquired by nodename 23915@pr-hdds-1569-58hkm-1881083799
2019-09-12 10:42:15,608 [pool-27-thread-1] INFO  storage.RaftStorage (RaftStorage.java:format(72)) - Storage directory /workdir/hadoop-ozone/integration-test/target/test-dir/MiniOzoneClusterImpl-152e7b22-107a-47df-8119-8865e0ec3973/datanode-0/data/ratis/ba844e06-2568-4115-a714-d85b191accf4 has been successfully formatted.
2019-09-12 10:42:15,609 [pool-27-thread-1] INFO  ratis.ContainerStateMachine (ContainerStateMachine.java:loadSnapshot(226)) - group-D85B191ACCF4: The snapshot info is null. Setting the last applied indexto:(t:0, i:~)
2019-09-12 10:42:15,609 [pool-27-thread-1] INFO  server.RaftServerConfigKeys (ConfUtils.java:logGet(43)) - raft.server.leader.election.timeout = 120s (custom)
2019-09-12 10:42:15,609 [pool-27-thread-1] INFO  server.RaftServerConfigKeys (ConfUtils.java:logGet(43)) - raft.server.log.use.memory = false (default)
2019-09-12 10:42:15,609 [pool-27-thread-1] INFO  server.RaftServerConfigKeys (ConfUtils.java:logGet(43)) - raft.server.log.purge.gap = 1000000 (custom)
2019-09-12 10:42:15,609 [pool-27-thread-1] INFO  server.RaftServerConfigKeys (ConfUtils.java:logGet(43)) - raft.server.log.appender.buffer.byte-limit = 33554432 (custom)
2019-09-12 10:42:15,610 [pool-27-thread-1] INFO  server.RaftServerConfigKeys (ConfUtils.java:logGet(43)) - raft.server.log.segment.size.max = 1048576 (custom)
2019-09-12 10:42:15,610 [pool-27-thread-1] INFO  server.RaftServerConfigKeys (ConfUtils.java:logGet(43)) - raft.server.log.segment.cache.num.max = 2 (custom)
2019-09-12 10:42:15,610 [pool-27-thread-1] INFO  segmented.SegmentedRaftLogWorker (SegmentedRaftLogWorker.java:<init>(172)) - new f46943e6-d0b5-49ad-a452-52d168b509a4-SegmentedRaftLogWorker:Storage Directory /workdir/hadoop-ozone/integration-test/target/test-dir/MiniOzoneClusterImpl-152e7b22-107a-47df-8119-8865e0ec3973/datanode-0/data/ratis/ba844e06-2568-4115-a714-d85b191accf4 for RaftStorage:Storage Directory /workdir/hadoop-ozone/integration-test/target/test-dir/MiniOzoneClusterImpl-152e7b22-107a-47df-8119-8865e0ec3973/datanode-0/data/ratis/ba844e06-2568-4115-a714-d85b191accf4
2019-09-12 10:42:15,610 [pool-27-thread-1] INFO  server.RaftServerConfigKeys (ConfUtils.java:logGet(43)) - raft.server.log.queue.byte-limit = 2147483647 (custom)
2019-09-12 10:42:15,610 [pool-27-thread-1] INFO  server.RaftServerConfigKeys (ConfUtils.java:logGet(43)) - raft.server.log.queue.element-limit = 1024 (custom)
2019-09-12 10:42:15,611 [pool-27-thread-1] INFO  server.RaftServerConfigKeys (ConfUtils.java:logGet(43)) - raft.server.log.segment.size.max = 1048576 (custom)
2019-09-12 10:42:15,611 [pool-27-thread-1] INFO  server.RaftServerConfigKeys (ConfUtils.java:logGet(43)) - raft.server.log.preallocated.size = 16384 (custom)
2019-09-12 10:42:15,611 [pool-27-thread-1] INFO  server.RaftServerConfigKeys (ConfUtils.java:logGet(43)) - raft.server.log.write.buffer.size = 33554432 (custom)
2019-09-12 10:42:15,611 [pool-27-thread-1] INFO  server.RaftServerConfigKeys (ConfUtils.java:logGet(43)) - raft.server.log.force.sync.num = 128 (default)
2019-09-12 10:42:15,611 [pool-27-thread-1] INFO  server.RaftServerConfigKeys (ConfUtils.java:logGet(43)) - raft.server.log.statemachine.data.sync = true (default)
2019-09-12 10:42:15,611 [pool-27-thread-1] INFO  server.RaftServerConfigKeys (ConfUtils.java:logGet(43)) - raft.server.log.statemachine.data.sync.timeout = 10s (default)
2019-09-12 10:42:15,612 [pool-27-thread-1] INFO  server.RaftServerConfigKeys (ConfUtils.java:logGet(43)) - raft.server.log.statemachine.data.sync.timeout.retry = -1 (default)
2019-09-12 10:42:15,612 [pool-27-thread-1] INFO  server.RaftServerConfigKeys (ConfUtils.java:logGet(43)) - raft.server.log.statemachine.data.caching.enabled = true (custom)
2019-09-12 10:42:15,612 [pool-27-thread-1] INFO  segmented.SegmentedRaftLogWorker (SegmentedRaftLogWorker.java:lambda$new$0(132)) - f46943e6-d0b5-49ad-a452-52d168b509a4-SegmentedRaftLogWorker:Storage Directory /workdir/hadoop-ozone/integration-test/target/test-dir/MiniOzoneClusterImpl-152e7b22-107a-47df-8119-8865e0ec3973/datanode-0/data/ratis/ba844e06-2568-4115-a714-d85b191accf4: flushIndex: setUnconditionally 0 -> -1
2019-09-12 10:42:15,613 [pool-27-thread-1] INFO  server.RaftServerConfigKeys (ConfUtils.java:logGet(43)) - raft.server.snapshot.auto.trigger.enabled = true (custom)
2019-09-12 10:42:15,613 [pool-27-thread-1] INFO  server.RaftServerConfigKeys (ConfUtils.java:logGet(43)) - raft.server.snapshot.auto.trigger.threshold = 10000 (custom)
2019-09-12 10:42:15,613 [pool-27-thread-1] INFO  server.RaftServerConfigKeys (ConfUtils.java:logGet(43)) - raft.server.retrycache.expirytime = 600000ms (custom)
2019-09-12 10:42:15,613 [pool-27-thread-1] INFO  impl.RaftServerImpl (RaftServerImpl.java:start(180)) - f46943e6-d0b5-49ad-a452-52d168b509a4: start group-D85B191ACCF4
2019-09-12 10:42:15,613 [pool-27-thread-1] INFO  impl.RaftServerImpl (RaftServerImpl.java:setRole(171)) - f46943e6-d0b5-49ad-a452-52d168b509a4:group-D85B191ACCF4 changes role from null to FOLLOWER at term 0 for startAsFollower
2019-09-12 10:42:15,614 [pool-27-thread-1] INFO  impl.RoleInfo (RoleInfo.java:updateAndGet(143)) - f46943e6-d0b5-49ad-a452-52d168b509a4: start FollowerState
2019-09-12 10:42:15,614 [pool-27-thread-1] INFO  util.JmxRegister (JmxRegister.java:tryRegister(44)) - Successfully registered JMX Bean with object name Ratis:service=RaftServer,group=group-D85B191ACCF4,id=f46943e6-d0b5-49ad-a452-52d168b509a4
2019-09-12 10:42:15,640 [RatisPipelineUtilsThread] INFO  pipeline.PipelineStateManager (PipelineStateManager.java:addPipeline(56)) - Created pipeline Pipeline[ Id: ba844e06-2568-4115-a714-d85b191accf4, Nodes: f46943e6-d0b5-49ad-a452-52d168b509a4{ip: 192.168.36.114, host: pr-hdds-1569-58hkm-1881083799, networkLocation: /default-rack, certSerialId: null}, Type:RATIS, Factor:ONE, State:OPEN]
2019-09-12 10:42:15,658 [grpc-default-executor-0] INFO  impl.RaftServerProxy (RaftServerProxy.java:addNew(89)) - f46943e6-d0b5-49ad-a452-52d168b509a4: addNew group-CEF04E62A189:[f46943e6-d0b5-49ad-a452-52d168b509a4:192.168.36.114:36374] returns group-CEF04E62A189:java.util.concurrent.CompletableFuture@45153da7[Not completed]
2019-09-12 10:42:15,660 [pool-27-thread-1] INFO  impl.RaftServerImpl (RaftServerImpl.java:<init>(93)) - f46943e6-d0b5-49ad-a452-52d168b509a4: new RaftServerImpl for group-CEF04E62A189:[f46943e6-d0b5-49ad-a452-52d168b509a4:192.168.36.114:36374] with ContainerStateMachine:uninitialized
2019-09-12 10:42:15,660 [pool-27-thread-1] INFO  server.RaftServerConfigKeys (ConfUtils.java:logGet(43)) - raft.server.rpc.timeout.min = 5s (custom)
2019-09-12 10:42:15,660 [pool-27-thread-1] INFO  server.RaftServerConfigKeys (ConfUtils.java:logGet(43)) - raft.server.rpc.timeout.max = 5200ms (custom)
2019-09-12 10:42:15,660 [pool-27-thread-1] INFO  server.RaftServerConfigKeys (ConfUtils.java:logGet(43)) - raft.server.rpcslowness.timeout = 120s (custom)
2019-09-12 10:42:15,661 [pool-27-thread-1] INFO  server.RaftServerConfigKeys (ConfUtils.java:logGet(43)) - raft.server.sleep.deviation.threshold = 300 (default)
2019-09-12 10:42:15,661 [pool-27-thread-1] INFO  server.RaftServerConfigKeys (ConfUtils.java:logGet(43)) - raft.server.log.appender.install.snapshot.enabled = false (custom)
2019-09-12 10:42:15,661 [pool-27-thread-1] INFO  impl.RaftServerImpl (ServerState.java:<init>(105)) - f46943e6-d0b5-49ad-a452-52d168b509a4:group-CEF04E62A189 ConfigurationManager, init=-1: [f46943e6-d0b5-49ad-a452-52d168b509a4:192.168.36.114:36374], old=null, confs=<EMPTY_MAP>
2019-09-12 10:42:15,661 [pool-27-thread-1] INFO  server.RaftServerConfigKeys (ConfUtils.java:logGet(43)) - raft.server.storage.dir = [/workdir/hadoop-ozone/integration-test/target/test-dir/MiniOzoneClusterImpl-152e7b22-107a-47df-8119-8865e0ec3973/datanode-0/data/ratis] (custom)
2019-09-12 10:42:15,662 [pool-27-thread-1] INFO  storage.RaftStorageDirectory (RaftStorageDirectory.java:analyzeStorage(246)) - The storage directory /workdir/hadoop-ozone/integration-test/target/test-dir/MiniOzoneClusterImpl-152e7b22-107a-47df-8119-8865e0ec3973/datanode-0/data/ratis/c0f92eb9-e6e3-40a1-ab5e-cef04e62a189 does not exist. Creating ...
2019-09-12 10:42:15,684 [pool-27-thread-1] INFO  storage.RaftStorageDirectory (RaftStorageDirectory.java:tryLock(328)) - Lock on /workdir/hadoop-ozone/integration-test/target/test-dir/MiniOzoneClusterImpl-152e7b22-107a-47df-8119-8865e0ec3973/datanode-0/data/ratis/c0f92eb9-e6e3-40a1-ab5e-cef04e62a189/in_use.lock acquired by nodename 23915@pr-hdds-1569-58hkm-1881083799
2019-09-12 10:42:15,698 [pool-27-thread-1] INFO  storage.RaftStorage (RaftStorage.java:format(72)) - Storage directory /workdir/hadoop-ozone/integration-test/target/test-dir/MiniOzoneClusterImpl-152e7b22-107a-47df-8119-8865e0ec3973/datanode-0/data/ratis/c0f92eb9-e6e3-40a1-ab5e-cef04e62a189 has been successfully formatted.
2019-09-12 10:42:15,699 [pool-27-thread-1] INFO  ratis.ContainerStateMachine (ContainerStateMachine.java:loadSnapshot(226)) - group-CEF04E62A189: The snapshot info is null. Setting the last applied indexto:(t:0, i:~)
2019-09-12 10:42:15,699 [pool-27-thread-1] INFO  server.RaftServerConfigKeys (ConfUtils.java:logGet(43)) - raft.server.leader.election.timeout = 120s (custom)
2019-09-12 10:42:15,699 [pool-27-thread-1] INFO  server.RaftServerConfigKeys (ConfUtils.java:logGet(43)) - raft.server.log.use.memory = false (default)
2019-09-12 10:42:15,699 [pool-27-thread-1] INFO  server.RaftServerConfigKeys (ConfUtils.java:logGet(43)) - raft.server.log.purge.gap = 1000000 (custom)
2019-09-12 10:42:15,700 [pool-27-thread-1] INFO  server.RaftServerConfigKeys (ConfUtils.java:logGet(43)) - raft.server.log.appender.buffer.byte-limit = 33554432 (custom)
2019-09-12 10:42:15,700 [pool-27-thread-1] INFO  server.RaftServerConfigKeys (ConfUtils.java:logGet(43)) - raft.server.log.segment.size.max = 1048576 (custom)
2019-09-12 10:42:15,700 [pool-27-thread-1] INFO  server.RaftServerConfigKeys (ConfUtils.java:logGet(43)) - raft.server.log.segment.cache.num.max = 2 (custom)
2019-09-12 10:42:15,700 [pool-27-thread-1] INFO  segmented.SegmentedRaftLogWorker (SegmentedRaftLogWorker.java:<init>(172)) - new f46943e6-d0b5-49ad-a452-52d168b509a4-SegmentedRaftLogWorker:Storage Directory /workdir/hadoop-ozone/integration-test/target/test-dir/MiniOzoneClusterImpl-152e7b22-107a-47df-8119-8865e0ec3973/datanode-0/data/ratis/c0f92eb9-e6e3-40a1-ab5e-cef04e62a189 for RaftStorage:Storage Directory /workdir/hadoop-ozone/integration-test/target/test-dir/MiniOzoneClusterImpl-152e7b22-107a-47df-8119-8865e0ec3973/datanode-0/data/ratis/c0f92eb9-e6e3-40a1-ab5e-cef04e62a189
2019-09-12 10:42:15,700 [pool-27-thread-1] INFO  server.RaftServerConfigKeys (ConfUtils.java:logGet(43)) - raft.server.log.queue.byte-limit = 2147483647 (custom)
2019-09-12 10:42:15,701 [pool-27-thread-1] INFO  server.RaftServerConfigKeys (ConfUtils.java:logGet(43)) - raft.server.log.queue.element-limit = 1024 (custom)
2019-09-12 10:42:15,701 [pool-27-thread-1] INFO  server.RaftServerConfigKeys (ConfUtils.java:logGet(43)) - raft.server.log.segment.size.max = 1048576 (custom)
2019-09-12 10:42:15,701 [pool-27-thread-1] INFO  server.RaftServerConfigKeys (ConfUtils.java:logGet(43)) - raft.server.log.preallocated.size = 16384 (custom)
2019-09-12 10:42:15,701 [pool-27-thread-1] INFO  server.RaftServerConfigKeys (ConfUtils.java:logGet(43)) - raft.server.log.write.buffer.size = 33554432 (custom)
2019-09-12 10:42:15,701 [pool-27-thread-1] INFO  server.RaftServerConfigKeys (ConfUtils.java:logGet(43)) - raft.server.log.force.sync.num = 128 (default)
2019-09-12 10:42:15,702 [pool-27-thread-1] INFO  server.RaftServerConfigKeys (ConfUtils.java:logGet(43)) - raft.server.log.statemachine.data.sync = true (default)
2019-09-12 10:42:15,702 [pool-27-thread-1] INFO  server.RaftServerConfigKeys (ConfUtils.java:logGet(43)) - raft.server.log.statemachine.data.sync.timeout = 10s (default)
2019-09-12 10:42:15,702 [pool-27-thread-1] INFO  server.RaftServerConfigKeys (ConfUtils.java:logGet(43)) - raft.server.log.statemachine.data.sync.timeout.retry = -1 (default)
2019-09-12 10:42:15,702 [pool-27-thread-1] INFO  server.RaftServerConfigKeys (ConfUtils.java:logGet(43)) - raft.server.log.statemachine.data.caching.enabled = true (custom)
2019-09-12 10:42:15,703 [pool-27-thread-1] INFO  segmented.SegmentedRaftLogWorker (SegmentedRaftLogWorker.java:lambda$new$0(132)) - f46943e6-d0b5-49ad-a452-52d168b509a4-SegmentedRaftLogWorker:Storage Directory /workdir/hadoop-ozone/integration-test/target/test-dir/MiniOzoneClusterImpl-152e7b22-107a-47df-8119-8865e0ec3973/datanode-0/data/ratis/c0f92eb9-e6e3-40a1-ab5e-cef04e62a189: flushIndex: setUnconditionally 0 -> -1
2019-09-12 10:42:15,703 [pool-27-thread-1] INFO  server.RaftServerConfigKeys (ConfUtils.java:logGet(43)) - raft.server.snapshot.auto.trigger.enabled = true (custom)
2019-09-12 10:42:15,703 [pool-27-thread-1] INFO  server.RaftServerConfigKeys (ConfUtils.java:logGet(43)) - raft.server.snapshot.auto.trigger.threshold = 10000 (custom)
2019-09-12 10:42:15,703 [pool-27-thread-1] INFO  server.RaftServerConfigKeys (ConfUtils.java:logGet(43)) - raft.server.retrycache.expirytime = 600000ms (custom)
2019-09-12 10:42:15,704 [pool-27-thread-1] INFO  impl.RaftServerImpl (RaftServerImpl.java:start(180)) - f46943e6-d0b5-49ad-a452-52d168b509a4: start group-CEF04E62A189
2019-09-12 10:42:15,704 [pool-27-thread-1] INFO  impl.RaftServerImpl (RaftServerImpl.java:setRole(171)) - f46943e6-d0b5-49ad-a452-52d168b509a4:group-CEF04E62A189 changes role from null to FOLLOWER at term 0 for startAsFollower
2019-09-12 10:42:15,704 [pool-27-thread-1] INFO  impl.RoleInfo (RoleInfo.java:updateAndGet(143)) - f46943e6-d0b5-49ad-a452-52d168b509a4: start FollowerState
2019-09-12 10:42:15,704 [pool-27-thread-1] INFO  util.JmxRegister (JmxRegister.java:tryRegister(44)) - Successfully registered JMX Bean with object name Ratis:service=RaftServer,group=group-CEF04E62A189,id=f46943e6-d0b5-49ad-a452-52d168b509a4
2019-09-12 10:42:15,719 [RatisPipelineUtilsThread] INFO  pipeline.PipelineStateManager (PipelineStateManager.java:addPipeline(56)) - Created pipeline Pipeline[ Id: c0f92eb9-e6e3-40a1-ab5e-cef04e62a189, Nodes: f46943e6-d0b5-49ad-a452-52d168b509a4{ip: 192.168.36.114, host: pr-hdds-1569-58hkm-1881083799, networkLocation: /default-rack, certSerialId: null}, Type:RATIS, Factor:ONE, State:OPEN]
2019-09-12 10:42:15,742 [grpc-default-executor-0] INFO  impl.RaftServerProxy (RaftServerProxy.java:addNew(89)) - 83afca36-bc46-4fa0-b00b-f7c85a4fa46c: addNew group-1F61CBBD3D7D:[83afca36-bc46-4fa0-b00b-f7c85a4fa46c:192.168.36.114:45896] returns group-1F61CBBD3D7D:java.util.concurrent.CompletableFuture@577b67f7[Not completed]
2019-09-12 10:42:15,744 [pool-38-thread-1] INFO  impl.RaftServerImpl (RaftServerImpl.java:<init>(93)) - 83afca36-bc46-4fa0-b00b-f7c85a4fa46c: new RaftServerImpl for group-1F61CBBD3D7D:[83afca36-bc46-4fa0-b00b-f7c85a4fa46c:192.168.36.114:45896] with ContainerStateMachine:uninitialized
2019-09-12 10:42:15,744 [pool-38-thread-1] INFO  server.RaftServerConfigKeys (ConfUtils.java:logGet(43)) - raft.server.rpc.timeout.min = 5s (custom)
2019-09-12 10:42:15,745 [pool-38-thread-1] INFO  server.RaftServerConfigKeys (ConfUtils.java:logGet(43)) - raft.server.rpc.timeout.max = 5200ms (custom)
2019-09-12 10:42:15,745 [pool-38-thread-1] INFO  server.RaftServerConfigKeys (ConfUtils.java:logGet(43)) - raft.server.rpcslowness.timeout = 120s (custom)
2019-09-12 10:42:15,745 [pool-38-thread-1] INFO  server.RaftServerConfigKeys (ConfUtils.java:logGet(43)) - raft.server.sleep.deviation.threshold = 300 (default)
2019-09-12 10:42:15,745 [pool-38-thread-1] INFO  server.RaftServerConfigKeys (ConfUtils.java:logGet(43)) - raft.server.log.appender.install.snapshot.enabled = false (custom)
2019-09-12 10:42:15,745 [pool-38-thread-1] INFO  impl.RaftServerImpl (ServerState.java:<init>(105)) - 83afca36-bc46-4fa0-b00b-f7c85a4fa46c:group-1F61CBBD3D7D ConfigurationManager, init=-1: [83afca36-bc46-4fa0-b00b-f7c85a4fa46c:192.168.36.114:45896], old=null, confs=<EMPTY_MAP>
2019-09-12 10:42:15,746 [pool-38-thread-1] INFO  server.RaftServerConfigKeys (ConfUtils.java:logGet(43)) - raft.server.storage.dir = [/workdir/hadoop-ozone/integration-test/target/test-dir/MiniOzoneClusterImpl-152e7b22-107a-47df-8119-8865e0ec3973/datanode-1/data/ratis] (custom)
2019-09-12 10:42:15,746 [pool-38-thread-1] INFO  storage.RaftStorageDirectory (RaftStorageDirectory.java:analyzeStorage(246)) - The storage directory /workdir/hadoop-ozone/integration-test/target/test-dir/MiniOzoneClusterImpl-152e7b22-107a-47df-8119-8865e0ec3973/datanode-1/data/ratis/e980d6b8-788d-4ead-8c84-1f61cbbd3d7d does not exist. Creating ...
2019-09-12 10:42:15,759 [pool-38-thread-1] INFO  storage.RaftStorageDirectory (RaftStorageDirectory.java:tryLock(328)) - Lock on /workdir/hadoop-ozone/integration-test/target/test-dir/MiniOzoneClusterImpl-152e7b22-107a-47df-8119-8865e0ec3973/datanode-1/data/ratis/e980d6b8-788d-4ead-8c84-1f61cbbd3d7d/in_use.lock acquired by nodename 23915@pr-hdds-1569-58hkm-1881083799
2019-09-12 10:42:15,772 [pool-38-thread-1] INFO  storage.RaftStorage (RaftStorage.java:format(72)) - Storage directory /workdir/hadoop-ozone/integration-test/target/test-dir/MiniOzoneClusterImpl-152e7b22-107a-47df-8119-8865e0ec3973/datanode-1/data/ratis/e980d6b8-788d-4ead-8c84-1f61cbbd3d7d has been successfully formatted.
2019-09-12 10:42:15,775 [pool-38-thread-1] INFO  ratis.ContainerStateMachine (ContainerStateMachine.java:loadSnapshot(226)) - group-1F61CBBD3D7D: The snapshot info is null. Setting the last applied indexto:(t:0, i:~)
2019-09-12 10:42:15,776 [pool-38-thread-1] INFO  server.RaftServerConfigKeys (ConfUtils.java:logGet(43)) - raft.server.leader.election.timeout = 120s (custom)
2019-09-12 10:42:15,776 [pool-38-thread-1] INFO  server.RaftServerConfigKeys (ConfUtils.java:logGet(43)) - raft.server.log.use.memory = false (default)
2019-09-12 10:42:15,776 [pool-38-thread-1] INFO  server.RaftServerConfigKeys (ConfUtils.java:logGet(43)) - raft.server.log.purge.gap = 1000000 (custom)
2019-09-12 10:42:15,776 [pool-38-thread-1] INFO  server.RaftServerConfigKeys (ConfUtils.java:logGet(43)) - raft.server.log.appender.buffer.byte-limit = 33554432 (custom)
2019-09-12 10:42:15,776 [pool-38-thread-1] INFO  server.RaftServerConfigKeys (ConfUtils.java:logGet(43)) - raft.server.log.segment.size.max = 1048576 (custom)
2019-09-12 10:42:15,776 [pool-38-thread-1] INFO  server.RaftServerConfigKeys (ConfUtils.java:logGet(43)) - raft.server.log.segment.cache.num.max = 2 (custom)
2019-09-12 10:42:15,777 [pool-38-thread-1] INFO  segmented.SegmentedRaftLogWorker (SegmentedRaftLogWorker.java:<init>(172)) - new 83afca36-bc46-4fa0-b00b-f7c85a4fa46c-SegmentedRaftLogWorker:Storage Directory /workdir/hadoop-ozone/integration-test/target/test-dir/MiniOzoneClusterImpl-152e7b22-107a-47df-8119-8865e0ec3973/datanode-1/data/ratis/e980d6b8-788d-4ead-8c84-1f61cbbd3d7d for RaftStorage:Storage Directory /workdir/hadoop-ozone/integration-test/target/test-dir/MiniOzoneClusterImpl-152e7b22-107a-47df-8119-8865e0ec3973/datanode-1/data/ratis/e980d6b8-788d-4ead-8c84-1f61cbbd3d7d
2019-09-12 10:42:15,777 [pool-38-thread-1] INFO  server.RaftServerConfigKeys (ConfUtils.java:logGet(43)) - raft.server.log.queue.byte-limit = 2147483647 (custom)
2019-09-12 10:42:15,777 [pool-38-thread-1] INFO  server.RaftServerConfigKeys (ConfUtils.java:logGet(43)) - raft.server.log.queue.element-limit = 1024 (custom)
2019-09-12 10:42:15,777 [pool-38-thread-1] INFO  server.RaftServerConfigKeys (ConfUtils.java:logGet(43)) - raft.server.log.segment.size.max = 1048576 (custom)
2019-09-12 10:42:15,777 [pool-38-thread-1] INFO  server.RaftServerConfigKeys (ConfUtils.java:logGet(43)) - raft.server.log.preallocated.size = 16384 (custom)
2019-09-12 10:42:15,778 [pool-38-thread-1] INFO  server.RaftServerConfigKeys (ConfUtils.java:logGet(43)) - raft.server.log.write.buffer.size = 33554432 (custom)
2019-09-12 10:42:15,778 [pool-38-thread-1] INFO  server.RaftServerConfigKeys (ConfUtils.java:logGet(43)) - raft.server.log.force.sync.num = 128 (default)
2019-09-12 10:42:15,778 [pool-38-thread-1] INFO  server.RaftServerConfigKeys (ConfUtils.java:logGet(43)) - raft.server.log.statemachine.data.sync = true (default)
2019-09-12 10:42:15,778 [pool-38-thread-1] INFO  server.RaftServerConfigKeys (ConfUtils.java:logGet(43)) - raft.server.log.statemachine.data.sync.timeout = 10s (default)
2019-09-12 10:42:15,778 [pool-38-thread-1] INFO  server.RaftServerConfigKeys (ConfUtils.java:logGet(43)) - raft.server.log.statemachine.data.sync.timeout.retry = -1 (default)
2019-09-12 10:42:15,779 [pool-38-thread-1] INFO  server.RaftServerConfigKeys (ConfUtils.java:logGet(43)) - raft.server.log.statemachine.data.caching.enabled = true (custom)
2019-09-12 10:42:15,779 [pool-38-thread-1] INFO  segmented.SegmentedRaftLogWorker (SegmentedRaftLogWorker.java:lambda$new$0(132)) - 83afca36-bc46-4fa0-b00b-f7c85a4fa46c-SegmentedRaftLogWorker:Storage Directory /workdir/hadoop-ozone/integration-test/target/test-dir/MiniOzoneClusterImpl-152e7b22-107a-47df-8119-8865e0ec3973/datanode-1/data/ratis/e980d6b8-788d-4ead-8c84-1f61cbbd3d7d: flushIndex: setUnconditionally 0 -> -1
2019-09-12 10:42:15,779 [pool-38-thread-1] INFO  server.RaftServerConfigKeys (ConfUtils.java:logGet(43)) - raft.server.snapshot.auto.trigger.enabled = true (custom)
2019-09-12 10:42:15,780 [pool-38-thread-1] INFO  server.RaftServerConfigKeys (ConfUtils.java:logGet(43)) - raft.server.snapshot.auto.trigger.threshold = 10000 (custom)
2019-09-12 10:42:15,780 [pool-38-thread-1] INFO  server.RaftServerConfigKeys (ConfUtils.java:logGet(43)) - raft.server.retrycache.expirytime = 600000ms (custom)
2019-09-12 10:42:15,780 [pool-38-thread-1] INFO  impl.RaftServerImpl (RaftServerImpl.java:start(180)) - 83afca36-bc46-4fa0-b00b-f7c85a4fa46c: start group-1F61CBBD3D7D
2019-09-12 10:42:15,780 [pool-38-thread-1] INFO  impl.RaftServerImpl (RaftServerImpl.java:setRole(171)) - 83afca36-bc46-4fa0-b00b-f7c85a4fa46c:group-1F61CBBD3D7D changes role from null to FOLLOWER at term 0 for startAsFollower
2019-09-12 10:42:15,781 [pool-38-thread-1] INFO  impl.RoleInfo (RoleInfo.java:updateAndGet(143)) - 83afca36-bc46-4fa0-b00b-f7c85a4fa46c: start FollowerState
2019-09-12 10:42:15,781 [pool-38-thread-1] INFO  util.JmxRegister (JmxRegister.java:tryRegister(44)) - Successfully registered JMX Bean with object name Ratis:service=RaftServer,group=group-1F61CBBD3D7D,id=83afca36-bc46-4fa0-b00b-f7c85a4fa46c
2019-09-12 10:42:15,781 [main] INFO  rpc.RpcClient (RpcClient.java:createVolume(293)) - Creating Volume: 1a169576-cf3c-43b2-987a-99c0398d9671, with jenkins1000 as owner.
2019-09-12 10:42:15,792 [RatisPipelineUtilsThread] INFO  pipeline.PipelineStateManager (PipelineStateManager.java:addPipeline(56)) - Created pipeline Pipeline[ Id: e980d6b8-788d-4ead-8c84-1f61cbbd3d7d, Nodes: 83afca36-bc46-4fa0-b00b-f7c85a4fa46c{ip: 192.168.36.114, host: pr-hdds-1569-58hkm-1881083799, networkLocation: /default-rack, certSerialId: null}, Type:RATIS, Factor:ONE, State:OPEN]
2019-09-12 10:42:15,805 [grpc-default-executor-0] INFO  impl.RaftServerProxy (RaftServerProxy.java:addNew(89)) - 83afca36-bc46-4fa0-b00b-f7c85a4fa46c: addNew group-01C38F94922B:[83afca36-bc46-4fa0-b00b-f7c85a4fa46c:192.168.36.114:45896] returns group-01C38F94922B:java.util.concurrent.CompletableFuture@1a1ccf03[Not completed]
2019-09-12 10:42:15,807 [pool-38-thread-1] INFO  impl.RaftServerImpl (RaftServerImpl.java:<init>(93)) - 83afca36-bc46-4fa0-b00b-f7c85a4fa46c: new RaftServerImpl for group-01C38F94922B:[83afca36-bc46-4fa0-b00b-f7c85a4fa46c:192.168.36.114:45896] with ContainerStateMachine:uninitialized
2019-09-12 10:42:15,807 [pool-38-thread-1] INFO  server.RaftServerConfigKeys (ConfUtils.java:logGet(43)) - raft.server.rpc.timeout.min = 5s (custom)
2019-09-12 10:42:15,807 [pool-38-thread-1] INFO  server.RaftServerConfigKeys (ConfUtils.java:logGet(43)) - raft.server.rpc.timeout.max = 5200ms (custom)
2019-09-12 10:42:15,807 [pool-38-thread-1] INFO  server.RaftServerConfigKeys (ConfUtils.java:logGet(43)) - raft.server.rpcslowness.timeout = 120s (custom)
2019-09-12 10:42:15,807 [pool-38-thread-1] INFO  server.RaftServerConfigKeys (ConfUtils.java:logGet(43)) - raft.server.sleep.deviation.threshold = 300 (default)
2019-09-12 10:42:15,808 [pool-38-thread-1] INFO  server.RaftServerConfigKeys (ConfUtils.java:logGet(43)) - raft.server.log.appender.install.snapshot.enabled = false (custom)
2019-09-12 10:42:15,808 [pool-38-thread-1] INFO  impl.RaftServerImpl (ServerState.java:<init>(105)) - 83afca36-bc46-4fa0-b00b-f7c85a4fa46c:group-01C38F94922B ConfigurationManager, init=-1: [83afca36-bc46-4fa0-b00b-f7c85a4fa46c:192.168.36.114:45896], old=null, confs=<EMPTY_MAP>
2019-09-12 10:42:15,808 [pool-38-thread-1] INFO  server.RaftServerConfigKeys (ConfUtils.java:logGet(43)) - raft.server.storage.dir = [/workdir/hadoop-ozone/integration-test/target/test-dir/MiniOzoneClusterImpl-152e7b22-107a-47df-8119-8865e0ec3973/datanode-1/data/ratis] (custom)
2019-09-12 10:42:15,808 [pool-38-thread-1] INFO  storage.RaftStorageDirectory (RaftStorageDirectory.java:analyzeStorage(246)) - The storage directory /workdir/hadoop-ozone/integration-test/target/test-dir/MiniOzoneClusterImpl-152e7b22-107a-47df-8119-8865e0ec3973/datanode-1/data/ratis/34926e31-1d38-4a5d-b74b-01c38f94922b does not exist. Creating ...
2019-09-12 10:42:15,814 | INFO  | OMAudit | user=jenkins1000 | ip=127.0.0.1 | op=CREATE_VOLUME {admin=jenkins1000, owner=jenkins1000, volume=1a169576-cf3c-43b2-987a-99c0398d9671, creationTime=1568284935809, quotaInBytes=1152921504606846976} | ret=SUCCESS |  
2019-09-12 10:42:15,822 [pool-38-thread-1] INFO  storage.RaftStorageDirectory (RaftStorageDirectory.java:tryLock(328)) - Lock on /workdir/hadoop-ozone/integration-test/target/test-dir/MiniOzoneClusterImpl-152e7b22-107a-47df-8119-8865e0ec3973/datanode-1/data/ratis/34926e31-1d38-4a5d-b74b-01c38f94922b/in_use.lock acquired by nodename 23915@pr-hdds-1569-58hkm-1881083799
2019-09-12 10:42:15,828 | INFO  | OMAudit | user=jenkins1000 | ip=127.0.0.1 | op=READ_VOLUME {volume=1a169576-cf3c-43b2-987a-99c0398d9671} | ret=SUCCESS |  
2019-09-12 10:42:15,833 [main] INFO  rpc.RpcClient (RpcClient.java:createBucket(432)) - Creating Bucket: 1a169576-cf3c-43b2-987a-99c0398d9671/8f925bc5-ebe7-45e4-b827-777045990a9f, with Versioning false and Storage Type set to DISK and Encryption set to false 
2019-09-12 10:42:15,835 [pool-38-thread-1] INFO  storage.RaftStorage (RaftStorage.java:format(72)) - Storage directory /workdir/hadoop-ozone/integration-test/target/test-dir/MiniOzoneClusterImpl-152e7b22-107a-47df-8119-8865e0ec3973/datanode-1/data/ratis/34926e31-1d38-4a5d-b74b-01c38f94922b has been successfully formatted.
2019-09-12 10:42:15,835 [pool-38-thread-1] INFO  ratis.ContainerStateMachine (ContainerStateMachine.java:loadSnapshot(226)) - group-01C38F94922B: The snapshot info is null. Setting the last applied indexto:(t:0, i:~)
2019-09-12 10:42:15,836 [pool-38-thread-1] INFO  server.RaftServerConfigKeys (ConfUtils.java:logGet(43)) - raft.server.leader.election.timeout = 120s (custom)
2019-09-12 10:42:15,836 [pool-38-thread-1] INFO  server.RaftServerConfigKeys (ConfUtils.java:logGet(43)) - raft.server.log.use.memory = false (default)
2019-09-12 10:42:15,836 [pool-38-thread-1] INFO  server.RaftServerConfigKeys (ConfUtils.java:logGet(43)) - raft.server.log.purge.gap = 1000000 (custom)
2019-09-12 10:42:15,836 [pool-38-thread-1] INFO  server.RaftServerConfigKeys (ConfUtils.java:logGet(43)) - raft.server.log.appender.buffer.byte-limit = 33554432 (custom)
2019-09-12 10:42:15,836 [pool-38-thread-1] INFO  server.RaftServerConfigKeys (ConfUtils.java:logGet(43)) - raft.server.log.segment.size.max = 1048576 (custom)
2019-09-12 10:42:15,837 [pool-38-thread-1] INFO  server.RaftServerConfigKeys (ConfUtils.java:logGet(43)) - raft.server.log.segment.cache.num.max = 2 (custom)
2019-09-12 10:42:15,837 [pool-38-thread-1] INFO  segmented.SegmentedRaftLogWorker (SegmentedRaftLogWorker.java:<init>(172)) - new 83afca36-bc46-4fa0-b00b-f7c85a4fa46c-SegmentedRaftLogWorker:Storage Directory /workdir/hadoop-ozone/integration-test/target/test-dir/MiniOzoneClusterImpl-152e7b22-107a-47df-8119-8865e0ec3973/datanode-1/data/ratis/34926e31-1d38-4a5d-b74b-01c38f94922b for RaftStorage:Storage Directory /workdir/hadoop-ozone/integration-test/target/test-dir/MiniOzoneClusterImpl-152e7b22-107a-47df-8119-8865e0ec3973/datanode-1/data/ratis/34926e31-1d38-4a5d-b74b-01c38f94922b
2019-09-12 10:42:15,837 [pool-38-thread-1] INFO  server.RaftServerConfigKeys (ConfUtils.java:logGet(43)) - raft.server.log.queue.byte-limit = 2147483647 (custom)
2019-09-12 10:42:15,837 [pool-38-thread-1] INFO  server.RaftServerConfigKeys (ConfUtils.java:logGet(43)) - raft.server.log.queue.element-limit = 1024 (custom)
2019-09-12 10:42:15,837 [pool-38-thread-1] INFO  server.RaftServerConfigKeys (ConfUtils.java:logGet(43)) - raft.server.log.segment.size.max = 1048576 (custom)
2019-09-12 10:42:15,837 [pool-38-thread-1] INFO  server.RaftServerConfigKeys (ConfUtils.java:logGet(43)) - raft.server.log.preallocated.size = 16384 (custom)
2019-09-12 10:42:15,838 [pool-38-thread-1] INFO  server.RaftServerConfigKeys (ConfUtils.java:logGet(43)) - raft.server.log.write.buffer.size = 33554432 (custom)
2019-09-12 10:42:15,838 [pool-38-thread-1] INFO  server.RaftServerConfigKeys (ConfUtils.java:logGet(43)) - raft.server.log.force.sync.num = 128 (default)
2019-09-12 10:42:15,838 [pool-38-thread-1] INFO  server.RaftServerConfigKeys (ConfUtils.java:logGet(43)) - raft.server.log.statemachine.data.sync = true (default)
2019-09-12 10:42:15,838 [pool-38-thread-1] INFO  server.RaftServerConfigKeys (ConfUtils.java:logGet(43)) - raft.server.log.statemachine.data.sync.timeout = 10s (default)
2019-09-12 10:42:15,838 [pool-38-thread-1] INFO  server.RaftServerConfigKeys (ConfUtils.java:logGet(43)) - raft.server.log.statemachine.data.sync.timeout.retry = -1 (default)
2019-09-12 10:42:15,840 [pool-38-thread-1] INFO  server.RaftServerConfigKeys (ConfUtils.java:logGet(43)) - raft.server.log.statemachine.data.caching.enabled = true (custom)
2019-09-12 10:42:15,840 [pool-38-thread-1] INFO  segmented.SegmentedRaftLogWorker (SegmentedRaftLogWorker.java:lambda$new$0(132)) - 83afca36-bc46-4fa0-b00b-f7c85a4fa46c-SegmentedRaftLogWorker:Storage Directory /workdir/hadoop-ozone/integration-test/target/test-dir/MiniOzoneClusterImpl-152e7b22-107a-47df-8119-8865e0ec3973/datanode-1/data/ratis/34926e31-1d38-4a5d-b74b-01c38f94922b: flushIndex: setUnconditionally 0 -> -1
2019-09-12 10:42:15,840 [pool-38-thread-1] INFO  server.RaftServerConfigKeys (ConfUtils.java:logGet(43)) - raft.server.snapshot.auto.trigger.enabled = true (custom)
2019-09-12 10:42:15,841 [pool-38-thread-1] INFO  server.RaftServerConfigKeys (ConfUtils.java:logGet(43)) - raft.server.snapshot.auto.trigger.threshold = 10000 (custom)
2019-09-12 10:42:15,841 [pool-38-thread-1] INFO  server.RaftServerConfigKeys (ConfUtils.java:logGet(43)) - raft.server.retrycache.expirytime = 600000ms (custom)
2019-09-12 10:42:15,841 [pool-38-thread-1] INFO  impl.RaftServerImpl (RaftServerImpl.java:start(180)) - 83afca36-bc46-4fa0-b00b-f7c85a4fa46c: start group-01C38F94922B
2019-09-12 10:42:15,841 [pool-38-thread-1] INFO  impl.RaftServerImpl (RaftServerImpl.java:setRole(171)) - 83afca36-bc46-4fa0-b00b-f7c85a4fa46c:group-01C38F94922B changes role from null to FOLLOWER at term 0 for startAsFollower
2019-09-12 10:42:15,841 [pool-38-thread-1] INFO  impl.RoleInfo (RoleInfo.java:updateAndGet(143)) - 83afca36-bc46-4fa0-b00b-f7c85a4fa46c: start FollowerState
2019-09-12 10:42:15,842 [pool-38-thread-1] INFO  util.JmxRegister (JmxRegister.java:tryRegister(44)) - Successfully registered JMX Bean with object name Ratis:service=RaftServer,group=group-01C38F94922B,id=83afca36-bc46-4fa0-b00b-f7c85a4fa46c
2019-09-12 10:42:15,851 [RatisPipelineUtilsThread] INFO  pipeline.PipelineStateManager (PipelineStateManager.java:addPipeline(56)) - Created pipeline Pipeline[ Id: 34926e31-1d38-4a5d-b74b-01c38f94922b, Nodes: 83afca36-bc46-4fa0-b00b-f7c85a4fa46c{ip: 192.168.36.114, host: pr-hdds-1569-58hkm-1881083799, networkLocation: /default-rack, certSerialId: null}, Type:RATIS, Factor:ONE, State:OPEN]
2019-09-12 10:42:15,856 | INFO  | OMAudit | user=jenkins1000 | ip=127.0.0.1 | op=CREATE_BUCKET {volume=1a169576-cf3c-43b2-987a-99c0398d9671, bucket=8f925bc5-ebe7-45e4-b827-777045990a9f, acls=[user:jenkins1000:a[ACCESS], group:default:a[ACCESS]], isVersionEnabled=false, storageType=DISK, creationTime=0} | ret=SUCCESS |  
2019-09-12 10:42:15,864 [grpc-default-executor-0] INFO  impl.RaftServerProxy (RaftServerProxy.java:addNew(89)) - f46943e6-d0b5-49ad-a452-52d168b509a4: addNew group-DBBAB0B6822F:[f46943e6-d0b5-49ad-a452-52d168b509a4:192.168.36.114:36374] returns group-DBBAB0B6822F:java.util.concurrent.CompletableFuture@394a3d54[Not completed]
2019-09-12 10:42:15,865 | INFO  | OMAudit | user=jenkins1000 | ip=127.0.0.1 | op=READ_BUCKET {volume=1a169576-cf3c-43b2-987a-99c0398d9671, bucket=8f925bc5-ebe7-45e4-b827-777045990a9f} | ret=SUCCESS |  
2019-09-12 10:42:15,865 [pool-27-thread-1] INFO  impl.RaftServerImpl (RaftServerImpl.java:<init>(93)) - f46943e6-d0b5-49ad-a452-52d168b509a4: new RaftServerImpl for group-DBBAB0B6822F:[f46943e6-d0b5-49ad-a452-52d168b509a4:192.168.36.114:36374] with ContainerStateMachine:uninitialized
2019-09-12 10:42:15,866 [pool-27-thread-1] INFO  server.RaftServerConfigKeys (ConfUtils.java:logGet(43)) - raft.server.rpc.timeout.min = 5s (custom)
2019-09-12 10:42:15,866 [pool-27-thread-1] INFO  server.RaftServerConfigKeys (ConfUtils.java:logGet(43)) - raft.server.rpc.timeout.max = 5200ms (custom)
2019-09-12 10:42:15,866 [pool-27-thread-1] INFO  server.RaftServerConfigKeys (ConfUtils.java:logGet(43)) - raft.server.rpcslowness.timeout = 120s (custom)
2019-09-12 10:42:15,866 [pool-27-thread-1] INFO  server.RaftServerConfigKeys (ConfUtils.java:logGet(43)) - raft.server.sleep.deviation.threshold = 300 (default)
2019-09-12 10:42:15,866 [pool-27-thread-1] INFO  server.RaftServerConfigKeys (ConfUtils.java:logGet(43)) - raft.server.log.appender.install.snapshot.enabled = false (custom)
2019-09-12 10:42:15,866 [pool-27-thread-1] INFO  impl.RaftServerImpl (ServerState.java:<init>(105)) - f46943e6-d0b5-49ad-a452-52d168b509a4:group-DBBAB0B6822F ConfigurationManager, init=-1: [f46943e6-d0b5-49ad-a452-52d168b509a4:192.168.36.114:36374], old=null, confs=<EMPTY_MAP>
2019-09-12 10:42:15,867 [pool-27-thread-1] INFO  server.RaftServerConfigKeys (ConfUtils.java:logGet(43)) - raft.server.storage.dir = [/workdir/hadoop-ozone/integration-test/target/test-dir/MiniOzoneClusterImpl-152e7b22-107a-47df-8119-8865e0ec3973/datanode-0/data/ratis] (custom)
2019-09-12 10:42:15,867 [pool-27-thread-1] INFO  storage.RaftStorageDirectory (RaftStorageDirectory.java:analyzeStorage(246)) - The storage directory /workdir/hadoop-ozone/integration-test/target/test-dir/MiniOzoneClusterImpl-152e7b22-107a-47df-8119-8865e0ec3973/datanode-0/data/ratis/02b7831f-b388-4403-8b7d-dbbab0b6822f does not exist. Creating ...
2019-09-12 10:42:15,881 [pool-27-thread-1] INFO  storage.RaftStorageDirectory (RaftStorageDirectory.java:tryLock(328)) - Lock on /workdir/hadoop-ozone/integration-test/target/test-dir/MiniOzoneClusterImpl-152e7b22-107a-47df-8119-8865e0ec3973/datanode-0/data/ratis/02b7831f-b388-4403-8b7d-dbbab0b6822f/in_use.lock acquired by nodename 23915@pr-hdds-1569-58hkm-1881083799
2019-09-12 10:42:15,894 [pool-27-thread-1] INFO  storage.RaftStorage (RaftStorage.java:format(72)) - Storage directory /workdir/hadoop-ozone/integration-test/target/test-dir/MiniOzoneClusterImpl-152e7b22-107a-47df-8119-8865e0ec3973/datanode-0/data/ratis/02b7831f-b388-4403-8b7d-dbbab0b6822f has been successfully formatted.
2019-09-12 10:42:15,894 [pool-27-thread-1] INFO  ratis.ContainerStateMachine (ContainerStateMachine.java:loadSnapshot(226)) - group-DBBAB0B6822F: The snapshot info is null. Setting the last applied indexto:(t:0, i:~)
2019-09-12 10:42:15,895 [pool-27-thread-1] INFO  server.RaftServerConfigKeys (ConfUtils.java:logGet(43)) - raft.server.leader.election.timeout = 120s (custom)
2019-09-12 10:42:15,895 [pool-27-thread-1] INFO  server.RaftServerConfigKeys (ConfUtils.java:logGet(43)) - raft.server.log.use.memory = false (default)
2019-09-12 10:42:15,895 [pool-27-thread-1] INFO  server.RaftServerConfigKeys (ConfUtils.java:logGet(43)) - raft.server.log.purge.gap = 1000000 (custom)
2019-09-12 10:42:15,895 [pool-27-thread-1] INFO  server.RaftServerConfigKeys (ConfUtils.java:logGet(43)) - raft.server.log.appender.buffer.byte-limit = 33554432 (custom)
2019-09-12 10:42:15,895 [pool-27-thread-1] INFO  server.RaftServerConfigKeys (ConfUtils.java:logGet(43)) - raft.server.log.segment.size.max = 1048576 (custom)
2019-09-12 10:42:15,895 [pool-27-thread-1] INFO  server.RaftServerConfigKeys (ConfUtils.java:logGet(43)) - raft.server.log.segment.cache.num.max = 2 (custom)
2019-09-12 10:42:15,895 [pool-27-thread-1] INFO  segmented.SegmentedRaftLogWorker (SegmentedRaftLogWorker.java:<init>(172)) - new f46943e6-d0b5-49ad-a452-52d168b509a4-SegmentedRaftLogWorker:Storage Directory /workdir/hadoop-ozone/integration-test/target/test-dir/MiniOzoneClusterImpl-152e7b22-107a-47df-8119-8865e0ec3973/datanode-0/data/ratis/02b7831f-b388-4403-8b7d-dbbab0b6822f for RaftStorage:Storage Directory /workdir/hadoop-ozone/integration-test/target/test-dir/MiniOzoneClusterImpl-152e7b22-107a-47df-8119-8865e0ec3973/datanode-0/data/ratis/02b7831f-b388-4403-8b7d-dbbab0b6822f
2019-09-12 10:42:15,895 [pool-27-thread-1] INFO  server.RaftServerConfigKeys (ConfUtils.java:logGet(43)) - raft.server.log.queue.byte-limit = 2147483647 (custom)
2019-09-12 10:42:15,896 [pool-27-thread-1] INFO  server.RaftServerConfigKeys (ConfUtils.java:logGet(43)) - raft.server.log.queue.element-limit = 1024 (custom)
2019-09-12 10:42:15,896 [pool-27-thread-1] INFO  server.RaftServerConfigKeys (ConfUtils.java:logGet(43)) - raft.server.log.segment.size.max = 1048576 (custom)
2019-09-12 10:42:15,896 [pool-27-thread-1] INFO  server.RaftServerConfigKeys (ConfUtils.java:logGet(43)) - raft.server.log.preallocated.size = 16384 (custom)
2019-09-12 10:42:15,896 [pool-27-thread-1] INFO  server.RaftServerConfigKeys (ConfUtils.java:logGet(43)) - raft.server.log.write.buffer.size = 33554432 (custom)
2019-09-12 10:42:15,896 [pool-27-thread-1] INFO  server.RaftServerConfigKeys (ConfUtils.java:logGet(43)) - raft.server.log.force.sync.num = 128 (default)
2019-09-12 10:42:15,896 [pool-27-thread-1] INFO  server.RaftServerConfigKeys (ConfUtils.java:logGet(43)) - raft.server.log.statemachine.data.sync = true (default)
2019-09-12 10:42:15,896 [pool-27-thread-1] INFO  server.RaftServerConfigKeys (ConfUtils.java:logGet(43)) - raft.server.log.statemachine.data.sync.timeout = 10s (default)
2019-09-12 10:42:15,896 [pool-27-thread-1] INFO  server.RaftServerConfigKeys (ConfUtils.java:logGet(43)) - raft.server.log.statemachine.data.sync.timeout.retry = -1 (default)
2019-09-12 10:42:15,897 [pool-27-thread-1] INFO  server.RaftServerConfigKeys (ConfUtils.java:logGet(43)) - raft.server.log.statemachine.data.caching.enabled = true (custom)
2019-09-12 10:42:15,897 [pool-27-thread-1] INFO  segmented.SegmentedRaftLogWorker (SegmentedRaftLogWorker.java:lambda$new$0(132)) - f46943e6-d0b5-49ad-a452-52d168b509a4-SegmentedRaftLogWorker:Storage Directory /workdir/hadoop-ozone/integration-test/target/test-dir/MiniOzoneClusterImpl-152e7b22-107a-47df-8119-8865e0ec3973/datanode-0/data/ratis/02b7831f-b388-4403-8b7d-dbbab0b6822f: flushIndex: setUnconditionally 0 -> -1
2019-09-12 10:42:15,897 [pool-27-thread-1] INFO  server.RaftServerConfigKeys (ConfUtils.java:logGet(43)) - raft.server.snapshot.auto.trigger.enabled = true (custom)
2019-09-12 10:42:15,897 [pool-27-thread-1] INFO  server.RaftServerConfigKeys (ConfUtils.java:logGet(43)) - raft.server.snapshot.auto.trigger.threshold = 10000 (custom)
2019-09-12 10:42:15,898 [pool-27-thread-1] INFO  server.RaftServerConfigKeys (ConfUtils.java:logGet(43)) - raft.server.retrycache.expirytime = 600000ms (custom)
2019-09-12 10:42:15,898 [pool-27-thread-1] INFO  impl.RaftServerImpl (RaftServerImpl.java:start(180)) - f46943e6-d0b5-49ad-a452-52d168b509a4: start group-DBBAB0B6822F
2019-09-12 10:42:15,898 [pool-27-thread-1] INFO  impl.RaftServerImpl (RaftServerImpl.java:setRole(171)) - f46943e6-d0b5-49ad-a452-52d168b509a4:group-DBBAB0B6822F changes role from null to FOLLOWER at term 0 for startAsFollower
2019-09-12 10:42:15,898 [pool-27-thread-1] INFO  impl.RoleInfo (RoleInfo.java:updateAndGet(143)) - f46943e6-d0b5-49ad-a452-52d168b509a4: start FollowerState
2019-09-12 10:42:15,898 [pool-27-thread-1] INFO  util.JmxRegister (JmxRegister.java:tryRegister(44)) - Successfully registered JMX Bean with object name Ratis:service=RaftServer,group=group-DBBAB0B6822F,id=f46943e6-d0b5-49ad-a452-52d168b509a4
2019-09-12 10:42:15,909 [RatisPipelineUtilsThread] INFO  pipeline.PipelineStateManager (PipelineStateManager.java:addPipeline(56)) - Created pipeline Pipeline[ Id: 02b7831f-b388-4403-8b7d-dbbab0b6822f, Nodes: f46943e6-d0b5-49ad-a452-52d168b509a4{ip: 192.168.36.114, host: pr-hdds-1569-58hkm-1881083799, networkLocation: /default-rack, certSerialId: null}, Type:RATIS, Factor:ONE, State:OPEN]
2019-09-12 10:42:15,911 [RatisPipelineUtilsThread] ERROR pipeline.PipelinePlacementPolicy (PipelinePlacementPolicy.java:meetCriteria(92)) - Pipeline Placement: Doesn't meet the criteria to be viable node. Heaviness: 6
2019-09-12 10:42:15,922 [grpc-default-executor-0] INFO  impl.RaftServerProxy (RaftServerProxy.java:addNew(89)) - 83afca36-bc46-4fa0-b00b-f7c85a4fa46c: addNew group-0C45906E5069:[83afca36-bc46-4fa0-b00b-f7c85a4fa46c:192.168.36.114:45896] returns group-0C45906E5069:java.util.concurrent.CompletableFuture@720edf37[Not completed]
2019-09-12 10:42:15,924 [pool-38-thread-1] INFO  impl.RaftServerImpl (RaftServerImpl.java:<init>(93)) - 83afca36-bc46-4fa0-b00b-f7c85a4fa46c: new RaftServerImpl for group-0C45906E5069:[83afca36-bc46-4fa0-b00b-f7c85a4fa46c:192.168.36.114:45896] with ContainerStateMachine:uninitialized
2019-09-12 10:42:15,924 [pool-38-thread-1] INFO  server.RaftServerConfigKeys (ConfUtils.java:logGet(43)) - raft.server.rpc.timeout.min = 5s (custom)
2019-09-12 10:42:15,925 [pool-38-thread-1] INFO  server.RaftServerConfigKeys (ConfUtils.java:logGet(43)) - raft.server.rpc.timeout.max = 5200ms (custom)
2019-09-12 10:42:15,925 [pool-38-thread-1] INFO  server.RaftServerConfigKeys (ConfUtils.java:logGet(43)) - raft.server.rpcslowness.timeout = 120s (custom)
2019-09-12 10:42:15,925 [pool-38-thread-1] INFO  server.RaftServerConfigKeys (ConfUtils.java:logGet(43)) - raft.server.sleep.deviation.threshold = 300 (default)
2019-09-12 10:42:15,925 [pool-38-thread-1] INFO  server.RaftServerConfigKeys (ConfUtils.java:logGet(43)) - raft.server.log.appender.install.snapshot.enabled = false (custom)
2019-09-12 10:42:15,925 [pool-38-thread-1] INFO  impl.RaftServerImpl (ServerState.java:<init>(105)) - 83afca36-bc46-4fa0-b00b-f7c85a4fa46c:group-0C45906E5069 ConfigurationManager, init=-1: [83afca36-bc46-4fa0-b00b-f7c85a4fa46c:192.168.36.114:45896], old=null, confs=<EMPTY_MAP>
2019-09-12 10:42:15,926 [pool-38-thread-1] INFO  server.RaftServerConfigKeys (ConfUtils.java:logGet(43)) - raft.server.storage.dir = [/workdir/hadoop-ozone/integration-test/target/test-dir/MiniOzoneClusterImpl-152e7b22-107a-47df-8119-8865e0ec3973/datanode-1/data/ratis] (custom)
2019-09-12 10:42:15,926 [pool-38-thread-1] INFO  storage.RaftStorageDirectory (RaftStorageDirectory.java:analyzeStorage(246)) - The storage directory /workdir/hadoop-ozone/integration-test/target/test-dir/MiniOzoneClusterImpl-152e7b22-107a-47df-8119-8865e0ec3973/datanode-1/data/ratis/5095d0f8-12a6-4825-a433-0c45906e5069 does not exist. Creating ...
2019-09-12 10:42:15,951 [pool-38-thread-1] INFO  storage.RaftStorageDirectory (RaftStorageDirectory.java:tryLock(328)) - Lock on /workdir/hadoop-ozone/integration-test/target/test-dir/MiniOzoneClusterImpl-152e7b22-107a-47df-8119-8865e0ec3973/datanode-1/data/ratis/5095d0f8-12a6-4825-a433-0c45906e5069/in_use.lock acquired by nodename 23915@pr-hdds-1569-58hkm-1881083799
2019-09-12 10:42:15,976 [pool-38-thread-1] INFO  storage.RaftStorage (RaftStorage.java:format(72)) - Storage directory /workdir/hadoop-ozone/integration-test/target/test-dir/MiniOzoneClusterImpl-152e7b22-107a-47df-8119-8865e0ec3973/datanode-1/data/ratis/5095d0f8-12a6-4825-a433-0c45906e5069 has been successfully formatted.
2019-09-12 10:42:15,977 [pool-38-thread-1] INFO  ratis.ContainerStateMachine (ContainerStateMachine.java:loadSnapshot(226)) - group-0C45906E5069: The snapshot info is null. Setting the last applied indexto:(t:0, i:~)
2019-09-12 10:42:15,977 [pool-38-thread-1] INFO  server.RaftServerConfigKeys (ConfUtils.java:logGet(43)) - raft.server.leader.election.timeout = 120s (custom)
2019-09-12 10:42:15,977 [pool-38-thread-1] INFO  server.RaftServerConfigKeys (ConfUtils.java:logGet(43)) - raft.server.log.use.memory = false (default)
2019-09-12 10:42:15,977 [pool-38-thread-1] INFO  server.RaftServerConfigKeys (ConfUtils.java:logGet(43)) - raft.server.log.purge.gap = 1000000 (custom)
2019-09-12 10:42:15,977 [pool-38-thread-1] INFO  server.RaftServerConfigKeys (ConfUtils.java:logGet(43)) - raft.server.log.appender.buffer.byte-limit = 33554432 (custom)
2019-09-12 10:42:15,978 [pool-38-thread-1] INFO  server.RaftServerConfigKeys (ConfUtils.java:logGet(43)) - raft.server.log.segment.size.max = 1048576 (custom)
2019-09-12 10:42:15,978 [pool-38-thread-1] INFO  server.RaftServerConfigKeys (ConfUtils.java:logGet(43)) - raft.server.log.segment.cache.num.max = 2 (custom)
2019-09-12 10:42:15,978 [pool-38-thread-1] INFO  segmented.SegmentedRaftLogWorker (SegmentedRaftLogWorker.java:<init>(172)) - new 83afca36-bc46-4fa0-b00b-f7c85a4fa46c-SegmentedRaftLogWorker:Storage Directory /workdir/hadoop-ozone/integration-test/target/test-dir/MiniOzoneClusterImpl-152e7b22-107a-47df-8119-8865e0ec3973/datanode-1/data/ratis/5095d0f8-12a6-4825-a433-0c45906e5069 for RaftStorage:Storage Directory /workdir/hadoop-ozone/integration-test/target/test-dir/MiniOzoneClusterImpl-152e7b22-107a-47df-8119-8865e0ec3973/datanode-1/data/ratis/5095d0f8-12a6-4825-a433-0c45906e5069
2019-09-12 10:42:15,978 [pool-38-thread-1] INFO  server.RaftServerConfigKeys (ConfUtils.java:logGet(43)) - raft.server.log.queue.byte-limit = 2147483647 (custom)
2019-09-12 10:42:15,979 [pool-38-thread-1] INFO  server.RaftServerConfigKeys (ConfUtils.java:logGet(43)) - raft.server.log.queue.element-limit = 1024 (custom)
2019-09-12 10:42:15,979 [pool-38-thread-1] INFO  server.RaftServerConfigKeys (ConfUtils.java:logGet(43)) - raft.server.log.segment.size.max = 1048576 (custom)
2019-09-12 10:42:15,979 [pool-38-thread-1] INFO  server.RaftServerConfigKeys (ConfUtils.java:logGet(43)) - raft.server.log.preallocated.size = 16384 (custom)
2019-09-12 10:42:15,979 [pool-38-thread-1] INFO  server.RaftServerConfigKeys (ConfUtils.java:logGet(43)) - raft.server.log.write.buffer.size = 33554432 (custom)
2019-09-12 10:42:15,979 [pool-38-thread-1] INFO  server.RaftServerConfigKeys (ConfUtils.java:logGet(43)) - raft.server.log.force.sync.num = 128 (default)
2019-09-12 10:42:15,979 [pool-38-thread-1] INFO  server.RaftServerConfigKeys (ConfUtils.java:logGet(43)) - raft.server.log.statemachine.data.sync = true (default)
2019-09-12 10:42:15,980 [pool-38-thread-1] INFO  server.RaftServerConfigKeys (ConfUtils.java:logGet(43)) - raft.server.log.statemachine.data.sync.timeout = 10s (default)
2019-09-12 10:42:15,980 [pool-38-thread-1] INFO  server.RaftServerConfigKeys (ConfUtils.java:logGet(43)) - raft.server.log.statemachine.data.sync.timeout.retry = -1 (default)
2019-09-12 10:42:15,980 [pool-38-thread-1] INFO  server.RaftServerConfigKeys (ConfUtils.java:logGet(43)) - raft.server.log.statemachine.data.caching.enabled = true (custom)
2019-09-12 10:42:15,981 [pool-38-thread-1] INFO  segmented.SegmentedRaftLogWorker (SegmentedRaftLogWorker.java:lambda$new$0(132)) - 83afca36-bc46-4fa0-b00b-f7c85a4fa46c-SegmentedRaftLogWorker:Storage Directory /workdir/hadoop-ozone/integration-test/target/test-dir/MiniOzoneClusterImpl-152e7b22-107a-47df-8119-8865e0ec3973/datanode-1/data/ratis/5095d0f8-12a6-4825-a433-0c45906e5069: flushIndex: setUnconditionally 0 -> -1
2019-09-12 10:42:15,981 [pool-38-thread-1] INFO  server.RaftServerConfigKeys (ConfUtils.java:logGet(43)) - raft.server.snapshot.auto.trigger.enabled = true (custom)
2019-09-12 10:42:15,981 [pool-38-thread-1] INFO  server.RaftServerConfigKeys (ConfUtils.java:logGet(43)) - raft.server.snapshot.auto.trigger.threshold = 10000 (custom)
2019-09-12 10:42:15,981 [pool-38-thread-1] INFO  server.RaftServerConfigKeys (ConfUtils.java:logGet(43)) - raft.server.retrycache.expirytime = 600000ms (custom)
2019-09-12 10:42:15,982 [pool-38-thread-1] INFO  impl.RaftServerImpl (RaftServerImpl.java:start(180)) - 83afca36-bc46-4fa0-b00b-f7c85a4fa46c: start group-0C45906E5069
2019-09-12 10:42:15,982 [pool-38-thread-1] INFO  impl.RaftServerImpl (RaftServerImpl.java:setRole(171)) - 83afca36-bc46-4fa0-b00b-f7c85a4fa46c:group-0C45906E5069 changes role from null to FOLLOWER at term 0 for startAsFollower
2019-09-12 10:42:15,982 [pool-38-thread-1] INFO  impl.RoleInfo (RoleInfo.java:updateAndGet(143)) - 83afca36-bc46-4fa0-b00b-f7c85a4fa46c: start FollowerState
2019-09-12 10:42:15,983 [pool-38-thread-1] INFO  util.JmxRegister (JmxRegister.java:tryRegister(44)) - Successfully registered JMX Bean with object name Ratis:service=RaftServer,group=group-0C45906E5069,id=83afca36-bc46-4fa0-b00b-f7c85a4fa46c
2019-09-12 10:42:15,992 [RatisPipelineUtilsThread] INFO  pipeline.PipelineStateManager (PipelineStateManager.java:addPipeline(56)) - Created pipeline Pipeline[ Id: 5095d0f8-12a6-4825-a433-0c45906e5069, Nodes: 83afca36-bc46-4fa0-b00b-f7c85a4fa46c{ip: 192.168.36.114, host: pr-hdds-1569-58hkm-1881083799, networkLocation: /default-rack, certSerialId: null}, Type:RATIS, Factor:ONE, State:OPEN]
2019-09-12 10:42:15,994 [RatisPipelineUtilsThread] ERROR pipeline.PipelinePlacementPolicy (PipelinePlacementPolicy.java:meetCriteria(92)) - Pipeline Placement: Doesn't meet the criteria to be viable node. Heaviness: 6
2019-09-12 10:42:16,010 [grpc-default-executor-0] INFO  impl.RaftServerProxy (RaftServerProxy.java:addNew(89)) - 83afca36-bc46-4fa0-b00b-f7c85a4fa46c: addNew group-7B0D5B3E12DB:[83afca36-bc46-4fa0-b00b-f7c85a4fa46c:192.168.36.114:45896] returns group-7B0D5B3E12DB:java.util.concurrent.CompletableFuture@3a6222f6[Not completed]
2019-09-12 10:42:16,012 [pool-38-thread-1] INFO  impl.RaftServerImpl (RaftServerImpl.java:<init>(93)) - 83afca36-bc46-4fa0-b00b-f7c85a4fa46c: new RaftServerImpl for group-7B0D5B3E12DB:[83afca36-bc46-4fa0-b00b-f7c85a4fa46c:192.168.36.114:45896] with ContainerStateMachine:uninitialized
2019-09-12 10:42:16,013 [pool-38-thread-1] INFO  server.RaftServerConfigKeys (ConfUtils.java:logGet(43)) - raft.server.rpc.timeout.min = 5s (custom)
2019-09-12 10:42:16,013 [pool-38-thread-1] INFO  server.RaftServerConfigKeys (ConfUtils.java:logGet(43)) - raft.server.rpc.timeout.max = 5200ms (custom)
2019-09-12 10:42:16,013 [pool-38-thread-1] INFO  server.RaftServerConfigKeys (ConfUtils.java:logGet(43)) - raft.server.rpcslowness.timeout = 120s (custom)
2019-09-12 10:42:16,013 [pool-38-thread-1] INFO  server.RaftServerConfigKeys (ConfUtils.java:logGet(43)) - raft.server.sleep.deviation.threshold = 300 (default)
2019-09-12 10:42:16,013 [pool-38-thread-1] INFO  server.RaftServerConfigKeys (ConfUtils.java:logGet(43)) - raft.server.log.appender.install.snapshot.enabled = false (custom)
2019-09-12 10:42:16,013 [pool-38-thread-1] INFO  impl.RaftServerImpl (ServerState.java:<init>(105)) - 83afca36-bc46-4fa0-b00b-f7c85a4fa46c:group-7B0D5B3E12DB ConfigurationManager, init=-1: [83afca36-bc46-4fa0-b00b-f7c85a4fa46c:192.168.36.114:45896], old=null, confs=<EMPTY_MAP>
2019-09-12 10:42:16,014 [pool-38-thread-1] INFO  server.RaftServerConfigKeys (ConfUtils.java:logGet(43)) - raft.server.storage.dir = [/workdir/hadoop-ozone/integration-test/target/test-dir/MiniOzoneClusterImpl-152e7b22-107a-47df-8119-8865e0ec3973/datanode-1/data/ratis] (custom)
2019-09-12 10:42:16,014 [pool-38-thread-1] INFO  storage.RaftStorageDirectory (RaftStorageDirectory.java:analyzeStorage(246)) - The storage directory /workdir/hadoop-ozone/integration-test/target/test-dir/MiniOzoneClusterImpl-152e7b22-107a-47df-8119-8865e0ec3973/datanode-1/data/ratis/34fec60a-b37d-4a41-935d-7b0d5b3e12db does not exist. Creating ...
2019-09-12 10:42:16,015 | INFO  | SCMAudit | user=jenkins1000 | ip=192.168.36.114 | op=SEND_HEARTBEAT {datanodeUUID=f46943e6-d0b5-49ad-a452-52d168b509a4, command=[]} | ret=SUCCESS |  
2019-09-12 10:42:16,027 [pool-38-thread-1] INFO  storage.RaftStorageDirectory (RaftStorageDirectory.java:tryLock(328)) - Lock on /workdir/hadoop-ozone/integration-test/target/test-dir/MiniOzoneClusterImpl-152e7b22-107a-47df-8119-8865e0ec3973/datanode-1/data/ratis/34fec60a-b37d-4a41-935d-7b0d5b3e12db/in_use.lock acquired by nodename 23915@pr-hdds-1569-58hkm-1881083799
2019-09-12 10:42:16,041 [pool-38-thread-1] INFO  storage.RaftStorage (RaftStorage.java:format(72)) - Storage directory /workdir/hadoop-ozone/integration-test/target/test-dir/MiniOzoneClusterImpl-152e7b22-107a-47df-8119-8865e0ec3973/datanode-1/data/ratis/34fec60a-b37d-4a41-935d-7b0d5b3e12db has been successfully formatted.
2019-09-12 10:42:16,041 [pool-38-thread-1] INFO  ratis.ContainerStateMachine (ContainerStateMachine.java:loadSnapshot(226)) - group-7B0D5B3E12DB: The snapshot info is null. Setting the last applied indexto:(t:0, i:~)
2019-09-12 10:42:16,041 [pool-38-thread-1] INFO  server.RaftServerConfigKeys (ConfUtils.java:logGet(43)) - raft.server.leader.election.timeout = 120s (custom)
2019-09-12 10:42:16,041 [pool-38-thread-1] INFO  server.RaftServerConfigKeys (ConfUtils.java:logGet(43)) - raft.server.log.use.memory = false (default)
2019-09-12 10:42:16,041 [pool-38-thread-1] INFO  server.RaftServerConfigKeys (ConfUtils.java:logGet(43)) - raft.server.log.purge.gap = 1000000 (custom)
2019-09-12 10:42:16,042 [pool-38-thread-1] INFO  server.RaftServerConfigKeys (ConfUtils.java:logGet(43)) - raft.server.log.appender.buffer.byte-limit = 33554432 (custom)
2019-09-12 10:42:16,042 [pool-38-thread-1] INFO  server.RaftServerConfigKeys (ConfUtils.java:logGet(43)) - raft.server.log.segment.size.max = 1048576 (custom)
2019-09-12 10:42:16,042 [pool-38-thread-1] INFO  server.RaftServerConfigKeys (ConfUtils.java:logGet(43)) - raft.server.log.segment.cache.num.max = 2 (custom)
2019-09-12 10:42:16,042 [pool-38-thread-1] INFO  segmented.SegmentedRaftLogWorker (SegmentedRaftLogWorker.java:<init>(172)) - new 83afca36-bc46-4fa0-b00b-f7c85a4fa46c-SegmentedRaftLogWorker:Storage Directory /workdir/hadoop-ozone/integration-test/target/test-dir/MiniOzoneClusterImpl-152e7b22-107a-47df-8119-8865e0ec3973/datanode-1/data/ratis/34fec60a-b37d-4a41-935d-7b0d5b3e12db for RaftStorage:Storage Directory /workdir/hadoop-ozone/integration-test/target/test-dir/MiniOzoneClusterImpl-152e7b22-107a-47df-8119-8865e0ec3973/datanode-1/data/ratis/34fec60a-b37d-4a41-935d-7b0d5b3e12db
2019-09-12 10:42:16,042 [pool-38-thread-1] INFO  server.RaftServerConfigKeys (ConfUtils.java:logGet(43)) - raft.server.log.queue.byte-limit = 2147483647 (custom)
2019-09-12 10:42:16,042 [pool-38-thread-1] INFO  server.RaftServerConfigKeys (ConfUtils.java:logGet(43)) - raft.server.log.queue.element-limit = 1024 (custom)
2019-09-12 10:42:16,043 [pool-38-thread-1] INFO  server.RaftServerConfigKeys (ConfUtils.java:logGet(43)) - raft.server.log.segment.size.max = 1048576 (custom)
2019-09-12 10:42:16,043 [pool-38-thread-1] INFO  server.RaftServerConfigKeys (ConfUtils.java:logGet(43)) - raft.server.log.preallocated.size = 16384 (custom)
2019-09-12 10:42:16,043 [pool-38-thread-1] INFO  server.RaftServerConfigKeys (ConfUtils.java:logGet(43)) - raft.server.log.write.buffer.size = 33554432 (custom)
2019-09-12 10:42:16,043 [pool-38-thread-1] INFO  server.RaftServerConfigKeys (ConfUtils.java:logGet(43)) - raft.server.log.force.sync.num = 128 (default)
2019-09-12 10:42:16,043 [pool-38-thread-1] INFO  server.RaftServerConfigKeys (ConfUtils.java:logGet(43)) - raft.server.log.statemachine.data.sync = true (default)
2019-09-12 10:42:16,043 [pool-38-thread-1] INFO  server.RaftServerConfigKeys (ConfUtils.java:logGet(43)) - raft.server.log.statemachine.data.sync.timeout = 10s (default)
2019-09-12 10:42:16,043 [pool-38-thread-1] INFO  server.RaftServerConfigKeys (ConfUtils.java:logGet(43)) - raft.server.log.statemachine.data.sync.timeout.retry = -1 (default)
2019-09-12 10:42:16,044 [pool-38-thread-1] INFO  server.RaftServerConfigKeys (ConfUtils.java:logGet(43)) - raft.server.log.statemachine.data.caching.enabled = true (custom)
2019-09-12 10:42:16,044 [pool-38-thread-1] INFO  segmented.SegmentedRaftLogWorker (SegmentedRaftLogWorker.java:lambda$new$0(132)) - 83afca36-bc46-4fa0-b00b-f7c85a4fa46c-SegmentedRaftLogWorker:Storage Directory /workdir/hadoop-ozone/integration-test/target/test-dir/MiniOzoneClusterImpl-152e7b22-107a-47df-8119-8865e0ec3973/datanode-1/data/ratis/34fec60a-b37d-4a41-935d-7b0d5b3e12db: flushIndex: setUnconditionally 0 -> -1
2019-09-12 10:42:16,045 [pool-38-thread-1] INFO  server.RaftServerConfigKeys (ConfUtils.java:logGet(43)) - raft.server.snapshot.auto.trigger.enabled = true (custom)
2019-09-12 10:42:16,045 [pool-38-thread-1] INFO  server.RaftServerConfigKeys (ConfUtils.java:logGet(43)) - raft.server.snapshot.auto.trigger.threshold = 10000 (custom)
2019-09-12 10:42:16,045 [pool-38-thread-1] INFO  server.RaftServerConfigKeys (ConfUtils.java:logGet(43)) - raft.server.retrycache.expirytime = 600000ms (custom)
2019-09-12 10:42:16,045 [pool-38-thread-1] INFO  impl.RaftServerImpl (RaftServerImpl.java:start(180)) - 83afca36-bc46-4fa0-b00b-f7c85a4fa46c: start group-7B0D5B3E12DB
2019-09-12 10:42:16,045 [pool-38-thread-1] INFO  impl.RaftServerImpl (RaftServerImpl.java:setRole(171)) - 83afca36-bc46-4fa0-b00b-f7c85a4fa46c:group-7B0D5B3E12DB changes role from null to FOLLOWER at term 0 for startAsFollower
2019-09-12 10:42:16,046 [pool-38-thread-1] INFO  impl.RoleInfo (RoleInfo.java:updateAndGet(143)) - 83afca36-bc46-4fa0-b00b-f7c85a4fa46c: start FollowerState
2019-09-12 10:42:16,046 [pool-38-thread-1] INFO  util.JmxRegister (JmxRegister.java:tryRegister(44)) - Successfully registered JMX Bean with object name Ratis:service=RaftServer,group=group-7B0D5B3E12DB,id=83afca36-bc46-4fa0-b00b-f7c85a4fa46c
2019-09-12 10:42:16,054 [RatisPipelineUtilsThread] INFO  pipeline.PipelineStateManager (PipelineStateManager.java:addPipeline(56)) - Created pipeline Pipeline[ Id: 34fec60a-b37d-4a41-935d-7b0d5b3e12db, Nodes: 83afca36-bc46-4fa0-b00b-f7c85a4fa46c{ip: 192.168.36.114, host: pr-hdds-1569-58hkm-1881083799, networkLocation: /default-rack, certSerialId: null}, Type:RATIS, Factor:ONE, State:OPEN]
2019-09-12 10:42:16,055 [RatisPipelineUtilsThread] ERROR pipeline.PipelinePlacementPolicy (PipelinePlacementPolicy.java:meetCriteria(92)) - Pipeline Placement: Doesn't meet the criteria to be viable node. Heaviness: 6
2019-09-12 10:42:16,065 [grpc-default-executor-0] INFO  impl.RaftServerProxy (RaftServerProxy.java:addNew(89)) - 83afca36-bc46-4fa0-b00b-f7c85a4fa46c: addNew group-F814F913E35E:[83afca36-bc46-4fa0-b00b-f7c85a4fa46c:192.168.36.114:45896] returns group-F814F913E35E:java.util.concurrent.CompletableFuture@3d33fca[Not completed]
2019-09-12 10:42:16,067 [pool-38-thread-1] INFO  impl.RaftServerImpl (RaftServerImpl.java:<init>(93)) - 83afca36-bc46-4fa0-b00b-f7c85a4fa46c: new RaftServerImpl for group-F814F913E35E:[83afca36-bc46-4fa0-b00b-f7c85a4fa46c:192.168.36.114:45896] with ContainerStateMachine:uninitialized
2019-09-12 10:42:16,067 [pool-38-thread-1] INFO  server.RaftServerConfigKeys (ConfUtils.java:logGet(43)) - raft.server.rpc.timeout.min = 5s (custom)
2019-09-12 10:42:16,067 [pool-38-thread-1] INFO  server.RaftServerConfigKeys (ConfUtils.java:logGet(43)) - raft.server.rpc.timeout.max = 5200ms (custom)
2019-09-12 10:42:16,067 [pool-38-thread-1] INFO  server.RaftServerConfigKeys (ConfUtils.java:logGet(43)) - raft.server.rpcslowness.timeout = 120s (custom)
2019-09-12 10:42:16,067 [pool-38-thread-1] INFO  server.RaftServerConfigKeys (ConfUtils.java:logGet(43)) - raft.server.sleep.deviation.threshold = 300 (default)
2019-09-12 10:42:16,068 [pool-38-thread-1] INFO  server.RaftServerConfigKeys (ConfUtils.java:logGet(43)) - raft.server.log.appender.install.snapshot.enabled = false (custom)
2019-09-12 10:42:16,068 [pool-38-thread-1] INFO  impl.RaftServerImpl (ServerState.java:<init>(105)) - 83afca36-bc46-4fa0-b00b-f7c85a4fa46c:group-F814F913E35E ConfigurationManager, init=-1: [83afca36-bc46-4fa0-b00b-f7c85a4fa46c:192.168.36.114:45896], old=null, confs=<EMPTY_MAP>
2019-09-12 10:42:16,068 [pool-38-thread-1] INFO  server.RaftServerConfigKeys (ConfUtils.java:logGet(43)) - raft.server.storage.dir = [/workdir/hadoop-ozone/integration-test/target/test-dir/MiniOzoneClusterImpl-152e7b22-107a-47df-8119-8865e0ec3973/datanode-1/data/ratis] (custom)
2019-09-12 10:42:16,068 [pool-38-thread-1] INFO  storage.RaftStorageDirectory (RaftStorageDirectory.java:analyzeStorage(246)) - The storage directory /workdir/hadoop-ozone/integration-test/target/test-dir/MiniOzoneClusterImpl-152e7b22-107a-47df-8119-8865e0ec3973/datanode-1/data/ratis/dd94a877-a5f5-42a9-9961-f814f913e35e does not exist. Creating ...
2019-09-12 10:42:16,081 [pool-38-thread-1] INFO  storage.RaftStorageDirectory (RaftStorageDirectory.java:tryLock(328)) - Lock on /workdir/hadoop-ozone/integration-test/target/test-dir/MiniOzoneClusterImpl-152e7b22-107a-47df-8119-8865e0ec3973/datanode-1/data/ratis/dd94a877-a5f5-42a9-9961-f814f913e35e/in_use.lock acquired by nodename 23915@pr-hdds-1569-58hkm-1881083799
2019-09-12 10:42:16,094 [pool-38-thread-1] INFO  storage.RaftStorage (RaftStorage.java:format(72)) - Storage directory /workdir/hadoop-ozone/integration-test/target/test-dir/MiniOzoneClusterImpl-152e7b22-107a-47df-8119-8865e0ec3973/datanode-1/data/ratis/dd94a877-a5f5-42a9-9961-f814f913e35e has been successfully formatted.
2019-09-12 10:42:16,094 [pool-38-thread-1] INFO  ratis.ContainerStateMachine (ContainerStateMachine.java:loadSnapshot(226)) - group-F814F913E35E: The snapshot info is null. Setting the last applied indexto:(t:0, i:~)
2019-09-12 10:42:16,094 [pool-38-thread-1] INFO  server.RaftServerConfigKeys (ConfUtils.java:logGet(43)) - raft.server.leader.election.timeout = 120s (custom)
2019-09-12 10:42:16,095 [pool-38-thread-1] INFO  server.RaftServerConfigKeys (ConfUtils.java:logGet(43)) - raft.server.log.use.memory = false (default)
2019-09-12 10:42:16,095 [pool-38-thread-1] INFO  server.RaftServerConfigKeys (ConfUtils.java:logGet(43)) - raft.server.log.purge.gap = 1000000 (custom)
2019-09-12 10:42:16,095 [pool-38-thread-1] INFO  server.RaftServerConfigKeys (ConfUtils.java:logGet(43)) - raft.server.log.appender.buffer.byte-limit = 33554432 (custom)
2019-09-12 10:42:16,095 [pool-38-thread-1] INFO  server.RaftServerConfigKeys (ConfUtils.java:logGet(43)) - raft.server.log.segment.size.max = 1048576 (custom)
2019-09-12 10:42:16,095 [pool-38-thread-1] INFO  server.RaftServerConfigKeys (ConfUtils.java:logGet(43)) - raft.server.log.segment.cache.num.max = 2 (custom)
2019-09-12 10:42:16,095 [pool-38-thread-1] INFO  segmented.SegmentedRaftLogWorker (SegmentedRaftLogWorker.java:<init>(172)) - new 83afca36-bc46-4fa0-b00b-f7c85a4fa46c-SegmentedRaftLogWorker:Storage Directory /workdir/hadoop-ozone/integration-test/target/test-dir/MiniOzoneClusterImpl-152e7b22-107a-47df-8119-8865e0ec3973/datanode-1/data/ratis/dd94a877-a5f5-42a9-9961-f814f913e35e for RaftStorage:Storage Directory /workdir/hadoop-ozone/integration-test/target/test-dir/MiniOzoneClusterImpl-152e7b22-107a-47df-8119-8865e0ec3973/datanode-1/data/ratis/dd94a877-a5f5-42a9-9961-f814f913e35e
2019-09-12 10:42:16,096 [pool-38-thread-1] INFO  server.RaftServerConfigKeys (ConfUtils.java:logGet(43)) - raft.server.log.queue.byte-limit = 2147483647 (custom)
2019-09-12 10:42:16,096 [pool-38-thread-1] INFO  server.RaftServerConfigKeys (ConfUtils.java:logGet(43)) - raft.server.log.queue.element-limit = 1024 (custom)
2019-09-12 10:42:16,096 [pool-38-thread-1] INFO  server.RaftServerConfigKeys (ConfUtils.java:logGet(43)) - raft.server.log.segment.size.max = 1048576 (custom)
2019-09-12 10:42:16,096 [pool-38-thread-1] INFO  server.RaftServerConfigKeys (ConfUtils.java:logGet(43)) - raft.server.log.preallocated.size = 16384 (custom)
2019-09-12 10:42:16,096 [pool-38-thread-1] INFO  server.RaftServerConfigKeys (ConfUtils.java:logGet(43)) - raft.server.log.write.buffer.size = 33554432 (custom)
2019-09-12 10:42:16,097 [pool-38-thread-1] INFO  server.RaftServerConfigKeys (ConfUtils.java:logGet(43)) - raft.server.log.force.sync.num = 128 (default)
2019-09-12 10:42:16,097 [pool-38-thread-1] INFO  server.RaftServerConfigKeys (ConfUtils.java:logGet(43)) - raft.server.log.statemachine.data.sync = true (default)
2019-09-12 10:42:16,097 [pool-38-thread-1] INFO  server.RaftServerConfigKeys (ConfUtils.java:logGet(43)) - raft.server.log.statemachine.data.sync.timeout = 10s (default)
2019-09-12 10:42:16,097 [pool-38-thread-1] INFO  server.RaftServerConfigKeys (ConfUtils.java:logGet(43)) - raft.server.log.statemachine.data.sync.timeout.retry = -1 (default)
2019-09-12 10:42:16,097 [pool-38-thread-1] INFO  server.RaftServerConfigKeys (ConfUtils.java:logGet(43)) - raft.server.log.statemachine.data.caching.enabled = true (custom)
2019-09-12 10:42:16,098 [pool-38-thread-1] INFO  segmented.SegmentedRaftLogWorker (SegmentedRaftLogWorker.java:lambda$new$0(132)) - 83afca36-bc46-4fa0-b00b-f7c85a4fa46c-SegmentedRaftLogWorker:Storage Directory /workdir/hadoop-ozone/integration-test/target/test-dir/MiniOzoneClusterImpl-152e7b22-107a-47df-8119-8865e0ec3973/datanode-1/data/ratis/dd94a877-a5f5-42a9-9961-f814f913e35e: flushIndex: setUnconditionally 0 -> -1
2019-09-12 10:42:16,098 [pool-38-thread-1] INFO  server.RaftServerConfigKeys (ConfUtils.java:logGet(43)) - raft.server.snapshot.auto.trigger.enabled = true (custom)
2019-09-12 10:42:16,098 [pool-38-thread-1] INFO  server.RaftServerConfigKeys (ConfUtils.java:logGet(43)) - raft.server.snapshot.auto.trigger.threshold = 10000 (custom)
2019-09-12 10:42:16,099 [pool-38-thread-1] INFO  server.RaftServerConfigKeys (ConfUtils.java:logGet(43)) - raft.server.retrycache.expirytime = 600000ms (custom)
2019-09-12 10:42:16,099 [pool-38-thread-1] INFO  impl.RaftServerImpl (RaftServerImpl.java:start(180)) - 83afca36-bc46-4fa0-b00b-f7c85a4fa46c: start group-F814F913E35E
2019-09-12 10:42:16,099 [pool-38-thread-1] INFO  impl.RaftServerImpl (RaftServerImpl.java:setRole(171)) - 83afca36-bc46-4fa0-b00b-f7c85a4fa46c:group-F814F913E35E changes role from null to FOLLOWER at term 0 for startAsFollower
2019-09-12 10:42:16,099 [pool-38-thread-1] INFO  impl.RoleInfo (RoleInfo.java:updateAndGet(143)) - 83afca36-bc46-4fa0-b00b-f7c85a4fa46c: start FollowerState
2019-09-12 10:42:16,100 [pool-38-thread-1] INFO  util.JmxRegister (JmxRegister.java:tryRegister(44)) - Successfully registered JMX Bean with object name Ratis:service=RaftServer,group=group-F814F913E35E,id=83afca36-bc46-4fa0-b00b-f7c85a4fa46c
2019-09-12 10:42:16,108 [RatisPipelineUtilsThread] INFO  pipeline.PipelineStateManager (PipelineStateManager.java:addPipeline(56)) - Created pipeline Pipeline[ Id: dd94a877-a5f5-42a9-9961-f814f913e35e, Nodes: 83afca36-bc46-4fa0-b00b-f7c85a4fa46c{ip: 192.168.36.114, host: pr-hdds-1569-58hkm-1881083799, networkLocation: /default-rack, certSerialId: null}, Type:RATIS, Factor:ONE, State:OPEN]
2019-09-12 10:42:16,109 [RatisPipelineUtilsThread] ERROR pipeline.PipelinePlacementPolicy (PipelinePlacementPolicy.java:meetCriteria(92)) - Pipeline Placement: Doesn't meet the criteria to be viable node. Heaviness: 6
2019-09-12 10:42:16,109 [RatisPipelineUtilsThread] ERROR pipeline.PipelinePlacementPolicy (PipelinePlacementPolicy.java:meetCriteria(92)) - Pipeline Placement: Doesn't meet the criteria to be viable node. Heaviness: 6
2019-09-12 10:42:16,120 [grpc-default-executor-0] INFO  impl.RaftServerProxy (RaftServerProxy.java:addNew(89)) - 2763fbe8-4944-4553-a701-ce9188a4c42e: addNew group-7DE22A87B5D1:[2763fbe8-4944-4553-a701-ce9188a4c42e:192.168.36.114:40558] returns group-7DE22A87B5D1:java.util.concurrent.CompletableFuture@28579da1[Not completed]
2019-09-12 10:42:16,122 [pool-49-thread-1] INFO  impl.RaftServerImpl (RaftServerImpl.java:<init>(93)) - 2763fbe8-4944-4553-a701-ce9188a4c42e: new RaftServerImpl for group-7DE22A87B5D1:[2763fbe8-4944-4553-a701-ce9188a4c42e:192.168.36.114:40558] with ContainerStateMachine:uninitialized
2019-09-12 10:42:16,123 [pool-49-thread-1] INFO  server.RaftServerConfigKeys (ConfUtils.java:logGet(43)) - raft.server.rpc.timeout.min = 5s (custom)
2019-09-12 10:42:16,123 [pool-49-thread-1] INFO  server.RaftServerConfigKeys (ConfUtils.java:logGet(43)) - raft.server.rpc.timeout.max = 5200ms (custom)
2019-09-12 10:42:16,123 [pool-49-thread-1] INFO  server.RaftServerConfigKeys (ConfUtils.java:logGet(43)) - raft.server.rpcslowness.timeout = 120s (custom)
2019-09-12 10:42:16,123 [pool-49-thread-1] INFO  server.RaftServerConfigKeys (ConfUtils.java:logGet(43)) - raft.server.sleep.deviation.threshold = 300 (default)
2019-09-12 10:42:16,124 [pool-49-thread-1] INFO  server.RaftServerConfigKeys (ConfUtils.java:logGet(43)) - raft.server.log.appender.install.snapshot.enabled = false (custom)
2019-09-12 10:42:16,124 [pool-49-thread-1] INFO  impl.RaftServerImpl (ServerState.java:<init>(105)) - 2763fbe8-4944-4553-a701-ce9188a4c42e:group-7DE22A87B5D1 ConfigurationManager, init=-1: [2763fbe8-4944-4553-a701-ce9188a4c42e:192.168.36.114:40558], old=null, confs=<EMPTY_MAP>
2019-09-12 10:42:16,124 [pool-49-thread-1] INFO  server.RaftServerConfigKeys (ConfUtils.java:logGet(43)) - raft.server.storage.dir = [/workdir/hadoop-ozone/integration-test/target/test-dir/MiniOzoneClusterImpl-152e7b22-107a-47df-8119-8865e0ec3973/datanode-2/data/ratis] (custom)
2019-09-12 10:42:16,124 [pool-49-thread-1] INFO  storage.RaftStorageDirectory (RaftStorageDirectory.java:analyzeStorage(246)) - The storage directory /workdir/hadoop-ozone/integration-test/target/test-dir/MiniOzoneClusterImpl-152e7b22-107a-47df-8119-8865e0ec3973/datanode-2/data/ratis/2819fe9e-04ca-4248-8eb5-7de22a87b5d1 does not exist. Creating ...
2019-09-12 10:42:16,136 [pool-49-thread-1] INFO  storage.RaftStorageDirectory (RaftStorageDirectory.java:tryLock(328)) - Lock on /workdir/hadoop-ozone/integration-test/target/test-dir/MiniOzoneClusterImpl-152e7b22-107a-47df-8119-8865e0ec3973/datanode-2/data/ratis/2819fe9e-04ca-4248-8eb5-7de22a87b5d1/in_use.lock acquired by nodename 23915@pr-hdds-1569-58hkm-1881083799
2019-09-12 10:42:16,149 [pool-49-thread-1] INFO  storage.RaftStorage (RaftStorage.java:format(72)) - Storage directory /workdir/hadoop-ozone/integration-test/target/test-dir/MiniOzoneClusterImpl-152e7b22-107a-47df-8119-8865e0ec3973/datanode-2/data/ratis/2819fe9e-04ca-4248-8eb5-7de22a87b5d1 has been successfully formatted.
2019-09-12 10:42:16,150 [pool-49-thread-1] INFO  ratis.ContainerStateMachine (ContainerStateMachine.java:loadSnapshot(226)) - group-7DE22A87B5D1: The snapshot info is null. Setting the last applied indexto:(t:0, i:~)
2019-09-12 10:42:16,150 [pool-49-thread-1] INFO  server.RaftServerConfigKeys (ConfUtils.java:logGet(43)) - raft.server.leader.election.timeout = 120s (custom)
2019-09-12 10:42:16,150 [pool-49-thread-1] INFO  server.RaftServerConfigKeys (ConfUtils.java:logGet(43)) - raft.server.log.use.memory = false (default)
2019-09-12 10:42:16,150 [pool-49-thread-1] INFO  server.RaftServerConfigKeys (ConfUtils.java:logGet(43)) - raft.server.log.purge.gap = 1000000 (custom)
2019-09-12 10:42:16,150 [pool-49-thread-1] INFO  server.RaftServerConfigKeys (ConfUtils.java:logGet(43)) - raft.server.log.appender.buffer.byte-limit = 33554432 (custom)
2019-09-12 10:42:16,150 [pool-49-thread-1] INFO  server.RaftServerConfigKeys (ConfUtils.java:logGet(43)) - raft.server.log.segment.size.max = 1048576 (custom)
2019-09-12 10:42:16,151 [pool-49-thread-1] INFO  server.RaftServerConfigKeys (ConfUtils.java:logGet(43)) - raft.server.log.segment.cache.num.max = 2 (custom)
2019-09-12 10:42:16,151 [pool-49-thread-1] INFO  segmented.SegmentedRaftLogWorker (SegmentedRaftLogWorker.java:<init>(172)) - new 2763fbe8-4944-4553-a701-ce9188a4c42e-SegmentedRaftLogWorker:Storage Directory /workdir/hadoop-ozone/integration-test/target/test-dir/MiniOzoneClusterImpl-152e7b22-107a-47df-8119-8865e0ec3973/datanode-2/data/ratis/2819fe9e-04ca-4248-8eb5-7de22a87b5d1 for RaftStorage:Storage Directory /workdir/hadoop-ozone/integration-test/target/test-dir/MiniOzoneClusterImpl-152e7b22-107a-47df-8119-8865e0ec3973/datanode-2/data/ratis/2819fe9e-04ca-4248-8eb5-7de22a87b5d1
2019-09-12 10:42:16,151 [pool-49-thread-1] INFO  server.RaftServerConfigKeys (ConfUtils.java:logGet(43)) - raft.server.log.queue.byte-limit = 2147483647 (custom)
2019-09-12 10:42:16,151 [pool-49-thread-1] INFO  server.RaftServerConfigKeys (ConfUtils.java:logGet(43)) - raft.server.log.queue.element-limit = 1024 (custom)
2019-09-12 10:42:16,152 [pool-49-thread-1] INFO  server.RaftServerConfigKeys (ConfUtils.java:logGet(43)) - raft.server.log.segment.size.max = 1048576 (custom)
2019-09-12 10:42:16,152 [pool-49-thread-1] INFO  server.RaftServerConfigKeys (ConfUtils.java:logGet(43)) - raft.server.log.preallocated.size = 16384 (custom)
2019-09-12 10:42:16,152 [pool-49-thread-1] INFO  server.RaftServerConfigKeys (ConfUtils.java:logGet(43)) - raft.server.log.write.buffer.size = 33554432 (custom)
2019-09-12 10:42:16,152 [pool-49-thread-1] INFO  server.RaftServerConfigKeys (ConfUtils.java:logGet(43)) - raft.server.log.force.sync.num = 128 (default)
2019-09-12 10:42:16,152 [pool-49-thread-1] INFO  server.RaftServerConfigKeys (ConfUtils.java:logGet(43)) - raft.server.log.statemachine.data.sync = true (default)
2019-09-12 10:42:16,153 [pool-49-thread-1] INFO  server.RaftServerConfigKeys (ConfUtils.java:logGet(43)) - raft.server.log.statemachine.data.sync.timeout = 10s (default)
2019-09-12 10:42:16,153 [pool-49-thread-1] INFO  server.RaftServerConfigKeys (ConfUtils.java:logGet(43)) - raft.server.log.statemachine.data.sync.timeout.retry = -1 (default)
2019-09-12 10:42:16,153 [pool-49-thread-1] INFO  server.RaftServerConfigKeys (ConfUtils.java:logGet(43)) - raft.server.log.statemachine.data.caching.enabled = true (custom)
2019-09-12 10:42:16,154 [pool-49-thread-1] INFO  segmented.SegmentedRaftLogWorker (SegmentedRaftLogWorker.java:lambda$new$0(132)) - 2763fbe8-4944-4553-a701-ce9188a4c42e-SegmentedRaftLogWorker:Storage Directory /workdir/hadoop-ozone/integration-test/target/test-dir/MiniOzoneClusterImpl-152e7b22-107a-47df-8119-8865e0ec3973/datanode-2/data/ratis/2819fe9e-04ca-4248-8eb5-7de22a87b5d1: flushIndex: setUnconditionally 0 -> -1
2019-09-12 10:42:16,154 [pool-49-thread-1] INFO  server.RaftServerConfigKeys (ConfUtils.java:logGet(43)) - raft.server.snapshot.auto.trigger.enabled = true (custom)
2019-09-12 10:42:16,154 [pool-49-thread-1] INFO  server.RaftServerConfigKeys (ConfUtils.java:logGet(43)) - raft.server.snapshot.auto.trigger.threshold = 10000 (custom)
2019-09-12 10:42:16,155 [pool-49-thread-1] INFO  server.RaftServerConfigKeys (ConfUtils.java:logGet(43)) - raft.server.retrycache.expirytime = 600000ms (custom)
2019-09-12 10:42:16,155 [pool-49-thread-1] INFO  impl.RaftServerImpl (RaftServerImpl.java:start(180)) - 2763fbe8-4944-4553-a701-ce9188a4c42e: start group-7DE22A87B5D1
2019-09-12 10:42:16,155 [pool-49-thread-1] INFO  impl.RaftServerImpl (RaftServerImpl.java:setRole(171)) - 2763fbe8-4944-4553-a701-ce9188a4c42e:group-7DE22A87B5D1 changes role from null to FOLLOWER at term 0 for startAsFollower
2019-09-12 10:42:16,155 [pool-49-thread-1] INFO  impl.RoleInfo (RoleInfo.java:updateAndGet(143)) - 2763fbe8-4944-4553-a701-ce9188a4c42e: start FollowerState
2019-09-12 10:42:16,156 [pool-49-thread-1] INFO  util.JmxRegister (JmxRegister.java:tryRegister(44)) - Successfully registered JMX Bean with object name Ratis:service=RaftServer,group=group-7DE22A87B5D1,id=2763fbe8-4944-4553-a701-ce9188a4c42e
2019-09-12 10:42:16,164 [RatisPipelineUtilsThread] INFO  pipeline.PipelineStateManager (PipelineStateManager.java:addPipeline(56)) - Created pipeline Pipeline[ Id: 2819fe9e-04ca-4248-8eb5-7de22a87b5d1, Nodes: 2763fbe8-4944-4553-a701-ce9188a4c42e{ip: 192.168.36.114, host: pr-hdds-1569-58hkm-1881083799, networkLocation: /default-rack, certSerialId: null}, Type:RATIS, Factor:ONE, State:OPEN]
2019-09-12 10:42:16,166 [RatisPipelineUtilsThread] ERROR pipeline.PipelinePlacementPolicy (PipelinePlacementPolicy.java:meetCriteria(92)) - Pipeline Placement: Doesn't meet the criteria to be viable node. Heaviness: 6
2019-09-12 10:42:16,166 [RatisPipelineUtilsThread] ERROR pipeline.PipelinePlacementPolicy (PipelinePlacementPolicy.java:meetCriteria(92)) - Pipeline Placement: Doesn't meet the criteria to be viable node. Heaviness: 6
2019-09-12 10:42:16,177 [grpc-default-executor-0] INFO  impl.RaftServerProxy (RaftServerProxy.java:addNew(89)) - 2763fbe8-4944-4553-a701-ce9188a4c42e: addNew group-969F5ABDE4D4:[2763fbe8-4944-4553-a701-ce9188a4c42e:192.168.36.114:40558] returns group-969F5ABDE4D4:java.util.concurrent.CompletableFuture@34ea534e[Not completed]
2019-09-12 10:42:16,179 [pool-49-thread-1] INFO  impl.RaftServerImpl (RaftServerImpl.java:<init>(93)) - 2763fbe8-4944-4553-a701-ce9188a4c42e: new RaftServerImpl for group-969F5ABDE4D4:[2763fbe8-4944-4553-a701-ce9188a4c42e:192.168.36.114:40558] with ContainerStateMachine:uninitialized
2019-09-12 10:42:16,179 [pool-49-thread-1] INFO  server.RaftServerConfigKeys (ConfUtils.java:logGet(43)) - raft.server.rpc.timeout.min = 5s (custom)
2019-09-12 10:42:16,179 [pool-49-thread-1] INFO  server.RaftServerConfigKeys (ConfUtils.java:logGet(43)) - raft.server.rpc.timeout.max = 5200ms (custom)
2019-09-12 10:42:16,179 [pool-49-thread-1] INFO  server.RaftServerConfigKeys (ConfUtils.java:logGet(43)) - raft.server.rpcslowness.timeout = 120s (custom)
2019-09-12 10:42:16,179 [pool-49-thread-1] INFO  server.RaftServerConfigKeys (ConfUtils.java:logGet(43)) - raft.server.sleep.deviation.threshold = 300 (default)
2019-09-12 10:42:16,180 [pool-49-thread-1] INFO  server.RaftServerConfigKeys (ConfUtils.java:logGet(43)) - raft.server.log.appender.install.snapshot.enabled = false (custom)
2019-09-12 10:42:16,180 [pool-49-thread-1] INFO  impl.RaftServerImpl (ServerState.java:<init>(105)) - 2763fbe8-4944-4553-a701-ce9188a4c42e:group-969F5ABDE4D4 ConfigurationManager, init=-1: [2763fbe8-4944-4553-a701-ce9188a4c42e:192.168.36.114:40558], old=null, confs=<EMPTY_MAP>
2019-09-12 10:42:16,180 [pool-49-thread-1] INFO  server.RaftServerConfigKeys (ConfUtils.java:logGet(43)) - raft.server.storage.dir = [/workdir/hadoop-ozone/integration-test/target/test-dir/MiniOzoneClusterImpl-152e7b22-107a-47df-8119-8865e0ec3973/datanode-2/data/ratis] (custom)
2019-09-12 10:42:16,180 [pool-49-thread-1] INFO  storage.RaftStorageDirectory (RaftStorageDirectory.java:analyzeStorage(246)) - The storage directory /workdir/hadoop-ozone/integration-test/target/test-dir/MiniOzoneClusterImpl-152e7b22-107a-47df-8119-8865e0ec3973/datanode-2/data/ratis/20fc82fa-73a7-4bc9-bcb1-969f5abde4d4 does not exist. Creating ...
2019-09-12 10:42:16,205 [pool-49-thread-1] INFO  storage.RaftStorageDirectory (RaftStorageDirectory.java:tryLock(328)) - Lock on /workdir/hadoop-ozone/integration-test/target/test-dir/MiniOzoneClusterImpl-152e7b22-107a-47df-8119-8865e0ec3973/datanode-2/data/ratis/20fc82fa-73a7-4bc9-bcb1-969f5abde4d4/in_use.lock acquired by nodename 23915@pr-hdds-1569-58hkm-1881083799
2019-09-12 10:42:16,218 [pool-49-thread-1] INFO  storage.RaftStorage (RaftStorage.java:format(72)) - Storage directory /workdir/hadoop-ozone/integration-test/target/test-dir/MiniOzoneClusterImpl-152e7b22-107a-47df-8119-8865e0ec3973/datanode-2/data/ratis/20fc82fa-73a7-4bc9-bcb1-969f5abde4d4 has been successfully formatted.
2019-09-12 10:42:16,219 [pool-49-thread-1] INFO  ratis.ContainerStateMachine (ContainerStateMachine.java:loadSnapshot(226)) - group-969F5ABDE4D4: The snapshot info is null. Setting the last applied indexto:(t:0, i:~)
2019-09-12 10:42:16,219 [pool-49-thread-1] INFO  server.RaftServerConfigKeys (ConfUtils.java:logGet(43)) - raft.server.leader.election.timeout = 120s (custom)
2019-09-12 10:42:16,219 [pool-49-thread-1] INFO  server.RaftServerConfigKeys (ConfUtils.java:logGet(43)) - raft.server.log.use.memory = false (default)
2019-09-12 10:42:16,219 [pool-49-thread-1] INFO  server.RaftServerConfigKeys (ConfUtils.java:logGet(43)) - raft.server.log.purge.gap = 1000000 (custom)
2019-09-12 10:42:16,219 [pool-49-thread-1] INFO  server.RaftServerConfigKeys (ConfUtils.java:logGet(43)) - raft.server.log.appender.buffer.byte-limit = 33554432 (custom)
2019-09-12 10:42:16,220 [pool-49-thread-1] INFO  server.RaftServerConfigKeys (ConfUtils.java:logGet(43)) - raft.server.log.segment.size.max = 1048576 (custom)
2019-09-12 10:42:16,220 [pool-49-thread-1] INFO  server.RaftServerConfigKeys (ConfUtils.java:logGet(43)) - raft.server.log.segment.cache.num.max = 2 (custom)
2019-09-12 10:42:16,220 [pool-49-thread-1] INFO  segmented.SegmentedRaftLogWorker (SegmentedRaftLogWorker.java:<init>(172)) - new 2763fbe8-4944-4553-a701-ce9188a4c42e-SegmentedRaftLogWorker:Storage Directory /workdir/hadoop-ozone/integration-test/target/test-dir/MiniOzoneClusterImpl-152e7b22-107a-47df-8119-8865e0ec3973/datanode-2/data/ratis/20fc82fa-73a7-4bc9-bcb1-969f5abde4d4 for RaftStorage:Storage Directory /workdir/hadoop-ozone/integration-test/target/test-dir/MiniOzoneClusterImpl-152e7b22-107a-47df-8119-8865e0ec3973/datanode-2/data/ratis/20fc82fa-73a7-4bc9-bcb1-969f5abde4d4
2019-09-12 10:42:16,220 [pool-49-thread-1] INFO  server.RaftServerConfigKeys (ConfUtils.java:logGet(43)) - raft.server.log.queue.byte-limit = 2147483647 (custom)
2019-09-12 10:42:16,220 [pool-49-thread-1] INFO  server.RaftServerConfigKeys (ConfUtils.java:logGet(43)) - raft.server.log.queue.element-limit = 1024 (custom)
2019-09-12 10:42:16,220 [pool-49-thread-1] INFO  server.RaftServerConfigKeys (ConfUtils.java:logGet(43)) - raft.server.log.segment.size.max = 1048576 (custom)
2019-09-12 10:42:16,221 [pool-49-thread-1] INFO  server.RaftServerConfigKeys (ConfUtils.java:logGet(43)) - raft.server.log.preallocated.size = 16384 (custom)
2019-09-12 10:42:16,221 [pool-49-thread-1] INFO  server.RaftServerConfigKeys (ConfUtils.java:logGet(43)) - raft.server.log.write.buffer.size = 33554432 (custom)
2019-09-12 10:42:16,221 [pool-49-thread-1] INFO  server.RaftServerConfigKeys (ConfUtils.java:logGet(43)) - raft.server.log.force.sync.num = 128 (default)
2019-09-12 10:42:16,221 [pool-49-thread-1] INFO  server.RaftServerConfigKeys (ConfUtils.java:logGet(43)) - raft.server.log.statemachine.data.sync = true (default)
2019-09-12 10:42:16,221 [pool-49-thread-1] INFO  server.RaftServerConfigKeys (ConfUtils.java:logGet(43)) - raft.server.log.statemachine.data.sync.timeout = 10s (default)
2019-09-12 10:42:16,222 [pool-49-thread-1] INFO  server.RaftServerConfigKeys (ConfUtils.java:logGet(43)) - raft.server.log.statemachine.data.sync.timeout.retry = -1 (default)
2019-09-12 10:42:16,222 [pool-49-thread-1] INFO  server.RaftServerConfigKeys (ConfUtils.java:logGet(43)) - raft.server.log.statemachine.data.caching.enabled = true (custom)
2019-09-12 10:42:16,222 [pool-49-thread-1] INFO  segmented.SegmentedRaftLogWorker (SegmentedRaftLogWorker.java:lambda$new$0(132)) - 2763fbe8-4944-4553-a701-ce9188a4c42e-SegmentedRaftLogWorker:Storage Directory /workdir/hadoop-ozone/integration-test/target/test-dir/MiniOzoneClusterImpl-152e7b22-107a-47df-8119-8865e0ec3973/datanode-2/data/ratis/20fc82fa-73a7-4bc9-bcb1-969f5abde4d4: flushIndex: setUnconditionally 0 -> -1
2019-09-12 10:42:16,223 [pool-49-thread-1] INFO  server.RaftServerConfigKeys (ConfUtils.java:logGet(43)) - raft.server.snapshot.auto.trigger.enabled = true (custom)
2019-09-12 10:42:16,223 [pool-49-thread-1] INFO  server.RaftServerConfigKeys (ConfUtils.java:logGet(43)) - raft.server.snapshot.auto.trigger.threshold = 10000 (custom)
2019-09-12 10:42:16,223 [pool-49-thread-1] INFO  server.RaftServerConfigKeys (ConfUtils.java:logGet(43)) - raft.server.retrycache.expirytime = 600000ms (custom)
2019-09-12 10:42:16,223 [pool-49-thread-1] INFO  impl.RaftServerImpl (RaftServerImpl.java:start(180)) - 2763fbe8-4944-4553-a701-ce9188a4c42e: start group-969F5ABDE4D4
2019-09-12 10:42:16,224 [pool-49-thread-1] INFO  impl.RaftServerImpl (RaftServerImpl.java:setRole(171)) - 2763fbe8-4944-4553-a701-ce9188a4c42e:group-969F5ABDE4D4 changes role from null to FOLLOWER at term 0 for startAsFollower
2019-09-12 10:42:16,224 [pool-49-thread-1] INFO  impl.RoleInfo (RoleInfo.java:updateAndGet(143)) - 2763fbe8-4944-4553-a701-ce9188a4c42e: start FollowerState
2019-09-12 10:42:16,224 [pool-49-thread-1] INFO  util.JmxRegister (JmxRegister.java:tryRegister(44)) - Successfully registered JMX Bean with object name Ratis:service=RaftServer,group=group-969F5ABDE4D4,id=2763fbe8-4944-4553-a701-ce9188a4c42e
2019-09-12 10:42:16,233 [RatisPipelineUtilsThread] INFO  pipeline.PipelineStateManager (PipelineStateManager.java:addPipeline(56)) - Created pipeline Pipeline[ Id: 20fc82fa-73a7-4bc9-bcb1-969f5abde4d4, Nodes: 2763fbe8-4944-4553-a701-ce9188a4c42e{ip: 192.168.36.114, host: pr-hdds-1569-58hkm-1881083799, networkLocation: /default-rack, certSerialId: null}, Type:RATIS, Factor:ONE, State:OPEN]
2019-09-12 10:42:16,234 [RatisPipelineUtilsThread] ERROR pipeline.PipelinePlacementPolicy (PipelinePlacementPolicy.java:meetCriteria(92)) - Pipeline Placement: Doesn't meet the criteria to be viable node. Heaviness: 6
2019-09-12 10:42:16,235 [RatisPipelineUtilsThread] ERROR pipeline.PipelinePlacementPolicy (PipelinePlacementPolicy.java:meetCriteria(92)) - Pipeline Placement: Doesn't meet the criteria to be viable node. Heaviness: 6
2019-09-12 10:42:16,237 | INFO  | SCMAudit | user=jenkins1000 | ip=192.168.36.114 | op=SEND_HEARTBEAT {datanodeUUID=83afca36-bc46-4fa0-b00b-f7c85a4fa46c, command=[]} | ret=SUCCESS |  
2019-09-12 10:42:16,248 [grpc-default-executor-0] INFO  impl.RaftServerProxy (RaftServerProxy.java:addNew(89)) - 2763fbe8-4944-4553-a701-ce9188a4c42e: addNew group-779C826DFE2E:[2763fbe8-4944-4553-a701-ce9188a4c42e:192.168.36.114:40558] returns group-779C826DFE2E:java.util.concurrent.CompletableFuture@7af61b79[Not completed]
2019-09-12 10:42:16,249 [pool-49-thread-1] INFO  impl.RaftServerImpl (RaftServerImpl.java:<init>(93)) - 2763fbe8-4944-4553-a701-ce9188a4c42e: new RaftServerImpl for group-779C826DFE2E:[2763fbe8-4944-4553-a701-ce9188a4c42e:192.168.36.114:40558] with ContainerStateMachine:uninitialized
2019-09-12 10:42:16,250 [pool-49-thread-1] INFO  server.RaftServerConfigKeys (ConfUtils.java:logGet(43)) - raft.server.rpc.timeout.min = 5s (custom)
2019-09-12 10:42:16,250 [pool-49-thread-1] INFO  server.RaftServerConfigKeys (ConfUtils.java:logGet(43)) - raft.server.rpc.timeout.max = 5200ms (custom)
2019-09-12 10:42:16,250 [pool-49-thread-1] INFO  server.RaftServerConfigKeys (ConfUtils.java:logGet(43)) - raft.server.rpcslowness.timeout = 120s (custom)
2019-09-12 10:42:16,250 [pool-49-thread-1] INFO  server.RaftServerConfigKeys (ConfUtils.java:logGet(43)) - raft.server.sleep.deviation.threshold = 300 (default)
2019-09-12 10:42:16,250 [pool-49-thread-1] INFO  server.RaftServerConfigKeys (ConfUtils.java:logGet(43)) - raft.server.log.appender.install.snapshot.enabled = false (custom)
2019-09-12 10:42:16,251 [pool-49-thread-1] INFO  impl.RaftServerImpl (ServerState.java:<init>(105)) - 2763fbe8-4944-4553-a701-ce9188a4c42e:group-779C826DFE2E ConfigurationManager, init=-1: [2763fbe8-4944-4553-a701-ce9188a4c42e:192.168.36.114:40558], old=null, confs=<EMPTY_MAP>
2019-09-12 10:42:16,251 [pool-49-thread-1] INFO  server.RaftServerConfigKeys (ConfUtils.java:logGet(43)) - raft.server.storage.dir = [/workdir/hadoop-ozone/integration-test/target/test-dir/MiniOzoneClusterImpl-152e7b22-107a-47df-8119-8865e0ec3973/datanode-2/data/ratis] (custom)
2019-09-12 10:42:16,251 [pool-49-thread-1] INFO  storage.RaftStorageDirectory (RaftStorageDirectory.java:analyzeStorage(246)) - The storage directory /workdir/hadoop-ozone/integration-test/target/test-dir/MiniOzoneClusterImpl-152e7b22-107a-47df-8119-8865e0ec3973/datanode-2/data/ratis/148ad1d6-b462-4b5b-86c8-779c826dfe2e does not exist. Creating ...
2019-09-12 10:42:16,264 [pool-49-thread-1] INFO  storage.RaftStorageDirectory (RaftStorageDirectory.java:tryLock(328)) - Lock on /workdir/hadoop-ozone/integration-test/target/test-dir/MiniOzoneClusterImpl-152e7b22-107a-47df-8119-8865e0ec3973/datanode-2/data/ratis/148ad1d6-b462-4b5b-86c8-779c826dfe2e/in_use.lock acquired by nodename 23915@pr-hdds-1569-58hkm-1881083799
2019-09-12 10:42:16,278 [pool-49-thread-1] INFO  storage.RaftStorage (RaftStorage.java:format(72)) - Storage directory /workdir/hadoop-ozone/integration-test/target/test-dir/MiniOzoneClusterImpl-152e7b22-107a-47df-8119-8865e0ec3973/datanode-2/data/ratis/148ad1d6-b462-4b5b-86c8-779c826dfe2e has been successfully formatted.
2019-09-12 10:42:16,278 [pool-49-thread-1] INFO  ratis.ContainerStateMachine (ContainerStateMachine.java:loadSnapshot(226)) - group-779C826DFE2E: The snapshot info is null. Setting the last applied indexto:(t:0, i:~)
2019-09-12 10:42:16,278 [pool-49-thread-1] INFO  server.RaftServerConfigKeys (ConfUtils.java:logGet(43)) - raft.server.leader.election.timeout = 120s (custom)
2019-09-12 10:42:16,279 [pool-49-thread-1] INFO  server.RaftServerConfigKeys (ConfUtils.java:logGet(43)) - raft.server.log.use.memory = false (default)
2019-09-12 10:42:16,279 [pool-49-thread-1] INFO  server.RaftServerConfigKeys (ConfUtils.java:logGet(43)) - raft.server.log.purge.gap = 1000000 (custom)
2019-09-12 10:42:16,279 [pool-49-thread-1] INFO  server.RaftServerConfigKeys (ConfUtils.java:logGet(43)) - raft.server.log.appender.buffer.byte-limit = 33554432 (custom)
2019-09-12 10:42:16,279 [pool-49-thread-1] INFO  server.RaftServerConfigKeys (ConfUtils.java:logGet(43)) - raft.server.log.segment.size.max = 1048576 (custom)
2019-09-12 10:42:16,279 [pool-49-thread-1] INFO  server.RaftServerConfigKeys (ConfUtils.java:logGet(43)) - raft.server.log.segment.cache.num.max = 2 (custom)
2019-09-12 10:42:16,280 [pool-49-thread-1] INFO  segmented.SegmentedRaftLogWorker (SegmentedRaftLogWorker.java:<init>(172)) - new 2763fbe8-4944-4553-a701-ce9188a4c42e-SegmentedRaftLogWorker:Storage Directory /workdir/hadoop-ozone/integration-test/target/test-dir/MiniOzoneClusterImpl-152e7b22-107a-47df-8119-8865e0ec3973/datanode-2/data/ratis/148ad1d6-b462-4b5b-86c8-779c826dfe2e for RaftStorage:Storage Directory /workdir/hadoop-ozone/integration-test/target/test-dir/MiniOzoneClusterImpl-152e7b22-107a-47df-8119-8865e0ec3973/datanode-2/data/ratis/148ad1d6-b462-4b5b-86c8-779c826dfe2e
2019-09-12 10:42:16,280 [pool-49-thread-1] INFO  server.RaftServerConfigKeys (ConfUtils.java:logGet(43)) - raft.server.log.queue.byte-limit = 2147483647 (custom)
2019-09-12 10:42:16,280 [pool-49-thread-1] INFO  server.RaftServerConfigKeys (ConfUtils.java:logGet(43)) - raft.server.log.queue.element-limit = 1024 (custom)
2019-09-12 10:42:16,280 [pool-49-thread-1] INFO  server.RaftServerConfigKeys (ConfUtils.java:logGet(43)) - raft.server.log.segment.size.max = 1048576 (custom)
2019-09-12 10:42:16,280 [pool-49-thread-1] INFO  server.RaftServerConfigKeys (ConfUtils.java:logGet(43)) - raft.server.log.preallocated.size = 16384 (custom)
2019-09-12 10:42:16,281 [pool-49-thread-1] INFO  server.RaftServerConfigKeys (ConfUtils.java:logGet(43)) - raft.server.log.write.buffer.size = 33554432 (custom)
2019-09-12 10:42:16,281 [pool-49-thread-1] INFO  server.RaftServerConfigKeys (ConfUtils.java:logGet(43)) - raft.server.log.force.sync.num = 128 (default)
2019-09-12 10:42:16,281 [pool-49-thread-1] INFO  server.RaftServerConfigKeys (ConfUtils.java:logGet(43)) - raft.server.log.statemachine.data.sync = true (default)
2019-09-12 10:42:16,281 [pool-49-thread-1] INFO  server.RaftServerConfigKeys (ConfUtils.java:logGet(43)) - raft.server.log.statemachine.data.sync.timeout = 10s (default)
2019-09-12 10:42:16,281 [pool-49-thread-1] INFO  server.RaftServerConfigKeys (ConfUtils.java:logGet(43)) - raft.server.log.statemachine.data.sync.timeout.retry = -1 (default)
2019-09-12 10:42:16,282 [pool-49-thread-1] INFO  server.RaftServerConfigKeys (ConfUtils.java:logGet(43)) - raft.server.log.statemachine.data.caching.enabled = true (custom)
2019-09-12 10:42:16,282 [pool-49-thread-1] INFO  segmented.SegmentedRaftLogWorker (SegmentedRaftLogWorker.java:lambda$new$0(132)) - 2763fbe8-4944-4553-a701-ce9188a4c42e-SegmentedRaftLogWorker:Storage Directory /workdir/hadoop-ozone/integration-test/target/test-dir/MiniOzoneClusterImpl-152e7b22-107a-47df-8119-8865e0ec3973/datanode-2/data/ratis/148ad1d6-b462-4b5b-86c8-779c826dfe2e: flushIndex: setUnconditionally 0 -> -1
2019-09-12 10:42:16,282 [pool-49-thread-1] INFO  server.RaftServerConfigKeys (ConfUtils.java:logGet(43)) - raft.server.snapshot.auto.trigger.enabled = true (custom)
2019-09-12 10:42:16,283 [pool-49-thread-1] INFO  server.RaftServerConfigKeys (ConfUtils.java:logGet(43)) - raft.server.snapshot.auto.trigger.threshold = 10000 (custom)
2019-09-12 10:42:16,283 [pool-49-thread-1] INFO  server.RaftServerConfigKeys (ConfUtils.java:logGet(43)) - raft.server.retrycache.expirytime = 600000ms (custom)
2019-09-12 10:42:16,283 [pool-49-thread-1] INFO  impl.RaftServerImpl (RaftServerImpl.java:start(180)) - 2763fbe8-4944-4553-a701-ce9188a4c42e: start group-779C826DFE2E
2019-09-12 10:42:16,283 [pool-49-thread-1] INFO  impl.RaftServerImpl (RaftServerImpl.java:setRole(171)) - 2763fbe8-4944-4553-a701-ce9188a4c42e:group-779C826DFE2E changes role from null to FOLLOWER at term 0 for startAsFollower
2019-09-12 10:42:16,284 [pool-49-thread-1] INFO  impl.RoleInfo (RoleInfo.java:updateAndGet(143)) - 2763fbe8-4944-4553-a701-ce9188a4c42e: start FollowerState
2019-09-12 10:42:16,284 [pool-49-thread-1] INFO  util.JmxRegister (JmxRegister.java:tryRegister(44)) - Successfully registered JMX Bean with object name Ratis:service=RaftServer,group=group-779C826DFE2E,id=2763fbe8-4944-4553-a701-ce9188a4c42e
2019-09-12 10:42:16,289 [RatisPipelineUtilsThread] INFO  pipeline.PipelineStateManager (PipelineStateManager.java:addPipeline(56)) - Created pipeline Pipeline[ Id: 148ad1d6-b462-4b5b-86c8-779c826dfe2e, Nodes: 2763fbe8-4944-4553-a701-ce9188a4c42e{ip: 192.168.36.114, host: pr-hdds-1569-58hkm-1881083799, networkLocation: /default-rack, certSerialId: null}, Type:RATIS, Factor:ONE, State:OPEN]
2019-09-12 10:42:16,291 [RatisPipelineUtilsThread] ERROR pipeline.PipelinePlacementPolicy (PipelinePlacementPolicy.java:meetCriteria(92)) - Pipeline Placement: Doesn't meet the criteria to be viable node. Heaviness: 6
2019-09-12 10:42:16,291 [RatisPipelineUtilsThread] ERROR pipeline.PipelinePlacementPolicy (PipelinePlacementPolicy.java:meetCriteria(92)) - Pipeline Placement: Doesn't meet the criteria to be viable node. Heaviness: 6
2019-09-12 10:42:16,305 [grpc-default-executor-0] INFO  impl.RaftServerProxy (RaftServerProxy.java:addNew(89)) - 2763fbe8-4944-4553-a701-ce9188a4c42e: addNew group-348130B7F529:[2763fbe8-4944-4553-a701-ce9188a4c42e:192.168.36.114:40558] returns group-348130B7F529:java.util.concurrent.CompletableFuture@4d382262[Not completed]
2019-09-12 10:42:16,307 [pool-49-thread-1] INFO  impl.RaftServerImpl (RaftServerImpl.java:<init>(93)) - 2763fbe8-4944-4553-a701-ce9188a4c42e: new RaftServerImpl for group-348130B7F529:[2763fbe8-4944-4553-a701-ce9188a4c42e:192.168.36.114:40558] with ContainerStateMachine:uninitialized
2019-09-12 10:42:16,307 [pool-49-thread-1] INFO  server.RaftServerConfigKeys (ConfUtils.java:logGet(43)) - raft.server.rpc.timeout.min = 5s (custom)
2019-09-12 10:42:16,307 [pool-49-thread-1] INFO  server.RaftServerConfigKeys (ConfUtils.java:logGet(43)) - raft.server.rpc.timeout.max = 5200ms (custom)
2019-09-12 10:42:16,307 [pool-49-thread-1] INFO  server.RaftServerConfigKeys (ConfUtils.java:logGet(43)) - raft.server.rpcslowness.timeout = 120s (custom)
2019-09-12 10:42:16,307 [pool-49-thread-1] INFO  server.RaftServerConfigKeys (ConfUtils.java:logGet(43)) - raft.server.sleep.deviation.threshold = 300 (default)
2019-09-12 10:42:16,308 [pool-49-thread-1] INFO  server.RaftServerConfigKeys (ConfUtils.java:logGet(43)) - raft.server.log.appender.install.snapshot.enabled = false (custom)
2019-09-12 10:42:16,308 [pool-49-thread-1] INFO  impl.RaftServerImpl (ServerState.java:<init>(105)) - 2763fbe8-4944-4553-a701-ce9188a4c42e:group-348130B7F529 ConfigurationManager, init=-1: [2763fbe8-4944-4553-a701-ce9188a4c42e:192.168.36.114:40558], old=null, confs=<EMPTY_MAP>
2019-09-12 10:42:16,308 [pool-49-thread-1] INFO  server.RaftServerConfigKeys (ConfUtils.java:logGet(43)) - raft.server.storage.dir = [/workdir/hadoop-ozone/integration-test/target/test-dir/MiniOzoneClusterImpl-152e7b22-107a-47df-8119-8865e0ec3973/datanode-2/data/ratis] (custom)
2019-09-12 10:42:16,308 [pool-49-thread-1] INFO  storage.RaftStorageDirectory (RaftStorageDirectory.java:analyzeStorage(246)) - The storage directory /workdir/hadoop-ozone/integration-test/target/test-dir/MiniOzoneClusterImpl-152e7b22-107a-47df-8119-8865e0ec3973/datanode-2/data/ratis/fced1711-7796-4edf-b80d-348130b7f529 does not exist. Creating ...
2019-09-12 10:42:16,321 [pool-49-thread-1] INFO  storage.RaftStorageDirectory (RaftStorageDirectory.java:tryLock(328)) - Lock on /workdir/hadoop-ozone/integration-test/target/test-dir/MiniOzoneClusterImpl-152e7b22-107a-47df-8119-8865e0ec3973/datanode-2/data/ratis/fced1711-7796-4edf-b80d-348130b7f529/in_use.lock acquired by nodename 23915@pr-hdds-1569-58hkm-1881083799
2019-09-12 10:42:16,334 [pool-49-thread-1] INFO  storage.RaftStorage (RaftStorage.java:format(72)) - Storage directory /workdir/hadoop-ozone/integration-test/target/test-dir/MiniOzoneClusterImpl-152e7b22-107a-47df-8119-8865e0ec3973/datanode-2/data/ratis/fced1711-7796-4edf-b80d-348130b7f529 has been successfully formatted.
2019-09-12 10:42:16,335 [pool-49-thread-1] INFO  ratis.ContainerStateMachine (ContainerStateMachine.java:loadSnapshot(226)) - group-348130B7F529: The snapshot info is null. Setting the last applied indexto:(t:0, i:~)
2019-09-12 10:42:16,335 [pool-49-thread-1] INFO  server.RaftServerConfigKeys (ConfUtils.java:logGet(43)) - raft.server.leader.election.timeout = 120s (custom)
2019-09-12 10:42:16,335 [pool-49-thread-1] INFO  server.RaftServerConfigKeys (ConfUtils.java:logGet(43)) - raft.server.log.use.memory = false (default)
2019-09-12 10:42:16,335 [pool-49-thread-1] INFO  server.RaftServerConfigKeys (ConfUtils.java:logGet(43)) - raft.server.log.purge.gap = 1000000 (custom)
2019-09-12 10:42:16,336 [pool-49-thread-1] INFO  server.RaftServerConfigKeys (ConfUtils.java:logGet(43)) - raft.server.log.appender.buffer.byte-limit = 33554432 (custom)
2019-09-12 10:42:16,336 [pool-49-thread-1] INFO  server.RaftServerConfigKeys (ConfUtils.java:logGet(43)) - raft.server.log.segment.size.max = 1048576 (custom)
2019-09-12 10:42:16,336 [pool-49-thread-1] INFO  server.RaftServerConfigKeys (ConfUtils.java:logGet(43)) - raft.server.log.segment.cache.num.max = 2 (custom)
2019-09-12 10:42:16,336 [pool-49-thread-1] INFO  segmented.SegmentedRaftLogWorker (SegmentedRaftLogWorker.java:<init>(172)) - new 2763fbe8-4944-4553-a701-ce9188a4c42e-SegmentedRaftLogWorker:Storage Directory /workdir/hadoop-ozone/integration-test/target/test-dir/MiniOzoneClusterImpl-152e7b22-107a-47df-8119-8865e0ec3973/datanode-2/data/ratis/fced1711-7796-4edf-b80d-348130b7f529 for RaftStorage:Storage Directory /workdir/hadoop-ozone/integration-test/target/test-dir/MiniOzoneClusterImpl-152e7b22-107a-47df-8119-8865e0ec3973/datanode-2/data/ratis/fced1711-7796-4edf-b80d-348130b7f529
2019-09-12 10:42:16,336 [pool-49-thread-1] INFO  server.RaftServerConfigKeys (ConfUtils.java:logGet(43)) - raft.server.log.queue.byte-limit = 2147483647 (custom)
2019-09-12 10:42:16,337 [pool-49-thread-1] INFO  server.RaftServerConfigKeys (ConfUtils.java:logGet(43)) - raft.server.log.queue.element-limit = 1024 (custom)
2019-09-12 10:42:16,337 [pool-49-thread-1] INFO  server.RaftServerConfigKeys (ConfUtils.java:logGet(43)) - raft.server.log.segment.size.max = 1048576 (custom)
2019-09-12 10:42:16,337 [pool-49-thread-1] INFO  server.RaftServerConfigKeys (ConfUtils.java:logGet(43)) - raft.server.log.preallocated.size = 16384 (custom)
2019-09-12 10:42:16,337 [pool-49-thread-1] INFO  server.RaftServerConfigKeys (ConfUtils.java:logGet(43)) - raft.server.log.write.buffer.size = 33554432 (custom)
2019-09-12 10:42:16,337 [pool-49-thread-1] INFO  server.RaftServerConfigKeys (ConfUtils.java:logGet(43)) - raft.server.log.force.sync.num = 128 (default)
2019-09-12 10:42:16,337 [pool-49-thread-1] INFO  server.RaftServerConfigKeys (ConfUtils.java:logGet(43)) - raft.server.log.statemachine.data.sync = true (default)
2019-09-12 10:42:16,338 [pool-49-thread-1] INFO  server.RaftServerConfigKeys (ConfUtils.java:logGet(43)) - raft.server.log.statemachine.data.sync.timeout = 10s (default)
2019-09-12 10:42:16,338 [pool-49-thread-1] INFO  server.RaftServerConfigKeys (ConfUtils.java:logGet(43)) - raft.server.log.statemachine.data.sync.timeout.retry = -1 (default)
2019-09-12 10:42:16,338 [pool-49-thread-1] INFO  server.RaftServerConfigKeys (ConfUtils.java:logGet(43)) - raft.server.log.statemachine.data.caching.enabled = true (custom)
2019-09-12 10:42:16,339 [pool-49-thread-1] INFO  segmented.SegmentedRaftLogWorker (SegmentedRaftLogWorker.java:lambda$new$0(132)) - 2763fbe8-4944-4553-a701-ce9188a4c42e-SegmentedRaftLogWorker:Storage Directory /workdir/hadoop-ozone/integration-test/target/test-dir/MiniOzoneClusterImpl-152e7b22-107a-47df-8119-8865e0ec3973/datanode-2/data/ratis/fced1711-7796-4edf-b80d-348130b7f529: flushIndex: setUnconditionally 0 -> -1
2019-09-12 10:42:16,339 [pool-49-thread-1] INFO  server.RaftServerConfigKeys (ConfUtils.java:logGet(43)) - raft.server.snapshot.auto.trigger.enabled = true (custom)
2019-09-12 10:42:16,339 [pool-49-thread-1] INFO  server.RaftServerConfigKeys (ConfUtils.java:logGet(43)) - raft.server.snapshot.auto.trigger.threshold = 10000 (custom)
2019-09-12 10:42:16,340 [pool-49-thread-1] INFO  server.RaftServerConfigKeys (ConfUtils.java:logGet(43)) - raft.server.retrycache.expirytime = 600000ms (custom)
2019-09-12 10:42:16,340 [pool-49-thread-1] INFO  impl.RaftServerImpl (RaftServerImpl.java:start(180)) - 2763fbe8-4944-4553-a701-ce9188a4c42e: start group-348130B7F529
2019-09-12 10:42:16,340 [pool-49-thread-1] INFO  impl.RaftServerImpl (RaftServerImpl.java:setRole(171)) - 2763fbe8-4944-4553-a701-ce9188a4c42e:group-348130B7F529 changes role from null to FOLLOWER at term 0 for startAsFollower
2019-09-12 10:42:16,340 [pool-49-thread-1] INFO  impl.RoleInfo (RoleInfo.java:updateAndGet(143)) - 2763fbe8-4944-4553-a701-ce9188a4c42e: start FollowerState
2019-09-12 10:42:16,341 [pool-49-thread-1] INFO  util.JmxRegister (JmxRegister.java:tryRegister(44)) - Successfully registered JMX Bean with object name Ratis:service=RaftServer,group=group-348130B7F529,id=2763fbe8-4944-4553-a701-ce9188a4c42e
2019-09-12 10:42:16,347 [RatisPipelineUtilsThread] INFO  pipeline.PipelineStateManager (PipelineStateManager.java:addPipeline(56)) - Created pipeline Pipeline[ Id: fced1711-7796-4edf-b80d-348130b7f529, Nodes: 2763fbe8-4944-4553-a701-ce9188a4c42e{ip: 192.168.36.114, host: pr-hdds-1569-58hkm-1881083799, networkLocation: /default-rack, certSerialId: null}, Type:RATIS, Factor:ONE, State:OPEN]
2019-09-12 10:42:16,349 [RatisPipelineUtilsThread] ERROR pipeline.PipelinePlacementPolicy (PipelinePlacementPolicy.java:meetCriteria(92)) - Pipeline Placement: Doesn't meet the criteria to be viable node. Heaviness: 6
2019-09-12 10:42:16,349 [RatisPipelineUtilsThread] ERROR pipeline.PipelinePlacementPolicy (PipelinePlacementPolicy.java:meetCriteria(92)) - Pipeline Placement: Doesn't meet the criteria to be viable node. Heaviness: 6
2019-09-12 10:42:16,366 [grpc-default-executor-0] INFO  impl.RaftServerProxy (RaftServerProxy.java:addNew(89)) - 2763fbe8-4944-4553-a701-ce9188a4c42e: addNew group-200314C9001D:[2763fbe8-4944-4553-a701-ce9188a4c42e:192.168.36.114:40558] returns group-200314C9001D:java.util.concurrent.CompletableFuture@19afb848[Not completed]
2019-09-12 10:42:16,368 [pool-49-thread-1] INFO  impl.RaftServerImpl (RaftServerImpl.java:<init>(93)) - 2763fbe8-4944-4553-a701-ce9188a4c42e: new RaftServerImpl for group-200314C9001D:[2763fbe8-4944-4553-a701-ce9188a4c42e:192.168.36.114:40558] with ContainerStateMachine:uninitialized
2019-09-12 10:42:16,369 [pool-49-thread-1] INFO  server.RaftServerConfigKeys (ConfUtils.java:logGet(43)) - raft.server.rpc.timeout.min = 5s (custom)
2019-09-12 10:42:16,369 [pool-49-thread-1] INFO  server.RaftServerConfigKeys (ConfUtils.java:logGet(43)) - raft.server.rpc.timeout.max = 5200ms (custom)
2019-09-12 10:42:16,369 [pool-49-thread-1] INFO  server.RaftServerConfigKeys (ConfUtils.java:logGet(43)) - raft.server.rpcslowness.timeout = 120s (custom)
2019-09-12 10:42:16,369 [pool-49-thread-1] INFO  server.RaftServerConfigKeys (ConfUtils.java:logGet(43)) - raft.server.sleep.deviation.threshold = 300 (default)
2019-09-12 10:42:16,369 [pool-49-thread-1] INFO  server.RaftServerConfigKeys (ConfUtils.java:logGet(43)) - raft.server.log.appender.install.snapshot.enabled = false (custom)
2019-09-12 10:42:16,370 [pool-49-thread-1] INFO  impl.RaftServerImpl (ServerState.java:<init>(105)) - 2763fbe8-4944-4553-a701-ce9188a4c42e:group-200314C9001D ConfigurationManager, init=-1: [2763fbe8-4944-4553-a701-ce9188a4c42e:192.168.36.114:40558], old=null, confs=<EMPTY_MAP>
2019-09-12 10:42:16,370 [pool-49-thread-1] INFO  server.RaftServerConfigKeys (ConfUtils.java:logGet(43)) - raft.server.storage.dir = [/workdir/hadoop-ozone/integration-test/target/test-dir/MiniOzoneClusterImpl-152e7b22-107a-47df-8119-8865e0ec3973/datanode-2/data/ratis] (custom)
2019-09-12 10:42:16,370 [pool-49-thread-1] INFO  storage.RaftStorageDirectory (RaftStorageDirectory.java:analyzeStorage(246)) - The storage directory /workdir/hadoop-ozone/integration-test/target/test-dir/MiniOzoneClusterImpl-152e7b22-107a-47df-8119-8865e0ec3973/datanode-2/data/ratis/d24998a4-12db-4fd1-aeff-200314c9001d does not exist. Creating ...
2019-09-12 10:42:16,383 [pool-49-thread-1] INFO  storage.RaftStorageDirectory (RaftStorageDirectory.java:tryLock(328)) - Lock on /workdir/hadoop-ozone/integration-test/target/test-dir/MiniOzoneClusterImpl-152e7b22-107a-47df-8119-8865e0ec3973/datanode-2/data/ratis/d24998a4-12db-4fd1-aeff-200314c9001d/in_use.lock acquired by nodename 23915@pr-hdds-1569-58hkm-1881083799
2019-09-12 10:42:16,396 [pool-49-thread-1] INFO  storage.RaftStorage (RaftStorage.java:format(72)) - Storage directory /workdir/hadoop-ozone/integration-test/target/test-dir/MiniOzoneClusterImpl-152e7b22-107a-47df-8119-8865e0ec3973/datanode-2/data/ratis/d24998a4-12db-4fd1-aeff-200314c9001d has been successfully formatted.
2019-09-12 10:42:16,396 [pool-49-thread-1] INFO  ratis.ContainerStateMachine (ContainerStateMachine.java:loadSnapshot(226)) - group-200314C9001D: The snapshot info is null. Setting the last applied indexto:(t:0, i:~)
2019-09-12 10:42:16,397 [pool-49-thread-1] INFO  server.RaftServerConfigKeys (ConfUtils.java:logGet(43)) - raft.server.leader.election.timeout = 120s (custom)
2019-09-12 10:42:16,397 [pool-49-thread-1] INFO  server.RaftServerConfigKeys (ConfUtils.java:logGet(43)) - raft.server.log.use.memory = false (default)
2019-09-12 10:42:16,397 [pool-49-thread-1] INFO  server.RaftServerConfigKeys (ConfUtils.java:logGet(43)) - raft.server.log.purge.gap = 1000000 (custom)
2019-09-12 10:42:16,397 [pool-49-thread-1] INFO  server.RaftServerConfigKeys (ConfUtils.java:logGet(43)) - raft.server.log.appender.buffer.byte-limit = 33554432 (custom)
2019-09-12 10:42:16,397 [pool-49-thread-1] INFO  server.RaftServerConfigKeys (ConfUtils.java:logGet(43)) - raft.server.log.segment.size.max = 1048576 (custom)
2019-09-12 10:42:16,398 [pool-49-thread-1] INFO  server.RaftServerConfigKeys (ConfUtils.java:logGet(43)) - raft.server.log.segment.cache.num.max = 2 (custom)
2019-09-12 10:42:16,398 [pool-49-thread-1] INFO  segmented.SegmentedRaftLogWorker (SegmentedRaftLogWorker.java:<init>(172)) - new 2763fbe8-4944-4553-a701-ce9188a4c42e-SegmentedRaftLogWorker:Storage Directory /workdir/hadoop-ozone/integration-test/target/test-dir/MiniOzoneClusterImpl-152e7b22-107a-47df-8119-8865e0ec3973/datanode-2/data/ratis/d24998a4-12db-4fd1-aeff-200314c9001d for RaftStorage:Storage Directory /workdir/hadoop-ozone/integration-test/target/test-dir/MiniOzoneClusterImpl-152e7b22-107a-47df-8119-8865e0ec3973/datanode-2/data/ratis/d24998a4-12db-4fd1-aeff-200314c9001d
2019-09-12 10:42:16,398 [pool-49-thread-1] INFO  server.RaftServerConfigKeys (ConfUtils.java:logGet(43)) - raft.server.log.queue.byte-limit = 2147483647 (custom)
2019-09-12 10:42:16,398 [pool-49-thread-1] INFO  server.RaftServerConfigKeys (ConfUtils.java:logGet(43)) - raft.server.log.queue.element-limit = 1024 (custom)
2019-09-12 10:42:16,398 [pool-49-thread-1] INFO  server.RaftServerConfigKeys (ConfUtils.java:logGet(43)) - raft.server.log.segment.size.max = 1048576 (custom)
2019-09-12 10:42:16,399 [pool-49-thread-1] INFO  server.RaftServerConfigKeys (ConfUtils.java:logGet(43)) - raft.server.log.preallocated.size = 16384 (custom)
2019-09-12 10:42:16,399 [pool-49-thread-1] INFO  server.RaftServerConfigKeys (ConfUtils.java:logGet(43)) - raft.server.log.write.buffer.size = 33554432 (custom)
2019-09-12 10:42:16,399 [pool-49-thread-1] INFO  server.RaftServerConfigKeys (ConfUtils.java:logGet(43)) - raft.server.log.force.sync.num = 128 (default)
2019-09-12 10:42:16,399 [pool-49-thread-1] INFO  server.RaftServerConfigKeys (ConfUtils.java:logGet(43)) - raft.server.log.statemachine.data.sync = true (default)
2019-09-12 10:42:16,399 [pool-49-thread-1] INFO  server.RaftServerConfigKeys (ConfUtils.java:logGet(43)) - raft.server.log.statemachine.data.sync.timeout = 10s (default)
2019-09-12 10:42:16,400 [pool-49-thread-1] INFO  server.RaftServerConfigKeys (ConfUtils.java:logGet(43)) - raft.server.log.statemachine.data.sync.timeout.retry = -1 (default)
2019-09-12 10:42:16,400 [pool-49-thread-1] INFO  server.RaftServerConfigKeys (ConfUtils.java:logGet(43)) - raft.server.log.statemachine.data.caching.enabled = true (custom)
2019-09-12 10:42:16,400 [pool-49-thread-1] INFO  segmented.SegmentedRaftLogWorker (SegmentedRaftLogWorker.java:lambda$new$0(132)) - 2763fbe8-4944-4553-a701-ce9188a4c42e-SegmentedRaftLogWorker:Storage Directory /workdir/hadoop-ozone/integration-test/target/test-dir/MiniOzoneClusterImpl-152e7b22-107a-47df-8119-8865e0ec3973/datanode-2/data/ratis/d24998a4-12db-4fd1-aeff-200314c9001d: flushIndex: setUnconditionally 0 -> -1
2019-09-12 10:42:16,401 [pool-49-thread-1] INFO  server.RaftServerConfigKeys (ConfUtils.java:logGet(43)) - raft.server.snapshot.auto.trigger.enabled = true (custom)
2019-09-12 10:42:16,401 [pool-49-thread-1] INFO  server.RaftServerConfigKeys (ConfUtils.java:logGet(43)) - raft.server.snapshot.auto.trigger.threshold = 10000 (custom)
2019-09-12 10:42:16,401 [pool-49-thread-1] INFO  server.RaftServerConfigKeys (ConfUtils.java:logGet(43)) - raft.server.retrycache.expirytime = 600000ms (custom)
2019-09-12 10:42:16,402 [pool-49-thread-1] INFO  impl.RaftServerImpl (RaftServerImpl.java:start(180)) - 2763fbe8-4944-4553-a701-ce9188a4c42e: start group-200314C9001D
2019-09-12 10:42:16,402 [pool-49-thread-1] INFO  impl.RaftServerImpl (RaftServerImpl.java:setRole(171)) - 2763fbe8-4944-4553-a701-ce9188a4c42e:group-200314C9001D changes role from null to FOLLOWER at term 0 for startAsFollower
2019-09-12 10:42:16,402 [pool-49-thread-1] INFO  impl.RoleInfo (RoleInfo.java:updateAndGet(143)) - 2763fbe8-4944-4553-a701-ce9188a4c42e: start FollowerState
2019-09-12 10:42:16,403 [pool-49-thread-1] INFO  util.JmxRegister (JmxRegister.java:tryRegister(44)) - Successfully registered JMX Bean with object name Ratis:service=RaftServer,group=group-200314C9001D,id=2763fbe8-4944-4553-a701-ce9188a4c42e
2019-09-12 10:42:16,408 [RatisPipelineUtilsThread] INFO  pipeline.PipelineStateManager (PipelineStateManager.java:addPipeline(56)) - Created pipeline Pipeline[ Id: d24998a4-12db-4fd1-aeff-200314c9001d, Nodes: 2763fbe8-4944-4553-a701-ce9188a4c42e{ip: 192.168.36.114, host: pr-hdds-1569-58hkm-1881083799, networkLocation: /default-rack, certSerialId: null}, Type:RATIS, Factor:ONE, State:OPEN]
2019-09-12 10:42:16,410 [RatisPipelineUtilsThread] ERROR pipeline.PipelinePlacementPolicy (PipelinePlacementPolicy.java:meetCriteria(92)) - Pipeline Placement: Doesn't meet the criteria to be viable node. Heaviness: 6
2019-09-12 10:42:16,410 [RatisPipelineUtilsThread] ERROR pipeline.PipelinePlacementPolicy (PipelinePlacementPolicy.java:meetCriteria(92)) - Pipeline Placement: Doesn't meet the criteria to be viable node. Heaviness: 6
2019-09-12 10:42:16,422 [grpc-default-executor-0] INFO  impl.RaftServerProxy (RaftServerProxy.java:addNew(89)) - 2763fbe8-4944-4553-a701-ce9188a4c42e: addNew group-7EF4866778CE:[2763fbe8-4944-4553-a701-ce9188a4c42e:192.168.36.114:40558] returns group-7EF4866778CE:java.util.concurrent.CompletableFuture@6ccf44c7[Not completed]
2019-09-12 10:42:16,424 [pool-49-thread-1] INFO  impl.RaftServerImpl (RaftServerImpl.java:<init>(93)) - 2763fbe8-4944-4553-a701-ce9188a4c42e: new RaftServerImpl for group-7EF4866778CE:[2763fbe8-4944-4553-a701-ce9188a4c42e:192.168.36.114:40558] with ContainerStateMachine:uninitialized
2019-09-12 10:42:16,424 [pool-49-thread-1] INFO  server.RaftServerConfigKeys (ConfUtils.java:logGet(43)) - raft.server.rpc.timeout.min = 5s (custom)
2019-09-12 10:42:16,424 [pool-49-thread-1] INFO  server.RaftServerConfigKeys (ConfUtils.java:logGet(43)) - raft.server.rpc.timeout.max = 5200ms (custom)
2019-09-12 10:42:16,424 [pool-49-thread-1] INFO  server.RaftServerConfigKeys (ConfUtils.java:logGet(43)) - raft.server.rpcslowness.timeout = 120s (custom)
2019-09-12 10:42:16,425 [pool-49-thread-1] INFO  server.RaftServerConfigKeys (ConfUtils.java:logGet(43)) - raft.server.sleep.deviation.threshold = 300 (default)
2019-09-12 10:42:16,425 [pool-49-thread-1] INFO  server.RaftServerConfigKeys (ConfUtils.java:logGet(43)) - raft.server.log.appender.install.snapshot.enabled = false (custom)
2019-09-12 10:42:16,425 [pool-49-thread-1] INFO  impl.RaftServerImpl (ServerState.java:<init>(105)) - 2763fbe8-4944-4553-a701-ce9188a4c42e:group-7EF4866778CE ConfigurationManager, init=-1: [2763fbe8-4944-4553-a701-ce9188a4c42e:192.168.36.114:40558], old=null, confs=<EMPTY_MAP>
2019-09-12 10:42:16,425 [pool-49-thread-1] INFO  server.RaftServerConfigKeys (ConfUtils.java:logGet(43)) - raft.server.storage.dir = [/workdir/hadoop-ozone/integration-test/target/test-dir/MiniOzoneClusterImpl-152e7b22-107a-47df-8119-8865e0ec3973/datanode-2/data/ratis] (custom)
2019-09-12 10:42:16,425 [pool-49-thread-1] INFO  storage.RaftStorageDirectory (RaftStorageDirectory.java:analyzeStorage(246)) - The storage directory /workdir/hadoop-ozone/integration-test/target/test-dir/MiniOzoneClusterImpl-152e7b22-107a-47df-8119-8865e0ec3973/datanode-2/data/ratis/b885c697-c6c7-4dee-84ff-7ef4866778ce does not exist. Creating ...
2019-09-12 10:42:16,439 [pool-49-thread-1] INFO  storage.RaftStorageDirectory (RaftStorageDirectory.java:tryLock(328)) - Lock on /workdir/hadoop-ozone/integration-test/target/test-dir/MiniOzoneClusterImpl-152e7b22-107a-47df-8119-8865e0ec3973/datanode-2/data/ratis/b885c697-c6c7-4dee-84ff-7ef4866778ce/in_use.lock acquired by nodename 23915@pr-hdds-1569-58hkm-1881083799
2019-09-12 10:42:16,456 | INFO  | SCMAudit | user=jenkins1000 | ip=192.168.36.114 | op=SEND_HEARTBEAT {datanodeUUID=2763fbe8-4944-4553-a701-ce9188a4c42e, command=[]} | ret=SUCCESS |  
2019-09-12 10:42:16,466 [pool-49-thread-1] INFO  storage.RaftStorage (RaftStorage.java:format(72)) - Storage directory /workdir/hadoop-ozone/integration-test/target/test-dir/MiniOzoneClusterImpl-152e7b22-107a-47df-8119-8865e0ec3973/datanode-2/data/ratis/b885c697-c6c7-4dee-84ff-7ef4866778ce has been successfully formatted.
2019-09-12 10:42:16,467 [pool-49-thread-1] INFO  ratis.ContainerStateMachine (ContainerStateMachine.java:loadSnapshot(226)) - group-7EF4866778CE: The snapshot info is null. Setting the last applied indexto:(t:0, i:~)
2019-09-12 10:42:16,467 [pool-49-thread-1] INFO  server.RaftServerConfigKeys (ConfUtils.java:logGet(43)) - raft.server.leader.election.timeout = 120s (custom)
2019-09-12 10:42:16,467 [pool-49-thread-1] INFO  server.RaftServerConfigKeys (ConfUtils.java:logGet(43)) - raft.server.log.use.memory = false (default)
2019-09-12 10:42:16,468 [pool-49-thread-1] INFO  server.RaftServerConfigKeys (ConfUtils.java:logGet(43)) - raft.server.log.purge.gap = 1000000 (custom)
2019-09-12 10:42:16,468 [pool-49-thread-1] INFO  server.RaftServerConfigKeys (ConfUtils.java:logGet(43)) - raft.server.log.appender.buffer.byte-limit = 33554432 (custom)
2019-09-12 10:42:16,468 [pool-49-thread-1] INFO  server.RaftServerConfigKeys (ConfUtils.java:logGet(43)) - raft.server.log.segment.size.max = 1048576 (custom)
2019-09-12 10:42:16,468 [pool-49-thread-1] INFO  server.RaftServerConfigKeys (ConfUtils.java:logGet(43)) - raft.server.log.segment.cache.num.max = 2 (custom)
2019-09-12 10:42:16,469 [pool-49-thread-1] INFO  segmented.SegmentedRaftLogWorker (SegmentedRaftLogWorker.java:<init>(172)) - new 2763fbe8-4944-4553-a701-ce9188a4c42e-SegmentedRaftLogWorker:Storage Directory /workdir/hadoop-ozone/integration-test/target/test-dir/MiniOzoneClusterImpl-152e7b22-107a-47df-8119-8865e0ec3973/datanode-2/data/ratis/b885c697-c6c7-4dee-84ff-7ef4866778ce for RaftStorage:Storage Directory /workdir/hadoop-ozone/integration-test/target/test-dir/MiniOzoneClusterImpl-152e7b22-107a-47df-8119-8865e0ec3973/datanode-2/data/ratis/b885c697-c6c7-4dee-84ff-7ef4866778ce
2019-09-12 10:42:16,469 [pool-49-thread-1] INFO  server.RaftServerConfigKeys (ConfUtils.java:logGet(43)) - raft.server.log.queue.byte-limit = 2147483647 (custom)
2019-09-12 10:42:16,469 [pool-49-thread-1] INFO  server.RaftServerConfigKeys (ConfUtils.java:logGet(43)) - raft.server.log.queue.element-limit = 1024 (custom)
2019-09-12 10:42:16,469 [pool-49-thread-1] INFO  server.RaftServerConfigKeys (ConfUtils.java:logGet(43)) - raft.server.log.segment.size.max = 1048576 (custom)
2019-09-12 10:42:16,469 [pool-49-thread-1] INFO  server.RaftServerConfigKeys (ConfUtils.java:logGet(43)) - raft.server.log.preallocated.size = 16384 (custom)
2019-09-12 10:42:16,470 [pool-49-thread-1] INFO  server.RaftServerConfigKeys (ConfUtils.java:logGet(43)) - raft.server.log.write.buffer.size = 33554432 (custom)
2019-09-12 10:42:16,470 [pool-49-thread-1] INFO  server.RaftServerConfigKeys (ConfUtils.java:logGet(43)) - raft.server.log.force.sync.num = 128 (default)
2019-09-12 10:42:16,470 [pool-49-thread-1] INFO  server.RaftServerConfigKeys (ConfUtils.java:logGet(43)) - raft.server.log.statemachine.data.sync = true (default)
2019-09-12 10:42:16,470 [pool-49-thread-1] INFO  server.RaftServerConfigKeys (ConfUtils.java:logGet(43)) - raft.server.log.statemachine.data.sync.timeout = 10s (default)
2019-09-12 10:42:16,471 [pool-49-thread-1] INFO  server.RaftServerConfigKeys (ConfUtils.java:logGet(43)) - raft.server.log.statemachine.data.sync.timeout.retry = -1 (default)
2019-09-12 10:42:16,471 [pool-49-thread-1] INFO  server.RaftServerConfigKeys (ConfUtils.java:logGet(43)) - raft.server.log.statemachine.data.caching.enabled = true (custom)
2019-09-12 10:42:16,471 [pool-49-thread-1] INFO  segmented.SegmentedRaftLogWorker (SegmentedRaftLogWorker.java:lambda$new$0(132)) - 2763fbe8-4944-4553-a701-ce9188a4c42e-SegmentedRaftLogWorker:Storage Directory /workdir/hadoop-ozone/integration-test/target/test-dir/MiniOzoneClusterImpl-152e7b22-107a-47df-8119-8865e0ec3973/datanode-2/data/ratis/b885c697-c6c7-4dee-84ff-7ef4866778ce: flushIndex: setUnconditionally 0 -> -1
2019-09-12 10:42:16,472 [pool-49-thread-1] INFO  server.RaftServerConfigKeys (ConfUtils.java:logGet(43)) - raft.server.snapshot.auto.trigger.enabled = true (custom)
2019-09-12 10:42:16,472 [pool-49-thread-1] INFO  server.RaftServerConfigKeys (ConfUtils.java:logGet(43)) - raft.server.snapshot.auto.trigger.threshold = 10000 (custom)
2019-09-12 10:42:16,472 [pool-49-thread-1] INFO  server.RaftServerConfigKeys (ConfUtils.java:logGet(43)) - raft.server.retrycache.expirytime = 600000ms (custom)
2019-09-12 10:42:16,473 [pool-49-thread-1] INFO  impl.RaftServerImpl (RaftServerImpl.java:start(180)) - 2763fbe8-4944-4553-a701-ce9188a4c42e: start group-7EF4866778CE
2019-09-12 10:42:16,473 [pool-49-thread-1] INFO  impl.RaftServerImpl (RaftServerImpl.java:setRole(171)) - 2763fbe8-4944-4553-a701-ce9188a4c42e:group-7EF4866778CE changes role from null to FOLLOWER at term 0 for startAsFollower
2019-09-12 10:42:16,473 [pool-49-thread-1] INFO  impl.RoleInfo (RoleInfo.java:updateAndGet(143)) - 2763fbe8-4944-4553-a701-ce9188a4c42e: start FollowerState
2019-09-12 10:42:16,474 [pool-49-thread-1] INFO  util.JmxRegister (JmxRegister.java:tryRegister(44)) - Successfully registered JMX Bean with object name Ratis:service=RaftServer,group=group-7EF4866778CE,id=2763fbe8-4944-4553-a701-ce9188a4c42e
2019-09-12 10:42:16,479 [RatisPipelineUtilsThread] INFO  pipeline.PipelineStateManager (PipelineStateManager.java:addPipeline(56)) - Created pipeline Pipeline[ Id: b885c697-c6c7-4dee-84ff-7ef4866778ce, Nodes: 2763fbe8-4944-4553-a701-ce9188a4c42e{ip: 192.168.36.114, host: pr-hdds-1569-58hkm-1881083799, networkLocation: /default-rack, certSerialId: null}, Type:RATIS, Factor:ONE, State:OPEN]
2019-09-12 10:42:16,481 [RatisPipelineUtilsThread] ERROR pipeline.PipelinePlacementPolicy (PipelinePlacementPolicy.java:meetCriteria(92)) - Pipeline Placement: Doesn't meet the criteria to be viable node. Heaviness: 6
2019-09-12 10:42:16,481 [RatisPipelineUtilsThread] ERROR pipeline.PipelinePlacementPolicy (PipelinePlacementPolicy.java:meetCriteria(92)) - Pipeline Placement: Doesn't meet the criteria to be viable node. Heaviness: 6
2019-09-12 10:42:16,481 [RatisPipelineUtilsThread] ERROR pipeline.PipelinePlacementPolicy (PipelinePlacementPolicy.java:meetCriteria(92)) - Pipeline Placement: Doesn't meet the criteria to be viable node. Heaviness: 6
2019-09-12 10:42:16,482 [RatisPipelineUtilsThread] ERROR pipeline.PipelinePlacementPolicy (PipelinePlacementPolicy.java:filterViableNodes(147)) - Unable to find enough nodes that meet the criteria that cannot engage in more than 5 pipelines. Nodes required: 1 Found: 0, healthy nodes count inNodeManager: 3.
2019-09-12 10:42:16,483 [RatisPipelineUtilsThread] ERROR pipeline.SCMPipelineManager (SCMPipelineManager.java:createPipeline(161)) - Pipeline creation failed due to exception: Unable to find enough nodes that meet the criteria that cannot engage in more than 5 pipelines. Nodes required: 1 Found: 0, healthy nodes count inNodeManager: 3.
2019-09-12 10:42:16,484 [RatisPipelineUtilsThread] ERROR pipeline.PipelinePlacementPolicy (PipelinePlacementPolicy.java:meetCriteria(92)) - Pipeline Placement: Doesn't meet the criteria to be viable node. Heaviness: 6
2019-09-12 10:42:16,484 [RatisPipelineUtilsThread] ERROR pipeline.PipelinePlacementPolicy (PipelinePlacementPolicy.java:meetCriteria(92)) - Pipeline Placement: Doesn't meet the criteria to be viable node. Heaviness: 6
2019-09-12 10:42:16,484 [RatisPipelineUtilsThread] ERROR pipeline.PipelinePlacementPolicy (PipelinePlacementPolicy.java:meetCriteria(92)) - Pipeline Placement: Doesn't meet the criteria to be viable node. Heaviness: 6
2019-09-12 10:42:16,484 [RatisPipelineUtilsThread] ERROR pipeline.PipelinePlacementPolicy (PipelinePlacementPolicy.java:filterViableNodes(147)) - Unable to find enough nodes that meet the criteria that cannot engage in more than 5 pipelines. Nodes required: 3 Found: 0, healthy nodes count inNodeManager: 3.
2019-09-12 10:42:16,485 [RatisPipelineUtilsThread] ERROR pipeline.SCMPipelineManager (SCMPipelineManager.java:createPipeline(161)) - Pipeline creation failed due to exception: Unable to find enough nodes that meet the criteria that cannot engage in more than 5 pipelines. Nodes required: 3 Found: 0, healthy nodes count inNodeManager: 3.
2019-09-12 10:42:16,487 [RatisPipelineUtilsThread] ERROR pipeline.PipelinePlacementPolicy (PipelinePlacementPolicy.java:meetCriteria(92)) - Pipeline Placement: Doesn't meet the criteria to be viable node. Heaviness: 6
2019-09-12 10:42:16,487 [RatisPipelineUtilsThread] ERROR pipeline.PipelinePlacementPolicy (PipelinePlacementPolicy.java:meetCriteria(92)) - Pipeline Placement: Doesn't meet the criteria to be viable node. Heaviness: 6
2019-09-12 10:42:16,487 [RatisPipelineUtilsThread] ERROR pipeline.PipelinePlacementPolicy (PipelinePlacementPolicy.java:meetCriteria(92)) - Pipeline Placement: Doesn't meet the criteria to be viable node. Heaviness: 6
2019-09-12 10:42:16,488 [RatisPipelineUtilsThread] ERROR pipeline.PipelinePlacementPolicy (PipelinePlacementPolicy.java:filterViableNodes(147)) - Unable to find enough nodes that meet the criteria that cannot engage in more than 5 pipelines. Nodes required: 1 Found: 0, healthy nodes count inNodeManager: 3.
2019-09-12 10:42:16,488 [RatisPipelineUtilsThread] ERROR pipeline.SCMPipelineManager (SCMPipelineManager.java:createPipeline(161)) - Pipeline creation failed due to exception: Unable to find enough nodes that meet the criteria that cannot engage in more than 5 pipelines. Nodes required: 1 Found: 0, healthy nodes count inNodeManager: 3.
2019-09-12 10:42:16,488 [RatisPipelineUtilsThread] ERROR pipeline.PipelinePlacementPolicy (PipelinePlacementPolicy.java:meetCriteria(92)) - Pipeline Placement: Doesn't meet the criteria to be viable node. Heaviness: 6
2019-09-12 10:42:16,488 [RatisPipelineUtilsThread] ERROR pipeline.PipelinePlacementPolicy (PipelinePlacementPolicy.java:meetCriteria(92)) - Pipeline Placement: Doesn't meet the criteria to be viable node. Heaviness: 6
2019-09-12 10:42:16,489 [RatisPipelineUtilsThread] ERROR pipeline.PipelinePlacementPolicy (PipelinePlacementPolicy.java:meetCriteria(92)) - Pipeline Placement: Doesn't meet the criteria to be viable node. Heaviness: 6
2019-09-12 10:42:16,489 [RatisPipelineUtilsThread] ERROR pipeline.PipelinePlacementPolicy (PipelinePlacementPolicy.java:filterViableNodes(147)) - Unable to find enough nodes that meet the criteria that cannot engage in more than 5 pipelines. Nodes required: 3 Found: 0, healthy nodes count inNodeManager: 3.
2019-09-12 10:42:16,489 [RatisPipelineUtilsThread] ERROR pipeline.SCMPipelineManager (SCMPipelineManager.java:createPipeline(161)) - Pipeline creation failed due to exception: Unable to find enough nodes that meet the criteria that cannot engage in more than 5 pipelines. Nodes required: 3 Found: 0, healthy nodes count inNodeManager: 3.
2019-09-12 10:42:16,509 | INFO  | SCMAudit | user=jenkins1000 | ip=192.168.36.114 | op=ALLOCATE_BLOCK {owner=2a8450cd-1174-4f11-8858-e3e30c3ec7b8, size=4194304, type=RATIS, factor=ONE} | ret=SUCCESS |  
2019-09-12 10:42:16,541 | INFO  | OMAudit | user=jenkins1000 | ip=127.0.0.1 | op=ALLOCATE_KEY {volume=1a169576-cf3c-43b2-987a-99c0398d9671, bucket=8f925bc5-ebe7-45e4-b827-777045990a9f, key=938ff340-297a-4bdd-b0b3-1f3c9713503e, dataSize=36, replicationType=RATIS, replicationFactor=ONE, keyLocationInfo=null} | ret=SUCCESS |  
2019-09-12 10:42:16,576 [main] INFO  impl.MetricsSystemImpl (MetricsSystemImpl.java:init(158)) - XceiverClientMetrics metrics system started (again)
2019-09-12 10:42:16,676 [grpc-default-executor-0] INFO  client.GrpcClientProtocolClient (GrpcClientProtocolClient.java:onNext(255)) - client-49DACC028622->f46943e6-d0b5-49ad-a452-52d168b509a4: receive RaftClientReply:client-49DACC028622->f46943e6-d0b5-49ad-a452-52d168b509a4@group-881CCF30B6D7, cid=18, FAILED org.apache.ratis.protocol.NotLeaderException: Server f46943e6-d0b5-49ad-a452-52d168b509a4 is not the leader (null). Request must be sent to leader., logIndex=0, commits[f46943e6-d0b5-49ad-a452-52d168b509a4:c-1]
2019-09-12 10:42:16,988 | INFO  | SCMAudit | user=jenkins1000 | ip=192.168.36.114 | op=SEND_HEARTBEAT {datanodeUUID=f46943e6-d0b5-49ad-a452-52d168b509a4, command=[]} | ret=SUCCESS |  
2019-09-12 10:42:17,036 [Thread-177] INFO  container.ReplicationManager (ReplicationManager.java:start(151)) - Starting Replication Monitor Thread.
2019-09-12 10:42:17,040 [ReplicationMonitor] INFO  container.ReplicationManager (ReplicationManager.java:run(214)) - Replication Monitor Thread took 3 milliseconds for processing 1 containers.
2019-09-12 10:42:17,237 | INFO  | SCMAudit | user=jenkins1000 | ip=192.168.36.114 | op=SEND_HEARTBEAT {datanodeUUID=83afca36-bc46-4fa0-b00b-f7c85a4fa46c, command=[]} | ret=SUCCESS |  
2019-09-12 10:42:17,460 | INFO  | SCMAudit | user=jenkins1000 | ip=192.168.36.114 | op=SEND_HEARTBEAT {datanodeUUID=2763fbe8-4944-4553-a701-ce9188a4c42e, command=[]} | ret=SUCCESS |  
2019-09-12 10:42:17,988 | INFO  | SCMAudit | user=jenkins1000 | ip=192.168.36.114 | op=SEND_HEARTBEAT {datanodeUUID=f46943e6-d0b5-49ad-a452-52d168b509a4, command=[]} | ret=SUCCESS |  
2019-09-12 10:42:18,237 | INFO  | SCMAudit | user=jenkins1000 | ip=192.168.36.114 | op=SEND_HEARTBEAT {datanodeUUID=83afca36-bc46-4fa0-b00b-f7c85a4fa46c, command=[]} | ret=SUCCESS |  
2019-09-12 10:42:18,457 | INFO  | SCMAudit | user=jenkins1000 | ip=192.168.36.114 | op=SEND_HEARTBEAT {datanodeUUID=2763fbe8-4944-4553-a701-ce9188a4c42e, command=[]} | ret=SUCCESS |  
2019-09-12 10:42:18,717 [grpc-default-executor-1] INFO  client.GrpcClientProtocolClient (GrpcClientProtocolClient.java:onNext(255)) - client-49DACC028622->f46943e6-d0b5-49ad-a452-52d168b509a4: receive RaftClientReply:client-49DACC028622->f46943e6-d0b5-49ad-a452-52d168b509a4@group-881CCF30B6D7, cid=18, FAILED org.apache.ratis.protocol.NotLeaderException: Server f46943e6-d0b5-49ad-a452-52d168b509a4 is not the leader (null). Request must be sent to leader., logIndex=0, commits[f46943e6-d0b5-49ad-a452-52d168b509a4:c-1]
2019-09-12 10:42:18,987 | INFO  | SCMAudit | user=jenkins1000 | ip=192.168.36.114 | op=SEND_HEARTBEAT {datanodeUUID=f46943e6-d0b5-49ad-a452-52d168b509a4, command=[]} | ret=SUCCESS |  
2019-09-12 10:42:19,236 | INFO  | SCMAudit | user=jenkins1000 | ip=192.168.36.114 | op=SEND_HEARTBEAT {datanodeUUID=83afca36-bc46-4fa0-b00b-f7c85a4fa46c, command=[]} | ret=SUCCESS |  
2019-09-12 10:42:19,456 | INFO  | SCMAudit | user=jenkins1000 | ip=192.168.36.114 | op=SEND_HEARTBEAT {datanodeUUID=2763fbe8-4944-4553-a701-ce9188a4c42e, command=[]} | ret=SUCCESS |  
2019-09-12 10:42:19,987 | INFO  | SCMAudit | user=jenkins1000 | ip=192.168.36.114 | op=SEND_HEARTBEAT {datanodeUUID=f46943e6-d0b5-49ad-a452-52d168b509a4, command=[]} | ret=SUCCESS |  
2019-09-12 10:42:20,238 | INFO  | SCMAudit | user=jenkins1000 | ip=192.168.36.114 | op=SEND_HEARTBEAT {datanodeUUID=83afca36-bc46-4fa0-b00b-f7c85a4fa46c, command=[]} | ret=SUCCESS |  
2019-09-12 10:42:20,330 [Thread-179] INFO  impl.FollowerState (FollowerState.java:run(106)) - f46943e6-d0b5-49ad-a452-52d168b509a4:group-C3AA0222AAD6 changes to CANDIDATE, lastRpcTime:5183, electionTimeout:5182ms
2019-09-12 10:42:20,331 [Thread-179] INFO  impl.RoleInfo (RoleInfo.java:shutdownFollowerState(121)) - f46943e6-d0b5-49ad-a452-52d168b509a4: shutdown FollowerState
2019-09-12 10:42:20,331 [Thread-179] INFO  impl.RaftServerImpl (RaftServerImpl.java:setRole(171)) - f46943e6-d0b5-49ad-a452-52d168b509a4:group-C3AA0222AAD6 changes role from FOLLOWER to CANDIDATE at term 0 for changeToCandidate
2019-09-12 10:42:20,335 [Thread-179] INFO  impl.RoleInfo (RoleInfo.java:updateAndGet(143)) - f46943e6-d0b5-49ad-a452-52d168b509a4: start LeaderElection
2019-09-12 10:42:20,363 [f46943e6-d0b5-49ad-a452-52d168b509a4:group-C3AA0222AAD6:LeaderElection1] INFO  impl.LeaderElection (LeaderElection.java:askForVotes(181)) - f46943e6-d0b5-49ad-a452-52d168b509a4:group-C3AA0222AAD6:LeaderElection1: begin an election at term 1 for -1: [f46943e6-d0b5-49ad-a452-52d168b509a4:192.168.36.114:36374], old=null
2019-09-12 10:42:20,369 [f46943e6-d0b5-49ad-a452-52d168b509a4:group-C3AA0222AAD6:LeaderElection1] INFO  impl.RoleInfo (RoleInfo.java:shutdownLeaderElection(134)) - f46943e6-d0b5-49ad-a452-52d168b509a4: shutdown LeaderElection
2019-09-12 10:42:20,370 [f46943e6-d0b5-49ad-a452-52d168b509a4:group-C3AA0222AAD6:LeaderElection1] INFO  impl.RaftServerImpl (RaftServerImpl.java:setRole(171)) - f46943e6-d0b5-49ad-a452-52d168b509a4:group-C3AA0222AAD6 changes role from CANDIDATE to LEADER at term 1 for changeToLeader
2019-09-12 10:42:20,370 [f46943e6-d0b5-49ad-a452-52d168b509a4:group-C3AA0222AAD6:LeaderElection1] INFO  impl.RaftServerImpl (ServerState.java:setLeader(263)) - f46943e6-d0b5-49ad-a452-52d168b509a4:group-C3AA0222AAD6 change Leader from null to f46943e6-d0b5-49ad-a452-52d168b509a4 at term 1 for becomeLeader, leader elected after 5314ms
2019-09-12 10:42:20,378 [f46943e6-d0b5-49ad-a452-52d168b509a4:group-C3AA0222AAD6:LeaderElection1] INFO  server.RaftServerConfigKeys (ConfUtils.java:logGet(43)) - raft.server.staging.catchup.gap = 1000 (default)
2019-09-12 10:42:20,378 [f46943e6-d0b5-49ad-a452-52d168b509a4:group-C3AA0222AAD6:LeaderElection1] INFO  server.RaftServerConfigKeys (ConfUtils.java:logGet(43)) - raft.server.rpc.sleep.time = 25ms (default)
2019-09-12 10:42:20,382 [f46943e6-d0b5-49ad-a452-52d168b509a4:group-C3AA0222AAD6:LeaderElection1] INFO  server.RaftServerConfigKeys (ConfUtils.java:logGet(43)) - raft.server.write.element-limit = 4096 (default)
2019-09-12 10:42:20,385 [f46943e6-d0b5-49ad-a452-52d168b509a4:group-C3AA0222AAD6:LeaderElection1] INFO  server.RaftServerConfigKeys (ConfUtils.java:logGet(43)) - raft.server.watch.timeout = 10s (default)
2019-09-12 10:42:20,385 [f46943e6-d0b5-49ad-a452-52d168b509a4:group-C3AA0222AAD6:LeaderElection1] INFO  server.RaftServerConfigKeys (ConfUtils.java:logGet(43)) - raft.server.watch.timeout.denomination = 1s (default)
2019-09-12 10:42:20,386 [f46943e6-d0b5-49ad-a452-52d168b509a4:group-C3AA0222AAD6:LeaderElection1] INFO  server.RaftServerConfigKeys (ConfUtils.java:logGet(43)) - raft.server.watch.element-limit = 65536 (default)
2019-09-12 10:42:20,395 [f46943e6-d0b5-49ad-a452-52d168b509a4:group-C3AA0222AAD6:LeaderElection1] INFO  impl.RoleInfo (RoleInfo.java:updateAndGet(143)) - f46943e6-d0b5-49ad-a452-52d168b509a4: start LeaderState
2019-09-12 10:42:20,415 [f46943e6-d0b5-49ad-a452-52d168b509a4:group-C3AA0222AAD6:LeaderElection1] INFO  segmented.SegmentedRaftLogWorker (SegmentedRaftLogWorker.java:startLogSegment(380)) - f46943e6-d0b5-49ad-a452-52d168b509a4-SegmentedRaftLogWorker:Storage Directory /workdir/hadoop-ozone/integration-test/target/test-dir/MiniOzoneClusterImpl-152e7b22-107a-47df-8119-8865e0ec3973/datanode-0/data/ratis/d53f8e28-96f8-42f2-b0b0-c3aa0222aad6: Starting segment from index:0
2019-09-12 10:42:20,423 [f46943e6-d0b5-49ad-a452-52d168b509a4:group-C3AA0222AAD6:LeaderElection1] INFO  impl.RaftServerImpl (ServerState.java:setRaftConf(361)) - f46943e6-d0b5-49ad-a452-52d168b509a4:group-C3AA0222AAD6 set configuration 0: [f46943e6-d0b5-49ad-a452-52d168b509a4:192.168.36.114:36374], old=null at 0
2019-09-12 10:42:20,456 | INFO  | SCMAudit | user=jenkins1000 | ip=192.168.36.114 | op=SEND_HEARTBEAT {datanodeUUID=2763fbe8-4944-4553-a701-ce9188a4c42e, command=[]} | ret=SUCCESS |  
2019-09-12 10:42:20,458 [Thread-182] INFO  impl.FollowerState (FollowerState.java:run(106)) - 83afca36-bc46-4fa0-b00b-f7c85a4fa46c:group-AB4E8E10435E changes to CANDIDATE, lastRpcTime:5172, electionTimeout:5171ms
2019-09-12 10:42:20,460 [Thread-182] INFO  impl.RoleInfo (RoleInfo.java:shutdownFollowerState(121)) - 83afca36-bc46-4fa0-b00b-f7c85a4fa46c: shutdown FollowerState
2019-09-12 10:42:20,460 [Thread-182] INFO  impl.RaftServerImpl (RaftServerImpl.java:setRole(171)) - 83afca36-bc46-4fa0-b00b-f7c85a4fa46c:group-AB4E8E10435E changes role from FOLLOWER to CANDIDATE at term 0 for changeToCandidate
2019-09-12 10:42:20,460 [Thread-182] INFO  impl.RoleInfo (RoleInfo.java:updateAndGet(143)) - 83afca36-bc46-4fa0-b00b-f7c85a4fa46c: start LeaderElection
2019-09-12 10:42:20,476 [83afca36-bc46-4fa0-b00b-f7c85a4fa46c:group-AB4E8E10435E:LeaderElection2] INFO  impl.LeaderElection (LeaderElection.java:askForVotes(181)) - 83afca36-bc46-4fa0-b00b-f7c85a4fa46c:group-AB4E8E10435E:LeaderElection2: begin an election at term 1 for -1: [83afca36-bc46-4fa0-b00b-f7c85a4fa46c:192.168.36.114:45896], old=null
2019-09-12 10:42:20,477 [83afca36-bc46-4fa0-b00b-f7c85a4fa46c:group-AB4E8E10435E:LeaderElection2] INFO  impl.RoleInfo (RoleInfo.java:shutdownLeaderElection(134)) - 83afca36-bc46-4fa0-b00b-f7c85a4fa46c: shutdown LeaderElection
2019-09-12 10:42:20,477 [83afca36-bc46-4fa0-b00b-f7c85a4fa46c:group-AB4E8E10435E:LeaderElection2] INFO  impl.RaftServerImpl (RaftServerImpl.java:setRole(171)) - 83afca36-bc46-4fa0-b00b-f7c85a4fa46c:group-AB4E8E10435E changes role from CANDIDATE to LEADER at term 1 for changeToLeader
2019-09-12 10:42:20,477 [83afca36-bc46-4fa0-b00b-f7c85a4fa46c:group-AB4E8E10435E:LeaderElection2] INFO  impl.RaftServerImpl (ServerState.java:setLeader(263)) - 83afca36-bc46-4fa0-b00b-f7c85a4fa46c:group-AB4E8E10435E change Leader from null to 83afca36-bc46-4fa0-b00b-f7c85a4fa46c at term 1 for becomeLeader, leader elected after 5199ms
2019-09-12 10:42:20,478 [83afca36-bc46-4fa0-b00b-f7c85a4fa46c:group-AB4E8E10435E:LeaderElection2] INFO  server.RaftServerConfigKeys (ConfUtils.java:logGet(43)) - raft.server.staging.catchup.gap = 1000 (default)
2019-09-12 10:42:20,478 [83afca36-bc46-4fa0-b00b-f7c85a4fa46c:group-AB4E8E10435E:LeaderElection2] INFO  server.RaftServerConfigKeys (ConfUtils.java:logGet(43)) - raft.server.rpc.sleep.time = 25ms (default)
2019-09-12 10:42:20,478 [83afca36-bc46-4fa0-b00b-f7c85a4fa46c:group-AB4E8E10435E:LeaderElection2] INFO  server.RaftServerConfigKeys (ConfUtils.java:logGet(43)) - raft.server.write.element-limit = 4096 (default)
2019-09-12 10:42:20,478 [83afca36-bc46-4fa0-b00b-f7c85a4fa46c:group-AB4E8E10435E:LeaderElection2] INFO  server.RaftServerConfigKeys (ConfUtils.java:logGet(43)) - raft.server.watch.timeout = 10s (default)
2019-09-12 10:42:20,478 [83afca36-bc46-4fa0-b00b-f7c85a4fa46c:group-AB4E8E10435E:LeaderElection2] INFO  server.RaftServerConfigKeys (ConfUtils.java:logGet(43)) - raft.server.watch.timeout.denomination = 1s (default)
2019-09-12 10:42:20,478 [83afca36-bc46-4fa0-b00b-f7c85a4fa46c:group-AB4E8E10435E:LeaderElection2] INFO  server.RaftServerConfigKeys (ConfUtils.java:logGet(43)) - raft.server.watch.element-limit = 65536 (default)
2019-09-12 10:42:20,479 [83afca36-bc46-4fa0-b00b-f7c85a4fa46c:group-AB4E8E10435E:LeaderElection2] INFO  impl.RoleInfo (RoleInfo.java:updateAndGet(143)) - 83afca36-bc46-4fa0-b00b-f7c85a4fa46c: start LeaderState
2019-09-12 10:42:20,479 [83afca36-bc46-4fa0-b00b-f7c85a4fa46c:group-AB4E8E10435E:LeaderElection2] INFO  segmented.SegmentedRaftLogWorker (SegmentedRaftLogWorker.java:startLogSegment(380)) - 83afca36-bc46-4fa0-b00b-f7c85a4fa46c-SegmentedRaftLogWorker:Storage Directory /workdir/hadoop-ozone/integration-test/target/test-dir/MiniOzoneClusterImpl-152e7b22-107a-47df-8119-8865e0ec3973/datanode-1/data/ratis/34834c08-8e18-49a1-bde5-ab4e8e10435e: Starting segment from index:0
2019-09-12 10:42:20,480 [83afca36-bc46-4fa0-b00b-f7c85a4fa46c:group-AB4E8E10435E:LeaderElection2] INFO  impl.RaftServerImpl (ServerState.java:setRaftConf(361)) - 83afca36-bc46-4fa0-b00b-f7c85a4fa46c:group-AB4E8E10435E set configuration 0: [83afca36-bc46-4fa0-b00b-f7c85a4fa46c:192.168.36.114:45896], old=null at 0
2019-09-12 10:42:20,517 [Thread-185] INFO  impl.FollowerState (FollowerState.java:run(106)) - f46943e6-d0b5-49ad-a452-52d168b509a4:group-91F4FEDD3E86 changes to CANDIDATE, lastRpcTime:5099, electionTimeout:5099ms
2019-09-12 10:42:20,517 [Thread-185] INFO  impl.RoleInfo (RoleInfo.java:shutdownFollowerState(121)) - f46943e6-d0b5-49ad-a452-52d168b509a4: shutdown FollowerState
2019-09-12 10:42:20,518 [Thread-185] INFO  impl.RaftServerImpl (RaftServerImpl.java:setRole(171)) - f46943e6-d0b5-49ad-a452-52d168b509a4:group-91F4FEDD3E86 changes role from FOLLOWER to CANDIDATE at term 0 for changeToCandidate
2019-09-12 10:42:20,518 [Thread-185] INFO  impl.RoleInfo (RoleInfo.java:updateAndGet(143)) - f46943e6-d0b5-49ad-a452-52d168b509a4: start LeaderElection
2019-09-12 10:42:20,533 [f46943e6-d0b5-49ad-a452-52d168b509a4:group-91F4FEDD3E86:LeaderElection3] INFO  impl.LeaderElection (LeaderElection.java:askForVotes(181)) - f46943e6-d0b5-49ad-a452-52d168b509a4:group-91F4FEDD3E86:LeaderElection3: begin an election at term 1 for -1: [f46943e6-d0b5-49ad-a452-52d168b509a4:192.168.36.114:36374], old=null
2019-09-12 10:42:20,533 [f46943e6-d0b5-49ad-a452-52d168b509a4:group-91F4FEDD3E86:LeaderElection3] INFO  impl.RoleInfo (RoleInfo.java:shutdownLeaderElection(134)) - f46943e6-d0b5-49ad-a452-52d168b509a4: shutdown LeaderElection
2019-09-12 10:42:20,533 [f46943e6-d0b5-49ad-a452-52d168b509a4:group-91F4FEDD3E86:LeaderElection3] INFO  impl.RaftServerImpl (RaftServerImpl.java:setRole(171)) - f46943e6-d0b5-49ad-a452-52d168b509a4:group-91F4FEDD3E86 changes role from CANDIDATE to LEADER at term 1 for changeToLeader
2019-09-12 10:42:20,533 [f46943e6-d0b5-49ad-a452-52d168b509a4:group-91F4FEDD3E86:LeaderElection3] INFO  impl.RaftServerImpl (ServerState.java:setLeader(263)) - f46943e6-d0b5-49ad-a452-52d168b509a4:group-91F4FEDD3E86 change Leader from null to f46943e6-d0b5-49ad-a452-52d168b509a4 at term 1 for becomeLeader, leader elected after 5126ms
2019-09-12 10:42:20,533 [f46943e6-d0b5-49ad-a452-52d168b509a4:group-91F4FEDD3E86:LeaderElection3] INFO  server.RaftServerConfigKeys (ConfUtils.java:logGet(43)) - raft.server.staging.catchup.gap = 1000 (default)
2019-09-12 10:42:20,534 [f46943e6-d0b5-49ad-a452-52d168b509a4:group-91F4FEDD3E86:LeaderElection3] INFO  server.RaftServerConfigKeys (ConfUtils.java:logGet(43)) - raft.server.rpc.sleep.time = 25ms (default)
2019-09-12 10:42:20,534 [f46943e6-d0b5-49ad-a452-52d168b509a4:group-91F4FEDD3E86:LeaderElection3] INFO  server.RaftServerConfigKeys (ConfUtils.java:logGet(43)) - raft.server.write.element-limit = 4096 (default)
2019-09-12 10:42:20,534 [f46943e6-d0b5-49ad-a452-52d168b509a4:group-91F4FEDD3E86:LeaderElection3] INFO  server.RaftServerConfigKeys (ConfUtils.java:logGet(43)) - raft.server.watch.timeout = 10s (default)
2019-09-12 10:42:20,534 [f46943e6-d0b5-49ad-a452-52d168b509a4:group-91F4FEDD3E86:LeaderElection3] INFO  server.RaftServerConfigKeys (ConfUtils.java:logGet(43)) - raft.server.watch.timeout.denomination = 1s (default)
2019-09-12 10:42:20,534 [f46943e6-d0b5-49ad-a452-52d168b509a4:group-91F4FEDD3E86:LeaderElection3] INFO  server.RaftServerConfigKeys (ConfUtils.java:logGet(43)) - raft.server.watch.element-limit = 65536 (default)
2019-09-12 10:42:20,534 [f46943e6-d0b5-49ad-a452-52d168b509a4:group-91F4FEDD3E86:LeaderElection3] INFO  impl.RoleInfo (RoleInfo.java:updateAndGet(143)) - f46943e6-d0b5-49ad-a452-52d168b509a4: start LeaderState
2019-09-12 10:42:20,535 [f46943e6-d0b5-49ad-a452-52d168b509a4:group-91F4FEDD3E86:LeaderElection3] INFO  segmented.SegmentedRaftLogWorker (SegmentedRaftLogWorker.java:startLogSegment(380)) - f46943e6-d0b5-49ad-a452-52d168b509a4-SegmentedRaftLogWorker:Storage Directory /workdir/hadoop-ozone/integration-test/target/test-dir/MiniOzoneClusterImpl-152e7b22-107a-47df-8119-8865e0ec3973/datanode-0/data/ratis/b59e646c-d6e5-4455-916f-91f4fedd3e86: Starting segment from index:0
2019-09-12 10:42:20,535 [f46943e6-d0b5-49ad-a452-52d168b509a4:group-91F4FEDD3E86:LeaderElection3] INFO  impl.RaftServerImpl (ServerState.java:setRaftConf(361)) - f46943e6-d0b5-49ad-a452-52d168b509a4:group-91F4FEDD3E86 set configuration 0: [f46943e6-d0b5-49ad-a452-52d168b509a4:192.168.36.114:36374], old=null at 0
2019-09-12 10:42:20,611 [f46943e6-d0b5-49ad-a452-52d168b509a4-SegmentedRaftLogWorker:Storage Directory /workdir/hadoop-ozone/integration-test/target/test-dir/MiniOzoneClusterImpl-152e7b22-107a-47df-8119-8865e0ec3973/datanode-0/data/ratis/d53f8e28-96f8-42f2-b0b0-c3aa0222aad6] INFO  segmented.SegmentedRaftLogWorker (SegmentedRaftLogWorker.java:execute(569)) - f46943e6-d0b5-49ad-a452-52d168b509a4-SegmentedRaftLogWorker:Storage Directory /workdir/hadoop-ozone/integration-test/target/test-dir/MiniOzoneClusterImpl-152e7b22-107a-47df-8119-8865e0ec3973/datanode-0/data/ratis/d53f8e28-96f8-42f2-b0b0-c3aa0222aad6: created new log segment /workdir/hadoop-ozone/integration-test/target/test-dir/MiniOzoneClusterImpl-152e7b22-107a-47df-8119-8865e0ec3973/datanode-0/data/ratis/d53f8e28-96f8-42f2-b0b0-c3aa0222aad6/current/log_inprogress_0
2019-09-12 10:42:20,611 [83afca36-bc46-4fa0-b00b-f7c85a4fa46c-SegmentedRaftLogWorker:Storage Directory /workdir/hadoop-ozone/integration-test/target/test-dir/MiniOzoneClusterImpl-152e7b22-107a-47df-8119-8865e0ec3973/datanode-1/data/ratis/34834c08-8e18-49a1-bde5-ab4e8e10435e] INFO  segmented.SegmentedRaftLogWorker (SegmentedRaftLogWorker.java:execute(569)) - 83afca36-bc46-4fa0-b00b-f7c85a4fa46c-SegmentedRaftLogWorker:Storage Directory /workdir/hadoop-ozone/integration-test/target/test-dir/MiniOzoneClusterImpl-152e7b22-107a-47df-8119-8865e0ec3973/datanode-1/data/ratis/34834c08-8e18-49a1-bde5-ab4e8e10435e: created new log segment /workdir/hadoop-ozone/integration-test/target/test-dir/MiniOzoneClusterImpl-152e7b22-107a-47df-8119-8865e0ec3973/datanode-1/data/ratis/34834c08-8e18-49a1-bde5-ab4e8e10435e/current/log_inprogress_0
2019-09-12 10:42:20,624 [f46943e6-d0b5-49ad-a452-52d168b509a4-SegmentedRaftLogWorker:Storage Directory /workdir/hadoop-ozone/integration-test/target/test-dir/MiniOzoneClusterImpl-152e7b22-107a-47df-8119-8865e0ec3973/datanode-0/data/ratis/b59e646c-d6e5-4455-916f-91f4fedd3e86] INFO  segmented.SegmentedRaftLogWorker (SegmentedRaftLogWorker.java:execute(569)) - f46943e6-d0b5-49ad-a452-52d168b509a4-SegmentedRaftLogWorker:Storage Directory /workdir/hadoop-ozone/integration-test/target/test-dir/MiniOzoneClusterImpl-152e7b22-107a-47df-8119-8865e0ec3973/datanode-0/data/ratis/b59e646c-d6e5-4455-916f-91f4fedd3e86: created new log segment /workdir/hadoop-ozone/integration-test/target/test-dir/MiniOzoneClusterImpl-152e7b22-107a-47df-8119-8865e0ec3973/datanode-0/data/ratis/b59e646c-d6e5-4455-916f-91f4fedd3e86/current/log_inprogress_0
2019-09-12 10:42:20,707 [Thread-189] INFO  impl.FollowerState (FollowerState.java:run(106)) - f46943e6-d0b5-49ad-a452-52d168b509a4:group-881CCF30B6D7 changes to CANDIDATE, lastRpcTime:5171, electionTimeout:5171ms
2019-09-12 10:42:20,709 [Thread-189] INFO  impl.RoleInfo (RoleInfo.java:shutdownFollowerState(121)) - f46943e6-d0b5-49ad-a452-52d168b509a4: shutdown FollowerState
2019-09-12 10:42:20,709 [Thread-189] INFO  impl.RaftServerImpl (RaftServerImpl.java:setRole(171)) - f46943e6-d0b5-49ad-a452-52d168b509a4:group-881CCF30B6D7 changes role from FOLLOWER to CANDIDATE at term 0 for changeToCandidate
2019-09-12 10:42:20,710 [Thread-189] INFO  impl.RoleInfo (RoleInfo.java:updateAndGet(143)) - f46943e6-d0b5-49ad-a452-52d168b509a4: start LeaderElection
2019-09-12 10:42:20,726 [f46943e6-d0b5-49ad-a452-52d168b509a4:group-881CCF30B6D7:LeaderElection4] INFO  impl.LeaderElection (LeaderElection.java:askForVotes(181)) - f46943e6-d0b5-49ad-a452-52d168b509a4:group-881CCF30B6D7:LeaderElection4: begin an election at term 1 for -1: [f46943e6-d0b5-49ad-a452-52d168b509a4:192.168.36.114:36374], old=null
2019-09-12 10:42:20,727 [f46943e6-d0b5-49ad-a452-52d168b509a4:group-881CCF30B6D7:LeaderElection4] INFO  impl.RoleInfo (RoleInfo.java:shutdownLeaderElection(134)) - f46943e6-d0b5-49ad-a452-52d168b509a4: shutdown LeaderElection
2019-09-12 10:42:20,727 [f46943e6-d0b5-49ad-a452-52d168b509a4:group-881CCF30B6D7:LeaderElection4] INFO  impl.RaftServerImpl (RaftServerImpl.java:setRole(171)) - f46943e6-d0b5-49ad-a452-52d168b509a4:group-881CCF30B6D7 changes role from CANDIDATE to LEADER at term 1 for changeToLeader
2019-09-12 10:42:20,728 [f46943e6-d0b5-49ad-a452-52d168b509a4:group-881CCF30B6D7:LeaderElection4] INFO  impl.RaftServerImpl (ServerState.java:setLeader(263)) - f46943e6-d0b5-49ad-a452-52d168b509a4:group-881CCF30B6D7 change Leader from null to f46943e6-d0b5-49ad-a452-52d168b509a4 at term 1 for becomeLeader, leader elected after 5197ms
2019-09-12 10:42:20,729 [f46943e6-d0b5-49ad-a452-52d168b509a4:group-881CCF30B6D7:LeaderElection4] INFO  server.RaftServerConfigKeys (ConfUtils.java:logGet(43)) - raft.server.staging.catchup.gap = 1000 (default)
2019-09-12 10:42:20,729 [f46943e6-d0b5-49ad-a452-52d168b509a4:group-881CCF30B6D7:LeaderElection4] INFO  server.RaftServerConfigKeys (ConfUtils.java:logGet(43)) - raft.server.rpc.sleep.time = 25ms (default)
2019-09-12 10:42:20,729 [f46943e6-d0b5-49ad-a452-52d168b509a4:group-881CCF30B6D7:LeaderElection4] INFO  server.RaftServerConfigKeys (ConfUtils.java:logGet(43)) - raft.server.write.element-limit = 4096 (default)
2019-09-12 10:42:20,729 [f46943e6-d0b5-49ad-a452-52d168b509a4:group-881CCF30B6D7:LeaderElection4] INFO  server.RaftServerConfigKeys (ConfUtils.java:logGet(43)) - raft.server.watch.timeout = 10s (default)
2019-09-12 10:42:20,730 [f46943e6-d0b5-49ad-a452-52d168b509a4:group-881CCF30B6D7:LeaderElection4] INFO  server.RaftServerConfigKeys (ConfUtils.java:logGet(43)) - raft.server.watch.timeout.denomination = 1s (default)
2019-09-12 10:42:20,730 [f46943e6-d0b5-49ad-a452-52d168b509a4:group-881CCF30B6D7:LeaderElection4] INFO  server.RaftServerConfigKeys (ConfUtils.java:logGet(43)) - raft.server.watch.element-limit = 65536 (default)
2019-09-12 10:42:20,730 [f46943e6-d0b5-49ad-a452-52d168b509a4:group-881CCF30B6D7:LeaderElection4] INFO  impl.RoleInfo (RoleInfo.java:updateAndGet(143)) - f46943e6-d0b5-49ad-a452-52d168b509a4: start LeaderState
2019-09-12 10:42:20,731 [f46943e6-d0b5-49ad-a452-52d168b509a4:group-881CCF30B6D7:LeaderElection4] INFO  segmented.SegmentedRaftLogWorker (SegmentedRaftLogWorker.java:startLogSegment(380)) - f46943e6-d0b5-49ad-a452-52d168b509a4-SegmentedRaftLogWorker:Storage Directory /workdir/hadoop-ozone/integration-test/target/test-dir/MiniOzoneClusterImpl-152e7b22-107a-47df-8119-8865e0ec3973/datanode-0/data/ratis/b067f1a2-ba63-4c79-aea0-881ccf30b6d7: Starting segment from index:0
2019-09-12 10:42:20,732 [Thread-196] INFO  impl.FollowerState (FollowerState.java:run(106)) - f46943e6-d0b5-49ad-a452-52d168b509a4:group-CEF04E62A189 changes to CANDIDATE, lastRpcTime:5027, electionTimeout:5027ms
2019-09-12 10:42:20,732 [Thread-196] INFO  impl.RoleInfo (RoleInfo.java:shutdownFollowerState(121)) - f46943e6-d0b5-49ad-a452-52d168b509a4: shutdown FollowerState
2019-09-12 10:42:20,732 [Thread-196] INFO  impl.RaftServerImpl (RaftServerImpl.java:setRole(171)) - f46943e6-d0b5-49ad-a452-52d168b509a4:group-CEF04E62A189 changes role from FOLLOWER to CANDIDATE at term 0 for changeToCandidate
2019-09-12 10:42:20,733 [Thread-196] INFO  impl.RoleInfo (RoleInfo.java:updateAndGet(143)) - f46943e6-d0b5-49ad-a452-52d168b509a4: start LeaderElection
2019-09-12 10:42:20,733 [f46943e6-d0b5-49ad-a452-52d168b509a4:group-881CCF30B6D7:LeaderElection4] INFO  impl.RaftServerImpl (ServerState.java:setRaftConf(361)) - f46943e6-d0b5-49ad-a452-52d168b509a4:group-881CCF30B6D7 set configuration 0: [f46943e6-d0b5-49ad-a452-52d168b509a4:192.168.36.114:36374], old=null at 0
2019-09-12 10:42:20,770 [Thread-192] INFO  impl.FollowerState (FollowerState.java:run(106)) - f46943e6-d0b5-49ad-a452-52d168b509a4:group-D85B191ACCF4 changes to CANDIDATE, lastRpcTime:5156, electionTimeout:5144ms
2019-09-12 10:42:20,771 [Thread-192] INFO  impl.RoleInfo (RoleInfo.java:shutdownFollowerState(121)) - f46943e6-d0b5-49ad-a452-52d168b509a4: shutdown FollowerState
2019-09-12 10:42:20,773 [Thread-192] INFO  impl.RaftServerImpl (RaftServerImpl.java:setRole(171)) - f46943e6-d0b5-49ad-a452-52d168b509a4:group-D85B191ACCF4 changes role from FOLLOWER to CANDIDATE at term 0 for changeToCandidate
2019-09-12 10:42:20,773 [Thread-192] INFO  impl.RoleInfo (RoleInfo.java:updateAndGet(143)) - f46943e6-d0b5-49ad-a452-52d168b509a4: start LeaderElection
2019-09-12 10:42:20,784 [f46943e6-d0b5-49ad-a452-52d168b509a4-SegmentedRaftLogWorker:Storage Directory /workdir/hadoop-ozone/integration-test/target/test-dir/MiniOzoneClusterImpl-152e7b22-107a-47df-8119-8865e0ec3973/datanode-0/data/ratis/b067f1a2-ba63-4c79-aea0-881ccf30b6d7] INFO  segmented.SegmentedRaftLogWorker (SegmentedRaftLogWorker.java:execute(569)) - f46943e6-d0b5-49ad-a452-52d168b509a4-SegmentedRaftLogWorker:Storage Directory /workdir/hadoop-ozone/integration-test/target/test-dir/MiniOzoneClusterImpl-152e7b22-107a-47df-8119-8865e0ec3973/datanode-0/data/ratis/b067f1a2-ba63-4c79-aea0-881ccf30b6d7: created new log segment /workdir/hadoop-ozone/integration-test/target/test-dir/MiniOzoneClusterImpl-152e7b22-107a-47df-8119-8865e0ec3973/datanode-0/data/ratis/b067f1a2-ba63-4c79-aea0-881ccf30b6d7/current/log_inprogress_0
2019-09-12 10:42:20,784 [f46943e6-d0b5-49ad-a452-52d168b509a4:group-CEF04E62A189:LeaderElection5] INFO  impl.LeaderElection (LeaderElection.java:askForVotes(181)) - f46943e6-d0b5-49ad-a452-52d168b509a4:group-CEF04E62A189:LeaderElection5: begin an election at term 1 for -1: [f46943e6-d0b5-49ad-a452-52d168b509a4:192.168.36.114:36374], old=null
2019-09-12 10:42:20,784 [f46943e6-d0b5-49ad-a452-52d168b509a4:group-D85B191ACCF4:LeaderElection6] INFO  impl.LeaderElection (LeaderElection.java:askForVotes(181)) - f46943e6-d0b5-49ad-a452-52d168b509a4:group-D85B191ACCF4:LeaderElection6: begin an election at term 1 for -1: [f46943e6-d0b5-49ad-a452-52d168b509a4:192.168.36.114:36374], old=null
2019-09-12 10:42:20,786 [f46943e6-d0b5-49ad-a452-52d168b509a4:group-CEF04E62A189:LeaderElection5] INFO  impl.RoleInfo (RoleInfo.java:shutdownLeaderElection(134)) - f46943e6-d0b5-49ad-a452-52d168b509a4: shutdown LeaderElection
2019-09-12 10:42:20,786 [f46943e6-d0b5-49ad-a452-52d168b509a4:group-D85B191ACCF4:LeaderElection6] INFO  impl.RoleInfo (RoleInfo.java:shutdownLeaderElection(134)) - f46943e6-d0b5-49ad-a452-52d168b509a4: shutdown LeaderElection
2019-09-12 10:42:20,786 [f46943e6-d0b5-49ad-a452-52d168b509a4:group-CEF04E62A189:LeaderElection5] INFO  impl.RaftServerImpl (RaftServerImpl.java:setRole(171)) - f46943e6-d0b5-49ad-a452-52d168b509a4:group-CEF04E62A189 changes role from CANDIDATE to LEADER at term 1 for changeToLeader
2019-09-12 10:42:20,786 [f46943e6-d0b5-49ad-a452-52d168b509a4:group-D85B191ACCF4:LeaderElection6] INFO  impl.RaftServerImpl (RaftServerImpl.java:setRole(171)) - f46943e6-d0b5-49ad-a452-52d168b509a4:group-D85B191ACCF4 changes role from CANDIDATE to LEADER at term 1 for changeToLeader
2019-09-12 10:42:20,786 [f46943e6-d0b5-49ad-a452-52d168b509a4:group-CEF04E62A189:LeaderElection5] INFO  impl.RaftServerImpl (ServerState.java:setLeader(263)) - f46943e6-d0b5-49ad-a452-52d168b509a4:group-CEF04E62A189 change Leader from null to f46943e6-d0b5-49ad-a452-52d168b509a4 at term 1 for becomeLeader, leader elected after 5086ms
2019-09-12 10:42:20,786 [f46943e6-d0b5-49ad-a452-52d168b509a4:group-D85B191ACCF4:LeaderElection6] INFO  impl.RaftServerImpl (ServerState.java:setLeader(263)) - f46943e6-d0b5-49ad-a452-52d168b509a4:group-D85B191ACCF4 change Leader from null to f46943e6-d0b5-49ad-a452-52d168b509a4 at term 1 for becomeLeader, leader elected after 5177ms
2019-09-12 10:42:20,786 [f46943e6-d0b5-49ad-a452-52d168b509a4:group-CEF04E62A189:LeaderElection5] INFO  server.RaftServerConfigKeys (ConfUtils.java:logGet(43)) - raft.server.staging.catchup.gap = 1000 (default)
2019-09-12 10:42:20,786 [f46943e6-d0b5-49ad-a452-52d168b509a4:group-D85B191ACCF4:LeaderElection6] INFO  server.RaftServerConfigKeys (ConfUtils.java:logGet(43)) - raft.server.staging.catchup.gap = 1000 (default)
2019-09-12 10:42:20,787 [f46943e6-d0b5-49ad-a452-52d168b509a4:group-CEF04E62A189:LeaderElection5] INFO  server.RaftServerConfigKeys (ConfUtils.java:logGet(43)) - raft.server.rpc.sleep.time = 25ms (default)
2019-09-12 10:42:20,787 [f46943e6-d0b5-49ad-a452-52d168b509a4:group-D85B191ACCF4:LeaderElection6] INFO  server.RaftServerConfigKeys (ConfUtils.java:logGet(43)) - raft.server.rpc.sleep.time = 25ms (default)
2019-09-12 10:42:20,787 [f46943e6-d0b5-49ad-a452-52d168b509a4:group-CEF04E62A189:LeaderElection5] INFO  server.RaftServerConfigKeys (ConfUtils.java:logGet(43)) - raft.server.write.element-limit = 4096 (default)
2019-09-12 10:42:20,787 [f46943e6-d0b5-49ad-a452-52d168b509a4:group-D85B191ACCF4:LeaderElection6] INFO  server.RaftServerConfigKeys (ConfUtils.java:logGet(43)) - raft.server.write.element-limit = 4096 (default)
2019-09-12 10:42:20,787 [f46943e6-d0b5-49ad-a452-52d168b509a4:group-CEF04E62A189:LeaderElection5] INFO  server.RaftServerConfigKeys (ConfUtils.java:logGet(43)) - raft.server.watch.timeout = 10s (default)
2019-09-12 10:42:20,787 [f46943e6-d0b5-49ad-a452-52d168b509a4:group-D85B191ACCF4:LeaderElection6] INFO  server.RaftServerConfigKeys (ConfUtils.java:logGet(43)) - raft.server.watch.timeout = 10s (default)
2019-09-12 10:42:20,788 [f46943e6-d0b5-49ad-a452-52d168b509a4:group-CEF04E62A189:LeaderElection5] INFO  server.RaftServerConfigKeys (ConfUtils.java:logGet(43)) - raft.server.watch.timeout.denomination = 1s (default)
2019-09-12 10:42:20,788 [f46943e6-d0b5-49ad-a452-52d168b509a4:group-D85B191ACCF4:LeaderElection6] INFO  server.RaftServerConfigKeys (ConfUtils.java:logGet(43)) - raft.server.watch.timeout.denomination = 1s (default)
2019-09-12 10:42:20,788 [f46943e6-d0b5-49ad-a452-52d168b509a4:group-CEF04E62A189:LeaderElection5] INFO  server.RaftServerConfigKeys (ConfUtils.java:logGet(43)) - raft.server.watch.element-limit = 65536 (default)
2019-09-12 10:42:20,788 [f46943e6-d0b5-49ad-a452-52d168b509a4:group-D85B191ACCF4:LeaderElection6] INFO  server.RaftServerConfigKeys (ConfUtils.java:logGet(43)) - raft.server.watch.element-limit = 65536 (default)
2019-09-12 10:42:20,788 [f46943e6-d0b5-49ad-a452-52d168b509a4:group-CEF04E62A189:LeaderElection5] INFO  impl.RoleInfo (RoleInfo.java:updateAndGet(143)) - f46943e6-d0b5-49ad-a452-52d168b509a4: start LeaderState
2019-09-12 10:42:20,788 [f46943e6-d0b5-49ad-a452-52d168b509a4:group-D85B191ACCF4:LeaderElection6] INFO  impl.RoleInfo (RoleInfo.java:updateAndGet(143)) - f46943e6-d0b5-49ad-a452-52d168b509a4: start LeaderState
2019-09-12 10:42:20,789 [f46943e6-d0b5-49ad-a452-52d168b509a4:group-CEF04E62A189:LeaderElection5] INFO  segmented.SegmentedRaftLogWorker (SegmentedRaftLogWorker.java:startLogSegment(380)) - f46943e6-d0b5-49ad-a452-52d168b509a4-SegmentedRaftLogWorker:Storage Directory /workdir/hadoop-ozone/integration-test/target/test-dir/MiniOzoneClusterImpl-152e7b22-107a-47df-8119-8865e0ec3973/datanode-0/data/ratis/c0f92eb9-e6e3-40a1-ab5e-cef04e62a189: Starting segment from index:0
2019-09-12 10:42:20,789 [f46943e6-d0b5-49ad-a452-52d168b509a4:group-D85B191ACCF4:LeaderElection6] INFO  segmented.SegmentedRaftLogWorker (SegmentedRaftLogWorker.java:startLogSegment(380)) - f46943e6-d0b5-49ad-a452-52d168b509a4-SegmentedRaftLogWorker:Storage Directory /workdir/hadoop-ozone/integration-test/target/test-dir/MiniOzoneClusterImpl-152e7b22-107a-47df-8119-8865e0ec3973/datanode-0/data/ratis/ba844e06-2568-4115-a714-d85b191accf4: Starting segment from index:0
2019-09-12 10:42:20,789 [f46943e6-d0b5-49ad-a452-52d168b509a4:group-CEF04E62A189:LeaderElection5] INFO  impl.RaftServerImpl (ServerState.java:setRaftConf(361)) - f46943e6-d0b5-49ad-a452-52d168b509a4:group-CEF04E62A189 set configuration 0: [f46943e6-d0b5-49ad-a452-52d168b509a4:192.168.36.114:36374], old=null at 0
2019-09-12 10:42:20,819 [f46943e6-d0b5-49ad-a452-52d168b509a4:group-D85B191ACCF4:LeaderElection6] INFO  impl.RaftServerImpl (ServerState.java:setRaftConf(361)) - f46943e6-d0b5-49ad-a452-52d168b509a4:group-D85B191ACCF4 set configuration 0: [f46943e6-d0b5-49ad-a452-52d168b509a4:192.168.36.114:36374], old=null at 0
2019-09-12 10:42:20,848 [f46943e6-d0b5-49ad-a452-52d168b509a4-SegmentedRaftLogWorker:Storage Directory /workdir/hadoop-ozone/integration-test/target/test-dir/MiniOzoneClusterImpl-152e7b22-107a-47df-8119-8865e0ec3973/datanode-0/data/ratis/c0f92eb9-e6e3-40a1-ab5e-cef04e62a189] INFO  segmented.SegmentedRaftLogWorker (SegmentedRaftLogWorker.java:execute(569)) - f46943e6-d0b5-49ad-a452-52d168b509a4-SegmentedRaftLogWorker:Storage Directory /workdir/hadoop-ozone/integration-test/target/test-dir/MiniOzoneClusterImpl-152e7b22-107a-47df-8119-8865e0ec3973/datanode-0/data/ratis/c0f92eb9-e6e3-40a1-ab5e-cef04e62a189: created new log segment /workdir/hadoop-ozone/integration-test/target/test-dir/MiniOzoneClusterImpl-152e7b22-107a-47df-8119-8865e0ec3973/datanode-0/data/ratis/c0f92eb9-e6e3-40a1-ab5e-cef04e62a189/current/log_inprogress_0
2019-09-12 10:42:20,850 [grpc-default-executor-0] INFO  client.GrpcClientProtocolClient (GrpcClientProtocolClient.java:onNext(255)) - client-49DACC028622->f46943e6-d0b5-49ad-a452-52d168b509a4: receive RaftClientReply:client-49DACC028622->f46943e6-d0b5-49ad-a452-52d168b509a4@group-881CCF30B6D7, cid=18, FAILED org.apache.ratis.protocol.LeaderNotReadyException: f46943e6-d0b5-49ad-a452-52d168b509a4 is in LEADER state but not ready yet., logIndex=0, commits[f46943e6-d0b5-49ad-a452-52d168b509a4:c-1]
2019-09-12 10:42:20,861 [f46943e6-d0b5-49ad-a452-52d168b509a4-SegmentedRaftLogWorker:Storage Directory /workdir/hadoop-ozone/integration-test/target/test-dir/MiniOzoneClusterImpl-152e7b22-107a-47df-8119-8865e0ec3973/datanode-0/data/ratis/ba844e06-2568-4115-a714-d85b191accf4] INFO  segmented.SegmentedRaftLogWorker (SegmentedRaftLogWorker.java:execute(569)) - f46943e6-d0b5-49ad-a452-52d168b509a4-SegmentedRaftLogWorker:Storage Directory /workdir/hadoop-ozone/integration-test/target/test-dir/MiniOzoneClusterImpl-152e7b22-107a-47df-8119-8865e0ec3973/datanode-0/data/ratis/ba844e06-2568-4115-a714-d85b191accf4: created new log segment /workdir/hadoop-ozone/integration-test/target/test-dir/MiniOzoneClusterImpl-152e7b22-107a-47df-8119-8865e0ec3973/datanode-0/data/ratis/ba844e06-2568-4115-a714-d85b191accf4/current/log_inprogress_0
2019-09-12 10:42:20,916 [Thread-206] INFO  impl.FollowerState (FollowerState.java:run(106)) - f46943e6-d0b5-49ad-a452-52d168b509a4:group-DBBAB0B6822F changes to CANDIDATE, lastRpcTime:5017, electionTimeout:5017ms
2019-09-12 10:42:20,916 [Thread-206] INFO  impl.RoleInfo (RoleInfo.java:shutdownFollowerState(121)) - f46943e6-d0b5-49ad-a452-52d168b509a4: shutdown FollowerState
2019-09-12 10:42:20,916 [Thread-206] INFO  impl.RaftServerImpl (RaftServerImpl.java:setRole(171)) - f46943e6-d0b5-49ad-a452-52d168b509a4:group-DBBAB0B6822F changes role from FOLLOWER to CANDIDATE at term 0 for changeToCandidate
2019-09-12 10:42:20,916 [Thread-206] INFO  impl.RoleInfo (RoleInfo.java:updateAndGet(143)) - f46943e6-d0b5-49ad-a452-52d168b509a4: start LeaderElection
2019-09-12 10:42:20,933 [f46943e6-d0b5-49ad-a452-52d168b509a4:group-DBBAB0B6822F:LeaderElection7] INFO  impl.LeaderElection (LeaderElection.java:askForVotes(181)) - f46943e6-d0b5-49ad-a452-52d168b509a4:group-DBBAB0B6822F:LeaderElection7: begin an election at term 1 for -1: [f46943e6-d0b5-49ad-a452-52d168b509a4:192.168.36.114:36374], old=null
2019-09-12 10:42:20,934 [f46943e6-d0b5-49ad-a452-52d168b509a4:group-DBBAB0B6822F:LeaderElection7] INFO  impl.RoleInfo (RoleInfo.java:shutdownLeaderElection(134)) - f46943e6-d0b5-49ad-a452-52d168b509a4: shutdown LeaderElection
2019-09-12 10:42:20,934 [f46943e6-d0b5-49ad-a452-52d168b509a4:group-DBBAB0B6822F:LeaderElection7] INFO  impl.RaftServerImpl (RaftServerImpl.java:setRole(171)) - f46943e6-d0b5-49ad-a452-52d168b509a4:group-DBBAB0B6822F changes role from CANDIDATE to LEADER at term 1 for changeToLeader
2019-09-12 10:42:20,934 [f46943e6-d0b5-49ad-a452-52d168b509a4:group-DBBAB0B6822F:LeaderElection7] INFO  impl.RaftServerImpl (ServerState.java:setLeader(263)) - f46943e6-d0b5-49ad-a452-52d168b509a4:group-DBBAB0B6822F change Leader from null to f46943e6-d0b5-49ad-a452-52d168b509a4 at term 1 for becomeLeader, leader elected after 5039ms
2019-09-12 10:42:20,934 [f46943e6-d0b5-49ad-a452-52d168b509a4:group-DBBAB0B6822F:LeaderElection7] INFO  server.RaftServerConfigKeys (ConfUtils.java:logGet(43)) - raft.server.staging.catchup.gap = 1000 (default)
2019-09-12 10:42:20,934 [f46943e6-d0b5-49ad-a452-52d168b509a4:group-DBBAB0B6822F:LeaderElection7] INFO  server.RaftServerConfigKeys (ConfUtils.java:logGet(43)) - raft.server.rpc.sleep.time = 25ms (default)
2019-09-12 10:42:20,935 [f46943e6-d0b5-49ad-a452-52d168b509a4:group-DBBAB0B6822F:LeaderElection7] INFO  server.RaftServerConfigKeys (ConfUtils.java:logGet(43)) - raft.server.write.element-limit = 4096 (default)
2019-09-12 10:42:20,935 [f46943e6-d0b5-49ad-a452-52d168b509a4:group-DBBAB0B6822F:LeaderElection7] INFO  server.RaftServerConfigKeys (ConfUtils.java:logGet(43)) - raft.server.watch.timeout = 10s (default)
2019-09-12 10:42:20,935 [f46943e6-d0b5-49ad-a452-52d168b509a4:group-DBBAB0B6822F:LeaderElection7] INFO  server.RaftServerConfigKeys (ConfUtils.java:logGet(43)) - raft.server.watch.timeout.denomination = 1s (default)
2019-09-12 10:42:20,935 [f46943e6-d0b5-49ad-a452-52d168b509a4:group-DBBAB0B6822F:LeaderElection7] INFO  server.RaftServerConfigKeys (ConfUtils.java:logGet(43)) - raft.server.watch.element-limit = 65536 (default)
2019-09-12 10:42:20,935 [f46943e6-d0b5-49ad-a452-52d168b509a4:group-DBBAB0B6822F:LeaderElection7] INFO  impl.RoleInfo (RoleInfo.java:updateAndGet(143)) - f46943e6-d0b5-49ad-a452-52d168b509a4: start LeaderState
2019-09-12 10:42:20,936 [f46943e6-d0b5-49ad-a452-52d168b509a4:group-DBBAB0B6822F:LeaderElection7] INFO  segmented.SegmentedRaftLogWorker (SegmentedRaftLogWorker.java:startLogSegment(380)) - f46943e6-d0b5-49ad-a452-52d168b509a4-SegmentedRaftLogWorker:Storage Directory /workdir/hadoop-ozone/integration-test/target/test-dir/MiniOzoneClusterImpl-152e7b22-107a-47df-8119-8865e0ec3973/datanode-0/data/ratis/02b7831f-b388-4403-8b7d-dbbab0b6822f: Starting segment from index:0
2019-09-12 10:42:20,936 [f46943e6-d0b5-49ad-a452-52d168b509a4:group-DBBAB0B6822F:LeaderElection7] INFO  impl.RaftServerImpl (ServerState.java:setRaftConf(361)) - f46943e6-d0b5-49ad-a452-52d168b509a4:group-DBBAB0B6822F set configuration 0: [f46943e6-d0b5-49ad-a452-52d168b509a4:192.168.36.114:36374], old=null at 0
2019-09-12 10:42:20,978 [Thread-200] INFO  impl.FollowerState (FollowerState.java:run(106)) - 83afca36-bc46-4fa0-b00b-f7c85a4fa46c:group-1F61CBBD3D7D changes to CANDIDATE, lastRpcTime:5197, electionTimeout:5173ms
2019-09-12 10:42:20,978 [Thread-203] INFO  impl.FollowerState (FollowerState.java:run(106)) - 83afca36-bc46-4fa0-b00b-f7c85a4fa46c:group-01C38F94922B changes to CANDIDATE, lastRpcTime:5136, electionTimeout:5099ms
2019-09-12 10:42:20,978 [Thread-200] INFO  impl.RoleInfo (RoleInfo.java:shutdownFollowerState(121)) - 83afca36-bc46-4fa0-b00b-f7c85a4fa46c: shutdown FollowerState
2019-09-12 10:42:20,978 [Thread-203] INFO  impl.RoleInfo (RoleInfo.java:shutdownFollowerState(121)) - 83afca36-bc46-4fa0-b00b-f7c85a4fa46c: shutdown FollowerState
2019-09-12 10:42:20,978 [Thread-200] INFO  impl.RaftServerImpl (RaftServerImpl.java:setRole(171)) - 83afca36-bc46-4fa0-b00b-f7c85a4fa46c:group-1F61CBBD3D7D changes role from FOLLOWER to CANDIDATE at term 0 for changeToCandidate
2019-09-12 10:42:20,978 [Thread-203] INFO  impl.RaftServerImpl (RaftServerImpl.java:setRole(171)) - 83afca36-bc46-4fa0-b00b-f7c85a4fa46c:group-01C38F94922B changes role from FOLLOWER to CANDIDATE at term 0 for changeToCandidate
2019-09-12 10:42:20,978 [Thread-200] INFO  impl.RoleInfo (RoleInfo.java:updateAndGet(143)) - 83afca36-bc46-4fa0-b00b-f7c85a4fa46c: start LeaderElection
2019-09-12 10:42:20,979 [Thread-203] INFO  impl.RoleInfo (RoleInfo.java:updateAndGet(143)) - 83afca36-bc46-4fa0-b00b-f7c85a4fa46c: start LeaderElection
2019-09-12 10:42:20,991 | INFO  | SCMAudit | user=jenkins1000 | ip=192.168.36.114 | op=SEND_HEARTBEAT {datanodeUUID=f46943e6-d0b5-49ad-a452-52d168b509a4, command=[]} | ret=SUCCESS |  
2019-09-12 10:42:20,992 [f46943e6-d0b5-49ad-a452-52d168b509a4-SegmentedRaftLogWorker:Storage Directory /workdir/hadoop-ozone/integration-test/target/test-dir/MiniOzoneClusterImpl-152e7b22-107a-47df-8119-8865e0ec3973/datanode-0/data/ratis/02b7831f-b388-4403-8b7d-dbbab0b6822f] INFO  segmented.SegmentedRaftLogWorker (SegmentedRaftLogWorker.java:execute(569)) - f46943e6-d0b5-49ad-a452-52d168b509a4-SegmentedRaftLogWorker:Storage Directory /workdir/hadoop-ozone/integration-test/target/test-dir/MiniOzoneClusterImpl-152e7b22-107a-47df-8119-8865e0ec3973/datanode-0/data/ratis/02b7831f-b388-4403-8b7d-dbbab0b6822f: created new log segment /workdir/hadoop-ozone/integration-test/target/test-dir/MiniOzoneClusterImpl-152e7b22-107a-47df-8119-8865e0ec3973/datanode-0/data/ratis/02b7831f-b388-4403-8b7d-dbbab0b6822f/current/log_inprogress_0
2019-09-12 10:42:20,992 [83afca36-bc46-4fa0-b00b-f7c85a4fa46c:group-1F61CBBD3D7D:LeaderElection8] INFO  impl.LeaderElection (LeaderElection.java:askForVotes(181)) - 83afca36-bc46-4fa0-b00b-f7c85a4fa46c:group-1F61CBBD3D7D:LeaderElection8: begin an election at term 1 for -1: [83afca36-bc46-4fa0-b00b-f7c85a4fa46c:192.168.36.114:45896], old=null
2019-09-12 10:42:20,992 [83afca36-bc46-4fa0-b00b-f7c85a4fa46c:group-01C38F94922B:LeaderElection9] INFO  impl.LeaderElection (LeaderElection.java:askForVotes(181)) - 83afca36-bc46-4fa0-b00b-f7c85a4fa46c:group-01C38F94922B:LeaderElection9: begin an election at term 1 for -1: [83afca36-bc46-4fa0-b00b-f7c85a4fa46c:192.168.36.114:45896], old=null
2019-09-12 10:42:20,993 [83afca36-bc46-4fa0-b00b-f7c85a4fa46c:group-1F61CBBD3D7D:LeaderElection8] INFO  impl.RoleInfo (RoleInfo.java:shutdownLeaderElection(134)) - 83afca36-bc46-4fa0-b00b-f7c85a4fa46c: shutdown LeaderElection
2019-09-12 10:42:20,993 [83afca36-bc46-4fa0-b00b-f7c85a4fa46c:group-01C38F94922B:LeaderElection9] INFO  impl.RoleInfo (RoleInfo.java:shutdownLeaderElection(134)) - 83afca36-bc46-4fa0-b00b-f7c85a4fa46c: shutdown LeaderElection
2019-09-12 10:42:20,993 [83afca36-bc46-4fa0-b00b-f7c85a4fa46c:group-1F61CBBD3D7D:LeaderElection8] INFO  impl.RaftServerImpl (RaftServerImpl.java:setRole(171)) - 83afca36-bc46-4fa0-b00b-f7c85a4fa46c:group-1F61CBBD3D7D changes role from CANDIDATE to LEADER at term 1 for changeToLeader
2019-09-12 10:42:20,993 [83afca36-bc46-4fa0-b00b-f7c85a4fa46c:group-01C38F94922B:LeaderElection9] INFO  impl.RaftServerImpl (RaftServerImpl.java:setRole(171)) - 83afca36-bc46-4fa0-b00b-f7c85a4fa46c:group-01C38F94922B changes role from CANDIDATE to LEADER at term 1 for changeToLeader
2019-09-12 10:42:20,993 [83afca36-bc46-4fa0-b00b-f7c85a4fa46c:group-1F61CBBD3D7D:LeaderElection8] INFO  impl.RaftServerImpl (ServerState.java:setLeader(263)) - 83afca36-bc46-4fa0-b00b-f7c85a4fa46c:group-1F61CBBD3D7D change Leader from null to 83afca36-bc46-4fa0-b00b-f7c85a4fa46c at term 1 for becomeLeader, leader elected after 5218ms
2019-09-12 10:42:20,994 [83afca36-bc46-4fa0-b00b-f7c85a4fa46c:group-01C38F94922B:LeaderElection9] INFO  impl.RaftServerImpl (ServerState.java:setLeader(263)) - 83afca36-bc46-4fa0-b00b-f7c85a4fa46c:group-01C38F94922B change Leader from null to 83afca36-bc46-4fa0-b00b-f7c85a4fa46c at term 1 for becomeLeader, leader elected after 5157ms
2019-09-12 10:42:20,994 [83afca36-bc46-4fa0-b00b-f7c85a4fa46c:group-1F61CBBD3D7D:LeaderElection8] INFO  server.RaftServerConfigKeys (ConfUtils.java:logGet(43)) - raft.server.staging.catchup.gap = 1000 (default)
2019-09-12 10:42:20,994 [83afca36-bc46-4fa0-b00b-f7c85a4fa46c:group-01C38F94922B:LeaderElection9] INFO  server.RaftServerConfigKeys (ConfUtils.java:logGet(43)) - raft.server.staging.catchup.gap = 1000 (default)
2019-09-12 10:42:20,994 [83afca36-bc46-4fa0-b00b-f7c85a4fa46c:group-1F61CBBD3D7D:LeaderElection8] INFO  server.RaftServerConfigKeys (ConfUtils.java:logGet(43)) - raft.server.rpc.sleep.time = 25ms (default)
2019-09-12 10:42:20,994 [83afca36-bc46-4fa0-b00b-f7c85a4fa46c:group-01C38F94922B:LeaderElection9] INFO  server.RaftServerConfigKeys (ConfUtils.java:logGet(43)) - raft.server.rpc.sleep.time = 25ms (default)
2019-09-12 10:42:20,994 [83afca36-bc46-4fa0-b00b-f7c85a4fa46c:group-1F61CBBD3D7D:LeaderElection8] INFO  server.RaftServerConfigKeys (ConfUtils.java:logGet(43)) - raft.server.write.element-limit = 4096 (default)
2019-09-12 10:42:20,994 [83afca36-bc46-4fa0-b00b-f7c85a4fa46c:group-01C38F94922B:LeaderElection9] INFO  server.RaftServerConfigKeys (ConfUtils.java:logGet(43)) - raft.server.write.element-limit = 4096 (default)
2019-09-12 10:42:20,994 [83afca36-bc46-4fa0-b00b-f7c85a4fa46c:group-1F61CBBD3D7D:LeaderElection8] INFO  server.RaftServerConfigKeys (ConfUtils.java:logGet(43)) - raft.server.watch.timeout = 10s (default)
2019-09-12 10:42:20,994 [83afca36-bc46-4fa0-b00b-f7c85a4fa46c:group-01C38F94922B:LeaderElection9] INFO  server.RaftServerConfigKeys (ConfUtils.java:logGet(43)) - raft.server.watch.timeout = 10s (default)
2019-09-12 10:42:20,995 [83afca36-bc46-4fa0-b00b-f7c85a4fa46c:group-1F61CBBD3D7D:LeaderElection8] INFO  server.RaftServerConfigKeys (ConfUtils.java:logGet(43)) - raft.server.watch.timeout.denomination = 1s (default)
2019-09-12 10:42:20,995 [83afca36-bc46-4fa0-b00b-f7c85a4fa46c:group-01C38F94922B:LeaderElection9] INFO  server.RaftServerConfigKeys (ConfUtils.java:logGet(43)) - raft.server.watch.timeout.denomination = 1s (default)
2019-09-12 10:42:20,995 [83afca36-bc46-4fa0-b00b-f7c85a4fa46c:group-1F61CBBD3D7D:LeaderElection8] INFO  server.RaftServerConfigKeys (ConfUtils.java:logGet(43)) - raft.server.watch.element-limit = 65536 (default)
2019-09-12 10:42:20,995 [83afca36-bc46-4fa0-b00b-f7c85a4fa46c:group-01C38F94922B:LeaderElection9] INFO  server.RaftServerConfigKeys (ConfUtils.java:logGet(43)) - raft.server.watch.element-limit = 65536 (default)
2019-09-12 10:42:20,995 [83afca36-bc46-4fa0-b00b-f7c85a4fa46c:group-01C38F94922B:LeaderElection9] INFO  impl.RoleInfo (RoleInfo.java:updateAndGet(143)) - 83afca36-bc46-4fa0-b00b-f7c85a4fa46c: start LeaderState
2019-09-12 10:42:20,995 [83afca36-bc46-4fa0-b00b-f7c85a4fa46c:group-1F61CBBD3D7D:LeaderElection8] INFO  impl.RoleInfo (RoleInfo.java:updateAndGet(143)) - 83afca36-bc46-4fa0-b00b-f7c85a4fa46c: start LeaderState
2019-09-12 10:42:20,995 [83afca36-bc46-4fa0-b00b-f7c85a4fa46c:group-01C38F94922B:LeaderElection9] INFO  segmented.SegmentedRaftLogWorker (SegmentedRaftLogWorker.java:startLogSegment(380)) - 83afca36-bc46-4fa0-b00b-f7c85a4fa46c-SegmentedRaftLogWorker:Storage Directory /workdir/hadoop-ozone/integration-test/target/test-dir/MiniOzoneClusterImpl-152e7b22-107a-47df-8119-8865e0ec3973/datanode-1/data/ratis/34926e31-1d38-4a5d-b74b-01c38f94922b: Starting segment from index:0
2019-09-12 10:42:20,995 [83afca36-bc46-4fa0-b00b-f7c85a4fa46c:group-1F61CBBD3D7D:LeaderElection8] INFO  segmented.SegmentedRaftLogWorker (SegmentedRaftLogWorker.java:startLogSegment(380)) - 83afca36-bc46-4fa0-b00b-f7c85a4fa46c-SegmentedRaftLogWorker:Storage Directory /workdir/hadoop-ozone/integration-test/target/test-dir/MiniOzoneClusterImpl-152e7b22-107a-47df-8119-8865e0ec3973/datanode-1/data/ratis/e980d6b8-788d-4ead-8c84-1f61cbbd3d7d: Starting segment from index:0
2019-09-12 10:42:20,996 [83afca36-bc46-4fa0-b00b-f7c85a4fa46c:group-01C38F94922B:LeaderElection9] INFO  impl.RaftServerImpl (ServerState.java:setRaftConf(361)) - 83afca36-bc46-4fa0-b00b-f7c85a4fa46c:group-01C38F94922B set configuration 0: [83afca36-bc46-4fa0-b00b-f7c85a4fa46c:192.168.36.114:45896], old=null at 0
2019-09-12 10:42:20,996 [83afca36-bc46-4fa0-b00b-f7c85a4fa46c:group-1F61CBBD3D7D:LeaderElection8] INFO  impl.RaftServerImpl (ServerState.java:setRaftConf(361)) - 83afca36-bc46-4fa0-b00b-f7c85a4fa46c:group-1F61CBBD3D7D set configuration 0: [83afca36-bc46-4fa0-b00b-f7c85a4fa46c:192.168.36.114:45896], old=null at 0
2019-09-12 10:42:21,045 [83afca36-bc46-4fa0-b00b-f7c85a4fa46c-SegmentedRaftLogWorker:Storage Directory /workdir/hadoop-ozone/integration-test/target/test-dir/MiniOzoneClusterImpl-152e7b22-107a-47df-8119-8865e0ec3973/datanode-1/data/ratis/e980d6b8-788d-4ead-8c84-1f61cbbd3d7d] INFO  segmented.SegmentedRaftLogWorker (SegmentedRaftLogWorker.java:execute(569)) - 83afca36-bc46-4fa0-b00b-f7c85a4fa46c-SegmentedRaftLogWorker:Storage Directory /workdir/hadoop-ozone/integration-test/target/test-dir/MiniOzoneClusterImpl-152e7b22-107a-47df-8119-8865e0ec3973/datanode-1/data/ratis/e980d6b8-788d-4ead-8c84-1f61cbbd3d7d: created new log segment /workdir/hadoop-ozone/integration-test/target/test-dir/MiniOzoneClusterImpl-152e7b22-107a-47df-8119-8865e0ec3973/datanode-1/data/ratis/e980d6b8-788d-4ead-8c84-1f61cbbd3d7d/current/log_inprogress_0
2019-09-12 10:42:21,045 [83afca36-bc46-4fa0-b00b-f7c85a4fa46c-SegmentedRaftLogWorker:Storage Directory /workdir/hadoop-ozone/integration-test/target/test-dir/MiniOzoneClusterImpl-152e7b22-107a-47df-8119-8865e0ec3973/datanode-1/data/ratis/34926e31-1d38-4a5d-b74b-01c38f94922b] INFO  segmented.SegmentedRaftLogWorker (SegmentedRaftLogWorker.java:execute(569)) - 83afca36-bc46-4fa0-b00b-f7c85a4fa46c-SegmentedRaftLogWorker:Storage Directory /workdir/hadoop-ozone/integration-test/target/test-dir/MiniOzoneClusterImpl-152e7b22-107a-47df-8119-8865e0ec3973/datanode-1/data/ratis/34926e31-1d38-4a5d-b74b-01c38f94922b: created new log segment /workdir/hadoop-ozone/integration-test/target/test-dir/MiniOzoneClusterImpl-152e7b22-107a-47df-8119-8865e0ec3973/datanode-1/data/ratis/34926e31-1d38-4a5d-b74b-01c38f94922b/current/log_inprogress_0
2019-09-12 10:42:21,078 [Thread-209] INFO  impl.FollowerState (FollowerState.java:run(106)) - 83afca36-bc46-4fa0-b00b-f7c85a4fa46c:group-0C45906E5069 changes to CANDIDATE, lastRpcTime:5095, electionTimeout:5095ms
2019-09-12 10:42:21,080 [Thread-209] INFO  impl.RoleInfo (RoleInfo.java:shutdownFollowerState(121)) - 83afca36-bc46-4fa0-b00b-f7c85a4fa46c: shutdown FollowerState
2019-09-12 10:42:21,080 [Thread-209] INFO  impl.RaftServerImpl (RaftServerImpl.java:setRole(171)) - 83afca36-bc46-4fa0-b00b-f7c85a4fa46c:group-0C45906E5069 changes role from FOLLOWER to CANDIDATE at term 0 for changeToCandidate
2019-09-12 10:42:21,080 [Thread-209] INFO  impl.RoleInfo (RoleInfo.java:updateAndGet(143)) - 83afca36-bc46-4fa0-b00b-f7c85a4fa46c: start LeaderElection
2019-09-12 10:42:21,096 [83afca36-bc46-4fa0-b00b-f7c85a4fa46c:group-0C45906E5069:LeaderElection10] INFO  impl.LeaderElection (LeaderElection.java:askForVotes(181)) - 83afca36-bc46-4fa0-b00b-f7c85a4fa46c:group-0C45906E5069:LeaderElection10: begin an election at term 1 for -1: [83afca36-bc46-4fa0-b00b-f7c85a4fa46c:192.168.36.114:45896], old=null
2019-09-12 10:42:21,097 [83afca36-bc46-4fa0-b00b-f7c85a4fa46c:group-0C45906E5069:LeaderElection10] INFO  impl.RoleInfo (RoleInfo.java:shutdownLeaderElection(134)) - 83afca36-bc46-4fa0-b00b-f7c85a4fa46c: shutdown LeaderElection
2019-09-12 10:42:21,097 [83afca36-bc46-4fa0-b00b-f7c85a4fa46c:group-0C45906E5069:LeaderElection10] INFO  impl.RaftServerImpl (RaftServerImpl.java:setRole(171)) - 83afca36-bc46-4fa0-b00b-f7c85a4fa46c:group-0C45906E5069 changes role from CANDIDATE to LEADER at term 1 for changeToLeader
2019-09-12 10:42:21,097 [83afca36-bc46-4fa0-b00b-f7c85a4fa46c:group-0C45906E5069:LeaderElection10] INFO  impl.RaftServerImpl (ServerState.java:setLeader(263)) - 83afca36-bc46-4fa0-b00b-f7c85a4fa46c:group-0C45906E5069 change Leader from null to 83afca36-bc46-4fa0-b00b-f7c85a4fa46c at term 1 for becomeLeader, leader elected after 5120ms
2019-09-12 10:42:21,098 [83afca36-bc46-4fa0-b00b-f7c85a4fa46c:group-0C45906E5069:LeaderElection10] INFO  server.RaftServerConfigKeys (ConfUtils.java:logGet(43)) - raft.server.staging.catchup.gap = 1000 (default)
2019-09-12 10:42:21,098 [83afca36-bc46-4fa0-b00b-f7c85a4fa46c:group-0C45906E5069:LeaderElection10] INFO  server.RaftServerConfigKeys (ConfUtils.java:logGet(43)) - raft.server.rpc.sleep.time = 25ms (default)
2019-09-12 10:42:21,098 [83afca36-bc46-4fa0-b00b-f7c85a4fa46c:group-0C45906E5069:LeaderElection10] INFO  server.RaftServerConfigKeys (ConfUtils.java:logGet(43)) - raft.server.write.element-limit = 4096 (default)
2019-09-12 10:42:21,098 [83afca36-bc46-4fa0-b00b-f7c85a4fa46c:group-0C45906E5069:LeaderElection10] INFO  server.RaftServerConfigKeys (ConfUtils.java:logGet(43)) - raft.server.watch.timeout = 10s (default)
2019-09-12 10:42:21,098 [83afca36-bc46-4fa0-b00b-f7c85a4fa46c:group-0C45906E5069:LeaderElection10] INFO  server.RaftServerConfigKeys (ConfUtils.java:logGet(43)) - raft.server.watch.timeout.denomination = 1s (default)
2019-09-12 10:42:21,098 [83afca36-bc46-4fa0-b00b-f7c85a4fa46c:group-0C45906E5069:LeaderElection10] INFO  server.RaftServerConfigKeys (ConfUtils.java:logGet(43)) - raft.server.watch.element-limit = 65536 (default)
2019-09-12 10:42:21,099 [83afca36-bc46-4fa0-b00b-f7c85a4fa46c:group-0C45906E5069:LeaderElection10] INFO  impl.RoleInfo (RoleInfo.java:updateAndGet(143)) - 83afca36-bc46-4fa0-b00b-f7c85a4fa46c: start LeaderState
2019-09-12 10:42:21,099 [83afca36-bc46-4fa0-b00b-f7c85a4fa46c:group-0C45906E5069:LeaderElection10] INFO  segmented.SegmentedRaftLogWorker (SegmentedRaftLogWorker.java:startLogSegment(380)) - 83afca36-bc46-4fa0-b00b-f7c85a4fa46c-SegmentedRaftLogWorker:Storage Directory /workdir/hadoop-ozone/integration-test/target/test-dir/MiniOzoneClusterImpl-152e7b22-107a-47df-8119-8865e0ec3973/datanode-1/data/ratis/5095d0f8-12a6-4825-a433-0c45906e5069: Starting segment from index:0
2019-09-12 10:42:21,099 [83afca36-bc46-4fa0-b00b-f7c85a4fa46c:group-0C45906E5069:LeaderElection10] INFO  impl.RaftServerImpl (ServerState.java:setRaftConf(361)) - 83afca36-bc46-4fa0-b00b-f7c85a4fa46c:group-0C45906E5069 set configuration 0: [83afca36-bc46-4fa0-b00b-f7c85a4fa46c:192.168.36.114:45896], old=null at 0
2019-09-12 10:42:21,139 [83afca36-bc46-4fa0-b00b-f7c85a4fa46c-SegmentedRaftLogWorker:Storage Directory /workdir/hadoop-ozone/integration-test/target/test-dir/MiniOzoneClusterImpl-152e7b22-107a-47df-8119-8865e0ec3973/datanode-1/data/ratis/5095d0f8-12a6-4825-a433-0c45906e5069] INFO  segmented.SegmentedRaftLogWorker (SegmentedRaftLogWorker.java:execute(569)) - 83afca36-bc46-4fa0-b00b-f7c85a4fa46c-SegmentedRaftLogWorker:Storage Directory /workdir/hadoop-ozone/integration-test/target/test-dir/MiniOzoneClusterImpl-152e7b22-107a-47df-8119-8865e0ec3973/datanode-1/data/ratis/5095d0f8-12a6-4825-a433-0c45906e5069: created new log segment /workdir/hadoop-ozone/integration-test/target/test-dir/MiniOzoneClusterImpl-152e7b22-107a-47df-8119-8865e0ec3973/datanode-1/data/ratis/5095d0f8-12a6-4825-a433-0c45906e5069/current/log_inprogress_0
2019-09-12 10:42:21,227 [Thread-212] INFO  impl.FollowerState (FollowerState.java:run(106)) - 83afca36-bc46-4fa0-b00b-f7c85a4fa46c:group-7B0D5B3E12DB changes to CANDIDATE, lastRpcTime:5181, electionTimeout:5181ms
2019-09-12 10:42:21,227 [Thread-212] INFO  impl.RoleInfo (RoleInfo.java:shutdownFollowerState(121)) - 83afca36-bc46-4fa0-b00b-f7c85a4fa46c: shutdown FollowerState
2019-09-12 10:42:21,227 [Thread-212] INFO  impl.RaftServerImpl (RaftServerImpl.java:setRole(171)) - 83afca36-bc46-4fa0-b00b-f7c85a4fa46c:group-7B0D5B3E12DB changes role from FOLLOWER to CANDIDATE at term 0 for changeToCandidate
2019-09-12 10:42:21,228 [Thread-212] INFO  impl.RoleInfo (RoleInfo.java:updateAndGet(143)) - 83afca36-bc46-4fa0-b00b-f7c85a4fa46c: start LeaderElection
2019-09-12 10:42:21,237 | INFO  | SCMAudit | user=jenkins1000 | ip=192.168.36.114 | op=SEND_HEARTBEAT {datanodeUUID=83afca36-bc46-4fa0-b00b-f7c85a4fa46c, command=[]} | ret=SUCCESS |  
2019-09-12 10:42:21,257 [83afca36-bc46-4fa0-b00b-f7c85a4fa46c:group-7B0D5B3E12DB:LeaderElection11] INFO  impl.LeaderElection (LeaderElection.java:askForVotes(181)) - 83afca36-bc46-4fa0-b00b-f7c85a4fa46c:group-7B0D5B3E12DB:LeaderElection11: begin an election at term 1 for -1: [83afca36-bc46-4fa0-b00b-f7c85a4fa46c:192.168.36.114:45896], old=null
2019-09-12 10:42:21,259 [83afca36-bc46-4fa0-b00b-f7c85a4fa46c:group-7B0D5B3E12DB:LeaderElection11] INFO  impl.RoleInfo (RoleInfo.java:shutdownLeaderElection(134)) - 83afca36-bc46-4fa0-b00b-f7c85a4fa46c: shutdown LeaderElection
2019-09-12 10:42:21,259 [83afca36-bc46-4fa0-b00b-f7c85a4fa46c:group-7B0D5B3E12DB:LeaderElection11] INFO  impl.RaftServerImpl (RaftServerImpl.java:setRole(171)) - 83afca36-bc46-4fa0-b00b-f7c85a4fa46c:group-7B0D5B3E12DB changes role from CANDIDATE to LEADER at term 1 for changeToLeader
2019-09-12 10:42:21,259 [83afca36-bc46-4fa0-b00b-f7c85a4fa46c:group-7B0D5B3E12DB:LeaderElection11] INFO  impl.RaftServerImpl (ServerState.java:setLeader(263)) - 83afca36-bc46-4fa0-b00b-f7c85a4fa46c:group-7B0D5B3E12DB change Leader from null to 83afca36-bc46-4fa0-b00b-f7c85a4fa46c at term 1 for becomeLeader, leader elected after 5218ms
2019-09-12 10:42:21,260 [83afca36-bc46-4fa0-b00b-f7c85a4fa46c:group-7B0D5B3E12DB:LeaderElection11] INFO  server.RaftServerConfigKeys (ConfUtils.java:logGet(43)) - raft.server.staging.catchup.gap = 1000 (default)
2019-09-12 10:42:21,260 [83afca36-bc46-4fa0-b00b-f7c85a4fa46c:group-7B0D5B3E12DB:LeaderElection11] INFO  server.RaftServerConfigKeys (ConfUtils.java:logGet(43)) - raft.server.rpc.sleep.time = 25ms (default)
2019-09-12 10:42:21,260 [83afca36-bc46-4fa0-b00b-f7c85a4fa46c:group-7B0D5B3E12DB:LeaderElection11] INFO  server.RaftServerConfigKeys (ConfUtils.java:logGet(43)) - raft.server.write.element-limit = 4096 (default)
2019-09-12 10:42:21,260 [83afca36-bc46-4fa0-b00b-f7c85a4fa46c:group-7B0D5B3E12DB:LeaderElection11] INFO  server.RaftServerConfigKeys (ConfUtils.java:logGet(43)) - raft.server.watch.timeout = 10s (default)
2019-09-12 10:42:21,260 [83afca36-bc46-4fa0-b00b-f7c85a4fa46c:group-7B0D5B3E12DB:LeaderElection11] INFO  server.RaftServerConfigKeys (ConfUtils.java:logGet(43)) - raft.server.watch.timeout.denomination = 1s (default)
2019-09-12 10:42:21,260 [83afca36-bc46-4fa0-b00b-f7c85a4fa46c:group-7B0D5B3E12DB:LeaderElection11] INFO  server.RaftServerConfigKeys (ConfUtils.java:logGet(43)) - raft.server.watch.element-limit = 65536 (default)
2019-09-12 10:42:21,261 [83afca36-bc46-4fa0-b00b-f7c85a4fa46c:group-7B0D5B3E12DB:LeaderElection11] INFO  impl.RoleInfo (RoleInfo.java:updateAndGet(143)) - 83afca36-bc46-4fa0-b00b-f7c85a4fa46c: start LeaderState
2019-09-12 10:42:21,261 [83afca36-bc46-4fa0-b00b-f7c85a4fa46c:group-7B0D5B3E12DB:LeaderElection11] INFO  segmented.SegmentedRaftLogWorker (SegmentedRaftLogWorker.java:startLogSegment(380)) - 83afca36-bc46-4fa0-b00b-f7c85a4fa46c-SegmentedRaftLogWorker:Storage Directory /workdir/hadoop-ozone/integration-test/target/test-dir/MiniOzoneClusterImpl-152e7b22-107a-47df-8119-8865e0ec3973/datanode-1/data/ratis/34fec60a-b37d-4a41-935d-7b0d5b3e12db: Starting segment from index:0
2019-09-12 10:42:21,262 [83afca36-bc46-4fa0-b00b-f7c85a4fa46c:group-7B0D5B3E12DB:LeaderElection11] INFO  impl.RaftServerImpl (ServerState.java:setRaftConf(361)) - 83afca36-bc46-4fa0-b00b-f7c85a4fa46c:group-7B0D5B3E12DB set configuration 0: [83afca36-bc46-4fa0-b00b-f7c85a4fa46c:192.168.36.114:45896], old=null at 0
2019-09-12 10:42:21,287 [Thread-218] INFO  impl.FollowerState (FollowerState.java:run(106)) - 2763fbe8-4944-4553-a701-ce9188a4c42e:group-7DE22A87B5D1 changes to CANDIDATE, lastRpcTime:5131, electionTimeout:5129ms
2019-09-12 10:42:21,287 [Thread-218] INFO  impl.RoleInfo (RoleInfo.java:shutdownFollowerState(121)) - 2763fbe8-4944-4553-a701-ce9188a4c42e: shutdown FollowerState
2019-09-12 10:42:21,287 [Thread-218] INFO  impl.RaftServerImpl (RaftServerImpl.java:setRole(171)) - 2763fbe8-4944-4553-a701-ce9188a4c42e:group-7DE22A87B5D1 changes role from FOLLOWER to CANDIDATE at term 0 for changeToCandidate
2019-09-12 10:42:21,288 [Thread-218] INFO  impl.RoleInfo (RoleInfo.java:updateAndGet(143)) - 2763fbe8-4944-4553-a701-ce9188a4c42e: start LeaderElection
2019-09-12 10:42:21,298 [Thread-215] INFO  impl.FollowerState (FollowerState.java:run(106)) - 83afca36-bc46-4fa0-b00b-f7c85a4fa46c:group-F814F913E35E changes to CANDIDATE, lastRpcTime:5198, electionTimeout:5198ms
2019-09-12 10:42:21,298 [Thread-215] INFO  impl.RoleInfo (RoleInfo.java:shutdownFollowerState(121)) - 83afca36-bc46-4fa0-b00b-f7c85a4fa46c: shutdown FollowerState
2019-09-12 10:42:21,298 [Thread-215] INFO  impl.RaftServerImpl (RaftServerImpl.java:setRole(171)) - 83afca36-bc46-4fa0-b00b-f7c85a4fa46c:group-F814F913E35E changes role from FOLLOWER to CANDIDATE at term 0 for changeToCandidate
2019-09-12 10:42:21,299 [Thread-215] INFO  impl.RoleInfo (RoleInfo.java:updateAndGet(143)) - 83afca36-bc46-4fa0-b00b-f7c85a4fa46c: start LeaderElection
2019-09-12 10:42:21,302 [83afca36-bc46-4fa0-b00b-f7c85a4fa46c-SegmentedRaftLogWorker:Storage Directory /workdir/hadoop-ozone/integration-test/target/test-dir/MiniOzoneClusterImpl-152e7b22-107a-47df-8119-8865e0ec3973/datanode-1/data/ratis/34fec60a-b37d-4a41-935d-7b0d5b3e12db] INFO  segmented.SegmentedRaftLogWorker (SegmentedRaftLogWorker.java:execute(569)) - 83afca36-bc46-4fa0-b00b-f7c85a4fa46c-SegmentedRaftLogWorker:Storage Directory /workdir/hadoop-ozone/integration-test/target/test-dir/MiniOzoneClusterImpl-152e7b22-107a-47df-8119-8865e0ec3973/datanode-1/data/ratis/34fec60a-b37d-4a41-935d-7b0d5b3e12db: created new log segment /workdir/hadoop-ozone/integration-test/target/test-dir/MiniOzoneClusterImpl-152e7b22-107a-47df-8119-8865e0ec3973/datanode-1/data/ratis/34fec60a-b37d-4a41-935d-7b0d5b3e12db/current/log_inprogress_0
2019-09-12 10:42:21,302 [2763fbe8-4944-4553-a701-ce9188a4c42e:group-7DE22A87B5D1:LeaderElection12] INFO  impl.LeaderElection (LeaderElection.java:askForVotes(181)) - 2763fbe8-4944-4553-a701-ce9188a4c42e:group-7DE22A87B5D1:LeaderElection12: begin an election at term 1 for -1: [2763fbe8-4944-4553-a701-ce9188a4c42e:192.168.36.114:40558], old=null
2019-09-12 10:42:21,302 [2763fbe8-4944-4553-a701-ce9188a4c42e:group-7DE22A87B5D1:LeaderElection12] INFO  impl.RoleInfo (RoleInfo.java:shutdownLeaderElection(134)) - 2763fbe8-4944-4553-a701-ce9188a4c42e: shutdown LeaderElection
2019-09-12 10:42:21,303 [2763fbe8-4944-4553-a701-ce9188a4c42e:group-7DE22A87B5D1:LeaderElection12] INFO  impl.RaftServerImpl (RaftServerImpl.java:setRole(171)) - 2763fbe8-4944-4553-a701-ce9188a4c42e:group-7DE22A87B5D1 changes role from CANDIDATE to LEADER at term 1 for changeToLeader
2019-09-12 10:42:21,303 [2763fbe8-4944-4553-a701-ce9188a4c42e:group-7DE22A87B5D1:LeaderElection12] INFO  impl.RaftServerImpl (ServerState.java:setLeader(263)) - 2763fbe8-4944-4553-a701-ce9188a4c42e:group-7DE22A87B5D1 change Leader from null to 2763fbe8-4944-4553-a701-ce9188a4c42e at term 1 for becomeLeader, leader elected after 5152ms
2019-09-12 10:42:21,303 [2763fbe8-4944-4553-a701-ce9188a4c42e:group-7DE22A87B5D1:LeaderElection12] INFO  server.RaftServerConfigKeys (ConfUtils.java:logGet(43)) - raft.server.staging.catchup.gap = 1000 (default)
2019-09-12 10:42:21,303 [2763fbe8-4944-4553-a701-ce9188a4c42e:group-7DE22A87B5D1:LeaderElection12] INFO  server.RaftServerConfigKeys (ConfUtils.java:logGet(43)) - raft.server.rpc.sleep.time = 25ms (default)
2019-09-12 10:42:21,303 [2763fbe8-4944-4553-a701-ce9188a4c42e:group-7DE22A87B5D1:LeaderElection12] INFO  server.RaftServerConfigKeys (ConfUtils.java:logGet(43)) - raft.server.write.element-limit = 4096 (default)
2019-09-12 10:42:21,303 [2763fbe8-4944-4553-a701-ce9188a4c42e:group-7DE22A87B5D1:LeaderElection12] INFO  server.RaftServerConfigKeys (ConfUtils.java:logGet(43)) - raft.server.watch.timeout = 10s (default)
2019-09-12 10:42:21,303 [2763fbe8-4944-4553-a701-ce9188a4c42e:group-7DE22A87B5D1:LeaderElection12] INFO  server.RaftServerConfigKeys (ConfUtils.java:logGet(43)) - raft.server.watch.timeout.denomination = 1s (default)
2019-09-12 10:42:21,303 [2763fbe8-4944-4553-a701-ce9188a4c42e:group-7DE22A87B5D1:LeaderElection12] INFO  server.RaftServerConfigKeys (ConfUtils.java:logGet(43)) - raft.server.watch.element-limit = 65536 (default)
2019-09-12 10:42:21,304 [2763fbe8-4944-4553-a701-ce9188a4c42e:group-7DE22A87B5D1:LeaderElection12] INFO  impl.RoleInfo (RoleInfo.java:updateAndGet(143)) - 2763fbe8-4944-4553-a701-ce9188a4c42e: start LeaderState
2019-09-12 10:42:21,304 [2763fbe8-4944-4553-a701-ce9188a4c42e:group-7DE22A87B5D1:LeaderElection12] INFO  segmented.SegmentedRaftLogWorker (SegmentedRaftLogWorker.java:startLogSegment(380)) - 2763fbe8-4944-4553-a701-ce9188a4c42e-SegmentedRaftLogWorker:Storage Directory /workdir/hadoop-ozone/integration-test/target/test-dir/MiniOzoneClusterImpl-152e7b22-107a-47df-8119-8865e0ec3973/datanode-2/data/ratis/2819fe9e-04ca-4248-8eb5-7de22a87b5d1: Starting segment from index:0
2019-09-12 10:42:21,305 [2763fbe8-4944-4553-a701-ce9188a4c42e:group-7DE22A87B5D1:LeaderElection12] INFO  impl.RaftServerImpl (ServerState.java:setRaftConf(361)) - 2763fbe8-4944-4553-a701-ce9188a4c42e:group-7DE22A87B5D1 set configuration 0: [2763fbe8-4944-4553-a701-ce9188a4c42e:192.168.36.114:40558], old=null at 0
2019-09-12 10:42:21,328 [Thread-224] INFO  impl.FollowerState (FollowerState.java:run(106)) - 2763fbe8-4944-4553-a701-ce9188a4c42e:group-779C826DFE2E changes to CANDIDATE, lastRpcTime:5044, electionTimeout:5040ms
2019-09-12 10:42:21,328 [83afca36-bc46-4fa0-b00b-f7c85a4fa46c:group-F814F913E35E:LeaderElection13] INFO  impl.LeaderElection (LeaderElection.java:askForVotes(181)) - 83afca36-bc46-4fa0-b00b-f7c85a4fa46c:group-F814F913E35E:LeaderElection13: begin an election at term 1 for -1: [83afca36-bc46-4fa0-b00b-f7c85a4fa46c:192.168.36.114:45896], old=null
2019-09-12 10:42:21,329 [Thread-224] INFO  impl.RoleInfo (RoleInfo.java:shutdownFollowerState(121)) - 2763fbe8-4944-4553-a701-ce9188a4c42e: shutdown FollowerState
2019-09-12 10:42:21,329 [83afca36-bc46-4fa0-b00b-f7c85a4fa46c:group-F814F913E35E:LeaderElection13] INFO  impl.RoleInfo (RoleInfo.java:shutdownLeaderElection(134)) - 83afca36-bc46-4fa0-b00b-f7c85a4fa46c: shutdown LeaderElection
2019-09-12 10:42:21,329 [Thread-224] INFO  impl.RaftServerImpl (RaftServerImpl.java:setRole(171)) - 2763fbe8-4944-4553-a701-ce9188a4c42e:group-779C826DFE2E changes role from FOLLOWER to CANDIDATE at term 0 for changeToCandidate
2019-09-12 10:42:21,329 [83afca36-bc46-4fa0-b00b-f7c85a4fa46c:group-F814F913E35E:LeaderElection13] INFO  impl.RaftServerImpl (RaftServerImpl.java:setRole(171)) - 83afca36-bc46-4fa0-b00b-f7c85a4fa46c:group-F814F913E35E changes role from CANDIDATE to LEADER at term 1 for changeToLeader
2019-09-12 10:42:21,330 [83afca36-bc46-4fa0-b00b-f7c85a4fa46c:group-F814F913E35E:LeaderElection13] INFO  impl.RaftServerImpl (ServerState.java:setLeader(263)) - 83afca36-bc46-4fa0-b00b-f7c85a4fa46c:group-F814F913E35E change Leader from null to 83afca36-bc46-4fa0-b00b-f7c85a4fa46c at term 1 for becomeLeader, leader elected after 5235ms
2019-09-12 10:42:21,330 [Thread-224] INFO  impl.RoleInfo (RoleInfo.java:updateAndGet(143)) - 2763fbe8-4944-4553-a701-ce9188a4c42e: start LeaderElection
2019-09-12 10:42:21,330 [83afca36-bc46-4fa0-b00b-f7c85a4fa46c:group-F814F913E35E:LeaderElection13] INFO  server.RaftServerConfigKeys (ConfUtils.java:logGet(43)) - raft.server.staging.catchup.gap = 1000 (default)
2019-09-12 10:42:21,330 [83afca36-bc46-4fa0-b00b-f7c85a4fa46c:group-F814F913E35E:LeaderElection13] INFO  server.RaftServerConfigKeys (ConfUtils.java:logGet(43)) - raft.server.rpc.sleep.time = 25ms (default)
2019-09-12 10:42:21,332 [83afca36-bc46-4fa0-b00b-f7c85a4fa46c:group-F814F913E35E:LeaderElection13] INFO  server.RaftServerConfigKeys (ConfUtils.java:logGet(43)) - raft.server.write.element-limit = 4096 (default)
2019-09-12 10:42:21,332 [83afca36-bc46-4fa0-b00b-f7c85a4fa46c:group-F814F913E35E:LeaderElection13] INFO  server.RaftServerConfigKeys (ConfUtils.java:logGet(43)) - raft.server.watch.timeout = 10s (default)
2019-09-12 10:42:21,333 [83afca36-bc46-4fa0-b00b-f7c85a4fa46c:group-F814F913E35E:LeaderElection13] INFO  server.RaftServerConfigKeys (ConfUtils.java:logGet(43)) - raft.server.watch.timeout.denomination = 1s (default)
2019-09-12 10:42:21,333 [83afca36-bc46-4fa0-b00b-f7c85a4fa46c:group-F814F913E35E:LeaderElection13] INFO  server.RaftServerConfigKeys (ConfUtils.java:logGet(43)) - raft.server.watch.element-limit = 65536 (default)
2019-09-12 10:42:21,333 [83afca36-bc46-4fa0-b00b-f7c85a4fa46c:group-F814F913E35E:LeaderElection13] INFO  impl.RoleInfo (RoleInfo.java:updateAndGet(143)) - 83afca36-bc46-4fa0-b00b-f7c85a4fa46c: start LeaderState
2019-09-12 10:42:21,333 [83afca36-bc46-4fa0-b00b-f7c85a4fa46c:group-F814F913E35E:LeaderElection13] INFO  segmented.SegmentedRaftLogWorker (SegmentedRaftLogWorker.java:startLogSegment(380)) - 83afca36-bc46-4fa0-b00b-f7c85a4fa46c-SegmentedRaftLogWorker:Storage Directory /workdir/hadoop-ozone/integration-test/target/test-dir/MiniOzoneClusterImpl-152e7b22-107a-47df-8119-8865e0ec3973/datanode-1/data/ratis/dd94a877-a5f5-42a9-9961-f814f913e35e: Starting segment from index:0
2019-09-12 10:42:21,333 [83afca36-bc46-4fa0-b00b-f7c85a4fa46c:group-F814F913E35E:LeaderElection13] INFO  impl.RaftServerImpl (ServerState.java:setRaftConf(361)) - 83afca36-bc46-4fa0-b00b-f7c85a4fa46c:group-F814F913E35E set configuration 0: [83afca36-bc46-4fa0-b00b-f7c85a4fa46c:192.168.36.114:45896], old=null at 0
2019-09-12 10:42:21,357 [2763fbe8-4944-4553-a701-ce9188a4c42e-SegmentedRaftLogWorker:Storage Directory /workdir/hadoop-ozone/integration-test/target/test-dir/MiniOzoneClusterImpl-152e7b22-107a-47df-8119-8865e0ec3973/datanode-2/data/ratis/2819fe9e-04ca-4248-8eb5-7de22a87b5d1] INFO  segmented.SegmentedRaftLogWorker (SegmentedRaftLogWorker.java:execute(569)) - 2763fbe8-4944-4553-a701-ce9188a4c42e-SegmentedRaftLogWorker:Storage Directory /workdir/hadoop-ozone/integration-test/target/test-dir/MiniOzoneClusterImpl-152e7b22-107a-47df-8119-8865e0ec3973/datanode-2/data/ratis/2819fe9e-04ca-4248-8eb5-7de22a87b5d1: created new log segment /workdir/hadoop-ozone/integration-test/target/test-dir/MiniOzoneClusterImpl-152e7b22-107a-47df-8119-8865e0ec3973/datanode-2/data/ratis/2819fe9e-04ca-4248-8eb5-7de22a87b5d1/current/log_inprogress_0
2019-09-12 10:42:21,357 [2763fbe8-4944-4553-a701-ce9188a4c42e:group-779C826DFE2E:LeaderElection14] INFO  impl.LeaderElection (LeaderElection.java:askForVotes(181)) - 2763fbe8-4944-4553-a701-ce9188a4c42e:group-779C826DFE2E:LeaderElection14: begin an election at term 1 for -1: [2763fbe8-4944-4553-a701-ce9188a4c42e:192.168.36.114:40558], old=null
2019-09-12 10:42:21,358 [2763fbe8-4944-4553-a701-ce9188a4c42e:group-779C826DFE2E:LeaderElection14] INFO  impl.RoleInfo (RoleInfo.java:shutdownLeaderElection(134)) - 2763fbe8-4944-4553-a701-ce9188a4c42e: shutdown LeaderElection
2019-09-12 10:42:21,358 [2763fbe8-4944-4553-a701-ce9188a4c42e:group-779C826DFE2E:LeaderElection14] INFO  impl.RaftServerImpl (RaftServerImpl.java:setRole(171)) - 2763fbe8-4944-4553-a701-ce9188a4c42e:group-779C826DFE2E changes role from CANDIDATE to LEADER at term 1 for changeToLeader
2019-09-12 10:42:21,358 [2763fbe8-4944-4553-a701-ce9188a4c42e:group-779C826DFE2E:LeaderElection14] INFO  impl.RaftServerImpl (ServerState.java:setLeader(263)) - 2763fbe8-4944-4553-a701-ce9188a4c42e:group-779C826DFE2E change Leader from null to 2763fbe8-4944-4553-a701-ce9188a4c42e at term 1 for becomeLeader, leader elected after 5079ms
2019-09-12 10:42:21,358 [2763fbe8-4944-4553-a701-ce9188a4c42e:group-779C826DFE2E:LeaderElection14] INFO  server.RaftServerConfigKeys (ConfUtils.java:logGet(43)) - raft.server.staging.catchup.gap = 1000 (default)
2019-09-12 10:42:21,358 [2763fbe8-4944-4553-a701-ce9188a4c42e:group-779C826DFE2E:LeaderElection14] INFO  server.RaftServerConfigKeys (ConfUtils.java:logGet(43)) - raft.server.rpc.sleep.time = 25ms (default)
2019-09-12 10:42:21,358 [2763fbe8-4944-4553-a701-ce9188a4c42e:group-779C826DFE2E:LeaderElection14] INFO  server.RaftServerConfigKeys (ConfUtils.java:logGet(43)) - raft.server.write.element-limit = 4096 (default)
2019-09-12 10:42:21,359 [2763fbe8-4944-4553-a701-ce9188a4c42e:group-779C826DFE2E:LeaderElection14] INFO  server.RaftServerConfigKeys (ConfUtils.java:logGet(43)) - raft.server.watch.timeout = 10s (default)
2019-09-12 10:42:21,359 [2763fbe8-4944-4553-a701-ce9188a4c42e:group-779C826DFE2E:LeaderElection14] INFO  server.RaftServerConfigKeys (ConfUtils.java:logGet(43)) - raft.server.watch.timeout.denomination = 1s (default)
2019-09-12 10:42:21,359 [2763fbe8-4944-4553-a701-ce9188a4c42e:group-779C826DFE2E:LeaderElection14] INFO  server.RaftServerConfigKeys (ConfUtils.java:logGet(43)) - raft.server.watch.element-limit = 65536 (default)
2019-09-12 10:42:21,359 [2763fbe8-4944-4553-a701-ce9188a4c42e:group-779C826DFE2E:LeaderElection14] INFO  impl.RoleInfo (RoleInfo.java:updateAndGet(143)) - 2763fbe8-4944-4553-a701-ce9188a4c42e: start LeaderState
2019-09-12 10:42:21,359 [2763fbe8-4944-4553-a701-ce9188a4c42e:group-779C826DFE2E:LeaderElection14] INFO  segmented.SegmentedRaftLogWorker (SegmentedRaftLogWorker.java:startLogSegment(380)) - 2763fbe8-4944-4553-a701-ce9188a4c42e-SegmentedRaftLogWorker:Storage Directory /workdir/hadoop-ozone/integration-test/target/test-dir/MiniOzoneClusterImpl-152e7b22-107a-47df-8119-8865e0ec3973/datanode-2/data/ratis/148ad1d6-b462-4b5b-86c8-779c826dfe2e: Starting segment from index:0
2019-09-12 10:42:21,360 [2763fbe8-4944-4553-a701-ce9188a4c42e:group-779C826DFE2E:LeaderElection14] INFO  impl.RaftServerImpl (ServerState.java:setRaftConf(361)) - 2763fbe8-4944-4553-a701-ce9188a4c42e:group-779C826DFE2E set configuration 0: [2763fbe8-4944-4553-a701-ce9188a4c42e:192.168.36.114:40558], old=null at 0
2019-09-12 10:42:21,385 [Thread-227] INFO  impl.FollowerState (FollowerState.java:run(106)) - 2763fbe8-4944-4553-a701-ce9188a4c42e:group-348130B7F529 changes to CANDIDATE, lastRpcTime:5045, electionTimeout:5039ms
2019-09-12 10:42:21,385 [83afca36-bc46-4fa0-b00b-f7c85a4fa46c-SegmentedRaftLogWorker:Storage Directory /workdir/hadoop-ozone/integration-test/target/test-dir/MiniOzoneClusterImpl-152e7b22-107a-47df-8119-8865e0ec3973/datanode-1/data/ratis/dd94a877-a5f5-42a9-9961-f814f913e35e] INFO  segmented.SegmentedRaftLogWorker (SegmentedRaftLogWorker.java:execute(569)) - 83afca36-bc46-4fa0-b00b-f7c85a4fa46c-SegmentedRaftLogWorker:Storage Directory /workdir/hadoop-ozone/integration-test/target/test-dir/MiniOzoneClusterImpl-152e7b22-107a-47df-8119-8865e0ec3973/datanode-1/data/ratis/dd94a877-a5f5-42a9-9961-f814f913e35e: created new log segment /workdir/hadoop-ozone/integration-test/target/test-dir/MiniOzoneClusterImpl-152e7b22-107a-47df-8119-8865e0ec3973/datanode-1/data/ratis/dd94a877-a5f5-42a9-9961-f814f913e35e/current/log_inprogress_0
2019-09-12 10:42:21,387 [Thread-227] INFO  impl.RoleInfo (RoleInfo.java:shutdownFollowerState(121)) - 2763fbe8-4944-4553-a701-ce9188a4c42e: shutdown FollowerState
2019-09-12 10:42:21,387 [Thread-227] INFO  impl.RaftServerImpl (RaftServerImpl.java:setRole(171)) - 2763fbe8-4944-4553-a701-ce9188a4c42e:group-348130B7F529 changes role from FOLLOWER to CANDIDATE at term 0 for changeToCandidate
2019-09-12 10:42:21,387 [Thread-227] INFO  impl.RoleInfo (RoleInfo.java:updateAndGet(143)) - 2763fbe8-4944-4553-a701-ce9188a4c42e: start LeaderElection
2019-09-12 10:42:21,400 [2763fbe8-4944-4553-a701-ce9188a4c42e-SegmentedRaftLogWorker:Storage Directory /workdir/hadoop-ozone/integration-test/target/test-dir/MiniOzoneClusterImpl-152e7b22-107a-47df-8119-8865e0ec3973/datanode-2/data/ratis/148ad1d6-b462-4b5b-86c8-779c826dfe2e] INFO  segmented.SegmentedRaftLogWorker (SegmentedRaftLogWorker.java:execute(569)) - 2763fbe8-4944-4553-a701-ce9188a4c42e-SegmentedRaftLogWorker:Storage Directory /workdir/hadoop-ozone/integration-test/target/test-dir/MiniOzoneClusterImpl-152e7b22-107a-47df-8119-8865e0ec3973/datanode-2/data/ratis/148ad1d6-b462-4b5b-86c8-779c826dfe2e: created new log segment /workdir/hadoop-ozone/integration-test/target/test-dir/MiniOzoneClusterImpl-152e7b22-107a-47df-8119-8865e0ec3973/datanode-2/data/ratis/148ad1d6-b462-4b5b-86c8-779c826dfe2e/current/log_inprogress_0
2019-09-12 10:42:21,401 [2763fbe8-4944-4553-a701-ce9188a4c42e:group-348130B7F529:LeaderElection15] INFO  impl.LeaderElection (LeaderElection.java:askForVotes(181)) - 2763fbe8-4944-4553-a701-ce9188a4c42e:group-348130B7F529:LeaderElection15: begin an election at term 1 for -1: [2763fbe8-4944-4553-a701-ce9188a4c42e:192.168.36.114:40558], old=null
2019-09-12 10:42:21,401 [2763fbe8-4944-4553-a701-ce9188a4c42e:group-348130B7F529:LeaderElection15] INFO  impl.RoleInfo (RoleInfo.java:shutdownLeaderElection(134)) - 2763fbe8-4944-4553-a701-ce9188a4c42e: shutdown LeaderElection
2019-09-12 10:42:21,401 [2763fbe8-4944-4553-a701-ce9188a4c42e:group-348130B7F529:LeaderElection15] INFO  impl.RaftServerImpl (RaftServerImpl.java:setRole(171)) - 2763fbe8-4944-4553-a701-ce9188a4c42e:group-348130B7F529 changes role from CANDIDATE to LEADER at term 1 for changeToLeader
2019-09-12 10:42:21,401 [2763fbe8-4944-4553-a701-ce9188a4c42e:group-348130B7F529:LeaderElection15] INFO  impl.RaftServerImpl (ServerState.java:setLeader(263)) - 2763fbe8-4944-4553-a701-ce9188a4c42e:group-348130B7F529 change Leader from null to 2763fbe8-4944-4553-a701-ce9188a4c42e at term 1 for becomeLeader, leader elected after 5066ms
2019-09-12 10:42:21,401 [2763fbe8-4944-4553-a701-ce9188a4c42e:group-348130B7F529:LeaderElection15] INFO  server.RaftServerConfigKeys (ConfUtils.java:logGet(43)) - raft.server.staging.catchup.gap = 1000 (default)
2019-09-12 10:42:21,401 [2763fbe8-4944-4553-a701-ce9188a4c42e:group-348130B7F529:LeaderElection15] INFO  server.RaftServerConfigKeys (ConfUtils.java:logGet(43)) - raft.server.rpc.sleep.time = 25ms (default)
2019-09-12 10:42:21,402 [2763fbe8-4944-4553-a701-ce9188a4c42e:group-348130B7F529:LeaderElection15] INFO  server.RaftServerConfigKeys (ConfUtils.java:logGet(43)) - raft.server.write.element-limit = 4096 (default)
2019-09-12 10:42:21,402 [2763fbe8-4944-4553-a701-ce9188a4c42e:group-348130B7F529:LeaderElection15] INFO  server.RaftServerConfigKeys (ConfUtils.java:logGet(43)) - raft.server.watch.timeout = 10s (default)
2019-09-12 10:42:21,402 [2763fbe8-4944-4553-a701-ce9188a4c42e:group-348130B7F529:LeaderElection15] INFO  server.RaftServerConfigKeys (ConfUtils.java:logGet(43)) - raft.server.watch.timeout.denomination = 1s (default)
2019-09-12 10:42:21,402 [2763fbe8-4944-4553-a701-ce9188a4c42e:group-348130B7F529:LeaderElection15] INFO  server.RaftServerConfigKeys (ConfUtils.java:logGet(43)) - raft.server.watch.element-limit = 65536 (default)
2019-09-12 10:42:21,402 [2763fbe8-4944-4553-a701-ce9188a4c42e:group-348130B7F529:LeaderElection15] INFO  impl.RoleInfo (RoleInfo.java:updateAndGet(143)) - 2763fbe8-4944-4553-a701-ce9188a4c42e: start LeaderState
2019-09-12 10:42:21,402 [2763fbe8-4944-4553-a701-ce9188a4c42e:group-348130B7F529:LeaderElection15] INFO  segmented.SegmentedRaftLogWorker (SegmentedRaftLogWorker.java:startLogSegment(380)) - 2763fbe8-4944-4553-a701-ce9188a4c42e-SegmentedRaftLogWorker:Storage Directory /workdir/hadoop-ozone/integration-test/target/test-dir/MiniOzoneClusterImpl-152e7b22-107a-47df-8119-8865e0ec3973/datanode-2/data/ratis/fced1711-7796-4edf-b80d-348130b7f529: Starting segment from index:0
2019-09-12 10:42:21,403 [2763fbe8-4944-4553-a701-ce9188a4c42e:group-348130B7F529:LeaderElection15] INFO  impl.RaftServerImpl (ServerState.java:setRaftConf(361)) - 2763fbe8-4944-4553-a701-ce9188a4c42e:group-348130B7F529 set configuration 0: [2763fbe8-4944-4553-a701-ce9188a4c42e:192.168.36.114:40558], old=null at 0
2019-09-12 10:42:21,427 [Thread-221] INFO  impl.FollowerState (FollowerState.java:run(106)) - 2763fbe8-4944-4553-a701-ce9188a4c42e:group-969F5ABDE4D4 changes to CANDIDATE, lastRpcTime:5203, electionTimeout:5191ms
2019-09-12 10:42:21,429 [Thread-221] INFO  impl.RoleInfo (RoleInfo.java:shutdownFollowerState(121)) - 2763fbe8-4944-4553-a701-ce9188a4c42e: shutdown FollowerState
2019-09-12 10:42:21,429 [Thread-221] INFO  impl.RaftServerImpl (RaftServerImpl.java:setRole(171)) - 2763fbe8-4944-4553-a701-ce9188a4c42e:group-969F5ABDE4D4 changes role from FOLLOWER to CANDIDATE at term 0 for changeToCandidate
2019-09-12 10:42:21,429 [Thread-221] INFO  impl.RoleInfo (RoleInfo.java:updateAndGet(143)) - 2763fbe8-4944-4553-a701-ce9188a4c42e: start LeaderElection
2019-09-12 10:42:21,444 [2763fbe8-4944-4553-a701-ce9188a4c42e-SegmentedRaftLogWorker:Storage Directory /workdir/hadoop-ozone/integration-test/target/test-dir/MiniOzoneClusterImpl-152e7b22-107a-47df-8119-8865e0ec3973/datanode-2/data/ratis/fced1711-7796-4edf-b80d-348130b7f529] INFO  segmented.SegmentedRaftLogWorker (SegmentedRaftLogWorker.java:execute(569)) - 2763fbe8-4944-4553-a701-ce9188a4c42e-SegmentedRaftLogWorker:Storage Directory /workdir/hadoop-ozone/integration-test/target/test-dir/MiniOzoneClusterImpl-152e7b22-107a-47df-8119-8865e0ec3973/datanode-2/data/ratis/fced1711-7796-4edf-b80d-348130b7f529: created new log segment /workdir/hadoop-ozone/integration-test/target/test-dir/MiniOzoneClusterImpl-152e7b22-107a-47df-8119-8865e0ec3973/datanode-2/data/ratis/fced1711-7796-4edf-b80d-348130b7f529/current/log_inprogress_0
2019-09-12 10:42:21,447 [2763fbe8-4944-4553-a701-ce9188a4c42e:group-969F5ABDE4D4:LeaderElection16] INFO  impl.LeaderElection (LeaderElection.java:askForVotes(181)) - 2763fbe8-4944-4553-a701-ce9188a4c42e:group-969F5ABDE4D4:LeaderElection16: begin an election at term 1 for -1: [2763fbe8-4944-4553-a701-ce9188a4c42e:192.168.36.114:40558], old=null
2019-09-12 10:42:21,447 [2763fbe8-4944-4553-a701-ce9188a4c42e:group-969F5ABDE4D4:LeaderElection16] INFO  impl.RoleInfo (RoleInfo.java:shutdownLeaderElection(134)) - 2763fbe8-4944-4553-a701-ce9188a4c42e: shutdown LeaderElection
2019-09-12 10:42:21,447 [2763fbe8-4944-4553-a701-ce9188a4c42e:group-969F5ABDE4D4:LeaderElection16] INFO  impl.RaftServerImpl (RaftServerImpl.java:setRole(171)) - 2763fbe8-4944-4553-a701-ce9188a4c42e:group-969F5ABDE4D4 changes role from CANDIDATE to LEADER at term 1 for changeToLeader
2019-09-12 10:42:21,447 [2763fbe8-4944-4553-a701-ce9188a4c42e:group-969F5ABDE4D4:LeaderElection16] INFO  impl.RaftServerImpl (ServerState.java:setLeader(263)) - 2763fbe8-4944-4553-a701-ce9188a4c42e:group-969F5ABDE4D4 change Leader from null to 2763fbe8-4944-4553-a701-ce9188a4c42e at term 1 for becomeLeader, leader elected after 5228ms
2019-09-12 10:42:21,447 [2763fbe8-4944-4553-a701-ce9188a4c42e:group-969F5ABDE4D4:LeaderElection16] INFO  server.RaftServerConfigKeys (ConfUtils.java:logGet(43)) - raft.server.staging.catchup.gap = 1000 (default)
2019-09-12 10:42:21,448 [2763fbe8-4944-4553-a701-ce9188a4c42e:group-969F5ABDE4D4:LeaderElection16] INFO  server.RaftServerConfigKeys (ConfUtils.java:logGet(43)) - raft.server.rpc.sleep.time = 25ms (default)
2019-09-12 10:42:21,448 [2763fbe8-4944-4553-a701-ce9188a4c42e:group-969F5ABDE4D4:LeaderElection16] INFO  server.RaftServerConfigKeys (ConfUtils.java:logGet(43)) - raft.server.write.element-limit = 4096 (default)
2019-09-12 10:42:21,448 [2763fbe8-4944-4553-a701-ce9188a4c42e:group-969F5ABDE4D4:LeaderElection16] INFO  server.RaftServerConfigKeys (ConfUtils.java:logGet(43)) - raft.server.watch.timeout = 10s (default)
2019-09-12 10:42:21,448 [2763fbe8-4944-4553-a701-ce9188a4c42e:group-969F5ABDE4D4:LeaderElection16] INFO  server.RaftServerConfigKeys (ConfUtils.java:logGet(43)) - raft.server.watch.timeout.denomination = 1s (default)
2019-09-12 10:42:21,448 [2763fbe8-4944-4553-a701-ce9188a4c42e:group-969F5ABDE4D4:LeaderElection16] INFO  server.RaftServerConfigKeys (ConfUtils.java:logGet(43)) - raft.server.watch.element-limit = 65536 (default)
2019-09-12 10:42:21,449 [2763fbe8-4944-4553-a701-ce9188a4c42e:group-969F5ABDE4D4:LeaderElection16] INFO  impl.RoleInfo (RoleInfo.java:updateAndGet(143)) - 2763fbe8-4944-4553-a701-ce9188a4c42e: start LeaderState
2019-09-12 10:42:21,449 [2763fbe8-4944-4553-a701-ce9188a4c42e:group-969F5ABDE4D4:LeaderElection16] INFO  segmented.SegmentedRaftLogWorker (SegmentedRaftLogWorker.java:startLogSegment(380)) - 2763fbe8-4944-4553-a701-ce9188a4c42e-SegmentedRaftLogWorker:Storage Directory /workdir/hadoop-ozone/integration-test/target/test-dir/MiniOzoneClusterImpl-152e7b22-107a-47df-8119-8865e0ec3973/datanode-2/data/ratis/20fc82fa-73a7-4bc9-bcb1-969f5abde4d4: Starting segment from index:0
2019-09-12 10:42:21,449 [2763fbe8-4944-4553-a701-ce9188a4c42e:group-969F5ABDE4D4:LeaderElection16] INFO  impl.RaftServerImpl (ServerState.java:setRaftConf(361)) - 2763fbe8-4944-4553-a701-ce9188a4c42e:group-969F5ABDE4D4 set configuration 0: [2763fbe8-4944-4553-a701-ce9188a4c42e:192.168.36.114:40558], old=null at 0
2019-09-12 10:42:21,480 | INFO  | SCMAudit | user=jenkins1000 | ip=192.168.36.114 | op=SEND_HEARTBEAT {datanodeUUID=2763fbe8-4944-4553-a701-ce9188a4c42e, command=[]} | ret=SUCCESS |  
2019-09-12 10:42:21,490 [2763fbe8-4944-4553-a701-ce9188a4c42e-SegmentedRaftLogWorker:Storage Directory /workdir/hadoop-ozone/integration-test/target/test-dir/MiniOzoneClusterImpl-152e7b22-107a-47df-8119-8865e0ec3973/datanode-2/data/ratis/20fc82fa-73a7-4bc9-bcb1-969f5abde4d4] INFO  segmented.SegmentedRaftLogWorker (SegmentedRaftLogWorker.java:execute(569)) - 2763fbe8-4944-4553-a701-ce9188a4c42e-SegmentedRaftLogWorker:Storage Directory /workdir/hadoop-ozone/integration-test/target/test-dir/MiniOzoneClusterImpl-152e7b22-107a-47df-8119-8865e0ec3973/datanode-2/data/ratis/20fc82fa-73a7-4bc9-bcb1-969f5abde4d4: created new log segment /workdir/hadoop-ozone/integration-test/target/test-dir/MiniOzoneClusterImpl-152e7b22-107a-47df-8119-8865e0ec3973/datanode-2/data/ratis/20fc82fa-73a7-4bc9-bcb1-969f5abde4d4/current/log_inprogress_0
2019-09-12 10:42:21,491 [Thread-230] INFO  impl.FollowerState (FollowerState.java:run(106)) - 2763fbe8-4944-4553-a701-ce9188a4c42e:group-200314C9001D changes to CANDIDATE, lastRpcTime:5088, electionTimeout:5088ms
2019-09-12 10:42:21,491 [Thread-230] INFO  impl.RoleInfo (RoleInfo.java:shutdownFollowerState(121)) - 2763fbe8-4944-4553-a701-ce9188a4c42e: shutdown FollowerState
2019-09-12 10:42:21,491 [Thread-230] INFO  impl.RaftServerImpl (RaftServerImpl.java:setRole(171)) - 2763fbe8-4944-4553-a701-ce9188a4c42e:group-200314C9001D changes role from FOLLOWER to CANDIDATE at term 0 for changeToCandidate
2019-09-12 10:42:21,491 [Thread-230] INFO  impl.RoleInfo (RoleInfo.java:updateAndGet(143)) - 2763fbe8-4944-4553-a701-ce9188a4c42e: start LeaderElection
2019-09-12 10:42:21,504 [2763fbe8-4944-4553-a701-ce9188a4c42e:group-200314C9001D:LeaderElection17] INFO  impl.LeaderElection (LeaderElection.java:askForVotes(181)) - 2763fbe8-4944-4553-a701-ce9188a4c42e:group-200314C9001D:LeaderElection17: begin an election at term 1 for -1: [2763fbe8-4944-4553-a701-ce9188a4c42e:192.168.36.114:40558], old=null
2019-09-12 10:42:21,505 [2763fbe8-4944-4553-a701-ce9188a4c42e:group-200314C9001D:LeaderElection17] INFO  impl.RoleInfo (RoleInfo.java:shutdownLeaderElection(134)) - 2763fbe8-4944-4553-a701-ce9188a4c42e: shutdown LeaderElection
2019-09-12 10:42:21,505 [2763fbe8-4944-4553-a701-ce9188a4c42e:group-200314C9001D:LeaderElection17] INFO  impl.RaftServerImpl (RaftServerImpl.java:setRole(171)) - 2763fbe8-4944-4553-a701-ce9188a4c42e:group-200314C9001D changes role from CANDIDATE to LEADER at term 1 for changeToLeader
2019-09-12 10:42:21,505 [2763fbe8-4944-4553-a701-ce9188a4c42e:group-200314C9001D:LeaderElection17] INFO  impl.RaftServerImpl (ServerState.java:setLeader(263)) - 2763fbe8-4944-4553-a701-ce9188a4c42e:group-200314C9001D change Leader from null to 2763fbe8-4944-4553-a701-ce9188a4c42e at term 1 for becomeLeader, leader elected after 5108ms
2019-09-12 10:42:21,505 [2763fbe8-4944-4553-a701-ce9188a4c42e:group-200314C9001D:LeaderElection17] INFO  server.RaftServerConfigKeys (ConfUtils.java:logGet(43)) - raft.server.staging.catchup.gap = 1000 (default)
2019-09-12 10:42:21,505 [2763fbe8-4944-4553-a701-ce9188a4c42e:group-200314C9001D:LeaderElection17] INFO  server.RaftServerConfigKeys (ConfUtils.java:logGet(43)) - raft.server.rpc.sleep.time = 25ms (default)
2019-09-12 10:42:21,506 [2763fbe8-4944-4553-a701-ce9188a4c42e:group-200314C9001D:LeaderElection17] INFO  server.RaftServerConfigKeys (ConfUtils.java:logGet(43)) - raft.server.write.element-limit = 4096 (default)
2019-09-12 10:42:21,506 [2763fbe8-4944-4553-a701-ce9188a4c42e:group-200314C9001D:LeaderElection17] INFO  server.RaftServerConfigKeys (ConfUtils.java:logGet(43)) - raft.server.watch.timeout = 10s (default)
2019-09-12 10:42:21,506 [2763fbe8-4944-4553-a701-ce9188a4c42e:group-200314C9001D:LeaderElection17] INFO  server.RaftServerConfigKeys (ConfUtils.java:logGet(43)) - raft.server.watch.timeout.denomination = 1s (default)
2019-09-12 10:42:21,506 [2763fbe8-4944-4553-a701-ce9188a4c42e:group-200314C9001D:LeaderElection17] INFO  server.RaftServerConfigKeys (ConfUtils.java:logGet(43)) - raft.server.watch.element-limit = 65536 (default)
2019-09-12 10:42:21,507 [2763fbe8-4944-4553-a701-ce9188a4c42e:group-200314C9001D:LeaderElection17] INFO  impl.RoleInfo (RoleInfo.java:updateAndGet(143)) - 2763fbe8-4944-4553-a701-ce9188a4c42e: start LeaderState
2019-09-12 10:42:21,507 [2763fbe8-4944-4553-a701-ce9188a4c42e:group-200314C9001D:LeaderElection17] INFO  segmented.SegmentedRaftLogWorker (SegmentedRaftLogWorker.java:startLogSegment(380)) - 2763fbe8-4944-4553-a701-ce9188a4c42e-SegmentedRaftLogWorker:Storage Directory /workdir/hadoop-ozone/integration-test/target/test-dir/MiniOzoneClusterImpl-152e7b22-107a-47df-8119-8865e0ec3973/datanode-2/data/ratis/d24998a4-12db-4fd1-aeff-200314c9001d: Starting segment from index:0
2019-09-12 10:42:21,508 [2763fbe8-4944-4553-a701-ce9188a4c42e:group-200314C9001D:LeaderElection17] INFO  impl.RaftServerImpl (ServerState.java:setRaftConf(361)) - 2763fbe8-4944-4553-a701-ce9188a4c42e:group-200314C9001D set configuration 0: [2763fbe8-4944-4553-a701-ce9188a4c42e:192.168.36.114:40558], old=null at 0
2019-09-12 10:42:21,549 [Thread-233] INFO  impl.FollowerState (FollowerState.java:run(106)) - 2763fbe8-4944-4553-a701-ce9188a4c42e:group-7EF4866778CE changes to CANDIDATE, lastRpcTime:5075, electionTimeout:5075ms
2019-09-12 10:42:21,549 [Thread-233] INFO  impl.RoleInfo (RoleInfo.java:shutdownFollowerState(121)) - 2763fbe8-4944-4553-a701-ce9188a4c42e: shutdown FollowerState
2019-09-12 10:42:21,549 [Thread-233] INFO  impl.RaftServerImpl (RaftServerImpl.java:setRole(171)) - 2763fbe8-4944-4553-a701-ce9188a4c42e:group-7EF4866778CE changes role from FOLLOWER to CANDIDATE at term 0 for changeToCandidate
2019-09-12 10:42:21,550 [Thread-233] INFO  impl.RoleInfo (RoleInfo.java:updateAndGet(143)) - 2763fbe8-4944-4553-a701-ce9188a4c42e: start LeaderElection
2019-09-12 10:42:21,565 [2763fbe8-4944-4553-a701-ce9188a4c42e-SegmentedRaftLogWorker:Storage Directory /workdir/hadoop-ozone/integration-test/target/test-dir/MiniOzoneClusterImpl-152e7b22-107a-47df-8119-8865e0ec3973/datanode-2/data/ratis/d24998a4-12db-4fd1-aeff-200314c9001d] INFO  segmented.SegmentedRaftLogWorker (SegmentedRaftLogWorker.java:execute(569)) - 2763fbe8-4944-4553-a701-ce9188a4c42e-SegmentedRaftLogWorker:Storage Directory /workdir/hadoop-ozone/integration-test/target/test-dir/MiniOzoneClusterImpl-152e7b22-107a-47df-8119-8865e0ec3973/datanode-2/data/ratis/d24998a4-12db-4fd1-aeff-200314c9001d: created new log segment /workdir/hadoop-ozone/integration-test/target/test-dir/MiniOzoneClusterImpl-152e7b22-107a-47df-8119-8865e0ec3973/datanode-2/data/ratis/d24998a4-12db-4fd1-aeff-200314c9001d/current/log_inprogress_0
2019-09-12 10:42:21,567 [2763fbe8-4944-4553-a701-ce9188a4c42e:group-7EF4866778CE:LeaderElection18] INFO  impl.LeaderElection (LeaderElection.java:askForVotes(181)) - 2763fbe8-4944-4553-a701-ce9188a4c42e:group-7EF4866778CE:LeaderElection18: begin an election at term 1 for -1: [2763fbe8-4944-4553-a701-ce9188a4c42e:192.168.36.114:40558], old=null
2019-09-12 10:42:21,567 [2763fbe8-4944-4553-a701-ce9188a4c42e:group-7EF4866778CE:LeaderElection18] INFO  impl.RoleInfo (RoleInfo.java:shutdownLeaderElection(134)) - 2763fbe8-4944-4553-a701-ce9188a4c42e: shutdown LeaderElection
2019-09-12 10:42:21,567 [2763fbe8-4944-4553-a701-ce9188a4c42e:group-7EF4866778CE:LeaderElection18] INFO  impl.RaftServerImpl (RaftServerImpl.java:setRole(171)) - 2763fbe8-4944-4553-a701-ce9188a4c42e:group-7EF4866778CE changes role from CANDIDATE to LEADER at term 1 for changeToLeader
2019-09-12 10:42:21,567 [2763fbe8-4944-4553-a701-ce9188a4c42e:group-7EF4866778CE:LeaderElection18] INFO  impl.RaftServerImpl (ServerState.java:setLeader(263)) - 2763fbe8-4944-4553-a701-ce9188a4c42e:group-7EF4866778CE change Leader from null to 2763fbe8-4944-4553-a701-ce9188a4c42e at term 1 for becomeLeader, leader elected after 5100ms
2019-09-12 10:42:21,567 [2763fbe8-4944-4553-a701-ce9188a4c42e:group-7EF4866778CE:LeaderElection18] INFO  server.RaftServerConfigKeys (ConfUtils.java:logGet(43)) - raft.server.staging.catchup.gap = 1000 (default)
2019-09-12 10:42:21,568 [2763fbe8-4944-4553-a701-ce9188a4c42e:group-7EF4866778CE:LeaderElection18] INFO  server.RaftServerConfigKeys (ConfUtils.java:logGet(43)) - raft.server.rpc.sleep.time = 25ms (default)
2019-09-12 10:42:21,568 [2763fbe8-4944-4553-a701-ce9188a4c42e:group-7EF4866778CE:LeaderElection18] INFO  server.RaftServerConfigKeys (ConfUtils.java:logGet(43)) - raft.server.write.element-limit = 4096 (default)
2019-09-12 10:42:21,568 [2763fbe8-4944-4553-a701-ce9188a4c42e:group-7EF4866778CE:LeaderElection18] INFO  server.RaftServerConfigKeys (ConfUtils.java:logGet(43)) - raft.server.watch.timeout = 10s (default)
2019-09-12 10:42:21,568 [2763fbe8-4944-4553-a701-ce9188a4c42e:group-7EF4866778CE:LeaderElection18] INFO  server.RaftServerConfigKeys (ConfUtils.java:logGet(43)) - raft.server.watch.timeout.denomination = 1s (default)
2019-09-12 10:42:21,568 [2763fbe8-4944-4553-a701-ce9188a4c42e:group-7EF4866778CE:LeaderElection18] INFO  server.RaftServerConfigKeys (ConfUtils.java:logGet(43)) - raft.server.watch.element-limit = 65536 (default)
2019-09-12 10:42:21,569 [2763fbe8-4944-4553-a701-ce9188a4c42e:group-7EF4866778CE:LeaderElection18] INFO  impl.RoleInfo (RoleInfo.java:updateAndGet(143)) - 2763fbe8-4944-4553-a701-ce9188a4c42e: start LeaderState
2019-09-12 10:42:21,569 [2763fbe8-4944-4553-a701-ce9188a4c42e:group-7EF4866778CE:LeaderElection18] INFO  segmented.SegmentedRaftLogWorker (SegmentedRaftLogWorker.java:startLogSegment(380)) - 2763fbe8-4944-4553-a701-ce9188a4c42e-SegmentedRaftLogWorker:Storage Directory /workdir/hadoop-ozone/integration-test/target/test-dir/MiniOzoneClusterImpl-152e7b22-107a-47df-8119-8865e0ec3973/datanode-2/data/ratis/b885c697-c6c7-4dee-84ff-7ef4866778ce: Starting segment from index:0
2019-09-12 10:42:21,570 [2763fbe8-4944-4553-a701-ce9188a4c42e:group-7EF4866778CE:LeaderElection18] INFO  impl.RaftServerImpl (ServerState.java:setRaftConf(361)) - 2763fbe8-4944-4553-a701-ce9188a4c42e:group-7EF4866778CE set configuration 0: [2763fbe8-4944-4553-a701-ce9188a4c42e:192.168.36.114:40558], old=null at 0
2019-09-12 10:42:21,606 [2763fbe8-4944-4553-a701-ce9188a4c42e-SegmentedRaftLogWorker:Storage Directory /workdir/hadoop-ozone/integration-test/target/test-dir/MiniOzoneClusterImpl-152e7b22-107a-47df-8119-8865e0ec3973/datanode-2/data/ratis/b885c697-c6c7-4dee-84ff-7ef4866778ce] INFO  segmented.SegmentedRaftLogWorker (SegmentedRaftLogWorker.java:execute(569)) - 2763fbe8-4944-4553-a701-ce9188a4c42e-SegmentedRaftLogWorker:Storage Directory /workdir/hadoop-ozone/integration-test/target/test-dir/MiniOzoneClusterImpl-152e7b22-107a-47df-8119-8865e0ec3973/datanode-2/data/ratis/b885c697-c6c7-4dee-84ff-7ef4866778ce: created new log segment /workdir/hadoop-ozone/integration-test/target/test-dir/MiniOzoneClusterImpl-152e7b22-107a-47df-8119-8865e0ec3973/datanode-2/data/ratis/b885c697-c6c7-4dee-84ff-7ef4866778ce/current/log_inprogress_0
2019-09-12 10:42:21,989 | INFO  | SCMAudit | user=jenkins1000 | ip=192.168.36.114 | op=SEND_HEARTBEAT {datanodeUUID=f46943e6-d0b5-49ad-a452-52d168b509a4, command=[]} | ret=SUCCESS |  
2019-09-12 10:42:22,237 | INFO  | SCMAudit | user=jenkins1000 | ip=192.168.36.114 | op=SEND_HEARTBEAT {datanodeUUID=83afca36-bc46-4fa0-b00b-f7c85a4fa46c, command=[]} | ret=SUCCESS |  
2019-09-12 10:42:22,482 | INFO  | SCMAudit | user=jenkins1000 | ip=192.168.36.114 | op=SEND_HEARTBEAT {datanodeUUID=2763fbe8-4944-4553-a701-ce9188a4c42e, command=[]} | ret=SUCCESS |  
2019-09-12 10:42:22,990 | INFO  | SCMAudit | user=jenkins1000 | ip=192.168.36.114 | op=SEND_HEARTBEAT {datanodeUUID=f46943e6-d0b5-49ad-a452-52d168b509a4, command=[]} | ret=SUCCESS |  
2019-09-12 10:42:23,072 | INFO  | SCMAudit | user=jenkins1000 | ip=192.168.36.114 | op=SEND_HEARTBEAT {datanodeUUID=f46943e6-d0b5-49ad-a452-52d168b509a4, command=[]} | ret=SUCCESS |  
2019-09-12 10:42:23,099 | INFO  | DNAudit | user=null | ip=null | op=WRITE_CHUNK {blockData=conID: 1 locID: 102779121598922753 bcsId: 0} | ret=SUCCESS |  
2019-09-12 10:42:23,115 | INFO  | DNAudit | user=null | ip=null | op=WRITE_CHUNK {blockData=conID: 1 locID: 102779121598922753 bcsId: 0} | ret=SUCCESS |  
2019-09-12 10:42:23,128 [grpc-default-executor-1] INFO  client.GrpcClientProtocolClient (GrpcClientProtocolClient.java:onNext(255)) - client-49DACC028622->f46943e6-d0b5-49ad-a452-52d168b509a4: receive RaftClientReply:client-49DACC028622->f46943e6-d0b5-49ad-a452-52d168b509a4@group-881CCF30B6D7, cid=18, SUCCESS, logIndex=1, commits[f46943e6-d0b5-49ad-a452-52d168b509a4:c1]
2019-09-12 10:42:23,217 | INFO  | DNAudit | user=null | ip=null | op=PUT_BLOCK {blockData=[blockId=conID: 1 locID: 102779121598922753 bcsId: 0,size=36]} | ret=SUCCESS |  
2019-09-12 10:42:23,223 [grpc-default-executor-1] INFO  client.GrpcClientProtocolClient (GrpcClientProtocolClient.java:onNext(255)) - client-49DACC028622->f46943e6-d0b5-49ad-a452-52d168b509a4: receive RaftClientReply:client-49DACC028622->f46943e6-d0b5-49ad-a452-52d168b509a4@group-881CCF30B6D7, cid=19, SUCCESS, logIndex=3, commits[f46943e6-d0b5-49ad-a452-52d168b509a4:c4]
2019-09-12 10:42:23,236 | INFO  | SCMAudit | user=jenkins1000 | ip=192.168.36.114 | op=SEND_HEARTBEAT {datanodeUUID=83afca36-bc46-4fa0-b00b-f7c85a4fa46c, command=[]} | ret=SUCCESS |  
2019-09-12 10:42:23,241 | INFO  | OMAudit | user=jenkins1000 | ip=127.0.0.1 | op=COMMIT_KEY {volume=1a169576-cf3c-43b2-987a-99c0398d9671, bucket=8f925bc5-ebe7-45e4-b827-777045990a9f, key=938ff340-297a-4bdd-b0b3-1f3c9713503e, dataSize=36, replicationType=null, replicationFactor=null, keyLocationInfo=[{blockID={containerID=1, localID=102779121598922753}, length=36, offset=0, token=null, pipeline=Pipeline[ Id: b067f1a2-ba63-4c79-aea0-881ccf30b6d7, Nodes: f46943e6-d0b5-49ad-a452-52d168b509a4{ip: 192.168.36.114, host: pr-hdds-1569-58hkm-1881083799, networkLocation: /default-rack, certSerialId: null}, Type:RATIS, Factor:ONE, State:OPEN], createVersion=0}], clientID=102779121557700608} | ret=SUCCESS |  
2019-09-12 10:42:23,255 [IPC Server handler 2 on 34334] ERROR pipeline.PipelinePlacementPolicy (PipelinePlacementPolicy.java:meetCriteria(92)) - Pipeline Placement: Doesn't meet the criteria to be viable node. Heaviness: 6
2019-09-12 10:42:23,260 [IPC Server handler 2 on 34334] ERROR pipeline.PipelinePlacementPolicy (PipelinePlacementPolicy.java:meetCriteria(92)) - Pipeline Placement: Doesn't meet the criteria to be viable node. Heaviness: 6
2019-09-12 10:42:23,261 [IPC Server handler 2 on 34334] ERROR pipeline.PipelinePlacementPolicy (PipelinePlacementPolicy.java:meetCriteria(92)) - Pipeline Placement: Doesn't meet the criteria to be viable node. Heaviness: 6
2019-09-12 10:42:23,261 [IPC Server handler 2 on 34334] ERROR pipeline.PipelinePlacementPolicy (PipelinePlacementPolicy.java:filterViableNodes(147)) - Unable to find enough nodes that meet the criteria that cannot engage in more than 5 pipelines. Nodes required: 3 Found: 0, healthy nodes count inNodeManager: 3.
2019-09-12 10:42:23,261 [IPC Server handler 2 on 34334] ERROR pipeline.SCMPipelineManager (SCMPipelineManager.java:createPipeline(161)) - Pipeline creation failed due to exception: Unable to find enough nodes that meet the criteria that cannot engage in more than 5 pipelines. Nodes required: 3 Found: 0, healthy nodes count inNodeManager: 3.
2019-09-12 10:42:23,263 [IPC Server handler 2 on 34334] WARN  block.BlockManagerImpl (BlockManagerImpl.java:allocateBlock(192)) - Pipeline creation failed for type:RATIS factor:THREE. Retrying get pipelines call once.
org.apache.hadoop.hdds.scm.exceptions.SCMException: Unable to find enough nodes that meet the criteria that cannot engage in more than 5 pipelines. Nodes required: 3 Found: 0, healthy nodes count inNodeManager: 3.
	at org.apache.hadoop.hdds.scm.pipeline.PipelinePlacementPolicy.filterViableNodes(PipelinePlacementPolicy.java:148)
	at org.apache.hadoop.hdds.scm.pipeline.PipelinePlacementPolicy.chooseDatanodes(PipelinePlacementPolicy.java:171)
	at org.apache.hadoop.hdds.scm.pipeline.RatisPipelineProvider.create(RatisPipelineProvider.java:100)
	at org.apache.hadoop.hdds.scm.pipeline.PipelineFactory.create(PipelineFactory.java:57)
	at org.apache.hadoop.hdds.scm.pipeline.SCMPipelineManager.createPipeline(SCMPipelineManager.java:149)
	at org.apache.hadoop.hdds.scm.block.BlockManagerImpl.allocateBlock(BlockManagerImpl.java:190)
	at org.apache.hadoop.hdds.scm.server.SCMBlockProtocolServer.allocateBlock(SCMBlockProtocolServer.java:175)
	at org.apache.hadoop.ozone.protocolPB.ScmBlockLocationProtocolServerSideTranslatorPB.allocateScmBlock(ScmBlockLocationProtocolServerSideTranslatorPB.java:153)
	at org.apache.hadoop.ozone.protocolPB.ScmBlockLocationProtocolServerSideTranslatorPB.send(ScmBlockLocationProtocolServerSideTranslatorPB.java:112)
	at org.apache.hadoop.hdds.protocol.proto.ScmBlockLocationProtocolProtos$ScmBlockLocationProtocolService$2.callBlockingMethod(ScmBlockLocationProtocolProtos.java:13157)
	at org.apache.hadoop.ipc.ProtobufRpcEngine$Server$ProtoBufRpcInvoker.call(ProtobufRpcEngine.java:524)
	at org.apache.hadoop.ipc.RPC$Server.call(RPC.java:1025)
	at org.apache.hadoop.ipc.Server$RpcCall.run(Server.java:876)
	at org.apache.hadoop.ipc.Server$RpcCall.run(Server.java:822)
	at java.security.AccessController.doPrivileged(Native Method)
	at javax.security.auth.Subject.doAs(Subject.java:422)
	at org.apache.hadoop.security.UserGroupInformation.doAs(UserGroupInformation.java:1730)
	at org.apache.hadoop.ipc.Server$Handler.run(Server.java:2682)
2019-09-12 10:42:23,265 [IPC Server handler 2 on 34334] INFO  block.BlockManagerImpl (BlockManagerImpl.java:allocateBlock(198)) - Could not find available pipeline of type:RATIS and factor:THREE even after retrying
2019-09-12 10:42:23,265 [IPC Server handler 2 on 34334] ERROR block.BlockManagerImpl (BlockManagerImpl.java:allocateBlock(222)) - Unable to allocate a block for the size: 4194304, type: RATIS, factor: THREE
2019-09-12 10:42:23,266 | INFO  | SCMAudit | user=jenkins1000 | ip=192.168.36.114 | op=ALLOCATE_BLOCK {owner=2a8450cd-1174-4f11-8858-e3e30c3ec7b8, size=4194304, type=RATIS, factor=THREE} | ret=SUCCESS |  
2019-09-12 10:42:23,267 | ERROR | OMAudit | user=jenkins1000 | ip=127.0.0.1 | op=ALLOCATE_KEY {volume=1a169576-cf3c-43b2-987a-99c0398d9671, bucket=8f925bc5-ebe7-45e4-b827-777045990a9f, key=111b0434-1024-4fbc-b73e-a4f851a1f3d0, dataSize=36, replicationType=RATIS, replicationFactor=THREE, keyLocationInfo=null} | ret=FAILURE | org.apache.hadoop.hdds.scm.exceptions.SCMException: Allocated 0 blocks. Requested 1 blocks
	at org.apache.hadoop.hdds.scm.protocolPB.ScmBlockLocationProtocolClientSideTranslatorPB.handleError(ScmBlockLocationProtocolClientSideTranslatorPB.java:118)
	at org.apache.hadoop.hdds.scm.protocolPB.ScmBlockLocationProtocolClientSideTranslatorPB.allocateBlock(ScmBlockLocationProtocolClientSideTranslatorPB.java:156) 
]]></system-out>
    <system-err><![CDATA[Sep 12, 2019 10:42:09 AM com.sun.jersey.server.impl.application.WebApplicationImpl _initiate
INFO: Initiating Jersey application, version 'Jersey: 1.19 02/11/2015 03:25 AM'
Sep 12, 2019 10:42:10 AM com.sun.jersey.server.impl.application.WebApplicationImpl _initiate
INFO: Initiating Jersey application, version 'Jersey: 1.19 02/11/2015 03:25 AM'
Sep 12, 2019 10:42:10 AM com.sun.jersey.server.impl.application.WebApplicationImpl _initiate
INFO: Initiating Jersey application, version 'Jersey: 1.19 02/11/2015 03:25 AM'
]]></system-err>
  </testcase>
</testsuite>