<?xml version="1.0" encoding="UTF-8"?>
<testsuite xmlns:xsi="http://www.w3.org/2001/XMLSchema-instance" xsi:noNamespaceSchemaLocation="https://maven.apache.org/surefire/maven-surefire-plugin/xsd/surefire-test-report.xsd" name="org.apache.hadoop.hdds.scm.pipeline.TestPipelineClose" time="84.364" tests="4" errors="4" skipped="0" failures="0">
  <properties>
    <property name="awt.toolkit" value="sun.awt.X11.XToolkit"/>
    <property name="file.encoding.pkg" value="sun.io"/>
    <property name="java.specification.version" value="1.8"/>
    <property name="sun.cpu.isalist" value=""/>
    <property name="sun.jnu.encoding" value="UTF-8"/>
    <property name="java.class.path" value="/workdir/hadoop-ozone/integration-test/target/test-classes:/workdir/hadoop-ozone/integration-test/target/classes:/home/user/.m2/repository/org/apache/hadoop/hadoop-ozone-common/0.5.0-SNAPSHOT/hadoop-ozone-common-0.5.0-SNAPSHOT.jar:/home/user/.m2/repository/org/apache/commons/commons-compress/1.4.1/commons-compress-1.4.1.jar:/home/user/.m2/repository/org/tukaani/xz/1.0/xz-1.0.jar:/home/user/.m2/repository/org/apache/hadoop/hadoop-common/3.2.0/hadoop-common-3.2.0.jar:/home/user/.m2/repository/org/apache/hadoop/hadoop-hdfs/3.2.0/hadoop-hdfs-3.2.0.jar:/home/user/.m2/repository/org/apache/hadoop/hadoop-hdfs-client/3.2.0/hadoop-hdfs-client-3.2.0.jar:/home/user/.m2/repository/com/fasterxml/jackson/core/jackson-annotations/2.9.5/jackson-annotations-2.9.5.jar:/home/user/.m2/repository/org/apache/hadoop/hadoop-hdds-common/0.5.0-SNAPSHOT/hadoop-hdds-common-0.5.0-SNAPSHOT.jar:/home/user/.m2/repository/javax/annotation/javax.annotation-api/1.2/javax.annotation-api-1.2.jar:/home/user/.m2/repository/org/apache/ratis/ratis-server/0.4.0-2337318-SNAPSHOT/ratis-server-0.4.0-2337318-SNAPSHOT.jar:/home/user/.m2/repository/org/apache/ratis/ratis-thirdparty-misc/0.2.0/ratis-thirdparty-misc-0.2.0.jar:/home/user/.m2/repository/org/apache/ratis/ratis-proto/0.4.0-2337318-SNAPSHOT/ratis-proto-0.4.0-2337318-SNAPSHOT.jar:/home/user/.m2/repository/org/apache/ratis/ratis-common/0.4.0-2337318-SNAPSHOT/ratis-common-0.4.0-2337318-SNAPSHOT.jar:/home/user/.m2/repository/org/apache/ratis/ratis-client/0.4.0-2337318-SNAPSHOT/ratis-client-0.4.0-2337318-SNAPSHOT.jar:/home/user/.m2/repository/org/apache/ratis/ratis-metrics/0.4.0-2337318-SNAPSHOT/ratis-metrics-0.4.0-2337318-SNAPSHOT.jar:/home/user/.m2/repository/org/apache/ratis/ratis-netty/0.4.0-2337318-SNAPSHOT/ratis-netty-0.4.0-2337318-SNAPSHOT.jar:/home/user/.m2/repository/org/apache/ratis/ratis-grpc/0.4.0-2337318-SNAPSHOT/ratis-grpc-0.4.0-2337318-SNAPSHOT.jar:/home/user/.m2/repository/org/rocksdb/rocksdbjni/6.0.1/rocksdbjni-6.0.1.jar:/home/user/.m2/repository/org/apache/logging/log4j/log4j-api/2.11.0/log4j-api-2.11.0.jar:/home/user/.m2/repository/org/apache/logging/log4j/log4j-core/2.11.0/log4j-core-2.11.0.jar:/home/user/.m2/repository/com/lmax/disruptor/3.4.2/disruptor-3.4.2.jar:/home/user/.m2/repository/org/apache/commons/commons-pool2/2.6.0/commons-pool2-2.6.0.jar:/home/user/.m2/repository/org/bouncycastle/bcpkix-jdk15on/1.60/bcpkix-jdk15on-1.60.jar:/home/user/.m2/repository/commons-validator/commons-validator/1.6/commons-validator-1.6.jar:/home/user/.m2/repository/commons-digester/commons-digester/1.8.1/commons-digester-1.8.1.jar:/home/user/.m2/repository/io/jaegertracing/jaeger-client/0.33.1/jaeger-client-0.33.1.jar:/home/user/.m2/repository/io/jaegertracing/jaeger-thrift/0.33.1/jaeger-thrift-0.33.1.jar:/home/user/.m2/repository/org/apache/thrift/libthrift/0.11.0/libthrift-0.11.0.jar:/home/user/.m2/repository/com/squareup/okhttp3/okhttp/3.9.0/okhttp-3.9.0.jar:/home/user/.m2/repository/com/squareup/okio/okio/1.13.0/okio-1.13.0.jar:/home/user/.m2/repository/io/jaegertracing/jaeger-core/0.33.1/jaeger-core-0.33.1.jar:/home/user/.m2/repository/io/jaegertracing/jaeger-tracerresolver/0.33.1/jaeger-tracerresolver-0.33.1.jar:/home/user/.m2/repository/io/opentracing/contrib/opentracing-tracerresolver/0.1.5/opentracing-tracerresolver-0.1.5.jar:/home/user/.m2/repository/io/opentracing/opentracing-util/0.31.0/opentracing-util-0.31.0.jar:/home/user/.m2/repository/io/opentracing/opentracing-api/0.31.0/opentracing-api-0.31.0.jar:/home/user/.m2/repository/io/opentracing/opentracing-noop/0.31.0/opentracing-noop-0.31.0.jar:/home/user/.m2/repository/org/apache/hadoop/hadoop-hdds-server-framework/0.5.0-SNAPSHOT/hadoop-hdds-server-framework-0.5.0-SNAPSHOT.jar:/home/user/.m2/repository/org/apache/hadoop/hadoop-hdds-container-service/0.5.0-SNAPSHOT/hadoop-hdds-container-service-0.5.0-SNAPSHOT.jar:/home/user/.m2/repository/org/apache/hadoop/hadoop-hdds-client/0.5.0-SNAPSHOT/hadoop-hdds-client-0.5.0-SNAPSHOT.jar:/home/user/.m2/repository/org/apache/hadoop/hadoop-hdds-tools/0.5.0-SNAPSHOT/hadoop-hdds-tools-0.5.0-SNAPSHOT.jar:/home/user/.m2/repository/org/apache/hadoop/hadoop-hdds-server-scm/0.5.0-SNAPSHOT/hadoop-hdds-server-scm-0.5.0-SNAPSHOT.jar:/home/user/.m2/repository/org/apache/hadoop/hadoop-hdds-docs/0.5.0-SNAPSHOT/hadoop-hdds-docs-0.5.0-SNAPSHOT.jar:/home/user/.m2/repository/io/dropwizard/metrics/metrics-core/3.2.4/metrics-core-3.2.4.jar:/home/user/.m2/repository/org/hamcrest/hamcrest-all/1.3/hamcrest-all-1.3.jar:/home/user/.m2/repository/org/bouncycastle/bcprov-jdk15on/1.60/bcprov-jdk15on-1.60.jar:/home/user/.m2/repository/info/picocli/picocli/3.9.6/picocli-3.9.6.jar:/home/user/.m2/repository/com/google/protobuf/protobuf-java/2.5.0/protobuf-java-2.5.0.jar:/home/user/.m2/repository/com/google/guava/guava/11.0.2/guava-11.0.2.jar:/home/user/.m2/repository/org/apache/hadoop/hadoop-ozone-ozone-manager/0.5.0-SNAPSHOT/hadoop-ozone-ozone-manager-0.5.0-SNAPSHOT.jar:/home/user/.m2/repository/org/apache/hadoop/hadoop-minikdc/3.2.0/hadoop-minikdc-3.2.0.jar:/home/user/.m2/repository/commons-io/commons-io/2.5/commons-io-2.5.jar:/home/user/.m2/repository/org/apache/kerby/kerb-simplekdc/1.0.1/kerb-simplekdc-1.0.1.jar:/home/user/.m2/repository/org/apache/kerby/kerb-client/1.0.1/kerb-client-1.0.1.jar:/home/user/.m2/repository/org/apache/kerby/kerby-config/1.0.1/kerby-config-1.0.1.jar:/home/user/.m2/repository/org/apache/kerby/kerb-core/1.0.1/kerb-core-1.0.1.jar:/home/user/.m2/repository/org/apache/kerby/kerby-pkix/1.0.1/kerby-pkix-1.0.1.jar:/home/user/.m2/repository/org/apache/kerby/kerby-asn1/1.0.1/kerby-asn1-1.0.1.jar:/home/user/.m2/repository/org/apache/kerby/kerby-util/1.0.1/kerby-util-1.0.1.jar:/home/user/.m2/repository/org/apache/kerby/kerb-common/1.0.1/kerb-common-1.0.1.jar:/home/user/.m2/repository/org/apache/kerby/kerb-crypto/1.0.1/kerb-crypto-1.0.1.jar:/home/user/.m2/repository/org/apache/kerby/kerb-util/1.0.1/kerb-util-1.0.1.jar:/home/user/.m2/repository/org/apache/kerby/token-provider/1.0.1/token-provider-1.0.1.jar:/home/user/.m2/repository/org/apache/kerby/kerb-admin/1.0.1/kerb-admin-1.0.1.jar:/home/user/.m2/repository/org/apache/kerby/kerb-server/1.0.1/kerb-server-1.0.1.jar:/home/user/.m2/repository/org/apache/kerby/kerb-identity/1.0.1/kerb-identity-1.0.1.jar:/home/user/.m2/repository/org/apache/kerby/kerby-xdr/1.0.1/kerby-xdr-1.0.1.jar:/home/user/.m2/repository/org/slf4j/slf4j-log4j12/1.7.25/slf4j-log4j12-1.7.25.jar:/home/user/.m2/repository/org/apache/hadoop/hadoop-ozone-objectstore-service/0.5.0-SNAPSHOT/hadoop-ozone-objectstore-service-0.5.0-SNAPSHOT.jar:/home/user/.m2/repository/org/apache/hadoop/hadoop-ozone-s3gateway/0.5.0-SNAPSHOT/hadoop-ozone-s3gateway-0.5.0-SNAPSHOT.jar:/home/user/.m2/repository/org/jboss/weld/servlet/weld-servlet/2.4.7.Final/weld-servlet-2.4.7.Final.jar:/home/user/.m2/repository/org/glassfish/jersey/containers/jersey-container-servlet-core/2.27/jersey-container-servlet-core-2.27.jar:/home/user/.m2/repository/org/glassfish/hk2/external/javax.inject/2.5.0-b42/javax.inject-2.5.0-b42.jar:/home/user/.m2/repository/org/glassfish/jersey/core/jersey-common/2.27/jersey-common-2.27.jar:/home/user/.m2/repository/org/glassfish/hk2/osgi-resource-locator/1.0.1/osgi-resource-locator-1.0.1.jar:/home/user/.m2/repository/javax/ws/rs/javax.ws.rs-api/2.1/javax.ws.rs-api-2.1.jar:/home/user/.m2/repository/org/glassfish/jersey/ext/cdi/jersey-cdi1x/2.27/jersey-cdi1x-2.27.jar:/home/user/.m2/repository/org/glassfish/jersey/inject/jersey-hk2/2.27/jersey-hk2-2.27.jar:/home/user/.m2/repository/org/glassfish/hk2/hk2-locator/2.5.0-b42/hk2-locator-2.5.0-b42.jar:/home/user/.m2/repository/org/javassist/javassist/3.22.0-CR2/javassist-3.22.0-CR2.jar:/home/user/.m2/repository/org/glassfish/hk2/hk2-api/2.5.0/hk2-api-2.5.0.jar:/home/user/.m2/repository/org/glassfish/hk2/external/jakarta.inject/2.5.0/jakarta.inject-2.5.0.jar:/home/user/.m2/repository/org/glassfish/hk2/hk2-utils/2.5.0/hk2-utils-2.5.0.jar:/home/user/.m2/repository/jakarta/annotation/jakarta.annotation-api/1.3.4/jakarta.annotation-api-1.3.4.jar:/home/user/.m2/repository/org/glassfish/hk2/external/aopalliance-repackaged/2.5.0/aopalliance-repackaged-2.5.0.jar:/home/user/.m2/repository/com/fasterxml/jackson/dataformat/jackson-dataformat-xml/2.9.0/jackson-dataformat-xml-2.9.0.jar:/home/user/.m2/repository/com/fasterxml/jackson/core/jackson-core/2.9.5/jackson-core-2.9.5.jar:/home/user/.m2/repository/com/fasterxml/jackson/module/jackson-module-jaxb-annotations/2.9.5/jackson-module-jaxb-annotations-2.9.5.jar:/home/user/.m2/repository/javax/enterprise/cdi-api/1.2/cdi-api-1.2.jar:/home/user/.m2/repository/javax/el/javax.el-api/3.0.0/javax.el-api-3.0.0.jar:/home/user/.m2/repository/javax/interceptor/javax.interceptor-api/1.2/javax.interceptor-api-1.2.jar:/home/user/.m2/repository/javax/inject/javax.inject/1/javax.inject-1.jar:/home/user/.m2/repository/com/sun/xml/bind/jaxb-impl/2.3.0.1/jaxb-impl-2.3.0.1.jar:/home/user/.m2/repository/com/sun/xml/bind/jaxb-core/2.3.0.1/jaxb-core-2.3.0.1.jar:/home/user/.m2/repository/javax/xml/bind/jaxb-api/2.3.0/jaxb-api-2.3.0.jar:/home/user/.m2/repository/javax/activation/activation/1.1.1/activation-1.1.1.jar:/home/user/.m2/repository/org/apache/hadoop/hadoop-ozone-csi/0.5.0-SNAPSHOT/hadoop-ozone-csi-0.5.0-SNAPSHOT.jar:/home/user/.m2/repository/com/google/protobuf/protobuf-java-util/3.5.1/protobuf-java-util-3.5.1.jar:/home/user/.m2/repository/org/apache/hadoop/hadoop-hdds-config/0.5.0-SNAPSHOT/hadoop-hdds-config-0.5.0-SNAPSHOT.jar:/home/user/.m2/repository/io/grpc/grpc-netty/1.17.1/grpc-netty-1.17.1.jar:/home/user/.m2/repository/io/grpc/grpc-core/1.17.1/grpc-core-1.17.1.jar:/home/user/.m2/repository/io/grpc/grpc-context/1.17.1/grpc-context-1.17.1.jar:/home/user/.m2/repository/com/google/errorprone/error_prone_annotations/2.2.0/error_prone_annotations-2.2.0.jar:/home/user/.m2/repository/org/codehaus/mojo/animal-sniffer-annotations/1.17/animal-sniffer-annotations-1.17.jar:/home/user/.m2/repository/io/opencensus/opencensus-api/0.17.0/opencensus-api-0.17.0.jar:/home/user/.m2/repository/io/opencensus/opencensus-contrib-grpc-metrics/0.17.0/opencensus-contrib-grpc-metrics-0.17.0.jar:/home/user/.m2/repository/io/netty/netty-codec-http2/4.1.30.Final/netty-codec-http2-4.1.30.Final.jar:/home/user/.m2/repository/io/netty/netty-codec-http/4.1.30.Final/netty-codec-http-4.1.30.Final.jar:/home/user/.m2/repository/io/netty/netty-codec/4.1.30.Final/netty-codec-4.1.30.Final.jar:/home/user/.m2/repository/io/netty/netty-handler/4.1.30.Final/netty-handler-4.1.30.Final.jar:/home/user/.m2/repository/io/netty/netty-handler-proxy/4.1.30.Final/netty-handler-proxy-4.1.30.Final.jar:/home/user/.m2/repository/io/netty/netty-codec-socks/4.1.30.Final/netty-codec-socks-4.1.30.Final.jar:/home/user/.m2/repository/io/netty/netty-transport-native-epoll/4.1.30.Final/netty-transport-native-epoll-4.1.30.Final.jar:/home/user/.m2/repository/io/netty/netty-common/4.1.30.Final/netty-common-4.1.30.Final.jar:/home/user/.m2/repository/io/netty/netty-buffer/4.1.30.Final/netty-buffer-4.1.30.Final.jar:/home/user/.m2/repository/io/netty/netty-transport/4.1.30.Final/netty-transport-4.1.30.Final.jar:/home/user/.m2/repository/io/netty/netty-resolver/4.1.30.Final/netty-resolver-4.1.30.Final.jar:/home/user/.m2/repository/io/netty/netty-transport-native-unix-common/4.1.30.Final/netty-transport-native-unix-common-4.1.30.Final.jar:/home/user/.m2/repository/io/grpc/grpc-protobuf/1.17.1/grpc-protobuf-1.17.1.jar:/home/user/.m2/repository/com/google/api/grpc/proto-google-common-protos/1.0.0/proto-google-common-protos-1.0.0.jar:/home/user/.m2/repository/io/grpc/grpc-protobuf-lite/1.17.1/grpc-protobuf-lite-1.17.1.jar:/home/user/.m2/repository/io/grpc/grpc-stub/1.17.1/grpc-stub-1.17.1.jar:/home/user/.m2/repository/org/apache/hadoop/hadoop-ozone-recon/0.5.0-SNAPSHOT/hadoop-ozone-recon-0.5.0-SNAPSHOT.jar:/home/user/.m2/repository/org/apache/hadoop/hadoop-ozone-reconcodegen/0.5.0-SNAPSHOT/hadoop-ozone-reconcodegen-0.5.0-SNAPSHOT.jar:/home/user/.m2/repository/com/google/inject/extensions/guice-multibindings/4.0/guice-multibindings-4.0.jar:/home/user/.m2/repository/com/google/inject/guice/4.0/guice-4.0.jar:/home/user/.m2/repository/aopalliance/aopalliance/1.0/aopalliance-1.0.jar:/home/user/.m2/repository/com/google/inject/extensions/guice-servlet/4.0/guice-servlet-4.0.jar:/home/user/.m2/repository/org/glassfish/jersey/containers/jersey-container-servlet/2.27/jersey-container-servlet-2.27.jar:/home/user/.m2/repository/org/glassfish/hk2/guice-bridge/2.5.0/guice-bridge-2.5.0.jar:/home/user/.m2/repository/org/glassfish/jersey/core/jersey-server/2.27/jersey-server-2.27.jar:/home/user/.m2/repository/org/glassfish/jersey/core/jersey-client/2.27/jersey-client-2.27.jar:/home/user/.m2/repository/org/glassfish/jersey/media/jersey-media-jaxb/2.27/jersey-media-jaxb-2.27.jar:/home/user/.m2/repository/javax/validation/validation-api/1.1.0.Final/validation-api-1.1.0.Final.jar:/home/user/.m2/repository/org/glassfish/jersey/media/jersey-media-json-jackson/2.27/jersey-media-json-jackson-2.27.jar:/home/user/.m2/repository/org/glassfish/jersey/ext/jersey-entity-filtering/2.27/jersey-entity-filtering-2.27.jar:/home/user/.m2/repository/com/google/inject/extensions/guice-assistedinject/4.0/guice-assistedinject-4.0.jar:/home/user/.m2/repository/org/jooq/jooq/3.11.10/jooq-3.11.10.jar:/home/user/.m2/repository/org/jooq/jooq-meta/3.11.10/jooq-meta-3.11.10.jar:/home/user/.m2/repository/org/jooq/jooq-codegen/3.11.10/jooq-codegen-3.11.10.jar:/home/user/.m2/repository/com/jolbox/bonecp/0.8.0.RELEASE/bonecp-0.8.0.RELEASE.jar:/home/user/.m2/repository/org/xerial/sqlite-jdbc/3.25.2/sqlite-jdbc-3.25.2.jar:/home/user/.m2/repository/org/springframework/spring-jdbc/5.1.3.RELEASE/spring-jdbc-5.1.3.RELEASE.jar:/home/user/.m2/repository/org/springframework/spring-beans/5.1.3.RELEASE/spring-beans-5.1.3.RELEASE.jar:/home/user/.m2/repository/org/springframework/spring-core/5.1.3.RELEASE/spring-core-5.1.3.RELEASE.jar:/home/user/.m2/repository/org/springframework/spring-jcl/5.1.3.RELEASE/spring-jcl-5.1.3.RELEASE.jar:/home/user/.m2/repository/org/springframework/spring-tx/5.1.3.RELEASE/spring-tx-5.1.3.RELEASE.jar:/home/user/.m2/repository/org/apache/hadoop/hadoop-ozone-client/0.5.0-SNAPSHOT/hadoop-ozone-client-0.5.0-SNAPSHOT.jar:/home/user/.m2/repository/commons-lang/commons-lang/2.6/commons-lang-2.6.jar:/home/user/.m2/repository/org/apache/hadoop/hadoop-ozone-ozone-manager/0.5.0-SNAPSHOT/hadoop-ozone-ozone-manager-0.5.0-SNAPSHOT-tests.jar:/home/user/.m2/repository/junit/junit/4.11/junit-4.11.jar:/home/user/.m2/repository/org/hamcrest/hamcrest-core/1.3/hamcrest-core-1.3.jar:/home/user/.m2/repository/org/openjdk/jmh/jmh-core/1.19/jmh-core-1.19.jar:/home/user/.m2/repository/net/sf/jopt-simple/jopt-simple/4.6/jopt-simple-4.6.jar:/home/user/.m2/repository/org/apache/commons/commons-math3/3.1.1/commons-math3-3.1.1.jar:/home/user/.m2/repository/org/openjdk/jmh/jmh-generator-annprocess/1.19/jmh-generator-annprocess-1.19.jar:/home/user/.m2/repository/org/mockito/mockito-all/1.8.5/mockito-all-1.8.5.jar:/home/user/.m2/repository/org/apache/hadoop/hadoop-kms/3.2.0/hadoop-kms-3.2.0.jar:/home/user/.m2/repository/org/apache/hadoop/hadoop-auth/3.2.0/hadoop-auth-3.2.0.jar:/home/user/.m2/repository/com/nimbusds/nimbus-jose-jwt/4.41.1/nimbus-jose-jwt-4.41.1.jar:/home/user/.m2/repository/com/github/stephenc/jcip/jcip-annotations/1.0-1/jcip-annotations-1.0-1.jar:/home/user/.m2/repository/net/minidev/json-smart/2.3/json-smart-2.3.jar:/home/user/.m2/repository/net/minidev/accessors-smart/1.2/accessors-smart-1.2.jar:/home/user/.m2/repository/org/ow2/asm/asm/5.0.4/asm-5.0.4.jar:/home/user/.m2/repository/org/apache/curator/curator-framework/2.12.0/curator-framework-2.12.0.jar:/home/user/.m2/repository/com/sun/jersey/jersey-core/1.19/jersey-core-1.19.jar:/home/user/.m2/repository/javax/ws/rs/jsr311-api/1.1.1/jsr311-api-1.1.1.jar:/home/user/.m2/repository/com/sun/jersey/jersey-server/1.19/jersey-server-1.19.jar:/home/user/.m2/repository/javax/servlet/javax.servlet-api/3.1.0/javax.servlet-api-3.1.0.jar:/home/user/.m2/repository/org/eclipse/jetty/jetty-server/9.3.24.v20180605/jetty-server-9.3.24.v20180605.jar:/home/user/.m2/repository/org/eclipse/jetty/jetty-http/9.3.24.v20180605/jetty-http-9.3.24.v20180605.jar:/home/user/.m2/repository/org/eclipse/jetty/jetty-io/9.3.24.v20180605/jetty-io-9.3.24.v20180605.jar:/home/user/.m2/repository/org/eclipse/jetty/jetty-webapp/9.3.24.v20180605/jetty-webapp-9.3.24.v20180605.jar:/home/user/.m2/repository/org/eclipse/jetty/jetty-xml/9.3.24.v20180605/jetty-xml-9.3.24.v20180605.jar:/home/user/.m2/repository/log4j/log4j/1.2.17/log4j-1.2.17.jar:/home/user/.m2/repository/org/slf4j/slf4j-api/1.7.25/slf4j-api-1.7.25.jar:/home/user/.m2/repository/org/slf4j/jul-to-slf4j/1.7.25/jul-to-slf4j-1.7.25.jar:/home/user/.m2/repository/org/eclipse/jetty/jetty-util/9.3.24.v20180605/jetty-util-9.3.24.v20180605.jar:/home/user/.m2/repository/com/fasterxml/jackson/core/jackson-databind/2.9.5/jackson-databind-2.9.5.jar:/home/user/.m2/repository/org/apache/hadoop/hadoop-kms/3.2.0/hadoop-kms-3.2.0-tests.jar:/home/user/.m2/repository/org/apache/hadoop/hadoop-hdds-server-scm/0.5.0-SNAPSHOT/hadoop-hdds-server-scm-0.5.0-SNAPSHOT-tests.jar:/home/user/.m2/repository/org/apache/hadoop/hadoop-hdds-container-service/0.5.0-SNAPSHOT/hadoop-hdds-container-service-0.5.0-SNAPSHOT-tests.jar:/home/user/.m2/repository/org/yaml/snakeyaml/1.16/snakeyaml-1.16.jar:/home/user/.m2/repository/org/apache/hadoop/hadoop-common/3.2.0/hadoop-common-3.2.0-tests.jar:/home/user/.m2/repository/org/apache/hadoop/hadoop-annotations/3.2.0/hadoop-annotations-3.2.0.jar:/usr/lib/jvm/java-1.8-openjdk/jre/../lib/tools.jar:/home/user/.m2/repository/commons-cli/commons-cli/1.2/commons-cli-1.2.jar:/home/user/.m2/repository/org/apache/httpcomponents/httpclient/4.5.2/httpclient-4.5.2.jar:/home/user/.m2/repository/org/apache/httpcomponents/httpcore/4.4.4/httpcore-4.4.4.jar:/home/user/.m2/repository/commons-codec/commons-codec/1.11/commons-codec-1.11.jar:/home/user/.m2/repository/commons-net/commons-net/3.6/commons-net-3.6.jar:/home/user/.m2/repository/commons-collections/commons-collections/3.2.2/commons-collections-3.2.2.jar:/home/user/.m2/repository/org/eclipse/jetty/jetty-servlet/9.3.24.v20180605/jetty-servlet-9.3.24.v20180605.jar:/home/user/.m2/repository/org/eclipse/jetty/jetty-security/9.3.24.v20180605/jetty-security-9.3.24.v20180605.jar:/home/user/.m2/repository/javax/servlet/jsp/jsp-api/2.1/jsp-api-2.1.jar:/home/user/.m2/repository/com/sun/jersey/jersey-servlet/1.19/jersey-servlet-1.19.jar:/home/user/.m2/repository/com/sun/jersey/jersey-json/1.19/jersey-json-1.19.jar:/home/user/.m2/repository/org/codehaus/jettison/jettison/1.1/jettison-1.1.jar:/home/user/.m2/repository/org/codehaus/jackson/jackson-core-asl/1.9.13/jackson-core-asl-1.9.13.jar:/home/user/.m2/repository/org/codehaus/jackson/jackson-mapper-asl/1.9.13/jackson-mapper-asl-1.9.13.jar:/home/user/.m2/repository/org/codehaus/jackson/jackson-jaxrs/1.9.13/jackson-jaxrs-1.9.13.jar:/home/user/.m2/repository/org/codehaus/jackson/jackson-xc/1.9.13/jackson-xc-1.9.13.jar:/home/user/.m2/repository/commons-logging/commons-logging/1.1.3/commons-logging-1.1.3.jar:/home/user/.m2/repository/commons-beanutils/commons-beanutils/1.9.3/commons-beanutils-1.9.3.jar:/home/user/.m2/repository/org/apache/commons/commons-configuration2/2.1.1/commons-configuration2-2.1.1.jar:/home/user/.m2/repository/org/apache/commons/commons-lang3/3.7/commons-lang3-3.7.jar:/home/user/.m2/repository/org/apache/commons/commons-text/1.4/commons-text-1.4.jar:/home/user/.m2/repository/org/apache/avro/avro/1.7.7/avro-1.7.7.jar:/home/user/.m2/repository/com/thoughtworks/paranamer/paranamer/2.3/paranamer-2.3.jar:/home/user/.m2/repository/org/xerial/snappy/snappy-java/1.0.5/snappy-java-1.0.5.jar:/home/user/.m2/repository/com/google/re2j/re2j/1.1/re2j-1.1.jar:/home/user/.m2/repository/com/google/code/gson/gson/2.2.4/gson-2.2.4.jar:/home/user/.m2/repository/com/jcraft/jsch/0.1.54/jsch-0.1.54.jar:/home/user/.m2/repository/org/apache/curator/curator-client/2.12.0/curator-client-2.12.0.jar:/home/user/.m2/repository/org/apache/curator/curator-recipes/2.12.0/curator-recipes-2.12.0.jar:/home/user/.m2/repository/com/google/code/findbugs/jsr305/3.0.0/jsr305-3.0.0.jar:/home/user/.m2/repository/org/apache/htrace/htrace-core4/4.1.0-incubating/htrace-core4-4.1.0-incubating.jar:/home/user/.m2/repository/org/apache/zookeeper/zookeeper/3.4.13/zookeeper-3.4.13.jar:/home/user/.m2/repository/org/apache/yetus/audience-annotations/0.5.0/audience-annotations-0.5.0.jar:/home/user/.m2/repository/org/codehaus/woodstox/stax2-api/3.1.4/stax2-api-3.1.4.jar:/home/user/.m2/repository/com/fasterxml/woodstox/woodstox-core/5.0.3/woodstox-core-5.0.3.jar:/home/user/.m2/repository/dnsjava/dnsjava/2.1.7/dnsjava-2.1.7.jar:/home/user/.m2/repository/org/apache/hadoop/hadoop-hdfs/3.2.0/hadoop-hdfs-3.2.0-tests.jar:/home/user/.m2/repository/org/eclipse/jetty/jetty-util-ajax/9.3.24.v20180605/jetty-util-ajax-9.3.24.v20180605.jar:/home/user/.m2/repository/commons-daemon/commons-daemon/1.0.13/commons-daemon-1.0.13.jar:/home/user/.m2/repository/io/netty/netty/3.10.5.Final/netty-3.10.5.Final.jar:/home/user/.m2/repository/io/netty/netty-all/4.0.52.Final/netty-all-4.0.52.Final.jar:/home/user/.m2/repository/org/fusesource/leveldbjni/leveldbjni-all/1.8/leveldbjni-all-1.8.jar:"/>
    <property name="java.vm.vendor" value="IcedTea"/>
    <property name="sun.arch.data.model" value="64"/>
    <property name="test.build.dir" value="/workdir/hadoop-ozone/integration-test/target/test-dir"/>
    <property name="test.cache.data" value=""/>
    <property name="java.vendor.url" value="https://icedtea.classpath.org"/>
    <property name="user.timezone" value=""/>
    <property name="java.vm.specification.version" value="1.8"/>
    <property name="os.name" value="Linux"/>
    <property name="test.build.data" value="/workdir/hadoop-ozone/integration-test/target/test-dir"/>
    <property name="user.country" value="US"/>
    <property name="sun.java.launcher" value="SUN_STANDARD"/>
    <property name="sun.boot.library.path" value="/usr/lib/jvm/java-1.8-openjdk/jre/lib/amd64"/>
    <property name="sun.java.command" value="/workdir/hadoop-ozone/integration-test/target/surefire/surefirebooter5089509967029488609.jar /workdir/hadoop-ozone/integration-test/target/surefire 2019-09-12T10-07-27_366-jvmRun1 surefire7953753472489264711tmp surefire_26134271781753757817tmp"/>
    <property name="test" value="!TestMiniChaosOzoneCluster"/>
    <property name="surefire.test.class.path" value="/workdir/hadoop-ozone/integration-test/target/test-classes:/workdir/hadoop-ozone/integration-test/target/classes:/home/user/.m2/repository/org/apache/hadoop/hadoop-ozone-common/0.5.0-SNAPSHOT/hadoop-ozone-common-0.5.0-SNAPSHOT.jar:/home/user/.m2/repository/org/apache/commons/commons-compress/1.4.1/commons-compress-1.4.1.jar:/home/user/.m2/repository/org/tukaani/xz/1.0/xz-1.0.jar:/home/user/.m2/repository/org/apache/hadoop/hadoop-common/3.2.0/hadoop-common-3.2.0.jar:/home/user/.m2/repository/org/apache/hadoop/hadoop-hdfs/3.2.0/hadoop-hdfs-3.2.0.jar:/home/user/.m2/repository/org/apache/hadoop/hadoop-hdfs-client/3.2.0/hadoop-hdfs-client-3.2.0.jar:/home/user/.m2/repository/com/fasterxml/jackson/core/jackson-annotations/2.9.5/jackson-annotations-2.9.5.jar:/home/user/.m2/repository/org/apache/hadoop/hadoop-hdds-common/0.5.0-SNAPSHOT/hadoop-hdds-common-0.5.0-SNAPSHOT.jar:/home/user/.m2/repository/javax/annotation/javax.annotation-api/1.2/javax.annotation-api-1.2.jar:/home/user/.m2/repository/org/apache/ratis/ratis-server/0.4.0-2337318-SNAPSHOT/ratis-server-0.4.0-2337318-SNAPSHOT.jar:/home/user/.m2/repository/org/apache/ratis/ratis-thirdparty-misc/0.2.0/ratis-thirdparty-misc-0.2.0.jar:/home/user/.m2/repository/org/apache/ratis/ratis-proto/0.4.0-2337318-SNAPSHOT/ratis-proto-0.4.0-2337318-SNAPSHOT.jar:/home/user/.m2/repository/org/apache/ratis/ratis-common/0.4.0-2337318-SNAPSHOT/ratis-common-0.4.0-2337318-SNAPSHOT.jar:/home/user/.m2/repository/org/apache/ratis/ratis-client/0.4.0-2337318-SNAPSHOT/ratis-client-0.4.0-2337318-SNAPSHOT.jar:/home/user/.m2/repository/org/apache/ratis/ratis-metrics/0.4.0-2337318-SNAPSHOT/ratis-metrics-0.4.0-2337318-SNAPSHOT.jar:/home/user/.m2/repository/org/apache/ratis/ratis-netty/0.4.0-2337318-SNAPSHOT/ratis-netty-0.4.0-2337318-SNAPSHOT.jar:/home/user/.m2/repository/org/apache/ratis/ratis-grpc/0.4.0-2337318-SNAPSHOT/ratis-grpc-0.4.0-2337318-SNAPSHOT.jar:/home/user/.m2/repository/org/rocksdb/rocksdbjni/6.0.1/rocksdbjni-6.0.1.jar:/home/user/.m2/repository/org/apache/logging/log4j/log4j-api/2.11.0/log4j-api-2.11.0.jar:/home/user/.m2/repository/org/apache/logging/log4j/log4j-core/2.11.0/log4j-core-2.11.0.jar:/home/user/.m2/repository/com/lmax/disruptor/3.4.2/disruptor-3.4.2.jar:/home/user/.m2/repository/org/apache/commons/commons-pool2/2.6.0/commons-pool2-2.6.0.jar:/home/user/.m2/repository/org/bouncycastle/bcpkix-jdk15on/1.60/bcpkix-jdk15on-1.60.jar:/home/user/.m2/repository/commons-validator/commons-validator/1.6/commons-validator-1.6.jar:/home/user/.m2/repository/commons-digester/commons-digester/1.8.1/commons-digester-1.8.1.jar:/home/user/.m2/repository/io/jaegertracing/jaeger-client/0.33.1/jaeger-client-0.33.1.jar:/home/user/.m2/repository/io/jaegertracing/jaeger-thrift/0.33.1/jaeger-thrift-0.33.1.jar:/home/user/.m2/repository/org/apache/thrift/libthrift/0.11.0/libthrift-0.11.0.jar:/home/user/.m2/repository/com/squareup/okhttp3/okhttp/3.9.0/okhttp-3.9.0.jar:/home/user/.m2/repository/com/squareup/okio/okio/1.13.0/okio-1.13.0.jar:/home/user/.m2/repository/io/jaegertracing/jaeger-core/0.33.1/jaeger-core-0.33.1.jar:/home/user/.m2/repository/io/jaegertracing/jaeger-tracerresolver/0.33.1/jaeger-tracerresolver-0.33.1.jar:/home/user/.m2/repository/io/opentracing/contrib/opentracing-tracerresolver/0.1.5/opentracing-tracerresolver-0.1.5.jar:/home/user/.m2/repository/io/opentracing/opentracing-util/0.31.0/opentracing-util-0.31.0.jar:/home/user/.m2/repository/io/opentracing/opentracing-api/0.31.0/opentracing-api-0.31.0.jar:/home/user/.m2/repository/io/opentracing/opentracing-noop/0.31.0/opentracing-noop-0.31.0.jar:/home/user/.m2/repository/org/apache/hadoop/hadoop-hdds-server-framework/0.5.0-SNAPSHOT/hadoop-hdds-server-framework-0.5.0-SNAPSHOT.jar:/home/user/.m2/repository/org/apache/hadoop/hadoop-hdds-container-service/0.5.0-SNAPSHOT/hadoop-hdds-container-service-0.5.0-SNAPSHOT.jar:/home/user/.m2/repository/org/apache/hadoop/hadoop-hdds-client/0.5.0-SNAPSHOT/hadoop-hdds-client-0.5.0-SNAPSHOT.jar:/home/user/.m2/repository/org/apache/hadoop/hadoop-hdds-tools/0.5.0-SNAPSHOT/hadoop-hdds-tools-0.5.0-SNAPSHOT.jar:/home/user/.m2/repository/org/apache/hadoop/hadoop-hdds-server-scm/0.5.0-SNAPSHOT/hadoop-hdds-server-scm-0.5.0-SNAPSHOT.jar:/home/user/.m2/repository/org/apache/hadoop/hadoop-hdds-docs/0.5.0-SNAPSHOT/hadoop-hdds-docs-0.5.0-SNAPSHOT.jar:/home/user/.m2/repository/io/dropwizard/metrics/metrics-core/3.2.4/metrics-core-3.2.4.jar:/home/user/.m2/repository/org/hamcrest/hamcrest-all/1.3/hamcrest-all-1.3.jar:/home/user/.m2/repository/org/bouncycastle/bcprov-jdk15on/1.60/bcprov-jdk15on-1.60.jar:/home/user/.m2/repository/info/picocli/picocli/3.9.6/picocli-3.9.6.jar:/home/user/.m2/repository/com/google/protobuf/protobuf-java/2.5.0/protobuf-java-2.5.0.jar:/home/user/.m2/repository/com/google/guava/guava/11.0.2/guava-11.0.2.jar:/home/user/.m2/repository/org/apache/hadoop/hadoop-ozone-ozone-manager/0.5.0-SNAPSHOT/hadoop-ozone-ozone-manager-0.5.0-SNAPSHOT.jar:/home/user/.m2/repository/org/apache/hadoop/hadoop-minikdc/3.2.0/hadoop-minikdc-3.2.0.jar:/home/user/.m2/repository/commons-io/commons-io/2.5/commons-io-2.5.jar:/home/user/.m2/repository/org/apache/kerby/kerb-simplekdc/1.0.1/kerb-simplekdc-1.0.1.jar:/home/user/.m2/repository/org/apache/kerby/kerb-client/1.0.1/kerb-client-1.0.1.jar:/home/user/.m2/repository/org/apache/kerby/kerby-config/1.0.1/kerby-config-1.0.1.jar:/home/user/.m2/repository/org/apache/kerby/kerb-core/1.0.1/kerb-core-1.0.1.jar:/home/user/.m2/repository/org/apache/kerby/kerby-pkix/1.0.1/kerby-pkix-1.0.1.jar:/home/user/.m2/repository/org/apache/kerby/kerby-asn1/1.0.1/kerby-asn1-1.0.1.jar:/home/user/.m2/repository/org/apache/kerby/kerby-util/1.0.1/kerby-util-1.0.1.jar:/home/user/.m2/repository/org/apache/kerby/kerb-common/1.0.1/kerb-common-1.0.1.jar:/home/user/.m2/repository/org/apache/kerby/kerb-crypto/1.0.1/kerb-crypto-1.0.1.jar:/home/user/.m2/repository/org/apache/kerby/kerb-util/1.0.1/kerb-util-1.0.1.jar:/home/user/.m2/repository/org/apache/kerby/token-provider/1.0.1/token-provider-1.0.1.jar:/home/user/.m2/repository/org/apache/kerby/kerb-admin/1.0.1/kerb-admin-1.0.1.jar:/home/user/.m2/repository/org/apache/kerby/kerb-server/1.0.1/kerb-server-1.0.1.jar:/home/user/.m2/repository/org/apache/kerby/kerb-identity/1.0.1/kerb-identity-1.0.1.jar:/home/user/.m2/repository/org/apache/kerby/kerby-xdr/1.0.1/kerby-xdr-1.0.1.jar:/home/user/.m2/repository/org/slf4j/slf4j-log4j12/1.7.25/slf4j-log4j12-1.7.25.jar:/home/user/.m2/repository/org/apache/hadoop/hadoop-ozone-objectstore-service/0.5.0-SNAPSHOT/hadoop-ozone-objectstore-service-0.5.0-SNAPSHOT.jar:/home/user/.m2/repository/org/apache/hadoop/hadoop-ozone-s3gateway/0.5.0-SNAPSHOT/hadoop-ozone-s3gateway-0.5.0-SNAPSHOT.jar:/home/user/.m2/repository/org/jboss/weld/servlet/weld-servlet/2.4.7.Final/weld-servlet-2.4.7.Final.jar:/home/user/.m2/repository/org/glassfish/jersey/containers/jersey-container-servlet-core/2.27/jersey-container-servlet-core-2.27.jar:/home/user/.m2/repository/org/glassfish/hk2/external/javax.inject/2.5.0-b42/javax.inject-2.5.0-b42.jar:/home/user/.m2/repository/org/glassfish/jersey/core/jersey-common/2.27/jersey-common-2.27.jar:/home/user/.m2/repository/org/glassfish/hk2/osgi-resource-locator/1.0.1/osgi-resource-locator-1.0.1.jar:/home/user/.m2/repository/javax/ws/rs/javax.ws.rs-api/2.1/javax.ws.rs-api-2.1.jar:/home/user/.m2/repository/org/glassfish/jersey/ext/cdi/jersey-cdi1x/2.27/jersey-cdi1x-2.27.jar:/home/user/.m2/repository/org/glassfish/jersey/inject/jersey-hk2/2.27/jersey-hk2-2.27.jar:/home/user/.m2/repository/org/glassfish/hk2/hk2-locator/2.5.0-b42/hk2-locator-2.5.0-b42.jar:/home/user/.m2/repository/org/javassist/javassist/3.22.0-CR2/javassist-3.22.0-CR2.jar:/home/user/.m2/repository/org/glassfish/hk2/hk2-api/2.5.0/hk2-api-2.5.0.jar:/home/user/.m2/repository/org/glassfish/hk2/external/jakarta.inject/2.5.0/jakarta.inject-2.5.0.jar:/home/user/.m2/repository/org/glassfish/hk2/hk2-utils/2.5.0/hk2-utils-2.5.0.jar:/home/user/.m2/repository/jakarta/annotation/jakarta.annotation-api/1.3.4/jakarta.annotation-api-1.3.4.jar:/home/user/.m2/repository/org/glassfish/hk2/external/aopalliance-repackaged/2.5.0/aopalliance-repackaged-2.5.0.jar:/home/user/.m2/repository/com/fasterxml/jackson/dataformat/jackson-dataformat-xml/2.9.0/jackson-dataformat-xml-2.9.0.jar:/home/user/.m2/repository/com/fasterxml/jackson/core/jackson-core/2.9.5/jackson-core-2.9.5.jar:/home/user/.m2/repository/com/fasterxml/jackson/module/jackson-module-jaxb-annotations/2.9.5/jackson-module-jaxb-annotations-2.9.5.jar:/home/user/.m2/repository/javax/enterprise/cdi-api/1.2/cdi-api-1.2.jar:/home/user/.m2/repository/javax/el/javax.el-api/3.0.0/javax.el-api-3.0.0.jar:/home/user/.m2/repository/javax/interceptor/javax.interceptor-api/1.2/javax.interceptor-api-1.2.jar:/home/user/.m2/repository/javax/inject/javax.inject/1/javax.inject-1.jar:/home/user/.m2/repository/com/sun/xml/bind/jaxb-impl/2.3.0.1/jaxb-impl-2.3.0.1.jar:/home/user/.m2/repository/com/sun/xml/bind/jaxb-core/2.3.0.1/jaxb-core-2.3.0.1.jar:/home/user/.m2/repository/javax/xml/bind/jaxb-api/2.3.0/jaxb-api-2.3.0.jar:/home/user/.m2/repository/javax/activation/activation/1.1.1/activation-1.1.1.jar:/home/user/.m2/repository/org/apache/hadoop/hadoop-ozone-csi/0.5.0-SNAPSHOT/hadoop-ozone-csi-0.5.0-SNAPSHOT.jar:/home/user/.m2/repository/com/google/protobuf/protobuf-java-util/3.5.1/protobuf-java-util-3.5.1.jar:/home/user/.m2/repository/org/apache/hadoop/hadoop-hdds-config/0.5.0-SNAPSHOT/hadoop-hdds-config-0.5.0-SNAPSHOT.jar:/home/user/.m2/repository/io/grpc/grpc-netty/1.17.1/grpc-netty-1.17.1.jar:/home/user/.m2/repository/io/grpc/grpc-core/1.17.1/grpc-core-1.17.1.jar:/home/user/.m2/repository/io/grpc/grpc-context/1.17.1/grpc-context-1.17.1.jar:/home/user/.m2/repository/com/google/errorprone/error_prone_annotations/2.2.0/error_prone_annotations-2.2.0.jar:/home/user/.m2/repository/org/codehaus/mojo/animal-sniffer-annotations/1.17/animal-sniffer-annotations-1.17.jar:/home/user/.m2/repository/io/opencensus/opencensus-api/0.17.0/opencensus-api-0.17.0.jar:/home/user/.m2/repository/io/opencensus/opencensus-contrib-grpc-metrics/0.17.0/opencensus-contrib-grpc-metrics-0.17.0.jar:/home/user/.m2/repository/io/netty/netty-codec-http2/4.1.30.Final/netty-codec-http2-4.1.30.Final.jar:/home/user/.m2/repository/io/netty/netty-codec-http/4.1.30.Final/netty-codec-http-4.1.30.Final.jar:/home/user/.m2/repository/io/netty/netty-codec/4.1.30.Final/netty-codec-4.1.30.Final.jar:/home/user/.m2/repository/io/netty/netty-handler/4.1.30.Final/netty-handler-4.1.30.Final.jar:/home/user/.m2/repository/io/netty/netty-handler-proxy/4.1.30.Final/netty-handler-proxy-4.1.30.Final.jar:/home/user/.m2/repository/io/netty/netty-codec-socks/4.1.30.Final/netty-codec-socks-4.1.30.Final.jar:/home/user/.m2/repository/io/netty/netty-transport-native-epoll/4.1.30.Final/netty-transport-native-epoll-4.1.30.Final.jar:/home/user/.m2/repository/io/netty/netty-common/4.1.30.Final/netty-common-4.1.30.Final.jar:/home/user/.m2/repository/io/netty/netty-buffer/4.1.30.Final/netty-buffer-4.1.30.Final.jar:/home/user/.m2/repository/io/netty/netty-transport/4.1.30.Final/netty-transport-4.1.30.Final.jar:/home/user/.m2/repository/io/netty/netty-resolver/4.1.30.Final/netty-resolver-4.1.30.Final.jar:/home/user/.m2/repository/io/netty/netty-transport-native-unix-common/4.1.30.Final/netty-transport-native-unix-common-4.1.30.Final.jar:/home/user/.m2/repository/io/grpc/grpc-protobuf/1.17.1/grpc-protobuf-1.17.1.jar:/home/user/.m2/repository/com/google/api/grpc/proto-google-common-protos/1.0.0/proto-google-common-protos-1.0.0.jar:/home/user/.m2/repository/io/grpc/grpc-protobuf-lite/1.17.1/grpc-protobuf-lite-1.17.1.jar:/home/user/.m2/repository/io/grpc/grpc-stub/1.17.1/grpc-stub-1.17.1.jar:/home/user/.m2/repository/org/apache/hadoop/hadoop-ozone-recon/0.5.0-SNAPSHOT/hadoop-ozone-recon-0.5.0-SNAPSHOT.jar:/home/user/.m2/repository/org/apache/hadoop/hadoop-ozone-reconcodegen/0.5.0-SNAPSHOT/hadoop-ozone-reconcodegen-0.5.0-SNAPSHOT.jar:/home/user/.m2/repository/com/google/inject/extensions/guice-multibindings/4.0/guice-multibindings-4.0.jar:/home/user/.m2/repository/com/google/inject/guice/4.0/guice-4.0.jar:/home/user/.m2/repository/aopalliance/aopalliance/1.0/aopalliance-1.0.jar:/home/user/.m2/repository/com/google/inject/extensions/guice-servlet/4.0/guice-servlet-4.0.jar:/home/user/.m2/repository/org/glassfish/jersey/containers/jersey-container-servlet/2.27/jersey-container-servlet-2.27.jar:/home/user/.m2/repository/org/glassfish/hk2/guice-bridge/2.5.0/guice-bridge-2.5.0.jar:/home/user/.m2/repository/org/glassfish/jersey/core/jersey-server/2.27/jersey-server-2.27.jar:/home/user/.m2/repository/org/glassfish/jersey/core/jersey-client/2.27/jersey-client-2.27.jar:/home/user/.m2/repository/org/glassfish/jersey/media/jersey-media-jaxb/2.27/jersey-media-jaxb-2.27.jar:/home/user/.m2/repository/javax/validation/validation-api/1.1.0.Final/validation-api-1.1.0.Final.jar:/home/user/.m2/repository/org/glassfish/jersey/media/jersey-media-json-jackson/2.27/jersey-media-json-jackson-2.27.jar:/home/user/.m2/repository/org/glassfish/jersey/ext/jersey-entity-filtering/2.27/jersey-entity-filtering-2.27.jar:/home/user/.m2/repository/com/google/inject/extensions/guice-assistedinject/4.0/guice-assistedinject-4.0.jar:/home/user/.m2/repository/org/jooq/jooq/3.11.10/jooq-3.11.10.jar:/home/user/.m2/repository/org/jooq/jooq-meta/3.11.10/jooq-meta-3.11.10.jar:/home/user/.m2/repository/org/jooq/jooq-codegen/3.11.10/jooq-codegen-3.11.10.jar:/home/user/.m2/repository/com/jolbox/bonecp/0.8.0.RELEASE/bonecp-0.8.0.RELEASE.jar:/home/user/.m2/repository/org/xerial/sqlite-jdbc/3.25.2/sqlite-jdbc-3.25.2.jar:/home/user/.m2/repository/org/springframework/spring-jdbc/5.1.3.RELEASE/spring-jdbc-5.1.3.RELEASE.jar:/home/user/.m2/repository/org/springframework/spring-beans/5.1.3.RELEASE/spring-beans-5.1.3.RELEASE.jar:/home/user/.m2/repository/org/springframework/spring-core/5.1.3.RELEASE/spring-core-5.1.3.RELEASE.jar:/home/user/.m2/repository/org/springframework/spring-jcl/5.1.3.RELEASE/spring-jcl-5.1.3.RELEASE.jar:/home/user/.m2/repository/org/springframework/spring-tx/5.1.3.RELEASE/spring-tx-5.1.3.RELEASE.jar:/home/user/.m2/repository/org/apache/hadoop/hadoop-ozone-client/0.5.0-SNAPSHOT/hadoop-ozone-client-0.5.0-SNAPSHOT.jar:/home/user/.m2/repository/commons-lang/commons-lang/2.6/commons-lang-2.6.jar:/home/user/.m2/repository/org/apache/hadoop/hadoop-ozone-ozone-manager/0.5.0-SNAPSHOT/hadoop-ozone-ozone-manager-0.5.0-SNAPSHOT-tests.jar:/home/user/.m2/repository/junit/junit/4.11/junit-4.11.jar:/home/user/.m2/repository/org/hamcrest/hamcrest-core/1.3/hamcrest-core-1.3.jar:/home/user/.m2/repository/org/openjdk/jmh/jmh-core/1.19/jmh-core-1.19.jar:/home/user/.m2/repository/net/sf/jopt-simple/jopt-simple/4.6/jopt-simple-4.6.jar:/home/user/.m2/repository/org/apache/commons/commons-math3/3.1.1/commons-math3-3.1.1.jar:/home/user/.m2/repository/org/openjdk/jmh/jmh-generator-annprocess/1.19/jmh-generator-annprocess-1.19.jar:/home/user/.m2/repository/org/mockito/mockito-all/1.8.5/mockito-all-1.8.5.jar:/home/user/.m2/repository/org/apache/hadoop/hadoop-kms/3.2.0/hadoop-kms-3.2.0.jar:/home/user/.m2/repository/org/apache/hadoop/hadoop-auth/3.2.0/hadoop-auth-3.2.0.jar:/home/user/.m2/repository/com/nimbusds/nimbus-jose-jwt/4.41.1/nimbus-jose-jwt-4.41.1.jar:/home/user/.m2/repository/com/github/stephenc/jcip/jcip-annotations/1.0-1/jcip-annotations-1.0-1.jar:/home/user/.m2/repository/net/minidev/json-smart/2.3/json-smart-2.3.jar:/home/user/.m2/repository/net/minidev/accessors-smart/1.2/accessors-smart-1.2.jar:/home/user/.m2/repository/org/ow2/asm/asm/5.0.4/asm-5.0.4.jar:/home/user/.m2/repository/org/apache/curator/curator-framework/2.12.0/curator-framework-2.12.0.jar:/home/user/.m2/repository/com/sun/jersey/jersey-core/1.19/jersey-core-1.19.jar:/home/user/.m2/repository/javax/ws/rs/jsr311-api/1.1.1/jsr311-api-1.1.1.jar:/home/user/.m2/repository/com/sun/jersey/jersey-server/1.19/jersey-server-1.19.jar:/home/user/.m2/repository/javax/servlet/javax.servlet-api/3.1.0/javax.servlet-api-3.1.0.jar:/home/user/.m2/repository/org/eclipse/jetty/jetty-server/9.3.24.v20180605/jetty-server-9.3.24.v20180605.jar:/home/user/.m2/repository/org/eclipse/jetty/jetty-http/9.3.24.v20180605/jetty-http-9.3.24.v20180605.jar:/home/user/.m2/repository/org/eclipse/jetty/jetty-io/9.3.24.v20180605/jetty-io-9.3.24.v20180605.jar:/home/user/.m2/repository/org/eclipse/jetty/jetty-webapp/9.3.24.v20180605/jetty-webapp-9.3.24.v20180605.jar:/home/user/.m2/repository/org/eclipse/jetty/jetty-xml/9.3.24.v20180605/jetty-xml-9.3.24.v20180605.jar:/home/user/.m2/repository/log4j/log4j/1.2.17/log4j-1.2.17.jar:/home/user/.m2/repository/org/slf4j/slf4j-api/1.7.25/slf4j-api-1.7.25.jar:/home/user/.m2/repository/org/slf4j/jul-to-slf4j/1.7.25/jul-to-slf4j-1.7.25.jar:/home/user/.m2/repository/org/eclipse/jetty/jetty-util/9.3.24.v20180605/jetty-util-9.3.24.v20180605.jar:/home/user/.m2/repository/com/fasterxml/jackson/core/jackson-databind/2.9.5/jackson-databind-2.9.5.jar:/home/user/.m2/repository/org/apache/hadoop/hadoop-kms/3.2.0/hadoop-kms-3.2.0-tests.jar:/home/user/.m2/repository/org/apache/hadoop/hadoop-hdds-server-scm/0.5.0-SNAPSHOT/hadoop-hdds-server-scm-0.5.0-SNAPSHOT-tests.jar:/home/user/.m2/repository/org/apache/hadoop/hadoop-hdds-container-service/0.5.0-SNAPSHOT/hadoop-hdds-container-service-0.5.0-SNAPSHOT-tests.jar:/home/user/.m2/repository/org/yaml/snakeyaml/1.16/snakeyaml-1.16.jar:/home/user/.m2/repository/org/apache/hadoop/hadoop-common/3.2.0/hadoop-common-3.2.0-tests.jar:/home/user/.m2/repository/org/apache/hadoop/hadoop-annotations/3.2.0/hadoop-annotations-3.2.0.jar:/usr/lib/jvm/java-1.8-openjdk/jre/../lib/tools.jar:/home/user/.m2/repository/commons-cli/commons-cli/1.2/commons-cli-1.2.jar:/home/user/.m2/repository/org/apache/httpcomponents/httpclient/4.5.2/httpclient-4.5.2.jar:/home/user/.m2/repository/org/apache/httpcomponents/httpcore/4.4.4/httpcore-4.4.4.jar:/home/user/.m2/repository/commons-codec/commons-codec/1.11/commons-codec-1.11.jar:/home/user/.m2/repository/commons-net/commons-net/3.6/commons-net-3.6.jar:/home/user/.m2/repository/commons-collections/commons-collections/3.2.2/commons-collections-3.2.2.jar:/home/user/.m2/repository/org/eclipse/jetty/jetty-servlet/9.3.24.v20180605/jetty-servlet-9.3.24.v20180605.jar:/home/user/.m2/repository/org/eclipse/jetty/jetty-security/9.3.24.v20180605/jetty-security-9.3.24.v20180605.jar:/home/user/.m2/repository/javax/servlet/jsp/jsp-api/2.1/jsp-api-2.1.jar:/home/user/.m2/repository/com/sun/jersey/jersey-servlet/1.19/jersey-servlet-1.19.jar:/home/user/.m2/repository/com/sun/jersey/jersey-json/1.19/jersey-json-1.19.jar:/home/user/.m2/repository/org/codehaus/jettison/jettison/1.1/jettison-1.1.jar:/home/user/.m2/repository/org/codehaus/jackson/jackson-core-asl/1.9.13/jackson-core-asl-1.9.13.jar:/home/user/.m2/repository/org/codehaus/jackson/jackson-mapper-asl/1.9.13/jackson-mapper-asl-1.9.13.jar:/home/user/.m2/repository/org/codehaus/jackson/jackson-jaxrs/1.9.13/jackson-jaxrs-1.9.13.jar:/home/user/.m2/repository/org/codehaus/jackson/jackson-xc/1.9.13/jackson-xc-1.9.13.jar:/home/user/.m2/repository/commons-logging/commons-logging/1.1.3/commons-logging-1.1.3.jar:/home/user/.m2/repository/commons-beanutils/commons-beanutils/1.9.3/commons-beanutils-1.9.3.jar:/home/user/.m2/repository/org/apache/commons/commons-configuration2/2.1.1/commons-configuration2-2.1.1.jar:/home/user/.m2/repository/org/apache/commons/commons-lang3/3.7/commons-lang3-3.7.jar:/home/user/.m2/repository/org/apache/commons/commons-text/1.4/commons-text-1.4.jar:/home/user/.m2/repository/org/apache/avro/avro/1.7.7/avro-1.7.7.jar:/home/user/.m2/repository/com/thoughtworks/paranamer/paranamer/2.3/paranamer-2.3.jar:/home/user/.m2/repository/org/xerial/snappy/snappy-java/1.0.5/snappy-java-1.0.5.jar:/home/user/.m2/repository/com/google/re2j/re2j/1.1/re2j-1.1.jar:/home/user/.m2/repository/com/google/code/gson/gson/2.2.4/gson-2.2.4.jar:/home/user/.m2/repository/com/jcraft/jsch/0.1.54/jsch-0.1.54.jar:/home/user/.m2/repository/org/apache/curator/curator-client/2.12.0/curator-client-2.12.0.jar:/home/user/.m2/repository/org/apache/curator/curator-recipes/2.12.0/curator-recipes-2.12.0.jar:/home/user/.m2/repository/com/google/code/findbugs/jsr305/3.0.0/jsr305-3.0.0.jar:/home/user/.m2/repository/org/apache/htrace/htrace-core4/4.1.0-incubating/htrace-core4-4.1.0-incubating.jar:/home/user/.m2/repository/org/apache/zookeeper/zookeeper/3.4.13/zookeeper-3.4.13.jar:/home/user/.m2/repository/org/apache/yetus/audience-annotations/0.5.0/audience-annotations-0.5.0.jar:/home/user/.m2/repository/org/codehaus/woodstox/stax2-api/3.1.4/stax2-api-3.1.4.jar:/home/user/.m2/repository/com/fasterxml/woodstox/woodstox-core/5.0.3/woodstox-core-5.0.3.jar:/home/user/.m2/repository/dnsjava/dnsjava/2.1.7/dnsjava-2.1.7.jar:/home/user/.m2/repository/org/apache/hadoop/hadoop-hdfs/3.2.0/hadoop-hdfs-3.2.0-tests.jar:/home/user/.m2/repository/org/eclipse/jetty/jetty-util-ajax/9.3.24.v20180605/jetty-util-ajax-9.3.24.v20180605.jar:/home/user/.m2/repository/commons-daemon/commons-daemon/1.0.13/commons-daemon-1.0.13.jar:/home/user/.m2/repository/io/netty/netty/3.10.5.Final/netty-3.10.5.Final.jar:/home/user/.m2/repository/io/netty/netty-all/4.0.52.Final/netty-all-4.0.52.Final.jar:/home/user/.m2/repository/org/fusesource/leveldbjni/leveldbjni-all/1.8/leveldbjni-all-1.8.jar:"/>
    <property name="sun.cpu.endian" value="little"/>
    <property name="user.home" value="/home/user"/>
    <property name="user.language" value="en"/>
    <property name="java.specification.vendor" value="Oracle Corporation"/>
    <property name="java.home" value="/usr/lib/jvm/java-1.8-openjdk/jre"/>
    <property name="java.security.krb5.conf" value="/workdir/hadoop-ozone/integration-test/target/test-classes/krb5.conf"/>
    <property name="basedir" value="/workdir/hadoop-ozone/integration-test"/>
    <property name="file.separator" value="/"/>
    <property name="line.separator" value="&#10;"/>
    <property name="java.vm.specification.vendor" value="Oracle Corporation"/>
    <property name="java.specification.name" value="Java Platform API Specification"/>
    <property name="java.awt.graphicsenv" value="sun.awt.X11GraphicsEnvironment"/>
    <property name="surefire.real.class.path" value="/workdir/hadoop-ozone/integration-test/target/surefire/surefirebooter5089509967029488609.jar"/>
    <property name="hadoop.log.dir" value="/workdir/hadoop-ozone/integration-test/target/log"/>
    <property name="sun.boot.class.path" value="/usr/lib/jvm/java-1.8-openjdk/jre/lib/resources.jar:/usr/lib/jvm/java-1.8-openjdk/jre/lib/rt.jar:/usr/lib/jvm/java-1.8-openjdk/jre/lib/sunrsasign.jar:/usr/lib/jvm/java-1.8-openjdk/jre/lib/jsse.jar:/usr/lib/jvm/java-1.8-openjdk/jre/lib/jce.jar:/usr/lib/jvm/java-1.8-openjdk/jre/lib/charsets.jar:/usr/lib/jvm/java-1.8-openjdk/jre/lib/jfr.jar:/usr/lib/jvm/java-1.8-openjdk/jre/classes"/>
    <property name="sun.management.compiler" value="HotSpot 64-Bit Tiered Compilers"/>
    <property name="java.runtime.version" value="1.8.0_212-b04"/>
    <property name="java.net.preferIPv4Stack" value="true"/>
    <property name="user.name" value="jenkins1000"/>
    <property name="path.separator" value=":"/>
    <property name="java.security.egd" value="file:///dev/urandom"/>
    <property name="os.version" value="3.10.0-957.12.2.el7.x86_64"/>
    <property name="java.endorsed.dirs" value="/usr/lib/jvm/java-1.8-openjdk/jre/lib/endorsed"/>
    <property name="java.runtime.name" value="OpenJDK Runtime Environment"/>
    <property name="file.encoding" value="UTF-8"/>
    <property name="java.vm.name" value="OpenJDK 64-Bit Server VM"/>
    <property name="test.build.webapps" value=""/>
    <property name="localRepository" value="/home/user/.m2/repository"/>
    <property name="java.vendor.url.bug" value="https://icedtea.classpath.org/bugzilla"/>
    <property name="java.io.tmpdir" value="/tmp"/>
    <property name="require.test.libhadoop" value=""/>
    <property name="java.version" value="1.8.0_212"/>
    <property name="user.dir" value="/workdir/hadoop-ozone/integration-test"/>
    <property name="os.arch" value="amd64"/>
    <property name="java.vm.specification.name" value="Java Virtual Machine Specification"/>
    <property name="test.build.classes" value="/workdir/hadoop-ozone/integration-test/target/test-classes"/>
    <property name="java.awt.printerjob" value="sun.print.PSPrinterJob"/>
    <property name="sun.os.patch.level" value="unknown"/>
    <property name="hadoop.tmp.dir" value="/workdir/hadoop-ozone/integration-test/target/tmp"/>
    <property name="java.library.path" value="/usr/lib/jvm/java-1.8-openjdk/jre/lib/amd64/server:/usr/lib/jvm/java-1.8-openjdk/jre/lib/amd64:/usr/lib/jvm/java-1.8-openjdk/jre/../lib/amd64:/workdir/hadoop-ozone/integration-test/target/native/target/usr/local/lib:/workdir/hadoop-ozone/integration-test/../../hadoop-common-project/hadoop-common/target/native/target/usr/local/lib:/usr/java/packages/lib/amd64:/usr/lib64:/lib64:/lib:/usr/lib"/>
    <property name="java.vm.info" value="mixed mode"/>
    <property name="java.vendor" value="IcedTea"/>
    <property name="java.vm.version" value="25.212-b04"/>
    <property name="java.ext.dirs" value="/usr/lib/jvm/java-1.8-openjdk/jre/lib/ext:/usr/java/packages/lib/ext"/>
    <property name="sun.io.unicode.encoding" value="UnicodeLittle"/>
    <property name="java.class.version" value="52.0"/>
  </properties>
  <testcase name="testPipelineCloseWithPipelineAction" classname="org.apache.hadoop.hdds.scm.pipeline.TestPipelineClose" time="26.545">
    <error message="Could not allocate container. Cannot get any matching pipeline for Type:RATIS, Factor:THREE, State:PipelineState.OPEN" type="java.io.IOException">java.io.IOException: Could not allocate container. Cannot get any matching pipeline for Type:RATIS, Factor:THREE, State:PipelineState.OPEN
	at org.apache.hadoop.hdds.scm.container.ContainerStateManager.allocateContainer(ContainerStateManager.java:260)
	at org.apache.hadoop.hdds.scm.container.SCMContainerManager.allocateContainer(SCMContainerManager.java:247)
	at org.apache.hadoop.hdds.scm.pipeline.TestPipelineClose.init(TestPipelineClose.java:92)
	at sun.reflect.NativeMethodAccessorImpl.invoke0(Native Method)
	at sun.reflect.NativeMethodAccessorImpl.invoke(NativeMethodAccessorImpl.java:62)
	at sun.reflect.DelegatingMethodAccessorImpl.invoke(DelegatingMethodAccessorImpl.java:43)
	at java.lang.reflect.Method.invoke(Method.java:498)
	at org.junit.runners.model.FrameworkMethod$1.runReflectiveCall(FrameworkMethod.java:47)
	at org.junit.internal.runners.model.ReflectiveCallable.run(ReflectiveCallable.java:12)
	at org.junit.runners.model.FrameworkMethod.invokeExplosively(FrameworkMethod.java:44)
	at org.junit.internal.runners.statements.RunBefores.evaluate(RunBefores.java:24)
	at org.junit.internal.runners.statements.RunAfters.evaluate(RunAfters.java:27)
	at org.junit.runners.ParentRunner.runLeaf(ParentRunner.java:271)
	at org.junit.runners.BlockJUnit4ClassRunner.runChild(BlockJUnit4ClassRunner.java:70)
	at org.junit.runners.BlockJUnit4ClassRunner.runChild(BlockJUnit4ClassRunner.java:50)
	at org.junit.runners.ParentRunner$3.run(ParentRunner.java:238)
	at org.junit.runners.ParentRunner$1.schedule(ParentRunner.java:63)
	at org.junit.runners.ParentRunner.runChildren(ParentRunner.java:236)
	at org.junit.runners.ParentRunner.access$000(ParentRunner.java:53)
	at org.junit.runners.ParentRunner$2.evaluate(ParentRunner.java:229)
	at org.junit.runners.ParentRunner.run(ParentRunner.java:309)
	at org.apache.maven.surefire.junit4.JUnit4Provider.execute(JUnit4Provider.java:365)
	at org.apache.maven.surefire.junit4.JUnit4Provider.executeWithRerun(JUnit4Provider.java:273)
	at org.apache.maven.surefire.junit4.JUnit4Provider.executeTestSet(JUnit4Provider.java:238)
	at org.apache.maven.surefire.junit4.JUnit4Provider.invoke(JUnit4Provider.java:159)
	at org.apache.maven.surefire.booter.ForkedBooter.invokeProviderInSameClassLoader(ForkedBooter.java:384)
	at org.apache.maven.surefire.booter.ForkedBooter.runSuitesInProcess(ForkedBooter.java:345)
	at org.apache.maven.surefire.booter.ForkedBooter.execute(ForkedBooter.java:126)
	at org.apache.maven.surefire.booter.ForkedBooter.main(ForkedBooter.java:418)
</error>
    <system-out><![CDATA[2019-09-12 10:08:49,735 [main] WARN  server.ServerUtils (ServerUtils.java:getScmDbDir(145)) - ozone.scm.db.dirs is not configured. We recommend adding this setting. Falling back to ozone.metadata.dirs instead.
2019-09-12 10:08:49,855 [main] WARN  server.ServerUtils (ServerUtils.java:getScmDbDir(145)) - ozone.scm.db.dirs is not configured. We recommend adding this setting. Falling back to ozone.metadata.dirs instead.
2019-09-12 10:08:49,858 [main] WARN  server.ServerUtils (ServerUtils.java:getScmDbDir(145)) - ozone.scm.db.dirs is not configured. We recommend adding this setting. Falling back to ozone.metadata.dirs instead.
2019-09-12 10:08:49,877 [main] INFO  util.log (Log.java:initialized(192)) - Logging initialized @813ms
2019-09-12 10:08:49,979 [main] INFO  db.DBStoreBuilder (DBStoreBuilder.java:addTable(110)) - using custom profile for table: deletedBlocks
2019-09-12 10:08:49,979 [main] INFO  db.DBStoreBuilder (DBStoreBuilder.java:processTables(161)) - Using default column profile:DBProfile.DISK for Table:deletedBlocks
2019-09-12 10:08:49,980 [main] INFO  db.DBStoreBuilder (DBStoreBuilder.java:addTable(110)) - using custom profile for table: validCerts
2019-09-12 10:08:49,980 [main] INFO  db.DBStoreBuilder (DBStoreBuilder.java:processTables(161)) - Using default column profile:DBProfile.DISK for Table:validCerts
2019-09-12 10:08:49,980 [main] INFO  db.DBStoreBuilder (DBStoreBuilder.java:addTable(110)) - using custom profile for table: revokedCerts
2019-09-12 10:08:49,981 [main] INFO  db.DBStoreBuilder (DBStoreBuilder.java:processTables(161)) - Using default column profile:DBProfile.DISK for Table:revokedCerts
2019-09-12 10:08:49,995 [main] INFO  db.DBStoreBuilder (DBStoreBuilder.java:addTable(110)) - using custom profile for table: default
2019-09-12 10:08:49,996 [main] INFO  db.DBStoreBuilder (DBStoreBuilder.java:processTables(167)) - Using default column profile:DBProfile.DISK for Table:default
2019-09-12 10:08:49,998 [main] INFO  db.DBStoreBuilder (DBStoreBuilder.java:getDbProfile(198)) - Using default options. DBProfile.DISK
2019-09-12 10:08:50,430 [main] INFO  net.NodeSchemaLoader (NodeSchemaLoader.java:loadSchemaFromFile(125)) - Loading file from sun.misc.CompoundEnumeration@479d31f3
2019-09-12 10:08:50,432 [main] INFO  net.NodeSchemaLoader (NodeSchemaLoader.java:loadSchema(171)) - Loading network topology layer schema file
2019-09-12 10:08:50,527 [main] WARN  server.ServerUtils (ServerUtils.java:sanitizeUserArgs(70)) - ozone.scm.stale.node.interval value = 300000 is larger than max = 100000 based on the key value of ozone.scm.heartbeat.thread.interval, reset to the max value 100000.
2019-09-12 10:08:50,530 [main] WARN  server.ServerUtils (ServerUtils.java:sanitizeUserArgs(70)) - ozone.scm.stale.node.interval value = 300000 is larger than max = 100000 based on the key value of ozone.scm.heartbeat.thread.interval, reset to the max value 100000.
2019-09-12 10:08:50,533 [main] INFO  node.SCMNodeManager (SCMNodeManager.java:<init>(121)) - Entering startup safe mode.
2019-09-12 10:08:50,616 [main] INFO  algorithms.ContainerPlacementPolicyFactory (ContainerPlacementPolicyFactory.java:getPolicy(56)) - Create container placement policy of type org.apache.hadoop.hdds.scm.container.placement.algorithms.SCMContainerPlacementRandom
2019-09-12 10:08:50,631 [main] WARN  server.ServerUtils (ServerUtils.java:getScmDbDir(145)) - ozone.scm.db.dirs is not configured. We recommend adding this setting. Falling back to ozone.metadata.dirs instead.
2019-09-12 10:08:50,901 [main] INFO  pipeline.SCMPipelineManager (SCMPipelineManager.java:initializePipelineState(126)) - No pipeline exists in current db
2019-09-12 10:08:50,904 [main] WARN  server.ServerUtils (ServerUtils.java:getScmDbDir(145)) - ozone.scm.db.dirs is not configured. We recommend adding this setting. Falling back to ozone.metadata.dirs instead.
2019-09-12 10:08:51,193 [main] WARN  events.EventQueue (EventQueue.java:fireEvent(175)) - No event handler registered for event TypedEvent{payloadType=SafeModeStatus, name='SafeModeStatus'}
2019-09-12 10:08:51,766 [main] INFO  ipc.CallQueueManager (CallQueueManager.java:<init>(84)) - Using callQueue: class java.util.concurrent.LinkedBlockingQueue, queueCapacity: 2000, scheduler: class org.apache.hadoop.ipc.DefaultRpcScheduler, ipcBackoff: false.
2019-09-12 10:08:52,061 [Socket Reader #1 for port 45102] INFO  ipc.Server (Server.java:run(1074)) - Starting Socket Reader #1 for port 45102
2019-09-12 10:08:52,099 [main] INFO  ipc.CallQueueManager (CallQueueManager.java:<init>(84)) - Using callQueue: class java.util.concurrent.LinkedBlockingQueue, queueCapacity: 2000, scheduler: class org.apache.hadoop.ipc.DefaultRpcScheduler, ipcBackoff: false.
2019-09-12 10:08:52,101 [Socket Reader #1 for port 46511] INFO  ipc.Server (Server.java:run(1074)) - Starting Socket Reader #1 for port 46511
2019-09-12 10:08:52,111 [main] INFO  ipc.CallQueueManager (CallQueueManager.java:<init>(84)) - Using callQueue: class java.util.concurrent.LinkedBlockingQueue, queueCapacity: 2000, scheduler: class org.apache.hadoop.ipc.DefaultRpcScheduler, ipcBackoff: false.
2019-09-12 10:08:52,112 [Socket Reader #1 for port 39596] INFO  ipc.Server (Server.java:run(1074)) - Starting Socket Reader #1 for port 39596
2019-09-12 10:08:52,138 [main] INFO  hdfs.DFSUtil (DFSUtil.java:httpServerTemplateForNNAndJN(1641)) - Starting Web-server for scm at: http://0.0.0.0:0
2019-09-12 10:08:52,316 [main] INFO  server.AuthenticationFilter (AuthenticationFilter.java:constructSecretProvider(240)) - Unable to initialize FileSignerSecretProvider, falling back to use random secrets.
2019-09-12 10:08:52,326 [main] WARN  http.HttpRequestLog (HttpRequestLog.java:getRequestLog(97)) - Jetty request log can only be enabled using Log4j
2019-09-12 10:08:52,334 [main] INFO  http.HttpServer2 (HttpServer2.java:addGlobalFilter(975)) - Added global filter 'safety' (class=org.apache.hadoop.http.HttpServer2$QuotingInputFilter)
2019-09-12 10:08:52,337 [main] INFO  http.HttpServer2 (HttpServer2.java:addFilter(948)) - Added filter static_user_filter (class=org.apache.hadoop.http.lib.StaticUserWebFilter$StaticUserFilter) to context scm
2019-09-12 10:08:52,337 [main] INFO  http.HttpServer2 (HttpServer2.java:addFilter(958)) - Added filter static_user_filter (class=org.apache.hadoop.http.lib.StaticUserWebFilter$StaticUserFilter) to context logs
2019-09-12 10:08:52,337 [main] INFO  http.HttpServer2 (HttpServer2.java:addFilter(958)) - Added filter static_user_filter (class=org.apache.hadoop.http.lib.StaticUserWebFilter$StaticUserFilter) to context static
2019-09-12 10:08:52,366 [main] INFO  server.StorageContainerManager (StorageContainerManager.java:start(759)) - StorageContainerLocationProtocol RPC server is listening at /0.0.0.0:39596
2019-09-12 10:08:52,438 [main] WARN  impl.MetricsConfig (MetricsConfig.java:loadFirst(134)) - Cannot locate configuration: tried hadoop-metrics2-storagecontainermanager.properties,hadoop-metrics2.properties
2019-09-12 10:08:52,452 [main] INFO  impl.MetricsSystemImpl (MetricsSystemImpl.java:startTimer(374)) - Scheduled Metric snapshot period at 10 second(s).
2019-09-12 10:08:52,452 [main] INFO  impl.MetricsSystemImpl (MetricsSystemImpl.java:start(191)) - StorageContainerManager metrics system started
2019-09-12 10:08:52,692 [main] INFO  server.SCMClientProtocolServer (SCMClientProtocolServer.java:start(151)) - RPC server for Client  is listening at /0.0.0.0:39596
2019-09-12 10:08:52,693 [IPC Server listener on 39596] INFO  ipc.Server (Server.java:run(1153)) - IPC Server listener on 39596: starting
2019-09-12 10:08:52,693 [IPC Server Responder] INFO  ipc.Server (Server.java:run(1314)) - IPC Server Responder: starting
2019-09-12 10:08:52,696 [main] INFO  server.StorageContainerManager (StorageContainerManager.java:start(769)) - ScmBlockLocationProtocol RPC server is listening at /0.0.0.0:46511
2019-09-12 10:08:52,696 [main] INFO  server.SCMBlockProtocolServer (SCMBlockProtocolServer.java:start(140)) - RPC server for Block Protocol is listening at /0.0.0.0:46511
2019-09-12 10:08:52,697 [IPC Server Responder] INFO  ipc.Server (Server.java:run(1314)) - IPC Server Responder: starting
2019-09-12 10:08:52,697 [IPC Server listener on 46511] INFO  ipc.Server (Server.java:run(1153)) - IPC Server listener on 46511: starting
2019-09-12 10:08:52,700 [main] INFO  server.StorageContainerManager (StorageContainerManager.java:start(773)) - ScmDatanodeProtocl RPC server is listening at /0.0.0.0:45102
2019-09-12 10:08:52,700 [main] INFO  server.SCMDatanodeProtocolServer (SCMDatanodeProtocolServer.java:start(191)) - RPC server for DataNodes is listening at /0.0.0.0:45102
2019-09-12 10:08:52,700 [IPC Server Responder] INFO  ipc.Server (Server.java:run(1314)) - IPC Server Responder: starting
2019-09-12 10:08:52,700 [IPC Server listener on 45102] INFO  ipc.Server (Server.java:run(1153)) - IPC Server listener on 45102: starting
2019-09-12 10:08:52,704 [main] INFO  http.HttpServer2 (HttpServer2.java:bindListener(1191)) - Jetty bound to port 42510
2019-09-12 10:08:52,706 [main] INFO  server.Server (Server.java:doStart(351)) - jetty-9.3.24.v20180605, build timestamp: 2018-06-05T17:11:56Z, git hash: 84205aa28f11a4f31f2a3b86d1bba2cc8ab69827
2019-09-12 10:08:52,746 [main] INFO  handler.ContextHandler (ContextHandler.java:doStart(781)) - Started o.e.j.s.ServletContextHandler@47a5b70d{/logs,file:///workdir/hadoop-ozone/integration-test/target/log,AVAILABLE}
2019-09-12 10:08:52,746 [main] INFO  handler.ContextHandler (ContextHandler.java:doStart(781)) - Started o.e.j.s.ServletContextHandler@1a45193b{/static,file:///workdir/hadoop-ozone/integration-test/target/test-classes/webapps/static,AVAILABLE}
2019-09-12 10:08:52,781 [main] INFO  handler.ContextHandler (ContextHandler.java:doStart(781)) - Started o.e.j.w.WebAppContext@30b34287{/,file:///workdir/hadoop-ozone/integration-test/target/test-classes/webapps/scm/,AVAILABLE}{/scm}
2019-09-12 10:08:52,786 [main] INFO  server.AbstractConnector (AbstractConnector.java:doStart(278)) - Started ServerConnector@672f11c2{HTTP/1.1,[http/1.1]}{0.0.0.0:42510}
2019-09-12 10:08:52,787 [main] INFO  server.Server (Server.java:doStart(419)) - Started @3723ms
2019-09-12 10:08:52,788 [main] INFO  server.BaseHttpServer (BaseHttpServer.java:updateConnectorAddress(213)) - HTTP server of SCM is listening at http://0.0.0.0:42510
2019-09-12 10:08:52,793 [org.apache.hadoop.util.JvmPauseMonitor$Monitor@173b9122] INFO  util.JvmPauseMonitor (JvmPauseMonitor.java:run(188)) - Starting JVM pause monitor
2019-09-12 10:08:52,796 [main] WARN  server.ServerUtils (ServerUtils.java:getDBPath(222)) - ozone.om.db.dirs is not configured. We recommend adding this setting. Falling back to ozone.metadata.dirs instead.
2019-09-12 10:08:52,900 [main] WARN  server.ServerUtils (ServerUtils.java:getDBPath(222)) - ozone.om.db.dirs is not configured. We recommend adding this setting. Falling back to ozone.metadata.dirs instead.
2019-09-12 10:08:52,901 [main] WARN  server.ServerUtils (ServerUtils.java:getDBPath(222)) - ozone.om.db.dirs is not configured. We recommend adding this setting. Falling back to ozone.metadata.dirs instead.
2019-09-12 10:08:52,902 [main] INFO  om.OzoneManager (OzoneManager.java:setOMNodeDetails(645)) - OM Service ID is not set. Setting it to the default ID: omServiceIdDefault
2019-09-12 10:08:52,902 [main] INFO  om.OzoneManager (OzoneManager.java:setOMNodeDetails(651)) - OM Node ID is not set. Setting it to the OmStorage's OmID: 281d5a85-5106-43c9-9e2a-d235cf01575f
2019-09-12 10:08:52,903 [main] INFO  om.OzoneManager (OzoneManager.java:loadOMHAConfigs(602)) - Found matching OM address with OMServiceId: null, OMNodeId: null, RPC Address: localhost:0 and Ratis port: 9872
2019-09-12 10:08:53,173 | INFO  | SCMAudit | user=jenkins1000 | ip=192.168.36.114 | op=GET_SCM_INFO null | ret=SUCCESS |  
2019-09-12 10:08:53,650 [main] WARN  server.ServerUtils (ServerUtils.java:getDBPath(222)) - ozone.om.db.dirs is not configured. We recommend adding this setting. Falling back to ozone.metadata.dirs instead.
2019-09-12 10:08:53,658 [main] INFO  db.DBStoreBuilder (DBStoreBuilder.java:addTable(110)) - using custom profile for table: userTable
2019-09-12 10:08:53,659 [main] INFO  db.DBStoreBuilder (DBStoreBuilder.java:processTables(161)) - Using default column profile:DBProfile.DISK for Table:userTable
2019-09-12 10:08:53,659 [main] INFO  db.DBStoreBuilder (DBStoreBuilder.java:addTable(110)) - using custom profile for table: volumeTable
2019-09-12 10:08:53,659 [main] INFO  db.DBStoreBuilder (DBStoreBuilder.java:processTables(161)) - Using default column profile:DBProfile.DISK for Table:volumeTable
2019-09-12 10:08:53,659 [main] INFO  db.DBStoreBuilder (DBStoreBuilder.java:addTable(110)) - using custom profile for table: bucketTable
2019-09-12 10:08:53,660 [main] INFO  db.DBStoreBuilder (DBStoreBuilder.java:processTables(161)) - Using default column profile:DBProfile.DISK for Table:bucketTable
2019-09-12 10:08:53,660 [main] INFO  db.DBStoreBuilder (DBStoreBuilder.java:addTable(110)) - using custom profile for table: keyTable
2019-09-12 10:08:53,660 [main] INFO  db.DBStoreBuilder (DBStoreBuilder.java:processTables(161)) - Using default column profile:DBProfile.DISK for Table:keyTable
2019-09-12 10:08:53,660 [main] INFO  db.DBStoreBuilder (DBStoreBuilder.java:addTable(110)) - using custom profile for table: deletedTable
2019-09-12 10:08:53,661 [main] INFO  db.DBStoreBuilder (DBStoreBuilder.java:processTables(161)) - Using default column profile:DBProfile.DISK for Table:deletedTable
2019-09-12 10:08:53,661 [main] INFO  db.DBStoreBuilder (DBStoreBuilder.java:addTable(110)) - using custom profile for table: openKeyTable
2019-09-12 10:08:53,661 [main] INFO  db.DBStoreBuilder (DBStoreBuilder.java:processTables(161)) - Using default column profile:DBProfile.DISK for Table:openKeyTable
2019-09-12 10:08:53,661 [main] INFO  db.DBStoreBuilder (DBStoreBuilder.java:addTable(110)) - using custom profile for table: s3Table
2019-09-12 10:08:53,662 [main] INFO  db.DBStoreBuilder (DBStoreBuilder.java:processTables(161)) - Using default column profile:DBProfile.DISK for Table:s3Table
2019-09-12 10:08:53,662 [main] INFO  db.DBStoreBuilder (DBStoreBuilder.java:addTable(110)) - using custom profile for table: multipartInfoTable
2019-09-12 10:08:53,662 [main] INFO  db.DBStoreBuilder (DBStoreBuilder.java:processTables(161)) - Using default column profile:DBProfile.DISK for Table:multipartInfoTable
2019-09-12 10:08:53,662 [main] INFO  db.DBStoreBuilder (DBStoreBuilder.java:addTable(110)) - using custom profile for table: dTokenTable
2019-09-12 10:08:53,663 [main] INFO  db.DBStoreBuilder (DBStoreBuilder.java:processTables(161)) - Using default column profile:DBProfile.DISK for Table:dTokenTable
2019-09-12 10:08:53,663 [main] INFO  db.DBStoreBuilder (DBStoreBuilder.java:addTable(110)) - using custom profile for table: s3SecretTable
2019-09-12 10:08:53,663 [main] INFO  db.DBStoreBuilder (DBStoreBuilder.java:processTables(161)) - Using default column profile:DBProfile.DISK for Table:s3SecretTable
2019-09-12 10:08:53,663 [main] INFO  db.DBStoreBuilder (DBStoreBuilder.java:addTable(110)) - using custom profile for table: prefixTable
2019-09-12 10:08:53,664 [main] INFO  db.DBStoreBuilder (DBStoreBuilder.java:processTables(161)) - Using default column profile:DBProfile.DISK for Table:prefixTable
2019-09-12 10:08:53,664 [main] INFO  db.DBStoreBuilder (DBStoreBuilder.java:addTable(110)) - using custom profile for table: default
2019-09-12 10:08:53,664 [main] INFO  db.DBStoreBuilder (DBStoreBuilder.java:processTables(167)) - Using default column profile:DBProfile.DISK for Table:default
2019-09-12 10:08:53,664 [main] INFO  db.DBStoreBuilder (DBStoreBuilder.java:getDbProfile(198)) - Using default options. DBProfile.DISK
2019-09-12 10:08:54,992 [main] INFO  ipc.CallQueueManager (CallQueueManager.java:<init>(84)) - Using callQueue: class java.util.concurrent.LinkedBlockingQueue, queueCapacity: 2000, scheduler: class org.apache.hadoop.ipc.DefaultRpcScheduler, ipcBackoff: false.
2019-09-12 10:08:54,994 [Socket Reader #1 for port 43273] INFO  ipc.Server (Server.java:run(1074)) - Starting Socket Reader #1 for port 43273
2019-09-12 10:08:55,021 [main] INFO  om.OzoneManager (OzoneManager.java:start(1256)) - OzoneManager RPC server is listening at localhost/127.0.0.1:43273
2019-09-12 10:08:55,021 [main] INFO  impl.MetricsSystemImpl (MetricsSystemImpl.java:init(158)) - OzoneManager metrics system started (again)
2019-09-12 10:08:55,023 [IPC Server Responder] INFO  ipc.Server (Server.java:run(1314)) - IPC Server Responder: starting
2019-09-12 10:08:55,023 [IPC Server listener on 43273] INFO  ipc.Server (Server.java:run(1153)) - IPC Server listener on 43273: starting
2019-09-12 10:08:55,030 [main] INFO  hdfs.DFSUtil (DFSUtil.java:httpServerTemplateForNNAndJN(1641)) - Starting Web-server for ozoneManager at: http://0.0.0.0:0
2019-09-12 10:08:55,032 [main] INFO  server.AuthenticationFilter (AuthenticationFilter.java:constructSecretProvider(240)) - Unable to initialize FileSignerSecretProvider, falling back to use random secrets.
2019-09-12 10:08:55,033 [main] WARN  http.HttpRequestLog (HttpRequestLog.java:getRequestLog(97)) - Jetty request log can only be enabled using Log4j
2019-09-12 10:08:55,036 [main] INFO  http.HttpServer2 (HttpServer2.java:addGlobalFilter(975)) - Added global filter 'safety' (class=org.apache.hadoop.http.HttpServer2$QuotingInputFilter)
2019-09-12 10:08:55,037 [main] INFO  http.HttpServer2 (HttpServer2.java:addFilter(948)) - Added filter static_user_filter (class=org.apache.hadoop.http.lib.StaticUserWebFilter$StaticUserFilter) to context ozoneManager
2019-09-12 10:08:55,037 [main] INFO  http.HttpServer2 (HttpServer2.java:addFilter(958)) - Added filter static_user_filter (class=org.apache.hadoop.http.lib.StaticUserWebFilter$StaticUserFilter) to context static
2019-09-12 10:08:55,037 [main] INFO  http.HttpServer2 (HttpServer2.java:addFilter(958)) - Added filter static_user_filter (class=org.apache.hadoop.http.lib.StaticUserWebFilter$StaticUserFilter) to context logs
2019-09-12 10:08:55,197 [main] INFO  http.HttpServer2 (HttpServer2.java:bindListener(1191)) - Jetty bound to port 33804
2019-09-12 10:08:55,197 [main] INFO  server.Server (Server.java:doStart(351)) - jetty-9.3.24.v20180605, build timestamp: 2018-06-05T17:11:56Z, git hash: 84205aa28f11a4f31f2a3b86d1bba2cc8ab69827
2019-09-12 10:08:55,205 [main] INFO  handler.ContextHandler (ContextHandler.java:doStart(781)) - Started o.e.j.s.ServletContextHandler@4f186450{/logs,file:///workdir/hadoop-ozone/integration-test/target/log,AVAILABLE}
2019-09-12 10:08:55,206 [main] INFO  handler.ContextHandler (ContextHandler.java:doStart(781)) - Started o.e.j.s.ServletContextHandler@a64e035{/static,file:///workdir/hadoop-ozone/integration-test/target/test-classes/webapps/static,AVAILABLE}
2019-09-12 10:08:55,212 [main] INFO  handler.ContextHandler (ContextHandler.java:doStart(781)) - Started o.e.j.w.WebAppContext@78de58ea{/,file:///workdir/hadoop-ozone/integration-test/target/test-classes/webapps/ozoneManager/,AVAILABLE}{/ozoneManager}
2019-09-12 10:08:55,213 [main] INFO  server.AbstractConnector (AbstractConnector.java:doStart(278)) - Started ServerConnector@60e5272{HTTP/1.1,[http/1.1]}{0.0.0.0:33804}
2019-09-12 10:08:55,214 [main] INFO  server.Server (Server.java:doStart(419)) - Started @6150ms
2019-09-12 10:08:55,215 [main] INFO  server.BaseHttpServer (BaseHttpServer.java:updateConnectorAddress(213)) - HTTP server of OZONEMANAGER is listening at http://0.0.0.0:33804
2019-09-12 10:08:55,372 [main] INFO  impl.MetricsSystemImpl (MetricsSystemImpl.java:init(158)) - HddsDatanode metrics system started (again)
2019-09-12 10:08:55,476 [main] INFO  ozone.HddsDatanodeService (HddsDatanodeService.java:start(184)) - HddsDatanodeService host:pr-hdds-1569-58hkm-1881083799 ip:192.168.36.114
2019-09-12 10:08:55,509 [main] INFO  volume.HddsVolume (HddsVolume.java:<init>(176)) - Creating Volume: /workdir/hadoop-ozone/integration-test/target/test-dir/MiniOzoneClusterImpl-189f34b7-43e6-4b7e-82b3-72fee299e6f1/datanode-0/data/containers/hdds of  storage type : DISK and capacity : 1482555576320
2019-09-12 10:08:55,511 [main] INFO  volume.VolumeSet (VolumeSet.java:initializeVolumeSet(170)) - Added Volume : /workdir/hadoop-ozone/integration-test/target/test-dir/MiniOzoneClusterImpl-189f34b7-43e6-4b7e-82b3-72fee299e6f1/datanode-0/data/containers/hdds to VolumeSet
2019-09-12 10:08:55,514 [main] INFO  volume.ThrottledAsyncChecker (ThrottledAsyncChecker.java:schedule(140)) - Scheduling a check for org.apache.hadoop.ozone.container.common.volume.HddsVolume@31da3d60
2019-09-12 10:08:55,532 [main] INFO  volume.HddsVolumeChecker (HddsVolumeChecker.java:checkAllVolumes(203)) - Scheduled health check for volume org.apache.hadoop.ozone.container.common.volume.HddsVolume@31da3d60
2019-09-12 10:08:55,630 [main] INFO  impl.RaftServerProxy (ConfUtils.java:logGet(43)) - raft.rpc.type = GRPC (default)
2019-09-12 10:08:55,694 [main] INFO  grpc.GrpcFactory (GrpcFactory.java:checkPooledByteBufAllocatorUseCacheForAllThreads(45)) - PERFORMANCE WARNING: useCacheForAllThreads is true that may cause Netty to create a lot garbage objects and, as a result, trigger GC.
	It is recommended to disable useCacheForAllThreads by setting -Dorg.apache.ratis.thirdparty.io.netty.allocator.useCacheForAllThreads=false in command line.
2019-09-12 10:08:55,698 [main] INFO  grpc.GrpcConfigKeys$Server (ConfUtils.java:logGet(43)) - raft.grpc.server.port = 0 (default)
2019-09-12 10:08:55,699 [main] INFO  server.GrpcService (ConfUtils.java:logGet(43)) - raft.grpc.message.size.max = 33570816 (custom)
2019-09-12 10:08:55,701 [main] INFO  server.RaftServerConfigKeys (ConfUtils.java:logGet(43)) - raft.server.log.appender.buffer.byte-limit = 33554432 (custom)
2019-09-12 10:08:55,701 [main] INFO  server.GrpcService (ConfUtils.java:logGet(43)) - raft.grpc.flow.control.window = 1MB (=1048576) (default)
2019-09-12 10:08:55,702 [main] INFO  server.RaftServerConfigKeys (ConfUtils.java:logGet(43)) - raft.server.rpc.request.timeout = 3000ms (default)
2019-09-12 10:08:55,850 [main] INFO  server.RaftServerConfigKeys (ConfUtils.java:logGet(43)) - raft.server.storage.dir = [/workdir/hadoop-ozone/integration-test/target/test-dir/MiniOzoneClusterImpl-189f34b7-43e6-4b7e-82b3-72fee299e6f1/datanode-0/data/ratis] (custom)
2019-09-12 10:08:55,884 [main] INFO  replication.SimpleContainerDownloader (SimpleContainerDownloader.java:<init>(72)) - Starting container downloader service to copy containers to replicate.
2019-09-12 10:08:55,895 [main] INFO  hdfs.DFSUtil (DFSUtil.java:httpServerTemplateForNNAndJN(1641)) - Starting Web-server for hddsDatanode at: http://0.0.0.0:0
2019-09-12 10:08:55,898 [main] INFO  server.AuthenticationFilter (AuthenticationFilter.java:constructSecretProvider(240)) - Unable to initialize FileSignerSecretProvider, falling back to use random secrets.
2019-09-12 10:08:55,899 [main] WARN  http.HttpRequestLog (HttpRequestLog.java:getRequestLog(97)) - Jetty request log can only be enabled using Log4j
2019-09-12 10:08:55,902 [main] INFO  http.HttpServer2 (HttpServer2.java:addGlobalFilter(975)) - Added global filter 'safety' (class=org.apache.hadoop.http.HttpServer2$QuotingInputFilter)
2019-09-12 10:08:55,903 [main] INFO  http.HttpServer2 (HttpServer2.java:addFilter(948)) - Added filter static_user_filter (class=org.apache.hadoop.http.lib.StaticUserWebFilter$StaticUserFilter) to context hddsDatanode
2019-09-12 10:08:55,904 [main] INFO  http.HttpServer2 (HttpServer2.java:addFilter(958)) - Added filter static_user_filter (class=org.apache.hadoop.http.lib.StaticUserWebFilter$StaticUserFilter) to context logs
2019-09-12 10:08:55,904 [main] INFO  http.HttpServer2 (HttpServer2.java:addFilter(958)) - Added filter static_user_filter (class=org.apache.hadoop.http.lib.StaticUserWebFilter$StaticUserFilter) to context static
2019-09-12 10:08:55,905 [main] INFO  http.HttpServer2 (HttpServer2.java:bindListener(1191)) - Jetty bound to port 39094
2019-09-12 10:08:55,906 [main] INFO  server.Server (Server.java:doStart(351)) - jetty-9.3.24.v20180605, build timestamp: 2018-06-05T17:11:56Z, git hash: 84205aa28f11a4f31f2a3b86d1bba2cc8ab69827
2019-09-12 10:08:55,909 [main] INFO  handler.ContextHandler (ContextHandler.java:doStart(781)) - Started o.e.j.s.ServletContextHandler@1cc680e{/logs,file:///workdir/hadoop-ozone/integration-test/target/log,AVAILABLE}
2019-09-12 10:08:55,909 [main] INFO  handler.ContextHandler (ContextHandler.java:doStart(781)) - Started o.e.j.s.ServletContextHandler@6a1d3225{/static,jar:file:/home/user/.m2/repository/org/apache/hadoop/hadoop-hdds-container-service/0.5.0-SNAPSHOT/hadoop-hdds-container-service-0.5.0-SNAPSHOT.jar!/webapps/static,AVAILABLE}
2019-09-12 10:08:55,959 [main] INFO  handler.ContextHandler (ContextHandler.java:doStart(781)) - Started o.e.j.w.WebAppContext@4dba773d{/,file:///tmp/jetty-0.0.0.0-39094-hddsDatanode-_-any-5499168980997938798.dir/webapp/,AVAILABLE}{/hddsDatanode}
2019-09-12 10:08:55,961 [main] INFO  server.AbstractConnector (AbstractConnector.java:doStart(278)) - Started ServerConnector@1d9bd4da{HTTP/1.1,[http/1.1]}{0.0.0.0:39094}
2019-09-12 10:08:55,962 [main] INFO  server.Server (Server.java:doStart(419)) - Started @6898ms
2019-09-12 10:08:55,963 [main] INFO  server.BaseHttpServer (BaseHttpServer.java:updateConnectorAddress(213)) - HTTP server of HDDSDATANODE is listening at http://0.0.0.0:39094
2019-09-12 10:08:57,064 | INFO  | ObjectStoreRestHttpServer | Listening HDDS REST traffic on /0.0.0.0:38645 |  
2019-09-12 10:08:57,065 [main] INFO  ozone.HddsDatanodeService (HddsDatanodeService.java:startPlugins(395)) - Started plug-in org.apache.hadoop.ozone.web.OzoneHddsDatanodeService@2fe2965c
2019-09-12 10:08:57,066 [main] INFO  impl.MetricsSystemImpl (MetricsSystemImpl.java:init(158)) - HddsDatanode metrics system started (again)
2019-09-12 10:08:57,069 [main] INFO  ozone.HddsDatanodeService (HddsDatanodeService.java:start(184)) - HddsDatanodeService host:pr-hdds-1569-58hkm-1881083799 ip:192.168.36.114
2019-09-12 10:08:57,071 [org.apache.hadoop.util.JvmPauseMonitor$Monitor@38f31fae] INFO  util.JvmPauseMonitor (JvmPauseMonitor.java:run(188)) - Starting JVM pause monitor
2019-09-12 10:08:57,078 [main] INFO  volume.HddsVolume (HddsVolume.java:<init>(176)) - Creating Volume: /workdir/hadoop-ozone/integration-test/target/test-dir/MiniOzoneClusterImpl-189f34b7-43e6-4b7e-82b3-72fee299e6f1/datanode-1/data/containers/hdds of  storage type : DISK and capacity : 1482555576320
2019-09-12 10:08:57,078 [main] INFO  volume.VolumeSet (VolumeSet.java:initializeVolumeSet(170)) - Added Volume : /workdir/hadoop-ozone/integration-test/target/test-dir/MiniOzoneClusterImpl-189f34b7-43e6-4b7e-82b3-72fee299e6f1/datanode-1/data/containers/hdds to VolumeSet
2019-09-12 10:08:57,079 [main] INFO  volume.ThrottledAsyncChecker (ThrottledAsyncChecker.java:schedule(140)) - Scheduling a check for org.apache.hadoop.ozone.container.common.volume.HddsVolume@27960b1e
2019-09-12 10:08:57,079 [main] INFO  volume.HddsVolumeChecker (HddsVolumeChecker.java:checkAllVolumes(203)) - Scheduled health check for volume org.apache.hadoop.ozone.container.common.volume.HddsVolume@27960b1e
2019-09-12 10:08:57,093 [main] INFO  impl.RaftServerProxy (ConfUtils.java:logGet(43)) - raft.rpc.type = GRPC (default)
2019-09-12 10:08:57,093 [main] INFO  grpc.GrpcFactory (GrpcFactory.java:checkPooledByteBufAllocatorUseCacheForAllThreads(45)) - PERFORMANCE WARNING: useCacheForAllThreads is true that may cause Netty to create a lot garbage objects and, as a result, trigger GC.
	It is recommended to disable useCacheForAllThreads by setting -Dorg.apache.ratis.thirdparty.io.netty.allocator.useCacheForAllThreads=false in command line.
2019-09-12 10:08:57,093 [main] INFO  grpc.GrpcConfigKeys$Server (ConfUtils.java:logGet(43)) - raft.grpc.server.port = 0 (default)
2019-09-12 10:08:57,094 [main] INFO  server.GrpcService (ConfUtils.java:logGet(43)) - raft.grpc.message.size.max = 33570816 (custom)
2019-09-12 10:08:57,094 [main] INFO  server.RaftServerConfigKeys (ConfUtils.java:logGet(43)) - raft.server.log.appender.buffer.byte-limit = 33554432 (custom)
2019-09-12 10:08:57,094 [main] INFO  server.GrpcService (ConfUtils.java:logGet(43)) - raft.grpc.flow.control.window = 1MB (=1048576) (default)
2019-09-12 10:08:57,094 [main] INFO  server.RaftServerConfigKeys (ConfUtils.java:logGet(43)) - raft.server.rpc.request.timeout = 3000ms (default)
2019-09-12 10:08:57,095 [main] INFO  server.RaftServerConfigKeys (ConfUtils.java:logGet(43)) - raft.server.storage.dir = [/workdir/hadoop-ozone/integration-test/target/test-dir/MiniOzoneClusterImpl-189f34b7-43e6-4b7e-82b3-72fee299e6f1/datanode-1/data/ratis] (custom)
2019-09-12 10:08:57,095 [main] INFO  replication.SimpleContainerDownloader (SimpleContainerDownloader.java:<init>(72)) - Starting container downloader service to copy containers to replicate.
2019-09-12 10:08:57,096 [main] INFO  hdfs.DFSUtil (DFSUtil.java:httpServerTemplateForNNAndJN(1641)) - Starting Web-server for hddsDatanode at: http://0.0.0.0:0
2019-09-12 10:08:57,098 [main] INFO  server.AuthenticationFilter (AuthenticationFilter.java:constructSecretProvider(240)) - Unable to initialize FileSignerSecretProvider, falling back to use random secrets.
2019-09-12 10:08:57,099 [main] WARN  http.HttpRequestLog (HttpRequestLog.java:getRequestLog(97)) - Jetty request log can only be enabled using Log4j
2019-09-12 10:08:57,100 [main] INFO  http.HttpServer2 (HttpServer2.java:addGlobalFilter(975)) - Added global filter 'safety' (class=org.apache.hadoop.http.HttpServer2$QuotingInputFilter)
2019-09-12 10:08:57,101 [main] INFO  http.HttpServer2 (HttpServer2.java:addFilter(948)) - Added filter static_user_filter (class=org.apache.hadoop.http.lib.StaticUserWebFilter$StaticUserFilter) to context hddsDatanode
2019-09-12 10:08:57,101 [main] INFO  http.HttpServer2 (HttpServer2.java:addFilter(958)) - Added filter static_user_filter (class=org.apache.hadoop.http.lib.StaticUserWebFilter$StaticUserFilter) to context static
2019-09-12 10:08:57,101 [main] INFO  http.HttpServer2 (HttpServer2.java:addFilter(958)) - Added filter static_user_filter (class=org.apache.hadoop.http.lib.StaticUserWebFilter$StaticUserFilter) to context logs
2019-09-12 10:08:57,102 [main] INFO  http.HttpServer2 (HttpServer2.java:bindListener(1191)) - Jetty bound to port 37849
2019-09-12 10:08:57,102 [main] INFO  server.Server (Server.java:doStart(351)) - jetty-9.3.24.v20180605, build timestamp: 2018-06-05T17:11:56Z, git hash: 84205aa28f11a4f31f2a3b86d1bba2cc8ab69827
2019-09-12 10:08:57,106 [main] INFO  handler.ContextHandler (ContextHandler.java:doStart(781)) - Started o.e.j.s.ServletContextHandler@44f0ff2b{/logs,file:///workdir/hadoop-ozone/integration-test/target/log,AVAILABLE}
2019-09-12 10:08:57,106 [main] INFO  handler.ContextHandler (ContextHandler.java:doStart(781)) - Started o.e.j.s.ServletContextHandler@68af87ad{/static,jar:file:/home/user/.m2/repository/org/apache/hadoop/hadoop-hdds-container-service/0.5.0-SNAPSHOT/hadoop-hdds-container-service-0.5.0-SNAPSHOT.jar!/webapps/static,AVAILABLE}
2019-09-12 10:08:57,135 [main] INFO  handler.ContextHandler (ContextHandler.java:doStart(781)) - Started o.e.j.w.WebAppContext@265a094b{/,file:///tmp/jetty-0.0.0.0-37849-hddsDatanode-_-any-7506390756443768084.dir/webapp/,AVAILABLE}{/hddsDatanode}
2019-09-12 10:08:57,136 [main] INFO  server.AbstractConnector (AbstractConnector.java:doStart(278)) - Started ServerConnector@1f536481{HTTP/1.1,[http/1.1]}{0.0.0.0:37849}
2019-09-12 10:08:57,137 [main] INFO  server.Server (Server.java:doStart(419)) - Started @8073ms
2019-09-12 10:08:57,138 [main] INFO  server.BaseHttpServer (BaseHttpServer.java:updateConnectorAddress(213)) - HTTP server of HDDSDATANODE is listening at http://0.0.0.0:37849
2019-09-12 10:08:57,187 [Datanode State Machine Thread - 0] INFO  datanode.InitDatanodeState (InitDatanodeState.java:persistContainerDatanodeDetails(140)) - DatanodeDetails is persisted to /workdir/hadoop-ozone/integration-test/target/test-dir/MiniOzoneClusterImpl-189f34b7-43e6-4b7e-82b3-72fee299e6f1/datanode-0/meta/datanode.id
2019-09-12 10:08:57,300 | INFO  | ObjectStoreRestHttpServer | Listening HDDS REST traffic on /0.0.0.0:40833 |  
2019-09-12 10:08:57,300 [main] INFO  ozone.HddsDatanodeService (HddsDatanodeService.java:startPlugins(395)) - Started plug-in org.apache.hadoop.ozone.web.OzoneHddsDatanodeService@2faa55bb
2019-09-12 10:08:57,301 [main] INFO  impl.MetricsSystemImpl (MetricsSystemImpl.java:init(158)) - HddsDatanode metrics system started (again)
2019-09-12 10:08:57,303 [org.apache.hadoop.util.JvmPauseMonitor$Monitor@4c150cde] INFO  util.JvmPauseMonitor (JvmPauseMonitor.java:run(188)) - Starting JVM pause monitor
2019-09-12 10:08:57,304 [main] INFO  ozone.HddsDatanodeService (HddsDatanodeService.java:start(184)) - HddsDatanodeService host:pr-hdds-1569-58hkm-1881083799 ip:192.168.36.114
2019-09-12 10:08:57,307 [Datanode State Machine Thread - 0] INFO  datanode.InitDatanodeState (InitDatanodeState.java:persistContainerDatanodeDetails(140)) - DatanodeDetails is persisted to /workdir/hadoop-ozone/integration-test/target/test-dir/MiniOzoneClusterImpl-189f34b7-43e6-4b7e-82b3-72fee299e6f1/datanode-1/meta/datanode.id
2019-09-12 10:08:57,310 [main] INFO  volume.HddsVolume (HddsVolume.java:<init>(176)) - Creating Volume: /workdir/hadoop-ozone/integration-test/target/test-dir/MiniOzoneClusterImpl-189f34b7-43e6-4b7e-82b3-72fee299e6f1/datanode-2/data/containers/hdds of  storage type : DISK and capacity : 1482555576320
2019-09-12 10:08:57,311 [main] INFO  volume.VolumeSet (VolumeSet.java:initializeVolumeSet(170)) - Added Volume : /workdir/hadoop-ozone/integration-test/target/test-dir/MiniOzoneClusterImpl-189f34b7-43e6-4b7e-82b3-72fee299e6f1/datanode-2/data/containers/hdds to VolumeSet
2019-09-12 10:08:57,311 [main] INFO  volume.ThrottledAsyncChecker (ThrottledAsyncChecker.java:schedule(140)) - Scheduling a check for org.apache.hadoop.ozone.container.common.volume.HddsVolume@374c40ba
2019-09-12 10:08:57,311 [main] INFO  volume.HddsVolumeChecker (HddsVolumeChecker.java:checkAllVolumes(203)) - Scheduled health check for volume org.apache.hadoop.ozone.container.common.volume.HddsVolume@374c40ba
2019-09-12 10:08:57,377 [main] INFO  impl.RaftServerProxy (ConfUtils.java:logGet(43)) - raft.rpc.type = GRPC (default)
2019-09-12 10:08:57,377 [main] INFO  grpc.GrpcFactory (GrpcFactory.java:checkPooledByteBufAllocatorUseCacheForAllThreads(45)) - PERFORMANCE WARNING: useCacheForAllThreads is true that may cause Netty to create a lot garbage objects and, as a result, trigger GC.
	It is recommended to disable useCacheForAllThreads by setting -Dorg.apache.ratis.thirdparty.io.netty.allocator.useCacheForAllThreads=false in command line.
2019-09-12 10:08:57,377 [main] INFO  grpc.GrpcConfigKeys$Server (ConfUtils.java:logGet(43)) - raft.grpc.server.port = 0 (default)
2019-09-12 10:08:57,378 [main] INFO  server.GrpcService (ConfUtils.java:logGet(43)) - raft.grpc.message.size.max = 33570816 (custom)
2019-09-12 10:08:57,378 [main] INFO  server.RaftServerConfigKeys (ConfUtils.java:logGet(43)) - raft.server.log.appender.buffer.byte-limit = 33554432 (custom)
2019-09-12 10:08:57,378 [main] INFO  server.GrpcService (ConfUtils.java:logGet(43)) - raft.grpc.flow.control.window = 1MB (=1048576) (default)
2019-09-12 10:08:57,378 [main] INFO  server.RaftServerConfigKeys (ConfUtils.java:logGet(43)) - raft.server.rpc.request.timeout = 3000ms (default)
2019-09-12 10:08:57,379 [main] INFO  server.RaftServerConfigKeys (ConfUtils.java:logGet(43)) - raft.server.storage.dir = [/workdir/hadoop-ozone/integration-test/target/test-dir/MiniOzoneClusterImpl-189f34b7-43e6-4b7e-82b3-72fee299e6f1/datanode-2/data/ratis] (custom)
2019-09-12 10:08:57,381 [main] INFO  replication.SimpleContainerDownloader (SimpleContainerDownloader.java:<init>(72)) - Starting container downloader service to copy containers to replicate.
2019-09-12 10:08:57,382 [main] INFO  hdfs.DFSUtil (DFSUtil.java:httpServerTemplateForNNAndJN(1641)) - Starting Web-server for hddsDatanode at: http://0.0.0.0:0
2019-09-12 10:08:57,384 [main] INFO  server.AuthenticationFilter (AuthenticationFilter.java:constructSecretProvider(240)) - Unable to initialize FileSignerSecretProvider, falling back to use random secrets.
2019-09-12 10:08:57,384 [main] WARN  http.HttpRequestLog (HttpRequestLog.java:getRequestLog(97)) - Jetty request log can only be enabled using Log4j
2019-09-12 10:08:57,386 [main] INFO  http.HttpServer2 (HttpServer2.java:addGlobalFilter(975)) - Added global filter 'safety' (class=org.apache.hadoop.http.HttpServer2$QuotingInputFilter)
2019-09-12 10:08:57,386 [main] INFO  http.HttpServer2 (HttpServer2.java:addFilter(948)) - Added filter static_user_filter (class=org.apache.hadoop.http.lib.StaticUserWebFilter$StaticUserFilter) to context hddsDatanode
2019-09-12 10:08:57,387 [main] INFO  http.HttpServer2 (HttpServer2.java:addFilter(958)) - Added filter static_user_filter (class=org.apache.hadoop.http.lib.StaticUserWebFilter$StaticUserFilter) to context logs
2019-09-12 10:08:57,387 [main] INFO  http.HttpServer2 (HttpServer2.java:addFilter(958)) - Added filter static_user_filter (class=org.apache.hadoop.http.lib.StaticUserWebFilter$StaticUserFilter) to context static
2019-09-12 10:08:57,388 [main] INFO  http.HttpServer2 (HttpServer2.java:bindListener(1191)) - Jetty bound to port 36345
2019-09-12 10:08:57,388 [main] INFO  server.Server (Server.java:doStart(351)) - jetty-9.3.24.v20180605, build timestamp: 2018-06-05T17:11:56Z, git hash: 84205aa28f11a4f31f2a3b86d1bba2cc8ab69827
2019-09-12 10:08:57,390 [main] INFO  handler.ContextHandler (ContextHandler.java:doStart(781)) - Started o.e.j.s.ServletContextHandler@448c92fc{/logs,file:///workdir/hadoop-ozone/integration-test/target/log,AVAILABLE}
2019-09-12 10:08:57,390 [main] INFO  handler.ContextHandler (ContextHandler.java:doStart(781)) - Started o.e.j.s.ServletContextHandler@17c0274c{/static,jar:file:/home/user/.m2/repository/org/apache/hadoop/hadoop-hdds-container-service/0.5.0-SNAPSHOT/hadoop-hdds-container-service-0.5.0-SNAPSHOT.jar!/webapps/static,AVAILABLE}
2019-09-12 10:08:57,419 [main] INFO  handler.ContextHandler (ContextHandler.java:doStart(781)) - Started o.e.j.w.WebAppContext@6cc64028{/,file:///tmp/jetty-0.0.0.0-36345-hddsDatanode-_-any-6341503771411525187.dir/webapp/,AVAILABLE}{/hddsDatanode}
2019-09-12 10:08:57,420 [main] INFO  server.AbstractConnector (AbstractConnector.java:doStart(278)) - Started ServerConnector@291a4791{HTTP/1.1,[http/1.1]}{0.0.0.0:36345}
2019-09-12 10:08:57,420 [main] INFO  server.Server (Server.java:doStart(419)) - Started @8356ms
2019-09-12 10:08:57,421 [main] INFO  server.BaseHttpServer (BaseHttpServer.java:updateConnectorAddress(213)) - HTTP server of HDDSDATANODE is listening at http://0.0.0.0:36345
2019-09-12 10:08:57,589 | INFO  | ObjectStoreRestHttpServer | Listening HDDS REST traffic on /0.0.0.0:35261 |  
2019-09-12 10:08:57,589 [main] INFO  ozone.HddsDatanodeService (HddsDatanodeService.java:startPlugins(395)) - Started plug-in org.apache.hadoop.ozone.web.OzoneHddsDatanodeService@62a6674f
2019-09-12 10:08:57,592 [main] INFO  ozone.MiniOzoneClusterImpl (MiniOzoneClusterImpl.java:lambda$waitForClusterToBeReady$0(142)) - Waiting for cluster to be ready. Got 0 of 3 DN Heartbeats.
2019-09-12 10:08:57,592 [org.apache.hadoop.util.JvmPauseMonitor$Monitor@4d8260ba] INFO  util.JvmPauseMonitor (JvmPauseMonitor.java:run(188)) - Starting JVM pause monitor
2019-09-12 10:08:57,594 [Datanode State Machine Thread - 0] INFO  datanode.InitDatanodeState (InitDatanodeState.java:persistContainerDatanodeDetails(140)) - DatanodeDetails is persisted to /workdir/hadoop-ozone/integration-test/target/test-dir/MiniOzoneClusterImpl-189f34b7-43e6-4b7e-82b3-72fee299e6f1/datanode-2/meta/datanode.id
2019-09-12 10:08:58,592 [main] INFO  ozone.MiniOzoneClusterImpl (MiniOzoneClusterImpl.java:lambda$waitForClusterToBeReady$0(142)) - Waiting for cluster to be ready. Got 0 of 3 DN Heartbeats.
2019-09-12 10:08:59,096 | INFO  | SCMAudit | user=jenkins1000 | ip=192.168.36.114 | op=GET_VERSION null | ret=SUCCESS |  
2019-09-12 10:08:59,305 | INFO  | SCMAudit | user=jenkins1000 | ip=192.168.36.114 | op=GET_VERSION null | ret=SUCCESS |  
2019-09-12 10:08:59,593 [main] INFO  ozone.MiniOzoneClusterImpl (MiniOzoneClusterImpl.java:lambda$waitForClusterToBeReady$0(142)) - Waiting for cluster to be ready. Got 0 of 3 DN Heartbeats.
2019-09-12 10:08:59,594 | INFO  | SCMAudit | user=jenkins1000 | ip=192.168.36.114 | op=GET_VERSION null | ret=SUCCESS |  
2019-09-12 10:09:00,594 [main] INFO  ozone.MiniOzoneClusterImpl (MiniOzoneClusterImpl.java:lambda$waitForClusterToBeReady$0(142)) - Waiting for cluster to be ready. Got 0 of 3 DN Heartbeats.
2019-09-12 10:09:01,148 [Datanode State Machine Thread - 0] INFO  ozoneimpl.OzoneContainer (OzoneContainer.java:start(186)) - Attempting to start container services.
2019-09-12 10:09:01,150 [Datanode State Machine Thread - 0] INFO  ozoneimpl.OzoneContainer (OzoneContainer.java:startContainerScrub(160)) - Background container scrubber has been disabled by hdds.containerscrub.enabled
2019-09-12 10:09:01,150 [Datanode State Machine Thread - 0] INFO  ozoneimpl.OzoneContainer (OzoneContainer.java:start(186)) - Attempting to start container services.
2019-09-12 10:09:01,150 [Datanode State Machine Thread - 0] INFO  ratis.XceiverServerRatis (XceiverServerRatis.java:start(404)) - Starting XceiverServerRatis 70434e9f-7dc5-4d90-a426-89ab03943309 at port 0
2019-09-12 10:09:01,151 [Datanode State Machine Thread - 0] INFO  ozoneimpl.OzoneContainer (OzoneContainer.java:startContainerScrub(160)) - Background container scrubber has been disabled by hdds.containerscrub.enabled
2019-09-12 10:09:01,150 [Datanode State Machine Thread - 0] INFO  ozoneimpl.OzoneContainer (OzoneContainer.java:start(186)) - Attempting to start container services.
2019-09-12 10:09:01,152 [Datanode State Machine Thread - 0] INFO  ratis.XceiverServerRatis (XceiverServerRatis.java:start(404)) - Starting XceiverServerRatis 2c56f4af-a416-42b4-89f1-011c972a54a7 at port 0
2019-09-12 10:09:01,153 [Datanode State Machine Thread - 0] INFO  ozoneimpl.OzoneContainer (OzoneContainer.java:startContainerScrub(160)) - Background container scrubber has been disabled by hdds.containerscrub.enabled
2019-09-12 10:09:01,154 [Datanode State Machine Thread - 0] INFO  ratis.XceiverServerRatis (XceiverServerRatis.java:start(404)) - Starting XceiverServerRatis e555ab07-8ec7-47a5-b037-b4b5d30098f1 at port 0
2019-09-12 10:09:01,181 [Datanode State Machine Thread - 0] INFO  impl.RaftServerProxy (RaftServerProxy.java:lambda$start$3(299)) - 70434e9f-7dc5-4d90-a426-89ab03943309: start RPC server
2019-09-12 10:09:01,231 [Datanode State Machine Thread - 0] INFO  impl.RaftServerProxy (RaftServerProxy.java:lambda$start$3(299)) - 2c56f4af-a416-42b4-89f1-011c972a54a7: start RPC server
2019-09-12 10:09:01,262 [Datanode State Machine Thread - 0] INFO  impl.RaftServerProxy (RaftServerProxy.java:lambda$start$3(299)) - e555ab07-8ec7-47a5-b037-b4b5d30098f1: start RPC server
2019-09-12 10:09:01,404 [Datanode State Machine Thread - 0] INFO  server.GrpcService (GrpcService.java:startImpl(149)) - e555ab07-8ec7-47a5-b037-b4b5d30098f1: GrpcService started, listening on 0.0.0.0/0.0.0.0:39573
2019-09-12 10:09:01,404 [Datanode State Machine Thread - 0] INFO  server.GrpcService (GrpcService.java:startImpl(149)) - 70434e9f-7dc5-4d90-a426-89ab03943309: GrpcService started, listening on 0.0.0.0/0.0.0.0:42068
2019-09-12 10:09:01,404 [Datanode State Machine Thread - 0] INFO  server.GrpcService (GrpcService.java:startImpl(149)) - 2c56f4af-a416-42b4-89f1-011c972a54a7: GrpcService started, listening on 0.0.0.0/0.0.0.0:41187
2019-09-12 10:09:01,406 [Datanode State Machine Thread - 0] INFO  ratis.XceiverServerRatis (XceiverServerRatis.java:start(414)) - XceiverServerRatis 70434e9f-7dc5-4d90-a426-89ab03943309 is started using port 42068
2019-09-12 10:09:01,405 [Datanode State Machine Thread - 0] INFO  ratis.XceiverServerRatis (XceiverServerRatis.java:start(414)) - XceiverServerRatis e555ab07-8ec7-47a5-b037-b4b5d30098f1 is started using port 39573
2019-09-12 10:09:01,406 [Datanode State Machine Thread - 0] INFO  ratis.XceiverServerRatis (XceiverServerRatis.java:start(414)) - XceiverServerRatis 2c56f4af-a416-42b4-89f1-011c972a54a7 is started using port 41187
2019-09-12 10:09:01,411 [Datanode State Machine Thread - 0] INFO  server.XceiverServerGrpc (XceiverServerGrpc.java:start(163)) - XceiverServerGrpc 70434e9f-7dc5-4d90-a426-89ab03943309 is started using port 33808
2019-09-12 10:09:01,411 [Datanode State Machine Thread - 0] INFO  server.XceiverServerGrpc (XceiverServerGrpc.java:start(163)) - XceiverServerGrpc 2c56f4af-a416-42b4-89f1-011c972a54a7 is started using port 35582
2019-09-12 10:09:01,411 [Datanode State Machine Thread - 0] INFO  server.XceiverServerGrpc (XceiverServerGrpc.java:start(163)) - XceiverServerGrpc e555ab07-8ec7-47a5-b037-b4b5d30098f1 is started using port 45379
2019-09-12 10:09:01,595 [main] INFO  ozone.MiniOzoneClusterImpl (MiniOzoneClusterImpl.java:lambda$waitForClusterToBeReady$0(142)) - Waiting for cluster to be ready. Got 0 of 3 DN Heartbeats.
2019-09-12 10:09:01,645 [IPC Server handler 2 on 45102] INFO  net.NetworkTopology (NetworkTopologyImpl.java:add(110)) - Added a new node: /default-rack/e555ab07-8ec7-47a5-b037-b4b5d30098f1
2019-09-12 10:09:01,645 [IPC Server handler 2 on 45102] INFO  node.SCMNodeManager (SCMNodeManager.java:register(273)) - Registered Data node : e555ab07-8ec7-47a5-b037-b4b5d30098f1{ip: 192.168.36.114, host: pr-hdds-1569-58hkm-1881083799, networkLocation: /default-rack, certSerialId: null}
2019-09-12 10:09:01,651 [EventQueue-NodeRegistrationContainerReportForDataNodeSafeModeRule] INFO  safemode.SCMSafeModeManager (DataNodeSafeModeRule.java:process(71)) - SCM in safe mode. 1 DataNodes registered, 1 required.
2019-09-12 10:09:01,651 [EventQueue-NodeRegistrationContainerReportForDataNodeSafeModeRule] INFO  safemode.SCMSafeModeManager (SCMSafeModeManager.java:validateSafeModeExitRules(177)) - ScmSafeModeManager, all rules are successfully validated
2019-09-12 10:09:01,651 [EventQueue-NodeRegistrationContainerReportForDataNodeSafeModeRule] INFO  safemode.SCMSafeModeManager (SCMSafeModeManager.java:exitSafeMode(193)) - SCM exiting safe mode.
2019-09-12 10:09:01,662 | INFO  | SCMAudit | user=jenkins1000 | ip=192.168.36.114 | op=REGISTER {datanodeDetails=e555ab07-8ec7-47a5-b037-b4b5d30098f1{ip: 192.168.36.114, host: pr-hdds-1569-58hkm-1881083799, networkLocation: /default-rack, certSerialId: null}} | ret=SUCCESS |  
2019-09-12 10:09:02,596 [main] INFO  ozone.MiniOzoneClusterImpl (MiniOzoneClusterImpl.java:lambda$waitForClusterToBeReady$0(142)) - Waiting for cluster to be ready. Got 1 of 3 DN Heartbeats.
2019-09-12 10:09:02,858 [grpc-default-executor-0] INFO  impl.RaftServerProxy (RaftServerProxy.java:addNew(89)) - e555ab07-8ec7-47a5-b037-b4b5d30098f1: addNew group-3D0273B257C7:[e555ab07-8ec7-47a5-b037-b4b5d30098f1:192.168.36.114:39573] returns group-3D0273B257C7:java.util.concurrent.CompletableFuture@53e66f2b[Not completed]
2019-09-12 10:09:02,873 [pool-49-thread-1] INFO  impl.RaftServerImpl (RaftServerImpl.java:<init>(93)) - e555ab07-8ec7-47a5-b037-b4b5d30098f1: new RaftServerImpl for group-3D0273B257C7:[e555ab07-8ec7-47a5-b037-b4b5d30098f1:192.168.36.114:39573] with ContainerStateMachine:uninitialized
2019-09-12 10:09:02,876 [pool-49-thread-1] INFO  server.RaftServerConfigKeys (ConfUtils.java:logGet(43)) - raft.server.rpc.timeout.min = 5s (custom)
2019-09-12 10:09:02,877 [pool-49-thread-1] INFO  server.RaftServerConfigKeys (ConfUtils.java:logGet(43)) - raft.server.rpc.timeout.max = 5200ms (custom)
2019-09-12 10:09:02,877 [pool-49-thread-1] INFO  server.RaftServerConfigKeys (ConfUtils.java:logGet(43)) - raft.server.rpcslowness.timeout = 120s (custom)
2019-09-12 10:09:02,878 [pool-49-thread-1] INFO  server.RaftServerConfigKeys (ConfUtils.java:logGet(43)) - raft.server.sleep.deviation.threshold = 300 (default)
2019-09-12 10:09:02,879 [pool-49-thread-1] INFO  server.RaftServerConfigKeys (ConfUtils.java:logGet(43)) - raft.server.log.appender.install.snapshot.enabled = false (custom)
2019-09-12 10:09:02,889 [pool-49-thread-1] INFO  impl.RaftServerImpl (ServerState.java:<init>(105)) - e555ab07-8ec7-47a5-b037-b4b5d30098f1:group-3D0273B257C7 ConfigurationManager, init=-1: [e555ab07-8ec7-47a5-b037-b4b5d30098f1:192.168.36.114:39573], old=null, confs=<EMPTY_MAP>
2019-09-12 10:09:02,889 [pool-49-thread-1] INFO  server.RaftServerConfigKeys (ConfUtils.java:logGet(43)) - raft.server.storage.dir = [/workdir/hadoop-ozone/integration-test/target/test-dir/MiniOzoneClusterImpl-189f34b7-43e6-4b7e-82b3-72fee299e6f1/datanode-2/data/ratis] (custom)
2019-09-12 10:09:02,899 [pool-49-thread-1] INFO  storage.RaftStorageDirectory (RaftStorageDirectory.java:analyzeStorage(246)) - The storage directory /workdir/hadoop-ozone/integration-test/target/test-dir/MiniOzoneClusterImpl-189f34b7-43e6-4b7e-82b3-72fee299e6f1/datanode-2/data/ratis/f5e41d69-93ab-4c22-a1cf-3d0273b257c7 does not exist. Creating ...
2019-09-12 10:09:02,918 [pool-49-thread-1] INFO  storage.RaftStorageDirectory (RaftStorageDirectory.java:tryLock(328)) - Lock on /workdir/hadoop-ozone/integration-test/target/test-dir/MiniOzoneClusterImpl-189f34b7-43e6-4b7e-82b3-72fee299e6f1/datanode-2/data/ratis/f5e41d69-93ab-4c22-a1cf-3d0273b257c7/in_use.lock acquired by nodename 2537@pr-hdds-1569-58hkm-1881083799
2019-09-12 10:09:02,932 [pool-49-thread-1] INFO  storage.RaftStorage (RaftStorage.java:format(72)) - Storage directory /workdir/hadoop-ozone/integration-test/target/test-dir/MiniOzoneClusterImpl-189f34b7-43e6-4b7e-82b3-72fee299e6f1/datanode-2/data/ratis/f5e41d69-93ab-4c22-a1cf-3d0273b257c7 has been successfully formatted.
2019-09-12 10:09:02,935 [pool-49-thread-1] INFO  ratis.ContainerStateMachine (ContainerStateMachine.java:loadSnapshot(226)) - group-3D0273B257C7: The snapshot info is null. Setting the last applied indexto:(t:0, i:~)
2019-09-12 10:09:02,935 [pool-49-thread-1] INFO  server.RaftServerConfigKeys (ConfUtils.java:logGet(43)) - raft.server.leader.election.timeout = 120s (custom)
2019-09-12 10:09:02,938 [pool-49-thread-1] INFO  server.RaftServerConfigKeys (ConfUtils.java:logGet(43)) - raft.server.log.use.memory = false (default)
2019-09-12 10:09:02,945 [pool-49-thread-1] INFO  server.RaftServerConfigKeys (ConfUtils.java:logGet(43)) - raft.server.log.purge.gap = 1000000 (custom)
2019-09-12 10:09:02,945 [pool-49-thread-1] INFO  server.RaftServerConfigKeys (ConfUtils.java:logGet(43)) - raft.server.log.appender.buffer.byte-limit = 33554432 (custom)
2019-09-12 10:09:02,947 [pool-49-thread-1] INFO  server.RaftServerConfigKeys (ConfUtils.java:logGet(43)) - raft.server.log.segment.size.max = 1048576 (custom)
2019-09-12 10:09:02,952 [pool-49-thread-1] INFO  server.RaftServerConfigKeys (ConfUtils.java:logGet(43)) - raft.server.log.segment.cache.num.max = 2 (custom)
2019-09-12 10:09:02,957 [pool-49-thread-1] INFO  segmented.SegmentedRaftLogWorker (SegmentedRaftLogWorker.java:<init>(172)) - new e555ab07-8ec7-47a5-b037-b4b5d30098f1-SegmentedRaftLogWorker:Storage Directory /workdir/hadoop-ozone/integration-test/target/test-dir/MiniOzoneClusterImpl-189f34b7-43e6-4b7e-82b3-72fee299e6f1/datanode-2/data/ratis/f5e41d69-93ab-4c22-a1cf-3d0273b257c7 for RaftStorage:Storage Directory /workdir/hadoop-ozone/integration-test/target/test-dir/MiniOzoneClusterImpl-189f34b7-43e6-4b7e-82b3-72fee299e6f1/datanode-2/data/ratis/f5e41d69-93ab-4c22-a1cf-3d0273b257c7
2019-09-12 10:09:02,969 [pool-49-thread-1] INFO  server.RaftServerConfigKeys (ConfUtils.java:logGet(43)) - raft.server.log.queue.byte-limit = 2147483647 (custom)
2019-09-12 10:09:02,969 [pool-49-thread-1] INFO  server.RaftServerConfigKeys (ConfUtils.java:logGet(43)) - raft.server.log.queue.element-limit = 1024 (custom)
2019-09-12 10:09:02,973 [pool-49-thread-1] INFO  server.RaftServerConfigKeys (ConfUtils.java:logGet(43)) - raft.server.log.segment.size.max = 1048576 (custom)
2019-09-12 10:09:02,974 [pool-49-thread-1] INFO  server.RaftServerConfigKeys (ConfUtils.java:logGet(43)) - raft.server.log.preallocated.size = 16384 (custom)
2019-09-12 10:09:02,974 [pool-49-thread-1] INFO  server.RaftServerConfigKeys (ConfUtils.java:logGet(43)) - raft.server.log.write.buffer.size = 33554432 (custom)
2019-09-12 10:09:02,975 [pool-49-thread-1] INFO  server.RaftServerConfigKeys (ConfUtils.java:logGet(43)) - raft.server.log.force.sync.num = 128 (default)
2019-09-12 10:09:02,976 [pool-49-thread-1] INFO  server.RaftServerConfigKeys (ConfUtils.java:logGet(43)) - raft.server.log.statemachine.data.sync = true (default)
2019-09-12 10:09:02,976 [pool-49-thread-1] INFO  server.RaftServerConfigKeys (ConfUtils.java:logGet(43)) - raft.server.log.statemachine.data.sync.timeout = 10s (default)
2019-09-12 10:09:02,976 [pool-49-thread-1] INFO  server.RaftServerConfigKeys (ConfUtils.java:logGet(43)) - raft.server.log.statemachine.data.sync.timeout.retry = -1 (default)
2019-09-12 10:09:02,985 [pool-49-thread-1] INFO  server.RaftServerConfigKeys (ConfUtils.java:logGet(43)) - raft.server.log.statemachine.data.caching.enabled = true (custom)
2019-09-12 10:09:02,989 [pool-49-thread-1] INFO  segmented.SegmentedRaftLogWorker (SegmentedRaftLogWorker.java:lambda$new$0(132)) - e555ab07-8ec7-47a5-b037-b4b5d30098f1-SegmentedRaftLogWorker:Storage Directory /workdir/hadoop-ozone/integration-test/target/test-dir/MiniOzoneClusterImpl-189f34b7-43e6-4b7e-82b3-72fee299e6f1/datanode-2/data/ratis/f5e41d69-93ab-4c22-a1cf-3d0273b257c7: flushIndex: setUnconditionally 0 -> -1
2019-09-12 10:09:02,993 [pool-49-thread-1] INFO  server.RaftServerConfigKeys (ConfUtils.java:logGet(43)) - raft.server.snapshot.auto.trigger.enabled = true (custom)
2019-09-12 10:09:02,995 [pool-49-thread-1] INFO  server.RaftServerConfigKeys (ConfUtils.java:logGet(43)) - raft.server.snapshot.auto.trigger.threshold = 10000 (custom)
2019-09-12 10:09:02,996 [pool-49-thread-1] INFO  server.RaftServerConfigKeys (ConfUtils.java:logGet(43)) - raft.server.retrycache.expirytime = 600000ms (custom)
2019-09-12 10:09:03,030 [pool-49-thread-1] INFO  impl.RaftServerImpl (RaftServerImpl.java:start(180)) - e555ab07-8ec7-47a5-b037-b4b5d30098f1: start group-3D0273B257C7
2019-09-12 10:09:03,031 [pool-49-thread-1] INFO  impl.RaftServerImpl (RaftServerImpl.java:setRole(171)) - e555ab07-8ec7-47a5-b037-b4b5d30098f1:group-3D0273B257C7 changes role from null to FOLLOWER at term 0 for startAsFollower
2019-09-12 10:09:03,033 [pool-49-thread-1] INFO  impl.RoleInfo (RoleInfo.java:updateAndGet(143)) - e555ab07-8ec7-47a5-b037-b4b5d30098f1: start FollowerState
2019-09-12 10:09:03,035 [pool-49-thread-1] INFO  util.JmxRegister (JmxRegister.java:tryRegister(44)) - Successfully registered JMX Bean with object name Ratis:service=RaftServer,group=group-3D0273B257C7,id=e555ab07-8ec7-47a5-b037-b4b5d30098f1
2019-09-12 10:09:03,079 [IPC Server handler 0 on 45102] INFO  net.NetworkTopology (NetworkTopologyImpl.java:add(110)) - Added a new node: /default-rack/70434e9f-7dc5-4d90-a426-89ab03943309
2019-09-12 10:09:03,080 [IPC Server handler 0 on 45102] INFO  node.SCMNodeManager (SCMNodeManager.java:register(273)) - Registered Data node : 70434e9f-7dc5-4d90-a426-89ab03943309{ip: 192.168.36.114, host: pr-hdds-1569-58hkm-1881083799, networkLocation: /default-rack, certSerialId: null}
2019-09-12 10:09:03,080 | INFO  | SCMAudit | user=jenkins1000 | ip=192.168.36.114 | op=REGISTER {datanodeDetails=70434e9f-7dc5-4d90-a426-89ab03943309{ip: 192.168.36.114, host: pr-hdds-1569-58hkm-1881083799, networkLocation: /default-rack, certSerialId: null}} | ret=SUCCESS |  
2019-09-12 10:09:03,139 [RatisPipelineUtilsThread] INFO  pipeline.PipelineStateManager (PipelineStateManager.java:addPipeline(56)) - Created pipeline Pipeline[ Id: f5e41d69-93ab-4c22-a1cf-3d0273b257c7, Nodes: e555ab07-8ec7-47a5-b037-b4b5d30098f1{ip: 192.168.36.114, host: pr-hdds-1569-58hkm-1881083799, networkLocation: /default-rack, certSerialId: null}, Type:RATIS, Factor:ONE, State:OPEN]
2019-09-12 10:09:03,157 [grpc-default-executor-1] INFO  impl.RaftServerProxy (RaftServerProxy.java:addNew(89)) - 70434e9f-7dc5-4d90-a426-89ab03943309: addNew group-D02810BB7C7F:[70434e9f-7dc5-4d90-a426-89ab03943309:192.168.36.114:42068] returns group-D02810BB7C7F:java.util.concurrent.CompletableFuture@3bb10267[Not completed]
2019-09-12 10:09:03,182 [pool-27-thread-1] INFO  impl.RaftServerImpl (RaftServerImpl.java:<init>(93)) - 70434e9f-7dc5-4d90-a426-89ab03943309: new RaftServerImpl for group-D02810BB7C7F:[70434e9f-7dc5-4d90-a426-89ab03943309:192.168.36.114:42068] with ContainerStateMachine:uninitialized
2019-09-12 10:09:03,184 [pool-27-thread-1] INFO  server.RaftServerConfigKeys (ConfUtils.java:logGet(43)) - raft.server.rpc.timeout.min = 5s (custom)
2019-09-12 10:09:03,184 [pool-27-thread-1] INFO  server.RaftServerConfigKeys (ConfUtils.java:logGet(43)) - raft.server.rpc.timeout.max = 5200ms (custom)
2019-09-12 10:09:03,184 [pool-27-thread-1] INFO  server.RaftServerConfigKeys (ConfUtils.java:logGet(43)) - raft.server.rpcslowness.timeout = 120s (custom)
2019-09-12 10:09:03,184 [pool-27-thread-1] INFO  server.RaftServerConfigKeys (ConfUtils.java:logGet(43)) - raft.server.sleep.deviation.threshold = 300 (default)
2019-09-12 10:09:03,184 [pool-27-thread-1] INFO  server.RaftServerConfigKeys (ConfUtils.java:logGet(43)) - raft.server.log.appender.install.snapshot.enabled = false (custom)
2019-09-12 10:09:03,185 [pool-27-thread-1] INFO  impl.RaftServerImpl (ServerState.java:<init>(105)) - 70434e9f-7dc5-4d90-a426-89ab03943309:group-D02810BB7C7F ConfigurationManager, init=-1: [70434e9f-7dc5-4d90-a426-89ab03943309:192.168.36.114:42068], old=null, confs=<EMPTY_MAP>
2019-09-12 10:09:03,185 [pool-27-thread-1] INFO  server.RaftServerConfigKeys (ConfUtils.java:logGet(43)) - raft.server.storage.dir = [/workdir/hadoop-ozone/integration-test/target/test-dir/MiniOzoneClusterImpl-189f34b7-43e6-4b7e-82b3-72fee299e6f1/datanode-0/data/ratis] (custom)
2019-09-12 10:09:03,185 [pool-27-thread-1] INFO  storage.RaftStorageDirectory (RaftStorageDirectory.java:analyzeStorage(246)) - The storage directory /workdir/hadoop-ozone/integration-test/target/test-dir/MiniOzoneClusterImpl-189f34b7-43e6-4b7e-82b3-72fee299e6f1/datanode-0/data/ratis/131030af-d561-4ccb-8e10-d02810bb7c7f does not exist. Creating ...
2019-09-12 10:09:03,213 [pool-27-thread-1] INFO  storage.RaftStorageDirectory (RaftStorageDirectory.java:tryLock(328)) - Lock on /workdir/hadoop-ozone/integration-test/target/test-dir/MiniOzoneClusterImpl-189f34b7-43e6-4b7e-82b3-72fee299e6f1/datanode-0/data/ratis/131030af-d561-4ccb-8e10-d02810bb7c7f/in_use.lock acquired by nodename 2537@pr-hdds-1569-58hkm-1881083799
2019-09-12 10:09:03,222 [pool-27-thread-1] INFO  storage.RaftStorage (RaftStorage.java:format(72)) - Storage directory /workdir/hadoop-ozone/integration-test/target/test-dir/MiniOzoneClusterImpl-189f34b7-43e6-4b7e-82b3-72fee299e6f1/datanode-0/data/ratis/131030af-d561-4ccb-8e10-d02810bb7c7f has been successfully formatted.
2019-09-12 10:09:03,225 [pool-27-thread-1] INFO  ratis.ContainerStateMachine (ContainerStateMachine.java:loadSnapshot(226)) - group-D02810BB7C7F: The snapshot info is null. Setting the last applied indexto:(t:0, i:~)
2019-09-12 10:09:03,226 [pool-27-thread-1] INFO  server.RaftServerConfigKeys (ConfUtils.java:logGet(43)) - raft.server.leader.election.timeout = 120s (custom)
2019-09-12 10:09:03,226 [pool-27-thread-1] INFO  server.RaftServerConfigKeys (ConfUtils.java:logGet(43)) - raft.server.log.use.memory = false (default)
2019-09-12 10:09:03,226 [pool-27-thread-1] INFO  server.RaftServerConfigKeys (ConfUtils.java:logGet(43)) - raft.server.log.purge.gap = 1000000 (custom)
2019-09-12 10:09:03,227 [pool-27-thread-1] INFO  server.RaftServerConfigKeys (ConfUtils.java:logGet(43)) - raft.server.log.appender.buffer.byte-limit = 33554432 (custom)
2019-09-12 10:09:03,227 [pool-27-thread-1] INFO  server.RaftServerConfigKeys (ConfUtils.java:logGet(43)) - raft.server.log.segment.size.max = 1048576 (custom)
2019-09-12 10:09:03,227 [pool-27-thread-1] INFO  server.RaftServerConfigKeys (ConfUtils.java:logGet(43)) - raft.server.log.segment.cache.num.max = 2 (custom)
2019-09-12 10:09:03,228 [pool-27-thread-1] INFO  segmented.SegmentedRaftLogWorker (SegmentedRaftLogWorker.java:<init>(172)) - new 70434e9f-7dc5-4d90-a426-89ab03943309-SegmentedRaftLogWorker:Storage Directory /workdir/hadoop-ozone/integration-test/target/test-dir/MiniOzoneClusterImpl-189f34b7-43e6-4b7e-82b3-72fee299e6f1/datanode-0/data/ratis/131030af-d561-4ccb-8e10-d02810bb7c7f for RaftStorage:Storage Directory /workdir/hadoop-ozone/integration-test/target/test-dir/MiniOzoneClusterImpl-189f34b7-43e6-4b7e-82b3-72fee299e6f1/datanode-0/data/ratis/131030af-d561-4ccb-8e10-d02810bb7c7f
2019-09-12 10:09:03,229 [pool-27-thread-1] INFO  server.RaftServerConfigKeys (ConfUtils.java:logGet(43)) - raft.server.log.queue.byte-limit = 2147483647 (custom)
2019-09-12 10:09:03,229 [pool-27-thread-1] INFO  server.RaftServerConfigKeys (ConfUtils.java:logGet(43)) - raft.server.log.queue.element-limit = 1024 (custom)
2019-09-12 10:09:03,229 [pool-27-thread-1] INFO  server.RaftServerConfigKeys (ConfUtils.java:logGet(43)) - raft.server.log.segment.size.max = 1048576 (custom)
2019-09-12 10:09:03,230 [pool-27-thread-1] INFO  server.RaftServerConfigKeys (ConfUtils.java:logGet(43)) - raft.server.log.preallocated.size = 16384 (custom)
2019-09-12 10:09:03,230 [pool-27-thread-1] INFO  server.RaftServerConfigKeys (ConfUtils.java:logGet(43)) - raft.server.log.write.buffer.size = 33554432 (custom)
2019-09-12 10:09:03,230 [pool-27-thread-1] INFO  server.RaftServerConfigKeys (ConfUtils.java:logGet(43)) - raft.server.log.force.sync.num = 128 (default)
2019-09-12 10:09:03,230 [pool-27-thread-1] INFO  server.RaftServerConfigKeys (ConfUtils.java:logGet(43)) - raft.server.log.statemachine.data.sync = true (default)
2019-09-12 10:09:03,231 [pool-27-thread-1] INFO  server.RaftServerConfigKeys (ConfUtils.java:logGet(43)) - raft.server.log.statemachine.data.sync.timeout = 10s (default)
2019-09-12 10:09:03,231 [pool-27-thread-1] INFO  server.RaftServerConfigKeys (ConfUtils.java:logGet(43)) - raft.server.log.statemachine.data.sync.timeout.retry = -1 (default)
2019-09-12 10:09:03,231 [pool-27-thread-1] INFO  server.RaftServerConfigKeys (ConfUtils.java:logGet(43)) - raft.server.log.statemachine.data.caching.enabled = true (custom)
2019-09-12 10:09:03,232 [pool-27-thread-1] INFO  segmented.SegmentedRaftLogWorker (SegmentedRaftLogWorker.java:lambda$new$0(132)) - 70434e9f-7dc5-4d90-a426-89ab03943309-SegmentedRaftLogWorker:Storage Directory /workdir/hadoop-ozone/integration-test/target/test-dir/MiniOzoneClusterImpl-189f34b7-43e6-4b7e-82b3-72fee299e6f1/datanode-0/data/ratis/131030af-d561-4ccb-8e10-d02810bb7c7f: flushIndex: setUnconditionally 0 -> -1
2019-09-12 10:09:03,232 [pool-27-thread-1] INFO  server.RaftServerConfigKeys (ConfUtils.java:logGet(43)) - raft.server.snapshot.auto.trigger.enabled = true (custom)
2019-09-12 10:09:03,232 [pool-27-thread-1] INFO  server.RaftServerConfigKeys (ConfUtils.java:logGet(43)) - raft.server.snapshot.auto.trigger.threshold = 10000 (custom)
2019-09-12 10:09:03,233 [pool-27-thread-1] INFO  server.RaftServerConfigKeys (ConfUtils.java:logGet(43)) - raft.server.retrycache.expirytime = 600000ms (custom)
2019-09-12 10:09:03,233 [pool-27-thread-1] INFO  impl.RaftServerImpl (RaftServerImpl.java:start(180)) - 70434e9f-7dc5-4d90-a426-89ab03943309: start group-D02810BB7C7F
2019-09-12 10:09:03,233 [pool-27-thread-1] INFO  impl.RaftServerImpl (RaftServerImpl.java:setRole(171)) - 70434e9f-7dc5-4d90-a426-89ab03943309:group-D02810BB7C7F changes role from null to FOLLOWER at term 0 for startAsFollower
2019-09-12 10:09:03,233 [pool-27-thread-1] INFO  impl.RoleInfo (RoleInfo.java:updateAndGet(143)) - 70434e9f-7dc5-4d90-a426-89ab03943309: start FollowerState
2019-09-12 10:09:03,234 [pool-27-thread-1] INFO  util.JmxRegister (JmxRegister.java:tryRegister(44)) - Successfully registered JMX Bean with object name Ratis:service=RaftServer,group=group-D02810BB7C7F,id=70434e9f-7dc5-4d90-a426-89ab03943309
2019-09-12 10:09:03,244 [RatisPipelineUtilsThread] INFO  pipeline.PipelineStateManager (PipelineStateManager.java:addPipeline(56)) - Created pipeline Pipeline[ Id: 131030af-d561-4ccb-8e10-d02810bb7c7f, Nodes: 70434e9f-7dc5-4d90-a426-89ab03943309{ip: 192.168.36.114, host: pr-hdds-1569-58hkm-1881083799, networkLocation: /default-rack, certSerialId: null}, Type:RATIS, Factor:ONE, State:OPEN]
2019-09-12 10:09:03,263 [grpc-default-executor-1] INFO  impl.RaftServerProxy (RaftServerProxy.java:addNew(89)) - e555ab07-8ec7-47a5-b037-b4b5d30098f1: addNew group-46151549BC1E:[e555ab07-8ec7-47a5-b037-b4b5d30098f1:192.168.36.114:39573] returns group-46151549BC1E:java.util.concurrent.CompletableFuture@7a8c085c[Not completed]
2019-09-12 10:09:03,270 [pool-49-thread-1] INFO  impl.RaftServerImpl (RaftServerImpl.java:<init>(93)) - e555ab07-8ec7-47a5-b037-b4b5d30098f1: new RaftServerImpl for group-46151549BC1E:[e555ab07-8ec7-47a5-b037-b4b5d30098f1:192.168.36.114:39573] with ContainerStateMachine:uninitialized
2019-09-12 10:09:03,270 [pool-49-thread-1] INFO  server.RaftServerConfigKeys (ConfUtils.java:logGet(43)) - raft.server.rpc.timeout.min = 5s (custom)
2019-09-12 10:09:03,270 [pool-49-thread-1] INFO  server.RaftServerConfigKeys (ConfUtils.java:logGet(43)) - raft.server.rpc.timeout.max = 5200ms (custom)
2019-09-12 10:09:03,270 [pool-49-thread-1] INFO  server.RaftServerConfigKeys (ConfUtils.java:logGet(43)) - raft.server.rpcslowness.timeout = 120s (custom)
2019-09-12 10:09:03,270 [pool-49-thread-1] INFO  server.RaftServerConfigKeys (ConfUtils.java:logGet(43)) - raft.server.sleep.deviation.threshold = 300 (default)
2019-09-12 10:09:03,270 [pool-49-thread-1] INFO  server.RaftServerConfigKeys (ConfUtils.java:logGet(43)) - raft.server.log.appender.install.snapshot.enabled = false (custom)
2019-09-12 10:09:03,270 [pool-49-thread-1] INFO  impl.RaftServerImpl (ServerState.java:<init>(105)) - e555ab07-8ec7-47a5-b037-b4b5d30098f1:group-46151549BC1E ConfigurationManager, init=-1: [e555ab07-8ec7-47a5-b037-b4b5d30098f1:192.168.36.114:39573], old=null, confs=<EMPTY_MAP>
2019-09-12 10:09:03,271 [pool-49-thread-1] INFO  server.RaftServerConfigKeys (ConfUtils.java:logGet(43)) - raft.server.storage.dir = [/workdir/hadoop-ozone/integration-test/target/test-dir/MiniOzoneClusterImpl-189f34b7-43e6-4b7e-82b3-72fee299e6f1/datanode-2/data/ratis] (custom)
2019-09-12 10:09:03,271 [pool-49-thread-1] INFO  storage.RaftStorageDirectory (RaftStorageDirectory.java:analyzeStorage(246)) - The storage directory /workdir/hadoop-ozone/integration-test/target/test-dir/MiniOzoneClusterImpl-189f34b7-43e6-4b7e-82b3-72fee299e6f1/datanode-2/data/ratis/35a17a92-8f6e-4a5e-a74e-46151549bc1e does not exist. Creating ...
2019-09-12 10:09:03,307 [IPC Server handler 3 on 45102] INFO  net.NetworkTopology (NetworkTopologyImpl.java:add(110)) - Added a new node: /default-rack/2c56f4af-a416-42b4-89f1-011c972a54a7
2019-09-12 10:09:03,307 [IPC Server handler 3 on 45102] INFO  node.SCMNodeManager (SCMNodeManager.java:register(273)) - Registered Data node : 2c56f4af-a416-42b4-89f1-011c972a54a7{ip: 192.168.36.114, host: pr-hdds-1569-58hkm-1881083799, networkLocation: /default-rack, certSerialId: null}
2019-09-12 10:09:03,308 | INFO  | SCMAudit | user=jenkins1000 | ip=192.168.36.114 | op=REGISTER {datanodeDetails=2c56f4af-a416-42b4-89f1-011c972a54a7{ip: 192.168.36.114, host: pr-hdds-1569-58hkm-1881083799, networkLocation: /default-rack, certSerialId: null}} | ret=SUCCESS |  
2019-09-12 10:09:03,380 [pool-49-thread-1] INFO  storage.RaftStorageDirectory (RaftStorageDirectory.java:tryLock(328)) - Lock on /workdir/hadoop-ozone/integration-test/target/test-dir/MiniOzoneClusterImpl-189f34b7-43e6-4b7e-82b3-72fee299e6f1/datanode-2/data/ratis/35a17a92-8f6e-4a5e-a74e-46151549bc1e/in_use.lock acquired by nodename 2537@pr-hdds-1569-58hkm-1881083799
2019-09-12 10:09:03,469 [pool-49-thread-1] INFO  storage.RaftStorage (RaftStorage.java:format(72)) - Storage directory /workdir/hadoop-ozone/integration-test/target/test-dir/MiniOzoneClusterImpl-189f34b7-43e6-4b7e-82b3-72fee299e6f1/datanode-2/data/ratis/35a17a92-8f6e-4a5e-a74e-46151549bc1e has been successfully formatted.
2019-09-12 10:09:03,469 [pool-49-thread-1] INFO  ratis.ContainerStateMachine (ContainerStateMachine.java:loadSnapshot(226)) - group-46151549BC1E: The snapshot info is null. Setting the last applied indexto:(t:0, i:~)
2019-09-12 10:09:03,470 [pool-49-thread-1] INFO  server.RaftServerConfigKeys (ConfUtils.java:logGet(43)) - raft.server.leader.election.timeout = 120s (custom)
2019-09-12 10:09:03,470 [pool-49-thread-1] INFO  server.RaftServerConfigKeys (ConfUtils.java:logGet(43)) - raft.server.log.use.memory = false (default)
2019-09-12 10:09:03,470 [pool-49-thread-1] INFO  server.RaftServerConfigKeys (ConfUtils.java:logGet(43)) - raft.server.log.purge.gap = 1000000 (custom)
2019-09-12 10:09:03,470 [pool-49-thread-1] INFO  server.RaftServerConfigKeys (ConfUtils.java:logGet(43)) - raft.server.log.appender.buffer.byte-limit = 33554432 (custom)
2019-09-12 10:09:03,471 [pool-49-thread-1] INFO  server.RaftServerConfigKeys (ConfUtils.java:logGet(43)) - raft.server.log.segment.size.max = 1048576 (custom)
2019-09-12 10:09:03,471 [pool-49-thread-1] INFO  server.RaftServerConfigKeys (ConfUtils.java:logGet(43)) - raft.server.log.segment.cache.num.max = 2 (custom)
2019-09-12 10:09:03,471 [pool-49-thread-1] INFO  segmented.SegmentedRaftLogWorker (SegmentedRaftLogWorker.java:<init>(172)) - new e555ab07-8ec7-47a5-b037-b4b5d30098f1-SegmentedRaftLogWorker:Storage Directory /workdir/hadoop-ozone/integration-test/target/test-dir/MiniOzoneClusterImpl-189f34b7-43e6-4b7e-82b3-72fee299e6f1/datanode-2/data/ratis/35a17a92-8f6e-4a5e-a74e-46151549bc1e for RaftStorage:Storage Directory /workdir/hadoop-ozone/integration-test/target/test-dir/MiniOzoneClusterImpl-189f34b7-43e6-4b7e-82b3-72fee299e6f1/datanode-2/data/ratis/35a17a92-8f6e-4a5e-a74e-46151549bc1e
2019-09-12 10:09:03,471 [pool-49-thread-1] INFO  server.RaftServerConfigKeys (ConfUtils.java:logGet(43)) - raft.server.log.queue.byte-limit = 2147483647 (custom)
2019-09-12 10:09:03,472 [pool-49-thread-1] INFO  server.RaftServerConfigKeys (ConfUtils.java:logGet(43)) - raft.server.log.queue.element-limit = 1024 (custom)
2019-09-12 10:09:03,472 [pool-49-thread-1] INFO  server.RaftServerConfigKeys (ConfUtils.java:logGet(43)) - raft.server.log.segment.size.max = 1048576 (custom)
2019-09-12 10:09:03,472 [pool-49-thread-1] INFO  server.RaftServerConfigKeys (ConfUtils.java:logGet(43)) - raft.server.log.preallocated.size = 16384 (custom)
2019-09-12 10:09:03,472 [pool-49-thread-1] INFO  server.RaftServerConfigKeys (ConfUtils.java:logGet(43)) - raft.server.log.write.buffer.size = 33554432 (custom)
2019-09-12 10:09:03,473 [pool-49-thread-1] INFO  server.RaftServerConfigKeys (ConfUtils.java:logGet(43)) - raft.server.log.force.sync.num = 128 (default)
2019-09-12 10:09:03,473 [pool-49-thread-1] INFO  server.RaftServerConfigKeys (ConfUtils.java:logGet(43)) - raft.server.log.statemachine.data.sync = true (default)
2019-09-12 10:09:03,473 [pool-49-thread-1] INFO  server.RaftServerConfigKeys (ConfUtils.java:logGet(43)) - raft.server.log.statemachine.data.sync.timeout = 10s (default)
2019-09-12 10:09:03,473 [pool-49-thread-1] INFO  server.RaftServerConfigKeys (ConfUtils.java:logGet(43)) - raft.server.log.statemachine.data.sync.timeout.retry = -1 (default)
2019-09-12 10:09:03,474 [pool-49-thread-1] INFO  server.RaftServerConfigKeys (ConfUtils.java:logGet(43)) - raft.server.log.statemachine.data.caching.enabled = true (custom)
2019-09-12 10:09:03,474 [pool-49-thread-1] INFO  segmented.SegmentedRaftLogWorker (SegmentedRaftLogWorker.java:lambda$new$0(132)) - e555ab07-8ec7-47a5-b037-b4b5d30098f1-SegmentedRaftLogWorker:Storage Directory /workdir/hadoop-ozone/integration-test/target/test-dir/MiniOzoneClusterImpl-189f34b7-43e6-4b7e-82b3-72fee299e6f1/datanode-2/data/ratis/35a17a92-8f6e-4a5e-a74e-46151549bc1e: flushIndex: setUnconditionally 0 -> -1
2019-09-12 10:09:03,475 [pool-49-thread-1] INFO  server.RaftServerConfigKeys (ConfUtils.java:logGet(43)) - raft.server.snapshot.auto.trigger.enabled = true (custom)
2019-09-12 10:09:03,475 [pool-49-thread-1] INFO  server.RaftServerConfigKeys (ConfUtils.java:logGet(43)) - raft.server.snapshot.auto.trigger.threshold = 10000 (custom)
2019-09-12 10:09:03,475 [pool-49-thread-1] INFO  server.RaftServerConfigKeys (ConfUtils.java:logGet(43)) - raft.server.retrycache.expirytime = 600000ms (custom)
2019-09-12 10:09:03,475 [pool-49-thread-1] INFO  impl.RaftServerImpl (RaftServerImpl.java:start(180)) - e555ab07-8ec7-47a5-b037-b4b5d30098f1: start group-46151549BC1E
2019-09-12 10:09:03,476 [pool-49-thread-1] INFO  impl.RaftServerImpl (RaftServerImpl.java:setRole(171)) - e555ab07-8ec7-47a5-b037-b4b5d30098f1:group-46151549BC1E changes role from null to FOLLOWER at term 0 for startAsFollower
2019-09-12 10:09:03,476 [pool-49-thread-1] INFO  impl.RoleInfo (RoleInfo.java:updateAndGet(143)) - e555ab07-8ec7-47a5-b037-b4b5d30098f1: start FollowerState
2019-09-12 10:09:03,476 [pool-49-thread-1] INFO  util.JmxRegister (JmxRegister.java:tryRegister(44)) - Successfully registered JMX Bean with object name Ratis:service=RaftServer,group=group-46151549BC1E,id=e555ab07-8ec7-47a5-b037-b4b5d30098f1
2019-09-12 10:09:03,490 [RatisPipelineUtilsThread] INFO  pipeline.PipelineStateManager (PipelineStateManager.java:addPipeline(56)) - Created pipeline Pipeline[ Id: 35a17a92-8f6e-4a5e-a74e-46151549bc1e, Nodes: e555ab07-8ec7-47a5-b037-b4b5d30098f1{ip: 192.168.36.114, host: pr-hdds-1569-58hkm-1881083799, networkLocation: /default-rack, certSerialId: null}, Type:RATIS, Factor:ONE, State:OPEN]
2019-09-12 10:09:03,507 [grpc-default-executor-1] INFO  impl.RaftServerProxy (RaftServerProxy.java:addNew(89)) - e555ab07-8ec7-47a5-b037-b4b5d30098f1: addNew group-77CD2F477DB5:[e555ab07-8ec7-47a5-b037-b4b5d30098f1:192.168.36.114:39573] returns group-77CD2F477DB5:java.util.concurrent.CompletableFuture@4bbc91de[Not completed]
2019-09-12 10:09:03,510 [pool-49-thread-1] INFO  impl.RaftServerImpl (RaftServerImpl.java:<init>(93)) - e555ab07-8ec7-47a5-b037-b4b5d30098f1: new RaftServerImpl for group-77CD2F477DB5:[e555ab07-8ec7-47a5-b037-b4b5d30098f1:192.168.36.114:39573] with ContainerStateMachine:uninitialized
2019-09-12 10:09:03,510 [pool-49-thread-1] INFO  server.RaftServerConfigKeys (ConfUtils.java:logGet(43)) - raft.server.rpc.timeout.min = 5s (custom)
2019-09-12 10:09:03,510 [pool-49-thread-1] INFO  server.RaftServerConfigKeys (ConfUtils.java:logGet(43)) - raft.server.rpc.timeout.max = 5200ms (custom)
2019-09-12 10:09:03,511 [pool-49-thread-1] INFO  server.RaftServerConfigKeys (ConfUtils.java:logGet(43)) - raft.server.rpcslowness.timeout = 120s (custom)
2019-09-12 10:09:03,511 [pool-49-thread-1] INFO  server.RaftServerConfigKeys (ConfUtils.java:logGet(43)) - raft.server.sleep.deviation.threshold = 300 (default)
2019-09-12 10:09:03,511 [pool-49-thread-1] INFO  server.RaftServerConfigKeys (ConfUtils.java:logGet(43)) - raft.server.log.appender.install.snapshot.enabled = false (custom)
2019-09-12 10:09:03,511 [pool-49-thread-1] INFO  impl.RaftServerImpl (ServerState.java:<init>(105)) - e555ab07-8ec7-47a5-b037-b4b5d30098f1:group-77CD2F477DB5 ConfigurationManager, init=-1: [e555ab07-8ec7-47a5-b037-b4b5d30098f1:192.168.36.114:39573], old=null, confs=<EMPTY_MAP>
2019-09-12 10:09:03,512 [pool-49-thread-1] INFO  server.RaftServerConfigKeys (ConfUtils.java:logGet(43)) - raft.server.storage.dir = [/workdir/hadoop-ozone/integration-test/target/test-dir/MiniOzoneClusterImpl-189f34b7-43e6-4b7e-82b3-72fee299e6f1/datanode-2/data/ratis] (custom)
2019-09-12 10:09:03,512 [pool-49-thread-1] INFO  storage.RaftStorageDirectory (RaftStorageDirectory.java:analyzeStorage(246)) - The storage directory /workdir/hadoop-ozone/integration-test/target/test-dir/MiniOzoneClusterImpl-189f34b7-43e6-4b7e-82b3-72fee299e6f1/datanode-2/data/ratis/513b83a1-b602-4d70-bdb7-77cd2f477db5 does not exist. Creating ...
2019-09-12 10:09:03,585 [pool-49-thread-1] INFO  storage.RaftStorageDirectory (RaftStorageDirectory.java:tryLock(328)) - Lock on /workdir/hadoop-ozone/integration-test/target/test-dir/MiniOzoneClusterImpl-189f34b7-43e6-4b7e-82b3-72fee299e6f1/datanode-2/data/ratis/513b83a1-b602-4d70-bdb7-77cd2f477db5/in_use.lock acquired by nodename 2537@pr-hdds-1569-58hkm-1881083799
2019-09-12 10:09:03,597 [main] INFO  ozone.MiniOzoneClusterImpl (MiniOzoneClusterImpl.java:lambda$waitForClusterToBeReady$0(142)) - Cluster is ready. Got 3 of 3 DN Heartbeats.
2019-09-12 10:09:03,607 | INFO  | SCMAudit | user=jenkins1000 | ip=192.168.36.114 | op=SEND_HEARTBEAT {datanodeUUID=e555ab07-8ec7-47a5-b037-b4b5d30098f1, command=[]} | ret=SUCCESS |  
2019-09-12 10:09:03,747 [pool-49-thread-1] INFO  storage.RaftStorage (RaftStorage.java:format(72)) - Storage directory /workdir/hadoop-ozone/integration-test/target/test-dir/MiniOzoneClusterImpl-189f34b7-43e6-4b7e-82b3-72fee299e6f1/datanode-2/data/ratis/513b83a1-b602-4d70-bdb7-77cd2f477db5 has been successfully formatted.
2019-09-12 10:09:03,747 [pool-49-thread-1] INFO  ratis.ContainerStateMachine (ContainerStateMachine.java:loadSnapshot(226)) - group-77CD2F477DB5: The snapshot info is null. Setting the last applied indexto:(t:0, i:~)
2019-09-12 10:09:03,748 [pool-49-thread-1] INFO  server.RaftServerConfigKeys (ConfUtils.java:logGet(43)) - raft.server.leader.election.timeout = 120s (custom)
2019-09-12 10:09:03,748 [pool-49-thread-1] INFO  server.RaftServerConfigKeys (ConfUtils.java:logGet(43)) - raft.server.log.use.memory = false (default)
2019-09-12 10:09:03,748 [pool-49-thread-1] INFO  server.RaftServerConfigKeys (ConfUtils.java:logGet(43)) - raft.server.log.purge.gap = 1000000 (custom)
2019-09-12 10:09:03,748 [pool-49-thread-1] INFO  server.RaftServerConfigKeys (ConfUtils.java:logGet(43)) - raft.server.log.appender.buffer.byte-limit = 33554432 (custom)
2019-09-12 10:09:03,748 [pool-49-thread-1] INFO  server.RaftServerConfigKeys (ConfUtils.java:logGet(43)) - raft.server.log.segment.size.max = 1048576 (custom)
2019-09-12 10:09:03,749 [pool-49-thread-1] INFO  server.RaftServerConfigKeys (ConfUtils.java:logGet(43)) - raft.server.log.segment.cache.num.max = 2 (custom)
2019-09-12 10:09:03,749 [pool-49-thread-1] INFO  segmented.SegmentedRaftLogWorker (SegmentedRaftLogWorker.java:<init>(172)) - new e555ab07-8ec7-47a5-b037-b4b5d30098f1-SegmentedRaftLogWorker:Storage Directory /workdir/hadoop-ozone/integration-test/target/test-dir/MiniOzoneClusterImpl-189f34b7-43e6-4b7e-82b3-72fee299e6f1/datanode-2/data/ratis/513b83a1-b602-4d70-bdb7-77cd2f477db5 for RaftStorage:Storage Directory /workdir/hadoop-ozone/integration-test/target/test-dir/MiniOzoneClusterImpl-189f34b7-43e6-4b7e-82b3-72fee299e6f1/datanode-2/data/ratis/513b83a1-b602-4d70-bdb7-77cd2f477db5
2019-09-12 10:09:03,749 [pool-49-thread-1] INFO  server.RaftServerConfigKeys (ConfUtils.java:logGet(43)) - raft.server.log.queue.byte-limit = 2147483647 (custom)
2019-09-12 10:09:03,749 [pool-49-thread-1] INFO  server.RaftServerConfigKeys (ConfUtils.java:logGet(43)) - raft.server.log.queue.element-limit = 1024 (custom)
2019-09-12 10:09:03,750 [pool-49-thread-1] INFO  server.RaftServerConfigKeys (ConfUtils.java:logGet(43)) - raft.server.log.segment.size.max = 1048576 (custom)
2019-09-12 10:09:03,750 [pool-49-thread-1] INFO  server.RaftServerConfigKeys (ConfUtils.java:logGet(43)) - raft.server.log.preallocated.size = 16384 (custom)
2019-09-12 10:09:03,750 [pool-49-thread-1] INFO  server.RaftServerConfigKeys (ConfUtils.java:logGet(43)) - raft.server.log.write.buffer.size = 33554432 (custom)
2019-09-12 10:09:03,750 [pool-49-thread-1] INFO  server.RaftServerConfigKeys (ConfUtils.java:logGet(43)) - raft.server.log.force.sync.num = 128 (default)
2019-09-12 10:09:03,750 [pool-49-thread-1] INFO  server.RaftServerConfigKeys (ConfUtils.java:logGet(43)) - raft.server.log.statemachine.data.sync = true (default)
2019-09-12 10:09:03,751 [pool-49-thread-1] INFO  server.RaftServerConfigKeys (ConfUtils.java:logGet(43)) - raft.server.log.statemachine.data.sync.timeout = 10s (default)
2019-09-12 10:09:03,751 [pool-49-thread-1] INFO  server.RaftServerConfigKeys (ConfUtils.java:logGet(43)) - raft.server.log.statemachine.data.sync.timeout.retry = -1 (default)
2019-09-12 10:09:03,751 [pool-49-thread-1] INFO  server.RaftServerConfigKeys (ConfUtils.java:logGet(43)) - raft.server.log.statemachine.data.caching.enabled = true (custom)
2019-09-12 10:09:03,751 [pool-49-thread-1] INFO  segmented.SegmentedRaftLogWorker (SegmentedRaftLogWorker.java:lambda$new$0(132)) - e555ab07-8ec7-47a5-b037-b4b5d30098f1-SegmentedRaftLogWorker:Storage Directory /workdir/hadoop-ozone/integration-test/target/test-dir/MiniOzoneClusterImpl-189f34b7-43e6-4b7e-82b3-72fee299e6f1/datanode-2/data/ratis/513b83a1-b602-4d70-bdb7-77cd2f477db5: flushIndex: setUnconditionally 0 -> -1
2019-09-12 10:09:03,752 [pool-49-thread-1] INFO  server.RaftServerConfigKeys (ConfUtils.java:logGet(43)) - raft.server.snapshot.auto.trigger.enabled = true (custom)
2019-09-12 10:09:03,752 [pool-49-thread-1] INFO  server.RaftServerConfigKeys (ConfUtils.java:logGet(43)) - raft.server.snapshot.auto.trigger.threshold = 10000 (custom)
2019-09-12 10:09:03,752 [pool-49-thread-1] INFO  server.RaftServerConfigKeys (ConfUtils.java:logGet(43)) - raft.server.retrycache.expirytime = 600000ms (custom)
2019-09-12 10:09:03,753 [pool-49-thread-1] INFO  impl.RaftServerImpl (RaftServerImpl.java:start(180)) - e555ab07-8ec7-47a5-b037-b4b5d30098f1: start group-77CD2F477DB5
2019-09-12 10:09:03,753 [pool-49-thread-1] INFO  impl.RaftServerImpl (RaftServerImpl.java:setRole(171)) - e555ab07-8ec7-47a5-b037-b4b5d30098f1:group-77CD2F477DB5 changes role from null to FOLLOWER at term 0 for startAsFollower
2019-09-12 10:09:03,753 [pool-49-thread-1] INFO  impl.RoleInfo (RoleInfo.java:updateAndGet(143)) - e555ab07-8ec7-47a5-b037-b4b5d30098f1: start FollowerState
2019-09-12 10:09:03,754 [pool-49-thread-1] INFO  util.JmxRegister (JmxRegister.java:tryRegister(44)) - Successfully registered JMX Bean with object name Ratis:service=RaftServer,group=group-77CD2F477DB5,id=e555ab07-8ec7-47a5-b037-b4b5d30098f1
2019-09-12 10:09:03,765 [RatisPipelineUtilsThread] INFO  pipeline.PipelineStateManager (PipelineStateManager.java:addPipeline(56)) - Created pipeline Pipeline[ Id: 513b83a1-b602-4d70-bdb7-77cd2f477db5, Nodes: e555ab07-8ec7-47a5-b037-b4b5d30098f1{ip: 192.168.36.114, host: pr-hdds-1569-58hkm-1881083799, networkLocation: /default-rack, certSerialId: null}, Type:RATIS, Factor:ONE, State:OPEN]
2019-09-12 10:09:03,782 [grpc-default-executor-1] INFO  impl.RaftServerProxy (RaftServerProxy.java:addNew(89)) - e555ab07-8ec7-47a5-b037-b4b5d30098f1: addNew group-8C10F6D7719E:[e555ab07-8ec7-47a5-b037-b4b5d30098f1:192.168.36.114:39573] returns group-8C10F6D7719E:java.util.concurrent.CompletableFuture@1aa3f713[Not completed]
2019-09-12 10:09:03,784 [pool-49-thread-1] INFO  impl.RaftServerImpl (RaftServerImpl.java:<init>(93)) - e555ab07-8ec7-47a5-b037-b4b5d30098f1: new RaftServerImpl for group-8C10F6D7719E:[e555ab07-8ec7-47a5-b037-b4b5d30098f1:192.168.36.114:39573] with ContainerStateMachine:uninitialized
2019-09-12 10:09:03,785 [pool-49-thread-1] INFO  server.RaftServerConfigKeys (ConfUtils.java:logGet(43)) - raft.server.rpc.timeout.min = 5s (custom)
2019-09-12 10:09:03,785 [pool-49-thread-1] INFO  server.RaftServerConfigKeys (ConfUtils.java:logGet(43)) - raft.server.rpc.timeout.max = 5200ms (custom)
2019-09-12 10:09:03,785 [pool-49-thread-1] INFO  server.RaftServerConfigKeys (ConfUtils.java:logGet(43)) - raft.server.rpcslowness.timeout = 120s (custom)
2019-09-12 10:09:03,785 [pool-49-thread-1] INFO  server.RaftServerConfigKeys (ConfUtils.java:logGet(43)) - raft.server.sleep.deviation.threshold = 300 (default)
2019-09-12 10:09:03,785 [pool-49-thread-1] INFO  server.RaftServerConfigKeys (ConfUtils.java:logGet(43)) - raft.server.log.appender.install.snapshot.enabled = false (custom)
2019-09-12 10:09:03,786 [pool-49-thread-1] INFO  impl.RaftServerImpl (ServerState.java:<init>(105)) - e555ab07-8ec7-47a5-b037-b4b5d30098f1:group-8C10F6D7719E ConfigurationManager, init=-1: [e555ab07-8ec7-47a5-b037-b4b5d30098f1:192.168.36.114:39573], old=null, confs=<EMPTY_MAP>
2019-09-12 10:09:03,786 [pool-49-thread-1] INFO  server.RaftServerConfigKeys (ConfUtils.java:logGet(43)) - raft.server.storage.dir = [/workdir/hadoop-ozone/integration-test/target/test-dir/MiniOzoneClusterImpl-189f34b7-43e6-4b7e-82b3-72fee299e6f1/datanode-2/data/ratis] (custom)
2019-09-12 10:09:03,786 [pool-49-thread-1] INFO  storage.RaftStorageDirectory (RaftStorageDirectory.java:analyzeStorage(246)) - The storage directory /workdir/hadoop-ozone/integration-test/target/test-dir/MiniOzoneClusterImpl-189f34b7-43e6-4b7e-82b3-72fee299e6f1/datanode-2/data/ratis/080def45-c1a4-4a94-8385-8c10f6d7719e does not exist. Creating ...
2019-09-12 10:09:03,870 [pool-49-thread-1] INFO  storage.RaftStorageDirectory (RaftStorageDirectory.java:tryLock(328)) - Lock on /workdir/hadoop-ozone/integration-test/target/test-dir/MiniOzoneClusterImpl-189f34b7-43e6-4b7e-82b3-72fee299e6f1/datanode-2/data/ratis/080def45-c1a4-4a94-8385-8c10f6d7719e/in_use.lock acquired by nodename 2537@pr-hdds-1569-58hkm-1881083799
2019-09-12 10:09:03,900 [pool-49-thread-1] INFO  storage.RaftStorage (RaftStorage.java:format(72)) - Storage directory /workdir/hadoop-ozone/integration-test/target/test-dir/MiniOzoneClusterImpl-189f34b7-43e6-4b7e-82b3-72fee299e6f1/datanode-2/data/ratis/080def45-c1a4-4a94-8385-8c10f6d7719e has been successfully formatted.
2019-09-12 10:09:03,901 [pool-49-thread-1] INFO  ratis.ContainerStateMachine (ContainerStateMachine.java:loadSnapshot(226)) - group-8C10F6D7719E: The snapshot info is null. Setting the last applied indexto:(t:0, i:~)
2019-09-12 10:09:03,901 [pool-49-thread-1] INFO  server.RaftServerConfigKeys (ConfUtils.java:logGet(43)) - raft.server.leader.election.timeout = 120s (custom)
2019-09-12 10:09:03,901 [pool-49-thread-1] INFO  server.RaftServerConfigKeys (ConfUtils.java:logGet(43)) - raft.server.log.use.memory = false (default)
2019-09-12 10:09:03,901 [pool-49-thread-1] INFO  server.RaftServerConfigKeys (ConfUtils.java:logGet(43)) - raft.server.log.purge.gap = 1000000 (custom)
2019-09-12 10:09:03,902 [pool-49-thread-1] INFO  server.RaftServerConfigKeys (ConfUtils.java:logGet(43)) - raft.server.log.appender.buffer.byte-limit = 33554432 (custom)
2019-09-12 10:09:03,902 [pool-49-thread-1] INFO  server.RaftServerConfigKeys (ConfUtils.java:logGet(43)) - raft.server.log.segment.size.max = 1048576 (custom)
2019-09-12 10:09:03,902 [pool-49-thread-1] INFO  server.RaftServerConfigKeys (ConfUtils.java:logGet(43)) - raft.server.log.segment.cache.num.max = 2 (custom)
2019-09-12 10:09:03,902 [pool-49-thread-1] INFO  segmented.SegmentedRaftLogWorker (SegmentedRaftLogWorker.java:<init>(172)) - new e555ab07-8ec7-47a5-b037-b4b5d30098f1-SegmentedRaftLogWorker:Storage Directory /workdir/hadoop-ozone/integration-test/target/test-dir/MiniOzoneClusterImpl-189f34b7-43e6-4b7e-82b3-72fee299e6f1/datanode-2/data/ratis/080def45-c1a4-4a94-8385-8c10f6d7719e for RaftStorage:Storage Directory /workdir/hadoop-ozone/integration-test/target/test-dir/MiniOzoneClusterImpl-189f34b7-43e6-4b7e-82b3-72fee299e6f1/datanode-2/data/ratis/080def45-c1a4-4a94-8385-8c10f6d7719e
2019-09-12 10:09:03,903 [pool-49-thread-1] INFO  server.RaftServerConfigKeys (ConfUtils.java:logGet(43)) - raft.server.log.queue.byte-limit = 2147483647 (custom)
2019-09-12 10:09:03,903 [pool-49-thread-1] INFO  server.RaftServerConfigKeys (ConfUtils.java:logGet(43)) - raft.server.log.queue.element-limit = 1024 (custom)
2019-09-12 10:09:03,903 [pool-49-thread-1] INFO  server.RaftServerConfigKeys (ConfUtils.java:logGet(43)) - raft.server.log.segment.size.max = 1048576 (custom)
2019-09-12 10:09:03,903 [pool-49-thread-1] INFO  server.RaftServerConfigKeys (ConfUtils.java:logGet(43)) - raft.server.log.preallocated.size = 16384 (custom)
2019-09-12 10:09:03,903 [pool-49-thread-1] INFO  server.RaftServerConfigKeys (ConfUtils.java:logGet(43)) - raft.server.log.write.buffer.size = 33554432 (custom)
2019-09-12 10:09:03,904 [pool-49-thread-1] INFO  server.RaftServerConfigKeys (ConfUtils.java:logGet(43)) - raft.server.log.force.sync.num = 128 (default)
2019-09-12 10:09:03,904 [pool-49-thread-1] INFO  server.RaftServerConfigKeys (ConfUtils.java:logGet(43)) - raft.server.log.statemachine.data.sync = true (default)
2019-09-12 10:09:03,904 [pool-49-thread-1] INFO  server.RaftServerConfigKeys (ConfUtils.java:logGet(43)) - raft.server.log.statemachine.data.sync.timeout = 10s (default)
2019-09-12 10:09:03,904 [pool-49-thread-1] INFO  server.RaftServerConfigKeys (ConfUtils.java:logGet(43)) - raft.server.log.statemachine.data.sync.timeout.retry = -1 (default)
2019-09-12 10:09:03,905 [pool-49-thread-1] INFO  server.RaftServerConfigKeys (ConfUtils.java:logGet(43)) - raft.server.log.statemachine.data.caching.enabled = true (custom)
2019-09-12 10:09:03,905 [pool-49-thread-1] INFO  segmented.SegmentedRaftLogWorker (SegmentedRaftLogWorker.java:lambda$new$0(132)) - e555ab07-8ec7-47a5-b037-b4b5d30098f1-SegmentedRaftLogWorker:Storage Directory /workdir/hadoop-ozone/integration-test/target/test-dir/MiniOzoneClusterImpl-189f34b7-43e6-4b7e-82b3-72fee299e6f1/datanode-2/data/ratis/080def45-c1a4-4a94-8385-8c10f6d7719e: flushIndex: setUnconditionally 0 -> -1
2019-09-12 10:09:03,906 [pool-49-thread-1] INFO  server.RaftServerConfigKeys (ConfUtils.java:logGet(43)) - raft.server.snapshot.auto.trigger.enabled = true (custom)
2019-09-12 10:09:03,906 [pool-49-thread-1] INFO  server.RaftServerConfigKeys (ConfUtils.java:logGet(43)) - raft.server.snapshot.auto.trigger.threshold = 10000 (custom)
2019-09-12 10:09:03,906 [pool-49-thread-1] INFO  server.RaftServerConfigKeys (ConfUtils.java:logGet(43)) - raft.server.retrycache.expirytime = 600000ms (custom)
2019-09-12 10:09:03,907 [pool-49-thread-1] INFO  impl.RaftServerImpl (RaftServerImpl.java:start(180)) - e555ab07-8ec7-47a5-b037-b4b5d30098f1: start group-8C10F6D7719E
2019-09-12 10:09:03,907 [pool-49-thread-1] INFO  impl.RaftServerImpl (RaftServerImpl.java:setRole(171)) - e555ab07-8ec7-47a5-b037-b4b5d30098f1:group-8C10F6D7719E changes role from null to FOLLOWER at term 0 for startAsFollower
2019-09-12 10:09:03,907 [pool-49-thread-1] INFO  impl.RoleInfo (RoleInfo.java:updateAndGet(143)) - e555ab07-8ec7-47a5-b037-b4b5d30098f1: start FollowerState
2019-09-12 10:09:03,908 [pool-49-thread-1] INFO  util.JmxRegister (JmxRegister.java:tryRegister(44)) - Successfully registered JMX Bean with object name Ratis:service=RaftServer,group=group-8C10F6D7719E,id=e555ab07-8ec7-47a5-b037-b4b5d30098f1
2019-09-12 10:09:03,922 [RatisPipelineUtilsThread] INFO  pipeline.PipelineStateManager (PipelineStateManager.java:addPipeline(56)) - Created pipeline Pipeline[ Id: 080def45-c1a4-4a94-8385-8c10f6d7719e, Nodes: e555ab07-8ec7-47a5-b037-b4b5d30098f1{ip: 192.168.36.114, host: pr-hdds-1569-58hkm-1881083799, networkLocation: /default-rack, certSerialId: null}, Type:RATIS, Factor:ONE, State:OPEN]
2019-09-12 10:09:03,939 [grpc-default-executor-1] INFO  impl.RaftServerProxy (RaftServerProxy.java:addNew(89)) - e555ab07-8ec7-47a5-b037-b4b5d30098f1: addNew group-290B1E8DDB24:[e555ab07-8ec7-47a5-b037-b4b5d30098f1:192.168.36.114:39573] returns group-290B1E8DDB24:java.util.concurrent.CompletableFuture@2537899d[Not completed]
2019-09-12 10:09:03,941 [pool-49-thread-1] INFO  impl.RaftServerImpl (RaftServerImpl.java:<init>(93)) - e555ab07-8ec7-47a5-b037-b4b5d30098f1: new RaftServerImpl for group-290B1E8DDB24:[e555ab07-8ec7-47a5-b037-b4b5d30098f1:192.168.36.114:39573] with ContainerStateMachine:uninitialized
2019-09-12 10:09:03,941 [pool-49-thread-1] INFO  server.RaftServerConfigKeys (ConfUtils.java:logGet(43)) - raft.server.rpc.timeout.min = 5s (custom)
2019-09-12 10:09:03,941 [pool-49-thread-1] INFO  server.RaftServerConfigKeys (ConfUtils.java:logGet(43)) - raft.server.rpc.timeout.max = 5200ms (custom)
2019-09-12 10:09:03,942 [pool-49-thread-1] INFO  server.RaftServerConfigKeys (ConfUtils.java:logGet(43)) - raft.server.rpcslowness.timeout = 120s (custom)
2019-09-12 10:09:03,942 [pool-49-thread-1] INFO  server.RaftServerConfigKeys (ConfUtils.java:logGet(43)) - raft.server.sleep.deviation.threshold = 300 (default)
2019-09-12 10:09:03,942 [pool-49-thread-1] INFO  server.RaftServerConfigKeys (ConfUtils.java:logGet(43)) - raft.server.log.appender.install.snapshot.enabled = false (custom)
2019-09-12 10:09:03,942 [pool-49-thread-1] INFO  impl.RaftServerImpl (ServerState.java:<init>(105)) - e555ab07-8ec7-47a5-b037-b4b5d30098f1:group-290B1E8DDB24 ConfigurationManager, init=-1: [e555ab07-8ec7-47a5-b037-b4b5d30098f1:192.168.36.114:39573], old=null, confs=<EMPTY_MAP>
2019-09-12 10:09:03,942 [pool-49-thread-1] INFO  server.RaftServerConfigKeys (ConfUtils.java:logGet(43)) - raft.server.storage.dir = [/workdir/hadoop-ozone/integration-test/target/test-dir/MiniOzoneClusterImpl-189f34b7-43e6-4b7e-82b3-72fee299e6f1/datanode-2/data/ratis] (custom)
2019-09-12 10:09:03,942 [pool-49-thread-1] INFO  storage.RaftStorageDirectory (RaftStorageDirectory.java:analyzeStorage(246)) - The storage directory /workdir/hadoop-ozone/integration-test/target/test-dir/MiniOzoneClusterImpl-189f34b7-43e6-4b7e-82b3-72fee299e6f1/datanode-2/data/ratis/d9f5f956-b42c-493b-bfd2-290b1e8ddb24 does not exist. Creating ...
2019-09-12 10:09:03,998 [pool-49-thread-1] INFO  storage.RaftStorageDirectory (RaftStorageDirectory.java:tryLock(328)) - Lock on /workdir/hadoop-ozone/integration-test/target/test-dir/MiniOzoneClusterImpl-189f34b7-43e6-4b7e-82b3-72fee299e6f1/datanode-2/data/ratis/d9f5f956-b42c-493b-bfd2-290b1e8ddb24/in_use.lock acquired by nodename 2537@pr-hdds-1569-58hkm-1881083799
2019-09-12 10:09:04,069 [pool-49-thread-1] INFO  storage.RaftStorage (RaftStorage.java:format(72)) - Storage directory /workdir/hadoop-ozone/integration-test/target/test-dir/MiniOzoneClusterImpl-189f34b7-43e6-4b7e-82b3-72fee299e6f1/datanode-2/data/ratis/d9f5f956-b42c-493b-bfd2-290b1e8ddb24 has been successfully formatted.
2019-09-12 10:09:04,069 [pool-49-thread-1] INFO  ratis.ContainerStateMachine (ContainerStateMachine.java:loadSnapshot(226)) - group-290B1E8DDB24: The snapshot info is null. Setting the last applied indexto:(t:0, i:~)
2019-09-12 10:09:04,070 [pool-49-thread-1] INFO  server.RaftServerConfigKeys (ConfUtils.java:logGet(43)) - raft.server.leader.election.timeout = 120s (custom)
2019-09-12 10:09:04,070 [pool-49-thread-1] INFO  server.RaftServerConfigKeys (ConfUtils.java:logGet(43)) - raft.server.log.use.memory = false (default)
2019-09-12 10:09:04,070 [pool-49-thread-1] INFO  server.RaftServerConfigKeys (ConfUtils.java:logGet(43)) - raft.server.log.purge.gap = 1000000 (custom)
2019-09-12 10:09:04,070 [pool-49-thread-1] INFO  server.RaftServerConfigKeys (ConfUtils.java:logGet(43)) - raft.server.log.appender.buffer.byte-limit = 33554432 (custom)
2019-09-12 10:09:04,070 [pool-49-thread-1] INFO  server.RaftServerConfigKeys (ConfUtils.java:logGet(43)) - raft.server.log.segment.size.max = 1048576 (custom)
2019-09-12 10:09:04,071 [pool-49-thread-1] INFO  server.RaftServerConfigKeys (ConfUtils.java:logGet(43)) - raft.server.log.segment.cache.num.max = 2 (custom)
2019-09-12 10:09:04,071 [pool-49-thread-1] INFO  segmented.SegmentedRaftLogWorker (SegmentedRaftLogWorker.java:<init>(172)) - new e555ab07-8ec7-47a5-b037-b4b5d30098f1-SegmentedRaftLogWorker:Storage Directory /workdir/hadoop-ozone/integration-test/target/test-dir/MiniOzoneClusterImpl-189f34b7-43e6-4b7e-82b3-72fee299e6f1/datanode-2/data/ratis/d9f5f956-b42c-493b-bfd2-290b1e8ddb24 for RaftStorage:Storage Directory /workdir/hadoop-ozone/integration-test/target/test-dir/MiniOzoneClusterImpl-189f34b7-43e6-4b7e-82b3-72fee299e6f1/datanode-2/data/ratis/d9f5f956-b42c-493b-bfd2-290b1e8ddb24
2019-09-12 10:09:04,071 [pool-49-thread-1] INFO  server.RaftServerConfigKeys (ConfUtils.java:logGet(43)) - raft.server.log.queue.byte-limit = 2147483647 (custom)
2019-09-12 10:09:04,071 [pool-49-thread-1] INFO  server.RaftServerConfigKeys (ConfUtils.java:logGet(43)) - raft.server.log.queue.element-limit = 1024 (custom)
2019-09-12 10:09:04,071 [pool-49-thread-1] INFO  server.RaftServerConfigKeys (ConfUtils.java:logGet(43)) - raft.server.log.segment.size.max = 1048576 (custom)
2019-09-12 10:09:04,071 [pool-49-thread-1] INFO  server.RaftServerConfigKeys (ConfUtils.java:logGet(43)) - raft.server.log.preallocated.size = 16384 (custom)
2019-09-12 10:09:04,072 [pool-49-thread-1] INFO  server.RaftServerConfigKeys (ConfUtils.java:logGet(43)) - raft.server.log.write.buffer.size = 33554432 (custom)
2019-09-12 10:09:04,072 [pool-49-thread-1] INFO  server.RaftServerConfigKeys (ConfUtils.java:logGet(43)) - raft.server.log.force.sync.num = 128 (default)
2019-09-12 10:09:04,072 [pool-49-thread-1] INFO  server.RaftServerConfigKeys (ConfUtils.java:logGet(43)) - raft.server.log.statemachine.data.sync = true (default)
2019-09-12 10:09:04,072 [pool-49-thread-1] INFO  server.RaftServerConfigKeys (ConfUtils.java:logGet(43)) - raft.server.log.statemachine.data.sync.timeout = 10s (default)
2019-09-12 10:09:04,072 [pool-49-thread-1] INFO  server.RaftServerConfigKeys (ConfUtils.java:logGet(43)) - raft.server.log.statemachine.data.sync.timeout.retry = -1 (default)
2019-09-12 10:09:04,072 [pool-49-thread-1] INFO  server.RaftServerConfigKeys (ConfUtils.java:logGet(43)) - raft.server.log.statemachine.data.caching.enabled = true (custom)
2019-09-12 10:09:04,073 [pool-49-thread-1] INFO  segmented.SegmentedRaftLogWorker (SegmentedRaftLogWorker.java:lambda$new$0(132)) - e555ab07-8ec7-47a5-b037-b4b5d30098f1-SegmentedRaftLogWorker:Storage Directory /workdir/hadoop-ozone/integration-test/target/test-dir/MiniOzoneClusterImpl-189f34b7-43e6-4b7e-82b3-72fee299e6f1/datanode-2/data/ratis/d9f5f956-b42c-493b-bfd2-290b1e8ddb24: flushIndex: setUnconditionally 0 -> -1
2019-09-12 10:09:04,073 [pool-49-thread-1] INFO  server.RaftServerConfigKeys (ConfUtils.java:logGet(43)) - raft.server.snapshot.auto.trigger.enabled = true (custom)
2019-09-12 10:09:04,074 [pool-49-thread-1] INFO  server.RaftServerConfigKeys (ConfUtils.java:logGet(43)) - raft.server.snapshot.auto.trigger.threshold = 10000 (custom)
2019-09-12 10:09:04,074 [pool-49-thread-1] INFO  server.RaftServerConfigKeys (ConfUtils.java:logGet(43)) - raft.server.retrycache.expirytime = 600000ms (custom)
2019-09-12 10:09:04,074 [pool-49-thread-1] INFO  impl.RaftServerImpl (RaftServerImpl.java:start(180)) - e555ab07-8ec7-47a5-b037-b4b5d30098f1: start group-290B1E8DDB24
2019-09-12 10:09:04,074 [pool-49-thread-1] INFO  impl.RaftServerImpl (RaftServerImpl.java:setRole(171)) - e555ab07-8ec7-47a5-b037-b4b5d30098f1:group-290B1E8DDB24 changes role from null to FOLLOWER at term 0 for startAsFollower
2019-09-12 10:09:04,074 [pool-49-thread-1] INFO  impl.RoleInfo (RoleInfo.java:updateAndGet(143)) - e555ab07-8ec7-47a5-b037-b4b5d30098f1: start FollowerState
2019-09-12 10:09:04,075 [pool-49-thread-1] INFO  util.JmxRegister (JmxRegister.java:tryRegister(44)) - Successfully registered JMX Bean with object name Ratis:service=RaftServer,group=group-290B1E8DDB24,id=e555ab07-8ec7-47a5-b037-b4b5d30098f1
2019-09-12 10:09:04,086 [RatisPipelineUtilsThread] INFO  pipeline.PipelineStateManager (PipelineStateManager.java:addPipeline(56)) - Created pipeline Pipeline[ Id: d9f5f956-b42c-493b-bfd2-290b1e8ddb24, Nodes: e555ab07-8ec7-47a5-b037-b4b5d30098f1{ip: 192.168.36.114, host: pr-hdds-1569-58hkm-1881083799, networkLocation: /default-rack, certSerialId: null}, Type:RATIS, Factor:ONE, State:OPEN]
2019-09-12 10:09:04,108 [grpc-default-executor-1] INFO  impl.RaftServerProxy (RaftServerProxy.java:addNew(89)) - e555ab07-8ec7-47a5-b037-b4b5d30098f1: addNew group-127B9D6A1B82:[e555ab07-8ec7-47a5-b037-b4b5d30098f1:192.168.36.114:39573] returns group-127B9D6A1B82:java.util.concurrent.CompletableFuture@1eed0909[Not completed]
2019-09-12 10:09:04,109 [pool-49-thread-1] INFO  impl.RaftServerImpl (RaftServerImpl.java:<init>(93)) - e555ab07-8ec7-47a5-b037-b4b5d30098f1: new RaftServerImpl for group-127B9D6A1B82:[e555ab07-8ec7-47a5-b037-b4b5d30098f1:192.168.36.114:39573] with ContainerStateMachine:uninitialized
2019-09-12 10:09:04,110 [pool-49-thread-1] INFO  server.RaftServerConfigKeys (ConfUtils.java:logGet(43)) - raft.server.rpc.timeout.min = 5s (custom)
2019-09-12 10:09:04,110 [pool-49-thread-1] INFO  server.RaftServerConfigKeys (ConfUtils.java:logGet(43)) - raft.server.rpc.timeout.max = 5200ms (custom)
2019-09-12 10:09:04,110 [pool-49-thread-1] INFO  server.RaftServerConfigKeys (ConfUtils.java:logGet(43)) - raft.server.rpcslowness.timeout = 120s (custom)
2019-09-12 10:09:04,110 [pool-49-thread-1] INFO  server.RaftServerConfigKeys (ConfUtils.java:logGet(43)) - raft.server.sleep.deviation.threshold = 300 (default)
2019-09-12 10:09:04,110 [pool-49-thread-1] INFO  server.RaftServerConfigKeys (ConfUtils.java:logGet(43)) - raft.server.log.appender.install.snapshot.enabled = false (custom)
2019-09-12 10:09:04,110 [pool-49-thread-1] INFO  impl.RaftServerImpl (ServerState.java:<init>(105)) - e555ab07-8ec7-47a5-b037-b4b5d30098f1:group-127B9D6A1B82 ConfigurationManager, init=-1: [e555ab07-8ec7-47a5-b037-b4b5d30098f1:192.168.36.114:39573], old=null, confs=<EMPTY_MAP>
2019-09-12 10:09:04,110 [pool-49-thread-1] INFO  server.RaftServerConfigKeys (ConfUtils.java:logGet(43)) - raft.server.storage.dir = [/workdir/hadoop-ozone/integration-test/target/test-dir/MiniOzoneClusterImpl-189f34b7-43e6-4b7e-82b3-72fee299e6f1/datanode-2/data/ratis] (custom)
2019-09-12 10:09:04,111 [pool-49-thread-1] INFO  storage.RaftStorageDirectory (RaftStorageDirectory.java:analyzeStorage(246)) - The storage directory /workdir/hadoop-ozone/integration-test/target/test-dir/MiniOzoneClusterImpl-189f34b7-43e6-4b7e-82b3-72fee299e6f1/datanode-2/data/ratis/314ea728-91c5-49b0-a970-127b9d6a1b82 does not exist. Creating ...
2019-09-12 10:09:04,124 [pool-49-thread-1] INFO  storage.RaftStorageDirectory (RaftStorageDirectory.java:tryLock(328)) - Lock on /workdir/hadoop-ozone/integration-test/target/test-dir/MiniOzoneClusterImpl-189f34b7-43e6-4b7e-82b3-72fee299e6f1/datanode-2/data/ratis/314ea728-91c5-49b0-a970-127b9d6a1b82/in_use.lock acquired by nodename 2537@pr-hdds-1569-58hkm-1881083799
2019-09-12 10:09:04,137 [pool-49-thread-1] INFO  storage.RaftStorage (RaftStorage.java:format(72)) - Storage directory /workdir/hadoop-ozone/integration-test/target/test-dir/MiniOzoneClusterImpl-189f34b7-43e6-4b7e-82b3-72fee299e6f1/datanode-2/data/ratis/314ea728-91c5-49b0-a970-127b9d6a1b82 has been successfully formatted.
2019-09-12 10:09:04,138 [pool-49-thread-1] INFO  ratis.ContainerStateMachine (ContainerStateMachine.java:loadSnapshot(226)) - group-127B9D6A1B82: The snapshot info is null. Setting the last applied indexto:(t:0, i:~)
2019-09-12 10:09:04,138 [pool-49-thread-1] INFO  server.RaftServerConfigKeys (ConfUtils.java:logGet(43)) - raft.server.leader.election.timeout = 120s (custom)
2019-09-12 10:09:04,138 [pool-49-thread-1] INFO  server.RaftServerConfigKeys (ConfUtils.java:logGet(43)) - raft.server.log.use.memory = false (default)
2019-09-12 10:09:04,138 [pool-49-thread-1] INFO  server.RaftServerConfigKeys (ConfUtils.java:logGet(43)) - raft.server.log.purge.gap = 1000000 (custom)
2019-09-12 10:09:04,138 [pool-49-thread-1] INFO  server.RaftServerConfigKeys (ConfUtils.java:logGet(43)) - raft.server.log.appender.buffer.byte-limit = 33554432 (custom)
2019-09-12 10:09:04,138 [pool-49-thread-1] INFO  server.RaftServerConfigKeys (ConfUtils.java:logGet(43)) - raft.server.log.segment.size.max = 1048576 (custom)
2019-09-12 10:09:04,138 [pool-49-thread-1] INFO  server.RaftServerConfigKeys (ConfUtils.java:logGet(43)) - raft.server.log.segment.cache.num.max = 2 (custom)
2019-09-12 10:09:04,139 [pool-49-thread-1] INFO  segmented.SegmentedRaftLogWorker (SegmentedRaftLogWorker.java:<init>(172)) - new e555ab07-8ec7-47a5-b037-b4b5d30098f1-SegmentedRaftLogWorker:Storage Directory /workdir/hadoop-ozone/integration-test/target/test-dir/MiniOzoneClusterImpl-189f34b7-43e6-4b7e-82b3-72fee299e6f1/datanode-2/data/ratis/314ea728-91c5-49b0-a970-127b9d6a1b82 for RaftStorage:Storage Directory /workdir/hadoop-ozone/integration-test/target/test-dir/MiniOzoneClusterImpl-189f34b7-43e6-4b7e-82b3-72fee299e6f1/datanode-2/data/ratis/314ea728-91c5-49b0-a970-127b9d6a1b82
2019-09-12 10:09:04,139 [pool-49-thread-1] INFO  server.RaftServerConfigKeys (ConfUtils.java:logGet(43)) - raft.server.log.queue.byte-limit = 2147483647 (custom)
2019-09-12 10:09:04,139 [pool-49-thread-1] INFO  server.RaftServerConfigKeys (ConfUtils.java:logGet(43)) - raft.server.log.queue.element-limit = 1024 (custom)
2019-09-12 10:09:04,139 [pool-49-thread-1] INFO  server.RaftServerConfigKeys (ConfUtils.java:logGet(43)) - raft.server.log.segment.size.max = 1048576 (custom)
2019-09-12 10:09:04,139 [pool-49-thread-1] INFO  server.RaftServerConfigKeys (ConfUtils.java:logGet(43)) - raft.server.log.preallocated.size = 16384 (custom)
2019-09-12 10:09:04,139 [pool-49-thread-1] INFO  server.RaftServerConfigKeys (ConfUtils.java:logGet(43)) - raft.server.log.write.buffer.size = 33554432 (custom)
2019-09-12 10:09:04,139 [pool-49-thread-1] INFO  server.RaftServerConfigKeys (ConfUtils.java:logGet(43)) - raft.server.log.force.sync.num = 128 (default)
2019-09-12 10:09:04,139 [pool-49-thread-1] INFO  server.RaftServerConfigKeys (ConfUtils.java:logGet(43)) - raft.server.log.statemachine.data.sync = true (default)
2019-09-12 10:09:04,140 [pool-49-thread-1] INFO  server.RaftServerConfigKeys (ConfUtils.java:logGet(43)) - raft.server.log.statemachine.data.sync.timeout = 10s (default)
2019-09-12 10:09:04,140 [pool-49-thread-1] INFO  server.RaftServerConfigKeys (ConfUtils.java:logGet(43)) - raft.server.log.statemachine.data.sync.timeout.retry = -1 (default)
2019-09-12 10:09:04,140 [pool-49-thread-1] INFO  server.RaftServerConfigKeys (ConfUtils.java:logGet(43)) - raft.server.log.statemachine.data.caching.enabled = true (custom)
2019-09-12 10:09:04,140 [pool-49-thread-1] INFO  segmented.SegmentedRaftLogWorker (SegmentedRaftLogWorker.java:lambda$new$0(132)) - e555ab07-8ec7-47a5-b037-b4b5d30098f1-SegmentedRaftLogWorker:Storage Directory /workdir/hadoop-ozone/integration-test/target/test-dir/MiniOzoneClusterImpl-189f34b7-43e6-4b7e-82b3-72fee299e6f1/datanode-2/data/ratis/314ea728-91c5-49b0-a970-127b9d6a1b82: flushIndex: setUnconditionally 0 -> -1
2019-09-12 10:09:04,141 [pool-49-thread-1] INFO  server.RaftServerConfigKeys (ConfUtils.java:logGet(43)) - raft.server.snapshot.auto.trigger.enabled = true (custom)
2019-09-12 10:09:04,141 [pool-49-thread-1] INFO  server.RaftServerConfigKeys (ConfUtils.java:logGet(43)) - raft.server.snapshot.auto.trigger.threshold = 10000 (custom)
2019-09-12 10:09:04,141 [pool-49-thread-1] INFO  server.RaftServerConfigKeys (ConfUtils.java:logGet(43)) - raft.server.retrycache.expirytime = 600000ms (custom)
2019-09-12 10:09:04,141 [pool-49-thread-1] INFO  impl.RaftServerImpl (RaftServerImpl.java:start(180)) - e555ab07-8ec7-47a5-b037-b4b5d30098f1: start group-127B9D6A1B82
2019-09-12 10:09:04,141 [pool-49-thread-1] INFO  impl.RaftServerImpl (RaftServerImpl.java:setRole(171)) - e555ab07-8ec7-47a5-b037-b4b5d30098f1:group-127B9D6A1B82 changes role from null to FOLLOWER at term 0 for startAsFollower
2019-09-12 10:09:04,141 [pool-49-thread-1] INFO  impl.RoleInfo (RoleInfo.java:updateAndGet(143)) - e555ab07-8ec7-47a5-b037-b4b5d30098f1: start FollowerState
2019-09-12 10:09:04,142 [pool-49-thread-1] INFO  util.JmxRegister (JmxRegister.java:tryRegister(44)) - Successfully registered JMX Bean with object name Ratis:service=RaftServer,group=group-127B9D6A1B82,id=e555ab07-8ec7-47a5-b037-b4b5d30098f1
2019-09-12 10:09:04,153 [RatisPipelineUtilsThread] INFO  pipeline.PipelineStateManager (PipelineStateManager.java:addPipeline(56)) - Created pipeline Pipeline[ Id: 314ea728-91c5-49b0-a970-127b9d6a1b82, Nodes: e555ab07-8ec7-47a5-b037-b4b5d30098f1{ip: 192.168.36.114, host: pr-hdds-1569-58hkm-1881083799, networkLocation: /default-rack, certSerialId: null}, Type:RATIS, Factor:ONE, State:OPEN]
2019-09-12 10:09:04,155 [RatisPipelineUtilsThread] ERROR pipeline.PipelinePlacementPolicy (PipelinePlacementPolicy.java:meetCriteria(92)) - Pipeline Placement: Doesn't meet the criteria to be viable node. Heaviness: 6
2019-09-12 10:09:04,166 [grpc-default-executor-1] INFO  impl.RaftServerProxy (RaftServerProxy.java:addNew(89)) - 70434e9f-7dc5-4d90-a426-89ab03943309: addNew group-6A587D626498:[70434e9f-7dc5-4d90-a426-89ab03943309:192.168.36.114:42068] returns group-6A587D626498:java.util.concurrent.CompletableFuture@5b228af4[Not completed]
2019-09-12 10:09:04,168 [pool-27-thread-1] INFO  impl.RaftServerImpl (RaftServerImpl.java:<init>(93)) - 70434e9f-7dc5-4d90-a426-89ab03943309: new RaftServerImpl for group-6A587D626498:[70434e9f-7dc5-4d90-a426-89ab03943309:192.168.36.114:42068] with ContainerStateMachine:uninitialized
2019-09-12 10:09:04,168 [pool-27-thread-1] INFO  server.RaftServerConfigKeys (ConfUtils.java:logGet(43)) - raft.server.rpc.timeout.min = 5s (custom)
2019-09-12 10:09:04,169 [pool-27-thread-1] INFO  server.RaftServerConfigKeys (ConfUtils.java:logGet(43)) - raft.server.rpc.timeout.max = 5200ms (custom)
2019-09-12 10:09:04,169 [pool-27-thread-1] INFO  server.RaftServerConfigKeys (ConfUtils.java:logGet(43)) - raft.server.rpcslowness.timeout = 120s (custom)
2019-09-12 10:09:04,169 [pool-27-thread-1] INFO  server.RaftServerConfigKeys (ConfUtils.java:logGet(43)) - raft.server.sleep.deviation.threshold = 300 (default)
2019-09-12 10:09:04,169 [pool-27-thread-1] INFO  server.RaftServerConfigKeys (ConfUtils.java:logGet(43)) - raft.server.log.appender.install.snapshot.enabled = false (custom)
2019-09-12 10:09:04,169 [pool-27-thread-1] INFO  impl.RaftServerImpl (ServerState.java:<init>(105)) - 70434e9f-7dc5-4d90-a426-89ab03943309:group-6A587D626498 ConfigurationManager, init=-1: [70434e9f-7dc5-4d90-a426-89ab03943309:192.168.36.114:42068], old=null, confs=<EMPTY_MAP>
2019-09-12 10:09:04,169 [pool-27-thread-1] INFO  server.RaftServerConfigKeys (ConfUtils.java:logGet(43)) - raft.server.storage.dir = [/workdir/hadoop-ozone/integration-test/target/test-dir/MiniOzoneClusterImpl-189f34b7-43e6-4b7e-82b3-72fee299e6f1/datanode-0/data/ratis] (custom)
2019-09-12 10:09:04,170 [pool-27-thread-1] INFO  storage.RaftStorageDirectory (RaftStorageDirectory.java:analyzeStorage(246)) - The storage directory /workdir/hadoop-ozone/integration-test/target/test-dir/MiniOzoneClusterImpl-189f34b7-43e6-4b7e-82b3-72fee299e6f1/datanode-0/data/ratis/203656c5-583d-48bc-bfc2-6a587d626498 does not exist. Creating ...
2019-09-12 10:09:04,231 [pool-27-thread-1] INFO  storage.RaftStorageDirectory (RaftStorageDirectory.java:tryLock(328)) - Lock on /workdir/hadoop-ozone/integration-test/target/test-dir/MiniOzoneClusterImpl-189f34b7-43e6-4b7e-82b3-72fee299e6f1/datanode-0/data/ratis/203656c5-583d-48bc-bfc2-6a587d626498/in_use.lock acquired by nodename 2537@pr-hdds-1569-58hkm-1881083799
2019-09-12 10:09:04,245 [pool-27-thread-1] INFO  storage.RaftStorage (RaftStorage.java:format(72)) - Storage directory /workdir/hadoop-ozone/integration-test/target/test-dir/MiniOzoneClusterImpl-189f34b7-43e6-4b7e-82b3-72fee299e6f1/datanode-0/data/ratis/203656c5-583d-48bc-bfc2-6a587d626498 has been successfully formatted.
2019-09-12 10:09:04,246 [pool-27-thread-1] INFO  ratis.ContainerStateMachine (ContainerStateMachine.java:loadSnapshot(226)) - group-6A587D626498: The snapshot info is null. Setting the last applied indexto:(t:0, i:~)
2019-09-12 10:09:04,246 [pool-27-thread-1] INFO  server.RaftServerConfigKeys (ConfUtils.java:logGet(43)) - raft.server.leader.election.timeout = 120s (custom)
2019-09-12 10:09:04,246 [pool-27-thread-1] INFO  server.RaftServerConfigKeys (ConfUtils.java:logGet(43)) - raft.server.log.use.memory = false (default)
2019-09-12 10:09:04,246 [pool-27-thread-1] INFO  server.RaftServerConfigKeys (ConfUtils.java:logGet(43)) - raft.server.log.purge.gap = 1000000 (custom)
2019-09-12 10:09:04,246 [pool-27-thread-1] INFO  server.RaftServerConfigKeys (ConfUtils.java:logGet(43)) - raft.server.log.appender.buffer.byte-limit = 33554432 (custom)
2019-09-12 10:09:04,246 [pool-27-thread-1] INFO  server.RaftServerConfigKeys (ConfUtils.java:logGet(43)) - raft.server.log.segment.size.max = 1048576 (custom)
2019-09-12 10:09:04,246 [pool-27-thread-1] INFO  server.RaftServerConfigKeys (ConfUtils.java:logGet(43)) - raft.server.log.segment.cache.num.max = 2 (custom)
2019-09-12 10:09:04,247 [pool-27-thread-1] INFO  segmented.SegmentedRaftLogWorker (SegmentedRaftLogWorker.java:<init>(172)) - new 70434e9f-7dc5-4d90-a426-89ab03943309-SegmentedRaftLogWorker:Storage Directory /workdir/hadoop-ozone/integration-test/target/test-dir/MiniOzoneClusterImpl-189f34b7-43e6-4b7e-82b3-72fee299e6f1/datanode-0/data/ratis/203656c5-583d-48bc-bfc2-6a587d626498 for RaftStorage:Storage Directory /workdir/hadoop-ozone/integration-test/target/test-dir/MiniOzoneClusterImpl-189f34b7-43e6-4b7e-82b3-72fee299e6f1/datanode-0/data/ratis/203656c5-583d-48bc-bfc2-6a587d626498
2019-09-12 10:09:04,247 [pool-27-thread-1] INFO  server.RaftServerConfigKeys (ConfUtils.java:logGet(43)) - raft.server.log.queue.byte-limit = 2147483647 (custom)
2019-09-12 10:09:04,247 [pool-27-thread-1] INFO  server.RaftServerConfigKeys (ConfUtils.java:logGet(43)) - raft.server.log.queue.element-limit = 1024 (custom)
2019-09-12 10:09:04,247 [pool-27-thread-1] INFO  server.RaftServerConfigKeys (ConfUtils.java:logGet(43)) - raft.server.log.segment.size.max = 1048576 (custom)
2019-09-12 10:09:04,247 [pool-27-thread-1] INFO  server.RaftServerConfigKeys (ConfUtils.java:logGet(43)) - raft.server.log.preallocated.size = 16384 (custom)
2019-09-12 10:09:04,247 [pool-27-thread-1] INFO  server.RaftServerConfigKeys (ConfUtils.java:logGet(43)) - raft.server.log.write.buffer.size = 33554432 (custom)
2019-09-12 10:09:04,247 [pool-27-thread-1] INFO  server.RaftServerConfigKeys (ConfUtils.java:logGet(43)) - raft.server.log.force.sync.num = 128 (default)
2019-09-12 10:09:04,247 [pool-27-thread-1] INFO  server.RaftServerConfigKeys (ConfUtils.java:logGet(43)) - raft.server.log.statemachine.data.sync = true (default)
2019-09-12 10:09:04,248 [pool-27-thread-1] INFO  server.RaftServerConfigKeys (ConfUtils.java:logGet(43)) - raft.server.log.statemachine.data.sync.timeout = 10s (default)
2019-09-12 10:09:04,248 [pool-27-thread-1] INFO  server.RaftServerConfigKeys (ConfUtils.java:logGet(43)) - raft.server.log.statemachine.data.sync.timeout.retry = -1 (default)
2019-09-12 10:09:04,248 [pool-27-thread-1] INFO  server.RaftServerConfigKeys (ConfUtils.java:logGet(43)) - raft.server.log.statemachine.data.caching.enabled = true (custom)
2019-09-12 10:09:04,248 [pool-27-thread-1] INFO  segmented.SegmentedRaftLogWorker (SegmentedRaftLogWorker.java:lambda$new$0(132)) - 70434e9f-7dc5-4d90-a426-89ab03943309-SegmentedRaftLogWorker:Storage Directory /workdir/hadoop-ozone/integration-test/target/test-dir/MiniOzoneClusterImpl-189f34b7-43e6-4b7e-82b3-72fee299e6f1/datanode-0/data/ratis/203656c5-583d-48bc-bfc2-6a587d626498: flushIndex: setUnconditionally 0 -> -1
2019-09-12 10:09:04,249 [pool-27-thread-1] INFO  server.RaftServerConfigKeys (ConfUtils.java:logGet(43)) - raft.server.snapshot.auto.trigger.enabled = true (custom)
2019-09-12 10:09:04,249 [pool-27-thread-1] INFO  server.RaftServerConfigKeys (ConfUtils.java:logGet(43)) - raft.server.snapshot.auto.trigger.threshold = 10000 (custom)
2019-09-12 10:09:04,249 [pool-27-thread-1] INFO  server.RaftServerConfigKeys (ConfUtils.java:logGet(43)) - raft.server.retrycache.expirytime = 600000ms (custom)
2019-09-12 10:09:04,249 [pool-27-thread-1] INFO  impl.RaftServerImpl (RaftServerImpl.java:start(180)) - 70434e9f-7dc5-4d90-a426-89ab03943309: start group-6A587D626498
2019-09-12 10:09:04,249 [pool-27-thread-1] INFO  impl.RaftServerImpl (RaftServerImpl.java:setRole(171)) - 70434e9f-7dc5-4d90-a426-89ab03943309:group-6A587D626498 changes role from null to FOLLOWER at term 0 for startAsFollower
2019-09-12 10:09:04,249 [pool-27-thread-1] INFO  impl.RoleInfo (RoleInfo.java:updateAndGet(143)) - 70434e9f-7dc5-4d90-a426-89ab03943309: start FollowerState
2019-09-12 10:09:04,250 [pool-27-thread-1] INFO  util.JmxRegister (JmxRegister.java:tryRegister(44)) - Successfully registered JMX Bean with object name Ratis:service=RaftServer,group=group-6A587D626498,id=70434e9f-7dc5-4d90-a426-89ab03943309
2019-09-12 10:09:04,260 [RatisPipelineUtilsThread] INFO  pipeline.PipelineStateManager (PipelineStateManager.java:addPipeline(56)) - Created pipeline Pipeline[ Id: 203656c5-583d-48bc-bfc2-6a587d626498, Nodes: 70434e9f-7dc5-4d90-a426-89ab03943309{ip: 192.168.36.114, host: pr-hdds-1569-58hkm-1881083799, networkLocation: /default-rack, certSerialId: null}, Type:RATIS, Factor:ONE, State:OPEN]
2019-09-12 10:09:04,262 [RatisPipelineUtilsThread] ERROR pipeline.PipelinePlacementPolicy (PipelinePlacementPolicy.java:meetCriteria(92)) - Pipeline Placement: Doesn't meet the criteria to be viable node. Heaviness: 6
2019-09-12 10:09:04,273 [grpc-default-executor-1] INFO  impl.RaftServerProxy (RaftServerProxy.java:addNew(89)) - 70434e9f-7dc5-4d90-a426-89ab03943309: addNew group-7683B7E925AD:[70434e9f-7dc5-4d90-a426-89ab03943309:192.168.36.114:42068] returns group-7683B7E925AD:java.util.concurrent.CompletableFuture@2df2db11[Not completed]
2019-09-12 10:09:04,275 [pool-27-thread-1] INFO  impl.RaftServerImpl (RaftServerImpl.java:<init>(93)) - 70434e9f-7dc5-4d90-a426-89ab03943309: new RaftServerImpl for group-7683B7E925AD:[70434e9f-7dc5-4d90-a426-89ab03943309:192.168.36.114:42068] with ContainerStateMachine:uninitialized
2019-09-12 10:09:04,275 [pool-27-thread-1] INFO  server.RaftServerConfigKeys (ConfUtils.java:logGet(43)) - raft.server.rpc.timeout.min = 5s (custom)
2019-09-12 10:09:04,275 [pool-27-thread-1] INFO  server.RaftServerConfigKeys (ConfUtils.java:logGet(43)) - raft.server.rpc.timeout.max = 5200ms (custom)
2019-09-12 10:09:04,275 [pool-27-thread-1] INFO  server.RaftServerConfigKeys (ConfUtils.java:logGet(43)) - raft.server.rpcslowness.timeout = 120s (custom)
2019-09-12 10:09:04,276 [pool-27-thread-1] INFO  server.RaftServerConfigKeys (ConfUtils.java:logGet(43)) - raft.server.sleep.deviation.threshold = 300 (default)
2019-09-12 10:09:04,276 [pool-27-thread-1] INFO  server.RaftServerConfigKeys (ConfUtils.java:logGet(43)) - raft.server.log.appender.install.snapshot.enabled = false (custom)
2019-09-12 10:09:04,276 [pool-27-thread-1] INFO  impl.RaftServerImpl (ServerState.java:<init>(105)) - 70434e9f-7dc5-4d90-a426-89ab03943309:group-7683B7E925AD ConfigurationManager, init=-1: [70434e9f-7dc5-4d90-a426-89ab03943309:192.168.36.114:42068], old=null, confs=<EMPTY_MAP>
2019-09-12 10:09:04,276 [pool-27-thread-1] INFO  server.RaftServerConfigKeys (ConfUtils.java:logGet(43)) - raft.server.storage.dir = [/workdir/hadoop-ozone/integration-test/target/test-dir/MiniOzoneClusterImpl-189f34b7-43e6-4b7e-82b3-72fee299e6f1/datanode-0/data/ratis] (custom)
2019-09-12 10:09:04,276 [pool-27-thread-1] INFO  storage.RaftStorageDirectory (RaftStorageDirectory.java:analyzeStorage(246)) - The storage directory /workdir/hadoop-ozone/integration-test/target/test-dir/MiniOzoneClusterImpl-189f34b7-43e6-4b7e-82b3-72fee299e6f1/datanode-0/data/ratis/7e00741a-9ac4-4e36-b082-7683b7e925ad does not exist. Creating ...
2019-09-12 10:09:04,298 [pool-27-thread-1] INFO  storage.RaftStorageDirectory (RaftStorageDirectory.java:tryLock(328)) - Lock on /workdir/hadoop-ozone/integration-test/target/test-dir/MiniOzoneClusterImpl-189f34b7-43e6-4b7e-82b3-72fee299e6f1/datanode-0/data/ratis/7e00741a-9ac4-4e36-b082-7683b7e925ad/in_use.lock acquired by nodename 2537@pr-hdds-1569-58hkm-1881083799
2019-09-12 10:09:04,370 [pool-27-thread-1] INFO  storage.RaftStorage (RaftStorage.java:format(72)) - Storage directory /workdir/hadoop-ozone/integration-test/target/test-dir/MiniOzoneClusterImpl-189f34b7-43e6-4b7e-82b3-72fee299e6f1/datanode-0/data/ratis/7e00741a-9ac4-4e36-b082-7683b7e925ad has been successfully formatted.
2019-09-12 10:09:04,371 [pool-27-thread-1] INFO  ratis.ContainerStateMachine (ContainerStateMachine.java:loadSnapshot(226)) - group-7683B7E925AD: The snapshot info is null. Setting the last applied indexto:(t:0, i:~)
2019-09-12 10:09:04,371 [pool-27-thread-1] INFO  server.RaftServerConfigKeys (ConfUtils.java:logGet(43)) - raft.server.leader.election.timeout = 120s (custom)
2019-09-12 10:09:04,371 [pool-27-thread-1] INFO  server.RaftServerConfigKeys (ConfUtils.java:logGet(43)) - raft.server.log.use.memory = false (default)
2019-09-12 10:09:04,372 [pool-27-thread-1] INFO  server.RaftServerConfigKeys (ConfUtils.java:logGet(43)) - raft.server.log.purge.gap = 1000000 (custom)
2019-09-12 10:09:04,372 [pool-27-thread-1] INFO  server.RaftServerConfigKeys (ConfUtils.java:logGet(43)) - raft.server.log.appender.buffer.byte-limit = 33554432 (custom)
2019-09-12 10:09:04,372 [pool-27-thread-1] INFO  server.RaftServerConfigKeys (ConfUtils.java:logGet(43)) - raft.server.log.segment.size.max = 1048576 (custom)
2019-09-12 10:09:04,372 [pool-27-thread-1] INFO  server.RaftServerConfigKeys (ConfUtils.java:logGet(43)) - raft.server.log.segment.cache.num.max = 2 (custom)
2019-09-12 10:09:04,372 [pool-27-thread-1] INFO  segmented.SegmentedRaftLogWorker (SegmentedRaftLogWorker.java:<init>(172)) - new 70434e9f-7dc5-4d90-a426-89ab03943309-SegmentedRaftLogWorker:Storage Directory /workdir/hadoop-ozone/integration-test/target/test-dir/MiniOzoneClusterImpl-189f34b7-43e6-4b7e-82b3-72fee299e6f1/datanode-0/data/ratis/7e00741a-9ac4-4e36-b082-7683b7e925ad for RaftStorage:Storage Directory /workdir/hadoop-ozone/integration-test/target/test-dir/MiniOzoneClusterImpl-189f34b7-43e6-4b7e-82b3-72fee299e6f1/datanode-0/data/ratis/7e00741a-9ac4-4e36-b082-7683b7e925ad
2019-09-12 10:09:04,373 [pool-27-thread-1] INFO  server.RaftServerConfigKeys (ConfUtils.java:logGet(43)) - raft.server.log.queue.byte-limit = 2147483647 (custom)
2019-09-12 10:09:04,373 [pool-27-thread-1] INFO  server.RaftServerConfigKeys (ConfUtils.java:logGet(43)) - raft.server.log.queue.element-limit = 1024 (custom)
2019-09-12 10:09:04,373 [pool-27-thread-1] INFO  server.RaftServerConfigKeys (ConfUtils.java:logGet(43)) - raft.server.log.segment.size.max = 1048576 (custom)
2019-09-12 10:09:04,373 [pool-27-thread-1] INFO  server.RaftServerConfigKeys (ConfUtils.java:logGet(43)) - raft.server.log.preallocated.size = 16384 (custom)
2019-09-12 10:09:04,374 [pool-27-thread-1] INFO  server.RaftServerConfigKeys (ConfUtils.java:logGet(43)) - raft.server.log.write.buffer.size = 33554432 (custom)
2019-09-12 10:09:04,374 [pool-27-thread-1] INFO  server.RaftServerConfigKeys (ConfUtils.java:logGet(43)) - raft.server.log.force.sync.num = 128 (default)
2019-09-12 10:09:04,374 [pool-27-thread-1] INFO  server.RaftServerConfigKeys (ConfUtils.java:logGet(43)) - raft.server.log.statemachine.data.sync = true (default)
2019-09-12 10:09:04,374 [pool-27-thread-1] INFO  server.RaftServerConfigKeys (ConfUtils.java:logGet(43)) - raft.server.log.statemachine.data.sync.timeout = 10s (default)
2019-09-12 10:09:04,374 [pool-27-thread-1] INFO  server.RaftServerConfigKeys (ConfUtils.java:logGet(43)) - raft.server.log.statemachine.data.sync.timeout.retry = -1 (default)
2019-09-12 10:09:04,375 [pool-27-thread-1] INFO  server.RaftServerConfigKeys (ConfUtils.java:logGet(43)) - raft.server.log.statemachine.data.caching.enabled = true (custom)
2019-09-12 10:09:04,375 [pool-27-thread-1] INFO  segmented.SegmentedRaftLogWorker (SegmentedRaftLogWorker.java:lambda$new$0(132)) - 70434e9f-7dc5-4d90-a426-89ab03943309-SegmentedRaftLogWorker:Storage Directory /workdir/hadoop-ozone/integration-test/target/test-dir/MiniOzoneClusterImpl-189f34b7-43e6-4b7e-82b3-72fee299e6f1/datanode-0/data/ratis/7e00741a-9ac4-4e36-b082-7683b7e925ad: flushIndex: setUnconditionally 0 -> -1
2019-09-12 10:09:04,376 [pool-27-thread-1] INFO  server.RaftServerConfigKeys (ConfUtils.java:logGet(43)) - raft.server.snapshot.auto.trigger.enabled = true (custom)
2019-09-12 10:09:04,376 [pool-27-thread-1] INFO  server.RaftServerConfigKeys (ConfUtils.java:logGet(43)) - raft.server.snapshot.auto.trigger.threshold = 10000 (custom)
2019-09-12 10:09:04,376 [pool-27-thread-1] INFO  server.RaftServerConfigKeys (ConfUtils.java:logGet(43)) - raft.server.retrycache.expirytime = 600000ms (custom)
2019-09-12 10:09:04,376 [pool-27-thread-1] INFO  impl.RaftServerImpl (RaftServerImpl.java:start(180)) - 70434e9f-7dc5-4d90-a426-89ab03943309: start group-7683B7E925AD
2019-09-12 10:09:04,377 [pool-27-thread-1] INFO  impl.RaftServerImpl (RaftServerImpl.java:setRole(171)) - 70434e9f-7dc5-4d90-a426-89ab03943309:group-7683B7E925AD changes role from null to FOLLOWER at term 0 for startAsFollower
2019-09-12 10:09:04,377 [pool-27-thread-1] INFO  impl.RoleInfo (RoleInfo.java:updateAndGet(143)) - 70434e9f-7dc5-4d90-a426-89ab03943309: start FollowerState
2019-09-12 10:09:04,377 [pool-27-thread-1] INFO  util.JmxRegister (JmxRegister.java:tryRegister(44)) - Successfully registered JMX Bean with object name Ratis:service=RaftServer,group=group-7683B7E925AD,id=70434e9f-7dc5-4d90-a426-89ab03943309
2019-09-12 10:09:04,387 [RatisPipelineUtilsThread] INFO  pipeline.PipelineStateManager (PipelineStateManager.java:addPipeline(56)) - Created pipeline Pipeline[ Id: 7e00741a-9ac4-4e36-b082-7683b7e925ad, Nodes: 70434e9f-7dc5-4d90-a426-89ab03943309{ip: 192.168.36.114, host: pr-hdds-1569-58hkm-1881083799, networkLocation: /default-rack, certSerialId: null}, Type:RATIS, Factor:ONE, State:OPEN]
2019-09-12 10:09:04,388 [RatisPipelineUtilsThread] ERROR pipeline.PipelinePlacementPolicy (PipelinePlacementPolicy.java:meetCriteria(92)) - Pipeline Placement: Doesn't meet the criteria to be viable node. Heaviness: 6
2019-09-12 10:09:04,400 [grpc-default-executor-1] INFO  impl.RaftServerProxy (RaftServerProxy.java:addNew(89)) - 70434e9f-7dc5-4d90-a426-89ab03943309: addNew group-EE5CFCA927A2:[70434e9f-7dc5-4d90-a426-89ab03943309:192.168.36.114:42068] returns group-EE5CFCA927A2:java.util.concurrent.CompletableFuture@248c16df[Not completed]
2019-09-12 10:09:04,403 [pool-27-thread-1] INFO  impl.RaftServerImpl (RaftServerImpl.java:<init>(93)) - 70434e9f-7dc5-4d90-a426-89ab03943309: new RaftServerImpl for group-EE5CFCA927A2:[70434e9f-7dc5-4d90-a426-89ab03943309:192.168.36.114:42068] with ContainerStateMachine:uninitialized
2019-09-12 10:09:04,403 [pool-27-thread-1] INFO  server.RaftServerConfigKeys (ConfUtils.java:logGet(43)) - raft.server.rpc.timeout.min = 5s (custom)
2019-09-12 10:09:04,403 [pool-27-thread-1] INFO  server.RaftServerConfigKeys (ConfUtils.java:logGet(43)) - raft.server.rpc.timeout.max = 5200ms (custom)
2019-09-12 10:09:04,403 [pool-27-thread-1] INFO  server.RaftServerConfigKeys (ConfUtils.java:logGet(43)) - raft.server.rpcslowness.timeout = 120s (custom)
2019-09-12 10:09:04,403 [pool-27-thread-1] INFO  server.RaftServerConfigKeys (ConfUtils.java:logGet(43)) - raft.server.sleep.deviation.threshold = 300 (default)
2019-09-12 10:09:04,404 [pool-27-thread-1] INFO  server.RaftServerConfigKeys (ConfUtils.java:logGet(43)) - raft.server.log.appender.install.snapshot.enabled = false (custom)
2019-09-12 10:09:04,404 [pool-27-thread-1] INFO  impl.RaftServerImpl (ServerState.java:<init>(105)) - 70434e9f-7dc5-4d90-a426-89ab03943309:group-EE5CFCA927A2 ConfigurationManager, init=-1: [70434e9f-7dc5-4d90-a426-89ab03943309:192.168.36.114:42068], old=null, confs=<EMPTY_MAP>
2019-09-12 10:09:04,404 [pool-27-thread-1] INFO  server.RaftServerConfigKeys (ConfUtils.java:logGet(43)) - raft.server.storage.dir = [/workdir/hadoop-ozone/integration-test/target/test-dir/MiniOzoneClusterImpl-189f34b7-43e6-4b7e-82b3-72fee299e6f1/datanode-0/data/ratis] (custom)
2019-09-12 10:09:04,405 [pool-27-thread-1] INFO  storage.RaftStorageDirectory (RaftStorageDirectory.java:analyzeStorage(246)) - The storage directory /workdir/hadoop-ozone/integration-test/target/test-dir/MiniOzoneClusterImpl-189f34b7-43e6-4b7e-82b3-72fee299e6f1/datanode-0/data/ratis/c69cb9ac-e4c6-4fca-8ff1-ee5cfca927a2 does not exist. Creating ...
2019-09-12 10:09:04,461 [pool-27-thread-1] INFO  storage.RaftStorageDirectory (RaftStorageDirectory.java:tryLock(328)) - Lock on /workdir/hadoop-ozone/integration-test/target/test-dir/MiniOzoneClusterImpl-189f34b7-43e6-4b7e-82b3-72fee299e6f1/datanode-0/data/ratis/c69cb9ac-e4c6-4fca-8ff1-ee5cfca927a2/in_use.lock acquired by nodename 2537@pr-hdds-1569-58hkm-1881083799
2019-09-12 10:09:04,585 [pool-27-thread-1] INFO  storage.RaftStorage (RaftStorage.java:format(72)) - Storage directory /workdir/hadoop-ozone/integration-test/target/test-dir/MiniOzoneClusterImpl-189f34b7-43e6-4b7e-82b3-72fee299e6f1/datanode-0/data/ratis/c69cb9ac-e4c6-4fca-8ff1-ee5cfca927a2 has been successfully formatted.
2019-09-12 10:09:04,586 [pool-27-thread-1] INFO  ratis.ContainerStateMachine (ContainerStateMachine.java:loadSnapshot(226)) - group-EE5CFCA927A2: The snapshot info is null. Setting the last applied indexto:(t:0, i:~)
2019-09-12 10:09:04,586 [pool-27-thread-1] INFO  server.RaftServerConfigKeys (ConfUtils.java:logGet(43)) - raft.server.leader.election.timeout = 120s (custom)
2019-09-12 10:09:04,586 [pool-27-thread-1] INFO  server.RaftServerConfigKeys (ConfUtils.java:logGet(43)) - raft.server.log.use.memory = false (default)
2019-09-12 10:09:04,586 [pool-27-thread-1] INFO  server.RaftServerConfigKeys (ConfUtils.java:logGet(43)) - raft.server.log.purge.gap = 1000000 (custom)
2019-09-12 10:09:04,587 [pool-27-thread-1] INFO  server.RaftServerConfigKeys (ConfUtils.java:logGet(43)) - raft.server.log.appender.buffer.byte-limit = 33554432 (custom)
2019-09-12 10:09:04,587 [pool-27-thread-1] INFO  server.RaftServerConfigKeys (ConfUtils.java:logGet(43)) - raft.server.log.segment.size.max = 1048576 (custom)
2019-09-12 10:09:04,587 [pool-27-thread-1] INFO  server.RaftServerConfigKeys (ConfUtils.java:logGet(43)) - raft.server.log.segment.cache.num.max = 2 (custom)
2019-09-12 10:09:04,587 [pool-27-thread-1] INFO  segmented.SegmentedRaftLogWorker (SegmentedRaftLogWorker.java:<init>(172)) - new 70434e9f-7dc5-4d90-a426-89ab03943309-SegmentedRaftLogWorker:Storage Directory /workdir/hadoop-ozone/integration-test/target/test-dir/MiniOzoneClusterImpl-189f34b7-43e6-4b7e-82b3-72fee299e6f1/datanode-0/data/ratis/c69cb9ac-e4c6-4fca-8ff1-ee5cfca927a2 for RaftStorage:Storage Directory /workdir/hadoop-ozone/integration-test/target/test-dir/MiniOzoneClusterImpl-189f34b7-43e6-4b7e-82b3-72fee299e6f1/datanode-0/data/ratis/c69cb9ac-e4c6-4fca-8ff1-ee5cfca927a2
2019-09-12 10:09:04,588 [pool-27-thread-1] INFO  server.RaftServerConfigKeys (ConfUtils.java:logGet(43)) - raft.server.log.queue.byte-limit = 2147483647 (custom)
2019-09-12 10:09:04,588 [pool-27-thread-1] INFO  server.RaftServerConfigKeys (ConfUtils.java:logGet(43)) - raft.server.log.queue.element-limit = 1024 (custom)
2019-09-12 10:09:04,588 [pool-27-thread-1] INFO  server.RaftServerConfigKeys (ConfUtils.java:logGet(43)) - raft.server.log.segment.size.max = 1048576 (custom)
2019-09-12 10:09:04,588 [pool-27-thread-1] INFO  server.RaftServerConfigKeys (ConfUtils.java:logGet(43)) - raft.server.log.preallocated.size = 16384 (custom)
2019-09-12 10:09:04,588 [pool-27-thread-1] INFO  server.RaftServerConfigKeys (ConfUtils.java:logGet(43)) - raft.server.log.write.buffer.size = 33554432 (custom)
2019-09-12 10:09:04,589 [pool-27-thread-1] INFO  server.RaftServerConfigKeys (ConfUtils.java:logGet(43)) - raft.server.log.force.sync.num = 128 (default)
2019-09-12 10:09:04,589 [pool-27-thread-1] INFO  server.RaftServerConfigKeys (ConfUtils.java:logGet(43)) - raft.server.log.statemachine.data.sync = true (default)
2019-09-12 10:09:04,589 [pool-27-thread-1] INFO  server.RaftServerConfigKeys (ConfUtils.java:logGet(43)) - raft.server.log.statemachine.data.sync.timeout = 10s (default)
2019-09-12 10:09:04,589 [pool-27-thread-1] INFO  server.RaftServerConfigKeys (ConfUtils.java:logGet(43)) - raft.server.log.statemachine.data.sync.timeout.retry = -1 (default)
2019-09-12 10:09:04,589 [pool-27-thread-1] INFO  server.RaftServerConfigKeys (ConfUtils.java:logGet(43)) - raft.server.log.statemachine.data.caching.enabled = true (custom)
2019-09-12 10:09:04,590 [pool-27-thread-1] INFO  segmented.SegmentedRaftLogWorker (SegmentedRaftLogWorker.java:lambda$new$0(132)) - 70434e9f-7dc5-4d90-a426-89ab03943309-SegmentedRaftLogWorker:Storage Directory /workdir/hadoop-ozone/integration-test/target/test-dir/MiniOzoneClusterImpl-189f34b7-43e6-4b7e-82b3-72fee299e6f1/datanode-0/data/ratis/c69cb9ac-e4c6-4fca-8ff1-ee5cfca927a2: flushIndex: setUnconditionally 0 -> -1
2019-09-12 10:09:04,590 [pool-27-thread-1] INFO  server.RaftServerConfigKeys (ConfUtils.java:logGet(43)) - raft.server.snapshot.auto.trigger.enabled = true (custom)
2019-09-12 10:09:04,591 [pool-27-thread-1] INFO  server.RaftServerConfigKeys (ConfUtils.java:logGet(43)) - raft.server.snapshot.auto.trigger.threshold = 10000 (custom)
2019-09-12 10:09:04,591 [pool-27-thread-1] INFO  server.RaftServerConfigKeys (ConfUtils.java:logGet(43)) - raft.server.retrycache.expirytime = 600000ms (custom)
2019-09-12 10:09:04,591 [pool-27-thread-1] INFO  impl.RaftServerImpl (RaftServerImpl.java:start(180)) - 70434e9f-7dc5-4d90-a426-89ab03943309: start group-EE5CFCA927A2
2019-09-12 10:09:04,591 [pool-27-thread-1] INFO  impl.RaftServerImpl (RaftServerImpl.java:setRole(171)) - 70434e9f-7dc5-4d90-a426-89ab03943309:group-EE5CFCA927A2 changes role from null to FOLLOWER at term 0 for startAsFollower
2019-09-12 10:09:04,592 [pool-27-thread-1] INFO  impl.RoleInfo (RoleInfo.java:updateAndGet(143)) - 70434e9f-7dc5-4d90-a426-89ab03943309: start FollowerState
2019-09-12 10:09:04,592 [pool-27-thread-1] INFO  util.JmxRegister (JmxRegister.java:tryRegister(44)) - Successfully registered JMX Bean with object name Ratis:service=RaftServer,group=group-EE5CFCA927A2,id=70434e9f-7dc5-4d90-a426-89ab03943309
2019-09-12 10:09:04,595 | INFO  | SCMAudit | user=jenkins1000 | ip=192.168.36.114 | op=SEND_HEARTBEAT {datanodeUUID=e555ab07-8ec7-47a5-b037-b4b5d30098f1, command=[]} | ret=SUCCESS |  
2019-09-12 10:09:04,603 [RatisPipelineUtilsThread] INFO  pipeline.PipelineStateManager (PipelineStateManager.java:addPipeline(56)) - Created pipeline Pipeline[ Id: c69cb9ac-e4c6-4fca-8ff1-ee5cfca927a2, Nodes: 70434e9f-7dc5-4d90-a426-89ab03943309{ip: 192.168.36.114, host: pr-hdds-1569-58hkm-1881083799, networkLocation: /default-rack, certSerialId: null}, Type:RATIS, Factor:ONE, State:OPEN]
2019-09-12 10:09:04,605 [RatisPipelineUtilsThread] ERROR pipeline.PipelinePlacementPolicy (PipelinePlacementPolicy.java:meetCriteria(92)) - Pipeline Placement: Doesn't meet the criteria to be viable node. Heaviness: 6
2019-09-12 10:09:04,619 [grpc-default-executor-1] INFO  impl.RaftServerProxy (RaftServerProxy.java:addNew(89)) - 70434e9f-7dc5-4d90-a426-89ab03943309: addNew group-8EF10F55B276:[70434e9f-7dc5-4d90-a426-89ab03943309:192.168.36.114:42068] returns group-8EF10F55B276:java.util.concurrent.CompletableFuture@4d4fb936[Not completed]
2019-09-12 10:09:04,621 [pool-27-thread-1] INFO  impl.RaftServerImpl (RaftServerImpl.java:<init>(93)) - 70434e9f-7dc5-4d90-a426-89ab03943309: new RaftServerImpl for group-8EF10F55B276:[70434e9f-7dc5-4d90-a426-89ab03943309:192.168.36.114:42068] with ContainerStateMachine:uninitialized
2019-09-12 10:09:04,621 [pool-27-thread-1] INFO  server.RaftServerConfigKeys (ConfUtils.java:logGet(43)) - raft.server.rpc.timeout.min = 5s (custom)
2019-09-12 10:09:04,622 [pool-27-thread-1] INFO  server.RaftServerConfigKeys (ConfUtils.java:logGet(43)) - raft.server.rpc.timeout.max = 5200ms (custom)
2019-09-12 10:09:04,622 [pool-27-thread-1] INFO  server.RaftServerConfigKeys (ConfUtils.java:logGet(43)) - raft.server.rpcslowness.timeout = 120s (custom)
2019-09-12 10:09:04,622 [pool-27-thread-1] INFO  server.RaftServerConfigKeys (ConfUtils.java:logGet(43)) - raft.server.sleep.deviation.threshold = 300 (default)
2019-09-12 10:09:04,622 [pool-27-thread-1] INFO  server.RaftServerConfigKeys (ConfUtils.java:logGet(43)) - raft.server.log.appender.install.snapshot.enabled = false (custom)
2019-09-12 10:09:04,622 [pool-27-thread-1] INFO  impl.RaftServerImpl (ServerState.java:<init>(105)) - 70434e9f-7dc5-4d90-a426-89ab03943309:group-8EF10F55B276 ConfigurationManager, init=-1: [70434e9f-7dc5-4d90-a426-89ab03943309:192.168.36.114:42068], old=null, confs=<EMPTY_MAP>
2019-09-12 10:09:04,623 [pool-27-thread-1] INFO  server.RaftServerConfigKeys (ConfUtils.java:logGet(43)) - raft.server.storage.dir = [/workdir/hadoop-ozone/integration-test/target/test-dir/MiniOzoneClusterImpl-189f34b7-43e6-4b7e-82b3-72fee299e6f1/datanode-0/data/ratis] (custom)
2019-09-12 10:09:04,623 [pool-27-thread-1] INFO  storage.RaftStorageDirectory (RaftStorageDirectory.java:analyzeStorage(246)) - The storage directory /workdir/hadoop-ozone/integration-test/target/test-dir/MiniOzoneClusterImpl-189f34b7-43e6-4b7e-82b3-72fee299e6f1/datanode-0/data/ratis/1058e069-8b76-490f-a662-8ef10f55b276 does not exist. Creating ...
2019-09-12 10:09:04,653 [Thread-177] INFO  container.ReplicationManager (ReplicationManager.java:start(151)) - Starting Replication Monitor Thread.
2019-09-12 10:09:04,683 [pool-27-thread-1] INFO  storage.RaftStorageDirectory (RaftStorageDirectory.java:tryLock(328)) - Lock on /workdir/hadoop-ozone/integration-test/target/test-dir/MiniOzoneClusterImpl-189f34b7-43e6-4b7e-82b3-72fee299e6f1/datanode-0/data/ratis/1058e069-8b76-490f-a662-8ef10f55b276/in_use.lock acquired by nodename 2537@pr-hdds-1569-58hkm-1881083799
2019-09-12 10:09:04,770 [pool-27-thread-1] INFO  storage.RaftStorage (RaftStorage.java:format(72)) - Storage directory /workdir/hadoop-ozone/integration-test/target/test-dir/MiniOzoneClusterImpl-189f34b7-43e6-4b7e-82b3-72fee299e6f1/datanode-0/data/ratis/1058e069-8b76-490f-a662-8ef10f55b276 has been successfully formatted.
2019-09-12 10:09:04,771 [pool-27-thread-1] INFO  ratis.ContainerStateMachine (ContainerStateMachine.java:loadSnapshot(226)) - group-8EF10F55B276: The snapshot info is null. Setting the last applied indexto:(t:0, i:~)
2019-09-12 10:09:04,771 [pool-27-thread-1] INFO  server.RaftServerConfigKeys (ConfUtils.java:logGet(43)) - raft.server.leader.election.timeout = 120s (custom)
2019-09-12 10:09:04,771 [pool-27-thread-1] INFO  server.RaftServerConfigKeys (ConfUtils.java:logGet(43)) - raft.server.log.use.memory = false (default)
2019-09-12 10:09:04,771 [pool-27-thread-1] INFO  server.RaftServerConfigKeys (ConfUtils.java:logGet(43)) - raft.server.log.purge.gap = 1000000 (custom)
2019-09-12 10:09:04,771 [pool-27-thread-1] INFO  server.RaftServerConfigKeys (ConfUtils.java:logGet(43)) - raft.server.log.appender.buffer.byte-limit = 33554432 (custom)
2019-09-12 10:09:04,772 [pool-27-thread-1] INFO  server.RaftServerConfigKeys (ConfUtils.java:logGet(43)) - raft.server.log.segment.size.max = 1048576 (custom)
2019-09-12 10:09:04,772 [pool-27-thread-1] INFO  server.RaftServerConfigKeys (ConfUtils.java:logGet(43)) - raft.server.log.segment.cache.num.max = 2 (custom)
2019-09-12 10:09:04,772 [pool-27-thread-1] INFO  segmented.SegmentedRaftLogWorker (SegmentedRaftLogWorker.java:<init>(172)) - new 70434e9f-7dc5-4d90-a426-89ab03943309-SegmentedRaftLogWorker:Storage Directory /workdir/hadoop-ozone/integration-test/target/test-dir/MiniOzoneClusterImpl-189f34b7-43e6-4b7e-82b3-72fee299e6f1/datanode-0/data/ratis/1058e069-8b76-490f-a662-8ef10f55b276 for RaftStorage:Storage Directory /workdir/hadoop-ozone/integration-test/target/test-dir/MiniOzoneClusterImpl-189f34b7-43e6-4b7e-82b3-72fee299e6f1/datanode-0/data/ratis/1058e069-8b76-490f-a662-8ef10f55b276
2019-09-12 10:09:04,772 [pool-27-thread-1] INFO  server.RaftServerConfigKeys (ConfUtils.java:logGet(43)) - raft.server.log.queue.byte-limit = 2147483647 (custom)
2019-09-12 10:09:04,772 [pool-27-thread-1] INFO  server.RaftServerConfigKeys (ConfUtils.java:logGet(43)) - raft.server.log.queue.element-limit = 1024 (custom)
2019-09-12 10:09:04,773 [pool-27-thread-1] INFO  server.RaftServerConfigKeys (ConfUtils.java:logGet(43)) - raft.server.log.segment.size.max = 1048576 (custom)
2019-09-12 10:09:04,773 [pool-27-thread-1] INFO  server.RaftServerConfigKeys (ConfUtils.java:logGet(43)) - raft.server.log.preallocated.size = 16384 (custom)
2019-09-12 10:09:04,773 [pool-27-thread-1] INFO  server.RaftServerConfigKeys (ConfUtils.java:logGet(43)) - raft.server.log.write.buffer.size = 33554432 (custom)
2019-09-12 10:09:04,773 [pool-27-thread-1] INFO  server.RaftServerConfigKeys (ConfUtils.java:logGet(43)) - raft.server.log.force.sync.num = 128 (default)
2019-09-12 10:09:04,773 [pool-27-thread-1] INFO  server.RaftServerConfigKeys (ConfUtils.java:logGet(43)) - raft.server.log.statemachine.data.sync = true (default)
2019-09-12 10:09:04,774 [pool-27-thread-1] INFO  server.RaftServerConfigKeys (ConfUtils.java:logGet(43)) - raft.server.log.statemachine.data.sync.timeout = 10s (default)
2019-09-12 10:09:04,774 [pool-27-thread-1] INFO  server.RaftServerConfigKeys (ConfUtils.java:logGet(43)) - raft.server.log.statemachine.data.sync.timeout.retry = -1 (default)
2019-09-12 10:09:04,774 [pool-27-thread-1] INFO  server.RaftServerConfigKeys (ConfUtils.java:logGet(43)) - raft.server.log.statemachine.data.caching.enabled = true (custom)
2019-09-12 10:09:04,775 [pool-27-thread-1] INFO  segmented.SegmentedRaftLogWorker (SegmentedRaftLogWorker.java:lambda$new$0(132)) - 70434e9f-7dc5-4d90-a426-89ab03943309-SegmentedRaftLogWorker:Storage Directory /workdir/hadoop-ozone/integration-test/target/test-dir/MiniOzoneClusterImpl-189f34b7-43e6-4b7e-82b3-72fee299e6f1/datanode-0/data/ratis/1058e069-8b76-490f-a662-8ef10f55b276: flushIndex: setUnconditionally 0 -> -1
2019-09-12 10:09:04,775 [pool-27-thread-1] INFO  server.RaftServerConfigKeys (ConfUtils.java:logGet(43)) - raft.server.snapshot.auto.trigger.enabled = true (custom)
2019-09-12 10:09:04,775 [pool-27-thread-1] INFO  server.RaftServerConfigKeys (ConfUtils.java:logGet(43)) - raft.server.snapshot.auto.trigger.threshold = 10000 (custom)
2019-09-12 10:09:04,776 [pool-27-thread-1] INFO  server.RaftServerConfigKeys (ConfUtils.java:logGet(43)) - raft.server.retrycache.expirytime = 600000ms (custom)
2019-09-12 10:09:04,776 [pool-27-thread-1] INFO  impl.RaftServerImpl (RaftServerImpl.java:start(180)) - 70434e9f-7dc5-4d90-a426-89ab03943309: start group-8EF10F55B276
2019-09-12 10:09:04,776 [pool-27-thread-1] INFO  impl.RaftServerImpl (RaftServerImpl.java:setRole(171)) - 70434e9f-7dc5-4d90-a426-89ab03943309:group-8EF10F55B276 changes role from null to FOLLOWER at term 0 for startAsFollower
2019-09-12 10:09:04,776 [pool-27-thread-1] INFO  impl.RoleInfo (RoleInfo.java:updateAndGet(143)) - 70434e9f-7dc5-4d90-a426-89ab03943309: start FollowerState
2019-09-12 10:09:04,777 [pool-27-thread-1] INFO  util.JmxRegister (JmxRegister.java:tryRegister(44)) - Successfully registered JMX Bean with object name Ratis:service=RaftServer,group=group-8EF10F55B276,id=70434e9f-7dc5-4d90-a426-89ab03943309
2019-09-12 10:09:04,786 [RatisPipelineUtilsThread] INFO  pipeline.PipelineStateManager (PipelineStateManager.java:addPipeline(56)) - Created pipeline Pipeline[ Id: 1058e069-8b76-490f-a662-8ef10f55b276, Nodes: 70434e9f-7dc5-4d90-a426-89ab03943309{ip: 192.168.36.114, host: pr-hdds-1569-58hkm-1881083799, networkLocation: /default-rack, certSerialId: null}, Type:RATIS, Factor:ONE, State:OPEN]
2019-09-12 10:09:04,788 [RatisPipelineUtilsThread] ERROR pipeline.PipelinePlacementPolicy (PipelinePlacementPolicy.java:meetCriteria(92)) - Pipeline Placement: Doesn't meet the criteria to be viable node. Heaviness: 6
2019-09-12 10:09:04,800 [grpc-default-executor-1] INFO  impl.RaftServerProxy (RaftServerProxy.java:addNew(89)) - 2c56f4af-a416-42b4-89f1-011c972a54a7: addNew group-47B85998409E:[2c56f4af-a416-42b4-89f1-011c972a54a7:192.168.36.114:41187] returns group-47B85998409E:java.util.concurrent.CompletableFuture@50d608a3[Not completed]
2019-09-12 10:09:04,802 [pool-38-thread-1] INFO  impl.RaftServerImpl (RaftServerImpl.java:<init>(93)) - 2c56f4af-a416-42b4-89f1-011c972a54a7: new RaftServerImpl for group-47B85998409E:[2c56f4af-a416-42b4-89f1-011c972a54a7:192.168.36.114:41187] with ContainerStateMachine:uninitialized
2019-09-12 10:09:04,804 [pool-38-thread-1] INFO  server.RaftServerConfigKeys (ConfUtils.java:logGet(43)) - raft.server.rpc.timeout.min = 5s (custom)
2019-09-12 10:09:04,804 [pool-38-thread-1] INFO  server.RaftServerConfigKeys (ConfUtils.java:logGet(43)) - raft.server.rpc.timeout.max = 5200ms (custom)
2019-09-12 10:09:04,804 [pool-38-thread-1] INFO  server.RaftServerConfigKeys (ConfUtils.java:logGet(43)) - raft.server.rpcslowness.timeout = 120s (custom)
2019-09-12 10:09:04,804 [pool-38-thread-1] INFO  server.RaftServerConfigKeys (ConfUtils.java:logGet(43)) - raft.server.sleep.deviation.threshold = 300 (default)
2019-09-12 10:09:04,804 [pool-38-thread-1] INFO  server.RaftServerConfigKeys (ConfUtils.java:logGet(43)) - raft.server.log.appender.install.snapshot.enabled = false (custom)
2019-09-12 10:09:04,804 [pool-38-thread-1] INFO  impl.RaftServerImpl (ServerState.java:<init>(105)) - 2c56f4af-a416-42b4-89f1-011c972a54a7:group-47B85998409E ConfigurationManager, init=-1: [2c56f4af-a416-42b4-89f1-011c972a54a7:192.168.36.114:41187], old=null, confs=<EMPTY_MAP>
2019-09-12 10:09:04,805 [pool-38-thread-1] INFO  server.RaftServerConfigKeys (ConfUtils.java:logGet(43)) - raft.server.storage.dir = [/workdir/hadoop-ozone/integration-test/target/test-dir/MiniOzoneClusterImpl-189f34b7-43e6-4b7e-82b3-72fee299e6f1/datanode-1/data/ratis] (custom)
2019-09-12 10:09:04,805 [pool-38-thread-1] INFO  storage.RaftStorageDirectory (RaftStorageDirectory.java:analyzeStorage(246)) - The storage directory /workdir/hadoop-ozone/integration-test/target/test-dir/MiniOzoneClusterImpl-189f34b7-43e6-4b7e-82b3-72fee299e6f1/datanode-1/data/ratis/b9106326-4d9e-47b3-bb6a-47b85998409e does not exist. Creating ...
2019-09-12 10:09:04,896 [pool-38-thread-1] INFO  storage.RaftStorageDirectory (RaftStorageDirectory.java:tryLock(328)) - Lock on /workdir/hadoop-ozone/integration-test/target/test-dir/MiniOzoneClusterImpl-189f34b7-43e6-4b7e-82b3-72fee299e6f1/datanode-1/data/ratis/b9106326-4d9e-47b3-bb6a-47b85998409e/in_use.lock acquired by nodename 2537@pr-hdds-1569-58hkm-1881083799
2019-09-12 10:09:05,001 [pool-38-thread-1] INFO  storage.RaftStorage (RaftStorage.java:format(72)) - Storage directory /workdir/hadoop-ozone/integration-test/target/test-dir/MiniOzoneClusterImpl-189f34b7-43e6-4b7e-82b3-72fee299e6f1/datanode-1/data/ratis/b9106326-4d9e-47b3-bb6a-47b85998409e has been successfully formatted.
2019-09-12 10:09:05,002 [pool-38-thread-1] INFO  ratis.ContainerStateMachine (ContainerStateMachine.java:loadSnapshot(226)) - group-47B85998409E: The snapshot info is null. Setting the last applied indexto:(t:0, i:~)
2019-09-12 10:09:05,002 [pool-38-thread-1] INFO  server.RaftServerConfigKeys (ConfUtils.java:logGet(43)) - raft.server.leader.election.timeout = 120s (custom)
2019-09-12 10:09:05,002 [pool-38-thread-1] INFO  server.RaftServerConfigKeys (ConfUtils.java:logGet(43)) - raft.server.log.use.memory = false (default)
2019-09-12 10:09:05,003 [pool-38-thread-1] INFO  server.RaftServerConfigKeys (ConfUtils.java:logGet(43)) - raft.server.log.purge.gap = 1000000 (custom)
2019-09-12 10:09:05,003 [pool-38-thread-1] INFO  server.RaftServerConfigKeys (ConfUtils.java:logGet(43)) - raft.server.log.appender.buffer.byte-limit = 33554432 (custom)
2019-09-12 10:09:05,003 [pool-38-thread-1] INFO  server.RaftServerConfigKeys (ConfUtils.java:logGet(43)) - raft.server.log.segment.size.max = 1048576 (custom)
2019-09-12 10:09:05,003 [pool-38-thread-1] INFO  server.RaftServerConfigKeys (ConfUtils.java:logGet(43)) - raft.server.log.segment.cache.num.max = 2 (custom)
2019-09-12 10:09:05,003 [pool-38-thread-1] INFO  segmented.SegmentedRaftLogWorker (SegmentedRaftLogWorker.java:<init>(172)) - new 2c56f4af-a416-42b4-89f1-011c972a54a7-SegmentedRaftLogWorker:Storage Directory /workdir/hadoop-ozone/integration-test/target/test-dir/MiniOzoneClusterImpl-189f34b7-43e6-4b7e-82b3-72fee299e6f1/datanode-1/data/ratis/b9106326-4d9e-47b3-bb6a-47b85998409e for RaftStorage:Storage Directory /workdir/hadoop-ozone/integration-test/target/test-dir/MiniOzoneClusterImpl-189f34b7-43e6-4b7e-82b3-72fee299e6f1/datanode-1/data/ratis/b9106326-4d9e-47b3-bb6a-47b85998409e
2019-09-12 10:09:05,004 [pool-38-thread-1] INFO  server.RaftServerConfigKeys (ConfUtils.java:logGet(43)) - raft.server.log.queue.byte-limit = 2147483647 (custom)
2019-09-12 10:09:05,004 [pool-38-thread-1] INFO  server.RaftServerConfigKeys (ConfUtils.java:logGet(43)) - raft.server.log.queue.element-limit = 1024 (custom)
2019-09-12 10:09:05,004 [pool-38-thread-1] INFO  server.RaftServerConfigKeys (ConfUtils.java:logGet(43)) - raft.server.log.segment.size.max = 1048576 (custom)
2019-09-12 10:09:05,005 [pool-38-thread-1] INFO  server.RaftServerConfigKeys (ConfUtils.java:logGet(43)) - raft.server.log.preallocated.size = 16384 (custom)
2019-09-12 10:09:05,005 [pool-38-thread-1] INFO  server.RaftServerConfigKeys (ConfUtils.java:logGet(43)) - raft.server.log.write.buffer.size = 33554432 (custom)
2019-09-12 10:09:05,005 [pool-38-thread-1] INFO  server.RaftServerConfigKeys (ConfUtils.java:logGet(43)) - raft.server.log.force.sync.num = 128 (default)
2019-09-12 10:09:05,005 [pool-38-thread-1] INFO  server.RaftServerConfigKeys (ConfUtils.java:logGet(43)) - raft.server.log.statemachine.data.sync = true (default)
2019-09-12 10:09:05,005 [pool-38-thread-1] INFO  server.RaftServerConfigKeys (ConfUtils.java:logGet(43)) - raft.server.log.statemachine.data.sync.timeout = 10s (default)
2019-09-12 10:09:05,006 [pool-38-thread-1] INFO  server.RaftServerConfigKeys (ConfUtils.java:logGet(43)) - raft.server.log.statemachine.data.sync.timeout.retry = -1 (default)
2019-09-12 10:09:05,006 [pool-38-thread-1] INFO  server.RaftServerConfigKeys (ConfUtils.java:logGet(43)) - raft.server.log.statemachine.data.caching.enabled = true (custom)
2019-09-12 10:09:05,007 [pool-38-thread-1] INFO  segmented.SegmentedRaftLogWorker (SegmentedRaftLogWorker.java:lambda$new$0(132)) - 2c56f4af-a416-42b4-89f1-011c972a54a7-SegmentedRaftLogWorker:Storage Directory /workdir/hadoop-ozone/integration-test/target/test-dir/MiniOzoneClusterImpl-189f34b7-43e6-4b7e-82b3-72fee299e6f1/datanode-1/data/ratis/b9106326-4d9e-47b3-bb6a-47b85998409e: flushIndex: setUnconditionally 0 -> -1
2019-09-12 10:09:05,007 [pool-38-thread-1] INFO  server.RaftServerConfigKeys (ConfUtils.java:logGet(43)) - raft.server.snapshot.auto.trigger.enabled = true (custom)
2019-09-12 10:09:05,007 [pool-38-thread-1] INFO  server.RaftServerConfigKeys (ConfUtils.java:logGet(43)) - raft.server.snapshot.auto.trigger.threshold = 10000 (custom)
2019-09-12 10:09:05,008 [pool-38-thread-1] INFO  server.RaftServerConfigKeys (ConfUtils.java:logGet(43)) - raft.server.retrycache.expirytime = 600000ms (custom)
2019-09-12 10:09:05,008 [pool-38-thread-1] INFO  impl.RaftServerImpl (RaftServerImpl.java:start(180)) - 2c56f4af-a416-42b4-89f1-011c972a54a7: start group-47B85998409E
2019-09-12 10:09:05,008 [pool-38-thread-1] INFO  impl.RaftServerImpl (RaftServerImpl.java:setRole(171)) - 2c56f4af-a416-42b4-89f1-011c972a54a7:group-47B85998409E changes role from null to FOLLOWER at term 0 for startAsFollower
2019-09-12 10:09:05,008 [pool-38-thread-1] INFO  impl.RoleInfo (RoleInfo.java:updateAndGet(143)) - 2c56f4af-a416-42b4-89f1-011c972a54a7: start FollowerState
2019-09-12 10:09:05,009 [pool-38-thread-1] INFO  util.JmxRegister (JmxRegister.java:tryRegister(44)) - Successfully registered JMX Bean with object name Ratis:service=RaftServer,group=group-47B85998409E,id=2c56f4af-a416-42b4-89f1-011c972a54a7
2019-09-12 10:09:05,019 [RatisPipelineUtilsThread] INFO  pipeline.PipelineStateManager (PipelineStateManager.java:addPipeline(56)) - Created pipeline Pipeline[ Id: b9106326-4d9e-47b3-bb6a-47b85998409e, Nodes: 2c56f4af-a416-42b4-89f1-011c972a54a7{ip: 192.168.36.114, host: pr-hdds-1569-58hkm-1881083799, networkLocation: /default-rack, certSerialId: null}, Type:RATIS, Factor:ONE, State:OPEN]
2019-09-12 10:09:05,020 [RatisPipelineUtilsThread] ERROR pipeline.PipelinePlacementPolicy (PipelinePlacementPolicy.java:meetCriteria(92)) - Pipeline Placement: Doesn't meet the criteria to be viable node. Heaviness: 6
2019-09-12 10:09:05,034 [grpc-default-executor-1] INFO  impl.RaftServerProxy (RaftServerProxy.java:addNew(89)) - 70434e9f-7dc5-4d90-a426-89ab03943309: addNew group-26F16CAAAEA4:[70434e9f-7dc5-4d90-a426-89ab03943309:192.168.36.114:42068] returns group-26F16CAAAEA4:java.util.concurrent.CompletableFuture@6aa537f7[Not completed]
2019-09-12 10:09:05,036 [pool-27-thread-1] INFO  impl.RaftServerImpl (RaftServerImpl.java:<init>(93)) - 70434e9f-7dc5-4d90-a426-89ab03943309: new RaftServerImpl for group-26F16CAAAEA4:[70434e9f-7dc5-4d90-a426-89ab03943309:192.168.36.114:42068] with ContainerStateMachine:uninitialized
2019-09-12 10:09:05,036 [pool-27-thread-1] INFO  server.RaftServerConfigKeys (ConfUtils.java:logGet(43)) - raft.server.rpc.timeout.min = 5s (custom)
2019-09-12 10:09:05,036 [pool-27-thread-1] INFO  server.RaftServerConfigKeys (ConfUtils.java:logGet(43)) - raft.server.rpc.timeout.max = 5200ms (custom)
2019-09-12 10:09:05,036 [pool-27-thread-1] INFO  server.RaftServerConfigKeys (ConfUtils.java:logGet(43)) - raft.server.rpcslowness.timeout = 120s (custom)
2019-09-12 10:09:05,036 [pool-27-thread-1] INFO  server.RaftServerConfigKeys (ConfUtils.java:logGet(43)) - raft.server.sleep.deviation.threshold = 300 (default)
2019-09-12 10:09:05,036 [pool-27-thread-1] INFO  server.RaftServerConfigKeys (ConfUtils.java:logGet(43)) - raft.server.log.appender.install.snapshot.enabled = false (custom)
2019-09-12 10:09:05,037 [pool-27-thread-1] INFO  impl.RaftServerImpl (ServerState.java:<init>(105)) - 70434e9f-7dc5-4d90-a426-89ab03943309:group-26F16CAAAEA4 ConfigurationManager, init=-1: [70434e9f-7dc5-4d90-a426-89ab03943309:192.168.36.114:42068], old=null, confs=<EMPTY_MAP>
2019-09-12 10:09:05,037 [pool-27-thread-1] INFO  server.RaftServerConfigKeys (ConfUtils.java:logGet(43)) - raft.server.storage.dir = [/workdir/hadoop-ozone/integration-test/target/test-dir/MiniOzoneClusterImpl-189f34b7-43e6-4b7e-82b3-72fee299e6f1/datanode-0/data/ratis] (custom)
2019-09-12 10:09:05,037 [pool-27-thread-1] INFO  storage.RaftStorageDirectory (RaftStorageDirectory.java:analyzeStorage(246)) - The storage directory /workdir/hadoop-ozone/integration-test/target/test-dir/MiniOzoneClusterImpl-189f34b7-43e6-4b7e-82b3-72fee299e6f1/datanode-0/data/ratis/c0285dc2-f863-4257-bf99-26f16caaaea4 does not exist. Creating ...
2019-09-12 10:09:05,051 [pool-27-thread-1] INFO  storage.RaftStorageDirectory (RaftStorageDirectory.java:tryLock(328)) - Lock on /workdir/hadoop-ozone/integration-test/target/test-dir/MiniOzoneClusterImpl-189f34b7-43e6-4b7e-82b3-72fee299e6f1/datanode-0/data/ratis/c0285dc2-f863-4257-bf99-26f16caaaea4/in_use.lock acquired by nodename 2537@pr-hdds-1569-58hkm-1881083799
2019-09-12 10:09:05,060 [pool-27-thread-1] INFO  storage.RaftStorage (RaftStorage.java:format(72)) - Storage directory /workdir/hadoop-ozone/integration-test/target/test-dir/MiniOzoneClusterImpl-189f34b7-43e6-4b7e-82b3-72fee299e6f1/datanode-0/data/ratis/c0285dc2-f863-4257-bf99-26f16caaaea4 has been successfully formatted.
2019-09-12 10:09:05,060 [pool-27-thread-1] INFO  ratis.ContainerStateMachine (ContainerStateMachine.java:loadSnapshot(226)) - group-26F16CAAAEA4: The snapshot info is null. Setting the last applied indexto:(t:0, i:~)
2019-09-12 10:09:05,060 [pool-27-thread-1] INFO  server.RaftServerConfigKeys (ConfUtils.java:logGet(43)) - raft.server.leader.election.timeout = 120s (custom)
2019-09-12 10:09:05,061 [pool-27-thread-1] INFO  server.RaftServerConfigKeys (ConfUtils.java:logGet(43)) - raft.server.log.use.memory = false (default)
2019-09-12 10:09:05,061 [pool-27-thread-1] INFO  server.RaftServerConfigKeys (ConfUtils.java:logGet(43)) - raft.server.log.purge.gap = 1000000 (custom)
2019-09-12 10:09:05,061 [pool-27-thread-1] INFO  server.RaftServerConfigKeys (ConfUtils.java:logGet(43)) - raft.server.log.appender.buffer.byte-limit = 33554432 (custom)
2019-09-12 10:09:05,061 [pool-27-thread-1] INFO  server.RaftServerConfigKeys (ConfUtils.java:logGet(43)) - raft.server.log.segment.size.max = 1048576 (custom)
2019-09-12 10:09:05,061 [pool-27-thread-1] INFO  server.RaftServerConfigKeys (ConfUtils.java:logGet(43)) - raft.server.log.segment.cache.num.max = 2 (custom)
2019-09-12 10:09:05,061 [pool-27-thread-1] INFO  segmented.SegmentedRaftLogWorker (SegmentedRaftLogWorker.java:<init>(172)) - new 70434e9f-7dc5-4d90-a426-89ab03943309-SegmentedRaftLogWorker:Storage Directory /workdir/hadoop-ozone/integration-test/target/test-dir/MiniOzoneClusterImpl-189f34b7-43e6-4b7e-82b3-72fee299e6f1/datanode-0/data/ratis/c0285dc2-f863-4257-bf99-26f16caaaea4 for RaftStorage:Storage Directory /workdir/hadoop-ozone/integration-test/target/test-dir/MiniOzoneClusterImpl-189f34b7-43e6-4b7e-82b3-72fee299e6f1/datanode-0/data/ratis/c0285dc2-f863-4257-bf99-26f16caaaea4
2019-09-12 10:09:05,061 [pool-27-thread-1] INFO  server.RaftServerConfigKeys (ConfUtils.java:logGet(43)) - raft.server.log.queue.byte-limit = 2147483647 (custom)
2019-09-12 10:09:05,062 [pool-27-thread-1] INFO  server.RaftServerConfigKeys (ConfUtils.java:logGet(43)) - raft.server.log.queue.element-limit = 1024 (custom)
2019-09-12 10:09:05,062 [pool-27-thread-1] INFO  server.RaftServerConfigKeys (ConfUtils.java:logGet(43)) - raft.server.log.segment.size.max = 1048576 (custom)
2019-09-12 10:09:05,062 [pool-27-thread-1] INFO  server.RaftServerConfigKeys (ConfUtils.java:logGet(43)) - raft.server.log.preallocated.size = 16384 (custom)
2019-09-12 10:09:05,062 [pool-27-thread-1] INFO  server.RaftServerConfigKeys (ConfUtils.java:logGet(43)) - raft.server.log.write.buffer.size = 33554432 (custom)
2019-09-12 10:09:05,062 [pool-27-thread-1] INFO  server.RaftServerConfigKeys (ConfUtils.java:logGet(43)) - raft.server.log.force.sync.num = 128 (default)
2019-09-12 10:09:05,062 [pool-27-thread-1] INFO  server.RaftServerConfigKeys (ConfUtils.java:logGet(43)) - raft.server.log.statemachine.data.sync = true (default)
2019-09-12 10:09:05,062 [pool-27-thread-1] INFO  server.RaftServerConfigKeys (ConfUtils.java:logGet(43)) - raft.server.log.statemachine.data.sync.timeout = 10s (default)
2019-09-12 10:09:05,063 [pool-27-thread-1] INFO  server.RaftServerConfigKeys (ConfUtils.java:logGet(43)) - raft.server.log.statemachine.data.sync.timeout.retry = -1 (default)
2019-09-12 10:09:05,063 [pool-27-thread-1] INFO  server.RaftServerConfigKeys (ConfUtils.java:logGet(43)) - raft.server.log.statemachine.data.caching.enabled = true (custom)
2019-09-12 10:09:05,063 [pool-27-thread-1] INFO  segmented.SegmentedRaftLogWorker (SegmentedRaftLogWorker.java:lambda$new$0(132)) - 70434e9f-7dc5-4d90-a426-89ab03943309-SegmentedRaftLogWorker:Storage Directory /workdir/hadoop-ozone/integration-test/target/test-dir/MiniOzoneClusterImpl-189f34b7-43e6-4b7e-82b3-72fee299e6f1/datanode-0/data/ratis/c0285dc2-f863-4257-bf99-26f16caaaea4: flushIndex: setUnconditionally 0 -> -1
2019-09-12 10:09:05,064 [pool-27-thread-1] INFO  server.RaftServerConfigKeys (ConfUtils.java:logGet(43)) - raft.server.snapshot.auto.trigger.enabled = true (custom)
2019-09-12 10:09:05,064 [pool-27-thread-1] INFO  server.RaftServerConfigKeys (ConfUtils.java:logGet(43)) - raft.server.snapshot.auto.trigger.threshold = 10000 (custom)
2019-09-12 10:09:05,064 [pool-27-thread-1] INFO  server.RaftServerConfigKeys (ConfUtils.java:logGet(43)) - raft.server.retrycache.expirytime = 600000ms (custom)
2019-09-12 10:09:05,064 [pool-27-thread-1] INFO  impl.RaftServerImpl (RaftServerImpl.java:start(180)) - 70434e9f-7dc5-4d90-a426-89ab03943309: start group-26F16CAAAEA4
2019-09-12 10:09:05,064 [pool-27-thread-1] INFO  impl.RaftServerImpl (RaftServerImpl.java:setRole(171)) - 70434e9f-7dc5-4d90-a426-89ab03943309:group-26F16CAAAEA4 changes role from null to FOLLOWER at term 0 for startAsFollower
2019-09-12 10:09:05,064 [pool-27-thread-1] INFO  impl.RoleInfo (RoleInfo.java:updateAndGet(143)) - 70434e9f-7dc5-4d90-a426-89ab03943309: start FollowerState
2019-09-12 10:09:05,065 [pool-27-thread-1] INFO  util.JmxRegister (JmxRegister.java:tryRegister(44)) - Successfully registered JMX Bean with object name Ratis:service=RaftServer,group=group-26F16CAAAEA4,id=70434e9f-7dc5-4d90-a426-89ab03943309
2019-09-12 10:09:05,074 [RatisPipelineUtilsThread] INFO  pipeline.PipelineStateManager (PipelineStateManager.java:addPipeline(56)) - Created pipeline Pipeline[ Id: c0285dc2-f863-4257-bf99-26f16caaaea4, Nodes: 70434e9f-7dc5-4d90-a426-89ab03943309{ip: 192.168.36.114, host: pr-hdds-1569-58hkm-1881083799, networkLocation: /default-rack, certSerialId: null}, Type:RATIS, Factor:ONE, State:OPEN]
2019-09-12 10:09:05,075 [RatisPipelineUtilsThread] ERROR pipeline.PipelinePlacementPolicy (PipelinePlacementPolicy.java:meetCriteria(92)) - Pipeline Placement: Doesn't meet the criteria to be viable node. Heaviness: 6
2019-09-12 10:09:05,075 [RatisPipelineUtilsThread] ERROR pipeline.PipelinePlacementPolicy (PipelinePlacementPolicy.java:meetCriteria(92)) - Pipeline Placement: Doesn't meet the criteria to be viable node. Heaviness: 6
2019-09-12 10:09:05,077 | INFO  | SCMAudit | user=jenkins1000 | ip=192.168.36.114 | op=SEND_HEARTBEAT {datanodeUUID=70434e9f-7dc5-4d90-a426-89ab03943309, command=[]} | ret=SUCCESS |  
2019-09-12 10:09:05,087 [grpc-default-executor-1] INFO  impl.RaftServerProxy (RaftServerProxy.java:addNew(89)) - 2c56f4af-a416-42b4-89f1-011c972a54a7: addNew group-AD90C0E42E4A:[2c56f4af-a416-42b4-89f1-011c972a54a7:192.168.36.114:41187] returns group-AD90C0E42E4A:java.util.concurrent.CompletableFuture@326a1051[Not completed]
2019-09-12 10:09:05,089 [pool-38-thread-1] INFO  impl.RaftServerImpl (RaftServerImpl.java:<init>(93)) - 2c56f4af-a416-42b4-89f1-011c972a54a7: new RaftServerImpl for group-AD90C0E42E4A:[2c56f4af-a416-42b4-89f1-011c972a54a7:192.168.36.114:41187] with ContainerStateMachine:uninitialized
2019-09-12 10:09:05,089 [pool-38-thread-1] INFO  server.RaftServerConfigKeys (ConfUtils.java:logGet(43)) - raft.server.rpc.timeout.min = 5s (custom)
2019-09-12 10:09:05,089 [pool-38-thread-1] INFO  server.RaftServerConfigKeys (ConfUtils.java:logGet(43)) - raft.server.rpc.timeout.max = 5200ms (custom)
2019-09-12 10:09:05,090 [pool-38-thread-1] INFO  server.RaftServerConfigKeys (ConfUtils.java:logGet(43)) - raft.server.rpcslowness.timeout = 120s (custom)
2019-09-12 10:09:05,090 [pool-38-thread-1] INFO  server.RaftServerConfigKeys (ConfUtils.java:logGet(43)) - raft.server.sleep.deviation.threshold = 300 (default)
2019-09-12 10:09:05,090 [pool-38-thread-1] INFO  server.RaftServerConfigKeys (ConfUtils.java:logGet(43)) - raft.server.log.appender.install.snapshot.enabled = false (custom)
2019-09-12 10:09:05,090 [pool-38-thread-1] INFO  impl.RaftServerImpl (ServerState.java:<init>(105)) - 2c56f4af-a416-42b4-89f1-011c972a54a7:group-AD90C0E42E4A ConfigurationManager, init=-1: [2c56f4af-a416-42b4-89f1-011c972a54a7:192.168.36.114:41187], old=null, confs=<EMPTY_MAP>
2019-09-12 10:09:05,090 [pool-38-thread-1] INFO  server.RaftServerConfigKeys (ConfUtils.java:logGet(43)) - raft.server.storage.dir = [/workdir/hadoop-ozone/integration-test/target/test-dir/MiniOzoneClusterImpl-189f34b7-43e6-4b7e-82b3-72fee299e6f1/datanode-1/data/ratis] (custom)
2019-09-12 10:09:05,091 [pool-38-thread-1] INFO  storage.RaftStorageDirectory (RaftStorageDirectory.java:analyzeStorage(246)) - The storage directory /workdir/hadoop-ozone/integration-test/target/test-dir/MiniOzoneClusterImpl-189f34b7-43e6-4b7e-82b3-72fee299e6f1/datanode-1/data/ratis/279ada7e-a2b1-457f-b759-ad90c0e42e4a does not exist. Creating ...
2019-09-12 10:09:05,147 [pool-38-thread-1] INFO  storage.RaftStorageDirectory (RaftStorageDirectory.java:tryLock(328)) - Lock on /workdir/hadoop-ozone/integration-test/target/test-dir/MiniOzoneClusterImpl-189f34b7-43e6-4b7e-82b3-72fee299e6f1/datanode-1/data/ratis/279ada7e-a2b1-457f-b759-ad90c0e42e4a/in_use.lock acquired by nodename 2537@pr-hdds-1569-58hkm-1881083799
2019-09-12 10:09:05,167 [pool-38-thread-1] INFO  storage.RaftStorage (RaftStorage.java:format(72)) - Storage directory /workdir/hadoop-ozone/integration-test/target/test-dir/MiniOzoneClusterImpl-189f34b7-43e6-4b7e-82b3-72fee299e6f1/datanode-1/data/ratis/279ada7e-a2b1-457f-b759-ad90c0e42e4a has been successfully formatted.
2019-09-12 10:09:05,168 [pool-38-thread-1] INFO  ratis.ContainerStateMachine (ContainerStateMachine.java:loadSnapshot(226)) - group-AD90C0E42E4A: The snapshot info is null. Setting the last applied indexto:(t:0, i:~)
2019-09-12 10:09:05,168 [pool-38-thread-1] INFO  server.RaftServerConfigKeys (ConfUtils.java:logGet(43)) - raft.server.leader.election.timeout = 120s (custom)
2019-09-12 10:09:05,168 [pool-38-thread-1] INFO  server.RaftServerConfigKeys (ConfUtils.java:logGet(43)) - raft.server.log.use.memory = false (default)
2019-09-12 10:09:05,168 [pool-38-thread-1] INFO  server.RaftServerConfigKeys (ConfUtils.java:logGet(43)) - raft.server.log.purge.gap = 1000000 (custom)
2019-09-12 10:09:05,168 [pool-38-thread-1] INFO  server.RaftServerConfigKeys (ConfUtils.java:logGet(43)) - raft.server.log.appender.buffer.byte-limit = 33554432 (custom)
2019-09-12 10:09:05,168 [pool-38-thread-1] INFO  server.RaftServerConfigKeys (ConfUtils.java:logGet(43)) - raft.server.log.segment.size.max = 1048576 (custom)
2019-09-12 10:09:05,169 [pool-38-thread-1] INFO  server.RaftServerConfigKeys (ConfUtils.java:logGet(43)) - raft.server.log.segment.cache.num.max = 2 (custom)
2019-09-12 10:09:05,169 [pool-38-thread-1] INFO  segmented.SegmentedRaftLogWorker (SegmentedRaftLogWorker.java:<init>(172)) - new 2c56f4af-a416-42b4-89f1-011c972a54a7-SegmentedRaftLogWorker:Storage Directory /workdir/hadoop-ozone/integration-test/target/test-dir/MiniOzoneClusterImpl-189f34b7-43e6-4b7e-82b3-72fee299e6f1/datanode-1/data/ratis/279ada7e-a2b1-457f-b759-ad90c0e42e4a for RaftStorage:Storage Directory /workdir/hadoop-ozone/integration-test/target/test-dir/MiniOzoneClusterImpl-189f34b7-43e6-4b7e-82b3-72fee299e6f1/datanode-1/data/ratis/279ada7e-a2b1-457f-b759-ad90c0e42e4a
2019-09-12 10:09:05,169 [pool-38-thread-1] INFO  server.RaftServerConfigKeys (ConfUtils.java:logGet(43)) - raft.server.log.queue.byte-limit = 2147483647 (custom)
2019-09-12 10:09:05,169 [pool-38-thread-1] INFO  server.RaftServerConfigKeys (ConfUtils.java:logGet(43)) - raft.server.log.queue.element-limit = 1024 (custom)
2019-09-12 10:09:05,169 [pool-38-thread-1] INFO  server.RaftServerConfigKeys (ConfUtils.java:logGet(43)) - raft.server.log.segment.size.max = 1048576 (custom)
2019-09-12 10:09:05,169 [pool-38-thread-1] INFO  server.RaftServerConfigKeys (ConfUtils.java:logGet(43)) - raft.server.log.preallocated.size = 16384 (custom)
2019-09-12 10:09:05,169 [pool-38-thread-1] INFO  server.RaftServerConfigKeys (ConfUtils.java:logGet(43)) - raft.server.log.write.buffer.size = 33554432 (custom)
2019-09-12 10:09:05,170 [pool-38-thread-1] INFO  server.RaftServerConfigKeys (ConfUtils.java:logGet(43)) - raft.server.log.force.sync.num = 128 (default)
2019-09-12 10:09:05,170 [pool-38-thread-1] INFO  server.RaftServerConfigKeys (ConfUtils.java:logGet(43)) - raft.server.log.statemachine.data.sync = true (default)
2019-09-12 10:09:05,170 [pool-38-thread-1] INFO  server.RaftServerConfigKeys (ConfUtils.java:logGet(43)) - raft.server.log.statemachine.data.sync.timeout = 10s (default)
2019-09-12 10:09:05,170 [pool-38-thread-1] INFO  server.RaftServerConfigKeys (ConfUtils.java:logGet(43)) - raft.server.log.statemachine.data.sync.timeout.retry = -1 (default)
2019-09-12 10:09:05,170 [pool-38-thread-1] INFO  server.RaftServerConfigKeys (ConfUtils.java:logGet(43)) - raft.server.log.statemachine.data.caching.enabled = true (custom)
2019-09-12 10:09:05,171 [pool-38-thread-1] INFO  segmented.SegmentedRaftLogWorker (SegmentedRaftLogWorker.java:lambda$new$0(132)) - 2c56f4af-a416-42b4-89f1-011c972a54a7-SegmentedRaftLogWorker:Storage Directory /workdir/hadoop-ozone/integration-test/target/test-dir/MiniOzoneClusterImpl-189f34b7-43e6-4b7e-82b3-72fee299e6f1/datanode-1/data/ratis/279ada7e-a2b1-457f-b759-ad90c0e42e4a: flushIndex: setUnconditionally 0 -> -1
2019-09-12 10:09:05,171 [pool-38-thread-1] INFO  server.RaftServerConfigKeys (ConfUtils.java:logGet(43)) - raft.server.snapshot.auto.trigger.enabled = true (custom)
2019-09-12 10:09:05,171 [pool-38-thread-1] INFO  server.RaftServerConfigKeys (ConfUtils.java:logGet(43)) - raft.server.snapshot.auto.trigger.threshold = 10000 (custom)
2019-09-12 10:09:05,171 [pool-38-thread-1] INFO  server.RaftServerConfigKeys (ConfUtils.java:logGet(43)) - raft.server.retrycache.expirytime = 600000ms (custom)
2019-09-12 10:09:05,171 [pool-38-thread-1] INFO  impl.RaftServerImpl (RaftServerImpl.java:start(180)) - 2c56f4af-a416-42b4-89f1-011c972a54a7: start group-AD90C0E42E4A
2019-09-12 10:09:05,172 [pool-38-thread-1] INFO  impl.RaftServerImpl (RaftServerImpl.java:setRole(171)) - 2c56f4af-a416-42b4-89f1-011c972a54a7:group-AD90C0E42E4A changes role from null to FOLLOWER at term 0 for startAsFollower
2019-09-12 10:09:05,172 [pool-38-thread-1] INFO  impl.RoleInfo (RoleInfo.java:updateAndGet(143)) - 2c56f4af-a416-42b4-89f1-011c972a54a7: start FollowerState
2019-09-12 10:09:05,172 [pool-38-thread-1] INFO  util.JmxRegister (JmxRegister.java:tryRegister(44)) - Successfully registered JMX Bean with object name Ratis:service=RaftServer,group=group-AD90C0E42E4A,id=2c56f4af-a416-42b4-89f1-011c972a54a7
2019-09-12 10:09:05,186 [RatisPipelineUtilsThread] INFO  pipeline.PipelineStateManager (PipelineStateManager.java:addPipeline(56)) - Created pipeline Pipeline[ Id: 279ada7e-a2b1-457f-b759-ad90c0e42e4a, Nodes: 2c56f4af-a416-42b4-89f1-011c972a54a7{ip: 192.168.36.114, host: pr-hdds-1569-58hkm-1881083799, networkLocation: /default-rack, certSerialId: null}, Type:RATIS, Factor:ONE, State:OPEN]
2019-09-12 10:09:05,188 [RatisPipelineUtilsThread] ERROR pipeline.PipelinePlacementPolicy (PipelinePlacementPolicy.java:meetCriteria(92)) - Pipeline Placement: Doesn't meet the criteria to be viable node. Heaviness: 6
2019-09-12 10:09:05,188 [RatisPipelineUtilsThread] ERROR pipeline.PipelinePlacementPolicy (PipelinePlacementPolicy.java:meetCriteria(92)) - Pipeline Placement: Doesn't meet the criteria to be viable node. Heaviness: 6
2019-09-12 10:09:05,203 [grpc-default-executor-1] INFO  impl.RaftServerProxy (RaftServerProxy.java:addNew(89)) - 2c56f4af-a416-42b4-89f1-011c972a54a7: addNew group-7E8937BD3E3A:[2c56f4af-a416-42b4-89f1-011c972a54a7:192.168.36.114:41187] returns group-7E8937BD3E3A:java.util.concurrent.CompletableFuture@155bb88f[Not completed]
2019-09-12 10:09:05,205 [pool-38-thread-1] INFO  impl.RaftServerImpl (RaftServerImpl.java:<init>(93)) - 2c56f4af-a416-42b4-89f1-011c972a54a7: new RaftServerImpl for group-7E8937BD3E3A:[2c56f4af-a416-42b4-89f1-011c972a54a7:192.168.36.114:41187] with ContainerStateMachine:uninitialized
2019-09-12 10:09:05,206 [pool-38-thread-1] INFO  server.RaftServerConfigKeys (ConfUtils.java:logGet(43)) - raft.server.rpc.timeout.min = 5s (custom)
2019-09-12 10:09:05,206 [pool-38-thread-1] INFO  server.RaftServerConfigKeys (ConfUtils.java:logGet(43)) - raft.server.rpc.timeout.max = 5200ms (custom)
2019-09-12 10:09:05,206 [pool-38-thread-1] INFO  server.RaftServerConfigKeys (ConfUtils.java:logGet(43)) - raft.server.rpcslowness.timeout = 120s (custom)
2019-09-12 10:09:05,206 [pool-38-thread-1] INFO  server.RaftServerConfigKeys (ConfUtils.java:logGet(43)) - raft.server.sleep.deviation.threshold = 300 (default)
2019-09-12 10:09:05,206 [pool-38-thread-1] INFO  server.RaftServerConfigKeys (ConfUtils.java:logGet(43)) - raft.server.log.appender.install.snapshot.enabled = false (custom)
2019-09-12 10:09:05,206 [pool-38-thread-1] INFO  impl.RaftServerImpl (ServerState.java:<init>(105)) - 2c56f4af-a416-42b4-89f1-011c972a54a7:group-7E8937BD3E3A ConfigurationManager, init=-1: [2c56f4af-a416-42b4-89f1-011c972a54a7:192.168.36.114:41187], old=null, confs=<EMPTY_MAP>
2019-09-12 10:09:05,207 [pool-38-thread-1] INFO  server.RaftServerConfigKeys (ConfUtils.java:logGet(43)) - raft.server.storage.dir = [/workdir/hadoop-ozone/integration-test/target/test-dir/MiniOzoneClusterImpl-189f34b7-43e6-4b7e-82b3-72fee299e6f1/datanode-1/data/ratis] (custom)
2019-09-12 10:09:05,207 [pool-38-thread-1] INFO  storage.RaftStorageDirectory (RaftStorageDirectory.java:analyzeStorage(246)) - The storage directory /workdir/hadoop-ozone/integration-test/target/test-dir/MiniOzoneClusterImpl-189f34b7-43e6-4b7e-82b3-72fee299e6f1/datanode-1/data/ratis/196e5130-02d5-4b58-920e-7e8937bd3e3a does not exist. Creating ...
2019-09-12 10:09:05,220 [pool-38-thread-1] INFO  storage.RaftStorageDirectory (RaftStorageDirectory.java:tryLock(328)) - Lock on /workdir/hadoop-ozone/integration-test/target/test-dir/MiniOzoneClusterImpl-189f34b7-43e6-4b7e-82b3-72fee299e6f1/datanode-1/data/ratis/196e5130-02d5-4b58-920e-7e8937bd3e3a/in_use.lock acquired by nodename 2537@pr-hdds-1569-58hkm-1881083799
2019-09-12 10:09:05,233 [pool-38-thread-1] INFO  storage.RaftStorage (RaftStorage.java:format(72)) - Storage directory /workdir/hadoop-ozone/integration-test/target/test-dir/MiniOzoneClusterImpl-189f34b7-43e6-4b7e-82b3-72fee299e6f1/datanode-1/data/ratis/196e5130-02d5-4b58-920e-7e8937bd3e3a has been successfully formatted.
2019-09-12 10:09:05,233 [pool-38-thread-1] INFO  ratis.ContainerStateMachine (ContainerStateMachine.java:loadSnapshot(226)) - group-7E8937BD3E3A: The snapshot info is null. Setting the last applied indexto:(t:0, i:~)
2019-09-12 10:09:05,234 [pool-38-thread-1] INFO  server.RaftServerConfigKeys (ConfUtils.java:logGet(43)) - raft.server.leader.election.timeout = 120s (custom)
2019-09-12 10:09:05,234 [pool-38-thread-1] INFO  server.RaftServerConfigKeys (ConfUtils.java:logGet(43)) - raft.server.log.use.memory = false (default)
2019-09-12 10:09:05,234 [pool-38-thread-1] INFO  server.RaftServerConfigKeys (ConfUtils.java:logGet(43)) - raft.server.log.purge.gap = 1000000 (custom)
2019-09-12 10:09:05,234 [pool-38-thread-1] INFO  server.RaftServerConfigKeys (ConfUtils.java:logGet(43)) - raft.server.log.appender.buffer.byte-limit = 33554432 (custom)
2019-09-12 10:09:05,234 [pool-38-thread-1] INFO  server.RaftServerConfigKeys (ConfUtils.java:logGet(43)) - raft.server.log.segment.size.max = 1048576 (custom)
2019-09-12 10:09:05,234 [pool-38-thread-1] INFO  server.RaftServerConfigKeys (ConfUtils.java:logGet(43)) - raft.server.log.segment.cache.num.max = 2 (custom)
2019-09-12 10:09:05,235 [pool-38-thread-1] INFO  segmented.SegmentedRaftLogWorker (SegmentedRaftLogWorker.java:<init>(172)) - new 2c56f4af-a416-42b4-89f1-011c972a54a7-SegmentedRaftLogWorker:Storage Directory /workdir/hadoop-ozone/integration-test/target/test-dir/MiniOzoneClusterImpl-189f34b7-43e6-4b7e-82b3-72fee299e6f1/datanode-1/data/ratis/196e5130-02d5-4b58-920e-7e8937bd3e3a for RaftStorage:Storage Directory /workdir/hadoop-ozone/integration-test/target/test-dir/MiniOzoneClusterImpl-189f34b7-43e6-4b7e-82b3-72fee299e6f1/datanode-1/data/ratis/196e5130-02d5-4b58-920e-7e8937bd3e3a
2019-09-12 10:09:05,235 [pool-38-thread-1] INFO  server.RaftServerConfigKeys (ConfUtils.java:logGet(43)) - raft.server.log.queue.byte-limit = 2147483647 (custom)
2019-09-12 10:09:05,235 [pool-38-thread-1] INFO  server.RaftServerConfigKeys (ConfUtils.java:logGet(43)) - raft.server.log.queue.element-limit = 1024 (custom)
2019-09-12 10:09:05,235 [pool-38-thread-1] INFO  server.RaftServerConfigKeys (ConfUtils.java:logGet(43)) - raft.server.log.segment.size.max = 1048576 (custom)
2019-09-12 10:09:05,235 [pool-38-thread-1] INFO  server.RaftServerConfigKeys (ConfUtils.java:logGet(43)) - raft.server.log.preallocated.size = 16384 (custom)
2019-09-12 10:09:05,235 [pool-38-thread-1] INFO  server.RaftServerConfigKeys (ConfUtils.java:logGet(43)) - raft.server.log.write.buffer.size = 33554432 (custom)
2019-09-12 10:09:05,235 [pool-38-thread-1] INFO  server.RaftServerConfigKeys (ConfUtils.java:logGet(43)) - raft.server.log.force.sync.num = 128 (default)
2019-09-12 10:09:05,236 [pool-38-thread-1] INFO  server.RaftServerConfigKeys (ConfUtils.java:logGet(43)) - raft.server.log.statemachine.data.sync = true (default)
2019-09-12 10:09:05,236 [pool-38-thread-1] INFO  server.RaftServerConfigKeys (ConfUtils.java:logGet(43)) - raft.server.log.statemachine.data.sync.timeout = 10s (default)
2019-09-12 10:09:05,236 [pool-38-thread-1] INFO  server.RaftServerConfigKeys (ConfUtils.java:logGet(43)) - raft.server.log.statemachine.data.sync.timeout.retry = -1 (default)
2019-09-12 10:09:05,236 [pool-38-thread-1] INFO  server.RaftServerConfigKeys (ConfUtils.java:logGet(43)) - raft.server.log.statemachine.data.caching.enabled = true (custom)
2019-09-12 10:09:05,236 [pool-38-thread-1] INFO  segmented.SegmentedRaftLogWorker (SegmentedRaftLogWorker.java:lambda$new$0(132)) - 2c56f4af-a416-42b4-89f1-011c972a54a7-SegmentedRaftLogWorker:Storage Directory /workdir/hadoop-ozone/integration-test/target/test-dir/MiniOzoneClusterImpl-189f34b7-43e6-4b7e-82b3-72fee299e6f1/datanode-1/data/ratis/196e5130-02d5-4b58-920e-7e8937bd3e3a: flushIndex: setUnconditionally 0 -> -1
2019-09-12 10:09:05,237 [pool-38-thread-1] INFO  server.RaftServerConfigKeys (ConfUtils.java:logGet(43)) - raft.server.snapshot.auto.trigger.enabled = true (custom)
2019-09-12 10:09:05,237 [pool-38-thread-1] INFO  server.RaftServerConfigKeys (ConfUtils.java:logGet(43)) - raft.server.snapshot.auto.trigger.threshold = 10000 (custom)
2019-09-12 10:09:05,237 [pool-38-thread-1] INFO  server.RaftServerConfigKeys (ConfUtils.java:logGet(43)) - raft.server.retrycache.expirytime = 600000ms (custom)
2019-09-12 10:09:05,237 [pool-38-thread-1] INFO  impl.RaftServerImpl (RaftServerImpl.java:start(180)) - 2c56f4af-a416-42b4-89f1-011c972a54a7: start group-7E8937BD3E3A
2019-09-12 10:09:05,237 [pool-38-thread-1] INFO  impl.RaftServerImpl (RaftServerImpl.java:setRole(171)) - 2c56f4af-a416-42b4-89f1-011c972a54a7:group-7E8937BD3E3A changes role from null to FOLLOWER at term 0 for startAsFollower
2019-09-12 10:09:05,238 [pool-38-thread-1] INFO  impl.RoleInfo (RoleInfo.java:updateAndGet(143)) - 2c56f4af-a416-42b4-89f1-011c972a54a7: start FollowerState
2019-09-12 10:09:05,238 [pool-38-thread-1] INFO  util.JmxRegister (JmxRegister.java:tryRegister(44)) - Successfully registered JMX Bean with object name Ratis:service=RaftServer,group=group-7E8937BD3E3A,id=2c56f4af-a416-42b4-89f1-011c972a54a7
2019-09-12 10:09:05,243 [RatisPipelineUtilsThread] INFO  pipeline.PipelineStateManager (PipelineStateManager.java:addPipeline(56)) - Created pipeline Pipeline[ Id: 196e5130-02d5-4b58-920e-7e8937bd3e3a, Nodes: 2c56f4af-a416-42b4-89f1-011c972a54a7{ip: 192.168.36.114, host: pr-hdds-1569-58hkm-1881083799, networkLocation: /default-rack, certSerialId: null}, Type:RATIS, Factor:ONE, State:OPEN]
2019-09-12 10:09:05,244 [RatisPipelineUtilsThread] ERROR pipeline.PipelinePlacementPolicy (PipelinePlacementPolicy.java:meetCriteria(92)) - Pipeline Placement: Doesn't meet the criteria to be viable node. Heaviness: 6
2019-09-12 10:09:05,245 [RatisPipelineUtilsThread] ERROR pipeline.PipelinePlacementPolicy (PipelinePlacementPolicy.java:meetCriteria(92)) - Pipeline Placement: Doesn't meet the criteria to be viable node. Heaviness: 6
2019-09-12 10:09:05,257 [grpc-default-executor-1] INFO  impl.RaftServerProxy (RaftServerProxy.java:addNew(89)) - 2c56f4af-a416-42b4-89f1-011c972a54a7: addNew group-7702583B2663:[2c56f4af-a416-42b4-89f1-011c972a54a7:192.168.36.114:41187] returns group-7702583B2663:java.util.concurrent.CompletableFuture@66b0ed27[Not completed]
2019-09-12 10:09:05,260 [pool-38-thread-1] INFO  impl.RaftServerImpl (RaftServerImpl.java:<init>(93)) - 2c56f4af-a416-42b4-89f1-011c972a54a7: new RaftServerImpl for group-7702583B2663:[2c56f4af-a416-42b4-89f1-011c972a54a7:192.168.36.114:41187] with ContainerStateMachine:uninitialized
2019-09-12 10:09:05,260 [pool-38-thread-1] INFO  server.RaftServerConfigKeys (ConfUtils.java:logGet(43)) - raft.server.rpc.timeout.min = 5s (custom)
2019-09-12 10:09:05,260 [pool-38-thread-1] INFO  server.RaftServerConfigKeys (ConfUtils.java:logGet(43)) - raft.server.rpc.timeout.max = 5200ms (custom)
2019-09-12 10:09:05,260 [pool-38-thread-1] INFO  server.RaftServerConfigKeys (ConfUtils.java:logGet(43)) - raft.server.rpcslowness.timeout = 120s (custom)
2019-09-12 10:09:05,260 [pool-38-thread-1] INFO  server.RaftServerConfigKeys (ConfUtils.java:logGet(43)) - raft.server.sleep.deviation.threshold = 300 (default)
2019-09-12 10:09:05,261 [pool-38-thread-1] INFO  server.RaftServerConfigKeys (ConfUtils.java:logGet(43)) - raft.server.log.appender.install.snapshot.enabled = false (custom)
2019-09-12 10:09:05,261 [pool-38-thread-1] INFO  impl.RaftServerImpl (ServerState.java:<init>(105)) - 2c56f4af-a416-42b4-89f1-011c972a54a7:group-7702583B2663 ConfigurationManager, init=-1: [2c56f4af-a416-42b4-89f1-011c972a54a7:192.168.36.114:41187], old=null, confs=<EMPTY_MAP>
2019-09-12 10:09:05,261 [pool-38-thread-1] INFO  server.RaftServerConfigKeys (ConfUtils.java:logGet(43)) - raft.server.storage.dir = [/workdir/hadoop-ozone/integration-test/target/test-dir/MiniOzoneClusterImpl-189f34b7-43e6-4b7e-82b3-72fee299e6f1/datanode-1/data/ratis] (custom)
2019-09-12 10:09:05,261 [pool-38-thread-1] INFO  storage.RaftStorageDirectory (RaftStorageDirectory.java:analyzeStorage(246)) - The storage directory /workdir/hadoop-ozone/integration-test/target/test-dir/MiniOzoneClusterImpl-189f34b7-43e6-4b7e-82b3-72fee299e6f1/datanode-1/data/ratis/a55d89b1-7d04-4ca2-8f82-7702583b2663 does not exist. Creating ...
2019-09-12 10:09:05,305 | INFO  | SCMAudit | user=jenkins1000 | ip=192.168.36.114 | op=SEND_HEARTBEAT {datanodeUUID=2c56f4af-a416-42b4-89f1-011c972a54a7, command=[]} | ret=SUCCESS |  
2019-09-12 10:09:05,328 [pool-38-thread-1] INFO  storage.RaftStorageDirectory (RaftStorageDirectory.java:tryLock(328)) - Lock on /workdir/hadoop-ozone/integration-test/target/test-dir/MiniOzoneClusterImpl-189f34b7-43e6-4b7e-82b3-72fee299e6f1/datanode-1/data/ratis/a55d89b1-7d04-4ca2-8f82-7702583b2663/in_use.lock acquired by nodename 2537@pr-hdds-1569-58hkm-1881083799
2019-09-12 10:09:05,348 [pool-38-thread-1] INFO  storage.RaftStorage (RaftStorage.java:format(72)) - Storage directory /workdir/hadoop-ozone/integration-test/target/test-dir/MiniOzoneClusterImpl-189f34b7-43e6-4b7e-82b3-72fee299e6f1/datanode-1/data/ratis/a55d89b1-7d04-4ca2-8f82-7702583b2663 has been successfully formatted.
2019-09-12 10:09:05,349 [pool-38-thread-1] INFO  ratis.ContainerStateMachine (ContainerStateMachine.java:loadSnapshot(226)) - group-7702583B2663: The snapshot info is null. Setting the last applied indexto:(t:0, i:~)
2019-09-12 10:09:05,349 [pool-38-thread-1] INFO  server.RaftServerConfigKeys (ConfUtils.java:logGet(43)) - raft.server.leader.election.timeout = 120s (custom)
2019-09-12 10:09:05,349 [pool-38-thread-1] INFO  server.RaftServerConfigKeys (ConfUtils.java:logGet(43)) - raft.server.log.use.memory = false (default)
2019-09-12 10:09:05,349 [pool-38-thread-1] INFO  server.RaftServerConfigKeys (ConfUtils.java:logGet(43)) - raft.server.log.purge.gap = 1000000 (custom)
2019-09-12 10:09:05,350 [pool-38-thread-1] INFO  server.RaftServerConfigKeys (ConfUtils.java:logGet(43)) - raft.server.log.appender.buffer.byte-limit = 33554432 (custom)
2019-09-12 10:09:05,350 [pool-38-thread-1] INFO  server.RaftServerConfigKeys (ConfUtils.java:logGet(43)) - raft.server.log.segment.size.max = 1048576 (custom)
2019-09-12 10:09:05,350 [pool-38-thread-1] INFO  server.RaftServerConfigKeys (ConfUtils.java:logGet(43)) - raft.server.log.segment.cache.num.max = 2 (custom)
2019-09-12 10:09:05,350 [pool-38-thread-1] INFO  segmented.SegmentedRaftLogWorker (SegmentedRaftLogWorker.java:<init>(172)) - new 2c56f4af-a416-42b4-89f1-011c972a54a7-SegmentedRaftLogWorker:Storage Directory /workdir/hadoop-ozone/integration-test/target/test-dir/MiniOzoneClusterImpl-189f34b7-43e6-4b7e-82b3-72fee299e6f1/datanode-1/data/ratis/a55d89b1-7d04-4ca2-8f82-7702583b2663 for RaftStorage:Storage Directory /workdir/hadoop-ozone/integration-test/target/test-dir/MiniOzoneClusterImpl-189f34b7-43e6-4b7e-82b3-72fee299e6f1/datanode-1/data/ratis/a55d89b1-7d04-4ca2-8f82-7702583b2663
2019-09-12 10:09:05,351 [pool-38-thread-1] INFO  server.RaftServerConfigKeys (ConfUtils.java:logGet(43)) - raft.server.log.queue.byte-limit = 2147483647 (custom)
2019-09-12 10:09:05,351 [pool-38-thread-1] INFO  server.RaftServerConfigKeys (ConfUtils.java:logGet(43)) - raft.server.log.queue.element-limit = 1024 (custom)
2019-09-12 10:09:05,351 [pool-38-thread-1] INFO  server.RaftServerConfigKeys (ConfUtils.java:logGet(43)) - raft.server.log.segment.size.max = 1048576 (custom)
2019-09-12 10:09:05,351 [pool-38-thread-1] INFO  server.RaftServerConfigKeys (ConfUtils.java:logGet(43)) - raft.server.log.preallocated.size = 16384 (custom)
2019-09-12 10:09:05,352 [pool-38-thread-1] INFO  server.RaftServerConfigKeys (ConfUtils.java:logGet(43)) - raft.server.log.write.buffer.size = 33554432 (custom)
2019-09-12 10:09:05,352 [pool-38-thread-1] INFO  server.RaftServerConfigKeys (ConfUtils.java:logGet(43)) - raft.server.log.force.sync.num = 128 (default)
2019-09-12 10:09:05,352 [pool-38-thread-1] INFO  server.RaftServerConfigKeys (ConfUtils.java:logGet(43)) - raft.server.log.statemachine.data.sync = true (default)
2019-09-12 10:09:05,352 [pool-38-thread-1] INFO  server.RaftServerConfigKeys (ConfUtils.java:logGet(43)) - raft.server.log.statemachine.data.sync.timeout = 10s (default)
2019-09-12 10:09:05,352 [pool-38-thread-1] INFO  server.RaftServerConfigKeys (ConfUtils.java:logGet(43)) - raft.server.log.statemachine.data.sync.timeout.retry = -1 (default)
2019-09-12 10:09:05,353 [pool-38-thread-1] INFO  server.RaftServerConfigKeys (ConfUtils.java:logGet(43)) - raft.server.log.statemachine.data.caching.enabled = true (custom)
2019-09-12 10:09:05,353 [pool-38-thread-1] INFO  segmented.SegmentedRaftLogWorker (SegmentedRaftLogWorker.java:lambda$new$0(132)) - 2c56f4af-a416-42b4-89f1-011c972a54a7-SegmentedRaftLogWorker:Storage Directory /workdir/hadoop-ozone/integration-test/target/test-dir/MiniOzoneClusterImpl-189f34b7-43e6-4b7e-82b3-72fee299e6f1/datanode-1/data/ratis/a55d89b1-7d04-4ca2-8f82-7702583b2663: flushIndex: setUnconditionally 0 -> -1
2019-09-12 10:09:05,354 [pool-38-thread-1] INFO  server.RaftServerConfigKeys (ConfUtils.java:logGet(43)) - raft.server.snapshot.auto.trigger.enabled = true (custom)
2019-09-12 10:09:05,354 [pool-38-thread-1] INFO  server.RaftServerConfigKeys (ConfUtils.java:logGet(43)) - raft.server.snapshot.auto.trigger.threshold = 10000 (custom)
2019-09-12 10:09:05,354 [pool-38-thread-1] INFO  server.RaftServerConfigKeys (ConfUtils.java:logGet(43)) - raft.server.retrycache.expirytime = 600000ms (custom)
2019-09-12 10:09:05,354 [pool-38-thread-1] INFO  impl.RaftServerImpl (RaftServerImpl.java:start(180)) - 2c56f4af-a416-42b4-89f1-011c972a54a7: start group-7702583B2663
2019-09-12 10:09:05,355 [pool-38-thread-1] INFO  impl.RaftServerImpl (RaftServerImpl.java:setRole(171)) - 2c56f4af-a416-42b4-89f1-011c972a54a7:group-7702583B2663 changes role from null to FOLLOWER at term 0 for startAsFollower
2019-09-12 10:09:05,355 [pool-38-thread-1] INFO  impl.RoleInfo (RoleInfo.java:updateAndGet(143)) - 2c56f4af-a416-42b4-89f1-011c972a54a7: start FollowerState
2019-09-12 10:09:05,356 [pool-38-thread-1] INFO  util.JmxRegister (JmxRegister.java:tryRegister(44)) - Successfully registered JMX Bean with object name Ratis:service=RaftServer,group=group-7702583B2663,id=2c56f4af-a416-42b4-89f1-011c972a54a7
2019-09-12 10:09:05,362 [RatisPipelineUtilsThread] INFO  pipeline.PipelineStateManager (PipelineStateManager.java:addPipeline(56)) - Created pipeline Pipeline[ Id: a55d89b1-7d04-4ca2-8f82-7702583b2663, Nodes: 2c56f4af-a416-42b4-89f1-011c972a54a7{ip: 192.168.36.114, host: pr-hdds-1569-58hkm-1881083799, networkLocation: /default-rack, certSerialId: null}, Type:RATIS, Factor:ONE, State:OPEN]
2019-09-12 10:09:05,363 [RatisPipelineUtilsThread] ERROR pipeline.PipelinePlacementPolicy (PipelinePlacementPolicy.java:meetCriteria(92)) - Pipeline Placement: Doesn't meet the criteria to be viable node. Heaviness: 6
2019-09-12 10:09:05,363 [RatisPipelineUtilsThread] ERROR pipeline.PipelinePlacementPolicy (PipelinePlacementPolicy.java:meetCriteria(92)) - Pipeline Placement: Doesn't meet the criteria to be viable node. Heaviness: 6
2019-09-12 10:09:05,379 [grpc-default-executor-1] INFO  impl.RaftServerProxy (RaftServerProxy.java:addNew(89)) - 2c56f4af-a416-42b4-89f1-011c972a54a7: addNew group-6D139A72776F:[2c56f4af-a416-42b4-89f1-011c972a54a7:192.168.36.114:41187] returns group-6D139A72776F:java.util.concurrent.CompletableFuture@5786d338[Not completed]
2019-09-12 10:09:05,382 [pool-38-thread-1] INFO  impl.RaftServerImpl (RaftServerImpl.java:<init>(93)) - 2c56f4af-a416-42b4-89f1-011c972a54a7: new RaftServerImpl for group-6D139A72776F:[2c56f4af-a416-42b4-89f1-011c972a54a7:192.168.36.114:41187] with ContainerStateMachine:uninitialized
2019-09-12 10:09:05,382 [pool-38-thread-1] INFO  server.RaftServerConfigKeys (ConfUtils.java:logGet(43)) - raft.server.rpc.timeout.min = 5s (custom)
2019-09-12 10:09:05,382 [pool-38-thread-1] INFO  server.RaftServerConfigKeys (ConfUtils.java:logGet(43)) - raft.server.rpc.timeout.max = 5200ms (custom)
2019-09-12 10:09:05,382 [pool-38-thread-1] INFO  server.RaftServerConfigKeys (ConfUtils.java:logGet(43)) - raft.server.rpcslowness.timeout = 120s (custom)
2019-09-12 10:09:05,383 [pool-38-thread-1] INFO  server.RaftServerConfigKeys (ConfUtils.java:logGet(43)) - raft.server.sleep.deviation.threshold = 300 (default)
2019-09-12 10:09:05,383 [pool-38-thread-1] INFO  server.RaftServerConfigKeys (ConfUtils.java:logGet(43)) - raft.server.log.appender.install.snapshot.enabled = false (custom)
2019-09-12 10:09:05,383 [pool-38-thread-1] INFO  impl.RaftServerImpl (ServerState.java:<init>(105)) - 2c56f4af-a416-42b4-89f1-011c972a54a7:group-6D139A72776F ConfigurationManager, init=-1: [2c56f4af-a416-42b4-89f1-011c972a54a7:192.168.36.114:41187], old=null, confs=<EMPTY_MAP>
2019-09-12 10:09:05,383 [pool-38-thread-1] INFO  server.RaftServerConfigKeys (ConfUtils.java:logGet(43)) - raft.server.storage.dir = [/workdir/hadoop-ozone/integration-test/target/test-dir/MiniOzoneClusterImpl-189f34b7-43e6-4b7e-82b3-72fee299e6f1/datanode-1/data/ratis] (custom)
2019-09-12 10:09:05,384 [pool-38-thread-1] INFO  storage.RaftStorageDirectory (RaftStorageDirectory.java:analyzeStorage(246)) - The storage directory /workdir/hadoop-ozone/integration-test/target/test-dir/MiniOzoneClusterImpl-189f34b7-43e6-4b7e-82b3-72fee299e6f1/datanode-1/data/ratis/12848709-75f7-4384-a7c8-6d139a72776f does not exist. Creating ...
2019-09-12 10:09:05,439 [pool-38-thread-1] INFO  storage.RaftStorageDirectory (RaftStorageDirectory.java:tryLock(328)) - Lock on /workdir/hadoop-ozone/integration-test/target/test-dir/MiniOzoneClusterImpl-189f34b7-43e6-4b7e-82b3-72fee299e6f1/datanode-1/data/ratis/12848709-75f7-4384-a7c8-6d139a72776f/in_use.lock acquired by nodename 2537@pr-hdds-1569-58hkm-1881083799
2019-09-12 10:09:05,448 [pool-38-thread-1] INFO  storage.RaftStorage (RaftStorage.java:format(72)) - Storage directory /workdir/hadoop-ozone/integration-test/target/test-dir/MiniOzoneClusterImpl-189f34b7-43e6-4b7e-82b3-72fee299e6f1/datanode-1/data/ratis/12848709-75f7-4384-a7c8-6d139a72776f has been successfully formatted.
2019-09-12 10:09:05,448 [pool-38-thread-1] INFO  ratis.ContainerStateMachine (ContainerStateMachine.java:loadSnapshot(226)) - group-6D139A72776F: The snapshot info is null. Setting the last applied indexto:(t:0, i:~)
2019-09-12 10:09:05,449 [pool-38-thread-1] INFO  server.RaftServerConfigKeys (ConfUtils.java:logGet(43)) - raft.server.leader.election.timeout = 120s (custom)
2019-09-12 10:09:05,449 [pool-38-thread-1] INFO  server.RaftServerConfigKeys (ConfUtils.java:logGet(43)) - raft.server.log.use.memory = false (default)
2019-09-12 10:09:05,449 [pool-38-thread-1] INFO  server.RaftServerConfigKeys (ConfUtils.java:logGet(43)) - raft.server.log.purge.gap = 1000000 (custom)
2019-09-12 10:09:05,449 [pool-38-thread-1] INFO  server.RaftServerConfigKeys (ConfUtils.java:logGet(43)) - raft.server.log.appender.buffer.byte-limit = 33554432 (custom)
2019-09-12 10:09:05,450 [pool-38-thread-1] INFO  server.RaftServerConfigKeys (ConfUtils.java:logGet(43)) - raft.server.log.segment.size.max = 1048576 (custom)
2019-09-12 10:09:05,450 [pool-38-thread-1] INFO  server.RaftServerConfigKeys (ConfUtils.java:logGet(43)) - raft.server.log.segment.cache.num.max = 2 (custom)
2019-09-12 10:09:05,450 [pool-38-thread-1] INFO  segmented.SegmentedRaftLogWorker (SegmentedRaftLogWorker.java:<init>(172)) - new 2c56f4af-a416-42b4-89f1-011c972a54a7-SegmentedRaftLogWorker:Storage Directory /workdir/hadoop-ozone/integration-test/target/test-dir/MiniOzoneClusterImpl-189f34b7-43e6-4b7e-82b3-72fee299e6f1/datanode-1/data/ratis/12848709-75f7-4384-a7c8-6d139a72776f for RaftStorage:Storage Directory /workdir/hadoop-ozone/integration-test/target/test-dir/MiniOzoneClusterImpl-189f34b7-43e6-4b7e-82b3-72fee299e6f1/datanode-1/data/ratis/12848709-75f7-4384-a7c8-6d139a72776f
2019-09-12 10:09:05,450 [pool-38-thread-1] INFO  server.RaftServerConfigKeys (ConfUtils.java:logGet(43)) - raft.server.log.queue.byte-limit = 2147483647 (custom)
2019-09-12 10:09:05,450 [pool-38-thread-1] INFO  server.RaftServerConfigKeys (ConfUtils.java:logGet(43)) - raft.server.log.queue.element-limit = 1024 (custom)
2019-09-12 10:09:05,451 [pool-38-thread-1] INFO  server.RaftServerConfigKeys (ConfUtils.java:logGet(43)) - raft.server.log.segment.size.max = 1048576 (custom)
2019-09-12 10:09:05,451 [pool-38-thread-1] INFO  server.RaftServerConfigKeys (ConfUtils.java:logGet(43)) - raft.server.log.preallocated.size = 16384 (custom)
2019-09-12 10:09:05,451 [pool-38-thread-1] INFO  server.RaftServerConfigKeys (ConfUtils.java:logGet(43)) - raft.server.log.write.buffer.size = 33554432 (custom)
2019-09-12 10:09:05,451 [pool-38-thread-1] INFO  server.RaftServerConfigKeys (ConfUtils.java:logGet(43)) - raft.server.log.force.sync.num = 128 (default)
2019-09-12 10:09:05,451 [pool-38-thread-1] INFO  server.RaftServerConfigKeys (ConfUtils.java:logGet(43)) - raft.server.log.statemachine.data.sync = true (default)
2019-09-12 10:09:05,452 [pool-38-thread-1] INFO  server.RaftServerConfigKeys (ConfUtils.java:logGet(43)) - raft.server.log.statemachine.data.sync.timeout = 10s (default)
2019-09-12 10:09:05,452 [pool-38-thread-1] INFO  server.RaftServerConfigKeys (ConfUtils.java:logGet(43)) - raft.server.log.statemachine.data.sync.timeout.retry = -1 (default)
2019-09-12 10:09:05,452 [pool-38-thread-1] INFO  server.RaftServerConfigKeys (ConfUtils.java:logGet(43)) - raft.server.log.statemachine.data.caching.enabled = true (custom)
2019-09-12 10:09:05,452 [pool-38-thread-1] INFO  segmented.SegmentedRaftLogWorker (SegmentedRaftLogWorker.java:lambda$new$0(132)) - 2c56f4af-a416-42b4-89f1-011c972a54a7-SegmentedRaftLogWorker:Storage Directory /workdir/hadoop-ozone/integration-test/target/test-dir/MiniOzoneClusterImpl-189f34b7-43e6-4b7e-82b3-72fee299e6f1/datanode-1/data/ratis/12848709-75f7-4384-a7c8-6d139a72776f: flushIndex: setUnconditionally 0 -> -1
2019-09-12 10:09:05,453 [pool-38-thread-1] INFO  server.RaftServerConfigKeys (ConfUtils.java:logGet(43)) - raft.server.snapshot.auto.trigger.enabled = true (custom)
2019-09-12 10:09:05,453 [pool-38-thread-1] INFO  server.RaftServerConfigKeys (ConfUtils.java:logGet(43)) - raft.server.snapshot.auto.trigger.threshold = 10000 (custom)
2019-09-12 10:09:05,453 [pool-38-thread-1] INFO  server.RaftServerConfigKeys (ConfUtils.java:logGet(43)) - raft.server.retrycache.expirytime = 600000ms (custom)
2019-09-12 10:09:05,454 [pool-38-thread-1] INFO  impl.RaftServerImpl (RaftServerImpl.java:start(180)) - 2c56f4af-a416-42b4-89f1-011c972a54a7: start group-6D139A72776F
2019-09-12 10:09:05,454 [pool-38-thread-1] INFO  impl.RaftServerImpl (RaftServerImpl.java:setRole(171)) - 2c56f4af-a416-42b4-89f1-011c972a54a7:group-6D139A72776F changes role from null to FOLLOWER at term 0 for startAsFollower
2019-09-12 10:09:05,454 [pool-38-thread-1] INFO  impl.RoleInfo (RoleInfo.java:updateAndGet(143)) - 2c56f4af-a416-42b4-89f1-011c972a54a7: start FollowerState
2019-09-12 10:09:05,455 [pool-38-thread-1] INFO  util.JmxRegister (JmxRegister.java:tryRegister(44)) - Successfully registered JMX Bean with object name Ratis:service=RaftServer,group=group-6D139A72776F,id=2c56f4af-a416-42b4-89f1-011c972a54a7
2019-09-12 10:09:05,461 [RatisPipelineUtilsThread] INFO  pipeline.PipelineStateManager (PipelineStateManager.java:addPipeline(56)) - Created pipeline Pipeline[ Id: 12848709-75f7-4384-a7c8-6d139a72776f, Nodes: 2c56f4af-a416-42b4-89f1-011c972a54a7{ip: 192.168.36.114, host: pr-hdds-1569-58hkm-1881083799, networkLocation: /default-rack, certSerialId: null}, Type:RATIS, Factor:ONE, State:OPEN]
2019-09-12 10:09:05,463 [RatisPipelineUtilsThread] ERROR pipeline.PipelinePlacementPolicy (PipelinePlacementPolicy.java:meetCriteria(92)) - Pipeline Placement: Doesn't meet the criteria to be viable node. Heaviness: 6
2019-09-12 10:09:05,463 [RatisPipelineUtilsThread] ERROR pipeline.PipelinePlacementPolicy (PipelinePlacementPolicy.java:meetCriteria(92)) - Pipeline Placement: Doesn't meet the criteria to be viable node. Heaviness: 6
2019-09-12 10:09:05,473 [grpc-default-executor-1] INFO  impl.RaftServerProxy (RaftServerProxy.java:addNew(89)) - 2c56f4af-a416-42b4-89f1-011c972a54a7: addNew group-492AB3B0108A:[2c56f4af-a416-42b4-89f1-011c972a54a7:192.168.36.114:41187] returns group-492AB3B0108A:java.util.concurrent.CompletableFuture@25f71010[Not completed]
2019-09-12 10:09:05,476 [pool-38-thread-1] INFO  impl.RaftServerImpl (RaftServerImpl.java:<init>(93)) - 2c56f4af-a416-42b4-89f1-011c972a54a7: new RaftServerImpl for group-492AB3B0108A:[2c56f4af-a416-42b4-89f1-011c972a54a7:192.168.36.114:41187] with ContainerStateMachine:uninitialized
2019-09-12 10:09:05,476 [pool-38-thread-1] INFO  server.RaftServerConfigKeys (ConfUtils.java:logGet(43)) - raft.server.rpc.timeout.min = 5s (custom)
2019-09-12 10:09:05,476 [pool-38-thread-1] INFO  server.RaftServerConfigKeys (ConfUtils.java:logGet(43)) - raft.server.rpc.timeout.max = 5200ms (custom)
2019-09-12 10:09:05,476 [pool-38-thread-1] INFO  server.RaftServerConfigKeys (ConfUtils.java:logGet(43)) - raft.server.rpcslowness.timeout = 120s (custom)
2019-09-12 10:09:05,476 [pool-38-thread-1] INFO  server.RaftServerConfigKeys (ConfUtils.java:logGet(43)) - raft.server.sleep.deviation.threshold = 300 (default)
2019-09-12 10:09:05,477 [pool-38-thread-1] INFO  server.RaftServerConfigKeys (ConfUtils.java:logGet(43)) - raft.server.log.appender.install.snapshot.enabled = false (custom)
2019-09-12 10:09:05,477 [pool-38-thread-1] INFO  impl.RaftServerImpl (ServerState.java:<init>(105)) - 2c56f4af-a416-42b4-89f1-011c972a54a7:group-492AB3B0108A ConfigurationManager, init=-1: [2c56f4af-a416-42b4-89f1-011c972a54a7:192.168.36.114:41187], old=null, confs=<EMPTY_MAP>
2019-09-12 10:09:05,477 [pool-38-thread-1] INFO  server.RaftServerConfigKeys (ConfUtils.java:logGet(43)) - raft.server.storage.dir = [/workdir/hadoop-ozone/integration-test/target/test-dir/MiniOzoneClusterImpl-189f34b7-43e6-4b7e-82b3-72fee299e6f1/datanode-1/data/ratis] (custom)
2019-09-12 10:09:05,478 [pool-38-thread-1] INFO  storage.RaftStorageDirectory (RaftStorageDirectory.java:analyzeStorage(246)) - The storage directory /workdir/hadoop-ozone/integration-test/target/test-dir/MiniOzoneClusterImpl-189f34b7-43e6-4b7e-82b3-72fee299e6f1/datanode-1/data/ratis/2f86abe2-76a6-4c8b-ab3b-492ab3b0108a does not exist. Creating ...
2019-09-12 10:09:05,491 [pool-38-thread-1] INFO  storage.RaftStorageDirectory (RaftStorageDirectory.java:tryLock(328)) - Lock on /workdir/hadoop-ozone/integration-test/target/test-dir/MiniOzoneClusterImpl-189f34b7-43e6-4b7e-82b3-72fee299e6f1/datanode-1/data/ratis/2f86abe2-76a6-4c8b-ab3b-492ab3b0108a/in_use.lock acquired by nodename 2537@pr-hdds-1569-58hkm-1881083799
2019-09-12 10:09:05,529 [pool-38-thread-1] INFO  storage.RaftStorage (RaftStorage.java:format(72)) - Storage directory /workdir/hadoop-ozone/integration-test/target/test-dir/MiniOzoneClusterImpl-189f34b7-43e6-4b7e-82b3-72fee299e6f1/datanode-1/data/ratis/2f86abe2-76a6-4c8b-ab3b-492ab3b0108a has been successfully formatted.
2019-09-12 10:09:05,529 [pool-38-thread-1] INFO  ratis.ContainerStateMachine (ContainerStateMachine.java:loadSnapshot(226)) - group-492AB3B0108A: The snapshot info is null. Setting the last applied indexto:(t:0, i:~)
2019-09-12 10:09:05,529 [pool-38-thread-1] INFO  server.RaftServerConfigKeys (ConfUtils.java:logGet(43)) - raft.server.leader.election.timeout = 120s (custom)
2019-09-12 10:09:05,530 [pool-38-thread-1] INFO  server.RaftServerConfigKeys (ConfUtils.java:logGet(43)) - raft.server.log.use.memory = false (default)
2019-09-12 10:09:05,530 [pool-38-thread-1] INFO  server.RaftServerConfigKeys (ConfUtils.java:logGet(43)) - raft.server.log.purge.gap = 1000000 (custom)
2019-09-12 10:09:05,530 [pool-38-thread-1] INFO  server.RaftServerConfigKeys (ConfUtils.java:logGet(43)) - raft.server.log.appender.buffer.byte-limit = 33554432 (custom)
2019-09-12 10:09:05,530 [pool-38-thread-1] INFO  server.RaftServerConfigKeys (ConfUtils.java:logGet(43)) - raft.server.log.segment.size.max = 1048576 (custom)
2019-09-12 10:09:05,530 [pool-38-thread-1] INFO  server.RaftServerConfigKeys (ConfUtils.java:logGet(43)) - raft.server.log.segment.cache.num.max = 2 (custom)
2019-09-12 10:09:05,531 [pool-38-thread-1] INFO  segmented.SegmentedRaftLogWorker (SegmentedRaftLogWorker.java:<init>(172)) - new 2c56f4af-a416-42b4-89f1-011c972a54a7-SegmentedRaftLogWorker:Storage Directory /workdir/hadoop-ozone/integration-test/target/test-dir/MiniOzoneClusterImpl-189f34b7-43e6-4b7e-82b3-72fee299e6f1/datanode-1/data/ratis/2f86abe2-76a6-4c8b-ab3b-492ab3b0108a for RaftStorage:Storage Directory /workdir/hadoop-ozone/integration-test/target/test-dir/MiniOzoneClusterImpl-189f34b7-43e6-4b7e-82b3-72fee299e6f1/datanode-1/data/ratis/2f86abe2-76a6-4c8b-ab3b-492ab3b0108a
2019-09-12 10:09:05,531 [pool-38-thread-1] INFO  server.RaftServerConfigKeys (ConfUtils.java:logGet(43)) - raft.server.log.queue.byte-limit = 2147483647 (custom)
2019-09-12 10:09:05,531 [pool-38-thread-1] INFO  server.RaftServerConfigKeys (ConfUtils.java:logGet(43)) - raft.server.log.queue.element-limit = 1024 (custom)
2019-09-12 10:09:05,531 [pool-38-thread-1] INFO  server.RaftServerConfigKeys (ConfUtils.java:logGet(43)) - raft.server.log.segment.size.max = 1048576 (custom)
2019-09-12 10:09:05,531 [pool-38-thread-1] INFO  server.RaftServerConfigKeys (ConfUtils.java:logGet(43)) - raft.server.log.preallocated.size = 16384 (custom)
2019-09-12 10:09:05,532 [pool-38-thread-1] INFO  server.RaftServerConfigKeys (ConfUtils.java:logGet(43)) - raft.server.log.write.buffer.size = 33554432 (custom)
2019-09-12 10:09:05,532 [pool-38-thread-1] INFO  server.RaftServerConfigKeys (ConfUtils.java:logGet(43)) - raft.server.log.force.sync.num = 128 (default)
2019-09-12 10:09:05,532 [pool-38-thread-1] INFO  server.RaftServerConfigKeys (ConfUtils.java:logGet(43)) - raft.server.log.statemachine.data.sync = true (default)
2019-09-12 10:09:05,532 [pool-38-thread-1] INFO  server.RaftServerConfigKeys (ConfUtils.java:logGet(43)) - raft.server.log.statemachine.data.sync.timeout = 10s (default)
2019-09-12 10:09:05,533 [pool-38-thread-1] INFO  server.RaftServerConfigKeys (ConfUtils.java:logGet(43)) - raft.server.log.statemachine.data.sync.timeout.retry = -1 (default)
2019-09-12 10:09:05,533 [pool-38-thread-1] INFO  server.RaftServerConfigKeys (ConfUtils.java:logGet(43)) - raft.server.log.statemachine.data.caching.enabled = true (custom)
2019-09-12 10:09:05,533 [pool-38-thread-1] INFO  segmented.SegmentedRaftLogWorker (SegmentedRaftLogWorker.java:lambda$new$0(132)) - 2c56f4af-a416-42b4-89f1-011c972a54a7-SegmentedRaftLogWorker:Storage Directory /workdir/hadoop-ozone/integration-test/target/test-dir/MiniOzoneClusterImpl-189f34b7-43e6-4b7e-82b3-72fee299e6f1/datanode-1/data/ratis/2f86abe2-76a6-4c8b-ab3b-492ab3b0108a: flushIndex: setUnconditionally 0 -> -1
2019-09-12 10:09:05,534 [pool-38-thread-1] INFO  server.RaftServerConfigKeys (ConfUtils.java:logGet(43)) - raft.server.snapshot.auto.trigger.enabled = true (custom)
2019-09-12 10:09:05,534 [pool-38-thread-1] INFO  server.RaftServerConfigKeys (ConfUtils.java:logGet(43)) - raft.server.snapshot.auto.trigger.threshold = 10000 (custom)
2019-09-12 10:09:05,534 [pool-38-thread-1] INFO  server.RaftServerConfigKeys (ConfUtils.java:logGet(43)) - raft.server.retrycache.expirytime = 600000ms (custom)
2019-09-12 10:09:05,534 [pool-38-thread-1] INFO  impl.RaftServerImpl (RaftServerImpl.java:start(180)) - 2c56f4af-a416-42b4-89f1-011c972a54a7: start group-492AB3B0108A
2019-09-12 10:09:05,535 [pool-38-thread-1] INFO  impl.RaftServerImpl (RaftServerImpl.java:setRole(171)) - 2c56f4af-a416-42b4-89f1-011c972a54a7:group-492AB3B0108A changes role from null to FOLLOWER at term 0 for startAsFollower
2019-09-12 10:09:05,535 [pool-38-thread-1] INFO  impl.RoleInfo (RoleInfo.java:updateAndGet(143)) - 2c56f4af-a416-42b4-89f1-011c972a54a7: start FollowerState
2019-09-12 10:09:05,535 [pool-38-thread-1] INFO  util.JmxRegister (JmxRegister.java:tryRegister(44)) - Successfully registered JMX Bean with object name Ratis:service=RaftServer,group=group-492AB3B0108A,id=2c56f4af-a416-42b4-89f1-011c972a54a7
2019-09-12 10:09:05,542 [RatisPipelineUtilsThread] INFO  pipeline.PipelineStateManager (PipelineStateManager.java:addPipeline(56)) - Created pipeline Pipeline[ Id: 2f86abe2-76a6-4c8b-ab3b-492ab3b0108a, Nodes: 2c56f4af-a416-42b4-89f1-011c972a54a7{ip: 192.168.36.114, host: pr-hdds-1569-58hkm-1881083799, networkLocation: /default-rack, certSerialId: null}, Type:RATIS, Factor:ONE, State:OPEN]
2019-09-12 10:09:05,543 [RatisPipelineUtilsThread] ERROR pipeline.PipelinePlacementPolicy (PipelinePlacementPolicy.java:meetCriteria(92)) - Pipeline Placement: Doesn't meet the criteria to be viable node. Heaviness: 6
2019-09-12 10:09:05,543 [RatisPipelineUtilsThread] ERROR pipeline.PipelinePlacementPolicy (PipelinePlacementPolicy.java:meetCriteria(92)) - Pipeline Placement: Doesn't meet the criteria to be viable node. Heaviness: 6
2019-09-12 10:09:05,543 [RatisPipelineUtilsThread] ERROR pipeline.PipelinePlacementPolicy (PipelinePlacementPolicy.java:meetCriteria(92)) - Pipeline Placement: Doesn't meet the criteria to be viable node. Heaviness: 6
2019-09-12 10:09:05,544 [RatisPipelineUtilsThread] ERROR pipeline.PipelinePlacementPolicy (PipelinePlacementPolicy.java:filterViableNodes(147)) - Unable to find enough nodes that meet the criteria that cannot engage in more than 5 pipelines. Nodes required: 1 Found: 0, healthy nodes count inNodeManager: 3.
2019-09-12 10:09:05,545 [RatisPipelineUtilsThread] ERROR pipeline.SCMPipelineManager (SCMPipelineManager.java:createPipeline(161)) - Pipeline creation failed due to exception: Unable to find enough nodes that meet the criteria that cannot engage in more than 5 pipelines. Nodes required: 1 Found: 0, healthy nodes count inNodeManager: 3.
2019-09-12 10:09:05,545 [main] ERROR pipeline.PipelinePlacementPolicy (PipelinePlacementPolicy.java:meetCriteria(92)) - Pipeline Placement: Doesn't meet the criteria to be viable node. Heaviness: 6
2019-09-12 10:09:05,546 [main] ERROR pipeline.PipelinePlacementPolicy (PipelinePlacementPolicy.java:meetCriteria(92)) - Pipeline Placement: Doesn't meet the criteria to be viable node. Heaviness: 6
2019-09-12 10:09:05,546 [main] ERROR pipeline.PipelinePlacementPolicy (PipelinePlacementPolicy.java:meetCriteria(92)) - Pipeline Placement: Doesn't meet the criteria to be viable node. Heaviness: 6
2019-09-12 10:09:05,546 [main] ERROR pipeline.PipelinePlacementPolicy (PipelinePlacementPolicy.java:filterViableNodes(147)) - Unable to find enough nodes that meet the criteria that cannot engage in more than 5 pipelines. Nodes required: 3 Found: 0, healthy nodes count inNodeManager: 3.
2019-09-12 10:09:05,546 [main] ERROR pipeline.SCMPipelineManager (SCMPipelineManager.java:createPipeline(161)) - Pipeline creation failed due to exception: Unable to find enough nodes that meet the criteria that cannot engage in more than 5 pipelines. Nodes required: 3 Found: 0, healthy nodes count inNodeManager: 3.
2019-09-12 10:09:05,546 [RatisPipelineUtilsThread] ERROR pipeline.PipelinePlacementPolicy (PipelinePlacementPolicy.java:meetCriteria(92)) - Pipeline Placement: Doesn't meet the criteria to be viable node. Heaviness: 6
2019-09-12 10:09:05,547 [RatisPipelineUtilsThread] ERROR pipeline.PipelinePlacementPolicy (PipelinePlacementPolicy.java:meetCriteria(92)) - Pipeline Placement: Doesn't meet the criteria to be viable node. Heaviness: 6
2019-09-12 10:09:05,547 [RatisPipelineUtilsThread] ERROR pipeline.PipelinePlacementPolicy (PipelinePlacementPolicy.java:meetCriteria(92)) - Pipeline Placement: Doesn't meet the criteria to be viable node. Heaviness: 6
2019-09-12 10:09:05,547 [RatisPipelineUtilsThread] ERROR pipeline.PipelinePlacementPolicy (PipelinePlacementPolicy.java:filterViableNodes(147)) - Unable to find enough nodes that meet the criteria that cannot engage in more than 5 pipelines. Nodes required: 3 Found: 0, healthy nodes count inNodeManager: 3.
2019-09-12 10:09:05,547 [RatisPipelineUtilsThread] ERROR pipeline.SCMPipelineManager (SCMPipelineManager.java:createPipeline(161)) - Pipeline creation failed due to exception: Unable to find enough nodes that meet the criteria that cannot engage in more than 5 pipelines. Nodes required: 3 Found: 0, healthy nodes count inNodeManager: 3.
2019-09-12 10:09:05,547 [RatisPipelineUtilsThread] ERROR pipeline.PipelinePlacementPolicy (PipelinePlacementPolicy.java:meetCriteria(92)) - Pipeline Placement: Doesn't meet the criteria to be viable node. Heaviness: 6
2019-09-12 10:09:05,548 [main] INFO  ozone.MiniOzoneClusterImpl (MiniOzoneClusterImpl.java:shutdown(321)) - Shutting down the Mini Ozone Cluster
2019-09-12 10:09:05,548 [RatisPipelineUtilsThread] ERROR pipeline.PipelinePlacementPolicy (PipelinePlacementPolicy.java:meetCriteria(92)) - Pipeline Placement: Doesn't meet the criteria to be viable node. Heaviness: 6
2019-09-12 10:09:05,548 | INFO  | SCMAudit | user=null | ip=null | op=GET_SCM_INFO null | ret=SUCCESS |  
2019-09-12 10:09:05,548 [RatisPipelineUtilsThread] ERROR pipeline.PipelinePlacementPolicy (PipelinePlacementPolicy.java:meetCriteria(92)) - Pipeline Placement: Doesn't meet the criteria to be viable node. Heaviness: 6
2019-09-12 10:09:05,548 [main] INFO  ozone.MiniOzoneClusterImpl (MiniOzoneClusterImpl.java:stop(336)) - Stopping the Mini Ozone Cluster
2019-09-12 10:09:05,548 [main] INFO  ozone.MiniOzoneClusterImpl (MiniOzoneClusterImpl.java:stop(338)) - Stopping the OzoneManager
2019-09-12 10:09:05,548 [RatisPipelineUtilsThread] ERROR pipeline.PipelinePlacementPolicy (PipelinePlacementPolicy.java:filterViableNodes(147)) - Unable to find enough nodes that meet the criteria that cannot engage in more than 5 pipelines. Nodes required: 1 Found: 0, healthy nodes count inNodeManager: 3.
2019-09-12 10:09:05,549 [main] INFO  ipc.Server (Server.java:stop(3082)) - Stopping server on 43273
2019-09-12 10:09:05,548 [ReplicationMonitor] INFO  container.ReplicationManager (ReplicationManager.java:run(214)) - Replication Monitor Thread took 894 milliseconds for processing 0 containers.
2019-09-12 10:09:05,549 [RatisPipelineUtilsThread] ERROR pipeline.SCMPipelineManager (SCMPipelineManager.java:createPipeline(161)) - Pipeline creation failed due to exception: Unable to find enough nodes that meet the criteria that cannot engage in more than 5 pipelines. Nodes required: 1 Found: 0, healthy nodes count inNodeManager: 3.
2019-09-12 10:09:05,551 [RatisPipelineUtilsThread] ERROR pipeline.PipelinePlacementPolicy (PipelinePlacementPolicy.java:meetCriteria(92)) - Pipeline Placement: Doesn't meet the criteria to be viable node. Heaviness: 6
2019-09-12 10:09:05,552 [RatisPipelineUtilsThread] ERROR pipeline.PipelinePlacementPolicy (PipelinePlacementPolicy.java:meetCriteria(92)) - Pipeline Placement: Doesn't meet the criteria to be viable node. Heaviness: 6
2019-09-12 10:09:05,555 [IPC Server listener on 43273] INFO  ipc.Server (Server.java:run(1185)) - Stopping IPC Server listener on 43273
2019-09-12 10:09:05,556 [IPC Server Responder] INFO  ipc.Server (Server.java:run(1319)) - Stopping IPC Server Responder
2019-09-12 10:09:05,556 [main] INFO  ratis.OzoneManagerDoubleBuffer (OzoneManagerDoubleBuffer.java:stop(248)) - Stopping OMDoubleBuffer flush thread
2019-09-12 10:09:05,555 [RatisPipelineUtilsThread] ERROR pipeline.PipelinePlacementPolicy (PipelinePlacementPolicy.java:meetCriteria(92)) - Pipeline Placement: Doesn't meet the criteria to be viable node. Heaviness: 6
2019-09-12 10:09:05,563 [RatisPipelineUtilsThread] ERROR pipeline.PipelinePlacementPolicy (PipelinePlacementPolicy.java:filterViableNodes(147)) - Unable to find enough nodes that meet the criteria that cannot engage in more than 5 pipelines. Nodes required: 3 Found: 0, healthy nodes count inNodeManager: 3.
2019-09-12 10:09:05,563 [OMDoubleBufferFlushThread] INFO  ratis.OzoneManagerDoubleBuffer (OzoneManagerDoubleBuffer.java:flushTransactions(191)) - OMDoubleBuffer flush thread OMDoubleBufferFlushThread is interrupted and will exit. OMDoubleBufferFlushThread
2019-09-12 10:09:05,563 [RatisPipelineUtilsThread] ERROR pipeline.SCMPipelineManager (SCMPipelineManager.java:createPipeline(161)) - Pipeline creation failed due to exception: Unable to find enough nodes that meet the criteria that cannot engage in more than 5 pipelines. Nodes required: 3 Found: 0, healthy nodes count inNodeManager: 3.
2019-09-12 10:09:05,564 [main] INFO  utils.BackgroundService (BackgroundService.java:shutdown(148)) - Shutting down service KeyDeletingService
2019-09-12 10:09:05,568 [main] INFO  handler.ContextHandler (ContextHandler.java:doStop(910)) - Stopped o.e.j.w.WebAppContext@78de58ea{/,null,UNAVAILABLE}{/ozoneManager}
2019-09-12 10:09:05,576 [main] INFO  server.AbstractConnector (AbstractConnector.java:doStop(318)) - Stopped ServerConnector@60e5272{HTTP/1.1,[http/1.1]}{0.0.0.0:0}
2019-09-12 10:09:05,576 [main] INFO  handler.ContextHandler (ContextHandler.java:doStop(910)) - Stopped o.e.j.s.ServletContextHandler@a64e035{/static,file:///workdir/hadoop-ozone/integration-test/target/test-classes/webapps/static,UNAVAILABLE}
2019-09-12 10:09:05,577 [main] INFO  handler.ContextHandler (ContextHandler.java:doStop(910)) - Stopped o.e.j.s.ServletContextHandler@4f186450{/logs,file:///workdir/hadoop-ozone/integration-test/target/log,UNAVAILABLE}
2019-09-12 10:09:05,583 [main] INFO  ozone.MiniOzoneClusterImpl (MiniOzoneClusterImpl.java:stop(344)) - Shutting the HddsDatanodes
2019-09-12 10:09:05,584 [main] INFO  datanode.ObjectStoreHandler (ObjectStoreHandler.java:close(155)) - Closing ObjectStoreHandler.
2019-09-12 10:09:05,584 [ForkJoinPool.commonPool-worker-1] INFO  datanode.ObjectStoreHandler (ObjectStoreHandler.java:close(155)) - Closing ObjectStoreHandler.
2019-09-12 10:09:05,594 | INFO  | SCMAudit | user=jenkins1000 | ip=192.168.36.114 | op=SEND_HEARTBEAT {datanodeUUID=e555ab07-8ec7-47a5-b037-b4b5d30098f1, command=[]} | ret=SUCCESS |  
2019-09-12 10:09:05,598 [main] INFO  ozone.HddsDatanodeService (HddsDatanodeService.java:stop(451)) - Stopped plug-in org.apache.hadoop.ozone.web.OzoneHddsDatanodeService@2faa55bb
2019-09-12 10:09:05,598 [ForkJoinPool.commonPool-worker-1] INFO  ozone.HddsDatanodeService (HddsDatanodeService.java:stop(451)) - Stopped plug-in org.apache.hadoop.ozone.web.OzoneHddsDatanodeService@2fe2965c
2019-09-12 10:09:06,075 [Datanode State Machine Thread - 0] INFO  statemachine.DatanodeStateMachine (DatanodeStateMachine.java:lambda$startDaemon$0(350)) - Ozone container server started.
2019-09-12 10:09:06,302 [Datanode State Machine Thread - 0] INFO  statemachine.DatanodeStateMachine (DatanodeStateMachine.java:lambda$startDaemon$0(350)) - Ozone container server started.
2019-09-12 10:09:06,595 | INFO  | SCMAudit | user=jenkins1000 | ip=192.168.36.114 | op=SEND_HEARTBEAT {datanodeUUID=e555ab07-8ec7-47a5-b037-b4b5d30098f1, command=[]} | ret=SUCCESS |  
2019-09-12 10:09:07,596 | INFO  | SCMAudit | user=jenkins1000 | ip=192.168.36.114 | op=SEND_HEARTBEAT {datanodeUUID=e555ab07-8ec7-47a5-b037-b4b5d30098f1, command=[]} | ret=SUCCESS |  
2019-09-12 10:09:08,087 [Thread-179] INFO  impl.FollowerState (FollowerState.java:run(106)) - e555ab07-8ec7-47a5-b037-b4b5d30098f1:group-3D0273B257C7 changes to CANDIDATE, lastRpcTime:5054, electionTimeout:5053ms
2019-09-12 10:09:08,087 [Thread-179] INFO  impl.RoleInfo (RoleInfo.java:shutdownFollowerState(121)) - e555ab07-8ec7-47a5-b037-b4b5d30098f1: shutdown FollowerState
2019-09-12 10:09:08,087 [Thread-179] INFO  impl.RaftServerImpl (RaftServerImpl.java:setRole(171)) - e555ab07-8ec7-47a5-b037-b4b5d30098f1:group-3D0273B257C7 changes role from FOLLOWER to CANDIDATE at term 0 for changeToCandidate
2019-09-12 10:09:08,094 [Thread-179] INFO  impl.RoleInfo (RoleInfo.java:updateAndGet(143)) - e555ab07-8ec7-47a5-b037-b4b5d30098f1: start LeaderElection
2019-09-12 10:09:08,112 [e555ab07-8ec7-47a5-b037-b4b5d30098f1:group-3D0273B257C7:LeaderElection1] INFO  impl.LeaderElection (LeaderElection.java:askForVotes(181)) - e555ab07-8ec7-47a5-b037-b4b5d30098f1:group-3D0273B257C7:LeaderElection1: begin an election at term 1 for -1: [e555ab07-8ec7-47a5-b037-b4b5d30098f1:192.168.36.114:39573], old=null
2019-09-12 10:09:08,114 [e555ab07-8ec7-47a5-b037-b4b5d30098f1:group-3D0273B257C7:LeaderElection1] INFO  impl.RoleInfo (RoleInfo.java:shutdownLeaderElection(134)) - e555ab07-8ec7-47a5-b037-b4b5d30098f1: shutdown LeaderElection
2019-09-12 10:09:08,115 [e555ab07-8ec7-47a5-b037-b4b5d30098f1:group-3D0273B257C7:LeaderElection1] INFO  impl.RaftServerImpl (RaftServerImpl.java:setRole(171)) - e555ab07-8ec7-47a5-b037-b4b5d30098f1:group-3D0273B257C7 changes role from CANDIDATE to LEADER at term 1 for changeToLeader
2019-09-12 10:09:08,115 [e555ab07-8ec7-47a5-b037-b4b5d30098f1:group-3D0273B257C7:LeaderElection1] INFO  impl.RaftServerImpl (ServerState.java:setLeader(263)) - e555ab07-8ec7-47a5-b037-b4b5d30098f1:group-3D0273B257C7 change Leader from null to e555ab07-8ec7-47a5-b037-b4b5d30098f1 at term 1 for becomeLeader, leader elected after 5179ms
2019-09-12 10:09:08,122 [e555ab07-8ec7-47a5-b037-b4b5d30098f1:group-3D0273B257C7:LeaderElection1] INFO  server.RaftServerConfigKeys (ConfUtils.java:logGet(43)) - raft.server.staging.catchup.gap = 1000 (default)
2019-09-12 10:09:08,122 [e555ab07-8ec7-47a5-b037-b4b5d30098f1:group-3D0273B257C7:LeaderElection1] INFO  server.RaftServerConfigKeys (ConfUtils.java:logGet(43)) - raft.server.rpc.sleep.time = 25ms (default)
2019-09-12 10:09:08,125 [e555ab07-8ec7-47a5-b037-b4b5d30098f1:group-3D0273B257C7:LeaderElection1] INFO  server.RaftServerConfigKeys (ConfUtils.java:logGet(43)) - raft.server.write.element-limit = 4096 (default)
2019-09-12 10:09:08,127 [e555ab07-8ec7-47a5-b037-b4b5d30098f1:group-3D0273B257C7:LeaderElection1] INFO  server.RaftServerConfigKeys (ConfUtils.java:logGet(43)) - raft.server.watch.timeout = 10s (default)
2019-09-12 10:09:08,128 [e555ab07-8ec7-47a5-b037-b4b5d30098f1:group-3D0273B257C7:LeaderElection1] INFO  server.RaftServerConfigKeys (ConfUtils.java:logGet(43)) - raft.server.watch.timeout.denomination = 1s (default)
2019-09-12 10:09:08,128 [e555ab07-8ec7-47a5-b037-b4b5d30098f1:group-3D0273B257C7:LeaderElection1] INFO  server.RaftServerConfigKeys (ConfUtils.java:logGet(43)) - raft.server.watch.element-limit = 65536 (default)
2019-09-12 10:09:08,137 [e555ab07-8ec7-47a5-b037-b4b5d30098f1:group-3D0273B257C7:LeaderElection1] INFO  impl.RoleInfo (RoleInfo.java:updateAndGet(143)) - e555ab07-8ec7-47a5-b037-b4b5d30098f1: start LeaderState
2019-09-12 10:09:08,158 [e555ab07-8ec7-47a5-b037-b4b5d30098f1:group-3D0273B257C7:LeaderElection1] INFO  segmented.SegmentedRaftLogWorker (SegmentedRaftLogWorker.java:startLogSegment(380)) - e555ab07-8ec7-47a5-b037-b4b5d30098f1-SegmentedRaftLogWorker:Storage Directory /workdir/hadoop-ozone/integration-test/target/test-dir/MiniOzoneClusterImpl-189f34b7-43e6-4b7e-82b3-72fee299e6f1/datanode-2/data/ratis/f5e41d69-93ab-4c22-a1cf-3d0273b257c7: Starting segment from index:0
2019-09-12 10:09:08,166 [e555ab07-8ec7-47a5-b037-b4b5d30098f1:group-3D0273B257C7:LeaderElection1] INFO  impl.RaftServerImpl (ServerState.java:setRaftConf(361)) - e555ab07-8ec7-47a5-b037-b4b5d30098f1:group-3D0273B257C7 set configuration 0: [e555ab07-8ec7-47a5-b037-b4b5d30098f1:192.168.36.114:39573], old=null at 0
2019-09-12 10:09:08,336 [e555ab07-8ec7-47a5-b037-b4b5d30098f1-SegmentedRaftLogWorker:Storage Directory /workdir/hadoop-ozone/integration-test/target/test-dir/MiniOzoneClusterImpl-189f34b7-43e6-4b7e-82b3-72fee299e6f1/datanode-2/data/ratis/f5e41d69-93ab-4c22-a1cf-3d0273b257c7] INFO  segmented.SegmentedRaftLogWorker (SegmentedRaftLogWorker.java:execute(569)) - e555ab07-8ec7-47a5-b037-b4b5d30098f1-SegmentedRaftLogWorker:Storage Directory /workdir/hadoop-ozone/integration-test/target/test-dir/MiniOzoneClusterImpl-189f34b7-43e6-4b7e-82b3-72fee299e6f1/datanode-2/data/ratis/f5e41d69-93ab-4c22-a1cf-3d0273b257c7: created new log segment /workdir/hadoop-ozone/integration-test/target/test-dir/MiniOzoneClusterImpl-189f34b7-43e6-4b7e-82b3-72fee299e6f1/datanode-2/data/ratis/f5e41d69-93ab-4c22-a1cf-3d0273b257c7/current/log_inprogress_0
2019-09-12 10:09:08,424 [Thread-182] INFO  impl.FollowerState (FollowerState.java:run(106)) - 70434e9f-7dc5-4d90-a426-89ab03943309:group-D02810BB7C7F changes to CANDIDATE, lastRpcTime:5191, electionTimeout:5190ms
2019-09-12 10:09:08,426 [Thread-182] INFO  impl.RoleInfo (RoleInfo.java:shutdownFollowerState(121)) - 70434e9f-7dc5-4d90-a426-89ab03943309: shutdown FollowerState
2019-09-12 10:09:08,426 [Thread-182] INFO  impl.RaftServerImpl (RaftServerImpl.java:setRole(171)) - 70434e9f-7dc5-4d90-a426-89ab03943309:group-D02810BB7C7F changes role from FOLLOWER to CANDIDATE at term 0 for changeToCandidate
2019-09-12 10:09:08,426 [Thread-182] INFO  impl.RoleInfo (RoleInfo.java:updateAndGet(143)) - 70434e9f-7dc5-4d90-a426-89ab03943309: start LeaderElection
2019-09-12 10:09:08,468 [70434e9f-7dc5-4d90-a426-89ab03943309:group-D02810BB7C7F:LeaderElection2] INFO  impl.LeaderElection (LeaderElection.java:askForVotes(181)) - 70434e9f-7dc5-4d90-a426-89ab03943309:group-D02810BB7C7F:LeaderElection2: begin an election at term 1 for -1: [70434e9f-7dc5-4d90-a426-89ab03943309:192.168.36.114:42068], old=null
2019-09-12 10:09:08,470 [70434e9f-7dc5-4d90-a426-89ab03943309:group-D02810BB7C7F:LeaderElection2] INFO  impl.RoleInfo (RoleInfo.java:shutdownLeaderElection(134)) - 70434e9f-7dc5-4d90-a426-89ab03943309: shutdown LeaderElection
2019-09-12 10:09:08,470 [70434e9f-7dc5-4d90-a426-89ab03943309:group-D02810BB7C7F:LeaderElection2] INFO  impl.RaftServerImpl (RaftServerImpl.java:setRole(171)) - 70434e9f-7dc5-4d90-a426-89ab03943309:group-D02810BB7C7F changes role from CANDIDATE to LEADER at term 1 for changeToLeader
2019-09-12 10:09:08,470 [70434e9f-7dc5-4d90-a426-89ab03943309:group-D02810BB7C7F:LeaderElection2] INFO  impl.RaftServerImpl (ServerState.java:setLeader(263)) - 70434e9f-7dc5-4d90-a426-89ab03943309:group-D02810BB7C7F change Leader from null to 70434e9f-7dc5-4d90-a426-89ab03943309 at term 1 for becomeLeader, leader elected after 5244ms
2019-09-12 10:09:08,470 [70434e9f-7dc5-4d90-a426-89ab03943309:group-D02810BB7C7F:LeaderElection2] INFO  server.RaftServerConfigKeys (ConfUtils.java:logGet(43)) - raft.server.staging.catchup.gap = 1000 (default)
2019-09-12 10:09:08,470 [70434e9f-7dc5-4d90-a426-89ab03943309:group-D02810BB7C7F:LeaderElection2] INFO  server.RaftServerConfigKeys (ConfUtils.java:logGet(43)) - raft.server.rpc.sleep.time = 25ms (default)
2019-09-12 10:09:08,471 [70434e9f-7dc5-4d90-a426-89ab03943309:group-D02810BB7C7F:LeaderElection2] INFO  server.RaftServerConfigKeys (ConfUtils.java:logGet(43)) - raft.server.write.element-limit = 4096 (default)
2019-09-12 10:09:08,471 [70434e9f-7dc5-4d90-a426-89ab03943309:group-D02810BB7C7F:LeaderElection2] INFO  server.RaftServerConfigKeys (ConfUtils.java:logGet(43)) - raft.server.watch.timeout = 10s (default)
2019-09-12 10:09:08,471 [70434e9f-7dc5-4d90-a426-89ab03943309:group-D02810BB7C7F:LeaderElection2] INFO  server.RaftServerConfigKeys (ConfUtils.java:logGet(43)) - raft.server.watch.timeout.denomination = 1s (default)
2019-09-12 10:09:08,471 [70434e9f-7dc5-4d90-a426-89ab03943309:group-D02810BB7C7F:LeaderElection2] INFO  server.RaftServerConfigKeys (ConfUtils.java:logGet(43)) - raft.server.watch.element-limit = 65536 (default)
2019-09-12 10:09:08,471 [70434e9f-7dc5-4d90-a426-89ab03943309:group-D02810BB7C7F:LeaderElection2] INFO  impl.RoleInfo (RoleInfo.java:updateAndGet(143)) - 70434e9f-7dc5-4d90-a426-89ab03943309: start LeaderState
2019-09-12 10:09:08,472 [70434e9f-7dc5-4d90-a426-89ab03943309:group-D02810BB7C7F:LeaderElection2] INFO  segmented.SegmentedRaftLogWorker (SegmentedRaftLogWorker.java:startLogSegment(380)) - 70434e9f-7dc5-4d90-a426-89ab03943309-SegmentedRaftLogWorker:Storage Directory /workdir/hadoop-ozone/integration-test/target/test-dir/MiniOzoneClusterImpl-189f34b7-43e6-4b7e-82b3-72fee299e6f1/datanode-0/data/ratis/131030af-d561-4ccb-8e10-d02810bb7c7f: Starting segment from index:0
2019-09-12 10:09:08,472 [70434e9f-7dc5-4d90-a426-89ab03943309:group-D02810BB7C7F:LeaderElection2] INFO  impl.RaftServerImpl (ServerState.java:setRaftConf(361)) - 70434e9f-7dc5-4d90-a426-89ab03943309:group-D02810BB7C7F set configuration 0: [70434e9f-7dc5-4d90-a426-89ab03943309:192.168.36.114:42068], old=null at 0
2019-09-12 10:09:08,520 [70434e9f-7dc5-4d90-a426-89ab03943309-SegmentedRaftLogWorker:Storage Directory /workdir/hadoop-ozone/integration-test/target/test-dir/MiniOzoneClusterImpl-189f34b7-43e6-4b7e-82b3-72fee299e6f1/datanode-0/data/ratis/131030af-d561-4ccb-8e10-d02810bb7c7f] INFO  segmented.SegmentedRaftLogWorker (SegmentedRaftLogWorker.java:execute(569)) - 70434e9f-7dc5-4d90-a426-89ab03943309-SegmentedRaftLogWorker:Storage Directory /workdir/hadoop-ozone/integration-test/target/test-dir/MiniOzoneClusterImpl-189f34b7-43e6-4b7e-82b3-72fee299e6f1/datanode-0/data/ratis/131030af-d561-4ccb-8e10-d02810bb7c7f: created new log segment /workdir/hadoop-ozone/integration-test/target/test-dir/MiniOzoneClusterImpl-189f34b7-43e6-4b7e-82b3-72fee299e6f1/datanode-0/data/ratis/131030af-d561-4ccb-8e10-d02810bb7c7f/current/log_inprogress_0
2019-09-12 10:09:08,559 [Thread-185] INFO  impl.FollowerState (FollowerState.java:run(106)) - e555ab07-8ec7-47a5-b037-b4b5d30098f1:group-46151549BC1E changes to CANDIDATE, lastRpcTime:5083, electionTimeout:5083ms
2019-09-12 10:09:08,560 [Thread-185] INFO  impl.RoleInfo (RoleInfo.java:shutdownFollowerState(121)) - e555ab07-8ec7-47a5-b037-b4b5d30098f1: shutdown FollowerState
2019-09-12 10:09:08,560 [Thread-185] INFO  impl.RaftServerImpl (RaftServerImpl.java:setRole(171)) - e555ab07-8ec7-47a5-b037-b4b5d30098f1:group-46151549BC1E changes role from FOLLOWER to CANDIDATE at term 0 for changeToCandidate
2019-09-12 10:09:08,560 [Thread-185] INFO  impl.RoleInfo (RoleInfo.java:updateAndGet(143)) - e555ab07-8ec7-47a5-b037-b4b5d30098f1: start LeaderElection
2019-09-12 10:09:08,597 | INFO  | SCMAudit | user=jenkins1000 | ip=192.168.36.114 | op=SEND_HEARTBEAT {datanodeUUID=e555ab07-8ec7-47a5-b037-b4b5d30098f1, command=[]} | ret=SUCCESS |  
2019-09-12 10:09:08,617 [e555ab07-8ec7-47a5-b037-b4b5d30098f1:group-46151549BC1E:LeaderElection3] INFO  impl.LeaderElection (LeaderElection.java:askForVotes(181)) - e555ab07-8ec7-47a5-b037-b4b5d30098f1:group-46151549BC1E:LeaderElection3: begin an election at term 1 for -1: [e555ab07-8ec7-47a5-b037-b4b5d30098f1:192.168.36.114:39573], old=null
2019-09-12 10:09:08,620 [e555ab07-8ec7-47a5-b037-b4b5d30098f1:group-46151549BC1E:LeaderElection3] INFO  impl.RoleInfo (RoleInfo.java:shutdownLeaderElection(134)) - e555ab07-8ec7-47a5-b037-b4b5d30098f1: shutdown LeaderElection
2019-09-12 10:09:08,620 [e555ab07-8ec7-47a5-b037-b4b5d30098f1:group-46151549BC1E:LeaderElection3] INFO  impl.RaftServerImpl (RaftServerImpl.java:setRole(171)) - e555ab07-8ec7-47a5-b037-b4b5d30098f1:group-46151549BC1E changes role from CANDIDATE to LEADER at term 1 for changeToLeader
2019-09-12 10:09:08,620 [e555ab07-8ec7-47a5-b037-b4b5d30098f1:group-46151549BC1E:LeaderElection3] INFO  impl.RaftServerImpl (ServerState.java:setLeader(263)) - e555ab07-8ec7-47a5-b037-b4b5d30098f1:group-46151549BC1E change Leader from null to e555ab07-8ec7-47a5-b037-b4b5d30098f1 at term 1 for becomeLeader, leader elected after 5150ms
2019-09-12 10:09:08,621 [e555ab07-8ec7-47a5-b037-b4b5d30098f1:group-46151549BC1E:LeaderElection3] INFO  server.RaftServerConfigKeys (ConfUtils.java:logGet(43)) - raft.server.staging.catchup.gap = 1000 (default)
2019-09-12 10:09:08,621 [e555ab07-8ec7-47a5-b037-b4b5d30098f1:group-46151549BC1E:LeaderElection3] INFO  server.RaftServerConfigKeys (ConfUtils.java:logGet(43)) - raft.server.rpc.sleep.time = 25ms (default)
2019-09-12 10:09:08,621 [e555ab07-8ec7-47a5-b037-b4b5d30098f1:group-46151549BC1E:LeaderElection3] INFO  server.RaftServerConfigKeys (ConfUtils.java:logGet(43)) - raft.server.write.element-limit = 4096 (default)
2019-09-12 10:09:08,621 [e555ab07-8ec7-47a5-b037-b4b5d30098f1:group-46151549BC1E:LeaderElection3] INFO  server.RaftServerConfigKeys (ConfUtils.java:logGet(43)) - raft.server.watch.timeout = 10s (default)
2019-09-12 10:09:08,621 [e555ab07-8ec7-47a5-b037-b4b5d30098f1:group-46151549BC1E:LeaderElection3] INFO  server.RaftServerConfigKeys (ConfUtils.java:logGet(43)) - raft.server.watch.timeout.denomination = 1s (default)
2019-09-12 10:09:08,622 [e555ab07-8ec7-47a5-b037-b4b5d30098f1:group-46151549BC1E:LeaderElection3] INFO  server.RaftServerConfigKeys (ConfUtils.java:logGet(43)) - raft.server.watch.element-limit = 65536 (default)
2019-09-12 10:09:08,622 [e555ab07-8ec7-47a5-b037-b4b5d30098f1:group-46151549BC1E:LeaderElection3] INFO  impl.RoleInfo (RoleInfo.java:updateAndGet(143)) - e555ab07-8ec7-47a5-b037-b4b5d30098f1: start LeaderState
2019-09-12 10:09:08,622 [e555ab07-8ec7-47a5-b037-b4b5d30098f1:group-46151549BC1E:LeaderElection3] INFO  segmented.SegmentedRaftLogWorker (SegmentedRaftLogWorker.java:startLogSegment(380)) - e555ab07-8ec7-47a5-b037-b4b5d30098f1-SegmentedRaftLogWorker:Storage Directory /workdir/hadoop-ozone/integration-test/target/test-dir/MiniOzoneClusterImpl-189f34b7-43e6-4b7e-82b3-72fee299e6f1/datanode-2/data/ratis/35a17a92-8f6e-4a5e-a74e-46151549bc1e: Starting segment from index:0
2019-09-12 10:09:08,623 [e555ab07-8ec7-47a5-b037-b4b5d30098f1:group-46151549BC1E:LeaderElection3] INFO  impl.RaftServerImpl (ServerState.java:setRaftConf(361)) - e555ab07-8ec7-47a5-b037-b4b5d30098f1:group-46151549BC1E set configuration 0: [e555ab07-8ec7-47a5-b037-b4b5d30098f1:192.168.36.114:39573], old=null at 0
2019-09-12 10:09:08,707 [e555ab07-8ec7-47a5-b037-b4b5d30098f1-SegmentedRaftLogWorker:Storage Directory /workdir/hadoop-ozone/integration-test/target/test-dir/MiniOzoneClusterImpl-189f34b7-43e6-4b7e-82b3-72fee299e6f1/datanode-2/data/ratis/35a17a92-8f6e-4a5e-a74e-46151549bc1e] INFO  segmented.SegmentedRaftLogWorker (SegmentedRaftLogWorker.java:execute(569)) - e555ab07-8ec7-47a5-b037-b4b5d30098f1-SegmentedRaftLogWorker:Storage Directory /workdir/hadoop-ozone/integration-test/target/test-dir/MiniOzoneClusterImpl-189f34b7-43e6-4b7e-82b3-72fee299e6f1/datanode-2/data/ratis/35a17a92-8f6e-4a5e-a74e-46151549bc1e: created new log segment /workdir/hadoop-ozone/integration-test/target/test-dir/MiniOzoneClusterImpl-189f34b7-43e6-4b7e-82b3-72fee299e6f1/datanode-2/data/ratis/35a17a92-8f6e-4a5e-a74e-46151549bc1e/current/log_inprogress_0
2019-09-12 10:09:08,868 [Thread-188] INFO  impl.FollowerState (FollowerState.java:run(106)) - e555ab07-8ec7-47a5-b037-b4b5d30098f1:group-77CD2F477DB5 changes to CANDIDATE, lastRpcTime:5114, electionTimeout:5114ms
2019-09-12 10:09:08,868 [Thread-188] INFO  impl.RoleInfo (RoleInfo.java:shutdownFollowerState(121)) - e555ab07-8ec7-47a5-b037-b4b5d30098f1: shutdown FollowerState
2019-09-12 10:09:08,868 [Thread-188] INFO  impl.RaftServerImpl (RaftServerImpl.java:setRole(171)) - e555ab07-8ec7-47a5-b037-b4b5d30098f1:group-77CD2F477DB5 changes role from FOLLOWER to CANDIDATE at term 0 for changeToCandidate
2019-09-12 10:09:08,868 [Thread-188] INFO  impl.RoleInfo (RoleInfo.java:updateAndGet(143)) - e555ab07-8ec7-47a5-b037-b4b5d30098f1: start LeaderElection
2019-09-12 10:09:08,886 [e555ab07-8ec7-47a5-b037-b4b5d30098f1:group-77CD2F477DB5:LeaderElection4] INFO  impl.LeaderElection (LeaderElection.java:askForVotes(181)) - e555ab07-8ec7-47a5-b037-b4b5d30098f1:group-77CD2F477DB5:LeaderElection4: begin an election at term 1 for -1: [e555ab07-8ec7-47a5-b037-b4b5d30098f1:192.168.36.114:39573], old=null
2019-09-12 10:09:08,887 [e555ab07-8ec7-47a5-b037-b4b5d30098f1:group-77CD2F477DB5:LeaderElection4] INFO  impl.RoleInfo (RoleInfo.java:shutdownLeaderElection(134)) - e555ab07-8ec7-47a5-b037-b4b5d30098f1: shutdown LeaderElection
2019-09-12 10:09:08,887 [e555ab07-8ec7-47a5-b037-b4b5d30098f1:group-77CD2F477DB5:LeaderElection4] INFO  impl.RaftServerImpl (RaftServerImpl.java:setRole(171)) - e555ab07-8ec7-47a5-b037-b4b5d30098f1:group-77CD2F477DB5 changes role from CANDIDATE to LEADER at term 1 for changeToLeader
2019-09-12 10:09:08,888 [e555ab07-8ec7-47a5-b037-b4b5d30098f1:group-77CD2F477DB5:LeaderElection4] INFO  impl.RaftServerImpl (ServerState.java:setLeader(263)) - e555ab07-8ec7-47a5-b037-b4b5d30098f1:group-77CD2F477DB5 change Leader from null to e555ab07-8ec7-47a5-b037-b4b5d30098f1 at term 1 for becomeLeader, leader elected after 5140ms
2019-09-12 10:09:08,888 [e555ab07-8ec7-47a5-b037-b4b5d30098f1:group-77CD2F477DB5:LeaderElection4] INFO  server.RaftServerConfigKeys (ConfUtils.java:logGet(43)) - raft.server.staging.catchup.gap = 1000 (default)
2019-09-12 10:09:08,888 [e555ab07-8ec7-47a5-b037-b4b5d30098f1:group-77CD2F477DB5:LeaderElection4] INFO  server.RaftServerConfigKeys (ConfUtils.java:logGet(43)) - raft.server.rpc.sleep.time = 25ms (default)
2019-09-12 10:09:08,888 [e555ab07-8ec7-47a5-b037-b4b5d30098f1:group-77CD2F477DB5:LeaderElection4] INFO  server.RaftServerConfigKeys (ConfUtils.java:logGet(43)) - raft.server.write.element-limit = 4096 (default)
2019-09-12 10:09:08,888 [e555ab07-8ec7-47a5-b037-b4b5d30098f1:group-77CD2F477DB5:LeaderElection4] INFO  server.RaftServerConfigKeys (ConfUtils.java:logGet(43)) - raft.server.watch.timeout = 10s (default)
2019-09-12 10:09:08,888 [e555ab07-8ec7-47a5-b037-b4b5d30098f1:group-77CD2F477DB5:LeaderElection4] INFO  server.RaftServerConfigKeys (ConfUtils.java:logGet(43)) - raft.server.watch.timeout.denomination = 1s (default)
2019-09-12 10:09:08,889 [e555ab07-8ec7-47a5-b037-b4b5d30098f1:group-77CD2F477DB5:LeaderElection4] INFO  server.RaftServerConfigKeys (ConfUtils.java:logGet(43)) - raft.server.watch.element-limit = 65536 (default)
2019-09-12 10:09:08,889 [e555ab07-8ec7-47a5-b037-b4b5d30098f1:group-77CD2F477DB5:LeaderElection4] INFO  impl.RoleInfo (RoleInfo.java:updateAndGet(143)) - e555ab07-8ec7-47a5-b037-b4b5d30098f1: start LeaderState
2019-09-12 10:09:08,889 [e555ab07-8ec7-47a5-b037-b4b5d30098f1:group-77CD2F477DB5:LeaderElection4] INFO  segmented.SegmentedRaftLogWorker (SegmentedRaftLogWorker.java:startLogSegment(380)) - e555ab07-8ec7-47a5-b037-b4b5d30098f1-SegmentedRaftLogWorker:Storage Directory /workdir/hadoop-ozone/integration-test/target/test-dir/MiniOzoneClusterImpl-189f34b7-43e6-4b7e-82b3-72fee299e6f1/datanode-2/data/ratis/513b83a1-b602-4d70-bdb7-77cd2f477db5: Starting segment from index:0
2019-09-12 10:09:08,890 [e555ab07-8ec7-47a5-b037-b4b5d30098f1:group-77CD2F477DB5:LeaderElection4] INFO  impl.RaftServerImpl (ServerState.java:setRaftConf(361)) - e555ab07-8ec7-47a5-b037-b4b5d30098f1:group-77CD2F477DB5 set configuration 0: [e555ab07-8ec7-47a5-b037-b4b5d30098f1:192.168.36.114:39573], old=null at 0
2019-09-12 10:09:08,918 [Thread-191] INFO  impl.FollowerState (FollowerState.java:run(106)) - e555ab07-8ec7-47a5-b037-b4b5d30098f1:group-8C10F6D7719E changes to CANDIDATE, lastRpcTime:5010, electionTimeout:5005ms
2019-09-12 10:09:08,918 [Thread-191] INFO  impl.RoleInfo (RoleInfo.java:shutdownFollowerState(121)) - e555ab07-8ec7-47a5-b037-b4b5d30098f1: shutdown FollowerState
2019-09-12 10:09:08,918 [Thread-191] INFO  impl.RaftServerImpl (RaftServerImpl.java:setRole(171)) - e555ab07-8ec7-47a5-b037-b4b5d30098f1:group-8C10F6D7719E changes role from FOLLOWER to CANDIDATE at term 0 for changeToCandidate
2019-09-12 10:09:08,918 [Thread-191] INFO  impl.RoleInfo (RoleInfo.java:updateAndGet(143)) - e555ab07-8ec7-47a5-b037-b4b5d30098f1: start LeaderElection
2019-09-12 10:09:08,927 [e555ab07-8ec7-47a5-b037-b4b5d30098f1-SegmentedRaftLogWorker:Storage Directory /workdir/hadoop-ozone/integration-test/target/test-dir/MiniOzoneClusterImpl-189f34b7-43e6-4b7e-82b3-72fee299e6f1/datanode-2/data/ratis/513b83a1-b602-4d70-bdb7-77cd2f477db5] INFO  segmented.SegmentedRaftLogWorker (SegmentedRaftLogWorker.java:execute(569)) - e555ab07-8ec7-47a5-b037-b4b5d30098f1-SegmentedRaftLogWorker:Storage Directory /workdir/hadoop-ozone/integration-test/target/test-dir/MiniOzoneClusterImpl-189f34b7-43e6-4b7e-82b3-72fee299e6f1/datanode-2/data/ratis/513b83a1-b602-4d70-bdb7-77cd2f477db5: created new log segment /workdir/hadoop-ozone/integration-test/target/test-dir/MiniOzoneClusterImpl-189f34b7-43e6-4b7e-82b3-72fee299e6f1/datanode-2/data/ratis/513b83a1-b602-4d70-bdb7-77cd2f477db5/current/log_inprogress_0
2019-09-12 10:09:08,927 [e555ab07-8ec7-47a5-b037-b4b5d30098f1:group-8C10F6D7719E:LeaderElection5] INFO  impl.LeaderElection (LeaderElection.java:askForVotes(181)) - e555ab07-8ec7-47a5-b037-b4b5d30098f1:group-8C10F6D7719E:LeaderElection5: begin an election at term 1 for -1: [e555ab07-8ec7-47a5-b037-b4b5d30098f1:192.168.36.114:39573], old=null
2019-09-12 10:09:08,927 [e555ab07-8ec7-47a5-b037-b4b5d30098f1:group-8C10F6D7719E:LeaderElection5] INFO  impl.RoleInfo (RoleInfo.java:shutdownLeaderElection(134)) - e555ab07-8ec7-47a5-b037-b4b5d30098f1: shutdown LeaderElection
2019-09-12 10:09:08,927 [e555ab07-8ec7-47a5-b037-b4b5d30098f1:group-8C10F6D7719E:LeaderElection5] INFO  impl.RaftServerImpl (RaftServerImpl.java:setRole(171)) - e555ab07-8ec7-47a5-b037-b4b5d30098f1:group-8C10F6D7719E changes role from CANDIDATE to LEADER at term 1 for changeToLeader
2019-09-12 10:09:08,927 [e555ab07-8ec7-47a5-b037-b4b5d30098f1:group-8C10F6D7719E:LeaderElection5] INFO  impl.RaftServerImpl (ServerState.java:setLeader(263)) - e555ab07-8ec7-47a5-b037-b4b5d30098f1:group-8C10F6D7719E change Leader from null to e555ab07-8ec7-47a5-b037-b4b5d30098f1 at term 1 for becomeLeader, leader elected after 5026ms
2019-09-12 10:09:08,928 [e555ab07-8ec7-47a5-b037-b4b5d30098f1:group-8C10F6D7719E:LeaderElection5] INFO  server.RaftServerConfigKeys (ConfUtils.java:logGet(43)) - raft.server.staging.catchup.gap = 1000 (default)
2019-09-12 10:09:08,928 [e555ab07-8ec7-47a5-b037-b4b5d30098f1:group-8C10F6D7719E:LeaderElection5] INFO  server.RaftServerConfigKeys (ConfUtils.java:logGet(43)) - raft.server.rpc.sleep.time = 25ms (default)
2019-09-12 10:09:08,928 [e555ab07-8ec7-47a5-b037-b4b5d30098f1:group-8C10F6D7719E:LeaderElection5] INFO  server.RaftServerConfigKeys (ConfUtils.java:logGet(43)) - raft.server.write.element-limit = 4096 (default)
2019-09-12 10:09:08,929 [e555ab07-8ec7-47a5-b037-b4b5d30098f1:group-8C10F6D7719E:LeaderElection5] INFO  server.RaftServerConfigKeys (ConfUtils.java:logGet(43)) - raft.server.watch.timeout = 10s (default)
2019-09-12 10:09:08,930 [e555ab07-8ec7-47a5-b037-b4b5d30098f1:group-8C10F6D7719E:LeaderElection5] INFO  server.RaftServerConfigKeys (ConfUtils.java:logGet(43)) - raft.server.watch.timeout.denomination = 1s (default)
2019-09-12 10:09:08,930 [e555ab07-8ec7-47a5-b037-b4b5d30098f1:group-8C10F6D7719E:LeaderElection5] INFO  server.RaftServerConfigKeys (ConfUtils.java:logGet(43)) - raft.server.watch.element-limit = 65536 (default)
2019-09-12 10:09:08,930 [e555ab07-8ec7-47a5-b037-b4b5d30098f1:group-8C10F6D7719E:LeaderElection5] INFO  impl.RoleInfo (RoleInfo.java:updateAndGet(143)) - e555ab07-8ec7-47a5-b037-b4b5d30098f1: start LeaderState
2019-09-12 10:09:08,931 [e555ab07-8ec7-47a5-b037-b4b5d30098f1:group-8C10F6D7719E:LeaderElection5] INFO  segmented.SegmentedRaftLogWorker (SegmentedRaftLogWorker.java:startLogSegment(380)) - e555ab07-8ec7-47a5-b037-b4b5d30098f1-SegmentedRaftLogWorker:Storage Directory /workdir/hadoop-ozone/integration-test/target/test-dir/MiniOzoneClusterImpl-189f34b7-43e6-4b7e-82b3-72fee299e6f1/datanode-2/data/ratis/080def45-c1a4-4a94-8385-8c10f6d7719e: Starting segment from index:0
2019-09-12 10:09:08,931 [e555ab07-8ec7-47a5-b037-b4b5d30098f1:group-8C10F6D7719E:LeaderElection5] INFO  impl.RaftServerImpl (ServerState.java:setRaftConf(361)) - e555ab07-8ec7-47a5-b037-b4b5d30098f1:group-8C10F6D7719E set configuration 0: [e555ab07-8ec7-47a5-b037-b4b5d30098f1:192.168.36.114:39573], old=null at 0
2019-09-12 10:09:08,975 [e555ab07-8ec7-47a5-b037-b4b5d30098f1-SegmentedRaftLogWorker:Storage Directory /workdir/hadoop-ozone/integration-test/target/test-dir/MiniOzoneClusterImpl-189f34b7-43e6-4b7e-82b3-72fee299e6f1/datanode-2/data/ratis/080def45-c1a4-4a94-8385-8c10f6d7719e] INFO  segmented.SegmentedRaftLogWorker (SegmentedRaftLogWorker.java:execute(569)) - e555ab07-8ec7-47a5-b037-b4b5d30098f1-SegmentedRaftLogWorker:Storage Directory /workdir/hadoop-ozone/integration-test/target/test-dir/MiniOzoneClusterImpl-189f34b7-43e6-4b7e-82b3-72fee299e6f1/datanode-2/data/ratis/080def45-c1a4-4a94-8385-8c10f6d7719e: created new log segment /workdir/hadoop-ozone/integration-test/target/test-dir/MiniOzoneClusterImpl-189f34b7-43e6-4b7e-82b3-72fee299e6f1/datanode-2/data/ratis/080def45-c1a4-4a94-8385-8c10f6d7719e/current/log_inprogress_0
2019-09-12 10:09:09,125 [Thread-194] INFO  impl.FollowerState (FollowerState.java:run(106)) - e555ab07-8ec7-47a5-b037-b4b5d30098f1:group-290B1E8DDB24 changes to CANDIDATE, lastRpcTime:5050, electionTimeout:5050ms
2019-09-12 10:09:09,125 [Thread-194] INFO  impl.RoleInfo (RoleInfo.java:shutdownFollowerState(121)) - e555ab07-8ec7-47a5-b037-b4b5d30098f1: shutdown FollowerState
2019-09-12 10:09:09,125 [Thread-194] INFO  impl.RaftServerImpl (RaftServerImpl.java:setRole(171)) - e555ab07-8ec7-47a5-b037-b4b5d30098f1:group-290B1E8DDB24 changes role from FOLLOWER to CANDIDATE at term 0 for changeToCandidate
2019-09-12 10:09:09,126 [Thread-194] INFO  impl.RoleInfo (RoleInfo.java:updateAndGet(143)) - e555ab07-8ec7-47a5-b037-b4b5d30098f1: start LeaderElection
2019-09-12 10:09:09,161 [Thread-197] INFO  impl.FollowerState (FollowerState.java:run(106)) - e555ab07-8ec7-47a5-b037-b4b5d30098f1:group-127B9D6A1B82 changes to CANDIDATE, lastRpcTime:5019, electionTimeout:5019ms
2019-09-12 10:09:09,162 [Thread-197] INFO  impl.RoleInfo (RoleInfo.java:shutdownFollowerState(121)) - e555ab07-8ec7-47a5-b037-b4b5d30098f1: shutdown FollowerState
2019-09-12 10:09:09,162 [Thread-197] INFO  impl.RaftServerImpl (RaftServerImpl.java:setRole(171)) - e555ab07-8ec7-47a5-b037-b4b5d30098f1:group-127B9D6A1B82 changes role from FOLLOWER to CANDIDATE at term 0 for changeToCandidate
2019-09-12 10:09:09,163 [Thread-197] INFO  impl.RoleInfo (RoleInfo.java:updateAndGet(143)) - e555ab07-8ec7-47a5-b037-b4b5d30098f1: start LeaderElection
2019-09-12 10:09:09,209 [e555ab07-8ec7-47a5-b037-b4b5d30098f1:group-290B1E8DDB24:LeaderElection6] INFO  impl.LeaderElection (LeaderElection.java:askForVotes(181)) - e555ab07-8ec7-47a5-b037-b4b5d30098f1:group-290B1E8DDB24:LeaderElection6: begin an election at term 1 for -1: [e555ab07-8ec7-47a5-b037-b4b5d30098f1:192.168.36.114:39573], old=null
2019-09-12 10:09:09,210 [e555ab07-8ec7-47a5-b037-b4b5d30098f1:group-290B1E8DDB24:LeaderElection6] INFO  impl.RoleInfo (RoleInfo.java:shutdownLeaderElection(134)) - e555ab07-8ec7-47a5-b037-b4b5d30098f1: shutdown LeaderElection
2019-09-12 10:09:09,210 [e555ab07-8ec7-47a5-b037-b4b5d30098f1:group-290B1E8DDB24:LeaderElection6] INFO  impl.RaftServerImpl (RaftServerImpl.java:setRole(171)) - e555ab07-8ec7-47a5-b037-b4b5d30098f1:group-290B1E8DDB24 changes role from CANDIDATE to LEADER at term 1 for changeToLeader
2019-09-12 10:09:09,210 [e555ab07-8ec7-47a5-b037-b4b5d30098f1:group-290B1E8DDB24:LeaderElection6] INFO  impl.RaftServerImpl (ServerState.java:setLeader(263)) - e555ab07-8ec7-47a5-b037-b4b5d30098f1:group-290B1E8DDB24 change Leader from null to e555ab07-8ec7-47a5-b037-b4b5d30098f1 at term 1 for becomeLeader, leader elected after 5140ms
2019-09-12 10:09:09,210 [e555ab07-8ec7-47a5-b037-b4b5d30098f1:group-290B1E8DDB24:LeaderElection6] INFO  server.RaftServerConfigKeys (ConfUtils.java:logGet(43)) - raft.server.staging.catchup.gap = 1000 (default)
2019-09-12 10:09:09,211 [e555ab07-8ec7-47a5-b037-b4b5d30098f1:group-290B1E8DDB24:LeaderElection6] INFO  server.RaftServerConfigKeys (ConfUtils.java:logGet(43)) - raft.server.rpc.sleep.time = 25ms (default)
2019-09-12 10:09:09,211 [e555ab07-8ec7-47a5-b037-b4b5d30098f1:group-290B1E8DDB24:LeaderElection6] INFO  server.RaftServerConfigKeys (ConfUtils.java:logGet(43)) - raft.server.write.element-limit = 4096 (default)
2019-09-12 10:09:09,211 [e555ab07-8ec7-47a5-b037-b4b5d30098f1:group-290B1E8DDB24:LeaderElection6] INFO  server.RaftServerConfigKeys (ConfUtils.java:logGet(43)) - raft.server.watch.timeout = 10s (default)
2019-09-12 10:09:09,211 [e555ab07-8ec7-47a5-b037-b4b5d30098f1:group-290B1E8DDB24:LeaderElection6] INFO  server.RaftServerConfigKeys (ConfUtils.java:logGet(43)) - raft.server.watch.timeout.denomination = 1s (default)
2019-09-12 10:09:09,211 [e555ab07-8ec7-47a5-b037-b4b5d30098f1:group-290B1E8DDB24:LeaderElection6] INFO  server.RaftServerConfigKeys (ConfUtils.java:logGet(43)) - raft.server.watch.element-limit = 65536 (default)
2019-09-12 10:09:09,212 [e555ab07-8ec7-47a5-b037-b4b5d30098f1:group-290B1E8DDB24:LeaderElection6] INFO  impl.RoleInfo (RoleInfo.java:updateAndGet(143)) - e555ab07-8ec7-47a5-b037-b4b5d30098f1: start LeaderState
2019-09-12 10:09:09,212 [e555ab07-8ec7-47a5-b037-b4b5d30098f1:group-290B1E8DDB24:LeaderElection6] INFO  segmented.SegmentedRaftLogWorker (SegmentedRaftLogWorker.java:startLogSegment(380)) - e555ab07-8ec7-47a5-b037-b4b5d30098f1-SegmentedRaftLogWorker:Storage Directory /workdir/hadoop-ozone/integration-test/target/test-dir/MiniOzoneClusterImpl-189f34b7-43e6-4b7e-82b3-72fee299e6f1/datanode-2/data/ratis/d9f5f956-b42c-493b-bfd2-290b1e8ddb24: Starting segment from index:0
2019-09-12 10:09:09,213 [e555ab07-8ec7-47a5-b037-b4b5d30098f1:group-290B1E8DDB24:LeaderElection6] INFO  impl.RaftServerImpl (ServerState.java:setRaftConf(361)) - e555ab07-8ec7-47a5-b037-b4b5d30098f1:group-290B1E8DDB24 set configuration 0: [e555ab07-8ec7-47a5-b037-b4b5d30098f1:192.168.36.114:39573], old=null at 0
2019-09-12 10:09:09,245 [e555ab07-8ec7-47a5-b037-b4b5d30098f1:group-127B9D6A1B82:LeaderElection7] INFO  impl.LeaderElection (LeaderElection.java:askForVotes(181)) - e555ab07-8ec7-47a5-b037-b4b5d30098f1:group-127B9D6A1B82:LeaderElection7: begin an election at term 1 for -1: [e555ab07-8ec7-47a5-b037-b4b5d30098f1:192.168.36.114:39573], old=null
2019-09-12 10:09:09,245 [e555ab07-8ec7-47a5-b037-b4b5d30098f1:group-127B9D6A1B82:LeaderElection7] INFO  impl.RoleInfo (RoleInfo.java:shutdownLeaderElection(134)) - e555ab07-8ec7-47a5-b037-b4b5d30098f1: shutdown LeaderElection
2019-09-12 10:09:09,245 [e555ab07-8ec7-47a5-b037-b4b5d30098f1:group-127B9D6A1B82:LeaderElection7] INFO  impl.RaftServerImpl (RaftServerImpl.java:setRole(171)) - e555ab07-8ec7-47a5-b037-b4b5d30098f1:group-127B9D6A1B82 changes role from CANDIDATE to LEADER at term 1 for changeToLeader
2019-09-12 10:09:09,245 [e555ab07-8ec7-47a5-b037-b4b5d30098f1:group-127B9D6A1B82:LeaderElection7] INFO  impl.RaftServerImpl (ServerState.java:setLeader(263)) - e555ab07-8ec7-47a5-b037-b4b5d30098f1:group-127B9D6A1B82 change Leader from null to e555ab07-8ec7-47a5-b037-b4b5d30098f1 at term 1 for becomeLeader, leader elected after 5107ms
2019-09-12 10:09:09,246 [e555ab07-8ec7-47a5-b037-b4b5d30098f1:group-127B9D6A1B82:LeaderElection7] INFO  server.RaftServerConfigKeys (ConfUtils.java:logGet(43)) - raft.server.staging.catchup.gap = 1000 (default)
2019-09-12 10:09:09,246 [e555ab07-8ec7-47a5-b037-b4b5d30098f1:group-127B9D6A1B82:LeaderElection7] INFO  server.RaftServerConfigKeys (ConfUtils.java:logGet(43)) - raft.server.rpc.sleep.time = 25ms (default)
2019-09-12 10:09:09,246 [e555ab07-8ec7-47a5-b037-b4b5d30098f1:group-127B9D6A1B82:LeaderElection7] INFO  server.RaftServerConfigKeys (ConfUtils.java:logGet(43)) - raft.server.write.element-limit = 4096 (default)
2019-09-12 10:09:09,246 [e555ab07-8ec7-47a5-b037-b4b5d30098f1:group-127B9D6A1B82:LeaderElection7] INFO  server.RaftServerConfigKeys (ConfUtils.java:logGet(43)) - raft.server.watch.timeout = 10s (default)
2019-09-12 10:09:09,246 [e555ab07-8ec7-47a5-b037-b4b5d30098f1:group-127B9D6A1B82:LeaderElection7] INFO  server.RaftServerConfigKeys (ConfUtils.java:logGet(43)) - raft.server.watch.timeout.denomination = 1s (default)
2019-09-12 10:09:09,247 [e555ab07-8ec7-47a5-b037-b4b5d30098f1:group-127B9D6A1B82:LeaderElection7] INFO  server.RaftServerConfigKeys (ConfUtils.java:logGet(43)) - raft.server.watch.element-limit = 65536 (default)
2019-09-12 10:09:09,247 [e555ab07-8ec7-47a5-b037-b4b5d30098f1:group-127B9D6A1B82:LeaderElection7] INFO  impl.RoleInfo (RoleInfo.java:updateAndGet(143)) - e555ab07-8ec7-47a5-b037-b4b5d30098f1: start LeaderState
2019-09-12 10:09:09,247 [e555ab07-8ec7-47a5-b037-b4b5d30098f1:group-127B9D6A1B82:LeaderElection7] INFO  segmented.SegmentedRaftLogWorker (SegmentedRaftLogWorker.java:startLogSegment(380)) - e555ab07-8ec7-47a5-b037-b4b5d30098f1-SegmentedRaftLogWorker:Storage Directory /workdir/hadoop-ozone/integration-test/target/test-dir/MiniOzoneClusterImpl-189f34b7-43e6-4b7e-82b3-72fee299e6f1/datanode-2/data/ratis/314ea728-91c5-49b0-a970-127b9d6a1b82: Starting segment from index:0
2019-09-12 10:09:09,248 [e555ab07-8ec7-47a5-b037-b4b5d30098f1:group-127B9D6A1B82:LeaderElection7] INFO  impl.RaftServerImpl (ServerState.java:setRaftConf(361)) - e555ab07-8ec7-47a5-b037-b4b5d30098f1:group-127B9D6A1B82 set configuration 0: [e555ab07-8ec7-47a5-b037-b4b5d30098f1:192.168.36.114:39573], old=null at 0
2019-09-12 10:09:09,285 [e555ab07-8ec7-47a5-b037-b4b5d30098f1-SegmentedRaftLogWorker:Storage Directory /workdir/hadoop-ozone/integration-test/target/test-dir/MiniOzoneClusterImpl-189f34b7-43e6-4b7e-82b3-72fee299e6f1/datanode-2/data/ratis/314ea728-91c5-49b0-a970-127b9d6a1b82] INFO  segmented.SegmentedRaftLogWorker (SegmentedRaftLogWorker.java:execute(569)) - e555ab07-8ec7-47a5-b037-b4b5d30098f1-SegmentedRaftLogWorker:Storage Directory /workdir/hadoop-ozone/integration-test/target/test-dir/MiniOzoneClusterImpl-189f34b7-43e6-4b7e-82b3-72fee299e6f1/datanode-2/data/ratis/314ea728-91c5-49b0-a970-127b9d6a1b82: created new log segment /workdir/hadoop-ozone/integration-test/target/test-dir/MiniOzoneClusterImpl-189f34b7-43e6-4b7e-82b3-72fee299e6f1/datanode-2/data/ratis/314ea728-91c5-49b0-a970-127b9d6a1b82/current/log_inprogress_0
2019-09-12 10:09:09,285 [e555ab07-8ec7-47a5-b037-b4b5d30098f1-SegmentedRaftLogWorker:Storage Directory /workdir/hadoop-ozone/integration-test/target/test-dir/MiniOzoneClusterImpl-189f34b7-43e6-4b7e-82b3-72fee299e6f1/datanode-2/data/ratis/d9f5f956-b42c-493b-bfd2-290b1e8ddb24] INFO  segmented.SegmentedRaftLogWorker (SegmentedRaftLogWorker.java:execute(569)) - e555ab07-8ec7-47a5-b037-b4b5d30098f1-SegmentedRaftLogWorker:Storage Directory /workdir/hadoop-ozone/integration-test/target/test-dir/MiniOzoneClusterImpl-189f34b7-43e6-4b7e-82b3-72fee299e6f1/datanode-2/data/ratis/d9f5f956-b42c-493b-bfd2-290b1e8ddb24: created new log segment /workdir/hadoop-ozone/integration-test/target/test-dir/MiniOzoneClusterImpl-189f34b7-43e6-4b7e-82b3-72fee299e6f1/datanode-2/data/ratis/d9f5f956-b42c-493b-bfd2-290b1e8ddb24/current/log_inprogress_0
2019-09-12 10:09:09,365 [Thread-200] INFO  impl.FollowerState (FollowerState.java:run(106)) - 70434e9f-7dc5-4d90-a426-89ab03943309:group-6A587D626498 changes to CANDIDATE, lastRpcTime:5115, electionTimeout:5115ms
2019-09-12 10:09:09,367 [Thread-200] INFO  impl.RoleInfo (RoleInfo.java:shutdownFollowerState(121)) - 70434e9f-7dc5-4d90-a426-89ab03943309: shutdown FollowerState
2019-09-12 10:09:09,367 [Thread-200] INFO  impl.RaftServerImpl (RaftServerImpl.java:setRole(171)) - 70434e9f-7dc5-4d90-a426-89ab03943309:group-6A587D626498 changes role from FOLLOWER to CANDIDATE at term 0 for changeToCandidate
2019-09-12 10:09:09,367 [Thread-200] INFO  impl.RoleInfo (RoleInfo.java:updateAndGet(143)) - 70434e9f-7dc5-4d90-a426-89ab03943309: start LeaderElection
2019-09-12 10:09:09,383 [70434e9f-7dc5-4d90-a426-89ab03943309:group-6A587D626498:LeaderElection8] INFO  impl.LeaderElection (LeaderElection.java:askForVotes(181)) - 70434e9f-7dc5-4d90-a426-89ab03943309:group-6A587D626498:LeaderElection8: begin an election at term 1 for -1: [70434e9f-7dc5-4d90-a426-89ab03943309:192.168.36.114:42068], old=null
2019-09-12 10:09:09,384 [70434e9f-7dc5-4d90-a426-89ab03943309:group-6A587D626498:LeaderElection8] INFO  impl.RoleInfo (RoleInfo.java:shutdownLeaderElection(134)) - 70434e9f-7dc5-4d90-a426-89ab03943309: shutdown LeaderElection
2019-09-12 10:09:09,384 [70434e9f-7dc5-4d90-a426-89ab03943309:group-6A587D626498:LeaderElection8] INFO  impl.RaftServerImpl (RaftServerImpl.java:setRole(171)) - 70434e9f-7dc5-4d90-a426-89ab03943309:group-6A587D626498 changes role from CANDIDATE to LEADER at term 1 for changeToLeader
2019-09-12 10:09:09,384 [70434e9f-7dc5-4d90-a426-89ab03943309:group-6A587D626498:LeaderElection8] INFO  impl.RaftServerImpl (ServerState.java:setLeader(263)) - 70434e9f-7dc5-4d90-a426-89ab03943309:group-6A587D626498 change Leader from null to 70434e9f-7dc5-4d90-a426-89ab03943309 at term 1 for becomeLeader, leader elected after 5138ms
2019-09-12 10:09:09,384 [70434e9f-7dc5-4d90-a426-89ab03943309:group-6A587D626498:LeaderElection8] INFO  server.RaftServerConfigKeys (ConfUtils.java:logGet(43)) - raft.server.staging.catchup.gap = 1000 (default)
2019-09-12 10:09:09,384 [70434e9f-7dc5-4d90-a426-89ab03943309:group-6A587D626498:LeaderElection8] INFO  server.RaftServerConfigKeys (ConfUtils.java:logGet(43)) - raft.server.rpc.sleep.time = 25ms (default)
2019-09-12 10:09:09,384 [70434e9f-7dc5-4d90-a426-89ab03943309:group-6A587D626498:LeaderElection8] INFO  server.RaftServerConfigKeys (ConfUtils.java:logGet(43)) - raft.server.write.element-limit = 4096 (default)
2019-09-12 10:09:09,384 [70434e9f-7dc5-4d90-a426-89ab03943309:group-6A587D626498:LeaderElection8] INFO  server.RaftServerConfigKeys (ConfUtils.java:logGet(43)) - raft.server.watch.timeout = 10s (default)
2019-09-12 10:09:09,384 [70434e9f-7dc5-4d90-a426-89ab03943309:group-6A587D626498:LeaderElection8] INFO  server.RaftServerConfigKeys (ConfUtils.java:logGet(43)) - raft.server.watch.timeout.denomination = 1s (default)
2019-09-12 10:09:09,385 [70434e9f-7dc5-4d90-a426-89ab03943309:group-6A587D626498:LeaderElection8] INFO  server.RaftServerConfigKeys (ConfUtils.java:logGet(43)) - raft.server.watch.element-limit = 65536 (default)
2019-09-12 10:09:09,385 [70434e9f-7dc5-4d90-a426-89ab03943309:group-6A587D626498:LeaderElection8] INFO  impl.RoleInfo (RoleInfo.java:updateAndGet(143)) - 70434e9f-7dc5-4d90-a426-89ab03943309: start LeaderState
2019-09-12 10:09:09,385 [70434e9f-7dc5-4d90-a426-89ab03943309:group-6A587D626498:LeaderElection8] INFO  segmented.SegmentedRaftLogWorker (SegmentedRaftLogWorker.java:startLogSegment(380)) - 70434e9f-7dc5-4d90-a426-89ab03943309-SegmentedRaftLogWorker:Storage Directory /workdir/hadoop-ozone/integration-test/target/test-dir/MiniOzoneClusterImpl-189f34b7-43e6-4b7e-82b3-72fee299e6f1/datanode-0/data/ratis/203656c5-583d-48bc-bfc2-6a587d626498: Starting segment from index:0
2019-09-12 10:09:09,386 [70434e9f-7dc5-4d90-a426-89ab03943309:group-6A587D626498:LeaderElection8] INFO  impl.RaftServerImpl (ServerState.java:setRaftConf(361)) - 70434e9f-7dc5-4d90-a426-89ab03943309:group-6A587D626498 set configuration 0: [70434e9f-7dc5-4d90-a426-89ab03943309:192.168.36.114:42068], old=null at 0
2019-09-12 10:09:09,428 [70434e9f-7dc5-4d90-a426-89ab03943309-SegmentedRaftLogWorker:Storage Directory /workdir/hadoop-ozone/integration-test/target/test-dir/MiniOzoneClusterImpl-189f34b7-43e6-4b7e-82b3-72fee299e6f1/datanode-0/data/ratis/203656c5-583d-48bc-bfc2-6a587d626498] INFO  segmented.SegmentedRaftLogWorker (SegmentedRaftLogWorker.java:execute(569)) - 70434e9f-7dc5-4d90-a426-89ab03943309-SegmentedRaftLogWorker:Storage Directory /workdir/hadoop-ozone/integration-test/target/test-dir/MiniOzoneClusterImpl-189f34b7-43e6-4b7e-82b3-72fee299e6f1/datanode-0/data/ratis/203656c5-583d-48bc-bfc2-6a587d626498: created new log segment /workdir/hadoop-ozone/integration-test/target/test-dir/MiniOzoneClusterImpl-189f34b7-43e6-4b7e-82b3-72fee299e6f1/datanode-0/data/ratis/203656c5-583d-48bc-bfc2-6a587d626498/current/log_inprogress_0
2019-09-12 10:09:09,546 [Thread-203] INFO  impl.FollowerState (FollowerState.java:run(106)) - 70434e9f-7dc5-4d90-a426-89ab03943309:group-7683B7E925AD changes to CANDIDATE, lastRpcTime:5169, electionTimeout:5169ms
2019-09-12 10:09:09,547 [Thread-203] INFO  impl.RoleInfo (RoleInfo.java:shutdownFollowerState(121)) - 70434e9f-7dc5-4d90-a426-89ab03943309: shutdown FollowerState
2019-09-12 10:09:09,547 [Thread-203] INFO  impl.RaftServerImpl (RaftServerImpl.java:setRole(171)) - 70434e9f-7dc5-4d90-a426-89ab03943309:group-7683B7E925AD changes role from FOLLOWER to CANDIDATE at term 0 for changeToCandidate
2019-09-12 10:09:09,547 [Thread-203] INFO  impl.RoleInfo (RoleInfo.java:updateAndGet(143)) - 70434e9f-7dc5-4d90-a426-89ab03943309: start LeaderElection
2019-09-12 10:09:09,587 [70434e9f-7dc5-4d90-a426-89ab03943309:group-7683B7E925AD:LeaderElection9] INFO  impl.LeaderElection (LeaderElection.java:askForVotes(181)) - 70434e9f-7dc5-4d90-a426-89ab03943309:group-7683B7E925AD:LeaderElection9: begin an election at term 1 for -1: [70434e9f-7dc5-4d90-a426-89ab03943309:192.168.36.114:42068], old=null
2019-09-12 10:09:09,588 [70434e9f-7dc5-4d90-a426-89ab03943309:group-7683B7E925AD:LeaderElection9] INFO  impl.RoleInfo (RoleInfo.java:shutdownLeaderElection(134)) - 70434e9f-7dc5-4d90-a426-89ab03943309: shutdown LeaderElection
2019-09-12 10:09:09,588 [70434e9f-7dc5-4d90-a426-89ab03943309:group-7683B7E925AD:LeaderElection9] INFO  impl.RaftServerImpl (RaftServerImpl.java:setRole(171)) - 70434e9f-7dc5-4d90-a426-89ab03943309:group-7683B7E925AD changes role from CANDIDATE to LEADER at term 1 for changeToLeader
2019-09-12 10:09:09,589 [70434e9f-7dc5-4d90-a426-89ab03943309:group-7683B7E925AD:LeaderElection9] INFO  impl.RaftServerImpl (ServerState.java:setLeader(263)) - 70434e9f-7dc5-4d90-a426-89ab03943309:group-7683B7E925AD change Leader from null to 70434e9f-7dc5-4d90-a426-89ab03943309 at term 1 for becomeLeader, leader elected after 5217ms
2019-09-12 10:09:09,589 [70434e9f-7dc5-4d90-a426-89ab03943309:group-7683B7E925AD:LeaderElection9] INFO  server.RaftServerConfigKeys (ConfUtils.java:logGet(43)) - raft.server.staging.catchup.gap = 1000 (default)
2019-09-12 10:09:09,589 [70434e9f-7dc5-4d90-a426-89ab03943309:group-7683B7E925AD:LeaderElection9] INFO  server.RaftServerConfigKeys (ConfUtils.java:logGet(43)) - raft.server.rpc.sleep.time = 25ms (default)
2019-09-12 10:09:09,589 [70434e9f-7dc5-4d90-a426-89ab03943309:group-7683B7E925AD:LeaderElection9] INFO  server.RaftServerConfigKeys (ConfUtils.java:logGet(43)) - raft.server.write.element-limit = 4096 (default)
2019-09-12 10:09:09,590 [70434e9f-7dc5-4d90-a426-89ab03943309:group-7683B7E925AD:LeaderElection9] INFO  server.RaftServerConfigKeys (ConfUtils.java:logGet(43)) - raft.server.watch.timeout = 10s (default)
2019-09-12 10:09:09,590 [70434e9f-7dc5-4d90-a426-89ab03943309:group-7683B7E925AD:LeaderElection9] INFO  server.RaftServerConfigKeys (ConfUtils.java:logGet(43)) - raft.server.watch.timeout.denomination = 1s (default)
2019-09-12 10:09:09,590 [70434e9f-7dc5-4d90-a426-89ab03943309:group-7683B7E925AD:LeaderElection9] INFO  server.RaftServerConfigKeys (ConfUtils.java:logGet(43)) - raft.server.watch.element-limit = 65536 (default)
2019-09-12 10:09:09,590 [70434e9f-7dc5-4d90-a426-89ab03943309:group-7683B7E925AD:LeaderElection9] INFO  impl.RoleInfo (RoleInfo.java:updateAndGet(143)) - 70434e9f-7dc5-4d90-a426-89ab03943309: start LeaderState
2019-09-12 10:09:09,591 [70434e9f-7dc5-4d90-a426-89ab03943309:group-7683B7E925AD:LeaderElection9] INFO  segmented.SegmentedRaftLogWorker (SegmentedRaftLogWorker.java:startLogSegment(380)) - 70434e9f-7dc5-4d90-a426-89ab03943309-SegmentedRaftLogWorker:Storage Directory /workdir/hadoop-ozone/integration-test/target/test-dir/MiniOzoneClusterImpl-189f34b7-43e6-4b7e-82b3-72fee299e6f1/datanode-0/data/ratis/7e00741a-9ac4-4e36-b082-7683b7e925ad: Starting segment from index:0
2019-09-12 10:09:09,591 [70434e9f-7dc5-4d90-a426-89ab03943309:group-7683B7E925AD:LeaderElection9] INFO  impl.RaftServerImpl (ServerState.java:setRaftConf(361)) - 70434e9f-7dc5-4d90-a426-89ab03943309:group-7683B7E925AD set configuration 0: [70434e9f-7dc5-4d90-a426-89ab03943309:192.168.36.114:42068], old=null at 0
2019-09-12 10:09:09,633 | INFO  | SCMAudit | user=jenkins1000 | ip=192.168.36.114 | op=SEND_HEARTBEAT {datanodeUUID=e555ab07-8ec7-47a5-b037-b4b5d30098f1, command=[]} | ret=SUCCESS |  
2019-09-12 10:09:09,680 [70434e9f-7dc5-4d90-a426-89ab03943309-SegmentedRaftLogWorker:Storage Directory /workdir/hadoop-ozone/integration-test/target/test-dir/MiniOzoneClusterImpl-189f34b7-43e6-4b7e-82b3-72fee299e6f1/datanode-0/data/ratis/7e00741a-9ac4-4e36-b082-7683b7e925ad] INFO  segmented.SegmentedRaftLogWorker (SegmentedRaftLogWorker.java:execute(569)) - 70434e9f-7dc5-4d90-a426-89ab03943309-SegmentedRaftLogWorker:Storage Directory /workdir/hadoop-ozone/integration-test/target/test-dir/MiniOzoneClusterImpl-189f34b7-43e6-4b7e-82b3-72fee299e6f1/datanode-0/data/ratis/7e00741a-9ac4-4e36-b082-7683b7e925ad: created new log segment /workdir/hadoop-ozone/integration-test/target/test-dir/MiniOzoneClusterImpl-189f34b7-43e6-4b7e-82b3-72fee299e6f1/datanode-0/data/ratis/7e00741a-9ac4-4e36-b082-7683b7e925ad/current/log_inprogress_0
2019-09-12 10:09:09,738 [Thread-206] INFO  impl.FollowerState (FollowerState.java:run(106)) - 70434e9f-7dc5-4d90-a426-89ab03943309:group-EE5CFCA927A2 changes to CANDIDATE, lastRpcTime:5146, electionTimeout:5146ms
2019-09-12 10:09:09,738 [Thread-206] INFO  impl.RoleInfo (RoleInfo.java:shutdownFollowerState(121)) - 70434e9f-7dc5-4d90-a426-89ab03943309: shutdown FollowerState
2019-09-12 10:09:09,739 [Thread-206] INFO  impl.RaftServerImpl (RaftServerImpl.java:setRole(171)) - 70434e9f-7dc5-4d90-a426-89ab03943309:group-EE5CFCA927A2 changes role from FOLLOWER to CANDIDATE at term 0 for changeToCandidate
2019-09-12 10:09:09,739 [Thread-206] INFO  impl.RoleInfo (RoleInfo.java:updateAndGet(143)) - 70434e9f-7dc5-4d90-a426-89ab03943309: start LeaderElection
2019-09-12 10:09:09,803 [70434e9f-7dc5-4d90-a426-89ab03943309:group-EE5CFCA927A2:LeaderElection10] INFO  impl.LeaderElection (LeaderElection.java:askForVotes(181)) - 70434e9f-7dc5-4d90-a426-89ab03943309:group-EE5CFCA927A2:LeaderElection10: begin an election at term 1 for -1: [70434e9f-7dc5-4d90-a426-89ab03943309:192.168.36.114:42068], old=null
2019-09-12 10:09:09,805 [70434e9f-7dc5-4d90-a426-89ab03943309:group-EE5CFCA927A2:LeaderElection10] INFO  impl.RoleInfo (RoleInfo.java:shutdownLeaderElection(134)) - 70434e9f-7dc5-4d90-a426-89ab03943309: shutdown LeaderElection
2019-09-12 10:09:09,805 [70434e9f-7dc5-4d90-a426-89ab03943309:group-EE5CFCA927A2:LeaderElection10] INFO  impl.RaftServerImpl (RaftServerImpl.java:setRole(171)) - 70434e9f-7dc5-4d90-a426-89ab03943309:group-EE5CFCA927A2 changes role from CANDIDATE to LEADER at term 1 for changeToLeader
2019-09-12 10:09:09,805 [70434e9f-7dc5-4d90-a426-89ab03943309:group-EE5CFCA927A2:LeaderElection10] INFO  impl.RaftServerImpl (ServerState.java:setLeader(263)) - 70434e9f-7dc5-4d90-a426-89ab03943309:group-EE5CFCA927A2 change Leader from null to 70434e9f-7dc5-4d90-a426-89ab03943309 at term 1 for becomeLeader, leader elected after 5218ms
2019-09-12 10:09:09,805 [70434e9f-7dc5-4d90-a426-89ab03943309:group-EE5CFCA927A2:LeaderElection10] INFO  server.RaftServerConfigKeys (ConfUtils.java:logGet(43)) - raft.server.staging.catchup.gap = 1000 (default)
2019-09-12 10:09:09,805 [70434e9f-7dc5-4d90-a426-89ab03943309:group-EE5CFCA927A2:LeaderElection10] INFO  server.RaftServerConfigKeys (ConfUtils.java:logGet(43)) - raft.server.rpc.sleep.time = 25ms (default)
2019-09-12 10:09:09,806 [70434e9f-7dc5-4d90-a426-89ab03943309:group-EE5CFCA927A2:LeaderElection10] INFO  server.RaftServerConfigKeys (ConfUtils.java:logGet(43)) - raft.server.write.element-limit = 4096 (default)
2019-09-12 10:09:09,806 [70434e9f-7dc5-4d90-a426-89ab03943309:group-EE5CFCA927A2:LeaderElection10] INFO  server.RaftServerConfigKeys (ConfUtils.java:logGet(43)) - raft.server.watch.timeout = 10s (default)
2019-09-12 10:09:09,806 [70434e9f-7dc5-4d90-a426-89ab03943309:group-EE5CFCA927A2:LeaderElection10] INFO  server.RaftServerConfigKeys (ConfUtils.java:logGet(43)) - raft.server.watch.timeout.denomination = 1s (default)
2019-09-12 10:09:09,806 [70434e9f-7dc5-4d90-a426-89ab03943309:group-EE5CFCA927A2:LeaderElection10] INFO  server.RaftServerConfigKeys (ConfUtils.java:logGet(43)) - raft.server.watch.element-limit = 65536 (default)
2019-09-12 10:09:09,806 [70434e9f-7dc5-4d90-a426-89ab03943309:group-EE5CFCA927A2:LeaderElection10] INFO  impl.RoleInfo (RoleInfo.java:updateAndGet(143)) - 70434e9f-7dc5-4d90-a426-89ab03943309: start LeaderState
2019-09-12 10:09:09,807 [70434e9f-7dc5-4d90-a426-89ab03943309:group-EE5CFCA927A2:LeaderElection10] INFO  segmented.SegmentedRaftLogWorker (SegmentedRaftLogWorker.java:startLogSegment(380)) - 70434e9f-7dc5-4d90-a426-89ab03943309-SegmentedRaftLogWorker:Storage Directory /workdir/hadoop-ozone/integration-test/target/test-dir/MiniOzoneClusterImpl-189f34b7-43e6-4b7e-82b3-72fee299e6f1/datanode-0/data/ratis/c69cb9ac-e4c6-4fca-8ff1-ee5cfca927a2: Starting segment from index:0
2019-09-12 10:09:09,808 [70434e9f-7dc5-4d90-a426-89ab03943309:group-EE5CFCA927A2:LeaderElection10] INFO  impl.RaftServerImpl (ServerState.java:setRaftConf(361)) - 70434e9f-7dc5-4d90-a426-89ab03943309:group-EE5CFCA927A2 set configuration 0: [70434e9f-7dc5-4d90-a426-89ab03943309:192.168.36.114:42068], old=null at 0
2019-09-12 10:09:09,918 [70434e9f-7dc5-4d90-a426-89ab03943309-SegmentedRaftLogWorker:Storage Directory /workdir/hadoop-ozone/integration-test/target/test-dir/MiniOzoneClusterImpl-189f34b7-43e6-4b7e-82b3-72fee299e6f1/datanode-0/data/ratis/c69cb9ac-e4c6-4fca-8ff1-ee5cfca927a2] INFO  segmented.SegmentedRaftLogWorker (SegmentedRaftLogWorker.java:execute(569)) - 70434e9f-7dc5-4d90-a426-89ab03943309-SegmentedRaftLogWorker:Storage Directory /workdir/hadoop-ozone/integration-test/target/test-dir/MiniOzoneClusterImpl-189f34b7-43e6-4b7e-82b3-72fee299e6f1/datanode-0/data/ratis/c69cb9ac-e4c6-4fca-8ff1-ee5cfca927a2: created new log segment /workdir/hadoop-ozone/integration-test/target/test-dir/MiniOzoneClusterImpl-189f34b7-43e6-4b7e-82b3-72fee299e6f1/datanode-0/data/ratis/c69cb9ac-e4c6-4fca-8ff1-ee5cfca927a2/current/log_inprogress_0
2019-09-12 10:09:09,919 [Thread-210] INFO  impl.FollowerState (FollowerState.java:run(106)) - 70434e9f-7dc5-4d90-a426-89ab03943309:group-8EF10F55B276 changes to CANDIDATE, lastRpcTime:5142, electionTimeout:5142ms
2019-09-12 10:09:09,919 [Thread-210] INFO  impl.RoleInfo (RoleInfo.java:shutdownFollowerState(121)) - 70434e9f-7dc5-4d90-a426-89ab03943309: shutdown FollowerState
2019-09-12 10:09:09,919 [Thread-210] INFO  impl.RaftServerImpl (RaftServerImpl.java:setRole(171)) - 70434e9f-7dc5-4d90-a426-89ab03943309:group-8EF10F55B276 changes role from FOLLOWER to CANDIDATE at term 0 for changeToCandidate
2019-09-12 10:09:09,919 [Thread-210] INFO  impl.RoleInfo (RoleInfo.java:updateAndGet(143)) - 70434e9f-7dc5-4d90-a426-89ab03943309: start LeaderElection
2019-09-12 10:09:09,940 [70434e9f-7dc5-4d90-a426-89ab03943309:group-8EF10F55B276:LeaderElection11] INFO  impl.LeaderElection (LeaderElection.java:askForVotes(181)) - 70434e9f-7dc5-4d90-a426-89ab03943309:group-8EF10F55B276:LeaderElection11: begin an election at term 1 for -1: [70434e9f-7dc5-4d90-a426-89ab03943309:192.168.36.114:42068], old=null
2019-09-12 10:09:09,942 [70434e9f-7dc5-4d90-a426-89ab03943309:group-8EF10F55B276:LeaderElection11] INFO  impl.RoleInfo (RoleInfo.java:shutdownLeaderElection(134)) - 70434e9f-7dc5-4d90-a426-89ab03943309: shutdown LeaderElection
2019-09-12 10:09:09,942 [70434e9f-7dc5-4d90-a426-89ab03943309:group-8EF10F55B276:LeaderElection11] INFO  impl.RaftServerImpl (RaftServerImpl.java:setRole(171)) - 70434e9f-7dc5-4d90-a426-89ab03943309:group-8EF10F55B276 changes role from CANDIDATE to LEADER at term 1 for changeToLeader
2019-09-12 10:09:09,942 [70434e9f-7dc5-4d90-a426-89ab03943309:group-8EF10F55B276:LeaderElection11] INFO  impl.RaftServerImpl (ServerState.java:setLeader(263)) - 70434e9f-7dc5-4d90-a426-89ab03943309:group-8EF10F55B276 change Leader from null to 70434e9f-7dc5-4d90-a426-89ab03943309 at term 1 for becomeLeader, leader elected after 5171ms
2019-09-12 10:09:09,942 [70434e9f-7dc5-4d90-a426-89ab03943309:group-8EF10F55B276:LeaderElection11] INFO  server.RaftServerConfigKeys (ConfUtils.java:logGet(43)) - raft.server.staging.catchup.gap = 1000 (default)
2019-09-12 10:09:09,942 [70434e9f-7dc5-4d90-a426-89ab03943309:group-8EF10F55B276:LeaderElection11] INFO  server.RaftServerConfigKeys (ConfUtils.java:logGet(43)) - raft.server.rpc.sleep.time = 25ms (default)
2019-09-12 10:09:09,943 [70434e9f-7dc5-4d90-a426-89ab03943309:group-8EF10F55B276:LeaderElection11] INFO  server.RaftServerConfigKeys (ConfUtils.java:logGet(43)) - raft.server.write.element-limit = 4096 (default)
2019-09-12 10:09:09,943 [70434e9f-7dc5-4d90-a426-89ab03943309:group-8EF10F55B276:LeaderElection11] INFO  server.RaftServerConfigKeys (ConfUtils.java:logGet(43)) - raft.server.watch.timeout = 10s (default)
2019-09-12 10:09:09,943 [70434e9f-7dc5-4d90-a426-89ab03943309:group-8EF10F55B276:LeaderElection11] INFO  server.RaftServerConfigKeys (ConfUtils.java:logGet(43)) - raft.server.watch.timeout.denomination = 1s (default)
2019-09-12 10:09:09,943 [70434e9f-7dc5-4d90-a426-89ab03943309:group-8EF10F55B276:LeaderElection11] INFO  server.RaftServerConfigKeys (ConfUtils.java:logGet(43)) - raft.server.watch.element-limit = 65536 (default)
2019-09-12 10:09:09,944 [70434e9f-7dc5-4d90-a426-89ab03943309:group-8EF10F55B276:LeaderElection11] INFO  impl.RoleInfo (RoleInfo.java:updateAndGet(143)) - 70434e9f-7dc5-4d90-a426-89ab03943309: start LeaderState
2019-09-12 10:09:09,944 [70434e9f-7dc5-4d90-a426-89ab03943309:group-8EF10F55B276:LeaderElection11] INFO  segmented.SegmentedRaftLogWorker (SegmentedRaftLogWorker.java:startLogSegment(380)) - 70434e9f-7dc5-4d90-a426-89ab03943309-SegmentedRaftLogWorker:Storage Directory /workdir/hadoop-ozone/integration-test/target/test-dir/MiniOzoneClusterImpl-189f34b7-43e6-4b7e-82b3-72fee299e6f1/datanode-0/data/ratis/1058e069-8b76-490f-a662-8ef10f55b276: Starting segment from index:0
2019-09-12 10:09:09,945 [70434e9f-7dc5-4d90-a426-89ab03943309:group-8EF10F55B276:LeaderElection11] INFO  impl.RaftServerImpl (ServerState.java:setRaftConf(361)) - 70434e9f-7dc5-4d90-a426-89ab03943309:group-8EF10F55B276 set configuration 0: [70434e9f-7dc5-4d90-a426-89ab03943309:192.168.36.114:42068], old=null at 0
2019-09-12 10:09:10,026 [70434e9f-7dc5-4d90-a426-89ab03943309-SegmentedRaftLogWorker:Storage Directory /workdir/hadoop-ozone/integration-test/target/test-dir/MiniOzoneClusterImpl-189f34b7-43e6-4b7e-82b3-72fee299e6f1/datanode-0/data/ratis/1058e069-8b76-490f-a662-8ef10f55b276] INFO  segmented.SegmentedRaftLogWorker (SegmentedRaftLogWorker.java:execute(569)) - 70434e9f-7dc5-4d90-a426-89ab03943309-SegmentedRaftLogWorker:Storage Directory /workdir/hadoop-ozone/integration-test/target/test-dir/MiniOzoneClusterImpl-189f34b7-43e6-4b7e-82b3-72fee299e6f1/datanode-0/data/ratis/1058e069-8b76-490f-a662-8ef10f55b276: created new log segment /workdir/hadoop-ozone/integration-test/target/test-dir/MiniOzoneClusterImpl-189f34b7-43e6-4b7e-82b3-72fee299e6f1/datanode-0/data/ratis/1058e069-8b76-490f-a662-8ef10f55b276/current/log_inprogress_0
2019-09-12 10:09:10,070 [Thread-216] INFO  impl.FollowerState (FollowerState.java:run(106)) - 70434e9f-7dc5-4d90-a426-89ab03943309:group-26F16CAAAEA4 changes to CANDIDATE, lastRpcTime:5005, electionTimeout:5005ms
2019-09-12 10:09:10,070 [Thread-216] INFO  impl.RoleInfo (RoleInfo.java:shutdownFollowerState(121)) - 70434e9f-7dc5-4d90-a426-89ab03943309: shutdown FollowerState
2019-09-12 10:09:10,070 [Thread-216] INFO  impl.RaftServerImpl (RaftServerImpl.java:setRole(171)) - 70434e9f-7dc5-4d90-a426-89ab03943309:group-26F16CAAAEA4 changes role from FOLLOWER to CANDIDATE at term 0 for changeToCandidate
2019-09-12 10:09:10,070 [Thread-216] INFO  impl.RoleInfo (RoleInfo.java:updateAndGet(143)) - 70434e9f-7dc5-4d90-a426-89ab03943309: start LeaderElection
2019-09-12 10:09:10,088 [70434e9f-7dc5-4d90-a426-89ab03943309:group-26F16CAAAEA4:LeaderElection12] INFO  impl.LeaderElection (LeaderElection.java:askForVotes(181)) - 70434e9f-7dc5-4d90-a426-89ab03943309:group-26F16CAAAEA4:LeaderElection12: begin an election at term 1 for -1: [70434e9f-7dc5-4d90-a426-89ab03943309:192.168.36.114:42068], old=null
2019-09-12 10:09:10,089 [70434e9f-7dc5-4d90-a426-89ab03943309:group-26F16CAAAEA4:LeaderElection12] INFO  impl.RoleInfo (RoleInfo.java:shutdownLeaderElection(134)) - 70434e9f-7dc5-4d90-a426-89ab03943309: shutdown LeaderElection
2019-09-12 10:09:10,089 [70434e9f-7dc5-4d90-a426-89ab03943309:group-26F16CAAAEA4:LeaderElection12] INFO  impl.RaftServerImpl (RaftServerImpl.java:setRole(171)) - 70434e9f-7dc5-4d90-a426-89ab03943309:group-26F16CAAAEA4 changes role from CANDIDATE to LEADER at term 1 for changeToLeader
2019-09-12 10:09:10,089 [70434e9f-7dc5-4d90-a426-89ab03943309:group-26F16CAAAEA4:LeaderElection12] INFO  impl.RaftServerImpl (ServerState.java:setLeader(263)) - 70434e9f-7dc5-4d90-a426-89ab03943309:group-26F16CAAAEA4 change Leader from null to 70434e9f-7dc5-4d90-a426-89ab03943309 at term 1 for becomeLeader, leader elected after 5028ms
2019-09-12 10:09:10,089 [70434e9f-7dc5-4d90-a426-89ab03943309:group-26F16CAAAEA4:LeaderElection12] INFO  server.RaftServerConfigKeys (ConfUtils.java:logGet(43)) - raft.server.staging.catchup.gap = 1000 (default)
2019-09-12 10:09:10,090 [70434e9f-7dc5-4d90-a426-89ab03943309:group-26F16CAAAEA4:LeaderElection12] INFO  server.RaftServerConfigKeys (ConfUtils.java:logGet(43)) - raft.server.rpc.sleep.time = 25ms (default)
2019-09-12 10:09:10,090 [70434e9f-7dc5-4d90-a426-89ab03943309:group-26F16CAAAEA4:LeaderElection12] INFO  server.RaftServerConfigKeys (ConfUtils.java:logGet(43)) - raft.server.write.element-limit = 4096 (default)
2019-09-12 10:09:10,090 [70434e9f-7dc5-4d90-a426-89ab03943309:group-26F16CAAAEA4:LeaderElection12] INFO  server.RaftServerConfigKeys (ConfUtils.java:logGet(43)) - raft.server.watch.timeout = 10s (default)
2019-09-12 10:09:10,090 [70434e9f-7dc5-4d90-a426-89ab03943309:group-26F16CAAAEA4:LeaderElection12] INFO  server.RaftServerConfigKeys (ConfUtils.java:logGet(43)) - raft.server.watch.timeout.denomination = 1s (default)
2019-09-12 10:09:10,090 [70434e9f-7dc5-4d90-a426-89ab03943309:group-26F16CAAAEA4:LeaderElection12] INFO  server.RaftServerConfigKeys (ConfUtils.java:logGet(43)) - raft.server.watch.element-limit = 65536 (default)
2019-09-12 10:09:10,091 [70434e9f-7dc5-4d90-a426-89ab03943309:group-26F16CAAAEA4:LeaderElection12] INFO  impl.RoleInfo (RoleInfo.java:updateAndGet(143)) - 70434e9f-7dc5-4d90-a426-89ab03943309: start LeaderState
2019-09-12 10:09:10,091 [70434e9f-7dc5-4d90-a426-89ab03943309:group-26F16CAAAEA4:LeaderElection12] INFO  segmented.SegmentedRaftLogWorker (SegmentedRaftLogWorker.java:startLogSegment(380)) - 70434e9f-7dc5-4d90-a426-89ab03943309-SegmentedRaftLogWorker:Storage Directory /workdir/hadoop-ozone/integration-test/target/test-dir/MiniOzoneClusterImpl-189f34b7-43e6-4b7e-82b3-72fee299e6f1/datanode-0/data/ratis/c0285dc2-f863-4257-bf99-26f16caaaea4: Starting segment from index:0
2019-09-12 10:09:10,092 [70434e9f-7dc5-4d90-a426-89ab03943309:group-26F16CAAAEA4:LeaderElection12] INFO  impl.RaftServerImpl (ServerState.java:setRaftConf(361)) - 70434e9f-7dc5-4d90-a426-89ab03943309:group-26F16CAAAEA4 set configuration 0: [70434e9f-7dc5-4d90-a426-89ab03943309:192.168.36.114:42068], old=null at 0
2019-09-12 10:09:10,131 [70434e9f-7dc5-4d90-a426-89ab03943309-SegmentedRaftLogWorker:Storage Directory /workdir/hadoop-ozone/integration-test/target/test-dir/MiniOzoneClusterImpl-189f34b7-43e6-4b7e-82b3-72fee299e6f1/datanode-0/data/ratis/c0285dc2-f863-4257-bf99-26f16caaaea4] INFO  segmented.SegmentedRaftLogWorker (SegmentedRaftLogWorker.java:execute(569)) - 70434e9f-7dc5-4d90-a426-89ab03943309-SegmentedRaftLogWorker:Storage Directory /workdir/hadoop-ozone/integration-test/target/test-dir/MiniOzoneClusterImpl-189f34b7-43e6-4b7e-82b3-72fee299e6f1/datanode-0/data/ratis/c0285dc2-f863-4257-bf99-26f16caaaea4: created new log segment /workdir/hadoop-ozone/integration-test/target/test-dir/MiniOzoneClusterImpl-189f34b7-43e6-4b7e-82b3-72fee299e6f1/datanode-0/data/ratis/c0285dc2-f863-4257-bf99-26f16caaaea4/current/log_inprogress_0
2019-09-12 10:09:10,196 [Thread-213] INFO  impl.FollowerState (FollowerState.java:run(106)) - 2c56f4af-a416-42b4-89f1-011c972a54a7:group-47B85998409E changes to CANDIDATE, lastRpcTime:5187, electionTimeout:5187ms
2019-09-12 10:09:10,196 [Thread-213] INFO  impl.RoleInfo (RoleInfo.java:shutdownFollowerState(121)) - 2c56f4af-a416-42b4-89f1-011c972a54a7: shutdown FollowerState
2019-09-12 10:09:10,196 [Thread-213] INFO  impl.RaftServerImpl (RaftServerImpl.java:setRole(171)) - 2c56f4af-a416-42b4-89f1-011c972a54a7:group-47B85998409E changes role from FOLLOWER to CANDIDATE at term 0 for changeToCandidate
2019-09-12 10:09:10,197 [Thread-213] INFO  impl.RoleInfo (RoleInfo.java:updateAndGet(143)) - 2c56f4af-a416-42b4-89f1-011c972a54a7: start LeaderElection
2019-09-12 10:09:10,241 [2c56f4af-a416-42b4-89f1-011c972a54a7:group-47B85998409E:LeaderElection13] INFO  impl.LeaderElection (LeaderElection.java:askForVotes(181)) - 2c56f4af-a416-42b4-89f1-011c972a54a7:group-47B85998409E:LeaderElection13: begin an election at term 1 for -1: [2c56f4af-a416-42b4-89f1-011c972a54a7:192.168.36.114:41187], old=null
2019-09-12 10:09:10,243 [2c56f4af-a416-42b4-89f1-011c972a54a7:group-47B85998409E:LeaderElection13] INFO  impl.RoleInfo (RoleInfo.java:shutdownLeaderElection(134)) - 2c56f4af-a416-42b4-89f1-011c972a54a7: shutdown LeaderElection
2019-09-12 10:09:10,243 [2c56f4af-a416-42b4-89f1-011c972a54a7:group-47B85998409E:LeaderElection13] INFO  impl.RaftServerImpl (RaftServerImpl.java:setRole(171)) - 2c56f4af-a416-42b4-89f1-011c972a54a7:group-47B85998409E changes role from CANDIDATE to LEADER at term 1 for changeToLeader
2019-09-12 10:09:10,243 [2c56f4af-a416-42b4-89f1-011c972a54a7:group-47B85998409E:LeaderElection13] INFO  impl.RaftServerImpl (ServerState.java:setLeader(263)) - 2c56f4af-a416-42b4-89f1-011c972a54a7:group-47B85998409E change Leader from null to 2c56f4af-a416-42b4-89f1-011c972a54a7 at term 1 for becomeLeader, leader elected after 5240ms
2019-09-12 10:09:10,243 [2c56f4af-a416-42b4-89f1-011c972a54a7:group-47B85998409E:LeaderElection13] INFO  server.RaftServerConfigKeys (ConfUtils.java:logGet(43)) - raft.server.staging.catchup.gap = 1000 (default)
2019-09-12 10:09:10,243 [2c56f4af-a416-42b4-89f1-011c972a54a7:group-47B85998409E:LeaderElection13] INFO  server.RaftServerConfigKeys (ConfUtils.java:logGet(43)) - raft.server.rpc.sleep.time = 25ms (default)
2019-09-12 10:09:10,244 [2c56f4af-a416-42b4-89f1-011c972a54a7:group-47B85998409E:LeaderElection13] INFO  server.RaftServerConfigKeys (ConfUtils.java:logGet(43)) - raft.server.write.element-limit = 4096 (default)
2019-09-12 10:09:10,244 [2c56f4af-a416-42b4-89f1-011c972a54a7:group-47B85998409E:LeaderElection13] INFO  server.RaftServerConfigKeys (ConfUtils.java:logGet(43)) - raft.server.watch.timeout = 10s (default)
2019-09-12 10:09:10,244 [2c56f4af-a416-42b4-89f1-011c972a54a7:group-47B85998409E:LeaderElection13] INFO  server.RaftServerConfigKeys (ConfUtils.java:logGet(43)) - raft.server.watch.timeout.denomination = 1s (default)
2019-09-12 10:09:10,244 [2c56f4af-a416-42b4-89f1-011c972a54a7:group-47B85998409E:LeaderElection13] INFO  server.RaftServerConfigKeys (ConfUtils.java:logGet(43)) - raft.server.watch.element-limit = 65536 (default)
2019-09-12 10:09:10,245 [2c56f4af-a416-42b4-89f1-011c972a54a7:group-47B85998409E:LeaderElection13] INFO  impl.RoleInfo (RoleInfo.java:updateAndGet(143)) - 2c56f4af-a416-42b4-89f1-011c972a54a7: start LeaderState
2019-09-12 10:09:10,245 [2c56f4af-a416-42b4-89f1-011c972a54a7:group-47B85998409E:LeaderElection13] INFO  segmented.SegmentedRaftLogWorker (SegmentedRaftLogWorker.java:startLogSegment(380)) - 2c56f4af-a416-42b4-89f1-011c972a54a7-SegmentedRaftLogWorker:Storage Directory /workdir/hadoop-ozone/integration-test/target/test-dir/MiniOzoneClusterImpl-189f34b7-43e6-4b7e-82b3-72fee299e6f1/datanode-1/data/ratis/b9106326-4d9e-47b3-bb6a-47b85998409e: Starting segment from index:0
2019-09-12 10:09:10,246 [2c56f4af-a416-42b4-89f1-011c972a54a7:group-47B85998409E:LeaderElection13] INFO  impl.RaftServerImpl (ServerState.java:setRaftConf(361)) - 2c56f4af-a416-42b4-89f1-011c972a54a7:group-47B85998409E set configuration 0: [2c56f4af-a416-42b4-89f1-011c972a54a7:192.168.36.114:41187], old=null at 0
2019-09-12 10:09:10,305 [2c56f4af-a416-42b4-89f1-011c972a54a7-SegmentedRaftLogWorker:Storage Directory /workdir/hadoop-ozone/integration-test/target/test-dir/MiniOzoneClusterImpl-189f34b7-43e6-4b7e-82b3-72fee299e6f1/datanode-1/data/ratis/b9106326-4d9e-47b3-bb6a-47b85998409e] INFO  segmented.SegmentedRaftLogWorker (SegmentedRaftLogWorker.java:execute(569)) - 2c56f4af-a416-42b4-89f1-011c972a54a7-SegmentedRaftLogWorker:Storage Directory /workdir/hadoop-ozone/integration-test/target/test-dir/MiniOzoneClusterImpl-189f34b7-43e6-4b7e-82b3-72fee299e6f1/datanode-1/data/ratis/b9106326-4d9e-47b3-bb6a-47b85998409e: created new log segment /workdir/hadoop-ozone/integration-test/target/test-dir/MiniOzoneClusterImpl-189f34b7-43e6-4b7e-82b3-72fee299e6f1/datanode-1/data/ratis/b9106326-4d9e-47b3-bb6a-47b85998409e/current/log_inprogress_0
2019-09-12 10:09:10,317 [Thread-222] INFO  impl.FollowerState (FollowerState.java:run(106)) - 2c56f4af-a416-42b4-89f1-011c972a54a7:group-7E8937BD3E3A changes to CANDIDATE, lastRpcTime:5079, electionTimeout:5079ms
2019-09-12 10:09:10,317 [Thread-222] INFO  impl.RoleInfo (RoleInfo.java:shutdownFollowerState(121)) - 2c56f4af-a416-42b4-89f1-011c972a54a7: shutdown FollowerState
2019-09-12 10:09:10,317 [Thread-222] INFO  impl.RaftServerImpl (RaftServerImpl.java:setRole(171)) - 2c56f4af-a416-42b4-89f1-011c972a54a7:group-7E8937BD3E3A changes role from FOLLOWER to CANDIDATE at term 0 for changeToCandidate
2019-09-12 10:09:10,318 [Thread-222] INFO  impl.RoleInfo (RoleInfo.java:updateAndGet(143)) - 2c56f4af-a416-42b4-89f1-011c972a54a7: start LeaderElection
2019-09-12 10:09:10,332 [2c56f4af-a416-42b4-89f1-011c972a54a7:group-7E8937BD3E3A:LeaderElection14] INFO  impl.LeaderElection (LeaderElection.java:askForVotes(181)) - 2c56f4af-a416-42b4-89f1-011c972a54a7:group-7E8937BD3E3A:LeaderElection14: begin an election at term 1 for -1: [2c56f4af-a416-42b4-89f1-011c972a54a7:192.168.36.114:41187], old=null
2019-09-12 10:09:10,333 [2c56f4af-a416-42b4-89f1-011c972a54a7:group-7E8937BD3E3A:LeaderElection14] INFO  impl.RoleInfo (RoleInfo.java:shutdownLeaderElection(134)) - 2c56f4af-a416-42b4-89f1-011c972a54a7: shutdown LeaderElection
2019-09-12 10:09:10,333 [2c56f4af-a416-42b4-89f1-011c972a54a7:group-7E8937BD3E3A:LeaderElection14] INFO  impl.RaftServerImpl (RaftServerImpl.java:setRole(171)) - 2c56f4af-a416-42b4-89f1-011c972a54a7:group-7E8937BD3E3A changes role from CANDIDATE to LEADER at term 1 for changeToLeader
2019-09-12 10:09:10,333 [2c56f4af-a416-42b4-89f1-011c972a54a7:group-7E8937BD3E3A:LeaderElection14] INFO  impl.RaftServerImpl (ServerState.java:setLeader(263)) - 2c56f4af-a416-42b4-89f1-011c972a54a7:group-7E8937BD3E3A change Leader from null to 2c56f4af-a416-42b4-89f1-011c972a54a7 at term 1 for becomeLeader, leader elected after 5099ms
2019-09-12 10:09:10,334 [2c56f4af-a416-42b4-89f1-011c972a54a7:group-7E8937BD3E3A:LeaderElection14] INFO  server.RaftServerConfigKeys (ConfUtils.java:logGet(43)) - raft.server.staging.catchup.gap = 1000 (default)
2019-09-12 10:09:10,334 [2c56f4af-a416-42b4-89f1-011c972a54a7:group-7E8937BD3E3A:LeaderElection14] INFO  server.RaftServerConfigKeys (ConfUtils.java:logGet(43)) - raft.server.rpc.sleep.time = 25ms (default)
2019-09-12 10:09:10,334 [2c56f4af-a416-42b4-89f1-011c972a54a7:group-7E8937BD3E3A:LeaderElection14] INFO  server.RaftServerConfigKeys (ConfUtils.java:logGet(43)) - raft.server.write.element-limit = 4096 (default)
2019-09-12 10:09:10,334 [2c56f4af-a416-42b4-89f1-011c972a54a7:group-7E8937BD3E3A:LeaderElection14] INFO  server.RaftServerConfigKeys (ConfUtils.java:logGet(43)) - raft.server.watch.timeout = 10s (default)
2019-09-12 10:09:10,334 [2c56f4af-a416-42b4-89f1-011c972a54a7:group-7E8937BD3E3A:LeaderElection14] INFO  server.RaftServerConfigKeys (ConfUtils.java:logGet(43)) - raft.server.watch.timeout.denomination = 1s (default)
2019-09-12 10:09:10,334 [2c56f4af-a416-42b4-89f1-011c972a54a7:group-7E8937BD3E3A:LeaderElection14] INFO  server.RaftServerConfigKeys (ConfUtils.java:logGet(43)) - raft.server.watch.element-limit = 65536 (default)
2019-09-12 10:09:10,334 [2c56f4af-a416-42b4-89f1-011c972a54a7:group-7E8937BD3E3A:LeaderElection14] INFO  impl.RoleInfo (RoleInfo.java:updateAndGet(143)) - 2c56f4af-a416-42b4-89f1-011c972a54a7: start LeaderState
2019-09-12 10:09:10,335 [2c56f4af-a416-42b4-89f1-011c972a54a7:group-7E8937BD3E3A:LeaderElection14] INFO  segmented.SegmentedRaftLogWorker (SegmentedRaftLogWorker.java:startLogSegment(380)) - 2c56f4af-a416-42b4-89f1-011c972a54a7-SegmentedRaftLogWorker:Storage Directory /workdir/hadoop-ozone/integration-test/target/test-dir/MiniOzoneClusterImpl-189f34b7-43e6-4b7e-82b3-72fee299e6f1/datanode-1/data/ratis/196e5130-02d5-4b58-920e-7e8937bd3e3a: Starting segment from index:0
2019-09-12 10:09:10,335 [2c56f4af-a416-42b4-89f1-011c972a54a7:group-7E8937BD3E3A:LeaderElection14] INFO  impl.RaftServerImpl (ServerState.java:setRaftConf(361)) - 2c56f4af-a416-42b4-89f1-011c972a54a7:group-7E8937BD3E3A set configuration 0: [2c56f4af-a416-42b4-89f1-011c972a54a7:192.168.36.114:41187], old=null at 0
2019-09-12 10:09:10,361 [Thread-219] INFO  impl.FollowerState (FollowerState.java:run(106)) - 2c56f4af-a416-42b4-89f1-011c972a54a7:group-AD90C0E42E4A changes to CANDIDATE, lastRpcTime:5189, electionTimeout:5177ms
2019-09-12 10:09:10,361 [Thread-219] INFO  impl.RoleInfo (RoleInfo.java:shutdownFollowerState(121)) - 2c56f4af-a416-42b4-89f1-011c972a54a7: shutdown FollowerState
2019-09-12 10:09:10,361 [Thread-219] INFO  impl.RaftServerImpl (RaftServerImpl.java:setRole(171)) - 2c56f4af-a416-42b4-89f1-011c972a54a7:group-AD90C0E42E4A changes role from FOLLOWER to CANDIDATE at term 0 for changeToCandidate
2019-09-12 10:09:10,361 [Thread-219] INFO  impl.RoleInfo (RoleInfo.java:updateAndGet(143)) - 2c56f4af-a416-42b4-89f1-011c972a54a7: start LeaderElection
2019-09-12 10:09:10,373 [Thread-225] INFO  impl.FollowerState (FollowerState.java:run(106)) - 2c56f4af-a416-42b4-89f1-011c972a54a7:group-7702583B2663 changes to CANDIDATE, lastRpcTime:5018, electionTimeout:5018ms
2019-09-12 10:09:10,374 [Thread-225] INFO  impl.RoleInfo (RoleInfo.java:shutdownFollowerState(121)) - 2c56f4af-a416-42b4-89f1-011c972a54a7: shutdown FollowerState
2019-09-12 10:09:10,374 [Thread-225] INFO  impl.RaftServerImpl (RaftServerImpl.java:setRole(171)) - 2c56f4af-a416-42b4-89f1-011c972a54a7:group-7702583B2663 changes role from FOLLOWER to CANDIDATE at term 0 for changeToCandidate
2019-09-12 10:09:10,374 [Thread-225] INFO  impl.RoleInfo (RoleInfo.java:updateAndGet(143)) - 2c56f4af-a416-42b4-89f1-011c972a54a7: start LeaderElection
2019-09-12 10:09:10,376 [2c56f4af-a416-42b4-89f1-011c972a54a7-SegmentedRaftLogWorker:Storage Directory /workdir/hadoop-ozone/integration-test/target/test-dir/MiniOzoneClusterImpl-189f34b7-43e6-4b7e-82b3-72fee299e6f1/datanode-1/data/ratis/196e5130-02d5-4b58-920e-7e8937bd3e3a] INFO  segmented.SegmentedRaftLogWorker (SegmentedRaftLogWorker.java:execute(569)) - 2c56f4af-a416-42b4-89f1-011c972a54a7-SegmentedRaftLogWorker:Storage Directory /workdir/hadoop-ozone/integration-test/target/test-dir/MiniOzoneClusterImpl-189f34b7-43e6-4b7e-82b3-72fee299e6f1/datanode-1/data/ratis/196e5130-02d5-4b58-920e-7e8937bd3e3a: created new log segment /workdir/hadoop-ozone/integration-test/target/test-dir/MiniOzoneClusterImpl-189f34b7-43e6-4b7e-82b3-72fee299e6f1/datanode-1/data/ratis/196e5130-02d5-4b58-920e-7e8937bd3e3a/current/log_inprogress_0
2019-09-12 10:09:10,376 [2c56f4af-a416-42b4-89f1-011c972a54a7:group-AD90C0E42E4A:LeaderElection15] INFO  impl.LeaderElection (LeaderElection.java:askForVotes(181)) - 2c56f4af-a416-42b4-89f1-011c972a54a7:group-AD90C0E42E4A:LeaderElection15: begin an election at term 1 for -1: [2c56f4af-a416-42b4-89f1-011c972a54a7:192.168.36.114:41187], old=null
2019-09-12 10:09:10,376 [2c56f4af-a416-42b4-89f1-011c972a54a7:group-AD90C0E42E4A:LeaderElection15] INFO  impl.RoleInfo (RoleInfo.java:shutdownLeaderElection(134)) - 2c56f4af-a416-42b4-89f1-011c972a54a7: shutdown LeaderElection
2019-09-12 10:09:10,377 [2c56f4af-a416-42b4-89f1-011c972a54a7:group-AD90C0E42E4A:LeaderElection15] INFO  impl.RaftServerImpl (RaftServerImpl.java:setRole(171)) - 2c56f4af-a416-42b4-89f1-011c972a54a7:group-AD90C0E42E4A changes role from CANDIDATE to LEADER at term 1 for changeToLeader
2019-09-12 10:09:10,377 [2c56f4af-a416-42b4-89f1-011c972a54a7:group-AD90C0E42E4A:LeaderElection15] INFO  impl.RaftServerImpl (ServerState.java:setLeader(263)) - 2c56f4af-a416-42b4-89f1-011c972a54a7:group-AD90C0E42E4A change Leader from null to 2c56f4af-a416-42b4-89f1-011c972a54a7 at term 1 for becomeLeader, leader elected after 5208ms
2019-09-12 10:09:10,377 [2c56f4af-a416-42b4-89f1-011c972a54a7:group-AD90C0E42E4A:LeaderElection15] INFO  server.RaftServerConfigKeys (ConfUtils.java:logGet(43)) - raft.server.staging.catchup.gap = 1000 (default)
2019-09-12 10:09:10,377 [2c56f4af-a416-42b4-89f1-011c972a54a7:group-AD90C0E42E4A:LeaderElection15] INFO  server.RaftServerConfigKeys (ConfUtils.java:logGet(43)) - raft.server.rpc.sleep.time = 25ms (default)
2019-09-12 10:09:10,377 [2c56f4af-a416-42b4-89f1-011c972a54a7:group-AD90C0E42E4A:LeaderElection15] INFO  server.RaftServerConfigKeys (ConfUtils.java:logGet(43)) - raft.server.write.element-limit = 4096 (default)
2019-09-12 10:09:10,377 [2c56f4af-a416-42b4-89f1-011c972a54a7:group-AD90C0E42E4A:LeaderElection15] INFO  server.RaftServerConfigKeys (ConfUtils.java:logGet(43)) - raft.server.watch.timeout = 10s (default)
2019-09-12 10:09:10,378 [2c56f4af-a416-42b4-89f1-011c972a54a7:group-AD90C0E42E4A:LeaderElection15] INFO  server.RaftServerConfigKeys (ConfUtils.java:logGet(43)) - raft.server.watch.timeout.denomination = 1s (default)
2019-09-12 10:09:10,378 [2c56f4af-a416-42b4-89f1-011c972a54a7:group-AD90C0E42E4A:LeaderElection15] INFO  server.RaftServerConfigKeys (ConfUtils.java:logGet(43)) - raft.server.watch.element-limit = 65536 (default)
2019-09-12 10:09:10,378 [2c56f4af-a416-42b4-89f1-011c972a54a7:group-AD90C0E42E4A:LeaderElection15] INFO  impl.RoleInfo (RoleInfo.java:updateAndGet(143)) - 2c56f4af-a416-42b4-89f1-011c972a54a7: start LeaderState
2019-09-12 10:09:10,378 [2c56f4af-a416-42b4-89f1-011c972a54a7:group-AD90C0E42E4A:LeaderElection15] INFO  segmented.SegmentedRaftLogWorker (SegmentedRaftLogWorker.java:startLogSegment(380)) - 2c56f4af-a416-42b4-89f1-011c972a54a7-SegmentedRaftLogWorker:Storage Directory /workdir/hadoop-ozone/integration-test/target/test-dir/MiniOzoneClusterImpl-189f34b7-43e6-4b7e-82b3-72fee299e6f1/datanode-1/data/ratis/279ada7e-a2b1-457f-b759-ad90c0e42e4a: Starting segment from index:0
2019-09-12 10:09:10,379 [2c56f4af-a416-42b4-89f1-011c972a54a7:group-AD90C0E42E4A:LeaderElection15] INFO  impl.RaftServerImpl (ServerState.java:setRaftConf(361)) - 2c56f4af-a416-42b4-89f1-011c972a54a7:group-AD90C0E42E4A set configuration 0: [2c56f4af-a416-42b4-89f1-011c972a54a7:192.168.36.114:41187], old=null at 0
2019-09-12 10:09:10,412 [2c56f4af-a416-42b4-89f1-011c972a54a7-SegmentedRaftLogWorker:Storage Directory /workdir/hadoop-ozone/integration-test/target/test-dir/MiniOzoneClusterImpl-189f34b7-43e6-4b7e-82b3-72fee299e6f1/datanode-1/data/ratis/279ada7e-a2b1-457f-b759-ad90c0e42e4a] INFO  segmented.SegmentedRaftLogWorker (SegmentedRaftLogWorker.java:execute(569)) - 2c56f4af-a416-42b4-89f1-011c972a54a7-SegmentedRaftLogWorker:Storage Directory /workdir/hadoop-ozone/integration-test/target/test-dir/MiniOzoneClusterImpl-189f34b7-43e6-4b7e-82b3-72fee299e6f1/datanode-1/data/ratis/279ada7e-a2b1-457f-b759-ad90c0e42e4a: created new log segment /workdir/hadoop-ozone/integration-test/target/test-dir/MiniOzoneClusterImpl-189f34b7-43e6-4b7e-82b3-72fee299e6f1/datanode-1/data/ratis/279ada7e-a2b1-457f-b759-ad90c0e42e4a/current/log_inprogress_0
2019-09-12 10:09:10,412 [2c56f4af-a416-42b4-89f1-011c972a54a7:group-7702583B2663:LeaderElection16] INFO  impl.LeaderElection (LeaderElection.java:askForVotes(181)) - 2c56f4af-a416-42b4-89f1-011c972a54a7:group-7702583B2663:LeaderElection16: begin an election at term 1 for -1: [2c56f4af-a416-42b4-89f1-011c972a54a7:192.168.36.114:41187], old=null
2019-09-12 10:09:10,413 [2c56f4af-a416-42b4-89f1-011c972a54a7:group-7702583B2663:LeaderElection16] INFO  impl.RoleInfo (RoleInfo.java:shutdownLeaderElection(134)) - 2c56f4af-a416-42b4-89f1-011c972a54a7: shutdown LeaderElection
2019-09-12 10:09:10,413 [2c56f4af-a416-42b4-89f1-011c972a54a7:group-7702583B2663:LeaderElection16] INFO  impl.RaftServerImpl (RaftServerImpl.java:setRole(171)) - 2c56f4af-a416-42b4-89f1-011c972a54a7:group-7702583B2663 changes role from CANDIDATE to LEADER at term 1 for changeToLeader
2019-09-12 10:09:10,413 [2c56f4af-a416-42b4-89f1-011c972a54a7:group-7702583B2663:LeaderElection16] INFO  impl.RaftServerImpl (ServerState.java:setLeader(263)) - 2c56f4af-a416-42b4-89f1-011c972a54a7:group-7702583B2663 change Leader from null to 2c56f4af-a416-42b4-89f1-011c972a54a7 at term 1 for becomeLeader, leader elected after 5063ms
2019-09-12 10:09:10,413 [2c56f4af-a416-42b4-89f1-011c972a54a7:group-7702583B2663:LeaderElection16] INFO  server.RaftServerConfigKeys (ConfUtils.java:logGet(43)) - raft.server.staging.catchup.gap = 1000 (default)
2019-09-12 10:09:10,413 [2c56f4af-a416-42b4-89f1-011c972a54a7:group-7702583B2663:LeaderElection16] INFO  server.RaftServerConfigKeys (ConfUtils.java:logGet(43)) - raft.server.rpc.sleep.time = 25ms (default)
2019-09-12 10:09:10,413 [2c56f4af-a416-42b4-89f1-011c972a54a7:group-7702583B2663:LeaderElection16] INFO  server.RaftServerConfigKeys (ConfUtils.java:logGet(43)) - raft.server.write.element-limit = 4096 (default)
2019-09-12 10:09:10,413 [2c56f4af-a416-42b4-89f1-011c972a54a7:group-7702583B2663:LeaderElection16] INFO  server.RaftServerConfigKeys (ConfUtils.java:logGet(43)) - raft.server.watch.timeout = 10s (default)
2019-09-12 10:09:10,413 [2c56f4af-a416-42b4-89f1-011c972a54a7:group-7702583B2663:LeaderElection16] INFO  server.RaftServerConfigKeys (ConfUtils.java:logGet(43)) - raft.server.watch.timeout.denomination = 1s (default)
2019-09-12 10:09:10,413 [2c56f4af-a416-42b4-89f1-011c972a54a7:group-7702583B2663:LeaderElection16] INFO  server.RaftServerConfigKeys (ConfUtils.java:logGet(43)) - raft.server.watch.element-limit = 65536 (default)
2019-09-12 10:09:10,414 [2c56f4af-a416-42b4-89f1-011c972a54a7:group-7702583B2663:LeaderElection16] INFO  impl.RoleInfo (RoleInfo.java:updateAndGet(143)) - 2c56f4af-a416-42b4-89f1-011c972a54a7: start LeaderState
2019-09-12 10:09:10,414 [2c56f4af-a416-42b4-89f1-011c972a54a7:group-7702583B2663:LeaderElection16] INFO  segmented.SegmentedRaftLogWorker (SegmentedRaftLogWorker.java:startLogSegment(380)) - 2c56f4af-a416-42b4-89f1-011c972a54a7-SegmentedRaftLogWorker:Storage Directory /workdir/hadoop-ozone/integration-test/target/test-dir/MiniOzoneClusterImpl-189f34b7-43e6-4b7e-82b3-72fee299e6f1/datanode-1/data/ratis/a55d89b1-7d04-4ca2-8f82-7702583b2663: Starting segment from index:0
2019-09-12 10:09:10,414 [2c56f4af-a416-42b4-89f1-011c972a54a7:group-7702583B2663:LeaderElection16] INFO  impl.RaftServerImpl (ServerState.java:setRaftConf(361)) - 2c56f4af-a416-42b4-89f1-011c972a54a7:group-7702583B2663 set configuration 0: [2c56f4af-a416-42b4-89f1-011c972a54a7:192.168.36.114:41187], old=null at 0
2019-09-12 10:09:10,454 [2c56f4af-a416-42b4-89f1-011c972a54a7-SegmentedRaftLogWorker:Storage Directory /workdir/hadoop-ozone/integration-test/target/test-dir/MiniOzoneClusterImpl-189f34b7-43e6-4b7e-82b3-72fee299e6f1/datanode-1/data/ratis/a55d89b1-7d04-4ca2-8f82-7702583b2663] INFO  segmented.SegmentedRaftLogWorker (SegmentedRaftLogWorker.java:execute(569)) - 2c56f4af-a416-42b4-89f1-011c972a54a7-SegmentedRaftLogWorker:Storage Directory /workdir/hadoop-ozone/integration-test/target/test-dir/MiniOzoneClusterImpl-189f34b7-43e6-4b7e-82b3-72fee299e6f1/datanode-1/data/ratis/a55d89b1-7d04-4ca2-8f82-7702583b2663: created new log segment /workdir/hadoop-ozone/integration-test/target/test-dir/MiniOzoneClusterImpl-189f34b7-43e6-4b7e-82b3-72fee299e6f1/datanode-1/data/ratis/a55d89b1-7d04-4ca2-8f82-7702583b2663/current/log_inprogress_0
2019-09-12 10:09:10,526 [Thread-228] INFO  impl.FollowerState (FollowerState.java:run(106)) - 2c56f4af-a416-42b4-89f1-011c972a54a7:group-6D139A72776F changes to CANDIDATE, lastRpcTime:5071, electionTimeout:5071ms
2019-09-12 10:09:10,526 [Thread-228] INFO  impl.RoleInfo (RoleInfo.java:shutdownFollowerState(121)) - 2c56f4af-a416-42b4-89f1-011c972a54a7: shutdown FollowerState
2019-09-12 10:09:10,526 [Thread-228] INFO  impl.RaftServerImpl (RaftServerImpl.java:setRole(171)) - 2c56f4af-a416-42b4-89f1-011c972a54a7:group-6D139A72776F changes role from FOLLOWER to CANDIDATE at term 0 for changeToCandidate
2019-09-12 10:09:10,526 [Thread-228] INFO  impl.RoleInfo (RoleInfo.java:updateAndGet(143)) - 2c56f4af-a416-42b4-89f1-011c972a54a7: start LeaderElection
2019-09-12 10:09:10,542 [2c56f4af-a416-42b4-89f1-011c972a54a7:group-6D139A72776F:LeaderElection17] INFO  impl.LeaderElection (LeaderElection.java:askForVotes(181)) - 2c56f4af-a416-42b4-89f1-011c972a54a7:group-6D139A72776F:LeaderElection17: begin an election at term 1 for -1: [2c56f4af-a416-42b4-89f1-011c972a54a7:192.168.36.114:41187], old=null
2019-09-12 10:09:10,543 [2c56f4af-a416-42b4-89f1-011c972a54a7:group-6D139A72776F:LeaderElection17] INFO  impl.RoleInfo (RoleInfo.java:shutdownLeaderElection(134)) - 2c56f4af-a416-42b4-89f1-011c972a54a7: shutdown LeaderElection
2019-09-12 10:09:10,543 [2c56f4af-a416-42b4-89f1-011c972a54a7:group-6D139A72776F:LeaderElection17] INFO  impl.RaftServerImpl (RaftServerImpl.java:setRole(171)) - 2c56f4af-a416-42b4-89f1-011c972a54a7:group-6D139A72776F changes role from CANDIDATE to LEADER at term 1 for changeToLeader
2019-09-12 10:09:10,543 [2c56f4af-a416-42b4-89f1-011c972a54a7:group-6D139A72776F:LeaderElection17] INFO  impl.RaftServerImpl (ServerState.java:setLeader(263)) - 2c56f4af-a416-42b4-89f1-011c972a54a7:group-6D139A72776F change Leader from null to 2c56f4af-a416-42b4-89f1-011c972a54a7 at term 1 for becomeLeader, leader elected after 5094ms
2019-09-12 10:09:10,543 [2c56f4af-a416-42b4-89f1-011c972a54a7:group-6D139A72776F:LeaderElection17] INFO  server.RaftServerConfigKeys (ConfUtils.java:logGet(43)) - raft.server.staging.catchup.gap = 1000 (default)
2019-09-12 10:09:10,543 [2c56f4af-a416-42b4-89f1-011c972a54a7:group-6D139A72776F:LeaderElection17] INFO  server.RaftServerConfigKeys (ConfUtils.java:logGet(43)) - raft.server.rpc.sleep.time = 25ms (default)
2019-09-12 10:09:10,543 [2c56f4af-a416-42b4-89f1-011c972a54a7:group-6D139A72776F:LeaderElection17] INFO  server.RaftServerConfigKeys (ConfUtils.java:logGet(43)) - raft.server.write.element-limit = 4096 (default)
2019-09-12 10:09:10,543 [2c56f4af-a416-42b4-89f1-011c972a54a7:group-6D139A72776F:LeaderElection17] INFO  server.RaftServerConfigKeys (ConfUtils.java:logGet(43)) - raft.server.watch.timeout = 10s (default)
2019-09-12 10:09:10,543 [2c56f4af-a416-42b4-89f1-011c972a54a7:group-6D139A72776F:LeaderElection17] INFO  server.RaftServerConfigKeys (ConfUtils.java:logGet(43)) - raft.server.watch.timeout.denomination = 1s (default)
2019-09-12 10:09:10,543 [2c56f4af-a416-42b4-89f1-011c972a54a7:group-6D139A72776F:LeaderElection17] INFO  server.RaftServerConfigKeys (ConfUtils.java:logGet(43)) - raft.server.watch.element-limit = 65536 (default)
2019-09-12 10:09:10,544 [2c56f4af-a416-42b4-89f1-011c972a54a7:group-6D139A72776F:LeaderElection17] INFO  impl.RoleInfo (RoleInfo.java:updateAndGet(143)) - 2c56f4af-a416-42b4-89f1-011c972a54a7: start LeaderState
2019-09-12 10:09:10,544 [2c56f4af-a416-42b4-89f1-011c972a54a7:group-6D139A72776F:LeaderElection17] INFO  segmented.SegmentedRaftLogWorker (SegmentedRaftLogWorker.java:startLogSegment(380)) - 2c56f4af-a416-42b4-89f1-011c972a54a7-SegmentedRaftLogWorker:Storage Directory /workdir/hadoop-ozone/integration-test/target/test-dir/MiniOzoneClusterImpl-189f34b7-43e6-4b7e-82b3-72fee299e6f1/datanode-1/data/ratis/12848709-75f7-4384-a7c8-6d139a72776f: Starting segment from index:0
2019-09-12 10:09:10,544 [2c56f4af-a416-42b4-89f1-011c972a54a7:group-6D139A72776F:LeaderElection17] INFO  impl.RaftServerImpl (ServerState.java:setRaftConf(361)) - 2c56f4af-a416-42b4-89f1-011c972a54a7:group-6D139A72776F set configuration 0: [2c56f4af-a416-42b4-89f1-011c972a54a7:192.168.36.114:41187], old=null at 0
2019-09-12 10:09:10,591 [2c56f4af-a416-42b4-89f1-011c972a54a7-SegmentedRaftLogWorker:Storage Directory /workdir/hadoop-ozone/integration-test/target/test-dir/MiniOzoneClusterImpl-189f34b7-43e6-4b7e-82b3-72fee299e6f1/datanode-1/data/ratis/12848709-75f7-4384-a7c8-6d139a72776f] INFO  segmented.SegmentedRaftLogWorker (SegmentedRaftLogWorker.java:execute(569)) - 2c56f4af-a416-42b4-89f1-011c972a54a7-SegmentedRaftLogWorker:Storage Directory /workdir/hadoop-ozone/integration-test/target/test-dir/MiniOzoneClusterImpl-189f34b7-43e6-4b7e-82b3-72fee299e6f1/datanode-1/data/ratis/12848709-75f7-4384-a7c8-6d139a72776f: created new log segment /workdir/hadoop-ozone/integration-test/target/test-dir/MiniOzoneClusterImpl-189f34b7-43e6-4b7e-82b3-72fee299e6f1/datanode-1/data/ratis/12848709-75f7-4384-a7c8-6d139a72776f/current/log_inprogress_0
2019-09-12 10:09:10,601 [main] INFO  ozoneimpl.OzoneContainer (OzoneContainer.java:stop(199)) - Attempting to stop container services.
2019-09-12 10:09:10,601 [ForkJoinPool.commonPool-worker-1] INFO  ozoneimpl.OzoneContainer (OzoneContainer.java:stop(199)) - Attempting to stop container services.
2019-09-12 10:09:10,604 [main] INFO  impl.RaftServerProxy (RaftServerProxy.java:lambda$close$4(314)) - 2c56f4af-a416-42b4-89f1-011c972a54a7: close
2019-09-12 10:09:10,604 [ForkJoinPool.commonPool-worker-1] INFO  impl.RaftServerProxy (RaftServerProxy.java:lambda$close$4(314)) - 70434e9f-7dc5-4d90-a426-89ab03943309: close
2019-09-12 10:09:10,605 [main] INFO  impl.RaftServerImpl (RaftServerImpl.java:lambda$shutdown$3(245)) - 2c56f4af-a416-42b4-89f1-011c972a54a7: shutdown group-7702583B2663
2019-09-12 10:09:10,606 [ForkJoinPool.commonPool-worker-1] INFO  impl.RaftServerImpl (RaftServerImpl.java:lambda$shutdown$3(245)) - 70434e9f-7dc5-4d90-a426-89ab03943309: shutdown group-6A587D626498
2019-09-12 10:09:10,606 [main] INFO  util.JmxRegister (JmxRegister.java:unregister(73)) - Successfully un-registered JMX Bean with object name Ratis:service=RaftServer,group=group-7702583B2663,id=2c56f4af-a416-42b4-89f1-011c972a54a7
2019-09-12 10:09:10,606 [ForkJoinPool.commonPool-worker-1] INFO  util.JmxRegister (JmxRegister.java:unregister(73)) - Successfully un-registered JMX Bean with object name Ratis:service=RaftServer,group=group-6A587D626498,id=70434e9f-7dc5-4d90-a426-89ab03943309
2019-09-12 10:09:10,606 [main] INFO  impl.RoleInfo (RoleInfo.java:shutdownLeaderState(104)) - 2c56f4af-a416-42b4-89f1-011c972a54a7: shutdown LeaderState
2019-09-12 10:09:10,607 [ForkJoinPool.commonPool-worker-1] INFO  impl.RoleInfo (RoleInfo.java:shutdownLeaderState(104)) - 70434e9f-7dc5-4d90-a426-89ab03943309: shutdown LeaderState
2019-09-12 10:09:10,608 [main] INFO  impl.PendingRequests (PendingRequests.java:sendNotLeaderResponses(202)) - 2c56f4af-a416-42b4-89f1-011c972a54a7-PendingRequests: sendNotLeaderResponses
2019-09-12 10:09:10,608 [ForkJoinPool.commonPool-worker-1] INFO  impl.PendingRequests (PendingRequests.java:sendNotLeaderResponses(202)) - 70434e9f-7dc5-4d90-a426-89ab03943309-PendingRequests: sendNotLeaderResponses
2019-09-12 10:09:10,610 [main] INFO  impl.StateMachineUpdater (StateMachineUpdater.java:stopAndJoin(115)) - StateMachineUpdater:2c56f4af-a416-42b4-89f1-011c972a54a7:group-7702583B2663: set stopIndex = 0
2019-09-12 10:09:10,610 [ForkJoinPool.commonPool-worker-1] INFO  impl.StateMachineUpdater (StateMachineUpdater.java:stopAndJoin(115)) - StateMachineUpdater:70434e9f-7dc5-4d90-a426-89ab03943309:group-6A587D626498: set stopIndex = 0
2019-09-12 10:09:10,614 [main] INFO  impl.RaftServerImpl (ServerState.java:close(394)) - 2c56f4af-a416-42b4-89f1-011c972a54a7:group-7702583B2663 closes. The last applied log index is 0
2019-09-12 10:09:10,614 [ForkJoinPool.commonPool-worker-1] INFO  impl.RaftServerImpl (ServerState.java:close(394)) - 70434e9f-7dc5-4d90-a426-89ab03943309:group-6A587D626498 closes. The last applied log index is 0
2019-09-12 10:09:10,616 [2c56f4af-a416-42b4-89f1-011c972a54a7-SegmentedRaftLogWorker:Storage Directory /workdir/hadoop-ozone/integration-test/target/test-dir/MiniOzoneClusterImpl-189f34b7-43e6-4b7e-82b3-72fee299e6f1/datanode-1/data/ratis/a55d89b1-7d04-4ca2-8f82-7702583b2663] INFO  segmented.SegmentedRaftLogWorker (SegmentedRaftLogWorker.java:run(313)) - 2c56f4af-a416-42b4-89f1-011c972a54a7-SegmentedRaftLogWorker:Storage Directory /workdir/hadoop-ozone/integration-test/target/test-dir/MiniOzoneClusterImpl-189f34b7-43e6-4b7e-82b3-72fee299e6f1/datanode-1/data/ratis/a55d89b1-7d04-4ca2-8f82-7702583b2663 was interrupted, exiting. There are 0 tasks remaining in the queue.
2019-09-12 10:09:10,616 [70434e9f-7dc5-4d90-a426-89ab03943309-SegmentedRaftLogWorker:Storage Directory /workdir/hadoop-ozone/integration-test/target/test-dir/MiniOzoneClusterImpl-189f34b7-43e6-4b7e-82b3-72fee299e6f1/datanode-0/data/ratis/203656c5-583d-48bc-bfc2-6a587d626498] INFO  segmented.SegmentedRaftLogWorker (SegmentedRaftLogWorker.java:run(313)) - 70434e9f-7dc5-4d90-a426-89ab03943309-SegmentedRaftLogWorker:Storage Directory /workdir/hadoop-ozone/integration-test/target/test-dir/MiniOzoneClusterImpl-189f34b7-43e6-4b7e-82b3-72fee299e6f1/datanode-0/data/ratis/203656c5-583d-48bc-bfc2-6a587d626498 was interrupted, exiting. There are 0 tasks remaining in the queue.
2019-09-12 10:09:10,618 [main] INFO  segmented.SegmentedRaftLogWorker (SegmentedRaftLogWorker.java:close(228)) - 2c56f4af-a416-42b4-89f1-011c972a54a7-SegmentedRaftLogWorker:Storage Directory /workdir/hadoop-ozone/integration-test/target/test-dir/MiniOzoneClusterImpl-189f34b7-43e6-4b7e-82b3-72fee299e6f1/datanode-1/data/ratis/a55d89b1-7d04-4ca2-8f82-7702583b2663 close()
2019-09-12 10:09:10,620 [ForkJoinPool.commonPool-worker-1] INFO  segmented.SegmentedRaftLogWorker (SegmentedRaftLogWorker.java:close(228)) - 70434e9f-7dc5-4d90-a426-89ab03943309-SegmentedRaftLogWorker:Storage Directory /workdir/hadoop-ozone/integration-test/target/test-dir/MiniOzoneClusterImpl-189f34b7-43e6-4b7e-82b3-72fee299e6f1/datanode-0/data/ratis/203656c5-583d-48bc-bfc2-6a587d626498 close()
2019-09-12 10:09:10,623 [main] INFO  impl.RaftServerImpl (RaftServerImpl.java:lambda$shutdown$3(245)) - 2c56f4af-a416-42b4-89f1-011c972a54a7: shutdown group-492AB3B0108A
2019-09-12 10:09:10,626 [main] INFO  util.JmxRegister (JmxRegister.java:unregister(73)) - Successfully un-registered JMX Bean with object name Ratis:service=RaftServer,group=group-492AB3B0108A,id=2c56f4af-a416-42b4-89f1-011c972a54a7
2019-09-12 10:09:10,626 [ForkJoinPool.commonPool-worker-1] INFO  impl.RaftServerImpl (RaftServerImpl.java:lambda$shutdown$3(245)) - 70434e9f-7dc5-4d90-a426-89ab03943309: shutdown group-8EF10F55B276
2019-09-12 10:09:10,626 [main] INFO  impl.RoleInfo (RoleInfo.java:shutdownFollowerState(121)) - 2c56f4af-a416-42b4-89f1-011c972a54a7: shutdown FollowerState
2019-09-12 10:09:10,627 [ForkJoinPool.commonPool-worker-1] INFO  util.JmxRegister (JmxRegister.java:unregister(73)) - Successfully un-registered JMX Bean with object name Ratis:service=RaftServer,group=group-8EF10F55B276,id=70434e9f-7dc5-4d90-a426-89ab03943309
2019-09-12 10:09:10,627 [main] INFO  impl.StateMachineUpdater (StateMachineUpdater.java:stopAndJoin(115)) - StateMachineUpdater:2c56f4af-a416-42b4-89f1-011c972a54a7:group-492AB3B0108A: set stopIndex = -1
2019-09-12 10:09:10,631 [ForkJoinPool.commonPool-worker-1] INFO  impl.RoleInfo (RoleInfo.java:shutdownLeaderState(104)) - 70434e9f-7dc5-4d90-a426-89ab03943309: shutdown LeaderState
2019-09-12 10:09:10,631 [Thread-231] INFO  impl.FollowerState (FollowerState.java:run(114)) - 2c56f4af-a416-42b4-89f1-011c972a54a7: FollowerState was interrupted: java.lang.InterruptedException: sleep interrupted
2019-09-12 10:09:10,633 [ForkJoinPool.commonPool-worker-1] INFO  impl.PendingRequests (PendingRequests.java:sendNotLeaderResponses(202)) - 70434e9f-7dc5-4d90-a426-89ab03943309-PendingRequests: sendNotLeaderResponses
2019-09-12 10:09:10,631 [main] INFO  impl.RaftServerImpl (ServerState.java:close(394)) - 2c56f4af-a416-42b4-89f1-011c972a54a7:group-492AB3B0108A closes. The last applied log index is -1
2019-09-12 10:09:10,634 [ForkJoinPool.commonPool-worker-1] INFO  impl.StateMachineUpdater (StateMachineUpdater.java:stopAndJoin(115)) - StateMachineUpdater:70434e9f-7dc5-4d90-a426-89ab03943309:group-8EF10F55B276: set stopIndex = 0
2019-09-12 10:09:10,635 | INFO  | SCMAudit | user=jenkins1000 | ip=192.168.36.114 | op=SEND_HEARTBEAT {datanodeUUID=e555ab07-8ec7-47a5-b037-b4b5d30098f1, command=[]} | ret=SUCCESS |  
2019-09-12 10:09:10,634 [2c56f4af-a416-42b4-89f1-011c972a54a7-SegmentedRaftLogWorker:Storage Directory /workdir/hadoop-ozone/integration-test/target/test-dir/MiniOzoneClusterImpl-189f34b7-43e6-4b7e-82b3-72fee299e6f1/datanode-1/data/ratis/2f86abe2-76a6-4c8b-ab3b-492ab3b0108a] INFO  segmented.SegmentedRaftLogWorker (SegmentedRaftLogWorker.java:run(313)) - 2c56f4af-a416-42b4-89f1-011c972a54a7-SegmentedRaftLogWorker:Storage Directory /workdir/hadoop-ozone/integration-test/target/test-dir/MiniOzoneClusterImpl-189f34b7-43e6-4b7e-82b3-72fee299e6f1/datanode-1/data/ratis/2f86abe2-76a6-4c8b-ab3b-492ab3b0108a was interrupted, exiting. There are 0 tasks remaining in the queue.
2019-09-12 10:09:10,635 [ForkJoinPool.commonPool-worker-1] INFO  impl.RaftServerImpl (ServerState.java:close(394)) - 70434e9f-7dc5-4d90-a426-89ab03943309:group-8EF10F55B276 closes. The last applied log index is 0
2019-09-12 10:09:10,635 [main] INFO  segmented.SegmentedRaftLogWorker (SegmentedRaftLogWorker.java:close(228)) - 2c56f4af-a416-42b4-89f1-011c972a54a7-SegmentedRaftLogWorker:Storage Directory /workdir/hadoop-ozone/integration-test/target/test-dir/MiniOzoneClusterImpl-189f34b7-43e6-4b7e-82b3-72fee299e6f1/datanode-1/data/ratis/2f86abe2-76a6-4c8b-ab3b-492ab3b0108a close()
2019-09-12 10:09:10,636 [70434e9f-7dc5-4d90-a426-89ab03943309-SegmentedRaftLogWorker:Storage Directory /workdir/hadoop-ozone/integration-test/target/test-dir/MiniOzoneClusterImpl-189f34b7-43e6-4b7e-82b3-72fee299e6f1/datanode-0/data/ratis/1058e069-8b76-490f-a662-8ef10f55b276] INFO  segmented.SegmentedRaftLogWorker (SegmentedRaftLogWorker.java:run(313)) - 70434e9f-7dc5-4d90-a426-89ab03943309-SegmentedRaftLogWorker:Storage Directory /workdir/hadoop-ozone/integration-test/target/test-dir/MiniOzoneClusterImpl-189f34b7-43e6-4b7e-82b3-72fee299e6f1/datanode-0/data/ratis/1058e069-8b76-490f-a662-8ef10f55b276 was interrupted, exiting. There are 0 tasks remaining in the queue.
2019-09-12 10:09:10,639 [main] INFO  impl.RaftServerImpl (RaftServerImpl.java:lambda$shutdown$3(245)) - 2c56f4af-a416-42b4-89f1-011c972a54a7: shutdown group-7E8937BD3E3A
2019-09-12 10:09:10,641 [ForkJoinPool.commonPool-worker-1] INFO  segmented.SegmentedRaftLogWorker (SegmentedRaftLogWorker.java:close(228)) - 70434e9f-7dc5-4d90-a426-89ab03943309-SegmentedRaftLogWorker:Storage Directory /workdir/hadoop-ozone/integration-test/target/test-dir/MiniOzoneClusterImpl-189f34b7-43e6-4b7e-82b3-72fee299e6f1/datanode-0/data/ratis/1058e069-8b76-490f-a662-8ef10f55b276 close()
2019-09-12 10:09:10,645 [main] INFO  util.JmxRegister (JmxRegister.java:unregister(73)) - Successfully un-registered JMX Bean with object name Ratis:service=RaftServer,group=group-7E8937BD3E3A,id=2c56f4af-a416-42b4-89f1-011c972a54a7
2019-09-12 10:09:10,652 [main] INFO  impl.RoleInfo (RoleInfo.java:shutdownLeaderState(104)) - 2c56f4af-a416-42b4-89f1-011c972a54a7: shutdown LeaderState
2019-09-12 10:09:10,648 [ForkJoinPool.commonPool-worker-1] INFO  impl.RaftServerImpl (RaftServerImpl.java:lambda$shutdown$3(245)) - 70434e9f-7dc5-4d90-a426-89ab03943309: shutdown group-26F16CAAAEA4
2019-09-12 10:09:10,652 [main] INFO  impl.PendingRequests (PendingRequests.java:sendNotLeaderResponses(202)) - 2c56f4af-a416-42b4-89f1-011c972a54a7-PendingRequests: sendNotLeaderResponses
2019-09-12 10:09:10,653 [ForkJoinPool.commonPool-worker-1] INFO  util.JmxRegister (JmxRegister.java:unregister(73)) - Successfully un-registered JMX Bean with object name Ratis:service=RaftServer,group=group-26F16CAAAEA4,id=70434e9f-7dc5-4d90-a426-89ab03943309
2019-09-12 10:09:10,653 [main] INFO  impl.StateMachineUpdater (StateMachineUpdater.java:stopAndJoin(115)) - StateMachineUpdater:2c56f4af-a416-42b4-89f1-011c972a54a7:group-7E8937BD3E3A: set stopIndex = 0
2019-09-12 10:09:10,653 [ForkJoinPool.commonPool-worker-1] INFO  impl.RoleInfo (RoleInfo.java:shutdownLeaderState(104)) - 70434e9f-7dc5-4d90-a426-89ab03943309: shutdown LeaderState
2019-09-12 10:09:10,654 [main] INFO  impl.RaftServerImpl (ServerState.java:close(394)) - 2c56f4af-a416-42b4-89f1-011c972a54a7:group-7E8937BD3E3A closes. The last applied log index is 0
2019-09-12 10:09:10,654 [ForkJoinPool.commonPool-worker-1] INFO  impl.PendingRequests (PendingRequests.java:sendNotLeaderResponses(202)) - 70434e9f-7dc5-4d90-a426-89ab03943309-PendingRequests: sendNotLeaderResponses
2019-09-12 10:09:10,654 [2c56f4af-a416-42b4-89f1-011c972a54a7-SegmentedRaftLogWorker:Storage Directory /workdir/hadoop-ozone/integration-test/target/test-dir/MiniOzoneClusterImpl-189f34b7-43e6-4b7e-82b3-72fee299e6f1/datanode-1/data/ratis/196e5130-02d5-4b58-920e-7e8937bd3e3a] INFO  segmented.SegmentedRaftLogWorker (SegmentedRaftLogWorker.java:run(313)) - 2c56f4af-a416-42b4-89f1-011c972a54a7-SegmentedRaftLogWorker:Storage Directory /workdir/hadoop-ozone/integration-test/target/test-dir/MiniOzoneClusterImpl-189f34b7-43e6-4b7e-82b3-72fee299e6f1/datanode-1/data/ratis/196e5130-02d5-4b58-920e-7e8937bd3e3a was interrupted, exiting. There are 0 tasks remaining in the queue.
2019-09-12 10:09:10,655 [ForkJoinPool.commonPool-worker-1] INFO  impl.StateMachineUpdater (StateMachineUpdater.java:stopAndJoin(115)) - StateMachineUpdater:70434e9f-7dc5-4d90-a426-89ab03943309:group-26F16CAAAEA4: set stopIndex = 0
2019-09-12 10:09:10,656 [main] INFO  segmented.SegmentedRaftLogWorker (SegmentedRaftLogWorker.java:close(228)) - 2c56f4af-a416-42b4-89f1-011c972a54a7-SegmentedRaftLogWorker:Storage Directory /workdir/hadoop-ozone/integration-test/target/test-dir/MiniOzoneClusterImpl-189f34b7-43e6-4b7e-82b3-72fee299e6f1/datanode-1/data/ratis/196e5130-02d5-4b58-920e-7e8937bd3e3a close()
2019-09-12 10:09:10,657 [ForkJoinPool.commonPool-worker-1] INFO  impl.RaftServerImpl (ServerState.java:close(394)) - 70434e9f-7dc5-4d90-a426-89ab03943309:group-26F16CAAAEA4 closes. The last applied log index is 0
2019-09-12 10:09:10,660 [main] INFO  impl.RaftServerImpl (RaftServerImpl.java:lambda$shutdown$3(245)) - 2c56f4af-a416-42b4-89f1-011c972a54a7: shutdown group-6D139A72776F
2019-09-12 10:09:10,660 [70434e9f-7dc5-4d90-a426-89ab03943309-SegmentedRaftLogWorker:Storage Directory /workdir/hadoop-ozone/integration-test/target/test-dir/MiniOzoneClusterImpl-189f34b7-43e6-4b7e-82b3-72fee299e6f1/datanode-0/data/ratis/c0285dc2-f863-4257-bf99-26f16caaaea4] INFO  segmented.SegmentedRaftLogWorker (SegmentedRaftLogWorker.java:run(313)) - 70434e9f-7dc5-4d90-a426-89ab03943309-SegmentedRaftLogWorker:Storage Directory /workdir/hadoop-ozone/integration-test/target/test-dir/MiniOzoneClusterImpl-189f34b7-43e6-4b7e-82b3-72fee299e6f1/datanode-0/data/ratis/c0285dc2-f863-4257-bf99-26f16caaaea4 was interrupted, exiting. There are 0 tasks remaining in the queue.
2019-09-12 10:09:10,660 [main] INFO  util.JmxRegister (JmxRegister.java:unregister(73)) - Successfully un-registered JMX Bean with object name Ratis:service=RaftServer,group=group-6D139A72776F,id=2c56f4af-a416-42b4-89f1-011c972a54a7
2019-09-12 10:09:10,662 [ForkJoinPool.commonPool-worker-1] INFO  segmented.SegmentedRaftLogWorker (SegmentedRaftLogWorker.java:close(228)) - 70434e9f-7dc5-4d90-a426-89ab03943309-SegmentedRaftLogWorker:Storage Directory /workdir/hadoop-ozone/integration-test/target/test-dir/MiniOzoneClusterImpl-189f34b7-43e6-4b7e-82b3-72fee299e6f1/datanode-0/data/ratis/c0285dc2-f863-4257-bf99-26f16caaaea4 close()
2019-09-12 10:09:10,662 [main] INFO  impl.RoleInfo (RoleInfo.java:shutdownLeaderState(104)) - 2c56f4af-a416-42b4-89f1-011c972a54a7: shutdown LeaderState
2019-09-12 10:09:10,665 [ForkJoinPool.commonPool-worker-1] INFO  impl.RaftServerImpl (RaftServerImpl.java:lambda$shutdown$3(245)) - 70434e9f-7dc5-4d90-a426-89ab03943309: shutdown group-D02810BB7C7F
2019-09-12 10:09:10,665 [main] INFO  impl.PendingRequests (PendingRequests.java:sendNotLeaderResponses(202)) - 2c56f4af-a416-42b4-89f1-011c972a54a7-PendingRequests: sendNotLeaderResponses
2019-09-12 10:09:10,666 [ForkJoinPool.commonPool-worker-1] INFO  util.JmxRegister (JmxRegister.java:unregister(73)) - Successfully un-registered JMX Bean with object name Ratis:service=RaftServer,group=group-D02810BB7C7F,id=70434e9f-7dc5-4d90-a426-89ab03943309
2019-09-12 10:09:10,666 [main] INFO  impl.StateMachineUpdater (StateMachineUpdater.java:stopAndJoin(115)) - StateMachineUpdater:2c56f4af-a416-42b4-89f1-011c972a54a7:group-6D139A72776F: set stopIndex = 0
2019-09-12 10:09:10,667 [main] INFO  impl.RaftServerImpl (ServerState.java:close(394)) - 2c56f4af-a416-42b4-89f1-011c972a54a7:group-6D139A72776F closes. The last applied log index is 0
2019-09-12 10:09:10,666 [ForkJoinPool.commonPool-worker-1] INFO  impl.RoleInfo (RoleInfo.java:shutdownLeaderState(104)) - 70434e9f-7dc5-4d90-a426-89ab03943309: shutdown LeaderState
2019-09-12 10:09:10,667 [2c56f4af-a416-42b4-89f1-011c972a54a7-SegmentedRaftLogWorker:Storage Directory /workdir/hadoop-ozone/integration-test/target/test-dir/MiniOzoneClusterImpl-189f34b7-43e6-4b7e-82b3-72fee299e6f1/datanode-1/data/ratis/12848709-75f7-4384-a7c8-6d139a72776f] INFO  segmented.SegmentedRaftLogWorker (SegmentedRaftLogWorker.java:run(313)) - 2c56f4af-a416-42b4-89f1-011c972a54a7-SegmentedRaftLogWorker:Storage Directory /workdir/hadoop-ozone/integration-test/target/test-dir/MiniOzoneClusterImpl-189f34b7-43e6-4b7e-82b3-72fee299e6f1/datanode-1/data/ratis/12848709-75f7-4384-a7c8-6d139a72776f was interrupted, exiting. There are 0 tasks remaining in the queue.
2019-09-12 10:09:10,667 [ForkJoinPool.commonPool-worker-1] INFO  impl.PendingRequests (PendingRequests.java:sendNotLeaderResponses(202)) - 70434e9f-7dc5-4d90-a426-89ab03943309-PendingRequests: sendNotLeaderResponses
2019-09-12 10:09:10,669 [main] INFO  segmented.SegmentedRaftLogWorker (SegmentedRaftLogWorker.java:close(228)) - 2c56f4af-a416-42b4-89f1-011c972a54a7-SegmentedRaftLogWorker:Storage Directory /workdir/hadoop-ozone/integration-test/target/test-dir/MiniOzoneClusterImpl-189f34b7-43e6-4b7e-82b3-72fee299e6f1/datanode-1/data/ratis/12848709-75f7-4384-a7c8-6d139a72776f close()
2019-09-12 10:09:10,669 [ForkJoinPool.commonPool-worker-1] INFO  impl.StateMachineUpdater (StateMachineUpdater.java:stopAndJoin(115)) - StateMachineUpdater:70434e9f-7dc5-4d90-a426-89ab03943309:group-D02810BB7C7F: set stopIndex = 0
2019-09-12 10:09:10,672 [main] INFO  impl.RaftServerImpl (RaftServerImpl.java:lambda$shutdown$3(245)) - 2c56f4af-a416-42b4-89f1-011c972a54a7: shutdown group-AD90C0E42E4A
2019-09-12 10:09:10,672 [ForkJoinPool.commonPool-worker-1] INFO  impl.RaftServerImpl (ServerState.java:close(394)) - 70434e9f-7dc5-4d90-a426-89ab03943309:group-D02810BB7C7F closes. The last applied log index is 0
2019-09-12 10:09:10,673 [main] INFO  util.JmxRegister (JmxRegister.java:unregister(73)) - Successfully un-registered JMX Bean with object name Ratis:service=RaftServer,group=group-AD90C0E42E4A,id=2c56f4af-a416-42b4-89f1-011c972a54a7
2019-09-12 10:09:10,673 [70434e9f-7dc5-4d90-a426-89ab03943309-SegmentedRaftLogWorker:Storage Directory /workdir/hadoop-ozone/integration-test/target/test-dir/MiniOzoneClusterImpl-189f34b7-43e6-4b7e-82b3-72fee299e6f1/datanode-0/data/ratis/131030af-d561-4ccb-8e10-d02810bb7c7f] INFO  segmented.SegmentedRaftLogWorker (SegmentedRaftLogWorker.java:run(313)) - 70434e9f-7dc5-4d90-a426-89ab03943309-SegmentedRaftLogWorker:Storage Directory /workdir/hadoop-ozone/integration-test/target/test-dir/MiniOzoneClusterImpl-189f34b7-43e6-4b7e-82b3-72fee299e6f1/datanode-0/data/ratis/131030af-d561-4ccb-8e10-d02810bb7c7f was interrupted, exiting. There are 0 tasks remaining in the queue.
2019-09-12 10:09:10,673 [main] INFO  impl.RoleInfo (RoleInfo.java:shutdownLeaderState(104)) - 2c56f4af-a416-42b4-89f1-011c972a54a7: shutdown LeaderState
2019-09-12 10:09:10,678 [ForkJoinPool.commonPool-worker-1] INFO  segmented.SegmentedRaftLogWorker (SegmentedRaftLogWorker.java:close(228)) - 70434e9f-7dc5-4d90-a426-89ab03943309-SegmentedRaftLogWorker:Storage Directory /workdir/hadoop-ozone/integration-test/target/test-dir/MiniOzoneClusterImpl-189f34b7-43e6-4b7e-82b3-72fee299e6f1/datanode-0/data/ratis/131030af-d561-4ccb-8e10-d02810bb7c7f close()
2019-09-12 10:09:10,678 [main] INFO  impl.PendingRequests (PendingRequests.java:sendNotLeaderResponses(202)) - 2c56f4af-a416-42b4-89f1-011c972a54a7-PendingRequests: sendNotLeaderResponses
2019-09-12 10:09:10,680 [ForkJoinPool.commonPool-worker-1] INFO  impl.RaftServerImpl (RaftServerImpl.java:lambda$shutdown$3(245)) - 70434e9f-7dc5-4d90-a426-89ab03943309: shutdown group-EE5CFCA927A2
2019-09-12 10:09:10,681 [main] INFO  impl.StateMachineUpdater (StateMachineUpdater.java:stopAndJoin(115)) - StateMachineUpdater:2c56f4af-a416-42b4-89f1-011c972a54a7:group-AD90C0E42E4A: set stopIndex = 0
2019-09-12 10:09:10,681 [ForkJoinPool.commonPool-worker-1] INFO  util.JmxRegister (JmxRegister.java:unregister(73)) - Successfully un-registered JMX Bean with object name Ratis:service=RaftServer,group=group-EE5CFCA927A2,id=70434e9f-7dc5-4d90-a426-89ab03943309
2019-09-12 10:09:10,681 [main] INFO  impl.RaftServerImpl (ServerState.java:close(394)) - 2c56f4af-a416-42b4-89f1-011c972a54a7:group-AD90C0E42E4A closes. The last applied log index is 0
2019-09-12 10:09:10,682 [ForkJoinPool.commonPool-worker-1] INFO  impl.RoleInfo (RoleInfo.java:shutdownLeaderState(104)) - 70434e9f-7dc5-4d90-a426-89ab03943309: shutdown LeaderState
2019-09-12 10:09:10,682 [2c56f4af-a416-42b4-89f1-011c972a54a7-SegmentedRaftLogWorker:Storage Directory /workdir/hadoop-ozone/integration-test/target/test-dir/MiniOzoneClusterImpl-189f34b7-43e6-4b7e-82b3-72fee299e6f1/datanode-1/data/ratis/279ada7e-a2b1-457f-b759-ad90c0e42e4a] INFO  segmented.SegmentedRaftLogWorker (SegmentedRaftLogWorker.java:run(313)) - 2c56f4af-a416-42b4-89f1-011c972a54a7-SegmentedRaftLogWorker:Storage Directory /workdir/hadoop-ozone/integration-test/target/test-dir/MiniOzoneClusterImpl-189f34b7-43e6-4b7e-82b3-72fee299e6f1/datanode-1/data/ratis/279ada7e-a2b1-457f-b759-ad90c0e42e4a was interrupted, exiting. There are 0 tasks remaining in the queue.
2019-09-12 10:09:10,682 [ForkJoinPool.commonPool-worker-1] INFO  impl.PendingRequests (PendingRequests.java:sendNotLeaderResponses(202)) - 70434e9f-7dc5-4d90-a426-89ab03943309-PendingRequests: sendNotLeaderResponses
2019-09-12 10:09:10,683 [main] INFO  segmented.SegmentedRaftLogWorker (SegmentedRaftLogWorker.java:close(228)) - 2c56f4af-a416-42b4-89f1-011c972a54a7-SegmentedRaftLogWorker:Storage Directory /workdir/hadoop-ozone/integration-test/target/test-dir/MiniOzoneClusterImpl-189f34b7-43e6-4b7e-82b3-72fee299e6f1/datanode-1/data/ratis/279ada7e-a2b1-457f-b759-ad90c0e42e4a close()
2019-09-12 10:09:10,683 [ForkJoinPool.commonPool-worker-1] INFO  impl.StateMachineUpdater (StateMachineUpdater.java:stopAndJoin(115)) - StateMachineUpdater:70434e9f-7dc5-4d90-a426-89ab03943309:group-EE5CFCA927A2: set stopIndex = 0
2019-09-12 10:09:10,686 [main] INFO  impl.RaftServerImpl (RaftServerImpl.java:lambda$shutdown$3(245)) - 2c56f4af-a416-42b4-89f1-011c972a54a7: shutdown group-47B85998409E
2019-09-12 10:09:10,686 [ForkJoinPool.commonPool-worker-1] INFO  impl.RaftServerImpl (ServerState.java:close(394)) - 70434e9f-7dc5-4d90-a426-89ab03943309:group-EE5CFCA927A2 closes. The last applied log index is 0
2019-09-12 10:09:10,686 [main] INFO  util.JmxRegister (JmxRegister.java:unregister(73)) - Successfully un-registered JMX Bean with object name Ratis:service=RaftServer,group=group-47B85998409E,id=2c56f4af-a416-42b4-89f1-011c972a54a7
2019-09-12 10:09:10,686 [70434e9f-7dc5-4d90-a426-89ab03943309-SegmentedRaftLogWorker:Storage Directory /workdir/hadoop-ozone/integration-test/target/test-dir/MiniOzoneClusterImpl-189f34b7-43e6-4b7e-82b3-72fee299e6f1/datanode-0/data/ratis/c69cb9ac-e4c6-4fca-8ff1-ee5cfca927a2] INFO  segmented.SegmentedRaftLogWorker (SegmentedRaftLogWorker.java:run(313)) - 70434e9f-7dc5-4d90-a426-89ab03943309-SegmentedRaftLogWorker:Storage Directory /workdir/hadoop-ozone/integration-test/target/test-dir/MiniOzoneClusterImpl-189f34b7-43e6-4b7e-82b3-72fee299e6f1/datanode-0/data/ratis/c69cb9ac-e4c6-4fca-8ff1-ee5cfca927a2 was interrupted, exiting. There are 0 tasks remaining in the queue.
2019-09-12 10:09:10,687 [main] INFO  impl.RoleInfo (RoleInfo.java:shutdownLeaderState(104)) - 2c56f4af-a416-42b4-89f1-011c972a54a7: shutdown LeaderState
2019-09-12 10:09:10,688 [ForkJoinPool.commonPool-worker-1] INFO  segmented.SegmentedRaftLogWorker (SegmentedRaftLogWorker.java:close(228)) - 70434e9f-7dc5-4d90-a426-89ab03943309-SegmentedRaftLogWorker:Storage Directory /workdir/hadoop-ozone/integration-test/target/test-dir/MiniOzoneClusterImpl-189f34b7-43e6-4b7e-82b3-72fee299e6f1/datanode-0/data/ratis/c69cb9ac-e4c6-4fca-8ff1-ee5cfca927a2 close()
2019-09-12 10:09:10,688 [main] INFO  impl.PendingRequests (PendingRequests.java:sendNotLeaderResponses(202)) - 2c56f4af-a416-42b4-89f1-011c972a54a7-PendingRequests: sendNotLeaderResponses
2019-09-12 10:09:10,690 [ForkJoinPool.commonPool-worker-1] INFO  impl.RaftServerImpl (RaftServerImpl.java:lambda$shutdown$3(245)) - 70434e9f-7dc5-4d90-a426-89ab03943309: shutdown group-7683B7E925AD
2019-09-12 10:09:10,690 [main] INFO  impl.StateMachineUpdater (StateMachineUpdater.java:stopAndJoin(115)) - StateMachineUpdater:2c56f4af-a416-42b4-89f1-011c972a54a7:group-47B85998409E: set stopIndex = 0
2019-09-12 10:09:10,691 [ForkJoinPool.commonPool-worker-1] INFO  util.JmxRegister (JmxRegister.java:unregister(73)) - Successfully un-registered JMX Bean with object name Ratis:service=RaftServer,group=group-7683B7E925AD,id=70434e9f-7dc5-4d90-a426-89ab03943309
2019-09-12 10:09:10,691 [main] INFO  impl.RaftServerImpl (ServerState.java:close(394)) - 2c56f4af-a416-42b4-89f1-011c972a54a7:group-47B85998409E closes. The last applied log index is 0
2019-09-12 10:09:10,691 [ForkJoinPool.commonPool-worker-1] INFO  impl.RoleInfo (RoleInfo.java:shutdownLeaderState(104)) - 70434e9f-7dc5-4d90-a426-89ab03943309: shutdown LeaderState
2019-09-12 10:09:10,692 [2c56f4af-a416-42b4-89f1-011c972a54a7-SegmentedRaftLogWorker:Storage Directory /workdir/hadoop-ozone/integration-test/target/test-dir/MiniOzoneClusterImpl-189f34b7-43e6-4b7e-82b3-72fee299e6f1/datanode-1/data/ratis/b9106326-4d9e-47b3-bb6a-47b85998409e] INFO  segmented.SegmentedRaftLogWorker (SegmentedRaftLogWorker.java:run(313)) - 2c56f4af-a416-42b4-89f1-011c972a54a7-SegmentedRaftLogWorker:Storage Directory /workdir/hadoop-ozone/integration-test/target/test-dir/MiniOzoneClusterImpl-189f34b7-43e6-4b7e-82b3-72fee299e6f1/datanode-1/data/ratis/b9106326-4d9e-47b3-bb6a-47b85998409e was interrupted, exiting. There are 0 tasks remaining in the queue.
2019-09-12 10:09:10,692 [ForkJoinPool.commonPool-worker-1] INFO  impl.PendingRequests (PendingRequests.java:sendNotLeaderResponses(202)) - 70434e9f-7dc5-4d90-a426-89ab03943309-PendingRequests: sendNotLeaderResponses
2019-09-12 10:09:10,695 [main] INFO  segmented.SegmentedRaftLogWorker (SegmentedRaftLogWorker.java:close(228)) - 2c56f4af-a416-42b4-89f1-011c972a54a7-SegmentedRaftLogWorker:Storage Directory /workdir/hadoop-ozone/integration-test/target/test-dir/MiniOzoneClusterImpl-189f34b7-43e6-4b7e-82b3-72fee299e6f1/datanode-1/data/ratis/b9106326-4d9e-47b3-bb6a-47b85998409e close()
2019-09-12 10:09:10,695 [ForkJoinPool.commonPool-worker-1] INFO  impl.StateMachineUpdater (StateMachineUpdater.java:stopAndJoin(115)) - StateMachineUpdater:70434e9f-7dc5-4d90-a426-89ab03943309:group-7683B7E925AD: set stopIndex = 0
2019-09-12 10:09:10,696 [ForkJoinPool.commonPool-worker-1] INFO  impl.RaftServerImpl (ServerState.java:close(394)) - 70434e9f-7dc5-4d90-a426-89ab03943309:group-7683B7E925AD closes. The last applied log index is 0
2019-09-12 10:09:10,697 [70434e9f-7dc5-4d90-a426-89ab03943309-SegmentedRaftLogWorker:Storage Directory /workdir/hadoop-ozone/integration-test/target/test-dir/MiniOzoneClusterImpl-189f34b7-43e6-4b7e-82b3-72fee299e6f1/datanode-0/data/ratis/7e00741a-9ac4-4e36-b082-7683b7e925ad] INFO  segmented.SegmentedRaftLogWorker (SegmentedRaftLogWorker.java:run(313)) - 70434e9f-7dc5-4d90-a426-89ab03943309-SegmentedRaftLogWorker:Storage Directory /workdir/hadoop-ozone/integration-test/target/test-dir/MiniOzoneClusterImpl-189f34b7-43e6-4b7e-82b3-72fee299e6f1/datanode-0/data/ratis/7e00741a-9ac4-4e36-b082-7683b7e925ad was interrupted, exiting. There are 0 tasks remaining in the queue.
2019-09-12 10:09:10,697 [main] INFO  server.GrpcService (GrpcService.java:closeImpl(155)) - 2c56f4af-a416-42b4-89f1-011c972a54a7: shutdown server with port 41187 now
2019-09-12 10:09:10,697 [ForkJoinPool.commonPool-worker-1] INFO  segmented.SegmentedRaftLogWorker (SegmentedRaftLogWorker.java:close(228)) - 70434e9f-7dc5-4d90-a426-89ab03943309-SegmentedRaftLogWorker:Storage Directory /workdir/hadoop-ozone/integration-test/target/test-dir/MiniOzoneClusterImpl-189f34b7-43e6-4b7e-82b3-72fee299e6f1/datanode-0/data/ratis/7e00741a-9ac4-4e36-b082-7683b7e925ad close()
2019-09-12 10:09:10,698 [ForkJoinPool.commonPool-worker-1] INFO  server.GrpcService (GrpcService.java:closeImpl(155)) - 70434e9f-7dc5-4d90-a426-89ab03943309: shutdown server with port 42068 now
2019-09-12 10:09:10,701 [ForkJoinPool.commonPool-worker-1] INFO  server.GrpcService (GrpcService.java:closeImpl(163)) - 70434e9f-7dc5-4d90-a426-89ab03943309: shutdown server with port 42068 successfully
2019-09-12 10:09:10,702 [main] INFO  server.GrpcService (GrpcService.java:closeImpl(163)) - 2c56f4af-a416-42b4-89f1-011c972a54a7: shutdown server with port 41187 successfully
2019-09-12 10:09:10,704 [ForkJoinPool.commonPool-worker-1] INFO  utils.BackgroundService (BackgroundService.java:shutdown(148)) - Shutting down service BlockDeletingService
2019-09-12 10:09:10,706 [refreshUsed-/workdir/hadoop-ozone/integration-test/target/test-dir/MiniOzoneClusterImpl-189f34b7-43e6-4b7e-82b3-72fee299e6f1/datanode-0/data/containers] WARN  fs.CachingGetSpaceUsed (CachingGetSpaceUsed.java:run(183)) - Thread Interrupted waiting to refresh disk information: sleep interrupted
2019-09-12 10:09:10,711 [main] INFO  utils.BackgroundService (BackgroundService.java:shutdown(148)) - Shutting down service BlockDeletingService
2019-09-12 10:09:10,715 [refreshUsed-/workdir/hadoop-ozone/integration-test/target/test-dir/MiniOzoneClusterImpl-189f34b7-43e6-4b7e-82b3-72fee299e6f1/datanode-1/data/containers] WARN  fs.CachingGetSpaceUsed (CachingGetSpaceUsed.java:run(183)) - Thread Interrupted waiting to refresh disk information: sleep interrupted
2019-09-12 10:09:10,732 [ForkJoinPool.commonPool-worker-1] INFO  statemachine.DatanodeStateMachine (DatanodeStateMachine.java:stopDaemon(395)) - Ozone container server stopped.
2019-09-12 10:09:10,735 [ForkJoinPool.commonPool-worker-1] INFO  handler.ContextHandler (ContextHandler.java:doStop(910)) - Stopped o.e.j.w.WebAppContext@4dba773d{/,null,UNAVAILABLE}{/hddsDatanode}
2019-09-12 10:09:10,736 [ForkJoinPool.commonPool-worker-1] INFO  server.AbstractConnector (AbstractConnector.java:doStop(318)) - Stopped ServerConnector@1d9bd4da{HTTP/1.1,[http/1.1]}{0.0.0.0:0}
2019-09-12 10:09:10,737 [ForkJoinPool.commonPool-worker-1] INFO  handler.ContextHandler (ContextHandler.java:doStop(910)) - Stopped o.e.j.s.ServletContextHandler@6a1d3225{/static,jar:file:/home/user/.m2/repository/org/apache/hadoop/hadoop-hdds-container-service/0.5.0-SNAPSHOT/hadoop-hdds-container-service-0.5.0-SNAPSHOT.jar!/webapps/static,UNAVAILABLE}
2019-09-12 10:09:10,738 [ForkJoinPool.commonPool-worker-1] INFO  handler.ContextHandler (ContextHandler.java:doStop(910)) - Stopped o.e.j.s.ServletContextHandler@1cc680e{/logs,file:///workdir/hadoop-ozone/integration-test/target/log,UNAVAILABLE}
2019-09-12 10:09:10,740 [main] INFO  statemachine.DatanodeStateMachine (DatanodeStateMachine.java:stopDaemon(395)) - Ozone container server stopped.
2019-09-12 10:09:10,740 [ForkJoinPool.commonPool-worker-1] INFO  datanode.ObjectStoreHandler (ObjectStoreHandler.java:close(155)) - Closing ObjectStoreHandler.
2019-09-12 10:09:10,741 [ForkJoinPool.commonPool-worker-1] INFO  ozone.HddsDatanodeService (HddsDatanodeService.java:stop(451)) - Stopped plug-in org.apache.hadoop.ozone.web.OzoneHddsDatanodeService@62a6674f
2019-09-12 10:09:10,741 [main] INFO  handler.ContextHandler (ContextHandler.java:doStop(910)) - Stopped o.e.j.w.WebAppContext@265a094b{/,null,UNAVAILABLE}{/hddsDatanode}
2019-09-12 10:09:10,742 [main] INFO  server.AbstractConnector (AbstractConnector.java:doStop(318)) - Stopped ServerConnector@1f536481{HTTP/1.1,[http/1.1]}{0.0.0.0:0}
2019-09-12 10:09:10,742 [main] INFO  handler.ContextHandler (ContextHandler.java:doStop(910)) - Stopped o.e.j.s.ServletContextHandler@68af87ad{/static,jar:file:/home/user/.m2/repository/org/apache/hadoop/hadoop-hdds-container-service/0.5.0-SNAPSHOT/hadoop-hdds-container-service-0.5.0-SNAPSHOT.jar!/webapps/static,UNAVAILABLE}
2019-09-12 10:09:10,743 [main] INFO  handler.ContextHandler (ContextHandler.java:doStop(910)) - Stopped o.e.j.s.ServletContextHandler@44f0ff2b{/logs,file:///workdir/hadoop-ozone/integration-test/target/log,UNAVAILABLE}
2019-09-12 10:09:11,631 [Datanode State Machine Thread - 0] INFO  statemachine.DatanodeStateMachine (DatanodeStateMachine.java:lambda$startDaemon$0(350)) - Ozone container server started.
2019-09-12 10:09:15,742 [ForkJoinPool.commonPool-worker-1] INFO  ozoneimpl.OzoneContainer (OzoneContainer.java:stop(199)) - Attempting to stop container services.
2019-09-12 10:09:15,743 [ForkJoinPool.commonPool-worker-1] INFO  impl.RaftServerProxy (RaftServerProxy.java:lambda$close$4(314)) - e555ab07-8ec7-47a5-b037-b4b5d30098f1: close
2019-09-12 10:09:15,743 [ForkJoinPool.commonPool-worker-1] INFO  impl.RaftServerImpl (RaftServerImpl.java:lambda$shutdown$3(245)) - e555ab07-8ec7-47a5-b037-b4b5d30098f1: shutdown group-8C10F6D7719E
2019-09-12 10:09:15,743 [ForkJoinPool.commonPool-worker-1] INFO  util.JmxRegister (JmxRegister.java:unregister(73)) - Successfully un-registered JMX Bean with object name Ratis:service=RaftServer,group=group-8C10F6D7719E,id=e555ab07-8ec7-47a5-b037-b4b5d30098f1
2019-09-12 10:09:15,743 [ForkJoinPool.commonPool-worker-1] INFO  impl.RoleInfo (RoleInfo.java:shutdownLeaderState(104)) - e555ab07-8ec7-47a5-b037-b4b5d30098f1: shutdown LeaderState
2019-09-12 10:09:15,744 [ForkJoinPool.commonPool-worker-1] INFO  impl.PendingRequests (PendingRequests.java:sendNotLeaderResponses(202)) - e555ab07-8ec7-47a5-b037-b4b5d30098f1-PendingRequests: sendNotLeaderResponses
2019-09-12 10:09:15,744 [ForkJoinPool.commonPool-worker-1] INFO  impl.StateMachineUpdater (StateMachineUpdater.java:stopAndJoin(115)) - StateMachineUpdater:e555ab07-8ec7-47a5-b037-b4b5d30098f1:group-8C10F6D7719E: set stopIndex = 0
2019-09-12 10:09:15,745 [ForkJoinPool.commonPool-worker-1] INFO  impl.RaftServerImpl (ServerState.java:close(394)) - e555ab07-8ec7-47a5-b037-b4b5d30098f1:group-8C10F6D7719E closes. The last applied log index is 0
2019-09-12 10:09:15,745 [e555ab07-8ec7-47a5-b037-b4b5d30098f1-SegmentedRaftLogWorker:Storage Directory /workdir/hadoop-ozone/integration-test/target/test-dir/MiniOzoneClusterImpl-189f34b7-43e6-4b7e-82b3-72fee299e6f1/datanode-2/data/ratis/080def45-c1a4-4a94-8385-8c10f6d7719e] INFO  segmented.SegmentedRaftLogWorker (SegmentedRaftLogWorker.java:run(313)) - e555ab07-8ec7-47a5-b037-b4b5d30098f1-SegmentedRaftLogWorker:Storage Directory /workdir/hadoop-ozone/integration-test/target/test-dir/MiniOzoneClusterImpl-189f34b7-43e6-4b7e-82b3-72fee299e6f1/datanode-2/data/ratis/080def45-c1a4-4a94-8385-8c10f6d7719e was interrupted, exiting. There are 0 tasks remaining in the queue.
2019-09-12 10:09:15,745 [ForkJoinPool.commonPool-worker-1] INFO  segmented.SegmentedRaftLogWorker (SegmentedRaftLogWorker.java:close(228)) - e555ab07-8ec7-47a5-b037-b4b5d30098f1-SegmentedRaftLogWorker:Storage Directory /workdir/hadoop-ozone/integration-test/target/test-dir/MiniOzoneClusterImpl-189f34b7-43e6-4b7e-82b3-72fee299e6f1/datanode-2/data/ratis/080def45-c1a4-4a94-8385-8c10f6d7719e close()
2019-09-12 10:09:15,747 [ForkJoinPool.commonPool-worker-1] INFO  impl.RaftServerImpl (RaftServerImpl.java:lambda$shutdown$3(245)) - e555ab07-8ec7-47a5-b037-b4b5d30098f1: shutdown group-290B1E8DDB24
2019-09-12 10:09:15,747 [ForkJoinPool.commonPool-worker-1] INFO  util.JmxRegister (JmxRegister.java:unregister(73)) - Successfully un-registered JMX Bean with object name Ratis:service=RaftServer,group=group-290B1E8DDB24,id=e555ab07-8ec7-47a5-b037-b4b5d30098f1
2019-09-12 10:09:15,747 [ForkJoinPool.commonPool-worker-1] INFO  impl.RoleInfo (RoleInfo.java:shutdownLeaderState(104)) - e555ab07-8ec7-47a5-b037-b4b5d30098f1: shutdown LeaderState
2019-09-12 10:09:15,747 [ForkJoinPool.commonPool-worker-1] INFO  impl.PendingRequests (PendingRequests.java:sendNotLeaderResponses(202)) - e555ab07-8ec7-47a5-b037-b4b5d30098f1-PendingRequests: sendNotLeaderResponses
2019-09-12 10:09:15,748 [ForkJoinPool.commonPool-worker-1] INFO  impl.StateMachineUpdater (StateMachineUpdater.java:stopAndJoin(115)) - StateMachineUpdater:e555ab07-8ec7-47a5-b037-b4b5d30098f1:group-290B1E8DDB24: set stopIndex = 0
2019-09-12 10:09:15,748 [ForkJoinPool.commonPool-worker-1] INFO  impl.RaftServerImpl (ServerState.java:close(394)) - e555ab07-8ec7-47a5-b037-b4b5d30098f1:group-290B1E8DDB24 closes. The last applied log index is 0
2019-09-12 10:09:15,748 [e555ab07-8ec7-47a5-b037-b4b5d30098f1-SegmentedRaftLogWorker:Storage Directory /workdir/hadoop-ozone/integration-test/target/test-dir/MiniOzoneClusterImpl-189f34b7-43e6-4b7e-82b3-72fee299e6f1/datanode-2/data/ratis/d9f5f956-b42c-493b-bfd2-290b1e8ddb24] INFO  segmented.SegmentedRaftLogWorker (SegmentedRaftLogWorker.java:run(313)) - e555ab07-8ec7-47a5-b037-b4b5d30098f1-SegmentedRaftLogWorker:Storage Directory /workdir/hadoop-ozone/integration-test/target/test-dir/MiniOzoneClusterImpl-189f34b7-43e6-4b7e-82b3-72fee299e6f1/datanode-2/data/ratis/d9f5f956-b42c-493b-bfd2-290b1e8ddb24 was interrupted, exiting. There are 0 tasks remaining in the queue.
2019-09-12 10:09:15,766 [ForkJoinPool.commonPool-worker-1] INFO  segmented.SegmentedRaftLogWorker (SegmentedRaftLogWorker.java:close(228)) - e555ab07-8ec7-47a5-b037-b4b5d30098f1-SegmentedRaftLogWorker:Storage Directory /workdir/hadoop-ozone/integration-test/target/test-dir/MiniOzoneClusterImpl-189f34b7-43e6-4b7e-82b3-72fee299e6f1/datanode-2/data/ratis/d9f5f956-b42c-493b-bfd2-290b1e8ddb24 close()
2019-09-12 10:09:15,768 [ForkJoinPool.commonPool-worker-1] INFO  impl.RaftServerImpl (RaftServerImpl.java:lambda$shutdown$3(245)) - e555ab07-8ec7-47a5-b037-b4b5d30098f1: shutdown group-77CD2F477DB5
2019-09-12 10:09:15,768 [ForkJoinPool.commonPool-worker-1] INFO  util.JmxRegister (JmxRegister.java:unregister(73)) - Successfully un-registered JMX Bean with object name Ratis:service=RaftServer,group=group-77CD2F477DB5,id=e555ab07-8ec7-47a5-b037-b4b5d30098f1
2019-09-12 10:09:15,768 [ForkJoinPool.commonPool-worker-1] INFO  impl.RoleInfo (RoleInfo.java:shutdownLeaderState(104)) - e555ab07-8ec7-47a5-b037-b4b5d30098f1: shutdown LeaderState
2019-09-12 10:09:15,768 [ForkJoinPool.commonPool-worker-1] INFO  impl.PendingRequests (PendingRequests.java:sendNotLeaderResponses(202)) - e555ab07-8ec7-47a5-b037-b4b5d30098f1-PendingRequests: sendNotLeaderResponses
2019-09-12 10:09:15,769 [ForkJoinPool.commonPool-worker-1] INFO  impl.StateMachineUpdater (StateMachineUpdater.java:stopAndJoin(115)) - StateMachineUpdater:e555ab07-8ec7-47a5-b037-b4b5d30098f1:group-77CD2F477DB5: set stopIndex = 0
2019-09-12 10:09:15,769 [ForkJoinPool.commonPool-worker-1] INFO  impl.RaftServerImpl (ServerState.java:close(394)) - e555ab07-8ec7-47a5-b037-b4b5d30098f1:group-77CD2F477DB5 closes. The last applied log index is 0
2019-09-12 10:09:15,769 [e555ab07-8ec7-47a5-b037-b4b5d30098f1-SegmentedRaftLogWorker:Storage Directory /workdir/hadoop-ozone/integration-test/target/test-dir/MiniOzoneClusterImpl-189f34b7-43e6-4b7e-82b3-72fee299e6f1/datanode-2/data/ratis/513b83a1-b602-4d70-bdb7-77cd2f477db5] INFO  segmented.SegmentedRaftLogWorker (SegmentedRaftLogWorker.java:run(313)) - e555ab07-8ec7-47a5-b037-b4b5d30098f1-SegmentedRaftLogWorker:Storage Directory /workdir/hadoop-ozone/integration-test/target/test-dir/MiniOzoneClusterImpl-189f34b7-43e6-4b7e-82b3-72fee299e6f1/datanode-2/data/ratis/513b83a1-b602-4d70-bdb7-77cd2f477db5 was interrupted, exiting. There are 0 tasks remaining in the queue.
2019-09-12 10:09:15,770 [ForkJoinPool.commonPool-worker-1] INFO  segmented.SegmentedRaftLogWorker (SegmentedRaftLogWorker.java:close(228)) - e555ab07-8ec7-47a5-b037-b4b5d30098f1-SegmentedRaftLogWorker:Storage Directory /workdir/hadoop-ozone/integration-test/target/test-dir/MiniOzoneClusterImpl-189f34b7-43e6-4b7e-82b3-72fee299e6f1/datanode-2/data/ratis/513b83a1-b602-4d70-bdb7-77cd2f477db5 close()
2019-09-12 10:09:15,771 [ForkJoinPool.commonPool-worker-1] INFO  impl.RaftServerImpl (RaftServerImpl.java:lambda$shutdown$3(245)) - e555ab07-8ec7-47a5-b037-b4b5d30098f1: shutdown group-127B9D6A1B82
2019-09-12 10:09:15,771 [ForkJoinPool.commonPool-worker-1] INFO  util.JmxRegister (JmxRegister.java:unregister(73)) - Successfully un-registered JMX Bean with object name Ratis:service=RaftServer,group=group-127B9D6A1B82,id=e555ab07-8ec7-47a5-b037-b4b5d30098f1
2019-09-12 10:09:15,771 [ForkJoinPool.commonPool-worker-1] INFO  impl.RoleInfo (RoleInfo.java:shutdownLeaderState(104)) - e555ab07-8ec7-47a5-b037-b4b5d30098f1: shutdown LeaderState
2019-09-12 10:09:15,772 [ForkJoinPool.commonPool-worker-1] INFO  impl.PendingRequests (PendingRequests.java:sendNotLeaderResponses(202)) - e555ab07-8ec7-47a5-b037-b4b5d30098f1-PendingRequests: sendNotLeaderResponses
2019-09-12 10:09:15,772 [ForkJoinPool.commonPool-worker-1] INFO  impl.StateMachineUpdater (StateMachineUpdater.java:stopAndJoin(115)) - StateMachineUpdater:e555ab07-8ec7-47a5-b037-b4b5d30098f1:group-127B9D6A1B82: set stopIndex = 0
2019-09-12 10:09:15,772 [ForkJoinPool.commonPool-worker-1] INFO  impl.RaftServerImpl (ServerState.java:close(394)) - e555ab07-8ec7-47a5-b037-b4b5d30098f1:group-127B9D6A1B82 closes. The last applied log index is 0
2019-09-12 10:09:15,773 [e555ab07-8ec7-47a5-b037-b4b5d30098f1-SegmentedRaftLogWorker:Storage Directory /workdir/hadoop-ozone/integration-test/target/test-dir/MiniOzoneClusterImpl-189f34b7-43e6-4b7e-82b3-72fee299e6f1/datanode-2/data/ratis/314ea728-91c5-49b0-a970-127b9d6a1b82] INFO  segmented.SegmentedRaftLogWorker (SegmentedRaftLogWorker.java:run(313)) - e555ab07-8ec7-47a5-b037-b4b5d30098f1-SegmentedRaftLogWorker:Storage Directory /workdir/hadoop-ozone/integration-test/target/test-dir/MiniOzoneClusterImpl-189f34b7-43e6-4b7e-82b3-72fee299e6f1/datanode-2/data/ratis/314ea728-91c5-49b0-a970-127b9d6a1b82 was interrupted, exiting. There are 0 tasks remaining in the queue.
2019-09-12 10:09:15,773 [ForkJoinPool.commonPool-worker-1] INFO  segmented.SegmentedRaftLogWorker (SegmentedRaftLogWorker.java:close(228)) - e555ab07-8ec7-47a5-b037-b4b5d30098f1-SegmentedRaftLogWorker:Storage Directory /workdir/hadoop-ozone/integration-test/target/test-dir/MiniOzoneClusterImpl-189f34b7-43e6-4b7e-82b3-72fee299e6f1/datanode-2/data/ratis/314ea728-91c5-49b0-a970-127b9d6a1b82 close()
2019-09-12 10:09:15,774 [ForkJoinPool.commonPool-worker-1] INFO  impl.RaftServerImpl (RaftServerImpl.java:lambda$shutdown$3(245)) - e555ab07-8ec7-47a5-b037-b4b5d30098f1: shutdown group-3D0273B257C7
2019-09-12 10:09:15,774 [ForkJoinPool.commonPool-worker-1] INFO  util.JmxRegister (JmxRegister.java:unregister(73)) - Successfully un-registered JMX Bean with object name Ratis:service=RaftServer,group=group-3D0273B257C7,id=e555ab07-8ec7-47a5-b037-b4b5d30098f1
2019-09-12 10:09:15,775 [ForkJoinPool.commonPool-worker-1] INFO  impl.RoleInfo (RoleInfo.java:shutdownLeaderState(104)) - e555ab07-8ec7-47a5-b037-b4b5d30098f1: shutdown LeaderState
2019-09-12 10:09:15,775 [ForkJoinPool.commonPool-worker-1] INFO  impl.PendingRequests (PendingRequests.java:sendNotLeaderResponses(202)) - e555ab07-8ec7-47a5-b037-b4b5d30098f1-PendingRequests: sendNotLeaderResponses
2019-09-12 10:09:15,775 [ForkJoinPool.commonPool-worker-1] INFO  impl.StateMachineUpdater (StateMachineUpdater.java:stopAndJoin(115)) - StateMachineUpdater:e555ab07-8ec7-47a5-b037-b4b5d30098f1:group-3D0273B257C7: set stopIndex = 0
2019-09-12 10:09:15,776 [ForkJoinPool.commonPool-worker-1] INFO  impl.RaftServerImpl (ServerState.java:close(394)) - e555ab07-8ec7-47a5-b037-b4b5d30098f1:group-3D0273B257C7 closes. The last applied log index is 0
2019-09-12 10:09:15,776 [e555ab07-8ec7-47a5-b037-b4b5d30098f1-SegmentedRaftLogWorker:Storage Directory /workdir/hadoop-ozone/integration-test/target/test-dir/MiniOzoneClusterImpl-189f34b7-43e6-4b7e-82b3-72fee299e6f1/datanode-2/data/ratis/f5e41d69-93ab-4c22-a1cf-3d0273b257c7] INFO  segmented.SegmentedRaftLogWorker (SegmentedRaftLogWorker.java:run(313)) - e555ab07-8ec7-47a5-b037-b4b5d30098f1-SegmentedRaftLogWorker:Storage Directory /workdir/hadoop-ozone/integration-test/target/test-dir/MiniOzoneClusterImpl-189f34b7-43e6-4b7e-82b3-72fee299e6f1/datanode-2/data/ratis/f5e41d69-93ab-4c22-a1cf-3d0273b257c7 was interrupted, exiting. There are 0 tasks remaining in the queue.
2019-09-12 10:09:15,776 [ForkJoinPool.commonPool-worker-1] INFO  segmented.SegmentedRaftLogWorker (SegmentedRaftLogWorker.java:close(228)) - e555ab07-8ec7-47a5-b037-b4b5d30098f1-SegmentedRaftLogWorker:Storage Directory /workdir/hadoop-ozone/integration-test/target/test-dir/MiniOzoneClusterImpl-189f34b7-43e6-4b7e-82b3-72fee299e6f1/datanode-2/data/ratis/f5e41d69-93ab-4c22-a1cf-3d0273b257c7 close()
2019-09-12 10:09:15,777 [ForkJoinPool.commonPool-worker-1] INFO  impl.RaftServerImpl (RaftServerImpl.java:lambda$shutdown$3(245)) - e555ab07-8ec7-47a5-b037-b4b5d30098f1: shutdown group-46151549BC1E
2019-09-12 10:09:15,778 [ForkJoinPool.commonPool-worker-1] INFO  util.JmxRegister (JmxRegister.java:unregister(73)) - Successfully un-registered JMX Bean with object name Ratis:service=RaftServer,group=group-46151549BC1E,id=e555ab07-8ec7-47a5-b037-b4b5d30098f1
2019-09-12 10:09:15,778 [ForkJoinPool.commonPool-worker-1] INFO  impl.RoleInfo (RoleInfo.java:shutdownLeaderState(104)) - e555ab07-8ec7-47a5-b037-b4b5d30098f1: shutdown LeaderState
2019-09-12 10:09:15,778 [ForkJoinPool.commonPool-worker-1] INFO  impl.PendingRequests (PendingRequests.java:sendNotLeaderResponses(202)) - e555ab07-8ec7-47a5-b037-b4b5d30098f1-PendingRequests: sendNotLeaderResponses
2019-09-12 10:09:15,779 [ForkJoinPool.commonPool-worker-1] INFO  impl.StateMachineUpdater (StateMachineUpdater.java:stopAndJoin(115)) - StateMachineUpdater:e555ab07-8ec7-47a5-b037-b4b5d30098f1:group-46151549BC1E: set stopIndex = 0
2019-09-12 10:09:15,779 [ForkJoinPool.commonPool-worker-1] INFO  impl.RaftServerImpl (ServerState.java:close(394)) - e555ab07-8ec7-47a5-b037-b4b5d30098f1:group-46151549BC1E closes. The last applied log index is 0
2019-09-12 10:09:15,779 [e555ab07-8ec7-47a5-b037-b4b5d30098f1-SegmentedRaftLogWorker:Storage Directory /workdir/hadoop-ozone/integration-test/target/test-dir/MiniOzoneClusterImpl-189f34b7-43e6-4b7e-82b3-72fee299e6f1/datanode-2/data/ratis/35a17a92-8f6e-4a5e-a74e-46151549bc1e] INFO  segmented.SegmentedRaftLogWorker (SegmentedRaftLogWorker.java:run(313)) - e555ab07-8ec7-47a5-b037-b4b5d30098f1-SegmentedRaftLogWorker:Storage Directory /workdir/hadoop-ozone/integration-test/target/test-dir/MiniOzoneClusterImpl-189f34b7-43e6-4b7e-82b3-72fee299e6f1/datanode-2/data/ratis/35a17a92-8f6e-4a5e-a74e-46151549bc1e was interrupted, exiting. There are 0 tasks remaining in the queue.
2019-09-12 10:09:15,780 [ForkJoinPool.commonPool-worker-1] INFO  segmented.SegmentedRaftLogWorker (SegmentedRaftLogWorker.java:close(228)) - e555ab07-8ec7-47a5-b037-b4b5d30098f1-SegmentedRaftLogWorker:Storage Directory /workdir/hadoop-ozone/integration-test/target/test-dir/MiniOzoneClusterImpl-189f34b7-43e6-4b7e-82b3-72fee299e6f1/datanode-2/data/ratis/35a17a92-8f6e-4a5e-a74e-46151549bc1e close()
2019-09-12 10:09:15,781 [ForkJoinPool.commonPool-worker-1] INFO  server.GrpcService (GrpcService.java:closeImpl(155)) - e555ab07-8ec7-47a5-b037-b4b5d30098f1: shutdown server with port 39573 now
2019-09-12 10:09:15,782 [ForkJoinPool.commonPool-worker-1] INFO  server.GrpcService (GrpcService.java:closeImpl(163)) - e555ab07-8ec7-47a5-b037-b4b5d30098f1: shutdown server with port 39573 successfully
2019-09-12 10:09:15,793 [ForkJoinPool.commonPool-worker-1] INFO  utils.BackgroundService (BackgroundService.java:shutdown(148)) - Shutting down service BlockDeletingService
2019-09-12 10:09:15,794 [refreshUsed-/workdir/hadoop-ozone/integration-test/target/test-dir/MiniOzoneClusterImpl-189f34b7-43e6-4b7e-82b3-72fee299e6f1/datanode-2/data/containers] WARN  fs.CachingGetSpaceUsed (CachingGetSpaceUsed.java:run(183)) - Thread Interrupted waiting to refresh disk information: sleep interrupted
2019-09-12 10:09:15,812 [ForkJoinPool.commonPool-worker-1] INFO  statemachine.DatanodeStateMachine (DatanodeStateMachine.java:stopDaemon(395)) - Ozone container server stopped.
2019-09-12 10:09:15,814 [ForkJoinPool.commonPool-worker-1] INFO  handler.ContextHandler (ContextHandler.java:doStop(910)) - Stopped o.e.j.w.WebAppContext@6cc64028{/,null,UNAVAILABLE}{/hddsDatanode}
2019-09-12 10:09:15,814 [ForkJoinPool.commonPool-worker-1] INFO  server.AbstractConnector (AbstractConnector.java:doStop(318)) - Stopped ServerConnector@291a4791{HTTP/1.1,[http/1.1]}{0.0.0.0:0}
2019-09-12 10:09:15,815 [ForkJoinPool.commonPool-worker-1] INFO  handler.ContextHandler (ContextHandler.java:doStop(910)) - Stopped o.e.j.s.ServletContextHandler@17c0274c{/static,jar:file:/home/user/.m2/repository/org/apache/hadoop/hadoop-hdds-container-service/0.5.0-SNAPSHOT/hadoop-hdds-container-service-0.5.0-SNAPSHOT.jar!/webapps/static,UNAVAILABLE}
2019-09-12 10:09:15,816 [ForkJoinPool.commonPool-worker-1] INFO  handler.ContextHandler (ContextHandler.java:doStop(910)) - Stopped o.e.j.s.ServletContextHandler@448c92fc{/logs,file:///workdir/hadoop-ozone/integration-test/target/log,UNAVAILABLE}
2019-09-12 10:09:15,817 [main] INFO  ozone.MiniOzoneClusterImpl (MiniOzoneClusterImpl.java:stop(353)) - Stopping the StorageContainerManager
2019-09-12 10:09:15,817 [main] INFO  server.StorageContainerManager (StorageContainerManager.java:stop(797)) - Stopping Replication Manager Service.
2019-09-12 10:09:15,817 [main] INFO  container.ReplicationManager (ReplicationManager.java:stop(192)) - Stopping Replication Monitor Thread.
2019-09-12 10:09:15,817 [main] INFO  server.StorageContainerManager (StorageContainerManager.java:stop(804)) - Stopping Lease Manager of the command watchers
2019-09-12 10:09:15,817 [main] INFO  server.StorageContainerManager (StorageContainerManager.java:stop(811)) - Stopping datanode service RPC server
2019-09-12 10:09:15,818 [main] INFO  server.SCMDatanodeProtocolServer (SCMDatanodeProtocolServer.java:stop(367)) - Stopping the RPC server for DataNodes
2019-09-12 10:09:15,818 [main] INFO  ipc.Server (Server.java:stop(3082)) - Stopping server on 45102
2019-09-12 10:09:15,819 [IPC Server listener on 45102] INFO  ipc.Server (Server.java:run(1185)) - Stopping IPC Server listener on 45102
2019-09-12 10:09:15,819 [IPC Server Responder] INFO  ipc.Server (Server.java:run(1319)) - Stopping IPC Server Responder
2019-09-12 10:09:15,920 [SCM Heartbeat Processing Thread - 0] WARN  node.NodeStateManager (NodeStateManager.java:scheduleNextHealthCheck(655)) - Current Thread is interrupted, shutting down HB processing thread for Node Manager.
2019-09-12 10:09:15,920 [main] INFO  server.StorageContainerManager (StorageContainerManager.java:stop(819)) - Stopping block service RPC server
2019-09-12 10:09:15,920 [main] INFO  server.SCMBlockProtocolServer (SCMBlockProtocolServer.java:stop(148)) - Stopping the RPC server for Block Protocol
2019-09-12 10:09:15,921 [main] INFO  ipc.Server (Server.java:stop(3082)) - Stopping server on 46511
2019-09-12 10:09:15,922 [main] INFO  server.StorageContainerManager (StorageContainerManager.java:stop(826)) - Stopping the StorageContainerLocationProtocol RPC server
2019-09-12 10:09:15,922 [main] INFO  server.SCMClientProtocolServer (SCMClientProtocolServer.java:stop(159)) - Stopping the RPC server for Client Protocol
2019-09-12 10:09:15,922 [IPC Server Responder] INFO  ipc.Server (Server.java:run(1319)) - Stopping IPC Server Responder
2019-09-12 10:09:15,922 [IPC Server listener on 46511] INFO  ipc.Server (Server.java:run(1185)) - Stopping IPC Server listener on 46511
2019-09-12 10:09:15,923 [main] INFO  ipc.Server (Server.java:stop(3082)) - Stopping server on 39596
2019-09-12 10:09:15,925 [IPC Server listener on 39596] INFO  ipc.Server (Server.java:run(1185)) - Stopping IPC Server listener on 39596
2019-09-12 10:09:15,925 [IPC Server Responder] INFO  ipc.Server (Server.java:run(1319)) - Stopping IPC Server Responder
2019-09-12 10:09:15,925 [main] INFO  server.StorageContainerManager (StorageContainerManager.java:stop(833)) - Stopping Storage Container Manager HTTP server.
2019-09-12 10:09:15,926 [main] INFO  handler.ContextHandler (ContextHandler.java:doStop(910)) - Stopped o.e.j.w.WebAppContext@30b34287{/,null,UNAVAILABLE}{/scm}
2019-09-12 10:09:15,927 [main] INFO  server.AbstractConnector (AbstractConnector.java:doStop(318)) - Stopped ServerConnector@672f11c2{HTTP/1.1,[http/1.1]}{0.0.0.0:0}
2019-09-12 10:09:15,927 [main] INFO  handler.ContextHandler (ContextHandler.java:doStop(910)) - Stopped o.e.j.s.ServletContextHandler@1a45193b{/static,file:///workdir/hadoop-ozone/integration-test/target/test-classes/webapps/static,UNAVAILABLE}
2019-09-12 10:09:15,928 [main] INFO  handler.ContextHandler (ContextHandler.java:doStop(910)) - Stopped o.e.j.s.ServletContextHandler@47a5b70d{/logs,file:///workdir/hadoop-ozone/integration-test/target/log,UNAVAILABLE}
2019-09-12 10:09:15,929 [main] INFO  server.StorageContainerManager (StorageContainerManager.java:stop(844)) - Stopping Block Manager Service.
2019-09-12 10:09:15,929 [main] INFO  utils.BackgroundService (BackgroundService.java:shutdown(148)) - Shutting down service SCMBlockDeletingService
2019-09-12 10:09:15,930 [main] INFO  utils.BackgroundService (BackgroundService.java:shutdown(148)) - Shutting down service SCMBlockDeletingService
2019-09-12 10:09:15,930 [main] INFO  server.StorageContainerManager (StorageContainerManager.java:stop(866)) - Stopping SCM Event Queue.
2019-09-12 10:09:15,937 [main] INFO  impl.MetricsSystemImpl (MetricsSystemImpl.java:stop(210)) - Stopping HddsDatanode metrics system...
2019-09-12 10:09:15,942 [main] INFO  impl.MetricsSystemImpl (MetricsSystemImpl.java:stop(216)) - HddsDatanode metrics system stopped.
]]></system-out>
    <system-err><![CDATA[Sep 12, 2019 10:08:56 AM com.sun.jersey.server.impl.application.WebApplicationImpl _initiate
INFO: Initiating Jersey application, version 'Jersey: 1.19 02/11/2015 03:25 AM'
Sep 12, 2019 10:08:57 AM com.sun.jersey.server.impl.application.WebApplicationImpl _initiate
INFO: Initiating Jersey application, version 'Jersey: 1.19 02/11/2015 03:25 AM'
Sep 12, 2019 10:08:57 AM com.sun.jersey.server.impl.application.WebApplicationImpl _initiate
INFO: Initiating Jersey application, version 'Jersey: 1.19 02/11/2015 03:25 AM'
]]></system-err>
  </testcase>
  <testcase name="testPipelineCloseWithOpenContainer" classname="org.apache.hadoop.hdds.scm.pipeline.TestPipelineClose" time="17.177">
    <error message="Could not allocate container. Cannot get any matching pipeline for Type:RATIS, Factor:THREE, State:PipelineState.OPEN" type="java.io.IOException">java.io.IOException: Could not allocate container. Cannot get any matching pipeline for Type:RATIS, Factor:THREE, State:PipelineState.OPEN
	at org.apache.hadoop.hdds.scm.container.ContainerStateManager.allocateContainer(ContainerStateManager.java:260)
	at org.apache.hadoop.hdds.scm.container.SCMContainerManager.allocateContainer(SCMContainerManager.java:247)
	at org.apache.hadoop.hdds.scm.pipeline.TestPipelineClose.init(TestPipelineClose.java:92)
	at sun.reflect.NativeMethodAccessorImpl.invoke0(Native Method)
	at sun.reflect.NativeMethodAccessorImpl.invoke(NativeMethodAccessorImpl.java:62)
	at sun.reflect.DelegatingMethodAccessorImpl.invoke(DelegatingMethodAccessorImpl.java:43)
	at java.lang.reflect.Method.invoke(Method.java:498)
	at org.junit.runners.model.FrameworkMethod$1.runReflectiveCall(FrameworkMethod.java:47)
	at org.junit.internal.runners.model.ReflectiveCallable.run(ReflectiveCallable.java:12)
	at org.junit.runners.model.FrameworkMethod.invokeExplosively(FrameworkMethod.java:44)
	at org.junit.internal.runners.statements.RunBefores.evaluate(RunBefores.java:24)
	at org.junit.internal.runners.statements.RunAfters.evaluate(RunAfters.java:27)
	at org.junit.runners.ParentRunner.runLeaf(ParentRunner.java:271)
	at org.junit.runners.BlockJUnit4ClassRunner.runChild(BlockJUnit4ClassRunner.java:70)
	at org.junit.runners.BlockJUnit4ClassRunner.runChild(BlockJUnit4ClassRunner.java:50)
	at org.junit.runners.ParentRunner$3.run(ParentRunner.java:238)
	at org.junit.runners.ParentRunner$1.schedule(ParentRunner.java:63)
	at org.junit.runners.ParentRunner.runChildren(ParentRunner.java:236)
	at org.junit.runners.ParentRunner.access$000(ParentRunner.java:53)
	at org.junit.runners.ParentRunner$2.evaluate(ParentRunner.java:229)
	at org.junit.runners.ParentRunner.run(ParentRunner.java:309)
	at org.apache.maven.surefire.junit4.JUnit4Provider.execute(JUnit4Provider.java:365)
	at org.apache.maven.surefire.junit4.JUnit4Provider.executeWithRerun(JUnit4Provider.java:273)
	at org.apache.maven.surefire.junit4.JUnit4Provider.executeTestSet(JUnit4Provider.java:238)
	at org.apache.maven.surefire.junit4.JUnit4Provider.invoke(JUnit4Provider.java:159)
	at org.apache.maven.surefire.booter.ForkedBooter.invokeProviderInSameClassLoader(ForkedBooter.java:384)
	at org.apache.maven.surefire.booter.ForkedBooter.runSuitesInProcess(ForkedBooter.java:345)
	at org.apache.maven.surefire.booter.ForkedBooter.execute(ForkedBooter.java:126)
	at org.apache.maven.surefire.booter.ForkedBooter.main(ForkedBooter.java:418)
</error>
    <system-out><![CDATA[2019-09-12 10:09:15,994 [main] WARN  server.ServerUtils (ServerUtils.java:getScmDbDir(145)) - ozone.scm.db.dirs is not configured. We recommend adding this setting. Falling back to ozone.metadata.dirs instead.
2019-09-12 10:09:16,035 [main] WARN  server.ServerUtils (ServerUtils.java:getScmDbDir(145)) - ozone.scm.db.dirs is not configured. We recommend adding this setting. Falling back to ozone.metadata.dirs instead.
2019-09-12 10:09:16,036 [main] WARN  server.ServerUtils (ServerUtils.java:getScmDbDir(145)) - ozone.scm.db.dirs is not configured. We recommend adding this setting. Falling back to ozone.metadata.dirs instead.
2019-09-12 10:09:16,036 [main] INFO  db.DBStoreBuilder (DBStoreBuilder.java:addTable(110)) - using custom profile for table: deletedBlocks
2019-09-12 10:09:16,037 [main] INFO  db.DBStoreBuilder (DBStoreBuilder.java:processTables(161)) - Using default column profile:DBProfile.DISK for Table:deletedBlocks
2019-09-12 10:09:16,037 [main] INFO  db.DBStoreBuilder (DBStoreBuilder.java:addTable(110)) - using custom profile for table: validCerts
2019-09-12 10:09:16,037 [main] INFO  db.DBStoreBuilder (DBStoreBuilder.java:processTables(161)) - Using default column profile:DBProfile.DISK for Table:validCerts
2019-09-12 10:09:16,037 [main] INFO  db.DBStoreBuilder (DBStoreBuilder.java:addTable(110)) - using custom profile for table: revokedCerts
2019-09-12 10:09:16,037 [main] INFO  db.DBStoreBuilder (DBStoreBuilder.java:processTables(161)) - Using default column profile:DBProfile.DISK for Table:revokedCerts
2019-09-12 10:09:16,038 [main] INFO  db.DBStoreBuilder (DBStoreBuilder.java:addTable(110)) - using custom profile for table: default
2019-09-12 10:09:16,038 [main] INFO  db.DBStoreBuilder (DBStoreBuilder.java:processTables(167)) - Using default column profile:DBProfile.DISK for Table:default
2019-09-12 10:09:16,038 [main] INFO  db.DBStoreBuilder (DBStoreBuilder.java:getDbProfile(198)) - Using default options. DBProfile.DISK
2019-09-12 10:09:16,463 [main] INFO  net.NodeSchemaLoader (NodeSchemaLoader.java:loadSchemaFromFile(125)) - Loading file from sun.misc.CompoundEnumeration@71d55b7e
2019-09-12 10:09:16,463 [main] INFO  net.NodeSchemaLoader (NodeSchemaLoader.java:loadSchema(171)) - Loading network topology layer schema file
2019-09-12 10:09:16,470 [main] WARN  server.ServerUtils (ServerUtils.java:sanitizeUserArgs(70)) - ozone.scm.stale.node.interval value = 300000 is larger than max = 100000 based on the key value of ozone.scm.heartbeat.thread.interval, reset to the max value 100000.
2019-09-12 10:09:16,470 [main] WARN  server.ServerUtils (ServerUtils.java:sanitizeUserArgs(70)) - ozone.scm.stale.node.interval value = 300000 is larger than max = 100000 based on the key value of ozone.scm.heartbeat.thread.interval, reset to the max value 100000.
2019-09-12 10:09:16,471 [main] INFO  node.SCMNodeManager (SCMNodeManager.java:<init>(121)) - Entering startup safe mode.
2019-09-12 10:09:16,472 [main] INFO  algorithms.ContainerPlacementPolicyFactory (ContainerPlacementPolicyFactory.java:getPolicy(56)) - Create container placement policy of type org.apache.hadoop.hdds.scm.container.placement.algorithms.SCMContainerPlacementRandom
2019-09-12 10:09:16,472 [main] WARN  server.ServerUtils (ServerUtils.java:getScmDbDir(145)) - ozone.scm.db.dirs is not configured. We recommend adding this setting. Falling back to ozone.metadata.dirs instead.
2019-09-12 10:09:16,525 [main] INFO  pipeline.SCMPipelineManager (SCMPipelineManager.java:initializePipelineState(126)) - No pipeline exists in current db
2019-09-12 10:09:16,525 [main] WARN  server.ServerUtils (ServerUtils.java:getScmDbDir(145)) - ozone.scm.db.dirs is not configured. We recommend adding this setting. Falling back to ozone.metadata.dirs instead.
2019-09-12 10:09:16,578 [main] WARN  events.EventQueue (EventQueue.java:fireEvent(175)) - No event handler registered for event TypedEvent{payloadType=SafeModeStatus, name='SafeModeStatus'}
2019-09-12 10:09:16,579 [main] INFO  ipc.CallQueueManager (CallQueueManager.java:<init>(84)) - Using callQueue: class java.util.concurrent.LinkedBlockingQueue, queueCapacity: 2000, scheduler: class org.apache.hadoop.ipc.DefaultRpcScheduler, ipcBackoff: false.
2019-09-12 10:09:16,580 [Socket Reader #1 for port 33859] INFO  ipc.Server (Server.java:run(1074)) - Starting Socket Reader #1 for port 33859
2019-09-12 10:09:16,582 [main] INFO  ipc.CallQueueManager (CallQueueManager.java:<init>(84)) - Using callQueue: class java.util.concurrent.LinkedBlockingQueue, queueCapacity: 2000, scheduler: class org.apache.hadoop.ipc.DefaultRpcScheduler, ipcBackoff: false.
2019-09-12 10:09:16,583 [Socket Reader #1 for port 36107] INFO  ipc.Server (Server.java:run(1074)) - Starting Socket Reader #1 for port 36107
2019-09-12 10:09:16,584 [main] INFO  ipc.CallQueueManager (CallQueueManager.java:<init>(84)) - Using callQueue: class java.util.concurrent.LinkedBlockingQueue, queueCapacity: 2000, scheduler: class org.apache.hadoop.ipc.DefaultRpcScheduler, ipcBackoff: false.
2019-09-12 10:09:16,585 [Socket Reader #1 for port 39130] INFO  ipc.Server (Server.java:run(1074)) - Starting Socket Reader #1 for port 39130
2019-09-12 10:09:16,587 [main] INFO  hdfs.DFSUtil (DFSUtil.java:httpServerTemplateForNNAndJN(1641)) - Starting Web-server for scm at: http://0.0.0.0:0
2019-09-12 10:09:16,590 [main] INFO  server.AuthenticationFilter (AuthenticationFilter.java:constructSecretProvider(240)) - Unable to initialize FileSignerSecretProvider, falling back to use random secrets.
2019-09-12 10:09:16,591 [main] WARN  http.HttpRequestLog (HttpRequestLog.java:getRequestLog(97)) - Jetty request log can only be enabled using Log4j
2019-09-12 10:09:16,593 [main] INFO  http.HttpServer2 (HttpServer2.java:addGlobalFilter(975)) - Added global filter 'safety' (class=org.apache.hadoop.http.HttpServer2$QuotingInputFilter)
2019-09-12 10:09:16,594 [main] INFO  http.HttpServer2 (HttpServer2.java:addFilter(948)) - Added filter static_user_filter (class=org.apache.hadoop.http.lib.StaticUserWebFilter$StaticUserFilter) to context scm
2019-09-12 10:09:16,594 [main] INFO  http.HttpServer2 (HttpServer2.java:addFilter(958)) - Added filter static_user_filter (class=org.apache.hadoop.http.lib.StaticUserWebFilter$StaticUserFilter) to context static
2019-09-12 10:09:16,594 [main] INFO  http.HttpServer2 (HttpServer2.java:addFilter(958)) - Added filter static_user_filter (class=org.apache.hadoop.http.lib.StaticUserWebFilter$StaticUserFilter) to context logs
2019-09-12 10:09:16,597 [main] INFO  server.StorageContainerManager (StorageContainerManager.java:start(759)) - StorageContainerLocationProtocol RPC server is listening at /0.0.0.0:39130
2019-09-12 10:09:16,599 [main] WARN  impl.MetricsConfig (MetricsConfig.java:loadFirst(134)) - Cannot locate configuration: tried hadoop-metrics2-storagecontainermanager.properties,hadoop-metrics2.properties
2019-09-12 10:09:16,601 [main] INFO  impl.MetricsSystemImpl (MetricsSystemImpl.java:startTimer(374)) - Scheduled Metric snapshot period at 10 second(s).
2019-09-12 10:09:16,601 [main] INFO  impl.MetricsSystemImpl (MetricsSystemImpl.java:start(191)) - StorageContainerManager metrics system started
2019-09-12 10:09:16,644 [main] INFO  server.SCMClientProtocolServer (SCMClientProtocolServer.java:start(151)) - RPC server for Client  is listening at /0.0.0.0:39130
2019-09-12 10:09:16,645 [IPC Server Responder] INFO  ipc.Server (Server.java:run(1314)) - IPC Server Responder: starting
2019-09-12 10:09:16,645 [IPC Server listener on 39130] INFO  ipc.Server (Server.java:run(1153)) - IPC Server listener on 39130: starting
2019-09-12 10:09:16,648 [main] INFO  server.StorageContainerManager (StorageContainerManager.java:start(769)) - ScmBlockLocationProtocol RPC server is listening at /0.0.0.0:36107
2019-09-12 10:09:16,648 [main] INFO  server.SCMBlockProtocolServer (SCMBlockProtocolServer.java:start(140)) - RPC server for Block Protocol is listening at /0.0.0.0:36107
2019-09-12 10:09:16,649 [IPC Server Responder] INFO  ipc.Server (Server.java:run(1314)) - IPC Server Responder: starting
2019-09-12 10:09:16,649 [IPC Server listener on 36107] INFO  ipc.Server (Server.java:run(1153)) - IPC Server listener on 36107: starting
2019-09-12 10:09:16,652 [main] INFO  server.StorageContainerManager (StorageContainerManager.java:start(773)) - ScmDatanodeProtocl RPC server is listening at /0.0.0.0:33859
2019-09-12 10:09:16,652 [main] INFO  server.SCMDatanodeProtocolServer (SCMDatanodeProtocolServer.java:start(191)) - RPC server for DataNodes is listening at /0.0.0.0:33859
2019-09-12 10:09:16,653 [IPC Server Responder] INFO  ipc.Server (Server.java:run(1314)) - IPC Server Responder: starting
2019-09-12 10:09:16,653 [IPC Server listener on 33859] INFO  ipc.Server (Server.java:run(1153)) - IPC Server listener on 33859: starting
2019-09-12 10:09:16,656 [main] INFO  http.HttpServer2 (HttpServer2.java:bindListener(1191)) - Jetty bound to port 36109
2019-09-12 10:09:16,656 [main] INFO  server.Server (Server.java:doStart(351)) - jetty-9.3.24.v20180605, build timestamp: 2018-06-05T17:11:56Z, git hash: 84205aa28f11a4f31f2a3b86d1bba2cc8ab69827
2019-09-12 10:09:16,658 [main] INFO  handler.ContextHandler (ContextHandler.java:doStart(781)) - Started o.e.j.s.ServletContextHandler@2c06b113{/logs,file:///workdir/hadoop-ozone/integration-test/target/log,AVAILABLE}
2019-09-12 10:09:16,659 [main] INFO  handler.ContextHandler (ContextHandler.java:doStart(781)) - Started o.e.j.s.ServletContextHandler@785ed99c{/static,file:///workdir/hadoop-ozone/integration-test/target/test-classes/webapps/static,AVAILABLE}
2019-09-12 10:09:16,664 [main] INFO  handler.ContextHandler (ContextHandler.java:doStart(781)) - Started o.e.j.w.WebAppContext@50cdfafa{/,file:///workdir/hadoop-ozone/integration-test/target/test-classes/webapps/scm/,AVAILABLE}{/scm}
2019-09-12 10:09:16,665 [main] INFO  server.AbstractConnector (AbstractConnector.java:doStart(278)) - Started ServerConnector@2e952845{HTTP/1.1,[http/1.1]}{0.0.0.0:36109}
2019-09-12 10:09:16,665 [main] INFO  server.Server (Server.java:doStart(419)) - Started @27601ms
2019-09-12 10:09:16,666 [main] INFO  server.BaseHttpServer (BaseHttpServer.java:updateConnectorAddress(213)) - HTTP server of SCM is listening at http://0.0.0.0:36109
2019-09-12 10:09:16,666 [main] WARN  server.ServerUtils (ServerUtils.java:getDBPath(222)) - ozone.om.db.dirs is not configured. We recommend adding this setting. Falling back to ozone.metadata.dirs instead.
2019-09-12 10:09:16,667 [org.apache.hadoop.util.JvmPauseMonitor$Monitor@6fbf5db2] INFO  util.JvmPauseMonitor (JvmPauseMonitor.java:run(188)) - Starting JVM pause monitor
2019-09-12 10:09:16,680 [main] WARN  server.ServerUtils (ServerUtils.java:getDBPath(222)) - ozone.om.db.dirs is not configured. We recommend adding this setting. Falling back to ozone.metadata.dirs instead.
2019-09-12 10:09:16,680 [main] WARN  server.ServerUtils (ServerUtils.java:getDBPath(222)) - ozone.om.db.dirs is not configured. We recommend adding this setting. Falling back to ozone.metadata.dirs instead.
2019-09-12 10:09:16,681 [main] INFO  om.OzoneManager (OzoneManager.java:setOMNodeDetails(645)) - OM Service ID is not set. Setting it to the default ID: omServiceIdDefault
2019-09-12 10:09:16,681 [main] INFO  om.OzoneManager (OzoneManager.java:setOMNodeDetails(651)) - OM Node ID is not set. Setting it to the OmStorage's OmID: ad8ac3b9-6e06-43cb-8772-4005ed9bb451
2019-09-12 10:09:16,681 [main] INFO  om.OzoneManager (OzoneManager.java:loadOMHAConfigs(602)) - Found matching OM address with OMServiceId: null, OMNodeId: null, RPC Address: localhost:0 and Ratis port: 9872
2019-09-12 10:09:16,686 | INFO  | SCMAudit | user=jenkins1000 | ip=192.168.36.114 | op=GET_SCM_INFO null | ret=SUCCESS |  
2019-09-12 10:09:16,688 [main] WARN  server.ServerUtils (ServerUtils.java:getDBPath(222)) - ozone.om.db.dirs is not configured. We recommend adding this setting. Falling back to ozone.metadata.dirs instead.
2019-09-12 10:09:16,689 [main] INFO  db.DBStoreBuilder (DBStoreBuilder.java:addTable(110)) - using custom profile for table: userTable
2019-09-12 10:09:16,689 [main] INFO  db.DBStoreBuilder (DBStoreBuilder.java:processTables(161)) - Using default column profile:DBProfile.DISK for Table:userTable
2019-09-12 10:09:16,689 [main] INFO  db.DBStoreBuilder (DBStoreBuilder.java:addTable(110)) - using custom profile for table: volumeTable
2019-09-12 10:09:16,689 [main] INFO  db.DBStoreBuilder (DBStoreBuilder.java:processTables(161)) - Using default column profile:DBProfile.DISK for Table:volumeTable
2019-09-12 10:09:16,690 [main] INFO  db.DBStoreBuilder (DBStoreBuilder.java:addTable(110)) - using custom profile for table: bucketTable
2019-09-12 10:09:16,690 [main] INFO  db.DBStoreBuilder (DBStoreBuilder.java:processTables(161)) - Using default column profile:DBProfile.DISK for Table:bucketTable
2019-09-12 10:09:16,690 [main] INFO  db.DBStoreBuilder (DBStoreBuilder.java:addTable(110)) - using custom profile for table: keyTable
2019-09-12 10:09:16,690 [main] INFO  db.DBStoreBuilder (DBStoreBuilder.java:processTables(161)) - Using default column profile:DBProfile.DISK for Table:keyTable
2019-09-12 10:09:16,690 [main] INFO  db.DBStoreBuilder (DBStoreBuilder.java:addTable(110)) - using custom profile for table: deletedTable
2019-09-12 10:09:16,691 [main] INFO  db.DBStoreBuilder (DBStoreBuilder.java:processTables(161)) - Using default column profile:DBProfile.DISK for Table:deletedTable
2019-09-12 10:09:16,691 [main] INFO  db.DBStoreBuilder (DBStoreBuilder.java:addTable(110)) - using custom profile for table: openKeyTable
2019-09-12 10:09:16,691 [main] INFO  db.DBStoreBuilder (DBStoreBuilder.java:processTables(161)) - Using default column profile:DBProfile.DISK for Table:openKeyTable
2019-09-12 10:09:16,691 [main] INFO  db.DBStoreBuilder (DBStoreBuilder.java:addTable(110)) - using custom profile for table: s3Table
2019-09-12 10:09:16,691 [main] INFO  db.DBStoreBuilder (DBStoreBuilder.java:processTables(161)) - Using default column profile:DBProfile.DISK for Table:s3Table
2019-09-12 10:09:16,692 [main] INFO  db.DBStoreBuilder (DBStoreBuilder.java:addTable(110)) - using custom profile for table: multipartInfoTable
2019-09-12 10:09:16,692 [main] INFO  db.DBStoreBuilder (DBStoreBuilder.java:processTables(161)) - Using default column profile:DBProfile.DISK for Table:multipartInfoTable
2019-09-12 10:09:16,692 [main] INFO  db.DBStoreBuilder (DBStoreBuilder.java:addTable(110)) - using custom profile for table: dTokenTable
2019-09-12 10:09:16,692 [main] INFO  db.DBStoreBuilder (DBStoreBuilder.java:processTables(161)) - Using default column profile:DBProfile.DISK for Table:dTokenTable
2019-09-12 10:09:16,692 [main] INFO  db.DBStoreBuilder (DBStoreBuilder.java:addTable(110)) - using custom profile for table: s3SecretTable
2019-09-12 10:09:16,693 [main] INFO  db.DBStoreBuilder (DBStoreBuilder.java:processTables(161)) - Using default column profile:DBProfile.DISK for Table:s3SecretTable
2019-09-12 10:09:16,693 [main] INFO  db.DBStoreBuilder (DBStoreBuilder.java:addTable(110)) - using custom profile for table: prefixTable
2019-09-12 10:09:16,693 [main] INFO  db.DBStoreBuilder (DBStoreBuilder.java:processTables(161)) - Using default column profile:DBProfile.DISK for Table:prefixTable
2019-09-12 10:09:16,693 [main] INFO  db.DBStoreBuilder (DBStoreBuilder.java:addTable(110)) - using custom profile for table: default
2019-09-12 10:09:16,693 [main] INFO  db.DBStoreBuilder (DBStoreBuilder.java:processTables(167)) - Using default column profile:DBProfile.DISK for Table:default
2019-09-12 10:09:16,694 [main] INFO  db.DBStoreBuilder (DBStoreBuilder.java:getDbProfile(198)) - Using default options. DBProfile.DISK
2019-09-12 10:09:17,582 [main] INFO  ipc.CallQueueManager (CallQueueManager.java:<init>(84)) - Using callQueue: class java.util.concurrent.LinkedBlockingQueue, queueCapacity: 2000, scheduler: class org.apache.hadoop.ipc.DefaultRpcScheduler, ipcBackoff: false.
2019-09-12 10:09:17,583 [Socket Reader #1 for port 34475] INFO  ipc.Server (Server.java:run(1074)) - Starting Socket Reader #1 for port 34475
2019-09-12 10:09:17,596 [main] INFO  om.OzoneManager (OzoneManager.java:start(1256)) - OzoneManager RPC server is listening at localhost/127.0.0.1:34475
2019-09-12 10:09:17,596 [main] INFO  impl.MetricsSystemImpl (MetricsSystemImpl.java:init(158)) - OzoneManager metrics system started (again)
2019-09-12 10:09:17,597 [IPC Server Responder] INFO  ipc.Server (Server.java:run(1314)) - IPC Server Responder: starting
2019-09-12 10:09:17,597 [IPC Server listener on 34475] INFO  ipc.Server (Server.java:run(1153)) - IPC Server listener on 34475: starting
2019-09-12 10:09:17,601 [main] INFO  hdfs.DFSUtil (DFSUtil.java:httpServerTemplateForNNAndJN(1641)) - Starting Web-server for ozoneManager at: http://0.0.0.0:0
2019-09-12 10:09:17,602 [main] INFO  server.AuthenticationFilter (AuthenticationFilter.java:constructSecretProvider(240)) - Unable to initialize FileSignerSecretProvider, falling back to use random secrets.
2019-09-12 10:09:17,603 [main] WARN  http.HttpRequestLog (HttpRequestLog.java:getRequestLog(97)) - Jetty request log can only be enabled using Log4j
2019-09-12 10:09:17,604 [main] INFO  http.HttpServer2 (HttpServer2.java:addGlobalFilter(975)) - Added global filter 'safety' (class=org.apache.hadoop.http.HttpServer2$QuotingInputFilter)
2019-09-12 10:09:17,605 [main] INFO  http.HttpServer2 (HttpServer2.java:addFilter(948)) - Added filter static_user_filter (class=org.apache.hadoop.http.lib.StaticUserWebFilter$StaticUserFilter) to context ozoneManager
2019-09-12 10:09:17,605 [main] INFO  http.HttpServer2 (HttpServer2.java:addFilter(958)) - Added filter static_user_filter (class=org.apache.hadoop.http.lib.StaticUserWebFilter$StaticUserFilter) to context logs
2019-09-12 10:09:17,605 [main] INFO  http.HttpServer2 (HttpServer2.java:addFilter(958)) - Added filter static_user_filter (class=org.apache.hadoop.http.lib.StaticUserWebFilter$StaticUserFilter) to context static
2019-09-12 10:09:17,606 [main] INFO  http.HttpServer2 (HttpServer2.java:bindListener(1191)) - Jetty bound to port 46010
2019-09-12 10:09:17,606 [main] INFO  server.Server (Server.java:doStart(351)) - jetty-9.3.24.v20180605, build timestamp: 2018-06-05T17:11:56Z, git hash: 84205aa28f11a4f31f2a3b86d1bba2cc8ab69827
2019-09-12 10:09:17,608 [main] INFO  handler.ContextHandler (ContextHandler.java:doStart(781)) - Started o.e.j.s.ServletContextHandler@1c6a0103{/logs,file:///workdir/hadoop-ozone/integration-test/target/log,AVAILABLE}
2019-09-12 10:09:17,609 [main] INFO  handler.ContextHandler (ContextHandler.java:doStart(781)) - Started o.e.j.s.ServletContextHandler@45c80312{/static,file:///workdir/hadoop-ozone/integration-test/target/test-classes/webapps/static,AVAILABLE}
2019-09-12 10:09:17,614 [main] INFO  handler.ContextHandler (ContextHandler.java:doStart(781)) - Started o.e.j.w.WebAppContext@7364f68{/,file:///workdir/hadoop-ozone/integration-test/target/test-classes/webapps/ozoneManager/,AVAILABLE}{/ozoneManager}
2019-09-12 10:09:17,616 [main] INFO  server.AbstractConnector (AbstractConnector.java:doStart(278)) - Started ServerConnector@55a0f011{HTTP/1.1,[http/1.1]}{0.0.0.0:46010}
2019-09-12 10:09:17,616 [main] INFO  server.Server (Server.java:doStart(419)) - Started @28552ms
2019-09-12 10:09:17,617 [main] INFO  server.BaseHttpServer (BaseHttpServer.java:updateConnectorAddress(213)) - HTTP server of OZONEMANAGER is listening at http://0.0.0.0:46010
2019-09-12 10:09:17,625 [main] INFO  impl.MetricsSystemImpl (MetricsSystemImpl.java:init(158)) - HddsDatanode metrics system started (again)
2019-09-12 10:09:17,627 [main] INFO  ozone.HddsDatanodeService (HddsDatanodeService.java:start(184)) - HddsDatanodeService host:pr-hdds-1569-58hkm-1881083799 ip:192.168.36.114
2019-09-12 10:09:17,632 [main] INFO  volume.HddsVolume (HddsVolume.java:<init>(176)) - Creating Volume: /workdir/hadoop-ozone/integration-test/target/test-dir/MiniOzoneClusterImpl-c79133c4-2f7a-4bec-a41b-f921d987c36a/datanode-0/data/containers/hdds of  storage type : DISK and capacity : 1482555576320
2019-09-12 10:09:17,632 [main] INFO  volume.VolumeSet (VolumeSet.java:initializeVolumeSet(170)) - Added Volume : /workdir/hadoop-ozone/integration-test/target/test-dir/MiniOzoneClusterImpl-c79133c4-2f7a-4bec-a41b-f921d987c36a/datanode-0/data/containers/hdds to VolumeSet
2019-09-12 10:09:17,633 [main] INFO  volume.ThrottledAsyncChecker (ThrottledAsyncChecker.java:schedule(140)) - Scheduling a check for org.apache.hadoop.ozone.container.common.volume.HddsVolume@4fb57fb3
2019-09-12 10:09:17,633 [main] INFO  volume.HddsVolumeChecker (HddsVolumeChecker.java:checkAllVolumes(203)) - Scheduled health check for volume org.apache.hadoop.ozone.container.common.volume.HddsVolume@4fb57fb3
2019-09-12 10:09:17,648 [main] INFO  impl.RaftServerProxy (ConfUtils.java:logGet(43)) - raft.rpc.type = GRPC (default)
2019-09-12 10:09:17,648 [main] INFO  grpc.GrpcFactory (GrpcFactory.java:checkPooledByteBufAllocatorUseCacheForAllThreads(45)) - PERFORMANCE WARNING: useCacheForAllThreads is true that may cause Netty to create a lot garbage objects and, as a result, trigger GC.
	It is recommended to disable useCacheForAllThreads by setting -Dorg.apache.ratis.thirdparty.io.netty.allocator.useCacheForAllThreads=false in command line.
2019-09-12 10:09:17,648 [main] INFO  grpc.GrpcConfigKeys$Server (ConfUtils.java:logGet(43)) - raft.grpc.server.port = 0 (default)
2019-09-12 10:09:17,648 [main] INFO  server.GrpcService (ConfUtils.java:logGet(43)) - raft.grpc.message.size.max = 33570816 (custom)
2019-09-12 10:09:17,649 [main] INFO  server.RaftServerConfigKeys (ConfUtils.java:logGet(43)) - raft.server.log.appender.buffer.byte-limit = 33554432 (custom)
2019-09-12 10:09:17,649 [main] INFO  server.GrpcService (ConfUtils.java:logGet(43)) - raft.grpc.flow.control.window = 1MB (=1048576) (default)
2019-09-12 10:09:17,649 [main] INFO  server.RaftServerConfigKeys (ConfUtils.java:logGet(43)) - raft.server.rpc.request.timeout = 3000ms (default)
2019-09-12 10:09:17,650 [main] INFO  server.RaftServerConfigKeys (ConfUtils.java:logGet(43)) - raft.server.storage.dir = [/workdir/hadoop-ozone/integration-test/target/test-dir/MiniOzoneClusterImpl-c79133c4-2f7a-4bec-a41b-f921d987c36a/datanode-0/data/ratis] (custom)
2019-09-12 10:09:17,650 [main] INFO  replication.SimpleContainerDownloader (SimpleContainerDownloader.java:<init>(72)) - Starting container downloader service to copy containers to replicate.
2019-09-12 10:09:17,651 [main] INFO  hdfs.DFSUtil (DFSUtil.java:httpServerTemplateForNNAndJN(1641)) - Starting Web-server for hddsDatanode at: http://0.0.0.0:0
2019-09-12 10:09:17,653 [main] INFO  server.AuthenticationFilter (AuthenticationFilter.java:constructSecretProvider(240)) - Unable to initialize FileSignerSecretProvider, falling back to use random secrets.
2019-09-12 10:09:17,653 [main] WARN  http.HttpRequestLog (HttpRequestLog.java:getRequestLog(97)) - Jetty request log can only be enabled using Log4j
2019-09-12 10:09:17,654 [main] INFO  http.HttpServer2 (HttpServer2.java:addGlobalFilter(975)) - Added global filter 'safety' (class=org.apache.hadoop.http.HttpServer2$QuotingInputFilter)
2019-09-12 10:09:17,655 [main] INFO  http.HttpServer2 (HttpServer2.java:addFilter(948)) - Added filter static_user_filter (class=org.apache.hadoop.http.lib.StaticUserWebFilter$StaticUserFilter) to context hddsDatanode
2019-09-12 10:09:17,655 [main] INFO  http.HttpServer2 (HttpServer2.java:addFilter(958)) - Added filter static_user_filter (class=org.apache.hadoop.http.lib.StaticUserWebFilter$StaticUserFilter) to context logs
2019-09-12 10:09:17,655 [main] INFO  http.HttpServer2 (HttpServer2.java:addFilter(958)) - Added filter static_user_filter (class=org.apache.hadoop.http.lib.StaticUserWebFilter$StaticUserFilter) to context static
2019-09-12 10:09:17,656 [main] INFO  http.HttpServer2 (HttpServer2.java:bindListener(1191)) - Jetty bound to port 43180
2019-09-12 10:09:17,656 [main] INFO  server.Server (Server.java:doStart(351)) - jetty-9.3.24.v20180605, build timestamp: 2018-06-05T17:11:56Z, git hash: 84205aa28f11a4f31f2a3b86d1bba2cc8ab69827
2019-09-12 10:09:17,658 [main] INFO  handler.ContextHandler (ContextHandler.java:doStart(781)) - Started o.e.j.s.ServletContextHandler@53ea380b{/logs,file:///workdir/hadoop-ozone/integration-test/target/log,AVAILABLE}
2019-09-12 10:09:17,658 [main] INFO  handler.ContextHandler (ContextHandler.java:doStart(781)) - Started o.e.j.s.ServletContextHandler@245cb8df{/static,jar:file:/home/user/.m2/repository/org/apache/hadoop/hadoop-hdds-container-service/0.5.0-SNAPSHOT/hadoop-hdds-container-service-0.5.0-SNAPSHOT.jar!/webapps/static,AVAILABLE}
2019-09-12 10:09:17,687 [main] INFO  handler.ContextHandler (ContextHandler.java:doStart(781)) - Started o.e.j.w.WebAppContext@6cdee57{/,file:///tmp/jetty-0.0.0.0-43180-hddsDatanode-_-any-4656695597906785040.dir/webapp/,AVAILABLE}{/hddsDatanode}
2019-09-12 10:09:17,688 [main] INFO  server.AbstractConnector (AbstractConnector.java:doStart(278)) - Started ServerConnector@482f7af0{HTTP/1.1,[http/1.1]}{0.0.0.0:43180}
2019-09-12 10:09:17,689 [main] INFO  server.Server (Server.java:doStart(419)) - Started @28625ms
2019-09-12 10:09:17,690 [main] INFO  server.BaseHttpServer (BaseHttpServer.java:updateConnectorAddress(213)) - HTTP server of HDDSDATANODE is listening at http://0.0.0.0:43180
2019-09-12 10:09:17,836 | INFO  | ObjectStoreRestHttpServer | Listening HDDS REST traffic on /0.0.0.0:40297 |  
2019-09-12 10:09:17,836 [main] INFO  ozone.HddsDatanodeService (HddsDatanodeService.java:startPlugins(395)) - Started plug-in org.apache.hadoop.ozone.web.OzoneHddsDatanodeService@38087342
2019-09-12 10:09:17,837 [main] INFO  impl.MetricsSystemImpl (MetricsSystemImpl.java:init(158)) - HddsDatanode metrics system started (again)
2019-09-12 10:09:17,839 [org.apache.hadoop.util.JvmPauseMonitor$Monitor@5fb68a80] INFO  util.JvmPauseMonitor (JvmPauseMonitor.java:run(188)) - Starting JVM pause monitor
2019-09-12 10:09:17,839 [main] INFO  ozone.HddsDatanodeService (HddsDatanodeService.java:start(184)) - HddsDatanodeService host:pr-hdds-1569-58hkm-1881083799 ip:192.168.36.114
2019-09-12 10:09:17,841 [Datanode State Machine Thread - 0] INFO  datanode.InitDatanodeState (InitDatanodeState.java:persistContainerDatanodeDetails(140)) - DatanodeDetails is persisted to /workdir/hadoop-ozone/integration-test/target/test-dir/MiniOzoneClusterImpl-c79133c4-2f7a-4bec-a41b-f921d987c36a/datanode-0/meta/datanode.id
2019-09-12 10:09:17,845 [main] INFO  volume.HddsVolume (HddsVolume.java:<init>(176)) - Creating Volume: /workdir/hadoop-ozone/integration-test/target/test-dir/MiniOzoneClusterImpl-c79133c4-2f7a-4bec-a41b-f921d987c36a/datanode-1/data/containers/hdds of  storage type : DISK and capacity : 1482555576320
2019-09-12 10:09:17,845 [main] INFO  volume.VolumeSet (VolumeSet.java:initializeVolumeSet(170)) - Added Volume : /workdir/hadoop-ozone/integration-test/target/test-dir/MiniOzoneClusterImpl-c79133c4-2f7a-4bec-a41b-f921d987c36a/datanode-1/data/containers/hdds to VolumeSet
2019-09-12 10:09:17,845 [main] INFO  volume.ThrottledAsyncChecker (ThrottledAsyncChecker.java:schedule(140)) - Scheduling a check for org.apache.hadoop.ozone.container.common.volume.HddsVolume@25c1f5ee
2019-09-12 10:09:17,846 [main] INFO  volume.HddsVolumeChecker (HddsVolumeChecker.java:checkAllVolumes(203)) - Scheduled health check for volume org.apache.hadoop.ozone.container.common.volume.HddsVolume@25c1f5ee
2019-09-12 10:09:17,858 [main] INFO  impl.RaftServerProxy (ConfUtils.java:logGet(43)) - raft.rpc.type = GRPC (default)
2019-09-12 10:09:17,859 [main] INFO  grpc.GrpcFactory (GrpcFactory.java:checkPooledByteBufAllocatorUseCacheForAllThreads(45)) - PERFORMANCE WARNING: useCacheForAllThreads is true that may cause Netty to create a lot garbage objects and, as a result, trigger GC.
	It is recommended to disable useCacheForAllThreads by setting -Dorg.apache.ratis.thirdparty.io.netty.allocator.useCacheForAllThreads=false in command line.
2019-09-12 10:09:17,859 [main] INFO  grpc.GrpcConfigKeys$Server (ConfUtils.java:logGet(43)) - raft.grpc.server.port = 0 (default)
2019-09-12 10:09:17,859 [main] INFO  server.GrpcService (ConfUtils.java:logGet(43)) - raft.grpc.message.size.max = 33570816 (custom)
2019-09-12 10:09:17,859 [main] INFO  server.RaftServerConfigKeys (ConfUtils.java:logGet(43)) - raft.server.log.appender.buffer.byte-limit = 33554432 (custom)
2019-09-12 10:09:17,859 [main] INFO  server.GrpcService (ConfUtils.java:logGet(43)) - raft.grpc.flow.control.window = 1MB (=1048576) (default)
2019-09-12 10:09:17,860 [main] INFO  server.RaftServerConfigKeys (ConfUtils.java:logGet(43)) - raft.server.rpc.request.timeout = 3000ms (default)
2019-09-12 10:09:17,860 [main] INFO  server.RaftServerConfigKeys (ConfUtils.java:logGet(43)) - raft.server.storage.dir = [/workdir/hadoop-ozone/integration-test/target/test-dir/MiniOzoneClusterImpl-c79133c4-2f7a-4bec-a41b-f921d987c36a/datanode-1/data/ratis] (custom)
2019-09-12 10:09:17,860 [main] INFO  replication.SimpleContainerDownloader (SimpleContainerDownloader.java:<init>(72)) - Starting container downloader service to copy containers to replicate.
2019-09-12 10:09:17,861 [main] INFO  hdfs.DFSUtil (DFSUtil.java:httpServerTemplateForNNAndJN(1641)) - Starting Web-server for hddsDatanode at: http://0.0.0.0:0
2019-09-12 10:09:17,863 [main] INFO  server.AuthenticationFilter (AuthenticationFilter.java:constructSecretProvider(240)) - Unable to initialize FileSignerSecretProvider, falling back to use random secrets.
2019-09-12 10:09:17,863 [main] WARN  http.HttpRequestLog (HttpRequestLog.java:getRequestLog(97)) - Jetty request log can only be enabled using Log4j
2019-09-12 10:09:17,864 [main] INFO  http.HttpServer2 (HttpServer2.java:addGlobalFilter(975)) - Added global filter 'safety' (class=org.apache.hadoop.http.HttpServer2$QuotingInputFilter)
2019-09-12 10:09:17,865 [main] INFO  http.HttpServer2 (HttpServer2.java:addFilter(948)) - Added filter static_user_filter (class=org.apache.hadoop.http.lib.StaticUserWebFilter$StaticUserFilter) to context hddsDatanode
2019-09-12 10:09:17,865 [main] INFO  http.HttpServer2 (HttpServer2.java:addFilter(958)) - Added filter static_user_filter (class=org.apache.hadoop.http.lib.StaticUserWebFilter$StaticUserFilter) to context static
2019-09-12 10:09:17,865 [main] INFO  http.HttpServer2 (HttpServer2.java:addFilter(958)) - Added filter static_user_filter (class=org.apache.hadoop.http.lib.StaticUserWebFilter$StaticUserFilter) to context logs
2019-09-12 10:09:17,866 [main] INFO  http.HttpServer2 (HttpServer2.java:bindListener(1191)) - Jetty bound to port 40522
2019-09-12 10:09:17,866 [main] INFO  server.Server (Server.java:doStart(351)) - jetty-9.3.24.v20180605, build timestamp: 2018-06-05T17:11:56Z, git hash: 84205aa28f11a4f31f2a3b86d1bba2cc8ab69827
2019-09-12 10:09:17,867 [main] INFO  handler.ContextHandler (ContextHandler.java:doStart(781)) - Started o.e.j.s.ServletContextHandler@307af381{/logs,file:///workdir/hadoop-ozone/integration-test/target/log,AVAILABLE}
2019-09-12 10:09:17,868 [main] INFO  handler.ContextHandler (ContextHandler.java:doStart(781)) - Started o.e.j.s.ServletContextHandler@76a6f045{/static,jar:file:/home/user/.m2/repository/org/apache/hadoop/hadoop-hdds-container-service/0.5.0-SNAPSHOT/hadoop-hdds-container-service-0.5.0-SNAPSHOT.jar!/webapps/static,AVAILABLE}
2019-09-12 10:09:17,895 [main] INFO  handler.ContextHandler (ContextHandler.java:doStart(781)) - Started o.e.j.w.WebAppContext@54489296{/,file:///tmp/jetty-0.0.0.0-40522-hddsDatanode-_-any-8290201059121417720.dir/webapp/,AVAILABLE}{/hddsDatanode}
2019-09-12 10:09:17,895 [main] INFO  server.AbstractConnector (AbstractConnector.java:doStart(278)) - Started ServerConnector@4e8598d9{HTTP/1.1,[http/1.1]}{0.0.0.0:40522}
2019-09-12 10:09:17,896 [main] INFO  server.Server (Server.java:doStart(419)) - Started @28832ms
2019-09-12 10:09:17,897 [main] INFO  server.BaseHttpServer (BaseHttpServer.java:updateConnectorAddress(213)) - HTTP server of HDDSDATANODE is listening at http://0.0.0.0:40522
2019-09-12 10:09:18,037 | INFO  | ObjectStoreRestHttpServer | Listening HDDS REST traffic on /0.0.0.0:35508 |  
2019-09-12 10:09:18,037 [main] INFO  ozone.HddsDatanodeService (HddsDatanodeService.java:startPlugins(395)) - Started plug-in org.apache.hadoop.ozone.web.OzoneHddsDatanodeService@76e6c070
2019-09-12 10:09:18,037 [main] INFO  impl.MetricsSystemImpl (MetricsSystemImpl.java:init(158)) - HddsDatanode metrics system started (again)
2019-09-12 10:09:18,042 [main] INFO  ozone.HddsDatanodeService (HddsDatanodeService.java:start(184)) - HddsDatanodeService host:pr-hdds-1569-58hkm-1881083799 ip:192.168.36.114
2019-09-12 10:09:18,042 [org.apache.hadoop.util.JvmPauseMonitor$Monitor@77d12ec9] INFO  util.JvmPauseMonitor (JvmPauseMonitor.java:run(188)) - Starting JVM pause monitor
2019-09-12 10:09:18,045 [Datanode State Machine Thread - 0] INFO  datanode.InitDatanodeState (InitDatanodeState.java:persistContainerDatanodeDetails(140)) - DatanodeDetails is persisted to /workdir/hadoop-ozone/integration-test/target/test-dir/MiniOzoneClusterImpl-c79133c4-2f7a-4bec-a41b-f921d987c36a/datanode-1/meta/datanode.id
2019-09-12 10:09:18,050 [main] INFO  volume.HddsVolume (HddsVolume.java:<init>(176)) - Creating Volume: /workdir/hadoop-ozone/integration-test/target/test-dir/MiniOzoneClusterImpl-c79133c4-2f7a-4bec-a41b-f921d987c36a/datanode-2/data/containers/hdds of  storage type : DISK and capacity : 1482555576320
2019-09-12 10:09:18,051 [main] INFO  volume.VolumeSet (VolumeSet.java:initializeVolumeSet(170)) - Added Volume : /workdir/hadoop-ozone/integration-test/target/test-dir/MiniOzoneClusterImpl-c79133c4-2f7a-4bec-a41b-f921d987c36a/datanode-2/data/containers/hdds to VolumeSet
2019-09-12 10:09:18,051 [main] INFO  volume.ThrottledAsyncChecker (ThrottledAsyncChecker.java:schedule(140)) - Scheduling a check for org.apache.hadoop.ozone.container.common.volume.HddsVolume@42730828
2019-09-12 10:09:18,051 [main] INFO  volume.HddsVolumeChecker (HddsVolumeChecker.java:checkAllVolumes(203)) - Scheduled health check for volume org.apache.hadoop.ozone.container.common.volume.HddsVolume@42730828
2019-09-12 10:09:18,065 [main] INFO  impl.RaftServerProxy (ConfUtils.java:logGet(43)) - raft.rpc.type = GRPC (default)
2019-09-12 10:09:18,065 [main] INFO  grpc.GrpcFactory (GrpcFactory.java:checkPooledByteBufAllocatorUseCacheForAllThreads(45)) - PERFORMANCE WARNING: useCacheForAllThreads is true that may cause Netty to create a lot garbage objects and, as a result, trigger GC.
	It is recommended to disable useCacheForAllThreads by setting -Dorg.apache.ratis.thirdparty.io.netty.allocator.useCacheForAllThreads=false in command line.
2019-09-12 10:09:18,065 [main] INFO  grpc.GrpcConfigKeys$Server (ConfUtils.java:logGet(43)) - raft.grpc.server.port = 0 (default)
2019-09-12 10:09:18,066 [main] INFO  server.GrpcService (ConfUtils.java:logGet(43)) - raft.grpc.message.size.max = 33570816 (custom)
2019-09-12 10:09:18,066 [main] INFO  server.RaftServerConfigKeys (ConfUtils.java:logGet(43)) - raft.server.log.appender.buffer.byte-limit = 33554432 (custom)
2019-09-12 10:09:18,066 [main] INFO  server.GrpcService (ConfUtils.java:logGet(43)) - raft.grpc.flow.control.window = 1MB (=1048576) (default)
2019-09-12 10:09:18,066 [main] INFO  server.RaftServerConfigKeys (ConfUtils.java:logGet(43)) - raft.server.rpc.request.timeout = 3000ms (default)
2019-09-12 10:09:18,069 [main] INFO  server.RaftServerConfigKeys (ConfUtils.java:logGet(43)) - raft.server.storage.dir = [/workdir/hadoop-ozone/integration-test/target/test-dir/MiniOzoneClusterImpl-c79133c4-2f7a-4bec-a41b-f921d987c36a/datanode-2/data/ratis] (custom)
2019-09-12 10:09:18,070 [main] INFO  replication.SimpleContainerDownloader (SimpleContainerDownloader.java:<init>(72)) - Starting container downloader service to copy containers to replicate.
2019-09-12 10:09:18,071 [main] INFO  hdfs.DFSUtil (DFSUtil.java:httpServerTemplateForNNAndJN(1641)) - Starting Web-server for hddsDatanode at: http://0.0.0.0:0
2019-09-12 10:09:18,072 [main] INFO  server.AuthenticationFilter (AuthenticationFilter.java:constructSecretProvider(240)) - Unable to initialize FileSignerSecretProvider, falling back to use random secrets.
2019-09-12 10:09:18,073 [main] WARN  http.HttpRequestLog (HttpRequestLog.java:getRequestLog(97)) - Jetty request log can only be enabled using Log4j
2019-09-12 10:09:18,074 [main] INFO  http.HttpServer2 (HttpServer2.java:addGlobalFilter(975)) - Added global filter 'safety' (class=org.apache.hadoop.http.HttpServer2$QuotingInputFilter)
2019-09-12 10:09:18,075 [main] INFO  http.HttpServer2 (HttpServer2.java:addFilter(948)) - Added filter static_user_filter (class=org.apache.hadoop.http.lib.StaticUserWebFilter$StaticUserFilter) to context hddsDatanode
2019-09-12 10:09:18,075 [main] INFO  http.HttpServer2 (HttpServer2.java:addFilter(958)) - Added filter static_user_filter (class=org.apache.hadoop.http.lib.StaticUserWebFilter$StaticUserFilter) to context logs
2019-09-12 10:09:18,075 [main] INFO  http.HttpServer2 (HttpServer2.java:addFilter(958)) - Added filter static_user_filter (class=org.apache.hadoop.http.lib.StaticUserWebFilter$StaticUserFilter) to context static
2019-09-12 10:09:18,076 [main] INFO  http.HttpServer2 (HttpServer2.java:bindListener(1191)) - Jetty bound to port 40680
2019-09-12 10:09:18,076 [main] INFO  server.Server (Server.java:doStart(351)) - jetty-9.3.24.v20180605, build timestamp: 2018-06-05T17:11:56Z, git hash: 84205aa28f11a4f31f2a3b86d1bba2cc8ab69827
2019-09-12 10:09:18,077 [main] INFO  handler.ContextHandler (ContextHandler.java:doStart(781)) - Started o.e.j.s.ServletContextHandler@6704df84{/logs,file:///workdir/hadoop-ozone/integration-test/target/log,AVAILABLE}
2019-09-12 10:09:18,078 [main] INFO  handler.ContextHandler (ContextHandler.java:doStart(781)) - Started o.e.j.s.ServletContextHandler@53bb71e5{/static,jar:file:/home/user/.m2/repository/org/apache/hadoop/hadoop-hdds-container-service/0.5.0-SNAPSHOT/hadoop-hdds-container-service-0.5.0-SNAPSHOT.jar!/webapps/static,AVAILABLE}
2019-09-12 10:09:18,105 [main] INFO  handler.ContextHandler (ContextHandler.java:doStart(781)) - Started o.e.j.w.WebAppContext@586843bc{/,file:///tmp/jetty-0.0.0.0-40680-hddsDatanode-_-any-5708199629648389369.dir/webapp/,AVAILABLE}{/hddsDatanode}
2019-09-12 10:09:18,106 [main] INFO  server.AbstractConnector (AbstractConnector.java:doStart(278)) - Started ServerConnector@17134190{HTTP/1.1,[http/1.1]}{0.0.0.0:40680}
2019-09-12 10:09:18,107 [main] INFO  server.Server (Server.java:doStart(419)) - Started @29043ms
2019-09-12 10:09:18,107 [main] INFO  server.BaseHttpServer (BaseHttpServer.java:updateConnectorAddress(213)) - HTTP server of HDDSDATANODE is listening at http://0.0.0.0:40680
2019-09-12 10:09:18,259 | INFO  | ObjectStoreRestHttpServer | Listening HDDS REST traffic on /0.0.0.0:46473 |  
2019-09-12 10:09:18,259 [main] INFO  ozone.HddsDatanodeService (HddsDatanodeService.java:startPlugins(395)) - Started plug-in org.apache.hadoop.ozone.web.OzoneHddsDatanodeService@775f15fd
2019-09-12 10:09:18,260 [main] INFO  ozone.MiniOzoneClusterImpl (MiniOzoneClusterImpl.java:lambda$waitForClusterToBeReady$0(142)) - Waiting for cluster to be ready. Got 0 of 3 DN Heartbeats.
2019-09-12 10:09:18,262 [org.apache.hadoop.util.JvmPauseMonitor$Monitor@726d1bf3] INFO  util.JvmPauseMonitor (JvmPauseMonitor.java:run(188)) - Starting JVM pause monitor
2019-09-12 10:09:18,264 [Datanode State Machine Thread - 0] INFO  datanode.InitDatanodeState (InitDatanodeState.java:persistContainerDatanodeDetails(140)) - DatanodeDetails is persisted to /workdir/hadoop-ozone/integration-test/target/test-dir/MiniOzoneClusterImpl-c79133c4-2f7a-4bec-a41b-f921d987c36a/datanode-2/meta/datanode.id
2019-09-12 10:09:19,261 [main] INFO  ozone.MiniOzoneClusterImpl (MiniOzoneClusterImpl.java:lambda$waitForClusterToBeReady$0(142)) - Waiting for cluster to be ready. Got 0 of 3 DN Heartbeats.
2019-09-12 10:09:19,843 | INFO  | SCMAudit | user=jenkins1000 | ip=192.168.36.114 | op=GET_VERSION null | ret=SUCCESS |  
2019-09-12 10:09:19,859 [Datanode State Machine Thread - 0] INFO  ozoneimpl.OzoneContainer (OzoneContainer.java:start(186)) - Attempting to start container services.
2019-09-12 10:09:19,859 [Datanode State Machine Thread - 0] INFO  ozoneimpl.OzoneContainer (OzoneContainer.java:startContainerScrub(160)) - Background container scrubber has been disabled by hdds.containerscrub.enabled
2019-09-12 10:09:19,859 [Datanode State Machine Thread - 0] INFO  ratis.XceiverServerRatis (XceiverServerRatis.java:start(404)) - Starting XceiverServerRatis 569a82fb-ac21-4f02-a97c-ed1a1a5ef1db at port 0
2019-09-12 10:09:19,867 [Datanode State Machine Thread - 0] INFO  impl.RaftServerProxy (RaftServerProxy.java:lambda$start$3(299)) - 569a82fb-ac21-4f02-a97c-ed1a1a5ef1db: start RPC server
2019-09-12 10:09:19,869 [Datanode State Machine Thread - 0] INFO  server.GrpcService (GrpcService.java:startImpl(149)) - 569a82fb-ac21-4f02-a97c-ed1a1a5ef1db: GrpcService started, listening on 0.0.0.0/0.0.0.0:35247
2019-09-12 10:09:19,870 [Datanode State Machine Thread - 0] INFO  ratis.XceiverServerRatis (XceiverServerRatis.java:start(414)) - XceiverServerRatis 569a82fb-ac21-4f02-a97c-ed1a1a5ef1db is started using port 35247
2019-09-12 10:09:19,870 [Datanode State Machine Thread - 0] INFO  server.XceiverServerGrpc (XceiverServerGrpc.java:start(163)) - XceiverServerGrpc 569a82fb-ac21-4f02-a97c-ed1a1a5ef1db is started using port 41225
2019-09-12 10:09:20,044 | INFO  | SCMAudit | user=jenkins1000 | ip=192.168.36.114 | op=GET_VERSION null | ret=SUCCESS |  
2019-09-12 10:09:20,101 [Datanode State Machine Thread - 0] INFO  ozoneimpl.OzoneContainer (OzoneContainer.java:start(186)) - Attempting to start container services.
2019-09-12 10:09:20,101 [Datanode State Machine Thread - 0] INFO  ozoneimpl.OzoneContainer (OzoneContainer.java:startContainerScrub(160)) - Background container scrubber has been disabled by hdds.containerscrub.enabled
2019-09-12 10:09:20,101 [Datanode State Machine Thread - 0] INFO  ratis.XceiverServerRatis (XceiverServerRatis.java:start(404)) - Starting XceiverServerRatis ef4196d4-8feb-4e51-99d3-97d51bd0de8d at port 0
2019-09-12 10:09:20,109 [Datanode State Machine Thread - 0] INFO  impl.RaftServerProxy (RaftServerProxy.java:lambda$start$3(299)) - ef4196d4-8feb-4e51-99d3-97d51bd0de8d: start RPC server
2019-09-12 10:09:20,110 [Datanode State Machine Thread - 0] INFO  server.GrpcService (GrpcService.java:startImpl(149)) - ef4196d4-8feb-4e51-99d3-97d51bd0de8d: GrpcService started, listening on 0.0.0.0/0.0.0.0:39877
2019-09-12 10:09:20,110 [Datanode State Machine Thread - 0] INFO  ratis.XceiverServerRatis (XceiverServerRatis.java:start(414)) - XceiverServerRatis ef4196d4-8feb-4e51-99d3-97d51bd0de8d is started using port 39877
2019-09-12 10:09:20,110 [Datanode State Machine Thread - 0] INFO  server.XceiverServerGrpc (XceiverServerGrpc.java:start(163)) - XceiverServerGrpc ef4196d4-8feb-4e51-99d3-97d51bd0de8d is started using port 34980
2019-09-12 10:09:20,262 [main] INFO  ozone.MiniOzoneClusterImpl (MiniOzoneClusterImpl.java:lambda$waitForClusterToBeReady$0(142)) - Waiting for cluster to be ready. Got 0 of 3 DN Heartbeats.
2019-09-12 10:09:20,271 | INFO  | SCMAudit | user=jenkins1000 | ip=192.168.36.114 | op=GET_VERSION null | ret=SUCCESS |  
2019-09-12 10:09:20,284 [Datanode State Machine Thread - 0] INFO  ozoneimpl.OzoneContainer (OzoneContainer.java:start(186)) - Attempting to start container services.
2019-09-12 10:09:20,286 [Datanode State Machine Thread - 0] INFO  ozoneimpl.OzoneContainer (OzoneContainer.java:startContainerScrub(160)) - Background container scrubber has been disabled by hdds.containerscrub.enabled
2019-09-12 10:09:20,286 [Datanode State Machine Thread - 0] INFO  ratis.XceiverServerRatis (XceiverServerRatis.java:start(404)) - Starting XceiverServerRatis 90fef4f2-0b30-45ed-8418-ad54fddc73e7 at port 0
2019-09-12 10:09:20,292 [Datanode State Machine Thread - 0] INFO  impl.RaftServerProxy (RaftServerProxy.java:lambda$start$3(299)) - 90fef4f2-0b30-45ed-8418-ad54fddc73e7: start RPC server
2019-09-12 10:09:20,293 [Datanode State Machine Thread - 0] INFO  server.GrpcService (GrpcService.java:startImpl(149)) - 90fef4f2-0b30-45ed-8418-ad54fddc73e7: GrpcService started, listening on 0.0.0.0/0.0.0.0:44121
2019-09-12 10:09:20,294 [Datanode State Machine Thread - 0] INFO  ratis.XceiverServerRatis (XceiverServerRatis.java:start(414)) - XceiverServerRatis 90fef4f2-0b30-45ed-8418-ad54fddc73e7 is started using port 44121
2019-09-12 10:09:20,294 [Datanode State Machine Thread - 0] INFO  server.XceiverServerGrpc (XceiverServerGrpc.java:start(163)) - XceiverServerGrpc 90fef4f2-0b30-45ed-8418-ad54fddc73e7 is started using port 37016
2019-09-12 10:09:21,270 [main] INFO  ozone.MiniOzoneClusterImpl (MiniOzoneClusterImpl.java:lambda$waitForClusterToBeReady$0(142)) - Waiting for cluster to be ready. Got 0 of 3 DN Heartbeats.
2019-09-12 10:09:21,844 [IPC Server handler 0 on 33859] INFO  net.NetworkTopology (NetworkTopologyImpl.java:add(110)) - Added a new node: /default-rack/569a82fb-ac21-4f02-a97c-ed1a1a5ef1db
2019-09-12 10:09:21,845 [IPC Server handler 0 on 33859] INFO  node.SCMNodeManager (SCMNodeManager.java:register(273)) - Registered Data node : 569a82fb-ac21-4f02-a97c-ed1a1a5ef1db{ip: 192.168.36.114, host: pr-hdds-1569-58hkm-1881083799, networkLocation: /default-rack, certSerialId: null}
2019-09-12 10:09:21,847 [EventQueue-NodeRegistrationContainerReportForDataNodeSafeModeRule] INFO  safemode.SCMSafeModeManager (DataNodeSafeModeRule.java:process(71)) - SCM in safe mode. 1 DataNodes registered, 1 required.
2019-09-12 10:09:21,848 [EventQueue-NodeRegistrationContainerReportForDataNodeSafeModeRule] INFO  safemode.SCMSafeModeManager (SCMSafeModeManager.java:validateSafeModeExitRules(177)) - ScmSafeModeManager, all rules are successfully validated
2019-09-12 10:09:21,849 [EventQueue-NodeRegistrationContainerReportForDataNodeSafeModeRule] INFO  safemode.SCMSafeModeManager (SCMSafeModeManager.java:exitSafeMode(193)) - SCM exiting safe mode.
2019-09-12 10:09:21,849 | INFO  | SCMAudit | user=jenkins1000 | ip=192.168.36.114 | op=REGISTER {datanodeDetails=569a82fb-ac21-4f02-a97c-ed1a1a5ef1db{ip: 192.168.36.114, host: pr-hdds-1569-58hkm-1881083799, networkLocation: /default-rack, certSerialId: null}} | ret=SUCCESS |  
2019-09-12 10:09:21,867 [grpc-default-executor-0] INFO  impl.RaftServerProxy (RaftServerProxy.java:addNew(89)) - 569a82fb-ac21-4f02-a97c-ed1a1a5ef1db: addNew group-034C7A010432:[569a82fb-ac21-4f02-a97c-ed1a1a5ef1db:192.168.36.114:35247] returns group-034C7A010432:java.util.concurrent.CompletableFuture@4da6e153[Not completed]
2019-09-12 10:09:21,871 [pool-80-thread-1] INFO  impl.RaftServerImpl (RaftServerImpl.java:<init>(93)) - 569a82fb-ac21-4f02-a97c-ed1a1a5ef1db: new RaftServerImpl for group-034C7A010432:[569a82fb-ac21-4f02-a97c-ed1a1a5ef1db:192.168.36.114:35247] with ContainerStateMachine:uninitialized
2019-09-12 10:09:21,871 [pool-80-thread-1] INFO  server.RaftServerConfigKeys (ConfUtils.java:logGet(43)) - raft.server.rpc.timeout.min = 5s (custom)
2019-09-12 10:09:21,871 [pool-80-thread-1] INFO  server.RaftServerConfigKeys (ConfUtils.java:logGet(43)) - raft.server.rpc.timeout.max = 5200ms (custom)
2019-09-12 10:09:21,871 [pool-80-thread-1] INFO  server.RaftServerConfigKeys (ConfUtils.java:logGet(43)) - raft.server.rpcslowness.timeout = 120s (custom)
2019-09-12 10:09:21,872 [pool-80-thread-1] INFO  server.RaftServerConfigKeys (ConfUtils.java:logGet(43)) - raft.server.sleep.deviation.threshold = 300 (default)
2019-09-12 10:09:21,872 [pool-80-thread-1] INFO  server.RaftServerConfigKeys (ConfUtils.java:logGet(43)) - raft.server.log.appender.install.snapshot.enabled = false (custom)
2019-09-12 10:09:21,872 [pool-80-thread-1] INFO  impl.RaftServerImpl (ServerState.java:<init>(105)) - 569a82fb-ac21-4f02-a97c-ed1a1a5ef1db:group-034C7A010432 ConfigurationManager, init=-1: [569a82fb-ac21-4f02-a97c-ed1a1a5ef1db:192.168.36.114:35247], old=null, confs=<EMPTY_MAP>
2019-09-12 10:09:21,872 [pool-80-thread-1] INFO  server.RaftServerConfigKeys (ConfUtils.java:logGet(43)) - raft.server.storage.dir = [/workdir/hadoop-ozone/integration-test/target/test-dir/MiniOzoneClusterImpl-c79133c4-2f7a-4bec-a41b-f921d987c36a/datanode-0/data/ratis] (custom)
2019-09-12 10:09:21,873 [pool-80-thread-1] INFO  storage.RaftStorageDirectory (RaftStorageDirectory.java:analyzeStorage(246)) - The storage directory /workdir/hadoop-ozone/integration-test/target/test-dir/MiniOzoneClusterImpl-c79133c4-2f7a-4bec-a41b-f921d987c36a/datanode-0/data/ratis/baa52553-b2cc-470a-bd08-034c7a010432 does not exist. Creating ...
2019-09-12 10:09:21,886 [pool-80-thread-1] INFO  storage.RaftStorageDirectory (RaftStorageDirectory.java:tryLock(328)) - Lock on /workdir/hadoop-ozone/integration-test/target/test-dir/MiniOzoneClusterImpl-c79133c4-2f7a-4bec-a41b-f921d987c36a/datanode-0/data/ratis/baa52553-b2cc-470a-bd08-034c7a010432/in_use.lock acquired by nodename 2537@pr-hdds-1569-58hkm-1881083799
2019-09-12 10:09:21,900 [pool-80-thread-1] INFO  storage.RaftStorage (RaftStorage.java:format(72)) - Storage directory /workdir/hadoop-ozone/integration-test/target/test-dir/MiniOzoneClusterImpl-c79133c4-2f7a-4bec-a41b-f921d987c36a/datanode-0/data/ratis/baa52553-b2cc-470a-bd08-034c7a010432 has been successfully formatted.
2019-09-12 10:09:21,900 [pool-80-thread-1] INFO  ratis.ContainerStateMachine (ContainerStateMachine.java:loadSnapshot(226)) - group-034C7A010432: The snapshot info is null. Setting the last applied indexto:(t:0, i:~)
2019-09-12 10:09:21,900 [pool-80-thread-1] INFO  server.RaftServerConfigKeys (ConfUtils.java:logGet(43)) - raft.server.leader.election.timeout = 120s (custom)
2019-09-12 10:09:21,901 [pool-80-thread-1] INFO  server.RaftServerConfigKeys (ConfUtils.java:logGet(43)) - raft.server.log.use.memory = false (default)
2019-09-12 10:09:21,901 [pool-80-thread-1] INFO  server.RaftServerConfigKeys (ConfUtils.java:logGet(43)) - raft.server.log.purge.gap = 1000000 (custom)
2019-09-12 10:09:21,901 [pool-80-thread-1] INFO  server.RaftServerConfigKeys (ConfUtils.java:logGet(43)) - raft.server.log.appender.buffer.byte-limit = 33554432 (custom)
2019-09-12 10:09:21,901 [pool-80-thread-1] INFO  server.RaftServerConfigKeys (ConfUtils.java:logGet(43)) - raft.server.log.segment.size.max = 1048576 (custom)
2019-09-12 10:09:21,901 [pool-80-thread-1] INFO  server.RaftServerConfigKeys (ConfUtils.java:logGet(43)) - raft.server.log.segment.cache.num.max = 2 (custom)
2019-09-12 10:09:21,902 [pool-80-thread-1] INFO  segmented.SegmentedRaftLogWorker (SegmentedRaftLogWorker.java:<init>(172)) - new 569a82fb-ac21-4f02-a97c-ed1a1a5ef1db-SegmentedRaftLogWorker:Storage Directory /workdir/hadoop-ozone/integration-test/target/test-dir/MiniOzoneClusterImpl-c79133c4-2f7a-4bec-a41b-f921d987c36a/datanode-0/data/ratis/baa52553-b2cc-470a-bd08-034c7a010432 for RaftStorage:Storage Directory /workdir/hadoop-ozone/integration-test/target/test-dir/MiniOzoneClusterImpl-c79133c4-2f7a-4bec-a41b-f921d987c36a/datanode-0/data/ratis/baa52553-b2cc-470a-bd08-034c7a010432
2019-09-12 10:09:21,902 [pool-80-thread-1] INFO  server.RaftServerConfigKeys (ConfUtils.java:logGet(43)) - raft.server.log.queue.byte-limit = 2147483647 (custom)
2019-09-12 10:09:21,902 [pool-80-thread-1] INFO  server.RaftServerConfigKeys (ConfUtils.java:logGet(43)) - raft.server.log.queue.element-limit = 1024 (custom)
2019-09-12 10:09:21,902 [pool-80-thread-1] INFO  server.RaftServerConfigKeys (ConfUtils.java:logGet(43)) - raft.server.log.segment.size.max = 1048576 (custom)
2019-09-12 10:09:21,902 [pool-80-thread-1] INFO  server.RaftServerConfigKeys (ConfUtils.java:logGet(43)) - raft.server.log.preallocated.size = 16384 (custom)
2019-09-12 10:09:21,903 [pool-80-thread-1] INFO  server.RaftServerConfigKeys (ConfUtils.java:logGet(43)) - raft.server.log.write.buffer.size = 33554432 (custom)
2019-09-12 10:09:21,903 [pool-80-thread-1] INFO  server.RaftServerConfigKeys (ConfUtils.java:logGet(43)) - raft.server.log.force.sync.num = 128 (default)
2019-09-12 10:09:21,903 [pool-80-thread-1] INFO  server.RaftServerConfigKeys (ConfUtils.java:logGet(43)) - raft.server.log.statemachine.data.sync = true (default)
2019-09-12 10:09:21,903 [pool-80-thread-1] INFO  server.RaftServerConfigKeys (ConfUtils.java:logGet(43)) - raft.server.log.statemachine.data.sync.timeout = 10s (default)
2019-09-12 10:09:21,903 [pool-80-thread-1] INFO  server.RaftServerConfigKeys (ConfUtils.java:logGet(43)) - raft.server.log.statemachine.data.sync.timeout.retry = -1 (default)
2019-09-12 10:09:21,904 [pool-80-thread-1] INFO  server.RaftServerConfigKeys (ConfUtils.java:logGet(43)) - raft.server.log.statemachine.data.caching.enabled = true (custom)
2019-09-12 10:09:21,904 [pool-80-thread-1] INFO  segmented.SegmentedRaftLogWorker (SegmentedRaftLogWorker.java:lambda$new$0(132)) - 569a82fb-ac21-4f02-a97c-ed1a1a5ef1db-SegmentedRaftLogWorker:Storage Directory /workdir/hadoop-ozone/integration-test/target/test-dir/MiniOzoneClusterImpl-c79133c4-2f7a-4bec-a41b-f921d987c36a/datanode-0/data/ratis/baa52553-b2cc-470a-bd08-034c7a010432: flushIndex: setUnconditionally 0 -> -1
2019-09-12 10:09:21,904 [pool-80-thread-1] INFO  server.RaftServerConfigKeys (ConfUtils.java:logGet(43)) - raft.server.snapshot.auto.trigger.enabled = true (custom)
2019-09-12 10:09:21,905 [pool-80-thread-1] INFO  server.RaftServerConfigKeys (ConfUtils.java:logGet(43)) - raft.server.snapshot.auto.trigger.threshold = 10000 (custom)
2019-09-12 10:09:21,905 [pool-80-thread-1] INFO  server.RaftServerConfigKeys (ConfUtils.java:logGet(43)) - raft.server.retrycache.expirytime = 600000ms (custom)
2019-09-12 10:09:21,905 [pool-80-thread-1] INFO  impl.RaftServerImpl (RaftServerImpl.java:start(180)) - 569a82fb-ac21-4f02-a97c-ed1a1a5ef1db: start group-034C7A010432
2019-09-12 10:09:21,905 [pool-80-thread-1] INFO  impl.RaftServerImpl (RaftServerImpl.java:setRole(171)) - 569a82fb-ac21-4f02-a97c-ed1a1a5ef1db:group-034C7A010432 changes role from null to FOLLOWER at term 0 for startAsFollower
2019-09-12 10:09:21,905 [pool-80-thread-1] INFO  impl.RoleInfo (RoleInfo.java:updateAndGet(143)) - 569a82fb-ac21-4f02-a97c-ed1a1a5ef1db: start FollowerState
2019-09-12 10:09:21,906 [pool-80-thread-1] INFO  util.JmxRegister (JmxRegister.java:tryRegister(44)) - Successfully registered JMX Bean with object name Ratis:service=RaftServer,group=group-034C7A010432,id=569a82fb-ac21-4f02-a97c-ed1a1a5ef1db
2019-09-12 10:09:21,930 [RatisPipelineUtilsThread] INFO  pipeline.PipelineStateManager (PipelineStateManager.java:addPipeline(56)) - Created pipeline Pipeline[ Id: baa52553-b2cc-470a-bd08-034c7a010432, Nodes: 569a82fb-ac21-4f02-a97c-ed1a1a5ef1db{ip: 192.168.36.114, host: pr-hdds-1569-58hkm-1881083799, networkLocation: /default-rack, certSerialId: null}, Type:RATIS, Factor:ONE, State:OPEN]
2019-09-12 10:09:21,947 [grpc-default-executor-0] INFO  impl.RaftServerProxy (RaftServerProxy.java:addNew(89)) - 569a82fb-ac21-4f02-a97c-ed1a1a5ef1db: addNew group-8E4262A38963:[569a82fb-ac21-4f02-a97c-ed1a1a5ef1db:192.168.36.114:35247] returns group-8E4262A38963:java.util.concurrent.CompletableFuture@7ca16d1c[Not completed]
2019-09-12 10:09:21,949 [pool-80-thread-1] INFO  impl.RaftServerImpl (RaftServerImpl.java:<init>(93)) - 569a82fb-ac21-4f02-a97c-ed1a1a5ef1db: new RaftServerImpl for group-8E4262A38963:[569a82fb-ac21-4f02-a97c-ed1a1a5ef1db:192.168.36.114:35247] with ContainerStateMachine:uninitialized
2019-09-12 10:09:21,949 [pool-80-thread-1] INFO  server.RaftServerConfigKeys (ConfUtils.java:logGet(43)) - raft.server.rpc.timeout.min = 5s (custom)
2019-09-12 10:09:21,949 [pool-80-thread-1] INFO  server.RaftServerConfigKeys (ConfUtils.java:logGet(43)) - raft.server.rpc.timeout.max = 5200ms (custom)
2019-09-12 10:09:21,949 [pool-80-thread-1] INFO  server.RaftServerConfigKeys (ConfUtils.java:logGet(43)) - raft.server.rpcslowness.timeout = 120s (custom)
2019-09-12 10:09:21,950 [pool-80-thread-1] INFO  server.RaftServerConfigKeys (ConfUtils.java:logGet(43)) - raft.server.sleep.deviation.threshold = 300 (default)
2019-09-12 10:09:21,950 [pool-80-thread-1] INFO  server.RaftServerConfigKeys (ConfUtils.java:logGet(43)) - raft.server.log.appender.install.snapshot.enabled = false (custom)
2019-09-12 10:09:21,950 [pool-80-thread-1] INFO  impl.RaftServerImpl (ServerState.java:<init>(105)) - 569a82fb-ac21-4f02-a97c-ed1a1a5ef1db:group-8E4262A38963 ConfigurationManager, init=-1: [569a82fb-ac21-4f02-a97c-ed1a1a5ef1db:192.168.36.114:35247], old=null, confs=<EMPTY_MAP>
2019-09-12 10:09:21,950 [pool-80-thread-1] INFO  server.RaftServerConfigKeys (ConfUtils.java:logGet(43)) - raft.server.storage.dir = [/workdir/hadoop-ozone/integration-test/target/test-dir/MiniOzoneClusterImpl-c79133c4-2f7a-4bec-a41b-f921d987c36a/datanode-0/data/ratis] (custom)
2019-09-12 10:09:21,950 [pool-80-thread-1] INFO  storage.RaftStorageDirectory (RaftStorageDirectory.java:analyzeStorage(246)) - The storage directory /workdir/hadoop-ozone/integration-test/target/test-dir/MiniOzoneClusterImpl-c79133c4-2f7a-4bec-a41b-f921d987c36a/datanode-0/data/ratis/dd707064-95c3-49a1-9a83-8e4262a38963 does not exist. Creating ...
2019-09-12 10:09:21,963 [pool-80-thread-1] INFO  storage.RaftStorageDirectory (RaftStorageDirectory.java:tryLock(328)) - Lock on /workdir/hadoop-ozone/integration-test/target/test-dir/MiniOzoneClusterImpl-c79133c4-2f7a-4bec-a41b-f921d987c36a/datanode-0/data/ratis/dd707064-95c3-49a1-9a83-8e4262a38963/in_use.lock acquired by nodename 2537@pr-hdds-1569-58hkm-1881083799
2019-09-12 10:09:21,977 [pool-80-thread-1] INFO  storage.RaftStorage (RaftStorage.java:format(72)) - Storage directory /workdir/hadoop-ozone/integration-test/target/test-dir/MiniOzoneClusterImpl-c79133c4-2f7a-4bec-a41b-f921d987c36a/datanode-0/data/ratis/dd707064-95c3-49a1-9a83-8e4262a38963 has been successfully formatted.
2019-09-12 10:09:21,977 [pool-80-thread-1] INFO  ratis.ContainerStateMachine (ContainerStateMachine.java:loadSnapshot(226)) - group-8E4262A38963: The snapshot info is null. Setting the last applied indexto:(t:0, i:~)
2019-09-12 10:09:21,977 [pool-80-thread-1] INFO  server.RaftServerConfigKeys (ConfUtils.java:logGet(43)) - raft.server.leader.election.timeout = 120s (custom)
2019-09-12 10:09:21,977 [pool-80-thread-1] INFO  server.RaftServerConfigKeys (ConfUtils.java:logGet(43)) - raft.server.log.use.memory = false (default)
2019-09-12 10:09:21,978 [pool-80-thread-1] INFO  server.RaftServerConfigKeys (ConfUtils.java:logGet(43)) - raft.server.log.purge.gap = 1000000 (custom)
2019-09-12 10:09:21,978 [pool-80-thread-1] INFO  server.RaftServerConfigKeys (ConfUtils.java:logGet(43)) - raft.server.log.appender.buffer.byte-limit = 33554432 (custom)
2019-09-12 10:09:21,978 [pool-80-thread-1] INFO  server.RaftServerConfigKeys (ConfUtils.java:logGet(43)) - raft.server.log.segment.size.max = 1048576 (custom)
2019-09-12 10:09:21,978 [pool-80-thread-1] INFO  server.RaftServerConfigKeys (ConfUtils.java:logGet(43)) - raft.server.log.segment.cache.num.max = 2 (custom)
2019-09-12 10:09:21,978 [pool-80-thread-1] INFO  segmented.SegmentedRaftLogWorker (SegmentedRaftLogWorker.java:<init>(172)) - new 569a82fb-ac21-4f02-a97c-ed1a1a5ef1db-SegmentedRaftLogWorker:Storage Directory /workdir/hadoop-ozone/integration-test/target/test-dir/MiniOzoneClusterImpl-c79133c4-2f7a-4bec-a41b-f921d987c36a/datanode-0/data/ratis/dd707064-95c3-49a1-9a83-8e4262a38963 for RaftStorage:Storage Directory /workdir/hadoop-ozone/integration-test/target/test-dir/MiniOzoneClusterImpl-c79133c4-2f7a-4bec-a41b-f921d987c36a/datanode-0/data/ratis/dd707064-95c3-49a1-9a83-8e4262a38963
2019-09-12 10:09:21,978 [pool-80-thread-1] INFO  server.RaftServerConfigKeys (ConfUtils.java:logGet(43)) - raft.server.log.queue.byte-limit = 2147483647 (custom)
2019-09-12 10:09:21,979 [pool-80-thread-1] INFO  server.RaftServerConfigKeys (ConfUtils.java:logGet(43)) - raft.server.log.queue.element-limit = 1024 (custom)
2019-09-12 10:09:21,979 [pool-80-thread-1] INFO  server.RaftServerConfigKeys (ConfUtils.java:logGet(43)) - raft.server.log.segment.size.max = 1048576 (custom)
2019-09-12 10:09:21,979 [pool-80-thread-1] INFO  server.RaftServerConfigKeys (ConfUtils.java:logGet(43)) - raft.server.log.preallocated.size = 16384 (custom)
2019-09-12 10:09:21,979 [pool-80-thread-1] INFO  server.RaftServerConfigKeys (ConfUtils.java:logGet(43)) - raft.server.log.write.buffer.size = 33554432 (custom)
2019-09-12 10:09:21,979 [pool-80-thread-1] INFO  server.RaftServerConfigKeys (ConfUtils.java:logGet(43)) - raft.server.log.force.sync.num = 128 (default)
2019-09-12 10:09:21,979 [pool-80-thread-1] INFO  server.RaftServerConfigKeys (ConfUtils.java:logGet(43)) - raft.server.log.statemachine.data.sync = true (default)
2019-09-12 10:09:21,980 [pool-80-thread-1] INFO  server.RaftServerConfigKeys (ConfUtils.java:logGet(43)) - raft.server.log.statemachine.data.sync.timeout = 10s (default)
2019-09-12 10:09:21,980 [pool-80-thread-1] INFO  server.RaftServerConfigKeys (ConfUtils.java:logGet(43)) - raft.server.log.statemachine.data.sync.timeout.retry = -1 (default)
2019-09-12 10:09:21,980 [pool-80-thread-1] INFO  server.RaftServerConfigKeys (ConfUtils.java:logGet(43)) - raft.server.log.statemachine.data.caching.enabled = true (custom)
2019-09-12 10:09:21,980 [pool-80-thread-1] INFO  segmented.SegmentedRaftLogWorker (SegmentedRaftLogWorker.java:lambda$new$0(132)) - 569a82fb-ac21-4f02-a97c-ed1a1a5ef1db-SegmentedRaftLogWorker:Storage Directory /workdir/hadoop-ozone/integration-test/target/test-dir/MiniOzoneClusterImpl-c79133c4-2f7a-4bec-a41b-f921d987c36a/datanode-0/data/ratis/dd707064-95c3-49a1-9a83-8e4262a38963: flushIndex: setUnconditionally 0 -> -1
2019-09-12 10:09:21,981 [pool-80-thread-1] INFO  server.RaftServerConfigKeys (ConfUtils.java:logGet(43)) - raft.server.snapshot.auto.trigger.enabled = true (custom)
2019-09-12 10:09:21,981 [pool-80-thread-1] INFO  server.RaftServerConfigKeys (ConfUtils.java:logGet(43)) - raft.server.snapshot.auto.trigger.threshold = 10000 (custom)
2019-09-12 10:09:21,981 [pool-80-thread-1] INFO  server.RaftServerConfigKeys (ConfUtils.java:logGet(43)) - raft.server.retrycache.expirytime = 600000ms (custom)
2019-09-12 10:09:21,981 [pool-80-thread-1] INFO  impl.RaftServerImpl (RaftServerImpl.java:start(180)) - 569a82fb-ac21-4f02-a97c-ed1a1a5ef1db: start group-8E4262A38963
2019-09-12 10:09:21,981 [pool-80-thread-1] INFO  impl.RaftServerImpl (RaftServerImpl.java:setRole(171)) - 569a82fb-ac21-4f02-a97c-ed1a1a5ef1db:group-8E4262A38963 changes role from null to FOLLOWER at term 0 for startAsFollower
2019-09-12 10:09:21,982 [pool-80-thread-1] INFO  impl.RoleInfo (RoleInfo.java:updateAndGet(143)) - 569a82fb-ac21-4f02-a97c-ed1a1a5ef1db: start FollowerState
2019-09-12 10:09:21,986 [pool-80-thread-1] INFO  util.JmxRegister (JmxRegister.java:tryRegister(44)) - Successfully registered JMX Bean with object name Ratis:service=RaftServer,group=group-8E4262A38963,id=569a82fb-ac21-4f02-a97c-ed1a1a5ef1db
2019-09-12 10:09:21,996 [RatisPipelineUtilsThread] INFO  pipeline.PipelineStateManager (PipelineStateManager.java:addPipeline(56)) - Created pipeline Pipeline[ Id: dd707064-95c3-49a1-9a83-8e4262a38963, Nodes: 569a82fb-ac21-4f02-a97c-ed1a1a5ef1db{ip: 192.168.36.114, host: pr-hdds-1569-58hkm-1881083799, networkLocation: /default-rack, certSerialId: null}, Type:RATIS, Factor:ONE, State:OPEN]
2019-09-12 10:09:22,003 [grpc-default-executor-0] INFO  impl.RaftServerProxy (RaftServerProxy.java:addNew(89)) - 569a82fb-ac21-4f02-a97c-ed1a1a5ef1db: addNew group-4D0FDC8D743E:[569a82fb-ac21-4f02-a97c-ed1a1a5ef1db:192.168.36.114:35247] returns group-4D0FDC8D743E:java.util.concurrent.CompletableFuture@2d891e1c[Not completed]
2019-09-12 10:09:22,006 [pool-80-thread-1] INFO  impl.RaftServerImpl (RaftServerImpl.java:<init>(93)) - 569a82fb-ac21-4f02-a97c-ed1a1a5ef1db: new RaftServerImpl for group-4D0FDC8D743E:[569a82fb-ac21-4f02-a97c-ed1a1a5ef1db:192.168.36.114:35247] with ContainerStateMachine:uninitialized
2019-09-12 10:09:22,006 [pool-80-thread-1] INFO  server.RaftServerConfigKeys (ConfUtils.java:logGet(43)) - raft.server.rpc.timeout.min = 5s (custom)
2019-09-12 10:09:22,006 [pool-80-thread-1] INFO  server.RaftServerConfigKeys (ConfUtils.java:logGet(43)) - raft.server.rpc.timeout.max = 5200ms (custom)
2019-09-12 10:09:22,006 [pool-80-thread-1] INFO  server.RaftServerConfigKeys (ConfUtils.java:logGet(43)) - raft.server.rpcslowness.timeout = 120s (custom)
2019-09-12 10:09:22,006 [pool-80-thread-1] INFO  server.RaftServerConfigKeys (ConfUtils.java:logGet(43)) - raft.server.sleep.deviation.threshold = 300 (default)
2019-09-12 10:09:22,006 [pool-80-thread-1] INFO  server.RaftServerConfigKeys (ConfUtils.java:logGet(43)) - raft.server.log.appender.install.snapshot.enabled = false (custom)
2019-09-12 10:09:22,007 [pool-80-thread-1] INFO  impl.RaftServerImpl (ServerState.java:<init>(105)) - 569a82fb-ac21-4f02-a97c-ed1a1a5ef1db:group-4D0FDC8D743E ConfigurationManager, init=-1: [569a82fb-ac21-4f02-a97c-ed1a1a5ef1db:192.168.36.114:35247], old=null, confs=<EMPTY_MAP>
2019-09-12 10:09:22,007 [pool-80-thread-1] INFO  server.RaftServerConfigKeys (ConfUtils.java:logGet(43)) - raft.server.storage.dir = [/workdir/hadoop-ozone/integration-test/target/test-dir/MiniOzoneClusterImpl-c79133c4-2f7a-4bec-a41b-f921d987c36a/datanode-0/data/ratis] (custom)
2019-09-12 10:09:22,007 [pool-80-thread-1] INFO  storage.RaftStorageDirectory (RaftStorageDirectory.java:analyzeStorage(246)) - The storage directory /workdir/hadoop-ozone/integration-test/target/test-dir/MiniOzoneClusterImpl-c79133c4-2f7a-4bec-a41b-f921d987c36a/datanode-0/data/ratis/9fbece13-3204-4268-96d9-4d0fdc8d743e does not exist. Creating ...
2019-09-12 10:09:22,019 [pool-80-thread-1] INFO  storage.RaftStorageDirectory (RaftStorageDirectory.java:tryLock(328)) - Lock on /workdir/hadoop-ozone/integration-test/target/test-dir/MiniOzoneClusterImpl-c79133c4-2f7a-4bec-a41b-f921d987c36a/datanode-0/data/ratis/9fbece13-3204-4268-96d9-4d0fdc8d743e/in_use.lock acquired by nodename 2537@pr-hdds-1569-58hkm-1881083799
2019-09-12 10:09:22,033 [pool-80-thread-1] INFO  storage.RaftStorage (RaftStorage.java:format(72)) - Storage directory /workdir/hadoop-ozone/integration-test/target/test-dir/MiniOzoneClusterImpl-c79133c4-2f7a-4bec-a41b-f921d987c36a/datanode-0/data/ratis/9fbece13-3204-4268-96d9-4d0fdc8d743e has been successfully formatted.
2019-09-12 10:09:22,033 [pool-80-thread-1] INFO  ratis.ContainerStateMachine (ContainerStateMachine.java:loadSnapshot(226)) - group-4D0FDC8D743E: The snapshot info is null. Setting the last applied indexto:(t:0, i:~)
2019-09-12 10:09:22,033 [pool-80-thread-1] INFO  server.RaftServerConfigKeys (ConfUtils.java:logGet(43)) - raft.server.leader.election.timeout = 120s (custom)
2019-09-12 10:09:22,033 [pool-80-thread-1] INFO  server.RaftServerConfigKeys (ConfUtils.java:logGet(43)) - raft.server.log.use.memory = false (default)
2019-09-12 10:09:22,033 [pool-80-thread-1] INFO  server.RaftServerConfigKeys (ConfUtils.java:logGet(43)) - raft.server.log.purge.gap = 1000000 (custom)
2019-09-12 10:09:22,034 [pool-80-thread-1] INFO  server.RaftServerConfigKeys (ConfUtils.java:logGet(43)) - raft.server.log.appender.buffer.byte-limit = 33554432 (custom)
2019-09-12 10:09:22,034 [pool-80-thread-1] INFO  server.RaftServerConfigKeys (ConfUtils.java:logGet(43)) - raft.server.log.segment.size.max = 1048576 (custom)
2019-09-12 10:09:22,034 [pool-80-thread-1] INFO  server.RaftServerConfigKeys (ConfUtils.java:logGet(43)) - raft.server.log.segment.cache.num.max = 2 (custom)
2019-09-12 10:09:22,034 [pool-80-thread-1] INFO  segmented.SegmentedRaftLogWorker (SegmentedRaftLogWorker.java:<init>(172)) - new 569a82fb-ac21-4f02-a97c-ed1a1a5ef1db-SegmentedRaftLogWorker:Storage Directory /workdir/hadoop-ozone/integration-test/target/test-dir/MiniOzoneClusterImpl-c79133c4-2f7a-4bec-a41b-f921d987c36a/datanode-0/data/ratis/9fbece13-3204-4268-96d9-4d0fdc8d743e for RaftStorage:Storage Directory /workdir/hadoop-ozone/integration-test/target/test-dir/MiniOzoneClusterImpl-c79133c4-2f7a-4bec-a41b-f921d987c36a/datanode-0/data/ratis/9fbece13-3204-4268-96d9-4d0fdc8d743e
2019-09-12 10:09:22,034 [pool-80-thread-1] INFO  server.RaftServerConfigKeys (ConfUtils.java:logGet(43)) - raft.server.log.queue.byte-limit = 2147483647 (custom)
2019-09-12 10:09:22,034 [pool-80-thread-1] INFO  server.RaftServerConfigKeys (ConfUtils.java:logGet(43)) - raft.server.log.queue.element-limit = 1024 (custom)
2019-09-12 10:09:22,035 [pool-80-thread-1] INFO  server.RaftServerConfigKeys (ConfUtils.java:logGet(43)) - raft.server.log.segment.size.max = 1048576 (custom)
2019-09-12 10:09:22,035 [pool-80-thread-1] INFO  server.RaftServerConfigKeys (ConfUtils.java:logGet(43)) - raft.server.log.preallocated.size = 16384 (custom)
2019-09-12 10:09:22,035 [pool-80-thread-1] INFO  server.RaftServerConfigKeys (ConfUtils.java:logGet(43)) - raft.server.log.write.buffer.size = 33554432 (custom)
2019-09-12 10:09:22,035 [pool-80-thread-1] INFO  server.RaftServerConfigKeys (ConfUtils.java:logGet(43)) - raft.server.log.force.sync.num = 128 (default)
2019-09-12 10:09:22,035 [pool-80-thread-1] INFO  server.RaftServerConfigKeys (ConfUtils.java:logGet(43)) - raft.server.log.statemachine.data.sync = true (default)
2019-09-12 10:09:22,035 [pool-80-thread-1] INFO  server.RaftServerConfigKeys (ConfUtils.java:logGet(43)) - raft.server.log.statemachine.data.sync.timeout = 10s (default)
2019-09-12 10:09:22,035 [pool-80-thread-1] INFO  server.RaftServerConfigKeys (ConfUtils.java:logGet(43)) - raft.server.log.statemachine.data.sync.timeout.retry = -1 (default)
2019-09-12 10:09:22,036 [pool-80-thread-1] INFO  server.RaftServerConfigKeys (ConfUtils.java:logGet(43)) - raft.server.log.statemachine.data.caching.enabled = true (custom)
2019-09-12 10:09:22,036 [pool-80-thread-1] INFO  segmented.SegmentedRaftLogWorker (SegmentedRaftLogWorker.java:lambda$new$0(132)) - 569a82fb-ac21-4f02-a97c-ed1a1a5ef1db-SegmentedRaftLogWorker:Storage Directory /workdir/hadoop-ozone/integration-test/target/test-dir/MiniOzoneClusterImpl-c79133c4-2f7a-4bec-a41b-f921d987c36a/datanode-0/data/ratis/9fbece13-3204-4268-96d9-4d0fdc8d743e: flushIndex: setUnconditionally 0 -> -1
2019-09-12 10:09:22,036 [pool-80-thread-1] INFO  server.RaftServerConfigKeys (ConfUtils.java:logGet(43)) - raft.server.snapshot.auto.trigger.enabled = true (custom)
2019-09-12 10:09:22,037 [pool-80-thread-1] INFO  server.RaftServerConfigKeys (ConfUtils.java:logGet(43)) - raft.server.snapshot.auto.trigger.threshold = 10000 (custom)
2019-09-12 10:09:22,037 [pool-80-thread-1] INFO  server.RaftServerConfigKeys (ConfUtils.java:logGet(43)) - raft.server.retrycache.expirytime = 600000ms (custom)
2019-09-12 10:09:22,037 [pool-80-thread-1] INFO  impl.RaftServerImpl (RaftServerImpl.java:start(180)) - 569a82fb-ac21-4f02-a97c-ed1a1a5ef1db: start group-4D0FDC8D743E
2019-09-12 10:09:22,037 [pool-80-thread-1] INFO  impl.RaftServerImpl (RaftServerImpl.java:setRole(171)) - 569a82fb-ac21-4f02-a97c-ed1a1a5ef1db:group-4D0FDC8D743E changes role from null to FOLLOWER at term 0 for startAsFollower
2019-09-12 10:09:22,037 [pool-80-thread-1] INFO  impl.RoleInfo (RoleInfo.java:updateAndGet(143)) - 569a82fb-ac21-4f02-a97c-ed1a1a5ef1db: start FollowerState
2019-09-12 10:09:22,038 [pool-80-thread-1] INFO  util.JmxRegister (JmxRegister.java:tryRegister(44)) - Successfully registered JMX Bean with object name Ratis:service=RaftServer,group=group-4D0FDC8D743E,id=569a82fb-ac21-4f02-a97c-ed1a1a5ef1db
2019-09-12 10:09:22,042 [RatisPipelineUtilsThread] INFO  pipeline.PipelineStateManager (PipelineStateManager.java:addPipeline(56)) - Created pipeline Pipeline[ Id: 9fbece13-3204-4268-96d9-4d0fdc8d743e, Nodes: 569a82fb-ac21-4f02-a97c-ed1a1a5ef1db{ip: 192.168.36.114, host: pr-hdds-1569-58hkm-1881083799, networkLocation: /default-rack, certSerialId: null}, Type:RATIS, Factor:ONE, State:OPEN]
2019-09-12 10:09:22,044 [IPC Server handler 1 on 33859] INFO  net.NetworkTopology (NetworkTopologyImpl.java:add(110)) - Added a new node: /default-rack/ef4196d4-8feb-4e51-99d3-97d51bd0de8d
2019-09-12 10:09:22,044 [IPC Server handler 1 on 33859] INFO  node.SCMNodeManager (SCMNodeManager.java:register(273)) - Registered Data node : ef4196d4-8feb-4e51-99d3-97d51bd0de8d{ip: 192.168.36.114, host: pr-hdds-1569-58hkm-1881083799, networkLocation: /default-rack, certSerialId: null}
2019-09-12 10:09:22,045 | INFO  | SCMAudit | user=jenkins1000 | ip=192.168.36.114 | op=REGISTER {datanodeDetails=ef4196d4-8feb-4e51-99d3-97d51bd0de8d{ip: 192.168.36.114, host: pr-hdds-1569-58hkm-1881083799, networkLocation: /default-rack, certSerialId: null}} | ret=SUCCESS |  
2019-09-12 10:09:22,054 [grpc-default-executor-0] INFO  impl.RaftServerProxy (RaftServerProxy.java:addNew(89)) - 569a82fb-ac21-4f02-a97c-ed1a1a5ef1db: addNew group-FF8CBC0DB9EE:[569a82fb-ac21-4f02-a97c-ed1a1a5ef1db:192.168.36.114:35247] returns group-FF8CBC0DB9EE:java.util.concurrent.CompletableFuture@65a3ad0d[Not completed]
2019-09-12 10:09:22,056 [pool-80-thread-1] INFO  impl.RaftServerImpl (RaftServerImpl.java:<init>(93)) - 569a82fb-ac21-4f02-a97c-ed1a1a5ef1db: new RaftServerImpl for group-FF8CBC0DB9EE:[569a82fb-ac21-4f02-a97c-ed1a1a5ef1db:192.168.36.114:35247] with ContainerStateMachine:uninitialized
2019-09-12 10:09:22,056 [pool-80-thread-1] INFO  server.RaftServerConfigKeys (ConfUtils.java:logGet(43)) - raft.server.rpc.timeout.min = 5s (custom)
2019-09-12 10:09:22,056 [pool-80-thread-1] INFO  server.RaftServerConfigKeys (ConfUtils.java:logGet(43)) - raft.server.rpc.timeout.max = 5200ms (custom)
2019-09-12 10:09:22,056 [pool-80-thread-1] INFO  server.RaftServerConfigKeys (ConfUtils.java:logGet(43)) - raft.server.rpcslowness.timeout = 120s (custom)
2019-09-12 10:09:22,056 [pool-80-thread-1] INFO  server.RaftServerConfigKeys (ConfUtils.java:logGet(43)) - raft.server.sleep.deviation.threshold = 300 (default)
2019-09-12 10:09:22,056 [pool-80-thread-1] INFO  server.RaftServerConfigKeys (ConfUtils.java:logGet(43)) - raft.server.log.appender.install.snapshot.enabled = false (custom)
2019-09-12 10:09:22,057 [pool-80-thread-1] INFO  impl.RaftServerImpl (ServerState.java:<init>(105)) - 569a82fb-ac21-4f02-a97c-ed1a1a5ef1db:group-FF8CBC0DB9EE ConfigurationManager, init=-1: [569a82fb-ac21-4f02-a97c-ed1a1a5ef1db:192.168.36.114:35247], old=null, confs=<EMPTY_MAP>
2019-09-12 10:09:22,057 [pool-80-thread-1] INFO  server.RaftServerConfigKeys (ConfUtils.java:logGet(43)) - raft.server.storage.dir = [/workdir/hadoop-ozone/integration-test/target/test-dir/MiniOzoneClusterImpl-c79133c4-2f7a-4bec-a41b-f921d987c36a/datanode-0/data/ratis] (custom)
2019-09-12 10:09:22,057 [pool-80-thread-1] INFO  storage.RaftStorageDirectory (RaftStorageDirectory.java:analyzeStorage(246)) - The storage directory /workdir/hadoop-ozone/integration-test/target/test-dir/MiniOzoneClusterImpl-c79133c4-2f7a-4bec-a41b-f921d987c36a/datanode-0/data/ratis/134cd31b-5909-4162-ad1b-ff8cbc0db9ee does not exist. Creating ...
2019-09-12 10:09:22,070 [pool-80-thread-1] INFO  storage.RaftStorageDirectory (RaftStorageDirectory.java:tryLock(328)) - Lock on /workdir/hadoop-ozone/integration-test/target/test-dir/MiniOzoneClusterImpl-c79133c4-2f7a-4bec-a41b-f921d987c36a/datanode-0/data/ratis/134cd31b-5909-4162-ad1b-ff8cbc0db9ee/in_use.lock acquired by nodename 2537@pr-hdds-1569-58hkm-1881083799
2019-09-12 10:09:22,083 [pool-80-thread-1] INFO  storage.RaftStorage (RaftStorage.java:format(72)) - Storage directory /workdir/hadoop-ozone/integration-test/target/test-dir/MiniOzoneClusterImpl-c79133c4-2f7a-4bec-a41b-f921d987c36a/datanode-0/data/ratis/134cd31b-5909-4162-ad1b-ff8cbc0db9ee has been successfully formatted.
2019-09-12 10:09:22,083 [pool-80-thread-1] INFO  ratis.ContainerStateMachine (ContainerStateMachine.java:loadSnapshot(226)) - group-FF8CBC0DB9EE: The snapshot info is null. Setting the last applied indexto:(t:0, i:~)
2019-09-12 10:09:22,084 [pool-80-thread-1] INFO  server.RaftServerConfigKeys (ConfUtils.java:logGet(43)) - raft.server.leader.election.timeout = 120s (custom)
2019-09-12 10:09:22,084 [pool-80-thread-1] INFO  server.RaftServerConfigKeys (ConfUtils.java:logGet(43)) - raft.server.log.use.memory = false (default)
2019-09-12 10:09:22,084 [pool-80-thread-1] INFO  server.RaftServerConfigKeys (ConfUtils.java:logGet(43)) - raft.server.log.purge.gap = 1000000 (custom)
2019-09-12 10:09:22,084 [pool-80-thread-1] INFO  server.RaftServerConfigKeys (ConfUtils.java:logGet(43)) - raft.server.log.appender.buffer.byte-limit = 33554432 (custom)
2019-09-12 10:09:22,084 [pool-80-thread-1] INFO  server.RaftServerConfigKeys (ConfUtils.java:logGet(43)) - raft.server.log.segment.size.max = 1048576 (custom)
2019-09-12 10:09:22,084 [pool-80-thread-1] INFO  server.RaftServerConfigKeys (ConfUtils.java:logGet(43)) - raft.server.log.segment.cache.num.max = 2 (custom)
2019-09-12 10:09:22,084 [pool-80-thread-1] INFO  segmented.SegmentedRaftLogWorker (SegmentedRaftLogWorker.java:<init>(172)) - new 569a82fb-ac21-4f02-a97c-ed1a1a5ef1db-SegmentedRaftLogWorker:Storage Directory /workdir/hadoop-ozone/integration-test/target/test-dir/MiniOzoneClusterImpl-c79133c4-2f7a-4bec-a41b-f921d987c36a/datanode-0/data/ratis/134cd31b-5909-4162-ad1b-ff8cbc0db9ee for RaftStorage:Storage Directory /workdir/hadoop-ozone/integration-test/target/test-dir/MiniOzoneClusterImpl-c79133c4-2f7a-4bec-a41b-f921d987c36a/datanode-0/data/ratis/134cd31b-5909-4162-ad1b-ff8cbc0db9ee
2019-09-12 10:09:22,084 [pool-80-thread-1] INFO  server.RaftServerConfigKeys (ConfUtils.java:logGet(43)) - raft.server.log.queue.byte-limit = 2147483647 (custom)
2019-09-12 10:09:22,084 [pool-80-thread-1] INFO  server.RaftServerConfigKeys (ConfUtils.java:logGet(43)) - raft.server.log.queue.element-limit = 1024 (custom)
2019-09-12 10:09:22,085 [pool-80-thread-1] INFO  server.RaftServerConfigKeys (ConfUtils.java:logGet(43)) - raft.server.log.segment.size.max = 1048576 (custom)
2019-09-12 10:09:22,085 [pool-80-thread-1] INFO  server.RaftServerConfigKeys (ConfUtils.java:logGet(43)) - raft.server.log.preallocated.size = 16384 (custom)
2019-09-12 10:09:22,085 [pool-80-thread-1] INFO  server.RaftServerConfigKeys (ConfUtils.java:logGet(43)) - raft.server.log.write.buffer.size = 33554432 (custom)
2019-09-12 10:09:22,085 [pool-80-thread-1] INFO  server.RaftServerConfigKeys (ConfUtils.java:logGet(43)) - raft.server.log.force.sync.num = 128 (default)
2019-09-12 10:09:22,085 [pool-80-thread-1] INFO  server.RaftServerConfigKeys (ConfUtils.java:logGet(43)) - raft.server.log.statemachine.data.sync = true (default)
2019-09-12 10:09:22,085 [pool-80-thread-1] INFO  server.RaftServerConfigKeys (ConfUtils.java:logGet(43)) - raft.server.log.statemachine.data.sync.timeout = 10s (default)
2019-09-12 10:09:22,085 [pool-80-thread-1] INFO  server.RaftServerConfigKeys (ConfUtils.java:logGet(43)) - raft.server.log.statemachine.data.sync.timeout.retry = -1 (default)
2019-09-12 10:09:22,085 [pool-80-thread-1] INFO  server.RaftServerConfigKeys (ConfUtils.java:logGet(43)) - raft.server.log.statemachine.data.caching.enabled = true (custom)
2019-09-12 10:09:22,086 [pool-80-thread-1] INFO  segmented.SegmentedRaftLogWorker (SegmentedRaftLogWorker.java:lambda$new$0(132)) - 569a82fb-ac21-4f02-a97c-ed1a1a5ef1db-SegmentedRaftLogWorker:Storage Directory /workdir/hadoop-ozone/integration-test/target/test-dir/MiniOzoneClusterImpl-c79133c4-2f7a-4bec-a41b-f921d987c36a/datanode-0/data/ratis/134cd31b-5909-4162-ad1b-ff8cbc0db9ee: flushIndex: setUnconditionally 0 -> -1
2019-09-12 10:09:22,086 [pool-80-thread-1] INFO  server.RaftServerConfigKeys (ConfUtils.java:logGet(43)) - raft.server.snapshot.auto.trigger.enabled = true (custom)
2019-09-12 10:09:22,086 [pool-80-thread-1] INFO  server.RaftServerConfigKeys (ConfUtils.java:logGet(43)) - raft.server.snapshot.auto.trigger.threshold = 10000 (custom)
2019-09-12 10:09:22,086 [pool-80-thread-1] INFO  server.RaftServerConfigKeys (ConfUtils.java:logGet(43)) - raft.server.retrycache.expirytime = 600000ms (custom)
2019-09-12 10:09:22,086 [pool-80-thread-1] INFO  impl.RaftServerImpl (RaftServerImpl.java:start(180)) - 569a82fb-ac21-4f02-a97c-ed1a1a5ef1db: start group-FF8CBC0DB9EE
2019-09-12 10:09:22,086 [pool-80-thread-1] INFO  impl.RaftServerImpl (RaftServerImpl.java:setRole(171)) - 569a82fb-ac21-4f02-a97c-ed1a1a5ef1db:group-FF8CBC0DB9EE changes role from null to FOLLOWER at term 0 for startAsFollower
2019-09-12 10:09:22,087 [pool-80-thread-1] INFO  impl.RoleInfo (RoleInfo.java:updateAndGet(143)) - 569a82fb-ac21-4f02-a97c-ed1a1a5ef1db: start FollowerState
2019-09-12 10:09:22,087 [pool-80-thread-1] INFO  util.JmxRegister (JmxRegister.java:tryRegister(44)) - Successfully registered JMX Bean with object name Ratis:service=RaftServer,group=group-FF8CBC0DB9EE,id=569a82fb-ac21-4f02-a97c-ed1a1a5ef1db
2019-09-12 10:09:22,091 [RatisPipelineUtilsThread] INFO  pipeline.PipelineStateManager (PipelineStateManager.java:addPipeline(56)) - Created pipeline Pipeline[ Id: 134cd31b-5909-4162-ad1b-ff8cbc0db9ee, Nodes: 569a82fb-ac21-4f02-a97c-ed1a1a5ef1db{ip: 192.168.36.114, host: pr-hdds-1569-58hkm-1881083799, networkLocation: /default-rack, certSerialId: null}, Type:RATIS, Factor:ONE, State:OPEN]
2019-09-12 10:09:22,100 [grpc-default-executor-0] INFO  impl.RaftServerProxy (RaftServerProxy.java:addNew(89)) - ef4196d4-8feb-4e51-99d3-97d51bd0de8d: addNew group-0F35CA89FA0B:[ef4196d4-8feb-4e51-99d3-97d51bd0de8d:192.168.36.114:39877] returns group-0F35CA89FA0B:java.util.concurrent.CompletableFuture@54f99250[Not completed]
2019-09-12 10:09:22,103 [pool-91-thread-1] INFO  impl.RaftServerImpl (RaftServerImpl.java:<init>(93)) - ef4196d4-8feb-4e51-99d3-97d51bd0de8d: new RaftServerImpl for group-0F35CA89FA0B:[ef4196d4-8feb-4e51-99d3-97d51bd0de8d:192.168.36.114:39877] with ContainerStateMachine:uninitialized
2019-09-12 10:09:22,103 [pool-91-thread-1] INFO  server.RaftServerConfigKeys (ConfUtils.java:logGet(43)) - raft.server.rpc.timeout.min = 5s (custom)
2019-09-12 10:09:22,103 [pool-91-thread-1] INFO  server.RaftServerConfigKeys (ConfUtils.java:logGet(43)) - raft.server.rpc.timeout.max = 5200ms (custom)
2019-09-12 10:09:22,104 [pool-91-thread-1] INFO  server.RaftServerConfigKeys (ConfUtils.java:logGet(43)) - raft.server.rpcslowness.timeout = 120s (custom)
2019-09-12 10:09:22,104 [pool-91-thread-1] INFO  server.RaftServerConfigKeys (ConfUtils.java:logGet(43)) - raft.server.sleep.deviation.threshold = 300 (default)
2019-09-12 10:09:22,104 [pool-91-thread-1] INFO  server.RaftServerConfigKeys (ConfUtils.java:logGet(43)) - raft.server.log.appender.install.snapshot.enabled = false (custom)
2019-09-12 10:09:22,104 [pool-91-thread-1] INFO  impl.RaftServerImpl (ServerState.java:<init>(105)) - ef4196d4-8feb-4e51-99d3-97d51bd0de8d:group-0F35CA89FA0B ConfigurationManager, init=-1: [ef4196d4-8feb-4e51-99d3-97d51bd0de8d:192.168.36.114:39877], old=null, confs=<EMPTY_MAP>
2019-09-12 10:09:22,104 [pool-91-thread-1] INFO  server.RaftServerConfigKeys (ConfUtils.java:logGet(43)) - raft.server.storage.dir = [/workdir/hadoop-ozone/integration-test/target/test-dir/MiniOzoneClusterImpl-c79133c4-2f7a-4bec-a41b-f921d987c36a/datanode-1/data/ratis] (custom)
2019-09-12 10:09:22,105 [pool-91-thread-1] INFO  storage.RaftStorageDirectory (RaftStorageDirectory.java:analyzeStorage(246)) - The storage directory /workdir/hadoop-ozone/integration-test/target/test-dir/MiniOzoneClusterImpl-c79133c4-2f7a-4bec-a41b-f921d987c36a/datanode-1/data/ratis/dfedb84d-34a1-43f6-9fbb-0f35ca89fa0b does not exist. Creating ...
2019-09-12 10:09:22,117 [pool-91-thread-1] INFO  storage.RaftStorageDirectory (RaftStorageDirectory.java:tryLock(328)) - Lock on /workdir/hadoop-ozone/integration-test/target/test-dir/MiniOzoneClusterImpl-c79133c4-2f7a-4bec-a41b-f921d987c36a/datanode-1/data/ratis/dfedb84d-34a1-43f6-9fbb-0f35ca89fa0b/in_use.lock acquired by nodename 2537@pr-hdds-1569-58hkm-1881083799
2019-09-12 10:09:22,130 [pool-91-thread-1] INFO  storage.RaftStorage (RaftStorage.java:format(72)) - Storage directory /workdir/hadoop-ozone/integration-test/target/test-dir/MiniOzoneClusterImpl-c79133c4-2f7a-4bec-a41b-f921d987c36a/datanode-1/data/ratis/dfedb84d-34a1-43f6-9fbb-0f35ca89fa0b has been successfully formatted.
2019-09-12 10:09:22,130 [pool-91-thread-1] INFO  ratis.ContainerStateMachine (ContainerStateMachine.java:loadSnapshot(226)) - group-0F35CA89FA0B: The snapshot info is null. Setting the last applied indexto:(t:0, i:~)
2019-09-12 10:09:22,130 [pool-91-thread-1] INFO  server.RaftServerConfigKeys (ConfUtils.java:logGet(43)) - raft.server.leader.election.timeout = 120s (custom)
2019-09-12 10:09:22,131 [pool-91-thread-1] INFO  server.RaftServerConfigKeys (ConfUtils.java:logGet(43)) - raft.server.log.use.memory = false (default)
2019-09-12 10:09:22,131 [pool-91-thread-1] INFO  server.RaftServerConfigKeys (ConfUtils.java:logGet(43)) - raft.server.log.purge.gap = 1000000 (custom)
2019-09-12 10:09:22,131 [pool-91-thread-1] INFO  server.RaftServerConfigKeys (ConfUtils.java:logGet(43)) - raft.server.log.appender.buffer.byte-limit = 33554432 (custom)
2019-09-12 10:09:22,131 [pool-91-thread-1] INFO  server.RaftServerConfigKeys (ConfUtils.java:logGet(43)) - raft.server.log.segment.size.max = 1048576 (custom)
2019-09-12 10:09:22,131 [pool-91-thread-1] INFO  server.RaftServerConfigKeys (ConfUtils.java:logGet(43)) - raft.server.log.segment.cache.num.max = 2 (custom)
2019-09-12 10:09:22,131 [pool-91-thread-1] INFO  segmented.SegmentedRaftLogWorker (SegmentedRaftLogWorker.java:<init>(172)) - new ef4196d4-8feb-4e51-99d3-97d51bd0de8d-SegmentedRaftLogWorker:Storage Directory /workdir/hadoop-ozone/integration-test/target/test-dir/MiniOzoneClusterImpl-c79133c4-2f7a-4bec-a41b-f921d987c36a/datanode-1/data/ratis/dfedb84d-34a1-43f6-9fbb-0f35ca89fa0b for RaftStorage:Storage Directory /workdir/hadoop-ozone/integration-test/target/test-dir/MiniOzoneClusterImpl-c79133c4-2f7a-4bec-a41b-f921d987c36a/datanode-1/data/ratis/dfedb84d-34a1-43f6-9fbb-0f35ca89fa0b
2019-09-12 10:09:22,132 [pool-91-thread-1] INFO  server.RaftServerConfigKeys (ConfUtils.java:logGet(43)) - raft.server.log.queue.byte-limit = 2147483647 (custom)
2019-09-12 10:09:22,132 [pool-91-thread-1] INFO  server.RaftServerConfigKeys (ConfUtils.java:logGet(43)) - raft.server.log.queue.element-limit = 1024 (custom)
2019-09-12 10:09:22,132 [pool-91-thread-1] INFO  server.RaftServerConfigKeys (ConfUtils.java:logGet(43)) - raft.server.log.segment.size.max = 1048576 (custom)
2019-09-12 10:09:22,132 [pool-91-thread-1] INFO  server.RaftServerConfigKeys (ConfUtils.java:logGet(43)) - raft.server.log.preallocated.size = 16384 (custom)
2019-09-12 10:09:22,132 [pool-91-thread-1] INFO  server.RaftServerConfigKeys (ConfUtils.java:logGet(43)) - raft.server.log.write.buffer.size = 33554432 (custom)
2019-09-12 10:09:22,132 [pool-91-thread-1] INFO  server.RaftServerConfigKeys (ConfUtils.java:logGet(43)) - raft.server.log.force.sync.num = 128 (default)
2019-09-12 10:09:22,133 [pool-91-thread-1] INFO  server.RaftServerConfigKeys (ConfUtils.java:logGet(43)) - raft.server.log.statemachine.data.sync = true (default)
2019-09-12 10:09:22,133 [pool-91-thread-1] INFO  server.RaftServerConfigKeys (ConfUtils.java:logGet(43)) - raft.server.log.statemachine.data.sync.timeout = 10s (default)
2019-09-12 10:09:22,133 [pool-91-thread-1] INFO  server.RaftServerConfigKeys (ConfUtils.java:logGet(43)) - raft.server.log.statemachine.data.sync.timeout.retry = -1 (default)
2019-09-12 10:09:22,133 [pool-91-thread-1] INFO  server.RaftServerConfigKeys (ConfUtils.java:logGet(43)) - raft.server.log.statemachine.data.caching.enabled = true (custom)
2019-09-12 10:09:22,134 [pool-91-thread-1] INFO  segmented.SegmentedRaftLogWorker (SegmentedRaftLogWorker.java:lambda$new$0(132)) - ef4196d4-8feb-4e51-99d3-97d51bd0de8d-SegmentedRaftLogWorker:Storage Directory /workdir/hadoop-ozone/integration-test/target/test-dir/MiniOzoneClusterImpl-c79133c4-2f7a-4bec-a41b-f921d987c36a/datanode-1/data/ratis/dfedb84d-34a1-43f6-9fbb-0f35ca89fa0b: flushIndex: setUnconditionally 0 -> -1
2019-09-12 10:09:22,134 [pool-91-thread-1] INFO  server.RaftServerConfigKeys (ConfUtils.java:logGet(43)) - raft.server.snapshot.auto.trigger.enabled = true (custom)
2019-09-12 10:09:22,134 [pool-91-thread-1] INFO  server.RaftServerConfigKeys (ConfUtils.java:logGet(43)) - raft.server.snapshot.auto.trigger.threshold = 10000 (custom)
2019-09-12 10:09:22,134 [pool-91-thread-1] INFO  server.RaftServerConfigKeys (ConfUtils.java:logGet(43)) - raft.server.retrycache.expirytime = 600000ms (custom)
2019-09-12 10:09:22,135 [pool-91-thread-1] INFO  impl.RaftServerImpl (RaftServerImpl.java:start(180)) - ef4196d4-8feb-4e51-99d3-97d51bd0de8d: start group-0F35CA89FA0B
2019-09-12 10:09:22,135 [pool-91-thread-1] INFO  impl.RaftServerImpl (RaftServerImpl.java:setRole(171)) - ef4196d4-8feb-4e51-99d3-97d51bd0de8d:group-0F35CA89FA0B changes role from null to FOLLOWER at term 0 for startAsFollower
2019-09-12 10:09:22,135 [pool-91-thread-1] INFO  impl.RoleInfo (RoleInfo.java:updateAndGet(143)) - ef4196d4-8feb-4e51-99d3-97d51bd0de8d: start FollowerState
2019-09-12 10:09:22,135 [pool-91-thread-1] INFO  util.JmxRegister (JmxRegister.java:tryRegister(44)) - Successfully registered JMX Bean with object name Ratis:service=RaftServer,group=group-0F35CA89FA0B,id=ef4196d4-8feb-4e51-99d3-97d51bd0de8d
2019-09-12 10:09:22,140 [RatisPipelineUtilsThread] INFO  pipeline.PipelineStateManager (PipelineStateManager.java:addPipeline(56)) - Created pipeline Pipeline[ Id: dfedb84d-34a1-43f6-9fbb-0f35ca89fa0b, Nodes: ef4196d4-8feb-4e51-99d3-97d51bd0de8d{ip: 192.168.36.114, host: pr-hdds-1569-58hkm-1881083799, networkLocation: /default-rack, certSerialId: null}, Type:RATIS, Factor:ONE, State:OPEN]
2019-09-12 10:09:22,148 [grpc-default-executor-0] INFO  impl.RaftServerProxy (RaftServerProxy.java:addNew(89)) - ef4196d4-8feb-4e51-99d3-97d51bd0de8d: addNew group-2D098AB6D11D:[ef4196d4-8feb-4e51-99d3-97d51bd0de8d:192.168.36.114:39877] returns group-2D098AB6D11D:java.util.concurrent.CompletableFuture@3a4da372[Not completed]
2019-09-12 10:09:22,149 [pool-91-thread-1] INFO  impl.RaftServerImpl (RaftServerImpl.java:<init>(93)) - ef4196d4-8feb-4e51-99d3-97d51bd0de8d: new RaftServerImpl for group-2D098AB6D11D:[ef4196d4-8feb-4e51-99d3-97d51bd0de8d:192.168.36.114:39877] with ContainerStateMachine:uninitialized
2019-09-12 10:09:22,149 [pool-91-thread-1] INFO  server.RaftServerConfigKeys (ConfUtils.java:logGet(43)) - raft.server.rpc.timeout.min = 5s (custom)
2019-09-12 10:09:22,150 [pool-91-thread-1] INFO  server.RaftServerConfigKeys (ConfUtils.java:logGet(43)) - raft.server.rpc.timeout.max = 5200ms (custom)
2019-09-12 10:09:22,150 [pool-91-thread-1] INFO  server.RaftServerConfigKeys (ConfUtils.java:logGet(43)) - raft.server.rpcslowness.timeout = 120s (custom)
2019-09-12 10:09:22,150 [pool-91-thread-1] INFO  server.RaftServerConfigKeys (ConfUtils.java:logGet(43)) - raft.server.sleep.deviation.threshold = 300 (default)
2019-09-12 10:09:22,150 [pool-91-thread-1] INFO  server.RaftServerConfigKeys (ConfUtils.java:logGet(43)) - raft.server.log.appender.install.snapshot.enabled = false (custom)
2019-09-12 10:09:22,150 [pool-91-thread-1] INFO  impl.RaftServerImpl (ServerState.java:<init>(105)) - ef4196d4-8feb-4e51-99d3-97d51bd0de8d:group-2D098AB6D11D ConfigurationManager, init=-1: [ef4196d4-8feb-4e51-99d3-97d51bd0de8d:192.168.36.114:39877], old=null, confs=<EMPTY_MAP>
2019-09-12 10:09:22,150 [pool-91-thread-1] INFO  server.RaftServerConfigKeys (ConfUtils.java:logGet(43)) - raft.server.storage.dir = [/workdir/hadoop-ozone/integration-test/target/test-dir/MiniOzoneClusterImpl-c79133c4-2f7a-4bec-a41b-f921d987c36a/datanode-1/data/ratis] (custom)
2019-09-12 10:09:22,151 [pool-91-thread-1] INFO  storage.RaftStorageDirectory (RaftStorageDirectory.java:analyzeStorage(246)) - The storage directory /workdir/hadoop-ozone/integration-test/target/test-dir/MiniOzoneClusterImpl-c79133c4-2f7a-4bec-a41b-f921d987c36a/datanode-1/data/ratis/da8ec512-99ae-4474-a226-2d098ab6d11d does not exist. Creating ...
2019-09-12 10:09:22,163 [pool-91-thread-1] INFO  storage.RaftStorageDirectory (RaftStorageDirectory.java:tryLock(328)) - Lock on /workdir/hadoop-ozone/integration-test/target/test-dir/MiniOzoneClusterImpl-c79133c4-2f7a-4bec-a41b-f921d987c36a/datanode-1/data/ratis/da8ec512-99ae-4474-a226-2d098ab6d11d/in_use.lock acquired by nodename 2537@pr-hdds-1569-58hkm-1881083799
2019-09-12 10:09:22,188 [pool-91-thread-1] INFO  storage.RaftStorage (RaftStorage.java:format(72)) - Storage directory /workdir/hadoop-ozone/integration-test/target/test-dir/MiniOzoneClusterImpl-c79133c4-2f7a-4bec-a41b-f921d987c36a/datanode-1/data/ratis/da8ec512-99ae-4474-a226-2d098ab6d11d has been successfully formatted.
2019-09-12 10:09:22,188 [pool-91-thread-1] INFO  ratis.ContainerStateMachine (ContainerStateMachine.java:loadSnapshot(226)) - group-2D098AB6D11D: The snapshot info is null. Setting the last applied indexto:(t:0, i:~)
2019-09-12 10:09:22,188 [pool-91-thread-1] INFO  server.RaftServerConfigKeys (ConfUtils.java:logGet(43)) - raft.server.leader.election.timeout = 120s (custom)
2019-09-12 10:09:22,188 [pool-91-thread-1] INFO  server.RaftServerConfigKeys (ConfUtils.java:logGet(43)) - raft.server.log.use.memory = false (default)
2019-09-12 10:09:22,189 [pool-91-thread-1] INFO  server.RaftServerConfigKeys (ConfUtils.java:logGet(43)) - raft.server.log.purge.gap = 1000000 (custom)
2019-09-12 10:09:22,189 [pool-91-thread-1] INFO  server.RaftServerConfigKeys (ConfUtils.java:logGet(43)) - raft.server.log.appender.buffer.byte-limit = 33554432 (custom)
2019-09-12 10:09:22,189 [pool-91-thread-1] INFO  server.RaftServerConfigKeys (ConfUtils.java:logGet(43)) - raft.server.log.segment.size.max = 1048576 (custom)
2019-09-12 10:09:22,189 [pool-91-thread-1] INFO  server.RaftServerConfigKeys (ConfUtils.java:logGet(43)) - raft.server.log.segment.cache.num.max = 2 (custom)
2019-09-12 10:09:22,189 [pool-91-thread-1] INFO  segmented.SegmentedRaftLogWorker (SegmentedRaftLogWorker.java:<init>(172)) - new ef4196d4-8feb-4e51-99d3-97d51bd0de8d-SegmentedRaftLogWorker:Storage Directory /workdir/hadoop-ozone/integration-test/target/test-dir/MiniOzoneClusterImpl-c79133c4-2f7a-4bec-a41b-f921d987c36a/datanode-1/data/ratis/da8ec512-99ae-4474-a226-2d098ab6d11d for RaftStorage:Storage Directory /workdir/hadoop-ozone/integration-test/target/test-dir/MiniOzoneClusterImpl-c79133c4-2f7a-4bec-a41b-f921d987c36a/datanode-1/data/ratis/da8ec512-99ae-4474-a226-2d098ab6d11d
2019-09-12 10:09:22,189 [pool-91-thread-1] INFO  server.RaftServerConfigKeys (ConfUtils.java:logGet(43)) - raft.server.log.queue.byte-limit = 2147483647 (custom)
2019-09-12 10:09:22,190 [pool-91-thread-1] INFO  server.RaftServerConfigKeys (ConfUtils.java:logGet(43)) - raft.server.log.queue.element-limit = 1024 (custom)
2019-09-12 10:09:22,190 [pool-91-thread-1] INFO  server.RaftServerConfigKeys (ConfUtils.java:logGet(43)) - raft.server.log.segment.size.max = 1048576 (custom)
2019-09-12 10:09:22,190 [pool-91-thread-1] INFO  server.RaftServerConfigKeys (ConfUtils.java:logGet(43)) - raft.server.log.preallocated.size = 16384 (custom)
2019-09-12 10:09:22,190 [pool-91-thread-1] INFO  server.RaftServerConfigKeys (ConfUtils.java:logGet(43)) - raft.server.log.write.buffer.size = 33554432 (custom)
2019-09-12 10:09:22,190 [pool-91-thread-1] INFO  server.RaftServerConfigKeys (ConfUtils.java:logGet(43)) - raft.server.log.force.sync.num = 128 (default)
2019-09-12 10:09:22,190 [pool-91-thread-1] INFO  server.RaftServerConfigKeys (ConfUtils.java:logGet(43)) - raft.server.log.statemachine.data.sync = true (default)
2019-09-12 10:09:22,190 [pool-91-thread-1] INFO  server.RaftServerConfigKeys (ConfUtils.java:logGet(43)) - raft.server.log.statemachine.data.sync.timeout = 10s (default)
2019-09-12 10:09:22,191 [pool-91-thread-1] INFO  server.RaftServerConfigKeys (ConfUtils.java:logGet(43)) - raft.server.log.statemachine.data.sync.timeout.retry = -1 (default)
2019-09-12 10:09:22,191 [pool-91-thread-1] INFO  server.RaftServerConfigKeys (ConfUtils.java:logGet(43)) - raft.server.log.statemachine.data.caching.enabled = true (custom)
2019-09-12 10:09:22,191 [pool-91-thread-1] INFO  segmented.SegmentedRaftLogWorker (SegmentedRaftLogWorker.java:lambda$new$0(132)) - ef4196d4-8feb-4e51-99d3-97d51bd0de8d-SegmentedRaftLogWorker:Storage Directory /workdir/hadoop-ozone/integration-test/target/test-dir/MiniOzoneClusterImpl-c79133c4-2f7a-4bec-a41b-f921d987c36a/datanode-1/data/ratis/da8ec512-99ae-4474-a226-2d098ab6d11d: flushIndex: setUnconditionally 0 -> -1
2019-09-12 10:09:22,192 [pool-91-thread-1] INFO  server.RaftServerConfigKeys (ConfUtils.java:logGet(43)) - raft.server.snapshot.auto.trigger.enabled = true (custom)
2019-09-12 10:09:22,192 [pool-91-thread-1] INFO  server.RaftServerConfigKeys (ConfUtils.java:logGet(43)) - raft.server.snapshot.auto.trigger.threshold = 10000 (custom)
2019-09-12 10:09:22,192 [pool-91-thread-1] INFO  server.RaftServerConfigKeys (ConfUtils.java:logGet(43)) - raft.server.retrycache.expirytime = 600000ms (custom)
2019-09-12 10:09:22,192 [pool-91-thread-1] INFO  impl.RaftServerImpl (RaftServerImpl.java:start(180)) - ef4196d4-8feb-4e51-99d3-97d51bd0de8d: start group-2D098AB6D11D
2019-09-12 10:09:22,192 [pool-91-thread-1] INFO  impl.RaftServerImpl (RaftServerImpl.java:setRole(171)) - ef4196d4-8feb-4e51-99d3-97d51bd0de8d:group-2D098AB6D11D changes role from null to FOLLOWER at term 0 for startAsFollower
2019-09-12 10:09:22,192 [pool-91-thread-1] INFO  impl.RoleInfo (RoleInfo.java:updateAndGet(143)) - ef4196d4-8feb-4e51-99d3-97d51bd0de8d: start FollowerState
2019-09-12 10:09:22,193 [pool-91-thread-1] INFO  util.JmxRegister (JmxRegister.java:tryRegister(44)) - Successfully registered JMX Bean with object name Ratis:service=RaftServer,group=group-2D098AB6D11D,id=ef4196d4-8feb-4e51-99d3-97d51bd0de8d
2019-09-12 10:09:22,196 [RatisPipelineUtilsThread] INFO  pipeline.PipelineStateManager (PipelineStateManager.java:addPipeline(56)) - Created pipeline Pipeline[ Id: da8ec512-99ae-4474-a226-2d098ab6d11d, Nodes: ef4196d4-8feb-4e51-99d3-97d51bd0de8d{ip: 192.168.36.114, host: pr-hdds-1569-58hkm-1881083799, networkLocation: /default-rack, certSerialId: null}, Type:RATIS, Factor:ONE, State:OPEN]
2019-09-12 10:09:22,203 [grpc-default-executor-0] INFO  impl.RaftServerProxy (RaftServerProxy.java:addNew(89)) - 569a82fb-ac21-4f02-a97c-ed1a1a5ef1db: addNew group-511454A1B6D7:[569a82fb-ac21-4f02-a97c-ed1a1a5ef1db:192.168.36.114:35247] returns group-511454A1B6D7:java.util.concurrent.CompletableFuture@35d7419e[Not completed]
2019-09-12 10:09:22,205 [pool-80-thread-1] INFO  impl.RaftServerImpl (RaftServerImpl.java:<init>(93)) - 569a82fb-ac21-4f02-a97c-ed1a1a5ef1db: new RaftServerImpl for group-511454A1B6D7:[569a82fb-ac21-4f02-a97c-ed1a1a5ef1db:192.168.36.114:35247] with ContainerStateMachine:uninitialized
2019-09-12 10:09:22,205 [pool-80-thread-1] INFO  server.RaftServerConfigKeys (ConfUtils.java:logGet(43)) - raft.server.rpc.timeout.min = 5s (custom)
2019-09-12 10:09:22,205 [pool-80-thread-1] INFO  server.RaftServerConfigKeys (ConfUtils.java:logGet(43)) - raft.server.rpc.timeout.max = 5200ms (custom)
2019-09-12 10:09:22,205 [pool-80-thread-1] INFO  server.RaftServerConfigKeys (ConfUtils.java:logGet(43)) - raft.server.rpcslowness.timeout = 120s (custom)
2019-09-12 10:09:22,205 [pool-80-thread-1] INFO  server.RaftServerConfigKeys (ConfUtils.java:logGet(43)) - raft.server.sleep.deviation.threshold = 300 (default)
2019-09-12 10:09:22,205 [pool-80-thread-1] INFO  server.RaftServerConfigKeys (ConfUtils.java:logGet(43)) - raft.server.log.appender.install.snapshot.enabled = false (custom)
2019-09-12 10:09:22,205 [pool-80-thread-1] INFO  impl.RaftServerImpl (ServerState.java:<init>(105)) - 569a82fb-ac21-4f02-a97c-ed1a1a5ef1db:group-511454A1B6D7 ConfigurationManager, init=-1: [569a82fb-ac21-4f02-a97c-ed1a1a5ef1db:192.168.36.114:35247], old=null, confs=<EMPTY_MAP>
2019-09-12 10:09:22,206 [pool-80-thread-1] INFO  server.RaftServerConfigKeys (ConfUtils.java:logGet(43)) - raft.server.storage.dir = [/workdir/hadoop-ozone/integration-test/target/test-dir/MiniOzoneClusterImpl-c79133c4-2f7a-4bec-a41b-f921d987c36a/datanode-0/data/ratis] (custom)
2019-09-12 10:09:22,206 [pool-80-thread-1] INFO  storage.RaftStorageDirectory (RaftStorageDirectory.java:analyzeStorage(246)) - The storage directory /workdir/hadoop-ozone/integration-test/target/test-dir/MiniOzoneClusterImpl-c79133c4-2f7a-4bec-a41b-f921d987c36a/datanode-0/data/ratis/6ad9de9f-b73a-4dc5-a5f6-511454a1b6d7 does not exist. Creating ...
2019-09-12 10:09:22,218 [pool-80-thread-1] INFO  storage.RaftStorageDirectory (RaftStorageDirectory.java:tryLock(328)) - Lock on /workdir/hadoop-ozone/integration-test/target/test-dir/MiniOzoneClusterImpl-c79133c4-2f7a-4bec-a41b-f921d987c36a/datanode-0/data/ratis/6ad9de9f-b73a-4dc5-a5f6-511454a1b6d7/in_use.lock acquired by nodename 2537@pr-hdds-1569-58hkm-1881083799
2019-09-12 10:09:22,232 [pool-80-thread-1] INFO  storage.RaftStorage (RaftStorage.java:format(72)) - Storage directory /workdir/hadoop-ozone/integration-test/target/test-dir/MiniOzoneClusterImpl-c79133c4-2f7a-4bec-a41b-f921d987c36a/datanode-0/data/ratis/6ad9de9f-b73a-4dc5-a5f6-511454a1b6d7 has been successfully formatted.
2019-09-12 10:09:22,232 [pool-80-thread-1] INFO  ratis.ContainerStateMachine (ContainerStateMachine.java:loadSnapshot(226)) - group-511454A1B6D7: The snapshot info is null. Setting the last applied indexto:(t:0, i:~)
2019-09-12 10:09:22,232 [pool-80-thread-1] INFO  server.RaftServerConfigKeys (ConfUtils.java:logGet(43)) - raft.server.leader.election.timeout = 120s (custom)
2019-09-12 10:09:22,232 [pool-80-thread-1] INFO  server.RaftServerConfigKeys (ConfUtils.java:logGet(43)) - raft.server.log.use.memory = false (default)
2019-09-12 10:09:22,233 [pool-80-thread-1] INFO  server.RaftServerConfigKeys (ConfUtils.java:logGet(43)) - raft.server.log.purge.gap = 1000000 (custom)
2019-09-12 10:09:22,233 [pool-80-thread-1] INFO  server.RaftServerConfigKeys (ConfUtils.java:logGet(43)) - raft.server.log.appender.buffer.byte-limit = 33554432 (custom)
2019-09-12 10:09:22,233 [pool-80-thread-1] INFO  server.RaftServerConfigKeys (ConfUtils.java:logGet(43)) - raft.server.log.segment.size.max = 1048576 (custom)
2019-09-12 10:09:22,233 [pool-80-thread-1] INFO  server.RaftServerConfigKeys (ConfUtils.java:logGet(43)) - raft.server.log.segment.cache.num.max = 2 (custom)
2019-09-12 10:09:22,233 [pool-80-thread-1] INFO  segmented.SegmentedRaftLogWorker (SegmentedRaftLogWorker.java:<init>(172)) - new 569a82fb-ac21-4f02-a97c-ed1a1a5ef1db-SegmentedRaftLogWorker:Storage Directory /workdir/hadoop-ozone/integration-test/target/test-dir/MiniOzoneClusterImpl-c79133c4-2f7a-4bec-a41b-f921d987c36a/datanode-0/data/ratis/6ad9de9f-b73a-4dc5-a5f6-511454a1b6d7 for RaftStorage:Storage Directory /workdir/hadoop-ozone/integration-test/target/test-dir/MiniOzoneClusterImpl-c79133c4-2f7a-4bec-a41b-f921d987c36a/datanode-0/data/ratis/6ad9de9f-b73a-4dc5-a5f6-511454a1b6d7
2019-09-12 10:09:22,233 [pool-80-thread-1] INFO  server.RaftServerConfigKeys (ConfUtils.java:logGet(43)) - raft.server.log.queue.byte-limit = 2147483647 (custom)
2019-09-12 10:09:22,233 [pool-80-thread-1] INFO  server.RaftServerConfigKeys (ConfUtils.java:logGet(43)) - raft.server.log.queue.element-limit = 1024 (custom)
2019-09-12 10:09:22,233 [pool-80-thread-1] INFO  server.RaftServerConfigKeys (ConfUtils.java:logGet(43)) - raft.server.log.segment.size.max = 1048576 (custom)
2019-09-12 10:09:22,234 [pool-80-thread-1] INFO  server.RaftServerConfigKeys (ConfUtils.java:logGet(43)) - raft.server.log.preallocated.size = 16384 (custom)
2019-09-12 10:09:22,234 [pool-80-thread-1] INFO  server.RaftServerConfigKeys (ConfUtils.java:logGet(43)) - raft.server.log.write.buffer.size = 33554432 (custom)
2019-09-12 10:09:22,234 [pool-80-thread-1] INFO  server.RaftServerConfigKeys (ConfUtils.java:logGet(43)) - raft.server.log.force.sync.num = 128 (default)
2019-09-12 10:09:22,234 [pool-80-thread-1] INFO  server.RaftServerConfigKeys (ConfUtils.java:logGet(43)) - raft.server.log.statemachine.data.sync = true (default)
2019-09-12 10:09:22,234 [pool-80-thread-1] INFO  server.RaftServerConfigKeys (ConfUtils.java:logGet(43)) - raft.server.log.statemachine.data.sync.timeout = 10s (default)
2019-09-12 10:09:22,234 [pool-80-thread-1] INFO  server.RaftServerConfigKeys (ConfUtils.java:logGet(43)) - raft.server.log.statemachine.data.sync.timeout.retry = -1 (default)
2019-09-12 10:09:22,234 [pool-80-thread-1] INFO  server.RaftServerConfigKeys (ConfUtils.java:logGet(43)) - raft.server.log.statemachine.data.caching.enabled = true (custom)
2019-09-12 10:09:22,235 [pool-80-thread-1] INFO  segmented.SegmentedRaftLogWorker (SegmentedRaftLogWorker.java:lambda$new$0(132)) - 569a82fb-ac21-4f02-a97c-ed1a1a5ef1db-SegmentedRaftLogWorker:Storage Directory /workdir/hadoop-ozone/integration-test/target/test-dir/MiniOzoneClusterImpl-c79133c4-2f7a-4bec-a41b-f921d987c36a/datanode-0/data/ratis/6ad9de9f-b73a-4dc5-a5f6-511454a1b6d7: flushIndex: setUnconditionally 0 -> -1
2019-09-12 10:09:22,235 [pool-80-thread-1] INFO  server.RaftServerConfigKeys (ConfUtils.java:logGet(43)) - raft.server.snapshot.auto.trigger.enabled = true (custom)
2019-09-12 10:09:22,235 [pool-80-thread-1] INFO  server.RaftServerConfigKeys (ConfUtils.java:logGet(43)) - raft.server.snapshot.auto.trigger.threshold = 10000 (custom)
2019-09-12 10:09:22,235 [pool-80-thread-1] INFO  server.RaftServerConfigKeys (ConfUtils.java:logGet(43)) - raft.server.retrycache.expirytime = 600000ms (custom)
2019-09-12 10:09:22,235 [pool-80-thread-1] INFO  impl.RaftServerImpl (RaftServerImpl.java:start(180)) - 569a82fb-ac21-4f02-a97c-ed1a1a5ef1db: start group-511454A1B6D7
2019-09-12 10:09:22,236 [pool-80-thread-1] INFO  impl.RaftServerImpl (RaftServerImpl.java:setRole(171)) - 569a82fb-ac21-4f02-a97c-ed1a1a5ef1db:group-511454A1B6D7 changes role from null to FOLLOWER at term 0 for startAsFollower
2019-09-12 10:09:22,236 [pool-80-thread-1] INFO  impl.RoleInfo (RoleInfo.java:updateAndGet(143)) - 569a82fb-ac21-4f02-a97c-ed1a1a5ef1db: start FollowerState
2019-09-12 10:09:22,236 [pool-80-thread-1] INFO  util.JmxRegister (JmxRegister.java:tryRegister(44)) - Successfully registered JMX Bean with object name Ratis:service=RaftServer,group=group-511454A1B6D7,id=569a82fb-ac21-4f02-a97c-ed1a1a5ef1db
2019-09-12 10:09:22,240 [RatisPipelineUtilsThread] INFO  pipeline.PipelineStateManager (PipelineStateManager.java:addPipeline(56)) - Created pipeline Pipeline[ Id: 6ad9de9f-b73a-4dc5-a5f6-511454a1b6d7, Nodes: 569a82fb-ac21-4f02-a97c-ed1a1a5ef1db{ip: 192.168.36.114, host: pr-hdds-1569-58hkm-1881083799, networkLocation: /default-rack, certSerialId: null}, Type:RATIS, Factor:ONE, State:OPEN]
2019-09-12 10:09:22,248 [grpc-default-executor-0] INFO  impl.RaftServerProxy (RaftServerProxy.java:addNew(89)) - ef4196d4-8feb-4e51-99d3-97d51bd0de8d: addNew group-BDA54B7FC435:[ef4196d4-8feb-4e51-99d3-97d51bd0de8d:192.168.36.114:39877] returns group-BDA54B7FC435:java.util.concurrent.CompletableFuture@1a546f76[Not completed]
2019-09-12 10:09:22,249 [pool-91-thread-1] INFO  impl.RaftServerImpl (RaftServerImpl.java:<init>(93)) - ef4196d4-8feb-4e51-99d3-97d51bd0de8d: new RaftServerImpl for group-BDA54B7FC435:[ef4196d4-8feb-4e51-99d3-97d51bd0de8d:192.168.36.114:39877] with ContainerStateMachine:uninitialized
2019-09-12 10:09:22,249 [pool-91-thread-1] INFO  server.RaftServerConfigKeys (ConfUtils.java:logGet(43)) - raft.server.rpc.timeout.min = 5s (custom)
2019-09-12 10:09:22,249 [pool-91-thread-1] INFO  server.RaftServerConfigKeys (ConfUtils.java:logGet(43)) - raft.server.rpc.timeout.max = 5200ms (custom)
2019-09-12 10:09:22,250 [pool-91-thread-1] INFO  server.RaftServerConfigKeys (ConfUtils.java:logGet(43)) - raft.server.rpcslowness.timeout = 120s (custom)
2019-09-12 10:09:22,250 [pool-91-thread-1] INFO  server.RaftServerConfigKeys (ConfUtils.java:logGet(43)) - raft.server.sleep.deviation.threshold = 300 (default)
2019-09-12 10:09:22,250 [pool-91-thread-1] INFO  server.RaftServerConfigKeys (ConfUtils.java:logGet(43)) - raft.server.log.appender.install.snapshot.enabled = false (custom)
2019-09-12 10:09:22,250 [pool-91-thread-1] INFO  impl.RaftServerImpl (ServerState.java:<init>(105)) - ef4196d4-8feb-4e51-99d3-97d51bd0de8d:group-BDA54B7FC435 ConfigurationManager, init=-1: [ef4196d4-8feb-4e51-99d3-97d51bd0de8d:192.168.36.114:39877], old=null, confs=<EMPTY_MAP>
2019-09-12 10:09:22,250 [pool-91-thread-1] INFO  server.RaftServerConfigKeys (ConfUtils.java:logGet(43)) - raft.server.storage.dir = [/workdir/hadoop-ozone/integration-test/target/test-dir/MiniOzoneClusterImpl-c79133c4-2f7a-4bec-a41b-f921d987c36a/datanode-1/data/ratis] (custom)
2019-09-12 10:09:22,250 [pool-91-thread-1] INFO  storage.RaftStorageDirectory (RaftStorageDirectory.java:analyzeStorage(246)) - The storage directory /workdir/hadoop-ozone/integration-test/target/test-dir/MiniOzoneClusterImpl-c79133c4-2f7a-4bec-a41b-f921d987c36a/datanode-1/data/ratis/85ed2f33-9997-4f07-a1eb-bda54b7fc435 does not exist. Creating ...
2019-09-12 10:09:22,263 [pool-91-thread-1] INFO  storage.RaftStorageDirectory (RaftStorageDirectory.java:tryLock(328)) - Lock on /workdir/hadoop-ozone/integration-test/target/test-dir/MiniOzoneClusterImpl-c79133c4-2f7a-4bec-a41b-f921d987c36a/datanode-1/data/ratis/85ed2f33-9997-4f07-a1eb-bda54b7fc435/in_use.lock acquired by nodename 2537@pr-hdds-1569-58hkm-1881083799
2019-09-12 10:09:22,264 [IPC Server handler 2 on 33859] INFO  net.NetworkTopology (NetworkTopologyImpl.java:add(110)) - Added a new node: /default-rack/90fef4f2-0b30-45ed-8418-ad54fddc73e7
2019-09-12 10:09:22,264 [IPC Server handler 2 on 33859] INFO  node.SCMNodeManager (SCMNodeManager.java:register(273)) - Registered Data node : 90fef4f2-0b30-45ed-8418-ad54fddc73e7{ip: 192.168.36.114, host: pr-hdds-1569-58hkm-1881083799, networkLocation: /default-rack, certSerialId: null}
2019-09-12 10:09:22,264 | INFO  | SCMAudit | user=jenkins1000 | ip=192.168.36.114 | op=REGISTER {datanodeDetails=90fef4f2-0b30-45ed-8418-ad54fddc73e7{ip: 192.168.36.114, host: pr-hdds-1569-58hkm-1881083799, networkLocation: /default-rack, certSerialId: null}} | ret=SUCCESS |  
2019-09-12 10:09:22,271 [main] INFO  ozone.MiniOzoneClusterImpl (MiniOzoneClusterImpl.java:lambda$waitForClusterToBeReady$0(142)) - Cluster is ready. Got 3 of 3 DN Heartbeats.
2019-09-12 10:09:22,276 [pool-91-thread-1] INFO  storage.RaftStorage (RaftStorage.java:format(72)) - Storage directory /workdir/hadoop-ozone/integration-test/target/test-dir/MiniOzoneClusterImpl-c79133c4-2f7a-4bec-a41b-f921d987c36a/datanode-1/data/ratis/85ed2f33-9997-4f07-a1eb-bda54b7fc435 has been successfully formatted.
2019-09-12 10:09:22,277 [pool-91-thread-1] INFO  ratis.ContainerStateMachine (ContainerStateMachine.java:loadSnapshot(226)) - group-BDA54B7FC435: The snapshot info is null. Setting the last applied indexto:(t:0, i:~)
2019-09-12 10:09:22,277 [pool-91-thread-1] INFO  server.RaftServerConfigKeys (ConfUtils.java:logGet(43)) - raft.server.leader.election.timeout = 120s (custom)
2019-09-12 10:09:22,277 [pool-91-thread-1] INFO  server.RaftServerConfigKeys (ConfUtils.java:logGet(43)) - raft.server.log.use.memory = false (default)
2019-09-12 10:09:22,277 [pool-91-thread-1] INFO  server.RaftServerConfigKeys (ConfUtils.java:logGet(43)) - raft.server.log.purge.gap = 1000000 (custom)
2019-09-12 10:09:22,277 [pool-91-thread-1] INFO  server.RaftServerConfigKeys (ConfUtils.java:logGet(43)) - raft.server.log.appender.buffer.byte-limit = 33554432 (custom)
2019-09-12 10:09:22,277 [pool-91-thread-1] INFO  server.RaftServerConfigKeys (ConfUtils.java:logGet(43)) - raft.server.log.segment.size.max = 1048576 (custom)
2019-09-12 10:09:22,277 [pool-91-thread-1] INFO  server.RaftServerConfigKeys (ConfUtils.java:logGet(43)) - raft.server.log.segment.cache.num.max = 2 (custom)
2019-09-12 10:09:22,277 [pool-91-thread-1] INFO  segmented.SegmentedRaftLogWorker (SegmentedRaftLogWorker.java:<init>(172)) - new ef4196d4-8feb-4e51-99d3-97d51bd0de8d-SegmentedRaftLogWorker:Storage Directory /workdir/hadoop-ozone/integration-test/target/test-dir/MiniOzoneClusterImpl-c79133c4-2f7a-4bec-a41b-f921d987c36a/datanode-1/data/ratis/85ed2f33-9997-4f07-a1eb-bda54b7fc435 for RaftStorage:Storage Directory /workdir/hadoop-ozone/integration-test/target/test-dir/MiniOzoneClusterImpl-c79133c4-2f7a-4bec-a41b-f921d987c36a/datanode-1/data/ratis/85ed2f33-9997-4f07-a1eb-bda54b7fc435
2019-09-12 10:09:22,278 [pool-91-thread-1] INFO  server.RaftServerConfigKeys (ConfUtils.java:logGet(43)) - raft.server.log.queue.byte-limit = 2147483647 (custom)
2019-09-12 10:09:22,278 [pool-91-thread-1] INFO  server.RaftServerConfigKeys (ConfUtils.java:logGet(43)) - raft.server.log.queue.element-limit = 1024 (custom)
2019-09-12 10:09:22,278 [pool-91-thread-1] INFO  server.RaftServerConfigKeys (ConfUtils.java:logGet(43)) - raft.server.log.segment.size.max = 1048576 (custom)
2019-09-12 10:09:22,278 [pool-91-thread-1] INFO  server.RaftServerConfigKeys (ConfUtils.java:logGet(43)) - raft.server.log.preallocated.size = 16384 (custom)
2019-09-12 10:09:22,278 [pool-91-thread-1] INFO  server.RaftServerConfigKeys (ConfUtils.java:logGet(43)) - raft.server.log.write.buffer.size = 33554432 (custom)
2019-09-12 10:09:22,278 [pool-91-thread-1] INFO  server.RaftServerConfigKeys (ConfUtils.java:logGet(43)) - raft.server.log.force.sync.num = 128 (default)
2019-09-12 10:09:22,278 [pool-91-thread-1] INFO  server.RaftServerConfigKeys (ConfUtils.java:logGet(43)) - raft.server.log.statemachine.data.sync = true (default)
2019-09-12 10:09:22,278 [pool-91-thread-1] INFO  server.RaftServerConfigKeys (ConfUtils.java:logGet(43)) - raft.server.log.statemachine.data.sync.timeout = 10s (default)
2019-09-12 10:09:22,278 [pool-91-thread-1] INFO  server.RaftServerConfigKeys (ConfUtils.java:logGet(43)) - raft.server.log.statemachine.data.sync.timeout.retry = -1 (default)
2019-09-12 10:09:22,279 [pool-91-thread-1] INFO  server.RaftServerConfigKeys (ConfUtils.java:logGet(43)) - raft.server.log.statemachine.data.caching.enabled = true (custom)
2019-09-12 10:09:22,279 [pool-91-thread-1] INFO  segmented.SegmentedRaftLogWorker (SegmentedRaftLogWorker.java:lambda$new$0(132)) - ef4196d4-8feb-4e51-99d3-97d51bd0de8d-SegmentedRaftLogWorker:Storage Directory /workdir/hadoop-ozone/integration-test/target/test-dir/MiniOzoneClusterImpl-c79133c4-2f7a-4bec-a41b-f921d987c36a/datanode-1/data/ratis/85ed2f33-9997-4f07-a1eb-bda54b7fc435: flushIndex: setUnconditionally 0 -> -1
2019-09-12 10:09:22,279 [pool-91-thread-1] INFO  server.RaftServerConfigKeys (ConfUtils.java:logGet(43)) - raft.server.snapshot.auto.trigger.enabled = true (custom)
2019-09-12 10:09:22,279 [pool-91-thread-1] INFO  server.RaftServerConfigKeys (ConfUtils.java:logGet(43)) - raft.server.snapshot.auto.trigger.threshold = 10000 (custom)
2019-09-12 10:09:22,279 [pool-91-thread-1] INFO  server.RaftServerConfigKeys (ConfUtils.java:logGet(43)) - raft.server.retrycache.expirytime = 600000ms (custom)
2019-09-12 10:09:22,279 [pool-91-thread-1] INFO  impl.RaftServerImpl (RaftServerImpl.java:start(180)) - ef4196d4-8feb-4e51-99d3-97d51bd0de8d: start group-BDA54B7FC435
2019-09-12 10:09:22,280 [pool-91-thread-1] INFO  impl.RaftServerImpl (RaftServerImpl.java:setRole(171)) - ef4196d4-8feb-4e51-99d3-97d51bd0de8d:group-BDA54B7FC435 changes role from null to FOLLOWER at term 0 for startAsFollower
2019-09-12 10:09:22,280 [pool-91-thread-1] INFO  impl.RoleInfo (RoleInfo.java:updateAndGet(143)) - ef4196d4-8feb-4e51-99d3-97d51bd0de8d: start FollowerState
2019-09-12 10:09:22,280 [pool-91-thread-1] INFO  util.JmxRegister (JmxRegister.java:tryRegister(44)) - Successfully registered JMX Bean with object name Ratis:service=RaftServer,group=group-BDA54B7FC435,id=ef4196d4-8feb-4e51-99d3-97d51bd0de8d
2019-09-12 10:09:22,284 [RatisPipelineUtilsThread] INFO  pipeline.PipelineStateManager (PipelineStateManager.java:addPipeline(56)) - Created pipeline Pipeline[ Id: 85ed2f33-9997-4f07-a1eb-bda54b7fc435, Nodes: ef4196d4-8feb-4e51-99d3-97d51bd0de8d{ip: 192.168.36.114, host: pr-hdds-1569-58hkm-1881083799, networkLocation: /default-rack, certSerialId: null}, Type:RATIS, Factor:ONE, State:OPEN]
2019-09-12 10:09:22,291 [grpc-default-executor-0] INFO  impl.RaftServerProxy (RaftServerProxy.java:addNew(89)) - ef4196d4-8feb-4e51-99d3-97d51bd0de8d: addNew group-C2A2170C5C6F:[ef4196d4-8feb-4e51-99d3-97d51bd0de8d:192.168.36.114:39877] returns group-C2A2170C5C6F:java.util.concurrent.CompletableFuture@194336c4[Not completed]
2019-09-12 10:09:22,293 [pool-91-thread-1] INFO  impl.RaftServerImpl (RaftServerImpl.java:<init>(93)) - ef4196d4-8feb-4e51-99d3-97d51bd0de8d: new RaftServerImpl for group-C2A2170C5C6F:[ef4196d4-8feb-4e51-99d3-97d51bd0de8d:192.168.36.114:39877] with ContainerStateMachine:uninitialized
2019-09-12 10:09:22,293 [pool-91-thread-1] INFO  server.RaftServerConfigKeys (ConfUtils.java:logGet(43)) - raft.server.rpc.timeout.min = 5s (custom)
2019-09-12 10:09:22,293 [pool-91-thread-1] INFO  server.RaftServerConfigKeys (ConfUtils.java:logGet(43)) - raft.server.rpc.timeout.max = 5200ms (custom)
2019-09-12 10:09:22,293 [pool-91-thread-1] INFO  server.RaftServerConfigKeys (ConfUtils.java:logGet(43)) - raft.server.rpcslowness.timeout = 120s (custom)
2019-09-12 10:09:22,293 [pool-91-thread-1] INFO  server.RaftServerConfigKeys (ConfUtils.java:logGet(43)) - raft.server.sleep.deviation.threshold = 300 (default)
2019-09-12 10:09:22,293 [pool-91-thread-1] INFO  server.RaftServerConfigKeys (ConfUtils.java:logGet(43)) - raft.server.log.appender.install.snapshot.enabled = false (custom)
2019-09-12 10:09:22,294 [pool-91-thread-1] INFO  impl.RaftServerImpl (ServerState.java:<init>(105)) - ef4196d4-8feb-4e51-99d3-97d51bd0de8d:group-C2A2170C5C6F ConfigurationManager, init=-1: [ef4196d4-8feb-4e51-99d3-97d51bd0de8d:192.168.36.114:39877], old=null, confs=<EMPTY_MAP>
2019-09-12 10:09:22,294 [pool-91-thread-1] INFO  server.RaftServerConfigKeys (ConfUtils.java:logGet(43)) - raft.server.storage.dir = [/workdir/hadoop-ozone/integration-test/target/test-dir/MiniOzoneClusterImpl-c79133c4-2f7a-4bec-a41b-f921d987c36a/datanode-1/data/ratis] (custom)
2019-09-12 10:09:22,294 [pool-91-thread-1] INFO  storage.RaftStorageDirectory (RaftStorageDirectory.java:analyzeStorage(246)) - The storage directory /workdir/hadoop-ozone/integration-test/target/test-dir/MiniOzoneClusterImpl-c79133c4-2f7a-4bec-a41b-f921d987c36a/datanode-1/data/ratis/fb8529e5-c150-4222-b682-c2a2170c5c6f does not exist. Creating ...
2019-09-12 10:09:22,307 [pool-91-thread-1] INFO  storage.RaftStorageDirectory (RaftStorageDirectory.java:tryLock(328)) - Lock on /workdir/hadoop-ozone/integration-test/target/test-dir/MiniOzoneClusterImpl-c79133c4-2f7a-4bec-a41b-f921d987c36a/datanode-1/data/ratis/fb8529e5-c150-4222-b682-c2a2170c5c6f/in_use.lock acquired by nodename 2537@pr-hdds-1569-58hkm-1881083799
2019-09-12 10:09:22,320 [pool-91-thread-1] INFO  storage.RaftStorage (RaftStorage.java:format(72)) - Storage directory /workdir/hadoop-ozone/integration-test/target/test-dir/MiniOzoneClusterImpl-c79133c4-2f7a-4bec-a41b-f921d987c36a/datanode-1/data/ratis/fb8529e5-c150-4222-b682-c2a2170c5c6f has been successfully formatted.
2019-09-12 10:09:22,320 [pool-91-thread-1] INFO  ratis.ContainerStateMachine (ContainerStateMachine.java:loadSnapshot(226)) - group-C2A2170C5C6F: The snapshot info is null. Setting the last applied indexto:(t:0, i:~)
2019-09-12 10:09:22,320 [pool-91-thread-1] INFO  server.RaftServerConfigKeys (ConfUtils.java:logGet(43)) - raft.server.leader.election.timeout = 120s (custom)
2019-09-12 10:09:22,320 [pool-91-thread-1] INFO  server.RaftServerConfigKeys (ConfUtils.java:logGet(43)) - raft.server.log.use.memory = false (default)
2019-09-12 10:09:22,321 [pool-91-thread-1] INFO  server.RaftServerConfigKeys (ConfUtils.java:logGet(43)) - raft.server.log.purge.gap = 1000000 (custom)
2019-09-12 10:09:22,321 [pool-91-thread-1] INFO  server.RaftServerConfigKeys (ConfUtils.java:logGet(43)) - raft.server.log.appender.buffer.byte-limit = 33554432 (custom)
2019-09-12 10:09:22,321 [pool-91-thread-1] INFO  server.RaftServerConfigKeys (ConfUtils.java:logGet(43)) - raft.server.log.segment.size.max = 1048576 (custom)
2019-09-12 10:09:22,321 [pool-91-thread-1] INFO  server.RaftServerConfigKeys (ConfUtils.java:logGet(43)) - raft.server.log.segment.cache.num.max = 2 (custom)
2019-09-12 10:09:22,321 [pool-91-thread-1] INFO  segmented.SegmentedRaftLogWorker (SegmentedRaftLogWorker.java:<init>(172)) - new ef4196d4-8feb-4e51-99d3-97d51bd0de8d-SegmentedRaftLogWorker:Storage Directory /workdir/hadoop-ozone/integration-test/target/test-dir/MiniOzoneClusterImpl-c79133c4-2f7a-4bec-a41b-f921d987c36a/datanode-1/data/ratis/fb8529e5-c150-4222-b682-c2a2170c5c6f for RaftStorage:Storage Directory /workdir/hadoop-ozone/integration-test/target/test-dir/MiniOzoneClusterImpl-c79133c4-2f7a-4bec-a41b-f921d987c36a/datanode-1/data/ratis/fb8529e5-c150-4222-b682-c2a2170c5c6f
2019-09-12 10:09:22,321 [pool-91-thread-1] INFO  server.RaftServerConfigKeys (ConfUtils.java:logGet(43)) - raft.server.log.queue.byte-limit = 2147483647 (custom)
2019-09-12 10:09:22,321 [pool-91-thread-1] INFO  server.RaftServerConfigKeys (ConfUtils.java:logGet(43)) - raft.server.log.queue.element-limit = 1024 (custom)
2019-09-12 10:09:22,321 [pool-91-thread-1] INFO  server.RaftServerConfigKeys (ConfUtils.java:logGet(43)) - raft.server.log.segment.size.max = 1048576 (custom)
2019-09-12 10:09:22,321 [pool-91-thread-1] INFO  server.RaftServerConfigKeys (ConfUtils.java:logGet(43)) - raft.server.log.preallocated.size = 16384 (custom)
2019-09-12 10:09:22,322 [pool-91-thread-1] INFO  server.RaftServerConfigKeys (ConfUtils.java:logGet(43)) - raft.server.log.write.buffer.size = 33554432 (custom)
2019-09-12 10:09:22,322 [pool-91-thread-1] INFO  server.RaftServerConfigKeys (ConfUtils.java:logGet(43)) - raft.server.log.force.sync.num = 128 (default)
2019-09-12 10:09:22,322 [pool-91-thread-1] INFO  server.RaftServerConfigKeys (ConfUtils.java:logGet(43)) - raft.server.log.statemachine.data.sync = true (default)
2019-09-12 10:09:22,322 [pool-91-thread-1] INFO  server.RaftServerConfigKeys (ConfUtils.java:logGet(43)) - raft.server.log.statemachine.data.sync.timeout = 10s (default)
2019-09-12 10:09:22,322 [pool-91-thread-1] INFO  server.RaftServerConfigKeys (ConfUtils.java:logGet(43)) - raft.server.log.statemachine.data.sync.timeout.retry = -1 (default)
2019-09-12 10:09:22,322 [pool-91-thread-1] INFO  server.RaftServerConfigKeys (ConfUtils.java:logGet(43)) - raft.server.log.statemachine.data.caching.enabled = true (custom)
2019-09-12 10:09:22,322 [pool-91-thread-1] INFO  segmented.SegmentedRaftLogWorker (SegmentedRaftLogWorker.java:lambda$new$0(132)) - ef4196d4-8feb-4e51-99d3-97d51bd0de8d-SegmentedRaftLogWorker:Storage Directory /workdir/hadoop-ozone/integration-test/target/test-dir/MiniOzoneClusterImpl-c79133c4-2f7a-4bec-a41b-f921d987c36a/datanode-1/data/ratis/fb8529e5-c150-4222-b682-c2a2170c5c6f: flushIndex: setUnconditionally 0 -> -1
2019-09-12 10:09:22,323 [pool-91-thread-1] INFO  server.RaftServerConfigKeys (ConfUtils.java:logGet(43)) - raft.server.snapshot.auto.trigger.enabled = true (custom)
2019-09-12 10:09:22,323 [pool-91-thread-1] INFO  server.RaftServerConfigKeys (ConfUtils.java:logGet(43)) - raft.server.snapshot.auto.trigger.threshold = 10000 (custom)
2019-09-12 10:09:22,323 [pool-91-thread-1] INFO  server.RaftServerConfigKeys (ConfUtils.java:logGet(43)) - raft.server.retrycache.expirytime = 600000ms (custom)
2019-09-12 10:09:22,323 [pool-91-thread-1] INFO  impl.RaftServerImpl (RaftServerImpl.java:start(180)) - ef4196d4-8feb-4e51-99d3-97d51bd0de8d: start group-C2A2170C5C6F
2019-09-12 10:09:22,323 [pool-91-thread-1] INFO  impl.RaftServerImpl (RaftServerImpl.java:setRole(171)) - ef4196d4-8feb-4e51-99d3-97d51bd0de8d:group-C2A2170C5C6F changes role from null to FOLLOWER at term 0 for startAsFollower
2019-09-12 10:09:22,323 [pool-91-thread-1] INFO  impl.RoleInfo (RoleInfo.java:updateAndGet(143)) - ef4196d4-8feb-4e51-99d3-97d51bd0de8d: start FollowerState
2019-09-12 10:09:22,324 [pool-91-thread-1] INFO  util.JmxRegister (JmxRegister.java:tryRegister(44)) - Successfully registered JMX Bean with object name Ratis:service=RaftServer,group=group-C2A2170C5C6F,id=ef4196d4-8feb-4e51-99d3-97d51bd0de8d
2019-09-12 10:09:22,327 [RatisPipelineUtilsThread] INFO  pipeline.PipelineStateManager (PipelineStateManager.java:addPipeline(56)) - Created pipeline Pipeline[ Id: fb8529e5-c150-4222-b682-c2a2170c5c6f, Nodes: ef4196d4-8feb-4e51-99d3-97d51bd0de8d{ip: 192.168.36.114, host: pr-hdds-1569-58hkm-1881083799, networkLocation: /default-rack, certSerialId: null}, Type:RATIS, Factor:ONE, State:OPEN]
2019-09-12 10:09:22,334 [grpc-default-executor-0] INFO  impl.RaftServerProxy (RaftServerProxy.java:addNew(89)) - 569a82fb-ac21-4f02-a97c-ed1a1a5ef1db: addNew group-7FE3C9B30DA4:[569a82fb-ac21-4f02-a97c-ed1a1a5ef1db:192.168.36.114:35247] returns group-7FE3C9B30DA4:java.util.concurrent.CompletableFuture@457978ae[Not completed]
2019-09-12 10:09:22,335 [pool-80-thread-1] INFO  impl.RaftServerImpl (RaftServerImpl.java:<init>(93)) - 569a82fb-ac21-4f02-a97c-ed1a1a5ef1db: new RaftServerImpl for group-7FE3C9B30DA4:[569a82fb-ac21-4f02-a97c-ed1a1a5ef1db:192.168.36.114:35247] with ContainerStateMachine:uninitialized
2019-09-12 10:09:22,336 [pool-80-thread-1] INFO  server.RaftServerConfigKeys (ConfUtils.java:logGet(43)) - raft.server.rpc.timeout.min = 5s (custom)
2019-09-12 10:09:22,336 [pool-80-thread-1] INFO  server.RaftServerConfigKeys (ConfUtils.java:logGet(43)) - raft.server.rpc.timeout.max = 5200ms (custom)
2019-09-12 10:09:22,336 [pool-80-thread-1] INFO  server.RaftServerConfigKeys (ConfUtils.java:logGet(43)) - raft.server.rpcslowness.timeout = 120s (custom)
2019-09-12 10:09:22,336 [pool-80-thread-1] INFO  server.RaftServerConfigKeys (ConfUtils.java:logGet(43)) - raft.server.sleep.deviation.threshold = 300 (default)
2019-09-12 10:09:22,336 [pool-80-thread-1] INFO  server.RaftServerConfigKeys (ConfUtils.java:logGet(43)) - raft.server.log.appender.install.snapshot.enabled = false (custom)
2019-09-12 10:09:22,336 [pool-80-thread-1] INFO  impl.RaftServerImpl (ServerState.java:<init>(105)) - 569a82fb-ac21-4f02-a97c-ed1a1a5ef1db:group-7FE3C9B30DA4 ConfigurationManager, init=-1: [569a82fb-ac21-4f02-a97c-ed1a1a5ef1db:192.168.36.114:35247], old=null, confs=<EMPTY_MAP>
2019-09-12 10:09:22,336 [pool-80-thread-1] INFO  server.RaftServerConfigKeys (ConfUtils.java:logGet(43)) - raft.server.storage.dir = [/workdir/hadoop-ozone/integration-test/target/test-dir/MiniOzoneClusterImpl-c79133c4-2f7a-4bec-a41b-f921d987c36a/datanode-0/data/ratis] (custom)
2019-09-12 10:09:22,337 [pool-80-thread-1] INFO  storage.RaftStorageDirectory (RaftStorageDirectory.java:analyzeStorage(246)) - The storage directory /workdir/hadoop-ozone/integration-test/target/test-dir/MiniOzoneClusterImpl-c79133c4-2f7a-4bec-a41b-f921d987c36a/datanode-0/data/ratis/e9f22de3-0475-4569-82de-7fe3c9b30da4 does not exist. Creating ...
2019-09-12 10:09:22,349 [pool-80-thread-1] INFO  storage.RaftStorageDirectory (RaftStorageDirectory.java:tryLock(328)) - Lock on /workdir/hadoop-ozone/integration-test/target/test-dir/MiniOzoneClusterImpl-c79133c4-2f7a-4bec-a41b-f921d987c36a/datanode-0/data/ratis/e9f22de3-0475-4569-82de-7fe3c9b30da4/in_use.lock acquired by nodename 2537@pr-hdds-1569-58hkm-1881083799
2019-09-12 10:09:22,362 [pool-80-thread-1] INFO  storage.RaftStorage (RaftStorage.java:format(72)) - Storage directory /workdir/hadoop-ozone/integration-test/target/test-dir/MiniOzoneClusterImpl-c79133c4-2f7a-4bec-a41b-f921d987c36a/datanode-0/data/ratis/e9f22de3-0475-4569-82de-7fe3c9b30da4 has been successfully formatted.
2019-09-12 10:09:22,362 [pool-80-thread-1] INFO  ratis.ContainerStateMachine (ContainerStateMachine.java:loadSnapshot(226)) - group-7FE3C9B30DA4: The snapshot info is null. Setting the last applied indexto:(t:0, i:~)
2019-09-12 10:09:22,363 [pool-80-thread-1] INFO  server.RaftServerConfigKeys (ConfUtils.java:logGet(43)) - raft.server.leader.election.timeout = 120s (custom)
2019-09-12 10:09:22,363 [pool-80-thread-1] INFO  server.RaftServerConfigKeys (ConfUtils.java:logGet(43)) - raft.server.log.use.memory = false (default)
2019-09-12 10:09:22,363 [pool-80-thread-1] INFO  server.RaftServerConfigKeys (ConfUtils.java:logGet(43)) - raft.server.log.purge.gap = 1000000 (custom)
2019-09-12 10:09:22,363 [pool-80-thread-1] INFO  server.RaftServerConfigKeys (ConfUtils.java:logGet(43)) - raft.server.log.appender.buffer.byte-limit = 33554432 (custom)
2019-09-12 10:09:22,363 [pool-80-thread-1] INFO  server.RaftServerConfigKeys (ConfUtils.java:logGet(43)) - raft.server.log.segment.size.max = 1048576 (custom)
2019-09-12 10:09:22,363 [pool-80-thread-1] INFO  server.RaftServerConfigKeys (ConfUtils.java:logGet(43)) - raft.server.log.segment.cache.num.max = 2 (custom)
2019-09-12 10:09:22,363 [pool-80-thread-1] INFO  segmented.SegmentedRaftLogWorker (SegmentedRaftLogWorker.java:<init>(172)) - new 569a82fb-ac21-4f02-a97c-ed1a1a5ef1db-SegmentedRaftLogWorker:Storage Directory /workdir/hadoop-ozone/integration-test/target/test-dir/MiniOzoneClusterImpl-c79133c4-2f7a-4bec-a41b-f921d987c36a/datanode-0/data/ratis/e9f22de3-0475-4569-82de-7fe3c9b30da4 for RaftStorage:Storage Directory /workdir/hadoop-ozone/integration-test/target/test-dir/MiniOzoneClusterImpl-c79133c4-2f7a-4bec-a41b-f921d987c36a/datanode-0/data/ratis/e9f22de3-0475-4569-82de-7fe3c9b30da4
2019-09-12 10:09:22,363 [pool-80-thread-1] INFO  server.RaftServerConfigKeys (ConfUtils.java:logGet(43)) - raft.server.log.queue.byte-limit = 2147483647 (custom)
2019-09-12 10:09:22,363 [pool-80-thread-1] INFO  server.RaftServerConfigKeys (ConfUtils.java:logGet(43)) - raft.server.log.queue.element-limit = 1024 (custom)
2019-09-12 10:09:22,364 [pool-80-thread-1] INFO  server.RaftServerConfigKeys (ConfUtils.java:logGet(43)) - raft.server.log.segment.size.max = 1048576 (custom)
2019-09-12 10:09:22,364 [pool-80-thread-1] INFO  server.RaftServerConfigKeys (ConfUtils.java:logGet(43)) - raft.server.log.preallocated.size = 16384 (custom)
2019-09-12 10:09:22,364 [pool-80-thread-1] INFO  server.RaftServerConfigKeys (ConfUtils.java:logGet(43)) - raft.server.log.write.buffer.size = 33554432 (custom)
2019-09-12 10:09:22,364 [pool-80-thread-1] INFO  server.RaftServerConfigKeys (ConfUtils.java:logGet(43)) - raft.server.log.force.sync.num = 128 (default)
2019-09-12 10:09:22,364 [pool-80-thread-1] INFO  server.RaftServerConfigKeys (ConfUtils.java:logGet(43)) - raft.server.log.statemachine.data.sync = true (default)
2019-09-12 10:09:22,364 [pool-80-thread-1] INFO  server.RaftServerConfigKeys (ConfUtils.java:logGet(43)) - raft.server.log.statemachine.data.sync.timeout = 10s (default)
2019-09-12 10:09:22,364 [pool-80-thread-1] INFO  server.RaftServerConfigKeys (ConfUtils.java:logGet(43)) - raft.server.log.statemachine.data.sync.timeout.retry = -1 (default)
2019-09-12 10:09:22,364 [pool-80-thread-1] INFO  server.RaftServerConfigKeys (ConfUtils.java:logGet(43)) - raft.server.log.statemachine.data.caching.enabled = true (custom)
2019-09-12 10:09:22,365 [pool-80-thread-1] INFO  segmented.SegmentedRaftLogWorker (SegmentedRaftLogWorker.java:lambda$new$0(132)) - 569a82fb-ac21-4f02-a97c-ed1a1a5ef1db-SegmentedRaftLogWorker:Storage Directory /workdir/hadoop-ozone/integration-test/target/test-dir/MiniOzoneClusterImpl-c79133c4-2f7a-4bec-a41b-f921d987c36a/datanode-0/data/ratis/e9f22de3-0475-4569-82de-7fe3c9b30da4: flushIndex: setUnconditionally 0 -> -1
2019-09-12 10:09:22,365 [pool-80-thread-1] INFO  server.RaftServerConfigKeys (ConfUtils.java:logGet(43)) - raft.server.snapshot.auto.trigger.enabled = true (custom)
2019-09-12 10:09:22,365 [pool-80-thread-1] INFO  server.RaftServerConfigKeys (ConfUtils.java:logGet(43)) - raft.server.snapshot.auto.trigger.threshold = 10000 (custom)
2019-09-12 10:09:22,365 [pool-80-thread-1] INFO  server.RaftServerConfigKeys (ConfUtils.java:logGet(43)) - raft.server.retrycache.expirytime = 600000ms (custom)
2019-09-12 10:09:22,365 [pool-80-thread-1] INFO  impl.RaftServerImpl (RaftServerImpl.java:start(180)) - 569a82fb-ac21-4f02-a97c-ed1a1a5ef1db: start group-7FE3C9B30DA4
2019-09-12 10:09:22,365 [pool-80-thread-1] INFO  impl.RaftServerImpl (RaftServerImpl.java:setRole(171)) - 569a82fb-ac21-4f02-a97c-ed1a1a5ef1db:group-7FE3C9B30DA4 changes role from null to FOLLOWER at term 0 for startAsFollower
2019-09-12 10:09:22,366 [pool-80-thread-1] INFO  impl.RoleInfo (RoleInfo.java:updateAndGet(143)) - 569a82fb-ac21-4f02-a97c-ed1a1a5ef1db: start FollowerState
2019-09-12 10:09:22,366 [pool-80-thread-1] INFO  util.JmxRegister (JmxRegister.java:tryRegister(44)) - Successfully registered JMX Bean with object name Ratis:service=RaftServer,group=group-7FE3C9B30DA4,id=569a82fb-ac21-4f02-a97c-ed1a1a5ef1db
2019-09-12 10:09:22,370 [RatisPipelineUtilsThread] INFO  pipeline.PipelineStateManager (PipelineStateManager.java:addPipeline(56)) - Created pipeline Pipeline[ Id: e9f22de3-0475-4569-82de-7fe3c9b30da4, Nodes: 569a82fb-ac21-4f02-a97c-ed1a1a5ef1db{ip: 192.168.36.114, host: pr-hdds-1569-58hkm-1881083799, networkLocation: /default-rack, certSerialId: null}, Type:RATIS, Factor:ONE, State:OPEN]
2019-09-12 10:09:22,371 [RatisPipelineUtilsThread] ERROR pipeline.PipelinePlacementPolicy (PipelinePlacementPolicy.java:meetCriteria(92)) - Pipeline Placement: Doesn't meet the criteria to be viable node. Heaviness: 6
2019-09-12 10:09:22,383 [grpc-default-executor-0] INFO  impl.RaftServerProxy (RaftServerProxy.java:addNew(89)) - 90fef4f2-0b30-45ed-8418-ad54fddc73e7: addNew group-4FC07CFEA5DC:[90fef4f2-0b30-45ed-8418-ad54fddc73e7:192.168.36.114:44121] returns group-4FC07CFEA5DC:java.util.concurrent.CompletableFuture@6995e72f[Not completed]
2019-09-12 10:09:22,384 [pool-102-thread-1] INFO  impl.RaftServerImpl (RaftServerImpl.java:<init>(93)) - 90fef4f2-0b30-45ed-8418-ad54fddc73e7: new RaftServerImpl for group-4FC07CFEA5DC:[90fef4f2-0b30-45ed-8418-ad54fddc73e7:192.168.36.114:44121] with ContainerStateMachine:uninitialized
2019-09-12 10:09:22,385 [pool-102-thread-1] INFO  server.RaftServerConfigKeys (ConfUtils.java:logGet(43)) - raft.server.rpc.timeout.min = 5s (custom)
2019-09-12 10:09:22,385 [pool-102-thread-1] INFO  server.RaftServerConfigKeys (ConfUtils.java:logGet(43)) - raft.server.rpc.timeout.max = 5200ms (custom)
2019-09-12 10:09:22,385 [pool-102-thread-1] INFO  server.RaftServerConfigKeys (ConfUtils.java:logGet(43)) - raft.server.rpcslowness.timeout = 120s (custom)
2019-09-12 10:09:22,385 [pool-102-thread-1] INFO  server.RaftServerConfigKeys (ConfUtils.java:logGet(43)) - raft.server.sleep.deviation.threshold = 300 (default)
2019-09-12 10:09:22,386 [pool-102-thread-1] INFO  server.RaftServerConfigKeys (ConfUtils.java:logGet(43)) - raft.server.log.appender.install.snapshot.enabled = false (custom)
2019-09-12 10:09:22,386 [pool-102-thread-1] INFO  impl.RaftServerImpl (ServerState.java:<init>(105)) - 90fef4f2-0b30-45ed-8418-ad54fddc73e7:group-4FC07CFEA5DC ConfigurationManager, init=-1: [90fef4f2-0b30-45ed-8418-ad54fddc73e7:192.168.36.114:44121], old=null, confs=<EMPTY_MAP>
2019-09-12 10:09:22,386 [pool-102-thread-1] INFO  server.RaftServerConfigKeys (ConfUtils.java:logGet(43)) - raft.server.storage.dir = [/workdir/hadoop-ozone/integration-test/target/test-dir/MiniOzoneClusterImpl-c79133c4-2f7a-4bec-a41b-f921d987c36a/datanode-2/data/ratis] (custom)
2019-09-12 10:09:22,386 [pool-102-thread-1] INFO  storage.RaftStorageDirectory (RaftStorageDirectory.java:analyzeStorage(246)) - The storage directory /workdir/hadoop-ozone/integration-test/target/test-dir/MiniOzoneClusterImpl-c79133c4-2f7a-4bec-a41b-f921d987c36a/datanode-2/data/ratis/33588200-8f98-4947-8d74-4fc07cfea5dc does not exist. Creating ...
2019-09-12 10:09:22,399 [pool-102-thread-1] INFO  storage.RaftStorageDirectory (RaftStorageDirectory.java:tryLock(328)) - Lock on /workdir/hadoop-ozone/integration-test/target/test-dir/MiniOzoneClusterImpl-c79133c4-2f7a-4bec-a41b-f921d987c36a/datanode-2/data/ratis/33588200-8f98-4947-8d74-4fc07cfea5dc/in_use.lock acquired by nodename 2537@pr-hdds-1569-58hkm-1881083799
2019-09-12 10:09:22,411 [pool-102-thread-1] INFO  storage.RaftStorage (RaftStorage.java:format(72)) - Storage directory /workdir/hadoop-ozone/integration-test/target/test-dir/MiniOzoneClusterImpl-c79133c4-2f7a-4bec-a41b-f921d987c36a/datanode-2/data/ratis/33588200-8f98-4947-8d74-4fc07cfea5dc has been successfully formatted.
2019-09-12 10:09:22,412 [pool-102-thread-1] INFO  ratis.ContainerStateMachine (ContainerStateMachine.java:loadSnapshot(226)) - group-4FC07CFEA5DC: The snapshot info is null. Setting the last applied indexto:(t:0, i:~)
2019-09-12 10:09:22,412 [pool-102-thread-1] INFO  server.RaftServerConfigKeys (ConfUtils.java:logGet(43)) - raft.server.leader.election.timeout = 120s (custom)
2019-09-12 10:09:22,412 [pool-102-thread-1] INFO  server.RaftServerConfigKeys (ConfUtils.java:logGet(43)) - raft.server.log.use.memory = false (default)
2019-09-12 10:09:22,412 [pool-102-thread-1] INFO  server.RaftServerConfigKeys (ConfUtils.java:logGet(43)) - raft.server.log.purge.gap = 1000000 (custom)
2019-09-12 10:09:22,412 [pool-102-thread-1] INFO  server.RaftServerConfigKeys (ConfUtils.java:logGet(43)) - raft.server.log.appender.buffer.byte-limit = 33554432 (custom)
2019-09-12 10:09:22,412 [pool-102-thread-1] INFO  server.RaftServerConfigKeys (ConfUtils.java:logGet(43)) - raft.server.log.segment.size.max = 1048576 (custom)
2019-09-12 10:09:22,412 [pool-102-thread-1] INFO  server.RaftServerConfigKeys (ConfUtils.java:logGet(43)) - raft.server.log.segment.cache.num.max = 2 (custom)
2019-09-12 10:09:22,413 [pool-102-thread-1] INFO  segmented.SegmentedRaftLogWorker (SegmentedRaftLogWorker.java:<init>(172)) - new 90fef4f2-0b30-45ed-8418-ad54fddc73e7-SegmentedRaftLogWorker:Storage Directory /workdir/hadoop-ozone/integration-test/target/test-dir/MiniOzoneClusterImpl-c79133c4-2f7a-4bec-a41b-f921d987c36a/datanode-2/data/ratis/33588200-8f98-4947-8d74-4fc07cfea5dc for RaftStorage:Storage Directory /workdir/hadoop-ozone/integration-test/target/test-dir/MiniOzoneClusterImpl-c79133c4-2f7a-4bec-a41b-f921d987c36a/datanode-2/data/ratis/33588200-8f98-4947-8d74-4fc07cfea5dc
2019-09-12 10:09:22,413 [pool-102-thread-1] INFO  server.RaftServerConfigKeys (ConfUtils.java:logGet(43)) - raft.server.log.queue.byte-limit = 2147483647 (custom)
2019-09-12 10:09:22,413 [pool-102-thread-1] INFO  server.RaftServerConfigKeys (ConfUtils.java:logGet(43)) - raft.server.log.queue.element-limit = 1024 (custom)
2019-09-12 10:09:22,413 [pool-102-thread-1] INFO  server.RaftServerConfigKeys (ConfUtils.java:logGet(43)) - raft.server.log.segment.size.max = 1048576 (custom)
2019-09-12 10:09:22,413 [pool-102-thread-1] INFO  server.RaftServerConfigKeys (ConfUtils.java:logGet(43)) - raft.server.log.preallocated.size = 16384 (custom)
2019-09-12 10:09:22,413 [pool-102-thread-1] INFO  server.RaftServerConfigKeys (ConfUtils.java:logGet(43)) - raft.server.log.write.buffer.size = 33554432 (custom)
2019-09-12 10:09:22,413 [pool-102-thread-1] INFO  server.RaftServerConfigKeys (ConfUtils.java:logGet(43)) - raft.server.log.force.sync.num = 128 (default)
2019-09-12 10:09:22,413 [pool-102-thread-1] INFO  server.RaftServerConfigKeys (ConfUtils.java:logGet(43)) - raft.server.log.statemachine.data.sync = true (default)
2019-09-12 10:09:22,413 [pool-102-thread-1] INFO  server.RaftServerConfigKeys (ConfUtils.java:logGet(43)) - raft.server.log.statemachine.data.sync.timeout = 10s (default)
2019-09-12 10:09:22,414 [pool-102-thread-1] INFO  server.RaftServerConfigKeys (ConfUtils.java:logGet(43)) - raft.server.log.statemachine.data.sync.timeout.retry = -1 (default)
2019-09-12 10:09:22,414 [pool-102-thread-1] INFO  server.RaftServerConfigKeys (ConfUtils.java:logGet(43)) - raft.server.log.statemachine.data.caching.enabled = true (custom)
2019-09-12 10:09:22,414 [pool-102-thread-1] INFO  segmented.SegmentedRaftLogWorker (SegmentedRaftLogWorker.java:lambda$new$0(132)) - 90fef4f2-0b30-45ed-8418-ad54fddc73e7-SegmentedRaftLogWorker:Storage Directory /workdir/hadoop-ozone/integration-test/target/test-dir/MiniOzoneClusterImpl-c79133c4-2f7a-4bec-a41b-f921d987c36a/datanode-2/data/ratis/33588200-8f98-4947-8d74-4fc07cfea5dc: flushIndex: setUnconditionally 0 -> -1
2019-09-12 10:09:22,414 [pool-102-thread-1] INFO  server.RaftServerConfigKeys (ConfUtils.java:logGet(43)) - raft.server.snapshot.auto.trigger.enabled = true (custom)
2019-09-12 10:09:22,414 [pool-102-thread-1] INFO  server.RaftServerConfigKeys (ConfUtils.java:logGet(43)) - raft.server.snapshot.auto.trigger.threshold = 10000 (custom)
2019-09-12 10:09:22,415 [pool-102-thread-1] INFO  server.RaftServerConfigKeys (ConfUtils.java:logGet(43)) - raft.server.retrycache.expirytime = 600000ms (custom)
2019-09-12 10:09:22,415 [pool-102-thread-1] INFO  impl.RaftServerImpl (RaftServerImpl.java:start(180)) - 90fef4f2-0b30-45ed-8418-ad54fddc73e7: start group-4FC07CFEA5DC
2019-09-12 10:09:22,415 [pool-102-thread-1] INFO  impl.RaftServerImpl (RaftServerImpl.java:setRole(171)) - 90fef4f2-0b30-45ed-8418-ad54fddc73e7:group-4FC07CFEA5DC changes role from null to FOLLOWER at term 0 for startAsFollower
2019-09-12 10:09:22,415 [pool-102-thread-1] INFO  impl.RoleInfo (RoleInfo.java:updateAndGet(143)) - 90fef4f2-0b30-45ed-8418-ad54fddc73e7: start FollowerState
2019-09-12 10:09:22,415 [pool-102-thread-1] INFO  util.JmxRegister (JmxRegister.java:tryRegister(44)) - Successfully registered JMX Bean with object name Ratis:service=RaftServer,group=group-4FC07CFEA5DC,id=90fef4f2-0b30-45ed-8418-ad54fddc73e7
2019-09-12 10:09:22,420 [RatisPipelineUtilsThread] INFO  pipeline.PipelineStateManager (PipelineStateManager.java:addPipeline(56)) - Created pipeline Pipeline[ Id: 33588200-8f98-4947-8d74-4fc07cfea5dc, Nodes: 90fef4f2-0b30-45ed-8418-ad54fddc73e7{ip: 192.168.36.114, host: pr-hdds-1569-58hkm-1881083799, networkLocation: /default-rack, certSerialId: null}, Type:RATIS, Factor:ONE, State:OPEN]
2019-09-12 10:09:22,420 [RatisPipelineUtilsThread] ERROR pipeline.PipelinePlacementPolicy (PipelinePlacementPolicy.java:meetCriteria(92)) - Pipeline Placement: Doesn't meet the criteria to be viable node. Heaviness: 6
2019-09-12 10:09:22,428 [grpc-default-executor-0] INFO  impl.RaftServerProxy (RaftServerProxy.java:addNew(89)) - ef4196d4-8feb-4e51-99d3-97d51bd0de8d: addNew group-623809B4B929:[ef4196d4-8feb-4e51-99d3-97d51bd0de8d:192.168.36.114:39877] returns group-623809B4B929:java.util.concurrent.CompletableFuture@12608001[Not completed]
2019-09-12 10:09:22,429 [pool-91-thread-1] INFO  impl.RaftServerImpl (RaftServerImpl.java:<init>(93)) - ef4196d4-8feb-4e51-99d3-97d51bd0de8d: new RaftServerImpl for group-623809B4B929:[ef4196d4-8feb-4e51-99d3-97d51bd0de8d:192.168.36.114:39877] with ContainerStateMachine:uninitialized
2019-09-12 10:09:22,429 [pool-91-thread-1] INFO  server.RaftServerConfigKeys (ConfUtils.java:logGet(43)) - raft.server.rpc.timeout.min = 5s (custom)
2019-09-12 10:09:22,429 [pool-91-thread-1] INFO  server.RaftServerConfigKeys (ConfUtils.java:logGet(43)) - raft.server.rpc.timeout.max = 5200ms (custom)
2019-09-12 10:09:22,429 [pool-91-thread-1] INFO  server.RaftServerConfigKeys (ConfUtils.java:logGet(43)) - raft.server.rpcslowness.timeout = 120s (custom)
2019-09-12 10:09:22,429 [pool-91-thread-1] INFO  server.RaftServerConfigKeys (ConfUtils.java:logGet(43)) - raft.server.sleep.deviation.threshold = 300 (default)
2019-09-12 10:09:22,429 [pool-91-thread-1] INFO  server.RaftServerConfigKeys (ConfUtils.java:logGet(43)) - raft.server.log.appender.install.snapshot.enabled = false (custom)
2019-09-12 10:09:22,429 [pool-91-thread-1] INFO  impl.RaftServerImpl (ServerState.java:<init>(105)) - ef4196d4-8feb-4e51-99d3-97d51bd0de8d:group-623809B4B929 ConfigurationManager, init=-1: [ef4196d4-8feb-4e51-99d3-97d51bd0de8d:192.168.36.114:39877], old=null, confs=<EMPTY_MAP>
2019-09-12 10:09:22,430 [pool-91-thread-1] INFO  server.RaftServerConfigKeys (ConfUtils.java:logGet(43)) - raft.server.storage.dir = [/workdir/hadoop-ozone/integration-test/target/test-dir/MiniOzoneClusterImpl-c79133c4-2f7a-4bec-a41b-f921d987c36a/datanode-1/data/ratis] (custom)
2019-09-12 10:09:22,430 [pool-91-thread-1] INFO  storage.RaftStorageDirectory (RaftStorageDirectory.java:analyzeStorage(246)) - The storage directory /workdir/hadoop-ozone/integration-test/target/test-dir/MiniOzoneClusterImpl-c79133c4-2f7a-4bec-a41b-f921d987c36a/datanode-1/data/ratis/b87f876f-85b1-4900-977c-623809b4b929 does not exist. Creating ...
2019-09-12 10:09:22,438 [pool-91-thread-1] INFO  storage.RaftStorageDirectory (RaftStorageDirectory.java:tryLock(328)) - Lock on /workdir/hadoop-ozone/integration-test/target/test-dir/MiniOzoneClusterImpl-c79133c4-2f7a-4bec-a41b-f921d987c36a/datanode-1/data/ratis/b87f876f-85b1-4900-977c-623809b4b929/in_use.lock acquired by nodename 2537@pr-hdds-1569-58hkm-1881083799
2019-09-12 10:09:22,451 [pool-91-thread-1] INFO  storage.RaftStorage (RaftStorage.java:format(72)) - Storage directory /workdir/hadoop-ozone/integration-test/target/test-dir/MiniOzoneClusterImpl-c79133c4-2f7a-4bec-a41b-f921d987c36a/datanode-1/data/ratis/b87f876f-85b1-4900-977c-623809b4b929 has been successfully formatted.
2019-09-12 10:09:22,451 [pool-91-thread-1] INFO  ratis.ContainerStateMachine (ContainerStateMachine.java:loadSnapshot(226)) - group-623809B4B929: The snapshot info is null. Setting the last applied indexto:(t:0, i:~)
2019-09-12 10:09:22,451 [pool-91-thread-1] INFO  server.RaftServerConfigKeys (ConfUtils.java:logGet(43)) - raft.server.leader.election.timeout = 120s (custom)
2019-09-12 10:09:22,451 [pool-91-thread-1] INFO  server.RaftServerConfigKeys (ConfUtils.java:logGet(43)) - raft.server.log.use.memory = false (default)
2019-09-12 10:09:22,451 [pool-91-thread-1] INFO  server.RaftServerConfigKeys (ConfUtils.java:logGet(43)) - raft.server.log.purge.gap = 1000000 (custom)
2019-09-12 10:09:22,451 [pool-91-thread-1] INFO  server.RaftServerConfigKeys (ConfUtils.java:logGet(43)) - raft.server.log.appender.buffer.byte-limit = 33554432 (custom)
2019-09-12 10:09:22,451 [pool-91-thread-1] INFO  server.RaftServerConfigKeys (ConfUtils.java:logGet(43)) - raft.server.log.segment.size.max = 1048576 (custom)
2019-09-12 10:09:22,452 [pool-91-thread-1] INFO  server.RaftServerConfigKeys (ConfUtils.java:logGet(43)) - raft.server.log.segment.cache.num.max = 2 (custom)
2019-09-12 10:09:22,452 [pool-91-thread-1] INFO  segmented.SegmentedRaftLogWorker (SegmentedRaftLogWorker.java:<init>(172)) - new ef4196d4-8feb-4e51-99d3-97d51bd0de8d-SegmentedRaftLogWorker:Storage Directory /workdir/hadoop-ozone/integration-test/target/test-dir/MiniOzoneClusterImpl-c79133c4-2f7a-4bec-a41b-f921d987c36a/datanode-1/data/ratis/b87f876f-85b1-4900-977c-623809b4b929 for RaftStorage:Storage Directory /workdir/hadoop-ozone/integration-test/target/test-dir/MiniOzoneClusterImpl-c79133c4-2f7a-4bec-a41b-f921d987c36a/datanode-1/data/ratis/b87f876f-85b1-4900-977c-623809b4b929
2019-09-12 10:09:22,452 [pool-91-thread-1] INFO  server.RaftServerConfigKeys (ConfUtils.java:logGet(43)) - raft.server.log.queue.byte-limit = 2147483647 (custom)
2019-09-12 10:09:22,452 [pool-91-thread-1] INFO  server.RaftServerConfigKeys (ConfUtils.java:logGet(43)) - raft.server.log.queue.element-limit = 1024 (custom)
2019-09-12 10:09:22,452 [pool-91-thread-1] INFO  server.RaftServerConfigKeys (ConfUtils.java:logGet(43)) - raft.server.log.segment.size.max = 1048576 (custom)
2019-09-12 10:09:22,452 [pool-91-thread-1] INFO  server.RaftServerConfigKeys (ConfUtils.java:logGet(43)) - raft.server.log.preallocated.size = 16384 (custom)
2019-09-12 10:09:22,452 [pool-91-thread-1] INFO  server.RaftServerConfigKeys (ConfUtils.java:logGet(43)) - raft.server.log.write.buffer.size = 33554432 (custom)
2019-09-12 10:09:22,452 [pool-91-thread-1] INFO  server.RaftServerConfigKeys (ConfUtils.java:logGet(43)) - raft.server.log.force.sync.num = 128 (default)
2019-09-12 10:09:22,452 [pool-91-thread-1] INFO  server.RaftServerConfigKeys (ConfUtils.java:logGet(43)) - raft.server.log.statemachine.data.sync = true (default)
2019-09-12 10:09:22,452 [pool-91-thread-1] INFO  server.RaftServerConfigKeys (ConfUtils.java:logGet(43)) - raft.server.log.statemachine.data.sync.timeout = 10s (default)
2019-09-12 10:09:22,453 [pool-91-thread-1] INFO  server.RaftServerConfigKeys (ConfUtils.java:logGet(43)) - raft.server.log.statemachine.data.sync.timeout.retry = -1 (default)
2019-09-12 10:09:22,453 [pool-91-thread-1] INFO  server.RaftServerConfigKeys (ConfUtils.java:logGet(43)) - raft.server.log.statemachine.data.caching.enabled = true (custom)
2019-09-12 10:09:22,453 [pool-91-thread-1] INFO  segmented.SegmentedRaftLogWorker (SegmentedRaftLogWorker.java:lambda$new$0(132)) - ef4196d4-8feb-4e51-99d3-97d51bd0de8d-SegmentedRaftLogWorker:Storage Directory /workdir/hadoop-ozone/integration-test/target/test-dir/MiniOzoneClusterImpl-c79133c4-2f7a-4bec-a41b-f921d987c36a/datanode-1/data/ratis/b87f876f-85b1-4900-977c-623809b4b929: flushIndex: setUnconditionally 0 -> -1
2019-09-12 10:09:22,453 [pool-91-thread-1] INFO  server.RaftServerConfigKeys (ConfUtils.java:logGet(43)) - raft.server.snapshot.auto.trigger.enabled = true (custom)
2019-09-12 10:09:22,453 [pool-91-thread-1] INFO  server.RaftServerConfigKeys (ConfUtils.java:logGet(43)) - raft.server.snapshot.auto.trigger.threshold = 10000 (custom)
2019-09-12 10:09:22,453 [pool-91-thread-1] INFO  server.RaftServerConfigKeys (ConfUtils.java:logGet(43)) - raft.server.retrycache.expirytime = 600000ms (custom)
2019-09-12 10:09:22,454 [pool-91-thread-1] INFO  impl.RaftServerImpl (RaftServerImpl.java:start(180)) - ef4196d4-8feb-4e51-99d3-97d51bd0de8d: start group-623809B4B929
2019-09-12 10:09:22,454 [pool-91-thread-1] INFO  impl.RaftServerImpl (RaftServerImpl.java:setRole(171)) - ef4196d4-8feb-4e51-99d3-97d51bd0de8d:group-623809B4B929 changes role from null to FOLLOWER at term 0 for startAsFollower
2019-09-12 10:09:22,454 [pool-91-thread-1] INFO  impl.RoleInfo (RoleInfo.java:updateAndGet(143)) - ef4196d4-8feb-4e51-99d3-97d51bd0de8d: start FollowerState
2019-09-12 10:09:22,454 [pool-91-thread-1] INFO  util.JmxRegister (JmxRegister.java:tryRegister(44)) - Successfully registered JMX Bean with object name Ratis:service=RaftServer,group=group-623809B4B929,id=ef4196d4-8feb-4e51-99d3-97d51bd0de8d
2019-09-12 10:09:22,458 [RatisPipelineUtilsThread] INFO  pipeline.PipelineStateManager (PipelineStateManager.java:addPipeline(56)) - Created pipeline Pipeline[ Id: b87f876f-85b1-4900-977c-623809b4b929, Nodes: ef4196d4-8feb-4e51-99d3-97d51bd0de8d{ip: 192.168.36.114, host: pr-hdds-1569-58hkm-1881083799, networkLocation: /default-rack, certSerialId: null}, Type:RATIS, Factor:ONE, State:OPEN]
2019-09-12 10:09:22,459 [RatisPipelineUtilsThread] ERROR pipeline.PipelinePlacementPolicy (PipelinePlacementPolicy.java:meetCriteria(92)) - Pipeline Placement: Doesn't meet the criteria to be viable node. Heaviness: 6
2019-09-12 10:09:22,466 [grpc-default-executor-0] INFO  impl.RaftServerProxy (RaftServerProxy.java:addNew(89)) - ef4196d4-8feb-4e51-99d3-97d51bd0de8d: addNew group-C6C748BD5672:[ef4196d4-8feb-4e51-99d3-97d51bd0de8d:192.168.36.114:39877] returns group-C6C748BD5672:java.util.concurrent.CompletableFuture@ee03618[Not completed]
2019-09-12 10:09:22,467 [pool-91-thread-1] INFO  impl.RaftServerImpl (RaftServerImpl.java:<init>(93)) - ef4196d4-8feb-4e51-99d3-97d51bd0de8d: new RaftServerImpl for group-C6C748BD5672:[ef4196d4-8feb-4e51-99d3-97d51bd0de8d:192.168.36.114:39877] with ContainerStateMachine:uninitialized
2019-09-12 10:09:22,467 [pool-91-thread-1] INFO  server.RaftServerConfigKeys (ConfUtils.java:logGet(43)) - raft.server.rpc.timeout.min = 5s (custom)
2019-09-12 10:09:22,467 [pool-91-thread-1] INFO  server.RaftServerConfigKeys (ConfUtils.java:logGet(43)) - raft.server.rpc.timeout.max = 5200ms (custom)
2019-09-12 10:09:22,467 [pool-91-thread-1] INFO  server.RaftServerConfigKeys (ConfUtils.java:logGet(43)) - raft.server.rpcslowness.timeout = 120s (custom)
2019-09-12 10:09:22,467 [pool-91-thread-1] INFO  server.RaftServerConfigKeys (ConfUtils.java:logGet(43)) - raft.server.sleep.deviation.threshold = 300 (default)
2019-09-12 10:09:22,467 [pool-91-thread-1] INFO  server.RaftServerConfigKeys (ConfUtils.java:logGet(43)) - raft.server.log.appender.install.snapshot.enabled = false (custom)
2019-09-12 10:09:22,468 [pool-91-thread-1] INFO  impl.RaftServerImpl (ServerState.java:<init>(105)) - ef4196d4-8feb-4e51-99d3-97d51bd0de8d:group-C6C748BD5672 ConfigurationManager, init=-1: [ef4196d4-8feb-4e51-99d3-97d51bd0de8d:192.168.36.114:39877], old=null, confs=<EMPTY_MAP>
2019-09-12 10:09:22,468 [pool-91-thread-1] INFO  server.RaftServerConfigKeys (ConfUtils.java:logGet(43)) - raft.server.storage.dir = [/workdir/hadoop-ozone/integration-test/target/test-dir/MiniOzoneClusterImpl-c79133c4-2f7a-4bec-a41b-f921d987c36a/datanode-1/data/ratis] (custom)
2019-09-12 10:09:22,468 [pool-91-thread-1] INFO  storage.RaftStorageDirectory (RaftStorageDirectory.java:analyzeStorage(246)) - The storage directory /workdir/hadoop-ozone/integration-test/target/test-dir/MiniOzoneClusterImpl-c79133c4-2f7a-4bec-a41b-f921d987c36a/datanode-1/data/ratis/f5fea62f-44e0-49f3-bcfe-c6c748bd5672 does not exist. Creating ...
2019-09-12 10:09:22,481 [pool-91-thread-1] INFO  storage.RaftStorageDirectory (RaftStorageDirectory.java:tryLock(328)) - Lock on /workdir/hadoop-ozone/integration-test/target/test-dir/MiniOzoneClusterImpl-c79133c4-2f7a-4bec-a41b-f921d987c36a/datanode-1/data/ratis/f5fea62f-44e0-49f3-bcfe-c6c748bd5672/in_use.lock acquired by nodename 2537@pr-hdds-1569-58hkm-1881083799
2019-09-12 10:09:22,493 [pool-91-thread-1] INFO  storage.RaftStorage (RaftStorage.java:format(72)) - Storage directory /workdir/hadoop-ozone/integration-test/target/test-dir/MiniOzoneClusterImpl-c79133c4-2f7a-4bec-a41b-f921d987c36a/datanode-1/data/ratis/f5fea62f-44e0-49f3-bcfe-c6c748bd5672 has been successfully formatted.
2019-09-12 10:09:22,493 [pool-91-thread-1] INFO  ratis.ContainerStateMachine (ContainerStateMachine.java:loadSnapshot(226)) - group-C6C748BD5672: The snapshot info is null. Setting the last applied indexto:(t:0, i:~)
2019-09-12 10:09:22,494 [pool-91-thread-1] INFO  server.RaftServerConfigKeys (ConfUtils.java:logGet(43)) - raft.server.leader.election.timeout = 120s (custom)
2019-09-12 10:09:22,494 [pool-91-thread-1] INFO  server.RaftServerConfigKeys (ConfUtils.java:logGet(43)) - raft.server.log.use.memory = false (default)
2019-09-12 10:09:22,494 [pool-91-thread-1] INFO  server.RaftServerConfigKeys (ConfUtils.java:logGet(43)) - raft.server.log.purge.gap = 1000000 (custom)
2019-09-12 10:09:22,494 [pool-91-thread-1] INFO  server.RaftServerConfigKeys (ConfUtils.java:logGet(43)) - raft.server.log.appender.buffer.byte-limit = 33554432 (custom)
2019-09-12 10:09:22,494 [pool-91-thread-1] INFO  server.RaftServerConfigKeys (ConfUtils.java:logGet(43)) - raft.server.log.segment.size.max = 1048576 (custom)
2019-09-12 10:09:22,494 [pool-91-thread-1] INFO  server.RaftServerConfigKeys (ConfUtils.java:logGet(43)) - raft.server.log.segment.cache.num.max = 2 (custom)
2019-09-12 10:09:22,494 [pool-91-thread-1] INFO  segmented.SegmentedRaftLogWorker (SegmentedRaftLogWorker.java:<init>(172)) - new ef4196d4-8feb-4e51-99d3-97d51bd0de8d-SegmentedRaftLogWorker:Storage Directory /workdir/hadoop-ozone/integration-test/target/test-dir/MiniOzoneClusterImpl-c79133c4-2f7a-4bec-a41b-f921d987c36a/datanode-1/data/ratis/f5fea62f-44e0-49f3-bcfe-c6c748bd5672 for RaftStorage:Storage Directory /workdir/hadoop-ozone/integration-test/target/test-dir/MiniOzoneClusterImpl-c79133c4-2f7a-4bec-a41b-f921d987c36a/datanode-1/data/ratis/f5fea62f-44e0-49f3-bcfe-c6c748bd5672
2019-09-12 10:09:22,494 [pool-91-thread-1] INFO  server.RaftServerConfigKeys (ConfUtils.java:logGet(43)) - raft.server.log.queue.byte-limit = 2147483647 (custom)
2019-09-12 10:09:22,495 [pool-91-thread-1] INFO  server.RaftServerConfigKeys (ConfUtils.java:logGet(43)) - raft.server.log.queue.element-limit = 1024 (custom)
2019-09-12 10:09:22,495 [pool-91-thread-1] INFO  server.RaftServerConfigKeys (ConfUtils.java:logGet(43)) - raft.server.log.segment.size.max = 1048576 (custom)
2019-09-12 10:09:22,495 [pool-91-thread-1] INFO  server.RaftServerConfigKeys (ConfUtils.java:logGet(43)) - raft.server.log.preallocated.size = 16384 (custom)
2019-09-12 10:09:22,495 [pool-91-thread-1] INFO  server.RaftServerConfigKeys (ConfUtils.java:logGet(43)) - raft.server.log.write.buffer.size = 33554432 (custom)
2019-09-12 10:09:22,495 [pool-91-thread-1] INFO  server.RaftServerConfigKeys (ConfUtils.java:logGet(43)) - raft.server.log.force.sync.num = 128 (default)
2019-09-12 10:09:22,495 [pool-91-thread-1] INFO  server.RaftServerConfigKeys (ConfUtils.java:logGet(43)) - raft.server.log.statemachine.data.sync = true (default)
2019-09-12 10:09:22,495 [pool-91-thread-1] INFO  server.RaftServerConfigKeys (ConfUtils.java:logGet(43)) - raft.server.log.statemachine.data.sync.timeout = 10s (default)
2019-09-12 10:09:22,495 [pool-91-thread-1] INFO  server.RaftServerConfigKeys (ConfUtils.java:logGet(43)) - raft.server.log.statemachine.data.sync.timeout.retry = -1 (default)
2019-09-12 10:09:22,496 [pool-91-thread-1] INFO  server.RaftServerConfigKeys (ConfUtils.java:logGet(43)) - raft.server.log.statemachine.data.caching.enabled = true (custom)
2019-09-12 10:09:22,496 [pool-91-thread-1] INFO  segmented.SegmentedRaftLogWorker (SegmentedRaftLogWorker.java:lambda$new$0(132)) - ef4196d4-8feb-4e51-99d3-97d51bd0de8d-SegmentedRaftLogWorker:Storage Directory /workdir/hadoop-ozone/integration-test/target/test-dir/MiniOzoneClusterImpl-c79133c4-2f7a-4bec-a41b-f921d987c36a/datanode-1/data/ratis/f5fea62f-44e0-49f3-bcfe-c6c748bd5672: flushIndex: setUnconditionally 0 -> -1
2019-09-12 10:09:22,496 [pool-91-thread-1] INFO  server.RaftServerConfigKeys (ConfUtils.java:logGet(43)) - raft.server.snapshot.auto.trigger.enabled = true (custom)
2019-09-12 10:09:22,496 [pool-91-thread-1] INFO  server.RaftServerConfigKeys (ConfUtils.java:logGet(43)) - raft.server.snapshot.auto.trigger.threshold = 10000 (custom)
2019-09-12 10:09:22,496 [pool-91-thread-1] INFO  server.RaftServerConfigKeys (ConfUtils.java:logGet(43)) - raft.server.retrycache.expirytime = 600000ms (custom)
2019-09-12 10:09:22,497 [pool-91-thread-1] INFO  impl.RaftServerImpl (RaftServerImpl.java:start(180)) - ef4196d4-8feb-4e51-99d3-97d51bd0de8d: start group-C6C748BD5672
2019-09-12 10:09:22,497 [pool-91-thread-1] INFO  impl.RaftServerImpl (RaftServerImpl.java:setRole(171)) - ef4196d4-8feb-4e51-99d3-97d51bd0de8d:group-C6C748BD5672 changes role from null to FOLLOWER at term 0 for startAsFollower
2019-09-12 10:09:22,497 [pool-91-thread-1] INFO  impl.RoleInfo (RoleInfo.java:updateAndGet(143)) - ef4196d4-8feb-4e51-99d3-97d51bd0de8d: start FollowerState
2019-09-12 10:09:22,497 [pool-91-thread-1] INFO  util.JmxRegister (JmxRegister.java:tryRegister(44)) - Successfully registered JMX Bean with object name Ratis:service=RaftServer,group=group-C6C748BD5672,id=ef4196d4-8feb-4e51-99d3-97d51bd0de8d
2019-09-12 10:09:22,502 [RatisPipelineUtilsThread] INFO  pipeline.PipelineStateManager (PipelineStateManager.java:addPipeline(56)) - Created pipeline Pipeline[ Id: f5fea62f-44e0-49f3-bcfe-c6c748bd5672, Nodes: ef4196d4-8feb-4e51-99d3-97d51bd0de8d{ip: 192.168.36.114, host: pr-hdds-1569-58hkm-1881083799, networkLocation: /default-rack, certSerialId: null}, Type:RATIS, Factor:ONE, State:OPEN]
2019-09-12 10:09:22,502 [RatisPipelineUtilsThread] ERROR pipeline.PipelinePlacementPolicy (PipelinePlacementPolicy.java:meetCriteria(92)) - Pipeline Placement: Doesn't meet the criteria to be viable node. Heaviness: 6
2019-09-12 10:09:22,503 [RatisPipelineUtilsThread] ERROR pipeline.PipelinePlacementPolicy (PipelinePlacementPolicy.java:meetCriteria(92)) - Pipeline Placement: Doesn't meet the criteria to be viable node. Heaviness: 6
2019-09-12 10:09:22,511 [grpc-default-executor-0] INFO  impl.RaftServerProxy (RaftServerProxy.java:addNew(89)) - 90fef4f2-0b30-45ed-8418-ad54fddc73e7: addNew group-BA46F7F75D63:[90fef4f2-0b30-45ed-8418-ad54fddc73e7:192.168.36.114:44121] returns group-BA46F7F75D63:java.util.concurrent.CompletableFuture@4519010d[Not completed]
2019-09-12 10:09:22,512 [pool-102-thread-1] INFO  impl.RaftServerImpl (RaftServerImpl.java:<init>(93)) - 90fef4f2-0b30-45ed-8418-ad54fddc73e7: new RaftServerImpl for group-BA46F7F75D63:[90fef4f2-0b30-45ed-8418-ad54fddc73e7:192.168.36.114:44121] with ContainerStateMachine:uninitialized
2019-09-12 10:09:22,512 [pool-102-thread-1] INFO  server.RaftServerConfigKeys (ConfUtils.java:logGet(43)) - raft.server.rpc.timeout.min = 5s (custom)
2019-09-12 10:09:22,512 [pool-102-thread-1] INFO  server.RaftServerConfigKeys (ConfUtils.java:logGet(43)) - raft.server.rpc.timeout.max = 5200ms (custom)
2019-09-12 10:09:22,512 [pool-102-thread-1] INFO  server.RaftServerConfigKeys (ConfUtils.java:logGet(43)) - raft.server.rpcslowness.timeout = 120s (custom)
2019-09-12 10:09:22,512 [pool-102-thread-1] INFO  server.RaftServerConfigKeys (ConfUtils.java:logGet(43)) - raft.server.sleep.deviation.threshold = 300 (default)
2019-09-12 10:09:22,512 [pool-102-thread-1] INFO  server.RaftServerConfigKeys (ConfUtils.java:logGet(43)) - raft.server.log.appender.install.snapshot.enabled = false (custom)
2019-09-12 10:09:22,512 [pool-102-thread-1] INFO  impl.RaftServerImpl (ServerState.java:<init>(105)) - 90fef4f2-0b30-45ed-8418-ad54fddc73e7:group-BA46F7F75D63 ConfigurationManager, init=-1: [90fef4f2-0b30-45ed-8418-ad54fddc73e7:192.168.36.114:44121], old=null, confs=<EMPTY_MAP>
2019-09-12 10:09:22,512 [pool-102-thread-1] INFO  server.RaftServerConfigKeys (ConfUtils.java:logGet(43)) - raft.server.storage.dir = [/workdir/hadoop-ozone/integration-test/target/test-dir/MiniOzoneClusterImpl-c79133c4-2f7a-4bec-a41b-f921d987c36a/datanode-2/data/ratis] (custom)
2019-09-12 10:09:22,513 [pool-102-thread-1] INFO  storage.RaftStorageDirectory (RaftStorageDirectory.java:analyzeStorage(246)) - The storage directory /workdir/hadoop-ozone/integration-test/target/test-dir/MiniOzoneClusterImpl-c79133c4-2f7a-4bec-a41b-f921d987c36a/datanode-2/data/ratis/47fe9739-8c66-4495-b02f-ba46f7f75d63 does not exist. Creating ...
2019-09-12 10:09:22,525 [pool-102-thread-1] INFO  storage.RaftStorageDirectory (RaftStorageDirectory.java:tryLock(328)) - Lock on /workdir/hadoop-ozone/integration-test/target/test-dir/MiniOzoneClusterImpl-c79133c4-2f7a-4bec-a41b-f921d987c36a/datanode-2/data/ratis/47fe9739-8c66-4495-b02f-ba46f7f75d63/in_use.lock acquired by nodename 2537@pr-hdds-1569-58hkm-1881083799
2019-09-12 10:09:22,538 [pool-102-thread-1] INFO  storage.RaftStorage (RaftStorage.java:format(72)) - Storage directory /workdir/hadoop-ozone/integration-test/target/test-dir/MiniOzoneClusterImpl-c79133c4-2f7a-4bec-a41b-f921d987c36a/datanode-2/data/ratis/47fe9739-8c66-4495-b02f-ba46f7f75d63 has been successfully formatted.
2019-09-12 10:09:22,538 [pool-102-thread-1] INFO  ratis.ContainerStateMachine (ContainerStateMachine.java:loadSnapshot(226)) - group-BA46F7F75D63: The snapshot info is null. Setting the last applied indexto:(t:0, i:~)
2019-09-12 10:09:22,538 [pool-102-thread-1] INFO  server.RaftServerConfigKeys (ConfUtils.java:logGet(43)) - raft.server.leader.election.timeout = 120s (custom)
2019-09-12 10:09:22,539 [pool-102-thread-1] INFO  server.RaftServerConfigKeys (ConfUtils.java:logGet(43)) - raft.server.log.use.memory = false (default)
2019-09-12 10:09:22,539 [pool-102-thread-1] INFO  server.RaftServerConfigKeys (ConfUtils.java:logGet(43)) - raft.server.log.purge.gap = 1000000 (custom)
2019-09-12 10:09:22,539 [pool-102-thread-1] INFO  server.RaftServerConfigKeys (ConfUtils.java:logGet(43)) - raft.server.log.appender.buffer.byte-limit = 33554432 (custom)
2019-09-12 10:09:22,539 [pool-102-thread-1] INFO  server.RaftServerConfigKeys (ConfUtils.java:logGet(43)) - raft.server.log.segment.size.max = 1048576 (custom)
2019-09-12 10:09:22,539 [pool-102-thread-1] INFO  server.RaftServerConfigKeys (ConfUtils.java:logGet(43)) - raft.server.log.segment.cache.num.max = 2 (custom)
2019-09-12 10:09:22,539 [pool-102-thread-1] INFO  segmented.SegmentedRaftLogWorker (SegmentedRaftLogWorker.java:<init>(172)) - new 90fef4f2-0b30-45ed-8418-ad54fddc73e7-SegmentedRaftLogWorker:Storage Directory /workdir/hadoop-ozone/integration-test/target/test-dir/MiniOzoneClusterImpl-c79133c4-2f7a-4bec-a41b-f921d987c36a/datanode-2/data/ratis/47fe9739-8c66-4495-b02f-ba46f7f75d63 for RaftStorage:Storage Directory /workdir/hadoop-ozone/integration-test/target/test-dir/MiniOzoneClusterImpl-c79133c4-2f7a-4bec-a41b-f921d987c36a/datanode-2/data/ratis/47fe9739-8c66-4495-b02f-ba46f7f75d63
2019-09-12 10:09:22,539 [pool-102-thread-1] INFO  server.RaftServerConfigKeys (ConfUtils.java:logGet(43)) - raft.server.log.queue.byte-limit = 2147483647 (custom)
2019-09-12 10:09:22,540 [pool-102-thread-1] INFO  server.RaftServerConfigKeys (ConfUtils.java:logGet(43)) - raft.server.log.queue.element-limit = 1024 (custom)
2019-09-12 10:09:22,540 [pool-102-thread-1] INFO  server.RaftServerConfigKeys (ConfUtils.java:logGet(43)) - raft.server.log.segment.size.max = 1048576 (custom)
2019-09-12 10:09:22,540 [pool-102-thread-1] INFO  server.RaftServerConfigKeys (ConfUtils.java:logGet(43)) - raft.server.log.preallocated.size = 16384 (custom)
2019-09-12 10:09:22,540 [pool-102-thread-1] INFO  server.RaftServerConfigKeys (ConfUtils.java:logGet(43)) - raft.server.log.write.buffer.size = 33554432 (custom)
2019-09-12 10:09:22,540 [pool-102-thread-1] INFO  server.RaftServerConfigKeys (ConfUtils.java:logGet(43)) - raft.server.log.force.sync.num = 128 (default)
2019-09-12 10:09:22,540 [pool-102-thread-1] INFO  server.RaftServerConfigKeys (ConfUtils.java:logGet(43)) - raft.server.log.statemachine.data.sync = true (default)
2019-09-12 10:09:22,540 [pool-102-thread-1] INFO  server.RaftServerConfigKeys (ConfUtils.java:logGet(43)) - raft.server.log.statemachine.data.sync.timeout = 10s (default)
2019-09-12 10:09:22,540 [pool-102-thread-1] INFO  server.RaftServerConfigKeys (ConfUtils.java:logGet(43)) - raft.server.log.statemachine.data.sync.timeout.retry = -1 (default)
2019-09-12 10:09:22,541 [pool-102-thread-1] INFO  server.RaftServerConfigKeys (ConfUtils.java:logGet(43)) - raft.server.log.statemachine.data.caching.enabled = true (custom)
2019-09-12 10:09:22,541 [pool-102-thread-1] INFO  segmented.SegmentedRaftLogWorker (SegmentedRaftLogWorker.java:lambda$new$0(132)) - 90fef4f2-0b30-45ed-8418-ad54fddc73e7-SegmentedRaftLogWorker:Storage Directory /workdir/hadoop-ozone/integration-test/target/test-dir/MiniOzoneClusterImpl-c79133c4-2f7a-4bec-a41b-f921d987c36a/datanode-2/data/ratis/47fe9739-8c66-4495-b02f-ba46f7f75d63: flushIndex: setUnconditionally 0 -> -1
2019-09-12 10:09:22,541 [pool-102-thread-1] INFO  server.RaftServerConfigKeys (ConfUtils.java:logGet(43)) - raft.server.snapshot.auto.trigger.enabled = true (custom)
2019-09-12 10:09:22,542 [pool-102-thread-1] INFO  server.RaftServerConfigKeys (ConfUtils.java:logGet(43)) - raft.server.snapshot.auto.trigger.threshold = 10000 (custom)
2019-09-12 10:09:22,542 [pool-102-thread-1] INFO  server.RaftServerConfigKeys (ConfUtils.java:logGet(43)) - raft.server.retrycache.expirytime = 600000ms (custom)
2019-09-12 10:09:22,542 [pool-102-thread-1] INFO  impl.RaftServerImpl (RaftServerImpl.java:start(180)) - 90fef4f2-0b30-45ed-8418-ad54fddc73e7: start group-BA46F7F75D63
2019-09-12 10:09:22,542 [pool-102-thread-1] INFO  impl.RaftServerImpl (RaftServerImpl.java:setRole(171)) - 90fef4f2-0b30-45ed-8418-ad54fddc73e7:group-BA46F7F75D63 changes role from null to FOLLOWER at term 0 for startAsFollower
2019-09-12 10:09:22,542 [pool-102-thread-1] INFO  impl.RoleInfo (RoleInfo.java:updateAndGet(143)) - 90fef4f2-0b30-45ed-8418-ad54fddc73e7: start FollowerState
2019-09-12 10:09:22,543 [pool-102-thread-1] INFO  util.JmxRegister (JmxRegister.java:tryRegister(44)) - Successfully registered JMX Bean with object name Ratis:service=RaftServer,group=group-BA46F7F75D63,id=90fef4f2-0b30-45ed-8418-ad54fddc73e7
2019-09-12 10:09:22,547 [RatisPipelineUtilsThread] INFO  pipeline.PipelineStateManager (PipelineStateManager.java:addPipeline(56)) - Created pipeline Pipeline[ Id: 47fe9739-8c66-4495-b02f-ba46f7f75d63, Nodes: 90fef4f2-0b30-45ed-8418-ad54fddc73e7{ip: 192.168.36.114, host: pr-hdds-1569-58hkm-1881083799, networkLocation: /default-rack, certSerialId: null}, Type:RATIS, Factor:ONE, State:OPEN]
2019-09-12 10:09:22,547 [RatisPipelineUtilsThread] ERROR pipeline.PipelinePlacementPolicy (PipelinePlacementPolicy.java:meetCriteria(92)) - Pipeline Placement: Doesn't meet the criteria to be viable node. Heaviness: 6
2019-09-12 10:09:22,547 [RatisPipelineUtilsThread] ERROR pipeline.PipelinePlacementPolicy (PipelinePlacementPolicy.java:meetCriteria(92)) - Pipeline Placement: Doesn't meet the criteria to be viable node. Heaviness: 6
2019-09-12 10:09:22,554 [grpc-default-executor-0] INFO  impl.RaftServerProxy (RaftServerProxy.java:addNew(89)) - 90fef4f2-0b30-45ed-8418-ad54fddc73e7: addNew group-BECE44B5BCDC:[90fef4f2-0b30-45ed-8418-ad54fddc73e7:192.168.36.114:44121] returns group-BECE44B5BCDC:java.util.concurrent.CompletableFuture@52b10f10[Not completed]
2019-09-12 10:09:22,556 [pool-102-thread-1] INFO  impl.RaftServerImpl (RaftServerImpl.java:<init>(93)) - 90fef4f2-0b30-45ed-8418-ad54fddc73e7: new RaftServerImpl for group-BECE44B5BCDC:[90fef4f2-0b30-45ed-8418-ad54fddc73e7:192.168.36.114:44121] with ContainerStateMachine:uninitialized
2019-09-12 10:09:22,556 [pool-102-thread-1] INFO  server.RaftServerConfigKeys (ConfUtils.java:logGet(43)) - raft.server.rpc.timeout.min = 5s (custom)
2019-09-12 10:09:22,556 [pool-102-thread-1] INFO  server.RaftServerConfigKeys (ConfUtils.java:logGet(43)) - raft.server.rpc.timeout.max = 5200ms (custom)
2019-09-12 10:09:22,556 [pool-102-thread-1] INFO  server.RaftServerConfigKeys (ConfUtils.java:logGet(43)) - raft.server.rpcslowness.timeout = 120s (custom)
2019-09-12 10:09:22,557 [pool-102-thread-1] INFO  server.RaftServerConfigKeys (ConfUtils.java:logGet(43)) - raft.server.sleep.deviation.threshold = 300 (default)
2019-09-12 10:09:22,557 [pool-102-thread-1] INFO  server.RaftServerConfigKeys (ConfUtils.java:logGet(43)) - raft.server.log.appender.install.snapshot.enabled = false (custom)
2019-09-12 10:09:22,557 [pool-102-thread-1] INFO  impl.RaftServerImpl (ServerState.java:<init>(105)) - 90fef4f2-0b30-45ed-8418-ad54fddc73e7:group-BECE44B5BCDC ConfigurationManager, init=-1: [90fef4f2-0b30-45ed-8418-ad54fddc73e7:192.168.36.114:44121], old=null, confs=<EMPTY_MAP>
2019-09-12 10:09:22,557 [pool-102-thread-1] INFO  server.RaftServerConfigKeys (ConfUtils.java:logGet(43)) - raft.server.storage.dir = [/workdir/hadoop-ozone/integration-test/target/test-dir/MiniOzoneClusterImpl-c79133c4-2f7a-4bec-a41b-f921d987c36a/datanode-2/data/ratis] (custom)
2019-09-12 10:09:22,558 [pool-102-thread-1] INFO  storage.RaftStorageDirectory (RaftStorageDirectory.java:analyzeStorage(246)) - The storage directory /workdir/hadoop-ozone/integration-test/target/test-dir/MiniOzoneClusterImpl-c79133c4-2f7a-4bec-a41b-f921d987c36a/datanode-2/data/ratis/a8537b3b-fbc1-475f-a60d-bece44b5bcdc does not exist. Creating ...
2019-09-12 10:09:22,570 [pool-102-thread-1] INFO  storage.RaftStorageDirectory (RaftStorageDirectory.java:tryLock(328)) - Lock on /workdir/hadoop-ozone/integration-test/target/test-dir/MiniOzoneClusterImpl-c79133c4-2f7a-4bec-a41b-f921d987c36a/datanode-2/data/ratis/a8537b3b-fbc1-475f-a60d-bece44b5bcdc/in_use.lock acquired by nodename 2537@pr-hdds-1569-58hkm-1881083799
2019-09-12 10:09:22,583 [pool-102-thread-1] INFO  storage.RaftStorage (RaftStorage.java:format(72)) - Storage directory /workdir/hadoop-ozone/integration-test/target/test-dir/MiniOzoneClusterImpl-c79133c4-2f7a-4bec-a41b-f921d987c36a/datanode-2/data/ratis/a8537b3b-fbc1-475f-a60d-bece44b5bcdc has been successfully formatted.
2019-09-12 10:09:22,584 [pool-102-thread-1] INFO  ratis.ContainerStateMachine (ContainerStateMachine.java:loadSnapshot(226)) - group-BECE44B5BCDC: The snapshot info is null. Setting the last applied indexto:(t:0, i:~)
2019-09-12 10:09:22,584 [pool-102-thread-1] INFO  server.RaftServerConfigKeys (ConfUtils.java:logGet(43)) - raft.server.leader.election.timeout = 120s (custom)
2019-09-12 10:09:22,584 [pool-102-thread-1] INFO  server.RaftServerConfigKeys (ConfUtils.java:logGet(43)) - raft.server.log.use.memory = false (default)
2019-09-12 10:09:22,584 [pool-102-thread-1] INFO  server.RaftServerConfigKeys (ConfUtils.java:logGet(43)) - raft.server.log.purge.gap = 1000000 (custom)
2019-09-12 10:09:22,584 [pool-102-thread-1] INFO  server.RaftServerConfigKeys (ConfUtils.java:logGet(43)) - raft.server.log.appender.buffer.byte-limit = 33554432 (custom)
2019-09-12 10:09:22,585 [pool-102-thread-1] INFO  server.RaftServerConfigKeys (ConfUtils.java:logGet(43)) - raft.server.log.segment.size.max = 1048576 (custom)
2019-09-12 10:09:22,585 [pool-102-thread-1] INFO  server.RaftServerConfigKeys (ConfUtils.java:logGet(43)) - raft.server.log.segment.cache.num.max = 2 (custom)
2019-09-12 10:09:22,585 [pool-102-thread-1] INFO  segmented.SegmentedRaftLogWorker (SegmentedRaftLogWorker.java:<init>(172)) - new 90fef4f2-0b30-45ed-8418-ad54fddc73e7-SegmentedRaftLogWorker:Storage Directory /workdir/hadoop-ozone/integration-test/target/test-dir/MiniOzoneClusterImpl-c79133c4-2f7a-4bec-a41b-f921d987c36a/datanode-2/data/ratis/a8537b3b-fbc1-475f-a60d-bece44b5bcdc for RaftStorage:Storage Directory /workdir/hadoop-ozone/integration-test/target/test-dir/MiniOzoneClusterImpl-c79133c4-2f7a-4bec-a41b-f921d987c36a/datanode-2/data/ratis/a8537b3b-fbc1-475f-a60d-bece44b5bcdc
2019-09-12 10:09:22,585 [pool-102-thread-1] INFO  server.RaftServerConfigKeys (ConfUtils.java:logGet(43)) - raft.server.log.queue.byte-limit = 2147483647 (custom)
2019-09-12 10:09:22,585 [pool-102-thread-1] INFO  server.RaftServerConfigKeys (ConfUtils.java:logGet(43)) - raft.server.log.queue.element-limit = 1024 (custom)
2019-09-12 10:09:22,585 [pool-102-thread-1] INFO  server.RaftServerConfigKeys (ConfUtils.java:logGet(43)) - raft.server.log.segment.size.max = 1048576 (custom)
2019-09-12 10:09:22,586 [pool-102-thread-1] INFO  server.RaftServerConfigKeys (ConfUtils.java:logGet(43)) - raft.server.log.preallocated.size = 16384 (custom)
2019-09-12 10:09:22,586 [pool-102-thread-1] INFO  server.RaftServerConfigKeys (ConfUtils.java:logGet(43)) - raft.server.log.write.buffer.size = 33554432 (custom)
2019-09-12 10:09:22,586 [pool-102-thread-1] INFO  server.RaftServerConfigKeys (ConfUtils.java:logGet(43)) - raft.server.log.force.sync.num = 128 (default)
2019-09-12 10:09:22,586 [pool-102-thread-1] INFO  server.RaftServerConfigKeys (ConfUtils.java:logGet(43)) - raft.server.log.statemachine.data.sync = true (default)
2019-09-12 10:09:22,586 [pool-102-thread-1] INFO  server.RaftServerConfigKeys (ConfUtils.java:logGet(43)) - raft.server.log.statemachine.data.sync.timeout = 10s (default)
2019-09-12 10:09:22,586 [pool-102-thread-1] INFO  server.RaftServerConfigKeys (ConfUtils.java:logGet(43)) - raft.server.log.statemachine.data.sync.timeout.retry = -1 (default)
2019-09-12 10:09:22,587 [pool-102-thread-1] INFO  server.RaftServerConfigKeys (ConfUtils.java:logGet(43)) - raft.server.log.statemachine.data.caching.enabled = true (custom)
2019-09-12 10:09:22,587 [pool-102-thread-1] INFO  segmented.SegmentedRaftLogWorker (SegmentedRaftLogWorker.java:lambda$new$0(132)) - 90fef4f2-0b30-45ed-8418-ad54fddc73e7-SegmentedRaftLogWorker:Storage Directory /workdir/hadoop-ozone/integration-test/target/test-dir/MiniOzoneClusterImpl-c79133c4-2f7a-4bec-a41b-f921d987c36a/datanode-2/data/ratis/a8537b3b-fbc1-475f-a60d-bece44b5bcdc: flushIndex: setUnconditionally 0 -> -1
2019-09-12 10:09:22,587 [pool-102-thread-1] INFO  server.RaftServerConfigKeys (ConfUtils.java:logGet(43)) - raft.server.snapshot.auto.trigger.enabled = true (custom)
2019-09-12 10:09:22,588 [pool-102-thread-1] INFO  server.RaftServerConfigKeys (ConfUtils.java:logGet(43)) - raft.server.snapshot.auto.trigger.threshold = 10000 (custom)
2019-09-12 10:09:22,588 [pool-102-thread-1] INFO  server.RaftServerConfigKeys (ConfUtils.java:logGet(43)) - raft.server.retrycache.expirytime = 600000ms (custom)
2019-09-12 10:09:22,588 [pool-102-thread-1] INFO  impl.RaftServerImpl (RaftServerImpl.java:start(180)) - 90fef4f2-0b30-45ed-8418-ad54fddc73e7: start group-BECE44B5BCDC
2019-09-12 10:09:22,588 [pool-102-thread-1] INFO  impl.RaftServerImpl (RaftServerImpl.java:setRole(171)) - 90fef4f2-0b30-45ed-8418-ad54fddc73e7:group-BECE44B5BCDC changes role from null to FOLLOWER at term 0 for startAsFollower
2019-09-12 10:09:22,588 [pool-102-thread-1] INFO  impl.RoleInfo (RoleInfo.java:updateAndGet(143)) - 90fef4f2-0b30-45ed-8418-ad54fddc73e7: start FollowerState
2019-09-12 10:09:22,589 [pool-102-thread-1] INFO  util.JmxRegister (JmxRegister.java:tryRegister(44)) - Successfully registered JMX Bean with object name Ratis:service=RaftServer,group=group-BECE44B5BCDC,id=90fef4f2-0b30-45ed-8418-ad54fddc73e7
2019-09-12 10:09:22,593 [RatisPipelineUtilsThread] INFO  pipeline.PipelineStateManager (PipelineStateManager.java:addPipeline(56)) - Created pipeline Pipeline[ Id: a8537b3b-fbc1-475f-a60d-bece44b5bcdc, Nodes: 90fef4f2-0b30-45ed-8418-ad54fddc73e7{ip: 192.168.36.114, host: pr-hdds-1569-58hkm-1881083799, networkLocation: /default-rack, certSerialId: null}, Type:RATIS, Factor:ONE, State:OPEN]
2019-09-12 10:09:22,593 [RatisPipelineUtilsThread] ERROR pipeline.PipelinePlacementPolicy (PipelinePlacementPolicy.java:meetCriteria(92)) - Pipeline Placement: Doesn't meet the criteria to be viable node. Heaviness: 6
2019-09-12 10:09:22,593 [RatisPipelineUtilsThread] ERROR pipeline.PipelinePlacementPolicy (PipelinePlacementPolicy.java:meetCriteria(92)) - Pipeline Placement: Doesn't meet the criteria to be viable node. Heaviness: 6
2019-09-12 10:09:22,604 [grpc-default-executor-0] INFO  impl.RaftServerProxy (RaftServerProxy.java:addNew(89)) - 90fef4f2-0b30-45ed-8418-ad54fddc73e7: addNew group-1DD9FBDE07EB:[90fef4f2-0b30-45ed-8418-ad54fddc73e7:192.168.36.114:44121] returns group-1DD9FBDE07EB:java.util.concurrent.CompletableFuture@7371a9bd[Not completed]
2019-09-12 10:09:22,606 [pool-102-thread-1] INFO  impl.RaftServerImpl (RaftServerImpl.java:<init>(93)) - 90fef4f2-0b30-45ed-8418-ad54fddc73e7: new RaftServerImpl for group-1DD9FBDE07EB:[90fef4f2-0b30-45ed-8418-ad54fddc73e7:192.168.36.114:44121] with ContainerStateMachine:uninitialized
2019-09-12 10:09:22,606 [pool-102-thread-1] INFO  server.RaftServerConfigKeys (ConfUtils.java:logGet(43)) - raft.server.rpc.timeout.min = 5s (custom)
2019-09-12 10:09:22,606 [pool-102-thread-1] INFO  server.RaftServerConfigKeys (ConfUtils.java:logGet(43)) - raft.server.rpc.timeout.max = 5200ms (custom)
2019-09-12 10:09:22,606 [pool-102-thread-1] INFO  server.RaftServerConfigKeys (ConfUtils.java:logGet(43)) - raft.server.rpcslowness.timeout = 120s (custom)
2019-09-12 10:09:22,607 [pool-102-thread-1] INFO  server.RaftServerConfigKeys (ConfUtils.java:logGet(43)) - raft.server.sleep.deviation.threshold = 300 (default)
2019-09-12 10:09:22,607 [pool-102-thread-1] INFO  server.RaftServerConfigKeys (ConfUtils.java:logGet(43)) - raft.server.log.appender.install.snapshot.enabled = false (custom)
2019-09-12 10:09:22,607 [pool-102-thread-1] INFO  impl.RaftServerImpl (ServerState.java:<init>(105)) - 90fef4f2-0b30-45ed-8418-ad54fddc73e7:group-1DD9FBDE07EB ConfigurationManager, init=-1: [90fef4f2-0b30-45ed-8418-ad54fddc73e7:192.168.36.114:44121], old=null, confs=<EMPTY_MAP>
2019-09-12 10:09:22,607 [pool-102-thread-1] INFO  server.RaftServerConfigKeys (ConfUtils.java:logGet(43)) - raft.server.storage.dir = [/workdir/hadoop-ozone/integration-test/target/test-dir/MiniOzoneClusterImpl-c79133c4-2f7a-4bec-a41b-f921d987c36a/datanode-2/data/ratis] (custom)
2019-09-12 10:09:22,608 [pool-102-thread-1] INFO  storage.RaftStorageDirectory (RaftStorageDirectory.java:analyzeStorage(246)) - The storage directory /workdir/hadoop-ozone/integration-test/target/test-dir/MiniOzoneClusterImpl-c79133c4-2f7a-4bec-a41b-f921d987c36a/datanode-2/data/ratis/2637caf2-05f3-474e-92e1-1dd9fbde07eb does not exist. Creating ...
2019-09-12 10:09:22,645 [pool-102-thread-1] INFO  storage.RaftStorageDirectory (RaftStorageDirectory.java:tryLock(328)) - Lock on /workdir/hadoop-ozone/integration-test/target/test-dir/MiniOzoneClusterImpl-c79133c4-2f7a-4bec-a41b-f921d987c36a/datanode-2/data/ratis/2637caf2-05f3-474e-92e1-1dd9fbde07eb/in_use.lock acquired by nodename 2537@pr-hdds-1569-58hkm-1881083799
2019-09-12 10:09:22,658 [pool-102-thread-1] INFO  storage.RaftStorage (RaftStorage.java:format(72)) - Storage directory /workdir/hadoop-ozone/integration-test/target/test-dir/MiniOzoneClusterImpl-c79133c4-2f7a-4bec-a41b-f921d987c36a/datanode-2/data/ratis/2637caf2-05f3-474e-92e1-1dd9fbde07eb has been successfully formatted.
2019-09-12 10:09:22,658 [pool-102-thread-1] INFO  ratis.ContainerStateMachine (ContainerStateMachine.java:loadSnapshot(226)) - group-1DD9FBDE07EB: The snapshot info is null. Setting the last applied indexto:(t:0, i:~)
2019-09-12 10:09:22,658 [pool-102-thread-1] INFO  server.RaftServerConfigKeys (ConfUtils.java:logGet(43)) - raft.server.leader.election.timeout = 120s (custom)
2019-09-12 10:09:22,658 [pool-102-thread-1] INFO  server.RaftServerConfigKeys (ConfUtils.java:logGet(43)) - raft.server.log.use.memory = false (default)
2019-09-12 10:09:22,658 [pool-102-thread-1] INFO  server.RaftServerConfigKeys (ConfUtils.java:logGet(43)) - raft.server.log.purge.gap = 1000000 (custom)
2019-09-12 10:09:22,658 [pool-102-thread-1] INFO  server.RaftServerConfigKeys (ConfUtils.java:logGet(43)) - raft.server.log.appender.buffer.byte-limit = 33554432 (custom)
2019-09-12 10:09:22,659 [pool-102-thread-1] INFO  server.RaftServerConfigKeys (ConfUtils.java:logGet(43)) - raft.server.log.segment.size.max = 1048576 (custom)
2019-09-12 10:09:22,659 [pool-102-thread-1] INFO  server.RaftServerConfigKeys (ConfUtils.java:logGet(43)) - raft.server.log.segment.cache.num.max = 2 (custom)
2019-09-12 10:09:22,659 [pool-102-thread-1] INFO  segmented.SegmentedRaftLogWorker (SegmentedRaftLogWorker.java:<init>(172)) - new 90fef4f2-0b30-45ed-8418-ad54fddc73e7-SegmentedRaftLogWorker:Storage Directory /workdir/hadoop-ozone/integration-test/target/test-dir/MiniOzoneClusterImpl-c79133c4-2f7a-4bec-a41b-f921d987c36a/datanode-2/data/ratis/2637caf2-05f3-474e-92e1-1dd9fbde07eb for RaftStorage:Storage Directory /workdir/hadoop-ozone/integration-test/target/test-dir/MiniOzoneClusterImpl-c79133c4-2f7a-4bec-a41b-f921d987c36a/datanode-2/data/ratis/2637caf2-05f3-474e-92e1-1dd9fbde07eb
2019-09-12 10:09:22,659 [pool-102-thread-1] INFO  server.RaftServerConfigKeys (ConfUtils.java:logGet(43)) - raft.server.log.queue.byte-limit = 2147483647 (custom)
2019-09-12 10:09:22,659 [pool-102-thread-1] INFO  server.RaftServerConfigKeys (ConfUtils.java:logGet(43)) - raft.server.log.queue.element-limit = 1024 (custom)
2019-09-12 10:09:22,659 [pool-102-thread-1] INFO  server.RaftServerConfigKeys (ConfUtils.java:logGet(43)) - raft.server.log.segment.size.max = 1048576 (custom)
2019-09-12 10:09:22,659 [pool-102-thread-1] INFO  server.RaftServerConfigKeys (ConfUtils.java:logGet(43)) - raft.server.log.preallocated.size = 16384 (custom)
2019-09-12 10:09:22,659 [pool-102-thread-1] INFO  server.RaftServerConfigKeys (ConfUtils.java:logGet(43)) - raft.server.log.write.buffer.size = 33554432 (custom)
2019-09-12 10:09:22,659 [pool-102-thread-1] INFO  server.RaftServerConfigKeys (ConfUtils.java:logGet(43)) - raft.server.log.force.sync.num = 128 (default)
2019-09-12 10:09:22,660 [pool-102-thread-1] INFO  server.RaftServerConfigKeys (ConfUtils.java:logGet(43)) - raft.server.log.statemachine.data.sync = true (default)
2019-09-12 10:09:22,660 [pool-102-thread-1] INFO  server.RaftServerConfigKeys (ConfUtils.java:logGet(43)) - raft.server.log.statemachine.data.sync.timeout = 10s (default)
2019-09-12 10:09:22,660 [pool-102-thread-1] INFO  server.RaftServerConfigKeys (ConfUtils.java:logGet(43)) - raft.server.log.statemachine.data.sync.timeout.retry = -1 (default)
2019-09-12 10:09:22,660 [pool-102-thread-1] INFO  server.RaftServerConfigKeys (ConfUtils.java:logGet(43)) - raft.server.log.statemachine.data.caching.enabled = true (custom)
2019-09-12 10:09:22,660 [pool-102-thread-1] INFO  segmented.SegmentedRaftLogWorker (SegmentedRaftLogWorker.java:lambda$new$0(132)) - 90fef4f2-0b30-45ed-8418-ad54fddc73e7-SegmentedRaftLogWorker:Storage Directory /workdir/hadoop-ozone/integration-test/target/test-dir/MiniOzoneClusterImpl-c79133c4-2f7a-4bec-a41b-f921d987c36a/datanode-2/data/ratis/2637caf2-05f3-474e-92e1-1dd9fbde07eb: flushIndex: setUnconditionally 0 -> -1
2019-09-12 10:09:22,661 [pool-102-thread-1] INFO  server.RaftServerConfigKeys (ConfUtils.java:logGet(43)) - raft.server.snapshot.auto.trigger.enabled = true (custom)
2019-09-12 10:09:22,661 [pool-102-thread-1] INFO  server.RaftServerConfigKeys (ConfUtils.java:logGet(43)) - raft.server.snapshot.auto.trigger.threshold = 10000 (custom)
2019-09-12 10:09:22,661 [pool-102-thread-1] INFO  server.RaftServerConfigKeys (ConfUtils.java:logGet(43)) - raft.server.retrycache.expirytime = 600000ms (custom)
2019-09-12 10:09:22,661 [pool-102-thread-1] INFO  impl.RaftServerImpl (RaftServerImpl.java:start(180)) - 90fef4f2-0b30-45ed-8418-ad54fddc73e7: start group-1DD9FBDE07EB
2019-09-12 10:09:22,661 [pool-102-thread-1] INFO  impl.RaftServerImpl (RaftServerImpl.java:setRole(171)) - 90fef4f2-0b30-45ed-8418-ad54fddc73e7:group-1DD9FBDE07EB changes role from null to FOLLOWER at term 0 for startAsFollower
2019-09-12 10:09:22,661 [pool-102-thread-1] INFO  impl.RoleInfo (RoleInfo.java:updateAndGet(143)) - 90fef4f2-0b30-45ed-8418-ad54fddc73e7: start FollowerState
2019-09-12 10:09:22,662 [pool-102-thread-1] INFO  util.JmxRegister (JmxRegister.java:tryRegister(44)) - Successfully registered JMX Bean with object name Ratis:service=RaftServer,group=group-1DD9FBDE07EB,id=90fef4f2-0b30-45ed-8418-ad54fddc73e7
2019-09-12 10:09:22,666 [RatisPipelineUtilsThread] INFO  pipeline.PipelineStateManager (PipelineStateManager.java:addPipeline(56)) - Created pipeline Pipeline[ Id: 2637caf2-05f3-474e-92e1-1dd9fbde07eb, Nodes: 90fef4f2-0b30-45ed-8418-ad54fddc73e7{ip: 192.168.36.114, host: pr-hdds-1569-58hkm-1881083799, networkLocation: /default-rack, certSerialId: null}, Type:RATIS, Factor:ONE, State:OPEN]
2019-09-12 10:09:22,667 [RatisPipelineUtilsThread] ERROR pipeline.PipelinePlacementPolicy (PipelinePlacementPolicy.java:meetCriteria(92)) - Pipeline Placement: Doesn't meet the criteria to be viable node. Heaviness: 6
2019-09-12 10:09:22,667 [RatisPipelineUtilsThread] ERROR pipeline.PipelinePlacementPolicy (PipelinePlacementPolicy.java:meetCriteria(92)) - Pipeline Placement: Doesn't meet the criteria to be viable node. Heaviness: 6
2019-09-12 10:09:22,675 [grpc-default-executor-0] INFO  impl.RaftServerProxy (RaftServerProxy.java:addNew(89)) - 90fef4f2-0b30-45ed-8418-ad54fddc73e7: addNew group-A0B3F5137C2C:[90fef4f2-0b30-45ed-8418-ad54fddc73e7:192.168.36.114:44121] returns group-A0B3F5137C2C:java.util.concurrent.CompletableFuture@1362c51[Not completed]
2019-09-12 10:09:22,676 [pool-102-thread-1] INFO  impl.RaftServerImpl (RaftServerImpl.java:<init>(93)) - 90fef4f2-0b30-45ed-8418-ad54fddc73e7: new RaftServerImpl for group-A0B3F5137C2C:[90fef4f2-0b30-45ed-8418-ad54fddc73e7:192.168.36.114:44121] with ContainerStateMachine:uninitialized
2019-09-12 10:09:22,676 [pool-102-thread-1] INFO  server.RaftServerConfigKeys (ConfUtils.java:logGet(43)) - raft.server.rpc.timeout.min = 5s (custom)
2019-09-12 10:09:22,676 [pool-102-thread-1] INFO  server.RaftServerConfigKeys (ConfUtils.java:logGet(43)) - raft.server.rpc.timeout.max = 5200ms (custom)
2019-09-12 10:09:22,676 [pool-102-thread-1] INFO  server.RaftServerConfigKeys (ConfUtils.java:logGet(43)) - raft.server.rpcslowness.timeout = 120s (custom)
2019-09-12 10:09:22,677 [pool-102-thread-1] INFO  server.RaftServerConfigKeys (ConfUtils.java:logGet(43)) - raft.server.sleep.deviation.threshold = 300 (default)
2019-09-12 10:09:22,677 [pool-102-thread-1] INFO  server.RaftServerConfigKeys (ConfUtils.java:logGet(43)) - raft.server.log.appender.install.snapshot.enabled = false (custom)
2019-09-12 10:09:22,677 [pool-102-thread-1] INFO  impl.RaftServerImpl (ServerState.java:<init>(105)) - 90fef4f2-0b30-45ed-8418-ad54fddc73e7:group-A0B3F5137C2C ConfigurationManager, init=-1: [90fef4f2-0b30-45ed-8418-ad54fddc73e7:192.168.36.114:44121], old=null, confs=<EMPTY_MAP>
2019-09-12 10:09:22,677 [pool-102-thread-1] INFO  server.RaftServerConfigKeys (ConfUtils.java:logGet(43)) - raft.server.storage.dir = [/workdir/hadoop-ozone/integration-test/target/test-dir/MiniOzoneClusterImpl-c79133c4-2f7a-4bec-a41b-f921d987c36a/datanode-2/data/ratis] (custom)
2019-09-12 10:09:22,677 [pool-102-thread-1] INFO  storage.RaftStorageDirectory (RaftStorageDirectory.java:analyzeStorage(246)) - The storage directory /workdir/hadoop-ozone/integration-test/target/test-dir/MiniOzoneClusterImpl-c79133c4-2f7a-4bec-a41b-f921d987c36a/datanode-2/data/ratis/a06dcccd-02da-4c4f-99ff-a0b3f5137c2c does not exist. Creating ...
2019-09-12 10:09:22,689 [pool-102-thread-1] INFO  storage.RaftStorageDirectory (RaftStorageDirectory.java:tryLock(328)) - Lock on /workdir/hadoop-ozone/integration-test/target/test-dir/MiniOzoneClusterImpl-c79133c4-2f7a-4bec-a41b-f921d987c36a/datanode-2/data/ratis/a06dcccd-02da-4c4f-99ff-a0b3f5137c2c/in_use.lock acquired by nodename 2537@pr-hdds-1569-58hkm-1881083799
2019-09-12 10:09:22,693 [pool-102-thread-1] INFO  storage.RaftStorage (RaftStorage.java:format(72)) - Storage directory /workdir/hadoop-ozone/integration-test/target/test-dir/MiniOzoneClusterImpl-c79133c4-2f7a-4bec-a41b-f921d987c36a/datanode-2/data/ratis/a06dcccd-02da-4c4f-99ff-a0b3f5137c2c has been successfully formatted.
2019-09-12 10:09:22,693 [pool-102-thread-1] INFO  ratis.ContainerStateMachine (ContainerStateMachine.java:loadSnapshot(226)) - group-A0B3F5137C2C: The snapshot info is null. Setting the last applied indexto:(t:0, i:~)
2019-09-12 10:09:22,693 [pool-102-thread-1] INFO  server.RaftServerConfigKeys (ConfUtils.java:logGet(43)) - raft.server.leader.election.timeout = 120s (custom)
2019-09-12 10:09:22,693 [pool-102-thread-1] INFO  server.RaftServerConfigKeys (ConfUtils.java:logGet(43)) - raft.server.log.use.memory = false (default)
2019-09-12 10:09:22,693 [pool-102-thread-1] INFO  server.RaftServerConfigKeys (ConfUtils.java:logGet(43)) - raft.server.log.purge.gap = 1000000 (custom)
2019-09-12 10:09:22,693 [pool-102-thread-1] INFO  server.RaftServerConfigKeys (ConfUtils.java:logGet(43)) - raft.server.log.appender.buffer.byte-limit = 33554432 (custom)
2019-09-12 10:09:22,693 [pool-102-thread-1] INFO  server.RaftServerConfigKeys (ConfUtils.java:logGet(43)) - raft.server.log.segment.size.max = 1048576 (custom)
2019-09-12 10:09:22,694 [pool-102-thread-1] INFO  server.RaftServerConfigKeys (ConfUtils.java:logGet(43)) - raft.server.log.segment.cache.num.max = 2 (custom)
2019-09-12 10:09:22,694 [pool-102-thread-1] INFO  segmented.SegmentedRaftLogWorker (SegmentedRaftLogWorker.java:<init>(172)) - new 90fef4f2-0b30-45ed-8418-ad54fddc73e7-SegmentedRaftLogWorker:Storage Directory /workdir/hadoop-ozone/integration-test/target/test-dir/MiniOzoneClusterImpl-c79133c4-2f7a-4bec-a41b-f921d987c36a/datanode-2/data/ratis/a06dcccd-02da-4c4f-99ff-a0b3f5137c2c for RaftStorage:Storage Directory /workdir/hadoop-ozone/integration-test/target/test-dir/MiniOzoneClusterImpl-c79133c4-2f7a-4bec-a41b-f921d987c36a/datanode-2/data/ratis/a06dcccd-02da-4c4f-99ff-a0b3f5137c2c
2019-09-12 10:09:22,694 [pool-102-thread-1] INFO  server.RaftServerConfigKeys (ConfUtils.java:logGet(43)) - raft.server.log.queue.byte-limit = 2147483647 (custom)
2019-09-12 10:09:22,694 [pool-102-thread-1] INFO  server.RaftServerConfigKeys (ConfUtils.java:logGet(43)) - raft.server.log.queue.element-limit = 1024 (custom)
2019-09-12 10:09:22,694 [pool-102-thread-1] INFO  server.RaftServerConfigKeys (ConfUtils.java:logGet(43)) - raft.server.log.segment.size.max = 1048576 (custom)
2019-09-12 10:09:22,694 [pool-102-thread-1] INFO  server.RaftServerConfigKeys (ConfUtils.java:logGet(43)) - raft.server.log.preallocated.size = 16384 (custom)
2019-09-12 10:09:22,694 [pool-102-thread-1] INFO  server.RaftServerConfigKeys (ConfUtils.java:logGet(43)) - raft.server.log.write.buffer.size = 33554432 (custom)
2019-09-12 10:09:22,694 [pool-102-thread-1] INFO  server.RaftServerConfigKeys (ConfUtils.java:logGet(43)) - raft.server.log.force.sync.num = 128 (default)
2019-09-12 10:09:22,694 [pool-102-thread-1] INFO  server.RaftServerConfigKeys (ConfUtils.java:logGet(43)) - raft.server.log.statemachine.data.sync = true (default)
2019-09-12 10:09:22,694 [pool-102-thread-1] INFO  server.RaftServerConfigKeys (ConfUtils.java:logGet(43)) - raft.server.log.statemachine.data.sync.timeout = 10s (default)
2019-09-12 10:09:22,695 [pool-102-thread-1] INFO  server.RaftServerConfigKeys (ConfUtils.java:logGet(43)) - raft.server.log.statemachine.data.sync.timeout.retry = -1 (default)
2019-09-12 10:09:22,695 [pool-102-thread-1] INFO  server.RaftServerConfigKeys (ConfUtils.java:logGet(43)) - raft.server.log.statemachine.data.caching.enabled = true (custom)
2019-09-12 10:09:22,695 [pool-102-thread-1] INFO  segmented.SegmentedRaftLogWorker (SegmentedRaftLogWorker.java:lambda$new$0(132)) - 90fef4f2-0b30-45ed-8418-ad54fddc73e7-SegmentedRaftLogWorker:Storage Directory /workdir/hadoop-ozone/integration-test/target/test-dir/MiniOzoneClusterImpl-c79133c4-2f7a-4bec-a41b-f921d987c36a/datanode-2/data/ratis/a06dcccd-02da-4c4f-99ff-a0b3f5137c2c: flushIndex: setUnconditionally 0 -> -1
2019-09-12 10:09:22,695 [pool-102-thread-1] INFO  server.RaftServerConfigKeys (ConfUtils.java:logGet(43)) - raft.server.snapshot.auto.trigger.enabled = true (custom)
2019-09-12 10:09:22,695 [pool-102-thread-1] INFO  server.RaftServerConfigKeys (ConfUtils.java:logGet(43)) - raft.server.snapshot.auto.trigger.threshold = 10000 (custom)
2019-09-12 10:09:22,695 [pool-102-thread-1] INFO  server.RaftServerConfigKeys (ConfUtils.java:logGet(43)) - raft.server.retrycache.expirytime = 600000ms (custom)
2019-09-12 10:09:22,696 [pool-102-thread-1] INFO  impl.RaftServerImpl (RaftServerImpl.java:start(180)) - 90fef4f2-0b30-45ed-8418-ad54fddc73e7: start group-A0B3F5137C2C
2019-09-12 10:09:22,696 [pool-102-thread-1] INFO  impl.RaftServerImpl (RaftServerImpl.java:setRole(171)) - 90fef4f2-0b30-45ed-8418-ad54fddc73e7:group-A0B3F5137C2C changes role from null to FOLLOWER at term 0 for startAsFollower
2019-09-12 10:09:22,696 [pool-102-thread-1] INFO  impl.RoleInfo (RoleInfo.java:updateAndGet(143)) - 90fef4f2-0b30-45ed-8418-ad54fddc73e7: start FollowerState
2019-09-12 10:09:22,696 [pool-102-thread-1] INFO  util.JmxRegister (JmxRegister.java:tryRegister(44)) - Successfully registered JMX Bean with object name Ratis:service=RaftServer,group=group-A0B3F5137C2C,id=90fef4f2-0b30-45ed-8418-ad54fddc73e7
2019-09-12 10:09:22,699 [RatisPipelineUtilsThread] INFO  pipeline.PipelineStateManager (PipelineStateManager.java:addPipeline(56)) - Created pipeline Pipeline[ Id: a06dcccd-02da-4c4f-99ff-a0b3f5137c2c, Nodes: 90fef4f2-0b30-45ed-8418-ad54fddc73e7{ip: 192.168.36.114, host: pr-hdds-1569-58hkm-1881083799, networkLocation: /default-rack, certSerialId: null}, Type:RATIS, Factor:ONE, State:OPEN]
2019-09-12 10:09:22,700 [RatisPipelineUtilsThread] ERROR pipeline.PipelinePlacementPolicy (PipelinePlacementPolicy.java:meetCriteria(92)) - Pipeline Placement: Doesn't meet the criteria to be viable node. Heaviness: 6
2019-09-12 10:09:22,700 [RatisPipelineUtilsThread] ERROR pipeline.PipelinePlacementPolicy (PipelinePlacementPolicy.java:meetCriteria(92)) - Pipeline Placement: Doesn't meet the criteria to be viable node. Heaviness: 6
2019-09-12 10:09:22,706 [grpc-default-executor-0] INFO  impl.RaftServerProxy (RaftServerProxy.java:addNew(89)) - 90fef4f2-0b30-45ed-8418-ad54fddc73e7: addNew group-175ADCB22436:[90fef4f2-0b30-45ed-8418-ad54fddc73e7:192.168.36.114:44121] returns group-175ADCB22436:java.util.concurrent.CompletableFuture@6f79b056[Not completed]
2019-09-12 10:09:22,707 [pool-102-thread-1] INFO  impl.RaftServerImpl (RaftServerImpl.java:<init>(93)) - 90fef4f2-0b30-45ed-8418-ad54fddc73e7: new RaftServerImpl for group-175ADCB22436:[90fef4f2-0b30-45ed-8418-ad54fddc73e7:192.168.36.114:44121] with ContainerStateMachine:uninitialized
2019-09-12 10:09:22,707 [pool-102-thread-1] INFO  server.RaftServerConfigKeys (ConfUtils.java:logGet(43)) - raft.server.rpc.timeout.min = 5s (custom)
2019-09-12 10:09:22,707 [pool-102-thread-1] INFO  server.RaftServerConfigKeys (ConfUtils.java:logGet(43)) - raft.server.rpc.timeout.max = 5200ms (custom)
2019-09-12 10:09:22,708 [pool-102-thread-1] INFO  server.RaftServerConfigKeys (ConfUtils.java:logGet(43)) - raft.server.rpcslowness.timeout = 120s (custom)
2019-09-12 10:09:22,708 [pool-102-thread-1] INFO  server.RaftServerConfigKeys (ConfUtils.java:logGet(43)) - raft.server.sleep.deviation.threshold = 300 (default)
2019-09-12 10:09:22,708 [pool-102-thread-1] INFO  server.RaftServerConfigKeys (ConfUtils.java:logGet(43)) - raft.server.log.appender.install.snapshot.enabled = false (custom)
2019-09-12 10:09:22,708 [pool-102-thread-1] INFO  impl.RaftServerImpl (ServerState.java:<init>(105)) - 90fef4f2-0b30-45ed-8418-ad54fddc73e7:group-175ADCB22436 ConfigurationManager, init=-1: [90fef4f2-0b30-45ed-8418-ad54fddc73e7:192.168.36.114:44121], old=null, confs=<EMPTY_MAP>
2019-09-12 10:09:22,708 [pool-102-thread-1] INFO  server.RaftServerConfigKeys (ConfUtils.java:logGet(43)) - raft.server.storage.dir = [/workdir/hadoop-ozone/integration-test/target/test-dir/MiniOzoneClusterImpl-c79133c4-2f7a-4bec-a41b-f921d987c36a/datanode-2/data/ratis] (custom)
2019-09-12 10:09:22,708 [pool-102-thread-1] INFO  storage.RaftStorageDirectory (RaftStorageDirectory.java:analyzeStorage(246)) - The storage directory /workdir/hadoop-ozone/integration-test/target/test-dir/MiniOzoneClusterImpl-c79133c4-2f7a-4bec-a41b-f921d987c36a/datanode-2/data/ratis/2454fb29-c82d-4d2f-a9a8-175adcb22436 does not exist. Creating ...
2019-09-12 10:09:22,714 [pool-102-thread-1] INFO  storage.RaftStorageDirectory (RaftStorageDirectory.java:tryLock(328)) - Lock on /workdir/hadoop-ozone/integration-test/target/test-dir/MiniOzoneClusterImpl-c79133c4-2f7a-4bec-a41b-f921d987c36a/datanode-2/data/ratis/2454fb29-c82d-4d2f-a9a8-175adcb22436/in_use.lock acquired by nodename 2537@pr-hdds-1569-58hkm-1881083799
2019-09-12 10:09:22,727 [pool-102-thread-1] INFO  storage.RaftStorage (RaftStorage.java:format(72)) - Storage directory /workdir/hadoop-ozone/integration-test/target/test-dir/MiniOzoneClusterImpl-c79133c4-2f7a-4bec-a41b-f921d987c36a/datanode-2/data/ratis/2454fb29-c82d-4d2f-a9a8-175adcb22436 has been successfully formatted.
2019-09-12 10:09:22,727 [pool-102-thread-1] INFO  ratis.ContainerStateMachine (ContainerStateMachine.java:loadSnapshot(226)) - group-175ADCB22436: The snapshot info is null. Setting the last applied indexto:(t:0, i:~)
2019-09-12 10:09:22,727 [pool-102-thread-1] INFO  server.RaftServerConfigKeys (ConfUtils.java:logGet(43)) - raft.server.leader.election.timeout = 120s (custom)
2019-09-12 10:09:22,727 [pool-102-thread-1] INFO  server.RaftServerConfigKeys (ConfUtils.java:logGet(43)) - raft.server.log.use.memory = false (default)
2019-09-12 10:09:22,727 [pool-102-thread-1] INFO  server.RaftServerConfigKeys (ConfUtils.java:logGet(43)) - raft.server.log.purge.gap = 1000000 (custom)
2019-09-12 10:09:22,727 [pool-102-thread-1] INFO  server.RaftServerConfigKeys (ConfUtils.java:logGet(43)) - raft.server.log.appender.buffer.byte-limit = 33554432 (custom)
2019-09-12 10:09:22,728 [pool-102-thread-1] INFO  server.RaftServerConfigKeys (ConfUtils.java:logGet(43)) - raft.server.log.segment.size.max = 1048576 (custom)
2019-09-12 10:09:22,728 [pool-102-thread-1] INFO  server.RaftServerConfigKeys (ConfUtils.java:logGet(43)) - raft.server.log.segment.cache.num.max = 2 (custom)
2019-09-12 10:09:22,728 [pool-102-thread-1] INFO  segmented.SegmentedRaftLogWorker (SegmentedRaftLogWorker.java:<init>(172)) - new 90fef4f2-0b30-45ed-8418-ad54fddc73e7-SegmentedRaftLogWorker:Storage Directory /workdir/hadoop-ozone/integration-test/target/test-dir/MiniOzoneClusterImpl-c79133c4-2f7a-4bec-a41b-f921d987c36a/datanode-2/data/ratis/2454fb29-c82d-4d2f-a9a8-175adcb22436 for RaftStorage:Storage Directory /workdir/hadoop-ozone/integration-test/target/test-dir/MiniOzoneClusterImpl-c79133c4-2f7a-4bec-a41b-f921d987c36a/datanode-2/data/ratis/2454fb29-c82d-4d2f-a9a8-175adcb22436
2019-09-12 10:09:22,728 [pool-102-thread-1] INFO  server.RaftServerConfigKeys (ConfUtils.java:logGet(43)) - raft.server.log.queue.byte-limit = 2147483647 (custom)
2019-09-12 10:09:22,728 [pool-102-thread-1] INFO  server.RaftServerConfigKeys (ConfUtils.java:logGet(43)) - raft.server.log.queue.element-limit = 1024 (custom)
2019-09-12 10:09:22,728 [pool-102-thread-1] INFO  server.RaftServerConfigKeys (ConfUtils.java:logGet(43)) - raft.server.log.segment.size.max = 1048576 (custom)
2019-09-12 10:09:22,728 [pool-102-thread-1] INFO  server.RaftServerConfigKeys (ConfUtils.java:logGet(43)) - raft.server.log.preallocated.size = 16384 (custom)
2019-09-12 10:09:22,728 [pool-102-thread-1] INFO  server.RaftServerConfigKeys (ConfUtils.java:logGet(43)) - raft.server.log.write.buffer.size = 33554432 (custom)
2019-09-12 10:09:22,728 [pool-102-thread-1] INFO  server.RaftServerConfigKeys (ConfUtils.java:logGet(43)) - raft.server.log.force.sync.num = 128 (default)
2019-09-12 10:09:22,728 [pool-102-thread-1] INFO  server.RaftServerConfigKeys (ConfUtils.java:logGet(43)) - raft.server.log.statemachine.data.sync = true (default)
2019-09-12 10:09:22,729 [pool-102-thread-1] INFO  server.RaftServerConfigKeys (ConfUtils.java:logGet(43)) - raft.server.log.statemachine.data.sync.timeout = 10s (default)
2019-09-12 10:09:22,729 [pool-102-thread-1] INFO  server.RaftServerConfigKeys (ConfUtils.java:logGet(43)) - raft.server.log.statemachine.data.sync.timeout.retry = -1 (default)
2019-09-12 10:09:22,729 [pool-102-thread-1] INFO  server.RaftServerConfigKeys (ConfUtils.java:logGet(43)) - raft.server.log.statemachine.data.caching.enabled = true (custom)
2019-09-12 10:09:22,729 [pool-102-thread-1] INFO  segmented.SegmentedRaftLogWorker (SegmentedRaftLogWorker.java:lambda$new$0(132)) - 90fef4f2-0b30-45ed-8418-ad54fddc73e7-SegmentedRaftLogWorker:Storage Directory /workdir/hadoop-ozone/integration-test/target/test-dir/MiniOzoneClusterImpl-c79133c4-2f7a-4bec-a41b-f921d987c36a/datanode-2/data/ratis/2454fb29-c82d-4d2f-a9a8-175adcb22436: flushIndex: setUnconditionally 0 -> -1
2019-09-12 10:09:22,729 [pool-102-thread-1] INFO  server.RaftServerConfigKeys (ConfUtils.java:logGet(43)) - raft.server.snapshot.auto.trigger.enabled = true (custom)
2019-09-12 10:09:22,729 [pool-102-thread-1] INFO  server.RaftServerConfigKeys (ConfUtils.java:logGet(43)) - raft.server.snapshot.auto.trigger.threshold = 10000 (custom)
2019-09-12 10:09:22,730 [pool-102-thread-1] INFO  server.RaftServerConfigKeys (ConfUtils.java:logGet(43)) - raft.server.retrycache.expirytime = 600000ms (custom)
2019-09-12 10:09:22,730 [pool-102-thread-1] INFO  impl.RaftServerImpl (RaftServerImpl.java:start(180)) - 90fef4f2-0b30-45ed-8418-ad54fddc73e7: start group-175ADCB22436
2019-09-12 10:09:22,730 [pool-102-thread-1] INFO  impl.RaftServerImpl (RaftServerImpl.java:setRole(171)) - 90fef4f2-0b30-45ed-8418-ad54fddc73e7:group-175ADCB22436 changes role from null to FOLLOWER at term 0 for startAsFollower
2019-09-12 10:09:22,730 [pool-102-thread-1] INFO  impl.RoleInfo (RoleInfo.java:updateAndGet(143)) - 90fef4f2-0b30-45ed-8418-ad54fddc73e7: start FollowerState
2019-09-12 10:09:22,730 [pool-102-thread-1] INFO  util.JmxRegister (JmxRegister.java:tryRegister(44)) - Successfully registered JMX Bean with object name Ratis:service=RaftServer,group=group-175ADCB22436,id=90fef4f2-0b30-45ed-8418-ad54fddc73e7
2019-09-12 10:09:22,734 [RatisPipelineUtilsThread] INFO  pipeline.PipelineStateManager (PipelineStateManager.java:addPipeline(56)) - Created pipeline Pipeline[ Id: 2454fb29-c82d-4d2f-a9a8-175adcb22436, Nodes: 90fef4f2-0b30-45ed-8418-ad54fddc73e7{ip: 192.168.36.114, host: pr-hdds-1569-58hkm-1881083799, networkLocation: /default-rack, certSerialId: null}, Type:RATIS, Factor:ONE, State:OPEN]
2019-09-12 10:09:22,734 [RatisPipelineUtilsThread] ERROR pipeline.PipelinePlacementPolicy (PipelinePlacementPolicy.java:meetCriteria(92)) - Pipeline Placement: Doesn't meet the criteria to be viable node. Heaviness: 6
2019-09-12 10:09:22,735 [RatisPipelineUtilsThread] ERROR pipeline.PipelinePlacementPolicy (PipelinePlacementPolicy.java:meetCriteria(92)) - Pipeline Placement: Doesn't meet the criteria to be viable node. Heaviness: 6
2019-09-12 10:09:22,735 [RatisPipelineUtilsThread] ERROR pipeline.PipelinePlacementPolicy (PipelinePlacementPolicy.java:meetCriteria(92)) - Pipeline Placement: Doesn't meet the criteria to be viable node. Heaviness: 6
2019-09-12 10:09:22,735 [RatisPipelineUtilsThread] ERROR pipeline.PipelinePlacementPolicy (PipelinePlacementPolicy.java:filterViableNodes(147)) - Unable to find enough nodes that meet the criteria that cannot engage in more than 5 pipelines. Nodes required: 1 Found: 0, healthy nodes count inNodeManager: 3.
2019-09-12 10:09:22,735 [RatisPipelineUtilsThread] ERROR pipeline.SCMPipelineManager (SCMPipelineManager.java:createPipeline(161)) - Pipeline creation failed due to exception: Unable to find enough nodes that meet the criteria that cannot engage in more than 5 pipelines. Nodes required: 1 Found: 0, healthy nodes count inNodeManager: 3.
2019-09-12 10:09:22,735 [main] ERROR pipeline.PipelinePlacementPolicy (PipelinePlacementPolicy.java:meetCriteria(92)) - Pipeline Placement: Doesn't meet the criteria to be viable node. Heaviness: 6
2019-09-12 10:09:22,736 [main] ERROR pipeline.PipelinePlacementPolicy (PipelinePlacementPolicy.java:meetCriteria(92)) - Pipeline Placement: Doesn't meet the criteria to be viable node. Heaviness: 6
2019-09-12 10:09:22,736 [main] ERROR pipeline.PipelinePlacementPolicy (PipelinePlacementPolicy.java:meetCriteria(92)) - Pipeline Placement: Doesn't meet the criteria to be viable node. Heaviness: 6
2019-09-12 10:09:22,736 [main] ERROR pipeline.PipelinePlacementPolicy (PipelinePlacementPolicy.java:filterViableNodes(147)) - Unable to find enough nodes that meet the criteria that cannot engage in more than 5 pipelines. Nodes required: 3 Found: 0, healthy nodes count inNodeManager: 3.
2019-09-12 10:09:22,737 [main] ERROR pipeline.SCMPipelineManager (SCMPipelineManager.java:createPipeline(161)) - Pipeline creation failed due to exception: Unable to find enough nodes that meet the criteria that cannot engage in more than 5 pipelines. Nodes required: 3 Found: 0, healthy nodes count inNodeManager: 3.
2019-09-12 10:09:22,737 [main] INFO  ozone.MiniOzoneClusterImpl (MiniOzoneClusterImpl.java:shutdown(321)) - Shutting down the Mini Ozone Cluster
2019-09-12 10:09:22,737 [RatisPipelineUtilsThread] ERROR pipeline.PipelinePlacementPolicy (PipelinePlacementPolicy.java:meetCriteria(92)) - Pipeline Placement: Doesn't meet the criteria to be viable node. Heaviness: 6
2019-09-12 10:09:22,737 | INFO  | SCMAudit | user=null | ip=null | op=GET_SCM_INFO null | ret=SUCCESS |  
2019-09-12 10:09:22,737 [RatisPipelineUtilsThread] ERROR pipeline.PipelinePlacementPolicy (PipelinePlacementPolicy.java:meetCriteria(92)) - Pipeline Placement: Doesn't meet the criteria to be viable node. Heaviness: 6
2019-09-12 10:09:22,737 [main] INFO  ozone.MiniOzoneClusterImpl (MiniOzoneClusterImpl.java:stop(336)) - Stopping the Mini Ozone Cluster
2019-09-12 10:09:22,738 [main] INFO  ozone.MiniOzoneClusterImpl (MiniOzoneClusterImpl.java:stop(338)) - Stopping the OzoneManager
2019-09-12 10:09:22,738 [RatisPipelineUtilsThread] ERROR pipeline.PipelinePlacementPolicy (PipelinePlacementPolicy.java:meetCriteria(92)) - Pipeline Placement: Doesn't meet the criteria to be viable node. Heaviness: 6
2019-09-12 10:09:22,738 [main] INFO  ipc.Server (Server.java:stop(3082)) - Stopping server on 34475
2019-09-12 10:09:22,739 [RatisPipelineUtilsThread] ERROR pipeline.PipelinePlacementPolicy (PipelinePlacementPolicy.java:filterViableNodes(147)) - Unable to find enough nodes that meet the criteria that cannot engage in more than 5 pipelines. Nodes required: 3 Found: 0, healthy nodes count inNodeManager: 3.
2019-09-12 10:09:22,742 [RatisPipelineUtilsThread] ERROR pipeline.SCMPipelineManager (SCMPipelineManager.java:createPipeline(161)) - Pipeline creation failed due to exception: Unable to find enough nodes that meet the criteria that cannot engage in more than 5 pipelines. Nodes required: 3 Found: 0, healthy nodes count inNodeManager: 3.
2019-09-12 10:09:22,744 [RatisPipelineUtilsThread] ERROR pipeline.PipelinePlacementPolicy (PipelinePlacementPolicy.java:meetCriteria(92)) - Pipeline Placement: Doesn't meet the criteria to be viable node. Heaviness: 6
2019-09-12 10:09:22,748 [IPC Server listener on 34475] INFO  ipc.Server (Server.java:run(1185)) - Stopping IPC Server listener on 34475
2019-09-12 10:09:22,750 [IPC Server Responder] INFO  ipc.Server (Server.java:run(1319)) - Stopping IPC Server Responder
2019-09-12 10:09:22,750 [main] INFO  ratis.OzoneManagerDoubleBuffer (OzoneManagerDoubleBuffer.java:stop(248)) - Stopping OMDoubleBuffer flush thread
2019-09-12 10:09:22,748 [RatisPipelineUtilsThread] ERROR pipeline.PipelinePlacementPolicy (PipelinePlacementPolicy.java:meetCriteria(92)) - Pipeline Placement: Doesn't meet the criteria to be viable node. Heaviness: 6
2019-09-12 10:09:22,763 [OMDoubleBufferFlushThread] INFO  ratis.OzoneManagerDoubleBuffer (OzoneManagerDoubleBuffer.java:flushTransactions(191)) - OMDoubleBuffer flush thread OMDoubleBufferFlushThread is interrupted and will exit. OMDoubleBufferFlushThread
2019-09-12 10:09:22,763 [RatisPipelineUtilsThread] ERROR pipeline.PipelinePlacementPolicy (PipelinePlacementPolicy.java:meetCriteria(92)) - Pipeline Placement: Doesn't meet the criteria to be viable node. Heaviness: 6
2019-09-12 10:09:22,764 [main] INFO  utils.BackgroundService (BackgroundService.java:shutdown(148)) - Shutting down service KeyDeletingService
2019-09-12 10:09:22,764 [RatisPipelineUtilsThread] ERROR pipeline.PipelinePlacementPolicy (PipelinePlacementPolicy.java:filterViableNodes(147)) - Unable to find enough nodes that meet the criteria that cannot engage in more than 5 pipelines. Nodes required: 1 Found: 0, healthy nodes count inNodeManager: 3.
2019-09-12 10:09:22,764 [RatisPipelineUtilsThread] ERROR pipeline.SCMPipelineManager (SCMPipelineManager.java:createPipeline(161)) - Pipeline creation failed due to exception: Unable to find enough nodes that meet the criteria that cannot engage in more than 5 pipelines. Nodes required: 1 Found: 0, healthy nodes count inNodeManager: 3.
2019-09-12 10:09:22,764 [RatisPipelineUtilsThread] ERROR pipeline.PipelinePlacementPolicy (PipelinePlacementPolicy.java:meetCriteria(92)) - Pipeline Placement: Doesn't meet the criteria to be viable node. Heaviness: 6
2019-09-12 10:09:22,764 [RatisPipelineUtilsThread] ERROR pipeline.PipelinePlacementPolicy (PipelinePlacementPolicy.java:meetCriteria(92)) - Pipeline Placement: Doesn't meet the criteria to be viable node. Heaviness: 6
2019-09-12 10:09:22,764 [RatisPipelineUtilsThread] ERROR pipeline.PipelinePlacementPolicy (PipelinePlacementPolicy.java:meetCriteria(92)) - Pipeline Placement: Doesn't meet the criteria to be viable node. Heaviness: 6
2019-09-12 10:09:22,765 [RatisPipelineUtilsThread] ERROR pipeline.PipelinePlacementPolicy (PipelinePlacementPolicy.java:filterViableNodes(147)) - Unable to find enough nodes that meet the criteria that cannot engage in more than 5 pipelines. Nodes required: 3 Found: 0, healthy nodes count inNodeManager: 3.
2019-09-12 10:09:22,765 [RatisPipelineUtilsThread] ERROR pipeline.SCMPipelineManager (SCMPipelineManager.java:createPipeline(161)) - Pipeline creation failed due to exception: Unable to find enough nodes that meet the criteria that cannot engage in more than 5 pipelines. Nodes required: 3 Found: 0, healthy nodes count inNodeManager: 3.
2019-09-12 10:09:22,765 [main] INFO  handler.ContextHandler (ContextHandler.java:doStop(910)) - Stopped o.e.j.w.WebAppContext@7364f68{/,null,UNAVAILABLE}{/ozoneManager}
2019-09-12 10:09:22,766 [main] INFO  server.AbstractConnector (AbstractConnector.java:doStop(318)) - Stopped ServerConnector@55a0f011{HTTP/1.1,[http/1.1]}{0.0.0.0:0}
2019-09-12 10:09:22,766 [main] INFO  handler.ContextHandler (ContextHandler.java:doStop(910)) - Stopped o.e.j.s.ServletContextHandler@45c80312{/static,file:///workdir/hadoop-ozone/integration-test/target/test-classes/webapps/static,UNAVAILABLE}
2019-09-12 10:09:22,767 [main] INFO  handler.ContextHandler (ContextHandler.java:doStop(910)) - Stopped o.e.j.s.ServletContextHandler@1c6a0103{/logs,file:///workdir/hadoop-ozone/integration-test/target/log,UNAVAILABLE}
2019-09-12 10:09:22,769 [main] INFO  ozone.MiniOzoneClusterImpl (MiniOzoneClusterImpl.java:stop(344)) - Shutting the HddsDatanodes
2019-09-12 10:09:22,770 [main] INFO  datanode.ObjectStoreHandler (ObjectStoreHandler.java:close(155)) - Closing ObjectStoreHandler.
2019-09-12 10:09:22,770 [ForkJoinPool.commonPool-worker-0] INFO  datanode.ObjectStoreHandler (ObjectStoreHandler.java:close(155)) - Closing ObjectStoreHandler.
2019-09-12 10:09:22,770 [main] INFO  ozone.HddsDatanodeService (HddsDatanodeService.java:stop(451)) - Stopped plug-in org.apache.hadoop.ozone.web.OzoneHddsDatanodeService@76e6c070
2019-09-12 10:09:22,770 [ForkJoinPool.commonPool-worker-0] INFO  ozone.HddsDatanodeService (HddsDatanodeService.java:stop(451)) - Stopped plug-in org.apache.hadoop.ozone.web.OzoneHddsDatanodeService@38087342
2019-09-12 10:09:23,839 [Datanode State Machine Thread - 0] INFO  statemachine.DatanodeStateMachine (DatanodeStateMachine.java:lambda$startDaemon$0(350)) - Ozone container server started.
2019-09-12 10:09:24,042 [Datanode State Machine Thread - 0] INFO  statemachine.DatanodeStateMachine (DatanodeStateMachine.java:lambda$startDaemon$0(350)) - Ozone container server started.
2019-09-12 10:09:24,265 | INFO  | SCMAudit | user=jenkins1000 | ip=192.168.36.114 | op=SEND_HEARTBEAT {datanodeUUID=90fef4f2-0b30-45ed-8418-ad54fddc73e7, command=[]} | ret=SUCCESS |  
2019-09-12 10:09:24,849 [Thread-438] INFO  container.ReplicationManager (ReplicationManager.java:start(151)) - Starting Replication Monitor Thread.
2019-09-12 10:09:24,852 [ReplicationMonitor] INFO  container.ReplicationManager (ReplicationManager.java:run(214)) - Replication Monitor Thread took 0 milliseconds for processing 0 containers.
2019-09-12 10:09:25,265 | INFO  | SCMAudit | user=jenkins1000 | ip=192.168.36.114 | op=SEND_HEARTBEAT {datanodeUUID=90fef4f2-0b30-45ed-8418-ad54fddc73e7, command=[]} | ret=SUCCESS |  
2019-09-12 10:09:26,266 | INFO  | SCMAudit | user=jenkins1000 | ip=192.168.36.114 | op=SEND_HEARTBEAT {datanodeUUID=90fef4f2-0b30-45ed-8418-ad54fddc73e7, command=[]} | ret=SUCCESS |  
2019-09-12 10:09:27,042 [Thread-440] INFO  impl.FollowerState (FollowerState.java:run(106)) - 569a82fb-ac21-4f02-a97c-ed1a1a5ef1db:group-034C7A010432 changes to CANDIDATE, lastRpcTime:5136, electionTimeout:5136ms
2019-09-12 10:09:27,042 [Thread-440] INFO  impl.RoleInfo (RoleInfo.java:shutdownFollowerState(121)) - 569a82fb-ac21-4f02-a97c-ed1a1a5ef1db: shutdown FollowerState
2019-09-12 10:09:27,042 [Thread-440] INFO  impl.RaftServerImpl (RaftServerImpl.java:setRole(171)) - 569a82fb-ac21-4f02-a97c-ed1a1a5ef1db:group-034C7A010432 changes role from FOLLOWER to CANDIDATE at term 0 for changeToCandidate
2019-09-12 10:09:27,043 [Thread-440] INFO  impl.RoleInfo (RoleInfo.java:updateAndGet(143)) - 569a82fb-ac21-4f02-a97c-ed1a1a5ef1db: start LeaderElection
2019-09-12 10:09:27,126 [569a82fb-ac21-4f02-a97c-ed1a1a5ef1db:group-034C7A010432:LeaderElection18] INFO  impl.LeaderElection (LeaderElection.java:askForVotes(181)) - 569a82fb-ac21-4f02-a97c-ed1a1a5ef1db:group-034C7A010432:LeaderElection18: begin an election at term 1 for -1: [569a82fb-ac21-4f02-a97c-ed1a1a5ef1db:192.168.36.114:35247], old=null
2019-09-12 10:09:27,127 [569a82fb-ac21-4f02-a97c-ed1a1a5ef1db:group-034C7A010432:LeaderElection18] INFO  impl.RoleInfo (RoleInfo.java:shutdownLeaderElection(134)) - 569a82fb-ac21-4f02-a97c-ed1a1a5ef1db: shutdown LeaderElection
2019-09-12 10:09:27,127 [569a82fb-ac21-4f02-a97c-ed1a1a5ef1db:group-034C7A010432:LeaderElection18] INFO  impl.RaftServerImpl (RaftServerImpl.java:setRole(171)) - 569a82fb-ac21-4f02-a97c-ed1a1a5ef1db:group-034C7A010432 changes role from CANDIDATE to LEADER at term 1 for changeToLeader
2019-09-12 10:09:27,127 [569a82fb-ac21-4f02-a97c-ed1a1a5ef1db:group-034C7A010432:LeaderElection18] INFO  impl.RaftServerImpl (ServerState.java:setLeader(263)) - 569a82fb-ac21-4f02-a97c-ed1a1a5ef1db:group-034C7A010432 change Leader from null to 569a82fb-ac21-4f02-a97c-ed1a1a5ef1db at term 1 for becomeLeader, leader elected after 5226ms
2019-09-12 10:09:27,129 [569a82fb-ac21-4f02-a97c-ed1a1a5ef1db:group-034C7A010432:LeaderElection18] INFO  server.RaftServerConfigKeys (ConfUtils.java:logGet(43)) - raft.server.staging.catchup.gap = 1000 (default)
2019-09-12 10:09:27,129 [569a82fb-ac21-4f02-a97c-ed1a1a5ef1db:group-034C7A010432:LeaderElection18] INFO  server.RaftServerConfigKeys (ConfUtils.java:logGet(43)) - raft.server.rpc.sleep.time = 25ms (default)
2019-09-12 10:09:27,129 [569a82fb-ac21-4f02-a97c-ed1a1a5ef1db:group-034C7A010432:LeaderElection18] INFO  server.RaftServerConfigKeys (ConfUtils.java:logGet(43)) - raft.server.write.element-limit = 4096 (default)
2019-09-12 10:09:27,129 [569a82fb-ac21-4f02-a97c-ed1a1a5ef1db:group-034C7A010432:LeaderElection18] INFO  server.RaftServerConfigKeys (ConfUtils.java:logGet(43)) - raft.server.watch.timeout = 10s (default)
2019-09-12 10:09:27,129 [569a82fb-ac21-4f02-a97c-ed1a1a5ef1db:group-034C7A010432:LeaderElection18] INFO  server.RaftServerConfigKeys (ConfUtils.java:logGet(43)) - raft.server.watch.timeout.denomination = 1s (default)
2019-09-12 10:09:27,129 [569a82fb-ac21-4f02-a97c-ed1a1a5ef1db:group-034C7A010432:LeaderElection18] INFO  server.RaftServerConfigKeys (ConfUtils.java:logGet(43)) - raft.server.watch.element-limit = 65536 (default)
2019-09-12 10:09:27,130 [569a82fb-ac21-4f02-a97c-ed1a1a5ef1db:group-034C7A010432:LeaderElection18] INFO  impl.RoleInfo (RoleInfo.java:updateAndGet(143)) - 569a82fb-ac21-4f02-a97c-ed1a1a5ef1db: start LeaderState
2019-09-12 10:09:27,130 [569a82fb-ac21-4f02-a97c-ed1a1a5ef1db:group-034C7A010432:LeaderElection18] INFO  segmented.SegmentedRaftLogWorker (SegmentedRaftLogWorker.java:startLogSegment(380)) - 569a82fb-ac21-4f02-a97c-ed1a1a5ef1db-SegmentedRaftLogWorker:Storage Directory /workdir/hadoop-ozone/integration-test/target/test-dir/MiniOzoneClusterImpl-c79133c4-2f7a-4bec-a41b-f921d987c36a/datanode-0/data/ratis/baa52553-b2cc-470a-bd08-034c7a010432: Starting segment from index:0
2019-09-12 10:09:27,131 [569a82fb-ac21-4f02-a97c-ed1a1a5ef1db:group-034C7A010432:LeaderElection18] INFO  impl.RaftServerImpl (ServerState.java:setRaftConf(361)) - 569a82fb-ac21-4f02-a97c-ed1a1a5ef1db:group-034C7A010432 set configuration 0: [569a82fb-ac21-4f02-a97c-ed1a1a5ef1db:192.168.36.114:35247], old=null at 0
2019-09-12 10:09:27,159 [Thread-443] INFO  impl.FollowerState (FollowerState.java:run(106)) - 569a82fb-ac21-4f02-a97c-ed1a1a5ef1db:group-8E4262A38963 changes to CANDIDATE, lastRpcTime:5177, electionTimeout:5176ms
2019-09-12 10:09:27,159 [Thread-449] INFO  impl.FollowerState (FollowerState.java:run(106)) - 569a82fb-ac21-4f02-a97c-ed1a1a5ef1db:group-FF8CBC0DB9EE changes to CANDIDATE, lastRpcTime:5072, electionTimeout:5045ms
2019-09-12 10:09:27,159 [Thread-452] INFO  impl.FollowerState (FollowerState.java:run(106)) - ef4196d4-8feb-4e51-99d3-97d51bd0de8d:group-0F35CA89FA0B changes to CANDIDATE, lastRpcTime:5023, electionTimeout:5006ms
2019-09-12 10:09:27,159 [Thread-449] INFO  impl.RoleInfo (RoleInfo.java:shutdownFollowerState(121)) - 569a82fb-ac21-4f02-a97c-ed1a1a5ef1db: shutdown FollowerState
2019-09-12 10:09:27,159 [Thread-443] INFO  impl.RoleInfo (RoleInfo.java:shutdownFollowerState(121)) - 569a82fb-ac21-4f02-a97c-ed1a1a5ef1db: shutdown FollowerState
2019-09-12 10:09:27,159 [Thread-449] INFO  impl.RaftServerImpl (RaftServerImpl.java:setRole(171)) - 569a82fb-ac21-4f02-a97c-ed1a1a5ef1db:group-FF8CBC0DB9EE changes role from FOLLOWER to CANDIDATE at term 0 for changeToCandidate
2019-09-12 10:09:27,159 [Thread-452] INFO  impl.RoleInfo (RoleInfo.java:shutdownFollowerState(121)) - ef4196d4-8feb-4e51-99d3-97d51bd0de8d: shutdown FollowerState
2019-09-12 10:09:27,159 [Thread-443] INFO  impl.RaftServerImpl (RaftServerImpl.java:setRole(171)) - 569a82fb-ac21-4f02-a97c-ed1a1a5ef1db:group-8E4262A38963 changes role from FOLLOWER to CANDIDATE at term 0 for changeToCandidate
2019-09-12 10:09:27,160 [Thread-449] INFO  impl.RoleInfo (RoleInfo.java:updateAndGet(143)) - 569a82fb-ac21-4f02-a97c-ed1a1a5ef1db: start LeaderElection
2019-09-12 10:09:27,160 [Thread-452] INFO  impl.RaftServerImpl (RaftServerImpl.java:setRole(171)) - ef4196d4-8feb-4e51-99d3-97d51bd0de8d:group-0F35CA89FA0B changes role from FOLLOWER to CANDIDATE at term 0 for changeToCandidate
2019-09-12 10:09:27,160 [Thread-443] INFO  impl.RoleInfo (RoleInfo.java:updateAndGet(143)) - 569a82fb-ac21-4f02-a97c-ed1a1a5ef1db: start LeaderElection
2019-09-12 10:09:27,160 [Thread-452] INFO  impl.RoleInfo (RoleInfo.java:updateAndGet(143)) - ef4196d4-8feb-4e51-99d3-97d51bd0de8d: start LeaderElection
2019-09-12 10:09:27,195 [569a82fb-ac21-4f02-a97c-ed1a1a5ef1db-SegmentedRaftLogWorker:Storage Directory /workdir/hadoop-ozone/integration-test/target/test-dir/MiniOzoneClusterImpl-c79133c4-2f7a-4bec-a41b-f921d987c36a/datanode-0/data/ratis/baa52553-b2cc-470a-bd08-034c7a010432] INFO  segmented.SegmentedRaftLogWorker (SegmentedRaftLogWorker.java:execute(569)) - 569a82fb-ac21-4f02-a97c-ed1a1a5ef1db-SegmentedRaftLogWorker:Storage Directory /workdir/hadoop-ozone/integration-test/target/test-dir/MiniOzoneClusterImpl-c79133c4-2f7a-4bec-a41b-f921d987c36a/datanode-0/data/ratis/baa52553-b2cc-470a-bd08-034c7a010432: created new log segment /workdir/hadoop-ozone/integration-test/target/test-dir/MiniOzoneClusterImpl-c79133c4-2f7a-4bec-a41b-f921d987c36a/datanode-0/data/ratis/baa52553-b2cc-470a-bd08-034c7a010432/current/log_inprogress_0
2019-09-12 10:09:27,195 [569a82fb-ac21-4f02-a97c-ed1a1a5ef1db:group-FF8CBC0DB9EE:LeaderElection19] INFO  impl.LeaderElection (LeaderElection.java:askForVotes(181)) - 569a82fb-ac21-4f02-a97c-ed1a1a5ef1db:group-FF8CBC0DB9EE:LeaderElection19: begin an election at term 1 for -1: [569a82fb-ac21-4f02-a97c-ed1a1a5ef1db:192.168.36.114:35247], old=null
2019-09-12 10:09:27,195 [569a82fb-ac21-4f02-a97c-ed1a1a5ef1db:group-8E4262A38963:LeaderElection20] INFO  impl.LeaderElection (LeaderElection.java:askForVotes(181)) - 569a82fb-ac21-4f02-a97c-ed1a1a5ef1db:group-8E4262A38963:LeaderElection20: begin an election at term 1 for -1: [569a82fb-ac21-4f02-a97c-ed1a1a5ef1db:192.168.36.114:35247], old=null
2019-09-12 10:09:27,195 [ef4196d4-8feb-4e51-99d3-97d51bd0de8d:group-0F35CA89FA0B:LeaderElection21] INFO  impl.LeaderElection (LeaderElection.java:askForVotes(181)) - ef4196d4-8feb-4e51-99d3-97d51bd0de8d:group-0F35CA89FA0B:LeaderElection21: begin an election at term 1 for -1: [ef4196d4-8feb-4e51-99d3-97d51bd0de8d:192.168.36.114:39877], old=null
2019-09-12 10:09:27,196 [569a82fb-ac21-4f02-a97c-ed1a1a5ef1db:group-8E4262A38963:LeaderElection20] INFO  impl.RoleInfo (RoleInfo.java:shutdownLeaderElection(134)) - 569a82fb-ac21-4f02-a97c-ed1a1a5ef1db: shutdown LeaderElection
2019-09-12 10:09:27,196 [569a82fb-ac21-4f02-a97c-ed1a1a5ef1db:group-FF8CBC0DB9EE:LeaderElection19] INFO  impl.RoleInfo (RoleInfo.java:shutdownLeaderElection(134)) - 569a82fb-ac21-4f02-a97c-ed1a1a5ef1db: shutdown LeaderElection
2019-09-12 10:09:27,196 [569a82fb-ac21-4f02-a97c-ed1a1a5ef1db:group-8E4262A38963:LeaderElection20] INFO  impl.RaftServerImpl (RaftServerImpl.java:setRole(171)) - 569a82fb-ac21-4f02-a97c-ed1a1a5ef1db:group-8E4262A38963 changes role from CANDIDATE to LEADER at term 1 for changeToLeader
2019-09-12 10:09:27,196 [ef4196d4-8feb-4e51-99d3-97d51bd0de8d:group-0F35CA89FA0B:LeaderElection21] INFO  impl.RoleInfo (RoleInfo.java:shutdownLeaderElection(134)) - ef4196d4-8feb-4e51-99d3-97d51bd0de8d: shutdown LeaderElection
2019-09-12 10:09:27,196 [569a82fb-ac21-4f02-a97c-ed1a1a5ef1db:group-8E4262A38963:LeaderElection20] INFO  impl.RaftServerImpl (ServerState.java:setLeader(263)) - 569a82fb-ac21-4f02-a97c-ed1a1a5ef1db:group-8E4262A38963 change Leader from null to 569a82fb-ac21-4f02-a97c-ed1a1a5ef1db at term 1 for becomeLeader, leader elected after 5218ms
2019-09-12 10:09:27,196 [569a82fb-ac21-4f02-a97c-ed1a1a5ef1db:group-FF8CBC0DB9EE:LeaderElection19] INFO  impl.RaftServerImpl (RaftServerImpl.java:setRole(171)) - 569a82fb-ac21-4f02-a97c-ed1a1a5ef1db:group-FF8CBC0DB9EE changes role from CANDIDATE to LEADER at term 1 for changeToLeader
2019-09-12 10:09:27,196 [569a82fb-ac21-4f02-a97c-ed1a1a5ef1db:group-8E4262A38963:LeaderElection20] INFO  server.RaftServerConfigKeys (ConfUtils.java:logGet(43)) - raft.server.staging.catchup.gap = 1000 (default)
2019-09-12 10:09:27,196 [ef4196d4-8feb-4e51-99d3-97d51bd0de8d:group-0F35CA89FA0B:LeaderElection21] INFO  impl.RaftServerImpl (RaftServerImpl.java:setRole(171)) - ef4196d4-8feb-4e51-99d3-97d51bd0de8d:group-0F35CA89FA0B changes role from CANDIDATE to LEADER at term 1 for changeToLeader
2019-09-12 10:09:27,196 [569a82fb-ac21-4f02-a97c-ed1a1a5ef1db:group-8E4262A38963:LeaderElection20] INFO  server.RaftServerConfigKeys (ConfUtils.java:logGet(43)) - raft.server.rpc.sleep.time = 25ms (default)
2019-09-12 10:09:27,196 [569a82fb-ac21-4f02-a97c-ed1a1a5ef1db:group-FF8CBC0DB9EE:LeaderElection19] INFO  impl.RaftServerImpl (ServerState.java:setLeader(263)) - 569a82fb-ac21-4f02-a97c-ed1a1a5ef1db:group-FF8CBC0DB9EE change Leader from null to 569a82fb-ac21-4f02-a97c-ed1a1a5ef1db at term 1 for becomeLeader, leader elected after 5112ms
2019-09-12 10:09:27,197 [ef4196d4-8feb-4e51-99d3-97d51bd0de8d:group-0F35CA89FA0B:LeaderElection21] INFO  impl.RaftServerImpl (ServerState.java:setLeader(263)) - ef4196d4-8feb-4e51-99d3-97d51bd0de8d:group-0F35CA89FA0B change Leader from null to ef4196d4-8feb-4e51-99d3-97d51bd0de8d at term 1 for becomeLeader, leader elected after 5066ms
2019-09-12 10:09:27,197 [569a82fb-ac21-4f02-a97c-ed1a1a5ef1db:group-FF8CBC0DB9EE:LeaderElection19] INFO  server.RaftServerConfigKeys (ConfUtils.java:logGet(43)) - raft.server.staging.catchup.gap = 1000 (default)
2019-09-12 10:09:27,199 [ef4196d4-8feb-4e51-99d3-97d51bd0de8d:group-0F35CA89FA0B:LeaderElection21] INFO  server.RaftServerConfigKeys (ConfUtils.java:logGet(43)) - raft.server.staging.catchup.gap = 1000 (default)
2019-09-12 10:09:27,197 [569a82fb-ac21-4f02-a97c-ed1a1a5ef1db:group-8E4262A38963:LeaderElection20] INFO  server.RaftServerConfigKeys (ConfUtils.java:logGet(43)) - raft.server.write.element-limit = 4096 (default)
2019-09-12 10:09:27,199 [ef4196d4-8feb-4e51-99d3-97d51bd0de8d:group-0F35CA89FA0B:LeaderElection21] INFO  server.RaftServerConfigKeys (ConfUtils.java:logGet(43)) - raft.server.rpc.sleep.time = 25ms (default)
2019-09-12 10:09:27,199 [569a82fb-ac21-4f02-a97c-ed1a1a5ef1db:group-FF8CBC0DB9EE:LeaderElection19] INFO  server.RaftServerConfigKeys (ConfUtils.java:logGet(43)) - raft.server.rpc.sleep.time = 25ms (default)
2019-09-12 10:09:27,199 [ef4196d4-8feb-4e51-99d3-97d51bd0de8d:group-0F35CA89FA0B:LeaderElection21] INFO  server.RaftServerConfigKeys (ConfUtils.java:logGet(43)) - raft.server.write.element-limit = 4096 (default)
2019-09-12 10:09:27,199 [569a82fb-ac21-4f02-a97c-ed1a1a5ef1db:group-FF8CBC0DB9EE:LeaderElection19] INFO  server.RaftServerConfigKeys (ConfUtils.java:logGet(43)) - raft.server.write.element-limit = 4096 (default)
2019-09-12 10:09:27,199 [569a82fb-ac21-4f02-a97c-ed1a1a5ef1db:group-8E4262A38963:LeaderElection20] INFO  server.RaftServerConfigKeys (ConfUtils.java:logGet(43)) - raft.server.watch.timeout = 10s (default)
2019-09-12 10:09:27,199 [569a82fb-ac21-4f02-a97c-ed1a1a5ef1db:group-FF8CBC0DB9EE:LeaderElection19] INFO  server.RaftServerConfigKeys (ConfUtils.java:logGet(43)) - raft.server.watch.timeout = 10s (default)
2019-09-12 10:09:27,199 [ef4196d4-8feb-4e51-99d3-97d51bd0de8d:group-0F35CA89FA0B:LeaderElection21] INFO  server.RaftServerConfigKeys (ConfUtils.java:logGet(43)) - raft.server.watch.timeout = 10s (default)
2019-09-12 10:09:27,200 [569a82fb-ac21-4f02-a97c-ed1a1a5ef1db:group-FF8CBC0DB9EE:LeaderElection19] INFO  server.RaftServerConfigKeys (ConfUtils.java:logGet(43)) - raft.server.watch.timeout.denomination = 1s (default)
2019-09-12 10:09:27,199 [569a82fb-ac21-4f02-a97c-ed1a1a5ef1db:group-8E4262A38963:LeaderElection20] INFO  server.RaftServerConfigKeys (ConfUtils.java:logGet(43)) - raft.server.watch.timeout.denomination = 1s (default)
2019-09-12 10:09:27,200 [569a82fb-ac21-4f02-a97c-ed1a1a5ef1db:group-FF8CBC0DB9EE:LeaderElection19] INFO  server.RaftServerConfigKeys (ConfUtils.java:logGet(43)) - raft.server.watch.element-limit = 65536 (default)
2019-09-12 10:09:27,200 [ef4196d4-8feb-4e51-99d3-97d51bd0de8d:group-0F35CA89FA0B:LeaderElection21] INFO  server.RaftServerConfigKeys (ConfUtils.java:logGet(43)) - raft.server.watch.timeout.denomination = 1s (default)
2019-09-12 10:09:27,200 [569a82fb-ac21-4f02-a97c-ed1a1a5ef1db:group-8E4262A38963:LeaderElection20] INFO  server.RaftServerConfigKeys (ConfUtils.java:logGet(43)) - raft.server.watch.element-limit = 65536 (default)
2019-09-12 10:09:27,200 [569a82fb-ac21-4f02-a97c-ed1a1a5ef1db:group-FF8CBC0DB9EE:LeaderElection19] INFO  impl.RoleInfo (RoleInfo.java:updateAndGet(143)) - 569a82fb-ac21-4f02-a97c-ed1a1a5ef1db: start LeaderState
2019-09-12 10:09:27,200 [569a82fb-ac21-4f02-a97c-ed1a1a5ef1db:group-8E4262A38963:LeaderElection20] INFO  impl.RoleInfo (RoleInfo.java:updateAndGet(143)) - 569a82fb-ac21-4f02-a97c-ed1a1a5ef1db: start LeaderState
2019-09-12 10:09:27,200 [ef4196d4-8feb-4e51-99d3-97d51bd0de8d:group-0F35CA89FA0B:LeaderElection21] INFO  server.RaftServerConfigKeys (ConfUtils.java:logGet(43)) - raft.server.watch.element-limit = 65536 (default)
2019-09-12 10:09:27,200 [569a82fb-ac21-4f02-a97c-ed1a1a5ef1db:group-8E4262A38963:LeaderElection20] INFO  segmented.SegmentedRaftLogWorker (SegmentedRaftLogWorker.java:startLogSegment(380)) - 569a82fb-ac21-4f02-a97c-ed1a1a5ef1db-SegmentedRaftLogWorker:Storage Directory /workdir/hadoop-ozone/integration-test/target/test-dir/MiniOzoneClusterImpl-c79133c4-2f7a-4bec-a41b-f921d987c36a/datanode-0/data/ratis/dd707064-95c3-49a1-9a83-8e4262a38963: Starting segment from index:0
2019-09-12 10:09:27,200 [569a82fb-ac21-4f02-a97c-ed1a1a5ef1db:group-FF8CBC0DB9EE:LeaderElection19] INFO  segmented.SegmentedRaftLogWorker (SegmentedRaftLogWorker.java:startLogSegment(380)) - 569a82fb-ac21-4f02-a97c-ed1a1a5ef1db-SegmentedRaftLogWorker:Storage Directory /workdir/hadoop-ozone/integration-test/target/test-dir/MiniOzoneClusterImpl-c79133c4-2f7a-4bec-a41b-f921d987c36a/datanode-0/data/ratis/134cd31b-5909-4162-ad1b-ff8cbc0db9ee: Starting segment from index:0
2019-09-12 10:09:27,201 [ef4196d4-8feb-4e51-99d3-97d51bd0de8d:group-0F35CA89FA0B:LeaderElection21] INFO  impl.RoleInfo (RoleInfo.java:updateAndGet(143)) - ef4196d4-8feb-4e51-99d3-97d51bd0de8d: start LeaderState
2019-09-12 10:09:27,201 [569a82fb-ac21-4f02-a97c-ed1a1a5ef1db:group-8E4262A38963:LeaderElection20] INFO  impl.RaftServerImpl (ServerState.java:setRaftConf(361)) - 569a82fb-ac21-4f02-a97c-ed1a1a5ef1db:group-8E4262A38963 set configuration 0: [569a82fb-ac21-4f02-a97c-ed1a1a5ef1db:192.168.36.114:35247], old=null at 0
2019-09-12 10:09:27,201 [ef4196d4-8feb-4e51-99d3-97d51bd0de8d:group-0F35CA89FA0B:LeaderElection21] INFO  segmented.SegmentedRaftLogWorker (SegmentedRaftLogWorker.java:startLogSegment(380)) - ef4196d4-8feb-4e51-99d3-97d51bd0de8d-SegmentedRaftLogWorker:Storage Directory /workdir/hadoop-ozone/integration-test/target/test-dir/MiniOzoneClusterImpl-c79133c4-2f7a-4bec-a41b-f921d987c36a/datanode-1/data/ratis/dfedb84d-34a1-43f6-9fbb-0f35ca89fa0b: Starting segment from index:0
2019-09-12 10:09:27,224 [569a82fb-ac21-4f02-a97c-ed1a1a5ef1db:group-FF8CBC0DB9EE:LeaderElection19] INFO  impl.RaftServerImpl (ServerState.java:setRaftConf(361)) - 569a82fb-ac21-4f02-a97c-ed1a1a5ef1db:group-FF8CBC0DB9EE set configuration 0: [569a82fb-ac21-4f02-a97c-ed1a1a5ef1db:192.168.36.114:35247], old=null at 0
2019-09-12 10:09:27,224 [Thread-446] INFO  impl.FollowerState (FollowerState.java:run(106)) - 569a82fb-ac21-4f02-a97c-ed1a1a5ef1db:group-4D0FDC8D743E changes to CANDIDATE, lastRpcTime:5186, electionTimeout:5176ms
2019-09-12 10:09:27,250 [Thread-446] INFO  impl.RoleInfo (RoleInfo.java:shutdownFollowerState(121)) - 569a82fb-ac21-4f02-a97c-ed1a1a5ef1db: shutdown FollowerState
2019-09-12 10:09:27,250 [ef4196d4-8feb-4e51-99d3-97d51bd0de8d:group-0F35CA89FA0B:LeaderElection21] INFO  impl.RaftServerImpl (ServerState.java:setRaftConf(361)) - ef4196d4-8feb-4e51-99d3-97d51bd0de8d:group-0F35CA89FA0B set configuration 0: [ef4196d4-8feb-4e51-99d3-97d51bd0de8d:192.168.36.114:39877], old=null at 0
2019-09-12 10:09:27,251 [Thread-446] INFO  impl.RaftServerImpl (RaftServerImpl.java:setRole(171)) - 569a82fb-ac21-4f02-a97c-ed1a1a5ef1db:group-4D0FDC8D743E changes role from FOLLOWER to CANDIDATE at term 0 for changeToCandidate
2019-09-12 10:09:27,253 [Thread-446] INFO  impl.RoleInfo (RoleInfo.java:updateAndGet(143)) - 569a82fb-ac21-4f02-a97c-ed1a1a5ef1db: start LeaderElection
2019-09-12 10:09:27,256 [Thread-455] INFO  impl.FollowerState (FollowerState.java:run(106)) - ef4196d4-8feb-4e51-99d3-97d51bd0de8d:group-2D098AB6D11D changes to CANDIDATE, lastRpcTime:5063, electionTimeout:5063ms
2019-09-12 10:09:27,256 [Thread-455] INFO  impl.RoleInfo (RoleInfo.java:shutdownFollowerState(121)) - ef4196d4-8feb-4e51-99d3-97d51bd0de8d: shutdown FollowerState
2019-09-12 10:09:27,256 [Thread-455] INFO  impl.RaftServerImpl (RaftServerImpl.java:setRole(171)) - ef4196d4-8feb-4e51-99d3-97d51bd0de8d:group-2D098AB6D11D changes role from FOLLOWER to CANDIDATE at term 0 for changeToCandidate
2019-09-12 10:09:27,256 [Thread-455] INFO  impl.RoleInfo (RoleInfo.java:updateAndGet(143)) - ef4196d4-8feb-4e51-99d3-97d51bd0de8d: start LeaderElection
2019-09-12 10:09:27,281 [569a82fb-ac21-4f02-a97c-ed1a1a5ef1db-SegmentedRaftLogWorker:Storage Directory /workdir/hadoop-ozone/integration-test/target/test-dir/MiniOzoneClusterImpl-c79133c4-2f7a-4bec-a41b-f921d987c36a/datanode-0/data/ratis/dd707064-95c3-49a1-9a83-8e4262a38963] INFO  segmented.SegmentedRaftLogWorker (SegmentedRaftLogWorker.java:execute(569)) - 569a82fb-ac21-4f02-a97c-ed1a1a5ef1db-SegmentedRaftLogWorker:Storage Directory /workdir/hadoop-ozone/integration-test/target/test-dir/MiniOzoneClusterImpl-c79133c4-2f7a-4bec-a41b-f921d987c36a/datanode-0/data/ratis/dd707064-95c3-49a1-9a83-8e4262a38963: created new log segment /workdir/hadoop-ozone/integration-test/target/test-dir/MiniOzoneClusterImpl-c79133c4-2f7a-4bec-a41b-f921d987c36a/datanode-0/data/ratis/dd707064-95c3-49a1-9a83-8e4262a38963/current/log_inprogress_0
2019-09-12 10:09:27,281 | INFO  | SCMAudit | user=jenkins1000 | ip=192.168.36.114 | op=SEND_HEARTBEAT {datanodeUUID=90fef4f2-0b30-45ed-8418-ad54fddc73e7, command=[]} | ret=SUCCESS |  
2019-09-12 10:09:27,283 [Thread-461] INFO  impl.FollowerState (FollowerState.java:run(106)) - ef4196d4-8feb-4e51-99d3-97d51bd0de8d:group-BDA54B7FC435 changes to CANDIDATE, lastRpcTime:5003, electionTimeout:5003ms
2019-09-12 10:09:27,283 [Thread-461] INFO  impl.RoleInfo (RoleInfo.java:shutdownFollowerState(121)) - ef4196d4-8feb-4e51-99d3-97d51bd0de8d: shutdown FollowerState
2019-09-12 10:09:27,283 [Thread-461] INFO  impl.RaftServerImpl (RaftServerImpl.java:setRole(171)) - ef4196d4-8feb-4e51-99d3-97d51bd0de8d:group-BDA54B7FC435 changes role from FOLLOWER to CANDIDATE at term 0 for changeToCandidate
2019-09-12 10:09:27,283 [Thread-461] INFO  impl.RoleInfo (RoleInfo.java:updateAndGet(143)) - ef4196d4-8feb-4e51-99d3-97d51bd0de8d: start LeaderElection
2019-09-12 10:09:27,318 [ef4196d4-8feb-4e51-99d3-97d51bd0de8d-SegmentedRaftLogWorker:Storage Directory /workdir/hadoop-ozone/integration-test/target/test-dir/MiniOzoneClusterImpl-c79133c4-2f7a-4bec-a41b-f921d987c36a/datanode-1/data/ratis/dfedb84d-34a1-43f6-9fbb-0f35ca89fa0b] INFO  segmented.SegmentedRaftLogWorker (SegmentedRaftLogWorker.java:execute(569)) - ef4196d4-8feb-4e51-99d3-97d51bd0de8d-SegmentedRaftLogWorker:Storage Directory /workdir/hadoop-ozone/integration-test/target/test-dir/MiniOzoneClusterImpl-c79133c4-2f7a-4bec-a41b-f921d987c36a/datanode-1/data/ratis/dfedb84d-34a1-43f6-9fbb-0f35ca89fa0b: created new log segment /workdir/hadoop-ozone/integration-test/target/test-dir/MiniOzoneClusterImpl-c79133c4-2f7a-4bec-a41b-f921d987c36a/datanode-1/data/ratis/dfedb84d-34a1-43f6-9fbb-0f35ca89fa0b/current/log_inprogress_0
2019-09-12 10:09:27,318 [569a82fb-ac21-4f02-a97c-ed1a1a5ef1db-SegmentedRaftLogWorker:Storage Directory /workdir/hadoop-ozone/integration-test/target/test-dir/MiniOzoneClusterImpl-c79133c4-2f7a-4bec-a41b-f921d987c36a/datanode-0/data/ratis/134cd31b-5909-4162-ad1b-ff8cbc0db9ee] INFO  segmented.SegmentedRaftLogWorker (SegmentedRaftLogWorker.java:execute(569)) - 569a82fb-ac21-4f02-a97c-ed1a1a5ef1db-SegmentedRaftLogWorker:Storage Directory /workdir/hadoop-ozone/integration-test/target/test-dir/MiniOzoneClusterImpl-c79133c4-2f7a-4bec-a41b-f921d987c36a/datanode-0/data/ratis/134cd31b-5909-4162-ad1b-ff8cbc0db9ee: created new log segment /workdir/hadoop-ozone/integration-test/target/test-dir/MiniOzoneClusterImpl-c79133c4-2f7a-4bec-a41b-f921d987c36a/datanode-0/data/ratis/134cd31b-5909-4162-ad1b-ff8cbc0db9ee/current/log_inprogress_0
2019-09-12 10:09:27,319 [569a82fb-ac21-4f02-a97c-ed1a1a5ef1db:group-4D0FDC8D743E:LeaderElection22] INFO  impl.LeaderElection (LeaderElection.java:askForVotes(181)) - 569a82fb-ac21-4f02-a97c-ed1a1a5ef1db:group-4D0FDC8D743E:LeaderElection22: begin an election at term 1 for -1: [569a82fb-ac21-4f02-a97c-ed1a1a5ef1db:192.168.36.114:35247], old=null
2019-09-12 10:09:27,319 [ef4196d4-8feb-4e51-99d3-97d51bd0de8d:group-2D098AB6D11D:LeaderElection23] INFO  impl.LeaderElection (LeaderElection.java:askForVotes(181)) - ef4196d4-8feb-4e51-99d3-97d51bd0de8d:group-2D098AB6D11D:LeaderElection23: begin an election at term 1 for -1: [ef4196d4-8feb-4e51-99d3-97d51bd0de8d:192.168.36.114:39877], old=null
2019-09-12 10:09:27,319 [569a82fb-ac21-4f02-a97c-ed1a1a5ef1db:group-4D0FDC8D743E:LeaderElection22] INFO  impl.RoleInfo (RoleInfo.java:shutdownLeaderElection(134)) - 569a82fb-ac21-4f02-a97c-ed1a1a5ef1db: shutdown LeaderElection
2019-09-12 10:09:27,319 [ef4196d4-8feb-4e51-99d3-97d51bd0de8d:group-2D098AB6D11D:LeaderElection23] INFO  impl.RoleInfo (RoleInfo.java:shutdownLeaderElection(134)) - ef4196d4-8feb-4e51-99d3-97d51bd0de8d: shutdown LeaderElection
2019-09-12 10:09:27,319 [569a82fb-ac21-4f02-a97c-ed1a1a5ef1db:group-4D0FDC8D743E:LeaderElection22] INFO  impl.RaftServerImpl (RaftServerImpl.java:setRole(171)) - 569a82fb-ac21-4f02-a97c-ed1a1a5ef1db:group-4D0FDC8D743E changes role from CANDIDATE to LEADER at term 1 for changeToLeader
2019-09-12 10:09:27,319 [ef4196d4-8feb-4e51-99d3-97d51bd0de8d:group-2D098AB6D11D:LeaderElection23] INFO  impl.RaftServerImpl (RaftServerImpl.java:setRole(171)) - ef4196d4-8feb-4e51-99d3-97d51bd0de8d:group-2D098AB6D11D changes role from CANDIDATE to LEADER at term 1 for changeToLeader
2019-09-12 10:09:27,319 [569a82fb-ac21-4f02-a97c-ed1a1a5ef1db:group-4D0FDC8D743E:LeaderElection22] INFO  impl.RaftServerImpl (ServerState.java:setLeader(263)) - 569a82fb-ac21-4f02-a97c-ed1a1a5ef1db:group-4D0FDC8D743E change Leader from null to 569a82fb-ac21-4f02-a97c-ed1a1a5ef1db at term 1 for becomeLeader, leader elected after 5286ms
2019-09-12 10:09:27,319 [ef4196d4-8feb-4e51-99d3-97d51bd0de8d:group-2D098AB6D11D:LeaderElection23] INFO  impl.RaftServerImpl (ServerState.java:setLeader(263)) - ef4196d4-8feb-4e51-99d3-97d51bd0de8d:group-2D098AB6D11D change Leader from null to ef4196d4-8feb-4e51-99d3-97d51bd0de8d at term 1 for becomeLeader, leader elected after 5131ms
2019-09-12 10:09:27,320 [569a82fb-ac21-4f02-a97c-ed1a1a5ef1db:group-4D0FDC8D743E:LeaderElection22] INFO  server.RaftServerConfigKeys (ConfUtils.java:logGet(43)) - raft.server.staging.catchup.gap = 1000 (default)
2019-09-12 10:09:27,320 [ef4196d4-8feb-4e51-99d3-97d51bd0de8d:group-2D098AB6D11D:LeaderElection23] INFO  server.RaftServerConfigKeys (ConfUtils.java:logGet(43)) - raft.server.staging.catchup.gap = 1000 (default)
2019-09-12 10:09:27,320 [569a82fb-ac21-4f02-a97c-ed1a1a5ef1db:group-4D0FDC8D743E:LeaderElection22] INFO  server.RaftServerConfigKeys (ConfUtils.java:logGet(43)) - raft.server.rpc.sleep.time = 25ms (default)
2019-09-12 10:09:27,320 [ef4196d4-8feb-4e51-99d3-97d51bd0de8d:group-2D098AB6D11D:LeaderElection23] INFO  server.RaftServerConfigKeys (ConfUtils.java:logGet(43)) - raft.server.rpc.sleep.time = 25ms (default)
2019-09-12 10:09:27,320 [569a82fb-ac21-4f02-a97c-ed1a1a5ef1db:group-4D0FDC8D743E:LeaderElection22] INFO  server.RaftServerConfigKeys (ConfUtils.java:logGet(43)) - raft.server.write.element-limit = 4096 (default)
2019-09-12 10:09:27,320 [ef4196d4-8feb-4e51-99d3-97d51bd0de8d:group-BDA54B7FC435:LeaderElection24] INFO  impl.LeaderElection (LeaderElection.java:askForVotes(181)) - ef4196d4-8feb-4e51-99d3-97d51bd0de8d:group-BDA54B7FC435:LeaderElection24: begin an election at term 1 for -1: [ef4196d4-8feb-4e51-99d3-97d51bd0de8d:192.168.36.114:39877], old=null
2019-09-12 10:09:27,320 [ef4196d4-8feb-4e51-99d3-97d51bd0de8d:group-2D098AB6D11D:LeaderElection23] INFO  server.RaftServerConfigKeys (ConfUtils.java:logGet(43)) - raft.server.write.element-limit = 4096 (default)
2019-09-12 10:09:27,320 [ef4196d4-8feb-4e51-99d3-97d51bd0de8d:group-BDA54B7FC435:LeaderElection24] INFO  impl.RoleInfo (RoleInfo.java:shutdownLeaderElection(134)) - ef4196d4-8feb-4e51-99d3-97d51bd0de8d: shutdown LeaderElection
2019-09-12 10:09:27,320 [569a82fb-ac21-4f02-a97c-ed1a1a5ef1db:group-4D0FDC8D743E:LeaderElection22] INFO  server.RaftServerConfigKeys (ConfUtils.java:logGet(43)) - raft.server.watch.timeout = 10s (default)
2019-09-12 10:09:27,321 [ef4196d4-8feb-4e51-99d3-97d51bd0de8d:group-BDA54B7FC435:LeaderElection24] INFO  impl.RaftServerImpl (RaftServerImpl.java:setRole(171)) - ef4196d4-8feb-4e51-99d3-97d51bd0de8d:group-BDA54B7FC435 changes role from CANDIDATE to LEADER at term 1 for changeToLeader
2019-09-12 10:09:27,320 [ef4196d4-8feb-4e51-99d3-97d51bd0de8d:group-2D098AB6D11D:LeaderElection23] INFO  server.RaftServerConfigKeys (ConfUtils.java:logGet(43)) - raft.server.watch.timeout = 10s (default)
2019-09-12 10:09:27,321 [ef4196d4-8feb-4e51-99d3-97d51bd0de8d:group-BDA54B7FC435:LeaderElection24] INFO  impl.RaftServerImpl (ServerState.java:setLeader(263)) - ef4196d4-8feb-4e51-99d3-97d51bd0de8d:group-BDA54B7FC435 change Leader from null to ef4196d4-8feb-4e51-99d3-97d51bd0de8d at term 1 for becomeLeader, leader elected after 5044ms
2019-09-12 10:09:27,321 [569a82fb-ac21-4f02-a97c-ed1a1a5ef1db:group-4D0FDC8D743E:LeaderElection22] INFO  server.RaftServerConfigKeys (ConfUtils.java:logGet(43)) - raft.server.watch.timeout.denomination = 1s (default)
2019-09-12 10:09:27,321 [ef4196d4-8feb-4e51-99d3-97d51bd0de8d:group-BDA54B7FC435:LeaderElection24] INFO  server.RaftServerConfigKeys (ConfUtils.java:logGet(43)) - raft.server.staging.catchup.gap = 1000 (default)
2019-09-12 10:09:27,321 [ef4196d4-8feb-4e51-99d3-97d51bd0de8d:group-2D098AB6D11D:LeaderElection23] INFO  server.RaftServerConfigKeys (ConfUtils.java:logGet(43)) - raft.server.watch.timeout.denomination = 1s (default)
2019-09-12 10:09:27,321 [ef4196d4-8feb-4e51-99d3-97d51bd0de8d:group-BDA54B7FC435:LeaderElection24] INFO  server.RaftServerConfigKeys (ConfUtils.java:logGet(43)) - raft.server.rpc.sleep.time = 25ms (default)
2019-09-12 10:09:27,321 [569a82fb-ac21-4f02-a97c-ed1a1a5ef1db:group-4D0FDC8D743E:LeaderElection22] INFO  server.RaftServerConfigKeys (ConfUtils.java:logGet(43)) - raft.server.watch.element-limit = 65536 (default)
2019-09-12 10:09:27,321 [ef4196d4-8feb-4e51-99d3-97d51bd0de8d:group-BDA54B7FC435:LeaderElection24] INFO  server.RaftServerConfigKeys (ConfUtils.java:logGet(43)) - raft.server.write.element-limit = 4096 (default)
2019-09-12 10:09:27,322 [569a82fb-ac21-4f02-a97c-ed1a1a5ef1db:group-4D0FDC8D743E:LeaderElection22] INFO  impl.RoleInfo (RoleInfo.java:updateAndGet(143)) - 569a82fb-ac21-4f02-a97c-ed1a1a5ef1db: start LeaderState
2019-09-12 10:09:27,321 [ef4196d4-8feb-4e51-99d3-97d51bd0de8d:group-2D098AB6D11D:LeaderElection23] INFO  server.RaftServerConfigKeys (ConfUtils.java:logGet(43)) - raft.server.watch.element-limit = 65536 (default)
2019-09-12 10:09:27,322 [ef4196d4-8feb-4e51-99d3-97d51bd0de8d:group-BDA54B7FC435:LeaderElection24] INFO  server.RaftServerConfigKeys (ConfUtils.java:logGet(43)) - raft.server.watch.timeout = 10s (default)
2019-09-12 10:09:27,322 [ef4196d4-8feb-4e51-99d3-97d51bd0de8d:group-2D098AB6D11D:LeaderElection23] INFO  impl.RoleInfo (RoleInfo.java:updateAndGet(143)) - ef4196d4-8feb-4e51-99d3-97d51bd0de8d: start LeaderState
2019-09-12 10:09:27,322 [569a82fb-ac21-4f02-a97c-ed1a1a5ef1db:group-4D0FDC8D743E:LeaderElection22] INFO  segmented.SegmentedRaftLogWorker (SegmentedRaftLogWorker.java:startLogSegment(380)) - 569a82fb-ac21-4f02-a97c-ed1a1a5ef1db-SegmentedRaftLogWorker:Storage Directory /workdir/hadoop-ozone/integration-test/target/test-dir/MiniOzoneClusterImpl-c79133c4-2f7a-4bec-a41b-f921d987c36a/datanode-0/data/ratis/9fbece13-3204-4268-96d9-4d0fdc8d743e: Starting segment from index:0
2019-09-12 10:09:27,322 [ef4196d4-8feb-4e51-99d3-97d51bd0de8d:group-2D098AB6D11D:LeaderElection23] INFO  segmented.SegmentedRaftLogWorker (SegmentedRaftLogWorker.java:startLogSegment(380)) - ef4196d4-8feb-4e51-99d3-97d51bd0de8d-SegmentedRaftLogWorker:Storage Directory /workdir/hadoop-ozone/integration-test/target/test-dir/MiniOzoneClusterImpl-c79133c4-2f7a-4bec-a41b-f921d987c36a/datanode-1/data/ratis/da8ec512-99ae-4474-a226-2d098ab6d11d: Starting segment from index:0
2019-09-12 10:09:27,322 [ef4196d4-8feb-4e51-99d3-97d51bd0de8d:group-BDA54B7FC435:LeaderElection24] INFO  server.RaftServerConfigKeys (ConfUtils.java:logGet(43)) - raft.server.watch.timeout.denomination = 1s (default)
2019-09-12 10:09:27,322 [ef4196d4-8feb-4e51-99d3-97d51bd0de8d:group-BDA54B7FC435:LeaderElection24] INFO  server.RaftServerConfigKeys (ConfUtils.java:logGet(43)) - raft.server.watch.element-limit = 65536 (default)
2019-09-12 10:09:27,322 [569a82fb-ac21-4f02-a97c-ed1a1a5ef1db:group-4D0FDC8D743E:LeaderElection22] INFO  impl.RaftServerImpl (ServerState.java:setRaftConf(361)) - 569a82fb-ac21-4f02-a97c-ed1a1a5ef1db:group-4D0FDC8D743E set configuration 0: [569a82fb-ac21-4f02-a97c-ed1a1a5ef1db:192.168.36.114:35247], old=null at 0
2019-09-12 10:09:27,322 [ef4196d4-8feb-4e51-99d3-97d51bd0de8d:group-2D098AB6D11D:LeaderElection23] INFO  impl.RaftServerImpl (ServerState.java:setRaftConf(361)) - ef4196d4-8feb-4e51-99d3-97d51bd0de8d:group-2D098AB6D11D set configuration 0: [ef4196d4-8feb-4e51-99d3-97d51bd0de8d:192.168.36.114:39877], old=null at 0
2019-09-12 10:09:27,322 [ef4196d4-8feb-4e51-99d3-97d51bd0de8d:group-BDA54B7FC435:LeaderElection24] INFO  impl.RoleInfo (RoleInfo.java:updateAndGet(143)) - ef4196d4-8feb-4e51-99d3-97d51bd0de8d: start LeaderState
2019-09-12 10:09:27,361 [ef4196d4-8feb-4e51-99d3-97d51bd0de8d:group-BDA54B7FC435:LeaderElection24] INFO  segmented.SegmentedRaftLogWorker (SegmentedRaftLogWorker.java:startLogSegment(380)) - ef4196d4-8feb-4e51-99d3-97d51bd0de8d-SegmentedRaftLogWorker:Storage Directory /workdir/hadoop-ozone/integration-test/target/test-dir/MiniOzoneClusterImpl-c79133c4-2f7a-4bec-a41b-f921d987c36a/datanode-1/data/ratis/85ed2f33-9997-4f07-a1eb-bda54b7fc435: Starting segment from index:0
2019-09-12 10:09:27,362 [ef4196d4-8feb-4e51-99d3-97d51bd0de8d:group-BDA54B7FC435:LeaderElection24] INFO  impl.RaftServerImpl (ServerState.java:setRaftConf(361)) - ef4196d4-8feb-4e51-99d3-97d51bd0de8d:group-BDA54B7FC435 set configuration 0: [ef4196d4-8feb-4e51-99d3-97d51bd0de8d:192.168.36.114:39877], old=null at 0
2019-09-12 10:09:27,396 [ef4196d4-8feb-4e51-99d3-97d51bd0de8d-SegmentedRaftLogWorker:Storage Directory /workdir/hadoop-ozone/integration-test/target/test-dir/MiniOzoneClusterImpl-c79133c4-2f7a-4bec-a41b-f921d987c36a/datanode-1/data/ratis/da8ec512-99ae-4474-a226-2d098ab6d11d] INFO  segmented.SegmentedRaftLogWorker (SegmentedRaftLogWorker.java:execute(569)) - ef4196d4-8feb-4e51-99d3-97d51bd0de8d-SegmentedRaftLogWorker:Storage Directory /workdir/hadoop-ozone/integration-test/target/test-dir/MiniOzoneClusterImpl-c79133c4-2f7a-4bec-a41b-f921d987c36a/datanode-1/data/ratis/da8ec512-99ae-4474-a226-2d098ab6d11d: created new log segment /workdir/hadoop-ozone/integration-test/target/test-dir/MiniOzoneClusterImpl-c79133c4-2f7a-4bec-a41b-f921d987c36a/datanode-1/data/ratis/da8ec512-99ae-4474-a226-2d098ab6d11d/current/log_inprogress_0
2019-09-12 10:09:27,396 [569a82fb-ac21-4f02-a97c-ed1a1a5ef1db-SegmentedRaftLogWorker:Storage Directory /workdir/hadoop-ozone/integration-test/target/test-dir/MiniOzoneClusterImpl-c79133c4-2f7a-4bec-a41b-f921d987c36a/datanode-0/data/ratis/9fbece13-3204-4268-96d9-4d0fdc8d743e] INFO  segmented.SegmentedRaftLogWorker (SegmentedRaftLogWorker.java:execute(569)) - 569a82fb-ac21-4f02-a97c-ed1a1a5ef1db-SegmentedRaftLogWorker:Storage Directory /workdir/hadoop-ozone/integration-test/target/test-dir/MiniOzoneClusterImpl-c79133c4-2f7a-4bec-a41b-f921d987c36a/datanode-0/data/ratis/9fbece13-3204-4268-96d9-4d0fdc8d743e: created new log segment /workdir/hadoop-ozone/integration-test/target/test-dir/MiniOzoneClusterImpl-c79133c4-2f7a-4bec-a41b-f921d987c36a/datanode-0/data/ratis/9fbece13-3204-4268-96d9-4d0fdc8d743e/current/log_inprogress_0
2019-09-12 10:09:27,423 [ef4196d4-8feb-4e51-99d3-97d51bd0de8d-SegmentedRaftLogWorker:Storage Directory /workdir/hadoop-ozone/integration-test/target/test-dir/MiniOzoneClusterImpl-c79133c4-2f7a-4bec-a41b-f921d987c36a/datanode-1/data/ratis/85ed2f33-9997-4f07-a1eb-bda54b7fc435] INFO  segmented.SegmentedRaftLogWorker (SegmentedRaftLogWorker.java:execute(569)) - ef4196d4-8feb-4e51-99d3-97d51bd0de8d-SegmentedRaftLogWorker:Storage Directory /workdir/hadoop-ozone/integration-test/target/test-dir/MiniOzoneClusterImpl-c79133c4-2f7a-4bec-a41b-f921d987c36a/datanode-1/data/ratis/85ed2f33-9997-4f07-a1eb-bda54b7fc435: created new log segment /workdir/hadoop-ozone/integration-test/target/test-dir/MiniOzoneClusterImpl-c79133c4-2f7a-4bec-a41b-f921d987c36a/datanode-1/data/ratis/85ed2f33-9997-4f07-a1eb-bda54b7fc435/current/log_inprogress_0
2019-09-12 10:09:27,433 [Thread-458] INFO  impl.FollowerState (FollowerState.java:run(106)) - 569a82fb-ac21-4f02-a97c-ed1a1a5ef1db:group-511454A1B6D7 changes to CANDIDATE, lastRpcTime:5197, electionTimeout:5197ms
2019-09-12 10:09:27,433 [Thread-458] INFO  impl.RoleInfo (RoleInfo.java:shutdownFollowerState(121)) - 569a82fb-ac21-4f02-a97c-ed1a1a5ef1db: shutdown FollowerState
2019-09-12 10:09:27,434 [Thread-458] INFO  impl.RaftServerImpl (RaftServerImpl.java:setRole(171)) - 569a82fb-ac21-4f02-a97c-ed1a1a5ef1db:group-511454A1B6D7 changes role from FOLLOWER to CANDIDATE at term 0 for changeToCandidate
2019-09-12 10:09:27,434 [Thread-458] INFO  impl.RoleInfo (RoleInfo.java:updateAndGet(143)) - 569a82fb-ac21-4f02-a97c-ed1a1a5ef1db: start LeaderElection
2019-09-12 10:09:27,450 [Thread-464] INFO  impl.FollowerState (FollowerState.java:run(106)) - ef4196d4-8feb-4e51-99d3-97d51bd0de8d:group-C2A2170C5C6F changes to CANDIDATE, lastRpcTime:5126, electionTimeout:5126ms
2019-09-12 10:09:27,450 [Thread-464] INFO  impl.RoleInfo (RoleInfo.java:shutdownFollowerState(121)) - ef4196d4-8feb-4e51-99d3-97d51bd0de8d: shutdown FollowerState
2019-09-12 10:09:27,450 [Thread-464] INFO  impl.RaftServerImpl (RaftServerImpl.java:setRole(171)) - ef4196d4-8feb-4e51-99d3-97d51bd0de8d:group-C2A2170C5C6F changes role from FOLLOWER to CANDIDATE at term 0 for changeToCandidate
2019-09-12 10:09:27,450 [Thread-464] INFO  impl.RoleInfo (RoleInfo.java:updateAndGet(143)) - ef4196d4-8feb-4e51-99d3-97d51bd0de8d: start LeaderElection
2019-09-12 10:09:27,491 [569a82fb-ac21-4f02-a97c-ed1a1a5ef1db:group-511454A1B6D7:LeaderElection25] INFO  impl.LeaderElection (LeaderElection.java:askForVotes(181)) - 569a82fb-ac21-4f02-a97c-ed1a1a5ef1db:group-511454A1B6D7:LeaderElection25: begin an election at term 1 for -1: [569a82fb-ac21-4f02-a97c-ed1a1a5ef1db:192.168.36.114:35247], old=null
2019-09-12 10:09:27,491 [ef4196d4-8feb-4e51-99d3-97d51bd0de8d:group-C2A2170C5C6F:LeaderElection26] INFO  impl.LeaderElection (LeaderElection.java:askForVotes(181)) - ef4196d4-8feb-4e51-99d3-97d51bd0de8d:group-C2A2170C5C6F:LeaderElection26: begin an election at term 1 for -1: [ef4196d4-8feb-4e51-99d3-97d51bd0de8d:192.168.36.114:39877], old=null
2019-09-12 10:09:27,491 [569a82fb-ac21-4f02-a97c-ed1a1a5ef1db:group-511454A1B6D7:LeaderElection25] INFO  impl.RoleInfo (RoleInfo.java:shutdownLeaderElection(134)) - 569a82fb-ac21-4f02-a97c-ed1a1a5ef1db: shutdown LeaderElection
2019-09-12 10:09:27,491 [ef4196d4-8feb-4e51-99d3-97d51bd0de8d:group-C2A2170C5C6F:LeaderElection26] INFO  impl.RoleInfo (RoleInfo.java:shutdownLeaderElection(134)) - ef4196d4-8feb-4e51-99d3-97d51bd0de8d: shutdown LeaderElection
2019-09-12 10:09:27,491 [569a82fb-ac21-4f02-a97c-ed1a1a5ef1db:group-511454A1B6D7:LeaderElection25] INFO  impl.RaftServerImpl (RaftServerImpl.java:setRole(171)) - 569a82fb-ac21-4f02-a97c-ed1a1a5ef1db:group-511454A1B6D7 changes role from CANDIDATE to LEADER at term 1 for changeToLeader
2019-09-12 10:09:27,491 [ef4196d4-8feb-4e51-99d3-97d51bd0de8d:group-C2A2170C5C6F:LeaderElection26] INFO  impl.RaftServerImpl (RaftServerImpl.java:setRole(171)) - ef4196d4-8feb-4e51-99d3-97d51bd0de8d:group-C2A2170C5C6F changes role from CANDIDATE to LEADER at term 1 for changeToLeader
2019-09-12 10:09:27,491 [569a82fb-ac21-4f02-a97c-ed1a1a5ef1db:group-511454A1B6D7:LeaderElection25] INFO  impl.RaftServerImpl (ServerState.java:setLeader(263)) - 569a82fb-ac21-4f02-a97c-ed1a1a5ef1db:group-511454A1B6D7 change Leader from null to 569a82fb-ac21-4f02-a97c-ed1a1a5ef1db at term 1 for becomeLeader, leader elected after 5259ms
2019-09-12 10:09:27,491 [ef4196d4-8feb-4e51-99d3-97d51bd0de8d:group-C2A2170C5C6F:LeaderElection26] INFO  impl.RaftServerImpl (ServerState.java:setLeader(263)) - ef4196d4-8feb-4e51-99d3-97d51bd0de8d:group-C2A2170C5C6F change Leader from null to ef4196d4-8feb-4e51-99d3-97d51bd0de8d at term 1 for becomeLeader, leader elected after 5171ms
2019-09-12 10:09:27,492 [569a82fb-ac21-4f02-a97c-ed1a1a5ef1db:group-511454A1B6D7:LeaderElection25] INFO  server.RaftServerConfigKeys (ConfUtils.java:logGet(43)) - raft.server.staging.catchup.gap = 1000 (default)
2019-09-12 10:09:27,492 [ef4196d4-8feb-4e51-99d3-97d51bd0de8d:group-C2A2170C5C6F:LeaderElection26] INFO  server.RaftServerConfigKeys (ConfUtils.java:logGet(43)) - raft.server.staging.catchup.gap = 1000 (default)
2019-09-12 10:09:27,492 [569a82fb-ac21-4f02-a97c-ed1a1a5ef1db:group-511454A1B6D7:LeaderElection25] INFO  server.RaftServerConfigKeys (ConfUtils.java:logGet(43)) - raft.server.rpc.sleep.time = 25ms (default)
2019-09-12 10:09:27,492 [ef4196d4-8feb-4e51-99d3-97d51bd0de8d:group-C2A2170C5C6F:LeaderElection26] INFO  server.RaftServerConfigKeys (ConfUtils.java:logGet(43)) - raft.server.rpc.sleep.time = 25ms (default)
2019-09-12 10:09:27,492 [569a82fb-ac21-4f02-a97c-ed1a1a5ef1db:group-511454A1B6D7:LeaderElection25] INFO  server.RaftServerConfigKeys (ConfUtils.java:logGet(43)) - raft.server.write.element-limit = 4096 (default)
2019-09-12 10:09:27,492 [ef4196d4-8feb-4e51-99d3-97d51bd0de8d:group-C2A2170C5C6F:LeaderElection26] INFO  server.RaftServerConfigKeys (ConfUtils.java:logGet(43)) - raft.server.write.element-limit = 4096 (default)
2019-09-12 10:09:27,492 [569a82fb-ac21-4f02-a97c-ed1a1a5ef1db:group-511454A1B6D7:LeaderElection25] INFO  server.RaftServerConfigKeys (ConfUtils.java:logGet(43)) - raft.server.watch.timeout = 10s (default)
2019-09-12 10:09:27,492 [ef4196d4-8feb-4e51-99d3-97d51bd0de8d:group-C2A2170C5C6F:LeaderElection26] INFO  server.RaftServerConfigKeys (ConfUtils.java:logGet(43)) - raft.server.watch.timeout = 10s (default)
2019-09-12 10:09:27,492 [569a82fb-ac21-4f02-a97c-ed1a1a5ef1db:group-511454A1B6D7:LeaderElection25] INFO  server.RaftServerConfigKeys (ConfUtils.java:logGet(43)) - raft.server.watch.timeout.denomination = 1s (default)
2019-09-12 10:09:27,493 [ef4196d4-8feb-4e51-99d3-97d51bd0de8d:group-C2A2170C5C6F:LeaderElection26] INFO  server.RaftServerConfigKeys (ConfUtils.java:logGet(43)) - raft.server.watch.timeout.denomination = 1s (default)
2019-09-12 10:09:27,493 [569a82fb-ac21-4f02-a97c-ed1a1a5ef1db:group-511454A1B6D7:LeaderElection25] INFO  server.RaftServerConfigKeys (ConfUtils.java:logGet(43)) - raft.server.watch.element-limit = 65536 (default)
2019-09-12 10:09:27,493 [ef4196d4-8feb-4e51-99d3-97d51bd0de8d:group-C2A2170C5C6F:LeaderElection26] INFO  server.RaftServerConfigKeys (ConfUtils.java:logGet(43)) - raft.server.watch.element-limit = 65536 (default)
2019-09-12 10:09:27,493 [569a82fb-ac21-4f02-a97c-ed1a1a5ef1db:group-511454A1B6D7:LeaderElection25] INFO  impl.RoleInfo (RoleInfo.java:updateAndGet(143)) - 569a82fb-ac21-4f02-a97c-ed1a1a5ef1db: start LeaderState
2019-09-12 10:09:27,493 [ef4196d4-8feb-4e51-99d3-97d51bd0de8d:group-C2A2170C5C6F:LeaderElection26] INFO  impl.RoleInfo (RoleInfo.java:updateAndGet(143)) - ef4196d4-8feb-4e51-99d3-97d51bd0de8d: start LeaderState
2019-09-12 10:09:27,493 [569a82fb-ac21-4f02-a97c-ed1a1a5ef1db:group-511454A1B6D7:LeaderElection25] INFO  segmented.SegmentedRaftLogWorker (SegmentedRaftLogWorker.java:startLogSegment(380)) - 569a82fb-ac21-4f02-a97c-ed1a1a5ef1db-SegmentedRaftLogWorker:Storage Directory /workdir/hadoop-ozone/integration-test/target/test-dir/MiniOzoneClusterImpl-c79133c4-2f7a-4bec-a41b-f921d987c36a/datanode-0/data/ratis/6ad9de9f-b73a-4dc5-a5f6-511454a1b6d7: Starting segment from index:0
2019-09-12 10:09:27,493 [ef4196d4-8feb-4e51-99d3-97d51bd0de8d:group-C2A2170C5C6F:LeaderElection26] INFO  segmented.SegmentedRaftLogWorker (SegmentedRaftLogWorker.java:startLogSegment(380)) - ef4196d4-8feb-4e51-99d3-97d51bd0de8d-SegmentedRaftLogWorker:Storage Directory /workdir/hadoop-ozone/integration-test/target/test-dir/MiniOzoneClusterImpl-c79133c4-2f7a-4bec-a41b-f921d987c36a/datanode-1/data/ratis/fb8529e5-c150-4222-b682-c2a2170c5c6f: Starting segment from index:0
2019-09-12 10:09:27,494 [569a82fb-ac21-4f02-a97c-ed1a1a5ef1db:group-511454A1B6D7:LeaderElection25] INFO  impl.RaftServerImpl (ServerState.java:setRaftConf(361)) - 569a82fb-ac21-4f02-a97c-ed1a1a5ef1db:group-511454A1B6D7 set configuration 0: [569a82fb-ac21-4f02-a97c-ed1a1a5ef1db:192.168.36.114:35247], old=null at 0
2019-09-12 10:09:27,528 [ef4196d4-8feb-4e51-99d3-97d51bd0de8d:group-C2A2170C5C6F:LeaderElection26] INFO  impl.RaftServerImpl (ServerState.java:setRaftConf(361)) - ef4196d4-8feb-4e51-99d3-97d51bd0de8d:group-C2A2170C5C6F set configuration 0: [ef4196d4-8feb-4e51-99d3-97d51bd0de8d:192.168.36.114:39877], old=null at 0
2019-09-12 10:09:27,528 [Thread-467] INFO  impl.FollowerState (FollowerState.java:run(106)) - 569a82fb-ac21-4f02-a97c-ed1a1a5ef1db:group-7FE3C9B30DA4 changes to CANDIDATE, lastRpcTime:5162, electionTimeout:5133ms
2019-09-12 10:09:27,529 [Thread-467] INFO  impl.RoleInfo (RoleInfo.java:shutdownFollowerState(121)) - 569a82fb-ac21-4f02-a97c-ed1a1a5ef1db: shutdown FollowerState
2019-09-12 10:09:27,529 [Thread-467] INFO  impl.RaftServerImpl (RaftServerImpl.java:setRole(171)) - 569a82fb-ac21-4f02-a97c-ed1a1a5ef1db:group-7FE3C9B30DA4 changes role from FOLLOWER to CANDIDATE at term 0 for changeToCandidate
2019-09-12 10:09:27,529 [Thread-467] INFO  impl.RoleInfo (RoleInfo.java:updateAndGet(143)) - 569a82fb-ac21-4f02-a97c-ed1a1a5ef1db: start LeaderElection
2019-09-12 10:09:27,558 [569a82fb-ac21-4f02-a97c-ed1a1a5ef1db-SegmentedRaftLogWorker:Storage Directory /workdir/hadoop-ozone/integration-test/target/test-dir/MiniOzoneClusterImpl-c79133c4-2f7a-4bec-a41b-f921d987c36a/datanode-0/data/ratis/6ad9de9f-b73a-4dc5-a5f6-511454a1b6d7] INFO  segmented.SegmentedRaftLogWorker (SegmentedRaftLogWorker.java:execute(569)) - 569a82fb-ac21-4f02-a97c-ed1a1a5ef1db-SegmentedRaftLogWorker:Storage Directory /workdir/hadoop-ozone/integration-test/target/test-dir/MiniOzoneClusterImpl-c79133c4-2f7a-4bec-a41b-f921d987c36a/datanode-0/data/ratis/6ad9de9f-b73a-4dc5-a5f6-511454a1b6d7: created new log segment /workdir/hadoop-ozone/integration-test/target/test-dir/MiniOzoneClusterImpl-c79133c4-2f7a-4bec-a41b-f921d987c36a/datanode-0/data/ratis/6ad9de9f-b73a-4dc5-a5f6-511454a1b6d7/current/log_inprogress_0
2019-09-12 10:09:27,558 [ef4196d4-8feb-4e51-99d3-97d51bd0de8d-SegmentedRaftLogWorker:Storage Directory /workdir/hadoop-ozone/integration-test/target/test-dir/MiniOzoneClusterImpl-c79133c4-2f7a-4bec-a41b-f921d987c36a/datanode-1/data/ratis/fb8529e5-c150-4222-b682-c2a2170c5c6f] INFO  segmented.SegmentedRaftLogWorker (SegmentedRaftLogWorker.java:execute(569)) - ef4196d4-8feb-4e51-99d3-97d51bd0de8d-SegmentedRaftLogWorker:Storage Directory /workdir/hadoop-ozone/integration-test/target/test-dir/MiniOzoneClusterImpl-c79133c4-2f7a-4bec-a41b-f921d987c36a/datanode-1/data/ratis/fb8529e5-c150-4222-b682-c2a2170c5c6f: created new log segment /workdir/hadoop-ozone/integration-test/target/test-dir/MiniOzoneClusterImpl-c79133c4-2f7a-4bec-a41b-f921d987c36a/datanode-1/data/ratis/fb8529e5-c150-4222-b682-c2a2170c5c6f/current/log_inprogress_0
2019-09-12 10:09:27,558 [569a82fb-ac21-4f02-a97c-ed1a1a5ef1db:group-7FE3C9B30DA4:LeaderElection27] INFO  impl.LeaderElection (LeaderElection.java:askForVotes(181)) - 569a82fb-ac21-4f02-a97c-ed1a1a5ef1db:group-7FE3C9B30DA4:LeaderElection27: begin an election at term 1 for -1: [569a82fb-ac21-4f02-a97c-ed1a1a5ef1db:192.168.36.114:35247], old=null
2019-09-12 10:09:27,558 [569a82fb-ac21-4f02-a97c-ed1a1a5ef1db:group-7FE3C9B30DA4:LeaderElection27] INFO  impl.RoleInfo (RoleInfo.java:shutdownLeaderElection(134)) - 569a82fb-ac21-4f02-a97c-ed1a1a5ef1db: shutdown LeaderElection
2019-09-12 10:09:27,559 [569a82fb-ac21-4f02-a97c-ed1a1a5ef1db:group-7FE3C9B30DA4:LeaderElection27] INFO  impl.RaftServerImpl (RaftServerImpl.java:setRole(171)) - 569a82fb-ac21-4f02-a97c-ed1a1a5ef1db:group-7FE3C9B30DA4 changes role from CANDIDATE to LEADER at term 1 for changeToLeader
2019-09-12 10:09:27,559 [569a82fb-ac21-4f02-a97c-ed1a1a5ef1db:group-7FE3C9B30DA4:LeaderElection27] INFO  impl.RaftServerImpl (ServerState.java:setLeader(263)) - 569a82fb-ac21-4f02-a97c-ed1a1a5ef1db:group-7FE3C9B30DA4 change Leader from null to 569a82fb-ac21-4f02-a97c-ed1a1a5ef1db at term 1 for becomeLeader, leader elected after 5196ms
2019-09-12 10:09:27,559 [569a82fb-ac21-4f02-a97c-ed1a1a5ef1db:group-7FE3C9B30DA4:LeaderElection27] INFO  server.RaftServerConfigKeys (ConfUtils.java:logGet(43)) - raft.server.staging.catchup.gap = 1000 (default)
2019-09-12 10:09:27,559 [569a82fb-ac21-4f02-a97c-ed1a1a5ef1db:group-7FE3C9B30DA4:LeaderElection27] INFO  server.RaftServerConfigKeys (ConfUtils.java:logGet(43)) - raft.server.rpc.sleep.time = 25ms (default)
2019-09-12 10:09:27,559 [569a82fb-ac21-4f02-a97c-ed1a1a5ef1db:group-7FE3C9B30DA4:LeaderElection27] INFO  server.RaftServerConfigKeys (ConfUtils.java:logGet(43)) - raft.server.write.element-limit = 4096 (default)
2019-09-12 10:09:27,559 [569a82fb-ac21-4f02-a97c-ed1a1a5ef1db:group-7FE3C9B30DA4:LeaderElection27] INFO  server.RaftServerConfigKeys (ConfUtils.java:logGet(43)) - raft.server.watch.timeout = 10s (default)
2019-09-12 10:09:27,560 [569a82fb-ac21-4f02-a97c-ed1a1a5ef1db:group-7FE3C9B30DA4:LeaderElection27] INFO  server.RaftServerConfigKeys (ConfUtils.java:logGet(43)) - raft.server.watch.timeout.denomination = 1s (default)
2019-09-12 10:09:27,560 [569a82fb-ac21-4f02-a97c-ed1a1a5ef1db:group-7FE3C9B30DA4:LeaderElection27] INFO  server.RaftServerConfigKeys (ConfUtils.java:logGet(43)) - raft.server.watch.element-limit = 65536 (default)
2019-09-12 10:09:27,560 [569a82fb-ac21-4f02-a97c-ed1a1a5ef1db:group-7FE3C9B30DA4:LeaderElection27] INFO  impl.RoleInfo (RoleInfo.java:updateAndGet(143)) - 569a82fb-ac21-4f02-a97c-ed1a1a5ef1db: start LeaderState
2019-09-12 10:09:27,560 [569a82fb-ac21-4f02-a97c-ed1a1a5ef1db:group-7FE3C9B30DA4:LeaderElection27] INFO  segmented.SegmentedRaftLogWorker (SegmentedRaftLogWorker.java:startLogSegment(380)) - 569a82fb-ac21-4f02-a97c-ed1a1a5ef1db-SegmentedRaftLogWorker:Storage Directory /workdir/hadoop-ozone/integration-test/target/test-dir/MiniOzoneClusterImpl-c79133c4-2f7a-4bec-a41b-f921d987c36a/datanode-0/data/ratis/e9f22de3-0475-4569-82de-7fe3c9b30da4: Starting segment from index:0
2019-09-12 10:09:27,561 [569a82fb-ac21-4f02-a97c-ed1a1a5ef1db:group-7FE3C9B30DA4:LeaderElection27] INFO  impl.RaftServerImpl (ServerState.java:setRaftConf(361)) - 569a82fb-ac21-4f02-a97c-ed1a1a5ef1db:group-7FE3C9B30DA4 set configuration 0: [569a82fb-ac21-4f02-a97c-ed1a1a5ef1db:192.168.36.114:35247], old=null at 0
2019-09-12 10:09:27,592 [Thread-476] INFO  impl.FollowerState (FollowerState.java:run(106)) - ef4196d4-8feb-4e51-99d3-97d51bd0de8d:group-C6C748BD5672 changes to CANDIDATE, lastRpcTime:5095, electionTimeout:5095ms
2019-09-12 10:09:27,593 [Thread-476] INFO  impl.RoleInfo (RoleInfo.java:shutdownFollowerState(121)) - ef4196d4-8feb-4e51-99d3-97d51bd0de8d: shutdown FollowerState
2019-09-12 10:09:27,593 [Thread-476] INFO  impl.RaftServerImpl (RaftServerImpl.java:setRole(171)) - ef4196d4-8feb-4e51-99d3-97d51bd0de8d:group-C6C748BD5672 changes role from FOLLOWER to CANDIDATE at term 0 for changeToCandidate
2019-09-12 10:09:27,593 [Thread-476] INFO  impl.RoleInfo (RoleInfo.java:updateAndGet(143)) - ef4196d4-8feb-4e51-99d3-97d51bd0de8d: start LeaderElection
2019-09-12 10:09:27,609 [Thread-470] INFO  impl.FollowerState (FollowerState.java:run(106)) - 90fef4f2-0b30-45ed-8418-ad54fddc73e7:group-4FC07CFEA5DC changes to CANDIDATE, lastRpcTime:5194, electionTimeout:5194ms
2019-09-12 10:09:27,609 [Thread-470] INFO  impl.RoleInfo (RoleInfo.java:shutdownFollowerState(121)) - 90fef4f2-0b30-45ed-8418-ad54fddc73e7: shutdown FollowerState
2019-09-12 10:09:27,610 [Thread-470] INFO  impl.RaftServerImpl (RaftServerImpl.java:setRole(171)) - 90fef4f2-0b30-45ed-8418-ad54fddc73e7:group-4FC07CFEA5DC changes role from FOLLOWER to CANDIDATE at term 0 for changeToCandidate
2019-09-12 10:09:27,610 [Thread-470] INFO  impl.RoleInfo (RoleInfo.java:updateAndGet(143)) - 90fef4f2-0b30-45ed-8418-ad54fddc73e7: start LeaderElection
2019-09-12 10:09:27,614 [Thread-473] INFO  impl.FollowerState (FollowerState.java:run(106)) - ef4196d4-8feb-4e51-99d3-97d51bd0de8d:group-623809B4B929 changes to CANDIDATE, lastRpcTime:5160, electionTimeout:5160ms
2019-09-12 10:09:27,614 [Thread-473] INFO  impl.RoleInfo (RoleInfo.java:shutdownFollowerState(121)) - ef4196d4-8feb-4e51-99d3-97d51bd0de8d: shutdown FollowerState
2019-09-12 10:09:27,614 [Thread-473] INFO  impl.RaftServerImpl (RaftServerImpl.java:setRole(171)) - ef4196d4-8feb-4e51-99d3-97d51bd0de8d:group-623809B4B929 changes role from FOLLOWER to CANDIDATE at term 0 for changeToCandidate
2019-09-12 10:09:27,614 [Thread-473] INFO  impl.RoleInfo (RoleInfo.java:updateAndGet(143)) - ef4196d4-8feb-4e51-99d3-97d51bd0de8d: start LeaderElection
2019-09-12 10:09:27,664 [569a82fb-ac21-4f02-a97c-ed1a1a5ef1db-SegmentedRaftLogWorker:Storage Directory /workdir/hadoop-ozone/integration-test/target/test-dir/MiniOzoneClusterImpl-c79133c4-2f7a-4bec-a41b-f921d987c36a/datanode-0/data/ratis/e9f22de3-0475-4569-82de-7fe3c9b30da4] INFO  segmented.SegmentedRaftLogWorker (SegmentedRaftLogWorker.java:execute(569)) - 569a82fb-ac21-4f02-a97c-ed1a1a5ef1db-SegmentedRaftLogWorker:Storage Directory /workdir/hadoop-ozone/integration-test/target/test-dir/MiniOzoneClusterImpl-c79133c4-2f7a-4bec-a41b-f921d987c36a/datanode-0/data/ratis/e9f22de3-0475-4569-82de-7fe3c9b30da4: created new log segment /workdir/hadoop-ozone/integration-test/target/test-dir/MiniOzoneClusterImpl-c79133c4-2f7a-4bec-a41b-f921d987c36a/datanode-0/data/ratis/e9f22de3-0475-4569-82de-7fe3c9b30da4/current/log_inprogress_0
2019-09-12 10:09:27,703 [Thread-488] INFO  impl.FollowerState (FollowerState.java:run(106)) - 90fef4f2-0b30-45ed-8418-ad54fddc73e7:group-A0B3F5137C2C changes to CANDIDATE, lastRpcTime:5007, electionTimeout:5007ms
2019-09-12 10:09:27,703 [Thread-488] INFO  impl.RoleInfo (RoleInfo.java:shutdownFollowerState(121)) - 90fef4f2-0b30-45ed-8418-ad54fddc73e7: shutdown FollowerState
2019-09-12 10:09:27,704 [Thread-488] INFO  impl.RaftServerImpl (RaftServerImpl.java:setRole(171)) - 90fef4f2-0b30-45ed-8418-ad54fddc73e7:group-A0B3F5137C2C changes role from FOLLOWER to CANDIDATE at term 0 for changeToCandidate
2019-09-12 10:09:27,704 [Thread-488] INFO  impl.RoleInfo (RoleInfo.java:updateAndGet(143)) - 90fef4f2-0b30-45ed-8418-ad54fddc73e7: start LeaderElection
2019-09-12 10:09:27,706 [ef4196d4-8feb-4e51-99d3-97d51bd0de8d:group-C6C748BD5672:LeaderElection28] INFO  impl.LeaderElection (LeaderElection.java:askForVotes(181)) - ef4196d4-8feb-4e51-99d3-97d51bd0de8d:group-C6C748BD5672:LeaderElection28: begin an election at term 1 for -1: [ef4196d4-8feb-4e51-99d3-97d51bd0de8d:192.168.36.114:39877], old=null
2019-09-12 10:09:27,706 [ef4196d4-8feb-4e51-99d3-97d51bd0de8d:group-623809B4B929:LeaderElection30] INFO  impl.LeaderElection (LeaderElection.java:askForVotes(181)) - ef4196d4-8feb-4e51-99d3-97d51bd0de8d:group-623809B4B929:LeaderElection30: begin an election at term 1 for -1: [ef4196d4-8feb-4e51-99d3-97d51bd0de8d:192.168.36.114:39877], old=null
2019-09-12 10:09:27,706 [90fef4f2-0b30-45ed-8418-ad54fddc73e7:group-4FC07CFEA5DC:LeaderElection29] INFO  impl.LeaderElection (LeaderElection.java:askForVotes(181)) - 90fef4f2-0b30-45ed-8418-ad54fddc73e7:group-4FC07CFEA5DC:LeaderElection29: begin an election at term 1 for -1: [90fef4f2-0b30-45ed-8418-ad54fddc73e7:192.168.36.114:44121], old=null
2019-09-12 10:09:27,706 [ef4196d4-8feb-4e51-99d3-97d51bd0de8d:group-623809B4B929:LeaderElection30] INFO  impl.RoleInfo (RoleInfo.java:shutdownLeaderElection(134)) - ef4196d4-8feb-4e51-99d3-97d51bd0de8d: shutdown LeaderElection
2019-09-12 10:09:27,706 [ef4196d4-8feb-4e51-99d3-97d51bd0de8d:group-C6C748BD5672:LeaderElection28] INFO  impl.RoleInfo (RoleInfo.java:shutdownLeaderElection(134)) - ef4196d4-8feb-4e51-99d3-97d51bd0de8d: shutdown LeaderElection
2019-09-12 10:09:27,707 [ef4196d4-8feb-4e51-99d3-97d51bd0de8d:group-623809B4B929:LeaderElection30] INFO  impl.RaftServerImpl (RaftServerImpl.java:setRole(171)) - ef4196d4-8feb-4e51-99d3-97d51bd0de8d:group-623809B4B929 changes role from CANDIDATE to LEADER at term 1 for changeToLeader
2019-09-12 10:09:27,706 [90fef4f2-0b30-45ed-8418-ad54fddc73e7:group-4FC07CFEA5DC:LeaderElection29] INFO  impl.RoleInfo (RoleInfo.java:shutdownLeaderElection(134)) - 90fef4f2-0b30-45ed-8418-ad54fddc73e7: shutdown LeaderElection
2019-09-12 10:09:27,707 [ef4196d4-8feb-4e51-99d3-97d51bd0de8d:group-623809B4B929:LeaderElection30] INFO  impl.RaftServerImpl (ServerState.java:setLeader(263)) - ef4196d4-8feb-4e51-99d3-97d51bd0de8d:group-623809B4B929 change Leader from null to ef4196d4-8feb-4e51-99d3-97d51bd0de8d at term 1 for becomeLeader, leader elected after 5255ms
2019-09-12 10:09:27,707 [ef4196d4-8feb-4e51-99d3-97d51bd0de8d:group-C6C748BD5672:LeaderElection28] INFO  impl.RaftServerImpl (RaftServerImpl.java:setRole(171)) - ef4196d4-8feb-4e51-99d3-97d51bd0de8d:group-C6C748BD5672 changes role from CANDIDATE to LEADER at term 1 for changeToLeader
2019-09-12 10:09:27,707 [ef4196d4-8feb-4e51-99d3-97d51bd0de8d:group-623809B4B929:LeaderElection30] INFO  server.RaftServerConfigKeys (ConfUtils.java:logGet(43)) - raft.server.staging.catchup.gap = 1000 (default)
2019-09-12 10:09:27,707 [90fef4f2-0b30-45ed-8418-ad54fddc73e7:group-4FC07CFEA5DC:LeaderElection29] INFO  impl.RaftServerImpl (RaftServerImpl.java:setRole(171)) - 90fef4f2-0b30-45ed-8418-ad54fddc73e7:group-4FC07CFEA5DC changes role from CANDIDATE to LEADER at term 1 for changeToLeader
2019-09-12 10:09:27,707 [ef4196d4-8feb-4e51-99d3-97d51bd0de8d:group-623809B4B929:LeaderElection30] INFO  server.RaftServerConfigKeys (ConfUtils.java:logGet(43)) - raft.server.rpc.sleep.time = 25ms (default)
2019-09-12 10:09:27,707 [ef4196d4-8feb-4e51-99d3-97d51bd0de8d:group-C6C748BD5672:LeaderElection28] INFO  impl.RaftServerImpl (ServerState.java:setLeader(263)) - ef4196d4-8feb-4e51-99d3-97d51bd0de8d:group-C6C748BD5672 change Leader from null to ef4196d4-8feb-4e51-99d3-97d51bd0de8d at term 1 for becomeLeader, leader elected after 5213ms
2019-09-12 10:09:27,708 [ef4196d4-8feb-4e51-99d3-97d51bd0de8d:group-623809B4B929:LeaderElection30] INFO  server.RaftServerConfigKeys (ConfUtils.java:logGet(43)) - raft.server.write.element-limit = 4096 (default)
2019-09-12 10:09:27,708 [ef4196d4-8feb-4e51-99d3-97d51bd0de8d:group-C6C748BD5672:LeaderElection28] INFO  server.RaftServerConfigKeys (ConfUtils.java:logGet(43)) - raft.server.staging.catchup.gap = 1000 (default)
2019-09-12 10:09:27,707 [90fef4f2-0b30-45ed-8418-ad54fddc73e7:group-4FC07CFEA5DC:LeaderElection29] INFO  impl.RaftServerImpl (ServerState.java:setLeader(263)) - 90fef4f2-0b30-45ed-8418-ad54fddc73e7:group-4FC07CFEA5DC change Leader from null to 90fef4f2-0b30-45ed-8418-ad54fddc73e7 at term 1 for becomeLeader, leader elected after 5295ms
2019-09-12 10:09:27,708 [ef4196d4-8feb-4e51-99d3-97d51bd0de8d:group-C6C748BD5672:LeaderElection28] INFO  server.RaftServerConfigKeys (ConfUtils.java:logGet(43)) - raft.server.rpc.sleep.time = 25ms (default)
2019-09-12 10:09:27,708 [ef4196d4-8feb-4e51-99d3-97d51bd0de8d:group-623809B4B929:LeaderElection30] INFO  server.RaftServerConfigKeys (ConfUtils.java:logGet(43)) - raft.server.watch.timeout = 10s (default)
2019-09-12 10:09:27,708 [ef4196d4-8feb-4e51-99d3-97d51bd0de8d:group-C6C748BD5672:LeaderElection28] INFO  server.RaftServerConfigKeys (ConfUtils.java:logGet(43)) - raft.server.write.element-limit = 4096 (default)
2019-09-12 10:09:27,708 [90fef4f2-0b30-45ed-8418-ad54fddc73e7:group-4FC07CFEA5DC:LeaderElection29] INFO  server.RaftServerConfigKeys (ConfUtils.java:logGet(43)) - raft.server.staging.catchup.gap = 1000 (default)
2019-09-12 10:09:27,709 [ef4196d4-8feb-4e51-99d3-97d51bd0de8d:group-C6C748BD5672:LeaderElection28] INFO  server.RaftServerConfigKeys (ConfUtils.java:logGet(43)) - raft.server.watch.timeout = 10s (default)
2019-09-12 10:09:27,708 [ef4196d4-8feb-4e51-99d3-97d51bd0de8d:group-623809B4B929:LeaderElection30] INFO  server.RaftServerConfigKeys (ConfUtils.java:logGet(43)) - raft.server.watch.timeout.denomination = 1s (default)
2019-09-12 10:09:27,709 [ef4196d4-8feb-4e51-99d3-97d51bd0de8d:group-C6C748BD5672:LeaderElection28] INFO  server.RaftServerConfigKeys (ConfUtils.java:logGet(43)) - raft.server.watch.timeout.denomination = 1s (default)
2019-09-12 10:09:27,709 [90fef4f2-0b30-45ed-8418-ad54fddc73e7:group-4FC07CFEA5DC:LeaderElection29] INFO  server.RaftServerConfigKeys (ConfUtils.java:logGet(43)) - raft.server.rpc.sleep.time = 25ms (default)
2019-09-12 10:09:27,709 [ef4196d4-8feb-4e51-99d3-97d51bd0de8d:group-C6C748BD5672:LeaderElection28] INFO  server.RaftServerConfigKeys (ConfUtils.java:logGet(43)) - raft.server.watch.element-limit = 65536 (default)
2019-09-12 10:09:27,709 [ef4196d4-8feb-4e51-99d3-97d51bd0de8d:group-623809B4B929:LeaderElection30] INFO  server.RaftServerConfigKeys (ConfUtils.java:logGet(43)) - raft.server.watch.element-limit = 65536 (default)
2019-09-12 10:09:27,709 [90fef4f2-0b30-45ed-8418-ad54fddc73e7:group-4FC07CFEA5DC:LeaderElection29] INFO  server.RaftServerConfigKeys (ConfUtils.java:logGet(43)) - raft.server.write.element-limit = 4096 (default)
2019-09-12 10:09:27,710 [ef4196d4-8feb-4e51-99d3-97d51bd0de8d:group-C6C748BD5672:LeaderElection28] INFO  impl.RoleInfo (RoleInfo.java:updateAndGet(143)) - ef4196d4-8feb-4e51-99d3-97d51bd0de8d: start LeaderState
2019-09-12 10:09:27,710 [90fef4f2-0b30-45ed-8418-ad54fddc73e7:group-4FC07CFEA5DC:LeaderElection29] INFO  server.RaftServerConfigKeys (ConfUtils.java:logGet(43)) - raft.server.watch.timeout = 10s (default)
2019-09-12 10:09:27,710 [ef4196d4-8feb-4e51-99d3-97d51bd0de8d:group-623809B4B929:LeaderElection30] INFO  impl.RoleInfo (RoleInfo.java:updateAndGet(143)) - ef4196d4-8feb-4e51-99d3-97d51bd0de8d: start LeaderState
2019-09-12 10:09:27,710 [90fef4f2-0b30-45ed-8418-ad54fddc73e7:group-4FC07CFEA5DC:LeaderElection29] INFO  server.RaftServerConfigKeys (ConfUtils.java:logGet(43)) - raft.server.watch.timeout.denomination = 1s (default)
2019-09-12 10:09:27,710 [ef4196d4-8feb-4e51-99d3-97d51bd0de8d:group-C6C748BD5672:LeaderElection28] INFO  segmented.SegmentedRaftLogWorker (SegmentedRaftLogWorker.java:startLogSegment(380)) - ef4196d4-8feb-4e51-99d3-97d51bd0de8d-SegmentedRaftLogWorker:Storage Directory /workdir/hadoop-ozone/integration-test/target/test-dir/MiniOzoneClusterImpl-c79133c4-2f7a-4bec-a41b-f921d987c36a/datanode-1/data/ratis/f5fea62f-44e0-49f3-bcfe-c6c748bd5672: Starting segment from index:0
2019-09-12 10:09:27,710 [90fef4f2-0b30-45ed-8418-ad54fddc73e7:group-4FC07CFEA5DC:LeaderElection29] INFO  server.RaftServerConfigKeys (ConfUtils.java:logGet(43)) - raft.server.watch.element-limit = 65536 (default)
2019-09-12 10:09:27,710 [ef4196d4-8feb-4e51-99d3-97d51bd0de8d:group-623809B4B929:LeaderElection30] INFO  segmented.SegmentedRaftLogWorker (SegmentedRaftLogWorker.java:startLogSegment(380)) - ef4196d4-8feb-4e51-99d3-97d51bd0de8d-SegmentedRaftLogWorker:Storage Directory /workdir/hadoop-ozone/integration-test/target/test-dir/MiniOzoneClusterImpl-c79133c4-2f7a-4bec-a41b-f921d987c36a/datanode-1/data/ratis/b87f876f-85b1-4900-977c-623809b4b929: Starting segment from index:0
2019-09-12 10:09:27,711 [90fef4f2-0b30-45ed-8418-ad54fddc73e7:group-4FC07CFEA5DC:LeaderElection29] INFO  impl.RoleInfo (RoleInfo.java:updateAndGet(143)) - 90fef4f2-0b30-45ed-8418-ad54fddc73e7: start LeaderState
2019-09-12 10:09:27,711 [ef4196d4-8feb-4e51-99d3-97d51bd0de8d:group-C6C748BD5672:LeaderElection28] INFO  impl.RaftServerImpl (ServerState.java:setRaftConf(361)) - ef4196d4-8feb-4e51-99d3-97d51bd0de8d:group-C6C748BD5672 set configuration 0: [ef4196d4-8feb-4e51-99d3-97d51bd0de8d:192.168.36.114:39877], old=null at 0
2019-09-12 10:09:27,711 [ef4196d4-8feb-4e51-99d3-97d51bd0de8d:group-623809B4B929:LeaderElection30] INFO  impl.RaftServerImpl (ServerState.java:setRaftConf(361)) - ef4196d4-8feb-4e51-99d3-97d51bd0de8d:group-623809B4B929 set configuration 0: [ef4196d4-8feb-4e51-99d3-97d51bd0de8d:192.168.36.114:39877], old=null at 0
2019-09-12 10:09:27,749 [Thread-479] INFO  impl.FollowerState (FollowerState.java:run(106)) - 90fef4f2-0b30-45ed-8418-ad54fddc73e7:group-BA46F7F75D63 changes to CANDIDATE, lastRpcTime:5206, electionTimeout:5182ms
2019-09-12 10:09:27,751 [Thread-479] INFO  impl.RoleInfo (RoleInfo.java:shutdownFollowerState(121)) - 90fef4f2-0b30-45ed-8418-ad54fddc73e7: shutdown FollowerState
2019-09-12 10:09:27,749 [Thread-482] INFO  impl.FollowerState (FollowerState.java:run(106)) - 90fef4f2-0b30-45ed-8418-ad54fddc73e7:group-BECE44B5BCDC changes to CANDIDATE, lastRpcTime:5160, electionTimeout:5144ms
2019-09-12 10:09:27,751 [Thread-482] INFO  impl.RoleInfo (RoleInfo.java:shutdownFollowerState(121)) - 90fef4f2-0b30-45ed-8418-ad54fddc73e7: shutdown FollowerState
2019-09-12 10:09:27,749 [Thread-491] INFO  impl.FollowerState (FollowerState.java:run(106)) - 90fef4f2-0b30-45ed-8418-ad54fddc73e7:group-175ADCB22436 changes to CANDIDATE, lastRpcTime:5018, electionTimeout:5003ms
2019-09-12 10:09:27,751 [Thread-491] INFO  impl.RoleInfo (RoleInfo.java:shutdownFollowerState(121)) - 90fef4f2-0b30-45ed-8418-ad54fddc73e7: shutdown FollowerState
2019-09-12 10:09:27,711 [90fef4f2-0b30-45ed-8418-ad54fddc73e7:group-4FC07CFEA5DC:LeaderElection29] INFO  segmented.SegmentedRaftLogWorker (SegmentedRaftLogWorker.java:startLogSegment(380)) - 90fef4f2-0b30-45ed-8418-ad54fddc73e7-SegmentedRaftLogWorker:Storage Directory /workdir/hadoop-ozone/integration-test/target/test-dir/MiniOzoneClusterImpl-c79133c4-2f7a-4bec-a41b-f921d987c36a/datanode-2/data/ratis/33588200-8f98-4947-8d74-4fc07cfea5dc: Starting segment from index:0
2019-09-12 10:09:27,751 [Thread-491] INFO  impl.RaftServerImpl (RaftServerImpl.java:setRole(171)) - 90fef4f2-0b30-45ed-8418-ad54fddc73e7:group-175ADCB22436 changes role from FOLLOWER to CANDIDATE at term 0 for changeToCandidate
2019-09-12 10:09:27,751 [Thread-482] INFO  impl.RaftServerImpl (RaftServerImpl.java:setRole(171)) - 90fef4f2-0b30-45ed-8418-ad54fddc73e7:group-BECE44B5BCDC changes role from FOLLOWER to CANDIDATE at term 0 for changeToCandidate
2019-09-12 10:09:27,751 [Thread-479] INFO  impl.RaftServerImpl (RaftServerImpl.java:setRole(171)) - 90fef4f2-0b30-45ed-8418-ad54fddc73e7:group-BA46F7F75D63 changes role from FOLLOWER to CANDIDATE at term 0 for changeToCandidate
2019-09-12 10:09:27,752 [Thread-482] INFO  impl.RoleInfo (RoleInfo.java:updateAndGet(143)) - 90fef4f2-0b30-45ed-8418-ad54fddc73e7: start LeaderElection
2019-09-12 10:09:27,752 [Thread-491] INFO  impl.RoleInfo (RoleInfo.java:updateAndGet(143)) - 90fef4f2-0b30-45ed-8418-ad54fddc73e7: start LeaderElection
2019-09-12 10:09:27,752 [Thread-479] INFO  impl.RoleInfo (RoleInfo.java:updateAndGet(143)) - 90fef4f2-0b30-45ed-8418-ad54fddc73e7: start LeaderElection
2019-09-12 10:09:27,752 [90fef4f2-0b30-45ed-8418-ad54fddc73e7:group-4FC07CFEA5DC:LeaderElection29] INFO  impl.RaftServerImpl (ServerState.java:setRaftConf(361)) - 90fef4f2-0b30-45ed-8418-ad54fddc73e7:group-4FC07CFEA5DC set configuration 0: [90fef4f2-0b30-45ed-8418-ad54fddc73e7:192.168.36.114:44121], old=null at 0
2019-09-12 10:09:27,766 [90fef4f2-0b30-45ed-8418-ad54fddc73e7:group-A0B3F5137C2C:LeaderElection31] INFO  impl.LeaderElection (LeaderElection.java:askForVotes(181)) - 90fef4f2-0b30-45ed-8418-ad54fddc73e7:group-A0B3F5137C2C:LeaderElection31: begin an election at term 1 for -1: [90fef4f2-0b30-45ed-8418-ad54fddc73e7:192.168.36.114:44121], old=null
2019-09-12 10:09:27,766 [90fef4f2-0b30-45ed-8418-ad54fddc73e7:group-A0B3F5137C2C:LeaderElection31] INFO  impl.RoleInfo (RoleInfo.java:shutdownLeaderElection(134)) - 90fef4f2-0b30-45ed-8418-ad54fddc73e7: shutdown LeaderElection
2019-09-12 10:09:27,766 [90fef4f2-0b30-45ed-8418-ad54fddc73e7:group-A0B3F5137C2C:LeaderElection31] INFO  impl.RaftServerImpl (RaftServerImpl.java:setRole(171)) - 90fef4f2-0b30-45ed-8418-ad54fddc73e7:group-A0B3F5137C2C changes role from CANDIDATE to LEADER at term 1 for changeToLeader
2019-09-12 10:09:27,767 [90fef4f2-0b30-45ed-8418-ad54fddc73e7:group-A0B3F5137C2C:LeaderElection31] INFO  impl.RaftServerImpl (ServerState.java:setLeader(263)) - 90fef4f2-0b30-45ed-8418-ad54fddc73e7:group-A0B3F5137C2C change Leader from null to 90fef4f2-0b30-45ed-8418-ad54fddc73e7 at term 1 for becomeLeader, leader elected after 5073ms
2019-09-12 10:09:27,767 [90fef4f2-0b30-45ed-8418-ad54fddc73e7:group-A0B3F5137C2C:LeaderElection31] INFO  server.RaftServerConfigKeys (ConfUtils.java:logGet(43)) - raft.server.staging.catchup.gap = 1000 (default)
2019-09-12 10:09:27,767 [90fef4f2-0b30-45ed-8418-ad54fddc73e7:group-A0B3F5137C2C:LeaderElection31] INFO  server.RaftServerConfigKeys (ConfUtils.java:logGet(43)) - raft.server.rpc.sleep.time = 25ms (default)
2019-09-12 10:09:27,767 [90fef4f2-0b30-45ed-8418-ad54fddc73e7:group-A0B3F5137C2C:LeaderElection31] INFO  server.RaftServerConfigKeys (ConfUtils.java:logGet(43)) - raft.server.write.element-limit = 4096 (default)
2019-09-12 10:09:27,767 [90fef4f2-0b30-45ed-8418-ad54fddc73e7:group-A0B3F5137C2C:LeaderElection31] INFO  server.RaftServerConfigKeys (ConfUtils.java:logGet(43)) - raft.server.watch.timeout = 10s (default)
2019-09-12 10:09:27,767 [90fef4f2-0b30-45ed-8418-ad54fddc73e7:group-A0B3F5137C2C:LeaderElection31] INFO  server.RaftServerConfigKeys (ConfUtils.java:logGet(43)) - raft.server.watch.timeout.denomination = 1s (default)
2019-09-12 10:09:27,768 [90fef4f2-0b30-45ed-8418-ad54fddc73e7:group-A0B3F5137C2C:LeaderElection31] INFO  server.RaftServerConfigKeys (ConfUtils.java:logGet(43)) - raft.server.watch.element-limit = 65536 (default)
2019-09-12 10:09:27,768 [90fef4f2-0b30-45ed-8418-ad54fddc73e7:group-A0B3F5137C2C:LeaderElection31] INFO  impl.RoleInfo (RoleInfo.java:updateAndGet(143)) - 90fef4f2-0b30-45ed-8418-ad54fddc73e7: start LeaderState
2019-09-12 10:09:27,768 [90fef4f2-0b30-45ed-8418-ad54fddc73e7:group-A0B3F5137C2C:LeaderElection31] INFO  segmented.SegmentedRaftLogWorker (SegmentedRaftLogWorker.java:startLogSegment(380)) - 90fef4f2-0b30-45ed-8418-ad54fddc73e7-SegmentedRaftLogWorker:Storage Directory /workdir/hadoop-ozone/integration-test/target/test-dir/MiniOzoneClusterImpl-c79133c4-2f7a-4bec-a41b-f921d987c36a/datanode-2/data/ratis/a06dcccd-02da-4c4f-99ff-a0b3f5137c2c: Starting segment from index:0
2019-09-12 10:09:27,769 [90fef4f2-0b30-45ed-8418-ad54fddc73e7:group-A0B3F5137C2C:LeaderElection31] INFO  impl.RaftServerImpl (ServerState.java:setRaftConf(361)) - 90fef4f2-0b30-45ed-8418-ad54fddc73e7:group-A0B3F5137C2C set configuration 0: [90fef4f2-0b30-45ed-8418-ad54fddc73e7:192.168.36.114:44121], old=null at 0
2019-09-12 10:09:27,802 [ef4196d4-8feb-4e51-99d3-97d51bd0de8d-SegmentedRaftLogWorker:Storage Directory /workdir/hadoop-ozone/integration-test/target/test-dir/MiniOzoneClusterImpl-c79133c4-2f7a-4bec-a41b-f921d987c36a/datanode-1/data/ratis/b87f876f-85b1-4900-977c-623809b4b929] INFO  segmented.SegmentedRaftLogWorker (SegmentedRaftLogWorker.java:execute(569)) - ef4196d4-8feb-4e51-99d3-97d51bd0de8d-SegmentedRaftLogWorker:Storage Directory /workdir/hadoop-ozone/integration-test/target/test-dir/MiniOzoneClusterImpl-c79133c4-2f7a-4bec-a41b-f921d987c36a/datanode-1/data/ratis/b87f876f-85b1-4900-977c-623809b4b929: created new log segment /workdir/hadoop-ozone/integration-test/target/test-dir/MiniOzoneClusterImpl-c79133c4-2f7a-4bec-a41b-f921d987c36a/datanode-1/data/ratis/b87f876f-85b1-4900-977c-623809b4b929/current/log_inprogress_0
2019-09-12 10:09:27,802 [90fef4f2-0b30-45ed-8418-ad54fddc73e7:group-BA46F7F75D63:LeaderElection34] INFO  impl.LeaderElection (LeaderElection.java:askForVotes(181)) - 90fef4f2-0b30-45ed-8418-ad54fddc73e7:group-BA46F7F75D63:LeaderElection34: begin an election at term 1 for -1: [90fef4f2-0b30-45ed-8418-ad54fddc73e7:192.168.36.114:44121], old=null
2019-09-12 10:09:27,802 [90fef4f2-0b30-45ed-8418-ad54fddc73e7:group-BECE44B5BCDC:LeaderElection33] INFO  impl.LeaderElection (LeaderElection.java:askForVotes(181)) - 90fef4f2-0b30-45ed-8418-ad54fddc73e7:group-BECE44B5BCDC:LeaderElection33: begin an election at term 1 for -1: [90fef4f2-0b30-45ed-8418-ad54fddc73e7:192.168.36.114:44121], old=null
2019-09-12 10:09:27,802 [90fef4f2-0b30-45ed-8418-ad54fddc73e7:group-175ADCB22436:LeaderElection32] INFO  impl.LeaderElection (LeaderElection.java:askForVotes(181)) - 90fef4f2-0b30-45ed-8418-ad54fddc73e7:group-175ADCB22436:LeaderElection32: begin an election at term 1 for -1: [90fef4f2-0b30-45ed-8418-ad54fddc73e7:192.168.36.114:44121], old=null
2019-09-12 10:09:27,802 [ef4196d4-8feb-4e51-99d3-97d51bd0de8d-SegmentedRaftLogWorker:Storage Directory /workdir/hadoop-ozone/integration-test/target/test-dir/MiniOzoneClusterImpl-c79133c4-2f7a-4bec-a41b-f921d987c36a/datanode-1/data/ratis/f5fea62f-44e0-49f3-bcfe-c6c748bd5672] INFO  segmented.SegmentedRaftLogWorker (SegmentedRaftLogWorker.java:execute(569)) - ef4196d4-8feb-4e51-99d3-97d51bd0de8d-SegmentedRaftLogWorker:Storage Directory /workdir/hadoop-ozone/integration-test/target/test-dir/MiniOzoneClusterImpl-c79133c4-2f7a-4bec-a41b-f921d987c36a/datanode-1/data/ratis/f5fea62f-44e0-49f3-bcfe-c6c748bd5672: created new log segment /workdir/hadoop-ozone/integration-test/target/test-dir/MiniOzoneClusterImpl-c79133c4-2f7a-4bec-a41b-f921d987c36a/datanode-1/data/ratis/f5fea62f-44e0-49f3-bcfe-c6c748bd5672/current/log_inprogress_0
2019-09-12 10:09:27,802 [main] INFO  ozoneimpl.OzoneContainer (OzoneContainer.java:stop(199)) - Attempting to stop container services.
2019-09-12 10:09:27,802 [ForkJoinPool.commonPool-worker-0] INFO  ozoneimpl.OzoneContainer (OzoneContainer.java:stop(199)) - Attempting to stop container services.
2019-09-12 10:09:27,803 [main] INFO  impl.RaftServerProxy (RaftServerProxy.java:lambda$close$4(314)) - ef4196d4-8feb-4e51-99d3-97d51bd0de8d: close
2019-09-12 10:09:27,802 [90fef4f2-0b30-45ed-8418-ad54fddc73e7:group-175ADCB22436:LeaderElection32] INFO  impl.RoleInfo (RoleInfo.java:shutdownLeaderElection(134)) - 90fef4f2-0b30-45ed-8418-ad54fddc73e7: shutdown LeaderElection
2019-09-12 10:09:27,802 [90fef4f2-0b30-45ed-8418-ad54fddc73e7:group-BECE44B5BCDC:LeaderElection33] INFO  impl.RoleInfo (RoleInfo.java:shutdownLeaderElection(134)) - 90fef4f2-0b30-45ed-8418-ad54fddc73e7: shutdown LeaderElection
2019-09-12 10:09:27,802 [90fef4f2-0b30-45ed-8418-ad54fddc73e7:group-BA46F7F75D63:LeaderElection34] INFO  impl.RoleInfo (RoleInfo.java:shutdownLeaderElection(134)) - 90fef4f2-0b30-45ed-8418-ad54fddc73e7: shutdown LeaderElection
2019-09-12 10:09:27,803 [90fef4f2-0b30-45ed-8418-ad54fddc73e7:group-BECE44B5BCDC:LeaderElection33] INFO  impl.RaftServerImpl (RaftServerImpl.java:setRole(171)) - 90fef4f2-0b30-45ed-8418-ad54fddc73e7:group-BECE44B5BCDC changes role from CANDIDATE to LEADER at term 1 for changeToLeader
2019-09-12 10:09:27,803 [90fef4f2-0b30-45ed-8418-ad54fddc73e7:group-175ADCB22436:LeaderElection32] INFO  impl.RaftServerImpl (RaftServerImpl.java:setRole(171)) - 90fef4f2-0b30-45ed-8418-ad54fddc73e7:group-175ADCB22436 changes role from CANDIDATE to LEADER at term 1 for changeToLeader
2019-09-12 10:09:27,803 [main] INFO  impl.RaftServerImpl (RaftServerImpl.java:lambda$shutdown$3(245)) - ef4196d4-8feb-4e51-99d3-97d51bd0de8d: shutdown group-C6C748BD5672
2019-09-12 10:09:27,803 [ForkJoinPool.commonPool-worker-0] INFO  impl.RaftServerProxy (RaftServerProxy.java:lambda$close$4(314)) - 569a82fb-ac21-4f02-a97c-ed1a1a5ef1db: close
2019-09-12 10:09:27,804 [main] INFO  util.JmxRegister (JmxRegister.java:unregister(73)) - Successfully un-registered JMX Bean with object name Ratis:service=RaftServer,group=group-C6C748BD5672,id=ef4196d4-8feb-4e51-99d3-97d51bd0de8d
2019-09-12 10:09:27,804 [main] INFO  impl.RoleInfo (RoleInfo.java:shutdownLeaderState(104)) - ef4196d4-8feb-4e51-99d3-97d51bd0de8d: shutdown LeaderState
2019-09-12 10:09:27,804 [90fef4f2-0b30-45ed-8418-ad54fddc73e7:group-175ADCB22436:LeaderElection32] INFO  impl.RaftServerImpl (ServerState.java:setLeader(263)) - 90fef4f2-0b30-45ed-8418-ad54fddc73e7:group-175ADCB22436 change Leader from null to 90fef4f2-0b30-45ed-8418-ad54fddc73e7 at term 1 for becomeLeader, leader elected after 5076ms
2019-09-12 10:09:27,804 [90fef4f2-0b30-45ed-8418-ad54fddc73e7:group-BECE44B5BCDC:LeaderElection33] INFO  impl.RaftServerImpl (ServerState.java:setLeader(263)) - 90fef4f2-0b30-45ed-8418-ad54fddc73e7:group-BECE44B5BCDC change Leader from null to 90fef4f2-0b30-45ed-8418-ad54fddc73e7 at term 1 for becomeLeader, leader elected after 5219ms
2019-09-12 10:09:27,804 [90fef4f2-0b30-45ed-8418-ad54fddc73e7:group-BA46F7F75D63:LeaderElection34] INFO  impl.RaftServerImpl (RaftServerImpl.java:setRole(171)) - 90fef4f2-0b30-45ed-8418-ad54fddc73e7:group-BA46F7F75D63 changes role from CANDIDATE to LEADER at term 1 for changeToLeader
2019-09-12 10:09:27,805 [90fef4f2-0b30-45ed-8418-ad54fddc73e7:group-BECE44B5BCDC:LeaderElection33] INFO  server.RaftServerConfigKeys (ConfUtils.java:logGet(43)) - raft.server.staging.catchup.gap = 1000 (default)
2019-09-12 10:09:27,805 [90fef4f2-0b30-45ed-8418-ad54fddc73e7:group-175ADCB22436:LeaderElection32] INFO  server.RaftServerConfigKeys (ConfUtils.java:logGet(43)) - raft.server.staging.catchup.gap = 1000 (default)
2019-09-12 10:09:27,805 [main] INFO  impl.PendingRequests (PendingRequests.java:sendNotLeaderResponses(202)) - ef4196d4-8feb-4e51-99d3-97d51bd0de8d-PendingRequests: sendNotLeaderResponses
2019-09-12 10:09:27,804 [ForkJoinPool.commonPool-worker-0] INFO  impl.RaftServerImpl (RaftServerImpl.java:lambda$shutdown$3(245)) - 569a82fb-ac21-4f02-a97c-ed1a1a5ef1db: shutdown group-4D0FDC8D743E
2019-09-12 10:09:27,806 [main] INFO  impl.StateMachineUpdater (StateMachineUpdater.java:stopAndJoin(115)) - StateMachineUpdater:ef4196d4-8feb-4e51-99d3-97d51bd0de8d:group-C6C748BD5672: set stopIndex = -1
2019-09-12 10:09:27,805 [90fef4f2-0b30-45ed-8418-ad54fddc73e7:group-175ADCB22436:LeaderElection32] INFO  server.RaftServerConfigKeys (ConfUtils.java:logGet(43)) - raft.server.rpc.sleep.time = 25ms (default)
2019-09-12 10:09:27,805 [90fef4f2-0b30-45ed-8418-ad54fddc73e7:group-BECE44B5BCDC:LeaderElection33] INFO  server.RaftServerConfigKeys (ConfUtils.java:logGet(43)) - raft.server.rpc.sleep.time = 25ms (default)
2019-09-12 10:09:27,808 [90fef4f2-0b30-45ed-8418-ad54fddc73e7:group-175ADCB22436:LeaderElection32] INFO  server.RaftServerConfigKeys (ConfUtils.java:logGet(43)) - raft.server.write.element-limit = 4096 (default)
2019-09-12 10:09:27,805 [90fef4f2-0b30-45ed-8418-ad54fddc73e7:group-BA46F7F75D63:LeaderElection34] INFO  impl.RaftServerImpl (ServerState.java:setLeader(263)) - 90fef4f2-0b30-45ed-8418-ad54fddc73e7:group-BA46F7F75D63 change Leader from null to 90fef4f2-0b30-45ed-8418-ad54fddc73e7 at term 1 for becomeLeader, leader elected after 5266ms
2019-09-12 10:09:27,808 [90fef4f2-0b30-45ed-8418-ad54fddc73e7:group-175ADCB22436:LeaderElection32] INFO  server.RaftServerConfigKeys (ConfUtils.java:logGet(43)) - raft.server.watch.timeout = 10s (default)
2019-09-12 10:09:27,808 [90fef4f2-0b30-45ed-8418-ad54fddc73e7:group-BECE44B5BCDC:LeaderElection33] INFO  server.RaftServerConfigKeys (ConfUtils.java:logGet(43)) - raft.server.write.element-limit = 4096 (default)
2019-09-12 10:09:27,807 [main] INFO  impl.RaftServerImpl (ServerState.java:close(394)) - ef4196d4-8feb-4e51-99d3-97d51bd0de8d:group-C6C748BD5672 closes. The last applied log index is -1
2019-09-12 10:09:27,807 [ForkJoinPool.commonPool-worker-0] INFO  util.JmxRegister (JmxRegister.java:unregister(73)) - Successfully un-registered JMX Bean with object name Ratis:service=RaftServer,group=group-4D0FDC8D743E,id=569a82fb-ac21-4f02-a97c-ed1a1a5ef1db
2019-09-12 10:09:27,808 [90fef4f2-0b30-45ed-8418-ad54fddc73e7:group-BECE44B5BCDC:LeaderElection33] INFO  server.RaftServerConfigKeys (ConfUtils.java:logGet(43)) - raft.server.watch.timeout = 10s (default)
2019-09-12 10:09:27,808 [90fef4f2-0b30-45ed-8418-ad54fddc73e7:group-175ADCB22436:LeaderElection32] INFO  server.RaftServerConfigKeys (ConfUtils.java:logGet(43)) - raft.server.watch.timeout.denomination = 1s (default)
2019-09-12 10:09:27,808 [90fef4f2-0b30-45ed-8418-ad54fddc73e7:group-BA46F7F75D63:LeaderElection34] INFO  server.RaftServerConfigKeys (ConfUtils.java:logGet(43)) - raft.server.staging.catchup.gap = 1000 (default)
2019-09-12 10:09:27,810 [90fef4f2-0b30-45ed-8418-ad54fddc73e7:group-175ADCB22436:LeaderElection32] INFO  server.RaftServerConfigKeys (ConfUtils.java:logGet(43)) - raft.server.watch.element-limit = 65536 (default)
2019-09-12 10:09:27,810 [90fef4f2-0b30-45ed-8418-ad54fddc73e7:group-BECE44B5BCDC:LeaderElection33] INFO  server.RaftServerConfigKeys (ConfUtils.java:logGet(43)) - raft.server.watch.timeout.denomination = 1s (default)
2019-09-12 10:09:27,809 [ForkJoinPool.commonPool-worker-0] INFO  impl.RoleInfo (RoleInfo.java:shutdownLeaderState(104)) - 569a82fb-ac21-4f02-a97c-ed1a1a5ef1db: shutdown LeaderState
2019-09-12 10:09:27,810 [90fef4f2-0b30-45ed-8418-ad54fddc73e7:group-BECE44B5BCDC:LeaderElection33] INFO  server.RaftServerConfigKeys (ConfUtils.java:logGet(43)) - raft.server.watch.element-limit = 65536 (default)
2019-09-12 10:09:27,810 [90fef4f2-0b30-45ed-8418-ad54fddc73e7:group-175ADCB22436:LeaderElection32] INFO  impl.RoleInfo (RoleInfo.java:updateAndGet(143)) - 90fef4f2-0b30-45ed-8418-ad54fddc73e7: start LeaderState
2019-09-12 10:09:27,810 [90fef4f2-0b30-45ed-8418-ad54fddc73e7:group-BA46F7F75D63:LeaderElection34] INFO  server.RaftServerConfigKeys (ConfUtils.java:logGet(43)) - raft.server.rpc.sleep.time = 25ms (default)
2019-09-12 10:09:27,810 [90fef4f2-0b30-45ed-8418-ad54fddc73e7:group-BECE44B5BCDC:LeaderElection33] INFO  impl.RoleInfo (RoleInfo.java:updateAndGet(143)) - 90fef4f2-0b30-45ed-8418-ad54fddc73e7: start LeaderState
2019-09-12 10:09:27,810 [ForkJoinPool.commonPool-worker-0] INFO  impl.PendingRequests (PendingRequests.java:sendNotLeaderResponses(202)) - 569a82fb-ac21-4f02-a97c-ed1a1a5ef1db-PendingRequests: sendNotLeaderResponses
2019-09-12 10:09:27,811 [90fef4f2-0b30-45ed-8418-ad54fddc73e7:group-BECE44B5BCDC:LeaderElection33] INFO  segmented.SegmentedRaftLogWorker (SegmentedRaftLogWorker.java:startLogSegment(380)) - 90fef4f2-0b30-45ed-8418-ad54fddc73e7-SegmentedRaftLogWorker:Storage Directory /workdir/hadoop-ozone/integration-test/target/test-dir/MiniOzoneClusterImpl-c79133c4-2f7a-4bec-a41b-f921d987c36a/datanode-2/data/ratis/a8537b3b-fbc1-475f-a60d-bece44b5bcdc: Starting segment from index:0
2019-09-12 10:09:27,811 [90fef4f2-0b30-45ed-8418-ad54fddc73e7:group-BA46F7F75D63:LeaderElection34] INFO  server.RaftServerConfigKeys (ConfUtils.java:logGet(43)) - raft.server.write.element-limit = 4096 (default)
2019-09-12 10:09:27,811 [90fef4f2-0b30-45ed-8418-ad54fddc73e7:group-175ADCB22436:LeaderElection32] INFO  segmented.SegmentedRaftLogWorker (SegmentedRaftLogWorker.java:startLogSegment(380)) - 90fef4f2-0b30-45ed-8418-ad54fddc73e7-SegmentedRaftLogWorker:Storage Directory /workdir/hadoop-ozone/integration-test/target/test-dir/MiniOzoneClusterImpl-c79133c4-2f7a-4bec-a41b-f921d987c36a/datanode-2/data/ratis/2454fb29-c82d-4d2f-a9a8-175adcb22436: Starting segment from index:0
2019-09-12 10:09:27,812 [90fef4f2-0b30-45ed-8418-ad54fddc73e7:group-BA46F7F75D63:LeaderElection34] INFO  server.RaftServerConfigKeys (ConfUtils.java:logGet(43)) - raft.server.watch.timeout = 10s (default)
2019-09-12 10:09:27,811 [ForkJoinPool.commonPool-worker-0] INFO  impl.StateMachineUpdater (StateMachineUpdater.java:stopAndJoin(115)) - StateMachineUpdater:569a82fb-ac21-4f02-a97c-ed1a1a5ef1db:group-4D0FDC8D743E: set stopIndex = 0
2019-09-12 10:09:27,812 [90fef4f2-0b30-45ed-8418-ad54fddc73e7:group-175ADCB22436:LeaderElection32] INFO  impl.RaftServerImpl (ServerState.java:setRaftConf(361)) - 90fef4f2-0b30-45ed-8418-ad54fddc73e7:group-175ADCB22436 set configuration 0: [90fef4f2-0b30-45ed-8418-ad54fddc73e7:192.168.36.114:44121], old=null at 0
2019-09-12 10:09:27,812 [90fef4f2-0b30-45ed-8418-ad54fddc73e7:group-BA46F7F75D63:LeaderElection34] INFO  server.RaftServerConfigKeys (ConfUtils.java:logGet(43)) - raft.server.watch.timeout.denomination = 1s (default)
2019-09-12 10:09:27,812 [90fef4f2-0b30-45ed-8418-ad54fddc73e7:group-BECE44B5BCDC:LeaderElection33] INFO  impl.RaftServerImpl (ServerState.java:setRaftConf(361)) - 90fef4f2-0b30-45ed-8418-ad54fddc73e7:group-BECE44B5BCDC set configuration 0: [90fef4f2-0b30-45ed-8418-ad54fddc73e7:192.168.36.114:44121], old=null at 0
2019-09-12 10:09:27,844 [90fef4f2-0b30-45ed-8418-ad54fddc73e7:group-BA46F7F75D63:LeaderElection34] INFO  server.RaftServerConfigKeys (ConfUtils.java:logGet(43)) - raft.server.watch.element-limit = 65536 (default)
2019-09-12 10:09:27,844 [90fef4f2-0b30-45ed-8418-ad54fddc73e7-SegmentedRaftLogWorker:Storage Directory /workdir/hadoop-ozone/integration-test/target/test-dir/MiniOzoneClusterImpl-c79133c4-2f7a-4bec-a41b-f921d987c36a/datanode-2/data/ratis/33588200-8f98-4947-8d74-4fc07cfea5dc] INFO  segmented.SegmentedRaftLogWorker (SegmentedRaftLogWorker.java:execute(569)) - 90fef4f2-0b30-45ed-8418-ad54fddc73e7-SegmentedRaftLogWorker:Storage Directory /workdir/hadoop-ozone/integration-test/target/test-dir/MiniOzoneClusterImpl-c79133c4-2f7a-4bec-a41b-f921d987c36a/datanode-2/data/ratis/33588200-8f98-4947-8d74-4fc07cfea5dc: created new log segment /workdir/hadoop-ozone/integration-test/target/test-dir/MiniOzoneClusterImpl-c79133c4-2f7a-4bec-a41b-f921d987c36a/datanode-2/data/ratis/33588200-8f98-4947-8d74-4fc07cfea5dc/current/log_inprogress_0
2019-09-12 10:09:27,844 [90fef4f2-0b30-45ed-8418-ad54fddc73e7-SegmentedRaftLogWorker:Storage Directory /workdir/hadoop-ozone/integration-test/target/test-dir/MiniOzoneClusterImpl-c79133c4-2f7a-4bec-a41b-f921d987c36a/datanode-2/data/ratis/a06dcccd-02da-4c4f-99ff-a0b3f5137c2c] INFO  segmented.SegmentedRaftLogWorker (SegmentedRaftLogWorker.java:execute(569)) - 90fef4f2-0b30-45ed-8418-ad54fddc73e7-SegmentedRaftLogWorker:Storage Directory /workdir/hadoop-ozone/integration-test/target/test-dir/MiniOzoneClusterImpl-c79133c4-2f7a-4bec-a41b-f921d987c36a/datanode-2/data/ratis/a06dcccd-02da-4c4f-99ff-a0b3f5137c2c: created new log segment /workdir/hadoop-ozone/integration-test/target/test-dir/MiniOzoneClusterImpl-c79133c4-2f7a-4bec-a41b-f921d987c36a/datanode-2/data/ratis/a06dcccd-02da-4c4f-99ff-a0b3f5137c2c/current/log_inprogress_0
2019-09-12 10:09:27,812 [ForkJoinPool.commonPool-worker-0] INFO  impl.RaftServerImpl (ServerState.java:close(394)) - 569a82fb-ac21-4f02-a97c-ed1a1a5ef1db:group-4D0FDC8D743E closes. The last applied log index is 0
2019-09-12 10:09:27,845 [90fef4f2-0b30-45ed-8418-ad54fddc73e7:group-BA46F7F75D63:LeaderElection34] INFO  impl.RoleInfo (RoleInfo.java:updateAndGet(143)) - 90fef4f2-0b30-45ed-8418-ad54fddc73e7: start LeaderState
2019-09-12 10:09:27,846 [569a82fb-ac21-4f02-a97c-ed1a1a5ef1db-SegmentedRaftLogWorker:Storage Directory /workdir/hadoop-ozone/integration-test/target/test-dir/MiniOzoneClusterImpl-c79133c4-2f7a-4bec-a41b-f921d987c36a/datanode-0/data/ratis/9fbece13-3204-4268-96d9-4d0fdc8d743e] INFO  segmented.SegmentedRaftLogWorker (SegmentedRaftLogWorker.java:run(313)) - 569a82fb-ac21-4f02-a97c-ed1a1a5ef1db-SegmentedRaftLogWorker:Storage Directory /workdir/hadoop-ozone/integration-test/target/test-dir/MiniOzoneClusterImpl-c79133c4-2f7a-4bec-a41b-f921d987c36a/datanode-0/data/ratis/9fbece13-3204-4268-96d9-4d0fdc8d743e was interrupted, exiting. There are 0 tasks remaining in the queue.
2019-09-12 10:09:27,846 [90fef4f2-0b30-45ed-8418-ad54fddc73e7:group-BA46F7F75D63:LeaderElection34] INFO  segmented.SegmentedRaftLogWorker (SegmentedRaftLogWorker.java:startLogSegment(380)) - 90fef4f2-0b30-45ed-8418-ad54fddc73e7-SegmentedRaftLogWorker:Storage Directory /workdir/hadoop-ozone/integration-test/target/test-dir/MiniOzoneClusterImpl-c79133c4-2f7a-4bec-a41b-f921d987c36a/datanode-2/data/ratis/47fe9739-8c66-4495-b02f-ba46f7f75d63: Starting segment from index:0
2019-09-12 10:09:27,847 [ForkJoinPool.commonPool-worker-0] INFO  segmented.SegmentedRaftLogWorker (SegmentedRaftLogWorker.java:close(228)) - 569a82fb-ac21-4f02-a97c-ed1a1a5ef1db-SegmentedRaftLogWorker:Storage Directory /workdir/hadoop-ozone/integration-test/target/test-dir/MiniOzoneClusterImpl-c79133c4-2f7a-4bec-a41b-f921d987c36a/datanode-0/data/ratis/9fbece13-3204-4268-96d9-4d0fdc8d743e close()
2019-09-12 10:09:27,872 [Thread-485] INFO  impl.FollowerState (FollowerState.java:run(106)) - 90fef4f2-0b30-45ed-8418-ad54fddc73e7:group-1DD9FBDE07EB changes to CANDIDATE, lastRpcTime:5211, electionTimeout:5195ms
2019-09-12 10:09:27,873 [90fef4f2-0b30-45ed-8418-ad54fddc73e7:group-BA46F7F75D63:LeaderElection34] INFO  impl.RaftServerImpl (ServerState.java:setRaftConf(361)) - 90fef4f2-0b30-45ed-8418-ad54fddc73e7:group-BA46F7F75D63 set configuration 0: [90fef4f2-0b30-45ed-8418-ad54fddc73e7:192.168.36.114:44121], old=null at 0
2019-09-12 10:09:27,873 [Thread-485] INFO  impl.RoleInfo (RoleInfo.java:shutdownFollowerState(121)) - 90fef4f2-0b30-45ed-8418-ad54fddc73e7: shutdown FollowerState
2019-09-12 10:09:27,872 [ForkJoinPool.commonPool-worker-0] INFO  impl.RaftServerImpl (RaftServerImpl.java:lambda$shutdown$3(245)) - 569a82fb-ac21-4f02-a97c-ed1a1a5ef1db: shutdown group-034C7A010432
2019-09-12 10:09:27,874 [Thread-485] INFO  impl.RaftServerImpl (RaftServerImpl.java:setRole(171)) - 90fef4f2-0b30-45ed-8418-ad54fddc73e7:group-1DD9FBDE07EB changes role from FOLLOWER to CANDIDATE at term 0 for changeToCandidate
2019-09-12 10:09:27,874 [ForkJoinPool.commonPool-worker-0] INFO  util.JmxRegister (JmxRegister.java:unregister(73)) - Successfully un-registered JMX Bean with object name Ratis:service=RaftServer,group=group-034C7A010432,id=569a82fb-ac21-4f02-a97c-ed1a1a5ef1db
2019-09-12 10:09:27,874 [Thread-485] INFO  impl.RoleInfo (RoleInfo.java:updateAndGet(143)) - 90fef4f2-0b30-45ed-8418-ad54fddc73e7: start LeaderElection
2019-09-12 10:09:27,874 [ForkJoinPool.commonPool-worker-0] INFO  impl.RoleInfo (RoleInfo.java:shutdownLeaderState(104)) - 569a82fb-ac21-4f02-a97c-ed1a1a5ef1db: shutdown LeaderState
2019-09-12 10:09:27,875 [ForkJoinPool.commonPool-worker-0] INFO  impl.PendingRequests (PendingRequests.java:sendNotLeaderResponses(202)) - 569a82fb-ac21-4f02-a97c-ed1a1a5ef1db-PendingRequests: sendNotLeaderResponses
2019-09-12 10:09:27,876 [ForkJoinPool.commonPool-worker-0] INFO  impl.StateMachineUpdater (StateMachineUpdater.java:stopAndJoin(115)) - StateMachineUpdater:569a82fb-ac21-4f02-a97c-ed1a1a5ef1db:group-034C7A010432: set stopIndex = 0
2019-09-12 10:09:27,880 [ForkJoinPool.commonPool-worker-0] INFO  impl.RaftServerImpl (ServerState.java:close(394)) - 569a82fb-ac21-4f02-a97c-ed1a1a5ef1db:group-034C7A010432 closes. The last applied log index is 0
2019-09-12 10:09:27,880 [569a82fb-ac21-4f02-a97c-ed1a1a5ef1db-SegmentedRaftLogWorker:Storage Directory /workdir/hadoop-ozone/integration-test/target/test-dir/MiniOzoneClusterImpl-c79133c4-2f7a-4bec-a41b-f921d987c36a/datanode-0/data/ratis/baa52553-b2cc-470a-bd08-034c7a010432] INFO  segmented.SegmentedRaftLogWorker (SegmentedRaftLogWorker.java:run(313)) - 569a82fb-ac21-4f02-a97c-ed1a1a5ef1db-SegmentedRaftLogWorker:Storage Directory /workdir/hadoop-ozone/integration-test/target/test-dir/MiniOzoneClusterImpl-c79133c4-2f7a-4bec-a41b-f921d987c36a/datanode-0/data/ratis/baa52553-b2cc-470a-bd08-034c7a010432 was interrupted, exiting. There are 0 tasks remaining in the queue.
2019-09-12 10:09:27,881 [ForkJoinPool.commonPool-worker-0] INFO  segmented.SegmentedRaftLogWorker (SegmentedRaftLogWorker.java:close(228)) - 569a82fb-ac21-4f02-a97c-ed1a1a5ef1db-SegmentedRaftLogWorker:Storage Directory /workdir/hadoop-ozone/integration-test/target/test-dir/MiniOzoneClusterImpl-c79133c4-2f7a-4bec-a41b-f921d987c36a/datanode-0/data/ratis/baa52553-b2cc-470a-bd08-034c7a010432 close()
2019-09-12 10:09:27,885 [ForkJoinPool.commonPool-worker-0] INFO  impl.RaftServerImpl (RaftServerImpl.java:lambda$shutdown$3(245)) - 569a82fb-ac21-4f02-a97c-ed1a1a5ef1db: shutdown group-8E4262A38963
2019-09-12 10:09:27,886 [ForkJoinPool.commonPool-worker-0] INFO  util.JmxRegister (JmxRegister.java:unregister(73)) - Successfully un-registered JMX Bean with object name Ratis:service=RaftServer,group=group-8E4262A38963,id=569a82fb-ac21-4f02-a97c-ed1a1a5ef1db
2019-09-12 10:09:27,886 [ForkJoinPool.commonPool-worker-0] INFO  impl.RoleInfo (RoleInfo.java:shutdownLeaderState(104)) - 569a82fb-ac21-4f02-a97c-ed1a1a5ef1db: shutdown LeaderState
2019-09-12 10:09:27,886 [ForkJoinPool.commonPool-worker-0] INFO  impl.PendingRequests (PendingRequests.java:sendNotLeaderResponses(202)) - 569a82fb-ac21-4f02-a97c-ed1a1a5ef1db-PendingRequests: sendNotLeaderResponses
2019-09-12 10:09:27,886 [ForkJoinPool.commonPool-worker-0] INFO  impl.StateMachineUpdater (StateMachineUpdater.java:stopAndJoin(115)) - StateMachineUpdater:569a82fb-ac21-4f02-a97c-ed1a1a5ef1db:group-8E4262A38963: set stopIndex = 0
2019-09-12 10:09:27,887 [ForkJoinPool.commonPool-worker-0] INFO  impl.RaftServerImpl (ServerState.java:close(394)) - 569a82fb-ac21-4f02-a97c-ed1a1a5ef1db:group-8E4262A38963 closes. The last applied log index is 0
2019-09-12 10:09:27,887 [569a82fb-ac21-4f02-a97c-ed1a1a5ef1db-SegmentedRaftLogWorker:Storage Directory /workdir/hadoop-ozone/integration-test/target/test-dir/MiniOzoneClusterImpl-c79133c4-2f7a-4bec-a41b-f921d987c36a/datanode-0/data/ratis/dd707064-95c3-49a1-9a83-8e4262a38963] INFO  segmented.SegmentedRaftLogWorker (SegmentedRaftLogWorker.java:run(313)) - 569a82fb-ac21-4f02-a97c-ed1a1a5ef1db-SegmentedRaftLogWorker:Storage Directory /workdir/hadoop-ozone/integration-test/target/test-dir/MiniOzoneClusterImpl-c79133c4-2f7a-4bec-a41b-f921d987c36a/datanode-0/data/ratis/dd707064-95c3-49a1-9a83-8e4262a38963 was interrupted, exiting. There are 0 tasks remaining in the queue.
2019-09-12 10:09:27,889 [ForkJoinPool.commonPool-worker-0] INFO  segmented.SegmentedRaftLogWorker (SegmentedRaftLogWorker.java:close(228)) - 569a82fb-ac21-4f02-a97c-ed1a1a5ef1db-SegmentedRaftLogWorker:Storage Directory /workdir/hadoop-ozone/integration-test/target/test-dir/MiniOzoneClusterImpl-c79133c4-2f7a-4bec-a41b-f921d987c36a/datanode-0/data/ratis/dd707064-95c3-49a1-9a83-8e4262a38963 close()
2019-09-12 10:09:27,890 [ForkJoinPool.commonPool-worker-0] INFO  impl.RaftServerImpl (RaftServerImpl.java:lambda$shutdown$3(245)) - 569a82fb-ac21-4f02-a97c-ed1a1a5ef1db: shutdown group-7FE3C9B30DA4
2019-09-12 10:09:27,890 [ForkJoinPool.commonPool-worker-0] INFO  util.JmxRegister (JmxRegister.java:unregister(73)) - Successfully un-registered JMX Bean with object name Ratis:service=RaftServer,group=group-7FE3C9B30DA4,id=569a82fb-ac21-4f02-a97c-ed1a1a5ef1db
2019-09-12 10:09:27,890 [ForkJoinPool.commonPool-worker-0] INFO  impl.RoleInfo (RoleInfo.java:shutdownLeaderState(104)) - 569a82fb-ac21-4f02-a97c-ed1a1a5ef1db: shutdown LeaderState
2019-09-12 10:09:27,890 [ForkJoinPool.commonPool-worker-0] INFO  impl.PendingRequests (PendingRequests.java:sendNotLeaderResponses(202)) - 569a82fb-ac21-4f02-a97c-ed1a1a5ef1db-PendingRequests: sendNotLeaderResponses
2019-09-12 10:09:27,891 [ForkJoinPool.commonPool-worker-0] INFO  impl.StateMachineUpdater (StateMachineUpdater.java:stopAndJoin(115)) - StateMachineUpdater:569a82fb-ac21-4f02-a97c-ed1a1a5ef1db:group-7FE3C9B30DA4: set stopIndex = 0
2019-09-12 10:09:27,891 [ef4196d4-8feb-4e51-99d3-97d51bd0de8d-SegmentedRaftLogWorker:Storage Directory /workdir/hadoop-ozone/integration-test/target/test-dir/MiniOzoneClusterImpl-c79133c4-2f7a-4bec-a41b-f921d987c36a/datanode-1/data/ratis/f5fea62f-44e0-49f3-bcfe-c6c748bd5672] INFO  segmented.SegmentedRaftLogWorker (SegmentedRaftLogWorker.java:run(320)) - ef4196d4-8feb-4e51-99d3-97d51bd0de8d-SegmentedRaftLogWorker:Storage Directory /workdir/hadoop-ozone/integration-test/target/test-dir/MiniOzoneClusterImpl-c79133c4-2f7a-4bec-a41b-f921d987c36a/datanode-1/data/ratis/f5fea62f-44e0-49f3-bcfe-c6c748bd5672 got closed and hit exception
java.lang.NullPointerException
	at org.apache.hadoop.hdds.protocol.proto.StorageContainerDatanodeProtocolProtos$ClosePipelineInfo$Builder.setDetailedReason(StorageContainerDatanodeProtocolProtos.java:19487)
	at org.apache.hadoop.ozone.container.common.transport.server.ratis.XceiverServerRatis.triggerPipelineClose(XceiverServerRatis.java:550)
	at org.apache.hadoop.ozone.container.common.transport.server.ratis.XceiverServerRatis.handleNodeLogFailure(XceiverServerRatis.java:654)
	at org.apache.hadoop.ozone.container.common.transport.server.ratis.ContainerStateMachine.notifyLogFailed(ContainerStateMachine.java:772)
	at org.apache.ratis.server.raftlog.segmented.SegmentedRaftLogWorker$WriteLog.failed(SegmentedRaftLogWorker.java:455)
	at org.apache.ratis.server.raftlog.segmented.SegmentedRaftLogWorker.run(SegmentedRaftLogWorker.java:297)
	at java.lang.Thread.run(Thread.java:748)
2019-09-12 10:09:27,891 [ForkJoinPool.commonPool-worker-0] INFO  impl.RaftServerImpl (ServerState.java:close(394)) - 569a82fb-ac21-4f02-a97c-ed1a1a5ef1db:group-7FE3C9B30DA4 closes. The last applied log index is 0
2019-09-12 10:09:27,893 [main] INFO  segmented.SegmentedRaftLogWorker (SegmentedRaftLogWorker.java:close(228)) - ef4196d4-8feb-4e51-99d3-97d51bd0de8d-SegmentedRaftLogWorker:Storage Directory /workdir/hadoop-ozone/integration-test/target/test-dir/MiniOzoneClusterImpl-c79133c4-2f7a-4bec-a41b-f921d987c36a/datanode-1/data/ratis/f5fea62f-44e0-49f3-bcfe-c6c748bd5672 close()
2019-09-12 10:09:27,893 [569a82fb-ac21-4f02-a97c-ed1a1a5ef1db-SegmentedRaftLogWorker:Storage Directory /workdir/hadoop-ozone/integration-test/target/test-dir/MiniOzoneClusterImpl-c79133c4-2f7a-4bec-a41b-f921d987c36a/datanode-0/data/ratis/e9f22de3-0475-4569-82de-7fe3c9b30da4] INFO  segmented.SegmentedRaftLogWorker (SegmentedRaftLogWorker.java:run(313)) - 569a82fb-ac21-4f02-a97c-ed1a1a5ef1db-SegmentedRaftLogWorker:Storage Directory /workdir/hadoop-ozone/integration-test/target/test-dir/MiniOzoneClusterImpl-c79133c4-2f7a-4bec-a41b-f921d987c36a/datanode-0/data/ratis/e9f22de3-0475-4569-82de-7fe3c9b30da4 was interrupted, exiting. There are 0 tasks remaining in the queue.
2019-09-12 10:09:27,895 [90fef4f2-0b30-45ed-8418-ad54fddc73e7-SegmentedRaftLogWorker:Storage Directory /workdir/hadoop-ozone/integration-test/target/test-dir/MiniOzoneClusterImpl-c79133c4-2f7a-4bec-a41b-f921d987c36a/datanode-2/data/ratis/a8537b3b-fbc1-475f-a60d-bece44b5bcdc] INFO  segmented.SegmentedRaftLogWorker (SegmentedRaftLogWorker.java:execute(569)) - 90fef4f2-0b30-45ed-8418-ad54fddc73e7-SegmentedRaftLogWorker:Storage Directory /workdir/hadoop-ozone/integration-test/target/test-dir/MiniOzoneClusterImpl-c79133c4-2f7a-4bec-a41b-f921d987c36a/datanode-2/data/ratis/a8537b3b-fbc1-475f-a60d-bece44b5bcdc: created new log segment /workdir/hadoop-ozone/integration-test/target/test-dir/MiniOzoneClusterImpl-c79133c4-2f7a-4bec-a41b-f921d987c36a/datanode-2/data/ratis/a8537b3b-fbc1-475f-a60d-bece44b5bcdc/current/log_inprogress_0
2019-09-12 10:09:27,895 [90fef4f2-0b30-45ed-8418-ad54fddc73e7-SegmentedRaftLogWorker:Storage Directory /workdir/hadoop-ozone/integration-test/target/test-dir/MiniOzoneClusterImpl-c79133c4-2f7a-4bec-a41b-f921d987c36a/datanode-2/data/ratis/2454fb29-c82d-4d2f-a9a8-175adcb22436] INFO  segmented.SegmentedRaftLogWorker (SegmentedRaftLogWorker.java:execute(569)) - 90fef4f2-0b30-45ed-8418-ad54fddc73e7-SegmentedRaftLogWorker:Storage Directory /workdir/hadoop-ozone/integration-test/target/test-dir/MiniOzoneClusterImpl-c79133c4-2f7a-4bec-a41b-f921d987c36a/datanode-2/data/ratis/2454fb29-c82d-4d2f-a9a8-175adcb22436: created new log segment /workdir/hadoop-ozone/integration-test/target/test-dir/MiniOzoneClusterImpl-c79133c4-2f7a-4bec-a41b-f921d987c36a/datanode-2/data/ratis/2454fb29-c82d-4d2f-a9a8-175adcb22436/current/log_inprogress_0
2019-09-12 10:09:27,895 [main] INFO  impl.RaftServerImpl (RaftServerImpl.java:lambda$shutdown$3(245)) - ef4196d4-8feb-4e51-99d3-97d51bd0de8d: shutdown group-C2A2170C5C6F
2019-09-12 10:09:27,896 [main] INFO  util.JmxRegister (JmxRegister.java:unregister(73)) - Successfully un-registered JMX Bean with object name Ratis:service=RaftServer,group=group-C2A2170C5C6F,id=ef4196d4-8feb-4e51-99d3-97d51bd0de8d
2019-09-12 10:09:27,897 [main] INFO  impl.RoleInfo (RoleInfo.java:shutdownLeaderState(104)) - ef4196d4-8feb-4e51-99d3-97d51bd0de8d: shutdown LeaderState
2019-09-12 10:09:27,897 [main] INFO  impl.PendingRequests (PendingRequests.java:sendNotLeaderResponses(202)) - ef4196d4-8feb-4e51-99d3-97d51bd0de8d-PendingRequests: sendNotLeaderResponses
2019-09-12 10:09:27,898 [main] INFO  impl.StateMachineUpdater (StateMachineUpdater.java:stopAndJoin(115)) - StateMachineUpdater:ef4196d4-8feb-4e51-99d3-97d51bd0de8d:group-C2A2170C5C6F: set stopIndex = 0
2019-09-12 10:09:27,898 [main] INFO  impl.RaftServerImpl (ServerState.java:close(394)) - ef4196d4-8feb-4e51-99d3-97d51bd0de8d:group-C2A2170C5C6F closes. The last applied log index is 0
2019-09-12 10:09:27,899 [ef4196d4-8feb-4e51-99d3-97d51bd0de8d-SegmentedRaftLogWorker:Storage Directory /workdir/hadoop-ozone/integration-test/target/test-dir/MiniOzoneClusterImpl-c79133c4-2f7a-4bec-a41b-f921d987c36a/datanode-1/data/ratis/fb8529e5-c150-4222-b682-c2a2170c5c6f] INFO  segmented.SegmentedRaftLogWorker (SegmentedRaftLogWorker.java:run(313)) - ef4196d4-8feb-4e51-99d3-97d51bd0de8d-SegmentedRaftLogWorker:Storage Directory /workdir/hadoop-ozone/integration-test/target/test-dir/MiniOzoneClusterImpl-c79133c4-2f7a-4bec-a41b-f921d987c36a/datanode-1/data/ratis/fb8529e5-c150-4222-b682-c2a2170c5c6f was interrupted, exiting. There are 0 tasks remaining in the queue.
2019-09-12 10:09:27,927 [main] INFO  segmented.SegmentedRaftLogWorker (SegmentedRaftLogWorker.java:close(228)) - ef4196d4-8feb-4e51-99d3-97d51bd0de8d-SegmentedRaftLogWorker:Storage Directory /workdir/hadoop-ozone/integration-test/target/test-dir/MiniOzoneClusterImpl-c79133c4-2f7a-4bec-a41b-f921d987c36a/datanode-1/data/ratis/fb8529e5-c150-4222-b682-c2a2170c5c6f close()
2019-09-12 10:09:27,927 [ForkJoinPool.commonPool-worker-0] INFO  segmented.SegmentedRaftLogWorker (SegmentedRaftLogWorker.java:close(228)) - 569a82fb-ac21-4f02-a97c-ed1a1a5ef1db-SegmentedRaftLogWorker:Storage Directory /workdir/hadoop-ozone/integration-test/target/test-dir/MiniOzoneClusterImpl-c79133c4-2f7a-4bec-a41b-f921d987c36a/datanode-0/data/ratis/e9f22de3-0475-4569-82de-7fe3c9b30da4 close()
2019-09-12 10:09:27,928 [main] INFO  impl.RaftServerImpl (RaftServerImpl.java:lambda$shutdown$3(245)) - ef4196d4-8feb-4e51-99d3-97d51bd0de8d: shutdown group-2D098AB6D11D
2019-09-12 10:09:27,929 [ForkJoinPool.commonPool-worker-0] INFO  impl.RaftServerImpl (RaftServerImpl.java:lambda$shutdown$3(245)) - 569a82fb-ac21-4f02-a97c-ed1a1a5ef1db: shutdown group-FF8CBC0DB9EE
2019-09-12 10:09:27,929 [main] INFO  util.JmxRegister (JmxRegister.java:unregister(73)) - Successfully un-registered JMX Bean with object name Ratis:service=RaftServer,group=group-2D098AB6D11D,id=ef4196d4-8feb-4e51-99d3-97d51bd0de8d
2019-09-12 10:09:27,929 [ForkJoinPool.commonPool-worker-0] INFO  util.JmxRegister (JmxRegister.java:unregister(73)) - Successfully un-registered JMX Bean with object name Ratis:service=RaftServer,group=group-FF8CBC0DB9EE,id=569a82fb-ac21-4f02-a97c-ed1a1a5ef1db
2019-09-12 10:09:27,929 [main] INFO  impl.RoleInfo (RoleInfo.java:shutdownLeaderState(104)) - ef4196d4-8feb-4e51-99d3-97d51bd0de8d: shutdown LeaderState
2019-09-12 10:09:27,930 [ForkJoinPool.commonPool-worker-0] INFO  impl.RoleInfo (RoleInfo.java:shutdownLeaderState(104)) - 569a82fb-ac21-4f02-a97c-ed1a1a5ef1db: shutdown LeaderState
2019-09-12 10:09:27,930 [main] INFO  impl.PendingRequests (PendingRequests.java:sendNotLeaderResponses(202)) - ef4196d4-8feb-4e51-99d3-97d51bd0de8d-PendingRequests: sendNotLeaderResponses
2019-09-12 10:09:27,930 [ForkJoinPool.commonPool-worker-0] INFO  impl.PendingRequests (PendingRequests.java:sendNotLeaderResponses(202)) - 569a82fb-ac21-4f02-a97c-ed1a1a5ef1db-PendingRequests: sendNotLeaderResponses
2019-09-12 10:09:27,930 [main] INFO  impl.StateMachineUpdater (StateMachineUpdater.java:stopAndJoin(115)) - StateMachineUpdater:ef4196d4-8feb-4e51-99d3-97d51bd0de8d:group-2D098AB6D11D: set stopIndex = 0
2019-09-12 10:09:27,931 [ForkJoinPool.commonPool-worker-0] INFO  impl.StateMachineUpdater (StateMachineUpdater.java:stopAndJoin(115)) - StateMachineUpdater:569a82fb-ac21-4f02-a97c-ed1a1a5ef1db:group-FF8CBC0DB9EE: set stopIndex = 0
2019-09-12 10:09:27,931 [main] INFO  impl.RaftServerImpl (ServerState.java:close(394)) - ef4196d4-8feb-4e51-99d3-97d51bd0de8d:group-2D098AB6D11D closes. The last applied log index is 0
2019-09-12 10:09:27,931 [ForkJoinPool.commonPool-worker-0] INFO  impl.RaftServerImpl (ServerState.java:close(394)) - 569a82fb-ac21-4f02-a97c-ed1a1a5ef1db:group-FF8CBC0DB9EE closes. The last applied log index is 0
2019-09-12 10:09:27,931 [ef4196d4-8feb-4e51-99d3-97d51bd0de8d-SegmentedRaftLogWorker:Storage Directory /workdir/hadoop-ozone/integration-test/target/test-dir/MiniOzoneClusterImpl-c79133c4-2f7a-4bec-a41b-f921d987c36a/datanode-1/data/ratis/da8ec512-99ae-4474-a226-2d098ab6d11d] INFO  segmented.SegmentedRaftLogWorker (SegmentedRaftLogWorker.java:run(313)) - ef4196d4-8feb-4e51-99d3-97d51bd0de8d-SegmentedRaftLogWorker:Storage Directory /workdir/hadoop-ozone/integration-test/target/test-dir/MiniOzoneClusterImpl-c79133c4-2f7a-4bec-a41b-f921d987c36a/datanode-1/data/ratis/da8ec512-99ae-4474-a226-2d098ab6d11d was interrupted, exiting. There are 0 tasks remaining in the queue.
2019-09-12 10:09:27,932 [569a82fb-ac21-4f02-a97c-ed1a1a5ef1db-SegmentedRaftLogWorker:Storage Directory /workdir/hadoop-ozone/integration-test/target/test-dir/MiniOzoneClusterImpl-c79133c4-2f7a-4bec-a41b-f921d987c36a/datanode-0/data/ratis/134cd31b-5909-4162-ad1b-ff8cbc0db9ee] INFO  segmented.SegmentedRaftLogWorker (SegmentedRaftLogWorker.java:run(313)) - 569a82fb-ac21-4f02-a97c-ed1a1a5ef1db-SegmentedRaftLogWorker:Storage Directory /workdir/hadoop-ozone/integration-test/target/test-dir/MiniOzoneClusterImpl-c79133c4-2f7a-4bec-a41b-f921d987c36a/datanode-0/data/ratis/134cd31b-5909-4162-ad1b-ff8cbc0db9ee was interrupted, exiting. There are 0 tasks remaining in the queue.
2019-09-12 10:09:27,932 [main] INFO  segmented.SegmentedRaftLogWorker (SegmentedRaftLogWorker.java:close(228)) - ef4196d4-8feb-4e51-99d3-97d51bd0de8d-SegmentedRaftLogWorker:Storage Directory /workdir/hadoop-ozone/integration-test/target/test-dir/MiniOzoneClusterImpl-c79133c4-2f7a-4bec-a41b-f921d987c36a/datanode-1/data/ratis/da8ec512-99ae-4474-a226-2d098ab6d11d close()
2019-09-12 10:09:27,933 [ForkJoinPool.commonPool-worker-0] INFO  segmented.SegmentedRaftLogWorker (SegmentedRaftLogWorker.java:close(228)) - 569a82fb-ac21-4f02-a97c-ed1a1a5ef1db-SegmentedRaftLogWorker:Storage Directory /workdir/hadoop-ozone/integration-test/target/test-dir/MiniOzoneClusterImpl-c79133c4-2f7a-4bec-a41b-f921d987c36a/datanode-0/data/ratis/134cd31b-5909-4162-ad1b-ff8cbc0db9ee close()
2019-09-12 10:09:27,934 [main] INFO  impl.RaftServerImpl (RaftServerImpl.java:lambda$shutdown$3(245)) - ef4196d4-8feb-4e51-99d3-97d51bd0de8d: shutdown group-623809B4B929
2019-09-12 10:09:27,935 [ForkJoinPool.commonPool-worker-0] INFO  impl.RaftServerImpl (RaftServerImpl.java:lambda$shutdown$3(245)) - 569a82fb-ac21-4f02-a97c-ed1a1a5ef1db: shutdown group-511454A1B6D7
2019-09-12 10:09:27,935 [main] INFO  util.JmxRegister (JmxRegister.java:unregister(73)) - Successfully un-registered JMX Bean with object name Ratis:service=RaftServer,group=group-623809B4B929,id=ef4196d4-8feb-4e51-99d3-97d51bd0de8d
2019-09-12 10:09:27,935 [ForkJoinPool.commonPool-worker-0] INFO  util.JmxRegister (JmxRegister.java:unregister(73)) - Successfully un-registered JMX Bean with object name Ratis:service=RaftServer,group=group-511454A1B6D7,id=569a82fb-ac21-4f02-a97c-ed1a1a5ef1db
2019-09-12 10:09:27,936 [main] INFO  impl.RoleInfo (RoleInfo.java:shutdownLeaderState(104)) - ef4196d4-8feb-4e51-99d3-97d51bd0de8d: shutdown LeaderState
2019-09-12 10:09:27,936 [ForkJoinPool.commonPool-worker-0] INFO  impl.RoleInfo (RoleInfo.java:shutdownLeaderState(104)) - 569a82fb-ac21-4f02-a97c-ed1a1a5ef1db: shutdown LeaderState
2019-09-12 10:09:27,936 [main] INFO  impl.PendingRequests (PendingRequests.java:sendNotLeaderResponses(202)) - ef4196d4-8feb-4e51-99d3-97d51bd0de8d-PendingRequests: sendNotLeaderResponses
2019-09-12 10:09:27,936 [ForkJoinPool.commonPool-worker-0] INFO  impl.PendingRequests (PendingRequests.java:sendNotLeaderResponses(202)) - 569a82fb-ac21-4f02-a97c-ed1a1a5ef1db-PendingRequests: sendNotLeaderResponses
2019-09-12 10:09:27,937 [main] INFO  impl.StateMachineUpdater (StateMachineUpdater.java:stopAndJoin(115)) - StateMachineUpdater:ef4196d4-8feb-4e51-99d3-97d51bd0de8d:group-623809B4B929: set stopIndex = 0
2019-09-12 10:09:27,937 [ForkJoinPool.commonPool-worker-0] INFO  impl.StateMachineUpdater (StateMachineUpdater.java:stopAndJoin(115)) - StateMachineUpdater:569a82fb-ac21-4f02-a97c-ed1a1a5ef1db:group-511454A1B6D7: set stopIndex = 0
2019-09-12 10:09:27,937 [main] INFO  impl.RaftServerImpl (ServerState.java:close(394)) - ef4196d4-8feb-4e51-99d3-97d51bd0de8d:group-623809B4B929 closes. The last applied log index is 0
2019-09-12 10:09:27,937 [ForkJoinPool.commonPool-worker-0] INFO  impl.RaftServerImpl (ServerState.java:close(394)) - 569a82fb-ac21-4f02-a97c-ed1a1a5ef1db:group-511454A1B6D7 closes. The last applied log index is 0
2019-09-12 10:09:27,938 [ef4196d4-8feb-4e51-99d3-97d51bd0de8d-SegmentedRaftLogWorker:Storage Directory /workdir/hadoop-ozone/integration-test/target/test-dir/MiniOzoneClusterImpl-c79133c4-2f7a-4bec-a41b-f921d987c36a/datanode-1/data/ratis/b87f876f-85b1-4900-977c-623809b4b929] INFO  segmented.SegmentedRaftLogWorker (SegmentedRaftLogWorker.java:run(313)) - ef4196d4-8feb-4e51-99d3-97d51bd0de8d-SegmentedRaftLogWorker:Storage Directory /workdir/hadoop-ozone/integration-test/target/test-dir/MiniOzoneClusterImpl-c79133c4-2f7a-4bec-a41b-f921d987c36a/datanode-1/data/ratis/b87f876f-85b1-4900-977c-623809b4b929 was interrupted, exiting. There are 0 tasks remaining in the queue.
2019-09-12 10:09:27,938 [569a82fb-ac21-4f02-a97c-ed1a1a5ef1db-SegmentedRaftLogWorker:Storage Directory /workdir/hadoop-ozone/integration-test/target/test-dir/MiniOzoneClusterImpl-c79133c4-2f7a-4bec-a41b-f921d987c36a/datanode-0/data/ratis/6ad9de9f-b73a-4dc5-a5f6-511454a1b6d7] INFO  segmented.SegmentedRaftLogWorker (SegmentedRaftLogWorker.java:run(313)) - 569a82fb-ac21-4f02-a97c-ed1a1a5ef1db-SegmentedRaftLogWorker:Storage Directory /workdir/hadoop-ozone/integration-test/target/test-dir/MiniOzoneClusterImpl-c79133c4-2f7a-4bec-a41b-f921d987c36a/datanode-0/data/ratis/6ad9de9f-b73a-4dc5-a5f6-511454a1b6d7 was interrupted, exiting. There are 0 tasks remaining in the queue.
2019-09-12 10:09:27,939 [ForkJoinPool.commonPool-worker-0] INFO  segmented.SegmentedRaftLogWorker (SegmentedRaftLogWorker.java:close(228)) - 569a82fb-ac21-4f02-a97c-ed1a1a5ef1db-SegmentedRaftLogWorker:Storage Directory /workdir/hadoop-ozone/integration-test/target/test-dir/MiniOzoneClusterImpl-c79133c4-2f7a-4bec-a41b-f921d987c36a/datanode-0/data/ratis/6ad9de9f-b73a-4dc5-a5f6-511454a1b6d7 close()
2019-09-12 10:09:27,939 [main] INFO  segmented.SegmentedRaftLogWorker (SegmentedRaftLogWorker.java:close(228)) - ef4196d4-8feb-4e51-99d3-97d51bd0de8d-SegmentedRaftLogWorker:Storage Directory /workdir/hadoop-ozone/integration-test/target/test-dir/MiniOzoneClusterImpl-c79133c4-2f7a-4bec-a41b-f921d987c36a/datanode-1/data/ratis/b87f876f-85b1-4900-977c-623809b4b929 close()
2019-09-12 10:09:27,940 [ForkJoinPool.commonPool-worker-0] INFO  server.GrpcService (GrpcService.java:closeImpl(155)) - 569a82fb-ac21-4f02-a97c-ed1a1a5ef1db: shutdown server with port 35247 now
2019-09-12 10:09:27,944 [main] INFO  impl.RaftServerImpl (RaftServerImpl.java:lambda$shutdown$3(245)) - ef4196d4-8feb-4e51-99d3-97d51bd0de8d: shutdown group-BDA54B7FC435
2019-09-12 10:09:27,945 [main] INFO  util.JmxRegister (JmxRegister.java:unregister(73)) - Successfully un-registered JMX Bean with object name Ratis:service=RaftServer,group=group-BDA54B7FC435,id=ef4196d4-8feb-4e51-99d3-97d51bd0de8d
2019-09-12 10:09:27,945 [main] INFO  impl.RoleInfo (RoleInfo.java:shutdownLeaderState(104)) - ef4196d4-8feb-4e51-99d3-97d51bd0de8d: shutdown LeaderState
2019-09-12 10:09:27,945 [ForkJoinPool.commonPool-worker-0] INFO  server.GrpcService (GrpcService.java:closeImpl(163)) - 569a82fb-ac21-4f02-a97c-ed1a1a5ef1db: shutdown server with port 35247 successfully
2019-09-12 10:09:27,945 [main] INFO  impl.PendingRequests (PendingRequests.java:sendNotLeaderResponses(202)) - ef4196d4-8feb-4e51-99d3-97d51bd0de8d-PendingRequests: sendNotLeaderResponses
2019-09-12 10:09:27,946 [main] INFO  impl.StateMachineUpdater (StateMachineUpdater.java:stopAndJoin(115)) - StateMachineUpdater:ef4196d4-8feb-4e51-99d3-97d51bd0de8d:group-BDA54B7FC435: set stopIndex = 0
2019-09-12 10:09:27,946 [ForkJoinPool.commonPool-worker-0] INFO  utils.BackgroundService (BackgroundService.java:shutdown(148)) - Shutting down service BlockDeletingService
2019-09-12 10:09:27,946 [main] INFO  impl.RaftServerImpl (ServerState.java:close(394)) - ef4196d4-8feb-4e51-99d3-97d51bd0de8d:group-BDA54B7FC435 closes. The last applied log index is 0
2019-09-12 10:09:27,947 [ef4196d4-8feb-4e51-99d3-97d51bd0de8d-SegmentedRaftLogWorker:Storage Directory /workdir/hadoop-ozone/integration-test/target/test-dir/MiniOzoneClusterImpl-c79133c4-2f7a-4bec-a41b-f921d987c36a/datanode-1/data/ratis/85ed2f33-9997-4f07-a1eb-bda54b7fc435] INFO  segmented.SegmentedRaftLogWorker (SegmentedRaftLogWorker.java:run(313)) - ef4196d4-8feb-4e51-99d3-97d51bd0de8d-SegmentedRaftLogWorker:Storage Directory /workdir/hadoop-ozone/integration-test/target/test-dir/MiniOzoneClusterImpl-c79133c4-2f7a-4bec-a41b-f921d987c36a/datanode-1/data/ratis/85ed2f33-9997-4f07-a1eb-bda54b7fc435 was interrupted, exiting. There are 0 tasks remaining in the queue.
2019-09-12 10:09:27,947 [main] INFO  segmented.SegmentedRaftLogWorker (SegmentedRaftLogWorker.java:close(228)) - ef4196d4-8feb-4e51-99d3-97d51bd0de8d-SegmentedRaftLogWorker:Storage Directory /workdir/hadoop-ozone/integration-test/target/test-dir/MiniOzoneClusterImpl-c79133c4-2f7a-4bec-a41b-f921d987c36a/datanode-1/data/ratis/85ed2f33-9997-4f07-a1eb-bda54b7fc435 close()
2019-09-12 10:09:27,947 [refreshUsed-/workdir/hadoop-ozone/integration-test/target/test-dir/MiniOzoneClusterImpl-c79133c4-2f7a-4bec-a41b-f921d987c36a/datanode-0/data/containers] WARN  fs.CachingGetSpaceUsed (CachingGetSpaceUsed.java:run(183)) - Thread Interrupted waiting to refresh disk information: sleep interrupted
2019-09-12 10:09:27,947 [main] INFO  impl.RaftServerImpl (RaftServerImpl.java:lambda$shutdown$3(245)) - ef4196d4-8feb-4e51-99d3-97d51bd0de8d: shutdown group-0F35CA89FA0B
2019-09-12 10:09:27,948 [main] INFO  util.JmxRegister (JmxRegister.java:unregister(73)) - Successfully un-registered JMX Bean with object name Ratis:service=RaftServer,group=group-0F35CA89FA0B,id=ef4196d4-8feb-4e51-99d3-97d51bd0de8d
2019-09-12 10:09:27,948 [main] INFO  impl.RoleInfo (RoleInfo.java:shutdownLeaderState(104)) - ef4196d4-8feb-4e51-99d3-97d51bd0de8d: shutdown LeaderState
2019-09-12 10:09:27,950 [main] INFO  impl.PendingRequests (PendingRequests.java:sendNotLeaderResponses(202)) - ef4196d4-8feb-4e51-99d3-97d51bd0de8d-PendingRequests: sendNotLeaderResponses
2019-09-12 10:09:27,951 [main] INFO  impl.StateMachineUpdater (StateMachineUpdater.java:stopAndJoin(115)) - StateMachineUpdater:ef4196d4-8feb-4e51-99d3-97d51bd0de8d:group-0F35CA89FA0B: set stopIndex = 0
2019-09-12 10:09:27,951 [main] INFO  impl.RaftServerImpl (ServerState.java:close(394)) - ef4196d4-8feb-4e51-99d3-97d51bd0de8d:group-0F35CA89FA0B closes. The last applied log index is 0
2019-09-12 10:09:27,951 [ef4196d4-8feb-4e51-99d3-97d51bd0de8d-SegmentedRaftLogWorker:Storage Directory /workdir/hadoop-ozone/integration-test/target/test-dir/MiniOzoneClusterImpl-c79133c4-2f7a-4bec-a41b-f921d987c36a/datanode-1/data/ratis/dfedb84d-34a1-43f6-9fbb-0f35ca89fa0b] INFO  segmented.SegmentedRaftLogWorker (SegmentedRaftLogWorker.java:run(313)) - ef4196d4-8feb-4e51-99d3-97d51bd0de8d-SegmentedRaftLogWorker:Storage Directory /workdir/hadoop-ozone/integration-test/target/test-dir/MiniOzoneClusterImpl-c79133c4-2f7a-4bec-a41b-f921d987c36a/datanode-1/data/ratis/dfedb84d-34a1-43f6-9fbb-0f35ca89fa0b was interrupted, exiting. There are 0 tasks remaining in the queue.
2019-09-12 10:09:27,952 [main] INFO  segmented.SegmentedRaftLogWorker (SegmentedRaftLogWorker.java:close(228)) - ef4196d4-8feb-4e51-99d3-97d51bd0de8d-SegmentedRaftLogWorker:Storage Directory /workdir/hadoop-ozone/integration-test/target/test-dir/MiniOzoneClusterImpl-c79133c4-2f7a-4bec-a41b-f921d987c36a/datanode-1/data/ratis/dfedb84d-34a1-43f6-9fbb-0f35ca89fa0b close()
2019-09-12 10:09:27,952 [main] INFO  server.GrpcService (GrpcService.java:closeImpl(155)) - ef4196d4-8feb-4e51-99d3-97d51bd0de8d: shutdown server with port 39877 now
2019-09-12 10:09:27,953 [main] INFO  server.GrpcService (GrpcService.java:closeImpl(163)) - ef4196d4-8feb-4e51-99d3-97d51bd0de8d: shutdown server with port 39877 successfully
2019-09-12 10:09:27,954 [main] INFO  utils.BackgroundService (BackgroundService.java:shutdown(148)) - Shutting down service BlockDeletingService
2019-09-12 10:09:27,955 [refreshUsed-/workdir/hadoop-ozone/integration-test/target/test-dir/MiniOzoneClusterImpl-c79133c4-2f7a-4bec-a41b-f921d987c36a/datanode-1/data/containers] WARN  fs.CachingGetSpaceUsed (CachingGetSpaceUsed.java:run(183)) - Thread Interrupted waiting to refresh disk information: sleep interrupted
2019-09-12 10:09:27,968 [ForkJoinPool.commonPool-worker-0] INFO  statemachine.DatanodeStateMachine (DatanodeStateMachine.java:stopDaemon(395)) - Ozone container server stopped.
2019-09-12 10:09:27,968 [90fef4f2-0b30-45ed-8418-ad54fddc73e7:group-1DD9FBDE07EB:LeaderElection35] INFO  impl.LeaderElection (LeaderElection.java:askForVotes(181)) - 90fef4f2-0b30-45ed-8418-ad54fddc73e7:group-1DD9FBDE07EB:LeaderElection35: begin an election at term 1 for -1: [90fef4f2-0b30-45ed-8418-ad54fddc73e7:192.168.36.114:44121], old=null
2019-09-12 10:09:27,968 [90fef4f2-0b30-45ed-8418-ad54fddc73e7-SegmentedRaftLogWorker:Storage Directory /workdir/hadoop-ozone/integration-test/target/test-dir/MiniOzoneClusterImpl-c79133c4-2f7a-4bec-a41b-f921d987c36a/datanode-2/data/ratis/47fe9739-8c66-4495-b02f-ba46f7f75d63] INFO  segmented.SegmentedRaftLogWorker (SegmentedRaftLogWorker.java:execute(569)) - 90fef4f2-0b30-45ed-8418-ad54fddc73e7-SegmentedRaftLogWorker:Storage Directory /workdir/hadoop-ozone/integration-test/target/test-dir/MiniOzoneClusterImpl-c79133c4-2f7a-4bec-a41b-f921d987c36a/datanode-2/data/ratis/47fe9739-8c66-4495-b02f-ba46f7f75d63: created new log segment /workdir/hadoop-ozone/integration-test/target/test-dir/MiniOzoneClusterImpl-c79133c4-2f7a-4bec-a41b-f921d987c36a/datanode-2/data/ratis/47fe9739-8c66-4495-b02f-ba46f7f75d63/current/log_inprogress_0
2019-09-12 10:09:27,969 [90fef4f2-0b30-45ed-8418-ad54fddc73e7:group-1DD9FBDE07EB:LeaderElection35] INFO  impl.RoleInfo (RoleInfo.java:shutdownLeaderElection(134)) - 90fef4f2-0b30-45ed-8418-ad54fddc73e7: shutdown LeaderElection
2019-09-12 10:09:27,970 [90fef4f2-0b30-45ed-8418-ad54fddc73e7:group-1DD9FBDE07EB:LeaderElection35] INFO  impl.RaftServerImpl (RaftServerImpl.java:setRole(171)) - 90fef4f2-0b30-45ed-8418-ad54fddc73e7:group-1DD9FBDE07EB changes role from CANDIDATE to LEADER at term 1 for changeToLeader
2019-09-12 10:09:27,970 [90fef4f2-0b30-45ed-8418-ad54fddc73e7:group-1DD9FBDE07EB:LeaderElection35] INFO  impl.RaftServerImpl (ServerState.java:setLeader(263)) - 90fef4f2-0b30-45ed-8418-ad54fddc73e7:group-1DD9FBDE07EB change Leader from null to 90fef4f2-0b30-45ed-8418-ad54fddc73e7 at term 1 for becomeLeader, leader elected after 5311ms
2019-09-12 10:09:27,970 [90fef4f2-0b30-45ed-8418-ad54fddc73e7:group-1DD9FBDE07EB:LeaderElection35] INFO  server.RaftServerConfigKeys (ConfUtils.java:logGet(43)) - raft.server.staging.catchup.gap = 1000 (default)
2019-09-12 10:09:27,970 [90fef4f2-0b30-45ed-8418-ad54fddc73e7:group-1DD9FBDE07EB:LeaderElection35] INFO  server.RaftServerConfigKeys (ConfUtils.java:logGet(43)) - raft.server.rpc.sleep.time = 25ms (default)
2019-09-12 10:09:27,970 [ForkJoinPool.commonPool-worker-0] INFO  handler.ContextHandler (ContextHandler.java:doStop(910)) - Stopped o.e.j.w.WebAppContext@6cdee57{/,null,UNAVAILABLE}{/hddsDatanode}
2019-09-12 10:09:27,971 [90fef4f2-0b30-45ed-8418-ad54fddc73e7:group-1DD9FBDE07EB:LeaderElection35] INFO  server.RaftServerConfigKeys (ConfUtils.java:logGet(43)) - raft.server.write.element-limit = 4096 (default)
2019-09-12 10:09:27,971 [90fef4f2-0b30-45ed-8418-ad54fddc73e7:group-1DD9FBDE07EB:LeaderElection35] INFO  server.RaftServerConfigKeys (ConfUtils.java:logGet(43)) - raft.server.watch.timeout = 10s (default)
2019-09-12 10:09:27,971 [90fef4f2-0b30-45ed-8418-ad54fddc73e7:group-1DD9FBDE07EB:LeaderElection35] INFO  server.RaftServerConfigKeys (ConfUtils.java:logGet(43)) - raft.server.watch.timeout.denomination = 1s (default)
2019-09-12 10:09:27,971 [90fef4f2-0b30-45ed-8418-ad54fddc73e7:group-1DD9FBDE07EB:LeaderElection35] INFO  server.RaftServerConfigKeys (ConfUtils.java:logGet(43)) - raft.server.watch.element-limit = 65536 (default)
2019-09-12 10:09:27,972 [ForkJoinPool.commonPool-worker-0] INFO  server.AbstractConnector (AbstractConnector.java:doStop(318)) - Stopped ServerConnector@482f7af0{HTTP/1.1,[http/1.1]}{0.0.0.0:0}
2019-09-12 10:09:27,973 [90fef4f2-0b30-45ed-8418-ad54fddc73e7:group-1DD9FBDE07EB:LeaderElection35] INFO  impl.RoleInfo (RoleInfo.java:updateAndGet(143)) - 90fef4f2-0b30-45ed-8418-ad54fddc73e7: start LeaderState
2019-09-12 10:09:27,973 [main] INFO  statemachine.DatanodeStateMachine (DatanodeStateMachine.java:stopDaemon(395)) - Ozone container server stopped.
2019-09-12 10:09:27,973 [90fef4f2-0b30-45ed-8418-ad54fddc73e7:group-1DD9FBDE07EB:LeaderElection35] INFO  segmented.SegmentedRaftLogWorker (SegmentedRaftLogWorker.java:startLogSegment(380)) - 90fef4f2-0b30-45ed-8418-ad54fddc73e7-SegmentedRaftLogWorker:Storage Directory /workdir/hadoop-ozone/integration-test/target/test-dir/MiniOzoneClusterImpl-c79133c4-2f7a-4bec-a41b-f921d987c36a/datanode-2/data/ratis/2637caf2-05f3-474e-92e1-1dd9fbde07eb: Starting segment from index:0
2019-09-12 10:09:27,973 [ForkJoinPool.commonPool-worker-0] INFO  handler.ContextHandler (ContextHandler.java:doStop(910)) - Stopped o.e.j.s.ServletContextHandler@245cb8df{/static,jar:file:/home/user/.m2/repository/org/apache/hadoop/hadoop-hdds-container-service/0.5.0-SNAPSHOT/hadoop-hdds-container-service-0.5.0-SNAPSHOT.jar!/webapps/static,UNAVAILABLE}
2019-09-12 10:09:27,974 [90fef4f2-0b30-45ed-8418-ad54fddc73e7:group-1DD9FBDE07EB:LeaderElection35] INFO  impl.RaftServerImpl (ServerState.java:setRaftConf(361)) - 90fef4f2-0b30-45ed-8418-ad54fddc73e7:group-1DD9FBDE07EB set configuration 0: [90fef4f2-0b30-45ed-8418-ad54fddc73e7:192.168.36.114:44121], old=null at 0
2019-09-12 10:09:27,974 [ForkJoinPool.commonPool-worker-0] INFO  handler.ContextHandler (ContextHandler.java:doStop(910)) - Stopped o.e.j.s.ServletContextHandler@53ea380b{/logs,file:///workdir/hadoop-ozone/integration-test/target/log,UNAVAILABLE}
2019-09-12 10:09:28,002 [main] INFO  handler.ContextHandler (ContextHandler.java:doStop(910)) - Stopped o.e.j.w.WebAppContext@54489296{/,null,UNAVAILABLE}{/hddsDatanode}
2019-09-12 10:09:28,003 [ForkJoinPool.commonPool-worker-0] INFO  datanode.ObjectStoreHandler (ObjectStoreHandler.java:close(155)) - Closing ObjectStoreHandler.
2019-09-12 10:09:28,003 [ForkJoinPool.commonPool-worker-0] INFO  ozone.HddsDatanodeService (HddsDatanodeService.java:stop(451)) - Stopped plug-in org.apache.hadoop.ozone.web.OzoneHddsDatanodeService@775f15fd
2019-09-12 10:09:28,004 [main] INFO  server.AbstractConnector (AbstractConnector.java:doStop(318)) - Stopped ServerConnector@4e8598d9{HTTP/1.1,[http/1.1]}{0.0.0.0:0}
2019-09-12 10:09:28,004 [main] INFO  handler.ContextHandler (ContextHandler.java:doStop(910)) - Stopped o.e.j.s.ServletContextHandler@76a6f045{/static,jar:file:/home/user/.m2/repository/org/apache/hadoop/hadoop-hdds-container-service/0.5.0-SNAPSHOT/hadoop-hdds-container-service-0.5.0-SNAPSHOT.jar!/webapps/static,UNAVAILABLE}
2019-09-12 10:09:28,005 [main] INFO  handler.ContextHandler (ContextHandler.java:doStop(910)) - Stopped o.e.j.s.ServletContextHandler@307af381{/logs,file:///workdir/hadoop-ozone/integration-test/target/log,UNAVAILABLE}
2019-09-12 10:09:28,140 [90fef4f2-0b30-45ed-8418-ad54fddc73e7-SegmentedRaftLogWorker:Storage Directory /workdir/hadoop-ozone/integration-test/target/test-dir/MiniOzoneClusterImpl-c79133c4-2f7a-4bec-a41b-f921d987c36a/datanode-2/data/ratis/2637caf2-05f3-474e-92e1-1dd9fbde07eb] INFO  segmented.SegmentedRaftLogWorker (SegmentedRaftLogWorker.java:execute(569)) - 90fef4f2-0b30-45ed-8418-ad54fddc73e7-SegmentedRaftLogWorker:Storage Directory /workdir/hadoop-ozone/integration-test/target/test-dir/MiniOzoneClusterImpl-c79133c4-2f7a-4bec-a41b-f921d987c36a/datanode-2/data/ratis/2637caf2-05f3-474e-92e1-1dd9fbde07eb: created new log segment /workdir/hadoop-ozone/integration-test/target/test-dir/MiniOzoneClusterImpl-c79133c4-2f7a-4bec-a41b-f921d987c36a/datanode-2/data/ratis/2637caf2-05f3-474e-92e1-1dd9fbde07eb/current/log_inprogress_0
2019-09-12 10:09:28,279 [Datanode State Machine Thread - 0] INFO  statemachine.DatanodeStateMachine (DatanodeStateMachine.java:lambda$startDaemon$0(350)) - Ozone container server started.
2019-09-12 10:09:33,004 [ForkJoinPool.commonPool-worker-0] INFO  ozoneimpl.OzoneContainer (OzoneContainer.java:stop(199)) - Attempting to stop container services.
2019-09-12 10:09:33,004 [ForkJoinPool.commonPool-worker-0] INFO  impl.RaftServerProxy (RaftServerProxy.java:lambda$close$4(314)) - 90fef4f2-0b30-45ed-8418-ad54fddc73e7: close
2019-09-12 10:09:33,005 [ForkJoinPool.commonPool-worker-0] INFO  impl.RaftServerImpl (RaftServerImpl.java:lambda$shutdown$3(245)) - 90fef4f2-0b30-45ed-8418-ad54fddc73e7: shutdown group-1DD9FBDE07EB
2019-09-12 10:09:33,005 [ForkJoinPool.commonPool-worker-0] INFO  util.JmxRegister (JmxRegister.java:unregister(73)) - Successfully un-registered JMX Bean with object name Ratis:service=RaftServer,group=group-1DD9FBDE07EB,id=90fef4f2-0b30-45ed-8418-ad54fddc73e7
2019-09-12 10:09:33,005 [ForkJoinPool.commonPool-worker-0] INFO  impl.RoleInfo (RoleInfo.java:shutdownLeaderState(104)) - 90fef4f2-0b30-45ed-8418-ad54fddc73e7: shutdown LeaderState
2019-09-12 10:09:33,005 [ForkJoinPool.commonPool-worker-0] INFO  impl.PendingRequests (PendingRequests.java:sendNotLeaderResponses(202)) - 90fef4f2-0b30-45ed-8418-ad54fddc73e7-PendingRequests: sendNotLeaderResponses
2019-09-12 10:09:33,006 [ForkJoinPool.commonPool-worker-0] INFO  impl.StateMachineUpdater (StateMachineUpdater.java:stopAndJoin(115)) - StateMachineUpdater:90fef4f2-0b30-45ed-8418-ad54fddc73e7:group-1DD9FBDE07EB: set stopIndex = 0
2019-09-12 10:09:33,006 [ForkJoinPool.commonPool-worker-0] INFO  impl.RaftServerImpl (ServerState.java:close(394)) - 90fef4f2-0b30-45ed-8418-ad54fddc73e7:group-1DD9FBDE07EB closes. The last applied log index is 0
2019-09-12 10:09:33,006 [90fef4f2-0b30-45ed-8418-ad54fddc73e7-SegmentedRaftLogWorker:Storage Directory /workdir/hadoop-ozone/integration-test/target/test-dir/MiniOzoneClusterImpl-c79133c4-2f7a-4bec-a41b-f921d987c36a/datanode-2/data/ratis/2637caf2-05f3-474e-92e1-1dd9fbde07eb] INFO  segmented.SegmentedRaftLogWorker (SegmentedRaftLogWorker.java:run(313)) - 90fef4f2-0b30-45ed-8418-ad54fddc73e7-SegmentedRaftLogWorker:Storage Directory /workdir/hadoop-ozone/integration-test/target/test-dir/MiniOzoneClusterImpl-c79133c4-2f7a-4bec-a41b-f921d987c36a/datanode-2/data/ratis/2637caf2-05f3-474e-92e1-1dd9fbde07eb was interrupted, exiting. There are 0 tasks remaining in the queue.
2019-09-12 10:09:33,006 [ForkJoinPool.commonPool-worker-0] INFO  segmented.SegmentedRaftLogWorker (SegmentedRaftLogWorker.java:close(228)) - 90fef4f2-0b30-45ed-8418-ad54fddc73e7-SegmentedRaftLogWorker:Storage Directory /workdir/hadoop-ozone/integration-test/target/test-dir/MiniOzoneClusterImpl-c79133c4-2f7a-4bec-a41b-f921d987c36a/datanode-2/data/ratis/2637caf2-05f3-474e-92e1-1dd9fbde07eb close()
2019-09-12 10:09:33,007 [ForkJoinPool.commonPool-worker-0] INFO  impl.RaftServerImpl (RaftServerImpl.java:lambda$shutdown$3(245)) - 90fef4f2-0b30-45ed-8418-ad54fddc73e7: shutdown group-A0B3F5137C2C
2019-09-12 10:09:33,007 [ForkJoinPool.commonPool-worker-0] INFO  util.JmxRegister (JmxRegister.java:unregister(73)) - Successfully un-registered JMX Bean with object name Ratis:service=RaftServer,group=group-A0B3F5137C2C,id=90fef4f2-0b30-45ed-8418-ad54fddc73e7
2019-09-12 10:09:33,007 [ForkJoinPool.commonPool-worker-0] INFO  impl.RoleInfo (RoleInfo.java:shutdownLeaderState(104)) - 90fef4f2-0b30-45ed-8418-ad54fddc73e7: shutdown LeaderState
2019-09-12 10:09:33,007 [ForkJoinPool.commonPool-worker-0] INFO  impl.PendingRequests (PendingRequests.java:sendNotLeaderResponses(202)) - 90fef4f2-0b30-45ed-8418-ad54fddc73e7-PendingRequests: sendNotLeaderResponses
2019-09-12 10:09:33,007 [ForkJoinPool.commonPool-worker-0] INFO  impl.StateMachineUpdater (StateMachineUpdater.java:stopAndJoin(115)) - StateMachineUpdater:90fef4f2-0b30-45ed-8418-ad54fddc73e7:group-A0B3F5137C2C: set stopIndex = 0
2019-09-12 10:09:33,008 [ForkJoinPool.commonPool-worker-0] INFO  impl.RaftServerImpl (ServerState.java:close(394)) - 90fef4f2-0b30-45ed-8418-ad54fddc73e7:group-A0B3F5137C2C closes. The last applied log index is 0
2019-09-12 10:09:33,008 [90fef4f2-0b30-45ed-8418-ad54fddc73e7-SegmentedRaftLogWorker:Storage Directory /workdir/hadoop-ozone/integration-test/target/test-dir/MiniOzoneClusterImpl-c79133c4-2f7a-4bec-a41b-f921d987c36a/datanode-2/data/ratis/a06dcccd-02da-4c4f-99ff-a0b3f5137c2c] INFO  segmented.SegmentedRaftLogWorker (SegmentedRaftLogWorker.java:run(313)) - 90fef4f2-0b30-45ed-8418-ad54fddc73e7-SegmentedRaftLogWorker:Storage Directory /workdir/hadoop-ozone/integration-test/target/test-dir/MiniOzoneClusterImpl-c79133c4-2f7a-4bec-a41b-f921d987c36a/datanode-2/data/ratis/a06dcccd-02da-4c4f-99ff-a0b3f5137c2c was interrupted, exiting. There are 0 tasks remaining in the queue.
2019-09-12 10:09:33,008 [ForkJoinPool.commonPool-worker-0] INFO  segmented.SegmentedRaftLogWorker (SegmentedRaftLogWorker.java:close(228)) - 90fef4f2-0b30-45ed-8418-ad54fddc73e7-SegmentedRaftLogWorker:Storage Directory /workdir/hadoop-ozone/integration-test/target/test-dir/MiniOzoneClusterImpl-c79133c4-2f7a-4bec-a41b-f921d987c36a/datanode-2/data/ratis/a06dcccd-02da-4c4f-99ff-a0b3f5137c2c close()
2019-09-12 10:09:33,008 [ForkJoinPool.commonPool-worker-0] INFO  impl.RaftServerImpl (RaftServerImpl.java:lambda$shutdown$3(245)) - 90fef4f2-0b30-45ed-8418-ad54fddc73e7: shutdown group-4FC07CFEA5DC
2019-09-12 10:09:33,009 [ForkJoinPool.commonPool-worker-0] INFO  util.JmxRegister (JmxRegister.java:unregister(73)) - Successfully un-registered JMX Bean with object name Ratis:service=RaftServer,group=group-4FC07CFEA5DC,id=90fef4f2-0b30-45ed-8418-ad54fddc73e7
2019-09-12 10:09:33,009 [ForkJoinPool.commonPool-worker-0] INFO  impl.RoleInfo (RoleInfo.java:shutdownLeaderState(104)) - 90fef4f2-0b30-45ed-8418-ad54fddc73e7: shutdown LeaderState
2019-09-12 10:09:33,009 [ForkJoinPool.commonPool-worker-0] INFO  impl.PendingRequests (PendingRequests.java:sendNotLeaderResponses(202)) - 90fef4f2-0b30-45ed-8418-ad54fddc73e7-PendingRequests: sendNotLeaderResponses
2019-09-12 10:09:33,010 [ForkJoinPool.commonPool-worker-0] INFO  impl.StateMachineUpdater (StateMachineUpdater.java:stopAndJoin(115)) - StateMachineUpdater:90fef4f2-0b30-45ed-8418-ad54fddc73e7:group-4FC07CFEA5DC: set stopIndex = 0
2019-09-12 10:09:33,010 [ForkJoinPool.commonPool-worker-0] INFO  impl.RaftServerImpl (ServerState.java:close(394)) - 90fef4f2-0b30-45ed-8418-ad54fddc73e7:group-4FC07CFEA5DC closes. The last applied log index is 0
2019-09-12 10:09:33,010 [90fef4f2-0b30-45ed-8418-ad54fddc73e7-SegmentedRaftLogWorker:Storage Directory /workdir/hadoop-ozone/integration-test/target/test-dir/MiniOzoneClusterImpl-c79133c4-2f7a-4bec-a41b-f921d987c36a/datanode-2/data/ratis/33588200-8f98-4947-8d74-4fc07cfea5dc] INFO  segmented.SegmentedRaftLogWorker (SegmentedRaftLogWorker.java:run(313)) - 90fef4f2-0b30-45ed-8418-ad54fddc73e7-SegmentedRaftLogWorker:Storage Directory /workdir/hadoop-ozone/integration-test/target/test-dir/MiniOzoneClusterImpl-c79133c4-2f7a-4bec-a41b-f921d987c36a/datanode-2/data/ratis/33588200-8f98-4947-8d74-4fc07cfea5dc was interrupted, exiting. There are 0 tasks remaining in the queue.
2019-09-12 10:09:33,010 [ForkJoinPool.commonPool-worker-0] INFO  segmented.SegmentedRaftLogWorker (SegmentedRaftLogWorker.java:close(228)) - 90fef4f2-0b30-45ed-8418-ad54fddc73e7-SegmentedRaftLogWorker:Storage Directory /workdir/hadoop-ozone/integration-test/target/test-dir/MiniOzoneClusterImpl-c79133c4-2f7a-4bec-a41b-f921d987c36a/datanode-2/data/ratis/33588200-8f98-4947-8d74-4fc07cfea5dc close()
2019-09-12 10:09:33,011 [ForkJoinPool.commonPool-worker-0] INFO  impl.RaftServerImpl (RaftServerImpl.java:lambda$shutdown$3(245)) - 90fef4f2-0b30-45ed-8418-ad54fddc73e7: shutdown group-BA46F7F75D63
2019-09-12 10:09:33,011 [ForkJoinPool.commonPool-worker-0] INFO  util.JmxRegister (JmxRegister.java:unregister(73)) - Successfully un-registered JMX Bean with object name Ratis:service=RaftServer,group=group-BA46F7F75D63,id=90fef4f2-0b30-45ed-8418-ad54fddc73e7
2019-09-12 10:09:33,011 [ForkJoinPool.commonPool-worker-0] INFO  impl.RoleInfo (RoleInfo.java:shutdownLeaderState(104)) - 90fef4f2-0b30-45ed-8418-ad54fddc73e7: shutdown LeaderState
2019-09-12 10:09:33,011 [ForkJoinPool.commonPool-worker-0] INFO  impl.PendingRequests (PendingRequests.java:sendNotLeaderResponses(202)) - 90fef4f2-0b30-45ed-8418-ad54fddc73e7-PendingRequests: sendNotLeaderResponses
2019-09-12 10:09:33,012 [ForkJoinPool.commonPool-worker-0] INFO  impl.StateMachineUpdater (StateMachineUpdater.java:stopAndJoin(115)) - StateMachineUpdater:90fef4f2-0b30-45ed-8418-ad54fddc73e7:group-BA46F7F75D63: set stopIndex = 0
2019-09-12 10:09:33,012 [ForkJoinPool.commonPool-worker-0] INFO  impl.RaftServerImpl (ServerState.java:close(394)) - 90fef4f2-0b30-45ed-8418-ad54fddc73e7:group-BA46F7F75D63 closes. The last applied log index is 0
2019-09-12 10:09:33,012 [90fef4f2-0b30-45ed-8418-ad54fddc73e7-SegmentedRaftLogWorker:Storage Directory /workdir/hadoop-ozone/integration-test/target/test-dir/MiniOzoneClusterImpl-c79133c4-2f7a-4bec-a41b-f921d987c36a/datanode-2/data/ratis/47fe9739-8c66-4495-b02f-ba46f7f75d63] INFO  segmented.SegmentedRaftLogWorker (SegmentedRaftLogWorker.java:run(313)) - 90fef4f2-0b30-45ed-8418-ad54fddc73e7-SegmentedRaftLogWorker:Storage Directory /workdir/hadoop-ozone/integration-test/target/test-dir/MiniOzoneClusterImpl-c79133c4-2f7a-4bec-a41b-f921d987c36a/datanode-2/data/ratis/47fe9739-8c66-4495-b02f-ba46f7f75d63 was interrupted, exiting. There are 0 tasks remaining in the queue.
2019-09-12 10:09:33,012 [ForkJoinPool.commonPool-worker-0] INFO  segmented.SegmentedRaftLogWorker (SegmentedRaftLogWorker.java:close(228)) - 90fef4f2-0b30-45ed-8418-ad54fddc73e7-SegmentedRaftLogWorker:Storage Directory /workdir/hadoop-ozone/integration-test/target/test-dir/MiniOzoneClusterImpl-c79133c4-2f7a-4bec-a41b-f921d987c36a/datanode-2/data/ratis/47fe9739-8c66-4495-b02f-ba46f7f75d63 close()
2019-09-12 10:09:33,012 [ForkJoinPool.commonPool-worker-0] INFO  impl.RaftServerImpl (RaftServerImpl.java:lambda$shutdown$3(245)) - 90fef4f2-0b30-45ed-8418-ad54fddc73e7: shutdown group-175ADCB22436
2019-09-12 10:09:33,013 [ForkJoinPool.commonPool-worker-0] INFO  util.JmxRegister (JmxRegister.java:unregister(73)) - Successfully un-registered JMX Bean with object name Ratis:service=RaftServer,group=group-175ADCB22436,id=90fef4f2-0b30-45ed-8418-ad54fddc73e7
2019-09-12 10:09:33,013 [ForkJoinPool.commonPool-worker-0] INFO  impl.RoleInfo (RoleInfo.java:shutdownLeaderState(104)) - 90fef4f2-0b30-45ed-8418-ad54fddc73e7: shutdown LeaderState
2019-09-12 10:09:33,013 [ForkJoinPool.commonPool-worker-0] INFO  impl.PendingRequests (PendingRequests.java:sendNotLeaderResponses(202)) - 90fef4f2-0b30-45ed-8418-ad54fddc73e7-PendingRequests: sendNotLeaderResponses
2019-09-12 10:09:33,013 [ForkJoinPool.commonPool-worker-0] INFO  impl.StateMachineUpdater (StateMachineUpdater.java:stopAndJoin(115)) - StateMachineUpdater:90fef4f2-0b30-45ed-8418-ad54fddc73e7:group-175ADCB22436: set stopIndex = 0
2019-09-12 10:09:33,014 [ForkJoinPool.commonPool-worker-0] INFO  impl.RaftServerImpl (ServerState.java:close(394)) - 90fef4f2-0b30-45ed-8418-ad54fddc73e7:group-175ADCB22436 closes. The last applied log index is 0
2019-09-12 10:09:33,014 [90fef4f2-0b30-45ed-8418-ad54fddc73e7-SegmentedRaftLogWorker:Storage Directory /workdir/hadoop-ozone/integration-test/target/test-dir/MiniOzoneClusterImpl-c79133c4-2f7a-4bec-a41b-f921d987c36a/datanode-2/data/ratis/2454fb29-c82d-4d2f-a9a8-175adcb22436] INFO  segmented.SegmentedRaftLogWorker (SegmentedRaftLogWorker.java:run(313)) - 90fef4f2-0b30-45ed-8418-ad54fddc73e7-SegmentedRaftLogWorker:Storage Directory /workdir/hadoop-ozone/integration-test/target/test-dir/MiniOzoneClusterImpl-c79133c4-2f7a-4bec-a41b-f921d987c36a/datanode-2/data/ratis/2454fb29-c82d-4d2f-a9a8-175adcb22436 was interrupted, exiting. There are 0 tasks remaining in the queue.
2019-09-12 10:09:33,014 [ForkJoinPool.commonPool-worker-0] INFO  segmented.SegmentedRaftLogWorker (SegmentedRaftLogWorker.java:close(228)) - 90fef4f2-0b30-45ed-8418-ad54fddc73e7-SegmentedRaftLogWorker:Storage Directory /workdir/hadoop-ozone/integration-test/target/test-dir/MiniOzoneClusterImpl-c79133c4-2f7a-4bec-a41b-f921d987c36a/datanode-2/data/ratis/2454fb29-c82d-4d2f-a9a8-175adcb22436 close()
2019-09-12 10:09:33,014 [ForkJoinPool.commonPool-worker-0] INFO  impl.RaftServerImpl (RaftServerImpl.java:lambda$shutdown$3(245)) - 90fef4f2-0b30-45ed-8418-ad54fddc73e7: shutdown group-BECE44B5BCDC
2019-09-12 10:09:33,014 [ForkJoinPool.commonPool-worker-0] INFO  util.JmxRegister (JmxRegister.java:unregister(73)) - Successfully un-registered JMX Bean with object name Ratis:service=RaftServer,group=group-BECE44B5BCDC,id=90fef4f2-0b30-45ed-8418-ad54fddc73e7
2019-09-12 10:09:33,015 [ForkJoinPool.commonPool-worker-0] INFO  impl.RoleInfo (RoleInfo.java:shutdownLeaderState(104)) - 90fef4f2-0b30-45ed-8418-ad54fddc73e7: shutdown LeaderState
2019-09-12 10:09:33,015 [ForkJoinPool.commonPool-worker-0] INFO  impl.PendingRequests (PendingRequests.java:sendNotLeaderResponses(202)) - 90fef4f2-0b30-45ed-8418-ad54fddc73e7-PendingRequests: sendNotLeaderResponses
2019-09-12 10:09:33,015 [ForkJoinPool.commonPool-worker-0] INFO  impl.StateMachineUpdater (StateMachineUpdater.java:stopAndJoin(115)) - StateMachineUpdater:90fef4f2-0b30-45ed-8418-ad54fddc73e7:group-BECE44B5BCDC: set stopIndex = 0
2019-09-12 10:09:33,015 [ForkJoinPool.commonPool-worker-0] INFO  impl.RaftServerImpl (ServerState.java:close(394)) - 90fef4f2-0b30-45ed-8418-ad54fddc73e7:group-BECE44B5BCDC closes. The last applied log index is 0
2019-09-12 10:09:33,016 [90fef4f2-0b30-45ed-8418-ad54fddc73e7-SegmentedRaftLogWorker:Storage Directory /workdir/hadoop-ozone/integration-test/target/test-dir/MiniOzoneClusterImpl-c79133c4-2f7a-4bec-a41b-f921d987c36a/datanode-2/data/ratis/a8537b3b-fbc1-475f-a60d-bece44b5bcdc] INFO  segmented.SegmentedRaftLogWorker (SegmentedRaftLogWorker.java:run(313)) - 90fef4f2-0b30-45ed-8418-ad54fddc73e7-SegmentedRaftLogWorker:Storage Directory /workdir/hadoop-ozone/integration-test/target/test-dir/MiniOzoneClusterImpl-c79133c4-2f7a-4bec-a41b-f921d987c36a/datanode-2/data/ratis/a8537b3b-fbc1-475f-a60d-bece44b5bcdc was interrupted, exiting. There are 0 tasks remaining in the queue.
2019-09-12 10:09:33,016 [ForkJoinPool.commonPool-worker-0] INFO  segmented.SegmentedRaftLogWorker (SegmentedRaftLogWorker.java:close(228)) - 90fef4f2-0b30-45ed-8418-ad54fddc73e7-SegmentedRaftLogWorker:Storage Directory /workdir/hadoop-ozone/integration-test/target/test-dir/MiniOzoneClusterImpl-c79133c4-2f7a-4bec-a41b-f921d987c36a/datanode-2/data/ratis/a8537b3b-fbc1-475f-a60d-bece44b5bcdc close()
2019-09-12 10:09:33,016 [ForkJoinPool.commonPool-worker-0] INFO  server.GrpcService (GrpcService.java:closeImpl(155)) - 90fef4f2-0b30-45ed-8418-ad54fddc73e7: shutdown server with port 44121 now
2019-09-12 10:09:33,017 [ForkJoinPool.commonPool-worker-0] INFO  server.GrpcService (GrpcService.java:closeImpl(163)) - 90fef4f2-0b30-45ed-8418-ad54fddc73e7: shutdown server with port 44121 successfully
2019-09-12 10:09:33,020 [ForkJoinPool.commonPool-worker-0] INFO  utils.BackgroundService (BackgroundService.java:shutdown(148)) - Shutting down service BlockDeletingService
2019-09-12 10:09:33,021 [refreshUsed-/workdir/hadoop-ozone/integration-test/target/test-dir/MiniOzoneClusterImpl-c79133c4-2f7a-4bec-a41b-f921d987c36a/datanode-2/data/containers] WARN  fs.CachingGetSpaceUsed (CachingGetSpaceUsed.java:run(183)) - Thread Interrupted waiting to refresh disk information: sleep interrupted
2019-09-12 10:09:33,037 [ForkJoinPool.commonPool-worker-0] INFO  statemachine.DatanodeStateMachine (DatanodeStateMachine.java:stopDaemon(395)) - Ozone container server stopped.
2019-09-12 10:09:33,039 [ForkJoinPool.commonPool-worker-0] INFO  handler.ContextHandler (ContextHandler.java:doStop(910)) - Stopped o.e.j.w.WebAppContext@586843bc{/,null,UNAVAILABLE}{/hddsDatanode}
2019-09-12 10:09:33,040 [ForkJoinPool.commonPool-worker-0] INFO  server.AbstractConnector (AbstractConnector.java:doStop(318)) - Stopped ServerConnector@17134190{HTTP/1.1,[http/1.1]}{0.0.0.0:0}
2019-09-12 10:09:33,040 [ForkJoinPool.commonPool-worker-0] INFO  handler.ContextHandler (ContextHandler.java:doStop(910)) - Stopped o.e.j.s.ServletContextHandler@53bb71e5{/static,jar:file:/home/user/.m2/repository/org/apache/hadoop/hadoop-hdds-container-service/0.5.0-SNAPSHOT/hadoop-hdds-container-service-0.5.0-SNAPSHOT.jar!/webapps/static,UNAVAILABLE}
2019-09-12 10:09:33,041 [ForkJoinPool.commonPool-worker-0] INFO  handler.ContextHandler (ContextHandler.java:doStop(910)) - Stopped o.e.j.s.ServletContextHandler@6704df84{/logs,file:///workdir/hadoop-ozone/integration-test/target/log,UNAVAILABLE}
2019-09-12 10:09:33,042 [main] INFO  ozone.MiniOzoneClusterImpl (MiniOzoneClusterImpl.java:stop(353)) - Stopping the StorageContainerManager
2019-09-12 10:09:33,042 [main] INFO  server.StorageContainerManager (StorageContainerManager.java:stop(797)) - Stopping Replication Manager Service.
2019-09-12 10:09:33,042 [main] INFO  container.ReplicationManager (ReplicationManager.java:stop(192)) - Stopping Replication Monitor Thread.
2019-09-12 10:09:33,042 [main] INFO  server.StorageContainerManager (StorageContainerManager.java:stop(804)) - Stopping Lease Manager of the command watchers
2019-09-12 10:09:33,042 [main] INFO  server.StorageContainerManager (StorageContainerManager.java:stop(811)) - Stopping datanode service RPC server
2019-09-12 10:09:33,043 [main] INFO  server.SCMDatanodeProtocolServer (SCMDatanodeProtocolServer.java:stop(367)) - Stopping the RPC server for DataNodes
2019-09-12 10:09:33,043 [main] INFO  ipc.Server (Server.java:stop(3082)) - Stopping server on 33859
2019-09-12 10:09:33,044 [IPC Server listener on 33859] INFO  ipc.Server (Server.java:run(1185)) - Stopping IPC Server listener on 33859
2019-09-12 10:09:33,045 [IPC Server Responder] INFO  ipc.Server (Server.java:run(1319)) - Stopping IPC Server Responder
2019-09-12 10:09:33,110 [SCM Heartbeat Processing Thread - 0] WARN  node.NodeStateManager (NodeStateManager.java:scheduleNextHealthCheck(655)) - Current Thread is interrupted, shutting down HB processing thread for Node Manager.
2019-09-12 10:09:33,111 [main] INFO  server.StorageContainerManager (StorageContainerManager.java:stop(819)) - Stopping block service RPC server
2019-09-12 10:09:33,111 [main] INFO  server.SCMBlockProtocolServer (SCMBlockProtocolServer.java:stop(148)) - Stopping the RPC server for Block Protocol
2019-09-12 10:09:33,111 [main] INFO  ipc.Server (Server.java:stop(3082)) - Stopping server on 36107
2019-09-12 10:09:33,113 [IPC Server listener on 36107] INFO  ipc.Server (Server.java:run(1185)) - Stopping IPC Server listener on 36107
2019-09-12 10:09:33,113 [main] INFO  server.StorageContainerManager (StorageContainerManager.java:stop(826)) - Stopping the StorageContainerLocationProtocol RPC server
2019-09-12 10:09:33,114 [main] INFO  server.SCMClientProtocolServer (SCMClientProtocolServer.java:stop(159)) - Stopping the RPC server for Client Protocol
2019-09-12 10:09:33,114 [main] INFO  ipc.Server (Server.java:stop(3082)) - Stopping server on 39130
2019-09-12 10:09:33,113 [IPC Server Responder] INFO  ipc.Server (Server.java:run(1319)) - Stopping IPC Server Responder
2019-09-12 10:09:33,115 [IPC Server listener on 39130] INFO  ipc.Server (Server.java:run(1185)) - Stopping IPC Server listener on 39130
2019-09-12 10:09:33,116 [main] INFO  server.StorageContainerManager (StorageContainerManager.java:stop(833)) - Stopping Storage Container Manager HTTP server.
2019-09-12 10:09:33,116 [IPC Server Responder] INFO  ipc.Server (Server.java:run(1319)) - Stopping IPC Server Responder
2019-09-12 10:09:33,117 [main] INFO  handler.ContextHandler (ContextHandler.java:doStop(910)) - Stopped o.e.j.w.WebAppContext@50cdfafa{/,null,UNAVAILABLE}{/scm}
2019-09-12 10:09:33,118 [main] INFO  server.AbstractConnector (AbstractConnector.java:doStop(318)) - Stopped ServerConnector@2e952845{HTTP/1.1,[http/1.1]}{0.0.0.0:0}
2019-09-12 10:09:33,118 [main] INFO  handler.ContextHandler (ContextHandler.java:doStop(910)) - Stopped o.e.j.s.ServletContextHandler@785ed99c{/static,file:///workdir/hadoop-ozone/integration-test/target/test-classes/webapps/static,UNAVAILABLE}
2019-09-12 10:09:33,119 [main] INFO  handler.ContextHandler (ContextHandler.java:doStop(910)) - Stopped o.e.j.s.ServletContextHandler@2c06b113{/logs,file:///workdir/hadoop-ozone/integration-test/target/log,UNAVAILABLE}
2019-09-12 10:09:33,119 [main] INFO  server.StorageContainerManager (StorageContainerManager.java:stop(844)) - Stopping Block Manager Service.
2019-09-12 10:09:33,120 [main] INFO  utils.BackgroundService (BackgroundService.java:shutdown(148)) - Shutting down service SCMBlockDeletingService
2019-09-12 10:09:33,120 [main] INFO  utils.BackgroundService (BackgroundService.java:shutdown(148)) - Shutting down service SCMBlockDeletingService
2019-09-12 10:09:33,120 [main] INFO  server.StorageContainerManager (StorageContainerManager.java:stop(866)) - Stopping SCM Event Queue.
2019-09-12 10:09:33,124 [main] INFO  impl.MetricsSystemImpl (MetricsSystemImpl.java:stop(210)) - Stopping HddsDatanode metrics system...
2019-09-12 10:09:33,127 [main] INFO  impl.MetricsSystemImpl (MetricsSystemImpl.java:stop(216)) - HddsDatanode metrics system stopped.
]]></system-out>
    <system-err><![CDATA[Sep 12, 2019 10:09:17 AM com.sun.jersey.server.impl.application.WebApplicationImpl _initiate
INFO: Initiating Jersey application, version 'Jersey: 1.19 02/11/2015 03:25 AM'
Sep 12, 2019 10:09:17 AM com.sun.jersey.server.impl.application.WebApplicationImpl _initiate
INFO: Initiating Jersey application, version 'Jersey: 1.19 02/11/2015 03:25 AM'
Sep 12, 2019 10:09:18 AM com.sun.jersey.server.impl.application.WebApplicationImpl _initiate
INFO: Initiating Jersey application, version 'Jersey: 1.19 02/11/2015 03:25 AM'
]]></system-err>
  </testcase>
  <testcase name="testPipelineCloseWithClosedContainer" classname="org.apache.hadoop.hdds.scm.pipeline.TestPipelineClose" time="21.488">
    <error message="Could not allocate container. Cannot get any matching pipeline for Type:RATIS, Factor:THREE, State:PipelineState.OPEN" type="java.io.IOException">java.io.IOException: Could not allocate container. Cannot get any matching pipeline for Type:RATIS, Factor:THREE, State:PipelineState.OPEN
	at org.apache.hadoop.hdds.scm.container.ContainerStateManager.allocateContainer(ContainerStateManager.java:260)
	at org.apache.hadoop.hdds.scm.container.SCMContainerManager.allocateContainer(SCMContainerManager.java:247)
	at org.apache.hadoop.hdds.scm.pipeline.TestPipelineClose.init(TestPipelineClose.java:92)
	at sun.reflect.NativeMethodAccessorImpl.invoke0(Native Method)
	at sun.reflect.NativeMethodAccessorImpl.invoke(NativeMethodAccessorImpl.java:62)
	at sun.reflect.DelegatingMethodAccessorImpl.invoke(DelegatingMethodAccessorImpl.java:43)
	at java.lang.reflect.Method.invoke(Method.java:498)
	at org.junit.runners.model.FrameworkMethod$1.runReflectiveCall(FrameworkMethod.java:47)
	at org.junit.internal.runners.model.ReflectiveCallable.run(ReflectiveCallable.java:12)
	at org.junit.runners.model.FrameworkMethod.invokeExplosively(FrameworkMethod.java:44)
	at org.junit.internal.runners.statements.RunBefores.evaluate(RunBefores.java:24)
	at org.junit.internal.runners.statements.RunAfters.evaluate(RunAfters.java:27)
	at org.junit.runners.ParentRunner.runLeaf(ParentRunner.java:271)
	at org.junit.runners.BlockJUnit4ClassRunner.runChild(BlockJUnit4ClassRunner.java:70)
	at org.junit.runners.BlockJUnit4ClassRunner.runChild(BlockJUnit4ClassRunner.java:50)
	at org.junit.runners.ParentRunner$3.run(ParentRunner.java:238)
	at org.junit.runners.ParentRunner$1.schedule(ParentRunner.java:63)
	at org.junit.runners.ParentRunner.runChildren(ParentRunner.java:236)
	at org.junit.runners.ParentRunner.access$000(ParentRunner.java:53)
	at org.junit.runners.ParentRunner$2.evaluate(ParentRunner.java:229)
	at org.junit.runners.ParentRunner.run(ParentRunner.java:309)
	at org.apache.maven.surefire.junit4.JUnit4Provider.execute(JUnit4Provider.java:365)
	at org.apache.maven.surefire.junit4.JUnit4Provider.executeWithRerun(JUnit4Provider.java:273)
	at org.apache.maven.surefire.junit4.JUnit4Provider.executeTestSet(JUnit4Provider.java:238)
	at org.apache.maven.surefire.junit4.JUnit4Provider.invoke(JUnit4Provider.java:159)
	at org.apache.maven.surefire.booter.ForkedBooter.invokeProviderInSameClassLoader(ForkedBooter.java:384)
	at org.apache.maven.surefire.booter.ForkedBooter.runSuitesInProcess(ForkedBooter.java:345)
	at org.apache.maven.surefire.booter.ForkedBooter.execute(ForkedBooter.java:126)
	at org.apache.maven.surefire.booter.ForkedBooter.main(ForkedBooter.java:418)
</error>
    <system-out><![CDATA[2019-09-12 10:09:33,175 [main] WARN  server.ServerUtils (ServerUtils.java:getScmDbDir(145)) - ozone.scm.db.dirs is not configured. We recommend adding this setting. Falling back to ozone.metadata.dirs instead.
2019-09-12 10:09:33,190 [main] WARN  server.ServerUtils (ServerUtils.java:getScmDbDir(145)) - ozone.scm.db.dirs is not configured. We recommend adding this setting. Falling back to ozone.metadata.dirs instead.
2019-09-12 10:09:33,191 [main] WARN  server.ServerUtils (ServerUtils.java:getScmDbDir(145)) - ozone.scm.db.dirs is not configured. We recommend adding this setting. Falling back to ozone.metadata.dirs instead.
2019-09-12 10:09:33,191 [main] INFO  db.DBStoreBuilder (DBStoreBuilder.java:addTable(110)) - using custom profile for table: deletedBlocks
2019-09-12 10:09:33,191 [main] INFO  db.DBStoreBuilder (DBStoreBuilder.java:processTables(161)) - Using default column profile:DBProfile.DISK for Table:deletedBlocks
2019-09-12 10:09:33,192 [main] INFO  db.DBStoreBuilder (DBStoreBuilder.java:addTable(110)) - using custom profile for table: validCerts
2019-09-12 10:09:33,192 [main] INFO  db.DBStoreBuilder (DBStoreBuilder.java:processTables(161)) - Using default column profile:DBProfile.DISK for Table:validCerts
2019-09-12 10:09:33,192 [main] INFO  db.DBStoreBuilder (DBStoreBuilder.java:addTable(110)) - using custom profile for table: revokedCerts
2019-09-12 10:09:33,192 [main] INFO  db.DBStoreBuilder (DBStoreBuilder.java:processTables(161)) - Using default column profile:DBProfile.DISK for Table:revokedCerts
2019-09-12 10:09:33,192 [main] INFO  db.DBStoreBuilder (DBStoreBuilder.java:addTable(110)) - using custom profile for table: default
2019-09-12 10:09:33,193 [main] INFO  db.DBStoreBuilder (DBStoreBuilder.java:processTables(167)) - Using default column profile:DBProfile.DISK for Table:default
2019-09-12 10:09:33,193 [main] INFO  db.DBStoreBuilder (DBStoreBuilder.java:getDbProfile(198)) - Using default options. DBProfile.DISK
2019-09-12 10:09:33,629 [main] INFO  net.NodeSchemaLoader (NodeSchemaLoader.java:loadSchemaFromFile(125)) - Loading file from sun.misc.CompoundEnumeration@2a6fb62f
2019-09-12 10:09:33,630 [main] INFO  net.NodeSchemaLoader (NodeSchemaLoader.java:loadSchema(171)) - Loading network topology layer schema file
2019-09-12 10:09:33,635 [main] WARN  server.ServerUtils (ServerUtils.java:sanitizeUserArgs(70)) - ozone.scm.stale.node.interval value = 300000 is larger than max = 100000 based on the key value of ozone.scm.heartbeat.thread.interval, reset to the max value 100000.
2019-09-12 10:09:33,635 [main] WARN  server.ServerUtils (ServerUtils.java:sanitizeUserArgs(70)) - ozone.scm.stale.node.interval value = 300000 is larger than max = 100000 based on the key value of ozone.scm.heartbeat.thread.interval, reset to the max value 100000.
2019-09-12 10:09:33,635 [main] INFO  node.SCMNodeManager (SCMNodeManager.java:<init>(121)) - Entering startup safe mode.
2019-09-12 10:09:33,636 [main] INFO  algorithms.ContainerPlacementPolicyFactory (ContainerPlacementPolicyFactory.java:getPolicy(56)) - Create container placement policy of type org.apache.hadoop.hdds.scm.container.placement.algorithms.SCMContainerPlacementRandom
2019-09-12 10:09:33,637 [main] WARN  server.ServerUtils (ServerUtils.java:getScmDbDir(145)) - ozone.scm.db.dirs is not configured. We recommend adding this setting. Falling back to ozone.metadata.dirs instead.
2019-09-12 10:09:33,883 [main] INFO  pipeline.SCMPipelineManager (SCMPipelineManager.java:initializePipelineState(126)) - No pipeline exists in current db
2019-09-12 10:09:33,884 [main] WARN  server.ServerUtils (ServerUtils.java:getScmDbDir(145)) - ozone.scm.db.dirs is not configured. We recommend adding this setting. Falling back to ozone.metadata.dirs instead.
2019-09-12 10:09:34,363 [main] WARN  events.EventQueue (EventQueue.java:fireEvent(175)) - No event handler registered for event TypedEvent{payloadType=SafeModeStatus, name='SafeModeStatus'}
2019-09-12 10:09:34,364 [main] INFO  ipc.CallQueueManager (CallQueueManager.java:<init>(84)) - Using callQueue: class java.util.concurrent.LinkedBlockingQueue, queueCapacity: 2000, scheduler: class org.apache.hadoop.ipc.DefaultRpcScheduler, ipcBackoff: false.
2019-09-12 10:09:34,365 [Socket Reader #1 for port 45947] INFO  ipc.Server (Server.java:run(1074)) - Starting Socket Reader #1 for port 45947
2019-09-12 10:09:34,367 [main] INFO  ipc.CallQueueManager (CallQueueManager.java:<init>(84)) - Using callQueue: class java.util.concurrent.LinkedBlockingQueue, queueCapacity: 2000, scheduler: class org.apache.hadoop.ipc.DefaultRpcScheduler, ipcBackoff: false.
2019-09-12 10:09:34,367 [Socket Reader #1 for port 42345] INFO  ipc.Server (Server.java:run(1074)) - Starting Socket Reader #1 for port 42345
2019-09-12 10:09:34,369 [main] INFO  ipc.CallQueueManager (CallQueueManager.java:<init>(84)) - Using callQueue: class java.util.concurrent.LinkedBlockingQueue, queueCapacity: 2000, scheduler: class org.apache.hadoop.ipc.DefaultRpcScheduler, ipcBackoff: false.
2019-09-12 10:09:34,370 [Socket Reader #1 for port 42299] INFO  ipc.Server (Server.java:run(1074)) - Starting Socket Reader #1 for port 42299
2019-09-12 10:09:34,371 [main] INFO  hdfs.DFSUtil (DFSUtil.java:httpServerTemplateForNNAndJN(1641)) - Starting Web-server for scm at: http://0.0.0.0:0
2019-09-12 10:09:34,373 [main] INFO  server.AuthenticationFilter (AuthenticationFilter.java:constructSecretProvider(240)) - Unable to initialize FileSignerSecretProvider, falling back to use random secrets.
2019-09-12 10:09:34,374 [main] WARN  http.HttpRequestLog (HttpRequestLog.java:getRequestLog(97)) - Jetty request log can only be enabled using Log4j
2019-09-12 10:09:34,376 [main] INFO  http.HttpServer2 (HttpServer2.java:addGlobalFilter(975)) - Added global filter 'safety' (class=org.apache.hadoop.http.HttpServer2$QuotingInputFilter)
2019-09-12 10:09:34,377 [main] INFO  http.HttpServer2 (HttpServer2.java:addFilter(948)) - Added filter static_user_filter (class=org.apache.hadoop.http.lib.StaticUserWebFilter$StaticUserFilter) to context scm
2019-09-12 10:09:34,377 [main] INFO  http.HttpServer2 (HttpServer2.java:addFilter(958)) - Added filter static_user_filter (class=org.apache.hadoop.http.lib.StaticUserWebFilter$StaticUserFilter) to context logs
2019-09-12 10:09:34,377 [main] INFO  http.HttpServer2 (HttpServer2.java:addFilter(958)) - Added filter static_user_filter (class=org.apache.hadoop.http.lib.StaticUserWebFilter$StaticUserFilter) to context static
2019-09-12 10:09:34,379 [main] INFO  server.StorageContainerManager (StorageContainerManager.java:start(759)) - StorageContainerLocationProtocol RPC server is listening at /0.0.0.0:42299
2019-09-12 10:09:34,382 [main] WARN  impl.MetricsConfig (MetricsConfig.java:loadFirst(134)) - Cannot locate configuration: tried hadoop-metrics2-storagecontainermanager.properties,hadoop-metrics2.properties
2019-09-12 10:09:34,383 [main] INFO  impl.MetricsSystemImpl (MetricsSystemImpl.java:startTimer(374)) - Scheduled Metric snapshot period at 10 second(s).
2019-09-12 10:09:34,383 [main] INFO  impl.MetricsSystemImpl (MetricsSystemImpl.java:start(191)) - StorageContainerManager metrics system started
2019-09-12 10:09:34,445 [main] INFO  server.SCMClientProtocolServer (SCMClientProtocolServer.java:start(151)) - RPC server for Client  is listening at /0.0.0.0:42299
2019-09-12 10:09:34,446 [IPC Server Responder] INFO  ipc.Server (Server.java:run(1314)) - IPC Server Responder: starting
2019-09-12 10:09:34,446 [IPC Server listener on 42299] INFO  ipc.Server (Server.java:run(1153)) - IPC Server listener on 42299: starting
2019-09-12 10:09:34,450 [main] INFO  server.StorageContainerManager (StorageContainerManager.java:start(769)) - ScmBlockLocationProtocol RPC server is listening at /0.0.0.0:42345
2019-09-12 10:09:34,450 [main] INFO  server.SCMBlockProtocolServer (SCMBlockProtocolServer.java:start(140)) - RPC server for Block Protocol is listening at /0.0.0.0:42345
2019-09-12 10:09:34,450 [IPC Server Responder] INFO  ipc.Server (Server.java:run(1314)) - IPC Server Responder: starting
2019-09-12 10:09:34,451 [IPC Server listener on 42345] INFO  ipc.Server (Server.java:run(1153)) - IPC Server listener on 42345: starting
2019-09-12 10:09:34,454 [main] INFO  server.StorageContainerManager (StorageContainerManager.java:start(773)) - ScmDatanodeProtocl RPC server is listening at /0.0.0.0:45947
2019-09-12 10:09:34,454 [main] INFO  server.SCMDatanodeProtocolServer (SCMDatanodeProtocolServer.java:start(191)) - RPC server for DataNodes is listening at /0.0.0.0:45947
2019-09-12 10:09:34,455 [IPC Server Responder] INFO  ipc.Server (Server.java:run(1314)) - IPC Server Responder: starting
2019-09-12 10:09:34,455 [IPC Server listener on 45947] INFO  ipc.Server (Server.java:run(1153)) - IPC Server listener on 45947: starting
2019-09-12 10:09:34,459 [main] INFO  http.HttpServer2 (HttpServer2.java:bindListener(1191)) - Jetty bound to port 44274
2019-09-12 10:09:34,459 [main] INFO  server.Server (Server.java:doStart(351)) - jetty-9.3.24.v20180605, build timestamp: 2018-06-05T17:11:56Z, git hash: 84205aa28f11a4f31f2a3b86d1bba2cc8ab69827
2019-09-12 10:09:34,462 [main] INFO  handler.ContextHandler (ContextHandler.java:doStart(781)) - Started o.e.j.s.ServletContextHandler@21c75084{/logs,file:///workdir/hadoop-ozone/integration-test/target/log,AVAILABLE}
2019-09-12 10:09:34,462 [main] INFO  handler.ContextHandler (ContextHandler.java:doStart(781)) - Started o.e.j.s.ServletContextHandler@75527e36{/static,file:///workdir/hadoop-ozone/integration-test/target/test-classes/webapps/static,AVAILABLE}
2019-09-12 10:09:34,467 [main] INFO  handler.ContextHandler (ContextHandler.java:doStart(781)) - Started o.e.j.w.WebAppContext@11148dc2{/,file:///workdir/hadoop-ozone/integration-test/target/test-classes/webapps/scm/,AVAILABLE}{/scm}
2019-09-12 10:09:34,468 [main] INFO  server.AbstractConnector (AbstractConnector.java:doStart(278)) - Started ServerConnector@3be80ece{HTTP/1.1,[http/1.1]}{0.0.0.0:44274}
2019-09-12 10:09:34,468 [main] INFO  server.Server (Server.java:doStart(419)) - Started @45404ms
2019-09-12 10:09:34,469 [main] INFO  server.BaseHttpServer (BaseHttpServer.java:updateConnectorAddress(213)) - HTTP server of SCM is listening at http://0.0.0.0:44274
2019-09-12 10:09:34,470 [main] WARN  server.ServerUtils (ServerUtils.java:getDBPath(222)) - ozone.om.db.dirs is not configured. We recommend adding this setting. Falling back to ozone.metadata.dirs instead.
2019-09-12 10:09:34,471 [org.apache.hadoop.util.JvmPauseMonitor$Monitor@4efb13f1] INFO  util.JvmPauseMonitor (JvmPauseMonitor.java:run(188)) - Starting JVM pause monitor
2019-09-12 10:09:34,541 [main] WARN  server.ServerUtils (ServerUtils.java:getDBPath(222)) - ozone.om.db.dirs is not configured. We recommend adding this setting. Falling back to ozone.metadata.dirs instead.
2019-09-12 10:09:34,541 [main] WARN  server.ServerUtils (ServerUtils.java:getDBPath(222)) - ozone.om.db.dirs is not configured. We recommend adding this setting. Falling back to ozone.metadata.dirs instead.
2019-09-12 10:09:34,542 [main] INFO  om.OzoneManager (OzoneManager.java:setOMNodeDetails(645)) - OM Service ID is not set. Setting it to the default ID: omServiceIdDefault
2019-09-12 10:09:34,542 [main] INFO  om.OzoneManager (OzoneManager.java:setOMNodeDetails(651)) - OM Node ID is not set. Setting it to the OmStorage's OmID: f8304d13-4ea8-4cd6-ab5b-d7fe1cfa8890
2019-09-12 10:09:34,543 [main] INFO  om.OzoneManager (OzoneManager.java:loadOMHAConfigs(602)) - Found matching OM address with OMServiceId: null, OMNodeId: null, RPC Address: localhost:0 and Ratis port: 9872
2019-09-12 10:09:34,550 | INFO  | SCMAudit | user=jenkins1000 | ip=192.168.36.114 | op=GET_SCM_INFO null | ret=SUCCESS |  
2019-09-12 10:09:34,552 [main] WARN  server.ServerUtils (ServerUtils.java:getDBPath(222)) - ozone.om.db.dirs is not configured. We recommend adding this setting. Falling back to ozone.metadata.dirs instead.
2019-09-12 10:09:34,553 [main] INFO  db.DBStoreBuilder (DBStoreBuilder.java:addTable(110)) - using custom profile for table: userTable
2019-09-12 10:09:34,553 [main] INFO  db.DBStoreBuilder (DBStoreBuilder.java:processTables(161)) - Using default column profile:DBProfile.DISK for Table:userTable
2019-09-12 10:09:34,553 [main] INFO  db.DBStoreBuilder (DBStoreBuilder.java:addTable(110)) - using custom profile for table: volumeTable
2019-09-12 10:09:34,553 [main] INFO  db.DBStoreBuilder (DBStoreBuilder.java:processTables(161)) - Using default column profile:DBProfile.DISK for Table:volumeTable
2019-09-12 10:09:34,553 [main] INFO  db.DBStoreBuilder (DBStoreBuilder.java:addTable(110)) - using custom profile for table: bucketTable
2019-09-12 10:09:34,554 [main] INFO  db.DBStoreBuilder (DBStoreBuilder.java:processTables(161)) - Using default column profile:DBProfile.DISK for Table:bucketTable
2019-09-12 10:09:34,554 [main] INFO  db.DBStoreBuilder (DBStoreBuilder.java:addTable(110)) - using custom profile for table: keyTable
2019-09-12 10:09:34,554 [main] INFO  db.DBStoreBuilder (DBStoreBuilder.java:processTables(161)) - Using default column profile:DBProfile.DISK for Table:keyTable
2019-09-12 10:09:34,554 [main] INFO  db.DBStoreBuilder (DBStoreBuilder.java:addTable(110)) - using custom profile for table: deletedTable
2019-09-12 10:09:34,554 [main] INFO  db.DBStoreBuilder (DBStoreBuilder.java:processTables(161)) - Using default column profile:DBProfile.DISK for Table:deletedTable
2019-09-12 10:09:34,555 [main] INFO  db.DBStoreBuilder (DBStoreBuilder.java:addTable(110)) - using custom profile for table: openKeyTable
2019-09-12 10:09:34,555 [main] INFO  db.DBStoreBuilder (DBStoreBuilder.java:processTables(161)) - Using default column profile:DBProfile.DISK for Table:openKeyTable
2019-09-12 10:09:34,555 [main] INFO  db.DBStoreBuilder (DBStoreBuilder.java:addTable(110)) - using custom profile for table: s3Table
2019-09-12 10:09:34,555 [main] INFO  db.DBStoreBuilder (DBStoreBuilder.java:processTables(161)) - Using default column profile:DBProfile.DISK for Table:s3Table
2019-09-12 10:09:34,556 [main] INFO  db.DBStoreBuilder (DBStoreBuilder.java:addTable(110)) - using custom profile for table: multipartInfoTable
2019-09-12 10:09:34,556 [main] INFO  db.DBStoreBuilder (DBStoreBuilder.java:processTables(161)) - Using default column profile:DBProfile.DISK for Table:multipartInfoTable
2019-09-12 10:09:34,556 [main] INFO  db.DBStoreBuilder (DBStoreBuilder.java:addTable(110)) - using custom profile for table: dTokenTable
2019-09-12 10:09:34,556 [main] INFO  db.DBStoreBuilder (DBStoreBuilder.java:processTables(161)) - Using default column profile:DBProfile.DISK for Table:dTokenTable
2019-09-12 10:09:34,556 [main] INFO  db.DBStoreBuilder (DBStoreBuilder.java:addTable(110)) - using custom profile for table: s3SecretTable
2019-09-12 10:09:34,556 [main] INFO  db.DBStoreBuilder (DBStoreBuilder.java:processTables(161)) - Using default column profile:DBProfile.DISK for Table:s3SecretTable
2019-09-12 10:09:34,557 [main] INFO  db.DBStoreBuilder (DBStoreBuilder.java:addTable(110)) - using custom profile for table: prefixTable
2019-09-12 10:09:34,557 [main] INFO  db.DBStoreBuilder (DBStoreBuilder.java:processTables(161)) - Using default column profile:DBProfile.DISK for Table:prefixTable
2019-09-12 10:09:34,557 [main] INFO  db.DBStoreBuilder (DBStoreBuilder.java:addTable(110)) - using custom profile for table: default
2019-09-12 10:09:34,557 [main] INFO  db.DBStoreBuilder (DBStoreBuilder.java:processTables(167)) - Using default column profile:DBProfile.DISK for Table:default
2019-09-12 10:09:34,557 [main] INFO  db.DBStoreBuilder (DBStoreBuilder.java:getDbProfile(198)) - Using default options. DBProfile.DISK
2019-09-12 10:09:38,007 [main] INFO  ipc.CallQueueManager (CallQueueManager.java:<init>(84)) - Using callQueue: class java.util.concurrent.LinkedBlockingQueue, queueCapacity: 2000, scheduler: class org.apache.hadoop.ipc.DefaultRpcScheduler, ipcBackoff: false.
2019-09-12 10:09:38,008 [Socket Reader #1 for port 40088] INFO  ipc.Server (Server.java:run(1074)) - Starting Socket Reader #1 for port 40088
2019-09-12 10:09:38,026 [main] INFO  om.OzoneManager (OzoneManager.java:start(1256)) - OzoneManager RPC server is listening at localhost/127.0.0.1:40088
2019-09-12 10:09:38,026 [main] INFO  impl.MetricsSystemImpl (MetricsSystemImpl.java:init(158)) - OzoneManager metrics system started (again)
2019-09-12 10:09:38,027 [IPC Server Responder] INFO  ipc.Server (Server.java:run(1314)) - IPC Server Responder: starting
2019-09-12 10:09:38,027 [IPC Server listener on 40088] INFO  ipc.Server (Server.java:run(1153)) - IPC Server listener on 40088: starting
2019-09-12 10:09:38,031 [main] INFO  hdfs.DFSUtil (DFSUtil.java:httpServerTemplateForNNAndJN(1641)) - Starting Web-server for ozoneManager at: http://0.0.0.0:0
2019-09-12 10:09:38,032 [main] INFO  server.AuthenticationFilter (AuthenticationFilter.java:constructSecretProvider(240)) - Unable to initialize FileSignerSecretProvider, falling back to use random secrets.
2019-09-12 10:09:38,033 [main] WARN  http.HttpRequestLog (HttpRequestLog.java:getRequestLog(97)) - Jetty request log can only be enabled using Log4j
2019-09-12 10:09:38,035 [main] INFO  http.HttpServer2 (HttpServer2.java:addGlobalFilter(975)) - Added global filter 'safety' (class=org.apache.hadoop.http.HttpServer2$QuotingInputFilter)
2019-09-12 10:09:38,035 [main] INFO  http.HttpServer2 (HttpServer2.java:addFilter(948)) - Added filter static_user_filter (class=org.apache.hadoop.http.lib.StaticUserWebFilter$StaticUserFilter) to context ozoneManager
2019-09-12 10:09:38,035 [main] INFO  http.HttpServer2 (HttpServer2.java:addFilter(958)) - Added filter static_user_filter (class=org.apache.hadoop.http.lib.StaticUserWebFilter$StaticUserFilter) to context static
2019-09-12 10:09:38,036 [main] INFO  http.HttpServer2 (HttpServer2.java:addFilter(958)) - Added filter static_user_filter (class=org.apache.hadoop.http.lib.StaticUserWebFilter$StaticUserFilter) to context logs
2019-09-12 10:09:38,036 [main] INFO  http.HttpServer2 (HttpServer2.java:bindListener(1191)) - Jetty bound to port 41645
2019-09-12 10:09:38,036 [main] INFO  server.Server (Server.java:doStart(351)) - jetty-9.3.24.v20180605, build timestamp: 2018-06-05T17:11:56Z, git hash: 84205aa28f11a4f31f2a3b86d1bba2cc8ab69827
2019-09-12 10:09:38,038 [main] INFO  handler.ContextHandler (ContextHandler.java:doStart(781)) - Started o.e.j.s.ServletContextHandler@45d7495e{/logs,file:///workdir/hadoop-ozone/integration-test/target/log,AVAILABLE}
2019-09-12 10:09:38,039 [main] INFO  handler.ContextHandler (ContextHandler.java:doStart(781)) - Started o.e.j.s.ServletContextHandler@3dde5f38{/static,file:///workdir/hadoop-ozone/integration-test/target/test-classes/webapps/static,AVAILABLE}
2019-09-12 10:09:38,043 [main] INFO  handler.ContextHandler (ContextHandler.java:doStart(781)) - Started o.e.j.w.WebAppContext@67afe909{/,file:///workdir/hadoop-ozone/integration-test/target/test-classes/webapps/ozoneManager/,AVAILABLE}{/ozoneManager}
2019-09-12 10:09:38,044 [main] INFO  server.AbstractConnector (AbstractConnector.java:doStart(278)) - Started ServerConnector@79f1e22e{HTTP/1.1,[http/1.1]}{0.0.0.0:41645}
2019-09-12 10:09:38,044 [main] INFO  server.Server (Server.java:doStart(419)) - Started @48980ms
2019-09-12 10:09:38,045 [main] INFO  server.BaseHttpServer (BaseHttpServer.java:updateConnectorAddress(213)) - HTTP server of OZONEMANAGER is listening at http://0.0.0.0:41645
2019-09-12 10:09:38,052 [main] INFO  impl.MetricsSystemImpl (MetricsSystemImpl.java:init(158)) - HddsDatanode metrics system started (again)
2019-09-12 10:09:38,054 [main] INFO  ozone.HddsDatanodeService (HddsDatanodeService.java:start(184)) - HddsDatanodeService host:pr-hdds-1569-58hkm-1881083799 ip:192.168.36.114
2019-09-12 10:09:38,060 [main] INFO  volume.HddsVolume (HddsVolume.java:<init>(176)) - Creating Volume: /workdir/hadoop-ozone/integration-test/target/test-dir/MiniOzoneClusterImpl-78812344-8fab-4fd2-b9e8-17e484e4ebaf/datanode-0/data/containers/hdds of  storage type : DISK and capacity : 1482555576320
2019-09-12 10:09:38,061 [main] INFO  volume.VolumeSet (VolumeSet.java:initializeVolumeSet(170)) - Added Volume : /workdir/hadoop-ozone/integration-test/target/test-dir/MiniOzoneClusterImpl-78812344-8fab-4fd2-b9e8-17e484e4ebaf/datanode-0/data/containers/hdds to VolumeSet
2019-09-12 10:09:38,061 [main] INFO  volume.ThrottledAsyncChecker (ThrottledAsyncChecker.java:schedule(140)) - Scheduling a check for org.apache.hadoop.ozone.container.common.volume.HddsVolume@2037f12b
2019-09-12 10:09:38,062 [main] INFO  volume.HddsVolumeChecker (HddsVolumeChecker.java:checkAllVolumes(203)) - Scheduled health check for volume org.apache.hadoop.ozone.container.common.volume.HddsVolume@2037f12b
2019-09-12 10:09:38,083 [main] INFO  impl.RaftServerProxy (ConfUtils.java:logGet(43)) - raft.rpc.type = GRPC (default)
2019-09-12 10:09:38,084 [main] INFO  grpc.GrpcFactory (GrpcFactory.java:checkPooledByteBufAllocatorUseCacheForAllThreads(45)) - PERFORMANCE WARNING: useCacheForAllThreads is true that may cause Netty to create a lot garbage objects and, as a result, trigger GC.
	It is recommended to disable useCacheForAllThreads by setting -Dorg.apache.ratis.thirdparty.io.netty.allocator.useCacheForAllThreads=false in command line.
2019-09-12 10:09:38,084 [main] INFO  grpc.GrpcConfigKeys$Server (ConfUtils.java:logGet(43)) - raft.grpc.server.port = 0 (default)
2019-09-12 10:09:38,084 [main] INFO  server.GrpcService (ConfUtils.java:logGet(43)) - raft.grpc.message.size.max = 33570816 (custom)
2019-09-12 10:09:38,085 [main] INFO  server.RaftServerConfigKeys (ConfUtils.java:logGet(43)) - raft.server.log.appender.buffer.byte-limit = 33554432 (custom)
2019-09-12 10:09:38,085 [main] INFO  server.GrpcService (ConfUtils.java:logGet(43)) - raft.grpc.flow.control.window = 1MB (=1048576) (default)
2019-09-12 10:09:38,085 [main] INFO  server.RaftServerConfigKeys (ConfUtils.java:logGet(43)) - raft.server.rpc.request.timeout = 3000ms (default)
2019-09-12 10:09:38,086 [main] INFO  server.RaftServerConfigKeys (ConfUtils.java:logGet(43)) - raft.server.storage.dir = [/workdir/hadoop-ozone/integration-test/target/test-dir/MiniOzoneClusterImpl-78812344-8fab-4fd2-b9e8-17e484e4ebaf/datanode-0/data/ratis] (custom)
2019-09-12 10:09:38,087 [main] INFO  replication.SimpleContainerDownloader (SimpleContainerDownloader.java:<init>(72)) - Starting container downloader service to copy containers to replicate.
2019-09-12 10:09:38,088 [main] INFO  hdfs.DFSUtil (DFSUtil.java:httpServerTemplateForNNAndJN(1641)) - Starting Web-server for hddsDatanode at: http://0.0.0.0:0
2019-09-12 10:09:38,089 [main] INFO  server.AuthenticationFilter (AuthenticationFilter.java:constructSecretProvider(240)) - Unable to initialize FileSignerSecretProvider, falling back to use random secrets.
2019-09-12 10:09:38,090 [main] WARN  http.HttpRequestLog (HttpRequestLog.java:getRequestLog(97)) - Jetty request log can only be enabled using Log4j
2019-09-12 10:09:38,091 [main] INFO  http.HttpServer2 (HttpServer2.java:addGlobalFilter(975)) - Added global filter 'safety' (class=org.apache.hadoop.http.HttpServer2$QuotingInputFilter)
2019-09-12 10:09:38,092 [main] INFO  http.HttpServer2 (HttpServer2.java:addFilter(948)) - Added filter static_user_filter (class=org.apache.hadoop.http.lib.StaticUserWebFilter$StaticUserFilter) to context hddsDatanode
2019-09-12 10:09:38,093 [main] INFO  http.HttpServer2 (HttpServer2.java:addFilter(958)) - Added filter static_user_filter (class=org.apache.hadoop.http.lib.StaticUserWebFilter$StaticUserFilter) to context static
2019-09-12 10:09:38,093 [main] INFO  http.HttpServer2 (HttpServer2.java:addFilter(958)) - Added filter static_user_filter (class=org.apache.hadoop.http.lib.StaticUserWebFilter$StaticUserFilter) to context logs
2019-09-12 10:09:38,093 [main] INFO  http.HttpServer2 (HttpServer2.java:bindListener(1191)) - Jetty bound to port 41543
2019-09-12 10:09:38,094 [main] INFO  server.Server (Server.java:doStart(351)) - jetty-9.3.24.v20180605, build timestamp: 2018-06-05T17:11:56Z, git hash: 84205aa28f11a4f31f2a3b86d1bba2cc8ab69827
2019-09-12 10:09:38,095 [main] INFO  handler.ContextHandler (ContextHandler.java:doStart(781)) - Started o.e.j.s.ServletContextHandler@26ffd2c0{/logs,file:///workdir/hadoop-ozone/integration-test/target/log,AVAILABLE}
2019-09-12 10:09:38,096 [main] INFO  handler.ContextHandler (ContextHandler.java:doStart(781)) - Started o.e.j.s.ServletContextHandler@2fc7fa6e{/static,jar:file:/home/user/.m2/repository/org/apache/hadoop/hadoop-hdds-container-service/0.5.0-SNAPSHOT/hadoop-hdds-container-service-0.5.0-SNAPSHOT.jar!/webapps/static,AVAILABLE}
2019-09-12 10:09:38,123 [main] INFO  handler.ContextHandler (ContextHandler.java:doStart(781)) - Started o.e.j.w.WebAppContext@3335afcf{/,file:///tmp/jetty-0.0.0.0-41543-hddsDatanode-_-any-6431704401421390541.dir/webapp/,AVAILABLE}{/hddsDatanode}
2019-09-12 10:09:38,124 [main] INFO  server.AbstractConnector (AbstractConnector.java:doStart(278)) - Started ServerConnector@699e0bf0{HTTP/1.1,[http/1.1]}{0.0.0.0:41543}
2019-09-12 10:09:38,125 [main] INFO  server.Server (Server.java:doStart(419)) - Started @49061ms
2019-09-12 10:09:38,125 [main] INFO  server.BaseHttpServer (BaseHttpServer.java:updateConnectorAddress(213)) - HTTP server of HDDSDATANODE is listening at http://0.0.0.0:41543
2019-09-12 10:09:38,267 | INFO  | ObjectStoreRestHttpServer | Listening HDDS REST traffic on /0.0.0.0:34983 |  
2019-09-12 10:09:38,267 [main] INFO  ozone.HddsDatanodeService (HddsDatanodeService.java:startPlugins(395)) - Started plug-in org.apache.hadoop.ozone.web.OzoneHddsDatanodeService@642c72cf
2019-09-12 10:09:38,267 [main] INFO  impl.MetricsSystemImpl (MetricsSystemImpl.java:init(158)) - HddsDatanode metrics system started (again)
2019-09-12 10:09:38,269 [org.apache.hadoop.util.JvmPauseMonitor$Monitor@61601fde] INFO  util.JvmPauseMonitor (JvmPauseMonitor.java:run(188)) - Starting JVM pause monitor
2019-09-12 10:09:38,270 [main] INFO  ozone.HddsDatanodeService (HddsDatanodeService.java:start(184)) - HddsDatanodeService host:pr-hdds-1569-58hkm-1881083799 ip:192.168.36.114
2019-09-12 10:09:38,271 [Datanode State Machine Thread - 0] INFO  datanode.InitDatanodeState (InitDatanodeState.java:persistContainerDatanodeDetails(140)) - DatanodeDetails is persisted to /workdir/hadoop-ozone/integration-test/target/test-dir/MiniOzoneClusterImpl-78812344-8fab-4fd2-b9e8-17e484e4ebaf/datanode-0/meta/datanode.id
2019-09-12 10:09:38,275 [main] INFO  volume.HddsVolume (HddsVolume.java:<init>(176)) - Creating Volume: /workdir/hadoop-ozone/integration-test/target/test-dir/MiniOzoneClusterImpl-78812344-8fab-4fd2-b9e8-17e484e4ebaf/datanode-1/data/containers/hdds of  storage type : DISK and capacity : 1482555576320
2019-09-12 10:09:38,275 [main] INFO  volume.VolumeSet (VolumeSet.java:initializeVolumeSet(170)) - Added Volume : /workdir/hadoop-ozone/integration-test/target/test-dir/MiniOzoneClusterImpl-78812344-8fab-4fd2-b9e8-17e484e4ebaf/datanode-1/data/containers/hdds to VolumeSet
2019-09-12 10:09:38,276 [main] INFO  volume.ThrottledAsyncChecker (ThrottledAsyncChecker.java:schedule(140)) - Scheduling a check for org.apache.hadoop.ozone.container.common.volume.HddsVolume@15186ce0
2019-09-12 10:09:38,276 [main] INFO  volume.HddsVolumeChecker (HddsVolumeChecker.java:checkAllVolumes(203)) - Scheduled health check for volume org.apache.hadoop.ozone.container.common.volume.HddsVolume@15186ce0
2019-09-12 10:09:38,289 [main] INFO  impl.RaftServerProxy (ConfUtils.java:logGet(43)) - raft.rpc.type = GRPC (default)
2019-09-12 10:09:38,289 [main] INFO  grpc.GrpcFactory (GrpcFactory.java:checkPooledByteBufAllocatorUseCacheForAllThreads(45)) - PERFORMANCE WARNING: useCacheForAllThreads is true that may cause Netty to create a lot garbage objects and, as a result, trigger GC.
	It is recommended to disable useCacheForAllThreads by setting -Dorg.apache.ratis.thirdparty.io.netty.allocator.useCacheForAllThreads=false in command line.
2019-09-12 10:09:38,290 [main] INFO  grpc.GrpcConfigKeys$Server (ConfUtils.java:logGet(43)) - raft.grpc.server.port = 0 (default)
2019-09-12 10:09:38,290 [main] INFO  server.GrpcService (ConfUtils.java:logGet(43)) - raft.grpc.message.size.max = 33570816 (custom)
2019-09-12 10:09:38,290 [main] INFO  server.RaftServerConfigKeys (ConfUtils.java:logGet(43)) - raft.server.log.appender.buffer.byte-limit = 33554432 (custom)
2019-09-12 10:09:38,290 [main] INFO  server.GrpcService (ConfUtils.java:logGet(43)) - raft.grpc.flow.control.window = 1MB (=1048576) (default)
2019-09-12 10:09:38,290 [main] INFO  server.RaftServerConfigKeys (ConfUtils.java:logGet(43)) - raft.server.rpc.request.timeout = 3000ms (default)
2019-09-12 10:09:38,291 [main] INFO  server.RaftServerConfigKeys (ConfUtils.java:logGet(43)) - raft.server.storage.dir = [/workdir/hadoop-ozone/integration-test/target/test-dir/MiniOzoneClusterImpl-78812344-8fab-4fd2-b9e8-17e484e4ebaf/datanode-1/data/ratis] (custom)
2019-09-12 10:09:38,291 [main] INFO  replication.SimpleContainerDownloader (SimpleContainerDownloader.java:<init>(72)) - Starting container downloader service to copy containers to replicate.
2019-09-12 10:09:38,292 [main] INFO  hdfs.DFSUtil (DFSUtil.java:httpServerTemplateForNNAndJN(1641)) - Starting Web-server for hddsDatanode at: http://0.0.0.0:0
2019-09-12 10:09:38,294 [main] INFO  server.AuthenticationFilter (AuthenticationFilter.java:constructSecretProvider(240)) - Unable to initialize FileSignerSecretProvider, falling back to use random secrets.
2019-09-12 10:09:38,294 [main] WARN  http.HttpRequestLog (HttpRequestLog.java:getRequestLog(97)) - Jetty request log can only be enabled using Log4j
2019-09-12 10:09:38,295 [main] INFO  http.HttpServer2 (HttpServer2.java:addGlobalFilter(975)) - Added global filter 'safety' (class=org.apache.hadoop.http.HttpServer2$QuotingInputFilter)
2019-09-12 10:09:38,296 [main] INFO  http.HttpServer2 (HttpServer2.java:addFilter(948)) - Added filter static_user_filter (class=org.apache.hadoop.http.lib.StaticUserWebFilter$StaticUserFilter) to context hddsDatanode
2019-09-12 10:09:38,296 [main] INFO  http.HttpServer2 (HttpServer2.java:addFilter(958)) - Added filter static_user_filter (class=org.apache.hadoop.http.lib.StaticUserWebFilter$StaticUserFilter) to context static
2019-09-12 10:09:38,296 [main] INFO  http.HttpServer2 (HttpServer2.java:addFilter(958)) - Added filter static_user_filter (class=org.apache.hadoop.http.lib.StaticUserWebFilter$StaticUserFilter) to context logs
2019-09-12 10:09:38,297 [main] INFO  http.HttpServer2 (HttpServer2.java:bindListener(1191)) - Jetty bound to port 45919
2019-09-12 10:09:38,297 [main] INFO  server.Server (Server.java:doStart(351)) - jetty-9.3.24.v20180605, build timestamp: 2018-06-05T17:11:56Z, git hash: 84205aa28f11a4f31f2a3b86d1bba2cc8ab69827
2019-09-12 10:09:38,299 [main] INFO  handler.ContextHandler (ContextHandler.java:doStart(781)) - Started o.e.j.s.ServletContextHandler@30798137{/logs,file:///workdir/hadoop-ozone/integration-test/target/log,AVAILABLE}
2019-09-12 10:09:38,300 [main] INFO  handler.ContextHandler (ContextHandler.java:doStart(781)) - Started o.e.j.s.ServletContextHandler@60652518{/static,jar:file:/home/user/.m2/repository/org/apache/hadoop/hadoop-hdds-container-service/0.5.0-SNAPSHOT/hadoop-hdds-container-service-0.5.0-SNAPSHOT.jar!/webapps/static,AVAILABLE}
2019-09-12 10:09:38,339 [main] INFO  handler.ContextHandler (ContextHandler.java:doStart(781)) - Started o.e.j.w.WebAppContext@3bab95ca{/,file:///tmp/jetty-0.0.0.0-45919-hddsDatanode-_-any-1590438750871072916.dir/webapp/,AVAILABLE}{/hddsDatanode}
2019-09-12 10:09:38,340 [main] INFO  server.AbstractConnector (AbstractConnector.java:doStart(278)) - Started ServerConnector@71ad959b{HTTP/1.1,[http/1.1]}{0.0.0.0:45919}
2019-09-12 10:09:38,341 [main] INFO  server.Server (Server.java:doStart(419)) - Started @49277ms
2019-09-12 10:09:38,342 [main] INFO  server.BaseHttpServer (BaseHttpServer.java:updateConnectorAddress(213)) - HTTP server of HDDSDATANODE is listening at http://0.0.0.0:45919
2019-09-12 10:09:38,479 | INFO  | ObjectStoreRestHttpServer | Listening HDDS REST traffic on /0.0.0.0:38290 |  
2019-09-12 10:09:38,479 [main] INFO  ozone.HddsDatanodeService (HddsDatanodeService.java:startPlugins(395)) - Started plug-in org.apache.hadoop.ozone.web.OzoneHddsDatanodeService@6ba0ee4a
2019-09-12 10:09:38,480 [main] INFO  impl.MetricsSystemImpl (MetricsSystemImpl.java:init(158)) - HddsDatanode metrics system started (again)
2019-09-12 10:09:38,483 [org.apache.hadoop.util.JvmPauseMonitor$Monitor@42d5e6f3] INFO  util.JvmPauseMonitor (JvmPauseMonitor.java:run(188)) - Starting JVM pause monitor
2019-09-12 10:09:38,484 [main] INFO  ozone.HddsDatanodeService (HddsDatanodeService.java:start(184)) - HddsDatanodeService host:pr-hdds-1569-58hkm-1881083799 ip:192.168.36.114
2019-09-12 10:09:38,485 [Datanode State Machine Thread - 0] INFO  datanode.InitDatanodeState (InitDatanodeState.java:persistContainerDatanodeDetails(140)) - DatanodeDetails is persisted to /workdir/hadoop-ozone/integration-test/target/test-dir/MiniOzoneClusterImpl-78812344-8fab-4fd2-b9e8-17e484e4ebaf/datanode-1/meta/datanode.id
2019-09-12 10:09:38,490 [main] INFO  volume.HddsVolume (HddsVolume.java:<init>(176)) - Creating Volume: /workdir/hadoop-ozone/integration-test/target/test-dir/MiniOzoneClusterImpl-78812344-8fab-4fd2-b9e8-17e484e4ebaf/datanode-2/data/containers/hdds of  storage type : DISK and capacity : 1482555576320
2019-09-12 10:09:38,490 [main] INFO  volume.VolumeSet (VolumeSet.java:initializeVolumeSet(170)) - Added Volume : /workdir/hadoop-ozone/integration-test/target/test-dir/MiniOzoneClusterImpl-78812344-8fab-4fd2-b9e8-17e484e4ebaf/datanode-2/data/containers/hdds to VolumeSet
2019-09-12 10:09:38,490 [main] INFO  volume.ThrottledAsyncChecker (ThrottledAsyncChecker.java:schedule(140)) - Scheduling a check for org.apache.hadoop.ozone.container.common.volume.HddsVolume@1760e594
2019-09-12 10:09:38,490 [main] INFO  volume.HddsVolumeChecker (HddsVolumeChecker.java:checkAllVolumes(203)) - Scheduled health check for volume org.apache.hadoop.ozone.container.common.volume.HddsVolume@1760e594
2019-09-12 10:09:38,732 [main] INFO  impl.RaftServerProxy (ConfUtils.java:logGet(43)) - raft.rpc.type = GRPC (default)
2019-09-12 10:09:38,732 [main] INFO  grpc.GrpcFactory (GrpcFactory.java:checkPooledByteBufAllocatorUseCacheForAllThreads(45)) - PERFORMANCE WARNING: useCacheForAllThreads is true that may cause Netty to create a lot garbage objects and, as a result, trigger GC.
	It is recommended to disable useCacheForAllThreads by setting -Dorg.apache.ratis.thirdparty.io.netty.allocator.useCacheForAllThreads=false in command line.
2019-09-12 10:09:38,735 [main] INFO  grpc.GrpcConfigKeys$Server (ConfUtils.java:logGet(43)) - raft.grpc.server.port = 0 (default)
2019-09-12 10:09:38,735 [main] INFO  server.GrpcService (ConfUtils.java:logGet(43)) - raft.grpc.message.size.max = 33570816 (custom)
2019-09-12 10:09:38,735 [main] INFO  server.RaftServerConfigKeys (ConfUtils.java:logGet(43)) - raft.server.log.appender.buffer.byte-limit = 33554432 (custom)
2019-09-12 10:09:38,736 [main] INFO  server.GrpcService (ConfUtils.java:logGet(43)) - raft.grpc.flow.control.window = 1MB (=1048576) (default)
2019-09-12 10:09:38,736 [main] INFO  server.RaftServerConfigKeys (ConfUtils.java:logGet(43)) - raft.server.rpc.request.timeout = 3000ms (default)
2019-09-12 10:09:38,737 [main] INFO  server.RaftServerConfigKeys (ConfUtils.java:logGet(43)) - raft.server.storage.dir = [/workdir/hadoop-ozone/integration-test/target/test-dir/MiniOzoneClusterImpl-78812344-8fab-4fd2-b9e8-17e484e4ebaf/datanode-2/data/ratis] (custom)
2019-09-12 10:09:38,738 [main] INFO  replication.SimpleContainerDownloader (SimpleContainerDownloader.java:<init>(72)) - Starting container downloader service to copy containers to replicate.
2019-09-12 10:09:38,739 [main] INFO  hdfs.DFSUtil (DFSUtil.java:httpServerTemplateForNNAndJN(1641)) - Starting Web-server for hddsDatanode at: http://0.0.0.0:0
2019-09-12 10:09:38,740 [main] INFO  server.AuthenticationFilter (AuthenticationFilter.java:constructSecretProvider(240)) - Unable to initialize FileSignerSecretProvider, falling back to use random secrets.
2019-09-12 10:09:38,740 [main] WARN  http.HttpRequestLog (HttpRequestLog.java:getRequestLog(97)) - Jetty request log can only be enabled using Log4j
2019-09-12 10:09:38,742 [main] INFO  http.HttpServer2 (HttpServer2.java:addGlobalFilter(975)) - Added global filter 'safety' (class=org.apache.hadoop.http.HttpServer2$QuotingInputFilter)
2019-09-12 10:09:38,742 [main] INFO  http.HttpServer2 (HttpServer2.java:addFilter(948)) - Added filter static_user_filter (class=org.apache.hadoop.http.lib.StaticUserWebFilter$StaticUserFilter) to context hddsDatanode
2019-09-12 10:09:38,742 [main] INFO  http.HttpServer2 (HttpServer2.java:addFilter(958)) - Added filter static_user_filter (class=org.apache.hadoop.http.lib.StaticUserWebFilter$StaticUserFilter) to context logs
2019-09-12 10:09:38,742 [main] INFO  http.HttpServer2 (HttpServer2.java:addFilter(958)) - Added filter static_user_filter (class=org.apache.hadoop.http.lib.StaticUserWebFilter$StaticUserFilter) to context static
2019-09-12 10:09:38,743 [main] INFO  http.HttpServer2 (HttpServer2.java:bindListener(1191)) - Jetty bound to port 38409
2019-09-12 10:09:38,743 [main] INFO  server.Server (Server.java:doStart(351)) - jetty-9.3.24.v20180605, build timestamp: 2018-06-05T17:11:56Z, git hash: 84205aa28f11a4f31f2a3b86d1bba2cc8ab69827
2019-09-12 10:09:38,745 [main] INFO  handler.ContextHandler (ContextHandler.java:doStart(781)) - Started o.e.j.s.ServletContextHandler@70c56434{/logs,file:///workdir/hadoop-ozone/integration-test/target/log,AVAILABLE}
2019-09-12 10:09:38,746 [main] INFO  handler.ContextHandler (ContextHandler.java:doStart(781)) - Started o.e.j.s.ServletContextHandler@632d4cf2{/static,jar:file:/home/user/.m2/repository/org/apache/hadoop/hadoop-hdds-container-service/0.5.0-SNAPSHOT/hadoop-hdds-container-service-0.5.0-SNAPSHOT.jar!/webapps/static,AVAILABLE}
2019-09-12 10:09:38,782 [main] INFO  handler.ContextHandler (ContextHandler.java:doStart(781)) - Started o.e.j.w.WebAppContext@28fa541{/,file:///tmp/jetty-0.0.0.0-38409-hddsDatanode-_-any-4422867684578854067.dir/webapp/,AVAILABLE}{/hddsDatanode}
2019-09-12 10:09:38,783 [main] INFO  server.AbstractConnector (AbstractConnector.java:doStart(278)) - Started ServerConnector@5a82bc58{HTTP/1.1,[http/1.1]}{0.0.0.0:38409}
2019-09-12 10:09:38,785 [main] INFO  server.Server (Server.java:doStart(419)) - Started @49721ms
2019-09-12 10:09:38,785 [main] INFO  server.BaseHttpServer (BaseHttpServer.java:updateConnectorAddress(213)) - HTTP server of HDDSDATANODE is listening at http://0.0.0.0:38409
2019-09-12 10:09:38,924 | INFO  | ObjectStoreRestHttpServer | Listening HDDS REST traffic on /0.0.0.0:40248 |  
2019-09-12 10:09:38,924 [main] INFO  ozone.HddsDatanodeService (HddsDatanodeService.java:startPlugins(395)) - Started plug-in org.apache.hadoop.ozone.web.OzoneHddsDatanodeService@279c4e3b
2019-09-12 10:09:38,925 [main] INFO  ozone.MiniOzoneClusterImpl (MiniOzoneClusterImpl.java:lambda$waitForClusterToBeReady$0(142)) - Waiting for cluster to be ready. Got 0 of 3 DN Heartbeats.
2019-09-12 10:09:38,927 [org.apache.hadoop.util.JvmPauseMonitor$Monitor@7832b7bb] INFO  util.JvmPauseMonitor (JvmPauseMonitor.java:run(188)) - Starting JVM pause monitor
2019-09-12 10:09:38,931 [Datanode State Machine Thread - 0] INFO  datanode.InitDatanodeState (InitDatanodeState.java:persistContainerDatanodeDetails(140)) - DatanodeDetails is persisted to /workdir/hadoop-ozone/integration-test/target/test-dir/MiniOzoneClusterImpl-78812344-8fab-4fd2-b9e8-17e484e4ebaf/datanode-2/meta/datanode.id
2019-09-12 10:09:39,925 [main] INFO  ozone.MiniOzoneClusterImpl (MiniOzoneClusterImpl.java:lambda$waitForClusterToBeReady$0(142)) - Waiting for cluster to be ready. Got 0 of 3 DN Heartbeats.
2019-09-12 10:09:40,274 | INFO  | SCMAudit | user=jenkins1000 | ip=192.168.36.114 | op=GET_VERSION null | ret=SUCCESS |  
2019-09-12 10:09:40,320 [Datanode State Machine Thread - 0] INFO  ozoneimpl.OzoneContainer (OzoneContainer.java:start(186)) - Attempting to start container services.
2019-09-12 10:09:40,320 [Datanode State Machine Thread - 0] INFO  ozoneimpl.OzoneContainer (OzoneContainer.java:startContainerScrub(160)) - Background container scrubber has been disabled by hdds.containerscrub.enabled
2019-09-12 10:09:40,320 [Datanode State Machine Thread - 0] INFO  ratis.XceiverServerRatis (XceiverServerRatis.java:start(404)) - Starting XceiverServerRatis b4fa19d3-07c4-4b3e-bf1c-08edd6479ca2 at port 0
2019-09-12 10:09:40,328 [Datanode State Machine Thread - 0] INFO  impl.RaftServerProxy (RaftServerProxy.java:lambda$start$3(299)) - b4fa19d3-07c4-4b3e-bf1c-08edd6479ca2: start RPC server
2019-09-12 10:09:40,332 [Datanode State Machine Thread - 0] INFO  server.GrpcService (GrpcService.java:startImpl(149)) - b4fa19d3-07c4-4b3e-bf1c-08edd6479ca2: GrpcService started, listening on 0.0.0.0/0.0.0.0:40911
2019-09-12 10:09:40,332 [Datanode State Machine Thread - 0] INFO  ratis.XceiverServerRatis (XceiverServerRatis.java:start(414)) - XceiverServerRatis b4fa19d3-07c4-4b3e-bf1c-08edd6479ca2 is started using port 40911
2019-09-12 10:09:40,333 [Datanode State Machine Thread - 0] INFO  server.XceiverServerGrpc (XceiverServerGrpc.java:start(163)) - XceiverServerGrpc b4fa19d3-07c4-4b3e-bf1c-08edd6479ca2 is started using port 35498
2019-09-12 10:09:40,485 | INFO  | SCMAudit | user=jenkins1000 | ip=192.168.36.114 | op=GET_VERSION null | ret=SUCCESS |  
2019-09-12 10:09:40,552 [Datanode State Machine Thread - 0] INFO  ozoneimpl.OzoneContainer (OzoneContainer.java:start(186)) - Attempting to start container services.
2019-09-12 10:09:40,552 [Datanode State Machine Thread - 0] INFO  ozoneimpl.OzoneContainer (OzoneContainer.java:startContainerScrub(160)) - Background container scrubber has been disabled by hdds.containerscrub.enabled
2019-09-12 10:09:40,553 [Datanode State Machine Thread - 0] INFO  ratis.XceiverServerRatis (XceiverServerRatis.java:start(404)) - Starting XceiverServerRatis 327069ba-886f-4aa6-8546-b1f43ae7c0e4 at port 0
2019-09-12 10:09:40,560 [Datanode State Machine Thread - 0] INFO  impl.RaftServerProxy (RaftServerProxy.java:lambda$start$3(299)) - 327069ba-886f-4aa6-8546-b1f43ae7c0e4: start RPC server
2019-09-12 10:09:40,561 [Datanode State Machine Thread - 0] INFO  server.GrpcService (GrpcService.java:startImpl(149)) - 327069ba-886f-4aa6-8546-b1f43ae7c0e4: GrpcService started, listening on 0.0.0.0/0.0.0.0:34487
2019-09-12 10:09:40,561 [Datanode State Machine Thread - 0] INFO  ratis.XceiverServerRatis (XceiverServerRatis.java:start(414)) - XceiverServerRatis 327069ba-886f-4aa6-8546-b1f43ae7c0e4 is started using port 34487
2019-09-12 10:09:40,562 [Datanode State Machine Thread - 0] INFO  server.XceiverServerGrpc (XceiverServerGrpc.java:start(163)) - XceiverServerGrpc 327069ba-886f-4aa6-8546-b1f43ae7c0e4 is started using port 35009
2019-09-12 10:09:40,926 [main] INFO  ozone.MiniOzoneClusterImpl (MiniOzoneClusterImpl.java:lambda$waitForClusterToBeReady$0(142)) - Waiting for cluster to be ready. Got 0 of 3 DN Heartbeats.
2019-09-12 10:09:40,930 | INFO  | SCMAudit | user=jenkins1000 | ip=192.168.36.114 | op=GET_VERSION null | ret=SUCCESS |  
2019-09-12 10:09:40,966 [Datanode State Machine Thread - 0] INFO  ozoneimpl.OzoneContainer (OzoneContainer.java:start(186)) - Attempting to start container services.
2019-09-12 10:09:40,966 [Datanode State Machine Thread - 0] INFO  ozoneimpl.OzoneContainer (OzoneContainer.java:startContainerScrub(160)) - Background container scrubber has been disabled by hdds.containerscrub.enabled
2019-09-12 10:09:40,966 [Datanode State Machine Thread - 0] INFO  ratis.XceiverServerRatis (XceiverServerRatis.java:start(404)) - Starting XceiverServerRatis 607208f0-c8f5-40f1-9180-2e36f3e2d896 at port 0
2019-09-12 10:09:40,973 [Datanode State Machine Thread - 0] INFO  impl.RaftServerProxy (RaftServerProxy.java:lambda$start$3(299)) - 607208f0-c8f5-40f1-9180-2e36f3e2d896: start RPC server
2019-09-12 10:09:40,975 [Datanode State Machine Thread - 0] INFO  server.GrpcService (GrpcService.java:startImpl(149)) - 607208f0-c8f5-40f1-9180-2e36f3e2d896: GrpcService started, listening on 0.0.0.0/0.0.0.0:42135
2019-09-12 10:09:40,975 [Datanode State Machine Thread - 0] INFO  ratis.XceiverServerRatis (XceiverServerRatis.java:start(414)) - XceiverServerRatis 607208f0-c8f5-40f1-9180-2e36f3e2d896 is started using port 42135
2019-09-12 10:09:40,976 [Datanode State Machine Thread - 0] INFO  server.XceiverServerGrpc (XceiverServerGrpc.java:start(163)) - XceiverServerGrpc 607208f0-c8f5-40f1-9180-2e36f3e2d896 is started using port 39721
2019-09-12 10:09:41,927 [main] INFO  ozone.MiniOzoneClusterImpl (MiniOzoneClusterImpl.java:lambda$waitForClusterToBeReady$0(142)) - Waiting for cluster to be ready. Got 0 of 3 DN Heartbeats.
2019-09-12 10:09:42,274 [IPC Server handler 4 on 45947] INFO  net.NetworkTopology (NetworkTopologyImpl.java:add(110)) - Added a new node: /default-rack/b4fa19d3-07c4-4b3e-bf1c-08edd6479ca2
2019-09-12 10:09:42,277 [IPC Server handler 4 on 45947] INFO  node.SCMNodeManager (SCMNodeManager.java:register(273)) - Registered Data node : b4fa19d3-07c4-4b3e-bf1c-08edd6479ca2{ip: 192.168.36.114, host: pr-hdds-1569-58hkm-1881083799, networkLocation: /default-rack, certSerialId: null}
2019-09-12 10:09:42,278 [EventQueue-NodeRegistrationContainerReportForDataNodeSafeModeRule] INFO  safemode.SCMSafeModeManager (DataNodeSafeModeRule.java:process(71)) - SCM in safe mode. 1 DataNodes registered, 1 required.
2019-09-12 10:09:42,278 | INFO  | SCMAudit | user=jenkins1000 | ip=192.168.36.114 | op=REGISTER {datanodeDetails=b4fa19d3-07c4-4b3e-bf1c-08edd6479ca2{ip: 192.168.36.114, host: pr-hdds-1569-58hkm-1881083799, networkLocation: /default-rack, certSerialId: null}} | ret=SUCCESS |  
2019-09-12 10:09:42,280 [EventQueue-NodeRegistrationContainerReportForDataNodeSafeModeRule] INFO  safemode.SCMSafeModeManager (SCMSafeModeManager.java:validateSafeModeExitRules(177)) - ScmSafeModeManager, all rules are successfully validated
2019-09-12 10:09:42,280 [EventQueue-NodeRegistrationContainerReportForDataNodeSafeModeRule] INFO  safemode.SCMSafeModeManager (SCMSafeModeManager.java:exitSafeMode(193)) - SCM exiting safe mode.
2019-09-12 10:09:42,301 [grpc-default-executor-0] INFO  impl.RaftServerProxy (RaftServerProxy.java:addNew(89)) - b4fa19d3-07c4-4b3e-bf1c-08edd6479ca2: addNew group-AF14E6DDC896:[b4fa19d3-07c4-4b3e-bf1c-08edd6479ca2:192.168.36.114:40911] returns group-AF14E6DDC896:java.util.concurrent.CompletableFuture@58833fc4[Not completed]
2019-09-12 10:09:42,303 [pool-133-thread-1] INFO  impl.RaftServerImpl (RaftServerImpl.java:<init>(93)) - b4fa19d3-07c4-4b3e-bf1c-08edd6479ca2: new RaftServerImpl for group-AF14E6DDC896:[b4fa19d3-07c4-4b3e-bf1c-08edd6479ca2:192.168.36.114:40911] with ContainerStateMachine:uninitialized
2019-09-12 10:09:42,304 [pool-133-thread-1] INFO  server.RaftServerConfigKeys (ConfUtils.java:logGet(43)) - raft.server.rpc.timeout.min = 5s (custom)
2019-09-12 10:09:42,304 [pool-133-thread-1] INFO  server.RaftServerConfigKeys (ConfUtils.java:logGet(43)) - raft.server.rpc.timeout.max = 5200ms (custom)
2019-09-12 10:09:42,304 [pool-133-thread-1] INFO  server.RaftServerConfigKeys (ConfUtils.java:logGet(43)) - raft.server.rpcslowness.timeout = 120s (custom)
2019-09-12 10:09:42,304 [pool-133-thread-1] INFO  server.RaftServerConfigKeys (ConfUtils.java:logGet(43)) - raft.server.sleep.deviation.threshold = 300 (default)
2019-09-12 10:09:42,304 [pool-133-thread-1] INFO  server.RaftServerConfigKeys (ConfUtils.java:logGet(43)) - raft.server.log.appender.install.snapshot.enabled = false (custom)
2019-09-12 10:09:42,304 [pool-133-thread-1] INFO  impl.RaftServerImpl (ServerState.java:<init>(105)) - b4fa19d3-07c4-4b3e-bf1c-08edd6479ca2:group-AF14E6DDC896 ConfigurationManager, init=-1: [b4fa19d3-07c4-4b3e-bf1c-08edd6479ca2:192.168.36.114:40911], old=null, confs=<EMPTY_MAP>
2019-09-12 10:09:42,305 [pool-133-thread-1] INFO  server.RaftServerConfigKeys (ConfUtils.java:logGet(43)) - raft.server.storage.dir = [/workdir/hadoop-ozone/integration-test/target/test-dir/MiniOzoneClusterImpl-78812344-8fab-4fd2-b9e8-17e484e4ebaf/datanode-0/data/ratis] (custom)
2019-09-12 10:09:42,305 [pool-133-thread-1] INFO  storage.RaftStorageDirectory (RaftStorageDirectory.java:analyzeStorage(246)) - The storage directory /workdir/hadoop-ozone/integration-test/target/test-dir/MiniOzoneClusterImpl-78812344-8fab-4fd2-b9e8-17e484e4ebaf/datanode-0/data/ratis/469c6576-8a9d-4084-83e7-af14e6ddc896 does not exist. Creating ...
2019-09-12 10:09:42,318 [pool-133-thread-1] INFO  storage.RaftStorageDirectory (RaftStorageDirectory.java:tryLock(328)) - Lock on /workdir/hadoop-ozone/integration-test/target/test-dir/MiniOzoneClusterImpl-78812344-8fab-4fd2-b9e8-17e484e4ebaf/datanode-0/data/ratis/469c6576-8a9d-4084-83e7-af14e6ddc896/in_use.lock acquired by nodename 2537@pr-hdds-1569-58hkm-1881083799
2019-09-12 10:09:42,331 [pool-133-thread-1] INFO  storage.RaftStorage (RaftStorage.java:format(72)) - Storage directory /workdir/hadoop-ozone/integration-test/target/test-dir/MiniOzoneClusterImpl-78812344-8fab-4fd2-b9e8-17e484e4ebaf/datanode-0/data/ratis/469c6576-8a9d-4084-83e7-af14e6ddc896 has been successfully formatted.
2019-09-12 10:09:42,332 [pool-133-thread-1] INFO  ratis.ContainerStateMachine (ContainerStateMachine.java:loadSnapshot(226)) - group-AF14E6DDC896: The snapshot info is null. Setting the last applied indexto:(t:0, i:~)
2019-09-12 10:09:42,332 [pool-133-thread-1] INFO  server.RaftServerConfigKeys (ConfUtils.java:logGet(43)) - raft.server.leader.election.timeout = 120s (custom)
2019-09-12 10:09:42,332 [pool-133-thread-1] INFO  server.RaftServerConfigKeys (ConfUtils.java:logGet(43)) - raft.server.log.use.memory = false (default)
2019-09-12 10:09:42,332 [pool-133-thread-1] INFO  server.RaftServerConfigKeys (ConfUtils.java:logGet(43)) - raft.server.log.purge.gap = 1000000 (custom)
2019-09-12 10:09:42,332 [pool-133-thread-1] INFO  server.RaftServerConfigKeys (ConfUtils.java:logGet(43)) - raft.server.log.appender.buffer.byte-limit = 33554432 (custom)
2019-09-12 10:09:42,333 [pool-133-thread-1] INFO  server.RaftServerConfigKeys (ConfUtils.java:logGet(43)) - raft.server.log.segment.size.max = 1048576 (custom)
2019-09-12 10:09:42,333 [pool-133-thread-1] INFO  server.RaftServerConfigKeys (ConfUtils.java:logGet(43)) - raft.server.log.segment.cache.num.max = 2 (custom)
2019-09-12 10:09:42,333 [pool-133-thread-1] INFO  segmented.SegmentedRaftLogWorker (SegmentedRaftLogWorker.java:<init>(172)) - new b4fa19d3-07c4-4b3e-bf1c-08edd6479ca2-SegmentedRaftLogWorker:Storage Directory /workdir/hadoop-ozone/integration-test/target/test-dir/MiniOzoneClusterImpl-78812344-8fab-4fd2-b9e8-17e484e4ebaf/datanode-0/data/ratis/469c6576-8a9d-4084-83e7-af14e6ddc896 for RaftStorage:Storage Directory /workdir/hadoop-ozone/integration-test/target/test-dir/MiniOzoneClusterImpl-78812344-8fab-4fd2-b9e8-17e484e4ebaf/datanode-0/data/ratis/469c6576-8a9d-4084-83e7-af14e6ddc896
2019-09-12 10:09:42,333 [pool-133-thread-1] INFO  server.RaftServerConfigKeys (ConfUtils.java:logGet(43)) - raft.server.log.queue.byte-limit = 2147483647 (custom)
2019-09-12 10:09:42,333 [pool-133-thread-1] INFO  server.RaftServerConfigKeys (ConfUtils.java:logGet(43)) - raft.server.log.queue.element-limit = 1024 (custom)
2019-09-12 10:09:42,334 [pool-133-thread-1] INFO  server.RaftServerConfigKeys (ConfUtils.java:logGet(43)) - raft.server.log.segment.size.max = 1048576 (custom)
2019-09-12 10:09:42,334 [pool-133-thread-1] INFO  server.RaftServerConfigKeys (ConfUtils.java:logGet(43)) - raft.server.log.preallocated.size = 16384 (custom)
2019-09-12 10:09:42,334 [pool-133-thread-1] INFO  server.RaftServerConfigKeys (ConfUtils.java:logGet(43)) - raft.server.log.write.buffer.size = 33554432 (custom)
2019-09-12 10:09:42,334 [pool-133-thread-1] INFO  server.RaftServerConfigKeys (ConfUtils.java:logGet(43)) - raft.server.log.force.sync.num = 128 (default)
2019-09-12 10:09:42,334 [pool-133-thread-1] INFO  server.RaftServerConfigKeys (ConfUtils.java:logGet(43)) - raft.server.log.statemachine.data.sync = true (default)
2019-09-12 10:09:42,334 [pool-133-thread-1] INFO  server.RaftServerConfigKeys (ConfUtils.java:logGet(43)) - raft.server.log.statemachine.data.sync.timeout = 10s (default)
2019-09-12 10:09:42,334 [pool-133-thread-1] INFO  server.RaftServerConfigKeys (ConfUtils.java:logGet(43)) - raft.server.log.statemachine.data.sync.timeout.retry = -1 (default)
2019-09-12 10:09:42,335 [pool-133-thread-1] INFO  server.RaftServerConfigKeys (ConfUtils.java:logGet(43)) - raft.server.log.statemachine.data.caching.enabled = true (custom)
2019-09-12 10:09:42,335 [pool-133-thread-1] INFO  segmented.SegmentedRaftLogWorker (SegmentedRaftLogWorker.java:lambda$new$0(132)) - b4fa19d3-07c4-4b3e-bf1c-08edd6479ca2-SegmentedRaftLogWorker:Storage Directory /workdir/hadoop-ozone/integration-test/target/test-dir/MiniOzoneClusterImpl-78812344-8fab-4fd2-b9e8-17e484e4ebaf/datanode-0/data/ratis/469c6576-8a9d-4084-83e7-af14e6ddc896: flushIndex: setUnconditionally 0 -> -1
2019-09-12 10:09:42,335 [pool-133-thread-1] INFO  server.RaftServerConfigKeys (ConfUtils.java:logGet(43)) - raft.server.snapshot.auto.trigger.enabled = true (custom)
2019-09-12 10:09:42,335 [pool-133-thread-1] INFO  server.RaftServerConfigKeys (ConfUtils.java:logGet(43)) - raft.server.snapshot.auto.trigger.threshold = 10000 (custom)
2019-09-12 10:09:42,336 [pool-133-thread-1] INFO  server.RaftServerConfigKeys (ConfUtils.java:logGet(43)) - raft.server.retrycache.expirytime = 600000ms (custom)
2019-09-12 10:09:42,336 [pool-133-thread-1] INFO  impl.RaftServerImpl (RaftServerImpl.java:start(180)) - b4fa19d3-07c4-4b3e-bf1c-08edd6479ca2: start group-AF14E6DDC896
2019-09-12 10:09:42,336 [pool-133-thread-1] INFO  impl.RaftServerImpl (RaftServerImpl.java:setRole(171)) - b4fa19d3-07c4-4b3e-bf1c-08edd6479ca2:group-AF14E6DDC896 changes role from null to FOLLOWER at term 0 for startAsFollower
2019-09-12 10:09:42,336 [pool-133-thread-1] INFO  impl.RoleInfo (RoleInfo.java:updateAndGet(143)) - b4fa19d3-07c4-4b3e-bf1c-08edd6479ca2: start FollowerState
2019-09-12 10:09:42,337 [pool-133-thread-1] INFO  util.JmxRegister (JmxRegister.java:tryRegister(44)) - Successfully registered JMX Bean with object name Ratis:service=RaftServer,group=group-AF14E6DDC896,id=b4fa19d3-07c4-4b3e-bf1c-08edd6479ca2
2019-09-12 10:09:42,361 [RatisPipelineUtilsThread] INFO  pipeline.PipelineStateManager (PipelineStateManager.java:addPipeline(56)) - Created pipeline Pipeline[ Id: 469c6576-8a9d-4084-83e7-af14e6ddc896, Nodes: b4fa19d3-07c4-4b3e-bf1c-08edd6479ca2{ip: 192.168.36.114, host: pr-hdds-1569-58hkm-1881083799, networkLocation: /default-rack, certSerialId: null}, Type:RATIS, Factor:ONE, State:OPEN]
2019-09-12 10:09:42,370 [grpc-default-executor-0] INFO  impl.RaftServerProxy (RaftServerProxy.java:addNew(89)) - b4fa19d3-07c4-4b3e-bf1c-08edd6479ca2: addNew group-846A8403C02A:[b4fa19d3-07c4-4b3e-bf1c-08edd6479ca2:192.168.36.114:40911] returns group-846A8403C02A:java.util.concurrent.CompletableFuture@69110362[Not completed]
2019-09-12 10:09:42,371 [pool-133-thread-1] INFO  impl.RaftServerImpl (RaftServerImpl.java:<init>(93)) - b4fa19d3-07c4-4b3e-bf1c-08edd6479ca2: new RaftServerImpl for group-846A8403C02A:[b4fa19d3-07c4-4b3e-bf1c-08edd6479ca2:192.168.36.114:40911] with ContainerStateMachine:uninitialized
2019-09-12 10:09:42,371 [pool-133-thread-1] INFO  server.RaftServerConfigKeys (ConfUtils.java:logGet(43)) - raft.server.rpc.timeout.min = 5s (custom)
2019-09-12 10:09:42,371 [pool-133-thread-1] INFO  server.RaftServerConfigKeys (ConfUtils.java:logGet(43)) - raft.server.rpc.timeout.max = 5200ms (custom)
2019-09-12 10:09:42,371 [pool-133-thread-1] INFO  server.RaftServerConfigKeys (ConfUtils.java:logGet(43)) - raft.server.rpcslowness.timeout = 120s (custom)
2019-09-12 10:09:42,371 [pool-133-thread-1] INFO  server.RaftServerConfigKeys (ConfUtils.java:logGet(43)) - raft.server.sleep.deviation.threshold = 300 (default)
2019-09-12 10:09:42,371 [pool-133-thread-1] INFO  server.RaftServerConfigKeys (ConfUtils.java:logGet(43)) - raft.server.log.appender.install.snapshot.enabled = false (custom)
2019-09-12 10:09:42,372 [pool-133-thread-1] INFO  impl.RaftServerImpl (ServerState.java:<init>(105)) - b4fa19d3-07c4-4b3e-bf1c-08edd6479ca2:group-846A8403C02A ConfigurationManager, init=-1: [b4fa19d3-07c4-4b3e-bf1c-08edd6479ca2:192.168.36.114:40911], old=null, confs=<EMPTY_MAP>
2019-09-12 10:09:42,372 [pool-133-thread-1] INFO  server.RaftServerConfigKeys (ConfUtils.java:logGet(43)) - raft.server.storage.dir = [/workdir/hadoop-ozone/integration-test/target/test-dir/MiniOzoneClusterImpl-78812344-8fab-4fd2-b9e8-17e484e4ebaf/datanode-0/data/ratis] (custom)
2019-09-12 10:09:42,372 [pool-133-thread-1] INFO  storage.RaftStorageDirectory (RaftStorageDirectory.java:analyzeStorage(246)) - The storage directory /workdir/hadoop-ozone/integration-test/target/test-dir/MiniOzoneClusterImpl-78812344-8fab-4fd2-b9e8-17e484e4ebaf/datanode-0/data/ratis/cf5c5953-4bbc-4702-aeb2-846a8403c02a does not exist. Creating ...
2019-09-12 10:09:42,377 [pool-133-thread-1] INFO  storage.RaftStorageDirectory (RaftStorageDirectory.java:tryLock(328)) - Lock on /workdir/hadoop-ozone/integration-test/target/test-dir/MiniOzoneClusterImpl-78812344-8fab-4fd2-b9e8-17e484e4ebaf/datanode-0/data/ratis/cf5c5953-4bbc-4702-aeb2-846a8403c02a/in_use.lock acquired by nodename 2537@pr-hdds-1569-58hkm-1881083799
2019-09-12 10:09:42,401 [pool-133-thread-1] INFO  storage.RaftStorage (RaftStorage.java:format(72)) - Storage directory /workdir/hadoop-ozone/integration-test/target/test-dir/MiniOzoneClusterImpl-78812344-8fab-4fd2-b9e8-17e484e4ebaf/datanode-0/data/ratis/cf5c5953-4bbc-4702-aeb2-846a8403c02a has been successfully formatted.
2019-09-12 10:09:42,401 [pool-133-thread-1] INFO  ratis.ContainerStateMachine (ContainerStateMachine.java:loadSnapshot(226)) - group-846A8403C02A: The snapshot info is null. Setting the last applied indexto:(t:0, i:~)
2019-09-12 10:09:42,401 [pool-133-thread-1] INFO  server.RaftServerConfigKeys (ConfUtils.java:logGet(43)) - raft.server.leader.election.timeout = 120s (custom)
2019-09-12 10:09:42,401 [pool-133-thread-1] INFO  server.RaftServerConfigKeys (ConfUtils.java:logGet(43)) - raft.server.log.use.memory = false (default)
2019-09-12 10:09:42,401 [pool-133-thread-1] INFO  server.RaftServerConfigKeys (ConfUtils.java:logGet(43)) - raft.server.log.purge.gap = 1000000 (custom)
2019-09-12 10:09:42,401 [pool-133-thread-1] INFO  server.RaftServerConfigKeys (ConfUtils.java:logGet(43)) - raft.server.log.appender.buffer.byte-limit = 33554432 (custom)
2019-09-12 10:09:42,401 [pool-133-thread-1] INFO  server.RaftServerConfigKeys (ConfUtils.java:logGet(43)) - raft.server.log.segment.size.max = 1048576 (custom)
2019-09-12 10:09:42,402 [pool-133-thread-1] INFO  server.RaftServerConfigKeys (ConfUtils.java:logGet(43)) - raft.server.log.segment.cache.num.max = 2 (custom)
2019-09-12 10:09:42,402 [pool-133-thread-1] INFO  segmented.SegmentedRaftLogWorker (SegmentedRaftLogWorker.java:<init>(172)) - new b4fa19d3-07c4-4b3e-bf1c-08edd6479ca2-SegmentedRaftLogWorker:Storage Directory /workdir/hadoop-ozone/integration-test/target/test-dir/MiniOzoneClusterImpl-78812344-8fab-4fd2-b9e8-17e484e4ebaf/datanode-0/data/ratis/cf5c5953-4bbc-4702-aeb2-846a8403c02a for RaftStorage:Storage Directory /workdir/hadoop-ozone/integration-test/target/test-dir/MiniOzoneClusterImpl-78812344-8fab-4fd2-b9e8-17e484e4ebaf/datanode-0/data/ratis/cf5c5953-4bbc-4702-aeb2-846a8403c02a
2019-09-12 10:09:42,402 [pool-133-thread-1] INFO  server.RaftServerConfigKeys (ConfUtils.java:logGet(43)) - raft.server.log.queue.byte-limit = 2147483647 (custom)
2019-09-12 10:09:42,402 [pool-133-thread-1] INFO  server.RaftServerConfigKeys (ConfUtils.java:logGet(43)) - raft.server.log.queue.element-limit = 1024 (custom)
2019-09-12 10:09:42,402 [pool-133-thread-1] INFO  server.RaftServerConfigKeys (ConfUtils.java:logGet(43)) - raft.server.log.segment.size.max = 1048576 (custom)
2019-09-12 10:09:42,402 [pool-133-thread-1] INFO  server.RaftServerConfigKeys (ConfUtils.java:logGet(43)) - raft.server.log.preallocated.size = 16384 (custom)
2019-09-12 10:09:42,402 [pool-133-thread-1] INFO  server.RaftServerConfigKeys (ConfUtils.java:logGet(43)) - raft.server.log.write.buffer.size = 33554432 (custom)
2019-09-12 10:09:42,402 [pool-133-thread-1] INFO  server.RaftServerConfigKeys (ConfUtils.java:logGet(43)) - raft.server.log.force.sync.num = 128 (default)
2019-09-12 10:09:42,402 [pool-133-thread-1] INFO  server.RaftServerConfigKeys (ConfUtils.java:logGet(43)) - raft.server.log.statemachine.data.sync = true (default)
2019-09-12 10:09:42,402 [pool-133-thread-1] INFO  server.RaftServerConfigKeys (ConfUtils.java:logGet(43)) - raft.server.log.statemachine.data.sync.timeout = 10s (default)
2019-09-12 10:09:42,403 [pool-133-thread-1] INFO  server.RaftServerConfigKeys (ConfUtils.java:logGet(43)) - raft.server.log.statemachine.data.sync.timeout.retry = -1 (default)
2019-09-12 10:09:42,403 [pool-133-thread-1] INFO  server.RaftServerConfigKeys (ConfUtils.java:logGet(43)) - raft.server.log.statemachine.data.caching.enabled = true (custom)
2019-09-12 10:09:42,403 [pool-133-thread-1] INFO  segmented.SegmentedRaftLogWorker (SegmentedRaftLogWorker.java:lambda$new$0(132)) - b4fa19d3-07c4-4b3e-bf1c-08edd6479ca2-SegmentedRaftLogWorker:Storage Directory /workdir/hadoop-ozone/integration-test/target/test-dir/MiniOzoneClusterImpl-78812344-8fab-4fd2-b9e8-17e484e4ebaf/datanode-0/data/ratis/cf5c5953-4bbc-4702-aeb2-846a8403c02a: flushIndex: setUnconditionally 0 -> -1
2019-09-12 10:09:42,403 [pool-133-thread-1] INFO  server.RaftServerConfigKeys (ConfUtils.java:logGet(43)) - raft.server.snapshot.auto.trigger.enabled = true (custom)
2019-09-12 10:09:42,403 [pool-133-thread-1] INFO  server.RaftServerConfigKeys (ConfUtils.java:logGet(43)) - raft.server.snapshot.auto.trigger.threshold = 10000 (custom)
2019-09-12 10:09:42,403 [pool-133-thread-1] INFO  server.RaftServerConfigKeys (ConfUtils.java:logGet(43)) - raft.server.retrycache.expirytime = 600000ms (custom)
2019-09-12 10:09:42,404 [pool-133-thread-1] INFO  impl.RaftServerImpl (RaftServerImpl.java:start(180)) - b4fa19d3-07c4-4b3e-bf1c-08edd6479ca2: start group-846A8403C02A
2019-09-12 10:09:42,404 [pool-133-thread-1] INFO  impl.RaftServerImpl (RaftServerImpl.java:setRole(171)) - b4fa19d3-07c4-4b3e-bf1c-08edd6479ca2:group-846A8403C02A changes role from null to FOLLOWER at term 0 for startAsFollower
2019-09-12 10:09:42,404 [pool-133-thread-1] INFO  impl.RoleInfo (RoleInfo.java:updateAndGet(143)) - b4fa19d3-07c4-4b3e-bf1c-08edd6479ca2: start FollowerState
2019-09-12 10:09:42,404 [pool-133-thread-1] INFO  util.JmxRegister (JmxRegister.java:tryRegister(44)) - Successfully registered JMX Bean with object name Ratis:service=RaftServer,group=group-846A8403C02A,id=b4fa19d3-07c4-4b3e-bf1c-08edd6479ca2
2019-09-12 10:09:42,409 [RatisPipelineUtilsThread] INFO  pipeline.PipelineStateManager (PipelineStateManager.java:addPipeline(56)) - Created pipeline Pipeline[ Id: cf5c5953-4bbc-4702-aeb2-846a8403c02a, Nodes: b4fa19d3-07c4-4b3e-bf1c-08edd6479ca2{ip: 192.168.36.114, host: pr-hdds-1569-58hkm-1881083799, networkLocation: /default-rack, certSerialId: null}, Type:RATIS, Factor:ONE, State:OPEN]
2019-09-12 10:09:42,427 [grpc-default-executor-0] INFO  impl.RaftServerProxy (RaftServerProxy.java:addNew(89)) - b4fa19d3-07c4-4b3e-bf1c-08edd6479ca2: addNew group-1E51110C5AAE:[b4fa19d3-07c4-4b3e-bf1c-08edd6479ca2:192.168.36.114:40911] returns group-1E51110C5AAE:java.util.concurrent.CompletableFuture@38acc08b[Not completed]
2019-09-12 10:09:42,430 [pool-133-thread-1] INFO  impl.RaftServerImpl (RaftServerImpl.java:<init>(93)) - b4fa19d3-07c4-4b3e-bf1c-08edd6479ca2: new RaftServerImpl for group-1E51110C5AAE:[b4fa19d3-07c4-4b3e-bf1c-08edd6479ca2:192.168.36.114:40911] with ContainerStateMachine:uninitialized
2019-09-12 10:09:42,430 [pool-133-thread-1] INFO  server.RaftServerConfigKeys (ConfUtils.java:logGet(43)) - raft.server.rpc.timeout.min = 5s (custom)
2019-09-12 10:09:42,430 [pool-133-thread-1] INFO  server.RaftServerConfigKeys (ConfUtils.java:logGet(43)) - raft.server.rpc.timeout.max = 5200ms (custom)
2019-09-12 10:09:42,430 [pool-133-thread-1] INFO  server.RaftServerConfigKeys (ConfUtils.java:logGet(43)) - raft.server.rpcslowness.timeout = 120s (custom)
2019-09-12 10:09:42,430 [pool-133-thread-1] INFO  server.RaftServerConfigKeys (ConfUtils.java:logGet(43)) - raft.server.sleep.deviation.threshold = 300 (default)
2019-09-12 10:09:42,430 [pool-133-thread-1] INFO  server.RaftServerConfigKeys (ConfUtils.java:logGet(43)) - raft.server.log.appender.install.snapshot.enabled = false (custom)
2019-09-12 10:09:42,431 [pool-133-thread-1] INFO  impl.RaftServerImpl (ServerState.java:<init>(105)) - b4fa19d3-07c4-4b3e-bf1c-08edd6479ca2:group-1E51110C5AAE ConfigurationManager, init=-1: [b4fa19d3-07c4-4b3e-bf1c-08edd6479ca2:192.168.36.114:40911], old=null, confs=<EMPTY_MAP>
2019-09-12 10:09:42,431 [pool-133-thread-1] INFO  server.RaftServerConfigKeys (ConfUtils.java:logGet(43)) - raft.server.storage.dir = [/workdir/hadoop-ozone/integration-test/target/test-dir/MiniOzoneClusterImpl-78812344-8fab-4fd2-b9e8-17e484e4ebaf/datanode-0/data/ratis] (custom)
2019-09-12 10:09:42,431 [pool-133-thread-1] INFO  storage.RaftStorageDirectory (RaftStorageDirectory.java:analyzeStorage(246)) - The storage directory /workdir/hadoop-ozone/integration-test/target/test-dir/MiniOzoneClusterImpl-78812344-8fab-4fd2-b9e8-17e484e4ebaf/datanode-0/data/ratis/31b77c4c-bdc3-4bc1-9cdc-1e51110c5aae does not exist. Creating ...
2019-09-12 10:09:42,485 [pool-133-thread-1] INFO  storage.RaftStorageDirectory (RaftStorageDirectory.java:tryLock(328)) - Lock on /workdir/hadoop-ozone/integration-test/target/test-dir/MiniOzoneClusterImpl-78812344-8fab-4fd2-b9e8-17e484e4ebaf/datanode-0/data/ratis/31b77c4c-bdc3-4bc1-9cdc-1e51110c5aae/in_use.lock acquired by nodename 2537@pr-hdds-1569-58hkm-1881083799
2019-09-12 10:09:42,487 [IPC Server handler 1 on 45947] INFO  net.NetworkTopology (NetworkTopologyImpl.java:add(110)) - Added a new node: /default-rack/327069ba-886f-4aa6-8546-b1f43ae7c0e4
2019-09-12 10:09:42,487 [IPC Server handler 1 on 45947] INFO  node.SCMNodeManager (SCMNodeManager.java:register(273)) - Registered Data node : 327069ba-886f-4aa6-8546-b1f43ae7c0e4{ip: 192.168.36.114, host: pr-hdds-1569-58hkm-1881083799, networkLocation: /default-rack, certSerialId: null}
2019-09-12 10:09:42,488 | INFO  | SCMAudit | user=jenkins1000 | ip=192.168.36.114 | op=REGISTER {datanodeDetails=327069ba-886f-4aa6-8546-b1f43ae7c0e4{ip: 192.168.36.114, host: pr-hdds-1569-58hkm-1881083799, networkLocation: /default-rack, certSerialId: null}} | ret=SUCCESS |  
2019-09-12 10:09:42,520 [pool-133-thread-1] INFO  storage.RaftStorage (RaftStorage.java:format(72)) - Storage directory /workdir/hadoop-ozone/integration-test/target/test-dir/MiniOzoneClusterImpl-78812344-8fab-4fd2-b9e8-17e484e4ebaf/datanode-0/data/ratis/31b77c4c-bdc3-4bc1-9cdc-1e51110c5aae has been successfully formatted.
2019-09-12 10:09:42,521 [pool-133-thread-1] INFO  ratis.ContainerStateMachine (ContainerStateMachine.java:loadSnapshot(226)) - group-1E51110C5AAE: The snapshot info is null. Setting the last applied indexto:(t:0, i:~)
2019-09-12 10:09:42,521 [pool-133-thread-1] INFO  server.RaftServerConfigKeys (ConfUtils.java:logGet(43)) - raft.server.leader.election.timeout = 120s (custom)
2019-09-12 10:09:42,521 [pool-133-thread-1] INFO  server.RaftServerConfigKeys (ConfUtils.java:logGet(43)) - raft.server.log.use.memory = false (default)
2019-09-12 10:09:42,521 [pool-133-thread-1] INFO  server.RaftServerConfigKeys (ConfUtils.java:logGet(43)) - raft.server.log.purge.gap = 1000000 (custom)
2019-09-12 10:09:42,521 [pool-133-thread-1] INFO  server.RaftServerConfigKeys (ConfUtils.java:logGet(43)) - raft.server.log.appender.buffer.byte-limit = 33554432 (custom)
2019-09-12 10:09:42,522 [pool-133-thread-1] INFO  server.RaftServerConfigKeys (ConfUtils.java:logGet(43)) - raft.server.log.segment.size.max = 1048576 (custom)
2019-09-12 10:09:42,522 [pool-133-thread-1] INFO  server.RaftServerConfigKeys (ConfUtils.java:logGet(43)) - raft.server.log.segment.cache.num.max = 2 (custom)
2019-09-12 10:09:42,522 [pool-133-thread-1] INFO  segmented.SegmentedRaftLogWorker (SegmentedRaftLogWorker.java:<init>(172)) - new b4fa19d3-07c4-4b3e-bf1c-08edd6479ca2-SegmentedRaftLogWorker:Storage Directory /workdir/hadoop-ozone/integration-test/target/test-dir/MiniOzoneClusterImpl-78812344-8fab-4fd2-b9e8-17e484e4ebaf/datanode-0/data/ratis/31b77c4c-bdc3-4bc1-9cdc-1e51110c5aae for RaftStorage:Storage Directory /workdir/hadoop-ozone/integration-test/target/test-dir/MiniOzoneClusterImpl-78812344-8fab-4fd2-b9e8-17e484e4ebaf/datanode-0/data/ratis/31b77c4c-bdc3-4bc1-9cdc-1e51110c5aae
2019-09-12 10:09:42,522 [pool-133-thread-1] INFO  server.RaftServerConfigKeys (ConfUtils.java:logGet(43)) - raft.server.log.queue.byte-limit = 2147483647 (custom)
2019-09-12 10:09:42,522 [pool-133-thread-1] INFO  server.RaftServerConfigKeys (ConfUtils.java:logGet(43)) - raft.server.log.queue.element-limit = 1024 (custom)
2019-09-12 10:09:42,522 [pool-133-thread-1] INFO  server.RaftServerConfigKeys (ConfUtils.java:logGet(43)) - raft.server.log.segment.size.max = 1048576 (custom)
2019-09-12 10:09:42,522 [pool-133-thread-1] INFO  server.RaftServerConfigKeys (ConfUtils.java:logGet(43)) - raft.server.log.preallocated.size = 16384 (custom)
2019-09-12 10:09:42,523 [pool-133-thread-1] INFO  server.RaftServerConfigKeys (ConfUtils.java:logGet(43)) - raft.server.log.write.buffer.size = 33554432 (custom)
2019-09-12 10:09:42,523 [pool-133-thread-1] INFO  server.RaftServerConfigKeys (ConfUtils.java:logGet(43)) - raft.server.log.force.sync.num = 128 (default)
2019-09-12 10:09:42,523 [pool-133-thread-1] INFO  server.RaftServerConfigKeys (ConfUtils.java:logGet(43)) - raft.server.log.statemachine.data.sync = true (default)
2019-09-12 10:09:42,523 [pool-133-thread-1] INFO  server.RaftServerConfigKeys (ConfUtils.java:logGet(43)) - raft.server.log.statemachine.data.sync.timeout = 10s (default)
2019-09-12 10:09:42,523 [pool-133-thread-1] INFO  server.RaftServerConfigKeys (ConfUtils.java:logGet(43)) - raft.server.log.statemachine.data.sync.timeout.retry = -1 (default)
2019-09-12 10:09:42,523 [pool-133-thread-1] INFO  server.RaftServerConfigKeys (ConfUtils.java:logGet(43)) - raft.server.log.statemachine.data.caching.enabled = true (custom)
2019-09-12 10:09:42,524 [pool-133-thread-1] INFO  segmented.SegmentedRaftLogWorker (SegmentedRaftLogWorker.java:lambda$new$0(132)) - b4fa19d3-07c4-4b3e-bf1c-08edd6479ca2-SegmentedRaftLogWorker:Storage Directory /workdir/hadoop-ozone/integration-test/target/test-dir/MiniOzoneClusterImpl-78812344-8fab-4fd2-b9e8-17e484e4ebaf/datanode-0/data/ratis/31b77c4c-bdc3-4bc1-9cdc-1e51110c5aae: flushIndex: setUnconditionally 0 -> -1
2019-09-12 10:09:42,524 [pool-133-thread-1] INFO  server.RaftServerConfigKeys (ConfUtils.java:logGet(43)) - raft.server.snapshot.auto.trigger.enabled = true (custom)
2019-09-12 10:09:42,524 [pool-133-thread-1] INFO  server.RaftServerConfigKeys (ConfUtils.java:logGet(43)) - raft.server.snapshot.auto.trigger.threshold = 10000 (custom)
2019-09-12 10:09:42,524 [pool-133-thread-1] INFO  server.RaftServerConfigKeys (ConfUtils.java:logGet(43)) - raft.server.retrycache.expirytime = 600000ms (custom)
2019-09-12 10:09:42,525 [pool-133-thread-1] INFO  impl.RaftServerImpl (RaftServerImpl.java:start(180)) - b4fa19d3-07c4-4b3e-bf1c-08edd6479ca2: start group-1E51110C5AAE
2019-09-12 10:09:42,525 [pool-133-thread-1] INFO  impl.RaftServerImpl (RaftServerImpl.java:setRole(171)) - b4fa19d3-07c4-4b3e-bf1c-08edd6479ca2:group-1E51110C5AAE changes role from null to FOLLOWER at term 0 for startAsFollower
2019-09-12 10:09:42,525 [pool-133-thread-1] INFO  impl.RoleInfo (RoleInfo.java:updateAndGet(143)) - b4fa19d3-07c4-4b3e-bf1c-08edd6479ca2: start FollowerState
2019-09-12 10:09:42,526 [pool-133-thread-1] INFO  util.JmxRegister (JmxRegister.java:tryRegister(44)) - Successfully registered JMX Bean with object name Ratis:service=RaftServer,group=group-1E51110C5AAE,id=b4fa19d3-07c4-4b3e-bf1c-08edd6479ca2
2019-09-12 10:09:42,531 [RatisPipelineUtilsThread] INFO  pipeline.PipelineStateManager (PipelineStateManager.java:addPipeline(56)) - Created pipeline Pipeline[ Id: 31b77c4c-bdc3-4bc1-9cdc-1e51110c5aae, Nodes: b4fa19d3-07c4-4b3e-bf1c-08edd6479ca2{ip: 192.168.36.114, host: pr-hdds-1569-58hkm-1881083799, networkLocation: /default-rack, certSerialId: null}, Type:RATIS, Factor:ONE, State:OPEN]
2019-09-12 10:09:42,548 [grpc-default-executor-0] INFO  impl.RaftServerProxy (RaftServerProxy.java:addNew(89)) - b4fa19d3-07c4-4b3e-bf1c-08edd6479ca2: addNew group-641F35863280:[b4fa19d3-07c4-4b3e-bf1c-08edd6479ca2:192.168.36.114:40911] returns group-641F35863280:java.util.concurrent.CompletableFuture@1e93754a[Not completed]
2019-09-12 10:09:42,549 [pool-133-thread-1] INFO  impl.RaftServerImpl (RaftServerImpl.java:<init>(93)) - b4fa19d3-07c4-4b3e-bf1c-08edd6479ca2: new RaftServerImpl for group-641F35863280:[b4fa19d3-07c4-4b3e-bf1c-08edd6479ca2:192.168.36.114:40911] with ContainerStateMachine:uninitialized
2019-09-12 10:09:42,549 [pool-133-thread-1] INFO  server.RaftServerConfigKeys (ConfUtils.java:logGet(43)) - raft.server.rpc.timeout.min = 5s (custom)
2019-09-12 10:09:42,549 [pool-133-thread-1] INFO  server.RaftServerConfigKeys (ConfUtils.java:logGet(43)) - raft.server.rpc.timeout.max = 5200ms (custom)
2019-09-12 10:09:42,549 [pool-133-thread-1] INFO  server.RaftServerConfigKeys (ConfUtils.java:logGet(43)) - raft.server.rpcslowness.timeout = 120s (custom)
2019-09-12 10:09:42,549 [pool-133-thread-1] INFO  server.RaftServerConfigKeys (ConfUtils.java:logGet(43)) - raft.server.sleep.deviation.threshold = 300 (default)
2019-09-12 10:09:42,549 [pool-133-thread-1] INFO  server.RaftServerConfigKeys (ConfUtils.java:logGet(43)) - raft.server.log.appender.install.snapshot.enabled = false (custom)
2019-09-12 10:09:42,549 [pool-133-thread-1] INFO  impl.RaftServerImpl (ServerState.java:<init>(105)) - b4fa19d3-07c4-4b3e-bf1c-08edd6479ca2:group-641F35863280 ConfigurationManager, init=-1: [b4fa19d3-07c4-4b3e-bf1c-08edd6479ca2:192.168.36.114:40911], old=null, confs=<EMPTY_MAP>
2019-09-12 10:09:42,550 [pool-133-thread-1] INFO  server.RaftServerConfigKeys (ConfUtils.java:logGet(43)) - raft.server.storage.dir = [/workdir/hadoop-ozone/integration-test/target/test-dir/MiniOzoneClusterImpl-78812344-8fab-4fd2-b9e8-17e484e4ebaf/datanode-0/data/ratis] (custom)
2019-09-12 10:09:42,550 [pool-133-thread-1] INFO  storage.RaftStorageDirectory (RaftStorageDirectory.java:analyzeStorage(246)) - The storage directory /workdir/hadoop-ozone/integration-test/target/test-dir/MiniOzoneClusterImpl-78812344-8fab-4fd2-b9e8-17e484e4ebaf/datanode-0/data/ratis/f7909b76-4bcd-4562-9f7d-641f35863280 does not exist. Creating ...
2019-09-12 10:09:42,615 [pool-133-thread-1] INFO  storage.RaftStorageDirectory (RaftStorageDirectory.java:tryLock(328)) - Lock on /workdir/hadoop-ozone/integration-test/target/test-dir/MiniOzoneClusterImpl-78812344-8fab-4fd2-b9e8-17e484e4ebaf/datanode-0/data/ratis/f7909b76-4bcd-4562-9f7d-641f35863280/in_use.lock acquired by nodename 2537@pr-hdds-1569-58hkm-1881083799
2019-09-12 10:09:42,636 [pool-133-thread-1] INFO  storage.RaftStorage (RaftStorage.java:format(72)) - Storage directory /workdir/hadoop-ozone/integration-test/target/test-dir/MiniOzoneClusterImpl-78812344-8fab-4fd2-b9e8-17e484e4ebaf/datanode-0/data/ratis/f7909b76-4bcd-4562-9f7d-641f35863280 has been successfully formatted.
2019-09-12 10:09:42,637 [pool-133-thread-1] INFO  ratis.ContainerStateMachine (ContainerStateMachine.java:loadSnapshot(226)) - group-641F35863280: The snapshot info is null. Setting the last applied indexto:(t:0, i:~)
2019-09-12 10:09:42,637 [pool-133-thread-1] INFO  server.RaftServerConfigKeys (ConfUtils.java:logGet(43)) - raft.server.leader.election.timeout = 120s (custom)
2019-09-12 10:09:42,637 [pool-133-thread-1] INFO  server.RaftServerConfigKeys (ConfUtils.java:logGet(43)) - raft.server.log.use.memory = false (default)
2019-09-12 10:09:42,637 [pool-133-thread-1] INFO  server.RaftServerConfigKeys (ConfUtils.java:logGet(43)) - raft.server.log.purge.gap = 1000000 (custom)
2019-09-12 10:09:42,637 [pool-133-thread-1] INFO  server.RaftServerConfigKeys (ConfUtils.java:logGet(43)) - raft.server.log.appender.buffer.byte-limit = 33554432 (custom)
2019-09-12 10:09:42,637 [pool-133-thread-1] INFO  server.RaftServerConfigKeys (ConfUtils.java:logGet(43)) - raft.server.log.segment.size.max = 1048576 (custom)
2019-09-12 10:09:42,637 [pool-133-thread-1] INFO  server.RaftServerConfigKeys (ConfUtils.java:logGet(43)) - raft.server.log.segment.cache.num.max = 2 (custom)
2019-09-12 10:09:42,638 [pool-133-thread-1] INFO  segmented.SegmentedRaftLogWorker (SegmentedRaftLogWorker.java:<init>(172)) - new b4fa19d3-07c4-4b3e-bf1c-08edd6479ca2-SegmentedRaftLogWorker:Storage Directory /workdir/hadoop-ozone/integration-test/target/test-dir/MiniOzoneClusterImpl-78812344-8fab-4fd2-b9e8-17e484e4ebaf/datanode-0/data/ratis/f7909b76-4bcd-4562-9f7d-641f35863280 for RaftStorage:Storage Directory /workdir/hadoop-ozone/integration-test/target/test-dir/MiniOzoneClusterImpl-78812344-8fab-4fd2-b9e8-17e484e4ebaf/datanode-0/data/ratis/f7909b76-4bcd-4562-9f7d-641f35863280
2019-09-12 10:09:42,638 [pool-133-thread-1] INFO  server.RaftServerConfigKeys (ConfUtils.java:logGet(43)) - raft.server.log.queue.byte-limit = 2147483647 (custom)
2019-09-12 10:09:42,638 [pool-133-thread-1] INFO  server.RaftServerConfigKeys (ConfUtils.java:logGet(43)) - raft.server.log.queue.element-limit = 1024 (custom)
2019-09-12 10:09:42,638 [pool-133-thread-1] INFO  server.RaftServerConfigKeys (ConfUtils.java:logGet(43)) - raft.server.log.segment.size.max = 1048576 (custom)
2019-09-12 10:09:42,638 [pool-133-thread-1] INFO  server.RaftServerConfigKeys (ConfUtils.java:logGet(43)) - raft.server.log.preallocated.size = 16384 (custom)
2019-09-12 10:09:42,638 [pool-133-thread-1] INFO  server.RaftServerConfigKeys (ConfUtils.java:logGet(43)) - raft.server.log.write.buffer.size = 33554432 (custom)
2019-09-12 10:09:42,638 [pool-133-thread-1] INFO  server.RaftServerConfigKeys (ConfUtils.java:logGet(43)) - raft.server.log.force.sync.num = 128 (default)
2019-09-12 10:09:42,638 [pool-133-thread-1] INFO  server.RaftServerConfigKeys (ConfUtils.java:logGet(43)) - raft.server.log.statemachine.data.sync = true (default)
2019-09-12 10:09:42,639 [pool-133-thread-1] INFO  server.RaftServerConfigKeys (ConfUtils.java:logGet(43)) - raft.server.log.statemachine.data.sync.timeout = 10s (default)
2019-09-12 10:09:42,639 [pool-133-thread-1] INFO  server.RaftServerConfigKeys (ConfUtils.java:logGet(43)) - raft.server.log.statemachine.data.sync.timeout.retry = -1 (default)
2019-09-12 10:09:42,639 [pool-133-thread-1] INFO  server.RaftServerConfigKeys (ConfUtils.java:logGet(43)) - raft.server.log.statemachine.data.caching.enabled = true (custom)
2019-09-12 10:09:42,639 [pool-133-thread-1] INFO  segmented.SegmentedRaftLogWorker (SegmentedRaftLogWorker.java:lambda$new$0(132)) - b4fa19d3-07c4-4b3e-bf1c-08edd6479ca2-SegmentedRaftLogWorker:Storage Directory /workdir/hadoop-ozone/integration-test/target/test-dir/MiniOzoneClusterImpl-78812344-8fab-4fd2-b9e8-17e484e4ebaf/datanode-0/data/ratis/f7909b76-4bcd-4562-9f7d-641f35863280: flushIndex: setUnconditionally 0 -> -1
2019-09-12 10:09:42,640 [pool-133-thread-1] INFO  server.RaftServerConfigKeys (ConfUtils.java:logGet(43)) - raft.server.snapshot.auto.trigger.enabled = true (custom)
2019-09-12 10:09:42,640 [pool-133-thread-1] INFO  server.RaftServerConfigKeys (ConfUtils.java:logGet(43)) - raft.server.snapshot.auto.trigger.threshold = 10000 (custom)
2019-09-12 10:09:42,640 [pool-133-thread-1] INFO  server.RaftServerConfigKeys (ConfUtils.java:logGet(43)) - raft.server.retrycache.expirytime = 600000ms (custom)
2019-09-12 10:09:42,640 [pool-133-thread-1] INFO  impl.RaftServerImpl (RaftServerImpl.java:start(180)) - b4fa19d3-07c4-4b3e-bf1c-08edd6479ca2: start group-641F35863280
2019-09-12 10:09:42,640 [pool-133-thread-1] INFO  impl.RaftServerImpl (RaftServerImpl.java:setRole(171)) - b4fa19d3-07c4-4b3e-bf1c-08edd6479ca2:group-641F35863280 changes role from null to FOLLOWER at term 0 for startAsFollower
2019-09-12 10:09:42,640 [pool-133-thread-1] INFO  impl.RoleInfo (RoleInfo.java:updateAndGet(143)) - b4fa19d3-07c4-4b3e-bf1c-08edd6479ca2: start FollowerState
2019-09-12 10:09:42,646 [pool-133-thread-1] INFO  util.JmxRegister (JmxRegister.java:tryRegister(44)) - Successfully registered JMX Bean with object name Ratis:service=RaftServer,group=group-641F35863280,id=b4fa19d3-07c4-4b3e-bf1c-08edd6479ca2
2019-09-12 10:09:42,656 [RatisPipelineUtilsThread] INFO  pipeline.PipelineStateManager (PipelineStateManager.java:addPipeline(56)) - Created pipeline Pipeline[ Id: f7909b76-4bcd-4562-9f7d-641f35863280, Nodes: b4fa19d3-07c4-4b3e-bf1c-08edd6479ca2{ip: 192.168.36.114, host: pr-hdds-1569-58hkm-1881083799, networkLocation: /default-rack, certSerialId: null}, Type:RATIS, Factor:ONE, State:OPEN]
2019-09-12 10:09:42,663 [grpc-default-executor-0] INFO  impl.RaftServerProxy (RaftServerProxy.java:addNew(89)) - b4fa19d3-07c4-4b3e-bf1c-08edd6479ca2: addNew group-AAB3D3FAE1DA:[b4fa19d3-07c4-4b3e-bf1c-08edd6479ca2:192.168.36.114:40911] returns group-AAB3D3FAE1DA:java.util.concurrent.CompletableFuture@3ce29c96[Not completed]
2019-09-12 10:09:42,664 [pool-133-thread-1] INFO  impl.RaftServerImpl (RaftServerImpl.java:<init>(93)) - b4fa19d3-07c4-4b3e-bf1c-08edd6479ca2: new RaftServerImpl for group-AAB3D3FAE1DA:[b4fa19d3-07c4-4b3e-bf1c-08edd6479ca2:192.168.36.114:40911] with ContainerStateMachine:uninitialized
2019-09-12 10:09:42,664 [pool-133-thread-1] INFO  server.RaftServerConfigKeys (ConfUtils.java:logGet(43)) - raft.server.rpc.timeout.min = 5s (custom)
2019-09-12 10:09:42,664 [pool-133-thread-1] INFO  server.RaftServerConfigKeys (ConfUtils.java:logGet(43)) - raft.server.rpc.timeout.max = 5200ms (custom)
2019-09-12 10:09:42,664 [pool-133-thread-1] INFO  server.RaftServerConfigKeys (ConfUtils.java:logGet(43)) - raft.server.rpcslowness.timeout = 120s (custom)
2019-09-12 10:09:42,664 [pool-133-thread-1] INFO  server.RaftServerConfigKeys (ConfUtils.java:logGet(43)) - raft.server.sleep.deviation.threshold = 300 (default)
2019-09-12 10:09:42,665 [pool-133-thread-1] INFO  server.RaftServerConfigKeys (ConfUtils.java:logGet(43)) - raft.server.log.appender.install.snapshot.enabled = false (custom)
2019-09-12 10:09:42,665 [pool-133-thread-1] INFO  impl.RaftServerImpl (ServerState.java:<init>(105)) - b4fa19d3-07c4-4b3e-bf1c-08edd6479ca2:group-AAB3D3FAE1DA ConfigurationManager, init=-1: [b4fa19d3-07c4-4b3e-bf1c-08edd6479ca2:192.168.36.114:40911], old=null, confs=<EMPTY_MAP>
2019-09-12 10:09:42,665 [pool-133-thread-1] INFO  server.RaftServerConfigKeys (ConfUtils.java:logGet(43)) - raft.server.storage.dir = [/workdir/hadoop-ozone/integration-test/target/test-dir/MiniOzoneClusterImpl-78812344-8fab-4fd2-b9e8-17e484e4ebaf/datanode-0/data/ratis] (custom)
2019-09-12 10:09:42,665 [pool-133-thread-1] INFO  storage.RaftStorageDirectory (RaftStorageDirectory.java:analyzeStorage(246)) - The storage directory /workdir/hadoop-ozone/integration-test/target/test-dir/MiniOzoneClusterImpl-78812344-8fab-4fd2-b9e8-17e484e4ebaf/datanode-0/data/ratis/fbe7a16c-08be-419a-92bd-aab3d3fae1da does not exist. Creating ...
2019-09-12 10:09:42,715 [pool-133-thread-1] INFO  storage.RaftStorageDirectory (RaftStorageDirectory.java:tryLock(328)) - Lock on /workdir/hadoop-ozone/integration-test/target/test-dir/MiniOzoneClusterImpl-78812344-8fab-4fd2-b9e8-17e484e4ebaf/datanode-0/data/ratis/fbe7a16c-08be-419a-92bd-aab3d3fae1da/in_use.lock acquired by nodename 2537@pr-hdds-1569-58hkm-1881083799
2019-09-12 10:09:42,803 [pool-133-thread-1] INFO  storage.RaftStorage (RaftStorage.java:format(72)) - Storage directory /workdir/hadoop-ozone/integration-test/target/test-dir/MiniOzoneClusterImpl-78812344-8fab-4fd2-b9e8-17e484e4ebaf/datanode-0/data/ratis/fbe7a16c-08be-419a-92bd-aab3d3fae1da has been successfully formatted.
2019-09-12 10:09:42,804 [pool-133-thread-1] INFO  ratis.ContainerStateMachine (ContainerStateMachine.java:loadSnapshot(226)) - group-AAB3D3FAE1DA: The snapshot info is null. Setting the last applied indexto:(t:0, i:~)
2019-09-12 10:09:42,804 [pool-133-thread-1] INFO  server.RaftServerConfigKeys (ConfUtils.java:logGet(43)) - raft.server.leader.election.timeout = 120s (custom)
2019-09-12 10:09:42,804 [pool-133-thread-1] INFO  server.RaftServerConfigKeys (ConfUtils.java:logGet(43)) - raft.server.log.use.memory = false (default)
2019-09-12 10:09:42,805 [pool-133-thread-1] INFO  server.RaftServerConfigKeys (ConfUtils.java:logGet(43)) - raft.server.log.purge.gap = 1000000 (custom)
2019-09-12 10:09:42,805 [pool-133-thread-1] INFO  server.RaftServerConfigKeys (ConfUtils.java:logGet(43)) - raft.server.log.appender.buffer.byte-limit = 33554432 (custom)
2019-09-12 10:09:42,805 [pool-133-thread-1] INFO  server.RaftServerConfigKeys (ConfUtils.java:logGet(43)) - raft.server.log.segment.size.max = 1048576 (custom)
2019-09-12 10:09:42,805 [pool-133-thread-1] INFO  server.RaftServerConfigKeys (ConfUtils.java:logGet(43)) - raft.server.log.segment.cache.num.max = 2 (custom)
2019-09-12 10:09:42,805 [pool-133-thread-1] INFO  segmented.SegmentedRaftLogWorker (SegmentedRaftLogWorker.java:<init>(172)) - new b4fa19d3-07c4-4b3e-bf1c-08edd6479ca2-SegmentedRaftLogWorker:Storage Directory /workdir/hadoop-ozone/integration-test/target/test-dir/MiniOzoneClusterImpl-78812344-8fab-4fd2-b9e8-17e484e4ebaf/datanode-0/data/ratis/fbe7a16c-08be-419a-92bd-aab3d3fae1da for RaftStorage:Storage Directory /workdir/hadoop-ozone/integration-test/target/test-dir/MiniOzoneClusterImpl-78812344-8fab-4fd2-b9e8-17e484e4ebaf/datanode-0/data/ratis/fbe7a16c-08be-419a-92bd-aab3d3fae1da
2019-09-12 10:09:42,806 [pool-133-thread-1] INFO  server.RaftServerConfigKeys (ConfUtils.java:logGet(43)) - raft.server.log.queue.byte-limit = 2147483647 (custom)
2019-09-12 10:09:42,806 [pool-133-thread-1] INFO  server.RaftServerConfigKeys (ConfUtils.java:logGet(43)) - raft.server.log.queue.element-limit = 1024 (custom)
2019-09-12 10:09:42,806 [pool-133-thread-1] INFO  server.RaftServerConfigKeys (ConfUtils.java:logGet(43)) - raft.server.log.segment.size.max = 1048576 (custom)
2019-09-12 10:09:42,806 [pool-133-thread-1] INFO  server.RaftServerConfigKeys (ConfUtils.java:logGet(43)) - raft.server.log.preallocated.size = 16384 (custom)
2019-09-12 10:09:42,806 [pool-133-thread-1] INFO  server.RaftServerConfigKeys (ConfUtils.java:logGet(43)) - raft.server.log.write.buffer.size = 33554432 (custom)
2019-09-12 10:09:42,806 [pool-133-thread-1] INFO  server.RaftServerConfigKeys (ConfUtils.java:logGet(43)) - raft.server.log.force.sync.num = 128 (default)
2019-09-12 10:09:42,807 [pool-133-thread-1] INFO  server.RaftServerConfigKeys (ConfUtils.java:logGet(43)) - raft.server.log.statemachine.data.sync = true (default)
2019-09-12 10:09:42,807 [pool-133-thread-1] INFO  server.RaftServerConfigKeys (ConfUtils.java:logGet(43)) - raft.server.log.statemachine.data.sync.timeout = 10s (default)
2019-09-12 10:09:42,807 [pool-133-thread-1] INFO  server.RaftServerConfigKeys (ConfUtils.java:logGet(43)) - raft.server.log.statemachine.data.sync.timeout.retry = -1 (default)
2019-09-12 10:09:42,807 [pool-133-thread-1] INFO  server.RaftServerConfigKeys (ConfUtils.java:logGet(43)) - raft.server.log.statemachine.data.caching.enabled = true (custom)
2019-09-12 10:09:42,808 [pool-133-thread-1] INFO  segmented.SegmentedRaftLogWorker (SegmentedRaftLogWorker.java:lambda$new$0(132)) - b4fa19d3-07c4-4b3e-bf1c-08edd6479ca2-SegmentedRaftLogWorker:Storage Directory /workdir/hadoop-ozone/integration-test/target/test-dir/MiniOzoneClusterImpl-78812344-8fab-4fd2-b9e8-17e484e4ebaf/datanode-0/data/ratis/fbe7a16c-08be-419a-92bd-aab3d3fae1da: flushIndex: setUnconditionally 0 -> -1
2019-09-12 10:09:42,808 [pool-133-thread-1] INFO  server.RaftServerConfigKeys (ConfUtils.java:logGet(43)) - raft.server.snapshot.auto.trigger.enabled = true (custom)
2019-09-12 10:09:42,808 [pool-133-thread-1] INFO  server.RaftServerConfigKeys (ConfUtils.java:logGet(43)) - raft.server.snapshot.auto.trigger.threshold = 10000 (custom)
2019-09-12 10:09:42,809 [pool-133-thread-1] INFO  server.RaftServerConfigKeys (ConfUtils.java:logGet(43)) - raft.server.retrycache.expirytime = 600000ms (custom)
2019-09-12 10:09:42,809 [pool-133-thread-1] INFO  impl.RaftServerImpl (RaftServerImpl.java:start(180)) - b4fa19d3-07c4-4b3e-bf1c-08edd6479ca2: start group-AAB3D3FAE1DA
2019-09-12 10:09:42,809 [pool-133-thread-1] INFO  impl.RaftServerImpl (RaftServerImpl.java:setRole(171)) - b4fa19d3-07c4-4b3e-bf1c-08edd6479ca2:group-AAB3D3FAE1DA changes role from null to FOLLOWER at term 0 for startAsFollower
2019-09-12 10:09:42,809 [pool-133-thread-1] INFO  impl.RoleInfo (RoleInfo.java:updateAndGet(143)) - b4fa19d3-07c4-4b3e-bf1c-08edd6479ca2: start FollowerState
2019-09-12 10:09:42,810 [pool-133-thread-1] INFO  util.JmxRegister (JmxRegister.java:tryRegister(44)) - Successfully registered JMX Bean with object name Ratis:service=RaftServer,group=group-AAB3D3FAE1DA,id=b4fa19d3-07c4-4b3e-bf1c-08edd6479ca2
2019-09-12 10:09:42,813 [RatisPipelineUtilsThread] INFO  pipeline.PipelineStateManager (PipelineStateManager.java:addPipeline(56)) - Created pipeline Pipeline[ Id: fbe7a16c-08be-419a-92bd-aab3d3fae1da, Nodes: b4fa19d3-07c4-4b3e-bf1c-08edd6479ca2{ip: 192.168.36.114, host: pr-hdds-1569-58hkm-1881083799, networkLocation: /default-rack, certSerialId: null}, Type:RATIS, Factor:ONE, State:OPEN]
2019-09-12 10:09:42,822 [grpc-default-executor-0] INFO  impl.RaftServerProxy (RaftServerProxy.java:addNew(89)) - 327069ba-886f-4aa6-8546-b1f43ae7c0e4: addNew group-85C1D8A7743B:[327069ba-886f-4aa6-8546-b1f43ae7c0e4:192.168.36.114:34487] returns group-85C1D8A7743B:java.util.concurrent.CompletableFuture@42d1289a[Not completed]
2019-09-12 10:09:42,824 [pool-144-thread-1] INFO  impl.RaftServerImpl (RaftServerImpl.java:<init>(93)) - 327069ba-886f-4aa6-8546-b1f43ae7c0e4: new RaftServerImpl for group-85C1D8A7743B:[327069ba-886f-4aa6-8546-b1f43ae7c0e4:192.168.36.114:34487] with ContainerStateMachine:uninitialized
2019-09-12 10:09:42,824 [pool-144-thread-1] INFO  server.RaftServerConfigKeys (ConfUtils.java:logGet(43)) - raft.server.rpc.timeout.min = 5s (custom)
2019-09-12 10:09:42,824 [pool-144-thread-1] INFO  server.RaftServerConfigKeys (ConfUtils.java:logGet(43)) - raft.server.rpc.timeout.max = 5200ms (custom)
2019-09-12 10:09:42,825 [pool-144-thread-1] INFO  server.RaftServerConfigKeys (ConfUtils.java:logGet(43)) - raft.server.rpcslowness.timeout = 120s (custom)
2019-09-12 10:09:42,825 [pool-144-thread-1] INFO  server.RaftServerConfigKeys (ConfUtils.java:logGet(43)) - raft.server.sleep.deviation.threshold = 300 (default)
2019-09-12 10:09:42,825 [pool-144-thread-1] INFO  server.RaftServerConfigKeys (ConfUtils.java:logGet(43)) - raft.server.log.appender.install.snapshot.enabled = false (custom)
2019-09-12 10:09:42,825 [pool-144-thread-1] INFO  impl.RaftServerImpl (ServerState.java:<init>(105)) - 327069ba-886f-4aa6-8546-b1f43ae7c0e4:group-85C1D8A7743B ConfigurationManager, init=-1: [327069ba-886f-4aa6-8546-b1f43ae7c0e4:192.168.36.114:34487], old=null, confs=<EMPTY_MAP>
2019-09-12 10:09:42,825 [pool-144-thread-1] INFO  server.RaftServerConfigKeys (ConfUtils.java:logGet(43)) - raft.server.storage.dir = [/workdir/hadoop-ozone/integration-test/target/test-dir/MiniOzoneClusterImpl-78812344-8fab-4fd2-b9e8-17e484e4ebaf/datanode-1/data/ratis] (custom)
2019-09-12 10:09:42,826 [pool-144-thread-1] INFO  storage.RaftStorageDirectory (RaftStorageDirectory.java:analyzeStorage(246)) - The storage directory /workdir/hadoop-ozone/integration-test/target/test-dir/MiniOzoneClusterImpl-78812344-8fab-4fd2-b9e8-17e484e4ebaf/datanode-1/data/ratis/a62495cb-5b3c-4f38-aa0c-85c1d8a7743b does not exist. Creating ...
2019-09-12 10:09:42,896 [pool-144-thread-1] INFO  storage.RaftStorageDirectory (RaftStorageDirectory.java:tryLock(328)) - Lock on /workdir/hadoop-ozone/integration-test/target/test-dir/MiniOzoneClusterImpl-78812344-8fab-4fd2-b9e8-17e484e4ebaf/datanode-1/data/ratis/a62495cb-5b3c-4f38-aa0c-85c1d8a7743b/in_use.lock acquired by nodename 2537@pr-hdds-1569-58hkm-1881083799
2019-09-12 10:09:42,927 [main] INFO  ozone.MiniOzoneClusterImpl (MiniOzoneClusterImpl.java:lambda$waitForClusterToBeReady$0(142)) - Waiting for cluster to be ready. Got 2 of 3 DN Heartbeats.
2019-09-12 10:09:42,930 [IPC Server handler 4 on 45947] INFO  net.NetworkTopology (NetworkTopologyImpl.java:add(110)) - Added a new node: /default-rack/607208f0-c8f5-40f1-9180-2e36f3e2d896
2019-09-12 10:09:42,930 [IPC Server handler 4 on 45947] INFO  node.SCMNodeManager (SCMNodeManager.java:register(273)) - Registered Data node : 607208f0-c8f5-40f1-9180-2e36f3e2d896{ip: 192.168.36.114, host: pr-hdds-1569-58hkm-1881083799, networkLocation: /default-rack, certSerialId: null}
2019-09-12 10:09:42,931 | INFO  | SCMAudit | user=jenkins1000 | ip=192.168.36.114 | op=REGISTER {datanodeDetails=607208f0-c8f5-40f1-9180-2e36f3e2d896{ip: 192.168.36.114, host: pr-hdds-1569-58hkm-1881083799, networkLocation: /default-rack, certSerialId: null}} | ret=SUCCESS |  
2019-09-12 10:09:43,001 [pool-144-thread-1] INFO  storage.RaftStorage (RaftStorage.java:format(72)) - Storage directory /workdir/hadoop-ozone/integration-test/target/test-dir/MiniOzoneClusterImpl-78812344-8fab-4fd2-b9e8-17e484e4ebaf/datanode-1/data/ratis/a62495cb-5b3c-4f38-aa0c-85c1d8a7743b has been successfully formatted.
2019-09-12 10:09:43,001 [pool-144-thread-1] INFO  ratis.ContainerStateMachine (ContainerStateMachine.java:loadSnapshot(226)) - group-85C1D8A7743B: The snapshot info is null. Setting the last applied indexto:(t:0, i:~)
2019-09-12 10:09:43,001 [pool-144-thread-1] INFO  server.RaftServerConfigKeys (ConfUtils.java:logGet(43)) - raft.server.leader.election.timeout = 120s (custom)
2019-09-12 10:09:43,001 [pool-144-thread-1] INFO  server.RaftServerConfigKeys (ConfUtils.java:logGet(43)) - raft.server.log.use.memory = false (default)
2019-09-12 10:09:43,001 [pool-144-thread-1] INFO  server.RaftServerConfigKeys (ConfUtils.java:logGet(43)) - raft.server.log.purge.gap = 1000000 (custom)
2019-09-12 10:09:43,002 [pool-144-thread-1] INFO  server.RaftServerConfigKeys (ConfUtils.java:logGet(43)) - raft.server.log.appender.buffer.byte-limit = 33554432 (custom)
2019-09-12 10:09:43,002 [pool-144-thread-1] INFO  server.RaftServerConfigKeys (ConfUtils.java:logGet(43)) - raft.server.log.segment.size.max = 1048576 (custom)
2019-09-12 10:09:43,002 [pool-144-thread-1] INFO  server.RaftServerConfigKeys (ConfUtils.java:logGet(43)) - raft.server.log.segment.cache.num.max = 2 (custom)
2019-09-12 10:09:43,002 [pool-144-thread-1] INFO  segmented.SegmentedRaftLogWorker (SegmentedRaftLogWorker.java:<init>(172)) - new 327069ba-886f-4aa6-8546-b1f43ae7c0e4-SegmentedRaftLogWorker:Storage Directory /workdir/hadoop-ozone/integration-test/target/test-dir/MiniOzoneClusterImpl-78812344-8fab-4fd2-b9e8-17e484e4ebaf/datanode-1/data/ratis/a62495cb-5b3c-4f38-aa0c-85c1d8a7743b for RaftStorage:Storage Directory /workdir/hadoop-ozone/integration-test/target/test-dir/MiniOzoneClusterImpl-78812344-8fab-4fd2-b9e8-17e484e4ebaf/datanode-1/data/ratis/a62495cb-5b3c-4f38-aa0c-85c1d8a7743b
2019-09-12 10:09:43,002 [pool-144-thread-1] INFO  server.RaftServerConfigKeys (ConfUtils.java:logGet(43)) - raft.server.log.queue.byte-limit = 2147483647 (custom)
2019-09-12 10:09:43,002 [pool-144-thread-1] INFO  server.RaftServerConfigKeys (ConfUtils.java:logGet(43)) - raft.server.log.queue.element-limit = 1024 (custom)
2019-09-12 10:09:43,003 [pool-144-thread-1] INFO  server.RaftServerConfigKeys (ConfUtils.java:logGet(43)) - raft.server.log.segment.size.max = 1048576 (custom)
2019-09-12 10:09:43,003 [pool-144-thread-1] INFO  server.RaftServerConfigKeys (ConfUtils.java:logGet(43)) - raft.server.log.preallocated.size = 16384 (custom)
2019-09-12 10:09:43,003 [pool-144-thread-1] INFO  server.RaftServerConfigKeys (ConfUtils.java:logGet(43)) - raft.server.log.write.buffer.size = 33554432 (custom)
2019-09-12 10:09:43,003 [pool-144-thread-1] INFO  server.RaftServerConfigKeys (ConfUtils.java:logGet(43)) - raft.server.log.force.sync.num = 128 (default)
2019-09-12 10:09:43,003 [pool-144-thread-1] INFO  server.RaftServerConfigKeys (ConfUtils.java:logGet(43)) - raft.server.log.statemachine.data.sync = true (default)
2019-09-12 10:09:43,003 [pool-144-thread-1] INFO  server.RaftServerConfigKeys (ConfUtils.java:logGet(43)) - raft.server.log.statemachine.data.sync.timeout = 10s (default)
2019-09-12 10:09:43,003 [pool-144-thread-1] INFO  server.RaftServerConfigKeys (ConfUtils.java:logGet(43)) - raft.server.log.statemachine.data.sync.timeout.retry = -1 (default)
2019-09-12 10:09:43,004 [pool-144-thread-1] INFO  server.RaftServerConfigKeys (ConfUtils.java:logGet(43)) - raft.server.log.statemachine.data.caching.enabled = true (custom)
2019-09-12 10:09:43,004 [pool-144-thread-1] INFO  segmented.SegmentedRaftLogWorker (SegmentedRaftLogWorker.java:lambda$new$0(132)) - 327069ba-886f-4aa6-8546-b1f43ae7c0e4-SegmentedRaftLogWorker:Storage Directory /workdir/hadoop-ozone/integration-test/target/test-dir/MiniOzoneClusterImpl-78812344-8fab-4fd2-b9e8-17e484e4ebaf/datanode-1/data/ratis/a62495cb-5b3c-4f38-aa0c-85c1d8a7743b: flushIndex: setUnconditionally 0 -> -1
2019-09-12 10:09:43,004 [pool-144-thread-1] INFO  server.RaftServerConfigKeys (ConfUtils.java:logGet(43)) - raft.server.snapshot.auto.trigger.enabled = true (custom)
2019-09-12 10:09:43,005 [pool-144-thread-1] INFO  server.RaftServerConfigKeys (ConfUtils.java:logGet(43)) - raft.server.snapshot.auto.trigger.threshold = 10000 (custom)
2019-09-12 10:09:43,005 [pool-144-thread-1] INFO  server.RaftServerConfigKeys (ConfUtils.java:logGet(43)) - raft.server.retrycache.expirytime = 600000ms (custom)
2019-09-12 10:09:43,005 [pool-144-thread-1] INFO  impl.RaftServerImpl (RaftServerImpl.java:start(180)) - 327069ba-886f-4aa6-8546-b1f43ae7c0e4: start group-85C1D8A7743B
2019-09-12 10:09:43,005 [pool-144-thread-1] INFO  impl.RaftServerImpl (RaftServerImpl.java:setRole(171)) - 327069ba-886f-4aa6-8546-b1f43ae7c0e4:group-85C1D8A7743B changes role from null to FOLLOWER at term 0 for startAsFollower
2019-09-12 10:09:43,005 [pool-144-thread-1] INFO  impl.RoleInfo (RoleInfo.java:updateAndGet(143)) - 327069ba-886f-4aa6-8546-b1f43ae7c0e4: start FollowerState
2019-09-12 10:09:43,006 [pool-144-thread-1] INFO  util.JmxRegister (JmxRegister.java:tryRegister(44)) - Successfully registered JMX Bean with object name Ratis:service=RaftServer,group=group-85C1D8A7743B,id=327069ba-886f-4aa6-8546-b1f43ae7c0e4
2019-09-12 10:09:43,009 [RatisPipelineUtilsThread] INFO  pipeline.PipelineStateManager (PipelineStateManager.java:addPipeline(56)) - Created pipeline Pipeline[ Id: a62495cb-5b3c-4f38-aa0c-85c1d8a7743b, Nodes: 327069ba-886f-4aa6-8546-b1f43ae7c0e4{ip: 192.168.36.114, host: pr-hdds-1569-58hkm-1881083799, networkLocation: /default-rack, certSerialId: null}, Type:RATIS, Factor:ONE, State:OPEN]
2019-09-12 10:09:43,017 [grpc-default-executor-1] INFO  impl.RaftServerProxy (RaftServerProxy.java:addNew(89)) - b4fa19d3-07c4-4b3e-bf1c-08edd6479ca2: addNew group-A740E2F626F7:[b4fa19d3-07c4-4b3e-bf1c-08edd6479ca2:192.168.36.114:40911] returns group-A740E2F626F7:java.util.concurrent.CompletableFuture@2f21f2f9[Not completed]
2019-09-12 10:09:43,018 [pool-133-thread-1] INFO  impl.RaftServerImpl (RaftServerImpl.java:<init>(93)) - b4fa19d3-07c4-4b3e-bf1c-08edd6479ca2: new RaftServerImpl for group-A740E2F626F7:[b4fa19d3-07c4-4b3e-bf1c-08edd6479ca2:192.168.36.114:40911] with ContainerStateMachine:uninitialized
2019-09-12 10:09:43,018 [pool-133-thread-1] INFO  server.RaftServerConfigKeys (ConfUtils.java:logGet(43)) - raft.server.rpc.timeout.min = 5s (custom)
2019-09-12 10:09:43,018 [pool-133-thread-1] INFO  server.RaftServerConfigKeys (ConfUtils.java:logGet(43)) - raft.server.rpc.timeout.max = 5200ms (custom)
2019-09-12 10:09:43,018 [pool-133-thread-1] INFO  server.RaftServerConfigKeys (ConfUtils.java:logGet(43)) - raft.server.rpcslowness.timeout = 120s (custom)
2019-09-12 10:09:43,018 [pool-133-thread-1] INFO  server.RaftServerConfigKeys (ConfUtils.java:logGet(43)) - raft.server.sleep.deviation.threshold = 300 (default)
2019-09-12 10:09:43,019 [pool-133-thread-1] INFO  server.RaftServerConfigKeys (ConfUtils.java:logGet(43)) - raft.server.log.appender.install.snapshot.enabled = false (custom)
2019-09-12 10:09:43,019 [pool-133-thread-1] INFO  impl.RaftServerImpl (ServerState.java:<init>(105)) - b4fa19d3-07c4-4b3e-bf1c-08edd6479ca2:group-A740E2F626F7 ConfigurationManager, init=-1: [b4fa19d3-07c4-4b3e-bf1c-08edd6479ca2:192.168.36.114:40911], old=null, confs=<EMPTY_MAP>
2019-09-12 10:09:43,019 [pool-133-thread-1] INFO  server.RaftServerConfigKeys (ConfUtils.java:logGet(43)) - raft.server.storage.dir = [/workdir/hadoop-ozone/integration-test/target/test-dir/MiniOzoneClusterImpl-78812344-8fab-4fd2-b9e8-17e484e4ebaf/datanode-0/data/ratis] (custom)
2019-09-12 10:09:43,019 [pool-133-thread-1] INFO  storage.RaftStorageDirectory (RaftStorageDirectory.java:analyzeStorage(246)) - The storage directory /workdir/hadoop-ozone/integration-test/target/test-dir/MiniOzoneClusterImpl-78812344-8fab-4fd2-b9e8-17e484e4ebaf/datanode-0/data/ratis/35621a00-6d97-4734-a0f6-a740e2f626f7 does not exist. Creating ...
2019-09-12 10:09:43,032 [pool-133-thread-1] INFO  storage.RaftStorageDirectory (RaftStorageDirectory.java:tryLock(328)) - Lock on /workdir/hadoop-ozone/integration-test/target/test-dir/MiniOzoneClusterImpl-78812344-8fab-4fd2-b9e8-17e484e4ebaf/datanode-0/data/ratis/35621a00-6d97-4734-a0f6-a740e2f626f7/in_use.lock acquired by nodename 2537@pr-hdds-1569-58hkm-1881083799
2019-09-12 10:09:43,045 [pool-133-thread-1] INFO  storage.RaftStorage (RaftStorage.java:format(72)) - Storage directory /workdir/hadoop-ozone/integration-test/target/test-dir/MiniOzoneClusterImpl-78812344-8fab-4fd2-b9e8-17e484e4ebaf/datanode-0/data/ratis/35621a00-6d97-4734-a0f6-a740e2f626f7 has been successfully formatted.
2019-09-12 10:09:43,046 [pool-133-thread-1] INFO  ratis.ContainerStateMachine (ContainerStateMachine.java:loadSnapshot(226)) - group-A740E2F626F7: The snapshot info is null. Setting the last applied indexto:(t:0, i:~)
2019-09-12 10:09:43,046 [pool-133-thread-1] INFO  server.RaftServerConfigKeys (ConfUtils.java:logGet(43)) - raft.server.leader.election.timeout = 120s (custom)
2019-09-12 10:09:43,046 [pool-133-thread-1] INFO  server.RaftServerConfigKeys (ConfUtils.java:logGet(43)) - raft.server.log.use.memory = false (default)
2019-09-12 10:09:43,046 [pool-133-thread-1] INFO  server.RaftServerConfigKeys (ConfUtils.java:logGet(43)) - raft.server.log.purge.gap = 1000000 (custom)
2019-09-12 10:09:43,046 [pool-133-thread-1] INFO  server.RaftServerConfigKeys (ConfUtils.java:logGet(43)) - raft.server.log.appender.buffer.byte-limit = 33554432 (custom)
2019-09-12 10:09:43,046 [pool-133-thread-1] INFO  server.RaftServerConfigKeys (ConfUtils.java:logGet(43)) - raft.server.log.segment.size.max = 1048576 (custom)
2019-09-12 10:09:43,046 [pool-133-thread-1] INFO  server.RaftServerConfigKeys (ConfUtils.java:logGet(43)) - raft.server.log.segment.cache.num.max = 2 (custom)
2019-09-12 10:09:43,047 [pool-133-thread-1] INFO  segmented.SegmentedRaftLogWorker (SegmentedRaftLogWorker.java:<init>(172)) - new b4fa19d3-07c4-4b3e-bf1c-08edd6479ca2-SegmentedRaftLogWorker:Storage Directory /workdir/hadoop-ozone/integration-test/target/test-dir/MiniOzoneClusterImpl-78812344-8fab-4fd2-b9e8-17e484e4ebaf/datanode-0/data/ratis/35621a00-6d97-4734-a0f6-a740e2f626f7 for RaftStorage:Storage Directory /workdir/hadoop-ozone/integration-test/target/test-dir/MiniOzoneClusterImpl-78812344-8fab-4fd2-b9e8-17e484e4ebaf/datanode-0/data/ratis/35621a00-6d97-4734-a0f6-a740e2f626f7
2019-09-12 10:09:43,047 [pool-133-thread-1] INFO  server.RaftServerConfigKeys (ConfUtils.java:logGet(43)) - raft.server.log.queue.byte-limit = 2147483647 (custom)
2019-09-12 10:09:43,047 [pool-133-thread-1] INFO  server.RaftServerConfigKeys (ConfUtils.java:logGet(43)) - raft.server.log.queue.element-limit = 1024 (custom)
2019-09-12 10:09:43,047 [pool-133-thread-1] INFO  server.RaftServerConfigKeys (ConfUtils.java:logGet(43)) - raft.server.log.segment.size.max = 1048576 (custom)
2019-09-12 10:09:43,047 [pool-133-thread-1] INFO  server.RaftServerConfigKeys (ConfUtils.java:logGet(43)) - raft.server.log.preallocated.size = 16384 (custom)
2019-09-12 10:09:43,047 [pool-133-thread-1] INFO  server.RaftServerConfigKeys (ConfUtils.java:logGet(43)) - raft.server.log.write.buffer.size = 33554432 (custom)
2019-09-12 10:09:43,047 [pool-133-thread-1] INFO  server.RaftServerConfigKeys (ConfUtils.java:logGet(43)) - raft.server.log.force.sync.num = 128 (default)
2019-09-12 10:09:43,047 [pool-133-thread-1] INFO  server.RaftServerConfigKeys (ConfUtils.java:logGet(43)) - raft.server.log.statemachine.data.sync = true (default)
2019-09-12 10:09:43,048 [pool-133-thread-1] INFO  server.RaftServerConfigKeys (ConfUtils.java:logGet(43)) - raft.server.log.statemachine.data.sync.timeout = 10s (default)
2019-09-12 10:09:43,048 [pool-133-thread-1] INFO  server.RaftServerConfigKeys (ConfUtils.java:logGet(43)) - raft.server.log.statemachine.data.sync.timeout.retry = -1 (default)
2019-09-12 10:09:43,048 [pool-133-thread-1] INFO  server.RaftServerConfigKeys (ConfUtils.java:logGet(43)) - raft.server.log.statemachine.data.caching.enabled = true (custom)
2019-09-12 10:09:43,048 [pool-133-thread-1] INFO  segmented.SegmentedRaftLogWorker (SegmentedRaftLogWorker.java:lambda$new$0(132)) - b4fa19d3-07c4-4b3e-bf1c-08edd6479ca2-SegmentedRaftLogWorker:Storage Directory /workdir/hadoop-ozone/integration-test/target/test-dir/MiniOzoneClusterImpl-78812344-8fab-4fd2-b9e8-17e484e4ebaf/datanode-0/data/ratis/35621a00-6d97-4734-a0f6-a740e2f626f7: flushIndex: setUnconditionally 0 -> -1
2019-09-12 10:09:43,048 [pool-133-thread-1] INFO  server.RaftServerConfigKeys (ConfUtils.java:logGet(43)) - raft.server.snapshot.auto.trigger.enabled = true (custom)
2019-09-12 10:09:43,049 [pool-133-thread-1] INFO  server.RaftServerConfigKeys (ConfUtils.java:logGet(43)) - raft.server.snapshot.auto.trigger.threshold = 10000 (custom)
2019-09-12 10:09:43,049 [pool-133-thread-1] INFO  server.RaftServerConfigKeys (ConfUtils.java:logGet(43)) - raft.server.retrycache.expirytime = 600000ms (custom)
2019-09-12 10:09:43,049 [pool-133-thread-1] INFO  impl.RaftServerImpl (RaftServerImpl.java:start(180)) - b4fa19d3-07c4-4b3e-bf1c-08edd6479ca2: start group-A740E2F626F7
2019-09-12 10:09:43,049 [pool-133-thread-1] INFO  impl.RaftServerImpl (RaftServerImpl.java:setRole(171)) - b4fa19d3-07c4-4b3e-bf1c-08edd6479ca2:group-A740E2F626F7 changes role from null to FOLLOWER at term 0 for startAsFollower
2019-09-12 10:09:43,049 [pool-133-thread-1] INFO  impl.RoleInfo (RoleInfo.java:updateAndGet(143)) - b4fa19d3-07c4-4b3e-bf1c-08edd6479ca2: start FollowerState
2019-09-12 10:09:43,050 [pool-133-thread-1] INFO  util.JmxRegister (JmxRegister.java:tryRegister(44)) - Successfully registered JMX Bean with object name Ratis:service=RaftServer,group=group-A740E2F626F7,id=b4fa19d3-07c4-4b3e-bf1c-08edd6479ca2
2019-09-12 10:09:43,053 [RatisPipelineUtilsThread] INFO  pipeline.PipelineStateManager (PipelineStateManager.java:addPipeline(56)) - Created pipeline Pipeline[ Id: 35621a00-6d97-4734-a0f6-a740e2f626f7, Nodes: b4fa19d3-07c4-4b3e-bf1c-08edd6479ca2{ip: 192.168.36.114, host: pr-hdds-1569-58hkm-1881083799, networkLocation: /default-rack, certSerialId: null}, Type:RATIS, Factor:ONE, State:OPEN]
2019-09-12 10:09:43,053 [RatisPipelineUtilsThread] ERROR pipeline.PipelinePlacementPolicy (PipelinePlacementPolicy.java:meetCriteria(92)) - Pipeline Placement: Doesn't meet the criteria to be viable node. Heaviness: 6
2019-09-12 10:09:43,059 [grpc-default-executor-1] INFO  impl.RaftServerProxy (RaftServerProxy.java:addNew(89)) - 327069ba-886f-4aa6-8546-b1f43ae7c0e4: addNew group-A17A10B5B38A:[327069ba-886f-4aa6-8546-b1f43ae7c0e4:192.168.36.114:34487] returns group-A17A10B5B38A:java.util.concurrent.CompletableFuture@25d99989[Not completed]
2019-09-12 10:09:43,061 [pool-144-thread-1] INFO  impl.RaftServerImpl (RaftServerImpl.java:<init>(93)) - 327069ba-886f-4aa6-8546-b1f43ae7c0e4: new RaftServerImpl for group-A17A10B5B38A:[327069ba-886f-4aa6-8546-b1f43ae7c0e4:192.168.36.114:34487] with ContainerStateMachine:uninitialized
2019-09-12 10:09:43,061 [pool-144-thread-1] INFO  server.RaftServerConfigKeys (ConfUtils.java:logGet(43)) - raft.server.rpc.timeout.min = 5s (custom)
2019-09-12 10:09:43,061 [pool-144-thread-1] INFO  server.RaftServerConfigKeys (ConfUtils.java:logGet(43)) - raft.server.rpc.timeout.max = 5200ms (custom)
2019-09-12 10:09:43,061 [pool-144-thread-1] INFO  server.RaftServerConfigKeys (ConfUtils.java:logGet(43)) - raft.server.rpcslowness.timeout = 120s (custom)
2019-09-12 10:09:43,061 [pool-144-thread-1] INFO  server.RaftServerConfigKeys (ConfUtils.java:logGet(43)) - raft.server.sleep.deviation.threshold = 300 (default)
2019-09-12 10:09:43,061 [pool-144-thread-1] INFO  server.RaftServerConfigKeys (ConfUtils.java:logGet(43)) - raft.server.log.appender.install.snapshot.enabled = false (custom)
2019-09-12 10:09:43,062 [pool-144-thread-1] INFO  impl.RaftServerImpl (ServerState.java:<init>(105)) - 327069ba-886f-4aa6-8546-b1f43ae7c0e4:group-A17A10B5B38A ConfigurationManager, init=-1: [327069ba-886f-4aa6-8546-b1f43ae7c0e4:192.168.36.114:34487], old=null, confs=<EMPTY_MAP>
2019-09-12 10:09:43,062 [pool-144-thread-1] INFO  server.RaftServerConfigKeys (ConfUtils.java:logGet(43)) - raft.server.storage.dir = [/workdir/hadoop-ozone/integration-test/target/test-dir/MiniOzoneClusterImpl-78812344-8fab-4fd2-b9e8-17e484e4ebaf/datanode-1/data/ratis] (custom)
2019-09-12 10:09:43,062 [pool-144-thread-1] INFO  storage.RaftStorageDirectory (RaftStorageDirectory.java:analyzeStorage(246)) - The storage directory /workdir/hadoop-ozone/integration-test/target/test-dir/MiniOzoneClusterImpl-78812344-8fab-4fd2-b9e8-17e484e4ebaf/datanode-1/data/ratis/45ded13f-5eed-471a-ae2d-a17a10b5b38a does not exist. Creating ...
2019-09-12 10:09:43,148 [pool-144-thread-1] INFO  storage.RaftStorageDirectory (RaftStorageDirectory.java:tryLock(328)) - Lock on /workdir/hadoop-ozone/integration-test/target/test-dir/MiniOzoneClusterImpl-78812344-8fab-4fd2-b9e8-17e484e4ebaf/datanode-1/data/ratis/45ded13f-5eed-471a-ae2d-a17a10b5b38a/in_use.lock acquired by nodename 2537@pr-hdds-1569-58hkm-1881083799
2019-09-12 10:09:43,201 [pool-144-thread-1] INFO  storage.RaftStorage (RaftStorage.java:format(72)) - Storage directory /workdir/hadoop-ozone/integration-test/target/test-dir/MiniOzoneClusterImpl-78812344-8fab-4fd2-b9e8-17e484e4ebaf/datanode-1/data/ratis/45ded13f-5eed-471a-ae2d-a17a10b5b38a has been successfully formatted.
2019-09-12 10:09:43,201 [pool-144-thread-1] INFO  ratis.ContainerStateMachine (ContainerStateMachine.java:loadSnapshot(226)) - group-A17A10B5B38A: The snapshot info is null. Setting the last applied indexto:(t:0, i:~)
2019-09-12 10:09:43,202 [pool-144-thread-1] INFO  server.RaftServerConfigKeys (ConfUtils.java:logGet(43)) - raft.server.leader.election.timeout = 120s (custom)
2019-09-12 10:09:43,202 [pool-144-thread-1] INFO  server.RaftServerConfigKeys (ConfUtils.java:logGet(43)) - raft.server.log.use.memory = false (default)
2019-09-12 10:09:43,202 [pool-144-thread-1] INFO  server.RaftServerConfigKeys (ConfUtils.java:logGet(43)) - raft.server.log.purge.gap = 1000000 (custom)
2019-09-12 10:09:43,202 [pool-144-thread-1] INFO  server.RaftServerConfigKeys (ConfUtils.java:logGet(43)) - raft.server.log.appender.buffer.byte-limit = 33554432 (custom)
2019-09-12 10:09:43,202 [pool-144-thread-1] INFO  server.RaftServerConfigKeys (ConfUtils.java:logGet(43)) - raft.server.log.segment.size.max = 1048576 (custom)
2019-09-12 10:09:43,202 [pool-144-thread-1] INFO  server.RaftServerConfigKeys (ConfUtils.java:logGet(43)) - raft.server.log.segment.cache.num.max = 2 (custom)
2019-09-12 10:09:43,203 [pool-144-thread-1] INFO  segmented.SegmentedRaftLogWorker (SegmentedRaftLogWorker.java:<init>(172)) - new 327069ba-886f-4aa6-8546-b1f43ae7c0e4-SegmentedRaftLogWorker:Storage Directory /workdir/hadoop-ozone/integration-test/target/test-dir/MiniOzoneClusterImpl-78812344-8fab-4fd2-b9e8-17e484e4ebaf/datanode-1/data/ratis/45ded13f-5eed-471a-ae2d-a17a10b5b38a for RaftStorage:Storage Directory /workdir/hadoop-ozone/integration-test/target/test-dir/MiniOzoneClusterImpl-78812344-8fab-4fd2-b9e8-17e484e4ebaf/datanode-1/data/ratis/45ded13f-5eed-471a-ae2d-a17a10b5b38a
2019-09-12 10:09:43,203 [pool-144-thread-1] INFO  server.RaftServerConfigKeys (ConfUtils.java:logGet(43)) - raft.server.log.queue.byte-limit = 2147483647 (custom)
2019-09-12 10:09:43,203 [pool-144-thread-1] INFO  server.RaftServerConfigKeys (ConfUtils.java:logGet(43)) - raft.server.log.queue.element-limit = 1024 (custom)
2019-09-12 10:09:43,203 [pool-144-thread-1] INFO  server.RaftServerConfigKeys (ConfUtils.java:logGet(43)) - raft.server.log.segment.size.max = 1048576 (custom)
2019-09-12 10:09:43,203 [pool-144-thread-1] INFO  server.RaftServerConfigKeys (ConfUtils.java:logGet(43)) - raft.server.log.preallocated.size = 16384 (custom)
2019-09-12 10:09:43,203 [pool-144-thread-1] INFO  server.RaftServerConfigKeys (ConfUtils.java:logGet(43)) - raft.server.log.write.buffer.size = 33554432 (custom)
2019-09-12 10:09:43,204 [pool-144-thread-1] INFO  server.RaftServerConfigKeys (ConfUtils.java:logGet(43)) - raft.server.log.force.sync.num = 128 (default)
2019-09-12 10:09:43,204 [pool-144-thread-1] INFO  server.RaftServerConfigKeys (ConfUtils.java:logGet(43)) - raft.server.log.statemachine.data.sync = true (default)
2019-09-12 10:09:43,204 [pool-144-thread-1] INFO  server.RaftServerConfigKeys (ConfUtils.java:logGet(43)) - raft.server.log.statemachine.data.sync.timeout = 10s (default)
2019-09-12 10:09:43,204 [pool-144-thread-1] INFO  server.RaftServerConfigKeys (ConfUtils.java:logGet(43)) - raft.server.log.statemachine.data.sync.timeout.retry = -1 (default)
2019-09-12 10:09:43,204 [pool-144-thread-1] INFO  server.RaftServerConfigKeys (ConfUtils.java:logGet(43)) - raft.server.log.statemachine.data.caching.enabled = true (custom)
2019-09-12 10:09:43,205 [pool-144-thread-1] INFO  segmented.SegmentedRaftLogWorker (SegmentedRaftLogWorker.java:lambda$new$0(132)) - 327069ba-886f-4aa6-8546-b1f43ae7c0e4-SegmentedRaftLogWorker:Storage Directory /workdir/hadoop-ozone/integration-test/target/test-dir/MiniOzoneClusterImpl-78812344-8fab-4fd2-b9e8-17e484e4ebaf/datanode-1/data/ratis/45ded13f-5eed-471a-ae2d-a17a10b5b38a: flushIndex: setUnconditionally 0 -> -1
2019-09-12 10:09:43,205 [pool-144-thread-1] INFO  server.RaftServerConfigKeys (ConfUtils.java:logGet(43)) - raft.server.snapshot.auto.trigger.enabled = true (custom)
2019-09-12 10:09:43,205 [pool-144-thread-1] INFO  server.RaftServerConfigKeys (ConfUtils.java:logGet(43)) - raft.server.snapshot.auto.trigger.threshold = 10000 (custom)
2019-09-12 10:09:43,206 [pool-144-thread-1] INFO  server.RaftServerConfigKeys (ConfUtils.java:logGet(43)) - raft.server.retrycache.expirytime = 600000ms (custom)
2019-09-12 10:09:43,206 [pool-144-thread-1] INFO  impl.RaftServerImpl (RaftServerImpl.java:start(180)) - 327069ba-886f-4aa6-8546-b1f43ae7c0e4: start group-A17A10B5B38A
2019-09-12 10:09:43,206 [pool-144-thread-1] INFO  impl.RaftServerImpl (RaftServerImpl.java:setRole(171)) - 327069ba-886f-4aa6-8546-b1f43ae7c0e4:group-A17A10B5B38A changes role from null to FOLLOWER at term 0 for startAsFollower
2019-09-12 10:09:43,206 [pool-144-thread-1] INFO  impl.RoleInfo (RoleInfo.java:updateAndGet(143)) - 327069ba-886f-4aa6-8546-b1f43ae7c0e4: start FollowerState
2019-09-12 10:09:43,207 [pool-144-thread-1] INFO  util.JmxRegister (JmxRegister.java:tryRegister(44)) - Successfully registered JMX Bean with object name Ratis:service=RaftServer,group=group-A17A10B5B38A,id=327069ba-886f-4aa6-8546-b1f43ae7c0e4
2019-09-12 10:09:43,212 [RatisPipelineUtilsThread] INFO  pipeline.PipelineStateManager (PipelineStateManager.java:addPipeline(56)) - Created pipeline Pipeline[ Id: 45ded13f-5eed-471a-ae2d-a17a10b5b38a, Nodes: 327069ba-886f-4aa6-8546-b1f43ae7c0e4{ip: 192.168.36.114, host: pr-hdds-1569-58hkm-1881083799, networkLocation: /default-rack, certSerialId: null}, Type:RATIS, Factor:ONE, State:OPEN]
2019-09-12 10:09:43,213 [RatisPipelineUtilsThread] ERROR pipeline.PipelinePlacementPolicy (PipelinePlacementPolicy.java:meetCriteria(92)) - Pipeline Placement: Doesn't meet the criteria to be viable node. Heaviness: 6
2019-09-12 10:09:43,221 [grpc-default-executor-1] INFO  impl.RaftServerProxy (RaftServerProxy.java:addNew(89)) - 327069ba-886f-4aa6-8546-b1f43ae7c0e4: addNew group-B4E4E4548BE5:[327069ba-886f-4aa6-8546-b1f43ae7c0e4:192.168.36.114:34487] returns group-B4E4E4548BE5:java.util.concurrent.CompletableFuture@40cd938e[Not completed]
2019-09-12 10:09:43,222 [pool-144-thread-1] INFO  impl.RaftServerImpl (RaftServerImpl.java:<init>(93)) - 327069ba-886f-4aa6-8546-b1f43ae7c0e4: new RaftServerImpl for group-B4E4E4548BE5:[327069ba-886f-4aa6-8546-b1f43ae7c0e4:192.168.36.114:34487] with ContainerStateMachine:uninitialized
2019-09-12 10:09:43,223 [pool-144-thread-1] INFO  server.RaftServerConfigKeys (ConfUtils.java:logGet(43)) - raft.server.rpc.timeout.min = 5s (custom)
2019-09-12 10:09:43,223 [pool-144-thread-1] INFO  server.RaftServerConfigKeys (ConfUtils.java:logGet(43)) - raft.server.rpc.timeout.max = 5200ms (custom)
2019-09-12 10:09:43,223 [pool-144-thread-1] INFO  server.RaftServerConfigKeys (ConfUtils.java:logGet(43)) - raft.server.rpcslowness.timeout = 120s (custom)
2019-09-12 10:09:43,223 [pool-144-thread-1] INFO  server.RaftServerConfigKeys (ConfUtils.java:logGet(43)) - raft.server.sleep.deviation.threshold = 300 (default)
2019-09-12 10:09:43,223 [pool-144-thread-1] INFO  server.RaftServerConfigKeys (ConfUtils.java:logGet(43)) - raft.server.log.appender.install.snapshot.enabled = false (custom)
2019-09-12 10:09:43,223 [pool-144-thread-1] INFO  impl.RaftServerImpl (ServerState.java:<init>(105)) - 327069ba-886f-4aa6-8546-b1f43ae7c0e4:group-B4E4E4548BE5 ConfigurationManager, init=-1: [327069ba-886f-4aa6-8546-b1f43ae7c0e4:192.168.36.114:34487], old=null, confs=<EMPTY_MAP>
2019-09-12 10:09:43,224 [pool-144-thread-1] INFO  server.RaftServerConfigKeys (ConfUtils.java:logGet(43)) - raft.server.storage.dir = [/workdir/hadoop-ozone/integration-test/target/test-dir/MiniOzoneClusterImpl-78812344-8fab-4fd2-b9e8-17e484e4ebaf/datanode-1/data/ratis] (custom)
2019-09-12 10:09:43,224 [pool-144-thread-1] INFO  storage.RaftStorageDirectory (RaftStorageDirectory.java:analyzeStorage(246)) - The storage directory /workdir/hadoop-ozone/integration-test/target/test-dir/MiniOzoneClusterImpl-78812344-8fab-4fd2-b9e8-17e484e4ebaf/datanode-1/data/ratis/c4b434d9-cac9-4857-8ab7-b4e4e4548be5 does not exist. Creating ...
2019-09-12 10:09:43,270 [pool-144-thread-1] INFO  storage.RaftStorageDirectory (RaftStorageDirectory.java:tryLock(328)) - Lock on /workdir/hadoop-ozone/integration-test/target/test-dir/MiniOzoneClusterImpl-78812344-8fab-4fd2-b9e8-17e484e4ebaf/datanode-1/data/ratis/c4b434d9-cac9-4857-8ab7-b4e4e4548be5/in_use.lock acquired by nodename 2537@pr-hdds-1569-58hkm-1881083799
2019-09-12 10:09:43,336 [pool-144-thread-1] INFO  storage.RaftStorage (RaftStorage.java:format(72)) - Storage directory /workdir/hadoop-ozone/integration-test/target/test-dir/MiniOzoneClusterImpl-78812344-8fab-4fd2-b9e8-17e484e4ebaf/datanode-1/data/ratis/c4b434d9-cac9-4857-8ab7-b4e4e4548be5 has been successfully formatted.
2019-09-12 10:09:43,336 [pool-144-thread-1] INFO  ratis.ContainerStateMachine (ContainerStateMachine.java:loadSnapshot(226)) - group-B4E4E4548BE5: The snapshot info is null. Setting the last applied indexto:(t:0, i:~)
2019-09-12 10:09:43,337 [pool-144-thread-1] INFO  server.RaftServerConfigKeys (ConfUtils.java:logGet(43)) - raft.server.leader.election.timeout = 120s (custom)
2019-09-12 10:09:43,337 [pool-144-thread-1] INFO  server.RaftServerConfigKeys (ConfUtils.java:logGet(43)) - raft.server.log.use.memory = false (default)
2019-09-12 10:09:43,337 [pool-144-thread-1] INFO  server.RaftServerConfigKeys (ConfUtils.java:logGet(43)) - raft.server.log.purge.gap = 1000000 (custom)
2019-09-12 10:09:43,337 [pool-144-thread-1] INFO  server.RaftServerConfigKeys (ConfUtils.java:logGet(43)) - raft.server.log.appender.buffer.byte-limit = 33554432 (custom)
2019-09-12 10:09:43,337 [pool-144-thread-1] INFO  server.RaftServerConfigKeys (ConfUtils.java:logGet(43)) - raft.server.log.segment.size.max = 1048576 (custom)
2019-09-12 10:09:43,337 [pool-144-thread-1] INFO  server.RaftServerConfigKeys (ConfUtils.java:logGet(43)) - raft.server.log.segment.cache.num.max = 2 (custom)
2019-09-12 10:09:43,337 [pool-144-thread-1] INFO  segmented.SegmentedRaftLogWorker (SegmentedRaftLogWorker.java:<init>(172)) - new 327069ba-886f-4aa6-8546-b1f43ae7c0e4-SegmentedRaftLogWorker:Storage Directory /workdir/hadoop-ozone/integration-test/target/test-dir/MiniOzoneClusterImpl-78812344-8fab-4fd2-b9e8-17e484e4ebaf/datanode-1/data/ratis/c4b434d9-cac9-4857-8ab7-b4e4e4548be5 for RaftStorage:Storage Directory /workdir/hadoop-ozone/integration-test/target/test-dir/MiniOzoneClusterImpl-78812344-8fab-4fd2-b9e8-17e484e4ebaf/datanode-1/data/ratis/c4b434d9-cac9-4857-8ab7-b4e4e4548be5
2019-09-12 10:09:43,338 [pool-144-thread-1] INFO  server.RaftServerConfigKeys (ConfUtils.java:logGet(43)) - raft.server.log.queue.byte-limit = 2147483647 (custom)
2019-09-12 10:09:43,338 [pool-144-thread-1] INFO  server.RaftServerConfigKeys (ConfUtils.java:logGet(43)) - raft.server.log.queue.element-limit = 1024 (custom)
2019-09-12 10:09:43,338 [pool-144-thread-1] INFO  server.RaftServerConfigKeys (ConfUtils.java:logGet(43)) - raft.server.log.segment.size.max = 1048576 (custom)
2019-09-12 10:09:43,338 [pool-144-thread-1] INFO  server.RaftServerConfigKeys (ConfUtils.java:logGet(43)) - raft.server.log.preallocated.size = 16384 (custom)
2019-09-12 10:09:43,338 [pool-144-thread-1] INFO  server.RaftServerConfigKeys (ConfUtils.java:logGet(43)) - raft.server.log.write.buffer.size = 33554432 (custom)
2019-09-12 10:09:43,338 [pool-144-thread-1] INFO  server.RaftServerConfigKeys (ConfUtils.java:logGet(43)) - raft.server.log.force.sync.num = 128 (default)
2019-09-12 10:09:43,338 [pool-144-thread-1] INFO  server.RaftServerConfigKeys (ConfUtils.java:logGet(43)) - raft.server.log.statemachine.data.sync = true (default)
2019-09-12 10:09:43,338 [pool-144-thread-1] INFO  server.RaftServerConfigKeys (ConfUtils.java:logGet(43)) - raft.server.log.statemachine.data.sync.timeout = 10s (default)
2019-09-12 10:09:43,339 [pool-144-thread-1] INFO  server.RaftServerConfigKeys (ConfUtils.java:logGet(43)) - raft.server.log.statemachine.data.sync.timeout.retry = -1 (default)
2019-09-12 10:09:43,339 [pool-144-thread-1] INFO  server.RaftServerConfigKeys (ConfUtils.java:logGet(43)) - raft.server.log.statemachine.data.caching.enabled = true (custom)
2019-09-12 10:09:43,339 [pool-144-thread-1] INFO  segmented.SegmentedRaftLogWorker (SegmentedRaftLogWorker.java:lambda$new$0(132)) - 327069ba-886f-4aa6-8546-b1f43ae7c0e4-SegmentedRaftLogWorker:Storage Directory /workdir/hadoop-ozone/integration-test/target/test-dir/MiniOzoneClusterImpl-78812344-8fab-4fd2-b9e8-17e484e4ebaf/datanode-1/data/ratis/c4b434d9-cac9-4857-8ab7-b4e4e4548be5: flushIndex: setUnconditionally 0 -> -1
2019-09-12 10:09:43,340 [pool-144-thread-1] INFO  server.RaftServerConfigKeys (ConfUtils.java:logGet(43)) - raft.server.snapshot.auto.trigger.enabled = true (custom)
2019-09-12 10:09:43,340 [pool-144-thread-1] INFO  server.RaftServerConfigKeys (ConfUtils.java:logGet(43)) - raft.server.snapshot.auto.trigger.threshold = 10000 (custom)
2019-09-12 10:09:43,340 [pool-144-thread-1] INFO  server.RaftServerConfigKeys (ConfUtils.java:logGet(43)) - raft.server.retrycache.expirytime = 600000ms (custom)
2019-09-12 10:09:43,340 [pool-144-thread-1] INFO  impl.RaftServerImpl (RaftServerImpl.java:start(180)) - 327069ba-886f-4aa6-8546-b1f43ae7c0e4: start group-B4E4E4548BE5
2019-09-12 10:09:43,340 [pool-144-thread-1] INFO  impl.RaftServerImpl (RaftServerImpl.java:setRole(171)) - 327069ba-886f-4aa6-8546-b1f43ae7c0e4:group-B4E4E4548BE5 changes role from null to FOLLOWER at term 0 for startAsFollower
2019-09-12 10:09:43,341 [pool-144-thread-1] INFO  impl.RoleInfo (RoleInfo.java:updateAndGet(143)) - 327069ba-886f-4aa6-8546-b1f43ae7c0e4: start FollowerState
2019-09-12 10:09:43,341 [pool-144-thread-1] INFO  util.JmxRegister (JmxRegister.java:tryRegister(44)) - Successfully registered JMX Bean with object name Ratis:service=RaftServer,group=group-B4E4E4548BE5,id=327069ba-886f-4aa6-8546-b1f43ae7c0e4
2019-09-12 10:09:43,345 [RatisPipelineUtilsThread] INFO  pipeline.PipelineStateManager (PipelineStateManager.java:addPipeline(56)) - Created pipeline Pipeline[ Id: c4b434d9-cac9-4857-8ab7-b4e4e4548be5, Nodes: 327069ba-886f-4aa6-8546-b1f43ae7c0e4{ip: 192.168.36.114, host: pr-hdds-1569-58hkm-1881083799, networkLocation: /default-rack, certSerialId: null}, Type:RATIS, Factor:ONE, State:OPEN]
2019-09-12 10:09:43,345 [RatisPipelineUtilsThread] ERROR pipeline.PipelinePlacementPolicy (PipelinePlacementPolicy.java:meetCriteria(92)) - Pipeline Placement: Doesn't meet the criteria to be viable node. Heaviness: 6
2019-09-12 10:09:43,351 [grpc-default-executor-1] INFO  impl.RaftServerProxy (RaftServerProxy.java:addNew(89)) - 327069ba-886f-4aa6-8546-b1f43ae7c0e4: addNew group-AFB4A7419145:[327069ba-886f-4aa6-8546-b1f43ae7c0e4:192.168.36.114:34487] returns group-AFB4A7419145:java.util.concurrent.CompletableFuture@380d09ed[Not completed]
2019-09-12 10:09:43,352 [pool-144-thread-1] INFO  impl.RaftServerImpl (RaftServerImpl.java:<init>(93)) - 327069ba-886f-4aa6-8546-b1f43ae7c0e4: new RaftServerImpl for group-AFB4A7419145:[327069ba-886f-4aa6-8546-b1f43ae7c0e4:192.168.36.114:34487] with ContainerStateMachine:uninitialized
2019-09-12 10:09:43,352 [pool-144-thread-1] INFO  server.RaftServerConfigKeys (ConfUtils.java:logGet(43)) - raft.server.rpc.timeout.min = 5s (custom)
2019-09-12 10:09:43,352 [pool-144-thread-1] INFO  server.RaftServerConfigKeys (ConfUtils.java:logGet(43)) - raft.server.rpc.timeout.max = 5200ms (custom)
2019-09-12 10:09:43,352 [pool-144-thread-1] INFO  server.RaftServerConfigKeys (ConfUtils.java:logGet(43)) - raft.server.rpcslowness.timeout = 120s (custom)
2019-09-12 10:09:43,352 [pool-144-thread-1] INFO  server.RaftServerConfigKeys (ConfUtils.java:logGet(43)) - raft.server.sleep.deviation.threshold = 300 (default)
2019-09-12 10:09:43,352 [pool-144-thread-1] INFO  server.RaftServerConfigKeys (ConfUtils.java:logGet(43)) - raft.server.log.appender.install.snapshot.enabled = false (custom)
2019-09-12 10:09:43,353 [pool-144-thread-1] INFO  impl.RaftServerImpl (ServerState.java:<init>(105)) - 327069ba-886f-4aa6-8546-b1f43ae7c0e4:group-AFB4A7419145 ConfigurationManager, init=-1: [327069ba-886f-4aa6-8546-b1f43ae7c0e4:192.168.36.114:34487], old=null, confs=<EMPTY_MAP>
2019-09-12 10:09:43,353 [pool-144-thread-1] INFO  server.RaftServerConfigKeys (ConfUtils.java:logGet(43)) - raft.server.storage.dir = [/workdir/hadoop-ozone/integration-test/target/test-dir/MiniOzoneClusterImpl-78812344-8fab-4fd2-b9e8-17e484e4ebaf/datanode-1/data/ratis] (custom)
2019-09-12 10:09:43,353 [pool-144-thread-1] INFO  storage.RaftStorageDirectory (RaftStorageDirectory.java:analyzeStorage(246)) - The storage directory /workdir/hadoop-ozone/integration-test/target/test-dir/MiniOzoneClusterImpl-78812344-8fab-4fd2-b9e8-17e484e4ebaf/datanode-1/data/ratis/49969652-8640-42c2-b5ea-afb4a7419145 does not exist. Creating ...
2019-09-12 10:09:43,415 [pool-144-thread-1] INFO  storage.RaftStorageDirectory (RaftStorageDirectory.java:tryLock(328)) - Lock on /workdir/hadoop-ozone/integration-test/target/test-dir/MiniOzoneClusterImpl-78812344-8fab-4fd2-b9e8-17e484e4ebaf/datanode-1/data/ratis/49969652-8640-42c2-b5ea-afb4a7419145/in_use.lock acquired by nodename 2537@pr-hdds-1569-58hkm-1881083799
2019-09-12 10:09:43,467 [pool-144-thread-1] INFO  storage.RaftStorage (RaftStorage.java:format(72)) - Storage directory /workdir/hadoop-ozone/integration-test/target/test-dir/MiniOzoneClusterImpl-78812344-8fab-4fd2-b9e8-17e484e4ebaf/datanode-1/data/ratis/49969652-8640-42c2-b5ea-afb4a7419145 has been successfully formatted.
2019-09-12 10:09:43,467 [pool-144-thread-1] INFO  ratis.ContainerStateMachine (ContainerStateMachine.java:loadSnapshot(226)) - group-AFB4A7419145: The snapshot info is null. Setting the last applied indexto:(t:0, i:~)
2019-09-12 10:09:43,467 [pool-144-thread-1] INFO  server.RaftServerConfigKeys (ConfUtils.java:logGet(43)) - raft.server.leader.election.timeout = 120s (custom)
2019-09-12 10:09:43,468 [pool-144-thread-1] INFO  server.RaftServerConfigKeys (ConfUtils.java:logGet(43)) - raft.server.log.use.memory = false (default)
2019-09-12 10:09:43,468 [pool-144-thread-1] INFO  server.RaftServerConfigKeys (ConfUtils.java:logGet(43)) - raft.server.log.purge.gap = 1000000 (custom)
2019-09-12 10:09:43,468 [pool-144-thread-1] INFO  server.RaftServerConfigKeys (ConfUtils.java:logGet(43)) - raft.server.log.appender.buffer.byte-limit = 33554432 (custom)
2019-09-12 10:09:43,468 [pool-144-thread-1] INFO  server.RaftServerConfigKeys (ConfUtils.java:logGet(43)) - raft.server.log.segment.size.max = 1048576 (custom)
2019-09-12 10:09:43,468 [pool-144-thread-1] INFO  server.RaftServerConfigKeys (ConfUtils.java:logGet(43)) - raft.server.log.segment.cache.num.max = 2 (custom)
2019-09-12 10:09:43,468 [pool-144-thread-1] INFO  segmented.SegmentedRaftLogWorker (SegmentedRaftLogWorker.java:<init>(172)) - new 327069ba-886f-4aa6-8546-b1f43ae7c0e4-SegmentedRaftLogWorker:Storage Directory /workdir/hadoop-ozone/integration-test/target/test-dir/MiniOzoneClusterImpl-78812344-8fab-4fd2-b9e8-17e484e4ebaf/datanode-1/data/ratis/49969652-8640-42c2-b5ea-afb4a7419145 for RaftStorage:Storage Directory /workdir/hadoop-ozone/integration-test/target/test-dir/MiniOzoneClusterImpl-78812344-8fab-4fd2-b9e8-17e484e4ebaf/datanode-1/data/ratis/49969652-8640-42c2-b5ea-afb4a7419145
2019-09-12 10:09:43,468 [pool-144-thread-1] INFO  server.RaftServerConfigKeys (ConfUtils.java:logGet(43)) - raft.server.log.queue.byte-limit = 2147483647 (custom)
2019-09-12 10:09:43,468 [pool-144-thread-1] INFO  server.RaftServerConfigKeys (ConfUtils.java:logGet(43)) - raft.server.log.queue.element-limit = 1024 (custom)
2019-09-12 10:09:43,469 [pool-144-thread-1] INFO  server.RaftServerConfigKeys (ConfUtils.java:logGet(43)) - raft.server.log.segment.size.max = 1048576 (custom)
2019-09-12 10:09:43,469 [pool-144-thread-1] INFO  server.RaftServerConfigKeys (ConfUtils.java:logGet(43)) - raft.server.log.preallocated.size = 16384 (custom)
2019-09-12 10:09:43,469 [pool-144-thread-1] INFO  server.RaftServerConfigKeys (ConfUtils.java:logGet(43)) - raft.server.log.write.buffer.size = 33554432 (custom)
2019-09-12 10:09:43,469 [pool-144-thread-1] INFO  server.RaftServerConfigKeys (ConfUtils.java:logGet(43)) - raft.server.log.force.sync.num = 128 (default)
2019-09-12 10:09:43,469 [pool-144-thread-1] INFO  server.RaftServerConfigKeys (ConfUtils.java:logGet(43)) - raft.server.log.statemachine.data.sync = true (default)
2019-09-12 10:09:43,469 [pool-144-thread-1] INFO  server.RaftServerConfigKeys (ConfUtils.java:logGet(43)) - raft.server.log.statemachine.data.sync.timeout = 10s (default)
2019-09-12 10:09:43,469 [pool-144-thread-1] INFO  server.RaftServerConfigKeys (ConfUtils.java:logGet(43)) - raft.server.log.statemachine.data.sync.timeout.retry = -1 (default)
2019-09-12 10:09:43,470 [pool-144-thread-1] INFO  server.RaftServerConfigKeys (ConfUtils.java:logGet(43)) - raft.server.log.statemachine.data.caching.enabled = true (custom)
2019-09-12 10:09:43,470 [pool-144-thread-1] INFO  segmented.SegmentedRaftLogWorker (SegmentedRaftLogWorker.java:lambda$new$0(132)) - 327069ba-886f-4aa6-8546-b1f43ae7c0e4-SegmentedRaftLogWorker:Storage Directory /workdir/hadoop-ozone/integration-test/target/test-dir/MiniOzoneClusterImpl-78812344-8fab-4fd2-b9e8-17e484e4ebaf/datanode-1/data/ratis/49969652-8640-42c2-b5ea-afb4a7419145: flushIndex: setUnconditionally 0 -> -1
2019-09-12 10:09:43,470 [pool-144-thread-1] INFO  server.RaftServerConfigKeys (ConfUtils.java:logGet(43)) - raft.server.snapshot.auto.trigger.enabled = true (custom)
2019-09-12 10:09:43,470 [pool-144-thread-1] INFO  server.RaftServerConfigKeys (ConfUtils.java:logGet(43)) - raft.server.snapshot.auto.trigger.threshold = 10000 (custom)
2019-09-12 10:09:43,470 [pool-144-thread-1] INFO  server.RaftServerConfigKeys (ConfUtils.java:logGet(43)) - raft.server.retrycache.expirytime = 600000ms (custom)
2019-09-12 10:09:43,471 [pool-144-thread-1] INFO  impl.RaftServerImpl (RaftServerImpl.java:start(180)) - 327069ba-886f-4aa6-8546-b1f43ae7c0e4: start group-AFB4A7419145
2019-09-12 10:09:43,471 [pool-144-thread-1] INFO  impl.RaftServerImpl (RaftServerImpl.java:setRole(171)) - 327069ba-886f-4aa6-8546-b1f43ae7c0e4:group-AFB4A7419145 changes role from null to FOLLOWER at term 0 for startAsFollower
2019-09-12 10:09:43,471 [pool-144-thread-1] INFO  impl.RoleInfo (RoleInfo.java:updateAndGet(143)) - 327069ba-886f-4aa6-8546-b1f43ae7c0e4: start FollowerState
2019-09-12 10:09:43,471 [pool-144-thread-1] INFO  util.JmxRegister (JmxRegister.java:tryRegister(44)) - Successfully registered JMX Bean with object name Ratis:service=RaftServer,group=group-AFB4A7419145,id=327069ba-886f-4aa6-8546-b1f43ae7c0e4
2019-09-12 10:09:43,474 [RatisPipelineUtilsThread] INFO  pipeline.PipelineStateManager (PipelineStateManager.java:addPipeline(56)) - Created pipeline Pipeline[ Id: 49969652-8640-42c2-b5ea-afb4a7419145, Nodes: 327069ba-886f-4aa6-8546-b1f43ae7c0e4{ip: 192.168.36.114, host: pr-hdds-1569-58hkm-1881083799, networkLocation: /default-rack, certSerialId: null}, Type:RATIS, Factor:ONE, State:OPEN]
2019-09-12 10:09:43,474 [RatisPipelineUtilsThread] ERROR pipeline.PipelinePlacementPolicy (PipelinePlacementPolicy.java:meetCriteria(92)) - Pipeline Placement: Doesn't meet the criteria to be viable node. Heaviness: 6
2019-09-12 10:09:43,481 [grpc-default-executor-1] INFO  impl.RaftServerProxy (RaftServerProxy.java:addNew(89)) - 327069ba-886f-4aa6-8546-b1f43ae7c0e4: addNew group-9BDB78CC4A71:[327069ba-886f-4aa6-8546-b1f43ae7c0e4:192.168.36.114:34487] returns group-9BDB78CC4A71:java.util.concurrent.CompletableFuture@2c094e6a[Not completed]
2019-09-12 10:09:43,482 [pool-144-thread-1] INFO  impl.RaftServerImpl (RaftServerImpl.java:<init>(93)) - 327069ba-886f-4aa6-8546-b1f43ae7c0e4: new RaftServerImpl for group-9BDB78CC4A71:[327069ba-886f-4aa6-8546-b1f43ae7c0e4:192.168.36.114:34487] with ContainerStateMachine:uninitialized
2019-09-12 10:09:43,482 [pool-144-thread-1] INFO  server.RaftServerConfigKeys (ConfUtils.java:logGet(43)) - raft.server.rpc.timeout.min = 5s (custom)
2019-09-12 10:09:43,482 [pool-144-thread-1] INFO  server.RaftServerConfigKeys (ConfUtils.java:logGet(43)) - raft.server.rpc.timeout.max = 5200ms (custom)
2019-09-12 10:09:43,482 [pool-144-thread-1] INFO  server.RaftServerConfigKeys (ConfUtils.java:logGet(43)) - raft.server.rpcslowness.timeout = 120s (custom)
2019-09-12 10:09:43,483 [pool-144-thread-1] INFO  server.RaftServerConfigKeys (ConfUtils.java:logGet(43)) - raft.server.sleep.deviation.threshold = 300 (default)
2019-09-12 10:09:43,483 [pool-144-thread-1] INFO  server.RaftServerConfigKeys (ConfUtils.java:logGet(43)) - raft.server.log.appender.install.snapshot.enabled = false (custom)
2019-09-12 10:09:43,483 [pool-144-thread-1] INFO  impl.RaftServerImpl (ServerState.java:<init>(105)) - 327069ba-886f-4aa6-8546-b1f43ae7c0e4:group-9BDB78CC4A71 ConfigurationManager, init=-1: [327069ba-886f-4aa6-8546-b1f43ae7c0e4:192.168.36.114:34487], old=null, confs=<EMPTY_MAP>
2019-09-12 10:09:43,483 [pool-144-thread-1] INFO  server.RaftServerConfigKeys (ConfUtils.java:logGet(43)) - raft.server.storage.dir = [/workdir/hadoop-ozone/integration-test/target/test-dir/MiniOzoneClusterImpl-78812344-8fab-4fd2-b9e8-17e484e4ebaf/datanode-1/data/ratis] (custom)
2019-09-12 10:09:43,483 [pool-144-thread-1] INFO  storage.RaftStorageDirectory (RaftStorageDirectory.java:analyzeStorage(246)) - The storage directory /workdir/hadoop-ozone/integration-test/target/test-dir/MiniOzoneClusterImpl-78812344-8fab-4fd2-b9e8-17e484e4ebaf/datanode-1/data/ratis/7f082bbd-30be-4bef-acc7-9bdb78cc4a71 does not exist. Creating ...
2019-09-12 10:09:43,496 [pool-144-thread-1] INFO  storage.RaftStorageDirectory (RaftStorageDirectory.java:tryLock(328)) - Lock on /workdir/hadoop-ozone/integration-test/target/test-dir/MiniOzoneClusterImpl-78812344-8fab-4fd2-b9e8-17e484e4ebaf/datanode-1/data/ratis/7f082bbd-30be-4bef-acc7-9bdb78cc4a71/in_use.lock acquired by nodename 2537@pr-hdds-1569-58hkm-1881083799
2019-09-12 10:09:43,569 [pool-144-thread-1] INFO  storage.RaftStorage (RaftStorage.java:format(72)) - Storage directory /workdir/hadoop-ozone/integration-test/target/test-dir/MiniOzoneClusterImpl-78812344-8fab-4fd2-b9e8-17e484e4ebaf/datanode-1/data/ratis/7f082bbd-30be-4bef-acc7-9bdb78cc4a71 has been successfully formatted.
2019-09-12 10:09:43,570 [pool-144-thread-1] INFO  ratis.ContainerStateMachine (ContainerStateMachine.java:loadSnapshot(226)) - group-9BDB78CC4A71: The snapshot info is null. Setting the last applied indexto:(t:0, i:~)
2019-09-12 10:09:43,570 [pool-144-thread-1] INFO  server.RaftServerConfigKeys (ConfUtils.java:logGet(43)) - raft.server.leader.election.timeout = 120s (custom)
2019-09-12 10:09:43,570 [pool-144-thread-1] INFO  server.RaftServerConfigKeys (ConfUtils.java:logGet(43)) - raft.server.log.use.memory = false (default)
2019-09-12 10:09:43,570 [pool-144-thread-1] INFO  server.RaftServerConfigKeys (ConfUtils.java:logGet(43)) - raft.server.log.purge.gap = 1000000 (custom)
2019-09-12 10:09:43,570 [pool-144-thread-1] INFO  server.RaftServerConfigKeys (ConfUtils.java:logGet(43)) - raft.server.log.appender.buffer.byte-limit = 33554432 (custom)
2019-09-12 10:09:43,570 [pool-144-thread-1] INFO  server.RaftServerConfigKeys (ConfUtils.java:logGet(43)) - raft.server.log.segment.size.max = 1048576 (custom)
2019-09-12 10:09:43,571 [pool-144-thread-1] INFO  server.RaftServerConfigKeys (ConfUtils.java:logGet(43)) - raft.server.log.segment.cache.num.max = 2 (custom)
2019-09-12 10:09:43,571 [pool-144-thread-1] INFO  segmented.SegmentedRaftLogWorker (SegmentedRaftLogWorker.java:<init>(172)) - new 327069ba-886f-4aa6-8546-b1f43ae7c0e4-SegmentedRaftLogWorker:Storage Directory /workdir/hadoop-ozone/integration-test/target/test-dir/MiniOzoneClusterImpl-78812344-8fab-4fd2-b9e8-17e484e4ebaf/datanode-1/data/ratis/7f082bbd-30be-4bef-acc7-9bdb78cc4a71 for RaftStorage:Storage Directory /workdir/hadoop-ozone/integration-test/target/test-dir/MiniOzoneClusterImpl-78812344-8fab-4fd2-b9e8-17e484e4ebaf/datanode-1/data/ratis/7f082bbd-30be-4bef-acc7-9bdb78cc4a71
2019-09-12 10:09:43,571 [pool-144-thread-1] INFO  server.RaftServerConfigKeys (ConfUtils.java:logGet(43)) - raft.server.log.queue.byte-limit = 2147483647 (custom)
2019-09-12 10:09:43,571 [pool-144-thread-1] INFO  server.RaftServerConfigKeys (ConfUtils.java:logGet(43)) - raft.server.log.queue.element-limit = 1024 (custom)
2019-09-12 10:09:43,571 [pool-144-thread-1] INFO  server.RaftServerConfigKeys (ConfUtils.java:logGet(43)) - raft.server.log.segment.size.max = 1048576 (custom)
2019-09-12 10:09:43,571 [pool-144-thread-1] INFO  server.RaftServerConfigKeys (ConfUtils.java:logGet(43)) - raft.server.log.preallocated.size = 16384 (custom)
2019-09-12 10:09:43,572 [pool-144-thread-1] INFO  server.RaftServerConfigKeys (ConfUtils.java:logGet(43)) - raft.server.log.write.buffer.size = 33554432 (custom)
2019-09-12 10:09:43,572 [pool-144-thread-1] INFO  server.RaftServerConfigKeys (ConfUtils.java:logGet(43)) - raft.server.log.force.sync.num = 128 (default)
2019-09-12 10:09:43,572 [pool-144-thread-1] INFO  server.RaftServerConfigKeys (ConfUtils.java:logGet(43)) - raft.server.log.statemachine.data.sync = true (default)
2019-09-12 10:09:43,572 [pool-144-thread-1] INFO  server.RaftServerConfigKeys (ConfUtils.java:logGet(43)) - raft.server.log.statemachine.data.sync.timeout = 10s (default)
2019-09-12 10:09:43,572 [pool-144-thread-1] INFO  server.RaftServerConfigKeys (ConfUtils.java:logGet(43)) - raft.server.log.statemachine.data.sync.timeout.retry = -1 (default)
2019-09-12 10:09:43,572 [pool-144-thread-1] INFO  server.RaftServerConfigKeys (ConfUtils.java:logGet(43)) - raft.server.log.statemachine.data.caching.enabled = true (custom)
2019-09-12 10:09:43,573 [pool-144-thread-1] INFO  segmented.SegmentedRaftLogWorker (SegmentedRaftLogWorker.java:lambda$new$0(132)) - 327069ba-886f-4aa6-8546-b1f43ae7c0e4-SegmentedRaftLogWorker:Storage Directory /workdir/hadoop-ozone/integration-test/target/test-dir/MiniOzoneClusterImpl-78812344-8fab-4fd2-b9e8-17e484e4ebaf/datanode-1/data/ratis/7f082bbd-30be-4bef-acc7-9bdb78cc4a71: flushIndex: setUnconditionally 0 -> -1
2019-09-12 10:09:43,573 [pool-144-thread-1] INFO  server.RaftServerConfigKeys (ConfUtils.java:logGet(43)) - raft.server.snapshot.auto.trigger.enabled = true (custom)
2019-09-12 10:09:43,573 [pool-144-thread-1] INFO  server.RaftServerConfigKeys (ConfUtils.java:logGet(43)) - raft.server.snapshot.auto.trigger.threshold = 10000 (custom)
2019-09-12 10:09:43,573 [pool-144-thread-1] INFO  server.RaftServerConfigKeys (ConfUtils.java:logGet(43)) - raft.server.retrycache.expirytime = 600000ms (custom)
2019-09-12 10:09:43,574 [pool-144-thread-1] INFO  impl.RaftServerImpl (RaftServerImpl.java:start(180)) - 327069ba-886f-4aa6-8546-b1f43ae7c0e4: start group-9BDB78CC4A71
2019-09-12 10:09:43,574 [pool-144-thread-1] INFO  impl.RaftServerImpl (RaftServerImpl.java:setRole(171)) - 327069ba-886f-4aa6-8546-b1f43ae7c0e4:group-9BDB78CC4A71 changes role from null to FOLLOWER at term 0 for startAsFollower
2019-09-12 10:09:43,574 [pool-144-thread-1] INFO  impl.RoleInfo (RoleInfo.java:updateAndGet(143)) - 327069ba-886f-4aa6-8546-b1f43ae7c0e4: start FollowerState
2019-09-12 10:09:43,574 [pool-144-thread-1] INFO  util.JmxRegister (JmxRegister.java:tryRegister(44)) - Successfully registered JMX Bean with object name Ratis:service=RaftServer,group=group-9BDB78CC4A71,id=327069ba-886f-4aa6-8546-b1f43ae7c0e4
2019-09-12 10:09:43,578 [RatisPipelineUtilsThread] INFO  pipeline.PipelineStateManager (PipelineStateManager.java:addPipeline(56)) - Created pipeline Pipeline[ Id: 7f082bbd-30be-4bef-acc7-9bdb78cc4a71, Nodes: 327069ba-886f-4aa6-8546-b1f43ae7c0e4{ip: 192.168.36.114, host: pr-hdds-1569-58hkm-1881083799, networkLocation: /default-rack, certSerialId: null}, Type:RATIS, Factor:ONE, State:OPEN]
2019-09-12 10:09:43,578 [RatisPipelineUtilsThread] ERROR pipeline.PipelinePlacementPolicy (PipelinePlacementPolicy.java:meetCriteria(92)) - Pipeline Placement: Doesn't meet the criteria to be viable node. Heaviness: 6
2019-09-12 10:09:43,584 [grpc-default-executor-1] INFO  impl.RaftServerProxy (RaftServerProxy.java:addNew(89)) - 327069ba-886f-4aa6-8546-b1f43ae7c0e4: addNew group-28A177CBF49B:[327069ba-886f-4aa6-8546-b1f43ae7c0e4:192.168.36.114:34487] returns group-28A177CBF49B:java.util.concurrent.CompletableFuture@2309a400[Not completed]
2019-09-12 10:09:43,585 [pool-144-thread-1] INFO  impl.RaftServerImpl (RaftServerImpl.java:<init>(93)) - 327069ba-886f-4aa6-8546-b1f43ae7c0e4: new RaftServerImpl for group-28A177CBF49B:[327069ba-886f-4aa6-8546-b1f43ae7c0e4:192.168.36.114:34487] with ContainerStateMachine:uninitialized
2019-09-12 10:09:43,586 [pool-144-thread-1] INFO  server.RaftServerConfigKeys (ConfUtils.java:logGet(43)) - raft.server.rpc.timeout.min = 5s (custom)
2019-09-12 10:09:43,586 [pool-144-thread-1] INFO  server.RaftServerConfigKeys (ConfUtils.java:logGet(43)) - raft.server.rpc.timeout.max = 5200ms (custom)
2019-09-12 10:09:43,586 [pool-144-thread-1] INFO  server.RaftServerConfigKeys (ConfUtils.java:logGet(43)) - raft.server.rpcslowness.timeout = 120s (custom)
2019-09-12 10:09:43,586 [pool-144-thread-1] INFO  server.RaftServerConfigKeys (ConfUtils.java:logGet(43)) - raft.server.sleep.deviation.threshold = 300 (default)
2019-09-12 10:09:43,586 [pool-144-thread-1] INFO  server.RaftServerConfigKeys (ConfUtils.java:logGet(43)) - raft.server.log.appender.install.snapshot.enabled = false (custom)
2019-09-12 10:09:43,586 [pool-144-thread-1] INFO  impl.RaftServerImpl (ServerState.java:<init>(105)) - 327069ba-886f-4aa6-8546-b1f43ae7c0e4:group-28A177CBF49B ConfigurationManager, init=-1: [327069ba-886f-4aa6-8546-b1f43ae7c0e4:192.168.36.114:34487], old=null, confs=<EMPTY_MAP>
2019-09-12 10:09:43,586 [pool-144-thread-1] INFO  server.RaftServerConfigKeys (ConfUtils.java:logGet(43)) - raft.server.storage.dir = [/workdir/hadoop-ozone/integration-test/target/test-dir/MiniOzoneClusterImpl-78812344-8fab-4fd2-b9e8-17e484e4ebaf/datanode-1/data/ratis] (custom)
2019-09-12 10:09:43,587 [pool-144-thread-1] INFO  storage.RaftStorageDirectory (RaftStorageDirectory.java:analyzeStorage(246)) - The storage directory /workdir/hadoop-ozone/integration-test/target/test-dir/MiniOzoneClusterImpl-78812344-8fab-4fd2-b9e8-17e484e4ebaf/datanode-1/data/ratis/e9b3ffd6-b337-458e-b952-28a177cbf49b does not exist. Creating ...
2019-09-12 10:09:43,628 [pool-144-thread-1] INFO  storage.RaftStorageDirectory (RaftStorageDirectory.java:tryLock(328)) - Lock on /workdir/hadoop-ozone/integration-test/target/test-dir/MiniOzoneClusterImpl-78812344-8fab-4fd2-b9e8-17e484e4ebaf/datanode-1/data/ratis/e9b3ffd6-b337-458e-b952-28a177cbf49b/in_use.lock acquired by nodename 2537@pr-hdds-1569-58hkm-1881083799
2019-09-12 10:09:43,701 [pool-144-thread-1] INFO  storage.RaftStorage (RaftStorage.java:format(72)) - Storage directory /workdir/hadoop-ozone/integration-test/target/test-dir/MiniOzoneClusterImpl-78812344-8fab-4fd2-b9e8-17e484e4ebaf/datanode-1/data/ratis/e9b3ffd6-b337-458e-b952-28a177cbf49b has been successfully formatted.
2019-09-12 10:09:43,701 [pool-144-thread-1] INFO  ratis.ContainerStateMachine (ContainerStateMachine.java:loadSnapshot(226)) - group-28A177CBF49B: The snapshot info is null. Setting the last applied indexto:(t:0, i:~)
2019-09-12 10:09:43,701 [pool-144-thread-1] INFO  server.RaftServerConfigKeys (ConfUtils.java:logGet(43)) - raft.server.leader.election.timeout = 120s (custom)
2019-09-12 10:09:43,701 [pool-144-thread-1] INFO  server.RaftServerConfigKeys (ConfUtils.java:logGet(43)) - raft.server.log.use.memory = false (default)
2019-09-12 10:09:43,701 [pool-144-thread-1] INFO  server.RaftServerConfigKeys (ConfUtils.java:logGet(43)) - raft.server.log.purge.gap = 1000000 (custom)
2019-09-12 10:09:43,702 [pool-144-thread-1] INFO  server.RaftServerConfigKeys (ConfUtils.java:logGet(43)) - raft.server.log.appender.buffer.byte-limit = 33554432 (custom)
2019-09-12 10:09:43,702 [pool-144-thread-1] INFO  server.RaftServerConfigKeys (ConfUtils.java:logGet(43)) - raft.server.log.segment.size.max = 1048576 (custom)
2019-09-12 10:09:43,702 [pool-144-thread-1] INFO  server.RaftServerConfigKeys (ConfUtils.java:logGet(43)) - raft.server.log.segment.cache.num.max = 2 (custom)
2019-09-12 10:09:43,702 [pool-144-thread-1] INFO  segmented.SegmentedRaftLogWorker (SegmentedRaftLogWorker.java:<init>(172)) - new 327069ba-886f-4aa6-8546-b1f43ae7c0e4-SegmentedRaftLogWorker:Storage Directory /workdir/hadoop-ozone/integration-test/target/test-dir/MiniOzoneClusterImpl-78812344-8fab-4fd2-b9e8-17e484e4ebaf/datanode-1/data/ratis/e9b3ffd6-b337-458e-b952-28a177cbf49b for RaftStorage:Storage Directory /workdir/hadoop-ozone/integration-test/target/test-dir/MiniOzoneClusterImpl-78812344-8fab-4fd2-b9e8-17e484e4ebaf/datanode-1/data/ratis/e9b3ffd6-b337-458e-b952-28a177cbf49b
2019-09-12 10:09:43,702 [pool-144-thread-1] INFO  server.RaftServerConfigKeys (ConfUtils.java:logGet(43)) - raft.server.log.queue.byte-limit = 2147483647 (custom)
2019-09-12 10:09:43,702 [pool-144-thread-1] INFO  server.RaftServerConfigKeys (ConfUtils.java:logGet(43)) - raft.server.log.queue.element-limit = 1024 (custom)
2019-09-12 10:09:43,702 [pool-144-thread-1] INFO  server.RaftServerConfigKeys (ConfUtils.java:logGet(43)) - raft.server.log.segment.size.max = 1048576 (custom)
2019-09-12 10:09:43,703 [pool-144-thread-1] INFO  server.RaftServerConfigKeys (ConfUtils.java:logGet(43)) - raft.server.log.preallocated.size = 16384 (custom)
2019-09-12 10:09:43,703 [pool-144-thread-1] INFO  server.RaftServerConfigKeys (ConfUtils.java:logGet(43)) - raft.server.log.write.buffer.size = 33554432 (custom)
2019-09-12 10:09:43,703 [pool-144-thread-1] INFO  server.RaftServerConfigKeys (ConfUtils.java:logGet(43)) - raft.server.log.force.sync.num = 128 (default)
2019-09-12 10:09:43,703 [pool-144-thread-1] INFO  server.RaftServerConfigKeys (ConfUtils.java:logGet(43)) - raft.server.log.statemachine.data.sync = true (default)
2019-09-12 10:09:43,703 [pool-144-thread-1] INFO  server.RaftServerConfigKeys (ConfUtils.java:logGet(43)) - raft.server.log.statemachine.data.sync.timeout = 10s (default)
2019-09-12 10:09:43,703 [pool-144-thread-1] INFO  server.RaftServerConfigKeys (ConfUtils.java:logGet(43)) - raft.server.log.statemachine.data.sync.timeout.retry = -1 (default)
2019-09-12 10:09:43,703 [pool-144-thread-1] INFO  server.RaftServerConfigKeys (ConfUtils.java:logGet(43)) - raft.server.log.statemachine.data.caching.enabled = true (custom)
2019-09-12 10:09:43,704 [pool-144-thread-1] INFO  segmented.SegmentedRaftLogWorker (SegmentedRaftLogWorker.java:lambda$new$0(132)) - 327069ba-886f-4aa6-8546-b1f43ae7c0e4-SegmentedRaftLogWorker:Storage Directory /workdir/hadoop-ozone/integration-test/target/test-dir/MiniOzoneClusterImpl-78812344-8fab-4fd2-b9e8-17e484e4ebaf/datanode-1/data/ratis/e9b3ffd6-b337-458e-b952-28a177cbf49b: flushIndex: setUnconditionally 0 -> -1
2019-09-12 10:09:43,704 [pool-144-thread-1] INFO  server.RaftServerConfigKeys (ConfUtils.java:logGet(43)) - raft.server.snapshot.auto.trigger.enabled = true (custom)
2019-09-12 10:09:43,704 [pool-144-thread-1] INFO  server.RaftServerConfigKeys (ConfUtils.java:logGet(43)) - raft.server.snapshot.auto.trigger.threshold = 10000 (custom)
2019-09-12 10:09:43,704 [pool-144-thread-1] INFO  server.RaftServerConfigKeys (ConfUtils.java:logGet(43)) - raft.server.retrycache.expirytime = 600000ms (custom)
2019-09-12 10:09:43,704 [pool-144-thread-1] INFO  impl.RaftServerImpl (RaftServerImpl.java:start(180)) - 327069ba-886f-4aa6-8546-b1f43ae7c0e4: start group-28A177CBF49B
2019-09-12 10:09:43,704 [pool-144-thread-1] INFO  impl.RaftServerImpl (RaftServerImpl.java:setRole(171)) - 327069ba-886f-4aa6-8546-b1f43ae7c0e4:group-28A177CBF49B changes role from null to FOLLOWER at term 0 for startAsFollower
2019-09-12 10:09:43,705 [pool-144-thread-1] INFO  impl.RoleInfo (RoleInfo.java:updateAndGet(143)) - 327069ba-886f-4aa6-8546-b1f43ae7c0e4: start FollowerState
2019-09-12 10:09:43,705 [pool-144-thread-1] INFO  util.JmxRegister (JmxRegister.java:tryRegister(44)) - Successfully registered JMX Bean with object name Ratis:service=RaftServer,group=group-28A177CBF49B,id=327069ba-886f-4aa6-8546-b1f43ae7c0e4
2019-09-12 10:09:43,708 [RatisPipelineUtilsThread] INFO  pipeline.PipelineStateManager (PipelineStateManager.java:addPipeline(56)) - Created pipeline Pipeline[ Id: e9b3ffd6-b337-458e-b952-28a177cbf49b, Nodes: 327069ba-886f-4aa6-8546-b1f43ae7c0e4{ip: 192.168.36.114, host: pr-hdds-1569-58hkm-1881083799, networkLocation: /default-rack, certSerialId: null}, Type:RATIS, Factor:ONE, State:OPEN]
2019-09-12 10:09:43,708 [RatisPipelineUtilsThread] ERROR pipeline.PipelinePlacementPolicy (PipelinePlacementPolicy.java:meetCriteria(92)) - Pipeline Placement: Doesn't meet the criteria to be viable node. Heaviness: 6
2019-09-12 10:09:43,708 [RatisPipelineUtilsThread] ERROR pipeline.PipelinePlacementPolicy (PipelinePlacementPolicy.java:meetCriteria(92)) - Pipeline Placement: Doesn't meet the criteria to be viable node. Heaviness: 6
2019-09-12 10:09:43,716 [grpc-default-executor-1] INFO  impl.RaftServerProxy (RaftServerProxy.java:addNew(89)) - 607208f0-c8f5-40f1-9180-2e36f3e2d896: addNew group-3722F65981EB:[607208f0-c8f5-40f1-9180-2e36f3e2d896:192.168.36.114:42135] returns group-3722F65981EB:java.util.concurrent.CompletableFuture@4d5dddf5[Not completed]
2019-09-12 10:09:43,717 [pool-155-thread-1] INFO  impl.RaftServerImpl (RaftServerImpl.java:<init>(93)) - 607208f0-c8f5-40f1-9180-2e36f3e2d896: new RaftServerImpl for group-3722F65981EB:[607208f0-c8f5-40f1-9180-2e36f3e2d896:192.168.36.114:42135] with ContainerStateMachine:uninitialized
2019-09-12 10:09:43,718 [pool-155-thread-1] INFO  server.RaftServerConfigKeys (ConfUtils.java:logGet(43)) - raft.server.rpc.timeout.min = 5s (custom)
2019-09-12 10:09:43,718 [pool-155-thread-1] INFO  server.RaftServerConfigKeys (ConfUtils.java:logGet(43)) - raft.server.rpc.timeout.max = 5200ms (custom)
2019-09-12 10:09:43,718 [pool-155-thread-1] INFO  server.RaftServerConfigKeys (ConfUtils.java:logGet(43)) - raft.server.rpcslowness.timeout = 120s (custom)
2019-09-12 10:09:43,718 [pool-155-thread-1] INFO  server.RaftServerConfigKeys (ConfUtils.java:logGet(43)) - raft.server.sleep.deviation.threshold = 300 (default)
2019-09-12 10:09:43,718 [pool-155-thread-1] INFO  server.RaftServerConfigKeys (ConfUtils.java:logGet(43)) - raft.server.log.appender.install.snapshot.enabled = false (custom)
2019-09-12 10:09:43,718 [pool-155-thread-1] INFO  impl.RaftServerImpl (ServerState.java:<init>(105)) - 607208f0-c8f5-40f1-9180-2e36f3e2d896:group-3722F65981EB ConfigurationManager, init=-1: [607208f0-c8f5-40f1-9180-2e36f3e2d896:192.168.36.114:42135], old=null, confs=<EMPTY_MAP>
2019-09-12 10:09:43,719 [pool-155-thread-1] INFO  server.RaftServerConfigKeys (ConfUtils.java:logGet(43)) - raft.server.storage.dir = [/workdir/hadoop-ozone/integration-test/target/test-dir/MiniOzoneClusterImpl-78812344-8fab-4fd2-b9e8-17e484e4ebaf/datanode-2/data/ratis] (custom)
2019-09-12 10:09:43,719 [pool-155-thread-1] INFO  storage.RaftStorageDirectory (RaftStorageDirectory.java:analyzeStorage(246)) - The storage directory /workdir/hadoop-ozone/integration-test/target/test-dir/MiniOzoneClusterImpl-78812344-8fab-4fd2-b9e8-17e484e4ebaf/datanode-2/data/ratis/f6e91258-7567-4fda-a02b-3722f65981eb does not exist. Creating ...
2019-09-12 10:09:43,732 [pool-155-thread-1] INFO  storage.RaftStorageDirectory (RaftStorageDirectory.java:tryLock(328)) - Lock on /workdir/hadoop-ozone/integration-test/target/test-dir/MiniOzoneClusterImpl-78812344-8fab-4fd2-b9e8-17e484e4ebaf/datanode-2/data/ratis/f6e91258-7567-4fda-a02b-3722f65981eb/in_use.lock acquired by nodename 2537@pr-hdds-1569-58hkm-1881083799
2019-09-12 10:09:43,743 [pool-155-thread-1] INFO  storage.RaftStorage (RaftStorage.java:format(72)) - Storage directory /workdir/hadoop-ozone/integration-test/target/test-dir/MiniOzoneClusterImpl-78812344-8fab-4fd2-b9e8-17e484e4ebaf/datanode-2/data/ratis/f6e91258-7567-4fda-a02b-3722f65981eb has been successfully formatted.
2019-09-12 10:09:43,744 [pool-155-thread-1] INFO  ratis.ContainerStateMachine (ContainerStateMachine.java:loadSnapshot(226)) - group-3722F65981EB: The snapshot info is null. Setting the last applied indexto:(t:0, i:~)
2019-09-12 10:09:43,744 [pool-155-thread-1] INFO  server.RaftServerConfigKeys (ConfUtils.java:logGet(43)) - raft.server.leader.election.timeout = 120s (custom)
2019-09-12 10:09:43,744 [pool-155-thread-1] INFO  server.RaftServerConfigKeys (ConfUtils.java:logGet(43)) - raft.server.log.use.memory = false (default)
2019-09-12 10:09:43,744 [pool-155-thread-1] INFO  server.RaftServerConfigKeys (ConfUtils.java:logGet(43)) - raft.server.log.purge.gap = 1000000 (custom)
2019-09-12 10:09:43,744 [pool-155-thread-1] INFO  server.RaftServerConfigKeys (ConfUtils.java:logGet(43)) - raft.server.log.appender.buffer.byte-limit = 33554432 (custom)
2019-09-12 10:09:43,745 [pool-155-thread-1] INFO  server.RaftServerConfigKeys (ConfUtils.java:logGet(43)) - raft.server.log.segment.size.max = 1048576 (custom)
2019-09-12 10:09:43,745 [pool-155-thread-1] INFO  server.RaftServerConfigKeys (ConfUtils.java:logGet(43)) - raft.server.log.segment.cache.num.max = 2 (custom)
2019-09-12 10:09:43,745 [pool-155-thread-1] INFO  segmented.SegmentedRaftLogWorker (SegmentedRaftLogWorker.java:<init>(172)) - new 607208f0-c8f5-40f1-9180-2e36f3e2d896-SegmentedRaftLogWorker:Storage Directory /workdir/hadoop-ozone/integration-test/target/test-dir/MiniOzoneClusterImpl-78812344-8fab-4fd2-b9e8-17e484e4ebaf/datanode-2/data/ratis/f6e91258-7567-4fda-a02b-3722f65981eb for RaftStorage:Storage Directory /workdir/hadoop-ozone/integration-test/target/test-dir/MiniOzoneClusterImpl-78812344-8fab-4fd2-b9e8-17e484e4ebaf/datanode-2/data/ratis/f6e91258-7567-4fda-a02b-3722f65981eb
2019-09-12 10:09:43,745 [pool-155-thread-1] INFO  server.RaftServerConfigKeys (ConfUtils.java:logGet(43)) - raft.server.log.queue.byte-limit = 2147483647 (custom)
2019-09-12 10:09:43,745 [pool-155-thread-1] INFO  server.RaftServerConfigKeys (ConfUtils.java:logGet(43)) - raft.server.log.queue.element-limit = 1024 (custom)
2019-09-12 10:09:43,746 [pool-155-thread-1] INFO  server.RaftServerConfigKeys (ConfUtils.java:logGet(43)) - raft.server.log.segment.size.max = 1048576 (custom)
2019-09-12 10:09:43,746 [pool-155-thread-1] INFO  server.RaftServerConfigKeys (ConfUtils.java:logGet(43)) - raft.server.log.preallocated.size = 16384 (custom)
2019-09-12 10:09:43,746 [pool-155-thread-1] INFO  server.RaftServerConfigKeys (ConfUtils.java:logGet(43)) - raft.server.log.write.buffer.size = 33554432 (custom)
2019-09-12 10:09:43,746 [pool-155-thread-1] INFO  server.RaftServerConfigKeys (ConfUtils.java:logGet(43)) - raft.server.log.force.sync.num = 128 (default)
2019-09-12 10:09:43,746 [pool-155-thread-1] INFO  server.RaftServerConfigKeys (ConfUtils.java:logGet(43)) - raft.server.log.statemachine.data.sync = true (default)
2019-09-12 10:09:43,746 [pool-155-thread-1] INFO  server.RaftServerConfigKeys (ConfUtils.java:logGet(43)) - raft.server.log.statemachine.data.sync.timeout = 10s (default)
2019-09-12 10:09:43,747 [pool-155-thread-1] INFO  server.RaftServerConfigKeys (ConfUtils.java:logGet(43)) - raft.server.log.statemachine.data.sync.timeout.retry = -1 (default)
2019-09-12 10:09:43,747 [pool-155-thread-1] INFO  server.RaftServerConfigKeys (ConfUtils.java:logGet(43)) - raft.server.log.statemachine.data.caching.enabled = true (custom)
2019-09-12 10:09:43,747 [pool-155-thread-1] INFO  segmented.SegmentedRaftLogWorker (SegmentedRaftLogWorker.java:lambda$new$0(132)) - 607208f0-c8f5-40f1-9180-2e36f3e2d896-SegmentedRaftLogWorker:Storage Directory /workdir/hadoop-ozone/integration-test/target/test-dir/MiniOzoneClusterImpl-78812344-8fab-4fd2-b9e8-17e484e4ebaf/datanode-2/data/ratis/f6e91258-7567-4fda-a02b-3722f65981eb: flushIndex: setUnconditionally 0 -> -1
2019-09-12 10:09:43,748 [pool-155-thread-1] INFO  server.RaftServerConfigKeys (ConfUtils.java:logGet(43)) - raft.server.snapshot.auto.trigger.enabled = true (custom)
2019-09-12 10:09:43,748 [pool-155-thread-1] INFO  server.RaftServerConfigKeys (ConfUtils.java:logGet(43)) - raft.server.snapshot.auto.trigger.threshold = 10000 (custom)
2019-09-12 10:09:43,748 [pool-155-thread-1] INFO  server.RaftServerConfigKeys (ConfUtils.java:logGet(43)) - raft.server.retrycache.expirytime = 600000ms (custom)
2019-09-12 10:09:43,748 [pool-155-thread-1] INFO  impl.RaftServerImpl (RaftServerImpl.java:start(180)) - 607208f0-c8f5-40f1-9180-2e36f3e2d896: start group-3722F65981EB
2019-09-12 10:09:43,749 [pool-155-thread-1] INFO  impl.RaftServerImpl (RaftServerImpl.java:setRole(171)) - 607208f0-c8f5-40f1-9180-2e36f3e2d896:group-3722F65981EB changes role from null to FOLLOWER at term 0 for startAsFollower
2019-09-12 10:09:43,749 [pool-155-thread-1] INFO  impl.RoleInfo (RoleInfo.java:updateAndGet(143)) - 607208f0-c8f5-40f1-9180-2e36f3e2d896: start FollowerState
2019-09-12 10:09:43,749 [pool-155-thread-1] INFO  util.JmxRegister (JmxRegister.java:tryRegister(44)) - Successfully registered JMX Bean with object name Ratis:service=RaftServer,group=group-3722F65981EB,id=607208f0-c8f5-40f1-9180-2e36f3e2d896
2019-09-12 10:09:43,752 [RatisPipelineUtilsThread] INFO  pipeline.PipelineStateManager (PipelineStateManager.java:addPipeline(56)) - Created pipeline Pipeline[ Id: f6e91258-7567-4fda-a02b-3722f65981eb, Nodes: 607208f0-c8f5-40f1-9180-2e36f3e2d896{ip: 192.168.36.114, host: pr-hdds-1569-58hkm-1881083799, networkLocation: /default-rack, certSerialId: null}, Type:RATIS, Factor:ONE, State:OPEN]
2019-09-12 10:09:43,752 [RatisPipelineUtilsThread] ERROR pipeline.PipelinePlacementPolicy (PipelinePlacementPolicy.java:meetCriteria(92)) - Pipeline Placement: Doesn't meet the criteria to be viable node. Heaviness: 6
2019-09-12 10:09:43,752 [RatisPipelineUtilsThread] ERROR pipeline.PipelinePlacementPolicy (PipelinePlacementPolicy.java:meetCriteria(92)) - Pipeline Placement: Doesn't meet the criteria to be viable node. Heaviness: 6
2019-09-12 10:09:43,757 [grpc-default-executor-1] INFO  impl.RaftServerProxy (RaftServerProxy.java:addNew(89)) - 607208f0-c8f5-40f1-9180-2e36f3e2d896: addNew group-F1C75DC9DBDA:[607208f0-c8f5-40f1-9180-2e36f3e2d896:192.168.36.114:42135] returns group-F1C75DC9DBDA:java.util.concurrent.CompletableFuture@77f69535[Not completed]
2019-09-12 10:09:43,758 [pool-155-thread-1] INFO  impl.RaftServerImpl (RaftServerImpl.java:<init>(93)) - 607208f0-c8f5-40f1-9180-2e36f3e2d896: new RaftServerImpl for group-F1C75DC9DBDA:[607208f0-c8f5-40f1-9180-2e36f3e2d896:192.168.36.114:42135] with ContainerStateMachine:uninitialized
2019-09-12 10:09:43,759 [pool-155-thread-1] INFO  server.RaftServerConfigKeys (ConfUtils.java:logGet(43)) - raft.server.rpc.timeout.min = 5s (custom)
2019-09-12 10:09:43,759 [pool-155-thread-1] INFO  server.RaftServerConfigKeys (ConfUtils.java:logGet(43)) - raft.server.rpc.timeout.max = 5200ms (custom)
2019-09-12 10:09:43,759 [pool-155-thread-1] INFO  server.RaftServerConfigKeys (ConfUtils.java:logGet(43)) - raft.server.rpcslowness.timeout = 120s (custom)
2019-09-12 10:09:43,759 [pool-155-thread-1] INFO  server.RaftServerConfigKeys (ConfUtils.java:logGet(43)) - raft.server.sleep.deviation.threshold = 300 (default)
2019-09-12 10:09:43,759 [pool-155-thread-1] INFO  server.RaftServerConfigKeys (ConfUtils.java:logGet(43)) - raft.server.log.appender.install.snapshot.enabled = false (custom)
2019-09-12 10:09:43,759 [pool-155-thread-1] INFO  impl.RaftServerImpl (ServerState.java:<init>(105)) - 607208f0-c8f5-40f1-9180-2e36f3e2d896:group-F1C75DC9DBDA ConfigurationManager, init=-1: [607208f0-c8f5-40f1-9180-2e36f3e2d896:192.168.36.114:42135], old=null, confs=<EMPTY_MAP>
2019-09-12 10:09:43,759 [pool-155-thread-1] INFO  server.RaftServerConfigKeys (ConfUtils.java:logGet(43)) - raft.server.storage.dir = [/workdir/hadoop-ozone/integration-test/target/test-dir/MiniOzoneClusterImpl-78812344-8fab-4fd2-b9e8-17e484e4ebaf/datanode-2/data/ratis] (custom)
2019-09-12 10:09:43,760 [pool-155-thread-1] INFO  storage.RaftStorageDirectory (RaftStorageDirectory.java:analyzeStorage(246)) - The storage directory /workdir/hadoop-ozone/integration-test/target/test-dir/MiniOzoneClusterImpl-78812344-8fab-4fd2-b9e8-17e484e4ebaf/datanode-2/data/ratis/d4081801-d3fe-4109-bb78-f1c75dc9dbda does not exist. Creating ...
2019-09-12 10:09:43,811 [pool-155-thread-1] INFO  storage.RaftStorageDirectory (RaftStorageDirectory.java:tryLock(328)) - Lock on /workdir/hadoop-ozone/integration-test/target/test-dir/MiniOzoneClusterImpl-78812344-8fab-4fd2-b9e8-17e484e4ebaf/datanode-2/data/ratis/d4081801-d3fe-4109-bb78-f1c75dc9dbda/in_use.lock acquired by nodename 2537@pr-hdds-1569-58hkm-1881083799
2019-09-12 10:09:43,872 [pool-155-thread-1] INFO  storage.RaftStorage (RaftStorage.java:format(72)) - Storage directory /workdir/hadoop-ozone/integration-test/target/test-dir/MiniOzoneClusterImpl-78812344-8fab-4fd2-b9e8-17e484e4ebaf/datanode-2/data/ratis/d4081801-d3fe-4109-bb78-f1c75dc9dbda has been successfully formatted.
2019-09-12 10:09:43,873 [pool-155-thread-1] INFO  ratis.ContainerStateMachine (ContainerStateMachine.java:loadSnapshot(226)) - group-F1C75DC9DBDA: The snapshot info is null. Setting the last applied indexto:(t:0, i:~)
2019-09-12 10:09:43,873 [pool-155-thread-1] INFO  server.RaftServerConfigKeys (ConfUtils.java:logGet(43)) - raft.server.leader.election.timeout = 120s (custom)
2019-09-12 10:09:43,873 [pool-155-thread-1] INFO  server.RaftServerConfigKeys (ConfUtils.java:logGet(43)) - raft.server.log.use.memory = false (default)
2019-09-12 10:09:43,873 [pool-155-thread-1] INFO  server.RaftServerConfigKeys (ConfUtils.java:logGet(43)) - raft.server.log.purge.gap = 1000000 (custom)
2019-09-12 10:09:43,873 [pool-155-thread-1] INFO  server.RaftServerConfigKeys (ConfUtils.java:logGet(43)) - raft.server.log.appender.buffer.byte-limit = 33554432 (custom)
2019-09-12 10:09:43,874 [pool-155-thread-1] INFO  server.RaftServerConfigKeys (ConfUtils.java:logGet(43)) - raft.server.log.segment.size.max = 1048576 (custom)
2019-09-12 10:09:43,874 [pool-155-thread-1] INFO  server.RaftServerConfigKeys (ConfUtils.java:logGet(43)) - raft.server.log.segment.cache.num.max = 2 (custom)
2019-09-12 10:09:43,874 [pool-155-thread-1] INFO  segmented.SegmentedRaftLogWorker (SegmentedRaftLogWorker.java:<init>(172)) - new 607208f0-c8f5-40f1-9180-2e36f3e2d896-SegmentedRaftLogWorker:Storage Directory /workdir/hadoop-ozone/integration-test/target/test-dir/MiniOzoneClusterImpl-78812344-8fab-4fd2-b9e8-17e484e4ebaf/datanode-2/data/ratis/d4081801-d3fe-4109-bb78-f1c75dc9dbda for RaftStorage:Storage Directory /workdir/hadoop-ozone/integration-test/target/test-dir/MiniOzoneClusterImpl-78812344-8fab-4fd2-b9e8-17e484e4ebaf/datanode-2/data/ratis/d4081801-d3fe-4109-bb78-f1c75dc9dbda
2019-09-12 10:09:43,874 [pool-155-thread-1] INFO  server.RaftServerConfigKeys (ConfUtils.java:logGet(43)) - raft.server.log.queue.byte-limit = 2147483647 (custom)
2019-09-12 10:09:43,874 [pool-155-thread-1] INFO  server.RaftServerConfigKeys (ConfUtils.java:logGet(43)) - raft.server.log.queue.element-limit = 1024 (custom)
2019-09-12 10:09:43,875 [pool-155-thread-1] INFO  server.RaftServerConfigKeys (ConfUtils.java:logGet(43)) - raft.server.log.segment.size.max = 1048576 (custom)
2019-09-12 10:09:43,875 [pool-155-thread-1] INFO  server.RaftServerConfigKeys (ConfUtils.java:logGet(43)) - raft.server.log.preallocated.size = 16384 (custom)
2019-09-12 10:09:43,875 [pool-155-thread-1] INFO  server.RaftServerConfigKeys (ConfUtils.java:logGet(43)) - raft.server.log.write.buffer.size = 33554432 (custom)
2019-09-12 10:09:43,875 [pool-155-thread-1] INFO  server.RaftServerConfigKeys (ConfUtils.java:logGet(43)) - raft.server.log.force.sync.num = 128 (default)
2019-09-12 10:09:43,875 [pool-155-thread-1] INFO  server.RaftServerConfigKeys (ConfUtils.java:logGet(43)) - raft.server.log.statemachine.data.sync = true (default)
2019-09-12 10:09:43,876 [pool-155-thread-1] INFO  server.RaftServerConfigKeys (ConfUtils.java:logGet(43)) - raft.server.log.statemachine.data.sync.timeout = 10s (default)
2019-09-12 10:09:43,876 [pool-155-thread-1] INFO  server.RaftServerConfigKeys (ConfUtils.java:logGet(43)) - raft.server.log.statemachine.data.sync.timeout.retry = -1 (default)
2019-09-12 10:09:43,876 [pool-155-thread-1] INFO  server.RaftServerConfigKeys (ConfUtils.java:logGet(43)) - raft.server.log.statemachine.data.caching.enabled = true (custom)
2019-09-12 10:09:43,876 [pool-155-thread-1] INFO  segmented.SegmentedRaftLogWorker (SegmentedRaftLogWorker.java:lambda$new$0(132)) - 607208f0-c8f5-40f1-9180-2e36f3e2d896-SegmentedRaftLogWorker:Storage Directory /workdir/hadoop-ozone/integration-test/target/test-dir/MiniOzoneClusterImpl-78812344-8fab-4fd2-b9e8-17e484e4ebaf/datanode-2/data/ratis/d4081801-d3fe-4109-bb78-f1c75dc9dbda: flushIndex: setUnconditionally 0 -> -1
2019-09-12 10:09:43,877 [pool-155-thread-1] INFO  server.RaftServerConfigKeys (ConfUtils.java:logGet(43)) - raft.server.snapshot.auto.trigger.enabled = true (custom)
2019-09-12 10:09:43,877 [pool-155-thread-1] INFO  server.RaftServerConfigKeys (ConfUtils.java:logGet(43)) - raft.server.snapshot.auto.trigger.threshold = 10000 (custom)
2019-09-12 10:09:43,877 [pool-155-thread-1] INFO  server.RaftServerConfigKeys (ConfUtils.java:logGet(43)) - raft.server.retrycache.expirytime = 600000ms (custom)
2019-09-12 10:09:43,878 [pool-155-thread-1] INFO  impl.RaftServerImpl (RaftServerImpl.java:start(180)) - 607208f0-c8f5-40f1-9180-2e36f3e2d896: start group-F1C75DC9DBDA
2019-09-12 10:09:43,878 [pool-155-thread-1] INFO  impl.RaftServerImpl (RaftServerImpl.java:setRole(171)) - 607208f0-c8f5-40f1-9180-2e36f3e2d896:group-F1C75DC9DBDA changes role from null to FOLLOWER at term 0 for startAsFollower
2019-09-12 10:09:43,878 [pool-155-thread-1] INFO  impl.RoleInfo (RoleInfo.java:updateAndGet(143)) - 607208f0-c8f5-40f1-9180-2e36f3e2d896: start FollowerState
2019-09-12 10:09:43,878 [pool-155-thread-1] INFO  util.JmxRegister (JmxRegister.java:tryRegister(44)) - Successfully registered JMX Bean with object name Ratis:service=RaftServer,group=group-F1C75DC9DBDA,id=607208f0-c8f5-40f1-9180-2e36f3e2d896
2019-09-12 10:09:43,881 [RatisPipelineUtilsThread] INFO  pipeline.PipelineStateManager (PipelineStateManager.java:addPipeline(56)) - Created pipeline Pipeline[ Id: d4081801-d3fe-4109-bb78-f1c75dc9dbda, Nodes: 607208f0-c8f5-40f1-9180-2e36f3e2d896{ip: 192.168.36.114, host: pr-hdds-1569-58hkm-1881083799, networkLocation: /default-rack, certSerialId: null}, Type:RATIS, Factor:ONE, State:OPEN]
2019-09-12 10:09:43,881 [RatisPipelineUtilsThread] ERROR pipeline.PipelinePlacementPolicy (PipelinePlacementPolicy.java:meetCriteria(92)) - Pipeline Placement: Doesn't meet the criteria to be viable node. Heaviness: 6
2019-09-12 10:09:43,882 [RatisPipelineUtilsThread] ERROR pipeline.PipelinePlacementPolicy (PipelinePlacementPolicy.java:meetCriteria(92)) - Pipeline Placement: Doesn't meet the criteria to be viable node. Heaviness: 6
2019-09-12 10:09:43,887 [grpc-default-executor-1] INFO  impl.RaftServerProxy (RaftServerProxy.java:addNew(89)) - 607208f0-c8f5-40f1-9180-2e36f3e2d896: addNew group-7927A944602F:[607208f0-c8f5-40f1-9180-2e36f3e2d896:192.168.36.114:42135] returns group-7927A944602F:java.util.concurrent.CompletableFuture@535d7ac[Not completed]
2019-09-12 10:09:43,888 [pool-155-thread-1] INFO  impl.RaftServerImpl (RaftServerImpl.java:<init>(93)) - 607208f0-c8f5-40f1-9180-2e36f3e2d896: new RaftServerImpl for group-7927A944602F:[607208f0-c8f5-40f1-9180-2e36f3e2d896:192.168.36.114:42135] with ContainerStateMachine:uninitialized
2019-09-12 10:09:43,888 [pool-155-thread-1] INFO  server.RaftServerConfigKeys (ConfUtils.java:logGet(43)) - raft.server.rpc.timeout.min = 5s (custom)
2019-09-12 10:09:43,888 [pool-155-thread-1] INFO  server.RaftServerConfigKeys (ConfUtils.java:logGet(43)) - raft.server.rpc.timeout.max = 5200ms (custom)
2019-09-12 10:09:43,888 [pool-155-thread-1] INFO  server.RaftServerConfigKeys (ConfUtils.java:logGet(43)) - raft.server.rpcslowness.timeout = 120s (custom)
2019-09-12 10:09:43,888 [pool-155-thread-1] INFO  server.RaftServerConfigKeys (ConfUtils.java:logGet(43)) - raft.server.sleep.deviation.threshold = 300 (default)
2019-09-12 10:09:43,888 [pool-155-thread-1] INFO  server.RaftServerConfigKeys (ConfUtils.java:logGet(43)) - raft.server.log.appender.install.snapshot.enabled = false (custom)
2019-09-12 10:09:43,889 [pool-155-thread-1] INFO  impl.RaftServerImpl (ServerState.java:<init>(105)) - 607208f0-c8f5-40f1-9180-2e36f3e2d896:group-7927A944602F ConfigurationManager, init=-1: [607208f0-c8f5-40f1-9180-2e36f3e2d896:192.168.36.114:42135], old=null, confs=<EMPTY_MAP>
2019-09-12 10:09:43,889 [pool-155-thread-1] INFO  server.RaftServerConfigKeys (ConfUtils.java:logGet(43)) - raft.server.storage.dir = [/workdir/hadoop-ozone/integration-test/target/test-dir/MiniOzoneClusterImpl-78812344-8fab-4fd2-b9e8-17e484e4ebaf/datanode-2/data/ratis] (custom)
2019-09-12 10:09:43,889 [pool-155-thread-1] INFO  storage.RaftStorageDirectory (RaftStorageDirectory.java:analyzeStorage(246)) - The storage directory /workdir/hadoop-ozone/integration-test/target/test-dir/MiniOzoneClusterImpl-78812344-8fab-4fd2-b9e8-17e484e4ebaf/datanode-2/data/ratis/7400c938-85aa-4e96-9906-7927a944602f does not exist. Creating ...
2019-09-12 10:09:43,930 [main] INFO  ozone.MiniOzoneClusterImpl (MiniOzoneClusterImpl.java:lambda$waitForClusterToBeReady$0(142)) - Cluster is ready. Got 3 of 3 DN Heartbeats.
2019-09-12 10:09:43,980 [pool-155-thread-1] INFO  storage.RaftStorageDirectory (RaftStorageDirectory.java:tryLock(328)) - Lock on /workdir/hadoop-ozone/integration-test/target/test-dir/MiniOzoneClusterImpl-78812344-8fab-4fd2-b9e8-17e484e4ebaf/datanode-2/data/ratis/7400c938-85aa-4e96-9906-7927a944602f/in_use.lock acquired by nodename 2537@pr-hdds-1569-58hkm-1881083799
2019-09-12 10:09:44,010 [pool-155-thread-1] INFO  storage.RaftStorage (RaftStorage.java:format(72)) - Storage directory /workdir/hadoop-ozone/integration-test/target/test-dir/MiniOzoneClusterImpl-78812344-8fab-4fd2-b9e8-17e484e4ebaf/datanode-2/data/ratis/7400c938-85aa-4e96-9906-7927a944602f has been successfully formatted.
2019-09-12 10:09:44,011 [pool-155-thread-1] INFO  ratis.ContainerStateMachine (ContainerStateMachine.java:loadSnapshot(226)) - group-7927A944602F: The snapshot info is null. Setting the last applied indexto:(t:0, i:~)
2019-09-12 10:09:44,011 [pool-155-thread-1] INFO  server.RaftServerConfigKeys (ConfUtils.java:logGet(43)) - raft.server.leader.election.timeout = 120s (custom)
2019-09-12 10:09:44,011 [pool-155-thread-1] INFO  server.RaftServerConfigKeys (ConfUtils.java:logGet(43)) - raft.server.log.use.memory = false (default)
2019-09-12 10:09:44,011 [pool-155-thread-1] INFO  server.RaftServerConfigKeys (ConfUtils.java:logGet(43)) - raft.server.log.purge.gap = 1000000 (custom)
2019-09-12 10:09:44,011 [pool-155-thread-1] INFO  server.RaftServerConfigKeys (ConfUtils.java:logGet(43)) - raft.server.log.appender.buffer.byte-limit = 33554432 (custom)
2019-09-12 10:09:44,012 [pool-155-thread-1] INFO  server.RaftServerConfigKeys (ConfUtils.java:logGet(43)) - raft.server.log.segment.size.max = 1048576 (custom)
2019-09-12 10:09:44,012 [pool-155-thread-1] INFO  server.RaftServerConfigKeys (ConfUtils.java:logGet(43)) - raft.server.log.segment.cache.num.max = 2 (custom)
2019-09-12 10:09:44,012 [pool-155-thread-1] INFO  segmented.SegmentedRaftLogWorker (SegmentedRaftLogWorker.java:<init>(172)) - new 607208f0-c8f5-40f1-9180-2e36f3e2d896-SegmentedRaftLogWorker:Storage Directory /workdir/hadoop-ozone/integration-test/target/test-dir/MiniOzoneClusterImpl-78812344-8fab-4fd2-b9e8-17e484e4ebaf/datanode-2/data/ratis/7400c938-85aa-4e96-9906-7927a944602f for RaftStorage:Storage Directory /workdir/hadoop-ozone/integration-test/target/test-dir/MiniOzoneClusterImpl-78812344-8fab-4fd2-b9e8-17e484e4ebaf/datanode-2/data/ratis/7400c938-85aa-4e96-9906-7927a944602f
2019-09-12 10:09:44,012 [pool-155-thread-1] INFO  server.RaftServerConfigKeys (ConfUtils.java:logGet(43)) - raft.server.log.queue.byte-limit = 2147483647 (custom)
2019-09-12 10:09:44,012 [pool-155-thread-1] INFO  server.RaftServerConfigKeys (ConfUtils.java:logGet(43)) - raft.server.log.queue.element-limit = 1024 (custom)
2019-09-12 10:09:44,012 [pool-155-thread-1] INFO  server.RaftServerConfigKeys (ConfUtils.java:logGet(43)) - raft.server.log.segment.size.max = 1048576 (custom)
2019-09-12 10:09:44,012 [pool-155-thread-1] INFO  server.RaftServerConfigKeys (ConfUtils.java:logGet(43)) - raft.server.log.preallocated.size = 16384 (custom)
2019-09-12 10:09:44,012 [pool-155-thread-1] INFO  server.RaftServerConfigKeys (ConfUtils.java:logGet(43)) - raft.server.log.write.buffer.size = 33554432 (custom)
2019-09-12 10:09:44,013 [pool-155-thread-1] INFO  server.RaftServerConfigKeys (ConfUtils.java:logGet(43)) - raft.server.log.force.sync.num = 128 (default)
2019-09-12 10:09:44,013 [pool-155-thread-1] INFO  server.RaftServerConfigKeys (ConfUtils.java:logGet(43)) - raft.server.log.statemachine.data.sync = true (default)
2019-09-12 10:09:44,013 [pool-155-thread-1] INFO  server.RaftServerConfigKeys (ConfUtils.java:logGet(43)) - raft.server.log.statemachine.data.sync.timeout = 10s (default)
2019-09-12 10:09:44,013 [pool-155-thread-1] INFO  server.RaftServerConfigKeys (ConfUtils.java:logGet(43)) - raft.server.log.statemachine.data.sync.timeout.retry = -1 (default)
2019-09-12 10:09:44,013 [pool-155-thread-1] INFO  server.RaftServerConfigKeys (ConfUtils.java:logGet(43)) - raft.server.log.statemachine.data.caching.enabled = true (custom)
2019-09-12 10:09:44,013 [pool-155-thread-1] INFO  segmented.SegmentedRaftLogWorker (SegmentedRaftLogWorker.java:lambda$new$0(132)) - 607208f0-c8f5-40f1-9180-2e36f3e2d896-SegmentedRaftLogWorker:Storage Directory /workdir/hadoop-ozone/integration-test/target/test-dir/MiniOzoneClusterImpl-78812344-8fab-4fd2-b9e8-17e484e4ebaf/datanode-2/data/ratis/7400c938-85aa-4e96-9906-7927a944602f: flushIndex: setUnconditionally 0 -> -1
2019-09-12 10:09:44,014 [pool-155-thread-1] INFO  server.RaftServerConfigKeys (ConfUtils.java:logGet(43)) - raft.server.snapshot.auto.trigger.enabled = true (custom)
2019-09-12 10:09:44,014 [pool-155-thread-1] INFO  server.RaftServerConfigKeys (ConfUtils.java:logGet(43)) - raft.server.snapshot.auto.trigger.threshold = 10000 (custom)
2019-09-12 10:09:44,014 [pool-155-thread-1] INFO  server.RaftServerConfigKeys (ConfUtils.java:logGet(43)) - raft.server.retrycache.expirytime = 600000ms (custom)
2019-09-12 10:09:44,014 [pool-155-thread-1] INFO  impl.RaftServerImpl (RaftServerImpl.java:start(180)) - 607208f0-c8f5-40f1-9180-2e36f3e2d896: start group-7927A944602F
2019-09-12 10:09:44,014 [pool-155-thread-1] INFO  impl.RaftServerImpl (RaftServerImpl.java:setRole(171)) - 607208f0-c8f5-40f1-9180-2e36f3e2d896:group-7927A944602F changes role from null to FOLLOWER at term 0 for startAsFollower
2019-09-12 10:09:44,014 [pool-155-thread-1] INFO  impl.RoleInfo (RoleInfo.java:updateAndGet(143)) - 607208f0-c8f5-40f1-9180-2e36f3e2d896: start FollowerState
2019-09-12 10:09:44,015 [pool-155-thread-1] INFO  util.JmxRegister (JmxRegister.java:tryRegister(44)) - Successfully registered JMX Bean with object name Ratis:service=RaftServer,group=group-7927A944602F,id=607208f0-c8f5-40f1-9180-2e36f3e2d896
2019-09-12 10:09:44,017 [RatisPipelineUtilsThread] INFO  pipeline.PipelineStateManager (PipelineStateManager.java:addPipeline(56)) - Created pipeline Pipeline[ Id: 7400c938-85aa-4e96-9906-7927a944602f, Nodes: 607208f0-c8f5-40f1-9180-2e36f3e2d896{ip: 192.168.36.114, host: pr-hdds-1569-58hkm-1881083799, networkLocation: /default-rack, certSerialId: null}, Type:RATIS, Factor:ONE, State:OPEN]
2019-09-12 10:09:44,018 [RatisPipelineUtilsThread] ERROR pipeline.PipelinePlacementPolicy (PipelinePlacementPolicy.java:meetCriteria(92)) - Pipeline Placement: Doesn't meet the criteria to be viable node. Heaviness: 6
2019-09-12 10:09:44,018 [RatisPipelineUtilsThread] ERROR pipeline.PipelinePlacementPolicy (PipelinePlacementPolicy.java:meetCriteria(92)) - Pipeline Placement: Doesn't meet the criteria to be viable node. Heaviness: 6
2019-09-12 10:09:44,024 [grpc-default-executor-1] INFO  impl.RaftServerProxy (RaftServerProxy.java:addNew(89)) - 607208f0-c8f5-40f1-9180-2e36f3e2d896: addNew group-C49ED39CA722:[607208f0-c8f5-40f1-9180-2e36f3e2d896:192.168.36.114:42135] returns group-C49ED39CA722:java.util.concurrent.CompletableFuture@378d77e3[Not completed]
2019-09-12 10:09:44,025 [pool-155-thread-1] INFO  impl.RaftServerImpl (RaftServerImpl.java:<init>(93)) - 607208f0-c8f5-40f1-9180-2e36f3e2d896: new RaftServerImpl for group-C49ED39CA722:[607208f0-c8f5-40f1-9180-2e36f3e2d896:192.168.36.114:42135] with ContainerStateMachine:uninitialized
2019-09-12 10:09:44,025 [pool-155-thread-1] INFO  server.RaftServerConfigKeys (ConfUtils.java:logGet(43)) - raft.server.rpc.timeout.min = 5s (custom)
2019-09-12 10:09:44,025 [pool-155-thread-1] INFO  server.RaftServerConfigKeys (ConfUtils.java:logGet(43)) - raft.server.rpc.timeout.max = 5200ms (custom)
2019-09-12 10:09:44,025 [pool-155-thread-1] INFO  server.RaftServerConfigKeys (ConfUtils.java:logGet(43)) - raft.server.rpcslowness.timeout = 120s (custom)
2019-09-12 10:09:44,025 [pool-155-thread-1] INFO  server.RaftServerConfigKeys (ConfUtils.java:logGet(43)) - raft.server.sleep.deviation.threshold = 300 (default)
2019-09-12 10:09:44,025 [pool-155-thread-1] INFO  server.RaftServerConfigKeys (ConfUtils.java:logGet(43)) - raft.server.log.appender.install.snapshot.enabled = false (custom)
2019-09-12 10:09:44,026 [pool-155-thread-1] INFO  impl.RaftServerImpl (ServerState.java:<init>(105)) - 607208f0-c8f5-40f1-9180-2e36f3e2d896:group-C49ED39CA722 ConfigurationManager, init=-1: [607208f0-c8f5-40f1-9180-2e36f3e2d896:192.168.36.114:42135], old=null, confs=<EMPTY_MAP>
2019-09-12 10:09:44,026 [pool-155-thread-1] INFO  server.RaftServerConfigKeys (ConfUtils.java:logGet(43)) - raft.server.storage.dir = [/workdir/hadoop-ozone/integration-test/target/test-dir/MiniOzoneClusterImpl-78812344-8fab-4fd2-b9e8-17e484e4ebaf/datanode-2/data/ratis] (custom)
2019-09-12 10:09:44,026 [pool-155-thread-1] INFO  storage.RaftStorageDirectory (RaftStorageDirectory.java:analyzeStorage(246)) - The storage directory /workdir/hadoop-ozone/integration-test/target/test-dir/MiniOzoneClusterImpl-78812344-8fab-4fd2-b9e8-17e484e4ebaf/datanode-2/data/ratis/f0d45c8a-90cc-422f-b9ce-c49ed39ca722 does not exist. Creating ...
2019-09-12 10:09:44,071 [pool-155-thread-1] INFO  storage.RaftStorageDirectory (RaftStorageDirectory.java:tryLock(328)) - Lock on /workdir/hadoop-ozone/integration-test/target/test-dir/MiniOzoneClusterImpl-78812344-8fab-4fd2-b9e8-17e484e4ebaf/datanode-2/data/ratis/f0d45c8a-90cc-422f-b9ce-c49ed39ca722/in_use.lock acquired by nodename 2537@pr-hdds-1569-58hkm-1881083799
2019-09-12 10:09:44,084 [pool-155-thread-1] INFO  storage.RaftStorage (RaftStorage.java:format(72)) - Storage directory /workdir/hadoop-ozone/integration-test/target/test-dir/MiniOzoneClusterImpl-78812344-8fab-4fd2-b9e8-17e484e4ebaf/datanode-2/data/ratis/f0d45c8a-90cc-422f-b9ce-c49ed39ca722 has been successfully formatted.
2019-09-12 10:09:44,084 [pool-155-thread-1] INFO  ratis.ContainerStateMachine (ContainerStateMachine.java:loadSnapshot(226)) - group-C49ED39CA722: The snapshot info is null. Setting the last applied indexto:(t:0, i:~)
2019-09-12 10:09:44,084 [pool-155-thread-1] INFO  server.RaftServerConfigKeys (ConfUtils.java:logGet(43)) - raft.server.leader.election.timeout = 120s (custom)
2019-09-12 10:09:44,084 [pool-155-thread-1] INFO  server.RaftServerConfigKeys (ConfUtils.java:logGet(43)) - raft.server.log.use.memory = false (default)
2019-09-12 10:09:44,085 [pool-155-thread-1] INFO  server.RaftServerConfigKeys (ConfUtils.java:logGet(43)) - raft.server.log.purge.gap = 1000000 (custom)
2019-09-12 10:09:44,085 [pool-155-thread-1] INFO  server.RaftServerConfigKeys (ConfUtils.java:logGet(43)) - raft.server.log.appender.buffer.byte-limit = 33554432 (custom)
2019-09-12 10:09:44,085 [pool-155-thread-1] INFO  server.RaftServerConfigKeys (ConfUtils.java:logGet(43)) - raft.server.log.segment.size.max = 1048576 (custom)
2019-09-12 10:09:44,085 [pool-155-thread-1] INFO  server.RaftServerConfigKeys (ConfUtils.java:logGet(43)) - raft.server.log.segment.cache.num.max = 2 (custom)
2019-09-12 10:09:44,085 [pool-155-thread-1] INFO  segmented.SegmentedRaftLogWorker (SegmentedRaftLogWorker.java:<init>(172)) - new 607208f0-c8f5-40f1-9180-2e36f3e2d896-SegmentedRaftLogWorker:Storage Directory /workdir/hadoop-ozone/integration-test/target/test-dir/MiniOzoneClusterImpl-78812344-8fab-4fd2-b9e8-17e484e4ebaf/datanode-2/data/ratis/f0d45c8a-90cc-422f-b9ce-c49ed39ca722 for RaftStorage:Storage Directory /workdir/hadoop-ozone/integration-test/target/test-dir/MiniOzoneClusterImpl-78812344-8fab-4fd2-b9e8-17e484e4ebaf/datanode-2/data/ratis/f0d45c8a-90cc-422f-b9ce-c49ed39ca722
2019-09-12 10:09:44,085 [pool-155-thread-1] INFO  server.RaftServerConfigKeys (ConfUtils.java:logGet(43)) - raft.server.log.queue.byte-limit = 2147483647 (custom)
2019-09-12 10:09:44,085 [pool-155-thread-1] INFO  server.RaftServerConfigKeys (ConfUtils.java:logGet(43)) - raft.server.log.queue.element-limit = 1024 (custom)
2019-09-12 10:09:44,085 [pool-155-thread-1] INFO  server.RaftServerConfigKeys (ConfUtils.java:logGet(43)) - raft.server.log.segment.size.max = 1048576 (custom)
2019-09-12 10:09:44,086 [pool-155-thread-1] INFO  server.RaftServerConfigKeys (ConfUtils.java:logGet(43)) - raft.server.log.preallocated.size = 16384 (custom)
2019-09-12 10:09:44,086 [pool-155-thread-1] INFO  server.RaftServerConfigKeys (ConfUtils.java:logGet(43)) - raft.server.log.write.buffer.size = 33554432 (custom)
2019-09-12 10:09:44,086 [pool-155-thread-1] INFO  server.RaftServerConfigKeys (ConfUtils.java:logGet(43)) - raft.server.log.force.sync.num = 128 (default)
2019-09-12 10:09:44,086 [pool-155-thread-1] INFO  server.RaftServerConfigKeys (ConfUtils.java:logGet(43)) - raft.server.log.statemachine.data.sync = true (default)
2019-09-12 10:09:44,086 [pool-155-thread-1] INFO  server.RaftServerConfigKeys (ConfUtils.java:logGet(43)) - raft.server.log.statemachine.data.sync.timeout = 10s (default)
2019-09-12 10:09:44,086 [pool-155-thread-1] INFO  server.RaftServerConfigKeys (ConfUtils.java:logGet(43)) - raft.server.log.statemachine.data.sync.timeout.retry = -1 (default)
2019-09-12 10:09:44,086 [pool-155-thread-1] INFO  server.RaftServerConfigKeys (ConfUtils.java:logGet(43)) - raft.server.log.statemachine.data.caching.enabled = true (custom)
2019-09-12 10:09:44,087 [pool-155-thread-1] INFO  segmented.SegmentedRaftLogWorker (SegmentedRaftLogWorker.java:lambda$new$0(132)) - 607208f0-c8f5-40f1-9180-2e36f3e2d896-SegmentedRaftLogWorker:Storage Directory /workdir/hadoop-ozone/integration-test/target/test-dir/MiniOzoneClusterImpl-78812344-8fab-4fd2-b9e8-17e484e4ebaf/datanode-2/data/ratis/f0d45c8a-90cc-422f-b9ce-c49ed39ca722: flushIndex: setUnconditionally 0 -> -1
2019-09-12 10:09:44,087 [pool-155-thread-1] INFO  server.RaftServerConfigKeys (ConfUtils.java:logGet(43)) - raft.server.snapshot.auto.trigger.enabled = true (custom)
2019-09-12 10:09:44,087 [pool-155-thread-1] INFO  server.RaftServerConfigKeys (ConfUtils.java:logGet(43)) - raft.server.snapshot.auto.trigger.threshold = 10000 (custom)
2019-09-12 10:09:44,087 [pool-155-thread-1] INFO  server.RaftServerConfigKeys (ConfUtils.java:logGet(43)) - raft.server.retrycache.expirytime = 600000ms (custom)
2019-09-12 10:09:44,087 [pool-155-thread-1] INFO  impl.RaftServerImpl (RaftServerImpl.java:start(180)) - 607208f0-c8f5-40f1-9180-2e36f3e2d896: start group-C49ED39CA722
2019-09-12 10:09:44,087 [pool-155-thread-1] INFO  impl.RaftServerImpl (RaftServerImpl.java:setRole(171)) - 607208f0-c8f5-40f1-9180-2e36f3e2d896:group-C49ED39CA722 changes role from null to FOLLOWER at term 0 for startAsFollower
2019-09-12 10:09:44,087 [pool-155-thread-1] INFO  impl.RoleInfo (RoleInfo.java:updateAndGet(143)) - 607208f0-c8f5-40f1-9180-2e36f3e2d896: start FollowerState
2019-09-12 10:09:44,088 [pool-155-thread-1] INFO  util.JmxRegister (JmxRegister.java:tryRegister(44)) - Successfully registered JMX Bean with object name Ratis:service=RaftServer,group=group-C49ED39CA722,id=607208f0-c8f5-40f1-9180-2e36f3e2d896
2019-09-12 10:09:44,090 [RatisPipelineUtilsThread] INFO  pipeline.PipelineStateManager (PipelineStateManager.java:addPipeline(56)) - Created pipeline Pipeline[ Id: f0d45c8a-90cc-422f-b9ce-c49ed39ca722, Nodes: 607208f0-c8f5-40f1-9180-2e36f3e2d896{ip: 192.168.36.114, host: pr-hdds-1569-58hkm-1881083799, networkLocation: /default-rack, certSerialId: null}, Type:RATIS, Factor:ONE, State:OPEN]
2019-09-12 10:09:44,090 [RatisPipelineUtilsThread] ERROR pipeline.PipelinePlacementPolicy (PipelinePlacementPolicy.java:meetCriteria(92)) - Pipeline Placement: Doesn't meet the criteria to be viable node. Heaviness: 6
2019-09-12 10:09:44,091 [RatisPipelineUtilsThread] ERROR pipeline.PipelinePlacementPolicy (PipelinePlacementPolicy.java:meetCriteria(92)) - Pipeline Placement: Doesn't meet the criteria to be viable node. Heaviness: 6
2019-09-12 10:09:44,096 [grpc-default-executor-1] INFO  impl.RaftServerProxy (RaftServerProxy.java:addNew(89)) - 607208f0-c8f5-40f1-9180-2e36f3e2d896: addNew group-645EE6E5449F:[607208f0-c8f5-40f1-9180-2e36f3e2d896:192.168.36.114:42135] returns group-645EE6E5449F:java.util.concurrent.CompletableFuture@1aab9f14[Not completed]
2019-09-12 10:09:44,096 [pool-155-thread-1] INFO  impl.RaftServerImpl (RaftServerImpl.java:<init>(93)) - 607208f0-c8f5-40f1-9180-2e36f3e2d896: new RaftServerImpl for group-645EE6E5449F:[607208f0-c8f5-40f1-9180-2e36f3e2d896:192.168.36.114:42135] with ContainerStateMachine:uninitialized
2019-09-12 10:09:44,097 [pool-155-thread-1] INFO  server.RaftServerConfigKeys (ConfUtils.java:logGet(43)) - raft.server.rpc.timeout.min = 5s (custom)
2019-09-12 10:09:44,097 [pool-155-thread-1] INFO  server.RaftServerConfigKeys (ConfUtils.java:logGet(43)) - raft.server.rpc.timeout.max = 5200ms (custom)
2019-09-12 10:09:44,097 [pool-155-thread-1] INFO  server.RaftServerConfigKeys (ConfUtils.java:logGet(43)) - raft.server.rpcslowness.timeout = 120s (custom)
2019-09-12 10:09:44,097 [pool-155-thread-1] INFO  server.RaftServerConfigKeys (ConfUtils.java:logGet(43)) - raft.server.sleep.deviation.threshold = 300 (default)
2019-09-12 10:09:44,097 [pool-155-thread-1] INFO  server.RaftServerConfigKeys (ConfUtils.java:logGet(43)) - raft.server.log.appender.install.snapshot.enabled = false (custom)
2019-09-12 10:09:44,097 [pool-155-thread-1] INFO  impl.RaftServerImpl (ServerState.java:<init>(105)) - 607208f0-c8f5-40f1-9180-2e36f3e2d896:group-645EE6E5449F ConfigurationManager, init=-1: [607208f0-c8f5-40f1-9180-2e36f3e2d896:192.168.36.114:42135], old=null, confs=<EMPTY_MAP>
2019-09-12 10:09:44,097 [pool-155-thread-1] INFO  server.RaftServerConfigKeys (ConfUtils.java:logGet(43)) - raft.server.storage.dir = [/workdir/hadoop-ozone/integration-test/target/test-dir/MiniOzoneClusterImpl-78812344-8fab-4fd2-b9e8-17e484e4ebaf/datanode-2/data/ratis] (custom)
2019-09-12 10:09:44,097 [pool-155-thread-1] INFO  storage.RaftStorageDirectory (RaftStorageDirectory.java:analyzeStorage(246)) - The storage directory /workdir/hadoop-ozone/integration-test/target/test-dir/MiniOzoneClusterImpl-78812344-8fab-4fd2-b9e8-17e484e4ebaf/datanode-2/data/ratis/093e97d5-615d-40ce-b9eb-645ee6e5449f does not exist. Creating ...
2019-09-12 10:09:44,103 [pool-155-thread-1] INFO  storage.RaftStorageDirectory (RaftStorageDirectory.java:tryLock(328)) - Lock on /workdir/hadoop-ozone/integration-test/target/test-dir/MiniOzoneClusterImpl-78812344-8fab-4fd2-b9e8-17e484e4ebaf/datanode-2/data/ratis/093e97d5-615d-40ce-b9eb-645ee6e5449f/in_use.lock acquired by nodename 2537@pr-hdds-1569-58hkm-1881083799
2019-09-12 10:09:44,185 [pool-155-thread-1] INFO  storage.RaftStorage (RaftStorage.java:format(72)) - Storage directory /workdir/hadoop-ozone/integration-test/target/test-dir/MiniOzoneClusterImpl-78812344-8fab-4fd2-b9e8-17e484e4ebaf/datanode-2/data/ratis/093e97d5-615d-40ce-b9eb-645ee6e5449f has been successfully formatted.
2019-09-12 10:09:44,185 [pool-155-thread-1] INFO  ratis.ContainerStateMachine (ContainerStateMachine.java:loadSnapshot(226)) - group-645EE6E5449F: The snapshot info is null. Setting the last applied indexto:(t:0, i:~)
2019-09-12 10:09:44,185 [pool-155-thread-1] INFO  server.RaftServerConfigKeys (ConfUtils.java:logGet(43)) - raft.server.leader.election.timeout = 120s (custom)
2019-09-12 10:09:44,185 [pool-155-thread-1] INFO  server.RaftServerConfigKeys (ConfUtils.java:logGet(43)) - raft.server.log.use.memory = false (default)
2019-09-12 10:09:44,185 [pool-155-thread-1] INFO  server.RaftServerConfigKeys (ConfUtils.java:logGet(43)) - raft.server.log.purge.gap = 1000000 (custom)
2019-09-12 10:09:44,185 [pool-155-thread-1] INFO  server.RaftServerConfigKeys (ConfUtils.java:logGet(43)) - raft.server.log.appender.buffer.byte-limit = 33554432 (custom)
2019-09-12 10:09:44,185 [pool-155-thread-1] INFO  server.RaftServerConfigKeys (ConfUtils.java:logGet(43)) - raft.server.log.segment.size.max = 1048576 (custom)
2019-09-12 10:09:44,185 [pool-155-thread-1] INFO  server.RaftServerConfigKeys (ConfUtils.java:logGet(43)) - raft.server.log.segment.cache.num.max = 2 (custom)
2019-09-12 10:09:44,185 [pool-155-thread-1] INFO  segmented.SegmentedRaftLogWorker (SegmentedRaftLogWorker.java:<init>(172)) - new 607208f0-c8f5-40f1-9180-2e36f3e2d896-SegmentedRaftLogWorker:Storage Directory /workdir/hadoop-ozone/integration-test/target/test-dir/MiniOzoneClusterImpl-78812344-8fab-4fd2-b9e8-17e484e4ebaf/datanode-2/data/ratis/093e97d5-615d-40ce-b9eb-645ee6e5449f for RaftStorage:Storage Directory /workdir/hadoop-ozone/integration-test/target/test-dir/MiniOzoneClusterImpl-78812344-8fab-4fd2-b9e8-17e484e4ebaf/datanode-2/data/ratis/093e97d5-615d-40ce-b9eb-645ee6e5449f
2019-09-12 10:09:44,186 [pool-155-thread-1] INFO  server.RaftServerConfigKeys (ConfUtils.java:logGet(43)) - raft.server.log.queue.byte-limit = 2147483647 (custom)
2019-09-12 10:09:44,186 [pool-155-thread-1] INFO  server.RaftServerConfigKeys (ConfUtils.java:logGet(43)) - raft.server.log.queue.element-limit = 1024 (custom)
2019-09-12 10:09:44,186 [pool-155-thread-1] INFO  server.RaftServerConfigKeys (ConfUtils.java:logGet(43)) - raft.server.log.segment.size.max = 1048576 (custom)
2019-09-12 10:09:44,186 [pool-155-thread-1] INFO  server.RaftServerConfigKeys (ConfUtils.java:logGet(43)) - raft.server.log.preallocated.size = 16384 (custom)
2019-09-12 10:09:44,186 [pool-155-thread-1] INFO  server.RaftServerConfigKeys (ConfUtils.java:logGet(43)) - raft.server.log.write.buffer.size = 33554432 (custom)
2019-09-12 10:09:44,186 [pool-155-thread-1] INFO  server.RaftServerConfigKeys (ConfUtils.java:logGet(43)) - raft.server.log.force.sync.num = 128 (default)
2019-09-12 10:09:44,186 [pool-155-thread-1] INFO  server.RaftServerConfigKeys (ConfUtils.java:logGet(43)) - raft.server.log.statemachine.data.sync = true (default)
2019-09-12 10:09:44,186 [pool-155-thread-1] INFO  server.RaftServerConfigKeys (ConfUtils.java:logGet(43)) - raft.server.log.statemachine.data.sync.timeout = 10s (default)
2019-09-12 10:09:44,186 [pool-155-thread-1] INFO  server.RaftServerConfigKeys (ConfUtils.java:logGet(43)) - raft.server.log.statemachine.data.sync.timeout.retry = -1 (default)
2019-09-12 10:09:44,187 [pool-155-thread-1] INFO  server.RaftServerConfigKeys (ConfUtils.java:logGet(43)) - raft.server.log.statemachine.data.caching.enabled = true (custom)
2019-09-12 10:09:44,187 [pool-155-thread-1] INFO  segmented.SegmentedRaftLogWorker (SegmentedRaftLogWorker.java:lambda$new$0(132)) - 607208f0-c8f5-40f1-9180-2e36f3e2d896-SegmentedRaftLogWorker:Storage Directory /workdir/hadoop-ozone/integration-test/target/test-dir/MiniOzoneClusterImpl-78812344-8fab-4fd2-b9e8-17e484e4ebaf/datanode-2/data/ratis/093e97d5-615d-40ce-b9eb-645ee6e5449f: flushIndex: setUnconditionally 0 -> -1
2019-09-12 10:09:44,187 [pool-155-thread-1] INFO  server.RaftServerConfigKeys (ConfUtils.java:logGet(43)) - raft.server.snapshot.auto.trigger.enabled = true (custom)
2019-09-12 10:09:44,187 [pool-155-thread-1] INFO  server.RaftServerConfigKeys (ConfUtils.java:logGet(43)) - raft.server.snapshot.auto.trigger.threshold = 10000 (custom)
2019-09-12 10:09:44,187 [pool-155-thread-1] INFO  server.RaftServerConfigKeys (ConfUtils.java:logGet(43)) - raft.server.retrycache.expirytime = 600000ms (custom)
2019-09-12 10:09:44,187 [pool-155-thread-1] INFO  impl.RaftServerImpl (RaftServerImpl.java:start(180)) - 607208f0-c8f5-40f1-9180-2e36f3e2d896: start group-645EE6E5449F
2019-09-12 10:09:44,188 [pool-155-thread-1] INFO  impl.RaftServerImpl (RaftServerImpl.java:setRole(171)) - 607208f0-c8f5-40f1-9180-2e36f3e2d896:group-645EE6E5449F changes role from null to FOLLOWER at term 0 for startAsFollower
2019-09-12 10:09:44,188 [pool-155-thread-1] INFO  impl.RoleInfo (RoleInfo.java:updateAndGet(143)) - 607208f0-c8f5-40f1-9180-2e36f3e2d896: start FollowerState
2019-09-12 10:09:44,188 [pool-155-thread-1] INFO  util.JmxRegister (JmxRegister.java:tryRegister(44)) - Successfully registered JMX Bean with object name Ratis:service=RaftServer,group=group-645EE6E5449F,id=607208f0-c8f5-40f1-9180-2e36f3e2d896
2019-09-12 10:09:44,190 [RatisPipelineUtilsThread] INFO  pipeline.PipelineStateManager (PipelineStateManager.java:addPipeline(56)) - Created pipeline Pipeline[ Id: 093e97d5-615d-40ce-b9eb-645ee6e5449f, Nodes: 607208f0-c8f5-40f1-9180-2e36f3e2d896{ip: 192.168.36.114, host: pr-hdds-1569-58hkm-1881083799, networkLocation: /default-rack, certSerialId: null}, Type:RATIS, Factor:ONE, State:OPEN]
2019-09-12 10:09:44,191 [RatisPipelineUtilsThread] ERROR pipeline.PipelinePlacementPolicy (PipelinePlacementPolicy.java:meetCriteria(92)) - Pipeline Placement: Doesn't meet the criteria to be viable node. Heaviness: 6
2019-09-12 10:09:44,191 [RatisPipelineUtilsThread] ERROR pipeline.PipelinePlacementPolicy (PipelinePlacementPolicy.java:meetCriteria(92)) - Pipeline Placement: Doesn't meet the criteria to be viable node. Heaviness: 6
2019-09-12 10:09:44,196 [grpc-default-executor-1] INFO  impl.RaftServerProxy (RaftServerProxy.java:addNew(89)) - 607208f0-c8f5-40f1-9180-2e36f3e2d896: addNew group-AEBAED986034:[607208f0-c8f5-40f1-9180-2e36f3e2d896:192.168.36.114:42135] returns group-AEBAED986034:java.util.concurrent.CompletableFuture@3a734424[Not completed]
2019-09-12 10:09:44,199 [pool-155-thread-1] INFO  impl.RaftServerImpl (RaftServerImpl.java:<init>(93)) - 607208f0-c8f5-40f1-9180-2e36f3e2d896: new RaftServerImpl for group-AEBAED986034:[607208f0-c8f5-40f1-9180-2e36f3e2d896:192.168.36.114:42135] with ContainerStateMachine:uninitialized
2019-09-12 10:09:44,199 [pool-155-thread-1] INFO  server.RaftServerConfigKeys (ConfUtils.java:logGet(43)) - raft.server.rpc.timeout.min = 5s (custom)
2019-09-12 10:09:44,199 [pool-155-thread-1] INFO  server.RaftServerConfigKeys (ConfUtils.java:logGet(43)) - raft.server.rpc.timeout.max = 5200ms (custom)
2019-09-12 10:09:44,199 [pool-155-thread-1] INFO  server.RaftServerConfigKeys (ConfUtils.java:logGet(43)) - raft.server.rpcslowness.timeout = 120s (custom)
2019-09-12 10:09:44,199 [pool-155-thread-1] INFO  server.RaftServerConfigKeys (ConfUtils.java:logGet(43)) - raft.server.sleep.deviation.threshold = 300 (default)
2019-09-12 10:09:44,199 [pool-155-thread-1] INFO  server.RaftServerConfigKeys (ConfUtils.java:logGet(43)) - raft.server.log.appender.install.snapshot.enabled = false (custom)
2019-09-12 10:09:44,199 [pool-155-thread-1] INFO  impl.RaftServerImpl (ServerState.java:<init>(105)) - 607208f0-c8f5-40f1-9180-2e36f3e2d896:group-AEBAED986034 ConfigurationManager, init=-1: [607208f0-c8f5-40f1-9180-2e36f3e2d896:192.168.36.114:42135], old=null, confs=<EMPTY_MAP>
2019-09-12 10:09:44,199 [pool-155-thread-1] INFO  server.RaftServerConfigKeys (ConfUtils.java:logGet(43)) - raft.server.storage.dir = [/workdir/hadoop-ozone/integration-test/target/test-dir/MiniOzoneClusterImpl-78812344-8fab-4fd2-b9e8-17e484e4ebaf/datanode-2/data/ratis] (custom)
2019-09-12 10:09:44,200 [pool-155-thread-1] INFO  storage.RaftStorageDirectory (RaftStorageDirectory.java:analyzeStorage(246)) - The storage directory /workdir/hadoop-ozone/integration-test/target/test-dir/MiniOzoneClusterImpl-78812344-8fab-4fd2-b9e8-17e484e4ebaf/datanode-2/data/ratis/3abfed2d-f0bf-4b63-bad9-aebaed986034 does not exist. Creating ...
2019-09-12 10:09:44,212 [pool-155-thread-1] INFO  storage.RaftStorageDirectory (RaftStorageDirectory.java:tryLock(328)) - Lock on /workdir/hadoop-ozone/integration-test/target/test-dir/MiniOzoneClusterImpl-78812344-8fab-4fd2-b9e8-17e484e4ebaf/datanode-2/data/ratis/3abfed2d-f0bf-4b63-bad9-aebaed986034/in_use.lock acquired by nodename 2537@pr-hdds-1569-58hkm-1881083799
2019-09-12 10:09:44,225 [pool-155-thread-1] INFO  storage.RaftStorage (RaftStorage.java:format(72)) - Storage directory /workdir/hadoop-ozone/integration-test/target/test-dir/MiniOzoneClusterImpl-78812344-8fab-4fd2-b9e8-17e484e4ebaf/datanode-2/data/ratis/3abfed2d-f0bf-4b63-bad9-aebaed986034 has been successfully formatted.
2019-09-12 10:09:44,225 [pool-155-thread-1] INFO  ratis.ContainerStateMachine (ContainerStateMachine.java:loadSnapshot(226)) - group-AEBAED986034: The snapshot info is null. Setting the last applied indexto:(t:0, i:~)
2019-09-12 10:09:44,225 [pool-155-thread-1] INFO  server.RaftServerConfigKeys (ConfUtils.java:logGet(43)) - raft.server.leader.election.timeout = 120s (custom)
2019-09-12 10:09:44,225 [pool-155-thread-1] INFO  server.RaftServerConfigKeys (ConfUtils.java:logGet(43)) - raft.server.log.use.memory = false (default)
2019-09-12 10:09:44,226 [pool-155-thread-1] INFO  server.RaftServerConfigKeys (ConfUtils.java:logGet(43)) - raft.server.log.purge.gap = 1000000 (custom)
2019-09-12 10:09:44,226 [pool-155-thread-1] INFO  server.RaftServerConfigKeys (ConfUtils.java:logGet(43)) - raft.server.log.appender.buffer.byte-limit = 33554432 (custom)
2019-09-12 10:09:44,226 [pool-155-thread-1] INFO  server.RaftServerConfigKeys (ConfUtils.java:logGet(43)) - raft.server.log.segment.size.max = 1048576 (custom)
2019-09-12 10:09:44,226 [pool-155-thread-1] INFO  server.RaftServerConfigKeys (ConfUtils.java:logGet(43)) - raft.server.log.segment.cache.num.max = 2 (custom)
2019-09-12 10:09:44,226 [pool-155-thread-1] INFO  segmented.SegmentedRaftLogWorker (SegmentedRaftLogWorker.java:<init>(172)) - new 607208f0-c8f5-40f1-9180-2e36f3e2d896-SegmentedRaftLogWorker:Storage Directory /workdir/hadoop-ozone/integration-test/target/test-dir/MiniOzoneClusterImpl-78812344-8fab-4fd2-b9e8-17e484e4ebaf/datanode-2/data/ratis/3abfed2d-f0bf-4b63-bad9-aebaed986034 for RaftStorage:Storage Directory /workdir/hadoop-ozone/integration-test/target/test-dir/MiniOzoneClusterImpl-78812344-8fab-4fd2-b9e8-17e484e4ebaf/datanode-2/data/ratis/3abfed2d-f0bf-4b63-bad9-aebaed986034
2019-09-12 10:09:44,226 [pool-155-thread-1] INFO  server.RaftServerConfigKeys (ConfUtils.java:logGet(43)) - raft.server.log.queue.byte-limit = 2147483647 (custom)
2019-09-12 10:09:44,226 [pool-155-thread-1] INFO  server.RaftServerConfigKeys (ConfUtils.java:logGet(43)) - raft.server.log.queue.element-limit = 1024 (custom)
2019-09-12 10:09:44,226 [pool-155-thread-1] INFO  server.RaftServerConfigKeys (ConfUtils.java:logGet(43)) - raft.server.log.segment.size.max = 1048576 (custom)
2019-09-12 10:09:44,226 [pool-155-thread-1] INFO  server.RaftServerConfigKeys (ConfUtils.java:logGet(43)) - raft.server.log.preallocated.size = 16384 (custom)
2019-09-12 10:09:44,226 [pool-155-thread-1] INFO  server.RaftServerConfigKeys (ConfUtils.java:logGet(43)) - raft.server.log.write.buffer.size = 33554432 (custom)
2019-09-12 10:09:44,227 [pool-155-thread-1] INFO  server.RaftServerConfigKeys (ConfUtils.java:logGet(43)) - raft.server.log.force.sync.num = 128 (default)
2019-09-12 10:09:44,227 [pool-155-thread-1] INFO  server.RaftServerConfigKeys (ConfUtils.java:logGet(43)) - raft.server.log.statemachine.data.sync = true (default)
2019-09-12 10:09:44,227 [pool-155-thread-1] INFO  server.RaftServerConfigKeys (ConfUtils.java:logGet(43)) - raft.server.log.statemachine.data.sync.timeout = 10s (default)
2019-09-12 10:09:44,227 [pool-155-thread-1] INFO  server.RaftServerConfigKeys (ConfUtils.java:logGet(43)) - raft.server.log.statemachine.data.sync.timeout.retry = -1 (default)
2019-09-12 10:09:44,227 [pool-155-thread-1] INFO  server.RaftServerConfigKeys (ConfUtils.java:logGet(43)) - raft.server.log.statemachine.data.caching.enabled = true (custom)
2019-09-12 10:09:44,228 [pool-155-thread-1] INFO  segmented.SegmentedRaftLogWorker (SegmentedRaftLogWorker.java:lambda$new$0(132)) - 607208f0-c8f5-40f1-9180-2e36f3e2d896-SegmentedRaftLogWorker:Storage Directory /workdir/hadoop-ozone/integration-test/target/test-dir/MiniOzoneClusterImpl-78812344-8fab-4fd2-b9e8-17e484e4ebaf/datanode-2/data/ratis/3abfed2d-f0bf-4b63-bad9-aebaed986034: flushIndex: setUnconditionally 0 -> -1
2019-09-12 10:09:44,228 [pool-155-thread-1] INFO  server.RaftServerConfigKeys (ConfUtils.java:logGet(43)) - raft.server.snapshot.auto.trigger.enabled = true (custom)
2019-09-12 10:09:44,228 [pool-155-thread-1] INFO  server.RaftServerConfigKeys (ConfUtils.java:logGet(43)) - raft.server.snapshot.auto.trigger.threshold = 10000 (custom)
2019-09-12 10:09:44,228 [pool-155-thread-1] INFO  server.RaftServerConfigKeys (ConfUtils.java:logGet(43)) - raft.server.retrycache.expirytime = 600000ms (custom)
2019-09-12 10:09:44,228 [pool-155-thread-1] INFO  impl.RaftServerImpl (RaftServerImpl.java:start(180)) - 607208f0-c8f5-40f1-9180-2e36f3e2d896: start group-AEBAED986034
2019-09-12 10:09:44,228 [pool-155-thread-1] INFO  impl.RaftServerImpl (RaftServerImpl.java:setRole(171)) - 607208f0-c8f5-40f1-9180-2e36f3e2d896:group-AEBAED986034 changes role from null to FOLLOWER at term 0 for startAsFollower
2019-09-12 10:09:44,228 [pool-155-thread-1] INFO  impl.RoleInfo (RoleInfo.java:updateAndGet(143)) - 607208f0-c8f5-40f1-9180-2e36f3e2d896: start FollowerState
2019-09-12 10:09:44,228 [pool-155-thread-1] INFO  util.JmxRegister (JmxRegister.java:tryRegister(44)) - Successfully registered JMX Bean with object name Ratis:service=RaftServer,group=group-AEBAED986034,id=607208f0-c8f5-40f1-9180-2e36f3e2d896
2019-09-12 10:09:44,231 [RatisPipelineUtilsThread] INFO  pipeline.PipelineStateManager (PipelineStateManager.java:addPipeline(56)) - Created pipeline Pipeline[ Id: 3abfed2d-f0bf-4b63-bad9-aebaed986034, Nodes: 607208f0-c8f5-40f1-9180-2e36f3e2d896{ip: 192.168.36.114, host: pr-hdds-1569-58hkm-1881083799, networkLocation: /default-rack, certSerialId: null}, Type:RATIS, Factor:ONE, State:OPEN]
2019-09-12 10:09:44,231 [RatisPipelineUtilsThread] ERROR pipeline.PipelinePlacementPolicy (PipelinePlacementPolicy.java:meetCriteria(92)) - Pipeline Placement: Doesn't meet the criteria to be viable node. Heaviness: 6
2019-09-12 10:09:44,232 [RatisPipelineUtilsThread] ERROR pipeline.PipelinePlacementPolicy (PipelinePlacementPolicy.java:meetCriteria(92)) - Pipeline Placement: Doesn't meet the criteria to be viable node. Heaviness: 6
2019-09-12 10:09:44,232 [RatisPipelineUtilsThread] ERROR pipeline.PipelinePlacementPolicy (PipelinePlacementPolicy.java:meetCriteria(92)) - Pipeline Placement: Doesn't meet the criteria to be viable node. Heaviness: 6
2019-09-12 10:09:44,232 [RatisPipelineUtilsThread] ERROR pipeline.PipelinePlacementPolicy (PipelinePlacementPolicy.java:filterViableNodes(147)) - Unable to find enough nodes that meet the criteria that cannot engage in more than 5 pipelines. Nodes required: 1 Found: 0, healthy nodes count inNodeManager: 3.
2019-09-12 10:09:44,232 [RatisPipelineUtilsThread] ERROR pipeline.SCMPipelineManager (SCMPipelineManager.java:createPipeline(161)) - Pipeline creation failed due to exception: Unable to find enough nodes that meet the criteria that cannot engage in more than 5 pipelines. Nodes required: 1 Found: 0, healthy nodes count inNodeManager: 3.
2019-09-12 10:09:44,232 [RatisPipelineUtilsThread] ERROR pipeline.PipelinePlacementPolicy (PipelinePlacementPolicy.java:meetCriteria(92)) - Pipeline Placement: Doesn't meet the criteria to be viable node. Heaviness: 6
2019-09-12 10:09:44,232 [RatisPipelineUtilsThread] ERROR pipeline.PipelinePlacementPolicy (PipelinePlacementPolicy.java:meetCriteria(92)) - Pipeline Placement: Doesn't meet the criteria to be viable node. Heaviness: 6
2019-09-12 10:09:44,232 [RatisPipelineUtilsThread] ERROR pipeline.PipelinePlacementPolicy (PipelinePlacementPolicy.java:meetCriteria(92)) - Pipeline Placement: Doesn't meet the criteria to be viable node. Heaviness: 6
2019-09-12 10:09:44,232 [RatisPipelineUtilsThread] ERROR pipeline.PipelinePlacementPolicy (PipelinePlacementPolicy.java:filterViableNodes(147)) - Unable to find enough nodes that meet the criteria that cannot engage in more than 5 pipelines. Nodes required: 3 Found: 0, healthy nodes count inNodeManager: 3.
2019-09-12 10:09:44,233 [RatisPipelineUtilsThread] ERROR pipeline.SCMPipelineManager (SCMPipelineManager.java:createPipeline(161)) - Pipeline creation failed due to exception: Unable to find enough nodes that meet the criteria that cannot engage in more than 5 pipelines. Nodes required: 3 Found: 0, healthy nodes count inNodeManager: 3.
2019-09-12 10:09:44,233 [main] ERROR pipeline.PipelinePlacementPolicy (PipelinePlacementPolicy.java:meetCriteria(92)) - Pipeline Placement: Doesn't meet the criteria to be viable node. Heaviness: 6
2019-09-12 10:09:44,233 [main] ERROR pipeline.PipelinePlacementPolicy (PipelinePlacementPolicy.java:meetCriteria(92)) - Pipeline Placement: Doesn't meet the criteria to be viable node. Heaviness: 6
2019-09-12 10:09:44,233 [main] ERROR pipeline.PipelinePlacementPolicy (PipelinePlacementPolicy.java:meetCriteria(92)) - Pipeline Placement: Doesn't meet the criteria to be viable node. Heaviness: 6
2019-09-12 10:09:44,234 [main] ERROR pipeline.PipelinePlacementPolicy (PipelinePlacementPolicy.java:filterViableNodes(147)) - Unable to find enough nodes that meet the criteria that cannot engage in more than 5 pipelines. Nodes required: 3 Found: 0, healthy nodes count inNodeManager: 3.
2019-09-12 10:09:44,234 [main] ERROR pipeline.SCMPipelineManager (SCMPipelineManager.java:createPipeline(161)) - Pipeline creation failed due to exception: Unable to find enough nodes that meet the criteria that cannot engage in more than 5 pipelines. Nodes required: 3 Found: 0, healthy nodes count inNodeManager: 3.
2019-09-12 10:09:44,234 [RatisPipelineUtilsThread] ERROR pipeline.PipelinePlacementPolicy (PipelinePlacementPolicy.java:meetCriteria(92)) - Pipeline Placement: Doesn't meet the criteria to be viable node. Heaviness: 6
2019-09-12 10:09:44,234 [main] INFO  ozone.MiniOzoneClusterImpl (MiniOzoneClusterImpl.java:shutdown(321)) - Shutting down the Mini Ozone Cluster
2019-09-12 10:09:44,234 [RatisPipelineUtilsThread] ERROR pipeline.PipelinePlacementPolicy (PipelinePlacementPolicy.java:meetCriteria(92)) - Pipeline Placement: Doesn't meet the criteria to be viable node. Heaviness: 6
2019-09-12 10:09:44,235 [RatisPipelineUtilsThread] ERROR pipeline.PipelinePlacementPolicy (PipelinePlacementPolicy.java:meetCriteria(92)) - Pipeline Placement: Doesn't meet the criteria to be viable node. Heaviness: 6
2019-09-12 10:09:44,235 | INFO  | SCMAudit | user=null | ip=null | op=GET_SCM_INFO null | ret=SUCCESS |  
2019-09-12 10:09:44,235 [RatisPipelineUtilsThread] ERROR pipeline.PipelinePlacementPolicy (PipelinePlacementPolicy.java:filterViableNodes(147)) - Unable to find enough nodes that meet the criteria that cannot engage in more than 5 pipelines. Nodes required: 1 Found: 0, healthy nodes count inNodeManager: 3.
2019-09-12 10:09:44,235 [main] INFO  ozone.MiniOzoneClusterImpl (MiniOzoneClusterImpl.java:stop(336)) - Stopping the Mini Ozone Cluster
2019-09-12 10:09:44,235 [main] INFO  ozone.MiniOzoneClusterImpl (MiniOzoneClusterImpl.java:stop(338)) - Stopping the OzoneManager
2019-09-12 10:09:44,235 [RatisPipelineUtilsThread] ERROR pipeline.SCMPipelineManager (SCMPipelineManager.java:createPipeline(161)) - Pipeline creation failed due to exception: Unable to find enough nodes that meet the criteria that cannot engage in more than 5 pipelines. Nodes required: 1 Found: 0, healthy nodes count inNodeManager: 3.
2019-09-12 10:09:44,235 [main] INFO  ipc.Server (Server.java:stop(3082)) - Stopping server on 40088
2019-09-12 10:09:44,235 [RatisPipelineUtilsThread] ERROR pipeline.PipelinePlacementPolicy (PipelinePlacementPolicy.java:meetCriteria(92)) - Pipeline Placement: Doesn't meet the criteria to be viable node. Heaviness: 6
2019-09-12 10:09:44,237 [RatisPipelineUtilsThread] ERROR pipeline.PipelinePlacementPolicy (PipelinePlacementPolicy.java:meetCriteria(92)) - Pipeline Placement: Doesn't meet the criteria to be viable node. Heaviness: 6
2019-09-12 10:09:44,239 [RatisPipelineUtilsThread] ERROR pipeline.PipelinePlacementPolicy (PipelinePlacementPolicy.java:meetCriteria(92)) - Pipeline Placement: Doesn't meet the criteria to be viable node. Heaviness: 6
2019-09-12 10:09:44,239 [RatisPipelineUtilsThread] ERROR pipeline.PipelinePlacementPolicy (PipelinePlacementPolicy.java:filterViableNodes(147)) - Unable to find enough nodes that meet the criteria that cannot engage in more than 5 pipelines. Nodes required: 3 Found: 0, healthy nodes count inNodeManager: 3.
2019-09-12 10:09:44,239 [RatisPipelineUtilsThread] ERROR pipeline.SCMPipelineManager (SCMPipelineManager.java:createPipeline(161)) - Pipeline creation failed due to exception: Unable to find enough nodes that meet the criteria that cannot engage in more than 5 pipelines. Nodes required: 3 Found: 0, healthy nodes count inNodeManager: 3.
2019-09-12 10:09:44,240 [IPC Server listener on 40088] INFO  ipc.Server (Server.java:run(1185)) - Stopping IPC Server listener on 40088
2019-09-12 10:09:44,240 [main] INFO  ratis.OzoneManagerDoubleBuffer (OzoneManagerDoubleBuffer.java:stop(248)) - Stopping OMDoubleBuffer flush thread
2019-09-12 10:09:44,241 [IPC Server Responder] INFO  ipc.Server (Server.java:run(1319)) - Stopping IPC Server Responder
2019-09-12 10:09:44,242 [OMDoubleBufferFlushThread] INFO  ratis.OzoneManagerDoubleBuffer (OzoneManagerDoubleBuffer.java:flushTransactions(191)) - OMDoubleBuffer flush thread OMDoubleBufferFlushThread is interrupted and will exit. OMDoubleBufferFlushThread
2019-09-12 10:09:44,243 [main] INFO  utils.BackgroundService (BackgroundService.java:shutdown(148)) - Shutting down service KeyDeletingService
2019-09-12 10:09:44,245 [main] INFO  handler.ContextHandler (ContextHandler.java:doStop(910)) - Stopped o.e.j.w.WebAppContext@67afe909{/,null,UNAVAILABLE}{/ozoneManager}
2019-09-12 10:09:44,246 [main] INFO  server.AbstractConnector (AbstractConnector.java:doStop(318)) - Stopped ServerConnector@79f1e22e{HTTP/1.1,[http/1.1]}{0.0.0.0:0}
2019-09-12 10:09:44,247 [main] INFO  handler.ContextHandler (ContextHandler.java:doStop(910)) - Stopped o.e.j.s.ServletContextHandler@3dde5f38{/static,file:///workdir/hadoop-ozone/integration-test/target/test-classes/webapps/static,UNAVAILABLE}
2019-09-12 10:09:44,247 [main] INFO  handler.ContextHandler (ContextHandler.java:doStop(910)) - Stopped o.e.j.s.ServletContextHandler@45d7495e{/logs,file:///workdir/hadoop-ozone/integration-test/target/log,UNAVAILABLE}
2019-09-12 10:09:44,250 [main] INFO  ozone.MiniOzoneClusterImpl (MiniOzoneClusterImpl.java:stop(344)) - Shutting the HddsDatanodes
2019-09-12 10:09:44,250 [main] INFO  datanode.ObjectStoreHandler (ObjectStoreHandler.java:close(155)) - Closing ObjectStoreHandler.
2019-09-12 10:09:44,250 [ForkJoinPool.commonPool-worker-1] INFO  datanode.ObjectStoreHandler (ObjectStoreHandler.java:close(155)) - Closing ObjectStoreHandler.
2019-09-12 10:09:44,251 [ForkJoinPool.commonPool-worker-1] INFO  ozone.HddsDatanodeService (HddsDatanodeService.java:stop(451)) - Stopped plug-in org.apache.hadoop.ozone.web.OzoneHddsDatanodeService@642c72cf
2019-09-12 10:09:44,252 [main] INFO  ozone.HddsDatanodeService (HddsDatanodeService.java:stop(451)) - Stopped plug-in org.apache.hadoop.ozone.web.OzoneHddsDatanodeService@6ba0ee4a
2019-09-12 10:09:44,269 [Datanode State Machine Thread - 0] INFO  statemachine.DatanodeStateMachine (DatanodeStateMachine.java:lambda$startDaemon$0(350)) - Ozone container server started.
2019-09-12 10:09:44,483 [Datanode State Machine Thread - 0] INFO  statemachine.DatanodeStateMachine (DatanodeStateMachine.java:lambda$startDaemon$0(350)) - Ozone container server started.
2019-09-12 10:09:44,931 | INFO  | SCMAudit | user=jenkins1000 | ip=192.168.36.114 | op=SEND_HEARTBEAT {datanodeUUID=607208f0-c8f5-40f1-9180-2e36f3e2d896, command=[]} | ret=SUCCESS |  
2019-09-12 10:09:45,281 [Thread-701] INFO  container.ReplicationManager (ReplicationManager.java:start(151)) - Starting Replication Monitor Thread.
2019-09-12 10:09:45,284 [ReplicationMonitor] INFO  container.ReplicationManager (ReplicationManager.java:run(214)) - Replication Monitor Thread took 0 milliseconds for processing 0 containers.
2019-09-12 10:09:45,930 | INFO  | SCMAudit | user=jenkins1000 | ip=192.168.36.114 | op=SEND_HEARTBEAT {datanodeUUID=607208f0-c8f5-40f1-9180-2e36f3e2d896, command=[]} | ret=SUCCESS |  
2019-09-12 10:09:46,930 | INFO  | SCMAudit | user=jenkins1000 | ip=192.168.36.114 | op=SEND_HEARTBEAT {datanodeUUID=607208f0-c8f5-40f1-9180-2e36f3e2d896, command=[]} | ret=SUCCESS |  
2019-09-12 10:09:47,418 [Thread-706] INFO  impl.FollowerState (FollowerState.java:run(106)) - b4fa19d3-07c4-4b3e-bf1c-08edd6479ca2:group-846A8403C02A changes to CANDIDATE, lastRpcTime:5014, electionTimeout:5014ms
2019-09-12 10:09:47,418 [Thread-706] INFO  impl.RoleInfo (RoleInfo.java:shutdownFollowerState(121)) - b4fa19d3-07c4-4b3e-bf1c-08edd6479ca2: shutdown FollowerState
2019-09-12 10:09:47,419 [Thread-706] INFO  impl.RaftServerImpl (RaftServerImpl.java:setRole(171)) - b4fa19d3-07c4-4b3e-bf1c-08edd6479ca2:group-846A8403C02A changes role from FOLLOWER to CANDIDATE at term 0 for changeToCandidate
2019-09-12 10:09:47,419 [Thread-706] INFO  impl.RoleInfo (RoleInfo.java:updateAndGet(143)) - b4fa19d3-07c4-4b3e-bf1c-08edd6479ca2: start LeaderElection
2019-09-12 10:09:47,430 [Thread-703] INFO  impl.FollowerState (FollowerState.java:run(106)) - b4fa19d3-07c4-4b3e-bf1c-08edd6479ca2:group-AF14E6DDC896 changes to CANDIDATE, lastRpcTime:5093, electionTimeout:5093ms
2019-09-12 10:09:47,430 [Thread-703] INFO  impl.RoleInfo (RoleInfo.java:shutdownFollowerState(121)) - b4fa19d3-07c4-4b3e-bf1c-08edd6479ca2: shutdown FollowerState
2019-09-12 10:09:47,430 [Thread-703] INFO  impl.RaftServerImpl (RaftServerImpl.java:setRole(171)) - b4fa19d3-07c4-4b3e-bf1c-08edd6479ca2:group-AF14E6DDC896 changes role from FOLLOWER to CANDIDATE at term 0 for changeToCandidate
2019-09-12 10:09:47,430 [Thread-703] INFO  impl.RoleInfo (RoleInfo.java:updateAndGet(143)) - b4fa19d3-07c4-4b3e-bf1c-08edd6479ca2: start LeaderElection
2019-09-12 10:09:47,649 [Thread-709] INFO  impl.FollowerState (FollowerState.java:run(106)) - b4fa19d3-07c4-4b3e-bf1c-08edd6479ca2:group-1E51110C5AAE changes to CANDIDATE, lastRpcTime:5123, electionTimeout:5123ms
2019-09-12 10:09:47,649 [Thread-709] INFO  impl.RoleInfo (RoleInfo.java:shutdownFollowerState(121)) - b4fa19d3-07c4-4b3e-bf1c-08edd6479ca2: shutdown FollowerState
2019-09-12 10:09:47,649 [Thread-709] INFO  impl.RaftServerImpl (RaftServerImpl.java:setRole(171)) - b4fa19d3-07c4-4b3e-bf1c-08edd6479ca2:group-1E51110C5AAE changes role from FOLLOWER to CANDIDATE at term 0 for changeToCandidate
2019-09-12 10:09:47,649 [Thread-709] INFO  impl.RoleInfo (RoleInfo.java:updateAndGet(143)) - b4fa19d3-07c4-4b3e-bf1c-08edd6479ca2: start LeaderElection
2019-09-12 10:09:47,828 [Thread-712] INFO  impl.FollowerState (FollowerState.java:run(106)) - b4fa19d3-07c4-4b3e-bf1c-08edd6479ca2:group-641F35863280 changes to CANDIDATE, lastRpcTime:5187, electionTimeout:5187ms
2019-09-12 10:09:47,828 [Thread-712] INFO  impl.RoleInfo (RoleInfo.java:shutdownFollowerState(121)) - b4fa19d3-07c4-4b3e-bf1c-08edd6479ca2: shutdown FollowerState
2019-09-12 10:09:47,828 [Thread-712] INFO  impl.RaftServerImpl (RaftServerImpl.java:setRole(171)) - b4fa19d3-07c4-4b3e-bf1c-08edd6479ca2:group-641F35863280 changes role from FOLLOWER to CANDIDATE at term 0 for changeToCandidate
2019-09-12 10:09:47,828 [Thread-712] INFO  impl.RoleInfo (RoleInfo.java:updateAndGet(143)) - b4fa19d3-07c4-4b3e-bf1c-08edd6479ca2: start LeaderElection
2019-09-12 10:09:47,875 [Thread-715] INFO  impl.FollowerState (FollowerState.java:run(106)) - b4fa19d3-07c4-4b3e-bf1c-08edd6479ca2:group-AAB3D3FAE1DA changes to CANDIDATE, lastRpcTime:5065, electionTimeout:5065ms
2019-09-12 10:09:47,875 [Thread-715] INFO  impl.RoleInfo (RoleInfo.java:shutdownFollowerState(121)) - b4fa19d3-07c4-4b3e-bf1c-08edd6479ca2: shutdown FollowerState
2019-09-12 10:09:47,875 [Thread-715] INFO  impl.RaftServerImpl (RaftServerImpl.java:setRole(171)) - b4fa19d3-07c4-4b3e-bf1c-08edd6479ca2:group-AAB3D3FAE1DA changes role from FOLLOWER to CANDIDATE at term 0 for changeToCandidate
2019-09-12 10:09:47,875 [Thread-715] INFO  impl.RoleInfo (RoleInfo.java:updateAndGet(143)) - b4fa19d3-07c4-4b3e-bf1c-08edd6479ca2: start LeaderElection
2019-09-12 10:09:47,930 | INFO  | SCMAudit | user=jenkins1000 | ip=192.168.36.114 | op=SEND_HEARTBEAT {datanodeUUID=607208f0-c8f5-40f1-9180-2e36f3e2d896, command=[]} | ret=SUCCESS |  
2019-09-12 10:09:48,098 [Thread-718] INFO  impl.FollowerState (FollowerState.java:run(106)) - 327069ba-886f-4aa6-8546-b1f43ae7c0e4:group-85C1D8A7743B changes to CANDIDATE, lastRpcTime:5092, electionTimeout:5092ms
2019-09-12 10:09:48,098 [Thread-718] INFO  impl.RoleInfo (RoleInfo.java:shutdownFollowerState(121)) - 327069ba-886f-4aa6-8546-b1f43ae7c0e4: shutdown FollowerState
2019-09-12 10:09:48,098 [Thread-718] INFO  impl.RaftServerImpl (RaftServerImpl.java:setRole(171)) - 327069ba-886f-4aa6-8546-b1f43ae7c0e4:group-85C1D8A7743B changes role from FOLLOWER to CANDIDATE at term 0 for changeToCandidate
2019-09-12 10:09:48,098 [Thread-718] INFO  impl.RoleInfo (RoleInfo.java:updateAndGet(143)) - 327069ba-886f-4aa6-8546-b1f43ae7c0e4: start LeaderElection
2019-09-12 10:09:48,110 [Thread-721] INFO  impl.FollowerState (FollowerState.java:run(106)) - b4fa19d3-07c4-4b3e-bf1c-08edd6479ca2:group-A740E2F626F7 changes to CANDIDATE, lastRpcTime:5060, electionTimeout:5060ms
2019-09-12 10:09:48,110 [Thread-721] INFO  impl.RoleInfo (RoleInfo.java:shutdownFollowerState(121)) - b4fa19d3-07c4-4b3e-bf1c-08edd6479ca2: shutdown FollowerState
2019-09-12 10:09:48,110 [Thread-721] INFO  impl.RaftServerImpl (RaftServerImpl.java:setRole(171)) - b4fa19d3-07c4-4b3e-bf1c-08edd6479ca2:group-A740E2F626F7 changes role from FOLLOWER to CANDIDATE at term 0 for changeToCandidate
2019-09-12 10:09:48,110 [Thread-721] INFO  impl.RoleInfo (RoleInfo.java:updateAndGet(143)) - b4fa19d3-07c4-4b3e-bf1c-08edd6479ca2: start LeaderElection
2019-09-12 10:09:48,380 [Thread-724] INFO  impl.FollowerState (FollowerState.java:run(106)) - 327069ba-886f-4aa6-8546-b1f43ae7c0e4:group-A17A10B5B38A changes to CANDIDATE, lastRpcTime:5173, electionTimeout:5173ms
2019-09-12 10:09:48,380 [Thread-724] INFO  impl.RoleInfo (RoleInfo.java:shutdownFollowerState(121)) - 327069ba-886f-4aa6-8546-b1f43ae7c0e4: shutdown FollowerState
2019-09-12 10:09:48,380 [Thread-724] INFO  impl.RaftServerImpl (RaftServerImpl.java:setRole(171)) - 327069ba-886f-4aa6-8546-b1f43ae7c0e4:group-A17A10B5B38A changes role from FOLLOWER to CANDIDATE at term 0 for changeToCandidate
2019-09-12 10:09:48,380 [Thread-724] INFO  impl.RoleInfo (RoleInfo.java:updateAndGet(143)) - 327069ba-886f-4aa6-8546-b1f43ae7c0e4: start LeaderElection
2019-09-12 10:09:48,461 [Thread-727] INFO  impl.FollowerState (FollowerState.java:run(106)) - 327069ba-886f-4aa6-8546-b1f43ae7c0e4:group-B4E4E4548BE5 changes to CANDIDATE, lastRpcTime:5120, electionTimeout:5120ms
2019-09-12 10:09:48,461 [Thread-727] INFO  impl.RoleInfo (RoleInfo.java:shutdownFollowerState(121)) - 327069ba-886f-4aa6-8546-b1f43ae7c0e4: shutdown FollowerState
2019-09-12 10:09:48,461 [Thread-727] INFO  impl.RaftServerImpl (RaftServerImpl.java:setRole(171)) - 327069ba-886f-4aa6-8546-b1f43ae7c0e4:group-B4E4E4548BE5 changes role from FOLLOWER to CANDIDATE at term 0 for changeToCandidate
2019-09-12 10:09:48,462 [Thread-727] INFO  impl.RoleInfo (RoleInfo.java:updateAndGet(143)) - 327069ba-886f-4aa6-8546-b1f43ae7c0e4: start LeaderElection
2019-09-12 10:09:48,478 [Thread-730] INFO  impl.FollowerState (FollowerState.java:run(106)) - 327069ba-886f-4aa6-8546-b1f43ae7c0e4:group-AFB4A7419145 changes to CANDIDATE, lastRpcTime:5007, electionTimeout:5007ms
2019-09-12 10:09:48,479 [Thread-730] INFO  impl.RoleInfo (RoleInfo.java:shutdownFollowerState(121)) - 327069ba-886f-4aa6-8546-b1f43ae7c0e4: shutdown FollowerState
2019-09-12 10:09:48,479 [Thread-730] INFO  impl.RaftServerImpl (RaftServerImpl.java:setRole(171)) - 327069ba-886f-4aa6-8546-b1f43ae7c0e4:group-AFB4A7419145 changes role from FOLLOWER to CANDIDATE at term 0 for changeToCandidate
2019-09-12 10:09:48,479 [Thread-730] INFO  impl.RoleInfo (RoleInfo.java:updateAndGet(143)) - 327069ba-886f-4aa6-8546-b1f43ae7c0e4: start LeaderElection
2019-09-12 10:09:48,684 [Thread-733] INFO  impl.FollowerState (FollowerState.java:run(106)) - 327069ba-886f-4aa6-8546-b1f43ae7c0e4:group-9BDB78CC4A71 changes to CANDIDATE, lastRpcTime:5109, electionTimeout:5109ms
2019-09-12 10:09:48,684 [Thread-733] INFO  impl.RoleInfo (RoleInfo.java:shutdownFollowerState(121)) - 327069ba-886f-4aa6-8546-b1f43ae7c0e4: shutdown FollowerState
2019-09-12 10:09:48,684 [Thread-733] INFO  impl.RaftServerImpl (RaftServerImpl.java:setRole(171)) - 327069ba-886f-4aa6-8546-b1f43ae7c0e4:group-9BDB78CC4A71 changes role from FOLLOWER to CANDIDATE at term 0 for changeToCandidate
2019-09-12 10:09:48,684 [Thread-733] INFO  impl.RoleInfo (RoleInfo.java:updateAndGet(143)) - 327069ba-886f-4aa6-8546-b1f43ae7c0e4: start LeaderElection
2019-09-12 10:09:48,776 [Thread-739] INFO  impl.FollowerState (FollowerState.java:run(106)) - 607208f0-c8f5-40f1-9180-2e36f3e2d896:group-3722F65981EB changes to CANDIDATE, lastRpcTime:5027, electionTimeout:5027ms
2019-09-12 10:09:48,776 [Thread-739] INFO  impl.RoleInfo (RoleInfo.java:shutdownFollowerState(121)) - 607208f0-c8f5-40f1-9180-2e36f3e2d896: shutdown FollowerState
2019-09-12 10:09:48,777 [Thread-739] INFO  impl.RaftServerImpl (RaftServerImpl.java:setRole(171)) - 607208f0-c8f5-40f1-9180-2e36f3e2d896:group-3722F65981EB changes role from FOLLOWER to CANDIDATE at term 0 for changeToCandidate
2019-09-12 10:09:48,777 [Thread-739] INFO  impl.RoleInfo (RoleInfo.java:updateAndGet(143)) - 607208f0-c8f5-40f1-9180-2e36f3e2d896: start LeaderElection
2019-09-12 10:09:48,811 [Thread-736] INFO  impl.FollowerState (FollowerState.java:run(106)) - 327069ba-886f-4aa6-8546-b1f43ae7c0e4:group-28A177CBF49B changes to CANDIDATE, lastRpcTime:5106, electionTimeout:5106ms
2019-09-12 10:09:48,811 [Thread-736] INFO  impl.RoleInfo (RoleInfo.java:shutdownFollowerState(121)) - 327069ba-886f-4aa6-8546-b1f43ae7c0e4: shutdown FollowerState
2019-09-12 10:09:48,811 [Thread-736] INFO  impl.RaftServerImpl (RaftServerImpl.java:setRole(171)) - 327069ba-886f-4aa6-8546-b1f43ae7c0e4:group-28A177CBF49B changes role from FOLLOWER to CANDIDATE at term 0 for changeToCandidate
2019-09-12 10:09:48,812 [Thread-736] INFO  impl.RoleInfo (RoleInfo.java:updateAndGet(143)) - 327069ba-886f-4aa6-8546-b1f43ae7c0e4: start LeaderElection
2019-09-12 10:09:48,930 | INFO  | SCMAudit | user=jenkins1000 | ip=192.168.36.114 | op=SEND_HEARTBEAT {datanodeUUID=607208f0-c8f5-40f1-9180-2e36f3e2d896, command=[]} | ret=SUCCESS |  
2019-09-12 10:09:49,062 [Thread-742] INFO  impl.FollowerState (FollowerState.java:run(106)) - 607208f0-c8f5-40f1-9180-2e36f3e2d896:group-F1C75DC9DBDA changes to CANDIDATE, lastRpcTime:5184, electionTimeout:5184ms
2019-09-12 10:09:49,063 [Thread-742] INFO  impl.RoleInfo (RoleInfo.java:shutdownFollowerState(121)) - 607208f0-c8f5-40f1-9180-2e36f3e2d896: shutdown FollowerState
2019-09-12 10:09:49,063 [Thread-742] INFO  impl.RaftServerImpl (RaftServerImpl.java:setRole(171)) - 607208f0-c8f5-40f1-9180-2e36f3e2d896:group-F1C75DC9DBDA changes role from FOLLOWER to CANDIDATE at term 0 for changeToCandidate
2019-09-12 10:09:49,063 [Thread-742] INFO  impl.RoleInfo (RoleInfo.java:updateAndGet(143)) - 607208f0-c8f5-40f1-9180-2e36f3e2d896: start LeaderElection
2019-09-12 10:09:49,082 [b4fa19d3-07c4-4b3e-bf1c-08edd6479ca2:group-AF14E6DDC896:LeaderElection37] INFO  impl.LeaderElection (LeaderElection.java:askForVotes(181)) - b4fa19d3-07c4-4b3e-bf1c-08edd6479ca2:group-AF14E6DDC896:LeaderElection37: begin an election at term 1 for -1: [b4fa19d3-07c4-4b3e-bf1c-08edd6479ca2:192.168.36.114:40911], old=null
2019-09-12 10:09:49,082 [b4fa19d3-07c4-4b3e-bf1c-08edd6479ca2:group-846A8403C02A:LeaderElection36] INFO  impl.LeaderElection (LeaderElection.java:askForVotes(181)) - b4fa19d3-07c4-4b3e-bf1c-08edd6479ca2:group-846A8403C02A:LeaderElection36: begin an election at term 1 for -1: [b4fa19d3-07c4-4b3e-bf1c-08edd6479ca2:192.168.36.114:40911], old=null
2019-09-12 10:09:49,083 [b4fa19d3-07c4-4b3e-bf1c-08edd6479ca2:group-AF14E6DDC896:LeaderElection37] INFO  impl.RoleInfo (RoleInfo.java:shutdownLeaderElection(134)) - b4fa19d3-07c4-4b3e-bf1c-08edd6479ca2: shutdown LeaderElection
2019-09-12 10:09:49,083 [b4fa19d3-07c4-4b3e-bf1c-08edd6479ca2:group-846A8403C02A:LeaderElection36] INFO  impl.RoleInfo (RoleInfo.java:shutdownLeaderElection(134)) - b4fa19d3-07c4-4b3e-bf1c-08edd6479ca2: shutdown LeaderElection
2019-09-12 10:09:49,083 [b4fa19d3-07c4-4b3e-bf1c-08edd6479ca2:group-AF14E6DDC896:LeaderElection37] INFO  impl.RaftServerImpl (RaftServerImpl.java:setRole(171)) - b4fa19d3-07c4-4b3e-bf1c-08edd6479ca2:group-AF14E6DDC896 changes role from CANDIDATE to LEADER at term 1 for changeToLeader
2019-09-12 10:09:49,083 [b4fa19d3-07c4-4b3e-bf1c-08edd6479ca2:group-846A8403C02A:LeaderElection36] INFO  impl.RaftServerImpl (RaftServerImpl.java:setRole(171)) - b4fa19d3-07c4-4b3e-bf1c-08edd6479ca2:group-846A8403C02A changes role from CANDIDATE to LEADER at term 1 for changeToLeader
2019-09-12 10:09:49,083 [b4fa19d3-07c4-4b3e-bf1c-08edd6479ca2:group-AF14E6DDC896:LeaderElection37] INFO  impl.RaftServerImpl (ServerState.java:setLeader(263)) - b4fa19d3-07c4-4b3e-bf1c-08edd6479ca2:group-AF14E6DDC896 change Leader from null to b4fa19d3-07c4-4b3e-bf1c-08edd6479ca2 at term 1 for becomeLeader, leader elected after 6751ms
2019-09-12 10:09:49,084 [b4fa19d3-07c4-4b3e-bf1c-08edd6479ca2:group-846A8403C02A:LeaderElection36] INFO  impl.RaftServerImpl (ServerState.java:setLeader(263)) - b4fa19d3-07c4-4b3e-bf1c-08edd6479ca2:group-846A8403C02A change Leader from null to b4fa19d3-07c4-4b3e-bf1c-08edd6479ca2 at term 1 for becomeLeader, leader elected after 6682ms
2019-09-12 10:09:49,084 [b4fa19d3-07c4-4b3e-bf1c-08edd6479ca2:group-AF14E6DDC896:LeaderElection37] INFO  server.RaftServerConfigKeys (ConfUtils.java:logGet(43)) - raft.server.staging.catchup.gap = 1000 (default)
2019-09-12 10:09:49,084 [b4fa19d3-07c4-4b3e-bf1c-08edd6479ca2:group-846A8403C02A:LeaderElection36] INFO  server.RaftServerConfigKeys (ConfUtils.java:logGet(43)) - raft.server.staging.catchup.gap = 1000 (default)
2019-09-12 10:09:49,084 [b4fa19d3-07c4-4b3e-bf1c-08edd6479ca2:group-AF14E6DDC896:LeaderElection37] INFO  server.RaftServerConfigKeys (ConfUtils.java:logGet(43)) - raft.server.rpc.sleep.time = 25ms (default)
2019-09-12 10:09:49,084 [b4fa19d3-07c4-4b3e-bf1c-08edd6479ca2:group-846A8403C02A:LeaderElection36] INFO  server.RaftServerConfigKeys (ConfUtils.java:logGet(43)) - raft.server.rpc.sleep.time = 25ms (default)
2019-09-12 10:09:49,085 [b4fa19d3-07c4-4b3e-bf1c-08edd6479ca2:group-AF14E6DDC896:LeaderElection37] INFO  server.RaftServerConfigKeys (ConfUtils.java:logGet(43)) - raft.server.write.element-limit = 4096 (default)
2019-09-12 10:09:49,085 [b4fa19d3-07c4-4b3e-bf1c-08edd6479ca2:group-846A8403C02A:LeaderElection36] INFO  server.RaftServerConfigKeys (ConfUtils.java:logGet(43)) - raft.server.write.element-limit = 4096 (default)
2019-09-12 10:09:49,085 [b4fa19d3-07c4-4b3e-bf1c-08edd6479ca2:group-AF14E6DDC896:LeaderElection37] INFO  server.RaftServerConfigKeys (ConfUtils.java:logGet(43)) - raft.server.watch.timeout = 10s (default)
2019-09-12 10:09:49,085 [b4fa19d3-07c4-4b3e-bf1c-08edd6479ca2:group-846A8403C02A:LeaderElection36] INFO  server.RaftServerConfigKeys (ConfUtils.java:logGet(43)) - raft.server.watch.timeout = 10s (default)
2019-09-12 10:09:49,085 [b4fa19d3-07c4-4b3e-bf1c-08edd6479ca2:group-AF14E6DDC896:LeaderElection37] INFO  server.RaftServerConfigKeys (ConfUtils.java:logGet(43)) - raft.server.watch.timeout.denomination = 1s (default)
2019-09-12 10:09:49,085 [b4fa19d3-07c4-4b3e-bf1c-08edd6479ca2:group-846A8403C02A:LeaderElection36] INFO  server.RaftServerConfigKeys (ConfUtils.java:logGet(43)) - raft.server.watch.timeout.denomination = 1s (default)
2019-09-12 10:09:49,085 [b4fa19d3-07c4-4b3e-bf1c-08edd6479ca2:group-AF14E6DDC896:LeaderElection37] INFO  server.RaftServerConfigKeys (ConfUtils.java:logGet(43)) - raft.server.watch.element-limit = 65536 (default)
2019-09-12 10:09:49,085 [b4fa19d3-07c4-4b3e-bf1c-08edd6479ca2:group-846A8403C02A:LeaderElection36] INFO  server.RaftServerConfigKeys (ConfUtils.java:logGet(43)) - raft.server.watch.element-limit = 65536 (default)
2019-09-12 10:09:49,086 [b4fa19d3-07c4-4b3e-bf1c-08edd6479ca2:group-AF14E6DDC896:LeaderElection37] INFO  impl.RoleInfo (RoleInfo.java:updateAndGet(143)) - b4fa19d3-07c4-4b3e-bf1c-08edd6479ca2: start LeaderState
2019-09-12 10:09:49,086 [b4fa19d3-07c4-4b3e-bf1c-08edd6479ca2:group-846A8403C02A:LeaderElection36] INFO  impl.RoleInfo (RoleInfo.java:updateAndGet(143)) - b4fa19d3-07c4-4b3e-bf1c-08edd6479ca2: start LeaderState
2019-09-12 10:09:49,086 [b4fa19d3-07c4-4b3e-bf1c-08edd6479ca2:group-AF14E6DDC896:LeaderElection37] INFO  segmented.SegmentedRaftLogWorker (SegmentedRaftLogWorker.java:startLogSegment(380)) - b4fa19d3-07c4-4b3e-bf1c-08edd6479ca2-SegmentedRaftLogWorker:Storage Directory /workdir/hadoop-ozone/integration-test/target/test-dir/MiniOzoneClusterImpl-78812344-8fab-4fd2-b9e8-17e484e4ebaf/datanode-0/data/ratis/469c6576-8a9d-4084-83e7-af14e6ddc896: Starting segment from index:0
2019-09-12 10:09:49,086 [b4fa19d3-07c4-4b3e-bf1c-08edd6479ca2:group-846A8403C02A:LeaderElection36] INFO  segmented.SegmentedRaftLogWorker (SegmentedRaftLogWorker.java:startLogSegment(380)) - b4fa19d3-07c4-4b3e-bf1c-08edd6479ca2-SegmentedRaftLogWorker:Storage Directory /workdir/hadoop-ozone/integration-test/target/test-dir/MiniOzoneClusterImpl-78812344-8fab-4fd2-b9e8-17e484e4ebaf/datanode-0/data/ratis/cf5c5953-4bbc-4702-aeb2-846a8403c02a: Starting segment from index:0
2019-09-12 10:09:49,087 [b4fa19d3-07c4-4b3e-bf1c-08edd6479ca2:group-AF14E6DDC896:LeaderElection37] INFO  impl.RaftServerImpl (ServerState.java:setRaftConf(361)) - b4fa19d3-07c4-4b3e-bf1c-08edd6479ca2:group-AF14E6DDC896 set configuration 0: [b4fa19d3-07c4-4b3e-bf1c-08edd6479ca2:192.168.36.114:40911], old=null at 0
2019-09-12 10:09:49,087 [b4fa19d3-07c4-4b3e-bf1c-08edd6479ca2:group-846A8403C02A:LeaderElection36] INFO  impl.RaftServerImpl (ServerState.java:setRaftConf(361)) - b4fa19d3-07c4-4b3e-bf1c-08edd6479ca2:group-846A8403C02A set configuration 0: [b4fa19d3-07c4-4b3e-bf1c-08edd6479ca2:192.168.36.114:40911], old=null at 0
2019-09-12 10:09:49,122 [Thread-745] INFO  impl.FollowerState (FollowerState.java:run(106)) - 607208f0-c8f5-40f1-9180-2e36f3e2d896:group-7927A944602F changes to CANDIDATE, lastRpcTime:5107, electionTimeout:5107ms
2019-09-12 10:09:49,122 [Thread-745] INFO  impl.RoleInfo (RoleInfo.java:shutdownFollowerState(121)) - 607208f0-c8f5-40f1-9180-2e36f3e2d896: shutdown FollowerState
2019-09-12 10:09:49,122 [Thread-745] INFO  impl.RaftServerImpl (RaftServerImpl.java:setRole(171)) - 607208f0-c8f5-40f1-9180-2e36f3e2d896:group-7927A944602F changes role from FOLLOWER to CANDIDATE at term 0 for changeToCandidate
2019-09-12 10:09:49,122 [Thread-745] INFO  impl.RoleInfo (RoleInfo.java:updateAndGet(143)) - 607208f0-c8f5-40f1-9180-2e36f3e2d896: start LeaderElection
2019-09-12 10:09:49,151 [327069ba-886f-4aa6-8546-b1f43ae7c0e4:group-28A177CBF49B:LeaderElection48] INFO  impl.LeaderElection (LeaderElection.java:askForVotes(181)) - 327069ba-886f-4aa6-8546-b1f43ae7c0e4:group-28A177CBF49B:LeaderElection48: begin an election at term 1 for -1: [327069ba-886f-4aa6-8546-b1f43ae7c0e4:192.168.36.114:34487], old=null
2019-09-12 10:09:49,151 [b4fa19d3-07c4-4b3e-bf1c-08edd6479ca2:group-1E51110C5AAE:LeaderElection38] INFO  impl.LeaderElection (LeaderElection.java:askForVotes(181)) - b4fa19d3-07c4-4b3e-bf1c-08edd6479ca2:group-1E51110C5AAE:LeaderElection38: begin an election at term 1 for -1: [b4fa19d3-07c4-4b3e-bf1c-08edd6479ca2:192.168.36.114:40911], old=null
2019-09-12 10:09:49,151 [327069ba-886f-4aa6-8546-b1f43ae7c0e4:group-28A177CBF49B:LeaderElection48] INFO  impl.RoleInfo (RoleInfo.java:shutdownLeaderElection(134)) - 327069ba-886f-4aa6-8546-b1f43ae7c0e4: shutdown LeaderElection
2019-09-12 10:09:49,151 [607208f0-c8f5-40f1-9180-2e36f3e2d896:group-3722F65981EB:LeaderElection47] INFO  impl.LeaderElection (LeaderElection.java:askForVotes(181)) - 607208f0-c8f5-40f1-9180-2e36f3e2d896:group-3722F65981EB:LeaderElection47: begin an election at term 1 for -1: [607208f0-c8f5-40f1-9180-2e36f3e2d896:192.168.36.114:42135], old=null
2019-09-12 10:09:49,151 [327069ba-886f-4aa6-8546-b1f43ae7c0e4:group-A17A10B5B38A:LeaderElection43] INFO  impl.LeaderElection (LeaderElection.java:askForVotes(181)) - 327069ba-886f-4aa6-8546-b1f43ae7c0e4:group-A17A10B5B38A:LeaderElection43: begin an election at term 1 for -1: [327069ba-886f-4aa6-8546-b1f43ae7c0e4:192.168.36.114:34487], old=null
2019-09-12 10:09:49,151 [b4fa19d3-07c4-4b3e-bf1c-08edd6479ca2:group-AAB3D3FAE1DA:LeaderElection40] INFO  impl.LeaderElection (LeaderElection.java:askForVotes(181)) - b4fa19d3-07c4-4b3e-bf1c-08edd6479ca2:group-AAB3D3FAE1DA:LeaderElection40: begin an election at term 1 for -1: [b4fa19d3-07c4-4b3e-bf1c-08edd6479ca2:192.168.36.114:40911], old=null
2019-09-12 10:09:49,151 [b4fa19d3-07c4-4b3e-bf1c-08edd6479ca2:group-641F35863280:LeaderElection39] INFO  impl.LeaderElection (LeaderElection.java:askForVotes(181)) - b4fa19d3-07c4-4b3e-bf1c-08edd6479ca2:group-641F35863280:LeaderElection39: begin an election at term 1 for -1: [b4fa19d3-07c4-4b3e-bf1c-08edd6479ca2:192.168.36.114:40911], old=null
2019-09-12 10:09:49,151 [b4fa19d3-07c4-4b3e-bf1c-08edd6479ca2:group-A740E2F626F7:LeaderElection42] INFO  impl.LeaderElection (LeaderElection.java:askForVotes(181)) - b4fa19d3-07c4-4b3e-bf1c-08edd6479ca2:group-A740E2F626F7:LeaderElection42: begin an election at term 1 for -1: [b4fa19d3-07c4-4b3e-bf1c-08edd6479ca2:192.168.36.114:40911], old=null
2019-09-12 10:09:49,151 [327069ba-886f-4aa6-8546-b1f43ae7c0e4:group-AFB4A7419145:LeaderElection45] INFO  impl.LeaderElection (LeaderElection.java:askForVotes(181)) - 327069ba-886f-4aa6-8546-b1f43ae7c0e4:group-AFB4A7419145:LeaderElection45: begin an election at term 1 for -1: [327069ba-886f-4aa6-8546-b1f43ae7c0e4:192.168.36.114:34487], old=null
2019-09-12 10:09:49,151 [327069ba-886f-4aa6-8546-b1f43ae7c0e4:group-9BDB78CC4A71:LeaderElection46] INFO  impl.LeaderElection (LeaderElection.java:askForVotes(181)) - 327069ba-886f-4aa6-8546-b1f43ae7c0e4:group-9BDB78CC4A71:LeaderElection46: begin an election at term 1 for -1: [327069ba-886f-4aa6-8546-b1f43ae7c0e4:192.168.36.114:34487], old=null
2019-09-12 10:09:49,151 [327069ba-886f-4aa6-8546-b1f43ae7c0e4:group-B4E4E4548BE5:LeaderElection44] INFO  impl.LeaderElection (LeaderElection.java:askForVotes(181)) - 327069ba-886f-4aa6-8546-b1f43ae7c0e4:group-B4E4E4548BE5:LeaderElection44: begin an election at term 1 for -1: [327069ba-886f-4aa6-8546-b1f43ae7c0e4:192.168.36.114:34487], old=null
2019-09-12 10:09:49,152 [327069ba-886f-4aa6-8546-b1f43ae7c0e4:group-B4E4E4548BE5:LeaderElection44] INFO  impl.RoleInfo (RoleInfo.java:shutdownLeaderElection(134)) - 327069ba-886f-4aa6-8546-b1f43ae7c0e4: shutdown LeaderElection
2019-09-12 10:09:49,151 [327069ba-886f-4aa6-8546-b1f43ae7c0e4:group-85C1D8A7743B:LeaderElection41] INFO  impl.LeaderElection (LeaderElection.java:askForVotes(181)) - 327069ba-886f-4aa6-8546-b1f43ae7c0e4:group-85C1D8A7743B:LeaderElection41: begin an election at term 1 for -1: [327069ba-886f-4aa6-8546-b1f43ae7c0e4:192.168.36.114:34487], old=null
2019-09-12 10:09:49,152 [327069ba-886f-4aa6-8546-b1f43ae7c0e4:group-B4E4E4548BE5:LeaderElection44] INFO  impl.RaftServerImpl (RaftServerImpl.java:setRole(171)) - 327069ba-886f-4aa6-8546-b1f43ae7c0e4:group-B4E4E4548BE5 changes role from CANDIDATE to LEADER at term 1 for changeToLeader
2019-09-12 10:09:49,152 [327069ba-886f-4aa6-8546-b1f43ae7c0e4:group-9BDB78CC4A71:LeaderElection46] INFO  impl.RoleInfo (RoleInfo.java:shutdownLeaderElection(134)) - 327069ba-886f-4aa6-8546-b1f43ae7c0e4: shutdown LeaderElection
2019-09-12 10:09:49,152 [327069ba-886f-4aa6-8546-b1f43ae7c0e4:group-AFB4A7419145:LeaderElection45] INFO  impl.RoleInfo (RoleInfo.java:shutdownLeaderElection(134)) - 327069ba-886f-4aa6-8546-b1f43ae7c0e4: shutdown LeaderElection
2019-09-12 10:09:49,152 [b4fa19d3-07c4-4b3e-bf1c-08edd6479ca2:group-A740E2F626F7:LeaderElection42] INFO  impl.RoleInfo (RoleInfo.java:shutdownLeaderElection(134)) - b4fa19d3-07c4-4b3e-bf1c-08edd6479ca2: shutdown LeaderElection
2019-09-12 10:09:49,152 [b4fa19d3-07c4-4b3e-bf1c-08edd6479ca2:group-641F35863280:LeaderElection39] INFO  impl.RoleInfo (RoleInfo.java:shutdownLeaderElection(134)) - b4fa19d3-07c4-4b3e-bf1c-08edd6479ca2: shutdown LeaderElection
2019-09-12 10:09:49,151 [b4fa19d3-07c4-4b3e-bf1c-08edd6479ca2:group-AAB3D3FAE1DA:LeaderElection40] INFO  impl.RoleInfo (RoleInfo.java:shutdownLeaderElection(134)) - b4fa19d3-07c4-4b3e-bf1c-08edd6479ca2: shutdown LeaderElection
2019-09-12 10:09:49,153 [b4fa19d3-07c4-4b3e-bf1c-08edd6479ca2:group-AAB3D3FAE1DA:LeaderElection40] INFO  impl.RaftServerImpl (RaftServerImpl.java:setRole(171)) - b4fa19d3-07c4-4b3e-bf1c-08edd6479ca2:group-AAB3D3FAE1DA changes role from CANDIDATE to LEADER at term 1 for changeToLeader
2019-09-12 10:09:49,151 [327069ba-886f-4aa6-8546-b1f43ae7c0e4:group-A17A10B5B38A:LeaderElection43] INFO  impl.RoleInfo (RoleInfo.java:shutdownLeaderElection(134)) - 327069ba-886f-4aa6-8546-b1f43ae7c0e4: shutdown LeaderElection
2019-09-12 10:09:49,151 [607208f0-c8f5-40f1-9180-2e36f3e2d896:group-3722F65981EB:LeaderElection47] INFO  impl.RoleInfo (RoleInfo.java:shutdownLeaderElection(134)) - 607208f0-c8f5-40f1-9180-2e36f3e2d896: shutdown LeaderElection
2019-09-12 10:09:49,151 [327069ba-886f-4aa6-8546-b1f43ae7c0e4:group-28A177CBF49B:LeaderElection48] INFO  impl.RaftServerImpl (RaftServerImpl.java:setRole(171)) - 327069ba-886f-4aa6-8546-b1f43ae7c0e4:group-28A177CBF49B changes role from CANDIDATE to LEADER at term 1 for changeToLeader
2019-09-12 10:09:49,151 [b4fa19d3-07c4-4b3e-bf1c-08edd6479ca2:group-1E51110C5AAE:LeaderElection38] INFO  impl.RoleInfo (RoleInfo.java:shutdownLeaderElection(134)) - b4fa19d3-07c4-4b3e-bf1c-08edd6479ca2: shutdown LeaderElection
2019-09-12 10:09:49,153 [327069ba-886f-4aa6-8546-b1f43ae7c0e4:group-28A177CBF49B:LeaderElection48] INFO  impl.RaftServerImpl (ServerState.java:setLeader(263)) - 327069ba-886f-4aa6-8546-b1f43ae7c0e4:group-28A177CBF49B change Leader from null to 327069ba-886f-4aa6-8546-b1f43ae7c0e4 at term 1 for becomeLeader, leader elected after 5452ms
2019-09-12 10:09:49,153 [607208f0-c8f5-40f1-9180-2e36f3e2d896:group-3722F65981EB:LeaderElection47] INFO  impl.RaftServerImpl (RaftServerImpl.java:setRole(171)) - 607208f0-c8f5-40f1-9180-2e36f3e2d896:group-3722F65981EB changes role from CANDIDATE to LEADER at term 1 for changeToLeader
2019-09-12 10:09:49,154 [607208f0-c8f5-40f1-9180-2e36f3e2d896:group-3722F65981EB:LeaderElection47] INFO  impl.RaftServerImpl (ServerState.java:setLeader(263)) - 607208f0-c8f5-40f1-9180-2e36f3e2d896:group-3722F65981EB change Leader from null to 607208f0-c8f5-40f1-9180-2e36f3e2d896 at term 1 for becomeLeader, leader elected after 5409ms
2019-09-12 10:09:49,153 [327069ba-886f-4aa6-8546-b1f43ae7c0e4:group-A17A10B5B38A:LeaderElection43] INFO  impl.RaftServerImpl (RaftServerImpl.java:setRole(171)) - 327069ba-886f-4aa6-8546-b1f43ae7c0e4:group-A17A10B5B38A changes role from CANDIDATE to LEADER at term 1 for changeToLeader
2019-09-12 10:09:49,153 [b4fa19d3-07c4-4b3e-bf1c-08edd6479ca2:group-AAB3D3FAE1DA:LeaderElection40] INFO  impl.RaftServerImpl (ServerState.java:setLeader(263)) - b4fa19d3-07c4-4b3e-bf1c-08edd6479ca2:group-AAB3D3FAE1DA change Leader from null to b4fa19d3-07c4-4b3e-bf1c-08edd6479ca2 at term 1 for becomeLeader, leader elected after 6348ms
2019-09-12 10:09:49,153 [b4fa19d3-07c4-4b3e-bf1c-08edd6479ca2:group-641F35863280:LeaderElection39] INFO  impl.RaftServerImpl (RaftServerImpl.java:setRole(171)) - b4fa19d3-07c4-4b3e-bf1c-08edd6479ca2:group-641F35863280 changes role from CANDIDATE to LEADER at term 1 for changeToLeader
2019-09-12 10:09:49,153 [b4fa19d3-07c4-4b3e-bf1c-08edd6479ca2:group-A740E2F626F7:LeaderElection42] INFO  impl.RaftServerImpl (RaftServerImpl.java:setRole(171)) - b4fa19d3-07c4-4b3e-bf1c-08edd6479ca2:group-A740E2F626F7 changes role from CANDIDATE to LEADER at term 1 for changeToLeader
2019-09-12 10:09:49,153 [327069ba-886f-4aa6-8546-b1f43ae7c0e4:group-AFB4A7419145:LeaderElection45] INFO  impl.RaftServerImpl (RaftServerImpl.java:setRole(171)) - 327069ba-886f-4aa6-8546-b1f43ae7c0e4:group-AFB4A7419145 changes role from CANDIDATE to LEADER at term 1 for changeToLeader
2019-09-12 10:09:49,153 [327069ba-886f-4aa6-8546-b1f43ae7c0e4:group-9BDB78CC4A71:LeaderElection46] INFO  impl.RaftServerImpl (RaftServerImpl.java:setRole(171)) - 327069ba-886f-4aa6-8546-b1f43ae7c0e4:group-9BDB78CC4A71 changes role from CANDIDATE to LEADER at term 1 for changeToLeader
2019-09-12 10:09:49,155 [327069ba-886f-4aa6-8546-b1f43ae7c0e4:group-9BDB78CC4A71:LeaderElection46] INFO  impl.RaftServerImpl (ServerState.java:setLeader(263)) - 327069ba-886f-4aa6-8546-b1f43ae7c0e4:group-9BDB78CC4A71 change Leader from null to 327069ba-886f-4aa6-8546-b1f43ae7c0e4 at term 1 for becomeLeader, leader elected after 5584ms
2019-09-12 10:09:49,152 [327069ba-886f-4aa6-8546-b1f43ae7c0e4:group-B4E4E4548BE5:LeaderElection44] INFO  impl.RaftServerImpl (ServerState.java:setLeader(263)) - 327069ba-886f-4aa6-8546-b1f43ae7c0e4:group-B4E4E4548BE5 change Leader from null to 327069ba-886f-4aa6-8546-b1f43ae7c0e4 at term 1 for becomeLeader, leader elected after 5815ms
2019-09-12 10:09:49,152 [327069ba-886f-4aa6-8546-b1f43ae7c0e4:group-85C1D8A7743B:LeaderElection41] INFO  impl.RoleInfo (RoleInfo.java:shutdownLeaderElection(134)) - 327069ba-886f-4aa6-8546-b1f43ae7c0e4: shutdown LeaderElection
2019-09-12 10:09:49,155 [327069ba-886f-4aa6-8546-b1f43ae7c0e4:group-B4E4E4548BE5:LeaderElection44] INFO  server.RaftServerConfigKeys (ConfUtils.java:logGet(43)) - raft.server.staging.catchup.gap = 1000 (default)
2019-09-12 10:09:49,155 [327069ba-886f-4aa6-8546-b1f43ae7c0e4:group-9BDB78CC4A71:LeaderElection46] INFO  server.RaftServerConfigKeys (ConfUtils.java:logGet(43)) - raft.server.staging.catchup.gap = 1000 (default)
2019-09-12 10:09:49,155 [327069ba-886f-4aa6-8546-b1f43ae7c0e4:group-9BDB78CC4A71:LeaderElection46] INFO  server.RaftServerConfigKeys (ConfUtils.java:logGet(43)) - raft.server.rpc.sleep.time = 25ms (default)
2019-09-12 10:09:49,154 [327069ba-886f-4aa6-8546-b1f43ae7c0e4:group-AFB4A7419145:LeaderElection45] INFO  impl.RaftServerImpl (ServerState.java:setLeader(263)) - 327069ba-886f-4aa6-8546-b1f43ae7c0e4:group-AFB4A7419145 change Leader from null to 327069ba-886f-4aa6-8546-b1f43ae7c0e4 at term 1 for becomeLeader, leader elected after 5687ms
2019-09-12 10:09:49,154 [b4fa19d3-07c4-4b3e-bf1c-08edd6479ca2:group-A740E2F626F7:LeaderElection42] INFO  impl.RaftServerImpl (ServerState.java:setLeader(263)) - b4fa19d3-07c4-4b3e-bf1c-08edd6479ca2:group-A740E2F626F7 change Leader from null to b4fa19d3-07c4-4b3e-bf1c-08edd6479ca2 at term 1 for becomeLeader, leader elected after 6108ms
2019-09-12 10:09:49,154 [b4fa19d3-07c4-4b3e-bf1c-08edd6479ca2:group-641F35863280:LeaderElection39] INFO  impl.RaftServerImpl (ServerState.java:setLeader(263)) - b4fa19d3-07c4-4b3e-bf1c-08edd6479ca2:group-641F35863280 change Leader from null to b4fa19d3-07c4-4b3e-bf1c-08edd6479ca2 at term 1 for becomeLeader, leader elected after 6517ms
2019-09-12 10:09:49,154 [b4fa19d3-07c4-4b3e-bf1c-08edd6479ca2:group-AAB3D3FAE1DA:LeaderElection40] INFO  server.RaftServerConfigKeys (ConfUtils.java:logGet(43)) - raft.server.staging.catchup.gap = 1000 (default)
2019-09-12 10:09:49,156 [b4fa19d3-07c4-4b3e-bf1c-08edd6479ca2:group-AAB3D3FAE1DA:LeaderElection40] INFO  server.RaftServerConfigKeys (ConfUtils.java:logGet(43)) - raft.server.rpc.sleep.time = 25ms (default)
2019-09-12 10:09:49,154 [327069ba-886f-4aa6-8546-b1f43ae7c0e4:group-A17A10B5B38A:LeaderElection43] INFO  impl.RaftServerImpl (ServerState.java:setLeader(263)) - 327069ba-886f-4aa6-8546-b1f43ae7c0e4:group-A17A10B5B38A change Leader from null to 327069ba-886f-4aa6-8546-b1f43ae7c0e4 at term 1 for becomeLeader, leader elected after 5952ms
2019-09-12 10:09:49,154 [607208f0-c8f5-40f1-9180-2e36f3e2d896:group-3722F65981EB:LeaderElection47] INFO  server.RaftServerConfigKeys (ConfUtils.java:logGet(43)) - raft.server.staging.catchup.gap = 1000 (default)
2019-09-12 10:09:49,154 [327069ba-886f-4aa6-8546-b1f43ae7c0e4:group-28A177CBF49B:LeaderElection48] INFO  server.RaftServerConfigKeys (ConfUtils.java:logGet(43)) - raft.server.staging.catchup.gap = 1000 (default)
2019-09-12 10:09:49,154 [b4fa19d3-07c4-4b3e-bf1c-08edd6479ca2:group-1E51110C5AAE:LeaderElection38] INFO  impl.RaftServerImpl (RaftServerImpl.java:setRole(171)) - b4fa19d3-07c4-4b3e-bf1c-08edd6479ca2:group-1E51110C5AAE changes role from CANDIDATE to LEADER at term 1 for changeToLeader
2019-09-12 10:09:49,156 [327069ba-886f-4aa6-8546-b1f43ae7c0e4:group-28A177CBF49B:LeaderElection48] INFO  server.RaftServerConfigKeys (ConfUtils.java:logGet(43)) - raft.server.rpc.sleep.time = 25ms (default)
2019-09-12 10:09:49,156 [607208f0-c8f5-40f1-9180-2e36f3e2d896:group-3722F65981EB:LeaderElection47] INFO  server.RaftServerConfigKeys (ConfUtils.java:logGet(43)) - raft.server.rpc.sleep.time = 25ms (default)
2019-09-12 10:09:49,156 [327069ba-886f-4aa6-8546-b1f43ae7c0e4:group-A17A10B5B38A:LeaderElection43] INFO  server.RaftServerConfigKeys (ConfUtils.java:logGet(43)) - raft.server.staging.catchup.gap = 1000 (default)
2019-09-12 10:09:49,156 [b4fa19d3-07c4-4b3e-bf1c-08edd6479ca2:group-AAB3D3FAE1DA:LeaderElection40] INFO  server.RaftServerConfigKeys (ConfUtils.java:logGet(43)) - raft.server.write.element-limit = 4096 (default)
2019-09-12 10:09:49,156 [b4fa19d3-07c4-4b3e-bf1c-08edd6479ca2:group-641F35863280:LeaderElection39] INFO  server.RaftServerConfigKeys (ConfUtils.java:logGet(43)) - raft.server.staging.catchup.gap = 1000 (default)
2019-09-12 10:09:49,156 [b4fa19d3-07c4-4b3e-bf1c-08edd6479ca2:group-A740E2F626F7:LeaderElection42] INFO  server.RaftServerConfigKeys (ConfUtils.java:logGet(43)) - raft.server.staging.catchup.gap = 1000 (default)
2019-09-12 10:09:49,155 [327069ba-886f-4aa6-8546-b1f43ae7c0e4:group-AFB4A7419145:LeaderElection45] INFO  server.RaftServerConfigKeys (ConfUtils.java:logGet(43)) - raft.server.staging.catchup.gap = 1000 (default)
2019-09-12 10:09:49,155 [327069ba-886f-4aa6-8546-b1f43ae7c0e4:group-9BDB78CC4A71:LeaderElection46] INFO  server.RaftServerConfigKeys (ConfUtils.java:logGet(43)) - raft.server.write.element-limit = 4096 (default)
2019-09-12 10:09:49,155 [327069ba-886f-4aa6-8546-b1f43ae7c0e4:group-B4E4E4548BE5:LeaderElection44] INFO  server.RaftServerConfigKeys (ConfUtils.java:logGet(43)) - raft.server.rpc.sleep.time = 25ms (default)
2019-09-12 10:09:49,155 [327069ba-886f-4aa6-8546-b1f43ae7c0e4:group-85C1D8A7743B:LeaderElection41] INFO  impl.RaftServerImpl (RaftServerImpl.java:setRole(171)) - 327069ba-886f-4aa6-8546-b1f43ae7c0e4:group-85C1D8A7743B changes role from CANDIDATE to LEADER at term 1 for changeToLeader
2019-09-12 10:09:49,158 [327069ba-886f-4aa6-8546-b1f43ae7c0e4:group-B4E4E4548BE5:LeaderElection44] INFO  server.RaftServerConfigKeys (ConfUtils.java:logGet(43)) - raft.server.write.element-limit = 4096 (default)
2019-09-12 10:09:49,158 [327069ba-886f-4aa6-8546-b1f43ae7c0e4:group-9BDB78CC4A71:LeaderElection46] INFO  server.RaftServerConfigKeys (ConfUtils.java:logGet(43)) - raft.server.watch.timeout = 10s (default)
2019-09-12 10:09:49,157 [327069ba-886f-4aa6-8546-b1f43ae7c0e4:group-AFB4A7419145:LeaderElection45] INFO  server.RaftServerConfigKeys (ConfUtils.java:logGet(43)) - raft.server.rpc.sleep.time = 25ms (default)
2019-09-12 10:09:49,157 [b4fa19d3-07c4-4b3e-bf1c-08edd6479ca2:group-A740E2F626F7:LeaderElection42] INFO  server.RaftServerConfigKeys (ConfUtils.java:logGet(43)) - raft.server.rpc.sleep.time = 25ms (default)
2019-09-12 10:09:49,157 [b4fa19d3-07c4-4b3e-bf1c-08edd6479ca2:group-641F35863280:LeaderElection39] INFO  server.RaftServerConfigKeys (ConfUtils.java:logGet(43)) - raft.server.rpc.sleep.time = 25ms (default)
2019-09-12 10:09:49,157 [b4fa19d3-07c4-4b3e-bf1c-08edd6479ca2:group-AAB3D3FAE1DA:LeaderElection40] INFO  server.RaftServerConfigKeys (ConfUtils.java:logGet(43)) - raft.server.watch.timeout = 10s (default)
2019-09-12 10:09:49,157 [327069ba-886f-4aa6-8546-b1f43ae7c0e4:group-A17A10B5B38A:LeaderElection43] INFO  server.RaftServerConfigKeys (ConfUtils.java:logGet(43)) - raft.server.rpc.sleep.time = 25ms (default)
2019-09-12 10:09:49,157 [607208f0-c8f5-40f1-9180-2e36f3e2d896:group-3722F65981EB:LeaderElection47] INFO  server.RaftServerConfigKeys (ConfUtils.java:logGet(43)) - raft.server.write.element-limit = 4096 (default)
2019-09-12 10:09:49,157 [327069ba-886f-4aa6-8546-b1f43ae7c0e4:group-28A177CBF49B:LeaderElection48] INFO  server.RaftServerConfigKeys (ConfUtils.java:logGet(43)) - raft.server.write.element-limit = 4096 (default)
2019-09-12 10:09:49,156 [b4fa19d3-07c4-4b3e-bf1c-08edd6479ca2:group-1E51110C5AAE:LeaderElection38] INFO  impl.RaftServerImpl (ServerState.java:setLeader(263)) - b4fa19d3-07c4-4b3e-bf1c-08edd6479ca2:group-1E51110C5AAE change Leader from null to b4fa19d3-07c4-4b3e-bf1c-08edd6479ca2 at term 1 for becomeLeader, leader elected after 6635ms
2019-09-12 10:09:49,159 [327069ba-886f-4aa6-8546-b1f43ae7c0e4:group-28A177CBF49B:LeaderElection48] INFO  server.RaftServerConfigKeys (ConfUtils.java:logGet(43)) - raft.server.watch.timeout = 10s (default)
2019-09-12 10:09:49,159 [b4fa19d3-07c4-4b3e-bf1c-08edd6479ca2:group-1E51110C5AAE:LeaderElection38] INFO  server.RaftServerConfigKeys (ConfUtils.java:logGet(43)) - raft.server.staging.catchup.gap = 1000 (default)
2019-09-12 10:09:49,159 [607208f0-c8f5-40f1-9180-2e36f3e2d896:group-3722F65981EB:LeaderElection47] INFO  server.RaftServerConfigKeys (ConfUtils.java:logGet(43)) - raft.server.watch.timeout = 10s (default)
2019-09-12 10:09:49,160 [607208f0-c8f5-40f1-9180-2e36f3e2d896:group-3722F65981EB:LeaderElection47] INFO  server.RaftServerConfigKeys (ConfUtils.java:logGet(43)) - raft.server.watch.timeout.denomination = 1s (default)
2019-09-12 10:09:49,159 [327069ba-886f-4aa6-8546-b1f43ae7c0e4:group-A17A10B5B38A:LeaderElection43] INFO  server.RaftServerConfigKeys (ConfUtils.java:logGet(43)) - raft.server.write.element-limit = 4096 (default)
2019-09-12 10:09:49,159 [b4fa19d3-07c4-4b3e-bf1c-08edd6479ca2:group-AAB3D3FAE1DA:LeaderElection40] INFO  server.RaftServerConfigKeys (ConfUtils.java:logGet(43)) - raft.server.watch.timeout.denomination = 1s (default)
2019-09-12 10:09:49,159 [b4fa19d3-07c4-4b3e-bf1c-08edd6479ca2:group-641F35863280:LeaderElection39] INFO  server.RaftServerConfigKeys (ConfUtils.java:logGet(43)) - raft.server.write.element-limit = 4096 (default)
2019-09-12 10:09:49,158 [b4fa19d3-07c4-4b3e-bf1c-08edd6479ca2:group-A740E2F626F7:LeaderElection42] INFO  server.RaftServerConfigKeys (ConfUtils.java:logGet(43)) - raft.server.write.element-limit = 4096 (default)
2019-09-12 10:09:49,158 [327069ba-886f-4aa6-8546-b1f43ae7c0e4:group-AFB4A7419145:LeaderElection45] INFO  server.RaftServerConfigKeys (ConfUtils.java:logGet(43)) - raft.server.write.element-limit = 4096 (default)
2019-09-12 10:09:49,158 [327069ba-886f-4aa6-8546-b1f43ae7c0e4:group-9BDB78CC4A71:LeaderElection46] INFO  server.RaftServerConfigKeys (ConfUtils.java:logGet(43)) - raft.server.watch.timeout.denomination = 1s (default)
2019-09-12 10:09:49,158 [327069ba-886f-4aa6-8546-b1f43ae7c0e4:group-B4E4E4548BE5:LeaderElection44] INFO  server.RaftServerConfigKeys (ConfUtils.java:logGet(43)) - raft.server.watch.timeout = 10s (default)
2019-09-12 10:09:49,161 [327069ba-886f-4aa6-8546-b1f43ae7c0e4:group-B4E4E4548BE5:LeaderElection44] INFO  server.RaftServerConfigKeys (ConfUtils.java:logGet(43)) - raft.server.watch.timeout.denomination = 1s (default)
2019-09-12 10:09:49,158 [327069ba-886f-4aa6-8546-b1f43ae7c0e4:group-85C1D8A7743B:LeaderElection41] INFO  impl.RaftServerImpl (ServerState.java:setLeader(263)) - 327069ba-886f-4aa6-8546-b1f43ae7c0e4:group-85C1D8A7743B change Leader from null to 327069ba-886f-4aa6-8546-b1f43ae7c0e4 at term 1 for becomeLeader, leader elected after 6156ms
2019-09-12 10:09:49,161 [327069ba-886f-4aa6-8546-b1f43ae7c0e4:group-B4E4E4548BE5:LeaderElection44] INFO  server.RaftServerConfigKeys (ConfUtils.java:logGet(43)) - raft.server.watch.element-limit = 65536 (default)
2019-09-12 10:09:49,160 [327069ba-886f-4aa6-8546-b1f43ae7c0e4:group-9BDB78CC4A71:LeaderElection46] INFO  server.RaftServerConfigKeys (ConfUtils.java:logGet(43)) - raft.server.watch.element-limit = 65536 (default)
2019-09-12 10:09:49,160 [b4fa19d3-07c4-4b3e-bf1c-08edd6479ca2:group-A740E2F626F7:LeaderElection42] INFO  server.RaftServerConfigKeys (ConfUtils.java:logGet(43)) - raft.server.watch.timeout = 10s (default)
2019-09-12 10:09:49,161 [327069ba-886f-4aa6-8546-b1f43ae7c0e4:group-9BDB78CC4A71:LeaderElection46] INFO  impl.RoleInfo (RoleInfo.java:updateAndGet(143)) - 327069ba-886f-4aa6-8546-b1f43ae7c0e4: start LeaderState
2019-09-12 10:09:49,160 [327069ba-886f-4aa6-8546-b1f43ae7c0e4:group-AFB4A7419145:LeaderElection45] INFO  server.RaftServerConfigKeys (ConfUtils.java:logGet(43)) - raft.server.watch.timeout = 10s (default)
2019-09-12 10:09:49,162 [327069ba-886f-4aa6-8546-b1f43ae7c0e4:group-AFB4A7419145:LeaderElection45] INFO  server.RaftServerConfigKeys (ConfUtils.java:logGet(43)) - raft.server.watch.timeout.denomination = 1s (default)
2019-09-12 10:09:49,160 [b4fa19d3-07c4-4b3e-bf1c-08edd6479ca2:group-641F35863280:LeaderElection39] INFO  server.RaftServerConfigKeys (ConfUtils.java:logGet(43)) - raft.server.watch.timeout = 10s (default)
2019-09-12 10:09:49,160 [b4fa19d3-07c4-4b3e-bf1c-08edd6479ca2:group-AAB3D3FAE1DA:LeaderElection40] INFO  server.RaftServerConfigKeys (ConfUtils.java:logGet(43)) - raft.server.watch.element-limit = 65536 (default)
2019-09-12 10:09:49,160 [327069ba-886f-4aa6-8546-b1f43ae7c0e4:group-A17A10B5B38A:LeaderElection43] INFO  server.RaftServerConfigKeys (ConfUtils.java:logGet(43)) - raft.server.watch.timeout = 10s (default)
2019-09-12 10:09:49,160 [607208f0-c8f5-40f1-9180-2e36f3e2d896:group-3722F65981EB:LeaderElection47] INFO  server.RaftServerConfigKeys (ConfUtils.java:logGet(43)) - raft.server.watch.element-limit = 65536 (default)
2019-09-12 10:09:49,159 [b4fa19d3-07c4-4b3e-bf1c-08edd6479ca2:group-1E51110C5AAE:LeaderElection38] INFO  server.RaftServerConfigKeys (ConfUtils.java:logGet(43)) - raft.server.rpc.sleep.time = 25ms (default)
2019-09-12 10:09:49,159 [327069ba-886f-4aa6-8546-b1f43ae7c0e4:group-28A177CBF49B:LeaderElection48] INFO  server.RaftServerConfigKeys (ConfUtils.java:logGet(43)) - raft.server.watch.timeout.denomination = 1s (default)
2019-09-12 10:09:49,162 [b4fa19d3-07c4-4b3e-bf1c-08edd6479ca2:group-1E51110C5AAE:LeaderElection38] INFO  server.RaftServerConfigKeys (ConfUtils.java:logGet(43)) - raft.server.write.element-limit = 4096 (default)
2019-09-12 10:09:49,162 [607208f0-c8f5-40f1-9180-2e36f3e2d896:group-3722F65981EB:LeaderElection47] INFO  impl.RoleInfo (RoleInfo.java:updateAndGet(143)) - 607208f0-c8f5-40f1-9180-2e36f3e2d896: start LeaderState
2019-09-12 10:09:49,162 [327069ba-886f-4aa6-8546-b1f43ae7c0e4:group-A17A10B5B38A:LeaderElection43] INFO  server.RaftServerConfigKeys (ConfUtils.java:logGet(43)) - raft.server.watch.timeout.denomination = 1s (default)
2019-09-12 10:09:49,162 [b4fa19d3-07c4-4b3e-bf1c-08edd6479ca2:group-AAB3D3FAE1DA:LeaderElection40] INFO  impl.RoleInfo (RoleInfo.java:updateAndGet(143)) - b4fa19d3-07c4-4b3e-bf1c-08edd6479ca2: start LeaderState
2019-09-12 10:09:49,162 [b4fa19d3-07c4-4b3e-bf1c-08edd6479ca2:group-641F35863280:LeaderElection39] INFO  server.RaftServerConfigKeys (ConfUtils.java:logGet(43)) - raft.server.watch.timeout.denomination = 1s (default)
2019-09-12 10:09:49,162 [327069ba-886f-4aa6-8546-b1f43ae7c0e4:group-AFB4A7419145:LeaderElection45] INFO  server.RaftServerConfigKeys (ConfUtils.java:logGet(43)) - raft.server.watch.element-limit = 65536 (default)
2019-09-12 10:09:49,162 [327069ba-886f-4aa6-8546-b1f43ae7c0e4:group-9BDB78CC4A71:LeaderElection46] INFO  segmented.SegmentedRaftLogWorker (SegmentedRaftLogWorker.java:startLogSegment(380)) - 327069ba-886f-4aa6-8546-b1f43ae7c0e4-SegmentedRaftLogWorker:Storage Directory /workdir/hadoop-ozone/integration-test/target/test-dir/MiniOzoneClusterImpl-78812344-8fab-4fd2-b9e8-17e484e4ebaf/datanode-1/data/ratis/7f082bbd-30be-4bef-acc7-9bdb78cc4a71: Starting segment from index:0
2019-09-12 10:09:49,161 [b4fa19d3-07c4-4b3e-bf1c-08edd6479ca2:group-A740E2F626F7:LeaderElection42] INFO  server.RaftServerConfigKeys (ConfUtils.java:logGet(43)) - raft.server.watch.timeout.denomination = 1s (default)
2019-09-12 10:09:49,164 [b4fa19d3-07c4-4b3e-bf1c-08edd6479ca2:group-A740E2F626F7:LeaderElection42] INFO  server.RaftServerConfigKeys (ConfUtils.java:logGet(43)) - raft.server.watch.element-limit = 65536 (default)
2019-09-12 10:09:49,161 [327069ba-886f-4aa6-8546-b1f43ae7c0e4:group-B4E4E4548BE5:LeaderElection44] INFO  impl.RoleInfo (RoleInfo.java:updateAndGet(143)) - 327069ba-886f-4aa6-8546-b1f43ae7c0e4: start LeaderState
2019-09-12 10:09:49,161 [327069ba-886f-4aa6-8546-b1f43ae7c0e4:group-85C1D8A7743B:LeaderElection41] INFO  server.RaftServerConfigKeys (ConfUtils.java:logGet(43)) - raft.server.staging.catchup.gap = 1000 (default)
2019-09-12 10:09:49,164 [327069ba-886f-4aa6-8546-b1f43ae7c0e4:group-B4E4E4548BE5:LeaderElection44] INFO  segmented.SegmentedRaftLogWorker (SegmentedRaftLogWorker.java:startLogSegment(380)) - 327069ba-886f-4aa6-8546-b1f43ae7c0e4-SegmentedRaftLogWorker:Storage Directory /workdir/hadoop-ozone/integration-test/target/test-dir/MiniOzoneClusterImpl-78812344-8fab-4fd2-b9e8-17e484e4ebaf/datanode-1/data/ratis/c4b434d9-cac9-4857-8ab7-b4e4e4548be5: Starting segment from index:0
2019-09-12 10:09:49,164 [327069ba-886f-4aa6-8546-b1f43ae7c0e4:group-9BDB78CC4A71:LeaderElection46] INFO  impl.RaftServerImpl (ServerState.java:setRaftConf(361)) - 327069ba-886f-4aa6-8546-b1f43ae7c0e4:group-9BDB78CC4A71 set configuration 0: [327069ba-886f-4aa6-8546-b1f43ae7c0e4:192.168.36.114:34487], old=null at 0
2019-09-12 10:09:49,164 [b4fa19d3-07c4-4b3e-bf1c-08edd6479ca2:group-A740E2F626F7:LeaderElection42] INFO  impl.RoleInfo (RoleInfo.java:updateAndGet(143)) - b4fa19d3-07c4-4b3e-bf1c-08edd6479ca2: start LeaderState
2019-09-12 10:09:49,163 [327069ba-886f-4aa6-8546-b1f43ae7c0e4:group-AFB4A7419145:LeaderElection45] INFO  impl.RoleInfo (RoleInfo.java:updateAndGet(143)) - 327069ba-886f-4aa6-8546-b1f43ae7c0e4: start LeaderState
2019-09-12 10:09:49,163 [b4fa19d3-07c4-4b3e-bf1c-08edd6479ca2:group-641F35863280:LeaderElection39] INFO  server.RaftServerConfigKeys (ConfUtils.java:logGet(43)) - raft.server.watch.element-limit = 65536 (default)
2019-09-12 10:09:49,163 [b4fa19d3-07c4-4b3e-bf1c-08edd6479ca2:group-AAB3D3FAE1DA:LeaderElection40] INFO  segmented.SegmentedRaftLogWorker (SegmentedRaftLogWorker.java:startLogSegment(380)) - b4fa19d3-07c4-4b3e-bf1c-08edd6479ca2-SegmentedRaftLogWorker:Storage Directory /workdir/hadoop-ozone/integration-test/target/test-dir/MiniOzoneClusterImpl-78812344-8fab-4fd2-b9e8-17e484e4ebaf/datanode-0/data/ratis/fbe7a16c-08be-419a-92bd-aab3d3fae1da: Starting segment from index:0
2019-09-12 10:09:49,163 [327069ba-886f-4aa6-8546-b1f43ae7c0e4:group-A17A10B5B38A:LeaderElection43] INFO  server.RaftServerConfigKeys (ConfUtils.java:logGet(43)) - raft.server.watch.element-limit = 65536 (default)
2019-09-12 10:09:49,163 [607208f0-c8f5-40f1-9180-2e36f3e2d896:group-3722F65981EB:LeaderElection47] INFO  segmented.SegmentedRaftLogWorker (SegmentedRaftLogWorker.java:startLogSegment(380)) - 607208f0-c8f5-40f1-9180-2e36f3e2d896-SegmentedRaftLogWorker:Storage Directory /workdir/hadoop-ozone/integration-test/target/test-dir/MiniOzoneClusterImpl-78812344-8fab-4fd2-b9e8-17e484e4ebaf/datanode-2/data/ratis/f6e91258-7567-4fda-a02b-3722f65981eb: Starting segment from index:0
2019-09-12 10:09:49,163 [b4fa19d3-07c4-4b3e-bf1c-08edd6479ca2:group-1E51110C5AAE:LeaderElection38] INFO  server.RaftServerConfigKeys (ConfUtils.java:logGet(43)) - raft.server.watch.timeout = 10s (default)
2019-09-12 10:09:49,162 [327069ba-886f-4aa6-8546-b1f43ae7c0e4:group-28A177CBF49B:LeaderElection48] INFO  server.RaftServerConfigKeys (ConfUtils.java:logGet(43)) - raft.server.watch.element-limit = 65536 (default)
2019-09-12 10:09:49,165 [b4fa19d3-07c4-4b3e-bf1c-08edd6479ca2:group-1E51110C5AAE:LeaderElection38] INFO  server.RaftServerConfigKeys (ConfUtils.java:logGet(43)) - raft.server.watch.timeout.denomination = 1s (default)
2019-09-12 10:09:49,165 [b4fa19d3-07c4-4b3e-bf1c-08edd6479ca2:group-AAB3D3FAE1DA:LeaderElection40] INFO  impl.RaftServerImpl (ServerState.java:setRaftConf(361)) - b4fa19d3-07c4-4b3e-bf1c-08edd6479ca2:group-AAB3D3FAE1DA set configuration 0: [b4fa19d3-07c4-4b3e-bf1c-08edd6479ca2:192.168.36.114:40911], old=null at 0
2019-09-12 10:09:49,165 [327069ba-886f-4aa6-8546-b1f43ae7c0e4:group-A17A10B5B38A:LeaderElection43] INFO  impl.RoleInfo (RoleInfo.java:updateAndGet(143)) - 327069ba-886f-4aa6-8546-b1f43ae7c0e4: start LeaderState
2019-09-12 10:09:49,165 [b4fa19d3-07c4-4b3e-bf1c-08edd6479ca2:group-641F35863280:LeaderElection39] INFO  impl.RoleInfo (RoleInfo.java:updateAndGet(143)) - b4fa19d3-07c4-4b3e-bf1c-08edd6479ca2: start LeaderState
2019-09-12 10:09:49,165 [327069ba-886f-4aa6-8546-b1f43ae7c0e4:group-AFB4A7419145:LeaderElection45] INFO  segmented.SegmentedRaftLogWorker (SegmentedRaftLogWorker.java:startLogSegment(380)) - 327069ba-886f-4aa6-8546-b1f43ae7c0e4-SegmentedRaftLogWorker:Storage Directory /workdir/hadoop-ozone/integration-test/target/test-dir/MiniOzoneClusterImpl-78812344-8fab-4fd2-b9e8-17e484e4ebaf/datanode-1/data/ratis/49969652-8640-42c2-b5ea-afb4a7419145: Starting segment from index:0
2019-09-12 10:09:49,165 [327069ba-886f-4aa6-8546-b1f43ae7c0e4:group-B4E4E4548BE5:LeaderElection44] INFO  impl.RaftServerImpl (ServerState.java:setRaftConf(361)) - 327069ba-886f-4aa6-8546-b1f43ae7c0e4:group-B4E4E4548BE5 set configuration 0: [327069ba-886f-4aa6-8546-b1f43ae7c0e4:192.168.36.114:34487], old=null at 0
2019-09-12 10:09:49,165 [b4fa19d3-07c4-4b3e-bf1c-08edd6479ca2:group-A740E2F626F7:LeaderElection42] INFO  segmented.SegmentedRaftLogWorker (SegmentedRaftLogWorker.java:startLogSegment(380)) - b4fa19d3-07c4-4b3e-bf1c-08edd6479ca2-SegmentedRaftLogWorker:Storage Directory /workdir/hadoop-ozone/integration-test/target/test-dir/MiniOzoneClusterImpl-78812344-8fab-4fd2-b9e8-17e484e4ebaf/datanode-0/data/ratis/35621a00-6d97-4734-a0f6-a740e2f626f7: Starting segment from index:0
2019-09-12 10:09:49,164 [327069ba-886f-4aa6-8546-b1f43ae7c0e4:group-85C1D8A7743B:LeaderElection41] INFO  server.RaftServerConfigKeys (ConfUtils.java:logGet(43)) - raft.server.rpc.sleep.time = 25ms (default)
2019-09-12 10:09:49,166 [b4fa19d3-07c4-4b3e-bf1c-08edd6479ca2:group-641F35863280:LeaderElection39] INFO  segmented.SegmentedRaftLogWorker (SegmentedRaftLogWorker.java:startLogSegment(380)) - b4fa19d3-07c4-4b3e-bf1c-08edd6479ca2-SegmentedRaftLogWorker:Storage Directory /workdir/hadoop-ozone/integration-test/target/test-dir/MiniOzoneClusterImpl-78812344-8fab-4fd2-b9e8-17e484e4ebaf/datanode-0/data/ratis/f7909b76-4bcd-4562-9f7d-641f35863280: Starting segment from index:0
2019-09-12 10:09:49,166 [327069ba-886f-4aa6-8546-b1f43ae7c0e4:group-A17A10B5B38A:LeaderElection43] INFO  segmented.SegmentedRaftLogWorker (SegmentedRaftLogWorker.java:startLogSegment(380)) - 327069ba-886f-4aa6-8546-b1f43ae7c0e4-SegmentedRaftLogWorker:Storage Directory /workdir/hadoop-ozone/integration-test/target/test-dir/MiniOzoneClusterImpl-78812344-8fab-4fd2-b9e8-17e484e4ebaf/datanode-1/data/ratis/45ded13f-5eed-471a-ae2d-a17a10b5b38a: Starting segment from index:0
2019-09-12 10:09:49,166 [b4fa19d3-07c4-4b3e-bf1c-08edd6479ca2:group-1E51110C5AAE:LeaderElection38] INFO  server.RaftServerConfigKeys (ConfUtils.java:logGet(43)) - raft.server.watch.element-limit = 65536 (default)
2019-09-12 10:09:49,166 [327069ba-886f-4aa6-8546-b1f43ae7c0e4:group-28A177CBF49B:LeaderElection48] INFO  impl.RoleInfo (RoleInfo.java:updateAndGet(143)) - 327069ba-886f-4aa6-8546-b1f43ae7c0e4: start LeaderState
2019-09-12 10:09:49,167 [327069ba-886f-4aa6-8546-b1f43ae7c0e4:group-A17A10B5B38A:LeaderElection43] INFO  impl.RaftServerImpl (ServerState.java:setRaftConf(361)) - 327069ba-886f-4aa6-8546-b1f43ae7c0e4:group-A17A10B5B38A set configuration 0: [327069ba-886f-4aa6-8546-b1f43ae7c0e4:192.168.36.114:34487], old=null at 0
2019-09-12 10:09:49,166 [607208f0-c8f5-40f1-9180-2e36f3e2d896:group-3722F65981EB:LeaderElection47] INFO  impl.RaftServerImpl (ServerState.java:setRaftConf(361)) - 607208f0-c8f5-40f1-9180-2e36f3e2d896:group-3722F65981EB set configuration 0: [607208f0-c8f5-40f1-9180-2e36f3e2d896:192.168.36.114:42135], old=null at 0
2019-09-12 10:09:49,168 [327069ba-886f-4aa6-8546-b1f43ae7c0e4:group-28A177CBF49B:LeaderElection48] INFO  segmented.SegmentedRaftLogWorker (SegmentedRaftLogWorker.java:startLogSegment(380)) - 327069ba-886f-4aa6-8546-b1f43ae7c0e4-SegmentedRaftLogWorker:Storage Directory /workdir/hadoop-ozone/integration-test/target/test-dir/MiniOzoneClusterImpl-78812344-8fab-4fd2-b9e8-17e484e4ebaf/datanode-1/data/ratis/e9b3ffd6-b337-458e-b952-28a177cbf49b: Starting segment from index:0
2019-09-12 10:09:49,167 [b4fa19d3-07c4-4b3e-bf1c-08edd6479ca2:group-1E51110C5AAE:LeaderElection38] INFO  impl.RoleInfo (RoleInfo.java:updateAndGet(143)) - b4fa19d3-07c4-4b3e-bf1c-08edd6479ca2: start LeaderState
2019-09-12 10:09:49,167 [b4fa19d3-07c4-4b3e-bf1c-08edd6479ca2:group-641F35863280:LeaderElection39] INFO  impl.RaftServerImpl (ServerState.java:setRaftConf(361)) - b4fa19d3-07c4-4b3e-bf1c-08edd6479ca2:group-641F35863280 set configuration 0: [b4fa19d3-07c4-4b3e-bf1c-08edd6479ca2:192.168.36.114:40911], old=null at 0
2019-09-12 10:09:49,168 [b4fa19d3-07c4-4b3e-bf1c-08edd6479ca2:group-1E51110C5AAE:LeaderElection38] INFO  segmented.SegmentedRaftLogWorker (SegmentedRaftLogWorker.java:startLogSegment(380)) - b4fa19d3-07c4-4b3e-bf1c-08edd6479ca2-SegmentedRaftLogWorker:Storage Directory /workdir/hadoop-ozone/integration-test/target/test-dir/MiniOzoneClusterImpl-78812344-8fab-4fd2-b9e8-17e484e4ebaf/datanode-0/data/ratis/31b77c4c-bdc3-4bc1-9cdc-1e51110c5aae: Starting segment from index:0
2019-09-12 10:09:49,167 [327069ba-886f-4aa6-8546-b1f43ae7c0e4:group-85C1D8A7743B:LeaderElection41] INFO  server.RaftServerConfigKeys (ConfUtils.java:logGet(43)) - raft.server.write.element-limit = 4096 (default)
2019-09-12 10:09:49,167 [b4fa19d3-07c4-4b3e-bf1c-08edd6479ca2:group-A740E2F626F7:LeaderElection42] INFO  impl.RaftServerImpl (ServerState.java:setRaftConf(361)) - b4fa19d3-07c4-4b3e-bf1c-08edd6479ca2:group-A740E2F626F7 set configuration 0: [b4fa19d3-07c4-4b3e-bf1c-08edd6479ca2:192.168.36.114:40911], old=null at 0
2019-09-12 10:09:49,167 [327069ba-886f-4aa6-8546-b1f43ae7c0e4:group-AFB4A7419145:LeaderElection45] INFO  impl.RaftServerImpl (ServerState.java:setRaftConf(361)) - 327069ba-886f-4aa6-8546-b1f43ae7c0e4:group-AFB4A7419145 set configuration 0: [327069ba-886f-4aa6-8546-b1f43ae7c0e4:192.168.36.114:34487], old=null at 0
2019-09-12 10:09:49,169 [327069ba-886f-4aa6-8546-b1f43ae7c0e4:group-85C1D8A7743B:LeaderElection41] INFO  server.RaftServerConfigKeys (ConfUtils.java:logGet(43)) - raft.server.watch.timeout = 10s (default)
2019-09-12 10:09:49,168 [327069ba-886f-4aa6-8546-b1f43ae7c0e4:group-28A177CBF49B:LeaderElection48] INFO  impl.RaftServerImpl (ServerState.java:setRaftConf(361)) - 327069ba-886f-4aa6-8546-b1f43ae7c0e4:group-28A177CBF49B set configuration 0: [327069ba-886f-4aa6-8546-b1f43ae7c0e4:192.168.36.114:34487], old=null at 0
2019-09-12 10:09:49,169 [b4fa19d3-07c4-4b3e-bf1c-08edd6479ca2:group-1E51110C5AAE:LeaderElection38] INFO  impl.RaftServerImpl (ServerState.java:setRaftConf(361)) - b4fa19d3-07c4-4b3e-bf1c-08edd6479ca2:group-1E51110C5AAE set configuration 0: [b4fa19d3-07c4-4b3e-bf1c-08edd6479ca2:192.168.36.114:40911], old=null at 0
2019-09-12 10:09:49,169 [327069ba-886f-4aa6-8546-b1f43ae7c0e4:group-85C1D8A7743B:LeaderElection41] INFO  server.RaftServerConfigKeys (ConfUtils.java:logGet(43)) - raft.server.watch.timeout.denomination = 1s (default)
2019-09-12 10:09:49,170 [327069ba-886f-4aa6-8546-b1f43ae7c0e4:group-85C1D8A7743B:LeaderElection41] INFO  server.RaftServerConfigKeys (ConfUtils.java:logGet(43)) - raft.server.watch.element-limit = 65536 (default)
2019-09-12 10:09:49,170 [327069ba-886f-4aa6-8546-b1f43ae7c0e4:group-85C1D8A7743B:LeaderElection41] INFO  impl.RoleInfo (RoleInfo.java:updateAndGet(143)) - 327069ba-886f-4aa6-8546-b1f43ae7c0e4: start LeaderState
2019-09-12 10:09:49,170 [327069ba-886f-4aa6-8546-b1f43ae7c0e4:group-85C1D8A7743B:LeaderElection41] INFO  segmented.SegmentedRaftLogWorker (SegmentedRaftLogWorker.java:startLogSegment(380)) - 327069ba-886f-4aa6-8546-b1f43ae7c0e4-SegmentedRaftLogWorker:Storage Directory /workdir/hadoop-ozone/integration-test/target/test-dir/MiniOzoneClusterImpl-78812344-8fab-4fd2-b9e8-17e484e4ebaf/datanode-1/data/ratis/a62495cb-5b3c-4f38-aa0c-85c1d8a7743b: Starting segment from index:0
2019-09-12 10:09:49,171 [327069ba-886f-4aa6-8546-b1f43ae7c0e4:group-85C1D8A7743B:LeaderElection41] INFO  impl.RaftServerImpl (ServerState.java:setRaftConf(361)) - 327069ba-886f-4aa6-8546-b1f43ae7c0e4:group-85C1D8A7743B set configuration 0: [327069ba-886f-4aa6-8546-b1f43ae7c0e4:192.168.36.114:34487], old=null at 0
2019-09-12 10:09:49,180 [607208f0-c8f5-40f1-9180-2e36f3e2d896:group-F1C75DC9DBDA:LeaderElection49] INFO  impl.LeaderElection (LeaderElection.java:askForVotes(181)) - 607208f0-c8f5-40f1-9180-2e36f3e2d896:group-F1C75DC9DBDA:LeaderElection49: begin an election at term 1 for -1: [607208f0-c8f5-40f1-9180-2e36f3e2d896:192.168.36.114:42135], old=null
2019-09-12 10:09:49,181 [607208f0-c8f5-40f1-9180-2e36f3e2d896:group-F1C75DC9DBDA:LeaderElection49] INFO  impl.RoleInfo (RoleInfo.java:shutdownLeaderElection(134)) - 607208f0-c8f5-40f1-9180-2e36f3e2d896: shutdown LeaderElection
2019-09-12 10:09:49,181 [607208f0-c8f5-40f1-9180-2e36f3e2d896:group-F1C75DC9DBDA:LeaderElection49] INFO  impl.RaftServerImpl (RaftServerImpl.java:setRole(171)) - 607208f0-c8f5-40f1-9180-2e36f3e2d896:group-F1C75DC9DBDA changes role from CANDIDATE to LEADER at term 1 for changeToLeader
2019-09-12 10:09:49,181 [607208f0-c8f5-40f1-9180-2e36f3e2d896:group-F1C75DC9DBDA:LeaderElection49] INFO  impl.RaftServerImpl (ServerState.java:setLeader(263)) - 607208f0-c8f5-40f1-9180-2e36f3e2d896:group-F1C75DC9DBDA change Leader from null to 607208f0-c8f5-40f1-9180-2e36f3e2d896 at term 1 for becomeLeader, leader elected after 5308ms
2019-09-12 10:09:49,181 [607208f0-c8f5-40f1-9180-2e36f3e2d896:group-F1C75DC9DBDA:LeaderElection49] INFO  server.RaftServerConfigKeys (ConfUtils.java:logGet(43)) - raft.server.staging.catchup.gap = 1000 (default)
2019-09-12 10:09:49,181 [607208f0-c8f5-40f1-9180-2e36f3e2d896:group-F1C75DC9DBDA:LeaderElection49] INFO  server.RaftServerConfigKeys (ConfUtils.java:logGet(43)) - raft.server.rpc.sleep.time = 25ms (default)
2019-09-12 10:09:49,182 [607208f0-c8f5-40f1-9180-2e36f3e2d896:group-F1C75DC9DBDA:LeaderElection49] INFO  server.RaftServerConfigKeys (ConfUtils.java:logGet(43)) - raft.server.write.element-limit = 4096 (default)
2019-09-12 10:09:49,182 [607208f0-c8f5-40f1-9180-2e36f3e2d896:group-F1C75DC9DBDA:LeaderElection49] INFO  server.RaftServerConfigKeys (ConfUtils.java:logGet(43)) - raft.server.watch.timeout = 10s (default)
2019-09-12 10:09:49,182 [607208f0-c8f5-40f1-9180-2e36f3e2d896:group-F1C75DC9DBDA:LeaderElection49] INFO  server.RaftServerConfigKeys (ConfUtils.java:logGet(43)) - raft.server.watch.timeout.denomination = 1s (default)
2019-09-12 10:09:49,182 [607208f0-c8f5-40f1-9180-2e36f3e2d896:group-F1C75DC9DBDA:LeaderElection49] INFO  server.RaftServerConfigKeys (ConfUtils.java:logGet(43)) - raft.server.watch.element-limit = 65536 (default)
2019-09-12 10:09:49,182 [607208f0-c8f5-40f1-9180-2e36f3e2d896:group-F1C75DC9DBDA:LeaderElection49] INFO  impl.RoleInfo (RoleInfo.java:updateAndGet(143)) - 607208f0-c8f5-40f1-9180-2e36f3e2d896: start LeaderState
2019-09-12 10:09:49,183 [607208f0-c8f5-40f1-9180-2e36f3e2d896:group-F1C75DC9DBDA:LeaderElection49] INFO  segmented.SegmentedRaftLogWorker (SegmentedRaftLogWorker.java:startLogSegment(380)) - 607208f0-c8f5-40f1-9180-2e36f3e2d896-SegmentedRaftLogWorker:Storage Directory /workdir/hadoop-ozone/integration-test/target/test-dir/MiniOzoneClusterImpl-78812344-8fab-4fd2-b9e8-17e484e4ebaf/datanode-2/data/ratis/d4081801-d3fe-4109-bb78-f1c75dc9dbda: Starting segment from index:0
2019-09-12 10:09:49,184 [607208f0-c8f5-40f1-9180-2e36f3e2d896:group-F1C75DC9DBDA:LeaderElection49] INFO  impl.RaftServerImpl (ServerState.java:setRaftConf(361)) - 607208f0-c8f5-40f1-9180-2e36f3e2d896:group-F1C75DC9DBDA set configuration 0: [607208f0-c8f5-40f1-9180-2e36f3e2d896:192.168.36.114:42135], old=null at 0
2019-09-12 10:09:49,199 [b4fa19d3-07c4-4b3e-bf1c-08edd6479ca2-SegmentedRaftLogWorker:Storage Directory /workdir/hadoop-ozone/integration-test/target/test-dir/MiniOzoneClusterImpl-78812344-8fab-4fd2-b9e8-17e484e4ebaf/datanode-0/data/ratis/cf5c5953-4bbc-4702-aeb2-846a8403c02a] INFO  segmented.SegmentedRaftLogWorker (SegmentedRaftLogWorker.java:execute(569)) - b4fa19d3-07c4-4b3e-bf1c-08edd6479ca2-SegmentedRaftLogWorker:Storage Directory /workdir/hadoop-ozone/integration-test/target/test-dir/MiniOzoneClusterImpl-78812344-8fab-4fd2-b9e8-17e484e4ebaf/datanode-0/data/ratis/cf5c5953-4bbc-4702-aeb2-846a8403c02a: created new log segment /workdir/hadoop-ozone/integration-test/target/test-dir/MiniOzoneClusterImpl-78812344-8fab-4fd2-b9e8-17e484e4ebaf/datanode-0/data/ratis/cf5c5953-4bbc-4702-aeb2-846a8403c02a/current/log_inprogress_0
2019-09-12 10:09:49,199 [607208f0-c8f5-40f1-9180-2e36f3e2d896:group-7927A944602F:LeaderElection50] INFO  impl.LeaderElection (LeaderElection.java:askForVotes(181)) - 607208f0-c8f5-40f1-9180-2e36f3e2d896:group-7927A944602F:LeaderElection50: begin an election at term 1 for -1: [607208f0-c8f5-40f1-9180-2e36f3e2d896:192.168.36.114:42135], old=null
2019-09-12 10:09:49,199 [b4fa19d3-07c4-4b3e-bf1c-08edd6479ca2-SegmentedRaftLogWorker:Storage Directory /workdir/hadoop-ozone/integration-test/target/test-dir/MiniOzoneClusterImpl-78812344-8fab-4fd2-b9e8-17e484e4ebaf/datanode-0/data/ratis/469c6576-8a9d-4084-83e7-af14e6ddc896] INFO  segmented.SegmentedRaftLogWorker (SegmentedRaftLogWorker.java:execute(569)) - b4fa19d3-07c4-4b3e-bf1c-08edd6479ca2-SegmentedRaftLogWorker:Storage Directory /workdir/hadoop-ozone/integration-test/target/test-dir/MiniOzoneClusterImpl-78812344-8fab-4fd2-b9e8-17e484e4ebaf/datanode-0/data/ratis/469c6576-8a9d-4084-83e7-af14e6ddc896: created new log segment /workdir/hadoop-ozone/integration-test/target/test-dir/MiniOzoneClusterImpl-78812344-8fab-4fd2-b9e8-17e484e4ebaf/datanode-0/data/ratis/469c6576-8a9d-4084-83e7-af14e6ddc896/current/log_inprogress_0
2019-09-12 10:09:49,200 [607208f0-c8f5-40f1-9180-2e36f3e2d896:group-7927A944602F:LeaderElection50] INFO  impl.RoleInfo (RoleInfo.java:shutdownLeaderElection(134)) - 607208f0-c8f5-40f1-9180-2e36f3e2d896: shutdown LeaderElection
2019-09-12 10:09:49,200 [607208f0-c8f5-40f1-9180-2e36f3e2d896:group-7927A944602F:LeaderElection50] INFO  impl.RaftServerImpl (RaftServerImpl.java:setRole(171)) - 607208f0-c8f5-40f1-9180-2e36f3e2d896:group-7927A944602F changes role from CANDIDATE to LEADER at term 1 for changeToLeader
2019-09-12 10:09:49,200 [607208f0-c8f5-40f1-9180-2e36f3e2d896:group-7927A944602F:LeaderElection50] INFO  impl.RaftServerImpl (ServerState.java:setLeader(263)) - 607208f0-c8f5-40f1-9180-2e36f3e2d896:group-7927A944602F change Leader from null to 607208f0-c8f5-40f1-9180-2e36f3e2d896 at term 1 for becomeLeader, leader elected after 5189ms
2019-09-12 10:09:49,201 [607208f0-c8f5-40f1-9180-2e36f3e2d896:group-7927A944602F:LeaderElection50] INFO  server.RaftServerConfigKeys (ConfUtils.java:logGet(43)) - raft.server.staging.catchup.gap = 1000 (default)
2019-09-12 10:09:49,201 [607208f0-c8f5-40f1-9180-2e36f3e2d896:group-7927A944602F:LeaderElection50] INFO  server.RaftServerConfigKeys (ConfUtils.java:logGet(43)) - raft.server.rpc.sleep.time = 25ms (default)
2019-09-12 10:09:49,201 [607208f0-c8f5-40f1-9180-2e36f3e2d896:group-7927A944602F:LeaderElection50] INFO  server.RaftServerConfigKeys (ConfUtils.java:logGet(43)) - raft.server.write.element-limit = 4096 (default)
2019-09-12 10:09:49,201 [607208f0-c8f5-40f1-9180-2e36f3e2d896:group-7927A944602F:LeaderElection50] INFO  server.RaftServerConfigKeys (ConfUtils.java:logGet(43)) - raft.server.watch.timeout = 10s (default)
2019-09-12 10:09:49,201 [607208f0-c8f5-40f1-9180-2e36f3e2d896:group-7927A944602F:LeaderElection50] INFO  server.RaftServerConfigKeys (ConfUtils.java:logGet(43)) - raft.server.watch.timeout.denomination = 1s (default)
2019-09-12 10:09:49,202 [607208f0-c8f5-40f1-9180-2e36f3e2d896:group-7927A944602F:LeaderElection50] INFO  server.RaftServerConfigKeys (ConfUtils.java:logGet(43)) - raft.server.watch.element-limit = 65536 (default)
2019-09-12 10:09:49,202 [607208f0-c8f5-40f1-9180-2e36f3e2d896:group-7927A944602F:LeaderElection50] INFO  impl.RoleInfo (RoleInfo.java:updateAndGet(143)) - 607208f0-c8f5-40f1-9180-2e36f3e2d896: start LeaderState
2019-09-12 10:09:49,202 [607208f0-c8f5-40f1-9180-2e36f3e2d896:group-7927A944602F:LeaderElection50] INFO  segmented.SegmentedRaftLogWorker (SegmentedRaftLogWorker.java:startLogSegment(380)) - 607208f0-c8f5-40f1-9180-2e36f3e2d896-SegmentedRaftLogWorker:Storage Directory /workdir/hadoop-ozone/integration-test/target/test-dir/MiniOzoneClusterImpl-78812344-8fab-4fd2-b9e8-17e484e4ebaf/datanode-2/data/ratis/7400c938-85aa-4e96-9906-7927a944602f: Starting segment from index:0
2019-09-12 10:09:49,203 [607208f0-c8f5-40f1-9180-2e36f3e2d896:group-7927A944602F:LeaderElection50] INFO  impl.RaftServerImpl (ServerState.java:setRaftConf(361)) - 607208f0-c8f5-40f1-9180-2e36f3e2d896:group-7927A944602F set configuration 0: [607208f0-c8f5-40f1-9180-2e36f3e2d896:192.168.36.114:42135], old=null at 0
2019-09-12 10:09:49,208 [Thread-748] INFO  impl.FollowerState (FollowerState.java:run(106)) - 607208f0-c8f5-40f1-9180-2e36f3e2d896:group-C49ED39CA722 changes to CANDIDATE, lastRpcTime:5120, electionTimeout:5120ms
2019-09-12 10:09:49,208 [Thread-748] INFO  impl.RoleInfo (RoleInfo.java:shutdownFollowerState(121)) - 607208f0-c8f5-40f1-9180-2e36f3e2d896: shutdown FollowerState
2019-09-12 10:09:49,208 [Thread-748] INFO  impl.RaftServerImpl (RaftServerImpl.java:setRole(171)) - 607208f0-c8f5-40f1-9180-2e36f3e2d896:group-C49ED39CA722 changes role from FOLLOWER to CANDIDATE at term 0 for changeToCandidate
2019-09-12 10:09:49,208 [Thread-748] INFO  impl.RoleInfo (RoleInfo.java:updateAndGet(143)) - 607208f0-c8f5-40f1-9180-2e36f3e2d896: start LeaderElection
2019-09-12 10:09:49,251 [327069ba-886f-4aa6-8546-b1f43ae7c0e4-SegmentedRaftLogWorker:Storage Directory /workdir/hadoop-ozone/integration-test/target/test-dir/MiniOzoneClusterImpl-78812344-8fab-4fd2-b9e8-17e484e4ebaf/datanode-1/data/ratis/e9b3ffd6-b337-458e-b952-28a177cbf49b] INFO  segmented.SegmentedRaftLogWorker (SegmentedRaftLogWorker.java:execute(569)) - 327069ba-886f-4aa6-8546-b1f43ae7c0e4-SegmentedRaftLogWorker:Storage Directory /workdir/hadoop-ozone/integration-test/target/test-dir/MiniOzoneClusterImpl-78812344-8fab-4fd2-b9e8-17e484e4ebaf/datanode-1/data/ratis/e9b3ffd6-b337-458e-b952-28a177cbf49b: created new log segment /workdir/hadoop-ozone/integration-test/target/test-dir/MiniOzoneClusterImpl-78812344-8fab-4fd2-b9e8-17e484e4ebaf/datanode-1/data/ratis/e9b3ffd6-b337-458e-b952-28a177cbf49b/current/log_inprogress_0
2019-09-12 10:09:49,251 [327069ba-886f-4aa6-8546-b1f43ae7c0e4-SegmentedRaftLogWorker:Storage Directory /workdir/hadoop-ozone/integration-test/target/test-dir/MiniOzoneClusterImpl-78812344-8fab-4fd2-b9e8-17e484e4ebaf/datanode-1/data/ratis/c4b434d9-cac9-4857-8ab7-b4e4e4548be5] INFO  segmented.SegmentedRaftLogWorker (SegmentedRaftLogWorker.java:execute(569)) - 327069ba-886f-4aa6-8546-b1f43ae7c0e4-SegmentedRaftLogWorker:Storage Directory /workdir/hadoop-ozone/integration-test/target/test-dir/MiniOzoneClusterImpl-78812344-8fab-4fd2-b9e8-17e484e4ebaf/datanode-1/data/ratis/c4b434d9-cac9-4857-8ab7-b4e4e4548be5: created new log segment /workdir/hadoop-ozone/integration-test/target/test-dir/MiniOzoneClusterImpl-78812344-8fab-4fd2-b9e8-17e484e4ebaf/datanode-1/data/ratis/c4b434d9-cac9-4857-8ab7-b4e4e4548be5/current/log_inprogress_0
2019-09-12 10:09:49,251 [b4fa19d3-07c4-4b3e-bf1c-08edd6479ca2-SegmentedRaftLogWorker:Storage Directory /workdir/hadoop-ozone/integration-test/target/test-dir/MiniOzoneClusterImpl-78812344-8fab-4fd2-b9e8-17e484e4ebaf/datanode-0/data/ratis/35621a00-6d97-4734-a0f6-a740e2f626f7] INFO  segmented.SegmentedRaftLogWorker (SegmentedRaftLogWorker.java:execute(569)) - b4fa19d3-07c4-4b3e-bf1c-08edd6479ca2-SegmentedRaftLogWorker:Storage Directory /workdir/hadoop-ozone/integration-test/target/test-dir/MiniOzoneClusterImpl-78812344-8fab-4fd2-b9e8-17e484e4ebaf/datanode-0/data/ratis/35621a00-6d97-4734-a0f6-a740e2f626f7: created new log segment /workdir/hadoop-ozone/integration-test/target/test-dir/MiniOzoneClusterImpl-78812344-8fab-4fd2-b9e8-17e484e4ebaf/datanode-0/data/ratis/35621a00-6d97-4734-a0f6-a740e2f626f7/current/log_inprogress_0
2019-09-12 10:09:49,251 [607208f0-c8f5-40f1-9180-2e36f3e2d896-SegmentedRaftLogWorker:Storage Directory /workdir/hadoop-ozone/integration-test/target/test-dir/MiniOzoneClusterImpl-78812344-8fab-4fd2-b9e8-17e484e4ebaf/datanode-2/data/ratis/f6e91258-7567-4fda-a02b-3722f65981eb] INFO  segmented.SegmentedRaftLogWorker (SegmentedRaftLogWorker.java:execute(569)) - 607208f0-c8f5-40f1-9180-2e36f3e2d896-SegmentedRaftLogWorker:Storage Directory /workdir/hadoop-ozone/integration-test/target/test-dir/MiniOzoneClusterImpl-78812344-8fab-4fd2-b9e8-17e484e4ebaf/datanode-2/data/ratis/f6e91258-7567-4fda-a02b-3722f65981eb: created new log segment /workdir/hadoop-ozone/integration-test/target/test-dir/MiniOzoneClusterImpl-78812344-8fab-4fd2-b9e8-17e484e4ebaf/datanode-2/data/ratis/f6e91258-7567-4fda-a02b-3722f65981eb/current/log_inprogress_0
2019-09-12 10:09:49,251 [327069ba-886f-4aa6-8546-b1f43ae7c0e4-SegmentedRaftLogWorker:Storage Directory /workdir/hadoop-ozone/integration-test/target/test-dir/MiniOzoneClusterImpl-78812344-8fab-4fd2-b9e8-17e484e4ebaf/datanode-1/data/ratis/45ded13f-5eed-471a-ae2d-a17a10b5b38a] INFO  segmented.SegmentedRaftLogWorker (SegmentedRaftLogWorker.java:execute(569)) - 327069ba-886f-4aa6-8546-b1f43ae7c0e4-SegmentedRaftLogWorker:Storage Directory /workdir/hadoop-ozone/integration-test/target/test-dir/MiniOzoneClusterImpl-78812344-8fab-4fd2-b9e8-17e484e4ebaf/datanode-1/data/ratis/45ded13f-5eed-471a-ae2d-a17a10b5b38a: created new log segment /workdir/hadoop-ozone/integration-test/target/test-dir/MiniOzoneClusterImpl-78812344-8fab-4fd2-b9e8-17e484e4ebaf/datanode-1/data/ratis/45ded13f-5eed-471a-ae2d-a17a10b5b38a/current/log_inprogress_0
2019-09-12 10:09:49,251 [327069ba-886f-4aa6-8546-b1f43ae7c0e4-SegmentedRaftLogWorker:Storage Directory /workdir/hadoop-ozone/integration-test/target/test-dir/MiniOzoneClusterImpl-78812344-8fab-4fd2-b9e8-17e484e4ebaf/datanode-1/data/ratis/49969652-8640-42c2-b5ea-afb4a7419145] INFO  segmented.SegmentedRaftLogWorker (SegmentedRaftLogWorker.java:execute(569)) - 327069ba-886f-4aa6-8546-b1f43ae7c0e4-SegmentedRaftLogWorker:Storage Directory /workdir/hadoop-ozone/integration-test/target/test-dir/MiniOzoneClusterImpl-78812344-8fab-4fd2-b9e8-17e484e4ebaf/datanode-1/data/ratis/49969652-8640-42c2-b5ea-afb4a7419145: created new log segment /workdir/hadoop-ozone/integration-test/target/test-dir/MiniOzoneClusterImpl-78812344-8fab-4fd2-b9e8-17e484e4ebaf/datanode-1/data/ratis/49969652-8640-42c2-b5ea-afb4a7419145/current/log_inprogress_0
2019-09-12 10:09:49,251 [327069ba-886f-4aa6-8546-b1f43ae7c0e4-SegmentedRaftLogWorker:Storage Directory /workdir/hadoop-ozone/integration-test/target/test-dir/MiniOzoneClusterImpl-78812344-8fab-4fd2-b9e8-17e484e4ebaf/datanode-1/data/ratis/7f082bbd-30be-4bef-acc7-9bdb78cc4a71] INFO  segmented.SegmentedRaftLogWorker (SegmentedRaftLogWorker.java:execute(569)) - 327069ba-886f-4aa6-8546-b1f43ae7c0e4-SegmentedRaftLogWorker:Storage Directory /workdir/hadoop-ozone/integration-test/target/test-dir/MiniOzoneClusterImpl-78812344-8fab-4fd2-b9e8-17e484e4ebaf/datanode-1/data/ratis/7f082bbd-30be-4bef-acc7-9bdb78cc4a71: created new log segment /workdir/hadoop-ozone/integration-test/target/test-dir/MiniOzoneClusterImpl-78812344-8fab-4fd2-b9e8-17e484e4ebaf/datanode-1/data/ratis/7f082bbd-30be-4bef-acc7-9bdb78cc4a71/current/log_inprogress_0
2019-09-12 10:09:49,252 [ForkJoinPool.commonPool-worker-1] INFO  ozoneimpl.OzoneContainer (OzoneContainer.java:stop(199)) - Attempting to stop container services.
2019-09-12 10:09:49,252 [main] INFO  ozoneimpl.OzoneContainer (OzoneContainer.java:stop(199)) - Attempting to stop container services.
2019-09-12 10:09:49,252 [ForkJoinPool.commonPool-worker-1] INFO  impl.RaftServerProxy (RaftServerProxy.java:lambda$close$4(314)) - b4fa19d3-07c4-4b3e-bf1c-08edd6479ca2: close
2019-09-12 10:09:49,253 [main] INFO  impl.RaftServerProxy (RaftServerProxy.java:lambda$close$4(314)) - 327069ba-886f-4aa6-8546-b1f43ae7c0e4: close
2019-09-12 10:09:49,253 [ForkJoinPool.commonPool-worker-1] INFO  impl.RaftServerImpl (RaftServerImpl.java:lambda$shutdown$3(245)) - b4fa19d3-07c4-4b3e-bf1c-08edd6479ca2: shutdown group-1E51110C5AAE
2019-09-12 10:09:49,253 [main] INFO  impl.RaftServerImpl (RaftServerImpl.java:lambda$shutdown$3(245)) - 327069ba-886f-4aa6-8546-b1f43ae7c0e4: shutdown group-9BDB78CC4A71
2019-09-12 10:09:49,253 [ForkJoinPool.commonPool-worker-1] INFO  util.JmxRegister (JmxRegister.java:unregister(73)) - Successfully un-registered JMX Bean with object name Ratis:service=RaftServer,group=group-1E51110C5AAE,id=b4fa19d3-07c4-4b3e-bf1c-08edd6479ca2
2019-09-12 10:09:49,253 [main] INFO  util.JmxRegister (JmxRegister.java:unregister(73)) - Successfully un-registered JMX Bean with object name Ratis:service=RaftServer,group=group-9BDB78CC4A71,id=327069ba-886f-4aa6-8546-b1f43ae7c0e4
2019-09-12 10:09:49,254 [ForkJoinPool.commonPool-worker-1] INFO  impl.RoleInfo (RoleInfo.java:shutdownLeaderState(104)) - b4fa19d3-07c4-4b3e-bf1c-08edd6479ca2: shutdown LeaderState
2019-09-12 10:09:49,254 [main] INFO  impl.RoleInfo (RoleInfo.java:shutdownLeaderState(104)) - 327069ba-886f-4aa6-8546-b1f43ae7c0e4: shutdown LeaderState
2019-09-12 10:09:49,254 [ForkJoinPool.commonPool-worker-1] INFO  impl.PendingRequests (PendingRequests.java:sendNotLeaderResponses(202)) - b4fa19d3-07c4-4b3e-bf1c-08edd6479ca2-PendingRequests: sendNotLeaderResponses
2019-09-12 10:09:49,254 [main] INFO  impl.PendingRequests (PendingRequests.java:sendNotLeaderResponses(202)) - 327069ba-886f-4aa6-8546-b1f43ae7c0e4-PendingRequests: sendNotLeaderResponses
2019-09-12 10:09:49,255 [ForkJoinPool.commonPool-worker-1] INFO  impl.StateMachineUpdater (StateMachineUpdater.java:stopAndJoin(115)) - StateMachineUpdater:b4fa19d3-07c4-4b3e-bf1c-08edd6479ca2:group-1E51110C5AAE: set stopIndex = -1
2019-09-12 10:09:49,255 [main] INFO  impl.StateMachineUpdater (StateMachineUpdater.java:stopAndJoin(115)) - StateMachineUpdater:327069ba-886f-4aa6-8546-b1f43ae7c0e4:group-9BDB78CC4A71: set stopIndex = -1
2019-09-12 10:09:49,255 [main] INFO  impl.RaftServerImpl (ServerState.java:close(394)) - 327069ba-886f-4aa6-8546-b1f43ae7c0e4:group-9BDB78CC4A71 closes. The last applied log index is -1
2019-09-12 10:09:49,255 [ForkJoinPool.commonPool-worker-1] INFO  impl.RaftServerImpl (ServerState.java:close(394)) - b4fa19d3-07c4-4b3e-bf1c-08edd6479ca2:group-1E51110C5AAE closes. The last applied log index is -1
2019-09-12 10:09:49,300 [327069ba-886f-4aa6-8546-b1f43ae7c0e4-SegmentedRaftLogWorker:Storage Directory /workdir/hadoop-ozone/integration-test/target/test-dir/MiniOzoneClusterImpl-78812344-8fab-4fd2-b9e8-17e484e4ebaf/datanode-1/data/ratis/7f082bbd-30be-4bef-acc7-9bdb78cc4a71] INFO  segmented.SegmentedRaftLogWorker (SegmentedRaftLogWorker.java:run(320)) - 327069ba-886f-4aa6-8546-b1f43ae7c0e4-SegmentedRaftLogWorker:Storage Directory /workdir/hadoop-ozone/integration-test/target/test-dir/MiniOzoneClusterImpl-78812344-8fab-4fd2-b9e8-17e484e4ebaf/datanode-1/data/ratis/7f082bbd-30be-4bef-acc7-9bdb78cc4a71 got closed and hit exception
java.lang.NullPointerException
	at org.apache.hadoop.hdds.protocol.proto.StorageContainerDatanodeProtocolProtos$ClosePipelineInfo$Builder.setDetailedReason(StorageContainerDatanodeProtocolProtos.java:19487)
	at org.apache.hadoop.ozone.container.common.transport.server.ratis.XceiverServerRatis.triggerPipelineClose(XceiverServerRatis.java:550)
	at org.apache.hadoop.ozone.container.common.transport.server.ratis.XceiverServerRatis.handleNodeLogFailure(XceiverServerRatis.java:654)
	at org.apache.hadoop.ozone.container.common.transport.server.ratis.ContainerStateMachine.notifyLogFailed(ContainerStateMachine.java:772)
	at org.apache.ratis.server.raftlog.segmented.SegmentedRaftLogWorker$WriteLog.failed(SegmentedRaftLogWorker.java:455)
	at org.apache.ratis.server.raftlog.segmented.SegmentedRaftLogWorker.run(SegmentedRaftLogWorker.java:297)
	at java.lang.Thread.run(Thread.java:748)
2019-09-12 10:09:49,301 [main] INFO  segmented.SegmentedRaftLogWorker (SegmentedRaftLogWorker.java:close(228)) - 327069ba-886f-4aa6-8546-b1f43ae7c0e4-SegmentedRaftLogWorker:Storage Directory /workdir/hadoop-ozone/integration-test/target/test-dir/MiniOzoneClusterImpl-78812344-8fab-4fd2-b9e8-17e484e4ebaf/datanode-1/data/ratis/7f082bbd-30be-4bef-acc7-9bdb78cc4a71 close()
2019-09-12 10:09:49,301 [b4fa19d3-07c4-4b3e-bf1c-08edd6479ca2-SegmentedRaftLogWorker:Storage Directory /workdir/hadoop-ozone/integration-test/target/test-dir/MiniOzoneClusterImpl-78812344-8fab-4fd2-b9e8-17e484e4ebaf/datanode-0/data/ratis/31b77c4c-bdc3-4bc1-9cdc-1e51110c5aae] WARN  segmented.SegmentedRaftLogOutputStream (SegmentedRaftLogOutputStream.java:<init>(77)) - Hit IOException while creating log segment /workdir/hadoop-ozone/integration-test/target/test-dir/MiniOzoneClusterImpl-78812344-8fab-4fd2-b9e8-17e484e4ebaf/datanode-0/data/ratis/31b77c4c-bdc3-4bc1-9cdc-1e51110c5aae/current/log_inprogress_0, delete the partial file.
2019-09-12 10:09:49,301 [607208f0-c8f5-40f1-9180-2e36f3e2d896:group-C49ED39CA722:LeaderElection51] INFO  impl.LeaderElection (LeaderElection.java:askForVotes(181)) - 607208f0-c8f5-40f1-9180-2e36f3e2d896:group-C49ED39CA722:LeaderElection51: begin an election at term 1 for -1: [607208f0-c8f5-40f1-9180-2e36f3e2d896:192.168.36.114:42135], old=null
2019-09-12 10:09:49,301 [607208f0-c8f5-40f1-9180-2e36f3e2d896-SegmentedRaftLogWorker:Storage Directory /workdir/hadoop-ozone/integration-test/target/test-dir/MiniOzoneClusterImpl-78812344-8fab-4fd2-b9e8-17e484e4ebaf/datanode-2/data/ratis/d4081801-d3fe-4109-bb78-f1c75dc9dbda] INFO  segmented.SegmentedRaftLogWorker (SegmentedRaftLogWorker.java:execute(569)) - 607208f0-c8f5-40f1-9180-2e36f3e2d896-SegmentedRaftLogWorker:Storage Directory /workdir/hadoop-ozone/integration-test/target/test-dir/MiniOzoneClusterImpl-78812344-8fab-4fd2-b9e8-17e484e4ebaf/datanode-2/data/ratis/d4081801-d3fe-4109-bb78-f1c75dc9dbda: created new log segment /workdir/hadoop-ozone/integration-test/target/test-dir/MiniOzoneClusterImpl-78812344-8fab-4fd2-b9e8-17e484e4ebaf/datanode-2/data/ratis/d4081801-d3fe-4109-bb78-f1c75dc9dbda/current/log_inprogress_0
2019-09-12 10:09:49,301 [607208f0-c8f5-40f1-9180-2e36f3e2d896-SegmentedRaftLogWorker:Storage Directory /workdir/hadoop-ozone/integration-test/target/test-dir/MiniOzoneClusterImpl-78812344-8fab-4fd2-b9e8-17e484e4ebaf/datanode-2/data/ratis/7400c938-85aa-4e96-9906-7927a944602f] INFO  segmented.SegmentedRaftLogWorker (SegmentedRaftLogWorker.java:execute(569)) - 607208f0-c8f5-40f1-9180-2e36f3e2d896-SegmentedRaftLogWorker:Storage Directory /workdir/hadoop-ozone/integration-test/target/test-dir/MiniOzoneClusterImpl-78812344-8fab-4fd2-b9e8-17e484e4ebaf/datanode-2/data/ratis/7400c938-85aa-4e96-9906-7927a944602f: created new log segment /workdir/hadoop-ozone/integration-test/target/test-dir/MiniOzoneClusterImpl-78812344-8fab-4fd2-b9e8-17e484e4ebaf/datanode-2/data/ratis/7400c938-85aa-4e96-9906-7927a944602f/current/log_inprogress_0
2019-09-12 10:09:49,301 [327069ba-886f-4aa6-8546-b1f43ae7c0e4-SegmentedRaftLogWorker:Storage Directory /workdir/hadoop-ozone/integration-test/target/test-dir/MiniOzoneClusterImpl-78812344-8fab-4fd2-b9e8-17e484e4ebaf/datanode-1/data/ratis/a62495cb-5b3c-4f38-aa0c-85c1d8a7743b] INFO  segmented.SegmentedRaftLogWorker (SegmentedRaftLogWorker.java:execute(569)) - 327069ba-886f-4aa6-8546-b1f43ae7c0e4-SegmentedRaftLogWorker:Storage Directory /workdir/hadoop-ozone/integration-test/target/test-dir/MiniOzoneClusterImpl-78812344-8fab-4fd2-b9e8-17e484e4ebaf/datanode-1/data/ratis/a62495cb-5b3c-4f38-aa0c-85c1d8a7743b: created new log segment /workdir/hadoop-ozone/integration-test/target/test-dir/MiniOzoneClusterImpl-78812344-8fab-4fd2-b9e8-17e484e4ebaf/datanode-1/data/ratis/a62495cb-5b3c-4f38-aa0c-85c1d8a7743b/current/log_inprogress_0
2019-09-12 10:09:49,301 [b4fa19d3-07c4-4b3e-bf1c-08edd6479ca2-SegmentedRaftLogWorker:Storage Directory /workdir/hadoop-ozone/integration-test/target/test-dir/MiniOzoneClusterImpl-78812344-8fab-4fd2-b9e8-17e484e4ebaf/datanode-0/data/ratis/f7909b76-4bcd-4562-9f7d-641f35863280] INFO  segmented.SegmentedRaftLogWorker (SegmentedRaftLogWorker.java:execute(569)) - b4fa19d3-07c4-4b3e-bf1c-08edd6479ca2-SegmentedRaftLogWorker:Storage Directory /workdir/hadoop-ozone/integration-test/target/test-dir/MiniOzoneClusterImpl-78812344-8fab-4fd2-b9e8-17e484e4ebaf/datanode-0/data/ratis/f7909b76-4bcd-4562-9f7d-641f35863280: created new log segment /workdir/hadoop-ozone/integration-test/target/test-dir/MiniOzoneClusterImpl-78812344-8fab-4fd2-b9e8-17e484e4ebaf/datanode-0/data/ratis/f7909b76-4bcd-4562-9f7d-641f35863280/current/log_inprogress_0
2019-09-12 10:09:49,301 [b4fa19d3-07c4-4b3e-bf1c-08edd6479ca2-SegmentedRaftLogWorker:Storage Directory /workdir/hadoop-ozone/integration-test/target/test-dir/MiniOzoneClusterImpl-78812344-8fab-4fd2-b9e8-17e484e4ebaf/datanode-0/data/ratis/fbe7a16c-08be-419a-92bd-aab3d3fae1da] INFO  segmented.SegmentedRaftLogWorker (SegmentedRaftLogWorker.java:execute(569)) - b4fa19d3-07c4-4b3e-bf1c-08edd6479ca2-SegmentedRaftLogWorker:Storage Directory /workdir/hadoop-ozone/integration-test/target/test-dir/MiniOzoneClusterImpl-78812344-8fab-4fd2-b9e8-17e484e4ebaf/datanode-0/data/ratis/fbe7a16c-08be-419a-92bd-aab3d3fae1da: created new log segment /workdir/hadoop-ozone/integration-test/target/test-dir/MiniOzoneClusterImpl-78812344-8fab-4fd2-b9e8-17e484e4ebaf/datanode-0/data/ratis/fbe7a16c-08be-419a-92bd-aab3d3fae1da/current/log_inprogress_0
2019-09-12 10:09:49,303 [607208f0-c8f5-40f1-9180-2e36f3e2d896:group-C49ED39CA722:LeaderElection51] INFO  impl.RoleInfo (RoleInfo.java:shutdownLeaderElection(134)) - 607208f0-c8f5-40f1-9180-2e36f3e2d896: shutdown LeaderElection
2019-09-12 10:09:49,302 [main] INFO  impl.RaftServerImpl (RaftServerImpl.java:lambda$shutdown$3(245)) - 327069ba-886f-4aa6-8546-b1f43ae7c0e4: shutdown group-B4E4E4548BE5
2019-09-12 10:09:49,303 [607208f0-c8f5-40f1-9180-2e36f3e2d896:group-C49ED39CA722:LeaderElection51] INFO  impl.RaftServerImpl (RaftServerImpl.java:setRole(171)) - 607208f0-c8f5-40f1-9180-2e36f3e2d896:group-C49ED39CA722 changes role from CANDIDATE to LEADER at term 1 for changeToLeader
2019-09-12 10:09:49,304 [main] INFO  util.JmxRegister (JmxRegister.java:unregister(73)) - Successfully un-registered JMX Bean with object name Ratis:service=RaftServer,group=group-B4E4E4548BE5,id=327069ba-886f-4aa6-8546-b1f43ae7c0e4
2019-09-12 10:09:49,304 [607208f0-c8f5-40f1-9180-2e36f3e2d896:group-C49ED39CA722:LeaderElection51] INFO  impl.RaftServerImpl (ServerState.java:setLeader(263)) - 607208f0-c8f5-40f1-9180-2e36f3e2d896:group-C49ED39CA722 change Leader from null to 607208f0-c8f5-40f1-9180-2e36f3e2d896 at term 1 for becomeLeader, leader elected after 5219ms
2019-09-12 10:09:49,304 [main] INFO  impl.RoleInfo (RoleInfo.java:shutdownLeaderState(104)) - 327069ba-886f-4aa6-8546-b1f43ae7c0e4: shutdown LeaderState
2019-09-12 10:09:49,304 [607208f0-c8f5-40f1-9180-2e36f3e2d896:group-C49ED39CA722:LeaderElection51] INFO  server.RaftServerConfigKeys (ConfUtils.java:logGet(43)) - raft.server.staging.catchup.gap = 1000 (default)
2019-09-12 10:09:49,304 [main] INFO  impl.PendingRequests (PendingRequests.java:sendNotLeaderResponses(202)) - 327069ba-886f-4aa6-8546-b1f43ae7c0e4-PendingRequests: sendNotLeaderResponses
2019-09-12 10:09:49,305 [607208f0-c8f5-40f1-9180-2e36f3e2d896:group-C49ED39CA722:LeaderElection51] INFO  server.RaftServerConfigKeys (ConfUtils.java:logGet(43)) - raft.server.rpc.sleep.time = 25ms (default)
2019-09-12 10:09:49,305 [main] INFO  impl.StateMachineUpdater (StateMachineUpdater.java:stopAndJoin(115)) - StateMachineUpdater:327069ba-886f-4aa6-8546-b1f43ae7c0e4:group-B4E4E4548BE5: set stopIndex = 0
2019-09-12 10:09:49,305 [607208f0-c8f5-40f1-9180-2e36f3e2d896:group-C49ED39CA722:LeaderElection51] INFO  server.RaftServerConfigKeys (ConfUtils.java:logGet(43)) - raft.server.write.element-limit = 4096 (default)
2019-09-12 10:09:49,305 [main] INFO  impl.RaftServerImpl (ServerState.java:close(394)) - 327069ba-886f-4aa6-8546-b1f43ae7c0e4:group-B4E4E4548BE5 closes. The last applied log index is 0
2019-09-12 10:09:49,305 [607208f0-c8f5-40f1-9180-2e36f3e2d896:group-C49ED39CA722:LeaderElection51] INFO  server.RaftServerConfigKeys (ConfUtils.java:logGet(43)) - raft.server.watch.timeout = 10s (default)
2019-09-12 10:09:49,306 [327069ba-886f-4aa6-8546-b1f43ae7c0e4-SegmentedRaftLogWorker:Storage Directory /workdir/hadoop-ozone/integration-test/target/test-dir/MiniOzoneClusterImpl-78812344-8fab-4fd2-b9e8-17e484e4ebaf/datanode-1/data/ratis/c4b434d9-cac9-4857-8ab7-b4e4e4548be5] INFO  segmented.SegmentedRaftLogWorker (SegmentedRaftLogWorker.java:run(313)) - 327069ba-886f-4aa6-8546-b1f43ae7c0e4-SegmentedRaftLogWorker:Storage Directory /workdir/hadoop-ozone/integration-test/target/test-dir/MiniOzoneClusterImpl-78812344-8fab-4fd2-b9e8-17e484e4ebaf/datanode-1/data/ratis/c4b434d9-cac9-4857-8ab7-b4e4e4548be5 was interrupted, exiting. There are 0 tasks remaining in the queue.
2019-09-12 10:09:49,306 [607208f0-c8f5-40f1-9180-2e36f3e2d896:group-C49ED39CA722:LeaderElection51] INFO  server.RaftServerConfigKeys (ConfUtils.java:logGet(43)) - raft.server.watch.timeout.denomination = 1s (default)
2019-09-12 10:09:49,306 [607208f0-c8f5-40f1-9180-2e36f3e2d896:group-C49ED39CA722:LeaderElection51] INFO  server.RaftServerConfigKeys (ConfUtils.java:logGet(43)) - raft.server.watch.element-limit = 65536 (default)
2019-09-12 10:09:49,306 [main] INFO  segmented.SegmentedRaftLogWorker (SegmentedRaftLogWorker.java:close(228)) - 327069ba-886f-4aa6-8546-b1f43ae7c0e4-SegmentedRaftLogWorker:Storage Directory /workdir/hadoop-ozone/integration-test/target/test-dir/MiniOzoneClusterImpl-78812344-8fab-4fd2-b9e8-17e484e4ebaf/datanode-1/data/ratis/c4b434d9-cac9-4857-8ab7-b4e4e4548be5 close()
2019-09-12 10:09:49,306 [607208f0-c8f5-40f1-9180-2e36f3e2d896:group-C49ED39CA722:LeaderElection51] INFO  impl.RoleInfo (RoleInfo.java:updateAndGet(143)) - 607208f0-c8f5-40f1-9180-2e36f3e2d896: start LeaderState
2019-09-12 10:09:49,307 [main] INFO  impl.RaftServerImpl (RaftServerImpl.java:lambda$shutdown$3(245)) - 327069ba-886f-4aa6-8546-b1f43ae7c0e4: shutdown group-85C1D8A7743B
2019-09-12 10:09:49,307 [607208f0-c8f5-40f1-9180-2e36f3e2d896:group-C49ED39CA722:LeaderElection51] INFO  segmented.SegmentedRaftLogWorker (SegmentedRaftLogWorker.java:startLogSegment(380)) - 607208f0-c8f5-40f1-9180-2e36f3e2d896-SegmentedRaftLogWorker:Storage Directory /workdir/hadoop-ozone/integration-test/target/test-dir/MiniOzoneClusterImpl-78812344-8fab-4fd2-b9e8-17e484e4ebaf/datanode-2/data/ratis/f0d45c8a-90cc-422f-b9ce-c49ed39ca722: Starting segment from index:0
2019-09-12 10:09:49,307 [main] INFO  util.JmxRegister (JmxRegister.java:unregister(73)) - Successfully un-registered JMX Bean with object name Ratis:service=RaftServer,group=group-85C1D8A7743B,id=327069ba-886f-4aa6-8546-b1f43ae7c0e4
2019-09-12 10:09:49,308 [607208f0-c8f5-40f1-9180-2e36f3e2d896:group-C49ED39CA722:LeaderElection51] INFO  impl.RaftServerImpl (ServerState.java:setRaftConf(361)) - 607208f0-c8f5-40f1-9180-2e36f3e2d896:group-C49ED39CA722 set configuration 0: [607208f0-c8f5-40f1-9180-2e36f3e2d896:192.168.36.114:42135], old=null at 0
2019-09-12 10:09:49,307 [ForkJoinPool.commonPool-worker-1] INFO  segmented.SegmentedRaftLogWorker (SegmentedRaftLogWorker.java:close(228)) - b4fa19d3-07c4-4b3e-bf1c-08edd6479ca2-SegmentedRaftLogWorker:Storage Directory /workdir/hadoop-ozone/integration-test/target/test-dir/MiniOzoneClusterImpl-78812344-8fab-4fd2-b9e8-17e484e4ebaf/datanode-0/data/ratis/31b77c4c-bdc3-4bc1-9cdc-1e51110c5aae close()
2019-09-12 10:09:49,308 [main] INFO  impl.RoleInfo (RoleInfo.java:shutdownLeaderState(104)) - 327069ba-886f-4aa6-8546-b1f43ae7c0e4: shutdown LeaderState
2019-09-12 10:09:49,334 [ForkJoinPool.commonPool-worker-1] INFO  impl.RaftServerImpl (RaftServerImpl.java:lambda$shutdown$3(245)) - b4fa19d3-07c4-4b3e-bf1c-08edd6479ca2: shutdown group-A740E2F626F7
2019-09-12 10:09:49,334 [Thread-751] INFO  impl.FollowerState (FollowerState.java:run(106)) - 607208f0-c8f5-40f1-9180-2e36f3e2d896:group-645EE6E5449F changes to CANDIDATE, lastRpcTime:5146, electionTimeout:5130ms
2019-09-12 10:09:49,334 [ForkJoinPool.commonPool-worker-1] INFO  util.JmxRegister (JmxRegister.java:unregister(73)) - Successfully un-registered JMX Bean with object name Ratis:service=RaftServer,group=group-A740E2F626F7,id=b4fa19d3-07c4-4b3e-bf1c-08edd6479ca2
2019-09-12 10:09:49,335 [ForkJoinPool.commonPool-worker-1] INFO  impl.RoleInfo (RoleInfo.java:shutdownLeaderState(104)) - b4fa19d3-07c4-4b3e-bf1c-08edd6479ca2: shutdown LeaderState
2019-09-12 10:09:49,334 [main] INFO  impl.PendingRequests (PendingRequests.java:sendNotLeaderResponses(202)) - 327069ba-886f-4aa6-8546-b1f43ae7c0e4-PendingRequests: sendNotLeaderResponses
2019-09-12 10:09:49,335 [ForkJoinPool.commonPool-worker-1] INFO  impl.PendingRequests (PendingRequests.java:sendNotLeaderResponses(202)) - b4fa19d3-07c4-4b3e-bf1c-08edd6479ca2-PendingRequests: sendNotLeaderResponses
2019-09-12 10:09:49,334 [Thread-751] INFO  impl.RoleInfo (RoleInfo.java:shutdownFollowerState(121)) - 607208f0-c8f5-40f1-9180-2e36f3e2d896: shutdown FollowerState
2019-09-12 10:09:49,335 [main] INFO  impl.StateMachineUpdater (StateMachineUpdater.java:stopAndJoin(115)) - StateMachineUpdater:327069ba-886f-4aa6-8546-b1f43ae7c0e4:group-85C1D8A7743B: set stopIndex = -1
2019-09-12 10:09:49,335 [ForkJoinPool.commonPool-worker-1] INFO  impl.StateMachineUpdater (StateMachineUpdater.java:stopAndJoin(115)) - StateMachineUpdater:b4fa19d3-07c4-4b3e-bf1c-08edd6479ca2:group-A740E2F626F7: set stopIndex = 0
2019-09-12 10:09:49,335 [Thread-751] INFO  impl.RaftServerImpl (RaftServerImpl.java:setRole(171)) - 607208f0-c8f5-40f1-9180-2e36f3e2d896:group-645EE6E5449F changes role from FOLLOWER to CANDIDATE at term 0 for changeToCandidate
2019-09-12 10:09:49,336 [ForkJoinPool.commonPool-worker-1] INFO  impl.RaftServerImpl (ServerState.java:close(394)) - b4fa19d3-07c4-4b3e-bf1c-08edd6479ca2:group-A740E2F626F7 closes. The last applied log index is 0
2019-09-12 10:09:49,336 [main] INFO  impl.RaftServerImpl (ServerState.java:close(394)) - 327069ba-886f-4aa6-8546-b1f43ae7c0e4:group-85C1D8A7743B closes. The last applied log index is -1
2019-09-12 10:09:49,336 [b4fa19d3-07c4-4b3e-bf1c-08edd6479ca2-SegmentedRaftLogWorker:Storage Directory /workdir/hadoop-ozone/integration-test/target/test-dir/MiniOzoneClusterImpl-78812344-8fab-4fd2-b9e8-17e484e4ebaf/datanode-0/data/ratis/35621a00-6d97-4734-a0f6-a740e2f626f7] INFO  segmented.SegmentedRaftLogWorker (SegmentedRaftLogWorker.java:run(313)) - b4fa19d3-07c4-4b3e-bf1c-08edd6479ca2-SegmentedRaftLogWorker:Storage Directory /workdir/hadoop-ozone/integration-test/target/test-dir/MiniOzoneClusterImpl-78812344-8fab-4fd2-b9e8-17e484e4ebaf/datanode-0/data/ratis/35621a00-6d97-4734-a0f6-a740e2f626f7 was interrupted, exiting. There are 0 tasks remaining in the queue.
2019-09-12 10:09:49,336 [Thread-751] INFO  impl.RoleInfo (RoleInfo.java:updateAndGet(143)) - 607208f0-c8f5-40f1-9180-2e36f3e2d896: start LeaderElection
2019-09-12 10:09:49,337 [ForkJoinPool.commonPool-worker-1] INFO  segmented.SegmentedRaftLogWorker (SegmentedRaftLogWorker.java:close(228)) - b4fa19d3-07c4-4b3e-bf1c-08edd6479ca2-SegmentedRaftLogWorker:Storage Directory /workdir/hadoop-ozone/integration-test/target/test-dir/MiniOzoneClusterImpl-78812344-8fab-4fd2-b9e8-17e484e4ebaf/datanode-0/data/ratis/35621a00-6d97-4734-a0f6-a740e2f626f7 close()
2019-09-12 10:09:49,339 [ForkJoinPool.commonPool-worker-1] INFO  impl.RaftServerImpl (RaftServerImpl.java:lambda$shutdown$3(245)) - b4fa19d3-07c4-4b3e-bf1c-08edd6479ca2: shutdown group-846A8403C02A
2019-09-12 10:09:49,339 [ForkJoinPool.commonPool-worker-1] INFO  util.JmxRegister (JmxRegister.java:unregister(73)) - Successfully un-registered JMX Bean with object name Ratis:service=RaftServer,group=group-846A8403C02A,id=b4fa19d3-07c4-4b3e-bf1c-08edd6479ca2
2019-09-12 10:09:49,339 [ForkJoinPool.commonPool-worker-1] INFO  impl.RoleInfo (RoleInfo.java:shutdownLeaderState(104)) - b4fa19d3-07c4-4b3e-bf1c-08edd6479ca2: shutdown LeaderState
2019-09-12 10:09:49,339 [ForkJoinPool.commonPool-worker-1] INFO  impl.PendingRequests (PendingRequests.java:sendNotLeaderResponses(202)) - b4fa19d3-07c4-4b3e-bf1c-08edd6479ca2-PendingRequests: sendNotLeaderResponses
2019-09-12 10:09:49,339 [ForkJoinPool.commonPool-worker-1] INFO  impl.StateMachineUpdater (StateMachineUpdater.java:stopAndJoin(115)) - StateMachineUpdater:b4fa19d3-07c4-4b3e-bf1c-08edd6479ca2:group-846A8403C02A: set stopIndex = 0
2019-09-12 10:09:49,340 [ForkJoinPool.commonPool-worker-1] INFO  impl.RaftServerImpl (ServerState.java:close(394)) - b4fa19d3-07c4-4b3e-bf1c-08edd6479ca2:group-846A8403C02A closes. The last applied log index is 0
2019-09-12 10:09:49,340 [b4fa19d3-07c4-4b3e-bf1c-08edd6479ca2-SegmentedRaftLogWorker:Storage Directory /workdir/hadoop-ozone/integration-test/target/test-dir/MiniOzoneClusterImpl-78812344-8fab-4fd2-b9e8-17e484e4ebaf/datanode-0/data/ratis/cf5c5953-4bbc-4702-aeb2-846a8403c02a] INFO  segmented.SegmentedRaftLogWorker (SegmentedRaftLogWorker.java:run(313)) - b4fa19d3-07c4-4b3e-bf1c-08edd6479ca2-SegmentedRaftLogWorker:Storage Directory /workdir/hadoop-ozone/integration-test/target/test-dir/MiniOzoneClusterImpl-78812344-8fab-4fd2-b9e8-17e484e4ebaf/datanode-0/data/ratis/cf5c5953-4bbc-4702-aeb2-846a8403c02a was interrupted, exiting. There are 0 tasks remaining in the queue.
2019-09-12 10:09:49,340 [ForkJoinPool.commonPool-worker-1] INFO  segmented.SegmentedRaftLogWorker (SegmentedRaftLogWorker.java:close(228)) - b4fa19d3-07c4-4b3e-bf1c-08edd6479ca2-SegmentedRaftLogWorker:Storage Directory /workdir/hadoop-ozone/integration-test/target/test-dir/MiniOzoneClusterImpl-78812344-8fab-4fd2-b9e8-17e484e4ebaf/datanode-0/data/ratis/cf5c5953-4bbc-4702-aeb2-846a8403c02a close()
2019-09-12 10:09:49,341 [ForkJoinPool.commonPool-worker-1] INFO  impl.RaftServerImpl (RaftServerImpl.java:lambda$shutdown$3(245)) - b4fa19d3-07c4-4b3e-bf1c-08edd6479ca2: shutdown group-AAB3D3FAE1DA
2019-09-12 10:09:49,341 [ForkJoinPool.commonPool-worker-1] INFO  util.JmxRegister (JmxRegister.java:unregister(73)) - Successfully un-registered JMX Bean with object name Ratis:service=RaftServer,group=group-AAB3D3FAE1DA,id=b4fa19d3-07c4-4b3e-bf1c-08edd6479ca2
2019-09-12 10:09:49,341 [ForkJoinPool.commonPool-worker-1] INFO  impl.RoleInfo (RoleInfo.java:shutdownLeaderState(104)) - b4fa19d3-07c4-4b3e-bf1c-08edd6479ca2: shutdown LeaderState
2019-09-12 10:09:49,342 [ForkJoinPool.commonPool-worker-1] INFO  impl.PendingRequests (PendingRequests.java:sendNotLeaderResponses(202)) - b4fa19d3-07c4-4b3e-bf1c-08edd6479ca2-PendingRequests: sendNotLeaderResponses
2019-09-12 10:09:49,342 [ForkJoinPool.commonPool-worker-1] INFO  impl.StateMachineUpdater (StateMachineUpdater.java:stopAndJoin(115)) - StateMachineUpdater:b4fa19d3-07c4-4b3e-bf1c-08edd6479ca2:group-AAB3D3FAE1DA: set stopIndex = -1
2019-09-12 10:09:49,342 [ForkJoinPool.commonPool-worker-1] INFO  impl.RaftServerImpl (ServerState.java:close(394)) - b4fa19d3-07c4-4b3e-bf1c-08edd6479ca2:group-AAB3D3FAE1DA closes. The last applied log index is -1
2019-09-12 10:09:49,354 [327069ba-886f-4aa6-8546-b1f43ae7c0e4-SegmentedRaftLogWorker:Storage Directory /workdir/hadoop-ozone/integration-test/target/test-dir/MiniOzoneClusterImpl-78812344-8fab-4fd2-b9e8-17e484e4ebaf/datanode-1/data/ratis/a62495cb-5b3c-4f38-aa0c-85c1d8a7743b] INFO  segmented.SegmentedRaftLogWorker (SegmentedRaftLogWorker.java:run(320)) - 327069ba-886f-4aa6-8546-b1f43ae7c0e4-SegmentedRaftLogWorker:Storage Directory /workdir/hadoop-ozone/integration-test/target/test-dir/MiniOzoneClusterImpl-78812344-8fab-4fd2-b9e8-17e484e4ebaf/datanode-1/data/ratis/a62495cb-5b3c-4f38-aa0c-85c1d8a7743b got closed and hit exception
java.lang.NullPointerException
	at org.apache.hadoop.hdds.protocol.proto.StorageContainerDatanodeProtocolProtos$ClosePipelineInfo$Builder.setDetailedReason(StorageContainerDatanodeProtocolProtos.java:19487)
	at org.apache.hadoop.ozone.container.common.transport.server.ratis.XceiverServerRatis.triggerPipelineClose(XceiverServerRatis.java:550)
	at org.apache.hadoop.ozone.container.common.transport.server.ratis.XceiverServerRatis.handleNodeLogFailure(XceiverServerRatis.java:654)
	at org.apache.hadoop.ozone.container.common.transport.server.ratis.ContainerStateMachine.notifyLogFailed(ContainerStateMachine.java:772)
	at org.apache.ratis.server.raftlog.segmented.SegmentedRaftLogWorker$WriteLog.failed(SegmentedRaftLogWorker.java:455)
	at org.apache.ratis.server.raftlog.segmented.SegmentedRaftLogWorker.run(SegmentedRaftLogWorker.java:297)
	at java.lang.Thread.run(Thread.java:748)
2019-09-12 10:09:49,354 [b4fa19d3-07c4-4b3e-bf1c-08edd6479ca2-SegmentedRaftLogWorker:Storage Directory /workdir/hadoop-ozone/integration-test/target/test-dir/MiniOzoneClusterImpl-78812344-8fab-4fd2-b9e8-17e484e4ebaf/datanode-0/data/ratis/fbe7a16c-08be-419a-92bd-aab3d3fae1da] INFO  segmented.SegmentedRaftLogWorker (SegmentedRaftLogWorker.java:run(320)) - b4fa19d3-07c4-4b3e-bf1c-08edd6479ca2-SegmentedRaftLogWorker:Storage Directory /workdir/hadoop-ozone/integration-test/target/test-dir/MiniOzoneClusterImpl-78812344-8fab-4fd2-b9e8-17e484e4ebaf/datanode-0/data/ratis/fbe7a16c-08be-419a-92bd-aab3d3fae1da got closed and hit exception
java.lang.NullPointerException
	at org.apache.hadoop.hdds.protocol.proto.StorageContainerDatanodeProtocolProtos$ClosePipelineInfo$Builder.setDetailedReason(StorageContainerDatanodeProtocolProtos.java:19487)
	at org.apache.hadoop.ozone.container.common.transport.server.ratis.XceiverServerRatis.triggerPipelineClose(XceiverServerRatis.java:550)
	at org.apache.hadoop.ozone.container.common.transport.server.ratis.XceiverServerRatis.handleNodeLogFailure(XceiverServerRatis.java:654)
	at org.apache.hadoop.ozone.container.common.transport.server.ratis.ContainerStateMachine.notifyLogFailed(ContainerStateMachine.java:772)
	at org.apache.ratis.server.raftlog.segmented.SegmentedRaftLogWorker$WriteLog.failed(SegmentedRaftLogWorker.java:455)
	at org.apache.ratis.server.raftlog.segmented.SegmentedRaftLogWorker.run(SegmentedRaftLogWorker.java:297)
	at java.lang.Thread.run(Thread.java:748)
2019-09-12 10:09:49,355 [main] INFO  segmented.SegmentedRaftLogWorker (SegmentedRaftLogWorker.java:close(228)) - 327069ba-886f-4aa6-8546-b1f43ae7c0e4-SegmentedRaftLogWorker:Storage Directory /workdir/hadoop-ozone/integration-test/target/test-dir/MiniOzoneClusterImpl-78812344-8fab-4fd2-b9e8-17e484e4ebaf/datanode-1/data/ratis/a62495cb-5b3c-4f38-aa0c-85c1d8a7743b close()
2019-09-12 10:09:49,355 [ForkJoinPool.commonPool-worker-1] INFO  segmented.SegmentedRaftLogWorker (SegmentedRaftLogWorker.java:close(228)) - b4fa19d3-07c4-4b3e-bf1c-08edd6479ca2-SegmentedRaftLogWorker:Storage Directory /workdir/hadoop-ozone/integration-test/target/test-dir/MiniOzoneClusterImpl-78812344-8fab-4fd2-b9e8-17e484e4ebaf/datanode-0/data/ratis/fbe7a16c-08be-419a-92bd-aab3d3fae1da close()
2019-09-12 10:09:49,356 [main] INFO  impl.RaftServerImpl (RaftServerImpl.java:lambda$shutdown$3(245)) - 327069ba-886f-4aa6-8546-b1f43ae7c0e4: shutdown group-AFB4A7419145
2019-09-12 10:09:49,357 [ForkJoinPool.commonPool-worker-1] INFO  impl.RaftServerImpl (RaftServerImpl.java:lambda$shutdown$3(245)) - b4fa19d3-07c4-4b3e-bf1c-08edd6479ca2: shutdown group-AF14E6DDC896
2019-09-12 10:09:49,357 [main] INFO  util.JmxRegister (JmxRegister.java:unregister(73)) - Successfully un-registered JMX Bean with object name Ratis:service=RaftServer,group=group-AFB4A7419145,id=327069ba-886f-4aa6-8546-b1f43ae7c0e4
2019-09-12 10:09:49,358 [ForkJoinPool.commonPool-worker-1] INFO  util.JmxRegister (JmxRegister.java:unregister(73)) - Successfully un-registered JMX Bean with object name Ratis:service=RaftServer,group=group-AF14E6DDC896,id=b4fa19d3-07c4-4b3e-bf1c-08edd6479ca2
2019-09-12 10:09:49,358 [main] INFO  impl.RoleInfo (RoleInfo.java:shutdownLeaderState(104)) - 327069ba-886f-4aa6-8546-b1f43ae7c0e4: shutdown LeaderState
2019-09-12 10:09:49,358 [ForkJoinPool.commonPool-worker-1] INFO  impl.RoleInfo (RoleInfo.java:shutdownLeaderState(104)) - b4fa19d3-07c4-4b3e-bf1c-08edd6479ca2: shutdown LeaderState
2019-09-12 10:09:49,358 [main] INFO  impl.PendingRequests (PendingRequests.java:sendNotLeaderResponses(202)) - 327069ba-886f-4aa6-8546-b1f43ae7c0e4-PendingRequests: sendNotLeaderResponses
2019-09-12 10:09:49,359 [ForkJoinPool.commonPool-worker-1] INFO  impl.PendingRequests (PendingRequests.java:sendNotLeaderResponses(202)) - b4fa19d3-07c4-4b3e-bf1c-08edd6479ca2-PendingRequests: sendNotLeaderResponses
2019-09-12 10:09:49,359 [main] INFO  impl.StateMachineUpdater (StateMachineUpdater.java:stopAndJoin(115)) - StateMachineUpdater:327069ba-886f-4aa6-8546-b1f43ae7c0e4:group-AFB4A7419145: set stopIndex = 0
2019-09-12 10:09:49,359 [ForkJoinPool.commonPool-worker-1] INFO  impl.StateMachineUpdater (StateMachineUpdater.java:stopAndJoin(115)) - StateMachineUpdater:b4fa19d3-07c4-4b3e-bf1c-08edd6479ca2:group-AF14E6DDC896: set stopIndex = 0
2019-09-12 10:09:49,359 [main] INFO  impl.RaftServerImpl (ServerState.java:close(394)) - 327069ba-886f-4aa6-8546-b1f43ae7c0e4:group-AFB4A7419145 closes. The last applied log index is 0
2019-09-12 10:09:49,360 [ForkJoinPool.commonPool-worker-1] INFO  impl.RaftServerImpl (ServerState.java:close(394)) - b4fa19d3-07c4-4b3e-bf1c-08edd6479ca2:group-AF14E6DDC896 closes. The last applied log index is 0
2019-09-12 10:09:49,360 [327069ba-886f-4aa6-8546-b1f43ae7c0e4-SegmentedRaftLogWorker:Storage Directory /workdir/hadoop-ozone/integration-test/target/test-dir/MiniOzoneClusterImpl-78812344-8fab-4fd2-b9e8-17e484e4ebaf/datanode-1/data/ratis/49969652-8640-42c2-b5ea-afb4a7419145] INFO  segmented.SegmentedRaftLogWorker (SegmentedRaftLogWorker.java:run(313)) - 327069ba-886f-4aa6-8546-b1f43ae7c0e4-SegmentedRaftLogWorker:Storage Directory /workdir/hadoop-ozone/integration-test/target/test-dir/MiniOzoneClusterImpl-78812344-8fab-4fd2-b9e8-17e484e4ebaf/datanode-1/data/ratis/49969652-8640-42c2-b5ea-afb4a7419145 was interrupted, exiting. There are 0 tasks remaining in the queue.
2019-09-12 10:09:49,360 [b4fa19d3-07c4-4b3e-bf1c-08edd6479ca2-SegmentedRaftLogWorker:Storage Directory /workdir/hadoop-ozone/integration-test/target/test-dir/MiniOzoneClusterImpl-78812344-8fab-4fd2-b9e8-17e484e4ebaf/datanode-0/data/ratis/469c6576-8a9d-4084-83e7-af14e6ddc896] INFO  segmented.SegmentedRaftLogWorker (SegmentedRaftLogWorker.java:run(313)) - b4fa19d3-07c4-4b3e-bf1c-08edd6479ca2-SegmentedRaftLogWorker:Storage Directory /workdir/hadoop-ozone/integration-test/target/test-dir/MiniOzoneClusterImpl-78812344-8fab-4fd2-b9e8-17e484e4ebaf/datanode-0/data/ratis/469c6576-8a9d-4084-83e7-af14e6ddc896 was interrupted, exiting. There are 0 tasks remaining in the queue.
2019-09-12 10:09:49,388 [main] INFO  segmented.SegmentedRaftLogWorker (SegmentedRaftLogWorker.java:close(228)) - 327069ba-886f-4aa6-8546-b1f43ae7c0e4-SegmentedRaftLogWorker:Storage Directory /workdir/hadoop-ozone/integration-test/target/test-dir/MiniOzoneClusterImpl-78812344-8fab-4fd2-b9e8-17e484e4ebaf/datanode-1/data/ratis/49969652-8640-42c2-b5ea-afb4a7419145 close()
2019-09-12 10:09:49,388 [ForkJoinPool.commonPool-worker-1] INFO  segmented.SegmentedRaftLogWorker (SegmentedRaftLogWorker.java:close(228)) - b4fa19d3-07c4-4b3e-bf1c-08edd6479ca2-SegmentedRaftLogWorker:Storage Directory /workdir/hadoop-ozone/integration-test/target/test-dir/MiniOzoneClusterImpl-78812344-8fab-4fd2-b9e8-17e484e4ebaf/datanode-0/data/ratis/469c6576-8a9d-4084-83e7-af14e6ddc896 close()
2019-09-12 10:09:49,389 [main] INFO  impl.RaftServerImpl (RaftServerImpl.java:lambda$shutdown$3(245)) - 327069ba-886f-4aa6-8546-b1f43ae7c0e4: shutdown group-A17A10B5B38A
2019-09-12 10:09:49,390 [ForkJoinPool.commonPool-worker-1] INFO  impl.RaftServerImpl (RaftServerImpl.java:lambda$shutdown$3(245)) - b4fa19d3-07c4-4b3e-bf1c-08edd6479ca2: shutdown group-641F35863280
2019-09-12 10:09:49,390 [main] INFO  util.JmxRegister (JmxRegister.java:unregister(73)) - Successfully un-registered JMX Bean with object name Ratis:service=RaftServer,group=group-A17A10B5B38A,id=327069ba-886f-4aa6-8546-b1f43ae7c0e4
2019-09-12 10:09:49,390 [ForkJoinPool.commonPool-worker-1] INFO  util.JmxRegister (JmxRegister.java:unregister(73)) - Successfully un-registered JMX Bean with object name Ratis:service=RaftServer,group=group-641F35863280,id=b4fa19d3-07c4-4b3e-bf1c-08edd6479ca2
2019-09-12 10:09:49,391 [main] INFO  impl.RoleInfo (RoleInfo.java:shutdownLeaderState(104)) - 327069ba-886f-4aa6-8546-b1f43ae7c0e4: shutdown LeaderState
2019-09-12 10:09:49,391 [ForkJoinPool.commonPool-worker-1] INFO  impl.RoleInfo (RoleInfo.java:shutdownLeaderState(104)) - b4fa19d3-07c4-4b3e-bf1c-08edd6479ca2: shutdown LeaderState
2019-09-12 10:09:49,391 [main] INFO  impl.PendingRequests (PendingRequests.java:sendNotLeaderResponses(202)) - 327069ba-886f-4aa6-8546-b1f43ae7c0e4-PendingRequests: sendNotLeaderResponses
2019-09-12 10:09:49,391 [ForkJoinPool.commonPool-worker-1] INFO  impl.PendingRequests (PendingRequests.java:sendNotLeaderResponses(202)) - b4fa19d3-07c4-4b3e-bf1c-08edd6479ca2-PendingRequests: sendNotLeaderResponses
2019-09-12 10:09:49,391 [main] INFO  impl.StateMachineUpdater (StateMachineUpdater.java:stopAndJoin(115)) - StateMachineUpdater:327069ba-886f-4aa6-8546-b1f43ae7c0e4:group-A17A10B5B38A: set stopIndex = 0
2019-09-12 10:09:49,392 [ForkJoinPool.commonPool-worker-1] INFO  impl.StateMachineUpdater (StateMachineUpdater.java:stopAndJoin(115)) - StateMachineUpdater:b4fa19d3-07c4-4b3e-bf1c-08edd6479ca2:group-641F35863280: set stopIndex = 0
2019-09-12 10:09:49,392 [main] INFO  impl.RaftServerImpl (ServerState.java:close(394)) - 327069ba-886f-4aa6-8546-b1f43ae7c0e4:group-A17A10B5B38A closes. The last applied log index is 0
2019-09-12 10:09:49,392 [ForkJoinPool.commonPool-worker-1] INFO  impl.RaftServerImpl (ServerState.java:close(394)) - b4fa19d3-07c4-4b3e-bf1c-08edd6479ca2:group-641F35863280 closes. The last applied log index is 0
2019-09-12 10:09:49,392 [327069ba-886f-4aa6-8546-b1f43ae7c0e4-SegmentedRaftLogWorker:Storage Directory /workdir/hadoop-ozone/integration-test/target/test-dir/MiniOzoneClusterImpl-78812344-8fab-4fd2-b9e8-17e484e4ebaf/datanode-1/data/ratis/45ded13f-5eed-471a-ae2d-a17a10b5b38a] INFO  segmented.SegmentedRaftLogWorker (SegmentedRaftLogWorker.java:run(313)) - 327069ba-886f-4aa6-8546-b1f43ae7c0e4-SegmentedRaftLogWorker:Storage Directory /workdir/hadoop-ozone/integration-test/target/test-dir/MiniOzoneClusterImpl-78812344-8fab-4fd2-b9e8-17e484e4ebaf/datanode-1/data/ratis/45ded13f-5eed-471a-ae2d-a17a10b5b38a was interrupted, exiting. There are 0 tasks remaining in the queue.
2019-09-12 10:09:49,393 [b4fa19d3-07c4-4b3e-bf1c-08edd6479ca2-SegmentedRaftLogWorker:Storage Directory /workdir/hadoop-ozone/integration-test/target/test-dir/MiniOzoneClusterImpl-78812344-8fab-4fd2-b9e8-17e484e4ebaf/datanode-0/data/ratis/f7909b76-4bcd-4562-9f7d-641f35863280] INFO  segmented.SegmentedRaftLogWorker (SegmentedRaftLogWorker.java:run(313)) - b4fa19d3-07c4-4b3e-bf1c-08edd6479ca2-SegmentedRaftLogWorker:Storage Directory /workdir/hadoop-ozone/integration-test/target/test-dir/MiniOzoneClusterImpl-78812344-8fab-4fd2-b9e8-17e484e4ebaf/datanode-0/data/ratis/f7909b76-4bcd-4562-9f7d-641f35863280 was interrupted, exiting. There are 0 tasks remaining in the queue.
2019-09-12 10:09:49,393 [main] INFO  segmented.SegmentedRaftLogWorker (SegmentedRaftLogWorker.java:close(228)) - 327069ba-886f-4aa6-8546-b1f43ae7c0e4-SegmentedRaftLogWorker:Storage Directory /workdir/hadoop-ozone/integration-test/target/test-dir/MiniOzoneClusterImpl-78812344-8fab-4fd2-b9e8-17e484e4ebaf/datanode-1/data/ratis/45ded13f-5eed-471a-ae2d-a17a10b5b38a close()
2019-09-12 10:09:49,393 [ForkJoinPool.commonPool-worker-1] INFO  segmented.SegmentedRaftLogWorker (SegmentedRaftLogWorker.java:close(228)) - b4fa19d3-07c4-4b3e-bf1c-08edd6479ca2-SegmentedRaftLogWorker:Storage Directory /workdir/hadoop-ozone/integration-test/target/test-dir/MiniOzoneClusterImpl-78812344-8fab-4fd2-b9e8-17e484e4ebaf/datanode-0/data/ratis/f7909b76-4bcd-4562-9f7d-641f35863280 close()
2019-09-12 10:09:49,394 [main] INFO  impl.RaftServerImpl (RaftServerImpl.java:lambda$shutdown$3(245)) - 327069ba-886f-4aa6-8546-b1f43ae7c0e4: shutdown group-28A177CBF49B
2019-09-12 10:09:49,395 [ForkJoinPool.commonPool-worker-1] INFO  server.GrpcService (GrpcService.java:closeImpl(155)) - b4fa19d3-07c4-4b3e-bf1c-08edd6479ca2: shutdown server with port 40911 now
2019-09-12 10:09:49,395 [main] INFO  util.JmxRegister (JmxRegister.java:unregister(73)) - Successfully un-registered JMX Bean with object name Ratis:service=RaftServer,group=group-28A177CBF49B,id=327069ba-886f-4aa6-8546-b1f43ae7c0e4
2019-09-12 10:09:49,397 [main] INFO  impl.RoleInfo (RoleInfo.java:shutdownLeaderState(104)) - 327069ba-886f-4aa6-8546-b1f43ae7c0e4: shutdown LeaderState
2019-09-12 10:09:49,397 [ForkJoinPool.commonPool-worker-1] INFO  server.GrpcService (GrpcService.java:closeImpl(163)) - b4fa19d3-07c4-4b3e-bf1c-08edd6479ca2: shutdown server with port 40911 successfully
2019-09-12 10:09:49,397 [main] INFO  impl.PendingRequests (PendingRequests.java:sendNotLeaderResponses(202)) - 327069ba-886f-4aa6-8546-b1f43ae7c0e4-PendingRequests: sendNotLeaderResponses
2019-09-12 10:09:49,397 [main] INFO  impl.StateMachineUpdater (StateMachineUpdater.java:stopAndJoin(115)) - StateMachineUpdater:327069ba-886f-4aa6-8546-b1f43ae7c0e4:group-28A177CBF49B: set stopIndex = 0
2019-09-12 10:09:49,398 [main] INFO  impl.RaftServerImpl (ServerState.java:close(394)) - 327069ba-886f-4aa6-8546-b1f43ae7c0e4:group-28A177CBF49B closes. The last applied log index is 0
2019-09-12 10:09:49,398 [ForkJoinPool.commonPool-worker-1] INFO  utils.BackgroundService (BackgroundService.java:shutdown(148)) - Shutting down service BlockDeletingService
2019-09-12 10:09:49,398 [327069ba-886f-4aa6-8546-b1f43ae7c0e4-SegmentedRaftLogWorker:Storage Directory /workdir/hadoop-ozone/integration-test/target/test-dir/MiniOzoneClusterImpl-78812344-8fab-4fd2-b9e8-17e484e4ebaf/datanode-1/data/ratis/e9b3ffd6-b337-458e-b952-28a177cbf49b] INFO  segmented.SegmentedRaftLogWorker (SegmentedRaftLogWorker.java:run(313)) - 327069ba-886f-4aa6-8546-b1f43ae7c0e4-SegmentedRaftLogWorker:Storage Directory /workdir/hadoop-ozone/integration-test/target/test-dir/MiniOzoneClusterImpl-78812344-8fab-4fd2-b9e8-17e484e4ebaf/datanode-1/data/ratis/e9b3ffd6-b337-458e-b952-28a177cbf49b was interrupted, exiting. There are 0 tasks remaining in the queue.
2019-09-12 10:09:49,398 [main] INFO  segmented.SegmentedRaftLogWorker (SegmentedRaftLogWorker.java:close(228)) - 327069ba-886f-4aa6-8546-b1f43ae7c0e4-SegmentedRaftLogWorker:Storage Directory /workdir/hadoop-ozone/integration-test/target/test-dir/MiniOzoneClusterImpl-78812344-8fab-4fd2-b9e8-17e484e4ebaf/datanode-1/data/ratis/e9b3ffd6-b337-458e-b952-28a177cbf49b close()
2019-09-12 10:09:49,400 [main] INFO  server.GrpcService (GrpcService.java:closeImpl(155)) - 327069ba-886f-4aa6-8546-b1f43ae7c0e4: shutdown server with port 34487 now
2019-09-12 10:09:49,401 [refreshUsed-/workdir/hadoop-ozone/integration-test/target/test-dir/MiniOzoneClusterImpl-78812344-8fab-4fd2-b9e8-17e484e4ebaf/datanode-0/data/containers] WARN  fs.CachingGetSpaceUsed (CachingGetSpaceUsed.java:run(183)) - Thread Interrupted waiting to refresh disk information: sleep interrupted
2019-09-12 10:09:49,401 [main] INFO  server.GrpcService (GrpcService.java:closeImpl(163)) - 327069ba-886f-4aa6-8546-b1f43ae7c0e4: shutdown server with port 34487 successfully
2019-09-12 10:09:49,402 [main] INFO  utils.BackgroundService (BackgroundService.java:shutdown(148)) - Shutting down service BlockDeletingService
2019-09-12 10:09:49,406 [refreshUsed-/workdir/hadoop-ozone/integration-test/target/test-dir/MiniOzoneClusterImpl-78812344-8fab-4fd2-b9e8-17e484e4ebaf/datanode-1/data/containers] WARN  fs.CachingGetSpaceUsed (CachingGetSpaceUsed.java:run(183)) - Thread Interrupted waiting to refresh disk information: sleep interrupted
2019-09-12 10:09:49,407 [607208f0-c8f5-40f1-9180-2e36f3e2d896-SegmentedRaftLogWorker:Storage Directory /workdir/hadoop-ozone/integration-test/target/test-dir/MiniOzoneClusterImpl-78812344-8fab-4fd2-b9e8-17e484e4ebaf/datanode-2/data/ratis/f0d45c8a-90cc-422f-b9ce-c49ed39ca722] INFO  segmented.SegmentedRaftLogWorker (SegmentedRaftLogWorker.java:execute(569)) - 607208f0-c8f5-40f1-9180-2e36f3e2d896-SegmentedRaftLogWorker:Storage Directory /workdir/hadoop-ozone/integration-test/target/test-dir/MiniOzoneClusterImpl-78812344-8fab-4fd2-b9e8-17e484e4ebaf/datanode-2/data/ratis/f0d45c8a-90cc-422f-b9ce-c49ed39ca722: created new log segment /workdir/hadoop-ozone/integration-test/target/test-dir/MiniOzoneClusterImpl-78812344-8fab-4fd2-b9e8-17e484e4ebaf/datanode-2/data/ratis/f0d45c8a-90cc-422f-b9ce-c49ed39ca722/current/log_inprogress_0
2019-09-12 10:09:49,406 [607208f0-c8f5-40f1-9180-2e36f3e2d896:group-645EE6E5449F:LeaderElection52] INFO  impl.LeaderElection (LeaderElection.java:askForVotes(181)) - 607208f0-c8f5-40f1-9180-2e36f3e2d896:group-645EE6E5449F:LeaderElection52: begin an election at term 1 for -1: [607208f0-c8f5-40f1-9180-2e36f3e2d896:192.168.36.114:42135], old=null
2019-09-12 10:09:49,407 [607208f0-c8f5-40f1-9180-2e36f3e2d896:group-645EE6E5449F:LeaderElection52] INFO  impl.RoleInfo (RoleInfo.java:shutdownLeaderElection(134)) - 607208f0-c8f5-40f1-9180-2e36f3e2d896: shutdown LeaderElection
2019-09-12 10:09:49,407 [607208f0-c8f5-40f1-9180-2e36f3e2d896:group-645EE6E5449F:LeaderElection52] INFO  impl.RaftServerImpl (RaftServerImpl.java:setRole(171)) - 607208f0-c8f5-40f1-9180-2e36f3e2d896:group-645EE6E5449F changes role from CANDIDATE to LEADER at term 1 for changeToLeader
2019-09-12 10:09:49,408 [607208f0-c8f5-40f1-9180-2e36f3e2d896:group-645EE6E5449F:LeaderElection52] INFO  impl.RaftServerImpl (ServerState.java:setLeader(263)) - 607208f0-c8f5-40f1-9180-2e36f3e2d896:group-645EE6E5449F change Leader from null to 607208f0-c8f5-40f1-9180-2e36f3e2d896 at term 1 for becomeLeader, leader elected after 5222ms
2019-09-12 10:09:49,408 [607208f0-c8f5-40f1-9180-2e36f3e2d896:group-645EE6E5449F:LeaderElection52] INFO  server.RaftServerConfigKeys (ConfUtils.java:logGet(43)) - raft.server.staging.catchup.gap = 1000 (default)
2019-09-12 10:09:49,408 [607208f0-c8f5-40f1-9180-2e36f3e2d896:group-645EE6E5449F:LeaderElection52] INFO  server.RaftServerConfigKeys (ConfUtils.java:logGet(43)) - raft.server.rpc.sleep.time = 25ms (default)
2019-09-12 10:09:49,408 [607208f0-c8f5-40f1-9180-2e36f3e2d896:group-645EE6E5449F:LeaderElection52] INFO  server.RaftServerConfigKeys (ConfUtils.java:logGet(43)) - raft.server.write.element-limit = 4096 (default)
2019-09-12 10:09:49,408 [607208f0-c8f5-40f1-9180-2e36f3e2d896:group-645EE6E5449F:LeaderElection52] INFO  server.RaftServerConfigKeys (ConfUtils.java:logGet(43)) - raft.server.watch.timeout = 10s (default)
2019-09-12 10:09:49,408 [607208f0-c8f5-40f1-9180-2e36f3e2d896:group-645EE6E5449F:LeaderElection52] INFO  server.RaftServerConfigKeys (ConfUtils.java:logGet(43)) - raft.server.watch.timeout.denomination = 1s (default)
2019-09-12 10:09:49,408 [607208f0-c8f5-40f1-9180-2e36f3e2d896:group-645EE6E5449F:LeaderElection52] INFO  server.RaftServerConfigKeys (ConfUtils.java:logGet(43)) - raft.server.watch.element-limit = 65536 (default)
2019-09-12 10:09:49,409 [607208f0-c8f5-40f1-9180-2e36f3e2d896:group-645EE6E5449F:LeaderElection52] INFO  impl.RoleInfo (RoleInfo.java:updateAndGet(143)) - 607208f0-c8f5-40f1-9180-2e36f3e2d896: start LeaderState
2019-09-12 10:09:49,409 [607208f0-c8f5-40f1-9180-2e36f3e2d896:group-645EE6E5449F:LeaderElection52] INFO  segmented.SegmentedRaftLogWorker (SegmentedRaftLogWorker.java:startLogSegment(380)) - 607208f0-c8f5-40f1-9180-2e36f3e2d896-SegmentedRaftLogWorker:Storage Directory /workdir/hadoop-ozone/integration-test/target/test-dir/MiniOzoneClusterImpl-78812344-8fab-4fd2-b9e8-17e484e4ebaf/datanode-2/data/ratis/093e97d5-615d-40ce-b9eb-645ee6e5449f: Starting segment from index:0
2019-09-12 10:09:49,409 [607208f0-c8f5-40f1-9180-2e36f3e2d896:group-645EE6E5449F:LeaderElection52] INFO  impl.RaftServerImpl (ServerState.java:setRaftConf(361)) - 607208f0-c8f5-40f1-9180-2e36f3e2d896:group-645EE6E5449F set configuration 0: [607208f0-c8f5-40f1-9180-2e36f3e2d896:192.168.36.114:42135], old=null at 0
2019-09-12 10:09:49,410 [Thread-754] INFO  impl.FollowerState (FollowerState.java:run(106)) - 607208f0-c8f5-40f1-9180-2e36f3e2d896:group-AEBAED986034 changes to CANDIDATE, lastRpcTime:5181, electionTimeout:5181ms
2019-09-12 10:09:49,410 [Thread-754] INFO  impl.RoleInfo (RoleInfo.java:shutdownFollowerState(121)) - 607208f0-c8f5-40f1-9180-2e36f3e2d896: shutdown FollowerState
2019-09-12 10:09:49,410 [Thread-754] INFO  impl.RaftServerImpl (RaftServerImpl.java:setRole(171)) - 607208f0-c8f5-40f1-9180-2e36f3e2d896:group-AEBAED986034 changes role from FOLLOWER to CANDIDATE at term 0 for changeToCandidate
2019-09-12 10:09:49,410 [Thread-754] INFO  impl.RoleInfo (RoleInfo.java:updateAndGet(143)) - 607208f0-c8f5-40f1-9180-2e36f3e2d896: start LeaderElection
2019-09-12 10:09:49,443 [ForkJoinPool.commonPool-worker-1] INFO  statemachine.DatanodeStateMachine (DatanodeStateMachine.java:stopDaemon(395)) - Ozone container server stopped.
2019-09-12 10:09:49,444 [main] INFO  statemachine.DatanodeStateMachine (DatanodeStateMachine.java:stopDaemon(395)) - Ozone container server stopped.
2019-09-12 10:09:49,447 [main] INFO  handler.ContextHandler (ContextHandler.java:doStop(910)) - Stopped o.e.j.w.WebAppContext@3bab95ca{/,null,UNAVAILABLE}{/hddsDatanode}
2019-09-12 10:09:49,447 [ForkJoinPool.commonPool-worker-1] INFO  handler.ContextHandler (ContextHandler.java:doStop(910)) - Stopped o.e.j.w.WebAppContext@3335afcf{/,null,UNAVAILABLE}{/hddsDatanode}
2019-09-12 10:09:49,448 [main] INFO  server.AbstractConnector (AbstractConnector.java:doStop(318)) - Stopped ServerConnector@71ad959b{HTTP/1.1,[http/1.1]}{0.0.0.0:0}
2019-09-12 10:09:49,448 [ForkJoinPool.commonPool-worker-1] INFO  server.AbstractConnector (AbstractConnector.java:doStop(318)) - Stopped ServerConnector@699e0bf0{HTTP/1.1,[http/1.1]}{0.0.0.0:0}
2019-09-12 10:09:49,448 [main] INFO  handler.ContextHandler (ContextHandler.java:doStop(910)) - Stopped o.e.j.s.ServletContextHandler@60652518{/static,jar:file:/home/user/.m2/repository/org/apache/hadoop/hadoop-hdds-container-service/0.5.0-SNAPSHOT/hadoop-hdds-container-service-0.5.0-SNAPSHOT.jar!/webapps/static,UNAVAILABLE}
2019-09-12 10:09:49,449 [ForkJoinPool.commonPool-worker-1] INFO  handler.ContextHandler (ContextHandler.java:doStop(910)) - Stopped o.e.j.s.ServletContextHandler@2fc7fa6e{/static,jar:file:/home/user/.m2/repository/org/apache/hadoop/hadoop-hdds-container-service/0.5.0-SNAPSHOT/hadoop-hdds-container-service-0.5.0-SNAPSHOT.jar!/webapps/static,UNAVAILABLE}
2019-09-12 10:09:49,449 [main] INFO  handler.ContextHandler (ContextHandler.java:doStop(910)) - Stopped o.e.j.s.ServletContextHandler@30798137{/logs,file:///workdir/hadoop-ozone/integration-test/target/log,UNAVAILABLE}
2019-09-12 10:09:49,450 [ForkJoinPool.commonPool-worker-1] INFO  handler.ContextHandler (ContextHandler.java:doStop(910)) - Stopped o.e.j.s.ServletContextHandler@26ffd2c0{/logs,file:///workdir/hadoop-ozone/integration-test/target/log,UNAVAILABLE}
2019-09-12 10:09:49,451 [main] INFO  datanode.ObjectStoreHandler (ObjectStoreHandler.java:close(155)) - Closing ObjectStoreHandler.
2019-09-12 10:09:49,452 [main] INFO  ozone.HddsDatanodeService (HddsDatanodeService.java:stop(451)) - Stopped plug-in org.apache.hadoop.ozone.web.OzoneHddsDatanodeService@279c4e3b
2019-09-12 10:09:49,541 [607208f0-c8f5-40f1-9180-2e36f3e2d896-SegmentedRaftLogWorker:Storage Directory /workdir/hadoop-ozone/integration-test/target/test-dir/MiniOzoneClusterImpl-78812344-8fab-4fd2-b9e8-17e484e4ebaf/datanode-2/data/ratis/093e97d5-615d-40ce-b9eb-645ee6e5449f] INFO  segmented.SegmentedRaftLogWorker (SegmentedRaftLogWorker.java:execute(569)) - 607208f0-c8f5-40f1-9180-2e36f3e2d896-SegmentedRaftLogWorker:Storage Directory /workdir/hadoop-ozone/integration-test/target/test-dir/MiniOzoneClusterImpl-78812344-8fab-4fd2-b9e8-17e484e4ebaf/datanode-2/data/ratis/093e97d5-615d-40ce-b9eb-645ee6e5449f: created new log segment /workdir/hadoop-ozone/integration-test/target/test-dir/MiniOzoneClusterImpl-78812344-8fab-4fd2-b9e8-17e484e4ebaf/datanode-2/data/ratis/093e97d5-615d-40ce-b9eb-645ee6e5449f/current/log_inprogress_0
2019-09-12 10:09:49,541 [607208f0-c8f5-40f1-9180-2e36f3e2d896:group-AEBAED986034:LeaderElection53] INFO  impl.LeaderElection (LeaderElection.java:askForVotes(181)) - 607208f0-c8f5-40f1-9180-2e36f3e2d896:group-AEBAED986034:LeaderElection53: begin an election at term 1 for -1: [607208f0-c8f5-40f1-9180-2e36f3e2d896:192.168.36.114:42135], old=null
2019-09-12 10:09:49,541 [607208f0-c8f5-40f1-9180-2e36f3e2d896:group-AEBAED986034:LeaderElection53] INFO  impl.RoleInfo (RoleInfo.java:shutdownLeaderElection(134)) - 607208f0-c8f5-40f1-9180-2e36f3e2d896: shutdown LeaderElection
2019-09-12 10:09:49,541 [607208f0-c8f5-40f1-9180-2e36f3e2d896:group-AEBAED986034:LeaderElection53] INFO  impl.RaftServerImpl (RaftServerImpl.java:setRole(171)) - 607208f0-c8f5-40f1-9180-2e36f3e2d896:group-AEBAED986034 changes role from CANDIDATE to LEADER at term 1 for changeToLeader
2019-09-12 10:09:49,541 [607208f0-c8f5-40f1-9180-2e36f3e2d896:group-AEBAED986034:LeaderElection53] INFO  impl.RaftServerImpl (ServerState.java:setLeader(263)) - 607208f0-c8f5-40f1-9180-2e36f3e2d896:group-AEBAED986034 change Leader from null to 607208f0-c8f5-40f1-9180-2e36f3e2d896 at term 1 for becomeLeader, leader elected after 5316ms
2019-09-12 10:09:49,542 [607208f0-c8f5-40f1-9180-2e36f3e2d896:group-AEBAED986034:LeaderElection53] INFO  server.RaftServerConfigKeys (ConfUtils.java:logGet(43)) - raft.server.staging.catchup.gap = 1000 (default)
2019-09-12 10:09:49,542 [607208f0-c8f5-40f1-9180-2e36f3e2d896:group-AEBAED986034:LeaderElection53] INFO  server.RaftServerConfigKeys (ConfUtils.java:logGet(43)) - raft.server.rpc.sleep.time = 25ms (default)
2019-09-12 10:09:49,542 [607208f0-c8f5-40f1-9180-2e36f3e2d896:group-AEBAED986034:LeaderElection53] INFO  server.RaftServerConfigKeys (ConfUtils.java:logGet(43)) - raft.server.write.element-limit = 4096 (default)
2019-09-12 10:09:49,542 [607208f0-c8f5-40f1-9180-2e36f3e2d896:group-AEBAED986034:LeaderElection53] INFO  server.RaftServerConfigKeys (ConfUtils.java:logGet(43)) - raft.server.watch.timeout = 10s (default)
2019-09-12 10:09:49,542 [607208f0-c8f5-40f1-9180-2e36f3e2d896:group-AEBAED986034:LeaderElection53] INFO  server.RaftServerConfigKeys (ConfUtils.java:logGet(43)) - raft.server.watch.timeout.denomination = 1s (default)
2019-09-12 10:09:49,542 [607208f0-c8f5-40f1-9180-2e36f3e2d896:group-AEBAED986034:LeaderElection53] INFO  server.RaftServerConfigKeys (ConfUtils.java:logGet(43)) - raft.server.watch.element-limit = 65536 (default)
2019-09-12 10:09:49,542 [607208f0-c8f5-40f1-9180-2e36f3e2d896:group-AEBAED986034:LeaderElection53] INFO  impl.RoleInfo (RoleInfo.java:updateAndGet(143)) - 607208f0-c8f5-40f1-9180-2e36f3e2d896: start LeaderState
2019-09-12 10:09:49,543 [607208f0-c8f5-40f1-9180-2e36f3e2d896:group-AEBAED986034:LeaderElection53] INFO  segmented.SegmentedRaftLogWorker (SegmentedRaftLogWorker.java:startLogSegment(380)) - 607208f0-c8f5-40f1-9180-2e36f3e2d896-SegmentedRaftLogWorker:Storage Directory /workdir/hadoop-ozone/integration-test/target/test-dir/MiniOzoneClusterImpl-78812344-8fab-4fd2-b9e8-17e484e4ebaf/datanode-2/data/ratis/3abfed2d-f0bf-4b63-bad9-aebaed986034: Starting segment from index:0
2019-09-12 10:09:49,543 [607208f0-c8f5-40f1-9180-2e36f3e2d896:group-AEBAED986034:LeaderElection53] INFO  impl.RaftServerImpl (ServerState.java:setRaftConf(361)) - 607208f0-c8f5-40f1-9180-2e36f3e2d896:group-AEBAED986034 set configuration 0: [607208f0-c8f5-40f1-9180-2e36f3e2d896:192.168.36.114:42135], old=null at 0
2019-09-12 10:09:49,668 [607208f0-c8f5-40f1-9180-2e36f3e2d896-SegmentedRaftLogWorker:Storage Directory /workdir/hadoop-ozone/integration-test/target/test-dir/MiniOzoneClusterImpl-78812344-8fab-4fd2-b9e8-17e484e4ebaf/datanode-2/data/ratis/3abfed2d-f0bf-4b63-bad9-aebaed986034] INFO  segmented.SegmentedRaftLogWorker (SegmentedRaftLogWorker.java:execute(569)) - 607208f0-c8f5-40f1-9180-2e36f3e2d896-SegmentedRaftLogWorker:Storage Directory /workdir/hadoop-ozone/integration-test/target/test-dir/MiniOzoneClusterImpl-78812344-8fab-4fd2-b9e8-17e484e4ebaf/datanode-2/data/ratis/3abfed2d-f0bf-4b63-bad9-aebaed986034: created new log segment /workdir/hadoop-ozone/integration-test/target/test-dir/MiniOzoneClusterImpl-78812344-8fab-4fd2-b9e8-17e484e4ebaf/datanode-2/data/ratis/3abfed2d-f0bf-4b63-bad9-aebaed986034/current/log_inprogress_0
2019-09-12 10:09:49,927 [Datanode State Machine Thread - 0] INFO  statemachine.DatanodeStateMachine (DatanodeStateMachine.java:lambda$startDaemon$0(350)) - Ozone container server started.
2019-09-12 10:09:54,453 [main] INFO  ozoneimpl.OzoneContainer (OzoneContainer.java:stop(199)) - Attempting to stop container services.
2019-09-12 10:09:54,453 [main] INFO  impl.RaftServerProxy (RaftServerProxy.java:lambda$close$4(314)) - 607208f0-c8f5-40f1-9180-2e36f3e2d896: close
2019-09-12 10:09:54,454 [main] INFO  impl.RaftServerImpl (RaftServerImpl.java:lambda$shutdown$3(245)) - 607208f0-c8f5-40f1-9180-2e36f3e2d896: shutdown group-3722F65981EB
2019-09-12 10:09:54,454 [ForkJoinPool.commonPool-worker-0] INFO  impl.RaftServerImpl (RaftServerImpl.java:lambda$shutdown$3(245)) - 607208f0-c8f5-40f1-9180-2e36f3e2d896: shutdown group-7927A944602F
2019-09-12 10:09:54,454 [main] INFO  util.JmxRegister (JmxRegister.java:unregister(73)) - Successfully un-registered JMX Bean with object name Ratis:service=RaftServer,group=group-3722F65981EB,id=607208f0-c8f5-40f1-9180-2e36f3e2d896
2019-09-12 10:09:54,455 [ForkJoinPool.commonPool-worker-0] INFO  util.JmxRegister (JmxRegister.java:unregister(73)) - Successfully un-registered JMX Bean with object name Ratis:service=RaftServer,group=group-7927A944602F,id=607208f0-c8f5-40f1-9180-2e36f3e2d896
2019-09-12 10:09:54,455 [main] INFO  impl.RoleInfo (RoleInfo.java:shutdownLeaderState(104)) - 607208f0-c8f5-40f1-9180-2e36f3e2d896: shutdown LeaderState
2019-09-12 10:09:54,455 [ForkJoinPool.commonPool-worker-0] INFO  impl.RoleInfo (RoleInfo.java:shutdownLeaderState(104)) - 607208f0-c8f5-40f1-9180-2e36f3e2d896: shutdown LeaderState
2019-09-12 10:09:54,456 [main] INFO  impl.PendingRequests (PendingRequests.java:sendNotLeaderResponses(202)) - 607208f0-c8f5-40f1-9180-2e36f3e2d896-PendingRequests: sendNotLeaderResponses
2019-09-12 10:09:54,456 [ForkJoinPool.commonPool-worker-0] INFO  impl.PendingRequests (PendingRequests.java:sendNotLeaderResponses(202)) - 607208f0-c8f5-40f1-9180-2e36f3e2d896-PendingRequests: sendNotLeaderResponses
2019-09-12 10:09:54,456 [main] INFO  impl.StateMachineUpdater (StateMachineUpdater.java:stopAndJoin(115)) - StateMachineUpdater:607208f0-c8f5-40f1-9180-2e36f3e2d896:group-3722F65981EB: set stopIndex = 0
2019-09-12 10:09:54,456 [ForkJoinPool.commonPool-worker-0] INFO  impl.StateMachineUpdater (StateMachineUpdater.java:stopAndJoin(115)) - StateMachineUpdater:607208f0-c8f5-40f1-9180-2e36f3e2d896:group-7927A944602F: set stopIndex = 0
2019-09-12 10:09:54,457 [main] INFO  impl.RaftServerImpl (ServerState.java:close(394)) - 607208f0-c8f5-40f1-9180-2e36f3e2d896:group-3722F65981EB closes. The last applied log index is 0
2019-09-12 10:09:54,457 [ForkJoinPool.commonPool-worker-0] INFO  impl.RaftServerImpl (ServerState.java:close(394)) - 607208f0-c8f5-40f1-9180-2e36f3e2d896:group-7927A944602F closes. The last applied log index is 0
2019-09-12 10:09:54,458 [607208f0-c8f5-40f1-9180-2e36f3e2d896-SegmentedRaftLogWorker:Storage Directory /workdir/hadoop-ozone/integration-test/target/test-dir/MiniOzoneClusterImpl-78812344-8fab-4fd2-b9e8-17e484e4ebaf/datanode-2/data/ratis/f6e91258-7567-4fda-a02b-3722f65981eb] INFO  segmented.SegmentedRaftLogWorker (SegmentedRaftLogWorker.java:run(313)) - 607208f0-c8f5-40f1-9180-2e36f3e2d896-SegmentedRaftLogWorker:Storage Directory /workdir/hadoop-ozone/integration-test/target/test-dir/MiniOzoneClusterImpl-78812344-8fab-4fd2-b9e8-17e484e4ebaf/datanode-2/data/ratis/f6e91258-7567-4fda-a02b-3722f65981eb was interrupted, exiting. There are 0 tasks remaining in the queue.
2019-09-12 10:09:54,458 [607208f0-c8f5-40f1-9180-2e36f3e2d896-SegmentedRaftLogWorker:Storage Directory /workdir/hadoop-ozone/integration-test/target/test-dir/MiniOzoneClusterImpl-78812344-8fab-4fd2-b9e8-17e484e4ebaf/datanode-2/data/ratis/7400c938-85aa-4e96-9906-7927a944602f] INFO  segmented.SegmentedRaftLogWorker (SegmentedRaftLogWorker.java:run(313)) - 607208f0-c8f5-40f1-9180-2e36f3e2d896-SegmentedRaftLogWorker:Storage Directory /workdir/hadoop-ozone/integration-test/target/test-dir/MiniOzoneClusterImpl-78812344-8fab-4fd2-b9e8-17e484e4ebaf/datanode-2/data/ratis/7400c938-85aa-4e96-9906-7927a944602f was interrupted, exiting. There are 0 tasks remaining in the queue.
2019-09-12 10:09:54,458 [main] INFO  segmented.SegmentedRaftLogWorker (SegmentedRaftLogWorker.java:close(228)) - 607208f0-c8f5-40f1-9180-2e36f3e2d896-SegmentedRaftLogWorker:Storage Directory /workdir/hadoop-ozone/integration-test/target/test-dir/MiniOzoneClusterImpl-78812344-8fab-4fd2-b9e8-17e484e4ebaf/datanode-2/data/ratis/f6e91258-7567-4fda-a02b-3722f65981eb close()
2019-09-12 10:09:54,458 [ForkJoinPool.commonPool-worker-0] INFO  segmented.SegmentedRaftLogWorker (SegmentedRaftLogWorker.java:close(228)) - 607208f0-c8f5-40f1-9180-2e36f3e2d896-SegmentedRaftLogWorker:Storage Directory /workdir/hadoop-ozone/integration-test/target/test-dir/MiniOzoneClusterImpl-78812344-8fab-4fd2-b9e8-17e484e4ebaf/datanode-2/data/ratis/7400c938-85aa-4e96-9906-7927a944602f close()
2019-09-12 10:09:54,460 [main] INFO  impl.RaftServerImpl (RaftServerImpl.java:lambda$shutdown$3(245)) - 607208f0-c8f5-40f1-9180-2e36f3e2d896: shutdown group-645EE6E5449F
2019-09-12 10:09:54,461 [ForkJoinPool.commonPool-worker-0] INFO  impl.RaftServerImpl (RaftServerImpl.java:lambda$shutdown$3(245)) - 607208f0-c8f5-40f1-9180-2e36f3e2d896: shutdown group-AEBAED986034
2019-09-12 10:09:54,461 [main] INFO  util.JmxRegister (JmxRegister.java:unregister(73)) - Successfully un-registered JMX Bean with object name Ratis:service=RaftServer,group=group-645EE6E5449F,id=607208f0-c8f5-40f1-9180-2e36f3e2d896
2019-09-12 10:09:54,461 [ForkJoinPool.commonPool-worker-0] INFO  util.JmxRegister (JmxRegister.java:unregister(73)) - Successfully un-registered JMX Bean with object name Ratis:service=RaftServer,group=group-AEBAED986034,id=607208f0-c8f5-40f1-9180-2e36f3e2d896
2019-09-12 10:09:54,462 [main] INFO  impl.RoleInfo (RoleInfo.java:shutdownLeaderState(104)) - 607208f0-c8f5-40f1-9180-2e36f3e2d896: shutdown LeaderState
2019-09-12 10:09:54,462 [ForkJoinPool.commonPool-worker-0] INFO  impl.RoleInfo (RoleInfo.java:shutdownLeaderState(104)) - 607208f0-c8f5-40f1-9180-2e36f3e2d896: shutdown LeaderState
2019-09-12 10:09:54,462 [main] INFO  impl.PendingRequests (PendingRequests.java:sendNotLeaderResponses(202)) - 607208f0-c8f5-40f1-9180-2e36f3e2d896-PendingRequests: sendNotLeaderResponses
2019-09-12 10:09:54,463 [ForkJoinPool.commonPool-worker-0] INFO  impl.PendingRequests (PendingRequests.java:sendNotLeaderResponses(202)) - 607208f0-c8f5-40f1-9180-2e36f3e2d896-PendingRequests: sendNotLeaderResponses
2019-09-12 10:09:54,463 [main] INFO  impl.StateMachineUpdater (StateMachineUpdater.java:stopAndJoin(115)) - StateMachineUpdater:607208f0-c8f5-40f1-9180-2e36f3e2d896:group-645EE6E5449F: set stopIndex = 0
2019-09-12 10:09:54,464 [main] INFO  impl.RaftServerImpl (ServerState.java:close(394)) - 607208f0-c8f5-40f1-9180-2e36f3e2d896:group-645EE6E5449F closes. The last applied log index is 0
2019-09-12 10:09:54,463 [ForkJoinPool.commonPool-worker-0] INFO  impl.StateMachineUpdater (StateMachineUpdater.java:stopAndJoin(115)) - StateMachineUpdater:607208f0-c8f5-40f1-9180-2e36f3e2d896:group-AEBAED986034: set stopIndex = 0
2019-09-12 10:09:54,464 [607208f0-c8f5-40f1-9180-2e36f3e2d896-SegmentedRaftLogWorker:Storage Directory /workdir/hadoop-ozone/integration-test/target/test-dir/MiniOzoneClusterImpl-78812344-8fab-4fd2-b9e8-17e484e4ebaf/datanode-2/data/ratis/093e97d5-615d-40ce-b9eb-645ee6e5449f] INFO  segmented.SegmentedRaftLogWorker (SegmentedRaftLogWorker.java:run(313)) - 607208f0-c8f5-40f1-9180-2e36f3e2d896-SegmentedRaftLogWorker:Storage Directory /workdir/hadoop-ozone/integration-test/target/test-dir/MiniOzoneClusterImpl-78812344-8fab-4fd2-b9e8-17e484e4ebaf/datanode-2/data/ratis/093e97d5-615d-40ce-b9eb-645ee6e5449f was interrupted, exiting. There are 0 tasks remaining in the queue.
2019-09-12 10:09:54,464 [ForkJoinPool.commonPool-worker-0] INFO  impl.RaftServerImpl (ServerState.java:close(394)) - 607208f0-c8f5-40f1-9180-2e36f3e2d896:group-AEBAED986034 closes. The last applied log index is 0
2019-09-12 10:09:54,465 [main] INFO  segmented.SegmentedRaftLogWorker (SegmentedRaftLogWorker.java:close(228)) - 607208f0-c8f5-40f1-9180-2e36f3e2d896-SegmentedRaftLogWorker:Storage Directory /workdir/hadoop-ozone/integration-test/target/test-dir/MiniOzoneClusterImpl-78812344-8fab-4fd2-b9e8-17e484e4ebaf/datanode-2/data/ratis/093e97d5-615d-40ce-b9eb-645ee6e5449f close()
2019-09-12 10:09:54,465 [607208f0-c8f5-40f1-9180-2e36f3e2d896-SegmentedRaftLogWorker:Storage Directory /workdir/hadoop-ozone/integration-test/target/test-dir/MiniOzoneClusterImpl-78812344-8fab-4fd2-b9e8-17e484e4ebaf/datanode-2/data/ratis/3abfed2d-f0bf-4b63-bad9-aebaed986034] INFO  segmented.SegmentedRaftLogWorker (SegmentedRaftLogWorker.java:run(313)) - 607208f0-c8f5-40f1-9180-2e36f3e2d896-SegmentedRaftLogWorker:Storage Directory /workdir/hadoop-ozone/integration-test/target/test-dir/MiniOzoneClusterImpl-78812344-8fab-4fd2-b9e8-17e484e4ebaf/datanode-2/data/ratis/3abfed2d-f0bf-4b63-bad9-aebaed986034 was interrupted, exiting. There are 0 tasks remaining in the queue.
2019-09-12 10:09:54,466 [ForkJoinPool.commonPool-worker-0] INFO  segmented.SegmentedRaftLogWorker (SegmentedRaftLogWorker.java:close(228)) - 607208f0-c8f5-40f1-9180-2e36f3e2d896-SegmentedRaftLogWorker:Storage Directory /workdir/hadoop-ozone/integration-test/target/test-dir/MiniOzoneClusterImpl-78812344-8fab-4fd2-b9e8-17e484e4ebaf/datanode-2/data/ratis/3abfed2d-f0bf-4b63-bad9-aebaed986034 close()
2019-09-12 10:09:54,467 [ForkJoinPool.commonPool-worker-0] INFO  impl.RaftServerImpl (RaftServerImpl.java:lambda$shutdown$3(245)) - 607208f0-c8f5-40f1-9180-2e36f3e2d896: shutdown group-F1C75DC9DBDA
2019-09-12 10:09:54,467 [ForkJoinPool.commonPool-worker-0] INFO  util.JmxRegister (JmxRegister.java:unregister(73)) - Successfully un-registered JMX Bean with object name Ratis:service=RaftServer,group=group-F1C75DC9DBDA,id=607208f0-c8f5-40f1-9180-2e36f3e2d896
2019-09-12 10:09:54,467 [ForkJoinPool.commonPool-worker-0] INFO  impl.RoleInfo (RoleInfo.java:shutdownLeaderState(104)) - 607208f0-c8f5-40f1-9180-2e36f3e2d896: shutdown LeaderState
2019-09-12 10:09:54,468 [ForkJoinPool.commonPool-worker-0] INFO  impl.PendingRequests (PendingRequests.java:sendNotLeaderResponses(202)) - 607208f0-c8f5-40f1-9180-2e36f3e2d896-PendingRequests: sendNotLeaderResponses
2019-09-12 10:09:54,468 [ForkJoinPool.commonPool-worker-0] INFO  impl.StateMachineUpdater (StateMachineUpdater.java:stopAndJoin(115)) - StateMachineUpdater:607208f0-c8f5-40f1-9180-2e36f3e2d896:group-F1C75DC9DBDA: set stopIndex = 0
2019-09-12 10:09:54,468 [ForkJoinPool.commonPool-worker-0] INFO  impl.RaftServerImpl (ServerState.java:close(394)) - 607208f0-c8f5-40f1-9180-2e36f3e2d896:group-F1C75DC9DBDA closes. The last applied log index is 0
2019-09-12 10:09:54,468 [607208f0-c8f5-40f1-9180-2e36f3e2d896-SegmentedRaftLogWorker:Storage Directory /workdir/hadoop-ozone/integration-test/target/test-dir/MiniOzoneClusterImpl-78812344-8fab-4fd2-b9e8-17e484e4ebaf/datanode-2/data/ratis/d4081801-d3fe-4109-bb78-f1c75dc9dbda] INFO  segmented.SegmentedRaftLogWorker (SegmentedRaftLogWorker.java:run(313)) - 607208f0-c8f5-40f1-9180-2e36f3e2d896-SegmentedRaftLogWorker:Storage Directory /workdir/hadoop-ozone/integration-test/target/test-dir/MiniOzoneClusterImpl-78812344-8fab-4fd2-b9e8-17e484e4ebaf/datanode-2/data/ratis/d4081801-d3fe-4109-bb78-f1c75dc9dbda was interrupted, exiting. There are 0 tasks remaining in the queue.
2019-09-12 10:09:54,468 [ForkJoinPool.commonPool-worker-0] INFO  segmented.SegmentedRaftLogWorker (SegmentedRaftLogWorker.java:close(228)) - 607208f0-c8f5-40f1-9180-2e36f3e2d896-SegmentedRaftLogWorker:Storage Directory /workdir/hadoop-ozone/integration-test/target/test-dir/MiniOzoneClusterImpl-78812344-8fab-4fd2-b9e8-17e484e4ebaf/datanode-2/data/ratis/d4081801-d3fe-4109-bb78-f1c75dc9dbda close()
2019-09-12 10:09:54,469 [ForkJoinPool.commonPool-worker-0] INFO  impl.RaftServerImpl (RaftServerImpl.java:lambda$shutdown$3(245)) - 607208f0-c8f5-40f1-9180-2e36f3e2d896: shutdown group-C49ED39CA722
2019-09-12 10:09:54,470 [ForkJoinPool.commonPool-worker-0] INFO  util.JmxRegister (JmxRegister.java:unregister(73)) - Successfully un-registered JMX Bean with object name Ratis:service=RaftServer,group=group-C49ED39CA722,id=607208f0-c8f5-40f1-9180-2e36f3e2d896
2019-09-12 10:09:54,470 [ForkJoinPool.commonPool-worker-0] INFO  impl.RoleInfo (RoleInfo.java:shutdownLeaderState(104)) - 607208f0-c8f5-40f1-9180-2e36f3e2d896: shutdown LeaderState
2019-09-12 10:09:54,470 [ForkJoinPool.commonPool-worker-0] INFO  impl.PendingRequests (PendingRequests.java:sendNotLeaderResponses(202)) - 607208f0-c8f5-40f1-9180-2e36f3e2d896-PendingRequests: sendNotLeaderResponses
2019-09-12 10:09:54,470 [ForkJoinPool.commonPool-worker-0] INFO  impl.StateMachineUpdater (StateMachineUpdater.java:stopAndJoin(115)) - StateMachineUpdater:607208f0-c8f5-40f1-9180-2e36f3e2d896:group-C49ED39CA722: set stopIndex = 0
2019-09-12 10:09:54,470 [ForkJoinPool.commonPool-worker-0] INFO  impl.RaftServerImpl (ServerState.java:close(394)) - 607208f0-c8f5-40f1-9180-2e36f3e2d896:group-C49ED39CA722 closes. The last applied log index is 0
2019-09-12 10:09:54,470 [607208f0-c8f5-40f1-9180-2e36f3e2d896-SegmentedRaftLogWorker:Storage Directory /workdir/hadoop-ozone/integration-test/target/test-dir/MiniOzoneClusterImpl-78812344-8fab-4fd2-b9e8-17e484e4ebaf/datanode-2/data/ratis/f0d45c8a-90cc-422f-b9ce-c49ed39ca722] INFO  segmented.SegmentedRaftLogWorker (SegmentedRaftLogWorker.java:run(313)) - 607208f0-c8f5-40f1-9180-2e36f3e2d896-SegmentedRaftLogWorker:Storage Directory /workdir/hadoop-ozone/integration-test/target/test-dir/MiniOzoneClusterImpl-78812344-8fab-4fd2-b9e8-17e484e4ebaf/datanode-2/data/ratis/f0d45c8a-90cc-422f-b9ce-c49ed39ca722 was interrupted, exiting. There are 0 tasks remaining in the queue.
2019-09-12 10:09:54,471 [ForkJoinPool.commonPool-worker-0] INFO  segmented.SegmentedRaftLogWorker (SegmentedRaftLogWorker.java:close(228)) - 607208f0-c8f5-40f1-9180-2e36f3e2d896-SegmentedRaftLogWorker:Storage Directory /workdir/hadoop-ozone/integration-test/target/test-dir/MiniOzoneClusterImpl-78812344-8fab-4fd2-b9e8-17e484e4ebaf/datanode-2/data/ratis/f0d45c8a-90cc-422f-b9ce-c49ed39ca722 close()
2019-09-12 10:09:54,472 [main] INFO  server.GrpcService (GrpcService.java:closeImpl(155)) - 607208f0-c8f5-40f1-9180-2e36f3e2d896: shutdown server with port 42135 now
2019-09-12 10:09:54,473 [main] INFO  server.GrpcService (GrpcService.java:closeImpl(163)) - 607208f0-c8f5-40f1-9180-2e36f3e2d896: shutdown server with port 42135 successfully
2019-09-12 10:09:54,474 [main] INFO  utils.BackgroundService (BackgroundService.java:shutdown(148)) - Shutting down service BlockDeletingService
2019-09-12 10:09:54,476 [refreshUsed-/workdir/hadoop-ozone/integration-test/target/test-dir/MiniOzoneClusterImpl-78812344-8fab-4fd2-b9e8-17e484e4ebaf/datanode-2/data/containers] WARN  fs.CachingGetSpaceUsed (CachingGetSpaceUsed.java:run(183)) - Thread Interrupted waiting to refresh disk information: sleep interrupted
2019-09-12 10:09:54,494 [main] INFO  statemachine.DatanodeStateMachine (DatanodeStateMachine.java:stopDaemon(395)) - Ozone container server stopped.
2019-09-12 10:09:54,495 [main] INFO  handler.ContextHandler (ContextHandler.java:doStop(910)) - Stopped o.e.j.w.WebAppContext@28fa541{/,null,UNAVAILABLE}{/hddsDatanode}
2019-09-12 10:09:54,496 [main] INFO  server.AbstractConnector (AbstractConnector.java:doStop(318)) - Stopped ServerConnector@5a82bc58{HTTP/1.1,[http/1.1]}{0.0.0.0:0}
2019-09-12 10:09:54,497 [main] INFO  handler.ContextHandler (ContextHandler.java:doStop(910)) - Stopped o.e.j.s.ServletContextHandler@632d4cf2{/static,jar:file:/home/user/.m2/repository/org/apache/hadoop/hadoop-hdds-container-service/0.5.0-SNAPSHOT/hadoop-hdds-container-service-0.5.0-SNAPSHOT.jar!/webapps/static,UNAVAILABLE}
2019-09-12 10:09:54,497 [main] INFO  handler.ContextHandler (ContextHandler.java:doStop(910)) - Stopped o.e.j.s.ServletContextHandler@70c56434{/logs,file:///workdir/hadoop-ozone/integration-test/target/log,UNAVAILABLE}
2019-09-12 10:09:54,499 [main] INFO  ozone.MiniOzoneClusterImpl (MiniOzoneClusterImpl.java:stop(353)) - Stopping the StorageContainerManager
2019-09-12 10:09:54,499 [main] INFO  server.StorageContainerManager (StorageContainerManager.java:stop(797)) - Stopping Replication Manager Service.
2019-09-12 10:09:54,499 [main] INFO  container.ReplicationManager (ReplicationManager.java:stop(192)) - Stopping Replication Monitor Thread.
2019-09-12 10:09:54,499 [main] INFO  server.StorageContainerManager (StorageContainerManager.java:stop(804)) - Stopping Lease Manager of the command watchers
2019-09-12 10:09:54,500 [main] INFO  server.StorageContainerManager (StorageContainerManager.java:stop(811)) - Stopping datanode service RPC server
2019-09-12 10:09:54,500 [main] INFO  server.SCMDatanodeProtocolServer (SCMDatanodeProtocolServer.java:stop(367)) - Stopping the RPC server for DataNodes
2019-09-12 10:09:54,500 [main] INFO  ipc.Server (Server.java:stop(3082)) - Stopping server on 45947
2019-09-12 10:09:54,503 [IPC Server listener on 45947] INFO  ipc.Server (Server.java:run(1185)) - Stopping IPC Server listener on 45947
2019-09-12 10:09:54,505 [IPC Server Responder] INFO  ipc.Server (Server.java:run(1319)) - Stopping IPC Server Responder
2019-09-12 10:09:54,595 [SCM Heartbeat Processing Thread - 0] WARN  node.NodeStateManager (NodeStateManager.java:scheduleNextHealthCheck(655)) - Current Thread is interrupted, shutting down HB processing thread for Node Manager.
2019-09-12 10:09:54,595 [main] INFO  server.StorageContainerManager (StorageContainerManager.java:stop(819)) - Stopping block service RPC server
2019-09-12 10:09:54,595 [main] INFO  server.SCMBlockProtocolServer (SCMBlockProtocolServer.java:stop(148)) - Stopping the RPC server for Block Protocol
2019-09-12 10:09:54,596 [main] INFO  ipc.Server (Server.java:stop(3082)) - Stopping server on 42345
2019-09-12 10:09:54,598 [main] INFO  server.StorageContainerManager (StorageContainerManager.java:stop(826)) - Stopping the StorageContainerLocationProtocol RPC server
2019-09-12 10:09:54,598 [main] INFO  server.SCMClientProtocolServer (SCMClientProtocolServer.java:stop(159)) - Stopping the RPC server for Client Protocol
2019-09-12 10:09:54,599 [main] INFO  ipc.Server (Server.java:stop(3082)) - Stopping server on 42299
2019-09-12 10:09:54,599 [IPC Server listener on 42345] INFO  ipc.Server (Server.java:run(1185)) - Stopping IPC Server listener on 42345
2019-09-12 10:09:54,599 [IPC Server Responder] INFO  ipc.Server (Server.java:run(1319)) - Stopping IPC Server Responder
2019-09-12 10:09:54,602 [IPC Server listener on 42299] INFO  ipc.Server (Server.java:run(1185)) - Stopping IPC Server listener on 42299
2019-09-12 10:09:54,602 [main] INFO  server.StorageContainerManager (StorageContainerManager.java:stop(833)) - Stopping Storage Container Manager HTTP server.
2019-09-12 10:09:54,602 [IPC Server Responder] INFO  ipc.Server (Server.java:run(1319)) - Stopping IPC Server Responder
2019-09-12 10:09:54,604 [main] INFO  handler.ContextHandler (ContextHandler.java:doStop(910)) - Stopped o.e.j.w.WebAppContext@11148dc2{/,null,UNAVAILABLE}{/scm}
2019-09-12 10:09:54,605 [main] INFO  server.AbstractConnector (AbstractConnector.java:doStop(318)) - Stopped ServerConnector@3be80ece{HTTP/1.1,[http/1.1]}{0.0.0.0:0}
2019-09-12 10:09:54,605 [main] INFO  handler.ContextHandler (ContextHandler.java:doStop(910)) - Stopped o.e.j.s.ServletContextHandler@75527e36{/static,file:///workdir/hadoop-ozone/integration-test/target/test-classes/webapps/static,UNAVAILABLE}
2019-09-12 10:09:54,606 [main] INFO  handler.ContextHandler (ContextHandler.java:doStop(910)) - Stopped o.e.j.s.ServletContextHandler@21c75084{/logs,file:///workdir/hadoop-ozone/integration-test/target/log,UNAVAILABLE}
2019-09-12 10:09:54,607 [main] INFO  server.StorageContainerManager (StorageContainerManager.java:stop(844)) - Stopping Block Manager Service.
2019-09-12 10:09:54,607 [main] INFO  utils.BackgroundService (BackgroundService.java:shutdown(148)) - Shutting down service SCMBlockDeletingService
2019-09-12 10:09:54,608 [main] INFO  utils.BackgroundService (BackgroundService.java:shutdown(148)) - Shutting down service SCMBlockDeletingService
2019-09-12 10:09:54,608 [main] INFO  server.StorageContainerManager (StorageContainerManager.java:stop(866)) - Stopping SCM Event Queue.
2019-09-12 10:09:54,611 [main] INFO  impl.MetricsSystemImpl (MetricsSystemImpl.java:stop(210)) - Stopping HddsDatanode metrics system...
2019-09-12 10:09:54,622 [main] INFO  impl.MetricsSystemImpl (MetricsSystemImpl.java:stop(216)) - HddsDatanode metrics system stopped.
]]></system-out>
    <system-err><![CDATA[Sep 12, 2019 10:09:38 AM com.sun.jersey.server.impl.application.WebApplicationImpl _initiate
INFO: Initiating Jersey application, version 'Jersey: 1.19 02/11/2015 03:25 AM'
Sep 12, 2019 10:09:38 AM com.sun.jersey.server.impl.application.WebApplicationImpl _initiate
INFO: Initiating Jersey application, version 'Jersey: 1.19 02/11/2015 03:25 AM'
Sep 12, 2019 10:09:38 AM com.sun.jersey.server.impl.application.WebApplicationImpl _initiate
INFO: Initiating Jersey application, version 'Jersey: 1.19 02/11/2015 03:25 AM'
]]></system-err>
  </testcase>
  <testcase name="testPipelineCloseWithLogFailure" classname="org.apache.hadoop.hdds.scm.pipeline.TestPipelineClose" time="19.089">
    <error message="Could not allocate container. Cannot get any matching pipeline for Type:RATIS, Factor:THREE, State:PipelineState.OPEN" type="java.io.IOException">java.io.IOException: Could not allocate container. Cannot get any matching pipeline for Type:RATIS, Factor:THREE, State:PipelineState.OPEN
	at org.apache.hadoop.hdds.scm.container.ContainerStateManager.allocateContainer(ContainerStateManager.java:260)
	at org.apache.hadoop.hdds.scm.container.SCMContainerManager.allocateContainer(SCMContainerManager.java:247)
	at org.apache.hadoop.hdds.scm.pipeline.TestPipelineClose.init(TestPipelineClose.java:92)
	at sun.reflect.NativeMethodAccessorImpl.invoke0(Native Method)
	at sun.reflect.NativeMethodAccessorImpl.invoke(NativeMethodAccessorImpl.java:62)
	at sun.reflect.DelegatingMethodAccessorImpl.invoke(DelegatingMethodAccessorImpl.java:43)
	at java.lang.reflect.Method.invoke(Method.java:498)
	at org.junit.runners.model.FrameworkMethod$1.runReflectiveCall(FrameworkMethod.java:47)
	at org.junit.internal.runners.model.ReflectiveCallable.run(ReflectiveCallable.java:12)
	at org.junit.runners.model.FrameworkMethod.invokeExplosively(FrameworkMethod.java:44)
	at org.junit.internal.runners.statements.RunBefores.evaluate(RunBefores.java:24)
	at org.junit.internal.runners.statements.RunAfters.evaluate(RunAfters.java:27)
	at org.junit.runners.ParentRunner.runLeaf(ParentRunner.java:271)
	at org.junit.runners.BlockJUnit4ClassRunner.runChild(BlockJUnit4ClassRunner.java:70)
	at org.junit.runners.BlockJUnit4ClassRunner.runChild(BlockJUnit4ClassRunner.java:50)
	at org.junit.runners.ParentRunner$3.run(ParentRunner.java:238)
	at org.junit.runners.ParentRunner$1.schedule(ParentRunner.java:63)
	at org.junit.runners.ParentRunner.runChildren(ParentRunner.java:236)
	at org.junit.runners.ParentRunner.access$000(ParentRunner.java:53)
	at org.junit.runners.ParentRunner$2.evaluate(ParentRunner.java:229)
	at org.junit.runners.ParentRunner.run(ParentRunner.java:309)
	at org.apache.maven.surefire.junit4.JUnit4Provider.execute(JUnit4Provider.java:365)
	at org.apache.maven.surefire.junit4.JUnit4Provider.executeWithRerun(JUnit4Provider.java:273)
	at org.apache.maven.surefire.junit4.JUnit4Provider.executeTestSet(JUnit4Provider.java:238)
	at org.apache.maven.surefire.junit4.JUnit4Provider.invoke(JUnit4Provider.java:159)
	at org.apache.maven.surefire.booter.ForkedBooter.invokeProviderInSameClassLoader(ForkedBooter.java:384)
	at org.apache.maven.surefire.booter.ForkedBooter.runSuitesInProcess(ForkedBooter.java:345)
	at org.apache.maven.surefire.booter.ForkedBooter.execute(ForkedBooter.java:126)
	at org.apache.maven.surefire.booter.ForkedBooter.main(ForkedBooter.java:418)
</error>
    <system-out><![CDATA[2019-09-12 10:09:54,663 [main] WARN  server.ServerUtils (ServerUtils.java:getScmDbDir(145)) - ozone.scm.db.dirs is not configured. We recommend adding this setting. Falling back to ozone.metadata.dirs instead.
2019-09-12 10:09:54,749 [main] WARN  server.ServerUtils (ServerUtils.java:getScmDbDir(145)) - ozone.scm.db.dirs is not configured. We recommend adding this setting. Falling back to ozone.metadata.dirs instead.
2019-09-12 10:09:54,750 [main] WARN  server.ServerUtils (ServerUtils.java:getScmDbDir(145)) - ozone.scm.db.dirs is not configured. We recommend adding this setting. Falling back to ozone.metadata.dirs instead.
2019-09-12 10:09:54,750 [main] INFO  db.DBStoreBuilder (DBStoreBuilder.java:addTable(110)) - using custom profile for table: deletedBlocks
2019-09-12 10:09:54,750 [main] INFO  db.DBStoreBuilder (DBStoreBuilder.java:processTables(161)) - Using default column profile:DBProfile.DISK for Table:deletedBlocks
2019-09-12 10:09:54,750 [main] INFO  db.DBStoreBuilder (DBStoreBuilder.java:addTable(110)) - using custom profile for table: validCerts
2019-09-12 10:09:54,751 [main] INFO  db.DBStoreBuilder (DBStoreBuilder.java:processTables(161)) - Using default column profile:DBProfile.DISK for Table:validCerts
2019-09-12 10:09:54,751 [main] INFO  db.DBStoreBuilder (DBStoreBuilder.java:addTable(110)) - using custom profile for table: revokedCerts
2019-09-12 10:09:54,751 [main] INFO  db.DBStoreBuilder (DBStoreBuilder.java:processTables(161)) - Using default column profile:DBProfile.DISK for Table:revokedCerts
2019-09-12 10:09:54,751 [main] INFO  db.DBStoreBuilder (DBStoreBuilder.java:addTable(110)) - using custom profile for table: default
2019-09-12 10:09:54,751 [main] INFO  db.DBStoreBuilder (DBStoreBuilder.java:processTables(167)) - Using default column profile:DBProfile.DISK for Table:default
2019-09-12 10:09:54,752 [main] INFO  db.DBStoreBuilder (DBStoreBuilder.java:getDbProfile(198)) - Using default options. DBProfile.DISK
2019-09-12 10:09:55,143 [main] INFO  net.NodeSchemaLoader (NodeSchemaLoader.java:loadSchemaFromFile(125)) - Loading file from sun.misc.CompoundEnumeration@77cd235b
2019-09-12 10:09:55,143 [main] INFO  net.NodeSchemaLoader (NodeSchemaLoader.java:loadSchema(171)) - Loading network topology layer schema file
2019-09-12 10:09:55,150 [main] WARN  server.ServerUtils (ServerUtils.java:sanitizeUserArgs(70)) - ozone.scm.stale.node.interval value = 300000 is larger than max = 100000 based on the key value of ozone.scm.heartbeat.thread.interval, reset to the max value 100000.
2019-09-12 10:09:55,150 [main] WARN  server.ServerUtils (ServerUtils.java:sanitizeUserArgs(70)) - ozone.scm.stale.node.interval value = 300000 is larger than max = 100000 based on the key value of ozone.scm.heartbeat.thread.interval, reset to the max value 100000.
2019-09-12 10:09:55,151 [main] INFO  node.SCMNodeManager (SCMNodeManager.java:<init>(121)) - Entering startup safe mode.
2019-09-12 10:09:55,152 [main] INFO  algorithms.ContainerPlacementPolicyFactory (ContainerPlacementPolicyFactory.java:getPolicy(56)) - Create container placement policy of type org.apache.hadoop.hdds.scm.container.placement.algorithms.SCMContainerPlacementRandom
2019-09-12 10:09:55,152 [main] WARN  server.ServerUtils (ServerUtils.java:getScmDbDir(145)) - ozone.scm.db.dirs is not configured. We recommend adding this setting. Falling back to ozone.metadata.dirs instead.
2019-09-12 10:09:55,365 [main] INFO  pipeline.SCMPipelineManager (SCMPipelineManager.java:initializePipelineState(126)) - No pipeline exists in current db
2019-09-12 10:09:55,365 [main] WARN  server.ServerUtils (ServerUtils.java:getScmDbDir(145)) - ozone.scm.db.dirs is not configured. We recommend adding this setting. Falling back to ozone.metadata.dirs instead.
2019-09-12 10:09:55,551 [main] WARN  events.EventQueue (EventQueue.java:fireEvent(175)) - No event handler registered for event TypedEvent{payloadType=SafeModeStatus, name='SafeModeStatus'}
2019-09-12 10:09:55,553 [main] INFO  ipc.CallQueueManager (CallQueueManager.java:<init>(84)) - Using callQueue: class java.util.concurrent.LinkedBlockingQueue, queueCapacity: 2000, scheduler: class org.apache.hadoop.ipc.DefaultRpcScheduler, ipcBackoff: false.
2019-09-12 10:09:55,554 [Socket Reader #1 for port 38951] INFO  ipc.Server (Server.java:run(1074)) - Starting Socket Reader #1 for port 38951
2019-09-12 10:09:55,555 [main] INFO  ipc.CallQueueManager (CallQueueManager.java:<init>(84)) - Using callQueue: class java.util.concurrent.LinkedBlockingQueue, queueCapacity: 2000, scheduler: class org.apache.hadoop.ipc.DefaultRpcScheduler, ipcBackoff: false.
2019-09-12 10:09:55,556 [Socket Reader #1 for port 42075] INFO  ipc.Server (Server.java:run(1074)) - Starting Socket Reader #1 for port 42075
2019-09-12 10:09:55,558 [main] INFO  ipc.CallQueueManager (CallQueueManager.java:<init>(84)) - Using callQueue: class java.util.concurrent.LinkedBlockingQueue, queueCapacity: 2000, scheduler: class org.apache.hadoop.ipc.DefaultRpcScheduler, ipcBackoff: false.
2019-09-12 10:09:55,558 [Socket Reader #1 for port 38840] INFO  ipc.Server (Server.java:run(1074)) - Starting Socket Reader #1 for port 38840
2019-09-12 10:09:55,560 [main] INFO  hdfs.DFSUtil (DFSUtil.java:httpServerTemplateForNNAndJN(1641)) - Starting Web-server for scm at: http://0.0.0.0:0
2019-09-12 10:09:55,563 [main] INFO  server.AuthenticationFilter (AuthenticationFilter.java:constructSecretProvider(240)) - Unable to initialize FileSignerSecretProvider, falling back to use random secrets.
2019-09-12 10:09:55,564 [main] WARN  http.HttpRequestLog (HttpRequestLog.java:getRequestLog(97)) - Jetty request log can only be enabled using Log4j
2019-09-12 10:09:55,566 [main] INFO  http.HttpServer2 (HttpServer2.java:addGlobalFilter(975)) - Added global filter 'safety' (class=org.apache.hadoop.http.HttpServer2$QuotingInputFilter)
2019-09-12 10:09:55,568 [main] INFO  http.HttpServer2 (HttpServer2.java:addFilter(948)) - Added filter static_user_filter (class=org.apache.hadoop.http.lib.StaticUserWebFilter$StaticUserFilter) to context scm
2019-09-12 10:09:55,568 [main] INFO  http.HttpServer2 (HttpServer2.java:addFilter(958)) - Added filter static_user_filter (class=org.apache.hadoop.http.lib.StaticUserWebFilter$StaticUserFilter) to context static
2019-09-12 10:09:55,568 [main] INFO  http.HttpServer2 (HttpServer2.java:addFilter(958)) - Added filter static_user_filter (class=org.apache.hadoop.http.lib.StaticUserWebFilter$StaticUserFilter) to context logs
2019-09-12 10:09:55,571 [main] INFO  server.StorageContainerManager (StorageContainerManager.java:start(759)) - StorageContainerLocationProtocol RPC server is listening at /0.0.0.0:38840
2019-09-12 10:09:55,573 [main] WARN  impl.MetricsConfig (MetricsConfig.java:loadFirst(134)) - Cannot locate configuration: tried hadoop-metrics2-storagecontainermanager.properties,hadoop-metrics2.properties
2019-09-12 10:09:55,575 [main] INFO  impl.MetricsSystemImpl (MetricsSystemImpl.java:startTimer(374)) - Scheduled Metric snapshot period at 10 second(s).
2019-09-12 10:09:55,576 [main] INFO  impl.MetricsSystemImpl (MetricsSystemImpl.java:start(191)) - StorageContainerManager metrics system started
2019-09-12 10:09:55,625 [main] INFO  server.SCMClientProtocolServer (SCMClientProtocolServer.java:start(151)) - RPC server for Client  is listening at /0.0.0.0:38840
2019-09-12 10:09:55,626 [IPC Server Responder] INFO  ipc.Server (Server.java:run(1314)) - IPC Server Responder: starting
2019-09-12 10:09:55,626 [IPC Server listener on 38840] INFO  ipc.Server (Server.java:run(1153)) - IPC Server listener on 38840: starting
2019-09-12 10:09:55,629 [main] INFO  server.StorageContainerManager (StorageContainerManager.java:start(769)) - ScmBlockLocationProtocol RPC server is listening at /0.0.0.0:42075
2019-09-12 10:09:55,629 [main] INFO  server.SCMBlockProtocolServer (SCMBlockProtocolServer.java:start(140)) - RPC server for Block Protocol is listening at /0.0.0.0:42075
2019-09-12 10:09:55,629 [IPC Server Responder] INFO  ipc.Server (Server.java:run(1314)) - IPC Server Responder: starting
2019-09-12 10:09:55,629 [IPC Server listener on 42075] INFO  ipc.Server (Server.java:run(1153)) - IPC Server listener on 42075: starting
2019-09-12 10:09:55,633 [main] INFO  server.StorageContainerManager (StorageContainerManager.java:start(773)) - ScmDatanodeProtocl RPC server is listening at /0.0.0.0:38951
2019-09-12 10:09:55,633 [main] INFO  server.SCMDatanodeProtocolServer (SCMDatanodeProtocolServer.java:start(191)) - RPC server for DataNodes is listening at /0.0.0.0:38951
2019-09-12 10:09:55,634 [IPC Server Responder] INFO  ipc.Server (Server.java:run(1314)) - IPC Server Responder: starting
2019-09-12 10:09:55,634 [IPC Server listener on 38951] INFO  ipc.Server (Server.java:run(1153)) - IPC Server listener on 38951: starting
2019-09-12 10:09:55,637 [main] INFO  http.HttpServer2 (HttpServer2.java:bindListener(1191)) - Jetty bound to port 34129
2019-09-12 10:09:55,638 [main] INFO  server.Server (Server.java:doStart(351)) - jetty-9.3.24.v20180605, build timestamp: 2018-06-05T17:11:56Z, git hash: 84205aa28f11a4f31f2a3b86d1bba2cc8ab69827
2019-09-12 10:09:55,640 [main] INFO  handler.ContextHandler (ContextHandler.java:doStart(781)) - Started o.e.j.s.ServletContextHandler@7462ba4b{/logs,file:///workdir/hadoop-ozone/integration-test/target/log,AVAILABLE}
2019-09-12 10:09:55,641 [main] INFO  handler.ContextHandler (ContextHandler.java:doStart(781)) - Started o.e.j.s.ServletContextHandler@18811c42{/static,file:///workdir/hadoop-ozone/integration-test/target/test-classes/webapps/static,AVAILABLE}
2019-09-12 10:09:55,649 [main] INFO  handler.ContextHandler (ContextHandler.java:doStart(781)) - Started o.e.j.w.WebAppContext@4fee14b{/,file:///workdir/hadoop-ozone/integration-test/target/test-classes/webapps/scm/,AVAILABLE}{/scm}
2019-09-12 10:09:55,649 [main] INFO  server.AbstractConnector (AbstractConnector.java:doStart(278)) - Started ServerConnector@11c3d22f{HTTP/1.1,[http/1.1]}{0.0.0.0:34129}
2019-09-12 10:09:55,650 [main] INFO  server.Server (Server.java:doStart(419)) - Started @66586ms
2019-09-12 10:09:55,651 [main] INFO  server.BaseHttpServer (BaseHttpServer.java:updateConnectorAddress(213)) - HTTP server of SCM is listening at http://0.0.0.0:34129
2019-09-12 10:09:55,651 [main] WARN  server.ServerUtils (ServerUtils.java:getDBPath(222)) - ozone.om.db.dirs is not configured. We recommend adding this setting. Falling back to ozone.metadata.dirs instead.
2019-09-12 10:09:55,652 [org.apache.hadoop.util.JvmPauseMonitor$Monitor@7d8f2eec] INFO  util.JvmPauseMonitor (JvmPauseMonitor.java:run(188)) - Starting JVM pause monitor
2019-09-12 10:09:55,665 [main] WARN  server.ServerUtils (ServerUtils.java:getDBPath(222)) - ozone.om.db.dirs is not configured. We recommend adding this setting. Falling back to ozone.metadata.dirs instead.
2019-09-12 10:09:55,666 [main] WARN  server.ServerUtils (ServerUtils.java:getDBPath(222)) - ozone.om.db.dirs is not configured. We recommend adding this setting. Falling back to ozone.metadata.dirs instead.
2019-09-12 10:09:55,666 [main] INFO  om.OzoneManager (OzoneManager.java:setOMNodeDetails(645)) - OM Service ID is not set. Setting it to the default ID: omServiceIdDefault
2019-09-12 10:09:55,666 [main] INFO  om.OzoneManager (OzoneManager.java:setOMNodeDetails(651)) - OM Node ID is not set. Setting it to the OmStorage's OmID: 6974e79f-1192-44a7-84f1-581f75aa6377
2019-09-12 10:09:55,667 [main] INFO  om.OzoneManager (OzoneManager.java:loadOMHAConfigs(602)) - Found matching OM address with OMServiceId: null, OMNodeId: null, RPC Address: localhost:0 and Ratis port: 9872
2019-09-12 10:09:55,672 | INFO  | SCMAudit | user=jenkins1000 | ip=192.168.36.114 | op=GET_SCM_INFO null | ret=SUCCESS |  
2019-09-12 10:09:55,674 [main] WARN  server.ServerUtils (ServerUtils.java:getDBPath(222)) - ozone.om.db.dirs is not configured. We recommend adding this setting. Falling back to ozone.metadata.dirs instead.
2019-09-12 10:09:55,674 [main] INFO  db.DBStoreBuilder (DBStoreBuilder.java:addTable(110)) - using custom profile for table: userTable
2019-09-12 10:09:55,674 [main] INFO  db.DBStoreBuilder (DBStoreBuilder.java:processTables(161)) - Using default column profile:DBProfile.DISK for Table:userTable
2019-09-12 10:09:55,675 [main] INFO  db.DBStoreBuilder (DBStoreBuilder.java:addTable(110)) - using custom profile for table: volumeTable
2019-09-12 10:09:55,675 [main] INFO  db.DBStoreBuilder (DBStoreBuilder.java:processTables(161)) - Using default column profile:DBProfile.DISK for Table:volumeTable
2019-09-12 10:09:55,675 [main] INFO  db.DBStoreBuilder (DBStoreBuilder.java:addTable(110)) - using custom profile for table: bucketTable
2019-09-12 10:09:55,675 [main] INFO  db.DBStoreBuilder (DBStoreBuilder.java:processTables(161)) - Using default column profile:DBProfile.DISK for Table:bucketTable
2019-09-12 10:09:55,675 [main] INFO  db.DBStoreBuilder (DBStoreBuilder.java:addTable(110)) - using custom profile for table: keyTable
2019-09-12 10:09:55,676 [main] INFO  db.DBStoreBuilder (DBStoreBuilder.java:processTables(161)) - Using default column profile:DBProfile.DISK for Table:keyTable
2019-09-12 10:09:55,676 [main] INFO  db.DBStoreBuilder (DBStoreBuilder.java:addTable(110)) - using custom profile for table: deletedTable
2019-09-12 10:09:55,676 [main] INFO  db.DBStoreBuilder (DBStoreBuilder.java:processTables(161)) - Using default column profile:DBProfile.DISK for Table:deletedTable
2019-09-12 10:09:55,676 [main] INFO  db.DBStoreBuilder (DBStoreBuilder.java:addTable(110)) - using custom profile for table: openKeyTable
2019-09-12 10:09:55,676 [main] INFO  db.DBStoreBuilder (DBStoreBuilder.java:processTables(161)) - Using default column profile:DBProfile.DISK for Table:openKeyTable
2019-09-12 10:09:55,677 [main] INFO  db.DBStoreBuilder (DBStoreBuilder.java:addTable(110)) - using custom profile for table: s3Table
2019-09-12 10:09:55,677 [main] INFO  db.DBStoreBuilder (DBStoreBuilder.java:processTables(161)) - Using default column profile:DBProfile.DISK for Table:s3Table
2019-09-12 10:09:55,677 [main] INFO  db.DBStoreBuilder (DBStoreBuilder.java:addTable(110)) - using custom profile for table: multipartInfoTable
2019-09-12 10:09:55,677 [main] INFO  db.DBStoreBuilder (DBStoreBuilder.java:processTables(161)) - Using default column profile:DBProfile.DISK for Table:multipartInfoTable
2019-09-12 10:09:55,677 [main] INFO  db.DBStoreBuilder (DBStoreBuilder.java:addTable(110)) - using custom profile for table: dTokenTable
2019-09-12 10:09:55,678 [main] INFO  db.DBStoreBuilder (DBStoreBuilder.java:processTables(161)) - Using default column profile:DBProfile.DISK for Table:dTokenTable
2019-09-12 10:09:55,678 [main] INFO  db.DBStoreBuilder (DBStoreBuilder.java:addTable(110)) - using custom profile for table: s3SecretTable
2019-09-12 10:09:55,678 [main] INFO  db.DBStoreBuilder (DBStoreBuilder.java:processTables(161)) - Using default column profile:DBProfile.DISK for Table:s3SecretTable
2019-09-12 10:09:55,678 [main] INFO  db.DBStoreBuilder (DBStoreBuilder.java:addTable(110)) - using custom profile for table: prefixTable
2019-09-12 10:09:55,678 [main] INFO  db.DBStoreBuilder (DBStoreBuilder.java:processTables(161)) - Using default column profile:DBProfile.DISK for Table:prefixTable
2019-09-12 10:09:55,679 [main] INFO  db.DBStoreBuilder (DBStoreBuilder.java:addTable(110)) - using custom profile for table: default
2019-09-12 10:09:55,679 [main] INFO  db.DBStoreBuilder (DBStoreBuilder.java:processTables(167)) - Using default column profile:DBProfile.DISK for Table:default
2019-09-12 10:09:55,679 [main] INFO  db.DBStoreBuilder (DBStoreBuilder.java:getDbProfile(198)) - Using default options. DBProfile.DISK
2019-09-12 10:09:57,260 [main] INFO  ipc.CallQueueManager (CallQueueManager.java:<init>(84)) - Using callQueue: class java.util.concurrent.LinkedBlockingQueue, queueCapacity: 2000, scheduler: class org.apache.hadoop.ipc.DefaultRpcScheduler, ipcBackoff: false.
2019-09-12 10:09:57,262 [Socket Reader #1 for port 35068] INFO  ipc.Server (Server.java:run(1074)) - Starting Socket Reader #1 for port 35068
2019-09-12 10:09:57,274 [main] INFO  om.OzoneManager (OzoneManager.java:start(1256)) - OzoneManager RPC server is listening at localhost/127.0.0.1:35068
2019-09-12 10:09:57,275 [main] INFO  impl.MetricsSystemImpl (MetricsSystemImpl.java:init(158)) - OzoneManager metrics system started (again)
2019-09-12 10:09:57,275 [IPC Server Responder] INFO  ipc.Server (Server.java:run(1314)) - IPC Server Responder: starting
2019-09-12 10:09:57,276 [IPC Server listener on 35068] INFO  ipc.Server (Server.java:run(1153)) - IPC Server listener on 35068: starting
2019-09-12 10:09:57,279 [main] INFO  hdfs.DFSUtil (DFSUtil.java:httpServerTemplateForNNAndJN(1641)) - Starting Web-server for ozoneManager at: http://0.0.0.0:0
2019-09-12 10:09:57,281 [main] INFO  server.AuthenticationFilter (AuthenticationFilter.java:constructSecretProvider(240)) - Unable to initialize FileSignerSecretProvider, falling back to use random secrets.
2019-09-12 10:09:57,281 [main] WARN  http.HttpRequestLog (HttpRequestLog.java:getRequestLog(97)) - Jetty request log can only be enabled using Log4j
2019-09-12 10:09:57,283 [main] INFO  http.HttpServer2 (HttpServer2.java:addGlobalFilter(975)) - Added global filter 'safety' (class=org.apache.hadoop.http.HttpServer2$QuotingInputFilter)
2019-09-12 10:09:57,284 [main] INFO  http.HttpServer2 (HttpServer2.java:addFilter(948)) - Added filter static_user_filter (class=org.apache.hadoop.http.lib.StaticUserWebFilter$StaticUserFilter) to context ozoneManager
2019-09-12 10:09:57,284 [main] INFO  http.HttpServer2 (HttpServer2.java:addFilter(958)) - Added filter static_user_filter (class=org.apache.hadoop.http.lib.StaticUserWebFilter$StaticUserFilter) to context logs
2019-09-12 10:09:57,284 [main] INFO  http.HttpServer2 (HttpServer2.java:addFilter(958)) - Added filter static_user_filter (class=org.apache.hadoop.http.lib.StaticUserWebFilter$StaticUserFilter) to context static
2019-09-12 10:09:57,285 [main] INFO  http.HttpServer2 (HttpServer2.java:bindListener(1191)) - Jetty bound to port 35684
2019-09-12 10:09:57,285 [main] INFO  server.Server (Server.java:doStart(351)) - jetty-9.3.24.v20180605, build timestamp: 2018-06-05T17:11:56Z, git hash: 84205aa28f11a4f31f2a3b86d1bba2cc8ab69827
2019-09-12 10:09:57,287 [main] INFO  handler.ContextHandler (ContextHandler.java:doStart(781)) - Started o.e.j.s.ServletContextHandler@1b444b5{/logs,file:///workdir/hadoop-ozone/integration-test/target/log,AVAILABLE}
2019-09-12 10:09:57,287 [main] INFO  handler.ContextHandler (ContextHandler.java:doStart(781)) - Started o.e.j.s.ServletContextHandler@5ae66c98{/static,file:///workdir/hadoop-ozone/integration-test/target/test-classes/webapps/static,AVAILABLE}
2019-09-12 10:09:57,291 [main] INFO  handler.ContextHandler (ContextHandler.java:doStart(781)) - Started o.e.j.w.WebAppContext@e36bc01{/,file:///workdir/hadoop-ozone/integration-test/target/test-classes/webapps/ozoneManager/,AVAILABLE}{/ozoneManager}
2019-09-12 10:09:57,292 [main] INFO  server.AbstractConnector (AbstractConnector.java:doStart(278)) - Started ServerConnector@6654ca0d{HTTP/1.1,[http/1.1]}{0.0.0.0:35684}
2019-09-12 10:09:57,292 [main] INFO  server.Server (Server.java:doStart(419)) - Started @68229ms
2019-09-12 10:09:57,294 [main] INFO  server.BaseHttpServer (BaseHttpServer.java:updateConnectorAddress(213)) - HTTP server of OZONEMANAGER is listening at http://0.0.0.0:35684
2019-09-12 10:09:57,303 [main] INFO  impl.MetricsSystemImpl (MetricsSystemImpl.java:init(158)) - HddsDatanode metrics system started (again)
2019-09-12 10:09:57,305 [main] INFO  ozone.HddsDatanodeService (HddsDatanodeService.java:start(184)) - HddsDatanodeService host:pr-hdds-1569-58hkm-1881083799 ip:192.168.36.114
2019-09-12 10:09:57,311 [main] INFO  volume.HddsVolume (HddsVolume.java:<init>(176)) - Creating Volume: /workdir/hadoop-ozone/integration-test/target/test-dir/MiniOzoneClusterImpl-afece541-ebdb-408e-b3cb-0c4dcae62716/datanode-0/data/containers/hdds of  storage type : DISK and capacity : 1482555576320
2019-09-12 10:09:57,311 [main] INFO  volume.VolumeSet (VolumeSet.java:initializeVolumeSet(170)) - Added Volume : /workdir/hadoop-ozone/integration-test/target/test-dir/MiniOzoneClusterImpl-afece541-ebdb-408e-b3cb-0c4dcae62716/datanode-0/data/containers/hdds to VolumeSet
2019-09-12 10:09:57,312 [main] INFO  volume.ThrottledAsyncChecker (ThrottledAsyncChecker.java:schedule(140)) - Scheduling a check for org.apache.hadoop.ozone.container.common.volume.HddsVolume@63b4b9c6
2019-09-12 10:09:57,312 [main] INFO  volume.HddsVolumeChecker (HddsVolumeChecker.java:checkAllVolumes(203)) - Scheduled health check for volume org.apache.hadoop.ozone.container.common.volume.HddsVolume@63b4b9c6
2019-09-12 10:09:57,326 [main] INFO  impl.RaftServerProxy (ConfUtils.java:logGet(43)) - raft.rpc.type = GRPC (default)
2019-09-12 10:09:57,326 [main] INFO  grpc.GrpcFactory (GrpcFactory.java:checkPooledByteBufAllocatorUseCacheForAllThreads(45)) - PERFORMANCE WARNING: useCacheForAllThreads is true that may cause Netty to create a lot garbage objects and, as a result, trigger GC.
	It is recommended to disable useCacheForAllThreads by setting -Dorg.apache.ratis.thirdparty.io.netty.allocator.useCacheForAllThreads=false in command line.
2019-09-12 10:09:57,326 [main] INFO  grpc.GrpcConfigKeys$Server (ConfUtils.java:logGet(43)) - raft.grpc.server.port = 0 (default)
2019-09-12 10:09:57,326 [main] INFO  server.GrpcService (ConfUtils.java:logGet(43)) - raft.grpc.message.size.max = 33570816 (custom)
2019-09-12 10:09:57,327 [main] INFO  server.RaftServerConfigKeys (ConfUtils.java:logGet(43)) - raft.server.log.appender.buffer.byte-limit = 33554432 (custom)
2019-09-12 10:09:57,327 [main] INFO  server.GrpcService (ConfUtils.java:logGet(43)) - raft.grpc.flow.control.window = 1MB (=1048576) (default)
2019-09-12 10:09:57,327 [main] INFO  server.RaftServerConfigKeys (ConfUtils.java:logGet(43)) - raft.server.rpc.request.timeout = 3000ms (default)
2019-09-12 10:09:57,328 [main] INFO  server.RaftServerConfigKeys (ConfUtils.java:logGet(43)) - raft.server.storage.dir = [/workdir/hadoop-ozone/integration-test/target/test-dir/MiniOzoneClusterImpl-afece541-ebdb-408e-b3cb-0c4dcae62716/datanode-0/data/ratis] (custom)
2019-09-12 10:09:57,328 [main] INFO  replication.SimpleContainerDownloader (SimpleContainerDownloader.java:<init>(72)) - Starting container downloader service to copy containers to replicate.
2019-09-12 10:09:57,329 [main] INFO  hdfs.DFSUtil (DFSUtil.java:httpServerTemplateForNNAndJN(1641)) - Starting Web-server for hddsDatanode at: http://0.0.0.0:0
2019-09-12 10:09:57,330 [main] INFO  server.AuthenticationFilter (AuthenticationFilter.java:constructSecretProvider(240)) - Unable to initialize FileSignerSecretProvider, falling back to use random secrets.
2019-09-12 10:09:57,331 [main] WARN  http.HttpRequestLog (HttpRequestLog.java:getRequestLog(97)) - Jetty request log can only be enabled using Log4j
2019-09-12 10:09:57,332 [main] INFO  http.HttpServer2 (HttpServer2.java:addGlobalFilter(975)) - Added global filter 'safety' (class=org.apache.hadoop.http.HttpServer2$QuotingInputFilter)
2019-09-12 10:09:57,332 [main] INFO  http.HttpServer2 (HttpServer2.java:addFilter(948)) - Added filter static_user_filter (class=org.apache.hadoop.http.lib.StaticUserWebFilter$StaticUserFilter) to context hddsDatanode
2019-09-12 10:09:57,333 [main] INFO  http.HttpServer2 (HttpServer2.java:addFilter(958)) - Added filter static_user_filter (class=org.apache.hadoop.http.lib.StaticUserWebFilter$StaticUserFilter) to context static
2019-09-12 10:09:57,333 [main] INFO  http.HttpServer2 (HttpServer2.java:addFilter(958)) - Added filter static_user_filter (class=org.apache.hadoop.http.lib.StaticUserWebFilter$StaticUserFilter) to context logs
2019-09-12 10:09:57,333 [main] INFO  http.HttpServer2 (HttpServer2.java:bindListener(1191)) - Jetty bound to port 44864
2019-09-12 10:09:57,334 [main] INFO  server.Server (Server.java:doStart(351)) - jetty-9.3.24.v20180605, build timestamp: 2018-06-05T17:11:56Z, git hash: 84205aa28f11a4f31f2a3b86d1bba2cc8ab69827
2019-09-12 10:09:57,335 [main] INFO  handler.ContextHandler (ContextHandler.java:doStart(781)) - Started o.e.j.s.ServletContextHandler@4e2824b1{/logs,file:///workdir/hadoop-ozone/integration-test/target/log,AVAILABLE}
2019-09-12 10:09:57,336 [main] INFO  handler.ContextHandler (ContextHandler.java:doStart(781)) - Started o.e.j.s.ServletContextHandler@7d18338b{/static,jar:file:/home/user/.m2/repository/org/apache/hadoop/hadoop-hdds-container-service/0.5.0-SNAPSHOT/hadoop-hdds-container-service-0.5.0-SNAPSHOT.jar!/webapps/static,AVAILABLE}
2019-09-12 10:09:57,363 [main] INFO  handler.ContextHandler (ContextHandler.java:doStart(781)) - Started o.e.j.w.WebAppContext@23c05889{/,file:///tmp/jetty-0.0.0.0-44864-hddsDatanode-_-any-6894653607605666865.dir/webapp/,AVAILABLE}{/hddsDatanode}
2019-09-12 10:09:57,363 [main] INFO  server.AbstractConnector (AbstractConnector.java:doStart(278)) - Started ServerConnector@12166229{HTTP/1.1,[http/1.1]}{0.0.0.0:44864}
2019-09-12 10:09:57,364 [main] INFO  server.Server (Server.java:doStart(419)) - Started @68300ms
2019-09-12 10:09:57,365 [main] INFO  server.BaseHttpServer (BaseHttpServer.java:updateConnectorAddress(213)) - HTTP server of HDDSDATANODE is listening at http://0.0.0.0:44864
2019-09-12 10:09:57,493 | INFO  | ObjectStoreRestHttpServer | Listening HDDS REST traffic on /0.0.0.0:37082 |  
2019-09-12 10:09:57,493 [main] INFO  ozone.HddsDatanodeService (HddsDatanodeService.java:startPlugins(395)) - Started plug-in org.apache.hadoop.ozone.web.OzoneHddsDatanodeService@66863941
2019-09-12 10:09:57,494 [main] INFO  impl.MetricsSystemImpl (MetricsSystemImpl.java:init(158)) - HddsDatanode metrics system started (again)
2019-09-12 10:09:57,495 [main] INFO  ozone.HddsDatanodeService (HddsDatanodeService.java:start(184)) - HddsDatanodeService host:pr-hdds-1569-58hkm-1881083799 ip:192.168.36.114
2019-09-12 10:09:57,496 [org.apache.hadoop.util.JvmPauseMonitor$Monitor@6fc512d1] INFO  util.JvmPauseMonitor (JvmPauseMonitor.java:run(188)) - Starting JVM pause monitor
2019-09-12 10:09:57,498 [Datanode State Machine Thread - 0] INFO  datanode.InitDatanodeState (InitDatanodeState.java:persistContainerDatanodeDetails(140)) - DatanodeDetails is persisted to /workdir/hadoop-ozone/integration-test/target/test-dir/MiniOzoneClusterImpl-afece541-ebdb-408e-b3cb-0c4dcae62716/datanode-0/meta/datanode.id
2019-09-12 10:09:57,504 [main] INFO  volume.HddsVolume (HddsVolume.java:<init>(176)) - Creating Volume: /workdir/hadoop-ozone/integration-test/target/test-dir/MiniOzoneClusterImpl-afece541-ebdb-408e-b3cb-0c4dcae62716/datanode-1/data/containers/hdds of  storage type : DISK and capacity : 1482555576320
2019-09-12 10:09:57,504 [main] INFO  volume.VolumeSet (VolumeSet.java:initializeVolumeSet(170)) - Added Volume : /workdir/hadoop-ozone/integration-test/target/test-dir/MiniOzoneClusterImpl-afece541-ebdb-408e-b3cb-0c4dcae62716/datanode-1/data/containers/hdds to VolumeSet
2019-09-12 10:09:57,505 [main] INFO  volume.ThrottledAsyncChecker (ThrottledAsyncChecker.java:schedule(140)) - Scheduling a check for org.apache.hadoop.ozone.container.common.volume.HddsVolume@4e96cb04
2019-09-12 10:09:57,505 [main] INFO  volume.HddsVolumeChecker (HddsVolumeChecker.java:checkAllVolumes(203)) - Scheduled health check for volume org.apache.hadoop.ozone.container.common.volume.HddsVolume@4e96cb04
2019-09-12 10:09:57,519 [main] INFO  impl.RaftServerProxy (ConfUtils.java:logGet(43)) - raft.rpc.type = GRPC (default)
2019-09-12 10:09:57,519 [main] INFO  grpc.GrpcFactory (GrpcFactory.java:checkPooledByteBufAllocatorUseCacheForAllThreads(45)) - PERFORMANCE WARNING: useCacheForAllThreads is true that may cause Netty to create a lot garbage objects and, as a result, trigger GC.
	It is recommended to disable useCacheForAllThreads by setting -Dorg.apache.ratis.thirdparty.io.netty.allocator.useCacheForAllThreads=false in command line.
2019-09-12 10:09:57,519 [main] INFO  grpc.GrpcConfigKeys$Server (ConfUtils.java:logGet(43)) - raft.grpc.server.port = 0 (default)
2019-09-12 10:09:57,520 [main] INFO  server.GrpcService (ConfUtils.java:logGet(43)) - raft.grpc.message.size.max = 33570816 (custom)
2019-09-12 10:09:57,520 [main] INFO  server.RaftServerConfigKeys (ConfUtils.java:logGet(43)) - raft.server.log.appender.buffer.byte-limit = 33554432 (custom)
2019-09-12 10:09:57,520 [main] INFO  server.GrpcService (ConfUtils.java:logGet(43)) - raft.grpc.flow.control.window = 1MB (=1048576) (default)
2019-09-12 10:09:57,520 [main] INFO  server.RaftServerConfigKeys (ConfUtils.java:logGet(43)) - raft.server.rpc.request.timeout = 3000ms (default)
2019-09-12 10:09:57,521 [main] INFO  server.RaftServerConfigKeys (ConfUtils.java:logGet(43)) - raft.server.storage.dir = [/workdir/hadoop-ozone/integration-test/target/test-dir/MiniOzoneClusterImpl-afece541-ebdb-408e-b3cb-0c4dcae62716/datanode-1/data/ratis] (custom)
2019-09-12 10:09:57,521 [main] INFO  replication.SimpleContainerDownloader (SimpleContainerDownloader.java:<init>(72)) - Starting container downloader service to copy containers to replicate.
2019-09-12 10:09:57,522 [main] INFO  hdfs.DFSUtil (DFSUtil.java:httpServerTemplateForNNAndJN(1641)) - Starting Web-server for hddsDatanode at: http://0.0.0.0:0
2019-09-12 10:09:57,524 [main] INFO  server.AuthenticationFilter (AuthenticationFilter.java:constructSecretProvider(240)) - Unable to initialize FileSignerSecretProvider, falling back to use random secrets.
2019-09-12 10:09:57,524 [main] WARN  http.HttpRequestLog (HttpRequestLog.java:getRequestLog(97)) - Jetty request log can only be enabled using Log4j
2019-09-12 10:09:57,525 [main] INFO  http.HttpServer2 (HttpServer2.java:addGlobalFilter(975)) - Added global filter 'safety' (class=org.apache.hadoop.http.HttpServer2$QuotingInputFilter)
2019-09-12 10:09:57,526 [main] INFO  http.HttpServer2 (HttpServer2.java:addFilter(948)) - Added filter static_user_filter (class=org.apache.hadoop.http.lib.StaticUserWebFilter$StaticUserFilter) to context hddsDatanode
2019-09-12 10:09:57,526 [main] INFO  http.HttpServer2 (HttpServer2.java:addFilter(958)) - Added filter static_user_filter (class=org.apache.hadoop.http.lib.StaticUserWebFilter$StaticUserFilter) to context static
2019-09-12 10:09:57,526 [main] INFO  http.HttpServer2 (HttpServer2.java:addFilter(958)) - Added filter static_user_filter (class=org.apache.hadoop.http.lib.StaticUserWebFilter$StaticUserFilter) to context logs
2019-09-12 10:09:57,527 [main] INFO  http.HttpServer2 (HttpServer2.java:bindListener(1191)) - Jetty bound to port 43107
2019-09-12 10:09:57,527 [main] INFO  server.Server (Server.java:doStart(351)) - jetty-9.3.24.v20180605, build timestamp: 2018-06-05T17:11:56Z, git hash: 84205aa28f11a4f31f2a3b86d1bba2cc8ab69827
2019-09-12 10:09:57,528 [main] INFO  handler.ContextHandler (ContextHandler.java:doStart(781)) - Started o.e.j.s.ServletContextHandler@6f4d2294{/logs,file:///workdir/hadoop-ozone/integration-test/target/log,AVAILABLE}
2019-09-12 10:09:57,529 [main] INFO  handler.ContextHandler (ContextHandler.java:doStart(781)) - Started o.e.j.s.ServletContextHandler@2e0516a3{/static,jar:file:/home/user/.m2/repository/org/apache/hadoop/hadoop-hdds-container-service/0.5.0-SNAPSHOT/hadoop-hdds-container-service-0.5.0-SNAPSHOT.jar!/webapps/static,AVAILABLE}
2019-09-12 10:09:57,556 [main] INFO  handler.ContextHandler (ContextHandler.java:doStart(781)) - Started o.e.j.w.WebAppContext@457692cb{/,file:///tmp/jetty-0.0.0.0-43107-hddsDatanode-_-any-6129919144694424479.dir/webapp/,AVAILABLE}{/hddsDatanode}
2019-09-12 10:09:57,557 [main] INFO  server.AbstractConnector (AbstractConnector.java:doStart(278)) - Started ServerConnector@350342e0{HTTP/1.1,[http/1.1]}{0.0.0.0:43107}
2019-09-12 10:09:57,558 [main] INFO  server.Server (Server.java:doStart(419)) - Started @68494ms
2019-09-12 10:09:57,558 [main] INFO  server.BaseHttpServer (BaseHttpServer.java:updateConnectorAddress(213)) - HTTP server of HDDSDATANODE is listening at http://0.0.0.0:43107
2019-09-12 10:09:57,692 | INFO  | ObjectStoreRestHttpServer | Listening HDDS REST traffic on /0.0.0.0:35731 |  
2019-09-12 10:09:57,692 [main] INFO  ozone.HddsDatanodeService (HddsDatanodeService.java:startPlugins(395)) - Started plug-in org.apache.hadoop.ozone.web.OzoneHddsDatanodeService@17f41739
2019-09-12 10:09:57,692 [main] INFO  impl.MetricsSystemImpl (MetricsSystemImpl.java:init(158)) - HddsDatanode metrics system started (again)
2019-09-12 10:09:57,695 [org.apache.hadoop.util.JvmPauseMonitor$Monitor@338217ba] INFO  util.JvmPauseMonitor (JvmPauseMonitor.java:run(188)) - Starting JVM pause monitor
2019-09-12 10:09:57,695 [main] INFO  ozone.HddsDatanodeService (HddsDatanodeService.java:start(184)) - HddsDatanodeService host:pr-hdds-1569-58hkm-1881083799 ip:192.168.36.114
2019-09-12 10:09:57,697 [Datanode State Machine Thread - 0] INFO  datanode.InitDatanodeState (InitDatanodeState.java:persistContainerDatanodeDetails(140)) - DatanodeDetails is persisted to /workdir/hadoop-ozone/integration-test/target/test-dir/MiniOzoneClusterImpl-afece541-ebdb-408e-b3cb-0c4dcae62716/datanode-1/meta/datanode.id
2019-09-12 10:09:57,700 [main] INFO  volume.HddsVolume (HddsVolume.java:<init>(176)) - Creating Volume: /workdir/hadoop-ozone/integration-test/target/test-dir/MiniOzoneClusterImpl-afece541-ebdb-408e-b3cb-0c4dcae62716/datanode-2/data/containers/hdds of  storage type : DISK and capacity : 1482555576320
2019-09-12 10:09:57,701 [main] INFO  volume.VolumeSet (VolumeSet.java:initializeVolumeSet(170)) - Added Volume : /workdir/hadoop-ozone/integration-test/target/test-dir/MiniOzoneClusterImpl-afece541-ebdb-408e-b3cb-0c4dcae62716/datanode-2/data/containers/hdds to VolumeSet
2019-09-12 10:09:57,701 [main] INFO  volume.ThrottledAsyncChecker (ThrottledAsyncChecker.java:schedule(140)) - Scheduling a check for org.apache.hadoop.ozone.container.common.volume.HddsVolume@4946485c
2019-09-12 10:09:57,701 [main] INFO  volume.HddsVolumeChecker (HddsVolumeChecker.java:checkAllVolumes(203)) - Scheduled health check for volume org.apache.hadoop.ozone.container.common.volume.HddsVolume@4946485c
2019-09-12 10:09:57,714 [main] INFO  impl.RaftServerProxy (ConfUtils.java:logGet(43)) - raft.rpc.type = GRPC (default)
2019-09-12 10:09:57,715 [main] INFO  grpc.GrpcFactory (GrpcFactory.java:checkPooledByteBufAllocatorUseCacheForAllThreads(45)) - PERFORMANCE WARNING: useCacheForAllThreads is true that may cause Netty to create a lot garbage objects and, as a result, trigger GC.
	It is recommended to disable useCacheForAllThreads by setting -Dorg.apache.ratis.thirdparty.io.netty.allocator.useCacheForAllThreads=false in command line.
2019-09-12 10:09:57,715 [main] INFO  grpc.GrpcConfigKeys$Server (ConfUtils.java:logGet(43)) - raft.grpc.server.port = 0 (default)
2019-09-12 10:09:57,715 [main] INFO  server.GrpcService (ConfUtils.java:logGet(43)) - raft.grpc.message.size.max = 33570816 (custom)
2019-09-12 10:09:57,715 [main] INFO  server.RaftServerConfigKeys (ConfUtils.java:logGet(43)) - raft.server.log.appender.buffer.byte-limit = 33554432 (custom)
2019-09-12 10:09:57,715 [main] INFO  server.GrpcService (ConfUtils.java:logGet(43)) - raft.grpc.flow.control.window = 1MB (=1048576) (default)
2019-09-12 10:09:57,715 [main] INFO  server.RaftServerConfigKeys (ConfUtils.java:logGet(43)) - raft.server.rpc.request.timeout = 3000ms (default)
2019-09-12 10:09:57,716 [main] INFO  server.RaftServerConfigKeys (ConfUtils.java:logGet(43)) - raft.server.storage.dir = [/workdir/hadoop-ozone/integration-test/target/test-dir/MiniOzoneClusterImpl-afece541-ebdb-408e-b3cb-0c4dcae62716/datanode-2/data/ratis] (custom)
2019-09-12 10:09:57,716 [main] INFO  replication.SimpleContainerDownloader (SimpleContainerDownloader.java:<init>(72)) - Starting container downloader service to copy containers to replicate.
2019-09-12 10:09:57,717 [main] INFO  hdfs.DFSUtil (DFSUtil.java:httpServerTemplateForNNAndJN(1641)) - Starting Web-server for hddsDatanode at: http://0.0.0.0:0
2019-09-12 10:09:57,719 [main] INFO  server.AuthenticationFilter (AuthenticationFilter.java:constructSecretProvider(240)) - Unable to initialize FileSignerSecretProvider, falling back to use random secrets.
2019-09-12 10:09:57,719 [main] WARN  http.HttpRequestLog (HttpRequestLog.java:getRequestLog(97)) - Jetty request log can only be enabled using Log4j
2019-09-12 10:09:57,720 [main] INFO  http.HttpServer2 (HttpServer2.java:addGlobalFilter(975)) - Added global filter 'safety' (class=org.apache.hadoop.http.HttpServer2$QuotingInputFilter)
2019-09-12 10:09:57,721 [main] INFO  http.HttpServer2 (HttpServer2.java:addFilter(948)) - Added filter static_user_filter (class=org.apache.hadoop.http.lib.StaticUserWebFilter$StaticUserFilter) to context hddsDatanode
2019-09-12 10:09:57,721 [main] INFO  http.HttpServer2 (HttpServer2.java:addFilter(958)) - Added filter static_user_filter (class=org.apache.hadoop.http.lib.StaticUserWebFilter$StaticUserFilter) to context static
2019-09-12 10:09:57,721 [main] INFO  http.HttpServer2 (HttpServer2.java:addFilter(958)) - Added filter static_user_filter (class=org.apache.hadoop.http.lib.StaticUserWebFilter$StaticUserFilter) to context logs
2019-09-12 10:09:57,722 [main] INFO  http.HttpServer2 (HttpServer2.java:bindListener(1191)) - Jetty bound to port 41923
2019-09-12 10:09:57,722 [main] INFO  server.Server (Server.java:doStart(351)) - jetty-9.3.24.v20180605, build timestamp: 2018-06-05T17:11:56Z, git hash: 84205aa28f11a4f31f2a3b86d1bba2cc8ab69827
2019-09-12 10:09:57,723 [main] INFO  handler.ContextHandler (ContextHandler.java:doStart(781)) - Started o.e.j.s.ServletContextHandler@684b26b7{/logs,file:///workdir/hadoop-ozone/integration-test/target/log,AVAILABLE}
2019-09-12 10:09:57,724 [main] INFO  handler.ContextHandler (ContextHandler.java:doStart(781)) - Started o.e.j.s.ServletContextHandler@4182a651{/static,jar:file:/home/user/.m2/repository/org/apache/hadoop/hadoop-hdds-container-service/0.5.0-SNAPSHOT/hadoop-hdds-container-service-0.5.0-SNAPSHOT.jar!/webapps/static,AVAILABLE}
2019-09-12 10:09:57,754 [main] INFO  handler.ContextHandler (ContextHandler.java:doStart(781)) - Started o.e.j.w.WebAppContext@63eea8c4{/,file:///tmp/jetty-0.0.0.0-41923-hddsDatanode-_-any-7424830168599064798.dir/webapp/,AVAILABLE}{/hddsDatanode}
2019-09-12 10:09:57,755 [main] INFO  server.AbstractConnector (AbstractConnector.java:doStart(278)) - Started ServerConnector@19924f15{HTTP/1.1,[http/1.1]}{0.0.0.0:41923}
2019-09-12 10:09:57,758 [main] INFO  server.Server (Server.java:doStart(419)) - Started @68694ms
2019-09-12 10:09:57,759 [main] INFO  server.BaseHttpServer (BaseHttpServer.java:updateConnectorAddress(213)) - HTTP server of HDDSDATANODE is listening at http://0.0.0.0:41923
2019-09-12 10:09:57,900 | INFO  | ObjectStoreRestHttpServer | Listening HDDS REST traffic on /0.0.0.0:45077 |  
2019-09-12 10:09:57,901 [main] INFO  ozone.HddsDatanodeService (HddsDatanodeService.java:startPlugins(395)) - Started plug-in org.apache.hadoop.ozone.web.OzoneHddsDatanodeService@4c000cc4
2019-09-12 10:09:57,901 [main] INFO  ozone.MiniOzoneClusterImpl (MiniOzoneClusterImpl.java:lambda$waitForClusterToBeReady$0(142)) - Waiting for cluster to be ready. Got 0 of 3 DN Heartbeats.
2019-09-12 10:09:57,902 [org.apache.hadoop.util.JvmPauseMonitor$Monitor@343cf1] INFO  util.JvmPauseMonitor (JvmPauseMonitor.java:run(188)) - Starting JVM pause monitor
2019-09-12 10:09:57,904 [Datanode State Machine Thread - 0] INFO  datanode.InitDatanodeState (InitDatanodeState.java:persistContainerDatanodeDetails(140)) - DatanodeDetails is persisted to /workdir/hadoop-ozone/integration-test/target/test-dir/MiniOzoneClusterImpl-afece541-ebdb-408e-b3cb-0c4dcae62716/datanode-2/meta/datanode.id
2019-09-12 10:09:58,901 [main] INFO  ozone.MiniOzoneClusterImpl (MiniOzoneClusterImpl.java:lambda$waitForClusterToBeReady$0(142)) - Waiting for cluster to be ready. Got 0 of 3 DN Heartbeats.
2019-09-12 10:09:59,502 | INFO  | SCMAudit | user=jenkins1000 | ip=192.168.36.114 | op=GET_VERSION null | ret=SUCCESS |  
2019-09-12 10:09:59,579 [Datanode State Machine Thread - 0] INFO  ozoneimpl.OzoneContainer (OzoneContainer.java:start(186)) - Attempting to start container services.
2019-09-12 10:09:59,579 [Datanode State Machine Thread - 0] INFO  ozoneimpl.OzoneContainer (OzoneContainer.java:startContainerScrub(160)) - Background container scrubber has been disabled by hdds.containerscrub.enabled
2019-09-12 10:09:59,579 [Datanode State Machine Thread - 0] INFO  ratis.XceiverServerRatis (XceiverServerRatis.java:start(404)) - Starting XceiverServerRatis 3291f544-f1a5-4119-b184-edae5bac4c07 at port 0
2019-09-12 10:09:59,585 [Datanode State Machine Thread - 0] INFO  impl.RaftServerProxy (RaftServerProxy.java:lambda$start$3(299)) - 3291f544-f1a5-4119-b184-edae5bac4c07: start RPC server
2019-09-12 10:09:59,588 [Datanode State Machine Thread - 0] INFO  server.GrpcService (GrpcService.java:startImpl(149)) - 3291f544-f1a5-4119-b184-edae5bac4c07: GrpcService started, listening on 0.0.0.0/0.0.0.0:42981
2019-09-12 10:09:59,588 [Datanode State Machine Thread - 0] INFO  ratis.XceiverServerRatis (XceiverServerRatis.java:start(414)) - XceiverServerRatis 3291f544-f1a5-4119-b184-edae5bac4c07 is started using port 42981
2019-09-12 10:09:59,596 [Datanode State Machine Thread - 0] INFO  server.XceiverServerGrpc (XceiverServerGrpc.java:start(163)) - XceiverServerGrpc 3291f544-f1a5-4119-b184-edae5bac4c07 is started using port 33969
2019-09-12 10:09:59,698 | INFO  | SCMAudit | user=jenkins1000 | ip=192.168.36.114 | op=GET_VERSION null | ret=SUCCESS |  
2019-09-12 10:09:59,712 [Datanode State Machine Thread - 0] INFO  ozoneimpl.OzoneContainer (OzoneContainer.java:start(186)) - Attempting to start container services.
2019-09-12 10:09:59,712 [Datanode State Machine Thread - 0] INFO  ozoneimpl.OzoneContainer (OzoneContainer.java:startContainerScrub(160)) - Background container scrubber has been disabled by hdds.containerscrub.enabled
2019-09-12 10:09:59,713 [Datanode State Machine Thread - 0] INFO  ratis.XceiverServerRatis (XceiverServerRatis.java:start(404)) - Starting XceiverServerRatis aab15dc4-7b32-43e5-ad59-c8341f2a8016 at port 0
2019-09-12 10:09:59,719 [Datanode State Machine Thread - 0] INFO  impl.RaftServerProxy (RaftServerProxy.java:lambda$start$3(299)) - aab15dc4-7b32-43e5-ad59-c8341f2a8016: start RPC server
2019-09-12 10:09:59,720 [Datanode State Machine Thread - 0] INFO  server.GrpcService (GrpcService.java:startImpl(149)) - aab15dc4-7b32-43e5-ad59-c8341f2a8016: GrpcService started, listening on 0.0.0.0/0.0.0.0:46566
2019-09-12 10:09:59,721 [Datanode State Machine Thread - 0] INFO  ratis.XceiverServerRatis (XceiverServerRatis.java:start(414)) - XceiverServerRatis aab15dc4-7b32-43e5-ad59-c8341f2a8016 is started using port 46566
2019-09-12 10:09:59,721 [Datanode State Machine Thread - 0] INFO  server.XceiverServerGrpc (XceiverServerGrpc.java:start(163)) - XceiverServerGrpc aab15dc4-7b32-43e5-ad59-c8341f2a8016 is started using port 38119
2019-09-12 10:09:59,902 [main] INFO  ozone.MiniOzoneClusterImpl (MiniOzoneClusterImpl.java:lambda$waitForClusterToBeReady$0(142)) - Waiting for cluster to be ready. Got 0 of 3 DN Heartbeats.
2019-09-12 10:09:59,905 | INFO  | SCMAudit | user=jenkins1000 | ip=192.168.36.114 | op=GET_VERSION null | ret=SUCCESS |  
2019-09-12 10:09:59,950 [Datanode State Machine Thread - 0] INFO  ozoneimpl.OzoneContainer (OzoneContainer.java:start(186)) - Attempting to start container services.
2019-09-12 10:09:59,950 [Datanode State Machine Thread - 0] INFO  ozoneimpl.OzoneContainer (OzoneContainer.java:startContainerScrub(160)) - Background container scrubber has been disabled by hdds.containerscrub.enabled
2019-09-12 10:09:59,950 [Datanode State Machine Thread - 0] INFO  ratis.XceiverServerRatis (XceiverServerRatis.java:start(404)) - Starting XceiverServerRatis 004fc30c-f0ab-42da-b88f-ff2f3e6aa886 at port 0
2019-09-12 10:09:59,955 [Datanode State Machine Thread - 0] INFO  impl.RaftServerProxy (RaftServerProxy.java:lambda$start$3(299)) - 004fc30c-f0ab-42da-b88f-ff2f3e6aa886: start RPC server
2019-09-12 10:09:59,957 [Datanode State Machine Thread - 0] INFO  server.GrpcService (GrpcService.java:startImpl(149)) - 004fc30c-f0ab-42da-b88f-ff2f3e6aa886: GrpcService started, listening on 0.0.0.0/0.0.0.0:44994
2019-09-12 10:09:59,958 [Datanode State Machine Thread - 0] INFO  ratis.XceiverServerRatis (XceiverServerRatis.java:start(414)) - XceiverServerRatis 004fc30c-f0ab-42da-b88f-ff2f3e6aa886 is started using port 44994
2019-09-12 10:09:59,958 [Datanode State Machine Thread - 0] INFO  server.XceiverServerGrpc (XceiverServerGrpc.java:start(163)) - XceiverServerGrpc 004fc30c-f0ab-42da-b88f-ff2f3e6aa886 is started using port 45869
2019-09-12 10:10:00,902 [main] INFO  ozone.MiniOzoneClusterImpl (MiniOzoneClusterImpl.java:lambda$waitForClusterToBeReady$0(142)) - Waiting for cluster to be ready. Got 0 of 3 DN Heartbeats.
2019-09-12 10:10:01,501 [IPC Server handler 3 on 38951] INFO  net.NetworkTopology (NetworkTopologyImpl.java:add(110)) - Added a new node: /default-rack/3291f544-f1a5-4119-b184-edae5bac4c07
2019-09-12 10:10:01,506 [IPC Server handler 3 on 38951] INFO  node.SCMNodeManager (SCMNodeManager.java:register(273)) - Registered Data node : 3291f544-f1a5-4119-b184-edae5bac4c07{ip: 192.168.36.114, host: pr-hdds-1569-58hkm-1881083799, networkLocation: /default-rack, certSerialId: null}
2019-09-12 10:10:01,507 [EventQueue-NodeRegistrationContainerReportForDataNodeSafeModeRule] INFO  safemode.SCMSafeModeManager (DataNodeSafeModeRule.java:process(71)) - SCM in safe mode. 1 DataNodes registered, 1 required.
2019-09-12 10:10:01,509 [EventQueue-NodeRegistrationContainerReportForDataNodeSafeModeRule] INFO  safemode.SCMSafeModeManager (SCMSafeModeManager.java:validateSafeModeExitRules(177)) - ScmSafeModeManager, all rules are successfully validated
2019-09-12 10:10:01,509 [EventQueue-NodeRegistrationContainerReportForDataNodeSafeModeRule] INFO  safemode.SCMSafeModeManager (SCMSafeModeManager.java:exitSafeMode(193)) - SCM exiting safe mode.
2019-09-12 10:10:01,508 | INFO  | SCMAudit | user=jenkins1000 | ip=192.168.36.114 | op=REGISTER {datanodeDetails=3291f544-f1a5-4119-b184-edae5bac4c07{ip: 192.168.36.114, host: pr-hdds-1569-58hkm-1881083799, networkLocation: /default-rack, certSerialId: null}} | ret=SUCCESS |  
2019-09-12 10:10:01,519 [grpc-default-executor-0] INFO  impl.RaftServerProxy (RaftServerProxy.java:addNew(89)) - 3291f544-f1a5-4119-b184-edae5bac4c07: addNew group-3EFA0C284A2C:[3291f544-f1a5-4119-b184-edae5bac4c07:192.168.36.114:42981] returns group-3EFA0C284A2C:java.util.concurrent.CompletableFuture@7b49eed0[Not completed]
2019-09-12 10:10:01,521 [pool-186-thread-1] INFO  impl.RaftServerImpl (RaftServerImpl.java:<init>(93)) - 3291f544-f1a5-4119-b184-edae5bac4c07: new RaftServerImpl for group-3EFA0C284A2C:[3291f544-f1a5-4119-b184-edae5bac4c07:192.168.36.114:42981] with ContainerStateMachine:uninitialized
2019-09-12 10:10:01,521 [pool-186-thread-1] INFO  server.RaftServerConfigKeys (ConfUtils.java:logGet(43)) - raft.server.rpc.timeout.min = 5s (custom)
2019-09-12 10:10:01,521 [pool-186-thread-1] INFO  server.RaftServerConfigKeys (ConfUtils.java:logGet(43)) - raft.server.rpc.timeout.max = 5200ms (custom)
2019-09-12 10:10:01,521 [pool-186-thread-1] INFO  server.RaftServerConfigKeys (ConfUtils.java:logGet(43)) - raft.server.rpcslowness.timeout = 120s (custom)
2019-09-12 10:10:01,521 [pool-186-thread-1] INFO  server.RaftServerConfigKeys (ConfUtils.java:logGet(43)) - raft.server.sleep.deviation.threshold = 300 (default)
2019-09-12 10:10:01,521 [pool-186-thread-1] INFO  server.RaftServerConfigKeys (ConfUtils.java:logGet(43)) - raft.server.log.appender.install.snapshot.enabled = false (custom)
2019-09-12 10:10:01,521 [pool-186-thread-1] INFO  impl.RaftServerImpl (ServerState.java:<init>(105)) - 3291f544-f1a5-4119-b184-edae5bac4c07:group-3EFA0C284A2C ConfigurationManager, init=-1: [3291f544-f1a5-4119-b184-edae5bac4c07:192.168.36.114:42981], old=null, confs=<EMPTY_MAP>
2019-09-12 10:10:01,521 [pool-186-thread-1] INFO  server.RaftServerConfigKeys (ConfUtils.java:logGet(43)) - raft.server.storage.dir = [/workdir/hadoop-ozone/integration-test/target/test-dir/MiniOzoneClusterImpl-afece541-ebdb-408e-b3cb-0c4dcae62716/datanode-0/data/ratis] (custom)
2019-09-12 10:10:01,522 [pool-186-thread-1] INFO  storage.RaftStorageDirectory (RaftStorageDirectory.java:analyzeStorage(246)) - The storage directory /workdir/hadoop-ozone/integration-test/target/test-dir/MiniOzoneClusterImpl-afece541-ebdb-408e-b3cb-0c4dcae62716/datanode-0/data/ratis/78251e3b-55a0-4ae1-8c96-3efa0c284a2c does not exist. Creating ...
2019-09-12 10:10:01,535 [pool-186-thread-1] INFO  storage.RaftStorageDirectory (RaftStorageDirectory.java:tryLock(328)) - Lock on /workdir/hadoop-ozone/integration-test/target/test-dir/MiniOzoneClusterImpl-afece541-ebdb-408e-b3cb-0c4dcae62716/datanode-0/data/ratis/78251e3b-55a0-4ae1-8c96-3efa0c284a2c/in_use.lock acquired by nodename 2537@pr-hdds-1569-58hkm-1881083799
2019-09-12 10:10:01,548 [pool-186-thread-1] INFO  storage.RaftStorage (RaftStorage.java:format(72)) - Storage directory /workdir/hadoop-ozone/integration-test/target/test-dir/MiniOzoneClusterImpl-afece541-ebdb-408e-b3cb-0c4dcae62716/datanode-0/data/ratis/78251e3b-55a0-4ae1-8c96-3efa0c284a2c has been successfully formatted.
2019-09-12 10:10:01,548 [pool-186-thread-1] INFO  ratis.ContainerStateMachine (ContainerStateMachine.java:loadSnapshot(226)) - group-3EFA0C284A2C: The snapshot info is null. Setting the last applied indexto:(t:0, i:~)
2019-09-12 10:10:01,549 [pool-186-thread-1] INFO  server.RaftServerConfigKeys (ConfUtils.java:logGet(43)) - raft.server.leader.election.timeout = 120s (custom)
2019-09-12 10:10:01,549 [pool-186-thread-1] INFO  server.RaftServerConfigKeys (ConfUtils.java:logGet(43)) - raft.server.log.use.memory = false (default)
2019-09-12 10:10:01,549 [pool-186-thread-1] INFO  server.RaftServerConfigKeys (ConfUtils.java:logGet(43)) - raft.server.log.purge.gap = 1000000 (custom)
2019-09-12 10:10:01,549 [pool-186-thread-1] INFO  server.RaftServerConfigKeys (ConfUtils.java:logGet(43)) - raft.server.log.appender.buffer.byte-limit = 33554432 (custom)
2019-09-12 10:10:01,549 [pool-186-thread-1] INFO  server.RaftServerConfigKeys (ConfUtils.java:logGet(43)) - raft.server.log.segment.size.max = 1048576 (custom)
2019-09-12 10:10:01,549 [pool-186-thread-1] INFO  server.RaftServerConfigKeys (ConfUtils.java:logGet(43)) - raft.server.log.segment.cache.num.max = 2 (custom)
2019-09-12 10:10:01,549 [pool-186-thread-1] INFO  segmented.SegmentedRaftLogWorker (SegmentedRaftLogWorker.java:<init>(172)) - new 3291f544-f1a5-4119-b184-edae5bac4c07-SegmentedRaftLogWorker:Storage Directory /workdir/hadoop-ozone/integration-test/target/test-dir/MiniOzoneClusterImpl-afece541-ebdb-408e-b3cb-0c4dcae62716/datanode-0/data/ratis/78251e3b-55a0-4ae1-8c96-3efa0c284a2c for RaftStorage:Storage Directory /workdir/hadoop-ozone/integration-test/target/test-dir/MiniOzoneClusterImpl-afece541-ebdb-408e-b3cb-0c4dcae62716/datanode-0/data/ratis/78251e3b-55a0-4ae1-8c96-3efa0c284a2c
2019-09-12 10:10:01,549 [pool-186-thread-1] INFO  server.RaftServerConfigKeys (ConfUtils.java:logGet(43)) - raft.server.log.queue.byte-limit = 2147483647 (custom)
2019-09-12 10:10:01,550 [pool-186-thread-1] INFO  server.RaftServerConfigKeys (ConfUtils.java:logGet(43)) - raft.server.log.queue.element-limit = 1024 (custom)
2019-09-12 10:10:01,550 [pool-186-thread-1] INFO  server.RaftServerConfigKeys (ConfUtils.java:logGet(43)) - raft.server.log.segment.size.max = 1048576 (custom)
2019-09-12 10:10:01,550 [pool-186-thread-1] INFO  server.RaftServerConfigKeys (ConfUtils.java:logGet(43)) - raft.server.log.preallocated.size = 16384 (custom)
2019-09-12 10:10:01,550 [pool-186-thread-1] INFO  server.RaftServerConfigKeys (ConfUtils.java:logGet(43)) - raft.server.log.write.buffer.size = 33554432 (custom)
2019-09-12 10:10:01,550 [pool-186-thread-1] INFO  server.RaftServerConfigKeys (ConfUtils.java:logGet(43)) - raft.server.log.force.sync.num = 128 (default)
2019-09-12 10:10:01,550 [pool-186-thread-1] INFO  server.RaftServerConfigKeys (ConfUtils.java:logGet(43)) - raft.server.log.statemachine.data.sync = true (default)
2019-09-12 10:10:01,550 [pool-186-thread-1] INFO  server.RaftServerConfigKeys (ConfUtils.java:logGet(43)) - raft.server.log.statemachine.data.sync.timeout = 10s (default)
2019-09-12 10:10:01,551 [pool-186-thread-1] INFO  server.RaftServerConfigKeys (ConfUtils.java:logGet(43)) - raft.server.log.statemachine.data.sync.timeout.retry = -1 (default)
2019-09-12 10:10:01,551 [pool-186-thread-1] INFO  server.RaftServerConfigKeys (ConfUtils.java:logGet(43)) - raft.server.log.statemachine.data.caching.enabled = true (custom)
2019-09-12 10:10:01,551 [pool-186-thread-1] INFO  segmented.SegmentedRaftLogWorker (SegmentedRaftLogWorker.java:lambda$new$0(132)) - 3291f544-f1a5-4119-b184-edae5bac4c07-SegmentedRaftLogWorker:Storage Directory /workdir/hadoop-ozone/integration-test/target/test-dir/MiniOzoneClusterImpl-afece541-ebdb-408e-b3cb-0c4dcae62716/datanode-0/data/ratis/78251e3b-55a0-4ae1-8c96-3efa0c284a2c: flushIndex: setUnconditionally 0 -> -1
2019-09-12 10:10:01,551 [pool-186-thread-1] INFO  server.RaftServerConfigKeys (ConfUtils.java:logGet(43)) - raft.server.snapshot.auto.trigger.enabled = true (custom)
2019-09-12 10:10:01,552 [pool-186-thread-1] INFO  server.RaftServerConfigKeys (ConfUtils.java:logGet(43)) - raft.server.snapshot.auto.trigger.threshold = 10000 (custom)
2019-09-12 10:10:01,552 [pool-186-thread-1] INFO  server.RaftServerConfigKeys (ConfUtils.java:logGet(43)) - raft.server.retrycache.expirytime = 600000ms (custom)
2019-09-12 10:10:01,552 [pool-186-thread-1] INFO  impl.RaftServerImpl (RaftServerImpl.java:start(180)) - 3291f544-f1a5-4119-b184-edae5bac4c07: start group-3EFA0C284A2C
2019-09-12 10:10:01,552 [pool-186-thread-1] INFO  impl.RaftServerImpl (RaftServerImpl.java:setRole(171)) - 3291f544-f1a5-4119-b184-edae5bac4c07:group-3EFA0C284A2C changes role from null to FOLLOWER at term 0 for startAsFollower
2019-09-12 10:10:01,552 [pool-186-thread-1] INFO  impl.RoleInfo (RoleInfo.java:updateAndGet(143)) - 3291f544-f1a5-4119-b184-edae5bac4c07: start FollowerState
2019-09-12 10:10:01,553 [pool-186-thread-1] INFO  util.JmxRegister (JmxRegister.java:tryRegister(44)) - Successfully registered JMX Bean with object name Ratis:service=RaftServer,group=group-3EFA0C284A2C,id=3291f544-f1a5-4119-b184-edae5bac4c07
2019-09-12 10:10:01,569 [RatisPipelineUtilsThread] INFO  pipeline.PipelineStateManager (PipelineStateManager.java:addPipeline(56)) - Created pipeline Pipeline[ Id: 78251e3b-55a0-4ae1-8c96-3efa0c284a2c, Nodes: 3291f544-f1a5-4119-b184-edae5bac4c07{ip: 192.168.36.114, host: pr-hdds-1569-58hkm-1881083799, networkLocation: /default-rack, certSerialId: null}, Type:RATIS, Factor:ONE, State:OPEN]
2019-09-12 10:10:01,575 [grpc-default-executor-0] INFO  impl.RaftServerProxy (RaftServerProxy.java:addNew(89)) - 3291f544-f1a5-4119-b184-edae5bac4c07: addNew group-14B38CF43611:[3291f544-f1a5-4119-b184-edae5bac4c07:192.168.36.114:42981] returns group-14B38CF43611:java.util.concurrent.CompletableFuture@4af83361[Not completed]
2019-09-12 10:10:01,576 [pool-186-thread-1] INFO  impl.RaftServerImpl (RaftServerImpl.java:<init>(93)) - 3291f544-f1a5-4119-b184-edae5bac4c07: new RaftServerImpl for group-14B38CF43611:[3291f544-f1a5-4119-b184-edae5bac4c07:192.168.36.114:42981] with ContainerStateMachine:uninitialized
2019-09-12 10:10:01,576 [pool-186-thread-1] INFO  server.RaftServerConfigKeys (ConfUtils.java:logGet(43)) - raft.server.rpc.timeout.min = 5s (custom)
2019-09-12 10:10:01,576 [pool-186-thread-1] INFO  server.RaftServerConfigKeys (ConfUtils.java:logGet(43)) - raft.server.rpc.timeout.max = 5200ms (custom)
2019-09-12 10:10:01,576 [pool-186-thread-1] INFO  server.RaftServerConfigKeys (ConfUtils.java:logGet(43)) - raft.server.rpcslowness.timeout = 120s (custom)
2019-09-12 10:10:01,576 [pool-186-thread-1] INFO  server.RaftServerConfigKeys (ConfUtils.java:logGet(43)) - raft.server.sleep.deviation.threshold = 300 (default)
2019-09-12 10:10:01,576 [pool-186-thread-1] INFO  server.RaftServerConfigKeys (ConfUtils.java:logGet(43)) - raft.server.log.appender.install.snapshot.enabled = false (custom)
2019-09-12 10:10:01,576 [pool-186-thread-1] INFO  impl.RaftServerImpl (ServerState.java:<init>(105)) - 3291f544-f1a5-4119-b184-edae5bac4c07:group-14B38CF43611 ConfigurationManager, init=-1: [3291f544-f1a5-4119-b184-edae5bac4c07:192.168.36.114:42981], old=null, confs=<EMPTY_MAP>
2019-09-12 10:10:01,576 [pool-186-thread-1] INFO  server.RaftServerConfigKeys (ConfUtils.java:logGet(43)) - raft.server.storage.dir = [/workdir/hadoop-ozone/integration-test/target/test-dir/MiniOzoneClusterImpl-afece541-ebdb-408e-b3cb-0c4dcae62716/datanode-0/data/ratis] (custom)
2019-09-12 10:10:01,577 [pool-186-thread-1] INFO  storage.RaftStorageDirectory (RaftStorageDirectory.java:analyzeStorage(246)) - The storage directory /workdir/hadoop-ozone/integration-test/target/test-dir/MiniOzoneClusterImpl-afece541-ebdb-408e-b3cb-0c4dcae62716/datanode-0/data/ratis/288e2548-586c-4b6e-ae34-14b38cf43611 does not exist. Creating ...
2019-09-12 10:10:01,629 [pool-186-thread-1] INFO  storage.RaftStorageDirectory (RaftStorageDirectory.java:tryLock(328)) - Lock on /workdir/hadoop-ozone/integration-test/target/test-dir/MiniOzoneClusterImpl-afece541-ebdb-408e-b3cb-0c4dcae62716/datanode-0/data/ratis/288e2548-586c-4b6e-ae34-14b38cf43611/in_use.lock acquired by nodename 2537@pr-hdds-1569-58hkm-1881083799
2019-09-12 10:10:01,698 [IPC Server handler 0 on 38951] INFO  net.NetworkTopology (NetworkTopologyImpl.java:add(110)) - Added a new node: /default-rack/aab15dc4-7b32-43e5-ad59-c8341f2a8016
2019-09-12 10:10:01,698 [IPC Server handler 0 on 38951] INFO  node.SCMNodeManager (SCMNodeManager.java:register(273)) - Registered Data node : aab15dc4-7b32-43e5-ad59-c8341f2a8016{ip: 192.168.36.114, host: pr-hdds-1569-58hkm-1881083799, networkLocation: /default-rack, certSerialId: null}
2019-09-12 10:10:01,698 | INFO  | SCMAudit | user=jenkins1000 | ip=192.168.36.114 | op=REGISTER {datanodeDetails=aab15dc4-7b32-43e5-ad59-c8341f2a8016{ip: 192.168.36.114, host: pr-hdds-1569-58hkm-1881083799, networkLocation: /default-rack, certSerialId: null}} | ret=SUCCESS |  
2019-09-12 10:10:01,715 [pool-186-thread-1] INFO  storage.RaftStorage (RaftStorage.java:format(72)) - Storage directory /workdir/hadoop-ozone/integration-test/target/test-dir/MiniOzoneClusterImpl-afece541-ebdb-408e-b3cb-0c4dcae62716/datanode-0/data/ratis/288e2548-586c-4b6e-ae34-14b38cf43611 has been successfully formatted.
2019-09-12 10:10:01,715 [pool-186-thread-1] INFO  ratis.ContainerStateMachine (ContainerStateMachine.java:loadSnapshot(226)) - group-14B38CF43611: The snapshot info is null. Setting the last applied indexto:(t:0, i:~)
2019-09-12 10:10:01,715 [pool-186-thread-1] INFO  server.RaftServerConfigKeys (ConfUtils.java:logGet(43)) - raft.server.leader.election.timeout = 120s (custom)
2019-09-12 10:10:01,715 [pool-186-thread-1] INFO  server.RaftServerConfigKeys (ConfUtils.java:logGet(43)) - raft.server.log.use.memory = false (default)
2019-09-12 10:10:01,715 [pool-186-thread-1] INFO  server.RaftServerConfigKeys (ConfUtils.java:logGet(43)) - raft.server.log.purge.gap = 1000000 (custom)
2019-09-12 10:10:01,716 [pool-186-thread-1] INFO  server.RaftServerConfigKeys (ConfUtils.java:logGet(43)) - raft.server.log.appender.buffer.byte-limit = 33554432 (custom)
2019-09-12 10:10:01,716 [pool-186-thread-1] INFO  server.RaftServerConfigKeys (ConfUtils.java:logGet(43)) - raft.server.log.segment.size.max = 1048576 (custom)
2019-09-12 10:10:01,716 [pool-186-thread-1] INFO  server.RaftServerConfigKeys (ConfUtils.java:logGet(43)) - raft.server.log.segment.cache.num.max = 2 (custom)
2019-09-12 10:10:01,716 [pool-186-thread-1] INFO  segmented.SegmentedRaftLogWorker (SegmentedRaftLogWorker.java:<init>(172)) - new 3291f544-f1a5-4119-b184-edae5bac4c07-SegmentedRaftLogWorker:Storage Directory /workdir/hadoop-ozone/integration-test/target/test-dir/MiniOzoneClusterImpl-afece541-ebdb-408e-b3cb-0c4dcae62716/datanode-0/data/ratis/288e2548-586c-4b6e-ae34-14b38cf43611 for RaftStorage:Storage Directory /workdir/hadoop-ozone/integration-test/target/test-dir/MiniOzoneClusterImpl-afece541-ebdb-408e-b3cb-0c4dcae62716/datanode-0/data/ratis/288e2548-586c-4b6e-ae34-14b38cf43611
2019-09-12 10:10:01,716 [pool-186-thread-1] INFO  server.RaftServerConfigKeys (ConfUtils.java:logGet(43)) - raft.server.log.queue.byte-limit = 2147483647 (custom)
2019-09-12 10:10:01,716 [pool-186-thread-1] INFO  server.RaftServerConfigKeys (ConfUtils.java:logGet(43)) - raft.server.log.queue.element-limit = 1024 (custom)
2019-09-12 10:10:01,716 [pool-186-thread-1] INFO  server.RaftServerConfigKeys (ConfUtils.java:logGet(43)) - raft.server.log.segment.size.max = 1048576 (custom)
2019-09-12 10:10:01,716 [pool-186-thread-1] INFO  server.RaftServerConfigKeys (ConfUtils.java:logGet(43)) - raft.server.log.preallocated.size = 16384 (custom)
2019-09-12 10:10:01,716 [pool-186-thread-1] INFO  server.RaftServerConfigKeys (ConfUtils.java:logGet(43)) - raft.server.log.write.buffer.size = 33554432 (custom)
2019-09-12 10:10:01,717 [pool-186-thread-1] INFO  server.RaftServerConfigKeys (ConfUtils.java:logGet(43)) - raft.server.log.force.sync.num = 128 (default)
2019-09-12 10:10:01,717 [pool-186-thread-1] INFO  server.RaftServerConfigKeys (ConfUtils.java:logGet(43)) - raft.server.log.statemachine.data.sync = true (default)
2019-09-12 10:10:01,717 [pool-186-thread-1] INFO  server.RaftServerConfigKeys (ConfUtils.java:logGet(43)) - raft.server.log.statemachine.data.sync.timeout = 10s (default)
2019-09-12 10:10:01,717 [pool-186-thread-1] INFO  server.RaftServerConfigKeys (ConfUtils.java:logGet(43)) - raft.server.log.statemachine.data.sync.timeout.retry = -1 (default)
2019-09-12 10:10:01,717 [pool-186-thread-1] INFO  server.RaftServerConfigKeys (ConfUtils.java:logGet(43)) - raft.server.log.statemachine.data.caching.enabled = true (custom)
2019-09-12 10:10:01,717 [pool-186-thread-1] INFO  segmented.SegmentedRaftLogWorker (SegmentedRaftLogWorker.java:lambda$new$0(132)) - 3291f544-f1a5-4119-b184-edae5bac4c07-SegmentedRaftLogWorker:Storage Directory /workdir/hadoop-ozone/integration-test/target/test-dir/MiniOzoneClusterImpl-afece541-ebdb-408e-b3cb-0c4dcae62716/datanode-0/data/ratis/288e2548-586c-4b6e-ae34-14b38cf43611: flushIndex: setUnconditionally 0 -> -1
2019-09-12 10:10:01,718 [pool-186-thread-1] INFO  server.RaftServerConfigKeys (ConfUtils.java:logGet(43)) - raft.server.snapshot.auto.trigger.enabled = true (custom)
2019-09-12 10:10:01,718 [pool-186-thread-1] INFO  server.RaftServerConfigKeys (ConfUtils.java:logGet(43)) - raft.server.snapshot.auto.trigger.threshold = 10000 (custom)
2019-09-12 10:10:01,718 [pool-186-thread-1] INFO  server.RaftServerConfigKeys (ConfUtils.java:logGet(43)) - raft.server.retrycache.expirytime = 600000ms (custom)
2019-09-12 10:10:01,718 [pool-186-thread-1] INFO  impl.RaftServerImpl (RaftServerImpl.java:start(180)) - 3291f544-f1a5-4119-b184-edae5bac4c07: start group-14B38CF43611
2019-09-12 10:10:01,718 [pool-186-thread-1] INFO  impl.RaftServerImpl (RaftServerImpl.java:setRole(171)) - 3291f544-f1a5-4119-b184-edae5bac4c07:group-14B38CF43611 changes role from null to FOLLOWER at term 0 for startAsFollower
2019-09-12 10:10:01,718 [pool-186-thread-1] INFO  impl.RoleInfo (RoleInfo.java:updateAndGet(143)) - 3291f544-f1a5-4119-b184-edae5bac4c07: start FollowerState
2019-09-12 10:10:01,718 [pool-186-thread-1] INFO  util.JmxRegister (JmxRegister.java:tryRegister(44)) - Successfully registered JMX Bean with object name Ratis:service=RaftServer,group=group-14B38CF43611,id=3291f544-f1a5-4119-b184-edae5bac4c07
2019-09-12 10:10:01,721 [RatisPipelineUtilsThread] INFO  pipeline.PipelineStateManager (PipelineStateManager.java:addPipeline(56)) - Created pipeline Pipeline[ Id: 288e2548-586c-4b6e-ae34-14b38cf43611, Nodes: 3291f544-f1a5-4119-b184-edae5bac4c07{ip: 192.168.36.114, host: pr-hdds-1569-58hkm-1881083799, networkLocation: /default-rack, certSerialId: null}, Type:RATIS, Factor:ONE, State:OPEN]
2019-09-12 10:10:01,728 [grpc-default-executor-0] INFO  impl.RaftServerProxy (RaftServerProxy.java:addNew(89)) - 3291f544-f1a5-4119-b184-edae5bac4c07: addNew group-1D2354C04FCD:[3291f544-f1a5-4119-b184-edae5bac4c07:192.168.36.114:42981] returns group-1D2354C04FCD:java.util.concurrent.CompletableFuture@1b66119f[Not completed]
2019-09-12 10:10:01,729 [pool-186-thread-1] INFO  impl.RaftServerImpl (RaftServerImpl.java:<init>(93)) - 3291f544-f1a5-4119-b184-edae5bac4c07: new RaftServerImpl for group-1D2354C04FCD:[3291f544-f1a5-4119-b184-edae5bac4c07:192.168.36.114:42981] with ContainerStateMachine:uninitialized
2019-09-12 10:10:01,729 [pool-186-thread-1] INFO  server.RaftServerConfigKeys (ConfUtils.java:logGet(43)) - raft.server.rpc.timeout.min = 5s (custom)
2019-09-12 10:10:01,729 [pool-186-thread-1] INFO  server.RaftServerConfigKeys (ConfUtils.java:logGet(43)) - raft.server.rpc.timeout.max = 5200ms (custom)
2019-09-12 10:10:01,729 [pool-186-thread-1] INFO  server.RaftServerConfigKeys (ConfUtils.java:logGet(43)) - raft.server.rpcslowness.timeout = 120s (custom)
2019-09-12 10:10:01,729 [pool-186-thread-1] INFO  server.RaftServerConfigKeys (ConfUtils.java:logGet(43)) - raft.server.sleep.deviation.threshold = 300 (default)
2019-09-12 10:10:01,729 [pool-186-thread-1] INFO  server.RaftServerConfigKeys (ConfUtils.java:logGet(43)) - raft.server.log.appender.install.snapshot.enabled = false (custom)
2019-09-12 10:10:01,730 [pool-186-thread-1] INFO  impl.RaftServerImpl (ServerState.java:<init>(105)) - 3291f544-f1a5-4119-b184-edae5bac4c07:group-1D2354C04FCD ConfigurationManager, init=-1: [3291f544-f1a5-4119-b184-edae5bac4c07:192.168.36.114:42981], old=null, confs=<EMPTY_MAP>
2019-09-12 10:10:01,730 [pool-186-thread-1] INFO  server.RaftServerConfigKeys (ConfUtils.java:logGet(43)) - raft.server.storage.dir = [/workdir/hadoop-ozone/integration-test/target/test-dir/MiniOzoneClusterImpl-afece541-ebdb-408e-b3cb-0c4dcae62716/datanode-0/data/ratis] (custom)
2019-09-12 10:10:01,730 [pool-186-thread-1] INFO  storage.RaftStorageDirectory (RaftStorageDirectory.java:analyzeStorage(246)) - The storage directory /workdir/hadoop-ozone/integration-test/target/test-dir/MiniOzoneClusterImpl-afece541-ebdb-408e-b3cb-0c4dcae62716/datanode-0/data/ratis/b4d9f5f6-227e-4141-9367-1d2354c04fcd does not exist. Creating ...
2019-09-12 10:10:01,746 [pool-186-thread-1] INFO  storage.RaftStorageDirectory (RaftStorageDirectory.java:tryLock(328)) - Lock on /workdir/hadoop-ozone/integration-test/target/test-dir/MiniOzoneClusterImpl-afece541-ebdb-408e-b3cb-0c4dcae62716/datanode-0/data/ratis/b4d9f5f6-227e-4141-9367-1d2354c04fcd/in_use.lock acquired by nodename 2537@pr-hdds-1569-58hkm-1881083799
2019-09-12 10:10:01,798 [pool-186-thread-1] INFO  storage.RaftStorage (RaftStorage.java:format(72)) - Storage directory /workdir/hadoop-ozone/integration-test/target/test-dir/MiniOzoneClusterImpl-afece541-ebdb-408e-b3cb-0c4dcae62716/datanode-0/data/ratis/b4d9f5f6-227e-4141-9367-1d2354c04fcd has been successfully formatted.
2019-09-12 10:10:01,798 [pool-186-thread-1] INFO  ratis.ContainerStateMachine (ContainerStateMachine.java:loadSnapshot(226)) - group-1D2354C04FCD: The snapshot info is null. Setting the last applied indexto:(t:0, i:~)
2019-09-12 10:10:01,798 [pool-186-thread-1] INFO  server.RaftServerConfigKeys (ConfUtils.java:logGet(43)) - raft.server.leader.election.timeout = 120s (custom)
2019-09-12 10:10:01,798 [pool-186-thread-1] INFO  server.RaftServerConfigKeys (ConfUtils.java:logGet(43)) - raft.server.log.use.memory = false (default)
2019-09-12 10:10:01,799 [pool-186-thread-1] INFO  server.RaftServerConfigKeys (ConfUtils.java:logGet(43)) - raft.server.log.purge.gap = 1000000 (custom)
2019-09-12 10:10:01,799 [pool-186-thread-1] INFO  server.RaftServerConfigKeys (ConfUtils.java:logGet(43)) - raft.server.log.appender.buffer.byte-limit = 33554432 (custom)
2019-09-12 10:10:01,799 [pool-186-thread-1] INFO  server.RaftServerConfigKeys (ConfUtils.java:logGet(43)) - raft.server.log.segment.size.max = 1048576 (custom)
2019-09-12 10:10:01,799 [pool-186-thread-1] INFO  server.RaftServerConfigKeys (ConfUtils.java:logGet(43)) - raft.server.log.segment.cache.num.max = 2 (custom)
2019-09-12 10:10:01,799 [pool-186-thread-1] INFO  segmented.SegmentedRaftLogWorker (SegmentedRaftLogWorker.java:<init>(172)) - new 3291f544-f1a5-4119-b184-edae5bac4c07-SegmentedRaftLogWorker:Storage Directory /workdir/hadoop-ozone/integration-test/target/test-dir/MiniOzoneClusterImpl-afece541-ebdb-408e-b3cb-0c4dcae62716/datanode-0/data/ratis/b4d9f5f6-227e-4141-9367-1d2354c04fcd for RaftStorage:Storage Directory /workdir/hadoop-ozone/integration-test/target/test-dir/MiniOzoneClusterImpl-afece541-ebdb-408e-b3cb-0c4dcae62716/datanode-0/data/ratis/b4d9f5f6-227e-4141-9367-1d2354c04fcd
2019-09-12 10:10:01,799 [pool-186-thread-1] INFO  server.RaftServerConfigKeys (ConfUtils.java:logGet(43)) - raft.server.log.queue.byte-limit = 2147483647 (custom)
2019-09-12 10:10:01,800 [pool-186-thread-1] INFO  server.RaftServerConfigKeys (ConfUtils.java:logGet(43)) - raft.server.log.queue.element-limit = 1024 (custom)
2019-09-12 10:10:01,800 [pool-186-thread-1] INFO  server.RaftServerConfigKeys (ConfUtils.java:logGet(43)) - raft.server.log.segment.size.max = 1048576 (custom)
2019-09-12 10:10:01,800 [pool-186-thread-1] INFO  server.RaftServerConfigKeys (ConfUtils.java:logGet(43)) - raft.server.log.preallocated.size = 16384 (custom)
2019-09-12 10:10:01,800 [pool-186-thread-1] INFO  server.RaftServerConfigKeys (ConfUtils.java:logGet(43)) - raft.server.log.write.buffer.size = 33554432 (custom)
2019-09-12 10:10:01,800 [pool-186-thread-1] INFO  server.RaftServerConfigKeys (ConfUtils.java:logGet(43)) - raft.server.log.force.sync.num = 128 (default)
2019-09-12 10:10:01,800 [pool-186-thread-1] INFO  server.RaftServerConfigKeys (ConfUtils.java:logGet(43)) - raft.server.log.statemachine.data.sync = true (default)
2019-09-12 10:10:01,800 [pool-186-thread-1] INFO  server.RaftServerConfigKeys (ConfUtils.java:logGet(43)) - raft.server.log.statemachine.data.sync.timeout = 10s (default)
2019-09-12 10:10:01,801 [pool-186-thread-1] INFO  server.RaftServerConfigKeys (ConfUtils.java:logGet(43)) - raft.server.log.statemachine.data.sync.timeout.retry = -1 (default)
2019-09-12 10:10:01,801 [pool-186-thread-1] INFO  server.RaftServerConfigKeys (ConfUtils.java:logGet(43)) - raft.server.log.statemachine.data.caching.enabled = true (custom)
2019-09-12 10:10:01,801 [pool-186-thread-1] INFO  segmented.SegmentedRaftLogWorker (SegmentedRaftLogWorker.java:lambda$new$0(132)) - 3291f544-f1a5-4119-b184-edae5bac4c07-SegmentedRaftLogWorker:Storage Directory /workdir/hadoop-ozone/integration-test/target/test-dir/MiniOzoneClusterImpl-afece541-ebdb-408e-b3cb-0c4dcae62716/datanode-0/data/ratis/b4d9f5f6-227e-4141-9367-1d2354c04fcd: flushIndex: setUnconditionally 0 -> -1
2019-09-12 10:10:01,802 [pool-186-thread-1] INFO  server.RaftServerConfigKeys (ConfUtils.java:logGet(43)) - raft.server.snapshot.auto.trigger.enabled = true (custom)
2019-09-12 10:10:01,802 [pool-186-thread-1] INFO  server.RaftServerConfigKeys (ConfUtils.java:logGet(43)) - raft.server.snapshot.auto.trigger.threshold = 10000 (custom)
2019-09-12 10:10:01,802 [pool-186-thread-1] INFO  server.RaftServerConfigKeys (ConfUtils.java:logGet(43)) - raft.server.retrycache.expirytime = 600000ms (custom)
2019-09-12 10:10:01,802 [pool-186-thread-1] INFO  impl.RaftServerImpl (RaftServerImpl.java:start(180)) - 3291f544-f1a5-4119-b184-edae5bac4c07: start group-1D2354C04FCD
2019-09-12 10:10:01,802 [pool-186-thread-1] INFO  impl.RaftServerImpl (RaftServerImpl.java:setRole(171)) - 3291f544-f1a5-4119-b184-edae5bac4c07:group-1D2354C04FCD changes role from null to FOLLOWER at term 0 for startAsFollower
2019-09-12 10:10:01,802 [pool-186-thread-1] INFO  impl.RoleInfo (RoleInfo.java:updateAndGet(143)) - 3291f544-f1a5-4119-b184-edae5bac4c07: start FollowerState
2019-09-12 10:10:01,803 [pool-186-thread-1] INFO  util.JmxRegister (JmxRegister.java:tryRegister(44)) - Successfully registered JMX Bean with object name Ratis:service=RaftServer,group=group-1D2354C04FCD,id=3291f544-f1a5-4119-b184-edae5bac4c07
2019-09-12 10:10:01,806 [RatisPipelineUtilsThread] INFO  pipeline.PipelineStateManager (PipelineStateManager.java:addPipeline(56)) - Created pipeline Pipeline[ Id: b4d9f5f6-227e-4141-9367-1d2354c04fcd, Nodes: 3291f544-f1a5-4119-b184-edae5bac4c07{ip: 192.168.36.114, host: pr-hdds-1569-58hkm-1881083799, networkLocation: /default-rack, certSerialId: null}, Type:RATIS, Factor:ONE, State:OPEN]
2019-09-12 10:10:01,813 [grpc-default-executor-0] INFO  impl.RaftServerProxy (RaftServerProxy.java:addNew(89)) - 3291f544-f1a5-4119-b184-edae5bac4c07: addNew group-3E666E9A241D:[3291f544-f1a5-4119-b184-edae5bac4c07:192.168.36.114:42981] returns group-3E666E9A241D:java.util.concurrent.CompletableFuture@716f83ef[Not completed]
2019-09-12 10:10:01,814 [pool-186-thread-1] INFO  impl.RaftServerImpl (RaftServerImpl.java:<init>(93)) - 3291f544-f1a5-4119-b184-edae5bac4c07: new RaftServerImpl for group-3E666E9A241D:[3291f544-f1a5-4119-b184-edae5bac4c07:192.168.36.114:42981] with ContainerStateMachine:uninitialized
2019-09-12 10:10:01,814 [pool-186-thread-1] INFO  server.RaftServerConfigKeys (ConfUtils.java:logGet(43)) - raft.server.rpc.timeout.min = 5s (custom)
2019-09-12 10:10:01,814 [pool-186-thread-1] INFO  server.RaftServerConfigKeys (ConfUtils.java:logGet(43)) - raft.server.rpc.timeout.max = 5200ms (custom)
2019-09-12 10:10:01,814 [pool-186-thread-1] INFO  server.RaftServerConfigKeys (ConfUtils.java:logGet(43)) - raft.server.rpcslowness.timeout = 120s (custom)
2019-09-12 10:10:01,814 [pool-186-thread-1] INFO  server.RaftServerConfigKeys (ConfUtils.java:logGet(43)) - raft.server.sleep.deviation.threshold = 300 (default)
2019-09-12 10:10:01,814 [pool-186-thread-1] INFO  server.RaftServerConfigKeys (ConfUtils.java:logGet(43)) - raft.server.log.appender.install.snapshot.enabled = false (custom)
2019-09-12 10:10:01,814 [pool-186-thread-1] INFO  impl.RaftServerImpl (ServerState.java:<init>(105)) - 3291f544-f1a5-4119-b184-edae5bac4c07:group-3E666E9A241D ConfigurationManager, init=-1: [3291f544-f1a5-4119-b184-edae5bac4c07:192.168.36.114:42981], old=null, confs=<EMPTY_MAP>
2019-09-12 10:10:01,815 [pool-186-thread-1] INFO  server.RaftServerConfigKeys (ConfUtils.java:logGet(43)) - raft.server.storage.dir = [/workdir/hadoop-ozone/integration-test/target/test-dir/MiniOzoneClusterImpl-afece541-ebdb-408e-b3cb-0c4dcae62716/datanode-0/data/ratis] (custom)
2019-09-12 10:10:01,815 [pool-186-thread-1] INFO  storage.RaftStorageDirectory (RaftStorageDirectory.java:analyzeStorage(246)) - The storage directory /workdir/hadoop-ozone/integration-test/target/test-dir/MiniOzoneClusterImpl-afece541-ebdb-408e-b3cb-0c4dcae62716/datanode-0/data/ratis/d15ddd4f-7f3e-45a7-95af-3e666e9a241d does not exist. Creating ...
2019-09-12 10:10:01,868 [pool-186-thread-1] INFO  storage.RaftStorageDirectory (RaftStorageDirectory.java:tryLock(328)) - Lock on /workdir/hadoop-ozone/integration-test/target/test-dir/MiniOzoneClusterImpl-afece541-ebdb-408e-b3cb-0c4dcae62716/datanode-0/data/ratis/d15ddd4f-7f3e-45a7-95af-3e666e9a241d/in_use.lock acquired by nodename 2537@pr-hdds-1569-58hkm-1881083799
2019-09-12 10:10:01,903 [main] INFO  ozone.MiniOzoneClusterImpl (MiniOzoneClusterImpl.java:lambda$waitForClusterToBeReady$0(142)) - Waiting for cluster to be ready. Got 2 of 3 DN Heartbeats.
2019-09-12 10:10:01,906 [IPC Server handler 1 on 38951] INFO  net.NetworkTopology (NetworkTopologyImpl.java:add(110)) - Added a new node: /default-rack/004fc30c-f0ab-42da-b88f-ff2f3e6aa886
2019-09-12 10:10:01,906 [IPC Server handler 1 on 38951] INFO  node.SCMNodeManager (SCMNodeManager.java:register(273)) - Registered Data node : 004fc30c-f0ab-42da-b88f-ff2f3e6aa886{ip: 192.168.36.114, host: pr-hdds-1569-58hkm-1881083799, networkLocation: /default-rack, certSerialId: null}
2019-09-12 10:10:01,906 | INFO  | SCMAudit | user=jenkins1000 | ip=192.168.36.114 | op=REGISTER {datanodeDetails=004fc30c-f0ab-42da-b88f-ff2f3e6aa886{ip: 192.168.36.114, host: pr-hdds-1569-58hkm-1881083799, networkLocation: /default-rack, certSerialId: null}} | ret=SUCCESS |  
2019-09-12 10:10:01,921 [pool-186-thread-1] INFO  storage.RaftStorage (RaftStorage.java:format(72)) - Storage directory /workdir/hadoop-ozone/integration-test/target/test-dir/MiniOzoneClusterImpl-afece541-ebdb-408e-b3cb-0c4dcae62716/datanode-0/data/ratis/d15ddd4f-7f3e-45a7-95af-3e666e9a241d has been successfully formatted.
2019-09-12 10:10:01,921 [pool-186-thread-1] INFO  ratis.ContainerStateMachine (ContainerStateMachine.java:loadSnapshot(226)) - group-3E666E9A241D: The snapshot info is null. Setting the last applied indexto:(t:0, i:~)
2019-09-12 10:10:01,921 [pool-186-thread-1] INFO  server.RaftServerConfigKeys (ConfUtils.java:logGet(43)) - raft.server.leader.election.timeout = 120s (custom)
2019-09-12 10:10:01,921 [pool-186-thread-1] INFO  server.RaftServerConfigKeys (ConfUtils.java:logGet(43)) - raft.server.log.use.memory = false (default)
2019-09-12 10:10:01,922 [pool-186-thread-1] INFO  server.RaftServerConfigKeys (ConfUtils.java:logGet(43)) - raft.server.log.purge.gap = 1000000 (custom)
2019-09-12 10:10:01,922 [pool-186-thread-1] INFO  server.RaftServerConfigKeys (ConfUtils.java:logGet(43)) - raft.server.log.appender.buffer.byte-limit = 33554432 (custom)
2019-09-12 10:10:01,922 [pool-186-thread-1] INFO  server.RaftServerConfigKeys (ConfUtils.java:logGet(43)) - raft.server.log.segment.size.max = 1048576 (custom)
2019-09-12 10:10:01,922 [pool-186-thread-1] INFO  server.RaftServerConfigKeys (ConfUtils.java:logGet(43)) - raft.server.log.segment.cache.num.max = 2 (custom)
2019-09-12 10:10:01,922 [pool-186-thread-1] INFO  segmented.SegmentedRaftLogWorker (SegmentedRaftLogWorker.java:<init>(172)) - new 3291f544-f1a5-4119-b184-edae5bac4c07-SegmentedRaftLogWorker:Storage Directory /workdir/hadoop-ozone/integration-test/target/test-dir/MiniOzoneClusterImpl-afece541-ebdb-408e-b3cb-0c4dcae62716/datanode-0/data/ratis/d15ddd4f-7f3e-45a7-95af-3e666e9a241d for RaftStorage:Storage Directory /workdir/hadoop-ozone/integration-test/target/test-dir/MiniOzoneClusterImpl-afece541-ebdb-408e-b3cb-0c4dcae62716/datanode-0/data/ratis/d15ddd4f-7f3e-45a7-95af-3e666e9a241d
2019-09-12 10:10:01,922 [pool-186-thread-1] INFO  server.RaftServerConfigKeys (ConfUtils.java:logGet(43)) - raft.server.log.queue.byte-limit = 2147483647 (custom)
2019-09-12 10:10:01,922 [pool-186-thread-1] INFO  server.RaftServerConfigKeys (ConfUtils.java:logGet(43)) - raft.server.log.queue.element-limit = 1024 (custom)
2019-09-12 10:10:01,922 [pool-186-thread-1] INFO  server.RaftServerConfigKeys (ConfUtils.java:logGet(43)) - raft.server.log.segment.size.max = 1048576 (custom)
2019-09-12 10:10:01,923 [pool-186-thread-1] INFO  server.RaftServerConfigKeys (ConfUtils.java:logGet(43)) - raft.server.log.preallocated.size = 16384 (custom)
2019-09-12 10:10:01,923 [pool-186-thread-1] INFO  server.RaftServerConfigKeys (ConfUtils.java:logGet(43)) - raft.server.log.write.buffer.size = 33554432 (custom)
2019-09-12 10:10:01,923 [pool-186-thread-1] INFO  server.RaftServerConfigKeys (ConfUtils.java:logGet(43)) - raft.server.log.force.sync.num = 128 (default)
2019-09-12 10:10:01,923 [pool-186-thread-1] INFO  server.RaftServerConfigKeys (ConfUtils.java:logGet(43)) - raft.server.log.statemachine.data.sync = true (default)
2019-09-12 10:10:01,923 [pool-186-thread-1] INFO  server.RaftServerConfigKeys (ConfUtils.java:logGet(43)) - raft.server.log.statemachine.data.sync.timeout = 10s (default)
2019-09-12 10:10:01,923 [pool-186-thread-1] INFO  server.RaftServerConfigKeys (ConfUtils.java:logGet(43)) - raft.server.log.statemachine.data.sync.timeout.retry = -1 (default)
2019-09-12 10:10:01,923 [pool-186-thread-1] INFO  server.RaftServerConfigKeys (ConfUtils.java:logGet(43)) - raft.server.log.statemachine.data.caching.enabled = true (custom)
2019-09-12 10:10:01,924 [pool-186-thread-1] INFO  segmented.SegmentedRaftLogWorker (SegmentedRaftLogWorker.java:lambda$new$0(132)) - 3291f544-f1a5-4119-b184-edae5bac4c07-SegmentedRaftLogWorker:Storage Directory /workdir/hadoop-ozone/integration-test/target/test-dir/MiniOzoneClusterImpl-afece541-ebdb-408e-b3cb-0c4dcae62716/datanode-0/data/ratis/d15ddd4f-7f3e-45a7-95af-3e666e9a241d: flushIndex: setUnconditionally 0 -> -1
2019-09-12 10:10:01,924 [pool-186-thread-1] INFO  server.RaftServerConfigKeys (ConfUtils.java:logGet(43)) - raft.server.snapshot.auto.trigger.enabled = true (custom)
2019-09-12 10:10:01,924 [pool-186-thread-1] INFO  server.RaftServerConfigKeys (ConfUtils.java:logGet(43)) - raft.server.snapshot.auto.trigger.threshold = 10000 (custom)
2019-09-12 10:10:01,924 [pool-186-thread-1] INFO  server.RaftServerConfigKeys (ConfUtils.java:logGet(43)) - raft.server.retrycache.expirytime = 600000ms (custom)
2019-09-12 10:10:01,924 [pool-186-thread-1] INFO  impl.RaftServerImpl (RaftServerImpl.java:start(180)) - 3291f544-f1a5-4119-b184-edae5bac4c07: start group-3E666E9A241D
2019-09-12 10:10:01,924 [pool-186-thread-1] INFO  impl.RaftServerImpl (RaftServerImpl.java:setRole(171)) - 3291f544-f1a5-4119-b184-edae5bac4c07:group-3E666E9A241D changes role from null to FOLLOWER at term 0 for startAsFollower
2019-09-12 10:10:01,925 [pool-186-thread-1] INFO  impl.RoleInfo (RoleInfo.java:updateAndGet(143)) - 3291f544-f1a5-4119-b184-edae5bac4c07: start FollowerState
2019-09-12 10:10:01,925 [pool-186-thread-1] INFO  util.JmxRegister (JmxRegister.java:tryRegister(44)) - Successfully registered JMX Bean with object name Ratis:service=RaftServer,group=group-3E666E9A241D,id=3291f544-f1a5-4119-b184-edae5bac4c07
2019-09-12 10:10:01,929 [RatisPipelineUtilsThread] INFO  pipeline.PipelineStateManager (PipelineStateManager.java:addPipeline(56)) - Created pipeline Pipeline[ Id: d15ddd4f-7f3e-45a7-95af-3e666e9a241d, Nodes: 3291f544-f1a5-4119-b184-edae5bac4c07{ip: 192.168.36.114, host: pr-hdds-1569-58hkm-1881083799, networkLocation: /default-rack, certSerialId: null}, Type:RATIS, Factor:ONE, State:OPEN]
2019-09-12 10:10:01,935 [grpc-default-executor-0] INFO  impl.RaftServerProxy (RaftServerProxy.java:addNew(89)) - 3291f544-f1a5-4119-b184-edae5bac4c07: addNew group-AF4F9A24F857:[3291f544-f1a5-4119-b184-edae5bac4c07:192.168.36.114:42981] returns group-AF4F9A24F857:java.util.concurrent.CompletableFuture@1f286e40[Not completed]
2019-09-12 10:10:01,936 [pool-186-thread-1] INFO  impl.RaftServerImpl (RaftServerImpl.java:<init>(93)) - 3291f544-f1a5-4119-b184-edae5bac4c07: new RaftServerImpl for group-AF4F9A24F857:[3291f544-f1a5-4119-b184-edae5bac4c07:192.168.36.114:42981] with ContainerStateMachine:uninitialized
2019-09-12 10:10:01,936 [pool-186-thread-1] INFO  server.RaftServerConfigKeys (ConfUtils.java:logGet(43)) - raft.server.rpc.timeout.min = 5s (custom)
2019-09-12 10:10:01,936 [pool-186-thread-1] INFO  server.RaftServerConfigKeys (ConfUtils.java:logGet(43)) - raft.server.rpc.timeout.max = 5200ms (custom)
2019-09-12 10:10:01,936 [pool-186-thread-1] INFO  server.RaftServerConfigKeys (ConfUtils.java:logGet(43)) - raft.server.rpcslowness.timeout = 120s (custom)
2019-09-12 10:10:01,936 [pool-186-thread-1] INFO  server.RaftServerConfigKeys (ConfUtils.java:logGet(43)) - raft.server.sleep.deviation.threshold = 300 (default)
2019-09-12 10:10:01,936 [pool-186-thread-1] INFO  server.RaftServerConfigKeys (ConfUtils.java:logGet(43)) - raft.server.log.appender.install.snapshot.enabled = false (custom)
2019-09-12 10:10:01,937 [pool-186-thread-1] INFO  impl.RaftServerImpl (ServerState.java:<init>(105)) - 3291f544-f1a5-4119-b184-edae5bac4c07:group-AF4F9A24F857 ConfigurationManager, init=-1: [3291f544-f1a5-4119-b184-edae5bac4c07:192.168.36.114:42981], old=null, confs=<EMPTY_MAP>
2019-09-12 10:10:01,937 [pool-186-thread-1] INFO  server.RaftServerConfigKeys (ConfUtils.java:logGet(43)) - raft.server.storage.dir = [/workdir/hadoop-ozone/integration-test/target/test-dir/MiniOzoneClusterImpl-afece541-ebdb-408e-b3cb-0c4dcae62716/datanode-0/data/ratis] (custom)
2019-09-12 10:10:01,937 [pool-186-thread-1] INFO  storage.RaftStorageDirectory (RaftStorageDirectory.java:analyzeStorage(246)) - The storage directory /workdir/hadoop-ozone/integration-test/target/test-dir/MiniOzoneClusterImpl-afece541-ebdb-408e-b3cb-0c4dcae62716/datanode-0/data/ratis/79097633-6bba-46ec-95e4-af4f9a24f857 does not exist. Creating ...
2019-09-12 10:10:01,985 [pool-186-thread-1] INFO  storage.RaftStorageDirectory (RaftStorageDirectory.java:tryLock(328)) - Lock on /workdir/hadoop-ozone/integration-test/target/test-dir/MiniOzoneClusterImpl-afece541-ebdb-408e-b3cb-0c4dcae62716/datanode-0/data/ratis/79097633-6bba-46ec-95e4-af4f9a24f857/in_use.lock acquired by nodename 2537@pr-hdds-1569-58hkm-1881083799
2019-09-12 10:10:02,039 [pool-186-thread-1] INFO  storage.RaftStorage (RaftStorage.java:format(72)) - Storage directory /workdir/hadoop-ozone/integration-test/target/test-dir/MiniOzoneClusterImpl-afece541-ebdb-408e-b3cb-0c4dcae62716/datanode-0/data/ratis/79097633-6bba-46ec-95e4-af4f9a24f857 has been successfully formatted.
2019-09-12 10:10:02,039 [pool-186-thread-1] INFO  ratis.ContainerStateMachine (ContainerStateMachine.java:loadSnapshot(226)) - group-AF4F9A24F857: The snapshot info is null. Setting the last applied indexto:(t:0, i:~)
2019-09-12 10:10:02,039 [pool-186-thread-1] INFO  server.RaftServerConfigKeys (ConfUtils.java:logGet(43)) - raft.server.leader.election.timeout = 120s (custom)
2019-09-12 10:10:02,040 [pool-186-thread-1] INFO  server.RaftServerConfigKeys (ConfUtils.java:logGet(43)) - raft.server.log.use.memory = false (default)
2019-09-12 10:10:02,040 [pool-186-thread-1] INFO  server.RaftServerConfigKeys (ConfUtils.java:logGet(43)) - raft.server.log.purge.gap = 1000000 (custom)
2019-09-12 10:10:02,040 [pool-186-thread-1] INFO  server.RaftServerConfigKeys (ConfUtils.java:logGet(43)) - raft.server.log.appender.buffer.byte-limit = 33554432 (custom)
2019-09-12 10:10:02,040 [pool-186-thread-1] INFO  server.RaftServerConfigKeys (ConfUtils.java:logGet(43)) - raft.server.log.segment.size.max = 1048576 (custom)
2019-09-12 10:10:02,040 [pool-186-thread-1] INFO  server.RaftServerConfigKeys (ConfUtils.java:logGet(43)) - raft.server.log.segment.cache.num.max = 2 (custom)
2019-09-12 10:10:02,040 [pool-186-thread-1] INFO  segmented.SegmentedRaftLogWorker (SegmentedRaftLogWorker.java:<init>(172)) - new 3291f544-f1a5-4119-b184-edae5bac4c07-SegmentedRaftLogWorker:Storage Directory /workdir/hadoop-ozone/integration-test/target/test-dir/MiniOzoneClusterImpl-afece541-ebdb-408e-b3cb-0c4dcae62716/datanode-0/data/ratis/79097633-6bba-46ec-95e4-af4f9a24f857 for RaftStorage:Storage Directory /workdir/hadoop-ozone/integration-test/target/test-dir/MiniOzoneClusterImpl-afece541-ebdb-408e-b3cb-0c4dcae62716/datanode-0/data/ratis/79097633-6bba-46ec-95e4-af4f9a24f857
2019-09-12 10:10:02,041 [pool-186-thread-1] INFO  server.RaftServerConfigKeys (ConfUtils.java:logGet(43)) - raft.server.log.queue.byte-limit = 2147483647 (custom)
2019-09-12 10:10:02,041 [pool-186-thread-1] INFO  server.RaftServerConfigKeys (ConfUtils.java:logGet(43)) - raft.server.log.queue.element-limit = 1024 (custom)
2019-09-12 10:10:02,041 [pool-186-thread-1] INFO  server.RaftServerConfigKeys (ConfUtils.java:logGet(43)) - raft.server.log.segment.size.max = 1048576 (custom)
2019-09-12 10:10:02,041 [pool-186-thread-1] INFO  server.RaftServerConfigKeys (ConfUtils.java:logGet(43)) - raft.server.log.preallocated.size = 16384 (custom)
2019-09-12 10:10:02,041 [pool-186-thread-1] INFO  server.RaftServerConfigKeys (ConfUtils.java:logGet(43)) - raft.server.log.write.buffer.size = 33554432 (custom)
2019-09-12 10:10:02,041 [pool-186-thread-1] INFO  server.RaftServerConfigKeys (ConfUtils.java:logGet(43)) - raft.server.log.force.sync.num = 128 (default)
2019-09-12 10:10:02,042 [pool-186-thread-1] INFO  server.RaftServerConfigKeys (ConfUtils.java:logGet(43)) - raft.server.log.statemachine.data.sync = true (default)
2019-09-12 10:10:02,042 [pool-186-thread-1] INFO  server.RaftServerConfigKeys (ConfUtils.java:logGet(43)) - raft.server.log.statemachine.data.sync.timeout = 10s (default)
2019-09-12 10:10:02,042 [pool-186-thread-1] INFO  server.RaftServerConfigKeys (ConfUtils.java:logGet(43)) - raft.server.log.statemachine.data.sync.timeout.retry = -1 (default)
2019-09-12 10:10:02,042 [pool-186-thread-1] INFO  server.RaftServerConfigKeys (ConfUtils.java:logGet(43)) - raft.server.log.statemachine.data.caching.enabled = true (custom)
2019-09-12 10:10:02,042 [pool-186-thread-1] INFO  segmented.SegmentedRaftLogWorker (SegmentedRaftLogWorker.java:lambda$new$0(132)) - 3291f544-f1a5-4119-b184-edae5bac4c07-SegmentedRaftLogWorker:Storage Directory /workdir/hadoop-ozone/integration-test/target/test-dir/MiniOzoneClusterImpl-afece541-ebdb-408e-b3cb-0c4dcae62716/datanode-0/data/ratis/79097633-6bba-46ec-95e4-af4f9a24f857: flushIndex: setUnconditionally 0 -> -1
2019-09-12 10:10:02,043 [pool-186-thread-1] INFO  server.RaftServerConfigKeys (ConfUtils.java:logGet(43)) - raft.server.snapshot.auto.trigger.enabled = true (custom)
2019-09-12 10:10:02,043 [pool-186-thread-1] INFO  server.RaftServerConfigKeys (ConfUtils.java:logGet(43)) - raft.server.snapshot.auto.trigger.threshold = 10000 (custom)
2019-09-12 10:10:02,043 [pool-186-thread-1] INFO  server.RaftServerConfigKeys (ConfUtils.java:logGet(43)) - raft.server.retrycache.expirytime = 600000ms (custom)
2019-09-12 10:10:02,044 [pool-186-thread-1] INFO  impl.RaftServerImpl (RaftServerImpl.java:start(180)) - 3291f544-f1a5-4119-b184-edae5bac4c07: start group-AF4F9A24F857
2019-09-12 10:10:02,044 [pool-186-thread-1] INFO  impl.RaftServerImpl (RaftServerImpl.java:setRole(171)) - 3291f544-f1a5-4119-b184-edae5bac4c07:group-AF4F9A24F857 changes role from null to FOLLOWER at term 0 for startAsFollower
2019-09-12 10:10:02,044 [pool-186-thread-1] INFO  impl.RoleInfo (RoleInfo.java:updateAndGet(143)) - 3291f544-f1a5-4119-b184-edae5bac4c07: start FollowerState
2019-09-12 10:10:02,044 [pool-186-thread-1] INFO  util.JmxRegister (JmxRegister.java:tryRegister(44)) - Successfully registered JMX Bean with object name Ratis:service=RaftServer,group=group-AF4F9A24F857,id=3291f544-f1a5-4119-b184-edae5bac4c07
2019-09-12 10:10:02,049 [RatisPipelineUtilsThread] INFO  pipeline.PipelineStateManager (PipelineStateManager.java:addPipeline(56)) - Created pipeline Pipeline[ Id: 79097633-6bba-46ec-95e4-af4f9a24f857, Nodes: 3291f544-f1a5-4119-b184-edae5bac4c07{ip: 192.168.36.114, host: pr-hdds-1569-58hkm-1881083799, networkLocation: /default-rack, certSerialId: null}, Type:RATIS, Factor:ONE, State:OPEN]
2019-09-12 10:10:02,057 [grpc-default-executor-0] INFO  impl.RaftServerProxy (RaftServerProxy.java:addNew(89)) - 3291f544-f1a5-4119-b184-edae5bac4c07: addNew group-702CAAA84A6A:[3291f544-f1a5-4119-b184-edae5bac4c07:192.168.36.114:42981] returns group-702CAAA84A6A:java.util.concurrent.CompletableFuture@5631b1d1[Not completed]
2019-09-12 10:10:02,058 [pool-186-thread-1] INFO  impl.RaftServerImpl (RaftServerImpl.java:<init>(93)) - 3291f544-f1a5-4119-b184-edae5bac4c07: new RaftServerImpl for group-702CAAA84A6A:[3291f544-f1a5-4119-b184-edae5bac4c07:192.168.36.114:42981] with ContainerStateMachine:uninitialized
2019-09-12 10:10:02,058 [pool-186-thread-1] INFO  server.RaftServerConfigKeys (ConfUtils.java:logGet(43)) - raft.server.rpc.timeout.min = 5s (custom)
2019-09-12 10:10:02,058 [pool-186-thread-1] INFO  server.RaftServerConfigKeys (ConfUtils.java:logGet(43)) - raft.server.rpc.timeout.max = 5200ms (custom)
2019-09-12 10:10:02,059 [pool-186-thread-1] INFO  server.RaftServerConfigKeys (ConfUtils.java:logGet(43)) - raft.server.rpcslowness.timeout = 120s (custom)
2019-09-12 10:10:02,059 [pool-186-thread-1] INFO  server.RaftServerConfigKeys (ConfUtils.java:logGet(43)) - raft.server.sleep.deviation.threshold = 300 (default)
2019-09-12 10:10:02,059 [pool-186-thread-1] INFO  server.RaftServerConfigKeys (ConfUtils.java:logGet(43)) - raft.server.log.appender.install.snapshot.enabled = false (custom)
2019-09-12 10:10:02,059 [pool-186-thread-1] INFO  impl.RaftServerImpl (ServerState.java:<init>(105)) - 3291f544-f1a5-4119-b184-edae5bac4c07:group-702CAAA84A6A ConfigurationManager, init=-1: [3291f544-f1a5-4119-b184-edae5bac4c07:192.168.36.114:42981], old=null, confs=<EMPTY_MAP>
2019-09-12 10:10:02,059 [pool-186-thread-1] INFO  server.RaftServerConfigKeys (ConfUtils.java:logGet(43)) - raft.server.storage.dir = [/workdir/hadoop-ozone/integration-test/target/test-dir/MiniOzoneClusterImpl-afece541-ebdb-408e-b3cb-0c4dcae62716/datanode-0/data/ratis] (custom)
2019-09-12 10:10:02,060 [pool-186-thread-1] INFO  storage.RaftStorageDirectory (RaftStorageDirectory.java:analyzeStorage(246)) - The storage directory /workdir/hadoop-ozone/integration-test/target/test-dir/MiniOzoneClusterImpl-afece541-ebdb-408e-b3cb-0c4dcae62716/datanode-0/data/ratis/cf1d3fe6-3ba9-43cd-9065-702caaa84a6a does not exist. Creating ...
2019-09-12 10:10:02,104 [pool-186-thread-1] INFO  storage.RaftStorageDirectory (RaftStorageDirectory.java:tryLock(328)) - Lock on /workdir/hadoop-ozone/integration-test/target/test-dir/MiniOzoneClusterImpl-afece541-ebdb-408e-b3cb-0c4dcae62716/datanode-0/data/ratis/cf1d3fe6-3ba9-43cd-9065-702caaa84a6a/in_use.lock acquired by nodename 2537@pr-hdds-1569-58hkm-1881083799
2019-09-12 10:10:02,117 [pool-186-thread-1] INFO  storage.RaftStorage (RaftStorage.java:format(72)) - Storage directory /workdir/hadoop-ozone/integration-test/target/test-dir/MiniOzoneClusterImpl-afece541-ebdb-408e-b3cb-0c4dcae62716/datanode-0/data/ratis/cf1d3fe6-3ba9-43cd-9065-702caaa84a6a has been successfully formatted.
2019-09-12 10:10:02,117 [pool-186-thread-1] INFO  ratis.ContainerStateMachine (ContainerStateMachine.java:loadSnapshot(226)) - group-702CAAA84A6A: The snapshot info is null. Setting the last applied indexto:(t:0, i:~)
2019-09-12 10:10:02,118 [pool-186-thread-1] INFO  server.RaftServerConfigKeys (ConfUtils.java:logGet(43)) - raft.server.leader.election.timeout = 120s (custom)
2019-09-12 10:10:02,118 [pool-186-thread-1] INFO  server.RaftServerConfigKeys (ConfUtils.java:logGet(43)) - raft.server.log.use.memory = false (default)
2019-09-12 10:10:02,118 [pool-186-thread-1] INFO  server.RaftServerConfigKeys (ConfUtils.java:logGet(43)) - raft.server.log.purge.gap = 1000000 (custom)
2019-09-12 10:10:02,118 [pool-186-thread-1] INFO  server.RaftServerConfigKeys (ConfUtils.java:logGet(43)) - raft.server.log.appender.buffer.byte-limit = 33554432 (custom)
2019-09-12 10:10:02,118 [pool-186-thread-1] INFO  server.RaftServerConfigKeys (ConfUtils.java:logGet(43)) - raft.server.log.segment.size.max = 1048576 (custom)
2019-09-12 10:10:02,118 [pool-186-thread-1] INFO  server.RaftServerConfigKeys (ConfUtils.java:logGet(43)) - raft.server.log.segment.cache.num.max = 2 (custom)
2019-09-12 10:10:02,118 [pool-186-thread-1] INFO  segmented.SegmentedRaftLogWorker (SegmentedRaftLogWorker.java:<init>(172)) - new 3291f544-f1a5-4119-b184-edae5bac4c07-SegmentedRaftLogWorker:Storage Directory /workdir/hadoop-ozone/integration-test/target/test-dir/MiniOzoneClusterImpl-afece541-ebdb-408e-b3cb-0c4dcae62716/datanode-0/data/ratis/cf1d3fe6-3ba9-43cd-9065-702caaa84a6a for RaftStorage:Storage Directory /workdir/hadoop-ozone/integration-test/target/test-dir/MiniOzoneClusterImpl-afece541-ebdb-408e-b3cb-0c4dcae62716/datanode-0/data/ratis/cf1d3fe6-3ba9-43cd-9065-702caaa84a6a
2019-09-12 10:10:02,119 [pool-186-thread-1] INFO  server.RaftServerConfigKeys (ConfUtils.java:logGet(43)) - raft.server.log.queue.byte-limit = 2147483647 (custom)
2019-09-12 10:10:02,119 [pool-186-thread-1] INFO  server.RaftServerConfigKeys (ConfUtils.java:logGet(43)) - raft.server.log.queue.element-limit = 1024 (custom)
2019-09-12 10:10:02,119 [pool-186-thread-1] INFO  server.RaftServerConfigKeys (ConfUtils.java:logGet(43)) - raft.server.log.segment.size.max = 1048576 (custom)
2019-09-12 10:10:02,119 [pool-186-thread-1] INFO  server.RaftServerConfigKeys (ConfUtils.java:logGet(43)) - raft.server.log.preallocated.size = 16384 (custom)
2019-09-12 10:10:02,119 [pool-186-thread-1] INFO  server.RaftServerConfigKeys (ConfUtils.java:logGet(43)) - raft.server.log.write.buffer.size = 33554432 (custom)
2019-09-12 10:10:02,119 [pool-186-thread-1] INFO  server.RaftServerConfigKeys (ConfUtils.java:logGet(43)) - raft.server.log.force.sync.num = 128 (default)
2019-09-12 10:10:02,119 [pool-186-thread-1] INFO  server.RaftServerConfigKeys (ConfUtils.java:logGet(43)) - raft.server.log.statemachine.data.sync = true (default)
2019-09-12 10:10:02,119 [pool-186-thread-1] INFO  server.RaftServerConfigKeys (ConfUtils.java:logGet(43)) - raft.server.log.statemachine.data.sync.timeout = 10s (default)
2019-09-12 10:10:02,120 [pool-186-thread-1] INFO  server.RaftServerConfigKeys (ConfUtils.java:logGet(43)) - raft.server.log.statemachine.data.sync.timeout.retry = -1 (default)
2019-09-12 10:10:02,120 [pool-186-thread-1] INFO  server.RaftServerConfigKeys (ConfUtils.java:logGet(43)) - raft.server.log.statemachine.data.caching.enabled = true (custom)
2019-09-12 10:10:02,120 [pool-186-thread-1] INFO  segmented.SegmentedRaftLogWorker (SegmentedRaftLogWorker.java:lambda$new$0(132)) - 3291f544-f1a5-4119-b184-edae5bac4c07-SegmentedRaftLogWorker:Storage Directory /workdir/hadoop-ozone/integration-test/target/test-dir/MiniOzoneClusterImpl-afece541-ebdb-408e-b3cb-0c4dcae62716/datanode-0/data/ratis/cf1d3fe6-3ba9-43cd-9065-702caaa84a6a: flushIndex: setUnconditionally 0 -> -1
2019-09-12 10:10:02,120 [pool-186-thread-1] INFO  server.RaftServerConfigKeys (ConfUtils.java:logGet(43)) - raft.server.snapshot.auto.trigger.enabled = true (custom)
2019-09-12 10:10:02,120 [pool-186-thread-1] INFO  server.RaftServerConfigKeys (ConfUtils.java:logGet(43)) - raft.server.snapshot.auto.trigger.threshold = 10000 (custom)
2019-09-12 10:10:02,121 [pool-186-thread-1] INFO  server.RaftServerConfigKeys (ConfUtils.java:logGet(43)) - raft.server.retrycache.expirytime = 600000ms (custom)
2019-09-12 10:10:02,121 [pool-186-thread-1] INFO  impl.RaftServerImpl (RaftServerImpl.java:start(180)) - 3291f544-f1a5-4119-b184-edae5bac4c07: start group-702CAAA84A6A
2019-09-12 10:10:02,121 [pool-186-thread-1] INFO  impl.RaftServerImpl (RaftServerImpl.java:setRole(171)) - 3291f544-f1a5-4119-b184-edae5bac4c07:group-702CAAA84A6A changes role from null to FOLLOWER at term 0 for startAsFollower
2019-09-12 10:10:02,121 [pool-186-thread-1] INFO  impl.RoleInfo (RoleInfo.java:updateAndGet(143)) - 3291f544-f1a5-4119-b184-edae5bac4c07: start FollowerState
2019-09-12 10:10:02,121 [pool-186-thread-1] INFO  util.JmxRegister (JmxRegister.java:tryRegister(44)) - Successfully registered JMX Bean with object name Ratis:service=RaftServer,group=group-702CAAA84A6A,id=3291f544-f1a5-4119-b184-edae5bac4c07
2019-09-12 10:10:02,124 [RatisPipelineUtilsThread] INFO  pipeline.PipelineStateManager (PipelineStateManager.java:addPipeline(56)) - Created pipeline Pipeline[ Id: cf1d3fe6-3ba9-43cd-9065-702caaa84a6a, Nodes: 3291f544-f1a5-4119-b184-edae5bac4c07{ip: 192.168.36.114, host: pr-hdds-1569-58hkm-1881083799, networkLocation: /default-rack, certSerialId: null}, Type:RATIS, Factor:ONE, State:OPEN]
2019-09-12 10:10:02,125 [RatisPipelineUtilsThread] ERROR pipeline.PipelinePlacementPolicy (PipelinePlacementPolicy.java:meetCriteria(92)) - Pipeline Placement: Doesn't meet the criteria to be viable node. Heaviness: 6
2019-09-12 10:10:02,135 [grpc-default-executor-0] INFO  impl.RaftServerProxy (RaftServerProxy.java:addNew(89)) - aab15dc4-7b32-43e5-ad59-c8341f2a8016: addNew group-32DC5938082C:[aab15dc4-7b32-43e5-ad59-c8341f2a8016:192.168.36.114:46566] returns group-32DC5938082C:java.util.concurrent.CompletableFuture@4f8713dc[Not completed]
2019-09-12 10:10:02,137 [pool-197-thread-1] INFO  impl.RaftServerImpl (RaftServerImpl.java:<init>(93)) - aab15dc4-7b32-43e5-ad59-c8341f2a8016: new RaftServerImpl for group-32DC5938082C:[aab15dc4-7b32-43e5-ad59-c8341f2a8016:192.168.36.114:46566] with ContainerStateMachine:uninitialized
2019-09-12 10:10:02,137 [pool-197-thread-1] INFO  server.RaftServerConfigKeys (ConfUtils.java:logGet(43)) - raft.server.rpc.timeout.min = 5s (custom)
2019-09-12 10:10:02,137 [pool-197-thread-1] INFO  server.RaftServerConfigKeys (ConfUtils.java:logGet(43)) - raft.server.rpc.timeout.max = 5200ms (custom)
2019-09-12 10:10:02,137 [pool-197-thread-1] INFO  server.RaftServerConfigKeys (ConfUtils.java:logGet(43)) - raft.server.rpcslowness.timeout = 120s (custom)
2019-09-12 10:10:02,137 [pool-197-thread-1] INFO  server.RaftServerConfigKeys (ConfUtils.java:logGet(43)) - raft.server.sleep.deviation.threshold = 300 (default)
2019-09-12 10:10:02,138 [pool-197-thread-1] INFO  server.RaftServerConfigKeys (ConfUtils.java:logGet(43)) - raft.server.log.appender.install.snapshot.enabled = false (custom)
2019-09-12 10:10:02,138 [pool-197-thread-1] INFO  impl.RaftServerImpl (ServerState.java:<init>(105)) - aab15dc4-7b32-43e5-ad59-c8341f2a8016:group-32DC5938082C ConfigurationManager, init=-1: [aab15dc4-7b32-43e5-ad59-c8341f2a8016:192.168.36.114:46566], old=null, confs=<EMPTY_MAP>
2019-09-12 10:10:02,138 [pool-197-thread-1] INFO  server.RaftServerConfigKeys (ConfUtils.java:logGet(43)) - raft.server.storage.dir = [/workdir/hadoop-ozone/integration-test/target/test-dir/MiniOzoneClusterImpl-afece541-ebdb-408e-b3cb-0c4dcae62716/datanode-1/data/ratis] (custom)
2019-09-12 10:10:02,138 [pool-197-thread-1] INFO  storage.RaftStorageDirectory (RaftStorageDirectory.java:analyzeStorage(246)) - The storage directory /workdir/hadoop-ozone/integration-test/target/test-dir/MiniOzoneClusterImpl-afece541-ebdb-408e-b3cb-0c4dcae62716/datanode-1/data/ratis/569e25ee-0818-4659-9e9a-32dc5938082c does not exist. Creating ...
2019-09-12 10:10:02,170 [pool-197-thread-1] INFO  storage.RaftStorageDirectory (RaftStorageDirectory.java:tryLock(328)) - Lock on /workdir/hadoop-ozone/integration-test/target/test-dir/MiniOzoneClusterImpl-afece541-ebdb-408e-b3cb-0c4dcae62716/datanode-1/data/ratis/569e25ee-0818-4659-9e9a-32dc5938082c/in_use.lock acquired by nodename 2537@pr-hdds-1569-58hkm-1881083799
2019-09-12 10:10:02,254 [pool-197-thread-1] INFO  storage.RaftStorage (RaftStorage.java:format(72)) - Storage directory /workdir/hadoop-ozone/integration-test/target/test-dir/MiniOzoneClusterImpl-afece541-ebdb-408e-b3cb-0c4dcae62716/datanode-1/data/ratis/569e25ee-0818-4659-9e9a-32dc5938082c has been successfully formatted.
2019-09-12 10:10:02,255 [pool-197-thread-1] INFO  ratis.ContainerStateMachine (ContainerStateMachine.java:loadSnapshot(226)) - group-32DC5938082C: The snapshot info is null. Setting the last applied indexto:(t:0, i:~)
2019-09-12 10:10:02,255 [pool-197-thread-1] INFO  server.RaftServerConfigKeys (ConfUtils.java:logGet(43)) - raft.server.leader.election.timeout = 120s (custom)
2019-09-12 10:10:02,255 [pool-197-thread-1] INFO  server.RaftServerConfigKeys (ConfUtils.java:logGet(43)) - raft.server.log.use.memory = false (default)
2019-09-12 10:10:02,255 [pool-197-thread-1] INFO  server.RaftServerConfigKeys (ConfUtils.java:logGet(43)) - raft.server.log.purge.gap = 1000000 (custom)
2019-09-12 10:10:02,256 [pool-197-thread-1] INFO  server.RaftServerConfigKeys (ConfUtils.java:logGet(43)) - raft.server.log.appender.buffer.byte-limit = 33554432 (custom)
2019-09-12 10:10:02,256 [pool-197-thread-1] INFO  server.RaftServerConfigKeys (ConfUtils.java:logGet(43)) - raft.server.log.segment.size.max = 1048576 (custom)
2019-09-12 10:10:02,256 [pool-197-thread-1] INFO  server.RaftServerConfigKeys (ConfUtils.java:logGet(43)) - raft.server.log.segment.cache.num.max = 2 (custom)
2019-09-12 10:10:02,256 [pool-197-thread-1] INFO  segmented.SegmentedRaftLogWorker (SegmentedRaftLogWorker.java:<init>(172)) - new aab15dc4-7b32-43e5-ad59-c8341f2a8016-SegmentedRaftLogWorker:Storage Directory /workdir/hadoop-ozone/integration-test/target/test-dir/MiniOzoneClusterImpl-afece541-ebdb-408e-b3cb-0c4dcae62716/datanode-1/data/ratis/569e25ee-0818-4659-9e9a-32dc5938082c for RaftStorage:Storage Directory /workdir/hadoop-ozone/integration-test/target/test-dir/MiniOzoneClusterImpl-afece541-ebdb-408e-b3cb-0c4dcae62716/datanode-1/data/ratis/569e25ee-0818-4659-9e9a-32dc5938082c
2019-09-12 10:10:02,256 [pool-197-thread-1] INFO  server.RaftServerConfigKeys (ConfUtils.java:logGet(43)) - raft.server.log.queue.byte-limit = 2147483647 (custom)
2019-09-12 10:10:02,256 [pool-197-thread-1] INFO  server.RaftServerConfigKeys (ConfUtils.java:logGet(43)) - raft.server.log.queue.element-limit = 1024 (custom)
2019-09-12 10:10:02,257 [pool-197-thread-1] INFO  server.RaftServerConfigKeys (ConfUtils.java:logGet(43)) - raft.server.log.segment.size.max = 1048576 (custom)
2019-09-12 10:10:02,257 [pool-197-thread-1] INFO  server.RaftServerConfigKeys (ConfUtils.java:logGet(43)) - raft.server.log.preallocated.size = 16384 (custom)
2019-09-12 10:10:02,257 [pool-197-thread-1] INFO  server.RaftServerConfigKeys (ConfUtils.java:logGet(43)) - raft.server.log.write.buffer.size = 33554432 (custom)
2019-09-12 10:10:02,257 [pool-197-thread-1] INFO  server.RaftServerConfigKeys (ConfUtils.java:logGet(43)) - raft.server.log.force.sync.num = 128 (default)
2019-09-12 10:10:02,257 [pool-197-thread-1] INFO  server.RaftServerConfigKeys (ConfUtils.java:logGet(43)) - raft.server.log.statemachine.data.sync = true (default)
2019-09-12 10:10:02,257 [pool-197-thread-1] INFO  server.RaftServerConfigKeys (ConfUtils.java:logGet(43)) - raft.server.log.statemachine.data.sync.timeout = 10s (default)
2019-09-12 10:10:02,257 [pool-197-thread-1] INFO  server.RaftServerConfigKeys (ConfUtils.java:logGet(43)) - raft.server.log.statemachine.data.sync.timeout.retry = -1 (default)
2019-09-12 10:10:02,258 [pool-197-thread-1] INFO  server.RaftServerConfigKeys (ConfUtils.java:logGet(43)) - raft.server.log.statemachine.data.caching.enabled = true (custom)
2019-09-12 10:10:02,258 [pool-197-thread-1] INFO  segmented.SegmentedRaftLogWorker (SegmentedRaftLogWorker.java:lambda$new$0(132)) - aab15dc4-7b32-43e5-ad59-c8341f2a8016-SegmentedRaftLogWorker:Storage Directory /workdir/hadoop-ozone/integration-test/target/test-dir/MiniOzoneClusterImpl-afece541-ebdb-408e-b3cb-0c4dcae62716/datanode-1/data/ratis/569e25ee-0818-4659-9e9a-32dc5938082c: flushIndex: setUnconditionally 0 -> -1
2019-09-12 10:10:02,258 [pool-197-thread-1] INFO  server.RaftServerConfigKeys (ConfUtils.java:logGet(43)) - raft.server.snapshot.auto.trigger.enabled = true (custom)
2019-09-12 10:10:02,258 [pool-197-thread-1] INFO  server.RaftServerConfigKeys (ConfUtils.java:logGet(43)) - raft.server.snapshot.auto.trigger.threshold = 10000 (custom)
2019-09-12 10:10:02,259 [pool-197-thread-1] INFO  server.RaftServerConfigKeys (ConfUtils.java:logGet(43)) - raft.server.retrycache.expirytime = 600000ms (custom)
2019-09-12 10:10:02,259 [pool-197-thread-1] INFO  impl.RaftServerImpl (RaftServerImpl.java:start(180)) - aab15dc4-7b32-43e5-ad59-c8341f2a8016: start group-32DC5938082C
2019-09-12 10:10:02,259 [pool-197-thread-1] INFO  impl.RaftServerImpl (RaftServerImpl.java:setRole(171)) - aab15dc4-7b32-43e5-ad59-c8341f2a8016:group-32DC5938082C changes role from null to FOLLOWER at term 0 for startAsFollower
2019-09-12 10:10:02,259 [pool-197-thread-1] INFO  impl.RoleInfo (RoleInfo.java:updateAndGet(143)) - aab15dc4-7b32-43e5-ad59-c8341f2a8016: start FollowerState
2019-09-12 10:10:02,259 [pool-197-thread-1] INFO  util.JmxRegister (JmxRegister.java:tryRegister(44)) - Successfully registered JMX Bean with object name Ratis:service=RaftServer,group=group-32DC5938082C,id=aab15dc4-7b32-43e5-ad59-c8341f2a8016
2019-09-12 10:10:02,262 [RatisPipelineUtilsThread] INFO  pipeline.PipelineStateManager (PipelineStateManager.java:addPipeline(56)) - Created pipeline Pipeline[ Id: 569e25ee-0818-4659-9e9a-32dc5938082c, Nodes: aab15dc4-7b32-43e5-ad59-c8341f2a8016{ip: 192.168.36.114, host: pr-hdds-1569-58hkm-1881083799, networkLocation: /default-rack, certSerialId: null}, Type:RATIS, Factor:ONE, State:OPEN]
2019-09-12 10:10:02,263 [RatisPipelineUtilsThread] ERROR pipeline.PipelinePlacementPolicy (PipelinePlacementPolicy.java:meetCriteria(92)) - Pipeline Placement: Doesn't meet the criteria to be viable node. Heaviness: 6
2019-09-12 10:10:02,270 [grpc-default-executor-0] INFO  impl.RaftServerProxy (RaftServerProxy.java:addNew(89)) - 004fc30c-f0ab-42da-b88f-ff2f3e6aa886: addNew group-523C28B83363:[004fc30c-f0ab-42da-b88f-ff2f3e6aa886:192.168.36.114:44994] returns group-523C28B83363:java.util.concurrent.CompletableFuture@7980b4e0[Not completed]
2019-09-12 10:10:02,271 [pool-208-thread-1] INFO  impl.RaftServerImpl (RaftServerImpl.java:<init>(93)) - 004fc30c-f0ab-42da-b88f-ff2f3e6aa886: new RaftServerImpl for group-523C28B83363:[004fc30c-f0ab-42da-b88f-ff2f3e6aa886:192.168.36.114:44994] with ContainerStateMachine:uninitialized
2019-09-12 10:10:02,271 [pool-208-thread-1] INFO  server.RaftServerConfigKeys (ConfUtils.java:logGet(43)) - raft.server.rpc.timeout.min = 5s (custom)
2019-09-12 10:10:02,271 [pool-208-thread-1] INFO  server.RaftServerConfigKeys (ConfUtils.java:logGet(43)) - raft.server.rpc.timeout.max = 5200ms (custom)
2019-09-12 10:10:02,272 [pool-208-thread-1] INFO  server.RaftServerConfigKeys (ConfUtils.java:logGet(43)) - raft.server.rpcslowness.timeout = 120s (custom)
2019-09-12 10:10:02,272 [pool-208-thread-1] INFO  server.RaftServerConfigKeys (ConfUtils.java:logGet(43)) - raft.server.sleep.deviation.threshold = 300 (default)
2019-09-12 10:10:02,272 [pool-208-thread-1] INFO  server.RaftServerConfigKeys (ConfUtils.java:logGet(43)) - raft.server.log.appender.install.snapshot.enabled = false (custom)
2019-09-12 10:10:02,272 [pool-208-thread-1] INFO  impl.RaftServerImpl (ServerState.java:<init>(105)) - 004fc30c-f0ab-42da-b88f-ff2f3e6aa886:group-523C28B83363 ConfigurationManager, init=-1: [004fc30c-f0ab-42da-b88f-ff2f3e6aa886:192.168.36.114:44994], old=null, confs=<EMPTY_MAP>
2019-09-12 10:10:02,272 [pool-208-thread-1] INFO  server.RaftServerConfigKeys (ConfUtils.java:logGet(43)) - raft.server.storage.dir = [/workdir/hadoop-ozone/integration-test/target/test-dir/MiniOzoneClusterImpl-afece541-ebdb-408e-b3cb-0c4dcae62716/datanode-2/data/ratis] (custom)
2019-09-12 10:10:02,273 [pool-208-thread-1] INFO  storage.RaftStorageDirectory (RaftStorageDirectory.java:analyzeStorage(246)) - The storage directory /workdir/hadoop-ozone/integration-test/target/test-dir/MiniOzoneClusterImpl-afece541-ebdb-408e-b3cb-0c4dcae62716/datanode-2/data/ratis/eb2cbed7-9743-4ee9-a716-523c28b83363 does not exist. Creating ...
2019-09-12 10:10:02,319 [pool-208-thread-1] INFO  storage.RaftStorageDirectory (RaftStorageDirectory.java:tryLock(328)) - Lock on /workdir/hadoop-ozone/integration-test/target/test-dir/MiniOzoneClusterImpl-afece541-ebdb-408e-b3cb-0c4dcae62716/datanode-2/data/ratis/eb2cbed7-9743-4ee9-a716-523c28b83363/in_use.lock acquired by nodename 2537@pr-hdds-1569-58hkm-1881083799
2019-09-12 10:10:02,369 [pool-208-thread-1] INFO  storage.RaftStorage (RaftStorage.java:format(72)) - Storage directory /workdir/hadoop-ozone/integration-test/target/test-dir/MiniOzoneClusterImpl-afece541-ebdb-408e-b3cb-0c4dcae62716/datanode-2/data/ratis/eb2cbed7-9743-4ee9-a716-523c28b83363 has been successfully formatted.
2019-09-12 10:10:02,370 [pool-208-thread-1] INFO  ratis.ContainerStateMachine (ContainerStateMachine.java:loadSnapshot(226)) - group-523C28B83363: The snapshot info is null. Setting the last applied indexto:(t:0, i:~)
2019-09-12 10:10:02,370 [pool-208-thread-1] INFO  server.RaftServerConfigKeys (ConfUtils.java:logGet(43)) - raft.server.leader.election.timeout = 120s (custom)
2019-09-12 10:10:02,370 [pool-208-thread-1] INFO  server.RaftServerConfigKeys (ConfUtils.java:logGet(43)) - raft.server.log.use.memory = false (default)
2019-09-12 10:10:02,370 [pool-208-thread-1] INFO  server.RaftServerConfigKeys (ConfUtils.java:logGet(43)) - raft.server.log.purge.gap = 1000000 (custom)
2019-09-12 10:10:02,370 [pool-208-thread-1] INFO  server.RaftServerConfigKeys (ConfUtils.java:logGet(43)) - raft.server.log.appender.buffer.byte-limit = 33554432 (custom)
2019-09-12 10:10:02,371 [pool-208-thread-1] INFO  server.RaftServerConfigKeys (ConfUtils.java:logGet(43)) - raft.server.log.segment.size.max = 1048576 (custom)
2019-09-12 10:10:02,371 [pool-208-thread-1] INFO  server.RaftServerConfigKeys (ConfUtils.java:logGet(43)) - raft.server.log.segment.cache.num.max = 2 (custom)
2019-09-12 10:10:02,371 [pool-208-thread-1] INFO  segmented.SegmentedRaftLogWorker (SegmentedRaftLogWorker.java:<init>(172)) - new 004fc30c-f0ab-42da-b88f-ff2f3e6aa886-SegmentedRaftLogWorker:Storage Directory /workdir/hadoop-ozone/integration-test/target/test-dir/MiniOzoneClusterImpl-afece541-ebdb-408e-b3cb-0c4dcae62716/datanode-2/data/ratis/eb2cbed7-9743-4ee9-a716-523c28b83363 for RaftStorage:Storage Directory /workdir/hadoop-ozone/integration-test/target/test-dir/MiniOzoneClusterImpl-afece541-ebdb-408e-b3cb-0c4dcae62716/datanode-2/data/ratis/eb2cbed7-9743-4ee9-a716-523c28b83363
2019-09-12 10:10:02,371 [pool-208-thread-1] INFO  server.RaftServerConfigKeys (ConfUtils.java:logGet(43)) - raft.server.log.queue.byte-limit = 2147483647 (custom)
2019-09-12 10:10:02,371 [pool-208-thread-1] INFO  server.RaftServerConfigKeys (ConfUtils.java:logGet(43)) - raft.server.log.queue.element-limit = 1024 (custom)
2019-09-12 10:10:02,372 [pool-208-thread-1] INFO  server.RaftServerConfigKeys (ConfUtils.java:logGet(43)) - raft.server.log.segment.size.max = 1048576 (custom)
2019-09-12 10:10:02,372 [pool-208-thread-1] INFO  server.RaftServerConfigKeys (ConfUtils.java:logGet(43)) - raft.server.log.preallocated.size = 16384 (custom)
2019-09-12 10:10:02,372 [pool-208-thread-1] INFO  server.RaftServerConfigKeys (ConfUtils.java:logGet(43)) - raft.server.log.write.buffer.size = 33554432 (custom)
2019-09-12 10:10:02,372 [pool-208-thread-1] INFO  server.RaftServerConfigKeys (ConfUtils.java:logGet(43)) - raft.server.log.force.sync.num = 128 (default)
2019-09-12 10:10:02,372 [pool-208-thread-1] INFO  server.RaftServerConfigKeys (ConfUtils.java:logGet(43)) - raft.server.log.statemachine.data.sync = true (default)
2019-09-12 10:10:02,373 [pool-208-thread-1] INFO  server.RaftServerConfigKeys (ConfUtils.java:logGet(43)) - raft.server.log.statemachine.data.sync.timeout = 10s (default)
2019-09-12 10:10:02,373 [pool-208-thread-1] INFO  server.RaftServerConfigKeys (ConfUtils.java:logGet(43)) - raft.server.log.statemachine.data.sync.timeout.retry = -1 (default)
2019-09-12 10:10:02,373 [pool-208-thread-1] INFO  server.RaftServerConfigKeys (ConfUtils.java:logGet(43)) - raft.server.log.statemachine.data.caching.enabled = true (custom)
2019-09-12 10:10:02,373 [pool-208-thread-1] INFO  segmented.SegmentedRaftLogWorker (SegmentedRaftLogWorker.java:lambda$new$0(132)) - 004fc30c-f0ab-42da-b88f-ff2f3e6aa886-SegmentedRaftLogWorker:Storage Directory /workdir/hadoop-ozone/integration-test/target/test-dir/MiniOzoneClusterImpl-afece541-ebdb-408e-b3cb-0c4dcae62716/datanode-2/data/ratis/eb2cbed7-9743-4ee9-a716-523c28b83363: flushIndex: setUnconditionally 0 -> -1
2019-09-12 10:10:02,374 [pool-208-thread-1] INFO  server.RaftServerConfigKeys (ConfUtils.java:logGet(43)) - raft.server.snapshot.auto.trigger.enabled = true (custom)
2019-09-12 10:10:02,374 [pool-208-thread-1] INFO  server.RaftServerConfigKeys (ConfUtils.java:logGet(43)) - raft.server.snapshot.auto.trigger.threshold = 10000 (custom)
2019-09-12 10:10:02,374 [pool-208-thread-1] INFO  server.RaftServerConfigKeys (ConfUtils.java:logGet(43)) - raft.server.retrycache.expirytime = 600000ms (custom)
2019-09-12 10:10:02,375 [pool-208-thread-1] INFO  impl.RaftServerImpl (RaftServerImpl.java:start(180)) - 004fc30c-f0ab-42da-b88f-ff2f3e6aa886: start group-523C28B83363
2019-09-12 10:10:02,375 [pool-208-thread-1] INFO  impl.RaftServerImpl (RaftServerImpl.java:setRole(171)) - 004fc30c-f0ab-42da-b88f-ff2f3e6aa886:group-523C28B83363 changes role from null to FOLLOWER at term 0 for startAsFollower
2019-09-12 10:10:02,375 [pool-208-thread-1] INFO  impl.RoleInfo (RoleInfo.java:updateAndGet(143)) - 004fc30c-f0ab-42da-b88f-ff2f3e6aa886: start FollowerState
2019-09-12 10:10:02,375 [pool-208-thread-1] INFO  util.JmxRegister (JmxRegister.java:tryRegister(44)) - Successfully registered JMX Bean with object name Ratis:service=RaftServer,group=group-523C28B83363,id=004fc30c-f0ab-42da-b88f-ff2f3e6aa886
2019-09-12 10:10:02,378 [RatisPipelineUtilsThread] INFO  pipeline.PipelineStateManager (PipelineStateManager.java:addPipeline(56)) - Created pipeline Pipeline[ Id: eb2cbed7-9743-4ee9-a716-523c28b83363, Nodes: 004fc30c-f0ab-42da-b88f-ff2f3e6aa886{ip: 192.168.36.114, host: pr-hdds-1569-58hkm-1881083799, networkLocation: /default-rack, certSerialId: null}, Type:RATIS, Factor:ONE, State:OPEN]
2019-09-12 10:10:02,379 [RatisPipelineUtilsThread] ERROR pipeline.PipelinePlacementPolicy (PipelinePlacementPolicy.java:meetCriteria(92)) - Pipeline Placement: Doesn't meet the criteria to be viable node. Heaviness: 6
2019-09-12 10:10:02,384 [grpc-default-executor-0] INFO  impl.RaftServerProxy (RaftServerProxy.java:addNew(89)) - aab15dc4-7b32-43e5-ad59-c8341f2a8016: addNew group-3446C915B006:[aab15dc4-7b32-43e5-ad59-c8341f2a8016:192.168.36.114:46566] returns group-3446C915B006:java.util.concurrent.CompletableFuture@663e95a[Not completed]
2019-09-12 10:10:02,385 [pool-197-thread-1] INFO  impl.RaftServerImpl (RaftServerImpl.java:<init>(93)) - aab15dc4-7b32-43e5-ad59-c8341f2a8016: new RaftServerImpl for group-3446C915B006:[aab15dc4-7b32-43e5-ad59-c8341f2a8016:192.168.36.114:46566] with ContainerStateMachine:uninitialized
2019-09-12 10:10:02,386 [pool-197-thread-1] INFO  server.RaftServerConfigKeys (ConfUtils.java:logGet(43)) - raft.server.rpc.timeout.min = 5s (custom)
2019-09-12 10:10:02,386 [pool-197-thread-1] INFO  server.RaftServerConfigKeys (ConfUtils.java:logGet(43)) - raft.server.rpc.timeout.max = 5200ms (custom)
2019-09-12 10:10:02,386 [pool-197-thread-1] INFO  server.RaftServerConfigKeys (ConfUtils.java:logGet(43)) - raft.server.rpcslowness.timeout = 120s (custom)
2019-09-12 10:10:02,386 [pool-197-thread-1] INFO  server.RaftServerConfigKeys (ConfUtils.java:logGet(43)) - raft.server.sleep.deviation.threshold = 300 (default)
2019-09-12 10:10:02,386 [pool-197-thread-1] INFO  server.RaftServerConfigKeys (ConfUtils.java:logGet(43)) - raft.server.log.appender.install.snapshot.enabled = false (custom)
2019-09-12 10:10:02,386 [pool-197-thread-1] INFO  impl.RaftServerImpl (ServerState.java:<init>(105)) - aab15dc4-7b32-43e5-ad59-c8341f2a8016:group-3446C915B006 ConfigurationManager, init=-1: [aab15dc4-7b32-43e5-ad59-c8341f2a8016:192.168.36.114:46566], old=null, confs=<EMPTY_MAP>
2019-09-12 10:10:02,387 [pool-197-thread-1] INFO  server.RaftServerConfigKeys (ConfUtils.java:logGet(43)) - raft.server.storage.dir = [/workdir/hadoop-ozone/integration-test/target/test-dir/MiniOzoneClusterImpl-afece541-ebdb-408e-b3cb-0c4dcae62716/datanode-1/data/ratis] (custom)
2019-09-12 10:10:02,387 [pool-197-thread-1] INFO  storage.RaftStorageDirectory (RaftStorageDirectory.java:analyzeStorage(246)) - The storage directory /workdir/hadoop-ozone/integration-test/target/test-dir/MiniOzoneClusterImpl-afece541-ebdb-408e-b3cb-0c4dcae62716/datanode-1/data/ratis/75d817ce-dcce-4a8d-8e3a-3446c915b006 does not exist. Creating ...
2019-09-12 10:10:02,447 [pool-197-thread-1] INFO  storage.RaftStorageDirectory (RaftStorageDirectory.java:tryLock(328)) - Lock on /workdir/hadoop-ozone/integration-test/target/test-dir/MiniOzoneClusterImpl-afece541-ebdb-408e-b3cb-0c4dcae62716/datanode-1/data/ratis/75d817ce-dcce-4a8d-8e3a-3446c915b006/in_use.lock acquired by nodename 2537@pr-hdds-1569-58hkm-1881083799
2019-09-12 10:10:02,499 [pool-197-thread-1] INFO  storage.RaftStorage (RaftStorage.java:format(72)) - Storage directory /workdir/hadoop-ozone/integration-test/target/test-dir/MiniOzoneClusterImpl-afece541-ebdb-408e-b3cb-0c4dcae62716/datanode-1/data/ratis/75d817ce-dcce-4a8d-8e3a-3446c915b006 has been successfully formatted.
2019-09-12 10:10:02,499 [pool-197-thread-1] INFO  ratis.ContainerStateMachine (ContainerStateMachine.java:loadSnapshot(226)) - group-3446C915B006: The snapshot info is null. Setting the last applied indexto:(t:0, i:~)
2019-09-12 10:10:02,499 [pool-197-thread-1] INFO  server.RaftServerConfigKeys (ConfUtils.java:logGet(43)) - raft.server.leader.election.timeout = 120s (custom)
2019-09-12 10:10:02,500 [pool-197-thread-1] INFO  server.RaftServerConfigKeys (ConfUtils.java:logGet(43)) - raft.server.log.use.memory = false (default)
2019-09-12 10:10:02,500 [pool-197-thread-1] INFO  server.RaftServerConfigKeys (ConfUtils.java:logGet(43)) - raft.server.log.purge.gap = 1000000 (custom)
2019-09-12 10:10:02,500 [pool-197-thread-1] INFO  server.RaftServerConfigKeys (ConfUtils.java:logGet(43)) - raft.server.log.appender.buffer.byte-limit = 33554432 (custom)
2019-09-12 10:10:02,500 [pool-197-thread-1] INFO  server.RaftServerConfigKeys (ConfUtils.java:logGet(43)) - raft.server.log.segment.size.max = 1048576 (custom)
2019-09-12 10:10:02,500 [pool-197-thread-1] INFO  server.RaftServerConfigKeys (ConfUtils.java:logGet(43)) - raft.server.log.segment.cache.num.max = 2 (custom)
2019-09-12 10:10:02,500 [pool-197-thread-1] INFO  segmented.SegmentedRaftLogWorker (SegmentedRaftLogWorker.java:<init>(172)) - new aab15dc4-7b32-43e5-ad59-c8341f2a8016-SegmentedRaftLogWorker:Storage Directory /workdir/hadoop-ozone/integration-test/target/test-dir/MiniOzoneClusterImpl-afece541-ebdb-408e-b3cb-0c4dcae62716/datanode-1/data/ratis/75d817ce-dcce-4a8d-8e3a-3446c915b006 for RaftStorage:Storage Directory /workdir/hadoop-ozone/integration-test/target/test-dir/MiniOzoneClusterImpl-afece541-ebdb-408e-b3cb-0c4dcae62716/datanode-1/data/ratis/75d817ce-dcce-4a8d-8e3a-3446c915b006
2019-09-12 10:10:02,500 [pool-197-thread-1] INFO  server.RaftServerConfigKeys (ConfUtils.java:logGet(43)) - raft.server.log.queue.byte-limit = 2147483647 (custom)
2019-09-12 10:10:02,500 [pool-197-thread-1] INFO  server.RaftServerConfigKeys (ConfUtils.java:logGet(43)) - raft.server.log.queue.element-limit = 1024 (custom)
2019-09-12 10:10:02,500 [pool-197-thread-1] INFO  server.RaftServerConfigKeys (ConfUtils.java:logGet(43)) - raft.server.log.segment.size.max = 1048576 (custom)
2019-09-12 10:10:02,500 [pool-197-thread-1] INFO  server.RaftServerConfigKeys (ConfUtils.java:logGet(43)) - raft.server.log.preallocated.size = 16384 (custom)
2019-09-12 10:10:02,501 [pool-197-thread-1] INFO  server.RaftServerConfigKeys (ConfUtils.java:logGet(43)) - raft.server.log.write.buffer.size = 33554432 (custom)
2019-09-12 10:10:02,501 [pool-197-thread-1] INFO  server.RaftServerConfigKeys (ConfUtils.java:logGet(43)) - raft.server.log.force.sync.num = 128 (default)
2019-09-12 10:10:02,501 [pool-197-thread-1] INFO  server.RaftServerConfigKeys (ConfUtils.java:logGet(43)) - raft.server.log.statemachine.data.sync = true (default)
2019-09-12 10:10:02,501 [pool-197-thread-1] INFO  server.RaftServerConfigKeys (ConfUtils.java:logGet(43)) - raft.server.log.statemachine.data.sync.timeout = 10s (default)
2019-09-12 10:10:02,501 [pool-197-thread-1] INFO  server.RaftServerConfigKeys (ConfUtils.java:logGet(43)) - raft.server.log.statemachine.data.sync.timeout.retry = -1 (default)
2019-09-12 10:10:02,501 [pool-197-thread-1] INFO  server.RaftServerConfigKeys (ConfUtils.java:logGet(43)) - raft.server.log.statemachine.data.caching.enabled = true (custom)
2019-09-12 10:10:02,501 [pool-197-thread-1] INFO  segmented.SegmentedRaftLogWorker (SegmentedRaftLogWorker.java:lambda$new$0(132)) - aab15dc4-7b32-43e5-ad59-c8341f2a8016-SegmentedRaftLogWorker:Storage Directory /workdir/hadoop-ozone/integration-test/target/test-dir/MiniOzoneClusterImpl-afece541-ebdb-408e-b3cb-0c4dcae62716/datanode-1/data/ratis/75d817ce-dcce-4a8d-8e3a-3446c915b006: flushIndex: setUnconditionally 0 -> -1
2019-09-12 10:10:02,502 [pool-197-thread-1] INFO  server.RaftServerConfigKeys (ConfUtils.java:logGet(43)) - raft.server.snapshot.auto.trigger.enabled = true (custom)
2019-09-12 10:10:02,502 [pool-197-thread-1] INFO  server.RaftServerConfigKeys (ConfUtils.java:logGet(43)) - raft.server.snapshot.auto.trigger.threshold = 10000 (custom)
2019-09-12 10:10:02,502 [pool-197-thread-1] INFO  server.RaftServerConfigKeys (ConfUtils.java:logGet(43)) - raft.server.retrycache.expirytime = 600000ms (custom)
2019-09-12 10:10:02,502 [pool-197-thread-1] INFO  impl.RaftServerImpl (RaftServerImpl.java:start(180)) - aab15dc4-7b32-43e5-ad59-c8341f2a8016: start group-3446C915B006
2019-09-12 10:10:02,502 [pool-197-thread-1] INFO  impl.RaftServerImpl (RaftServerImpl.java:setRole(171)) - aab15dc4-7b32-43e5-ad59-c8341f2a8016:group-3446C915B006 changes role from null to FOLLOWER at term 0 for startAsFollower
2019-09-12 10:10:02,502 [pool-197-thread-1] INFO  impl.RoleInfo (RoleInfo.java:updateAndGet(143)) - aab15dc4-7b32-43e5-ad59-c8341f2a8016: start FollowerState
2019-09-12 10:10:02,502 [pool-197-thread-1] INFO  util.JmxRegister (JmxRegister.java:tryRegister(44)) - Successfully registered JMX Bean with object name Ratis:service=RaftServer,group=group-3446C915B006,id=aab15dc4-7b32-43e5-ad59-c8341f2a8016
2019-09-12 10:10:02,505 [RatisPipelineUtilsThread] INFO  pipeline.PipelineStateManager (PipelineStateManager.java:addPipeline(56)) - Created pipeline Pipeline[ Id: 75d817ce-dcce-4a8d-8e3a-3446c915b006, Nodes: aab15dc4-7b32-43e5-ad59-c8341f2a8016{ip: 192.168.36.114, host: pr-hdds-1569-58hkm-1881083799, networkLocation: /default-rack, certSerialId: null}, Type:RATIS, Factor:ONE, State:OPEN]
2019-09-12 10:10:02,506 [RatisPipelineUtilsThread] ERROR pipeline.PipelinePlacementPolicy (PipelinePlacementPolicy.java:meetCriteria(92)) - Pipeline Placement: Doesn't meet the criteria to be viable node. Heaviness: 6
2019-09-12 10:10:02,512 [grpc-default-executor-0] INFO  impl.RaftServerProxy (RaftServerProxy.java:addNew(89)) - aab15dc4-7b32-43e5-ad59-c8341f2a8016: addNew group-EC978D3ADE55:[aab15dc4-7b32-43e5-ad59-c8341f2a8016:192.168.36.114:46566] returns group-EC978D3ADE55:java.util.concurrent.CompletableFuture@18ff9f19[Not completed]
2019-09-12 10:10:02,513 [pool-197-thread-1] INFO  impl.RaftServerImpl (RaftServerImpl.java:<init>(93)) - aab15dc4-7b32-43e5-ad59-c8341f2a8016: new RaftServerImpl for group-EC978D3ADE55:[aab15dc4-7b32-43e5-ad59-c8341f2a8016:192.168.36.114:46566] with ContainerStateMachine:uninitialized
2019-09-12 10:10:02,513 [pool-197-thread-1] INFO  server.RaftServerConfigKeys (ConfUtils.java:logGet(43)) - raft.server.rpc.timeout.min = 5s (custom)
2019-09-12 10:10:02,513 [pool-197-thread-1] INFO  server.RaftServerConfigKeys (ConfUtils.java:logGet(43)) - raft.server.rpc.timeout.max = 5200ms (custom)
2019-09-12 10:10:02,513 [pool-197-thread-1] INFO  server.RaftServerConfigKeys (ConfUtils.java:logGet(43)) - raft.server.rpcslowness.timeout = 120s (custom)
2019-09-12 10:10:02,513 [pool-197-thread-1] INFO  server.RaftServerConfigKeys (ConfUtils.java:logGet(43)) - raft.server.sleep.deviation.threshold = 300 (default)
2019-09-12 10:10:02,513 [pool-197-thread-1] INFO  server.RaftServerConfigKeys (ConfUtils.java:logGet(43)) - raft.server.log.appender.install.snapshot.enabled = false (custom)
2019-09-12 10:10:02,513 [pool-197-thread-1] INFO  impl.RaftServerImpl (ServerState.java:<init>(105)) - aab15dc4-7b32-43e5-ad59-c8341f2a8016:group-EC978D3ADE55 ConfigurationManager, init=-1: [aab15dc4-7b32-43e5-ad59-c8341f2a8016:192.168.36.114:46566], old=null, confs=<EMPTY_MAP>
2019-09-12 10:10:02,513 [pool-197-thread-1] INFO  server.RaftServerConfigKeys (ConfUtils.java:logGet(43)) - raft.server.storage.dir = [/workdir/hadoop-ozone/integration-test/target/test-dir/MiniOzoneClusterImpl-afece541-ebdb-408e-b3cb-0c4dcae62716/datanode-1/data/ratis] (custom)
2019-09-12 10:10:02,514 [pool-197-thread-1] INFO  storage.RaftStorageDirectory (RaftStorageDirectory.java:analyzeStorage(246)) - The storage directory /workdir/hadoop-ozone/integration-test/target/test-dir/MiniOzoneClusterImpl-afece541-ebdb-408e-b3cb-0c4dcae62716/datanode-1/data/ratis/9ec2b7f5-1ad9-4f3e-b71c-ec978d3ade55 does not exist. Creating ...
2019-09-12 10:10:02,527 [pool-197-thread-1] INFO  storage.RaftStorageDirectory (RaftStorageDirectory.java:tryLock(328)) - Lock on /workdir/hadoop-ozone/integration-test/target/test-dir/MiniOzoneClusterImpl-afece541-ebdb-408e-b3cb-0c4dcae62716/datanode-1/data/ratis/9ec2b7f5-1ad9-4f3e-b71c-ec978d3ade55/in_use.lock acquired by nodename 2537@pr-hdds-1569-58hkm-1881083799
2019-09-12 10:10:02,598 [pool-197-thread-1] INFO  storage.RaftStorage (RaftStorage.java:format(72)) - Storage directory /workdir/hadoop-ozone/integration-test/target/test-dir/MiniOzoneClusterImpl-afece541-ebdb-408e-b3cb-0c4dcae62716/datanode-1/data/ratis/9ec2b7f5-1ad9-4f3e-b71c-ec978d3ade55 has been successfully formatted.
2019-09-12 10:10:02,599 [pool-197-thread-1] INFO  ratis.ContainerStateMachine (ContainerStateMachine.java:loadSnapshot(226)) - group-EC978D3ADE55: The snapshot info is null. Setting the last applied indexto:(t:0, i:~)
2019-09-12 10:10:02,599 [pool-197-thread-1] INFO  server.RaftServerConfigKeys (ConfUtils.java:logGet(43)) - raft.server.leader.election.timeout = 120s (custom)
2019-09-12 10:10:02,599 [pool-197-thread-1] INFO  server.RaftServerConfigKeys (ConfUtils.java:logGet(43)) - raft.server.log.use.memory = false (default)
2019-09-12 10:10:02,599 [pool-197-thread-1] INFO  server.RaftServerConfigKeys (ConfUtils.java:logGet(43)) - raft.server.log.purge.gap = 1000000 (custom)
2019-09-12 10:10:02,599 [pool-197-thread-1] INFO  server.RaftServerConfigKeys (ConfUtils.java:logGet(43)) - raft.server.log.appender.buffer.byte-limit = 33554432 (custom)
2019-09-12 10:10:02,599 [pool-197-thread-1] INFO  server.RaftServerConfigKeys (ConfUtils.java:logGet(43)) - raft.server.log.segment.size.max = 1048576 (custom)
2019-09-12 10:10:02,600 [pool-197-thread-1] INFO  server.RaftServerConfigKeys (ConfUtils.java:logGet(43)) - raft.server.log.segment.cache.num.max = 2 (custom)
2019-09-12 10:10:02,600 [pool-197-thread-1] INFO  segmented.SegmentedRaftLogWorker (SegmentedRaftLogWorker.java:<init>(172)) - new aab15dc4-7b32-43e5-ad59-c8341f2a8016-SegmentedRaftLogWorker:Storage Directory /workdir/hadoop-ozone/integration-test/target/test-dir/MiniOzoneClusterImpl-afece541-ebdb-408e-b3cb-0c4dcae62716/datanode-1/data/ratis/9ec2b7f5-1ad9-4f3e-b71c-ec978d3ade55 for RaftStorage:Storage Directory /workdir/hadoop-ozone/integration-test/target/test-dir/MiniOzoneClusterImpl-afece541-ebdb-408e-b3cb-0c4dcae62716/datanode-1/data/ratis/9ec2b7f5-1ad9-4f3e-b71c-ec978d3ade55
2019-09-12 10:10:02,600 [pool-197-thread-1] INFO  server.RaftServerConfigKeys (ConfUtils.java:logGet(43)) - raft.server.log.queue.byte-limit = 2147483647 (custom)
2019-09-12 10:10:02,600 [pool-197-thread-1] INFO  server.RaftServerConfigKeys (ConfUtils.java:logGet(43)) - raft.server.log.queue.element-limit = 1024 (custom)
2019-09-12 10:10:02,600 [pool-197-thread-1] INFO  server.RaftServerConfigKeys (ConfUtils.java:logGet(43)) - raft.server.log.segment.size.max = 1048576 (custom)
2019-09-12 10:10:02,600 [pool-197-thread-1] INFO  server.RaftServerConfigKeys (ConfUtils.java:logGet(43)) - raft.server.log.preallocated.size = 16384 (custom)
2019-09-12 10:10:02,600 [pool-197-thread-1] INFO  server.RaftServerConfigKeys (ConfUtils.java:logGet(43)) - raft.server.log.write.buffer.size = 33554432 (custom)
2019-09-12 10:10:02,601 [pool-197-thread-1] INFO  server.RaftServerConfigKeys (ConfUtils.java:logGet(43)) - raft.server.log.force.sync.num = 128 (default)
2019-09-12 10:10:02,601 [pool-197-thread-1] INFO  server.RaftServerConfigKeys (ConfUtils.java:logGet(43)) - raft.server.log.statemachine.data.sync = true (default)
2019-09-12 10:10:02,601 [pool-197-thread-1] INFO  server.RaftServerConfigKeys (ConfUtils.java:logGet(43)) - raft.server.log.statemachine.data.sync.timeout = 10s (default)
2019-09-12 10:10:02,601 [pool-197-thread-1] INFO  server.RaftServerConfigKeys (ConfUtils.java:logGet(43)) - raft.server.log.statemachine.data.sync.timeout.retry = -1 (default)
2019-09-12 10:10:02,601 [pool-197-thread-1] INFO  server.RaftServerConfigKeys (ConfUtils.java:logGet(43)) - raft.server.log.statemachine.data.caching.enabled = true (custom)
2019-09-12 10:10:02,601 [pool-197-thread-1] INFO  segmented.SegmentedRaftLogWorker (SegmentedRaftLogWorker.java:lambda$new$0(132)) - aab15dc4-7b32-43e5-ad59-c8341f2a8016-SegmentedRaftLogWorker:Storage Directory /workdir/hadoop-ozone/integration-test/target/test-dir/MiniOzoneClusterImpl-afece541-ebdb-408e-b3cb-0c4dcae62716/datanode-1/data/ratis/9ec2b7f5-1ad9-4f3e-b71c-ec978d3ade55: flushIndex: setUnconditionally 0 -> -1
2019-09-12 10:10:02,602 [pool-197-thread-1] INFO  server.RaftServerConfigKeys (ConfUtils.java:logGet(43)) - raft.server.snapshot.auto.trigger.enabled = true (custom)
2019-09-12 10:10:02,602 [pool-197-thread-1] INFO  server.RaftServerConfigKeys (ConfUtils.java:logGet(43)) - raft.server.snapshot.auto.trigger.threshold = 10000 (custom)
2019-09-12 10:10:02,602 [pool-197-thread-1] INFO  server.RaftServerConfigKeys (ConfUtils.java:logGet(43)) - raft.server.retrycache.expirytime = 600000ms (custom)
2019-09-12 10:10:02,602 [pool-197-thread-1] INFO  impl.RaftServerImpl (RaftServerImpl.java:start(180)) - aab15dc4-7b32-43e5-ad59-c8341f2a8016: start group-EC978D3ADE55
2019-09-12 10:10:02,602 [pool-197-thread-1] INFO  impl.RaftServerImpl (RaftServerImpl.java:setRole(171)) - aab15dc4-7b32-43e5-ad59-c8341f2a8016:group-EC978D3ADE55 changes role from null to FOLLOWER at term 0 for startAsFollower
2019-09-12 10:10:02,602 [pool-197-thread-1] INFO  impl.RoleInfo (RoleInfo.java:updateAndGet(143)) - aab15dc4-7b32-43e5-ad59-c8341f2a8016: start FollowerState
2019-09-12 10:10:02,602 [pool-197-thread-1] INFO  util.JmxRegister (JmxRegister.java:tryRegister(44)) - Successfully registered JMX Bean with object name Ratis:service=RaftServer,group=group-EC978D3ADE55,id=aab15dc4-7b32-43e5-ad59-c8341f2a8016
2019-09-12 10:10:02,608 [RatisPipelineUtilsThread] INFO  pipeline.PipelineStateManager (PipelineStateManager.java:addPipeline(56)) - Created pipeline Pipeline[ Id: 9ec2b7f5-1ad9-4f3e-b71c-ec978d3ade55, Nodes: aab15dc4-7b32-43e5-ad59-c8341f2a8016{ip: 192.168.36.114, host: pr-hdds-1569-58hkm-1881083799, networkLocation: /default-rack, certSerialId: null}, Type:RATIS, Factor:ONE, State:OPEN]
2019-09-12 10:10:02,608 [RatisPipelineUtilsThread] ERROR pipeline.PipelinePlacementPolicy (PipelinePlacementPolicy.java:meetCriteria(92)) - Pipeline Placement: Doesn't meet the criteria to be viable node. Heaviness: 6
2019-09-12 10:10:02,616 [grpc-default-executor-0] INFO  impl.RaftServerProxy (RaftServerProxy.java:addNew(89)) - 004fc30c-f0ab-42da-b88f-ff2f3e6aa886: addNew group-894CA12844C0:[004fc30c-f0ab-42da-b88f-ff2f3e6aa886:192.168.36.114:44994] returns group-894CA12844C0:java.util.concurrent.CompletableFuture@7d5248af[Not completed]
2019-09-12 10:10:02,617 [pool-208-thread-1] INFO  impl.RaftServerImpl (RaftServerImpl.java:<init>(93)) - 004fc30c-f0ab-42da-b88f-ff2f3e6aa886: new RaftServerImpl for group-894CA12844C0:[004fc30c-f0ab-42da-b88f-ff2f3e6aa886:192.168.36.114:44994] with ContainerStateMachine:uninitialized
2019-09-12 10:10:02,617 [pool-208-thread-1] INFO  server.RaftServerConfigKeys (ConfUtils.java:logGet(43)) - raft.server.rpc.timeout.min = 5s (custom)
2019-09-12 10:10:02,617 [pool-208-thread-1] INFO  server.RaftServerConfigKeys (ConfUtils.java:logGet(43)) - raft.server.rpc.timeout.max = 5200ms (custom)
2019-09-12 10:10:02,617 [pool-208-thread-1] INFO  server.RaftServerConfigKeys (ConfUtils.java:logGet(43)) - raft.server.rpcslowness.timeout = 120s (custom)
2019-09-12 10:10:02,617 [pool-208-thread-1] INFO  server.RaftServerConfigKeys (ConfUtils.java:logGet(43)) - raft.server.sleep.deviation.threshold = 300 (default)
2019-09-12 10:10:02,617 [pool-208-thread-1] INFO  server.RaftServerConfigKeys (ConfUtils.java:logGet(43)) - raft.server.log.appender.install.snapshot.enabled = false (custom)
2019-09-12 10:10:02,618 [pool-208-thread-1] INFO  impl.RaftServerImpl (ServerState.java:<init>(105)) - 004fc30c-f0ab-42da-b88f-ff2f3e6aa886:group-894CA12844C0 ConfigurationManager, init=-1: [004fc30c-f0ab-42da-b88f-ff2f3e6aa886:192.168.36.114:44994], old=null, confs=<EMPTY_MAP>
2019-09-12 10:10:02,618 [pool-208-thread-1] INFO  server.RaftServerConfigKeys (ConfUtils.java:logGet(43)) - raft.server.storage.dir = [/workdir/hadoop-ozone/integration-test/target/test-dir/MiniOzoneClusterImpl-afece541-ebdb-408e-b3cb-0c4dcae62716/datanode-2/data/ratis] (custom)
2019-09-12 10:10:02,618 [pool-208-thread-1] INFO  storage.RaftStorageDirectory (RaftStorageDirectory.java:analyzeStorage(246)) - The storage directory /workdir/hadoop-ozone/integration-test/target/test-dir/MiniOzoneClusterImpl-afece541-ebdb-408e-b3cb-0c4dcae62716/datanode-2/data/ratis/f8ab111e-e465-4c96-a831-894ca12844c0 does not exist. Creating ...
2019-09-12 10:10:02,660 [pool-208-thread-1] INFO  storage.RaftStorageDirectory (RaftStorageDirectory.java:tryLock(328)) - Lock on /workdir/hadoop-ozone/integration-test/target/test-dir/MiniOzoneClusterImpl-afece541-ebdb-408e-b3cb-0c4dcae62716/datanode-2/data/ratis/f8ab111e-e465-4c96-a831-894ca12844c0/in_use.lock acquired by nodename 2537@pr-hdds-1569-58hkm-1881083799
2019-09-12 10:10:02,711 [pool-208-thread-1] INFO  storage.RaftStorage (RaftStorage.java:format(72)) - Storage directory /workdir/hadoop-ozone/integration-test/target/test-dir/MiniOzoneClusterImpl-afece541-ebdb-408e-b3cb-0c4dcae62716/datanode-2/data/ratis/f8ab111e-e465-4c96-a831-894ca12844c0 has been successfully formatted.
2019-09-12 10:10:02,712 [pool-208-thread-1] INFO  ratis.ContainerStateMachine (ContainerStateMachine.java:loadSnapshot(226)) - group-894CA12844C0: The snapshot info is null. Setting the last applied indexto:(t:0, i:~)
2019-09-12 10:10:02,712 [pool-208-thread-1] INFO  server.RaftServerConfigKeys (ConfUtils.java:logGet(43)) - raft.server.leader.election.timeout = 120s (custom)
2019-09-12 10:10:02,712 [pool-208-thread-1] INFO  server.RaftServerConfigKeys (ConfUtils.java:logGet(43)) - raft.server.log.use.memory = false (default)
2019-09-12 10:10:02,712 [pool-208-thread-1] INFO  server.RaftServerConfigKeys (ConfUtils.java:logGet(43)) - raft.server.log.purge.gap = 1000000 (custom)
2019-09-12 10:10:02,712 [pool-208-thread-1] INFO  server.RaftServerConfigKeys (ConfUtils.java:logGet(43)) - raft.server.log.appender.buffer.byte-limit = 33554432 (custom)
2019-09-12 10:10:02,713 [pool-208-thread-1] INFO  server.RaftServerConfigKeys (ConfUtils.java:logGet(43)) - raft.server.log.segment.size.max = 1048576 (custom)
2019-09-12 10:10:02,713 [pool-208-thread-1] INFO  server.RaftServerConfigKeys (ConfUtils.java:logGet(43)) - raft.server.log.segment.cache.num.max = 2 (custom)
2019-09-12 10:10:02,713 [pool-208-thread-1] INFO  segmented.SegmentedRaftLogWorker (SegmentedRaftLogWorker.java:<init>(172)) - new 004fc30c-f0ab-42da-b88f-ff2f3e6aa886-SegmentedRaftLogWorker:Storage Directory /workdir/hadoop-ozone/integration-test/target/test-dir/MiniOzoneClusterImpl-afece541-ebdb-408e-b3cb-0c4dcae62716/datanode-2/data/ratis/f8ab111e-e465-4c96-a831-894ca12844c0 for RaftStorage:Storage Directory /workdir/hadoop-ozone/integration-test/target/test-dir/MiniOzoneClusterImpl-afece541-ebdb-408e-b3cb-0c4dcae62716/datanode-2/data/ratis/f8ab111e-e465-4c96-a831-894ca12844c0
2019-09-12 10:10:02,713 [pool-208-thread-1] INFO  server.RaftServerConfigKeys (ConfUtils.java:logGet(43)) - raft.server.log.queue.byte-limit = 2147483647 (custom)
2019-09-12 10:10:02,713 [pool-208-thread-1] INFO  server.RaftServerConfigKeys (ConfUtils.java:logGet(43)) - raft.server.log.queue.element-limit = 1024 (custom)
2019-09-12 10:10:02,713 [pool-208-thread-1] INFO  server.RaftServerConfigKeys (ConfUtils.java:logGet(43)) - raft.server.log.segment.size.max = 1048576 (custom)
2019-09-12 10:10:02,714 [pool-208-thread-1] INFO  server.RaftServerConfigKeys (ConfUtils.java:logGet(43)) - raft.server.log.preallocated.size = 16384 (custom)
2019-09-12 10:10:02,714 [pool-208-thread-1] INFO  server.RaftServerConfigKeys (ConfUtils.java:logGet(43)) - raft.server.log.write.buffer.size = 33554432 (custom)
2019-09-12 10:10:02,714 [pool-208-thread-1] INFO  server.RaftServerConfigKeys (ConfUtils.java:logGet(43)) - raft.server.log.force.sync.num = 128 (default)
2019-09-12 10:10:02,714 [pool-208-thread-1] INFO  server.RaftServerConfigKeys (ConfUtils.java:logGet(43)) - raft.server.log.statemachine.data.sync = true (default)
2019-09-12 10:10:02,714 [pool-208-thread-1] INFO  server.RaftServerConfigKeys (ConfUtils.java:logGet(43)) - raft.server.log.statemachine.data.sync.timeout = 10s (default)
2019-09-12 10:10:02,714 [pool-208-thread-1] INFO  server.RaftServerConfigKeys (ConfUtils.java:logGet(43)) - raft.server.log.statemachine.data.sync.timeout.retry = -1 (default)
2019-09-12 10:10:02,715 [pool-208-thread-1] INFO  server.RaftServerConfigKeys (ConfUtils.java:logGet(43)) - raft.server.log.statemachine.data.caching.enabled = true (custom)
2019-09-12 10:10:02,715 [pool-208-thread-1] INFO  segmented.SegmentedRaftLogWorker (SegmentedRaftLogWorker.java:lambda$new$0(132)) - 004fc30c-f0ab-42da-b88f-ff2f3e6aa886-SegmentedRaftLogWorker:Storage Directory /workdir/hadoop-ozone/integration-test/target/test-dir/MiniOzoneClusterImpl-afece541-ebdb-408e-b3cb-0c4dcae62716/datanode-2/data/ratis/f8ab111e-e465-4c96-a831-894ca12844c0: flushIndex: setUnconditionally 0 -> -1
2019-09-12 10:10:02,715 [pool-208-thread-1] INFO  server.RaftServerConfigKeys (ConfUtils.java:logGet(43)) - raft.server.snapshot.auto.trigger.enabled = true (custom)
2019-09-12 10:10:02,715 [pool-208-thread-1] INFO  server.RaftServerConfigKeys (ConfUtils.java:logGet(43)) - raft.server.snapshot.auto.trigger.threshold = 10000 (custom)
2019-09-12 10:10:02,716 [pool-208-thread-1] INFO  server.RaftServerConfigKeys (ConfUtils.java:logGet(43)) - raft.server.retrycache.expirytime = 600000ms (custom)
2019-09-12 10:10:02,716 [pool-208-thread-1] INFO  impl.RaftServerImpl (RaftServerImpl.java:start(180)) - 004fc30c-f0ab-42da-b88f-ff2f3e6aa886: start group-894CA12844C0
2019-09-12 10:10:02,716 [pool-208-thread-1] INFO  impl.RaftServerImpl (RaftServerImpl.java:setRole(171)) - 004fc30c-f0ab-42da-b88f-ff2f3e6aa886:group-894CA12844C0 changes role from null to FOLLOWER at term 0 for startAsFollower
2019-09-12 10:10:02,716 [pool-208-thread-1] INFO  impl.RoleInfo (RoleInfo.java:updateAndGet(143)) - 004fc30c-f0ab-42da-b88f-ff2f3e6aa886: start FollowerState
2019-09-12 10:10:02,717 [pool-208-thread-1] INFO  util.JmxRegister (JmxRegister.java:tryRegister(44)) - Successfully registered JMX Bean with object name Ratis:service=RaftServer,group=group-894CA12844C0,id=004fc30c-f0ab-42da-b88f-ff2f3e6aa886
2019-09-12 10:10:02,720 [RatisPipelineUtilsThread] INFO  pipeline.PipelineStateManager (PipelineStateManager.java:addPipeline(56)) - Created pipeline Pipeline[ Id: f8ab111e-e465-4c96-a831-894ca12844c0, Nodes: 004fc30c-f0ab-42da-b88f-ff2f3e6aa886{ip: 192.168.36.114, host: pr-hdds-1569-58hkm-1881083799, networkLocation: /default-rack, certSerialId: null}, Type:RATIS, Factor:ONE, State:OPEN]
2019-09-12 10:10:02,720 [RatisPipelineUtilsThread] ERROR pipeline.PipelinePlacementPolicy (PipelinePlacementPolicy.java:meetCriteria(92)) - Pipeline Placement: Doesn't meet the criteria to be viable node. Heaviness: 6
2019-09-12 10:10:02,726 [grpc-default-executor-0] INFO  impl.RaftServerProxy (RaftServerProxy.java:addNew(89)) - 004fc30c-f0ab-42da-b88f-ff2f3e6aa886: addNew group-D26855C2BD5D:[004fc30c-f0ab-42da-b88f-ff2f3e6aa886:192.168.36.114:44994] returns group-D26855C2BD5D:java.util.concurrent.CompletableFuture@5d577a6c[Not completed]
2019-09-12 10:10:02,727 [pool-208-thread-1] INFO  impl.RaftServerImpl (RaftServerImpl.java:<init>(93)) - 004fc30c-f0ab-42da-b88f-ff2f3e6aa886: new RaftServerImpl for group-D26855C2BD5D:[004fc30c-f0ab-42da-b88f-ff2f3e6aa886:192.168.36.114:44994] with ContainerStateMachine:uninitialized
2019-09-12 10:10:02,727 [pool-208-thread-1] INFO  server.RaftServerConfigKeys (ConfUtils.java:logGet(43)) - raft.server.rpc.timeout.min = 5s (custom)
2019-09-12 10:10:02,727 [pool-208-thread-1] INFO  server.RaftServerConfigKeys (ConfUtils.java:logGet(43)) - raft.server.rpc.timeout.max = 5200ms (custom)
2019-09-12 10:10:02,727 [pool-208-thread-1] INFO  server.RaftServerConfigKeys (ConfUtils.java:logGet(43)) - raft.server.rpcslowness.timeout = 120s (custom)
2019-09-12 10:10:02,728 [pool-208-thread-1] INFO  server.RaftServerConfigKeys (ConfUtils.java:logGet(43)) - raft.server.sleep.deviation.threshold = 300 (default)
2019-09-12 10:10:02,728 [pool-208-thread-1] INFO  server.RaftServerConfigKeys (ConfUtils.java:logGet(43)) - raft.server.log.appender.install.snapshot.enabled = false (custom)
2019-09-12 10:10:02,728 [pool-208-thread-1] INFO  impl.RaftServerImpl (ServerState.java:<init>(105)) - 004fc30c-f0ab-42da-b88f-ff2f3e6aa886:group-D26855C2BD5D ConfigurationManager, init=-1: [004fc30c-f0ab-42da-b88f-ff2f3e6aa886:192.168.36.114:44994], old=null, confs=<EMPTY_MAP>
2019-09-12 10:10:02,728 [pool-208-thread-1] INFO  server.RaftServerConfigKeys (ConfUtils.java:logGet(43)) - raft.server.storage.dir = [/workdir/hadoop-ozone/integration-test/target/test-dir/MiniOzoneClusterImpl-afece541-ebdb-408e-b3cb-0c4dcae62716/datanode-2/data/ratis] (custom)
2019-09-12 10:10:02,729 [pool-208-thread-1] INFO  storage.RaftStorageDirectory (RaftStorageDirectory.java:analyzeStorage(246)) - The storage directory /workdir/hadoop-ozone/integration-test/target/test-dir/MiniOzoneClusterImpl-afece541-ebdb-408e-b3cb-0c4dcae62716/datanode-2/data/ratis/e2cd0d34-81ea-44c1-8939-d26855c2bd5d does not exist. Creating ...
2019-09-12 10:10:02,772 [pool-208-thread-1] INFO  storage.RaftStorageDirectory (RaftStorageDirectory.java:tryLock(328)) - Lock on /workdir/hadoop-ozone/integration-test/target/test-dir/MiniOzoneClusterImpl-afece541-ebdb-408e-b3cb-0c4dcae62716/datanode-2/data/ratis/e2cd0d34-81ea-44c1-8939-d26855c2bd5d/in_use.lock acquired by nodename 2537@pr-hdds-1569-58hkm-1881083799
2019-09-12 10:10:02,785 [pool-208-thread-1] INFO  storage.RaftStorage (RaftStorage.java:format(72)) - Storage directory /workdir/hadoop-ozone/integration-test/target/test-dir/MiniOzoneClusterImpl-afece541-ebdb-408e-b3cb-0c4dcae62716/datanode-2/data/ratis/e2cd0d34-81ea-44c1-8939-d26855c2bd5d has been successfully formatted.
2019-09-12 10:10:02,785 [pool-208-thread-1] INFO  ratis.ContainerStateMachine (ContainerStateMachine.java:loadSnapshot(226)) - group-D26855C2BD5D: The snapshot info is null. Setting the last applied indexto:(t:0, i:~)
2019-09-12 10:10:02,785 [pool-208-thread-1] INFO  server.RaftServerConfigKeys (ConfUtils.java:logGet(43)) - raft.server.leader.election.timeout = 120s (custom)
2019-09-12 10:10:02,785 [pool-208-thread-1] INFO  server.RaftServerConfigKeys (ConfUtils.java:logGet(43)) - raft.server.log.use.memory = false (default)
2019-09-12 10:10:02,786 [pool-208-thread-1] INFO  server.RaftServerConfigKeys (ConfUtils.java:logGet(43)) - raft.server.log.purge.gap = 1000000 (custom)
2019-09-12 10:10:02,786 [pool-208-thread-1] INFO  server.RaftServerConfigKeys (ConfUtils.java:logGet(43)) - raft.server.log.appender.buffer.byte-limit = 33554432 (custom)
2019-09-12 10:10:02,786 [pool-208-thread-1] INFO  server.RaftServerConfigKeys (ConfUtils.java:logGet(43)) - raft.server.log.segment.size.max = 1048576 (custom)
2019-09-12 10:10:02,786 [pool-208-thread-1] INFO  server.RaftServerConfigKeys (ConfUtils.java:logGet(43)) - raft.server.log.segment.cache.num.max = 2 (custom)
2019-09-12 10:10:02,786 [pool-208-thread-1] INFO  segmented.SegmentedRaftLogWorker (SegmentedRaftLogWorker.java:<init>(172)) - new 004fc30c-f0ab-42da-b88f-ff2f3e6aa886-SegmentedRaftLogWorker:Storage Directory /workdir/hadoop-ozone/integration-test/target/test-dir/MiniOzoneClusterImpl-afece541-ebdb-408e-b3cb-0c4dcae62716/datanode-2/data/ratis/e2cd0d34-81ea-44c1-8939-d26855c2bd5d for RaftStorage:Storage Directory /workdir/hadoop-ozone/integration-test/target/test-dir/MiniOzoneClusterImpl-afece541-ebdb-408e-b3cb-0c4dcae62716/datanode-2/data/ratis/e2cd0d34-81ea-44c1-8939-d26855c2bd5d
2019-09-12 10:10:02,786 [pool-208-thread-1] INFO  server.RaftServerConfigKeys (ConfUtils.java:logGet(43)) - raft.server.log.queue.byte-limit = 2147483647 (custom)
2019-09-12 10:10:02,786 [pool-208-thread-1] INFO  server.RaftServerConfigKeys (ConfUtils.java:logGet(43)) - raft.server.log.queue.element-limit = 1024 (custom)
2019-09-12 10:10:02,787 [pool-208-thread-1] INFO  server.RaftServerConfigKeys (ConfUtils.java:logGet(43)) - raft.server.log.segment.size.max = 1048576 (custom)
2019-09-12 10:10:02,787 [pool-208-thread-1] INFO  server.RaftServerConfigKeys (ConfUtils.java:logGet(43)) - raft.server.log.preallocated.size = 16384 (custom)
2019-09-12 10:10:02,787 [pool-208-thread-1] INFO  server.RaftServerConfigKeys (ConfUtils.java:logGet(43)) - raft.server.log.write.buffer.size = 33554432 (custom)
2019-09-12 10:10:02,787 [pool-208-thread-1] INFO  server.RaftServerConfigKeys (ConfUtils.java:logGet(43)) - raft.server.log.force.sync.num = 128 (default)
2019-09-12 10:10:02,787 [pool-208-thread-1] INFO  server.RaftServerConfigKeys (ConfUtils.java:logGet(43)) - raft.server.log.statemachine.data.sync = true (default)
2019-09-12 10:10:02,787 [pool-208-thread-1] INFO  server.RaftServerConfigKeys (ConfUtils.java:logGet(43)) - raft.server.log.statemachine.data.sync.timeout = 10s (default)
2019-09-12 10:10:02,787 [pool-208-thread-1] INFO  server.RaftServerConfigKeys (ConfUtils.java:logGet(43)) - raft.server.log.statemachine.data.sync.timeout.retry = -1 (default)
2019-09-12 10:10:02,788 [pool-208-thread-1] INFO  server.RaftServerConfigKeys (ConfUtils.java:logGet(43)) - raft.server.log.statemachine.data.caching.enabled = true (custom)
2019-09-12 10:10:02,788 [pool-208-thread-1] INFO  segmented.SegmentedRaftLogWorker (SegmentedRaftLogWorker.java:lambda$new$0(132)) - 004fc30c-f0ab-42da-b88f-ff2f3e6aa886-SegmentedRaftLogWorker:Storage Directory /workdir/hadoop-ozone/integration-test/target/test-dir/MiniOzoneClusterImpl-afece541-ebdb-408e-b3cb-0c4dcae62716/datanode-2/data/ratis/e2cd0d34-81ea-44c1-8939-d26855c2bd5d: flushIndex: setUnconditionally 0 -> -1
2019-09-12 10:10:02,788 [pool-208-thread-1] INFO  server.RaftServerConfigKeys (ConfUtils.java:logGet(43)) - raft.server.snapshot.auto.trigger.enabled = true (custom)
2019-09-12 10:10:02,788 [pool-208-thread-1] INFO  server.RaftServerConfigKeys (ConfUtils.java:logGet(43)) - raft.server.snapshot.auto.trigger.threshold = 10000 (custom)
2019-09-12 10:10:02,788 [pool-208-thread-1] INFO  server.RaftServerConfigKeys (ConfUtils.java:logGet(43)) - raft.server.retrycache.expirytime = 600000ms (custom)
2019-09-12 10:10:02,789 [pool-208-thread-1] INFO  impl.RaftServerImpl (RaftServerImpl.java:start(180)) - 004fc30c-f0ab-42da-b88f-ff2f3e6aa886: start group-D26855C2BD5D
2019-09-12 10:10:02,789 [pool-208-thread-1] INFO  impl.RaftServerImpl (RaftServerImpl.java:setRole(171)) - 004fc30c-f0ab-42da-b88f-ff2f3e6aa886:group-D26855C2BD5D changes role from null to FOLLOWER at term 0 for startAsFollower
2019-09-12 10:10:02,789 [pool-208-thread-1] INFO  impl.RoleInfo (RoleInfo.java:updateAndGet(143)) - 004fc30c-f0ab-42da-b88f-ff2f3e6aa886: start FollowerState
2019-09-12 10:10:02,789 [pool-208-thread-1] INFO  util.JmxRegister (JmxRegister.java:tryRegister(44)) - Successfully registered JMX Bean with object name Ratis:service=RaftServer,group=group-D26855C2BD5D,id=004fc30c-f0ab-42da-b88f-ff2f3e6aa886
2019-09-12 10:10:02,792 [RatisPipelineUtilsThread] INFO  pipeline.PipelineStateManager (PipelineStateManager.java:addPipeline(56)) - Created pipeline Pipeline[ Id: e2cd0d34-81ea-44c1-8939-d26855c2bd5d, Nodes: 004fc30c-f0ab-42da-b88f-ff2f3e6aa886{ip: 192.168.36.114, host: pr-hdds-1569-58hkm-1881083799, networkLocation: /default-rack, certSerialId: null}, Type:RATIS, Factor:ONE, State:OPEN]
2019-09-12 10:10:02,793 [RatisPipelineUtilsThread] ERROR pipeline.PipelinePlacementPolicy (PipelinePlacementPolicy.java:meetCriteria(92)) - Pipeline Placement: Doesn't meet the criteria to be viable node. Heaviness: 6
2019-09-12 10:10:02,798 [grpc-default-executor-0] INFO  impl.RaftServerProxy (RaftServerProxy.java:addNew(89)) - aab15dc4-7b32-43e5-ad59-c8341f2a8016: addNew group-A9BC18A7CE04:[aab15dc4-7b32-43e5-ad59-c8341f2a8016:192.168.36.114:46566] returns group-A9BC18A7CE04:java.util.concurrent.CompletableFuture@4419c7b1[Not completed]
2019-09-12 10:10:02,799 [pool-197-thread-1] INFO  impl.RaftServerImpl (RaftServerImpl.java:<init>(93)) - aab15dc4-7b32-43e5-ad59-c8341f2a8016: new RaftServerImpl for group-A9BC18A7CE04:[aab15dc4-7b32-43e5-ad59-c8341f2a8016:192.168.36.114:46566] with ContainerStateMachine:uninitialized
2019-09-12 10:10:02,799 [pool-197-thread-1] INFO  server.RaftServerConfigKeys (ConfUtils.java:logGet(43)) - raft.server.rpc.timeout.min = 5s (custom)
2019-09-12 10:10:02,799 [pool-197-thread-1] INFO  server.RaftServerConfigKeys (ConfUtils.java:logGet(43)) - raft.server.rpc.timeout.max = 5200ms (custom)
2019-09-12 10:10:02,799 [pool-197-thread-1] INFO  server.RaftServerConfigKeys (ConfUtils.java:logGet(43)) - raft.server.rpcslowness.timeout = 120s (custom)
2019-09-12 10:10:02,799 [pool-197-thread-1] INFO  server.RaftServerConfigKeys (ConfUtils.java:logGet(43)) - raft.server.sleep.deviation.threshold = 300 (default)
2019-09-12 10:10:02,799 [pool-197-thread-1] INFO  server.RaftServerConfigKeys (ConfUtils.java:logGet(43)) - raft.server.log.appender.install.snapshot.enabled = false (custom)
2019-09-12 10:10:02,800 [pool-197-thread-1] INFO  impl.RaftServerImpl (ServerState.java:<init>(105)) - aab15dc4-7b32-43e5-ad59-c8341f2a8016:group-A9BC18A7CE04 ConfigurationManager, init=-1: [aab15dc4-7b32-43e5-ad59-c8341f2a8016:192.168.36.114:46566], old=null, confs=<EMPTY_MAP>
2019-09-12 10:10:02,800 [pool-197-thread-1] INFO  server.RaftServerConfigKeys (ConfUtils.java:logGet(43)) - raft.server.storage.dir = [/workdir/hadoop-ozone/integration-test/target/test-dir/MiniOzoneClusterImpl-afece541-ebdb-408e-b3cb-0c4dcae62716/datanode-1/data/ratis] (custom)
2019-09-12 10:10:02,800 [pool-197-thread-1] INFO  storage.RaftStorageDirectory (RaftStorageDirectory.java:analyzeStorage(246)) - The storage directory /workdir/hadoop-ozone/integration-test/target/test-dir/MiniOzoneClusterImpl-afece541-ebdb-408e-b3cb-0c4dcae62716/datanode-1/data/ratis/b4560c90-434f-4593-957e-a9bc18a7ce04 does not exist. Creating ...
2019-09-12 10:10:02,865 [pool-197-thread-1] INFO  storage.RaftStorageDirectory (RaftStorageDirectory.java:tryLock(328)) - Lock on /workdir/hadoop-ozone/integration-test/target/test-dir/MiniOzoneClusterImpl-afece541-ebdb-408e-b3cb-0c4dcae62716/datanode-1/data/ratis/b4560c90-434f-4593-957e-a9bc18a7ce04/in_use.lock acquired by nodename 2537@pr-hdds-1569-58hkm-1881083799
2019-09-12 10:10:02,896 [pool-197-thread-1] INFO  storage.RaftStorage (RaftStorage.java:format(72)) - Storage directory /workdir/hadoop-ozone/integration-test/target/test-dir/MiniOzoneClusterImpl-afece541-ebdb-408e-b3cb-0c4dcae62716/datanode-1/data/ratis/b4560c90-434f-4593-957e-a9bc18a7ce04 has been successfully formatted.
2019-09-12 10:10:02,896 [pool-197-thread-1] INFO  ratis.ContainerStateMachine (ContainerStateMachine.java:loadSnapshot(226)) - group-A9BC18A7CE04: The snapshot info is null. Setting the last applied indexto:(t:0, i:~)
2019-09-12 10:10:02,896 [pool-197-thread-1] INFO  server.RaftServerConfigKeys (ConfUtils.java:logGet(43)) - raft.server.leader.election.timeout = 120s (custom)
2019-09-12 10:10:02,896 [pool-197-thread-1] INFO  server.RaftServerConfigKeys (ConfUtils.java:logGet(43)) - raft.server.log.use.memory = false (default)
2019-09-12 10:10:02,897 [pool-197-thread-1] INFO  server.RaftServerConfigKeys (ConfUtils.java:logGet(43)) - raft.server.log.purge.gap = 1000000 (custom)
2019-09-12 10:10:02,897 [pool-197-thread-1] INFO  server.RaftServerConfigKeys (ConfUtils.java:logGet(43)) - raft.server.log.appender.buffer.byte-limit = 33554432 (custom)
2019-09-12 10:10:02,897 [pool-197-thread-1] INFO  server.RaftServerConfigKeys (ConfUtils.java:logGet(43)) - raft.server.log.segment.size.max = 1048576 (custom)
2019-09-12 10:10:02,897 [pool-197-thread-1] INFO  server.RaftServerConfigKeys (ConfUtils.java:logGet(43)) - raft.server.log.segment.cache.num.max = 2 (custom)
2019-09-12 10:10:02,897 [pool-197-thread-1] INFO  segmented.SegmentedRaftLogWorker (SegmentedRaftLogWorker.java:<init>(172)) - new aab15dc4-7b32-43e5-ad59-c8341f2a8016-SegmentedRaftLogWorker:Storage Directory /workdir/hadoop-ozone/integration-test/target/test-dir/MiniOzoneClusterImpl-afece541-ebdb-408e-b3cb-0c4dcae62716/datanode-1/data/ratis/b4560c90-434f-4593-957e-a9bc18a7ce04 for RaftStorage:Storage Directory /workdir/hadoop-ozone/integration-test/target/test-dir/MiniOzoneClusterImpl-afece541-ebdb-408e-b3cb-0c4dcae62716/datanode-1/data/ratis/b4560c90-434f-4593-957e-a9bc18a7ce04
2019-09-12 10:10:02,897 [pool-197-thread-1] INFO  server.RaftServerConfigKeys (ConfUtils.java:logGet(43)) - raft.server.log.queue.byte-limit = 2147483647 (custom)
2019-09-12 10:10:02,898 [pool-197-thread-1] INFO  server.RaftServerConfigKeys (ConfUtils.java:logGet(43)) - raft.server.log.queue.element-limit = 1024 (custom)
2019-09-12 10:10:02,898 [pool-197-thread-1] INFO  server.RaftServerConfigKeys (ConfUtils.java:logGet(43)) - raft.server.log.segment.size.max = 1048576 (custom)
2019-09-12 10:10:02,898 [pool-197-thread-1] INFO  server.RaftServerConfigKeys (ConfUtils.java:logGet(43)) - raft.server.log.preallocated.size = 16384 (custom)
2019-09-12 10:10:02,898 [pool-197-thread-1] INFO  server.RaftServerConfigKeys (ConfUtils.java:logGet(43)) - raft.server.log.write.buffer.size = 33554432 (custom)
2019-09-12 10:10:02,898 [pool-197-thread-1] INFO  server.RaftServerConfigKeys (ConfUtils.java:logGet(43)) - raft.server.log.force.sync.num = 128 (default)
2019-09-12 10:10:02,898 [pool-197-thread-1] INFO  server.RaftServerConfigKeys (ConfUtils.java:logGet(43)) - raft.server.log.statemachine.data.sync = true (default)
2019-09-12 10:10:02,898 [pool-197-thread-1] INFO  server.RaftServerConfigKeys (ConfUtils.java:logGet(43)) - raft.server.log.statemachine.data.sync.timeout = 10s (default)
2019-09-12 10:10:02,899 [pool-197-thread-1] INFO  server.RaftServerConfigKeys (ConfUtils.java:logGet(43)) - raft.server.log.statemachine.data.sync.timeout.retry = -1 (default)
2019-09-12 10:10:02,899 [pool-197-thread-1] INFO  server.RaftServerConfigKeys (ConfUtils.java:logGet(43)) - raft.server.log.statemachine.data.caching.enabled = true (custom)
2019-09-12 10:10:02,899 [pool-197-thread-1] INFO  segmented.SegmentedRaftLogWorker (SegmentedRaftLogWorker.java:lambda$new$0(132)) - aab15dc4-7b32-43e5-ad59-c8341f2a8016-SegmentedRaftLogWorker:Storage Directory /workdir/hadoop-ozone/integration-test/target/test-dir/MiniOzoneClusterImpl-afece541-ebdb-408e-b3cb-0c4dcae62716/datanode-1/data/ratis/b4560c90-434f-4593-957e-a9bc18a7ce04: flushIndex: setUnconditionally 0 -> -1
2019-09-12 10:10:02,900 [pool-197-thread-1] INFO  server.RaftServerConfigKeys (ConfUtils.java:logGet(43)) - raft.server.snapshot.auto.trigger.enabled = true (custom)
2019-09-12 10:10:02,900 [pool-197-thread-1] INFO  server.RaftServerConfigKeys (ConfUtils.java:logGet(43)) - raft.server.snapshot.auto.trigger.threshold = 10000 (custom)
2019-09-12 10:10:02,900 [pool-197-thread-1] INFO  server.RaftServerConfigKeys (ConfUtils.java:logGet(43)) - raft.server.retrycache.expirytime = 600000ms (custom)
2019-09-12 10:10:02,900 [pool-197-thread-1] INFO  impl.RaftServerImpl (RaftServerImpl.java:start(180)) - aab15dc4-7b32-43e5-ad59-c8341f2a8016: start group-A9BC18A7CE04
2019-09-12 10:10:02,900 [pool-197-thread-1] INFO  impl.RaftServerImpl (RaftServerImpl.java:setRole(171)) - aab15dc4-7b32-43e5-ad59-c8341f2a8016:group-A9BC18A7CE04 changes role from null to FOLLOWER at term 0 for startAsFollower
2019-09-12 10:10:02,900 [pool-197-thread-1] INFO  impl.RoleInfo (RoleInfo.java:updateAndGet(143)) - aab15dc4-7b32-43e5-ad59-c8341f2a8016: start FollowerState
2019-09-12 10:10:02,901 [pool-197-thread-1] INFO  util.JmxRegister (JmxRegister.java:tryRegister(44)) - Successfully registered JMX Bean with object name Ratis:service=RaftServer,group=group-A9BC18A7CE04,id=aab15dc4-7b32-43e5-ad59-c8341f2a8016
2019-09-12 10:10:02,903 [main] INFO  ozone.MiniOzoneClusterImpl (MiniOzoneClusterImpl.java:lambda$waitForClusterToBeReady$0(142)) - Cluster is ready. Got 3 of 3 DN Heartbeats.
2019-09-12 10:10:02,904 [RatisPipelineUtilsThread] INFO  pipeline.PipelineStateManager (PipelineStateManager.java:addPipeline(56)) - Created pipeline Pipeline[ Id: b4560c90-434f-4593-957e-a9bc18a7ce04, Nodes: aab15dc4-7b32-43e5-ad59-c8341f2a8016{ip: 192.168.36.114, host: pr-hdds-1569-58hkm-1881083799, networkLocation: /default-rack, certSerialId: null}, Type:RATIS, Factor:ONE, State:OPEN]
2019-09-12 10:10:02,904 [RatisPipelineUtilsThread] ERROR pipeline.PipelinePlacementPolicy (PipelinePlacementPolicy.java:meetCriteria(92)) - Pipeline Placement: Doesn't meet the criteria to be viable node. Heaviness: 6
2019-09-12 10:10:02,910 [grpc-default-executor-0] INFO  impl.RaftServerProxy (RaftServerProxy.java:addNew(89)) - aab15dc4-7b32-43e5-ad59-c8341f2a8016: addNew group-A5C5CF4EC268:[aab15dc4-7b32-43e5-ad59-c8341f2a8016:192.168.36.114:46566] returns group-A5C5CF4EC268:java.util.concurrent.CompletableFuture@3a3f9b46[Not completed]
2019-09-12 10:10:02,911 [pool-197-thread-1] INFO  impl.RaftServerImpl (RaftServerImpl.java:<init>(93)) - aab15dc4-7b32-43e5-ad59-c8341f2a8016: new RaftServerImpl for group-A5C5CF4EC268:[aab15dc4-7b32-43e5-ad59-c8341f2a8016:192.168.36.114:46566] with ContainerStateMachine:uninitialized
2019-09-12 10:10:02,912 [pool-197-thread-1] INFO  server.RaftServerConfigKeys (ConfUtils.java:logGet(43)) - raft.server.rpc.timeout.min = 5s (custom)
2019-09-12 10:10:02,912 [pool-197-thread-1] INFO  server.RaftServerConfigKeys (ConfUtils.java:logGet(43)) - raft.server.rpc.timeout.max = 5200ms (custom)
2019-09-12 10:10:02,912 [pool-197-thread-1] INFO  server.RaftServerConfigKeys (ConfUtils.java:logGet(43)) - raft.server.rpcslowness.timeout = 120s (custom)
2019-09-12 10:10:02,912 [pool-197-thread-1] INFO  server.RaftServerConfigKeys (ConfUtils.java:logGet(43)) - raft.server.sleep.deviation.threshold = 300 (default)
2019-09-12 10:10:02,912 [pool-197-thread-1] INFO  server.RaftServerConfigKeys (ConfUtils.java:logGet(43)) - raft.server.log.appender.install.snapshot.enabled = false (custom)
2019-09-12 10:10:02,912 [pool-197-thread-1] INFO  impl.RaftServerImpl (ServerState.java:<init>(105)) - aab15dc4-7b32-43e5-ad59-c8341f2a8016:group-A5C5CF4EC268 ConfigurationManager, init=-1: [aab15dc4-7b32-43e5-ad59-c8341f2a8016:192.168.36.114:46566], old=null, confs=<EMPTY_MAP>
2019-09-12 10:10:02,912 [pool-197-thread-1] INFO  server.RaftServerConfigKeys (ConfUtils.java:logGet(43)) - raft.server.storage.dir = [/workdir/hadoop-ozone/integration-test/target/test-dir/MiniOzoneClusterImpl-afece541-ebdb-408e-b3cb-0c4dcae62716/datanode-1/data/ratis] (custom)
2019-09-12 10:10:02,913 [pool-197-thread-1] INFO  storage.RaftStorageDirectory (RaftStorageDirectory.java:analyzeStorage(246)) - The storage directory /workdir/hadoop-ozone/integration-test/target/test-dir/MiniOzoneClusterImpl-afece541-ebdb-408e-b3cb-0c4dcae62716/datanode-1/data/ratis/f58c8a37-b228-4473-8f61-a5c5cf4ec268 does not exist. Creating ...
2019-09-12 10:10:02,981 [pool-197-thread-1] INFO  storage.RaftStorageDirectory (RaftStorageDirectory.java:tryLock(328)) - Lock on /workdir/hadoop-ozone/integration-test/target/test-dir/MiniOzoneClusterImpl-afece541-ebdb-408e-b3cb-0c4dcae62716/datanode-1/data/ratis/f58c8a37-b228-4473-8f61-a5c5cf4ec268/in_use.lock acquired by nodename 2537@pr-hdds-1569-58hkm-1881083799
2019-09-12 10:10:02,995 [pool-197-thread-1] INFO  storage.RaftStorage (RaftStorage.java:format(72)) - Storage directory /workdir/hadoop-ozone/integration-test/target/test-dir/MiniOzoneClusterImpl-afece541-ebdb-408e-b3cb-0c4dcae62716/datanode-1/data/ratis/f58c8a37-b228-4473-8f61-a5c5cf4ec268 has been successfully formatted.
2019-09-12 10:10:02,995 [pool-197-thread-1] INFO  ratis.ContainerStateMachine (ContainerStateMachine.java:loadSnapshot(226)) - group-A5C5CF4EC268: The snapshot info is null. Setting the last applied indexto:(t:0, i:~)
2019-09-12 10:10:02,995 [pool-197-thread-1] INFO  server.RaftServerConfigKeys (ConfUtils.java:logGet(43)) - raft.server.leader.election.timeout = 120s (custom)
2019-09-12 10:10:02,995 [pool-197-thread-1] INFO  server.RaftServerConfigKeys (ConfUtils.java:logGet(43)) - raft.server.log.use.memory = false (default)
2019-09-12 10:10:02,995 [pool-197-thread-1] INFO  server.RaftServerConfigKeys (ConfUtils.java:logGet(43)) - raft.server.log.purge.gap = 1000000 (custom)
2019-09-12 10:10:02,996 [pool-197-thread-1] INFO  server.RaftServerConfigKeys (ConfUtils.java:logGet(43)) - raft.server.log.appender.buffer.byte-limit = 33554432 (custom)
2019-09-12 10:10:02,996 [pool-197-thread-1] INFO  server.RaftServerConfigKeys (ConfUtils.java:logGet(43)) - raft.server.log.segment.size.max = 1048576 (custom)
2019-09-12 10:10:02,996 [pool-197-thread-1] INFO  server.RaftServerConfigKeys (ConfUtils.java:logGet(43)) - raft.server.log.segment.cache.num.max = 2 (custom)
2019-09-12 10:10:02,996 [pool-197-thread-1] INFO  segmented.SegmentedRaftLogWorker (SegmentedRaftLogWorker.java:<init>(172)) - new aab15dc4-7b32-43e5-ad59-c8341f2a8016-SegmentedRaftLogWorker:Storage Directory /workdir/hadoop-ozone/integration-test/target/test-dir/MiniOzoneClusterImpl-afece541-ebdb-408e-b3cb-0c4dcae62716/datanode-1/data/ratis/f58c8a37-b228-4473-8f61-a5c5cf4ec268 for RaftStorage:Storage Directory /workdir/hadoop-ozone/integration-test/target/test-dir/MiniOzoneClusterImpl-afece541-ebdb-408e-b3cb-0c4dcae62716/datanode-1/data/ratis/f58c8a37-b228-4473-8f61-a5c5cf4ec268
2019-09-12 10:10:02,996 [pool-197-thread-1] INFO  server.RaftServerConfigKeys (ConfUtils.java:logGet(43)) - raft.server.log.queue.byte-limit = 2147483647 (custom)
2019-09-12 10:10:02,996 [pool-197-thread-1] INFO  server.RaftServerConfigKeys (ConfUtils.java:logGet(43)) - raft.server.log.queue.element-limit = 1024 (custom)
2019-09-12 10:10:02,997 [pool-197-thread-1] INFO  server.RaftServerConfigKeys (ConfUtils.java:logGet(43)) - raft.server.log.segment.size.max = 1048576 (custom)
2019-09-12 10:10:02,997 [pool-197-thread-1] INFO  server.RaftServerConfigKeys (ConfUtils.java:logGet(43)) - raft.server.log.preallocated.size = 16384 (custom)
2019-09-12 10:10:02,997 [pool-197-thread-1] INFO  server.RaftServerConfigKeys (ConfUtils.java:logGet(43)) - raft.server.log.write.buffer.size = 33554432 (custom)
2019-09-12 10:10:02,997 [pool-197-thread-1] INFO  server.RaftServerConfigKeys (ConfUtils.java:logGet(43)) - raft.server.log.force.sync.num = 128 (default)
2019-09-12 10:10:02,997 [pool-197-thread-1] INFO  server.RaftServerConfigKeys (ConfUtils.java:logGet(43)) - raft.server.log.statemachine.data.sync = true (default)
2019-09-12 10:10:02,997 [pool-197-thread-1] INFO  server.RaftServerConfigKeys (ConfUtils.java:logGet(43)) - raft.server.log.statemachine.data.sync.timeout = 10s (default)
2019-09-12 10:10:02,997 [pool-197-thread-1] INFO  server.RaftServerConfigKeys (ConfUtils.java:logGet(43)) - raft.server.log.statemachine.data.sync.timeout.retry = -1 (default)
2019-09-12 10:10:02,998 [pool-197-thread-1] INFO  server.RaftServerConfigKeys (ConfUtils.java:logGet(43)) - raft.server.log.statemachine.data.caching.enabled = true (custom)
2019-09-12 10:10:02,998 [pool-197-thread-1] INFO  segmented.SegmentedRaftLogWorker (SegmentedRaftLogWorker.java:lambda$new$0(132)) - aab15dc4-7b32-43e5-ad59-c8341f2a8016-SegmentedRaftLogWorker:Storage Directory /workdir/hadoop-ozone/integration-test/target/test-dir/MiniOzoneClusterImpl-afece541-ebdb-408e-b3cb-0c4dcae62716/datanode-1/data/ratis/f58c8a37-b228-4473-8f61-a5c5cf4ec268: flushIndex: setUnconditionally 0 -> -1
2019-09-12 10:10:02,998 [pool-197-thread-1] INFO  server.RaftServerConfigKeys (ConfUtils.java:logGet(43)) - raft.server.snapshot.auto.trigger.enabled = true (custom)
2019-09-12 10:10:02,999 [pool-197-thread-1] INFO  server.RaftServerConfigKeys (ConfUtils.java:logGet(43)) - raft.server.snapshot.auto.trigger.threshold = 10000 (custom)
2019-09-12 10:10:02,999 [pool-197-thread-1] INFO  server.RaftServerConfigKeys (ConfUtils.java:logGet(43)) - raft.server.retrycache.expirytime = 600000ms (custom)
2019-09-12 10:10:02,999 [pool-197-thread-1] INFO  impl.RaftServerImpl (RaftServerImpl.java:start(180)) - aab15dc4-7b32-43e5-ad59-c8341f2a8016: start group-A5C5CF4EC268
2019-09-12 10:10:02,999 [pool-197-thread-1] INFO  impl.RaftServerImpl (RaftServerImpl.java:setRole(171)) - aab15dc4-7b32-43e5-ad59-c8341f2a8016:group-A5C5CF4EC268 changes role from null to FOLLOWER at term 0 for startAsFollower
2019-09-12 10:10:02,999 [pool-197-thread-1] INFO  impl.RoleInfo (RoleInfo.java:updateAndGet(143)) - aab15dc4-7b32-43e5-ad59-c8341f2a8016: start FollowerState
2019-09-12 10:10:03,000 [pool-197-thread-1] INFO  util.JmxRegister (JmxRegister.java:tryRegister(44)) - Successfully registered JMX Bean with object name Ratis:service=RaftServer,group=group-A5C5CF4EC268,id=aab15dc4-7b32-43e5-ad59-c8341f2a8016
2019-09-12 10:10:03,003 [RatisPipelineUtilsThread] INFO  pipeline.PipelineStateManager (PipelineStateManager.java:addPipeline(56)) - Created pipeline Pipeline[ Id: f58c8a37-b228-4473-8f61-a5c5cf4ec268, Nodes: aab15dc4-7b32-43e5-ad59-c8341f2a8016{ip: 192.168.36.114, host: pr-hdds-1569-58hkm-1881083799, networkLocation: /default-rack, certSerialId: null}, Type:RATIS, Factor:ONE, State:OPEN]
2019-09-12 10:10:03,004 [RatisPipelineUtilsThread] ERROR pipeline.PipelinePlacementPolicy (PipelinePlacementPolicy.java:meetCriteria(92)) - Pipeline Placement: Doesn't meet the criteria to be viable node. Heaviness: 6
2019-09-12 10:10:03,009 [grpc-default-executor-0] INFO  impl.RaftServerProxy (RaftServerProxy.java:addNew(89)) - 004fc30c-f0ab-42da-b88f-ff2f3e6aa886: addNew group-90B67F2F289E:[004fc30c-f0ab-42da-b88f-ff2f3e6aa886:192.168.36.114:44994] returns group-90B67F2F289E:java.util.concurrent.CompletableFuture@14fe4a82[Not completed]
2019-09-12 10:10:03,010 [pool-208-thread-1] INFO  impl.RaftServerImpl (RaftServerImpl.java:<init>(93)) - 004fc30c-f0ab-42da-b88f-ff2f3e6aa886: new RaftServerImpl for group-90B67F2F289E:[004fc30c-f0ab-42da-b88f-ff2f3e6aa886:192.168.36.114:44994] with ContainerStateMachine:uninitialized
2019-09-12 10:10:03,011 [pool-208-thread-1] INFO  server.RaftServerConfigKeys (ConfUtils.java:logGet(43)) - raft.server.rpc.timeout.min = 5s (custom)
2019-09-12 10:10:03,011 [pool-208-thread-1] INFO  server.RaftServerConfigKeys (ConfUtils.java:logGet(43)) - raft.server.rpc.timeout.max = 5200ms (custom)
2019-09-12 10:10:03,011 [pool-208-thread-1] INFO  server.RaftServerConfigKeys (ConfUtils.java:logGet(43)) - raft.server.rpcslowness.timeout = 120s (custom)
2019-09-12 10:10:03,011 [pool-208-thread-1] INFO  server.RaftServerConfigKeys (ConfUtils.java:logGet(43)) - raft.server.sleep.deviation.threshold = 300 (default)
2019-09-12 10:10:03,011 [pool-208-thread-1] INFO  server.RaftServerConfigKeys (ConfUtils.java:logGet(43)) - raft.server.log.appender.install.snapshot.enabled = false (custom)
2019-09-12 10:10:03,011 [pool-208-thread-1] INFO  impl.RaftServerImpl (ServerState.java:<init>(105)) - 004fc30c-f0ab-42da-b88f-ff2f3e6aa886:group-90B67F2F289E ConfigurationManager, init=-1: [004fc30c-f0ab-42da-b88f-ff2f3e6aa886:192.168.36.114:44994], old=null, confs=<EMPTY_MAP>
2019-09-12 10:10:03,011 [pool-208-thread-1] INFO  server.RaftServerConfigKeys (ConfUtils.java:logGet(43)) - raft.server.storage.dir = [/workdir/hadoop-ozone/integration-test/target/test-dir/MiniOzoneClusterImpl-afece541-ebdb-408e-b3cb-0c4dcae62716/datanode-2/data/ratis] (custom)
2019-09-12 10:10:03,012 [pool-208-thread-1] INFO  storage.RaftStorageDirectory (RaftStorageDirectory.java:analyzeStorage(246)) - The storage directory /workdir/hadoop-ozone/integration-test/target/test-dir/MiniOzoneClusterImpl-afece541-ebdb-408e-b3cb-0c4dcae62716/datanode-2/data/ratis/2a7c02e5-41fb-416b-97c5-90b67f2f289e does not exist. Creating ...
2019-09-12 10:10:03,039 [pool-208-thread-1] INFO  storage.RaftStorageDirectory (RaftStorageDirectory.java:tryLock(328)) - Lock on /workdir/hadoop-ozone/integration-test/target/test-dir/MiniOzoneClusterImpl-afece541-ebdb-408e-b3cb-0c4dcae62716/datanode-2/data/ratis/2a7c02e5-41fb-416b-97c5-90b67f2f289e/in_use.lock acquired by nodename 2537@pr-hdds-1569-58hkm-1881083799
2019-09-12 10:10:03,110 [pool-208-thread-1] INFO  storage.RaftStorage (RaftStorage.java:format(72)) - Storage directory /workdir/hadoop-ozone/integration-test/target/test-dir/MiniOzoneClusterImpl-afece541-ebdb-408e-b3cb-0c4dcae62716/datanode-2/data/ratis/2a7c02e5-41fb-416b-97c5-90b67f2f289e has been successfully formatted.
2019-09-12 10:10:03,111 [pool-208-thread-1] INFO  ratis.ContainerStateMachine (ContainerStateMachine.java:loadSnapshot(226)) - group-90B67F2F289E: The snapshot info is null. Setting the last applied indexto:(t:0, i:~)
2019-09-12 10:10:03,111 [pool-208-thread-1] INFO  server.RaftServerConfigKeys (ConfUtils.java:logGet(43)) - raft.server.leader.election.timeout = 120s (custom)
2019-09-12 10:10:03,111 [pool-208-thread-1] INFO  server.RaftServerConfigKeys (ConfUtils.java:logGet(43)) - raft.server.log.use.memory = false (default)
2019-09-12 10:10:03,111 [pool-208-thread-1] INFO  server.RaftServerConfigKeys (ConfUtils.java:logGet(43)) - raft.server.log.purge.gap = 1000000 (custom)
2019-09-12 10:10:03,111 [pool-208-thread-1] INFO  server.RaftServerConfigKeys (ConfUtils.java:logGet(43)) - raft.server.log.appender.buffer.byte-limit = 33554432 (custom)
2019-09-12 10:10:03,111 [pool-208-thread-1] INFO  server.RaftServerConfigKeys (ConfUtils.java:logGet(43)) - raft.server.log.segment.size.max = 1048576 (custom)
2019-09-12 10:10:03,111 [pool-208-thread-1] INFO  server.RaftServerConfigKeys (ConfUtils.java:logGet(43)) - raft.server.log.segment.cache.num.max = 2 (custom)
2019-09-12 10:10:03,111 [pool-208-thread-1] INFO  segmented.SegmentedRaftLogWorker (SegmentedRaftLogWorker.java:<init>(172)) - new 004fc30c-f0ab-42da-b88f-ff2f3e6aa886-SegmentedRaftLogWorker:Storage Directory /workdir/hadoop-ozone/integration-test/target/test-dir/MiniOzoneClusterImpl-afece541-ebdb-408e-b3cb-0c4dcae62716/datanode-2/data/ratis/2a7c02e5-41fb-416b-97c5-90b67f2f289e for RaftStorage:Storage Directory /workdir/hadoop-ozone/integration-test/target/test-dir/MiniOzoneClusterImpl-afece541-ebdb-408e-b3cb-0c4dcae62716/datanode-2/data/ratis/2a7c02e5-41fb-416b-97c5-90b67f2f289e
2019-09-12 10:10:03,112 [pool-208-thread-1] INFO  server.RaftServerConfigKeys (ConfUtils.java:logGet(43)) - raft.server.log.queue.byte-limit = 2147483647 (custom)
2019-09-12 10:10:03,112 [pool-208-thread-1] INFO  server.RaftServerConfigKeys (ConfUtils.java:logGet(43)) - raft.server.log.queue.element-limit = 1024 (custom)
2019-09-12 10:10:03,112 [pool-208-thread-1] INFO  server.RaftServerConfigKeys (ConfUtils.java:logGet(43)) - raft.server.log.segment.size.max = 1048576 (custom)
2019-09-12 10:10:03,112 [pool-208-thread-1] INFO  server.RaftServerConfigKeys (ConfUtils.java:logGet(43)) - raft.server.log.preallocated.size = 16384 (custom)
2019-09-12 10:10:03,112 [pool-208-thread-1] INFO  server.RaftServerConfigKeys (ConfUtils.java:logGet(43)) - raft.server.log.write.buffer.size = 33554432 (custom)
2019-09-12 10:10:03,112 [pool-208-thread-1] INFO  server.RaftServerConfigKeys (ConfUtils.java:logGet(43)) - raft.server.log.force.sync.num = 128 (default)
2019-09-12 10:10:03,112 [pool-208-thread-1] INFO  server.RaftServerConfigKeys (ConfUtils.java:logGet(43)) - raft.server.log.statemachine.data.sync = true (default)
2019-09-12 10:10:03,112 [pool-208-thread-1] INFO  server.RaftServerConfigKeys (ConfUtils.java:logGet(43)) - raft.server.log.statemachine.data.sync.timeout = 10s (default)
2019-09-12 10:10:03,113 [pool-208-thread-1] INFO  server.RaftServerConfigKeys (ConfUtils.java:logGet(43)) - raft.server.log.statemachine.data.sync.timeout.retry = -1 (default)
2019-09-12 10:10:03,113 [pool-208-thread-1] INFO  server.RaftServerConfigKeys (ConfUtils.java:logGet(43)) - raft.server.log.statemachine.data.caching.enabled = true (custom)
2019-09-12 10:10:03,113 [pool-208-thread-1] INFO  segmented.SegmentedRaftLogWorker (SegmentedRaftLogWorker.java:lambda$new$0(132)) - 004fc30c-f0ab-42da-b88f-ff2f3e6aa886-SegmentedRaftLogWorker:Storage Directory /workdir/hadoop-ozone/integration-test/target/test-dir/MiniOzoneClusterImpl-afece541-ebdb-408e-b3cb-0c4dcae62716/datanode-2/data/ratis/2a7c02e5-41fb-416b-97c5-90b67f2f289e: flushIndex: setUnconditionally 0 -> -1
2019-09-12 10:10:03,113 [pool-208-thread-1] INFO  server.RaftServerConfigKeys (ConfUtils.java:logGet(43)) - raft.server.snapshot.auto.trigger.enabled = true (custom)
2019-09-12 10:10:03,113 [pool-208-thread-1] INFO  server.RaftServerConfigKeys (ConfUtils.java:logGet(43)) - raft.server.snapshot.auto.trigger.threshold = 10000 (custom)
2019-09-12 10:10:03,114 [pool-208-thread-1] INFO  server.RaftServerConfigKeys (ConfUtils.java:logGet(43)) - raft.server.retrycache.expirytime = 600000ms (custom)
2019-09-12 10:10:03,114 [pool-208-thread-1] INFO  impl.RaftServerImpl (RaftServerImpl.java:start(180)) - 004fc30c-f0ab-42da-b88f-ff2f3e6aa886: start group-90B67F2F289E
2019-09-12 10:10:03,114 [pool-208-thread-1] INFO  impl.RaftServerImpl (RaftServerImpl.java:setRole(171)) - 004fc30c-f0ab-42da-b88f-ff2f3e6aa886:group-90B67F2F289E changes role from null to FOLLOWER at term 0 for startAsFollower
2019-09-12 10:10:03,114 [pool-208-thread-1] INFO  impl.RoleInfo (RoleInfo.java:updateAndGet(143)) - 004fc30c-f0ab-42da-b88f-ff2f3e6aa886: start FollowerState
2019-09-12 10:10:03,114 [pool-208-thread-1] INFO  util.JmxRegister (JmxRegister.java:tryRegister(44)) - Successfully registered JMX Bean with object name Ratis:service=RaftServer,group=group-90B67F2F289E,id=004fc30c-f0ab-42da-b88f-ff2f3e6aa886
2019-09-12 10:10:03,117 [RatisPipelineUtilsThread] INFO  pipeline.PipelineStateManager (PipelineStateManager.java:addPipeline(56)) - Created pipeline Pipeline[ Id: 2a7c02e5-41fb-416b-97c5-90b67f2f289e, Nodes: 004fc30c-f0ab-42da-b88f-ff2f3e6aa886{ip: 192.168.36.114, host: pr-hdds-1569-58hkm-1881083799, networkLocation: /default-rack, certSerialId: null}, Type:RATIS, Factor:ONE, State:OPEN]
2019-09-12 10:10:03,118 [RatisPipelineUtilsThread] ERROR pipeline.PipelinePlacementPolicy (PipelinePlacementPolicy.java:meetCriteria(92)) - Pipeline Placement: Doesn't meet the criteria to be viable node. Heaviness: 6
2019-09-12 10:10:03,123 [grpc-default-executor-0] INFO  impl.RaftServerProxy (RaftServerProxy.java:addNew(89)) - aab15dc4-7b32-43e5-ad59-c8341f2a8016: addNew group-B6C1F6423BDE:[aab15dc4-7b32-43e5-ad59-c8341f2a8016:192.168.36.114:46566] returns group-B6C1F6423BDE:java.util.concurrent.CompletableFuture@66c1ec91[Not completed]
2019-09-12 10:10:03,124 [pool-197-thread-1] INFO  impl.RaftServerImpl (RaftServerImpl.java:<init>(93)) - aab15dc4-7b32-43e5-ad59-c8341f2a8016: new RaftServerImpl for group-B6C1F6423BDE:[aab15dc4-7b32-43e5-ad59-c8341f2a8016:192.168.36.114:46566] with ContainerStateMachine:uninitialized
2019-09-12 10:10:03,124 [pool-197-thread-1] INFO  server.RaftServerConfigKeys (ConfUtils.java:logGet(43)) - raft.server.rpc.timeout.min = 5s (custom)
2019-09-12 10:10:03,124 [pool-197-thread-1] INFO  server.RaftServerConfigKeys (ConfUtils.java:logGet(43)) - raft.server.rpc.timeout.max = 5200ms (custom)
2019-09-12 10:10:03,124 [pool-197-thread-1] INFO  server.RaftServerConfigKeys (ConfUtils.java:logGet(43)) - raft.server.rpcslowness.timeout = 120s (custom)
2019-09-12 10:10:03,125 [pool-197-thread-1] INFO  server.RaftServerConfigKeys (ConfUtils.java:logGet(43)) - raft.server.sleep.deviation.threshold = 300 (default)
2019-09-12 10:10:03,125 [pool-197-thread-1] INFO  server.RaftServerConfigKeys (ConfUtils.java:logGet(43)) - raft.server.log.appender.install.snapshot.enabled = false (custom)
2019-09-12 10:10:03,125 [pool-197-thread-1] INFO  impl.RaftServerImpl (ServerState.java:<init>(105)) - aab15dc4-7b32-43e5-ad59-c8341f2a8016:group-B6C1F6423BDE ConfigurationManager, init=-1: [aab15dc4-7b32-43e5-ad59-c8341f2a8016:192.168.36.114:46566], old=null, confs=<EMPTY_MAP>
2019-09-12 10:10:03,125 [pool-197-thread-1] INFO  server.RaftServerConfigKeys (ConfUtils.java:logGet(43)) - raft.server.storage.dir = [/workdir/hadoop-ozone/integration-test/target/test-dir/MiniOzoneClusterImpl-afece541-ebdb-408e-b3cb-0c4dcae62716/datanode-1/data/ratis] (custom)
2019-09-12 10:10:03,125 [pool-197-thread-1] INFO  storage.RaftStorageDirectory (RaftStorageDirectory.java:analyzeStorage(246)) - The storage directory /workdir/hadoop-ozone/integration-test/target/test-dir/MiniOzoneClusterImpl-afece541-ebdb-408e-b3cb-0c4dcae62716/datanode-1/data/ratis/a0034c08-a517-4406-918d-b6c1f6423bde does not exist. Creating ...
2019-09-12 10:10:03,165 [pool-197-thread-1] INFO  storage.RaftStorageDirectory (RaftStorageDirectory.java:tryLock(328)) - Lock on /workdir/hadoop-ozone/integration-test/target/test-dir/MiniOzoneClusterImpl-afece541-ebdb-408e-b3cb-0c4dcae62716/datanode-1/data/ratis/a0034c08-a517-4406-918d-b6c1f6423bde/in_use.lock acquired by nodename 2537@pr-hdds-1569-58hkm-1881083799
2019-09-12 10:10:03,211 [pool-197-thread-1] INFO  storage.RaftStorage (RaftStorage.java:format(72)) - Storage directory /workdir/hadoop-ozone/integration-test/target/test-dir/MiniOzoneClusterImpl-afece541-ebdb-408e-b3cb-0c4dcae62716/datanode-1/data/ratis/a0034c08-a517-4406-918d-b6c1f6423bde has been successfully formatted.
2019-09-12 10:10:03,212 [pool-197-thread-1] INFO  ratis.ContainerStateMachine (ContainerStateMachine.java:loadSnapshot(226)) - group-B6C1F6423BDE: The snapshot info is null. Setting the last applied indexto:(t:0, i:~)
2019-09-12 10:10:03,212 [pool-197-thread-1] INFO  server.RaftServerConfigKeys (ConfUtils.java:logGet(43)) - raft.server.leader.election.timeout = 120s (custom)
2019-09-12 10:10:03,212 [pool-197-thread-1] INFO  server.RaftServerConfigKeys (ConfUtils.java:logGet(43)) - raft.server.log.use.memory = false (default)
2019-09-12 10:10:03,213 [pool-197-thread-1] INFO  server.RaftServerConfigKeys (ConfUtils.java:logGet(43)) - raft.server.log.purge.gap = 1000000 (custom)
2019-09-12 10:10:03,213 [pool-197-thread-1] INFO  server.RaftServerConfigKeys (ConfUtils.java:logGet(43)) - raft.server.log.appender.buffer.byte-limit = 33554432 (custom)
2019-09-12 10:10:03,213 [pool-197-thread-1] INFO  server.RaftServerConfigKeys (ConfUtils.java:logGet(43)) - raft.server.log.segment.size.max = 1048576 (custom)
2019-09-12 10:10:03,213 [pool-197-thread-1] INFO  server.RaftServerConfigKeys (ConfUtils.java:logGet(43)) - raft.server.log.segment.cache.num.max = 2 (custom)
2019-09-12 10:10:03,214 [pool-197-thread-1] INFO  segmented.SegmentedRaftLogWorker (SegmentedRaftLogWorker.java:<init>(172)) - new aab15dc4-7b32-43e5-ad59-c8341f2a8016-SegmentedRaftLogWorker:Storage Directory /workdir/hadoop-ozone/integration-test/target/test-dir/MiniOzoneClusterImpl-afece541-ebdb-408e-b3cb-0c4dcae62716/datanode-1/data/ratis/a0034c08-a517-4406-918d-b6c1f6423bde for RaftStorage:Storage Directory /workdir/hadoop-ozone/integration-test/target/test-dir/MiniOzoneClusterImpl-afece541-ebdb-408e-b3cb-0c4dcae62716/datanode-1/data/ratis/a0034c08-a517-4406-918d-b6c1f6423bde
2019-09-12 10:10:03,214 [pool-197-thread-1] INFO  server.RaftServerConfigKeys (ConfUtils.java:logGet(43)) - raft.server.log.queue.byte-limit = 2147483647 (custom)
2019-09-12 10:10:03,214 [pool-197-thread-1] INFO  server.RaftServerConfigKeys (ConfUtils.java:logGet(43)) - raft.server.log.queue.element-limit = 1024 (custom)
2019-09-12 10:10:03,214 [pool-197-thread-1] INFO  server.RaftServerConfigKeys (ConfUtils.java:logGet(43)) - raft.server.log.segment.size.max = 1048576 (custom)
2019-09-12 10:10:03,214 [pool-197-thread-1] INFO  server.RaftServerConfigKeys (ConfUtils.java:logGet(43)) - raft.server.log.preallocated.size = 16384 (custom)
2019-09-12 10:10:03,215 [pool-197-thread-1] INFO  server.RaftServerConfigKeys (ConfUtils.java:logGet(43)) - raft.server.log.write.buffer.size = 33554432 (custom)
2019-09-12 10:10:03,215 [pool-197-thread-1] INFO  server.RaftServerConfigKeys (ConfUtils.java:logGet(43)) - raft.server.log.force.sync.num = 128 (default)
2019-09-12 10:10:03,215 [pool-197-thread-1] INFO  server.RaftServerConfigKeys (ConfUtils.java:logGet(43)) - raft.server.log.statemachine.data.sync = true (default)
2019-09-12 10:10:03,215 [pool-197-thread-1] INFO  server.RaftServerConfigKeys (ConfUtils.java:logGet(43)) - raft.server.log.statemachine.data.sync.timeout = 10s (default)
2019-09-12 10:10:03,215 [pool-197-thread-1] INFO  server.RaftServerConfigKeys (ConfUtils.java:logGet(43)) - raft.server.log.statemachine.data.sync.timeout.retry = -1 (default)
2019-09-12 10:10:03,215 [pool-197-thread-1] INFO  server.RaftServerConfigKeys (ConfUtils.java:logGet(43)) - raft.server.log.statemachine.data.caching.enabled = true (custom)
2019-09-12 10:10:03,216 [pool-197-thread-1] INFO  segmented.SegmentedRaftLogWorker (SegmentedRaftLogWorker.java:lambda$new$0(132)) - aab15dc4-7b32-43e5-ad59-c8341f2a8016-SegmentedRaftLogWorker:Storage Directory /workdir/hadoop-ozone/integration-test/target/test-dir/MiniOzoneClusterImpl-afece541-ebdb-408e-b3cb-0c4dcae62716/datanode-1/data/ratis/a0034c08-a517-4406-918d-b6c1f6423bde: flushIndex: setUnconditionally 0 -> -1
2019-09-12 10:10:03,216 [pool-197-thread-1] INFO  server.RaftServerConfigKeys (ConfUtils.java:logGet(43)) - raft.server.snapshot.auto.trigger.enabled = true (custom)
2019-09-12 10:10:03,216 [pool-197-thread-1] INFO  server.RaftServerConfigKeys (ConfUtils.java:logGet(43)) - raft.server.snapshot.auto.trigger.threshold = 10000 (custom)
2019-09-12 10:10:03,217 [pool-197-thread-1] INFO  server.RaftServerConfigKeys (ConfUtils.java:logGet(43)) - raft.server.retrycache.expirytime = 600000ms (custom)
2019-09-12 10:10:03,217 [pool-197-thread-1] INFO  impl.RaftServerImpl (RaftServerImpl.java:start(180)) - aab15dc4-7b32-43e5-ad59-c8341f2a8016: start group-B6C1F6423BDE
2019-09-12 10:10:03,217 [pool-197-thread-1] INFO  impl.RaftServerImpl (RaftServerImpl.java:setRole(171)) - aab15dc4-7b32-43e5-ad59-c8341f2a8016:group-B6C1F6423BDE changes role from null to FOLLOWER at term 0 for startAsFollower
2019-09-12 10:10:03,217 [pool-197-thread-1] INFO  impl.RoleInfo (RoleInfo.java:updateAndGet(143)) - aab15dc4-7b32-43e5-ad59-c8341f2a8016: start FollowerState
2019-09-12 10:10:03,218 [pool-197-thread-1] INFO  util.JmxRegister (JmxRegister.java:tryRegister(44)) - Successfully registered JMX Bean with object name Ratis:service=RaftServer,group=group-B6C1F6423BDE,id=aab15dc4-7b32-43e5-ad59-c8341f2a8016
2019-09-12 10:10:03,221 [RatisPipelineUtilsThread] INFO  pipeline.PipelineStateManager (PipelineStateManager.java:addPipeline(56)) - Created pipeline Pipeline[ Id: a0034c08-a517-4406-918d-b6c1f6423bde, Nodes: aab15dc4-7b32-43e5-ad59-c8341f2a8016{ip: 192.168.36.114, host: pr-hdds-1569-58hkm-1881083799, networkLocation: /default-rack, certSerialId: null}, Type:RATIS, Factor:ONE, State:OPEN]
2019-09-12 10:10:03,221 [RatisPipelineUtilsThread] ERROR pipeline.PipelinePlacementPolicy (PipelinePlacementPolicy.java:meetCriteria(92)) - Pipeline Placement: Doesn't meet the criteria to be viable node. Heaviness: 6
2019-09-12 10:10:03,221 [RatisPipelineUtilsThread] ERROR pipeline.PipelinePlacementPolicy (PipelinePlacementPolicy.java:meetCriteria(92)) - Pipeline Placement: Doesn't meet the criteria to be viable node. Heaviness: 6
2019-09-12 10:10:03,227 [grpc-default-executor-0] INFO  impl.RaftServerProxy (RaftServerProxy.java:addNew(89)) - 004fc30c-f0ab-42da-b88f-ff2f3e6aa886: addNew group-40143D286EA8:[004fc30c-f0ab-42da-b88f-ff2f3e6aa886:192.168.36.114:44994] returns group-40143D286EA8:java.util.concurrent.CompletableFuture@1f575886[Not completed]
2019-09-12 10:10:03,228 [pool-208-thread-1] INFO  impl.RaftServerImpl (RaftServerImpl.java:<init>(93)) - 004fc30c-f0ab-42da-b88f-ff2f3e6aa886: new RaftServerImpl for group-40143D286EA8:[004fc30c-f0ab-42da-b88f-ff2f3e6aa886:192.168.36.114:44994] with ContainerStateMachine:uninitialized
2019-09-12 10:10:03,228 [pool-208-thread-1] INFO  server.RaftServerConfigKeys (ConfUtils.java:logGet(43)) - raft.server.rpc.timeout.min = 5s (custom)
2019-09-12 10:10:03,228 [pool-208-thread-1] INFO  server.RaftServerConfigKeys (ConfUtils.java:logGet(43)) - raft.server.rpc.timeout.max = 5200ms (custom)
2019-09-12 10:10:03,229 [pool-208-thread-1] INFO  server.RaftServerConfigKeys (ConfUtils.java:logGet(43)) - raft.server.rpcslowness.timeout = 120s (custom)
2019-09-12 10:10:03,229 [pool-208-thread-1] INFO  server.RaftServerConfigKeys (ConfUtils.java:logGet(43)) - raft.server.sleep.deviation.threshold = 300 (default)
2019-09-12 10:10:03,229 [pool-208-thread-1] INFO  server.RaftServerConfigKeys (ConfUtils.java:logGet(43)) - raft.server.log.appender.install.snapshot.enabled = false (custom)
2019-09-12 10:10:03,229 [pool-208-thread-1] INFO  impl.RaftServerImpl (ServerState.java:<init>(105)) - 004fc30c-f0ab-42da-b88f-ff2f3e6aa886:group-40143D286EA8 ConfigurationManager, init=-1: [004fc30c-f0ab-42da-b88f-ff2f3e6aa886:192.168.36.114:44994], old=null, confs=<EMPTY_MAP>
2019-09-12 10:10:03,229 [pool-208-thread-1] INFO  server.RaftServerConfigKeys (ConfUtils.java:logGet(43)) - raft.server.storage.dir = [/workdir/hadoop-ozone/integration-test/target/test-dir/MiniOzoneClusterImpl-afece541-ebdb-408e-b3cb-0c4dcae62716/datanode-2/data/ratis] (custom)
2019-09-12 10:10:03,230 [pool-208-thread-1] INFO  storage.RaftStorageDirectory (RaftStorageDirectory.java:analyzeStorage(246)) - The storage directory /workdir/hadoop-ozone/integration-test/target/test-dir/MiniOzoneClusterImpl-afece541-ebdb-408e-b3cb-0c4dcae62716/datanode-2/data/ratis/b6e6cd1a-8aac-4dc4-bce8-40143d286ea8 does not exist. Creating ...
2019-09-12 10:10:03,243 [pool-208-thread-1] INFO  storage.RaftStorageDirectory (RaftStorageDirectory.java:tryLock(328)) - Lock on /workdir/hadoop-ozone/integration-test/target/test-dir/MiniOzoneClusterImpl-afece541-ebdb-408e-b3cb-0c4dcae62716/datanode-2/data/ratis/b6e6cd1a-8aac-4dc4-bce8-40143d286ea8/in_use.lock acquired by nodename 2537@pr-hdds-1569-58hkm-1881083799
2019-09-12 10:10:03,301 [pool-208-thread-1] INFO  storage.RaftStorage (RaftStorage.java:format(72)) - Storage directory /workdir/hadoop-ozone/integration-test/target/test-dir/MiniOzoneClusterImpl-afece541-ebdb-408e-b3cb-0c4dcae62716/datanode-2/data/ratis/b6e6cd1a-8aac-4dc4-bce8-40143d286ea8 has been successfully formatted.
2019-09-12 10:10:03,301 [pool-208-thread-1] INFO  ratis.ContainerStateMachine (ContainerStateMachine.java:loadSnapshot(226)) - group-40143D286EA8: The snapshot info is null. Setting the last applied indexto:(t:0, i:~)
2019-09-12 10:10:03,302 [pool-208-thread-1] INFO  server.RaftServerConfigKeys (ConfUtils.java:logGet(43)) - raft.server.leader.election.timeout = 120s (custom)
2019-09-12 10:10:03,302 [pool-208-thread-1] INFO  server.RaftServerConfigKeys (ConfUtils.java:logGet(43)) - raft.server.log.use.memory = false (default)
2019-09-12 10:10:03,302 [pool-208-thread-1] INFO  server.RaftServerConfigKeys (ConfUtils.java:logGet(43)) - raft.server.log.purge.gap = 1000000 (custom)
2019-09-12 10:10:03,302 [pool-208-thread-1] INFO  server.RaftServerConfigKeys (ConfUtils.java:logGet(43)) - raft.server.log.appender.buffer.byte-limit = 33554432 (custom)
2019-09-12 10:10:03,302 [pool-208-thread-1] INFO  server.RaftServerConfigKeys (ConfUtils.java:logGet(43)) - raft.server.log.segment.size.max = 1048576 (custom)
2019-09-12 10:10:03,302 [pool-208-thread-1] INFO  server.RaftServerConfigKeys (ConfUtils.java:logGet(43)) - raft.server.log.segment.cache.num.max = 2 (custom)
2019-09-12 10:10:03,302 [pool-208-thread-1] INFO  segmented.SegmentedRaftLogWorker (SegmentedRaftLogWorker.java:<init>(172)) - new 004fc30c-f0ab-42da-b88f-ff2f3e6aa886-SegmentedRaftLogWorker:Storage Directory /workdir/hadoop-ozone/integration-test/target/test-dir/MiniOzoneClusterImpl-afece541-ebdb-408e-b3cb-0c4dcae62716/datanode-2/data/ratis/b6e6cd1a-8aac-4dc4-bce8-40143d286ea8 for RaftStorage:Storage Directory /workdir/hadoop-ozone/integration-test/target/test-dir/MiniOzoneClusterImpl-afece541-ebdb-408e-b3cb-0c4dcae62716/datanode-2/data/ratis/b6e6cd1a-8aac-4dc4-bce8-40143d286ea8
2019-09-12 10:10:03,302 [pool-208-thread-1] INFO  server.RaftServerConfigKeys (ConfUtils.java:logGet(43)) - raft.server.log.queue.byte-limit = 2147483647 (custom)
2019-09-12 10:10:03,303 [pool-208-thread-1] INFO  server.RaftServerConfigKeys (ConfUtils.java:logGet(43)) - raft.server.log.queue.element-limit = 1024 (custom)
2019-09-12 10:10:03,303 [pool-208-thread-1] INFO  server.RaftServerConfigKeys (ConfUtils.java:logGet(43)) - raft.server.log.segment.size.max = 1048576 (custom)
2019-09-12 10:10:03,303 [pool-208-thread-1] INFO  server.RaftServerConfigKeys (ConfUtils.java:logGet(43)) - raft.server.log.preallocated.size = 16384 (custom)
2019-09-12 10:10:03,303 [pool-208-thread-1] INFO  server.RaftServerConfigKeys (ConfUtils.java:logGet(43)) - raft.server.log.write.buffer.size = 33554432 (custom)
2019-09-12 10:10:03,303 [pool-208-thread-1] INFO  server.RaftServerConfigKeys (ConfUtils.java:logGet(43)) - raft.server.log.force.sync.num = 128 (default)
2019-09-12 10:10:03,303 [pool-208-thread-1] INFO  server.RaftServerConfigKeys (ConfUtils.java:logGet(43)) - raft.server.log.statemachine.data.sync = true (default)
2019-09-12 10:10:03,303 [pool-208-thread-1] INFO  server.RaftServerConfigKeys (ConfUtils.java:logGet(43)) - raft.server.log.statemachine.data.sync.timeout = 10s (default)
2019-09-12 10:10:03,303 [pool-208-thread-1] INFO  server.RaftServerConfigKeys (ConfUtils.java:logGet(43)) - raft.server.log.statemachine.data.sync.timeout.retry = -1 (default)
2019-09-12 10:10:03,304 [pool-208-thread-1] INFO  server.RaftServerConfigKeys (ConfUtils.java:logGet(43)) - raft.server.log.statemachine.data.caching.enabled = true (custom)
2019-09-12 10:10:03,304 [pool-208-thread-1] INFO  segmented.SegmentedRaftLogWorker (SegmentedRaftLogWorker.java:lambda$new$0(132)) - 004fc30c-f0ab-42da-b88f-ff2f3e6aa886-SegmentedRaftLogWorker:Storage Directory /workdir/hadoop-ozone/integration-test/target/test-dir/MiniOzoneClusterImpl-afece541-ebdb-408e-b3cb-0c4dcae62716/datanode-2/data/ratis/b6e6cd1a-8aac-4dc4-bce8-40143d286ea8: flushIndex: setUnconditionally 0 -> -1
2019-09-12 10:10:03,304 [pool-208-thread-1] INFO  server.RaftServerConfigKeys (ConfUtils.java:logGet(43)) - raft.server.snapshot.auto.trigger.enabled = true (custom)
2019-09-12 10:10:03,304 [pool-208-thread-1] INFO  server.RaftServerConfigKeys (ConfUtils.java:logGet(43)) - raft.server.snapshot.auto.trigger.threshold = 10000 (custom)
2019-09-12 10:10:03,304 [pool-208-thread-1] INFO  server.RaftServerConfigKeys (ConfUtils.java:logGet(43)) - raft.server.retrycache.expirytime = 600000ms (custom)
2019-09-12 10:10:03,305 [pool-208-thread-1] INFO  impl.RaftServerImpl (RaftServerImpl.java:start(180)) - 004fc30c-f0ab-42da-b88f-ff2f3e6aa886: start group-40143D286EA8
2019-09-12 10:10:03,305 [pool-208-thread-1] INFO  impl.RaftServerImpl (RaftServerImpl.java:setRole(171)) - 004fc30c-f0ab-42da-b88f-ff2f3e6aa886:group-40143D286EA8 changes role from null to FOLLOWER at term 0 for startAsFollower
2019-09-12 10:10:03,305 [pool-208-thread-1] INFO  impl.RoleInfo (RoleInfo.java:updateAndGet(143)) - 004fc30c-f0ab-42da-b88f-ff2f3e6aa886: start FollowerState
2019-09-12 10:10:03,305 [pool-208-thread-1] INFO  util.JmxRegister (JmxRegister.java:tryRegister(44)) - Successfully registered JMX Bean with object name Ratis:service=RaftServer,group=group-40143D286EA8,id=004fc30c-f0ab-42da-b88f-ff2f3e6aa886
2019-09-12 10:10:03,308 [RatisPipelineUtilsThread] INFO  pipeline.PipelineStateManager (PipelineStateManager.java:addPipeline(56)) - Created pipeline Pipeline[ Id: b6e6cd1a-8aac-4dc4-bce8-40143d286ea8, Nodes: 004fc30c-f0ab-42da-b88f-ff2f3e6aa886{ip: 192.168.36.114, host: pr-hdds-1569-58hkm-1881083799, networkLocation: /default-rack, certSerialId: null}, Type:RATIS, Factor:ONE, State:OPEN]
2019-09-12 10:10:03,308 [RatisPipelineUtilsThread] ERROR pipeline.PipelinePlacementPolicy (PipelinePlacementPolicy.java:meetCriteria(92)) - Pipeline Placement: Doesn't meet the criteria to be viable node. Heaviness: 6
2019-09-12 10:10:03,308 [RatisPipelineUtilsThread] ERROR pipeline.PipelinePlacementPolicy (PipelinePlacementPolicy.java:meetCriteria(92)) - Pipeline Placement: Doesn't meet the criteria to be viable node. Heaviness: 6
2019-09-12 10:10:03,313 [grpc-default-executor-0] INFO  impl.RaftServerProxy (RaftServerProxy.java:addNew(89)) - 004fc30c-f0ab-42da-b88f-ff2f3e6aa886: addNew group-E6CB9E453505:[004fc30c-f0ab-42da-b88f-ff2f3e6aa886:192.168.36.114:44994] returns group-E6CB9E453505:java.util.concurrent.CompletableFuture@437f6899[Not completed]
2019-09-12 10:10:03,314 [pool-208-thread-1] INFO  impl.RaftServerImpl (RaftServerImpl.java:<init>(93)) - 004fc30c-f0ab-42da-b88f-ff2f3e6aa886: new RaftServerImpl for group-E6CB9E453505:[004fc30c-f0ab-42da-b88f-ff2f3e6aa886:192.168.36.114:44994] with ContainerStateMachine:uninitialized
2019-09-12 10:10:03,314 [pool-208-thread-1] INFO  server.RaftServerConfigKeys (ConfUtils.java:logGet(43)) - raft.server.rpc.timeout.min = 5s (custom)
2019-09-12 10:10:03,314 [pool-208-thread-1] INFO  server.RaftServerConfigKeys (ConfUtils.java:logGet(43)) - raft.server.rpc.timeout.max = 5200ms (custom)
2019-09-12 10:10:03,314 [pool-208-thread-1] INFO  server.RaftServerConfigKeys (ConfUtils.java:logGet(43)) - raft.server.rpcslowness.timeout = 120s (custom)
2019-09-12 10:10:03,315 [pool-208-thread-1] INFO  server.RaftServerConfigKeys (ConfUtils.java:logGet(43)) - raft.server.sleep.deviation.threshold = 300 (default)
2019-09-12 10:10:03,315 [pool-208-thread-1] INFO  server.RaftServerConfigKeys (ConfUtils.java:logGet(43)) - raft.server.log.appender.install.snapshot.enabled = false (custom)
2019-09-12 10:10:03,315 [pool-208-thread-1] INFO  impl.RaftServerImpl (ServerState.java:<init>(105)) - 004fc30c-f0ab-42da-b88f-ff2f3e6aa886:group-E6CB9E453505 ConfigurationManager, init=-1: [004fc30c-f0ab-42da-b88f-ff2f3e6aa886:192.168.36.114:44994], old=null, confs=<EMPTY_MAP>
2019-09-12 10:10:03,315 [pool-208-thread-1] INFO  server.RaftServerConfigKeys (ConfUtils.java:logGet(43)) - raft.server.storage.dir = [/workdir/hadoop-ozone/integration-test/target/test-dir/MiniOzoneClusterImpl-afece541-ebdb-408e-b3cb-0c4dcae62716/datanode-2/data/ratis] (custom)
2019-09-12 10:10:03,315 [pool-208-thread-1] INFO  storage.RaftStorageDirectory (RaftStorageDirectory.java:analyzeStorage(246)) - The storage directory /workdir/hadoop-ozone/integration-test/target/test-dir/MiniOzoneClusterImpl-afece541-ebdb-408e-b3cb-0c4dcae62716/datanode-2/data/ratis/b5e1d38e-4cbf-4e51-8532-e6cb9e453505 does not exist. Creating ...
2019-09-12 10:10:03,385 [pool-208-thread-1] INFO  storage.RaftStorageDirectory (RaftStorageDirectory.java:tryLock(328)) - Lock on /workdir/hadoop-ozone/integration-test/target/test-dir/MiniOzoneClusterImpl-afece541-ebdb-408e-b3cb-0c4dcae62716/datanode-2/data/ratis/b5e1d38e-4cbf-4e51-8532-e6cb9e453505/in_use.lock acquired by nodename 2537@pr-hdds-1569-58hkm-1881083799
2019-09-12 10:10:03,417 [pool-208-thread-1] INFO  storage.RaftStorage (RaftStorage.java:format(72)) - Storage directory /workdir/hadoop-ozone/integration-test/target/test-dir/MiniOzoneClusterImpl-afece541-ebdb-408e-b3cb-0c4dcae62716/datanode-2/data/ratis/b5e1d38e-4cbf-4e51-8532-e6cb9e453505 has been successfully formatted.
2019-09-12 10:10:03,418 [pool-208-thread-1] INFO  ratis.ContainerStateMachine (ContainerStateMachine.java:loadSnapshot(226)) - group-E6CB9E453505: The snapshot info is null. Setting the last applied indexto:(t:0, i:~)
2019-09-12 10:10:03,418 [pool-208-thread-1] INFO  server.RaftServerConfigKeys (ConfUtils.java:logGet(43)) - raft.server.leader.election.timeout = 120s (custom)
2019-09-12 10:10:03,418 [pool-208-thread-1] INFO  server.RaftServerConfigKeys (ConfUtils.java:logGet(43)) - raft.server.log.use.memory = false (default)
2019-09-12 10:10:03,418 [pool-208-thread-1] INFO  server.RaftServerConfigKeys (ConfUtils.java:logGet(43)) - raft.server.log.purge.gap = 1000000 (custom)
2019-09-12 10:10:03,418 [pool-208-thread-1] INFO  server.RaftServerConfigKeys (ConfUtils.java:logGet(43)) - raft.server.log.appender.buffer.byte-limit = 33554432 (custom)
2019-09-12 10:10:03,418 [pool-208-thread-1] INFO  server.RaftServerConfigKeys (ConfUtils.java:logGet(43)) - raft.server.log.segment.size.max = 1048576 (custom)
2019-09-12 10:10:03,418 [pool-208-thread-1] INFO  server.RaftServerConfigKeys (ConfUtils.java:logGet(43)) - raft.server.log.segment.cache.num.max = 2 (custom)
2019-09-12 10:10:03,419 [pool-208-thread-1] INFO  segmented.SegmentedRaftLogWorker (SegmentedRaftLogWorker.java:<init>(172)) - new 004fc30c-f0ab-42da-b88f-ff2f3e6aa886-SegmentedRaftLogWorker:Storage Directory /workdir/hadoop-ozone/integration-test/target/test-dir/MiniOzoneClusterImpl-afece541-ebdb-408e-b3cb-0c4dcae62716/datanode-2/data/ratis/b5e1d38e-4cbf-4e51-8532-e6cb9e453505 for RaftStorage:Storage Directory /workdir/hadoop-ozone/integration-test/target/test-dir/MiniOzoneClusterImpl-afece541-ebdb-408e-b3cb-0c4dcae62716/datanode-2/data/ratis/b5e1d38e-4cbf-4e51-8532-e6cb9e453505
2019-09-12 10:10:03,419 [pool-208-thread-1] INFO  server.RaftServerConfigKeys (ConfUtils.java:logGet(43)) - raft.server.log.queue.byte-limit = 2147483647 (custom)
2019-09-12 10:10:03,419 [pool-208-thread-1] INFO  server.RaftServerConfigKeys (ConfUtils.java:logGet(43)) - raft.server.log.queue.element-limit = 1024 (custom)
2019-09-12 10:10:03,419 [pool-208-thread-1] INFO  server.RaftServerConfigKeys (ConfUtils.java:logGet(43)) - raft.server.log.segment.size.max = 1048576 (custom)
2019-09-12 10:10:03,419 [pool-208-thread-1] INFO  server.RaftServerConfigKeys (ConfUtils.java:logGet(43)) - raft.server.log.preallocated.size = 16384 (custom)
2019-09-12 10:10:03,419 [pool-208-thread-1] INFO  server.RaftServerConfigKeys (ConfUtils.java:logGet(43)) - raft.server.log.write.buffer.size = 33554432 (custom)
2019-09-12 10:10:03,419 [pool-208-thread-1] INFO  server.RaftServerConfigKeys (ConfUtils.java:logGet(43)) - raft.server.log.force.sync.num = 128 (default)
2019-09-12 10:10:03,419 [pool-208-thread-1] INFO  server.RaftServerConfigKeys (ConfUtils.java:logGet(43)) - raft.server.log.statemachine.data.sync = true (default)
2019-09-12 10:10:03,419 [pool-208-thread-1] INFO  server.RaftServerConfigKeys (ConfUtils.java:logGet(43)) - raft.server.log.statemachine.data.sync.timeout = 10s (default)
2019-09-12 10:10:03,419 [pool-208-thread-1] INFO  server.RaftServerConfigKeys (ConfUtils.java:logGet(43)) - raft.server.log.statemachine.data.sync.timeout.retry = -1 (default)
2019-09-12 10:10:03,420 [pool-208-thread-1] INFO  server.RaftServerConfigKeys (ConfUtils.java:logGet(43)) - raft.server.log.statemachine.data.caching.enabled = true (custom)
2019-09-12 10:10:03,420 [pool-208-thread-1] INFO  segmented.SegmentedRaftLogWorker (SegmentedRaftLogWorker.java:lambda$new$0(132)) - 004fc30c-f0ab-42da-b88f-ff2f3e6aa886-SegmentedRaftLogWorker:Storage Directory /workdir/hadoop-ozone/integration-test/target/test-dir/MiniOzoneClusterImpl-afece541-ebdb-408e-b3cb-0c4dcae62716/datanode-2/data/ratis/b5e1d38e-4cbf-4e51-8532-e6cb9e453505: flushIndex: setUnconditionally 0 -> -1
2019-09-12 10:10:03,420 [pool-208-thread-1] INFO  server.RaftServerConfigKeys (ConfUtils.java:logGet(43)) - raft.server.snapshot.auto.trigger.enabled = true (custom)
2019-09-12 10:10:03,420 [pool-208-thread-1] INFO  server.RaftServerConfigKeys (ConfUtils.java:logGet(43)) - raft.server.snapshot.auto.trigger.threshold = 10000 (custom)
2019-09-12 10:10:03,420 [pool-208-thread-1] INFO  server.RaftServerConfigKeys (ConfUtils.java:logGet(43)) - raft.server.retrycache.expirytime = 600000ms (custom)
2019-09-12 10:10:03,421 [pool-208-thread-1] INFO  impl.RaftServerImpl (RaftServerImpl.java:start(180)) - 004fc30c-f0ab-42da-b88f-ff2f3e6aa886: start group-E6CB9E453505
2019-09-12 10:10:03,421 [pool-208-thread-1] INFO  impl.RaftServerImpl (RaftServerImpl.java:setRole(171)) - 004fc30c-f0ab-42da-b88f-ff2f3e6aa886:group-E6CB9E453505 changes role from null to FOLLOWER at term 0 for startAsFollower
2019-09-12 10:10:03,421 [pool-208-thread-1] INFO  impl.RoleInfo (RoleInfo.java:updateAndGet(143)) - 004fc30c-f0ab-42da-b88f-ff2f3e6aa886: start FollowerState
2019-09-12 10:10:03,421 [pool-208-thread-1] INFO  util.JmxRegister (JmxRegister.java:tryRegister(44)) - Successfully registered JMX Bean with object name Ratis:service=RaftServer,group=group-E6CB9E453505,id=004fc30c-f0ab-42da-b88f-ff2f3e6aa886
2019-09-12 10:10:03,424 [RatisPipelineUtilsThread] INFO  pipeline.PipelineStateManager (PipelineStateManager.java:addPipeline(56)) - Created pipeline Pipeline[ Id: b5e1d38e-4cbf-4e51-8532-e6cb9e453505, Nodes: 004fc30c-f0ab-42da-b88f-ff2f3e6aa886{ip: 192.168.36.114, host: pr-hdds-1569-58hkm-1881083799, networkLocation: /default-rack, certSerialId: null}, Type:RATIS, Factor:ONE, State:OPEN]
2019-09-12 10:10:03,424 [RatisPipelineUtilsThread] ERROR pipeline.PipelinePlacementPolicy (PipelinePlacementPolicy.java:meetCriteria(92)) - Pipeline Placement: Doesn't meet the criteria to be viable node. Heaviness: 6
2019-09-12 10:10:03,425 [RatisPipelineUtilsThread] ERROR pipeline.PipelinePlacementPolicy (PipelinePlacementPolicy.java:meetCriteria(92)) - Pipeline Placement: Doesn't meet the criteria to be viable node. Heaviness: 6
2019-09-12 10:10:03,425 [RatisPipelineUtilsThread] ERROR pipeline.PipelinePlacementPolicy (PipelinePlacementPolicy.java:meetCriteria(92)) - Pipeline Placement: Doesn't meet the criteria to be viable node. Heaviness: 6
2019-09-12 10:10:03,425 [RatisPipelineUtilsThread] ERROR pipeline.PipelinePlacementPolicy (PipelinePlacementPolicy.java:filterViableNodes(147)) - Unable to find enough nodes that meet the criteria that cannot engage in more than 5 pipelines. Nodes required: 1 Found: 0, healthy nodes count inNodeManager: 3.
2019-09-12 10:10:03,425 [RatisPipelineUtilsThread] ERROR pipeline.SCMPipelineManager (SCMPipelineManager.java:createPipeline(161)) - Pipeline creation failed due to exception: Unable to find enough nodes that meet the criteria that cannot engage in more than 5 pipelines. Nodes required: 1 Found: 0, healthy nodes count inNodeManager: 3.
2019-09-12 10:10:03,425 [RatisPipelineUtilsThread] ERROR pipeline.PipelinePlacementPolicy (PipelinePlacementPolicy.java:meetCriteria(92)) - Pipeline Placement: Doesn't meet the criteria to be viable node. Heaviness: 6
2019-09-12 10:10:03,425 [RatisPipelineUtilsThread] ERROR pipeline.PipelinePlacementPolicy (PipelinePlacementPolicy.java:meetCriteria(92)) - Pipeline Placement: Doesn't meet the criteria to be viable node. Heaviness: 6
2019-09-12 10:10:03,426 [RatisPipelineUtilsThread] ERROR pipeline.PipelinePlacementPolicy (PipelinePlacementPolicy.java:meetCriteria(92)) - Pipeline Placement: Doesn't meet the criteria to be viable node. Heaviness: 6
2019-09-12 10:10:03,426 [RatisPipelineUtilsThread] ERROR pipeline.PipelinePlacementPolicy (PipelinePlacementPolicy.java:filterViableNodes(147)) - Unable to find enough nodes that meet the criteria that cannot engage in more than 5 pipelines. Nodes required: 3 Found: 0, healthy nodes count inNodeManager: 3.
2019-09-12 10:10:03,426 [RatisPipelineUtilsThread] ERROR pipeline.SCMPipelineManager (SCMPipelineManager.java:createPipeline(161)) - Pipeline creation failed due to exception: Unable to find enough nodes that meet the criteria that cannot engage in more than 5 pipelines. Nodes required: 3 Found: 0, healthy nodes count inNodeManager: 3.
2019-09-12 10:10:03,426 [main] ERROR pipeline.PipelinePlacementPolicy (PipelinePlacementPolicy.java:meetCriteria(92)) - Pipeline Placement: Doesn't meet the criteria to be viable node. Heaviness: 6
2019-09-12 10:10:03,426 [main] ERROR pipeline.PipelinePlacementPolicy (PipelinePlacementPolicy.java:meetCriteria(92)) - Pipeline Placement: Doesn't meet the criteria to be viable node. Heaviness: 6
2019-09-12 10:10:03,427 [main] ERROR pipeline.PipelinePlacementPolicy (PipelinePlacementPolicy.java:meetCriteria(92)) - Pipeline Placement: Doesn't meet the criteria to be viable node. Heaviness: 6
2019-09-12 10:10:03,427 [main] ERROR pipeline.PipelinePlacementPolicy (PipelinePlacementPolicy.java:filterViableNodes(147)) - Unable to find enough nodes that meet the criteria that cannot engage in more than 5 pipelines. Nodes required: 3 Found: 0, healthy nodes count inNodeManager: 3.
2019-09-12 10:10:03,427 [main] ERROR pipeline.SCMPipelineManager (SCMPipelineManager.java:createPipeline(161)) - Pipeline creation failed due to exception: Unable to find enough nodes that meet the criteria that cannot engage in more than 5 pipelines. Nodes required: 3 Found: 0, healthy nodes count inNodeManager: 3.
2019-09-12 10:10:03,427 [RatisPipelineUtilsThread] ERROR pipeline.PipelinePlacementPolicy (PipelinePlacementPolicy.java:meetCriteria(92)) - Pipeline Placement: Doesn't meet the criteria to be viable node. Heaviness: 6
2019-09-12 10:10:03,427 [RatisPipelineUtilsThread] ERROR pipeline.PipelinePlacementPolicy (PipelinePlacementPolicy.java:meetCriteria(92)) - Pipeline Placement: Doesn't meet the criteria to be viable node. Heaviness: 6
2019-09-12 10:10:03,427 [main] INFO  ozone.MiniOzoneClusterImpl (MiniOzoneClusterImpl.java:shutdown(321)) - Shutting down the Mini Ozone Cluster
2019-09-12 10:10:03,427 [RatisPipelineUtilsThread] ERROR pipeline.PipelinePlacementPolicy (PipelinePlacementPolicy.java:meetCriteria(92)) - Pipeline Placement: Doesn't meet the criteria to be viable node. Heaviness: 6
2019-09-12 10:10:03,428 | INFO  | SCMAudit | user=null | ip=null | op=GET_SCM_INFO null | ret=SUCCESS |  
2019-09-12 10:10:03,428 [RatisPipelineUtilsThread] ERROR pipeline.PipelinePlacementPolicy (PipelinePlacementPolicy.java:filterViableNodes(147)) - Unable to find enough nodes that meet the criteria that cannot engage in more than 5 pipelines. Nodes required: 1 Found: 0, healthy nodes count inNodeManager: 3.
2019-09-12 10:10:03,428 [main] INFO  ozone.MiniOzoneClusterImpl (MiniOzoneClusterImpl.java:stop(336)) - Stopping the Mini Ozone Cluster
2019-09-12 10:10:03,428 [main] INFO  ozone.MiniOzoneClusterImpl (MiniOzoneClusterImpl.java:stop(338)) - Stopping the OzoneManager
2019-09-12 10:10:03,428 [RatisPipelineUtilsThread] ERROR pipeline.SCMPipelineManager (SCMPipelineManager.java:createPipeline(161)) - Pipeline creation failed due to exception: Unable to find enough nodes that meet the criteria that cannot engage in more than 5 pipelines. Nodes required: 1 Found: 0, healthy nodes count inNodeManager: 3.
2019-09-12 10:10:03,428 [main] INFO  ipc.Server (Server.java:stop(3082)) - Stopping server on 35068
2019-09-12 10:10:03,430 [RatisPipelineUtilsThread] ERROR pipeline.PipelinePlacementPolicy (PipelinePlacementPolicy.java:meetCriteria(92)) - Pipeline Placement: Doesn't meet the criteria to be viable node. Heaviness: 6
2019-09-12 10:10:03,432 [RatisPipelineUtilsThread] ERROR pipeline.PipelinePlacementPolicy (PipelinePlacementPolicy.java:meetCriteria(92)) - Pipeline Placement: Doesn't meet the criteria to be viable node. Heaviness: 6
2019-09-12 10:10:03,432 [RatisPipelineUtilsThread] ERROR pipeline.PipelinePlacementPolicy (PipelinePlacementPolicy.java:meetCriteria(92)) - Pipeline Placement: Doesn't meet the criteria to be viable node. Heaviness: 6
2019-09-12 10:10:03,433 [main] INFO  ratis.OzoneManagerDoubleBuffer (OzoneManagerDoubleBuffer.java:stop(248)) - Stopping OMDoubleBuffer flush thread
2019-09-12 10:10:03,433 [IPC Server Responder] INFO  ipc.Server (Server.java:run(1319)) - Stopping IPC Server Responder
2019-09-12 10:10:03,433 [OMDoubleBufferFlushThread] INFO  ratis.OzoneManagerDoubleBuffer (OzoneManagerDoubleBuffer.java:flushTransactions(191)) - OMDoubleBuffer flush thread OMDoubleBufferFlushThread is interrupted and will exit. OMDoubleBufferFlushThread
2019-09-12 10:10:03,433 [RatisPipelineUtilsThread] ERROR pipeline.PipelinePlacementPolicy (PipelinePlacementPolicy.java:filterViableNodes(147)) - Unable to find enough nodes that meet the criteria that cannot engage in more than 5 pipelines. Nodes required: 3 Found: 0, healthy nodes count inNodeManager: 3.
2019-09-12 10:10:03,433 [IPC Server listener on 35068] INFO  ipc.Server (Server.java:run(1185)) - Stopping IPC Server listener on 35068
2019-09-12 10:10:03,433 [RatisPipelineUtilsThread] ERROR pipeline.SCMPipelineManager (SCMPipelineManager.java:createPipeline(161)) - Pipeline creation failed due to exception: Unable to find enough nodes that meet the criteria that cannot engage in more than 5 pipelines. Nodes required: 3 Found: 0, healthy nodes count inNodeManager: 3.
2019-09-12 10:10:03,433 [main] INFO  utils.BackgroundService (BackgroundService.java:shutdown(148)) - Shutting down service KeyDeletingService
2019-09-12 10:10:03,435 [main] INFO  handler.ContextHandler (ContextHandler.java:doStop(910)) - Stopped o.e.j.w.WebAppContext@e36bc01{/,null,UNAVAILABLE}{/ozoneManager}
2019-09-12 10:10:03,436 [main] INFO  server.AbstractConnector (AbstractConnector.java:doStop(318)) - Stopped ServerConnector@6654ca0d{HTTP/1.1,[http/1.1]}{0.0.0.0:0}
2019-09-12 10:10:03,436 [main] INFO  handler.ContextHandler (ContextHandler.java:doStop(910)) - Stopped o.e.j.s.ServletContextHandler@5ae66c98{/static,file:///workdir/hadoop-ozone/integration-test/target/test-classes/webapps/static,UNAVAILABLE}
2019-09-12 10:10:03,437 [main] INFO  handler.ContextHandler (ContextHandler.java:doStop(910)) - Stopped o.e.j.s.ServletContextHandler@1b444b5{/logs,file:///workdir/hadoop-ozone/integration-test/target/log,UNAVAILABLE}
2019-09-12 10:10:03,439 [main] INFO  ozone.MiniOzoneClusterImpl (MiniOzoneClusterImpl.java:stop(344)) - Shutting the HddsDatanodes
2019-09-12 10:10:03,439 [main] INFO  datanode.ObjectStoreHandler (ObjectStoreHandler.java:close(155)) - Closing ObjectStoreHandler.
2019-09-12 10:10:03,439 [ForkJoinPool.commonPool-worker-1] INFO  datanode.ObjectStoreHandler (ObjectStoreHandler.java:close(155)) - Closing ObjectStoreHandler.
2019-09-12 10:10:03,440 [main] INFO  ozone.HddsDatanodeService (HddsDatanodeService.java:stop(451)) - Stopped plug-in org.apache.hadoop.ozone.web.OzoneHddsDatanodeService@17f41739
2019-09-12 10:10:03,440 [ForkJoinPool.commonPool-worker-1] INFO  ozone.HddsDatanodeService (HddsDatanodeService.java:stop(451)) - Stopped plug-in org.apache.hadoop.ozone.web.OzoneHddsDatanodeService@66863941
2019-09-12 10:10:03,497 [Datanode State Machine Thread - 0] INFO  statemachine.DatanodeStateMachine (DatanodeStateMachine.java:lambda$startDaemon$0(350)) - Ozone container server started.
2019-09-12 10:10:03,695 [Datanode State Machine Thread - 0] INFO  statemachine.DatanodeStateMachine (DatanodeStateMachine.java:lambda$startDaemon$0(350)) - Ozone container server started.
2019-09-12 10:10:03,906 | INFO  | SCMAudit | user=jenkins1000 | ip=192.168.36.114 | op=SEND_HEARTBEAT {datanodeUUID=004fc30c-f0ab-42da-b88f-ff2f3e6aa886, command=[]} | ret=SUCCESS |  
2019-09-12 10:10:04,510 [Thread-964] INFO  container.ReplicationManager (ReplicationManager.java:start(151)) - Starting Replication Monitor Thread.
2019-09-12 10:10:04,513 [ReplicationMonitor] INFO  container.ReplicationManager (ReplicationManager.java:run(214)) - Replication Monitor Thread took 0 milliseconds for processing 0 containers.
2019-09-12 10:10:04,906 | INFO  | SCMAudit | user=jenkins1000 | ip=192.168.36.114 | op=SEND_HEARTBEAT {datanodeUUID=004fc30c-f0ab-42da-b88f-ff2f3e6aa886, command=[]} | ret=SUCCESS |  
2019-09-12 10:10:05,906 | INFO  | SCMAudit | user=jenkins1000 | ip=192.168.36.114 | op=SEND_HEARTBEAT {datanodeUUID=004fc30c-f0ab-42da-b88f-ff2f3e6aa886, command=[]} | ret=SUCCESS |  
2019-09-12 10:10:06,620 [Thread-966] INFO  impl.FollowerState (FollowerState.java:run(106)) - 3291f544-f1a5-4119-b184-edae5bac4c07:group-3EFA0C284A2C changes to CANDIDATE, lastRpcTime:5067, electionTimeout:5067ms
2019-09-12 10:10:06,620 [Thread-966] INFO  impl.RoleInfo (RoleInfo.java:shutdownFollowerState(121)) - 3291f544-f1a5-4119-b184-edae5bac4c07: shutdown FollowerState
2019-09-12 10:10:06,620 [Thread-966] INFO  impl.RaftServerImpl (RaftServerImpl.java:setRole(171)) - 3291f544-f1a5-4119-b184-edae5bac4c07:group-3EFA0C284A2C changes role from FOLLOWER to CANDIDATE at term 0 for changeToCandidate
2019-09-12 10:10:06,620 [Thread-966] INFO  impl.RoleInfo (RoleInfo.java:updateAndGet(143)) - 3291f544-f1a5-4119-b184-edae5bac4c07: start LeaderElection
2019-09-12 10:10:06,637 [3291f544-f1a5-4119-b184-edae5bac4c07:group-3EFA0C284A2C:LeaderElection54] INFO  impl.LeaderElection (LeaderElection.java:askForVotes(181)) - 3291f544-f1a5-4119-b184-edae5bac4c07:group-3EFA0C284A2C:LeaderElection54: begin an election at term 1 for -1: [3291f544-f1a5-4119-b184-edae5bac4c07:192.168.36.114:42981], old=null
2019-09-12 10:10:06,638 [3291f544-f1a5-4119-b184-edae5bac4c07:group-3EFA0C284A2C:LeaderElection54] INFO  impl.RoleInfo (RoleInfo.java:shutdownLeaderElection(134)) - 3291f544-f1a5-4119-b184-edae5bac4c07: shutdown LeaderElection
2019-09-12 10:10:06,638 [3291f544-f1a5-4119-b184-edae5bac4c07:group-3EFA0C284A2C:LeaderElection54] INFO  impl.RaftServerImpl (RaftServerImpl.java:setRole(171)) - 3291f544-f1a5-4119-b184-edae5bac4c07:group-3EFA0C284A2C changes role from CANDIDATE to LEADER at term 1 for changeToLeader
2019-09-12 10:10:06,638 [3291f544-f1a5-4119-b184-edae5bac4c07:group-3EFA0C284A2C:LeaderElection54] INFO  impl.RaftServerImpl (ServerState.java:setLeader(263)) - 3291f544-f1a5-4119-b184-edae5bac4c07:group-3EFA0C284A2C change Leader from null to 3291f544-f1a5-4119-b184-edae5bac4c07 at term 1 for becomeLeader, leader elected after 5089ms
2019-09-12 10:10:06,638 [3291f544-f1a5-4119-b184-edae5bac4c07:group-3EFA0C284A2C:LeaderElection54] INFO  server.RaftServerConfigKeys (ConfUtils.java:logGet(43)) - raft.server.staging.catchup.gap = 1000 (default)
2019-09-12 10:10:06,638 [3291f544-f1a5-4119-b184-edae5bac4c07:group-3EFA0C284A2C:LeaderElection54] INFO  server.RaftServerConfigKeys (ConfUtils.java:logGet(43)) - raft.server.rpc.sleep.time = 25ms (default)
2019-09-12 10:10:06,639 [3291f544-f1a5-4119-b184-edae5bac4c07:group-3EFA0C284A2C:LeaderElection54] INFO  server.RaftServerConfigKeys (ConfUtils.java:logGet(43)) - raft.server.write.element-limit = 4096 (default)
2019-09-12 10:10:06,639 [3291f544-f1a5-4119-b184-edae5bac4c07:group-3EFA0C284A2C:LeaderElection54] INFO  server.RaftServerConfigKeys (ConfUtils.java:logGet(43)) - raft.server.watch.timeout = 10s (default)
2019-09-12 10:10:06,639 [3291f544-f1a5-4119-b184-edae5bac4c07:group-3EFA0C284A2C:LeaderElection54] INFO  server.RaftServerConfigKeys (ConfUtils.java:logGet(43)) - raft.server.watch.timeout.denomination = 1s (default)
2019-09-12 10:10:06,639 [3291f544-f1a5-4119-b184-edae5bac4c07:group-3EFA0C284A2C:LeaderElection54] INFO  server.RaftServerConfigKeys (ConfUtils.java:logGet(43)) - raft.server.watch.element-limit = 65536 (default)
2019-09-12 10:10:06,639 [3291f544-f1a5-4119-b184-edae5bac4c07:group-3EFA0C284A2C:LeaderElection54] INFO  impl.RoleInfo (RoleInfo.java:updateAndGet(143)) - 3291f544-f1a5-4119-b184-edae5bac4c07: start LeaderState
2019-09-12 10:10:06,640 [3291f544-f1a5-4119-b184-edae5bac4c07:group-3EFA0C284A2C:LeaderElection54] INFO  segmented.SegmentedRaftLogWorker (SegmentedRaftLogWorker.java:startLogSegment(380)) - 3291f544-f1a5-4119-b184-edae5bac4c07-SegmentedRaftLogWorker:Storage Directory /workdir/hadoop-ozone/integration-test/target/test-dir/MiniOzoneClusterImpl-afece541-ebdb-408e-b3cb-0c4dcae62716/datanode-0/data/ratis/78251e3b-55a0-4ae1-8c96-3efa0c284a2c: Starting segment from index:0
2019-09-12 10:10:06,641 [3291f544-f1a5-4119-b184-edae5bac4c07:group-3EFA0C284A2C:LeaderElection54] INFO  impl.RaftServerImpl (ServerState.java:setRaftConf(361)) - 3291f544-f1a5-4119-b184-edae5bac4c07:group-3EFA0C284A2C set configuration 0: [3291f544-f1a5-4119-b184-edae5bac4c07:192.168.36.114:42981], old=null at 0
2019-09-12 10:10:06,734 [3291f544-f1a5-4119-b184-edae5bac4c07-SegmentedRaftLogWorker:Storage Directory /workdir/hadoop-ozone/integration-test/target/test-dir/MiniOzoneClusterImpl-afece541-ebdb-408e-b3cb-0c4dcae62716/datanode-0/data/ratis/78251e3b-55a0-4ae1-8c96-3efa0c284a2c] INFO  segmented.SegmentedRaftLogWorker (SegmentedRaftLogWorker.java:execute(569)) - 3291f544-f1a5-4119-b184-edae5bac4c07-SegmentedRaftLogWorker:Storage Directory /workdir/hadoop-ozone/integration-test/target/test-dir/MiniOzoneClusterImpl-afece541-ebdb-408e-b3cb-0c4dcae62716/datanode-0/data/ratis/78251e3b-55a0-4ae1-8c96-3efa0c284a2c: created new log segment /workdir/hadoop-ozone/integration-test/target/test-dir/MiniOzoneClusterImpl-afece541-ebdb-408e-b3cb-0c4dcae62716/datanode-0/data/ratis/78251e3b-55a0-4ae1-8c96-3efa0c284a2c/current/log_inprogress_0
2019-09-12 10:10:06,758 [Thread-969] INFO  impl.FollowerState (FollowerState.java:run(106)) - 3291f544-f1a5-4119-b184-edae5bac4c07:group-14B38CF43611 changes to CANDIDATE, lastRpcTime:5039, electionTimeout:5039ms
2019-09-12 10:10:06,758 [Thread-969] INFO  impl.RoleInfo (RoleInfo.java:shutdownFollowerState(121)) - 3291f544-f1a5-4119-b184-edae5bac4c07: shutdown FollowerState
2019-09-12 10:10:06,758 [Thread-969] INFO  impl.RaftServerImpl (RaftServerImpl.java:setRole(171)) - 3291f544-f1a5-4119-b184-edae5bac4c07:group-14B38CF43611 changes role from FOLLOWER to CANDIDATE at term 0 for changeToCandidate
2019-09-12 10:10:06,758 [Thread-969] INFO  impl.RoleInfo (RoleInfo.java:updateAndGet(143)) - 3291f544-f1a5-4119-b184-edae5bac4c07: start LeaderElection
2019-09-12 10:10:06,810 [3291f544-f1a5-4119-b184-edae5bac4c07:group-14B38CF43611:LeaderElection55] INFO  impl.LeaderElection (LeaderElection.java:askForVotes(181)) - 3291f544-f1a5-4119-b184-edae5bac4c07:group-14B38CF43611:LeaderElection55: begin an election at term 1 for -1: [3291f544-f1a5-4119-b184-edae5bac4c07:192.168.36.114:42981], old=null
2019-09-12 10:10:06,811 [3291f544-f1a5-4119-b184-edae5bac4c07:group-14B38CF43611:LeaderElection55] INFO  impl.RoleInfo (RoleInfo.java:shutdownLeaderElection(134)) - 3291f544-f1a5-4119-b184-edae5bac4c07: shutdown LeaderElection
2019-09-12 10:10:06,811 [3291f544-f1a5-4119-b184-edae5bac4c07:group-14B38CF43611:LeaderElection55] INFO  impl.RaftServerImpl (RaftServerImpl.java:setRole(171)) - 3291f544-f1a5-4119-b184-edae5bac4c07:group-14B38CF43611 changes role from CANDIDATE to LEADER at term 1 for changeToLeader
2019-09-12 10:10:06,811 [3291f544-f1a5-4119-b184-edae5bac4c07:group-14B38CF43611:LeaderElection55] INFO  impl.RaftServerImpl (ServerState.java:setLeader(263)) - 3291f544-f1a5-4119-b184-edae5bac4c07:group-14B38CF43611 change Leader from null to 3291f544-f1a5-4119-b184-edae5bac4c07 at term 1 for becomeLeader, leader elected after 5095ms
2019-09-12 10:10:06,811 [3291f544-f1a5-4119-b184-edae5bac4c07:group-14B38CF43611:LeaderElection55] INFO  server.RaftServerConfigKeys (ConfUtils.java:logGet(43)) - raft.server.staging.catchup.gap = 1000 (default)
2019-09-12 10:10:06,811 [3291f544-f1a5-4119-b184-edae5bac4c07:group-14B38CF43611:LeaderElection55] INFO  server.RaftServerConfigKeys (ConfUtils.java:logGet(43)) - raft.server.rpc.sleep.time = 25ms (default)
2019-09-12 10:10:06,811 [3291f544-f1a5-4119-b184-edae5bac4c07:group-14B38CF43611:LeaderElection55] INFO  server.RaftServerConfigKeys (ConfUtils.java:logGet(43)) - raft.server.write.element-limit = 4096 (default)
2019-09-12 10:10:06,812 [3291f544-f1a5-4119-b184-edae5bac4c07:group-14B38CF43611:LeaderElection55] INFO  server.RaftServerConfigKeys (ConfUtils.java:logGet(43)) - raft.server.watch.timeout = 10s (default)
2019-09-12 10:10:06,812 [3291f544-f1a5-4119-b184-edae5bac4c07:group-14B38CF43611:LeaderElection55] INFO  server.RaftServerConfigKeys (ConfUtils.java:logGet(43)) - raft.server.watch.timeout.denomination = 1s (default)
2019-09-12 10:10:06,812 [3291f544-f1a5-4119-b184-edae5bac4c07:group-14B38CF43611:LeaderElection55] INFO  server.RaftServerConfigKeys (ConfUtils.java:logGet(43)) - raft.server.watch.element-limit = 65536 (default)
2019-09-12 10:10:06,812 [3291f544-f1a5-4119-b184-edae5bac4c07:group-14B38CF43611:LeaderElection55] INFO  impl.RoleInfo (RoleInfo.java:updateAndGet(143)) - 3291f544-f1a5-4119-b184-edae5bac4c07: start LeaderState
2019-09-12 10:10:06,812 [3291f544-f1a5-4119-b184-edae5bac4c07:group-14B38CF43611:LeaderElection55] INFO  segmented.SegmentedRaftLogWorker (SegmentedRaftLogWorker.java:startLogSegment(380)) - 3291f544-f1a5-4119-b184-edae5bac4c07-SegmentedRaftLogWorker:Storage Directory /workdir/hadoop-ozone/integration-test/target/test-dir/MiniOzoneClusterImpl-afece541-ebdb-408e-b3cb-0c4dcae62716/datanode-0/data/ratis/288e2548-586c-4b6e-ae34-14b38cf43611: Starting segment from index:0
2019-09-12 10:10:06,813 [3291f544-f1a5-4119-b184-edae5bac4c07:group-14B38CF43611:LeaderElection55] INFO  impl.RaftServerImpl (ServerState.java:setRaftConf(361)) - 3291f544-f1a5-4119-b184-edae5bac4c07:group-14B38CF43611 set configuration 0: [3291f544-f1a5-4119-b184-edae5bac4c07:192.168.36.114:42981], old=null at 0
2019-09-12 10:10:06,882 [Thread-972] INFO  impl.FollowerState (FollowerState.java:run(106)) - 3291f544-f1a5-4119-b184-edae5bac4c07:group-1D2354C04FCD changes to CANDIDATE, lastRpcTime:5079, electionTimeout:5079ms
2019-09-12 10:10:06,882 [Thread-972] INFO  impl.RoleInfo (RoleInfo.java:shutdownFollowerState(121)) - 3291f544-f1a5-4119-b184-edae5bac4c07: shutdown FollowerState
2019-09-12 10:10:06,882 [Thread-972] INFO  impl.RaftServerImpl (RaftServerImpl.java:setRole(171)) - 3291f544-f1a5-4119-b184-edae5bac4c07:group-1D2354C04FCD changes role from FOLLOWER to CANDIDATE at term 0 for changeToCandidate
2019-09-12 10:10:06,882 [Thread-972] INFO  impl.RoleInfo (RoleInfo.java:updateAndGet(143)) - 3291f544-f1a5-4119-b184-edae5bac4c07: start LeaderElection
2019-09-12 10:10:06,902 [3291f544-f1a5-4119-b184-edae5bac4c07-SegmentedRaftLogWorker:Storage Directory /workdir/hadoop-ozone/integration-test/target/test-dir/MiniOzoneClusterImpl-afece541-ebdb-408e-b3cb-0c4dcae62716/datanode-0/data/ratis/288e2548-586c-4b6e-ae34-14b38cf43611] INFO  segmented.SegmentedRaftLogWorker (SegmentedRaftLogWorker.java:execute(569)) - 3291f544-f1a5-4119-b184-edae5bac4c07-SegmentedRaftLogWorker:Storage Directory /workdir/hadoop-ozone/integration-test/target/test-dir/MiniOzoneClusterImpl-afece541-ebdb-408e-b3cb-0c4dcae62716/datanode-0/data/ratis/288e2548-586c-4b6e-ae34-14b38cf43611: created new log segment /workdir/hadoop-ozone/integration-test/target/test-dir/MiniOzoneClusterImpl-afece541-ebdb-408e-b3cb-0c4dcae62716/datanode-0/data/ratis/288e2548-586c-4b6e-ae34-14b38cf43611/current/log_inprogress_0
2019-09-12 10:10:06,905 [3291f544-f1a5-4119-b184-edae5bac4c07:group-1D2354C04FCD:LeaderElection56] INFO  impl.LeaderElection (LeaderElection.java:askForVotes(181)) - 3291f544-f1a5-4119-b184-edae5bac4c07:group-1D2354C04FCD:LeaderElection56: begin an election at term 1 for -1: [3291f544-f1a5-4119-b184-edae5bac4c07:192.168.36.114:42981], old=null
2019-09-12 10:10:06,905 [3291f544-f1a5-4119-b184-edae5bac4c07:group-1D2354C04FCD:LeaderElection56] INFO  impl.RoleInfo (RoleInfo.java:shutdownLeaderElection(134)) - 3291f544-f1a5-4119-b184-edae5bac4c07: shutdown LeaderElection
2019-09-12 10:10:06,905 [3291f544-f1a5-4119-b184-edae5bac4c07:group-1D2354C04FCD:LeaderElection56] INFO  impl.RaftServerImpl (RaftServerImpl.java:setRole(171)) - 3291f544-f1a5-4119-b184-edae5bac4c07:group-1D2354C04FCD changes role from CANDIDATE to LEADER at term 1 for changeToLeader
2019-09-12 10:10:06,905 [3291f544-f1a5-4119-b184-edae5bac4c07:group-1D2354C04FCD:LeaderElection56] INFO  impl.RaftServerImpl (ServerState.java:setLeader(263)) - 3291f544-f1a5-4119-b184-edae5bac4c07:group-1D2354C04FCD change Leader from null to 3291f544-f1a5-4119-b184-edae5bac4c07 at term 1 for becomeLeader, leader elected after 5107ms
2019-09-12 10:10:06,905 [3291f544-f1a5-4119-b184-edae5bac4c07:group-1D2354C04FCD:LeaderElection56] INFO  server.RaftServerConfigKeys (ConfUtils.java:logGet(43)) - raft.server.staging.catchup.gap = 1000 (default)
2019-09-12 10:10:06,905 | INFO  | SCMAudit | user=jenkins1000 | ip=192.168.36.114 | op=SEND_HEARTBEAT {datanodeUUID=004fc30c-f0ab-42da-b88f-ff2f3e6aa886, command=[]} | ret=SUCCESS |  
2019-09-12 10:10:06,906 [3291f544-f1a5-4119-b184-edae5bac4c07:group-1D2354C04FCD:LeaderElection56] INFO  server.RaftServerConfigKeys (ConfUtils.java:logGet(43)) - raft.server.rpc.sleep.time = 25ms (default)
2019-09-12 10:10:06,906 [3291f544-f1a5-4119-b184-edae5bac4c07:group-1D2354C04FCD:LeaderElection56] INFO  server.RaftServerConfigKeys (ConfUtils.java:logGet(43)) - raft.server.write.element-limit = 4096 (default)
2019-09-12 10:10:06,906 [3291f544-f1a5-4119-b184-edae5bac4c07:group-1D2354C04FCD:LeaderElection56] INFO  server.RaftServerConfigKeys (ConfUtils.java:logGet(43)) - raft.server.watch.timeout = 10s (default)
2019-09-12 10:10:06,906 [3291f544-f1a5-4119-b184-edae5bac4c07:group-1D2354C04FCD:LeaderElection56] INFO  server.RaftServerConfigKeys (ConfUtils.java:logGet(43)) - raft.server.watch.timeout.denomination = 1s (default)
2019-09-12 10:10:06,906 [3291f544-f1a5-4119-b184-edae5bac4c07:group-1D2354C04FCD:LeaderElection56] INFO  server.RaftServerConfigKeys (ConfUtils.java:logGet(43)) - raft.server.watch.element-limit = 65536 (default)
2019-09-12 10:10:06,906 [3291f544-f1a5-4119-b184-edae5bac4c07:group-1D2354C04FCD:LeaderElection56] INFO  impl.RoleInfo (RoleInfo.java:updateAndGet(143)) - 3291f544-f1a5-4119-b184-edae5bac4c07: start LeaderState
2019-09-12 10:10:06,906 [3291f544-f1a5-4119-b184-edae5bac4c07:group-1D2354C04FCD:LeaderElection56] INFO  segmented.SegmentedRaftLogWorker (SegmentedRaftLogWorker.java:startLogSegment(380)) - 3291f544-f1a5-4119-b184-edae5bac4c07-SegmentedRaftLogWorker:Storage Directory /workdir/hadoop-ozone/integration-test/target/test-dir/MiniOzoneClusterImpl-afece541-ebdb-408e-b3cb-0c4dcae62716/datanode-0/data/ratis/b4d9f5f6-227e-4141-9367-1d2354c04fcd: Starting segment from index:0
2019-09-12 10:10:06,907 [3291f544-f1a5-4119-b184-edae5bac4c07:group-1D2354C04FCD:LeaderElection56] INFO  impl.RaftServerImpl (ServerState.java:setRaftConf(361)) - 3291f544-f1a5-4119-b184-edae5bac4c07:group-1D2354C04FCD set configuration 0: [3291f544-f1a5-4119-b184-edae5bac4c07:192.168.36.114:42981], old=null at 0
2019-09-12 10:10:06,944 [3291f544-f1a5-4119-b184-edae5bac4c07-SegmentedRaftLogWorker:Storage Directory /workdir/hadoop-ozone/integration-test/target/test-dir/MiniOzoneClusterImpl-afece541-ebdb-408e-b3cb-0c4dcae62716/datanode-0/data/ratis/b4d9f5f6-227e-4141-9367-1d2354c04fcd] INFO  segmented.SegmentedRaftLogWorker (SegmentedRaftLogWorker.java:execute(569)) - 3291f544-f1a5-4119-b184-edae5bac4c07-SegmentedRaftLogWorker:Storage Directory /workdir/hadoop-ozone/integration-test/target/test-dir/MiniOzoneClusterImpl-afece541-ebdb-408e-b3cb-0c4dcae62716/datanode-0/data/ratis/b4d9f5f6-227e-4141-9367-1d2354c04fcd: created new log segment /workdir/hadoop-ozone/integration-test/target/test-dir/MiniOzoneClusterImpl-afece541-ebdb-408e-b3cb-0c4dcae62716/datanode-0/data/ratis/b4d9f5f6-227e-4141-9367-1d2354c04fcd/current/log_inprogress_0
2019-09-12 10:10:07,070 [Thread-975] INFO  impl.FollowerState (FollowerState.java:run(106)) - 3291f544-f1a5-4119-b184-edae5bac4c07:group-3E666E9A241D changes to CANDIDATE, lastRpcTime:5145, electionTimeout:5145ms
2019-09-12 10:10:07,070 [Thread-975] INFO  impl.RoleInfo (RoleInfo.java:shutdownFollowerState(121)) - 3291f544-f1a5-4119-b184-edae5bac4c07: shutdown FollowerState
2019-09-12 10:10:07,070 [Thread-975] INFO  impl.RaftServerImpl (RaftServerImpl.java:setRole(171)) - 3291f544-f1a5-4119-b184-edae5bac4c07:group-3E666E9A241D changes role from FOLLOWER to CANDIDATE at term 0 for changeToCandidate
2019-09-12 10:10:07,071 [Thread-975] INFO  impl.RoleInfo (RoleInfo.java:updateAndGet(143)) - 3291f544-f1a5-4119-b184-edae5bac4c07: start LeaderElection
2019-09-12 10:10:07,078 [3291f544-f1a5-4119-b184-edae5bac4c07:group-3E666E9A241D:LeaderElection57] INFO  impl.LeaderElection (LeaderElection.java:askForVotes(181)) - 3291f544-f1a5-4119-b184-edae5bac4c07:group-3E666E9A241D:LeaderElection57: begin an election at term 1 for -1: [3291f544-f1a5-4119-b184-edae5bac4c07:192.168.36.114:42981], old=null
2019-09-12 10:10:07,078 [3291f544-f1a5-4119-b184-edae5bac4c07:group-3E666E9A241D:LeaderElection57] INFO  impl.RoleInfo (RoleInfo.java:shutdownLeaderElection(134)) - 3291f544-f1a5-4119-b184-edae5bac4c07: shutdown LeaderElection
2019-09-12 10:10:07,078 [3291f544-f1a5-4119-b184-edae5bac4c07:group-3E666E9A241D:LeaderElection57] INFO  impl.RaftServerImpl (RaftServerImpl.java:setRole(171)) - 3291f544-f1a5-4119-b184-edae5bac4c07:group-3E666E9A241D changes role from CANDIDATE to LEADER at term 1 for changeToLeader
2019-09-12 10:10:07,078 [3291f544-f1a5-4119-b184-edae5bac4c07:group-3E666E9A241D:LeaderElection57] INFO  impl.RaftServerImpl (ServerState.java:setLeader(263)) - 3291f544-f1a5-4119-b184-edae5bac4c07:group-3E666E9A241D change Leader from null to 3291f544-f1a5-4119-b184-edae5bac4c07 at term 1 for becomeLeader, leader elected after 5156ms
2019-09-12 10:10:07,078 [3291f544-f1a5-4119-b184-edae5bac4c07:group-3E666E9A241D:LeaderElection57] INFO  server.RaftServerConfigKeys (ConfUtils.java:logGet(43)) - raft.server.staging.catchup.gap = 1000 (default)
2019-09-12 10:10:07,079 [3291f544-f1a5-4119-b184-edae5bac4c07:group-3E666E9A241D:LeaderElection57] INFO  server.RaftServerConfigKeys (ConfUtils.java:logGet(43)) - raft.server.rpc.sleep.time = 25ms (default)
2019-09-12 10:10:07,079 [3291f544-f1a5-4119-b184-edae5bac4c07:group-3E666E9A241D:LeaderElection57] INFO  server.RaftServerConfigKeys (ConfUtils.java:logGet(43)) - raft.server.write.element-limit = 4096 (default)
2019-09-12 10:10:07,079 [3291f544-f1a5-4119-b184-edae5bac4c07:group-3E666E9A241D:LeaderElection57] INFO  server.RaftServerConfigKeys (ConfUtils.java:logGet(43)) - raft.server.watch.timeout = 10s (default)
2019-09-12 10:10:07,079 [3291f544-f1a5-4119-b184-edae5bac4c07:group-3E666E9A241D:LeaderElection57] INFO  server.RaftServerConfigKeys (ConfUtils.java:logGet(43)) - raft.server.watch.timeout.denomination = 1s (default)
2019-09-12 10:10:07,079 [3291f544-f1a5-4119-b184-edae5bac4c07:group-3E666E9A241D:LeaderElection57] INFO  server.RaftServerConfigKeys (ConfUtils.java:logGet(43)) - raft.server.watch.element-limit = 65536 (default)
2019-09-12 10:10:07,079 [3291f544-f1a5-4119-b184-edae5bac4c07:group-3E666E9A241D:LeaderElection57] INFO  impl.RoleInfo (RoleInfo.java:updateAndGet(143)) - 3291f544-f1a5-4119-b184-edae5bac4c07: start LeaderState
2019-09-12 10:10:07,080 [3291f544-f1a5-4119-b184-edae5bac4c07:group-3E666E9A241D:LeaderElection57] INFO  segmented.SegmentedRaftLogWorker (SegmentedRaftLogWorker.java:startLogSegment(380)) - 3291f544-f1a5-4119-b184-edae5bac4c07-SegmentedRaftLogWorker:Storage Directory /workdir/hadoop-ozone/integration-test/target/test-dir/MiniOzoneClusterImpl-afece541-ebdb-408e-b3cb-0c4dcae62716/datanode-0/data/ratis/d15ddd4f-7f3e-45a7-95af-3e666e9a241d: Starting segment from index:0
2019-09-12 10:10:07,080 [3291f544-f1a5-4119-b184-edae5bac4c07:group-3E666E9A241D:LeaderElection57] INFO  impl.RaftServerImpl (ServerState.java:setRaftConf(361)) - 3291f544-f1a5-4119-b184-edae5bac4c07:group-3E666E9A241D set configuration 0: [3291f544-f1a5-4119-b184-edae5bac4c07:192.168.36.114:42981], old=null at 0
2019-09-12 10:10:07,175 [3291f544-f1a5-4119-b184-edae5bac4c07-SegmentedRaftLogWorker:Storage Directory /workdir/hadoop-ozone/integration-test/target/test-dir/MiniOzoneClusterImpl-afece541-ebdb-408e-b3cb-0c4dcae62716/datanode-0/data/ratis/d15ddd4f-7f3e-45a7-95af-3e666e9a241d] INFO  segmented.SegmentedRaftLogWorker (SegmentedRaftLogWorker.java:execute(569)) - 3291f544-f1a5-4119-b184-edae5bac4c07-SegmentedRaftLogWorker:Storage Directory /workdir/hadoop-ozone/integration-test/target/test-dir/MiniOzoneClusterImpl-afece541-ebdb-408e-b3cb-0c4dcae62716/datanode-0/data/ratis/d15ddd4f-7f3e-45a7-95af-3e666e9a241d: created new log segment /workdir/hadoop-ozone/integration-test/target/test-dir/MiniOzoneClusterImpl-afece541-ebdb-408e-b3cb-0c4dcae62716/datanode-0/data/ratis/d15ddd4f-7f3e-45a7-95af-3e666e9a241d/current/log_inprogress_0
2019-09-12 10:10:07,193 [Thread-978] INFO  impl.FollowerState (FollowerState.java:run(106)) - 3291f544-f1a5-4119-b184-edae5bac4c07:group-AF4F9A24F857 changes to CANDIDATE, lastRpcTime:5149, electionTimeout:5149ms
2019-09-12 10:10:07,194 [Thread-978] INFO  impl.RoleInfo (RoleInfo.java:shutdownFollowerState(121)) - 3291f544-f1a5-4119-b184-edae5bac4c07: shutdown FollowerState
2019-09-12 10:10:07,194 [Thread-978] INFO  impl.RaftServerImpl (RaftServerImpl.java:setRole(171)) - 3291f544-f1a5-4119-b184-edae5bac4c07:group-AF4F9A24F857 changes role from FOLLOWER to CANDIDATE at term 0 for changeToCandidate
2019-09-12 10:10:07,194 [Thread-978] INFO  impl.RoleInfo (RoleInfo.java:updateAndGet(143)) - 3291f544-f1a5-4119-b184-edae5bac4c07: start LeaderElection
2019-09-12 10:10:07,250 [3291f544-f1a5-4119-b184-edae5bac4c07:group-AF4F9A24F857:LeaderElection58] INFO  impl.LeaderElection (LeaderElection.java:askForVotes(181)) - 3291f544-f1a5-4119-b184-edae5bac4c07:group-AF4F9A24F857:LeaderElection58: begin an election at term 1 for -1: [3291f544-f1a5-4119-b184-edae5bac4c07:192.168.36.114:42981], old=null
2019-09-12 10:10:07,251 [3291f544-f1a5-4119-b184-edae5bac4c07:group-AF4F9A24F857:LeaderElection58] INFO  impl.RoleInfo (RoleInfo.java:shutdownLeaderElection(134)) - 3291f544-f1a5-4119-b184-edae5bac4c07: shutdown LeaderElection
2019-09-12 10:10:07,251 [3291f544-f1a5-4119-b184-edae5bac4c07:group-AF4F9A24F857:LeaderElection58] INFO  impl.RaftServerImpl (RaftServerImpl.java:setRole(171)) - 3291f544-f1a5-4119-b184-edae5bac4c07:group-AF4F9A24F857 changes role from CANDIDATE to LEADER at term 1 for changeToLeader
2019-09-12 10:10:07,251 [3291f544-f1a5-4119-b184-edae5bac4c07:group-AF4F9A24F857:LeaderElection58] INFO  impl.RaftServerImpl (ServerState.java:setLeader(263)) - 3291f544-f1a5-4119-b184-edae5bac4c07:group-AF4F9A24F857 change Leader from null to 3291f544-f1a5-4119-b184-edae5bac4c07 at term 1 for becomeLeader, leader elected after 5211ms
2019-09-12 10:10:07,251 [3291f544-f1a5-4119-b184-edae5bac4c07:group-AF4F9A24F857:LeaderElection58] INFO  server.RaftServerConfigKeys (ConfUtils.java:logGet(43)) - raft.server.staging.catchup.gap = 1000 (default)
2019-09-12 10:10:07,251 [3291f544-f1a5-4119-b184-edae5bac4c07:group-AF4F9A24F857:LeaderElection58] INFO  server.RaftServerConfigKeys (ConfUtils.java:logGet(43)) - raft.server.rpc.sleep.time = 25ms (default)
2019-09-12 10:10:07,251 [3291f544-f1a5-4119-b184-edae5bac4c07:group-AF4F9A24F857:LeaderElection58] INFO  server.RaftServerConfigKeys (ConfUtils.java:logGet(43)) - raft.server.write.element-limit = 4096 (default)
2019-09-12 10:10:07,252 [3291f544-f1a5-4119-b184-edae5bac4c07:group-AF4F9A24F857:LeaderElection58] INFO  server.RaftServerConfigKeys (ConfUtils.java:logGet(43)) - raft.server.watch.timeout = 10s (default)
2019-09-12 10:10:07,252 [3291f544-f1a5-4119-b184-edae5bac4c07:group-AF4F9A24F857:LeaderElection58] INFO  server.RaftServerConfigKeys (ConfUtils.java:logGet(43)) - raft.server.watch.timeout.denomination = 1s (default)
2019-09-12 10:10:07,252 [3291f544-f1a5-4119-b184-edae5bac4c07:group-AF4F9A24F857:LeaderElection58] INFO  server.RaftServerConfigKeys (ConfUtils.java:logGet(43)) - raft.server.watch.element-limit = 65536 (default)
2019-09-12 10:10:07,252 [3291f544-f1a5-4119-b184-edae5bac4c07:group-AF4F9A24F857:LeaderElection58] INFO  impl.RoleInfo (RoleInfo.java:updateAndGet(143)) - 3291f544-f1a5-4119-b184-edae5bac4c07: start LeaderState
2019-09-12 10:10:07,252 [3291f544-f1a5-4119-b184-edae5bac4c07:group-AF4F9A24F857:LeaderElection58] INFO  segmented.SegmentedRaftLogWorker (SegmentedRaftLogWorker.java:startLogSegment(380)) - 3291f544-f1a5-4119-b184-edae5bac4c07-SegmentedRaftLogWorker:Storage Directory /workdir/hadoop-ozone/integration-test/target/test-dir/MiniOzoneClusterImpl-afece541-ebdb-408e-b3cb-0c4dcae62716/datanode-0/data/ratis/79097633-6bba-46ec-95e4-af4f9a24f857: Starting segment from index:0
2019-09-12 10:10:07,253 [3291f544-f1a5-4119-b184-edae5bac4c07:group-AF4F9A24F857:LeaderElection58] INFO  impl.RaftServerImpl (ServerState.java:setRaftConf(361)) - 3291f544-f1a5-4119-b184-edae5bac4c07:group-AF4F9A24F857 set configuration 0: [3291f544-f1a5-4119-b184-edae5bac4c07:192.168.36.114:42981], old=null at 0
2019-09-12 10:10:07,292 [Thread-981] INFO  impl.FollowerState (FollowerState.java:run(106)) - 3291f544-f1a5-4119-b184-edae5bac4c07:group-702CAAA84A6A changes to CANDIDATE, lastRpcTime:5171, electionTimeout:5171ms
2019-09-12 10:10:07,293 [Thread-981] INFO  impl.RoleInfo (RoleInfo.java:shutdownFollowerState(121)) - 3291f544-f1a5-4119-b184-edae5bac4c07: shutdown FollowerState
2019-09-12 10:10:07,293 [Thread-981] INFO  impl.RaftServerImpl (RaftServerImpl.java:setRole(171)) - 3291f544-f1a5-4119-b184-edae5bac4c07:group-702CAAA84A6A changes role from FOLLOWER to CANDIDATE at term 0 for changeToCandidate
2019-09-12 10:10:07,293 [Thread-981] INFO  impl.RoleInfo (RoleInfo.java:updateAndGet(143)) - 3291f544-f1a5-4119-b184-edae5bac4c07: start LeaderElection
2019-09-12 10:10:07,353 [3291f544-f1a5-4119-b184-edae5bac4c07-SegmentedRaftLogWorker:Storage Directory /workdir/hadoop-ozone/integration-test/target/test-dir/MiniOzoneClusterImpl-afece541-ebdb-408e-b3cb-0c4dcae62716/datanode-0/data/ratis/79097633-6bba-46ec-95e4-af4f9a24f857] INFO  segmented.SegmentedRaftLogWorker (SegmentedRaftLogWorker.java:execute(569)) - 3291f544-f1a5-4119-b184-edae5bac4c07-SegmentedRaftLogWorker:Storage Directory /workdir/hadoop-ozone/integration-test/target/test-dir/MiniOzoneClusterImpl-afece541-ebdb-408e-b3cb-0c4dcae62716/datanode-0/data/ratis/79097633-6bba-46ec-95e4-af4f9a24f857: created new log segment /workdir/hadoop-ozone/integration-test/target/test-dir/MiniOzoneClusterImpl-afece541-ebdb-408e-b3cb-0c4dcae62716/datanode-0/data/ratis/79097633-6bba-46ec-95e4-af4f9a24f857/current/log_inprogress_0
2019-09-12 10:10:07,353 [3291f544-f1a5-4119-b184-edae5bac4c07:group-702CAAA84A6A:LeaderElection59] INFO  impl.LeaderElection (LeaderElection.java:askForVotes(181)) - 3291f544-f1a5-4119-b184-edae5bac4c07:group-702CAAA84A6A:LeaderElection59: begin an election at term 1 for -1: [3291f544-f1a5-4119-b184-edae5bac4c07:192.168.36.114:42981], old=null
2019-09-12 10:10:07,354 [3291f544-f1a5-4119-b184-edae5bac4c07:group-702CAAA84A6A:LeaderElection59] INFO  impl.RoleInfo (RoleInfo.java:shutdownLeaderElection(134)) - 3291f544-f1a5-4119-b184-edae5bac4c07: shutdown LeaderElection
2019-09-12 10:10:07,354 [3291f544-f1a5-4119-b184-edae5bac4c07:group-702CAAA84A6A:LeaderElection59] INFO  impl.RaftServerImpl (RaftServerImpl.java:setRole(171)) - 3291f544-f1a5-4119-b184-edae5bac4c07:group-702CAAA84A6A changes role from CANDIDATE to LEADER at term 1 for changeToLeader
2019-09-12 10:10:07,354 [3291f544-f1a5-4119-b184-edae5bac4c07:group-702CAAA84A6A:LeaderElection59] INFO  impl.RaftServerImpl (ServerState.java:setLeader(263)) - 3291f544-f1a5-4119-b184-edae5bac4c07:group-702CAAA84A6A change Leader from null to 3291f544-f1a5-4119-b184-edae5bac4c07 at term 1 for becomeLeader, leader elected after 5236ms
2019-09-12 10:10:07,354 [3291f544-f1a5-4119-b184-edae5bac4c07:group-702CAAA84A6A:LeaderElection59] INFO  server.RaftServerConfigKeys (ConfUtils.java:logGet(43)) - raft.server.staging.catchup.gap = 1000 (default)
2019-09-12 10:10:07,354 [3291f544-f1a5-4119-b184-edae5bac4c07:group-702CAAA84A6A:LeaderElection59] INFO  server.RaftServerConfigKeys (ConfUtils.java:logGet(43)) - raft.server.rpc.sleep.time = 25ms (default)
2019-09-12 10:10:07,355 [3291f544-f1a5-4119-b184-edae5bac4c07:group-702CAAA84A6A:LeaderElection59] INFO  server.RaftServerConfigKeys (ConfUtils.java:logGet(43)) - raft.server.write.element-limit = 4096 (default)
2019-09-12 10:10:07,355 [3291f544-f1a5-4119-b184-edae5bac4c07:group-702CAAA84A6A:LeaderElection59] INFO  server.RaftServerConfigKeys (ConfUtils.java:logGet(43)) - raft.server.watch.timeout = 10s (default)
2019-09-12 10:10:07,355 [3291f544-f1a5-4119-b184-edae5bac4c07:group-702CAAA84A6A:LeaderElection59] INFO  server.RaftServerConfigKeys (ConfUtils.java:logGet(43)) - raft.server.watch.timeout.denomination = 1s (default)
2019-09-12 10:10:07,355 [3291f544-f1a5-4119-b184-edae5bac4c07:group-702CAAA84A6A:LeaderElection59] INFO  server.RaftServerConfigKeys (ConfUtils.java:logGet(43)) - raft.server.watch.element-limit = 65536 (default)
2019-09-12 10:10:07,355 [3291f544-f1a5-4119-b184-edae5bac4c07:group-702CAAA84A6A:LeaderElection59] INFO  impl.RoleInfo (RoleInfo.java:updateAndGet(143)) - 3291f544-f1a5-4119-b184-edae5bac4c07: start LeaderState
2019-09-12 10:10:07,356 [3291f544-f1a5-4119-b184-edae5bac4c07:group-702CAAA84A6A:LeaderElection59] INFO  segmented.SegmentedRaftLogWorker (SegmentedRaftLogWorker.java:startLogSegment(380)) - 3291f544-f1a5-4119-b184-edae5bac4c07-SegmentedRaftLogWorker:Storage Directory /workdir/hadoop-ozone/integration-test/target/test-dir/MiniOzoneClusterImpl-afece541-ebdb-408e-b3cb-0c4dcae62716/datanode-0/data/ratis/cf1d3fe6-3ba9-43cd-9065-702caaa84a6a: Starting segment from index:0
2019-09-12 10:10:07,356 [3291f544-f1a5-4119-b184-edae5bac4c07:group-702CAAA84A6A:LeaderElection59] INFO  impl.RaftServerImpl (ServerState.java:setRaftConf(361)) - 3291f544-f1a5-4119-b184-edae5bac4c07:group-702CAAA84A6A set configuration 0: [3291f544-f1a5-4119-b184-edae5bac4c07:192.168.36.114:42981], old=null at 0
2019-09-12 10:10:07,380 [Thread-984] INFO  impl.FollowerState (FollowerState.java:run(106)) - aab15dc4-7b32-43e5-ad59-c8341f2a8016:group-32DC5938082C changes to CANDIDATE, lastRpcTime:5121, electionTimeout:5121ms
2019-09-12 10:10:07,381 [Thread-984] INFO  impl.RoleInfo (RoleInfo.java:shutdownFollowerState(121)) - aab15dc4-7b32-43e5-ad59-c8341f2a8016: shutdown FollowerState
2019-09-12 10:10:07,381 [Thread-984] INFO  impl.RaftServerImpl (RaftServerImpl.java:setRole(171)) - aab15dc4-7b32-43e5-ad59-c8341f2a8016:group-32DC5938082C changes role from FOLLOWER to CANDIDATE at term 0 for changeToCandidate
2019-09-12 10:10:07,381 [Thread-984] INFO  impl.RoleInfo (RoleInfo.java:updateAndGet(143)) - aab15dc4-7b32-43e5-ad59-c8341f2a8016: start LeaderElection
2019-09-12 10:10:07,472 [3291f544-f1a5-4119-b184-edae5bac4c07-SegmentedRaftLogWorker:Storage Directory /workdir/hadoop-ozone/integration-test/target/test-dir/MiniOzoneClusterImpl-afece541-ebdb-408e-b3cb-0c4dcae62716/datanode-0/data/ratis/cf1d3fe6-3ba9-43cd-9065-702caaa84a6a] INFO  segmented.SegmentedRaftLogWorker (SegmentedRaftLogWorker.java:execute(569)) - 3291f544-f1a5-4119-b184-edae5bac4c07-SegmentedRaftLogWorker:Storage Directory /workdir/hadoop-ozone/integration-test/target/test-dir/MiniOzoneClusterImpl-afece541-ebdb-408e-b3cb-0c4dcae62716/datanode-0/data/ratis/cf1d3fe6-3ba9-43cd-9065-702caaa84a6a: created new log segment /workdir/hadoop-ozone/integration-test/target/test-dir/MiniOzoneClusterImpl-afece541-ebdb-408e-b3cb-0c4dcae62716/datanode-0/data/ratis/cf1d3fe6-3ba9-43cd-9065-702caaa84a6a/current/log_inprogress_0
2019-09-12 10:10:07,472 [aab15dc4-7b32-43e5-ad59-c8341f2a8016:group-32DC5938082C:LeaderElection60] INFO  impl.LeaderElection (LeaderElection.java:askForVotes(181)) - aab15dc4-7b32-43e5-ad59-c8341f2a8016:group-32DC5938082C:LeaderElection60: begin an election at term 1 for -1: [aab15dc4-7b32-43e5-ad59-c8341f2a8016:192.168.36.114:46566], old=null
2019-09-12 10:10:07,472 [aab15dc4-7b32-43e5-ad59-c8341f2a8016:group-32DC5938082C:LeaderElection60] INFO  impl.RoleInfo (RoleInfo.java:shutdownLeaderElection(134)) - aab15dc4-7b32-43e5-ad59-c8341f2a8016: shutdown LeaderElection
2019-09-12 10:10:07,472 [aab15dc4-7b32-43e5-ad59-c8341f2a8016:group-32DC5938082C:LeaderElection60] INFO  impl.RaftServerImpl (RaftServerImpl.java:setRole(171)) - aab15dc4-7b32-43e5-ad59-c8341f2a8016:group-32DC5938082C changes role from CANDIDATE to LEADER at term 1 for changeToLeader
2019-09-12 10:10:07,472 [aab15dc4-7b32-43e5-ad59-c8341f2a8016:group-32DC5938082C:LeaderElection60] INFO  impl.RaftServerImpl (ServerState.java:setLeader(263)) - aab15dc4-7b32-43e5-ad59-c8341f2a8016:group-32DC5938082C change Leader from null to aab15dc4-7b32-43e5-ad59-c8341f2a8016 at term 1 for becomeLeader, leader elected after 5217ms
2019-09-12 10:10:07,473 [aab15dc4-7b32-43e5-ad59-c8341f2a8016:group-32DC5938082C:LeaderElection60] INFO  server.RaftServerConfigKeys (ConfUtils.java:logGet(43)) - raft.server.staging.catchup.gap = 1000 (default)
2019-09-12 10:10:07,473 [aab15dc4-7b32-43e5-ad59-c8341f2a8016:group-32DC5938082C:LeaderElection60] INFO  server.RaftServerConfigKeys (ConfUtils.java:logGet(43)) - raft.server.rpc.sleep.time = 25ms (default)
2019-09-12 10:10:07,473 [aab15dc4-7b32-43e5-ad59-c8341f2a8016:group-32DC5938082C:LeaderElection60] INFO  server.RaftServerConfigKeys (ConfUtils.java:logGet(43)) - raft.server.write.element-limit = 4096 (default)
2019-09-12 10:10:07,473 [aab15dc4-7b32-43e5-ad59-c8341f2a8016:group-32DC5938082C:LeaderElection60] INFO  server.RaftServerConfigKeys (ConfUtils.java:logGet(43)) - raft.server.watch.timeout = 10s (default)
2019-09-12 10:10:07,473 [aab15dc4-7b32-43e5-ad59-c8341f2a8016:group-32DC5938082C:LeaderElection60] INFO  server.RaftServerConfigKeys (ConfUtils.java:logGet(43)) - raft.server.watch.timeout.denomination = 1s (default)
2019-09-12 10:10:07,473 [aab15dc4-7b32-43e5-ad59-c8341f2a8016:group-32DC5938082C:LeaderElection60] INFO  server.RaftServerConfigKeys (ConfUtils.java:logGet(43)) - raft.server.watch.element-limit = 65536 (default)
2019-09-12 10:10:07,473 [aab15dc4-7b32-43e5-ad59-c8341f2a8016:group-32DC5938082C:LeaderElection60] INFO  impl.RoleInfo (RoleInfo.java:updateAndGet(143)) - aab15dc4-7b32-43e5-ad59-c8341f2a8016: start LeaderState
2019-09-12 10:10:07,473 [aab15dc4-7b32-43e5-ad59-c8341f2a8016:group-32DC5938082C:LeaderElection60] INFO  segmented.SegmentedRaftLogWorker (SegmentedRaftLogWorker.java:startLogSegment(380)) - aab15dc4-7b32-43e5-ad59-c8341f2a8016-SegmentedRaftLogWorker:Storage Directory /workdir/hadoop-ozone/integration-test/target/test-dir/MiniOzoneClusterImpl-afece541-ebdb-408e-b3cb-0c4dcae62716/datanode-1/data/ratis/569e25ee-0818-4659-9e9a-32dc5938082c: Starting segment from index:0
2019-09-12 10:10:07,474 [aab15dc4-7b32-43e5-ad59-c8341f2a8016:group-32DC5938082C:LeaderElection60] INFO  impl.RaftServerImpl (ServerState.java:setRaftConf(361)) - aab15dc4-7b32-43e5-ad59-c8341f2a8016:group-32DC5938082C set configuration 0: [aab15dc4-7b32-43e5-ad59-c8341f2a8016:192.168.36.114:46566], old=null at 0
2019-09-12 10:10:07,509 [Thread-987] INFO  impl.FollowerState (FollowerState.java:run(106)) - 004fc30c-f0ab-42da-b88f-ff2f3e6aa886:group-523C28B83363 changes to CANDIDATE, lastRpcTime:5134, electionTimeout:5134ms
2019-09-12 10:10:07,509 [Thread-987] INFO  impl.RoleInfo (RoleInfo.java:shutdownFollowerState(121)) - 004fc30c-f0ab-42da-b88f-ff2f3e6aa886: shutdown FollowerState
2019-09-12 10:10:07,510 [Thread-987] INFO  impl.RaftServerImpl (RaftServerImpl.java:setRole(171)) - 004fc30c-f0ab-42da-b88f-ff2f3e6aa886:group-523C28B83363 changes role from FOLLOWER to CANDIDATE at term 0 for changeToCandidate
2019-09-12 10:10:07,510 [Thread-987] INFO  impl.RoleInfo (RoleInfo.java:updateAndGet(143)) - 004fc30c-f0ab-42da-b88f-ff2f3e6aa886: start LeaderElection
2019-09-12 10:10:07,535 [aab15dc4-7b32-43e5-ad59-c8341f2a8016-SegmentedRaftLogWorker:Storage Directory /workdir/hadoop-ozone/integration-test/target/test-dir/MiniOzoneClusterImpl-afece541-ebdb-408e-b3cb-0c4dcae62716/datanode-1/data/ratis/569e25ee-0818-4659-9e9a-32dc5938082c] INFO  segmented.SegmentedRaftLogWorker (SegmentedRaftLogWorker.java:execute(569)) - aab15dc4-7b32-43e5-ad59-c8341f2a8016-SegmentedRaftLogWorker:Storage Directory /workdir/hadoop-ozone/integration-test/target/test-dir/MiniOzoneClusterImpl-afece541-ebdb-408e-b3cb-0c4dcae62716/datanode-1/data/ratis/569e25ee-0818-4659-9e9a-32dc5938082c: created new log segment /workdir/hadoop-ozone/integration-test/target/test-dir/MiniOzoneClusterImpl-afece541-ebdb-408e-b3cb-0c4dcae62716/datanode-1/data/ratis/569e25ee-0818-4659-9e9a-32dc5938082c/current/log_inprogress_0
2019-09-12 10:10:07,535 [004fc30c-f0ab-42da-b88f-ff2f3e6aa886:group-523C28B83363:LeaderElection61] INFO  impl.LeaderElection (LeaderElection.java:askForVotes(181)) - 004fc30c-f0ab-42da-b88f-ff2f3e6aa886:group-523C28B83363:LeaderElection61: begin an election at term 1 for -1: [004fc30c-f0ab-42da-b88f-ff2f3e6aa886:192.168.36.114:44994], old=null
2019-09-12 10:10:07,535 [004fc30c-f0ab-42da-b88f-ff2f3e6aa886:group-523C28B83363:LeaderElection61] INFO  impl.RoleInfo (RoleInfo.java:shutdownLeaderElection(134)) - 004fc30c-f0ab-42da-b88f-ff2f3e6aa886: shutdown LeaderElection
2019-09-12 10:10:07,535 [004fc30c-f0ab-42da-b88f-ff2f3e6aa886:group-523C28B83363:LeaderElection61] INFO  impl.RaftServerImpl (RaftServerImpl.java:setRole(171)) - 004fc30c-f0ab-42da-b88f-ff2f3e6aa886:group-523C28B83363 changes role from CANDIDATE to LEADER at term 1 for changeToLeader
2019-09-12 10:10:07,536 [004fc30c-f0ab-42da-b88f-ff2f3e6aa886:group-523C28B83363:LeaderElection61] INFO  impl.RaftServerImpl (ServerState.java:setLeader(263)) - 004fc30c-f0ab-42da-b88f-ff2f3e6aa886:group-523C28B83363 change Leader from null to 004fc30c-f0ab-42da-b88f-ff2f3e6aa886 at term 1 for becomeLeader, leader elected after 5165ms
2019-09-12 10:10:07,536 [004fc30c-f0ab-42da-b88f-ff2f3e6aa886:group-523C28B83363:LeaderElection61] INFO  server.RaftServerConfigKeys (ConfUtils.java:logGet(43)) - raft.server.staging.catchup.gap = 1000 (default)
2019-09-12 10:10:07,536 [004fc30c-f0ab-42da-b88f-ff2f3e6aa886:group-523C28B83363:LeaderElection61] INFO  server.RaftServerConfigKeys (ConfUtils.java:logGet(43)) - raft.server.rpc.sleep.time = 25ms (default)
2019-09-12 10:10:07,536 [004fc30c-f0ab-42da-b88f-ff2f3e6aa886:group-523C28B83363:LeaderElection61] INFO  server.RaftServerConfigKeys (ConfUtils.java:logGet(43)) - raft.server.write.element-limit = 4096 (default)
2019-09-12 10:10:07,536 [004fc30c-f0ab-42da-b88f-ff2f3e6aa886:group-523C28B83363:LeaderElection61] INFO  server.RaftServerConfigKeys (ConfUtils.java:logGet(43)) - raft.server.watch.timeout = 10s (default)
2019-09-12 10:10:07,536 [004fc30c-f0ab-42da-b88f-ff2f3e6aa886:group-523C28B83363:LeaderElection61] INFO  server.RaftServerConfigKeys (ConfUtils.java:logGet(43)) - raft.server.watch.timeout.denomination = 1s (default)
2019-09-12 10:10:07,536 [004fc30c-f0ab-42da-b88f-ff2f3e6aa886:group-523C28B83363:LeaderElection61] INFO  server.RaftServerConfigKeys (ConfUtils.java:logGet(43)) - raft.server.watch.element-limit = 65536 (default)
2019-09-12 10:10:07,536 [004fc30c-f0ab-42da-b88f-ff2f3e6aa886:group-523C28B83363:LeaderElection61] INFO  impl.RoleInfo (RoleInfo.java:updateAndGet(143)) - 004fc30c-f0ab-42da-b88f-ff2f3e6aa886: start LeaderState
2019-09-12 10:10:07,536 [004fc30c-f0ab-42da-b88f-ff2f3e6aa886:group-523C28B83363:LeaderElection61] INFO  segmented.SegmentedRaftLogWorker (SegmentedRaftLogWorker.java:startLogSegment(380)) - 004fc30c-f0ab-42da-b88f-ff2f3e6aa886-SegmentedRaftLogWorker:Storage Directory /workdir/hadoop-ozone/integration-test/target/test-dir/MiniOzoneClusterImpl-afece541-ebdb-408e-b3cb-0c4dcae62716/datanode-2/data/ratis/eb2cbed7-9743-4ee9-a716-523c28b83363: Starting segment from index:0
2019-09-12 10:10:07,537 [004fc30c-f0ab-42da-b88f-ff2f3e6aa886:group-523C28B83363:LeaderElection61] INFO  impl.RaftServerImpl (ServerState.java:setRaftConf(361)) - 004fc30c-f0ab-42da-b88f-ff2f3e6aa886:group-523C28B83363 set configuration 0: [004fc30c-f0ab-42da-b88f-ff2f3e6aa886:192.168.36.114:44994], old=null at 0
2019-09-12 10:10:07,578 [004fc30c-f0ab-42da-b88f-ff2f3e6aa886-SegmentedRaftLogWorker:Storage Directory /workdir/hadoop-ozone/integration-test/target/test-dir/MiniOzoneClusterImpl-afece541-ebdb-408e-b3cb-0c4dcae62716/datanode-2/data/ratis/eb2cbed7-9743-4ee9-a716-523c28b83363] INFO  segmented.SegmentedRaftLogWorker (SegmentedRaftLogWorker.java:execute(569)) - 004fc30c-f0ab-42da-b88f-ff2f3e6aa886-SegmentedRaftLogWorker:Storage Directory /workdir/hadoop-ozone/integration-test/target/test-dir/MiniOzoneClusterImpl-afece541-ebdb-408e-b3cb-0c4dcae62716/datanode-2/data/ratis/eb2cbed7-9743-4ee9-a716-523c28b83363: created new log segment /workdir/hadoop-ozone/integration-test/target/test-dir/MiniOzoneClusterImpl-afece541-ebdb-408e-b3cb-0c4dcae62716/datanode-2/data/ratis/eb2cbed7-9743-4ee9-a716-523c28b83363/current/log_inprogress_0
2019-09-12 10:10:07,593 [Thread-990] INFO  impl.FollowerState (FollowerState.java:run(106)) - aab15dc4-7b32-43e5-ad59-c8341f2a8016:group-3446C915B006 changes to CANDIDATE, lastRpcTime:5090, electionTimeout:5090ms
2019-09-12 10:10:07,593 [Thread-990] INFO  impl.RoleInfo (RoleInfo.java:shutdownFollowerState(121)) - aab15dc4-7b32-43e5-ad59-c8341f2a8016: shutdown FollowerState
2019-09-12 10:10:07,593 [Thread-990] INFO  impl.RaftServerImpl (RaftServerImpl.java:setRole(171)) - aab15dc4-7b32-43e5-ad59-c8341f2a8016:group-3446C915B006 changes role from FOLLOWER to CANDIDATE at term 0 for changeToCandidate
2019-09-12 10:10:07,593 [Thread-990] INFO  impl.RoleInfo (RoleInfo.java:updateAndGet(143)) - aab15dc4-7b32-43e5-ad59-c8341f2a8016: start LeaderElection
2019-09-12 10:10:07,633 [aab15dc4-7b32-43e5-ad59-c8341f2a8016:group-3446C915B006:LeaderElection62] INFO  impl.LeaderElection (LeaderElection.java:askForVotes(181)) - aab15dc4-7b32-43e5-ad59-c8341f2a8016:group-3446C915B006:LeaderElection62: begin an election at term 1 for -1: [aab15dc4-7b32-43e5-ad59-c8341f2a8016:192.168.36.114:46566], old=null
2019-09-12 10:10:07,633 [aab15dc4-7b32-43e5-ad59-c8341f2a8016:group-3446C915B006:LeaderElection62] INFO  impl.RoleInfo (RoleInfo.java:shutdownLeaderElection(134)) - aab15dc4-7b32-43e5-ad59-c8341f2a8016: shutdown LeaderElection
2019-09-12 10:10:07,634 [aab15dc4-7b32-43e5-ad59-c8341f2a8016:group-3446C915B006:LeaderElection62] INFO  impl.RaftServerImpl (RaftServerImpl.java:setRole(171)) - aab15dc4-7b32-43e5-ad59-c8341f2a8016:group-3446C915B006 changes role from CANDIDATE to LEADER at term 1 for changeToLeader
2019-09-12 10:10:07,634 [aab15dc4-7b32-43e5-ad59-c8341f2a8016:group-3446C915B006:LeaderElection62] INFO  impl.RaftServerImpl (ServerState.java:setLeader(263)) - aab15dc4-7b32-43e5-ad59-c8341f2a8016:group-3446C915B006 change Leader from null to aab15dc4-7b32-43e5-ad59-c8341f2a8016 at term 1 for becomeLeader, leader elected after 5134ms
2019-09-12 10:10:07,634 [aab15dc4-7b32-43e5-ad59-c8341f2a8016:group-3446C915B006:LeaderElection62] INFO  server.RaftServerConfigKeys (ConfUtils.java:logGet(43)) - raft.server.staging.catchup.gap = 1000 (default)
2019-09-12 10:10:07,634 [aab15dc4-7b32-43e5-ad59-c8341f2a8016:group-3446C915B006:LeaderElection62] INFO  server.RaftServerConfigKeys (ConfUtils.java:logGet(43)) - raft.server.rpc.sleep.time = 25ms (default)
2019-09-12 10:10:07,634 [aab15dc4-7b32-43e5-ad59-c8341f2a8016:group-3446C915B006:LeaderElection62] INFO  server.RaftServerConfigKeys (ConfUtils.java:logGet(43)) - raft.server.write.element-limit = 4096 (default)
2019-09-12 10:10:07,634 [aab15dc4-7b32-43e5-ad59-c8341f2a8016:group-3446C915B006:LeaderElection62] INFO  server.RaftServerConfigKeys (ConfUtils.java:logGet(43)) - raft.server.watch.timeout = 10s (default)
2019-09-12 10:10:07,634 [aab15dc4-7b32-43e5-ad59-c8341f2a8016:group-3446C915B006:LeaderElection62] INFO  server.RaftServerConfigKeys (ConfUtils.java:logGet(43)) - raft.server.watch.timeout.denomination = 1s (default)
2019-09-12 10:10:07,634 [aab15dc4-7b32-43e5-ad59-c8341f2a8016:group-3446C915B006:LeaderElection62] INFO  server.RaftServerConfigKeys (ConfUtils.java:logGet(43)) - raft.server.watch.element-limit = 65536 (default)
2019-09-12 10:10:07,634 [aab15dc4-7b32-43e5-ad59-c8341f2a8016:group-3446C915B006:LeaderElection62] INFO  impl.RoleInfo (RoleInfo.java:updateAndGet(143)) - aab15dc4-7b32-43e5-ad59-c8341f2a8016: start LeaderState
2019-09-12 10:10:07,635 [aab15dc4-7b32-43e5-ad59-c8341f2a8016:group-3446C915B006:LeaderElection62] INFO  segmented.SegmentedRaftLogWorker (SegmentedRaftLogWorker.java:startLogSegment(380)) - aab15dc4-7b32-43e5-ad59-c8341f2a8016-SegmentedRaftLogWorker:Storage Directory /workdir/hadoop-ozone/integration-test/target/test-dir/MiniOzoneClusterImpl-afece541-ebdb-408e-b3cb-0c4dcae62716/datanode-1/data/ratis/75d817ce-dcce-4a8d-8e3a-3446c915b006: Starting segment from index:0
2019-09-12 10:10:07,635 [aab15dc4-7b32-43e5-ad59-c8341f2a8016:group-3446C915B006:LeaderElection62] INFO  impl.RaftServerImpl (ServerState.java:setRaftConf(361)) - aab15dc4-7b32-43e5-ad59-c8341f2a8016:group-3446C915B006 set configuration 0: [aab15dc4-7b32-43e5-ad59-c8341f2a8016:192.168.36.114:46566], old=null at 0
2019-09-12 10:10:07,651 [Thread-993] INFO  impl.FollowerState (FollowerState.java:run(106)) - aab15dc4-7b32-43e5-ad59-c8341f2a8016:group-EC978D3ADE55 changes to CANDIDATE, lastRpcTime:5048, electionTimeout:5048ms
2019-09-12 10:10:07,651 [Thread-993] INFO  impl.RoleInfo (RoleInfo.java:shutdownFollowerState(121)) - aab15dc4-7b32-43e5-ad59-c8341f2a8016: shutdown FollowerState
2019-09-12 10:10:07,651 [Thread-993] INFO  impl.RaftServerImpl (RaftServerImpl.java:setRole(171)) - aab15dc4-7b32-43e5-ad59-c8341f2a8016:group-EC978D3ADE55 changes role from FOLLOWER to CANDIDATE at term 0 for changeToCandidate
2019-09-12 10:10:07,651 [Thread-993] INFO  impl.RoleInfo (RoleInfo.java:updateAndGet(143)) - aab15dc4-7b32-43e5-ad59-c8341f2a8016: start LeaderElection
2019-09-12 10:10:07,670 [aab15dc4-7b32-43e5-ad59-c8341f2a8016-SegmentedRaftLogWorker:Storage Directory /workdir/hadoop-ozone/integration-test/target/test-dir/MiniOzoneClusterImpl-afece541-ebdb-408e-b3cb-0c4dcae62716/datanode-1/data/ratis/75d817ce-dcce-4a8d-8e3a-3446c915b006] INFO  segmented.SegmentedRaftLogWorker (SegmentedRaftLogWorker.java:execute(569)) - aab15dc4-7b32-43e5-ad59-c8341f2a8016-SegmentedRaftLogWorker:Storage Directory /workdir/hadoop-ozone/integration-test/target/test-dir/MiniOzoneClusterImpl-afece541-ebdb-408e-b3cb-0c4dcae62716/datanode-1/data/ratis/75d817ce-dcce-4a8d-8e3a-3446c915b006: created new log segment /workdir/hadoop-ozone/integration-test/target/test-dir/MiniOzoneClusterImpl-afece541-ebdb-408e-b3cb-0c4dcae62716/datanode-1/data/ratis/75d817ce-dcce-4a8d-8e3a-3446c915b006/current/log_inprogress_0
2019-09-12 10:10:07,670 [aab15dc4-7b32-43e5-ad59-c8341f2a8016:group-EC978D3ADE55:LeaderElection63] INFO  impl.LeaderElection (LeaderElection.java:askForVotes(181)) - aab15dc4-7b32-43e5-ad59-c8341f2a8016:group-EC978D3ADE55:LeaderElection63: begin an election at term 1 for -1: [aab15dc4-7b32-43e5-ad59-c8341f2a8016:192.168.36.114:46566], old=null
2019-09-12 10:10:07,671 [aab15dc4-7b32-43e5-ad59-c8341f2a8016:group-EC978D3ADE55:LeaderElection63] INFO  impl.RoleInfo (RoleInfo.java:shutdownLeaderElection(134)) - aab15dc4-7b32-43e5-ad59-c8341f2a8016: shutdown LeaderElection
2019-09-12 10:10:07,671 [aab15dc4-7b32-43e5-ad59-c8341f2a8016:group-EC978D3ADE55:LeaderElection63] INFO  impl.RaftServerImpl (RaftServerImpl.java:setRole(171)) - aab15dc4-7b32-43e5-ad59-c8341f2a8016:group-EC978D3ADE55 changes role from CANDIDATE to LEADER at term 1 for changeToLeader
2019-09-12 10:10:07,671 [aab15dc4-7b32-43e5-ad59-c8341f2a8016:group-EC978D3ADE55:LeaderElection63] INFO  impl.RaftServerImpl (ServerState.java:setLeader(263)) - aab15dc4-7b32-43e5-ad59-c8341f2a8016:group-EC978D3ADE55 change Leader from null to aab15dc4-7b32-43e5-ad59-c8341f2a8016 at term 1 for becomeLeader, leader elected after 5071ms
2019-09-12 10:10:07,671 [aab15dc4-7b32-43e5-ad59-c8341f2a8016:group-EC978D3ADE55:LeaderElection63] INFO  server.RaftServerConfigKeys (ConfUtils.java:logGet(43)) - raft.server.staging.catchup.gap = 1000 (default)
2019-09-12 10:10:07,671 [aab15dc4-7b32-43e5-ad59-c8341f2a8016:group-EC978D3ADE55:LeaderElection63] INFO  server.RaftServerConfigKeys (ConfUtils.java:logGet(43)) - raft.server.rpc.sleep.time = 25ms (default)
2019-09-12 10:10:07,671 [aab15dc4-7b32-43e5-ad59-c8341f2a8016:group-EC978D3ADE55:LeaderElection63] INFO  server.RaftServerConfigKeys (ConfUtils.java:logGet(43)) - raft.server.write.element-limit = 4096 (default)
2019-09-12 10:10:07,671 [aab15dc4-7b32-43e5-ad59-c8341f2a8016:group-EC978D3ADE55:LeaderElection63] INFO  server.RaftServerConfigKeys (ConfUtils.java:logGet(43)) - raft.server.watch.timeout = 10s (default)
2019-09-12 10:10:07,671 [aab15dc4-7b32-43e5-ad59-c8341f2a8016:group-EC978D3ADE55:LeaderElection63] INFO  server.RaftServerConfigKeys (ConfUtils.java:logGet(43)) - raft.server.watch.timeout.denomination = 1s (default)
2019-09-12 10:10:07,671 [aab15dc4-7b32-43e5-ad59-c8341f2a8016:group-EC978D3ADE55:LeaderElection63] INFO  server.RaftServerConfigKeys (ConfUtils.java:logGet(43)) - raft.server.watch.element-limit = 65536 (default)
2019-09-12 10:10:07,672 [aab15dc4-7b32-43e5-ad59-c8341f2a8016:group-EC978D3ADE55:LeaderElection63] INFO  impl.RoleInfo (RoleInfo.java:updateAndGet(143)) - aab15dc4-7b32-43e5-ad59-c8341f2a8016: start LeaderState
2019-09-12 10:10:07,672 [aab15dc4-7b32-43e5-ad59-c8341f2a8016:group-EC978D3ADE55:LeaderElection63] INFO  segmented.SegmentedRaftLogWorker (SegmentedRaftLogWorker.java:startLogSegment(380)) - aab15dc4-7b32-43e5-ad59-c8341f2a8016-SegmentedRaftLogWorker:Storage Directory /workdir/hadoop-ozone/integration-test/target/test-dir/MiniOzoneClusterImpl-afece541-ebdb-408e-b3cb-0c4dcae62716/datanode-1/data/ratis/9ec2b7f5-1ad9-4f3e-b71c-ec978d3ade55: Starting segment from index:0
2019-09-12 10:10:07,672 [aab15dc4-7b32-43e5-ad59-c8341f2a8016:group-EC978D3ADE55:LeaderElection63] INFO  impl.RaftServerImpl (ServerState.java:setRaftConf(361)) - aab15dc4-7b32-43e5-ad59-c8341f2a8016:group-EC978D3ADE55 set configuration 0: [aab15dc4-7b32-43e5-ad59-c8341f2a8016:192.168.36.114:46566], old=null at 0
2019-09-12 10:10:07,758 [Thread-996] INFO  impl.FollowerState (FollowerState.java:run(106)) - 004fc30c-f0ab-42da-b88f-ff2f3e6aa886:group-894CA12844C0 changes to CANDIDATE, lastRpcTime:5041, electionTimeout:5041ms
2019-09-12 10:10:07,758 [Thread-996] INFO  impl.RoleInfo (RoleInfo.java:shutdownFollowerState(121)) - 004fc30c-f0ab-42da-b88f-ff2f3e6aa886: shutdown FollowerState
2019-09-12 10:10:07,758 [Thread-996] INFO  impl.RaftServerImpl (RaftServerImpl.java:setRole(171)) - 004fc30c-f0ab-42da-b88f-ff2f3e6aa886:group-894CA12844C0 changes role from FOLLOWER to CANDIDATE at term 0 for changeToCandidate
2019-09-12 10:10:07,758 [Thread-996] INFO  impl.RoleInfo (RoleInfo.java:updateAndGet(143)) - 004fc30c-f0ab-42da-b88f-ff2f3e6aa886: start LeaderElection
2019-09-12 10:10:07,787 [aab15dc4-7b32-43e5-ad59-c8341f2a8016-SegmentedRaftLogWorker:Storage Directory /workdir/hadoop-ozone/integration-test/target/test-dir/MiniOzoneClusterImpl-afece541-ebdb-408e-b3cb-0c4dcae62716/datanode-1/data/ratis/9ec2b7f5-1ad9-4f3e-b71c-ec978d3ade55] INFO  segmented.SegmentedRaftLogWorker (SegmentedRaftLogWorker.java:execute(569)) - aab15dc4-7b32-43e5-ad59-c8341f2a8016-SegmentedRaftLogWorker:Storage Directory /workdir/hadoop-ozone/integration-test/target/test-dir/MiniOzoneClusterImpl-afece541-ebdb-408e-b3cb-0c4dcae62716/datanode-1/data/ratis/9ec2b7f5-1ad9-4f3e-b71c-ec978d3ade55: created new log segment /workdir/hadoop-ozone/integration-test/target/test-dir/MiniOzoneClusterImpl-afece541-ebdb-408e-b3cb-0c4dcae62716/datanode-1/data/ratis/9ec2b7f5-1ad9-4f3e-b71c-ec978d3ade55/current/log_inprogress_0
2019-09-12 10:10:07,818 [004fc30c-f0ab-42da-b88f-ff2f3e6aa886:group-894CA12844C0:LeaderElection64] INFO  impl.LeaderElection (LeaderElection.java:askForVotes(181)) - 004fc30c-f0ab-42da-b88f-ff2f3e6aa886:group-894CA12844C0:LeaderElection64: begin an election at term 1 for -1: [004fc30c-f0ab-42da-b88f-ff2f3e6aa886:192.168.36.114:44994], old=null
2019-09-12 10:10:07,818 [004fc30c-f0ab-42da-b88f-ff2f3e6aa886:group-894CA12844C0:LeaderElection64] INFO  impl.RoleInfo (RoleInfo.java:shutdownLeaderElection(134)) - 004fc30c-f0ab-42da-b88f-ff2f3e6aa886: shutdown LeaderElection
2019-09-12 10:10:07,818 [004fc30c-f0ab-42da-b88f-ff2f3e6aa886:group-894CA12844C0:LeaderElection64] INFO  impl.RaftServerImpl (RaftServerImpl.java:setRole(171)) - 004fc30c-f0ab-42da-b88f-ff2f3e6aa886:group-894CA12844C0 changes role from CANDIDATE to LEADER at term 1 for changeToLeader
2019-09-12 10:10:07,818 [004fc30c-f0ab-42da-b88f-ff2f3e6aa886:group-894CA12844C0:LeaderElection64] INFO  impl.RaftServerImpl (ServerState.java:setLeader(263)) - 004fc30c-f0ab-42da-b88f-ff2f3e6aa886:group-894CA12844C0 change Leader from null to 004fc30c-f0ab-42da-b88f-ff2f3e6aa886 at term 1 for becomeLeader, leader elected after 5106ms
2019-09-12 10:10:07,819 [004fc30c-f0ab-42da-b88f-ff2f3e6aa886:group-894CA12844C0:LeaderElection64] INFO  server.RaftServerConfigKeys (ConfUtils.java:logGet(43)) - raft.server.staging.catchup.gap = 1000 (default)
2019-09-12 10:10:07,819 [004fc30c-f0ab-42da-b88f-ff2f3e6aa886:group-894CA12844C0:LeaderElection64] INFO  server.RaftServerConfigKeys (ConfUtils.java:logGet(43)) - raft.server.rpc.sleep.time = 25ms (default)
2019-09-12 10:10:07,819 [004fc30c-f0ab-42da-b88f-ff2f3e6aa886:group-894CA12844C0:LeaderElection64] INFO  server.RaftServerConfigKeys (ConfUtils.java:logGet(43)) - raft.server.write.element-limit = 4096 (default)
2019-09-12 10:10:07,819 [004fc30c-f0ab-42da-b88f-ff2f3e6aa886:group-894CA12844C0:LeaderElection64] INFO  server.RaftServerConfigKeys (ConfUtils.java:logGet(43)) - raft.server.watch.timeout = 10s (default)
2019-09-12 10:10:07,819 [004fc30c-f0ab-42da-b88f-ff2f3e6aa886:group-894CA12844C0:LeaderElection64] INFO  server.RaftServerConfigKeys (ConfUtils.java:logGet(43)) - raft.server.watch.timeout.denomination = 1s (default)
2019-09-12 10:10:07,819 [004fc30c-f0ab-42da-b88f-ff2f3e6aa886:group-894CA12844C0:LeaderElection64] INFO  server.RaftServerConfigKeys (ConfUtils.java:logGet(43)) - raft.server.watch.element-limit = 65536 (default)
2019-09-12 10:10:07,820 [004fc30c-f0ab-42da-b88f-ff2f3e6aa886:group-894CA12844C0:LeaderElection64] INFO  impl.RoleInfo (RoleInfo.java:updateAndGet(143)) - 004fc30c-f0ab-42da-b88f-ff2f3e6aa886: start LeaderState
2019-09-12 10:10:07,820 [004fc30c-f0ab-42da-b88f-ff2f3e6aa886:group-894CA12844C0:LeaderElection64] INFO  segmented.SegmentedRaftLogWorker (SegmentedRaftLogWorker.java:startLogSegment(380)) - 004fc30c-f0ab-42da-b88f-ff2f3e6aa886-SegmentedRaftLogWorker:Storage Directory /workdir/hadoop-ozone/integration-test/target/test-dir/MiniOzoneClusterImpl-afece541-ebdb-408e-b3cb-0c4dcae62716/datanode-2/data/ratis/f8ab111e-e465-4c96-a831-894ca12844c0: Starting segment from index:0
2019-09-12 10:10:07,820 [004fc30c-f0ab-42da-b88f-ff2f3e6aa886:group-894CA12844C0:LeaderElection64] INFO  impl.RaftServerImpl (ServerState.java:setRaftConf(361)) - 004fc30c-f0ab-42da-b88f-ff2f3e6aa886:group-894CA12844C0 set configuration 0: [004fc30c-f0ab-42da-b88f-ff2f3e6aa886:192.168.36.114:44994], old=null at 0
2019-09-12 10:10:07,821 [Thread-999] INFO  impl.FollowerState (FollowerState.java:run(106)) - 004fc30c-f0ab-42da-b88f-ff2f3e6aa886:group-D26855C2BD5D changes to CANDIDATE, lastRpcTime:5032, electionTimeout:5032ms
2019-09-12 10:10:07,821 [Thread-999] INFO  impl.RoleInfo (RoleInfo.java:shutdownFollowerState(121)) - 004fc30c-f0ab-42da-b88f-ff2f3e6aa886: shutdown FollowerState
2019-09-12 10:10:07,822 [Thread-999] INFO  impl.RaftServerImpl (RaftServerImpl.java:setRole(171)) - 004fc30c-f0ab-42da-b88f-ff2f3e6aa886:group-D26855C2BD5D changes role from FOLLOWER to CANDIDATE at term 0 for changeToCandidate
2019-09-12 10:10:07,822 [Thread-999] INFO  impl.RoleInfo (RoleInfo.java:updateAndGet(143)) - 004fc30c-f0ab-42da-b88f-ff2f3e6aa886: start LeaderElection
2019-09-12 10:10:07,888 [004fc30c-f0ab-42da-b88f-ff2f3e6aa886-SegmentedRaftLogWorker:Storage Directory /workdir/hadoop-ozone/integration-test/target/test-dir/MiniOzoneClusterImpl-afece541-ebdb-408e-b3cb-0c4dcae62716/datanode-2/data/ratis/f8ab111e-e465-4c96-a831-894ca12844c0] INFO  segmented.SegmentedRaftLogWorker (SegmentedRaftLogWorker.java:execute(569)) - 004fc30c-f0ab-42da-b88f-ff2f3e6aa886-SegmentedRaftLogWorker:Storage Directory /workdir/hadoop-ozone/integration-test/target/test-dir/MiniOzoneClusterImpl-afece541-ebdb-408e-b3cb-0c4dcae62716/datanode-2/data/ratis/f8ab111e-e465-4c96-a831-894ca12844c0: created new log segment /workdir/hadoop-ozone/integration-test/target/test-dir/MiniOzoneClusterImpl-afece541-ebdb-408e-b3cb-0c4dcae62716/datanode-2/data/ratis/f8ab111e-e465-4c96-a831-894ca12844c0/current/log_inprogress_0
2019-09-12 10:10:07,888 [004fc30c-f0ab-42da-b88f-ff2f3e6aa886:group-D26855C2BD5D:LeaderElection65] INFO  impl.LeaderElection (LeaderElection.java:askForVotes(181)) - 004fc30c-f0ab-42da-b88f-ff2f3e6aa886:group-D26855C2BD5D:LeaderElection65: begin an election at term 1 for -1: [004fc30c-f0ab-42da-b88f-ff2f3e6aa886:192.168.36.114:44994], old=null
2019-09-12 10:10:07,889 [004fc30c-f0ab-42da-b88f-ff2f3e6aa886:group-D26855C2BD5D:LeaderElection65] INFO  impl.RoleInfo (RoleInfo.java:shutdownLeaderElection(134)) - 004fc30c-f0ab-42da-b88f-ff2f3e6aa886: shutdown LeaderElection
2019-09-12 10:10:07,889 [004fc30c-f0ab-42da-b88f-ff2f3e6aa886:group-D26855C2BD5D:LeaderElection65] INFO  impl.RaftServerImpl (RaftServerImpl.java:setRole(171)) - 004fc30c-f0ab-42da-b88f-ff2f3e6aa886:group-D26855C2BD5D changes role from CANDIDATE to LEADER at term 1 for changeToLeader
2019-09-12 10:10:07,889 [004fc30c-f0ab-42da-b88f-ff2f3e6aa886:group-D26855C2BD5D:LeaderElection65] INFO  impl.RaftServerImpl (ServerState.java:setLeader(263)) - 004fc30c-f0ab-42da-b88f-ff2f3e6aa886:group-D26855C2BD5D change Leader from null to 004fc30c-f0ab-42da-b88f-ff2f3e6aa886 at term 1 for becomeLeader, leader elected after 5103ms
2019-09-12 10:10:07,889 [004fc30c-f0ab-42da-b88f-ff2f3e6aa886:group-D26855C2BD5D:LeaderElection65] INFO  server.RaftServerConfigKeys (ConfUtils.java:logGet(43)) - raft.server.staging.catchup.gap = 1000 (default)
2019-09-12 10:10:07,889 [004fc30c-f0ab-42da-b88f-ff2f3e6aa886:group-D26855C2BD5D:LeaderElection65] INFO  server.RaftServerConfigKeys (ConfUtils.java:logGet(43)) - raft.server.rpc.sleep.time = 25ms (default)
2019-09-12 10:10:07,889 [004fc30c-f0ab-42da-b88f-ff2f3e6aa886:group-D26855C2BD5D:LeaderElection65] INFO  server.RaftServerConfigKeys (ConfUtils.java:logGet(43)) - raft.server.write.element-limit = 4096 (default)
2019-09-12 10:10:07,890 [004fc30c-f0ab-42da-b88f-ff2f3e6aa886:group-D26855C2BD5D:LeaderElection65] INFO  server.RaftServerConfigKeys (ConfUtils.java:logGet(43)) - raft.server.watch.timeout = 10s (default)
2019-09-12 10:10:07,890 [004fc30c-f0ab-42da-b88f-ff2f3e6aa886:group-D26855C2BD5D:LeaderElection65] INFO  server.RaftServerConfigKeys (ConfUtils.java:logGet(43)) - raft.server.watch.timeout.denomination = 1s (default)
2019-09-12 10:10:07,890 [004fc30c-f0ab-42da-b88f-ff2f3e6aa886:group-D26855C2BD5D:LeaderElection65] INFO  server.RaftServerConfigKeys (ConfUtils.java:logGet(43)) - raft.server.watch.element-limit = 65536 (default)
2019-09-12 10:10:07,890 [004fc30c-f0ab-42da-b88f-ff2f3e6aa886:group-D26855C2BD5D:LeaderElection65] INFO  impl.RoleInfo (RoleInfo.java:updateAndGet(143)) - 004fc30c-f0ab-42da-b88f-ff2f3e6aa886: start LeaderState
2019-09-12 10:10:07,890 [004fc30c-f0ab-42da-b88f-ff2f3e6aa886:group-D26855C2BD5D:LeaderElection65] INFO  segmented.SegmentedRaftLogWorker (SegmentedRaftLogWorker.java:startLogSegment(380)) - 004fc30c-f0ab-42da-b88f-ff2f3e6aa886-SegmentedRaftLogWorker:Storage Directory /workdir/hadoop-ozone/integration-test/target/test-dir/MiniOzoneClusterImpl-afece541-ebdb-408e-b3cb-0c4dcae62716/datanode-2/data/ratis/e2cd0d34-81ea-44c1-8939-d26855c2bd5d: Starting segment from index:0
2019-09-12 10:10:07,891 [004fc30c-f0ab-42da-b88f-ff2f3e6aa886:group-D26855C2BD5D:LeaderElection65] INFO  impl.RaftServerImpl (ServerState.java:setRaftConf(361)) - 004fc30c-f0ab-42da-b88f-ff2f3e6aa886:group-D26855C2BD5D set configuration 0: [004fc30c-f0ab-42da-b88f-ff2f3e6aa886:192.168.36.114:44994], old=null at 0
2019-09-12 10:10:07,923 | INFO  | SCMAudit | user=jenkins1000 | ip=192.168.36.114 | op=SEND_HEARTBEAT {datanodeUUID=004fc30c-f0ab-42da-b88f-ff2f3e6aa886, command=[]} | ret=SUCCESS |  
2019-09-12 10:10:07,967 [004fc30c-f0ab-42da-b88f-ff2f3e6aa886-SegmentedRaftLogWorker:Storage Directory /workdir/hadoop-ozone/integration-test/target/test-dir/MiniOzoneClusterImpl-afece541-ebdb-408e-b3cb-0c4dcae62716/datanode-2/data/ratis/e2cd0d34-81ea-44c1-8939-d26855c2bd5d] INFO  segmented.SegmentedRaftLogWorker (SegmentedRaftLogWorker.java:execute(569)) - 004fc30c-f0ab-42da-b88f-ff2f3e6aa886-SegmentedRaftLogWorker:Storage Directory /workdir/hadoop-ozone/integration-test/target/test-dir/MiniOzoneClusterImpl-afece541-ebdb-408e-b3cb-0c4dcae62716/datanode-2/data/ratis/e2cd0d34-81ea-44c1-8939-d26855c2bd5d: created new log segment /workdir/hadoop-ozone/integration-test/target/test-dir/MiniOzoneClusterImpl-afece541-ebdb-408e-b3cb-0c4dcae62716/datanode-2/data/ratis/e2cd0d34-81ea-44c1-8939-d26855c2bd5d/current/log_inprogress_0
2019-09-12 10:10:08,067 [Thread-1002] INFO  impl.FollowerState (FollowerState.java:run(106)) - aab15dc4-7b32-43e5-ad59-c8341f2a8016:group-A9BC18A7CE04 changes to CANDIDATE, lastRpcTime:5166, electionTimeout:5166ms
2019-09-12 10:10:08,067 [Thread-1002] INFO  impl.RoleInfo (RoleInfo.java:shutdownFollowerState(121)) - aab15dc4-7b32-43e5-ad59-c8341f2a8016: shutdown FollowerState
2019-09-12 10:10:08,067 [Thread-1002] INFO  impl.RaftServerImpl (RaftServerImpl.java:setRole(171)) - aab15dc4-7b32-43e5-ad59-c8341f2a8016:group-A9BC18A7CE04 changes role from FOLLOWER to CANDIDATE at term 0 for changeToCandidate
2019-09-12 10:10:08,067 [Thread-1002] INFO  impl.RoleInfo (RoleInfo.java:updateAndGet(143)) - aab15dc4-7b32-43e5-ad59-c8341f2a8016: start LeaderElection
2019-09-12 10:10:08,114 [Thread-1005] INFO  impl.FollowerState (FollowerState.java:run(106)) - aab15dc4-7b32-43e5-ad59-c8341f2a8016:group-A5C5CF4EC268 changes to CANDIDATE, lastRpcTime:5114, electionTimeout:5114ms
2019-09-12 10:10:08,114 [Thread-1005] INFO  impl.RoleInfo (RoleInfo.java:shutdownFollowerState(121)) - aab15dc4-7b32-43e5-ad59-c8341f2a8016: shutdown FollowerState
2019-09-12 10:10:08,114 [Thread-1005] INFO  impl.RaftServerImpl (RaftServerImpl.java:setRole(171)) - aab15dc4-7b32-43e5-ad59-c8341f2a8016:group-A5C5CF4EC268 changes role from FOLLOWER to CANDIDATE at term 0 for changeToCandidate
2019-09-12 10:10:08,114 [Thread-1005] INFO  impl.RoleInfo (RoleInfo.java:updateAndGet(143)) - aab15dc4-7b32-43e5-ad59-c8341f2a8016: start LeaderElection
2019-09-12 10:10:08,181 [aab15dc4-7b32-43e5-ad59-c8341f2a8016:group-A9BC18A7CE04:LeaderElection66] INFO  impl.LeaderElection (LeaderElection.java:askForVotes(181)) - aab15dc4-7b32-43e5-ad59-c8341f2a8016:group-A9BC18A7CE04:LeaderElection66: begin an election at term 1 for -1: [aab15dc4-7b32-43e5-ad59-c8341f2a8016:192.168.36.114:46566], old=null
2019-09-12 10:10:08,181 [aab15dc4-7b32-43e5-ad59-c8341f2a8016:group-A9BC18A7CE04:LeaderElection66] INFO  impl.RoleInfo (RoleInfo.java:shutdownLeaderElection(134)) - aab15dc4-7b32-43e5-ad59-c8341f2a8016: shutdown LeaderElection
2019-09-12 10:10:08,181 [aab15dc4-7b32-43e5-ad59-c8341f2a8016:group-A9BC18A7CE04:LeaderElection66] INFO  impl.RaftServerImpl (RaftServerImpl.java:setRole(171)) - aab15dc4-7b32-43e5-ad59-c8341f2a8016:group-A9BC18A7CE04 changes role from CANDIDATE to LEADER at term 1 for changeToLeader
2019-09-12 10:10:08,182 [aab15dc4-7b32-43e5-ad59-c8341f2a8016:group-A9BC18A7CE04:LeaderElection66] INFO  impl.RaftServerImpl (ServerState.java:setLeader(263)) - aab15dc4-7b32-43e5-ad59-c8341f2a8016:group-A9BC18A7CE04 change Leader from null to aab15dc4-7b32-43e5-ad59-c8341f2a8016 at term 1 for becomeLeader, leader elected after 5285ms
2019-09-12 10:10:08,182 [aab15dc4-7b32-43e5-ad59-c8341f2a8016:group-A9BC18A7CE04:LeaderElection66] INFO  server.RaftServerConfigKeys (ConfUtils.java:logGet(43)) - raft.server.staging.catchup.gap = 1000 (default)
2019-09-12 10:10:08,182 [aab15dc4-7b32-43e5-ad59-c8341f2a8016:group-A9BC18A7CE04:LeaderElection66] INFO  server.RaftServerConfigKeys (ConfUtils.java:logGet(43)) - raft.server.rpc.sleep.time = 25ms (default)
2019-09-12 10:10:08,182 [aab15dc4-7b32-43e5-ad59-c8341f2a8016:group-A9BC18A7CE04:LeaderElection66] INFO  server.RaftServerConfigKeys (ConfUtils.java:logGet(43)) - raft.server.write.element-limit = 4096 (default)
2019-09-12 10:10:08,182 [aab15dc4-7b32-43e5-ad59-c8341f2a8016:group-A9BC18A7CE04:LeaderElection66] INFO  server.RaftServerConfigKeys (ConfUtils.java:logGet(43)) - raft.server.watch.timeout = 10s (default)
2019-09-12 10:10:08,182 [aab15dc4-7b32-43e5-ad59-c8341f2a8016:group-A9BC18A7CE04:LeaderElection66] INFO  server.RaftServerConfigKeys (ConfUtils.java:logGet(43)) - raft.server.watch.timeout.denomination = 1s (default)
2019-09-12 10:10:08,182 [aab15dc4-7b32-43e5-ad59-c8341f2a8016:group-A5C5CF4EC268:LeaderElection67] INFO  impl.LeaderElection (LeaderElection.java:askForVotes(181)) - aab15dc4-7b32-43e5-ad59-c8341f2a8016:group-A5C5CF4EC268:LeaderElection67: begin an election at term 1 for -1: [aab15dc4-7b32-43e5-ad59-c8341f2a8016:192.168.36.114:46566], old=null
2019-09-12 10:10:08,182 [aab15dc4-7b32-43e5-ad59-c8341f2a8016:group-A9BC18A7CE04:LeaderElection66] INFO  server.RaftServerConfigKeys (ConfUtils.java:logGet(43)) - raft.server.watch.element-limit = 65536 (default)
2019-09-12 10:10:08,182 [aab15dc4-7b32-43e5-ad59-c8341f2a8016:group-A5C5CF4EC268:LeaderElection67] INFO  impl.RoleInfo (RoleInfo.java:shutdownLeaderElection(134)) - aab15dc4-7b32-43e5-ad59-c8341f2a8016: shutdown LeaderElection
2019-09-12 10:10:08,182 [aab15dc4-7b32-43e5-ad59-c8341f2a8016:group-A9BC18A7CE04:LeaderElection66] INFO  impl.RoleInfo (RoleInfo.java:updateAndGet(143)) - aab15dc4-7b32-43e5-ad59-c8341f2a8016: start LeaderState
2019-09-12 10:10:08,182 [aab15dc4-7b32-43e5-ad59-c8341f2a8016:group-A5C5CF4EC268:LeaderElection67] INFO  impl.RaftServerImpl (RaftServerImpl.java:setRole(171)) - aab15dc4-7b32-43e5-ad59-c8341f2a8016:group-A5C5CF4EC268 changes role from CANDIDATE to LEADER at term 1 for changeToLeader
2019-09-12 10:10:08,183 [aab15dc4-7b32-43e5-ad59-c8341f2a8016:group-A5C5CF4EC268:LeaderElection67] INFO  impl.RaftServerImpl (ServerState.java:setLeader(263)) - aab15dc4-7b32-43e5-ad59-c8341f2a8016:group-A5C5CF4EC268 change Leader from null to aab15dc4-7b32-43e5-ad59-c8341f2a8016 at term 1 for becomeLeader, leader elected after 5187ms
2019-09-12 10:10:08,183 [aab15dc4-7b32-43e5-ad59-c8341f2a8016:group-A9BC18A7CE04:LeaderElection66] INFO  segmented.SegmentedRaftLogWorker (SegmentedRaftLogWorker.java:startLogSegment(380)) - aab15dc4-7b32-43e5-ad59-c8341f2a8016-SegmentedRaftLogWorker:Storage Directory /workdir/hadoop-ozone/integration-test/target/test-dir/MiniOzoneClusterImpl-afece541-ebdb-408e-b3cb-0c4dcae62716/datanode-1/data/ratis/b4560c90-434f-4593-957e-a9bc18a7ce04: Starting segment from index:0
2019-09-12 10:10:08,183 [aab15dc4-7b32-43e5-ad59-c8341f2a8016:group-A5C5CF4EC268:LeaderElection67] INFO  server.RaftServerConfigKeys (ConfUtils.java:logGet(43)) - raft.server.staging.catchup.gap = 1000 (default)
2019-09-12 10:10:08,183 [aab15dc4-7b32-43e5-ad59-c8341f2a8016:group-A5C5CF4EC268:LeaderElection67] INFO  server.RaftServerConfigKeys (ConfUtils.java:logGet(43)) - raft.server.rpc.sleep.time = 25ms (default)
2019-09-12 10:10:08,183 [aab15dc4-7b32-43e5-ad59-c8341f2a8016:group-A5C5CF4EC268:LeaderElection67] INFO  server.RaftServerConfigKeys (ConfUtils.java:logGet(43)) - raft.server.write.element-limit = 4096 (default)
2019-09-12 10:10:08,183 [aab15dc4-7b32-43e5-ad59-c8341f2a8016:group-A9BC18A7CE04:LeaderElection66] INFO  impl.RaftServerImpl (ServerState.java:setRaftConf(361)) - aab15dc4-7b32-43e5-ad59-c8341f2a8016:group-A9BC18A7CE04 set configuration 0: [aab15dc4-7b32-43e5-ad59-c8341f2a8016:192.168.36.114:46566], old=null at 0
2019-09-12 10:10:08,183 [aab15dc4-7b32-43e5-ad59-c8341f2a8016:group-A5C5CF4EC268:LeaderElection67] INFO  server.RaftServerConfigKeys (ConfUtils.java:logGet(43)) - raft.server.watch.timeout = 10s (default)
2019-09-12 10:10:08,183 [aab15dc4-7b32-43e5-ad59-c8341f2a8016:group-A5C5CF4EC268:LeaderElection67] INFO  server.RaftServerConfigKeys (ConfUtils.java:logGet(43)) - raft.server.watch.timeout.denomination = 1s (default)
2019-09-12 10:10:08,183 [aab15dc4-7b32-43e5-ad59-c8341f2a8016:group-A5C5CF4EC268:LeaderElection67] INFO  server.RaftServerConfigKeys (ConfUtils.java:logGet(43)) - raft.server.watch.element-limit = 65536 (default)
2019-09-12 10:10:08,184 [aab15dc4-7b32-43e5-ad59-c8341f2a8016:group-A5C5CF4EC268:LeaderElection67] INFO  impl.RoleInfo (RoleInfo.java:updateAndGet(143)) - aab15dc4-7b32-43e5-ad59-c8341f2a8016: start LeaderState
2019-09-12 10:10:08,184 [aab15dc4-7b32-43e5-ad59-c8341f2a8016:group-A5C5CF4EC268:LeaderElection67] INFO  segmented.SegmentedRaftLogWorker (SegmentedRaftLogWorker.java:startLogSegment(380)) - aab15dc4-7b32-43e5-ad59-c8341f2a8016-SegmentedRaftLogWorker:Storage Directory /workdir/hadoop-ozone/integration-test/target/test-dir/MiniOzoneClusterImpl-afece541-ebdb-408e-b3cb-0c4dcae62716/datanode-1/data/ratis/f58c8a37-b228-4473-8f61-a5c5cf4ec268: Starting segment from index:0
2019-09-12 10:10:08,184 [aab15dc4-7b32-43e5-ad59-c8341f2a8016:group-A5C5CF4EC268:LeaderElection67] INFO  impl.RaftServerImpl (ServerState.java:setRaftConf(361)) - aab15dc4-7b32-43e5-ad59-c8341f2a8016:group-A5C5CF4EC268 set configuration 0: [aab15dc4-7b32-43e5-ad59-c8341f2a8016:192.168.36.114:46566], old=null at 0
2019-09-12 10:10:08,208 [Thread-1008] INFO  impl.FollowerState (FollowerState.java:run(106)) - 004fc30c-f0ab-42da-b88f-ff2f3e6aa886:group-90B67F2F289E changes to CANDIDATE, lastRpcTime:5093, electionTimeout:5093ms
2019-09-12 10:10:08,208 [Thread-1008] INFO  impl.RoleInfo (RoleInfo.java:shutdownFollowerState(121)) - 004fc30c-f0ab-42da-b88f-ff2f3e6aa886: shutdown FollowerState
2019-09-12 10:10:08,208 [Thread-1008] INFO  impl.RaftServerImpl (RaftServerImpl.java:setRole(171)) - 004fc30c-f0ab-42da-b88f-ff2f3e6aa886:group-90B67F2F289E changes role from FOLLOWER to CANDIDATE at term 0 for changeToCandidate
2019-09-12 10:10:08,208 [Thread-1008] INFO  impl.RoleInfo (RoleInfo.java:updateAndGet(143)) - 004fc30c-f0ab-42da-b88f-ff2f3e6aa886: start LeaderElection
2019-09-12 10:10:08,263 [aab15dc4-7b32-43e5-ad59-c8341f2a8016-SegmentedRaftLogWorker:Storage Directory /workdir/hadoop-ozone/integration-test/target/test-dir/MiniOzoneClusterImpl-afece541-ebdb-408e-b3cb-0c4dcae62716/datanode-1/data/ratis/b4560c90-434f-4593-957e-a9bc18a7ce04] INFO  segmented.SegmentedRaftLogWorker (SegmentedRaftLogWorker.java:execute(569)) - aab15dc4-7b32-43e5-ad59-c8341f2a8016-SegmentedRaftLogWorker:Storage Directory /workdir/hadoop-ozone/integration-test/target/test-dir/MiniOzoneClusterImpl-afece541-ebdb-408e-b3cb-0c4dcae62716/datanode-1/data/ratis/b4560c90-434f-4593-957e-a9bc18a7ce04: created new log segment /workdir/hadoop-ozone/integration-test/target/test-dir/MiniOzoneClusterImpl-afece541-ebdb-408e-b3cb-0c4dcae62716/datanode-1/data/ratis/b4560c90-434f-4593-957e-a9bc18a7ce04/current/log_inprogress_0
2019-09-12 10:10:08,263 [004fc30c-f0ab-42da-b88f-ff2f3e6aa886:group-90B67F2F289E:LeaderElection68] INFO  impl.LeaderElection (LeaderElection.java:askForVotes(181)) - 004fc30c-f0ab-42da-b88f-ff2f3e6aa886:group-90B67F2F289E:LeaderElection68: begin an election at term 1 for -1: [004fc30c-f0ab-42da-b88f-ff2f3e6aa886:192.168.36.114:44994], old=null
2019-09-12 10:10:08,263 [aab15dc4-7b32-43e5-ad59-c8341f2a8016-SegmentedRaftLogWorker:Storage Directory /workdir/hadoop-ozone/integration-test/target/test-dir/MiniOzoneClusterImpl-afece541-ebdb-408e-b3cb-0c4dcae62716/datanode-1/data/ratis/f58c8a37-b228-4473-8f61-a5c5cf4ec268] INFO  segmented.SegmentedRaftLogWorker (SegmentedRaftLogWorker.java:execute(569)) - aab15dc4-7b32-43e5-ad59-c8341f2a8016-SegmentedRaftLogWorker:Storage Directory /workdir/hadoop-ozone/integration-test/target/test-dir/MiniOzoneClusterImpl-afece541-ebdb-408e-b3cb-0c4dcae62716/datanode-1/data/ratis/f58c8a37-b228-4473-8f61-a5c5cf4ec268: created new log segment /workdir/hadoop-ozone/integration-test/target/test-dir/MiniOzoneClusterImpl-afece541-ebdb-408e-b3cb-0c4dcae62716/datanode-1/data/ratis/f58c8a37-b228-4473-8f61-a5c5cf4ec268/current/log_inprogress_0
2019-09-12 10:10:08,263 [004fc30c-f0ab-42da-b88f-ff2f3e6aa886:group-90B67F2F289E:LeaderElection68] INFO  impl.RoleInfo (RoleInfo.java:shutdownLeaderElection(134)) - 004fc30c-f0ab-42da-b88f-ff2f3e6aa886: shutdown LeaderElection
2019-09-12 10:10:08,263 [004fc30c-f0ab-42da-b88f-ff2f3e6aa886:group-90B67F2F289E:LeaderElection68] INFO  impl.RaftServerImpl (RaftServerImpl.java:setRole(171)) - 004fc30c-f0ab-42da-b88f-ff2f3e6aa886:group-90B67F2F289E changes role from CANDIDATE to LEADER at term 1 for changeToLeader
2019-09-12 10:10:08,263 [004fc30c-f0ab-42da-b88f-ff2f3e6aa886:group-90B67F2F289E:LeaderElection68] INFO  impl.RaftServerImpl (ServerState.java:setLeader(263)) - 004fc30c-f0ab-42da-b88f-ff2f3e6aa886:group-90B67F2F289E change Leader from null to 004fc30c-f0ab-42da-b88f-ff2f3e6aa886 at term 1 for becomeLeader, leader elected after 5152ms
2019-09-12 10:10:08,263 [004fc30c-f0ab-42da-b88f-ff2f3e6aa886:group-90B67F2F289E:LeaderElection68] INFO  server.RaftServerConfigKeys (ConfUtils.java:logGet(43)) - raft.server.staging.catchup.gap = 1000 (default)
2019-09-12 10:10:08,263 [004fc30c-f0ab-42da-b88f-ff2f3e6aa886:group-90B67F2F289E:LeaderElection68] INFO  server.RaftServerConfigKeys (ConfUtils.java:logGet(43)) - raft.server.rpc.sleep.time = 25ms (default)
2019-09-12 10:10:08,264 [004fc30c-f0ab-42da-b88f-ff2f3e6aa886:group-90B67F2F289E:LeaderElection68] INFO  server.RaftServerConfigKeys (ConfUtils.java:logGet(43)) - raft.server.write.element-limit = 4096 (default)
2019-09-12 10:10:08,264 [004fc30c-f0ab-42da-b88f-ff2f3e6aa886:group-90B67F2F289E:LeaderElection68] INFO  server.RaftServerConfigKeys (ConfUtils.java:logGet(43)) - raft.server.watch.timeout = 10s (default)
2019-09-12 10:10:08,264 [004fc30c-f0ab-42da-b88f-ff2f3e6aa886:group-90B67F2F289E:LeaderElection68] INFO  server.RaftServerConfigKeys (ConfUtils.java:logGet(43)) - raft.server.watch.timeout.denomination = 1s (default)
2019-09-12 10:10:08,264 [004fc30c-f0ab-42da-b88f-ff2f3e6aa886:group-90B67F2F289E:LeaderElection68] INFO  server.RaftServerConfigKeys (ConfUtils.java:logGet(43)) - raft.server.watch.element-limit = 65536 (default)
2019-09-12 10:10:08,264 [004fc30c-f0ab-42da-b88f-ff2f3e6aa886:group-90B67F2F289E:LeaderElection68] INFO  impl.RoleInfo (RoleInfo.java:updateAndGet(143)) - 004fc30c-f0ab-42da-b88f-ff2f3e6aa886: start LeaderState
2019-09-12 10:10:08,264 [004fc30c-f0ab-42da-b88f-ff2f3e6aa886:group-90B67F2F289E:LeaderElection68] INFO  segmented.SegmentedRaftLogWorker (SegmentedRaftLogWorker.java:startLogSegment(380)) - 004fc30c-f0ab-42da-b88f-ff2f3e6aa886-SegmentedRaftLogWorker:Storage Directory /workdir/hadoop-ozone/integration-test/target/test-dir/MiniOzoneClusterImpl-afece541-ebdb-408e-b3cb-0c4dcae62716/datanode-2/data/ratis/2a7c02e5-41fb-416b-97c5-90b67f2f289e: Starting segment from index:0
2019-09-12 10:10:08,264 [004fc30c-f0ab-42da-b88f-ff2f3e6aa886:group-90B67F2F289E:LeaderElection68] INFO  impl.RaftServerImpl (ServerState.java:setRaftConf(361)) - 004fc30c-f0ab-42da-b88f-ff2f3e6aa886:group-90B67F2F289E set configuration 0: [004fc30c-f0ab-42da-b88f-ff2f3e6aa886:192.168.36.114:44994], old=null at 0
2019-09-12 10:10:08,329 [004fc30c-f0ab-42da-b88f-ff2f3e6aa886-SegmentedRaftLogWorker:Storage Directory /workdir/hadoop-ozone/integration-test/target/test-dir/MiniOzoneClusterImpl-afece541-ebdb-408e-b3cb-0c4dcae62716/datanode-2/data/ratis/2a7c02e5-41fb-416b-97c5-90b67f2f289e] INFO  segmented.SegmentedRaftLogWorker (SegmentedRaftLogWorker.java:execute(569)) - 004fc30c-f0ab-42da-b88f-ff2f3e6aa886-SegmentedRaftLogWorker:Storage Directory /workdir/hadoop-ozone/integration-test/target/test-dir/MiniOzoneClusterImpl-afece541-ebdb-408e-b3cb-0c4dcae62716/datanode-2/data/ratis/2a7c02e5-41fb-416b-97c5-90b67f2f289e: created new log segment /workdir/hadoop-ozone/integration-test/target/test-dir/MiniOzoneClusterImpl-afece541-ebdb-408e-b3cb-0c4dcae62716/datanode-2/data/ratis/2a7c02e5-41fb-416b-97c5-90b67f2f289e/current/log_inprogress_0
2019-09-12 10:10:08,381 [Thread-1011] INFO  impl.FollowerState (FollowerState.java:run(106)) - aab15dc4-7b32-43e5-ad59-c8341f2a8016:group-B6C1F6423BDE changes to CANDIDATE, lastRpcTime:5163, electionTimeout:5163ms
2019-09-12 10:10:08,381 [Thread-1011] INFO  impl.RoleInfo (RoleInfo.java:shutdownFollowerState(121)) - aab15dc4-7b32-43e5-ad59-c8341f2a8016: shutdown FollowerState
2019-09-12 10:10:08,381 [Thread-1011] INFO  impl.RaftServerImpl (RaftServerImpl.java:setRole(171)) - aab15dc4-7b32-43e5-ad59-c8341f2a8016:group-B6C1F6423BDE changes role from FOLLOWER to CANDIDATE at term 0 for changeToCandidate
2019-09-12 10:10:08,382 [Thread-1011] INFO  impl.RoleInfo (RoleInfo.java:updateAndGet(143)) - aab15dc4-7b32-43e5-ad59-c8341f2a8016: start LeaderElection
2019-09-12 10:10:08,397 [aab15dc4-7b32-43e5-ad59-c8341f2a8016:group-B6C1F6423BDE:LeaderElection69] INFO  impl.LeaderElection (LeaderElection.java:askForVotes(181)) - aab15dc4-7b32-43e5-ad59-c8341f2a8016:group-B6C1F6423BDE:LeaderElection69: begin an election at term 1 for -1: [aab15dc4-7b32-43e5-ad59-c8341f2a8016:192.168.36.114:46566], old=null
2019-09-12 10:10:08,397 [aab15dc4-7b32-43e5-ad59-c8341f2a8016:group-B6C1F6423BDE:LeaderElection69] INFO  impl.RoleInfo (RoleInfo.java:shutdownLeaderElection(134)) - aab15dc4-7b32-43e5-ad59-c8341f2a8016: shutdown LeaderElection
2019-09-12 10:10:08,397 [aab15dc4-7b32-43e5-ad59-c8341f2a8016:group-B6C1F6423BDE:LeaderElection69] INFO  impl.RaftServerImpl (RaftServerImpl.java:setRole(171)) - aab15dc4-7b32-43e5-ad59-c8341f2a8016:group-B6C1F6423BDE changes role from CANDIDATE to LEADER at term 1 for changeToLeader
2019-09-12 10:10:08,397 [aab15dc4-7b32-43e5-ad59-c8341f2a8016:group-B6C1F6423BDE:LeaderElection69] INFO  impl.RaftServerImpl (ServerState.java:setLeader(263)) - aab15dc4-7b32-43e5-ad59-c8341f2a8016:group-B6C1F6423BDE change Leader from null to aab15dc4-7b32-43e5-ad59-c8341f2a8016 at term 1 for becomeLeader, leader elected after 5185ms
2019-09-12 10:10:08,398 [aab15dc4-7b32-43e5-ad59-c8341f2a8016:group-B6C1F6423BDE:LeaderElection69] INFO  server.RaftServerConfigKeys (ConfUtils.java:logGet(43)) - raft.server.staging.catchup.gap = 1000 (default)
2019-09-12 10:10:08,398 [aab15dc4-7b32-43e5-ad59-c8341f2a8016:group-B6C1F6423BDE:LeaderElection69] INFO  server.RaftServerConfigKeys (ConfUtils.java:logGet(43)) - raft.server.rpc.sleep.time = 25ms (default)
2019-09-12 10:10:08,398 [aab15dc4-7b32-43e5-ad59-c8341f2a8016:group-B6C1F6423BDE:LeaderElection69] INFO  server.RaftServerConfigKeys (ConfUtils.java:logGet(43)) - raft.server.write.element-limit = 4096 (default)
2019-09-12 10:10:08,398 [aab15dc4-7b32-43e5-ad59-c8341f2a8016:group-B6C1F6423BDE:LeaderElection69] INFO  server.RaftServerConfigKeys (ConfUtils.java:logGet(43)) - raft.server.watch.timeout = 10s (default)
2019-09-12 10:10:08,398 [aab15dc4-7b32-43e5-ad59-c8341f2a8016:group-B6C1F6423BDE:LeaderElection69] INFO  server.RaftServerConfigKeys (ConfUtils.java:logGet(43)) - raft.server.watch.timeout.denomination = 1s (default)
2019-09-12 10:10:08,398 [aab15dc4-7b32-43e5-ad59-c8341f2a8016:group-B6C1F6423BDE:LeaderElection69] INFO  server.RaftServerConfigKeys (ConfUtils.java:logGet(43)) - raft.server.watch.element-limit = 65536 (default)
2019-09-12 10:10:08,398 [aab15dc4-7b32-43e5-ad59-c8341f2a8016:group-B6C1F6423BDE:LeaderElection69] INFO  impl.RoleInfo (RoleInfo.java:updateAndGet(143)) - aab15dc4-7b32-43e5-ad59-c8341f2a8016: start LeaderState
2019-09-12 10:10:08,398 [aab15dc4-7b32-43e5-ad59-c8341f2a8016:group-B6C1F6423BDE:LeaderElection69] INFO  segmented.SegmentedRaftLogWorker (SegmentedRaftLogWorker.java:startLogSegment(380)) - aab15dc4-7b32-43e5-ad59-c8341f2a8016-SegmentedRaftLogWorker:Storage Directory /workdir/hadoop-ozone/integration-test/target/test-dir/MiniOzoneClusterImpl-afece541-ebdb-408e-b3cb-0c4dcae62716/datanode-1/data/ratis/a0034c08-a517-4406-918d-b6c1f6423bde: Starting segment from index:0
2019-09-12 10:10:08,399 [aab15dc4-7b32-43e5-ad59-c8341f2a8016:group-B6C1F6423BDE:LeaderElection69] INFO  impl.RaftServerImpl (ServerState.java:setRaftConf(361)) - aab15dc4-7b32-43e5-ad59-c8341f2a8016:group-B6C1F6423BDE set configuration 0: [aab15dc4-7b32-43e5-ad59-c8341f2a8016:192.168.36.114:46566], old=null at 0
2019-09-12 10:10:08,404 [Thread-1014] INFO  impl.FollowerState (FollowerState.java:run(106)) - 004fc30c-f0ab-42da-b88f-ff2f3e6aa886:group-40143D286EA8 changes to CANDIDATE, lastRpcTime:5099, electionTimeout:5099ms
2019-09-12 10:10:08,404 [Thread-1014] INFO  impl.RoleInfo (RoleInfo.java:shutdownFollowerState(121)) - 004fc30c-f0ab-42da-b88f-ff2f3e6aa886: shutdown FollowerState
2019-09-12 10:10:08,405 [Thread-1014] INFO  impl.RaftServerImpl (RaftServerImpl.java:setRole(171)) - 004fc30c-f0ab-42da-b88f-ff2f3e6aa886:group-40143D286EA8 changes role from FOLLOWER to CANDIDATE at term 0 for changeToCandidate
2019-09-12 10:10:08,405 [Thread-1014] INFO  impl.RoleInfo (RoleInfo.java:updateAndGet(143)) - 004fc30c-f0ab-42da-b88f-ff2f3e6aa886: start LeaderElection
2019-09-12 10:10:08,439 [aab15dc4-7b32-43e5-ad59-c8341f2a8016-SegmentedRaftLogWorker:Storage Directory /workdir/hadoop-ozone/integration-test/target/test-dir/MiniOzoneClusterImpl-afece541-ebdb-408e-b3cb-0c4dcae62716/datanode-1/data/ratis/a0034c08-a517-4406-918d-b6c1f6423bde] INFO  segmented.SegmentedRaftLogWorker (SegmentedRaftLogWorker.java:execute(569)) - aab15dc4-7b32-43e5-ad59-c8341f2a8016-SegmentedRaftLogWorker:Storage Directory /workdir/hadoop-ozone/integration-test/target/test-dir/MiniOzoneClusterImpl-afece541-ebdb-408e-b3cb-0c4dcae62716/datanode-1/data/ratis/a0034c08-a517-4406-918d-b6c1f6423bde: created new log segment /workdir/hadoop-ozone/integration-test/target/test-dir/MiniOzoneClusterImpl-afece541-ebdb-408e-b3cb-0c4dcae62716/datanode-1/data/ratis/a0034c08-a517-4406-918d-b6c1f6423bde/current/log_inprogress_0
2019-09-12 10:10:08,439 [004fc30c-f0ab-42da-b88f-ff2f3e6aa886:group-40143D286EA8:LeaderElection70] INFO  impl.LeaderElection (LeaderElection.java:askForVotes(181)) - 004fc30c-f0ab-42da-b88f-ff2f3e6aa886:group-40143D286EA8:LeaderElection70: begin an election at term 1 for -1: [004fc30c-f0ab-42da-b88f-ff2f3e6aa886:192.168.36.114:44994], old=null
2019-09-12 10:10:08,439 [004fc30c-f0ab-42da-b88f-ff2f3e6aa886:group-40143D286EA8:LeaderElection70] INFO  impl.RoleInfo (RoleInfo.java:shutdownLeaderElection(134)) - 004fc30c-f0ab-42da-b88f-ff2f3e6aa886: shutdown LeaderElection
2019-09-12 10:10:08,439 [004fc30c-f0ab-42da-b88f-ff2f3e6aa886:group-40143D286EA8:LeaderElection70] INFO  impl.RaftServerImpl (RaftServerImpl.java:setRole(171)) - 004fc30c-f0ab-42da-b88f-ff2f3e6aa886:group-40143D286EA8 changes role from CANDIDATE to LEADER at term 1 for changeToLeader
2019-09-12 10:10:08,439 [004fc30c-f0ab-42da-b88f-ff2f3e6aa886:group-40143D286EA8:LeaderElection70] INFO  impl.RaftServerImpl (ServerState.java:setLeader(263)) - 004fc30c-f0ab-42da-b88f-ff2f3e6aa886:group-40143D286EA8 change Leader from null to 004fc30c-f0ab-42da-b88f-ff2f3e6aa886 at term 1 for becomeLeader, leader elected after 5137ms
2019-09-12 10:10:08,440 [004fc30c-f0ab-42da-b88f-ff2f3e6aa886:group-40143D286EA8:LeaderElection70] INFO  server.RaftServerConfigKeys (ConfUtils.java:logGet(43)) - raft.server.staging.catchup.gap = 1000 (default)
2019-09-12 10:10:08,440 [004fc30c-f0ab-42da-b88f-ff2f3e6aa886:group-40143D286EA8:LeaderElection70] INFO  server.RaftServerConfigKeys (ConfUtils.java:logGet(43)) - raft.server.rpc.sleep.time = 25ms (default)
2019-09-12 10:10:08,440 [004fc30c-f0ab-42da-b88f-ff2f3e6aa886:group-40143D286EA8:LeaderElection70] INFO  server.RaftServerConfigKeys (ConfUtils.java:logGet(43)) - raft.server.write.element-limit = 4096 (default)
2019-09-12 10:10:08,440 [004fc30c-f0ab-42da-b88f-ff2f3e6aa886:group-40143D286EA8:LeaderElection70] INFO  server.RaftServerConfigKeys (ConfUtils.java:logGet(43)) - raft.server.watch.timeout = 10s (default)
2019-09-12 10:10:08,440 [004fc30c-f0ab-42da-b88f-ff2f3e6aa886:group-40143D286EA8:LeaderElection70] INFO  server.RaftServerConfigKeys (ConfUtils.java:logGet(43)) - raft.server.watch.timeout.denomination = 1s (default)
2019-09-12 10:10:08,440 [004fc30c-f0ab-42da-b88f-ff2f3e6aa886:group-40143D286EA8:LeaderElection70] INFO  server.RaftServerConfigKeys (ConfUtils.java:logGet(43)) - raft.server.watch.element-limit = 65536 (default)
2019-09-12 10:10:08,440 [004fc30c-f0ab-42da-b88f-ff2f3e6aa886:group-40143D286EA8:LeaderElection70] INFO  impl.RoleInfo (RoleInfo.java:updateAndGet(143)) - 004fc30c-f0ab-42da-b88f-ff2f3e6aa886: start LeaderState
2019-09-12 10:10:08,440 [004fc30c-f0ab-42da-b88f-ff2f3e6aa886:group-40143D286EA8:LeaderElection70] INFO  segmented.SegmentedRaftLogWorker (SegmentedRaftLogWorker.java:startLogSegment(380)) - 004fc30c-f0ab-42da-b88f-ff2f3e6aa886-SegmentedRaftLogWorker:Storage Directory /workdir/hadoop-ozone/integration-test/target/test-dir/MiniOzoneClusterImpl-afece541-ebdb-408e-b3cb-0c4dcae62716/datanode-2/data/ratis/b6e6cd1a-8aac-4dc4-bce8-40143d286ea8: Starting segment from index:0
2019-09-12 10:10:08,441 [004fc30c-f0ab-42da-b88f-ff2f3e6aa886:group-40143D286EA8:LeaderElection70] INFO  impl.RaftServerImpl (ServerState.java:setRaftConf(361)) - 004fc30c-f0ab-42da-b88f-ff2f3e6aa886:group-40143D286EA8 set configuration 0: [004fc30c-f0ab-42da-b88f-ff2f3e6aa886:192.168.36.114:44994], old=null at 0
2019-09-12 10:10:08,441 [ForkJoinPool.commonPool-worker-1] INFO  ozoneimpl.OzoneContainer (OzoneContainer.java:stop(199)) - Attempting to stop container services.
2019-09-12 10:10:08,441 [main] INFO  ozoneimpl.OzoneContainer (OzoneContainer.java:stop(199)) - Attempting to stop container services.
2019-09-12 10:10:08,441 [ForkJoinPool.commonPool-worker-1] INFO  impl.RaftServerProxy (RaftServerProxy.java:lambda$close$4(314)) - 3291f544-f1a5-4119-b184-edae5bac4c07: close
2019-09-12 10:10:08,442 [main] INFO  impl.RaftServerProxy (RaftServerProxy.java:lambda$close$4(314)) - aab15dc4-7b32-43e5-ad59-c8341f2a8016: close
2019-09-12 10:10:08,442 [ForkJoinPool.commonPool-worker-1] INFO  impl.RaftServerImpl (RaftServerImpl.java:lambda$shutdown$3(245)) - 3291f544-f1a5-4119-b184-edae5bac4c07: shutdown group-AF4F9A24F857
2019-09-12 10:10:08,442 [main] INFO  impl.RaftServerImpl (RaftServerImpl.java:lambda$shutdown$3(245)) - aab15dc4-7b32-43e5-ad59-c8341f2a8016: shutdown group-EC978D3ADE55
2019-09-12 10:10:08,442 [ForkJoinPool.commonPool-worker-1] INFO  util.JmxRegister (JmxRegister.java:unregister(73)) - Successfully un-registered JMX Bean with object name Ratis:service=RaftServer,group=group-AF4F9A24F857,id=3291f544-f1a5-4119-b184-edae5bac4c07
2019-09-12 10:10:08,443 [main] INFO  util.JmxRegister (JmxRegister.java:unregister(73)) - Successfully un-registered JMX Bean with object name Ratis:service=RaftServer,group=group-EC978D3ADE55,id=aab15dc4-7b32-43e5-ad59-c8341f2a8016
2019-09-12 10:10:08,443 [ForkJoinPool.commonPool-worker-1] INFO  impl.RoleInfo (RoleInfo.java:shutdownLeaderState(104)) - 3291f544-f1a5-4119-b184-edae5bac4c07: shutdown LeaderState
2019-09-12 10:10:08,443 [main] INFO  impl.RoleInfo (RoleInfo.java:shutdownLeaderState(104)) - aab15dc4-7b32-43e5-ad59-c8341f2a8016: shutdown LeaderState
2019-09-12 10:10:08,444 [ForkJoinPool.commonPool-worker-1] INFO  impl.PendingRequests (PendingRequests.java:sendNotLeaderResponses(202)) - 3291f544-f1a5-4119-b184-edae5bac4c07-PendingRequests: sendNotLeaderResponses
2019-09-12 10:10:08,444 [main] INFO  impl.PendingRequests (PendingRequests.java:sendNotLeaderResponses(202)) - aab15dc4-7b32-43e5-ad59-c8341f2a8016-PendingRequests: sendNotLeaderResponses
2019-09-12 10:10:08,444 [ForkJoinPool.commonPool-worker-1] INFO  impl.StateMachineUpdater (StateMachineUpdater.java:stopAndJoin(115)) - StateMachineUpdater:3291f544-f1a5-4119-b184-edae5bac4c07:group-AF4F9A24F857: set stopIndex = 0
2019-09-12 10:10:08,444 [main] INFO  impl.StateMachineUpdater (StateMachineUpdater.java:stopAndJoin(115)) - StateMachineUpdater:aab15dc4-7b32-43e5-ad59-c8341f2a8016:group-EC978D3ADE55: set stopIndex = 0
2019-09-12 10:10:08,445 [ForkJoinPool.commonPool-worker-1] INFO  impl.RaftServerImpl (ServerState.java:close(394)) - 3291f544-f1a5-4119-b184-edae5bac4c07:group-AF4F9A24F857 closes. The last applied log index is 0
2019-09-12 10:10:08,445 [main] INFO  impl.RaftServerImpl (ServerState.java:close(394)) - aab15dc4-7b32-43e5-ad59-c8341f2a8016:group-EC978D3ADE55 closes. The last applied log index is 0
2019-09-12 10:10:08,445 [3291f544-f1a5-4119-b184-edae5bac4c07-SegmentedRaftLogWorker:Storage Directory /workdir/hadoop-ozone/integration-test/target/test-dir/MiniOzoneClusterImpl-afece541-ebdb-408e-b3cb-0c4dcae62716/datanode-0/data/ratis/79097633-6bba-46ec-95e4-af4f9a24f857] INFO  segmented.SegmentedRaftLogWorker (SegmentedRaftLogWorker.java:run(313)) - 3291f544-f1a5-4119-b184-edae5bac4c07-SegmentedRaftLogWorker:Storage Directory /workdir/hadoop-ozone/integration-test/target/test-dir/MiniOzoneClusterImpl-afece541-ebdb-408e-b3cb-0c4dcae62716/datanode-0/data/ratis/79097633-6bba-46ec-95e4-af4f9a24f857 was interrupted, exiting. There are 0 tasks remaining in the queue.
2019-09-12 10:10:08,445 [aab15dc4-7b32-43e5-ad59-c8341f2a8016-SegmentedRaftLogWorker:Storage Directory /workdir/hadoop-ozone/integration-test/target/test-dir/MiniOzoneClusterImpl-afece541-ebdb-408e-b3cb-0c4dcae62716/datanode-1/data/ratis/9ec2b7f5-1ad9-4f3e-b71c-ec978d3ade55] INFO  segmented.SegmentedRaftLogWorker (SegmentedRaftLogWorker.java:run(313)) - aab15dc4-7b32-43e5-ad59-c8341f2a8016-SegmentedRaftLogWorker:Storage Directory /workdir/hadoop-ozone/integration-test/target/test-dir/MiniOzoneClusterImpl-afece541-ebdb-408e-b3cb-0c4dcae62716/datanode-1/data/ratis/9ec2b7f5-1ad9-4f3e-b71c-ec978d3ade55 was interrupted, exiting. There are 0 tasks remaining in the queue.
2019-09-12 10:10:08,446 [ForkJoinPool.commonPool-worker-1] INFO  segmented.SegmentedRaftLogWorker (SegmentedRaftLogWorker.java:close(228)) - 3291f544-f1a5-4119-b184-edae5bac4c07-SegmentedRaftLogWorker:Storage Directory /workdir/hadoop-ozone/integration-test/target/test-dir/MiniOzoneClusterImpl-afece541-ebdb-408e-b3cb-0c4dcae62716/datanode-0/data/ratis/79097633-6bba-46ec-95e4-af4f9a24f857 close()
2019-09-12 10:10:08,446 [main] INFO  segmented.SegmentedRaftLogWorker (SegmentedRaftLogWorker.java:close(228)) - aab15dc4-7b32-43e5-ad59-c8341f2a8016-SegmentedRaftLogWorker:Storage Directory /workdir/hadoop-ozone/integration-test/target/test-dir/MiniOzoneClusterImpl-afece541-ebdb-408e-b3cb-0c4dcae62716/datanode-1/data/ratis/9ec2b7f5-1ad9-4f3e-b71c-ec978d3ade55 close()
2019-09-12 10:10:08,476 [ForkJoinPool.commonPool-worker-1] INFO  impl.RaftServerImpl (RaftServerImpl.java:lambda$shutdown$3(245)) - 3291f544-f1a5-4119-b184-edae5bac4c07: shutdown group-702CAAA84A6A
2019-09-12 10:10:08,478 [main] INFO  impl.RaftServerImpl (RaftServerImpl.java:lambda$shutdown$3(245)) - aab15dc4-7b32-43e5-ad59-c8341f2a8016: shutdown group-A5C5CF4EC268
2019-09-12 10:10:08,478 [ForkJoinPool.commonPool-worker-1] INFO  util.JmxRegister (JmxRegister.java:unregister(73)) - Successfully un-registered JMX Bean with object name Ratis:service=RaftServer,group=group-702CAAA84A6A,id=3291f544-f1a5-4119-b184-edae5bac4c07
2019-09-12 10:10:08,478 [main] INFO  util.JmxRegister (JmxRegister.java:unregister(73)) - Successfully un-registered JMX Bean with object name Ratis:service=RaftServer,group=group-A5C5CF4EC268,id=aab15dc4-7b32-43e5-ad59-c8341f2a8016
2019-09-12 10:10:08,479 [main] INFO  impl.RoleInfo (RoleInfo.java:shutdownLeaderState(104)) - aab15dc4-7b32-43e5-ad59-c8341f2a8016: shutdown LeaderState
2019-09-12 10:10:08,479 [ForkJoinPool.commonPool-worker-1] INFO  impl.RoleInfo (RoleInfo.java:shutdownLeaderState(104)) - 3291f544-f1a5-4119-b184-edae5bac4c07: shutdown LeaderState
2019-09-12 10:10:08,479 [main] INFO  impl.PendingRequests (PendingRequests.java:sendNotLeaderResponses(202)) - aab15dc4-7b32-43e5-ad59-c8341f2a8016-PendingRequests: sendNotLeaderResponses
2019-09-12 10:10:08,480 [ForkJoinPool.commonPool-worker-1] INFO  impl.PendingRequests (PendingRequests.java:sendNotLeaderResponses(202)) - 3291f544-f1a5-4119-b184-edae5bac4c07-PendingRequests: sendNotLeaderResponses
2019-09-12 10:10:08,480 [main] INFO  impl.StateMachineUpdater (StateMachineUpdater.java:stopAndJoin(115)) - StateMachineUpdater:aab15dc4-7b32-43e5-ad59-c8341f2a8016:group-A5C5CF4EC268: set stopIndex = 0
2019-09-12 10:10:08,480 [ForkJoinPool.commonPool-worker-1] INFO  impl.StateMachineUpdater (StateMachineUpdater.java:stopAndJoin(115)) - StateMachineUpdater:3291f544-f1a5-4119-b184-edae5bac4c07:group-702CAAA84A6A: set stopIndex = 0
2019-09-12 10:10:08,481 [main] INFO  impl.RaftServerImpl (ServerState.java:close(394)) - aab15dc4-7b32-43e5-ad59-c8341f2a8016:group-A5C5CF4EC268 closes. The last applied log index is 0
2019-09-12 10:10:08,481 [ForkJoinPool.commonPool-worker-1] INFO  impl.RaftServerImpl (ServerState.java:close(394)) - 3291f544-f1a5-4119-b184-edae5bac4c07:group-702CAAA84A6A closes. The last applied log index is 0
2019-09-12 10:10:08,481 [aab15dc4-7b32-43e5-ad59-c8341f2a8016-SegmentedRaftLogWorker:Storage Directory /workdir/hadoop-ozone/integration-test/target/test-dir/MiniOzoneClusterImpl-afece541-ebdb-408e-b3cb-0c4dcae62716/datanode-1/data/ratis/f58c8a37-b228-4473-8f61-a5c5cf4ec268] INFO  segmented.SegmentedRaftLogWorker (SegmentedRaftLogWorker.java:run(313)) - aab15dc4-7b32-43e5-ad59-c8341f2a8016-SegmentedRaftLogWorker:Storage Directory /workdir/hadoop-ozone/integration-test/target/test-dir/MiniOzoneClusterImpl-afece541-ebdb-408e-b3cb-0c4dcae62716/datanode-1/data/ratis/f58c8a37-b228-4473-8f61-a5c5cf4ec268 was interrupted, exiting. There are 0 tasks remaining in the queue.
2019-09-12 10:10:08,481 [3291f544-f1a5-4119-b184-edae5bac4c07-SegmentedRaftLogWorker:Storage Directory /workdir/hadoop-ozone/integration-test/target/test-dir/MiniOzoneClusterImpl-afece541-ebdb-408e-b3cb-0c4dcae62716/datanode-0/data/ratis/cf1d3fe6-3ba9-43cd-9065-702caaa84a6a] INFO  segmented.SegmentedRaftLogWorker (SegmentedRaftLogWorker.java:run(313)) - 3291f544-f1a5-4119-b184-edae5bac4c07-SegmentedRaftLogWorker:Storage Directory /workdir/hadoop-ozone/integration-test/target/test-dir/MiniOzoneClusterImpl-afece541-ebdb-408e-b3cb-0c4dcae62716/datanode-0/data/ratis/cf1d3fe6-3ba9-43cd-9065-702caaa84a6a was interrupted, exiting. There are 0 tasks remaining in the queue.
2019-09-12 10:10:08,482 [main] INFO  segmented.SegmentedRaftLogWorker (SegmentedRaftLogWorker.java:close(228)) - aab15dc4-7b32-43e5-ad59-c8341f2a8016-SegmentedRaftLogWorker:Storage Directory /workdir/hadoop-ozone/integration-test/target/test-dir/MiniOzoneClusterImpl-afece541-ebdb-408e-b3cb-0c4dcae62716/datanode-1/data/ratis/f58c8a37-b228-4473-8f61-a5c5cf4ec268 close()
2019-09-12 10:10:08,482 [ForkJoinPool.commonPool-worker-1] INFO  segmented.SegmentedRaftLogWorker (SegmentedRaftLogWorker.java:close(228)) - 3291f544-f1a5-4119-b184-edae5bac4c07-SegmentedRaftLogWorker:Storage Directory /workdir/hadoop-ozone/integration-test/target/test-dir/MiniOzoneClusterImpl-afece541-ebdb-408e-b3cb-0c4dcae62716/datanode-0/data/ratis/cf1d3fe6-3ba9-43cd-9065-702caaa84a6a close()
2019-09-12 10:10:08,484 [main] INFO  impl.RaftServerImpl (RaftServerImpl.java:lambda$shutdown$3(245)) - aab15dc4-7b32-43e5-ad59-c8341f2a8016: shutdown group-32DC5938082C
2019-09-12 10:10:08,486 [ForkJoinPool.commonPool-worker-1] INFO  impl.RaftServerImpl (RaftServerImpl.java:lambda$shutdown$3(245)) - 3291f544-f1a5-4119-b184-edae5bac4c07: shutdown group-3E666E9A241D
2019-09-12 10:10:08,486 [main] INFO  util.JmxRegister (JmxRegister.java:unregister(73)) - Successfully un-registered JMX Bean with object name Ratis:service=RaftServer,group=group-32DC5938082C,id=aab15dc4-7b32-43e5-ad59-c8341f2a8016
2019-09-12 10:10:08,486 [ForkJoinPool.commonPool-worker-1] INFO  util.JmxRegister (JmxRegister.java:unregister(73)) - Successfully un-registered JMX Bean with object name Ratis:service=RaftServer,group=group-3E666E9A241D,id=3291f544-f1a5-4119-b184-edae5bac4c07
2019-09-12 10:10:08,487 [main] INFO  impl.RoleInfo (RoleInfo.java:shutdownLeaderState(104)) - aab15dc4-7b32-43e5-ad59-c8341f2a8016: shutdown LeaderState
2019-09-12 10:10:08,487 [ForkJoinPool.commonPool-worker-1] INFO  impl.RoleInfo (RoleInfo.java:shutdownLeaderState(104)) - 3291f544-f1a5-4119-b184-edae5bac4c07: shutdown LeaderState
2019-09-12 10:10:08,487 [Thread-1017] INFO  impl.FollowerState (FollowerState.java:run(106)) - 004fc30c-f0ab-42da-b88f-ff2f3e6aa886:group-E6CB9E453505 changes to CANDIDATE, lastRpcTime:5066, electionTimeout:5066ms
2019-09-12 10:10:08,487 [main] INFO  impl.PendingRequests (PendingRequests.java:sendNotLeaderResponses(202)) - aab15dc4-7b32-43e5-ad59-c8341f2a8016-PendingRequests: sendNotLeaderResponses
2019-09-12 10:10:08,487 [Thread-1017] INFO  impl.RoleInfo (RoleInfo.java:shutdownFollowerState(121)) - 004fc30c-f0ab-42da-b88f-ff2f3e6aa886: shutdown FollowerState
2019-09-12 10:10:08,487 [ForkJoinPool.commonPool-worker-1] INFO  impl.PendingRequests (PendingRequests.java:sendNotLeaderResponses(202)) - 3291f544-f1a5-4119-b184-edae5bac4c07-PendingRequests: sendNotLeaderResponses
2019-09-12 10:10:08,488 [Thread-1017] INFO  impl.RaftServerImpl (RaftServerImpl.java:setRole(171)) - 004fc30c-f0ab-42da-b88f-ff2f3e6aa886:group-E6CB9E453505 changes role from FOLLOWER to CANDIDATE at term 0 for changeToCandidate
2019-09-12 10:10:08,488 [main] INFO  impl.StateMachineUpdater (StateMachineUpdater.java:stopAndJoin(115)) - StateMachineUpdater:aab15dc4-7b32-43e5-ad59-c8341f2a8016:group-32DC5938082C: set stopIndex = 0
2019-09-12 10:10:08,488 [Thread-1017] INFO  impl.RoleInfo (RoleInfo.java:updateAndGet(143)) - 004fc30c-f0ab-42da-b88f-ff2f3e6aa886: start LeaderElection
2019-09-12 10:10:08,488 [ForkJoinPool.commonPool-worker-1] INFO  impl.StateMachineUpdater (StateMachineUpdater.java:stopAndJoin(115)) - StateMachineUpdater:3291f544-f1a5-4119-b184-edae5bac4c07:group-3E666E9A241D: set stopIndex = 0
2019-09-12 10:10:08,489 [main] INFO  impl.RaftServerImpl (ServerState.java:close(394)) - aab15dc4-7b32-43e5-ad59-c8341f2a8016:group-32DC5938082C closes. The last applied log index is 0
2019-09-12 10:10:08,491 [ForkJoinPool.commonPool-worker-1] INFO  impl.RaftServerImpl (ServerState.java:close(394)) - 3291f544-f1a5-4119-b184-edae5bac4c07:group-3E666E9A241D closes. The last applied log index is 0
2019-09-12 10:10:08,491 [aab15dc4-7b32-43e5-ad59-c8341f2a8016-SegmentedRaftLogWorker:Storage Directory /workdir/hadoop-ozone/integration-test/target/test-dir/MiniOzoneClusterImpl-afece541-ebdb-408e-b3cb-0c4dcae62716/datanode-1/data/ratis/569e25ee-0818-4659-9e9a-32dc5938082c] INFO  segmented.SegmentedRaftLogWorker (SegmentedRaftLogWorker.java:run(313)) - aab15dc4-7b32-43e5-ad59-c8341f2a8016-SegmentedRaftLogWorker:Storage Directory /workdir/hadoop-ozone/integration-test/target/test-dir/MiniOzoneClusterImpl-afece541-ebdb-408e-b3cb-0c4dcae62716/datanode-1/data/ratis/569e25ee-0818-4659-9e9a-32dc5938082c was interrupted, exiting. There are 0 tasks remaining in the queue.
2019-09-12 10:10:08,492 [3291f544-f1a5-4119-b184-edae5bac4c07-SegmentedRaftLogWorker:Storage Directory /workdir/hadoop-ozone/integration-test/target/test-dir/MiniOzoneClusterImpl-afece541-ebdb-408e-b3cb-0c4dcae62716/datanode-0/data/ratis/d15ddd4f-7f3e-45a7-95af-3e666e9a241d] INFO  segmented.SegmentedRaftLogWorker (SegmentedRaftLogWorker.java:run(313)) - 3291f544-f1a5-4119-b184-edae5bac4c07-SegmentedRaftLogWorker:Storage Directory /workdir/hadoop-ozone/integration-test/target/test-dir/MiniOzoneClusterImpl-afece541-ebdb-408e-b3cb-0c4dcae62716/datanode-0/data/ratis/d15ddd4f-7f3e-45a7-95af-3e666e9a241d was interrupted, exiting. There are 0 tasks remaining in the queue.
2019-09-12 10:10:08,492 [main] INFO  segmented.SegmentedRaftLogWorker (SegmentedRaftLogWorker.java:close(228)) - aab15dc4-7b32-43e5-ad59-c8341f2a8016-SegmentedRaftLogWorker:Storage Directory /workdir/hadoop-ozone/integration-test/target/test-dir/MiniOzoneClusterImpl-afece541-ebdb-408e-b3cb-0c4dcae62716/datanode-1/data/ratis/569e25ee-0818-4659-9e9a-32dc5938082c close()
2019-09-12 10:10:08,492 [ForkJoinPool.commonPool-worker-1] INFO  segmented.SegmentedRaftLogWorker (SegmentedRaftLogWorker.java:close(228)) - 3291f544-f1a5-4119-b184-edae5bac4c07-SegmentedRaftLogWorker:Storage Directory /workdir/hadoop-ozone/integration-test/target/test-dir/MiniOzoneClusterImpl-afece541-ebdb-408e-b3cb-0c4dcae62716/datanode-0/data/ratis/d15ddd4f-7f3e-45a7-95af-3e666e9a241d close()
2019-09-12 10:10:08,494 [main] INFO  impl.RaftServerImpl (RaftServerImpl.java:lambda$shutdown$3(245)) - aab15dc4-7b32-43e5-ad59-c8341f2a8016: shutdown group-3446C915B006
2019-09-12 10:10:08,496 [ForkJoinPool.commonPool-worker-1] INFO  impl.RaftServerImpl (RaftServerImpl.java:lambda$shutdown$3(245)) - 3291f544-f1a5-4119-b184-edae5bac4c07: shutdown group-14B38CF43611
2019-09-12 10:10:08,496 [main] INFO  util.JmxRegister (JmxRegister.java:unregister(73)) - Successfully un-registered JMX Bean with object name Ratis:service=RaftServer,group=group-3446C915B006,id=aab15dc4-7b32-43e5-ad59-c8341f2a8016
2019-09-12 10:10:08,496 [ForkJoinPool.commonPool-worker-1] INFO  util.JmxRegister (JmxRegister.java:unregister(73)) - Successfully un-registered JMX Bean with object name Ratis:service=RaftServer,group=group-14B38CF43611,id=3291f544-f1a5-4119-b184-edae5bac4c07
2019-09-12 10:10:08,496 [main] INFO  impl.RoleInfo (RoleInfo.java:shutdownLeaderState(104)) - aab15dc4-7b32-43e5-ad59-c8341f2a8016: shutdown LeaderState
2019-09-12 10:10:08,497 [ForkJoinPool.commonPool-worker-1] INFO  impl.RoleInfo (RoleInfo.java:shutdownLeaderState(104)) - 3291f544-f1a5-4119-b184-edae5bac4c07: shutdown LeaderState
2019-09-12 10:10:08,497 [main] INFO  impl.PendingRequests (PendingRequests.java:sendNotLeaderResponses(202)) - aab15dc4-7b32-43e5-ad59-c8341f2a8016-PendingRequests: sendNotLeaderResponses
2019-09-12 10:10:08,497 [ForkJoinPool.commonPool-worker-1] INFO  impl.PendingRequests (PendingRequests.java:sendNotLeaderResponses(202)) - 3291f544-f1a5-4119-b184-edae5bac4c07-PendingRequests: sendNotLeaderResponses
2019-09-12 10:10:08,498 [main] INFO  impl.StateMachineUpdater (StateMachineUpdater.java:stopAndJoin(115)) - StateMachineUpdater:aab15dc4-7b32-43e5-ad59-c8341f2a8016:group-3446C915B006: set stopIndex = 0
2019-09-12 10:10:08,498 [ForkJoinPool.commonPool-worker-1] INFO  impl.StateMachineUpdater (StateMachineUpdater.java:stopAndJoin(115)) - StateMachineUpdater:3291f544-f1a5-4119-b184-edae5bac4c07:group-14B38CF43611: set stopIndex = 0
2019-09-12 10:10:08,498 [main] INFO  impl.RaftServerImpl (ServerState.java:close(394)) - aab15dc4-7b32-43e5-ad59-c8341f2a8016:group-3446C915B006 closes. The last applied log index is 0
2019-09-12 10:10:08,499 [004fc30c-f0ab-42da-b88f-ff2f3e6aa886:group-E6CB9E453505:LeaderElection71] INFO  impl.LeaderElection (LeaderElection.java:askForVotes(181)) - 004fc30c-f0ab-42da-b88f-ff2f3e6aa886:group-E6CB9E453505:LeaderElection71: begin an election at term 1 for -1: [004fc30c-f0ab-42da-b88f-ff2f3e6aa886:192.168.36.114:44994], old=null
2019-09-12 10:10:08,498 [004fc30c-f0ab-42da-b88f-ff2f3e6aa886-SegmentedRaftLogWorker:Storage Directory /workdir/hadoop-ozone/integration-test/target/test-dir/MiniOzoneClusterImpl-afece541-ebdb-408e-b3cb-0c4dcae62716/datanode-2/data/ratis/b6e6cd1a-8aac-4dc4-bce8-40143d286ea8] INFO  segmented.SegmentedRaftLogWorker (SegmentedRaftLogWorker.java:execute(569)) - 004fc30c-f0ab-42da-b88f-ff2f3e6aa886-SegmentedRaftLogWorker:Storage Directory /workdir/hadoop-ozone/integration-test/target/test-dir/MiniOzoneClusterImpl-afece541-ebdb-408e-b3cb-0c4dcae62716/datanode-2/data/ratis/b6e6cd1a-8aac-4dc4-bce8-40143d286ea8: created new log segment /workdir/hadoop-ozone/integration-test/target/test-dir/MiniOzoneClusterImpl-afece541-ebdb-408e-b3cb-0c4dcae62716/datanode-2/data/ratis/b6e6cd1a-8aac-4dc4-bce8-40143d286ea8/current/log_inprogress_0
2019-09-12 10:10:08,498 [ForkJoinPool.commonPool-worker-1] INFO  impl.RaftServerImpl (ServerState.java:close(394)) - 3291f544-f1a5-4119-b184-edae5bac4c07:group-14B38CF43611 closes. The last applied log index is 0
2019-09-12 10:10:08,499 [004fc30c-f0ab-42da-b88f-ff2f3e6aa886:group-E6CB9E453505:LeaderElection71] INFO  impl.RoleInfo (RoleInfo.java:shutdownLeaderElection(134)) - 004fc30c-f0ab-42da-b88f-ff2f3e6aa886: shutdown LeaderElection
2019-09-12 10:10:08,499 [3291f544-f1a5-4119-b184-edae5bac4c07-SegmentedRaftLogWorker:Storage Directory /workdir/hadoop-ozone/integration-test/target/test-dir/MiniOzoneClusterImpl-afece541-ebdb-408e-b3cb-0c4dcae62716/datanode-0/data/ratis/288e2548-586c-4b6e-ae34-14b38cf43611] INFO  segmented.SegmentedRaftLogWorker (SegmentedRaftLogWorker.java:run(313)) - 3291f544-f1a5-4119-b184-edae5bac4c07-SegmentedRaftLogWorker:Storage Directory /workdir/hadoop-ozone/integration-test/target/test-dir/MiniOzoneClusterImpl-afece541-ebdb-408e-b3cb-0c4dcae62716/datanode-0/data/ratis/288e2548-586c-4b6e-ae34-14b38cf43611 was interrupted, exiting. There are 0 tasks remaining in the queue.
2019-09-12 10:10:08,499 [aab15dc4-7b32-43e5-ad59-c8341f2a8016-SegmentedRaftLogWorker:Storage Directory /workdir/hadoop-ozone/integration-test/target/test-dir/MiniOzoneClusterImpl-afece541-ebdb-408e-b3cb-0c4dcae62716/datanode-1/data/ratis/75d817ce-dcce-4a8d-8e3a-3446c915b006] INFO  segmented.SegmentedRaftLogWorker (SegmentedRaftLogWorker.java:run(313)) - aab15dc4-7b32-43e5-ad59-c8341f2a8016-SegmentedRaftLogWorker:Storage Directory /workdir/hadoop-ozone/integration-test/target/test-dir/MiniOzoneClusterImpl-afece541-ebdb-408e-b3cb-0c4dcae62716/datanode-1/data/ratis/75d817ce-dcce-4a8d-8e3a-3446c915b006 was interrupted, exiting. There are 0 tasks remaining in the queue.
2019-09-12 10:10:08,499 [ForkJoinPool.commonPool-worker-1] INFO  segmented.SegmentedRaftLogWorker (SegmentedRaftLogWorker.java:close(228)) - 3291f544-f1a5-4119-b184-edae5bac4c07-SegmentedRaftLogWorker:Storage Directory /workdir/hadoop-ozone/integration-test/target/test-dir/MiniOzoneClusterImpl-afece541-ebdb-408e-b3cb-0c4dcae62716/datanode-0/data/ratis/288e2548-586c-4b6e-ae34-14b38cf43611 close()
2019-09-12 10:10:08,499 [004fc30c-f0ab-42da-b88f-ff2f3e6aa886:group-E6CB9E453505:LeaderElection71] INFO  impl.RaftServerImpl (RaftServerImpl.java:setRole(171)) - 004fc30c-f0ab-42da-b88f-ff2f3e6aa886:group-E6CB9E453505 changes role from CANDIDATE to LEADER at term 1 for changeToLeader
2019-09-12 10:10:08,501 [ForkJoinPool.commonPool-worker-1] INFO  impl.RaftServerImpl (RaftServerImpl.java:lambda$shutdown$3(245)) - 3291f544-f1a5-4119-b184-edae5bac4c07: shutdown group-3EFA0C284A2C
2019-09-12 10:10:08,500 [main] INFO  segmented.SegmentedRaftLogWorker (SegmentedRaftLogWorker.java:close(228)) - aab15dc4-7b32-43e5-ad59-c8341f2a8016-SegmentedRaftLogWorker:Storage Directory /workdir/hadoop-ozone/integration-test/target/test-dir/MiniOzoneClusterImpl-afece541-ebdb-408e-b3cb-0c4dcae62716/datanode-1/data/ratis/75d817ce-dcce-4a8d-8e3a-3446c915b006 close()
2019-09-12 10:10:08,502 [ForkJoinPool.commonPool-worker-1] INFO  util.JmxRegister (JmxRegister.java:unregister(73)) - Successfully un-registered JMX Bean with object name Ratis:service=RaftServer,group=group-3EFA0C284A2C,id=3291f544-f1a5-4119-b184-edae5bac4c07
2019-09-12 10:10:08,504 [ForkJoinPool.commonPool-worker-1] INFO  impl.RoleInfo (RoleInfo.java:shutdownLeaderState(104)) - 3291f544-f1a5-4119-b184-edae5bac4c07: shutdown LeaderState
2019-09-12 10:10:08,501 [004fc30c-f0ab-42da-b88f-ff2f3e6aa886:group-E6CB9E453505:LeaderElection71] INFO  impl.RaftServerImpl (ServerState.java:setLeader(263)) - 004fc30c-f0ab-42da-b88f-ff2f3e6aa886:group-E6CB9E453505 change Leader from null to 004fc30c-f0ab-42da-b88f-ff2f3e6aa886 at term 1 for becomeLeader, leader elected after 5083ms
2019-09-12 10:10:08,504 [ForkJoinPool.commonPool-worker-1] INFO  impl.PendingRequests (PendingRequests.java:sendNotLeaderResponses(202)) - 3291f544-f1a5-4119-b184-edae5bac4c07-PendingRequests: sendNotLeaderResponses
2019-09-12 10:10:08,504 [main] INFO  impl.RaftServerImpl (RaftServerImpl.java:lambda$shutdown$3(245)) - aab15dc4-7b32-43e5-ad59-c8341f2a8016: shutdown group-B6C1F6423BDE
2019-09-12 10:10:08,504 [ForkJoinPool.commonPool-worker-1] INFO  impl.StateMachineUpdater (StateMachineUpdater.java:stopAndJoin(115)) - StateMachineUpdater:3291f544-f1a5-4119-b184-edae5bac4c07:group-3EFA0C284A2C: set stopIndex = 0
2019-09-12 10:10:08,505 [ForkJoinPool.commonPool-worker-1] INFO  impl.RaftServerImpl (ServerState.java:close(394)) - 3291f544-f1a5-4119-b184-edae5bac4c07:group-3EFA0C284A2C closes. The last applied log index is 0
2019-09-12 10:10:08,504 [004fc30c-f0ab-42da-b88f-ff2f3e6aa886:group-E6CB9E453505:LeaderElection71] INFO  server.RaftServerConfigKeys (ConfUtils.java:logGet(43)) - raft.server.staging.catchup.gap = 1000 (default)
2019-09-12 10:10:08,505 [3291f544-f1a5-4119-b184-edae5bac4c07-SegmentedRaftLogWorker:Storage Directory /workdir/hadoop-ozone/integration-test/target/test-dir/MiniOzoneClusterImpl-afece541-ebdb-408e-b3cb-0c4dcae62716/datanode-0/data/ratis/78251e3b-55a0-4ae1-8c96-3efa0c284a2c] INFO  segmented.SegmentedRaftLogWorker (SegmentedRaftLogWorker.java:run(313)) - 3291f544-f1a5-4119-b184-edae5bac4c07-SegmentedRaftLogWorker:Storage Directory /workdir/hadoop-ozone/integration-test/target/test-dir/MiniOzoneClusterImpl-afece541-ebdb-408e-b3cb-0c4dcae62716/datanode-0/data/ratis/78251e3b-55a0-4ae1-8c96-3efa0c284a2c was interrupted, exiting. There are 0 tasks remaining in the queue.
2019-09-12 10:10:08,505 [main] INFO  util.JmxRegister (JmxRegister.java:unregister(73)) - Successfully un-registered JMX Bean with object name Ratis:service=RaftServer,group=group-B6C1F6423BDE,id=aab15dc4-7b32-43e5-ad59-c8341f2a8016
2019-09-12 10:10:08,505 [ForkJoinPool.commonPool-worker-1] INFO  segmented.SegmentedRaftLogWorker (SegmentedRaftLogWorker.java:close(228)) - 3291f544-f1a5-4119-b184-edae5bac4c07-SegmentedRaftLogWorker:Storage Directory /workdir/hadoop-ozone/integration-test/target/test-dir/MiniOzoneClusterImpl-afece541-ebdb-408e-b3cb-0c4dcae62716/datanode-0/data/ratis/78251e3b-55a0-4ae1-8c96-3efa0c284a2c close()
2019-09-12 10:10:08,505 [004fc30c-f0ab-42da-b88f-ff2f3e6aa886:group-E6CB9E453505:LeaderElection71] INFO  server.RaftServerConfigKeys (ConfUtils.java:logGet(43)) - raft.server.rpc.sleep.time = 25ms (default)
2019-09-12 10:10:08,508 [ForkJoinPool.commonPool-worker-1] INFO  impl.RaftServerImpl (RaftServerImpl.java:lambda$shutdown$3(245)) - 3291f544-f1a5-4119-b184-edae5bac4c07: shutdown group-1D2354C04FCD
2019-09-12 10:10:08,505 [main] INFO  impl.RoleInfo (RoleInfo.java:shutdownLeaderState(104)) - aab15dc4-7b32-43e5-ad59-c8341f2a8016: shutdown LeaderState
2019-09-12 10:10:08,509 [004fc30c-f0ab-42da-b88f-ff2f3e6aa886:group-E6CB9E453505:LeaderElection71] INFO  server.RaftServerConfigKeys (ConfUtils.java:logGet(43)) - raft.server.write.element-limit = 4096 (default)
2019-09-12 10:10:08,508 [ForkJoinPool.commonPool-worker-1] INFO  util.JmxRegister (JmxRegister.java:unregister(73)) - Successfully un-registered JMX Bean with object name Ratis:service=RaftServer,group=group-1D2354C04FCD,id=3291f544-f1a5-4119-b184-edae5bac4c07
2019-09-12 10:10:08,509 [004fc30c-f0ab-42da-b88f-ff2f3e6aa886:group-E6CB9E453505:LeaderElection71] INFO  server.RaftServerConfigKeys (ConfUtils.java:logGet(43)) - raft.server.watch.timeout = 10s (default)
2019-09-12 10:10:08,509 [main] INFO  impl.PendingRequests (PendingRequests.java:sendNotLeaderResponses(202)) - aab15dc4-7b32-43e5-ad59-c8341f2a8016-PendingRequests: sendNotLeaderResponses
2019-09-12 10:10:08,509 [004fc30c-f0ab-42da-b88f-ff2f3e6aa886:group-E6CB9E453505:LeaderElection71] INFO  server.RaftServerConfigKeys (ConfUtils.java:logGet(43)) - raft.server.watch.timeout.denomination = 1s (default)
2019-09-12 10:10:08,509 [ForkJoinPool.commonPool-worker-1] INFO  impl.RoleInfo (RoleInfo.java:shutdownLeaderState(104)) - 3291f544-f1a5-4119-b184-edae5bac4c07: shutdown LeaderState
2019-09-12 10:10:08,510 [004fc30c-f0ab-42da-b88f-ff2f3e6aa886:group-E6CB9E453505:LeaderElection71] INFO  server.RaftServerConfigKeys (ConfUtils.java:logGet(43)) - raft.server.watch.element-limit = 65536 (default)
2019-09-12 10:10:08,510 [main] INFO  impl.StateMachineUpdater (StateMachineUpdater.java:stopAndJoin(115)) - StateMachineUpdater:aab15dc4-7b32-43e5-ad59-c8341f2a8016:group-B6C1F6423BDE: set stopIndex = 0
2019-09-12 10:10:08,511 [004fc30c-f0ab-42da-b88f-ff2f3e6aa886:group-E6CB9E453505:LeaderElection71] INFO  impl.RoleInfo (RoleInfo.java:updateAndGet(143)) - 004fc30c-f0ab-42da-b88f-ff2f3e6aa886: start LeaderState
2019-09-12 10:10:08,510 [ForkJoinPool.commonPool-worker-1] INFO  impl.PendingRequests (PendingRequests.java:sendNotLeaderResponses(202)) - 3291f544-f1a5-4119-b184-edae5bac4c07-PendingRequests: sendNotLeaderResponses
2019-09-12 10:10:08,511 [004fc30c-f0ab-42da-b88f-ff2f3e6aa886:group-E6CB9E453505:LeaderElection71] INFO  segmented.SegmentedRaftLogWorker (SegmentedRaftLogWorker.java:startLogSegment(380)) - 004fc30c-f0ab-42da-b88f-ff2f3e6aa886-SegmentedRaftLogWorker:Storage Directory /workdir/hadoop-ozone/integration-test/target/test-dir/MiniOzoneClusterImpl-afece541-ebdb-408e-b3cb-0c4dcae62716/datanode-2/data/ratis/b5e1d38e-4cbf-4e51-8532-e6cb9e453505: Starting segment from index:0
2019-09-12 10:10:08,511 [main] INFO  impl.RaftServerImpl (ServerState.java:close(394)) - aab15dc4-7b32-43e5-ad59-c8341f2a8016:group-B6C1F6423BDE closes. The last applied log index is 0
2019-09-12 10:10:08,511 [ForkJoinPool.commonPool-worker-1] INFO  impl.StateMachineUpdater (StateMachineUpdater.java:stopAndJoin(115)) - StateMachineUpdater:3291f544-f1a5-4119-b184-edae5bac4c07:group-1D2354C04FCD: set stopIndex = 0
2019-09-12 10:10:08,512 [004fc30c-f0ab-42da-b88f-ff2f3e6aa886:group-E6CB9E453505:LeaderElection71] INFO  impl.RaftServerImpl (ServerState.java:setRaftConf(361)) - 004fc30c-f0ab-42da-b88f-ff2f3e6aa886:group-E6CB9E453505 set configuration 0: [004fc30c-f0ab-42da-b88f-ff2f3e6aa886:192.168.36.114:44994], old=null at 0
2019-09-12 10:10:08,512 [aab15dc4-7b32-43e5-ad59-c8341f2a8016-SegmentedRaftLogWorker:Storage Directory /workdir/hadoop-ozone/integration-test/target/test-dir/MiniOzoneClusterImpl-afece541-ebdb-408e-b3cb-0c4dcae62716/datanode-1/data/ratis/a0034c08-a517-4406-918d-b6c1f6423bde] INFO  segmented.SegmentedRaftLogWorker (SegmentedRaftLogWorker.java:run(313)) - aab15dc4-7b32-43e5-ad59-c8341f2a8016-SegmentedRaftLogWorker:Storage Directory /workdir/hadoop-ozone/integration-test/target/test-dir/MiniOzoneClusterImpl-afece541-ebdb-408e-b3cb-0c4dcae62716/datanode-1/data/ratis/a0034c08-a517-4406-918d-b6c1f6423bde was interrupted, exiting. There are 0 tasks remaining in the queue.
2019-09-12 10:10:08,512 [ForkJoinPool.commonPool-worker-1] INFO  impl.RaftServerImpl (ServerState.java:close(394)) - 3291f544-f1a5-4119-b184-edae5bac4c07:group-1D2354C04FCD closes. The last applied log index is 0
2019-09-12 10:10:08,512 [main] INFO  segmented.SegmentedRaftLogWorker (SegmentedRaftLogWorker.java:close(228)) - aab15dc4-7b32-43e5-ad59-c8341f2a8016-SegmentedRaftLogWorker:Storage Directory /workdir/hadoop-ozone/integration-test/target/test-dir/MiniOzoneClusterImpl-afece541-ebdb-408e-b3cb-0c4dcae62716/datanode-1/data/ratis/a0034c08-a517-4406-918d-b6c1f6423bde close()
2019-09-12 10:10:08,513 [3291f544-f1a5-4119-b184-edae5bac4c07-SegmentedRaftLogWorker:Storage Directory /workdir/hadoop-ozone/integration-test/target/test-dir/MiniOzoneClusterImpl-afece541-ebdb-408e-b3cb-0c4dcae62716/datanode-0/data/ratis/b4d9f5f6-227e-4141-9367-1d2354c04fcd] INFO  segmented.SegmentedRaftLogWorker (SegmentedRaftLogWorker.java:run(313)) - 3291f544-f1a5-4119-b184-edae5bac4c07-SegmentedRaftLogWorker:Storage Directory /workdir/hadoop-ozone/integration-test/target/test-dir/MiniOzoneClusterImpl-afece541-ebdb-408e-b3cb-0c4dcae62716/datanode-0/data/ratis/b4d9f5f6-227e-4141-9367-1d2354c04fcd was interrupted, exiting. There are 0 tasks remaining in the queue.
2019-09-12 10:10:08,550 [main] INFO  impl.RaftServerImpl (RaftServerImpl.java:lambda$shutdown$3(245)) - aab15dc4-7b32-43e5-ad59-c8341f2a8016: shutdown group-A9BC18A7CE04
2019-09-12 10:10:08,550 [ForkJoinPool.commonPool-worker-1] INFO  segmented.SegmentedRaftLogWorker (SegmentedRaftLogWorker.java:close(228)) - 3291f544-f1a5-4119-b184-edae5bac4c07-SegmentedRaftLogWorker:Storage Directory /workdir/hadoop-ozone/integration-test/target/test-dir/MiniOzoneClusterImpl-afece541-ebdb-408e-b3cb-0c4dcae62716/datanode-0/data/ratis/b4d9f5f6-227e-4141-9367-1d2354c04fcd close()
2019-09-12 10:10:08,551 [main] INFO  util.JmxRegister (JmxRegister.java:unregister(73)) - Successfully un-registered JMX Bean with object name Ratis:service=RaftServer,group=group-A9BC18A7CE04,id=aab15dc4-7b32-43e5-ad59-c8341f2a8016
2019-09-12 10:10:08,551 [ForkJoinPool.commonPool-worker-1] INFO  server.GrpcService (GrpcService.java:closeImpl(155)) - 3291f544-f1a5-4119-b184-edae5bac4c07: shutdown server with port 42981 now
2019-09-12 10:10:08,552 [main] INFO  impl.RoleInfo (RoleInfo.java:shutdownLeaderState(104)) - aab15dc4-7b32-43e5-ad59-c8341f2a8016: shutdown LeaderState
2019-09-12 10:10:08,552 [main] INFO  impl.PendingRequests (PendingRequests.java:sendNotLeaderResponses(202)) - aab15dc4-7b32-43e5-ad59-c8341f2a8016-PendingRequests: sendNotLeaderResponses
2019-09-12 10:10:08,553 [ForkJoinPool.commonPool-worker-1] INFO  server.GrpcService (GrpcService.java:closeImpl(163)) - 3291f544-f1a5-4119-b184-edae5bac4c07: shutdown server with port 42981 successfully
2019-09-12 10:10:08,553 [main] INFO  impl.StateMachineUpdater (StateMachineUpdater.java:stopAndJoin(115)) - StateMachineUpdater:aab15dc4-7b32-43e5-ad59-c8341f2a8016:group-A9BC18A7CE04: set stopIndex = 0
2019-09-12 10:10:08,554 [main] INFO  impl.RaftServerImpl (ServerState.java:close(394)) - aab15dc4-7b32-43e5-ad59-c8341f2a8016:group-A9BC18A7CE04 closes. The last applied log index is 0
2019-09-12 10:10:08,554 [aab15dc4-7b32-43e5-ad59-c8341f2a8016-SegmentedRaftLogWorker:Storage Directory /workdir/hadoop-ozone/integration-test/target/test-dir/MiniOzoneClusterImpl-afece541-ebdb-408e-b3cb-0c4dcae62716/datanode-1/data/ratis/b4560c90-434f-4593-957e-a9bc18a7ce04] INFO  segmented.SegmentedRaftLogWorker (SegmentedRaftLogWorker.java:run(313)) - aab15dc4-7b32-43e5-ad59-c8341f2a8016-SegmentedRaftLogWorker:Storage Directory /workdir/hadoop-ozone/integration-test/target/test-dir/MiniOzoneClusterImpl-afece541-ebdb-408e-b3cb-0c4dcae62716/datanode-1/data/ratis/b4560c90-434f-4593-957e-a9bc18a7ce04 was interrupted, exiting. There are 0 tasks remaining in the queue.
2019-09-12 10:10:08,554 [main] INFO  segmented.SegmentedRaftLogWorker (SegmentedRaftLogWorker.java:close(228)) - aab15dc4-7b32-43e5-ad59-c8341f2a8016-SegmentedRaftLogWorker:Storage Directory /workdir/hadoop-ozone/integration-test/target/test-dir/MiniOzoneClusterImpl-afece541-ebdb-408e-b3cb-0c4dcae62716/datanode-1/data/ratis/b4560c90-434f-4593-957e-a9bc18a7ce04 close()
2019-09-12 10:10:08,554 [ForkJoinPool.commonPool-worker-1] INFO  utils.BackgroundService (BackgroundService.java:shutdown(148)) - Shutting down service BlockDeletingService
2019-09-12 10:10:08,555 [main] INFO  server.GrpcService (GrpcService.java:closeImpl(155)) - aab15dc4-7b32-43e5-ad59-c8341f2a8016: shutdown server with port 46566 now
2019-09-12 10:10:08,556 [main] INFO  server.GrpcService (GrpcService.java:closeImpl(163)) - aab15dc4-7b32-43e5-ad59-c8341f2a8016: shutdown server with port 46566 successfully
2019-09-12 10:10:08,558 [main] INFO  utils.BackgroundService (BackgroundService.java:shutdown(148)) - Shutting down service BlockDeletingService
2019-09-12 10:10:08,558 [refreshUsed-/workdir/hadoop-ozone/integration-test/target/test-dir/MiniOzoneClusterImpl-afece541-ebdb-408e-b3cb-0c4dcae62716/datanode-0/data/containers] WARN  fs.CachingGetSpaceUsed (CachingGetSpaceUsed.java:run(183)) - Thread Interrupted waiting to refresh disk information: sleep interrupted
2019-09-12 10:10:08,561 [refreshUsed-/workdir/hadoop-ozone/integration-test/target/test-dir/MiniOzoneClusterImpl-afece541-ebdb-408e-b3cb-0c4dcae62716/datanode-1/data/containers] WARN  fs.CachingGetSpaceUsed (CachingGetSpaceUsed.java:run(183)) - Thread Interrupted waiting to refresh disk information: sleep interrupted
2019-09-12 10:10:08,564 [004fc30c-f0ab-42da-b88f-ff2f3e6aa886-SegmentedRaftLogWorker:Storage Directory /workdir/hadoop-ozone/integration-test/target/test-dir/MiniOzoneClusterImpl-afece541-ebdb-408e-b3cb-0c4dcae62716/datanode-2/data/ratis/b5e1d38e-4cbf-4e51-8532-e6cb9e453505] INFO  segmented.SegmentedRaftLogWorker (SegmentedRaftLogWorker.java:execute(569)) - 004fc30c-f0ab-42da-b88f-ff2f3e6aa886-SegmentedRaftLogWorker:Storage Directory /workdir/hadoop-ozone/integration-test/target/test-dir/MiniOzoneClusterImpl-afece541-ebdb-408e-b3cb-0c4dcae62716/datanode-2/data/ratis/b5e1d38e-4cbf-4e51-8532-e6cb9e453505: created new log segment /workdir/hadoop-ozone/integration-test/target/test-dir/MiniOzoneClusterImpl-afece541-ebdb-408e-b3cb-0c4dcae62716/datanode-2/data/ratis/b5e1d38e-4cbf-4e51-8532-e6cb9e453505/current/log_inprogress_0
2019-09-12 10:10:08,577 [main] INFO  statemachine.DatanodeStateMachine (DatanodeStateMachine.java:stopDaemon(395)) - Ozone container server stopped.
2019-09-12 10:10:08,578 [ForkJoinPool.commonPool-worker-1] INFO  statemachine.DatanodeStateMachine (DatanodeStateMachine.java:stopDaemon(395)) - Ozone container server stopped.
2019-09-12 10:10:08,581 [main] INFO  handler.ContextHandler (ContextHandler.java:doStop(910)) - Stopped o.e.j.w.WebAppContext@457692cb{/,null,UNAVAILABLE}{/hddsDatanode}
2019-09-12 10:10:08,581 [ForkJoinPool.commonPool-worker-1] INFO  handler.ContextHandler (ContextHandler.java:doStop(910)) - Stopped o.e.j.w.WebAppContext@23c05889{/,null,UNAVAILABLE}{/hddsDatanode}
2019-09-12 10:10:08,582 [main] INFO  server.AbstractConnector (AbstractConnector.java:doStop(318)) - Stopped ServerConnector@350342e0{HTTP/1.1,[http/1.1]}{0.0.0.0:0}
2019-09-12 10:10:08,582 [ForkJoinPool.commonPool-worker-1] INFO  server.AbstractConnector (AbstractConnector.java:doStop(318)) - Stopped ServerConnector@12166229{HTTP/1.1,[http/1.1]}{0.0.0.0:0}
2019-09-12 10:10:08,582 [main] INFO  handler.ContextHandler (ContextHandler.java:doStop(910)) - Stopped o.e.j.s.ServletContextHandler@2e0516a3{/static,jar:file:/home/user/.m2/repository/org/apache/hadoop/hadoop-hdds-container-service/0.5.0-SNAPSHOT/hadoop-hdds-container-service-0.5.0-SNAPSHOT.jar!/webapps/static,UNAVAILABLE}
2019-09-12 10:10:08,583 [ForkJoinPool.commonPool-worker-1] INFO  handler.ContextHandler (ContextHandler.java:doStop(910)) - Stopped o.e.j.s.ServletContextHandler@7d18338b{/static,jar:file:/home/user/.m2/repository/org/apache/hadoop/hadoop-hdds-container-service/0.5.0-SNAPSHOT/hadoop-hdds-container-service-0.5.0-SNAPSHOT.jar!/webapps/static,UNAVAILABLE}
2019-09-12 10:10:08,583 [main] INFO  handler.ContextHandler (ContextHandler.java:doStop(910)) - Stopped o.e.j.s.ServletContextHandler@6f4d2294{/logs,file:///workdir/hadoop-ozone/integration-test/target/log,UNAVAILABLE}
2019-09-12 10:10:08,584 [ForkJoinPool.commonPool-worker-1] INFO  handler.ContextHandler (ContextHandler.java:doStop(910)) - Stopped o.e.j.s.ServletContextHandler@4e2824b1{/logs,file:///workdir/hadoop-ozone/integration-test/target/log,UNAVAILABLE}
2019-09-12 10:10:08,585 [main] INFO  datanode.ObjectStoreHandler (ObjectStoreHandler.java:close(155)) - Closing ObjectStoreHandler.
2019-09-12 10:10:08,586 [main] INFO  ozone.HddsDatanodeService (HddsDatanodeService.java:stop(451)) - Stopped plug-in org.apache.hadoop.ozone.web.OzoneHddsDatanodeService@4c000cc4
2019-09-12 10:10:08,903 [Datanode State Machine Thread - 0] INFO  statemachine.DatanodeStateMachine (DatanodeStateMachine.java:lambda$startDaemon$0(350)) - Ozone container server started.
2019-09-12 10:10:13,587 [main] INFO  ozoneimpl.OzoneContainer (OzoneContainer.java:stop(199)) - Attempting to stop container services.
2019-09-12 10:10:13,587 [main] INFO  impl.RaftServerProxy (RaftServerProxy.java:lambda$close$4(314)) - 004fc30c-f0ab-42da-b88f-ff2f3e6aa886: close
2019-09-12 10:10:13,588 [main] INFO  impl.RaftServerImpl (RaftServerImpl.java:lambda$shutdown$3(245)) - 004fc30c-f0ab-42da-b88f-ff2f3e6aa886: shutdown group-523C28B83363
2019-09-12 10:10:13,588 [ForkJoinPool.commonPool-worker-0] INFO  impl.RaftServerImpl (RaftServerImpl.java:lambda$shutdown$3(245)) - 004fc30c-f0ab-42da-b88f-ff2f3e6aa886: shutdown group-40143D286EA8
2019-09-12 10:10:13,589 [main] INFO  util.JmxRegister (JmxRegister.java:unregister(73)) - Successfully un-registered JMX Bean with object name Ratis:service=RaftServer,group=group-523C28B83363,id=004fc30c-f0ab-42da-b88f-ff2f3e6aa886
2019-09-12 10:10:13,589 [ForkJoinPool.commonPool-worker-0] INFO  util.JmxRegister (JmxRegister.java:unregister(73)) - Successfully un-registered JMX Bean with object name Ratis:service=RaftServer,group=group-40143D286EA8,id=004fc30c-f0ab-42da-b88f-ff2f3e6aa886
2019-09-12 10:10:13,589 [main] INFO  impl.RoleInfo (RoleInfo.java:shutdownLeaderState(104)) - 004fc30c-f0ab-42da-b88f-ff2f3e6aa886: shutdown LeaderState
2019-09-12 10:10:13,590 [ForkJoinPool.commonPool-worker-0] INFO  impl.RoleInfo (RoleInfo.java:shutdownLeaderState(104)) - 004fc30c-f0ab-42da-b88f-ff2f3e6aa886: shutdown LeaderState
2019-09-12 10:10:13,590 [main] INFO  impl.PendingRequests (PendingRequests.java:sendNotLeaderResponses(202)) - 004fc30c-f0ab-42da-b88f-ff2f3e6aa886-PendingRequests: sendNotLeaderResponses
2019-09-12 10:10:13,590 [ForkJoinPool.commonPool-worker-0] INFO  impl.PendingRequests (PendingRequests.java:sendNotLeaderResponses(202)) - 004fc30c-f0ab-42da-b88f-ff2f3e6aa886-PendingRequests: sendNotLeaderResponses
2019-09-12 10:10:13,591 [main] INFO  impl.StateMachineUpdater (StateMachineUpdater.java:stopAndJoin(115)) - StateMachineUpdater:004fc30c-f0ab-42da-b88f-ff2f3e6aa886:group-523C28B83363: set stopIndex = 0
2019-09-12 10:10:13,591 [ForkJoinPool.commonPool-worker-0] INFO  impl.StateMachineUpdater (StateMachineUpdater.java:stopAndJoin(115)) - StateMachineUpdater:004fc30c-f0ab-42da-b88f-ff2f3e6aa886:group-40143D286EA8: set stopIndex = 0
2019-09-12 10:10:13,591 [main] INFO  impl.RaftServerImpl (ServerState.java:close(394)) - 004fc30c-f0ab-42da-b88f-ff2f3e6aa886:group-523C28B83363 closes. The last applied log index is 0
2019-09-12 10:10:13,591 [ForkJoinPool.commonPool-worker-0] INFO  impl.RaftServerImpl (ServerState.java:close(394)) - 004fc30c-f0ab-42da-b88f-ff2f3e6aa886:group-40143D286EA8 closes. The last applied log index is 0
2019-09-12 10:10:13,592 [004fc30c-f0ab-42da-b88f-ff2f3e6aa886-SegmentedRaftLogWorker:Storage Directory /workdir/hadoop-ozone/integration-test/target/test-dir/MiniOzoneClusterImpl-afece541-ebdb-408e-b3cb-0c4dcae62716/datanode-2/data/ratis/eb2cbed7-9743-4ee9-a716-523c28b83363] INFO  segmented.SegmentedRaftLogWorker (SegmentedRaftLogWorker.java:run(313)) - 004fc30c-f0ab-42da-b88f-ff2f3e6aa886-SegmentedRaftLogWorker:Storage Directory /workdir/hadoop-ozone/integration-test/target/test-dir/MiniOzoneClusterImpl-afece541-ebdb-408e-b3cb-0c4dcae62716/datanode-2/data/ratis/eb2cbed7-9743-4ee9-a716-523c28b83363 was interrupted, exiting. There are 0 tasks remaining in the queue.
2019-09-12 10:10:13,592 [004fc30c-f0ab-42da-b88f-ff2f3e6aa886-SegmentedRaftLogWorker:Storage Directory /workdir/hadoop-ozone/integration-test/target/test-dir/MiniOzoneClusterImpl-afece541-ebdb-408e-b3cb-0c4dcae62716/datanode-2/data/ratis/b6e6cd1a-8aac-4dc4-bce8-40143d286ea8] INFO  segmented.SegmentedRaftLogWorker (SegmentedRaftLogWorker.java:run(313)) - 004fc30c-f0ab-42da-b88f-ff2f3e6aa886-SegmentedRaftLogWorker:Storage Directory /workdir/hadoop-ozone/integration-test/target/test-dir/MiniOzoneClusterImpl-afece541-ebdb-408e-b3cb-0c4dcae62716/datanode-2/data/ratis/b6e6cd1a-8aac-4dc4-bce8-40143d286ea8 was interrupted, exiting. There are 0 tasks remaining in the queue.
2019-09-12 10:10:13,593 [ForkJoinPool.commonPool-worker-0] INFO  segmented.SegmentedRaftLogWorker (SegmentedRaftLogWorker.java:close(228)) - 004fc30c-f0ab-42da-b88f-ff2f3e6aa886-SegmentedRaftLogWorker:Storage Directory /workdir/hadoop-ozone/integration-test/target/test-dir/MiniOzoneClusterImpl-afece541-ebdb-408e-b3cb-0c4dcae62716/datanode-2/data/ratis/b6e6cd1a-8aac-4dc4-bce8-40143d286ea8 close()
2019-09-12 10:10:13,593 [main] INFO  segmented.SegmentedRaftLogWorker (SegmentedRaftLogWorker.java:close(228)) - 004fc30c-f0ab-42da-b88f-ff2f3e6aa886-SegmentedRaftLogWorker:Storage Directory /workdir/hadoop-ozone/integration-test/target/test-dir/MiniOzoneClusterImpl-afece541-ebdb-408e-b3cb-0c4dcae62716/datanode-2/data/ratis/eb2cbed7-9743-4ee9-a716-523c28b83363 close()
2019-09-12 10:10:13,594 [ForkJoinPool.commonPool-worker-0] INFO  impl.RaftServerImpl (RaftServerImpl.java:lambda$shutdown$3(245)) - 004fc30c-f0ab-42da-b88f-ff2f3e6aa886: shutdown group-E6CB9E453505
2019-09-12 10:10:13,597 [main] INFO  impl.RaftServerImpl (RaftServerImpl.java:lambda$shutdown$3(245)) - 004fc30c-f0ab-42da-b88f-ff2f3e6aa886: shutdown group-894CA12844C0
2019-09-12 10:10:13,597 [ForkJoinPool.commonPool-worker-0] INFO  util.JmxRegister (JmxRegister.java:unregister(73)) - Successfully un-registered JMX Bean with object name Ratis:service=RaftServer,group=group-E6CB9E453505,id=004fc30c-f0ab-42da-b88f-ff2f3e6aa886
2019-09-12 10:10:13,597 [main] INFO  util.JmxRegister (JmxRegister.java:unregister(73)) - Successfully un-registered JMX Bean with object name Ratis:service=RaftServer,group=group-894CA12844C0,id=004fc30c-f0ab-42da-b88f-ff2f3e6aa886
2019-09-12 10:10:13,597 [ForkJoinPool.commonPool-worker-0] INFO  impl.RoleInfo (RoleInfo.java:shutdownLeaderState(104)) - 004fc30c-f0ab-42da-b88f-ff2f3e6aa886: shutdown LeaderState
2019-09-12 10:10:13,598 [main] INFO  impl.RoleInfo (RoleInfo.java:shutdownLeaderState(104)) - 004fc30c-f0ab-42da-b88f-ff2f3e6aa886: shutdown LeaderState
2019-09-12 10:10:13,598 [ForkJoinPool.commonPool-worker-0] INFO  impl.PendingRequests (PendingRequests.java:sendNotLeaderResponses(202)) - 004fc30c-f0ab-42da-b88f-ff2f3e6aa886-PendingRequests: sendNotLeaderResponses
2019-09-12 10:10:13,598 [main] INFO  impl.PendingRequests (PendingRequests.java:sendNotLeaderResponses(202)) - 004fc30c-f0ab-42da-b88f-ff2f3e6aa886-PendingRequests: sendNotLeaderResponses
2019-09-12 10:10:13,598 [ForkJoinPool.commonPool-worker-0] INFO  impl.StateMachineUpdater (StateMachineUpdater.java:stopAndJoin(115)) - StateMachineUpdater:004fc30c-f0ab-42da-b88f-ff2f3e6aa886:group-E6CB9E453505: set stopIndex = 0
2019-09-12 10:10:13,599 [main] INFO  impl.StateMachineUpdater (StateMachineUpdater.java:stopAndJoin(115)) - StateMachineUpdater:004fc30c-f0ab-42da-b88f-ff2f3e6aa886:group-894CA12844C0: set stopIndex = 0
2019-09-12 10:10:13,599 [ForkJoinPool.commonPool-worker-0] INFO  impl.RaftServerImpl (ServerState.java:close(394)) - 004fc30c-f0ab-42da-b88f-ff2f3e6aa886:group-E6CB9E453505 closes. The last applied log index is 0
2019-09-12 10:10:13,599 [main] INFO  impl.RaftServerImpl (ServerState.java:close(394)) - 004fc30c-f0ab-42da-b88f-ff2f3e6aa886:group-894CA12844C0 closes. The last applied log index is 0
2019-09-12 10:10:13,599 [004fc30c-f0ab-42da-b88f-ff2f3e6aa886-SegmentedRaftLogWorker:Storage Directory /workdir/hadoop-ozone/integration-test/target/test-dir/MiniOzoneClusterImpl-afece541-ebdb-408e-b3cb-0c4dcae62716/datanode-2/data/ratis/b5e1d38e-4cbf-4e51-8532-e6cb9e453505] INFO  segmented.SegmentedRaftLogWorker (SegmentedRaftLogWorker.java:run(313)) - 004fc30c-f0ab-42da-b88f-ff2f3e6aa886-SegmentedRaftLogWorker:Storage Directory /workdir/hadoop-ozone/integration-test/target/test-dir/MiniOzoneClusterImpl-afece541-ebdb-408e-b3cb-0c4dcae62716/datanode-2/data/ratis/b5e1d38e-4cbf-4e51-8532-e6cb9e453505 was interrupted, exiting. There are 0 tasks remaining in the queue.
2019-09-12 10:10:13,600 [004fc30c-f0ab-42da-b88f-ff2f3e6aa886-SegmentedRaftLogWorker:Storage Directory /workdir/hadoop-ozone/integration-test/target/test-dir/MiniOzoneClusterImpl-afece541-ebdb-408e-b3cb-0c4dcae62716/datanode-2/data/ratis/f8ab111e-e465-4c96-a831-894ca12844c0] INFO  segmented.SegmentedRaftLogWorker (SegmentedRaftLogWorker.java:run(313)) - 004fc30c-f0ab-42da-b88f-ff2f3e6aa886-SegmentedRaftLogWorker:Storage Directory /workdir/hadoop-ozone/integration-test/target/test-dir/MiniOzoneClusterImpl-afece541-ebdb-408e-b3cb-0c4dcae62716/datanode-2/data/ratis/f8ab111e-e465-4c96-a831-894ca12844c0 was interrupted, exiting. There are 0 tasks remaining in the queue.
2019-09-12 10:10:13,604 [main] INFO  segmented.SegmentedRaftLogWorker (SegmentedRaftLogWorker.java:close(228)) - 004fc30c-f0ab-42da-b88f-ff2f3e6aa886-SegmentedRaftLogWorker:Storage Directory /workdir/hadoop-ozone/integration-test/target/test-dir/MiniOzoneClusterImpl-afece541-ebdb-408e-b3cb-0c4dcae62716/datanode-2/data/ratis/f8ab111e-e465-4c96-a831-894ca12844c0 close()
2019-09-12 10:10:13,604 [ForkJoinPool.commonPool-worker-0] INFO  segmented.SegmentedRaftLogWorker (SegmentedRaftLogWorker.java:close(228)) - 004fc30c-f0ab-42da-b88f-ff2f3e6aa886-SegmentedRaftLogWorker:Storage Directory /workdir/hadoop-ozone/integration-test/target/test-dir/MiniOzoneClusterImpl-afece541-ebdb-408e-b3cb-0c4dcae62716/datanode-2/data/ratis/b5e1d38e-4cbf-4e51-8532-e6cb9e453505 close()
2019-09-12 10:10:13,605 [main] INFO  impl.RaftServerImpl (RaftServerImpl.java:lambda$shutdown$3(245)) - 004fc30c-f0ab-42da-b88f-ff2f3e6aa886: shutdown group-D26855C2BD5D
2019-09-12 10:10:13,605 [ForkJoinPool.commonPool-worker-0] INFO  impl.RaftServerImpl (RaftServerImpl.java:lambda$shutdown$3(245)) - 004fc30c-f0ab-42da-b88f-ff2f3e6aa886: shutdown group-90B67F2F289E
2019-09-12 10:10:13,605 [main] INFO  util.JmxRegister (JmxRegister.java:unregister(73)) - Successfully un-registered JMX Bean with object name Ratis:service=RaftServer,group=group-D26855C2BD5D,id=004fc30c-f0ab-42da-b88f-ff2f3e6aa886
2019-09-12 10:10:13,606 [ForkJoinPool.commonPool-worker-0] INFO  util.JmxRegister (JmxRegister.java:unregister(73)) - Successfully un-registered JMX Bean with object name Ratis:service=RaftServer,group=group-90B67F2F289E,id=004fc30c-f0ab-42da-b88f-ff2f3e6aa886
2019-09-12 10:10:13,606 [main] INFO  impl.RoleInfo (RoleInfo.java:shutdownLeaderState(104)) - 004fc30c-f0ab-42da-b88f-ff2f3e6aa886: shutdown LeaderState
2019-09-12 10:10:13,606 [ForkJoinPool.commonPool-worker-0] INFO  impl.RoleInfo (RoleInfo.java:shutdownLeaderState(104)) - 004fc30c-f0ab-42da-b88f-ff2f3e6aa886: shutdown LeaderState
2019-09-12 10:10:13,606 [main] INFO  impl.PendingRequests (PendingRequests.java:sendNotLeaderResponses(202)) - 004fc30c-f0ab-42da-b88f-ff2f3e6aa886-PendingRequests: sendNotLeaderResponses
2019-09-12 10:10:13,606 [ForkJoinPool.commonPool-worker-0] INFO  impl.PendingRequests (PendingRequests.java:sendNotLeaderResponses(202)) - 004fc30c-f0ab-42da-b88f-ff2f3e6aa886-PendingRequests: sendNotLeaderResponses
2019-09-12 10:10:13,607 [main] INFO  impl.StateMachineUpdater (StateMachineUpdater.java:stopAndJoin(115)) - StateMachineUpdater:004fc30c-f0ab-42da-b88f-ff2f3e6aa886:group-D26855C2BD5D: set stopIndex = 0
2019-09-12 10:10:13,607 [ForkJoinPool.commonPool-worker-0] INFO  impl.StateMachineUpdater (StateMachineUpdater.java:stopAndJoin(115)) - StateMachineUpdater:004fc30c-f0ab-42da-b88f-ff2f3e6aa886:group-90B67F2F289E: set stopIndex = 0
2019-09-12 10:10:13,607 [main] INFO  impl.RaftServerImpl (ServerState.java:close(394)) - 004fc30c-f0ab-42da-b88f-ff2f3e6aa886:group-D26855C2BD5D closes. The last applied log index is 0
2019-09-12 10:10:13,607 [ForkJoinPool.commonPool-worker-0] INFO  impl.RaftServerImpl (ServerState.java:close(394)) - 004fc30c-f0ab-42da-b88f-ff2f3e6aa886:group-90B67F2F289E closes. The last applied log index is 0
2019-09-12 10:10:13,608 [004fc30c-f0ab-42da-b88f-ff2f3e6aa886-SegmentedRaftLogWorker:Storage Directory /workdir/hadoop-ozone/integration-test/target/test-dir/MiniOzoneClusterImpl-afece541-ebdb-408e-b3cb-0c4dcae62716/datanode-2/data/ratis/e2cd0d34-81ea-44c1-8939-d26855c2bd5d] INFO  segmented.SegmentedRaftLogWorker (SegmentedRaftLogWorker.java:run(313)) - 004fc30c-f0ab-42da-b88f-ff2f3e6aa886-SegmentedRaftLogWorker:Storage Directory /workdir/hadoop-ozone/integration-test/target/test-dir/MiniOzoneClusterImpl-afece541-ebdb-408e-b3cb-0c4dcae62716/datanode-2/data/ratis/e2cd0d34-81ea-44c1-8939-d26855c2bd5d was interrupted, exiting. There are 0 tasks remaining in the queue.
2019-09-12 10:10:13,608 [004fc30c-f0ab-42da-b88f-ff2f3e6aa886-SegmentedRaftLogWorker:Storage Directory /workdir/hadoop-ozone/integration-test/target/test-dir/MiniOzoneClusterImpl-afece541-ebdb-408e-b3cb-0c4dcae62716/datanode-2/data/ratis/2a7c02e5-41fb-416b-97c5-90b67f2f289e] INFO  segmented.SegmentedRaftLogWorker (SegmentedRaftLogWorker.java:run(313)) - 004fc30c-f0ab-42da-b88f-ff2f3e6aa886-SegmentedRaftLogWorker:Storage Directory /workdir/hadoop-ozone/integration-test/target/test-dir/MiniOzoneClusterImpl-afece541-ebdb-408e-b3cb-0c4dcae62716/datanode-2/data/ratis/2a7c02e5-41fb-416b-97c5-90b67f2f289e was interrupted, exiting. There are 0 tasks remaining in the queue.
2019-09-12 10:10:13,608 [main] INFO  segmented.SegmentedRaftLogWorker (SegmentedRaftLogWorker.java:close(228)) - 004fc30c-f0ab-42da-b88f-ff2f3e6aa886-SegmentedRaftLogWorker:Storage Directory /workdir/hadoop-ozone/integration-test/target/test-dir/MiniOzoneClusterImpl-afece541-ebdb-408e-b3cb-0c4dcae62716/datanode-2/data/ratis/e2cd0d34-81ea-44c1-8939-d26855c2bd5d close()
2019-09-12 10:10:13,608 [ForkJoinPool.commonPool-worker-0] INFO  segmented.SegmentedRaftLogWorker (SegmentedRaftLogWorker.java:close(228)) - 004fc30c-f0ab-42da-b88f-ff2f3e6aa886-SegmentedRaftLogWorker:Storage Directory /workdir/hadoop-ozone/integration-test/target/test-dir/MiniOzoneClusterImpl-afece541-ebdb-408e-b3cb-0c4dcae62716/datanode-2/data/ratis/2a7c02e5-41fb-416b-97c5-90b67f2f289e close()
2019-09-12 10:10:13,609 [main] INFO  server.GrpcService (GrpcService.java:closeImpl(155)) - 004fc30c-f0ab-42da-b88f-ff2f3e6aa886: shutdown server with port 44994 now
2019-09-12 10:10:13,610 [main] INFO  server.GrpcService (GrpcService.java:closeImpl(163)) - 004fc30c-f0ab-42da-b88f-ff2f3e6aa886: shutdown server with port 44994 successfully
2019-09-12 10:10:13,612 [main] INFO  utils.BackgroundService (BackgroundService.java:shutdown(148)) - Shutting down service BlockDeletingService
2019-09-12 10:10:13,614 [refreshUsed-/workdir/hadoop-ozone/integration-test/target/test-dir/MiniOzoneClusterImpl-afece541-ebdb-408e-b3cb-0c4dcae62716/datanode-2/data/containers] WARN  fs.CachingGetSpaceUsed (CachingGetSpaceUsed.java:run(183)) - Thread Interrupted waiting to refresh disk information: sleep interrupted
2019-09-12 10:10:13,628 [main] INFO  statemachine.DatanodeStateMachine (DatanodeStateMachine.java:stopDaemon(395)) - Ozone container server stopped.
2019-09-12 10:10:13,629 [main] INFO  handler.ContextHandler (ContextHandler.java:doStop(910)) - Stopped o.e.j.w.WebAppContext@63eea8c4{/,null,UNAVAILABLE}{/hddsDatanode}
2019-09-12 10:10:13,630 [main] INFO  server.AbstractConnector (AbstractConnector.java:doStop(318)) - Stopped ServerConnector@19924f15{HTTP/1.1,[http/1.1]}{0.0.0.0:0}
2019-09-12 10:10:13,630 [main] INFO  handler.ContextHandler (ContextHandler.java:doStop(910)) - Stopped o.e.j.s.ServletContextHandler@4182a651{/static,jar:file:/home/user/.m2/repository/org/apache/hadoop/hadoop-hdds-container-service/0.5.0-SNAPSHOT/hadoop-hdds-container-service-0.5.0-SNAPSHOT.jar!/webapps/static,UNAVAILABLE}
2019-09-12 10:10:13,631 [main] INFO  handler.ContextHandler (ContextHandler.java:doStop(910)) - Stopped o.e.j.s.ServletContextHandler@684b26b7{/logs,file:///workdir/hadoop-ozone/integration-test/target/log,UNAVAILABLE}
2019-09-12 10:10:13,632 [main] INFO  ozone.MiniOzoneClusterImpl (MiniOzoneClusterImpl.java:stop(353)) - Stopping the StorageContainerManager
2019-09-12 10:10:13,632 [main] INFO  server.StorageContainerManager (StorageContainerManager.java:stop(797)) - Stopping Replication Manager Service.
2019-09-12 10:10:13,632 [main] INFO  container.ReplicationManager (ReplicationManager.java:stop(192)) - Stopping Replication Monitor Thread.
2019-09-12 10:10:13,632 [main] INFO  server.StorageContainerManager (StorageContainerManager.java:stop(804)) - Stopping Lease Manager of the command watchers
2019-09-12 10:10:13,632 [main] INFO  server.StorageContainerManager (StorageContainerManager.java:stop(811)) - Stopping datanode service RPC server
2019-09-12 10:10:13,633 [main] INFO  server.SCMDatanodeProtocolServer (SCMDatanodeProtocolServer.java:stop(367)) - Stopping the RPC server for DataNodes
2019-09-12 10:10:13,633 [main] INFO  ipc.Server (Server.java:stop(3082)) - Stopping server on 38951
2019-09-12 10:10:13,634 [IPC Server listener on 38951] INFO  ipc.Server (Server.java:run(1185)) - Stopping IPC Server listener on 38951
2019-09-12 10:10:13,635 [IPC Server Responder] INFO  ipc.Server (Server.java:run(1319)) - Stopping IPC Server Responder
2019-09-12 10:10:13,685 [SCM Heartbeat Processing Thread - 0] WARN  node.NodeStateManager (NodeStateManager.java:scheduleNextHealthCheck(655)) - Current Thread is interrupted, shutting down HB processing thread for Node Manager.
2019-09-12 10:10:13,685 [main] INFO  server.StorageContainerManager (StorageContainerManager.java:stop(819)) - Stopping block service RPC server
2019-09-12 10:10:13,685 [main] INFO  server.SCMBlockProtocolServer (SCMBlockProtocolServer.java:stop(148)) - Stopping the RPC server for Block Protocol
2019-09-12 10:10:13,685 [main] INFO  ipc.Server (Server.java:stop(3082)) - Stopping server on 42075
2019-09-12 10:10:13,687 [IPC Server listener on 42075] INFO  ipc.Server (Server.java:run(1185)) - Stopping IPC Server listener on 42075
2019-09-12 10:10:13,687 [main] INFO  server.StorageContainerManager (StorageContainerManager.java:stop(826)) - Stopping the StorageContainerLocationProtocol RPC server
2019-09-12 10:10:13,687 [IPC Server Responder] INFO  ipc.Server (Server.java:run(1319)) - Stopping IPC Server Responder
2019-09-12 10:10:13,688 [main] INFO  server.SCMClientProtocolServer (SCMClientProtocolServer.java:stop(159)) - Stopping the RPC server for Client Protocol
2019-09-12 10:10:13,688 [main] INFO  ipc.Server (Server.java:stop(3082)) - Stopping server on 38840
2019-09-12 10:10:13,690 [IPC Server listener on 38840] INFO  ipc.Server (Server.java:run(1185)) - Stopping IPC Server listener on 38840
2019-09-12 10:10:13,690 [main] INFO  server.StorageContainerManager (StorageContainerManager.java:stop(833)) - Stopping Storage Container Manager HTTP server.
2019-09-12 10:10:13,691 [IPC Server Responder] INFO  ipc.Server (Server.java:run(1319)) - Stopping IPC Server Responder
2019-09-12 10:10:13,692 [main] INFO  handler.ContextHandler (ContextHandler.java:doStop(910)) - Stopped o.e.j.w.WebAppContext@4fee14b{/,null,UNAVAILABLE}{/scm}
2019-09-12 10:10:13,693 [main] INFO  server.AbstractConnector (AbstractConnector.java:doStop(318)) - Stopped ServerConnector@11c3d22f{HTTP/1.1,[http/1.1]}{0.0.0.0:0}
2019-09-12 10:10:13,693 [main] INFO  handler.ContextHandler (ContextHandler.java:doStop(910)) - Stopped o.e.j.s.ServletContextHandler@18811c42{/static,file:///workdir/hadoop-ozone/integration-test/target/test-classes/webapps/static,UNAVAILABLE}
2019-09-12 10:10:13,693 [main] INFO  handler.ContextHandler (ContextHandler.java:doStop(910)) - Stopped o.e.j.s.ServletContextHandler@7462ba4b{/logs,file:///workdir/hadoop-ozone/integration-test/target/log,UNAVAILABLE}
2019-09-12 10:10:13,695 [main] INFO  server.StorageContainerManager (StorageContainerManager.java:stop(844)) - Stopping Block Manager Service.
2019-09-12 10:10:13,695 [main] INFO  utils.BackgroundService (BackgroundService.java:shutdown(148)) - Shutting down service SCMBlockDeletingService
2019-09-12 10:10:13,696 [main] INFO  utils.BackgroundService (BackgroundService.java:shutdown(148)) - Shutting down service SCMBlockDeletingService
2019-09-12 10:10:13,696 [main] INFO  server.StorageContainerManager (StorageContainerManager.java:stop(866)) - Stopping SCM Event Queue.
2019-09-12 10:10:13,700 [main] INFO  impl.MetricsSystemImpl (MetricsSystemImpl.java:stop(210)) - Stopping HddsDatanode metrics system...
2019-09-12 10:10:13,712 [main] INFO  impl.MetricsSystemImpl (MetricsSystemImpl.java:stop(216)) - HddsDatanode metrics system stopped.
]]></system-out>
    <system-err><![CDATA[Sep 12, 2019 10:09:57 AM com.sun.jersey.server.impl.application.WebApplicationImpl _initiate
INFO: Initiating Jersey application, version 'Jersey: 1.19 02/11/2015 03:25 AM'
Sep 12, 2019 10:09:57 AM com.sun.jersey.server.impl.application.WebApplicationImpl _initiate
INFO: Initiating Jersey application, version 'Jersey: 1.19 02/11/2015 03:25 AM'
Sep 12, 2019 10:09:57 AM com.sun.jersey.server.impl.application.WebApplicationImpl _initiate
INFO: Initiating Jersey application, version 'Jersey: 1.19 02/11/2015 03:25 AM'
]]></system-err>
  </testcase>
</testsuite>